<?xml version="1.0" encoding="utf-8"?>
<TestRun id="3f15a346-841b-4df5-87cd-84f268687063" name="Dominik@DESKTOP-5URQ9PB 2022-06-13 20:51:12" runUser="DESKTOP-5URQ9PB\Dominik" xmlns="http://microsoft.com/schemas/VisualStudio/TeamTest/2010">
  <Times creation="2022-06-13T20:51:12.0892059+02:00" queuing="2022-06-13T20:51:12.0892060+02:00" start="2022-06-13T20:51:10.1020507+02:00" finish="2022-06-13T20:51:12.2551382+02:00" />
  <TestSettings name="default" id="33827ce6-228f-4514-9046-ee68982131d1">
    <Deployment runDeploymentRoot="Dominik_DESKTOP-5URQ9PB_2022-06-13_20_51_12" />
  </TestSettings>
  <Results>
    <UnitTestResult executionId="b1bedd3c-8f10-4a2d-94d4-719e4e7f82fd" testId="33278ab4-1a95-4ac1-ba67-a123a45b6eba" testName="FormatToStringTest100 (1300.9430775404642,1300.94 zł)" computerName="DESKTOP-5URQ9PB" duration="00:00:00.0366492" startTime="2022-06-13T20:51:11.9127834+02:00" endTime="2022-06-13T20:51:11.9660107+02:00" testType="13cdc9d9-ddb5-4fa4-a97d-d965ccfc6d4b" outcome="Passed" testListId="8c84fa94-04c1-424b-9868-57a2d4851a1d" relativeResultsDirectory="b1bedd3c-8f10-4a2d-94d4-719e4e7f82fd" />
    <UnitTestResult executionId="68a3b887-4f78-47e8-bafa-5e22f5dc9768" testId="f9edb8d2-8a9b-43af-a6a6-5f8124c20fb6" testName="FormatToStringTest100 (918.1842976688334,918.18 zł)" computerName="DESKTOP-5URQ9PB" duration="00:00:00.0000061" startTime="2022-06-13T20:51:12.0333702+02:00" endTime="2022-06-13T20:51:12.0334371+02:00" testType="13cdc9d9-ddb5-4fa4-a97d-d965ccfc6d4b" outcome="Passed" testListId="8c84fa94-04c1-424b-9868-57a2d4851a1d" relativeResultsDirectory="68a3b887-4f78-47e8-bafa-5e22f5dc9768" />
    <UnitTestResult executionId="a4f05481-55cc-4b8f-a6ba-b37534c63174" testId="1ed5dad5-d063-4e87-86fe-88e1cf39eef7" testName="FormatToStringTest100 (22291.653251342315,22291.65 zł)" computerName="DESKTOP-5URQ9PB" duration="00:00:00.0000123" startTime="2022-06-13T20:51:12.0204128+02:00" endTime="2022-06-13T20:51:12.0205929+02:00" testType="13cdc9d9-ddb5-4fa4-a97d-d965ccfc6d4b" outcome="Passed" testListId="8c84fa94-04c1-424b-9868-57a2d4851a1d" relativeResultsDirectory="a4f05481-55cc-4b8f-a6ba-b37534c63174" />
    <UnitTestResult executionId="23eab541-9aab-4355-9b7c-51638899777e" testId="849fc889-bdc1-430e-86f3-c63177e3e700" testName="FormatToStringTest100 (6809.40195803037,6809.40 zł)" computerName="DESKTOP-5URQ9PB" duration="00:00:00.0000209" startTime="2022-06-13T20:51:11.9728397+02:00" endTime="2022-06-13T20:51:11.9730974+02:00" testType="13cdc9d9-ddb5-4fa4-a97d-d965ccfc6d4b" outcome="Passed" testListId="8c84fa94-04c1-424b-9868-57a2d4851a1d" relativeResultsDirectory="23eab541-9aab-4355-9b7c-51638899777e" />
    <UnitTestResult executionId="ebb225f0-d565-4739-924f-163105c2fbfe" testId="d1648618-3dea-431a-abd8-a376c0ddc417" testName="FormatToStringTest100 (25990.318498101697,25990.32 zł)" computerName="DESKTOP-5URQ9PB" duration="00:00:00.0000062" startTime="2022-06-13T20:51:12.0331149+02:00" endTime="2022-06-13T20:51:12.0331821+02:00" testType="13cdc9d9-ddb5-4fa4-a97d-d965ccfc6d4b" outcome="Passed" testListId="8c84fa94-04c1-424b-9868-57a2d4851a1d" relativeResultsDirectory="ebb225f0-d565-4739-924f-163105c2fbfe" />
    <UnitTestResult executionId="9201574d-0d86-4f2d-9d9b-2b3081c7b84d" testId="ea26ea08-2261-426a-8462-7d4afb48df9c" testName="FormatToStringTest100 (79.6815319544084,79.68 zł)" computerName="DESKTOP-5URQ9PB" duration="00:00:00.0000179" startTime="2022-06-13T20:51:12.0143436+02:00" endTime="2022-06-13T20:51:12.0145201+02:00" testType="13cdc9d9-ddb5-4fa4-a97d-d965ccfc6d4b" outcome="Passed" testListId="8c84fa94-04c1-424b-9868-57a2d4851a1d" relativeResultsDirectory="9201574d-0d86-4f2d-9d9b-2b3081c7b84d" />
    <UnitTestResult executionId="8116569a-bb03-42e7-aab8-75a26931f931" testId="ea70682b-682c-47c6-9f9b-e18aa464d47c" testName="FormatToStringTest100 (52020.805412759444,52020.81 zł)" computerName="DESKTOP-5URQ9PB" duration="00:00:00.0000063" startTime="2022-06-13T20:51:12.0367778+02:00" endTime="2022-06-13T20:51:12.0368513+02:00" testType="13cdc9d9-ddb5-4fa4-a97d-d965ccfc6d4b" outcome="Passed" testListId="8c84fa94-04c1-424b-9868-57a2d4851a1d" relativeResultsDirectory="8116569a-bb03-42e7-aab8-75a26931f931" />
    <UnitTestResult executionId="1a31e13d-c518-4dd4-a6fa-63c471919e93" testId="5139fdc8-63ee-4ba4-b192-e383abfa19ba" testName="FormatToStringTest100 (79973.08417819678,79973.08 zł)" computerName="DESKTOP-5URQ9PB" duration="00:00:00.0000063" startTime="2022-06-13T20:51:11.9735000+02:00" endTime="2022-06-13T20:51:11.9735682+02:00" testType="13cdc9d9-ddb5-4fa4-a97d-d965ccfc6d4b" outcome="Passed" testListId="8c84fa94-04c1-424b-9868-57a2d4851a1d" relativeResultsDirectory="1a31e13d-c518-4dd4-a6fa-63c471919e93" />
    <UnitTestResult executionId="0fb0a290-fbd8-44d2-9102-12ac8bfad4b6" testId="eead6b25-5942-4d68-a1c1-73a2b8c73b31" testName="FormatToStringTest100 (78822.37212685234,78822.37 zł)" computerName="DESKTOP-5URQ9PB" duration="00:00:00.0000063" startTime="2022-06-13T20:51:12.0334550+02:00" endTime="2022-06-13T20:51:12.0335220+02:00" testType="13cdc9d9-ddb5-4fa4-a97d-d965ccfc6d4b" outcome="Passed" testListId="8c84fa94-04c1-424b-9868-57a2d4851a1d" relativeResultsDirectory="0fb0a290-fbd8-44d2-9102-12ac8bfad4b6" />
    <UnitTestResult executionId="4473b133-2f55-4d13-9ab6-37ed912754ca" testId="ea8c9900-6bb5-4787-9ec3-ecb8ce4180ca" testName="FormatToStringTest100 (96.75594581512546,96.76 zł)" computerName="DESKTOP-5URQ9PB" duration="00:00:00.0000062" startTime="2022-06-13T20:51:12.0330298+02:00" endTime="2022-06-13T20:51:12.0330971+02:00" testType="13cdc9d9-ddb5-4fa4-a97d-d965ccfc6d4b" outcome="Passed" testListId="8c84fa94-04c1-424b-9868-57a2d4851a1d" relativeResultsDirectory="4473b133-2f55-4d13-9ab6-37ed912754ca" />
    <UnitTestResult executionId="4b946649-efb2-4430-bc52-830a6e97f6f2" testId="1c668902-080f-4fc8-be53-a83e37d7598e" testName="FormatToStringTest100 (50991.22189691114,50991.22 zł)" computerName="DESKTOP-5URQ9PB" duration="00:00:00.0000064" startTime="2022-06-13T20:51:12.0399166+02:00" endTime="2022-06-13T20:51:12.0399905+02:00" testType="13cdc9d9-ddb5-4fa4-a97d-d965ccfc6d4b" outcome="Passed" testListId="8c84fa94-04c1-424b-9868-57a2d4851a1d" relativeResultsDirectory="4b946649-efb2-4430-bc52-830a6e97f6f2" />
    <UnitTestResult executionId="6b692b1c-261a-4fce-bc23-68935fca2771" testId="69f715e4-d76d-4cc9-8201-2782f6dab271" testName="FormatToStringTest100 (591.2110872302256,591.21 zł)" computerName="DESKTOP-5URQ9PB" duration="00:00:00.0000062" startTime="2022-06-13T20:51:12.0272664+02:00" endTime="2022-06-13T20:51:12.0273333+02:00" testType="13cdc9d9-ddb5-4fa4-a97d-d965ccfc6d4b" outcome="Passed" testListId="8c84fa94-04c1-424b-9868-57a2d4851a1d" relativeResultsDirectory="6b692b1c-261a-4fce-bc23-68935fca2771" />
    <UnitTestResult executionId="15e39dfb-e202-4ca4-8f85-550858a82690" testId="1bc33676-809d-46dc-ae33-d6fd4123647d" testName="FormatToStringTest100 (7594.279030504766,7594.28 zł)" computerName="DESKTOP-5URQ9PB" duration="00:00:00.0000068" startTime="2022-06-13T20:51:12.0270953+02:00" endTime="2022-06-13T20:51:12.0271640+02:00" testType="13cdc9d9-ddb5-4fa4-a97d-d965ccfc6d4b" outcome="Passed" testListId="8c84fa94-04c1-424b-9868-57a2d4851a1d" relativeResultsDirectory="15e39dfb-e202-4ca4-8f85-550858a82690" />
    <UnitTestResult executionId="346223f0-5dff-43e4-be34-ecc9c310c45f" testId="24d053b6-9e22-43d5-8674-87e8ae0ed2e4" testName="FormatToStringTest100 (34096.337879508894,34096.34 zł)" computerName="DESKTOP-5URQ9PB" duration="00:00:00.0000062" startTime="2022-06-13T20:51:12.0304038+02:00" endTime="2022-06-13T20:51:12.0304717+02:00" testType="13cdc9d9-ddb5-4fa4-a97d-d965ccfc6d4b" outcome="Passed" testListId="8c84fa94-04c1-424b-9868-57a2d4851a1d" relativeResultsDirectory="346223f0-5dff-43e4-be34-ecc9c310c45f" />
    <UnitTestResult executionId="7bd91568-8b4a-4954-a7a4-eddc0e208d74" testId="fb1dc1d2-7676-4e32-967b-2c8ebee54d19" testName="FormatToStringTest100 (80609.94377465078,80609.94 zł)" computerName="DESKTOP-5URQ9PB" duration="00:00:00.0000065" startTime="2022-06-13T20:51:12.0208990+02:00" endTime="2022-06-13T20:51:12.0209742+02:00" testType="13cdc9d9-ddb5-4fa4-a97d-d965ccfc6d4b" outcome="Passed" testListId="8c84fa94-04c1-424b-9868-57a2d4851a1d" relativeResultsDirectory="7bd91568-8b4a-4954-a7a4-eddc0e208d74" />
    <UnitTestResult executionId="4ebb7c2d-911c-45a1-ba88-816f608bc486" testId="6828418c-feff-4781-9169-81b5ef11ae6c" testName="FormatToStringTest100 (8768.816937361293,8768.82 zł)" computerName="DESKTOP-5URQ9PB" duration="00:00:00.0000061" startTime="2022-06-13T20:51:12.0274355+02:00" endTime="2022-06-13T20:51:12.0275027+02:00" testType="13cdc9d9-ddb5-4fa4-a97d-d965ccfc6d4b" outcome="Passed" testListId="8c84fa94-04c1-424b-9868-57a2d4851a1d" relativeResultsDirectory="4ebb7c2d-911c-45a1-ba88-816f608bc486" />
    <UnitTestResult executionId="642cfdda-26c5-4e03-a111-d04ff2ee300f" testId="38506408-c37e-4167-8c63-ba0c66460fb3" testName="FormatToStringTest100 (32218.080508120394,32218.08 zł)" computerName="DESKTOP-5URQ9PB" duration="00:00:00.0000066" startTime="2022-06-13T20:51:12.0468812+02:00" endTime="2022-06-13T20:51:12.0469611+02:00" testType="13cdc9d9-ddb5-4fa4-a97d-d965ccfc6d4b" outcome="Passed" testListId="8c84fa94-04c1-424b-9868-57a2d4851a1d" relativeResultsDirectory="642cfdda-26c5-4e03-a111-d04ff2ee300f" />
    <UnitTestResult executionId="7c06dad7-9502-42bd-9bdb-b7875d5cc6dd" testId="101cc858-7c07-4430-bc0a-b336c7142bc6" testName="FormatToStringTest100 (1208.1827589441941,1208.18 zł)" computerName="DESKTOP-5URQ9PB" duration="00:00:00.0000070" startTime="2022-06-13T20:51:12.0328408+02:00" endTime="2022-06-13T20:51:12.0329245+02:00" testType="13cdc9d9-ddb5-4fa4-a97d-d965ccfc6d4b" outcome="Passed" testListId="8c84fa94-04c1-424b-9868-57a2d4851a1d" relativeResultsDirectory="7c06dad7-9502-42bd-9bdb-b7875d5cc6dd" />
    <UnitTestResult executionId="c602c080-2021-4741-9edb-122a9baa1cda" testId="12fe1796-9287-47f0-ba21-bb932b2265f6" testName="FormatToStringTest100 (15639.704937780603,15639.70 zł)" computerName="DESKTOP-5URQ9PB" duration="00:00:00.0000065" startTime="2022-06-13T20:51:12.0298776+02:00" endTime="2022-06-13T20:51:12.0299600+02:00" testType="13cdc9d9-ddb5-4fa4-a97d-d965ccfc6d4b" outcome="Passed" testListId="8c84fa94-04c1-424b-9868-57a2d4851a1d" relativeResultsDirectory="c602c080-2021-4741-9edb-122a9baa1cda" />
    <UnitTestResult executionId="56e6173d-da6b-422e-a415-b7f05cd5ac80" testId="5e33c7ed-6a58-444b-bf65-53b1bf27743e" testName="FormatToStringTest100 (45603.90324273142,45603.90 zł)" computerName="DESKTOP-5URQ9PB" duration="00:00:00.0000063" startTime="2022-06-13T20:51:12.0150458+02:00" endTime="2022-06-13T20:51:12.0151133+02:00" testType="13cdc9d9-ddb5-4fa4-a97d-d965ccfc6d4b" outcome="Passed" testListId="8c84fa94-04c1-424b-9868-57a2d4851a1d" relativeResultsDirectory="56e6173d-da6b-422e-a415-b7f05cd5ac80" />
    <UnitTestResult executionId="3821a4f2-6174-4325-8a6d-e185fd6ed362" testId="8fa81d26-9f1a-4a46-a684-46fbc6eb2e6e" testName="FormatToStringTest100 (10784.438152511344,10784.44 zł)" computerName="DESKTOP-5URQ9PB" duration="00:00:00.0000162" startTime="2022-06-13T20:51:12.0512106+02:00" endTime="2022-06-13T20:51:12.0514359+02:00" testType="13cdc9d9-ddb5-4fa4-a97d-d965ccfc6d4b" outcome="Passed" testListId="8c84fa94-04c1-424b-9868-57a2d4851a1d" relativeResultsDirectory="3821a4f2-6174-4325-8a6d-e185fd6ed362" />
    <UnitTestResult executionId="142627fd-cec4-44ba-ba71-ef8c2caeb7d6" testId="61591f23-e40b-4c64-9614-7c8584134070" testName="FormatToStringTest100 (1614.2516601789982,1614.25 zł)" computerName="DESKTOP-5URQ9PB" duration="00:00:00.0000062" startTime="2022-06-13T20:51:12.0273515+02:00" endTime="2022-06-13T20:51:12.0274179+02:00" testType="13cdc9d9-ddb5-4fa4-a97d-d965ccfc6d4b" outcome="Passed" testListId="8c84fa94-04c1-424b-9868-57a2d4851a1d" relativeResultsDirectory="142627fd-cec4-44ba-ba71-ef8c2caeb7d6" />
    <UnitTestResult executionId="1f24a796-5bc0-4d1b-a309-3297b361654c" testId="f490acab-28ee-4349-b03e-ace31043725d" testName="FormatToStringTest100 (62975.496334776515,62975.50 zł)" computerName="DESKTOP-5URQ9PB" duration="00:00:00.0000064" startTime="2022-06-13T20:51:12.0435051+02:00" endTime="2022-06-13T20:51:12.0435787+02:00" testType="13cdc9d9-ddb5-4fa4-a97d-d965ccfc6d4b" outcome="Passed" testListId="8c84fa94-04c1-424b-9868-57a2d4851a1d" relativeResultsDirectory="1f24a796-5bc0-4d1b-a309-3297b361654c" />
    <UnitTestResult executionId="327ae07d-c600-4a63-8a25-d5648f378a4c" testId="88d9f70c-d21e-483e-a902-4ec27915b4f3" testName="FormatToStringTest100 (1108.7197928823157,1108.72 zł)" computerName="DESKTOP-5URQ9PB" duration="00:00:00.0000060" startTime="2022-06-13T20:51:12.0271819+02:00" endTime="2022-06-13T20:51:12.0272488+02:00" testType="13cdc9d9-ddb5-4fa4-a97d-d965ccfc6d4b" outcome="Passed" testListId="8c84fa94-04c1-424b-9868-57a2d4851a1d" relativeResultsDirectory="327ae07d-c600-4a63-8a25-d5648f378a4c" />
    <UnitTestResult executionId="e692d504-6dc9-40a3-bdc5-6464762bbd1a" testId="795c8e0d-3d70-4a8f-aa79-a979e6e95f9c" testName="FormatToStringTest100 (63507.32603545455,63507.33 zł)" computerName="DESKTOP-5URQ9PB" duration="00:00:00.0000062" startTime="2022-06-13T20:51:12.0402884+02:00" endTime="2022-06-13T20:51:12.0403614+02:00" testType="13cdc9d9-ddb5-4fa4-a97d-d965ccfc6d4b" outcome="Passed" testListId="8c84fa94-04c1-424b-9868-57a2d4851a1d" relativeResultsDirectory="e692d504-6dc9-40a3-bdc5-6464762bbd1a" />
    <UnitTestResult executionId="23bd5525-32ab-4457-a0ed-3046617144eb" testId="b8fa4be8-1b25-4405-9126-deea75dd965f" testName="FormatToStringTest100 (6958.393354767186,6958.39 zł)" computerName="DESKTOP-5URQ9PB" duration="00:00:00.0000061" startTime="2022-06-13T20:51:11.9736722+02:00" endTime="2022-06-13T20:51:11.9737394+02:00" testType="13cdc9d9-ddb5-4fa4-a97d-d965ccfc6d4b" outcome="Passed" testListId="8c84fa94-04c1-424b-9868-57a2d4851a1d" relativeResultsDirectory="23bd5525-32ab-4457-a0ed-3046617144eb" />
    <UnitTestResult executionId="6208e4eb-7d2d-41fb-bc4a-36ab009f6177" testId="6c126e1f-7ffa-4755-836c-ffb29642e879" testName="FormatToStringTest100 (8499.121443388574,8499.12 zł)" computerName="DESKTOP-5URQ9PB" duration="00:00:00.0000061" startTime="2022-06-13T20:51:12.0304893+02:00" endTime="2022-06-13T20:51:12.0305556+02:00" testType="13cdc9d9-ddb5-4fa4-a97d-d965ccfc6d4b" outcome="Passed" testListId="8c84fa94-04c1-424b-9868-57a2d4851a1d" relativeResultsDirectory="6208e4eb-7d2d-41fb-bc4a-36ab009f6177" />
    <UnitTestResult executionId="d0fa60d4-a68d-46c8-bd1b-e26fa406ef9e" testId="2256a40a-05ef-45d0-87f2-44477eadf55e" testName="FormatToStringTest100 (35784.54232617307,35784.54 zł)" computerName="DESKTOP-5URQ9PB" duration="00:00:00.0000063" startTime="2022-06-13T20:51:12.0240240+02:00" endTime="2022-06-13T20:51:12.0240909+02:00" testType="13cdc9d9-ddb5-4fa4-a97d-d965ccfc6d4b" outcome="Passed" testListId="8c84fa94-04c1-424b-9868-57a2d4851a1d" relativeResultsDirectory="d0fa60d4-a68d-46c8-bd1b-e26fa406ef9e" />
    <UnitTestResult executionId="78f98ed2-1754-47e7-bdaf-910c512175f6" testId="02a82ede-cbce-47be-862b-bbdc64bed02d" testName="FormatToStringTest100 (70771.4436677524,70771.44 zł)" computerName="DESKTOP-5URQ9PB" duration="00:00:00.0000064" startTime="2022-06-13T20:51:12.0469791+02:00" endTime="2022-06-13T20:51:12.0470542+02:00" testType="13cdc9d9-ddb5-4fa4-a97d-d965ccfc6d4b" outcome="Passed" testListId="8c84fa94-04c1-424b-9868-57a2d4851a1d" relativeResultsDirectory="78f98ed2-1754-47e7-bdaf-910c512175f6" />
    <UnitTestResult executionId="8bc0f986-2c5e-4926-9a9f-abdc513ed05b" testId="b24a5070-ccba-4111-9e44-100ef21421d2" testName="FormatToStringTest100 (5628.028273674672,5628.03 zł)" computerName="DESKTOP-5URQ9PB" duration="00:00:00.0000064" startTime="2022-06-13T20:51:11.9733261+02:00" endTime="2022-06-13T20:51:11.9733953+02:00" testType="13cdc9d9-ddb5-4fa4-a97d-d965ccfc6d4b" outcome="Passed" testListId="8c84fa94-04c1-424b-9868-57a2d4851a1d" relativeResultsDirectory="8bc0f986-2c5e-4926-9a9f-abdc513ed05b" />
    <UnitTestResult executionId="10cfb9f1-c42e-44e9-aa98-5b296087164f" testId="3f8603eb-a45a-44c7-b9b6-a92c52f3605a" testName="FormatToStringTest100 (468.83385119346616,468.83 zł)" computerName="DESKTOP-5URQ9PB" duration="00:00:00.0000072" startTime="2022-06-13T20:51:12.0267330+02:00" endTime="2022-06-13T20:51:12.0268130+02:00" testType="13cdc9d9-ddb5-4fa4-a97d-d965ccfc6d4b" outcome="Passed" testListId="8c84fa94-04c1-424b-9868-57a2d4851a1d" relativeResultsDirectory="10cfb9f1-c42e-44e9-aa98-5b296087164f" />
    <UnitTestResult executionId="f201b931-ecde-43ac-95fb-0989c88864b5" testId="089722c9-945e-4099-930f-31d3274b58b1" testName="FormatToStringTest100 (17252.06220983903,17252.06 zł)" computerName="DESKTOP-5URQ9PB" duration="00:00:00.0000066" startTime="2022-06-13T20:51:12.0368691+02:00" endTime="2022-06-13T20:51:12.0369512+02:00" testType="13cdc9d9-ddb5-4fa4-a97d-d965ccfc6d4b" outcome="Passed" testListId="8c84fa94-04c1-424b-9868-57a2d4851a1d" relativeResultsDirectory="f201b931-ecde-43ac-95fb-0989c88864b5" />
    <UnitTestResult executionId="11dd32f5-7be0-445d-90c0-025828f77bf8" testId="f1449e08-4c0b-421b-8440-127751935cb4" testName="FormatToStringTest100 (28072.424637532058,28072.42 zł)" computerName="DESKTOP-5URQ9PB" duration="00:00:00.0000062" startTime="2022-06-13T20:51:12.0241088+02:00" endTime="2022-06-13T20:51:12.0241761+02:00" testType="13cdc9d9-ddb5-4fa4-a97d-d965ccfc6d4b" outcome="Passed" testListId="8c84fa94-04c1-424b-9868-57a2d4851a1d" relativeResultsDirectory="11dd32f5-7be0-445d-90c0-025828f77bf8" />
    <UnitTestResult executionId="8e6d48f6-ffd0-47a6-9ff0-a24cc9b157a9" testId="a8c22977-0e66-41df-b583-d5c9c806c16a" testName="FormatToStringTest100 (15566.957545477411,15566.96 zł)" computerName="DESKTOP-5URQ9PB" duration="00:00:00.0000063" startTime="2022-06-13T20:51:12.0401973+02:00" endTime="2022-06-13T20:51:12.0402705+02:00" testType="13cdc9d9-ddb5-4fa4-a97d-d965ccfc6d4b" outcome="Passed" testListId="8c84fa94-04c1-424b-9868-57a2d4851a1d" relativeResultsDirectory="8e6d48f6-ffd0-47a6-9ff0-a24cc9b157a9" />
    <UnitTestResult executionId="6a8a7688-1ecb-4ff5-9fcc-13939086baa8" testId="6552c175-a99a-4b9a-a8f0-2ab5bc3cbcbe" testName="FormatToStringTest100 (7458.609645228652,7458.61 zł)" computerName="DESKTOP-5URQ9PB" duration="00:00:00.0000062" startTime="2022-06-13T20:51:12.0302343+02:00" endTime="2022-06-13T20:51:12.0303012+02:00" testType="13cdc9d9-ddb5-4fa4-a97d-d965ccfc6d4b" outcome="Passed" testListId="8c84fa94-04c1-424b-9868-57a2d4851a1d" relativeResultsDirectory="6a8a7688-1ecb-4ff5-9fcc-13939086baa8" />
    <UnitTestResult executionId="37f768cd-ae75-47f1-9dcb-cea4e6b87784" testId="0665e067-a0de-433f-8003-a1db90aad6a9" testName="FormatToStringTest100 (52858.048916166204,52858.05 zł)" computerName="DESKTOP-5URQ9PB" duration="00:00:00.0000065" startTime="2022-06-13T20:51:12.0464080+02:00" endTime="2022-06-13T20:51:12.0464873+02:00" testType="13cdc9d9-ddb5-4fa4-a97d-d965ccfc6d4b" outcome="Passed" testListId="8c84fa94-04c1-424b-9868-57a2d4851a1d" relativeResultsDirectory="37f768cd-ae75-47f1-9dcb-cea4e6b87784" />
    <UnitTestResult executionId="77c0c109-9a55-43c7-b44c-37084364ece1" testId="b6ff069e-1d9b-4fd4-8f23-4aee937c2944" testName="FormatToStringTest100 (24957.469502810607,24957.47 zł)" computerName="DESKTOP-5URQ9PB" duration="00:00:00.0000070" startTime="2022-06-13T20:51:12.0208118+02:00" endTime="2022-06-13T20:51:12.0208809+02:00" testType="13cdc9d9-ddb5-4fa4-a97d-d965ccfc6d4b" outcome="Passed" testListId="8c84fa94-04c1-424b-9868-57a2d4851a1d" relativeResultsDirectory="77c0c109-9a55-43c7-b44c-37084364ece1" />
    <UnitTestResult executionId="38ad121b-c15a-4926-903c-e4343b86fce0" testId="c2359269-2850-4a40-b4f2-092ef88cc3bb" testName="FormatToStringTest100 (66019.32414194118,66019.32 zł)" computerName="DESKTOP-5URQ9PB" duration="00:00:00.0000072" startTime="2022-06-13T20:51:12.0236607+02:00" endTime="2022-06-13T20:51:12.0237414+02:00" testType="13cdc9d9-ddb5-4fa4-a97d-d965ccfc6d4b" outcome="Passed" testListId="8c84fa94-04c1-424b-9868-57a2d4851a1d" relativeResultsDirectory="38ad121b-c15a-4926-903c-e4343b86fce0" />
    <UnitTestResult executionId="5daee86d-508d-42be-9395-fbf3fbbc2814" testId="37dcf12d-27de-45d7-98cf-962777b01723" testName="FormatToStringTest100 (9867.823212210007,9867.82 zł)" computerName="DESKTOP-5URQ9PB" duration="00:00:00.0000063" startTime="2022-06-13T20:51:12.0434130+02:00" endTime="2022-06-13T20:51:12.0434872+02:00" testType="13cdc9d9-ddb5-4fa4-a97d-d965ccfc6d4b" outcome="Passed" testListId="8c84fa94-04c1-424b-9868-57a2d4851a1d" relativeResultsDirectory="5daee86d-508d-42be-9395-fbf3fbbc2814" />
    <UnitTestResult executionId="10177bc6-c867-4c6a-afeb-be0d803788c7" testId="08a47c40-11d6-4d49-9bf9-a70739fe5479" testName="FormatToStringTest100 (736.7398243680316,736.74 zł)" computerName="DESKTOP-5URQ9PB" duration="00:00:00.0000062" startTime="2022-06-13T20:51:12.0301491+02:00" endTime="2022-06-13T20:51:12.0302159+02:00" testType="13cdc9d9-ddb5-4fa4-a97d-d965ccfc6d4b" outcome="Passed" testListId="8c84fa94-04c1-424b-9868-57a2d4851a1d" relativeResultsDirectory="10177bc6-c867-4c6a-afeb-be0d803788c7" />
    <UnitTestResult executionId="2a22d98c-edb4-42c7-a408-112024b99848" testId="d165b086-9254-424c-b84a-58af196e0178" testName="FormatToStringTest100 (35145.379208063416,35145.38 zł)" computerName="DESKTOP-5URQ9PB" duration="00:00:00.0000063" startTime="2022-06-13T20:51:12.0432235+02:00" endTime="2022-06-13T20:51:12.0432997+02:00" testType="13cdc9d9-ddb5-4fa4-a97d-d965ccfc6d4b" outcome="Passed" testListId="8c84fa94-04c1-424b-9868-57a2d4851a1d" relativeResultsDirectory="2a22d98c-edb4-42c7-a408-112024b99848" />
    <UnitTestResult executionId="415409b6-7152-461c-8145-96d31b5db9d9" testId="cd6feea3-8ae1-4970-a354-cfa6992c823d" testName="FormatToStringTest100 (21961.272673999552,21961.27 zł)" computerName="DESKTOP-5URQ9PB" duration="00:00:00.0000062" startTime="2022-06-13T20:51:12.0398168+02:00" endTime="2022-06-13T20:51:12.0398941+02:00" testType="13cdc9d9-ddb5-4fa4-a97d-d965ccfc6d4b" outcome="Passed" testListId="8c84fa94-04c1-424b-9868-57a2d4851a1d" relativeResultsDirectory="415409b6-7152-461c-8145-96d31b5db9d9" />
    <UnitTestResult executionId="4712789b-3f1a-46a1-9756-664a4275f181" testId="b77c06b9-f56a-4d20-97c0-8d0c27df2cff" testName="FormatToStringTest100 (12949.590713378317,12949.59 zł)" computerName="DESKTOP-5URQ9PB" duration="00:00:00.0000063" startTime="2022-06-13T20:51:12.0148371+02:00" endTime="2022-06-13T20:51:12.0149102+02:00" testType="13cdc9d9-ddb5-4fa4-a97d-d965ccfc6d4b" outcome="Passed" testListId="8c84fa94-04c1-424b-9868-57a2d4851a1d" relativeResultsDirectory="4712789b-3f1a-46a1-9756-664a4275f181" />
    <UnitTestResult executionId="8a1da478-b61a-4e57-b448-657f7a3a5e4f" testId="2f28ea60-a7b0-448e-9cb3-3d983e5d45b1" testName="FormatToStringTest100 (45035.160883881224,45035.16 zł)" computerName="DESKTOP-5URQ9PB" duration="00:00:00.0000063" startTime="2022-06-13T20:51:12.0299788+02:00" endTime="2022-06-13T20:51:12.0300467+02:00" testType="13cdc9d9-ddb5-4fa4-a97d-d965ccfc6d4b" outcome="Passed" testListId="8c84fa94-04c1-424b-9868-57a2d4851a1d" relativeResultsDirectory="8a1da478-b61a-4e57-b448-657f7a3a5e4f" />
    <UnitTestResult executionId="66cfc263-1e20-4697-93ad-1feba4df3fb7" testId="5de460ac-29d3-4aea-b7d7-7279a4491716" testName="FormatToStringTest100 (50339.31259969497,50339.31 zł)" computerName="DESKTOP-5URQ9PB" duration="00:00:00.0000065" startTime="2022-06-13T20:51:12.0396275+02:00" endTime="2022-06-13T20:51:12.0397028+02:00" testType="13cdc9d9-ddb5-4fa4-a97d-d965ccfc6d4b" outcome="Passed" testListId="8c84fa94-04c1-424b-9868-57a2d4851a1d" relativeResultsDirectory="66cfc263-1e20-4697-93ad-1feba4df3fb7" />
    <UnitTestResult executionId="48428f6a-e2b8-4bb2-bf1f-a0699a50fb56" testId="2038b826-e4d2-4311-b9db-f17b2fddf74f" testName="FormatToStringTest100 (20244.692955315437,20244.69 zł)" computerName="DESKTOP-5URQ9PB" duration="00:00:00.0000062" startTime="2022-06-13T20:51:12.0335405+02:00" endTime="2022-06-13T20:51:12.0336071+02:00" testType="13cdc9d9-ddb5-4fa4-a97d-d965ccfc6d4b" outcome="Passed" testListId="8c84fa94-04c1-424b-9868-57a2d4851a1d" relativeResultsDirectory="48428f6a-e2b8-4bb2-bf1f-a0699a50fb56" />
    <UnitTestResult executionId="8944350a-270d-4a90-9c3d-1451b9bbdbf6" testId="cfdea7a8-da16-4f8a-a05b-f663610133f5" testName="FormatToStringTest100 (40857.08543233996,40857.09 zł)" computerName="DESKTOP-5URQ9PB" duration="00:00:00.0000105" startTime="2022-06-13T20:51:12.0361250+02:00" endTime="2022-06-13T20:51:12.0362636+02:00" testType="13cdc9d9-ddb5-4fa4-a97d-d965ccfc6d4b" outcome="Passed" testListId="8c84fa94-04c1-424b-9868-57a2d4851a1d" relativeResultsDirectory="8944350a-270d-4a90-9c3d-1451b9bbdbf6" />
    <UnitTestResult executionId="f0723da0-df4c-45d7-a48f-7e547cd0205c" testId="340f04ef-c1b2-429a-8ea6-f809a49484ed" testName="FormatToStringTest100 (18990.72499258012,18990.72 zł)" computerName="DESKTOP-5URQ9PB" duration="00:00:00.0000092" startTime="2022-06-13T20:51:12.0433213+02:00" endTime="2022-06-13T20:51:12.0433949+02:00" testType="13cdc9d9-ddb5-4fa4-a97d-d965ccfc6d4b" outcome="Passed" testListId="8c84fa94-04c1-424b-9868-57a2d4851a1d" relativeResultsDirectory="f0723da0-df4c-45d7-a48f-7e547cd0205c" />
    <UnitTestResult executionId="619a2026-6af2-4967-bc0a-48494f6492c7" testId="d9227916-840b-43e1-bbe8-e3dac43a2c61" testName="FormatToStringTest100 (11100.829211263372,11100.83 zł)" computerName="DESKTOP-5URQ9PB" duration="00:00:00.0000062" startTime="2022-06-13T20:51:12.0209924+02:00" endTime="2022-06-13T20:51:12.0210595+02:00" testType="13cdc9d9-ddb5-4fa4-a97d-d965ccfc6d4b" outcome="Passed" testListId="8c84fa94-04c1-424b-9868-57a2d4851a1d" relativeResultsDirectory="619a2026-6af2-4967-bc0a-48494f6492c7" />
    <UnitTestResult executionId="a0c10ed1-7e13-44da-a64b-6bcd7f6e7414" testId="b0d98ee8-7502-4df8-9983-58f8ce499c8d" testName="FormatToStringTest100 (726.8087564975995,726.81 zł)" computerName="DESKTOP-5URQ9PB" duration="00:00:00.0000065" startTime="2022-06-13T20:51:11.9732367+02:00" endTime="2022-06-13T20:51:11.9733078+02:00" testType="13cdc9d9-ddb5-4fa4-a97d-d965ccfc6d4b" outcome="Passed" testListId="8c84fa94-04c1-424b-9868-57a2d4851a1d" relativeResultsDirectory="a0c10ed1-7e13-44da-a64b-6bcd7f6e7414" />
    <UnitTestResult executionId="e205903c-b742-47eb-a68a-1affb7fcfbb5" testId="bf4183e0-77e1-46bc-9584-88ecdafdcb8d" testName="FormatToStringTest100 (28192.949128067565,28192.95 zł)" computerName="DESKTOP-5URQ9PB" duration="00:00:00.0000062" startTime="2022-06-13T20:51:12.0268321+02:00" endTime="2022-06-13T20:51:12.0269056+02:00" testType="13cdc9d9-ddb5-4fa4-a97d-d965ccfc6d4b" outcome="Passed" testListId="8c84fa94-04c1-424b-9868-57a2d4851a1d" relativeResultsDirectory="e205903c-b742-47eb-a68a-1affb7fcfbb5" />
    <UnitTestResult executionId="8efdd035-d691-4a8b-ae63-c38ae63e23bb" testId="b79a323b-a4c9-4205-9184-21ebe0eb04bc" testName="FormatToStringTest100 (2292.8331871111104,2292.83 zł)" computerName="DESKTOP-5URQ9PB" duration="00:00:00.0000063" startTime="2022-06-13T20:51:12.0431307+02:00" endTime="2022-06-13T20:51:12.0432056+02:00" testType="13cdc9d9-ddb5-4fa4-a97d-d965ccfc6d4b" outcome="Passed" testListId="8c84fa94-04c1-424b-9868-57a2d4851a1d" relativeResultsDirectory="8efdd035-d691-4a8b-ae63-c38ae63e23bb" />
    <UnitTestResult executionId="b883aa74-4e15-481b-81e8-ef570330b1fb" testId="e388fc3b-bf44-49a9-9bc3-893dad9ea8d6" testName="FormatToStringTest100 (14237.13226245955,14237.13 zł)" computerName="DESKTOP-5URQ9PB" duration="00:00:00.0000067" startTime="2022-06-13T20:51:12.0206291+02:00" endTime="2022-06-13T20:51:12.0207033+02:00" testType="13cdc9d9-ddb5-4fa4-a97d-d965ccfc6d4b" outcome="Passed" testListId="8c84fa94-04c1-424b-9868-57a2d4851a1d" relativeResultsDirectory="b883aa74-4e15-481b-81e8-ef570330b1fb" />
    <UnitTestResult executionId="60086d1a-f497-41f6-8f15-8e6ed3104c01" testId="7dde3e7f-da79-4e5b-bafd-ed257544cb39" testName="FormatToStringTest100 (9816.961298880615,9816.96 zł)" computerName="DESKTOP-5URQ9PB" duration="00:00:00.0000071" startTime="2022-06-13T20:51:12.0147496+02:00" endTime="2022-06-13T20:51:12.0148192+02:00" testType="13cdc9d9-ddb5-4fa4-a97d-d965ccfc6d4b" outcome="Passed" testListId="8c84fa94-04c1-424b-9868-57a2d4851a1d" relativeResultsDirectory="60086d1a-f497-41f6-8f15-8e6ed3104c01" />
    <UnitTestResult executionId="c77d6cb3-c78e-4c0c-8b21-66cd3d76c548" testId="c29e285a-00e6-4b61-ba65-82f5e9cf2b27" testName="FormatToStringTest100 (37589.670531794276,37589.67 zł)" computerName="DESKTOP-5URQ9PB" duration="00:00:00.0000062" startTime="2022-06-13T20:51:12.0210787+02:00" endTime="2022-06-13T20:51:12.0211461+02:00" testType="13cdc9d9-ddb5-4fa4-a97d-d965ccfc6d4b" outcome="Passed" testListId="8c84fa94-04c1-424b-9868-57a2d4851a1d" relativeResultsDirectory="c77d6cb3-c78e-4c0c-8b21-66cd3d76c548" />
    <UnitTestResult executionId="0686ac2b-dfbf-431d-9fd4-14b60b9ef4ea" testId="3909d74b-d1e1-4576-8a3e-d28e54d88802" testName="FormatToStringTest100 (86.89546322771136,86.90 zł)" computerName="DESKTOP-5URQ9PB" duration="00:00:00.0000061" startTime="2022-06-13T20:51:12.0239383+02:00" endTime="2022-06-13T20:51:12.0240058+02:00" testType="13cdc9d9-ddb5-4fa4-a97d-d965ccfc6d4b" outcome="Passed" testListId="8c84fa94-04c1-424b-9868-57a2d4851a1d" relativeResultsDirectory="0686ac2b-dfbf-431d-9fd4-14b60b9ef4ea" />
    <UnitTestResult executionId="7ab47eb7-d554-468c-964d-355d5bd4ea25" testId="eca5ecbc-f1c2-48f0-befb-10af4e75af72" testName="FormatToStringTest100 (11912.404131636213,11912.40 zł)" computerName="DESKTOP-5URQ9PB" duration="00:00:00.0000064" startTime="2022-06-13T20:51:12.0466896+02:00" endTime="2022-06-13T20:51:12.0467636+02:00" testType="13cdc9d9-ddb5-4fa4-a97d-d965ccfc6d4b" outcome="Passed" testListId="8c84fa94-04c1-424b-9868-57a2d4851a1d" relativeResultsDirectory="7ab47eb7-d554-468c-964d-355d5bd4ea25" />
    <UnitTestResult executionId="bc21df3e-3b32-4ed2-b774-65323d82538a" testId="935264a8-d479-44a5-ba1e-b28d21fbd819" testName="FormatToStringTest100 (22666.13578912995,22666.14 zł)" computerName="DESKTOP-5URQ9PB" duration="00:00:00.0000063" startTime="2022-06-13T20:51:12.0211645+02:00" endTime="2022-06-13T20:51:12.0212320+02:00" testType="13cdc9d9-ddb5-4fa4-a97d-d965ccfc6d4b" outcome="Passed" testListId="8c84fa94-04c1-424b-9868-57a2d4851a1d" relativeResultsDirectory="bc21df3e-3b32-4ed2-b774-65323d82538a" />
    <UnitTestResult executionId="d3d1856f-ec17-4dc4-a174-52a88b65499e" testId="3d2ccdfe-24e7-4446-9d3d-7bc8596aaaf5" testName="FormatToStringTest100 (22604.838218828587,22604.84 zł)" computerName="DESKTOP-5URQ9PB" duration="00:00:00.0000063" startTime="2022-06-13T20:51:12.0242793+02:00" endTime="2022-06-13T20:51:12.0243466+02:00" testType="13cdc9d9-ddb5-4fa4-a97d-d965ccfc6d4b" outcome="Passed" testListId="8c84fa94-04c1-424b-9868-57a2d4851a1d" relativeResultsDirectory="d3d1856f-ec17-4dc4-a174-52a88b65499e" />
    <UnitTestResult executionId="7e07caa9-d08f-42a7-b69f-6315ab1fce7b" testId="2bd1599b-143d-4fcf-92df-415683ae2752" testName="FormatToStringTest100 (67338.80028760935,67338.80 zł)" computerName="DESKTOP-5URQ9PB" duration="00:00:00.0000065" startTime="2022-06-13T20:51:12.0238477+02:00" endTime="2022-06-13T20:51:12.0239203+02:00" testType="13cdc9d9-ddb5-4fa4-a97d-d965ccfc6d4b" outcome="Passed" testListId="8c84fa94-04c1-424b-9868-57a2d4851a1d" relativeResultsDirectory="7e07caa9-d08f-42a7-b69f-6315ab1fce7b" />
    <UnitTestResult executionId="77ca869a-8ffc-4b24-b387-2adf198e0a75" testId="9ba98916-eb8a-4ada-8948-1d47a2ba4fa7" testName="FormatToStringTest100 (16986.338876065027,16986.34 zł)" computerName="DESKTOP-5URQ9PB" duration="00:00:00.0000062" startTime="2022-06-13T20:51:12.0300645+02:00" endTime="2022-06-13T20:51:12.0301317+02:00" testType="13cdc9d9-ddb5-4fa4-a97d-d965ccfc6d4b" outcome="Passed" testListId="8c84fa94-04c1-424b-9868-57a2d4851a1d" relativeResultsDirectory="77ca869a-8ffc-4b24-b387-2adf198e0a75" />
    <UnitTestResult executionId="74488e3b-20b4-475c-b859-61b8eb78985a" testId="288b6366-6ce6-4817-99e6-e6aef4a10d35" testName="FormatToStringTest100 (2937.138486199611,2937.14 zł)" computerName="DESKTOP-5URQ9PB" duration="00:00:00.0000064" startTime="2022-06-13T20:51:12.0369731+02:00" endTime="2022-06-13T20:51:12.0370468+02:00" testType="13cdc9d9-ddb5-4fa4-a97d-d965ccfc6d4b" outcome="Passed" testListId="8c84fa94-04c1-424b-9868-57a2d4851a1d" relativeResultsDirectory="74488e3b-20b4-475c-b859-61b8eb78985a" />
    <UnitTestResult executionId="348411b5-fe37-464c-b2f2-3416d7267a73" testId="d23a681b-1704-4342-90ad-1364614549cd" testName="FormatToStringTest100 (74514.06270644537,74514.06 zł)" computerName="DESKTOP-5URQ9PB" duration="00:00:00.0000076" startTime="2022-06-13T20:51:12.0462895+02:00" endTime="2022-06-13T20:51:12.0463872+02:00" testType="13cdc9d9-ddb5-4fa4-a97d-d965ccfc6d4b" outcome="Passed" testListId="8c84fa94-04c1-424b-9868-57a2d4851a1d" relativeResultsDirectory="348411b5-fe37-464c-b2f2-3416d7267a73" />
    <UnitTestResult executionId="b648a99e-9c13-4ef9-8554-060873ae97a3" testId="e6b956b3-307c-4fc6-8549-25d8c4a30d4f" testName="FormatToStringTest100 (39178.05988345298,39178.06 zł)" computerName="DESKTOP-5URQ9PB" duration="00:00:00.0000065" startTime="2022-06-13T20:51:12.0397208+02:00" endTime="2022-06-13T20:51:12.0397989+02:00" testType="13cdc9d9-ddb5-4fa4-a97d-d965ccfc6d4b" outcome="Passed" testListId="8c84fa94-04c1-424b-9868-57a2d4851a1d" relativeResultsDirectory="b648a99e-9c13-4ef9-8554-060873ae97a3" />
    <UnitTestResult executionId="28cf1b4f-2b75-4390-a28d-7d9e7c294892" testId="fe80e111-5d16-4e70-9143-e9a12cbb707f" testName="FormatToStringTest100 (3521.3657738167635,3521.37 zł)" computerName="DESKTOP-5URQ9PB" duration="00:00:00.0000091" startTime="2022-06-13T20:51:12.0366829+02:00" endTime="2022-06-13T20:51:12.0367598+02:00" testType="13cdc9d9-ddb5-4fa4-a97d-d965ccfc6d4b" outcome="Passed" testListId="8c84fa94-04c1-424b-9868-57a2d4851a1d" relativeResultsDirectory="28cf1b4f-2b75-4390-a28d-7d9e7c294892" />
    <UnitTestResult executionId="f00f1eb1-10d5-4bfe-afd5-9422e4001975" testId="1cf0cf84-166d-4e16-874a-1f11b22e21fb" testName="FormatToStringTest100 (14172.682747822573,14172.68 zł)" computerName="DESKTOP-5URQ9PB" duration="00:00:00.0000063" startTime="2022-06-13T20:51:12.0237615+02:00" endTime="2022-06-13T20:51:12.0238299+02:00" testType="13cdc9d9-ddb5-4fa4-a97d-d965ccfc6d4b" outcome="Passed" testListId="8c84fa94-04c1-424b-9868-57a2d4851a1d" relativeResultsDirectory="f00f1eb1-10d5-4bfe-afd5-9422e4001975" />
    <UnitTestResult executionId="97bc08b0-ed0a-496b-be02-c78a5ce40187" testId="2d92347e-4bb7-48e3-92b3-5c71880f25d8" testName="FormatToStringTest100 (27893.312729890138,27893.31 zł)" computerName="DESKTOP-5URQ9PB" duration="00:00:00.0000061" startTime="2022-06-13T20:51:12.0303188+02:00" endTime="2022-06-13T20:51:12.0303862+02:00" testType="13cdc9d9-ddb5-4fa4-a97d-d965ccfc6d4b" outcome="Passed" testListId="8c84fa94-04c1-424b-9868-57a2d4851a1d" relativeResultsDirectory="97bc08b0-ed0a-496b-be02-c78a5ce40187" />
    <UnitTestResult executionId="95a6d0d3-ca37-4bd3-a587-df50eef6f80c" testId="88763ead-38e0-4375-a3f8-55c74517ccf4" testName="FormatToStringTest100 (159.83786031922224,159.84 zł)" computerName="DESKTOP-5URQ9PB" duration="00:00:00.0000062" startTime="2022-06-13T20:51:12.0243641+02:00" endTime="2022-06-13T20:51:12.0244315+02:00" testType="13cdc9d9-ddb5-4fa4-a97d-d965ccfc6d4b" outcome="Passed" testListId="8c84fa94-04c1-424b-9868-57a2d4851a1d" relativeResultsDirectory="95a6d0d3-ca37-4bd3-a587-df50eef6f80c" />
    <UnitTestResult executionId="a8a2d9f5-4109-4204-81ba-536ceca4343b" testId="28488c06-9b54-4a1d-a0af-29132bbfd3cb" testName="FormatToStringTest100 (69864.17463991146,69864.17 zł)" computerName="DESKTOP-5URQ9PB" duration="00:00:00.0000063" startTime="2022-06-13T20:51:12.0436030+02:00" endTime="2022-06-13T20:51:12.0436760+02:00" testType="13cdc9d9-ddb5-4fa4-a97d-d965ccfc6d4b" outcome="Passed" testListId="8c84fa94-04c1-424b-9868-57a2d4851a1d" relativeResultsDirectory="a8a2d9f5-4109-4204-81ba-536ceca4343b" />
    <UnitTestResult executionId="c6580038-c354-4c84-970d-d5fa1bdc1d66" testId="26c1a1e4-2023-4aa2-ad77-c14ca4f2894c" testName="FormatToStringTest100 (7124.979180760672,7124.98 zł)" computerName="DESKTOP-5URQ9PB" duration="00:00:00.0000062" startTime="2022-06-13T20:51:12.0212503+02:00" endTime="2022-06-13T20:51:12.0213184+02:00" testType="13cdc9d9-ddb5-4fa4-a97d-d965ccfc6d4b" outcome="Passed" testListId="8c84fa94-04c1-424b-9868-57a2d4851a1d" relativeResultsDirectory="c6580038-c354-4c84-970d-d5fa1bdc1d66" />
    <UnitTestResult executionId="acb1cedb-e5ab-4417-9e30-13852aef2217" testId="66124e82-bef4-4e68-be94-73706dc187ec" testName="FormatToStringTest100 (41876.979471482795,41876.98 zł)" computerName="DESKTOP-5URQ9PB" duration="00:00:00.0000095" startTime="2022-06-13T20:51:12.0465054+02:00" endTime="2022-06-13T20:51:12.0465827+02:00" testType="13cdc9d9-ddb5-4fa4-a97d-d965ccfc6d4b" outcome="Passed" testListId="8c84fa94-04c1-424b-9868-57a2d4851a1d" relativeResultsDirectory="acb1cedb-e5ab-4417-9e30-13852aef2217" />
    <UnitTestResult executionId="f426b14e-1d8a-4a50-b555-cf5dd4bce380" testId="bb35fa1d-3f90-47f4-94b6-f433e75b185d" testName="FormatToStringTest100 (317.9090540706688,317.91 zł)" computerName="DESKTOP-5URQ9PB" duration="00:00:00.0000101" startTime="2022-06-13T20:51:12.0428678+02:00" endTime="2022-06-13T20:51:12.0430064+02:00" testType="13cdc9d9-ddb5-4fa4-a97d-d965ccfc6d4b" outcome="Passed" testListId="8c84fa94-04c1-424b-9868-57a2d4851a1d" relativeResultsDirectory="f426b14e-1d8a-4a50-b555-cf5dd4bce380" />
    <UnitTestResult executionId="bb28dee3-cd6b-458e-94a6-be5e0d5f53f3" testId="6a3f9192-1e24-4405-8d16-c7ac8688612f" testName="FormatToStringTest100 (7789.7136237517525,7789.71 zł)" computerName="DESKTOP-5URQ9PB" duration="00:00:00.0000069" startTime="2022-06-13T20:51:12.0297722+02:00" endTime="2022-06-13T20:51:12.0298585+02:00" testType="13cdc9d9-ddb5-4fa4-a97d-d965ccfc6d4b" outcome="Passed" testListId="8c84fa94-04c1-424b-9868-57a2d4851a1d" relativeResultsDirectory="bb28dee3-cd6b-458e-94a6-be5e0d5f53f3" />
    <UnitTestResult executionId="9452c745-73bc-4355-bb1f-b9209a05a772" testId="a5324c44-b642-4b36-9eae-f9e3f265a6c5" testName="FormatToStringTest100 (32216.686763396807,32216.69 zł)" computerName="DESKTOP-5URQ9PB" duration="00:00:00.0000066" startTime="2022-06-13T20:51:11.9731380+02:00" endTime="2022-06-13T20:51:11.9732177+02:00" testType="13cdc9d9-ddb5-4fa4-a97d-d965ccfc6d4b" outcome="Passed" testListId="8c84fa94-04c1-424b-9868-57a2d4851a1d" relativeResultsDirectory="9452c745-73bc-4355-bb1f-b9209a05a772" />
    <UnitTestResult executionId="63f0dd8b-49d5-46de-b073-6dec6a2022ec" testId="6483676c-a770-4474-ac95-e08990231cea" testName="FormatToStringTest100 (77904.0088552246,77904.01 zł)" computerName="DESKTOP-5URQ9PB" duration="00:00:00.0000065" startTime="2022-06-13T20:51:12.0466007+02:00" endTime="2022-06-13T20:51:12.0466719+02:00" testType="13cdc9d9-ddb5-4fa4-a97d-d965ccfc6d4b" outcome="Passed" testListId="8c84fa94-04c1-424b-9868-57a2d4851a1d" relativeResultsDirectory="63f0dd8b-49d5-46de-b073-6dec6a2022ec" />
    <UnitTestResult executionId="3009e498-cd60-4132-9342-196fc035cfa5" testId="3b6c429c-72a4-44c4-80f2-1f8ec76b8ad9" testName="FormatToStringTest100 (75350.77330865282,75350.77 zł)" computerName="DESKTOP-5URQ9PB" duration="00:00:00.0000063" startTime="2022-06-13T20:51:12.0436937+02:00" endTime="2022-06-13T20:51:12.0437672+02:00" testType="13cdc9d9-ddb5-4fa4-a97d-d965ccfc6d4b" outcome="Passed" testListId="8c84fa94-04c1-424b-9868-57a2d4851a1d" relativeResultsDirectory="3009e498-cd60-4132-9342-196fc035cfa5" />
    <UnitTestResult executionId="37262e11-7317-4421-80cd-25f0e1427342" testId="225647ce-771f-4d37-8f96-51fc390c19b3" testName="FormatToStringTest100 (286.92120604539343,286.92 zł)" computerName="DESKTOP-5URQ9PB" duration="00:00:00.0000067" startTime="2022-06-13T20:51:12.0146594+02:00" endTime="2022-06-13T20:51:12.0147312+02:00" testType="13cdc9d9-ddb5-4fa4-a97d-d965ccfc6d4b" outcome="Passed" testListId="8c84fa94-04c1-424b-9868-57a2d4851a1d" relativeResultsDirectory="37262e11-7317-4421-80cd-25f0e1427342" />
    <UnitTestResult executionId="c8d6f1b2-6195-4436-9483-d1a5d52242c0" testId="81616ab3-d009-49f3-be41-78af3f045d7a" testName="FormatToStringTest100 (17953.338243749615,17953.34 zł)" computerName="DESKTOP-5URQ9PB" duration="00:00:00.0000063" startTime="2022-06-13T20:51:12.0400086+02:00" endTime="2022-06-13T20:51:12.0400850+02:00" testType="13cdc9d9-ddb5-4fa4-a97d-d965ccfc6d4b" outcome="Passed" testListId="8c84fa94-04c1-424b-9868-57a2d4851a1d" relativeResultsDirectory="c8d6f1b2-6195-4436-9483-d1a5d52242c0" />
    <UnitTestResult executionId="6a7c9b46-378d-4195-be4f-04b8ffdfb948" testId="d27ea401-cef6-4f83-9611-625648205a93" testName="FormatToStringTest100 (38640.62766693003,38640.63 zł)" computerName="DESKTOP-5URQ9PB" duration="00:00:00.0000066" startTime="2022-06-13T20:51:12.0207233+02:00" endTime="2022-06-13T20:51:12.0207936+02:00" testType="13cdc9d9-ddb5-4fa4-a97d-d965ccfc6d4b" outcome="Passed" testListId="8c84fa94-04c1-424b-9868-57a2d4851a1d" relativeResultsDirectory="6a7c9b46-378d-4195-be4f-04b8ffdfb948" />
    <UnitTestResult executionId="39cb079f-2198-407d-9204-6adb3afc3c63" testId="fdc0a18f-cf22-4748-9330-f704325369ff" testName="FormatToStringTest100 (16383.352881839199,16383.35 zł)" computerName="DESKTOP-5URQ9PB" duration="00:00:00.0000067" startTime="2022-06-13T20:51:12.0362911+02:00" endTime="2022-06-13T20:51:12.0363702+02:00" testType="13cdc9d9-ddb5-4fa4-a97d-d965ccfc6d4b" outcome="Passed" testListId="8c84fa94-04c1-424b-9868-57a2d4851a1d" relativeResultsDirectory="39cb079f-2198-407d-9204-6adb3afc3c63" />
    <UnitTestResult executionId="64d28fe9-2b53-4897-8fb2-c4d7acd2d117" testId="c28b7f5a-e649-464b-8475-c4cf77a1bedb" testName="FormatToStringTest100 (28502.61128259758,28502.61 zł)" computerName="DESKTOP-5URQ9PB" duration="00:00:00.0000062" startTime="2022-06-13T20:51:12.0329435+02:00" endTime="2022-06-13T20:51:12.0330122+02:00" testType="13cdc9d9-ddb5-4fa4-a97d-d965ccfc6d4b" outcome="Passed" testListId="8c84fa94-04c1-424b-9868-57a2d4851a1d" relativeResultsDirectory="64d28fe9-2b53-4897-8fb2-c4d7acd2d117" />
    <UnitTestResult executionId="2cce663b-8515-4d60-afa8-2f69a5891547" testId="b34f1fdd-8ba2-486e-ae49-267436bd0bc2" testName="FormatToStringTest100 (1741.3334432818617,1741.33 zł)" computerName="DESKTOP-5URQ9PB" duration="00:00:00.0000062" startTime="2022-06-13T20:51:12.0331997+02:00" endTime="2022-06-13T20:51:12.0332671+02:00" testType="13cdc9d9-ddb5-4fa4-a97d-d965ccfc6d4b" outcome="Passed" testListId="8c84fa94-04c1-424b-9868-57a2d4851a1d" relativeResultsDirectory="2cce663b-8515-4d60-afa8-2f69a5891547" />
    <UnitTestResult executionId="9e903843-0867-4fd6-99a1-f5b97820eb31" testId="3e4904a6-d364-42eb-8808-806723104a07" testName="FormatToStringTest100 (27050.586848031067,27050.59 zł)" computerName="DESKTOP-5URQ9PB" duration="00:00:00.0000063" startTime="2022-06-13T20:51:12.0149567+02:00" endTime="2022-06-13T20:51:12.0150271+02:00" testType="13cdc9d9-ddb5-4fa4-a97d-d965ccfc6d4b" outcome="Passed" testListId="8c84fa94-04c1-424b-9868-57a2d4851a1d" relativeResultsDirectory="9e903843-0867-4fd6-99a1-f5b97820eb31" />
    <UnitTestResult executionId="7bc710eb-9aeb-4025-9c13-ef333ba1a0a5" testId="e19b89bb-4a6a-4b31-8764-8ed9e15f42a1" testName="FormatToStringTest100 (5396.620088554277,5396.62 zł)" computerName="DESKTOP-5URQ9PB" duration="00:00:00.0000065" startTime="2022-06-13T20:51:12.0152250+02:00" endTime="2022-06-13T20:51:12.0153001+02:00" testType="13cdc9d9-ddb5-4fa4-a97d-d965ccfc6d4b" outcome="Passed" testListId="8c84fa94-04c1-424b-9868-57a2d4851a1d" relativeResultsDirectory="7bc710eb-9aeb-4025-9c13-ef333ba1a0a5" />
    <UnitTestResult executionId="76eb7892-75f9-44ab-a050-58ff635f784d" testId="9ee4db06-d7ad-4f77-aef0-db3c7f0d9f5b" testName="FormatToStringTest100 (52810.91713865516,52810.92 zł)" computerName="DESKTOP-5URQ9PB" duration="00:00:00.0000063" startTime="2022-06-13T20:51:11.9735861+02:00" endTime="2022-06-13T20:51:11.9736542+02:00" testType="13cdc9d9-ddb5-4fa4-a97d-d965ccfc6d4b" outcome="Passed" testListId="8c84fa94-04c1-424b-9868-57a2d4851a1d" relativeResultsDirectory="76eb7892-75f9-44ab-a050-58ff635f784d" />
    <UnitTestResult executionId="cfcfcd62-254e-4b3f-b826-9542d2ead559" testId="c35cdab1-4065-4896-8e36-0410b568eda2" testName="FormatToStringTest100 (31290.71396233687,31290.71 zł)" computerName="DESKTOP-5URQ9PB" duration="00:00:00.0000065" startTime="2022-06-13T20:51:12.0364929+02:00" endTime="2022-06-13T20:51:12.0365685+02:00" testType="13cdc9d9-ddb5-4fa4-a97d-d965ccfc6d4b" outcome="Passed" testListId="8c84fa94-04c1-424b-9868-57a2d4851a1d" relativeResultsDirectory="cfcfcd62-254e-4b3f-b826-9542d2ead559" />
    <UnitTestResult executionId="063260a8-bbe1-433f-aa10-3c204844b964" testId="b672073f-1cf5-4987-a88b-bde46b179373" testName="FormatToStringTest100 (33206.73122987837,33206.73 zł)" computerName="DESKTOP-5URQ9PB" duration="00:00:00.0000067" startTime="2022-06-13T20:51:12.0332851+02:00" endTime="2022-06-13T20:51:12.0333526+02:00" testType="13cdc9d9-ddb5-4fa4-a97d-d965ccfc6d4b" outcome="Passed" testListId="8c84fa94-04c1-424b-9868-57a2d4851a1d" relativeResultsDirectory="063260a8-bbe1-433f-aa10-3c204844b964" />
    <UnitTestResult executionId="34b1f704-c29e-4a4e-bd43-20ae159ef917" testId="0a6c34a0-2273-4cf1-8db5-6d6a1302be70" testName="FormatToStringTest100 (10268.547802396373,10268.55 zł)" computerName="DESKTOP-5URQ9PB" duration="00:00:00.0000064" startTime="2022-06-13T20:51:12.0401062+02:00" endTime="2022-06-13T20:51:12.0401795+02:00" testType="13cdc9d9-ddb5-4fa4-a97d-d965ccfc6d4b" outcome="Passed" testListId="8c84fa94-04c1-424b-9868-57a2d4851a1d" relativeResultsDirectory="34b1f704-c29e-4a4e-bd43-20ae159ef917" />
    <UnitTestResult executionId="35f4d3e7-eef8-4582-9ab8-734b2ac59089" testId="bc5f469a-d7bb-4b59-8cf2-1a7baf670dfc" testName="FormatToStringTest100 (31300.40752580967,31300.41 zł)" computerName="DESKTOP-5URQ9PB" duration="00:00:00.0000067" startTime="2022-06-13T20:51:12.0363891+02:00" endTime="2022-06-13T20:51:12.0364741+02:00" testType="13cdc9d9-ddb5-4fa4-a97d-d965ccfc6d4b" outcome="Passed" testListId="8c84fa94-04c1-424b-9868-57a2d4851a1d" relativeResultsDirectory="35f4d3e7-eef8-4582-9ab8-734b2ac59089" />
    <UnitTestResult executionId="04f4d8b0-a30e-42f7-a8ae-73d98e81af43" testId="421ab985-7b6f-4818-b7b0-c3caa2899e7b" testName="FormatToStringTest100 (6864.093052674129,6864.09 zł)" computerName="DESKTOP-5URQ9PB" duration="00:00:00.0000062" startTime="2022-06-13T20:51:12.0470720+02:00" endTime="2022-06-13T20:51:12.0471472+02:00" testType="13cdc9d9-ddb5-4fa4-a97d-d965ccfc6d4b" outcome="Passed" testListId="8c84fa94-04c1-424b-9868-57a2d4851a1d" relativeResultsDirectory="04f4d8b0-a30e-42f7-a8ae-73d98e81af43" />
    <UnitTestResult executionId="2d7c2899-f668-4b3d-971b-084eb74ec357" testId="328e9d2c-312b-482d-ad3f-27107e897a2f" testName="FormatToStringTest100 (740.3213011405064,740.32 zł)" computerName="DESKTOP-5URQ9PB" duration="00:00:00.0000067" startTime="2022-06-13T20:51:12.0241939+02:00" endTime="2022-06-13T20:51:12.0242616+02:00" testType="13cdc9d9-ddb5-4fa4-a97d-d965ccfc6d4b" outcome="Passed" testListId="8c84fa94-04c1-424b-9868-57a2d4851a1d" relativeResultsDirectory="2d7c2899-f668-4b3d-971b-084eb74ec357" />
    <UnitTestResult executionId="59421c00-82be-49e7-b743-8cff0c630448" testId="a49eaaa4-ce47-4ce6-a21f-a3dac9db8920" testName="FormatToStringTest100 (1649.0127968480872,1649.01 zł)" computerName="DESKTOP-5URQ9PB" duration="00:00:00.0000063" startTime="2022-06-13T20:51:12.0365870+02:00" endTime="2022-06-13T20:51:12.0366646+02:00" testType="13cdc9d9-ddb5-4fa4-a97d-d965ccfc6d4b" outcome="Passed" testListId="8c84fa94-04c1-424b-9868-57a2d4851a1d" relativeResultsDirectory="59421c00-82be-49e7-b743-8cff0c630448" />
    <UnitTestResult executionId="2964b4b1-dad2-4f74-bff7-20078fc996be" testId="98a1d023-46fe-4046-a87c-388d8243e0c1" testName="FormatToStringTest100 (32632.105531036905,32632.11 zł)" computerName="DESKTOP-5URQ9PB" duration="00:00:00.0000071" startTime="2022-06-13T20:51:12.0145572+02:00" endTime="2022-06-13T20:51:12.0146362+02:00" testType="13cdc9d9-ddb5-4fa4-a97d-d965ccfc6d4b" outcome="Passed" testListId="8c84fa94-04c1-424b-9868-57a2d4851a1d" relativeResultsDirectory="2964b4b1-dad2-4f74-bff7-20078fc996be" />
    <UnitTestResult executionId="4828aa04-d204-4ba2-8b51-b218ab4d3c8d" testId="77f77021-d3d2-4ff7-bde5-c4cd2f39fafd" testName="FormatToStringTest100 (6890.028458985514,6890.03 zł)" computerName="DESKTOP-5URQ9PB" duration="00:00:00.0000062" startTime="2022-06-13T20:51:12.0270098+02:00" endTime="2022-06-13T20:51:12.0270776+02:00" testType="13cdc9d9-ddb5-4fa4-a97d-d965ccfc6d4b" outcome="Passed" testListId="8c84fa94-04c1-424b-9868-57a2d4851a1d" relativeResultsDirectory="4828aa04-d204-4ba2-8b51-b218ab4d3c8d" />
    <UnitTestResult executionId="2d8a9d06-35c5-422c-996e-610d427a5def" testId="04aaa1e7-23af-42f6-840f-41111c5f3194" testName="FormatToStringTest100 (19541.10539777116,19541.11 zł)" computerName="DESKTOP-5URQ9PB" duration="00:00:00.0000063" startTime="2022-06-13T20:51:12.0269237+02:00" endTime="2022-06-13T20:51:12.0269920+02:00" testType="13cdc9d9-ddb5-4fa4-a97d-d965ccfc6d4b" outcome="Passed" testListId="8c84fa94-04c1-424b-9868-57a2d4851a1d" relativeResultsDirectory="2d8a9d06-35c5-422c-996e-610d427a5def" />
    <UnitTestResult executionId="a85d2da9-ab26-43f3-8052-875d46adfade" testId="eee6ca3d-83a4-4b96-8119-49bb299527e3" testName="FormatToStringTest100 (26515.80237687929,26515.80 zł)" computerName="DESKTOP-5URQ9PB" duration="00:00:00.0000062" startTime="2022-06-13T20:51:12.0151314+02:00" endTime="2022-06-13T20:51:12.0151994+02:00" testType="13cdc9d9-ddb5-4fa4-a97d-d965ccfc6d4b" outcome="Passed" testListId="8c84fa94-04c1-424b-9868-57a2d4851a1d" relativeResultsDirectory="a85d2da9-ab26-43f3-8052-875d46adfade" />
    <UnitTestResult executionId="aa749ee5-46a9-4712-a6f9-65b3cd0a03d6" testId="5e0ba49c-eef1-4170-89c3-7c0327a01590" testName="FormatToStringTest100 (64210.358316209335,64210.36 zł)" computerName="DESKTOP-5URQ9PB" duration="00:00:00.0000067" startTime="2022-06-13T20:51:12.0467880+02:00" endTime="2022-06-13T20:51:12.0468631+02:00" testType="13cdc9d9-ddb5-4fa4-a97d-d965ccfc6d4b" outcome="Passed" testListId="8c84fa94-04c1-424b-9868-57a2d4851a1d" relativeResultsDirectory="aa749ee5-46a9-4712-a6f9-65b3cd0a03d6" />
    <UnitTestResult executionId="fe2b292b-18c7-46df-beef-bc8f65fb2640" testId="438f5c3c-4538-4a68-8939-7fe25d5fe43d" testName="FormatToStringTest100 (58848.60825001477,58848.61 zł)" computerName="DESKTOP-5URQ9PB" duration="00:00:00.0000072" startTime="2022-06-13T20:51:12.0395176+02:00" endTime="2022-06-13T20:51:12.0396081+02:00" testType="13cdc9d9-ddb5-4fa4-a97d-d965ccfc6d4b" outcome="Passed" testListId="8c84fa94-04c1-424b-9868-57a2d4851a1d" relativeResultsDirectory="fe2b292b-18c7-46df-beef-bc8f65fb2640" />
    <UnitTestResult executionId="9512e1a1-78a7-429a-b9ae-657e09dd6a97" testId="9c7dba9a-a4dd-47c2-964b-93a73353c2e1" testName="FormatToStringTest100 (46898.00219497783,46898.00 zł)" computerName="DESKTOP-5URQ9PB" duration="00:00:00.0000065" startTime="2022-06-13T20:51:12.0430330+02:00" endTime="2022-06-13T20:51:12.0431121+02:00" testType="13cdc9d9-ddb5-4fa4-a97d-d965ccfc6d4b" outcome="Passed" testListId="8c84fa94-04c1-424b-9868-57a2d4851a1d" relativeResultsDirectory="9512e1a1-78a7-429a-b9ae-657e09dd6a97" />
    <UnitTestResult executionId="753346e6-7536-46ca-b526-92247259537e" testId="7dc52151-5c43-49c8-b0aa-b80c67d8bbc7" testName="FormatToStringTest100 (10914.360814625099,10914.36 zł)" computerName="DESKTOP-5URQ9PB" duration="00:00:00.0000063" startTime="2022-06-13T20:51:11.9734143+02:00" endTime="2022-06-13T20:51:11.9734821+02:00" testType="13cdc9d9-ddb5-4fa4-a97d-d965ccfc6d4b" outcome="Passed" testListId="8c84fa94-04c1-424b-9868-57a2d4851a1d" relativeResultsDirectory="753346e6-7536-46ca-b526-92247259537e" />
  </Results>
  <TestDefinitions>
    <UnitTest name="FormatToStringTest100 (63507.32603545455,63507.33 zł)" storage="c:\projekty\mstestproject\bin\debug\netcoreapp3.1\mstestproject.dll" id="795c8e0d-3d70-4a8f-aa79-a979e6e95f9c">
      <TestCategory>
        <TestCategoryItem TestCategory="Category100" />
      </TestCategory>
      <Execution id="e692d504-6dc9-40a3-bdc5-6464762bbd1a" />
      <TestMethod codeBase="C:\Projekty\MSTestProject\bin\Debug\netcoreapp3.1\MSTestProject.dll" adapterTypeName="executor://mstestadapter/v2" className="TwojeWesele.Services.Helpers.Tests.CurrencyHelperTests" name="FormatToStringTest100" />
    </UnitTest>
    <UnitTest name="FormatToStringTest100 (3521.3657738167635,3521.37 zł)" storage="c:\projekty\mstestproject\bin\debug\netcoreapp3.1\mstestproject.dll" id="fe80e111-5d16-4e70-9143-e9a12cbb707f">
      <TestCategory>
        <TestCategoryItem TestCategory="Category100" />
      </TestCategory>
      <Execution id="28cf1b4f-2b75-4390-a28d-7d9e7c294892" />
      <TestMethod codeBase="C:\Projekty\MSTestProject\bin\Debug\netcoreapp3.1\MSTestProject.dll" adapterTypeName="executor://mstestadapter/v2" className="TwojeWesele.Services.Helpers.Tests.CurrencyHelperTests" name="FormatToStringTest100" />
    </UnitTest>
    <UnitTest name="FormatToStringTest100 (74514.06270644537,74514.06 zł)" storage="c:\projekty\mstestproject\bin\debug\netcoreapp3.1\mstestproject.dll" id="d23a681b-1704-4342-90ad-1364614549cd">
      <TestCategory>
        <TestCategoryItem TestCategory="Category100" />
      </TestCategory>
      <Execution id="348411b5-fe37-464c-b2f2-3416d7267a73" />
      <TestMethod codeBase="C:\Projekty\MSTestProject\bin\Debug\netcoreapp3.1\MSTestProject.dll" adapterTypeName="executor://mstestadapter/v2" className="TwojeWesele.Services.Helpers.Tests.CurrencyHelperTests" name="FormatToStringTest100" />
    </UnitTest>
    <UnitTest name="FormatToStringTest100 (21961.272673999552,21961.27 zł)" storage="c:\projekty\mstestproject\bin\debug\netcoreapp3.1\mstestproject.dll" id="cd6feea3-8ae1-4970-a354-cfa6992c823d">
      <TestCategory>
        <TestCategoryItem TestCategory="Category100" />
      </TestCategory>
      <Execution id="415409b6-7152-461c-8145-96d31b5db9d9" />
      <TestMethod codeBase="C:\Projekty\MSTestProject\bin\Debug\netcoreapp3.1\MSTestProject.dll" adapterTypeName="executor://mstestadapter/v2" className="TwojeWesele.Services.Helpers.Tests.CurrencyHelperTests" name="FormatToStringTest100" />
    </UnitTest>
    <UnitTest name="FormatToStringTest100 (317.9090540706688,317.91 zł)" storage="c:\projekty\mstestproject\bin\debug\netcoreapp3.1\mstestproject.dll" id="bb35fa1d-3f90-47f4-94b6-f433e75b185d">
      <TestCategory>
        <TestCategoryItem TestCategory="Category100" />
      </TestCategory>
      <Execution id="f426b14e-1d8a-4a50-b555-cf5dd4bce380" />
      <TestMethod codeBase="C:\Projekty\MSTestProject\bin\Debug\netcoreapp3.1\MSTestProject.dll" adapterTypeName="executor://mstestadapter/v2" className="TwojeWesele.Services.Helpers.Tests.CurrencyHelperTests" name="FormatToStringTest100" />
    </UnitTest>
    <UnitTest name="FormatToStringTest100 (31290.71396233687,31290.71 zł)" storage="c:\projekty\mstestproject\bin\debug\netcoreapp3.1\mstestproject.dll" id="c35cdab1-4065-4896-8e36-0410b568eda2">
      <TestCategory>
        <TestCategoryItem TestCategory="Category100" />
      </TestCategory>
      <Execution id="cfcfcd62-254e-4b3f-b826-9542d2ead559" />
      <TestMethod codeBase="C:\Projekty\MSTestProject\bin\Debug\netcoreapp3.1\MSTestProject.dll" adapterTypeName="executor://mstestadapter/v2" className="TwojeWesele.Services.Helpers.Tests.CurrencyHelperTests" name="FormatToStringTest100" />
    </UnitTest>
    <UnitTest name="FormatToStringTest100 (52020.805412759444,52020.81 zł)" storage="c:\projekty\mstestproject\bin\debug\netcoreapp3.1\mstestproject.dll" id="ea70682b-682c-47c6-9f9b-e18aa464d47c">
      <TestCategory>
        <TestCategoryItem TestCategory="Category100" />
      </TestCategory>
      <Execution id="8116569a-bb03-42e7-aab8-75a26931f931" />
      <TestMethod codeBase="C:\Projekty\MSTestProject\bin\Debug\netcoreapp3.1\MSTestProject.dll" adapterTypeName="executor://mstestadapter/v2" className="TwojeWesele.Services.Helpers.Tests.CurrencyHelperTests" name="FormatToStringTest100" />
    </UnitTest>
    <UnitTest name="FormatToStringTest100 (591.2110872302256,591.21 zł)" storage="c:\projekty\mstestproject\bin\debug\netcoreapp3.1\mstestproject.dll" id="69f715e4-d76d-4cc9-8201-2782f6dab271">
      <TestCategory>
        <TestCategoryItem TestCategory="Category100" />
      </TestCategory>
      <Execution id="6b692b1c-261a-4fce-bc23-68935fca2771" />
      <TestMethod codeBase="C:\Projekty\MSTestProject\bin\Debug\netcoreapp3.1\MSTestProject.dll" adapterTypeName="executor://mstestadapter/v2" className="TwojeWesele.Services.Helpers.Tests.CurrencyHelperTests" name="FormatToStringTest100" />
    </UnitTest>
    <UnitTest name="FormatToStringTest100 (35784.54232617307,35784.54 zł)" storage="c:\projekty\mstestproject\bin\debug\netcoreapp3.1\mstestproject.dll" id="2256a40a-05ef-45d0-87f2-44477eadf55e">
      <TestCategory>
        <TestCategoryItem TestCategory="Category100" />
      </TestCategory>
      <Execution id="d0fa60d4-a68d-46c8-bd1b-e26fa406ef9e" />
      <TestMethod codeBase="C:\Projekty\MSTestProject\bin\Debug\netcoreapp3.1\MSTestProject.dll" adapterTypeName="executor://mstestadapter/v2" className="TwojeWesele.Services.Helpers.Tests.CurrencyHelperTests" name="FormatToStringTest100" />
    </UnitTest>
    <UnitTest name="FormatToStringTest100 (75350.77330865282,75350.77 zł)" storage="c:\projekty\mstestproject\bin\debug\netcoreapp3.1\mstestproject.dll" id="3b6c429c-72a4-44c4-80f2-1f8ec76b8ad9">
      <TestCategory>
        <TestCategoryItem TestCategory="Category100" />
      </TestCategory>
      <Execution id="3009e498-cd60-4132-9342-196fc035cfa5" />
      <TestMethod codeBase="C:\Projekty\MSTestProject\bin\Debug\netcoreapp3.1\MSTestProject.dll" adapterTypeName="executor://mstestadapter/v2" className="TwojeWesele.Services.Helpers.Tests.CurrencyHelperTests" name="FormatToStringTest100" />
    </UnitTest>
    <UnitTest name="FormatToStringTest100 (38640.62766693003,38640.63 zł)" storage="c:\projekty\mstestproject\bin\debug\netcoreapp3.1\mstestproject.dll" id="d27ea401-cef6-4f83-9611-625648205a93">
      <TestCategory>
        <TestCategoryItem TestCategory="Category100" />
      </TestCategory>
      <Execution id="6a7c9b46-378d-4195-be4f-04b8ffdfb948" />
      <TestMethod codeBase="C:\Projekty\MSTestProject\bin\Debug\netcoreapp3.1\MSTestProject.dll" adapterTypeName="executor://mstestadapter/v2" className="TwojeWesele.Services.Helpers.Tests.CurrencyHelperTests" name="FormatToStringTest100" />
    </UnitTest>
    <UnitTest name="FormatToStringTest100 (25990.318498101697,25990.32 zł)" storage="c:\projekty\mstestproject\bin\debug\netcoreapp3.1\mstestproject.dll" id="d1648618-3dea-431a-abd8-a376c0ddc417">
      <TestCategory>
        <TestCategoryItem TestCategory="Category100" />
      </TestCategory>
      <Execution id="ebb225f0-d565-4739-924f-163105c2fbfe" />
      <TestMethod codeBase="C:\Projekty\MSTestProject\bin\Debug\netcoreapp3.1\MSTestProject.dll" adapterTypeName="executor://mstestadapter/v2" className="TwojeWesele.Services.Helpers.Tests.CurrencyHelperTests" name="FormatToStringTest100" />
    </UnitTest>
    <UnitTest name="FormatToStringTest100 (1108.7197928823157,1108.72 zł)" storage="c:\projekty\mstestproject\bin\debug\netcoreapp3.1\mstestproject.dll" id="88d9f70c-d21e-483e-a902-4ec27915b4f3">
      <TestCategory>
        <TestCategoryItem TestCategory="Category100" />
      </TestCategory>
      <Execution id="327ae07d-c600-4a63-8a25-d5648f378a4c" />
      <TestMethod codeBase="C:\Projekty\MSTestProject\bin\Debug\netcoreapp3.1\MSTestProject.dll" adapterTypeName="executor://mstestadapter/v2" className="TwojeWesele.Services.Helpers.Tests.CurrencyHelperTests" name="FormatToStringTest100" />
    </UnitTest>
    <UnitTest name="FormatToStringTest100 (52858.048916166204,52858.05 zł)" storage="c:\projekty\mstestproject\bin\debug\netcoreapp3.1\mstestproject.dll" id="0665e067-a0de-433f-8003-a1db90aad6a9">
      <TestCategory>
        <TestCategoryItem TestCategory="Category100" />
      </TestCategory>
      <Execution id="37f768cd-ae75-47f1-9dcb-cea4e6b87784" />
      <TestMethod codeBase="C:\Projekty\MSTestProject\bin\Debug\netcoreapp3.1\MSTestProject.dll" adapterTypeName="executor://mstestadapter/v2" className="TwojeWesele.Services.Helpers.Tests.CurrencyHelperTests" name="FormatToStringTest100" />
    </UnitTest>
    <UnitTest name="FormatToStringTest100 (26515.80237687929,26515.80 zł)" storage="c:\projekty\mstestproject\bin\debug\netcoreapp3.1\mstestproject.dll" id="eee6ca3d-83a4-4b96-8119-49bb299527e3">
      <TestCategory>
        <TestCategoryItem TestCategory="Category100" />
      </TestCategory>
      <Execution id="a85d2da9-ab26-43f3-8052-875d46adfade" />
      <TestMethod codeBase="C:\Projekty\MSTestProject\bin\Debug\netcoreapp3.1\MSTestProject.dll" adapterTypeName="executor://mstestadapter/v2" className="TwojeWesele.Services.Helpers.Tests.CurrencyHelperTests" name="FormatToStringTest100" />
    </UnitTest>
    <UnitTest name="FormatToStringTest100 (22291.653251342315,22291.65 zł)" storage="c:\projekty\mstestproject\bin\debug\netcoreapp3.1\mstestproject.dll" id="1ed5dad5-d063-4e87-86fe-88e1cf39eef7">
      <TestCategory>
        <TestCategoryItem TestCategory="Category100" />
      </TestCategory>
      <Execution id="a4f05481-55cc-4b8f-a6ba-b37534c63174" />
      <TestMethod codeBase="C:\Projekty\MSTestProject\bin\Debug\netcoreapp3.1\MSTestProject.dll" adapterTypeName="executor://mstestadapter/v2" className="TwojeWesele.Services.Helpers.Tests.CurrencyHelperTests" name="FormatToStringTest100" />
    </UnitTest>
    <UnitTest name="FormatToStringTest100 (41876.979471482795,41876.98 zł)" storage="c:\projekty\mstestproject\bin\debug\netcoreapp3.1\mstestproject.dll" id="66124e82-bef4-4e68-be94-73706dc187ec">
      <TestCategory>
        <TestCategoryItem TestCategory="Category100" />
      </TestCategory>
      <Execution id="acb1cedb-e5ab-4417-9e30-13852aef2217" />
      <TestMethod codeBase="C:\Projekty\MSTestProject\bin\Debug\netcoreapp3.1\MSTestProject.dll" adapterTypeName="executor://mstestadapter/v2" className="TwojeWesele.Services.Helpers.Tests.CurrencyHelperTests" name="FormatToStringTest100" />
    </UnitTest>
    <UnitTest name="FormatToStringTest100 (9816.961298880615,9816.96 zł)" storage="c:\projekty\mstestproject\bin\debug\netcoreapp3.1\mstestproject.dll" id="7dde3e7f-da79-4e5b-bafd-ed257544cb39">
      <TestCategory>
        <TestCategoryItem TestCategory="Category100" />
      </TestCategory>
      <Execution id="60086d1a-f497-41f6-8f15-8e6ed3104c01" />
      <TestMethod codeBase="C:\Projekty\MSTestProject\bin\Debug\netcoreapp3.1\MSTestProject.dll" adapterTypeName="executor://mstestadapter/v2" className="TwojeWesele.Services.Helpers.Tests.CurrencyHelperTests" name="FormatToStringTest100" />
    </UnitTest>
    <UnitTest name="FormatToStringTest100 (20244.692955315437,20244.69 zł)" storage="c:\projekty\mstestproject\bin\debug\netcoreapp3.1\mstestproject.dll" id="2038b826-e4d2-4311-b9db-f17b2fddf74f">
      <TestCategory>
        <TestCategoryItem TestCategory="Category100" />
      </TestCategory>
      <Execution id="48428f6a-e2b8-4bb2-bf1f-a0699a50fb56" />
      <TestMethod codeBase="C:\Projekty\MSTestProject\bin\Debug\netcoreapp3.1\MSTestProject.dll" adapterTypeName="executor://mstestadapter/v2" className="TwojeWesele.Services.Helpers.Tests.CurrencyHelperTests" name="FormatToStringTest100" />
    </UnitTest>
    <UnitTest name="FormatToStringTest100 (740.3213011405064,740.32 zł)" storage="c:\projekty\mstestproject\bin\debug\netcoreapp3.1\mstestproject.dll" id="328e9d2c-312b-482d-ad3f-27107e897a2f">
      <TestCategory>
        <TestCategoryItem TestCategory="Category100" />
      </TestCategory>
      <Execution id="2d7c2899-f668-4b3d-971b-084eb74ec357" />
      <TestMethod codeBase="C:\Projekty\MSTestProject\bin\Debug\netcoreapp3.1\MSTestProject.dll" adapterTypeName="executor://mstestadapter/v2" className="TwojeWesele.Services.Helpers.Tests.CurrencyHelperTests" name="FormatToStringTest100" />
    </UnitTest>
    <UnitTest name="FormatToStringTest100 (15639.704937780603,15639.70 zł)" storage="c:\projekty\mstestproject\bin\debug\netcoreapp3.1\mstestproject.dll" id="12fe1796-9287-47f0-ba21-bb932b2265f6">
      <TestCategory>
        <TestCategoryItem TestCategory="Category100" />
      </TestCategory>
      <Execution id="c602c080-2021-4741-9edb-122a9baa1cda" />
      <TestMethod codeBase="C:\Projekty\MSTestProject\bin\Debug\netcoreapp3.1\MSTestProject.dll" adapterTypeName="executor://mstestadapter/v2" className="TwojeWesele.Services.Helpers.Tests.CurrencyHelperTests" name="FormatToStringTest100" />
    </UnitTest>
    <UnitTest name="FormatToStringTest100 (37589.670531794276,37589.67 zł)" storage="c:\projekty\mstestproject\bin\debug\netcoreapp3.1\mstestproject.dll" id="c29e285a-00e6-4b61-ba65-82f5e9cf2b27">
      <TestCategory>
        <TestCategoryItem TestCategory="Category100" />
      </TestCategory>
      <Execution id="c77d6cb3-c78e-4c0c-8b21-66cd3d76c548" />
      <TestMethod codeBase="C:\Projekty\MSTestProject\bin\Debug\netcoreapp3.1\MSTestProject.dll" adapterTypeName="executor://mstestadapter/v2" className="TwojeWesele.Services.Helpers.Tests.CurrencyHelperTests" name="FormatToStringTest100" />
    </UnitTest>
    <UnitTest name="FormatToStringTest100 (159.83786031922224,159.84 zł)" storage="c:\projekty\mstestproject\bin\debug\netcoreapp3.1\mstestproject.dll" id="88763ead-38e0-4375-a3f8-55c74517ccf4">
      <TestCategory>
        <TestCategoryItem TestCategory="Category100" />
      </TestCategory>
      <Execution id="95a6d0d3-ca37-4bd3-a587-df50eef6f80c" />
      <TestMethod codeBase="C:\Projekty\MSTestProject\bin\Debug\netcoreapp3.1\MSTestProject.dll" adapterTypeName="executor://mstestadapter/v2" className="TwojeWesele.Services.Helpers.Tests.CurrencyHelperTests" name="FormatToStringTest100" />
    </UnitTest>
    <UnitTest name="FormatToStringTest100 (5396.620088554277,5396.62 zł)" storage="c:\projekty\mstestproject\bin\debug\netcoreapp3.1\mstestproject.dll" id="e19b89bb-4a6a-4b31-8764-8ed9e15f42a1">
      <TestCategory>
        <TestCategoryItem TestCategory="Category100" />
      </TestCategory>
      <Execution id="7bc710eb-9aeb-4025-9c13-ef333ba1a0a5" />
      <TestMethod codeBase="C:\Projekty\MSTestProject\bin\Debug\netcoreapp3.1\MSTestProject.dll" adapterTypeName="executor://mstestadapter/v2" className="TwojeWesele.Services.Helpers.Tests.CurrencyHelperTests" name="FormatToStringTest100" />
    </UnitTest>
    <UnitTest name="FormatToStringTest100 (96.75594581512546,96.76 zł)" storage="c:\projekty\mstestproject\bin\debug\netcoreapp3.1\mstestproject.dll" id="ea8c9900-6bb5-4787-9ec3-ecb8ce4180ca">
      <TestCategory>
        <TestCategoryItem TestCategory="Category100" />
      </TestCategory>
      <Execution id="4473b133-2f55-4d13-9ab6-37ed912754ca" />
      <TestMethod codeBase="C:\Projekty\MSTestProject\bin\Debug\netcoreapp3.1\MSTestProject.dll" adapterTypeName="executor://mstestadapter/v2" className="TwojeWesele.Services.Helpers.Tests.CurrencyHelperTests" name="FormatToStringTest100" />
    </UnitTest>
    <UnitTest name="FormatToStringTest100 (9867.823212210007,9867.82 zł)" storage="c:\projekty\mstestproject\bin\debug\netcoreapp3.1\mstestproject.dll" id="37dcf12d-27de-45d7-98cf-962777b01723">
      <TestCategory>
        <TestCategoryItem TestCategory="Category100" />
      </TestCategory>
      <Execution id="5daee86d-508d-42be-9395-fbf3fbbc2814" />
      <TestMethod codeBase="C:\Projekty\MSTestProject\bin\Debug\netcoreapp3.1\MSTestProject.dll" adapterTypeName="executor://mstestadapter/v2" className="TwojeWesele.Services.Helpers.Tests.CurrencyHelperTests" name="FormatToStringTest100" />
    </UnitTest>
    <UnitTest name="FormatToStringTest100 (8499.121443388574,8499.12 zł)" storage="c:\projekty\mstestproject\bin\debug\netcoreapp3.1\mstestproject.dll" id="6c126e1f-7ffa-4755-836c-ffb29642e879">
      <TestCategory>
        <TestCategoryItem TestCategory="Category100" />
      </TestCategory>
      <Execution id="6208e4eb-7d2d-41fb-bc4a-36ab009f6177" />
      <TestMethod codeBase="C:\Projekty\MSTestProject\bin\Debug\netcoreapp3.1\MSTestProject.dll" adapterTypeName="executor://mstestadapter/v2" className="TwojeWesele.Services.Helpers.Tests.CurrencyHelperTests" name="FormatToStringTest100" />
    </UnitTest>
    <UnitTest name="FormatToStringTest100 (16986.338876065027,16986.34 zł)" storage="c:\projekty\mstestproject\bin\debug\netcoreapp3.1\mstestproject.dll" id="9ba98916-eb8a-4ada-8948-1d47a2ba4fa7">
      <TestCategory>
        <TestCategoryItem TestCategory="Category100" />
      </TestCategory>
      <Execution id="77ca869a-8ffc-4b24-b387-2adf198e0a75" />
      <TestMethod codeBase="C:\Projekty\MSTestProject\bin\Debug\netcoreapp3.1\MSTestProject.dll" adapterTypeName="executor://mstestadapter/v2" className="TwojeWesele.Services.Helpers.Tests.CurrencyHelperTests" name="FormatToStringTest100" />
    </UnitTest>
    <UnitTest name="FormatToStringTest100 (32218.080508120394,32218.08 zł)" storage="c:\projekty\mstestproject\bin\debug\netcoreapp3.1\mstestproject.dll" id="38506408-c37e-4167-8c63-ba0c66460fb3">
      <TestCategory>
        <TestCategoryItem TestCategory="Category100" />
      </TestCategory>
      <Execution id="642cfdda-26c5-4e03-a111-d04ff2ee300f" />
      <TestMethod codeBase="C:\Projekty\MSTestProject\bin\Debug\netcoreapp3.1\MSTestProject.dll" adapterTypeName="executor://mstestadapter/v2" className="TwojeWesele.Services.Helpers.Tests.CurrencyHelperTests" name="FormatToStringTest100" />
    </UnitTest>
    <UnitTest name="FormatToStringTest100 (45603.90324273142,45603.90 zł)" storage="c:\projekty\mstestproject\bin\debug\netcoreapp3.1\mstestproject.dll" id="5e33c7ed-6a58-444b-bf65-53b1bf27743e">
      <TestCategory>
        <TestCategoryItem TestCategory="Category100" />
      </TestCategory>
      <Execution id="56e6173d-da6b-422e-a415-b7f05cd5ac80" />
      <TestMethod codeBase="C:\Projekty\MSTestProject\bin\Debug\netcoreapp3.1\MSTestProject.dll" adapterTypeName="executor://mstestadapter/v2" className="TwojeWesele.Services.Helpers.Tests.CurrencyHelperTests" name="FormatToStringTest100" />
    </UnitTest>
    <UnitTest name="FormatToStringTest100 (2937.138486199611,2937.14 zł)" storage="c:\projekty\mstestproject\bin\debug\netcoreapp3.1\mstestproject.dll" id="288b6366-6ce6-4817-99e6-e6aef4a10d35">
      <TestCategory>
        <TestCategoryItem TestCategory="Category100" />
      </TestCategory>
      <Execution id="74488e3b-20b4-475c-b859-61b8eb78985a" />
      <TestMethod codeBase="C:\Projekty\MSTestProject\bin\Debug\netcoreapp3.1\MSTestProject.dll" adapterTypeName="executor://mstestadapter/v2" className="TwojeWesele.Services.Helpers.Tests.CurrencyHelperTests" name="FormatToStringTest100" />
    </UnitTest>
    <UnitTest name="FormatToStringTest100 (50991.22189691114,50991.22 zł)" storage="c:\projekty\mstestproject\bin\debug\netcoreapp3.1\mstestproject.dll" id="1c668902-080f-4fc8-be53-a83e37d7598e">
      <TestCategory>
        <TestCategoryItem TestCategory="Category100" />
      </TestCategory>
      <Execution id="4b946649-efb2-4430-bc52-830a6e97f6f2" />
      <TestMethod codeBase="C:\Projekty\MSTestProject\bin\Debug\netcoreapp3.1\MSTestProject.dll" adapterTypeName="executor://mstestadapter/v2" className="TwojeWesele.Services.Helpers.Tests.CurrencyHelperTests" name="FormatToStringTest100" />
    </UnitTest>
    <UnitTest name="FormatToStringTest100 (16383.352881839199,16383.35 zł)" storage="c:\projekty\mstestproject\bin\debug\netcoreapp3.1\mstestproject.dll" id="fdc0a18f-cf22-4748-9330-f704325369ff">
      <TestCategory>
        <TestCategoryItem TestCategory="Category100" />
      </TestCategory>
      <Execution id="39cb079f-2198-407d-9204-6adb3afc3c63" />
      <TestMethod codeBase="C:\Projekty\MSTestProject\bin\Debug\netcoreapp3.1\MSTestProject.dll" adapterTypeName="executor://mstestadapter/v2" className="TwojeWesele.Services.Helpers.Tests.CurrencyHelperTests" name="FormatToStringTest100" />
    </UnitTest>
    <UnitTest name="FormatToStringTest100 (10784.438152511344,10784.44 zł)" storage="c:\projekty\mstestproject\bin\debug\netcoreapp3.1\mstestproject.dll" id="8fa81d26-9f1a-4a46-a684-46fbc6eb2e6e">
      <TestCategory>
        <TestCategoryItem TestCategory="Category100" />
      </TestCategory>
      <Execution id="3821a4f2-6174-4325-8a6d-e185fd6ed362" />
      <TestMethod codeBase="C:\Projekty\MSTestProject\bin\Debug\netcoreapp3.1\MSTestProject.dll" adapterTypeName="executor://mstestadapter/v2" className="TwojeWesele.Services.Helpers.Tests.CurrencyHelperTests" name="FormatToStringTest100" />
    </UnitTest>
    <UnitTest name="FormatToStringTest100 (34096.337879508894,34096.34 zł)" storage="c:\projekty\mstestproject\bin\debug\netcoreapp3.1\mstestproject.dll" id="24d053b6-9e22-43d5-8674-87e8ae0ed2e4">
      <TestCategory>
        <TestCategoryItem TestCategory="Category100" />
      </TestCategory>
      <Execution id="346223f0-5dff-43e4-be34-ecc9c310c45f" />
      <TestMethod codeBase="C:\Projekty\MSTestProject\bin\Debug\netcoreapp3.1\MSTestProject.dll" adapterTypeName="executor://mstestadapter/v2" className="TwojeWesele.Services.Helpers.Tests.CurrencyHelperTests" name="FormatToStringTest100" />
    </UnitTest>
    <UnitTest name="FormatToStringTest100 (1300.9430775404642,1300.94 zł)" storage="c:\projekty\mstestproject\bin\debug\netcoreapp3.1\mstestproject.dll" id="33278ab4-1a95-4ac1-ba67-a123a45b6eba">
      <TestCategory>
        <TestCategoryItem TestCategory="Category100" />
      </TestCategory>
      <Execution id="b1bedd3c-8f10-4a2d-94d4-719e4e7f82fd" />
      <TestMethod codeBase="C:\Projekty\MSTestProject\bin\Debug\netcoreapp3.1\MSTestProject.dll" adapterTypeName="executor://mstestadapter/v2" className="TwojeWesele.Services.Helpers.Tests.CurrencyHelperTests" name="FormatToStringTest100" />
    </UnitTest>
    <UnitTest name="FormatToStringTest100 (1614.2516601789982,1614.25 zł)" storage="c:\projekty\mstestproject\bin\debug\netcoreapp3.1\mstestproject.dll" id="61591f23-e40b-4c64-9614-7c8584134070">
      <TestCategory>
        <TestCategoryItem TestCategory="Category100" />
      </TestCategory>
      <Execution id="142627fd-cec4-44ba-ba71-ef8c2caeb7d6" />
      <TestMethod codeBase="C:\Projekty\MSTestProject\bin\Debug\netcoreapp3.1\MSTestProject.dll" adapterTypeName="executor://mstestadapter/v2" className="TwojeWesele.Services.Helpers.Tests.CurrencyHelperTests" name="FormatToStringTest100" />
    </UnitTest>
    <UnitTest name="FormatToStringTest100 (736.7398243680316,736.74 zł)" storage="c:\projekty\mstestproject\bin\debug\netcoreapp3.1\mstestproject.dll" id="08a47c40-11d6-4d49-9bf9-a70739fe5479">
      <TestCategory>
        <TestCategoryItem TestCategory="Category100" />
      </TestCategory>
      <Execution id="10177bc6-c867-4c6a-afeb-be0d803788c7" />
      <TestMethod codeBase="C:\Projekty\MSTestProject\bin\Debug\netcoreapp3.1\MSTestProject.dll" adapterTypeName="executor://mstestadapter/v2" className="TwojeWesele.Services.Helpers.Tests.CurrencyHelperTests" name="FormatToStringTest100" />
    </UnitTest>
    <UnitTest name="FormatToStringTest100 (468.83385119346616,468.83 zł)" storage="c:\projekty\mstestproject\bin\debug\netcoreapp3.1\mstestproject.dll" id="3f8603eb-a45a-44c7-b9b6-a92c52f3605a">
      <TestCategory>
        <TestCategoryItem TestCategory="Category100" />
      </TestCategory>
      <Execution id="10cfb9f1-c42e-44e9-aa98-5b296087164f" />
      <TestMethod codeBase="C:\Projekty\MSTestProject\bin\Debug\netcoreapp3.1\MSTestProject.dll" adapterTypeName="executor://mstestadapter/v2" className="TwojeWesele.Services.Helpers.Tests.CurrencyHelperTests" name="FormatToStringTest100" />
    </UnitTest>
    <UnitTest name="FormatToStringTest100 (12949.590713378317,12949.59 zł)" storage="c:\projekty\mstestproject\bin\debug\netcoreapp3.1\mstestproject.dll" id="b77c06b9-f56a-4d20-97c0-8d0c27df2cff">
      <TestCategory>
        <TestCategoryItem TestCategory="Category100" />
      </TestCategory>
      <Execution id="4712789b-3f1a-46a1-9756-664a4275f181" />
      <TestMethod codeBase="C:\Projekty\MSTestProject\bin\Debug\netcoreapp3.1\MSTestProject.dll" adapterTypeName="executor://mstestadapter/v2" className="TwojeWesele.Services.Helpers.Tests.CurrencyHelperTests" name="FormatToStringTest100" />
    </UnitTest>
    <UnitTest name="FormatToStringTest100 (1741.3334432818617,1741.33 zł)" storage="c:\projekty\mstestproject\bin\debug\netcoreapp3.1\mstestproject.dll" id="b34f1fdd-8ba2-486e-ae49-267436bd0bc2">
      <TestCategory>
        <TestCategoryItem TestCategory="Category100" />
      </TestCategory>
      <Execution id="2cce663b-8515-4d60-afa8-2f69a5891547" />
      <TestMethod codeBase="C:\Projekty\MSTestProject\bin\Debug\netcoreapp3.1\MSTestProject.dll" adapterTypeName="executor://mstestadapter/v2" className="TwojeWesele.Services.Helpers.Tests.CurrencyHelperTests" name="FormatToStringTest100" />
    </UnitTest>
    <UnitTest name="FormatToStringTest100 (78822.37212685234,78822.37 zł)" storage="c:\projekty\mstestproject\bin\debug\netcoreapp3.1\mstestproject.dll" id="eead6b25-5942-4d68-a1c1-73a2b8c73b31">
      <TestCategory>
        <TestCategoryItem TestCategory="Category100" />
      </TestCategory>
      <Execution id="0fb0a290-fbd8-44d2-9102-12ac8bfad4b6" />
      <TestMethod codeBase="C:\Projekty\MSTestProject\bin\Debug\netcoreapp3.1\MSTestProject.dll" adapterTypeName="executor://mstestadapter/v2" className="TwojeWesele.Services.Helpers.Tests.CurrencyHelperTests" name="FormatToStringTest100" />
    </UnitTest>
    <UnitTest name="FormatToStringTest100 (80609.94377465078,80609.94 zł)" storage="c:\projekty\mstestproject\bin\debug\netcoreapp3.1\mstestproject.dll" id="fb1dc1d2-7676-4e32-967b-2c8ebee54d19">
      <TestCategory>
        <TestCategoryItem TestCategory="Category100" />
      </TestCategory>
      <Execution id="7bd91568-8b4a-4954-a7a4-eddc0e208d74" />
      <TestMethod codeBase="C:\Projekty\MSTestProject\bin\Debug\netcoreapp3.1\MSTestProject.dll" adapterTypeName="executor://mstestadapter/v2" className="TwojeWesele.Services.Helpers.Tests.CurrencyHelperTests" name="FormatToStringTest100" />
    </UnitTest>
    <UnitTest name="FormatToStringTest100 (7124.979180760672,7124.98 zł)" storage="c:\projekty\mstestproject\bin\debug\netcoreapp3.1\mstestproject.dll" id="26c1a1e4-2023-4aa2-ad77-c14ca4f2894c">
      <TestCategory>
        <TestCategoryItem TestCategory="Category100" />
      </TestCategory>
      <Execution id="c6580038-c354-4c84-970d-d5fa1bdc1d66" />
      <TestMethod codeBase="C:\Projekty\MSTestProject\bin\Debug\netcoreapp3.1\MSTestProject.dll" adapterTypeName="executor://mstestadapter/v2" className="TwojeWesele.Services.Helpers.Tests.CurrencyHelperTests" name="FormatToStringTest100" />
    </UnitTest>
    <UnitTest name="FormatToStringTest100 (17953.338243749615,17953.34 zł)" storage="c:\projekty\mstestproject\bin\debug\netcoreapp3.1\mstestproject.dll" id="81616ab3-d009-49f3-be41-78af3f045d7a">
      <TestCategory>
        <TestCategoryItem TestCategory="Category100" />
      </TestCategory>
      <Execution id="c8d6f1b2-6195-4436-9483-d1a5d52242c0" />
      <TestMethod codeBase="C:\Projekty\MSTestProject\bin\Debug\netcoreapp3.1\MSTestProject.dll" adapterTypeName="executor://mstestadapter/v2" className="TwojeWesele.Services.Helpers.Tests.CurrencyHelperTests" name="FormatToStringTest100" />
    </UnitTest>
    <UnitTest name="FormatToStringTest100 (69864.17463991146,69864.17 zł)" storage="c:\projekty\mstestproject\bin\debug\netcoreapp3.1\mstestproject.dll" id="28488c06-9b54-4a1d-a0af-29132bbfd3cb">
      <TestCategory>
        <TestCategoryItem TestCategory="Category100" />
      </TestCategory>
      <Execution id="a8a2d9f5-4109-4204-81ba-536ceca4343b" />
      <TestMethod codeBase="C:\Projekty\MSTestProject\bin\Debug\netcoreapp3.1\MSTestProject.dll" adapterTypeName="executor://mstestadapter/v2" className="TwojeWesele.Services.Helpers.Tests.CurrencyHelperTests" name="FormatToStringTest100" />
    </UnitTest>
    <UnitTest name="FormatToStringTest100 (7594.279030504766,7594.28 zł)" storage="c:\projekty\mstestproject\bin\debug\netcoreapp3.1\mstestproject.dll" id="1bc33676-809d-46dc-ae33-d6fd4123647d">
      <TestCategory>
        <TestCategoryItem TestCategory="Category100" />
      </TestCategory>
      <Execution id="15e39dfb-e202-4ca4-8f85-550858a82690" />
      <TestMethod codeBase="C:\Projekty\MSTestProject\bin\Debug\netcoreapp3.1\MSTestProject.dll" adapterTypeName="executor://mstestadapter/v2" className="TwojeWesele.Services.Helpers.Tests.CurrencyHelperTests" name="FormatToStringTest100" />
    </UnitTest>
    <UnitTest name="FormatToStringTest100 (52810.91713865516,52810.92 zł)" storage="c:\projekty\mstestproject\bin\debug\netcoreapp3.1\mstestproject.dll" id="9ee4db06-d7ad-4f77-aef0-db3c7f0d9f5b">
      <TestCategory>
        <TestCategoryItem TestCategory="Category100" />
      </TestCategory>
      <Execution id="76eb7892-75f9-44ab-a050-58ff635f784d" />
      <TestMethod codeBase="C:\Projekty\MSTestProject\bin\Debug\netcoreapp3.1\MSTestProject.dll" adapterTypeName="executor://mstestadapter/v2" className="TwojeWesele.Services.Helpers.Tests.CurrencyHelperTests" name="FormatToStringTest100" />
    </UnitTest>
    <UnitTest name="FormatToStringTest100 (1208.1827589441941,1208.18 zł)" storage="c:\projekty\mstestproject\bin\debug\netcoreapp3.1\mstestproject.dll" id="101cc858-7c07-4430-bc0a-b336c7142bc6">
      <TestCategory>
        <TestCategoryItem TestCategory="Category100" />
      </TestCategory>
      <Execution id="7c06dad7-9502-42bd-9bdb-b7875d5cc6dd" />
      <TestMethod codeBase="C:\Projekty\MSTestProject\bin\Debug\netcoreapp3.1\MSTestProject.dll" adapterTypeName="executor://mstestadapter/v2" className="TwojeWesele.Services.Helpers.Tests.CurrencyHelperTests" name="FormatToStringTest100" />
    </UnitTest>
    <UnitTest name="FormatToStringTest100 (17252.06220983903,17252.06 zł)" storage="c:\projekty\mstestproject\bin\debug\netcoreapp3.1\mstestproject.dll" id="089722c9-945e-4099-930f-31d3274b58b1">
      <TestCategory>
        <TestCategoryItem TestCategory="Category100" />
      </TestCategory>
      <Execution id="f201b931-ecde-43ac-95fb-0989c88864b5" />
      <TestMethod codeBase="C:\Projekty\MSTestProject\bin\Debug\netcoreapp3.1\MSTestProject.dll" adapterTypeName="executor://mstestadapter/v2" className="TwojeWesele.Services.Helpers.Tests.CurrencyHelperTests" name="FormatToStringTest100" />
    </UnitTest>
    <UnitTest name="FormatToStringTest100 (50339.31259969497,50339.31 zł)" storage="c:\projekty\mstestproject\bin\debug\netcoreapp3.1\mstestproject.dll" id="5de460ac-29d3-4aea-b7d7-7279a4491716">
      <TestCategory>
        <TestCategoryItem TestCategory="Category100" />
      </TestCategory>
      <Execution id="66cfc263-1e20-4697-93ad-1feba4df3fb7" />
      <TestMethod codeBase="C:\Projekty\MSTestProject\bin\Debug\netcoreapp3.1\MSTestProject.dll" adapterTypeName="executor://mstestadapter/v2" className="TwojeWesele.Services.Helpers.Tests.CurrencyHelperTests" name="FormatToStringTest100" />
    </UnitTest>
    <UnitTest name="FormatToStringTest100 (19541.10539777116,19541.11 zł)" storage="c:\projekty\mstestproject\bin\debug\netcoreapp3.1\mstestproject.dll" id="04aaa1e7-23af-42f6-840f-41111c5f3194">
      <TestCategory>
        <TestCategoryItem TestCategory="Category100" />
      </TestCategory>
      <Execution id="2d8a9d06-35c5-422c-996e-610d427a5def" />
      <TestMethod codeBase="C:\Projekty\MSTestProject\bin\Debug\netcoreapp3.1\MSTestProject.dll" adapterTypeName="executor://mstestadapter/v2" className="TwojeWesele.Services.Helpers.Tests.CurrencyHelperTests" name="FormatToStringTest100" />
    </UnitTest>
    <UnitTest name="FormatToStringTest100 (6958.393354767186,6958.39 zł)" storage="c:\projekty\mstestproject\bin\debug\netcoreapp3.1\mstestproject.dll" id="b8fa4be8-1b25-4405-9126-deea75dd965f">
      <TestCategory>
        <TestCategoryItem TestCategory="Category100" />
      </TestCategory>
      <Execution id="23bd5525-32ab-4457-a0ed-3046617144eb" />
      <TestMethod codeBase="C:\Projekty\MSTestProject\bin\Debug\netcoreapp3.1\MSTestProject.dll" adapterTypeName="executor://mstestadapter/v2" className="TwojeWesele.Services.Helpers.Tests.CurrencyHelperTests" name="FormatToStringTest100" />
    </UnitTest>
    <UnitTest name="FormatToStringTest100 (15566.957545477411,15566.96 zł)" storage="c:\projekty\mstestproject\bin\debug\netcoreapp3.1\mstestproject.dll" id="a8c22977-0e66-41df-b583-d5c9c806c16a">
      <TestCategory>
        <TestCategoryItem TestCategory="Category100" />
      </TestCategory>
      <Execution id="8e6d48f6-ffd0-47a6-9ff0-a24cc9b157a9" />
      <TestMethod codeBase="C:\Projekty\MSTestProject\bin\Debug\netcoreapp3.1\MSTestProject.dll" adapterTypeName="executor://mstestadapter/v2" className="TwojeWesele.Services.Helpers.Tests.CurrencyHelperTests" name="FormatToStringTest100" />
    </UnitTest>
    <UnitTest name="FormatToStringTest100 (32632.105531036905,32632.11 zł)" storage="c:\projekty\mstestproject\bin\debug\netcoreapp3.1\mstestproject.dll" id="98a1d023-46fe-4046-a87c-388d8243e0c1">
      <TestCategory>
        <TestCategoryItem TestCategory="Category100" />
      </TestCategory>
      <Execution id="2964b4b1-dad2-4f74-bff7-20078fc996be" />
      <TestMethod codeBase="C:\Projekty\MSTestProject\bin\Debug\netcoreapp3.1\MSTestProject.dll" adapterTypeName="executor://mstestadapter/v2" className="TwojeWesele.Services.Helpers.Tests.CurrencyHelperTests" name="FormatToStringTest100" />
    </UnitTest>
    <UnitTest name="FormatToStringTest100 (62975.496334776515,62975.50 zł)" storage="c:\projekty\mstestproject\bin\debug\netcoreapp3.1\mstestproject.dll" id="f490acab-28ee-4349-b03e-ace31043725d">
      <TestCategory>
        <TestCategoryItem TestCategory="Category100" />
      </TestCategory>
      <Execution id="1f24a796-5bc0-4d1b-a309-3297b361654c" />
      <TestMethod codeBase="C:\Projekty\MSTestProject\bin\Debug\netcoreapp3.1\MSTestProject.dll" adapterTypeName="executor://mstestadapter/v2" className="TwojeWesele.Services.Helpers.Tests.CurrencyHelperTests" name="FormatToStringTest100" />
    </UnitTest>
    <UnitTest name="FormatToStringTest100 (40857.08543233996,40857.09 zł)" storage="c:\projekty\mstestproject\bin\debug\netcoreapp3.1\mstestproject.dll" id="cfdea7a8-da16-4f8a-a05b-f663610133f5">
      <TestCategory>
        <TestCategoryItem TestCategory="Category100" />
      </TestCategory>
      <Execution id="8944350a-270d-4a90-9c3d-1451b9bbdbf6" />
      <TestMethod codeBase="C:\Projekty\MSTestProject\bin\Debug\netcoreapp3.1\MSTestProject.dll" adapterTypeName="executor://mstestadapter/v2" className="TwojeWesele.Services.Helpers.Tests.CurrencyHelperTests" name="FormatToStringTest100" />
    </UnitTest>
    <UnitTest name="FormatToStringTest100 (86.89546322771136,86.90 zł)" storage="c:\projekty\mstestproject\bin\debug\netcoreapp3.1\mstestproject.dll" id="3909d74b-d1e1-4576-8a3e-d28e54d88802">
      <TestCategory>
        <TestCategoryItem TestCategory="Category100" />
      </TestCategory>
      <Execution id="0686ac2b-dfbf-431d-9fd4-14b60b9ef4ea" />
      <TestMethod codeBase="C:\Projekty\MSTestProject\bin\Debug\netcoreapp3.1\MSTestProject.dll" adapterTypeName="executor://mstestadapter/v2" className="TwojeWesele.Services.Helpers.Tests.CurrencyHelperTests" name="FormatToStringTest100" />
    </UnitTest>
    <UnitTest name="FormatToStringTest100 (28502.61128259758,28502.61 zł)" storage="c:\projekty\mstestproject\bin\debug\netcoreapp3.1\mstestproject.dll" id="c28b7f5a-e649-464b-8475-c4cf77a1bedb">
      <TestCategory>
        <TestCategoryItem TestCategory="Category100" />
      </TestCategory>
      <Execution id="64d28fe9-2b53-4897-8fb2-c4d7acd2d117" />
      <TestMethod codeBase="C:\Projekty\MSTestProject\bin\Debug\netcoreapp3.1\MSTestProject.dll" adapterTypeName="executor://mstestadapter/v2" className="TwojeWesele.Services.Helpers.Tests.CurrencyHelperTests" name="FormatToStringTest100" />
    </UnitTest>
    <UnitTest name="FormatToStringTest100 (726.8087564975995,726.81 zł)" storage="c:\projekty\mstestproject\bin\debug\netcoreapp3.1\mstestproject.dll" id="b0d98ee8-7502-4df8-9983-58f8ce499c8d">
      <TestCategory>
        <TestCategoryItem TestCategory="Category100" />
      </TestCategory>
      <Execution id="a0c10ed1-7e13-44da-a64b-6bcd7f6e7414" />
      <TestMethod codeBase="C:\Projekty\MSTestProject\bin\Debug\netcoreapp3.1\MSTestProject.dll" adapterTypeName="executor://mstestadapter/v2" className="TwojeWesele.Services.Helpers.Tests.CurrencyHelperTests" name="FormatToStringTest100" />
    </UnitTest>
    <UnitTest name="FormatToStringTest100 (64210.358316209335,64210.36 zł)" storage="c:\projekty\mstestproject\bin\debug\netcoreapp3.1\mstestproject.dll" id="5e0ba49c-eef1-4170-89c3-7c0327a01590">
      <TestCategory>
        <TestCategoryItem TestCategory="Category100" />
      </TestCategory>
      <Execution id="aa749ee5-46a9-4712-a6f9-65b3cd0a03d6" />
      <TestMethod codeBase="C:\Projekty\MSTestProject\bin\Debug\netcoreapp3.1\MSTestProject.dll" adapterTypeName="executor://mstestadapter/v2" className="TwojeWesele.Services.Helpers.Tests.CurrencyHelperTests" name="FormatToStringTest100" />
    </UnitTest>
    <UnitTest name="FormatToStringTest100 (33206.73122987837,33206.73 zł)" storage="c:\projekty\mstestproject\bin\debug\netcoreapp3.1\mstestproject.dll" id="b672073f-1cf5-4987-a88b-bde46b179373">
      <TestCategory>
        <TestCategoryItem TestCategory="Category100" />
      </TestCategory>
      <Execution id="063260a8-bbe1-433f-aa10-3c204844b964" />
      <TestMethod codeBase="C:\Projekty\MSTestProject\bin\Debug\netcoreapp3.1\MSTestProject.dll" adapterTypeName="executor://mstestadapter/v2" className="TwojeWesele.Services.Helpers.Tests.CurrencyHelperTests" name="FormatToStringTest100" />
    </UnitTest>
    <UnitTest name="FormatToStringTest100 (2292.8331871111104,2292.83 zł)" storage="c:\projekty\mstestproject\bin\debug\netcoreapp3.1\mstestproject.dll" id="b79a323b-a4c9-4205-9184-21ebe0eb04bc">
      <TestCategory>
        <TestCategoryItem TestCategory="Category100" />
      </TestCategory>
      <Execution id="8efdd035-d691-4a8b-ae63-c38ae63e23bb" />
      <TestMethod codeBase="C:\Projekty\MSTestProject\bin\Debug\netcoreapp3.1\MSTestProject.dll" adapterTypeName="executor://mstestadapter/v2" className="TwojeWesele.Services.Helpers.Tests.CurrencyHelperTests" name="FormatToStringTest100" />
    </UnitTest>
    <UnitTest name="FormatToStringTest100 (10914.360814625099,10914.36 zł)" storage="c:\projekty\mstestproject\bin\debug\netcoreapp3.1\mstestproject.dll" id="7dc52151-5c43-49c8-b0aa-b80c67d8bbc7">
      <TestCategory>
        <TestCategoryItem TestCategory="Category100" />
      </TestCategory>
      <Execution id="753346e6-7536-46ca-b526-92247259537e" />
      <TestMethod codeBase="C:\Projekty\MSTestProject\bin\Debug\netcoreapp3.1\MSTestProject.dll" adapterTypeName="executor://mstestadapter/v2" className="TwojeWesele.Services.Helpers.Tests.CurrencyHelperTests" name="FormatToStringTest100" />
    </UnitTest>
    <UnitTest name="FormatToStringTest100 (5628.028273674672,5628.03 zł)" storage="c:\projekty\mstestproject\bin\debug\netcoreapp3.1\mstestproject.dll" id="b24a5070-ccba-4111-9e44-100ef21421d2">
      <TestCategory>
        <TestCategoryItem TestCategory="Category100" />
      </TestCategory>
      <Execution id="8bc0f986-2c5e-4926-9a9f-abdc513ed05b" />
      <TestMethod codeBase="C:\Projekty\MSTestProject\bin\Debug\netcoreapp3.1\MSTestProject.dll" adapterTypeName="executor://mstestadapter/v2" className="TwojeWesele.Services.Helpers.Tests.CurrencyHelperTests" name="FormatToStringTest100" />
    </UnitTest>
    <UnitTest name="FormatToStringTest100 (10268.547802396373,10268.55 zł)" storage="c:\projekty\mstestproject\bin\debug\netcoreapp3.1\mstestproject.dll" id="0a6c34a0-2273-4cf1-8db5-6d6a1302be70">
      <TestCategory>
        <TestCategoryItem TestCategory="Category100" />
      </TestCategory>
      <Execution id="34b1f704-c29e-4a4e-bd43-20ae159ef917" />
      <TestMethod codeBase="C:\Projekty\MSTestProject\bin\Debug\netcoreapp3.1\MSTestProject.dll" adapterTypeName="executor://mstestadapter/v2" className="TwojeWesele.Services.Helpers.Tests.CurrencyHelperTests" name="FormatToStringTest100" />
    </UnitTest>
    <UnitTest name="FormatToStringTest100 (6864.093052674129,6864.09 zł)" storage="c:\projekty\mstestproject\bin\debug\netcoreapp3.1\mstestproject.dll" id="421ab985-7b6f-4818-b7b0-c3caa2899e7b">
      <TestCategory>
        <TestCategoryItem TestCategory="Category100" />
      </TestCategory>
      <Execution id="04f4d8b0-a30e-42f7-a8ae-73d98e81af43" />
      <TestMethod codeBase="C:\Projekty\MSTestProject\bin\Debug\netcoreapp3.1\MSTestProject.dll" adapterTypeName="executor://mstestadapter/v2" className="TwojeWesele.Services.Helpers.Tests.CurrencyHelperTests" name="FormatToStringTest100" />
    </UnitTest>
    <UnitTest name="FormatToStringTest100 (31300.40752580967,31300.41 zł)" storage="c:\projekty\mstestproject\bin\debug\netcoreapp3.1\mstestproject.dll" id="bc5f469a-d7bb-4b59-8cf2-1a7baf670dfc">
      <TestCategory>
        <TestCategoryItem TestCategory="Category100" />
      </TestCategory>
      <Execution id="35f4d3e7-eef8-4582-9ab8-734b2ac59089" />
      <TestMethod codeBase="C:\Projekty\MSTestProject\bin\Debug\netcoreapp3.1\MSTestProject.dll" adapterTypeName="executor://mstestadapter/v2" className="TwojeWesele.Services.Helpers.Tests.CurrencyHelperTests" name="FormatToStringTest100" />
    </UnitTest>
    <UnitTest name="FormatToStringTest100 (28072.424637532058,28072.42 zł)" storage="c:\projekty\mstestproject\bin\debug\netcoreapp3.1\mstestproject.dll" id="f1449e08-4c0b-421b-8440-127751935cb4">
      <TestCategory>
        <TestCategoryItem TestCategory="Category100" />
      </TestCategory>
      <Execution id="11dd32f5-7be0-445d-90c0-025828f77bf8" />
      <TestMethod codeBase="C:\Projekty\MSTestProject\bin\Debug\netcoreapp3.1\MSTestProject.dll" adapterTypeName="executor://mstestadapter/v2" className="TwojeWesele.Services.Helpers.Tests.CurrencyHelperTests" name="FormatToStringTest100" />
    </UnitTest>
    <UnitTest name="FormatToStringTest100 (35145.379208063416,35145.38 zł)" storage="c:\projekty\mstestproject\bin\debug\netcoreapp3.1\mstestproject.dll" id="d165b086-9254-424c-b84a-58af196e0178">
      <TestCategory>
        <TestCategoryItem TestCategory="Category100" />
      </TestCategory>
      <Execution id="2a22d98c-edb4-42c7-a408-112024b99848" />
      <TestMethod codeBase="C:\Projekty\MSTestProject\bin\Debug\netcoreapp3.1\MSTestProject.dll" adapterTypeName="executor://mstestadapter/v2" className="TwojeWesele.Services.Helpers.Tests.CurrencyHelperTests" name="FormatToStringTest100" />
    </UnitTest>
    <UnitTest name="FormatToStringTest100 (79973.08417819678,79973.08 zł)" storage="c:\projekty\mstestproject\bin\debug\netcoreapp3.1\mstestproject.dll" id="5139fdc8-63ee-4ba4-b192-e383abfa19ba">
      <TestCategory>
        <TestCategoryItem TestCategory="Category100" />
      </TestCategory>
      <Execution id="1a31e13d-c518-4dd4-a6fa-63c471919e93" />
      <TestMethod codeBase="C:\Projekty\MSTestProject\bin\Debug\netcoreapp3.1\MSTestProject.dll" adapterTypeName="executor://mstestadapter/v2" className="TwojeWesele.Services.Helpers.Tests.CurrencyHelperTests" name="FormatToStringTest100" />
    </UnitTest>
    <UnitTest name="FormatToStringTest100 (11912.404131636213,11912.40 zł)" storage="c:\projekty\mstestproject\bin\debug\netcoreapp3.1\mstestproject.dll" id="eca5ecbc-f1c2-48f0-befb-10af4e75af72">
      <TestCategory>
        <TestCategoryItem TestCategory="Category100" />
      </TestCategory>
      <Execution id="7ab47eb7-d554-468c-964d-355d5bd4ea25" />
      <TestMethod codeBase="C:\Projekty\MSTestProject\bin\Debug\netcoreapp3.1\MSTestProject.dll" adapterTypeName="executor://mstestadapter/v2" className="TwojeWesele.Services.Helpers.Tests.CurrencyHelperTests" name="FormatToStringTest100" />
    </UnitTest>
    <UnitTest name="FormatToStringTest100 (32216.686763396807,32216.69 zł)" storage="c:\projekty\mstestproject\bin\debug\netcoreapp3.1\mstestproject.dll" id="a5324c44-b642-4b36-9eae-f9e3f265a6c5">
      <TestCategory>
        <TestCategoryItem TestCategory="Category100" />
      </TestCategory>
      <Execution id="9452c745-73bc-4355-bb1f-b9209a05a772" />
      <TestMethod codeBase="C:\Projekty\MSTestProject\bin\Debug\netcoreapp3.1\MSTestProject.dll" adapterTypeName="executor://mstestadapter/v2" className="TwojeWesele.Services.Helpers.Tests.CurrencyHelperTests" name="FormatToStringTest100" />
    </UnitTest>
    <UnitTest name="FormatToStringTest100 (66019.32414194118,66019.32 zł)" storage="c:\projekty\mstestproject\bin\debug\netcoreapp3.1\mstestproject.dll" id="c2359269-2850-4a40-b4f2-092ef88cc3bb">
      <TestCategory>
        <TestCategoryItem TestCategory="Category100" />
      </TestCategory>
      <Execution id="38ad121b-c15a-4926-903c-e4343b86fce0" />
      <TestMethod codeBase="C:\Projekty\MSTestProject\bin\Debug\netcoreapp3.1\MSTestProject.dll" adapterTypeName="executor://mstestadapter/v2" className="TwojeWesele.Services.Helpers.Tests.CurrencyHelperTests" name="FormatToStringTest100" />
    </UnitTest>
    <UnitTest name="FormatToStringTest100 (7789.7136237517525,7789.71 zł)" storage="c:\projekty\mstestproject\bin\debug\netcoreapp3.1\mstestproject.dll" id="6a3f9192-1e24-4405-8d16-c7ac8688612f">
      <TestCategory>
        <TestCategoryItem TestCategory="Category100" />
      </TestCategory>
      <Execution id="bb28dee3-cd6b-458e-94a6-be5e0d5f53f3" />
      <TestMethod codeBase="C:\Projekty\MSTestProject\bin\Debug\netcoreapp3.1\MSTestProject.dll" adapterTypeName="executor://mstestadapter/v2" className="TwojeWesele.Services.Helpers.Tests.CurrencyHelperTests" name="FormatToStringTest100" />
    </UnitTest>
    <UnitTest name="FormatToStringTest100 (7458.609645228652,7458.61 zł)" storage="c:\projekty\mstestproject\bin\debug\netcoreapp3.1\mstestproject.dll" id="6552c175-a99a-4b9a-a8f0-2ab5bc3cbcbe">
      <TestCategory>
        <TestCategoryItem TestCategory="Category100" />
      </TestCategory>
      <Execution id="6a8a7688-1ecb-4ff5-9fcc-13939086baa8" />
      <TestMethod codeBase="C:\Projekty\MSTestProject\bin\Debug\netcoreapp3.1\MSTestProject.dll" adapterTypeName="executor://mstestadapter/v2" className="TwojeWesele.Services.Helpers.Tests.CurrencyHelperTests" name="FormatToStringTest100" />
    </UnitTest>
    <UnitTest name="FormatToStringTest100 (28192.949128067565,28192.95 zł)" storage="c:\projekty\mstestproject\bin\debug\netcoreapp3.1\mstestproject.dll" id="bf4183e0-77e1-46bc-9584-88ecdafdcb8d">
      <TestCategory>
        <TestCategoryItem TestCategory="Category100" />
      </TestCategory>
      <Execution id="e205903c-b742-47eb-a68a-1affb7fcfbb5" />
      <TestMethod codeBase="C:\Projekty\MSTestProject\bin\Debug\netcoreapp3.1\MSTestProject.dll" adapterTypeName="executor://mstestadapter/v2" className="TwojeWesele.Services.Helpers.Tests.CurrencyHelperTests" name="FormatToStringTest100" />
    </UnitTest>
    <UnitTest name="FormatToStringTest100 (27050.586848031067,27050.59 zł)" storage="c:\projekty\mstestproject\bin\debug\netcoreapp3.1\mstestproject.dll" id="3e4904a6-d364-42eb-8808-806723104a07">
      <TestCategory>
        <TestCategoryItem TestCategory="Category100" />
      </TestCategory>
      <Execution id="9e903843-0867-4fd6-99a1-f5b97820eb31" />
      <TestMethod codeBase="C:\Projekty\MSTestProject\bin\Debug\netcoreapp3.1\MSTestProject.dll" adapterTypeName="executor://mstestadapter/v2" className="TwojeWesele.Services.Helpers.Tests.CurrencyHelperTests" name="FormatToStringTest100" />
    </UnitTest>
    <UnitTest name="FormatToStringTest100 (77904.0088552246,77904.01 zł)" storage="c:\projekty\mstestproject\bin\debug\netcoreapp3.1\mstestproject.dll" id="6483676c-a770-4474-ac95-e08990231cea">
      <TestCategory>
        <TestCategoryItem TestCategory="Category100" />
      </TestCategory>
      <Execution id="63f0dd8b-49d5-46de-b073-6dec6a2022ec" />
      <TestMethod codeBase="C:\Projekty\MSTestProject\bin\Debug\netcoreapp3.1\MSTestProject.dll" adapterTypeName="executor://mstestadapter/v2" className="TwojeWesele.Services.Helpers.Tests.CurrencyHelperTests" name="FormatToStringTest100" />
    </UnitTest>
    <UnitTest name="FormatToStringTest100 (24957.469502810607,24957.47 zł)" storage="c:\projekty\mstestproject\bin\debug\netcoreapp3.1\mstestproject.dll" id="b6ff069e-1d9b-4fd4-8f23-4aee937c2944">
      <TestCategory>
        <TestCategoryItem TestCategory="Category100" />
      </TestCategory>
      <Execution id="77c0c109-9a55-43c7-b44c-37084364ece1" />
      <TestMethod codeBase="C:\Projekty\MSTestProject\bin\Debug\netcoreapp3.1\MSTestProject.dll" adapterTypeName="executor://mstestadapter/v2" className="TwojeWesele.Services.Helpers.Tests.CurrencyHelperTests" name="FormatToStringTest100" />
    </UnitTest>
    <UnitTest name="FormatToStringTest100 (39178.05988345298,39178.06 zł)" storage="c:\projekty\mstestproject\bin\debug\netcoreapp3.1\mstestproject.dll" id="e6b956b3-307c-4fc6-8549-25d8c4a30d4f">
      <TestCategory>
        <TestCategoryItem TestCategory="Category100" />
      </TestCategory>
      <Execution id="b648a99e-9c13-4ef9-8554-060873ae97a3" />
      <TestMethod codeBase="C:\Projekty\MSTestProject\bin\Debug\netcoreapp3.1\MSTestProject.dll" adapterTypeName="executor://mstestadapter/v2" className="TwojeWesele.Services.Helpers.Tests.CurrencyHelperTests" name="FormatToStringTest100" />
    </UnitTest>
    <UnitTest name="FormatToStringTest100 (67338.80028760935,67338.80 zł)" storage="c:\projekty\mstestproject\bin\debug\netcoreapp3.1\mstestproject.dll" id="2bd1599b-143d-4fcf-92df-415683ae2752">
      <TestCategory>
        <TestCategoryItem TestCategory="Category100" />
      </TestCategory>
      <Execution id="7e07caa9-d08f-42a7-b69f-6315ab1fce7b" />
      <TestMethod codeBase="C:\Projekty\MSTestProject\bin\Debug\netcoreapp3.1\MSTestProject.dll" adapterTypeName="executor://mstestadapter/v2" className="TwojeWesele.Services.Helpers.Tests.CurrencyHelperTests" name="FormatToStringTest100" />
    </UnitTest>
    <UnitTest name="FormatToStringTest100 (6809.40195803037,6809.40 zł)" storage="c:\projekty\mstestproject\bin\debug\netcoreapp3.1\mstestproject.dll" id="849fc889-bdc1-430e-86f3-c63177e3e700">
      <TestCategory>
        <TestCategoryItem TestCategory="Category100" />
      </TestCategory>
      <Execution id="23eab541-9aab-4355-9b7c-51638899777e" />
      <TestMethod codeBase="C:\Projekty\MSTestProject\bin\Debug\netcoreapp3.1\MSTestProject.dll" adapterTypeName="executor://mstestadapter/v2" className="TwojeWesele.Services.Helpers.Tests.CurrencyHelperTests" name="FormatToStringTest100" />
    </UnitTest>
    <UnitTest name="FormatToStringTest100 (70771.4436677524,70771.44 zł)" storage="c:\projekty\mstestproject\bin\debug\netcoreapp3.1\mstestproject.dll" id="02a82ede-cbce-47be-862b-bbdc64bed02d">
      <TestCategory>
        <TestCategoryItem TestCategory="Category100" />
      </TestCategory>
      <Execution id="78f98ed2-1754-47e7-bdaf-910c512175f6" />
      <TestMethod codeBase="C:\Projekty\MSTestProject\bin\Debug\netcoreapp3.1\MSTestProject.dll" adapterTypeName="executor://mstestadapter/v2" className="TwojeWesele.Services.Helpers.Tests.CurrencyHelperTests" name="FormatToStringTest100" />
    </UnitTest>
    <UnitTest name="FormatToStringTest100 (79.6815319544084,79.68 zł)" storage="c:\projekty\mstestproject\bin\debug\netcoreapp3.1\mstestproject.dll" id="ea26ea08-2261-426a-8462-7d4afb48df9c">
      <TestCategory>
        <TestCategoryItem TestCategory="Category100" />
      </TestCategory>
      <Execution id="9201574d-0d86-4f2d-9d9b-2b3081c7b84d" />
      <TestMethod codeBase="C:\Projekty\MSTestProject\bin\Debug\netcoreapp3.1\MSTestProject.dll" adapterTypeName="executor://mstestadapter/v2" className="TwojeWesele.Services.Helpers.Tests.CurrencyHelperTests" name="FormatToStringTest100" />
    </UnitTest>
    <UnitTest name="FormatToStringTest100 (14172.682747822573,14172.68 zł)" storage="c:\projekty\mstestproject\bin\debug\netcoreapp3.1\mstestproject.dll" id="1cf0cf84-166d-4e16-874a-1f11b22e21fb">
      <TestCategory>
        <TestCategoryItem TestCategory="Category100" />
      </TestCategory>
      <Execution id="f00f1eb1-10d5-4bfe-afd5-9422e4001975" />
      <TestMethod codeBase="C:\Projekty\MSTestProject\bin\Debug\netcoreapp3.1\MSTestProject.dll" adapterTypeName="executor://mstestadapter/v2" className="TwojeWesele.Services.Helpers.Tests.CurrencyHelperTests" name="FormatToStringTest100" />
    </UnitTest>
    <UnitTest name="FormatToStringTest100 (6890.028458985514,6890.03 zł)" storage="c:\projekty\mstestproject\bin\debug\netcoreapp3.1\mstestproject.dll" id="77f77021-d3d2-4ff7-bde5-c4cd2f39fafd">
      <TestCategory>
        <TestCategoryItem TestCategory="Category100" />
      </TestCategory>
      <Execution id="4828aa04-d204-4ba2-8b51-b218ab4d3c8d" />
      <TestMethod codeBase="C:\Projekty\MSTestProject\bin\Debug\netcoreapp3.1\MSTestProject.dll" adapterTypeName="executor://mstestadapter/v2" className="TwojeWesele.Services.Helpers.Tests.CurrencyHelperTests" name="FormatToStringTest100" />
    </UnitTest>
    <UnitTest name="FormatToStringTest100 (14237.13226245955,14237.13 zł)" storage="c:\projekty\mstestproject\bin\debug\netcoreapp3.1\mstestproject.dll" id="e388fc3b-bf44-49a9-9bc3-893dad9ea8d6">
      <TestCategory>
        <TestCategoryItem TestCategory="Category100" />
      </TestCategory>
      <Execution id="b883aa74-4e15-481b-81e8-ef570330b1fb" />
      <TestMethod codeBase="C:\Projekty\MSTestProject\bin\Debug\netcoreapp3.1\MSTestProject.dll" adapterTypeName="executor://mstestadapter/v2" className="TwojeWesele.Services.Helpers.Tests.CurrencyHelperTests" name="FormatToStringTest100" />
    </UnitTest>
    <UnitTest name="FormatToStringTest100 (18990.72499258012,18990.72 zł)" storage="c:\projekty\mstestproject\bin\debug\netcoreapp3.1\mstestproject.dll" id="340f04ef-c1b2-429a-8ea6-f809a49484ed">
      <TestCategory>
        <TestCategoryItem TestCategory="Category100" />
      </TestCategory>
      <Execution id="f0723da0-df4c-45d7-a48f-7e547cd0205c" />
      <TestMethod codeBase="C:\Projekty\MSTestProject\bin\Debug\netcoreapp3.1\MSTestProject.dll" adapterTypeName="executor://mstestadapter/v2" className="TwojeWesele.Services.Helpers.Tests.CurrencyHelperTests" name="FormatToStringTest100" />
    </UnitTest>
    <UnitTest name="FormatToStringTest100 (8768.816937361293,8768.82 zł)" storage="c:\projekty\mstestproject\bin\debug\netcoreapp3.1\mstestproject.dll" id="6828418c-feff-4781-9169-81b5ef11ae6c">
      <TestCategory>
        <TestCategoryItem TestCategory="Category100" />
      </TestCategory>
      <Execution id="4ebb7c2d-911c-45a1-ba88-816f608bc486" />
      <TestMethod codeBase="C:\Projekty\MSTestProject\bin\Debug\netcoreapp3.1\MSTestProject.dll" adapterTypeName="executor://mstestadapter/v2" className="TwojeWesele.Services.Helpers.Tests.CurrencyHelperTests" name="FormatToStringTest100" />
    </UnitTest>
    <UnitTest name="FormatToStringTest100 (22604.838218828587,22604.84 zł)" storage="c:\projekty\mstestproject\bin\debug\netcoreapp3.1\mstestproject.dll" id="3d2ccdfe-24e7-4446-9d3d-7bc8596aaaf5">
      <TestCategory>
        <TestCategoryItem TestCategory="Category100" />
      </TestCategory>
      <Execution id="d3d1856f-ec17-4dc4-a174-52a88b65499e" />
      <TestMethod codeBase="C:\Projekty\MSTestProject\bin\Debug\netcoreapp3.1\MSTestProject.dll" adapterTypeName="executor://mstestadapter/v2" className="TwojeWesele.Services.Helpers.Tests.CurrencyHelperTests" name="FormatToStringTest100" />
    </UnitTest>
    <UnitTest name="FormatToStringTest100 (22666.13578912995,22666.14 zł)" storage="c:\projekty\mstestproject\bin\debug\netcoreapp3.1\mstestproject.dll" id="935264a8-d479-44a5-ba1e-b28d21fbd819">
      <TestCategory>
        <TestCategoryItem TestCategory="Category100" />
      </TestCategory>
      <Execution id="bc21df3e-3b32-4ed2-b774-65323d82538a" />
      <TestMethod codeBase="C:\Projekty\MSTestProject\bin\Debug\netcoreapp3.1\MSTestProject.dll" adapterTypeName="executor://mstestadapter/v2" className="TwojeWesele.Services.Helpers.Tests.CurrencyHelperTests" name="FormatToStringTest100" />
    </UnitTest>
    <UnitTest name="FormatToStringTest100 (58848.60825001477,58848.61 zł)" storage="c:\projekty\mstestproject\bin\debug\netcoreapp3.1\mstestproject.dll" id="438f5c3c-4538-4a68-8939-7fe25d5fe43d">
      <TestCategory>
        <TestCategoryItem TestCategory="Category100" />
      </TestCategory>
      <Execution id="fe2b292b-18c7-46df-beef-bc8f65fb2640" />
      <TestMethod codeBase="C:\Projekty\MSTestProject\bin\Debug\netcoreapp3.1\MSTestProject.dll" adapterTypeName="executor://mstestadapter/v2" className="TwojeWesele.Services.Helpers.Tests.CurrencyHelperTests" name="FormatToStringTest100" />
    </UnitTest>
    <UnitTest name="FormatToStringTest100 (918.1842976688334,918.18 zł)" storage="c:\projekty\mstestproject\bin\debug\netcoreapp3.1\mstestproject.dll" id="f9edb8d2-8a9b-43af-a6a6-5f8124c20fb6">
      <TestCategory>
        <TestCategoryItem TestCategory="Category100" />
      </TestCategory>
      <Execution id="68a3b887-4f78-47e8-bafa-5e22f5dc9768" />
      <TestMethod codeBase="C:\Projekty\MSTestProject\bin\Debug\netcoreapp3.1\MSTestProject.dll" adapterTypeName="executor://mstestadapter/v2" className="TwojeWesele.Services.Helpers.Tests.CurrencyHelperTests" name="FormatToStringTest100" />
    </UnitTest>
    <UnitTest name="FormatToStringTest100 (286.92120604539343,286.92 zł)" storage="c:\projekty\mstestproject\bin\debug\netcoreapp3.1\mstestproject.dll" id="225647ce-771f-4d37-8f96-51fc390c19b3">
      <TestCategory>
        <TestCategoryItem TestCategory="Category100" />
      </TestCategory>
      <Execution id="37262e11-7317-4421-80cd-25f0e1427342" />
      <TestMethod codeBase="C:\Projekty\MSTestProject\bin\Debug\netcoreapp3.1\MSTestProject.dll" adapterTypeName="executor://mstestadapter/v2" className="TwojeWesele.Services.Helpers.Tests.CurrencyHelperTests" name="FormatToStringTest100" />
    </UnitTest>
    <UnitTest name="FormatToStringTest100 (45035.160883881224,45035.16 zł)" storage="c:\projekty\mstestproject\bin\debug\netcoreapp3.1\mstestproject.dll" id="2f28ea60-a7b0-448e-9cb3-3d983e5d45b1">
      <TestCategory>
        <TestCategoryItem TestCategory="Category100" />
      </TestCategory>
      <Execution id="8a1da478-b61a-4e57-b448-657f7a3a5e4f" />
      <TestMethod codeBase="C:\Projekty\MSTestProject\bin\Debug\netcoreapp3.1\MSTestProject.dll" adapterTypeName="executor://mstestadapter/v2" className="TwojeWesele.Services.Helpers.Tests.CurrencyHelperTests" name="FormatToStringTest100" />
    </UnitTest>
    <UnitTest name="FormatToStringTest100 (46898.00219497783,46898.00 zł)" storage="c:\projekty\mstestproject\bin\debug\netcoreapp3.1\mstestproject.dll" id="9c7dba9a-a4dd-47c2-964b-93a73353c2e1">
      <TestCategory>
        <TestCategoryItem TestCategory="Category100" />
      </TestCategory>
      <Execution id="9512e1a1-78a7-429a-b9ae-657e09dd6a97" />
      <TestMethod codeBase="C:\Projekty\MSTestProject\bin\Debug\netcoreapp3.1\MSTestProject.dll" adapterTypeName="executor://mstestadapter/v2" className="TwojeWesele.Services.Helpers.Tests.CurrencyHelperTests" name="FormatToStringTest100" />
    </UnitTest>
    <UnitTest name="FormatToStringTest100 (11100.829211263372,11100.83 zł)" storage="c:\projekty\mstestproject\bin\debug\netcoreapp3.1\mstestproject.dll" id="d9227916-840b-43e1-bbe8-e3dac43a2c61">
      <TestCategory>
        <TestCategoryItem TestCategory="Category100" />
      </TestCategory>
      <Execution id="619a2026-6af2-4967-bc0a-48494f6492c7" />
      <TestMethod codeBase="C:\Projekty\MSTestProject\bin\Debug\netcoreapp3.1\MSTestProject.dll" adapterTypeName="executor://mstestadapter/v2" className="TwojeWesele.Services.Helpers.Tests.CurrencyHelperTests" name="FormatToStringTest100" />
    </UnitTest>
    <UnitTest name="FormatToStringTest100 (1649.0127968480872,1649.01 zł)" storage="c:\projekty\mstestproject\bin\debug\netcoreapp3.1\mstestproject.dll" id="a49eaaa4-ce47-4ce6-a21f-a3dac9db8920">
      <TestCategory>
        <TestCategoryItem TestCategory="Category100" />
      </TestCategory>
      <Execution id="59421c00-82be-49e7-b743-8cff0c630448" />
      <TestMethod codeBase="C:\Projekty\MSTestProject\bin\Debug\netcoreapp3.1\MSTestProject.dll" adapterTypeName="executor://mstestadapter/v2" className="TwojeWesele.Services.Helpers.Tests.CurrencyHelperTests" name="FormatToStringTest100" />
    </UnitTest>
    <UnitTest name="FormatToStringTest100 (27893.312729890138,27893.31 zł)" storage="c:\projekty\mstestproject\bin\debug\netcoreapp3.1\mstestproject.dll" id="2d92347e-4bb7-48e3-92b3-5c71880f25d8">
      <TestCategory>
        <TestCategoryItem TestCategory="Category100" />
      </TestCategory>
      <Execution id="97bc08b0-ed0a-496b-be02-c78a5ce40187" />
      <TestMethod codeBase="C:\Projekty\MSTestProject\bin\Debug\netcoreapp3.1\MSTestProject.dll" adapterTypeName="executor://mstestadapter/v2" className="TwojeWesele.Services.Helpers.Tests.CurrencyHelperTests" name="FormatToStringTest100" />
    </UnitTest>
  </TestDefinitions>
  <TestEntries>
    <TestEntry testId="33278ab4-1a95-4ac1-ba67-a123a45b6eba" executionId="b1bedd3c-8f10-4a2d-94d4-719e4e7f82fd" testListId="8c84fa94-04c1-424b-9868-57a2d4851a1d" />
    <TestEntry testId="f9edb8d2-8a9b-43af-a6a6-5f8124c20fb6" executionId="68a3b887-4f78-47e8-bafa-5e22f5dc9768" testListId="8c84fa94-04c1-424b-9868-57a2d4851a1d" />
    <TestEntry testId="1ed5dad5-d063-4e87-86fe-88e1cf39eef7" executionId="a4f05481-55cc-4b8f-a6ba-b37534c63174" testListId="8c84fa94-04c1-424b-9868-57a2d4851a1d" />
    <TestEntry testId="849fc889-bdc1-430e-86f3-c63177e3e700" executionId="23eab541-9aab-4355-9b7c-51638899777e" testListId="8c84fa94-04c1-424b-9868-57a2d4851a1d" />
    <TestEntry testId="d1648618-3dea-431a-abd8-a376c0ddc417" executionId="ebb225f0-d565-4739-924f-163105c2fbfe" testListId="8c84fa94-04c1-424b-9868-57a2d4851a1d" />
    <TestEntry testId="ea26ea08-2261-426a-8462-7d4afb48df9c" executionId="9201574d-0d86-4f2d-9d9b-2b3081c7b84d" testListId="8c84fa94-04c1-424b-9868-57a2d4851a1d" />
    <TestEntry testId="ea70682b-682c-47c6-9f9b-e18aa464d47c" executionId="8116569a-bb03-42e7-aab8-75a26931f931" testListId="8c84fa94-04c1-424b-9868-57a2d4851a1d" />
    <TestEntry testId="5139fdc8-63ee-4ba4-b192-e383abfa19ba" executionId="1a31e13d-c518-4dd4-a6fa-63c471919e93" testListId="8c84fa94-04c1-424b-9868-57a2d4851a1d" />
    <TestEntry testId="eead6b25-5942-4d68-a1c1-73a2b8c73b31" executionId="0fb0a290-fbd8-44d2-9102-12ac8bfad4b6" testListId="8c84fa94-04c1-424b-9868-57a2d4851a1d" />
    <TestEntry testId="ea8c9900-6bb5-4787-9ec3-ecb8ce4180ca" executionId="4473b133-2f55-4d13-9ab6-37ed912754ca" testListId="8c84fa94-04c1-424b-9868-57a2d4851a1d" />
    <TestEntry testId="1c668902-080f-4fc8-be53-a83e37d7598e" executionId="4b946649-efb2-4430-bc52-830a6e97f6f2" testListId="8c84fa94-04c1-424b-9868-57a2d4851a1d" />
    <TestEntry testId="69f715e4-d76d-4cc9-8201-2782f6dab271" executionId="6b692b1c-261a-4fce-bc23-68935fca2771" testListId="8c84fa94-04c1-424b-9868-57a2d4851a1d" />
    <TestEntry testId="1bc33676-809d-46dc-ae33-d6fd4123647d" executionId="15e39dfb-e202-4ca4-8f85-550858a82690" testListId="8c84fa94-04c1-424b-9868-57a2d4851a1d" />
    <TestEntry testId="24d053b6-9e22-43d5-8674-87e8ae0ed2e4" executionId="346223f0-5dff-43e4-be34-ecc9c310c45f" testListId="8c84fa94-04c1-424b-9868-57a2d4851a1d" />
    <TestEntry testId="fb1dc1d2-7676-4e32-967b-2c8ebee54d19" executionId="7bd91568-8b4a-4954-a7a4-eddc0e208d74" testListId="8c84fa94-04c1-424b-9868-57a2d4851a1d" />
    <TestEntry testId="6828418c-feff-4781-9169-81b5ef11ae6c" executionId="4ebb7c2d-911c-45a1-ba88-816f608bc486" testListId="8c84fa94-04c1-424b-9868-57a2d4851a1d" />
    <TestEntry testId="38506408-c37e-4167-8c63-ba0c66460fb3" executionId="642cfdda-26c5-4e03-a111-d04ff2ee300f" testListId="8c84fa94-04c1-424b-9868-57a2d4851a1d" />
    <TestEntry testId="101cc858-7c07-4430-bc0a-b336c7142bc6" executionId="7c06dad7-9502-42bd-9bdb-b7875d5cc6dd" testListId="8c84fa94-04c1-424b-9868-57a2d4851a1d" />
    <TestEntry testId="12fe1796-9287-47f0-ba21-bb932b2265f6" executionId="c602c080-2021-4741-9edb-122a9baa1cda" testListId="8c84fa94-04c1-424b-9868-57a2d4851a1d" />
    <TestEntry testId="5e33c7ed-6a58-444b-bf65-53b1bf27743e" executionId="56e6173d-da6b-422e-a415-b7f05cd5ac80" testListId="8c84fa94-04c1-424b-9868-57a2d4851a1d" />
    <TestEntry testId="8fa81d26-9f1a-4a46-a684-46fbc6eb2e6e" executionId="3821a4f2-6174-4325-8a6d-e185fd6ed362" testListId="8c84fa94-04c1-424b-9868-57a2d4851a1d" />
    <TestEntry testId="61591f23-e40b-4c64-9614-7c8584134070" executionId="142627fd-cec4-44ba-ba71-ef8c2caeb7d6" testListId="8c84fa94-04c1-424b-9868-57a2d4851a1d" />
    <TestEntry testId="f490acab-28ee-4349-b03e-ace31043725d" executionId="1f24a796-5bc0-4d1b-a309-3297b361654c" testListId="8c84fa94-04c1-424b-9868-57a2d4851a1d" />
    <TestEntry testId="88d9f70c-d21e-483e-a902-4ec27915b4f3" executionId="327ae07d-c600-4a63-8a25-d5648f378a4c" testListId="8c84fa94-04c1-424b-9868-57a2d4851a1d" />
    <TestEntry testId="795c8e0d-3d70-4a8f-aa79-a979e6e95f9c" executionId="e692d504-6dc9-40a3-bdc5-6464762bbd1a" testListId="8c84fa94-04c1-424b-9868-57a2d4851a1d" />
    <TestEntry testId="b8fa4be8-1b25-4405-9126-deea75dd965f" executionId="23bd5525-32ab-4457-a0ed-3046617144eb" testListId="8c84fa94-04c1-424b-9868-57a2d4851a1d" />
    <TestEntry testId="6c126e1f-7ffa-4755-836c-ffb29642e879" executionId="6208e4eb-7d2d-41fb-bc4a-36ab009f6177" testListId="8c84fa94-04c1-424b-9868-57a2d4851a1d" />
    <TestEntry testId="2256a40a-05ef-45d0-87f2-44477eadf55e" executionId="d0fa60d4-a68d-46c8-bd1b-e26fa406ef9e" testListId="8c84fa94-04c1-424b-9868-57a2d4851a1d" />
    <TestEntry testId="02a82ede-cbce-47be-862b-bbdc64bed02d" executionId="78f98ed2-1754-47e7-bdaf-910c512175f6" testListId="8c84fa94-04c1-424b-9868-57a2d4851a1d" />
    <TestEntry testId="b24a5070-ccba-4111-9e44-100ef21421d2" executionId="8bc0f986-2c5e-4926-9a9f-abdc513ed05b" testListId="8c84fa94-04c1-424b-9868-57a2d4851a1d" />
    <TestEntry testId="3f8603eb-a45a-44c7-b9b6-a92c52f3605a" executionId="10cfb9f1-c42e-44e9-aa98-5b296087164f" testListId="8c84fa94-04c1-424b-9868-57a2d4851a1d" />
    <TestEntry testId="089722c9-945e-4099-930f-31d3274b58b1" executionId="f201b931-ecde-43ac-95fb-0989c88864b5" testListId="8c84fa94-04c1-424b-9868-57a2d4851a1d" />
    <TestEntry testId="f1449e08-4c0b-421b-8440-127751935cb4" executionId="11dd32f5-7be0-445d-90c0-025828f77bf8" testListId="8c84fa94-04c1-424b-9868-57a2d4851a1d" />
    <TestEntry testId="a8c22977-0e66-41df-b583-d5c9c806c16a" executionId="8e6d48f6-ffd0-47a6-9ff0-a24cc9b157a9" testListId="8c84fa94-04c1-424b-9868-57a2d4851a1d" />
    <TestEntry testId="6552c175-a99a-4b9a-a8f0-2ab5bc3cbcbe" executionId="6a8a7688-1ecb-4ff5-9fcc-13939086baa8" testListId="8c84fa94-04c1-424b-9868-57a2d4851a1d" />
    <TestEntry testId="0665e067-a0de-433f-8003-a1db90aad6a9" executionId="37f768cd-ae75-47f1-9dcb-cea4e6b87784" testListId="8c84fa94-04c1-424b-9868-57a2d4851a1d" />
    <TestEntry testId="b6ff069e-1d9b-4fd4-8f23-4aee937c2944" executionId="77c0c109-9a55-43c7-b44c-37084364ece1" testListId="8c84fa94-04c1-424b-9868-57a2d4851a1d" />
    <TestEntry testId="c2359269-2850-4a40-b4f2-092ef88cc3bb" executionId="38ad121b-c15a-4926-903c-e4343b86fce0" testListId="8c84fa94-04c1-424b-9868-57a2d4851a1d" />
    <TestEntry testId="37dcf12d-27de-45d7-98cf-962777b01723" executionId="5daee86d-508d-42be-9395-fbf3fbbc2814" testListId="8c84fa94-04c1-424b-9868-57a2d4851a1d" />
    <TestEntry testId="08a47c40-11d6-4d49-9bf9-a70739fe5479" executionId="10177bc6-c867-4c6a-afeb-be0d803788c7" testListId="8c84fa94-04c1-424b-9868-57a2d4851a1d" />
    <TestEntry testId="d165b086-9254-424c-b84a-58af196e0178" executionId="2a22d98c-edb4-42c7-a408-112024b99848" testListId="8c84fa94-04c1-424b-9868-57a2d4851a1d" />
    <TestEntry testId="cd6feea3-8ae1-4970-a354-cfa6992c823d" executionId="415409b6-7152-461c-8145-96d31b5db9d9" testListId="8c84fa94-04c1-424b-9868-57a2d4851a1d" />
    <TestEntry testId="b77c06b9-f56a-4d20-97c0-8d0c27df2cff" executionId="4712789b-3f1a-46a1-9756-664a4275f181" testListId="8c84fa94-04c1-424b-9868-57a2d4851a1d" />
    <TestEntry testId="2f28ea60-a7b0-448e-9cb3-3d983e5d45b1" executionId="8a1da478-b61a-4e57-b448-657f7a3a5e4f" testListId="8c84fa94-04c1-424b-9868-57a2d4851a1d" />
    <TestEntry testId="5de460ac-29d3-4aea-b7d7-7279a4491716" executionId="66cfc263-1e20-4697-93ad-1feba4df3fb7" testListId="8c84fa94-04c1-424b-9868-57a2d4851a1d" />
    <TestEntry testId="2038b826-e4d2-4311-b9db-f17b2fddf74f" executionId="48428f6a-e2b8-4bb2-bf1f-a0699a50fb56" testListId="8c84fa94-04c1-424b-9868-57a2d4851a1d" />
    <TestEntry testId="cfdea7a8-da16-4f8a-a05b-f663610133f5" executionId="8944350a-270d-4a90-9c3d-1451b9bbdbf6" testListId="8c84fa94-04c1-424b-9868-57a2d4851a1d" />
    <TestEntry testId="340f04ef-c1b2-429a-8ea6-f809a49484ed" executionId="f0723da0-df4c-45d7-a48f-7e547cd0205c" testListId="8c84fa94-04c1-424b-9868-57a2d4851a1d" />
    <TestEntry testId="d9227916-840b-43e1-bbe8-e3dac43a2c61" executionId="619a2026-6af2-4967-bc0a-48494f6492c7" testListId="8c84fa94-04c1-424b-9868-57a2d4851a1d" />
    <TestEntry testId="b0d98ee8-7502-4df8-9983-58f8ce499c8d" executionId="a0c10ed1-7e13-44da-a64b-6bcd7f6e7414" testListId="8c84fa94-04c1-424b-9868-57a2d4851a1d" />
    <TestEntry testId="bf4183e0-77e1-46bc-9584-88ecdafdcb8d" executionId="e205903c-b742-47eb-a68a-1affb7fcfbb5" testListId="8c84fa94-04c1-424b-9868-57a2d4851a1d" />
    <TestEntry testId="b79a323b-a4c9-4205-9184-21ebe0eb04bc" executionId="8efdd035-d691-4a8b-ae63-c38ae63e23bb" testListId="8c84fa94-04c1-424b-9868-57a2d4851a1d" />
    <TestEntry testId="e388fc3b-bf44-49a9-9bc3-893dad9ea8d6" executionId="b883aa74-4e15-481b-81e8-ef570330b1fb" testListId="8c84fa94-04c1-424b-9868-57a2d4851a1d" />
    <TestEntry testId="7dde3e7f-da79-4e5b-bafd-ed257544cb39" executionId="60086d1a-f497-41f6-8f15-8e6ed3104c01" testListId="8c84fa94-04c1-424b-9868-57a2d4851a1d" />
    <TestEntry testId="c29e285a-00e6-4b61-ba65-82f5e9cf2b27" executionId="c77d6cb3-c78e-4c0c-8b21-66cd3d76c548" testListId="8c84fa94-04c1-424b-9868-57a2d4851a1d" />
    <TestEntry testId="3909d74b-d1e1-4576-8a3e-d28e54d88802" executionId="0686ac2b-dfbf-431d-9fd4-14b60b9ef4ea" testListId="8c84fa94-04c1-424b-9868-57a2d4851a1d" />
    <TestEntry testId="eca5ecbc-f1c2-48f0-befb-10af4e75af72" executionId="7ab47eb7-d554-468c-964d-355d5bd4ea25" testListId="8c84fa94-04c1-424b-9868-57a2d4851a1d" />
    <TestEntry testId="935264a8-d479-44a5-ba1e-b28d21fbd819" executionId="bc21df3e-3b32-4ed2-b774-65323d82538a" testListId="8c84fa94-04c1-424b-9868-57a2d4851a1d" />
    <TestEntry testId="3d2ccdfe-24e7-4446-9d3d-7bc8596aaaf5" executionId="d3d1856f-ec17-4dc4-a174-52a88b65499e" testListId="8c84fa94-04c1-424b-9868-57a2d4851a1d" />
    <TestEntry testId="2bd1599b-143d-4fcf-92df-415683ae2752" executionId="7e07caa9-d08f-42a7-b69f-6315ab1fce7b" testListId="8c84fa94-04c1-424b-9868-57a2d4851a1d" />
    <TestEntry testId="9ba98916-eb8a-4ada-8948-1d47a2ba4fa7" executionId="77ca869a-8ffc-4b24-b387-2adf198e0a75" testListId="8c84fa94-04c1-424b-9868-57a2d4851a1d" />
    <TestEntry testId="288b6366-6ce6-4817-99e6-e6aef4a10d35" executionId="74488e3b-20b4-475c-b859-61b8eb78985a" testListId="8c84fa94-04c1-424b-9868-57a2d4851a1d" />
    <TestEntry testId="d23a681b-1704-4342-90ad-1364614549cd" executionId="348411b5-fe37-464c-b2f2-3416d7267a73" testListId="8c84fa94-04c1-424b-9868-57a2d4851a1d" />
    <TestEntry testId="e6b956b3-307c-4fc6-8549-25d8c4a30d4f" executionId="b648a99e-9c13-4ef9-8554-060873ae97a3" testListId="8c84fa94-04c1-424b-9868-57a2d4851a1d" />
    <TestEntry testId="fe80e111-5d16-4e70-9143-e9a12cbb707f" executionId="28cf1b4f-2b75-4390-a28d-7d9e7c294892" testListId="8c84fa94-04c1-424b-9868-57a2d4851a1d" />
    <TestEntry testId="1cf0cf84-166d-4e16-874a-1f11b22e21fb" executionId="f00f1eb1-10d5-4bfe-afd5-9422e4001975" testListId="8c84fa94-04c1-424b-9868-57a2d4851a1d" />
    <TestEntry testId="2d92347e-4bb7-48e3-92b3-5c71880f25d8" executionId="97bc08b0-ed0a-496b-be02-c78a5ce40187" testListId="8c84fa94-04c1-424b-9868-57a2d4851a1d" />
    <TestEntry testId="88763ead-38e0-4375-a3f8-55c74517ccf4" executionId="95a6d0d3-ca37-4bd3-a587-df50eef6f80c" testListId="8c84fa94-04c1-424b-9868-57a2d4851a1d" />
    <TestEntry testId="28488c06-9b54-4a1d-a0af-29132bbfd3cb" executionId="a8a2d9f5-4109-4204-81ba-536ceca4343b" testListId="8c84fa94-04c1-424b-9868-57a2d4851a1d" />
    <TestEntry testId="26c1a1e4-2023-4aa2-ad77-c14ca4f2894c" executionId="c6580038-c354-4c84-970d-d5fa1bdc1d66" testListId="8c84fa94-04c1-424b-9868-57a2d4851a1d" />
    <TestEntry testId="66124e82-bef4-4e68-be94-73706dc187ec" executionId="acb1cedb-e5ab-4417-9e30-13852aef2217" testListId="8c84fa94-04c1-424b-9868-57a2d4851a1d" />
    <TestEntry testId="bb35fa1d-3f90-47f4-94b6-f433e75b185d" executionId="f426b14e-1d8a-4a50-b555-cf5dd4bce380" testListId="8c84fa94-04c1-424b-9868-57a2d4851a1d" />
    <TestEntry testId="6a3f9192-1e24-4405-8d16-c7ac8688612f" executionId="bb28dee3-cd6b-458e-94a6-be5e0d5f53f3" testListId="8c84fa94-04c1-424b-9868-57a2d4851a1d" />
    <TestEntry testId="a5324c44-b642-4b36-9eae-f9e3f265a6c5" executionId="9452c745-73bc-4355-bb1f-b9209a05a772" testListId="8c84fa94-04c1-424b-9868-57a2d4851a1d" />
    <TestEntry testId="6483676c-a770-4474-ac95-e08990231cea" executionId="63f0dd8b-49d5-46de-b073-6dec6a2022ec" testListId="8c84fa94-04c1-424b-9868-57a2d4851a1d" />
    <TestEntry testId="3b6c429c-72a4-44c4-80f2-1f8ec76b8ad9" executionId="3009e498-cd60-4132-9342-196fc035cfa5" testListId="8c84fa94-04c1-424b-9868-57a2d4851a1d" />
    <TestEntry testId="225647ce-771f-4d37-8f96-51fc390c19b3" executionId="37262e11-7317-4421-80cd-25f0e1427342" testListId="8c84fa94-04c1-424b-9868-57a2d4851a1d" />
    <TestEntry testId="81616ab3-d009-49f3-be41-78af3f045d7a" executionId="c8d6f1b2-6195-4436-9483-d1a5d52242c0" testListId="8c84fa94-04c1-424b-9868-57a2d4851a1d" />
    <TestEntry testId="d27ea401-cef6-4f83-9611-625648205a93" executionId="6a7c9b46-378d-4195-be4f-04b8ffdfb948" testListId="8c84fa94-04c1-424b-9868-57a2d4851a1d" />
    <TestEntry testId="fdc0a18f-cf22-4748-9330-f704325369ff" executionId="39cb079f-2198-407d-9204-6adb3afc3c63" testListId="8c84fa94-04c1-424b-9868-57a2d4851a1d" />
    <TestEntry testId="c28b7f5a-e649-464b-8475-c4cf77a1bedb" executionId="64d28fe9-2b53-4897-8fb2-c4d7acd2d117" testListId="8c84fa94-04c1-424b-9868-57a2d4851a1d" />
    <TestEntry testId="b34f1fdd-8ba2-486e-ae49-267436bd0bc2" executionId="2cce663b-8515-4d60-afa8-2f69a5891547" testListId="8c84fa94-04c1-424b-9868-57a2d4851a1d" />
    <TestEntry testId="3e4904a6-d364-42eb-8808-806723104a07" executionId="9e903843-0867-4fd6-99a1-f5b97820eb31" testListId="8c84fa94-04c1-424b-9868-57a2d4851a1d" />
    <TestEntry testId="e19b89bb-4a6a-4b31-8764-8ed9e15f42a1" executionId="7bc710eb-9aeb-4025-9c13-ef333ba1a0a5" testListId="8c84fa94-04c1-424b-9868-57a2d4851a1d" />
    <TestEntry testId="9ee4db06-d7ad-4f77-aef0-db3c7f0d9f5b" executionId="76eb7892-75f9-44ab-a050-58ff635f784d" testListId="8c84fa94-04c1-424b-9868-57a2d4851a1d" />
    <TestEntry testId="c35cdab1-4065-4896-8e36-0410b568eda2" executionId="cfcfcd62-254e-4b3f-b826-9542d2ead559" testListId="8c84fa94-04c1-424b-9868-57a2d4851a1d" />
    <TestEntry testId="b672073f-1cf5-4987-a88b-bde46b179373" executionId="063260a8-bbe1-433f-aa10-3c204844b964" testListId="8c84fa94-04c1-424b-9868-57a2d4851a1d" />
    <TestEntry testId="0a6c34a0-2273-4cf1-8db5-6d6a1302be70" executionId="34b1f704-c29e-4a4e-bd43-20ae159ef917" testListId="8c84fa94-04c1-424b-9868-57a2d4851a1d" />
    <TestEntry testId="bc5f469a-d7bb-4b59-8cf2-1a7baf670dfc" executionId="35f4d3e7-eef8-4582-9ab8-734b2ac59089" testListId="8c84fa94-04c1-424b-9868-57a2d4851a1d" />
    <TestEntry testId="421ab985-7b6f-4818-b7b0-c3caa2899e7b" executionId="04f4d8b0-a30e-42f7-a8ae-73d98e81af43" testListId="8c84fa94-04c1-424b-9868-57a2d4851a1d" />
    <TestEntry testId="328e9d2c-312b-482d-ad3f-27107e897a2f" executionId="2d7c2899-f668-4b3d-971b-084eb74ec357" testListId="8c84fa94-04c1-424b-9868-57a2d4851a1d" />
    <TestEntry testId="a49eaaa4-ce47-4ce6-a21f-a3dac9db8920" executionId="59421c00-82be-49e7-b743-8cff0c630448" testListId="8c84fa94-04c1-424b-9868-57a2d4851a1d" />
    <TestEntry testId="98a1d023-46fe-4046-a87c-388d8243e0c1" executionId="2964b4b1-dad2-4f74-bff7-20078fc996be" testListId="8c84fa94-04c1-424b-9868-57a2d4851a1d" />
    <TestEntry testId="77f77021-d3d2-4ff7-bde5-c4cd2f39fafd" executionId="4828aa04-d204-4ba2-8b51-b218ab4d3c8d" testListId="8c84fa94-04c1-424b-9868-57a2d4851a1d" />
    <TestEntry testId="04aaa1e7-23af-42f6-840f-41111c5f3194" executionId="2d8a9d06-35c5-422c-996e-610d427a5def" testListId="8c84fa94-04c1-424b-9868-57a2d4851a1d" />
    <TestEntry testId="eee6ca3d-83a4-4b96-8119-49bb299527e3" executionId="a85d2da9-ab26-43f3-8052-875d46adfade" testListId="8c84fa94-04c1-424b-9868-57a2d4851a1d" />
    <TestEntry testId="5e0ba49c-eef1-4170-89c3-7c0327a01590" executionId="aa749ee5-46a9-4712-a6f9-65b3cd0a03d6" testListId="8c84fa94-04c1-424b-9868-57a2d4851a1d" />
    <TestEntry testId="438f5c3c-4538-4a68-8939-7fe25d5fe43d" executionId="fe2b292b-18c7-46df-beef-bc8f65fb2640" testListId="8c84fa94-04c1-424b-9868-57a2d4851a1d" />
    <TestEntry testId="9c7dba9a-a4dd-47c2-964b-93a73353c2e1" executionId="9512e1a1-78a7-429a-b9ae-657e09dd6a97" testListId="8c84fa94-04c1-424b-9868-57a2d4851a1d" />
    <TestEntry testId="7dc52151-5c43-49c8-b0aa-b80c67d8bbc7" executionId="753346e6-7536-46ca-b526-92247259537e" testListId="8c84fa94-04c1-424b-9868-57a2d4851a1d" />
  </TestEntries>
  <TestLists>
    <TestList name="Results Not in a List" id="8c84fa94-04c1-424b-9868-57a2d4851a1d" />
    <TestList name="All Loaded Results" id="19431567-8539-422a-85d7-44ee4e166bda" />
  </TestLists>
  <ResultSummary outcome="Completed">
    <Counters total="100" executed="100" passed="100" failed="0" error="0" timeout="0" aborted="0" inconclusive="0" passedButRunAborted="0" notRunnable="0" notExecuted="0" disconnected="0" warning="0" completed="0" inProgress="0" pending="0" />
  </ResultSummary>
</TestRun>