<?xml version="1.0" encoding="utf-8"?>
<TestRun id="5fb565ae-8521-4627-a858-3565d2059354" name="Dominik@DESKTOP-5URQ9PB 2022-06-13 20:52:34" runUser="DESKTOP-5URQ9PB\Dominik" xmlns="http://microsoft.com/schemas/VisualStudio/TeamTest/2010">
  <Times creation="2022-06-13T20:52:34.8312055+02:00" queuing="2022-06-13T20:52:34.8312056+02:00" start="2022-06-13T20:52:27.9177151+02:00" finish="2022-06-13T20:52:34.9154086+02:00" />
  <TestSettings name="default" id="c9c4361b-4fef-4e86-b36a-a7541ef34ce1">
    <Deployment runDeploymentRoot="Dominik_DESKTOP-5URQ9PB_2022-06-13_20_52_34" />
  </TestSettings>
  <Results>
    <UnitTestResult executionId="edd5045e-9f65-4690-98e3-03257341e48a" testId="ae4dd41d-98b4-3a18-47fe-168d75b24553" testName="xUnitTestProject.CurrencyHelperTests.FormatToStringTest100(price: 15566.957545477411, expected: &quot;15566.96 zł&quot;)" computerName="DESKTOP-5URQ9PB" duration="00:00:00.0000045" startTime="2022-06-13T20:52:34.7856797+02:00" endTime="2022-06-13T20:52:34.7856799+02:00" testType="13cdc9d9-ddb5-4fa4-a97d-d965ccfc6d4b" outcome="Passed" testListId="8c84fa94-04c1-424b-9868-57a2d4851a1d" relativeResultsDirectory="edd5045e-9f65-4690-98e3-03257341e48a" />
    <UnitTestResult executionId="2b84e1b3-9e81-49fd-9e6a-b07c293bace7" testId="be83c872-b584-ea7d-68ae-387efb4fd62c" testName="xUnitTestProject.CurrencyHelperTests.FormatToStringTest100(price: 86.89546322771136, expected: &quot;86.90 zł&quot;)" computerName="DESKTOP-5URQ9PB" duration="00:00:00.0000040" startTime="2022-06-13T20:52:34.7895838+02:00" endTime="2022-06-13T20:52:34.7895839+02:00" testType="13cdc9d9-ddb5-4fa4-a97d-d965ccfc6d4b" outcome="Passed" testListId="8c84fa94-04c1-424b-9868-57a2d4851a1d" relativeResultsDirectory="2b84e1b3-9e81-49fd-9e6a-b07c293bace7" />
    <UnitTestResult executionId="625ff67f-03e9-4003-b4fb-6ad5b2e62612" testId="9e65b83c-d062-a995-788e-1f867295fc3e" testName="xUnitTestProject.CurrencyHelperTests.FormatToStringTest100(price: 1741.3334432818617, expected: &quot;1741.33 zł&quot;)" computerName="DESKTOP-5URQ9PB" duration="00:00:00.0000043" startTime="2022-06-13T20:52:34.7906361+02:00" endTime="2022-06-13T20:52:34.7906363+02:00" testType="13cdc9d9-ddb5-4fa4-a97d-d965ccfc6d4b" outcome="Passed" testListId="8c84fa94-04c1-424b-9868-57a2d4851a1d" relativeResultsDirectory="625ff67f-03e9-4003-b4fb-6ad5b2e62612" />
    <UnitTestResult executionId="36aaed0f-f8ae-41ea-8d03-3a9159132d76" testId="5be8086d-757f-607e-3916-e3fc3a32dab6" testName="xUnitTestProject.CurrencyHelperTests.FormatToStringTest100(price: 726.8087564975995, expected: &quot;726.81 zł&quot;)" computerName="DESKTOP-5URQ9PB" duration="00:00:00.0000044" startTime="2022-06-13T20:52:34.7917445+02:00" endTime="2022-06-13T20:52:34.7917447+02:00" testType="13cdc9d9-ddb5-4fa4-a97d-d965ccfc6d4b" outcome="Passed" testListId="8c84fa94-04c1-424b-9868-57a2d4851a1d" relativeResultsDirectory="36aaed0f-f8ae-41ea-8d03-3a9159132d76" />
    <UnitTestResult executionId="0d97b6fd-efa1-4357-89e9-ae59c00e9e85" testId="77be9760-e130-8956-fbc4-11e64213b336" testName="xUnitTestProject.CurrencyHelperTests.FormatToStringTest100(price: 14237.13226245955, expected: &quot;14237.13 zł&quot;)" computerName="DESKTOP-5URQ9PB" duration="00:00:00.0000044" startTime="2022-06-13T20:52:34.7896803+02:00" endTime="2022-06-13T20:52:34.7896804+02:00" testType="13cdc9d9-ddb5-4fa4-a97d-d965ccfc6d4b" outcome="Passed" testListId="8c84fa94-04c1-424b-9868-57a2d4851a1d" relativeResultsDirectory="0d97b6fd-efa1-4357-89e9-ae59c00e9e85" />
    <UnitTestResult executionId="308726c1-ef61-419c-b2ee-5566c0bea5a0" testId="3321cd65-ef8c-d2ee-7a10-5262976081ff" testName="xUnitTestProject.CurrencyHelperTests.FormatToStringTest100(price: 5396.620088554277, expected: &quot;5396.62 zł&quot;)" computerName="DESKTOP-5URQ9PB" duration="00:00:00.0000048" startTime="2022-06-13T20:52:34.7746200+02:00" endTime="2022-06-13T20:52:34.7746201+02:00" testType="13cdc9d9-ddb5-4fa4-a97d-d965ccfc6d4b" outcome="Passed" testListId="8c84fa94-04c1-424b-9868-57a2d4851a1d" relativeResultsDirectory="308726c1-ef61-419c-b2ee-5566c0bea5a0" />
    <UnitTestResult executionId="b539a2d5-d5a7-4c4c-930e-7353706e2796" testId="f9cb3c10-b6dc-401f-48ca-7381182b493b" testName="xUnitTestProject.CurrencyHelperTests.FormatToStringTest100(price: 3521.3657738167635, expected: &quot;3521.37 zł&quot;)" computerName="DESKTOP-5URQ9PB" duration="00:00:00.0000047" startTime="2022-06-13T20:52:34.7865734+02:00" endTime="2022-06-13T20:52:34.7865738+02:00" testType="13cdc9d9-ddb5-4fa4-a97d-d965ccfc6d4b" outcome="Passed" testListId="8c84fa94-04c1-424b-9868-57a2d4851a1d" relativeResultsDirectory="b539a2d5-d5a7-4c4c-930e-7353706e2796" />
    <UnitTestResult executionId="62260164-f983-4a4d-99a2-7dc1da460539" testId="bc595dee-6f3e-e241-694d-ba68ac66ab16" testName="xUnitTestProject.CurrencyHelperTests.FormatToStringTest100(price: 1108.7197928823157, expected: &quot;1108.72 zł&quot;)" computerName="DESKTOP-5URQ9PB" duration="00:00:00.0000045" startTime="2022-06-13T20:52:34.7905367+02:00" endTime="2022-06-13T20:52:34.7905370+02:00" testType="13cdc9d9-ddb5-4fa4-a97d-d965ccfc6d4b" outcome="Passed" testListId="8c84fa94-04c1-424b-9868-57a2d4851a1d" relativeResultsDirectory="62260164-f983-4a4d-99a2-7dc1da460539" />
    <UnitTestResult executionId="ba0dd7c7-031e-4320-8ed5-f7ff399fd94a" testId="b611b239-b1eb-9204-e0e7-5dd83b648e27" testName="xUnitTestProject.CurrencyHelperTests.FormatToStringTest100(price: 79973.08417819678, expected: &quot;79973.08 zł&quot;)" computerName="DESKTOP-5URQ9PB" duration="00:00:00.0000041" startTime="2022-06-13T20:52:34.7907967+02:00" endTime="2022-06-13T20:52:34.7907969+02:00" testType="13cdc9d9-ddb5-4fa4-a97d-d965ccfc6d4b" outcome="Passed" testListId="8c84fa94-04c1-424b-9868-57a2d4851a1d" relativeResultsDirectory="ba0dd7c7-031e-4320-8ed5-f7ff399fd94a" />
    <UnitTestResult executionId="b0ea0eb0-17f3-424a-aa69-4a16cb6ffafa" testId="2b46eb58-6e84-4876-9d74-10f782a2b95d" testName="xUnitTestProject.CurrencyHelperTests.FormatToStringTest100(price: 39178.05988345298, expected: &quot;39178.06 zł&quot;)" computerName="DESKTOP-5URQ9PB" duration="00:00:00.0000040" startTime="2022-06-13T20:52:34.7937622+02:00" endTime="2022-06-13T20:52:34.7937623+02:00" testType="13cdc9d9-ddb5-4fa4-a97d-d965ccfc6d4b" outcome="Passed" testListId="8c84fa94-04c1-424b-9868-57a2d4851a1d" relativeResultsDirectory="b0ea0eb0-17f3-424a-aa69-4a16cb6ffafa" />
    <UnitTestResult executionId="144f1a87-5ee6-4158-bd02-8c88a0d70a79" testId="4c412e3e-e553-0928-365f-424e47169018" testName="xUnitTestProject.CurrencyHelperTests.FormatToStringTest100(price: 9816.961298880615, expected: &quot;9816.96 zł&quot;)" computerName="DESKTOP-5URQ9PB" duration="00:00:00.0000041" startTime="2022-06-13T20:52:34.7915851+02:00" endTime="2022-06-13T20:52:34.7915852+02:00" testType="13cdc9d9-ddb5-4fa4-a97d-d965ccfc6d4b" outcome="Passed" testListId="8c84fa94-04c1-424b-9868-57a2d4851a1d" relativeResultsDirectory="144f1a87-5ee6-4158-bd02-8c88a0d70a79" />
    <UnitTestResult executionId="0b5b0fca-52c8-4534-93c7-9c96ddb533b1" testId="ece080b6-35d5-52f6-4ff2-f79908c52d78" testName="xUnitTestProject.CurrencyHelperTests.FormatToStringTest100(price: 7458.609645228652, expected: &quot;7458.61 zł&quot;)" computerName="DESKTOP-5URQ9PB" duration="00:00:00.0000043" startTime="2022-06-13T20:52:34.7887585+02:00" endTime="2022-06-13T20:52:34.7887586+02:00" testType="13cdc9d9-ddb5-4fa4-a97d-d965ccfc6d4b" outcome="Passed" testListId="8c84fa94-04c1-424b-9868-57a2d4851a1d" relativeResultsDirectory="0b5b0fca-52c8-4534-93c7-9c96ddb533b1" />
    <UnitTestResult executionId="09b6b8a0-b37a-418d-902e-a310d4039580" testId="e3628c97-347a-9ee9-e133-2d57b36ee5ba" testName="xUnitTestProject.CurrencyHelperTests.FormatToStringTest100(price: 9867.823212210007, expected: &quot;9867.82 zł&quot;)" computerName="DESKTOP-5URQ9PB" duration="00:00:00.0000045" startTime="2022-06-13T20:52:34.7856470+02:00" endTime="2022-06-13T20:52:34.7856471+02:00" testType="13cdc9d9-ddb5-4fa4-a97d-d965ccfc6d4b" outcome="Passed" testListId="8c84fa94-04c1-424b-9868-57a2d4851a1d" relativeResultsDirectory="09b6b8a0-b37a-418d-902e-a310d4039580" />
    <UnitTestResult executionId="1fc2638b-bb35-4e44-908d-811e62a89c22" testId="2e0c5192-e697-d6bc-f801-978bcb4ec749" testName="xUnitTestProject.CurrencyHelperTests.FormatToStringTest100(price: 8499.121443388574, expected: &quot;8499.12 zł&quot;)" computerName="DESKTOP-5URQ9PB" duration="00:00:00.0000041" startTime="2022-06-13T20:52:34.7857118+02:00" endTime="2022-06-13T20:52:34.7857119+02:00" testType="13cdc9d9-ddb5-4fa4-a97d-d965ccfc6d4b" outcome="Passed" testListId="8c84fa94-04c1-424b-9868-57a2d4851a1d" relativeResultsDirectory="1fc2638b-bb35-4e44-908d-811e62a89c22" />
    <UnitTestResult executionId="1a8349b1-1651-40e6-aed3-ba64727c7cf9" testId="2c0a47e8-8ee6-29b4-babb-5a689a07f007" testName="xUnitTestProject.CurrencyHelperTests.FormatToStringTest100(price: 15639.704937780603, expected: &quot;15639.70 zł&quot;)" computerName="DESKTOP-5URQ9PB" duration="00:00:00.0000043" startTime="2022-06-13T20:52:34.7927448+02:00" endTime="2022-06-13T20:52:34.7927449+02:00" testType="13cdc9d9-ddb5-4fa4-a97d-d965ccfc6d4b" outcome="Passed" testListId="8c84fa94-04c1-424b-9868-57a2d4851a1d" relativeResultsDirectory="1a8349b1-1651-40e6-aed3-ba64727c7cf9" />
    <UnitTestResult executionId="dfcfaf4d-5064-4cc8-a2a9-753092482ba2" testId="c154671c-e246-3280-5d80-165aa2ed0fd0" testName="xUnitTestProject.CurrencyHelperTests.FormatToStringTest100(price: 35145.379208063416, expected: &quot;35145.38 zł&quot;)" computerName="DESKTOP-5URQ9PB" duration="00:00:00.0000041" startTime="2022-06-13T20:52:34.7936024+02:00" endTime="2022-06-13T20:52:34.7936025+02:00" testType="13cdc9d9-ddb5-4fa4-a97d-d965ccfc6d4b" outcome="Passed" testListId="8c84fa94-04c1-424b-9868-57a2d4851a1d" relativeResultsDirectory="dfcfaf4d-5064-4cc8-a2a9-753092482ba2" />
    <UnitTestResult executionId="979b6741-21f7-4ad1-8d11-b2038160b707" testId="5e812169-6686-9fe1-e23d-5fb1628863ab" testName="xUnitTestProject.CurrencyHelperTests.FormatToStringTest100(price: 1649.0127968480872, expected: &quot;1649.01 zł&quot;)" computerName="DESKTOP-5URQ9PB" duration="00:00:00.0000043" startTime="2022-06-13T20:52:34.7927761+02:00" endTime="2022-06-13T20:52:34.7927763+02:00" testType="13cdc9d9-ddb5-4fa4-a97d-d965ccfc6d4b" outcome="Passed" testListId="8c84fa94-04c1-424b-9868-57a2d4851a1d" relativeResultsDirectory="979b6741-21f7-4ad1-8d11-b2038160b707" />
    <UnitTestResult executionId="07dd05b5-6068-465b-b588-05d0861d289b" testId="33f107c2-ab0d-ae03-80da-536fe345a886" testName="xUnitTestProject.CurrencyHelperTests.FormatToStringTest100(price: 21961.272673999552, expected: &quot;21961.27 zł&quot;)" computerName="DESKTOP-5URQ9PB" duration="00:00:00.0000044" startTime="2022-06-13T20:52:34.7885646+02:00" endTime="2022-06-13T20:52:34.7885650+02:00" testType="13cdc9d9-ddb5-4fa4-a97d-d965ccfc6d4b" outcome="Passed" testListId="8c84fa94-04c1-424b-9868-57a2d4851a1d" relativeResultsDirectory="07dd05b5-6068-465b-b588-05d0861d289b" />
    <UnitTestResult executionId="31d26c9c-30f4-4937-8888-f8f52cca408a" testId="e5d3d46a-1577-bac4-8f03-ab7ff7705a9f" testName="xUnitTestProject.CurrencyHelperTests.FormatToStringTest100(price: 52858.048916166204, expected: &quot;52858.05 zł&quot;)" computerName="DESKTOP-5URQ9PB" duration="00:00:00.0000045" startTime="2022-06-13T20:52:34.7866420+02:00" endTime="2022-06-13T20:52:34.7866421+02:00" testType="13cdc9d9-ddb5-4fa4-a97d-d965ccfc6d4b" outcome="Passed" testListId="8c84fa94-04c1-424b-9868-57a2d4851a1d" relativeResultsDirectory="31d26c9c-30f4-4937-8888-f8f52cca408a" />
    <UnitTestResult executionId="abc6a6b4-37fb-4cb2-8c65-01e15674c7ab" testId="bee9f8c6-2947-a818-585e-f32a0181ed37" testName="xUnitTestProject.CurrencyHelperTests.FormatToStringTest100(price: 38640.62766693003, expected: &quot;38640.63 zł&quot;)" computerName="DESKTOP-5URQ9PB" duration="00:00:00.0000045" startTime="2022-06-13T20:52:34.7878356+02:00" endTime="2022-06-13T20:52:34.7878357+02:00" testType="13cdc9d9-ddb5-4fa4-a97d-d965ccfc6d4b" outcome="Passed" testListId="8c84fa94-04c1-424b-9868-57a2d4851a1d" relativeResultsDirectory="abc6a6b4-37fb-4cb2-8c65-01e15674c7ab" />
    <UnitTestResult executionId="92554927-f5b9-4525-af5e-201dfb7bbb84" testId="1dbb93f2-1030-009d-6521-2ea9595c26a6" testName="xUnitTestProject.CurrencyHelperTests.FormatToStringTest100(price: 19541.10539777116, expected: &quot;19541.11 zł&quot;)" computerName="DESKTOP-5URQ9PB" duration="00:00:00.0000043" startTime="2022-06-13T20:52:34.7897431+02:00" endTime="2022-06-13T20:52:34.7897433+02:00" testType="13cdc9d9-ddb5-4fa4-a97d-d965ccfc6d4b" outcome="Passed" testListId="8c84fa94-04c1-424b-9868-57a2d4851a1d" relativeResultsDirectory="92554927-f5b9-4525-af5e-201dfb7bbb84" />
    <UnitTestResult executionId="865544e2-8e97-4409-a99d-c0be3f3e41e8" testId="abbe5506-3b8c-ed2b-2408-42de70c236b9" testName="xUnitTestProject.CurrencyHelperTests.FormatToStringTest100(price: 40857.08543233996, expected: &quot;40857.09 zł&quot;)" computerName="DESKTOP-5URQ9PB" duration="00:00:00.0030944" startTime="2022-06-13T20:52:34.7700848+02:00" endTime="2022-06-13T20:52:34.7701596+02:00" testType="13cdc9d9-ddb5-4fa4-a97d-d965ccfc6d4b" outcome="Passed" testListId="8c84fa94-04c1-424b-9868-57a2d4851a1d" relativeResultsDirectory="865544e2-8e97-4409-a99d-c0be3f3e41e8" />
    <UnitTestResult executionId="897a0e1a-a712-4bfa-bab1-8fdddca4a502" testId="50d69e8d-3a93-b655-2f18-638fbff5feb9" testName="xUnitTestProject.CurrencyHelperTests.FormatToStringTest100(price: 6864.093052674129, expected: &quot;6864.09 zł&quot;)" computerName="DESKTOP-5URQ9PB" duration="00:00:00.0000047" startTime="2022-06-13T20:52:34.7831956+02:00" endTime="2022-06-13T20:52:34.7831957+02:00" testType="13cdc9d9-ddb5-4fa4-a97d-d965ccfc6d4b" outcome="Passed" testListId="8c84fa94-04c1-424b-9868-57a2d4851a1d" relativeResultsDirectory="897a0e1a-a712-4bfa-bab1-8fdddca4a502" />
    <UnitTestResult executionId="c341d724-2f17-45a2-90c1-707625a5592a" testId="3bb4baee-0ac4-fa1e-e791-31ce6ef2b58b" testName="xUnitTestProject.CurrencyHelperTests.FormatToStringTest100(price: 28192.949128067565, expected: &quot;28192.95 zł&quot;)" computerName="DESKTOP-5URQ9PB" duration="00:00:00.0000044" startTime="2022-06-13T20:52:34.7917756+02:00" endTime="2022-06-13T20:52:34.7917757+02:00" testType="13cdc9d9-ddb5-4fa4-a97d-d965ccfc6d4b" outcome="Passed" testListId="8c84fa94-04c1-424b-9868-57a2d4851a1d" relativeResultsDirectory="c341d724-2f17-45a2-90c1-707625a5592a" />
    <UnitTestResult executionId="003e36eb-8728-4b58-ae83-0fbb02c1ffc9" testId="b309356a-1568-0ab7-98a5-a111bb0bc5a1" testName="xUnitTestProject.CurrencyHelperTests.FormatToStringTest100(price: 46898.00219497783, expected: &quot;46898.00 zł&quot;)" computerName="DESKTOP-5URQ9PB" duration="00:00:00.0000043" startTime="2022-06-13T20:52:34.7867046+02:00" endTime="2022-06-13T20:52:34.7867048+02:00" testType="13cdc9d9-ddb5-4fa4-a97d-d965ccfc6d4b" outcome="Passed" testListId="8c84fa94-04c1-424b-9868-57a2d4851a1d" relativeResultsDirectory="003e36eb-8728-4b58-ae83-0fbb02c1ffc9" />
    <UnitTestResult executionId="e8c7ea85-059f-46c8-b12f-e7abd3bacebc" testId="4b242f0c-9170-3330-c57e-f3c12dfe43da" testName="xUnitTestProject.CurrencyHelperTests.FormatToStringTest100(price: 28502.61128259758, expected: &quot;28502.61 zł&quot;)" computerName="DESKTOP-5URQ9PB" duration="00:00:00.0000043" startTime="2022-06-13T20:52:34.7936670+02:00" endTime="2022-06-13T20:52:34.7936671+02:00" testType="13cdc9d9-ddb5-4fa4-a97d-d965ccfc6d4b" outcome="Passed" testListId="8c84fa94-04c1-424b-9868-57a2d4851a1d" relativeResultsDirectory="e8c7ea85-059f-46c8-b12f-e7abd3bacebc" />
    <UnitTestResult executionId="74504de8-2216-4d0c-a27a-09c21dd08f1c" testId="111c79ee-d703-225b-8314-e9f7cfa3d20e" testName="xUnitTestProject.CurrencyHelperTests.FormatToStringTest100(price: 27893.312729890138, expected: &quot;27893.31 zł&quot;)" computerName="DESKTOP-5URQ9PB" duration="00:00:00.0000045" startTime="2022-06-13T20:52:34.7830526+02:00" endTime="2022-06-13T20:52:34.7830533+02:00" testType="13cdc9d9-ddb5-4fa4-a97d-d965ccfc6d4b" outcome="Passed" testListId="8c84fa94-04c1-424b-9868-57a2d4851a1d" relativeResultsDirectory="74504de8-2216-4d0c-a27a-09c21dd08f1c" />
    <UnitTestResult executionId="e71f87c0-c910-4e02-8e31-79c9ca4bb1c7" testId="7d21651a-97b6-7b0a-2e61-911a28703fd6" testName="xUnitTestProject.CurrencyHelperTests.FormatToStringTest100(price: 17252.06220983903, expected: &quot;17252.06 zł&quot;)" computerName="DESKTOP-5URQ9PB" duration="00:00:00.0000045" startTime="2022-06-13T20:52:34.7915493+02:00" endTime="2022-06-13T20:52:34.7915496+02:00" testType="13cdc9d9-ddb5-4fa4-a97d-d965ccfc6d4b" outcome="Passed" testListId="8c84fa94-04c1-424b-9868-57a2d4851a1d" relativeResultsDirectory="e71f87c0-c910-4e02-8e31-79c9ca4bb1c7" />
    <UnitTestResult executionId="10416d11-1688-44d7-b913-b02098a22ba8" testId="67a2e17d-2e99-1573-e414-664dc3a5daec" testName="xUnitTestProject.CurrencyHelperTests.FormatToStringTest100(price: 45035.160883881224, expected: &quot;45035.16 zł&quot;)" computerName="DESKTOP-5URQ9PB" duration="00:00:00.0000055" startTime="2022-06-13T20:52:34.7744828+02:00" endTime="2022-06-13T20:52:34.7744831+02:00" testType="13cdc9d9-ddb5-4fa4-a97d-d965ccfc6d4b" outcome="Passed" testListId="8c84fa94-04c1-424b-9868-57a2d4851a1d" relativeResultsDirectory="10416d11-1688-44d7-b913-b02098a22ba8" />
    <UnitTestResult executionId="cb984497-b3a2-4f85-96ee-720da6bef542" testId="aa846e16-83e3-6a8d-ea1c-cf150206bc05" testName="xUnitTestProject.CurrencyHelperTests.FormatToStringTest100(price: 37589.670531794276, expected: &quot;37589.67 zł&quot;)" computerName="DESKTOP-5URQ9PB" duration="00:00:00.0000049" startTime="2022-06-13T20:52:34.7888261+02:00" endTime="2022-06-13T20:52:34.7888263+02:00" testType="13cdc9d9-ddb5-4fa4-a97d-d965ccfc6d4b" outcome="Passed" testListId="8c84fa94-04c1-424b-9868-57a2d4851a1d" relativeResultsDirectory="cb984497-b3a2-4f85-96ee-720da6bef542" />
    <UnitTestResult executionId="ec9e58ec-12f1-4403-86ed-e63b33ab9e06" testId="da9a7d7d-29a1-93da-fc82-1718f2a3582d" testName="xUnitTestProject.CurrencyHelperTests.FormatToStringTest100(price: 52020.805412759444, expected: &quot;52020.81 zł&quot;)" computerName="DESKTOP-5URQ9PB" duration="00:00:00.0000043" startTime="2022-06-13T20:52:34.7935693+02:00" endTime="2022-06-13T20:52:34.7935695+02:00" testType="13cdc9d9-ddb5-4fa4-a97d-d965ccfc6d4b" outcome="Passed" testListId="8c84fa94-04c1-424b-9868-57a2d4851a1d" relativeResultsDirectory="ec9e58ec-12f1-4403-86ed-e63b33ab9e06" />
    <UnitTestResult executionId="3c6bf248-08db-4f2c-b1dc-ad097e3adf72" testId="d48c6551-b0f6-c3d7-de17-2c1671fe95a2" testName="xUnitTestProject.CurrencyHelperTests.FormatToStringTest100(price: 8768.816937361293, expected: &quot;8768.82 zł&quot;)" computerName="DESKTOP-5URQ9PB" duration="00:00:00.0000268" startTime="2022-06-13T20:52:34.7926180+02:00" endTime="2022-06-13T20:52:34.7926182+02:00" testType="13cdc9d9-ddb5-4fa4-a97d-d965ccfc6d4b" outcome="Passed" testListId="8c84fa94-04c1-424b-9868-57a2d4851a1d" relativeResultsDirectory="3c6bf248-08db-4f2c-b1dc-ad097e3adf72" />
    <UnitTestResult executionId="cc77d9c9-2bdd-4951-a6da-0b13e571f5db" testId="afb9fcf3-f392-dcf0-c2e9-6922ff45e46f" testName="xUnitTestProject.CurrencyHelperTests.FormatToStringTest100(price: 740.3213011405064, expected: &quot;740.32 zł&quot;)" computerName="DESKTOP-5URQ9PB" duration="00:00:00.0000041" startTime="2022-06-13T20:52:34.7878039+02:00" endTime="2022-06-13T20:52:34.7878040+02:00" testType="13cdc9d9-ddb5-4fa4-a97d-d965ccfc6d4b" outcome="Passed" testListId="8c84fa94-04c1-424b-9868-57a2d4851a1d" relativeResultsDirectory="cc77d9c9-2bdd-4951-a6da-0b13e571f5db" />
    <UnitTestResult executionId="68fd9105-3cae-436c-b100-36d0bf4be6c4" testId="99620ffe-5e9a-128c-a6ac-13976c610d3b" testName="xUnitTestProject.CurrencyHelperTests.FormatToStringTest100(price: 11100.829211263372, expected: &quot;11100.83 zł&quot;)" computerName="DESKTOP-5URQ9PB" duration="00:00:00.0000206" startTime="2022-06-13T20:52:34.7743662+02:00" endTime="2022-06-13T20:52:34.7743672+02:00" testType="13cdc9d9-ddb5-4fa4-a97d-d965ccfc6d4b" outcome="Passed" testListId="8c84fa94-04c1-424b-9868-57a2d4851a1d" relativeResultsDirectory="68fd9105-3cae-436c-b100-36d0bf4be6c4" />
    <UnitTestResult executionId="219cf0a0-f9ae-434f-b0d8-a684d8b53064" testId="2738362e-e19d-f6a9-dd3e-b18b1bacf9a4" testName="xUnitTestProject.CurrencyHelperTests.FormatToStringTest100(price: 6958.393354767186, expected: &quot;6958.39 zł&quot;)" computerName="DESKTOP-5URQ9PB" duration="00:00:00.0000041" startTime="2022-06-13T20:52:34.7887271+02:00" endTime="2022-06-13T20:52:34.7887272+02:00" testType="13cdc9d9-ddb5-4fa4-a97d-d965ccfc6d4b" outcome="Passed" testListId="8c84fa94-04c1-424b-9868-57a2d4851a1d" relativeResultsDirectory="219cf0a0-f9ae-434f-b0d8-a684d8b53064" />
    <UnitTestResult executionId="e9db64bd-e8dd-46a2-b038-30dce81c4748" testId="fb32513a-ed20-1e61-8c8f-5e74dc95816c" testName="xUnitTestProject.CurrencyHelperTests.FormatToStringTest100(price: 286.92120604539343, expected: &quot;286.92 zł&quot;)" computerName="DESKTOP-5URQ9PB" duration="00:00:00.0000041" startTime="2022-06-13T20:52:34.7856155+02:00" endTime="2022-06-13T20:52:34.7856156+02:00" testType="13cdc9d9-ddb5-4fa4-a97d-d965ccfc6d4b" outcome="Passed" testListId="8c84fa94-04c1-424b-9868-57a2d4851a1d" relativeResultsDirectory="e9db64bd-e8dd-46a2-b038-30dce81c4748" />
    <UnitTestResult executionId="91f66885-9a9a-4ee6-b3f7-24050c7852ec" testId="f0bb637b-8cf3-7fb0-e10c-0038b91cfed9" testName="xUnitTestProject.CurrencyHelperTests.FormatToStringTest100(price: 11912.404131636213, expected: &quot;11912.40 zł&quot;)" computerName="DESKTOP-5URQ9PB" duration="00:00:00.0000041" startTime="2022-06-13T20:52:34.7937979+02:00" endTime="2022-06-13T20:52:34.7937981+02:00" testType="13cdc9d9-ddb5-4fa4-a97d-d965ccfc6d4b" outcome="Passed" testListId="8c84fa94-04c1-424b-9868-57a2d4851a1d" relativeResultsDirectory="91f66885-9a9a-4ee6-b3f7-24050c7852ec" />
    <UnitTestResult executionId="d5e969d0-0e1e-48f6-9a4e-ce90c438724a" testId="8b5b6910-6f6f-c9ce-8825-e4185407df85" testName="xUnitTestProject.CurrencyHelperTests.FormatToStringTest100(price: 736.7398243680316, expected: &quot;736.74 zł&quot;)" computerName="DESKTOP-5URQ9PB" duration="00:00:00.0000043" startTime="2022-06-13T20:52:34.7906050+02:00" endTime="2022-06-13T20:52:34.7906051+02:00" testType="13cdc9d9-ddb5-4fa4-a97d-d965ccfc6d4b" outcome="Passed" testListId="8c84fa94-04c1-424b-9868-57a2d4851a1d" relativeResultsDirectory="d5e969d0-0e1e-48f6-9a4e-ce90c438724a" />
    <UnitTestResult executionId="b103f666-8cac-4ee6-becb-2c0dc3b23c83" testId="d073a14a-1a05-55ae-e697-84b172175337" testName="xUnitTestProject.CurrencyHelperTests.FormatToStringTest100(price: 52810.91713865516, expected: &quot;52810.92 zł&quot;)" computerName="DESKTOP-5URQ9PB" duration="00:00:00.0000046" startTime="2022-06-13T20:52:34.7896170+02:00" endTime="2022-06-13T20:52:34.7896171+02:00" testType="13cdc9d9-ddb5-4fa4-a97d-d965ccfc6d4b" outcome="Passed" testListId="8c84fa94-04c1-424b-9868-57a2d4851a1d" relativeResultsDirectory="b103f666-8cac-4ee6-becb-2c0dc3b23c83" />
    <UnitTestResult executionId="d38d54af-1e97-49b2-9d00-020180706319" testId="14bf6b28-24d9-64d3-e241-ed045f113c3f" testName="xUnitTestProject.CurrencyHelperTests.FormatToStringTest100(price: 16986.338876065027, expected: &quot;16986.34 zł&quot;)" computerName="DESKTOP-5URQ9PB" duration="00:00:00.0000045" startTime="2022-06-13T20:52:34.7832290+02:00" endTime="2022-06-13T20:52:34.7832291+02:00" testType="13cdc9d9-ddb5-4fa4-a97d-d965ccfc6d4b" outcome="Passed" testListId="8c84fa94-04c1-424b-9868-57a2d4851a1d" relativeResultsDirectory="d38d54af-1e97-49b2-9d00-020180706319" />
    <UnitTestResult executionId="b286624f-5f30-47ca-bcf1-502f32afacbd" testId="f1fba880-f684-09f7-700f-be107cba176b" testName="xUnitTestProject.CurrencyHelperTests.FormatToStringTest100(price: 67338.80028760935, expected: &quot;67338.80 zł&quot;)" computerName="DESKTOP-5URQ9PB" duration="00:00:00.0000083" startTime="2022-06-13T20:52:34.7917134+02:00" endTime="2022-06-13T20:52:34.7917135+02:00" testType="13cdc9d9-ddb5-4fa4-a97d-d965ccfc6d4b" outcome="Passed" testListId="8c84fa94-04c1-424b-9868-57a2d4851a1d" relativeResultsDirectory="b286624f-5f30-47ca-bcf1-502f32afacbd" />
    <UnitTestResult executionId="f3443dd3-c95e-4932-bc44-f75ec3b7bd02" testId="60df436e-3029-21a3-1c5e-f7dac0d4c1de" testName="xUnitTestProject.CurrencyHelperTests.FormatToStringTest100(price: 64210.358316209335, expected: &quot;64210.36 zł&quot;)" computerName="DESKTOP-5URQ9PB" duration="00:00:00.0000043" startTime="2022-06-13T20:52:34.7867364+02:00" endTime="2022-06-13T20:52:34.7867366+02:00" testType="13cdc9d9-ddb5-4fa4-a97d-d965ccfc6d4b" outcome="Passed" testListId="8c84fa94-04c1-424b-9868-57a2d4851a1d" relativeResultsDirectory="f3443dd3-c95e-4932-bc44-f75ec3b7bd02" />
    <UnitTestResult executionId="6e506600-26f8-410d-a76b-6add12f83d58" testId="8cee55c7-2f54-9306-dead-c4a37d1316a9" testName="xUnitTestProject.CurrencyHelperTests.FormatToStringTest100(price: 50991.22189691114, expected: &quot;50991.22 zł&quot;)" computerName="DESKTOP-5URQ9PB" duration="00:00:00.0000041" startTime="2022-06-13T20:52:34.7916508+02:00" endTime="2022-06-13T20:52:34.7916509+02:00" testType="13cdc9d9-ddb5-4fa4-a97d-d965ccfc6d4b" outcome="Passed" testListId="8c84fa94-04c1-424b-9868-57a2d4851a1d" relativeResultsDirectory="6e506600-26f8-410d-a76b-6add12f83d58" />
    <UnitTestResult executionId="9a568b29-f392-4f30-b889-7fa5c87a3fc5" testId="91415d54-575f-b471-1dc0-1631e68e02ab" testName="xUnitTestProject.CurrencyHelperTests.FormatToStringTest100(price: 1208.1827589441941, expected: &quot;1208.18 zł&quot;)" computerName="DESKTOP-5URQ9PB" duration="00:00:00.0000040" startTime="2022-06-13T20:52:34.7857750+02:00" endTime="2022-06-13T20:52:34.7857751+02:00" testType="13cdc9d9-ddb5-4fa4-a97d-d965ccfc6d4b" outcome="Passed" testListId="8c84fa94-04c1-424b-9868-57a2d4851a1d" relativeResultsDirectory="9a568b29-f392-4f30-b889-7fa5c87a3fc5" />
    <UnitTestResult executionId="7bdee40b-f38c-43db-b7ec-eca1c306e8ae" testId="7105c4e1-ce32-5c97-6709-d6bf0a4e3d55" testName="xUnitTestProject.CurrencyHelperTests.FormatToStringTest100(price: 5628.028273674672, expected: &quot;5628.03 zł&quot;)" computerName="DESKTOP-5URQ9PB" duration="00:00:00.0000041" startTime="2022-06-13T20:52:34.7918124+02:00" endTime="2022-06-13T20:52:34.7918126+02:00" testType="13cdc9d9-ddb5-4fa4-a97d-d965ccfc6d4b" outcome="Passed" testListId="8c84fa94-04c1-424b-9868-57a2d4851a1d" relativeResultsDirectory="7bdee40b-f38c-43db-b7ec-eca1c306e8ae" />
    <UnitTestResult executionId="240f5bd7-92bc-425b-b037-2d412fa573c9" testId="c05fb9c5-7f95-15f9-16c2-7f5bfc2c47e7" testName="xUnitTestProject.CurrencyHelperTests.FormatToStringTest100(price: 78822.37212685234, expected: &quot;78822.37 zł&quot;)" computerName="DESKTOP-5URQ9PB" duration="00:00:00.0000048" startTime="2022-06-13T20:52:34.7897744+02:00" endTime="2022-06-13T20:52:34.7897745+02:00" testType="13cdc9d9-ddb5-4fa4-a97d-d965ccfc6d4b" outcome="Passed" testListId="8c84fa94-04c1-424b-9868-57a2d4851a1d" relativeResultsDirectory="240f5bd7-92bc-425b-b037-2d412fa573c9" />
    <UnitTestResult executionId="3167479e-2e0d-4753-a8e8-402eae18a744" testId="081370ca-48f4-57e4-cbf0-362048ef7fc7" testName="xUnitTestProject.CurrencyHelperTests.FormatToStringTest100(price: 468.83385119346616, expected: &quot;468.83 zł&quot;)" computerName="DESKTOP-5URQ9PB" duration="00:00:00.0000041" startTime="2022-06-13T20:52:34.7905729+02:00" endTime="2022-06-13T20:52:34.7905731+02:00" testType="13cdc9d9-ddb5-4fa4-a97d-d965ccfc6d4b" outcome="Passed" testListId="8c84fa94-04c1-424b-9868-57a2d4851a1d" relativeResultsDirectory="3167479e-2e0d-4753-a8e8-402eae18a744" />
    <UnitTestResult executionId="d970ab35-65de-4102-9690-f30ac264801c" testId="4053e7cd-71d6-290b-ba32-3b8047db680a" testName="xUnitTestProject.CurrencyHelperTests.FormatToStringTest100(price: 317.9090540706688, expected: &quot;317.91 zł&quot;)" computerName="DESKTOP-5URQ9PB" duration="00:00:00.0000044" startTime="2022-06-13T20:52:34.7876737+02:00" endTime="2022-06-13T20:52:34.7876739+02:00" testType="13cdc9d9-ddb5-4fa4-a97d-d965ccfc6d4b" outcome="Passed" testListId="8c84fa94-04c1-424b-9868-57a2d4851a1d" relativeResultsDirectory="d970ab35-65de-4102-9690-f30ac264801c" />
    <UnitTestResult executionId="32dac5f4-c6a3-4f05-bdf5-734db8d08278" testId="3ac7c8db-6027-14d9-863b-5141742cb318" testName="xUnitTestProject.CurrencyHelperTests.FormatToStringTest100(price: 159.83786031922224, expected: &quot;159.84 zł&quot;)" computerName="DESKTOP-5URQ9PB" duration="00:00:00.0000050" startTime="2022-06-13T20:52:34.7745882+02:00" endTime="2022-06-13T20:52:34.7745883+02:00" testType="13cdc9d9-ddb5-4fa4-a97d-d965ccfc6d4b" outcome="Passed" testListId="8c84fa94-04c1-424b-9868-57a2d4851a1d" relativeResultsDirectory="32dac5f4-c6a3-4f05-bdf5-734db8d08278" />
    <UnitTestResult executionId="1be6046d-2d83-4569-88de-9ca6f53fe01b" testId="8a266f5a-be21-44b9-cc46-2634e151c33b" testName="xUnitTestProject.CurrencyHelperTests.FormatToStringTest100(price: 32632.105531036905, expected: &quot;32632.11 zł&quot;)" computerName="DESKTOP-5URQ9PB" duration="00:00:00.0000043" startTime="2022-06-13T20:52:34.7855498+02:00" endTime="2022-06-13T20:52:34.7855500+02:00" testType="13cdc9d9-ddb5-4fa4-a97d-d965ccfc6d4b" outcome="Passed" testListId="8c84fa94-04c1-424b-9868-57a2d4851a1d" relativeResultsDirectory="1be6046d-2d83-4569-88de-9ca6f53fe01b" />
    <UnitTestResult executionId="3ab478f9-fe26-406b-8844-6440773020bd" testId="8b4e8664-15ff-c81e-db88-693c6ea7ece0" testName="xUnitTestProject.CurrencyHelperTests.FormatToStringTest100(price: 22291.653251342315, expected: &quot;22291.65 zł&quot;)" computerName="DESKTOP-5URQ9PB" duration="00:00:00.0000043" startTime="2022-06-13T20:52:34.7868036+02:00" endTime="2022-06-13T20:52:34.7868037+02:00" testType="13cdc9d9-ddb5-4fa4-a97d-d965ccfc6d4b" outcome="Passed" testListId="8c84fa94-04c1-424b-9868-57a2d4851a1d" relativeResultsDirectory="3ab478f9-fe26-406b-8844-6440773020bd" />
    <UnitTestResult executionId="834cceb6-4bd1-4453-ac5e-8f043f53ad6b" testId="74dd38df-c768-037a-da68-a6c5c371d014" testName="xUnitTestProject.CurrencyHelperTests.FormatToStringTest100(price: 22666.13578912995, expected: &quot;22666.14 zł&quot;)" computerName="DESKTOP-5URQ9PB" duration="00:00:00.0000044" startTime="2022-06-13T20:52:34.7886323+02:00" endTime="2022-06-13T20:52:34.7886324+02:00" testType="13cdc9d9-ddb5-4fa4-a97d-d965ccfc6d4b" outcome="Passed" testListId="8c84fa94-04c1-424b-9868-57a2d4851a1d" relativeResultsDirectory="834cceb6-4bd1-4453-ac5e-8f043f53ad6b" />
    <UnitTestResult executionId="478b19df-5629-4f9b-9f8e-d5f515e0cce6" testId="d71fa846-0b3d-650b-0fa7-7de64a8b5692" testName="xUnitTestProject.CurrencyHelperTests.FormatToStringTest100(price: 25990.318498101697, expected: &quot;25990.32 zł&quot;)" computerName="DESKTOP-5URQ9PB" duration="00:00:00.0000043" startTime="2022-06-13T20:52:34.7855067+02:00" endTime="2022-06-13T20:52:34.7855074+02:00" testType="13cdc9d9-ddb5-4fa4-a97d-d965ccfc6d4b" outcome="Passed" testListId="8c84fa94-04c1-424b-9868-57a2d4851a1d" relativeResultsDirectory="478b19df-5629-4f9b-9f8e-d5f515e0cce6" />
    <UnitTestResult executionId="5fa58fca-a62d-4545-92fc-323839920b42" testId="ff59583d-5ce7-46c9-0e7b-54c700821ca2" testName="xUnitTestProject.CurrencyHelperTests.FormatToStringTest100(price: 14172.682747822573, expected: &quot;14172.68 zł&quot;)" computerName="DESKTOP-5URQ9PB" duration="00:00:00.0000041" startTime="2022-06-13T20:52:34.7945217+02:00" endTime="2022-06-13T20:52:34.7945221+02:00" testType="13cdc9d9-ddb5-4fa4-a97d-d965ccfc6d4b" outcome="Passed" testListId="8c84fa94-04c1-424b-9868-57a2d4851a1d" relativeResultsDirectory="5fa58fca-a62d-4545-92fc-323839920b42" />
    <UnitTestResult executionId="21ee4b92-fa9e-4992-911a-a0ece3a93d91" testId="1813aa2f-eab9-0da1-9d79-9ec562fcf340" testName="xUnitTestProject.CurrencyHelperTests.FormatToStringTest100(price: 22604.838218828587, expected: &quot;22604.84 zł&quot;)" computerName="DESKTOP-5URQ9PB" duration="00:00:00.0000041" startTime="2022-06-13T20:52:34.7936992+02:00" endTime="2022-06-13T20:52:34.7936993+02:00" testType="13cdc9d9-ddb5-4fa4-a97d-d965ccfc6d4b" outcome="Passed" testListId="8c84fa94-04c1-424b-9868-57a2d4851a1d" relativeResultsDirectory="21ee4b92-fa9e-4992-911a-a0ece3a93d91" />
    <UnitTestResult executionId="8b7564ee-feb8-4a0a-ba18-f05c6b102427" testId="dcc4e251-457a-bc1b-d0d7-d1ec86b94d5d" testName="xUnitTestProject.CurrencyHelperTests.FormatToStringTest100(price: 2937.138486199611, expected: &quot;2937.14 zł&quot;)" computerName="DESKTOP-5URQ9PB" duration="00:00:00.0000045" startTime="2022-06-13T20:52:34.7876098+02:00" endTime="2022-06-13T20:52:34.7876100+02:00" testType="13cdc9d9-ddb5-4fa4-a97d-d965ccfc6d4b" outcome="Passed" testListId="8c84fa94-04c1-424b-9868-57a2d4851a1d" relativeResultsDirectory="8b7564ee-feb8-4a0a-ba18-f05c6b102427" />
    <UnitTestResult executionId="15f360f4-40fb-43eb-bf75-24523c2c9079" testId="fb2ea2cb-613f-cbc7-6fc7-7097106fa76f" testName="xUnitTestProject.CurrencyHelperTests.FormatToStringTest100(price: 28072.424637532058, expected: &quot;28072.42 zł&quot;)" computerName="DESKTOP-5URQ9PB" duration="00:00:00.0000041" startTime="2022-06-13T20:52:34.7877361+02:00" endTime="2022-06-13T20:52:34.7877363+02:00" testType="13cdc9d9-ddb5-4fa4-a97d-d965ccfc6d4b" outcome="Passed" testListId="8c84fa94-04c1-424b-9868-57a2d4851a1d" relativeResultsDirectory="15f360f4-40fb-43eb-bf75-24523c2c9079" />
    <UnitTestResult executionId="276a3c5f-dfd4-4855-9d75-b7f3db0ddfd2" testId="266d715f-e5d3-df86-ea76-d35ef7b9d7e0" testName="xUnitTestProject.CurrencyHelperTests.FormatToStringTest100(price: 45603.90324273142, expected: &quot;45603.90 zł&quot;)" computerName="DESKTOP-5URQ9PB" duration="00:00:00.0000044" startTime="2022-06-13T20:52:34.7877671+02:00" endTime="2022-06-13T20:52:34.7877672+02:00" testType="13cdc9d9-ddb5-4fa4-a97d-d965ccfc6d4b" outcome="Passed" testListId="8c84fa94-04c1-424b-9868-57a2d4851a1d" relativeResultsDirectory="276a3c5f-dfd4-4855-9d75-b7f3db0ddfd2" />
    <UnitTestResult executionId="cbf79b8b-99b3-4c4a-9ad0-a2bcbfd544ce" testId="d47953b3-b855-d065-3ee0-ac12db86be39" testName="xUnitTestProject.CurrencyHelperTests.FormatToStringTest100(price: 35784.54232617307, expected: &quot;35784.54 zł&quot;)" computerName="DESKTOP-5URQ9PB" duration="00:00:00.0000046" startTime="2022-06-13T20:52:34.7895485+02:00" endTime="2022-06-13T20:52:34.7895488+02:00" testType="13cdc9d9-ddb5-4fa4-a97d-d965ccfc6d4b" outcome="Passed" testListId="8c84fa94-04c1-424b-9868-57a2d4851a1d" relativeResultsDirectory="cbf79b8b-99b3-4c4a-9ad0-a2bcbfd544ce" />
    <UnitTestResult executionId="6c172513-e823-43d8-aa1d-9f070774716b" testId="d7778823-4bda-74f0-3f28-6c90759e2c7c" testName="xUnitTestProject.CurrencyHelperTests.FormatToStringTest100(price: 12949.590713378317, expected: &quot;12949.59 zł&quot;)" computerName="DESKTOP-5URQ9PB" duration="00:00:00.0000044" startTime="2022-06-13T20:52:34.7866735+02:00" endTime="2022-06-13T20:52:34.7866736+02:00" testType="13cdc9d9-ddb5-4fa4-a97d-d965ccfc6d4b" outcome="Passed" testListId="8c84fa94-04c1-424b-9868-57a2d4851a1d" relativeResultsDirectory="6c172513-e823-43d8-aa1d-9f070774716b" />
    <UnitTestResult executionId="3ade00d2-ced2-4386-81b5-3c40e1230807" testId="649e78c8-4417-17eb-ca16-441525722fe8" testName="xUnitTestProject.CurrencyHelperTests.FormatToStringTest100(price: 50339.31259969497, expected: &quot;50339.31 zł&quot;)" computerName="DESKTOP-5URQ9PB" duration="00:00:00.0000054" startTime="2022-06-13T20:52:34.7926502+02:00" endTime="2022-06-13T20:52:34.7926503+02:00" testType="13cdc9d9-ddb5-4fa4-a97d-d965ccfc6d4b" outcome="Passed" testListId="8c84fa94-04c1-424b-9868-57a2d4851a1d" relativeResultsDirectory="3ade00d2-ced2-4386-81b5-3c40e1230807" />
    <UnitTestResult executionId="daaa3a49-e5b4-4dad-a0f9-8345be7b45f5" testId="84d5048a-7b2f-9b60-257e-0daa5848d93c" testName="xUnitTestProject.CurrencyHelperTests.FormatToStringTest100(price: 31300.40752580967, expected: &quot;31300.41 zł&quot;)" computerName="DESKTOP-5URQ9PB" duration="00:00:00.0000045" startTime="2022-06-13T20:52:34.7867685+02:00" endTime="2022-06-13T20:52:34.7867686+02:00" testType="13cdc9d9-ddb5-4fa4-a97d-d965ccfc6d4b" outcome="Passed" testListId="8c84fa94-04c1-424b-9868-57a2d4851a1d" relativeResultsDirectory="daaa3a49-e5b4-4dad-a0f9-8345be7b45f5" />
    <UnitTestResult executionId="00f47ff8-ce82-492b-ae28-62e84d977b28" testId="eddb088f-c107-aeac-fa0d-87b3c14eed53" testName="xUnitTestProject.CurrencyHelperTests.FormatToStringTest100(price: 1614.2516601789982, expected: &quot;1614.25 zł&quot;)" computerName="DESKTOP-5URQ9PB" duration="00:00:00.0000040" startTime="2022-06-13T20:52:34.7875744+02:00" endTime="2022-06-13T20:52:34.7875747+02:00" testType="13cdc9d9-ddb5-4fa4-a97d-d965ccfc6d4b" outcome="Passed" testListId="8c84fa94-04c1-424b-9868-57a2d4851a1d" relativeResultsDirectory="00f47ff8-ce82-492b-ae28-62e84d977b28" />
    <UnitTestResult executionId="cf40edeb-77b0-4fec-bba6-1b35003b9a40" testId="e6f2d423-ca40-ed8a-1d2e-2b1354a1f4e9" testName="xUnitTestProject.CurrencyHelperTests.FormatToStringTest100(price: 66019.32414194118, expected: &quot;66019.32 zł&quot;)" computerName="DESKTOP-5URQ9PB" duration="00:00:00.0000044" startTime="2022-06-13T20:52:34.7916822+02:00" endTime="2022-06-13T20:52:34.7916823+02:00" testType="13cdc9d9-ddb5-4fa4-a97d-d965ccfc6d4b" outcome="Passed" testListId="8c84fa94-04c1-424b-9868-57a2d4851a1d" relativeResultsDirectory="cf40edeb-77b0-4fec-bba6-1b35003b9a40" />
    <UnitTestResult executionId="57cb56ea-a319-4ada-ad11-5bda72f2a703" testId="b06b7483-d7a9-8983-7acb-83b99a3a9375" testName="xUnitTestProject.CurrencyHelperTests.FormatToStringTest100(price: 20244.692955315437, expected: &quot;20244.69 zł&quot;)" computerName="DESKTOP-5URQ9PB" duration="00:00:00.0000044" startTime="2022-06-13T20:52:34.7887937+02:00" endTime="2022-06-13T20:52:34.7887939+02:00" testType="13cdc9d9-ddb5-4fa4-a97d-d965ccfc6d4b" outcome="Passed" testListId="8c84fa94-04c1-424b-9868-57a2d4851a1d" relativeResultsDirectory="57cb56ea-a319-4ada-ad11-5bda72f2a703" />
    <UnitTestResult executionId="79eb0624-ffdf-49c3-9316-da2498f4c95e" testId="9fa54161-392b-187a-1e6d-1b04f9e216c3" testName="xUnitTestProject.CurrencyHelperTests.FormatToStringTest100(price: 1300.9430775404642, expected: &quot;1300.94 zł&quot;)" computerName="DESKTOP-5URQ9PB" duration="00:00:00.0000048" startTime="2022-06-13T20:52:34.7886956+02:00" endTime="2022-06-13T20:52:34.7886957+02:00" testType="13cdc9d9-ddb5-4fa4-a97d-d965ccfc6d4b" outcome="Passed" testListId="8c84fa94-04c1-424b-9868-57a2d4851a1d" relativeResultsDirectory="79eb0624-ffdf-49c3-9316-da2498f4c95e" />
    <UnitTestResult executionId="51390e3e-d75b-4277-840f-f86bccce02ba" testId="ec952d1c-d4b8-4514-2b06-3c5983e68faa" testName="xUnitTestProject.CurrencyHelperTests.FormatToStringTest100(price: 10268.547802396373, expected: &quot;10268.55 zł&quot;)" computerName="DESKTOP-5URQ9PB" duration="00:00:00.0000041" startTime="2022-06-13T20:52:34.7925840+02:00" endTime="2022-06-13T20:52:34.7925841+02:00" testType="13cdc9d9-ddb5-4fa4-a97d-d965ccfc6d4b" outcome="Passed" testListId="8c84fa94-04c1-424b-9868-57a2d4851a1d" relativeResultsDirectory="51390e3e-d75b-4277-840f-f86bccce02ba" />
    <UnitTestResult executionId="927cd07f-21d9-4b8d-a9d6-26174b00fdec" testId="49a05d1f-a775-19c0-25af-f3a1e1d16690" testName="xUnitTestProject.CurrencyHelperTests.FormatToStringTest100(price: 32216.686763396807, expected: &quot;32216.69 zł&quot;)" computerName="DESKTOP-5URQ9PB" duration="00:00:00.0000044" startTime="2022-06-13T20:52:34.7745554+02:00" endTime="2022-06-13T20:52:34.7745555+02:00" testType="13cdc9d9-ddb5-4fa4-a97d-d965ccfc6d4b" outcome="Passed" testListId="8c84fa94-04c1-424b-9868-57a2d4851a1d" relativeResultsDirectory="927cd07f-21d9-4b8d-a9d6-26174b00fdec" />
    <UnitTestResult executionId="d075cc54-0905-42d1-9e50-e4c2a8ced633" testId="7c8e7438-e86b-d1a6-214d-a8d6be86bec7" testName="xUnitTestProject.CurrencyHelperTests.FormatToStringTest100(price: 77904.0088552246, expected: &quot;77904.01 zł&quot;)" computerName="DESKTOP-5URQ9PB" duration="00:00:00.0000045" startTime="2022-06-13T20:52:34.7832606+02:00" endTime="2022-06-13T20:52:34.7832607+02:00" testType="13cdc9d9-ddb5-4fa4-a97d-d965ccfc6d4b" outcome="Passed" testListId="8c84fa94-04c1-424b-9868-57a2d4851a1d" relativeResultsDirectory="d075cc54-0905-42d1-9e50-e4c2a8ced633" />
    <UnitTestResult executionId="7e5bd022-4d03-4798-a29d-c40f54975f8a" testId="f265cc9e-137b-d632-0abc-0be231ad19a3" testName="xUnitTestProject.CurrencyHelperTests.FormatToStringTest100(price: 34096.337879508894, expected: &quot;34096.34 zł&quot;)" computerName="DESKTOP-5URQ9PB" duration="00:00:00.0000043" startTime="2022-06-13T20:52:34.7928121+02:00" endTime="2022-06-13T20:52:34.7928122+02:00" testType="13cdc9d9-ddb5-4fa4-a97d-d965ccfc6d4b" outcome="Passed" testListId="8c84fa94-04c1-424b-9868-57a2d4851a1d" relativeResultsDirectory="7e5bd022-4d03-4798-a29d-c40f54975f8a" />
    <UnitTestResult executionId="e7856761-fda9-4e8c-a306-17fd3466f561" testId="010637aa-f4d9-9bdc-374f-aa35642ade2f" testName="xUnitTestProject.CurrencyHelperTests.FormatToStringTest100(price: 69864.17463991146, expected: &quot;69864.17 zł&quot;)" computerName="DESKTOP-5URQ9PB" duration="00:00:00.0000046" startTime="2022-06-13T20:52:34.7855838+02:00" endTime="2022-06-13T20:52:34.7855839+02:00" testType="13cdc9d9-ddb5-4fa4-a97d-d965ccfc6d4b" outcome="Passed" testListId="8c84fa94-04c1-424b-9868-57a2d4851a1d" relativeResultsDirectory="e7856761-fda9-4e8c-a306-17fd3466f561" />
    <UnitTestResult executionId="145723ac-9624-4fbf-a72e-fc2c36ddab54" testId="dafd8801-e3be-22df-9fa5-764356cf2ca4" testName="xUnitTestProject.CurrencyHelperTests.FormatToStringTest100(price: 16383.352881839199, expected: &quot;16383.35 zł&quot;)" computerName="DESKTOP-5URQ9PB" duration="00:00:00.0000045" startTime="2022-06-13T20:52:34.7868352+02:00" endTime="2022-06-13T20:52:34.7868353+02:00" testType="13cdc9d9-ddb5-4fa4-a97d-d965ccfc6d4b" outcome="Passed" testListId="8c84fa94-04c1-424b-9868-57a2d4851a1d" relativeResultsDirectory="145723ac-9624-4fbf-a72e-fc2c36ddab54" />
    <UnitTestResult executionId="6729bfee-8518-4da5-84bb-659e78db1690" testId="29335311-3390-3a4e-3295-e7d01500b61d" testName="xUnitTestProject.CurrencyHelperTests.FormatToStringTest100(price: 74514.06270644537, expected: &quot;74514.06 zł&quot;)" computerName="DESKTOP-5URQ9PB" duration="00:00:00.0000044" startTime="2022-06-13T20:52:34.7746518+02:00" endTime="2022-06-13T20:52:34.7746520+02:00" testType="13cdc9d9-ddb5-4fa4-a97d-d965ccfc6d4b" outcome="Passed" testListId="8c84fa94-04c1-424b-9868-57a2d4851a1d" relativeResultsDirectory="6729bfee-8518-4da5-84bb-659e78db1690" />
    <UnitTestResult executionId="1ce819a6-5ed9-4079-aa40-96d4f8495620" testId="43a8ab94-a343-e6fd-9ae1-7ad0c6ee6431" testName="xUnitTestProject.CurrencyHelperTests.FormatToStringTest100(price: 62975.496334776515, expected: &quot;62975.50 zł&quot;)" computerName="DESKTOP-5URQ9PB" duration="00:00:00.0000041" startTime="2022-06-13T20:52:34.7896483+02:00" endTime="2022-06-13T20:52:34.7896484+02:00" testType="13cdc9d9-ddb5-4fa4-a97d-d965ccfc6d4b" outcome="Passed" testListId="8c84fa94-04c1-424b-9868-57a2d4851a1d" relativeResultsDirectory="1ce819a6-5ed9-4079-aa40-96d4f8495620" />
    <UnitTestResult executionId="bd7f3c63-3c64-4464-897f-8855d72bf47d" testId="0bf4b77c-c3da-f3e0-15d0-aa3788b09ed0" testName="xUnitTestProject.CurrencyHelperTests.FormatToStringTest100(price: 17953.338243749615, expected: &quot;17953.34 zł&quot;)" computerName="DESKTOP-5URQ9PB" duration="00:00:00.0000043" startTime="2022-06-13T20:52:34.7906986+02:00" endTime="2022-06-13T20:52:34.7906987+02:00" testType="13cdc9d9-ddb5-4fa4-a97d-d965ccfc6d4b" outcome="Passed" testListId="8c84fa94-04c1-424b-9868-57a2d4851a1d" relativeResultsDirectory="bd7f3c63-3c64-4464-897f-8855d72bf47d" />
    <UnitTestResult executionId="095b45ff-951c-4e53-8bee-57041b4dd715" testId="acd09137-eecd-d983-95fe-20aa284c3f97" testName="xUnitTestProject.CurrencyHelperTests.FormatToStringTest100(price: 96.75594581512546, expected: &quot;96.76 zł&quot;)" computerName="DESKTOP-5URQ9PB" duration="00:00:00.0000043" startTime="2022-06-13T20:52:34.7907613+02:00" endTime="2022-06-13T20:52:34.7907614+02:00" testType="13cdc9d9-ddb5-4fa4-a97d-d965ccfc6d4b" outcome="Passed" testListId="8c84fa94-04c1-424b-9868-57a2d4851a1d" relativeResultsDirectory="095b45ff-951c-4e53-8bee-57041b4dd715" />
    <UnitTestResult executionId="767910fb-945e-4ed8-867a-a80b2c865c29" testId="fc8fcc54-cb31-3ea9-a932-697b630d3569" testName="xUnitTestProject.CurrencyHelperTests.FormatToStringTest100(price: 79.6815319544084, expected: &quot;79.68 zł&quot;)" computerName="DESKTOP-5URQ9PB" duration="00:00:00.0000046" startTime="2022-06-13T20:52:34.7926816+02:00" endTime="2022-06-13T20:52:34.7926817+02:00" testType="13cdc9d9-ddb5-4fa4-a97d-d965ccfc6d4b" outcome="Passed" testListId="8c84fa94-04c1-424b-9868-57a2d4851a1d" relativeResultsDirectory="767910fb-945e-4ed8-867a-a80b2c865c29" />
    <UnitTestResult executionId="f05e12dc-3884-43ce-a2a6-c6a6d5178e19" testId="c57e7001-ae2f-cc3c-80aa-b60a735cb853" testName="xUnitTestProject.CurrencyHelperTests.FormatToStringTest100(price: 80609.94377465078, expected: &quot;80609.94 zł&quot;)" computerName="DESKTOP-5URQ9PB" duration="00:00:00.0000044" startTime="2022-06-13T20:52:34.7876425+02:00" endTime="2022-06-13T20:52:34.7876426+02:00" testType="13cdc9d9-ddb5-4fa4-a97d-d965ccfc6d4b" outcome="Passed" testListId="8c84fa94-04c1-424b-9868-57a2d4851a1d" relativeResultsDirectory="f05e12dc-3884-43ce-a2a6-c6a6d5178e19" />
    <UnitTestResult executionId="0db32d22-6403-4d79-b4f1-2afd250c5489" testId="c2fcc150-05bf-fac8-cb5b-156769265741" testName="xUnitTestProject.CurrencyHelperTests.FormatToStringTest100(price: 10784.438152511344, expected: &quot;10784.44 zł&quot;)" computerName="DESKTOP-5URQ9PB" duration="00:00:00.0000043" startTime="2022-06-13T20:52:34.7935338+02:00" endTime="2022-06-13T20:52:34.7935341+02:00" testType="13cdc9d9-ddb5-4fa4-a97d-d965ccfc6d4b" outcome="Passed" testListId="8c84fa94-04c1-424b-9868-57a2d4851a1d" relativeResultsDirectory="0db32d22-6403-4d79-b4f1-2afd250c5489" />
    <UnitTestResult executionId="4287b0ad-ade6-4818-9804-0e1e90020b4e" testId="fc435e55-affb-80d4-72b8-f2b63414b911" testName="xUnitTestProject.CurrencyHelperTests.FormatToStringTest100(price: 591.2110872302256, expected: &quot;591.21 zł&quot;)" computerName="DESKTOP-5URQ9PB" duration="00:00:00.0000048" startTime="2022-06-13T20:52:34.7907301+02:00" endTime="2022-06-13T20:52:34.7907302+02:00" testType="13cdc9d9-ddb5-4fa4-a97d-d965ccfc6d4b" outcome="Passed" testListId="8c84fa94-04c1-424b-9868-57a2d4851a1d" relativeResultsDirectory="4287b0ad-ade6-4818-9804-0e1e90020b4e" />
    <UnitTestResult executionId="28356079-5f33-4b60-a4b2-9a76d4656140" testId="541757e5-f479-f33d-0381-b6dbdace2afb" testName="xUnitTestProject.CurrencyHelperTests.FormatToStringTest100(price: 27050.586848031067, expected: &quot;27050.59 zł&quot;)" computerName="DESKTOP-5URQ9PB" duration="00:00:00.0000046" startTime="2022-06-13T20:52:34.7831317+02:00" endTime="2022-06-13T20:52:34.7831319+02:00" testType="13cdc9d9-ddb5-4fa4-a97d-d965ccfc6d4b" outcome="Passed" testListId="8c84fa94-04c1-424b-9868-57a2d4851a1d" relativeResultsDirectory="28356079-5f33-4b60-a4b2-9a76d4656140" />
    <UnitTestResult executionId="e430737b-151d-49cd-bfaa-0963a2c7fdd3" testId="50ea2bcc-2c4a-f936-b10c-5e627f71076d" testName="xUnitTestProject.CurrencyHelperTests.FormatToStringTest100(price: 6890.028458985514, expected: &quot;6890.03 zł&quot;)" computerName="DESKTOP-5URQ9PB" duration="00:00:00.0000043" startTime="2022-06-13T20:52:34.7886000+02:00" endTime="2022-06-13T20:52:34.7886001+02:00" testType="13cdc9d9-ddb5-4fa4-a97d-d965ccfc6d4b" outcome="Passed" testListId="8c84fa94-04c1-424b-9868-57a2d4851a1d" relativeResultsDirectory="e430737b-151d-49cd-bfaa-0963a2c7fdd3" />
    <UnitTestResult executionId="5e6822b6-448e-460e-a82b-5165af887dd8" testId="8f7d9f64-63ea-bbc2-2cda-2de4bf0e8d28" testName="xUnitTestProject.CurrencyHelperTests.FormatToStringTest100(price: 918.1842976688334, expected: &quot;918.18 zł&quot;)" computerName="DESKTOP-5URQ9PB" duration="00:00:00.0000044" startTime="2022-06-13T20:52:34.7746835+02:00" endTime="2022-06-13T20:52:34.7746837+02:00" testType="13cdc9d9-ddb5-4fa4-a97d-d965ccfc6d4b" outcome="Passed" testListId="8c84fa94-04c1-424b-9868-57a2d4851a1d" relativeResultsDirectory="5e6822b6-448e-460e-a82b-5165af887dd8" />
    <UnitTestResult executionId="64925fc5-f263-4dad-9d8f-ad8f7138fc45" testId="3e7f7dc0-a481-a391-5e59-0a09ddfda429" testName="xUnitTestProject.CurrencyHelperTests.FormatToStringTest100(price: 7789.7136237517525, expected: &quot;7789.71 zł&quot;)" computerName="DESKTOP-5URQ9PB" duration="00:00:00.0000043" startTime="2022-06-13T20:52:34.7866096+02:00" endTime="2022-06-13T20:52:34.7866098+02:00" testType="13cdc9d9-ddb5-4fa4-a97d-d965ccfc6d4b" outcome="Passed" testListId="8c84fa94-04c1-424b-9868-57a2d4851a1d" relativeResultsDirectory="64925fc5-f263-4dad-9d8f-ad8f7138fc45" />
    <UnitTestResult executionId="342866f3-b2b4-4fb7-af1b-393797dfb37c" testId="0f154440-ee39-dfa0-38c3-2b0334e011dd" testName="xUnitTestProject.CurrencyHelperTests.FormatToStringTest100(price: 6809.40195803037, expected: &quot;6809.40 zł&quot;)" computerName="DESKTOP-5URQ9PB" duration="00:00:00.0000043" startTime="2022-06-13T20:52:34.7886640+02:00" endTime="2022-06-13T20:52:34.7886641+02:00" testType="13cdc9d9-ddb5-4fa4-a97d-d965ccfc6d4b" outcome="Passed" testListId="8c84fa94-04c1-424b-9868-57a2d4851a1d" relativeResultsDirectory="342866f3-b2b4-4fb7-af1b-393797dfb37c" />
    <UnitTestResult executionId="6a8c4b9d-a951-488a-98e4-d88a67cb3b8b" testId="5cbd1a54-5566-6c6a-e422-221bbd0a9b56" testName="xUnitTestProject.CurrencyHelperTests.FormatToStringTest100(price: 32218.080508120394, expected: &quot;32218.08 zł&quot;)" computerName="DESKTOP-5URQ9PB" duration="00:00:00.0000045" startTime="2022-06-13T20:52:34.7927132+02:00" endTime="2022-06-13T20:52:34.7927133+02:00" testType="13cdc9d9-ddb5-4fa4-a97d-d965ccfc6d4b" outcome="Passed" testListId="8c84fa94-04c1-424b-9868-57a2d4851a1d" relativeResultsDirectory="6a8c4b9d-a951-488a-98e4-d88a67cb3b8b" />
    <UnitTestResult executionId="5ff9695f-8392-4dc0-86f8-20ca9fef3c0d" testId="9d3c6e40-46ef-8e8b-da94-d2afb05dab1a" testName="xUnitTestProject.CurrencyHelperTests.FormatToStringTest100(price: 63507.32603545455, expected: &quot;63507.33 zł&quot;)" computerName="DESKTOP-5URQ9PB" duration="00:00:00.0000049" startTime="2022-06-13T20:52:34.7745232+02:00" endTime="2022-06-13T20:52:34.7745233+02:00" testType="13cdc9d9-ddb5-4fa4-a97d-d965ccfc6d4b" outcome="Passed" testListId="8c84fa94-04c1-424b-9868-57a2d4851a1d" relativeResultsDirectory="5ff9695f-8392-4dc0-86f8-20ca9fef3c0d" />
    <UnitTestResult executionId="2461a2a8-f734-45d3-a8fa-754cb2c44d9c" testId="4fe91442-a364-ddf6-571a-0c1b0e5ac3fa" testName="xUnitTestProject.CurrencyHelperTests.FormatToStringTest100(price: 33206.73122987837, expected: &quot;33206.73 zł&quot;)" computerName="DESKTOP-5URQ9PB" duration="00:00:00.0000046" startTime="2022-06-13T20:52:34.7832920+02:00" endTime="2022-06-13T20:52:34.7832921+02:00" testType="13cdc9d9-ddb5-4fa4-a97d-d965ccfc6d4b" outcome="Passed" testListId="8c84fa94-04c1-424b-9868-57a2d4851a1d" relativeResultsDirectory="2461a2a8-f734-45d3-a8fa-754cb2c44d9c" />
    <UnitTestResult executionId="537eff2d-e242-48a3-b63c-7f78086f3c07" testId="f9f74b79-cea9-65cc-b4bd-68b4ed9d0743" testName="xUnitTestProject.CurrencyHelperTests.FormatToStringTest100(price: 24957.469502810607, expected: &quot;24957.47 zł&quot;)" computerName="DESKTOP-5URQ9PB" duration="00:00:00.0000045" startTime="2022-06-13T20:52:34.7833313+02:00" endTime="2022-06-13T20:52:34.7833314+02:00" testType="13cdc9d9-ddb5-4fa4-a97d-d965ccfc6d4b" outcome="Passed" testListId="8c84fa94-04c1-424b-9868-57a2d4851a1d" relativeResultsDirectory="537eff2d-e242-48a3-b63c-7f78086f3c07" />
    <UnitTestResult executionId="459a03c7-9826-4182-867f-73cbc51bf8f3" testId="f910ed82-0c15-5fc2-de25-f9ceba99a963" testName="xUnitTestProject.CurrencyHelperTests.FormatToStringTest100(price: 7124.979180760672, expected: &quot;7124.98 zł&quot;)" computerName="DESKTOP-5URQ9PB" duration="00:00:00.0000041" startTime="2022-06-13T20:52:34.7906673+02:00" endTime="2022-06-13T20:52:34.7906675+02:00" testType="13cdc9d9-ddb5-4fa4-a97d-d965ccfc6d4b" outcome="Passed" testListId="8c84fa94-04c1-424b-9868-57a2d4851a1d" relativeResultsDirectory="459a03c7-9826-4182-867f-73cbc51bf8f3" />
    <UnitTestResult executionId="9dd7ef45-deb5-485b-a48f-b681eff5c21a" testId="7a7c5696-e868-4bc5-0840-551dde71b5f9" testName="xUnitTestProject.CurrencyHelperTests.FormatToStringTest100(price: 18990.72499258012, expected: &quot;18990.72 zł&quot;)" computerName="DESKTOP-5URQ9PB" duration="00:00:00.0000044" startTime="2022-06-13T20:52:34.7897118+02:00" endTime="2022-06-13T20:52:34.7897119+02:00" testType="13cdc9d9-ddb5-4fa4-a97d-d965ccfc6d4b" outcome="Passed" testListId="8c84fa94-04c1-424b-9868-57a2d4851a1d" relativeResultsDirectory="9dd7ef45-deb5-485b-a48f-b681eff5c21a" />
    <UnitTestResult executionId="5dc9048e-d59c-4dbc-b82f-c822e26fe900" testId="ac0c8e8e-94ce-f433-7c74-70876edf6736" testName="xUnitTestProject.CurrencyHelperTests.FormatToStringTest100(price: 10914.360814625099, expected: &quot;10914.36 zł&quot;)" computerName="DESKTOP-5URQ9PB" duration="00:00:00.0000047" startTime="2022-06-13T20:52:34.7831636+02:00" endTime="2022-06-13T20:52:34.7831637+02:00" testType="13cdc9d9-ddb5-4fa4-a97d-d965ccfc6d4b" outcome="Passed" testListId="8c84fa94-04c1-424b-9868-57a2d4851a1d" relativeResultsDirectory="5dc9048e-d59c-4dbc-b82f-c822e26fe900" />
    <UnitTestResult executionId="6c87bbd0-2b5c-4136-82f9-65fdb1d5f229" testId="04e3f1ac-8b40-ff41-8b94-5de43105a077" testName="xUnitTestProject.CurrencyHelperTests.FormatToStringTest100(price: 70771.4436677524, expected: &quot;70771.44 zł&quot;)" computerName="DESKTOP-5URQ9PB" duration="00:00:00.0000044" startTime="2022-06-13T20:52:34.7916188+02:00" endTime="2022-06-13T20:52:34.7916190+02:00" testType="13cdc9d9-ddb5-4fa4-a97d-d965ccfc6d4b" outcome="Passed" testListId="8c84fa94-04c1-424b-9868-57a2d4851a1d" relativeResultsDirectory="6c87bbd0-2b5c-4136-82f9-65fdb1d5f229" />
    <UnitTestResult executionId="9b7b2bd6-4ade-41d2-9beb-0722c9539dd5" testId="e3518d76-f67f-2786-4eb3-a849256035ef" testName="xUnitTestProject.CurrencyHelperTests.FormatToStringTest100(price: 58848.60825001477, expected: &quot;58848.61 zł&quot;)" computerName="DESKTOP-5URQ9PB" duration="00:00:00.0000044" startTime="2022-06-13T20:52:34.7898098+02:00" endTime="2022-06-13T20:52:34.7898099+02:00" testType="13cdc9d9-ddb5-4fa4-a97d-d965ccfc6d4b" outcome="Passed" testListId="8c84fa94-04c1-424b-9868-57a2d4851a1d" relativeResultsDirectory="9b7b2bd6-4ade-41d2-9beb-0722c9539dd5" />
    <UnitTestResult executionId="31306e79-b6e9-4d0c-ae8f-f42b394f3ba0" testId="289f0d26-9b3d-b24d-21a5-381b61257aa2" testName="xUnitTestProject.CurrencyHelperTests.FormatToStringTest100(price: 2292.8331871111104, expected: &quot;2292.83 zł&quot;)" computerName="DESKTOP-5URQ9PB" duration="00:00:00.0000041" startTime="2022-06-13T20:52:34.7937307+02:00" endTime="2022-06-13T20:52:34.7937308+02:00" testType="13cdc9d9-ddb5-4fa4-a97d-d965ccfc6d4b" outcome="Passed" testListId="8c84fa94-04c1-424b-9868-57a2d4851a1d" relativeResultsDirectory="31306e79-b6e9-4d0c-ae8f-f42b394f3ba0" />
    <UnitTestResult executionId="ff2d8b38-58d6-49a5-b95a-5d7a65a86218" testId="1683c1a4-48ae-f0a9-f8fb-441cbed69b7e" testName="xUnitTestProject.CurrencyHelperTests.FormatToStringTest100(price: 26515.80237687929, expected: &quot;26515.80 zł&quot;)" computerName="DESKTOP-5URQ9PB" duration="00:00:00.0000043" startTime="2022-06-13T20:52:34.7877050+02:00" endTime="2022-06-13T20:52:34.7877051+02:00" testType="13cdc9d9-ddb5-4fa4-a97d-d965ccfc6d4b" outcome="Passed" testListId="8c84fa94-04c1-424b-9868-57a2d4851a1d" relativeResultsDirectory="ff2d8b38-58d6-49a5-b95a-5d7a65a86218" />
    <UnitTestResult executionId="8515be21-6146-4dd3-841e-94964cc7ade8" testId="6841efc3-9345-d314-75c2-427f114f051b" testName="xUnitTestProject.CurrencyHelperTests.FormatToStringTest100(price: 31290.71396233687, expected: &quot;31290.71 zł&quot;)" computerName="DESKTOP-5URQ9PB" duration="00:00:00.0000049" startTime="2022-06-13T20:52:34.7830969+02:00" endTime="2022-06-13T20:52:34.7830970+02:00" testType="13cdc9d9-ddb5-4fa4-a97d-d965ccfc6d4b" outcome="Passed" testListId="8c84fa94-04c1-424b-9868-57a2d4851a1d" relativeResultsDirectory="8515be21-6146-4dd3-841e-94964cc7ade8" />
    <UnitTestResult executionId="b9956e97-da7a-4226-90c5-80fcd1cf6c00" testId="5a8675de-6b57-6a3b-e014-8c438f537aee" testName="xUnitTestProject.CurrencyHelperTests.FormatToStringTest100(price: 41876.979471482795, expected: &quot;41876.98 zł&quot;)" computerName="DESKTOP-5URQ9PB" duration="00:00:00.0000041" startTime="2022-06-13T20:52:34.7936350+02:00" endTime="2022-06-13T20:52:34.7936351+02:00" testType="13cdc9d9-ddb5-4fa4-a97d-d965ccfc6d4b" outcome="Passed" testListId="8c84fa94-04c1-424b-9868-57a2d4851a1d" relativeResultsDirectory="b9956e97-da7a-4226-90c5-80fcd1cf6c00" />
    <UnitTestResult executionId="b4241c66-adf9-48a2-a17f-0ffa588c4e49" testId="e2ec08cf-67dd-78b0-72e9-2a2acf351ef6" testName="xUnitTestProject.CurrencyHelperTests.FormatToStringTest100(price: 75350.77330865282, expected: &quot;75350.77 zł&quot;)" computerName="DESKTOP-5URQ9PB" duration="00:00:00.0000046" startTime="2022-06-13T20:52:34.7857437+02:00" endTime="2022-06-13T20:52:34.7857439+02:00" testType="13cdc9d9-ddb5-4fa4-a97d-d965ccfc6d4b" outcome="Passed" testListId="8c84fa94-04c1-424b-9868-57a2d4851a1d" relativeResultsDirectory="b4241c66-adf9-48a2-a17f-0ffa588c4e49" />
    <UnitTestResult executionId="09da355c-a6f7-4183-bff8-084305063d72" testId="571d5971-1ee5-2e96-a2c2-f9965b0b3623" testName="xUnitTestProject.CurrencyHelperTests.FormatToStringTest100(price: 7594.279030504766, expected: &quot;7594.28 zł&quot;)" computerName="DESKTOP-5URQ9PB" duration="00:00:00.0000048" startTime="2022-06-13T20:52:34.7925482+02:00" endTime="2022-06-13T20:52:34.7925486+02:00" testType="13cdc9d9-ddb5-4fa4-a97d-d965ccfc6d4b" outcome="Passed" testListId="8c84fa94-04c1-424b-9868-57a2d4851a1d" relativeResultsDirectory="09da355c-a6f7-4183-bff8-084305063d72" />
  </Results>
  <TestDefinitions>
    <UnitTest name="xUnitTestProject.CurrencyHelperTests.FormatToStringTest100(price: 25990.318498101697, expected: &quot;25990.32 zł&quot;)" storage="c:\projekty\xunittestproject\bin\debug\netcoreapp3.1\xunittestproject.dll" id="d71fa846-0b3d-650b-0fa7-7de64a8b5692">
      <Execution id="478b19df-5629-4f9b-9f8e-d5f515e0cce6" />
      <TestMethod codeBase="C:\Projekty\xUnitTestProject\bin\Debug\netcoreapp3.1\xUnitTestProject.dll" adapterTypeName="executor://xunit/VsTestRunner2/netcoreapp" className="xUnitTestProject.CurrencyHelperTests" name="FormatToStringTest100" />
    </UnitTest>
    <UnitTest name="xUnitTestProject.CurrencyHelperTests.FormatToStringTest100(price: 736.7398243680316, expected: &quot;736.74 zł&quot;)" storage="c:\projekty\xunittestproject\bin\debug\netcoreapp3.1\xunittestproject.dll" id="8b5b6910-6f6f-c9ce-8825-e4185407df85">
      <Execution id="d5e969d0-0e1e-48f6-9a4e-ce90c438724a" />
      <TestMethod codeBase="C:\Projekty\xUnitTestProject\bin\Debug\netcoreapp3.1\xUnitTestProject.dll" adapterTypeName="executor://xunit/VsTestRunner2/netcoreapp" className="xUnitTestProject.CurrencyHelperTests" name="FormatToStringTest100" />
    </UnitTest>
    <UnitTest name="xUnitTestProject.CurrencyHelperTests.FormatToStringTest100(price: 96.75594581512546, expected: &quot;96.76 zł&quot;)" storage="c:\projekty\xunittestproject\bin\debug\netcoreapp3.1\xunittestproject.dll" id="acd09137-eecd-d983-95fe-20aa284c3f97">
      <Execution id="095b45ff-951c-4e53-8bee-57041b4dd715" />
      <TestMethod codeBase="C:\Projekty\xUnitTestProject\bin\Debug\netcoreapp3.1\xUnitTestProject.dll" adapterTypeName="executor://xunit/VsTestRunner2/netcoreapp" className="xUnitTestProject.CurrencyHelperTests" name="FormatToStringTest100" />
    </UnitTest>
    <UnitTest name="xUnitTestProject.CurrencyHelperTests.FormatToStringTest100(price: 46898.00219497783, expected: &quot;46898.00 zł&quot;)" storage="c:\projekty\xunittestproject\bin\debug\netcoreapp3.1\xunittestproject.dll" id="b309356a-1568-0ab7-98a5-a111bb0bc5a1">
      <Execution id="003e36eb-8728-4b58-ae83-0fbb02c1ffc9" />
      <TestMethod codeBase="C:\Projekty\xUnitTestProject\bin\Debug\netcoreapp3.1\xUnitTestProject.dll" adapterTypeName="executor://xunit/VsTestRunner2/netcoreapp" className="xUnitTestProject.CurrencyHelperTests" name="FormatToStringTest100" />
    </UnitTest>
    <UnitTest name="xUnitTestProject.CurrencyHelperTests.FormatToStringTest100(price: 26515.80237687929, expected: &quot;26515.80 zł&quot;)" storage="c:\projekty\xunittestproject\bin\debug\netcoreapp3.1\xunittestproject.dll" id="1683c1a4-48ae-f0a9-f8fb-441cbed69b7e">
      <Execution id="ff2d8b38-58d6-49a5-b95a-5d7a65a86218" />
      <TestMethod codeBase="C:\Projekty\xUnitTestProject\bin\Debug\netcoreapp3.1\xUnitTestProject.dll" adapterTypeName="executor://xunit/VsTestRunner2/netcoreapp" className="xUnitTestProject.CurrencyHelperTests" name="FormatToStringTest100" />
    </UnitTest>
    <UnitTest name="xUnitTestProject.CurrencyHelperTests.FormatToStringTest100(price: 1741.3334432818617, expected: &quot;1741.33 zł&quot;)" storage="c:\projekty\xunittestproject\bin\debug\netcoreapp3.1\xunittestproject.dll" id="9e65b83c-d062-a995-788e-1f867295fc3e">
      <Execution id="625ff67f-03e9-4003-b4fb-6ad5b2e62612" />
      <TestMethod codeBase="C:\Projekty\xUnitTestProject\bin\Debug\netcoreapp3.1\xUnitTestProject.dll" adapterTypeName="executor://xunit/VsTestRunner2/netcoreapp" className="xUnitTestProject.CurrencyHelperTests" name="FormatToStringTest100" />
    </UnitTest>
    <UnitTest name="xUnitTestProject.CurrencyHelperTests.FormatToStringTest100(price: 64210.358316209335, expected: &quot;64210.36 zł&quot;)" storage="c:\projekty\xunittestproject\bin\debug\netcoreapp3.1\xunittestproject.dll" id="60df436e-3029-21a3-1c5e-f7dac0d4c1de">
      <Execution id="f3443dd3-c95e-4932-bc44-f75ec3b7bd02" />
      <TestMethod codeBase="C:\Projekty\xUnitTestProject\bin\Debug\netcoreapp3.1\xUnitTestProject.dll" adapterTypeName="executor://xunit/VsTestRunner2/netcoreapp" className="xUnitTestProject.CurrencyHelperTests" name="FormatToStringTest100" />
    </UnitTest>
    <UnitTest name="xUnitTestProject.CurrencyHelperTests.FormatToStringTest100(price: 1108.7197928823157, expected: &quot;1108.72 zł&quot;)" storage="c:\projekty\xunittestproject\bin\debug\netcoreapp3.1\xunittestproject.dll" id="bc595dee-6f3e-e241-694d-ba68ac66ab16">
      <Execution id="62260164-f983-4a4d-99a2-7dc1da460539" />
      <TestMethod codeBase="C:\Projekty\xUnitTestProject\bin\Debug\netcoreapp3.1\xUnitTestProject.dll" adapterTypeName="executor://xunit/VsTestRunner2/netcoreapp" className="xUnitTestProject.CurrencyHelperTests" name="FormatToStringTest100" />
    </UnitTest>
    <UnitTest name="xUnitTestProject.CurrencyHelperTests.FormatToStringTest100(price: 740.3213011405064, expected: &quot;740.32 zł&quot;)" storage="c:\projekty\xunittestproject\bin\debug\netcoreapp3.1\xunittestproject.dll" id="afb9fcf3-f392-dcf0-c2e9-6922ff45e46f">
      <Execution id="cc77d9c9-2bdd-4951-a6da-0b13e571f5db" />
      <TestMethod codeBase="C:\Projekty\xUnitTestProject\bin\Debug\netcoreapp3.1\xUnitTestProject.dll" adapterTypeName="executor://xunit/VsTestRunner2/netcoreapp" className="xUnitTestProject.CurrencyHelperTests" name="FormatToStringTest100" />
    </UnitTest>
    <UnitTest name="xUnitTestProject.CurrencyHelperTests.FormatToStringTest100(price: 77904.0088552246, expected: &quot;77904.01 zł&quot;)" storage="c:\projekty\xunittestproject\bin\debug\netcoreapp3.1\xunittestproject.dll" id="7c8e7438-e86b-d1a6-214d-a8d6be86bec7">
      <Execution id="d075cc54-0905-42d1-9e50-e4c2a8ced633" />
      <TestMethod codeBase="C:\Projekty\xUnitTestProject\bin\Debug\netcoreapp3.1\xUnitTestProject.dll" adapterTypeName="executor://xunit/VsTestRunner2/netcoreapp" className="xUnitTestProject.CurrencyHelperTests" name="FormatToStringTest100" />
    </UnitTest>
    <UnitTest name="xUnitTestProject.CurrencyHelperTests.FormatToStringTest100(price: 52810.91713865516, expected: &quot;52810.92 zł&quot;)" storage="c:\projekty\xunittestproject\bin\debug\netcoreapp3.1\xunittestproject.dll" id="d073a14a-1a05-55ae-e697-84b172175337">
      <Execution id="b103f666-8cac-4ee6-becb-2c0dc3b23c83" />
      <TestMethod codeBase="C:\Projekty\xUnitTestProject\bin\Debug\netcoreapp3.1\xUnitTestProject.dll" adapterTypeName="executor://xunit/VsTestRunner2/netcoreapp" className="xUnitTestProject.CurrencyHelperTests" name="FormatToStringTest100" />
    </UnitTest>
    <UnitTest name="xUnitTestProject.CurrencyHelperTests.FormatToStringTest100(price: 10914.360814625099, expected: &quot;10914.36 zł&quot;)" storage="c:\projekty\xunittestproject\bin\debug\netcoreapp3.1\xunittestproject.dll" id="ac0c8e8e-94ce-f433-7c74-70876edf6736">
      <Execution id="5dc9048e-d59c-4dbc-b82f-c822e26fe900" />
      <TestMethod codeBase="C:\Projekty\xUnitTestProject\bin\Debug\netcoreapp3.1\xUnitTestProject.dll" adapterTypeName="executor://xunit/VsTestRunner2/netcoreapp" className="xUnitTestProject.CurrencyHelperTests" name="FormatToStringTest100" />
    </UnitTest>
    <UnitTest name="xUnitTestProject.CurrencyHelperTests.FormatToStringTest100(price: 79973.08417819678, expected: &quot;79973.08 zł&quot;)" storage="c:\projekty\xunittestproject\bin\debug\netcoreapp3.1\xunittestproject.dll" id="b611b239-b1eb-9204-e0e7-5dd83b648e27">
      <Execution id="ba0dd7c7-031e-4320-8ed5-f7ff399fd94a" />
      <TestMethod codeBase="C:\Projekty\xUnitTestProject\bin\Debug\netcoreapp3.1\xUnitTestProject.dll" adapterTypeName="executor://xunit/VsTestRunner2/netcoreapp" className="xUnitTestProject.CurrencyHelperTests" name="FormatToStringTest100" />
    </UnitTest>
    <UnitTest name="xUnitTestProject.CurrencyHelperTests.FormatToStringTest100(price: 50339.31259969497, expected: &quot;50339.31 zł&quot;)" storage="c:\projekty\xunittestproject\bin\debug\netcoreapp3.1\xunittestproject.dll" id="649e78c8-4417-17eb-ca16-441525722fe8">
      <Execution id="3ade00d2-ced2-4386-81b5-3c40e1230807" />
      <TestMethod codeBase="C:\Projekty\xUnitTestProject\bin\Debug\netcoreapp3.1\xUnitTestProject.dll" adapterTypeName="executor://xunit/VsTestRunner2/netcoreapp" className="xUnitTestProject.CurrencyHelperTests" name="FormatToStringTest100" />
    </UnitTest>
    <UnitTest name="xUnitTestProject.CurrencyHelperTests.FormatToStringTest100(price: 22291.653251342315, expected: &quot;22291.65 zł&quot;)" storage="c:\projekty\xunittestproject\bin\debug\netcoreapp3.1\xunittestproject.dll" id="8b4e8664-15ff-c81e-db88-693c6ea7ece0">
      <Execution id="3ab478f9-fe26-406b-8844-6440773020bd" />
      <TestMethod codeBase="C:\Projekty\xUnitTestProject\bin\Debug\netcoreapp3.1\xUnitTestProject.dll" adapterTypeName="executor://xunit/VsTestRunner2/netcoreapp" className="xUnitTestProject.CurrencyHelperTests" name="FormatToStringTest100" />
    </UnitTest>
    <UnitTest name="xUnitTestProject.CurrencyHelperTests.FormatToStringTest100(price: 10784.438152511344, expected: &quot;10784.44 zł&quot;)" storage="c:\projekty\xunittestproject\bin\debug\netcoreapp3.1\xunittestproject.dll" id="c2fcc150-05bf-fac8-cb5b-156769265741">
      <Execution id="0db32d22-6403-4d79-b4f1-2afd250c5489" />
      <TestMethod codeBase="C:\Projekty\xUnitTestProject\bin\Debug\netcoreapp3.1\xUnitTestProject.dll" adapterTypeName="executor://xunit/VsTestRunner2/netcoreapp" className="xUnitTestProject.CurrencyHelperTests" name="FormatToStringTest100" />
    </UnitTest>
    <UnitTest name="xUnitTestProject.CurrencyHelperTests.FormatToStringTest100(price: 67338.80028760935, expected: &quot;67338.80 zł&quot;)" storage="c:\projekty\xunittestproject\bin\debug\netcoreapp3.1\xunittestproject.dll" id="f1fba880-f684-09f7-700f-be107cba176b">
      <Execution id="b286624f-5f30-47ca-bcf1-502f32afacbd" />
      <TestMethod codeBase="C:\Projekty\xUnitTestProject\bin\Debug\netcoreapp3.1\xUnitTestProject.dll" adapterTypeName="executor://xunit/VsTestRunner2/netcoreapp" className="xUnitTestProject.CurrencyHelperTests" name="FormatToStringTest100" />
    </UnitTest>
    <UnitTest name="xUnitTestProject.CurrencyHelperTests.FormatToStringTest100(price: 159.83786031922224, expected: &quot;159.84 zł&quot;)" storage="c:\projekty\xunittestproject\bin\debug\netcoreapp3.1\xunittestproject.dll" id="3ac7c8db-6027-14d9-863b-5141742cb318">
      <Execution id="32dac5f4-c6a3-4f05-bdf5-734db8d08278" />
      <TestMethod codeBase="C:\Projekty\xUnitTestProject\bin\Debug\netcoreapp3.1\xUnitTestProject.dll" adapterTypeName="executor://xunit/VsTestRunner2/netcoreapp" className="xUnitTestProject.CurrencyHelperTests" name="FormatToStringTest100" />
    </UnitTest>
    <UnitTest name="xUnitTestProject.CurrencyHelperTests.FormatToStringTest100(price: 15566.957545477411, expected: &quot;15566.96 zł&quot;)" storage="c:\projekty\xunittestproject\bin\debug\netcoreapp3.1\xunittestproject.dll" id="ae4dd41d-98b4-3a18-47fe-168d75b24553">
      <Execution id="edd5045e-9f65-4690-98e3-03257341e48a" />
      <TestMethod codeBase="C:\Projekty\xUnitTestProject\bin\Debug\netcoreapp3.1\xUnitTestProject.dll" adapterTypeName="executor://xunit/VsTestRunner2/netcoreapp" className="xUnitTestProject.CurrencyHelperTests" name="FormatToStringTest100" />
    </UnitTest>
    <UnitTest name="xUnitTestProject.CurrencyHelperTests.FormatToStringTest100(price: 10268.547802396373, expected: &quot;10268.55 zł&quot;)" storage="c:\projekty\xunittestproject\bin\debug\netcoreapp3.1\xunittestproject.dll" id="ec952d1c-d4b8-4514-2b06-3c5983e68faa">
      <Execution id="51390e3e-d75b-4277-840f-f86bccce02ba" />
      <TestMethod codeBase="C:\Projekty\xUnitTestProject\bin\Debug\netcoreapp3.1\xUnitTestProject.dll" adapterTypeName="executor://xunit/VsTestRunner2/netcoreapp" className="xUnitTestProject.CurrencyHelperTests" name="FormatToStringTest100" />
    </UnitTest>
    <UnitTest name="xUnitTestProject.CurrencyHelperTests.FormatToStringTest100(price: 18990.72499258012, expected: &quot;18990.72 zł&quot;)" storage="c:\projekty\xunittestproject\bin\debug\netcoreapp3.1\xunittestproject.dll" id="7a7c5696-e868-4bc5-0840-551dde71b5f9">
      <Execution id="9dd7ef45-deb5-485b-a48f-b681eff5c21a" />
      <TestMethod codeBase="C:\Projekty\xUnitTestProject\bin\Debug\netcoreapp3.1\xUnitTestProject.dll" adapterTypeName="executor://xunit/VsTestRunner2/netcoreapp" className="xUnitTestProject.CurrencyHelperTests" name="FormatToStringTest100" />
    </UnitTest>
    <UnitTest name="xUnitTestProject.CurrencyHelperTests.FormatToStringTest100(price: 14237.13226245955, expected: &quot;14237.13 zł&quot;)" storage="c:\projekty\xunittestproject\bin\debug\netcoreapp3.1\xunittestproject.dll" id="77be9760-e130-8956-fbc4-11e64213b336">
      <Execution id="0d97b6fd-efa1-4357-89e9-ae59c00e9e85" />
      <TestMethod codeBase="C:\Projekty\xUnitTestProject\bin\Debug\netcoreapp3.1\xUnitTestProject.dll" adapterTypeName="executor://xunit/VsTestRunner2/netcoreapp" className="xUnitTestProject.CurrencyHelperTests" name="FormatToStringTest100" />
    </UnitTest>
    <UnitTest name="xUnitTestProject.CurrencyHelperTests.FormatToStringTest100(price: 11912.404131636213, expected: &quot;11912.40 zł&quot;)" storage="c:\projekty\xunittestproject\bin\debug\netcoreapp3.1\xunittestproject.dll" id="f0bb637b-8cf3-7fb0-e10c-0038b91cfed9">
      <Execution id="91f66885-9a9a-4ee6-b3f7-24050c7852ec" />
      <TestMethod codeBase="C:\Projekty\xUnitTestProject\bin\Debug\netcoreapp3.1\xUnitTestProject.dll" adapterTypeName="executor://xunit/VsTestRunner2/netcoreapp" className="xUnitTestProject.CurrencyHelperTests" name="FormatToStringTest100" />
    </UnitTest>
    <UnitTest name="xUnitTestProject.CurrencyHelperTests.FormatToStringTest100(price: 7124.979180760672, expected: &quot;7124.98 zł&quot;)" storage="c:\projekty\xunittestproject\bin\debug\netcoreapp3.1\xunittestproject.dll" id="f910ed82-0c15-5fc2-de25-f9ceba99a963">
      <Execution id="459a03c7-9826-4182-867f-73cbc51bf8f3" />
      <TestMethod codeBase="C:\Projekty\xUnitTestProject\bin\Debug\netcoreapp3.1\xUnitTestProject.dll" adapterTypeName="executor://xunit/VsTestRunner2/netcoreapp" className="xUnitTestProject.CurrencyHelperTests" name="FormatToStringTest100" />
    </UnitTest>
    <UnitTest name="xUnitTestProject.CurrencyHelperTests.FormatToStringTest100(price: 317.9090540706688, expected: &quot;317.91 zł&quot;)" storage="c:\projekty\xunittestproject\bin\debug\netcoreapp3.1\xunittestproject.dll" id="4053e7cd-71d6-290b-ba32-3b8047db680a">
      <Execution id="d970ab35-65de-4102-9690-f30ac264801c" />
      <TestMethod codeBase="C:\Projekty\xUnitTestProject\bin\Debug\netcoreapp3.1\xUnitTestProject.dll" adapterTypeName="executor://xunit/VsTestRunner2/netcoreapp" className="xUnitTestProject.CurrencyHelperTests" name="FormatToStringTest100" />
    </UnitTest>
    <UnitTest name="xUnitTestProject.CurrencyHelperTests.FormatToStringTest100(price: 918.1842976688334, expected: &quot;918.18 zł&quot;)" storage="c:\projekty\xunittestproject\bin\debug\netcoreapp3.1\xunittestproject.dll" id="8f7d9f64-63ea-bbc2-2cda-2de4bf0e8d28">
      <Execution id="5e6822b6-448e-460e-a82b-5165af887dd8" />
      <TestMethod codeBase="C:\Projekty\xUnitTestProject\bin\Debug\netcoreapp3.1\xUnitTestProject.dll" adapterTypeName="executor://xunit/VsTestRunner2/netcoreapp" className="xUnitTestProject.CurrencyHelperTests" name="FormatToStringTest100" />
    </UnitTest>
    <UnitTest name="xUnitTestProject.CurrencyHelperTests.FormatToStringTest100(price: 28072.424637532058, expected: &quot;28072.42 zł&quot;)" storage="c:\projekty\xunittestproject\bin\debug\netcoreapp3.1\xunittestproject.dll" id="fb2ea2cb-613f-cbc7-6fc7-7097106fa76f">
      <Execution id="15f360f4-40fb-43eb-bf75-24523c2c9079" />
      <TestMethod codeBase="C:\Projekty\xUnitTestProject\bin\Debug\netcoreapp3.1\xUnitTestProject.dll" adapterTypeName="executor://xunit/VsTestRunner2/netcoreapp" className="xUnitTestProject.CurrencyHelperTests" name="FormatToStringTest100" />
    </UnitTest>
    <UnitTest name="xUnitTestProject.CurrencyHelperTests.FormatToStringTest100(price: 3521.3657738167635, expected: &quot;3521.37 zł&quot;)" storage="c:\projekty\xunittestproject\bin\debug\netcoreapp3.1\xunittestproject.dll" id="f9cb3c10-b6dc-401f-48ca-7381182b493b">
      <Execution id="b539a2d5-d5a7-4c4c-930e-7353706e2796" />
      <TestMethod codeBase="C:\Projekty\xUnitTestProject\bin\Debug\netcoreapp3.1\xUnitTestProject.dll" adapterTypeName="executor://xunit/VsTestRunner2/netcoreapp" className="xUnitTestProject.CurrencyHelperTests" name="FormatToStringTest100" />
    </UnitTest>
    <UnitTest name="xUnitTestProject.CurrencyHelperTests.FormatToStringTest100(price: 40857.08543233996, expected: &quot;40857.09 zł&quot;)" storage="c:\projekty\xunittestproject\bin\debug\netcoreapp3.1\xunittestproject.dll" id="abbe5506-3b8c-ed2b-2408-42de70c236b9">
      <Execution id="865544e2-8e97-4409-a99d-c0be3f3e41e8" />
      <TestMethod codeBase="C:\Projekty\xUnitTestProject\bin\Debug\netcoreapp3.1\xUnitTestProject.dll" adapterTypeName="executor://xunit/VsTestRunner2/netcoreapp" className="xUnitTestProject.CurrencyHelperTests" name="FormatToStringTest100" />
    </UnitTest>
    <UnitTest name="xUnitTestProject.CurrencyHelperTests.FormatToStringTest100(price: 58848.60825001477, expected: &quot;58848.61 zł&quot;)" storage="c:\projekty\xunittestproject\bin\debug\netcoreapp3.1\xunittestproject.dll" id="e3518d76-f67f-2786-4eb3-a849256035ef">
      <Execution id="9b7b2bd6-4ade-41d2-9beb-0722c9539dd5" />
      <TestMethod codeBase="C:\Projekty\xUnitTestProject\bin\Debug\netcoreapp3.1\xUnitTestProject.dll" adapterTypeName="executor://xunit/VsTestRunner2/netcoreapp" className="xUnitTestProject.CurrencyHelperTests" name="FormatToStringTest100" />
    </UnitTest>
    <UnitTest name="xUnitTestProject.CurrencyHelperTests.FormatToStringTest100(price: 17953.338243749615, expected: &quot;17953.34 zł&quot;)" storage="c:\projekty\xunittestproject\bin\debug\netcoreapp3.1\xunittestproject.dll" id="0bf4b77c-c3da-f3e0-15d0-aa3788b09ed0">
      <Execution id="bd7f3c63-3c64-4464-897f-8855d72bf47d" />
      <TestMethod codeBase="C:\Projekty\xUnitTestProject\bin\Debug\netcoreapp3.1\xUnitTestProject.dll" adapterTypeName="executor://xunit/VsTestRunner2/netcoreapp" className="xUnitTestProject.CurrencyHelperTests" name="FormatToStringTest100" />
    </UnitTest>
    <UnitTest name="xUnitTestProject.CurrencyHelperTests.FormatToStringTest100(price: 31300.40752580967, expected: &quot;31300.41 zł&quot;)" storage="c:\projekty\xunittestproject\bin\debug\netcoreapp3.1\xunittestproject.dll" id="84d5048a-7b2f-9b60-257e-0daa5848d93c">
      <Execution id="daaa3a49-e5b4-4dad-a0f9-8345be7b45f5" />
      <TestMethod codeBase="C:\Projekty\xUnitTestProject\bin\Debug\netcoreapp3.1\xUnitTestProject.dll" adapterTypeName="executor://xunit/VsTestRunner2/netcoreapp" className="xUnitTestProject.CurrencyHelperTests" name="FormatToStringTest100" />
    </UnitTest>
    <UnitTest name="xUnitTestProject.CurrencyHelperTests.FormatToStringTest100(price: 1208.1827589441941, expected: &quot;1208.18 zł&quot;)" storage="c:\projekty\xunittestproject\bin\debug\netcoreapp3.1\xunittestproject.dll" id="91415d54-575f-b471-1dc0-1631e68e02ab">
      <Execution id="9a568b29-f392-4f30-b889-7fa5c87a3fc5" />
      <TestMethod codeBase="C:\Projekty\xUnitTestProject\bin\Debug\netcoreapp3.1\xUnitTestProject.dll" adapterTypeName="executor://xunit/VsTestRunner2/netcoreapp" className="xUnitTestProject.CurrencyHelperTests" name="FormatToStringTest100" />
    </UnitTest>
    <UnitTest name="xUnitTestProject.CurrencyHelperTests.FormatToStringTest100(price: 7458.609645228652, expected: &quot;7458.61 zł&quot;)" storage="c:\projekty\xunittestproject\bin\debug\netcoreapp3.1\xunittestproject.dll" id="ece080b6-35d5-52f6-4ff2-f79908c52d78">
      <Execution id="0b5b0fca-52c8-4534-93c7-9c96ddb533b1" />
      <TestMethod codeBase="C:\Projekty\xUnitTestProject\bin\Debug\netcoreapp3.1\xUnitTestProject.dll" adapterTypeName="executor://xunit/VsTestRunner2/netcoreapp" className="xUnitTestProject.CurrencyHelperTests" name="FormatToStringTest100" />
    </UnitTest>
    <UnitTest name="xUnitTestProject.CurrencyHelperTests.FormatToStringTest100(price: 75350.77330865282, expected: &quot;75350.77 zł&quot;)" storage="c:\projekty\xunittestproject\bin\debug\netcoreapp3.1\xunittestproject.dll" id="e2ec08cf-67dd-78b0-72e9-2a2acf351ef6">
      <Execution id="b4241c66-adf9-48a2-a17f-0ffa588c4e49" />
      <TestMethod codeBase="C:\Projekty\xUnitTestProject\bin\Debug\netcoreapp3.1\xUnitTestProject.dll" adapterTypeName="executor://xunit/VsTestRunner2/netcoreapp" className="xUnitTestProject.CurrencyHelperTests" name="FormatToStringTest100" />
    </UnitTest>
    <UnitTest name="xUnitTestProject.CurrencyHelperTests.FormatToStringTest100(price: 6958.393354767186, expected: &quot;6958.39 zł&quot;)" storage="c:\projekty\xunittestproject\bin\debug\netcoreapp3.1\xunittestproject.dll" id="2738362e-e19d-f6a9-dd3e-b18b1bacf9a4">
      <Execution id="219cf0a0-f9ae-434f-b0d8-a684d8b53064" />
      <TestMethod codeBase="C:\Projekty\xUnitTestProject\bin\Debug\netcoreapp3.1\xUnitTestProject.dll" adapterTypeName="executor://xunit/VsTestRunner2/netcoreapp" className="xUnitTestProject.CurrencyHelperTests" name="FormatToStringTest100" />
    </UnitTest>
    <UnitTest name="xUnitTestProject.CurrencyHelperTests.FormatToStringTest100(price: 37589.670531794276, expected: &quot;37589.67 zł&quot;)" storage="c:\projekty\xunittestproject\bin\debug\netcoreapp3.1\xunittestproject.dll" id="aa846e16-83e3-6a8d-ea1c-cf150206bc05">
      <Execution id="cb984497-b3a2-4f85-96ee-720da6bef542" />
      <TestMethod codeBase="C:\Projekty\xUnitTestProject\bin\Debug\netcoreapp3.1\xUnitTestProject.dll" adapterTypeName="executor://xunit/VsTestRunner2/netcoreapp" className="xUnitTestProject.CurrencyHelperTests" name="FormatToStringTest100" />
    </UnitTest>
    <UnitTest name="xUnitTestProject.CurrencyHelperTests.FormatToStringTest100(price: 32218.080508120394, expected: &quot;32218.08 zł&quot;)" storage="c:\projekty\xunittestproject\bin\debug\netcoreapp3.1\xunittestproject.dll" id="5cbd1a54-5566-6c6a-e422-221bbd0a9b56">
      <Execution id="6a8c4b9d-a951-488a-98e4-d88a67cb3b8b" />
      <TestMethod codeBase="C:\Projekty\xUnitTestProject\bin\Debug\netcoreapp3.1\xUnitTestProject.dll" adapterTypeName="executor://xunit/VsTestRunner2/netcoreapp" className="xUnitTestProject.CurrencyHelperTests" name="FormatToStringTest100" />
    </UnitTest>
    <UnitTest name="xUnitTestProject.CurrencyHelperTests.FormatToStringTest100(price: 1300.9430775404642, expected: &quot;1300.94 zł&quot;)" storage="c:\projekty\xunittestproject\bin\debug\netcoreapp3.1\xunittestproject.dll" id="9fa54161-392b-187a-1e6d-1b04f9e216c3">
      <Execution id="79eb0624-ffdf-49c3-9316-da2498f4c95e" />
      <TestMethod codeBase="C:\Projekty\xUnitTestProject\bin\Debug\netcoreapp3.1\xUnitTestProject.dll" adapterTypeName="executor://xunit/VsTestRunner2/netcoreapp" className="xUnitTestProject.CurrencyHelperTests" name="FormatToStringTest100" />
    </UnitTest>
    <UnitTest name="xUnitTestProject.CurrencyHelperTests.FormatToStringTest100(price: 69864.17463991146, expected: &quot;69864.17 zł&quot;)" storage="c:\projekty\xunittestproject\bin\debug\netcoreapp3.1\xunittestproject.dll" id="010637aa-f4d9-9bdc-374f-aa35642ade2f">
      <Execution id="e7856761-fda9-4e8c-a306-17fd3466f561" />
      <TestMethod codeBase="C:\Projekty\xUnitTestProject\bin\Debug\netcoreapp3.1\xUnitTestProject.dll" adapterTypeName="executor://xunit/VsTestRunner2/netcoreapp" className="xUnitTestProject.CurrencyHelperTests" name="FormatToStringTest100" />
    </UnitTest>
    <UnitTest name="xUnitTestProject.CurrencyHelperTests.FormatToStringTest100(price: 33206.73122987837, expected: &quot;33206.73 zł&quot;)" storage="c:\projekty\xunittestproject\bin\debug\netcoreapp3.1\xunittestproject.dll" id="4fe91442-a364-ddf6-571a-0c1b0e5ac3fa">
      <Execution id="2461a2a8-f734-45d3-a8fa-754cb2c44d9c" />
      <TestMethod codeBase="C:\Projekty\xUnitTestProject\bin\Debug\netcoreapp3.1\xUnitTestProject.dll" adapterTypeName="executor://xunit/VsTestRunner2/netcoreapp" className="xUnitTestProject.CurrencyHelperTests" name="FormatToStringTest100" />
    </UnitTest>
    <UnitTest name="xUnitTestProject.CurrencyHelperTests.FormatToStringTest100(price: 66019.32414194118, expected: &quot;66019.32 zł&quot;)" storage="c:\projekty\xunittestproject\bin\debug\netcoreapp3.1\xunittestproject.dll" id="e6f2d423-ca40-ed8a-1d2e-2b1354a1f4e9">
      <Execution id="cf40edeb-77b0-4fec-bba6-1b35003b9a40" />
      <TestMethod codeBase="C:\Projekty\xUnitTestProject\bin\Debug\netcoreapp3.1\xUnitTestProject.dll" adapterTypeName="executor://xunit/VsTestRunner2/netcoreapp" className="xUnitTestProject.CurrencyHelperTests" name="FormatToStringTest100" />
    </UnitTest>
    <UnitTest name="xUnitTestProject.CurrencyHelperTests.FormatToStringTest100(price: 286.92120604539343, expected: &quot;286.92 zł&quot;)" storage="c:\projekty\xunittestproject\bin\debug\netcoreapp3.1\xunittestproject.dll" id="fb32513a-ed20-1e61-8c8f-5e74dc95816c">
      <Execution id="e9db64bd-e8dd-46a2-b038-30dce81c4748" />
      <TestMethod codeBase="C:\Projekty\xUnitTestProject\bin\Debug\netcoreapp3.1\xUnitTestProject.dll" adapterTypeName="executor://xunit/VsTestRunner2/netcoreapp" className="xUnitTestProject.CurrencyHelperTests" name="FormatToStringTest100" />
    </UnitTest>
    <UnitTest name="xUnitTestProject.CurrencyHelperTests.FormatToStringTest100(price: 52858.048916166204, expected: &quot;52858.05 zł&quot;)" storage="c:\projekty\xunittestproject\bin\debug\netcoreapp3.1\xunittestproject.dll" id="e5d3d46a-1577-bac4-8f03-ab7ff7705a9f">
      <Execution id="31d26c9c-30f4-4937-8888-f8f52cca408a" />
      <TestMethod codeBase="C:\Projekty\xUnitTestProject\bin\Debug\netcoreapp3.1\xUnitTestProject.dll" adapterTypeName="executor://xunit/VsTestRunner2/netcoreapp" className="xUnitTestProject.CurrencyHelperTests" name="FormatToStringTest100" />
    </UnitTest>
    <UnitTest name="xUnitTestProject.CurrencyHelperTests.FormatToStringTest100(price: 11100.829211263372, expected: &quot;11100.83 zł&quot;)" storage="c:\projekty\xunittestproject\bin\debug\netcoreapp3.1\xunittestproject.dll" id="99620ffe-5e9a-128c-a6ac-13976c610d3b">
      <Execution id="68fd9105-3cae-436c-b100-36d0bf4be6c4" />
      <TestMethod codeBase="C:\Projekty\xUnitTestProject\bin\Debug\netcoreapp3.1\xUnitTestProject.dll" adapterTypeName="executor://xunit/VsTestRunner2/netcoreapp" className="xUnitTestProject.CurrencyHelperTests" name="FormatToStringTest100" />
    </UnitTest>
    <UnitTest name="xUnitTestProject.CurrencyHelperTests.FormatToStringTest100(price: 86.89546322771136, expected: &quot;86.90 zł&quot;)" storage="c:\projekty\xunittestproject\bin\debug\netcoreapp3.1\xunittestproject.dll" id="be83c872-b584-ea7d-68ae-387efb4fd62c">
      <Execution id="2b84e1b3-9e81-49fd-9e6a-b07c293bace7" />
      <TestMethod codeBase="C:\Projekty\xUnitTestProject\bin\Debug\netcoreapp3.1\xUnitTestProject.dll" adapterTypeName="executor://xunit/VsTestRunner2/netcoreapp" className="xUnitTestProject.CurrencyHelperTests" name="FormatToStringTest100" />
    </UnitTest>
    <UnitTest name="xUnitTestProject.CurrencyHelperTests.FormatToStringTest100(price: 45603.90324273142, expected: &quot;45603.90 zł&quot;)" storage="c:\projekty\xunittestproject\bin\debug\netcoreapp3.1\xunittestproject.dll" id="266d715f-e5d3-df86-ea76-d35ef7b9d7e0">
      <Execution id="276a3c5f-dfd4-4855-9d75-b7f3db0ddfd2" />
      <TestMethod codeBase="C:\Projekty\xUnitTestProject\bin\Debug\netcoreapp3.1\xUnitTestProject.dll" adapterTypeName="executor://xunit/VsTestRunner2/netcoreapp" className="xUnitTestProject.CurrencyHelperTests" name="FormatToStringTest100" />
    </UnitTest>
    <UnitTest name="xUnitTestProject.CurrencyHelperTests.FormatToStringTest100(price: 14172.682747822573, expected: &quot;14172.68 zł&quot;)" storage="c:\projekty\xunittestproject\bin\debug\netcoreapp3.1\xunittestproject.dll" id="ff59583d-5ce7-46c9-0e7b-54c700821ca2">
      <Execution id="5fa58fca-a62d-4545-92fc-323839920b42" />
      <TestMethod codeBase="C:\Projekty\xUnitTestProject\bin\Debug\netcoreapp3.1\xUnitTestProject.dll" adapterTypeName="executor://xunit/VsTestRunner2/netcoreapp" className="xUnitTestProject.CurrencyHelperTests" name="FormatToStringTest100" />
    </UnitTest>
    <UnitTest name="xUnitTestProject.CurrencyHelperTests.FormatToStringTest100(price: 45035.160883881224, expected: &quot;45035.16 zł&quot;)" storage="c:\projekty\xunittestproject\bin\debug\netcoreapp3.1\xunittestproject.dll" id="67a2e17d-2e99-1573-e414-664dc3a5daec">
      <Execution id="10416d11-1688-44d7-b913-b02098a22ba8" />
      <TestMethod codeBase="C:\Projekty\xUnitTestProject\bin\Debug\netcoreapp3.1\xUnitTestProject.dll" adapterTypeName="executor://xunit/VsTestRunner2/netcoreapp" className="xUnitTestProject.CurrencyHelperTests" name="FormatToStringTest100" />
    </UnitTest>
    <UnitTest name="xUnitTestProject.CurrencyHelperTests.FormatToStringTest100(price: 726.8087564975995, expected: &quot;726.81 zł&quot;)" storage="c:\projekty\xunittestproject\bin\debug\netcoreapp3.1\xunittestproject.dll" id="5be8086d-757f-607e-3916-e3fc3a32dab6">
      <Execution id="36aaed0f-f8ae-41ea-8d03-3a9159132d76" />
      <TestMethod codeBase="C:\Projekty\xUnitTestProject\bin\Debug\netcoreapp3.1\xUnitTestProject.dll" adapterTypeName="executor://xunit/VsTestRunner2/netcoreapp" className="xUnitTestProject.CurrencyHelperTests" name="FormatToStringTest100" />
    </UnitTest>
    <UnitTest name="xUnitTestProject.CurrencyHelperTests.FormatToStringTest100(price: 8768.816937361293, expected: &quot;8768.82 zł&quot;)" storage="c:\projekty\xunittestproject\bin\debug\netcoreapp3.1\xunittestproject.dll" id="d48c6551-b0f6-c3d7-de17-2c1671fe95a2">
      <Execution id="3c6bf248-08db-4f2c-b1dc-ad097e3adf72" />
      <TestMethod codeBase="C:\Projekty\xUnitTestProject\bin\Debug\netcoreapp3.1\xUnitTestProject.dll" adapterTypeName="executor://xunit/VsTestRunner2/netcoreapp" className="xUnitTestProject.CurrencyHelperTests" name="FormatToStringTest100" />
    </UnitTest>
    <UnitTest name="xUnitTestProject.CurrencyHelperTests.FormatToStringTest100(price: 12949.590713378317, expected: &quot;12949.59 zł&quot;)" storage="c:\projekty\xunittestproject\bin\debug\netcoreapp3.1\xunittestproject.dll" id="d7778823-4bda-74f0-3f28-6c90759e2c7c">
      <Execution id="6c172513-e823-43d8-aa1d-9f070774716b" />
      <TestMethod codeBase="C:\Projekty\xUnitTestProject\bin\Debug\netcoreapp3.1\xUnitTestProject.dll" adapterTypeName="executor://xunit/VsTestRunner2/netcoreapp" className="xUnitTestProject.CurrencyHelperTests" name="FormatToStringTest100" />
    </UnitTest>
    <UnitTest name="xUnitTestProject.CurrencyHelperTests.FormatToStringTest100(price: 16986.338876065027, expected: &quot;16986.34 zł&quot;)" storage="c:\projekty\xunittestproject\bin\debug\netcoreapp3.1\xunittestproject.dll" id="14bf6b28-24d9-64d3-e241-ed045f113c3f">
      <Execution id="d38d54af-1e97-49b2-9d00-020180706319" />
      <TestMethod codeBase="C:\Projekty\xUnitTestProject\bin\Debug\netcoreapp3.1\xUnitTestProject.dll" adapterTypeName="executor://xunit/VsTestRunner2/netcoreapp" className="xUnitTestProject.CurrencyHelperTests" name="FormatToStringTest100" />
    </UnitTest>
    <UnitTest name="xUnitTestProject.CurrencyHelperTests.FormatToStringTest100(price: 7789.7136237517525, expected: &quot;7789.71 zł&quot;)" storage="c:\projekty\xunittestproject\bin\debug\netcoreapp3.1\xunittestproject.dll" id="3e7f7dc0-a481-a391-5e59-0a09ddfda429">
      <Execution id="64925fc5-f263-4dad-9d8f-ad8f7138fc45" />
      <TestMethod codeBase="C:\Projekty\xUnitTestProject\bin\Debug\netcoreapp3.1\xUnitTestProject.dll" adapterTypeName="executor://xunit/VsTestRunner2/netcoreapp" className="xUnitTestProject.CurrencyHelperTests" name="FormatToStringTest100" />
    </UnitTest>
    <UnitTest name="xUnitTestProject.CurrencyHelperTests.FormatToStringTest100(price: 63507.32603545455, expected: &quot;63507.33 zł&quot;)" storage="c:\projekty\xunittestproject\bin\debug\netcoreapp3.1\xunittestproject.dll" id="9d3c6e40-46ef-8e8b-da94-d2afb05dab1a">
      <Execution id="5ff9695f-8392-4dc0-86f8-20ca9fef3c0d" />
      <TestMethod codeBase="C:\Projekty\xUnitTestProject\bin\Debug\netcoreapp3.1\xUnitTestProject.dll" adapterTypeName="executor://xunit/VsTestRunner2/netcoreapp" className="xUnitTestProject.CurrencyHelperTests" name="FormatToStringTest100" />
    </UnitTest>
    <UnitTest name="xUnitTestProject.CurrencyHelperTests.FormatToStringTest100(price: 50991.22189691114, expected: &quot;50991.22 zł&quot;)" storage="c:\projekty\xunittestproject\bin\debug\netcoreapp3.1\xunittestproject.dll" id="8cee55c7-2f54-9306-dead-c4a37d1316a9">
      <Execution id="6e506600-26f8-410d-a76b-6add12f83d58" />
      <TestMethod codeBase="C:\Projekty\xUnitTestProject\bin\Debug\netcoreapp3.1\xUnitTestProject.dll" adapterTypeName="executor://xunit/VsTestRunner2/netcoreapp" className="xUnitTestProject.CurrencyHelperTests" name="FormatToStringTest100" />
    </UnitTest>
    <UnitTest name="xUnitTestProject.CurrencyHelperTests.FormatToStringTest100(price: 31290.71396233687, expected: &quot;31290.71 zł&quot;)" storage="c:\projekty\xunittestproject\bin\debug\netcoreapp3.1\xunittestproject.dll" id="6841efc3-9345-d314-75c2-427f114f051b">
      <Execution id="8515be21-6146-4dd3-841e-94964cc7ade8" />
      <TestMethod codeBase="C:\Projekty\xUnitTestProject\bin\Debug\netcoreapp3.1\xUnitTestProject.dll" adapterTypeName="executor://xunit/VsTestRunner2/netcoreapp" className="xUnitTestProject.CurrencyHelperTests" name="FormatToStringTest100" />
    </UnitTest>
    <UnitTest name="xUnitTestProject.CurrencyHelperTests.FormatToStringTest100(price: 15639.704937780603, expected: &quot;15639.70 zł&quot;)" storage="c:\projekty\xunittestproject\bin\debug\netcoreapp3.1\xunittestproject.dll" id="2c0a47e8-8ee6-29b4-babb-5a689a07f007">
      <Execution id="1a8349b1-1651-40e6-aed3-ba64727c7cf9" />
      <TestMethod codeBase="C:\Projekty\xUnitTestProject\bin\Debug\netcoreapp3.1\xUnitTestProject.dll" adapterTypeName="executor://xunit/VsTestRunner2/netcoreapp" className="xUnitTestProject.CurrencyHelperTests" name="FormatToStringTest100" />
    </UnitTest>
    <UnitTest name="xUnitTestProject.CurrencyHelperTests.FormatToStringTest100(price: 17252.06220983903, expected: &quot;17252.06 zł&quot;)" storage="c:\projekty\xunittestproject\bin\debug\netcoreapp3.1\xunittestproject.dll" id="7d21651a-97b6-7b0a-2e61-911a28703fd6">
      <Execution id="e71f87c0-c910-4e02-8e31-79c9ca4bb1c7" />
      <TestMethod codeBase="C:\Projekty\xUnitTestProject\bin\Debug\netcoreapp3.1\xUnitTestProject.dll" adapterTypeName="executor://xunit/VsTestRunner2/netcoreapp" className="xUnitTestProject.CurrencyHelperTests" name="FormatToStringTest100" />
    </UnitTest>
    <UnitTest name="xUnitTestProject.CurrencyHelperTests.FormatToStringTest100(price: 27050.586848031067, expected: &quot;27050.59 zł&quot;)" storage="c:\projekty\xunittestproject\bin\debug\netcoreapp3.1\xunittestproject.dll" id="541757e5-f479-f33d-0381-b6dbdace2afb">
      <Execution id="28356079-5f33-4b60-a4b2-9a76d4656140" />
      <TestMethod codeBase="C:\Projekty\xUnitTestProject\bin\Debug\netcoreapp3.1\xUnitTestProject.dll" adapterTypeName="executor://xunit/VsTestRunner2/netcoreapp" className="xUnitTestProject.CurrencyHelperTests" name="FormatToStringTest100" />
    </UnitTest>
    <UnitTest name="xUnitTestProject.CurrencyHelperTests.FormatToStringTest100(price: 28502.61128259758, expected: &quot;28502.61 zł&quot;)" storage="c:\projekty\xunittestproject\bin\debug\netcoreapp3.1\xunittestproject.dll" id="4b242f0c-9170-3330-c57e-f3c12dfe43da">
      <Execution id="e8c7ea85-059f-46c8-b12f-e7abd3bacebc" />
      <TestMethod codeBase="C:\Projekty\xUnitTestProject\bin\Debug\netcoreapp3.1\xUnitTestProject.dll" adapterTypeName="executor://xunit/VsTestRunner2/netcoreapp" className="xUnitTestProject.CurrencyHelperTests" name="FormatToStringTest100" />
    </UnitTest>
    <UnitTest name="xUnitTestProject.CurrencyHelperTests.FormatToStringTest100(price: 19541.10539777116, expected: &quot;19541.11 zł&quot;)" storage="c:\projekty\xunittestproject\bin\debug\netcoreapp3.1\xunittestproject.dll" id="1dbb93f2-1030-009d-6521-2ea9595c26a6">
      <Execution id="92554927-f5b9-4525-af5e-201dfb7bbb84" />
      <TestMethod codeBase="C:\Projekty\xUnitTestProject\bin\Debug\netcoreapp3.1\xUnitTestProject.dll" adapterTypeName="executor://xunit/VsTestRunner2/netcoreapp" className="xUnitTestProject.CurrencyHelperTests" name="FormatToStringTest100" />
    </UnitTest>
    <UnitTest name="xUnitTestProject.CurrencyHelperTests.FormatToStringTest100(price: 24957.469502810607, expected: &quot;24957.47 zł&quot;)" storage="c:\projekty\xunittestproject\bin\debug\netcoreapp3.1\xunittestproject.dll" id="f9f74b79-cea9-65cc-b4bd-68b4ed9d0743">
      <Execution id="537eff2d-e242-48a3-b63c-7f78086f3c07" />
      <TestMethod codeBase="C:\Projekty\xUnitTestProject\bin\Debug\netcoreapp3.1\xUnitTestProject.dll" adapterTypeName="executor://xunit/VsTestRunner2/netcoreapp" className="xUnitTestProject.CurrencyHelperTests" name="FormatToStringTest100" />
    </UnitTest>
    <UnitTest name="xUnitTestProject.CurrencyHelperTests.FormatToStringTest100(price: 468.83385119346616, expected: &quot;468.83 zł&quot;)" storage="c:\projekty\xunittestproject\bin\debug\netcoreapp3.1\xunittestproject.dll" id="081370ca-48f4-57e4-cbf0-362048ef7fc7">
      <Execution id="3167479e-2e0d-4753-a8e8-402eae18a744" />
      <TestMethod codeBase="C:\Projekty\xUnitTestProject\bin\Debug\netcoreapp3.1\xUnitTestProject.dll" adapterTypeName="executor://xunit/VsTestRunner2/netcoreapp" className="xUnitTestProject.CurrencyHelperTests" name="FormatToStringTest100" />
    </UnitTest>
    <UnitTest name="xUnitTestProject.CurrencyHelperTests.FormatToStringTest100(price: 16383.352881839199, expected: &quot;16383.35 zł&quot;)" storage="c:\projekty\xunittestproject\bin\debug\netcoreapp3.1\xunittestproject.dll" id="dafd8801-e3be-22df-9fa5-764356cf2ca4">
      <Execution id="145723ac-9624-4fbf-a72e-fc2c36ddab54" />
      <TestMethod codeBase="C:\Projekty\xUnitTestProject\bin\Debug\netcoreapp3.1\xUnitTestProject.dll" adapterTypeName="executor://xunit/VsTestRunner2/netcoreapp" className="xUnitTestProject.CurrencyHelperTests" name="FormatToStringTest100" />
    </UnitTest>
    <UnitTest name="xUnitTestProject.CurrencyHelperTests.FormatToStringTest100(price: 35145.379208063416, expected: &quot;35145.38 zł&quot;)" storage="c:\projekty\xunittestproject\bin\debug\netcoreapp3.1\xunittestproject.dll" id="c154671c-e246-3280-5d80-165aa2ed0fd0">
      <Execution id="dfcfaf4d-5064-4cc8-a2a9-753092482ba2" />
      <TestMethod codeBase="C:\Projekty\xUnitTestProject\bin\Debug\netcoreapp3.1\xUnitTestProject.dll" adapterTypeName="executor://xunit/VsTestRunner2/netcoreapp" className="xUnitTestProject.CurrencyHelperTests" name="FormatToStringTest100" />
    </UnitTest>
    <UnitTest name="xUnitTestProject.CurrencyHelperTests.FormatToStringTest100(price: 28192.949128067565, expected: &quot;28192.95 zł&quot;)" storage="c:\projekty\xunittestproject\bin\debug\netcoreapp3.1\xunittestproject.dll" id="3bb4baee-0ac4-fa1e-e791-31ce6ef2b58b">
      <Execution id="c341d724-2f17-45a2-90c1-707625a5592a" />
      <TestMethod codeBase="C:\Projekty\xUnitTestProject\bin\Debug\netcoreapp3.1\xUnitTestProject.dll" adapterTypeName="executor://xunit/VsTestRunner2/netcoreapp" className="xUnitTestProject.CurrencyHelperTests" name="FormatToStringTest100" />
    </UnitTest>
    <UnitTest name="xUnitTestProject.CurrencyHelperTests.FormatToStringTest100(price: 78822.37212685234, expected: &quot;78822.37 zł&quot;)" storage="c:\projekty\xunittestproject\bin\debug\netcoreapp3.1\xunittestproject.dll" id="c05fb9c5-7f95-15f9-16c2-7f5bfc2c47e7">
      <Execution id="240f5bd7-92bc-425b-b037-2d412fa573c9" />
      <TestMethod codeBase="C:\Projekty\xUnitTestProject\bin\Debug\netcoreapp3.1\xUnitTestProject.dll" adapterTypeName="executor://xunit/VsTestRunner2/netcoreapp" className="xUnitTestProject.CurrencyHelperTests" name="FormatToStringTest100" />
    </UnitTest>
    <UnitTest name="xUnitTestProject.CurrencyHelperTests.FormatToStringTest100(price: 41876.979471482795, expected: &quot;41876.98 zł&quot;)" storage="c:\projekty\xunittestproject\bin\debug\netcoreapp3.1\xunittestproject.dll" id="5a8675de-6b57-6a3b-e014-8c438f537aee">
      <Execution id="b9956e97-da7a-4226-90c5-80fcd1cf6c00" />
      <TestMethod codeBase="C:\Projekty\xUnitTestProject\bin\Debug\netcoreapp3.1\xUnitTestProject.dll" adapterTypeName="executor://xunit/VsTestRunner2/netcoreapp" className="xUnitTestProject.CurrencyHelperTests" name="FormatToStringTest100" />
    </UnitTest>
    <UnitTest name="xUnitTestProject.CurrencyHelperTests.FormatToStringTest100(price: 34096.337879508894, expected: &quot;34096.34 zł&quot;)" storage="c:\projekty\xunittestproject\bin\debug\netcoreapp3.1\xunittestproject.dll" id="f265cc9e-137b-d632-0abc-0be231ad19a3">
      <Execution id="7e5bd022-4d03-4798-a29d-c40f54975f8a" />
      <TestMethod codeBase="C:\Projekty\xUnitTestProject\bin\Debug\netcoreapp3.1\xUnitTestProject.dll" adapterTypeName="executor://xunit/VsTestRunner2/netcoreapp" className="xUnitTestProject.CurrencyHelperTests" name="FormatToStringTest100" />
    </UnitTest>
    <UnitTest name="xUnitTestProject.CurrencyHelperTests.FormatToStringTest100(price: 38640.62766693003, expected: &quot;38640.63 zł&quot;)" storage="c:\projekty\xunittestproject\bin\debug\netcoreapp3.1\xunittestproject.dll" id="bee9f8c6-2947-a818-585e-f32a0181ed37">
      <Execution id="abc6a6b4-37fb-4cb2-8c65-01e15674c7ab" />
      <TestMethod codeBase="C:\Projekty\xUnitTestProject\bin\Debug\netcoreapp3.1\xUnitTestProject.dll" adapterTypeName="executor://xunit/VsTestRunner2/netcoreapp" className="xUnitTestProject.CurrencyHelperTests" name="FormatToStringTest100" />
    </UnitTest>
    <UnitTest name="xUnitTestProject.CurrencyHelperTests.FormatToStringTest100(price: 52020.805412759444, expected: &quot;52020.81 zł&quot;)" storage="c:\projekty\xunittestproject\bin\debug\netcoreapp3.1\xunittestproject.dll" id="da9a7d7d-29a1-93da-fc82-1718f2a3582d">
      <Execution id="ec9e58ec-12f1-4403-86ed-e63b33ab9e06" />
      <TestMethod codeBase="C:\Projekty\xUnitTestProject\bin\Debug\netcoreapp3.1\xUnitTestProject.dll" adapterTypeName="executor://xunit/VsTestRunner2/netcoreapp" className="xUnitTestProject.CurrencyHelperTests" name="FormatToStringTest100" />
    </UnitTest>
    <UnitTest name="xUnitTestProject.CurrencyHelperTests.FormatToStringTest100(price: 74514.06270644537, expected: &quot;74514.06 zł&quot;)" storage="c:\projekty\xunittestproject\bin\debug\netcoreapp3.1\xunittestproject.dll" id="29335311-3390-3a4e-3295-e7d01500b61d">
      <Execution id="6729bfee-8518-4da5-84bb-659e78db1690" />
      <TestMethod codeBase="C:\Projekty\xUnitTestProject\bin\Debug\netcoreapp3.1\xUnitTestProject.dll" adapterTypeName="executor://xunit/VsTestRunner2/netcoreapp" className="xUnitTestProject.CurrencyHelperTests" name="FormatToStringTest100" />
    </UnitTest>
    <UnitTest name="xUnitTestProject.CurrencyHelperTests.FormatToStringTest100(price: 35784.54232617307, expected: &quot;35784.54 zł&quot;)" storage="c:\projekty\xunittestproject\bin\debug\netcoreapp3.1\xunittestproject.dll" id="d47953b3-b855-d065-3ee0-ac12db86be39">
      <Execution id="cbf79b8b-99b3-4c4a-9ad0-a2bcbfd544ce" />
      <TestMethod codeBase="C:\Projekty\xUnitTestProject\bin\Debug\netcoreapp3.1\xUnitTestProject.dll" adapterTypeName="executor://xunit/VsTestRunner2/netcoreapp" className="xUnitTestProject.CurrencyHelperTests" name="FormatToStringTest100" />
    </UnitTest>
    <UnitTest name="xUnitTestProject.CurrencyHelperTests.FormatToStringTest100(price: 2292.8331871111104, expected: &quot;2292.83 zł&quot;)" storage="c:\projekty\xunittestproject\bin\debug\netcoreapp3.1\xunittestproject.dll" id="289f0d26-9b3d-b24d-21a5-381b61257aa2">
      <Execution id="31306e79-b6e9-4d0c-ae8f-f42b394f3ba0" />
      <TestMethod codeBase="C:\Projekty\xUnitTestProject\bin\Debug\netcoreapp3.1\xUnitTestProject.dll" adapterTypeName="executor://xunit/VsTestRunner2/netcoreapp" className="xUnitTestProject.CurrencyHelperTests" name="FormatToStringTest100" />
    </UnitTest>
    <UnitTest name="xUnitTestProject.CurrencyHelperTests.FormatToStringTest100(price: 62975.496334776515, expected: &quot;62975.50 zł&quot;)" storage="c:\projekty\xunittestproject\bin\debug\netcoreapp3.1\xunittestproject.dll" id="43a8ab94-a343-e6fd-9ae1-7ad0c6ee6431">
      <Execution id="1ce819a6-5ed9-4079-aa40-96d4f8495620" />
      <TestMethod codeBase="C:\Projekty\xUnitTestProject\bin\Debug\netcoreapp3.1\xUnitTestProject.dll" adapterTypeName="executor://xunit/VsTestRunner2/netcoreapp" className="xUnitTestProject.CurrencyHelperTests" name="FormatToStringTest100" />
    </UnitTest>
    <UnitTest name="xUnitTestProject.CurrencyHelperTests.FormatToStringTest100(price: 22666.13578912995, expected: &quot;22666.14 zł&quot;)" storage="c:\projekty\xunittestproject\bin\debug\netcoreapp3.1\xunittestproject.dll" id="74dd38df-c768-037a-da68-a6c5c371d014">
      <Execution id="834cceb6-4bd1-4453-ac5e-8f043f53ad6b" />
      <TestMethod codeBase="C:\Projekty\xUnitTestProject\bin\Debug\netcoreapp3.1\xUnitTestProject.dll" adapterTypeName="executor://xunit/VsTestRunner2/netcoreapp" className="xUnitTestProject.CurrencyHelperTests" name="FormatToStringTest100" />
    </UnitTest>
    <UnitTest name="xUnitTestProject.CurrencyHelperTests.FormatToStringTest100(price: 5628.028273674672, expected: &quot;5628.03 zł&quot;)" storage="c:\projekty\xunittestproject\bin\debug\netcoreapp3.1\xunittestproject.dll" id="7105c4e1-ce32-5c97-6709-d6bf0a4e3d55">
      <Execution id="7bdee40b-f38c-43db-b7ec-eca1c306e8ae" />
      <TestMethod codeBase="C:\Projekty\xUnitTestProject\bin\Debug\netcoreapp3.1\xUnitTestProject.dll" adapterTypeName="executor://xunit/VsTestRunner2/netcoreapp" className="xUnitTestProject.CurrencyHelperTests" name="FormatToStringTest100" />
    </UnitTest>
    <UnitTest name="xUnitTestProject.CurrencyHelperTests.FormatToStringTest100(price: 8499.121443388574, expected: &quot;8499.12 zł&quot;)" storage="c:\projekty\xunittestproject\bin\debug\netcoreapp3.1\xunittestproject.dll" id="2e0c5192-e697-d6bc-f801-978bcb4ec749">
      <Execution id="1fc2638b-bb35-4e44-908d-811e62a89c22" />
      <TestMethod codeBase="C:\Projekty\xUnitTestProject\bin\Debug\netcoreapp3.1\xUnitTestProject.dll" adapterTypeName="executor://xunit/VsTestRunner2/netcoreapp" className="xUnitTestProject.CurrencyHelperTests" name="FormatToStringTest100" />
    </UnitTest>
    <UnitTest name="xUnitTestProject.CurrencyHelperTests.FormatToStringTest100(price: 32632.105531036905, expected: &quot;32632.11 zł&quot;)" storage="c:\projekty\xunittestproject\bin\debug\netcoreapp3.1\xunittestproject.dll" id="8a266f5a-be21-44b9-cc46-2634e151c33b">
      <Execution id="1be6046d-2d83-4569-88de-9ca6f53fe01b" />
      <TestMethod codeBase="C:\Projekty\xUnitTestProject\bin\Debug\netcoreapp3.1\xUnitTestProject.dll" adapterTypeName="executor://xunit/VsTestRunner2/netcoreapp" className="xUnitTestProject.CurrencyHelperTests" name="FormatToStringTest100" />
    </UnitTest>
    <UnitTest name="xUnitTestProject.CurrencyHelperTests.FormatToStringTest100(price: 2937.138486199611, expected: &quot;2937.14 zł&quot;)" storage="c:\projekty\xunittestproject\bin\debug\netcoreapp3.1\xunittestproject.dll" id="dcc4e251-457a-bc1b-d0d7-d1ec86b94d5d">
      <Execution id="8b7564ee-feb8-4a0a-ba18-f05c6b102427" />
      <TestMethod codeBase="C:\Projekty\xUnitTestProject\bin\Debug\netcoreapp3.1\xUnitTestProject.dll" adapterTypeName="executor://xunit/VsTestRunner2/netcoreapp" className="xUnitTestProject.CurrencyHelperTests" name="FormatToStringTest100" />
    </UnitTest>
    <UnitTest name="xUnitTestProject.CurrencyHelperTests.FormatToStringTest100(price: 9816.961298880615, expected: &quot;9816.96 zł&quot;)" storage="c:\projekty\xunittestproject\bin\debug\netcoreapp3.1\xunittestproject.dll" id="4c412e3e-e553-0928-365f-424e47169018">
      <Execution id="144f1a87-5ee6-4158-bd02-8c88a0d70a79" />
      <TestMethod codeBase="C:\Projekty\xUnitTestProject\bin\Debug\netcoreapp3.1\xUnitTestProject.dll" adapterTypeName="executor://xunit/VsTestRunner2/netcoreapp" className="xUnitTestProject.CurrencyHelperTests" name="FormatToStringTest100" />
    </UnitTest>
    <UnitTest name="xUnitTestProject.CurrencyHelperTests.FormatToStringTest100(price: 27893.312729890138, expected: &quot;27893.31 zł&quot;)" storage="c:\projekty\xunittestproject\bin\debug\netcoreapp3.1\xunittestproject.dll" id="111c79ee-d703-225b-8314-e9f7cfa3d20e">
      <Execution id="74504de8-2216-4d0c-a27a-09c21dd08f1c" />
      <TestMethod codeBase="C:\Projekty\xUnitTestProject\bin\Debug\netcoreapp3.1\xUnitTestProject.dll" adapterTypeName="executor://xunit/VsTestRunner2/netcoreapp" className="xUnitTestProject.CurrencyHelperTests" name="FormatToStringTest100" />
    </UnitTest>
    <UnitTest name="xUnitTestProject.CurrencyHelperTests.FormatToStringTest100(price: 20244.692955315437, expected: &quot;20244.69 zł&quot;)" storage="c:\projekty\xunittestproject\bin\debug\netcoreapp3.1\xunittestproject.dll" id="b06b7483-d7a9-8983-7acb-83b99a3a9375">
      <Execution id="57cb56ea-a319-4ada-ad11-5bda72f2a703" />
      <TestMethod codeBase="C:\Projekty\xUnitTestProject\bin\Debug\netcoreapp3.1\xUnitTestProject.dll" adapterTypeName="executor://xunit/VsTestRunner2/netcoreapp" className="xUnitTestProject.CurrencyHelperTests" name="FormatToStringTest100" />
    </UnitTest>
    <UnitTest name="xUnitTestProject.CurrencyHelperTests.FormatToStringTest100(price: 79.6815319544084, expected: &quot;79.68 zł&quot;)" storage="c:\projekty\xunittestproject\bin\debug\netcoreapp3.1\xunittestproject.dll" id="fc8fcc54-cb31-3ea9-a932-697b630d3569">
      <Execution id="767910fb-945e-4ed8-867a-a80b2c865c29" />
      <TestMethod codeBase="C:\Projekty\xUnitTestProject\bin\Debug\netcoreapp3.1\xUnitTestProject.dll" adapterTypeName="executor://xunit/VsTestRunner2/netcoreapp" className="xUnitTestProject.CurrencyHelperTests" name="FormatToStringTest100" />
    </UnitTest>
    <UnitTest name="xUnitTestProject.CurrencyHelperTests.FormatToStringTest100(price: 6809.40195803037, expected: &quot;6809.40 zł&quot;)" storage="c:\projekty\xunittestproject\bin\debug\netcoreapp3.1\xunittestproject.dll" id="0f154440-ee39-dfa0-38c3-2b0334e011dd">
      <Execution id="342866f3-b2b4-4fb7-af1b-393797dfb37c" />
      <TestMethod codeBase="C:\Projekty\xUnitTestProject\bin\Debug\netcoreapp3.1\xUnitTestProject.dll" adapterTypeName="executor://xunit/VsTestRunner2/netcoreapp" className="xUnitTestProject.CurrencyHelperTests" name="FormatToStringTest100" />
    </UnitTest>
    <UnitTest name="xUnitTestProject.CurrencyHelperTests.FormatToStringTest100(price: 5396.620088554277, expected: &quot;5396.62 zł&quot;)" storage="c:\projekty\xunittestproject\bin\debug\netcoreapp3.1\xunittestproject.dll" id="3321cd65-ef8c-d2ee-7a10-5262976081ff">
      <Execution id="308726c1-ef61-419c-b2ee-5566c0bea5a0" />
      <TestMethod codeBase="C:\Projekty\xUnitTestProject\bin\Debug\netcoreapp3.1\xUnitTestProject.dll" adapterTypeName="executor://xunit/VsTestRunner2/netcoreapp" className="xUnitTestProject.CurrencyHelperTests" name="FormatToStringTest100" />
    </UnitTest>
    <UnitTest name="xUnitTestProject.CurrencyHelperTests.FormatToStringTest100(price: 80609.94377465078, expected: &quot;80609.94 zł&quot;)" storage="c:\projekty\xunittestproject\bin\debug\netcoreapp3.1\xunittestproject.dll" id="c57e7001-ae2f-cc3c-80aa-b60a735cb853">
      <Execution id="f05e12dc-3884-43ce-a2a6-c6a6d5178e19" />
      <TestMethod codeBase="C:\Projekty\xUnitTestProject\bin\Debug\netcoreapp3.1\xUnitTestProject.dll" adapterTypeName="executor://xunit/VsTestRunner2/netcoreapp" className="xUnitTestProject.CurrencyHelperTests" name="FormatToStringTest100" />
    </UnitTest>
    <UnitTest name="xUnitTestProject.CurrencyHelperTests.FormatToStringTest100(price: 22604.838218828587, expected: &quot;22604.84 zł&quot;)" storage="c:\projekty\xunittestproject\bin\debug\netcoreapp3.1\xunittestproject.dll" id="1813aa2f-eab9-0da1-9d79-9ec562fcf340">
      <Execution id="21ee4b92-fa9e-4992-911a-a0ece3a93d91" />
      <TestMethod codeBase="C:\Projekty\xUnitTestProject\bin\Debug\netcoreapp3.1\xUnitTestProject.dll" adapterTypeName="executor://xunit/VsTestRunner2/netcoreapp" className="xUnitTestProject.CurrencyHelperTests" name="FormatToStringTest100" />
    </UnitTest>
    <UnitTest name="xUnitTestProject.CurrencyHelperTests.FormatToStringTest100(price: 1649.0127968480872, expected: &quot;1649.01 zł&quot;)" storage="c:\projekty\xunittestproject\bin\debug\netcoreapp3.1\xunittestproject.dll" id="5e812169-6686-9fe1-e23d-5fb1628863ab">
      <Execution id="979b6741-21f7-4ad1-8d11-b2038160b707" />
      <TestMethod codeBase="C:\Projekty\xUnitTestProject\bin\Debug\netcoreapp3.1\xUnitTestProject.dll" adapterTypeName="executor://xunit/VsTestRunner2/netcoreapp" className="xUnitTestProject.CurrencyHelperTests" name="FormatToStringTest100" />
    </UnitTest>
    <UnitTest name="xUnitTestProject.CurrencyHelperTests.FormatToStringTest100(price: 1614.2516601789982, expected: &quot;1614.25 zł&quot;)" storage="c:\projekty\xunittestproject\bin\debug\netcoreapp3.1\xunittestproject.dll" id="eddb088f-c107-aeac-fa0d-87b3c14eed53">
      <Execution id="00f47ff8-ce82-492b-ae28-62e84d977b28" />
      <TestMethod codeBase="C:\Projekty\xUnitTestProject\bin\Debug\netcoreapp3.1\xUnitTestProject.dll" adapterTypeName="executor://xunit/VsTestRunner2/netcoreapp" className="xUnitTestProject.CurrencyHelperTests" name="FormatToStringTest100" />
    </UnitTest>
    <UnitTest name="xUnitTestProject.CurrencyHelperTests.FormatToStringTest100(price: 32216.686763396807, expected: &quot;32216.69 zł&quot;)" storage="c:\projekty\xunittestproject\bin\debug\netcoreapp3.1\xunittestproject.dll" id="49a05d1f-a775-19c0-25af-f3a1e1d16690">
      <Execution id="927cd07f-21d9-4b8d-a9d6-26174b00fdec" />
      <TestMethod codeBase="C:\Projekty\xUnitTestProject\bin\Debug\netcoreapp3.1\xUnitTestProject.dll" adapterTypeName="executor://xunit/VsTestRunner2/netcoreapp" className="xUnitTestProject.CurrencyHelperTests" name="FormatToStringTest100" />
    </UnitTest>
    <UnitTest name="xUnitTestProject.CurrencyHelperTests.FormatToStringTest100(price: 6890.028458985514, expected: &quot;6890.03 zł&quot;)" storage="c:\projekty\xunittestproject\bin\debug\netcoreapp3.1\xunittestproject.dll" id="50ea2bcc-2c4a-f936-b10c-5e627f71076d">
      <Execution id="e430737b-151d-49cd-bfaa-0963a2c7fdd3" />
      <TestMethod codeBase="C:\Projekty\xUnitTestProject\bin\Debug\netcoreapp3.1\xUnitTestProject.dll" adapterTypeName="executor://xunit/VsTestRunner2/netcoreapp" className="xUnitTestProject.CurrencyHelperTests" name="FormatToStringTest100" />
    </UnitTest>
    <UnitTest name="xUnitTestProject.CurrencyHelperTests.FormatToStringTest100(price: 9867.823212210007, expected: &quot;9867.82 zł&quot;)" storage="c:\projekty\xunittestproject\bin\debug\netcoreapp3.1\xunittestproject.dll" id="e3628c97-347a-9ee9-e133-2d57b36ee5ba">
      <Execution id="09b6b8a0-b37a-418d-902e-a310d4039580" />
      <TestMethod codeBase="C:\Projekty\xUnitTestProject\bin\Debug\netcoreapp3.1\xUnitTestProject.dll" adapterTypeName="executor://xunit/VsTestRunner2/netcoreapp" className="xUnitTestProject.CurrencyHelperTests" name="FormatToStringTest100" />
    </UnitTest>
    <UnitTest name="xUnitTestProject.CurrencyHelperTests.FormatToStringTest100(price: 591.2110872302256, expected: &quot;591.21 zł&quot;)" storage="c:\projekty\xunittestproject\bin\debug\netcoreapp3.1\xunittestproject.dll" id="fc435e55-affb-80d4-72b8-f2b63414b911">
      <Execution id="4287b0ad-ade6-4818-9804-0e1e90020b4e" />
      <TestMethod codeBase="C:\Projekty\xUnitTestProject\bin\Debug\netcoreapp3.1\xUnitTestProject.dll" adapterTypeName="executor://xunit/VsTestRunner2/netcoreapp" className="xUnitTestProject.CurrencyHelperTests" name="FormatToStringTest100" />
    </UnitTest>
    <UnitTest name="xUnitTestProject.CurrencyHelperTests.FormatToStringTest100(price: 70771.4436677524, expected: &quot;70771.44 zł&quot;)" storage="c:\projekty\xunittestproject\bin\debug\netcoreapp3.1\xunittestproject.dll" id="04e3f1ac-8b40-ff41-8b94-5de43105a077">
      <Execution id="6c87bbd0-2b5c-4136-82f9-65fdb1d5f229" />
      <TestMethod codeBase="C:\Projekty\xUnitTestProject\bin\Debug\netcoreapp3.1\xUnitTestProject.dll" adapterTypeName="executor://xunit/VsTestRunner2/netcoreapp" className="xUnitTestProject.CurrencyHelperTests" name="FormatToStringTest100" />
    </UnitTest>
    <UnitTest name="xUnitTestProject.CurrencyHelperTests.FormatToStringTest100(price: 7594.279030504766, expected: &quot;7594.28 zł&quot;)" storage="c:\projekty\xunittestproject\bin\debug\netcoreapp3.1\xunittestproject.dll" id="571d5971-1ee5-2e96-a2c2-f9965b0b3623">
      <Execution id="09da355c-a6f7-4183-bff8-084305063d72" />
      <TestMethod codeBase="C:\Projekty\xUnitTestProject\bin\Debug\netcoreapp3.1\xUnitTestProject.dll" adapterTypeName="executor://xunit/VsTestRunner2/netcoreapp" className="xUnitTestProject.CurrencyHelperTests" name="FormatToStringTest100" />
    </UnitTest>
    <UnitTest name="xUnitTestProject.CurrencyHelperTests.FormatToStringTest100(price: 6864.093052674129, expected: &quot;6864.09 zł&quot;)" storage="c:\projekty\xunittestproject\bin\debug\netcoreapp3.1\xunittestproject.dll" id="50d69e8d-3a93-b655-2f18-638fbff5feb9">
      <Execution id="897a0e1a-a712-4bfa-bab1-8fdddca4a502" />
      <TestMethod codeBase="C:\Projekty\xUnitTestProject\bin\Debug\netcoreapp3.1\xUnitTestProject.dll" adapterTypeName="executor://xunit/VsTestRunner2/netcoreapp" className="xUnitTestProject.CurrencyHelperTests" name="FormatToStringTest100" />
    </UnitTest>
    <UnitTest name="xUnitTestProject.CurrencyHelperTests.FormatToStringTest100(price: 21961.272673999552, expected: &quot;21961.27 zł&quot;)" storage="c:\projekty\xunittestproject\bin\debug\netcoreapp3.1\xunittestproject.dll" id="33f107c2-ab0d-ae03-80da-536fe345a886">
      <Execution id="07dd05b5-6068-465b-b588-05d0861d289b" />
      <TestMethod codeBase="C:\Projekty\xUnitTestProject\bin\Debug\netcoreapp3.1\xUnitTestProject.dll" adapterTypeName="executor://xunit/VsTestRunner2/netcoreapp" className="xUnitTestProject.CurrencyHelperTests" name="FormatToStringTest100" />
    </UnitTest>
    <UnitTest name="xUnitTestProject.CurrencyHelperTests.FormatToStringTest100(price: 39178.05988345298, expected: &quot;39178.06 zł&quot;)" storage="c:\projekty\xunittestproject\bin\debug\netcoreapp3.1\xunittestproject.dll" id="2b46eb58-6e84-4876-9d74-10f782a2b95d">
      <Execution id="b0ea0eb0-17f3-424a-aa69-4a16cb6ffafa" />
      <TestMethod codeBase="C:\Projekty\xUnitTestProject\bin\Debug\netcoreapp3.1\xUnitTestProject.dll" adapterTypeName="executor://xunit/VsTestRunner2/netcoreapp" className="xUnitTestProject.CurrencyHelperTests" name="FormatToStringTest100" />
    </UnitTest>
  </TestDefinitions>
  <TestEntries>
    <TestEntry testId="ae4dd41d-98b4-3a18-47fe-168d75b24553" executionId="edd5045e-9f65-4690-98e3-03257341e48a" testListId="8c84fa94-04c1-424b-9868-57a2d4851a1d" />
    <TestEntry testId="be83c872-b584-ea7d-68ae-387efb4fd62c" executionId="2b84e1b3-9e81-49fd-9e6a-b07c293bace7" testListId="8c84fa94-04c1-424b-9868-57a2d4851a1d" />
    <TestEntry testId="9e65b83c-d062-a995-788e-1f867295fc3e" executionId="625ff67f-03e9-4003-b4fb-6ad5b2e62612" testListId="8c84fa94-04c1-424b-9868-57a2d4851a1d" />
    <TestEntry testId="5be8086d-757f-607e-3916-e3fc3a32dab6" executionId="36aaed0f-f8ae-41ea-8d03-3a9159132d76" testListId="8c84fa94-04c1-424b-9868-57a2d4851a1d" />
    <TestEntry testId="77be9760-e130-8956-fbc4-11e64213b336" executionId="0d97b6fd-efa1-4357-89e9-ae59c00e9e85" testListId="8c84fa94-04c1-424b-9868-57a2d4851a1d" />
    <TestEntry testId="3321cd65-ef8c-d2ee-7a10-5262976081ff" executionId="308726c1-ef61-419c-b2ee-5566c0bea5a0" testListId="8c84fa94-04c1-424b-9868-57a2d4851a1d" />
    <TestEntry testId="f9cb3c10-b6dc-401f-48ca-7381182b493b" executionId="b539a2d5-d5a7-4c4c-930e-7353706e2796" testListId="8c84fa94-04c1-424b-9868-57a2d4851a1d" />
    <TestEntry testId="bc595dee-6f3e-e241-694d-ba68ac66ab16" executionId="62260164-f983-4a4d-99a2-7dc1da460539" testListId="8c84fa94-04c1-424b-9868-57a2d4851a1d" />
    <TestEntry testId="b611b239-b1eb-9204-e0e7-5dd83b648e27" executionId="ba0dd7c7-031e-4320-8ed5-f7ff399fd94a" testListId="8c84fa94-04c1-424b-9868-57a2d4851a1d" />
    <TestEntry testId="2b46eb58-6e84-4876-9d74-10f782a2b95d" executionId="b0ea0eb0-17f3-424a-aa69-4a16cb6ffafa" testListId="8c84fa94-04c1-424b-9868-57a2d4851a1d" />
    <TestEntry testId="4c412e3e-e553-0928-365f-424e47169018" executionId="144f1a87-5ee6-4158-bd02-8c88a0d70a79" testListId="8c84fa94-04c1-424b-9868-57a2d4851a1d" />
    <TestEntry testId="ece080b6-35d5-52f6-4ff2-f79908c52d78" executionId="0b5b0fca-52c8-4534-93c7-9c96ddb533b1" testListId="8c84fa94-04c1-424b-9868-57a2d4851a1d" />
    <TestEntry testId="e3628c97-347a-9ee9-e133-2d57b36ee5ba" executionId="09b6b8a0-b37a-418d-902e-a310d4039580" testListId="8c84fa94-04c1-424b-9868-57a2d4851a1d" />
    <TestEntry testId="2e0c5192-e697-d6bc-f801-978bcb4ec749" executionId="1fc2638b-bb35-4e44-908d-811e62a89c22" testListId="8c84fa94-04c1-424b-9868-57a2d4851a1d" />
    <TestEntry testId="2c0a47e8-8ee6-29b4-babb-5a689a07f007" executionId="1a8349b1-1651-40e6-aed3-ba64727c7cf9" testListId="8c84fa94-04c1-424b-9868-57a2d4851a1d" />
    <TestEntry testId="c154671c-e246-3280-5d80-165aa2ed0fd0" executionId="dfcfaf4d-5064-4cc8-a2a9-753092482ba2" testListId="8c84fa94-04c1-424b-9868-57a2d4851a1d" />
    <TestEntry testId="5e812169-6686-9fe1-e23d-5fb1628863ab" executionId="979b6741-21f7-4ad1-8d11-b2038160b707" testListId="8c84fa94-04c1-424b-9868-57a2d4851a1d" />
    <TestEntry testId="33f107c2-ab0d-ae03-80da-536fe345a886" executionId="07dd05b5-6068-465b-b588-05d0861d289b" testListId="8c84fa94-04c1-424b-9868-57a2d4851a1d" />
    <TestEntry testId="e5d3d46a-1577-bac4-8f03-ab7ff7705a9f" executionId="31d26c9c-30f4-4937-8888-f8f52cca408a" testListId="8c84fa94-04c1-424b-9868-57a2d4851a1d" />
    <TestEntry testId="bee9f8c6-2947-a818-585e-f32a0181ed37" executionId="abc6a6b4-37fb-4cb2-8c65-01e15674c7ab" testListId="8c84fa94-04c1-424b-9868-57a2d4851a1d" />
    <TestEntry testId="1dbb93f2-1030-009d-6521-2ea9595c26a6" executionId="92554927-f5b9-4525-af5e-201dfb7bbb84" testListId="8c84fa94-04c1-424b-9868-57a2d4851a1d" />
    <TestEntry testId="abbe5506-3b8c-ed2b-2408-42de70c236b9" executionId="865544e2-8e97-4409-a99d-c0be3f3e41e8" testListId="8c84fa94-04c1-424b-9868-57a2d4851a1d" />
    <TestEntry testId="50d69e8d-3a93-b655-2f18-638fbff5feb9" executionId="897a0e1a-a712-4bfa-bab1-8fdddca4a502" testListId="8c84fa94-04c1-424b-9868-57a2d4851a1d" />
    <TestEntry testId="3bb4baee-0ac4-fa1e-e791-31ce6ef2b58b" executionId="c341d724-2f17-45a2-90c1-707625a5592a" testListId="8c84fa94-04c1-424b-9868-57a2d4851a1d" />
    <TestEntry testId="b309356a-1568-0ab7-98a5-a111bb0bc5a1" executionId="003e36eb-8728-4b58-ae83-0fbb02c1ffc9" testListId="8c84fa94-04c1-424b-9868-57a2d4851a1d" />
    <TestEntry testId="4b242f0c-9170-3330-c57e-f3c12dfe43da" executionId="e8c7ea85-059f-46c8-b12f-e7abd3bacebc" testListId="8c84fa94-04c1-424b-9868-57a2d4851a1d" />
    <TestEntry testId="111c79ee-d703-225b-8314-e9f7cfa3d20e" executionId="74504de8-2216-4d0c-a27a-09c21dd08f1c" testListId="8c84fa94-04c1-424b-9868-57a2d4851a1d" />
    <TestEntry testId="7d21651a-97b6-7b0a-2e61-911a28703fd6" executionId="e71f87c0-c910-4e02-8e31-79c9ca4bb1c7" testListId="8c84fa94-04c1-424b-9868-57a2d4851a1d" />
    <TestEntry testId="67a2e17d-2e99-1573-e414-664dc3a5daec" executionId="10416d11-1688-44d7-b913-b02098a22ba8" testListId="8c84fa94-04c1-424b-9868-57a2d4851a1d" />
    <TestEntry testId="aa846e16-83e3-6a8d-ea1c-cf150206bc05" executionId="cb984497-b3a2-4f85-96ee-720da6bef542" testListId="8c84fa94-04c1-424b-9868-57a2d4851a1d" />
    <TestEntry testId="da9a7d7d-29a1-93da-fc82-1718f2a3582d" executionId="ec9e58ec-12f1-4403-86ed-e63b33ab9e06" testListId="8c84fa94-04c1-424b-9868-57a2d4851a1d" />
    <TestEntry testId="d48c6551-b0f6-c3d7-de17-2c1671fe95a2" executionId="3c6bf248-08db-4f2c-b1dc-ad097e3adf72" testListId="8c84fa94-04c1-424b-9868-57a2d4851a1d" />
    <TestEntry testId="afb9fcf3-f392-dcf0-c2e9-6922ff45e46f" executionId="cc77d9c9-2bdd-4951-a6da-0b13e571f5db" testListId="8c84fa94-04c1-424b-9868-57a2d4851a1d" />
    <TestEntry testId="99620ffe-5e9a-128c-a6ac-13976c610d3b" executionId="68fd9105-3cae-436c-b100-36d0bf4be6c4" testListId="8c84fa94-04c1-424b-9868-57a2d4851a1d" />
    <TestEntry testId="2738362e-e19d-f6a9-dd3e-b18b1bacf9a4" executionId="219cf0a0-f9ae-434f-b0d8-a684d8b53064" testListId="8c84fa94-04c1-424b-9868-57a2d4851a1d" />
    <TestEntry testId="fb32513a-ed20-1e61-8c8f-5e74dc95816c" executionId="e9db64bd-e8dd-46a2-b038-30dce81c4748" testListId="8c84fa94-04c1-424b-9868-57a2d4851a1d" />
    <TestEntry testId="f0bb637b-8cf3-7fb0-e10c-0038b91cfed9" executionId="91f66885-9a9a-4ee6-b3f7-24050c7852ec" testListId="8c84fa94-04c1-424b-9868-57a2d4851a1d" />
    <TestEntry testId="8b5b6910-6f6f-c9ce-8825-e4185407df85" executionId="d5e969d0-0e1e-48f6-9a4e-ce90c438724a" testListId="8c84fa94-04c1-424b-9868-57a2d4851a1d" />
    <TestEntry testId="d073a14a-1a05-55ae-e697-84b172175337" executionId="b103f666-8cac-4ee6-becb-2c0dc3b23c83" testListId="8c84fa94-04c1-424b-9868-57a2d4851a1d" />
    <TestEntry testId="14bf6b28-24d9-64d3-e241-ed045f113c3f" executionId="d38d54af-1e97-49b2-9d00-020180706319" testListId="8c84fa94-04c1-424b-9868-57a2d4851a1d" />
    <TestEntry testId="f1fba880-f684-09f7-700f-be107cba176b" executionId="b286624f-5f30-47ca-bcf1-502f32afacbd" testListId="8c84fa94-04c1-424b-9868-57a2d4851a1d" />
    <TestEntry testId="60df436e-3029-21a3-1c5e-f7dac0d4c1de" executionId="f3443dd3-c95e-4932-bc44-f75ec3b7bd02" testListId="8c84fa94-04c1-424b-9868-57a2d4851a1d" />
    <TestEntry testId="8cee55c7-2f54-9306-dead-c4a37d1316a9" executionId="6e506600-26f8-410d-a76b-6add12f83d58" testListId="8c84fa94-04c1-424b-9868-57a2d4851a1d" />
    <TestEntry testId="91415d54-575f-b471-1dc0-1631e68e02ab" executionId="9a568b29-f392-4f30-b889-7fa5c87a3fc5" testListId="8c84fa94-04c1-424b-9868-57a2d4851a1d" />
    <TestEntry testId="7105c4e1-ce32-5c97-6709-d6bf0a4e3d55" executionId="7bdee40b-f38c-43db-b7ec-eca1c306e8ae" testListId="8c84fa94-04c1-424b-9868-57a2d4851a1d" />
    <TestEntry testId="c05fb9c5-7f95-15f9-16c2-7f5bfc2c47e7" executionId="240f5bd7-92bc-425b-b037-2d412fa573c9" testListId="8c84fa94-04c1-424b-9868-57a2d4851a1d" />
    <TestEntry testId="081370ca-48f4-57e4-cbf0-362048ef7fc7" executionId="3167479e-2e0d-4753-a8e8-402eae18a744" testListId="8c84fa94-04c1-424b-9868-57a2d4851a1d" />
    <TestEntry testId="4053e7cd-71d6-290b-ba32-3b8047db680a" executionId="d970ab35-65de-4102-9690-f30ac264801c" testListId="8c84fa94-04c1-424b-9868-57a2d4851a1d" />
    <TestEntry testId="3ac7c8db-6027-14d9-863b-5141742cb318" executionId="32dac5f4-c6a3-4f05-bdf5-734db8d08278" testListId="8c84fa94-04c1-424b-9868-57a2d4851a1d" />
    <TestEntry testId="8a266f5a-be21-44b9-cc46-2634e151c33b" executionId="1be6046d-2d83-4569-88de-9ca6f53fe01b" testListId="8c84fa94-04c1-424b-9868-57a2d4851a1d" />
    <TestEntry testId="8b4e8664-15ff-c81e-db88-693c6ea7ece0" executionId="3ab478f9-fe26-406b-8844-6440773020bd" testListId="8c84fa94-04c1-424b-9868-57a2d4851a1d" />
    <TestEntry testId="74dd38df-c768-037a-da68-a6c5c371d014" executionId="834cceb6-4bd1-4453-ac5e-8f043f53ad6b" testListId="8c84fa94-04c1-424b-9868-57a2d4851a1d" />
    <TestEntry testId="d71fa846-0b3d-650b-0fa7-7de64a8b5692" executionId="478b19df-5629-4f9b-9f8e-d5f515e0cce6" testListId="8c84fa94-04c1-424b-9868-57a2d4851a1d" />
    <TestEntry testId="ff59583d-5ce7-46c9-0e7b-54c700821ca2" executionId="5fa58fca-a62d-4545-92fc-323839920b42" testListId="8c84fa94-04c1-424b-9868-57a2d4851a1d" />
    <TestEntry testId="1813aa2f-eab9-0da1-9d79-9ec562fcf340" executionId="21ee4b92-fa9e-4992-911a-a0ece3a93d91" testListId="8c84fa94-04c1-424b-9868-57a2d4851a1d" />
    <TestEntry testId="dcc4e251-457a-bc1b-d0d7-d1ec86b94d5d" executionId="8b7564ee-feb8-4a0a-ba18-f05c6b102427" testListId="8c84fa94-04c1-424b-9868-57a2d4851a1d" />
    <TestEntry testId="fb2ea2cb-613f-cbc7-6fc7-7097106fa76f" executionId="15f360f4-40fb-43eb-bf75-24523c2c9079" testListId="8c84fa94-04c1-424b-9868-57a2d4851a1d" />
    <TestEntry testId="266d715f-e5d3-df86-ea76-d35ef7b9d7e0" executionId="276a3c5f-dfd4-4855-9d75-b7f3db0ddfd2" testListId="8c84fa94-04c1-424b-9868-57a2d4851a1d" />
    <TestEntry testId="d47953b3-b855-d065-3ee0-ac12db86be39" executionId="cbf79b8b-99b3-4c4a-9ad0-a2bcbfd544ce" testListId="8c84fa94-04c1-424b-9868-57a2d4851a1d" />
    <TestEntry testId="d7778823-4bda-74f0-3f28-6c90759e2c7c" executionId="6c172513-e823-43d8-aa1d-9f070774716b" testListId="8c84fa94-04c1-424b-9868-57a2d4851a1d" />
    <TestEntry testId="649e78c8-4417-17eb-ca16-441525722fe8" executionId="3ade00d2-ced2-4386-81b5-3c40e1230807" testListId="8c84fa94-04c1-424b-9868-57a2d4851a1d" />
    <TestEntry testId="84d5048a-7b2f-9b60-257e-0daa5848d93c" executionId="daaa3a49-e5b4-4dad-a0f9-8345be7b45f5" testListId="8c84fa94-04c1-424b-9868-57a2d4851a1d" />
    <TestEntry testId="eddb088f-c107-aeac-fa0d-87b3c14eed53" executionId="00f47ff8-ce82-492b-ae28-62e84d977b28" testListId="8c84fa94-04c1-424b-9868-57a2d4851a1d" />
    <TestEntry testId="e6f2d423-ca40-ed8a-1d2e-2b1354a1f4e9" executionId="cf40edeb-77b0-4fec-bba6-1b35003b9a40" testListId="8c84fa94-04c1-424b-9868-57a2d4851a1d" />
    <TestEntry testId="b06b7483-d7a9-8983-7acb-83b99a3a9375" executionId="57cb56ea-a319-4ada-ad11-5bda72f2a703" testListId="8c84fa94-04c1-424b-9868-57a2d4851a1d" />
    <TestEntry testId="9fa54161-392b-187a-1e6d-1b04f9e216c3" executionId="79eb0624-ffdf-49c3-9316-da2498f4c95e" testListId="8c84fa94-04c1-424b-9868-57a2d4851a1d" />
    <TestEntry testId="ec952d1c-d4b8-4514-2b06-3c5983e68faa" executionId="51390e3e-d75b-4277-840f-f86bccce02ba" testListId="8c84fa94-04c1-424b-9868-57a2d4851a1d" />
    <TestEntry testId="49a05d1f-a775-19c0-25af-f3a1e1d16690" executionId="927cd07f-21d9-4b8d-a9d6-26174b00fdec" testListId="8c84fa94-04c1-424b-9868-57a2d4851a1d" />
    <TestEntry testId="7c8e7438-e86b-d1a6-214d-a8d6be86bec7" executionId="d075cc54-0905-42d1-9e50-e4c2a8ced633" testListId="8c84fa94-04c1-424b-9868-57a2d4851a1d" />
    <TestEntry testId="f265cc9e-137b-d632-0abc-0be231ad19a3" executionId="7e5bd022-4d03-4798-a29d-c40f54975f8a" testListId="8c84fa94-04c1-424b-9868-57a2d4851a1d" />
    <TestEntry testId="010637aa-f4d9-9bdc-374f-aa35642ade2f" executionId="e7856761-fda9-4e8c-a306-17fd3466f561" testListId="8c84fa94-04c1-424b-9868-57a2d4851a1d" />
    <TestEntry testId="dafd8801-e3be-22df-9fa5-764356cf2ca4" executionId="145723ac-9624-4fbf-a72e-fc2c36ddab54" testListId="8c84fa94-04c1-424b-9868-57a2d4851a1d" />
    <TestEntry testId="29335311-3390-3a4e-3295-e7d01500b61d" executionId="6729bfee-8518-4da5-84bb-659e78db1690" testListId="8c84fa94-04c1-424b-9868-57a2d4851a1d" />
    <TestEntry testId="43a8ab94-a343-e6fd-9ae1-7ad0c6ee6431" executionId="1ce819a6-5ed9-4079-aa40-96d4f8495620" testListId="8c84fa94-04c1-424b-9868-57a2d4851a1d" />
    <TestEntry testId="0bf4b77c-c3da-f3e0-15d0-aa3788b09ed0" executionId="bd7f3c63-3c64-4464-897f-8855d72bf47d" testListId="8c84fa94-04c1-424b-9868-57a2d4851a1d" />
    <TestEntry testId="acd09137-eecd-d983-95fe-20aa284c3f97" executionId="095b45ff-951c-4e53-8bee-57041b4dd715" testListId="8c84fa94-04c1-424b-9868-57a2d4851a1d" />
    <TestEntry testId="fc8fcc54-cb31-3ea9-a932-697b630d3569" executionId="767910fb-945e-4ed8-867a-a80b2c865c29" testListId="8c84fa94-04c1-424b-9868-57a2d4851a1d" />
    <TestEntry testId="c57e7001-ae2f-cc3c-80aa-b60a735cb853" executionId="f05e12dc-3884-43ce-a2a6-c6a6d5178e19" testListId="8c84fa94-04c1-424b-9868-57a2d4851a1d" />
    <TestEntry testId="c2fcc150-05bf-fac8-cb5b-156769265741" executionId="0db32d22-6403-4d79-b4f1-2afd250c5489" testListId="8c84fa94-04c1-424b-9868-57a2d4851a1d" />
    <TestEntry testId="fc435e55-affb-80d4-72b8-f2b63414b911" executionId="4287b0ad-ade6-4818-9804-0e1e90020b4e" testListId="8c84fa94-04c1-424b-9868-57a2d4851a1d" />
    <TestEntry testId="541757e5-f479-f33d-0381-b6dbdace2afb" executionId="28356079-5f33-4b60-a4b2-9a76d4656140" testListId="8c84fa94-04c1-424b-9868-57a2d4851a1d" />
    <TestEntry testId="50ea2bcc-2c4a-f936-b10c-5e627f71076d" executionId="e430737b-151d-49cd-bfaa-0963a2c7fdd3" testListId="8c84fa94-04c1-424b-9868-57a2d4851a1d" />
    <TestEntry testId="8f7d9f64-63ea-bbc2-2cda-2de4bf0e8d28" executionId="5e6822b6-448e-460e-a82b-5165af887dd8" testListId="8c84fa94-04c1-424b-9868-57a2d4851a1d" />
    <TestEntry testId="3e7f7dc0-a481-a391-5e59-0a09ddfda429" executionId="64925fc5-f263-4dad-9d8f-ad8f7138fc45" testListId="8c84fa94-04c1-424b-9868-57a2d4851a1d" />
    <TestEntry testId="0f154440-ee39-dfa0-38c3-2b0334e011dd" executionId="342866f3-b2b4-4fb7-af1b-393797dfb37c" testListId="8c84fa94-04c1-424b-9868-57a2d4851a1d" />
    <TestEntry testId="5cbd1a54-5566-6c6a-e422-221bbd0a9b56" executionId="6a8c4b9d-a951-488a-98e4-d88a67cb3b8b" testListId="8c84fa94-04c1-424b-9868-57a2d4851a1d" />
    <TestEntry testId="9d3c6e40-46ef-8e8b-da94-d2afb05dab1a" executionId="5ff9695f-8392-4dc0-86f8-20ca9fef3c0d" testListId="8c84fa94-04c1-424b-9868-57a2d4851a1d" />
    <TestEntry testId="4fe91442-a364-ddf6-571a-0c1b0e5ac3fa" executionId="2461a2a8-f734-45d3-a8fa-754cb2c44d9c" testListId="8c84fa94-04c1-424b-9868-57a2d4851a1d" />
    <TestEntry testId="f9f74b79-cea9-65cc-b4bd-68b4ed9d0743" executionId="537eff2d-e242-48a3-b63c-7f78086f3c07" testListId="8c84fa94-04c1-424b-9868-57a2d4851a1d" />
    <TestEntry testId="f910ed82-0c15-5fc2-de25-f9ceba99a963" executionId="459a03c7-9826-4182-867f-73cbc51bf8f3" testListId="8c84fa94-04c1-424b-9868-57a2d4851a1d" />
    <TestEntry testId="7a7c5696-e868-4bc5-0840-551dde71b5f9" executionId="9dd7ef45-deb5-485b-a48f-b681eff5c21a" testListId="8c84fa94-04c1-424b-9868-57a2d4851a1d" />
    <TestEntry testId="ac0c8e8e-94ce-f433-7c74-70876edf6736" executionId="5dc9048e-d59c-4dbc-b82f-c822e26fe900" testListId="8c84fa94-04c1-424b-9868-57a2d4851a1d" />
    <TestEntry testId="04e3f1ac-8b40-ff41-8b94-5de43105a077" executionId="6c87bbd0-2b5c-4136-82f9-65fdb1d5f229" testListId="8c84fa94-04c1-424b-9868-57a2d4851a1d" />
    <TestEntry testId="e3518d76-f67f-2786-4eb3-a849256035ef" executionId="9b7b2bd6-4ade-41d2-9beb-0722c9539dd5" testListId="8c84fa94-04c1-424b-9868-57a2d4851a1d" />
    <TestEntry testId="289f0d26-9b3d-b24d-21a5-381b61257aa2" executionId="31306e79-b6e9-4d0c-ae8f-f42b394f3ba0" testListId="8c84fa94-04c1-424b-9868-57a2d4851a1d" />
    <TestEntry testId="1683c1a4-48ae-f0a9-f8fb-441cbed69b7e" executionId="ff2d8b38-58d6-49a5-b95a-5d7a65a86218" testListId="8c84fa94-04c1-424b-9868-57a2d4851a1d" />
    <TestEntry testId="6841efc3-9345-d314-75c2-427f114f051b" executionId="8515be21-6146-4dd3-841e-94964cc7ade8" testListId="8c84fa94-04c1-424b-9868-57a2d4851a1d" />
    <TestEntry testId="5a8675de-6b57-6a3b-e014-8c438f537aee" executionId="b9956e97-da7a-4226-90c5-80fcd1cf6c00" testListId="8c84fa94-04c1-424b-9868-57a2d4851a1d" />
    <TestEntry testId="e2ec08cf-67dd-78b0-72e9-2a2acf351ef6" executionId="b4241c66-adf9-48a2-a17f-0ffa588c4e49" testListId="8c84fa94-04c1-424b-9868-57a2d4851a1d" />
    <TestEntry testId="571d5971-1ee5-2e96-a2c2-f9965b0b3623" executionId="09da355c-a6f7-4183-bff8-084305063d72" testListId="8c84fa94-04c1-424b-9868-57a2d4851a1d" />
  </TestEntries>
  <TestLists>
    <TestList name="Results Not in a List" id="8c84fa94-04c1-424b-9868-57a2d4851a1d" />
    <TestList name="All Loaded Results" id="19431567-8539-422a-85d7-44ee4e166bda" />
  </TestLists>
  <ResultSummary outcome="Completed">
    <Counters total="100" executed="100" passed="100" failed="0" error="0" timeout="0" aborted="0" inconclusive="0" passedButRunAborted="0" notRunnable="0" notExecuted="0" disconnected="0" warning="0" completed="0" inProgress="0" pending="0" />
    <Output>
      <StdOut>[xUnit.net 00:00:00.00] xUnit.net VSTest Adapter v2.4.5+1caef2f33e (64-bit .NET Core 3.1.25)&#xD;
[xUnit.net 00:00:03.64]   Discovering: xUnitTestProject&#xD;
[xUnit.net 00:00:05.42]   Discovered:  xUnitTestProject&#xD;
[xUnit.net 00:00:05.46]   Starting:    xUnitTestProject&#xD;
[xUnit.net 00:00:05.58]   Finished:    xUnitTestProject&#xD;
</StdOut>
    </Output>
  </ResultSummary>
</TestRun>