<?xml version="1.0" encoding="utf-8"?>
<TestRun id="3648f820-54ed-4768-adc6-d2e002135d61" name="Dominik@DESKTOP-5URQ9PB 2022-06-13 20:53:21" runUser="DESKTOP-5URQ9PB\Dominik" xmlns="http://microsoft.com/schemas/VisualStudio/TeamTest/2010">
  <Times creation="2022-06-13T20:53:21.9897392+02:00" queuing="2022-06-13T20:53:21.9897394+02:00" start="2022-06-13T20:53:15.2498536+02:00" finish="2022-06-13T20:53:22.0684439+02:00" />
  <TestSettings name="default" id="ff16f4db-1b8f-4e76-bf4f-cbe00b6ea6a5">
    <Deployment runDeploymentRoot="Dominik_DESKTOP-5URQ9PB_2022-06-13_20_53_21" />
  </TestSettings>
  <Results>
    <UnitTestResult executionId="38d86b6d-df89-44ae-b084-691fce3bfcb3" testId="91415d54-575f-b471-1dc0-1631e68e02ab" testName="xUnitTestProject.CurrencyHelperTests.FormatToStringTest100(price: 1208.1827589441941, expected: &quot;1208.18 zł&quot;)" computerName="DESKTOP-5URQ9PB" duration="00:00:00.0000040" startTime="2022-06-13T20:53:21.9413495+02:00" endTime="2022-06-13T20:53:21.9413497+02:00" testType="13cdc9d9-ddb5-4fa4-a97d-d965ccfc6d4b" outcome="Passed" testListId="8c84fa94-04c1-424b-9868-57a2d4851a1d" relativeResultsDirectory="38d86b6d-df89-44ae-b084-691fce3bfcb3" />
    <UnitTestResult executionId="2a39e39d-c5af-4aca-aba6-3a6369573cfe" testId="29335311-3390-3a4e-3295-e7d01500b61d" testName="xUnitTestProject.CurrencyHelperTests.FormatToStringTest100(price: 74514.06270644537, expected: &quot;74514.06 zł&quot;)" computerName="DESKTOP-5URQ9PB" duration="00:00:00.0000040" startTime="2022-06-13T20:53:21.9313282+02:00" endTime="2022-06-13T20:53:21.9313284+02:00" testType="13cdc9d9-ddb5-4fa4-a97d-d965ccfc6d4b" outcome="Passed" testListId="8c84fa94-04c1-424b-9868-57a2d4851a1d" relativeResultsDirectory="2a39e39d-c5af-4aca-aba6-3a6369573cfe" />
    <UnitTestResult executionId="a8d9f121-bc35-4175-a950-2a4483457460" testId="111c79ee-d703-225b-8314-e9f7cfa3d20e" testName="xUnitTestProject.CurrencyHelperTests.FormatToStringTest100(price: 27893.312729890138, expected: &quot;27893.31 zł&quot;)" computerName="DESKTOP-5URQ9PB" duration="00:00:00.0000038" startTime="2022-06-13T20:53:21.9390657+02:00" endTime="2022-06-13T20:53:21.9390663+02:00" testType="13cdc9d9-ddb5-4fa4-a97d-d965ccfc6d4b" outcome="Passed" testListId="8c84fa94-04c1-424b-9868-57a2d4851a1d" relativeResultsDirectory="a8d9f121-bc35-4175-a950-2a4483457460" />
    <UnitTestResult executionId="66f1af39-b401-48db-bf5b-5d669b979d2c" testId="50d69e8d-3a93-b655-2f18-638fbff5feb9" testName="xUnitTestProject.CurrencyHelperTests.FormatToStringTest100(price: 6864.093052674129, expected: &quot;6864.09 zł&quot;)" computerName="DESKTOP-5URQ9PB" duration="00:00:00.0000041" startTime="2022-06-13T20:53:21.9391985+02:00" endTime="2022-06-13T20:53:21.9391986+02:00" testType="13cdc9d9-ddb5-4fa4-a97d-d965ccfc6d4b" outcome="Passed" testListId="8c84fa94-04c1-424b-9868-57a2d4851a1d" relativeResultsDirectory="66f1af39-b401-48db-bf5b-5d669b979d2c" />
    <UnitTestResult executionId="27283cba-82e3-4d58-a1e0-ae3a0a0c7d08" testId="d48c6551-b0f6-c3d7-de17-2c1671fe95a2" testName="xUnitTestProject.CurrencyHelperTests.FormatToStringTest100(price: 8768.816937361293, expected: &quot;8768.82 zł&quot;)" computerName="DESKTOP-5URQ9PB" duration="00:00:00.0000043" startTime="2022-06-13T20:53:21.9477913+02:00" endTime="2022-06-13T20:53:21.9477914+02:00" testType="13cdc9d9-ddb5-4fa4-a97d-d965ccfc6d4b" outcome="Passed" testListId="8c84fa94-04c1-424b-9868-57a2d4851a1d" relativeResultsDirectory="27283cba-82e3-4d58-a1e0-ae3a0a0c7d08" />
    <UnitTestResult executionId="9236355c-440f-4498-94c0-6375b0cfcfdc" testId="f9cb3c10-b6dc-401f-48ca-7381182b493b" testName="xUnitTestProject.CurrencyHelperTests.FormatToStringTest100(price: 3521.3657738167635, expected: &quot;3521.37 zł&quot;)" computerName="DESKTOP-5URQ9PB" duration="00:00:00.0000043" startTime="2022-06-13T20:53:21.9420610+02:00" endTime="2022-06-13T20:53:21.9420613+02:00" testType="13cdc9d9-ddb5-4fa4-a97d-d965ccfc6d4b" outcome="Passed" testListId="8c84fa94-04c1-424b-9868-57a2d4851a1d" relativeResultsDirectory="9236355c-440f-4498-94c0-6375b0cfcfdc" />
    <UnitTestResult executionId="1cfa5e4f-04a7-4eb8-aae5-9efaa017bec0" testId="7c8e7438-e86b-d1a6-214d-a8d6be86bec7" testName="xUnitTestProject.CurrencyHelperTests.FormatToStringTest100(price: 77904.0088552246, expected: &quot;77904.01 zł&quot;)" computerName="DESKTOP-5URQ9PB" duration="00:00:00.0000043" startTime="2022-06-13T20:53:21.9392585+02:00" endTime="2022-06-13T20:53:21.9392587+02:00" testType="13cdc9d9-ddb5-4fa4-a97d-d965ccfc6d4b" outcome="Passed" testListId="8c84fa94-04c1-424b-9868-57a2d4851a1d" relativeResultsDirectory="1cfa5e4f-04a7-4eb8-aae5-9efaa017bec0" />
    <UnitTestResult executionId="b77c58e7-ed7d-4cdc-a1e4-992b6c8fc1ca" testId="8b4e8664-15ff-c81e-db88-693c6ea7ece0" testName="xUnitTestProject.CurrencyHelperTests.FormatToStringTest100(price: 22291.653251342315, expected: &quot;22291.65 zł&quot;)" computerName="DESKTOP-5URQ9PB" duration="00:00:00.0000038" startTime="2022-06-13T20:53:21.9422734+02:00" endTime="2022-06-13T20:53:21.9422736+02:00" testType="13cdc9d9-ddb5-4fa4-a97d-d965ccfc6d4b" outcome="Passed" testListId="8c84fa94-04c1-424b-9868-57a2d4851a1d" relativeResultsDirectory="b77c58e7-ed7d-4cdc-a1e4-992b6c8fc1ca" />
    <UnitTestResult executionId="13278b6d-f295-4c6c-bcf1-d23fe4baa601" testId="010637aa-f4d9-9bdc-374f-aa35642ade2f" testName="xUnitTestProject.CurrencyHelperTests.FormatToStringTest100(price: 69864.17463991146, expected: &quot;69864.17 zł&quot;)" computerName="DESKTOP-5URQ9PB" duration="00:00:00.0000045" startTime="2022-06-13T20:53:21.9411707+02:00" endTime="2022-06-13T20:53:21.9411709+02:00" testType="13cdc9d9-ddb5-4fa4-a97d-d965ccfc6d4b" outcome="Passed" testListId="8c84fa94-04c1-424b-9868-57a2d4851a1d" relativeResultsDirectory="13278b6d-f295-4c6c-bcf1-d23fe4baa601" />
    <UnitTestResult executionId="de24ba17-2517-4819-933b-529f42368c53" testId="4c412e3e-e553-0928-365f-424e47169018" testName="xUnitTestProject.CurrencyHelperTests.FormatToStringTest100(price: 9816.961298880615, expected: &quot;9816.96 zł&quot;)" computerName="DESKTOP-5URQ9PB" duration="00:00:00.0000041" startTime="2022-06-13T20:53:21.9467848+02:00" endTime="2022-06-13T20:53:21.9467850+02:00" testType="13cdc9d9-ddb5-4fa4-a97d-d965ccfc6d4b" outcome="Passed" testListId="8c84fa94-04c1-424b-9868-57a2d4851a1d" relativeResultsDirectory="de24ba17-2517-4819-933b-529f42368c53" />
    <UnitTestResult executionId="5e8dcbab-e576-47ae-80fb-38e83f48d4d6" testId="4b242f0c-9170-3330-c57e-f3c12dfe43da" testName="xUnitTestProject.CurrencyHelperTests.FormatToStringTest100(price: 28502.61128259758, expected: &quot;28502.61 zł&quot;)" computerName="DESKTOP-5URQ9PB" duration="00:00:00.0000071" startTime="2022-06-13T20:53:21.9487934+02:00" endTime="2022-06-13T20:53:21.9487936+02:00" testType="13cdc9d9-ddb5-4fa4-a97d-d965ccfc6d4b" outcome="Passed" testListId="8c84fa94-04c1-424b-9868-57a2d4851a1d" relativeResultsDirectory="5e8dcbab-e576-47ae-80fb-38e83f48d4d6" />
    <UnitTestResult executionId="a9f6ec69-0d05-4f30-8cd9-85d6cd0c7e99" testId="c05fb9c5-7f95-15f9-16c2-7f5bfc2c47e7" testName="xUnitTestProject.CurrencyHelperTests.FormatToStringTest100(price: 78822.37212685234, expected: &quot;78822.37 zł&quot;)" computerName="DESKTOP-5URQ9PB" duration="00:00:00.0000041" startTime="2022-06-13T20:53:21.9450805+02:00" endTime="2022-06-13T20:53:21.9450807+02:00" testType="13cdc9d9-ddb5-4fa4-a97d-d965ccfc6d4b" outcome="Passed" testListId="8c84fa94-04c1-424b-9868-57a2d4851a1d" relativeResultsDirectory="a9f6ec69-0d05-4f30-8cd9-85d6cd0c7e99" />
    <UnitTestResult executionId="bd0020ff-d641-4fa5-9d7a-c3594c425102" testId="dafd8801-e3be-22df-9fa5-764356cf2ca4" testName="xUnitTestProject.CurrencyHelperTests.FormatToStringTest100(price: 16383.352881839199, expected: &quot;16383.35 zł&quot;)" computerName="DESKTOP-5URQ9PB" duration="00:00:00.0000044" startTime="2022-06-13T20:53:21.9423027+02:00" endTime="2022-06-13T20:53:21.9423029+02:00" testType="13cdc9d9-ddb5-4fa4-a97d-d965ccfc6d4b" outcome="Passed" testListId="8c84fa94-04c1-424b-9868-57a2d4851a1d" relativeResultsDirectory="bd0020ff-d641-4fa5-9d7a-c3594c425102" />
    <UnitTestResult executionId="16c2a8a2-7763-4393-8822-4374ae162558" testId="f1fba880-f684-09f7-700f-be107cba176b" testName="xUnitTestProject.CurrencyHelperTests.FormatToStringTest100(price: 67338.80028760935, expected: &quot;67338.80 zł&quot;)" computerName="DESKTOP-5URQ9PB" duration="00:00:00.0000064" startTime="2022-06-13T20:53:21.9469039+02:00" endTime="2022-06-13T20:53:21.9469040+02:00" testType="13cdc9d9-ddb5-4fa4-a97d-d965ccfc6d4b" outcome="Passed" testListId="8c84fa94-04c1-424b-9868-57a2d4851a1d" relativeResultsDirectory="16c2a8a2-7763-4393-8822-4374ae162558" />
    <UnitTestResult executionId="5f4ca653-abf1-49b0-baa2-32f3a259e0b4" testId="0bf4b77c-c3da-f3e0-15d0-aa3788b09ed0" testName="xUnitTestProject.CurrencyHelperTests.FormatToStringTest100(price: 17953.338243749615, expected: &quot;17953.34 zł&quot;)" computerName="DESKTOP-5URQ9PB" duration="00:00:00.0000075" startTime="2022-06-13T20:53:21.9459629+02:00" endTime="2022-06-13T20:53:21.9459630+02:00" testType="13cdc9d9-ddb5-4fa4-a97d-d965ccfc6d4b" outcome="Passed" testListId="8c84fa94-04c1-424b-9868-57a2d4851a1d" relativeResultsDirectory="5f4ca653-abf1-49b0-baa2-32f3a259e0b4" />
    <UnitTestResult executionId="cafb2e05-8a45-4dea-8769-bd4c577deb6f" testId="8a266f5a-be21-44b9-cc46-2634e151c33b" testName="xUnitTestProject.CurrencyHelperTests.FormatToStringTest100(price: 32632.105531036905, expected: &quot;32632.11 zł&quot;)" computerName="DESKTOP-5URQ9PB" duration="00:00:00.0000041" startTime="2022-06-13T20:53:21.9411400+02:00" endTime="2022-06-13T20:53:21.9411402+02:00" testType="13cdc9d9-ddb5-4fa4-a97d-d965ccfc6d4b" outcome="Passed" testListId="8c84fa94-04c1-424b-9868-57a2d4851a1d" relativeResultsDirectory="cafb2e05-8a45-4dea-8769-bd4c577deb6f" />
    <UnitTestResult executionId="9e1042d0-8809-480f-8320-457809ff14d2" testId="649e78c8-4417-17eb-ca16-441525722fe8" testName="xUnitTestProject.CurrencyHelperTests.FormatToStringTest100(price: 50339.31259969497, expected: &quot;50339.31 zł&quot;)" computerName="DESKTOP-5URQ9PB" duration="00:00:00.0000068" startTime="2022-06-13T20:53:21.9478214+02:00" endTime="2022-06-13T20:53:21.9478215+02:00" testType="13cdc9d9-ddb5-4fa4-a97d-d965ccfc6d4b" outcome="Passed" testListId="8c84fa94-04c1-424b-9868-57a2d4851a1d" relativeResultsDirectory="9e1042d0-8809-480f-8320-457809ff14d2" />
    <UnitTestResult executionId="c73c7e0b-a9ab-40d6-83ea-db33b18d9fd5" testId="da9a7d7d-29a1-93da-fc82-1718f2a3582d" testName="xUnitTestProject.CurrencyHelperTests.FormatToStringTest100(price: 52020.805412759444, expected: &quot;52020.81 zł&quot;)" computerName="DESKTOP-5URQ9PB" duration="00:00:00.0000065" startTime="2022-06-13T20:53:21.9487031+02:00" endTime="2022-06-13T20:53:21.9487032+02:00" testType="13cdc9d9-ddb5-4fa4-a97d-d965ccfc6d4b" outcome="Passed" testListId="8c84fa94-04c1-424b-9868-57a2d4851a1d" relativeResultsDirectory="c73c7e0b-a9ab-40d6-83ea-db33b18d9fd5" />
    <UnitTestResult executionId="65e22dd7-ebf1-4b49-a029-23a22ec19839" testId="266d715f-e5d3-df86-ea76-d35ef7b9d7e0" testName="xUnitTestProject.CurrencyHelperTests.FormatToStringTest100(price: 45603.90324273142, expected: &quot;45603.90 zł&quot;)" computerName="DESKTOP-5URQ9PB" duration="00:00:00.0000066" startTime="2022-06-13T20:53:21.9431846+02:00" endTime="2022-06-13T20:53:21.9431848+02:00" testType="13cdc9d9-ddb5-4fa4-a97d-d965ccfc6d4b" outcome="Passed" testListId="8c84fa94-04c1-424b-9868-57a2d4851a1d" relativeResultsDirectory="65e22dd7-ebf1-4b49-a029-23a22ec19839" />
    <UnitTestResult executionId="f0e5e369-e0ea-4611-9e04-7c3f3b719ac0" testId="bc595dee-6f3e-e241-694d-ba68ac66ab16" testName="xUnitTestProject.CurrencyHelperTests.FormatToStringTest100(price: 1108.7197928823157, expected: &quot;1108.72 zł&quot;)" computerName="DESKTOP-5URQ9PB" duration="00:00:00.0000041" startTime="2022-06-13T20:53:21.9458102+02:00" endTime="2022-06-13T20:53:21.9458106+02:00" testType="13cdc9d9-ddb5-4fa4-a97d-d965ccfc6d4b" outcome="Passed" testListId="8c84fa94-04c1-424b-9868-57a2d4851a1d" relativeResultsDirectory="f0e5e369-e0ea-4611-9e04-7c3f3b719ac0" />
    <UnitTestResult executionId="65d53a7b-cef2-48e5-870a-6f8855fdaf55" testId="d47953b3-b855-d065-3ee0-ac12db86be39" testName="xUnitTestProject.CurrencyHelperTests.FormatToStringTest100(price: 35784.54232617307, expected: &quot;35784.54 zł&quot;)" computerName="DESKTOP-5URQ9PB" duration="00:00:00.0000083" startTime="2022-06-13T20:53:21.9448702+02:00" endTime="2022-06-13T20:53:21.9448704+02:00" testType="13cdc9d9-ddb5-4fa4-a97d-d965ccfc6d4b" outcome="Passed" testListId="8c84fa94-04c1-424b-9868-57a2d4851a1d" relativeResultsDirectory="65d53a7b-cef2-48e5-870a-6f8855fdaf55" />
    <UnitTestResult executionId="c3604470-f1bd-4799-8ba6-35f2abaaa659" testId="1dbb93f2-1030-009d-6521-2ea9595c26a6" testName="xUnitTestProject.CurrencyHelperTests.FormatToStringTest100(price: 19541.10539777116, expected: &quot;19541.11 zł&quot;)" computerName="DESKTOP-5URQ9PB" duration="00:00:00.0000041" startTime="2022-06-13T20:53:21.9450515+02:00" endTime="2022-06-13T20:53:21.9450516+02:00" testType="13cdc9d9-ddb5-4fa4-a97d-d965ccfc6d4b" outcome="Passed" testListId="8c84fa94-04c1-424b-9868-57a2d4851a1d" relativeResultsDirectory="c3604470-f1bd-4799-8ba6-35f2abaaa659" />
    <UnitTestResult executionId="346c1a20-ab19-4275-b3b8-9b8bc24e0fe1" testId="d073a14a-1a05-55ae-e697-84b172175337" testName="xUnitTestProject.CurrencyHelperTests.FormatToStringTest100(price: 52810.91713865516, expected: &quot;52810.92 zł&quot;)" computerName="DESKTOP-5URQ9PB" duration="00:00:00.0000045" startTime="2022-06-13T20:53:21.9449337+02:00" endTime="2022-06-13T20:53:21.9449339+02:00" testType="13cdc9d9-ddb5-4fa4-a97d-d965ccfc6d4b" outcome="Passed" testListId="8c84fa94-04c1-424b-9868-57a2d4851a1d" relativeResultsDirectory="346c1a20-ab19-4275-b3b8-9b8bc24e0fe1" />
    <UnitTestResult executionId="81ad6538-dca2-4c62-9bf9-c6e09dd1cb07" testId="fb2ea2cb-613f-cbc7-6fc7-7097106fa76f" testName="xUnitTestProject.CurrencyHelperTests.FormatToStringTest100(price: 28072.424637532058, expected: &quot;28072.42 zł&quot;)" computerName="DESKTOP-5URQ9PB" duration="00:00:00.0000040" startTime="2022-06-13T20:53:21.9431555+02:00" endTime="2022-06-13T20:53:21.9431556+02:00" testType="13cdc9d9-ddb5-4fa4-a97d-d965ccfc6d4b" outcome="Passed" testListId="8c84fa94-04c1-424b-9868-57a2d4851a1d" relativeResultsDirectory="81ad6538-dca2-4c62-9bf9-c6e09dd1cb07" />
    <UnitTestResult executionId="b87fa2c5-e038-42b1-96f8-f01ea7b26ef7" testId="571d5971-1ee5-2e96-a2c2-f9965b0b3623" testName="xUnitTestProject.CurrencyHelperTests.FormatToStringTest100(price: 7594.279030504766, expected: &quot;7594.28 zł&quot;)" computerName="DESKTOP-5URQ9PB" duration="00:00:00.0000040" startTime="2022-06-13T20:53:21.9477261+02:00" endTime="2022-06-13T20:53:21.9477265+02:00" testType="13cdc9d9-ddb5-4fa4-a97d-d965ccfc6d4b" outcome="Passed" testListId="8c84fa94-04c1-424b-9868-57a2d4851a1d" relativeResultsDirectory="b87fa2c5-e038-42b1-96f8-f01ea7b26ef7" />
    <UnitTestResult executionId="21e61666-c31f-4df5-80c4-d1cd761497e9" testId="14bf6b28-24d9-64d3-e241-ed045f113c3f" testName="xUnitTestProject.CurrencyHelperTests.FormatToStringTest100(price: 16986.338876065027, expected: &quot;16986.34 zł&quot;)" computerName="DESKTOP-5URQ9PB" duration="00:00:00.0000041" startTime="2022-06-13T20:53:21.9392290+02:00" endTime="2022-06-13T20:53:21.9392292+02:00" testType="13cdc9d9-ddb5-4fa4-a97d-d965ccfc6d4b" outcome="Passed" testListId="8c84fa94-04c1-424b-9868-57a2d4851a1d" relativeResultsDirectory="21e61666-c31f-4df5-80c4-d1cd761497e9" />
    <UnitTestResult executionId="ce84c19a-da90-4616-be43-9c52feaf4f65" testId="e3518d76-f67f-2786-4eb3-a849256035ef" testName="xUnitTestProject.CurrencyHelperTests.FormatToStringTest100(price: 58848.60825001477, expected: &quot;58848.61 zł&quot;)" computerName="DESKTOP-5URQ9PB" duration="00:00:00.0000039" startTime="2022-06-13T20:53:21.9451100+02:00" endTime="2022-06-13T20:53:21.9451101+02:00" testType="13cdc9d9-ddb5-4fa4-a97d-d965ccfc6d4b" outcome="Passed" testListId="8c84fa94-04c1-424b-9868-57a2d4851a1d" relativeResultsDirectory="ce84c19a-da90-4616-be43-9c52feaf4f65" />
    <UnitTestResult executionId="478f1de4-c869-4f90-a6e4-d56a4596638a" testId="77be9760-e130-8956-fbc4-11e64213b336" testName="xUnitTestProject.CurrencyHelperTests.FormatToStringTest100(price: 14237.13226245955, expected: &quot;14237.13 zł&quot;)" computerName="DESKTOP-5URQ9PB" duration="00:00:00.0000041" startTime="2022-06-13T20:53:21.9449929+02:00" endTime="2022-06-13T20:53:21.9449931+02:00" testType="13cdc9d9-ddb5-4fa4-a97d-d965ccfc6d4b" outcome="Passed" testListId="8c84fa94-04c1-424b-9868-57a2d4851a1d" relativeResultsDirectory="478f1de4-c869-4f90-a6e4-d56a4596638a" />
    <UnitTestResult executionId="6954d139-4be3-4d36-9c3b-266eef8736c2" testId="ff59583d-5ce7-46c9-0e7b-54c700821ca2" testName="xUnitTestProject.CurrencyHelperTests.FormatToStringTest100(price: 14172.682747822573, expected: &quot;14172.68 zł&quot;)" computerName="DESKTOP-5URQ9PB" duration="00:00:00.0000040" startTime="2022-06-13T20:53:21.9496074+02:00" endTime="2022-06-13T20:53:21.9496077+02:00" testType="13cdc9d9-ddb5-4fa4-a97d-d965ccfc6d4b" outcome="Passed" testListId="8c84fa94-04c1-424b-9868-57a2d4851a1d" relativeResultsDirectory="6954d139-4be3-4d36-9c3b-266eef8736c2" />
    <UnitTestResult executionId="26f991b5-9878-4717-b661-76ccef260edb" testId="abbe5506-3b8c-ed2b-2408-42de70c236b9" testName="xUnitTestProject.CurrencyHelperTests.FormatToStringTest100(price: 40857.08543233996, expected: &quot;40857.09 zł&quot;)" computerName="DESKTOP-5URQ9PB" duration="00:00:00.0028216" startTime="2022-06-13T20:53:21.9271565+02:00" endTime="2022-06-13T20:53:21.9272223+02:00" testType="13cdc9d9-ddb5-4fa4-a97d-d965ccfc6d4b" outcome="Passed" testListId="8c84fa94-04c1-424b-9868-57a2d4851a1d" relativeResultsDirectory="26f991b5-9878-4717-b661-76ccef260edb" />
    <UnitTestResult executionId="4e32fbaf-08fc-469c-a8e7-a7ff94e435a3" testId="e6f2d423-ca40-ed8a-1d2e-2b1354a1f4e9" testName="xUnitTestProject.CurrencyHelperTests.FormatToStringTest100(price: 66019.32414194118, expected: &quot;66019.32 zł&quot;)" computerName="DESKTOP-5URQ9PB" duration="00:00:00.0000039" startTime="2022-06-13T20:53:21.9468744+02:00" endTime="2022-06-13T20:53:21.9468746+02:00" testType="13cdc9d9-ddb5-4fa4-a97d-d965ccfc6d4b" outcome="Passed" testListId="8c84fa94-04c1-424b-9868-57a2d4851a1d" relativeResultsDirectory="4e32fbaf-08fc-469c-a8e7-a7ff94e435a3" />
    <UnitTestResult executionId="306f5dae-3b10-4564-8089-1401b61130ee" testId="6841efc3-9345-d314-75c2-427f114f051b" testName="xUnitTestProject.CurrencyHelperTests.FormatToStringTest100(price: 31290.71396233687, expected: &quot;31290.71 zł&quot;)" computerName="DESKTOP-5URQ9PB" duration="00:00:00.0000040" startTime="2022-06-13T20:53:21.9391062+02:00" endTime="2022-06-13T20:53:21.9391064+02:00" testType="13cdc9d9-ddb5-4fa4-a97d-d965ccfc6d4b" outcome="Passed" testListId="8c84fa94-04c1-424b-9868-57a2d4851a1d" relativeResultsDirectory="306f5dae-3b10-4564-8089-1401b61130ee" />
    <UnitTestResult executionId="846a3513-6386-4d9c-89e6-3aaa9a5b570c" testId="9fa54161-392b-187a-1e6d-1b04f9e216c3" testName="xUnitTestProject.CurrencyHelperTests.FormatToStringTest100(price: 1300.9430775404642, expected: &quot;1300.94 zł&quot;)" computerName="DESKTOP-5URQ9PB" duration="00:00:00.0000045" startTime="2022-06-13T20:53:21.9440603+02:00" endTime="2022-06-13T20:53:21.9440605+02:00" testType="13cdc9d9-ddb5-4fa4-a97d-d965ccfc6d4b" outcome="Passed" testListId="8c84fa94-04c1-424b-9868-57a2d4851a1d" relativeResultsDirectory="846a3513-6386-4d9c-89e6-3aaa9a5b570c" />
    <UnitTestResult executionId="193c9e10-773b-4186-9aae-8c1906b7c344" testId="acd09137-eecd-d983-95fe-20aa284c3f97" testName="xUnitTestProject.CurrencyHelperTests.FormatToStringTest100(price: 96.75594581512546, expected: &quot;96.76 zł&quot;)" computerName="DESKTOP-5URQ9PB" duration="00:00:00.0000041" startTime="2022-06-13T20:53:21.9460218+02:00" endTime="2022-06-13T20:53:21.9460219+02:00" testType="13cdc9d9-ddb5-4fa4-a97d-d965ccfc6d4b" outcome="Passed" testListId="8c84fa94-04c1-424b-9868-57a2d4851a1d" relativeResultsDirectory="193c9e10-773b-4186-9aae-8c1906b7c344" />
    <UnitTestResult executionId="8a36d410-3b5f-4f8a-9c00-82633a3bef1f" testId="3ac7c8db-6027-14d9-863b-5141742cb318" testName="xUnitTestProject.CurrencyHelperTests.FormatToStringTest100(price: 159.83786031922224, expected: &quot;159.84 zł&quot;)" computerName="DESKTOP-5URQ9PB" duration="00:00:00.0000049" startTime="2022-06-13T20:53:21.9312692+02:00" endTime="2022-06-13T20:53:21.9312693+02:00" testType="13cdc9d9-ddb5-4fa4-a97d-d965ccfc6d4b" outcome="Passed" testListId="8c84fa94-04c1-424b-9868-57a2d4851a1d" relativeResultsDirectory="8a36d410-3b5f-4f8a-9c00-82633a3bef1f" />
    <UnitTestResult executionId="e975ceb1-ab09-4357-9bdc-fc7c7f7d2c78" testId="081370ca-48f4-57e4-cbf0-362048ef7fc7" testName="xUnitTestProject.CurrencyHelperTests.FormatToStringTest100(price: 468.83385119346616, expected: &quot;468.83 zł&quot;)" computerName="DESKTOP-5URQ9PB" duration="00:00:00.0000082" startTime="2022-06-13T20:53:21.9458444+02:00" endTime="2022-06-13T20:53:21.9458445+02:00" testType="13cdc9d9-ddb5-4fa4-a97d-d965ccfc6d4b" outcome="Passed" testListId="8c84fa94-04c1-424b-9868-57a2d4851a1d" relativeResultsDirectory="e975ceb1-ab09-4357-9bdc-fc7c7f7d2c78" />
    <UnitTestResult executionId="90ca5440-1d4c-47de-8fb0-f9a636c478aa" testId="8f7d9f64-63ea-bbc2-2cda-2de4bf0e8d28" testName="xUnitTestProject.CurrencyHelperTests.FormatToStringTest100(price: 918.1842976688334, expected: &quot;918.18 zł&quot;)" computerName="DESKTOP-5URQ9PB" duration="00:00:00.0000043" startTime="2022-06-13T20:53:21.9313574+02:00" endTime="2022-06-13T20:53:21.9313576+02:00" testType="13cdc9d9-ddb5-4fa4-a97d-d965ccfc6d4b" outcome="Passed" testListId="8c84fa94-04c1-424b-9868-57a2d4851a1d" relativeResultsDirectory="90ca5440-1d4c-47de-8fb0-f9a636c478aa" />
    <UnitTestResult executionId="165dcb90-c8c5-4810-b601-80abad1025fc" testId="f910ed82-0c15-5fc2-de25-f9ceba99a963" testName="xUnitTestProject.CurrencyHelperTests.FormatToStringTest100(price: 7124.979180760672, expected: &quot;7124.98 zł&quot;)" computerName="DESKTOP-5URQ9PB" duration="00:00:00.0000040" startTime="2022-06-13T20:53:21.9459332+02:00" endTime="2022-06-13T20:53:21.9459334+02:00" testType="13cdc9d9-ddb5-4fa4-a97d-d965ccfc6d4b" outcome="Passed" testListId="8c84fa94-04c1-424b-9868-57a2d4851a1d" relativeResultsDirectory="165dcb90-c8c5-4810-b601-80abad1025fc" />
    <UnitTestResult executionId="d5a55e0e-56e1-458f-a7d8-a3163392a8e6" testId="b611b239-b1eb-9204-e0e7-5dd83b648e27" testName="xUnitTestProject.CurrencyHelperTests.FormatToStringTest100(price: 79973.08417819678, expected: &quot;79973.08 zł&quot;)" computerName="DESKTOP-5URQ9PB" duration="00:00:00.0000074" startTime="2022-06-13T20:53:21.9460511+02:00" endTime="2022-06-13T20:53:21.9460513+02:00" testType="13cdc9d9-ddb5-4fa4-a97d-d965ccfc6d4b" outcome="Passed" testListId="8c84fa94-04c1-424b-9868-57a2d4851a1d" relativeResultsDirectory="d5a55e0e-56e1-458f-a7d8-a3163392a8e6" />
    <UnitTestResult executionId="2bb7345e-5271-4079-8afa-901007b5510a" testId="bee9f8c6-2947-a818-585e-f32a0181ed37" testName="xUnitTestProject.CurrencyHelperTests.FormatToStringTest100(price: 38640.62766693003, expected: &quot;38640.63 zł&quot;)" computerName="DESKTOP-5URQ9PB" duration="00:00:00.0000041" startTime="2022-06-13T20:53:21.9432440+02:00" endTime="2022-06-13T20:53:21.9432442+02:00" testType="13cdc9d9-ddb5-4fa4-a97d-d965ccfc6d4b" outcome="Passed" testListId="8c84fa94-04c1-424b-9868-57a2d4851a1d" relativeResultsDirectory="2bb7345e-5271-4079-8afa-901007b5510a" />
    <UnitTestResult executionId="4be1555f-577b-4f75-b847-dcd1556a744c" testId="ece080b6-35d5-52f6-4ff2-f79908c52d78" testName="xUnitTestProject.CurrencyHelperTests.FormatToStringTest100(price: 7458.609645228652, expected: &quot;7458.61 zł&quot;)" computerName="DESKTOP-5URQ9PB" duration="00:00:00.0000045" startTime="2022-06-13T20:53:21.9441196+02:00" endTime="2022-06-13T20:53:21.9441197+02:00" testType="13cdc9d9-ddb5-4fa4-a97d-d965ccfc6d4b" outcome="Passed" testListId="8c84fa94-04c1-424b-9868-57a2d4851a1d" relativeResultsDirectory="4be1555f-577b-4f75-b847-dcd1556a744c" />
    <UnitTestResult executionId="c6ec2893-9ae6-4a8a-a64f-44ef47dfd192" testId="04e3f1ac-8b40-ff41-8b94-5de43105a077" testName="xUnitTestProject.CurrencyHelperTests.FormatToStringTest100(price: 70771.4436677524, expected: &quot;70771.44 zł&quot;)" computerName="DESKTOP-5URQ9PB" duration="00:00:00.0000041" startTime="2022-06-13T20:53:21.9468155+02:00" endTime="2022-06-13T20:53:21.9468156+02:00" testType="13cdc9d9-ddb5-4fa4-a97d-d965ccfc6d4b" outcome="Passed" testListId="8c84fa94-04c1-424b-9868-57a2d4851a1d" relativeResultsDirectory="c6ec2893-9ae6-4a8a-a64f-44ef47dfd192" />
    <UnitTestResult executionId="f3939717-87ab-43ef-9b70-f89abdbf93fe" testId="2c0a47e8-8ee6-29b4-babb-5a689a07f007" testName="xUnitTestProject.CurrencyHelperTests.FormatToStringTest100(price: 15639.704937780603, expected: &quot;15639.70 zł&quot;)" computerName="DESKTOP-5URQ9PB" duration="00:00:00.0000071" startTime="2022-06-13T20:53:21.9479102+02:00" endTime="2022-06-13T20:53:21.9479104+02:00" testType="13cdc9d9-ddb5-4fa4-a97d-d965ccfc6d4b" outcome="Passed" testListId="8c84fa94-04c1-424b-9868-57a2d4851a1d" relativeResultsDirectory="f3939717-87ab-43ef-9b70-f89abdbf93fe" />
    <UnitTestResult executionId="4657fc17-a9b8-48a4-a304-cbe9abf3cc40" testId="c154671c-e246-3280-5d80-165aa2ed0fd0" testName="xUnitTestProject.CurrencyHelperTests.FormatToStringTest100(price: 35145.379208063416, expected: &quot;35145.38 zł&quot;)" computerName="DESKTOP-5URQ9PB" duration="00:00:00.0000041" startTime="2022-06-13T20:53:21.9487335+02:00" endTime="2022-06-13T20:53:21.9487337+02:00" testType="13cdc9d9-ddb5-4fa4-a97d-d965ccfc6d4b" outcome="Passed" testListId="8c84fa94-04c1-424b-9868-57a2d4851a1d" relativeResultsDirectory="4657fc17-a9b8-48a4-a304-cbe9abf3cc40" />
    <UnitTestResult executionId="7da0f3cc-07a3-4051-bbb9-d66a5b0bf61c" testId="1813aa2f-eab9-0da1-9d79-9ec562fcf340" testName="xUnitTestProject.CurrencyHelperTests.FormatToStringTest100(price: 22604.838218828587, expected: &quot;22604.84 zł&quot;)" computerName="DESKTOP-5URQ9PB" duration="00:00:00.0000040" startTime="2022-06-13T20:53:21.9488230+02:00" endTime="2022-06-13T20:53:21.9488232+02:00" testType="13cdc9d9-ddb5-4fa4-a97d-d965ccfc6d4b" outcome="Passed" testListId="8c84fa94-04c1-424b-9868-57a2d4851a1d" relativeResultsDirectory="7da0f3cc-07a3-4051-bbb9-d66a5b0bf61c" />
    <UnitTestResult executionId="ed63dc70-a399-409a-a4df-474b6391f835" testId="50ea2bcc-2c4a-f936-b10c-5e627f71076d" testName="xUnitTestProject.CurrencyHelperTests.FormatToStringTest100(price: 6890.028458985514, expected: &quot;6890.03 zł&quot;)" computerName="DESKTOP-5URQ9PB" duration="00:00:00.0000045" startTime="2022-06-13T20:53:21.9439705+02:00" endTime="2022-06-13T20:53:21.9439707+02:00" testType="13cdc9d9-ddb5-4fa4-a97d-d965ccfc6d4b" outcome="Passed" testListId="8c84fa94-04c1-424b-9868-57a2d4851a1d" relativeResultsDirectory="ed63dc70-a399-409a-a4df-474b6391f835" />
    <UnitTestResult executionId="c7be01d4-74d7-41e5-8f29-2906b0506d85" testId="3bb4baee-0ac4-fa1e-e791-31ce6ef2b58b" testName="xUnitTestProject.CurrencyHelperTests.FormatToStringTest100(price: 28192.949128067565, expected: &quot;28192.95 zł&quot;)" computerName="DESKTOP-5URQ9PB" duration="00:00:00.0000052" startTime="2022-06-13T20:53:21.9469626+02:00" endTime="2022-06-13T20:53:21.9469627+02:00" testType="13cdc9d9-ddb5-4fa4-a97d-d965ccfc6d4b" outcome="Passed" testListId="8c84fa94-04c1-424b-9868-57a2d4851a1d" relativeResultsDirectory="c7be01d4-74d7-41e5-8f29-2906b0506d85" />
    <UnitTestResult executionId="411f6632-ef1b-4977-83ca-db5cd674139e" testId="74dd38df-c768-037a-da68-a6c5c371d014" testName="xUnitTestProject.CurrencyHelperTests.FormatToStringTest100(price: 22666.13578912995, expected: &quot;22666.14 zł&quot;)" computerName="DESKTOP-5URQ9PB" duration="00:00:00.0000044" startTime="2022-06-13T20:53:21.9440009+02:00" endTime="2022-06-13T20:53:21.9440010+02:00" testType="13cdc9d9-ddb5-4fa4-a97d-d965ccfc6d4b" outcome="Passed" testListId="8c84fa94-04c1-424b-9868-57a2d4851a1d" relativeResultsDirectory="411f6632-ef1b-4977-83ca-db5cd674139e" />
    <UnitTestResult executionId="1f83c366-944c-4fe3-9897-f1ad80f87ac6" testId="f265cc9e-137b-d632-0abc-0be231ad19a3" testName="xUnitTestProject.CurrencyHelperTests.FormatToStringTest100(price: 34096.337879508894, expected: &quot;34096.34 zł&quot;)" computerName="DESKTOP-5URQ9PB" duration="00:00:00.0000041" startTime="2022-06-13T20:53:21.9479692+02:00" endTime="2022-06-13T20:53:21.9479693+02:00" testType="13cdc9d9-ddb5-4fa4-a97d-d965ccfc6d4b" outcome="Passed" testListId="8c84fa94-04c1-424b-9868-57a2d4851a1d" relativeResultsDirectory="1f83c366-944c-4fe3-9897-f1ad80f87ac6" />
    <UnitTestResult executionId="b84c72ff-bc21-4cfd-bf5a-673704b748e1" testId="b06b7483-d7a9-8983-7acb-83b99a3a9375" testName="xUnitTestProject.CurrencyHelperTests.FormatToStringTest100(price: 20244.692955315437, expected: &quot;20244.69 zł&quot;)" computerName="DESKTOP-5URQ9PB" duration="00:00:00.0000077" startTime="2022-06-13T20:53:21.9441489+02:00" endTime="2022-06-13T20:53:21.9441490+02:00" testType="13cdc9d9-ddb5-4fa4-a97d-d965ccfc6d4b" outcome="Passed" testListId="8c84fa94-04c1-424b-9868-57a2d4851a1d" relativeResultsDirectory="b84c72ff-bc21-4cfd-bf5a-673704b748e1" />
    <UnitTestResult executionId="ae7fc8e2-3d4b-4d9d-8d84-4977a5c068c7" testId="67a2e17d-2e99-1573-e414-664dc3a5daec" testName="xUnitTestProject.CurrencyHelperTests.FormatToStringTest100(price: 45035.160883881224, expected: &quot;45035.16 zł&quot;)" computerName="DESKTOP-5URQ9PB" duration="00:00:00.0000051" startTime="2022-06-13T20:53:21.9311710+02:00" endTime="2022-06-13T20:53:21.9311713+02:00" testType="13cdc9d9-ddb5-4fa4-a97d-d965ccfc6d4b" outcome="Passed" testListId="8c84fa94-04c1-424b-9868-57a2d4851a1d" relativeResultsDirectory="ae7fc8e2-3d4b-4d9d-8d84-4977a5c068c7" />
    <UnitTestResult executionId="6883be43-9b66-43b2-9c7f-ef924a94d1a4" testId="f9f74b79-cea9-65cc-b4bd-68b4ed9d0743" testName="xUnitTestProject.CurrencyHelperTests.FormatToStringTest100(price: 24957.469502810607, expected: &quot;24957.47 zł&quot;)" computerName="DESKTOP-5URQ9PB" duration="00:00:00.0000052" startTime="2022-06-13T20:53:21.9393206+02:00" endTime="2022-06-13T20:53:21.9393208+02:00" testType="13cdc9d9-ddb5-4fa4-a97d-d965ccfc6d4b" outcome="Passed" testListId="8c84fa94-04c1-424b-9868-57a2d4851a1d" relativeResultsDirectory="6883be43-9b66-43b2-9c7f-ef924a94d1a4" />
    <UnitTestResult executionId="f3d3fa6e-ada8-4bb1-93dd-58f0d1138b7b" testId="b309356a-1568-0ab7-98a5-a111bb0bc5a1" testName="xUnitTestProject.CurrencyHelperTests.FormatToStringTest100(price: 46898.00219497783, expected: &quot;46898.00 zł&quot;)" computerName="DESKTOP-5URQ9PB" duration="00:00:00.0000040" startTime="2022-06-13T20:53:21.9421837+02:00" endTime="2022-06-13T20:53:21.9421839+02:00" testType="13cdc9d9-ddb5-4fa4-a97d-d965ccfc6d4b" outcome="Passed" testListId="8c84fa94-04c1-424b-9868-57a2d4851a1d" relativeResultsDirectory="f3d3fa6e-ada8-4bb1-93dd-58f0d1138b7b" />
    <UnitTestResult executionId="b79324d0-b1c2-459b-a3fe-3a680883fc26" testId="2b46eb58-6e84-4876-9d74-10f782a2b95d" testName="xUnitTestProject.CurrencyHelperTests.FormatToStringTest100(price: 39178.05988345298, expected: &quot;39178.06 zł&quot;)" computerName="DESKTOP-5URQ9PB" duration="00:00:00.0000041" startTime="2022-06-13T20:53:21.9488817+02:00" endTime="2022-06-13T20:53:21.9488818+02:00" testType="13cdc9d9-ddb5-4fa4-a97d-d965ccfc6d4b" outcome="Passed" testListId="8c84fa94-04c1-424b-9868-57a2d4851a1d" relativeResultsDirectory="b79324d0-b1c2-459b-a3fe-3a680883fc26" />
    <UnitTestResult executionId="ee9f5a44-4fa7-4ef9-b675-507c9b25954b" testId="33f107c2-ab0d-ae03-80da-536fe345a886" testName="xUnitTestProject.CurrencyHelperTests.FormatToStringTest100(price: 21961.272673999552, expected: &quot;21961.27 zł&quot;)" computerName="DESKTOP-5URQ9PB" duration="00:00:00.0000076" startTime="2022-06-13T20:53:21.9439375+02:00" endTime="2022-06-13T20:53:21.9439378+02:00" testType="13cdc9d9-ddb5-4fa4-a97d-d965ccfc6d4b" outcome="Passed" testListId="8c84fa94-04c1-424b-9868-57a2d4851a1d" relativeResultsDirectory="ee9f5a44-4fa7-4ef9-b675-507c9b25954b" />
    <UnitTestResult executionId="f960b158-d10d-41fa-bb23-99e5fcab36cf" testId="49a05d1f-a775-19c0-25af-f3a1e1d16690" testName="xUnitTestProject.CurrencyHelperTests.FormatToStringTest100(price: 32216.686763396807, expected: &quot;32216.69 zł&quot;)" computerName="DESKTOP-5URQ9PB" duration="00:00:00.0000040" startTime="2022-06-13T20:53:21.9312386+02:00" endTime="2022-06-13T20:53:21.9312387+02:00" testType="13cdc9d9-ddb5-4fa4-a97d-d965ccfc6d4b" outcome="Passed" testListId="8c84fa94-04c1-424b-9868-57a2d4851a1d" relativeResultsDirectory="f960b158-d10d-41fa-bb23-99e5fcab36cf" />
    <UnitTestResult executionId="f87abb79-0819-43a9-abaf-d511424bf3a0" testId="2e0c5192-e697-d6bc-f801-978bcb4ec749" testName="xUnitTestProject.CurrencyHelperTests.FormatToStringTest100(price: 8499.121443388574, expected: &quot;8499.12 zł&quot;)" computerName="DESKTOP-5URQ9PB" duration="00:00:00.0000041" startTime="2022-06-13T20:53:21.9412909+02:00" endTime="2022-06-13T20:53:21.9412910+02:00" testType="13cdc9d9-ddb5-4fa4-a97d-d965ccfc6d4b" outcome="Passed" testListId="8c84fa94-04c1-424b-9868-57a2d4851a1d" relativeResultsDirectory="f87abb79-0819-43a9-abaf-d511424bf3a0" />
    <UnitTestResult executionId="e64496a6-4cb7-43d0-85fc-24861955f9aa" testId="fc8fcc54-cb31-3ea9-a932-697b630d3569" testName="xUnitTestProject.CurrencyHelperTests.FormatToStringTest100(price: 79.6815319544084, expected: &quot;79.68 zł&quot;)" computerName="DESKTOP-5URQ9PB" duration="00:00:00.0000096" startTime="2022-06-13T20:53:21.9478511+02:00" endTime="2022-06-13T20:53:21.9478513+02:00" testType="13cdc9d9-ddb5-4fa4-a97d-d965ccfc6d4b" outcome="Passed" testListId="8c84fa94-04c1-424b-9868-57a2d4851a1d" relativeResultsDirectory="e64496a6-4cb7-43d0-85fc-24861955f9aa" />
    <UnitTestResult executionId="c8479a30-6061-46b2-97bf-20e25fcc44e5" testId="541757e5-f479-f33d-0381-b6dbdace2afb" testName="xUnitTestProject.CurrencyHelperTests.FormatToStringTest100(price: 27050.586848031067, expected: &quot;27050.59 zł&quot;)" computerName="DESKTOP-5URQ9PB" duration="00:00:00.0000041" startTime="2022-06-13T20:53:21.9391377+02:00" endTime="2022-06-13T20:53:21.9391379+02:00" testType="13cdc9d9-ddb5-4fa4-a97d-d965ccfc6d4b" outcome="Passed" testListId="8c84fa94-04c1-424b-9868-57a2d4851a1d" relativeResultsDirectory="c8479a30-6061-46b2-97bf-20e25fcc44e5" />
    <UnitTestResult executionId="318a38ff-204f-4044-8cb1-6b7a671e42b8" testId="4053e7cd-71d6-290b-ba32-3b8047db680a" testName="xUnitTestProject.CurrencyHelperTests.FormatToStringTest100(price: 317.9090540706688, expected: &quot;317.91 zł&quot;)" computerName="DESKTOP-5URQ9PB" duration="00:00:00.0000039" startTime="2022-06-13T20:53:21.9430966+02:00" endTime="2022-06-13T20:53:21.9430967+02:00" testType="13cdc9d9-ddb5-4fa4-a97d-d965ccfc6d4b" outcome="Passed" testListId="8c84fa94-04c1-424b-9868-57a2d4851a1d" relativeResultsDirectory="318a38ff-204f-4044-8cb1-6b7a671e42b8" />
    <UnitTestResult executionId="3b19753d-e71d-408e-b9a3-74cc1c2815c0" testId="5cbd1a54-5566-6c6a-e422-221bbd0a9b56" testName="xUnitTestProject.CurrencyHelperTests.FormatToStringTest100(price: 32218.080508120394, expected: &quot;32218.08 zł&quot;)" computerName="DESKTOP-5URQ9PB" duration="00:00:00.0000043" startTime="2022-06-13T20:53:21.9478808+02:00" endTime="2022-06-13T20:53:21.9478809+02:00" testType="13cdc9d9-ddb5-4fa4-a97d-d965ccfc6d4b" outcome="Passed" testListId="8c84fa94-04c1-424b-9868-57a2d4851a1d" relativeResultsDirectory="3b19753d-e71d-408e-b9a3-74cc1c2815c0" />
    <UnitTestResult executionId="82b5ec39-393c-44ef-b0ed-1f71c11408ed" testId="8b5b6910-6f6f-c9ce-8825-e4185407df85" testName="xUnitTestProject.CurrencyHelperTests.FormatToStringTest100(price: 736.7398243680316, expected: &quot;736.74 zł&quot;)" computerName="DESKTOP-5URQ9PB" duration="00:00:00.0000041" startTime="2022-06-13T20:53:21.9458746+02:00" endTime="2022-06-13T20:53:21.9458748+02:00" testType="13cdc9d9-ddb5-4fa4-a97d-d965ccfc6d4b" outcome="Passed" testListId="8c84fa94-04c1-424b-9868-57a2d4851a1d" relativeResultsDirectory="82b5ec39-393c-44ef-b0ed-1f71c11408ed" />
    <UnitTestResult executionId="1a98490c-14fe-457d-be2b-d1a496942abb" testId="7a7c5696-e868-4bc5-0840-551dde71b5f9" testName="xUnitTestProject.CurrencyHelperTests.FormatToStringTest100(price: 18990.72499258012, expected: &quot;18990.72 zł&quot;)" computerName="DESKTOP-5URQ9PB" duration="00:00:00.0000045" startTime="2022-06-13T20:53:21.9450224+02:00" endTime="2022-06-13T20:53:21.9450225+02:00" testType="13cdc9d9-ddb5-4fa4-a97d-d965ccfc6d4b" outcome="Passed" testListId="8c84fa94-04c1-424b-9868-57a2d4851a1d" relativeResultsDirectory="1a98490c-14fe-457d-be2b-d1a496942abb" />
    <UnitTestResult executionId="11cc3658-6153-4481-ae40-040f90078a5e" testId="7d21651a-97b6-7b0a-2e61-911a28703fd6" testName="xUnitTestProject.CurrencyHelperTests.FormatToStringTest100(price: 17252.06220983903, expected: &quot;17252.06 zł&quot;)" computerName="DESKTOP-5URQ9PB" duration="00:00:00.0000049" startTime="2022-06-13T20:53:21.9467506+02:00" endTime="2022-06-13T20:53:21.9467509+02:00" testType="13cdc9d9-ddb5-4fa4-a97d-d965ccfc6d4b" outcome="Passed" testListId="8c84fa94-04c1-424b-9868-57a2d4851a1d" relativeResultsDirectory="11cc3658-6153-4481-ae40-040f90078a5e" />
    <UnitTestResult executionId="2cc01e78-65ec-4005-b562-cf017c73769a" testId="99620ffe-5e9a-128c-a6ac-13976c610d3b" testName="xUnitTestProject.CurrencyHelperTests.FormatToStringTest100(price: 11100.829211263372, expected: &quot;11100.83 zł&quot;)" computerName="DESKTOP-5URQ9PB" duration="00:00:00.0000216" startTime="2022-06-13T20:53:21.9310725+02:00" endTime="2022-06-13T20:53:21.9310729+02:00" testType="13cdc9d9-ddb5-4fa4-a97d-d965ccfc6d4b" outcome="Passed" testListId="8c84fa94-04c1-424b-9868-57a2d4851a1d" relativeResultsDirectory="2cc01e78-65ec-4005-b562-cf017c73769a" />
    <UnitTestResult executionId="78b5529e-8e8c-4c60-b199-d24ee08e7852" testId="e3628c97-347a-9ee9-e133-2d57b36ee5ba" testName="xUnitTestProject.CurrencyHelperTests.FormatToStringTest100(price: 9867.823212210007, expected: &quot;9867.82 zł&quot;)" computerName="DESKTOP-5URQ9PB" duration="00:00:00.0000043" startTime="2022-06-13T20:53:21.9412300+02:00" endTime="2022-06-13T20:53:21.9412302+02:00" testType="13cdc9d9-ddb5-4fa4-a97d-d965ccfc6d4b" outcome="Passed" testListId="8c84fa94-04c1-424b-9868-57a2d4851a1d" relativeResultsDirectory="78b5529e-8e8c-4c60-b199-d24ee08e7852" />
    <UnitTestResult executionId="a4021bae-2ba1-41af-a3e4-cf4da659fed0" testId="d7778823-4bda-74f0-3f28-6c90759e2c7c" testName="xUnitTestProject.CurrencyHelperTests.FormatToStringTest100(price: 12949.590713378317, expected: &quot;12949.59 zł&quot;)" computerName="DESKTOP-5URQ9PB" duration="00:00:00.0000041" startTime="2022-06-13T20:53:21.9421544+02:00" endTime="2022-06-13T20:53:21.9421546+02:00" testType="13cdc9d9-ddb5-4fa4-a97d-d965ccfc6d4b" outcome="Passed" testListId="8c84fa94-04c1-424b-9868-57a2d4851a1d" relativeResultsDirectory="a4021bae-2ba1-41af-a3e4-cf4da659fed0" />
    <UnitTestResult executionId="15fe6344-7f58-4093-b027-32ab64a8230d" testId="ae4dd41d-98b4-3a18-47fe-168d75b24553" testName="xUnitTestProject.CurrencyHelperTests.FormatToStringTest100(price: 15566.957545477411, expected: &quot;15566.96 zł&quot;)" computerName="DESKTOP-5URQ9PB" duration="00:00:00.0000041" startTime="2022-06-13T20:53:21.9412611+02:00" endTime="2022-06-13T20:53:21.9412613+02:00" testType="13cdc9d9-ddb5-4fa4-a97d-d965ccfc6d4b" outcome="Passed" testListId="8c84fa94-04c1-424b-9868-57a2d4851a1d" relativeResultsDirectory="15fe6344-7f58-4093-b027-32ab64a8230d" />
    <UnitTestResult executionId="74d54d49-24cf-4d19-a6a5-efa142fbdc87" testId="5be8086d-757f-607e-3916-e3fc3a32dab6" testName="xUnitTestProject.CurrencyHelperTests.FormatToStringTest100(price: 726.8087564975995, expected: &quot;726.81 zł&quot;)" computerName="DESKTOP-5URQ9PB" duration="00:00:00.0000250" startTime="2022-06-13T20:53:21.9469332+02:00" endTime="2022-06-13T20:53:21.9469333+02:00" testType="13cdc9d9-ddb5-4fa4-a97d-d965ccfc6d4b" outcome="Passed" testListId="8c84fa94-04c1-424b-9868-57a2d4851a1d" relativeResultsDirectory="74d54d49-24cf-4d19-a6a5-efa142fbdc87" />
    <UnitTestResult executionId="3e1242a8-e6f2-4443-9638-f7196d20d76c" testId="ec952d1c-d4b8-4514-2b06-3c5983e68faa" testName="xUnitTestProject.CurrencyHelperTests.FormatToStringTest100(price: 10268.547802396373, expected: &quot;10268.55 zł&quot;)" computerName="DESKTOP-5URQ9PB" duration="00:00:00.0000073" startTime="2022-06-13T20:53:21.9477598+02:00" endTime="2022-06-13T20:53:21.9477600+02:00" testType="13cdc9d9-ddb5-4fa4-a97d-d965ccfc6d4b" outcome="Passed" testListId="8c84fa94-04c1-424b-9868-57a2d4851a1d" relativeResultsDirectory="3e1242a8-e6f2-4443-9638-f7196d20d76c" />
    <UnitTestResult executionId="c37926a8-fe41-40e9-adcc-122a448282ec" testId="9d3c6e40-46ef-8e8b-da94-d2afb05dab1a" testName="xUnitTestProject.CurrencyHelperTests.FormatToStringTest100(price: 63507.32603545455, expected: &quot;63507.33 zł&quot;)" computerName="DESKTOP-5URQ9PB" duration="00:00:00.0000048" startTime="2022-06-13T20:53:21.9312085+02:00" endTime="2022-06-13T20:53:21.9312086+02:00" testType="13cdc9d9-ddb5-4fa4-a97d-d965ccfc6d4b" outcome="Passed" testListId="8c84fa94-04c1-424b-9868-57a2d4851a1d" relativeResultsDirectory="c37926a8-fe41-40e9-adcc-122a448282ec" />
    <UnitTestResult executionId="3fee6d66-958e-4e83-b29d-aac73146b84a" testId="dcc4e251-457a-bc1b-d0d7-d1ec86b94d5d" testName="xUnitTestProject.CurrencyHelperTests.FormatToStringTest100(price: 2937.138486199611, expected: &quot;2937.14 zł&quot;)" computerName="DESKTOP-5URQ9PB" duration="00:00:00.0000040" startTime="2022-06-13T20:53:21.9430368+02:00" endTime="2022-06-13T20:53:21.9430370+02:00" testType="13cdc9d9-ddb5-4fa4-a97d-d965ccfc6d4b" outcome="Passed" testListId="8c84fa94-04c1-424b-9868-57a2d4851a1d" relativeResultsDirectory="3fee6d66-958e-4e83-b29d-aac73146b84a" />
    <UnitTestResult executionId="354d1395-b5e4-4efc-b707-ab6e268c7b1b" testId="be83c872-b584-ea7d-68ae-387efb4fd62c" testName="xUnitTestProject.CurrencyHelperTests.FormatToStringTest100(price: 86.89546322771136, expected: &quot;86.90 zł&quot;)" computerName="DESKTOP-5URQ9PB" duration="00:00:00.0000043" startTime="2022-06-13T20:53:21.9449034+02:00" endTime="2022-06-13T20:53:21.9449035+02:00" testType="13cdc9d9-ddb5-4fa4-a97d-d965ccfc6d4b" outcome="Passed" testListId="8c84fa94-04c1-424b-9868-57a2d4851a1d" relativeResultsDirectory="354d1395-b5e4-4efc-b707-ab6e268c7b1b" />
    <UnitTestResult executionId="236b74bf-e04d-4bd7-a2ec-c86919d95536" testId="60df436e-3029-21a3-1c5e-f7dac0d4c1de" testName="xUnitTestProject.CurrencyHelperTests.FormatToStringTest100(price: 64210.358316209335, expected: &quot;64210.36 zł&quot;)" computerName="DESKTOP-5URQ9PB" duration="00:00:00.0000046" startTime="2022-06-13T20:53:21.9422139+02:00" endTime="2022-06-13T20:53:21.9422141+02:00" testType="13cdc9d9-ddb5-4fa4-a97d-d965ccfc6d4b" outcome="Passed" testListId="8c84fa94-04c1-424b-9868-57a2d4851a1d" relativeResultsDirectory="236b74bf-e04d-4bd7-a2ec-c86919d95536" />
    <UnitTestResult executionId="a11d1567-a56a-4d88-8a76-8ec3338cccba" testId="8cee55c7-2f54-9306-dead-c4a37d1316a9" testName="xUnitTestProject.CurrencyHelperTests.FormatToStringTest100(price: 50991.22189691114, expected: &quot;50991.22 zł&quot;)" computerName="DESKTOP-5URQ9PB" duration="00:00:00.0000045" startTime="2022-06-13T20:53:21.9468451+02:00" endTime="2022-06-13T20:53:21.9468453+02:00" testType="13cdc9d9-ddb5-4fa4-a97d-d965ccfc6d4b" outcome="Passed" testListId="8c84fa94-04c1-424b-9868-57a2d4851a1d" relativeResultsDirectory="a11d1567-a56a-4d88-8a76-8ec3338cccba" />
    <UnitTestResult executionId="285d6811-604b-4364-bc78-6b21f116f0ef" testId="e2ec08cf-67dd-78b0-72e9-2a2acf351ef6" testName="xUnitTestProject.CurrencyHelperTests.FormatToStringTest100(price: 75350.77330865282, expected: &quot;75350.77 zł&quot;)" computerName="DESKTOP-5URQ9PB" duration="00:00:00.0000043" startTime="2022-06-13T20:53:21.9413204+02:00" endTime="2022-06-13T20:53:21.9413205+02:00" testType="13cdc9d9-ddb5-4fa4-a97d-d965ccfc6d4b" outcome="Passed" testListId="8c84fa94-04c1-424b-9868-57a2d4851a1d" relativeResultsDirectory="285d6811-604b-4364-bc78-6b21f116f0ef" />
    <UnitTestResult executionId="2fe3122c-d9c7-4d9f-ac26-99cd63777696" testId="fc435e55-affb-80d4-72b8-f2b63414b911" testName="xUnitTestProject.CurrencyHelperTests.FormatToStringTest100(price: 591.2110872302256, expected: &quot;591.21 zł&quot;)" computerName="DESKTOP-5URQ9PB" duration="00:00:00.0000070" startTime="2022-06-13T20:53:21.9459926+02:00" endTime="2022-06-13T20:53:21.9459927+02:00" testType="13cdc9d9-ddb5-4fa4-a97d-d965ccfc6d4b" outcome="Passed" testListId="8c84fa94-04c1-424b-9868-57a2d4851a1d" relativeResultsDirectory="2fe3122c-d9c7-4d9f-ac26-99cd63777696" />
    <UnitTestResult executionId="b211f2d7-c7ed-40f7-8935-e89e3d051508" testId="1683c1a4-48ae-f0a9-f8fb-441cbed69b7e" testName="xUnitTestProject.CurrencyHelperTests.FormatToStringTest100(price: 26515.80237687929, expected: &quot;26515.80 zł&quot;)" computerName="DESKTOP-5URQ9PB" duration="00:00:00.0000041" startTime="2022-06-13T20:53:21.9431261+02:00" endTime="2022-06-13T20:53:21.9431262+02:00" testType="13cdc9d9-ddb5-4fa4-a97d-d965ccfc6d4b" outcome="Passed" testListId="8c84fa94-04c1-424b-9868-57a2d4851a1d" relativeResultsDirectory="b211f2d7-c7ed-40f7-8935-e89e3d051508" />
    <UnitTestResult executionId="0c47a7ba-32b1-40ef-95ea-187249ed0650" testId="c2fcc150-05bf-fac8-cb5b-156769265741" testName="xUnitTestProject.CurrencyHelperTests.FormatToStringTest100(price: 10784.438152511344, expected: &quot;10784.44 zł&quot;)" computerName="DESKTOP-5URQ9PB" duration="00:00:00.0000038" startTime="2022-06-13T20:53:21.9486701+02:00" endTime="2022-06-13T20:53:21.9486704+02:00" testType="13cdc9d9-ddb5-4fa4-a97d-d965ccfc6d4b" outcome="Passed" testListId="8c84fa94-04c1-424b-9868-57a2d4851a1d" relativeResultsDirectory="0c47a7ba-32b1-40ef-95ea-187249ed0650" />
    <UnitTestResult executionId="88722742-0353-40f7-826e-8ede5598b00d" testId="9e65b83c-d062-a995-788e-1f867295fc3e" testName="xUnitTestProject.CurrencyHelperTests.FormatToStringTest100(price: 1741.3334432818617, expected: &quot;1741.33 zł&quot;)" computerName="DESKTOP-5URQ9PB" duration="00:00:00.0000081" startTime="2022-06-13T20:53:21.9459038+02:00" endTime="2022-06-13T20:53:21.9459040+02:00" testType="13cdc9d9-ddb5-4fa4-a97d-d965ccfc6d4b" outcome="Passed" testListId="8c84fa94-04c1-424b-9868-57a2d4851a1d" relativeResultsDirectory="88722742-0353-40f7-826e-8ede5598b00d" />
    <UnitTestResult executionId="d1ca11bb-37a1-446d-bd70-b3eff67b29fe" testId="c57e7001-ae2f-cc3c-80aa-b60a735cb853" testName="xUnitTestProject.CurrencyHelperTests.FormatToStringTest100(price: 80609.94377465078, expected: &quot;80609.94 zł&quot;)" computerName="DESKTOP-5URQ9PB" duration="00:00:00.0000043" startTime="2022-06-13T20:53:21.9430671+02:00" endTime="2022-06-13T20:53:21.9430673+02:00" testType="13cdc9d9-ddb5-4fa4-a97d-d965ccfc6d4b" outcome="Passed" testListId="8c84fa94-04c1-424b-9868-57a2d4851a1d" relativeResultsDirectory="d1ca11bb-37a1-446d-bd70-b3eff67b29fe" />
    <UnitTestResult executionId="f46e8b92-9207-4376-ac21-eead6358f5a1" testId="d71fa846-0b3d-650b-0fa7-7de64a8b5692" testName="xUnitTestProject.CurrencyHelperTests.FormatToStringTest100(price: 25990.318498101697, expected: &quot;25990.32 zł&quot;)" computerName="DESKTOP-5URQ9PB" duration="00:00:00.0000045" startTime="2022-06-13T20:53:21.9411056+02:00" endTime="2022-06-13T20:53:21.9411060+02:00" testType="13cdc9d9-ddb5-4fa4-a97d-d965ccfc6d4b" outcome="Passed" testListId="8c84fa94-04c1-424b-9868-57a2d4851a1d" relativeResultsDirectory="f46e8b92-9207-4376-ac21-eead6358f5a1" />
    <UnitTestResult executionId="bb818cdc-222d-46af-9a75-dde735370a72" testId="5e812169-6686-9fe1-e23d-5fb1628863ab" testName="xUnitTestProject.CurrencyHelperTests.FormatToStringTest100(price: 1649.0127968480872, expected: &quot;1649.01 zł&quot;)" computerName="DESKTOP-5URQ9PB" duration="00:00:00.0000040" startTime="2022-06-13T20:53:21.9479396+02:00" endTime="2022-06-13T20:53:21.9479398+02:00" testType="13cdc9d9-ddb5-4fa4-a97d-d965ccfc6d4b" outcome="Passed" testListId="8c84fa94-04c1-424b-9868-57a2d4851a1d" relativeResultsDirectory="bb818cdc-222d-46af-9a75-dde735370a72" />
    <UnitTestResult executionId="f4bf1f6d-9594-4b69-b5dd-4ad803a96499" testId="5a8675de-6b57-6a3b-e014-8c438f537aee" testName="xUnitTestProject.CurrencyHelperTests.FormatToStringTest100(price: 41876.979471482795, expected: &quot;41876.98 zł&quot;)" computerName="DESKTOP-5URQ9PB" duration="00:00:00.0000041" startTime="2022-06-13T20:53:21.9487640+02:00" endTime="2022-06-13T20:53:21.9487641+02:00" testType="13cdc9d9-ddb5-4fa4-a97d-d965ccfc6d4b" outcome="Passed" testListId="8c84fa94-04c1-424b-9868-57a2d4851a1d" relativeResultsDirectory="f4bf1f6d-9594-4b69-b5dd-4ad803a96499" />
    <UnitTestResult executionId="e9246088-bcfb-4394-8123-6887ba2f5a20" testId="43a8ab94-a343-e6fd-9ae1-7ad0c6ee6431" testName="xUnitTestProject.CurrencyHelperTests.FormatToStringTest100(price: 62975.496334776515, expected: &quot;62975.50 zł&quot;)" computerName="DESKTOP-5URQ9PB" duration="00:00:00.0000045" startTime="2022-06-13T20:53:21.9449632+02:00" endTime="2022-06-13T20:53:21.9449633+02:00" testType="13cdc9d9-ddb5-4fa4-a97d-d965ccfc6d4b" outcome="Passed" testListId="8c84fa94-04c1-424b-9868-57a2d4851a1d" relativeResultsDirectory="e9246088-bcfb-4394-8123-6887ba2f5a20" />
    <UnitTestResult executionId="4947e678-fe33-482a-8a58-a276e70b088f" testId="289f0d26-9b3d-b24d-21a5-381b61257aa2" testName="xUnitTestProject.CurrencyHelperTests.FormatToStringTest100(price: 2292.8331871111104, expected: &quot;2292.83 zł&quot;)" computerName="DESKTOP-5URQ9PB" duration="00:00:00.0000044" startTime="2022-06-13T20:53:21.9488525+02:00" endTime="2022-06-13T20:53:21.9488527+02:00" testType="13cdc9d9-ddb5-4fa4-a97d-d965ccfc6d4b" outcome="Passed" testListId="8c84fa94-04c1-424b-9868-57a2d4851a1d" relativeResultsDirectory="4947e678-fe33-482a-8a58-a276e70b088f" />
    <UnitTestResult executionId="d7c43982-11c5-41b6-b5b9-03bbba993ac8" testId="ac0c8e8e-94ce-f433-7c74-70876edf6736" testName="xUnitTestProject.CurrencyHelperTests.FormatToStringTest100(price: 10914.360814625099, expected: &quot;10914.36 zł&quot;)" computerName="DESKTOP-5URQ9PB" duration="00:00:00.0000045" startTime="2022-06-13T20:53:21.9391680+02:00" endTime="2022-06-13T20:53:21.9391682+02:00" testType="13cdc9d9-ddb5-4fa4-a97d-d965ccfc6d4b" outcome="Passed" testListId="8c84fa94-04c1-424b-9868-57a2d4851a1d" relativeResultsDirectory="d7c43982-11c5-41b6-b5b9-03bbba993ac8" />
    <UnitTestResult executionId="bfb71f89-ab73-4fdf-a3bc-b9e53b271c16" testId="eddb088f-c107-aeac-fa0d-87b3c14eed53" testName="xUnitTestProject.CurrencyHelperTests.FormatToStringTest100(price: 1614.2516601789982, expected: &quot;1614.25 zł&quot;)" computerName="DESKTOP-5URQ9PB" duration="00:00:00.0000041" startTime="2022-06-13T20:53:21.9430037+02:00" endTime="2022-06-13T20:53:21.9430040+02:00" testType="13cdc9d9-ddb5-4fa4-a97d-d965ccfc6d4b" outcome="Passed" testListId="8c84fa94-04c1-424b-9868-57a2d4851a1d" relativeResultsDirectory="bfb71f89-ab73-4fdf-a3bc-b9e53b271c16" />
    <UnitTestResult executionId="50e7d270-6bc5-47a9-ac80-916c99bf4e26" testId="aa846e16-83e3-6a8d-ea1c-cf150206bc05" testName="xUnitTestProject.CurrencyHelperTests.FormatToStringTest100(price: 37589.670531794276, expected: &quot;37589.67 zł&quot;)" computerName="DESKTOP-5URQ9PB" duration="00:00:00.0000043" startTime="2022-06-13T20:53:21.9441792+02:00" endTime="2022-06-13T20:53:21.9441793+02:00" testType="13cdc9d9-ddb5-4fa4-a97d-d965ccfc6d4b" outcome="Passed" testListId="8c84fa94-04c1-424b-9868-57a2d4851a1d" relativeResultsDirectory="50e7d270-6bc5-47a9-ac80-916c99bf4e26" />
    <UnitTestResult executionId="a9f6ddad-beec-4732-955a-52e60959fb6e" testId="afb9fcf3-f392-dcf0-c2e9-6922ff45e46f" testName="xUnitTestProject.CurrencyHelperTests.FormatToStringTest100(price: 740.3213011405064, expected: &quot;740.32 zł&quot;)" computerName="DESKTOP-5URQ9PB" duration="00:00:00.0000044" startTime="2022-06-13T20:53:21.9432149+02:00" endTime="2022-06-13T20:53:21.9432150+02:00" testType="13cdc9d9-ddb5-4fa4-a97d-d965ccfc6d4b" outcome="Passed" testListId="8c84fa94-04c1-424b-9868-57a2d4851a1d" relativeResultsDirectory="a9f6ddad-beec-4732-955a-52e60959fb6e" />
    <UnitTestResult executionId="19bfa9cf-3d1d-4335-a518-c102e97f126d" testId="2738362e-e19d-f6a9-dd3e-b18b1bacf9a4" testName="xUnitTestProject.CurrencyHelperTests.FormatToStringTest100(price: 6958.393354767186, expected: &quot;6958.39 zł&quot;)" computerName="DESKTOP-5URQ9PB" duration="00:00:00.0000077" startTime="2022-06-13T20:53:21.9440898+02:00" endTime="2022-06-13T20:53:21.9440900+02:00" testType="13cdc9d9-ddb5-4fa4-a97d-d965ccfc6d4b" outcome="Passed" testListId="8c84fa94-04c1-424b-9868-57a2d4851a1d" relativeResultsDirectory="19bfa9cf-3d1d-4335-a518-c102e97f126d" />
    <UnitTestResult executionId="ef616f1a-ad73-44e0-8652-20b4ebc989ff" testId="0f154440-ee39-dfa0-38c3-2b0334e011dd" testName="xUnitTestProject.CurrencyHelperTests.FormatToStringTest100(price: 6809.40195803037, expected: &quot;6809.40 zł&quot;)" computerName="DESKTOP-5URQ9PB" duration="00:00:00.0000040" startTime="2022-06-13T20:53:21.9440309+02:00" endTime="2022-06-13T20:53:21.9440311+02:00" testType="13cdc9d9-ddb5-4fa4-a97d-d965ccfc6d4b" outcome="Passed" testListId="8c84fa94-04c1-424b-9868-57a2d4851a1d" relativeResultsDirectory="ef616f1a-ad73-44e0-8652-20b4ebc989ff" />
    <UnitTestResult executionId="40440f81-f612-40df-85ba-fbd13fb843ff" testId="f0bb637b-8cf3-7fb0-e10c-0038b91cfed9" testName="xUnitTestProject.CurrencyHelperTests.FormatToStringTest100(price: 11912.404131636213, expected: &quot;11912.40 zł&quot;)" computerName="DESKTOP-5URQ9PB" duration="00:00:00.0000043" startTime="2022-06-13T20:53:21.9489112+02:00" endTime="2022-06-13T20:53:21.9489113+02:00" testType="13cdc9d9-ddb5-4fa4-a97d-d965ccfc6d4b" outcome="Passed" testListId="8c84fa94-04c1-424b-9868-57a2d4851a1d" relativeResultsDirectory="40440f81-f612-40df-85ba-fbd13fb843ff" />
    <UnitTestResult executionId="a4c251df-8836-4ada-85e4-1bcbd3417105" testId="4fe91442-a364-ddf6-571a-0c1b0e5ac3fa" testName="xUnitTestProject.CurrencyHelperTests.FormatToStringTest100(price: 33206.73122987837, expected: &quot;33206.73 zł&quot;)" computerName="DESKTOP-5URQ9PB" duration="00:00:00.0000075" startTime="2022-06-13T20:53:21.9392880+02:00" endTime="2022-06-13T20:53:21.9392882+02:00" testType="13cdc9d9-ddb5-4fa4-a97d-d965ccfc6d4b" outcome="Passed" testListId="8c84fa94-04c1-424b-9868-57a2d4851a1d" relativeResultsDirectory="a4c251df-8836-4ada-85e4-1bcbd3417105" />
    <UnitTestResult executionId="4a644700-8b41-43ea-af13-20bb8775fbb0" testId="fb32513a-ed20-1e61-8c8f-5e74dc95816c" testName="xUnitTestProject.CurrencyHelperTests.FormatToStringTest100(price: 286.92120604539343, expected: &quot;286.92 zł&quot;)" computerName="DESKTOP-5URQ9PB" duration="00:00:00.0000040" startTime="2022-06-13T20:53:21.9412005+02:00" endTime="2022-06-13T20:53:21.9412007+02:00" testType="13cdc9d9-ddb5-4fa4-a97d-d965ccfc6d4b" outcome="Passed" testListId="8c84fa94-04c1-424b-9868-57a2d4851a1d" relativeResultsDirectory="4a644700-8b41-43ea-af13-20bb8775fbb0" />
    <UnitTestResult executionId="9a206b03-5f86-4b0b-8899-21a3c1bd791c" testId="7105c4e1-ce32-5c97-6709-d6bf0a4e3d55" testName="xUnitTestProject.CurrencyHelperTests.FormatToStringTest100(price: 5628.028273674672, expected: &quot;5628.03 zł&quot;)" computerName="DESKTOP-5URQ9PB" duration="00:00:00.0000041" startTime="2022-06-13T20:53:21.9469922+02:00" endTime="2022-06-13T20:53:21.9469923+02:00" testType="13cdc9d9-ddb5-4fa4-a97d-d965ccfc6d4b" outcome="Passed" testListId="8c84fa94-04c1-424b-9868-57a2d4851a1d" relativeResultsDirectory="9a206b03-5f86-4b0b-8899-21a3c1bd791c" />
    <UnitTestResult executionId="59af1bfd-7a12-41ac-ae2d-d367c5020409" testId="3321cd65-ef8c-d2ee-7a10-5262976081ff" testName="xUnitTestProject.CurrencyHelperTests.FormatToStringTest100(price: 5396.620088554277, expected: &quot;5396.62 zł&quot;)" computerName="DESKTOP-5URQ9PB" duration="00:00:00.0000041" startTime="2022-06-13T20:53:21.9312989+02:00" endTime="2022-06-13T20:53:21.9312991+02:00" testType="13cdc9d9-ddb5-4fa4-a97d-d965ccfc6d4b" outcome="Passed" testListId="8c84fa94-04c1-424b-9868-57a2d4851a1d" relativeResultsDirectory="59af1bfd-7a12-41ac-ae2d-d367c5020409" />
    <UnitTestResult executionId="469f09e4-f35d-40ea-8a16-89b1d09db866" testId="e5d3d46a-1577-bac4-8f03-ab7ff7705a9f" testName="xUnitTestProject.CurrencyHelperTests.FormatToStringTest100(price: 52858.048916166204, expected: &quot;52858.05 zł&quot;)" computerName="DESKTOP-5URQ9PB" duration="00:00:00.0000046" startTime="2022-06-13T20:53:21.9421247+02:00" endTime="2022-06-13T20:53:21.9421248+02:00" testType="13cdc9d9-ddb5-4fa4-a97d-d965ccfc6d4b" outcome="Passed" testListId="8c84fa94-04c1-424b-9868-57a2d4851a1d" relativeResultsDirectory="469f09e4-f35d-40ea-8a16-89b1d09db866" />
    <UnitTestResult executionId="d4259e06-71ab-47cb-84d9-525f8fee0be8" testId="3e7f7dc0-a481-a391-5e59-0a09ddfda429" testName="xUnitTestProject.CurrencyHelperTests.FormatToStringTest100(price: 7789.7136237517525, expected: &quot;7789.71 zł&quot;)" computerName="DESKTOP-5URQ9PB" duration="00:00:00.0000041" startTime="2022-06-13T20:53:21.9420941+02:00" endTime="2022-06-13T20:53:21.9420943+02:00" testType="13cdc9d9-ddb5-4fa4-a97d-d965ccfc6d4b" outcome="Passed" testListId="8c84fa94-04c1-424b-9868-57a2d4851a1d" relativeResultsDirectory="d4259e06-71ab-47cb-84d9-525f8fee0be8" />
    <UnitTestResult executionId="dee02876-46d1-41bf-9278-fa0d79ca3549" testId="84d5048a-7b2f-9b60-257e-0daa5848d93c" testName="xUnitTestProject.CurrencyHelperTests.FormatToStringTest100(price: 31300.40752580967, expected: &quot;31300.41 zł&quot;)" computerName="DESKTOP-5URQ9PB" duration="00:00:00.0000041" startTime="2022-06-13T20:53:21.9422440+02:00" endTime="2022-06-13T20:53:21.9422441+02:00" testType="13cdc9d9-ddb5-4fa4-a97d-d965ccfc6d4b" outcome="Passed" testListId="8c84fa94-04c1-424b-9868-57a2d4851a1d" relativeResultsDirectory="dee02876-46d1-41bf-9278-fa0d79ca3549" />
  </Results>
  <TestDefinitions>
    <UnitTest name="xUnitTestProject.CurrencyHelperTests.FormatToStringTest100(price: 25990.318498101697, expected: &quot;25990.32 zł&quot;)" storage="c:\projekty\xunittestproject\bin\debug\netcoreapp3.1\xunittestproject.dll" id="d71fa846-0b3d-650b-0fa7-7de64a8b5692">
      <Execution id="f46e8b92-9207-4376-ac21-eead6358f5a1" />
      <TestMethod codeBase="C:\Projekty\xUnitTestProject\bin\Debug\netcoreapp3.1\xUnitTestProject.dll" adapterTypeName="executor://xunit/VsTestRunner2/netcoreapp" className="xUnitTestProject.CurrencyHelperTests" name="FormatToStringTest100" />
    </UnitTest>
    <UnitTest name="xUnitTestProject.CurrencyHelperTests.FormatToStringTest100(price: 736.7398243680316, expected: &quot;736.74 zł&quot;)" storage="c:\projekty\xunittestproject\bin\debug\netcoreapp3.1\xunittestproject.dll" id="8b5b6910-6f6f-c9ce-8825-e4185407df85">
      <Execution id="82b5ec39-393c-44ef-b0ed-1f71c11408ed" />
      <TestMethod codeBase="C:\Projekty\xUnitTestProject\bin\Debug\netcoreapp3.1\xUnitTestProject.dll" adapterTypeName="executor://xunit/VsTestRunner2/netcoreapp" className="xUnitTestProject.CurrencyHelperTests" name="FormatToStringTest100" />
    </UnitTest>
    <UnitTest name="xUnitTestProject.CurrencyHelperTests.FormatToStringTest100(price: 96.75594581512546, expected: &quot;96.76 zł&quot;)" storage="c:\projekty\xunittestproject\bin\debug\netcoreapp3.1\xunittestproject.dll" id="acd09137-eecd-d983-95fe-20aa284c3f97">
      <Execution id="193c9e10-773b-4186-9aae-8c1906b7c344" />
      <TestMethod codeBase="C:\Projekty\xUnitTestProject\bin\Debug\netcoreapp3.1\xUnitTestProject.dll" adapterTypeName="executor://xunit/VsTestRunner2/netcoreapp" className="xUnitTestProject.CurrencyHelperTests" name="FormatToStringTest100" />
    </UnitTest>
    <UnitTest name="xUnitTestProject.CurrencyHelperTests.FormatToStringTest100(price: 46898.00219497783, expected: &quot;46898.00 zł&quot;)" storage="c:\projekty\xunittestproject\bin\debug\netcoreapp3.1\xunittestproject.dll" id="b309356a-1568-0ab7-98a5-a111bb0bc5a1">
      <Execution id="f3d3fa6e-ada8-4bb1-93dd-58f0d1138b7b" />
      <TestMethod codeBase="C:\Projekty\xUnitTestProject\bin\Debug\netcoreapp3.1\xUnitTestProject.dll" adapterTypeName="executor://xunit/VsTestRunner2/netcoreapp" className="xUnitTestProject.CurrencyHelperTests" name="FormatToStringTest100" />
    </UnitTest>
    <UnitTest name="xUnitTestProject.CurrencyHelperTests.FormatToStringTest100(price: 26515.80237687929, expected: &quot;26515.80 zł&quot;)" storage="c:\projekty\xunittestproject\bin\debug\netcoreapp3.1\xunittestproject.dll" id="1683c1a4-48ae-f0a9-f8fb-441cbed69b7e">
      <Execution id="b211f2d7-c7ed-40f7-8935-e89e3d051508" />
      <TestMethod codeBase="C:\Projekty\xUnitTestProject\bin\Debug\netcoreapp3.1\xUnitTestProject.dll" adapterTypeName="executor://xunit/VsTestRunner2/netcoreapp" className="xUnitTestProject.CurrencyHelperTests" name="FormatToStringTest100" />
    </UnitTest>
    <UnitTest name="xUnitTestProject.CurrencyHelperTests.FormatToStringTest100(price: 1741.3334432818617, expected: &quot;1741.33 zł&quot;)" storage="c:\projekty\xunittestproject\bin\debug\netcoreapp3.1\xunittestproject.dll" id="9e65b83c-d062-a995-788e-1f867295fc3e">
      <Execution id="88722742-0353-40f7-826e-8ede5598b00d" />
      <TestMethod codeBase="C:\Projekty\xUnitTestProject\bin\Debug\netcoreapp3.1\xUnitTestProject.dll" adapterTypeName="executor://xunit/VsTestRunner2/netcoreapp" className="xUnitTestProject.CurrencyHelperTests" name="FormatToStringTest100" />
    </UnitTest>
    <UnitTest name="xUnitTestProject.CurrencyHelperTests.FormatToStringTest100(price: 64210.358316209335, expected: &quot;64210.36 zł&quot;)" storage="c:\projekty\xunittestproject\bin\debug\netcoreapp3.1\xunittestproject.dll" id="60df436e-3029-21a3-1c5e-f7dac0d4c1de">
      <Execution id="236b74bf-e04d-4bd7-a2ec-c86919d95536" />
      <TestMethod codeBase="C:\Projekty\xUnitTestProject\bin\Debug\netcoreapp3.1\xUnitTestProject.dll" adapterTypeName="executor://xunit/VsTestRunner2/netcoreapp" className="xUnitTestProject.CurrencyHelperTests" name="FormatToStringTest100" />
    </UnitTest>
    <UnitTest name="xUnitTestProject.CurrencyHelperTests.FormatToStringTest100(price: 1108.7197928823157, expected: &quot;1108.72 zł&quot;)" storage="c:\projekty\xunittestproject\bin\debug\netcoreapp3.1\xunittestproject.dll" id="bc595dee-6f3e-e241-694d-ba68ac66ab16">
      <Execution id="f0e5e369-e0ea-4611-9e04-7c3f3b719ac0" />
      <TestMethod codeBase="C:\Projekty\xUnitTestProject\bin\Debug\netcoreapp3.1\xUnitTestProject.dll" adapterTypeName="executor://xunit/VsTestRunner2/netcoreapp" className="xUnitTestProject.CurrencyHelperTests" name="FormatToStringTest100" />
    </UnitTest>
    <UnitTest name="xUnitTestProject.CurrencyHelperTests.FormatToStringTest100(price: 740.3213011405064, expected: &quot;740.32 zł&quot;)" storage="c:\projekty\xunittestproject\bin\debug\netcoreapp3.1\xunittestproject.dll" id="afb9fcf3-f392-dcf0-c2e9-6922ff45e46f">
      <Execution id="a9f6ddad-beec-4732-955a-52e60959fb6e" />
      <TestMethod codeBase="C:\Projekty\xUnitTestProject\bin\Debug\netcoreapp3.1\xUnitTestProject.dll" adapterTypeName="executor://xunit/VsTestRunner2/netcoreapp" className="xUnitTestProject.CurrencyHelperTests" name="FormatToStringTest100" />
    </UnitTest>
    <UnitTest name="xUnitTestProject.CurrencyHelperTests.FormatToStringTest100(price: 77904.0088552246, expected: &quot;77904.01 zł&quot;)" storage="c:\projekty\xunittestproject\bin\debug\netcoreapp3.1\xunittestproject.dll" id="7c8e7438-e86b-d1a6-214d-a8d6be86bec7">
      <Execution id="1cfa5e4f-04a7-4eb8-aae5-9efaa017bec0" />
      <TestMethod codeBase="C:\Projekty\xUnitTestProject\bin\Debug\netcoreapp3.1\xUnitTestProject.dll" adapterTypeName="executor://xunit/VsTestRunner2/netcoreapp" className="xUnitTestProject.CurrencyHelperTests" name="FormatToStringTest100" />
    </UnitTest>
    <UnitTest name="xUnitTestProject.CurrencyHelperTests.FormatToStringTest100(price: 52810.91713865516, expected: &quot;52810.92 zł&quot;)" storage="c:\projekty\xunittestproject\bin\debug\netcoreapp3.1\xunittestproject.dll" id="d073a14a-1a05-55ae-e697-84b172175337">
      <Execution id="346c1a20-ab19-4275-b3b8-9b8bc24e0fe1" />
      <TestMethod codeBase="C:\Projekty\xUnitTestProject\bin\Debug\netcoreapp3.1\xUnitTestProject.dll" adapterTypeName="executor://xunit/VsTestRunner2/netcoreapp" className="xUnitTestProject.CurrencyHelperTests" name="FormatToStringTest100" />
    </UnitTest>
    <UnitTest name="xUnitTestProject.CurrencyHelperTests.FormatToStringTest100(price: 10914.360814625099, expected: &quot;10914.36 zł&quot;)" storage="c:\projekty\xunittestproject\bin\debug\netcoreapp3.1\xunittestproject.dll" id="ac0c8e8e-94ce-f433-7c74-70876edf6736">
      <Execution id="d7c43982-11c5-41b6-b5b9-03bbba993ac8" />
      <TestMethod codeBase="C:\Projekty\xUnitTestProject\bin\Debug\netcoreapp3.1\xUnitTestProject.dll" adapterTypeName="executor://xunit/VsTestRunner2/netcoreapp" className="xUnitTestProject.CurrencyHelperTests" name="FormatToStringTest100" />
    </UnitTest>
    <UnitTest name="xUnitTestProject.CurrencyHelperTests.FormatToStringTest100(price: 79973.08417819678, expected: &quot;79973.08 zł&quot;)" storage="c:\projekty\xunittestproject\bin\debug\netcoreapp3.1\xunittestproject.dll" id="b611b239-b1eb-9204-e0e7-5dd83b648e27">
      <Execution id="d5a55e0e-56e1-458f-a7d8-a3163392a8e6" />
      <TestMethod codeBase="C:\Projekty\xUnitTestProject\bin\Debug\netcoreapp3.1\xUnitTestProject.dll" adapterTypeName="executor://xunit/VsTestRunner2/netcoreapp" className="xUnitTestProject.CurrencyHelperTests" name="FormatToStringTest100" />
    </UnitTest>
    <UnitTest name="xUnitTestProject.CurrencyHelperTests.FormatToStringTest100(price: 50339.31259969497, expected: &quot;50339.31 zł&quot;)" storage="c:\projekty\xunittestproject\bin\debug\netcoreapp3.1\xunittestproject.dll" id="649e78c8-4417-17eb-ca16-441525722fe8">
      <Execution id="9e1042d0-8809-480f-8320-457809ff14d2" />
      <TestMethod codeBase="C:\Projekty\xUnitTestProject\bin\Debug\netcoreapp3.1\xUnitTestProject.dll" adapterTypeName="executor://xunit/VsTestRunner2/netcoreapp" className="xUnitTestProject.CurrencyHelperTests" name="FormatToStringTest100" />
    </UnitTest>
    <UnitTest name="xUnitTestProject.CurrencyHelperTests.FormatToStringTest100(price: 22291.653251342315, expected: &quot;22291.65 zł&quot;)" storage="c:\projekty\xunittestproject\bin\debug\netcoreapp3.1\xunittestproject.dll" id="8b4e8664-15ff-c81e-db88-693c6ea7ece0">
      <Execution id="b77c58e7-ed7d-4cdc-a1e4-992b6c8fc1ca" />
      <TestMethod codeBase="C:\Projekty\xUnitTestProject\bin\Debug\netcoreapp3.1\xUnitTestProject.dll" adapterTypeName="executor://xunit/VsTestRunner2/netcoreapp" className="xUnitTestProject.CurrencyHelperTests" name="FormatToStringTest100" />
    </UnitTest>
    <UnitTest name="xUnitTestProject.CurrencyHelperTests.FormatToStringTest100(price: 10784.438152511344, expected: &quot;10784.44 zł&quot;)" storage="c:\projekty\xunittestproject\bin\debug\netcoreapp3.1\xunittestproject.dll" id="c2fcc150-05bf-fac8-cb5b-156769265741">
      <Execution id="0c47a7ba-32b1-40ef-95ea-187249ed0650" />
      <TestMethod codeBase="C:\Projekty\xUnitTestProject\bin\Debug\netcoreapp3.1\xUnitTestProject.dll" adapterTypeName="executor://xunit/VsTestRunner2/netcoreapp" className="xUnitTestProject.CurrencyHelperTests" name="FormatToStringTest100" />
    </UnitTest>
    <UnitTest name="xUnitTestProject.CurrencyHelperTests.FormatToStringTest100(price: 67338.80028760935, expected: &quot;67338.80 zł&quot;)" storage="c:\projekty\xunittestproject\bin\debug\netcoreapp3.1\xunittestproject.dll" id="f1fba880-f684-09f7-700f-be107cba176b">
      <Execution id="16c2a8a2-7763-4393-8822-4374ae162558" />
      <TestMethod codeBase="C:\Projekty\xUnitTestProject\bin\Debug\netcoreapp3.1\xUnitTestProject.dll" adapterTypeName="executor://xunit/VsTestRunner2/netcoreapp" className="xUnitTestProject.CurrencyHelperTests" name="FormatToStringTest100" />
    </UnitTest>
    <UnitTest name="xUnitTestProject.CurrencyHelperTests.FormatToStringTest100(price: 159.83786031922224, expected: &quot;159.84 zł&quot;)" storage="c:\projekty\xunittestproject\bin\debug\netcoreapp3.1\xunittestproject.dll" id="3ac7c8db-6027-14d9-863b-5141742cb318">
      <Execution id="8a36d410-3b5f-4f8a-9c00-82633a3bef1f" />
      <TestMethod codeBase="C:\Projekty\xUnitTestProject\bin\Debug\netcoreapp3.1\xUnitTestProject.dll" adapterTypeName="executor://xunit/VsTestRunner2/netcoreapp" className="xUnitTestProject.CurrencyHelperTests" name="FormatToStringTest100" />
    </UnitTest>
    <UnitTest name="xUnitTestProject.CurrencyHelperTests.FormatToStringTest100(price: 15566.957545477411, expected: &quot;15566.96 zł&quot;)" storage="c:\projekty\xunittestproject\bin\debug\netcoreapp3.1\xunittestproject.dll" id="ae4dd41d-98b4-3a18-47fe-168d75b24553">
      <Execution id="15fe6344-7f58-4093-b027-32ab64a8230d" />
      <TestMethod codeBase="C:\Projekty\xUnitTestProject\bin\Debug\netcoreapp3.1\xUnitTestProject.dll" adapterTypeName="executor://xunit/VsTestRunner2/netcoreapp" className="xUnitTestProject.CurrencyHelperTests" name="FormatToStringTest100" />
    </UnitTest>
    <UnitTest name="xUnitTestProject.CurrencyHelperTests.FormatToStringTest100(price: 10268.547802396373, expected: &quot;10268.55 zł&quot;)" storage="c:\projekty\xunittestproject\bin\debug\netcoreapp3.1\xunittestproject.dll" id="ec952d1c-d4b8-4514-2b06-3c5983e68faa">
      <Execution id="3e1242a8-e6f2-4443-9638-f7196d20d76c" />
      <TestMethod codeBase="C:\Projekty\xUnitTestProject\bin\Debug\netcoreapp3.1\xUnitTestProject.dll" adapterTypeName="executor://xunit/VsTestRunner2/netcoreapp" className="xUnitTestProject.CurrencyHelperTests" name="FormatToStringTest100" />
    </UnitTest>
    <UnitTest name="xUnitTestProject.CurrencyHelperTests.FormatToStringTest100(price: 18990.72499258012, expected: &quot;18990.72 zł&quot;)" storage="c:\projekty\xunittestproject\bin\debug\netcoreapp3.1\xunittestproject.dll" id="7a7c5696-e868-4bc5-0840-551dde71b5f9">
      <Execution id="1a98490c-14fe-457d-be2b-d1a496942abb" />
      <TestMethod codeBase="C:\Projekty\xUnitTestProject\bin\Debug\netcoreapp3.1\xUnitTestProject.dll" adapterTypeName="executor://xunit/VsTestRunner2/netcoreapp" className="xUnitTestProject.CurrencyHelperTests" name="FormatToStringTest100" />
    </UnitTest>
    <UnitTest name="xUnitTestProject.CurrencyHelperTests.FormatToStringTest100(price: 14237.13226245955, expected: &quot;14237.13 zł&quot;)" storage="c:\projekty\xunittestproject\bin\debug\netcoreapp3.1\xunittestproject.dll" id="77be9760-e130-8956-fbc4-11e64213b336">
      <Execution id="478f1de4-c869-4f90-a6e4-d56a4596638a" />
      <TestMethod codeBase="C:\Projekty\xUnitTestProject\bin\Debug\netcoreapp3.1\xUnitTestProject.dll" adapterTypeName="executor://xunit/VsTestRunner2/netcoreapp" className="xUnitTestProject.CurrencyHelperTests" name="FormatToStringTest100" />
    </UnitTest>
    <UnitTest name="xUnitTestProject.CurrencyHelperTests.FormatToStringTest100(price: 11912.404131636213, expected: &quot;11912.40 zł&quot;)" storage="c:\projekty\xunittestproject\bin\debug\netcoreapp3.1\xunittestproject.dll" id="f0bb637b-8cf3-7fb0-e10c-0038b91cfed9">
      <Execution id="40440f81-f612-40df-85ba-fbd13fb843ff" />
      <TestMethod codeBase="C:\Projekty\xUnitTestProject\bin\Debug\netcoreapp3.1\xUnitTestProject.dll" adapterTypeName="executor://xunit/VsTestRunner2/netcoreapp" className="xUnitTestProject.CurrencyHelperTests" name="FormatToStringTest100" />
    </UnitTest>
    <UnitTest name="xUnitTestProject.CurrencyHelperTests.FormatToStringTest100(price: 7124.979180760672, expected: &quot;7124.98 zł&quot;)" storage="c:\projekty\xunittestproject\bin\debug\netcoreapp3.1\xunittestproject.dll" id="f910ed82-0c15-5fc2-de25-f9ceba99a963">
      <Execution id="165dcb90-c8c5-4810-b601-80abad1025fc" />
      <TestMethod codeBase="C:\Projekty\xUnitTestProject\bin\Debug\netcoreapp3.1\xUnitTestProject.dll" adapterTypeName="executor://xunit/VsTestRunner2/netcoreapp" className="xUnitTestProject.CurrencyHelperTests" name="FormatToStringTest100" />
    </UnitTest>
    <UnitTest name="xUnitTestProject.CurrencyHelperTests.FormatToStringTest100(price: 317.9090540706688, expected: &quot;317.91 zł&quot;)" storage="c:\projekty\xunittestproject\bin\debug\netcoreapp3.1\xunittestproject.dll" id="4053e7cd-71d6-290b-ba32-3b8047db680a">
      <Execution id="318a38ff-204f-4044-8cb1-6b7a671e42b8" />
      <TestMethod codeBase="C:\Projekty\xUnitTestProject\bin\Debug\netcoreapp3.1\xUnitTestProject.dll" adapterTypeName="executor://xunit/VsTestRunner2/netcoreapp" className="xUnitTestProject.CurrencyHelperTests" name="FormatToStringTest100" />
    </UnitTest>
    <UnitTest name="xUnitTestProject.CurrencyHelperTests.FormatToStringTest100(price: 918.1842976688334, expected: &quot;918.18 zł&quot;)" storage="c:\projekty\xunittestproject\bin\debug\netcoreapp3.1\xunittestproject.dll" id="8f7d9f64-63ea-bbc2-2cda-2de4bf0e8d28">
      <Execution id="90ca5440-1d4c-47de-8fb0-f9a636c478aa" />
      <TestMethod codeBase="C:\Projekty\xUnitTestProject\bin\Debug\netcoreapp3.1\xUnitTestProject.dll" adapterTypeName="executor://xunit/VsTestRunner2/netcoreapp" className="xUnitTestProject.CurrencyHelperTests" name="FormatToStringTest100" />
    </UnitTest>
    <UnitTest name="xUnitTestProject.CurrencyHelperTests.FormatToStringTest100(price: 28072.424637532058, expected: &quot;28072.42 zł&quot;)" storage="c:\projekty\xunittestproject\bin\debug\netcoreapp3.1\xunittestproject.dll" id="fb2ea2cb-613f-cbc7-6fc7-7097106fa76f">
      <Execution id="81ad6538-dca2-4c62-9bf9-c6e09dd1cb07" />
      <TestMethod codeBase="C:\Projekty\xUnitTestProject\bin\Debug\netcoreapp3.1\xUnitTestProject.dll" adapterTypeName="executor://xunit/VsTestRunner2/netcoreapp" className="xUnitTestProject.CurrencyHelperTests" name="FormatToStringTest100" />
    </UnitTest>
    <UnitTest name="xUnitTestProject.CurrencyHelperTests.FormatToStringTest100(price: 3521.3657738167635, expected: &quot;3521.37 zł&quot;)" storage="c:\projekty\xunittestproject\bin\debug\netcoreapp3.1\xunittestproject.dll" id="f9cb3c10-b6dc-401f-48ca-7381182b493b">
      <Execution id="9236355c-440f-4498-94c0-6375b0cfcfdc" />
      <TestMethod codeBase="C:\Projekty\xUnitTestProject\bin\Debug\netcoreapp3.1\xUnitTestProject.dll" adapterTypeName="executor://xunit/VsTestRunner2/netcoreapp" className="xUnitTestProject.CurrencyHelperTests" name="FormatToStringTest100" />
    </UnitTest>
    <UnitTest name="xUnitTestProject.CurrencyHelperTests.FormatToStringTest100(price: 40857.08543233996, expected: &quot;40857.09 zł&quot;)" storage="c:\projekty\xunittestproject\bin\debug\netcoreapp3.1\xunittestproject.dll" id="abbe5506-3b8c-ed2b-2408-42de70c236b9">
      <Execution id="26f991b5-9878-4717-b661-76ccef260edb" />
      <TestMethod codeBase="C:\Projekty\xUnitTestProject\bin\Debug\netcoreapp3.1\xUnitTestProject.dll" adapterTypeName="executor://xunit/VsTestRunner2/netcoreapp" className="xUnitTestProject.CurrencyHelperTests" name="FormatToStringTest100" />
    </UnitTest>
    <UnitTest name="xUnitTestProject.CurrencyHelperTests.FormatToStringTest100(price: 58848.60825001477, expected: &quot;58848.61 zł&quot;)" storage="c:\projekty\xunittestproject\bin\debug\netcoreapp3.1\xunittestproject.dll" id="e3518d76-f67f-2786-4eb3-a849256035ef">
      <Execution id="ce84c19a-da90-4616-be43-9c52feaf4f65" />
      <TestMethod codeBase="C:\Projekty\xUnitTestProject\bin\Debug\netcoreapp3.1\xUnitTestProject.dll" adapterTypeName="executor://xunit/VsTestRunner2/netcoreapp" className="xUnitTestProject.CurrencyHelperTests" name="FormatToStringTest100" />
    </UnitTest>
    <UnitTest name="xUnitTestProject.CurrencyHelperTests.FormatToStringTest100(price: 17953.338243749615, expected: &quot;17953.34 zł&quot;)" storage="c:\projekty\xunittestproject\bin\debug\netcoreapp3.1\xunittestproject.dll" id="0bf4b77c-c3da-f3e0-15d0-aa3788b09ed0">
      <Execution id="5f4ca653-abf1-49b0-baa2-32f3a259e0b4" />
      <TestMethod codeBase="C:\Projekty\xUnitTestProject\bin\Debug\netcoreapp3.1\xUnitTestProject.dll" adapterTypeName="executor://xunit/VsTestRunner2/netcoreapp" className="xUnitTestProject.CurrencyHelperTests" name="FormatToStringTest100" />
    </UnitTest>
    <UnitTest name="xUnitTestProject.CurrencyHelperTests.FormatToStringTest100(price: 31300.40752580967, expected: &quot;31300.41 zł&quot;)" storage="c:\projekty\xunittestproject\bin\debug\netcoreapp3.1\xunittestproject.dll" id="84d5048a-7b2f-9b60-257e-0daa5848d93c">
      <Execution id="dee02876-46d1-41bf-9278-fa0d79ca3549" />
      <TestMethod codeBase="C:\Projekty\xUnitTestProject\bin\Debug\netcoreapp3.1\xUnitTestProject.dll" adapterTypeName="executor://xunit/VsTestRunner2/netcoreapp" className="xUnitTestProject.CurrencyHelperTests" name="FormatToStringTest100" />
    </UnitTest>
    <UnitTest name="xUnitTestProject.CurrencyHelperTests.FormatToStringTest100(price: 1208.1827589441941, expected: &quot;1208.18 zł&quot;)" storage="c:\projekty\xunittestproject\bin\debug\netcoreapp3.1\xunittestproject.dll" id="91415d54-575f-b471-1dc0-1631e68e02ab">
      <Execution id="38d86b6d-df89-44ae-b084-691fce3bfcb3" />
      <TestMethod codeBase="C:\Projekty\xUnitTestProject\bin\Debug\netcoreapp3.1\xUnitTestProject.dll" adapterTypeName="executor://xunit/VsTestRunner2/netcoreapp" className="xUnitTestProject.CurrencyHelperTests" name="FormatToStringTest100" />
    </UnitTest>
    <UnitTest name="xUnitTestProject.CurrencyHelperTests.FormatToStringTest100(price: 7458.609645228652, expected: &quot;7458.61 zł&quot;)" storage="c:\projekty\xunittestproject\bin\debug\netcoreapp3.1\xunittestproject.dll" id="ece080b6-35d5-52f6-4ff2-f79908c52d78">
      <Execution id="4be1555f-577b-4f75-b847-dcd1556a744c" />
      <TestMethod codeBase="C:\Projekty\xUnitTestProject\bin\Debug\netcoreapp3.1\xUnitTestProject.dll" adapterTypeName="executor://xunit/VsTestRunner2/netcoreapp" className="xUnitTestProject.CurrencyHelperTests" name="FormatToStringTest100" />
    </UnitTest>
    <UnitTest name="xUnitTestProject.CurrencyHelperTests.FormatToStringTest100(price: 75350.77330865282, expected: &quot;75350.77 zł&quot;)" storage="c:\projekty\xunittestproject\bin\debug\netcoreapp3.1\xunittestproject.dll" id="e2ec08cf-67dd-78b0-72e9-2a2acf351ef6">
      <Execution id="285d6811-604b-4364-bc78-6b21f116f0ef" />
      <TestMethod codeBase="C:\Projekty\xUnitTestProject\bin\Debug\netcoreapp3.1\xUnitTestProject.dll" adapterTypeName="executor://xunit/VsTestRunner2/netcoreapp" className="xUnitTestProject.CurrencyHelperTests" name="FormatToStringTest100" />
    </UnitTest>
    <UnitTest name="xUnitTestProject.CurrencyHelperTests.FormatToStringTest100(price: 6958.393354767186, expected: &quot;6958.39 zł&quot;)" storage="c:\projekty\xunittestproject\bin\debug\netcoreapp3.1\xunittestproject.dll" id="2738362e-e19d-f6a9-dd3e-b18b1bacf9a4">
      <Execution id="19bfa9cf-3d1d-4335-a518-c102e97f126d" />
      <TestMethod codeBase="C:\Projekty\xUnitTestProject\bin\Debug\netcoreapp3.1\xUnitTestProject.dll" adapterTypeName="executor://xunit/VsTestRunner2/netcoreapp" className="xUnitTestProject.CurrencyHelperTests" name="FormatToStringTest100" />
    </UnitTest>
    <UnitTest name="xUnitTestProject.CurrencyHelperTests.FormatToStringTest100(price: 37589.670531794276, expected: &quot;37589.67 zł&quot;)" storage="c:\projekty\xunittestproject\bin\debug\netcoreapp3.1\xunittestproject.dll" id="aa846e16-83e3-6a8d-ea1c-cf150206bc05">
      <Execution id="50e7d270-6bc5-47a9-ac80-916c99bf4e26" />
      <TestMethod codeBase="C:\Projekty\xUnitTestProject\bin\Debug\netcoreapp3.1\xUnitTestProject.dll" adapterTypeName="executor://xunit/VsTestRunner2/netcoreapp" className="xUnitTestProject.CurrencyHelperTests" name="FormatToStringTest100" />
    </UnitTest>
    <UnitTest name="xUnitTestProject.CurrencyHelperTests.FormatToStringTest100(price: 32218.080508120394, expected: &quot;32218.08 zł&quot;)" storage="c:\projekty\xunittestproject\bin\debug\netcoreapp3.1\xunittestproject.dll" id="5cbd1a54-5566-6c6a-e422-221bbd0a9b56">
      <Execution id="3b19753d-e71d-408e-b9a3-74cc1c2815c0" />
      <TestMethod codeBase="C:\Projekty\xUnitTestProject\bin\Debug\netcoreapp3.1\xUnitTestProject.dll" adapterTypeName="executor://xunit/VsTestRunner2/netcoreapp" className="xUnitTestProject.CurrencyHelperTests" name="FormatToStringTest100" />
    </UnitTest>
    <UnitTest name="xUnitTestProject.CurrencyHelperTests.FormatToStringTest100(price: 1300.9430775404642, expected: &quot;1300.94 zł&quot;)" storage="c:\projekty\xunittestproject\bin\debug\netcoreapp3.1\xunittestproject.dll" id="9fa54161-392b-187a-1e6d-1b04f9e216c3">
      <Execution id="846a3513-6386-4d9c-89e6-3aaa9a5b570c" />
      <TestMethod codeBase="C:\Projekty\xUnitTestProject\bin\Debug\netcoreapp3.1\xUnitTestProject.dll" adapterTypeName="executor://xunit/VsTestRunner2/netcoreapp" className="xUnitTestProject.CurrencyHelperTests" name="FormatToStringTest100" />
    </UnitTest>
    <UnitTest name="xUnitTestProject.CurrencyHelperTests.FormatToStringTest100(price: 69864.17463991146, expected: &quot;69864.17 zł&quot;)" storage="c:\projekty\xunittestproject\bin\debug\netcoreapp3.1\xunittestproject.dll" id="010637aa-f4d9-9bdc-374f-aa35642ade2f">
      <Execution id="13278b6d-f295-4c6c-bcf1-d23fe4baa601" />
      <TestMethod codeBase="C:\Projekty\xUnitTestProject\bin\Debug\netcoreapp3.1\xUnitTestProject.dll" adapterTypeName="executor://xunit/VsTestRunner2/netcoreapp" className="xUnitTestProject.CurrencyHelperTests" name="FormatToStringTest100" />
    </UnitTest>
    <UnitTest name="xUnitTestProject.CurrencyHelperTests.FormatToStringTest100(price: 33206.73122987837, expected: &quot;33206.73 zł&quot;)" storage="c:\projekty\xunittestproject\bin\debug\netcoreapp3.1\xunittestproject.dll" id="4fe91442-a364-ddf6-571a-0c1b0e5ac3fa">
      <Execution id="a4c251df-8836-4ada-85e4-1bcbd3417105" />
      <TestMethod codeBase="C:\Projekty\xUnitTestProject\bin\Debug\netcoreapp3.1\xUnitTestProject.dll" adapterTypeName="executor://xunit/VsTestRunner2/netcoreapp" className="xUnitTestProject.CurrencyHelperTests" name="FormatToStringTest100" />
    </UnitTest>
    <UnitTest name="xUnitTestProject.CurrencyHelperTests.FormatToStringTest100(price: 66019.32414194118, expected: &quot;66019.32 zł&quot;)" storage="c:\projekty\xunittestproject\bin\debug\netcoreapp3.1\xunittestproject.dll" id="e6f2d423-ca40-ed8a-1d2e-2b1354a1f4e9">
      <Execution id="4e32fbaf-08fc-469c-a8e7-a7ff94e435a3" />
      <TestMethod codeBase="C:\Projekty\xUnitTestProject\bin\Debug\netcoreapp3.1\xUnitTestProject.dll" adapterTypeName="executor://xunit/VsTestRunner2/netcoreapp" className="xUnitTestProject.CurrencyHelperTests" name="FormatToStringTest100" />
    </UnitTest>
    <UnitTest name="xUnitTestProject.CurrencyHelperTests.FormatToStringTest100(price: 286.92120604539343, expected: &quot;286.92 zł&quot;)" storage="c:\projekty\xunittestproject\bin\debug\netcoreapp3.1\xunittestproject.dll" id="fb32513a-ed20-1e61-8c8f-5e74dc95816c">
      <Execution id="4a644700-8b41-43ea-af13-20bb8775fbb0" />
      <TestMethod codeBase="C:\Projekty\xUnitTestProject\bin\Debug\netcoreapp3.1\xUnitTestProject.dll" adapterTypeName="executor://xunit/VsTestRunner2/netcoreapp" className="xUnitTestProject.CurrencyHelperTests" name="FormatToStringTest100" />
    </UnitTest>
    <UnitTest name="xUnitTestProject.CurrencyHelperTests.FormatToStringTest100(price: 52858.048916166204, expected: &quot;52858.05 zł&quot;)" storage="c:\projekty\xunittestproject\bin\debug\netcoreapp3.1\xunittestproject.dll" id="e5d3d46a-1577-bac4-8f03-ab7ff7705a9f">
      <Execution id="469f09e4-f35d-40ea-8a16-89b1d09db866" />
      <TestMethod codeBase="C:\Projekty\xUnitTestProject\bin\Debug\netcoreapp3.1\xUnitTestProject.dll" adapterTypeName="executor://xunit/VsTestRunner2/netcoreapp" className="xUnitTestProject.CurrencyHelperTests" name="FormatToStringTest100" />
    </UnitTest>
    <UnitTest name="xUnitTestProject.CurrencyHelperTests.FormatToStringTest100(price: 11100.829211263372, expected: &quot;11100.83 zł&quot;)" storage="c:\projekty\xunittestproject\bin\debug\netcoreapp3.1\xunittestproject.dll" id="99620ffe-5e9a-128c-a6ac-13976c610d3b">
      <Execution id="2cc01e78-65ec-4005-b562-cf017c73769a" />
      <TestMethod codeBase="C:\Projekty\xUnitTestProject\bin\Debug\netcoreapp3.1\xUnitTestProject.dll" adapterTypeName="executor://xunit/VsTestRunner2/netcoreapp" className="xUnitTestProject.CurrencyHelperTests" name="FormatToStringTest100" />
    </UnitTest>
    <UnitTest name="xUnitTestProject.CurrencyHelperTests.FormatToStringTest100(price: 86.89546322771136, expected: &quot;86.90 zł&quot;)" storage="c:\projekty\xunittestproject\bin\debug\netcoreapp3.1\xunittestproject.dll" id="be83c872-b584-ea7d-68ae-387efb4fd62c">
      <Execution id="354d1395-b5e4-4efc-b707-ab6e268c7b1b" />
      <TestMethod codeBase="C:\Projekty\xUnitTestProject\bin\Debug\netcoreapp3.1\xUnitTestProject.dll" adapterTypeName="executor://xunit/VsTestRunner2/netcoreapp" className="xUnitTestProject.CurrencyHelperTests" name="FormatToStringTest100" />
    </UnitTest>
    <UnitTest name="xUnitTestProject.CurrencyHelperTests.FormatToStringTest100(price: 45603.90324273142, expected: &quot;45603.90 zł&quot;)" storage="c:\projekty\xunittestproject\bin\debug\netcoreapp3.1\xunittestproject.dll" id="266d715f-e5d3-df86-ea76-d35ef7b9d7e0">
      <Execution id="65e22dd7-ebf1-4b49-a029-23a22ec19839" />
      <TestMethod codeBase="C:\Projekty\xUnitTestProject\bin\Debug\netcoreapp3.1\xUnitTestProject.dll" adapterTypeName="executor://xunit/VsTestRunner2/netcoreapp" className="xUnitTestProject.CurrencyHelperTests" name="FormatToStringTest100" />
    </UnitTest>
    <UnitTest name="xUnitTestProject.CurrencyHelperTests.FormatToStringTest100(price: 14172.682747822573, expected: &quot;14172.68 zł&quot;)" storage="c:\projekty\xunittestproject\bin\debug\netcoreapp3.1\xunittestproject.dll" id="ff59583d-5ce7-46c9-0e7b-54c700821ca2">
      <Execution id="6954d139-4be3-4d36-9c3b-266eef8736c2" />
      <TestMethod codeBase="C:\Projekty\xUnitTestProject\bin\Debug\netcoreapp3.1\xUnitTestProject.dll" adapterTypeName="executor://xunit/VsTestRunner2/netcoreapp" className="xUnitTestProject.CurrencyHelperTests" name="FormatToStringTest100" />
    </UnitTest>
    <UnitTest name="xUnitTestProject.CurrencyHelperTests.FormatToStringTest100(price: 45035.160883881224, expected: &quot;45035.16 zł&quot;)" storage="c:\projekty\xunittestproject\bin\debug\netcoreapp3.1\xunittestproject.dll" id="67a2e17d-2e99-1573-e414-664dc3a5daec">
      <Execution id="ae7fc8e2-3d4b-4d9d-8d84-4977a5c068c7" />
      <TestMethod codeBase="C:\Projekty\xUnitTestProject\bin\Debug\netcoreapp3.1\xUnitTestProject.dll" adapterTypeName="executor://xunit/VsTestRunner2/netcoreapp" className="xUnitTestProject.CurrencyHelperTests" name="FormatToStringTest100" />
    </UnitTest>
    <UnitTest name="xUnitTestProject.CurrencyHelperTests.FormatToStringTest100(price: 726.8087564975995, expected: &quot;726.81 zł&quot;)" storage="c:\projekty\xunittestproject\bin\debug\netcoreapp3.1\xunittestproject.dll" id="5be8086d-757f-607e-3916-e3fc3a32dab6">
      <Execution id="74d54d49-24cf-4d19-a6a5-efa142fbdc87" />
      <TestMethod codeBase="C:\Projekty\xUnitTestProject\bin\Debug\netcoreapp3.1\xUnitTestProject.dll" adapterTypeName="executor://xunit/VsTestRunner2/netcoreapp" className="xUnitTestProject.CurrencyHelperTests" name="FormatToStringTest100" />
    </UnitTest>
    <UnitTest name="xUnitTestProject.CurrencyHelperTests.FormatToStringTest100(price: 8768.816937361293, expected: &quot;8768.82 zł&quot;)" storage="c:\projekty\xunittestproject\bin\debug\netcoreapp3.1\xunittestproject.dll" id="d48c6551-b0f6-c3d7-de17-2c1671fe95a2">
      <Execution id="27283cba-82e3-4d58-a1e0-ae3a0a0c7d08" />
      <TestMethod codeBase="C:\Projekty\xUnitTestProject\bin\Debug\netcoreapp3.1\xUnitTestProject.dll" adapterTypeName="executor://xunit/VsTestRunner2/netcoreapp" className="xUnitTestProject.CurrencyHelperTests" name="FormatToStringTest100" />
    </UnitTest>
    <UnitTest name="xUnitTestProject.CurrencyHelperTests.FormatToStringTest100(price: 12949.590713378317, expected: &quot;12949.59 zł&quot;)" storage="c:\projekty\xunittestproject\bin\debug\netcoreapp3.1\xunittestproject.dll" id="d7778823-4bda-74f0-3f28-6c90759e2c7c">
      <Execution id="a4021bae-2ba1-41af-a3e4-cf4da659fed0" />
      <TestMethod codeBase="C:\Projekty\xUnitTestProject\bin\Debug\netcoreapp3.1\xUnitTestProject.dll" adapterTypeName="executor://xunit/VsTestRunner2/netcoreapp" className="xUnitTestProject.CurrencyHelperTests" name="FormatToStringTest100" />
    </UnitTest>
    <UnitTest name="xUnitTestProject.CurrencyHelperTests.FormatToStringTest100(price: 16986.338876065027, expected: &quot;16986.34 zł&quot;)" storage="c:\projekty\xunittestproject\bin\debug\netcoreapp3.1\xunittestproject.dll" id="14bf6b28-24d9-64d3-e241-ed045f113c3f">
      <Execution id="21e61666-c31f-4df5-80c4-d1cd761497e9" />
      <TestMethod codeBase="C:\Projekty\xUnitTestProject\bin\Debug\netcoreapp3.1\xUnitTestProject.dll" adapterTypeName="executor://xunit/VsTestRunner2/netcoreapp" className="xUnitTestProject.CurrencyHelperTests" name="FormatToStringTest100" />
    </UnitTest>
    <UnitTest name="xUnitTestProject.CurrencyHelperTests.FormatToStringTest100(price: 7789.7136237517525, expected: &quot;7789.71 zł&quot;)" storage="c:\projekty\xunittestproject\bin\debug\netcoreapp3.1\xunittestproject.dll" id="3e7f7dc0-a481-a391-5e59-0a09ddfda429">
      <Execution id="d4259e06-71ab-47cb-84d9-525f8fee0be8" />
      <TestMethod codeBase="C:\Projekty\xUnitTestProject\bin\Debug\netcoreapp3.1\xUnitTestProject.dll" adapterTypeName="executor://xunit/VsTestRunner2/netcoreapp" className="xUnitTestProject.CurrencyHelperTests" name="FormatToStringTest100" />
    </UnitTest>
    <UnitTest name="xUnitTestProject.CurrencyHelperTests.FormatToStringTest100(price: 63507.32603545455, expected: &quot;63507.33 zł&quot;)" storage="c:\projekty\xunittestproject\bin\debug\netcoreapp3.1\xunittestproject.dll" id="9d3c6e40-46ef-8e8b-da94-d2afb05dab1a">
      <Execution id="c37926a8-fe41-40e9-adcc-122a448282ec" />
      <TestMethod codeBase="C:\Projekty\xUnitTestProject\bin\Debug\netcoreapp3.1\xUnitTestProject.dll" adapterTypeName="executor://xunit/VsTestRunner2/netcoreapp" className="xUnitTestProject.CurrencyHelperTests" name="FormatToStringTest100" />
    </UnitTest>
    <UnitTest name="xUnitTestProject.CurrencyHelperTests.FormatToStringTest100(price: 50991.22189691114, expected: &quot;50991.22 zł&quot;)" storage="c:\projekty\xunittestproject\bin\debug\netcoreapp3.1\xunittestproject.dll" id="8cee55c7-2f54-9306-dead-c4a37d1316a9">
      <Execution id="a11d1567-a56a-4d88-8a76-8ec3338cccba" />
      <TestMethod codeBase="C:\Projekty\xUnitTestProject\bin\Debug\netcoreapp3.1\xUnitTestProject.dll" adapterTypeName="executor://xunit/VsTestRunner2/netcoreapp" className="xUnitTestProject.CurrencyHelperTests" name="FormatToStringTest100" />
    </UnitTest>
    <UnitTest name="xUnitTestProject.CurrencyHelperTests.FormatToStringTest100(price: 31290.71396233687, expected: &quot;31290.71 zł&quot;)" storage="c:\projekty\xunittestproject\bin\debug\netcoreapp3.1\xunittestproject.dll" id="6841efc3-9345-d314-75c2-427f114f051b">
      <Execution id="306f5dae-3b10-4564-8089-1401b61130ee" />
      <TestMethod codeBase="C:\Projekty\xUnitTestProject\bin\Debug\netcoreapp3.1\xUnitTestProject.dll" adapterTypeName="executor://xunit/VsTestRunner2/netcoreapp" className="xUnitTestProject.CurrencyHelperTests" name="FormatToStringTest100" />
    </UnitTest>
    <UnitTest name="xUnitTestProject.CurrencyHelperTests.FormatToStringTest100(price: 15639.704937780603, expected: &quot;15639.70 zł&quot;)" storage="c:\projekty\xunittestproject\bin\debug\netcoreapp3.1\xunittestproject.dll" id="2c0a47e8-8ee6-29b4-babb-5a689a07f007">
      <Execution id="f3939717-87ab-43ef-9b70-f89abdbf93fe" />
      <TestMethod codeBase="C:\Projekty\xUnitTestProject\bin\Debug\netcoreapp3.1\xUnitTestProject.dll" adapterTypeName="executor://xunit/VsTestRunner2/netcoreapp" className="xUnitTestProject.CurrencyHelperTests" name="FormatToStringTest100" />
    </UnitTest>
    <UnitTest name="xUnitTestProject.CurrencyHelperTests.FormatToStringTest100(price: 17252.06220983903, expected: &quot;17252.06 zł&quot;)" storage="c:\projekty\xunittestproject\bin\debug\netcoreapp3.1\xunittestproject.dll" id="7d21651a-97b6-7b0a-2e61-911a28703fd6">
      <Execution id="11cc3658-6153-4481-ae40-040f90078a5e" />
      <TestMethod codeBase="C:\Projekty\xUnitTestProject\bin\Debug\netcoreapp3.1\xUnitTestProject.dll" adapterTypeName="executor://xunit/VsTestRunner2/netcoreapp" className="xUnitTestProject.CurrencyHelperTests" name="FormatToStringTest100" />
    </UnitTest>
    <UnitTest name="xUnitTestProject.CurrencyHelperTests.FormatToStringTest100(price: 27050.586848031067, expected: &quot;27050.59 zł&quot;)" storage="c:\projekty\xunittestproject\bin\debug\netcoreapp3.1\xunittestproject.dll" id="541757e5-f479-f33d-0381-b6dbdace2afb">
      <Execution id="c8479a30-6061-46b2-97bf-20e25fcc44e5" />
      <TestMethod codeBase="C:\Projekty\xUnitTestProject\bin\Debug\netcoreapp3.1\xUnitTestProject.dll" adapterTypeName="executor://xunit/VsTestRunner2/netcoreapp" className="xUnitTestProject.CurrencyHelperTests" name="FormatToStringTest100" />
    </UnitTest>
    <UnitTest name="xUnitTestProject.CurrencyHelperTests.FormatToStringTest100(price: 28502.61128259758, expected: &quot;28502.61 zł&quot;)" storage="c:\projekty\xunittestproject\bin\debug\netcoreapp3.1\xunittestproject.dll" id="4b242f0c-9170-3330-c57e-f3c12dfe43da">
      <Execution id="5e8dcbab-e576-47ae-80fb-38e83f48d4d6" />
      <TestMethod codeBase="C:\Projekty\xUnitTestProject\bin\Debug\netcoreapp3.1\xUnitTestProject.dll" adapterTypeName="executor://xunit/VsTestRunner2/netcoreapp" className="xUnitTestProject.CurrencyHelperTests" name="FormatToStringTest100" />
    </UnitTest>
    <UnitTest name="xUnitTestProject.CurrencyHelperTests.FormatToStringTest100(price: 19541.10539777116, expected: &quot;19541.11 zł&quot;)" storage="c:\projekty\xunittestproject\bin\debug\netcoreapp3.1\xunittestproject.dll" id="1dbb93f2-1030-009d-6521-2ea9595c26a6">
      <Execution id="c3604470-f1bd-4799-8ba6-35f2abaaa659" />
      <TestMethod codeBase="C:\Projekty\xUnitTestProject\bin\Debug\netcoreapp3.1\xUnitTestProject.dll" adapterTypeName="executor://xunit/VsTestRunner2/netcoreapp" className="xUnitTestProject.CurrencyHelperTests" name="FormatToStringTest100" />
    </UnitTest>
    <UnitTest name="xUnitTestProject.CurrencyHelperTests.FormatToStringTest100(price: 24957.469502810607, expected: &quot;24957.47 zł&quot;)" storage="c:\projekty\xunittestproject\bin\debug\netcoreapp3.1\xunittestproject.dll" id="f9f74b79-cea9-65cc-b4bd-68b4ed9d0743">
      <Execution id="6883be43-9b66-43b2-9c7f-ef924a94d1a4" />
      <TestMethod codeBase="C:\Projekty\xUnitTestProject\bin\Debug\netcoreapp3.1\xUnitTestProject.dll" adapterTypeName="executor://xunit/VsTestRunner2/netcoreapp" className="xUnitTestProject.CurrencyHelperTests" name="FormatToStringTest100" />
    </UnitTest>
    <UnitTest name="xUnitTestProject.CurrencyHelperTests.FormatToStringTest100(price: 468.83385119346616, expected: &quot;468.83 zł&quot;)" storage="c:\projekty\xunittestproject\bin\debug\netcoreapp3.1\xunittestproject.dll" id="081370ca-48f4-57e4-cbf0-362048ef7fc7">
      <Execution id="e975ceb1-ab09-4357-9bdc-fc7c7f7d2c78" />
      <TestMethod codeBase="C:\Projekty\xUnitTestProject\bin\Debug\netcoreapp3.1\xUnitTestProject.dll" adapterTypeName="executor://xunit/VsTestRunner2/netcoreapp" className="xUnitTestProject.CurrencyHelperTests" name="FormatToStringTest100" />
    </UnitTest>
    <UnitTest name="xUnitTestProject.CurrencyHelperTests.FormatToStringTest100(price: 16383.352881839199, expected: &quot;16383.35 zł&quot;)" storage="c:\projekty\xunittestproject\bin\debug\netcoreapp3.1\xunittestproject.dll" id="dafd8801-e3be-22df-9fa5-764356cf2ca4">
      <Execution id="bd0020ff-d641-4fa5-9d7a-c3594c425102" />
      <TestMethod codeBase="C:\Projekty\xUnitTestProject\bin\Debug\netcoreapp3.1\xUnitTestProject.dll" adapterTypeName="executor://xunit/VsTestRunner2/netcoreapp" className="xUnitTestProject.CurrencyHelperTests" name="FormatToStringTest100" />
    </UnitTest>
    <UnitTest name="xUnitTestProject.CurrencyHelperTests.FormatToStringTest100(price: 35145.379208063416, expected: &quot;35145.38 zł&quot;)" storage="c:\projekty\xunittestproject\bin\debug\netcoreapp3.1\xunittestproject.dll" id="c154671c-e246-3280-5d80-165aa2ed0fd0">
      <Execution id="4657fc17-a9b8-48a4-a304-cbe9abf3cc40" />
      <TestMethod codeBase="C:\Projekty\xUnitTestProject\bin\Debug\netcoreapp3.1\xUnitTestProject.dll" adapterTypeName="executor://xunit/VsTestRunner2/netcoreapp" className="xUnitTestProject.CurrencyHelperTests" name="FormatToStringTest100" />
    </UnitTest>
    <UnitTest name="xUnitTestProject.CurrencyHelperTests.FormatToStringTest100(price: 28192.949128067565, expected: &quot;28192.95 zł&quot;)" storage="c:\projekty\xunittestproject\bin\debug\netcoreapp3.1\xunittestproject.dll" id="3bb4baee-0ac4-fa1e-e791-31ce6ef2b58b">
      <Execution id="c7be01d4-74d7-41e5-8f29-2906b0506d85" />
      <TestMethod codeBase="C:\Projekty\xUnitTestProject\bin\Debug\netcoreapp3.1\xUnitTestProject.dll" adapterTypeName="executor://xunit/VsTestRunner2/netcoreapp" className="xUnitTestProject.CurrencyHelperTests" name="FormatToStringTest100" />
    </UnitTest>
    <UnitTest name="xUnitTestProject.CurrencyHelperTests.FormatToStringTest100(price: 78822.37212685234, expected: &quot;78822.37 zł&quot;)" storage="c:\projekty\xunittestproject\bin\debug\netcoreapp3.1\xunittestproject.dll" id="c05fb9c5-7f95-15f9-16c2-7f5bfc2c47e7">
      <Execution id="a9f6ec69-0d05-4f30-8cd9-85d6cd0c7e99" />
      <TestMethod codeBase="C:\Projekty\xUnitTestProject\bin\Debug\netcoreapp3.1\xUnitTestProject.dll" adapterTypeName="executor://xunit/VsTestRunner2/netcoreapp" className="xUnitTestProject.CurrencyHelperTests" name="FormatToStringTest100" />
    </UnitTest>
    <UnitTest name="xUnitTestProject.CurrencyHelperTests.FormatToStringTest100(price: 41876.979471482795, expected: &quot;41876.98 zł&quot;)" storage="c:\projekty\xunittestproject\bin\debug\netcoreapp3.1\xunittestproject.dll" id="5a8675de-6b57-6a3b-e014-8c438f537aee">
      <Execution id="f4bf1f6d-9594-4b69-b5dd-4ad803a96499" />
      <TestMethod codeBase="C:\Projekty\xUnitTestProject\bin\Debug\netcoreapp3.1\xUnitTestProject.dll" adapterTypeName="executor://xunit/VsTestRunner2/netcoreapp" className="xUnitTestProject.CurrencyHelperTests" name="FormatToStringTest100" />
    </UnitTest>
    <UnitTest name="xUnitTestProject.CurrencyHelperTests.FormatToStringTest100(price: 34096.337879508894, expected: &quot;34096.34 zł&quot;)" storage="c:\projekty\xunittestproject\bin\debug\netcoreapp3.1\xunittestproject.dll" id="f265cc9e-137b-d632-0abc-0be231ad19a3">
      <Execution id="1f83c366-944c-4fe3-9897-f1ad80f87ac6" />
      <TestMethod codeBase="C:\Projekty\xUnitTestProject\bin\Debug\netcoreapp3.1\xUnitTestProject.dll" adapterTypeName="executor://xunit/VsTestRunner2/netcoreapp" className="xUnitTestProject.CurrencyHelperTests" name="FormatToStringTest100" />
    </UnitTest>
    <UnitTest name="xUnitTestProject.CurrencyHelperTests.FormatToStringTest100(price: 38640.62766693003, expected: &quot;38640.63 zł&quot;)" storage="c:\projekty\xunittestproject\bin\debug\netcoreapp3.1\xunittestproject.dll" id="bee9f8c6-2947-a818-585e-f32a0181ed37">
      <Execution id="2bb7345e-5271-4079-8afa-901007b5510a" />
      <TestMethod codeBase="C:\Projekty\xUnitTestProject\bin\Debug\netcoreapp3.1\xUnitTestProject.dll" adapterTypeName="executor://xunit/VsTestRunner2/netcoreapp" className="xUnitTestProject.CurrencyHelperTests" name="FormatToStringTest100" />
    </UnitTest>
    <UnitTest name="xUnitTestProject.CurrencyHelperTests.FormatToStringTest100(price: 52020.805412759444, expected: &quot;52020.81 zł&quot;)" storage="c:\projekty\xunittestproject\bin\debug\netcoreapp3.1\xunittestproject.dll" id="da9a7d7d-29a1-93da-fc82-1718f2a3582d">
      <Execution id="c73c7e0b-a9ab-40d6-83ea-db33b18d9fd5" />
      <TestMethod codeBase="C:\Projekty\xUnitTestProject\bin\Debug\netcoreapp3.1\xUnitTestProject.dll" adapterTypeName="executor://xunit/VsTestRunner2/netcoreapp" className="xUnitTestProject.CurrencyHelperTests" name="FormatToStringTest100" />
    </UnitTest>
    <UnitTest name="xUnitTestProject.CurrencyHelperTests.FormatToStringTest100(price: 74514.06270644537, expected: &quot;74514.06 zł&quot;)" storage="c:\projekty\xunittestproject\bin\debug\netcoreapp3.1\xunittestproject.dll" id="29335311-3390-3a4e-3295-e7d01500b61d">
      <Execution id="2a39e39d-c5af-4aca-aba6-3a6369573cfe" />
      <TestMethod codeBase="C:\Projekty\xUnitTestProject\bin\Debug\netcoreapp3.1\xUnitTestProject.dll" adapterTypeName="executor://xunit/VsTestRunner2/netcoreapp" className="xUnitTestProject.CurrencyHelperTests" name="FormatToStringTest100" />
    </UnitTest>
    <UnitTest name="xUnitTestProject.CurrencyHelperTests.FormatToStringTest100(price: 35784.54232617307, expected: &quot;35784.54 zł&quot;)" storage="c:\projekty\xunittestproject\bin\debug\netcoreapp3.1\xunittestproject.dll" id="d47953b3-b855-d065-3ee0-ac12db86be39">
      <Execution id="65d53a7b-cef2-48e5-870a-6f8855fdaf55" />
      <TestMethod codeBase="C:\Projekty\xUnitTestProject\bin\Debug\netcoreapp3.1\xUnitTestProject.dll" adapterTypeName="executor://xunit/VsTestRunner2/netcoreapp" className="xUnitTestProject.CurrencyHelperTests" name="FormatToStringTest100" />
    </UnitTest>
    <UnitTest name="xUnitTestProject.CurrencyHelperTests.FormatToStringTest100(price: 2292.8331871111104, expected: &quot;2292.83 zł&quot;)" storage="c:\projekty\xunittestproject\bin\debug\netcoreapp3.1\xunittestproject.dll" id="289f0d26-9b3d-b24d-21a5-381b61257aa2">
      <Execution id="4947e678-fe33-482a-8a58-a276e70b088f" />
      <TestMethod codeBase="C:\Projekty\xUnitTestProject\bin\Debug\netcoreapp3.1\xUnitTestProject.dll" adapterTypeName="executor://xunit/VsTestRunner2/netcoreapp" className="xUnitTestProject.CurrencyHelperTests" name="FormatToStringTest100" />
    </UnitTest>
    <UnitTest name="xUnitTestProject.CurrencyHelperTests.FormatToStringTest100(price: 62975.496334776515, expected: &quot;62975.50 zł&quot;)" storage="c:\projekty\xunittestproject\bin\debug\netcoreapp3.1\xunittestproject.dll" id="43a8ab94-a343-e6fd-9ae1-7ad0c6ee6431">
      <Execution id="e9246088-bcfb-4394-8123-6887ba2f5a20" />
      <TestMethod codeBase="C:\Projekty\xUnitTestProject\bin\Debug\netcoreapp3.1\xUnitTestProject.dll" adapterTypeName="executor://xunit/VsTestRunner2/netcoreapp" className="xUnitTestProject.CurrencyHelperTests" name="FormatToStringTest100" />
    </UnitTest>
    <UnitTest name="xUnitTestProject.CurrencyHelperTests.FormatToStringTest100(price: 22666.13578912995, expected: &quot;22666.14 zł&quot;)" storage="c:\projekty\xunittestproject\bin\debug\netcoreapp3.1\xunittestproject.dll" id="74dd38df-c768-037a-da68-a6c5c371d014">
      <Execution id="411f6632-ef1b-4977-83ca-db5cd674139e" />
      <TestMethod codeBase="C:\Projekty\xUnitTestProject\bin\Debug\netcoreapp3.1\xUnitTestProject.dll" adapterTypeName="executor://xunit/VsTestRunner2/netcoreapp" className="xUnitTestProject.CurrencyHelperTests" name="FormatToStringTest100" />
    </UnitTest>
    <UnitTest name="xUnitTestProject.CurrencyHelperTests.FormatToStringTest100(price: 5628.028273674672, expected: &quot;5628.03 zł&quot;)" storage="c:\projekty\xunittestproject\bin\debug\netcoreapp3.1\xunittestproject.dll" id="7105c4e1-ce32-5c97-6709-d6bf0a4e3d55">
      <Execution id="9a206b03-5f86-4b0b-8899-21a3c1bd791c" />
      <TestMethod codeBase="C:\Projekty\xUnitTestProject\bin\Debug\netcoreapp3.1\xUnitTestProject.dll" adapterTypeName="executor://xunit/VsTestRunner2/netcoreapp" className="xUnitTestProject.CurrencyHelperTests" name="FormatToStringTest100" />
    </UnitTest>
    <UnitTest name="xUnitTestProject.CurrencyHelperTests.FormatToStringTest100(price: 8499.121443388574, expected: &quot;8499.12 zł&quot;)" storage="c:\projekty\xunittestproject\bin\debug\netcoreapp3.1\xunittestproject.dll" id="2e0c5192-e697-d6bc-f801-978bcb4ec749">
      <Execution id="f87abb79-0819-43a9-abaf-d511424bf3a0" />
      <TestMethod codeBase="C:\Projekty\xUnitTestProject\bin\Debug\netcoreapp3.1\xUnitTestProject.dll" adapterTypeName="executor://xunit/VsTestRunner2/netcoreapp" className="xUnitTestProject.CurrencyHelperTests" name="FormatToStringTest100" />
    </UnitTest>
    <UnitTest name="xUnitTestProject.CurrencyHelperTests.FormatToStringTest100(price: 32632.105531036905, expected: &quot;32632.11 zł&quot;)" storage="c:\projekty\xunittestproject\bin\debug\netcoreapp3.1\xunittestproject.dll" id="8a266f5a-be21-44b9-cc46-2634e151c33b">
      <Execution id="cafb2e05-8a45-4dea-8769-bd4c577deb6f" />
      <TestMethod codeBase="C:\Projekty\xUnitTestProject\bin\Debug\netcoreapp3.1\xUnitTestProject.dll" adapterTypeName="executor://xunit/VsTestRunner2/netcoreapp" className="xUnitTestProject.CurrencyHelperTests" name="FormatToStringTest100" />
    </UnitTest>
    <UnitTest name="xUnitTestProject.CurrencyHelperTests.FormatToStringTest100(price: 2937.138486199611, expected: &quot;2937.14 zł&quot;)" storage="c:\projekty\xunittestproject\bin\debug\netcoreapp3.1\xunittestproject.dll" id="dcc4e251-457a-bc1b-d0d7-d1ec86b94d5d">
      <Execution id="3fee6d66-958e-4e83-b29d-aac73146b84a" />
      <TestMethod codeBase="C:\Projekty\xUnitTestProject\bin\Debug\netcoreapp3.1\xUnitTestProject.dll" adapterTypeName="executor://xunit/VsTestRunner2/netcoreapp" className="xUnitTestProject.CurrencyHelperTests" name="FormatToStringTest100" />
    </UnitTest>
    <UnitTest name="xUnitTestProject.CurrencyHelperTests.FormatToStringTest100(price: 9816.961298880615, expected: &quot;9816.96 zł&quot;)" storage="c:\projekty\xunittestproject\bin\debug\netcoreapp3.1\xunittestproject.dll" id="4c412e3e-e553-0928-365f-424e47169018">
      <Execution id="de24ba17-2517-4819-933b-529f42368c53" />
      <TestMethod codeBase="C:\Projekty\xUnitTestProject\bin\Debug\netcoreapp3.1\xUnitTestProject.dll" adapterTypeName="executor://xunit/VsTestRunner2/netcoreapp" className="xUnitTestProject.CurrencyHelperTests" name="FormatToStringTest100" />
    </UnitTest>
    <UnitTest name="xUnitTestProject.CurrencyHelperTests.FormatToStringTest100(price: 27893.312729890138, expected: &quot;27893.31 zł&quot;)" storage="c:\projekty\xunittestproject\bin\debug\netcoreapp3.1\xunittestproject.dll" id="111c79ee-d703-225b-8314-e9f7cfa3d20e">
      <Execution id="a8d9f121-bc35-4175-a950-2a4483457460" />
      <TestMethod codeBase="C:\Projekty\xUnitTestProject\bin\Debug\netcoreapp3.1\xUnitTestProject.dll" adapterTypeName="executor://xunit/VsTestRunner2/netcoreapp" className="xUnitTestProject.CurrencyHelperTests" name="FormatToStringTest100" />
    </UnitTest>
    <UnitTest name="xUnitTestProject.CurrencyHelperTests.FormatToStringTest100(price: 20244.692955315437, expected: &quot;20244.69 zł&quot;)" storage="c:\projekty\xunittestproject\bin\debug\netcoreapp3.1\xunittestproject.dll" id="b06b7483-d7a9-8983-7acb-83b99a3a9375">
      <Execution id="b84c72ff-bc21-4cfd-bf5a-673704b748e1" />
      <TestMethod codeBase="C:\Projekty\xUnitTestProject\bin\Debug\netcoreapp3.1\xUnitTestProject.dll" adapterTypeName="executor://xunit/VsTestRunner2/netcoreapp" className="xUnitTestProject.CurrencyHelperTests" name="FormatToStringTest100" />
    </UnitTest>
    <UnitTest name="xUnitTestProject.CurrencyHelperTests.FormatToStringTest100(price: 79.6815319544084, expected: &quot;79.68 zł&quot;)" storage="c:\projekty\xunittestproject\bin\debug\netcoreapp3.1\xunittestproject.dll" id="fc8fcc54-cb31-3ea9-a932-697b630d3569">
      <Execution id="e64496a6-4cb7-43d0-85fc-24861955f9aa" />
      <TestMethod codeBase="C:\Projekty\xUnitTestProject\bin\Debug\netcoreapp3.1\xUnitTestProject.dll" adapterTypeName="executor://xunit/VsTestRunner2/netcoreapp" className="xUnitTestProject.CurrencyHelperTests" name="FormatToStringTest100" />
    </UnitTest>
    <UnitTest name="xUnitTestProject.CurrencyHelperTests.FormatToStringTest100(price: 6809.40195803037, expected: &quot;6809.40 zł&quot;)" storage="c:\projekty\xunittestproject\bin\debug\netcoreapp3.1\xunittestproject.dll" id="0f154440-ee39-dfa0-38c3-2b0334e011dd">
      <Execution id="ef616f1a-ad73-44e0-8652-20b4ebc989ff" />
      <TestMethod codeBase="C:\Projekty\xUnitTestProject\bin\Debug\netcoreapp3.1\xUnitTestProject.dll" adapterTypeName="executor://xunit/VsTestRunner2/netcoreapp" className="xUnitTestProject.CurrencyHelperTests" name="FormatToStringTest100" />
    </UnitTest>
    <UnitTest name="xUnitTestProject.CurrencyHelperTests.FormatToStringTest100(price: 5396.620088554277, expected: &quot;5396.62 zł&quot;)" storage="c:\projekty\xunittestproject\bin\debug\netcoreapp3.1\xunittestproject.dll" id="3321cd65-ef8c-d2ee-7a10-5262976081ff">
      <Execution id="59af1bfd-7a12-41ac-ae2d-d367c5020409" />
      <TestMethod codeBase="C:\Projekty\xUnitTestProject\bin\Debug\netcoreapp3.1\xUnitTestProject.dll" adapterTypeName="executor://xunit/VsTestRunner2/netcoreapp" className="xUnitTestProject.CurrencyHelperTests" name="FormatToStringTest100" />
    </UnitTest>
    <UnitTest name="xUnitTestProject.CurrencyHelperTests.FormatToStringTest100(price: 80609.94377465078, expected: &quot;80609.94 zł&quot;)" storage="c:\projekty\xunittestproject\bin\debug\netcoreapp3.1\xunittestproject.dll" id="c57e7001-ae2f-cc3c-80aa-b60a735cb853">
      <Execution id="d1ca11bb-37a1-446d-bd70-b3eff67b29fe" />
      <TestMethod codeBase="C:\Projekty\xUnitTestProject\bin\Debug\netcoreapp3.1\xUnitTestProject.dll" adapterTypeName="executor://xunit/VsTestRunner2/netcoreapp" className="xUnitTestProject.CurrencyHelperTests" name="FormatToStringTest100" />
    </UnitTest>
    <UnitTest name="xUnitTestProject.CurrencyHelperTests.FormatToStringTest100(price: 22604.838218828587, expected: &quot;22604.84 zł&quot;)" storage="c:\projekty\xunittestproject\bin\debug\netcoreapp3.1\xunittestproject.dll" id="1813aa2f-eab9-0da1-9d79-9ec562fcf340">
      <Execution id="7da0f3cc-07a3-4051-bbb9-d66a5b0bf61c" />
      <TestMethod codeBase="C:\Projekty\xUnitTestProject\bin\Debug\netcoreapp3.1\xUnitTestProject.dll" adapterTypeName="executor://xunit/VsTestRunner2/netcoreapp" className="xUnitTestProject.CurrencyHelperTests" name="FormatToStringTest100" />
    </UnitTest>
    <UnitTest name="xUnitTestProject.CurrencyHelperTests.FormatToStringTest100(price: 1649.0127968480872, expected: &quot;1649.01 zł&quot;)" storage="c:\projekty\xunittestproject\bin\debug\netcoreapp3.1\xunittestproject.dll" id="5e812169-6686-9fe1-e23d-5fb1628863ab">
      <Execution id="bb818cdc-222d-46af-9a75-dde735370a72" />
      <TestMethod codeBase="C:\Projekty\xUnitTestProject\bin\Debug\netcoreapp3.1\xUnitTestProject.dll" adapterTypeName="executor://xunit/VsTestRunner2/netcoreapp" className="xUnitTestProject.CurrencyHelperTests" name="FormatToStringTest100" />
    </UnitTest>
    <UnitTest name="xUnitTestProject.CurrencyHelperTests.FormatToStringTest100(price: 1614.2516601789982, expected: &quot;1614.25 zł&quot;)" storage="c:\projekty\xunittestproject\bin\debug\netcoreapp3.1\xunittestproject.dll" id="eddb088f-c107-aeac-fa0d-87b3c14eed53">
      <Execution id="bfb71f89-ab73-4fdf-a3bc-b9e53b271c16" />
      <TestMethod codeBase="C:\Projekty\xUnitTestProject\bin\Debug\netcoreapp3.1\xUnitTestProject.dll" adapterTypeName="executor://xunit/VsTestRunner2/netcoreapp" className="xUnitTestProject.CurrencyHelperTests" name="FormatToStringTest100" />
    </UnitTest>
    <UnitTest name="xUnitTestProject.CurrencyHelperTests.FormatToStringTest100(price: 32216.686763396807, expected: &quot;32216.69 zł&quot;)" storage="c:\projekty\xunittestproject\bin\debug\netcoreapp3.1\xunittestproject.dll" id="49a05d1f-a775-19c0-25af-f3a1e1d16690">
      <Execution id="f960b158-d10d-41fa-bb23-99e5fcab36cf" />
      <TestMethod codeBase="C:\Projekty\xUnitTestProject\bin\Debug\netcoreapp3.1\xUnitTestProject.dll" adapterTypeName="executor://xunit/VsTestRunner2/netcoreapp" className="xUnitTestProject.CurrencyHelperTests" name="FormatToStringTest100" />
    </UnitTest>
    <UnitTest name="xUnitTestProject.CurrencyHelperTests.FormatToStringTest100(price: 6890.028458985514, expected: &quot;6890.03 zł&quot;)" storage="c:\projekty\xunittestproject\bin\debug\netcoreapp3.1\xunittestproject.dll" id="50ea2bcc-2c4a-f936-b10c-5e627f71076d">
      <Execution id="ed63dc70-a399-409a-a4df-474b6391f835" />
      <TestMethod codeBase="C:\Projekty\xUnitTestProject\bin\Debug\netcoreapp3.1\xUnitTestProject.dll" adapterTypeName="executor://xunit/VsTestRunner2/netcoreapp" className="xUnitTestProject.CurrencyHelperTests" name="FormatToStringTest100" />
    </UnitTest>
    <UnitTest name="xUnitTestProject.CurrencyHelperTests.FormatToStringTest100(price: 9867.823212210007, expected: &quot;9867.82 zł&quot;)" storage="c:\projekty\xunittestproject\bin\debug\netcoreapp3.1\xunittestproject.dll" id="e3628c97-347a-9ee9-e133-2d57b36ee5ba">
      <Execution id="78b5529e-8e8c-4c60-b199-d24ee08e7852" />
      <TestMethod codeBase="C:\Projekty\xUnitTestProject\bin\Debug\netcoreapp3.1\xUnitTestProject.dll" adapterTypeName="executor://xunit/VsTestRunner2/netcoreapp" className="xUnitTestProject.CurrencyHelperTests" name="FormatToStringTest100" />
    </UnitTest>
    <UnitTest name="xUnitTestProject.CurrencyHelperTests.FormatToStringTest100(price: 591.2110872302256, expected: &quot;591.21 zł&quot;)" storage="c:\projekty\xunittestproject\bin\debug\netcoreapp3.1\xunittestproject.dll" id="fc435e55-affb-80d4-72b8-f2b63414b911">
      <Execution id="2fe3122c-d9c7-4d9f-ac26-99cd63777696" />
      <TestMethod codeBase="C:\Projekty\xUnitTestProject\bin\Debug\netcoreapp3.1\xUnitTestProject.dll" adapterTypeName="executor://xunit/VsTestRunner2/netcoreapp" className="xUnitTestProject.CurrencyHelperTests" name="FormatToStringTest100" />
    </UnitTest>
    <UnitTest name="xUnitTestProject.CurrencyHelperTests.FormatToStringTest100(price: 70771.4436677524, expected: &quot;70771.44 zł&quot;)" storage="c:\projekty\xunittestproject\bin\debug\netcoreapp3.1\xunittestproject.dll" id="04e3f1ac-8b40-ff41-8b94-5de43105a077">
      <Execution id="c6ec2893-9ae6-4a8a-a64f-44ef47dfd192" />
      <TestMethod codeBase="C:\Projekty\xUnitTestProject\bin\Debug\netcoreapp3.1\xUnitTestProject.dll" adapterTypeName="executor://xunit/VsTestRunner2/netcoreapp" className="xUnitTestProject.CurrencyHelperTests" name="FormatToStringTest100" />
    </UnitTest>
    <UnitTest name="xUnitTestProject.CurrencyHelperTests.FormatToStringTest100(price: 7594.279030504766, expected: &quot;7594.28 zł&quot;)" storage="c:\projekty\xunittestproject\bin\debug\netcoreapp3.1\xunittestproject.dll" id="571d5971-1ee5-2e96-a2c2-f9965b0b3623">
      <Execution id="b87fa2c5-e038-42b1-96f8-f01ea7b26ef7" />
      <TestMethod codeBase="C:\Projekty\xUnitTestProject\bin\Debug\netcoreapp3.1\xUnitTestProject.dll" adapterTypeName="executor://xunit/VsTestRunner2/netcoreapp" className="xUnitTestProject.CurrencyHelperTests" name="FormatToStringTest100" />
    </UnitTest>
    <UnitTest name="xUnitTestProject.CurrencyHelperTests.FormatToStringTest100(price: 6864.093052674129, expected: &quot;6864.09 zł&quot;)" storage="c:\projekty\xunittestproject\bin\debug\netcoreapp3.1\xunittestproject.dll" id="50d69e8d-3a93-b655-2f18-638fbff5feb9">
      <Execution id="66f1af39-b401-48db-bf5b-5d669b979d2c" />
      <TestMethod codeBase="C:\Projekty\xUnitTestProject\bin\Debug\netcoreapp3.1\xUnitTestProject.dll" adapterTypeName="executor://xunit/VsTestRunner2/netcoreapp" className="xUnitTestProject.CurrencyHelperTests" name="FormatToStringTest100" />
    </UnitTest>
    <UnitTest name="xUnitTestProject.CurrencyHelperTests.FormatToStringTest100(price: 21961.272673999552, expected: &quot;21961.27 zł&quot;)" storage="c:\projekty\xunittestproject\bin\debug\netcoreapp3.1\xunittestproject.dll" id="33f107c2-ab0d-ae03-80da-536fe345a886">
      <Execution id="ee9f5a44-4fa7-4ef9-b675-507c9b25954b" />
      <TestMethod codeBase="C:\Projekty\xUnitTestProject\bin\Debug\netcoreapp3.1\xUnitTestProject.dll" adapterTypeName="executor://xunit/VsTestRunner2/netcoreapp" className="xUnitTestProject.CurrencyHelperTests" name="FormatToStringTest100" />
    </UnitTest>
    <UnitTest name="xUnitTestProject.CurrencyHelperTests.FormatToStringTest100(price: 39178.05988345298, expected: &quot;39178.06 zł&quot;)" storage="c:\projekty\xunittestproject\bin\debug\netcoreapp3.1\xunittestproject.dll" id="2b46eb58-6e84-4876-9d74-10f782a2b95d">
      <Execution id="b79324d0-b1c2-459b-a3fe-3a680883fc26" />
      <TestMethod codeBase="C:\Projekty\xUnitTestProject\bin\Debug\netcoreapp3.1\xUnitTestProject.dll" adapterTypeName="executor://xunit/VsTestRunner2/netcoreapp" className="xUnitTestProject.CurrencyHelperTests" name="FormatToStringTest100" />
    </UnitTest>
  </TestDefinitions>
  <TestEntries>
    <TestEntry testId="91415d54-575f-b471-1dc0-1631e68e02ab" executionId="38d86b6d-df89-44ae-b084-691fce3bfcb3" testListId="8c84fa94-04c1-424b-9868-57a2d4851a1d" />
    <TestEntry testId="29335311-3390-3a4e-3295-e7d01500b61d" executionId="2a39e39d-c5af-4aca-aba6-3a6369573cfe" testListId="8c84fa94-04c1-424b-9868-57a2d4851a1d" />
    <TestEntry testId="111c79ee-d703-225b-8314-e9f7cfa3d20e" executionId="a8d9f121-bc35-4175-a950-2a4483457460" testListId="8c84fa94-04c1-424b-9868-57a2d4851a1d" />
    <TestEntry testId="50d69e8d-3a93-b655-2f18-638fbff5feb9" executionId="66f1af39-b401-48db-bf5b-5d669b979d2c" testListId="8c84fa94-04c1-424b-9868-57a2d4851a1d" />
    <TestEntry testId="d48c6551-b0f6-c3d7-de17-2c1671fe95a2" executionId="27283cba-82e3-4d58-a1e0-ae3a0a0c7d08" testListId="8c84fa94-04c1-424b-9868-57a2d4851a1d" />
    <TestEntry testId="f9cb3c10-b6dc-401f-48ca-7381182b493b" executionId="9236355c-440f-4498-94c0-6375b0cfcfdc" testListId="8c84fa94-04c1-424b-9868-57a2d4851a1d" />
    <TestEntry testId="7c8e7438-e86b-d1a6-214d-a8d6be86bec7" executionId="1cfa5e4f-04a7-4eb8-aae5-9efaa017bec0" testListId="8c84fa94-04c1-424b-9868-57a2d4851a1d" />
    <TestEntry testId="8b4e8664-15ff-c81e-db88-693c6ea7ece0" executionId="b77c58e7-ed7d-4cdc-a1e4-992b6c8fc1ca" testListId="8c84fa94-04c1-424b-9868-57a2d4851a1d" />
    <TestEntry testId="010637aa-f4d9-9bdc-374f-aa35642ade2f" executionId="13278b6d-f295-4c6c-bcf1-d23fe4baa601" testListId="8c84fa94-04c1-424b-9868-57a2d4851a1d" />
    <TestEntry testId="4c412e3e-e553-0928-365f-424e47169018" executionId="de24ba17-2517-4819-933b-529f42368c53" testListId="8c84fa94-04c1-424b-9868-57a2d4851a1d" />
    <TestEntry testId="4b242f0c-9170-3330-c57e-f3c12dfe43da" executionId="5e8dcbab-e576-47ae-80fb-38e83f48d4d6" testListId="8c84fa94-04c1-424b-9868-57a2d4851a1d" />
    <TestEntry testId="c05fb9c5-7f95-15f9-16c2-7f5bfc2c47e7" executionId="a9f6ec69-0d05-4f30-8cd9-85d6cd0c7e99" testListId="8c84fa94-04c1-424b-9868-57a2d4851a1d" />
    <TestEntry testId="dafd8801-e3be-22df-9fa5-764356cf2ca4" executionId="bd0020ff-d641-4fa5-9d7a-c3594c425102" testListId="8c84fa94-04c1-424b-9868-57a2d4851a1d" />
    <TestEntry testId="f1fba880-f684-09f7-700f-be107cba176b" executionId="16c2a8a2-7763-4393-8822-4374ae162558" testListId="8c84fa94-04c1-424b-9868-57a2d4851a1d" />
    <TestEntry testId="0bf4b77c-c3da-f3e0-15d0-aa3788b09ed0" executionId="5f4ca653-abf1-49b0-baa2-32f3a259e0b4" testListId="8c84fa94-04c1-424b-9868-57a2d4851a1d" />
    <TestEntry testId="8a266f5a-be21-44b9-cc46-2634e151c33b" executionId="cafb2e05-8a45-4dea-8769-bd4c577deb6f" testListId="8c84fa94-04c1-424b-9868-57a2d4851a1d" />
    <TestEntry testId="649e78c8-4417-17eb-ca16-441525722fe8" executionId="9e1042d0-8809-480f-8320-457809ff14d2" testListId="8c84fa94-04c1-424b-9868-57a2d4851a1d" />
    <TestEntry testId="da9a7d7d-29a1-93da-fc82-1718f2a3582d" executionId="c73c7e0b-a9ab-40d6-83ea-db33b18d9fd5" testListId="8c84fa94-04c1-424b-9868-57a2d4851a1d" />
    <TestEntry testId="266d715f-e5d3-df86-ea76-d35ef7b9d7e0" executionId="65e22dd7-ebf1-4b49-a029-23a22ec19839" testListId="8c84fa94-04c1-424b-9868-57a2d4851a1d" />
    <TestEntry testId="bc595dee-6f3e-e241-694d-ba68ac66ab16" executionId="f0e5e369-e0ea-4611-9e04-7c3f3b719ac0" testListId="8c84fa94-04c1-424b-9868-57a2d4851a1d" />
    <TestEntry testId="d47953b3-b855-d065-3ee0-ac12db86be39" executionId="65d53a7b-cef2-48e5-870a-6f8855fdaf55" testListId="8c84fa94-04c1-424b-9868-57a2d4851a1d" />
    <TestEntry testId="1dbb93f2-1030-009d-6521-2ea9595c26a6" executionId="c3604470-f1bd-4799-8ba6-35f2abaaa659" testListId="8c84fa94-04c1-424b-9868-57a2d4851a1d" />
    <TestEntry testId="d073a14a-1a05-55ae-e697-84b172175337" executionId="346c1a20-ab19-4275-b3b8-9b8bc24e0fe1" testListId="8c84fa94-04c1-424b-9868-57a2d4851a1d" />
    <TestEntry testId="fb2ea2cb-613f-cbc7-6fc7-7097106fa76f" executionId="81ad6538-dca2-4c62-9bf9-c6e09dd1cb07" testListId="8c84fa94-04c1-424b-9868-57a2d4851a1d" />
    <TestEntry testId="571d5971-1ee5-2e96-a2c2-f9965b0b3623" executionId="b87fa2c5-e038-42b1-96f8-f01ea7b26ef7" testListId="8c84fa94-04c1-424b-9868-57a2d4851a1d" />
    <TestEntry testId="14bf6b28-24d9-64d3-e241-ed045f113c3f" executionId="21e61666-c31f-4df5-80c4-d1cd761497e9" testListId="8c84fa94-04c1-424b-9868-57a2d4851a1d" />
    <TestEntry testId="e3518d76-f67f-2786-4eb3-a849256035ef" executionId="ce84c19a-da90-4616-be43-9c52feaf4f65" testListId="8c84fa94-04c1-424b-9868-57a2d4851a1d" />
    <TestEntry testId="77be9760-e130-8956-fbc4-11e64213b336" executionId="478f1de4-c869-4f90-a6e4-d56a4596638a" testListId="8c84fa94-04c1-424b-9868-57a2d4851a1d" />
    <TestEntry testId="ff59583d-5ce7-46c9-0e7b-54c700821ca2" executionId="6954d139-4be3-4d36-9c3b-266eef8736c2" testListId="8c84fa94-04c1-424b-9868-57a2d4851a1d" />
    <TestEntry testId="abbe5506-3b8c-ed2b-2408-42de70c236b9" executionId="26f991b5-9878-4717-b661-76ccef260edb" testListId="8c84fa94-04c1-424b-9868-57a2d4851a1d" />
    <TestEntry testId="e6f2d423-ca40-ed8a-1d2e-2b1354a1f4e9" executionId="4e32fbaf-08fc-469c-a8e7-a7ff94e435a3" testListId="8c84fa94-04c1-424b-9868-57a2d4851a1d" />
    <TestEntry testId="6841efc3-9345-d314-75c2-427f114f051b" executionId="306f5dae-3b10-4564-8089-1401b61130ee" testListId="8c84fa94-04c1-424b-9868-57a2d4851a1d" />
    <TestEntry testId="9fa54161-392b-187a-1e6d-1b04f9e216c3" executionId="846a3513-6386-4d9c-89e6-3aaa9a5b570c" testListId="8c84fa94-04c1-424b-9868-57a2d4851a1d" />
    <TestEntry testId="acd09137-eecd-d983-95fe-20aa284c3f97" executionId="193c9e10-773b-4186-9aae-8c1906b7c344" testListId="8c84fa94-04c1-424b-9868-57a2d4851a1d" />
    <TestEntry testId="3ac7c8db-6027-14d9-863b-5141742cb318" executionId="8a36d410-3b5f-4f8a-9c00-82633a3bef1f" testListId="8c84fa94-04c1-424b-9868-57a2d4851a1d" />
    <TestEntry testId="081370ca-48f4-57e4-cbf0-362048ef7fc7" executionId="e975ceb1-ab09-4357-9bdc-fc7c7f7d2c78" testListId="8c84fa94-04c1-424b-9868-57a2d4851a1d" />
    <TestEntry testId="8f7d9f64-63ea-bbc2-2cda-2de4bf0e8d28" executionId="90ca5440-1d4c-47de-8fb0-f9a636c478aa" testListId="8c84fa94-04c1-424b-9868-57a2d4851a1d" />
    <TestEntry testId="f910ed82-0c15-5fc2-de25-f9ceba99a963" executionId="165dcb90-c8c5-4810-b601-80abad1025fc" testListId="8c84fa94-04c1-424b-9868-57a2d4851a1d" />
    <TestEntry testId="b611b239-b1eb-9204-e0e7-5dd83b648e27" executionId="d5a55e0e-56e1-458f-a7d8-a3163392a8e6" testListId="8c84fa94-04c1-424b-9868-57a2d4851a1d" />
    <TestEntry testId="bee9f8c6-2947-a818-585e-f32a0181ed37" executionId="2bb7345e-5271-4079-8afa-901007b5510a" testListId="8c84fa94-04c1-424b-9868-57a2d4851a1d" />
    <TestEntry testId="ece080b6-35d5-52f6-4ff2-f79908c52d78" executionId="4be1555f-577b-4f75-b847-dcd1556a744c" testListId="8c84fa94-04c1-424b-9868-57a2d4851a1d" />
    <TestEntry testId="04e3f1ac-8b40-ff41-8b94-5de43105a077" executionId="c6ec2893-9ae6-4a8a-a64f-44ef47dfd192" testListId="8c84fa94-04c1-424b-9868-57a2d4851a1d" />
    <TestEntry testId="2c0a47e8-8ee6-29b4-babb-5a689a07f007" executionId="f3939717-87ab-43ef-9b70-f89abdbf93fe" testListId="8c84fa94-04c1-424b-9868-57a2d4851a1d" />
    <TestEntry testId="c154671c-e246-3280-5d80-165aa2ed0fd0" executionId="4657fc17-a9b8-48a4-a304-cbe9abf3cc40" testListId="8c84fa94-04c1-424b-9868-57a2d4851a1d" />
    <TestEntry testId="1813aa2f-eab9-0da1-9d79-9ec562fcf340" executionId="7da0f3cc-07a3-4051-bbb9-d66a5b0bf61c" testListId="8c84fa94-04c1-424b-9868-57a2d4851a1d" />
    <TestEntry testId="50ea2bcc-2c4a-f936-b10c-5e627f71076d" executionId="ed63dc70-a399-409a-a4df-474b6391f835" testListId="8c84fa94-04c1-424b-9868-57a2d4851a1d" />
    <TestEntry testId="3bb4baee-0ac4-fa1e-e791-31ce6ef2b58b" executionId="c7be01d4-74d7-41e5-8f29-2906b0506d85" testListId="8c84fa94-04c1-424b-9868-57a2d4851a1d" />
    <TestEntry testId="74dd38df-c768-037a-da68-a6c5c371d014" executionId="411f6632-ef1b-4977-83ca-db5cd674139e" testListId="8c84fa94-04c1-424b-9868-57a2d4851a1d" />
    <TestEntry testId="f265cc9e-137b-d632-0abc-0be231ad19a3" executionId="1f83c366-944c-4fe3-9897-f1ad80f87ac6" testListId="8c84fa94-04c1-424b-9868-57a2d4851a1d" />
    <TestEntry testId="b06b7483-d7a9-8983-7acb-83b99a3a9375" executionId="b84c72ff-bc21-4cfd-bf5a-673704b748e1" testListId="8c84fa94-04c1-424b-9868-57a2d4851a1d" />
    <TestEntry testId="67a2e17d-2e99-1573-e414-664dc3a5daec" executionId="ae7fc8e2-3d4b-4d9d-8d84-4977a5c068c7" testListId="8c84fa94-04c1-424b-9868-57a2d4851a1d" />
    <TestEntry testId="f9f74b79-cea9-65cc-b4bd-68b4ed9d0743" executionId="6883be43-9b66-43b2-9c7f-ef924a94d1a4" testListId="8c84fa94-04c1-424b-9868-57a2d4851a1d" />
    <TestEntry testId="b309356a-1568-0ab7-98a5-a111bb0bc5a1" executionId="f3d3fa6e-ada8-4bb1-93dd-58f0d1138b7b" testListId="8c84fa94-04c1-424b-9868-57a2d4851a1d" />
    <TestEntry testId="2b46eb58-6e84-4876-9d74-10f782a2b95d" executionId="b79324d0-b1c2-459b-a3fe-3a680883fc26" testListId="8c84fa94-04c1-424b-9868-57a2d4851a1d" />
    <TestEntry testId="33f107c2-ab0d-ae03-80da-536fe345a886" executionId="ee9f5a44-4fa7-4ef9-b675-507c9b25954b" testListId="8c84fa94-04c1-424b-9868-57a2d4851a1d" />
    <TestEntry testId="49a05d1f-a775-19c0-25af-f3a1e1d16690" executionId="f960b158-d10d-41fa-bb23-99e5fcab36cf" testListId="8c84fa94-04c1-424b-9868-57a2d4851a1d" />
    <TestEntry testId="2e0c5192-e697-d6bc-f801-978bcb4ec749" executionId="f87abb79-0819-43a9-abaf-d511424bf3a0" testListId="8c84fa94-04c1-424b-9868-57a2d4851a1d" />
    <TestEntry testId="fc8fcc54-cb31-3ea9-a932-697b630d3569" executionId="e64496a6-4cb7-43d0-85fc-24861955f9aa" testListId="8c84fa94-04c1-424b-9868-57a2d4851a1d" />
    <TestEntry testId="541757e5-f479-f33d-0381-b6dbdace2afb" executionId="c8479a30-6061-46b2-97bf-20e25fcc44e5" testListId="8c84fa94-04c1-424b-9868-57a2d4851a1d" />
    <TestEntry testId="4053e7cd-71d6-290b-ba32-3b8047db680a" executionId="318a38ff-204f-4044-8cb1-6b7a671e42b8" testListId="8c84fa94-04c1-424b-9868-57a2d4851a1d" />
    <TestEntry testId="5cbd1a54-5566-6c6a-e422-221bbd0a9b56" executionId="3b19753d-e71d-408e-b9a3-74cc1c2815c0" testListId="8c84fa94-04c1-424b-9868-57a2d4851a1d" />
    <TestEntry testId="8b5b6910-6f6f-c9ce-8825-e4185407df85" executionId="82b5ec39-393c-44ef-b0ed-1f71c11408ed" testListId="8c84fa94-04c1-424b-9868-57a2d4851a1d" />
    <TestEntry testId="7a7c5696-e868-4bc5-0840-551dde71b5f9" executionId="1a98490c-14fe-457d-be2b-d1a496942abb" testListId="8c84fa94-04c1-424b-9868-57a2d4851a1d" />
    <TestEntry testId="7d21651a-97b6-7b0a-2e61-911a28703fd6" executionId="11cc3658-6153-4481-ae40-040f90078a5e" testListId="8c84fa94-04c1-424b-9868-57a2d4851a1d" />
    <TestEntry testId="99620ffe-5e9a-128c-a6ac-13976c610d3b" executionId="2cc01e78-65ec-4005-b562-cf017c73769a" testListId="8c84fa94-04c1-424b-9868-57a2d4851a1d" />
    <TestEntry testId="e3628c97-347a-9ee9-e133-2d57b36ee5ba" executionId="78b5529e-8e8c-4c60-b199-d24ee08e7852" testListId="8c84fa94-04c1-424b-9868-57a2d4851a1d" />
    <TestEntry testId="d7778823-4bda-74f0-3f28-6c90759e2c7c" executionId="a4021bae-2ba1-41af-a3e4-cf4da659fed0" testListId="8c84fa94-04c1-424b-9868-57a2d4851a1d" />
    <TestEntry testId="ae4dd41d-98b4-3a18-47fe-168d75b24553" executionId="15fe6344-7f58-4093-b027-32ab64a8230d" testListId="8c84fa94-04c1-424b-9868-57a2d4851a1d" />
    <TestEntry testId="5be8086d-757f-607e-3916-e3fc3a32dab6" executionId="74d54d49-24cf-4d19-a6a5-efa142fbdc87" testListId="8c84fa94-04c1-424b-9868-57a2d4851a1d" />
    <TestEntry testId="ec952d1c-d4b8-4514-2b06-3c5983e68faa" executionId="3e1242a8-e6f2-4443-9638-f7196d20d76c" testListId="8c84fa94-04c1-424b-9868-57a2d4851a1d" />
    <TestEntry testId="9d3c6e40-46ef-8e8b-da94-d2afb05dab1a" executionId="c37926a8-fe41-40e9-adcc-122a448282ec" testListId="8c84fa94-04c1-424b-9868-57a2d4851a1d" />
    <TestEntry testId="dcc4e251-457a-bc1b-d0d7-d1ec86b94d5d" executionId="3fee6d66-958e-4e83-b29d-aac73146b84a" testListId="8c84fa94-04c1-424b-9868-57a2d4851a1d" />
    <TestEntry testId="be83c872-b584-ea7d-68ae-387efb4fd62c" executionId="354d1395-b5e4-4efc-b707-ab6e268c7b1b" testListId="8c84fa94-04c1-424b-9868-57a2d4851a1d" />
    <TestEntry testId="60df436e-3029-21a3-1c5e-f7dac0d4c1de" executionId="236b74bf-e04d-4bd7-a2ec-c86919d95536" testListId="8c84fa94-04c1-424b-9868-57a2d4851a1d" />
    <TestEntry testId="8cee55c7-2f54-9306-dead-c4a37d1316a9" executionId="a11d1567-a56a-4d88-8a76-8ec3338cccba" testListId="8c84fa94-04c1-424b-9868-57a2d4851a1d" />
    <TestEntry testId="e2ec08cf-67dd-78b0-72e9-2a2acf351ef6" executionId="285d6811-604b-4364-bc78-6b21f116f0ef" testListId="8c84fa94-04c1-424b-9868-57a2d4851a1d" />
    <TestEntry testId="fc435e55-affb-80d4-72b8-f2b63414b911" executionId="2fe3122c-d9c7-4d9f-ac26-99cd63777696" testListId="8c84fa94-04c1-424b-9868-57a2d4851a1d" />
    <TestEntry testId="1683c1a4-48ae-f0a9-f8fb-441cbed69b7e" executionId="b211f2d7-c7ed-40f7-8935-e89e3d051508" testListId="8c84fa94-04c1-424b-9868-57a2d4851a1d" />
    <TestEntry testId="c2fcc150-05bf-fac8-cb5b-156769265741" executionId="0c47a7ba-32b1-40ef-95ea-187249ed0650" testListId="8c84fa94-04c1-424b-9868-57a2d4851a1d" />
    <TestEntry testId="9e65b83c-d062-a995-788e-1f867295fc3e" executionId="88722742-0353-40f7-826e-8ede5598b00d" testListId="8c84fa94-04c1-424b-9868-57a2d4851a1d" />
    <TestEntry testId="c57e7001-ae2f-cc3c-80aa-b60a735cb853" executionId="d1ca11bb-37a1-446d-bd70-b3eff67b29fe" testListId="8c84fa94-04c1-424b-9868-57a2d4851a1d" />
    <TestEntry testId="d71fa846-0b3d-650b-0fa7-7de64a8b5692" executionId="f46e8b92-9207-4376-ac21-eead6358f5a1" testListId="8c84fa94-04c1-424b-9868-57a2d4851a1d" />
    <TestEntry testId="5e812169-6686-9fe1-e23d-5fb1628863ab" executionId="bb818cdc-222d-46af-9a75-dde735370a72" testListId="8c84fa94-04c1-424b-9868-57a2d4851a1d" />
    <TestEntry testId="5a8675de-6b57-6a3b-e014-8c438f537aee" executionId="f4bf1f6d-9594-4b69-b5dd-4ad803a96499" testListId="8c84fa94-04c1-424b-9868-57a2d4851a1d" />
    <TestEntry testId="43a8ab94-a343-e6fd-9ae1-7ad0c6ee6431" executionId="e9246088-bcfb-4394-8123-6887ba2f5a20" testListId="8c84fa94-04c1-424b-9868-57a2d4851a1d" />
    <TestEntry testId="289f0d26-9b3d-b24d-21a5-381b61257aa2" executionId="4947e678-fe33-482a-8a58-a276e70b088f" testListId="8c84fa94-04c1-424b-9868-57a2d4851a1d" />
    <TestEntry testId="ac0c8e8e-94ce-f433-7c74-70876edf6736" executionId="d7c43982-11c5-41b6-b5b9-03bbba993ac8" testListId="8c84fa94-04c1-424b-9868-57a2d4851a1d" />
    <TestEntry testId="eddb088f-c107-aeac-fa0d-87b3c14eed53" executionId="bfb71f89-ab73-4fdf-a3bc-b9e53b271c16" testListId="8c84fa94-04c1-424b-9868-57a2d4851a1d" />
    <TestEntry testId="aa846e16-83e3-6a8d-ea1c-cf150206bc05" executionId="50e7d270-6bc5-47a9-ac80-916c99bf4e26" testListId="8c84fa94-04c1-424b-9868-57a2d4851a1d" />
    <TestEntry testId="afb9fcf3-f392-dcf0-c2e9-6922ff45e46f" executionId="a9f6ddad-beec-4732-955a-52e60959fb6e" testListId="8c84fa94-04c1-424b-9868-57a2d4851a1d" />
    <TestEntry testId="2738362e-e19d-f6a9-dd3e-b18b1bacf9a4" executionId="19bfa9cf-3d1d-4335-a518-c102e97f126d" testListId="8c84fa94-04c1-424b-9868-57a2d4851a1d" />
    <TestEntry testId="0f154440-ee39-dfa0-38c3-2b0334e011dd" executionId="ef616f1a-ad73-44e0-8652-20b4ebc989ff" testListId="8c84fa94-04c1-424b-9868-57a2d4851a1d" />
    <TestEntry testId="f0bb637b-8cf3-7fb0-e10c-0038b91cfed9" executionId="40440f81-f612-40df-85ba-fbd13fb843ff" testListId="8c84fa94-04c1-424b-9868-57a2d4851a1d" />
    <TestEntry testId="4fe91442-a364-ddf6-571a-0c1b0e5ac3fa" executionId="a4c251df-8836-4ada-85e4-1bcbd3417105" testListId="8c84fa94-04c1-424b-9868-57a2d4851a1d" />
    <TestEntry testId="fb32513a-ed20-1e61-8c8f-5e74dc95816c" executionId="4a644700-8b41-43ea-af13-20bb8775fbb0" testListId="8c84fa94-04c1-424b-9868-57a2d4851a1d" />
    <TestEntry testId="7105c4e1-ce32-5c97-6709-d6bf0a4e3d55" executionId="9a206b03-5f86-4b0b-8899-21a3c1bd791c" testListId="8c84fa94-04c1-424b-9868-57a2d4851a1d" />
    <TestEntry testId="3321cd65-ef8c-d2ee-7a10-5262976081ff" executionId="59af1bfd-7a12-41ac-ae2d-d367c5020409" testListId="8c84fa94-04c1-424b-9868-57a2d4851a1d" />
    <TestEntry testId="e5d3d46a-1577-bac4-8f03-ab7ff7705a9f" executionId="469f09e4-f35d-40ea-8a16-89b1d09db866" testListId="8c84fa94-04c1-424b-9868-57a2d4851a1d" />
    <TestEntry testId="3e7f7dc0-a481-a391-5e59-0a09ddfda429" executionId="d4259e06-71ab-47cb-84d9-525f8fee0be8" testListId="8c84fa94-04c1-424b-9868-57a2d4851a1d" />
    <TestEntry testId="84d5048a-7b2f-9b60-257e-0daa5848d93c" executionId="dee02876-46d1-41bf-9278-fa0d79ca3549" testListId="8c84fa94-04c1-424b-9868-57a2d4851a1d" />
  </TestEntries>
  <TestLists>
    <TestList name="Results Not in a List" id="8c84fa94-04c1-424b-9868-57a2d4851a1d" />
    <TestList name="All Loaded Results" id="19431567-8539-422a-85d7-44ee4e166bda" />
  </TestLists>
  <ResultSummary outcome="Completed">
    <Counters total="100" executed="100" passed="100" failed="0" error="0" timeout="0" aborted="0" inconclusive="0" passedButRunAborted="0" notRunnable="0" notExecuted="0" disconnected="0" warning="0" completed="0" inProgress="0" pending="0" />
    <Output>
      <StdOut>[xUnit.net 00:00:00.00] xUnit.net VSTest Adapter v2.4.5+1caef2f33e (64-bit .NET Core 3.1.25)&#xD;
[xUnit.net 00:00:03.51]   Discovering: xUnitTestProject&#xD;
[xUnit.net 00:00:05.28]   Discovered:  xUnitTestProject&#xD;
[xUnit.net 00:00:05.32]   Starting:    xUnitTestProject&#xD;
[xUnit.net 00:00:05.43]   Finished:    xUnitTestProject&#xD;
</StdOut>
    </Output>
  </ResultSummary>
</TestRun>