<?xml version="1.0" encoding="utf-8"?>
<TestRun id="fed974f0-cc0f-4cba-9563-a3e3bf97b321" name="Dominik@DESKTOP-5URQ9PB 2022-06-13 20:54:21" runUser="DESKTOP-5URQ9PB\Dominik" xmlns="http://microsoft.com/schemas/VisualStudio/TeamTest/2010">
  <Times creation="2022-06-13T20:54:21.0676994+02:00" queuing="2022-06-13T20:54:21.0676995+02:00" start="2022-06-13T20:54:14.2224339+02:00" finish="2022-06-13T20:54:21.1512403+02:00" />
  <TestSettings name="default" id="fffb5722-3626-4aed-8bbe-744f77d6db92">
    <Deployment runDeploymentRoot="Dominik_DESKTOP-5URQ9PB_2022-06-13_20_54_21" />
  </TestSettings>
  <Results>
    <UnitTestResult executionId="6d4e5128-c996-4c5e-aab1-0970f0510297" testId="8cee55c7-2f54-9306-dead-c4a37d1316a9" testName="xUnitTestProject.CurrencyHelperTests.FormatToStringTest100(price: 50991.22189691114, expected: &quot;50991.22 zł&quot;)" computerName="DESKTOP-5URQ9PB" duration="00:00:00.0000059" startTime="2022-06-13T20:54:21.0451496+02:00" endTime="2022-06-13T20:54:21.0451497+02:00" testType="13cdc9d9-ddb5-4fa4-a97d-d965ccfc6d4b" outcome="Passed" testListId="8c84fa94-04c1-424b-9868-57a2d4851a1d" relativeResultsDirectory="6d4e5128-c996-4c5e-aab1-0970f0510297" />
    <UnitTestResult executionId="6e306cb1-2f9f-4c0b-8798-a636a67e5511" testId="d47953b3-b855-d065-3ee0-ac12db86be39" testName="xUnitTestProject.CurrencyHelperTests.FormatToStringTest100(price: 35784.54232617307, expected: &quot;35784.54 zł&quot;)" computerName="DESKTOP-5URQ9PB" duration="00:00:00.0000043" startTime="2022-06-13T20:54:21.0430966+02:00" endTime="2022-06-13T20:54:21.0430969+02:00" testType="13cdc9d9-ddb5-4fa4-a97d-d965ccfc6d4b" outcome="Passed" testListId="8c84fa94-04c1-424b-9868-57a2d4851a1d" relativeResultsDirectory="6e306cb1-2f9f-4c0b-8798-a636a67e5511" />
    <UnitTestResult executionId="b1e6f2a1-3746-4093-9c0d-2f64eff1e7c3" testId="5be8086d-757f-607e-3916-e3fc3a32dab6" testName="xUnitTestProject.CurrencyHelperTests.FormatToStringTest100(price: 726.8087564975995, expected: &quot;726.81 zł&quot;)" computerName="DESKTOP-5URQ9PB" duration="00:00:00.0000041" startTime="2022-06-13T20:54:21.0452415+02:00" endTime="2022-06-13T20:54:21.0452416+02:00" testType="13cdc9d9-ddb5-4fa4-a97d-d965ccfc6d4b" outcome="Passed" testListId="8c84fa94-04c1-424b-9868-57a2d4851a1d" relativeResultsDirectory="b1e6f2a1-3746-4093-9c0d-2f64eff1e7c3" />
    <UnitTestResult executionId="d7ec17f1-8eb5-46df-9e70-ae996a9531f0" testId="f9cb3c10-b6dc-401f-48ca-7381182b493b" testName="xUnitTestProject.CurrencyHelperTests.FormatToStringTest100(price: 3521.3657738167635, expected: &quot;3521.37 zł&quot;)" computerName="DESKTOP-5URQ9PB" duration="00:00:00.0000044" startTime="2022-06-13T20:54:21.0401638+02:00" endTime="2022-06-13T20:54:21.0401641+02:00" testType="13cdc9d9-ddb5-4fa4-a97d-d965ccfc6d4b" outcome="Passed" testListId="8c84fa94-04c1-424b-9868-57a2d4851a1d" relativeResultsDirectory="d7ec17f1-8eb5-46df-9e70-ae996a9531f0" />
    <UnitTestResult executionId="960d70c1-908f-4416-a2ad-b93357393d0a" testId="3321cd65-ef8c-d2ee-7a10-5262976081ff" testName="xUnitTestProject.CurrencyHelperTests.FormatToStringTest100(price: 5396.620088554277, expected: &quot;5396.62 zł&quot;)" computerName="DESKTOP-5URQ9PB" duration="00:00:00.0000043" startTime="2022-06-13T20:54:21.0099176+02:00" endTime="2022-06-13T20:54:21.0099178+02:00" testType="13cdc9d9-ddb5-4fa4-a97d-d965ccfc6d4b" outcome="Passed" testListId="8c84fa94-04c1-424b-9868-57a2d4851a1d" relativeResultsDirectory="960d70c1-908f-4416-a2ad-b93357393d0a" />
    <UnitTestResult executionId="5de7bde8-3b43-4009-a41b-29657945171f" testId="dafd8801-e3be-22df-9fa5-764356cf2ca4" testName="xUnitTestProject.CurrencyHelperTests.FormatToStringTest100(price: 16383.352881839199, expected: &quot;16383.35 zł&quot;)" computerName="DESKTOP-5URQ9PB" duration="00:00:00.0000049" startTime="2022-06-13T20:54:21.0404128+02:00" endTime="2022-06-13T20:54:21.0404129+02:00" testType="13cdc9d9-ddb5-4fa4-a97d-d965ccfc6d4b" outcome="Passed" testListId="8c84fa94-04c1-424b-9868-57a2d4851a1d" relativeResultsDirectory="5de7bde8-3b43-4009-a41b-29657945171f" />
    <UnitTestResult executionId="ebcf5e50-84e9-4cc5-9ba9-5c344d5a164d" testId="6841efc3-9345-d314-75c2-427f114f051b" testName="xUnitTestProject.CurrencyHelperTests.FormatToStringTest100(price: 31290.71396233687, expected: &quot;31290.71 zł&quot;)" computerName="DESKTOP-5URQ9PB" duration="00:00:00.0000048" startTime="2022-06-13T20:54:21.0370868+02:00" endTime="2022-06-13T20:54:21.0370870+02:00" testType="13cdc9d9-ddb5-4fa4-a97d-d965ccfc6d4b" outcome="Passed" testListId="8c84fa94-04c1-424b-9868-57a2d4851a1d" relativeResultsDirectory="ebcf5e50-84e9-4cc5-9ba9-5c344d5a164d" />
    <UnitTestResult executionId="0236fa23-b131-4230-b772-7d9d9c7c3f0b" testId="d71fa846-0b3d-650b-0fa7-7de64a8b5692" testName="xUnitTestProject.CurrencyHelperTests.FormatToStringTest100(price: 25990.318498101697, expected: &quot;25990.32 zł&quot;)" computerName="DESKTOP-5URQ9PB" duration="00:00:00.0000044" startTime="2022-06-13T20:54:21.0391634+02:00" endTime="2022-06-13T20:54:21.0391637+02:00" testType="13cdc9d9-ddb5-4fa4-a97d-d965ccfc6d4b" outcome="Passed" testListId="8c84fa94-04c1-424b-9868-57a2d4851a1d" relativeResultsDirectory="0236fa23-b131-4230-b772-7d9d9c7c3f0b" />
    <UnitTestResult executionId="d2ab6a95-dc74-4e68-b3c1-6b6240a7d7f3" testId="4fe91442-a364-ddf6-571a-0c1b0e5ac3fa" testName="xUnitTestProject.CurrencyHelperTests.FormatToStringTest100(price: 33206.73122987837, expected: &quot;33206.73 zł&quot;)" computerName="DESKTOP-5URQ9PB" duration="00:00:00.0000041" startTime="2022-06-13T20:54:21.0372742+02:00" endTime="2022-06-13T20:54:21.0372743+02:00" testType="13cdc9d9-ddb5-4fa4-a97d-d965ccfc6d4b" outcome="Passed" testListId="8c84fa94-04c1-424b-9868-57a2d4851a1d" relativeResultsDirectory="d2ab6a95-dc74-4e68-b3c1-6b6240a7d7f3" />
    <UnitTestResult executionId="51423adc-7021-44bc-9010-6a3f62452d08" testId="ec952d1c-d4b8-4514-2b06-3c5983e68faa" testName="xUnitTestProject.CurrencyHelperTests.FormatToStringTest100(price: 10268.547802396373, expected: &quot;10268.55 zł&quot;)" computerName="DESKTOP-5URQ9PB" duration="00:00:00.0000041" startTime="2022-06-13T20:54:21.0460814+02:00" endTime="2022-06-13T20:54:21.0460816+02:00" testType="13cdc9d9-ddb5-4fa4-a97d-d965ccfc6d4b" outcome="Passed" testListId="8c84fa94-04c1-424b-9868-57a2d4851a1d" relativeResultsDirectory="51423adc-7021-44bc-9010-6a3f62452d08" />
    <UnitTestResult executionId="239b7f82-7908-4350-aeb8-5ac30647bd48" testId="60df436e-3029-21a3-1c5e-f7dac0d4c1de" testName="xUnitTestProject.CurrencyHelperTests.FormatToStringTest100(price: 64210.358316209335, expected: &quot;64210.36 zł&quot;)" computerName="DESKTOP-5URQ9PB" duration="00:00:00.0000046" startTime="2022-06-13T20:54:21.0403223+02:00" endTime="2022-06-13T20:54:21.0403224+02:00" testType="13cdc9d9-ddb5-4fa4-a97d-d965ccfc6d4b" outcome="Passed" testListId="8c84fa94-04c1-424b-9868-57a2d4851a1d" relativeResultsDirectory="239b7f82-7908-4350-aeb8-5ac30647bd48" />
    <UnitTestResult executionId="e84d5941-4b4b-4e08-b918-c35186a09753" testId="f9f74b79-cea9-65cc-b4bd-68b4ed9d0743" testName="xUnitTestProject.CurrencyHelperTests.FormatToStringTest100(price: 24957.469502810607, expected: &quot;24957.47 zł&quot;)" computerName="DESKTOP-5URQ9PB" duration="00:00:00.0000044" startTime="2022-06-13T20:54:21.0373106+02:00" endTime="2022-06-13T20:54:21.0373108+02:00" testType="13cdc9d9-ddb5-4fa4-a97d-d965ccfc6d4b" outcome="Passed" testListId="8c84fa94-04c1-424b-9868-57a2d4851a1d" relativeResultsDirectory="e84d5941-4b4b-4e08-b918-c35186a09753" />
    <UnitTestResult executionId="105fa698-ff84-46a8-939f-e9b262f26fb1" testId="b06b7483-d7a9-8983-7acb-83b99a3a9375" testName="xUnitTestProject.CurrencyHelperTests.FormatToStringTest100(price: 20244.692955315437, expected: &quot;20244.69 zł&quot;)" computerName="DESKTOP-5URQ9PB" duration="00:00:00.0000045" startTime="2022-06-13T20:54:21.0423358+02:00" endTime="2022-06-13T20:54:21.0423360+02:00" testType="13cdc9d9-ddb5-4fa4-a97d-d965ccfc6d4b" outcome="Passed" testListId="8c84fa94-04c1-424b-9868-57a2d4851a1d" relativeResultsDirectory="105fa698-ff84-46a8-939f-e9b262f26fb1" />
    <UnitTestResult executionId="3e18b31a-6ee5-4430-9048-3fc0a1560454" testId="f910ed82-0c15-5fc2-de25-f9ceba99a963" testName="xUnitTestProject.CurrencyHelperTests.FormatToStringTest100(price: 7124.979180760672, expected: &quot;7124.98 zł&quot;)" computerName="DESKTOP-5URQ9PB" duration="00:00:00.0000041" startTime="2022-06-13T20:54:21.0441925+02:00" endTime="2022-06-13T20:54:21.0441926+02:00" testType="13cdc9d9-ddb5-4fa4-a97d-d965ccfc6d4b" outcome="Passed" testListId="8c84fa94-04c1-424b-9868-57a2d4851a1d" relativeResultsDirectory="3e18b31a-6ee5-4430-9048-3fc0a1560454" />
    <UnitTestResult executionId="7a3c8605-cdd1-4747-9f48-6a61ea990db2" testId="eddb088f-c107-aeac-fa0d-87b3c14eed53" testName="xUnitTestProject.CurrencyHelperTests.FormatToStringTest100(price: 1614.2516601789982, expected: &quot;1614.25 zł&quot;)" computerName="DESKTOP-5URQ9PB" duration="00:00:00.0000043" startTime="2022-06-13T20:54:21.0411425+02:00" endTime="2022-06-13T20:54:21.0411427+02:00" testType="13cdc9d9-ddb5-4fa4-a97d-d965ccfc6d4b" outcome="Passed" testListId="8c84fa94-04c1-424b-9868-57a2d4851a1d" relativeResultsDirectory="7a3c8605-cdd1-4747-9f48-6a61ea990db2" />
    <UnitTestResult executionId="d7365541-17c8-4228-a686-292fbb42b5c3" testId="010637aa-f4d9-9bdc-374f-aa35642ade2f" testName="xUnitTestProject.CurrencyHelperTests.FormatToStringTest100(price: 69864.17463991146, expected: &quot;69864.17 zł&quot;)" computerName="DESKTOP-5URQ9PB" duration="00:00:00.0000043" startTime="2022-06-13T20:54:21.0392306+02:00" endTime="2022-06-13T20:54:21.0392308+02:00" testType="13cdc9d9-ddb5-4fa4-a97d-d965ccfc6d4b" outcome="Passed" testListId="8c84fa94-04c1-424b-9868-57a2d4851a1d" relativeResultsDirectory="d7365541-17c8-4228-a686-292fbb42b5c3" />
    <UnitTestResult executionId="8e5e0ad0-952b-4905-8fcf-f886630a6a6b" testId="081370ca-48f4-57e4-cbf0-362048ef7fc7" testName="xUnitTestProject.CurrencyHelperTests.FormatToStringTest100(price: 468.83385119346616, expected: &quot;468.83 zł&quot;)" computerName="DESKTOP-5URQ9PB" duration="00:00:00.0000043" startTime="2022-06-13T20:54:21.0440996+02:00" endTime="2022-06-13T20:54:21.0440997+02:00" testType="13cdc9d9-ddb5-4fa4-a97d-d965ccfc6d4b" outcome="Passed" testListId="8c84fa94-04c1-424b-9868-57a2d4851a1d" relativeResultsDirectory="8e5e0ad0-952b-4905-8fcf-f886630a6a6b" />
    <UnitTestResult executionId="da1952e3-1432-40d6-8e1a-1dbd15004757" testId="9d3c6e40-46ef-8e8b-da94-d2afb05dab1a" testName="xUnitTestProject.CurrencyHelperTests.FormatToStringTest100(price: 63507.32603545455, expected: &quot;63507.33 zł&quot;)" computerName="DESKTOP-5URQ9PB" duration="00:00:00.0000050" startTime="2022-06-13T20:54:21.0097919+02:00" endTime="2022-06-13T20:54:21.0097921+02:00" testType="13cdc9d9-ddb5-4fa4-a97d-d965ccfc6d4b" outcome="Passed" testListId="8c84fa94-04c1-424b-9868-57a2d4851a1d" relativeResultsDirectory="da1952e3-1432-40d6-8e1a-1dbd15004757" />
    <UnitTestResult executionId="682cc22a-297e-40ba-a93b-1b286a1f2088" testId="7a7c5696-e868-4bc5-0840-551dde71b5f9" testName="xUnitTestProject.CurrencyHelperTests.FormatToStringTest100(price: 18990.72499258012, expected: &quot;18990.72 zł&quot;)" computerName="DESKTOP-5URQ9PB" duration="00:00:00.0000041" startTime="2022-06-13T20:54:21.0432535+02:00" endTime="2022-06-13T20:54:21.0432537+02:00" testType="13cdc9d9-ddb5-4fa4-a97d-d965ccfc6d4b" outcome="Passed" testListId="8c84fa94-04c1-424b-9868-57a2d4851a1d" relativeResultsDirectory="682cc22a-297e-40ba-a93b-1b286a1f2088" />
    <UnitTestResult executionId="513bef78-ac3d-487e-b03c-894fb550e331" testId="fc8fcc54-cb31-3ea9-a932-697b630d3569" testName="xUnitTestProject.CurrencyHelperTests.FormatToStringTest100(price: 79.6815319544084, expected: &quot;79.68 zł&quot;)" computerName="DESKTOP-5URQ9PB" duration="00:00:00.0000041" startTime="2022-06-13T20:54:21.0461763+02:00" endTime="2022-06-13T20:54:21.0461764+02:00" testType="13cdc9d9-ddb5-4fa4-a97d-d965ccfc6d4b" outcome="Passed" testListId="8c84fa94-04c1-424b-9868-57a2d4851a1d" relativeResultsDirectory="513bef78-ac3d-487e-b03c-894fb550e331" />
    <UnitTestResult executionId="c4180a0d-374c-458d-9c7b-28ee1bfd089e" testId="bc595dee-6f3e-e241-694d-ba68ac66ab16" testName="xUnitTestProject.CurrencyHelperTests.FormatToStringTest100(price: 1108.7197928823157, expected: &quot;1108.72 zł&quot;)" computerName="DESKTOP-5URQ9PB" duration="00:00:00.0000044" startTime="2022-06-13T20:54:21.0440655+02:00" endTime="2022-06-13T20:54:21.0440657+02:00" testType="13cdc9d9-ddb5-4fa4-a97d-d965ccfc6d4b" outcome="Passed" testListId="8c84fa94-04c1-424b-9868-57a2d4851a1d" relativeResultsDirectory="c4180a0d-374c-458d-9c7b-28ee1bfd089e" />
    <UnitTestResult executionId="fa252b2a-925c-48a1-bdef-ac3086e446e1" testId="2c0a47e8-8ee6-29b4-babb-5a689a07f007" testName="xUnitTestProject.CurrencyHelperTests.FormatToStringTest100(price: 15639.704937780603, expected: &quot;15639.70 zł&quot;)" computerName="DESKTOP-5URQ9PB" duration="00:00:00.0000041" startTime="2022-06-13T20:54:21.0462395+02:00" endTime="2022-06-13T20:54:21.0462396+02:00" testType="13cdc9d9-ddb5-4fa4-a97d-d965ccfc6d4b" outcome="Passed" testListId="8c84fa94-04c1-424b-9868-57a2d4851a1d" relativeResultsDirectory="fa252b2a-925c-48a1-bdef-ac3086e446e1" />
    <UnitTestResult executionId="524c4f6e-30e0-49ab-906f-7e158a659ae7" testId="8a266f5a-be21-44b9-cc46-2634e151c33b" testName="xUnitTestProject.CurrencyHelperTests.FormatToStringTest100(price: 32632.105531036905, expected: &quot;32632.11 zł&quot;)" computerName="DESKTOP-5URQ9PB" duration="00:00:00.0000044" startTime="2022-06-13T20:54:21.0391988+02:00" endTime="2022-06-13T20:54:21.0391990+02:00" testType="13cdc9d9-ddb5-4fa4-a97d-d965ccfc6d4b" outcome="Passed" testListId="8c84fa94-04c1-424b-9868-57a2d4851a1d" relativeResultsDirectory="524c4f6e-30e0-49ab-906f-7e158a659ae7" />
    <UnitTestResult executionId="89872db5-b5c2-4802-b8f2-e156fa51ddd7" testId="afb9fcf3-f392-dcf0-c2e9-6922ff45e46f" testName="xUnitTestProject.CurrencyHelperTests.FormatToStringTest100(price: 740.3213011405064, expected: &quot;740.32 zł&quot;)" computerName="DESKTOP-5URQ9PB" duration="00:00:00.0000041" startTime="2022-06-13T20:54:21.0413614+02:00" endTime="2022-06-13T20:54:21.0413615+02:00" testType="13cdc9d9-ddb5-4fa4-a97d-d965ccfc6d4b" outcome="Passed" testListId="8c84fa94-04c1-424b-9868-57a2d4851a1d" relativeResultsDirectory="89872db5-b5c2-4802-b8f2-e156fa51ddd7" />
    <UnitTestResult executionId="3c556d02-1d66-415f-96c7-8dd16c53dcdd" testId="f265cc9e-137b-d632-0abc-0be231ad19a3" testName="xUnitTestProject.CurrencyHelperTests.FormatToStringTest100(price: 34096.337879508894, expected: &quot;34096.34 zł&quot;)" computerName="DESKTOP-5URQ9PB" duration="00:00:00.0000043" startTime="2022-06-13T20:54:21.0463018+02:00" endTime="2022-06-13T20:54:21.0463020+02:00" testType="13cdc9d9-ddb5-4fa4-a97d-d965ccfc6d4b" outcome="Passed" testListId="8c84fa94-04c1-424b-9868-57a2d4851a1d" relativeResultsDirectory="3c556d02-1d66-415f-96c7-8dd16c53dcdd" />
    <UnitTestResult executionId="56f95712-0227-4a50-91af-4fa9cc36ff21" testId="e6f2d423-ca40-ed8a-1d2e-2b1354a1f4e9" testName="xUnitTestProject.CurrencyHelperTests.FormatToStringTest100(price: 66019.32414194118, expected: &quot;66019.32 zł&quot;)" computerName="DESKTOP-5URQ9PB" duration="00:00:00.0000055" startTime="2022-06-13T20:54:21.0451799+02:00" endTime="2022-06-13T20:54:21.0451800+02:00" testType="13cdc9d9-ddb5-4fa4-a97d-d965ccfc6d4b" outcome="Passed" testListId="8c84fa94-04c1-424b-9868-57a2d4851a1d" relativeResultsDirectory="56f95712-0227-4a50-91af-4fa9cc36ff21" />
    <UnitTestResult executionId="a986ee06-ba31-401a-9ee9-0f2653cf8bce" testId="8f7d9f64-63ea-bbc2-2cda-2de4bf0e8d28" testName="xUnitTestProject.CurrencyHelperTests.FormatToStringTest100(price: 918.1842976688334, expected: &quot;918.18 zł&quot;)" computerName="DESKTOP-5URQ9PB" duration="00:00:00.0000045" startTime="2022-06-13T20:54:21.0099957+02:00" endTime="2022-06-13T20:54:21.0099959+02:00" testType="13cdc9d9-ddb5-4fa4-a97d-d965ccfc6d4b" outcome="Passed" testListId="8c84fa94-04c1-424b-9868-57a2d4851a1d" relativeResultsDirectory="a986ee06-ba31-401a-9ee9-0f2653cf8bce" />
    <UnitTestResult executionId="7cb0d606-58cc-4792-a2de-0b19183ca53c" testId="ff59583d-5ce7-46c9-0e7b-54c700821ca2" testName="xUnitTestProject.CurrencyHelperTests.FormatToStringTest100(price: 14172.682747822573, expected: &quot;14172.68 zł&quot;)" computerName="DESKTOP-5URQ9PB" duration="00:00:00.0000041" startTime="2022-06-13T20:54:21.0480030+02:00" endTime="2022-06-13T20:54:21.0480033+02:00" testType="13cdc9d9-ddb5-4fa4-a97d-d965ccfc6d4b" outcome="Passed" testListId="8c84fa94-04c1-424b-9868-57a2d4851a1d" relativeResultsDirectory="7cb0d606-58cc-4792-a2de-0b19183ca53c" />
    <UnitTestResult executionId="66a560cc-9426-4d3b-b16d-a559c486b635" testId="14bf6b28-24d9-64d3-e241-ed045f113c3f" testName="xUnitTestProject.CurrencyHelperTests.FormatToStringTest100(price: 16986.338876065027, expected: &quot;16986.34 zł&quot;)" computerName="DESKTOP-5URQ9PB" duration="00:00:00.0000046" startTime="2022-06-13T20:54:21.0372130+02:00" endTime="2022-06-13T20:54:21.0372131+02:00" testType="13cdc9d9-ddb5-4fa4-a97d-d965ccfc6d4b" outcome="Passed" testListId="8c84fa94-04c1-424b-9868-57a2d4851a1d" relativeResultsDirectory="66a560cc-9426-4d3b-b16d-a559c486b635" />
    <UnitTestResult executionId="ed8bfefd-08ec-46a5-8d46-1f45138f0161" testId="99620ffe-5e9a-128c-a6ac-13976c610d3b" testName="xUnitTestProject.CurrencyHelperTests.FormatToStringTest100(price: 11100.829211263372, expected: &quot;11100.83 zł&quot;)" computerName="DESKTOP-5URQ9PB" duration="00:00:00.0000245" startTime="2022-06-13T20:54:21.0096200+02:00" endTime="2022-06-13T20:54:21.0096205+02:00" testType="13cdc9d9-ddb5-4fa4-a97d-d965ccfc6d4b" outcome="Passed" testListId="8c84fa94-04c1-424b-9868-57a2d4851a1d" relativeResultsDirectory="ed8bfefd-08ec-46a5-8d46-1f45138f0161" />
    <UnitTestResult executionId="123fddc2-e1d0-492d-97d1-7e3002b7e87b" testId="3e7f7dc0-a481-a391-5e59-0a09ddfda429" testName="xUnitTestProject.CurrencyHelperTests.FormatToStringTest100(price: 7789.7136237517525, expected: &quot;7789.71 zł&quot;)" computerName="DESKTOP-5URQ9PB" duration="00:00:00.0000041" startTime="2022-06-13T20:54:21.0401990+02:00" endTime="2022-06-13T20:54:21.0401991+02:00" testType="13cdc9d9-ddb5-4fa4-a97d-d965ccfc6d4b" outcome="Passed" testListId="8c84fa94-04c1-424b-9868-57a2d4851a1d" relativeResultsDirectory="123fddc2-e1d0-492d-97d1-7e3002b7e87b" />
    <UnitTestResult executionId="0e16f5de-54e8-4383-8d2f-d627f3cdb699" testId="be83c872-b584-ea7d-68ae-387efb4fd62c" testName="xUnitTestProject.CurrencyHelperTests.FormatToStringTest100(price: 86.89546322771136, expected: &quot;86.90 zł&quot;)" computerName="DESKTOP-5URQ9PB" duration="00:00:00.0000043" startTime="2022-06-13T20:54:21.0431307+02:00" endTime="2022-06-13T20:54:21.0431308+02:00" testType="13cdc9d9-ddb5-4fa4-a97d-d965ccfc6d4b" outcome="Passed" testListId="8c84fa94-04c1-424b-9868-57a2d4851a1d" relativeResultsDirectory="0e16f5de-54e8-4383-8d2f-d627f3cdb699" />
    <UnitTestResult executionId="80f52733-b898-4e48-9c9b-cf257e068485" testId="289f0d26-9b3d-b24d-21a5-381b61257aa2" testName="xUnitTestProject.CurrencyHelperTests.FormatToStringTest100(price: 2292.8331871111104, expected: &quot;2292.83 zł&quot;)" computerName="DESKTOP-5URQ9PB" duration="00:00:00.0000044" startTime="2022-06-13T20:54:21.0472147+02:00" endTime="2022-06-13T20:54:21.0472149+02:00" testType="13cdc9d9-ddb5-4fa4-a97d-d965ccfc6d4b" outcome="Passed" testListId="8c84fa94-04c1-424b-9868-57a2d4851a1d" relativeResultsDirectory="80f52733-b898-4e48-9c9b-cf257e068485" />
    <UnitTestResult executionId="5d8ee3c6-512d-4f5e-abfd-c98884e38a8f" testId="7d21651a-97b6-7b0a-2e61-911a28703fd6" testName="xUnitTestProject.CurrencyHelperTests.FormatToStringTest100(price: 17252.06220983903, expected: &quot;17252.06 zł&quot;)" computerName="DESKTOP-5URQ9PB" duration="00:00:00.0000044" startTime="2022-06-13T20:54:21.0450541+02:00" endTime="2022-06-13T20:54:21.0450544+02:00" testType="13cdc9d9-ddb5-4fa4-a97d-d965ccfc6d4b" outcome="Passed" testListId="8c84fa94-04c1-424b-9868-57a2d4851a1d" relativeResultsDirectory="5d8ee3c6-512d-4f5e-abfd-c98884e38a8f" />
    <UnitTestResult executionId="88012647-1628-41fc-9572-7c2848fb5549" testId="04e3f1ac-8b40-ff41-8b94-5de43105a077" testName="xUnitTestProject.CurrencyHelperTests.FormatToStringTest100(price: 70771.4436677524, expected: &quot;70771.44 zł&quot;)" computerName="DESKTOP-5URQ9PB" duration="00:00:00.0000044" startTime="2022-06-13T20:54:21.0451195+02:00" endTime="2022-06-13T20:54:21.0451196+02:00" testType="13cdc9d9-ddb5-4fa4-a97d-d965ccfc6d4b" outcome="Passed" testListId="8c84fa94-04c1-424b-9868-57a2d4851a1d" relativeResultsDirectory="88012647-1628-41fc-9572-7c2848fb5549" />
    <UnitTestResult executionId="e4a31a62-6359-4502-8903-4fc6d589c9f6" testId="1dbb93f2-1030-009d-6521-2ea9595c26a6" testName="xUnitTestProject.CurrencyHelperTests.FormatToStringTest100(price: 19541.10539777116, expected: &quot;19541.11 zł&quot;)" computerName="DESKTOP-5URQ9PB" duration="00:00:00.0000058" startTime="2022-06-13T20:54:21.0432837+02:00" endTime="2022-06-13T20:54:21.0432838+02:00" testType="13cdc9d9-ddb5-4fa4-a97d-d965ccfc6d4b" outcome="Passed" testListId="8c84fa94-04c1-424b-9868-57a2d4851a1d" relativeResultsDirectory="e4a31a62-6359-4502-8903-4fc6d589c9f6" />
    <UnitTestResult executionId="b343380a-4765-4f10-8708-61b914fed526" testId="5e812169-6686-9fe1-e23d-5fb1628863ab" testName="xUnitTestProject.CurrencyHelperTests.FormatToStringTest100(price: 1649.0127968480872, expected: &quot;1649.01 zł&quot;)" computerName="DESKTOP-5URQ9PB" duration="00:00:00.0000044" startTime="2022-06-13T20:54:21.0462705+02:00" endTime="2022-06-13T20:54:21.0462706+02:00" testType="13cdc9d9-ddb5-4fa4-a97d-d965ccfc6d4b" outcome="Passed" testListId="8c84fa94-04c1-424b-9868-57a2d4851a1d" relativeResultsDirectory="b343380a-4765-4f10-8708-61b914fed526" />
    <UnitTestResult executionId="fcaad1f7-6545-42b1-82e2-9db1ce73ec1d" testId="c05fb9c5-7f95-15f9-16c2-7f5bfc2c47e7" testName="xUnitTestProject.CurrencyHelperTests.FormatToStringTest100(price: 78822.37212685234, expected: &quot;78822.37 zł&quot;)" computerName="DESKTOP-5URQ9PB" duration="00:00:00.0000044" startTime="2022-06-13T20:54:21.0433138+02:00" endTime="2022-06-13T20:54:21.0433140+02:00" testType="13cdc9d9-ddb5-4fa4-a97d-d965ccfc6d4b" outcome="Passed" testListId="8c84fa94-04c1-424b-9868-57a2d4851a1d" relativeResultsDirectory="fcaad1f7-6545-42b1-82e2-9db1ce73ec1d" />
    <UnitTestResult executionId="9a8529ba-0235-4341-9bd3-68fce436a414" testId="acd09137-eecd-d983-95fe-20aa284c3f97" testName="xUnitTestProject.CurrencyHelperTests.FormatToStringTest100(price: 96.75594581512546, expected: &quot;96.76 zł&quot;)" computerName="DESKTOP-5URQ9PB" duration="00:00:00.0000045" startTime="2022-06-13T20:54:21.0442842+02:00" endTime="2022-06-13T20:54:21.0442843+02:00" testType="13cdc9d9-ddb5-4fa4-a97d-d965ccfc6d4b" outcome="Passed" testListId="8c84fa94-04c1-424b-9868-57a2d4851a1d" relativeResultsDirectory="9a8529ba-0235-4341-9bd3-68fce436a414" />
    <UnitTestResult executionId="4d42fd87-9fab-4f63-8d07-83be752f1084" testId="fc435e55-affb-80d4-72b8-f2b63414b911" testName="xUnitTestProject.CurrencyHelperTests.FormatToStringTest100(price: 591.2110872302256, expected: &quot;591.21 zł&quot;)" computerName="DESKTOP-5URQ9PB" duration="00:00:00.0000048" startTime="2022-06-13T20:54:21.0442538+02:00" endTime="2022-06-13T20:54:21.0442540+02:00" testType="13cdc9d9-ddb5-4fa4-a97d-d965ccfc6d4b" outcome="Passed" testListId="8c84fa94-04c1-424b-9868-57a2d4851a1d" relativeResultsDirectory="4d42fd87-9fab-4f63-8d07-83be752f1084" />
    <UnitTestResult executionId="caedc35b-48f6-4d64-b7ff-1b96fac864ac" testId="f1fba880-f684-09f7-700f-be107cba176b" testName="xUnitTestProject.CurrencyHelperTests.FormatToStringTest100(price: 67338.80028760935, expected: &quot;67338.80 zł&quot;)" computerName="DESKTOP-5URQ9PB" duration="00:00:00.0000046" startTime="2022-06-13T20:54:21.0452111+02:00" endTime="2022-06-13T20:54:21.0452112+02:00" testType="13cdc9d9-ddb5-4fa4-a97d-d965ccfc6d4b" outcome="Passed" testListId="8c84fa94-04c1-424b-9868-57a2d4851a1d" relativeResultsDirectory="caedc35b-48f6-4d64-b7ff-1b96fac864ac" />
    <UnitTestResult executionId="095fe79b-ba04-4b49-ae69-abe9781f17ee" testId="abbe5506-3b8c-ed2b-2408-42de70c236b9" testName="xUnitTestProject.CurrencyHelperTests.FormatToStringTest100(price: 40857.08543233996, expected: &quot;40857.09 zł&quot;)" computerName="DESKTOP-5URQ9PB" duration="00:00:00.0031005" startTime="2022-06-13T20:54:21.0052039+02:00" endTime="2022-06-13T20:54:21.0052800+02:00" testType="13cdc9d9-ddb5-4fa4-a97d-d965ccfc6d4b" outcome="Passed" testListId="8c84fa94-04c1-424b-9868-57a2d4851a1d" relativeResultsDirectory="095fe79b-ba04-4b49-ae69-abe9781f17ee" />
    <UnitTestResult executionId="1a620f25-b668-4af3-8ce1-54fc3025b2c4" testId="ac0c8e8e-94ce-f433-7c74-70876edf6736" testName="xUnitTestProject.CurrencyHelperTests.FormatToStringTest100(price: 10914.360814625099, expected: &quot;10914.36 zł&quot;)" computerName="DESKTOP-5URQ9PB" duration="00:00:00.0000046" startTime="2022-06-13T20:54:21.0371507+02:00" endTime="2022-06-13T20:54:21.0371509+02:00" testType="13cdc9d9-ddb5-4fa4-a97d-d965ccfc6d4b" outcome="Passed" testListId="8c84fa94-04c1-424b-9868-57a2d4851a1d" relativeResultsDirectory="1a620f25-b668-4af3-8ce1-54fc3025b2c4" />
    <UnitTestResult executionId="8970de9d-dafc-4695-8370-e644625d9319" testId="541757e5-f479-f33d-0381-b6dbdace2afb" testName="xUnitTestProject.CurrencyHelperTests.FormatToStringTest100(price: 27050.586848031067, expected: &quot;27050.59 zł&quot;)" computerName="DESKTOP-5URQ9PB" duration="00:00:00.0000049" startTime="2022-06-13T20:54:21.0371194+02:00" endTime="2022-06-13T20:54:21.0371196+02:00" testType="13cdc9d9-ddb5-4fa4-a97d-d965ccfc6d4b" outcome="Passed" testListId="8c84fa94-04c1-424b-9868-57a2d4851a1d" relativeResultsDirectory="8970de9d-dafc-4695-8370-e644625d9319" />
    <UnitTestResult executionId="8c398c3f-273a-4249-b911-b7acf24a6c6a" testId="c2fcc150-05bf-fac8-cb5b-156769265741" testName="xUnitTestProject.CurrencyHelperTests.FormatToStringTest100(price: 10784.438152511344, expected: &quot;10784.44 zł&quot;)" computerName="DESKTOP-5URQ9PB" duration="00:00:00.0000041" startTime="2022-06-13T20:54:21.0470253+02:00" endTime="2022-06-13T20:54:21.0470256+02:00" testType="13cdc9d9-ddb5-4fa4-a97d-d965ccfc6d4b" outcome="Passed" testListId="8c84fa94-04c1-424b-9868-57a2d4851a1d" relativeResultsDirectory="8c398c3f-273a-4249-b911-b7acf24a6c6a" />
    <UnitTestResult executionId="388962aa-d0f1-4fa8-aeaa-fee04fb67073" testId="9e65b83c-d062-a995-788e-1f867295fc3e" testName="xUnitTestProject.CurrencyHelperTests.FormatToStringTest100(price: 1741.3334432818617, expected: &quot;1741.33 zł&quot;)" computerName="DESKTOP-5URQ9PB" duration="00:00:00.0000041" startTime="2022-06-13T20:54:21.0441615+02:00" endTime="2022-06-13T20:54:21.0441616+02:00" testType="13cdc9d9-ddb5-4fa4-a97d-d965ccfc6d4b" outcome="Passed" testListId="8c84fa94-04c1-424b-9868-57a2d4851a1d" relativeResultsDirectory="388962aa-d0f1-4fa8-aeaa-fee04fb67073" />
    <UnitTestResult executionId="2244f37a-727c-4b2b-b95f-0e0c71af0288" testId="7c8e7438-e86b-d1a6-214d-a8d6be86bec7" testName="xUnitTestProject.CurrencyHelperTests.FormatToStringTest100(price: 77904.0088552246, expected: &quot;77904.01 zł&quot;)" computerName="DESKTOP-5URQ9PB" duration="00:00:00.0000048" startTime="2022-06-13T20:54:21.0372437+02:00" endTime="2022-06-13T20:54:21.0372438+02:00" testType="13cdc9d9-ddb5-4fa4-a97d-d965ccfc6d4b" outcome="Passed" testListId="8c84fa94-04c1-424b-9868-57a2d4851a1d" relativeResultsDirectory="2244f37a-727c-4b2b-b95f-0e0c71af0288" />
    <UnitTestResult executionId="5efd75a9-4058-4ec8-8791-a8705b7c1e5e" testId="5cbd1a54-5566-6c6a-e422-221bbd0a9b56" testName="xUnitTestProject.CurrencyHelperTests.FormatToStringTest100(price: 32218.080508120394, expected: &quot;32218.08 zł&quot;)" computerName="DESKTOP-5URQ9PB" duration="00:00:00.0000041" startTime="2022-06-13T20:54:21.0462073+02:00" endTime="2022-06-13T20:54:21.0462075+02:00" testType="13cdc9d9-ddb5-4fa4-a97d-d965ccfc6d4b" outcome="Passed" testListId="8c84fa94-04c1-424b-9868-57a2d4851a1d" relativeResultsDirectory="5efd75a9-4058-4ec8-8791-a8705b7c1e5e" />
    <UnitTestResult executionId="11151d5b-3a46-403a-a925-b3adb6ee0216" testId="84d5048a-7b2f-9b60-257e-0daa5848d93c" testName="xUnitTestProject.CurrencyHelperTests.FormatToStringTest100(price: 31300.40752580967, expected: &quot;31300.41 zł&quot;)" computerName="DESKTOP-5URQ9PB" duration="00:00:00.0000143" startTime="2022-06-13T20:54:21.0403525+02:00" endTime="2022-06-13T20:54:21.0403526+02:00" testType="13cdc9d9-ddb5-4fa4-a97d-d965ccfc6d4b" outcome="Passed" testListId="8c84fa94-04c1-424b-9868-57a2d4851a1d" relativeResultsDirectory="11151d5b-3a46-403a-a925-b3adb6ee0216" />
    <UnitTestResult executionId="e8697c17-e7f2-4342-9889-fc74c10a66c5" testId="111c79ee-d703-225b-8314-e9f7cfa3d20e" testName="xUnitTestProject.CurrencyHelperTests.FormatToStringTest100(price: 27893.312729890138, expected: &quot;27893.31 zł&quot;)" computerName="DESKTOP-5URQ9PB" duration="00:00:00.0000043" startTime="2022-06-13T20:54:21.0370453+02:00" endTime="2022-06-13T20:54:21.0370461+02:00" testType="13cdc9d9-ddb5-4fa4-a97d-d965ccfc6d4b" outcome="Passed" testListId="8c84fa94-04c1-424b-9868-57a2d4851a1d" relativeResultsDirectory="e8697c17-e7f2-4342-9889-fc74c10a66c5" />
    <UnitTestResult executionId="8445ccc3-cb9c-4e97-a420-53e758d0acac" testId="4c412e3e-e553-0928-365f-424e47169018" testName="xUnitTestProject.CurrencyHelperTests.FormatToStringTest100(price: 9816.961298880615, expected: &quot;9816.96 zł&quot;)" computerName="DESKTOP-5URQ9PB" duration="00:00:00.0000040" startTime="2022-06-13T20:54:21.0450882+02:00" endTime="2022-06-13T20:54:21.0450884+02:00" testType="13cdc9d9-ddb5-4fa4-a97d-d965ccfc6d4b" outcome="Passed" testListId="8c84fa94-04c1-424b-9868-57a2d4851a1d" relativeResultsDirectory="8445ccc3-cb9c-4e97-a420-53e758d0acac" />
    <UnitTestResult executionId="6f7e9b41-0a4c-4617-997e-f50eab7c489f" testId="1683c1a4-48ae-f0a9-f8fb-441cbed69b7e" testName="xUnitTestProject.CurrencyHelperTests.FormatToStringTest100(price: 26515.80237687929, expected: &quot;26515.80 zł&quot;)" computerName="DESKTOP-5URQ9PB" duration="00:00:00.0000077" startTime="2022-06-13T20:54:21.0412699+02:00" endTime="2022-06-13T20:54:21.0412700+02:00" testType="13cdc9d9-ddb5-4fa4-a97d-d965ccfc6d4b" outcome="Passed" testListId="8c84fa94-04c1-424b-9868-57a2d4851a1d" relativeResultsDirectory="6f7e9b41-0a4c-4617-997e-f50eab7c489f" />
    <UnitTestResult executionId="fcce119b-fce0-49b4-8d91-a5dd7734dc21" testId="c57e7001-ae2f-cc3c-80aa-b60a735cb853" testName="xUnitTestProject.CurrencyHelperTests.FormatToStringTest100(price: 80609.94377465078, expected: &quot;80609.94 zł&quot;)" computerName="DESKTOP-5URQ9PB" duration="00:00:00.0000043" startTime="2022-06-13T20:54:21.0412087+02:00" endTime="2022-06-13T20:54:21.0412089+02:00" testType="13cdc9d9-ddb5-4fa4-a97d-d965ccfc6d4b" outcome="Passed" testListId="8c84fa94-04c1-424b-9868-57a2d4851a1d" relativeResultsDirectory="fcce119b-fce0-49b4-8d91-a5dd7734dc21" />
    <UnitTestResult executionId="84641840-bd5c-4ae1-986c-4cde77d04ee4" testId="4053e7cd-71d6-290b-ba32-3b8047db680a" testName="xUnitTestProject.CurrencyHelperTests.FormatToStringTest100(price: 317.9090540706688, expected: &quot;317.91 zł&quot;)" computerName="DESKTOP-5URQ9PB" duration="00:00:00.0000046" startTime="2022-06-13T20:54:21.0412390+02:00" endTime="2022-06-13T20:54:21.0412392+02:00" testType="13cdc9d9-ddb5-4fa4-a97d-d965ccfc6d4b" outcome="Passed" testListId="8c84fa94-04c1-424b-9868-57a2d4851a1d" relativeResultsDirectory="84641840-bd5c-4ae1-986c-4cde77d04ee4" />
    <UnitTestResult executionId="64fe7ce2-efe4-4b9d-a132-450f0827c3f8" testId="8b5b6910-6f6f-c9ce-8825-e4185407df85" testName="xUnitTestProject.CurrencyHelperTests.FormatToStringTest100(price: 736.7398243680316, expected: &quot;736.74 zł&quot;)" computerName="DESKTOP-5URQ9PB" duration="00:00:00.0000044" startTime="2022-06-13T20:54:21.0441311+02:00" endTime="2022-06-13T20:54:21.0441313+02:00" testType="13cdc9d9-ddb5-4fa4-a97d-d965ccfc6d4b" outcome="Passed" testListId="8c84fa94-04c1-424b-9868-57a2d4851a1d" relativeResultsDirectory="64fe7ce2-efe4-4b9d-a132-450f0827c3f8" />
    <UnitTestResult executionId="3997ff07-3a25-4ce6-8cbb-c99d2175268d" testId="74dd38df-c768-037a-da68-a6c5c371d014" testName="xUnitTestProject.CurrencyHelperTests.FormatToStringTest100(price: 22666.13578912995, expected: &quot;22666.14 zł&quot;)" computerName="DESKTOP-5URQ9PB" duration="00:00:00.0000045" startTime="2022-06-13T20:54:21.0421829+02:00" endTime="2022-06-13T20:54:21.0421830+02:00" testType="13cdc9d9-ddb5-4fa4-a97d-d965ccfc6d4b" outcome="Passed" testListId="8c84fa94-04c1-424b-9868-57a2d4851a1d" relativeResultsDirectory="3997ff07-3a25-4ce6-8cbb-c99d2175268d" />
    <UnitTestResult executionId="90e3594c-15b7-480b-9c83-5100b8e593c3" testId="49a05d1f-a775-19c0-25af-f3a1e1d16690" testName="xUnitTestProject.CurrencyHelperTests.FormatToStringTest100(price: 32216.686763396807, expected: &quot;32216.69 zł&quot;)" computerName="DESKTOP-5URQ9PB" duration="00:00:00.0000046" startTime="2022-06-13T20:54:21.0098324+02:00" endTime="2022-06-13T20:54:21.0098325+02:00" testType="13cdc9d9-ddb5-4fa4-a97d-d965ccfc6d4b" outcome="Passed" testListId="8c84fa94-04c1-424b-9868-57a2d4851a1d" relativeResultsDirectory="90e3594c-15b7-480b-9c83-5100b8e593c3" />
    <UnitTestResult executionId="b3787342-1217-4192-b3ae-2313926fead9" testId="d48c6551-b0f6-c3d7-de17-2c1671fe95a2" testName="xUnitTestProject.CurrencyHelperTests.FormatToStringTest100(price: 8768.816937361293, expected: &quot;8768.82 zł&quot;)" computerName="DESKTOP-5URQ9PB" duration="00:00:00.0000041" startTime="2022-06-13T20:54:21.0461138+02:00" endTime="2022-06-13T20:54:21.0461139+02:00" testType="13cdc9d9-ddb5-4fa4-a97d-d965ccfc6d4b" outcome="Passed" testListId="8c84fa94-04c1-424b-9868-57a2d4851a1d" relativeResultsDirectory="b3787342-1217-4192-b3ae-2313926fead9" />
    <UnitTestResult executionId="e8064fc6-c65e-482a-895d-aba79625491e" testId="77be9760-e130-8956-fbc4-11e64213b336" testName="xUnitTestProject.CurrencyHelperTests.FormatToStringTest100(price: 14237.13226245955, expected: &quot;14237.13 zł&quot;)" computerName="DESKTOP-5URQ9PB" duration="00:00:00.0000045" startTime="2022-06-13T20:54:21.0432231+02:00" endTime="2022-06-13T20:54:21.0432233+02:00" testType="13cdc9d9-ddb5-4fa4-a97d-d965ccfc6d4b" outcome="Passed" testListId="8c84fa94-04c1-424b-9868-57a2d4851a1d" relativeResultsDirectory="e8064fc6-c65e-482a-895d-aba79625491e" />
    <UnitTestResult executionId="16be7f05-61d9-4c1e-b343-c10de5bbe205" testId="d7778823-4bda-74f0-3f28-6c90759e2c7c" testName="xUnitTestProject.CurrencyHelperTests.FormatToStringTest100(price: 12949.590713378317, expected: &quot;12949.59 zł&quot;)" computerName="DESKTOP-5URQ9PB" duration="00:00:00.0000041" startTime="2022-06-13T20:54:21.0402609+02:00" endTime="2022-06-13T20:54:21.0402610+02:00" testType="13cdc9d9-ddb5-4fa4-a97d-d965ccfc6d4b" outcome="Passed" testListId="8c84fa94-04c1-424b-9868-57a2d4851a1d" relativeResultsDirectory="16be7f05-61d9-4c1e-b343-c10de5bbe205" />
    <UnitTestResult executionId="a99c9bb2-c8bf-4ae5-957e-205ec3d5784a" testId="29335311-3390-3a4e-3295-e7d01500b61d" testName="xUnitTestProject.CurrencyHelperTests.FormatToStringTest100(price: 74514.06270644537, expected: &quot;74514.06 zł&quot;)" computerName="DESKTOP-5URQ9PB" duration="00:00:00.0000047" startTime="2022-06-13T20:54:21.0099567+02:00" endTime="2022-06-13T20:54:21.0099569+02:00" testType="13cdc9d9-ddb5-4fa4-a97d-d965ccfc6d4b" outcome="Passed" testListId="8c84fa94-04c1-424b-9868-57a2d4851a1d" relativeResultsDirectory="a99c9bb2-c8bf-4ae5-957e-205ec3d5784a" />
    <UnitTestResult executionId="4394acf5-67fa-4a8e-854c-6be51ac9a954" testId="d073a14a-1a05-55ae-e697-84b172175337" testName="xUnitTestProject.CurrencyHelperTests.FormatToStringTest100(price: 52810.91713865516, expected: &quot;52810.92 zł&quot;)" computerName="DESKTOP-5URQ9PB" duration="00:00:00.0000046" startTime="2022-06-13T20:54:21.0431619+02:00" endTime="2022-06-13T20:54:21.0431620+02:00" testType="13cdc9d9-ddb5-4fa4-a97d-d965ccfc6d4b" outcome="Passed" testListId="8c84fa94-04c1-424b-9868-57a2d4851a1d" relativeResultsDirectory="4394acf5-67fa-4a8e-854c-6be51ac9a954" />
    <UnitTestResult executionId="b6544643-1f09-4daf-9a9c-0640b877352a" testId="3bb4baee-0ac4-fa1e-e791-31ce6ef2b58b" testName="xUnitTestProject.CurrencyHelperTests.FormatToStringTest100(price: 28192.949128067565, expected: &quot;28192.95 zł&quot;)" computerName="DESKTOP-5URQ9PB" duration="00:00:00.0000044" startTime="2022-06-13T20:54:21.0452716+02:00" endTime="2022-06-13T20:54:21.0452718+02:00" testType="13cdc9d9-ddb5-4fa4-a97d-d965ccfc6d4b" outcome="Passed" testListId="8c84fa94-04c1-424b-9868-57a2d4851a1d" relativeResultsDirectory="b6544643-1f09-4daf-9a9c-0640b877352a" />
    <UnitTestResult executionId="d948f673-685d-4efb-a303-f384a98e5d21" testId="50ea2bcc-2c4a-f936-b10c-5e627f71076d" testName="xUnitTestProject.CurrencyHelperTests.FormatToStringTest100(price: 6890.028458985514, expected: &quot;6890.03 zł&quot;)" computerName="DESKTOP-5URQ9PB" duration="00:00:00.0000049" startTime="2022-06-13T20:54:21.0421516+02:00" endTime="2022-06-13T20:54:21.0421517+02:00" testType="13cdc9d9-ddb5-4fa4-a97d-d965ccfc6d4b" outcome="Passed" testListId="8c84fa94-04c1-424b-9868-57a2d4851a1d" relativeResultsDirectory="d948f673-685d-4efb-a303-f384a98e5d21" />
    <UnitTestResult executionId="8d7fe130-e130-4376-8a90-6668613fb429" testId="dcc4e251-457a-bc1b-d0d7-d1ec86b94d5d" testName="xUnitTestProject.CurrencyHelperTests.FormatToStringTest100(price: 2937.138486199611, expected: &quot;2937.14 zł&quot;)" computerName="DESKTOP-5URQ9PB" duration="00:00:00.0000044" startTime="2022-06-13T20:54:21.0411767+02:00" endTime="2022-06-13T20:54:21.0411768+02:00" testType="13cdc9d9-ddb5-4fa4-a97d-d965ccfc6d4b" outcome="Passed" testListId="8c84fa94-04c1-424b-9868-57a2d4851a1d" relativeResultsDirectory="8d7fe130-e130-4376-8a90-6668613fb429" />
    <UnitTestResult executionId="3597f586-62ca-4bd3-8834-3328f5f12249" testId="c154671c-e246-3280-5d80-165aa2ed0fd0" testName="xUnitTestProject.CurrencyHelperTests.FormatToStringTest100(price: 35145.379208063416, expected: &quot;35145.38 zł&quot;)" computerName="DESKTOP-5URQ9PB" duration="00:00:00.0000041" startTime="2022-06-13T20:54:21.0470914+02:00" endTime="2022-06-13T20:54:21.0470916+02:00" testType="13cdc9d9-ddb5-4fa4-a97d-d965ccfc6d4b" outcome="Passed" testListId="8c84fa94-04c1-424b-9868-57a2d4851a1d" relativeResultsDirectory="3597f586-62ca-4bd3-8834-3328f5f12249" />
    <UnitTestResult executionId="d2f41cd6-5b17-4f4f-b7db-fa757f8849ae" testId="9fa54161-392b-187a-1e6d-1b04f9e216c3" testName="xUnitTestProject.CurrencyHelperTests.FormatToStringTest100(price: 1300.9430775404642, expected: &quot;1300.94 zł&quot;)" computerName="DESKTOP-5URQ9PB" duration="00:00:00.0000044" startTime="2022-06-13T20:54:21.0422446+02:00" endTime="2022-06-13T20:54:21.0422447+02:00" testType="13cdc9d9-ddb5-4fa4-a97d-d965ccfc6d4b" outcome="Passed" testListId="8c84fa94-04c1-424b-9868-57a2d4851a1d" relativeResultsDirectory="d2f41cd6-5b17-4f4f-b7db-fa757f8849ae" />
    <UnitTestResult executionId="7d2fd2ea-ef53-4efe-b651-24833ea55a72" testId="bee9f8c6-2947-a818-585e-f32a0181ed37" testName="xUnitTestProject.CurrencyHelperTests.FormatToStringTest100(price: 38640.62766693003, expected: &quot;38640.63 zł&quot;)" computerName="DESKTOP-5URQ9PB" duration="00:00:00.0000044" startTime="2022-06-13T20:54:21.0413915+02:00" endTime="2022-06-13T20:54:21.0413916+02:00" testType="13cdc9d9-ddb5-4fa4-a97d-d965ccfc6d4b" outcome="Passed" testListId="8c84fa94-04c1-424b-9868-57a2d4851a1d" relativeResultsDirectory="7d2fd2ea-ef53-4efe-b651-24833ea55a72" />
    <UnitTestResult executionId="a71afdae-e010-49eb-a91a-a2c8757a9d5b" testId="ae4dd41d-98b4-3a18-47fe-168d75b24553" testName="xUnitTestProject.CurrencyHelperTests.FormatToStringTest100(price: 15566.957545477411, expected: &quot;15566.96 zł&quot;)" computerName="DESKTOP-5URQ9PB" duration="00:00:00.0000041" startTime="2022-06-13T20:54:21.0393224+02:00" endTime="2022-06-13T20:54:21.0393225+02:00" testType="13cdc9d9-ddb5-4fa4-a97d-d965ccfc6d4b" outcome="Passed" testListId="8c84fa94-04c1-424b-9868-57a2d4851a1d" relativeResultsDirectory="a71afdae-e010-49eb-a91a-a2c8757a9d5b" />
    <UnitTestResult executionId="e62c4cec-6f3f-4a18-be39-b8b526b9f0f4" testId="2e0c5192-e697-d6bc-f801-978bcb4ec749" testName="xUnitTestProject.CurrencyHelperTests.FormatToStringTest100(price: 8499.121443388574, expected: &quot;8499.12 zł&quot;)" computerName="DESKTOP-5URQ9PB" duration="00:00:00.0000046" startTime="2022-06-13T20:54:21.0393528+02:00" endTime="2022-06-13T20:54:21.0393530+02:00" testType="13cdc9d9-ddb5-4fa4-a97d-d965ccfc6d4b" outcome="Passed" testListId="8c84fa94-04c1-424b-9868-57a2d4851a1d" relativeResultsDirectory="e62c4cec-6f3f-4a18-be39-b8b526b9f0f4" />
    <UnitTestResult executionId="16a3e5bf-bdb8-4499-8406-aceb2dbd948c" testId="2738362e-e19d-f6a9-dd3e-b18b1bacf9a4" testName="xUnitTestProject.CurrencyHelperTests.FormatToStringTest100(price: 6958.393354767186, expected: &quot;6958.39 zł&quot;)" computerName="DESKTOP-5URQ9PB" duration="00:00:00.0000039" startTime="2022-06-13T20:54:21.0422752+02:00" endTime="2022-06-13T20:54:21.0422754+02:00" testType="13cdc9d9-ddb5-4fa4-a97d-d965ccfc6d4b" outcome="Passed" testListId="8c84fa94-04c1-424b-9868-57a2d4851a1d" relativeResultsDirectory="16a3e5bf-bdb8-4499-8406-aceb2dbd948c" />
    <UnitTestResult executionId="a39df6eb-6c0f-4f5b-979e-ebb1bed66f70" testId="2b46eb58-6e84-4876-9d74-10f782a2b95d" testName="xUnitTestProject.CurrencyHelperTests.FormatToStringTest100(price: 39178.05988345298, expected: &quot;39178.06 zł&quot;)" computerName="DESKTOP-5URQ9PB" duration="00:00:00.0000040" startTime="2022-06-13T20:54:21.0472451+02:00" endTime="2022-06-13T20:54:21.0472452+02:00" testType="13cdc9d9-ddb5-4fa4-a97d-d965ccfc6d4b" outcome="Passed" testListId="8c84fa94-04c1-424b-9868-57a2d4851a1d" relativeResultsDirectory="a39df6eb-6c0f-4f5b-979e-ebb1bed66f70" />
    <UnitTestResult executionId="820f1ca6-68eb-4e90-beca-84e4b230b507" testId="1813aa2f-eab9-0da1-9d79-9ec562fcf340" testName="xUnitTestProject.CurrencyHelperTests.FormatToStringTest100(price: 22604.838218828587, expected: &quot;22604.84 zł&quot;)" computerName="DESKTOP-5URQ9PB" duration="00:00:00.0000043" startTime="2022-06-13T20:54:21.0471836+02:00" endTime="2022-06-13T20:54:21.0471837+02:00" testType="13cdc9d9-ddb5-4fa4-a97d-d965ccfc6d4b" outcome="Passed" testListId="8c84fa94-04c1-424b-9868-57a2d4851a1d" relativeResultsDirectory="820f1ca6-68eb-4e90-beca-84e4b230b507" />
    <UnitTestResult executionId="830fae0a-68d0-426d-8bdc-c13e55b94140" testId="50d69e8d-3a93-b655-2f18-638fbff5feb9" testName="xUnitTestProject.CurrencyHelperTests.FormatToStringTest100(price: 6864.093052674129, expected: &quot;6864.09 zł&quot;)" computerName="DESKTOP-5URQ9PB" duration="00:00:00.0000044" startTime="2022-06-13T20:54:21.0371817+02:00" endTime="2022-06-13T20:54:21.0371819+02:00" testType="13cdc9d9-ddb5-4fa4-a97d-d965ccfc6d4b" outcome="Passed" testListId="8c84fa94-04c1-424b-9868-57a2d4851a1d" relativeResultsDirectory="830fae0a-68d0-426d-8bdc-c13e55b94140" />
    <UnitTestResult executionId="82a1a5de-3e59-445f-9d11-8f408c3e524a" testId="fb2ea2cb-613f-cbc7-6fc7-7097106fa76f" testName="xUnitTestProject.CurrencyHelperTests.FormatToStringTest100(price: 28072.424637532058, expected: &quot;28072.42 zł&quot;)" computerName="DESKTOP-5URQ9PB" duration="00:00:00.0000041" startTime="2022-06-13T20:54:21.0413007+02:00" endTime="2022-06-13T20:54:21.0413008+02:00" testType="13cdc9d9-ddb5-4fa4-a97d-d965ccfc6d4b" outcome="Passed" testListId="8c84fa94-04c1-424b-9868-57a2d4851a1d" relativeResultsDirectory="82a1a5de-3e59-445f-9d11-8f408c3e524a" />
    <UnitTestResult executionId="e15a2bc9-a9a4-4b16-87c7-da1739859efc" testId="e3628c97-347a-9ee9-e133-2d57b36ee5ba" testName="xUnitTestProject.CurrencyHelperTests.FormatToStringTest100(price: 9867.823212210007, expected: &quot;9867.82 zł&quot;)" computerName="DESKTOP-5URQ9PB" duration="00:00:00.0000044" startTime="2022-06-13T20:54:21.0392918+02:00" endTime="2022-06-13T20:54:21.0392920+02:00" testType="13cdc9d9-ddb5-4fa4-a97d-d965ccfc6d4b" outcome="Passed" testListId="8c84fa94-04c1-424b-9868-57a2d4851a1d" relativeResultsDirectory="e15a2bc9-a9a4-4b16-87c7-da1739859efc" />
    <UnitTestResult executionId="780c0752-3316-4c74-afa5-5e356882a848" testId="b611b239-b1eb-9204-e0e7-5dd83b648e27" testName="xUnitTestProject.CurrencyHelperTests.FormatToStringTest100(price: 79973.08417819678, expected: &quot;79973.08 zł&quot;)" computerName="DESKTOP-5URQ9PB" duration="00:00:00.0000041" startTime="2022-06-13T20:54:21.0443149+02:00" endTime="2022-06-13T20:54:21.0443150+02:00" testType="13cdc9d9-ddb5-4fa4-a97d-d965ccfc6d4b" outcome="Passed" testListId="8c84fa94-04c1-424b-9868-57a2d4851a1d" relativeResultsDirectory="780c0752-3316-4c74-afa5-5e356882a848" />
    <UnitTestResult executionId="cdd85b49-c407-4252-b990-a2d4f0b9ba11" testId="b309356a-1568-0ab7-98a5-a111bb0bc5a1" testName="xUnitTestProject.CurrencyHelperTests.FormatToStringTest100(price: 46898.00219497783, expected: &quot;46898.00 zł&quot;)" computerName="DESKTOP-5URQ9PB" duration="00:00:00.0000047" startTime="2022-06-13T20:54:21.0402913+02:00" endTime="2022-06-13T20:54:21.0402914+02:00" testType="13cdc9d9-ddb5-4fa4-a97d-d965ccfc6d4b" outcome="Passed" testListId="8c84fa94-04c1-424b-9868-57a2d4851a1d" relativeResultsDirectory="cdd85b49-c407-4252-b990-a2d4f0b9ba11" />
    <UnitTestResult executionId="a2552f96-cd68-4f6c-883e-d3df4f281b07" testId="da9a7d7d-29a1-93da-fc82-1718f2a3582d" testName="xUnitTestProject.CurrencyHelperTests.FormatToStringTest100(price: 52020.805412759444, expected: &quot;52020.81 zł&quot;)" computerName="DESKTOP-5URQ9PB" duration="00:00:00.0000045" startTime="2022-06-13T20:54:21.0470594+02:00" endTime="2022-06-13T20:54:21.0470595+02:00" testType="13cdc9d9-ddb5-4fa4-a97d-d965ccfc6d4b" outcome="Passed" testListId="8c84fa94-04c1-424b-9868-57a2d4851a1d" relativeResultsDirectory="a2552f96-cd68-4f6c-883e-d3df4f281b07" />
    <UnitTestResult executionId="52fbeadc-20fe-4b4d-8681-5f4027392c51" testId="0f154440-ee39-dfa0-38c3-2b0334e011dd" testName="xUnitTestProject.CurrencyHelperTests.FormatToStringTest100(price: 6809.40195803037, expected: &quot;6809.40 zł&quot;)" computerName="DESKTOP-5URQ9PB" duration="00:00:00.0000044" startTime="2022-06-13T20:54:21.0422142+02:00" endTime="2022-06-13T20:54:21.0422144+02:00" testType="13cdc9d9-ddb5-4fa4-a97d-d965ccfc6d4b" outcome="Passed" testListId="8c84fa94-04c1-424b-9868-57a2d4851a1d" relativeResultsDirectory="52fbeadc-20fe-4b4d-8681-5f4027392c51" />
    <UnitTestResult executionId="9582f17f-10be-4ddd-ac3b-a3f084b21f06" testId="e2ec08cf-67dd-78b0-72e9-2a2acf351ef6" testName="xUnitTestProject.CurrencyHelperTests.FormatToStringTest100(price: 75350.77330865282, expected: &quot;75350.77 zł&quot;)" computerName="DESKTOP-5URQ9PB" duration="00:00:00.0000045" startTime="2022-06-13T20:54:21.0393829+02:00" endTime="2022-06-13T20:54:21.0393830+02:00" testType="13cdc9d9-ddb5-4fa4-a97d-d965ccfc6d4b" outcome="Passed" testListId="8c84fa94-04c1-424b-9868-57a2d4851a1d" relativeResultsDirectory="9582f17f-10be-4ddd-ac3b-a3f084b21f06" />
    <UnitTestResult executionId="97b70a58-e9f8-4f66-8e54-b4ce93b1a9f9" testId="91415d54-575f-b471-1dc0-1631e68e02ab" testName="xUnitTestProject.CurrencyHelperTests.FormatToStringTest100(price: 1208.1827589441941, expected: &quot;1208.18 zł&quot;)" computerName="DESKTOP-5URQ9PB" duration="00:00:00.0000044" startTime="2022-06-13T20:54:21.0394143+02:00" endTime="2022-06-13T20:54:21.0394144+02:00" testType="13cdc9d9-ddb5-4fa4-a97d-d965ccfc6d4b" outcome="Passed" testListId="8c84fa94-04c1-424b-9868-57a2d4851a1d" relativeResultsDirectory="97b70a58-e9f8-4f66-8e54-b4ce93b1a9f9" />
    <UnitTestResult executionId="bfdab249-1d5f-43cb-ab42-ab5cc5fe7098" testId="43a8ab94-a343-e6fd-9ae1-7ad0c6ee6431" testName="xUnitTestProject.CurrencyHelperTests.FormatToStringTest100(price: 62975.496334776515, expected: &quot;62975.50 zł&quot;)" computerName="DESKTOP-5URQ9PB" duration="00:00:00.0000043" startTime="2022-06-13T20:54:21.0431928+02:00" endTime="2022-06-13T20:54:21.0431929+02:00" testType="13cdc9d9-ddb5-4fa4-a97d-d965ccfc6d4b" outcome="Passed" testListId="8c84fa94-04c1-424b-9868-57a2d4851a1d" relativeResultsDirectory="bfdab249-1d5f-43cb-ab42-ab5cc5fe7098" />
    <UnitTestResult executionId="bcf50116-426f-4a3d-95d9-8cccc088d0d7" testId="e5d3d46a-1577-bac4-8f03-ab7ff7705a9f" testName="xUnitTestProject.CurrencyHelperTests.FormatToStringTest100(price: 52858.048916166204, expected: &quot;52858.05 zł&quot;)" computerName="DESKTOP-5URQ9PB" duration="00:00:00.0000044" startTime="2022-06-13T20:54:21.0402305+02:00" endTime="2022-06-13T20:54:21.0402306+02:00" testType="13cdc9d9-ddb5-4fa4-a97d-d965ccfc6d4b" outcome="Passed" testListId="8c84fa94-04c1-424b-9868-57a2d4851a1d" relativeResultsDirectory="bcf50116-426f-4a3d-95d9-8cccc088d0d7" />
    <UnitTestResult executionId="9c35d679-bfa1-4876-82d0-f56b08d5794e" testId="67a2e17d-2e99-1573-e414-664dc3a5daec" testName="xUnitTestProject.CurrencyHelperTests.FormatToStringTest100(price: 45035.160883881224, expected: &quot;45035.16 zł&quot;)" computerName="DESKTOP-5URQ9PB" duration="00:00:00.0000056" startTime="2022-06-13T20:54:21.0097431+02:00" endTime="2022-06-13T20:54:21.0097434+02:00" testType="13cdc9d9-ddb5-4fa4-a97d-d965ccfc6d4b" outcome="Passed" testListId="8c84fa94-04c1-424b-9868-57a2d4851a1d" relativeResultsDirectory="9c35d679-bfa1-4876-82d0-f56b08d5794e" />
    <UnitTestResult executionId="47d3963c-38a1-4818-8fc9-510623d01efd" testId="fb32513a-ed20-1e61-8c8f-5e74dc95816c" testName="xUnitTestProject.CurrencyHelperTests.FormatToStringTest100(price: 286.92120604539343, expected: &quot;286.92 zł&quot;)" computerName="DESKTOP-5URQ9PB" duration="00:00:00.0000041" startTime="2022-06-13T20:54:21.0392612+02:00" endTime="2022-06-13T20:54:21.0392613+02:00" testType="13cdc9d9-ddb5-4fa4-a97d-d965ccfc6d4b" outcome="Passed" testListId="8c84fa94-04c1-424b-9868-57a2d4851a1d" relativeResultsDirectory="47d3963c-38a1-4818-8fc9-510623d01efd" />
    <UnitTestResult executionId="7009f1f7-ed00-416c-845f-07597b9f974f" testId="5a8675de-6b57-6a3b-e014-8c438f537aee" testName="xUnitTestProject.CurrencyHelperTests.FormatToStringTest100(price: 41876.979471482795, expected: &quot;41876.98 zł&quot;)" computerName="DESKTOP-5URQ9PB" duration="00:00:00.0000046" startTime="2022-06-13T20:54:21.0471223+02:00" endTime="2022-06-13T20:54:21.0471224+02:00" testType="13cdc9d9-ddb5-4fa4-a97d-d965ccfc6d4b" outcome="Passed" testListId="8c84fa94-04c1-424b-9868-57a2d4851a1d" relativeResultsDirectory="7009f1f7-ed00-416c-845f-07597b9f974f" />
    <UnitTestResult executionId="4eb2039c-6a41-4571-aed6-2b561ea3c267" testId="7105c4e1-ce32-5c97-6709-d6bf0a4e3d55" testName="xUnitTestProject.CurrencyHelperTests.FormatToStringTest100(price: 5628.028273674672, expected: &quot;5628.03 zł&quot;)" computerName="DESKTOP-5URQ9PB" duration="00:00:00.0000041" startTime="2022-06-13T20:54:21.0453021+02:00" endTime="2022-06-13T20:54:21.0453022+02:00" testType="13cdc9d9-ddb5-4fa4-a97d-d965ccfc6d4b" outcome="Passed" testListId="8c84fa94-04c1-424b-9868-57a2d4851a1d" relativeResultsDirectory="4eb2039c-6a41-4571-aed6-2b561ea3c267" />
    <UnitTestResult executionId="7c916be1-dba8-4375-8c7c-fbb65cd21a1b" testId="aa846e16-83e3-6a8d-ea1c-cf150206bc05" testName="xUnitTestProject.CurrencyHelperTests.FormatToStringTest100(price: 37589.670531794276, expected: &quot;37589.67 zł&quot;)" computerName="DESKTOP-5URQ9PB" duration="00:00:00.0000047" startTime="2022-06-13T20:54:21.0423664+02:00" endTime="2022-06-13T20:54:21.0423665+02:00" testType="13cdc9d9-ddb5-4fa4-a97d-d965ccfc6d4b" outcome="Passed" testListId="8c84fa94-04c1-424b-9868-57a2d4851a1d" relativeResultsDirectory="7c916be1-dba8-4375-8c7c-fbb65cd21a1b" />
    <UnitTestResult executionId="46c412d3-ddc2-4e5e-818d-ece297a6f76d" testId="266d715f-e5d3-df86-ea76-d35ef7b9d7e0" testName="xUnitTestProject.CurrencyHelperTests.FormatToStringTest100(price: 45603.90324273142, expected: &quot;45603.90 zł&quot;)" computerName="DESKTOP-5URQ9PB" duration="00:00:00.0000045" startTime="2022-06-13T20:54:21.0413311+02:00" endTime="2022-06-13T20:54:21.0413312+02:00" testType="13cdc9d9-ddb5-4fa4-a97d-d965ccfc6d4b" outcome="Passed" testListId="8c84fa94-04c1-424b-9868-57a2d4851a1d" relativeResultsDirectory="46c412d3-ddc2-4e5e-818d-ece297a6f76d" />
    <UnitTestResult executionId="27f9fca4-6175-4b6f-9b76-dc5d76ac7116" testId="571d5971-1ee5-2e96-a2c2-f9965b0b3623" testName="xUnitTestProject.CurrencyHelperTests.FormatToStringTest100(price: 7594.279030504766, expected: &quot;7594.28 zł&quot;)" computerName="DESKTOP-5URQ9PB" duration="00:00:00.0000046" startTime="2022-06-13T20:54:21.0460462+02:00" endTime="2022-06-13T20:54:21.0460465+02:00" testType="13cdc9d9-ddb5-4fa4-a97d-d965ccfc6d4b" outcome="Passed" testListId="8c84fa94-04c1-424b-9868-57a2d4851a1d" relativeResultsDirectory="27f9fca4-6175-4b6f-9b76-dc5d76ac7116" />
    <UnitTestResult executionId="96175bb8-3728-4fef-8c21-b36fb20a7ded" testId="3ac7c8db-6027-14d9-863b-5141742cb318" testName="xUnitTestProject.CurrencyHelperTests.FormatToStringTest100(price: 159.83786031922224, expected: &quot;159.84 zł&quot;)" computerName="DESKTOP-5URQ9PB" duration="00:00:00.0000051" startTime="2022-06-13T20:54:21.0098727+02:00" endTime="2022-06-13T20:54:21.0098729+02:00" testType="13cdc9d9-ddb5-4fa4-a97d-d965ccfc6d4b" outcome="Passed" testListId="8c84fa94-04c1-424b-9868-57a2d4851a1d" relativeResultsDirectory="96175bb8-3728-4fef-8c21-b36fb20a7ded" />
    <UnitTestResult executionId="e66c3942-1c32-4076-a8fe-494f96950819" testId="8b4e8664-15ff-c81e-db88-693c6ea7ece0" testName="xUnitTestProject.CurrencyHelperTests.FormatToStringTest100(price: 22291.653251342315, expected: &quot;22291.65 zł&quot;)" computerName="DESKTOP-5URQ9PB" duration="00:00:00.0000046" startTime="2022-06-13T20:54:21.0403826+02:00" endTime="2022-06-13T20:54:21.0403828+02:00" testType="13cdc9d9-ddb5-4fa4-a97d-d965ccfc6d4b" outcome="Passed" testListId="8c84fa94-04c1-424b-9868-57a2d4851a1d" relativeResultsDirectory="e66c3942-1c32-4076-a8fe-494f96950819" />
    <UnitTestResult executionId="4406c6a5-73ef-404f-bc63-fe75e8f83cac" testId="4b242f0c-9170-3330-c57e-f3c12dfe43da" testName="xUnitTestProject.CurrencyHelperTests.FormatToStringTest100(price: 28502.61128259758, expected: &quot;28502.61 zł&quot;)" computerName="DESKTOP-5URQ9PB" duration="00:00:00.0000041" startTime="2022-06-13T20:54:21.0471528+02:00" endTime="2022-06-13T20:54:21.0471529+02:00" testType="13cdc9d9-ddb5-4fa4-a97d-d965ccfc6d4b" outcome="Passed" testListId="8c84fa94-04c1-424b-9868-57a2d4851a1d" relativeResultsDirectory="4406c6a5-73ef-404f-bc63-fe75e8f83cac" />
    <UnitTestResult executionId="9c191564-ea25-4ab7-a055-2bfe1ac447ff" testId="ece080b6-35d5-52f6-4ff2-f79908c52d78" testName="xUnitTestProject.CurrencyHelperTests.FormatToStringTest100(price: 7458.609645228652, expected: &quot;7458.61 zł&quot;)" computerName="DESKTOP-5URQ9PB" duration="00:00:00.0000045" startTime="2022-06-13T20:54:21.0423055+02:00" endTime="2022-06-13T20:54:21.0423057+02:00" testType="13cdc9d9-ddb5-4fa4-a97d-d965ccfc6d4b" outcome="Passed" testListId="8c84fa94-04c1-424b-9868-57a2d4851a1d" relativeResultsDirectory="9c191564-ea25-4ab7-a055-2bfe1ac447ff" />
    <UnitTestResult executionId="ba557600-630e-481c-95ff-933a4a611a28" testId="33f107c2-ab0d-ae03-80da-536fe345a886" testName="xUnitTestProject.CurrencyHelperTests.FormatToStringTest100(price: 21961.272673999552, expected: &quot;21961.27 zł&quot;)" computerName="DESKTOP-5URQ9PB" duration="00:00:00.0000041" startTime="2022-06-13T20:54:21.0421172+02:00" endTime="2022-06-13T20:54:21.0421174+02:00" testType="13cdc9d9-ddb5-4fa4-a97d-d965ccfc6d4b" outcome="Passed" testListId="8c84fa94-04c1-424b-9868-57a2d4851a1d" relativeResultsDirectory="ba557600-630e-481c-95ff-933a4a611a28" />
    <UnitTestResult executionId="4954ba0c-d445-4bc8-a5f4-6a34737e983d" testId="649e78c8-4417-17eb-ca16-441525722fe8" testName="xUnitTestProject.CurrencyHelperTests.FormatToStringTest100(price: 50339.31259969497, expected: &quot;50339.31 zł&quot;)" computerName="DESKTOP-5URQ9PB" duration="00:00:00.0000045" startTime="2022-06-13T20:54:21.0461452+02:00" endTime="2022-06-13T20:54:21.0461453+02:00" testType="13cdc9d9-ddb5-4fa4-a97d-d965ccfc6d4b" outcome="Passed" testListId="8c84fa94-04c1-424b-9868-57a2d4851a1d" relativeResultsDirectory="4954ba0c-d445-4bc8-a5f4-6a34737e983d" />
    <UnitTestResult executionId="add8980a-2ca8-4ba7-a951-272429ac99da" testId="0bf4b77c-c3da-f3e0-15d0-aa3788b09ed0" testName="xUnitTestProject.CurrencyHelperTests.FormatToStringTest100(price: 17953.338243749615, expected: &quot;17953.34 zł&quot;)" computerName="DESKTOP-5URQ9PB" duration="00:00:00.0000044" startTime="2022-06-13T20:54:21.0442232+02:00" endTime="2022-06-13T20:54:21.0442234+02:00" testType="13cdc9d9-ddb5-4fa4-a97d-d965ccfc6d4b" outcome="Passed" testListId="8c84fa94-04c1-424b-9868-57a2d4851a1d" relativeResultsDirectory="add8980a-2ca8-4ba7-a951-272429ac99da" />
    <UnitTestResult executionId="830b9855-c7d0-41d8-b733-196dede3c444" testId="e3518d76-f67f-2786-4eb3-a849256035ef" testName="xUnitTestProject.CurrencyHelperTests.FormatToStringTest100(price: 58848.60825001477, expected: &quot;58848.61 zł&quot;)" computerName="DESKTOP-5URQ9PB" duration="00:00:00.0000041" startTime="2022-06-13T20:54:21.0433439+02:00" endTime="2022-06-13T20:54:21.0433440+02:00" testType="13cdc9d9-ddb5-4fa4-a97d-d965ccfc6d4b" outcome="Passed" testListId="8c84fa94-04c1-424b-9868-57a2d4851a1d" relativeResultsDirectory="830b9855-c7d0-41d8-b733-196dede3c444" />
    <UnitTestResult executionId="2c265b7c-41bc-47a7-a031-f6b52c5253b9" testId="f0bb637b-8cf3-7fb0-e10c-0038b91cfed9" testName="xUnitTestProject.CurrencyHelperTests.FormatToStringTest100(price: 11912.404131636213, expected: &quot;11912.40 zł&quot;)" computerName="DESKTOP-5URQ9PB" duration="00:00:00.0000041" startTime="2022-06-13T20:54:21.0472755+02:00" endTime="2022-06-13T20:54:21.0472757+02:00" testType="13cdc9d9-ddb5-4fa4-a97d-d965ccfc6d4b" outcome="Passed" testListId="8c84fa94-04c1-424b-9868-57a2d4851a1d" relativeResultsDirectory="2c265b7c-41bc-47a7-a031-f6b52c5253b9" />
  </Results>
  <TestDefinitions>
    <UnitTest name="xUnitTestProject.CurrencyHelperTests.FormatToStringTest100(price: 25990.318498101697, expected: &quot;25990.32 zł&quot;)" storage="c:\projekty\xunittestproject\bin\debug\netcoreapp3.1\xunittestproject.dll" id="d71fa846-0b3d-650b-0fa7-7de64a8b5692">
      <Execution id="0236fa23-b131-4230-b772-7d9d9c7c3f0b" />
      <TestMethod codeBase="C:\Projekty\xUnitTestProject\bin\Debug\netcoreapp3.1\xUnitTestProject.dll" adapterTypeName="executor://xunit/VsTestRunner2/netcoreapp" className="xUnitTestProject.CurrencyHelperTests" name="FormatToStringTest100" />
    </UnitTest>
    <UnitTest name="xUnitTestProject.CurrencyHelperTests.FormatToStringTest100(price: 736.7398243680316, expected: &quot;736.74 zł&quot;)" storage="c:\projekty\xunittestproject\bin\debug\netcoreapp3.1\xunittestproject.dll" id="8b5b6910-6f6f-c9ce-8825-e4185407df85">
      <Execution id="64fe7ce2-efe4-4b9d-a132-450f0827c3f8" />
      <TestMethod codeBase="C:\Projekty\xUnitTestProject\bin\Debug\netcoreapp3.1\xUnitTestProject.dll" adapterTypeName="executor://xunit/VsTestRunner2/netcoreapp" className="xUnitTestProject.CurrencyHelperTests" name="FormatToStringTest100" />
    </UnitTest>
    <UnitTest name="xUnitTestProject.CurrencyHelperTests.FormatToStringTest100(price: 96.75594581512546, expected: &quot;96.76 zł&quot;)" storage="c:\projekty\xunittestproject\bin\debug\netcoreapp3.1\xunittestproject.dll" id="acd09137-eecd-d983-95fe-20aa284c3f97">
      <Execution id="9a8529ba-0235-4341-9bd3-68fce436a414" />
      <TestMethod codeBase="C:\Projekty\xUnitTestProject\bin\Debug\netcoreapp3.1\xUnitTestProject.dll" adapterTypeName="executor://xunit/VsTestRunner2/netcoreapp" className="xUnitTestProject.CurrencyHelperTests" name="FormatToStringTest100" />
    </UnitTest>
    <UnitTest name="xUnitTestProject.CurrencyHelperTests.FormatToStringTest100(price: 46898.00219497783, expected: &quot;46898.00 zł&quot;)" storage="c:\projekty\xunittestproject\bin\debug\netcoreapp3.1\xunittestproject.dll" id="b309356a-1568-0ab7-98a5-a111bb0bc5a1">
      <Execution id="cdd85b49-c407-4252-b990-a2d4f0b9ba11" />
      <TestMethod codeBase="C:\Projekty\xUnitTestProject\bin\Debug\netcoreapp3.1\xUnitTestProject.dll" adapterTypeName="executor://xunit/VsTestRunner2/netcoreapp" className="xUnitTestProject.CurrencyHelperTests" name="FormatToStringTest100" />
    </UnitTest>
    <UnitTest name="xUnitTestProject.CurrencyHelperTests.FormatToStringTest100(price: 26515.80237687929, expected: &quot;26515.80 zł&quot;)" storage="c:\projekty\xunittestproject\bin\debug\netcoreapp3.1\xunittestproject.dll" id="1683c1a4-48ae-f0a9-f8fb-441cbed69b7e">
      <Execution id="6f7e9b41-0a4c-4617-997e-f50eab7c489f" />
      <TestMethod codeBase="C:\Projekty\xUnitTestProject\bin\Debug\netcoreapp3.1\xUnitTestProject.dll" adapterTypeName="executor://xunit/VsTestRunner2/netcoreapp" className="xUnitTestProject.CurrencyHelperTests" name="FormatToStringTest100" />
    </UnitTest>
    <UnitTest name="xUnitTestProject.CurrencyHelperTests.FormatToStringTest100(price: 1741.3334432818617, expected: &quot;1741.33 zł&quot;)" storage="c:\projekty\xunittestproject\bin\debug\netcoreapp3.1\xunittestproject.dll" id="9e65b83c-d062-a995-788e-1f867295fc3e">
      <Execution id="388962aa-d0f1-4fa8-aeaa-fee04fb67073" />
      <TestMethod codeBase="C:\Projekty\xUnitTestProject\bin\Debug\netcoreapp3.1\xUnitTestProject.dll" adapterTypeName="executor://xunit/VsTestRunner2/netcoreapp" className="xUnitTestProject.CurrencyHelperTests" name="FormatToStringTest100" />
    </UnitTest>
    <UnitTest name="xUnitTestProject.CurrencyHelperTests.FormatToStringTest100(price: 64210.358316209335, expected: &quot;64210.36 zł&quot;)" storage="c:\projekty\xunittestproject\bin\debug\netcoreapp3.1\xunittestproject.dll" id="60df436e-3029-21a3-1c5e-f7dac0d4c1de">
      <Execution id="239b7f82-7908-4350-aeb8-5ac30647bd48" />
      <TestMethod codeBase="C:\Projekty\xUnitTestProject\bin\Debug\netcoreapp3.1\xUnitTestProject.dll" adapterTypeName="executor://xunit/VsTestRunner2/netcoreapp" className="xUnitTestProject.CurrencyHelperTests" name="FormatToStringTest100" />
    </UnitTest>
    <UnitTest name="xUnitTestProject.CurrencyHelperTests.FormatToStringTest100(price: 1108.7197928823157, expected: &quot;1108.72 zł&quot;)" storage="c:\projekty\xunittestproject\bin\debug\netcoreapp3.1\xunittestproject.dll" id="bc595dee-6f3e-e241-694d-ba68ac66ab16">
      <Execution id="c4180a0d-374c-458d-9c7b-28ee1bfd089e" />
      <TestMethod codeBase="C:\Projekty\xUnitTestProject\bin\Debug\netcoreapp3.1\xUnitTestProject.dll" adapterTypeName="executor://xunit/VsTestRunner2/netcoreapp" className="xUnitTestProject.CurrencyHelperTests" name="FormatToStringTest100" />
    </UnitTest>
    <UnitTest name="xUnitTestProject.CurrencyHelperTests.FormatToStringTest100(price: 740.3213011405064, expected: &quot;740.32 zł&quot;)" storage="c:\projekty\xunittestproject\bin\debug\netcoreapp3.1\xunittestproject.dll" id="afb9fcf3-f392-dcf0-c2e9-6922ff45e46f">
      <Execution id="89872db5-b5c2-4802-b8f2-e156fa51ddd7" />
      <TestMethod codeBase="C:\Projekty\xUnitTestProject\bin\Debug\netcoreapp3.1\xUnitTestProject.dll" adapterTypeName="executor://xunit/VsTestRunner2/netcoreapp" className="xUnitTestProject.CurrencyHelperTests" name="FormatToStringTest100" />
    </UnitTest>
    <UnitTest name="xUnitTestProject.CurrencyHelperTests.FormatToStringTest100(price: 77904.0088552246, expected: &quot;77904.01 zł&quot;)" storage="c:\projekty\xunittestproject\bin\debug\netcoreapp3.1\xunittestproject.dll" id="7c8e7438-e86b-d1a6-214d-a8d6be86bec7">
      <Execution id="2244f37a-727c-4b2b-b95f-0e0c71af0288" />
      <TestMethod codeBase="C:\Projekty\xUnitTestProject\bin\Debug\netcoreapp3.1\xUnitTestProject.dll" adapterTypeName="executor://xunit/VsTestRunner2/netcoreapp" className="xUnitTestProject.CurrencyHelperTests" name="FormatToStringTest100" />
    </UnitTest>
    <UnitTest name="xUnitTestProject.CurrencyHelperTests.FormatToStringTest100(price: 52810.91713865516, expected: &quot;52810.92 zł&quot;)" storage="c:\projekty\xunittestproject\bin\debug\netcoreapp3.1\xunittestproject.dll" id="d073a14a-1a05-55ae-e697-84b172175337">
      <Execution id="4394acf5-67fa-4a8e-854c-6be51ac9a954" />
      <TestMethod codeBase="C:\Projekty\xUnitTestProject\bin\Debug\netcoreapp3.1\xUnitTestProject.dll" adapterTypeName="executor://xunit/VsTestRunner2/netcoreapp" className="xUnitTestProject.CurrencyHelperTests" name="FormatToStringTest100" />
    </UnitTest>
    <UnitTest name="xUnitTestProject.CurrencyHelperTests.FormatToStringTest100(price: 10914.360814625099, expected: &quot;10914.36 zł&quot;)" storage="c:\projekty\xunittestproject\bin\debug\netcoreapp3.1\xunittestproject.dll" id="ac0c8e8e-94ce-f433-7c74-70876edf6736">
      <Execution id="1a620f25-b668-4af3-8ce1-54fc3025b2c4" />
      <TestMethod codeBase="C:\Projekty\xUnitTestProject\bin\Debug\netcoreapp3.1\xUnitTestProject.dll" adapterTypeName="executor://xunit/VsTestRunner2/netcoreapp" className="xUnitTestProject.CurrencyHelperTests" name="FormatToStringTest100" />
    </UnitTest>
    <UnitTest name="xUnitTestProject.CurrencyHelperTests.FormatToStringTest100(price: 79973.08417819678, expected: &quot;79973.08 zł&quot;)" storage="c:\projekty\xunittestproject\bin\debug\netcoreapp3.1\xunittestproject.dll" id="b611b239-b1eb-9204-e0e7-5dd83b648e27">
      <Execution id="780c0752-3316-4c74-afa5-5e356882a848" />
      <TestMethod codeBase="C:\Projekty\xUnitTestProject\bin\Debug\netcoreapp3.1\xUnitTestProject.dll" adapterTypeName="executor://xunit/VsTestRunner2/netcoreapp" className="xUnitTestProject.CurrencyHelperTests" name="FormatToStringTest100" />
    </UnitTest>
    <UnitTest name="xUnitTestProject.CurrencyHelperTests.FormatToStringTest100(price: 50339.31259969497, expected: &quot;50339.31 zł&quot;)" storage="c:\projekty\xunittestproject\bin\debug\netcoreapp3.1\xunittestproject.dll" id="649e78c8-4417-17eb-ca16-441525722fe8">
      <Execution id="4954ba0c-d445-4bc8-a5f4-6a34737e983d" />
      <TestMethod codeBase="C:\Projekty\xUnitTestProject\bin\Debug\netcoreapp3.1\xUnitTestProject.dll" adapterTypeName="executor://xunit/VsTestRunner2/netcoreapp" className="xUnitTestProject.CurrencyHelperTests" name="FormatToStringTest100" />
    </UnitTest>
    <UnitTest name="xUnitTestProject.CurrencyHelperTests.FormatToStringTest100(price: 22291.653251342315, expected: &quot;22291.65 zł&quot;)" storage="c:\projekty\xunittestproject\bin\debug\netcoreapp3.1\xunittestproject.dll" id="8b4e8664-15ff-c81e-db88-693c6ea7ece0">
      <Execution id="e66c3942-1c32-4076-a8fe-494f96950819" />
      <TestMethod codeBase="C:\Projekty\xUnitTestProject\bin\Debug\netcoreapp3.1\xUnitTestProject.dll" adapterTypeName="executor://xunit/VsTestRunner2/netcoreapp" className="xUnitTestProject.CurrencyHelperTests" name="FormatToStringTest100" />
    </UnitTest>
    <UnitTest name="xUnitTestProject.CurrencyHelperTests.FormatToStringTest100(price: 10784.438152511344, expected: &quot;10784.44 zł&quot;)" storage="c:\projekty\xunittestproject\bin\debug\netcoreapp3.1\xunittestproject.dll" id="c2fcc150-05bf-fac8-cb5b-156769265741">
      <Execution id="8c398c3f-273a-4249-b911-b7acf24a6c6a" />
      <TestMethod codeBase="C:\Projekty\xUnitTestProject\bin\Debug\netcoreapp3.1\xUnitTestProject.dll" adapterTypeName="executor://xunit/VsTestRunner2/netcoreapp" className="xUnitTestProject.CurrencyHelperTests" name="FormatToStringTest100" />
    </UnitTest>
    <UnitTest name="xUnitTestProject.CurrencyHelperTests.FormatToStringTest100(price: 67338.80028760935, expected: &quot;67338.80 zł&quot;)" storage="c:\projekty\xunittestproject\bin\debug\netcoreapp3.1\xunittestproject.dll" id="f1fba880-f684-09f7-700f-be107cba176b">
      <Execution id="caedc35b-48f6-4d64-b7ff-1b96fac864ac" />
      <TestMethod codeBase="C:\Projekty\xUnitTestProject\bin\Debug\netcoreapp3.1\xUnitTestProject.dll" adapterTypeName="executor://xunit/VsTestRunner2/netcoreapp" className="xUnitTestProject.CurrencyHelperTests" name="FormatToStringTest100" />
    </UnitTest>
    <UnitTest name="xUnitTestProject.CurrencyHelperTests.FormatToStringTest100(price: 159.83786031922224, expected: &quot;159.84 zł&quot;)" storage="c:\projekty\xunittestproject\bin\debug\netcoreapp3.1\xunittestproject.dll" id="3ac7c8db-6027-14d9-863b-5141742cb318">
      <Execution id="96175bb8-3728-4fef-8c21-b36fb20a7ded" />
      <TestMethod codeBase="C:\Projekty\xUnitTestProject\bin\Debug\netcoreapp3.1\xUnitTestProject.dll" adapterTypeName="executor://xunit/VsTestRunner2/netcoreapp" className="xUnitTestProject.CurrencyHelperTests" name="FormatToStringTest100" />
    </UnitTest>
    <UnitTest name="xUnitTestProject.CurrencyHelperTests.FormatToStringTest100(price: 15566.957545477411, expected: &quot;15566.96 zł&quot;)" storage="c:\projekty\xunittestproject\bin\debug\netcoreapp3.1\xunittestproject.dll" id="ae4dd41d-98b4-3a18-47fe-168d75b24553">
      <Execution id="a71afdae-e010-49eb-a91a-a2c8757a9d5b" />
      <TestMethod codeBase="C:\Projekty\xUnitTestProject\bin\Debug\netcoreapp3.1\xUnitTestProject.dll" adapterTypeName="executor://xunit/VsTestRunner2/netcoreapp" className="xUnitTestProject.CurrencyHelperTests" name="FormatToStringTest100" />
    </UnitTest>
    <UnitTest name="xUnitTestProject.CurrencyHelperTests.FormatToStringTest100(price: 10268.547802396373, expected: &quot;10268.55 zł&quot;)" storage="c:\projekty\xunittestproject\bin\debug\netcoreapp3.1\xunittestproject.dll" id="ec952d1c-d4b8-4514-2b06-3c5983e68faa">
      <Execution id="51423adc-7021-44bc-9010-6a3f62452d08" />
      <TestMethod codeBase="C:\Projekty\xUnitTestProject\bin\Debug\netcoreapp3.1\xUnitTestProject.dll" adapterTypeName="executor://xunit/VsTestRunner2/netcoreapp" className="xUnitTestProject.CurrencyHelperTests" name="FormatToStringTest100" />
    </UnitTest>
    <UnitTest name="xUnitTestProject.CurrencyHelperTests.FormatToStringTest100(price: 18990.72499258012, expected: &quot;18990.72 zł&quot;)" storage="c:\projekty\xunittestproject\bin\debug\netcoreapp3.1\xunittestproject.dll" id="7a7c5696-e868-4bc5-0840-551dde71b5f9">
      <Execution id="682cc22a-297e-40ba-a93b-1b286a1f2088" />
      <TestMethod codeBase="C:\Projekty\xUnitTestProject\bin\Debug\netcoreapp3.1\xUnitTestProject.dll" adapterTypeName="executor://xunit/VsTestRunner2/netcoreapp" className="xUnitTestProject.CurrencyHelperTests" name="FormatToStringTest100" />
    </UnitTest>
    <UnitTest name="xUnitTestProject.CurrencyHelperTests.FormatToStringTest100(price: 14237.13226245955, expected: &quot;14237.13 zł&quot;)" storage="c:\projekty\xunittestproject\bin\debug\netcoreapp3.1\xunittestproject.dll" id="77be9760-e130-8956-fbc4-11e64213b336">
      <Execution id="e8064fc6-c65e-482a-895d-aba79625491e" />
      <TestMethod codeBase="C:\Projekty\xUnitTestProject\bin\Debug\netcoreapp3.1\xUnitTestProject.dll" adapterTypeName="executor://xunit/VsTestRunner2/netcoreapp" className="xUnitTestProject.CurrencyHelperTests" name="FormatToStringTest100" />
    </UnitTest>
    <UnitTest name="xUnitTestProject.CurrencyHelperTests.FormatToStringTest100(price: 11912.404131636213, expected: &quot;11912.40 zł&quot;)" storage="c:\projekty\xunittestproject\bin\debug\netcoreapp3.1\xunittestproject.dll" id="f0bb637b-8cf3-7fb0-e10c-0038b91cfed9">
      <Execution id="2c265b7c-41bc-47a7-a031-f6b52c5253b9" />
      <TestMethod codeBase="C:\Projekty\xUnitTestProject\bin\Debug\netcoreapp3.1\xUnitTestProject.dll" adapterTypeName="executor://xunit/VsTestRunner2/netcoreapp" className="xUnitTestProject.CurrencyHelperTests" name="FormatToStringTest100" />
    </UnitTest>
    <UnitTest name="xUnitTestProject.CurrencyHelperTests.FormatToStringTest100(price: 7124.979180760672, expected: &quot;7124.98 zł&quot;)" storage="c:\projekty\xunittestproject\bin\debug\netcoreapp3.1\xunittestproject.dll" id="f910ed82-0c15-5fc2-de25-f9ceba99a963">
      <Execution id="3e18b31a-6ee5-4430-9048-3fc0a1560454" />
      <TestMethod codeBase="C:\Projekty\xUnitTestProject\bin\Debug\netcoreapp3.1\xUnitTestProject.dll" adapterTypeName="executor://xunit/VsTestRunner2/netcoreapp" className="xUnitTestProject.CurrencyHelperTests" name="FormatToStringTest100" />
    </UnitTest>
    <UnitTest name="xUnitTestProject.CurrencyHelperTests.FormatToStringTest100(price: 317.9090540706688, expected: &quot;317.91 zł&quot;)" storage="c:\projekty\xunittestproject\bin\debug\netcoreapp3.1\xunittestproject.dll" id="4053e7cd-71d6-290b-ba32-3b8047db680a">
      <Execution id="84641840-bd5c-4ae1-986c-4cde77d04ee4" />
      <TestMethod codeBase="C:\Projekty\xUnitTestProject\bin\Debug\netcoreapp3.1\xUnitTestProject.dll" adapterTypeName="executor://xunit/VsTestRunner2/netcoreapp" className="xUnitTestProject.CurrencyHelperTests" name="FormatToStringTest100" />
    </UnitTest>
    <UnitTest name="xUnitTestProject.CurrencyHelperTests.FormatToStringTest100(price: 918.1842976688334, expected: &quot;918.18 zł&quot;)" storage="c:\projekty\xunittestproject\bin\debug\netcoreapp3.1\xunittestproject.dll" id="8f7d9f64-63ea-bbc2-2cda-2de4bf0e8d28">
      <Execution id="a986ee06-ba31-401a-9ee9-0f2653cf8bce" />
      <TestMethod codeBase="C:\Projekty\xUnitTestProject\bin\Debug\netcoreapp3.1\xUnitTestProject.dll" adapterTypeName="executor://xunit/VsTestRunner2/netcoreapp" className="xUnitTestProject.CurrencyHelperTests" name="FormatToStringTest100" />
    </UnitTest>
    <UnitTest name="xUnitTestProject.CurrencyHelperTests.FormatToStringTest100(price: 28072.424637532058, expected: &quot;28072.42 zł&quot;)" storage="c:\projekty\xunittestproject\bin\debug\netcoreapp3.1\xunittestproject.dll" id="fb2ea2cb-613f-cbc7-6fc7-7097106fa76f">
      <Execution id="82a1a5de-3e59-445f-9d11-8f408c3e524a" />
      <TestMethod codeBase="C:\Projekty\xUnitTestProject\bin\Debug\netcoreapp3.1\xUnitTestProject.dll" adapterTypeName="executor://xunit/VsTestRunner2/netcoreapp" className="xUnitTestProject.CurrencyHelperTests" name="FormatToStringTest100" />
    </UnitTest>
    <UnitTest name="xUnitTestProject.CurrencyHelperTests.FormatToStringTest100(price: 3521.3657738167635, expected: &quot;3521.37 zł&quot;)" storage="c:\projekty\xunittestproject\bin\debug\netcoreapp3.1\xunittestproject.dll" id="f9cb3c10-b6dc-401f-48ca-7381182b493b">
      <Execution id="d7ec17f1-8eb5-46df-9e70-ae996a9531f0" />
      <TestMethod codeBase="C:\Projekty\xUnitTestProject\bin\Debug\netcoreapp3.1\xUnitTestProject.dll" adapterTypeName="executor://xunit/VsTestRunner2/netcoreapp" className="xUnitTestProject.CurrencyHelperTests" name="FormatToStringTest100" />
    </UnitTest>
    <UnitTest name="xUnitTestProject.CurrencyHelperTests.FormatToStringTest100(price: 40857.08543233996, expected: &quot;40857.09 zł&quot;)" storage="c:\projekty\xunittestproject\bin\debug\netcoreapp3.1\xunittestproject.dll" id="abbe5506-3b8c-ed2b-2408-42de70c236b9">
      <Execution id="095fe79b-ba04-4b49-ae69-abe9781f17ee" />
      <TestMethod codeBase="C:\Projekty\xUnitTestProject\bin\Debug\netcoreapp3.1\xUnitTestProject.dll" adapterTypeName="executor://xunit/VsTestRunner2/netcoreapp" className="xUnitTestProject.CurrencyHelperTests" name="FormatToStringTest100" />
    </UnitTest>
    <UnitTest name="xUnitTestProject.CurrencyHelperTests.FormatToStringTest100(price: 58848.60825001477, expected: &quot;58848.61 zł&quot;)" storage="c:\projekty\xunittestproject\bin\debug\netcoreapp3.1\xunittestproject.dll" id="e3518d76-f67f-2786-4eb3-a849256035ef">
      <Execution id="830b9855-c7d0-41d8-b733-196dede3c444" />
      <TestMethod codeBase="C:\Projekty\xUnitTestProject\bin\Debug\netcoreapp3.1\xUnitTestProject.dll" adapterTypeName="executor://xunit/VsTestRunner2/netcoreapp" className="xUnitTestProject.CurrencyHelperTests" name="FormatToStringTest100" />
    </UnitTest>
    <UnitTest name="xUnitTestProject.CurrencyHelperTests.FormatToStringTest100(price: 17953.338243749615, expected: &quot;17953.34 zł&quot;)" storage="c:\projekty\xunittestproject\bin\debug\netcoreapp3.1\xunittestproject.dll" id="0bf4b77c-c3da-f3e0-15d0-aa3788b09ed0">
      <Execution id="add8980a-2ca8-4ba7-a951-272429ac99da" />
      <TestMethod codeBase="C:\Projekty\xUnitTestProject\bin\Debug\netcoreapp3.1\xUnitTestProject.dll" adapterTypeName="executor://xunit/VsTestRunner2/netcoreapp" className="xUnitTestProject.CurrencyHelperTests" name="FormatToStringTest100" />
    </UnitTest>
    <UnitTest name="xUnitTestProject.CurrencyHelperTests.FormatToStringTest100(price: 31300.40752580967, expected: &quot;31300.41 zł&quot;)" storage="c:\projekty\xunittestproject\bin\debug\netcoreapp3.1\xunittestproject.dll" id="84d5048a-7b2f-9b60-257e-0daa5848d93c">
      <Execution id="11151d5b-3a46-403a-a925-b3adb6ee0216" />
      <TestMethod codeBase="C:\Projekty\xUnitTestProject\bin\Debug\netcoreapp3.1\xUnitTestProject.dll" adapterTypeName="executor://xunit/VsTestRunner2/netcoreapp" className="xUnitTestProject.CurrencyHelperTests" name="FormatToStringTest100" />
    </UnitTest>
    <UnitTest name="xUnitTestProject.CurrencyHelperTests.FormatToStringTest100(price: 1208.1827589441941, expected: &quot;1208.18 zł&quot;)" storage="c:\projekty\xunittestproject\bin\debug\netcoreapp3.1\xunittestproject.dll" id="91415d54-575f-b471-1dc0-1631e68e02ab">
      <Execution id="97b70a58-e9f8-4f66-8e54-b4ce93b1a9f9" />
      <TestMethod codeBase="C:\Projekty\xUnitTestProject\bin\Debug\netcoreapp3.1\xUnitTestProject.dll" adapterTypeName="executor://xunit/VsTestRunner2/netcoreapp" className="xUnitTestProject.CurrencyHelperTests" name="FormatToStringTest100" />
    </UnitTest>
    <UnitTest name="xUnitTestProject.CurrencyHelperTests.FormatToStringTest100(price: 7458.609645228652, expected: &quot;7458.61 zł&quot;)" storage="c:\projekty\xunittestproject\bin\debug\netcoreapp3.1\xunittestproject.dll" id="ece080b6-35d5-52f6-4ff2-f79908c52d78">
      <Execution id="9c191564-ea25-4ab7-a055-2bfe1ac447ff" />
      <TestMethod codeBase="C:\Projekty\xUnitTestProject\bin\Debug\netcoreapp3.1\xUnitTestProject.dll" adapterTypeName="executor://xunit/VsTestRunner2/netcoreapp" className="xUnitTestProject.CurrencyHelperTests" name="FormatToStringTest100" />
    </UnitTest>
    <UnitTest name="xUnitTestProject.CurrencyHelperTests.FormatToStringTest100(price: 75350.77330865282, expected: &quot;75350.77 zł&quot;)" storage="c:\projekty\xunittestproject\bin\debug\netcoreapp3.1\xunittestproject.dll" id="e2ec08cf-67dd-78b0-72e9-2a2acf351ef6">
      <Execution id="9582f17f-10be-4ddd-ac3b-a3f084b21f06" />
      <TestMethod codeBase="C:\Projekty\xUnitTestProject\bin\Debug\netcoreapp3.1\xUnitTestProject.dll" adapterTypeName="executor://xunit/VsTestRunner2/netcoreapp" className="xUnitTestProject.CurrencyHelperTests" name="FormatToStringTest100" />
    </UnitTest>
    <UnitTest name="xUnitTestProject.CurrencyHelperTests.FormatToStringTest100(price: 6958.393354767186, expected: &quot;6958.39 zł&quot;)" storage="c:\projekty\xunittestproject\bin\debug\netcoreapp3.1\xunittestproject.dll" id="2738362e-e19d-f6a9-dd3e-b18b1bacf9a4">
      <Execution id="16a3e5bf-bdb8-4499-8406-aceb2dbd948c" />
      <TestMethod codeBase="C:\Projekty\xUnitTestProject\bin\Debug\netcoreapp3.1\xUnitTestProject.dll" adapterTypeName="executor://xunit/VsTestRunner2/netcoreapp" className="xUnitTestProject.CurrencyHelperTests" name="FormatToStringTest100" />
    </UnitTest>
    <UnitTest name="xUnitTestProject.CurrencyHelperTests.FormatToStringTest100(price: 37589.670531794276, expected: &quot;37589.67 zł&quot;)" storage="c:\projekty\xunittestproject\bin\debug\netcoreapp3.1\xunittestproject.dll" id="aa846e16-83e3-6a8d-ea1c-cf150206bc05">
      <Execution id="7c916be1-dba8-4375-8c7c-fbb65cd21a1b" />
      <TestMethod codeBase="C:\Projekty\xUnitTestProject\bin\Debug\netcoreapp3.1\xUnitTestProject.dll" adapterTypeName="executor://xunit/VsTestRunner2/netcoreapp" className="xUnitTestProject.CurrencyHelperTests" name="FormatToStringTest100" />
    </UnitTest>
    <UnitTest name="xUnitTestProject.CurrencyHelperTests.FormatToStringTest100(price: 32218.080508120394, expected: &quot;32218.08 zł&quot;)" storage="c:\projekty\xunittestproject\bin\debug\netcoreapp3.1\xunittestproject.dll" id="5cbd1a54-5566-6c6a-e422-221bbd0a9b56">
      <Execution id="5efd75a9-4058-4ec8-8791-a8705b7c1e5e" />
      <TestMethod codeBase="C:\Projekty\xUnitTestProject\bin\Debug\netcoreapp3.1\xUnitTestProject.dll" adapterTypeName="executor://xunit/VsTestRunner2/netcoreapp" className="xUnitTestProject.CurrencyHelperTests" name="FormatToStringTest100" />
    </UnitTest>
    <UnitTest name="xUnitTestProject.CurrencyHelperTests.FormatToStringTest100(price: 1300.9430775404642, expected: &quot;1300.94 zł&quot;)" storage="c:\projekty\xunittestproject\bin\debug\netcoreapp3.1\xunittestproject.dll" id="9fa54161-392b-187a-1e6d-1b04f9e216c3">
      <Execution id="d2f41cd6-5b17-4f4f-b7db-fa757f8849ae" />
      <TestMethod codeBase="C:\Projekty\xUnitTestProject\bin\Debug\netcoreapp3.1\xUnitTestProject.dll" adapterTypeName="executor://xunit/VsTestRunner2/netcoreapp" className="xUnitTestProject.CurrencyHelperTests" name="FormatToStringTest100" />
    </UnitTest>
    <UnitTest name="xUnitTestProject.CurrencyHelperTests.FormatToStringTest100(price: 69864.17463991146, expected: &quot;69864.17 zł&quot;)" storage="c:\projekty\xunittestproject\bin\debug\netcoreapp3.1\xunittestproject.dll" id="010637aa-f4d9-9bdc-374f-aa35642ade2f">
      <Execution id="d7365541-17c8-4228-a686-292fbb42b5c3" />
      <TestMethod codeBase="C:\Projekty\xUnitTestProject\bin\Debug\netcoreapp3.1\xUnitTestProject.dll" adapterTypeName="executor://xunit/VsTestRunner2/netcoreapp" className="xUnitTestProject.CurrencyHelperTests" name="FormatToStringTest100" />
    </UnitTest>
    <UnitTest name="xUnitTestProject.CurrencyHelperTests.FormatToStringTest100(price: 33206.73122987837, expected: &quot;33206.73 zł&quot;)" storage="c:\projekty\xunittestproject\bin\debug\netcoreapp3.1\xunittestproject.dll" id="4fe91442-a364-ddf6-571a-0c1b0e5ac3fa">
      <Execution id="d2ab6a95-dc74-4e68-b3c1-6b6240a7d7f3" />
      <TestMethod codeBase="C:\Projekty\xUnitTestProject\bin\Debug\netcoreapp3.1\xUnitTestProject.dll" adapterTypeName="executor://xunit/VsTestRunner2/netcoreapp" className="xUnitTestProject.CurrencyHelperTests" name="FormatToStringTest100" />
    </UnitTest>
    <UnitTest name="xUnitTestProject.CurrencyHelperTests.FormatToStringTest100(price: 66019.32414194118, expected: &quot;66019.32 zł&quot;)" storage="c:\projekty\xunittestproject\bin\debug\netcoreapp3.1\xunittestproject.dll" id="e6f2d423-ca40-ed8a-1d2e-2b1354a1f4e9">
      <Execution id="56f95712-0227-4a50-91af-4fa9cc36ff21" />
      <TestMethod codeBase="C:\Projekty\xUnitTestProject\bin\Debug\netcoreapp3.1\xUnitTestProject.dll" adapterTypeName="executor://xunit/VsTestRunner2/netcoreapp" className="xUnitTestProject.CurrencyHelperTests" name="FormatToStringTest100" />
    </UnitTest>
    <UnitTest name="xUnitTestProject.CurrencyHelperTests.FormatToStringTest100(price: 286.92120604539343, expected: &quot;286.92 zł&quot;)" storage="c:\projekty\xunittestproject\bin\debug\netcoreapp3.1\xunittestproject.dll" id="fb32513a-ed20-1e61-8c8f-5e74dc95816c">
      <Execution id="47d3963c-38a1-4818-8fc9-510623d01efd" />
      <TestMethod codeBase="C:\Projekty\xUnitTestProject\bin\Debug\netcoreapp3.1\xUnitTestProject.dll" adapterTypeName="executor://xunit/VsTestRunner2/netcoreapp" className="xUnitTestProject.CurrencyHelperTests" name="FormatToStringTest100" />
    </UnitTest>
    <UnitTest name="xUnitTestProject.CurrencyHelperTests.FormatToStringTest100(price: 52858.048916166204, expected: &quot;52858.05 zł&quot;)" storage="c:\projekty\xunittestproject\bin\debug\netcoreapp3.1\xunittestproject.dll" id="e5d3d46a-1577-bac4-8f03-ab7ff7705a9f">
      <Execution id="bcf50116-426f-4a3d-95d9-8cccc088d0d7" />
      <TestMethod codeBase="C:\Projekty\xUnitTestProject\bin\Debug\netcoreapp3.1\xUnitTestProject.dll" adapterTypeName="executor://xunit/VsTestRunner2/netcoreapp" className="xUnitTestProject.CurrencyHelperTests" name="FormatToStringTest100" />
    </UnitTest>
    <UnitTest name="xUnitTestProject.CurrencyHelperTests.FormatToStringTest100(price: 11100.829211263372, expected: &quot;11100.83 zł&quot;)" storage="c:\projekty\xunittestproject\bin\debug\netcoreapp3.1\xunittestproject.dll" id="99620ffe-5e9a-128c-a6ac-13976c610d3b">
      <Execution id="ed8bfefd-08ec-46a5-8d46-1f45138f0161" />
      <TestMethod codeBase="C:\Projekty\xUnitTestProject\bin\Debug\netcoreapp3.1\xUnitTestProject.dll" adapterTypeName="executor://xunit/VsTestRunner2/netcoreapp" className="xUnitTestProject.CurrencyHelperTests" name="FormatToStringTest100" />
    </UnitTest>
    <UnitTest name="xUnitTestProject.CurrencyHelperTests.FormatToStringTest100(price: 86.89546322771136, expected: &quot;86.90 zł&quot;)" storage="c:\projekty\xunittestproject\bin\debug\netcoreapp3.1\xunittestproject.dll" id="be83c872-b584-ea7d-68ae-387efb4fd62c">
      <Execution id="0e16f5de-54e8-4383-8d2f-d627f3cdb699" />
      <TestMethod codeBase="C:\Projekty\xUnitTestProject\bin\Debug\netcoreapp3.1\xUnitTestProject.dll" adapterTypeName="executor://xunit/VsTestRunner2/netcoreapp" className="xUnitTestProject.CurrencyHelperTests" name="FormatToStringTest100" />
    </UnitTest>
    <UnitTest name="xUnitTestProject.CurrencyHelperTests.FormatToStringTest100(price: 45603.90324273142, expected: &quot;45603.90 zł&quot;)" storage="c:\projekty\xunittestproject\bin\debug\netcoreapp3.1\xunittestproject.dll" id="266d715f-e5d3-df86-ea76-d35ef7b9d7e0">
      <Execution id="46c412d3-ddc2-4e5e-818d-ece297a6f76d" />
      <TestMethod codeBase="C:\Projekty\xUnitTestProject\bin\Debug\netcoreapp3.1\xUnitTestProject.dll" adapterTypeName="executor://xunit/VsTestRunner2/netcoreapp" className="xUnitTestProject.CurrencyHelperTests" name="FormatToStringTest100" />
    </UnitTest>
    <UnitTest name="xUnitTestProject.CurrencyHelperTests.FormatToStringTest100(price: 14172.682747822573, expected: &quot;14172.68 zł&quot;)" storage="c:\projekty\xunittestproject\bin\debug\netcoreapp3.1\xunittestproject.dll" id="ff59583d-5ce7-46c9-0e7b-54c700821ca2">
      <Execution id="7cb0d606-58cc-4792-a2de-0b19183ca53c" />
      <TestMethod codeBase="C:\Projekty\xUnitTestProject\bin\Debug\netcoreapp3.1\xUnitTestProject.dll" adapterTypeName="executor://xunit/VsTestRunner2/netcoreapp" className="xUnitTestProject.CurrencyHelperTests" name="FormatToStringTest100" />
    </UnitTest>
    <UnitTest name="xUnitTestProject.CurrencyHelperTests.FormatToStringTest100(price: 45035.160883881224, expected: &quot;45035.16 zł&quot;)" storage="c:\projekty\xunittestproject\bin\debug\netcoreapp3.1\xunittestproject.dll" id="67a2e17d-2e99-1573-e414-664dc3a5daec">
      <Execution id="9c35d679-bfa1-4876-82d0-f56b08d5794e" />
      <TestMethod codeBase="C:\Projekty\xUnitTestProject\bin\Debug\netcoreapp3.1\xUnitTestProject.dll" adapterTypeName="executor://xunit/VsTestRunner2/netcoreapp" className="xUnitTestProject.CurrencyHelperTests" name="FormatToStringTest100" />
    </UnitTest>
    <UnitTest name="xUnitTestProject.CurrencyHelperTests.FormatToStringTest100(price: 726.8087564975995, expected: &quot;726.81 zł&quot;)" storage="c:\projekty\xunittestproject\bin\debug\netcoreapp3.1\xunittestproject.dll" id="5be8086d-757f-607e-3916-e3fc3a32dab6">
      <Execution id="b1e6f2a1-3746-4093-9c0d-2f64eff1e7c3" />
      <TestMethod codeBase="C:\Projekty\xUnitTestProject\bin\Debug\netcoreapp3.1\xUnitTestProject.dll" adapterTypeName="executor://xunit/VsTestRunner2/netcoreapp" className="xUnitTestProject.CurrencyHelperTests" name="FormatToStringTest100" />
    </UnitTest>
    <UnitTest name="xUnitTestProject.CurrencyHelperTests.FormatToStringTest100(price: 8768.816937361293, expected: &quot;8768.82 zł&quot;)" storage="c:\projekty\xunittestproject\bin\debug\netcoreapp3.1\xunittestproject.dll" id="d48c6551-b0f6-c3d7-de17-2c1671fe95a2">
      <Execution id="b3787342-1217-4192-b3ae-2313926fead9" />
      <TestMethod codeBase="C:\Projekty\xUnitTestProject\bin\Debug\netcoreapp3.1\xUnitTestProject.dll" adapterTypeName="executor://xunit/VsTestRunner2/netcoreapp" className="xUnitTestProject.CurrencyHelperTests" name="FormatToStringTest100" />
    </UnitTest>
    <UnitTest name="xUnitTestProject.CurrencyHelperTests.FormatToStringTest100(price: 12949.590713378317, expected: &quot;12949.59 zł&quot;)" storage="c:\projekty\xunittestproject\bin\debug\netcoreapp3.1\xunittestproject.dll" id="d7778823-4bda-74f0-3f28-6c90759e2c7c">
      <Execution id="16be7f05-61d9-4c1e-b343-c10de5bbe205" />
      <TestMethod codeBase="C:\Projekty\xUnitTestProject\bin\Debug\netcoreapp3.1\xUnitTestProject.dll" adapterTypeName="executor://xunit/VsTestRunner2/netcoreapp" className="xUnitTestProject.CurrencyHelperTests" name="FormatToStringTest100" />
    </UnitTest>
    <UnitTest name="xUnitTestProject.CurrencyHelperTests.FormatToStringTest100(price: 16986.338876065027, expected: &quot;16986.34 zł&quot;)" storage="c:\projekty\xunittestproject\bin\debug\netcoreapp3.1\xunittestproject.dll" id="14bf6b28-24d9-64d3-e241-ed045f113c3f">
      <Execution id="66a560cc-9426-4d3b-b16d-a559c486b635" />
      <TestMethod codeBase="C:\Projekty\xUnitTestProject\bin\Debug\netcoreapp3.1\xUnitTestProject.dll" adapterTypeName="executor://xunit/VsTestRunner2/netcoreapp" className="xUnitTestProject.CurrencyHelperTests" name="FormatToStringTest100" />
    </UnitTest>
    <UnitTest name="xUnitTestProject.CurrencyHelperTests.FormatToStringTest100(price: 7789.7136237517525, expected: &quot;7789.71 zł&quot;)" storage="c:\projekty\xunittestproject\bin\debug\netcoreapp3.1\xunittestproject.dll" id="3e7f7dc0-a481-a391-5e59-0a09ddfda429">
      <Execution id="123fddc2-e1d0-492d-97d1-7e3002b7e87b" />
      <TestMethod codeBase="C:\Projekty\xUnitTestProject\bin\Debug\netcoreapp3.1\xUnitTestProject.dll" adapterTypeName="executor://xunit/VsTestRunner2/netcoreapp" className="xUnitTestProject.CurrencyHelperTests" name="FormatToStringTest100" />
    </UnitTest>
    <UnitTest name="xUnitTestProject.CurrencyHelperTests.FormatToStringTest100(price: 63507.32603545455, expected: &quot;63507.33 zł&quot;)" storage="c:\projekty\xunittestproject\bin\debug\netcoreapp3.1\xunittestproject.dll" id="9d3c6e40-46ef-8e8b-da94-d2afb05dab1a">
      <Execution id="da1952e3-1432-40d6-8e1a-1dbd15004757" />
      <TestMethod codeBase="C:\Projekty\xUnitTestProject\bin\Debug\netcoreapp3.1\xUnitTestProject.dll" adapterTypeName="executor://xunit/VsTestRunner2/netcoreapp" className="xUnitTestProject.CurrencyHelperTests" name="FormatToStringTest100" />
    </UnitTest>
    <UnitTest name="xUnitTestProject.CurrencyHelperTests.FormatToStringTest100(price: 50991.22189691114, expected: &quot;50991.22 zł&quot;)" storage="c:\projekty\xunittestproject\bin\debug\netcoreapp3.1\xunittestproject.dll" id="8cee55c7-2f54-9306-dead-c4a37d1316a9">
      <Execution id="6d4e5128-c996-4c5e-aab1-0970f0510297" />
      <TestMethod codeBase="C:\Projekty\xUnitTestProject\bin\Debug\netcoreapp3.1\xUnitTestProject.dll" adapterTypeName="executor://xunit/VsTestRunner2/netcoreapp" className="xUnitTestProject.CurrencyHelperTests" name="FormatToStringTest100" />
    </UnitTest>
    <UnitTest name="xUnitTestProject.CurrencyHelperTests.FormatToStringTest100(price: 31290.71396233687, expected: &quot;31290.71 zł&quot;)" storage="c:\projekty\xunittestproject\bin\debug\netcoreapp3.1\xunittestproject.dll" id="6841efc3-9345-d314-75c2-427f114f051b">
      <Execution id="ebcf5e50-84e9-4cc5-9ba9-5c344d5a164d" />
      <TestMethod codeBase="C:\Projekty\xUnitTestProject\bin\Debug\netcoreapp3.1\xUnitTestProject.dll" adapterTypeName="executor://xunit/VsTestRunner2/netcoreapp" className="xUnitTestProject.CurrencyHelperTests" name="FormatToStringTest100" />
    </UnitTest>
    <UnitTest name="xUnitTestProject.CurrencyHelperTests.FormatToStringTest100(price: 15639.704937780603, expected: &quot;15639.70 zł&quot;)" storage="c:\projekty\xunittestproject\bin\debug\netcoreapp3.1\xunittestproject.dll" id="2c0a47e8-8ee6-29b4-babb-5a689a07f007">
      <Execution id="fa252b2a-925c-48a1-bdef-ac3086e446e1" />
      <TestMethod codeBase="C:\Projekty\xUnitTestProject\bin\Debug\netcoreapp3.1\xUnitTestProject.dll" adapterTypeName="executor://xunit/VsTestRunner2/netcoreapp" className="xUnitTestProject.CurrencyHelperTests" name="FormatToStringTest100" />
    </UnitTest>
    <UnitTest name="xUnitTestProject.CurrencyHelperTests.FormatToStringTest100(price: 17252.06220983903, expected: &quot;17252.06 zł&quot;)" storage="c:\projekty\xunittestproject\bin\debug\netcoreapp3.1\xunittestproject.dll" id="7d21651a-97b6-7b0a-2e61-911a28703fd6">
      <Execution id="5d8ee3c6-512d-4f5e-abfd-c98884e38a8f" />
      <TestMethod codeBase="C:\Projekty\xUnitTestProject\bin\Debug\netcoreapp3.1\xUnitTestProject.dll" adapterTypeName="executor://xunit/VsTestRunner2/netcoreapp" className="xUnitTestProject.CurrencyHelperTests" name="FormatToStringTest100" />
    </UnitTest>
    <UnitTest name="xUnitTestProject.CurrencyHelperTests.FormatToStringTest100(price: 27050.586848031067, expected: &quot;27050.59 zł&quot;)" storage="c:\projekty\xunittestproject\bin\debug\netcoreapp3.1\xunittestproject.dll" id="541757e5-f479-f33d-0381-b6dbdace2afb">
      <Execution id="8970de9d-dafc-4695-8370-e644625d9319" />
      <TestMethod codeBase="C:\Projekty\xUnitTestProject\bin\Debug\netcoreapp3.1\xUnitTestProject.dll" adapterTypeName="executor://xunit/VsTestRunner2/netcoreapp" className="xUnitTestProject.CurrencyHelperTests" name="FormatToStringTest100" />
    </UnitTest>
    <UnitTest name="xUnitTestProject.CurrencyHelperTests.FormatToStringTest100(price: 28502.61128259758, expected: &quot;28502.61 zł&quot;)" storage="c:\projekty\xunittestproject\bin\debug\netcoreapp3.1\xunittestproject.dll" id="4b242f0c-9170-3330-c57e-f3c12dfe43da">
      <Execution id="4406c6a5-73ef-404f-bc63-fe75e8f83cac" />
      <TestMethod codeBase="C:\Projekty\xUnitTestProject\bin\Debug\netcoreapp3.1\xUnitTestProject.dll" adapterTypeName="executor://xunit/VsTestRunner2/netcoreapp" className="xUnitTestProject.CurrencyHelperTests" name="FormatToStringTest100" />
    </UnitTest>
    <UnitTest name="xUnitTestProject.CurrencyHelperTests.FormatToStringTest100(price: 19541.10539777116, expected: &quot;19541.11 zł&quot;)" storage="c:\projekty\xunittestproject\bin\debug\netcoreapp3.1\xunittestproject.dll" id="1dbb93f2-1030-009d-6521-2ea9595c26a6">
      <Execution id="e4a31a62-6359-4502-8903-4fc6d589c9f6" />
      <TestMethod codeBase="C:\Projekty\xUnitTestProject\bin\Debug\netcoreapp3.1\xUnitTestProject.dll" adapterTypeName="executor://xunit/VsTestRunner2/netcoreapp" className="xUnitTestProject.CurrencyHelperTests" name="FormatToStringTest100" />
    </UnitTest>
    <UnitTest name="xUnitTestProject.CurrencyHelperTests.FormatToStringTest100(price: 24957.469502810607, expected: &quot;24957.47 zł&quot;)" storage="c:\projekty\xunittestproject\bin\debug\netcoreapp3.1\xunittestproject.dll" id="f9f74b79-cea9-65cc-b4bd-68b4ed9d0743">
      <Execution id="e84d5941-4b4b-4e08-b918-c35186a09753" />
      <TestMethod codeBase="C:\Projekty\xUnitTestProject\bin\Debug\netcoreapp3.1\xUnitTestProject.dll" adapterTypeName="executor://xunit/VsTestRunner2/netcoreapp" className="xUnitTestProject.CurrencyHelperTests" name="FormatToStringTest100" />
    </UnitTest>
    <UnitTest name="xUnitTestProject.CurrencyHelperTests.FormatToStringTest100(price: 468.83385119346616, expected: &quot;468.83 zł&quot;)" storage="c:\projekty\xunittestproject\bin\debug\netcoreapp3.1\xunittestproject.dll" id="081370ca-48f4-57e4-cbf0-362048ef7fc7">
      <Execution id="8e5e0ad0-952b-4905-8fcf-f886630a6a6b" />
      <TestMethod codeBase="C:\Projekty\xUnitTestProject\bin\Debug\netcoreapp3.1\xUnitTestProject.dll" adapterTypeName="executor://xunit/VsTestRunner2/netcoreapp" className="xUnitTestProject.CurrencyHelperTests" name="FormatToStringTest100" />
    </UnitTest>
    <UnitTest name="xUnitTestProject.CurrencyHelperTests.FormatToStringTest100(price: 16383.352881839199, expected: &quot;16383.35 zł&quot;)" storage="c:\projekty\xunittestproject\bin\debug\netcoreapp3.1\xunittestproject.dll" id="dafd8801-e3be-22df-9fa5-764356cf2ca4">
      <Execution id="5de7bde8-3b43-4009-a41b-29657945171f" />
      <TestMethod codeBase="C:\Projekty\xUnitTestProject\bin\Debug\netcoreapp3.1\xUnitTestProject.dll" adapterTypeName="executor://xunit/VsTestRunner2/netcoreapp" className="xUnitTestProject.CurrencyHelperTests" name="FormatToStringTest100" />
    </UnitTest>
    <UnitTest name="xUnitTestProject.CurrencyHelperTests.FormatToStringTest100(price: 35145.379208063416, expected: &quot;35145.38 zł&quot;)" storage="c:\projekty\xunittestproject\bin\debug\netcoreapp3.1\xunittestproject.dll" id="c154671c-e246-3280-5d80-165aa2ed0fd0">
      <Execution id="3597f586-62ca-4bd3-8834-3328f5f12249" />
      <TestMethod codeBase="C:\Projekty\xUnitTestProject\bin\Debug\netcoreapp3.1\xUnitTestProject.dll" adapterTypeName="executor://xunit/VsTestRunner2/netcoreapp" className="xUnitTestProject.CurrencyHelperTests" name="FormatToStringTest100" />
    </UnitTest>
    <UnitTest name="xUnitTestProject.CurrencyHelperTests.FormatToStringTest100(price: 28192.949128067565, expected: &quot;28192.95 zł&quot;)" storage="c:\projekty\xunittestproject\bin\debug\netcoreapp3.1\xunittestproject.dll" id="3bb4baee-0ac4-fa1e-e791-31ce6ef2b58b">
      <Execution id="b6544643-1f09-4daf-9a9c-0640b877352a" />
      <TestMethod codeBase="C:\Projekty\xUnitTestProject\bin\Debug\netcoreapp3.1\xUnitTestProject.dll" adapterTypeName="executor://xunit/VsTestRunner2/netcoreapp" className="xUnitTestProject.CurrencyHelperTests" name="FormatToStringTest100" />
    </UnitTest>
    <UnitTest name="xUnitTestProject.CurrencyHelperTests.FormatToStringTest100(price: 78822.37212685234, expected: &quot;78822.37 zł&quot;)" storage="c:\projekty\xunittestproject\bin\debug\netcoreapp3.1\xunittestproject.dll" id="c05fb9c5-7f95-15f9-16c2-7f5bfc2c47e7">
      <Execution id="fcaad1f7-6545-42b1-82e2-9db1ce73ec1d" />
      <TestMethod codeBase="C:\Projekty\xUnitTestProject\bin\Debug\netcoreapp3.1\xUnitTestProject.dll" adapterTypeName="executor://xunit/VsTestRunner2/netcoreapp" className="xUnitTestProject.CurrencyHelperTests" name="FormatToStringTest100" />
    </UnitTest>
    <UnitTest name="xUnitTestProject.CurrencyHelperTests.FormatToStringTest100(price: 41876.979471482795, expected: &quot;41876.98 zł&quot;)" storage="c:\projekty\xunittestproject\bin\debug\netcoreapp3.1\xunittestproject.dll" id="5a8675de-6b57-6a3b-e014-8c438f537aee">
      <Execution id="7009f1f7-ed00-416c-845f-07597b9f974f" />
      <TestMethod codeBase="C:\Projekty\xUnitTestProject\bin\Debug\netcoreapp3.1\xUnitTestProject.dll" adapterTypeName="executor://xunit/VsTestRunner2/netcoreapp" className="xUnitTestProject.CurrencyHelperTests" name="FormatToStringTest100" />
    </UnitTest>
    <UnitTest name="xUnitTestProject.CurrencyHelperTests.FormatToStringTest100(price: 34096.337879508894, expected: &quot;34096.34 zł&quot;)" storage="c:\projekty\xunittestproject\bin\debug\netcoreapp3.1\xunittestproject.dll" id="f265cc9e-137b-d632-0abc-0be231ad19a3">
      <Execution id="3c556d02-1d66-415f-96c7-8dd16c53dcdd" />
      <TestMethod codeBase="C:\Projekty\xUnitTestProject\bin\Debug\netcoreapp3.1\xUnitTestProject.dll" adapterTypeName="executor://xunit/VsTestRunner2/netcoreapp" className="xUnitTestProject.CurrencyHelperTests" name="FormatToStringTest100" />
    </UnitTest>
    <UnitTest name="xUnitTestProject.CurrencyHelperTests.FormatToStringTest100(price: 38640.62766693003, expected: &quot;38640.63 zł&quot;)" storage="c:\projekty\xunittestproject\bin\debug\netcoreapp3.1\xunittestproject.dll" id="bee9f8c6-2947-a818-585e-f32a0181ed37">
      <Execution id="7d2fd2ea-ef53-4efe-b651-24833ea55a72" />
      <TestMethod codeBase="C:\Projekty\xUnitTestProject\bin\Debug\netcoreapp3.1\xUnitTestProject.dll" adapterTypeName="executor://xunit/VsTestRunner2/netcoreapp" className="xUnitTestProject.CurrencyHelperTests" name="FormatToStringTest100" />
    </UnitTest>
    <UnitTest name="xUnitTestProject.CurrencyHelperTests.FormatToStringTest100(price: 52020.805412759444, expected: &quot;52020.81 zł&quot;)" storage="c:\projekty\xunittestproject\bin\debug\netcoreapp3.1\xunittestproject.dll" id="da9a7d7d-29a1-93da-fc82-1718f2a3582d">
      <Execution id="a2552f96-cd68-4f6c-883e-d3df4f281b07" />
      <TestMethod codeBase="C:\Projekty\xUnitTestProject\bin\Debug\netcoreapp3.1\xUnitTestProject.dll" adapterTypeName="executor://xunit/VsTestRunner2/netcoreapp" className="xUnitTestProject.CurrencyHelperTests" name="FormatToStringTest100" />
    </UnitTest>
    <UnitTest name="xUnitTestProject.CurrencyHelperTests.FormatToStringTest100(price: 74514.06270644537, expected: &quot;74514.06 zł&quot;)" storage="c:\projekty\xunittestproject\bin\debug\netcoreapp3.1\xunittestproject.dll" id="29335311-3390-3a4e-3295-e7d01500b61d">
      <Execution id="a99c9bb2-c8bf-4ae5-957e-205ec3d5784a" />
      <TestMethod codeBase="C:\Projekty\xUnitTestProject\bin\Debug\netcoreapp3.1\xUnitTestProject.dll" adapterTypeName="executor://xunit/VsTestRunner2/netcoreapp" className="xUnitTestProject.CurrencyHelperTests" name="FormatToStringTest100" />
    </UnitTest>
    <UnitTest name="xUnitTestProject.CurrencyHelperTests.FormatToStringTest100(price: 35784.54232617307, expected: &quot;35784.54 zł&quot;)" storage="c:\projekty\xunittestproject\bin\debug\netcoreapp3.1\xunittestproject.dll" id="d47953b3-b855-d065-3ee0-ac12db86be39">
      <Execution id="6e306cb1-2f9f-4c0b-8798-a636a67e5511" />
      <TestMethod codeBase="C:\Projekty\xUnitTestProject\bin\Debug\netcoreapp3.1\xUnitTestProject.dll" adapterTypeName="executor://xunit/VsTestRunner2/netcoreapp" className="xUnitTestProject.CurrencyHelperTests" name="FormatToStringTest100" />
    </UnitTest>
    <UnitTest name="xUnitTestProject.CurrencyHelperTests.FormatToStringTest100(price: 2292.8331871111104, expected: &quot;2292.83 zł&quot;)" storage="c:\projekty\xunittestproject\bin\debug\netcoreapp3.1\xunittestproject.dll" id="289f0d26-9b3d-b24d-21a5-381b61257aa2">
      <Execution id="80f52733-b898-4e48-9c9b-cf257e068485" />
      <TestMethod codeBase="C:\Projekty\xUnitTestProject\bin\Debug\netcoreapp3.1\xUnitTestProject.dll" adapterTypeName="executor://xunit/VsTestRunner2/netcoreapp" className="xUnitTestProject.CurrencyHelperTests" name="FormatToStringTest100" />
    </UnitTest>
    <UnitTest name="xUnitTestProject.CurrencyHelperTests.FormatToStringTest100(price: 62975.496334776515, expected: &quot;62975.50 zł&quot;)" storage="c:\projekty\xunittestproject\bin\debug\netcoreapp3.1\xunittestproject.dll" id="43a8ab94-a343-e6fd-9ae1-7ad0c6ee6431">
      <Execution id="bfdab249-1d5f-43cb-ab42-ab5cc5fe7098" />
      <TestMethod codeBase="C:\Projekty\xUnitTestProject\bin\Debug\netcoreapp3.1\xUnitTestProject.dll" adapterTypeName="executor://xunit/VsTestRunner2/netcoreapp" className="xUnitTestProject.CurrencyHelperTests" name="FormatToStringTest100" />
    </UnitTest>
    <UnitTest name="xUnitTestProject.CurrencyHelperTests.FormatToStringTest100(price: 22666.13578912995, expected: &quot;22666.14 zł&quot;)" storage="c:\projekty\xunittestproject\bin\debug\netcoreapp3.1\xunittestproject.dll" id="74dd38df-c768-037a-da68-a6c5c371d014">
      <Execution id="3997ff07-3a25-4ce6-8cbb-c99d2175268d" />
      <TestMethod codeBase="C:\Projekty\xUnitTestProject\bin\Debug\netcoreapp3.1\xUnitTestProject.dll" adapterTypeName="executor://xunit/VsTestRunner2/netcoreapp" className="xUnitTestProject.CurrencyHelperTests" name="FormatToStringTest100" />
    </UnitTest>
    <UnitTest name="xUnitTestProject.CurrencyHelperTests.FormatToStringTest100(price: 5628.028273674672, expected: &quot;5628.03 zł&quot;)" storage="c:\projekty\xunittestproject\bin\debug\netcoreapp3.1\xunittestproject.dll" id="7105c4e1-ce32-5c97-6709-d6bf0a4e3d55">
      <Execution id="4eb2039c-6a41-4571-aed6-2b561ea3c267" />
      <TestMethod codeBase="C:\Projekty\xUnitTestProject\bin\Debug\netcoreapp3.1\xUnitTestProject.dll" adapterTypeName="executor://xunit/VsTestRunner2/netcoreapp" className="xUnitTestProject.CurrencyHelperTests" name="FormatToStringTest100" />
    </UnitTest>
    <UnitTest name="xUnitTestProject.CurrencyHelperTests.FormatToStringTest100(price: 8499.121443388574, expected: &quot;8499.12 zł&quot;)" storage="c:\projekty\xunittestproject\bin\debug\netcoreapp3.1\xunittestproject.dll" id="2e0c5192-e697-d6bc-f801-978bcb4ec749">
      <Execution id="e62c4cec-6f3f-4a18-be39-b8b526b9f0f4" />
      <TestMethod codeBase="C:\Projekty\xUnitTestProject\bin\Debug\netcoreapp3.1\xUnitTestProject.dll" adapterTypeName="executor://xunit/VsTestRunner2/netcoreapp" className="xUnitTestProject.CurrencyHelperTests" name="FormatToStringTest100" />
    </UnitTest>
    <UnitTest name="xUnitTestProject.CurrencyHelperTests.FormatToStringTest100(price: 32632.105531036905, expected: &quot;32632.11 zł&quot;)" storage="c:\projekty\xunittestproject\bin\debug\netcoreapp3.1\xunittestproject.dll" id="8a266f5a-be21-44b9-cc46-2634e151c33b">
      <Execution id="524c4f6e-30e0-49ab-906f-7e158a659ae7" />
      <TestMethod codeBase="C:\Projekty\xUnitTestProject\bin\Debug\netcoreapp3.1\xUnitTestProject.dll" adapterTypeName="executor://xunit/VsTestRunner2/netcoreapp" className="xUnitTestProject.CurrencyHelperTests" name="FormatToStringTest100" />
    </UnitTest>
    <UnitTest name="xUnitTestProject.CurrencyHelperTests.FormatToStringTest100(price: 2937.138486199611, expected: &quot;2937.14 zł&quot;)" storage="c:\projekty\xunittestproject\bin\debug\netcoreapp3.1\xunittestproject.dll" id="dcc4e251-457a-bc1b-d0d7-d1ec86b94d5d">
      <Execution id="8d7fe130-e130-4376-8a90-6668613fb429" />
      <TestMethod codeBase="C:\Projekty\xUnitTestProject\bin\Debug\netcoreapp3.1\xUnitTestProject.dll" adapterTypeName="executor://xunit/VsTestRunner2/netcoreapp" className="xUnitTestProject.CurrencyHelperTests" name="FormatToStringTest100" />
    </UnitTest>
    <UnitTest name="xUnitTestProject.CurrencyHelperTests.FormatToStringTest100(price: 9816.961298880615, expected: &quot;9816.96 zł&quot;)" storage="c:\projekty\xunittestproject\bin\debug\netcoreapp3.1\xunittestproject.dll" id="4c412e3e-e553-0928-365f-424e47169018">
      <Execution id="8445ccc3-cb9c-4e97-a420-53e758d0acac" />
      <TestMethod codeBase="C:\Projekty\xUnitTestProject\bin\Debug\netcoreapp3.1\xUnitTestProject.dll" adapterTypeName="executor://xunit/VsTestRunner2/netcoreapp" className="xUnitTestProject.CurrencyHelperTests" name="FormatToStringTest100" />
    </UnitTest>
    <UnitTest name="xUnitTestProject.CurrencyHelperTests.FormatToStringTest100(price: 27893.312729890138, expected: &quot;27893.31 zł&quot;)" storage="c:\projekty\xunittestproject\bin\debug\netcoreapp3.1\xunittestproject.dll" id="111c79ee-d703-225b-8314-e9f7cfa3d20e">
      <Execution id="e8697c17-e7f2-4342-9889-fc74c10a66c5" />
      <TestMethod codeBase="C:\Projekty\xUnitTestProject\bin\Debug\netcoreapp3.1\xUnitTestProject.dll" adapterTypeName="executor://xunit/VsTestRunner2/netcoreapp" className="xUnitTestProject.CurrencyHelperTests" name="FormatToStringTest100" />
    </UnitTest>
    <UnitTest name="xUnitTestProject.CurrencyHelperTests.FormatToStringTest100(price: 20244.692955315437, expected: &quot;20244.69 zł&quot;)" storage="c:\projekty\xunittestproject\bin\debug\netcoreapp3.1\xunittestproject.dll" id="b06b7483-d7a9-8983-7acb-83b99a3a9375">
      <Execution id="105fa698-ff84-46a8-939f-e9b262f26fb1" />
      <TestMethod codeBase="C:\Projekty\xUnitTestProject\bin\Debug\netcoreapp3.1\xUnitTestProject.dll" adapterTypeName="executor://xunit/VsTestRunner2/netcoreapp" className="xUnitTestProject.CurrencyHelperTests" name="FormatToStringTest100" />
    </UnitTest>
    <UnitTest name="xUnitTestProject.CurrencyHelperTests.FormatToStringTest100(price: 79.6815319544084, expected: &quot;79.68 zł&quot;)" storage="c:\projekty\xunittestproject\bin\debug\netcoreapp3.1\xunittestproject.dll" id="fc8fcc54-cb31-3ea9-a932-697b630d3569">
      <Execution id="513bef78-ac3d-487e-b03c-894fb550e331" />
      <TestMethod codeBase="C:\Projekty\xUnitTestProject\bin\Debug\netcoreapp3.1\xUnitTestProject.dll" adapterTypeName="executor://xunit/VsTestRunner2/netcoreapp" className="xUnitTestProject.CurrencyHelperTests" name="FormatToStringTest100" />
    </UnitTest>
    <UnitTest name="xUnitTestProject.CurrencyHelperTests.FormatToStringTest100(price: 6809.40195803037, expected: &quot;6809.40 zł&quot;)" storage="c:\projekty\xunittestproject\bin\debug\netcoreapp3.1\xunittestproject.dll" id="0f154440-ee39-dfa0-38c3-2b0334e011dd">
      <Execution id="52fbeadc-20fe-4b4d-8681-5f4027392c51" />
      <TestMethod codeBase="C:\Projekty\xUnitTestProject\bin\Debug\netcoreapp3.1\xUnitTestProject.dll" adapterTypeName="executor://xunit/VsTestRunner2/netcoreapp" className="xUnitTestProject.CurrencyHelperTests" name="FormatToStringTest100" />
    </UnitTest>
    <UnitTest name="xUnitTestProject.CurrencyHelperTests.FormatToStringTest100(price: 5396.620088554277, expected: &quot;5396.62 zł&quot;)" storage="c:\projekty\xunittestproject\bin\debug\netcoreapp3.1\xunittestproject.dll" id="3321cd65-ef8c-d2ee-7a10-5262976081ff">
      <Execution id="960d70c1-908f-4416-a2ad-b93357393d0a" />
      <TestMethod codeBase="C:\Projekty\xUnitTestProject\bin\Debug\netcoreapp3.1\xUnitTestProject.dll" adapterTypeName="executor://xunit/VsTestRunner2/netcoreapp" className="xUnitTestProject.CurrencyHelperTests" name="FormatToStringTest100" />
    </UnitTest>
    <UnitTest name="xUnitTestProject.CurrencyHelperTests.FormatToStringTest100(price: 80609.94377465078, expected: &quot;80609.94 zł&quot;)" storage="c:\projekty\xunittestproject\bin\debug\netcoreapp3.1\xunittestproject.dll" id="c57e7001-ae2f-cc3c-80aa-b60a735cb853">
      <Execution id="fcce119b-fce0-49b4-8d91-a5dd7734dc21" />
      <TestMethod codeBase="C:\Projekty\xUnitTestProject\bin\Debug\netcoreapp3.1\xUnitTestProject.dll" adapterTypeName="executor://xunit/VsTestRunner2/netcoreapp" className="xUnitTestProject.CurrencyHelperTests" name="FormatToStringTest100" />
    </UnitTest>
    <UnitTest name="xUnitTestProject.CurrencyHelperTests.FormatToStringTest100(price: 22604.838218828587, expected: &quot;22604.84 zł&quot;)" storage="c:\projekty\xunittestproject\bin\debug\netcoreapp3.1\xunittestproject.dll" id="1813aa2f-eab9-0da1-9d79-9ec562fcf340">
      <Execution id="820f1ca6-68eb-4e90-beca-84e4b230b507" />
      <TestMethod codeBase="C:\Projekty\xUnitTestProject\bin\Debug\netcoreapp3.1\xUnitTestProject.dll" adapterTypeName="executor://xunit/VsTestRunner2/netcoreapp" className="xUnitTestProject.CurrencyHelperTests" name="FormatToStringTest100" />
    </UnitTest>
    <UnitTest name="xUnitTestProject.CurrencyHelperTests.FormatToStringTest100(price: 1649.0127968480872, expected: &quot;1649.01 zł&quot;)" storage="c:\projekty\xunittestproject\bin\debug\netcoreapp3.1\xunittestproject.dll" id="5e812169-6686-9fe1-e23d-5fb1628863ab">
      <Execution id="b343380a-4765-4f10-8708-61b914fed526" />
      <TestMethod codeBase="C:\Projekty\xUnitTestProject\bin\Debug\netcoreapp3.1\xUnitTestProject.dll" adapterTypeName="executor://xunit/VsTestRunner2/netcoreapp" className="xUnitTestProject.CurrencyHelperTests" name="FormatToStringTest100" />
    </UnitTest>
    <UnitTest name="xUnitTestProject.CurrencyHelperTests.FormatToStringTest100(price: 1614.2516601789982, expected: &quot;1614.25 zł&quot;)" storage="c:\projekty\xunittestproject\bin\debug\netcoreapp3.1\xunittestproject.dll" id="eddb088f-c107-aeac-fa0d-87b3c14eed53">
      <Execution id="7a3c8605-cdd1-4747-9f48-6a61ea990db2" />
      <TestMethod codeBase="C:\Projekty\xUnitTestProject\bin\Debug\netcoreapp3.1\xUnitTestProject.dll" adapterTypeName="executor://xunit/VsTestRunner2/netcoreapp" className="xUnitTestProject.CurrencyHelperTests" name="FormatToStringTest100" />
    </UnitTest>
    <UnitTest name="xUnitTestProject.CurrencyHelperTests.FormatToStringTest100(price: 32216.686763396807, expected: &quot;32216.69 zł&quot;)" storage="c:\projekty\xunittestproject\bin\debug\netcoreapp3.1\xunittestproject.dll" id="49a05d1f-a775-19c0-25af-f3a1e1d16690">
      <Execution id="90e3594c-15b7-480b-9c83-5100b8e593c3" />
      <TestMethod codeBase="C:\Projekty\xUnitTestProject\bin\Debug\netcoreapp3.1\xUnitTestProject.dll" adapterTypeName="executor://xunit/VsTestRunner2/netcoreapp" className="xUnitTestProject.CurrencyHelperTests" name="FormatToStringTest100" />
    </UnitTest>
    <UnitTest name="xUnitTestProject.CurrencyHelperTests.FormatToStringTest100(price: 6890.028458985514, expected: &quot;6890.03 zł&quot;)" storage="c:\projekty\xunittestproject\bin\debug\netcoreapp3.1\xunittestproject.dll" id="50ea2bcc-2c4a-f936-b10c-5e627f71076d">
      <Execution id="d948f673-685d-4efb-a303-f384a98e5d21" />
      <TestMethod codeBase="C:\Projekty\xUnitTestProject\bin\Debug\netcoreapp3.1\xUnitTestProject.dll" adapterTypeName="executor://xunit/VsTestRunner2/netcoreapp" className="xUnitTestProject.CurrencyHelperTests" name="FormatToStringTest100" />
    </UnitTest>
    <UnitTest name="xUnitTestProject.CurrencyHelperTests.FormatToStringTest100(price: 9867.823212210007, expected: &quot;9867.82 zł&quot;)" storage="c:\projekty\xunittestproject\bin\debug\netcoreapp3.1\xunittestproject.dll" id="e3628c97-347a-9ee9-e133-2d57b36ee5ba">
      <Execution id="e15a2bc9-a9a4-4b16-87c7-da1739859efc" />
      <TestMethod codeBase="C:\Projekty\xUnitTestProject\bin\Debug\netcoreapp3.1\xUnitTestProject.dll" adapterTypeName="executor://xunit/VsTestRunner2/netcoreapp" className="xUnitTestProject.CurrencyHelperTests" name="FormatToStringTest100" />
    </UnitTest>
    <UnitTest name="xUnitTestProject.CurrencyHelperTests.FormatToStringTest100(price: 591.2110872302256, expected: &quot;591.21 zł&quot;)" storage="c:\projekty\xunittestproject\bin\debug\netcoreapp3.1\xunittestproject.dll" id="fc435e55-affb-80d4-72b8-f2b63414b911">
      <Execution id="4d42fd87-9fab-4f63-8d07-83be752f1084" />
      <TestMethod codeBase="C:\Projekty\xUnitTestProject\bin\Debug\netcoreapp3.1\xUnitTestProject.dll" adapterTypeName="executor://xunit/VsTestRunner2/netcoreapp" className="xUnitTestProject.CurrencyHelperTests" name="FormatToStringTest100" />
    </UnitTest>
    <UnitTest name="xUnitTestProject.CurrencyHelperTests.FormatToStringTest100(price: 70771.4436677524, expected: &quot;70771.44 zł&quot;)" storage="c:\projekty\xunittestproject\bin\debug\netcoreapp3.1\xunittestproject.dll" id="04e3f1ac-8b40-ff41-8b94-5de43105a077">
      <Execution id="88012647-1628-41fc-9572-7c2848fb5549" />
      <TestMethod codeBase="C:\Projekty\xUnitTestProject\bin\Debug\netcoreapp3.1\xUnitTestProject.dll" adapterTypeName="executor://xunit/VsTestRunner2/netcoreapp" className="xUnitTestProject.CurrencyHelperTests" name="FormatToStringTest100" />
    </UnitTest>
    <UnitTest name="xUnitTestProject.CurrencyHelperTests.FormatToStringTest100(price: 7594.279030504766, expected: &quot;7594.28 zł&quot;)" storage="c:\projekty\xunittestproject\bin\debug\netcoreapp3.1\xunittestproject.dll" id="571d5971-1ee5-2e96-a2c2-f9965b0b3623">
      <Execution id="27f9fca4-6175-4b6f-9b76-dc5d76ac7116" />
      <TestMethod codeBase="C:\Projekty\xUnitTestProject\bin\Debug\netcoreapp3.1\xUnitTestProject.dll" adapterTypeName="executor://xunit/VsTestRunner2/netcoreapp" className="xUnitTestProject.CurrencyHelperTests" name="FormatToStringTest100" />
    </UnitTest>
    <UnitTest name="xUnitTestProject.CurrencyHelperTests.FormatToStringTest100(price: 6864.093052674129, expected: &quot;6864.09 zł&quot;)" storage="c:\projekty\xunittestproject\bin\debug\netcoreapp3.1\xunittestproject.dll" id="50d69e8d-3a93-b655-2f18-638fbff5feb9">
      <Execution id="830fae0a-68d0-426d-8bdc-c13e55b94140" />
      <TestMethod codeBase="C:\Projekty\xUnitTestProject\bin\Debug\netcoreapp3.1\xUnitTestProject.dll" adapterTypeName="executor://xunit/VsTestRunner2/netcoreapp" className="xUnitTestProject.CurrencyHelperTests" name="FormatToStringTest100" />
    </UnitTest>
    <UnitTest name="xUnitTestProject.CurrencyHelperTests.FormatToStringTest100(price: 21961.272673999552, expected: &quot;21961.27 zł&quot;)" storage="c:\projekty\xunittestproject\bin\debug\netcoreapp3.1\xunittestproject.dll" id="33f107c2-ab0d-ae03-80da-536fe345a886">
      <Execution id="ba557600-630e-481c-95ff-933a4a611a28" />
      <TestMethod codeBase="C:\Projekty\xUnitTestProject\bin\Debug\netcoreapp3.1\xUnitTestProject.dll" adapterTypeName="executor://xunit/VsTestRunner2/netcoreapp" className="xUnitTestProject.CurrencyHelperTests" name="FormatToStringTest100" />
    </UnitTest>
    <UnitTest name="xUnitTestProject.CurrencyHelperTests.FormatToStringTest100(price: 39178.05988345298, expected: &quot;39178.06 zł&quot;)" storage="c:\projekty\xunittestproject\bin\debug\netcoreapp3.1\xunittestproject.dll" id="2b46eb58-6e84-4876-9d74-10f782a2b95d">
      <Execution id="a39df6eb-6c0f-4f5b-979e-ebb1bed66f70" />
      <TestMethod codeBase="C:\Projekty\xUnitTestProject\bin\Debug\netcoreapp3.1\xUnitTestProject.dll" adapterTypeName="executor://xunit/VsTestRunner2/netcoreapp" className="xUnitTestProject.CurrencyHelperTests" name="FormatToStringTest100" />
    </UnitTest>
  </TestDefinitions>
  <TestEntries>
    <TestEntry testId="8cee55c7-2f54-9306-dead-c4a37d1316a9" executionId="6d4e5128-c996-4c5e-aab1-0970f0510297" testListId="8c84fa94-04c1-424b-9868-57a2d4851a1d" />
    <TestEntry testId="d47953b3-b855-d065-3ee0-ac12db86be39" executionId="6e306cb1-2f9f-4c0b-8798-a636a67e5511" testListId="8c84fa94-04c1-424b-9868-57a2d4851a1d" />
    <TestEntry testId="5be8086d-757f-607e-3916-e3fc3a32dab6" executionId="b1e6f2a1-3746-4093-9c0d-2f64eff1e7c3" testListId="8c84fa94-04c1-424b-9868-57a2d4851a1d" />
    <TestEntry testId="f9cb3c10-b6dc-401f-48ca-7381182b493b" executionId="d7ec17f1-8eb5-46df-9e70-ae996a9531f0" testListId="8c84fa94-04c1-424b-9868-57a2d4851a1d" />
    <TestEntry testId="3321cd65-ef8c-d2ee-7a10-5262976081ff" executionId="960d70c1-908f-4416-a2ad-b93357393d0a" testListId="8c84fa94-04c1-424b-9868-57a2d4851a1d" />
    <TestEntry testId="dafd8801-e3be-22df-9fa5-764356cf2ca4" executionId="5de7bde8-3b43-4009-a41b-29657945171f" testListId="8c84fa94-04c1-424b-9868-57a2d4851a1d" />
    <TestEntry testId="6841efc3-9345-d314-75c2-427f114f051b" executionId="ebcf5e50-84e9-4cc5-9ba9-5c344d5a164d" testListId="8c84fa94-04c1-424b-9868-57a2d4851a1d" />
    <TestEntry testId="d71fa846-0b3d-650b-0fa7-7de64a8b5692" executionId="0236fa23-b131-4230-b772-7d9d9c7c3f0b" testListId="8c84fa94-04c1-424b-9868-57a2d4851a1d" />
    <TestEntry testId="4fe91442-a364-ddf6-571a-0c1b0e5ac3fa" executionId="d2ab6a95-dc74-4e68-b3c1-6b6240a7d7f3" testListId="8c84fa94-04c1-424b-9868-57a2d4851a1d" />
    <TestEntry testId="ec952d1c-d4b8-4514-2b06-3c5983e68faa" executionId="51423adc-7021-44bc-9010-6a3f62452d08" testListId="8c84fa94-04c1-424b-9868-57a2d4851a1d" />
    <TestEntry testId="60df436e-3029-21a3-1c5e-f7dac0d4c1de" executionId="239b7f82-7908-4350-aeb8-5ac30647bd48" testListId="8c84fa94-04c1-424b-9868-57a2d4851a1d" />
    <TestEntry testId="f9f74b79-cea9-65cc-b4bd-68b4ed9d0743" executionId="e84d5941-4b4b-4e08-b918-c35186a09753" testListId="8c84fa94-04c1-424b-9868-57a2d4851a1d" />
    <TestEntry testId="b06b7483-d7a9-8983-7acb-83b99a3a9375" executionId="105fa698-ff84-46a8-939f-e9b262f26fb1" testListId="8c84fa94-04c1-424b-9868-57a2d4851a1d" />
    <TestEntry testId="f910ed82-0c15-5fc2-de25-f9ceba99a963" executionId="3e18b31a-6ee5-4430-9048-3fc0a1560454" testListId="8c84fa94-04c1-424b-9868-57a2d4851a1d" />
    <TestEntry testId="eddb088f-c107-aeac-fa0d-87b3c14eed53" executionId="7a3c8605-cdd1-4747-9f48-6a61ea990db2" testListId="8c84fa94-04c1-424b-9868-57a2d4851a1d" />
    <TestEntry testId="010637aa-f4d9-9bdc-374f-aa35642ade2f" executionId="d7365541-17c8-4228-a686-292fbb42b5c3" testListId="8c84fa94-04c1-424b-9868-57a2d4851a1d" />
    <TestEntry testId="081370ca-48f4-57e4-cbf0-362048ef7fc7" executionId="8e5e0ad0-952b-4905-8fcf-f886630a6a6b" testListId="8c84fa94-04c1-424b-9868-57a2d4851a1d" />
    <TestEntry testId="9d3c6e40-46ef-8e8b-da94-d2afb05dab1a" executionId="da1952e3-1432-40d6-8e1a-1dbd15004757" testListId="8c84fa94-04c1-424b-9868-57a2d4851a1d" />
    <TestEntry testId="7a7c5696-e868-4bc5-0840-551dde71b5f9" executionId="682cc22a-297e-40ba-a93b-1b286a1f2088" testListId="8c84fa94-04c1-424b-9868-57a2d4851a1d" />
    <TestEntry testId="fc8fcc54-cb31-3ea9-a932-697b630d3569" executionId="513bef78-ac3d-487e-b03c-894fb550e331" testListId="8c84fa94-04c1-424b-9868-57a2d4851a1d" />
    <TestEntry testId="bc595dee-6f3e-e241-694d-ba68ac66ab16" executionId="c4180a0d-374c-458d-9c7b-28ee1bfd089e" testListId="8c84fa94-04c1-424b-9868-57a2d4851a1d" />
    <TestEntry testId="2c0a47e8-8ee6-29b4-babb-5a689a07f007" executionId="fa252b2a-925c-48a1-bdef-ac3086e446e1" testListId="8c84fa94-04c1-424b-9868-57a2d4851a1d" />
    <TestEntry testId="8a266f5a-be21-44b9-cc46-2634e151c33b" executionId="524c4f6e-30e0-49ab-906f-7e158a659ae7" testListId="8c84fa94-04c1-424b-9868-57a2d4851a1d" />
    <TestEntry testId="afb9fcf3-f392-dcf0-c2e9-6922ff45e46f" executionId="89872db5-b5c2-4802-b8f2-e156fa51ddd7" testListId="8c84fa94-04c1-424b-9868-57a2d4851a1d" />
    <TestEntry testId="f265cc9e-137b-d632-0abc-0be231ad19a3" executionId="3c556d02-1d66-415f-96c7-8dd16c53dcdd" testListId="8c84fa94-04c1-424b-9868-57a2d4851a1d" />
    <TestEntry testId="e6f2d423-ca40-ed8a-1d2e-2b1354a1f4e9" executionId="56f95712-0227-4a50-91af-4fa9cc36ff21" testListId="8c84fa94-04c1-424b-9868-57a2d4851a1d" />
    <TestEntry testId="8f7d9f64-63ea-bbc2-2cda-2de4bf0e8d28" executionId="a986ee06-ba31-401a-9ee9-0f2653cf8bce" testListId="8c84fa94-04c1-424b-9868-57a2d4851a1d" />
    <TestEntry testId="ff59583d-5ce7-46c9-0e7b-54c700821ca2" executionId="7cb0d606-58cc-4792-a2de-0b19183ca53c" testListId="8c84fa94-04c1-424b-9868-57a2d4851a1d" />
    <TestEntry testId="14bf6b28-24d9-64d3-e241-ed045f113c3f" executionId="66a560cc-9426-4d3b-b16d-a559c486b635" testListId="8c84fa94-04c1-424b-9868-57a2d4851a1d" />
    <TestEntry testId="99620ffe-5e9a-128c-a6ac-13976c610d3b" executionId="ed8bfefd-08ec-46a5-8d46-1f45138f0161" testListId="8c84fa94-04c1-424b-9868-57a2d4851a1d" />
    <TestEntry testId="3e7f7dc0-a481-a391-5e59-0a09ddfda429" executionId="123fddc2-e1d0-492d-97d1-7e3002b7e87b" testListId="8c84fa94-04c1-424b-9868-57a2d4851a1d" />
    <TestEntry testId="be83c872-b584-ea7d-68ae-387efb4fd62c" executionId="0e16f5de-54e8-4383-8d2f-d627f3cdb699" testListId="8c84fa94-04c1-424b-9868-57a2d4851a1d" />
    <TestEntry testId="289f0d26-9b3d-b24d-21a5-381b61257aa2" executionId="80f52733-b898-4e48-9c9b-cf257e068485" testListId="8c84fa94-04c1-424b-9868-57a2d4851a1d" />
    <TestEntry testId="7d21651a-97b6-7b0a-2e61-911a28703fd6" executionId="5d8ee3c6-512d-4f5e-abfd-c98884e38a8f" testListId="8c84fa94-04c1-424b-9868-57a2d4851a1d" />
    <TestEntry testId="04e3f1ac-8b40-ff41-8b94-5de43105a077" executionId="88012647-1628-41fc-9572-7c2848fb5549" testListId="8c84fa94-04c1-424b-9868-57a2d4851a1d" />
    <TestEntry testId="1dbb93f2-1030-009d-6521-2ea9595c26a6" executionId="e4a31a62-6359-4502-8903-4fc6d589c9f6" testListId="8c84fa94-04c1-424b-9868-57a2d4851a1d" />
    <TestEntry testId="5e812169-6686-9fe1-e23d-5fb1628863ab" executionId="b343380a-4765-4f10-8708-61b914fed526" testListId="8c84fa94-04c1-424b-9868-57a2d4851a1d" />
    <TestEntry testId="c05fb9c5-7f95-15f9-16c2-7f5bfc2c47e7" executionId="fcaad1f7-6545-42b1-82e2-9db1ce73ec1d" testListId="8c84fa94-04c1-424b-9868-57a2d4851a1d" />
    <TestEntry testId="acd09137-eecd-d983-95fe-20aa284c3f97" executionId="9a8529ba-0235-4341-9bd3-68fce436a414" testListId="8c84fa94-04c1-424b-9868-57a2d4851a1d" />
    <TestEntry testId="fc435e55-affb-80d4-72b8-f2b63414b911" executionId="4d42fd87-9fab-4f63-8d07-83be752f1084" testListId="8c84fa94-04c1-424b-9868-57a2d4851a1d" />
    <TestEntry testId="f1fba880-f684-09f7-700f-be107cba176b" executionId="caedc35b-48f6-4d64-b7ff-1b96fac864ac" testListId="8c84fa94-04c1-424b-9868-57a2d4851a1d" />
    <TestEntry testId="abbe5506-3b8c-ed2b-2408-42de70c236b9" executionId="095fe79b-ba04-4b49-ae69-abe9781f17ee" testListId="8c84fa94-04c1-424b-9868-57a2d4851a1d" />
    <TestEntry testId="ac0c8e8e-94ce-f433-7c74-70876edf6736" executionId="1a620f25-b668-4af3-8ce1-54fc3025b2c4" testListId="8c84fa94-04c1-424b-9868-57a2d4851a1d" />
    <TestEntry testId="541757e5-f479-f33d-0381-b6dbdace2afb" executionId="8970de9d-dafc-4695-8370-e644625d9319" testListId="8c84fa94-04c1-424b-9868-57a2d4851a1d" />
    <TestEntry testId="c2fcc150-05bf-fac8-cb5b-156769265741" executionId="8c398c3f-273a-4249-b911-b7acf24a6c6a" testListId="8c84fa94-04c1-424b-9868-57a2d4851a1d" />
    <TestEntry testId="9e65b83c-d062-a995-788e-1f867295fc3e" executionId="388962aa-d0f1-4fa8-aeaa-fee04fb67073" testListId="8c84fa94-04c1-424b-9868-57a2d4851a1d" />
    <TestEntry testId="7c8e7438-e86b-d1a6-214d-a8d6be86bec7" executionId="2244f37a-727c-4b2b-b95f-0e0c71af0288" testListId="8c84fa94-04c1-424b-9868-57a2d4851a1d" />
    <TestEntry testId="5cbd1a54-5566-6c6a-e422-221bbd0a9b56" executionId="5efd75a9-4058-4ec8-8791-a8705b7c1e5e" testListId="8c84fa94-04c1-424b-9868-57a2d4851a1d" />
    <TestEntry testId="84d5048a-7b2f-9b60-257e-0daa5848d93c" executionId="11151d5b-3a46-403a-a925-b3adb6ee0216" testListId="8c84fa94-04c1-424b-9868-57a2d4851a1d" />
    <TestEntry testId="111c79ee-d703-225b-8314-e9f7cfa3d20e" executionId="e8697c17-e7f2-4342-9889-fc74c10a66c5" testListId="8c84fa94-04c1-424b-9868-57a2d4851a1d" />
    <TestEntry testId="4c412e3e-e553-0928-365f-424e47169018" executionId="8445ccc3-cb9c-4e97-a420-53e758d0acac" testListId="8c84fa94-04c1-424b-9868-57a2d4851a1d" />
    <TestEntry testId="1683c1a4-48ae-f0a9-f8fb-441cbed69b7e" executionId="6f7e9b41-0a4c-4617-997e-f50eab7c489f" testListId="8c84fa94-04c1-424b-9868-57a2d4851a1d" />
    <TestEntry testId="c57e7001-ae2f-cc3c-80aa-b60a735cb853" executionId="fcce119b-fce0-49b4-8d91-a5dd7734dc21" testListId="8c84fa94-04c1-424b-9868-57a2d4851a1d" />
    <TestEntry testId="4053e7cd-71d6-290b-ba32-3b8047db680a" executionId="84641840-bd5c-4ae1-986c-4cde77d04ee4" testListId="8c84fa94-04c1-424b-9868-57a2d4851a1d" />
    <TestEntry testId="8b5b6910-6f6f-c9ce-8825-e4185407df85" executionId="64fe7ce2-efe4-4b9d-a132-450f0827c3f8" testListId="8c84fa94-04c1-424b-9868-57a2d4851a1d" />
    <TestEntry testId="74dd38df-c768-037a-da68-a6c5c371d014" executionId="3997ff07-3a25-4ce6-8cbb-c99d2175268d" testListId="8c84fa94-04c1-424b-9868-57a2d4851a1d" />
    <TestEntry testId="49a05d1f-a775-19c0-25af-f3a1e1d16690" executionId="90e3594c-15b7-480b-9c83-5100b8e593c3" testListId="8c84fa94-04c1-424b-9868-57a2d4851a1d" />
    <TestEntry testId="d48c6551-b0f6-c3d7-de17-2c1671fe95a2" executionId="b3787342-1217-4192-b3ae-2313926fead9" testListId="8c84fa94-04c1-424b-9868-57a2d4851a1d" />
    <TestEntry testId="77be9760-e130-8956-fbc4-11e64213b336" executionId="e8064fc6-c65e-482a-895d-aba79625491e" testListId="8c84fa94-04c1-424b-9868-57a2d4851a1d" />
    <TestEntry testId="d7778823-4bda-74f0-3f28-6c90759e2c7c" executionId="16be7f05-61d9-4c1e-b343-c10de5bbe205" testListId="8c84fa94-04c1-424b-9868-57a2d4851a1d" />
    <TestEntry testId="29335311-3390-3a4e-3295-e7d01500b61d" executionId="a99c9bb2-c8bf-4ae5-957e-205ec3d5784a" testListId="8c84fa94-04c1-424b-9868-57a2d4851a1d" />
    <TestEntry testId="d073a14a-1a05-55ae-e697-84b172175337" executionId="4394acf5-67fa-4a8e-854c-6be51ac9a954" testListId="8c84fa94-04c1-424b-9868-57a2d4851a1d" />
    <TestEntry testId="3bb4baee-0ac4-fa1e-e791-31ce6ef2b58b" executionId="b6544643-1f09-4daf-9a9c-0640b877352a" testListId="8c84fa94-04c1-424b-9868-57a2d4851a1d" />
    <TestEntry testId="50ea2bcc-2c4a-f936-b10c-5e627f71076d" executionId="d948f673-685d-4efb-a303-f384a98e5d21" testListId="8c84fa94-04c1-424b-9868-57a2d4851a1d" />
    <TestEntry testId="dcc4e251-457a-bc1b-d0d7-d1ec86b94d5d" executionId="8d7fe130-e130-4376-8a90-6668613fb429" testListId="8c84fa94-04c1-424b-9868-57a2d4851a1d" />
    <TestEntry testId="c154671c-e246-3280-5d80-165aa2ed0fd0" executionId="3597f586-62ca-4bd3-8834-3328f5f12249" testListId="8c84fa94-04c1-424b-9868-57a2d4851a1d" />
    <TestEntry testId="9fa54161-392b-187a-1e6d-1b04f9e216c3" executionId="d2f41cd6-5b17-4f4f-b7db-fa757f8849ae" testListId="8c84fa94-04c1-424b-9868-57a2d4851a1d" />
    <TestEntry testId="bee9f8c6-2947-a818-585e-f32a0181ed37" executionId="7d2fd2ea-ef53-4efe-b651-24833ea55a72" testListId="8c84fa94-04c1-424b-9868-57a2d4851a1d" />
    <TestEntry testId="ae4dd41d-98b4-3a18-47fe-168d75b24553" executionId="a71afdae-e010-49eb-a91a-a2c8757a9d5b" testListId="8c84fa94-04c1-424b-9868-57a2d4851a1d" />
    <TestEntry testId="2e0c5192-e697-d6bc-f801-978bcb4ec749" executionId="e62c4cec-6f3f-4a18-be39-b8b526b9f0f4" testListId="8c84fa94-04c1-424b-9868-57a2d4851a1d" />
    <TestEntry testId="2738362e-e19d-f6a9-dd3e-b18b1bacf9a4" executionId="16a3e5bf-bdb8-4499-8406-aceb2dbd948c" testListId="8c84fa94-04c1-424b-9868-57a2d4851a1d" />
    <TestEntry testId="2b46eb58-6e84-4876-9d74-10f782a2b95d" executionId="a39df6eb-6c0f-4f5b-979e-ebb1bed66f70" testListId="8c84fa94-04c1-424b-9868-57a2d4851a1d" />
    <TestEntry testId="1813aa2f-eab9-0da1-9d79-9ec562fcf340" executionId="820f1ca6-68eb-4e90-beca-84e4b230b507" testListId="8c84fa94-04c1-424b-9868-57a2d4851a1d" />
    <TestEntry testId="50d69e8d-3a93-b655-2f18-638fbff5feb9" executionId="830fae0a-68d0-426d-8bdc-c13e55b94140" testListId="8c84fa94-04c1-424b-9868-57a2d4851a1d" />
    <TestEntry testId="fb2ea2cb-613f-cbc7-6fc7-7097106fa76f" executionId="82a1a5de-3e59-445f-9d11-8f408c3e524a" testListId="8c84fa94-04c1-424b-9868-57a2d4851a1d" />
    <TestEntry testId="e3628c97-347a-9ee9-e133-2d57b36ee5ba" executionId="e15a2bc9-a9a4-4b16-87c7-da1739859efc" testListId="8c84fa94-04c1-424b-9868-57a2d4851a1d" />
    <TestEntry testId="b611b239-b1eb-9204-e0e7-5dd83b648e27" executionId="780c0752-3316-4c74-afa5-5e356882a848" testListId="8c84fa94-04c1-424b-9868-57a2d4851a1d" />
    <TestEntry testId="b309356a-1568-0ab7-98a5-a111bb0bc5a1" executionId="cdd85b49-c407-4252-b990-a2d4f0b9ba11" testListId="8c84fa94-04c1-424b-9868-57a2d4851a1d" />
    <TestEntry testId="da9a7d7d-29a1-93da-fc82-1718f2a3582d" executionId="a2552f96-cd68-4f6c-883e-d3df4f281b07" testListId="8c84fa94-04c1-424b-9868-57a2d4851a1d" />
    <TestEntry testId="0f154440-ee39-dfa0-38c3-2b0334e011dd" executionId="52fbeadc-20fe-4b4d-8681-5f4027392c51" testListId="8c84fa94-04c1-424b-9868-57a2d4851a1d" />
    <TestEntry testId="e2ec08cf-67dd-78b0-72e9-2a2acf351ef6" executionId="9582f17f-10be-4ddd-ac3b-a3f084b21f06" testListId="8c84fa94-04c1-424b-9868-57a2d4851a1d" />
    <TestEntry testId="91415d54-575f-b471-1dc0-1631e68e02ab" executionId="97b70a58-e9f8-4f66-8e54-b4ce93b1a9f9" testListId="8c84fa94-04c1-424b-9868-57a2d4851a1d" />
    <TestEntry testId="43a8ab94-a343-e6fd-9ae1-7ad0c6ee6431" executionId="bfdab249-1d5f-43cb-ab42-ab5cc5fe7098" testListId="8c84fa94-04c1-424b-9868-57a2d4851a1d" />
    <TestEntry testId="e5d3d46a-1577-bac4-8f03-ab7ff7705a9f" executionId="bcf50116-426f-4a3d-95d9-8cccc088d0d7" testListId="8c84fa94-04c1-424b-9868-57a2d4851a1d" />
    <TestEntry testId="67a2e17d-2e99-1573-e414-664dc3a5daec" executionId="9c35d679-bfa1-4876-82d0-f56b08d5794e" testListId="8c84fa94-04c1-424b-9868-57a2d4851a1d" />
    <TestEntry testId="fb32513a-ed20-1e61-8c8f-5e74dc95816c" executionId="47d3963c-38a1-4818-8fc9-510623d01efd" testListId="8c84fa94-04c1-424b-9868-57a2d4851a1d" />
    <TestEntry testId="5a8675de-6b57-6a3b-e014-8c438f537aee" executionId="7009f1f7-ed00-416c-845f-07597b9f974f" testListId="8c84fa94-04c1-424b-9868-57a2d4851a1d" />
    <TestEntry testId="7105c4e1-ce32-5c97-6709-d6bf0a4e3d55" executionId="4eb2039c-6a41-4571-aed6-2b561ea3c267" testListId="8c84fa94-04c1-424b-9868-57a2d4851a1d" />
    <TestEntry testId="aa846e16-83e3-6a8d-ea1c-cf150206bc05" executionId="7c916be1-dba8-4375-8c7c-fbb65cd21a1b" testListId="8c84fa94-04c1-424b-9868-57a2d4851a1d" />
    <TestEntry testId="266d715f-e5d3-df86-ea76-d35ef7b9d7e0" executionId="46c412d3-ddc2-4e5e-818d-ece297a6f76d" testListId="8c84fa94-04c1-424b-9868-57a2d4851a1d" />
    <TestEntry testId="571d5971-1ee5-2e96-a2c2-f9965b0b3623" executionId="27f9fca4-6175-4b6f-9b76-dc5d76ac7116" testListId="8c84fa94-04c1-424b-9868-57a2d4851a1d" />
    <TestEntry testId="3ac7c8db-6027-14d9-863b-5141742cb318" executionId="96175bb8-3728-4fef-8c21-b36fb20a7ded" testListId="8c84fa94-04c1-424b-9868-57a2d4851a1d" />
    <TestEntry testId="8b4e8664-15ff-c81e-db88-693c6ea7ece0" executionId="e66c3942-1c32-4076-a8fe-494f96950819" testListId="8c84fa94-04c1-424b-9868-57a2d4851a1d" />
    <TestEntry testId="4b242f0c-9170-3330-c57e-f3c12dfe43da" executionId="4406c6a5-73ef-404f-bc63-fe75e8f83cac" testListId="8c84fa94-04c1-424b-9868-57a2d4851a1d" />
    <TestEntry testId="ece080b6-35d5-52f6-4ff2-f79908c52d78" executionId="9c191564-ea25-4ab7-a055-2bfe1ac447ff" testListId="8c84fa94-04c1-424b-9868-57a2d4851a1d" />
    <TestEntry testId="33f107c2-ab0d-ae03-80da-536fe345a886" executionId="ba557600-630e-481c-95ff-933a4a611a28" testListId="8c84fa94-04c1-424b-9868-57a2d4851a1d" />
    <TestEntry testId="649e78c8-4417-17eb-ca16-441525722fe8" executionId="4954ba0c-d445-4bc8-a5f4-6a34737e983d" testListId="8c84fa94-04c1-424b-9868-57a2d4851a1d" />
    <TestEntry testId="0bf4b77c-c3da-f3e0-15d0-aa3788b09ed0" executionId="add8980a-2ca8-4ba7-a951-272429ac99da" testListId="8c84fa94-04c1-424b-9868-57a2d4851a1d" />
    <TestEntry testId="e3518d76-f67f-2786-4eb3-a849256035ef" executionId="830b9855-c7d0-41d8-b733-196dede3c444" testListId="8c84fa94-04c1-424b-9868-57a2d4851a1d" />
    <TestEntry testId="f0bb637b-8cf3-7fb0-e10c-0038b91cfed9" executionId="2c265b7c-41bc-47a7-a031-f6b52c5253b9" testListId="8c84fa94-04c1-424b-9868-57a2d4851a1d" />
  </TestEntries>
  <TestLists>
    <TestList name="Results Not in a List" id="8c84fa94-04c1-424b-9868-57a2d4851a1d" />
    <TestList name="All Loaded Results" id="19431567-8539-422a-85d7-44ee4e166bda" />
  </TestLists>
  <ResultSummary outcome="Completed">
    <Counters total="100" executed="100" passed="100" failed="0" error="0" timeout="0" aborted="0" inconclusive="0" passedButRunAborted="0" notRunnable="0" notExecuted="0" disconnected="0" warning="0" completed="0" inProgress="0" pending="0" />
    <Output>
      <StdOut>[xUnit.net 00:00:00.00] xUnit.net VSTest Adapter v2.4.5+1caef2f33e (64-bit .NET Core 3.1.25)&#xD;
[xUnit.net 00:00:03.62]   Discovering: xUnitTestProject&#xD;
[xUnit.net 00:00:05.36]   Discovered:  xUnitTestProject&#xD;
[xUnit.net 00:00:05.40]   Starting:    xUnitTestProject&#xD;
[xUnit.net 00:00:05.52]   Finished:    xUnitTestProject&#xD;
</StdOut>
    </Output>
  </ResultSummary>
</TestRun>