<?xml version="1.0" encoding="utf-8"?>
<TestRun id="0097ae89-c08b-49c2-a88f-066c0f560464" name="Dominik@DESKTOP-5URQ9PB 2022-06-13 20:52:58" runUser="DESKTOP-5URQ9PB\Dominik" xmlns="http://microsoft.com/schemas/VisualStudio/TeamTest/2010">
  <Times creation="2022-06-13T20:52:58.2403843+02:00" queuing="2022-06-13T20:52:58.2403845+02:00" start="2022-06-13T20:52:51.3483838+02:00" finish="2022-06-13T20:52:58.3274154+02:00" />
  <TestSettings name="default" id="786957d1-7ce3-4574-9c0d-1a2495d44da4">
    <Deployment runDeploymentRoot="Dominik_DESKTOP-5URQ9PB_2022-06-13_20_52_58" />
  </TestSettings>
  <Results>
    <UnitTestResult executionId="278e2879-ef55-4f2c-b071-25356af3c559" testId="da9a7d7d-29a1-93da-fc82-1718f2a3582d" testName="xUnitTestProject.CurrencyHelperTests.FormatToStringTest100(price: 52020.805412759444, expected: &quot;52020.81 zł&quot;)" computerName="DESKTOP-5URQ9PB" duration="00:00:00.0000049" startTime="2022-06-13T20:52:58.1945835+02:00" endTime="2022-06-13T20:52:58.1945838+02:00" testType="13cdc9d9-ddb5-4fa4-a97d-d965ccfc6d4b" outcome="Passed" testListId="8c84fa94-04c1-424b-9868-57a2d4851a1d" relativeResultsDirectory="278e2879-ef55-4f2c-b071-25356af3c559" />
    <UnitTestResult executionId="dbbe4c76-f407-452b-9291-3677ee6eb701" testId="d48c6551-b0f6-c3d7-de17-2c1671fe95a2" testName="xUnitTestProject.CurrencyHelperTests.FormatToStringTest100(price: 8768.816937361293, expected: &quot;8768.82 zł&quot;)" computerName="DESKTOP-5URQ9PB" duration="00:00:00.0000041" startTime="2022-06-13T20:52:58.1930645+02:00" endTime="2022-06-13T20:52:58.1930647+02:00" testType="13cdc9d9-ddb5-4fa4-a97d-d965ccfc6d4b" outcome="Passed" testListId="8c84fa94-04c1-424b-9868-57a2d4851a1d" relativeResultsDirectory="dbbe4c76-f407-452b-9291-3677ee6eb701" />
    <UnitTestResult executionId="89174bbe-755f-4a85-95ac-adbdddb09ebb" testId="e3628c97-347a-9ee9-e133-2d57b36ee5ba" testName="xUnitTestProject.CurrencyHelperTests.FormatToStringTest100(price: 9867.823212210007, expected: &quot;9867.82 zł&quot;)" computerName="DESKTOP-5URQ9PB" duration="00:00:00.0000053" startTime="2022-06-13T20:52:58.1836557+02:00" endTime="2022-06-13T20:52:58.1836561+02:00" testType="13cdc9d9-ddb5-4fa4-a97d-d965ccfc6d4b" outcome="Passed" testListId="8c84fa94-04c1-424b-9868-57a2d4851a1d" relativeResultsDirectory="89174bbe-755f-4a85-95ac-adbdddb09ebb" />
    <UnitTestResult executionId="73a5e6a5-bde5-40f2-b042-4caa3b5e206a" testId="4fe91442-a364-ddf6-571a-0c1b0e5ac3fa" testName="xUnitTestProject.CurrencyHelperTests.FormatToStringTest100(price: 33206.73122987837, expected: &quot;33206.73 zł&quot;)" computerName="DESKTOP-5URQ9PB" duration="00:00:00.0000043" startTime="2022-06-13T20:52:58.1812592+02:00" endTime="2022-06-13T20:52:58.1812594+02:00" testType="13cdc9d9-ddb5-4fa4-a97d-d965ccfc6d4b" outcome="Passed" testListId="8c84fa94-04c1-424b-9868-57a2d4851a1d" relativeResultsDirectory="73a5e6a5-bde5-40f2-b042-4caa3b5e206a" />
    <UnitTestResult executionId="be119086-fee7-47b0-83d8-4409b5b1a8bd" testId="9d3c6e40-46ef-8e8b-da94-d2afb05dab1a" testName="xUnitTestProject.CurrencyHelperTests.FormatToStringTest100(price: 63507.32603545455, expected: &quot;63507.33 zł&quot;)" computerName="DESKTOP-5URQ9PB" duration="00:00:00.0000051" startTime="2022-06-13T20:52:58.1712528+02:00" endTime="2022-06-13T20:52:58.1712531+02:00" testType="13cdc9d9-ddb5-4fa4-a97d-d965ccfc6d4b" outcome="Passed" testListId="8c84fa94-04c1-424b-9868-57a2d4851a1d" relativeResultsDirectory="be119086-fee7-47b0-83d8-4409b5b1a8bd" />
    <UnitTestResult executionId="0ff5f197-bf96-443d-b394-9e76c3696400" testId="29335311-3390-3a4e-3295-e7d01500b61d" testName="xUnitTestProject.CurrencyHelperTests.FormatToStringTest100(price: 74514.06270644537, expected: &quot;74514.06 zł&quot;)" computerName="DESKTOP-5URQ9PB" duration="00:00:00.0000048" startTime="2022-06-13T20:52:58.1713794+02:00" endTime="2022-06-13T20:52:58.1713795+02:00" testType="13cdc9d9-ddb5-4fa4-a97d-d965ccfc6d4b" outcome="Passed" testListId="8c84fa94-04c1-424b-9868-57a2d4851a1d" relativeResultsDirectory="0ff5f197-bf96-443d-b394-9e76c3696400" />
    <UnitTestResult executionId="7df0cf0a-96f7-4b4a-8386-ad5e013ee4fa" testId="e6f2d423-ca40-ed8a-1d2e-2b1354a1f4e9" testName="xUnitTestProject.CurrencyHelperTests.FormatToStringTest100(price: 66019.32414194118, expected: &quot;66019.32 zł&quot;)" computerName="DESKTOP-5URQ9PB" duration="00:00:00.0000041" startTime="2022-06-13T20:52:58.1916030+02:00" endTime="2022-06-13T20:52:58.1916033+02:00" testType="13cdc9d9-ddb5-4fa4-a97d-d965ccfc6d4b" outcome="Passed" testListId="8c84fa94-04c1-424b-9868-57a2d4851a1d" relativeResultsDirectory="7df0cf0a-96f7-4b4a-8386-ad5e013ee4fa" />
    <UnitTestResult executionId="066d4fb0-81eb-429b-9c4b-2ad2336e676d" testId="d073a14a-1a05-55ae-e697-84b172175337" testName="xUnitTestProject.CurrencyHelperTests.FormatToStringTest100(price: 52810.91713865516, expected: &quot;52810.92 zł&quot;)" computerName="DESKTOP-5URQ9PB" duration="00:00:00.0000064" startTime="2022-06-13T20:52:58.1884103+02:00" endTime="2022-06-13T20:52:58.1884105+02:00" testType="13cdc9d9-ddb5-4fa4-a97d-d965ccfc6d4b" outcome="Passed" testListId="8c84fa94-04c1-424b-9868-57a2d4851a1d" relativeResultsDirectory="066d4fb0-81eb-429b-9c4b-2ad2336e676d" />
    <UnitTestResult executionId="c58ad923-4412-43bb-8edb-d02b98d9a606" testId="2738362e-e19d-f6a9-dd3e-b18b1bacf9a4" testName="xUnitTestProject.CurrencyHelperTests.FormatToStringTest100(price: 6958.393354767186, expected: &quot;6958.39 zł&quot;)" computerName="DESKTOP-5URQ9PB" duration="00:00:00.0000088" startTime="2022-06-13T20:52:58.1873425+02:00" endTime="2022-06-13T20:52:58.1873427+02:00" testType="13cdc9d9-ddb5-4fa4-a97d-d965ccfc6d4b" outcome="Passed" testListId="8c84fa94-04c1-424b-9868-57a2d4851a1d" relativeResultsDirectory="c58ad923-4412-43bb-8edb-d02b98d9a606" />
    <UnitTestResult executionId="2ff171c7-3bf5-4920-bf11-ac7b96beeb30" testId="99620ffe-5e9a-128c-a6ac-13976c610d3b" testName="xUnitTestProject.CurrencyHelperTests.FormatToStringTest100(price: 11100.829211263372, expected: &quot;11100.83 zł&quot;)" computerName="DESKTOP-5URQ9PB" duration="00:00:00.0000232" startTime="2022-06-13T20:52:58.1711017+02:00" endTime="2022-06-13T20:52:58.1711021+02:00" testType="13cdc9d9-ddb5-4fa4-a97d-d965ccfc6d4b" outcome="Passed" testListId="8c84fa94-04c1-424b-9868-57a2d4851a1d" relativeResultsDirectory="2ff171c7-3bf5-4920-bf11-ac7b96beeb30" />
    <UnitTestResult executionId="a2c45b8f-10ef-4783-b483-3f1b3f32e972" testId="04e3f1ac-8b40-ff41-8b94-5de43105a077" testName="xUnitTestProject.CurrencyHelperTests.FormatToStringTest100(price: 70771.4436677524, expected: &quot;70771.44 zł&quot;)" computerName="DESKTOP-5URQ9PB" duration="00:00:00.0000041" startTime="2022-06-13T20:52:58.1915023+02:00" endTime="2022-06-13T20:52:58.1915027+02:00" testType="13cdc9d9-ddb5-4fa4-a97d-d965ccfc6d4b" outcome="Passed" testListId="8c84fa94-04c1-424b-9868-57a2d4851a1d" relativeResultsDirectory="a2c45b8f-10ef-4783-b483-3f1b3f32e972" />
    <UnitTestResult executionId="beb2847f-e331-4c40-bedf-da2ff52959c4" testId="7105c4e1-ce32-5c97-6709-d6bf0a4e3d55" testName="xUnitTestProject.CurrencyHelperTests.FormatToStringTest100(price: 5628.028273674672, expected: &quot;5628.03 zł&quot;)" computerName="DESKTOP-5URQ9PB" duration="00:00:00.0000041" startTime="2022-06-13T20:52:58.1918269+02:00" endTime="2022-06-13T20:52:58.1918271+02:00" testType="13cdc9d9-ddb5-4fa4-a97d-d965ccfc6d4b" outcome="Passed" testListId="8c84fa94-04c1-424b-9868-57a2d4851a1d" relativeResultsDirectory="beb2847f-e331-4c40-bedf-da2ff52959c4" />
    <UnitTestResult executionId="80fd8af6-e3e4-43b6-8863-888cc9b544e5" testId="8a266f5a-be21-44b9-cc46-2634e151c33b" testName="xUnitTestProject.CurrencyHelperTests.FormatToStringTest100(price: 32632.105531036905, expected: &quot;32632.11 zł&quot;)" computerName="DESKTOP-5URQ9PB" duration="00:00:00.0000234" startTime="2022-06-13T20:52:58.1835233+02:00" endTime="2022-06-13T20:52:58.1835235+02:00" testType="13cdc9d9-ddb5-4fa4-a97d-d965ccfc6d4b" outcome="Passed" testListId="8c84fa94-04c1-424b-9868-57a2d4851a1d" relativeResultsDirectory="80fd8af6-e3e4-43b6-8863-888cc9b544e5" />
    <UnitTestResult executionId="c8b6f3b5-2457-4ad6-b75c-d313b7defd69" testId="abbe5506-3b8c-ed2b-2408-42de70c236b9" testName="xUnitTestProject.CurrencyHelperTests.FormatToStringTest100(price: 40857.08543233996, expected: &quot;40857.09 zł&quot;)" computerName="DESKTOP-5URQ9PB" duration="00:00:00.0033228" startTime="2022-06-13T20:52:58.1668935+02:00" endTime="2022-06-13T20:52:58.1669582+02:00" testType="13cdc9d9-ddb5-4fa4-a97d-d965ccfc6d4b" outcome="Passed" testListId="8c84fa94-04c1-424b-9868-57a2d4851a1d" relativeResultsDirectory="c8b6f3b5-2457-4ad6-b75c-d313b7defd69" />
    <UnitTestResult executionId="74d7ac69-392e-4c13-b9b3-6db01c6068ba" testId="dafd8801-e3be-22df-9fa5-764356cf2ca4" testName="xUnitTestProject.CurrencyHelperTests.FormatToStringTest100(price: 16383.352881839199, expected: &quot;16383.35 zł&quot;)" computerName="DESKTOP-5URQ9PB" duration="00:00:00.0000043" startTime="2022-06-13T20:52:58.1850545+02:00" endTime="2022-06-13T20:52:58.1850547+02:00" testType="13cdc9d9-ddb5-4fa4-a97d-d965ccfc6d4b" outcome="Passed" testListId="8c84fa94-04c1-424b-9868-57a2d4851a1d" relativeResultsDirectory="74d7ac69-392e-4c13-b9b3-6db01c6068ba" />
    <UnitTestResult executionId="06382ff7-e922-4459-934c-ecab7918c340" testId="8b4e8664-15ff-c81e-db88-693c6ea7ece0" testName="xUnitTestProject.CurrencyHelperTests.FormatToStringTest100(price: 22291.653251342315, expected: &quot;22291.65 zł&quot;)" computerName="DESKTOP-5URQ9PB" duration="00:00:00.0000043" startTime="2022-06-13T20:52:58.1850158+02:00" endTime="2022-06-13T20:52:58.1850160+02:00" testType="13cdc9d9-ddb5-4fa4-a97d-d965ccfc6d4b" outcome="Passed" testListId="8c84fa94-04c1-424b-9868-57a2d4851a1d" relativeResultsDirectory="06382ff7-e922-4459-934c-ecab7918c340" />
    <UnitTestResult executionId="175a530a-fdd3-4cce-977d-cd54aaf5040d" testId="4053e7cd-71d6-290b-ba32-3b8047db680a" testName="xUnitTestProject.CurrencyHelperTests.FormatToStringTest100(price: 317.9090540706688, expected: &quot;317.91 zł&quot;)" computerName="DESKTOP-5URQ9PB" duration="00:00:00.0000041" startTime="2022-06-13T20:52:58.1860606+02:00" endTime="2022-06-13T20:52:58.1860608+02:00" testType="13cdc9d9-ddb5-4fa4-a97d-d965ccfc6d4b" outcome="Passed" testListId="8c84fa94-04c1-424b-9868-57a2d4851a1d" relativeResultsDirectory="175a530a-fdd3-4cce-977d-cd54aaf5040d" />
    <UnitTestResult executionId="4d9044eb-678d-42e2-b40c-eb81bce69dfc" testId="f910ed82-0c15-5fc2-de25-f9ceba99a963" testName="xUnitTestProject.CurrencyHelperTests.FormatToStringTest100(price: 7124.979180760672, expected: &quot;7124.98 zł&quot;)" computerName="DESKTOP-5URQ9PB" duration="00:00:00.0000041" startTime="2022-06-13T20:52:58.1900527+02:00" endTime="2022-06-13T20:52:58.1900530+02:00" testType="13cdc9d9-ddb5-4fa4-a97d-d965ccfc6d4b" outcome="Passed" testListId="8c84fa94-04c1-424b-9868-57a2d4851a1d" relativeResultsDirectory="4d9044eb-678d-42e2-b40c-eb81bce69dfc" />
    <UnitTestResult executionId="30ac285b-9b90-4bdb-9558-d33f76858be1" testId="649e78c8-4417-17eb-ca16-441525722fe8" testName="xUnitTestProject.CurrencyHelperTests.FormatToStringTest100(price: 50339.31259969497, expected: &quot;50339.31 zł&quot;)" computerName="DESKTOP-5URQ9PB" duration="00:00:00.0000053" startTime="2022-06-13T20:52:58.1931165+02:00" endTime="2022-06-13T20:52:58.1931169+02:00" testType="13cdc9d9-ddb5-4fa4-a97d-d965ccfc6d4b" outcome="Passed" testListId="8c84fa94-04c1-424b-9868-57a2d4851a1d" relativeResultsDirectory="30ac285b-9b90-4bdb-9558-d33f76858be1" />
    <UnitTestResult executionId="2456e69c-31e8-4628-b11f-8873f4f4ca2d" testId="8cee55c7-2f54-9306-dead-c4a37d1316a9" testName="xUnitTestProject.CurrencyHelperTests.FormatToStringTest100(price: 50991.22189691114, expected: &quot;50991.22 zł&quot;)" computerName="DESKTOP-5URQ9PB" duration="00:00:00.0000043" startTime="2022-06-13T20:52:58.1915536+02:00" endTime="2022-06-13T20:52:58.1915539+02:00" testType="13cdc9d9-ddb5-4fa4-a97d-d965ccfc6d4b" outcome="Passed" testListId="8c84fa94-04c1-424b-9868-57a2d4851a1d" relativeResultsDirectory="2456e69c-31e8-4628-b11f-8873f4f4ca2d" />
    <UnitTestResult executionId="c15d5936-84b3-46cb-bb80-a62cfd198037" testId="7c8e7438-e86b-d1a6-214d-a8d6be86bec7" testName="xUnitTestProject.CurrencyHelperTests.FormatToStringTest100(price: 77904.0088552246, expected: &quot;77904.01 zł&quot;)" computerName="DESKTOP-5URQ9PB" duration="00:00:00.0000047" startTime="2022-06-13T20:52:58.1812206+02:00" endTime="2022-06-13T20:52:58.1812208+02:00" testType="13cdc9d9-ddb5-4fa4-a97d-d965ccfc6d4b" outcome="Passed" testListId="8c84fa94-04c1-424b-9868-57a2d4851a1d" relativeResultsDirectory="c15d5936-84b3-46cb-bb80-a62cfd198037" />
    <UnitTestResult executionId="79216757-fdc0-434f-8341-2a81961e017c" testId="c2fcc150-05bf-fac8-cb5b-156769265741" testName="xUnitTestProject.CurrencyHelperTests.FormatToStringTest100(price: 10784.438152511344, expected: &quot;10784.44 zł&quot;)" computerName="DESKTOP-5URQ9PB" duration="00:00:00.0000041" startTime="2022-06-13T20:52:58.1945233+02:00" endTime="2022-06-13T20:52:58.1945239+02:00" testType="13cdc9d9-ddb5-4fa4-a97d-d965ccfc6d4b" outcome="Passed" testListId="8c84fa94-04c1-424b-9868-57a2d4851a1d" relativeResultsDirectory="79216757-fdc0-434f-8341-2a81961e017c" />
    <UnitTestResult executionId="b4103d26-ab17-44d7-9056-5d1d9c485627" testId="bc595dee-6f3e-e241-694d-ba68ac66ab16" testName="xUnitTestProject.CurrencyHelperTests.FormatToStringTest100(price: 1108.7197928823157, expected: &quot;1108.72 zł&quot;)" computerName="DESKTOP-5URQ9PB" duration="00:00:00.0000044" startTime="2022-06-13T20:52:58.1898310+02:00" endTime="2022-06-13T20:52:58.1898318+02:00" testType="13cdc9d9-ddb5-4fa4-a97d-d965ccfc6d4b" outcome="Passed" testListId="8c84fa94-04c1-424b-9868-57a2d4851a1d" relativeResultsDirectory="b4103d26-ab17-44d7-9056-5d1d9c485627" />
    <UnitTestResult executionId="ac72da0a-f3d0-42cb-9c77-26bda8acf36b" testId="b309356a-1568-0ab7-98a5-a111bb0bc5a1" testName="xUnitTestProject.CurrencyHelperTests.FormatToStringTest100(price: 46898.00219497783, expected: &quot;46898.00 zł&quot;)" computerName="DESKTOP-5URQ9PB" duration="00:00:00.0000044" startTime="2022-06-13T20:52:58.1848926+02:00" endTime="2022-06-13T20:52:58.1848928+02:00" testType="13cdc9d9-ddb5-4fa4-a97d-d965ccfc6d4b" outcome="Passed" testListId="8c84fa94-04c1-424b-9868-57a2d4851a1d" relativeResultsDirectory="ac72da0a-f3d0-42cb-9c77-26bda8acf36b" />
    <UnitTestResult executionId="8c999d0b-280b-43d3-a608-e0e7f4ffe679" testId="7a7c5696-e868-4bc5-0840-551dde71b5f9" testName="xUnitTestProject.CurrencyHelperTests.FormatToStringTest100(price: 18990.72499258012, expected: &quot;18990.72 zł&quot;)" computerName="DESKTOP-5URQ9PB" duration="00:00:00.0000041" startTime="2022-06-13T20:52:58.1885316+02:00" endTime="2022-06-13T20:52:58.1885317+02:00" testType="13cdc9d9-ddb5-4fa4-a97d-d965ccfc6d4b" outcome="Passed" testListId="8c84fa94-04c1-424b-9868-57a2d4851a1d" relativeResultsDirectory="8c999d0b-280b-43d3-a608-e0e7f4ffe679" />
    <UnitTestResult executionId="cc661ccb-daae-4f72-bde4-a3bad2ee6093" testId="fb2ea2cb-613f-cbc7-6fc7-7097106fa76f" testName="xUnitTestProject.CurrencyHelperTests.FormatToStringTest100(price: 28072.424637532058, expected: &quot;28072.42 zł&quot;)" computerName="DESKTOP-5URQ9PB" duration="00:00:00.0000041" startTime="2022-06-13T20:52:58.1861399+02:00" endTime="2022-06-13T20:52:58.1861401+02:00" testType="13cdc9d9-ddb5-4fa4-a97d-d965ccfc6d4b" outcome="Passed" testListId="8c84fa94-04c1-424b-9868-57a2d4851a1d" relativeResultsDirectory="cc661ccb-daae-4f72-bde4-a3bad2ee6093" />
    <UnitTestResult executionId="1400cdd1-d19f-413d-bf31-ef2c52858a7d" testId="111c79ee-d703-225b-8314-e9f7cfa3d20e" testName="xUnitTestProject.CurrencyHelperTests.FormatToStringTest100(price: 27893.312729890138, expected: &quot;27893.31 zł&quot;)" computerName="DESKTOP-5URQ9PB" duration="00:00:00.0000063" startTime="2022-06-13T20:52:58.1809636+02:00" endTime="2022-06-13T20:52:58.1809644+02:00" testType="13cdc9d9-ddb5-4fa4-a97d-d965ccfc6d4b" outcome="Passed" testListId="8c84fa94-04c1-424b-9868-57a2d4851a1d" relativeResultsDirectory="1400cdd1-d19f-413d-bf31-ef2c52858a7d" />
    <UnitTestResult executionId="4a93c009-fc32-4ed1-a5ae-2ae4445db943" testId="c57e7001-ae2f-cc3c-80aa-b60a735cb853" testName="xUnitTestProject.CurrencyHelperTests.FormatToStringTest100(price: 80609.94377465078, expected: &quot;80609.94 zł&quot;)" computerName="DESKTOP-5URQ9PB" duration="00:00:00.0000041" startTime="2022-06-13T20:52:58.1860207+02:00" endTime="2022-06-13T20:52:58.1860209+02:00" testType="13cdc9d9-ddb5-4fa4-a97d-d965ccfc6d4b" outcome="Passed" testListId="8c84fa94-04c1-424b-9868-57a2d4851a1d" relativeResultsDirectory="4a93c009-fc32-4ed1-a5ae-2ae4445db943" />
    <UnitTestResult executionId="c831ac0b-2da9-4036-9201-2281df6e0ada" testId="fc8fcc54-cb31-3ea9-a932-697b630d3569" testName="xUnitTestProject.CurrencyHelperTests.FormatToStringTest100(price: 79.6815319544084, expected: &quot;79.68 zł&quot;)" computerName="DESKTOP-5URQ9PB" duration="00:00:00.0000041" startTime="2022-06-13T20:52:58.1931698+02:00" endTime="2022-06-13T20:52:58.1931700+02:00" testType="13cdc9d9-ddb5-4fa4-a97d-d965ccfc6d4b" outcome="Passed" testListId="8c84fa94-04c1-424b-9868-57a2d4851a1d" relativeResultsDirectory="c831ac0b-2da9-4036-9201-2281df6e0ada" />
    <UnitTestResult executionId="4f21bbfb-5639-486f-9d92-bbdcda3800fc" testId="f0bb637b-8cf3-7fb0-e10c-0038b91cfed9" testName="xUnitTestProject.CurrencyHelperTests.FormatToStringTest100(price: 11912.404131636213, expected: &quot;11912.40 zł&quot;)" computerName="DESKTOP-5URQ9PB" duration="00:00:00.0000041" startTime="2022-06-13T20:52:58.1949740+02:00" endTime="2022-06-13T20:52:58.1949742+02:00" testType="13cdc9d9-ddb5-4fa4-a97d-d965ccfc6d4b" outcome="Passed" testListId="8c84fa94-04c1-424b-9868-57a2d4851a1d" relativeResultsDirectory="4f21bbfb-5639-486f-9d92-bbdcda3800fc" />
    <UnitTestResult executionId="88abbb9a-2143-46d1-8d01-4aa968e8d532" testId="081370ca-48f4-57e4-cbf0-362048ef7fc7" testName="xUnitTestProject.CurrencyHelperTests.FormatToStringTest100(price: 468.83385119346616, expected: &quot;468.83 zł&quot;)" computerName="DESKTOP-5URQ9PB" duration="00:00:00.0000041" startTime="2022-06-13T20:52:58.1898912+02:00" endTime="2022-06-13T20:52:58.1898917+02:00" testType="13cdc9d9-ddb5-4fa4-a97d-d965ccfc6d4b" outcome="Passed" testListId="8c84fa94-04c1-424b-9868-57a2d4851a1d" relativeResultsDirectory="88abbb9a-2143-46d1-8d01-4aa968e8d532" />
    <UnitTestResult executionId="bfcba470-024a-4697-81f5-e0f6e5db73af" testId="dcc4e251-457a-bc1b-d0d7-d1ec86b94d5d" testName="xUnitTestProject.CurrencyHelperTests.FormatToStringTest100(price: 2937.138486199611, expected: &quot;2937.14 zł&quot;)" computerName="DESKTOP-5URQ9PB" duration="00:00:00.0000041" startTime="2022-06-13T20:52:58.1859795+02:00" endTime="2022-06-13T20:52:58.1859797+02:00" testType="13cdc9d9-ddb5-4fa4-a97d-d965ccfc6d4b" outcome="Passed" testListId="8c84fa94-04c1-424b-9868-57a2d4851a1d" relativeResultsDirectory="bfcba470-024a-4697-81f5-e0f6e5db73af" />
    <UnitTestResult executionId="64e506cc-1449-4d5c-a09f-7fb9dcf35c20" testId="ece080b6-35d5-52f6-4ff2-f79908c52d78" testName="xUnitTestProject.CurrencyHelperTests.FormatToStringTest100(price: 7458.609645228652, expected: &quot;7458.61 zł&quot;)" computerName="DESKTOP-5URQ9PB" duration="00:00:00.0000048" startTime="2022-06-13T20:52:58.1873813+02:00" endTime="2022-06-13T20:52:58.1873815+02:00" testType="13cdc9d9-ddb5-4fa4-a97d-d965ccfc6d4b" outcome="Passed" testListId="8c84fa94-04c1-424b-9868-57a2d4851a1d" relativeResultsDirectory="64e506cc-1449-4d5c-a09f-7fb9dcf35c20" />
    <UnitTestResult executionId="3bd81257-a3cf-4264-b985-fbe57caa19c2" testId="5e812169-6686-9fe1-e23d-5fb1628863ab" testName="xUnitTestProject.CurrencyHelperTests.FormatToStringTest100(price: 1649.0127968480872, expected: &quot;1649.01 zł&quot;)" computerName="DESKTOP-5URQ9PB" duration="00:00:00.0000041" startTime="2022-06-13T20:52:58.1933242+02:00" endTime="2022-06-13T20:52:58.1933244+02:00" testType="13cdc9d9-ddb5-4fa4-a97d-d965ccfc6d4b" outcome="Passed" testListId="8c84fa94-04c1-424b-9868-57a2d4851a1d" relativeResultsDirectory="3bd81257-a3cf-4264-b985-fbe57caa19c2" />
    <UnitTestResult executionId="2ce503ad-df62-4790-a0a2-491785af5750" testId="50d69e8d-3a93-b655-2f18-638fbff5feb9" testName="xUnitTestProject.CurrencyHelperTests.FormatToStringTest100(price: 6864.093052674129, expected: &quot;6864.09 zł&quot;)" computerName="DESKTOP-5URQ9PB" duration="00:00:00.0000061" startTime="2022-06-13T20:52:58.1811412+02:00" endTime="2022-06-13T20:52:58.1811414+02:00" testType="13cdc9d9-ddb5-4fa4-a97d-d965ccfc6d4b" outcome="Passed" testListId="8c84fa94-04c1-424b-9868-57a2d4851a1d" relativeResultsDirectory="2ce503ad-df62-4790-a0a2-491785af5750" />
    <UnitTestResult executionId="5d661073-d6ea-4553-84a5-a25b3e7fad00" testId="1683c1a4-48ae-f0a9-f8fb-441cbed69b7e" testName="xUnitTestProject.CurrencyHelperTests.FormatToStringTest100(price: 26515.80237687929, expected: &quot;26515.80 zł&quot;)" computerName="DESKTOP-5URQ9PB" duration="00:00:00.0000041" startTime="2022-06-13T20:52:58.1861012+02:00" endTime="2022-06-13T20:52:58.1861014+02:00" testType="13cdc9d9-ddb5-4fa4-a97d-d965ccfc6d4b" outcome="Passed" testListId="8c84fa94-04c1-424b-9868-57a2d4851a1d" relativeResultsDirectory="5d661073-d6ea-4553-84a5-a25b3e7fad00" />
    <UnitTestResult executionId="05e48f64-ff9d-4d77-b3fb-2cbe7af983a8" testId="91415d54-575f-b471-1dc0-1631e68e02ab" testName="xUnitTestProject.CurrencyHelperTests.FormatToStringTest100(price: 1208.1827589441941, expected: &quot;1208.18 zł&quot;)" computerName="DESKTOP-5URQ9PB" duration="00:00:00.0000063" startTime="2022-06-13T20:52:58.1838158+02:00" endTime="2022-06-13T20:52:58.1838159+02:00" testType="13cdc9d9-ddb5-4fa4-a97d-d965ccfc6d4b" outcome="Passed" testListId="8c84fa94-04c1-424b-9868-57a2d4851a1d" relativeResultsDirectory="05e48f64-ff9d-4d77-b3fb-2cbe7af983a8" />
    <UnitTestResult executionId="ba8c43e8-9212-4fe5-9b84-0e215453cf2d" testId="9fa54161-392b-187a-1e6d-1b04f9e216c3" testName="xUnitTestProject.CurrencyHelperTests.FormatToStringTest100(price: 1300.9430775404642, expected: &quot;1300.94 zł&quot;)" computerName="DESKTOP-5URQ9PB" duration="00:00:00.0000041" startTime="2022-06-13T20:52:58.1873000+02:00" endTime="2022-06-13T20:52:58.1873003+02:00" testType="13cdc9d9-ddb5-4fa4-a97d-d965ccfc6d4b" outcome="Passed" testListId="8c84fa94-04c1-424b-9868-57a2d4851a1d" relativeResultsDirectory="ba8c43e8-9212-4fe5-9b84-0e215453cf2d" />
    <UnitTestResult executionId="a5607be0-ba0f-4387-8d95-2928e92c5837" testId="acd09137-eecd-d983-95fe-20aa284c3f97" testName="xUnitTestProject.CurrencyHelperTests.FormatToStringTest100(price: 96.75594581512546, expected: &quot;96.76 zł&quot;)" computerName="DESKTOP-5URQ9PB" duration="00:00:00.0000041" startTime="2022-06-13T20:52:58.1902079+02:00" endTime="2022-06-13T20:52:58.1902082+02:00" testType="13cdc9d9-ddb5-4fa4-a97d-d965ccfc6d4b" outcome="Passed" testListId="8c84fa94-04c1-424b-9868-57a2d4851a1d" relativeResultsDirectory="a5607be0-ba0f-4387-8d95-2928e92c5837" />
    <UnitTestResult executionId="c4f08804-865d-46fc-b234-e26026d82803" testId="74dd38df-c768-037a-da68-a6c5c371d014" testName="xUnitTestProject.CurrencyHelperTests.FormatToStringTest100(price: 22666.13578912995, expected: &quot;22666.14 zł&quot;)" computerName="DESKTOP-5URQ9PB" duration="00:00:00.0000041" startTime="2022-06-13T20:52:58.1872181+02:00" endTime="2022-06-13T20:52:58.1872183+02:00" testType="13cdc9d9-ddb5-4fa4-a97d-d965ccfc6d4b" outcome="Passed" testListId="8c84fa94-04c1-424b-9868-57a2d4851a1d" relativeResultsDirectory="c4f08804-865d-46fc-b234-e26026d82803" />
    <UnitTestResult executionId="8130ca84-ad31-41d2-86fb-7919e83315ca" testId="3e7f7dc0-a481-a391-5e59-0a09ddfda429" testName="xUnitTestProject.CurrencyHelperTests.FormatToStringTest100(price: 7789.7136237517525, expected: &quot;7789.71 zł&quot;)" computerName="DESKTOP-5URQ9PB" duration="00:00:00.0000044" startTime="2022-06-13T20:52:58.1847678+02:00" endTime="2022-06-13T20:52:58.1847681+02:00" testType="13cdc9d9-ddb5-4fa4-a97d-d965ccfc6d4b" outcome="Passed" testListId="8c84fa94-04c1-424b-9868-57a2d4851a1d" relativeResultsDirectory="8130ca84-ad31-41d2-86fb-7919e83315ca" />
    <UnitTestResult executionId="9cfc7439-8a82-41e1-88fb-70bc7534fbb3" testId="7d21651a-97b6-7b0a-2e61-911a28703fd6" testName="xUnitTestProject.CurrencyHelperTests.FormatToStringTest100(price: 17252.06220983903, expected: &quot;17252.06 zł&quot;)" computerName="DESKTOP-5URQ9PB" duration="00:00:00.0000041" startTime="2022-06-13T20:52:58.1913966+02:00" endTime="2022-06-13T20:52:58.1913971+02:00" testType="13cdc9d9-ddb5-4fa4-a97d-d965ccfc6d4b" outcome="Passed" testListId="8c84fa94-04c1-424b-9868-57a2d4851a1d" relativeResultsDirectory="9cfc7439-8a82-41e1-88fb-70bc7534fbb3" />
    <UnitTestResult executionId="de4b636a-2251-46d0-b1ba-242e251401bb" testId="bee9f8c6-2947-a818-585e-f32a0181ed37" testName="xUnitTestProject.CurrencyHelperTests.FormatToStringTest100(price: 38640.62766693003, expected: &quot;38640.63 zł&quot;)" computerName="DESKTOP-5URQ9PB" duration="00:00:00.0000066" startTime="2022-06-13T20:52:58.1862591+02:00" endTime="2022-06-13T20:52:58.1862593+02:00" testType="13cdc9d9-ddb5-4fa4-a97d-d965ccfc6d4b" outcome="Passed" testListId="8c84fa94-04c1-424b-9868-57a2d4851a1d" relativeResultsDirectory="de4b636a-2251-46d0-b1ba-242e251401bb" />
    <UnitTestResult executionId="1fa003c8-cc31-43e0-a60a-34655c22c4c3" testId="1813aa2f-eab9-0da1-9d79-9ec562fcf340" testName="xUnitTestProject.CurrencyHelperTests.FormatToStringTest100(price: 22604.838218828587, expected: &quot;22604.84 zł&quot;)" computerName="DESKTOP-5URQ9PB" duration="00:00:00.0000043" startTime="2022-06-13T20:52:58.1948160+02:00" endTime="2022-06-13T20:52:58.1948163+02:00" testType="13cdc9d9-ddb5-4fa4-a97d-d965ccfc6d4b" outcome="Passed" testListId="8c84fa94-04c1-424b-9868-57a2d4851a1d" relativeResultsDirectory="1fa003c8-cc31-43e0-a60a-34655c22c4c3" />
    <UnitTestResult executionId="6a9d9050-f6ef-493c-bd5b-4d7552bd0b27" testId="fc435e55-affb-80d4-72b8-f2b63414b911" testName="xUnitTestProject.CurrencyHelperTests.FormatToStringTest100(price: 591.2110872302256, expected: &quot;591.21 zł&quot;)" computerName="DESKTOP-5URQ9PB" duration="00:00:00.0000044" startTime="2022-06-13T20:52:58.1901560+02:00" endTime="2022-06-13T20:52:58.1901564+02:00" testType="13cdc9d9-ddb5-4fa4-a97d-d965ccfc6d4b" outcome="Passed" testListId="8c84fa94-04c1-424b-9868-57a2d4851a1d" relativeResultsDirectory="6a9d9050-f6ef-493c-bd5b-4d7552bd0b27" />
    <UnitTestResult executionId="ad48234b-4dc3-4818-b0d1-e7bbd6d08020" testId="ec952d1c-d4b8-4514-2b06-3c5983e68faa" testName="xUnitTestProject.CurrencyHelperTests.FormatToStringTest100(price: 10268.547802396373, expected: &quot;10268.55 zł&quot;)" computerName="DESKTOP-5URQ9PB" duration="00:00:00.0000043" startTime="2022-06-13T20:52:58.1930143+02:00" endTime="2022-06-13T20:52:58.1930146+02:00" testType="13cdc9d9-ddb5-4fa4-a97d-d965ccfc6d4b" outcome="Passed" testListId="8c84fa94-04c1-424b-9868-57a2d4851a1d" relativeResultsDirectory="ad48234b-4dc3-4818-b0d1-e7bbd6d08020" />
    <UnitTestResult executionId="8fa799d1-7b10-44d8-acde-a38976a3909d" testId="9e65b83c-d062-a995-788e-1f867295fc3e" testName="xUnitTestProject.CurrencyHelperTests.FormatToStringTest100(price: 1741.3334432818617, expected: &quot;1741.33 zł&quot;)" computerName="DESKTOP-5URQ9PB" duration="00:00:00.0000041" startTime="2022-06-13T20:52:58.1899985+02:00" endTime="2022-06-13T20:52:58.1899989+02:00" testType="13cdc9d9-ddb5-4fa4-a97d-d965ccfc6d4b" outcome="Passed" testListId="8c84fa94-04c1-424b-9868-57a2d4851a1d" relativeResultsDirectory="8fa799d1-7b10-44d8-acde-a38976a3909d" />
    <UnitTestResult executionId="b972d428-14f8-48ce-97d1-0ae654052118" testId="f9f74b79-cea9-65cc-b4bd-68b4ed9d0743" testName="xUnitTestProject.CurrencyHelperTests.FormatToStringTest100(price: 24957.469502810607, expected: &quot;24957.47 zł&quot;)" computerName="DESKTOP-5URQ9PB" duration="00:00:00.0000063" startTime="2022-06-13T20:52:58.1813017+02:00" endTime="2022-06-13T20:52:58.1813018+02:00" testType="13cdc9d9-ddb5-4fa4-a97d-d965ccfc6d4b" outcome="Passed" testListId="8c84fa94-04c1-424b-9868-57a2d4851a1d" relativeResultsDirectory="b972d428-14f8-48ce-97d1-0ae654052118" />
    <UnitTestResult executionId="fbdca3e6-3fd6-4e03-a235-5155c11dd3d8" testId="fb32513a-ed20-1e61-8c8f-5e74dc95816c" testName="xUnitTestProject.CurrencyHelperTests.FormatToStringTest100(price: 286.92120604539343, expected: &quot;286.92 zł&quot;)" computerName="DESKTOP-5URQ9PB" duration="00:00:00.0000100" startTime="2022-06-13T20:52:58.1836025+02:00" endTime="2022-06-13T20:52:58.1836027+02:00" testType="13cdc9d9-ddb5-4fa4-a97d-d965ccfc6d4b" outcome="Passed" testListId="8c84fa94-04c1-424b-9868-57a2d4851a1d" relativeResultsDirectory="fbdca3e6-3fd6-4e03-a235-5155c11dd3d8" />
    <UnitTestResult executionId="54387dd9-0ed2-4e7b-85d1-a96cd01bd0d4" testId="571d5971-1ee5-2e96-a2c2-f9965b0b3623" testName="xUnitTestProject.CurrencyHelperTests.FormatToStringTest100(price: 7594.279030504766, expected: &quot;7594.28 zł&quot;)" computerName="DESKTOP-5URQ9PB" duration="00:00:00.0000059" startTime="2022-06-13T20:52:58.1929503+02:00" endTime="2022-06-13T20:52:58.1929511+02:00" testType="13cdc9d9-ddb5-4fa4-a97d-d965ccfc6d4b" outcome="Passed" testListId="8c84fa94-04c1-424b-9868-57a2d4851a1d" relativeResultsDirectory="54387dd9-0ed2-4e7b-85d1-a96cd01bd0d4" />
    <UnitTestResult executionId="736a2941-83e8-4fb1-a616-87b49c108747" testId="67a2e17d-2e99-1573-e414-664dc3a5daec" testName="xUnitTestProject.CurrencyHelperTests.FormatToStringTest100(price: 45035.160883881224, expected: &quot;45035.16 zł&quot;)" computerName="DESKTOP-5URQ9PB" duration="00:00:00.0000070" startTime="2022-06-13T20:52:58.1712046+02:00" endTime="2022-06-13T20:52:58.1712048+02:00" testType="13cdc9d9-ddb5-4fa4-a97d-d965ccfc6d4b" outcome="Passed" testListId="8c84fa94-04c1-424b-9868-57a2d4851a1d" relativeResultsDirectory="736a2941-83e8-4fb1-a616-87b49c108747" />
    <UnitTestResult executionId="a46605b4-17e5-4e73-9297-3599c10691dd" testId="541757e5-f479-f33d-0381-b6dbdace2afb" testName="xUnitTestProject.CurrencyHelperTests.FormatToStringTest100(price: 27050.586848031067, expected: &quot;27050.59 zł&quot;)" computerName="DESKTOP-5URQ9PB" duration="00:00:00.0000045" startTime="2022-06-13T20:52:58.1810603+02:00" endTime="2022-06-13T20:52:58.1810604+02:00" testType="13cdc9d9-ddb5-4fa4-a97d-d965ccfc6d4b" outcome="Passed" testListId="8c84fa94-04c1-424b-9868-57a2d4851a1d" relativeResultsDirectory="a46605b4-17e5-4e73-9297-3599c10691dd" />
    <UnitTestResult executionId="b5f533ea-4e73-4a09-8a23-b8d70229caf7" testId="60df436e-3029-21a3-1c5e-f7dac0d4c1de" testName="xUnitTestProject.CurrencyHelperTests.FormatToStringTest100(price: 64210.358316209335, expected: &quot;64210.36 zł&quot;)" computerName="DESKTOP-5URQ9PB" duration="00:00:00.0000045" startTime="2022-06-13T20:52:58.1849320+02:00" endTime="2022-06-13T20:52:58.1849322+02:00" testType="13cdc9d9-ddb5-4fa4-a97d-d965ccfc6d4b" outcome="Passed" testListId="8c84fa94-04c1-424b-9868-57a2d4851a1d" relativeResultsDirectory="b5f533ea-4e73-4a09-8a23-b8d70229caf7" />
    <UnitTestResult executionId="7988ef89-ffe8-4bd2-b30e-05b98fbc17a8" testId="b06b7483-d7a9-8983-7acb-83b99a3a9375" testName="xUnitTestProject.CurrencyHelperTests.FormatToStringTest100(price: 20244.692955315437, expected: &quot;20244.69 zł&quot;)" computerName="DESKTOP-5URQ9PB" duration="00:00:00.0000043" startTime="2022-06-13T20:52:58.1874232+02:00" endTime="2022-06-13T20:52:58.1874235+02:00" testType="13cdc9d9-ddb5-4fa4-a97d-d965ccfc6d4b" outcome="Passed" testListId="8c84fa94-04c1-424b-9868-57a2d4851a1d" relativeResultsDirectory="7988ef89-ffe8-4bd2-b30e-05b98fbc17a8" />
    <UnitTestResult executionId="e399a2e5-78fd-478e-a608-919a8a021d2a" testId="0f154440-ee39-dfa0-38c3-2b0334e011dd" testName="xUnitTestProject.CurrencyHelperTests.FormatToStringTest100(price: 6809.40195803037, expected: &quot;6809.40 zł&quot;)" computerName="DESKTOP-5URQ9PB" duration="00:00:00.0000044" startTime="2022-06-13T20:52:58.1872584+02:00" endTime="2022-06-13T20:52:58.1872586+02:00" testType="13cdc9d9-ddb5-4fa4-a97d-d965ccfc6d4b" outcome="Passed" testListId="8c84fa94-04c1-424b-9868-57a2d4851a1d" relativeResultsDirectory="e399a2e5-78fd-478e-a608-919a8a021d2a" />
    <UnitTestResult executionId="b4c817e1-9693-4748-8495-99f307d03415" testId="33f107c2-ab0d-ae03-80da-536fe345a886" testName="xUnitTestProject.CurrencyHelperTests.FormatToStringTest100(price: 21961.272673999552, expected: &quot;21961.27 zł&quot;)" computerName="DESKTOP-5URQ9PB" duration="00:00:00.0000051" startTime="2022-06-13T20:52:58.1871293+02:00" endTime="2022-06-13T20:52:58.1871298+02:00" testType="13cdc9d9-ddb5-4fa4-a97d-d965ccfc6d4b" outcome="Passed" testListId="8c84fa94-04c1-424b-9868-57a2d4851a1d" relativeResultsDirectory="b4c817e1-9693-4748-8495-99f307d03415" />
    <UnitTestResult executionId="a744e37f-be3f-4e74-b678-175dc5d9b581" testId="8f7d9f64-63ea-bbc2-2cda-2de4bf0e8d28" testName="xUnitTestProject.CurrencyHelperTests.FormatToStringTest100(price: 918.1842976688334, expected: &quot;918.18 zł&quot;)" computerName="DESKTOP-5URQ9PB" duration="00:00:00.0000046" startTime="2022-06-13T20:52:58.1714094+02:00" endTime="2022-06-13T20:52:58.1714096+02:00" testType="13cdc9d9-ddb5-4fa4-a97d-d965ccfc6d4b" outcome="Passed" testListId="8c84fa94-04c1-424b-9868-57a2d4851a1d" relativeResultsDirectory="a744e37f-be3f-4e74-b678-175dc5d9b581" />
    <UnitTestResult executionId="a95d57e8-7e4e-4ba6-a2b5-69a5834f6e31" testId="c154671c-e246-3280-5d80-165aa2ed0fd0" testName="xUnitTestProject.CurrencyHelperTests.FormatToStringTest100(price: 35145.379208063416, expected: &quot;35145.38 zł&quot;)" computerName="DESKTOP-5URQ9PB" duration="00:00:00.0000043" startTime="2022-06-13T20:52:58.1946542+02:00" endTime="2022-06-13T20:52:58.1946548+02:00" testType="13cdc9d9-ddb5-4fa4-a97d-d965ccfc6d4b" outcome="Passed" testListId="8c84fa94-04c1-424b-9868-57a2d4851a1d" relativeResultsDirectory="a95d57e8-7e4e-4ba6-a2b5-69a5834f6e31" />
    <UnitTestResult executionId="27bc2cdf-1459-4c7e-8b70-c23075161149" testId="2c0a47e8-8ee6-29b4-babb-5a689a07f007" testName="xUnitTestProject.CurrencyHelperTests.FormatToStringTest100(price: 15639.704937780603, expected: &quot;15639.70 zł&quot;)" computerName="DESKTOP-5URQ9PB" duration="00:00:00.0000041" startTime="2022-06-13T20:52:58.1932727+02:00" endTime="2022-06-13T20:52:58.1932730+02:00" testType="13cdc9d9-ddb5-4fa4-a97d-d965ccfc6d4b" outcome="Passed" testListId="8c84fa94-04c1-424b-9868-57a2d4851a1d" relativeResultsDirectory="27bc2cdf-1459-4c7e-8b70-c23075161149" />
    <UnitTestResult executionId="5c752336-88f4-466a-8d0f-db95b7b16234" testId="8b5b6910-6f6f-c9ce-8825-e4185407df85" testName="xUnitTestProject.CurrencyHelperTests.FormatToStringTest100(price: 736.7398243680316, expected: &quot;736.74 zł&quot;)" computerName="DESKTOP-5URQ9PB" duration="00:00:00.0000041" startTime="2022-06-13T20:52:58.1899467+02:00" endTime="2022-06-13T20:52:58.1899470+02:00" testType="13cdc9d9-ddb5-4fa4-a97d-d965ccfc6d4b" outcome="Passed" testListId="8c84fa94-04c1-424b-9868-57a2d4851a1d" relativeResultsDirectory="5c752336-88f4-466a-8d0f-db95b7b16234" />
    <UnitTestResult executionId="d1255870-5acc-4e5d-939a-203e37e619a0" testId="f9cb3c10-b6dc-401f-48ca-7381182b493b" testName="xUnitTestProject.CurrencyHelperTests.FormatToStringTest100(price: 3521.3657738167635, expected: &quot;3521.37 zł&quot;)" computerName="DESKTOP-5URQ9PB" duration="00:00:00.0000063" startTime="2022-06-13T20:52:58.1847216+02:00" endTime="2022-06-13T20:52:58.1847221+02:00" testType="13cdc9d9-ddb5-4fa4-a97d-d965ccfc6d4b" outcome="Passed" testListId="8c84fa94-04c1-424b-9868-57a2d4851a1d" relativeResultsDirectory="d1255870-5acc-4e5d-939a-203e37e619a0" />
    <UnitTestResult executionId="46838264-333d-432d-bca6-b3f2265d6eb5" testId="1dbb93f2-1030-009d-6521-2ea9595c26a6" testName="xUnitTestProject.CurrencyHelperTests.FormatToStringTest100(price: 19541.10539777116, expected: &quot;19541.11 zł&quot;)" computerName="DESKTOP-5URQ9PB" duration="00:00:00.0000043" startTime="2022-06-13T20:52:58.1885732+02:00" endTime="2022-06-13T20:52:58.1885734+02:00" testType="13cdc9d9-ddb5-4fa4-a97d-d965ccfc6d4b" outcome="Passed" testListId="8c84fa94-04c1-424b-9868-57a2d4851a1d" relativeResultsDirectory="46838264-333d-432d-bca6-b3f2265d6eb5" />
    <UnitTestResult executionId="294fbec4-ac1e-480e-9be8-02a077d1fdb2" testId="5a8675de-6b57-6a3b-e014-8c438f537aee" testName="xUnitTestProject.CurrencyHelperTests.FormatToStringTest100(price: 41876.979471482795, expected: &quot;41876.98 zł&quot;)" computerName="DESKTOP-5URQ9PB" duration="00:00:00.0000049" startTime="2022-06-13T20:52:58.1947115+02:00" endTime="2022-06-13T20:52:58.1947117+02:00" testType="13cdc9d9-ddb5-4fa4-a97d-d965ccfc6d4b" outcome="Passed" testListId="8c84fa94-04c1-424b-9868-57a2d4851a1d" relativeResultsDirectory="294fbec4-ac1e-480e-9be8-02a077d1fdb2" />
    <UnitTestResult executionId="9163a16c-2fef-43f4-891e-f71cfa058271" testId="d71fa846-0b3d-650b-0fa7-7de64a8b5692" testName="xUnitTestProject.CurrencyHelperTests.FormatToStringTest100(price: 25990.318498101697, expected: &quot;25990.32 zł&quot;)" computerName="DESKTOP-5URQ9PB" duration="00:00:00.0000046" startTime="2022-06-13T20:52:58.1834739+02:00" endTime="2022-06-13T20:52:58.1834744+02:00" testType="13cdc9d9-ddb5-4fa4-a97d-d965ccfc6d4b" outcome="Passed" testListId="8c84fa94-04c1-424b-9868-57a2d4851a1d" relativeResultsDirectory="9163a16c-2fef-43f4-891e-f71cfa058271" />
    <UnitTestResult executionId="28c4b43c-9efd-40d4-973e-65e4854a4fa4" testId="3ac7c8db-6027-14d9-863b-5141742cb318" testName="xUnitTestProject.CurrencyHelperTests.FormatToStringTest100(price: 159.83786031922224, expected: &quot;159.84 zł&quot;)" computerName="DESKTOP-5URQ9PB" duration="00:00:00.0000069" startTime="2022-06-13T20:52:58.1713172+02:00" endTime="2022-06-13T20:52:58.1713174+02:00" testType="13cdc9d9-ddb5-4fa4-a97d-d965ccfc6d4b" outcome="Passed" testListId="8c84fa94-04c1-424b-9868-57a2d4851a1d" relativeResultsDirectory="28c4b43c-9efd-40d4-973e-65e4854a4fa4" />
    <UnitTestResult executionId="8eb23a81-519c-489a-9496-2a5d33069732" testId="d7778823-4bda-74f0-3f28-6c90759e2c7c" testName="xUnitTestProject.CurrencyHelperTests.FormatToStringTest100(price: 12949.590713378317, expected: &quot;12949.59 zł&quot;)" computerName="DESKTOP-5URQ9PB" duration="00:00:00.0000041" startTime="2022-06-13T20:52:58.1848486+02:00" endTime="2022-06-13T20:52:58.1848487+02:00" testType="13cdc9d9-ddb5-4fa4-a97d-d965ccfc6d4b" outcome="Passed" testListId="8c84fa94-04c1-424b-9868-57a2d4851a1d" relativeResultsDirectory="8eb23a81-519c-489a-9496-2a5d33069732" />
    <UnitTestResult executionId="181a32ad-cc15-479d-b517-01658235fbfa" testId="e3518d76-f67f-2786-4eb3-a849256035ef" testName="xUnitTestProject.CurrencyHelperTests.FormatToStringTest100(price: 58848.60825001477, expected: &quot;58848.61 zł&quot;)" computerName="DESKTOP-5URQ9PB" duration="00:00:00.0000041" startTime="2022-06-13T20:52:58.1887128+02:00" endTime="2022-06-13T20:52:58.1887136+02:00" testType="13cdc9d9-ddb5-4fa4-a97d-d965ccfc6d4b" outcome="Passed" testListId="8c84fa94-04c1-424b-9868-57a2d4851a1d" relativeResultsDirectory="181a32ad-cc15-479d-b517-01658235fbfa" />
    <UnitTestResult executionId="1d18c739-a881-4d86-9118-8f9b9921ba9c" testId="aa846e16-83e3-6a8d-ea1c-cf150206bc05" testName="xUnitTestProject.CurrencyHelperTests.FormatToStringTest100(price: 37589.670531794276, expected: &quot;37589.67 zł&quot;)" computerName="DESKTOP-5URQ9PB" duration="00:00:00.0000043" startTime="2022-06-13T20:52:58.1874622+02:00" endTime="2022-06-13T20:52:58.1874623+02:00" testType="13cdc9d9-ddb5-4fa4-a97d-d965ccfc6d4b" outcome="Passed" testListId="8c84fa94-04c1-424b-9868-57a2d4851a1d" relativeResultsDirectory="1d18c739-a881-4d86-9118-8f9b9921ba9c" />
    <UnitTestResult executionId="8288ce79-14d3-403b-bf46-231d6a5a0021" testId="e2ec08cf-67dd-78b0-72e9-2a2acf351ef6" testName="xUnitTestProject.CurrencyHelperTests.FormatToStringTest100(price: 75350.77330865282, expected: &quot;75350.77 zł&quot;)" computerName="DESKTOP-5URQ9PB" duration="00:00:00.0000043" startTime="2022-06-13T20:52:58.1837774+02:00" endTime="2022-06-13T20:52:58.1837775+02:00" testType="13cdc9d9-ddb5-4fa4-a97d-d965ccfc6d4b" outcome="Passed" testListId="8c84fa94-04c1-424b-9868-57a2d4851a1d" relativeResultsDirectory="8288ce79-14d3-403b-bf46-231d6a5a0021" />
    <UnitTestResult executionId="7b521f51-2467-4493-95eb-40b9f840d614" testId="f1fba880-f684-09f7-700f-be107cba176b" testName="xUnitTestProject.CurrencyHelperTests.FormatToStringTest100(price: 67338.80028760935, expected: &quot;67338.80 zł&quot;)" computerName="DESKTOP-5URQ9PB" duration="00:00:00.0000041" startTime="2022-06-13T20:52:58.1916713+02:00" endTime="2022-06-13T20:52:58.1916717+02:00" testType="13cdc9d9-ddb5-4fa4-a97d-d965ccfc6d4b" outcome="Passed" testListId="8c84fa94-04c1-424b-9868-57a2d4851a1d" relativeResultsDirectory="7b521f51-2467-4493-95eb-40b9f840d614" />
    <UnitTestResult executionId="1508eca2-682c-4591-a9b7-136fa0b2f6bf" testId="2e0c5192-e697-d6bc-f801-978bcb4ec749" testName="xUnitTestProject.CurrencyHelperTests.FormatToStringTest100(price: 8499.121443388574, expected: &quot;8499.12 zł&quot;)" computerName="DESKTOP-5URQ9PB" duration="00:00:00.0000044" startTime="2022-06-13T20:52:58.1837380+02:00" endTime="2022-06-13T20:52:58.1837382+02:00" testType="13cdc9d9-ddb5-4fa4-a97d-d965ccfc6d4b" outcome="Passed" testListId="8c84fa94-04c1-424b-9868-57a2d4851a1d" relativeResultsDirectory="1508eca2-682c-4591-a9b7-136fa0b2f6bf" />
    <UnitTestResult executionId="23ad4b83-103d-49ba-8da0-019620680644" testId="c05fb9c5-7f95-15f9-16c2-7f5bfc2c47e7" testName="xUnitTestProject.CurrencyHelperTests.FormatToStringTest100(price: 78822.37212685234, expected: &quot;78822.37 zł&quot;)" computerName="DESKTOP-5URQ9PB" duration="00:00:00.0000041" startTime="2022-06-13T20:52:58.1886125+02:00" endTime="2022-06-13T20:52:58.1886126+02:00" testType="13cdc9d9-ddb5-4fa4-a97d-d965ccfc6d4b" outcome="Passed" testListId="8c84fa94-04c1-424b-9868-57a2d4851a1d" relativeResultsDirectory="23ad4b83-103d-49ba-8da0-019620680644" />
    <UnitTestResult executionId="b1df2c1f-49ad-4539-8d2f-1f256561d19b" testId="2b46eb58-6e84-4876-9d74-10f782a2b95d" testName="xUnitTestProject.CurrencyHelperTests.FormatToStringTest100(price: 39178.05988345298, expected: &quot;39178.06 zł&quot;)" computerName="DESKTOP-5URQ9PB" duration="00:00:00.0000052" startTime="2022-06-13T20:52:58.1949208+02:00" endTime="2022-06-13T20:52:58.1949212+02:00" testType="13cdc9d9-ddb5-4fa4-a97d-d965ccfc6d4b" outcome="Passed" testListId="8c84fa94-04c1-424b-9868-57a2d4851a1d" relativeResultsDirectory="b1df2c1f-49ad-4539-8d2f-1f256561d19b" />
    <UnitTestResult executionId="883488da-67a4-4329-ad5b-fb8661147c71" testId="ff59583d-5ce7-46c9-0e7b-54c700821ca2" testName="xUnitTestProject.CurrencyHelperTests.FormatToStringTest100(price: 14172.682747822573, expected: &quot;14172.68 zł&quot;)" computerName="DESKTOP-5URQ9PB" duration="00:00:00.0000041" startTime="2022-06-13T20:52:58.1961144+02:00" endTime="2022-06-13T20:52:58.1961150+02:00" testType="13cdc9d9-ddb5-4fa4-a97d-d965ccfc6d4b" outcome="Passed" testListId="8c84fa94-04c1-424b-9868-57a2d4851a1d" relativeResultsDirectory="883488da-67a4-4329-ad5b-fb8661147c71" />
    <UnitTestResult executionId="5c4f0aad-5f30-440e-9ab2-06e5632b98cc" testId="be83c872-b584-ea7d-68ae-387efb4fd62c" testName="xUnitTestProject.CurrencyHelperTests.FormatToStringTest100(price: 86.89546322771136, expected: &quot;86.90 zł&quot;)" computerName="DESKTOP-5URQ9PB" duration="00:00:00.0000041" startTime="2022-06-13T20:52:58.1883704+02:00" endTime="2022-06-13T20:52:58.1883706+02:00" testType="13cdc9d9-ddb5-4fa4-a97d-d965ccfc6d4b" outcome="Passed" testListId="8c84fa94-04c1-424b-9868-57a2d4851a1d" relativeResultsDirectory="5c4f0aad-5f30-440e-9ab2-06e5632b98cc" />
    <UnitTestResult executionId="749e5575-62cd-4e48-ba55-62c0582a3044" testId="b611b239-b1eb-9204-e0e7-5dd83b648e27" testName="xUnitTestProject.CurrencyHelperTests.FormatToStringTest100(price: 79973.08417819678, expected: &quot;79973.08 zł&quot;)" computerName="DESKTOP-5URQ9PB" duration="00:00:00.0000041" startTime="2022-06-13T20:52:58.1902582+02:00" endTime="2022-06-13T20:52:58.1902586+02:00" testType="13cdc9d9-ddb5-4fa4-a97d-d965ccfc6d4b" outcome="Passed" testListId="8c84fa94-04c1-424b-9868-57a2d4851a1d" relativeResultsDirectory="749e5575-62cd-4e48-ba55-62c0582a3044" />
    <UnitTestResult executionId="be25bd09-6958-4da1-a50c-3baf5a801486" testId="49a05d1f-a775-19c0-25af-f3a1e1d16690" testName="xUnitTestProject.CurrencyHelperTests.FormatToStringTest100(price: 32216.686763396807, expected: &quot;32216.69 zł&quot;)" computerName="DESKTOP-5URQ9PB" duration="00:00:00.0000048" startTime="2022-06-13T20:52:58.1712859+02:00" endTime="2022-06-13T20:52:58.1712861+02:00" testType="13cdc9d9-ddb5-4fa4-a97d-d965ccfc6d4b" outcome="Passed" testListId="8c84fa94-04c1-424b-9868-57a2d4851a1d" relativeResultsDirectory="be25bd09-6958-4da1-a50c-3baf5a801486" />
    <UnitTestResult executionId="001fd38b-4e5f-4aca-9027-a18ab746d5ca" testId="266d715f-e5d3-df86-ea76-d35ef7b9d7e0" testName="xUnitTestProject.CurrencyHelperTests.FormatToStringTest100(price: 45603.90324273142, expected: &quot;45603.90 zł&quot;)" computerName="DESKTOP-5URQ9PB" duration="00:00:00.0000043" startTime="2022-06-13T20:52:58.1861807+02:00" endTime="2022-06-13T20:52:58.1861809+02:00" testType="13cdc9d9-ddb5-4fa4-a97d-d965ccfc6d4b" outcome="Passed" testListId="8c84fa94-04c1-424b-9868-57a2d4851a1d" relativeResultsDirectory="001fd38b-4e5f-4aca-9027-a18ab746d5ca" />
    <UnitTestResult executionId="5180099f-5617-4eb9-893c-d32403391beb" testId="010637aa-f4d9-9bdc-374f-aa35642ade2f" testName="xUnitTestProject.CurrencyHelperTests.FormatToStringTest100(price: 69864.17463991146, expected: &quot;69864.17 zł&quot;)" computerName="DESKTOP-5URQ9PB" duration="00:00:00.0000049" startTime="2022-06-13T20:52:58.1835642+02:00" endTime="2022-06-13T20:52:58.1835644+02:00" testType="13cdc9d9-ddb5-4fa4-a97d-d965ccfc6d4b" outcome="Passed" testListId="8c84fa94-04c1-424b-9868-57a2d4851a1d" relativeResultsDirectory="5180099f-5617-4eb9-893c-d32403391beb" />
    <UnitTestResult executionId="d41b8373-d80c-4d09-af02-75a3eb175dc3" testId="5cbd1a54-5566-6c6a-e422-221bbd0a9b56" testName="xUnitTestProject.CurrencyHelperTests.FormatToStringTest100(price: 32218.080508120394, expected: &quot;32218.08 zł&quot;)" computerName="DESKTOP-5URQ9PB" duration="00:00:00.0000043" startTime="2022-06-13T20:52:58.1932180+02:00" endTime="2022-06-13T20:52:58.1932183+02:00" testType="13cdc9d9-ddb5-4fa4-a97d-d965ccfc6d4b" outcome="Passed" testListId="8c84fa94-04c1-424b-9868-57a2d4851a1d" relativeResultsDirectory="d41b8373-d80c-4d09-af02-75a3eb175dc3" />
    <UnitTestResult executionId="073da6c6-93ee-444e-b371-b72e36c86556" testId="f265cc9e-137b-d632-0abc-0be231ad19a3" testName="xUnitTestProject.CurrencyHelperTests.FormatToStringTest100(price: 34096.337879508894, expected: &quot;34096.34 zł&quot;)" computerName="DESKTOP-5URQ9PB" duration="00:00:00.0000041" startTime="2022-06-13T20:52:58.1933753+02:00" endTime="2022-06-13T20:52:58.1933757+02:00" testType="13cdc9d9-ddb5-4fa4-a97d-d965ccfc6d4b" outcome="Passed" testListId="8c84fa94-04c1-424b-9868-57a2d4851a1d" relativeResultsDirectory="073da6c6-93ee-444e-b371-b72e36c86556" />
    <UnitTestResult executionId="561e0c63-3768-497d-9064-acd5ff4b217e" testId="6841efc3-9345-d314-75c2-427f114f051b" testName="xUnitTestProject.CurrencyHelperTests.FormatToStringTest100(price: 31290.71396233687, expected: &quot;31290.71 zł&quot;)" computerName="DESKTOP-5URQ9PB" duration="00:00:00.0000052" startTime="2022-06-13T20:52:58.1810196+02:00" endTime="2022-06-13T20:52:58.1810198+02:00" testType="13cdc9d9-ddb5-4fa4-a97d-d965ccfc6d4b" outcome="Passed" testListId="8c84fa94-04c1-424b-9868-57a2d4851a1d" relativeResultsDirectory="561e0c63-3768-497d-9064-acd5ff4b217e" />
    <UnitTestResult executionId="31eb1636-e286-4255-b4d4-df702d742603" testId="e5d3d46a-1577-bac4-8f03-ab7ff7705a9f" testName="xUnitTestProject.CurrencyHelperTests.FormatToStringTest100(price: 52858.048916166204, expected: &quot;52858.05 zł&quot;)" computerName="DESKTOP-5URQ9PB" duration="00:00:00.0000041" startTime="2022-06-13T20:52:58.1848091+02:00" endTime="2022-06-13T20:52:58.1848093+02:00" testType="13cdc9d9-ddb5-4fa4-a97d-d965ccfc6d4b" outcome="Passed" testListId="8c84fa94-04c1-424b-9868-57a2d4851a1d" relativeResultsDirectory="31eb1636-e286-4255-b4d4-df702d742603" />
    <UnitTestResult executionId="fdbbb195-1689-418f-b976-06395ef2f5f1" testId="afb9fcf3-f392-dcf0-c2e9-6922ff45e46f" testName="xUnitTestProject.CurrencyHelperTests.FormatToStringTest100(price: 740.3213011405064, expected: &quot;740.32 zł&quot;)" computerName="DESKTOP-5URQ9PB" duration="00:00:00.0000041" startTime="2022-06-13T20:52:58.1862199+02:00" endTime="2022-06-13T20:52:58.1862201+02:00" testType="13cdc9d9-ddb5-4fa4-a97d-d965ccfc6d4b" outcome="Passed" testListId="8c84fa94-04c1-424b-9868-57a2d4851a1d" relativeResultsDirectory="fdbbb195-1689-418f-b976-06395ef2f5f1" />
    <UnitTestResult executionId="186b1004-a43f-47b0-999c-0a769ba27bdf" testId="eddb088f-c107-aeac-fa0d-87b3c14eed53" testName="xUnitTestProject.CurrencyHelperTests.FormatToStringTest100(price: 1614.2516601789982, expected: &quot;1614.25 zł&quot;)" computerName="DESKTOP-5URQ9PB" duration="00:00:00.0000041" startTime="2022-06-13T20:52:58.1859331+02:00" endTime="2022-06-13T20:52:58.1859335+02:00" testType="13cdc9d9-ddb5-4fa4-a97d-d965ccfc6d4b" outcome="Passed" testListId="8c84fa94-04c1-424b-9868-57a2d4851a1d" relativeResultsDirectory="186b1004-a43f-47b0-999c-0a769ba27bdf" />
    <UnitTestResult executionId="e15031e4-4996-4d6e-a037-58eb537b719b" testId="4c412e3e-e553-0928-365f-424e47169018" testName="xUnitTestProject.CurrencyHelperTests.FormatToStringTest100(price: 9816.961298880615, expected: &quot;9816.96 zł&quot;)" computerName="DESKTOP-5URQ9PB" duration="00:00:00.0000043" startTime="2022-06-13T20:52:58.1914493+02:00" endTime="2022-06-13T20:52:58.1914495+02:00" testType="13cdc9d9-ddb5-4fa4-a97d-d965ccfc6d4b" outcome="Passed" testListId="8c84fa94-04c1-424b-9868-57a2d4851a1d" relativeResultsDirectory="e15031e4-4996-4d6e-a037-58eb537b719b" />
    <UnitTestResult executionId="b3d0385c-1884-4db3-b236-322d6fe877ee" testId="d47953b3-b855-d065-3ee0-ac12db86be39" testName="xUnitTestProject.CurrencyHelperTests.FormatToStringTest100(price: 35784.54232617307, expected: &quot;35784.54 zł&quot;)" computerName="DESKTOP-5URQ9PB" duration="00:00:00.0000040" startTime="2022-06-13T20:52:58.1883242+02:00" endTime="2022-06-13T20:52:58.1883247+02:00" testType="13cdc9d9-ddb5-4fa4-a97d-d965ccfc6d4b" outcome="Passed" testListId="8c84fa94-04c1-424b-9868-57a2d4851a1d" relativeResultsDirectory="b3d0385c-1884-4db3-b236-322d6fe877ee" />
    <UnitTestResult executionId="e26ac76e-4317-441f-b03d-c51a9765c23e" testId="4b242f0c-9170-3330-c57e-f3c12dfe43da" testName="xUnitTestProject.CurrencyHelperTests.FormatToStringTest100(price: 28502.61128259758, expected: &quot;28502.61 zł&quot;)" computerName="DESKTOP-5URQ9PB" duration="00:00:00.0000041" startTime="2022-06-13T20:52:58.1947608+02:00" endTime="2022-06-13T20:52:58.1947612+02:00" testType="13cdc9d9-ddb5-4fa4-a97d-d965ccfc6d4b" outcome="Passed" testListId="8c84fa94-04c1-424b-9868-57a2d4851a1d" relativeResultsDirectory="e26ac76e-4317-441f-b03d-c51a9765c23e" />
    <UnitTestResult executionId="c8902932-34b2-4d2a-b51c-484dba4e5c3c" testId="84d5048a-7b2f-9b60-257e-0daa5848d93c" testName="xUnitTestProject.CurrencyHelperTests.FormatToStringTest100(price: 31300.40752580967, expected: &quot;31300.41 zł&quot;)" computerName="DESKTOP-5URQ9PB" duration="00:00:00.0000041" startTime="2022-06-13T20:52:58.1849758+02:00" endTime="2022-06-13T20:52:58.1849761+02:00" testType="13cdc9d9-ddb5-4fa4-a97d-d965ccfc6d4b" outcome="Passed" testListId="8c84fa94-04c1-424b-9868-57a2d4851a1d" relativeResultsDirectory="c8902932-34b2-4d2a-b51c-484dba4e5c3c" />
    <UnitTestResult executionId="308424eb-0136-4757-9d7e-889eadeca7e3" testId="3bb4baee-0ac4-fa1e-e791-31ce6ef2b58b" testName="xUnitTestProject.CurrencyHelperTests.FormatToStringTest100(price: 28192.949128067565, expected: &quot;28192.95 zł&quot;)" computerName="DESKTOP-5URQ9PB" duration="00:00:00.0000041" startTime="2022-06-13T20:52:58.1917748+02:00" endTime="2022-06-13T20:52:58.1917752+02:00" testType="13cdc9d9-ddb5-4fa4-a97d-d965ccfc6d4b" outcome="Passed" testListId="8c84fa94-04c1-424b-9868-57a2d4851a1d" relativeResultsDirectory="308424eb-0136-4757-9d7e-889eadeca7e3" />
    <UnitTestResult executionId="e1d21d7a-a915-41fe-b3ff-56ce15b3c5d7" testId="43a8ab94-a343-e6fd-9ae1-7ad0c6ee6431" testName="xUnitTestProject.CurrencyHelperTests.FormatToStringTest100(price: 62975.496334776515, expected: &quot;62975.50 zł&quot;)" computerName="DESKTOP-5URQ9PB" duration="00:00:00.0000047" startTime="2022-06-13T20:52:58.1884521+02:00" endTime="2022-06-13T20:52:58.1884524+02:00" testType="13cdc9d9-ddb5-4fa4-a97d-d965ccfc6d4b" outcome="Passed" testListId="8c84fa94-04c1-424b-9868-57a2d4851a1d" relativeResultsDirectory="e1d21d7a-a915-41fe-b3ff-56ce15b3c5d7" />
    <UnitTestResult executionId="e75a9746-c561-4f5f-ad47-b0847abc4df5" testId="77be9760-e130-8956-fbc4-11e64213b336" testName="xUnitTestProject.CurrencyHelperTests.FormatToStringTest100(price: 14237.13226245955, expected: &quot;14237.13 zł&quot;)" computerName="DESKTOP-5URQ9PB" duration="00:00:00.0000044" startTime="2022-06-13T20:52:58.1884924+02:00" endTime="2022-06-13T20:52:58.1884926+02:00" testType="13cdc9d9-ddb5-4fa4-a97d-d965ccfc6d4b" outcome="Passed" testListId="8c84fa94-04c1-424b-9868-57a2d4851a1d" relativeResultsDirectory="e75a9746-c561-4f5f-ad47-b0847abc4df5" />
    <UnitTestResult executionId="20fdeebc-0a88-4321-be3e-d109cac89f57" testId="3321cd65-ef8c-d2ee-7a10-5262976081ff" testName="xUnitTestProject.CurrencyHelperTests.FormatToStringTest100(price: 5396.620088554277, expected: &quot;5396.62 zł&quot;)" computerName="DESKTOP-5URQ9PB" duration="00:00:00.0000049" startTime="2022-06-13T20:52:58.1713489+02:00" endTime="2022-06-13T20:52:58.1713491+02:00" testType="13cdc9d9-ddb5-4fa4-a97d-d965ccfc6d4b" outcome="Passed" testListId="8c84fa94-04c1-424b-9868-57a2d4851a1d" relativeResultsDirectory="20fdeebc-0a88-4321-be3e-d109cac89f57" />
    <UnitTestResult executionId="7222d01d-eff4-4583-a93d-4128ab5d1312" testId="14bf6b28-24d9-64d3-e241-ed045f113c3f" testName="xUnitTestProject.CurrencyHelperTests.FormatToStringTest100(price: 16986.338876065027, expected: &quot;16986.34 zł&quot;)" computerName="DESKTOP-5URQ9PB" duration="00:00:00.0000048" startTime="2022-06-13T20:52:58.1811802+02:00" endTime="2022-06-13T20:52:58.1811803+02:00" testType="13cdc9d9-ddb5-4fa4-a97d-d965ccfc6d4b" outcome="Passed" testListId="8c84fa94-04c1-424b-9868-57a2d4851a1d" relativeResultsDirectory="7222d01d-eff4-4583-a93d-4128ab5d1312" />
    <UnitTestResult executionId="38c12747-e7f9-4005-93d7-810b1076ca57" testId="0bf4b77c-c3da-f3e0-15d0-aa3788b09ed0" testName="xUnitTestProject.CurrencyHelperTests.FormatToStringTest100(price: 17953.338243749615, expected: &quot;17953.34 zł&quot;)" computerName="DESKTOP-5URQ9PB" duration="00:00:00.0000041" startTime="2022-06-13T20:52:58.1901029+02:00" endTime="2022-06-13T20:52:58.1901031+02:00" testType="13cdc9d9-ddb5-4fa4-a97d-d965ccfc6d4b" outcome="Passed" testListId="8c84fa94-04c1-424b-9868-57a2d4851a1d" relativeResultsDirectory="38c12747-e7f9-4005-93d7-810b1076ca57" />
    <UnitTestResult executionId="2d8d3423-8c14-4efc-a956-a12eb300d5b8" testId="50ea2bcc-2c4a-f936-b10c-5e627f71076d" testName="xUnitTestProject.CurrencyHelperTests.FormatToStringTest100(price: 6890.028458985514, expected: &quot;6890.03 zł&quot;)" computerName="DESKTOP-5URQ9PB" duration="00:00:00.0000043" startTime="2022-06-13T20:52:58.1871728+02:00" endTime="2022-06-13T20:52:58.1871730+02:00" testType="13cdc9d9-ddb5-4fa4-a97d-d965ccfc6d4b" outcome="Passed" testListId="8c84fa94-04c1-424b-9868-57a2d4851a1d" relativeResultsDirectory="2d8d3423-8c14-4efc-a956-a12eb300d5b8" />
    <UnitTestResult executionId="1577b571-2423-4d49-8758-f4661ae8424d" testId="ac0c8e8e-94ce-f433-7c74-70876edf6736" testName="xUnitTestProject.CurrencyHelperTests.FormatToStringTest100(price: 10914.360814625099, expected: &quot;10914.36 zł&quot;)" computerName="DESKTOP-5URQ9PB" duration="00:00:00.0000045" startTime="2022-06-13T20:52:58.1811011+02:00" endTime="2022-06-13T20:52:58.1811013+02:00" testType="13cdc9d9-ddb5-4fa4-a97d-d965ccfc6d4b" outcome="Passed" testListId="8c84fa94-04c1-424b-9868-57a2d4851a1d" relativeResultsDirectory="1577b571-2423-4d49-8758-f4661ae8424d" />
    <UnitTestResult executionId="69002768-fd88-49e1-8093-47c6cafadca0" testId="289f0d26-9b3d-b24d-21a5-381b61257aa2" testName="xUnitTestProject.CurrencyHelperTests.FormatToStringTest100(price: 2292.8331871111104, expected: &quot;2292.83 zł&quot;)" computerName="DESKTOP-5URQ9PB" duration="00:00:00.0000041" startTime="2022-06-13T20:52:58.1948672+02:00" endTime="2022-06-13T20:52:58.1948675+02:00" testType="13cdc9d9-ddb5-4fa4-a97d-d965ccfc6d4b" outcome="Passed" testListId="8c84fa94-04c1-424b-9868-57a2d4851a1d" relativeResultsDirectory="69002768-fd88-49e1-8093-47c6cafadca0" />
    <UnitTestResult executionId="5394453a-81d9-4a6c-a29d-4ff882944abb" testId="ae4dd41d-98b4-3a18-47fe-168d75b24553" testName="xUnitTestProject.CurrencyHelperTests.FormatToStringTest100(price: 15566.957545477411, expected: &quot;15566.96 zł&quot;)" computerName="DESKTOP-5URQ9PB" duration="00:00:00.0000045" startTime="2022-06-13T20:52:58.1836961+02:00" endTime="2022-06-13T20:52:58.1836963+02:00" testType="13cdc9d9-ddb5-4fa4-a97d-d965ccfc6d4b" outcome="Passed" testListId="8c84fa94-04c1-424b-9868-57a2d4851a1d" relativeResultsDirectory="5394453a-81d9-4a6c-a29d-4ff882944abb" />
    <UnitTestResult executionId="b72ef550-d5c6-4c68-ad3a-dc7f82dbe01d" testId="5be8086d-757f-607e-3916-e3fc3a32dab6" testName="xUnitTestProject.CurrencyHelperTests.FormatToStringTest100(price: 726.8087564975995, expected: &quot;726.81 zł&quot;)" computerName="DESKTOP-5URQ9PB" duration="00:00:00.0000041" startTime="2022-06-13T20:52:58.1917217+02:00" endTime="2022-06-13T20:52:58.1917220+02:00" testType="13cdc9d9-ddb5-4fa4-a97d-d965ccfc6d4b" outcome="Passed" testListId="8c84fa94-04c1-424b-9868-57a2d4851a1d" relativeResultsDirectory="b72ef550-d5c6-4c68-ad3a-dc7f82dbe01d" />
  </Results>
  <TestDefinitions>
    <UnitTest name="xUnitTestProject.CurrencyHelperTests.FormatToStringTest100(price: 25990.318498101697, expected: &quot;25990.32 zł&quot;)" storage="c:\projekty\xunittestproject\bin\debug\netcoreapp3.1\xunittestproject.dll" id="d71fa846-0b3d-650b-0fa7-7de64a8b5692">
      <Execution id="9163a16c-2fef-43f4-891e-f71cfa058271" />
      <TestMethod codeBase="C:\Projekty\xUnitTestProject\bin\Debug\netcoreapp3.1\xUnitTestProject.dll" adapterTypeName="executor://xunit/VsTestRunner2/netcoreapp" className="xUnitTestProject.CurrencyHelperTests" name="FormatToStringTest100" />
    </UnitTest>
    <UnitTest name="xUnitTestProject.CurrencyHelperTests.FormatToStringTest100(price: 736.7398243680316, expected: &quot;736.74 zł&quot;)" storage="c:\projekty\xunittestproject\bin\debug\netcoreapp3.1\xunittestproject.dll" id="8b5b6910-6f6f-c9ce-8825-e4185407df85">
      <Execution id="5c752336-88f4-466a-8d0f-db95b7b16234" />
      <TestMethod codeBase="C:\Projekty\xUnitTestProject\bin\Debug\netcoreapp3.1\xUnitTestProject.dll" adapterTypeName="executor://xunit/VsTestRunner2/netcoreapp" className="xUnitTestProject.CurrencyHelperTests" name="FormatToStringTest100" />
    </UnitTest>
    <UnitTest name="xUnitTestProject.CurrencyHelperTests.FormatToStringTest100(price: 96.75594581512546, expected: &quot;96.76 zł&quot;)" storage="c:\projekty\xunittestproject\bin\debug\netcoreapp3.1\xunittestproject.dll" id="acd09137-eecd-d983-95fe-20aa284c3f97">
      <Execution id="a5607be0-ba0f-4387-8d95-2928e92c5837" />
      <TestMethod codeBase="C:\Projekty\xUnitTestProject\bin\Debug\netcoreapp3.1\xUnitTestProject.dll" adapterTypeName="executor://xunit/VsTestRunner2/netcoreapp" className="xUnitTestProject.CurrencyHelperTests" name="FormatToStringTest100" />
    </UnitTest>
    <UnitTest name="xUnitTestProject.CurrencyHelperTests.FormatToStringTest100(price: 46898.00219497783, expected: &quot;46898.00 zł&quot;)" storage="c:\projekty\xunittestproject\bin\debug\netcoreapp3.1\xunittestproject.dll" id="b309356a-1568-0ab7-98a5-a111bb0bc5a1">
      <Execution id="ac72da0a-f3d0-42cb-9c77-26bda8acf36b" />
      <TestMethod codeBase="C:\Projekty\xUnitTestProject\bin\Debug\netcoreapp3.1\xUnitTestProject.dll" adapterTypeName="executor://xunit/VsTestRunner2/netcoreapp" className="xUnitTestProject.CurrencyHelperTests" name="FormatToStringTest100" />
    </UnitTest>
    <UnitTest name="xUnitTestProject.CurrencyHelperTests.FormatToStringTest100(price: 26515.80237687929, expected: &quot;26515.80 zł&quot;)" storage="c:\projekty\xunittestproject\bin\debug\netcoreapp3.1\xunittestproject.dll" id="1683c1a4-48ae-f0a9-f8fb-441cbed69b7e">
      <Execution id="5d661073-d6ea-4553-84a5-a25b3e7fad00" />
      <TestMethod codeBase="C:\Projekty\xUnitTestProject\bin\Debug\netcoreapp3.1\xUnitTestProject.dll" adapterTypeName="executor://xunit/VsTestRunner2/netcoreapp" className="xUnitTestProject.CurrencyHelperTests" name="FormatToStringTest100" />
    </UnitTest>
    <UnitTest name="xUnitTestProject.CurrencyHelperTests.FormatToStringTest100(price: 1741.3334432818617, expected: &quot;1741.33 zł&quot;)" storage="c:\projekty\xunittestproject\bin\debug\netcoreapp3.1\xunittestproject.dll" id="9e65b83c-d062-a995-788e-1f867295fc3e">
      <Execution id="8fa799d1-7b10-44d8-acde-a38976a3909d" />
      <TestMethod codeBase="C:\Projekty\xUnitTestProject\bin\Debug\netcoreapp3.1\xUnitTestProject.dll" adapterTypeName="executor://xunit/VsTestRunner2/netcoreapp" className="xUnitTestProject.CurrencyHelperTests" name="FormatToStringTest100" />
    </UnitTest>
    <UnitTest name="xUnitTestProject.CurrencyHelperTests.FormatToStringTest100(price: 64210.358316209335, expected: &quot;64210.36 zł&quot;)" storage="c:\projekty\xunittestproject\bin\debug\netcoreapp3.1\xunittestproject.dll" id="60df436e-3029-21a3-1c5e-f7dac0d4c1de">
      <Execution id="b5f533ea-4e73-4a09-8a23-b8d70229caf7" />
      <TestMethod codeBase="C:\Projekty\xUnitTestProject\bin\Debug\netcoreapp3.1\xUnitTestProject.dll" adapterTypeName="executor://xunit/VsTestRunner2/netcoreapp" className="xUnitTestProject.CurrencyHelperTests" name="FormatToStringTest100" />
    </UnitTest>
    <UnitTest name="xUnitTestProject.CurrencyHelperTests.FormatToStringTest100(price: 1108.7197928823157, expected: &quot;1108.72 zł&quot;)" storage="c:\projekty\xunittestproject\bin\debug\netcoreapp3.1\xunittestproject.dll" id="bc595dee-6f3e-e241-694d-ba68ac66ab16">
      <Execution id="b4103d26-ab17-44d7-9056-5d1d9c485627" />
      <TestMethod codeBase="C:\Projekty\xUnitTestProject\bin\Debug\netcoreapp3.1\xUnitTestProject.dll" adapterTypeName="executor://xunit/VsTestRunner2/netcoreapp" className="xUnitTestProject.CurrencyHelperTests" name="FormatToStringTest100" />
    </UnitTest>
    <UnitTest name="xUnitTestProject.CurrencyHelperTests.FormatToStringTest100(price: 740.3213011405064, expected: &quot;740.32 zł&quot;)" storage="c:\projekty\xunittestproject\bin\debug\netcoreapp3.1\xunittestproject.dll" id="afb9fcf3-f392-dcf0-c2e9-6922ff45e46f">
      <Execution id="fdbbb195-1689-418f-b976-06395ef2f5f1" />
      <TestMethod codeBase="C:\Projekty\xUnitTestProject\bin\Debug\netcoreapp3.1\xUnitTestProject.dll" adapterTypeName="executor://xunit/VsTestRunner2/netcoreapp" className="xUnitTestProject.CurrencyHelperTests" name="FormatToStringTest100" />
    </UnitTest>
    <UnitTest name="xUnitTestProject.CurrencyHelperTests.FormatToStringTest100(price: 77904.0088552246, expected: &quot;77904.01 zł&quot;)" storage="c:\projekty\xunittestproject\bin\debug\netcoreapp3.1\xunittestproject.dll" id="7c8e7438-e86b-d1a6-214d-a8d6be86bec7">
      <Execution id="c15d5936-84b3-46cb-bb80-a62cfd198037" />
      <TestMethod codeBase="C:\Projekty\xUnitTestProject\bin\Debug\netcoreapp3.1\xUnitTestProject.dll" adapterTypeName="executor://xunit/VsTestRunner2/netcoreapp" className="xUnitTestProject.CurrencyHelperTests" name="FormatToStringTest100" />
    </UnitTest>
    <UnitTest name="xUnitTestProject.CurrencyHelperTests.FormatToStringTest100(price: 52810.91713865516, expected: &quot;52810.92 zł&quot;)" storage="c:\projekty\xunittestproject\bin\debug\netcoreapp3.1\xunittestproject.dll" id="d073a14a-1a05-55ae-e697-84b172175337">
      <Execution id="066d4fb0-81eb-429b-9c4b-2ad2336e676d" />
      <TestMethod codeBase="C:\Projekty\xUnitTestProject\bin\Debug\netcoreapp3.1\xUnitTestProject.dll" adapterTypeName="executor://xunit/VsTestRunner2/netcoreapp" className="xUnitTestProject.CurrencyHelperTests" name="FormatToStringTest100" />
    </UnitTest>
    <UnitTest name="xUnitTestProject.CurrencyHelperTests.FormatToStringTest100(price: 10914.360814625099, expected: &quot;10914.36 zł&quot;)" storage="c:\projekty\xunittestproject\bin\debug\netcoreapp3.1\xunittestproject.dll" id="ac0c8e8e-94ce-f433-7c74-70876edf6736">
      <Execution id="1577b571-2423-4d49-8758-f4661ae8424d" />
      <TestMethod codeBase="C:\Projekty\xUnitTestProject\bin\Debug\netcoreapp3.1\xUnitTestProject.dll" adapterTypeName="executor://xunit/VsTestRunner2/netcoreapp" className="xUnitTestProject.CurrencyHelperTests" name="FormatToStringTest100" />
    </UnitTest>
    <UnitTest name="xUnitTestProject.CurrencyHelperTests.FormatToStringTest100(price: 79973.08417819678, expected: &quot;79973.08 zł&quot;)" storage="c:\projekty\xunittestproject\bin\debug\netcoreapp3.1\xunittestproject.dll" id="b611b239-b1eb-9204-e0e7-5dd83b648e27">
      <Execution id="749e5575-62cd-4e48-ba55-62c0582a3044" />
      <TestMethod codeBase="C:\Projekty\xUnitTestProject\bin\Debug\netcoreapp3.1\xUnitTestProject.dll" adapterTypeName="executor://xunit/VsTestRunner2/netcoreapp" className="xUnitTestProject.CurrencyHelperTests" name="FormatToStringTest100" />
    </UnitTest>
    <UnitTest name="xUnitTestProject.CurrencyHelperTests.FormatToStringTest100(price: 50339.31259969497, expected: &quot;50339.31 zł&quot;)" storage="c:\projekty\xunittestproject\bin\debug\netcoreapp3.1\xunittestproject.dll" id="649e78c8-4417-17eb-ca16-441525722fe8">
      <Execution id="30ac285b-9b90-4bdb-9558-d33f76858be1" />
      <TestMethod codeBase="C:\Projekty\xUnitTestProject\bin\Debug\netcoreapp3.1\xUnitTestProject.dll" adapterTypeName="executor://xunit/VsTestRunner2/netcoreapp" className="xUnitTestProject.CurrencyHelperTests" name="FormatToStringTest100" />
    </UnitTest>
    <UnitTest name="xUnitTestProject.CurrencyHelperTests.FormatToStringTest100(price: 22291.653251342315, expected: &quot;22291.65 zł&quot;)" storage="c:\projekty\xunittestproject\bin\debug\netcoreapp3.1\xunittestproject.dll" id="8b4e8664-15ff-c81e-db88-693c6ea7ece0">
      <Execution id="06382ff7-e922-4459-934c-ecab7918c340" />
      <TestMethod codeBase="C:\Projekty\xUnitTestProject\bin\Debug\netcoreapp3.1\xUnitTestProject.dll" adapterTypeName="executor://xunit/VsTestRunner2/netcoreapp" className="xUnitTestProject.CurrencyHelperTests" name="FormatToStringTest100" />
    </UnitTest>
    <UnitTest name="xUnitTestProject.CurrencyHelperTests.FormatToStringTest100(price: 10784.438152511344, expected: &quot;10784.44 zł&quot;)" storage="c:\projekty\xunittestproject\bin\debug\netcoreapp3.1\xunittestproject.dll" id="c2fcc150-05bf-fac8-cb5b-156769265741">
      <Execution id="79216757-fdc0-434f-8341-2a81961e017c" />
      <TestMethod codeBase="C:\Projekty\xUnitTestProject\bin\Debug\netcoreapp3.1\xUnitTestProject.dll" adapterTypeName="executor://xunit/VsTestRunner2/netcoreapp" className="xUnitTestProject.CurrencyHelperTests" name="FormatToStringTest100" />
    </UnitTest>
    <UnitTest name="xUnitTestProject.CurrencyHelperTests.FormatToStringTest100(price: 67338.80028760935, expected: &quot;67338.80 zł&quot;)" storage="c:\projekty\xunittestproject\bin\debug\netcoreapp3.1\xunittestproject.dll" id="f1fba880-f684-09f7-700f-be107cba176b">
      <Execution id="7b521f51-2467-4493-95eb-40b9f840d614" />
      <TestMethod codeBase="C:\Projekty\xUnitTestProject\bin\Debug\netcoreapp3.1\xUnitTestProject.dll" adapterTypeName="executor://xunit/VsTestRunner2/netcoreapp" className="xUnitTestProject.CurrencyHelperTests" name="FormatToStringTest100" />
    </UnitTest>
    <UnitTest name="xUnitTestProject.CurrencyHelperTests.FormatToStringTest100(price: 159.83786031922224, expected: &quot;159.84 zł&quot;)" storage="c:\projekty\xunittestproject\bin\debug\netcoreapp3.1\xunittestproject.dll" id="3ac7c8db-6027-14d9-863b-5141742cb318">
      <Execution id="28c4b43c-9efd-40d4-973e-65e4854a4fa4" />
      <TestMethod codeBase="C:\Projekty\xUnitTestProject\bin\Debug\netcoreapp3.1\xUnitTestProject.dll" adapterTypeName="executor://xunit/VsTestRunner2/netcoreapp" className="xUnitTestProject.CurrencyHelperTests" name="FormatToStringTest100" />
    </UnitTest>
    <UnitTest name="xUnitTestProject.CurrencyHelperTests.FormatToStringTest100(price: 15566.957545477411, expected: &quot;15566.96 zł&quot;)" storage="c:\projekty\xunittestproject\bin\debug\netcoreapp3.1\xunittestproject.dll" id="ae4dd41d-98b4-3a18-47fe-168d75b24553">
      <Execution id="5394453a-81d9-4a6c-a29d-4ff882944abb" />
      <TestMethod codeBase="C:\Projekty\xUnitTestProject\bin\Debug\netcoreapp3.1\xUnitTestProject.dll" adapterTypeName="executor://xunit/VsTestRunner2/netcoreapp" className="xUnitTestProject.CurrencyHelperTests" name="FormatToStringTest100" />
    </UnitTest>
    <UnitTest name="xUnitTestProject.CurrencyHelperTests.FormatToStringTest100(price: 10268.547802396373, expected: &quot;10268.55 zł&quot;)" storage="c:\projekty\xunittestproject\bin\debug\netcoreapp3.1\xunittestproject.dll" id="ec952d1c-d4b8-4514-2b06-3c5983e68faa">
      <Execution id="ad48234b-4dc3-4818-b0d1-e7bbd6d08020" />
      <TestMethod codeBase="C:\Projekty\xUnitTestProject\bin\Debug\netcoreapp3.1\xUnitTestProject.dll" adapterTypeName="executor://xunit/VsTestRunner2/netcoreapp" className="xUnitTestProject.CurrencyHelperTests" name="FormatToStringTest100" />
    </UnitTest>
    <UnitTest name="xUnitTestProject.CurrencyHelperTests.FormatToStringTest100(price: 18990.72499258012, expected: &quot;18990.72 zł&quot;)" storage="c:\projekty\xunittestproject\bin\debug\netcoreapp3.1\xunittestproject.dll" id="7a7c5696-e868-4bc5-0840-551dde71b5f9">
      <Execution id="8c999d0b-280b-43d3-a608-e0e7f4ffe679" />
      <TestMethod codeBase="C:\Projekty\xUnitTestProject\bin\Debug\netcoreapp3.1\xUnitTestProject.dll" adapterTypeName="executor://xunit/VsTestRunner2/netcoreapp" className="xUnitTestProject.CurrencyHelperTests" name="FormatToStringTest100" />
    </UnitTest>
    <UnitTest name="xUnitTestProject.CurrencyHelperTests.FormatToStringTest100(price: 14237.13226245955, expected: &quot;14237.13 zł&quot;)" storage="c:\projekty\xunittestproject\bin\debug\netcoreapp3.1\xunittestproject.dll" id="77be9760-e130-8956-fbc4-11e64213b336">
      <Execution id="e75a9746-c561-4f5f-ad47-b0847abc4df5" />
      <TestMethod codeBase="C:\Projekty\xUnitTestProject\bin\Debug\netcoreapp3.1\xUnitTestProject.dll" adapterTypeName="executor://xunit/VsTestRunner2/netcoreapp" className="xUnitTestProject.CurrencyHelperTests" name="FormatToStringTest100" />
    </UnitTest>
    <UnitTest name="xUnitTestProject.CurrencyHelperTests.FormatToStringTest100(price: 11912.404131636213, expected: &quot;11912.40 zł&quot;)" storage="c:\projekty\xunittestproject\bin\debug\netcoreapp3.1\xunittestproject.dll" id="f0bb637b-8cf3-7fb0-e10c-0038b91cfed9">
      <Execution id="4f21bbfb-5639-486f-9d92-bbdcda3800fc" />
      <TestMethod codeBase="C:\Projekty\xUnitTestProject\bin\Debug\netcoreapp3.1\xUnitTestProject.dll" adapterTypeName="executor://xunit/VsTestRunner2/netcoreapp" className="xUnitTestProject.CurrencyHelperTests" name="FormatToStringTest100" />
    </UnitTest>
    <UnitTest name="xUnitTestProject.CurrencyHelperTests.FormatToStringTest100(price: 7124.979180760672, expected: &quot;7124.98 zł&quot;)" storage="c:\projekty\xunittestproject\bin\debug\netcoreapp3.1\xunittestproject.dll" id="f910ed82-0c15-5fc2-de25-f9ceba99a963">
      <Execution id="4d9044eb-678d-42e2-b40c-eb81bce69dfc" />
      <TestMethod codeBase="C:\Projekty\xUnitTestProject\bin\Debug\netcoreapp3.1\xUnitTestProject.dll" adapterTypeName="executor://xunit/VsTestRunner2/netcoreapp" className="xUnitTestProject.CurrencyHelperTests" name="FormatToStringTest100" />
    </UnitTest>
    <UnitTest name="xUnitTestProject.CurrencyHelperTests.FormatToStringTest100(price: 317.9090540706688, expected: &quot;317.91 zł&quot;)" storage="c:\projekty\xunittestproject\bin\debug\netcoreapp3.1\xunittestproject.dll" id="4053e7cd-71d6-290b-ba32-3b8047db680a">
      <Execution id="175a530a-fdd3-4cce-977d-cd54aaf5040d" />
      <TestMethod codeBase="C:\Projekty\xUnitTestProject\bin\Debug\netcoreapp3.1\xUnitTestProject.dll" adapterTypeName="executor://xunit/VsTestRunner2/netcoreapp" className="xUnitTestProject.CurrencyHelperTests" name="FormatToStringTest100" />
    </UnitTest>
    <UnitTest name="xUnitTestProject.CurrencyHelperTests.FormatToStringTest100(price: 918.1842976688334, expected: &quot;918.18 zł&quot;)" storage="c:\projekty\xunittestproject\bin\debug\netcoreapp3.1\xunittestproject.dll" id="8f7d9f64-63ea-bbc2-2cda-2de4bf0e8d28">
      <Execution id="a744e37f-be3f-4e74-b678-175dc5d9b581" />
      <TestMethod codeBase="C:\Projekty\xUnitTestProject\bin\Debug\netcoreapp3.1\xUnitTestProject.dll" adapterTypeName="executor://xunit/VsTestRunner2/netcoreapp" className="xUnitTestProject.CurrencyHelperTests" name="FormatToStringTest100" />
    </UnitTest>
    <UnitTest name="xUnitTestProject.CurrencyHelperTests.FormatToStringTest100(price: 28072.424637532058, expected: &quot;28072.42 zł&quot;)" storage="c:\projekty\xunittestproject\bin\debug\netcoreapp3.1\xunittestproject.dll" id="fb2ea2cb-613f-cbc7-6fc7-7097106fa76f">
      <Execution id="cc661ccb-daae-4f72-bde4-a3bad2ee6093" />
      <TestMethod codeBase="C:\Projekty\xUnitTestProject\bin\Debug\netcoreapp3.1\xUnitTestProject.dll" adapterTypeName="executor://xunit/VsTestRunner2/netcoreapp" className="xUnitTestProject.CurrencyHelperTests" name="FormatToStringTest100" />
    </UnitTest>
    <UnitTest name="xUnitTestProject.CurrencyHelperTests.FormatToStringTest100(price: 3521.3657738167635, expected: &quot;3521.37 zł&quot;)" storage="c:\projekty\xunittestproject\bin\debug\netcoreapp3.1\xunittestproject.dll" id="f9cb3c10-b6dc-401f-48ca-7381182b493b">
      <Execution id="d1255870-5acc-4e5d-939a-203e37e619a0" />
      <TestMethod codeBase="C:\Projekty\xUnitTestProject\bin\Debug\netcoreapp3.1\xUnitTestProject.dll" adapterTypeName="executor://xunit/VsTestRunner2/netcoreapp" className="xUnitTestProject.CurrencyHelperTests" name="FormatToStringTest100" />
    </UnitTest>
    <UnitTest name="xUnitTestProject.CurrencyHelperTests.FormatToStringTest100(price: 40857.08543233996, expected: &quot;40857.09 zł&quot;)" storage="c:\projekty\xunittestproject\bin\debug\netcoreapp3.1\xunittestproject.dll" id="abbe5506-3b8c-ed2b-2408-42de70c236b9">
      <Execution id="c8b6f3b5-2457-4ad6-b75c-d313b7defd69" />
      <TestMethod codeBase="C:\Projekty\xUnitTestProject\bin\Debug\netcoreapp3.1\xUnitTestProject.dll" adapterTypeName="executor://xunit/VsTestRunner2/netcoreapp" className="xUnitTestProject.CurrencyHelperTests" name="FormatToStringTest100" />
    </UnitTest>
    <UnitTest name="xUnitTestProject.CurrencyHelperTests.FormatToStringTest100(price: 58848.60825001477, expected: &quot;58848.61 zł&quot;)" storage="c:\projekty\xunittestproject\bin\debug\netcoreapp3.1\xunittestproject.dll" id="e3518d76-f67f-2786-4eb3-a849256035ef">
      <Execution id="181a32ad-cc15-479d-b517-01658235fbfa" />
      <TestMethod codeBase="C:\Projekty\xUnitTestProject\bin\Debug\netcoreapp3.1\xUnitTestProject.dll" adapterTypeName="executor://xunit/VsTestRunner2/netcoreapp" className="xUnitTestProject.CurrencyHelperTests" name="FormatToStringTest100" />
    </UnitTest>
    <UnitTest name="xUnitTestProject.CurrencyHelperTests.FormatToStringTest100(price: 17953.338243749615, expected: &quot;17953.34 zł&quot;)" storage="c:\projekty\xunittestproject\bin\debug\netcoreapp3.1\xunittestproject.dll" id="0bf4b77c-c3da-f3e0-15d0-aa3788b09ed0">
      <Execution id="38c12747-e7f9-4005-93d7-810b1076ca57" />
      <TestMethod codeBase="C:\Projekty\xUnitTestProject\bin\Debug\netcoreapp3.1\xUnitTestProject.dll" adapterTypeName="executor://xunit/VsTestRunner2/netcoreapp" className="xUnitTestProject.CurrencyHelperTests" name="FormatToStringTest100" />
    </UnitTest>
    <UnitTest name="xUnitTestProject.CurrencyHelperTests.FormatToStringTest100(price: 31300.40752580967, expected: &quot;31300.41 zł&quot;)" storage="c:\projekty\xunittestproject\bin\debug\netcoreapp3.1\xunittestproject.dll" id="84d5048a-7b2f-9b60-257e-0daa5848d93c">
      <Execution id="c8902932-34b2-4d2a-b51c-484dba4e5c3c" />
      <TestMethod codeBase="C:\Projekty\xUnitTestProject\bin\Debug\netcoreapp3.1\xUnitTestProject.dll" adapterTypeName="executor://xunit/VsTestRunner2/netcoreapp" className="xUnitTestProject.CurrencyHelperTests" name="FormatToStringTest100" />
    </UnitTest>
    <UnitTest name="xUnitTestProject.CurrencyHelperTests.FormatToStringTest100(price: 1208.1827589441941, expected: &quot;1208.18 zł&quot;)" storage="c:\projekty\xunittestproject\bin\debug\netcoreapp3.1\xunittestproject.dll" id="91415d54-575f-b471-1dc0-1631e68e02ab">
      <Execution id="05e48f64-ff9d-4d77-b3fb-2cbe7af983a8" />
      <TestMethod codeBase="C:\Projekty\xUnitTestProject\bin\Debug\netcoreapp3.1\xUnitTestProject.dll" adapterTypeName="executor://xunit/VsTestRunner2/netcoreapp" className="xUnitTestProject.CurrencyHelperTests" name="FormatToStringTest100" />
    </UnitTest>
    <UnitTest name="xUnitTestProject.CurrencyHelperTests.FormatToStringTest100(price: 7458.609645228652, expected: &quot;7458.61 zł&quot;)" storage="c:\projekty\xunittestproject\bin\debug\netcoreapp3.1\xunittestproject.dll" id="ece080b6-35d5-52f6-4ff2-f79908c52d78">
      <Execution id="64e506cc-1449-4d5c-a09f-7fb9dcf35c20" />
      <TestMethod codeBase="C:\Projekty\xUnitTestProject\bin\Debug\netcoreapp3.1\xUnitTestProject.dll" adapterTypeName="executor://xunit/VsTestRunner2/netcoreapp" className="xUnitTestProject.CurrencyHelperTests" name="FormatToStringTest100" />
    </UnitTest>
    <UnitTest name="xUnitTestProject.CurrencyHelperTests.FormatToStringTest100(price: 75350.77330865282, expected: &quot;75350.77 zł&quot;)" storage="c:\projekty\xunittestproject\bin\debug\netcoreapp3.1\xunittestproject.dll" id="e2ec08cf-67dd-78b0-72e9-2a2acf351ef6">
      <Execution id="8288ce79-14d3-403b-bf46-231d6a5a0021" />
      <TestMethod codeBase="C:\Projekty\xUnitTestProject\bin\Debug\netcoreapp3.1\xUnitTestProject.dll" adapterTypeName="executor://xunit/VsTestRunner2/netcoreapp" className="xUnitTestProject.CurrencyHelperTests" name="FormatToStringTest100" />
    </UnitTest>
    <UnitTest name="xUnitTestProject.CurrencyHelperTests.FormatToStringTest100(price: 6958.393354767186, expected: &quot;6958.39 zł&quot;)" storage="c:\projekty\xunittestproject\bin\debug\netcoreapp3.1\xunittestproject.dll" id="2738362e-e19d-f6a9-dd3e-b18b1bacf9a4">
      <Execution id="c58ad923-4412-43bb-8edb-d02b98d9a606" />
      <TestMethod codeBase="C:\Projekty\xUnitTestProject\bin\Debug\netcoreapp3.1\xUnitTestProject.dll" adapterTypeName="executor://xunit/VsTestRunner2/netcoreapp" className="xUnitTestProject.CurrencyHelperTests" name="FormatToStringTest100" />
    </UnitTest>
    <UnitTest name="xUnitTestProject.CurrencyHelperTests.FormatToStringTest100(price: 37589.670531794276, expected: &quot;37589.67 zł&quot;)" storage="c:\projekty\xunittestproject\bin\debug\netcoreapp3.1\xunittestproject.dll" id="aa846e16-83e3-6a8d-ea1c-cf150206bc05">
      <Execution id="1d18c739-a881-4d86-9118-8f9b9921ba9c" />
      <TestMethod codeBase="C:\Projekty\xUnitTestProject\bin\Debug\netcoreapp3.1\xUnitTestProject.dll" adapterTypeName="executor://xunit/VsTestRunner2/netcoreapp" className="xUnitTestProject.CurrencyHelperTests" name="FormatToStringTest100" />
    </UnitTest>
    <UnitTest name="xUnitTestProject.CurrencyHelperTests.FormatToStringTest100(price: 32218.080508120394, expected: &quot;32218.08 zł&quot;)" storage="c:\projekty\xunittestproject\bin\debug\netcoreapp3.1\xunittestproject.dll" id="5cbd1a54-5566-6c6a-e422-221bbd0a9b56">
      <Execution id="d41b8373-d80c-4d09-af02-75a3eb175dc3" />
      <TestMethod codeBase="C:\Projekty\xUnitTestProject\bin\Debug\netcoreapp3.1\xUnitTestProject.dll" adapterTypeName="executor://xunit/VsTestRunner2/netcoreapp" className="xUnitTestProject.CurrencyHelperTests" name="FormatToStringTest100" />
    </UnitTest>
    <UnitTest name="xUnitTestProject.CurrencyHelperTests.FormatToStringTest100(price: 1300.9430775404642, expected: &quot;1300.94 zł&quot;)" storage="c:\projekty\xunittestproject\bin\debug\netcoreapp3.1\xunittestproject.dll" id="9fa54161-392b-187a-1e6d-1b04f9e216c3">
      <Execution id="ba8c43e8-9212-4fe5-9b84-0e215453cf2d" />
      <TestMethod codeBase="C:\Projekty\xUnitTestProject\bin\Debug\netcoreapp3.1\xUnitTestProject.dll" adapterTypeName="executor://xunit/VsTestRunner2/netcoreapp" className="xUnitTestProject.CurrencyHelperTests" name="FormatToStringTest100" />
    </UnitTest>
    <UnitTest name="xUnitTestProject.CurrencyHelperTests.FormatToStringTest100(price: 69864.17463991146, expected: &quot;69864.17 zł&quot;)" storage="c:\projekty\xunittestproject\bin\debug\netcoreapp3.1\xunittestproject.dll" id="010637aa-f4d9-9bdc-374f-aa35642ade2f">
      <Execution id="5180099f-5617-4eb9-893c-d32403391beb" />
      <TestMethod codeBase="C:\Projekty\xUnitTestProject\bin\Debug\netcoreapp3.1\xUnitTestProject.dll" adapterTypeName="executor://xunit/VsTestRunner2/netcoreapp" className="xUnitTestProject.CurrencyHelperTests" name="FormatToStringTest100" />
    </UnitTest>
    <UnitTest name="xUnitTestProject.CurrencyHelperTests.FormatToStringTest100(price: 33206.73122987837, expected: &quot;33206.73 zł&quot;)" storage="c:\projekty\xunittestproject\bin\debug\netcoreapp3.1\xunittestproject.dll" id="4fe91442-a364-ddf6-571a-0c1b0e5ac3fa">
      <Execution id="73a5e6a5-bde5-40f2-b042-4caa3b5e206a" />
      <TestMethod codeBase="C:\Projekty\xUnitTestProject\bin\Debug\netcoreapp3.1\xUnitTestProject.dll" adapterTypeName="executor://xunit/VsTestRunner2/netcoreapp" className="xUnitTestProject.CurrencyHelperTests" name="FormatToStringTest100" />
    </UnitTest>
    <UnitTest name="xUnitTestProject.CurrencyHelperTests.FormatToStringTest100(price: 66019.32414194118, expected: &quot;66019.32 zł&quot;)" storage="c:\projekty\xunittestproject\bin\debug\netcoreapp3.1\xunittestproject.dll" id="e6f2d423-ca40-ed8a-1d2e-2b1354a1f4e9">
      <Execution id="7df0cf0a-96f7-4b4a-8386-ad5e013ee4fa" />
      <TestMethod codeBase="C:\Projekty\xUnitTestProject\bin\Debug\netcoreapp3.1\xUnitTestProject.dll" adapterTypeName="executor://xunit/VsTestRunner2/netcoreapp" className="xUnitTestProject.CurrencyHelperTests" name="FormatToStringTest100" />
    </UnitTest>
    <UnitTest name="xUnitTestProject.CurrencyHelperTests.FormatToStringTest100(price: 286.92120604539343, expected: &quot;286.92 zł&quot;)" storage="c:\projekty\xunittestproject\bin\debug\netcoreapp3.1\xunittestproject.dll" id="fb32513a-ed20-1e61-8c8f-5e74dc95816c">
      <Execution id="fbdca3e6-3fd6-4e03-a235-5155c11dd3d8" />
      <TestMethod codeBase="C:\Projekty\xUnitTestProject\bin\Debug\netcoreapp3.1\xUnitTestProject.dll" adapterTypeName="executor://xunit/VsTestRunner2/netcoreapp" className="xUnitTestProject.CurrencyHelperTests" name="FormatToStringTest100" />
    </UnitTest>
    <UnitTest name="xUnitTestProject.CurrencyHelperTests.FormatToStringTest100(price: 52858.048916166204, expected: &quot;52858.05 zł&quot;)" storage="c:\projekty\xunittestproject\bin\debug\netcoreapp3.1\xunittestproject.dll" id="e5d3d46a-1577-bac4-8f03-ab7ff7705a9f">
      <Execution id="31eb1636-e286-4255-b4d4-df702d742603" />
      <TestMethod codeBase="C:\Projekty\xUnitTestProject\bin\Debug\netcoreapp3.1\xUnitTestProject.dll" adapterTypeName="executor://xunit/VsTestRunner2/netcoreapp" className="xUnitTestProject.CurrencyHelperTests" name="FormatToStringTest100" />
    </UnitTest>
    <UnitTest name="xUnitTestProject.CurrencyHelperTests.FormatToStringTest100(price: 11100.829211263372, expected: &quot;11100.83 zł&quot;)" storage="c:\projekty\xunittestproject\bin\debug\netcoreapp3.1\xunittestproject.dll" id="99620ffe-5e9a-128c-a6ac-13976c610d3b">
      <Execution id="2ff171c7-3bf5-4920-bf11-ac7b96beeb30" />
      <TestMethod codeBase="C:\Projekty\xUnitTestProject\bin\Debug\netcoreapp3.1\xUnitTestProject.dll" adapterTypeName="executor://xunit/VsTestRunner2/netcoreapp" className="xUnitTestProject.CurrencyHelperTests" name="FormatToStringTest100" />
    </UnitTest>
    <UnitTest name="xUnitTestProject.CurrencyHelperTests.FormatToStringTest100(price: 86.89546322771136, expected: &quot;86.90 zł&quot;)" storage="c:\projekty\xunittestproject\bin\debug\netcoreapp3.1\xunittestproject.dll" id="be83c872-b584-ea7d-68ae-387efb4fd62c">
      <Execution id="5c4f0aad-5f30-440e-9ab2-06e5632b98cc" />
      <TestMethod codeBase="C:\Projekty\xUnitTestProject\bin\Debug\netcoreapp3.1\xUnitTestProject.dll" adapterTypeName="executor://xunit/VsTestRunner2/netcoreapp" className="xUnitTestProject.CurrencyHelperTests" name="FormatToStringTest100" />
    </UnitTest>
    <UnitTest name="xUnitTestProject.CurrencyHelperTests.FormatToStringTest100(price: 45603.90324273142, expected: &quot;45603.90 zł&quot;)" storage="c:\projekty\xunittestproject\bin\debug\netcoreapp3.1\xunittestproject.dll" id="266d715f-e5d3-df86-ea76-d35ef7b9d7e0">
      <Execution id="001fd38b-4e5f-4aca-9027-a18ab746d5ca" />
      <TestMethod codeBase="C:\Projekty\xUnitTestProject\bin\Debug\netcoreapp3.1\xUnitTestProject.dll" adapterTypeName="executor://xunit/VsTestRunner2/netcoreapp" className="xUnitTestProject.CurrencyHelperTests" name="FormatToStringTest100" />
    </UnitTest>
    <UnitTest name="xUnitTestProject.CurrencyHelperTests.FormatToStringTest100(price: 14172.682747822573, expected: &quot;14172.68 zł&quot;)" storage="c:\projekty\xunittestproject\bin\debug\netcoreapp3.1\xunittestproject.dll" id="ff59583d-5ce7-46c9-0e7b-54c700821ca2">
      <Execution id="883488da-67a4-4329-ad5b-fb8661147c71" />
      <TestMethod codeBase="C:\Projekty\xUnitTestProject\bin\Debug\netcoreapp3.1\xUnitTestProject.dll" adapterTypeName="executor://xunit/VsTestRunner2/netcoreapp" className="xUnitTestProject.CurrencyHelperTests" name="FormatToStringTest100" />
    </UnitTest>
    <UnitTest name="xUnitTestProject.CurrencyHelperTests.FormatToStringTest100(price: 45035.160883881224, expected: &quot;45035.16 zł&quot;)" storage="c:\projekty\xunittestproject\bin\debug\netcoreapp3.1\xunittestproject.dll" id="67a2e17d-2e99-1573-e414-664dc3a5daec">
      <Execution id="736a2941-83e8-4fb1-a616-87b49c108747" />
      <TestMethod codeBase="C:\Projekty\xUnitTestProject\bin\Debug\netcoreapp3.1\xUnitTestProject.dll" adapterTypeName="executor://xunit/VsTestRunner2/netcoreapp" className="xUnitTestProject.CurrencyHelperTests" name="FormatToStringTest100" />
    </UnitTest>
    <UnitTest name="xUnitTestProject.CurrencyHelperTests.FormatToStringTest100(price: 726.8087564975995, expected: &quot;726.81 zł&quot;)" storage="c:\projekty\xunittestproject\bin\debug\netcoreapp3.1\xunittestproject.dll" id="5be8086d-757f-607e-3916-e3fc3a32dab6">
      <Execution id="b72ef550-d5c6-4c68-ad3a-dc7f82dbe01d" />
      <TestMethod codeBase="C:\Projekty\xUnitTestProject\bin\Debug\netcoreapp3.1\xUnitTestProject.dll" adapterTypeName="executor://xunit/VsTestRunner2/netcoreapp" className="xUnitTestProject.CurrencyHelperTests" name="FormatToStringTest100" />
    </UnitTest>
    <UnitTest name="xUnitTestProject.CurrencyHelperTests.FormatToStringTest100(price: 8768.816937361293, expected: &quot;8768.82 zł&quot;)" storage="c:\projekty\xunittestproject\bin\debug\netcoreapp3.1\xunittestproject.dll" id="d48c6551-b0f6-c3d7-de17-2c1671fe95a2">
      <Execution id="dbbe4c76-f407-452b-9291-3677ee6eb701" />
      <TestMethod codeBase="C:\Projekty\xUnitTestProject\bin\Debug\netcoreapp3.1\xUnitTestProject.dll" adapterTypeName="executor://xunit/VsTestRunner2/netcoreapp" className="xUnitTestProject.CurrencyHelperTests" name="FormatToStringTest100" />
    </UnitTest>
    <UnitTest name="xUnitTestProject.CurrencyHelperTests.FormatToStringTest100(price: 12949.590713378317, expected: &quot;12949.59 zł&quot;)" storage="c:\projekty\xunittestproject\bin\debug\netcoreapp3.1\xunittestproject.dll" id="d7778823-4bda-74f0-3f28-6c90759e2c7c">
      <Execution id="8eb23a81-519c-489a-9496-2a5d33069732" />
      <TestMethod codeBase="C:\Projekty\xUnitTestProject\bin\Debug\netcoreapp3.1\xUnitTestProject.dll" adapterTypeName="executor://xunit/VsTestRunner2/netcoreapp" className="xUnitTestProject.CurrencyHelperTests" name="FormatToStringTest100" />
    </UnitTest>
    <UnitTest name="xUnitTestProject.CurrencyHelperTests.FormatToStringTest100(price: 16986.338876065027, expected: &quot;16986.34 zł&quot;)" storage="c:\projekty\xunittestproject\bin\debug\netcoreapp3.1\xunittestproject.dll" id="14bf6b28-24d9-64d3-e241-ed045f113c3f">
      <Execution id="7222d01d-eff4-4583-a93d-4128ab5d1312" />
      <TestMethod codeBase="C:\Projekty\xUnitTestProject\bin\Debug\netcoreapp3.1\xUnitTestProject.dll" adapterTypeName="executor://xunit/VsTestRunner2/netcoreapp" className="xUnitTestProject.CurrencyHelperTests" name="FormatToStringTest100" />
    </UnitTest>
    <UnitTest name="xUnitTestProject.CurrencyHelperTests.FormatToStringTest100(price: 7789.7136237517525, expected: &quot;7789.71 zł&quot;)" storage="c:\projekty\xunittestproject\bin\debug\netcoreapp3.1\xunittestproject.dll" id="3e7f7dc0-a481-a391-5e59-0a09ddfda429">
      <Execution id="8130ca84-ad31-41d2-86fb-7919e83315ca" />
      <TestMethod codeBase="C:\Projekty\xUnitTestProject\bin\Debug\netcoreapp3.1\xUnitTestProject.dll" adapterTypeName="executor://xunit/VsTestRunner2/netcoreapp" className="xUnitTestProject.CurrencyHelperTests" name="FormatToStringTest100" />
    </UnitTest>
    <UnitTest name="xUnitTestProject.CurrencyHelperTests.FormatToStringTest100(price: 63507.32603545455, expected: &quot;63507.33 zł&quot;)" storage="c:\projekty\xunittestproject\bin\debug\netcoreapp3.1\xunittestproject.dll" id="9d3c6e40-46ef-8e8b-da94-d2afb05dab1a">
      <Execution id="be119086-fee7-47b0-83d8-4409b5b1a8bd" />
      <TestMethod codeBase="C:\Projekty\xUnitTestProject\bin\Debug\netcoreapp3.1\xUnitTestProject.dll" adapterTypeName="executor://xunit/VsTestRunner2/netcoreapp" className="xUnitTestProject.CurrencyHelperTests" name="FormatToStringTest100" />
    </UnitTest>
    <UnitTest name="xUnitTestProject.CurrencyHelperTests.FormatToStringTest100(price: 50991.22189691114, expected: &quot;50991.22 zł&quot;)" storage="c:\projekty\xunittestproject\bin\debug\netcoreapp3.1\xunittestproject.dll" id="8cee55c7-2f54-9306-dead-c4a37d1316a9">
      <Execution id="2456e69c-31e8-4628-b11f-8873f4f4ca2d" />
      <TestMethod codeBase="C:\Projekty\xUnitTestProject\bin\Debug\netcoreapp3.1\xUnitTestProject.dll" adapterTypeName="executor://xunit/VsTestRunner2/netcoreapp" className="xUnitTestProject.CurrencyHelperTests" name="FormatToStringTest100" />
    </UnitTest>
    <UnitTest name="xUnitTestProject.CurrencyHelperTests.FormatToStringTest100(price: 31290.71396233687, expected: &quot;31290.71 zł&quot;)" storage="c:\projekty\xunittestproject\bin\debug\netcoreapp3.1\xunittestproject.dll" id="6841efc3-9345-d314-75c2-427f114f051b">
      <Execution id="561e0c63-3768-497d-9064-acd5ff4b217e" />
      <TestMethod codeBase="C:\Projekty\xUnitTestProject\bin\Debug\netcoreapp3.1\xUnitTestProject.dll" adapterTypeName="executor://xunit/VsTestRunner2/netcoreapp" className="xUnitTestProject.CurrencyHelperTests" name="FormatToStringTest100" />
    </UnitTest>
    <UnitTest name="xUnitTestProject.CurrencyHelperTests.FormatToStringTest100(price: 15639.704937780603, expected: &quot;15639.70 zł&quot;)" storage="c:\projekty\xunittestproject\bin\debug\netcoreapp3.1\xunittestproject.dll" id="2c0a47e8-8ee6-29b4-babb-5a689a07f007">
      <Execution id="27bc2cdf-1459-4c7e-8b70-c23075161149" />
      <TestMethod codeBase="C:\Projekty\xUnitTestProject\bin\Debug\netcoreapp3.1\xUnitTestProject.dll" adapterTypeName="executor://xunit/VsTestRunner2/netcoreapp" className="xUnitTestProject.CurrencyHelperTests" name="FormatToStringTest100" />
    </UnitTest>
    <UnitTest name="xUnitTestProject.CurrencyHelperTests.FormatToStringTest100(price: 17252.06220983903, expected: &quot;17252.06 zł&quot;)" storage="c:\projekty\xunittestproject\bin\debug\netcoreapp3.1\xunittestproject.dll" id="7d21651a-97b6-7b0a-2e61-911a28703fd6">
      <Execution id="9cfc7439-8a82-41e1-88fb-70bc7534fbb3" />
      <TestMethod codeBase="C:\Projekty\xUnitTestProject\bin\Debug\netcoreapp3.1\xUnitTestProject.dll" adapterTypeName="executor://xunit/VsTestRunner2/netcoreapp" className="xUnitTestProject.CurrencyHelperTests" name="FormatToStringTest100" />
    </UnitTest>
    <UnitTest name="xUnitTestProject.CurrencyHelperTests.FormatToStringTest100(price: 27050.586848031067, expected: &quot;27050.59 zł&quot;)" storage="c:\projekty\xunittestproject\bin\debug\netcoreapp3.1\xunittestproject.dll" id="541757e5-f479-f33d-0381-b6dbdace2afb">
      <Execution id="a46605b4-17e5-4e73-9297-3599c10691dd" />
      <TestMethod codeBase="C:\Projekty\xUnitTestProject\bin\Debug\netcoreapp3.1\xUnitTestProject.dll" adapterTypeName="executor://xunit/VsTestRunner2/netcoreapp" className="xUnitTestProject.CurrencyHelperTests" name="FormatToStringTest100" />
    </UnitTest>
    <UnitTest name="xUnitTestProject.CurrencyHelperTests.FormatToStringTest100(price: 28502.61128259758, expected: &quot;28502.61 zł&quot;)" storage="c:\projekty\xunittestproject\bin\debug\netcoreapp3.1\xunittestproject.dll" id="4b242f0c-9170-3330-c57e-f3c12dfe43da">
      <Execution id="e26ac76e-4317-441f-b03d-c51a9765c23e" />
      <TestMethod codeBase="C:\Projekty\xUnitTestProject\bin\Debug\netcoreapp3.1\xUnitTestProject.dll" adapterTypeName="executor://xunit/VsTestRunner2/netcoreapp" className="xUnitTestProject.CurrencyHelperTests" name="FormatToStringTest100" />
    </UnitTest>
    <UnitTest name="xUnitTestProject.CurrencyHelperTests.FormatToStringTest100(price: 19541.10539777116, expected: &quot;19541.11 zł&quot;)" storage="c:\projekty\xunittestproject\bin\debug\netcoreapp3.1\xunittestproject.dll" id="1dbb93f2-1030-009d-6521-2ea9595c26a6">
      <Execution id="46838264-333d-432d-bca6-b3f2265d6eb5" />
      <TestMethod codeBase="C:\Projekty\xUnitTestProject\bin\Debug\netcoreapp3.1\xUnitTestProject.dll" adapterTypeName="executor://xunit/VsTestRunner2/netcoreapp" className="xUnitTestProject.CurrencyHelperTests" name="FormatToStringTest100" />
    </UnitTest>
    <UnitTest name="xUnitTestProject.CurrencyHelperTests.FormatToStringTest100(price: 24957.469502810607, expected: &quot;24957.47 zł&quot;)" storage="c:\projekty\xunittestproject\bin\debug\netcoreapp3.1\xunittestproject.dll" id="f9f74b79-cea9-65cc-b4bd-68b4ed9d0743">
      <Execution id="b972d428-14f8-48ce-97d1-0ae654052118" />
      <TestMethod codeBase="C:\Projekty\xUnitTestProject\bin\Debug\netcoreapp3.1\xUnitTestProject.dll" adapterTypeName="executor://xunit/VsTestRunner2/netcoreapp" className="xUnitTestProject.CurrencyHelperTests" name="FormatToStringTest100" />
    </UnitTest>
    <UnitTest name="xUnitTestProject.CurrencyHelperTests.FormatToStringTest100(price: 468.83385119346616, expected: &quot;468.83 zł&quot;)" storage="c:\projekty\xunittestproject\bin\debug\netcoreapp3.1\xunittestproject.dll" id="081370ca-48f4-57e4-cbf0-362048ef7fc7">
      <Execution id="88abbb9a-2143-46d1-8d01-4aa968e8d532" />
      <TestMethod codeBase="C:\Projekty\xUnitTestProject\bin\Debug\netcoreapp3.1\xUnitTestProject.dll" adapterTypeName="executor://xunit/VsTestRunner2/netcoreapp" className="xUnitTestProject.CurrencyHelperTests" name="FormatToStringTest100" />
    </UnitTest>
    <UnitTest name="xUnitTestProject.CurrencyHelperTests.FormatToStringTest100(price: 16383.352881839199, expected: &quot;16383.35 zł&quot;)" storage="c:\projekty\xunittestproject\bin\debug\netcoreapp3.1\xunittestproject.dll" id="dafd8801-e3be-22df-9fa5-764356cf2ca4">
      <Execution id="74d7ac69-392e-4c13-b9b3-6db01c6068ba" />
      <TestMethod codeBase="C:\Projekty\xUnitTestProject\bin\Debug\netcoreapp3.1\xUnitTestProject.dll" adapterTypeName="executor://xunit/VsTestRunner2/netcoreapp" className="xUnitTestProject.CurrencyHelperTests" name="FormatToStringTest100" />
    </UnitTest>
    <UnitTest name="xUnitTestProject.CurrencyHelperTests.FormatToStringTest100(price: 35145.379208063416, expected: &quot;35145.38 zł&quot;)" storage="c:\projekty\xunittestproject\bin\debug\netcoreapp3.1\xunittestproject.dll" id="c154671c-e246-3280-5d80-165aa2ed0fd0">
      <Execution id="a95d57e8-7e4e-4ba6-a2b5-69a5834f6e31" />
      <TestMethod codeBase="C:\Projekty\xUnitTestProject\bin\Debug\netcoreapp3.1\xUnitTestProject.dll" adapterTypeName="executor://xunit/VsTestRunner2/netcoreapp" className="xUnitTestProject.CurrencyHelperTests" name="FormatToStringTest100" />
    </UnitTest>
    <UnitTest name="xUnitTestProject.CurrencyHelperTests.FormatToStringTest100(price: 28192.949128067565, expected: &quot;28192.95 zł&quot;)" storage="c:\projekty\xunittestproject\bin\debug\netcoreapp3.1\xunittestproject.dll" id="3bb4baee-0ac4-fa1e-e791-31ce6ef2b58b">
      <Execution id="308424eb-0136-4757-9d7e-889eadeca7e3" />
      <TestMethod codeBase="C:\Projekty\xUnitTestProject\bin\Debug\netcoreapp3.1\xUnitTestProject.dll" adapterTypeName="executor://xunit/VsTestRunner2/netcoreapp" className="xUnitTestProject.CurrencyHelperTests" name="FormatToStringTest100" />
    </UnitTest>
    <UnitTest name="xUnitTestProject.CurrencyHelperTests.FormatToStringTest100(price: 78822.37212685234, expected: &quot;78822.37 zł&quot;)" storage="c:\projekty\xunittestproject\bin\debug\netcoreapp3.1\xunittestproject.dll" id="c05fb9c5-7f95-15f9-16c2-7f5bfc2c47e7">
      <Execution id="23ad4b83-103d-49ba-8da0-019620680644" />
      <TestMethod codeBase="C:\Projekty\xUnitTestProject\bin\Debug\netcoreapp3.1\xUnitTestProject.dll" adapterTypeName="executor://xunit/VsTestRunner2/netcoreapp" className="xUnitTestProject.CurrencyHelperTests" name="FormatToStringTest100" />
    </UnitTest>
    <UnitTest name="xUnitTestProject.CurrencyHelperTests.FormatToStringTest100(price: 41876.979471482795, expected: &quot;41876.98 zł&quot;)" storage="c:\projekty\xunittestproject\bin\debug\netcoreapp3.1\xunittestproject.dll" id="5a8675de-6b57-6a3b-e014-8c438f537aee">
      <Execution id="294fbec4-ac1e-480e-9be8-02a077d1fdb2" />
      <TestMethod codeBase="C:\Projekty\xUnitTestProject\bin\Debug\netcoreapp3.1\xUnitTestProject.dll" adapterTypeName="executor://xunit/VsTestRunner2/netcoreapp" className="xUnitTestProject.CurrencyHelperTests" name="FormatToStringTest100" />
    </UnitTest>
    <UnitTest name="xUnitTestProject.CurrencyHelperTests.FormatToStringTest100(price: 34096.337879508894, expected: &quot;34096.34 zł&quot;)" storage="c:\projekty\xunittestproject\bin\debug\netcoreapp3.1\xunittestproject.dll" id="f265cc9e-137b-d632-0abc-0be231ad19a3">
      <Execution id="073da6c6-93ee-444e-b371-b72e36c86556" />
      <TestMethod codeBase="C:\Projekty\xUnitTestProject\bin\Debug\netcoreapp3.1\xUnitTestProject.dll" adapterTypeName="executor://xunit/VsTestRunner2/netcoreapp" className="xUnitTestProject.CurrencyHelperTests" name="FormatToStringTest100" />
    </UnitTest>
    <UnitTest name="xUnitTestProject.CurrencyHelperTests.FormatToStringTest100(price: 38640.62766693003, expected: &quot;38640.63 zł&quot;)" storage="c:\projekty\xunittestproject\bin\debug\netcoreapp3.1\xunittestproject.dll" id="bee9f8c6-2947-a818-585e-f32a0181ed37">
      <Execution id="de4b636a-2251-46d0-b1ba-242e251401bb" />
      <TestMethod codeBase="C:\Projekty\xUnitTestProject\bin\Debug\netcoreapp3.1\xUnitTestProject.dll" adapterTypeName="executor://xunit/VsTestRunner2/netcoreapp" className="xUnitTestProject.CurrencyHelperTests" name="FormatToStringTest100" />
    </UnitTest>
    <UnitTest name="xUnitTestProject.CurrencyHelperTests.FormatToStringTest100(price: 52020.805412759444, expected: &quot;52020.81 zł&quot;)" storage="c:\projekty\xunittestproject\bin\debug\netcoreapp3.1\xunittestproject.dll" id="da9a7d7d-29a1-93da-fc82-1718f2a3582d">
      <Execution id="278e2879-ef55-4f2c-b071-25356af3c559" />
      <TestMethod codeBase="C:\Projekty\xUnitTestProject\bin\Debug\netcoreapp3.1\xUnitTestProject.dll" adapterTypeName="executor://xunit/VsTestRunner2/netcoreapp" className="xUnitTestProject.CurrencyHelperTests" name="FormatToStringTest100" />
    </UnitTest>
    <UnitTest name="xUnitTestProject.CurrencyHelperTests.FormatToStringTest100(price: 74514.06270644537, expected: &quot;74514.06 zł&quot;)" storage="c:\projekty\xunittestproject\bin\debug\netcoreapp3.1\xunittestproject.dll" id="29335311-3390-3a4e-3295-e7d01500b61d">
      <Execution id="0ff5f197-bf96-443d-b394-9e76c3696400" />
      <TestMethod codeBase="C:\Projekty\xUnitTestProject\bin\Debug\netcoreapp3.1\xUnitTestProject.dll" adapterTypeName="executor://xunit/VsTestRunner2/netcoreapp" className="xUnitTestProject.CurrencyHelperTests" name="FormatToStringTest100" />
    </UnitTest>
    <UnitTest name="xUnitTestProject.CurrencyHelperTests.FormatToStringTest100(price: 35784.54232617307, expected: &quot;35784.54 zł&quot;)" storage="c:\projekty\xunittestproject\bin\debug\netcoreapp3.1\xunittestproject.dll" id="d47953b3-b855-d065-3ee0-ac12db86be39">
      <Execution id="b3d0385c-1884-4db3-b236-322d6fe877ee" />
      <TestMethod codeBase="C:\Projekty\xUnitTestProject\bin\Debug\netcoreapp3.1\xUnitTestProject.dll" adapterTypeName="executor://xunit/VsTestRunner2/netcoreapp" className="xUnitTestProject.CurrencyHelperTests" name="FormatToStringTest100" />
    </UnitTest>
    <UnitTest name="xUnitTestProject.CurrencyHelperTests.FormatToStringTest100(price: 2292.8331871111104, expected: &quot;2292.83 zł&quot;)" storage="c:\projekty\xunittestproject\bin\debug\netcoreapp3.1\xunittestproject.dll" id="289f0d26-9b3d-b24d-21a5-381b61257aa2">
      <Execution id="69002768-fd88-49e1-8093-47c6cafadca0" />
      <TestMethod codeBase="C:\Projekty\xUnitTestProject\bin\Debug\netcoreapp3.1\xUnitTestProject.dll" adapterTypeName="executor://xunit/VsTestRunner2/netcoreapp" className="xUnitTestProject.CurrencyHelperTests" name="FormatToStringTest100" />
    </UnitTest>
    <UnitTest name="xUnitTestProject.CurrencyHelperTests.FormatToStringTest100(price: 62975.496334776515, expected: &quot;62975.50 zł&quot;)" storage="c:\projekty\xunittestproject\bin\debug\netcoreapp3.1\xunittestproject.dll" id="43a8ab94-a343-e6fd-9ae1-7ad0c6ee6431">
      <Execution id="e1d21d7a-a915-41fe-b3ff-56ce15b3c5d7" />
      <TestMethod codeBase="C:\Projekty\xUnitTestProject\bin\Debug\netcoreapp3.1\xUnitTestProject.dll" adapterTypeName="executor://xunit/VsTestRunner2/netcoreapp" className="xUnitTestProject.CurrencyHelperTests" name="FormatToStringTest100" />
    </UnitTest>
    <UnitTest name="xUnitTestProject.CurrencyHelperTests.FormatToStringTest100(price: 22666.13578912995, expected: &quot;22666.14 zł&quot;)" storage="c:\projekty\xunittestproject\bin\debug\netcoreapp3.1\xunittestproject.dll" id="74dd38df-c768-037a-da68-a6c5c371d014">
      <Execution id="c4f08804-865d-46fc-b234-e26026d82803" />
      <TestMethod codeBase="C:\Projekty\xUnitTestProject\bin\Debug\netcoreapp3.1\xUnitTestProject.dll" adapterTypeName="executor://xunit/VsTestRunner2/netcoreapp" className="xUnitTestProject.CurrencyHelperTests" name="FormatToStringTest100" />
    </UnitTest>
    <UnitTest name="xUnitTestProject.CurrencyHelperTests.FormatToStringTest100(price: 5628.028273674672, expected: &quot;5628.03 zł&quot;)" storage="c:\projekty\xunittestproject\bin\debug\netcoreapp3.1\xunittestproject.dll" id="7105c4e1-ce32-5c97-6709-d6bf0a4e3d55">
      <Execution id="beb2847f-e331-4c40-bedf-da2ff52959c4" />
      <TestMethod codeBase="C:\Projekty\xUnitTestProject\bin\Debug\netcoreapp3.1\xUnitTestProject.dll" adapterTypeName="executor://xunit/VsTestRunner2/netcoreapp" className="xUnitTestProject.CurrencyHelperTests" name="FormatToStringTest100" />
    </UnitTest>
    <UnitTest name="xUnitTestProject.CurrencyHelperTests.FormatToStringTest100(price: 8499.121443388574, expected: &quot;8499.12 zł&quot;)" storage="c:\projekty\xunittestproject\bin\debug\netcoreapp3.1\xunittestproject.dll" id="2e0c5192-e697-d6bc-f801-978bcb4ec749">
      <Execution id="1508eca2-682c-4591-a9b7-136fa0b2f6bf" />
      <TestMethod codeBase="C:\Projekty\xUnitTestProject\bin\Debug\netcoreapp3.1\xUnitTestProject.dll" adapterTypeName="executor://xunit/VsTestRunner2/netcoreapp" className="xUnitTestProject.CurrencyHelperTests" name="FormatToStringTest100" />
    </UnitTest>
    <UnitTest name="xUnitTestProject.CurrencyHelperTests.FormatToStringTest100(price: 32632.105531036905, expected: &quot;32632.11 zł&quot;)" storage="c:\projekty\xunittestproject\bin\debug\netcoreapp3.1\xunittestproject.dll" id="8a266f5a-be21-44b9-cc46-2634e151c33b">
      <Execution id="80fd8af6-e3e4-43b6-8863-888cc9b544e5" />
      <TestMethod codeBase="C:\Projekty\xUnitTestProject\bin\Debug\netcoreapp3.1\xUnitTestProject.dll" adapterTypeName="executor://xunit/VsTestRunner2/netcoreapp" className="xUnitTestProject.CurrencyHelperTests" name="FormatToStringTest100" />
    </UnitTest>
    <UnitTest name="xUnitTestProject.CurrencyHelperTests.FormatToStringTest100(price: 2937.138486199611, expected: &quot;2937.14 zł&quot;)" storage="c:\projekty\xunittestproject\bin\debug\netcoreapp3.1\xunittestproject.dll" id="dcc4e251-457a-bc1b-d0d7-d1ec86b94d5d">
      <Execution id="bfcba470-024a-4697-81f5-e0f6e5db73af" />
      <TestMethod codeBase="C:\Projekty\xUnitTestProject\bin\Debug\netcoreapp3.1\xUnitTestProject.dll" adapterTypeName="executor://xunit/VsTestRunner2/netcoreapp" className="xUnitTestProject.CurrencyHelperTests" name="FormatToStringTest100" />
    </UnitTest>
    <UnitTest name="xUnitTestProject.CurrencyHelperTests.FormatToStringTest100(price: 9816.961298880615, expected: &quot;9816.96 zł&quot;)" storage="c:\projekty\xunittestproject\bin\debug\netcoreapp3.1\xunittestproject.dll" id="4c412e3e-e553-0928-365f-424e47169018">
      <Execution id="e15031e4-4996-4d6e-a037-58eb537b719b" />
      <TestMethod codeBase="C:\Projekty\xUnitTestProject\bin\Debug\netcoreapp3.1\xUnitTestProject.dll" adapterTypeName="executor://xunit/VsTestRunner2/netcoreapp" className="xUnitTestProject.CurrencyHelperTests" name="FormatToStringTest100" />
    </UnitTest>
    <UnitTest name="xUnitTestProject.CurrencyHelperTests.FormatToStringTest100(price: 27893.312729890138, expected: &quot;27893.31 zł&quot;)" storage="c:\projekty\xunittestproject\bin\debug\netcoreapp3.1\xunittestproject.dll" id="111c79ee-d703-225b-8314-e9f7cfa3d20e">
      <Execution id="1400cdd1-d19f-413d-bf31-ef2c52858a7d" />
      <TestMethod codeBase="C:\Projekty\xUnitTestProject\bin\Debug\netcoreapp3.1\xUnitTestProject.dll" adapterTypeName="executor://xunit/VsTestRunner2/netcoreapp" className="xUnitTestProject.CurrencyHelperTests" name="FormatToStringTest100" />
    </UnitTest>
    <UnitTest name="xUnitTestProject.CurrencyHelperTests.FormatToStringTest100(price: 20244.692955315437, expected: &quot;20244.69 zł&quot;)" storage="c:\projekty\xunittestproject\bin\debug\netcoreapp3.1\xunittestproject.dll" id="b06b7483-d7a9-8983-7acb-83b99a3a9375">
      <Execution id="7988ef89-ffe8-4bd2-b30e-05b98fbc17a8" />
      <TestMethod codeBase="C:\Projekty\xUnitTestProject\bin\Debug\netcoreapp3.1\xUnitTestProject.dll" adapterTypeName="executor://xunit/VsTestRunner2/netcoreapp" className="xUnitTestProject.CurrencyHelperTests" name="FormatToStringTest100" />
    </UnitTest>
    <UnitTest name="xUnitTestProject.CurrencyHelperTests.FormatToStringTest100(price: 79.6815319544084, expected: &quot;79.68 zł&quot;)" storage="c:\projekty\xunittestproject\bin\debug\netcoreapp3.1\xunittestproject.dll" id="fc8fcc54-cb31-3ea9-a932-697b630d3569">
      <Execution id="c831ac0b-2da9-4036-9201-2281df6e0ada" />
      <TestMethod codeBase="C:\Projekty\xUnitTestProject\bin\Debug\netcoreapp3.1\xUnitTestProject.dll" adapterTypeName="executor://xunit/VsTestRunner2/netcoreapp" className="xUnitTestProject.CurrencyHelperTests" name="FormatToStringTest100" />
    </UnitTest>
    <UnitTest name="xUnitTestProject.CurrencyHelperTests.FormatToStringTest100(price: 6809.40195803037, expected: &quot;6809.40 zł&quot;)" storage="c:\projekty\xunittestproject\bin\debug\netcoreapp3.1\xunittestproject.dll" id="0f154440-ee39-dfa0-38c3-2b0334e011dd">
      <Execution id="e399a2e5-78fd-478e-a608-919a8a021d2a" />
      <TestMethod codeBase="C:\Projekty\xUnitTestProject\bin\Debug\netcoreapp3.1\xUnitTestProject.dll" adapterTypeName="executor://xunit/VsTestRunner2/netcoreapp" className="xUnitTestProject.CurrencyHelperTests" name="FormatToStringTest100" />
    </UnitTest>
    <UnitTest name="xUnitTestProject.CurrencyHelperTests.FormatToStringTest100(price: 5396.620088554277, expected: &quot;5396.62 zł&quot;)" storage="c:\projekty\xunittestproject\bin\debug\netcoreapp3.1\xunittestproject.dll" id="3321cd65-ef8c-d2ee-7a10-5262976081ff">
      <Execution id="20fdeebc-0a88-4321-be3e-d109cac89f57" />
      <TestMethod codeBase="C:\Projekty\xUnitTestProject\bin\Debug\netcoreapp3.1\xUnitTestProject.dll" adapterTypeName="executor://xunit/VsTestRunner2/netcoreapp" className="xUnitTestProject.CurrencyHelperTests" name="FormatToStringTest100" />
    </UnitTest>
    <UnitTest name="xUnitTestProject.CurrencyHelperTests.FormatToStringTest100(price: 80609.94377465078, expected: &quot;80609.94 zł&quot;)" storage="c:\projekty\xunittestproject\bin\debug\netcoreapp3.1\xunittestproject.dll" id="c57e7001-ae2f-cc3c-80aa-b60a735cb853">
      <Execution id="4a93c009-fc32-4ed1-a5ae-2ae4445db943" />
      <TestMethod codeBase="C:\Projekty\xUnitTestProject\bin\Debug\netcoreapp3.1\xUnitTestProject.dll" adapterTypeName="executor://xunit/VsTestRunner2/netcoreapp" className="xUnitTestProject.CurrencyHelperTests" name="FormatToStringTest100" />
    </UnitTest>
    <UnitTest name="xUnitTestProject.CurrencyHelperTests.FormatToStringTest100(price: 22604.838218828587, expected: &quot;22604.84 zł&quot;)" storage="c:\projekty\xunittestproject\bin\debug\netcoreapp3.1\xunittestproject.dll" id="1813aa2f-eab9-0da1-9d79-9ec562fcf340">
      <Execution id="1fa003c8-cc31-43e0-a60a-34655c22c4c3" />
      <TestMethod codeBase="C:\Projekty\xUnitTestProject\bin\Debug\netcoreapp3.1\xUnitTestProject.dll" adapterTypeName="executor://xunit/VsTestRunner2/netcoreapp" className="xUnitTestProject.CurrencyHelperTests" name="FormatToStringTest100" />
    </UnitTest>
    <UnitTest name="xUnitTestProject.CurrencyHelperTests.FormatToStringTest100(price: 1649.0127968480872, expected: &quot;1649.01 zł&quot;)" storage="c:\projekty\xunittestproject\bin\debug\netcoreapp3.1\xunittestproject.dll" id="5e812169-6686-9fe1-e23d-5fb1628863ab">
      <Execution id="3bd81257-a3cf-4264-b985-fbe57caa19c2" />
      <TestMethod codeBase="C:\Projekty\xUnitTestProject\bin\Debug\netcoreapp3.1\xUnitTestProject.dll" adapterTypeName="executor://xunit/VsTestRunner2/netcoreapp" className="xUnitTestProject.CurrencyHelperTests" name="FormatToStringTest100" />
    </UnitTest>
    <UnitTest name="xUnitTestProject.CurrencyHelperTests.FormatToStringTest100(price: 1614.2516601789982, expected: &quot;1614.25 zł&quot;)" storage="c:\projekty\xunittestproject\bin\debug\netcoreapp3.1\xunittestproject.dll" id="eddb088f-c107-aeac-fa0d-87b3c14eed53">
      <Execution id="186b1004-a43f-47b0-999c-0a769ba27bdf" />
      <TestMethod codeBase="C:\Projekty\xUnitTestProject\bin\Debug\netcoreapp3.1\xUnitTestProject.dll" adapterTypeName="executor://xunit/VsTestRunner2/netcoreapp" className="xUnitTestProject.CurrencyHelperTests" name="FormatToStringTest100" />
    </UnitTest>
    <UnitTest name="xUnitTestProject.CurrencyHelperTests.FormatToStringTest100(price: 32216.686763396807, expected: &quot;32216.69 zł&quot;)" storage="c:\projekty\xunittestproject\bin\debug\netcoreapp3.1\xunittestproject.dll" id="49a05d1f-a775-19c0-25af-f3a1e1d16690">
      <Execution id="be25bd09-6958-4da1-a50c-3baf5a801486" />
      <TestMethod codeBase="C:\Projekty\xUnitTestProject\bin\Debug\netcoreapp3.1\xUnitTestProject.dll" adapterTypeName="executor://xunit/VsTestRunner2/netcoreapp" className="xUnitTestProject.CurrencyHelperTests" name="FormatToStringTest100" />
    </UnitTest>
    <UnitTest name="xUnitTestProject.CurrencyHelperTests.FormatToStringTest100(price: 6890.028458985514, expected: &quot;6890.03 zł&quot;)" storage="c:\projekty\xunittestproject\bin\debug\netcoreapp3.1\xunittestproject.dll" id="50ea2bcc-2c4a-f936-b10c-5e627f71076d">
      <Execution id="2d8d3423-8c14-4efc-a956-a12eb300d5b8" />
      <TestMethod codeBase="C:\Projekty\xUnitTestProject\bin\Debug\netcoreapp3.1\xUnitTestProject.dll" adapterTypeName="executor://xunit/VsTestRunner2/netcoreapp" className="xUnitTestProject.CurrencyHelperTests" name="FormatToStringTest100" />
    </UnitTest>
    <UnitTest name="xUnitTestProject.CurrencyHelperTests.FormatToStringTest100(price: 9867.823212210007, expected: &quot;9867.82 zł&quot;)" storage="c:\projekty\xunittestproject\bin\debug\netcoreapp3.1\xunittestproject.dll" id="e3628c97-347a-9ee9-e133-2d57b36ee5ba">
      <Execution id="89174bbe-755f-4a85-95ac-adbdddb09ebb" />
      <TestMethod codeBase="C:\Projekty\xUnitTestProject\bin\Debug\netcoreapp3.1\xUnitTestProject.dll" adapterTypeName="executor://xunit/VsTestRunner2/netcoreapp" className="xUnitTestProject.CurrencyHelperTests" name="FormatToStringTest100" />
    </UnitTest>
    <UnitTest name="xUnitTestProject.CurrencyHelperTests.FormatToStringTest100(price: 591.2110872302256, expected: &quot;591.21 zł&quot;)" storage="c:\projekty\xunittestproject\bin\debug\netcoreapp3.1\xunittestproject.dll" id="fc435e55-affb-80d4-72b8-f2b63414b911">
      <Execution id="6a9d9050-f6ef-493c-bd5b-4d7552bd0b27" />
      <TestMethod codeBase="C:\Projekty\xUnitTestProject\bin\Debug\netcoreapp3.1\xUnitTestProject.dll" adapterTypeName="executor://xunit/VsTestRunner2/netcoreapp" className="xUnitTestProject.CurrencyHelperTests" name="FormatToStringTest100" />
    </UnitTest>
    <UnitTest name="xUnitTestProject.CurrencyHelperTests.FormatToStringTest100(price: 70771.4436677524, expected: &quot;70771.44 zł&quot;)" storage="c:\projekty\xunittestproject\bin\debug\netcoreapp3.1\xunittestproject.dll" id="04e3f1ac-8b40-ff41-8b94-5de43105a077">
      <Execution id="a2c45b8f-10ef-4783-b483-3f1b3f32e972" />
      <TestMethod codeBase="C:\Projekty\xUnitTestProject\bin\Debug\netcoreapp3.1\xUnitTestProject.dll" adapterTypeName="executor://xunit/VsTestRunner2/netcoreapp" className="xUnitTestProject.CurrencyHelperTests" name="FormatToStringTest100" />
    </UnitTest>
    <UnitTest name="xUnitTestProject.CurrencyHelperTests.FormatToStringTest100(price: 7594.279030504766, expected: &quot;7594.28 zł&quot;)" storage="c:\projekty\xunittestproject\bin\debug\netcoreapp3.1\xunittestproject.dll" id="571d5971-1ee5-2e96-a2c2-f9965b0b3623">
      <Execution id="54387dd9-0ed2-4e7b-85d1-a96cd01bd0d4" />
      <TestMethod codeBase="C:\Projekty\xUnitTestProject\bin\Debug\netcoreapp3.1\xUnitTestProject.dll" adapterTypeName="executor://xunit/VsTestRunner2/netcoreapp" className="xUnitTestProject.CurrencyHelperTests" name="FormatToStringTest100" />
    </UnitTest>
    <UnitTest name="xUnitTestProject.CurrencyHelperTests.FormatToStringTest100(price: 6864.093052674129, expected: &quot;6864.09 zł&quot;)" storage="c:\projekty\xunittestproject\bin\debug\netcoreapp3.1\xunittestproject.dll" id="50d69e8d-3a93-b655-2f18-638fbff5feb9">
      <Execution id="2ce503ad-df62-4790-a0a2-491785af5750" />
      <TestMethod codeBase="C:\Projekty\xUnitTestProject\bin\Debug\netcoreapp3.1\xUnitTestProject.dll" adapterTypeName="executor://xunit/VsTestRunner2/netcoreapp" className="xUnitTestProject.CurrencyHelperTests" name="FormatToStringTest100" />
    </UnitTest>
    <UnitTest name="xUnitTestProject.CurrencyHelperTests.FormatToStringTest100(price: 21961.272673999552, expected: &quot;21961.27 zł&quot;)" storage="c:\projekty\xunittestproject\bin\debug\netcoreapp3.1\xunittestproject.dll" id="33f107c2-ab0d-ae03-80da-536fe345a886">
      <Execution id="b4c817e1-9693-4748-8495-99f307d03415" />
      <TestMethod codeBase="C:\Projekty\xUnitTestProject\bin\Debug\netcoreapp3.1\xUnitTestProject.dll" adapterTypeName="executor://xunit/VsTestRunner2/netcoreapp" className="xUnitTestProject.CurrencyHelperTests" name="FormatToStringTest100" />
    </UnitTest>
    <UnitTest name="xUnitTestProject.CurrencyHelperTests.FormatToStringTest100(price: 39178.05988345298, expected: &quot;39178.06 zł&quot;)" storage="c:\projekty\xunittestproject\bin\debug\netcoreapp3.1\xunittestproject.dll" id="2b46eb58-6e84-4876-9d74-10f782a2b95d">
      <Execution id="b1df2c1f-49ad-4539-8d2f-1f256561d19b" />
      <TestMethod codeBase="C:\Projekty\xUnitTestProject\bin\Debug\netcoreapp3.1\xUnitTestProject.dll" adapterTypeName="executor://xunit/VsTestRunner2/netcoreapp" className="xUnitTestProject.CurrencyHelperTests" name="FormatToStringTest100" />
    </UnitTest>
  </TestDefinitions>
  <TestEntries>
    <TestEntry testId="da9a7d7d-29a1-93da-fc82-1718f2a3582d" executionId="278e2879-ef55-4f2c-b071-25356af3c559" testListId="8c84fa94-04c1-424b-9868-57a2d4851a1d" />
    <TestEntry testId="d48c6551-b0f6-c3d7-de17-2c1671fe95a2" executionId="dbbe4c76-f407-452b-9291-3677ee6eb701" testListId="8c84fa94-04c1-424b-9868-57a2d4851a1d" />
    <TestEntry testId="e3628c97-347a-9ee9-e133-2d57b36ee5ba" executionId="89174bbe-755f-4a85-95ac-adbdddb09ebb" testListId="8c84fa94-04c1-424b-9868-57a2d4851a1d" />
    <TestEntry testId="4fe91442-a364-ddf6-571a-0c1b0e5ac3fa" executionId="73a5e6a5-bde5-40f2-b042-4caa3b5e206a" testListId="8c84fa94-04c1-424b-9868-57a2d4851a1d" />
    <TestEntry testId="9d3c6e40-46ef-8e8b-da94-d2afb05dab1a" executionId="be119086-fee7-47b0-83d8-4409b5b1a8bd" testListId="8c84fa94-04c1-424b-9868-57a2d4851a1d" />
    <TestEntry testId="29335311-3390-3a4e-3295-e7d01500b61d" executionId="0ff5f197-bf96-443d-b394-9e76c3696400" testListId="8c84fa94-04c1-424b-9868-57a2d4851a1d" />
    <TestEntry testId="e6f2d423-ca40-ed8a-1d2e-2b1354a1f4e9" executionId="7df0cf0a-96f7-4b4a-8386-ad5e013ee4fa" testListId="8c84fa94-04c1-424b-9868-57a2d4851a1d" />
    <TestEntry testId="d073a14a-1a05-55ae-e697-84b172175337" executionId="066d4fb0-81eb-429b-9c4b-2ad2336e676d" testListId="8c84fa94-04c1-424b-9868-57a2d4851a1d" />
    <TestEntry testId="2738362e-e19d-f6a9-dd3e-b18b1bacf9a4" executionId="c58ad923-4412-43bb-8edb-d02b98d9a606" testListId="8c84fa94-04c1-424b-9868-57a2d4851a1d" />
    <TestEntry testId="99620ffe-5e9a-128c-a6ac-13976c610d3b" executionId="2ff171c7-3bf5-4920-bf11-ac7b96beeb30" testListId="8c84fa94-04c1-424b-9868-57a2d4851a1d" />
    <TestEntry testId="04e3f1ac-8b40-ff41-8b94-5de43105a077" executionId="a2c45b8f-10ef-4783-b483-3f1b3f32e972" testListId="8c84fa94-04c1-424b-9868-57a2d4851a1d" />
    <TestEntry testId="7105c4e1-ce32-5c97-6709-d6bf0a4e3d55" executionId="beb2847f-e331-4c40-bedf-da2ff52959c4" testListId="8c84fa94-04c1-424b-9868-57a2d4851a1d" />
    <TestEntry testId="8a266f5a-be21-44b9-cc46-2634e151c33b" executionId="80fd8af6-e3e4-43b6-8863-888cc9b544e5" testListId="8c84fa94-04c1-424b-9868-57a2d4851a1d" />
    <TestEntry testId="abbe5506-3b8c-ed2b-2408-42de70c236b9" executionId="c8b6f3b5-2457-4ad6-b75c-d313b7defd69" testListId="8c84fa94-04c1-424b-9868-57a2d4851a1d" />
    <TestEntry testId="dafd8801-e3be-22df-9fa5-764356cf2ca4" executionId="74d7ac69-392e-4c13-b9b3-6db01c6068ba" testListId="8c84fa94-04c1-424b-9868-57a2d4851a1d" />
    <TestEntry testId="8b4e8664-15ff-c81e-db88-693c6ea7ece0" executionId="06382ff7-e922-4459-934c-ecab7918c340" testListId="8c84fa94-04c1-424b-9868-57a2d4851a1d" />
    <TestEntry testId="4053e7cd-71d6-290b-ba32-3b8047db680a" executionId="175a530a-fdd3-4cce-977d-cd54aaf5040d" testListId="8c84fa94-04c1-424b-9868-57a2d4851a1d" />
    <TestEntry testId="f910ed82-0c15-5fc2-de25-f9ceba99a963" executionId="4d9044eb-678d-42e2-b40c-eb81bce69dfc" testListId="8c84fa94-04c1-424b-9868-57a2d4851a1d" />
    <TestEntry testId="649e78c8-4417-17eb-ca16-441525722fe8" executionId="30ac285b-9b90-4bdb-9558-d33f76858be1" testListId="8c84fa94-04c1-424b-9868-57a2d4851a1d" />
    <TestEntry testId="8cee55c7-2f54-9306-dead-c4a37d1316a9" executionId="2456e69c-31e8-4628-b11f-8873f4f4ca2d" testListId="8c84fa94-04c1-424b-9868-57a2d4851a1d" />
    <TestEntry testId="7c8e7438-e86b-d1a6-214d-a8d6be86bec7" executionId="c15d5936-84b3-46cb-bb80-a62cfd198037" testListId="8c84fa94-04c1-424b-9868-57a2d4851a1d" />
    <TestEntry testId="c2fcc150-05bf-fac8-cb5b-156769265741" executionId="79216757-fdc0-434f-8341-2a81961e017c" testListId="8c84fa94-04c1-424b-9868-57a2d4851a1d" />
    <TestEntry testId="bc595dee-6f3e-e241-694d-ba68ac66ab16" executionId="b4103d26-ab17-44d7-9056-5d1d9c485627" testListId="8c84fa94-04c1-424b-9868-57a2d4851a1d" />
    <TestEntry testId="b309356a-1568-0ab7-98a5-a111bb0bc5a1" executionId="ac72da0a-f3d0-42cb-9c77-26bda8acf36b" testListId="8c84fa94-04c1-424b-9868-57a2d4851a1d" />
    <TestEntry testId="7a7c5696-e868-4bc5-0840-551dde71b5f9" executionId="8c999d0b-280b-43d3-a608-e0e7f4ffe679" testListId="8c84fa94-04c1-424b-9868-57a2d4851a1d" />
    <TestEntry testId="fb2ea2cb-613f-cbc7-6fc7-7097106fa76f" executionId="cc661ccb-daae-4f72-bde4-a3bad2ee6093" testListId="8c84fa94-04c1-424b-9868-57a2d4851a1d" />
    <TestEntry testId="111c79ee-d703-225b-8314-e9f7cfa3d20e" executionId="1400cdd1-d19f-413d-bf31-ef2c52858a7d" testListId="8c84fa94-04c1-424b-9868-57a2d4851a1d" />
    <TestEntry testId="c57e7001-ae2f-cc3c-80aa-b60a735cb853" executionId="4a93c009-fc32-4ed1-a5ae-2ae4445db943" testListId="8c84fa94-04c1-424b-9868-57a2d4851a1d" />
    <TestEntry testId="fc8fcc54-cb31-3ea9-a932-697b630d3569" executionId="c831ac0b-2da9-4036-9201-2281df6e0ada" testListId="8c84fa94-04c1-424b-9868-57a2d4851a1d" />
    <TestEntry testId="f0bb637b-8cf3-7fb0-e10c-0038b91cfed9" executionId="4f21bbfb-5639-486f-9d92-bbdcda3800fc" testListId="8c84fa94-04c1-424b-9868-57a2d4851a1d" />
    <TestEntry testId="081370ca-48f4-57e4-cbf0-362048ef7fc7" executionId="88abbb9a-2143-46d1-8d01-4aa968e8d532" testListId="8c84fa94-04c1-424b-9868-57a2d4851a1d" />
    <TestEntry testId="dcc4e251-457a-bc1b-d0d7-d1ec86b94d5d" executionId="bfcba470-024a-4697-81f5-e0f6e5db73af" testListId="8c84fa94-04c1-424b-9868-57a2d4851a1d" />
    <TestEntry testId="ece080b6-35d5-52f6-4ff2-f79908c52d78" executionId="64e506cc-1449-4d5c-a09f-7fb9dcf35c20" testListId="8c84fa94-04c1-424b-9868-57a2d4851a1d" />
    <TestEntry testId="5e812169-6686-9fe1-e23d-5fb1628863ab" executionId="3bd81257-a3cf-4264-b985-fbe57caa19c2" testListId="8c84fa94-04c1-424b-9868-57a2d4851a1d" />
    <TestEntry testId="50d69e8d-3a93-b655-2f18-638fbff5feb9" executionId="2ce503ad-df62-4790-a0a2-491785af5750" testListId="8c84fa94-04c1-424b-9868-57a2d4851a1d" />
    <TestEntry testId="1683c1a4-48ae-f0a9-f8fb-441cbed69b7e" executionId="5d661073-d6ea-4553-84a5-a25b3e7fad00" testListId="8c84fa94-04c1-424b-9868-57a2d4851a1d" />
    <TestEntry testId="91415d54-575f-b471-1dc0-1631e68e02ab" executionId="05e48f64-ff9d-4d77-b3fb-2cbe7af983a8" testListId="8c84fa94-04c1-424b-9868-57a2d4851a1d" />
    <TestEntry testId="9fa54161-392b-187a-1e6d-1b04f9e216c3" executionId="ba8c43e8-9212-4fe5-9b84-0e215453cf2d" testListId="8c84fa94-04c1-424b-9868-57a2d4851a1d" />
    <TestEntry testId="acd09137-eecd-d983-95fe-20aa284c3f97" executionId="a5607be0-ba0f-4387-8d95-2928e92c5837" testListId="8c84fa94-04c1-424b-9868-57a2d4851a1d" />
    <TestEntry testId="74dd38df-c768-037a-da68-a6c5c371d014" executionId="c4f08804-865d-46fc-b234-e26026d82803" testListId="8c84fa94-04c1-424b-9868-57a2d4851a1d" />
    <TestEntry testId="3e7f7dc0-a481-a391-5e59-0a09ddfda429" executionId="8130ca84-ad31-41d2-86fb-7919e83315ca" testListId="8c84fa94-04c1-424b-9868-57a2d4851a1d" />
    <TestEntry testId="7d21651a-97b6-7b0a-2e61-911a28703fd6" executionId="9cfc7439-8a82-41e1-88fb-70bc7534fbb3" testListId="8c84fa94-04c1-424b-9868-57a2d4851a1d" />
    <TestEntry testId="bee9f8c6-2947-a818-585e-f32a0181ed37" executionId="de4b636a-2251-46d0-b1ba-242e251401bb" testListId="8c84fa94-04c1-424b-9868-57a2d4851a1d" />
    <TestEntry testId="1813aa2f-eab9-0da1-9d79-9ec562fcf340" executionId="1fa003c8-cc31-43e0-a60a-34655c22c4c3" testListId="8c84fa94-04c1-424b-9868-57a2d4851a1d" />
    <TestEntry testId="fc435e55-affb-80d4-72b8-f2b63414b911" executionId="6a9d9050-f6ef-493c-bd5b-4d7552bd0b27" testListId="8c84fa94-04c1-424b-9868-57a2d4851a1d" />
    <TestEntry testId="ec952d1c-d4b8-4514-2b06-3c5983e68faa" executionId="ad48234b-4dc3-4818-b0d1-e7bbd6d08020" testListId="8c84fa94-04c1-424b-9868-57a2d4851a1d" />
    <TestEntry testId="9e65b83c-d062-a995-788e-1f867295fc3e" executionId="8fa799d1-7b10-44d8-acde-a38976a3909d" testListId="8c84fa94-04c1-424b-9868-57a2d4851a1d" />
    <TestEntry testId="f9f74b79-cea9-65cc-b4bd-68b4ed9d0743" executionId="b972d428-14f8-48ce-97d1-0ae654052118" testListId="8c84fa94-04c1-424b-9868-57a2d4851a1d" />
    <TestEntry testId="fb32513a-ed20-1e61-8c8f-5e74dc95816c" executionId="fbdca3e6-3fd6-4e03-a235-5155c11dd3d8" testListId="8c84fa94-04c1-424b-9868-57a2d4851a1d" />
    <TestEntry testId="571d5971-1ee5-2e96-a2c2-f9965b0b3623" executionId="54387dd9-0ed2-4e7b-85d1-a96cd01bd0d4" testListId="8c84fa94-04c1-424b-9868-57a2d4851a1d" />
    <TestEntry testId="67a2e17d-2e99-1573-e414-664dc3a5daec" executionId="736a2941-83e8-4fb1-a616-87b49c108747" testListId="8c84fa94-04c1-424b-9868-57a2d4851a1d" />
    <TestEntry testId="541757e5-f479-f33d-0381-b6dbdace2afb" executionId="a46605b4-17e5-4e73-9297-3599c10691dd" testListId="8c84fa94-04c1-424b-9868-57a2d4851a1d" />
    <TestEntry testId="60df436e-3029-21a3-1c5e-f7dac0d4c1de" executionId="b5f533ea-4e73-4a09-8a23-b8d70229caf7" testListId="8c84fa94-04c1-424b-9868-57a2d4851a1d" />
    <TestEntry testId="b06b7483-d7a9-8983-7acb-83b99a3a9375" executionId="7988ef89-ffe8-4bd2-b30e-05b98fbc17a8" testListId="8c84fa94-04c1-424b-9868-57a2d4851a1d" />
    <TestEntry testId="0f154440-ee39-dfa0-38c3-2b0334e011dd" executionId="e399a2e5-78fd-478e-a608-919a8a021d2a" testListId="8c84fa94-04c1-424b-9868-57a2d4851a1d" />
    <TestEntry testId="33f107c2-ab0d-ae03-80da-536fe345a886" executionId="b4c817e1-9693-4748-8495-99f307d03415" testListId="8c84fa94-04c1-424b-9868-57a2d4851a1d" />
    <TestEntry testId="8f7d9f64-63ea-bbc2-2cda-2de4bf0e8d28" executionId="a744e37f-be3f-4e74-b678-175dc5d9b581" testListId="8c84fa94-04c1-424b-9868-57a2d4851a1d" />
    <TestEntry testId="c154671c-e246-3280-5d80-165aa2ed0fd0" executionId="a95d57e8-7e4e-4ba6-a2b5-69a5834f6e31" testListId="8c84fa94-04c1-424b-9868-57a2d4851a1d" />
    <TestEntry testId="2c0a47e8-8ee6-29b4-babb-5a689a07f007" executionId="27bc2cdf-1459-4c7e-8b70-c23075161149" testListId="8c84fa94-04c1-424b-9868-57a2d4851a1d" />
    <TestEntry testId="8b5b6910-6f6f-c9ce-8825-e4185407df85" executionId="5c752336-88f4-466a-8d0f-db95b7b16234" testListId="8c84fa94-04c1-424b-9868-57a2d4851a1d" />
    <TestEntry testId="f9cb3c10-b6dc-401f-48ca-7381182b493b" executionId="d1255870-5acc-4e5d-939a-203e37e619a0" testListId="8c84fa94-04c1-424b-9868-57a2d4851a1d" />
    <TestEntry testId="1dbb93f2-1030-009d-6521-2ea9595c26a6" executionId="46838264-333d-432d-bca6-b3f2265d6eb5" testListId="8c84fa94-04c1-424b-9868-57a2d4851a1d" />
    <TestEntry testId="5a8675de-6b57-6a3b-e014-8c438f537aee" executionId="294fbec4-ac1e-480e-9be8-02a077d1fdb2" testListId="8c84fa94-04c1-424b-9868-57a2d4851a1d" />
    <TestEntry testId="d71fa846-0b3d-650b-0fa7-7de64a8b5692" executionId="9163a16c-2fef-43f4-891e-f71cfa058271" testListId="8c84fa94-04c1-424b-9868-57a2d4851a1d" />
    <TestEntry testId="3ac7c8db-6027-14d9-863b-5141742cb318" executionId="28c4b43c-9efd-40d4-973e-65e4854a4fa4" testListId="8c84fa94-04c1-424b-9868-57a2d4851a1d" />
    <TestEntry testId="d7778823-4bda-74f0-3f28-6c90759e2c7c" executionId="8eb23a81-519c-489a-9496-2a5d33069732" testListId="8c84fa94-04c1-424b-9868-57a2d4851a1d" />
    <TestEntry testId="e3518d76-f67f-2786-4eb3-a849256035ef" executionId="181a32ad-cc15-479d-b517-01658235fbfa" testListId="8c84fa94-04c1-424b-9868-57a2d4851a1d" />
    <TestEntry testId="aa846e16-83e3-6a8d-ea1c-cf150206bc05" executionId="1d18c739-a881-4d86-9118-8f9b9921ba9c" testListId="8c84fa94-04c1-424b-9868-57a2d4851a1d" />
    <TestEntry testId="e2ec08cf-67dd-78b0-72e9-2a2acf351ef6" executionId="8288ce79-14d3-403b-bf46-231d6a5a0021" testListId="8c84fa94-04c1-424b-9868-57a2d4851a1d" />
    <TestEntry testId="f1fba880-f684-09f7-700f-be107cba176b" executionId="7b521f51-2467-4493-95eb-40b9f840d614" testListId="8c84fa94-04c1-424b-9868-57a2d4851a1d" />
    <TestEntry testId="2e0c5192-e697-d6bc-f801-978bcb4ec749" executionId="1508eca2-682c-4591-a9b7-136fa0b2f6bf" testListId="8c84fa94-04c1-424b-9868-57a2d4851a1d" />
    <TestEntry testId="c05fb9c5-7f95-15f9-16c2-7f5bfc2c47e7" executionId="23ad4b83-103d-49ba-8da0-019620680644" testListId="8c84fa94-04c1-424b-9868-57a2d4851a1d" />
    <TestEntry testId="2b46eb58-6e84-4876-9d74-10f782a2b95d" executionId="b1df2c1f-49ad-4539-8d2f-1f256561d19b" testListId="8c84fa94-04c1-424b-9868-57a2d4851a1d" />
    <TestEntry testId="ff59583d-5ce7-46c9-0e7b-54c700821ca2" executionId="883488da-67a4-4329-ad5b-fb8661147c71" testListId="8c84fa94-04c1-424b-9868-57a2d4851a1d" />
    <TestEntry testId="be83c872-b584-ea7d-68ae-387efb4fd62c" executionId="5c4f0aad-5f30-440e-9ab2-06e5632b98cc" testListId="8c84fa94-04c1-424b-9868-57a2d4851a1d" />
    <TestEntry testId="b611b239-b1eb-9204-e0e7-5dd83b648e27" executionId="749e5575-62cd-4e48-ba55-62c0582a3044" testListId="8c84fa94-04c1-424b-9868-57a2d4851a1d" />
    <TestEntry testId="49a05d1f-a775-19c0-25af-f3a1e1d16690" executionId="be25bd09-6958-4da1-a50c-3baf5a801486" testListId="8c84fa94-04c1-424b-9868-57a2d4851a1d" />
    <TestEntry testId="266d715f-e5d3-df86-ea76-d35ef7b9d7e0" executionId="001fd38b-4e5f-4aca-9027-a18ab746d5ca" testListId="8c84fa94-04c1-424b-9868-57a2d4851a1d" />
    <TestEntry testId="010637aa-f4d9-9bdc-374f-aa35642ade2f" executionId="5180099f-5617-4eb9-893c-d32403391beb" testListId="8c84fa94-04c1-424b-9868-57a2d4851a1d" />
    <TestEntry testId="5cbd1a54-5566-6c6a-e422-221bbd0a9b56" executionId="d41b8373-d80c-4d09-af02-75a3eb175dc3" testListId="8c84fa94-04c1-424b-9868-57a2d4851a1d" />
    <TestEntry testId="f265cc9e-137b-d632-0abc-0be231ad19a3" executionId="073da6c6-93ee-444e-b371-b72e36c86556" testListId="8c84fa94-04c1-424b-9868-57a2d4851a1d" />
    <TestEntry testId="6841efc3-9345-d314-75c2-427f114f051b" executionId="561e0c63-3768-497d-9064-acd5ff4b217e" testListId="8c84fa94-04c1-424b-9868-57a2d4851a1d" />
    <TestEntry testId="e5d3d46a-1577-bac4-8f03-ab7ff7705a9f" executionId="31eb1636-e286-4255-b4d4-df702d742603" testListId="8c84fa94-04c1-424b-9868-57a2d4851a1d" />
    <TestEntry testId="afb9fcf3-f392-dcf0-c2e9-6922ff45e46f" executionId="fdbbb195-1689-418f-b976-06395ef2f5f1" testListId="8c84fa94-04c1-424b-9868-57a2d4851a1d" />
    <TestEntry testId="eddb088f-c107-aeac-fa0d-87b3c14eed53" executionId="186b1004-a43f-47b0-999c-0a769ba27bdf" testListId="8c84fa94-04c1-424b-9868-57a2d4851a1d" />
    <TestEntry testId="4c412e3e-e553-0928-365f-424e47169018" executionId="e15031e4-4996-4d6e-a037-58eb537b719b" testListId="8c84fa94-04c1-424b-9868-57a2d4851a1d" />
    <TestEntry testId="d47953b3-b855-d065-3ee0-ac12db86be39" executionId="b3d0385c-1884-4db3-b236-322d6fe877ee" testListId="8c84fa94-04c1-424b-9868-57a2d4851a1d" />
    <TestEntry testId="4b242f0c-9170-3330-c57e-f3c12dfe43da" executionId="e26ac76e-4317-441f-b03d-c51a9765c23e" testListId="8c84fa94-04c1-424b-9868-57a2d4851a1d" />
    <TestEntry testId="84d5048a-7b2f-9b60-257e-0daa5848d93c" executionId="c8902932-34b2-4d2a-b51c-484dba4e5c3c" testListId="8c84fa94-04c1-424b-9868-57a2d4851a1d" />
    <TestEntry testId="3bb4baee-0ac4-fa1e-e791-31ce6ef2b58b" executionId="308424eb-0136-4757-9d7e-889eadeca7e3" testListId="8c84fa94-04c1-424b-9868-57a2d4851a1d" />
    <TestEntry testId="43a8ab94-a343-e6fd-9ae1-7ad0c6ee6431" executionId="e1d21d7a-a915-41fe-b3ff-56ce15b3c5d7" testListId="8c84fa94-04c1-424b-9868-57a2d4851a1d" />
    <TestEntry testId="77be9760-e130-8956-fbc4-11e64213b336" executionId="e75a9746-c561-4f5f-ad47-b0847abc4df5" testListId="8c84fa94-04c1-424b-9868-57a2d4851a1d" />
    <TestEntry testId="3321cd65-ef8c-d2ee-7a10-5262976081ff" executionId="20fdeebc-0a88-4321-be3e-d109cac89f57" testListId="8c84fa94-04c1-424b-9868-57a2d4851a1d" />
    <TestEntry testId="14bf6b28-24d9-64d3-e241-ed045f113c3f" executionId="7222d01d-eff4-4583-a93d-4128ab5d1312" testListId="8c84fa94-04c1-424b-9868-57a2d4851a1d" />
    <TestEntry testId="0bf4b77c-c3da-f3e0-15d0-aa3788b09ed0" executionId="38c12747-e7f9-4005-93d7-810b1076ca57" testListId="8c84fa94-04c1-424b-9868-57a2d4851a1d" />
    <TestEntry testId="50ea2bcc-2c4a-f936-b10c-5e627f71076d" executionId="2d8d3423-8c14-4efc-a956-a12eb300d5b8" testListId="8c84fa94-04c1-424b-9868-57a2d4851a1d" />
    <TestEntry testId="ac0c8e8e-94ce-f433-7c74-70876edf6736" executionId="1577b571-2423-4d49-8758-f4661ae8424d" testListId="8c84fa94-04c1-424b-9868-57a2d4851a1d" />
    <TestEntry testId="289f0d26-9b3d-b24d-21a5-381b61257aa2" executionId="69002768-fd88-49e1-8093-47c6cafadca0" testListId="8c84fa94-04c1-424b-9868-57a2d4851a1d" />
    <TestEntry testId="ae4dd41d-98b4-3a18-47fe-168d75b24553" executionId="5394453a-81d9-4a6c-a29d-4ff882944abb" testListId="8c84fa94-04c1-424b-9868-57a2d4851a1d" />
    <TestEntry testId="5be8086d-757f-607e-3916-e3fc3a32dab6" executionId="b72ef550-d5c6-4c68-ad3a-dc7f82dbe01d" testListId="8c84fa94-04c1-424b-9868-57a2d4851a1d" />
  </TestEntries>
  <TestLists>
    <TestList name="Results Not in a List" id="8c84fa94-04c1-424b-9868-57a2d4851a1d" />
    <TestList name="All Loaded Results" id="19431567-8539-422a-85d7-44ee4e166bda" />
  </TestLists>
  <ResultSummary outcome="Completed">
    <Counters total="100" executed="100" passed="100" failed="0" error="0" timeout="0" aborted="0" inconclusive="0" passedButRunAborted="0" notRunnable="0" notExecuted="0" disconnected="0" warning="0" completed="0" inProgress="0" pending="0" />
    <Output>
      <StdOut>[xUnit.net 00:00:00.00] xUnit.net VSTest Adapter v2.4.5+1caef2f33e (64-bit .NET Core 3.1.25)&#xD;
[xUnit.net 00:00:03.53]   Discovering: xUnitTestProject&#xD;
[xUnit.net 00:00:05.39]   Discovered:  xUnitTestProject&#xD;
[xUnit.net 00:00:05.43]   Starting:    xUnitTestProject&#xD;
[xUnit.net 00:00:05.56]   Finished:    xUnitTestProject&#xD;
</StdOut>
    </Output>
  </ResultSummary>
</TestRun>