<?xml version="1.0" encoding="utf-8"?>
<TestRun id="aea0d862-0377-464f-8961-ced6b7422ec9" name="Dominik@DESKTOP-5URQ9PB 2022-06-13 20:52:46" runUser="DESKTOP-5URQ9PB\Dominik" xmlns="http://microsoft.com/schemas/VisualStudio/TeamTest/2010">
  <Times creation="2022-06-13T20:52:46.4304718+02:00" queuing="2022-06-13T20:52:46.4304719+02:00" start="2022-06-13T20:52:39.7192169+02:00" finish="2022-06-13T20:52:46.5123340+02:00" />
  <TestSettings name="default" id="73a7aecc-f730-493e-a3e3-0168c9b8b600">
    <Deployment runDeploymentRoot="Dominik_DESKTOP-5URQ9PB_2022-06-13_20_52_46" />
  </TestSettings>
  <Results>
    <UnitTestResult executionId="a5d55085-1ee3-4b1c-8941-6a0b04c9fd04" testId="e3628c97-347a-9ee9-e133-2d57b36ee5ba" testName="xUnitTestProject.CurrencyHelperTests.FormatToStringTest100(price: 9867.823212210007, expected: &quot;9867.82 zł&quot;)" computerName="DESKTOP-5URQ9PB" duration="00:00:00.0000039" startTime="2022-06-13T20:52:46.3818367+02:00" endTime="2022-06-13T20:52:46.3818369+02:00" testType="13cdc9d9-ddb5-4fa4-a97d-d965ccfc6d4b" outcome="Passed" testListId="8c84fa94-04c1-424b-9868-57a2d4851a1d" relativeResultsDirectory="a5d55085-1ee3-4b1c-8941-6a0b04c9fd04" />
    <UnitTestResult executionId="b2bc054b-c231-44ad-804e-23260a8734f8" testId="5cbd1a54-5566-6c6a-e422-221bbd0a9b56" testName="xUnitTestProject.CurrencyHelperTests.FormatToStringTest100(price: 32218.080508120394, expected: &quot;32218.08 zł&quot;)" computerName="DESKTOP-5URQ9PB" duration="00:00:00.0000040" startTime="2022-06-13T20:52:46.3888810+02:00" endTime="2022-06-13T20:52:46.3888812+02:00" testType="13cdc9d9-ddb5-4fa4-a97d-d965ccfc6d4b" outcome="Passed" testListId="8c84fa94-04c1-424b-9868-57a2d4851a1d" relativeResultsDirectory="b2bc054b-c231-44ad-804e-23260a8734f8" />
    <UnitTestResult executionId="351413f0-2644-417c-8afd-cf6c7a6a74ae" testId="4fe91442-a364-ddf6-571a-0c1b0e5ac3fa" testName="xUnitTestProject.CurrencyHelperTests.FormatToStringTest100(price: 33206.73122987837, expected: &quot;33206.73 zł&quot;)" computerName="DESKTOP-5URQ9PB" duration="00:00:00.0000041" startTime="2022-06-13T20:52:46.3798064+02:00" endTime="2022-06-13T20:52:46.3798065+02:00" testType="13cdc9d9-ddb5-4fa4-a97d-d965ccfc6d4b" outcome="Passed" testListId="8c84fa94-04c1-424b-9868-57a2d4851a1d" relativeResultsDirectory="351413f0-2644-417c-8afd-cf6c7a6a74ae" />
    <UnitTestResult executionId="064dc928-8f09-47ae-861a-9fd406bf04ba" testId="acd09137-eecd-d983-95fe-20aa284c3f97" testName="xUnitTestProject.CurrencyHelperTests.FormatToStringTest100(price: 96.75594581512546, expected: &quot;96.76 zł&quot;)" computerName="DESKTOP-5URQ9PB" duration="00:00:00.0000039" startTime="2022-06-13T20:52:46.3868712+02:00" endTime="2022-06-13T20:52:46.3868714+02:00" testType="13cdc9d9-ddb5-4fa4-a97d-d965ccfc6d4b" outcome="Passed" testListId="8c84fa94-04c1-424b-9868-57a2d4851a1d" relativeResultsDirectory="064dc928-8f09-47ae-861a-9fd406bf04ba" />
    <UnitTestResult executionId="f867743e-eb55-43d4-ae10-520eb39decae" testId="04e3f1ac-8b40-ff41-8b94-5de43105a077" testName="xUnitTestProject.CurrencyHelperTests.FormatToStringTest100(price: 70771.4436677524, expected: &quot;70771.44 zł&quot;)" computerName="DESKTOP-5URQ9PB" duration="00:00:00.0000085" startTime="2022-06-13T20:52:46.3877580+02:00" endTime="2022-06-13T20:52:46.3877582+02:00" testType="13cdc9d9-ddb5-4fa4-a97d-d965ccfc6d4b" outcome="Passed" testListId="8c84fa94-04c1-424b-9868-57a2d4851a1d" relativeResultsDirectory="f867743e-eb55-43d4-ae10-520eb39decae" />
    <UnitTestResult executionId="9ee364fd-aa7d-48f1-b92a-64005a393b8e" testId="d71fa846-0b3d-650b-0fa7-7de64a8b5692" testName="xUnitTestProject.CurrencyHelperTests.FormatToStringTest100(price: 25990.318498101697, expected: &quot;25990.32 zł&quot;)" computerName="DESKTOP-5URQ9PB" duration="00:00:00.0000041" startTime="2022-06-13T20:52:46.3817065+02:00" endTime="2022-06-13T20:52:46.3817069+02:00" testType="13cdc9d9-ddb5-4fa4-a97d-d965ccfc6d4b" outcome="Passed" testListId="8c84fa94-04c1-424b-9868-57a2d4851a1d" relativeResultsDirectory="9ee364fd-aa7d-48f1-b92a-64005a393b8e" />
    <UnitTestResult executionId="36f090f3-3722-4392-b553-dd16a3715e68" testId="da9a7d7d-29a1-93da-fc82-1718f2a3582d" testName="xUnitTestProject.CurrencyHelperTests.FormatToStringTest100(price: 52020.805412759444, expected: &quot;52020.81 zł&quot;)" computerName="DESKTOP-5URQ9PB" duration="00:00:00.0000040" startTime="2022-06-13T20:52:46.3943402+02:00" endTime="2022-06-13T20:52:46.3943403+02:00" testType="13cdc9d9-ddb5-4fa4-a97d-d965ccfc6d4b" outcome="Passed" testListId="8c84fa94-04c1-424b-9868-57a2d4851a1d" relativeResultsDirectory="36f090f3-3722-4392-b553-dd16a3715e68" />
    <UnitTestResult executionId="1142064d-f0f4-4c63-8986-9c5ba61d6c0f" testId="74dd38df-c768-037a-da68-a6c5c371d014" testName="xUnitTestProject.CurrencyHelperTests.FormatToStringTest100(price: 22666.13578912995, expected: &quot;22666.14 zł&quot;)" computerName="DESKTOP-5URQ9PB" duration="00:00:00.0000045" startTime="2022-06-13T20:52:46.3846898+02:00" endTime="2022-06-13T20:52:46.3846899+02:00" testType="13cdc9d9-ddb5-4fa4-a97d-d965ccfc6d4b" outcome="Passed" testListId="8c84fa94-04c1-424b-9868-57a2d4851a1d" relativeResultsDirectory="1142064d-f0f4-4c63-8986-9c5ba61d6c0f" />
    <UnitTestResult executionId="0f06c459-9ee2-4672-b6bd-bf466f595a1b" testId="f910ed82-0c15-5fc2-de25-f9ceba99a963" testName="xUnitTestProject.CurrencyHelperTests.FormatToStringTest100(price: 7124.979180760672, expected: &quot;7124.98 zł&quot;)" computerName="DESKTOP-5URQ9PB" duration="00:00:00.0000040" startTime="2022-06-13T20:52:46.3867712+02:00" endTime="2022-06-13T20:52:46.3867714+02:00" testType="13cdc9d9-ddb5-4fa4-a97d-d965ccfc6d4b" outcome="Passed" testListId="8c84fa94-04c1-424b-9868-57a2d4851a1d" relativeResultsDirectory="0f06c459-9ee2-4672-b6bd-bf466f595a1b" />
    <UnitTestResult executionId="5c2ff354-ce1e-490c-b14f-14de6f2f8d2a" testId="84d5048a-7b2f-9b60-257e-0daa5848d93c" testName="xUnitTestProject.CurrencyHelperTests.FormatToStringTest100(price: 31300.40752580967, expected: &quot;31300.41 zł&quot;)" computerName="DESKTOP-5URQ9PB" duration="00:00:00.0000051" startTime="2022-06-13T20:52:46.3828563+02:00" endTime="2022-06-13T20:52:46.3828565+02:00" testType="13cdc9d9-ddb5-4fa4-a97d-d965ccfc6d4b" outcome="Passed" testListId="8c84fa94-04c1-424b-9868-57a2d4851a1d" relativeResultsDirectory="5c2ff354-ce1e-490c-b14f-14de6f2f8d2a" />
    <UnitTestResult executionId="3a8d3f65-9639-4504-be85-c2488e1ad639" testId="d073a14a-1a05-55ae-e697-84b172175337" testName="xUnitTestProject.CurrencyHelperTests.FormatToStringTest100(price: 52810.91713865516, expected: &quot;52810.92 zł&quot;)" computerName="DESKTOP-5URQ9PB" duration="00:00:00.0000039" startTime="2022-06-13T20:52:46.3856743+02:00" endTime="2022-06-13T20:52:46.3856745+02:00" testType="13cdc9d9-ddb5-4fa4-a97d-d965ccfc6d4b" outcome="Passed" testListId="8c84fa94-04c1-424b-9868-57a2d4851a1d" relativeResultsDirectory="3a8d3f65-9639-4504-be85-c2488e1ad639" />
    <UnitTestResult executionId="6ec12334-6f8c-4d39-8e50-ec1d39224997" testId="081370ca-48f4-57e4-cbf0-362048ef7fc7" testName="xUnitTestProject.CurrencyHelperTests.FormatToStringTest100(price: 468.83385119346616, expected: &quot;468.83 zł&quot;)" computerName="DESKTOP-5URQ9PB" duration="00:00:00.0000037" startTime="2022-06-13T20:52:46.3866824+02:00" endTime="2022-06-13T20:52:46.3866825+02:00" testType="13cdc9d9-ddb5-4fa4-a97d-d965ccfc6d4b" outcome="Passed" testListId="8c84fa94-04c1-424b-9868-57a2d4851a1d" relativeResultsDirectory="6ec12334-6f8c-4d39-8e50-ec1d39224997" />
    <UnitTestResult executionId="23af9587-f2b2-45b6-b995-753aadfea585" testId="b611b239-b1eb-9204-e0e7-5dd83b648e27" testName="xUnitTestProject.CurrencyHelperTests.FormatToStringTest100(price: 79973.08417819678, expected: &quot;79973.08 zł&quot;)" computerName="DESKTOP-5URQ9PB" duration="00:00:00.0000038" startTime="2022-06-13T20:52:46.3869005+02:00" endTime="2022-06-13T20:52:46.3869006+02:00" testType="13cdc9d9-ddb5-4fa4-a97d-d965ccfc6d4b" outcome="Passed" testListId="8c84fa94-04c1-424b-9868-57a2d4851a1d" relativeResultsDirectory="23af9587-f2b2-45b6-b995-753aadfea585" />
    <UnitTestResult executionId="174ff693-9a7e-4f70-9bb1-8f827fe48234" testId="dafd8801-e3be-22df-9fa5-764356cf2ca4" testName="xUnitTestProject.CurrencyHelperTests.FormatToStringTest100(price: 16383.352881839199, expected: &quot;16383.35 zł&quot;)" computerName="DESKTOP-5URQ9PB" duration="00:00:00.0000039" startTime="2022-06-13T20:52:46.3829161+02:00" endTime="2022-06-13T20:52:46.3829163+02:00" testType="13cdc9d9-ddb5-4fa4-a97d-d965ccfc6d4b" outcome="Passed" testListId="8c84fa94-04c1-424b-9868-57a2d4851a1d" relativeResultsDirectory="174ff693-9a7e-4f70-9bb1-8f827fe48234" />
    <UnitTestResult executionId="919a6487-81c8-4402-aa29-bc0c1f3f8619" testId="3bb4baee-0ac4-fa1e-e791-31ce6ef2b58b" testName="xUnitTestProject.CurrencyHelperTests.FormatToStringTest100(price: 28192.949128067565, expected: &quot;28192.95 zł&quot;)" computerName="DESKTOP-5URQ9PB" duration="00:00:00.0000039" startTime="2022-06-13T20:52:46.3879136+02:00" endTime="2022-06-13T20:52:46.3879137+02:00" testType="13cdc9d9-ddb5-4fa4-a97d-d965ccfc6d4b" outcome="Passed" testListId="8c84fa94-04c1-424b-9868-57a2d4851a1d" relativeResultsDirectory="919a6487-81c8-4402-aa29-bc0c1f3f8619" />
    <UnitTestResult executionId="76c8ed0d-d9ad-4bed-a292-da49af5f2488" testId="9e65b83c-d062-a995-788e-1f867295fc3e" testName="xUnitTestProject.CurrencyHelperTests.FormatToStringTest100(price: 1741.3334432818617, expected: &quot;1741.33 zł&quot;)" computerName="DESKTOP-5URQ9PB" duration="00:00:00.0000038" startTime="2022-06-13T20:52:46.3867422+02:00" endTime="2022-06-13T20:52:46.3867424+02:00" testType="13cdc9d9-ddb5-4fa4-a97d-d965ccfc6d4b" outcome="Passed" testListId="8c84fa94-04c1-424b-9868-57a2d4851a1d" relativeResultsDirectory="76c8ed0d-d9ad-4bed-a292-da49af5f2488" />
    <UnitTestResult executionId="c1442d70-492d-428a-9abe-e9128e8b8b65" testId="649e78c8-4417-17eb-ca16-441525722fe8" testName="xUnitTestProject.CurrencyHelperTests.FormatToStringTest100(price: 50339.31259969497, expected: &quot;50339.31 zł&quot;)" computerName="DESKTOP-5URQ9PB" duration="00:00:00.0000039" startTime="2022-06-13T20:52:46.3888218+02:00" endTime="2022-06-13T20:52:46.3888219+02:00" testType="13cdc9d9-ddb5-4fa4-a97d-d965ccfc6d4b" outcome="Passed" testListId="8c84fa94-04c1-424b-9868-57a2d4851a1d" relativeResultsDirectory="c1442d70-492d-428a-9abe-e9128e8b8b65" />
    <UnitTestResult executionId="60e94691-ca90-4ef7-a2ad-326d64ab84bc" testId="eddb088f-c107-aeac-fa0d-87b3c14eed53" testName="xUnitTestProject.CurrencyHelperTests.FormatToStringTest100(price: 1614.2516601789982, expected: &quot;1614.25 zł&quot;)" computerName="DESKTOP-5URQ9PB" duration="00:00:00.0000040" startTime="2022-06-13T20:52:46.3836158+02:00" endTime="2022-06-13T20:52:46.3836161+02:00" testType="13cdc9d9-ddb5-4fa4-a97d-d965ccfc6d4b" outcome="Passed" testListId="8c84fa94-04c1-424b-9868-57a2d4851a1d" relativeResultsDirectory="60e94691-ca90-4ef7-a2ad-326d64ab84bc" />
    <UnitTestResult executionId="40703b4f-26d0-4e17-9050-117ea0aedd81" testId="4b242f0c-9170-3330-c57e-f3c12dfe43da" testName="xUnitTestProject.CurrencyHelperTests.FormatToStringTest100(price: 28502.61128259758, expected: &quot;28502.61 zł&quot;)" computerName="DESKTOP-5URQ9PB" duration="00:00:00.0000040" startTime="2022-06-13T20:52:46.3944315+02:00" endTime="2022-06-13T20:52:46.3944316+02:00" testType="13cdc9d9-ddb5-4fa4-a97d-d965ccfc6d4b" outcome="Passed" testListId="8c84fa94-04c1-424b-9868-57a2d4851a1d" relativeResultsDirectory="40703b4f-26d0-4e17-9050-117ea0aedd81" />
    <UnitTestResult executionId="8b36d6c6-b015-4e96-a2df-9198d7155ad1" testId="bee9f8c6-2947-a818-585e-f32a0181ed37" testName="xUnitTestProject.CurrencyHelperTests.FormatToStringTest100(price: 38640.62766693003, expected: &quot;38640.63 zł&quot;)" computerName="DESKTOP-5URQ9PB" duration="00:00:00.0000040" startTime="2022-06-13T20:52:46.3839005+02:00" endTime="2022-06-13T20:52:46.3839008+02:00" testType="13cdc9d9-ddb5-4fa4-a97d-d965ccfc6d4b" outcome="Passed" testListId="8c84fa94-04c1-424b-9868-57a2d4851a1d" relativeResultsDirectory="8b36d6c6-b015-4e96-a2df-9198d7155ad1" />
    <UnitTestResult executionId="263e94e2-91ae-43c7-8c02-da03426e4f9a" testId="bc595dee-6f3e-e241-694d-ba68ac66ab16" testName="xUnitTestProject.CurrencyHelperTests.FormatToStringTest100(price: 1108.7197928823157, expected: &quot;1108.72 zł&quot;)" computerName="DESKTOP-5URQ9PB" duration="00:00:00.0000039" startTime="2022-06-13T20:52:46.3866485+02:00" endTime="2022-06-13T20:52:46.3866488+02:00" testType="13cdc9d9-ddb5-4fa4-a97d-d965ccfc6d4b" outcome="Passed" testListId="8c84fa94-04c1-424b-9868-57a2d4851a1d" relativeResultsDirectory="263e94e2-91ae-43c7-8c02-da03426e4f9a" />
    <UnitTestResult executionId="9d1ae0bb-2dc2-47e0-9144-77ff672dfc72" testId="c05fb9c5-7f95-15f9-16c2-7f5bfc2c47e7" testName="xUnitTestProject.CurrencyHelperTests.FormatToStringTest100(price: 78822.37212685234, expected: &quot;78822.37 zł&quot;)" computerName="DESKTOP-5URQ9PB" duration="00:00:00.0000039" startTime="2022-06-13T20:52:46.3858300+02:00" endTime="2022-06-13T20:52:46.3858302+02:00" testType="13cdc9d9-ddb5-4fa4-a97d-d965ccfc6d4b" outcome="Passed" testListId="8c84fa94-04c1-424b-9868-57a2d4851a1d" relativeResultsDirectory="9d1ae0bb-2dc2-47e0-9144-77ff672dfc72" />
    <UnitTestResult executionId="3d59a09c-f192-45fc-8ea6-c4a95169c527" testId="3321cd65-ef8c-d2ee-7a10-5262976081ff" testName="xUnitTestProject.CurrencyHelperTests.FormatToStringTest100(price: 5396.620088554277, expected: &quot;5396.62 zł&quot;)" computerName="DESKTOP-5URQ9PB" duration="00:00:00.0000040" startTime="2022-06-13T20:52:46.3718074+02:00" endTime="2022-06-13T20:52:46.3718076+02:00" testType="13cdc9d9-ddb5-4fa4-a97d-d965ccfc6d4b" outcome="Passed" testListId="8c84fa94-04c1-424b-9868-57a2d4851a1d" relativeResultsDirectory="3d59a09c-f192-45fc-8ea6-c4a95169c527" />
    <UnitTestResult executionId="c324b7de-6292-4144-a25d-141e4d69841e" testId="91415d54-575f-b471-1dc0-1631e68e02ab" testName="xUnitTestProject.CurrencyHelperTests.FormatToStringTest100(price: 1208.1827589441941, expected: &quot;1208.18 zł&quot;)" computerName="DESKTOP-5URQ9PB" duration="00:00:00.0000041" startTime="2022-06-13T20:52:46.3819555+02:00" endTime="2022-06-13T20:52:46.3819556+02:00" testType="13cdc9d9-ddb5-4fa4-a97d-d965ccfc6d4b" outcome="Passed" testListId="8c84fa94-04c1-424b-9868-57a2d4851a1d" relativeResultsDirectory="c324b7de-6292-4144-a25d-141e4d69841e" />
    <UnitTestResult executionId="d6f43377-5995-4fac-9883-6b5cb7c61f44" testId="0bf4b77c-c3da-f3e0-15d0-aa3788b09ed0" testName="xUnitTestProject.CurrencyHelperTests.FormatToStringTest100(price: 17953.338243749615, expected: &quot;17953.34 zł&quot;)" computerName="DESKTOP-5URQ9PB" duration="00:00:00.0000039" startTime="2022-06-13T20:52:46.3868120+02:00" endTime="2022-06-13T20:52:46.3868122+02:00" testType="13cdc9d9-ddb5-4fa4-a97d-d965ccfc6d4b" outcome="Passed" testListId="8c84fa94-04c1-424b-9868-57a2d4851a1d" relativeResultsDirectory="d6f43377-5995-4fac-9883-6b5cb7c61f44" />
    <UnitTestResult executionId="d9954b7b-271c-4241-bb68-f9fc44108089" testId="571d5971-1ee5-2e96-a2c2-f9965b0b3623" testName="xUnitTestProject.CurrencyHelperTests.FormatToStringTest100(price: 7594.279030504766, expected: &quot;7594.28 zł&quot;)" computerName="DESKTOP-5URQ9PB" duration="00:00:00.0000039" startTime="2022-06-13T20:52:46.3887192+02:00" endTime="2022-06-13T20:52:46.3887195+02:00" testType="13cdc9d9-ddb5-4fa4-a97d-d965ccfc6d4b" outcome="Passed" testListId="8c84fa94-04c1-424b-9868-57a2d4851a1d" relativeResultsDirectory="d9954b7b-271c-4241-bb68-f9fc44108089" />
    <UnitTestResult executionId="7e0bc531-d449-42e3-a836-0e14a6066a6c" testId="ac0c8e8e-94ce-f433-7c74-70876edf6736" testName="xUnitTestProject.CurrencyHelperTests.FormatToStringTest100(price: 10914.360814625099, expected: &quot;10914.36 zł&quot;)" computerName="DESKTOP-5URQ9PB" duration="00:00:00.0000039" startTime="2022-06-13T20:52:46.3796825+02:00" endTime="2022-06-13T20:52:46.3796827+02:00" testType="13cdc9d9-ddb5-4fa4-a97d-d965ccfc6d4b" outcome="Passed" testListId="8c84fa94-04c1-424b-9868-57a2d4851a1d" relativeResultsDirectory="7e0bc531-d449-42e3-a836-0e14a6066a6c" />
    <UnitTestResult executionId="f828d47c-b734-4ff5-b840-f6803750ccc6" testId="77be9760-e130-8956-fbc4-11e64213b336" testName="xUnitTestProject.CurrencyHelperTests.FormatToStringTest100(price: 14237.13226245955, expected: &quot;14237.13 zł&quot;)" computerName="DESKTOP-5URQ9PB" duration="00:00:00.0000039" startTime="2022-06-13T20:52:46.3857331+02:00" endTime="2022-06-13T20:52:46.3857332+02:00" testType="13cdc9d9-ddb5-4fa4-a97d-d965ccfc6d4b" outcome="Passed" testListId="8c84fa94-04c1-424b-9868-57a2d4851a1d" relativeResultsDirectory="f828d47c-b734-4ff5-b840-f6803750ccc6" />
    <UnitTestResult executionId="94ba3c8f-050b-4cc7-9c2b-860dee3ffced" testId="e5d3d46a-1577-bac4-8f03-ab7ff7705a9f" testName="xUnitTestProject.CurrencyHelperTests.FormatToStringTest100(price: 52858.048916166204, expected: &quot;52858.05 zł&quot;)" computerName="DESKTOP-5URQ9PB" duration="00:00:00.0000039" startTime="2022-06-13T20:52:46.3827333+02:00" endTime="2022-06-13T20:52:46.3827335+02:00" testType="13cdc9d9-ddb5-4fa4-a97d-d965ccfc6d4b" outcome="Passed" testListId="8c84fa94-04c1-424b-9868-57a2d4851a1d" relativeResultsDirectory="94ba3c8f-050b-4cc7-9c2b-860dee3ffced" />
    <UnitTestResult executionId="64b964ee-f8af-4a4d-b574-53aa99e3226d" testId="7a7c5696-e868-4bc5-0840-551dde71b5f9" testName="xUnitTestProject.CurrencyHelperTests.FormatToStringTest100(price: 18990.72499258012, expected: &quot;18990.72 zł&quot;)" computerName="DESKTOP-5URQ9PB" duration="00:00:00.0000039" startTime="2022-06-13T20:52:46.3857664+02:00" endTime="2022-06-13T20:52:46.3857666+02:00" testType="13cdc9d9-ddb5-4fa4-a97d-d965ccfc6d4b" outcome="Passed" testListId="8c84fa94-04c1-424b-9868-57a2d4851a1d" relativeResultsDirectory="64b964ee-f8af-4a4d-b574-53aa99e3226d" />
    <UnitTestResult executionId="3efe2f9c-0105-4719-8dc8-21ccbd0ca1dc" testId="2738362e-e19d-f6a9-dd3e-b18b1bacf9a4" testName="xUnitTestProject.CurrencyHelperTests.FormatToStringTest100(price: 6958.393354767186, expected: &quot;6958.39 zł&quot;)" computerName="DESKTOP-5URQ9PB" duration="00:00:00.0000038" startTime="2022-06-13T20:52:46.3847788+02:00" endTime="2022-06-13T20:52:46.3847790+02:00" testType="13cdc9d9-ddb5-4fa4-a97d-d965ccfc6d4b" outcome="Passed" testListId="8c84fa94-04c1-424b-9868-57a2d4851a1d" relativeResultsDirectory="3efe2f9c-0105-4719-8dc8-21ccbd0ca1dc" />
    <UnitTestResult executionId="ab2f16f9-5d95-44f5-bc4b-8fc3e56e1ead" testId="67a2e17d-2e99-1573-e414-664dc3a5daec" testName="xUnitTestProject.CurrencyHelperTests.FormatToStringTest100(price: 45035.160883881224, expected: &quot;45035.16 zł&quot;)" computerName="DESKTOP-5URQ9PB" duration="00:00:00.0000052" startTime="2022-06-13T20:52:46.3716737+02:00" endTime="2022-06-13T20:52:46.3716740+02:00" testType="13cdc9d9-ddb5-4fa4-a97d-d965ccfc6d4b" outcome="Passed" testListId="8c84fa94-04c1-424b-9868-57a2d4851a1d" relativeResultsDirectory="ab2f16f9-5d95-44f5-bc4b-8fc3e56e1ead" />
    <UnitTestResult executionId="24cf8b89-c05a-4938-be6b-4f4f16a9a69e" testId="5be8086d-757f-607e-3916-e3fc3a32dab6" testName="xUnitTestProject.CurrencyHelperTests.FormatToStringTest100(price: 726.8087564975995, expected: &quot;726.81 zł&quot;)" computerName="DESKTOP-5URQ9PB" duration="00:00:00.0000038" startTime="2022-06-13T20:52:46.3878842+02:00" endTime="2022-06-13T20:52:46.3878845+02:00" testType="13cdc9d9-ddb5-4fa4-a97d-d965ccfc6d4b" outcome="Passed" testListId="8c84fa94-04c1-424b-9868-57a2d4851a1d" relativeResultsDirectory="24cf8b89-c05a-4938-be6b-4f4f16a9a69e" />
    <UnitTestResult executionId="b001d108-380f-4998-aafc-f8c47b830ee0" testId="1dbb93f2-1030-009d-6521-2ea9595c26a6" testName="xUnitTestProject.CurrencyHelperTests.FormatToStringTest100(price: 19541.10539777116, expected: &quot;19541.11 zł&quot;)" computerName="DESKTOP-5URQ9PB" duration="00:00:00.0000041" startTime="2022-06-13T20:52:46.3857960+02:00" endTime="2022-06-13T20:52:46.3857962+02:00" testType="13cdc9d9-ddb5-4fa4-a97d-d965ccfc6d4b" outcome="Passed" testListId="8c84fa94-04c1-424b-9868-57a2d4851a1d" relativeResultsDirectory="b001d108-380f-4998-aafc-f8c47b830ee0" />
    <UnitTestResult executionId="dfe067e1-8f6c-40a7-a197-a459c2feb4ca" testId="5e812169-6686-9fe1-e23d-5fb1628863ab" testName="xUnitTestProject.CurrencyHelperTests.FormatToStringTest100(price: 1649.0127968480872, expected: &quot;1649.01 zł&quot;)" computerName="DESKTOP-5URQ9PB" duration="00:00:00.0000038" startTime="2022-06-13T20:52:46.3889397+02:00" endTime="2022-06-13T20:52:46.3889398+02:00" testType="13cdc9d9-ddb5-4fa4-a97d-d965ccfc6d4b" outcome="Passed" testListId="8c84fa94-04c1-424b-9868-57a2d4851a1d" relativeResultsDirectory="dfe067e1-8f6c-40a7-a197-a459c2feb4ca" />
    <UnitTestResult executionId="92a7f303-5b6f-4bd7-824d-df7bead09e63" testId="2b46eb58-6e84-4876-9d74-10f782a2b95d" testName="xUnitTestProject.CurrencyHelperTests.FormatToStringTest100(price: 39178.05988345298, expected: &quot;39178.06 zł&quot;)" computerName="DESKTOP-5URQ9PB" duration="00:00:00.0000037" startTime="2022-06-13T20:52:46.3945207+02:00" endTime="2022-06-13T20:52:46.3945209+02:00" testType="13cdc9d9-ddb5-4fa4-a97d-d965ccfc6d4b" outcome="Passed" testListId="8c84fa94-04c1-424b-9868-57a2d4851a1d" relativeResultsDirectory="92a7f303-5b6f-4bd7-824d-df7bead09e63" />
    <UnitTestResult executionId="ffd296ce-5e05-482c-b241-981a44591821" testId="c2fcc150-05bf-fac8-cb5b-156769265741" testName="xUnitTestProject.CurrencyHelperTests.FormatToStringTest100(price: 10784.438152511344, expected: &quot;10784.44 zł&quot;)" computerName="DESKTOP-5URQ9PB" duration="00:00:00.0000039" startTime="2022-06-13T20:52:46.3943009+02:00" endTime="2022-06-13T20:52:46.3943015+02:00" testType="13cdc9d9-ddb5-4fa4-a97d-d965ccfc6d4b" outcome="Passed" testListId="8c84fa94-04c1-424b-9868-57a2d4851a1d" relativeResultsDirectory="ffd296ce-5e05-482c-b241-981a44591821" />
    <UnitTestResult executionId="6e6a37d6-0900-4a2b-a655-01b85d91a416" testId="d47953b3-b855-d065-3ee0-ac12db86be39" testName="xUnitTestProject.CurrencyHelperTests.FormatToStringTest100(price: 35784.54232617307, expected: &quot;35784.54 zł&quot;)" computerName="DESKTOP-5URQ9PB" duration="00:00:00.0000039" startTime="2022-06-13T20:52:46.3856105+02:00" endTime="2022-06-13T20:52:46.3856108+02:00" testType="13cdc9d9-ddb5-4fa4-a97d-d965ccfc6d4b" outcome="Passed" testListId="8c84fa94-04c1-424b-9868-57a2d4851a1d" relativeResultsDirectory="6e6a37d6-0900-4a2b-a655-01b85d91a416" />
    <UnitTestResult executionId="92e7ced6-444d-497e-a5b0-ff3fc20df81d" testId="4053e7cd-71d6-290b-ba32-3b8047db680a" testName="xUnitTestProject.CurrencyHelperTests.FormatToStringTest100(price: 317.9090540706688, expected: &quot;317.91 zł&quot;)" computerName="DESKTOP-5URQ9PB" duration="00:00:00.0000038" startTime="2022-06-13T20:52:46.3837089+02:00" endTime="2022-06-13T20:52:46.3837091+02:00" testType="13cdc9d9-ddb5-4fa4-a97d-d965ccfc6d4b" outcome="Passed" testListId="8c84fa94-04c1-424b-9868-57a2d4851a1d" relativeResultsDirectory="92e7ced6-444d-497e-a5b0-ff3fc20df81d" />
    <UnitTestResult executionId="b9ba045b-0e7c-4848-8cfd-f2fd2ddb70ec" testId="7105c4e1-ce32-5c97-6709-d6bf0a4e3d55" testName="xUnitTestProject.CurrencyHelperTests.FormatToStringTest100(price: 5628.028273674672, expected: &quot;5628.03 zł&quot;)" computerName="DESKTOP-5URQ9PB" duration="00:00:00.0000038" startTime="2022-06-13T20:52:46.3879430+02:00" endTime="2022-06-13T20:52:46.3879432+02:00" testType="13cdc9d9-ddb5-4fa4-a97d-d965ccfc6d4b" outcome="Passed" testListId="8c84fa94-04c1-424b-9868-57a2d4851a1d" relativeResultsDirectory="b9ba045b-0e7c-4848-8cfd-f2fd2ddb70ec" />
    <UnitTestResult executionId="f75c0d0e-7bc3-4b6d-a655-df4e76df9202" testId="7c8e7438-e86b-d1a6-214d-a8d6be86bec7" testName="xUnitTestProject.CurrencyHelperTests.FormatToStringTest100(price: 77904.0088552246, expected: &quot;77904.01 zł&quot;)" computerName="DESKTOP-5URQ9PB" duration="00:00:00.0000039" startTime="2022-06-13T20:52:46.3797727+02:00" endTime="2022-06-13T20:52:46.3797729+02:00" testType="13cdc9d9-ddb5-4fa4-a97d-d965ccfc6d4b" outcome="Passed" testListId="8c84fa94-04c1-424b-9868-57a2d4851a1d" relativeResultsDirectory="f75c0d0e-7bc3-4b6d-a655-df4e76df9202" />
    <UnitTestResult executionId="256fabc0-d281-4cec-a4dd-6145efb3a4f9" testId="f0bb637b-8cf3-7fb0-e10c-0038b91cfed9" testName="xUnitTestProject.CurrencyHelperTests.FormatToStringTest100(price: 11912.404131636213, expected: &quot;11912.40 zł&quot;)" computerName="DESKTOP-5URQ9PB" duration="00:00:00.0000038" startTime="2022-06-13T20:52:46.3945501+02:00" endTime="2022-06-13T20:52:46.3945503+02:00" testType="13cdc9d9-ddb5-4fa4-a97d-d965ccfc6d4b" outcome="Passed" testListId="8c84fa94-04c1-424b-9868-57a2d4851a1d" relativeResultsDirectory="256fabc0-d281-4cec-a4dd-6145efb3a4f9" />
    <UnitTestResult executionId="43113d71-76f8-44f0-ac87-7626ca43678b" testId="aa846e16-83e3-6a8d-ea1c-cf150206bc05" testName="xUnitTestProject.CurrencyHelperTests.FormatToStringTest100(price: 37589.670531794276, expected: &quot;37589.67 zł&quot;)" computerName="DESKTOP-5URQ9PB" duration="00:00:00.0000041" startTime="2022-06-13T20:52:46.3848725+02:00" endTime="2022-06-13T20:52:46.3848727+02:00" testType="13cdc9d9-ddb5-4fa4-a97d-d965ccfc6d4b" outcome="Passed" testListId="8c84fa94-04c1-424b-9868-57a2d4851a1d" relativeResultsDirectory="43113d71-76f8-44f0-ac87-7626ca43678b" />
    <UnitTestResult executionId="b6795089-d53a-4e59-ba76-bca426a10be1" testId="f9f74b79-cea9-65cc-b4bd-68b4ed9d0743" testName="xUnitTestProject.CurrencyHelperTests.FormatToStringTest100(price: 24957.469502810607, expected: &quot;24957.47 zł&quot;)" computerName="DESKTOP-5URQ9PB" duration="00:00:00.0000041" startTime="2022-06-13T20:52:46.3798485+02:00" endTime="2022-06-13T20:52:46.3798487+02:00" testType="13cdc9d9-ddb5-4fa4-a97d-d965ccfc6d4b" outcome="Passed" testListId="8c84fa94-04c1-424b-9868-57a2d4851a1d" relativeResultsDirectory="b6795089-d53a-4e59-ba76-bca426a10be1" />
    <UnitTestResult executionId="550d6ff5-56d1-4bc6-b35e-851293bc2868" testId="99620ffe-5e9a-128c-a6ac-13976c610d3b" testName="xUnitTestProject.CurrencyHelperTests.FormatToStringTest100(price: 11100.829211263372, expected: &quot;11100.83 zł&quot;)" computerName="DESKTOP-5URQ9PB" duration="00:00:00.0000185" startTime="2022-06-13T20:52:46.3715694+02:00" endTime="2022-06-13T20:52:46.3715701+02:00" testType="13cdc9d9-ddb5-4fa4-a97d-d965ccfc6d4b" outcome="Passed" testListId="8c84fa94-04c1-424b-9868-57a2d4851a1d" relativeResultsDirectory="550d6ff5-56d1-4bc6-b35e-851293bc2868" />
    <UnitTestResult executionId="f403339f-3913-4b06-a713-de93e8d58109" testId="f1fba880-f684-09f7-700f-be107cba176b" testName="xUnitTestProject.CurrencyHelperTests.FormatToStringTest100(price: 67338.80028760935, expected: &quot;67338.80 zł&quot;)" computerName="DESKTOP-5URQ9PB" duration="00:00:00.0000039" startTime="2022-06-13T20:52:46.3878544+02:00" endTime="2022-06-13T20:52:46.3878546+02:00" testType="13cdc9d9-ddb5-4fa4-a97d-d965ccfc6d4b" outcome="Passed" testListId="8c84fa94-04c1-424b-9868-57a2d4851a1d" relativeResultsDirectory="f403339f-3913-4b06-a713-de93e8d58109" />
    <UnitTestResult executionId="6950810a-7806-4ed9-95c5-369efc2dba8d" testId="8b5b6910-6f6f-c9ce-8825-e4185407df85" testName="xUnitTestProject.CurrencyHelperTests.FormatToStringTest100(price: 736.7398243680316, expected: &quot;736.74 zł&quot;)" computerName="DESKTOP-5URQ9PB" duration="00:00:00.0000039" startTime="2022-06-13T20:52:46.3867126+02:00" endTime="2022-06-13T20:52:46.3867127+02:00" testType="13cdc9d9-ddb5-4fa4-a97d-d965ccfc6d4b" outcome="Passed" testListId="8c84fa94-04c1-424b-9868-57a2d4851a1d" relativeResultsDirectory="6950810a-7806-4ed9-95c5-369efc2dba8d" />
    <UnitTestResult executionId="8aabf8b2-2fc0-4055-98cc-b7f2b64f08d1" testId="29335311-3390-3a4e-3295-e7d01500b61d" testName="xUnitTestProject.CurrencyHelperTests.FormatToStringTest100(price: 74514.06270644537, expected: &quot;74514.06 zł&quot;)" computerName="DESKTOP-5URQ9PB" duration="00:00:00.0000041" startTime="2022-06-13T20:52:46.3718373+02:00" endTime="2022-06-13T20:52:46.3718375+02:00" testType="13cdc9d9-ddb5-4fa4-a97d-d965ccfc6d4b" outcome="Passed" testListId="8c84fa94-04c1-424b-9868-57a2d4851a1d" relativeResultsDirectory="8aabf8b2-2fc0-4055-98cc-b7f2b64f08d1" />
    <UnitTestResult executionId="ba7bcedb-b022-49ad-bd2a-1143b042e71a" testId="ff59583d-5ce7-46c9-0e7b-54c700821ca2" testName="xUnitTestProject.CurrencyHelperTests.FormatToStringTest100(price: 14172.682747822573, expected: &quot;14172.68 zł&quot;)" computerName="DESKTOP-5URQ9PB" duration="00:00:00.0000038" startTime="2022-06-13T20:52:46.3962142+02:00" endTime="2022-06-13T20:52:46.3962149+02:00" testType="13cdc9d9-ddb5-4fa4-a97d-d965ccfc6d4b" outcome="Passed" testListId="8c84fa94-04c1-424b-9868-57a2d4851a1d" relativeResultsDirectory="ba7bcedb-b022-49ad-bd2a-1143b042e71a" />
    <UnitTestResult executionId="453eccf5-22fc-4c6c-a549-513b3e301bf4" testId="ec952d1c-d4b8-4514-2b06-3c5983e68faa" testName="xUnitTestProject.CurrencyHelperTests.FormatToStringTest100(price: 10268.547802396373, expected: &quot;10268.55 zł&quot;)" computerName="DESKTOP-5URQ9PB" duration="00:00:00.0000039" startTime="2022-06-13T20:52:46.3887580+02:00" endTime="2022-06-13T20:52:46.3887582+02:00" testType="13cdc9d9-ddb5-4fa4-a97d-d965ccfc6d4b" outcome="Passed" testListId="8c84fa94-04c1-424b-9868-57a2d4851a1d" relativeResultsDirectory="453eccf5-22fc-4c6c-a549-513b3e301bf4" />
    <UnitTestResult executionId="08e15ec4-2c5f-487a-93ce-536c2551029b" testId="7d21651a-97b6-7b0a-2e61-911a28703fd6" testName="xUnitTestProject.CurrencyHelperTests.FormatToStringTest100(price: 17252.06220983903, expected: &quot;17252.06 zł&quot;)" computerName="DESKTOP-5URQ9PB" duration="00:00:00.0000040" startTime="2022-06-13T20:52:46.3876944+02:00" endTime="2022-06-13T20:52:46.3876948+02:00" testType="13cdc9d9-ddb5-4fa4-a97d-d965ccfc6d4b" outcome="Passed" testListId="8c84fa94-04c1-424b-9868-57a2d4851a1d" relativeResultsDirectory="08e15ec4-2c5f-487a-93ce-536c2551029b" />
    <UnitTestResult executionId="b78bffa7-2547-4df0-a9b8-c35df048fdd4" testId="33f107c2-ab0d-ae03-80da-536fe345a886" testName="xUnitTestProject.CurrencyHelperTests.FormatToStringTest100(price: 21961.272673999552, expected: &quot;21961.27 zł&quot;)" computerName="DESKTOP-5URQ9PB" duration="00:00:00.0000040" startTime="2022-06-13T20:52:46.3846255+02:00" endTime="2022-06-13T20:52:46.3846258+02:00" testType="13cdc9d9-ddb5-4fa4-a97d-d965ccfc6d4b" outcome="Passed" testListId="8c84fa94-04c1-424b-9868-57a2d4851a1d" relativeResultsDirectory="b78bffa7-2547-4df0-a9b8-c35df048fdd4" />
    <UnitTestResult executionId="5b8a4543-3c12-4fbd-9c73-ac8bcb33c197" testId="49a05d1f-a775-19c0-25af-f3a1e1d16690" testName="xUnitTestProject.CurrencyHelperTests.FormatToStringTest100(price: 32216.686763396807, expected: &quot;32216.69 zł&quot;)" computerName="DESKTOP-5URQ9PB" duration="00:00:00.0000041" startTime="2022-06-13T20:52:46.3717424+02:00" endTime="2022-06-13T20:52:46.3717425+02:00" testType="13cdc9d9-ddb5-4fa4-a97d-d965ccfc6d4b" outcome="Passed" testListId="8c84fa94-04c1-424b-9868-57a2d4851a1d" relativeResultsDirectory="5b8a4543-3c12-4fbd-9c73-ac8bcb33c197" />
    <UnitTestResult executionId="7cddf1dd-0e68-4ef6-ba23-49b852a7663c" testId="c57e7001-ae2f-cc3c-80aa-b60a735cb853" testName="xUnitTestProject.CurrencyHelperTests.FormatToStringTest100(price: 80609.94377465078, expected: &quot;80609.94 zł&quot;)" computerName="DESKTOP-5URQ9PB" duration="00:00:00.0000047" startTime="2022-06-13T20:52:46.3836796+02:00" endTime="2022-06-13T20:52:46.3836797+02:00" testType="13cdc9d9-ddb5-4fa4-a97d-d965ccfc6d4b" outcome="Passed" testListId="8c84fa94-04c1-424b-9868-57a2d4851a1d" relativeResultsDirectory="7cddf1dd-0e68-4ef6-ba23-49b852a7663c" />
    <UnitTestResult executionId="b232377d-90c1-4b87-abca-9ada260cc0a9" testId="0f154440-ee39-dfa0-38c3-2b0334e011dd" testName="xUnitTestProject.CurrencyHelperTests.FormatToStringTest100(price: 6809.40195803037, expected: &quot;6809.40 zł&quot;)" computerName="DESKTOP-5URQ9PB" duration="00:00:00.0000038" startTime="2022-06-13T20:52:46.3847197+02:00" endTime="2022-06-13T20:52:46.3847198+02:00" testType="13cdc9d9-ddb5-4fa4-a97d-d965ccfc6d4b" outcome="Passed" testListId="8c84fa94-04c1-424b-9868-57a2d4851a1d" relativeResultsDirectory="b232377d-90c1-4b87-abca-9ada260cc0a9" />
    <UnitTestResult executionId="1a8869f1-e4f4-42a3-8fb5-2c8998b59d8b" testId="fb32513a-ed20-1e61-8c8f-5e74dc95816c" testName="xUnitTestProject.CurrencyHelperTests.FormatToStringTest100(price: 286.92120604539343, expected: &quot;286.92 zł&quot;)" computerName="DESKTOP-5URQ9PB" duration="00:00:00.0000040" startTime="2022-06-13T20:52:46.3818064+02:00" endTime="2022-06-13T20:52:46.3818066+02:00" testType="13cdc9d9-ddb5-4fa4-a97d-d965ccfc6d4b" outcome="Passed" testListId="8c84fa94-04c1-424b-9868-57a2d4851a1d" relativeResultsDirectory="1a8869f1-e4f4-42a3-8fb5-2c8998b59d8b" />
    <UnitTestResult executionId="7e3ac374-5f41-44e3-b3f3-4b85d3d8ecfb" testId="5a8675de-6b57-6a3b-e014-8c438f537aee" testName="xUnitTestProject.CurrencyHelperTests.FormatToStringTest100(price: 41876.979471482795, expected: &quot;41876.98 zł&quot;)" computerName="DESKTOP-5URQ9PB" duration="00:00:00.0000037" startTime="2022-06-13T20:52:46.3944015+02:00" endTime="2022-06-13T20:52:46.3944017+02:00" testType="13cdc9d9-ddb5-4fa4-a97d-d965ccfc6d4b" outcome="Passed" testListId="8c84fa94-04c1-424b-9868-57a2d4851a1d" relativeResultsDirectory="7e3ac374-5f41-44e3-b3f3-4b85d3d8ecfb" />
    <UnitTestResult executionId="39902f42-d4b1-4447-8a85-03839859ef98" testId="50ea2bcc-2c4a-f936-b10c-5e627f71076d" testName="xUnitTestProject.CurrencyHelperTests.FormatToStringTest100(price: 6890.028458985514, expected: &quot;6890.03 zł&quot;)" computerName="DESKTOP-5URQ9PB" duration="00:00:00.0000039" startTime="2022-06-13T20:52:46.3846595+02:00" endTime="2022-06-13T20:52:46.3846596+02:00" testType="13cdc9d9-ddb5-4fa4-a97d-d965ccfc6d4b" outcome="Passed" testListId="8c84fa94-04c1-424b-9868-57a2d4851a1d" relativeResultsDirectory="39902f42-d4b1-4447-8a85-03839859ef98" />
    <UnitTestResult executionId="23c75058-ae61-405a-9263-2b48ba7d688d" testId="afb9fcf3-f392-dcf0-c2e9-6922ff45e46f" testName="xUnitTestProject.CurrencyHelperTests.FormatToStringTest100(price: 740.3213011405064, expected: &quot;740.32 zł&quot;)" computerName="DESKTOP-5URQ9PB" duration="00:00:00.0000039" startTime="2022-06-13T20:52:46.3838425+02:00" endTime="2022-06-13T20:52:46.3838428+02:00" testType="13cdc9d9-ddb5-4fa4-a97d-d965ccfc6d4b" outcome="Passed" testListId="8c84fa94-04c1-424b-9868-57a2d4851a1d" relativeResultsDirectory="23c75058-ae61-405a-9263-2b48ba7d688d" />
    <UnitTestResult executionId="10b9b458-3817-4ee9-9e50-4b52f156c4a7" testId="d7778823-4bda-74f0-3f28-6c90759e2c7c" testName="xUnitTestProject.CurrencyHelperTests.FormatToStringTest100(price: 12949.590713378317, expected: &quot;12949.59 zł&quot;)" computerName="DESKTOP-5URQ9PB" duration="00:00:00.0000037" startTime="2022-06-13T20:52:46.3827629+02:00" endTime="2022-06-13T20:52:46.3827631+02:00" testType="13cdc9d9-ddb5-4fa4-a97d-d965ccfc6d4b" outcome="Passed" testListId="8c84fa94-04c1-424b-9868-57a2d4851a1d" relativeResultsDirectory="10b9b458-3817-4ee9-9e50-4b52f156c4a7" />
    <UnitTestResult executionId="e38cd0f4-a4d2-4f4f-8d8f-629264f12dcd" testId="289f0d26-9b3d-b24d-21a5-381b61257aa2" testName="xUnitTestProject.CurrencyHelperTests.FormatToStringTest100(price: 2292.8331871111104, expected: &quot;2292.83 zł&quot;)" computerName="DESKTOP-5URQ9PB" duration="00:00:00.0000040" startTime="2022-06-13T20:52:46.3944915+02:00" endTime="2022-06-13T20:52:46.3944916+02:00" testType="13cdc9d9-ddb5-4fa4-a97d-d965ccfc6d4b" outcome="Passed" testListId="8c84fa94-04c1-424b-9868-57a2d4851a1d" relativeResultsDirectory="e38cd0f4-a4d2-4f4f-8d8f-629264f12dcd" />
    <UnitTestResult executionId="a3af872b-0703-44d1-aacf-19db56dfbeea" testId="010637aa-f4d9-9bdc-374f-aa35642ade2f" testName="xUnitTestProject.CurrencyHelperTests.FormatToStringTest100(price: 69864.17463991146, expected: &quot;69864.17 zł&quot;)" computerName="DESKTOP-5URQ9PB" duration="00:00:00.0000039" startTime="2022-06-13T20:52:46.3817721+02:00" endTime="2022-06-13T20:52:46.3817723+02:00" testType="13cdc9d9-ddb5-4fa4-a97d-d965ccfc6d4b" outcome="Passed" testListId="8c84fa94-04c1-424b-9868-57a2d4851a1d" relativeResultsDirectory="a3af872b-0703-44d1-aacf-19db56dfbeea" />
    <UnitTestResult executionId="84e5a543-8a0a-4b09-86a0-327faf114323" testId="fb2ea2cb-613f-cbc7-6fc7-7097106fa76f" testName="xUnitTestProject.CurrencyHelperTests.FormatToStringTest100(price: 28072.424637532058, expected: &quot;28072.42 zł&quot;)" computerName="DESKTOP-5URQ9PB" duration="00:00:00.0000040" startTime="2022-06-13T20:52:46.3837678+02:00" endTime="2022-06-13T20:52:46.3837680+02:00" testType="13cdc9d9-ddb5-4fa4-a97d-d965ccfc6d4b" outcome="Passed" testListId="8c84fa94-04c1-424b-9868-57a2d4851a1d" relativeResultsDirectory="84e5a543-8a0a-4b09-86a0-327faf114323" />
    <UnitTestResult executionId="758abec9-47bd-4c94-9b79-742a425fdc24" testId="1683c1a4-48ae-f0a9-f8fb-441cbed69b7e" testName="xUnitTestProject.CurrencyHelperTests.FormatToStringTest100(price: 26515.80237687929, expected: &quot;26515.80 zł&quot;)" computerName="DESKTOP-5URQ9PB" duration="00:00:00.0000047" startTime="2022-06-13T20:52:46.3837383+02:00" endTime="2022-06-13T20:52:46.3837384+02:00" testType="13cdc9d9-ddb5-4fa4-a97d-d965ccfc6d4b" outcome="Passed" testListId="8c84fa94-04c1-424b-9868-57a2d4851a1d" relativeResultsDirectory="758abec9-47bd-4c94-9b79-742a425fdc24" />
    <UnitTestResult executionId="3c26ddf8-4e61-433f-9838-29861100cb7f" testId="c154671c-e246-3280-5d80-165aa2ed0fd0" testName="xUnitTestProject.CurrencyHelperTests.FormatToStringTest100(price: 35145.379208063416, expected: &quot;35145.38 zł&quot;)" computerName="DESKTOP-5URQ9PB" duration="00:00:00.0000040" startTime="2022-06-13T20:52:46.3943715+02:00" endTime="2022-06-13T20:52:46.3943717+02:00" testType="13cdc9d9-ddb5-4fa4-a97d-d965ccfc6d4b" outcome="Passed" testListId="8c84fa94-04c1-424b-9868-57a2d4851a1d" relativeResultsDirectory="3c26ddf8-4e61-433f-9838-29861100cb7f" />
    <UnitTestResult executionId="4cbf2657-15e2-4efc-8b6d-9e6d9829ec23" testId="f9cb3c10-b6dc-401f-48ca-7381182b493b" testName="xUnitTestProject.CurrencyHelperTests.FormatToStringTest100(price: 3521.3657738167635, expected: &quot;3521.37 zł&quot;)" computerName="DESKTOP-5URQ9PB" duration="00:00:00.0000037" startTime="2022-06-13T20:52:46.3826683+02:00" endTime="2022-06-13T20:52:46.3826686+02:00" testType="13cdc9d9-ddb5-4fa4-a97d-d965ccfc6d4b" outcome="Passed" testListId="8c84fa94-04c1-424b-9868-57a2d4851a1d" relativeResultsDirectory="4cbf2657-15e2-4efc-8b6d-9e6d9829ec23" />
    <UnitTestResult executionId="82672b96-3989-4afe-a286-438bd3f98653" testId="14bf6b28-24d9-64d3-e241-ed045f113c3f" testName="xUnitTestProject.CurrencyHelperTests.FormatToStringTest100(price: 16986.338876065027, expected: &quot;16986.34 zł&quot;)" computerName="DESKTOP-5URQ9PB" duration="00:00:00.0000038" startTime="2022-06-13T20:52:46.3797432+02:00" endTime="2022-06-13T20:52:46.3797434+02:00" testType="13cdc9d9-ddb5-4fa4-a97d-d965ccfc6d4b" outcome="Passed" testListId="8c84fa94-04c1-424b-9868-57a2d4851a1d" relativeResultsDirectory="82672b96-3989-4afe-a286-438bd3f98653" />
    <UnitTestResult executionId="8f504aa1-47c7-4120-884b-f98541c1dad3" testId="f265cc9e-137b-d632-0abc-0be231ad19a3" testName="xUnitTestProject.CurrencyHelperTests.FormatToStringTest100(price: 34096.337879508894, expected: &quot;34096.34 zł&quot;)" computerName="DESKTOP-5URQ9PB" duration="00:00:00.0000039" startTime="2022-06-13T20:52:46.3889694+02:00" endTime="2022-06-13T20:52:46.3889695+02:00" testType="13cdc9d9-ddb5-4fa4-a97d-d965ccfc6d4b" outcome="Passed" testListId="8c84fa94-04c1-424b-9868-57a2d4851a1d" relativeResultsDirectory="8f504aa1-47c7-4120-884b-f98541c1dad3" />
    <UnitTestResult executionId="45a6cb77-7032-420d-924c-bdc28f1e4292" testId="1813aa2f-eab9-0da1-9d79-9ec562fcf340" testName="xUnitTestProject.CurrencyHelperTests.FormatToStringTest100(price: 22604.838218828587, expected: &quot;22604.84 zł&quot;)" computerName="DESKTOP-5URQ9PB" duration="00:00:00.0000040" startTime="2022-06-13T20:52:46.3944619+02:00" endTime="2022-06-13T20:52:46.3944621+02:00" testType="13cdc9d9-ddb5-4fa4-a97d-d965ccfc6d4b" outcome="Passed" testListId="8c84fa94-04c1-424b-9868-57a2d4851a1d" relativeResultsDirectory="45a6cb77-7032-420d-924c-bdc28f1e4292" />
    <UnitTestResult executionId="3576ecea-813e-46eb-b666-8ea9c70e4b79" testId="abbe5506-3b8c-ed2b-2408-42de70c236b9" testName="xUnitTestProject.CurrencyHelperTests.FormatToStringTest100(price: 40857.08543233996, expected: &quot;40857.09 zł&quot;)" computerName="DESKTOP-5URQ9PB" duration="00:00:00.0027776" startTime="2022-06-13T20:52:46.3674945+02:00" endTime="2022-06-13T20:52:46.3675652+02:00" testType="13cdc9d9-ddb5-4fa4-a97d-d965ccfc6d4b" outcome="Passed" testListId="8c84fa94-04c1-424b-9868-57a2d4851a1d" relativeResultsDirectory="3576ecea-813e-46eb-b666-8ea9c70e4b79" />
    <UnitTestResult executionId="213337bf-2c13-463a-82b1-91e61ae36162" testId="b06b7483-d7a9-8983-7acb-83b99a3a9375" testName="xUnitTestProject.CurrencyHelperTests.FormatToStringTest100(price: 20244.692955315437, expected: &quot;20244.69 zł&quot;)" computerName="DESKTOP-5URQ9PB" duration="00:00:00.0000039" startTime="2022-06-13T20:52:46.3848426+02:00" endTime="2022-06-13T20:52:46.3848428+02:00" testType="13cdc9d9-ddb5-4fa4-a97d-d965ccfc6d4b" outcome="Passed" testListId="8c84fa94-04c1-424b-9868-57a2d4851a1d" relativeResultsDirectory="213337bf-2c13-463a-82b1-91e61ae36162" />
    <UnitTestResult executionId="8fab26c6-ac2c-4e0d-a101-cf97740a14ee" testId="3e7f7dc0-a481-a391-5e59-0a09ddfda429" testName="xUnitTestProject.CurrencyHelperTests.FormatToStringTest100(price: 7789.7136237517525, expected: &quot;7789.71 zł&quot;)" computerName="DESKTOP-5URQ9PB" duration="00:00:00.0000038" startTime="2022-06-13T20:52:46.3827026+02:00" endTime="2022-06-13T20:52:46.3827028+02:00" testType="13cdc9d9-ddb5-4fa4-a97d-d965ccfc6d4b" outcome="Passed" testListId="8c84fa94-04c1-424b-9868-57a2d4851a1d" relativeResultsDirectory="8fab26c6-ac2c-4e0d-a101-cf97740a14ee" />
    <UnitTestResult executionId="cd2927f3-dbdd-4be1-8869-520534caac2f" testId="8b4e8664-15ff-c81e-db88-693c6ea7ece0" testName="xUnitTestProject.CurrencyHelperTests.FormatToStringTest100(price: 22291.653251342315, expected: &quot;22291.65 zł&quot;)" computerName="DESKTOP-5URQ9PB" duration="00:00:00.0000039" startTime="2022-06-13T20:52:46.3828867+02:00" endTime="2022-06-13T20:52:46.3828868+02:00" testType="13cdc9d9-ddb5-4fa4-a97d-d965ccfc6d4b" outcome="Passed" testListId="8c84fa94-04c1-424b-9868-57a2d4851a1d" relativeResultsDirectory="cd2927f3-dbdd-4be1-8869-520534caac2f" />
    <UnitTestResult executionId="e88b6406-342f-4631-9e73-a8763d337cbf" testId="d48c6551-b0f6-c3d7-de17-2c1671fe95a2" testName="xUnitTestProject.CurrencyHelperTests.FormatToStringTest100(price: 8768.816937361293, expected: &quot;8768.82 zł&quot;)" computerName="DESKTOP-5URQ9PB" duration="00:00:00.0000039" startTime="2022-06-13T20:52:46.3887883+02:00" endTime="2022-06-13T20:52:46.3887884+02:00" testType="13cdc9d9-ddb5-4fa4-a97d-d965ccfc6d4b" outcome="Passed" testListId="8c84fa94-04c1-424b-9868-57a2d4851a1d" relativeResultsDirectory="e88b6406-342f-4631-9e73-a8763d337cbf" />
    <UnitTestResult executionId="c8711d7e-cc10-49b3-8fd8-c43c4ee20847" testId="4c412e3e-e553-0928-365f-424e47169018" testName="xUnitTestProject.CurrencyHelperTests.FormatToStringTest100(price: 9816.961298880615, expected: &quot;9816.96 zł&quot;)" computerName="DESKTOP-5URQ9PB" duration="00:00:00.0000038" startTime="2022-06-13T20:52:46.3877279+02:00" endTime="2022-06-13T20:52:46.3877281+02:00" testType="13cdc9d9-ddb5-4fa4-a97d-d965ccfc6d4b" outcome="Passed" testListId="8c84fa94-04c1-424b-9868-57a2d4851a1d" relativeResultsDirectory="c8711d7e-cc10-49b3-8fd8-c43c4ee20847" />
    <UnitTestResult executionId="35e5b292-f984-47a6-a60f-40d4de33f409" testId="e2ec08cf-67dd-78b0-72e9-2a2acf351ef6" testName="xUnitTestProject.CurrencyHelperTests.FormatToStringTest100(price: 75350.77330865282, expected: &quot;75350.77 zł&quot;)" computerName="DESKTOP-5URQ9PB" duration="00:00:00.0000059" startTime="2022-06-13T20:52:46.3819264+02:00" endTime="2022-06-13T20:52:46.3819265+02:00" testType="13cdc9d9-ddb5-4fa4-a97d-d965ccfc6d4b" outcome="Passed" testListId="8c84fa94-04c1-424b-9868-57a2d4851a1d" relativeResultsDirectory="35e5b292-f984-47a6-a60f-40d4de33f409" />
    <UnitTestResult executionId="2f192946-22a7-4255-aa07-6038f0606bed" testId="43a8ab94-a343-e6fd-9ae1-7ad0c6ee6431" testName="xUnitTestProject.CurrencyHelperTests.FormatToStringTest100(price: 62975.496334776515, expected: &quot;62975.50 zł&quot;)" computerName="DESKTOP-5URQ9PB" duration="00:00:00.0000040" startTime="2022-06-13T20:52:46.3857036+02:00" endTime="2022-06-13T20:52:46.3857038+02:00" testType="13cdc9d9-ddb5-4fa4-a97d-d965ccfc6d4b" outcome="Passed" testListId="8c84fa94-04c1-424b-9868-57a2d4851a1d" relativeResultsDirectory="2f192946-22a7-4255-aa07-6038f0606bed" />
    <UnitTestResult executionId="420b9026-661f-4d5d-946d-efcd93b7df86" testId="60df436e-3029-21a3-1c5e-f7dac0d4c1de" testName="xUnitTestProject.CurrencyHelperTests.FormatToStringTest100(price: 64210.358316209335, expected: &quot;64210.36 zł&quot;)" computerName="DESKTOP-5URQ9PB" duration="00:00:00.0000039" startTime="2022-06-13T20:52:46.3828266+02:00" endTime="2022-06-13T20:52:46.3828268+02:00" testType="13cdc9d9-ddb5-4fa4-a97d-d965ccfc6d4b" outcome="Passed" testListId="8c84fa94-04c1-424b-9868-57a2d4851a1d" relativeResultsDirectory="420b9026-661f-4d5d-946d-efcd93b7df86" />
    <UnitTestResult executionId="6bda3abb-cb37-4210-85d2-5a6ed88f69f9" testId="9fa54161-392b-187a-1e6d-1b04f9e216c3" testName="xUnitTestProject.CurrencyHelperTests.FormatToStringTest100(price: 1300.9430775404642, expected: &quot;1300.94 zł&quot;)" computerName="DESKTOP-5URQ9PB" duration="00:00:00.0000040" startTime="2022-06-13T20:52:46.3847493+02:00" endTime="2022-06-13T20:52:46.3847494+02:00" testType="13cdc9d9-ddb5-4fa4-a97d-d965ccfc6d4b" outcome="Passed" testListId="8c84fa94-04c1-424b-9868-57a2d4851a1d" relativeResultsDirectory="6bda3abb-cb37-4210-85d2-5a6ed88f69f9" />
    <UnitTestResult executionId="d03cc94d-12f5-4824-82ab-835072ca739f" testId="266d715f-e5d3-df86-ea76-d35ef7b9d7e0" testName="xUnitTestProject.CurrencyHelperTests.FormatToStringTest100(price: 45603.90324273142, expected: &quot;45603.90 zł&quot;)" computerName="DESKTOP-5URQ9PB" duration="00:00:00.0000041" startTime="2022-06-13T20:52:46.3837969+02:00" endTime="2022-06-13T20:52:46.3838007+02:00" testType="13cdc9d9-ddb5-4fa4-a97d-d965ccfc6d4b" outcome="Passed" testListId="8c84fa94-04c1-424b-9868-57a2d4851a1d" relativeResultsDirectory="d03cc94d-12f5-4824-82ab-835072ca739f" />
    <UnitTestResult executionId="90fe7b34-6742-457c-82e5-d901624f44ce" testId="ae4dd41d-98b4-3a18-47fe-168d75b24553" testName="xUnitTestProject.CurrencyHelperTests.FormatToStringTest100(price: 15566.957545477411, expected: &quot;15566.96 zł&quot;)" computerName="DESKTOP-5URQ9PB" duration="00:00:00.0000080" startTime="2022-06-13T20:52:46.3818667+02:00" endTime="2022-06-13T20:52:46.3818668+02:00" testType="13cdc9d9-ddb5-4fa4-a97d-d965ccfc6d4b" outcome="Passed" testListId="8c84fa94-04c1-424b-9868-57a2d4851a1d" relativeResultsDirectory="90fe7b34-6742-457c-82e5-d901624f44ce" />
    <UnitTestResult executionId="d5c4aac4-df1d-4634-88be-026c728e1c0f" testId="6841efc3-9345-d314-75c2-427f114f051b" testName="xUnitTestProject.CurrencyHelperTests.FormatToStringTest100(price: 31290.71396233687, expected: &quot;31290.71 zł&quot;)" computerName="DESKTOP-5URQ9PB" duration="00:00:00.0000038" startTime="2022-06-13T20:52:46.3796212+02:00" endTime="2022-06-13T20:52:46.3796213+02:00" testType="13cdc9d9-ddb5-4fa4-a97d-d965ccfc6d4b" outcome="Passed" testListId="8c84fa94-04c1-424b-9868-57a2d4851a1d" relativeResultsDirectory="d5c4aac4-df1d-4634-88be-026c728e1c0f" />
    <UnitTestResult executionId="f97baf0b-2edd-45e6-b630-622d2bbd7a8b" testId="9d3c6e40-46ef-8e8b-da94-d2afb05dab1a" testName="xUnitTestProject.CurrencyHelperTests.FormatToStringTest100(price: 63507.32603545455, expected: &quot;63507.33 zł&quot;)" computerName="DESKTOP-5URQ9PB" duration="00:00:00.0000043" startTime="2022-06-13T20:52:46.3717121+02:00" endTime="2022-06-13T20:52:46.3717122+02:00" testType="13cdc9d9-ddb5-4fa4-a97d-d965ccfc6d4b" outcome="Passed" testListId="8c84fa94-04c1-424b-9868-57a2d4851a1d" relativeResultsDirectory="f97baf0b-2edd-45e6-b630-622d2bbd7a8b" />
    <UnitTestResult executionId="a232b100-95c4-4e51-8bcc-b155d889bf38" testId="dcc4e251-457a-bc1b-d0d7-d1ec86b94d5d" testName="xUnitTestProject.CurrencyHelperTests.FormatToStringTest100(price: 2937.138486199611, expected: &quot;2937.14 zł&quot;)" computerName="DESKTOP-5URQ9PB" duration="00:00:00.0000039" startTime="2022-06-13T20:52:46.3836493+02:00" endTime="2022-06-13T20:52:46.3836495+02:00" testType="13cdc9d9-ddb5-4fa4-a97d-d965ccfc6d4b" outcome="Passed" testListId="8c84fa94-04c1-424b-9868-57a2d4851a1d" relativeResultsDirectory="a232b100-95c4-4e51-8bcc-b155d889bf38" />
    <UnitTestResult executionId="cb471653-6c82-4119-a142-6f104fc38ee3" testId="2c0a47e8-8ee6-29b4-babb-5a689a07f007" testName="xUnitTestProject.CurrencyHelperTests.FormatToStringTest100(price: 15639.704937780603, expected: &quot;15639.70 zł&quot;)" computerName="DESKTOP-5URQ9PB" duration="00:00:00.0000039" startTime="2022-06-13T20:52:46.3889103+02:00" endTime="2022-06-13T20:52:46.3889105+02:00" testType="13cdc9d9-ddb5-4fa4-a97d-d965ccfc6d4b" outcome="Passed" testListId="8c84fa94-04c1-424b-9868-57a2d4851a1d" relativeResultsDirectory="cb471653-6c82-4119-a142-6f104fc38ee3" />
    <UnitTestResult executionId="ef78ba24-e997-4607-8fbb-0337714917a5" testId="fc8fcc54-cb31-3ea9-a932-697b630d3569" testName="xUnitTestProject.CurrencyHelperTests.FormatToStringTest100(price: 79.6815319544084, expected: &quot;79.68 zł&quot;)" computerName="DESKTOP-5URQ9PB" duration="00:00:00.0000038" startTime="2022-06-13T20:52:46.3888514+02:00" endTime="2022-06-13T20:52:46.3888515+02:00" testType="13cdc9d9-ddb5-4fa4-a97d-d965ccfc6d4b" outcome="Passed" testListId="8c84fa94-04c1-424b-9868-57a2d4851a1d" relativeResultsDirectory="ef78ba24-e997-4607-8fbb-0337714917a5" />
    <UnitTestResult executionId="19481b73-0366-4dbd-93e0-2e7e8a092cb1" testId="fc435e55-affb-80d4-72b8-f2b63414b911" testName="xUnitTestProject.CurrencyHelperTests.FormatToStringTest100(price: 591.2110872302256, expected: &quot;591.21 zł&quot;)" computerName="DESKTOP-5URQ9PB" duration="00:00:00.0000039" startTime="2022-06-13T20:52:46.3868421+02:00" endTime="2022-06-13T20:52:46.3868422+02:00" testType="13cdc9d9-ddb5-4fa4-a97d-d965ccfc6d4b" outcome="Passed" testListId="8c84fa94-04c1-424b-9868-57a2d4851a1d" relativeResultsDirectory="19481b73-0366-4dbd-93e0-2e7e8a092cb1" />
    <UnitTestResult executionId="f387faae-eb92-4bd9-940a-2d3accc58d04" testId="541757e5-f479-f33d-0381-b6dbdace2afb" testName="xUnitTestProject.CurrencyHelperTests.FormatToStringTest100(price: 27050.586848031067, expected: &quot;27050.59 zł&quot;)" computerName="DESKTOP-5URQ9PB" duration="00:00:00.0000040" startTime="2022-06-13T20:52:46.3796525+02:00" endTime="2022-06-13T20:52:46.3796527+02:00" testType="13cdc9d9-ddb5-4fa4-a97d-d965ccfc6d4b" outcome="Passed" testListId="8c84fa94-04c1-424b-9868-57a2d4851a1d" relativeResultsDirectory="f387faae-eb92-4bd9-940a-2d3accc58d04" />
    <UnitTestResult executionId="6117055a-6fbd-4cb9-b0c1-6cb47b41bb59" testId="be83c872-b584-ea7d-68ae-387efb4fd62c" testName="xUnitTestProject.CurrencyHelperTests.FormatToStringTest100(price: 86.89546322771136, expected: &quot;86.90 zł&quot;)" computerName="DESKTOP-5URQ9PB" duration="00:00:00.0000039" startTime="2022-06-13T20:52:46.3856443+02:00" endTime="2022-06-13T20:52:46.3856445+02:00" testType="13cdc9d9-ddb5-4fa4-a97d-d965ccfc6d4b" outcome="Passed" testListId="8c84fa94-04c1-424b-9868-57a2d4851a1d" relativeResultsDirectory="6117055a-6fbd-4cb9-b0c1-6cb47b41bb59" />
    <UnitTestResult executionId="6b839d25-c249-4774-9c63-d8992630046f" testId="111c79ee-d703-225b-8314-e9f7cfa3d20e" testName="xUnitTestProject.CurrencyHelperTests.FormatToStringTest100(price: 27893.312729890138, expected: &quot;27893.31 zł&quot;)" computerName="DESKTOP-5URQ9PB" duration="00:00:00.0000039" startTime="2022-06-13T20:52:46.3795818+02:00" endTime="2022-06-13T20:52:46.3795826+02:00" testType="13cdc9d9-ddb5-4fa4-a97d-d965ccfc6d4b" outcome="Passed" testListId="8c84fa94-04c1-424b-9868-57a2d4851a1d" relativeResultsDirectory="6b839d25-c249-4774-9c63-d8992630046f" />
    <UnitTestResult executionId="58bac87e-6433-48a3-ba38-8ff4ae061ab2" testId="e3518d76-f67f-2786-4eb3-a849256035ef" testName="xUnitTestProject.CurrencyHelperTests.FormatToStringTest100(price: 58848.60825001477, expected: &quot;58848.61 zł&quot;)" computerName="DESKTOP-5URQ9PB" duration="00:00:00.0000038" startTime="2022-06-13T20:52:46.3858593+02:00" endTime="2022-06-13T20:52:46.3858595+02:00" testType="13cdc9d9-ddb5-4fa4-a97d-d965ccfc6d4b" outcome="Passed" testListId="8c84fa94-04c1-424b-9868-57a2d4851a1d" relativeResultsDirectory="58bac87e-6433-48a3-ba38-8ff4ae061ab2" />
    <UnitTestResult executionId="927989e8-de3c-4d5a-b606-bb6978d4b611" testId="e6f2d423-ca40-ed8a-1d2e-2b1354a1f4e9" testName="xUnitTestProject.CurrencyHelperTests.FormatToStringTest100(price: 66019.32414194118, expected: &quot;66019.32 zł&quot;)" computerName="DESKTOP-5URQ9PB" duration="00:00:00.0000039" startTime="2022-06-13T20:52:46.3878206+02:00" endTime="2022-06-13T20:52:46.3878208+02:00" testType="13cdc9d9-ddb5-4fa4-a97d-d965ccfc6d4b" outcome="Passed" testListId="8c84fa94-04c1-424b-9868-57a2d4851a1d" relativeResultsDirectory="927989e8-de3c-4d5a-b606-bb6978d4b611" />
    <UnitTestResult executionId="2d64a2c2-23f0-4c8a-848c-0d8ae4032dd4" testId="3ac7c8db-6027-14d9-863b-5141742cb318" testName="xUnitTestProject.CurrencyHelperTests.FormatToStringTest100(price: 159.83786031922224, expected: &quot;159.84 zł&quot;)" computerName="DESKTOP-5URQ9PB" duration="00:00:00.0000045" startTime="2022-06-13T20:52:46.3717730+02:00" endTime="2022-06-13T20:52:46.3717732+02:00" testType="13cdc9d9-ddb5-4fa4-a97d-d965ccfc6d4b" outcome="Passed" testListId="8c84fa94-04c1-424b-9868-57a2d4851a1d" relativeResultsDirectory="2d64a2c2-23f0-4c8a-848c-0d8ae4032dd4" />
    <UnitTestResult executionId="def9706d-9d40-4e3c-90d6-740e0dfbb9b9" testId="ece080b6-35d5-52f6-4ff2-f79908c52d78" testName="xUnitTestProject.CurrencyHelperTests.FormatToStringTest100(price: 7458.609645228652, expected: &quot;7458.61 zł&quot;)" computerName="DESKTOP-5URQ9PB" duration="00:00:00.0000039" startTime="2022-06-13T20:52:46.3848131+02:00" endTime="2022-06-13T20:52:46.3848133+02:00" testType="13cdc9d9-ddb5-4fa4-a97d-d965ccfc6d4b" outcome="Passed" testListId="8c84fa94-04c1-424b-9868-57a2d4851a1d" relativeResultsDirectory="def9706d-9d40-4e3c-90d6-740e0dfbb9b9" />
    <UnitTestResult executionId="b602b174-6334-4776-bad1-83b264f42fa8" testId="b309356a-1568-0ab7-98a5-a111bb0bc5a1" testName="xUnitTestProject.CurrencyHelperTests.FormatToStringTest100(price: 46898.00219497783, expected: &quot;46898.00 zł&quot;)" computerName="DESKTOP-5URQ9PB" duration="00:00:00.0000039" startTime="2022-06-13T20:52:46.3827925+02:00" endTime="2022-06-13T20:52:46.3827927+02:00" testType="13cdc9d9-ddb5-4fa4-a97d-d965ccfc6d4b" outcome="Passed" testListId="8c84fa94-04c1-424b-9868-57a2d4851a1d" relativeResultsDirectory="b602b174-6334-4776-bad1-83b264f42fa8" />
    <UnitTestResult executionId="4236a45f-15fc-48e7-bea3-426cb3bd2115" testId="8f7d9f64-63ea-bbc2-2cda-2de4bf0e8d28" testName="xUnitTestProject.CurrencyHelperTests.FormatToStringTest100(price: 918.1842976688334, expected: &quot;918.18 zł&quot;)" computerName="DESKTOP-5URQ9PB" duration="00:00:00.0000039" startTime="2022-06-13T20:52:46.3718674+02:00" endTime="2022-06-13T20:52:46.3718676+02:00" testType="13cdc9d9-ddb5-4fa4-a97d-d965ccfc6d4b" outcome="Passed" testListId="8c84fa94-04c1-424b-9868-57a2d4851a1d" relativeResultsDirectory="4236a45f-15fc-48e7-bea3-426cb3bd2115" />
    <UnitTestResult executionId="483c2aca-0e03-4245-be17-e3eb0c520b16" testId="8cee55c7-2f54-9306-dead-c4a37d1316a9" testName="xUnitTestProject.CurrencyHelperTests.FormatToStringTest100(price: 50991.22189691114, expected: &quot;50991.22 zł&quot;)" computerName="DESKTOP-5URQ9PB" duration="00:00:00.0000041" startTime="2022-06-13T20:52:46.3877873+02:00" endTime="2022-06-13T20:52:46.3877874+02:00" testType="13cdc9d9-ddb5-4fa4-a97d-d965ccfc6d4b" outcome="Passed" testListId="8c84fa94-04c1-424b-9868-57a2d4851a1d" relativeResultsDirectory="483c2aca-0e03-4245-be17-e3eb0c520b16" />
    <UnitTestResult executionId="8910a7bd-c5a7-4433-ba5a-9f023cb9402f" testId="2e0c5192-e697-d6bc-f801-978bcb4ec749" testName="xUnitTestProject.CurrencyHelperTests.FormatToStringTest100(price: 8499.121443388574, expected: &quot;8499.12 zł&quot;)" computerName="DESKTOP-5URQ9PB" duration="00:00:00.0000058" startTime="2022-06-13T20:52:46.3818971+02:00" endTime="2022-06-13T20:52:46.3818973+02:00" testType="13cdc9d9-ddb5-4fa4-a97d-d965ccfc6d4b" outcome="Passed" testListId="8c84fa94-04c1-424b-9868-57a2d4851a1d" relativeResultsDirectory="8910a7bd-c5a7-4433-ba5a-9f023cb9402f" />
    <UnitTestResult executionId="0b41fee3-7fee-4938-9a8e-61b04151692d" testId="50d69e8d-3a93-b655-2f18-638fbff5feb9" testName="xUnitTestProject.CurrencyHelperTests.FormatToStringTest100(price: 6864.093052674129, expected: &quot;6864.09 zł&quot;)" computerName="DESKTOP-5URQ9PB" duration="00:00:00.0000040" startTime="2022-06-13T20:52:46.3797120+02:00" endTime="2022-06-13T20:52:46.3797121+02:00" testType="13cdc9d9-ddb5-4fa4-a97d-d965ccfc6d4b" outcome="Passed" testListId="8c84fa94-04c1-424b-9868-57a2d4851a1d" relativeResultsDirectory="0b41fee3-7fee-4938-9a8e-61b04151692d" />
    <UnitTestResult executionId="b219eefd-f07f-47af-8d1b-bd7a24ca9534" testId="8a266f5a-be21-44b9-cc46-2634e151c33b" testName="xUnitTestProject.CurrencyHelperTests.FormatToStringTest100(price: 32632.105531036905, expected: &quot;32632.11 zł&quot;)" computerName="DESKTOP-5URQ9PB" duration="00:00:00.0000039" startTime="2022-06-13T20:52:46.3817408+02:00" endTime="2022-06-13T20:52:46.3817409+02:00" testType="13cdc9d9-ddb5-4fa4-a97d-d965ccfc6d4b" outcome="Passed" testListId="8c84fa94-04c1-424b-9868-57a2d4851a1d" relativeResultsDirectory="b219eefd-f07f-47af-8d1b-bd7a24ca9534" />
  </Results>
  <TestDefinitions>
    <UnitTest name="xUnitTestProject.CurrencyHelperTests.FormatToStringTest100(price: 25990.318498101697, expected: &quot;25990.32 zł&quot;)" storage="c:\projekty\xunittestproject\bin\debug\netcoreapp3.1\xunittestproject.dll" id="d71fa846-0b3d-650b-0fa7-7de64a8b5692">
      <Execution id="9ee364fd-aa7d-48f1-b92a-64005a393b8e" />
      <TestMethod codeBase="C:\Projekty\xUnitTestProject\bin\Debug\netcoreapp3.1\xUnitTestProject.dll" adapterTypeName="executor://xunit/VsTestRunner2/netcoreapp" className="xUnitTestProject.CurrencyHelperTests" name="FormatToStringTest100" />
    </UnitTest>
    <UnitTest name="xUnitTestProject.CurrencyHelperTests.FormatToStringTest100(price: 736.7398243680316, expected: &quot;736.74 zł&quot;)" storage="c:\projekty\xunittestproject\bin\debug\netcoreapp3.1\xunittestproject.dll" id="8b5b6910-6f6f-c9ce-8825-e4185407df85">
      <Execution id="6950810a-7806-4ed9-95c5-369efc2dba8d" />
      <TestMethod codeBase="C:\Projekty\xUnitTestProject\bin\Debug\netcoreapp3.1\xUnitTestProject.dll" adapterTypeName="executor://xunit/VsTestRunner2/netcoreapp" className="xUnitTestProject.CurrencyHelperTests" name="FormatToStringTest100" />
    </UnitTest>
    <UnitTest name="xUnitTestProject.CurrencyHelperTests.FormatToStringTest100(price: 96.75594581512546, expected: &quot;96.76 zł&quot;)" storage="c:\projekty\xunittestproject\bin\debug\netcoreapp3.1\xunittestproject.dll" id="acd09137-eecd-d983-95fe-20aa284c3f97">
      <Execution id="064dc928-8f09-47ae-861a-9fd406bf04ba" />
      <TestMethod codeBase="C:\Projekty\xUnitTestProject\bin\Debug\netcoreapp3.1\xUnitTestProject.dll" adapterTypeName="executor://xunit/VsTestRunner2/netcoreapp" className="xUnitTestProject.CurrencyHelperTests" name="FormatToStringTest100" />
    </UnitTest>
    <UnitTest name="xUnitTestProject.CurrencyHelperTests.FormatToStringTest100(price: 46898.00219497783, expected: &quot;46898.00 zł&quot;)" storage="c:\projekty\xunittestproject\bin\debug\netcoreapp3.1\xunittestproject.dll" id="b309356a-1568-0ab7-98a5-a111bb0bc5a1">
      <Execution id="b602b174-6334-4776-bad1-83b264f42fa8" />
      <TestMethod codeBase="C:\Projekty\xUnitTestProject\bin\Debug\netcoreapp3.1\xUnitTestProject.dll" adapterTypeName="executor://xunit/VsTestRunner2/netcoreapp" className="xUnitTestProject.CurrencyHelperTests" name="FormatToStringTest100" />
    </UnitTest>
    <UnitTest name="xUnitTestProject.CurrencyHelperTests.FormatToStringTest100(price: 26515.80237687929, expected: &quot;26515.80 zł&quot;)" storage="c:\projekty\xunittestproject\bin\debug\netcoreapp3.1\xunittestproject.dll" id="1683c1a4-48ae-f0a9-f8fb-441cbed69b7e">
      <Execution id="758abec9-47bd-4c94-9b79-742a425fdc24" />
      <TestMethod codeBase="C:\Projekty\xUnitTestProject\bin\Debug\netcoreapp3.1\xUnitTestProject.dll" adapterTypeName="executor://xunit/VsTestRunner2/netcoreapp" className="xUnitTestProject.CurrencyHelperTests" name="FormatToStringTest100" />
    </UnitTest>
    <UnitTest name="xUnitTestProject.CurrencyHelperTests.FormatToStringTest100(price: 1741.3334432818617, expected: &quot;1741.33 zł&quot;)" storage="c:\projekty\xunittestproject\bin\debug\netcoreapp3.1\xunittestproject.dll" id="9e65b83c-d062-a995-788e-1f867295fc3e">
      <Execution id="76c8ed0d-d9ad-4bed-a292-da49af5f2488" />
      <TestMethod codeBase="C:\Projekty\xUnitTestProject\bin\Debug\netcoreapp3.1\xUnitTestProject.dll" adapterTypeName="executor://xunit/VsTestRunner2/netcoreapp" className="xUnitTestProject.CurrencyHelperTests" name="FormatToStringTest100" />
    </UnitTest>
    <UnitTest name="xUnitTestProject.CurrencyHelperTests.FormatToStringTest100(price: 64210.358316209335, expected: &quot;64210.36 zł&quot;)" storage="c:\projekty\xunittestproject\bin\debug\netcoreapp3.1\xunittestproject.dll" id="60df436e-3029-21a3-1c5e-f7dac0d4c1de">
      <Execution id="420b9026-661f-4d5d-946d-efcd93b7df86" />
      <TestMethod codeBase="C:\Projekty\xUnitTestProject\bin\Debug\netcoreapp3.1\xUnitTestProject.dll" adapterTypeName="executor://xunit/VsTestRunner2/netcoreapp" className="xUnitTestProject.CurrencyHelperTests" name="FormatToStringTest100" />
    </UnitTest>
    <UnitTest name="xUnitTestProject.CurrencyHelperTests.FormatToStringTest100(price: 1108.7197928823157, expected: &quot;1108.72 zł&quot;)" storage="c:\projekty\xunittestproject\bin\debug\netcoreapp3.1\xunittestproject.dll" id="bc595dee-6f3e-e241-694d-ba68ac66ab16">
      <Execution id="263e94e2-91ae-43c7-8c02-da03426e4f9a" />
      <TestMethod codeBase="C:\Projekty\xUnitTestProject\bin\Debug\netcoreapp3.1\xUnitTestProject.dll" adapterTypeName="executor://xunit/VsTestRunner2/netcoreapp" className="xUnitTestProject.CurrencyHelperTests" name="FormatToStringTest100" />
    </UnitTest>
    <UnitTest name="xUnitTestProject.CurrencyHelperTests.FormatToStringTest100(price: 740.3213011405064, expected: &quot;740.32 zł&quot;)" storage="c:\projekty\xunittestproject\bin\debug\netcoreapp3.1\xunittestproject.dll" id="afb9fcf3-f392-dcf0-c2e9-6922ff45e46f">
      <Execution id="23c75058-ae61-405a-9263-2b48ba7d688d" />
      <TestMethod codeBase="C:\Projekty\xUnitTestProject\bin\Debug\netcoreapp3.1\xUnitTestProject.dll" adapterTypeName="executor://xunit/VsTestRunner2/netcoreapp" className="xUnitTestProject.CurrencyHelperTests" name="FormatToStringTest100" />
    </UnitTest>
    <UnitTest name="xUnitTestProject.CurrencyHelperTests.FormatToStringTest100(price: 77904.0088552246, expected: &quot;77904.01 zł&quot;)" storage="c:\projekty\xunittestproject\bin\debug\netcoreapp3.1\xunittestproject.dll" id="7c8e7438-e86b-d1a6-214d-a8d6be86bec7">
      <Execution id="f75c0d0e-7bc3-4b6d-a655-df4e76df9202" />
      <TestMethod codeBase="C:\Projekty\xUnitTestProject\bin\Debug\netcoreapp3.1\xUnitTestProject.dll" adapterTypeName="executor://xunit/VsTestRunner2/netcoreapp" className="xUnitTestProject.CurrencyHelperTests" name="FormatToStringTest100" />
    </UnitTest>
    <UnitTest name="xUnitTestProject.CurrencyHelperTests.FormatToStringTest100(price: 52810.91713865516, expected: &quot;52810.92 zł&quot;)" storage="c:\projekty\xunittestproject\bin\debug\netcoreapp3.1\xunittestproject.dll" id="d073a14a-1a05-55ae-e697-84b172175337">
      <Execution id="3a8d3f65-9639-4504-be85-c2488e1ad639" />
      <TestMethod codeBase="C:\Projekty\xUnitTestProject\bin\Debug\netcoreapp3.1\xUnitTestProject.dll" adapterTypeName="executor://xunit/VsTestRunner2/netcoreapp" className="xUnitTestProject.CurrencyHelperTests" name="FormatToStringTest100" />
    </UnitTest>
    <UnitTest name="xUnitTestProject.CurrencyHelperTests.FormatToStringTest100(price: 10914.360814625099, expected: &quot;10914.36 zł&quot;)" storage="c:\projekty\xunittestproject\bin\debug\netcoreapp3.1\xunittestproject.dll" id="ac0c8e8e-94ce-f433-7c74-70876edf6736">
      <Execution id="7e0bc531-d449-42e3-a836-0e14a6066a6c" />
      <TestMethod codeBase="C:\Projekty\xUnitTestProject\bin\Debug\netcoreapp3.1\xUnitTestProject.dll" adapterTypeName="executor://xunit/VsTestRunner2/netcoreapp" className="xUnitTestProject.CurrencyHelperTests" name="FormatToStringTest100" />
    </UnitTest>
    <UnitTest name="xUnitTestProject.CurrencyHelperTests.FormatToStringTest100(price: 79973.08417819678, expected: &quot;79973.08 zł&quot;)" storage="c:\projekty\xunittestproject\bin\debug\netcoreapp3.1\xunittestproject.dll" id="b611b239-b1eb-9204-e0e7-5dd83b648e27">
      <Execution id="23af9587-f2b2-45b6-b995-753aadfea585" />
      <TestMethod codeBase="C:\Projekty\xUnitTestProject\bin\Debug\netcoreapp3.1\xUnitTestProject.dll" adapterTypeName="executor://xunit/VsTestRunner2/netcoreapp" className="xUnitTestProject.CurrencyHelperTests" name="FormatToStringTest100" />
    </UnitTest>
    <UnitTest name="xUnitTestProject.CurrencyHelperTests.FormatToStringTest100(price: 50339.31259969497, expected: &quot;50339.31 zł&quot;)" storage="c:\projekty\xunittestproject\bin\debug\netcoreapp3.1\xunittestproject.dll" id="649e78c8-4417-17eb-ca16-441525722fe8">
      <Execution id="c1442d70-492d-428a-9abe-e9128e8b8b65" />
      <TestMethod codeBase="C:\Projekty\xUnitTestProject\bin\Debug\netcoreapp3.1\xUnitTestProject.dll" adapterTypeName="executor://xunit/VsTestRunner2/netcoreapp" className="xUnitTestProject.CurrencyHelperTests" name="FormatToStringTest100" />
    </UnitTest>
    <UnitTest name="xUnitTestProject.CurrencyHelperTests.FormatToStringTest100(price: 22291.653251342315, expected: &quot;22291.65 zł&quot;)" storage="c:\projekty\xunittestproject\bin\debug\netcoreapp3.1\xunittestproject.dll" id="8b4e8664-15ff-c81e-db88-693c6ea7ece0">
      <Execution id="cd2927f3-dbdd-4be1-8869-520534caac2f" />
      <TestMethod codeBase="C:\Projekty\xUnitTestProject\bin\Debug\netcoreapp3.1\xUnitTestProject.dll" adapterTypeName="executor://xunit/VsTestRunner2/netcoreapp" className="xUnitTestProject.CurrencyHelperTests" name="FormatToStringTest100" />
    </UnitTest>
    <UnitTest name="xUnitTestProject.CurrencyHelperTests.FormatToStringTest100(price: 10784.438152511344, expected: &quot;10784.44 zł&quot;)" storage="c:\projekty\xunittestproject\bin\debug\netcoreapp3.1\xunittestproject.dll" id="c2fcc150-05bf-fac8-cb5b-156769265741">
      <Execution id="ffd296ce-5e05-482c-b241-981a44591821" />
      <TestMethod codeBase="C:\Projekty\xUnitTestProject\bin\Debug\netcoreapp3.1\xUnitTestProject.dll" adapterTypeName="executor://xunit/VsTestRunner2/netcoreapp" className="xUnitTestProject.CurrencyHelperTests" name="FormatToStringTest100" />
    </UnitTest>
    <UnitTest name="xUnitTestProject.CurrencyHelperTests.FormatToStringTest100(price: 67338.80028760935, expected: &quot;67338.80 zł&quot;)" storage="c:\projekty\xunittestproject\bin\debug\netcoreapp3.1\xunittestproject.dll" id="f1fba880-f684-09f7-700f-be107cba176b">
      <Execution id="f403339f-3913-4b06-a713-de93e8d58109" />
      <TestMethod codeBase="C:\Projekty\xUnitTestProject\bin\Debug\netcoreapp3.1\xUnitTestProject.dll" adapterTypeName="executor://xunit/VsTestRunner2/netcoreapp" className="xUnitTestProject.CurrencyHelperTests" name="FormatToStringTest100" />
    </UnitTest>
    <UnitTest name="xUnitTestProject.CurrencyHelperTests.FormatToStringTest100(price: 159.83786031922224, expected: &quot;159.84 zł&quot;)" storage="c:\projekty\xunittestproject\bin\debug\netcoreapp3.1\xunittestproject.dll" id="3ac7c8db-6027-14d9-863b-5141742cb318">
      <Execution id="2d64a2c2-23f0-4c8a-848c-0d8ae4032dd4" />
      <TestMethod codeBase="C:\Projekty\xUnitTestProject\bin\Debug\netcoreapp3.1\xUnitTestProject.dll" adapterTypeName="executor://xunit/VsTestRunner2/netcoreapp" className="xUnitTestProject.CurrencyHelperTests" name="FormatToStringTest100" />
    </UnitTest>
    <UnitTest name="xUnitTestProject.CurrencyHelperTests.FormatToStringTest100(price: 15566.957545477411, expected: &quot;15566.96 zł&quot;)" storage="c:\projekty\xunittestproject\bin\debug\netcoreapp3.1\xunittestproject.dll" id="ae4dd41d-98b4-3a18-47fe-168d75b24553">
      <Execution id="90fe7b34-6742-457c-82e5-d901624f44ce" />
      <TestMethod codeBase="C:\Projekty\xUnitTestProject\bin\Debug\netcoreapp3.1\xUnitTestProject.dll" adapterTypeName="executor://xunit/VsTestRunner2/netcoreapp" className="xUnitTestProject.CurrencyHelperTests" name="FormatToStringTest100" />
    </UnitTest>
    <UnitTest name="xUnitTestProject.CurrencyHelperTests.FormatToStringTest100(price: 10268.547802396373, expected: &quot;10268.55 zł&quot;)" storage="c:\projekty\xunittestproject\bin\debug\netcoreapp3.1\xunittestproject.dll" id="ec952d1c-d4b8-4514-2b06-3c5983e68faa">
      <Execution id="453eccf5-22fc-4c6c-a549-513b3e301bf4" />
      <TestMethod codeBase="C:\Projekty\xUnitTestProject\bin\Debug\netcoreapp3.1\xUnitTestProject.dll" adapterTypeName="executor://xunit/VsTestRunner2/netcoreapp" className="xUnitTestProject.CurrencyHelperTests" name="FormatToStringTest100" />
    </UnitTest>
    <UnitTest name="xUnitTestProject.CurrencyHelperTests.FormatToStringTest100(price: 18990.72499258012, expected: &quot;18990.72 zł&quot;)" storage="c:\projekty\xunittestproject\bin\debug\netcoreapp3.1\xunittestproject.dll" id="7a7c5696-e868-4bc5-0840-551dde71b5f9">
      <Execution id="64b964ee-f8af-4a4d-b574-53aa99e3226d" />
      <TestMethod codeBase="C:\Projekty\xUnitTestProject\bin\Debug\netcoreapp3.1\xUnitTestProject.dll" adapterTypeName="executor://xunit/VsTestRunner2/netcoreapp" className="xUnitTestProject.CurrencyHelperTests" name="FormatToStringTest100" />
    </UnitTest>
    <UnitTest name="xUnitTestProject.CurrencyHelperTests.FormatToStringTest100(price: 14237.13226245955, expected: &quot;14237.13 zł&quot;)" storage="c:\projekty\xunittestproject\bin\debug\netcoreapp3.1\xunittestproject.dll" id="77be9760-e130-8956-fbc4-11e64213b336">
      <Execution id="f828d47c-b734-4ff5-b840-f6803750ccc6" />
      <TestMethod codeBase="C:\Projekty\xUnitTestProject\bin\Debug\netcoreapp3.1\xUnitTestProject.dll" adapterTypeName="executor://xunit/VsTestRunner2/netcoreapp" className="xUnitTestProject.CurrencyHelperTests" name="FormatToStringTest100" />
    </UnitTest>
    <UnitTest name="xUnitTestProject.CurrencyHelperTests.FormatToStringTest100(price: 11912.404131636213, expected: &quot;11912.40 zł&quot;)" storage="c:\projekty\xunittestproject\bin\debug\netcoreapp3.1\xunittestproject.dll" id="f0bb637b-8cf3-7fb0-e10c-0038b91cfed9">
      <Execution id="256fabc0-d281-4cec-a4dd-6145efb3a4f9" />
      <TestMethod codeBase="C:\Projekty\xUnitTestProject\bin\Debug\netcoreapp3.1\xUnitTestProject.dll" adapterTypeName="executor://xunit/VsTestRunner2/netcoreapp" className="xUnitTestProject.CurrencyHelperTests" name="FormatToStringTest100" />
    </UnitTest>
    <UnitTest name="xUnitTestProject.CurrencyHelperTests.FormatToStringTest100(price: 7124.979180760672, expected: &quot;7124.98 zł&quot;)" storage="c:\projekty\xunittestproject\bin\debug\netcoreapp3.1\xunittestproject.dll" id="f910ed82-0c15-5fc2-de25-f9ceba99a963">
      <Execution id="0f06c459-9ee2-4672-b6bd-bf466f595a1b" />
      <TestMethod codeBase="C:\Projekty\xUnitTestProject\bin\Debug\netcoreapp3.1\xUnitTestProject.dll" adapterTypeName="executor://xunit/VsTestRunner2/netcoreapp" className="xUnitTestProject.CurrencyHelperTests" name="FormatToStringTest100" />
    </UnitTest>
    <UnitTest name="xUnitTestProject.CurrencyHelperTests.FormatToStringTest100(price: 317.9090540706688, expected: &quot;317.91 zł&quot;)" storage="c:\projekty\xunittestproject\bin\debug\netcoreapp3.1\xunittestproject.dll" id="4053e7cd-71d6-290b-ba32-3b8047db680a">
      <Execution id="92e7ced6-444d-497e-a5b0-ff3fc20df81d" />
      <TestMethod codeBase="C:\Projekty\xUnitTestProject\bin\Debug\netcoreapp3.1\xUnitTestProject.dll" adapterTypeName="executor://xunit/VsTestRunner2/netcoreapp" className="xUnitTestProject.CurrencyHelperTests" name="FormatToStringTest100" />
    </UnitTest>
    <UnitTest name="xUnitTestProject.CurrencyHelperTests.FormatToStringTest100(price: 918.1842976688334, expected: &quot;918.18 zł&quot;)" storage="c:\projekty\xunittestproject\bin\debug\netcoreapp3.1\xunittestproject.dll" id="8f7d9f64-63ea-bbc2-2cda-2de4bf0e8d28">
      <Execution id="4236a45f-15fc-48e7-bea3-426cb3bd2115" />
      <TestMethod codeBase="C:\Projekty\xUnitTestProject\bin\Debug\netcoreapp3.1\xUnitTestProject.dll" adapterTypeName="executor://xunit/VsTestRunner2/netcoreapp" className="xUnitTestProject.CurrencyHelperTests" name="FormatToStringTest100" />
    </UnitTest>
    <UnitTest name="xUnitTestProject.CurrencyHelperTests.FormatToStringTest100(price: 28072.424637532058, expected: &quot;28072.42 zł&quot;)" storage="c:\projekty\xunittestproject\bin\debug\netcoreapp3.1\xunittestproject.dll" id="fb2ea2cb-613f-cbc7-6fc7-7097106fa76f">
      <Execution id="84e5a543-8a0a-4b09-86a0-327faf114323" />
      <TestMethod codeBase="C:\Projekty\xUnitTestProject\bin\Debug\netcoreapp3.1\xUnitTestProject.dll" adapterTypeName="executor://xunit/VsTestRunner2/netcoreapp" className="xUnitTestProject.CurrencyHelperTests" name="FormatToStringTest100" />
    </UnitTest>
    <UnitTest name="xUnitTestProject.CurrencyHelperTests.FormatToStringTest100(price: 3521.3657738167635, expected: &quot;3521.37 zł&quot;)" storage="c:\projekty\xunittestproject\bin\debug\netcoreapp3.1\xunittestproject.dll" id="f9cb3c10-b6dc-401f-48ca-7381182b493b">
      <Execution id="4cbf2657-15e2-4efc-8b6d-9e6d9829ec23" />
      <TestMethod codeBase="C:\Projekty\xUnitTestProject\bin\Debug\netcoreapp3.1\xUnitTestProject.dll" adapterTypeName="executor://xunit/VsTestRunner2/netcoreapp" className="xUnitTestProject.CurrencyHelperTests" name="FormatToStringTest100" />
    </UnitTest>
    <UnitTest name="xUnitTestProject.CurrencyHelperTests.FormatToStringTest100(price: 40857.08543233996, expected: &quot;40857.09 zł&quot;)" storage="c:\projekty\xunittestproject\bin\debug\netcoreapp3.1\xunittestproject.dll" id="abbe5506-3b8c-ed2b-2408-42de70c236b9">
      <Execution id="3576ecea-813e-46eb-b666-8ea9c70e4b79" />
      <TestMethod codeBase="C:\Projekty\xUnitTestProject\bin\Debug\netcoreapp3.1\xUnitTestProject.dll" adapterTypeName="executor://xunit/VsTestRunner2/netcoreapp" className="xUnitTestProject.CurrencyHelperTests" name="FormatToStringTest100" />
    </UnitTest>
    <UnitTest name="xUnitTestProject.CurrencyHelperTests.FormatToStringTest100(price: 58848.60825001477, expected: &quot;58848.61 zł&quot;)" storage="c:\projekty\xunittestproject\bin\debug\netcoreapp3.1\xunittestproject.dll" id="e3518d76-f67f-2786-4eb3-a849256035ef">
      <Execution id="58bac87e-6433-48a3-ba38-8ff4ae061ab2" />
      <TestMethod codeBase="C:\Projekty\xUnitTestProject\bin\Debug\netcoreapp3.1\xUnitTestProject.dll" adapterTypeName="executor://xunit/VsTestRunner2/netcoreapp" className="xUnitTestProject.CurrencyHelperTests" name="FormatToStringTest100" />
    </UnitTest>
    <UnitTest name="xUnitTestProject.CurrencyHelperTests.FormatToStringTest100(price: 17953.338243749615, expected: &quot;17953.34 zł&quot;)" storage="c:\projekty\xunittestproject\bin\debug\netcoreapp3.1\xunittestproject.dll" id="0bf4b77c-c3da-f3e0-15d0-aa3788b09ed0">
      <Execution id="d6f43377-5995-4fac-9883-6b5cb7c61f44" />
      <TestMethod codeBase="C:\Projekty\xUnitTestProject\bin\Debug\netcoreapp3.1\xUnitTestProject.dll" adapterTypeName="executor://xunit/VsTestRunner2/netcoreapp" className="xUnitTestProject.CurrencyHelperTests" name="FormatToStringTest100" />
    </UnitTest>
    <UnitTest name="xUnitTestProject.CurrencyHelperTests.FormatToStringTest100(price: 31300.40752580967, expected: &quot;31300.41 zł&quot;)" storage="c:\projekty\xunittestproject\bin\debug\netcoreapp3.1\xunittestproject.dll" id="84d5048a-7b2f-9b60-257e-0daa5848d93c">
      <Execution id="5c2ff354-ce1e-490c-b14f-14de6f2f8d2a" />
      <TestMethod codeBase="C:\Projekty\xUnitTestProject\bin\Debug\netcoreapp3.1\xUnitTestProject.dll" adapterTypeName="executor://xunit/VsTestRunner2/netcoreapp" className="xUnitTestProject.CurrencyHelperTests" name="FormatToStringTest100" />
    </UnitTest>
    <UnitTest name="xUnitTestProject.CurrencyHelperTests.FormatToStringTest100(price: 1208.1827589441941, expected: &quot;1208.18 zł&quot;)" storage="c:\projekty\xunittestproject\bin\debug\netcoreapp3.1\xunittestproject.dll" id="91415d54-575f-b471-1dc0-1631e68e02ab">
      <Execution id="c324b7de-6292-4144-a25d-141e4d69841e" />
      <TestMethod codeBase="C:\Projekty\xUnitTestProject\bin\Debug\netcoreapp3.1\xUnitTestProject.dll" adapterTypeName="executor://xunit/VsTestRunner2/netcoreapp" className="xUnitTestProject.CurrencyHelperTests" name="FormatToStringTest100" />
    </UnitTest>
    <UnitTest name="xUnitTestProject.CurrencyHelperTests.FormatToStringTest100(price: 7458.609645228652, expected: &quot;7458.61 zł&quot;)" storage="c:\projekty\xunittestproject\bin\debug\netcoreapp3.1\xunittestproject.dll" id="ece080b6-35d5-52f6-4ff2-f79908c52d78">
      <Execution id="def9706d-9d40-4e3c-90d6-740e0dfbb9b9" />
      <TestMethod codeBase="C:\Projekty\xUnitTestProject\bin\Debug\netcoreapp3.1\xUnitTestProject.dll" adapterTypeName="executor://xunit/VsTestRunner2/netcoreapp" className="xUnitTestProject.CurrencyHelperTests" name="FormatToStringTest100" />
    </UnitTest>
    <UnitTest name="xUnitTestProject.CurrencyHelperTests.FormatToStringTest100(price: 75350.77330865282, expected: &quot;75350.77 zł&quot;)" storage="c:\projekty\xunittestproject\bin\debug\netcoreapp3.1\xunittestproject.dll" id="e2ec08cf-67dd-78b0-72e9-2a2acf351ef6">
      <Execution id="35e5b292-f984-47a6-a60f-40d4de33f409" />
      <TestMethod codeBase="C:\Projekty\xUnitTestProject\bin\Debug\netcoreapp3.1\xUnitTestProject.dll" adapterTypeName="executor://xunit/VsTestRunner2/netcoreapp" className="xUnitTestProject.CurrencyHelperTests" name="FormatToStringTest100" />
    </UnitTest>
    <UnitTest name="xUnitTestProject.CurrencyHelperTests.FormatToStringTest100(price: 6958.393354767186, expected: &quot;6958.39 zł&quot;)" storage="c:\projekty\xunittestproject\bin\debug\netcoreapp3.1\xunittestproject.dll" id="2738362e-e19d-f6a9-dd3e-b18b1bacf9a4">
      <Execution id="3efe2f9c-0105-4719-8dc8-21ccbd0ca1dc" />
      <TestMethod codeBase="C:\Projekty\xUnitTestProject\bin\Debug\netcoreapp3.1\xUnitTestProject.dll" adapterTypeName="executor://xunit/VsTestRunner2/netcoreapp" className="xUnitTestProject.CurrencyHelperTests" name="FormatToStringTest100" />
    </UnitTest>
    <UnitTest name="xUnitTestProject.CurrencyHelperTests.FormatToStringTest100(price: 37589.670531794276, expected: &quot;37589.67 zł&quot;)" storage="c:\projekty\xunittestproject\bin\debug\netcoreapp3.1\xunittestproject.dll" id="aa846e16-83e3-6a8d-ea1c-cf150206bc05">
      <Execution id="43113d71-76f8-44f0-ac87-7626ca43678b" />
      <TestMethod codeBase="C:\Projekty\xUnitTestProject\bin\Debug\netcoreapp3.1\xUnitTestProject.dll" adapterTypeName="executor://xunit/VsTestRunner2/netcoreapp" className="xUnitTestProject.CurrencyHelperTests" name="FormatToStringTest100" />
    </UnitTest>
    <UnitTest name="xUnitTestProject.CurrencyHelperTests.FormatToStringTest100(price: 32218.080508120394, expected: &quot;32218.08 zł&quot;)" storage="c:\projekty\xunittestproject\bin\debug\netcoreapp3.1\xunittestproject.dll" id="5cbd1a54-5566-6c6a-e422-221bbd0a9b56">
      <Execution id="b2bc054b-c231-44ad-804e-23260a8734f8" />
      <TestMethod codeBase="C:\Projekty\xUnitTestProject\bin\Debug\netcoreapp3.1\xUnitTestProject.dll" adapterTypeName="executor://xunit/VsTestRunner2/netcoreapp" className="xUnitTestProject.CurrencyHelperTests" name="FormatToStringTest100" />
    </UnitTest>
    <UnitTest name="xUnitTestProject.CurrencyHelperTests.FormatToStringTest100(price: 1300.9430775404642, expected: &quot;1300.94 zł&quot;)" storage="c:\projekty\xunittestproject\bin\debug\netcoreapp3.1\xunittestproject.dll" id="9fa54161-392b-187a-1e6d-1b04f9e216c3">
      <Execution id="6bda3abb-cb37-4210-85d2-5a6ed88f69f9" />
      <TestMethod codeBase="C:\Projekty\xUnitTestProject\bin\Debug\netcoreapp3.1\xUnitTestProject.dll" adapterTypeName="executor://xunit/VsTestRunner2/netcoreapp" className="xUnitTestProject.CurrencyHelperTests" name="FormatToStringTest100" />
    </UnitTest>
    <UnitTest name="xUnitTestProject.CurrencyHelperTests.FormatToStringTest100(price: 69864.17463991146, expected: &quot;69864.17 zł&quot;)" storage="c:\projekty\xunittestproject\bin\debug\netcoreapp3.1\xunittestproject.dll" id="010637aa-f4d9-9bdc-374f-aa35642ade2f">
      <Execution id="a3af872b-0703-44d1-aacf-19db56dfbeea" />
      <TestMethod codeBase="C:\Projekty\xUnitTestProject\bin\Debug\netcoreapp3.1\xUnitTestProject.dll" adapterTypeName="executor://xunit/VsTestRunner2/netcoreapp" className="xUnitTestProject.CurrencyHelperTests" name="FormatToStringTest100" />
    </UnitTest>
    <UnitTest name="xUnitTestProject.CurrencyHelperTests.FormatToStringTest100(price: 33206.73122987837, expected: &quot;33206.73 zł&quot;)" storage="c:\projekty\xunittestproject\bin\debug\netcoreapp3.1\xunittestproject.dll" id="4fe91442-a364-ddf6-571a-0c1b0e5ac3fa">
      <Execution id="351413f0-2644-417c-8afd-cf6c7a6a74ae" />
      <TestMethod codeBase="C:\Projekty\xUnitTestProject\bin\Debug\netcoreapp3.1\xUnitTestProject.dll" adapterTypeName="executor://xunit/VsTestRunner2/netcoreapp" className="xUnitTestProject.CurrencyHelperTests" name="FormatToStringTest100" />
    </UnitTest>
    <UnitTest name="xUnitTestProject.CurrencyHelperTests.FormatToStringTest100(price: 66019.32414194118, expected: &quot;66019.32 zł&quot;)" storage="c:\projekty\xunittestproject\bin\debug\netcoreapp3.1\xunittestproject.dll" id="e6f2d423-ca40-ed8a-1d2e-2b1354a1f4e9">
      <Execution id="927989e8-de3c-4d5a-b606-bb6978d4b611" />
      <TestMethod codeBase="C:\Projekty\xUnitTestProject\bin\Debug\netcoreapp3.1\xUnitTestProject.dll" adapterTypeName="executor://xunit/VsTestRunner2/netcoreapp" className="xUnitTestProject.CurrencyHelperTests" name="FormatToStringTest100" />
    </UnitTest>
    <UnitTest name="xUnitTestProject.CurrencyHelperTests.FormatToStringTest100(price: 286.92120604539343, expected: &quot;286.92 zł&quot;)" storage="c:\projekty\xunittestproject\bin\debug\netcoreapp3.1\xunittestproject.dll" id="fb32513a-ed20-1e61-8c8f-5e74dc95816c">
      <Execution id="1a8869f1-e4f4-42a3-8fb5-2c8998b59d8b" />
      <TestMethod codeBase="C:\Projekty\xUnitTestProject\bin\Debug\netcoreapp3.1\xUnitTestProject.dll" adapterTypeName="executor://xunit/VsTestRunner2/netcoreapp" className="xUnitTestProject.CurrencyHelperTests" name="FormatToStringTest100" />
    </UnitTest>
    <UnitTest name="xUnitTestProject.CurrencyHelperTests.FormatToStringTest100(price: 52858.048916166204, expected: &quot;52858.05 zł&quot;)" storage="c:\projekty\xunittestproject\bin\debug\netcoreapp3.1\xunittestproject.dll" id="e5d3d46a-1577-bac4-8f03-ab7ff7705a9f">
      <Execution id="94ba3c8f-050b-4cc7-9c2b-860dee3ffced" />
      <TestMethod codeBase="C:\Projekty\xUnitTestProject\bin\Debug\netcoreapp3.1\xUnitTestProject.dll" adapterTypeName="executor://xunit/VsTestRunner2/netcoreapp" className="xUnitTestProject.CurrencyHelperTests" name="FormatToStringTest100" />
    </UnitTest>
    <UnitTest name="xUnitTestProject.CurrencyHelperTests.FormatToStringTest100(price: 11100.829211263372, expected: &quot;11100.83 zł&quot;)" storage="c:\projekty\xunittestproject\bin\debug\netcoreapp3.1\xunittestproject.dll" id="99620ffe-5e9a-128c-a6ac-13976c610d3b">
      <Execution id="550d6ff5-56d1-4bc6-b35e-851293bc2868" />
      <TestMethod codeBase="C:\Projekty\xUnitTestProject\bin\Debug\netcoreapp3.1\xUnitTestProject.dll" adapterTypeName="executor://xunit/VsTestRunner2/netcoreapp" className="xUnitTestProject.CurrencyHelperTests" name="FormatToStringTest100" />
    </UnitTest>
    <UnitTest name="xUnitTestProject.CurrencyHelperTests.FormatToStringTest100(price: 86.89546322771136, expected: &quot;86.90 zł&quot;)" storage="c:\projekty\xunittestproject\bin\debug\netcoreapp3.1\xunittestproject.dll" id="be83c872-b584-ea7d-68ae-387efb4fd62c">
      <Execution id="6117055a-6fbd-4cb9-b0c1-6cb47b41bb59" />
      <TestMethod codeBase="C:\Projekty\xUnitTestProject\bin\Debug\netcoreapp3.1\xUnitTestProject.dll" adapterTypeName="executor://xunit/VsTestRunner2/netcoreapp" className="xUnitTestProject.CurrencyHelperTests" name="FormatToStringTest100" />
    </UnitTest>
    <UnitTest name="xUnitTestProject.CurrencyHelperTests.FormatToStringTest100(price: 45603.90324273142, expected: &quot;45603.90 zł&quot;)" storage="c:\projekty\xunittestproject\bin\debug\netcoreapp3.1\xunittestproject.dll" id="266d715f-e5d3-df86-ea76-d35ef7b9d7e0">
      <Execution id="d03cc94d-12f5-4824-82ab-835072ca739f" />
      <TestMethod codeBase="C:\Projekty\xUnitTestProject\bin\Debug\netcoreapp3.1\xUnitTestProject.dll" adapterTypeName="executor://xunit/VsTestRunner2/netcoreapp" className="xUnitTestProject.CurrencyHelperTests" name="FormatToStringTest100" />
    </UnitTest>
    <UnitTest name="xUnitTestProject.CurrencyHelperTests.FormatToStringTest100(price: 14172.682747822573, expected: &quot;14172.68 zł&quot;)" storage="c:\projekty\xunittestproject\bin\debug\netcoreapp3.1\xunittestproject.dll" id="ff59583d-5ce7-46c9-0e7b-54c700821ca2">
      <Execution id="ba7bcedb-b022-49ad-bd2a-1143b042e71a" />
      <TestMethod codeBase="C:\Projekty\xUnitTestProject\bin\Debug\netcoreapp3.1\xUnitTestProject.dll" adapterTypeName="executor://xunit/VsTestRunner2/netcoreapp" className="xUnitTestProject.CurrencyHelperTests" name="FormatToStringTest100" />
    </UnitTest>
    <UnitTest name="xUnitTestProject.CurrencyHelperTests.FormatToStringTest100(price: 45035.160883881224, expected: &quot;45035.16 zł&quot;)" storage="c:\projekty\xunittestproject\bin\debug\netcoreapp3.1\xunittestproject.dll" id="67a2e17d-2e99-1573-e414-664dc3a5daec">
      <Execution id="ab2f16f9-5d95-44f5-bc4b-8fc3e56e1ead" />
      <TestMethod codeBase="C:\Projekty\xUnitTestProject\bin\Debug\netcoreapp3.1\xUnitTestProject.dll" adapterTypeName="executor://xunit/VsTestRunner2/netcoreapp" className="xUnitTestProject.CurrencyHelperTests" name="FormatToStringTest100" />
    </UnitTest>
    <UnitTest name="xUnitTestProject.CurrencyHelperTests.FormatToStringTest100(price: 726.8087564975995, expected: &quot;726.81 zł&quot;)" storage="c:\projekty\xunittestproject\bin\debug\netcoreapp3.1\xunittestproject.dll" id="5be8086d-757f-607e-3916-e3fc3a32dab6">
      <Execution id="24cf8b89-c05a-4938-be6b-4f4f16a9a69e" />
      <TestMethod codeBase="C:\Projekty\xUnitTestProject\bin\Debug\netcoreapp3.1\xUnitTestProject.dll" adapterTypeName="executor://xunit/VsTestRunner2/netcoreapp" className="xUnitTestProject.CurrencyHelperTests" name="FormatToStringTest100" />
    </UnitTest>
    <UnitTest name="xUnitTestProject.CurrencyHelperTests.FormatToStringTest100(price: 8768.816937361293, expected: &quot;8768.82 zł&quot;)" storage="c:\projekty\xunittestproject\bin\debug\netcoreapp3.1\xunittestproject.dll" id="d48c6551-b0f6-c3d7-de17-2c1671fe95a2">
      <Execution id="e88b6406-342f-4631-9e73-a8763d337cbf" />
      <TestMethod codeBase="C:\Projekty\xUnitTestProject\bin\Debug\netcoreapp3.1\xUnitTestProject.dll" adapterTypeName="executor://xunit/VsTestRunner2/netcoreapp" className="xUnitTestProject.CurrencyHelperTests" name="FormatToStringTest100" />
    </UnitTest>
    <UnitTest name="xUnitTestProject.CurrencyHelperTests.FormatToStringTest100(price: 12949.590713378317, expected: &quot;12949.59 zł&quot;)" storage="c:\projekty\xunittestproject\bin\debug\netcoreapp3.1\xunittestproject.dll" id="d7778823-4bda-74f0-3f28-6c90759e2c7c">
      <Execution id="10b9b458-3817-4ee9-9e50-4b52f156c4a7" />
      <TestMethod codeBase="C:\Projekty\xUnitTestProject\bin\Debug\netcoreapp3.1\xUnitTestProject.dll" adapterTypeName="executor://xunit/VsTestRunner2/netcoreapp" className="xUnitTestProject.CurrencyHelperTests" name="FormatToStringTest100" />
    </UnitTest>
    <UnitTest name="xUnitTestProject.CurrencyHelperTests.FormatToStringTest100(price: 16986.338876065027, expected: &quot;16986.34 zł&quot;)" storage="c:\projekty\xunittestproject\bin\debug\netcoreapp3.1\xunittestproject.dll" id="14bf6b28-24d9-64d3-e241-ed045f113c3f">
      <Execution id="82672b96-3989-4afe-a286-438bd3f98653" />
      <TestMethod codeBase="C:\Projekty\xUnitTestProject\bin\Debug\netcoreapp3.1\xUnitTestProject.dll" adapterTypeName="executor://xunit/VsTestRunner2/netcoreapp" className="xUnitTestProject.CurrencyHelperTests" name="FormatToStringTest100" />
    </UnitTest>
    <UnitTest name="xUnitTestProject.CurrencyHelperTests.FormatToStringTest100(price: 7789.7136237517525, expected: &quot;7789.71 zł&quot;)" storage="c:\projekty\xunittestproject\bin\debug\netcoreapp3.1\xunittestproject.dll" id="3e7f7dc0-a481-a391-5e59-0a09ddfda429">
      <Execution id="8fab26c6-ac2c-4e0d-a101-cf97740a14ee" />
      <TestMethod codeBase="C:\Projekty\xUnitTestProject\bin\Debug\netcoreapp3.1\xUnitTestProject.dll" adapterTypeName="executor://xunit/VsTestRunner2/netcoreapp" className="xUnitTestProject.CurrencyHelperTests" name="FormatToStringTest100" />
    </UnitTest>
    <UnitTest name="xUnitTestProject.CurrencyHelperTests.FormatToStringTest100(price: 63507.32603545455, expected: &quot;63507.33 zł&quot;)" storage="c:\projekty\xunittestproject\bin\debug\netcoreapp3.1\xunittestproject.dll" id="9d3c6e40-46ef-8e8b-da94-d2afb05dab1a">
      <Execution id="f97baf0b-2edd-45e6-b630-622d2bbd7a8b" />
      <TestMethod codeBase="C:\Projekty\xUnitTestProject\bin\Debug\netcoreapp3.1\xUnitTestProject.dll" adapterTypeName="executor://xunit/VsTestRunner2/netcoreapp" className="xUnitTestProject.CurrencyHelperTests" name="FormatToStringTest100" />
    </UnitTest>
    <UnitTest name="xUnitTestProject.CurrencyHelperTests.FormatToStringTest100(price: 50991.22189691114, expected: &quot;50991.22 zł&quot;)" storage="c:\projekty\xunittestproject\bin\debug\netcoreapp3.1\xunittestproject.dll" id="8cee55c7-2f54-9306-dead-c4a37d1316a9">
      <Execution id="483c2aca-0e03-4245-be17-e3eb0c520b16" />
      <TestMethod codeBase="C:\Projekty\xUnitTestProject\bin\Debug\netcoreapp3.1\xUnitTestProject.dll" adapterTypeName="executor://xunit/VsTestRunner2/netcoreapp" className="xUnitTestProject.CurrencyHelperTests" name="FormatToStringTest100" />
    </UnitTest>
    <UnitTest name="xUnitTestProject.CurrencyHelperTests.FormatToStringTest100(price: 31290.71396233687, expected: &quot;31290.71 zł&quot;)" storage="c:\projekty\xunittestproject\bin\debug\netcoreapp3.1\xunittestproject.dll" id="6841efc3-9345-d314-75c2-427f114f051b">
      <Execution id="d5c4aac4-df1d-4634-88be-026c728e1c0f" />
      <TestMethod codeBase="C:\Projekty\xUnitTestProject\bin\Debug\netcoreapp3.1\xUnitTestProject.dll" adapterTypeName="executor://xunit/VsTestRunner2/netcoreapp" className="xUnitTestProject.CurrencyHelperTests" name="FormatToStringTest100" />
    </UnitTest>
    <UnitTest name="xUnitTestProject.CurrencyHelperTests.FormatToStringTest100(price: 15639.704937780603, expected: &quot;15639.70 zł&quot;)" storage="c:\projekty\xunittestproject\bin\debug\netcoreapp3.1\xunittestproject.dll" id="2c0a47e8-8ee6-29b4-babb-5a689a07f007">
      <Execution id="cb471653-6c82-4119-a142-6f104fc38ee3" />
      <TestMethod codeBase="C:\Projekty\xUnitTestProject\bin\Debug\netcoreapp3.1\xUnitTestProject.dll" adapterTypeName="executor://xunit/VsTestRunner2/netcoreapp" className="xUnitTestProject.CurrencyHelperTests" name="FormatToStringTest100" />
    </UnitTest>
    <UnitTest name="xUnitTestProject.CurrencyHelperTests.FormatToStringTest100(price: 17252.06220983903, expected: &quot;17252.06 zł&quot;)" storage="c:\projekty\xunittestproject\bin\debug\netcoreapp3.1\xunittestproject.dll" id="7d21651a-97b6-7b0a-2e61-911a28703fd6">
      <Execution id="08e15ec4-2c5f-487a-93ce-536c2551029b" />
      <TestMethod codeBase="C:\Projekty\xUnitTestProject\bin\Debug\netcoreapp3.1\xUnitTestProject.dll" adapterTypeName="executor://xunit/VsTestRunner2/netcoreapp" className="xUnitTestProject.CurrencyHelperTests" name="FormatToStringTest100" />
    </UnitTest>
    <UnitTest name="xUnitTestProject.CurrencyHelperTests.FormatToStringTest100(price: 27050.586848031067, expected: &quot;27050.59 zł&quot;)" storage="c:\projekty\xunittestproject\bin\debug\netcoreapp3.1\xunittestproject.dll" id="541757e5-f479-f33d-0381-b6dbdace2afb">
      <Execution id="f387faae-eb92-4bd9-940a-2d3accc58d04" />
      <TestMethod codeBase="C:\Projekty\xUnitTestProject\bin\Debug\netcoreapp3.1\xUnitTestProject.dll" adapterTypeName="executor://xunit/VsTestRunner2/netcoreapp" className="xUnitTestProject.CurrencyHelperTests" name="FormatToStringTest100" />
    </UnitTest>
    <UnitTest name="xUnitTestProject.CurrencyHelperTests.FormatToStringTest100(price: 28502.61128259758, expected: &quot;28502.61 zł&quot;)" storage="c:\projekty\xunittestproject\bin\debug\netcoreapp3.1\xunittestproject.dll" id="4b242f0c-9170-3330-c57e-f3c12dfe43da">
      <Execution id="40703b4f-26d0-4e17-9050-117ea0aedd81" />
      <TestMethod codeBase="C:\Projekty\xUnitTestProject\bin\Debug\netcoreapp3.1\xUnitTestProject.dll" adapterTypeName="executor://xunit/VsTestRunner2/netcoreapp" className="xUnitTestProject.CurrencyHelperTests" name="FormatToStringTest100" />
    </UnitTest>
    <UnitTest name="xUnitTestProject.CurrencyHelperTests.FormatToStringTest100(price: 19541.10539777116, expected: &quot;19541.11 zł&quot;)" storage="c:\projekty\xunittestproject\bin\debug\netcoreapp3.1\xunittestproject.dll" id="1dbb93f2-1030-009d-6521-2ea9595c26a6">
      <Execution id="b001d108-380f-4998-aafc-f8c47b830ee0" />
      <TestMethod codeBase="C:\Projekty\xUnitTestProject\bin\Debug\netcoreapp3.1\xUnitTestProject.dll" adapterTypeName="executor://xunit/VsTestRunner2/netcoreapp" className="xUnitTestProject.CurrencyHelperTests" name="FormatToStringTest100" />
    </UnitTest>
    <UnitTest name="xUnitTestProject.CurrencyHelperTests.FormatToStringTest100(price: 24957.469502810607, expected: &quot;24957.47 zł&quot;)" storage="c:\projekty\xunittestproject\bin\debug\netcoreapp3.1\xunittestproject.dll" id="f9f74b79-cea9-65cc-b4bd-68b4ed9d0743">
      <Execution id="b6795089-d53a-4e59-ba76-bca426a10be1" />
      <TestMethod codeBase="C:\Projekty\xUnitTestProject\bin\Debug\netcoreapp3.1\xUnitTestProject.dll" adapterTypeName="executor://xunit/VsTestRunner2/netcoreapp" className="xUnitTestProject.CurrencyHelperTests" name="FormatToStringTest100" />
    </UnitTest>
    <UnitTest name="xUnitTestProject.CurrencyHelperTests.FormatToStringTest100(price: 468.83385119346616, expected: &quot;468.83 zł&quot;)" storage="c:\projekty\xunittestproject\bin\debug\netcoreapp3.1\xunittestproject.dll" id="081370ca-48f4-57e4-cbf0-362048ef7fc7">
      <Execution id="6ec12334-6f8c-4d39-8e50-ec1d39224997" />
      <TestMethod codeBase="C:\Projekty\xUnitTestProject\bin\Debug\netcoreapp3.1\xUnitTestProject.dll" adapterTypeName="executor://xunit/VsTestRunner2/netcoreapp" className="xUnitTestProject.CurrencyHelperTests" name="FormatToStringTest100" />
    </UnitTest>
    <UnitTest name="xUnitTestProject.CurrencyHelperTests.FormatToStringTest100(price: 16383.352881839199, expected: &quot;16383.35 zł&quot;)" storage="c:\projekty\xunittestproject\bin\debug\netcoreapp3.1\xunittestproject.dll" id="dafd8801-e3be-22df-9fa5-764356cf2ca4">
      <Execution id="174ff693-9a7e-4f70-9bb1-8f827fe48234" />
      <TestMethod codeBase="C:\Projekty\xUnitTestProject\bin\Debug\netcoreapp3.1\xUnitTestProject.dll" adapterTypeName="executor://xunit/VsTestRunner2/netcoreapp" className="xUnitTestProject.CurrencyHelperTests" name="FormatToStringTest100" />
    </UnitTest>
    <UnitTest name="xUnitTestProject.CurrencyHelperTests.FormatToStringTest100(price: 35145.379208063416, expected: &quot;35145.38 zł&quot;)" storage="c:\projekty\xunittestproject\bin\debug\netcoreapp3.1\xunittestproject.dll" id="c154671c-e246-3280-5d80-165aa2ed0fd0">
      <Execution id="3c26ddf8-4e61-433f-9838-29861100cb7f" />
      <TestMethod codeBase="C:\Projekty\xUnitTestProject\bin\Debug\netcoreapp3.1\xUnitTestProject.dll" adapterTypeName="executor://xunit/VsTestRunner2/netcoreapp" className="xUnitTestProject.CurrencyHelperTests" name="FormatToStringTest100" />
    </UnitTest>
    <UnitTest name="xUnitTestProject.CurrencyHelperTests.FormatToStringTest100(price: 28192.949128067565, expected: &quot;28192.95 zł&quot;)" storage="c:\projekty\xunittestproject\bin\debug\netcoreapp3.1\xunittestproject.dll" id="3bb4baee-0ac4-fa1e-e791-31ce6ef2b58b">
      <Execution id="919a6487-81c8-4402-aa29-bc0c1f3f8619" />
      <TestMethod codeBase="C:\Projekty\xUnitTestProject\bin\Debug\netcoreapp3.1\xUnitTestProject.dll" adapterTypeName="executor://xunit/VsTestRunner2/netcoreapp" className="xUnitTestProject.CurrencyHelperTests" name="FormatToStringTest100" />
    </UnitTest>
    <UnitTest name="xUnitTestProject.CurrencyHelperTests.FormatToStringTest100(price: 78822.37212685234, expected: &quot;78822.37 zł&quot;)" storage="c:\projekty\xunittestproject\bin\debug\netcoreapp3.1\xunittestproject.dll" id="c05fb9c5-7f95-15f9-16c2-7f5bfc2c47e7">
      <Execution id="9d1ae0bb-2dc2-47e0-9144-77ff672dfc72" />
      <TestMethod codeBase="C:\Projekty\xUnitTestProject\bin\Debug\netcoreapp3.1\xUnitTestProject.dll" adapterTypeName="executor://xunit/VsTestRunner2/netcoreapp" className="xUnitTestProject.CurrencyHelperTests" name="FormatToStringTest100" />
    </UnitTest>
    <UnitTest name="xUnitTestProject.CurrencyHelperTests.FormatToStringTest100(price: 41876.979471482795, expected: &quot;41876.98 zł&quot;)" storage="c:\projekty\xunittestproject\bin\debug\netcoreapp3.1\xunittestproject.dll" id="5a8675de-6b57-6a3b-e014-8c438f537aee">
      <Execution id="7e3ac374-5f41-44e3-b3f3-4b85d3d8ecfb" />
      <TestMethod codeBase="C:\Projekty\xUnitTestProject\bin\Debug\netcoreapp3.1\xUnitTestProject.dll" adapterTypeName="executor://xunit/VsTestRunner2/netcoreapp" className="xUnitTestProject.CurrencyHelperTests" name="FormatToStringTest100" />
    </UnitTest>
    <UnitTest name="xUnitTestProject.CurrencyHelperTests.FormatToStringTest100(price: 34096.337879508894, expected: &quot;34096.34 zł&quot;)" storage="c:\projekty\xunittestproject\bin\debug\netcoreapp3.1\xunittestproject.dll" id="f265cc9e-137b-d632-0abc-0be231ad19a3">
      <Execution id="8f504aa1-47c7-4120-884b-f98541c1dad3" />
      <TestMethod codeBase="C:\Projekty\xUnitTestProject\bin\Debug\netcoreapp3.1\xUnitTestProject.dll" adapterTypeName="executor://xunit/VsTestRunner2/netcoreapp" className="xUnitTestProject.CurrencyHelperTests" name="FormatToStringTest100" />
    </UnitTest>
    <UnitTest name="xUnitTestProject.CurrencyHelperTests.FormatToStringTest100(price: 38640.62766693003, expected: &quot;38640.63 zł&quot;)" storage="c:\projekty\xunittestproject\bin\debug\netcoreapp3.1\xunittestproject.dll" id="bee9f8c6-2947-a818-585e-f32a0181ed37">
      <Execution id="8b36d6c6-b015-4e96-a2df-9198d7155ad1" />
      <TestMethod codeBase="C:\Projekty\xUnitTestProject\bin\Debug\netcoreapp3.1\xUnitTestProject.dll" adapterTypeName="executor://xunit/VsTestRunner2/netcoreapp" className="xUnitTestProject.CurrencyHelperTests" name="FormatToStringTest100" />
    </UnitTest>
    <UnitTest name="xUnitTestProject.CurrencyHelperTests.FormatToStringTest100(price: 52020.805412759444, expected: &quot;52020.81 zł&quot;)" storage="c:\projekty\xunittestproject\bin\debug\netcoreapp3.1\xunittestproject.dll" id="da9a7d7d-29a1-93da-fc82-1718f2a3582d">
      <Execution id="36f090f3-3722-4392-b553-dd16a3715e68" />
      <TestMethod codeBase="C:\Projekty\xUnitTestProject\bin\Debug\netcoreapp3.1\xUnitTestProject.dll" adapterTypeName="executor://xunit/VsTestRunner2/netcoreapp" className="xUnitTestProject.CurrencyHelperTests" name="FormatToStringTest100" />
    </UnitTest>
    <UnitTest name="xUnitTestProject.CurrencyHelperTests.FormatToStringTest100(price: 74514.06270644537, expected: &quot;74514.06 zł&quot;)" storage="c:\projekty\xunittestproject\bin\debug\netcoreapp3.1\xunittestproject.dll" id="29335311-3390-3a4e-3295-e7d01500b61d">
      <Execution id="8aabf8b2-2fc0-4055-98cc-b7f2b64f08d1" />
      <TestMethod codeBase="C:\Projekty\xUnitTestProject\bin\Debug\netcoreapp3.1\xUnitTestProject.dll" adapterTypeName="executor://xunit/VsTestRunner2/netcoreapp" className="xUnitTestProject.CurrencyHelperTests" name="FormatToStringTest100" />
    </UnitTest>
    <UnitTest name="xUnitTestProject.CurrencyHelperTests.FormatToStringTest100(price: 35784.54232617307, expected: &quot;35784.54 zł&quot;)" storage="c:\projekty\xunittestproject\bin\debug\netcoreapp3.1\xunittestproject.dll" id="d47953b3-b855-d065-3ee0-ac12db86be39">
      <Execution id="6e6a37d6-0900-4a2b-a655-01b85d91a416" />
      <TestMethod codeBase="C:\Projekty\xUnitTestProject\bin\Debug\netcoreapp3.1\xUnitTestProject.dll" adapterTypeName="executor://xunit/VsTestRunner2/netcoreapp" className="xUnitTestProject.CurrencyHelperTests" name="FormatToStringTest100" />
    </UnitTest>
    <UnitTest name="xUnitTestProject.CurrencyHelperTests.FormatToStringTest100(price: 2292.8331871111104, expected: &quot;2292.83 zł&quot;)" storage="c:\projekty\xunittestproject\bin\debug\netcoreapp3.1\xunittestproject.dll" id="289f0d26-9b3d-b24d-21a5-381b61257aa2">
      <Execution id="e38cd0f4-a4d2-4f4f-8d8f-629264f12dcd" />
      <TestMethod codeBase="C:\Projekty\xUnitTestProject\bin\Debug\netcoreapp3.1\xUnitTestProject.dll" adapterTypeName="executor://xunit/VsTestRunner2/netcoreapp" className="xUnitTestProject.CurrencyHelperTests" name="FormatToStringTest100" />
    </UnitTest>
    <UnitTest name="xUnitTestProject.CurrencyHelperTests.FormatToStringTest100(price: 62975.496334776515, expected: &quot;62975.50 zł&quot;)" storage="c:\projekty\xunittestproject\bin\debug\netcoreapp3.1\xunittestproject.dll" id="43a8ab94-a343-e6fd-9ae1-7ad0c6ee6431">
      <Execution id="2f192946-22a7-4255-aa07-6038f0606bed" />
      <TestMethod codeBase="C:\Projekty\xUnitTestProject\bin\Debug\netcoreapp3.1\xUnitTestProject.dll" adapterTypeName="executor://xunit/VsTestRunner2/netcoreapp" className="xUnitTestProject.CurrencyHelperTests" name="FormatToStringTest100" />
    </UnitTest>
    <UnitTest name="xUnitTestProject.CurrencyHelperTests.FormatToStringTest100(price: 22666.13578912995, expected: &quot;22666.14 zł&quot;)" storage="c:\projekty\xunittestproject\bin\debug\netcoreapp3.1\xunittestproject.dll" id="74dd38df-c768-037a-da68-a6c5c371d014">
      <Execution id="1142064d-f0f4-4c63-8986-9c5ba61d6c0f" />
      <TestMethod codeBase="C:\Projekty\xUnitTestProject\bin\Debug\netcoreapp3.1\xUnitTestProject.dll" adapterTypeName="executor://xunit/VsTestRunner2/netcoreapp" className="xUnitTestProject.CurrencyHelperTests" name="FormatToStringTest100" />
    </UnitTest>
    <UnitTest name="xUnitTestProject.CurrencyHelperTests.FormatToStringTest100(price: 5628.028273674672, expected: &quot;5628.03 zł&quot;)" storage="c:\projekty\xunittestproject\bin\debug\netcoreapp3.1\xunittestproject.dll" id="7105c4e1-ce32-5c97-6709-d6bf0a4e3d55">
      <Execution id="b9ba045b-0e7c-4848-8cfd-f2fd2ddb70ec" />
      <TestMethod codeBase="C:\Projekty\xUnitTestProject\bin\Debug\netcoreapp3.1\xUnitTestProject.dll" adapterTypeName="executor://xunit/VsTestRunner2/netcoreapp" className="xUnitTestProject.CurrencyHelperTests" name="FormatToStringTest100" />
    </UnitTest>
    <UnitTest name="xUnitTestProject.CurrencyHelperTests.FormatToStringTest100(price: 8499.121443388574, expected: &quot;8499.12 zł&quot;)" storage="c:\projekty\xunittestproject\bin\debug\netcoreapp3.1\xunittestproject.dll" id="2e0c5192-e697-d6bc-f801-978bcb4ec749">
      <Execution id="8910a7bd-c5a7-4433-ba5a-9f023cb9402f" />
      <TestMethod codeBase="C:\Projekty\xUnitTestProject\bin\Debug\netcoreapp3.1\xUnitTestProject.dll" adapterTypeName="executor://xunit/VsTestRunner2/netcoreapp" className="xUnitTestProject.CurrencyHelperTests" name="FormatToStringTest100" />
    </UnitTest>
    <UnitTest name="xUnitTestProject.CurrencyHelperTests.FormatToStringTest100(price: 32632.105531036905, expected: &quot;32632.11 zł&quot;)" storage="c:\projekty\xunittestproject\bin\debug\netcoreapp3.1\xunittestproject.dll" id="8a266f5a-be21-44b9-cc46-2634e151c33b">
      <Execution id="b219eefd-f07f-47af-8d1b-bd7a24ca9534" />
      <TestMethod codeBase="C:\Projekty\xUnitTestProject\bin\Debug\netcoreapp3.1\xUnitTestProject.dll" adapterTypeName="executor://xunit/VsTestRunner2/netcoreapp" className="xUnitTestProject.CurrencyHelperTests" name="FormatToStringTest100" />
    </UnitTest>
    <UnitTest name="xUnitTestProject.CurrencyHelperTests.FormatToStringTest100(price: 2937.138486199611, expected: &quot;2937.14 zł&quot;)" storage="c:\projekty\xunittestproject\bin\debug\netcoreapp3.1\xunittestproject.dll" id="dcc4e251-457a-bc1b-d0d7-d1ec86b94d5d">
      <Execution id="a232b100-95c4-4e51-8bcc-b155d889bf38" />
      <TestMethod codeBase="C:\Projekty\xUnitTestProject\bin\Debug\netcoreapp3.1\xUnitTestProject.dll" adapterTypeName="executor://xunit/VsTestRunner2/netcoreapp" className="xUnitTestProject.CurrencyHelperTests" name="FormatToStringTest100" />
    </UnitTest>
    <UnitTest name="xUnitTestProject.CurrencyHelperTests.FormatToStringTest100(price: 9816.961298880615, expected: &quot;9816.96 zł&quot;)" storage="c:\projekty\xunittestproject\bin\debug\netcoreapp3.1\xunittestproject.dll" id="4c412e3e-e553-0928-365f-424e47169018">
      <Execution id="c8711d7e-cc10-49b3-8fd8-c43c4ee20847" />
      <TestMethod codeBase="C:\Projekty\xUnitTestProject\bin\Debug\netcoreapp3.1\xUnitTestProject.dll" adapterTypeName="executor://xunit/VsTestRunner2/netcoreapp" className="xUnitTestProject.CurrencyHelperTests" name="FormatToStringTest100" />
    </UnitTest>
    <UnitTest name="xUnitTestProject.CurrencyHelperTests.FormatToStringTest100(price: 27893.312729890138, expected: &quot;27893.31 zł&quot;)" storage="c:\projekty\xunittestproject\bin\debug\netcoreapp3.1\xunittestproject.dll" id="111c79ee-d703-225b-8314-e9f7cfa3d20e">
      <Execution id="6b839d25-c249-4774-9c63-d8992630046f" />
      <TestMethod codeBase="C:\Projekty\xUnitTestProject\bin\Debug\netcoreapp3.1\xUnitTestProject.dll" adapterTypeName="executor://xunit/VsTestRunner2/netcoreapp" className="xUnitTestProject.CurrencyHelperTests" name="FormatToStringTest100" />
    </UnitTest>
    <UnitTest name="xUnitTestProject.CurrencyHelperTests.FormatToStringTest100(price: 20244.692955315437, expected: &quot;20244.69 zł&quot;)" storage="c:\projekty\xunittestproject\bin\debug\netcoreapp3.1\xunittestproject.dll" id="b06b7483-d7a9-8983-7acb-83b99a3a9375">
      <Execution id="213337bf-2c13-463a-82b1-91e61ae36162" />
      <TestMethod codeBase="C:\Projekty\xUnitTestProject\bin\Debug\netcoreapp3.1\xUnitTestProject.dll" adapterTypeName="executor://xunit/VsTestRunner2/netcoreapp" className="xUnitTestProject.CurrencyHelperTests" name="FormatToStringTest100" />
    </UnitTest>
    <UnitTest name="xUnitTestProject.CurrencyHelperTests.FormatToStringTest100(price: 79.6815319544084, expected: &quot;79.68 zł&quot;)" storage="c:\projekty\xunittestproject\bin\debug\netcoreapp3.1\xunittestproject.dll" id="fc8fcc54-cb31-3ea9-a932-697b630d3569">
      <Execution id="ef78ba24-e997-4607-8fbb-0337714917a5" />
      <TestMethod codeBase="C:\Projekty\xUnitTestProject\bin\Debug\netcoreapp3.1\xUnitTestProject.dll" adapterTypeName="executor://xunit/VsTestRunner2/netcoreapp" className="xUnitTestProject.CurrencyHelperTests" name="FormatToStringTest100" />
    </UnitTest>
    <UnitTest name="xUnitTestProject.CurrencyHelperTests.FormatToStringTest100(price: 6809.40195803037, expected: &quot;6809.40 zł&quot;)" storage="c:\projekty\xunittestproject\bin\debug\netcoreapp3.1\xunittestproject.dll" id="0f154440-ee39-dfa0-38c3-2b0334e011dd">
      <Execution id="b232377d-90c1-4b87-abca-9ada260cc0a9" />
      <TestMethod codeBase="C:\Projekty\xUnitTestProject\bin\Debug\netcoreapp3.1\xUnitTestProject.dll" adapterTypeName="executor://xunit/VsTestRunner2/netcoreapp" className="xUnitTestProject.CurrencyHelperTests" name="FormatToStringTest100" />
    </UnitTest>
    <UnitTest name="xUnitTestProject.CurrencyHelperTests.FormatToStringTest100(price: 5396.620088554277, expected: &quot;5396.62 zł&quot;)" storage="c:\projekty\xunittestproject\bin\debug\netcoreapp3.1\xunittestproject.dll" id="3321cd65-ef8c-d2ee-7a10-5262976081ff">
      <Execution id="3d59a09c-f192-45fc-8ea6-c4a95169c527" />
      <TestMethod codeBase="C:\Projekty\xUnitTestProject\bin\Debug\netcoreapp3.1\xUnitTestProject.dll" adapterTypeName="executor://xunit/VsTestRunner2/netcoreapp" className="xUnitTestProject.CurrencyHelperTests" name="FormatToStringTest100" />
    </UnitTest>
    <UnitTest name="xUnitTestProject.CurrencyHelperTests.FormatToStringTest100(price: 80609.94377465078, expected: &quot;80609.94 zł&quot;)" storage="c:\projekty\xunittestproject\bin\debug\netcoreapp3.1\xunittestproject.dll" id="c57e7001-ae2f-cc3c-80aa-b60a735cb853">
      <Execution id="7cddf1dd-0e68-4ef6-ba23-49b852a7663c" />
      <TestMethod codeBase="C:\Projekty\xUnitTestProject\bin\Debug\netcoreapp3.1\xUnitTestProject.dll" adapterTypeName="executor://xunit/VsTestRunner2/netcoreapp" className="xUnitTestProject.CurrencyHelperTests" name="FormatToStringTest100" />
    </UnitTest>
    <UnitTest name="xUnitTestProject.CurrencyHelperTests.FormatToStringTest100(price: 22604.838218828587, expected: &quot;22604.84 zł&quot;)" storage="c:\projekty\xunittestproject\bin\debug\netcoreapp3.1\xunittestproject.dll" id="1813aa2f-eab9-0da1-9d79-9ec562fcf340">
      <Execution id="45a6cb77-7032-420d-924c-bdc28f1e4292" />
      <TestMethod codeBase="C:\Projekty\xUnitTestProject\bin\Debug\netcoreapp3.1\xUnitTestProject.dll" adapterTypeName="executor://xunit/VsTestRunner2/netcoreapp" className="xUnitTestProject.CurrencyHelperTests" name="FormatToStringTest100" />
    </UnitTest>
    <UnitTest name="xUnitTestProject.CurrencyHelperTests.FormatToStringTest100(price: 1649.0127968480872, expected: &quot;1649.01 zł&quot;)" storage="c:\projekty\xunittestproject\bin\debug\netcoreapp3.1\xunittestproject.dll" id="5e812169-6686-9fe1-e23d-5fb1628863ab">
      <Execution id="dfe067e1-8f6c-40a7-a197-a459c2feb4ca" />
      <TestMethod codeBase="C:\Projekty\xUnitTestProject\bin\Debug\netcoreapp3.1\xUnitTestProject.dll" adapterTypeName="executor://xunit/VsTestRunner2/netcoreapp" className="xUnitTestProject.CurrencyHelperTests" name="FormatToStringTest100" />
    </UnitTest>
    <UnitTest name="xUnitTestProject.CurrencyHelperTests.FormatToStringTest100(price: 1614.2516601789982, expected: &quot;1614.25 zł&quot;)" storage="c:\projekty\xunittestproject\bin\debug\netcoreapp3.1\xunittestproject.dll" id="eddb088f-c107-aeac-fa0d-87b3c14eed53">
      <Execution id="60e94691-ca90-4ef7-a2ad-326d64ab84bc" />
      <TestMethod codeBase="C:\Projekty\xUnitTestProject\bin\Debug\netcoreapp3.1\xUnitTestProject.dll" adapterTypeName="executor://xunit/VsTestRunner2/netcoreapp" className="xUnitTestProject.CurrencyHelperTests" name="FormatToStringTest100" />
    </UnitTest>
    <UnitTest name="xUnitTestProject.CurrencyHelperTests.FormatToStringTest100(price: 32216.686763396807, expected: &quot;32216.69 zł&quot;)" storage="c:\projekty\xunittestproject\bin\debug\netcoreapp3.1\xunittestproject.dll" id="49a05d1f-a775-19c0-25af-f3a1e1d16690">
      <Execution id="5b8a4543-3c12-4fbd-9c73-ac8bcb33c197" />
      <TestMethod codeBase="C:\Projekty\xUnitTestProject\bin\Debug\netcoreapp3.1\xUnitTestProject.dll" adapterTypeName="executor://xunit/VsTestRunner2/netcoreapp" className="xUnitTestProject.CurrencyHelperTests" name="FormatToStringTest100" />
    </UnitTest>
    <UnitTest name="xUnitTestProject.CurrencyHelperTests.FormatToStringTest100(price: 6890.028458985514, expected: &quot;6890.03 zł&quot;)" storage="c:\projekty\xunittestproject\bin\debug\netcoreapp3.1\xunittestproject.dll" id="50ea2bcc-2c4a-f936-b10c-5e627f71076d">
      <Execution id="39902f42-d4b1-4447-8a85-03839859ef98" />
      <TestMethod codeBase="C:\Projekty\xUnitTestProject\bin\Debug\netcoreapp3.1\xUnitTestProject.dll" adapterTypeName="executor://xunit/VsTestRunner2/netcoreapp" className="xUnitTestProject.CurrencyHelperTests" name="FormatToStringTest100" />
    </UnitTest>
    <UnitTest name="xUnitTestProject.CurrencyHelperTests.FormatToStringTest100(price: 9867.823212210007, expected: &quot;9867.82 zł&quot;)" storage="c:\projekty\xunittestproject\bin\debug\netcoreapp3.1\xunittestproject.dll" id="e3628c97-347a-9ee9-e133-2d57b36ee5ba">
      <Execution id="a5d55085-1ee3-4b1c-8941-6a0b04c9fd04" />
      <TestMethod codeBase="C:\Projekty\xUnitTestProject\bin\Debug\netcoreapp3.1\xUnitTestProject.dll" adapterTypeName="executor://xunit/VsTestRunner2/netcoreapp" className="xUnitTestProject.CurrencyHelperTests" name="FormatToStringTest100" />
    </UnitTest>
    <UnitTest name="xUnitTestProject.CurrencyHelperTests.FormatToStringTest100(price: 591.2110872302256, expected: &quot;591.21 zł&quot;)" storage="c:\projekty\xunittestproject\bin\debug\netcoreapp3.1\xunittestproject.dll" id="fc435e55-affb-80d4-72b8-f2b63414b911">
      <Execution id="19481b73-0366-4dbd-93e0-2e7e8a092cb1" />
      <TestMethod codeBase="C:\Projekty\xUnitTestProject\bin\Debug\netcoreapp3.1\xUnitTestProject.dll" adapterTypeName="executor://xunit/VsTestRunner2/netcoreapp" className="xUnitTestProject.CurrencyHelperTests" name="FormatToStringTest100" />
    </UnitTest>
    <UnitTest name="xUnitTestProject.CurrencyHelperTests.FormatToStringTest100(price: 70771.4436677524, expected: &quot;70771.44 zł&quot;)" storage="c:\projekty\xunittestproject\bin\debug\netcoreapp3.1\xunittestproject.dll" id="04e3f1ac-8b40-ff41-8b94-5de43105a077">
      <Execution id="f867743e-eb55-43d4-ae10-520eb39decae" />
      <TestMethod codeBase="C:\Projekty\xUnitTestProject\bin\Debug\netcoreapp3.1\xUnitTestProject.dll" adapterTypeName="executor://xunit/VsTestRunner2/netcoreapp" className="xUnitTestProject.CurrencyHelperTests" name="FormatToStringTest100" />
    </UnitTest>
    <UnitTest name="xUnitTestProject.CurrencyHelperTests.FormatToStringTest100(price: 7594.279030504766, expected: &quot;7594.28 zł&quot;)" storage="c:\projekty\xunittestproject\bin\debug\netcoreapp3.1\xunittestproject.dll" id="571d5971-1ee5-2e96-a2c2-f9965b0b3623">
      <Execution id="d9954b7b-271c-4241-bb68-f9fc44108089" />
      <TestMethod codeBase="C:\Projekty\xUnitTestProject\bin\Debug\netcoreapp3.1\xUnitTestProject.dll" adapterTypeName="executor://xunit/VsTestRunner2/netcoreapp" className="xUnitTestProject.CurrencyHelperTests" name="FormatToStringTest100" />
    </UnitTest>
    <UnitTest name="xUnitTestProject.CurrencyHelperTests.FormatToStringTest100(price: 6864.093052674129, expected: &quot;6864.09 zł&quot;)" storage="c:\projekty\xunittestproject\bin\debug\netcoreapp3.1\xunittestproject.dll" id="50d69e8d-3a93-b655-2f18-638fbff5feb9">
      <Execution id="0b41fee3-7fee-4938-9a8e-61b04151692d" />
      <TestMethod codeBase="C:\Projekty\xUnitTestProject\bin\Debug\netcoreapp3.1\xUnitTestProject.dll" adapterTypeName="executor://xunit/VsTestRunner2/netcoreapp" className="xUnitTestProject.CurrencyHelperTests" name="FormatToStringTest100" />
    </UnitTest>
    <UnitTest name="xUnitTestProject.CurrencyHelperTests.FormatToStringTest100(price: 21961.272673999552, expected: &quot;21961.27 zł&quot;)" storage="c:\projekty\xunittestproject\bin\debug\netcoreapp3.1\xunittestproject.dll" id="33f107c2-ab0d-ae03-80da-536fe345a886">
      <Execution id="b78bffa7-2547-4df0-a9b8-c35df048fdd4" />
      <TestMethod codeBase="C:\Projekty\xUnitTestProject\bin\Debug\netcoreapp3.1\xUnitTestProject.dll" adapterTypeName="executor://xunit/VsTestRunner2/netcoreapp" className="xUnitTestProject.CurrencyHelperTests" name="FormatToStringTest100" />
    </UnitTest>
    <UnitTest name="xUnitTestProject.CurrencyHelperTests.FormatToStringTest100(price: 39178.05988345298, expected: &quot;39178.06 zł&quot;)" storage="c:\projekty\xunittestproject\bin\debug\netcoreapp3.1\xunittestproject.dll" id="2b46eb58-6e84-4876-9d74-10f782a2b95d">
      <Execution id="92a7f303-5b6f-4bd7-824d-df7bead09e63" />
      <TestMethod codeBase="C:\Projekty\xUnitTestProject\bin\Debug\netcoreapp3.1\xUnitTestProject.dll" adapterTypeName="executor://xunit/VsTestRunner2/netcoreapp" className="xUnitTestProject.CurrencyHelperTests" name="FormatToStringTest100" />
    </UnitTest>
  </TestDefinitions>
  <TestEntries>
    <TestEntry testId="e3628c97-347a-9ee9-e133-2d57b36ee5ba" executionId="a5d55085-1ee3-4b1c-8941-6a0b04c9fd04" testListId="8c84fa94-04c1-424b-9868-57a2d4851a1d" />
    <TestEntry testId="5cbd1a54-5566-6c6a-e422-221bbd0a9b56" executionId="b2bc054b-c231-44ad-804e-23260a8734f8" testListId="8c84fa94-04c1-424b-9868-57a2d4851a1d" />
    <TestEntry testId="4fe91442-a364-ddf6-571a-0c1b0e5ac3fa" executionId="351413f0-2644-417c-8afd-cf6c7a6a74ae" testListId="8c84fa94-04c1-424b-9868-57a2d4851a1d" />
    <TestEntry testId="acd09137-eecd-d983-95fe-20aa284c3f97" executionId="064dc928-8f09-47ae-861a-9fd406bf04ba" testListId="8c84fa94-04c1-424b-9868-57a2d4851a1d" />
    <TestEntry testId="04e3f1ac-8b40-ff41-8b94-5de43105a077" executionId="f867743e-eb55-43d4-ae10-520eb39decae" testListId="8c84fa94-04c1-424b-9868-57a2d4851a1d" />
    <TestEntry testId="d71fa846-0b3d-650b-0fa7-7de64a8b5692" executionId="9ee364fd-aa7d-48f1-b92a-64005a393b8e" testListId="8c84fa94-04c1-424b-9868-57a2d4851a1d" />
    <TestEntry testId="da9a7d7d-29a1-93da-fc82-1718f2a3582d" executionId="36f090f3-3722-4392-b553-dd16a3715e68" testListId="8c84fa94-04c1-424b-9868-57a2d4851a1d" />
    <TestEntry testId="74dd38df-c768-037a-da68-a6c5c371d014" executionId="1142064d-f0f4-4c63-8986-9c5ba61d6c0f" testListId="8c84fa94-04c1-424b-9868-57a2d4851a1d" />
    <TestEntry testId="f910ed82-0c15-5fc2-de25-f9ceba99a963" executionId="0f06c459-9ee2-4672-b6bd-bf466f595a1b" testListId="8c84fa94-04c1-424b-9868-57a2d4851a1d" />
    <TestEntry testId="84d5048a-7b2f-9b60-257e-0daa5848d93c" executionId="5c2ff354-ce1e-490c-b14f-14de6f2f8d2a" testListId="8c84fa94-04c1-424b-9868-57a2d4851a1d" />
    <TestEntry testId="d073a14a-1a05-55ae-e697-84b172175337" executionId="3a8d3f65-9639-4504-be85-c2488e1ad639" testListId="8c84fa94-04c1-424b-9868-57a2d4851a1d" />
    <TestEntry testId="081370ca-48f4-57e4-cbf0-362048ef7fc7" executionId="6ec12334-6f8c-4d39-8e50-ec1d39224997" testListId="8c84fa94-04c1-424b-9868-57a2d4851a1d" />
    <TestEntry testId="b611b239-b1eb-9204-e0e7-5dd83b648e27" executionId="23af9587-f2b2-45b6-b995-753aadfea585" testListId="8c84fa94-04c1-424b-9868-57a2d4851a1d" />
    <TestEntry testId="dafd8801-e3be-22df-9fa5-764356cf2ca4" executionId="174ff693-9a7e-4f70-9bb1-8f827fe48234" testListId="8c84fa94-04c1-424b-9868-57a2d4851a1d" />
    <TestEntry testId="3bb4baee-0ac4-fa1e-e791-31ce6ef2b58b" executionId="919a6487-81c8-4402-aa29-bc0c1f3f8619" testListId="8c84fa94-04c1-424b-9868-57a2d4851a1d" />
    <TestEntry testId="9e65b83c-d062-a995-788e-1f867295fc3e" executionId="76c8ed0d-d9ad-4bed-a292-da49af5f2488" testListId="8c84fa94-04c1-424b-9868-57a2d4851a1d" />
    <TestEntry testId="649e78c8-4417-17eb-ca16-441525722fe8" executionId="c1442d70-492d-428a-9abe-e9128e8b8b65" testListId="8c84fa94-04c1-424b-9868-57a2d4851a1d" />
    <TestEntry testId="eddb088f-c107-aeac-fa0d-87b3c14eed53" executionId="60e94691-ca90-4ef7-a2ad-326d64ab84bc" testListId="8c84fa94-04c1-424b-9868-57a2d4851a1d" />
    <TestEntry testId="4b242f0c-9170-3330-c57e-f3c12dfe43da" executionId="40703b4f-26d0-4e17-9050-117ea0aedd81" testListId="8c84fa94-04c1-424b-9868-57a2d4851a1d" />
    <TestEntry testId="bee9f8c6-2947-a818-585e-f32a0181ed37" executionId="8b36d6c6-b015-4e96-a2df-9198d7155ad1" testListId="8c84fa94-04c1-424b-9868-57a2d4851a1d" />
    <TestEntry testId="bc595dee-6f3e-e241-694d-ba68ac66ab16" executionId="263e94e2-91ae-43c7-8c02-da03426e4f9a" testListId="8c84fa94-04c1-424b-9868-57a2d4851a1d" />
    <TestEntry testId="c05fb9c5-7f95-15f9-16c2-7f5bfc2c47e7" executionId="9d1ae0bb-2dc2-47e0-9144-77ff672dfc72" testListId="8c84fa94-04c1-424b-9868-57a2d4851a1d" />
    <TestEntry testId="3321cd65-ef8c-d2ee-7a10-5262976081ff" executionId="3d59a09c-f192-45fc-8ea6-c4a95169c527" testListId="8c84fa94-04c1-424b-9868-57a2d4851a1d" />
    <TestEntry testId="91415d54-575f-b471-1dc0-1631e68e02ab" executionId="c324b7de-6292-4144-a25d-141e4d69841e" testListId="8c84fa94-04c1-424b-9868-57a2d4851a1d" />
    <TestEntry testId="0bf4b77c-c3da-f3e0-15d0-aa3788b09ed0" executionId="d6f43377-5995-4fac-9883-6b5cb7c61f44" testListId="8c84fa94-04c1-424b-9868-57a2d4851a1d" />
    <TestEntry testId="571d5971-1ee5-2e96-a2c2-f9965b0b3623" executionId="d9954b7b-271c-4241-bb68-f9fc44108089" testListId="8c84fa94-04c1-424b-9868-57a2d4851a1d" />
    <TestEntry testId="ac0c8e8e-94ce-f433-7c74-70876edf6736" executionId="7e0bc531-d449-42e3-a836-0e14a6066a6c" testListId="8c84fa94-04c1-424b-9868-57a2d4851a1d" />
    <TestEntry testId="77be9760-e130-8956-fbc4-11e64213b336" executionId="f828d47c-b734-4ff5-b840-f6803750ccc6" testListId="8c84fa94-04c1-424b-9868-57a2d4851a1d" />
    <TestEntry testId="e5d3d46a-1577-bac4-8f03-ab7ff7705a9f" executionId="94ba3c8f-050b-4cc7-9c2b-860dee3ffced" testListId="8c84fa94-04c1-424b-9868-57a2d4851a1d" />
    <TestEntry testId="7a7c5696-e868-4bc5-0840-551dde71b5f9" executionId="64b964ee-f8af-4a4d-b574-53aa99e3226d" testListId="8c84fa94-04c1-424b-9868-57a2d4851a1d" />
    <TestEntry testId="2738362e-e19d-f6a9-dd3e-b18b1bacf9a4" executionId="3efe2f9c-0105-4719-8dc8-21ccbd0ca1dc" testListId="8c84fa94-04c1-424b-9868-57a2d4851a1d" />
    <TestEntry testId="67a2e17d-2e99-1573-e414-664dc3a5daec" executionId="ab2f16f9-5d95-44f5-bc4b-8fc3e56e1ead" testListId="8c84fa94-04c1-424b-9868-57a2d4851a1d" />
    <TestEntry testId="5be8086d-757f-607e-3916-e3fc3a32dab6" executionId="24cf8b89-c05a-4938-be6b-4f4f16a9a69e" testListId="8c84fa94-04c1-424b-9868-57a2d4851a1d" />
    <TestEntry testId="1dbb93f2-1030-009d-6521-2ea9595c26a6" executionId="b001d108-380f-4998-aafc-f8c47b830ee0" testListId="8c84fa94-04c1-424b-9868-57a2d4851a1d" />
    <TestEntry testId="5e812169-6686-9fe1-e23d-5fb1628863ab" executionId="dfe067e1-8f6c-40a7-a197-a459c2feb4ca" testListId="8c84fa94-04c1-424b-9868-57a2d4851a1d" />
    <TestEntry testId="2b46eb58-6e84-4876-9d74-10f782a2b95d" executionId="92a7f303-5b6f-4bd7-824d-df7bead09e63" testListId="8c84fa94-04c1-424b-9868-57a2d4851a1d" />
    <TestEntry testId="c2fcc150-05bf-fac8-cb5b-156769265741" executionId="ffd296ce-5e05-482c-b241-981a44591821" testListId="8c84fa94-04c1-424b-9868-57a2d4851a1d" />
    <TestEntry testId="d47953b3-b855-d065-3ee0-ac12db86be39" executionId="6e6a37d6-0900-4a2b-a655-01b85d91a416" testListId="8c84fa94-04c1-424b-9868-57a2d4851a1d" />
    <TestEntry testId="4053e7cd-71d6-290b-ba32-3b8047db680a" executionId="92e7ced6-444d-497e-a5b0-ff3fc20df81d" testListId="8c84fa94-04c1-424b-9868-57a2d4851a1d" />
    <TestEntry testId="7105c4e1-ce32-5c97-6709-d6bf0a4e3d55" executionId="b9ba045b-0e7c-4848-8cfd-f2fd2ddb70ec" testListId="8c84fa94-04c1-424b-9868-57a2d4851a1d" />
    <TestEntry testId="7c8e7438-e86b-d1a6-214d-a8d6be86bec7" executionId="f75c0d0e-7bc3-4b6d-a655-df4e76df9202" testListId="8c84fa94-04c1-424b-9868-57a2d4851a1d" />
    <TestEntry testId="f0bb637b-8cf3-7fb0-e10c-0038b91cfed9" executionId="256fabc0-d281-4cec-a4dd-6145efb3a4f9" testListId="8c84fa94-04c1-424b-9868-57a2d4851a1d" />
    <TestEntry testId="aa846e16-83e3-6a8d-ea1c-cf150206bc05" executionId="43113d71-76f8-44f0-ac87-7626ca43678b" testListId="8c84fa94-04c1-424b-9868-57a2d4851a1d" />
    <TestEntry testId="f9f74b79-cea9-65cc-b4bd-68b4ed9d0743" executionId="b6795089-d53a-4e59-ba76-bca426a10be1" testListId="8c84fa94-04c1-424b-9868-57a2d4851a1d" />
    <TestEntry testId="99620ffe-5e9a-128c-a6ac-13976c610d3b" executionId="550d6ff5-56d1-4bc6-b35e-851293bc2868" testListId="8c84fa94-04c1-424b-9868-57a2d4851a1d" />
    <TestEntry testId="f1fba880-f684-09f7-700f-be107cba176b" executionId="f403339f-3913-4b06-a713-de93e8d58109" testListId="8c84fa94-04c1-424b-9868-57a2d4851a1d" />
    <TestEntry testId="8b5b6910-6f6f-c9ce-8825-e4185407df85" executionId="6950810a-7806-4ed9-95c5-369efc2dba8d" testListId="8c84fa94-04c1-424b-9868-57a2d4851a1d" />
    <TestEntry testId="29335311-3390-3a4e-3295-e7d01500b61d" executionId="8aabf8b2-2fc0-4055-98cc-b7f2b64f08d1" testListId="8c84fa94-04c1-424b-9868-57a2d4851a1d" />
    <TestEntry testId="ff59583d-5ce7-46c9-0e7b-54c700821ca2" executionId="ba7bcedb-b022-49ad-bd2a-1143b042e71a" testListId="8c84fa94-04c1-424b-9868-57a2d4851a1d" />
    <TestEntry testId="ec952d1c-d4b8-4514-2b06-3c5983e68faa" executionId="453eccf5-22fc-4c6c-a549-513b3e301bf4" testListId="8c84fa94-04c1-424b-9868-57a2d4851a1d" />
    <TestEntry testId="7d21651a-97b6-7b0a-2e61-911a28703fd6" executionId="08e15ec4-2c5f-487a-93ce-536c2551029b" testListId="8c84fa94-04c1-424b-9868-57a2d4851a1d" />
    <TestEntry testId="33f107c2-ab0d-ae03-80da-536fe345a886" executionId="b78bffa7-2547-4df0-a9b8-c35df048fdd4" testListId="8c84fa94-04c1-424b-9868-57a2d4851a1d" />
    <TestEntry testId="49a05d1f-a775-19c0-25af-f3a1e1d16690" executionId="5b8a4543-3c12-4fbd-9c73-ac8bcb33c197" testListId="8c84fa94-04c1-424b-9868-57a2d4851a1d" />
    <TestEntry testId="c57e7001-ae2f-cc3c-80aa-b60a735cb853" executionId="7cddf1dd-0e68-4ef6-ba23-49b852a7663c" testListId="8c84fa94-04c1-424b-9868-57a2d4851a1d" />
    <TestEntry testId="0f154440-ee39-dfa0-38c3-2b0334e011dd" executionId="b232377d-90c1-4b87-abca-9ada260cc0a9" testListId="8c84fa94-04c1-424b-9868-57a2d4851a1d" />
    <TestEntry testId="fb32513a-ed20-1e61-8c8f-5e74dc95816c" executionId="1a8869f1-e4f4-42a3-8fb5-2c8998b59d8b" testListId="8c84fa94-04c1-424b-9868-57a2d4851a1d" />
    <TestEntry testId="5a8675de-6b57-6a3b-e014-8c438f537aee" executionId="7e3ac374-5f41-44e3-b3f3-4b85d3d8ecfb" testListId="8c84fa94-04c1-424b-9868-57a2d4851a1d" />
    <TestEntry testId="50ea2bcc-2c4a-f936-b10c-5e627f71076d" executionId="39902f42-d4b1-4447-8a85-03839859ef98" testListId="8c84fa94-04c1-424b-9868-57a2d4851a1d" />
    <TestEntry testId="afb9fcf3-f392-dcf0-c2e9-6922ff45e46f" executionId="23c75058-ae61-405a-9263-2b48ba7d688d" testListId="8c84fa94-04c1-424b-9868-57a2d4851a1d" />
    <TestEntry testId="d7778823-4bda-74f0-3f28-6c90759e2c7c" executionId="10b9b458-3817-4ee9-9e50-4b52f156c4a7" testListId="8c84fa94-04c1-424b-9868-57a2d4851a1d" />
    <TestEntry testId="289f0d26-9b3d-b24d-21a5-381b61257aa2" executionId="e38cd0f4-a4d2-4f4f-8d8f-629264f12dcd" testListId="8c84fa94-04c1-424b-9868-57a2d4851a1d" />
    <TestEntry testId="010637aa-f4d9-9bdc-374f-aa35642ade2f" executionId="a3af872b-0703-44d1-aacf-19db56dfbeea" testListId="8c84fa94-04c1-424b-9868-57a2d4851a1d" />
    <TestEntry testId="fb2ea2cb-613f-cbc7-6fc7-7097106fa76f" executionId="84e5a543-8a0a-4b09-86a0-327faf114323" testListId="8c84fa94-04c1-424b-9868-57a2d4851a1d" />
    <TestEntry testId="1683c1a4-48ae-f0a9-f8fb-441cbed69b7e" executionId="758abec9-47bd-4c94-9b79-742a425fdc24" testListId="8c84fa94-04c1-424b-9868-57a2d4851a1d" />
    <TestEntry testId="c154671c-e246-3280-5d80-165aa2ed0fd0" executionId="3c26ddf8-4e61-433f-9838-29861100cb7f" testListId="8c84fa94-04c1-424b-9868-57a2d4851a1d" />
    <TestEntry testId="f9cb3c10-b6dc-401f-48ca-7381182b493b" executionId="4cbf2657-15e2-4efc-8b6d-9e6d9829ec23" testListId="8c84fa94-04c1-424b-9868-57a2d4851a1d" />
    <TestEntry testId="14bf6b28-24d9-64d3-e241-ed045f113c3f" executionId="82672b96-3989-4afe-a286-438bd3f98653" testListId="8c84fa94-04c1-424b-9868-57a2d4851a1d" />
    <TestEntry testId="f265cc9e-137b-d632-0abc-0be231ad19a3" executionId="8f504aa1-47c7-4120-884b-f98541c1dad3" testListId="8c84fa94-04c1-424b-9868-57a2d4851a1d" />
    <TestEntry testId="1813aa2f-eab9-0da1-9d79-9ec562fcf340" executionId="45a6cb77-7032-420d-924c-bdc28f1e4292" testListId="8c84fa94-04c1-424b-9868-57a2d4851a1d" />
    <TestEntry testId="abbe5506-3b8c-ed2b-2408-42de70c236b9" executionId="3576ecea-813e-46eb-b666-8ea9c70e4b79" testListId="8c84fa94-04c1-424b-9868-57a2d4851a1d" />
    <TestEntry testId="b06b7483-d7a9-8983-7acb-83b99a3a9375" executionId="213337bf-2c13-463a-82b1-91e61ae36162" testListId="8c84fa94-04c1-424b-9868-57a2d4851a1d" />
    <TestEntry testId="3e7f7dc0-a481-a391-5e59-0a09ddfda429" executionId="8fab26c6-ac2c-4e0d-a101-cf97740a14ee" testListId="8c84fa94-04c1-424b-9868-57a2d4851a1d" />
    <TestEntry testId="8b4e8664-15ff-c81e-db88-693c6ea7ece0" executionId="cd2927f3-dbdd-4be1-8869-520534caac2f" testListId="8c84fa94-04c1-424b-9868-57a2d4851a1d" />
    <TestEntry testId="d48c6551-b0f6-c3d7-de17-2c1671fe95a2" executionId="e88b6406-342f-4631-9e73-a8763d337cbf" testListId="8c84fa94-04c1-424b-9868-57a2d4851a1d" />
    <TestEntry testId="4c412e3e-e553-0928-365f-424e47169018" executionId="c8711d7e-cc10-49b3-8fd8-c43c4ee20847" testListId="8c84fa94-04c1-424b-9868-57a2d4851a1d" />
    <TestEntry testId="e2ec08cf-67dd-78b0-72e9-2a2acf351ef6" executionId="35e5b292-f984-47a6-a60f-40d4de33f409" testListId="8c84fa94-04c1-424b-9868-57a2d4851a1d" />
    <TestEntry testId="43a8ab94-a343-e6fd-9ae1-7ad0c6ee6431" executionId="2f192946-22a7-4255-aa07-6038f0606bed" testListId="8c84fa94-04c1-424b-9868-57a2d4851a1d" />
    <TestEntry testId="60df436e-3029-21a3-1c5e-f7dac0d4c1de" executionId="420b9026-661f-4d5d-946d-efcd93b7df86" testListId="8c84fa94-04c1-424b-9868-57a2d4851a1d" />
    <TestEntry testId="9fa54161-392b-187a-1e6d-1b04f9e216c3" executionId="6bda3abb-cb37-4210-85d2-5a6ed88f69f9" testListId="8c84fa94-04c1-424b-9868-57a2d4851a1d" />
    <TestEntry testId="266d715f-e5d3-df86-ea76-d35ef7b9d7e0" executionId="d03cc94d-12f5-4824-82ab-835072ca739f" testListId="8c84fa94-04c1-424b-9868-57a2d4851a1d" />
    <TestEntry testId="ae4dd41d-98b4-3a18-47fe-168d75b24553" executionId="90fe7b34-6742-457c-82e5-d901624f44ce" testListId="8c84fa94-04c1-424b-9868-57a2d4851a1d" />
    <TestEntry testId="6841efc3-9345-d314-75c2-427f114f051b" executionId="d5c4aac4-df1d-4634-88be-026c728e1c0f" testListId="8c84fa94-04c1-424b-9868-57a2d4851a1d" />
    <TestEntry testId="9d3c6e40-46ef-8e8b-da94-d2afb05dab1a" executionId="f97baf0b-2edd-45e6-b630-622d2bbd7a8b" testListId="8c84fa94-04c1-424b-9868-57a2d4851a1d" />
    <TestEntry testId="dcc4e251-457a-bc1b-d0d7-d1ec86b94d5d" executionId="a232b100-95c4-4e51-8bcc-b155d889bf38" testListId="8c84fa94-04c1-424b-9868-57a2d4851a1d" />
    <TestEntry testId="2c0a47e8-8ee6-29b4-babb-5a689a07f007" executionId="cb471653-6c82-4119-a142-6f104fc38ee3" testListId="8c84fa94-04c1-424b-9868-57a2d4851a1d" />
    <TestEntry testId="fc8fcc54-cb31-3ea9-a932-697b630d3569" executionId="ef78ba24-e997-4607-8fbb-0337714917a5" testListId="8c84fa94-04c1-424b-9868-57a2d4851a1d" />
    <TestEntry testId="fc435e55-affb-80d4-72b8-f2b63414b911" executionId="19481b73-0366-4dbd-93e0-2e7e8a092cb1" testListId="8c84fa94-04c1-424b-9868-57a2d4851a1d" />
    <TestEntry testId="541757e5-f479-f33d-0381-b6dbdace2afb" executionId="f387faae-eb92-4bd9-940a-2d3accc58d04" testListId="8c84fa94-04c1-424b-9868-57a2d4851a1d" />
    <TestEntry testId="be83c872-b584-ea7d-68ae-387efb4fd62c" executionId="6117055a-6fbd-4cb9-b0c1-6cb47b41bb59" testListId="8c84fa94-04c1-424b-9868-57a2d4851a1d" />
    <TestEntry testId="111c79ee-d703-225b-8314-e9f7cfa3d20e" executionId="6b839d25-c249-4774-9c63-d8992630046f" testListId="8c84fa94-04c1-424b-9868-57a2d4851a1d" />
    <TestEntry testId="e3518d76-f67f-2786-4eb3-a849256035ef" executionId="58bac87e-6433-48a3-ba38-8ff4ae061ab2" testListId="8c84fa94-04c1-424b-9868-57a2d4851a1d" />
    <TestEntry testId="e6f2d423-ca40-ed8a-1d2e-2b1354a1f4e9" executionId="927989e8-de3c-4d5a-b606-bb6978d4b611" testListId="8c84fa94-04c1-424b-9868-57a2d4851a1d" />
    <TestEntry testId="3ac7c8db-6027-14d9-863b-5141742cb318" executionId="2d64a2c2-23f0-4c8a-848c-0d8ae4032dd4" testListId="8c84fa94-04c1-424b-9868-57a2d4851a1d" />
    <TestEntry testId="ece080b6-35d5-52f6-4ff2-f79908c52d78" executionId="def9706d-9d40-4e3c-90d6-740e0dfbb9b9" testListId="8c84fa94-04c1-424b-9868-57a2d4851a1d" />
    <TestEntry testId="b309356a-1568-0ab7-98a5-a111bb0bc5a1" executionId="b602b174-6334-4776-bad1-83b264f42fa8" testListId="8c84fa94-04c1-424b-9868-57a2d4851a1d" />
    <TestEntry testId="8f7d9f64-63ea-bbc2-2cda-2de4bf0e8d28" executionId="4236a45f-15fc-48e7-bea3-426cb3bd2115" testListId="8c84fa94-04c1-424b-9868-57a2d4851a1d" />
    <TestEntry testId="8cee55c7-2f54-9306-dead-c4a37d1316a9" executionId="483c2aca-0e03-4245-be17-e3eb0c520b16" testListId="8c84fa94-04c1-424b-9868-57a2d4851a1d" />
    <TestEntry testId="2e0c5192-e697-d6bc-f801-978bcb4ec749" executionId="8910a7bd-c5a7-4433-ba5a-9f023cb9402f" testListId="8c84fa94-04c1-424b-9868-57a2d4851a1d" />
    <TestEntry testId="50d69e8d-3a93-b655-2f18-638fbff5feb9" executionId="0b41fee3-7fee-4938-9a8e-61b04151692d" testListId="8c84fa94-04c1-424b-9868-57a2d4851a1d" />
    <TestEntry testId="8a266f5a-be21-44b9-cc46-2634e151c33b" executionId="b219eefd-f07f-47af-8d1b-bd7a24ca9534" testListId="8c84fa94-04c1-424b-9868-57a2d4851a1d" />
  </TestEntries>
  <TestLists>
    <TestList name="Results Not in a List" id="8c84fa94-04c1-424b-9868-57a2d4851a1d" />
    <TestList name="All Loaded Results" id="19431567-8539-422a-85d7-44ee4e166bda" />
  </TestLists>
  <ResultSummary outcome="Completed">
    <Counters total="100" executed="100" passed="100" failed="0" error="0" timeout="0" aborted="0" inconclusive="0" passedButRunAborted="0" notRunnable="0" notExecuted="0" disconnected="0" warning="0" completed="0" inProgress="0" pending="0" />
    <Output>
      <StdOut>[xUnit.net 00:00:00.00] xUnit.net VSTest Adapter v2.4.5+1caef2f33e (64-bit .NET Core 3.1.25)&#xD;
[xUnit.net 00:00:03.49]   Discovering: xUnitTestProject&#xD;
[xUnit.net 00:00:05.25]   Discovered:  xUnitTestProject&#xD;
[xUnit.net 00:00:05.29]   Starting:    xUnitTestProject&#xD;
[xUnit.net 00:00:05.39]   Finished:    xUnitTestProject&#xD;
</StdOut>
    </Output>
  </ResultSummary>
</TestRun>