<?xml version="1.0" encoding="utf-8"?>
<TestRun id="d11d11b7-3f57-496b-9c5c-63842664f6f5" name="Dominik@DESKTOP-5URQ9PB 2022-06-13 20:51:40" runUser="DESKTOP-5URQ9PB\Dominik" xmlns="http://microsoft.com/schemas/VisualStudio/TeamTest/2010">
  <Times creation="2022-06-13T20:51:40.7178094+02:00" queuing="2022-06-13T20:51:40.7178095+02:00" start="2022-06-13T20:51:38.7061550+02:00" finish="2022-06-13T20:51:40.8029041+02:00" />
  <TestSettings name="default" id="9aa19441-6d64-4c14-b2b2-cb6a1ce743c9">
    <Deployment runDeploymentRoot="Dominik_DESKTOP-5URQ9PB_2022-06-13_20_51_40" />
  </TestSettings>
  <Results>
    <UnitTestResult executionId="8a053132-4123-42cf-8052-2474173fecb3" testId="7df4ba29-38dd-828e-22e5-9f7e850eb994" testName="FormatToStringTest100(24957.469502810607d,&quot;24957.47 zł&quot;)" computerName="DESKTOP-5URQ9PB" duration="00:00:00.0000200" startTime="2022-06-13T20:51:40.5972884+02:00" endTime="2022-06-13T20:51:40.5973087+02:00" testType="13cdc9d9-ddb5-4fa4-a97d-d965ccfc6d4b" outcome="Passed" testListId="8c84fa94-04c1-424b-9868-57a2d4851a1d" relativeResultsDirectory="8a053132-4123-42cf-8052-2474173fecb3" />
    <UnitTestResult executionId="22023723-662c-40de-90eb-67a0d41060cc" testId="55105f60-a252-8b4a-ee9e-f959f50461df" testName="FormatToStringTest100(79973.08417819678d,&quot;79973.08 zł&quot;)" computerName="DESKTOP-5URQ9PB" duration="00:00:00.0000190" startTime="2022-06-13T20:51:40.5968305+02:00" endTime="2022-06-13T20:51:40.5968497+02:00" testType="13cdc9d9-ddb5-4fa4-a97d-d965ccfc6d4b" outcome="Passed" testListId="8c84fa94-04c1-424b-9868-57a2d4851a1d" relativeResultsDirectory="22023723-662c-40de-90eb-67a0d41060cc" />
    <UnitTestResult executionId="d6189553-a6dd-46b7-9dcc-29917d929d96" testId="af58900a-c4df-19c1-aa0f-7bad2b6a33dc" testName="FormatToStringTest100(52020.805412759444d,&quot;52020.81 zł&quot;)" computerName="DESKTOP-5URQ9PB" duration="00:00:00.0000200" startTime="2022-06-13T20:51:40.5986273+02:00" endTime="2022-06-13T20:51:40.5986466+02:00" testType="13cdc9d9-ddb5-4fa4-a97d-d965ccfc6d4b" outcome="Passed" testListId="8c84fa94-04c1-424b-9868-57a2d4851a1d" relativeResultsDirectory="d6189553-a6dd-46b7-9dcc-29917d929d96" />
    <UnitTestResult executionId="ef980d36-7aaf-465e-82c3-b87a8f5f0672" testId="ca1d016a-03df-8541-a82d-e65f358d218a" testName="FormatToStringTest100(740.3213011405064d,&quot;740.32 zł&quot;)" computerName="DESKTOP-5URQ9PB" duration="00:00:00.0000250" startTime="2022-06-13T20:51:40.5976333+02:00" endTime="2022-06-13T20:51:40.5976577+02:00" testType="13cdc9d9-ddb5-4fa4-a97d-d965ccfc6d4b" outcome="Passed" testListId="8c84fa94-04c1-424b-9868-57a2d4851a1d" relativeResultsDirectory="ef980d36-7aaf-465e-82c3-b87a8f5f0672" />
    <UnitTestResult executionId="e5ab5a26-5e35-4429-bd6b-0f3e556fe497" testId="919092dd-bc49-4953-66e1-76b0c6a86bdb" testName="FormatToStringTest100(32218.080508120394d,&quot;32218.08 zł&quot;)" computerName="DESKTOP-5URQ9PB" duration="00:00:00.0000190" startTime="2022-06-13T20:51:40.5993588+02:00" endTime="2022-06-13T20:51:40.5993779+02:00" testType="13cdc9d9-ddb5-4fa4-a97d-d965ccfc6d4b" outcome="Passed" testListId="8c84fa94-04c1-424b-9868-57a2d4851a1d" relativeResultsDirectory="e5ab5a26-5e35-4429-bd6b-0f3e556fe497" />
    <UnitTestResult executionId="be738872-f397-4da3-ae6c-30d5ec2ca2a1" testId="7f364af7-1a4c-2e9e-a4ab-c96e4d59ad29" testName="FormatToStringTest100(32632.105531036905d,&quot;32632.11 zł&quot;)" computerName="DESKTOP-5URQ9PB" duration="00:00:00.0000250" startTime="2022-06-13T20:51:40.5969374+02:00" endTime="2022-06-13T20:51:40.5969623+02:00" testType="13cdc9d9-ddb5-4fa4-a97d-d965ccfc6d4b" outcome="Passed" testListId="8c84fa94-04c1-424b-9868-57a2d4851a1d" relativeResultsDirectory="be738872-f397-4da3-ae6c-30d5ec2ca2a1" />
    <UnitTestResult executionId="86cde4a2-581d-4be5-905f-28260536e158" testId="6ae5af13-f172-7ae6-9d14-b0b6b031899f" testName="FormatToStringTest100(21961.272673999552d,&quot;21961.27 zł&quot;)" computerName="DESKTOP-5URQ9PB" duration="00:00:00.0000240" startTime="2022-06-13T20:51:40.5987868+02:00" endTime="2022-06-13T20:51:40.5988108+02:00" testType="13cdc9d9-ddb5-4fa4-a97d-d965ccfc6d4b" outcome="Passed" testListId="8c84fa94-04c1-424b-9868-57a2d4851a1d" relativeResultsDirectory="86cde4a2-581d-4be5-905f-28260536e158" />
    <UnitTestResult executionId="8ae896ed-22b8-4391-813b-ab6bb5da0d1b" testId="8e900221-d77a-d627-361c-9ca1a5beba60" testName="FormatToStringTest100(75350.77330865282d,&quot;75350.77 zł&quot;)" computerName="DESKTOP-5URQ9PB" duration="00:00:00.0000190" startTime="2022-06-13T20:51:40.5991653+02:00" endTime="2022-06-13T20:51:40.5991841+02:00" testType="13cdc9d9-ddb5-4fa4-a97d-d965ccfc6d4b" outcome="Passed" testListId="8c84fa94-04c1-424b-9868-57a2d4851a1d" relativeResultsDirectory="8ae896ed-22b8-4391-813b-ab6bb5da0d1b" />
    <UnitTestResult executionId="abaf87f7-6685-4a25-808c-264cc93634e0" testId="2f08def2-23e6-739d-cc7a-7a09510b67ea" testName="FormatToStringTest100(10784.438152511344d,&quot;10784.44 zł&quot;)" computerName="DESKTOP-5URQ9PB" duration="00:00:00.0000200" startTime="2022-06-13T20:51:40.5994463+02:00" endTime="2022-06-13T20:51:40.5994657+02:00" testType="13cdc9d9-ddb5-4fa4-a97d-d965ccfc6d4b" outcome="Passed" testListId="8c84fa94-04c1-424b-9868-57a2d4851a1d" relativeResultsDirectory="abaf87f7-6685-4a25-808c-264cc93634e0" />
    <UnitTestResult executionId="0b27ec1a-1d6f-48fb-b9a7-297de8f42158" testId="7a40da4c-a8ed-5ba2-92a2-9e17ac14a245" testName="FormatToStringTest100(11912.404131636213d,&quot;11912.40 zł&quot;)" computerName="DESKTOP-5URQ9PB" duration="00:00:00.0000230" startTime="2022-06-13T20:51:40.5993043+02:00" endTime="2022-06-13T20:51:40.5993269+02:00" testType="13cdc9d9-ddb5-4fa4-a97d-d965ccfc6d4b" outcome="Passed" testListId="8c84fa94-04c1-424b-9868-57a2d4851a1d" relativeResultsDirectory="0b27ec1a-1d6f-48fb-b9a7-297de8f42158" />
    <UnitTestResult executionId="cd9690ec-515b-4b45-911c-bc9e963fb803" testId="6c73a1d1-2654-d03d-8bff-b9bca4e437ad" testName="FormatToStringTest100(77904.0088552246d,&quot;77904.01 zł&quot;)" computerName="DESKTOP-5URQ9PB" duration="00:00:00.0000240" startTime="2022-06-13T20:51:40.5992742+02:00" endTime="2022-06-13T20:51:40.5992976+02:00" testType="13cdc9d9-ddb5-4fa4-a97d-d965ccfc6d4b" outcome="Passed" testListId="8c84fa94-04c1-424b-9868-57a2d4851a1d" relativeResultsDirectory="cd9690ec-515b-4b45-911c-bc9e963fb803" />
    <UnitTestResult executionId="77848b8a-2746-48a3-9565-627a832919c2" testId="60c34650-73c3-1462-40f1-f8603816957f" testName="FormatToStringTest100(19541.10539777116d,&quot;19541.11 zł&quot;)" computerName="DESKTOP-5URQ9PB" duration="00:00:00.0000230" startTime="2022-06-13T20:51:40.5977695+02:00" endTime="2022-06-13T20:51:40.5977917+02:00" testType="13cdc9d9-ddb5-4fa4-a97d-d965ccfc6d4b" outcome="Passed" testListId="8c84fa94-04c1-424b-9868-57a2d4851a1d" relativeResultsDirectory="77848b8a-2746-48a3-9565-627a832919c2" />
    <UnitTestResult executionId="fb4c870e-a9ab-47a4-84f5-65310f67b4a3" testId="02a2d8b6-604b-7623-31f1-22fa9c5dd6fb" testName="FormatToStringTest100(35145.379208063416d,&quot;35145.38 zł&quot;)" computerName="DESKTOP-5URQ9PB" duration="00:00:00.0000190" startTime="2022-06-13T20:51:40.5990324+02:00" endTime="2022-06-13T20:51:40.5990512+02:00" testType="13cdc9d9-ddb5-4fa4-a97d-d965ccfc6d4b" outcome="Passed" testListId="8c84fa94-04c1-424b-9868-57a2d4851a1d" relativeResultsDirectory="fb4c870e-a9ab-47a4-84f5-65310f67b4a3" />
    <UnitTestResult executionId="b5280dbe-ed3e-43af-9048-4add3153bb61" testId="2877141a-aa4d-178b-dc9f-3b49cd88281f" testName="FormatToStringTest100(64210.358316209335d,&quot;64210.36 zł&quot;)" computerName="DESKTOP-5URQ9PB" duration="00:00:00.0000190" startTime="2022-06-13T20:51:40.5993335+02:00" endTime="2022-06-13T20:51:40.5993526+02:00" testType="13cdc9d9-ddb5-4fa4-a97d-d965ccfc6d4b" outcome="Passed" testListId="8c84fa94-04c1-424b-9868-57a2d4851a1d" relativeResultsDirectory="b5280dbe-ed3e-43af-9048-4add3153bb61" />
    <UnitTestResult executionId="c6efa306-3787-4fdc-ab2f-38307e712840" testId="642d2869-679c-7098-495e-642b3c4d783b" testName="FormatToStringTest100(80609.94377465078d,&quot;80609.94 zł&quot;)" computerName="DESKTOP-5URQ9PB" duration="00:00:00.0000260" startTime="2022-06-13T20:51:40.5973150+02:00" endTime="2022-06-13T20:51:40.5973406+02:00" testType="13cdc9d9-ddb5-4fa4-a97d-d965ccfc6d4b" outcome="Passed" testListId="8c84fa94-04c1-424b-9868-57a2d4851a1d" relativeResultsDirectory="c6efa306-3787-4fdc-ab2f-38307e712840" />
    <UnitTestResult executionId="1df42765-26c4-473f-9e88-639e7eb7d03a" testId="d7c99ac8-861f-2067-8f65-8717ab2b5eb2" testName="FormatToStringTest100(26515.80237687929d,&quot;26515.80 zł&quot;)" computerName="DESKTOP-5URQ9PB" duration="00:00:00.0000200" startTime="2022-06-13T20:51:40.5971128+02:00" endTime="2022-06-13T20:51:40.5971325+02:00" testType="13cdc9d9-ddb5-4fa4-a97d-d965ccfc6d4b" outcome="Passed" testListId="8c84fa94-04c1-424b-9868-57a2d4851a1d" relativeResultsDirectory="1df42765-26c4-473f-9e88-639e7eb7d03a" />
    <UnitTestResult executionId="fd589765-e0da-4086-abbc-8a3cfff7a777" testId="a3a62b11-2538-ecb1-962d-5432f1e041eb" testName="FormatToStringTest100(6809.40195803037d,&quot;6809.40 zł&quot;)" computerName="DESKTOP-5URQ9PB" duration="00:00:00.0002010" startTime="2022-06-13T20:51:40.5964817+02:00" endTime="2022-06-13T20:51:40.5966824+02:00" testType="13cdc9d9-ddb5-4fa4-a97d-d965ccfc6d4b" outcome="Passed" testListId="8c84fa94-04c1-424b-9868-57a2d4851a1d" relativeResultsDirectory="fd589765-e0da-4086-abbc-8a3cfff7a777" />
    <UnitTestResult executionId="5ae01326-76ae-4724-8495-551cdc0a25ed" testId="4f9e6f5b-43a2-746f-e9ea-c62ab0b035f9" testName="FormatToStringTest100(3521.3657738167635d,&quot;3521.37 zł&quot;)" computerName="DESKTOP-5URQ9PB" duration="00:00:00.0000240" startTime="2022-06-13T20:51:40.5985974+02:00" endTime="2022-06-13T20:51:40.5986208+02:00" testType="13cdc9d9-ddb5-4fa4-a97d-d965ccfc6d4b" outcome="Passed" testListId="8c84fa94-04c1-424b-9868-57a2d4851a1d" relativeResultsDirectory="5ae01326-76ae-4724-8495-551cdc0a25ed" />
    <UnitTestResult executionId="6d60cae9-1af4-411b-a9c6-dc6c6d6ab5da" testId="da5ec1b9-c89d-ab82-b4aa-e3b444b3e081" testName="FormatToStringTest100(66019.32414194118d,&quot;66019.32 zł&quot;)" computerName="DESKTOP-5URQ9PB" duration="00:00:00.0000230" startTime="2022-06-13T20:51:40.5974616+02:00" endTime="2022-06-13T20:51:40.5974840+02:00" testType="13cdc9d9-ddb5-4fa4-a97d-d965ccfc6d4b" outcome="Passed" testListId="8c84fa94-04c1-424b-9868-57a2d4851a1d" relativeResultsDirectory="6d60cae9-1af4-411b-a9c6-dc6c6d6ab5da" />
    <UnitTestResult executionId="75d941c7-9775-4c17-90ef-bc282af88f71" testId="4a85d0e2-7867-4a37-3a69-cfba3fa4e599" testName="FormatToStringTest100(7789.7136237517525d,&quot;7789.71 zł&quot;)" computerName="DESKTOP-5URQ9PB" duration="00:00:00.0000230" startTime="2022-06-13T20:51:40.5979632+02:00" endTime="2022-06-13T20:51:40.5979864+02:00" testType="13cdc9d9-ddb5-4fa4-a97d-d965ccfc6d4b" outcome="Passed" testListId="8c84fa94-04c1-424b-9868-57a2d4851a1d" relativeResultsDirectory="75d941c7-9775-4c17-90ef-bc282af88f71" />
    <UnitTestResult executionId="2466cddb-906e-4cf9-acf2-df9868e4e2e3" testId="40d78239-8f39-5058-3911-ca4c3976e207" testName="FormatToStringTest100(35784.54232617307d,&quot;35784.54 zł&quot;)" computerName="DESKTOP-5URQ9PB" duration="00:00:00.0000230" startTime="2022-06-13T20:51:40.5975725+02:00" endTime="2022-06-13T20:51:40.5975952+02:00" testType="13cdc9d9-ddb5-4fa4-a97d-d965ccfc6d4b" outcome="Passed" testListId="8c84fa94-04c1-424b-9868-57a2d4851a1d" relativeResultsDirectory="2466cddb-906e-4cf9-acf2-df9868e4e2e3" />
    <UnitTestResult executionId="edab2cde-1110-4ec5-af14-5d6d3f49ad10" testId="a7906eba-4ddd-f057-76e4-695c12f668f7" testName="FormatToStringTest100(50991.22189691114d,&quot;50991.22 zł&quot;)" computerName="DESKTOP-5URQ9PB" duration="00:00:00.0000200" startTime="2022-06-13T20:51:40.5988172+02:00" endTime="2022-06-13T20:51:40.5988367+02:00" testType="13cdc9d9-ddb5-4fa4-a97d-d965ccfc6d4b" outcome="Passed" testListId="8c84fa94-04c1-424b-9868-57a2d4851a1d" relativeResultsDirectory="edab2cde-1110-4ec5-af14-5d6d3f49ad10" />
    <UnitTestResult executionId="6ce69373-0ea0-42c7-a0b5-dc8621897eb8" testId="b17f72a8-f991-8baf-d564-f4680aafed09" testName="FormatToStringTest100(7458.609645228652d,&quot;7458.61 zł&quot;)" computerName="DESKTOP-5URQ9PB" duration="00:00:00.0000190" startTime="2022-06-13T20:51:40.5981023+02:00" endTime="2022-06-13T20:51:40.5981215+02:00" testType="13cdc9d9-ddb5-4fa4-a97d-d965ccfc6d4b" outcome="Passed" testListId="8c84fa94-04c1-424b-9868-57a2d4851a1d" relativeResultsDirectory="6ce69373-0ea0-42c7-a0b5-dc8621897eb8" />
    <UnitTestResult executionId="2c982e93-788d-46f6-a2c6-a1340d6d0635" testId="8939b7b8-ff81-63bf-70dc-08f29a6ce586" testName="FormatToStringTest100(58848.60825001477d,&quot;58848.61 zł&quot;)" computerName="DESKTOP-5URQ9PB" duration="00:00:00.0000190" startTime="2022-06-13T20:51:40.5987072+02:00" endTime="2022-06-13T20:51:40.5987264+02:00" testType="13cdc9d9-ddb5-4fa4-a97d-d965ccfc6d4b" outcome="Passed" testListId="8c84fa94-04c1-424b-9868-57a2d4851a1d" relativeResultsDirectory="2c982e93-788d-46f6-a2c6-a1340d6d0635" />
    <UnitTestResult executionId="c0927a5f-6ef8-4596-871e-87f7cc0cc601" testId="94b82bc3-613a-e2b4-455b-4b4df4f2d194" testName="FormatToStringTest100(14172.682747822573d,&quot;14172.68 zł&quot;)" computerName="DESKTOP-5URQ9PB" duration="00:00:00.0000200" startTime="2022-06-13T20:51:40.5974907+02:00" endTime="2022-06-13T20:51:40.5975104+02:00" testType="13cdc9d9-ddb5-4fa4-a97d-d965ccfc6d4b" outcome="Passed" testListId="8c84fa94-04c1-424b-9868-57a2d4851a1d" relativeResultsDirectory="c0927a5f-6ef8-4596-871e-87f7cc0cc601" />
    <UnitTestResult executionId="6af30cd0-b321-4ea6-b7a0-0a21d43e0093" testId="d75012f1-d6f6-c8c8-6052-216572e6d09a" testName="FormatToStringTest100(28502.61128259758d,&quot;28502.61 zł&quot;)" computerName="DESKTOP-5URQ9PB" duration="00:00:00.0000190" startTime="2022-06-13T20:51:40.5982379+02:00" endTime="2022-06-13T20:51:40.5982564+02:00" testType="13cdc9d9-ddb5-4fa4-a97d-d965ccfc6d4b" outcome="Passed" testListId="8c84fa94-04c1-424b-9868-57a2d4851a1d" relativeResultsDirectory="6af30cd0-b321-4ea6-b7a0-0a21d43e0093" />
    <UnitTestResult executionId="4ce4ddd7-c4d3-4c37-a28a-56aaaac7858c" testId="dd1f1120-f5a5-11a0-4ecf-8df96d7fc7fd" testName="FormatToStringTest100(25990.318498101697d,&quot;25990.32 zł&quot;)" computerName="DESKTOP-5URQ9PB" duration="00:00:00.0000200" startTime="2022-06-13T20:51:40.5982977+02:00" endTime="2022-06-13T20:51:40.5983178+02:00" testType="13cdc9d9-ddb5-4fa4-a97d-d965ccfc6d4b" outcome="Passed" testListId="8c84fa94-04c1-424b-9868-57a2d4851a1d" relativeResultsDirectory="4ce4ddd7-c4d3-4c37-a28a-56aaaac7858c" />
    <UnitTestResult executionId="4cb56011-f881-485c-ba0f-fe141ebd3e09" testId="b874febd-2abb-b5bf-4874-36453bfcf028" testName="FormatToStringTest100(1208.1827589441941d,&quot;1208.18 zł&quot;)" computerName="DESKTOP-5URQ9PB" duration="00:00:00.0000230" startTime="2022-06-13T20:51:40.5982082+02:00" endTime="2022-06-13T20:51:40.5982313+02:00" testType="13cdc9d9-ddb5-4fa4-a97d-d965ccfc6d4b" outcome="Passed" testListId="8c84fa94-04c1-424b-9868-57a2d4851a1d" relativeResultsDirectory="4cb56011-f881-485c-ba0f-fe141ebd3e09" />
    <UnitTestResult executionId="6281ceef-ed08-47ea-9e90-38b0989fb668" testId="a0940c02-10c2-a2ca-c99e-b2f24d99f98d" testName="FormatToStringTest100(27893.312729890138d,&quot;27893.31 zł&quot;)" computerName="DESKTOP-5URQ9PB" duration="00:00:00.0000180" startTime="2022-06-13T20:51:40.5981276+02:00" endTime="2022-06-13T20:51:40.5981459+02:00" testType="13cdc9d9-ddb5-4fa4-a97d-d965ccfc6d4b" outcome="Passed" testListId="8c84fa94-04c1-424b-9868-57a2d4851a1d" relativeResultsDirectory="6281ceef-ed08-47ea-9e90-38b0989fb668" />
    <UnitTestResult executionId="2fc8d5c3-6cf7-4975-b102-aa2118b3f37d" testId="8a579aef-fa33-44e5-d72c-f84816f89dda" testName="FormatToStringTest100(10268.547802396373d,&quot;10268.55 zł&quot;)" computerName="DESKTOP-5URQ9PB" duration="00:00:00.0000200" startTime="2022-06-13T20:51:40.5988738+02:00" endTime="2022-06-13T20:51:40.5988938+02:00" testType="13cdc9d9-ddb5-4fa4-a97d-d965ccfc6d4b" outcome="Passed" testListId="8c84fa94-04c1-424b-9868-57a2d4851a1d" relativeResultsDirectory="2fc8d5c3-6cf7-4975-b102-aa2118b3f37d" />
    <UnitTestResult executionId="93c817ab-2269-463e-9903-eccbcb08c3de" testId="5979600d-d5d6-1c59-8a74-a8946a5412a6" testName="FormatToStringTest100(46898.00219497783d,&quot;46898.00 zł&quot;)" computerName="DESKTOP-5URQ9PB" duration="00:00:00.0000220" startTime="2022-06-13T20:51:40.5989791+02:00" endTime="2022-06-13T20:51:40.5990010+02:00" testType="13cdc9d9-ddb5-4fa4-a97d-d965ccfc6d4b" outcome="Passed" testListId="8c84fa94-04c1-424b-9868-57a2d4851a1d" relativeResultsDirectory="93c817ab-2269-463e-9903-eccbcb08c3de" />
    <UnitTestResult executionId="9886b76b-d8a8-42ac-8a35-39d6a7cf67ac" testId="b1eb6943-1b02-4d9c-02f3-a7fb091a5c55" testName="FormatToStringTest100(78822.37212685234d,&quot;78822.37 zł&quot;)" computerName="DESKTOP-5URQ9PB" duration="00:00:00.0000230" startTime="2022-06-13T20:51:40.5984073+02:00" endTime="2022-06-13T20:51:40.5984299+02:00" testType="13cdc9d9-ddb5-4fa4-a97d-d965ccfc6d4b" outcome="Passed" testListId="8c84fa94-04c1-424b-9868-57a2d4851a1d" relativeResultsDirectory="9886b76b-d8a8-42ac-8a35-39d6a7cf67ac" />
    <UnitTestResult executionId="83ee6d99-0581-4921-908c-a7225638a6b4" testId="32c30dee-17e8-bc72-ad30-e19ba3161b9e" testName="FormatToStringTest100(27050.586848031067d,&quot;27050.59 zł&quot;)" computerName="DESKTOP-5URQ9PB" duration="00:00:00.0000200" startTime="2022-06-13T20:51:40.5970517+02:00" endTime="2022-06-13T20:51:40.5970713+02:00" testType="13cdc9d9-ddb5-4fa4-a97d-d965ccfc6d4b" outcome="Passed" testListId="8c84fa94-04c1-424b-9868-57a2d4851a1d" relativeResultsDirectory="83ee6d99-0581-4921-908c-a7225638a6b4" />
    <UnitTestResult executionId="e925da0e-334a-4021-8922-bc1167b0eeae" testId="bc60038d-a8ea-2e7f-26de-80f8d367bef6" testName="FormatToStringTest100(11100.829211263372d,&quot;11100.83 zł&quot;)" computerName="DESKTOP-5URQ9PB" duration="00:00:00.0000210" startTime="2022-06-13T20:51:40.5973472+02:00" endTime="2022-06-13T20:51:40.5973680+02:00" testType="13cdc9d9-ddb5-4fa4-a97d-d965ccfc6d4b" outcome="Passed" testListId="8c84fa94-04c1-424b-9868-57a2d4851a1d" relativeResultsDirectory="e925da0e-334a-4021-8922-bc1167b0eeae" />
    <UnitTestResult executionId="9de7148d-9b40-4c2d-b342-cc53399404aa" testId="68684c63-5f16-5756-6180-2b0b9df43ad7" testName="FormatToStringTest100(67338.80028760935d,&quot;67338.80 zł&quot;)" computerName="DESKTOP-5URQ9PB" duration="00:00:00.0000250" startTime="2022-06-13T20:51:40.5975167+02:00" endTime="2022-06-13T20:51:40.5975410+02:00" testType="13cdc9d9-ddb5-4fa4-a97d-d965ccfc6d4b" outcome="Passed" testListId="8c84fa94-04c1-424b-9868-57a2d4851a1d" relativeResultsDirectory="9de7148d-9b40-4c2d-b342-cc53399404aa" />
    <UnitTestResult executionId="72cb9a55-09b0-4f7f-9e6a-74ee11dc9254" testId="d07b46f4-88eb-bfa4-6fe4-d6ba0c12fe8f" testName="FormatToStringTest100(6890.028458985514d,&quot;6890.03 zł&quot;)" computerName="DESKTOP-5URQ9PB" duration="00:00:00.0000200" startTime="2022-06-13T20:51:40.5977981+02:00" endTime="2022-06-13T20:51:40.5978177+02:00" testType="13cdc9d9-ddb5-4fa4-a97d-d965ccfc6d4b" outcome="Passed" testListId="8c84fa94-04c1-424b-9868-57a2d4851a1d" relativeResultsDirectory="72cb9a55-09b0-4f7f-9e6a-74ee11dc9254" />
    <UnitTestResult executionId="4583c031-04de-4457-a931-f0365c7c7818" testId="d0a6cf86-cfdd-0432-5d16-67b34f44bcfa" testName="FormatToStringTest100(9867.823212210007d,&quot;9867.82 zł&quot;)" computerName="DESKTOP-5URQ9PB" duration="00:00:00.0000190" startTime="2022-06-13T20:51:40.5990866+02:00" endTime="2022-06-13T20:51:40.5991050+02:00" testType="13cdc9d9-ddb5-4fa4-a97d-d965ccfc6d4b" outcome="Passed" testListId="8c84fa94-04c1-424b-9868-57a2d4851a1d" relativeResultsDirectory="4583c031-04de-4457-a931-f0365c7c7818" />
    <UnitTestResult executionId="0570ea3e-96a5-4940-9192-13829da62c49" testId="5ca8472c-ed3c-7743-d772-01a1bacc08cf" testName="FormatToStringTest100(12949.590713378317d,&quot;12949.59 zł&quot;)" computerName="DESKTOP-5URQ9PB" duration="00:00:00.0000200" startTime="2022-06-13T20:51:40.5970253+02:00" endTime="2022-06-13T20:51:40.5970455+02:00" testType="13cdc9d9-ddb5-4fa4-a97d-d965ccfc6d4b" outcome="Passed" testListId="8c84fa94-04c1-424b-9868-57a2d4851a1d" relativeResultsDirectory="0570ea3e-96a5-4940-9192-13829da62c49" />
    <UnitTestResult executionId="ee7552be-1cfa-4079-931d-c41bc16f7b3e" testId="e570d006-f8c6-2527-78e0-897122dd716e" testName="FormatToStringTest100(20244.692955315437d,&quot;20244.69 zł&quot;)" computerName="DESKTOP-5URQ9PB" duration="00:00:00.0000190" startTime="2022-06-13T20:51:40.5984369+02:00" endTime="2022-06-13T20:51:40.5984557+02:00" testType="13cdc9d9-ddb5-4fa4-a97d-d965ccfc6d4b" outcome="Passed" testListId="8c84fa94-04c1-424b-9868-57a2d4851a1d" relativeResultsDirectory="ee7552be-1cfa-4079-931d-c41bc16f7b3e" />
    <UnitTestResult executionId="64241a14-24fc-4000-8125-5ef9c290127c" testId="7423707e-221b-8128-5158-18f9b4198629" testName="FormatToStringTest100(31290.71396233687d,&quot;31290.71 zł&quot;)" computerName="DESKTOP-5URQ9PB" duration="00:00:00.0000250" startTime="2022-06-13T20:51:40.5985409+02:00" endTime="2022-06-13T20:51:40.5985653+02:00" testType="13cdc9d9-ddb5-4fa4-a97d-d965ccfc6d4b" outcome="Passed" testListId="8c84fa94-04c1-424b-9868-57a2d4851a1d" relativeResultsDirectory="64241a14-24fc-4000-8125-5ef9c290127c" />
    <UnitTestResult executionId="ea51dea6-bc23-4e1f-8c77-ee7cc8d24ed5" testId="f914ee86-c2ad-95a7-e682-fa878f9f31a5" testName="FormatToStringTest100(8499.121443388574d,&quot;8499.12 zł&quot;)" computerName="DESKTOP-5URQ9PB" duration="00:00:00.0000190" startTime="2022-06-13T20:51:40.5981835+02:00" endTime="2022-06-13T20:51:40.5982020+02:00" testType="13cdc9d9-ddb5-4fa4-a97d-d965ccfc6d4b" outcome="Passed" testListId="8c84fa94-04c1-424b-9868-57a2d4851a1d" relativeResultsDirectory="ea51dea6-bc23-4e1f-8c77-ee7cc8d24ed5" />
    <UnitTestResult executionId="9608c9f8-e049-48e7-97c6-a81534891bd2" testId="71b6d7a3-741f-e1f8-1593-52351d6b5171" testName="FormatToStringTest100(40857.08543233996d,&quot;40857.09 zł&quot;)" computerName="DESKTOP-5URQ9PB" duration="00:00:00.0000230" startTime="2022-06-13T20:51:40.5984617+02:00" endTime="2022-06-13T20:51:40.5984843+02:00" testType="13cdc9d9-ddb5-4fa4-a97d-d965ccfc6d4b" outcome="Passed" testListId="8c84fa94-04c1-424b-9868-57a2d4851a1d" relativeResultsDirectory="9608c9f8-e049-48e7-97c6-a81534891bd2" />
    <UnitTestResult executionId="419f60e5-913a-4357-bf5d-c98accbdec0f" testId="4ec0800c-e01f-aa73-19f1-180137b3dfdf" testName="FormatToStringTest100(70771.4436677524d,&quot;70771.44 zł&quot;)" computerName="DESKTOP-5URQ9PB" duration="00:00:00.0000210" startTime="2022-06-13T20:51:40.5993903+02:00" endTime="2022-06-13T20:51:40.5994112+02:00" testType="13cdc9d9-ddb5-4fa4-a97d-d965ccfc6d4b" outcome="Passed" testListId="8c84fa94-04c1-424b-9868-57a2d4851a1d" relativeResultsDirectory="419f60e5-913a-4357-bf5d-c98accbdec0f" />
    <UnitTestResult executionId="ea88a7ad-1f2b-4f92-ad9c-8c0ab88af4e7" testId="b69457d8-d004-7265-0ffe-f1f1b36f446a" testName="FormatToStringTest100(22666.13578912995d,&quot;22666.14 zł&quot;)" computerName="DESKTOP-5URQ9PB" duration="00:00:00.0000190" startTime="2022-06-13T20:51:40.5974032+02:00" endTime="2022-06-13T20:51:40.5974222+02:00" testType="13cdc9d9-ddb5-4fa4-a97d-d965ccfc6d4b" outcome="Passed" testListId="8c84fa94-04c1-424b-9868-57a2d4851a1d" relativeResultsDirectory="ea88a7ad-1f2b-4f92-ad9c-8c0ab88af4e7" />
    <UnitTestResult executionId="0bc1506a-46a4-4852-8906-799eb1c18bde" testId="efa0c9dd-5dae-4bc5-1d88-8059c0fedffd" testName="FormatToStringTest100(41876.979471482795d,&quot;41876.98 zł&quot;)" computerName="DESKTOP-5URQ9PB" duration="00:00:00.0000230" startTime="2022-06-13T20:51:40.5992447+02:00" endTime="2022-06-13T20:51:40.5992676+02:00" testType="13cdc9d9-ddb5-4fa4-a97d-d965ccfc6d4b" outcome="Passed" testListId="8c84fa94-04c1-424b-9868-57a2d4851a1d" relativeResultsDirectory="0bc1506a-46a4-4852-8906-799eb1c18bde" />
    <UnitTestResult executionId="70633506-1d3d-4188-bbba-e06abbd3d23a" testId="82558537-50ec-fc9d-a7b1-76091e0d2ecf" testName="FormatToStringTest100(45603.90324273142d,&quot;45603.90 zł&quot;)" computerName="DESKTOP-5URQ9PB" duration="00:00:00.0000290" startTime="2022-06-13T20:51:40.5970775+02:00" endTime="2022-06-13T20:51:40.5971061+02:00" testType="13cdc9d9-ddb5-4fa4-a97d-d965ccfc6d4b" outcome="Passed" testListId="8c84fa94-04c1-424b-9868-57a2d4851a1d" relativeResultsDirectory="70633506-1d3d-4188-bbba-e06abbd3d23a" />
    <UnitTestResult executionId="fc53f23f-7825-4440-ab6b-7ef0ac99efdd" testId="905708b7-164a-0db6-1796-f60b9303ead6" testName="FormatToStringTest100(45035.160883881224d,&quot;45035.16 zł&quot;)" computerName="DESKTOP-5URQ9PB" duration="00:00:00.0000230" startTime="2022-06-13T20:51:40.5980177+02:00" endTime="2022-06-13T20:51:40.5980405+02:00" testType="13cdc9d9-ddb5-4fa4-a97d-d965ccfc6d4b" outcome="Passed" testListId="8c84fa94-04c1-424b-9868-57a2d4851a1d" relativeResultsDirectory="fc53f23f-7825-4440-ab6b-7ef0ac99efdd" />
    <UnitTestResult executionId="4d0f9275-3b82-45e8-bf38-9a5078eb383b" testId="6dee8ad4-8dd7-b599-f13a-d5781734769f" testName="FormatToStringTest100(6864.093052674129d,&quot;6864.09 zł&quot;)" computerName="DESKTOP-5URQ9PB" duration="00:00:00.0000230" startTime="2022-06-13T20:51:40.5994174+02:00" endTime="2022-06-13T20:51:40.5994399+02:00" testType="13cdc9d9-ddb5-4fa4-a97d-d965ccfc6d4b" outcome="Passed" testListId="8c84fa94-04c1-424b-9868-57a2d4851a1d" relativeResultsDirectory="4d0f9275-3b82-45e8-bf38-9a5078eb383b" />
    <UnitTestResult executionId="a9729f18-4ccd-45ae-9b52-bf7ac3e3e080" testId="2f67a78a-f7c8-6103-2444-bea417ee54f9" testName="FormatToStringTest100(16383.352881839199d,&quot;16383.35 zł&quot;)" computerName="DESKTOP-5URQ9PB" duration="00:00:00.0000190" startTime="2022-06-13T20:51:40.5984911+02:00" endTime="2022-06-13T20:51:40.5985103+02:00" testType="13cdc9d9-ddb5-4fa4-a97d-d965ccfc6d4b" outcome="Passed" testListId="8c84fa94-04c1-424b-9868-57a2d4851a1d" relativeResultsDirectory="a9729f18-4ccd-45ae-9b52-bf7ac3e3e080" />
    <UnitTestResult executionId="4b70fbb1-787c-4c3c-8da5-d6d5a1da82e1" testId="f95d03e5-c6a6-a1ee-d69f-d2e7ee2d48f8" testName="FormatToStringTest100(50339.31259969497d,&quot;50339.31 zł&quot;)" computerName="DESKTOP-5URQ9PB" duration="00:00:00.0000230" startTime="2022-06-13T20:51:40.5987325+02:00" endTime="2022-06-13T20:51:40.5987556+02:00" testType="13cdc9d9-ddb5-4fa4-a97d-d965ccfc6d4b" outcome="Passed" testListId="8c84fa94-04c1-424b-9868-57a2d4851a1d" relativeResultsDirectory="4b70fbb1-787c-4c3c-8da5-d6d5a1da82e1" />
    <UnitTestResult executionId="c54844dd-99df-4a06-970a-698866b2f4ba" testId="7b5657d1-871c-22e2-8b58-1e4af740074e" testName="FormatToStringTest100(79.6815319544084d,&quot;79.68 zł&quot;)" computerName="DESKTOP-5URQ9PB" duration="00:00:00.0000190" startTime="2022-06-13T20:51:40.5969121+02:00" endTime="2022-06-13T20:51:40.5969311+02:00" testType="13cdc9d9-ddb5-4fa4-a97d-d965ccfc6d4b" outcome="Passed" testListId="8c84fa94-04c1-424b-9868-57a2d4851a1d" relativeResultsDirectory="c54844dd-99df-4a06-970a-698866b2f4ba" />
    <UnitTestResult executionId="9a5e75cb-e092-4116-a219-4ff4d1959b70" testId="df63a8e8-b664-17f1-364e-31895b9a1463" testName="FormatToStringTest100(16986.338876065027d,&quot;16986.34 zł&quot;)" computerName="DESKTOP-5URQ9PB" duration="00:00:00.0000190" startTime="2022-06-13T20:51:40.5980468+02:00" endTime="2022-06-13T20:51:40.5980657+02:00" testType="13cdc9d9-ddb5-4fa4-a97d-d965ccfc6d4b" outcome="Passed" testListId="8c84fa94-04c1-424b-9868-57a2d4851a1d" relativeResultsDirectory="9a5e75cb-e092-4116-a219-4ff4d1959b70" />
    <UnitTestResult executionId="3b211abb-dc2c-4fcd-ae02-229e051a3884" testId="86b8941d-d36c-06dd-c905-fa6d7a4013e5" testName="FormatToStringTest100(28072.424637532058d,&quot;28072.42 zł&quot;)" computerName="DESKTOP-5URQ9PB" duration="00:00:00.0000200" startTime="2022-06-13T20:51:40.5976016+02:00" endTime="2022-06-13T20:51:40.5976209+02:00" testType="13cdc9d9-ddb5-4fa4-a97d-d965ccfc6d4b" outcome="Passed" testListId="8c84fa94-04c1-424b-9868-57a2d4851a1d" relativeResultsDirectory="3b211abb-dc2c-4fcd-ae02-229e051a3884" />
    <UnitTestResult executionId="c0acdb4c-fcce-41fe-9794-54ccccbc50fa" testId="9ea4a98e-a00d-a47e-d475-c2b7e3bc350d" testName="FormatToStringTest100(726.8087564975995d,&quot;726.81 zł&quot;)" computerName="DESKTOP-5URQ9PB" duration="00:00:00.0000210" startTime="2022-06-13T20:51:40.5967452+02:00" endTime="2022-06-13T20:51:40.5967660+02:00" testType="13cdc9d9-ddb5-4fa4-a97d-d965ccfc6d4b" outcome="Passed" testListId="8c84fa94-04c1-424b-9868-57a2d4851a1d" relativeResultsDirectory="c0acdb4c-fcce-41fe-9794-54ccccbc50fa" />
    <UnitTestResult executionId="f92afa47-44b1-4de3-99c3-e9b9f160de32" testId="854d51c5-41df-4ddb-a8da-54b20e306485" testName="FormatToStringTest100(286.92120604539343d,&quot;286.92 zł&quot;)" computerName="DESKTOP-5URQ9PB" duration="00:00:00.0000210" startTime="2022-06-13T20:51:40.5969691+02:00" endTime="2022-06-13T20:51:40.5969897+02:00" testType="13cdc9d9-ddb5-4fa4-a97d-d965ccfc6d4b" outcome="Passed" testListId="8c84fa94-04c1-424b-9868-57a2d4851a1d" relativeResultsDirectory="f92afa47-44b1-4de3-99c3-e9b9f160de32" />
    <UnitTestResult executionId="3c426f2f-f0a0-4604-84f6-22141a539dc4" testId="50b2ab98-8300-86f7-cec9-4d0f5d9f3400" testName="FormatToStringTest100(52810.91713865516d,&quot;52810.92 zł&quot;)" computerName="DESKTOP-5URQ9PB" duration="00:00:00.0000250" startTime="2022-06-13T20:51:40.5968559+02:00" endTime="2022-06-13T20:51:40.5968802+02:00" testType="13cdc9d9-ddb5-4fa4-a97d-d965ccfc6d4b" outcome="Passed" testListId="8c84fa94-04c1-424b-9868-57a2d4851a1d" relativeResultsDirectory="3c426f2f-f0a0-4604-84f6-22141a539dc4" />
    <UnitTestResult executionId="1a3ddcd2-ab7c-4b9b-94a2-7226746e775c" testId="056a4908-08a5-5e22-9551-e77f68ab63c4" testName="FormatToStringTest100(317.9090540706688d,&quot;317.91 zł&quot;)" computerName="DESKTOP-5URQ9PB" duration="00:00:00.0000190" startTime="2022-06-13T20:51:40.5989543+02:00" endTime="2022-06-13T20:51:40.5989730+02:00" testType="13cdc9d9-ddb5-4fa4-a97d-d965ccfc6d4b" outcome="Passed" testListId="8c84fa94-04c1-424b-9868-57a2d4851a1d" relativeResultsDirectory="1a3ddcd2-ab7c-4b9b-94a2-7226746e775c" />
    <UnitTestResult executionId="9a042430-185c-46b7-8f6e-d7ea01d9adcb" testId="4e8ed588-d392-7511-ecc9-96da1857794d" testName="FormatToStringTest100(5396.620088554277d,&quot;5396.62 zł&quot;)" computerName="DESKTOP-5URQ9PB" duration="00:00:00.0000290" startTime="2022-06-13T20:51:40.5971619+02:00" endTime="2022-06-13T20:51:40.5971904+02:00" testType="13cdc9d9-ddb5-4fa4-a97d-d965ccfc6d4b" outcome="Passed" testListId="8c84fa94-04c1-424b-9868-57a2d4851a1d" relativeResultsDirectory="9a042430-185c-46b7-8f6e-d7ea01d9adcb" />
    <UnitTestResult executionId="9f217cdb-0464-4f2c-8858-7cc7eef1b7fc" testId="e36f3ecc-8033-228e-9e4e-38062b6e56ea" testName="FormatToStringTest100(9816.961298880615d,&quot;9816.96 zł&quot;)" computerName="DESKTOP-5URQ9PB" duration="00:00:00.0000200" startTime="2022-06-13T20:51:40.5969961+02:00" endTime="2022-06-13T20:51:40.5970155+02:00" testType="13cdc9d9-ddb5-4fa4-a97d-d965ccfc6d4b" outcome="Passed" testListId="8c84fa94-04c1-424b-9868-57a2d4851a1d" relativeResultsDirectory="9f217cdb-0464-4f2c-8858-7cc7eef1b7fc" />
    <UnitTestResult executionId="0d2aabdb-21be-4baf-bcf9-cc0b3f097898" testId="6f964e27-f684-37ef-0fe4-6db993d07017" testName="FormatToStringTest100(14237.13226245955d,&quot;14237.13 zł&quot;)" computerName="DESKTOP-5URQ9PB" duration="00:00:00.0000260" startTime="2022-06-13T20:51:40.5972238+02:00" endTime="2022-06-13T20:51:40.5972494+02:00" testType="13cdc9d9-ddb5-4fa4-a97d-d965ccfc6d4b" outcome="Passed" testListId="8c84fa94-04c1-424b-9868-57a2d4851a1d" relativeResultsDirectory="0d2aabdb-21be-4baf-bcf9-cc0b3f097898" />
    <UnitTestResult executionId="b1a8a079-7ebe-467e-b5e9-2d4b93758ce7" testId="8f9415dd-70b8-c527-026c-2122e53da756" testName="FormatToStringTest100(52858.048916166204d,&quot;52858.05 zł&quot;)" computerName="DESKTOP-5URQ9PB" duration="00:00:00.0000190" startTime="2022-06-13T20:51:40.5992201+02:00" endTime="2022-06-13T20:51:40.5992385+02:00" testType="13cdc9d9-ddb5-4fa4-a97d-d965ccfc6d4b" outcome="Passed" testListId="8c84fa94-04c1-424b-9868-57a2d4851a1d" relativeResultsDirectory="b1a8a079-7ebe-467e-b5e9-2d4b93758ce7" />
    <UnitTestResult executionId="6c8b3ed6-4d52-4edc-acf5-38e5d1136d58" testId="e2700cee-eb5b-94db-dadd-a33ff5cf6ee6" testName="FormatToStringTest100(18990.72499258012d,&quot;18990.72 zł&quot;)" computerName="DESKTOP-5URQ9PB" duration="00:00:00.0000230" startTime="2022-06-13T20:51:40.5990573+02:00" endTime="2022-06-13T20:51:40.5990802+02:00" testType="13cdc9d9-ddb5-4fa4-a97d-d965ccfc6d4b" outcome="Passed" testListId="8c84fa94-04c1-424b-9868-57a2d4851a1d" relativeResultsDirectory="6c8b3ed6-4d52-4edc-acf5-38e5d1136d58" />
    <UnitTestResult executionId="488cfc99-a3b6-408b-aec0-f16d180dba3a" testId="44db8638-081a-8ce0-7d23-94e055f5a609" testName="FormatToStringTest100(69864.17463991146d,&quot;69864.17 zł&quot;)" computerName="DESKTOP-5URQ9PB" duration="00:00:00.0000200" startTime="2022-06-13T20:51:40.5991393+02:00" endTime="2022-06-13T20:51:40.5991591+02:00" testType="13cdc9d9-ddb5-4fa4-a97d-d965ccfc6d4b" outcome="Passed" testListId="8c84fa94-04c1-424b-9868-57a2d4851a1d" relativeResultsDirectory="488cfc99-a3b6-408b-aec0-f16d180dba3a" />
    <UnitTestResult executionId="127f6903-c61d-4d2a-aed6-bfb3b427a253" testId="710c032e-d39d-8d3b-a713-86e049d87044" testName="FormatToStringTest100(22604.838218828587d,&quot;22604.84 zł&quot;)" computerName="DESKTOP-5URQ9PB" duration="00:00:00.0000200" startTime="2022-06-13T20:51:40.5976642+02:00" endTime="2022-06-13T20:51:40.5976838+02:00" testType="13cdc9d9-ddb5-4fa4-a97d-d965ccfc6d4b" outcome="Passed" testListId="8c84fa94-04c1-424b-9868-57a2d4851a1d" relativeResultsDirectory="127f6903-c61d-4d2a-aed6-bfb3b427a253" />
    <UnitTestResult executionId="ca9ff9fe-1579-4dea-a0d3-69aad781521b" testId="7919cbdd-efef-77c6-b96b-a35d9751dc61" testName="FormatToStringTest100(38640.62766693003d,&quot;38640.63 zł&quot;)" computerName="DESKTOP-5URQ9PB" duration="00:00:00.0000200" startTime="2022-06-13T20:51:40.5972562+02:00" endTime="2022-06-13T20:51:40.5972756+02:00" testType="13cdc9d9-ddb5-4fa4-a97d-d965ccfc6d4b" outcome="Passed" testListId="8c84fa94-04c1-424b-9868-57a2d4851a1d" relativeResultsDirectory="ca9ff9fe-1579-4dea-a0d3-69aad781521b" />
    <UnitTestResult executionId="d4613eac-4e63-40a5-81ae-a67f499445af" testId="4ccdf7c5-1b8e-f25d-e6ff-328e24995c79" testName="FormatToStringTest100(1300.9430775404642d,&quot;1300.94 zł&quot;)" computerName="DESKTOP-5URQ9PB" duration="00:00:00.0420410" startTime="2022-06-13T20:51:40.5527610+02:00" endTime="2022-06-13T20:51:40.5947091+02:00" testType="13cdc9d9-ddb5-4fa4-a97d-d965ccfc6d4b" outcome="Passed" testListId="8c84fa94-04c1-424b-9868-57a2d4851a1d" relativeResultsDirectory="d4613eac-4e63-40a5-81ae-a67f499445af" />
    <UnitTestResult executionId="23842413-10eb-4424-81b0-318d032a6eb1" testId="476c9edc-b6ea-cbad-6c80-83085ed5206c" testName="FormatToStringTest100(918.1842976688334d,&quot;918.18 zł&quot;)" computerName="DESKTOP-5URQ9PB" duration="00:00:00.0000190" startTime="2022-06-13T20:51:40.5983826+02:00" endTime="2022-06-13T20:51:40.5984012+02:00" testType="13cdc9d9-ddb5-4fa4-a97d-d965ccfc6d4b" outcome="Passed" testListId="8c84fa94-04c1-424b-9868-57a2d4851a1d" relativeResultsDirectory="23842413-10eb-4424-81b0-318d032a6eb1" />
    <UnitTestResult executionId="8fd5e0c9-7934-47cd-9470-ae104dd7ffad" testId="74cd5e35-cf5d-a7eb-ff81-196bcb803f0c" testName="FormatToStringTest100(1649.0127968480872d,&quot;1649.01 zł&quot;)" computerName="DESKTOP-5URQ9PB" duration="00:00:00.0000200" startTime="2022-06-13T20:51:40.5985718+02:00" endTime="2022-06-13T20:51:40.5985912+02:00" testType="13cdc9d9-ddb5-4fa4-a97d-d965ccfc6d4b" outcome="Passed" testListId="8c84fa94-04c1-424b-9868-57a2d4851a1d" relativeResultsDirectory="8fd5e0c9-7934-47cd-9470-ae104dd7ffad" />
    <UnitTestResult executionId="f202857a-1d91-4231-9447-e98ee96886f8" testId="2467c68f-1bc3-bd85-8310-dd76e33eebec" testName="FormatToStringTest100(17953.338243749615d,&quot;17953.34 zł&quot;)" computerName="DESKTOP-5URQ9PB" duration="00:00:00.0000190" startTime="2022-06-13T20:51:40.5988431+02:00" endTime="2022-06-13T20:51:40.5988617+02:00" testType="13cdc9d9-ddb5-4fa4-a97d-d965ccfc6d4b" outcome="Passed" testListId="8c84fa94-04c1-424b-9868-57a2d4851a1d" relativeResultsDirectory="f202857a-1d91-4231-9447-e98ee96886f8" />
    <UnitTestResult executionId="cf35a845-86d3-455c-a32e-682bc04e6ae0" testId="44373e51-799e-3e94-36f6-61e7eb361bdd" testName="FormatToStringTest100(34096.337879508894d,&quot;34096.34 zł&quot;)" computerName="DESKTOP-5URQ9PB" duration="00:00:00.0000200" startTime="2022-06-13T20:51:40.5981579+02:00" endTime="2022-06-13T20:51:40.5981774+02:00" testType="13cdc9d9-ddb5-4fa4-a97d-d965ccfc6d4b" outcome="Passed" testListId="8c84fa94-04c1-424b-9868-57a2d4851a1d" relativeResultsDirectory="cf35a845-86d3-455c-a32e-682bc04e6ae0" />
    <UnitTestResult executionId="8a255738-4f18-4a0b-8620-85552239500d" testId="d5607c40-0e03-cf87-1ac7-663c6c348c83" testName="FormatToStringTest100(17252.06220983903d,&quot;17252.06 zł&quot;)" computerName="DESKTOP-5URQ9PB" duration="00:00:00.0000190" startTime="2022-06-13T20:51:40.5986528+02:00" endTime="2022-06-13T20:51:40.5986715+02:00" testType="13cdc9d9-ddb5-4fa4-a97d-d965ccfc6d4b" outcome="Passed" testListId="8c84fa94-04c1-424b-9868-57a2d4851a1d" relativeResultsDirectory="8a255738-4f18-4a0b-8620-85552239500d" />
    <UnitTestResult executionId="92e55ec4-9669-4395-aec1-b02ea789e746" testId="c5a97db9-c630-e39e-7e7c-43e80ae0249a" testName="FormatToStringTest100(39178.05988345298d,&quot;39178.06 zł&quot;)" computerName="DESKTOP-5URQ9PB" duration="00:00:00.0000190" startTime="2022-06-13T20:51:40.5987620+02:00" endTime="2022-06-13T20:51:40.5987806+02:00" testType="13cdc9d9-ddb5-4fa4-a97d-d965ccfc6d4b" outcome="Passed" testListId="8c84fa94-04c1-424b-9868-57a2d4851a1d" relativeResultsDirectory="92e55ec4-9669-4395-aec1-b02ea789e746" />
    <UnitTestResult executionId="764c1106-cf9d-4145-8d2d-adb0dacb91d3" testId="6dd51b97-674e-6b9d-f047-ad979eb0870e" testName="FormatToStringTest100(7594.279030504766d,&quot;7594.28 zł&quot;)" computerName="DESKTOP-5URQ9PB" duration="00:00:00.0000270" startTime="2022-06-13T20:51:40.5978237+02:00" endTime="2022-06-13T20:51:40.5978502+02:00" testType="13cdc9d9-ddb5-4fa4-a97d-d965ccfc6d4b" outcome="Passed" testListId="8c84fa94-04c1-424b-9868-57a2d4851a1d" relativeResultsDirectory="764c1106-cf9d-4145-8d2d-adb0dacb91d3" />
    <UnitTestResult executionId="75ce5d85-1744-4eb8-a8c2-4a576eeb410a" testId="f1f7b0d5-822c-33e5-b9ff-f30531705ff1" testName="FormatToStringTest100(32216.686763396807d,&quot;32216.69 zł&quot;)" computerName="DESKTOP-5URQ9PB" duration="00:00:00.0000320" startTime="2022-06-13T20:51:40.5967062+02:00" endTime="2022-06-13T20:51:40.5967380+02:00" testType="13cdc9d9-ddb5-4fa4-a97d-d965ccfc6d4b" outcome="Passed" testListId="8c84fa94-04c1-424b-9868-57a2d4851a1d" relativeResultsDirectory="75ce5d85-1744-4eb8-a8c2-4a576eeb410a" />
    <UnitTestResult executionId="e12984df-edef-4a7b-9b09-7a886fd5ff39" testId="c2636c45-ffae-32b8-cabd-dfdc2e3d89d2" testName="FormatToStringTest100(736.7398243680316d,&quot;736.74 zł&quot;)" computerName="DESKTOP-5URQ9PB" duration="00:00:00.0000230" startTime="2022-06-13T20:51:40.5980727+02:00" endTime="2022-06-13T20:51:40.5980959+02:00" testType="13cdc9d9-ddb5-4fa4-a97d-d965ccfc6d4b" outcome="Passed" testListId="8c84fa94-04c1-424b-9868-57a2d4851a1d" relativeResultsDirectory="e12984df-edef-4a7b-9b09-7a886fd5ff39" />
    <UnitTestResult executionId="bb215a0d-a860-4453-918f-103e5bc2af29" testId="3175c89c-9311-2898-f31c-d62baf20a38b" testName="FormatToStringTest100(5628.028273674672d,&quot;5628.03 zł&quot;)" computerName="DESKTOP-5URQ9PB" duration="00:00:00.0000250" startTime="2022-06-13T20:51:40.5967724+02:00" endTime="2022-06-13T20:51:40.5967973+02:00" testType="13cdc9d9-ddb5-4fa4-a97d-d965ccfc6d4b" outcome="Passed" testListId="8c84fa94-04c1-424b-9868-57a2d4851a1d" relativeResultsDirectory="bb215a0d-a860-4453-918f-103e5bc2af29" />
    <UnitTestResult executionId="5a7b66dc-7676-4e14-858c-b7fe63279285" testId="cb578742-c7f5-996b-5acf-564c542733c1" testName="FormatToStringTest100(10914.360814625099d,&quot;10914.36 zł&quot;)" computerName="DESKTOP-5URQ9PB" duration="00:00:00.0000200" startTime="2022-06-13T20:51:40.5968039+02:00" endTime="2022-06-13T20:51:40.5968240+02:00" testType="13cdc9d9-ddb5-4fa4-a97d-d965ccfc6d4b" outcome="Passed" testListId="8c84fa94-04c1-424b-9868-57a2d4851a1d" relativeResultsDirectory="5a7b66dc-7676-4e14-858c-b7fe63279285" />
    <UnitTestResult executionId="82be61a5-55ce-4572-ae3e-aa4e36451496" testId="c8831b39-bf2b-06d6-5219-c1aac5b93a03" testName="FormatToStringTest100(33206.73122987837d,&quot;33206.73 zł&quot;)" computerName="DESKTOP-5URQ9PB" duration="00:00:00.0000210" startTime="2022-06-13T20:51:40.5983556+02:00" endTime="2022-06-13T20:51:40.5983761+02:00" testType="13cdc9d9-ddb5-4fa4-a97d-d965ccfc6d4b" outcome="Passed" testListId="8c84fa94-04c1-424b-9868-57a2d4851a1d" relativeResultsDirectory="82be61a5-55ce-4572-ae3e-aa4e36451496" />
    <UnitTestResult executionId="cbe703a9-f86e-4ba3-bcab-026c2c8a16c3" testId="bb9f98f7-9d10-2bbf-0773-348287578945" testName="FormatToStringTest100(15639.704937780603d,&quot;15639.70 zł&quot;)" computerName="DESKTOP-5URQ9PB" duration="00:00:00.0000190" startTime="2022-06-13T20:51:40.5979928+02:00" endTime="2022-06-13T20:51:40.5980116+02:00" testType="13cdc9d9-ddb5-4fa4-a97d-d965ccfc6d4b" outcome="Passed" testListId="8c84fa94-04c1-424b-9868-57a2d4851a1d" relativeResultsDirectory="cbe703a9-f86e-4ba3-bcab-026c2c8a16c3" />
    <UnitTestResult executionId="bbd8c0d0-ea5c-4fe6-8461-1ab20662c4e4" testId="0441a484-8788-b6be-6f48-c9fcdc14bb9b" testName="FormatToStringTest100(37589.670531794276d,&quot;37589.67 zł&quot;)" computerName="DESKTOP-5URQ9PB" duration="00:00:00.0000230" startTime="2022-06-13T20:51:40.5973742+02:00" endTime="2022-06-13T20:51:40.5973967+02:00" testType="13cdc9d9-ddb5-4fa4-a97d-d965ccfc6d4b" outcome="Passed" testListId="8c84fa94-04c1-424b-9868-57a2d4851a1d" relativeResultsDirectory="bbd8c0d0-ea5c-4fe6-8461-1ab20662c4e4" />
    <UnitTestResult executionId="2230905c-464d-4cc9-a5a6-0dcc1fc85a86" testId="17a04856-0f1c-ab7a-1a01-1d07ebf4dd98" testName="FormatToStringTest100(6958.393354767186d,&quot;6958.39 zł&quot;)" computerName="DESKTOP-5URQ9PB" duration="00:00:00.0000190" startTime="2022-06-13T20:51:40.5968868+02:00" endTime="2022-06-13T20:51:40.5969057+02:00" testType="13cdc9d9-ddb5-4fa4-a97d-d965ccfc6d4b" outcome="Passed" testListId="8c84fa94-04c1-424b-9868-57a2d4851a1d" relativeResultsDirectory="2230905c-464d-4cc9-a5a6-0dcc1fc85a86" />
    <UnitTestResult executionId="2fd37de3-f53e-41f3-ba4a-06d626d08c3b" testId="167bd640-ca8a-be35-54d9-c9d535f6b8a9" testName="FormatToStringTest100(8768.816937361293d,&quot;8768.82 zł&quot;)" computerName="DESKTOP-5URQ9PB" duration="00:00:00.0000190" startTime="2022-06-13T20:51:40.5979388+02:00" endTime="2022-06-13T20:51:40.5979573+02:00" testType="13cdc9d9-ddb5-4fa4-a97d-d965ccfc6d4b" outcome="Passed" testListId="8c84fa94-04c1-424b-9868-57a2d4851a1d" relativeResultsDirectory="2fd37de3-f53e-41f3-ba4a-06d626d08c3b" />
    <UnitTestResult executionId="5f0fcdc1-e34b-432f-a6f0-b37483d60639" testId="654a56d0-2fdd-75b4-3dfc-159238275382" testName="FormatToStringTest100(468.83385119346616d,&quot;468.83 zł&quot;)" computerName="DESKTOP-5URQ9PB" duration="00:00:00.0000200" startTime="2022-06-13T20:51:40.5977185+02:00" endTime="2022-06-13T20:51:40.5977384+02:00" testType="13cdc9d9-ddb5-4fa4-a97d-d965ccfc6d4b" outcome="Passed" testListId="8c84fa94-04c1-424b-9868-57a2d4851a1d" relativeResultsDirectory="5f0fcdc1-e34b-432f-a6f0-b37483d60639" />
    <UnitTestResult executionId="8da9f302-d577-41f4-9712-907044ab9162" testId="a32e39cd-63bd-b948-c34d-2792a9ad523c" testName="FormatToStringTest100(2937.138486199611d,&quot;2937.14 zł&quot;)" computerName="DESKTOP-5URQ9PB" duration="00:00:00.0000200" startTime="2022-06-13T20:51:40.5986816+02:00" endTime="2022-06-13T20:51:40.5987010+02:00" testType="13cdc9d9-ddb5-4fa4-a97d-d965ccfc6d4b" outcome="Passed" testListId="8c84fa94-04c1-424b-9868-57a2d4851a1d" relativeResultsDirectory="8da9f302-d577-41f4-9712-907044ab9162" />
    <UnitTestResult executionId="93a8bafd-3bae-49f0-9554-dbf2a6eedf5a" testId="7f117d65-eaa4-3393-47ff-b5f2adc1ba26" testName="FormatToStringTest100(28192.949128067565d,&quot;28192.95 zł&quot;)" computerName="DESKTOP-5URQ9PB" duration="00:00:00.0000190" startTime="2022-06-13T20:51:40.5977447+02:00" endTime="2022-06-13T20:51:40.5977634+02:00" testType="13cdc9d9-ddb5-4fa4-a97d-d965ccfc6d4b" outcome="Passed" testListId="8c84fa94-04c1-424b-9868-57a2d4851a1d" relativeResultsDirectory="93a8bafd-3bae-49f0-9554-dbf2a6eedf5a" />
    <UnitTestResult executionId="dbc78559-a049-4bd5-bd79-da90638ebce2" testId="bab29e16-7181-0c35-50c9-4bfc6868cc06" testName="FormatToStringTest100(1108.7197928823157d,&quot;1108.72 zł&quot;)" computerName="DESKTOP-5URQ9PB" duration="00:00:00.0000200" startTime="2022-06-13T20:51:40.5978567+02:00" endTime="2022-06-13T20:51:40.5978761+02:00" testType="13cdc9d9-ddb5-4fa4-a97d-d965ccfc6d4b" outcome="Passed" testListId="8c84fa94-04c1-424b-9868-57a2d4851a1d" relativeResultsDirectory="dbc78559-a049-4bd5-bd79-da90638ebce2" />
    <UnitTestResult executionId="1055b3a6-c0d5-4768-921b-9416f05e6687" testId="38b31d6d-f852-2ebd-9634-fecf51566e90" testName="FormatToStringTest100(86.89546322771136d,&quot;86.90 zł&quot;)" computerName="DESKTOP-5URQ9PB" duration="00:00:00.0000190" startTime="2022-06-13T20:51:40.5975475+02:00" endTime="2022-06-13T20:51:40.5975663+02:00" testType="13cdc9d9-ddb5-4fa4-a97d-d965ccfc6d4b" outcome="Passed" testListId="8c84fa94-04c1-424b-9868-57a2d4851a1d" relativeResultsDirectory="1055b3a6-c0d5-4768-921b-9416f05e6687" />
    <UnitTestResult executionId="a93e9578-974a-4c89-b679-4271c7dbdb2b" testId="02c02901-0347-558c-6501-8babfd6a6a4a" testName="FormatToStringTest100(1614.2516601789982d,&quot;1614.25 zł&quot;)" computerName="DESKTOP-5URQ9PB" duration="00:00:00.0000260" startTime="2022-06-13T20:51:40.5979069+02:00" endTime="2022-06-13T20:51:40.5979323+02:00" testType="13cdc9d9-ddb5-4fa4-a97d-d965ccfc6d4b" outcome="Passed" testListId="8c84fa94-04c1-424b-9868-57a2d4851a1d" relativeResultsDirectory="a93e9578-974a-4c89-b679-4271c7dbdb2b" />
    <UnitTestResult executionId="d0a09185-c0a4-4ba7-9b6f-58782c814728" testId="993b2e32-0de1-26c2-5e33-6a1ad01eeb5e" testName="FormatToStringTest100(2292.8331871111104d,&quot;2292.83 zł&quot;)" computerName="DESKTOP-5URQ9PB" duration="00:00:00.0000190" startTime="2022-06-13T20:51:40.5990074+02:00" endTime="2022-06-13T20:51:40.5990263+02:00" testType="13cdc9d9-ddb5-4fa4-a97d-d965ccfc6d4b" outcome="Passed" testListId="8c84fa94-04c1-424b-9868-57a2d4851a1d" relativeResultsDirectory="d0a09185-c0a4-4ba7-9b6f-58782c814728" />
    <UnitTestResult executionId="d12bcbae-fada-47cb-ae08-e6b1c6500303" testId="6b89659b-5dc5-b05c-ce48-871e20f8abd3" testName="FormatToStringTest100(74514.06270644537d,&quot;74514.06 zł&quot;)" computerName="DESKTOP-5URQ9PB" duration="00:00:00.0000200" startTime="2022-06-13T20:51:40.5991942+02:00" endTime="2022-06-13T20:51:40.5992140+02:00" testType="13cdc9d9-ddb5-4fa4-a97d-d965ccfc6d4b" outcome="Passed" testListId="8c84fa94-04c1-424b-9868-57a2d4851a1d" relativeResultsDirectory="d12bcbae-fada-47cb-ae08-e6b1c6500303" />
    <UnitTestResult executionId="39e05fdc-b375-4a4a-92b7-687015035793" testId="97add3a7-18d1-8ae3-a700-3b9a6e54f2a9" testName="FormatToStringTest100(96.75594581512546d,&quot;96.76 zł&quot;)" computerName="DESKTOP-5URQ9PB" duration="00:00:00.0000290" startTime="2022-06-13T20:51:40.5982623+02:00" endTime="2022-06-13T20:51:40.5982907+02:00" testType="13cdc9d9-ddb5-4fa4-a97d-d965ccfc6d4b" outcome="Passed" testListId="8c84fa94-04c1-424b-9868-57a2d4851a1d" relativeResultsDirectory="39e05fdc-b375-4a4a-92b7-687015035793" />
    <UnitTestResult executionId="630ee4e1-8ba4-47f1-af0a-a9a8af5e7d8e" testId="a4552a20-90c6-da36-cd4c-fbcb6268dcde" testName="FormatToStringTest100(15566.957545477411d,&quot;15566.96 zł&quot;)" computerName="DESKTOP-5URQ9PB" duration="00:00:00.0000180" startTime="2022-06-13T20:51:40.5989002+02:00" endTime="2022-06-13T20:51:40.5989184+02:00" testType="13cdc9d9-ddb5-4fa4-a97d-d965ccfc6d4b" outcome="Passed" testListId="8c84fa94-04c1-424b-9868-57a2d4851a1d" relativeResultsDirectory="630ee4e1-8ba4-47f1-af0a-a9a8af5e7d8e" />
    <UnitTestResult executionId="f077ab09-24f2-4b32-8686-f8c9440d1104" testId="8f7eaa04-9e7b-2fbd-6154-590301c05ba7" testName="FormatToStringTest100(63507.32603545455d,&quot;63507.33 zł&quot;)" computerName="DESKTOP-5URQ9PB" duration="00:00:00.0000240" startTime="2022-06-13T20:51:40.5989245+02:00" endTime="2022-06-13T20:51:40.5989480+02:00" testType="13cdc9d9-ddb5-4fa4-a97d-d965ccfc6d4b" outcome="Passed" testListId="8c84fa94-04c1-424b-9868-57a2d4851a1d" relativeResultsDirectory="f077ab09-24f2-4b32-8686-f8c9440d1104" />
    <UnitTestResult executionId="9808f411-3185-4c69-8906-6a5d368cbd12" testId="fb8758b6-fbc2-fee5-8fca-8577ec51ec3b" testName="FormatToStringTest100(31300.40752580967d,&quot;31300.41 zł&quot;)" computerName="DESKTOP-5URQ9PB" duration="00:00:00.0000180" startTime="2022-06-13T20:51:40.5985165+02:00" endTime="2022-06-13T20:51:40.5985348+02:00" testType="13cdc9d9-ddb5-4fa4-a97d-d965ccfc6d4b" outcome="Passed" testListId="8c84fa94-04c1-424b-9868-57a2d4851a1d" relativeResultsDirectory="9808f411-3185-4c69-8906-6a5d368cbd12" />
    <UnitTestResult executionId="421d0f86-655e-4fcb-9513-12b215b0710d" testId="6e6925d1-75e5-a13f-cd68-43233a607f3d" testName="FormatToStringTest100(7124.979180760672d,&quot;7124.98 zł&quot;)" computerName="DESKTOP-5URQ9PB" duration="00:00:00.0000270" startTime="2022-06-13T20:51:40.5974284+02:00" endTime="2022-06-13T20:51:40.5974550+02:00" testType="13cdc9d9-ddb5-4fa4-a97d-d965ccfc6d4b" outcome="Passed" testListId="8c84fa94-04c1-424b-9868-57a2d4851a1d" relativeResultsDirectory="421d0f86-655e-4fcb-9513-12b215b0710d" />
    <UnitTestResult executionId="bff2ec29-7da9-46ad-b338-1bde8cdd8eb7" testId="25a5f880-4d24-d3c7-abcb-2dee8483e02e" testName="FormatToStringTest100(591.2110872302256d,&quot;591.21 zł&quot;)" computerName="DESKTOP-5URQ9PB" duration="00:00:00.0000190" startTime="2022-06-13T20:51:40.5978821+02:00" endTime="2022-06-13T20:51:40.5979009+02:00" testType="13cdc9d9-ddb5-4fa4-a97d-d965ccfc6d4b" outcome="Passed" testListId="8c84fa94-04c1-424b-9868-57a2d4851a1d" relativeResultsDirectory="bff2ec29-7da9-46ad-b338-1bde8cdd8eb7" />
    <UnitTestResult executionId="fc926ee7-0650-499c-8aab-2576a844508b" testId="e25a10b5-5264-4837-7f5e-e77f0fe36b19" testName="FormatToStringTest100(62975.496334776515d,&quot;62975.50 zł&quot;)" computerName="DESKTOP-5URQ9PB" duration="00:00:00.0000220" startTime="2022-06-13T20:51:40.5991111+02:00" endTime="2022-06-13T20:51:40.5991328+02:00" testType="13cdc9d9-ddb5-4fa4-a97d-d965ccfc6d4b" outcome="Passed" testListId="8c84fa94-04c1-424b-9868-57a2d4851a1d" relativeResultsDirectory="fc926ee7-0650-499c-8aab-2576a844508b" />
    <UnitTestResult executionId="776331f8-7960-4543-b57e-df977fdb00cc" testId="a9227eb6-41f1-9ad5-6a50-0ab740c4f5fb" testName="FormatToStringTest100(1741.3334432818617d,&quot;1741.33 zł&quot;)" computerName="DESKTOP-5URQ9PB" duration="00:00:00.0000190" startTime="2022-06-13T20:51:40.5983242+02:00" endTime="2022-06-13T20:51:40.5983433+02:00" testType="13cdc9d9-ddb5-4fa4-a97d-d965ccfc6d4b" outcome="Passed" testListId="8c84fa94-04c1-424b-9868-57a2d4851a1d" relativeResultsDirectory="776331f8-7960-4543-b57e-df977fdb00cc" />
    <UnitTestResult executionId="40485582-2ed3-49f4-8f24-10fa07a9819a" testId="73e4a8c3-f139-990a-bc9e-43cbdff15e01" testName="FormatToStringTest100(22291.653251342315d,&quot;22291.65 zł&quot;)" computerName="DESKTOP-5URQ9PB" duration="00:00:00.0000200" startTime="2022-06-13T20:51:40.5971979+02:00" endTime="2022-06-13T20:51:40.5972174+02:00" testType="13cdc9d9-ddb5-4fa4-a97d-d965ccfc6d4b" outcome="Passed" testListId="8c84fa94-04c1-424b-9868-57a2d4851a1d" relativeResultsDirectory="40485582-2ed3-49f4-8f24-10fa07a9819a" />
    <UnitTestResult executionId="1477b31e-3a9e-4b5e-a3a0-62eb6b205596" testId="b058c171-2407-459c-7b57-a44deff88712" testName="FormatToStringTest100(159.83786031922224d,&quot;159.84 zł&quot;)" computerName="DESKTOP-5URQ9PB" duration="00:00:00.0000190" startTime="2022-06-13T20:51:40.5976901+02:00" endTime="2022-06-13T20:51:40.5977084+02:00" testType="13cdc9d9-ddb5-4fa4-a97d-d965ccfc6d4b" outcome="Passed" testListId="8c84fa94-04c1-424b-9868-57a2d4851a1d" relativeResultsDirectory="1477b31e-3a9e-4b5e-a3a0-62eb6b205596" />
  </Results>
  <TestDefinitions>
    <UnitTest name="FormatToStringTest100(69864.17463991146d,&quot;69864.17 zł&quot;)" storage="c:\projekty\nunittestproject\bin\debug\netcoreapp3.1\nunittestproject.dll" id="44db8638-081a-8ce0-7d23-94e055f5a609">
      <Execution id="488cfc99-a3b6-408b-aec0-f16d180dba3a" />
      <TestMethod codeBase="C:\Projekty\NUnitTestProject\bin\Debug\netcoreapp3.1\NUnitTestProject.dll" adapterTypeName="executor://nunit3testexecutor/" className="NUnitTestProject.CurrencyHelperTests" name="FormatToStringTest100(69864.17463991146d,&quot;69864.17 zł&quot;)" />
    </UnitTest>
    <UnitTest name="FormatToStringTest100(1300.9430775404642d,&quot;1300.94 zł&quot;)" storage="c:\projekty\nunittestproject\bin\debug\netcoreapp3.1\nunittestproject.dll" id="4ccdf7c5-1b8e-f25d-e6ff-328e24995c79">
      <Execution id="d4613eac-4e63-40a5-81ae-a67f499445af" />
      <TestMethod codeBase="C:\Projekty\NUnitTestProject\bin\Debug\netcoreapp3.1\NUnitTestProject.dll" adapterTypeName="executor://nunit3testexecutor/" className="NUnitTestProject.CurrencyHelperTests" name="FormatToStringTest100(1300.9430775404642d,&quot;1300.94 zł&quot;)" />
    </UnitTest>
    <UnitTest name="FormatToStringTest100(28192.949128067565d,&quot;28192.95 zł&quot;)" storage="c:\projekty\nunittestproject\bin\debug\netcoreapp3.1\nunittestproject.dll" id="7f117d65-eaa4-3393-47ff-b5f2adc1ba26">
      <Execution id="93a8bafd-3bae-49f0-9554-dbf2a6eedf5a" />
      <TestMethod codeBase="C:\Projekty\NUnitTestProject\bin\Debug\netcoreapp3.1\NUnitTestProject.dll" adapterTypeName="executor://nunit3testexecutor/" className="NUnitTestProject.CurrencyHelperTests" name="FormatToStringTest100(28192.949128067565d,&quot;28192.95 zł&quot;)" />
    </UnitTest>
    <UnitTest name="FormatToStringTest100(35145.379208063416d,&quot;35145.38 zł&quot;)" storage="c:\projekty\nunittestproject\bin\debug\netcoreapp3.1\nunittestproject.dll" id="02a2d8b6-604b-7623-31f1-22fa9c5dd6fb">
      <Execution id="fb4c870e-a9ab-47a4-84f5-65310f67b4a3" />
      <TestMethod codeBase="C:\Projekty\NUnitTestProject\bin\Debug\netcoreapp3.1\NUnitTestProject.dll" adapterTypeName="executor://nunit3testexecutor/" className="NUnitTestProject.CurrencyHelperTests" name="FormatToStringTest100(35145.379208063416d,&quot;35145.38 zł&quot;)" />
    </UnitTest>
    <UnitTest name="FormatToStringTest100(58848.60825001477d,&quot;58848.61 zł&quot;)" storage="c:\projekty\nunittestproject\bin\debug\netcoreapp3.1\nunittestproject.dll" id="8939b7b8-ff81-63bf-70dc-08f29a6ce586">
      <Execution id="2c982e93-788d-46f6-a2c6-a1340d6d0635" />
      <TestMethod codeBase="C:\Projekty\NUnitTestProject\bin\Debug\netcoreapp3.1\NUnitTestProject.dll" adapterTypeName="executor://nunit3testexecutor/" className="NUnitTestProject.CurrencyHelperTests" name="FormatToStringTest100(58848.60825001477d,&quot;58848.61 zł&quot;)" />
    </UnitTest>
    <UnitTest name="FormatToStringTest100(17953.338243749615d,&quot;17953.34 zł&quot;)" storage="c:\projekty\nunittestproject\bin\debug\netcoreapp3.1\nunittestproject.dll" id="2467c68f-1bc3-bd85-8310-dd76e33eebec">
      <Execution id="f202857a-1d91-4231-9447-e98ee96886f8" />
      <TestMethod codeBase="C:\Projekty\NUnitTestProject\bin\Debug\netcoreapp3.1\NUnitTestProject.dll" adapterTypeName="executor://nunit3testexecutor/" className="NUnitTestProject.CurrencyHelperTests" name="FormatToStringTest100(17953.338243749615d,&quot;17953.34 zł&quot;)" />
    </UnitTest>
    <UnitTest name="FormatToStringTest100(39178.05988345298d,&quot;39178.06 zł&quot;)" storage="c:\projekty\nunittestproject\bin\debug\netcoreapp3.1\nunittestproject.dll" id="c5a97db9-c630-e39e-7e7c-43e80ae0249a">
      <Execution id="92e55ec4-9669-4395-aec1-b02ea789e746" />
      <TestMethod codeBase="C:\Projekty\NUnitTestProject\bin\Debug\netcoreapp3.1\NUnitTestProject.dll" adapterTypeName="executor://nunit3testexecutor/" className="NUnitTestProject.CurrencyHelperTests" name="FormatToStringTest100(39178.05988345298d,&quot;39178.06 zł&quot;)" />
    </UnitTest>
    <UnitTest name="FormatToStringTest100(21961.272673999552d,&quot;21961.27 zł&quot;)" storage="c:\projekty\nunittestproject\bin\debug\netcoreapp3.1\nunittestproject.dll" id="6ae5af13-f172-7ae6-9d14-b0b6b031899f">
      <Execution id="86cde4a2-581d-4be5-905f-28260536e158" />
      <TestMethod codeBase="C:\Projekty\NUnitTestProject\bin\Debug\netcoreapp3.1\NUnitTestProject.dll" adapterTypeName="executor://nunit3testexecutor/" className="NUnitTestProject.CurrencyHelperTests" name="FormatToStringTest100(21961.272673999552d,&quot;21961.27 zł&quot;)" />
    </UnitTest>
    <UnitTest name="FormatToStringTest100(66019.32414194118d,&quot;66019.32 zł&quot;)" storage="c:\projekty\nunittestproject\bin\debug\netcoreapp3.1\nunittestproject.dll" id="da5ec1b9-c89d-ab82-b4aa-e3b444b3e081">
      <Execution id="6d60cae9-1af4-411b-a9c6-dc6c6d6ab5da" />
      <TestMethod codeBase="C:\Projekty\NUnitTestProject\bin\Debug\netcoreapp3.1\NUnitTestProject.dll" adapterTypeName="executor://nunit3testexecutor/" className="NUnitTestProject.CurrencyHelperTests" name="FormatToStringTest100(66019.32414194118d,&quot;66019.32 zł&quot;)" />
    </UnitTest>
    <UnitTest name="FormatToStringTest100(5628.028273674672d,&quot;5628.03 zł&quot;)" storage="c:\projekty\nunittestproject\bin\debug\netcoreapp3.1\nunittestproject.dll" id="3175c89c-9311-2898-f31c-d62baf20a38b">
      <Execution id="bb215a0d-a860-4453-918f-103e5bc2af29" />
      <TestMethod codeBase="C:\Projekty\NUnitTestProject\bin\Debug\netcoreapp3.1\NUnitTestProject.dll" adapterTypeName="executor://nunit3testexecutor/" className="NUnitTestProject.CurrencyHelperTests" name="FormatToStringTest100(5628.028273674672d,&quot;5628.03 zł&quot;)" />
    </UnitTest>
    <UnitTest name="FormatToStringTest100(52020.805412759444d,&quot;52020.81 zł&quot;)" storage="c:\projekty\nunittestproject\bin\debug\netcoreapp3.1\nunittestproject.dll" id="af58900a-c4df-19c1-aa0f-7bad2b6a33dc">
      <Execution id="d6189553-a6dd-46b7-9dcc-29917d929d96" />
      <TestMethod codeBase="C:\Projekty\NUnitTestProject\bin\Debug\netcoreapp3.1\NUnitTestProject.dll" adapterTypeName="executor://nunit3testexecutor/" className="NUnitTestProject.CurrencyHelperTests" name="FormatToStringTest100(52020.805412759444d,&quot;52020.81 zł&quot;)" />
    </UnitTest>
    <UnitTest name="FormatToStringTest100(34096.337879508894d,&quot;34096.34 zł&quot;)" storage="c:\projekty\nunittestproject\bin\debug\netcoreapp3.1\nunittestproject.dll" id="44373e51-799e-3e94-36f6-61e7eb361bdd">
      <Execution id="cf35a845-86d3-455c-a32e-682bc04e6ae0" />
      <TestMethod codeBase="C:\Projekty\NUnitTestProject\bin\Debug\netcoreapp3.1\NUnitTestProject.dll" adapterTypeName="executor://nunit3testexecutor/" className="NUnitTestProject.CurrencyHelperTests" name="FormatToStringTest100(34096.337879508894d,&quot;34096.34 zł&quot;)" />
    </UnitTest>
    <UnitTest name="FormatToStringTest100(52858.048916166204d,&quot;52858.05 zł&quot;)" storage="c:\projekty\nunittestproject\bin\debug\netcoreapp3.1\nunittestproject.dll" id="8f9415dd-70b8-c527-026c-2122e53da756">
      <Execution id="b1a8a079-7ebe-467e-b5e9-2d4b93758ce7" />
      <TestMethod codeBase="C:\Projekty\NUnitTestProject\bin\Debug\netcoreapp3.1\NUnitTestProject.dll" adapterTypeName="executor://nunit3testexecutor/" className="NUnitTestProject.CurrencyHelperTests" name="FormatToStringTest100(52858.048916166204d,&quot;52858.05 zł&quot;)" />
    </UnitTest>
    <UnitTest name="FormatToStringTest100(86.89546322771136d,&quot;86.90 zł&quot;)" storage="c:\projekty\nunittestproject\bin\debug\netcoreapp3.1\nunittestproject.dll" id="38b31d6d-f852-2ebd-9634-fecf51566e90">
      <Execution id="1055b3a6-c0d5-4768-921b-9416f05e6687" />
      <TestMethod codeBase="C:\Projekty\NUnitTestProject\bin\Debug\netcoreapp3.1\NUnitTestProject.dll" adapterTypeName="executor://nunit3testexecutor/" className="NUnitTestProject.CurrencyHelperTests" name="FormatToStringTest100(86.89546322771136d,&quot;86.90 zł&quot;)" />
    </UnitTest>
    <UnitTest name="FormatToStringTest100(15639.704937780603d,&quot;15639.70 zł&quot;)" storage="c:\projekty\nunittestproject\bin\debug\netcoreapp3.1\nunittestproject.dll" id="bb9f98f7-9d10-2bbf-0773-348287578945">
      <Execution id="cbe703a9-f86e-4ba3-bcab-026c2c8a16c3" />
      <TestMethod codeBase="C:\Projekty\NUnitTestProject\bin\Debug\netcoreapp3.1\NUnitTestProject.dll" adapterTypeName="executor://nunit3testexecutor/" className="NUnitTestProject.CurrencyHelperTests" name="FormatToStringTest100(15639.704937780603d,&quot;15639.70 zł&quot;)" />
    </UnitTest>
    <UnitTest name="FormatToStringTest100(38640.62766693003d,&quot;38640.63 zł&quot;)" storage="c:\projekty\nunittestproject\bin\debug\netcoreapp3.1\nunittestproject.dll" id="7919cbdd-efef-77c6-b96b-a35d9751dc61">
      <Execution id="ca9ff9fe-1579-4dea-a0d3-69aad781521b" />
      <TestMethod codeBase="C:\Projekty\NUnitTestProject\bin\Debug\netcoreapp3.1\NUnitTestProject.dll" adapterTypeName="executor://nunit3testexecutor/" className="NUnitTestProject.CurrencyHelperTests" name="FormatToStringTest100(38640.62766693003d,&quot;38640.63 zł&quot;)" />
    </UnitTest>
    <UnitTest name="FormatToStringTest100(9867.823212210007d,&quot;9867.82 zł&quot;)" storage="c:\projekty\nunittestproject\bin\debug\netcoreapp3.1\nunittestproject.dll" id="d0a6cf86-cfdd-0432-5d16-67b34f44bcfa">
      <Execution id="4583c031-04de-4457-a931-f0365c7c7818" />
      <TestMethod codeBase="C:\Projekty\NUnitTestProject\bin\Debug\netcoreapp3.1\NUnitTestProject.dll" adapterTypeName="executor://nunit3testexecutor/" className="NUnitTestProject.CurrencyHelperTests" name="FormatToStringTest100(9867.823212210007d,&quot;9867.82 zł&quot;)" />
    </UnitTest>
    <UnitTest name="FormatToStringTest100(2937.138486199611d,&quot;2937.14 zł&quot;)" storage="c:\projekty\nunittestproject\bin\debug\netcoreapp3.1\nunittestproject.dll" id="a32e39cd-63bd-b948-c34d-2792a9ad523c">
      <Execution id="8da9f302-d577-41f4-9712-907044ab9162" />
      <TestMethod codeBase="C:\Projekty\NUnitTestProject\bin\Debug\netcoreapp3.1\NUnitTestProject.dll" adapterTypeName="executor://nunit3testexecutor/" className="NUnitTestProject.CurrencyHelperTests" name="FormatToStringTest100(2937.138486199611d,&quot;2937.14 zł&quot;)" />
    </UnitTest>
    <UnitTest name="FormatToStringTest100(79.6815319544084d,&quot;79.68 zł&quot;)" storage="c:\projekty\nunittestproject\bin\debug\netcoreapp3.1\nunittestproject.dll" id="7b5657d1-871c-22e2-8b58-1e4af740074e">
      <Execution id="c54844dd-99df-4a06-970a-698866b2f4ba" />
      <TestMethod codeBase="C:\Projekty\NUnitTestProject\bin\Debug\netcoreapp3.1\NUnitTestProject.dll" adapterTypeName="executor://nunit3testexecutor/" className="NUnitTestProject.CurrencyHelperTests" name="FormatToStringTest100(79.6815319544084d,&quot;79.68 zł&quot;)" />
    </UnitTest>
    <UnitTest name="FormatToStringTest100(7789.7136237517525d,&quot;7789.71 zł&quot;)" storage="c:\projekty\nunittestproject\bin\debug\netcoreapp3.1\nunittestproject.dll" id="4a85d0e2-7867-4a37-3a69-cfba3fa4e599">
      <Execution id="75d941c7-9775-4c17-90ef-bc282af88f71" />
      <TestMethod codeBase="C:\Projekty\NUnitTestProject\bin\Debug\netcoreapp3.1\NUnitTestProject.dll" adapterTypeName="executor://nunit3testexecutor/" className="NUnitTestProject.CurrencyHelperTests" name="FormatToStringTest100(7789.7136237517525d,&quot;7789.71 zł&quot;)" />
    </UnitTest>
    <UnitTest name="FormatToStringTest100(35784.54232617307d,&quot;35784.54 zł&quot;)" storage="c:\projekty\nunittestproject\bin\debug\netcoreapp3.1\nunittestproject.dll" id="40d78239-8f39-5058-3911-ca4c3976e207">
      <Execution id="2466cddb-906e-4cf9-acf2-df9868e4e2e3" />
      <TestMethod codeBase="C:\Projekty\NUnitTestProject\bin\Debug\netcoreapp3.1\NUnitTestProject.dll" adapterTypeName="executor://nunit3testexecutor/" className="NUnitTestProject.CurrencyHelperTests" name="FormatToStringTest100(35784.54232617307d,&quot;35784.54 zł&quot;)" />
    </UnitTest>
    <UnitTest name="FormatToStringTest100(28502.61128259758d,&quot;28502.61 zł&quot;)" storage="c:\projekty\nunittestproject\bin\debug\netcoreapp3.1\nunittestproject.dll" id="d75012f1-d6f6-c8c8-6052-216572e6d09a">
      <Execution id="6af30cd0-b321-4ea6-b7a0-0a21d43e0093" />
      <TestMethod codeBase="C:\Projekty\NUnitTestProject\bin\Debug\netcoreapp3.1\NUnitTestProject.dll" adapterTypeName="executor://nunit3testexecutor/" className="NUnitTestProject.CurrencyHelperTests" name="FormatToStringTest100(28502.61128259758d,&quot;28502.61 zł&quot;)" />
    </UnitTest>
    <UnitTest name="FormatToStringTest100(17252.06220983903d,&quot;17252.06 zł&quot;)" storage="c:\projekty\nunittestproject\bin\debug\netcoreapp3.1\nunittestproject.dll" id="d5607c40-0e03-cf87-1ac7-663c6c348c83">
      <Execution id="8a255738-4f18-4a0b-8620-85552239500d" />
      <TestMethod codeBase="C:\Projekty\NUnitTestProject\bin\Debug\netcoreapp3.1\NUnitTestProject.dll" adapterTypeName="executor://nunit3testexecutor/" className="NUnitTestProject.CurrencyHelperTests" name="FormatToStringTest100(17252.06220983903d,&quot;17252.06 zł&quot;)" />
    </UnitTest>
    <UnitTest name="FormatToStringTest100(32632.105531036905d,&quot;32632.11 zł&quot;)" storage="c:\projekty\nunittestproject\bin\debug\netcoreapp3.1\nunittestproject.dll" id="7f364af7-1a4c-2e9e-a4ab-c96e4d59ad29">
      <Execution id="be738872-f397-4da3-ae6c-30d5ec2ca2a1" />
      <TestMethod codeBase="C:\Projekty\NUnitTestProject\bin\Debug\netcoreapp3.1\NUnitTestProject.dll" adapterTypeName="executor://nunit3testexecutor/" className="NUnitTestProject.CurrencyHelperTests" name="FormatToStringTest100(32632.105531036905d,&quot;32632.11 zł&quot;)" />
    </UnitTest>
    <UnitTest name="FormatToStringTest100(80609.94377465078d,&quot;80609.94 zł&quot;)" storage="c:\projekty\nunittestproject\bin\debug\netcoreapp3.1\nunittestproject.dll" id="642d2869-679c-7098-495e-642b3c4d783b">
      <Execution id="c6efa306-3787-4fdc-ab2f-38307e712840" />
      <TestMethod codeBase="C:\Projekty\NUnitTestProject\bin\Debug\netcoreapp3.1\NUnitTestProject.dll" adapterTypeName="executor://nunit3testexecutor/" className="NUnitTestProject.CurrencyHelperTests" name="FormatToStringTest100(80609.94377465078d,&quot;80609.94 zł&quot;)" />
    </UnitTest>
    <UnitTest name="FormatToStringTest100(31300.40752580967d,&quot;31300.41 zł&quot;)" storage="c:\projekty\nunittestproject\bin\debug\netcoreapp3.1\nunittestproject.dll" id="fb8758b6-fbc2-fee5-8fca-8577ec51ec3b">
      <Execution id="9808f411-3185-4c69-8906-6a5d368cbd12" />
      <TestMethod codeBase="C:\Projekty\NUnitTestProject\bin\Debug\netcoreapp3.1\NUnitTestProject.dll" adapterTypeName="executor://nunit3testexecutor/" className="NUnitTestProject.CurrencyHelperTests" name="FormatToStringTest100(31300.40752580967d,&quot;31300.41 zł&quot;)" />
    </UnitTest>
    <UnitTest name="FormatToStringTest100(1649.0127968480872d,&quot;1649.01 zł&quot;)" storage="c:\projekty\nunittestproject\bin\debug\netcoreapp3.1\nunittestproject.dll" id="74cd5e35-cf5d-a7eb-ff81-196bcb803f0c">
      <Execution id="8fd5e0c9-7934-47cd-9470-ae104dd7ffad" />
      <TestMethod codeBase="C:\Projekty\NUnitTestProject\bin\Debug\netcoreapp3.1\NUnitTestProject.dll" adapterTypeName="executor://nunit3testexecutor/" className="NUnitTestProject.CurrencyHelperTests" name="FormatToStringTest100(1649.0127968480872d,&quot;1649.01 zł&quot;)" />
    </UnitTest>
    <UnitTest name="FormatToStringTest100(20244.692955315437d,&quot;20244.69 zł&quot;)" storage="c:\projekty\nunittestproject\bin\debug\netcoreapp3.1\nunittestproject.dll" id="e570d006-f8c6-2527-78e0-897122dd716e">
      <Execution id="ee7552be-1cfa-4079-931d-c41bc16f7b3e" />
      <TestMethod codeBase="C:\Projekty\NUnitTestProject\bin\Debug\netcoreapp3.1\NUnitTestProject.dll" adapterTypeName="executor://nunit3testexecutor/" className="NUnitTestProject.CurrencyHelperTests" name="FormatToStringTest100(20244.692955315437d,&quot;20244.69 zł&quot;)" />
    </UnitTest>
    <UnitTest name="FormatToStringTest100(6809.40195803037d,&quot;6809.40 zł&quot;)" storage="c:\projekty\nunittestproject\bin\debug\netcoreapp3.1\nunittestproject.dll" id="a3a62b11-2538-ecb1-962d-5432f1e041eb">
      <Execution id="fd589765-e0da-4086-abbc-8a3cfff7a777" />
      <TestMethod codeBase="C:\Projekty\NUnitTestProject\bin\Debug\netcoreapp3.1\NUnitTestProject.dll" adapterTypeName="executor://nunit3testexecutor/" className="NUnitTestProject.CurrencyHelperTests" name="FormatToStringTest100(6809.40195803037d,&quot;6809.40 zł&quot;)" />
    </UnitTest>
    <UnitTest name="FormatToStringTest100(918.1842976688334d,&quot;918.18 zł&quot;)" storage="c:\projekty\nunittestproject\bin\debug\netcoreapp3.1\nunittestproject.dll" id="476c9edc-b6ea-cbad-6c80-83085ed5206c">
      <Execution id="23842413-10eb-4424-81b0-318d032a6eb1" />
      <TestMethod codeBase="C:\Projekty\NUnitTestProject\bin\Debug\netcoreapp3.1\NUnitTestProject.dll" adapterTypeName="executor://nunit3testexecutor/" className="NUnitTestProject.CurrencyHelperTests" name="FormatToStringTest100(918.1842976688334d,&quot;918.18 zł&quot;)" />
    </UnitTest>
    <UnitTest name="FormatToStringTest100(70771.4436677524d,&quot;70771.44 zł&quot;)" storage="c:\projekty\nunittestproject\bin\debug\netcoreapp3.1\nunittestproject.dll" id="4ec0800c-e01f-aa73-19f1-180137b3dfdf">
      <Execution id="419f60e5-913a-4357-bf5d-c98accbdec0f" />
      <TestMethod codeBase="C:\Projekty\NUnitTestProject\bin\Debug\netcoreapp3.1\NUnitTestProject.dll" adapterTypeName="executor://nunit3testexecutor/" className="NUnitTestProject.CurrencyHelperTests" name="FormatToStringTest100(70771.4436677524d,&quot;70771.44 zł&quot;)" />
    </UnitTest>
    <UnitTest name="FormatToStringTest100(46898.00219497783d,&quot;46898.00 zł&quot;)" storage="c:\projekty\nunittestproject\bin\debug\netcoreapp3.1\nunittestproject.dll" id="5979600d-d5d6-1c59-8a74-a8946a5412a6">
      <Execution id="93c817ab-2269-463e-9903-eccbcb08c3de" />
      <TestMethod codeBase="C:\Projekty\NUnitTestProject\bin\Debug\netcoreapp3.1\NUnitTestProject.dll" adapterTypeName="executor://nunit3testexecutor/" className="NUnitTestProject.CurrencyHelperTests" name="FormatToStringTest100(46898.00219497783d,&quot;46898.00 zł&quot;)" />
    </UnitTest>
    <UnitTest name="FormatToStringTest100(3521.3657738167635d,&quot;3521.37 zł&quot;)" storage="c:\projekty\nunittestproject\bin\debug\netcoreapp3.1\nunittestproject.dll" id="4f9e6f5b-43a2-746f-e9ea-c62ab0b035f9">
      <Execution id="5ae01326-76ae-4724-8495-551cdc0a25ed" />
      <TestMethod codeBase="C:\Projekty\NUnitTestProject\bin\Debug\netcoreapp3.1\NUnitTestProject.dll" adapterTypeName="executor://nunit3testexecutor/" className="NUnitTestProject.CurrencyHelperTests" name="FormatToStringTest100(3521.3657738167635d,&quot;3521.37 zł&quot;)" />
    </UnitTest>
    <UnitTest name="FormatToStringTest100(33206.73122987837d,&quot;33206.73 zł&quot;)" storage="c:\projekty\nunittestproject\bin\debug\netcoreapp3.1\nunittestproject.dll" id="c8831b39-bf2b-06d6-5219-c1aac5b93a03">
      <Execution id="82be61a5-55ce-4572-ae3e-aa4e36451496" />
      <TestMethod codeBase="C:\Projekty\NUnitTestProject\bin\Debug\netcoreapp3.1\NUnitTestProject.dll" adapterTypeName="executor://nunit3testexecutor/" className="NUnitTestProject.CurrencyHelperTests" name="FormatToStringTest100(33206.73122987837d,&quot;33206.73 zł&quot;)" />
    </UnitTest>
    <UnitTest name="FormatToStringTest100(7594.279030504766d,&quot;7594.28 zł&quot;)" storage="c:\projekty\nunittestproject\bin\debug\netcoreapp3.1\nunittestproject.dll" id="6dd51b97-674e-6b9d-f047-ad979eb0870e">
      <Execution id="764c1106-cf9d-4145-8d2d-adb0dacb91d3" />
      <TestMethod codeBase="C:\Projekty\NUnitTestProject\bin\Debug\netcoreapp3.1\NUnitTestProject.dll" adapterTypeName="executor://nunit3testexecutor/" className="NUnitTestProject.CurrencyHelperTests" name="FormatToStringTest100(7594.279030504766d,&quot;7594.28 zł&quot;)" />
    </UnitTest>
    <UnitTest name="FormatToStringTest100(77904.0088552246d,&quot;77904.01 zł&quot;)" storage="c:\projekty\nunittestproject\bin\debug\netcoreapp3.1\nunittestproject.dll" id="6c73a1d1-2654-d03d-8bff-b9bca4e437ad">
      <Execution id="cd9690ec-515b-4b45-911c-bc9e963fb803" />
      <TestMethod codeBase="C:\Projekty\NUnitTestProject\bin\Debug\netcoreapp3.1\NUnitTestProject.dll" adapterTypeName="executor://nunit3testexecutor/" className="NUnitTestProject.CurrencyHelperTests" name="FormatToStringTest100(77904.0088552246d,&quot;77904.01 zł&quot;)" />
    </UnitTest>
    <UnitTest name="FormatToStringTest100(9816.961298880615d,&quot;9816.96 zł&quot;)" storage="c:\projekty\nunittestproject\bin\debug\netcoreapp3.1\nunittestproject.dll" id="e36f3ecc-8033-228e-9e4e-38062b6e56ea">
      <Execution id="9f217cdb-0464-4f2c-8858-7cc7eef1b7fc" />
      <TestMethod codeBase="C:\Projekty\NUnitTestProject\bin\Debug\netcoreapp3.1\NUnitTestProject.dll" adapterTypeName="executor://nunit3testexecutor/" className="NUnitTestProject.CurrencyHelperTests" name="FormatToStringTest100(9816.961298880615d,&quot;9816.96 zł&quot;)" />
    </UnitTest>
    <UnitTest name="FormatToStringTest100(63507.32603545455d,&quot;63507.33 zł&quot;)" storage="c:\projekty\nunittestproject\bin\debug\netcoreapp3.1\nunittestproject.dll" id="8f7eaa04-9e7b-2fbd-6154-590301c05ba7">
      <Execution id="f077ab09-24f2-4b32-8686-f8c9440d1104" />
      <TestMethod codeBase="C:\Projekty\NUnitTestProject\bin\Debug\netcoreapp3.1\NUnitTestProject.dll" adapterTypeName="executor://nunit3testexecutor/" className="NUnitTestProject.CurrencyHelperTests" name="FormatToStringTest100(63507.32603545455d,&quot;63507.33 zł&quot;)" />
    </UnitTest>
    <UnitTest name="FormatToStringTest100(50991.22189691114d,&quot;50991.22 zł&quot;)" storage="c:\projekty\nunittestproject\bin\debug\netcoreapp3.1\nunittestproject.dll" id="a7906eba-4ddd-f057-76e4-695c12f668f7">
      <Execution id="edab2cde-1110-4ec5-af14-5d6d3f49ad10" />
      <TestMethod codeBase="C:\Projekty\NUnitTestProject\bin\Debug\netcoreapp3.1\NUnitTestProject.dll" adapterTypeName="executor://nunit3testexecutor/" className="NUnitTestProject.CurrencyHelperTests" name="FormatToStringTest100(50991.22189691114d,&quot;50991.22 zł&quot;)" />
    </UnitTest>
    <UnitTest name="FormatToStringTest100(67338.80028760935d,&quot;67338.80 zł&quot;)" storage="c:\projekty\nunittestproject\bin\debug\netcoreapp3.1\nunittestproject.dll" id="68684c63-5f16-5756-6180-2b0b9df43ad7">
      <Execution id="9de7148d-9b40-4c2d-b342-cc53399404aa" />
      <TestMethod codeBase="C:\Projekty\NUnitTestProject\bin\Debug\netcoreapp3.1\NUnitTestProject.dll" adapterTypeName="executor://nunit3testexecutor/" className="NUnitTestProject.CurrencyHelperTests" name="FormatToStringTest100(67338.80028760935d,&quot;67338.80 zł&quot;)" />
    </UnitTest>
    <UnitTest name="FormatToStringTest100(27050.586848031067d,&quot;27050.59 zł&quot;)" storage="c:\projekty\nunittestproject\bin\debug\netcoreapp3.1\nunittestproject.dll" id="32c30dee-17e8-bc72-ad30-e19ba3161b9e">
      <Execution id="83ee6d99-0581-4921-908c-a7225638a6b4" />
      <TestMethod codeBase="C:\Projekty\NUnitTestProject\bin\Debug\netcoreapp3.1\NUnitTestProject.dll" adapterTypeName="executor://nunit3testexecutor/" className="NUnitTestProject.CurrencyHelperTests" name="FormatToStringTest100(27050.586848031067d,&quot;27050.59 zł&quot;)" />
    </UnitTest>
    <UnitTest name="FormatToStringTest100(8499.121443388574d,&quot;8499.12 zł&quot;)" storage="c:\projekty\nunittestproject\bin\debug\netcoreapp3.1\nunittestproject.dll" id="f914ee86-c2ad-95a7-e682-fa878f9f31a5">
      <Execution id="ea51dea6-bc23-4e1f-8c77-ee7cc8d24ed5" />
      <TestMethod codeBase="C:\Projekty\NUnitTestProject\bin\Debug\netcoreapp3.1\NUnitTestProject.dll" adapterTypeName="executor://nunit3testexecutor/" className="NUnitTestProject.CurrencyHelperTests" name="FormatToStringTest100(8499.121443388574d,&quot;8499.12 zł&quot;)" />
    </UnitTest>
    <UnitTest name="FormatToStringTest100(24957.469502810607d,&quot;24957.47 zł&quot;)" storage="c:\projekty\nunittestproject\bin\debug\netcoreapp3.1\nunittestproject.dll" id="7df4ba29-38dd-828e-22e5-9f7e850eb994">
      <Execution id="8a053132-4123-42cf-8052-2474173fecb3" />
      <TestMethod codeBase="C:\Projekty\NUnitTestProject\bin\Debug\netcoreapp3.1\NUnitTestProject.dll" adapterTypeName="executor://nunit3testexecutor/" className="NUnitTestProject.CurrencyHelperTests" name="FormatToStringTest100(24957.469502810607d,&quot;24957.47 zł&quot;)" />
    </UnitTest>
    <UnitTest name="FormatToStringTest100(27893.312729890138d,&quot;27893.31 zł&quot;)" storage="c:\projekty\nunittestproject\bin\debug\netcoreapp3.1\nunittestproject.dll" id="a0940c02-10c2-a2ca-c99e-b2f24d99f98d">
      <Execution id="6281ceef-ed08-47ea-9e90-38b0989fb668" />
      <TestMethod codeBase="C:\Projekty\NUnitTestProject\bin\Debug\netcoreapp3.1\NUnitTestProject.dll" adapterTypeName="executor://nunit3testexecutor/" className="NUnitTestProject.CurrencyHelperTests" name="FormatToStringTest100(27893.312729890138d,&quot;27893.31 zł&quot;)" />
    </UnitTest>
    <UnitTest name="FormatToStringTest100(159.83786031922224d,&quot;159.84 zł&quot;)" storage="c:\projekty\nunittestproject\bin\debug\netcoreapp3.1\nunittestproject.dll" id="b058c171-2407-459c-7b57-a44deff88712">
      <Execution id="1477b31e-3a9e-4b5e-a3a0-62eb6b205596" />
      <TestMethod codeBase="C:\Projekty\NUnitTestProject\bin\Debug\netcoreapp3.1\NUnitTestProject.dll" adapterTypeName="executor://nunit3testexecutor/" className="NUnitTestProject.CurrencyHelperTests" name="FormatToStringTest100(159.83786031922224d,&quot;159.84 zł&quot;)" />
    </UnitTest>
    <UnitTest name="FormatToStringTest100(6890.028458985514d,&quot;6890.03 zł&quot;)" storage="c:\projekty\nunittestproject\bin\debug\netcoreapp3.1\nunittestproject.dll" id="d07b46f4-88eb-bfa4-6fe4-d6ba0c12fe8f">
      <Execution id="72cb9a55-09b0-4f7f-9e6a-74ee11dc9254" />
      <TestMethod codeBase="C:\Projekty\NUnitTestProject\bin\Debug\netcoreapp3.1\NUnitTestProject.dll" adapterTypeName="executor://nunit3testexecutor/" className="NUnitTestProject.CurrencyHelperTests" name="FormatToStringTest100(6890.028458985514d,&quot;6890.03 zł&quot;)" />
    </UnitTest>
    <UnitTest name="FormatToStringTest100(736.7398243680316d,&quot;736.74 zł&quot;)" storage="c:\projekty\nunittestproject\bin\debug\netcoreapp3.1\nunittestproject.dll" id="c2636c45-ffae-32b8-cabd-dfdc2e3d89d2">
      <Execution id="e12984df-edef-4a7b-9b09-7a886fd5ff39" />
      <TestMethod codeBase="C:\Projekty\NUnitTestProject\bin\Debug\netcoreapp3.1\NUnitTestProject.dll" adapterTypeName="executor://nunit3testexecutor/" className="NUnitTestProject.CurrencyHelperTests" name="FormatToStringTest100(736.7398243680316d,&quot;736.74 zł&quot;)" />
    </UnitTest>
    <UnitTest name="FormatToStringTest100(22604.838218828587d,&quot;22604.84 zł&quot;)" storage="c:\projekty\nunittestproject\bin\debug\netcoreapp3.1\nunittestproject.dll" id="710c032e-d39d-8d3b-a713-86e049d87044">
      <Execution id="127f6903-c61d-4d2a-aed6-bfb3b427a253" />
      <TestMethod codeBase="C:\Projekty\NUnitTestProject\bin\Debug\netcoreapp3.1\NUnitTestProject.dll" adapterTypeName="executor://nunit3testexecutor/" className="NUnitTestProject.CurrencyHelperTests" name="FormatToStringTest100(22604.838218828587d,&quot;22604.84 zł&quot;)" />
    </UnitTest>
    <UnitTest name="FormatToStringTest100(79973.08417819678d,&quot;79973.08 zł&quot;)" storage="c:\projekty\nunittestproject\bin\debug\netcoreapp3.1\nunittestproject.dll" id="55105f60-a252-8b4a-ee9e-f959f50461df">
      <Execution id="22023723-662c-40de-90eb-67a0d41060cc" />
      <TestMethod codeBase="C:\Projekty\NUnitTestProject\bin\Debug\netcoreapp3.1\NUnitTestProject.dll" adapterTypeName="executor://nunit3testexecutor/" className="NUnitTestProject.CurrencyHelperTests" name="FormatToStringTest100(79973.08417819678d,&quot;79973.08 zł&quot;)" />
    </UnitTest>
    <UnitTest name="FormatToStringTest100(12949.590713378317d,&quot;12949.59 zł&quot;)" storage="c:\projekty\nunittestproject\bin\debug\netcoreapp3.1\nunittestproject.dll" id="5ca8472c-ed3c-7743-d772-01a1bacc08cf">
      <Execution id="0570ea3e-96a5-4940-9192-13829da62c49" />
      <TestMethod codeBase="C:\Projekty\NUnitTestProject\bin\Debug\netcoreapp3.1\NUnitTestProject.dll" adapterTypeName="executor://nunit3testexecutor/" className="NUnitTestProject.CurrencyHelperTests" name="FormatToStringTest100(12949.590713378317d,&quot;12949.59 zł&quot;)" />
    </UnitTest>
    <UnitTest name="FormatToStringTest100(22291.653251342315d,&quot;22291.65 zł&quot;)" storage="c:\projekty\nunittestproject\bin\debug\netcoreapp3.1\nunittestproject.dll" id="73e4a8c3-f139-990a-bc9e-43cbdff15e01">
      <Execution id="40485582-2ed3-49f4-8f24-10fa07a9819a" />
      <TestMethod codeBase="C:\Projekty\NUnitTestProject\bin\Debug\netcoreapp3.1\NUnitTestProject.dll" adapterTypeName="executor://nunit3testexecutor/" className="NUnitTestProject.CurrencyHelperTests" name="FormatToStringTest100(22291.653251342315d,&quot;22291.65 zł&quot;)" />
    </UnitTest>
    <UnitTest name="FormatToStringTest100(10784.438152511344d,&quot;10784.44 zł&quot;)" storage="c:\projekty\nunittestproject\bin\debug\netcoreapp3.1\nunittestproject.dll" id="2f08def2-23e6-739d-cc7a-7a09510b67ea">
      <Execution id="abaf87f7-6685-4a25-808c-264cc93634e0" />
      <TestMethod codeBase="C:\Projekty\NUnitTestProject\bin\Debug\netcoreapp3.1\NUnitTestProject.dll" adapterTypeName="executor://nunit3testexecutor/" className="NUnitTestProject.CurrencyHelperTests" name="FormatToStringTest100(10784.438152511344d,&quot;10784.44 zł&quot;)" />
    </UnitTest>
    <UnitTest name="FormatToStringTest100(14237.13226245955d,&quot;14237.13 zł&quot;)" storage="c:\projekty\nunittestproject\bin\debug\netcoreapp3.1\nunittestproject.dll" id="6f964e27-f684-37ef-0fe4-6db993d07017">
      <Execution id="0d2aabdb-21be-4baf-bcf9-cc0b3f097898" />
      <TestMethod codeBase="C:\Projekty\NUnitTestProject\bin\Debug\netcoreapp3.1\NUnitTestProject.dll" adapterTypeName="executor://nunit3testexecutor/" className="NUnitTestProject.CurrencyHelperTests" name="FormatToStringTest100(14237.13226245955d,&quot;14237.13 zł&quot;)" />
    </UnitTest>
    <UnitTest name="FormatToStringTest100(45035.160883881224d,&quot;45035.16 zł&quot;)" storage="c:\projekty\nunittestproject\bin\debug\netcoreapp3.1\nunittestproject.dll" id="905708b7-164a-0db6-1796-f60b9303ead6">
      <Execution id="fc53f23f-7825-4440-ab6b-7ef0ac99efdd" />
      <TestMethod codeBase="C:\Projekty\NUnitTestProject\bin\Debug\netcoreapp3.1\NUnitTestProject.dll" adapterTypeName="executor://nunit3testexecutor/" className="NUnitTestProject.CurrencyHelperTests" name="FormatToStringTest100(45035.160883881224d,&quot;45035.16 zł&quot;)" />
    </UnitTest>
    <UnitTest name="FormatToStringTest100(18990.72499258012d,&quot;18990.72 zł&quot;)" storage="c:\projekty\nunittestproject\bin\debug\netcoreapp3.1\nunittestproject.dll" id="e2700cee-eb5b-94db-dadd-a33ff5cf6ee6">
      <Execution id="6c8b3ed6-4d52-4edc-acf5-38e5d1136d58" />
      <TestMethod codeBase="C:\Projekty\NUnitTestProject\bin\Debug\netcoreapp3.1\NUnitTestProject.dll" adapterTypeName="executor://nunit3testexecutor/" className="NUnitTestProject.CurrencyHelperTests" name="FormatToStringTest100(18990.72499258012d,&quot;18990.72 zł&quot;)" />
    </UnitTest>
    <UnitTest name="FormatToStringTest100(16986.338876065027d,&quot;16986.34 zł&quot;)" storage="c:\projekty\nunittestproject\bin\debug\netcoreapp3.1\nunittestproject.dll" id="df63a8e8-b664-17f1-364e-31895b9a1463">
      <Execution id="9a5e75cb-e092-4116-a219-4ff4d1959b70" />
      <TestMethod codeBase="C:\Projekty\NUnitTestProject\bin\Debug\netcoreapp3.1\NUnitTestProject.dll" adapterTypeName="executor://nunit3testexecutor/" className="NUnitTestProject.CurrencyHelperTests" name="FormatToStringTest100(16986.338876065027d,&quot;16986.34 zł&quot;)" />
    </UnitTest>
    <UnitTest name="FormatToStringTest100(22666.13578912995d,&quot;22666.14 zł&quot;)" storage="c:\projekty\nunittestproject\bin\debug\netcoreapp3.1\nunittestproject.dll" id="b69457d8-d004-7265-0ffe-f1f1b36f446a">
      <Execution id="ea88a7ad-1f2b-4f92-ad9c-8c0ab88af4e7" />
      <TestMethod codeBase="C:\Projekty\NUnitTestProject\bin\Debug\netcoreapp3.1\NUnitTestProject.dll" adapterTypeName="executor://nunit3testexecutor/" className="NUnitTestProject.CurrencyHelperTests" name="FormatToStringTest100(22666.13578912995d,&quot;22666.14 zł&quot;)" />
    </UnitTest>
    <UnitTest name="FormatToStringTest100(6958.393354767186d,&quot;6958.39 zł&quot;)" storage="c:\projekty\nunittestproject\bin\debug\netcoreapp3.1\nunittestproject.dll" id="17a04856-0f1c-ab7a-1a01-1d07ebf4dd98">
      <Execution id="2230905c-464d-4cc9-a5a6-0dcc1fc85a86" />
      <TestMethod codeBase="C:\Projekty\NUnitTestProject\bin\Debug\netcoreapp3.1\NUnitTestProject.dll" adapterTypeName="executor://nunit3testexecutor/" className="NUnitTestProject.CurrencyHelperTests" name="FormatToStringTest100(6958.393354767186d,&quot;6958.39 zł&quot;)" />
    </UnitTest>
    <UnitTest name="FormatToStringTest100(7124.979180760672d,&quot;7124.98 zł&quot;)" storage="c:\projekty\nunittestproject\bin\debug\netcoreapp3.1\nunittestproject.dll" id="6e6925d1-75e5-a13f-cd68-43233a607f3d">
      <Execution id="421d0f86-655e-4fcb-9513-12b215b0710d" />
      <TestMethod codeBase="C:\Projekty\NUnitTestProject\bin\Debug\netcoreapp3.1\NUnitTestProject.dll" adapterTypeName="executor://nunit3testexecutor/" className="NUnitTestProject.CurrencyHelperTests" name="FormatToStringTest100(7124.979180760672d,&quot;7124.98 zł&quot;)" />
    </UnitTest>
    <UnitTest name="FormatToStringTest100(78822.37212685234d,&quot;78822.37 zł&quot;)" storage="c:\projekty\nunittestproject\bin\debug\netcoreapp3.1\nunittestproject.dll" id="b1eb6943-1b02-4d9c-02f3-a7fb091a5c55">
      <Execution id="9886b76b-d8a8-42ac-8a35-39d6a7cf67ac" />
      <TestMethod codeBase="C:\Projekty\NUnitTestProject\bin\Debug\netcoreapp3.1\NUnitTestProject.dll" adapterTypeName="executor://nunit3testexecutor/" className="NUnitTestProject.CurrencyHelperTests" name="FormatToStringTest100(78822.37212685234d,&quot;78822.37 zł&quot;)" />
    </UnitTest>
    <UnitTest name="FormatToStringTest100(96.75594581512546d,&quot;96.76 zł&quot;)" storage="c:\projekty\nunittestproject\bin\debug\netcoreapp3.1\nunittestproject.dll" id="97add3a7-18d1-8ae3-a700-3b9a6e54f2a9">
      <Execution id="39e05fdc-b375-4a4a-92b7-687015035793" />
      <TestMethod codeBase="C:\Projekty\NUnitTestProject\bin\Debug\netcoreapp3.1\NUnitTestProject.dll" adapterTypeName="executor://nunit3testexecutor/" className="NUnitTestProject.CurrencyHelperTests" name="FormatToStringTest100(96.75594581512546d,&quot;96.76 zł&quot;)" />
    </UnitTest>
    <UnitTest name="FormatToStringTest100(32216.686763396807d,&quot;32216.69 zł&quot;)" storage="c:\projekty\nunittestproject\bin\debug\netcoreapp3.1\nunittestproject.dll" id="f1f7b0d5-822c-33e5-b9ff-f30531705ff1">
      <Execution id="75ce5d85-1744-4eb8-a8c2-4a576eeb410a" />
      <TestMethod codeBase="C:\Projekty\NUnitTestProject\bin\Debug\netcoreapp3.1\NUnitTestProject.dll" adapterTypeName="executor://nunit3testexecutor/" className="NUnitTestProject.CurrencyHelperTests" name="FormatToStringTest100(32216.686763396807d,&quot;32216.69 zł&quot;)" />
    </UnitTest>
    <UnitTest name="FormatToStringTest100(1614.2516601789982d,&quot;1614.25 zł&quot;)" storage="c:\projekty\nunittestproject\bin\debug\netcoreapp3.1\nunittestproject.dll" id="02c02901-0347-558c-6501-8babfd6a6a4a">
      <Execution id="a93e9578-974a-4c89-b679-4271c7dbdb2b" />
      <TestMethod codeBase="C:\Projekty\NUnitTestProject\bin\Debug\netcoreapp3.1\NUnitTestProject.dll" adapterTypeName="executor://nunit3testexecutor/" className="NUnitTestProject.CurrencyHelperTests" name="FormatToStringTest100(1614.2516601789982d,&quot;1614.25 zł&quot;)" />
    </UnitTest>
    <UnitTest name="FormatToStringTest100(75350.77330865282d,&quot;75350.77 zł&quot;)" storage="c:\projekty\nunittestproject\bin\debug\netcoreapp3.1\nunittestproject.dll" id="8e900221-d77a-d627-361c-9ca1a5beba60">
      <Execution id="8ae896ed-22b8-4391-813b-ab6bb5da0d1b" />
      <TestMethod codeBase="C:\Projekty\NUnitTestProject\bin\Debug\netcoreapp3.1\NUnitTestProject.dll" adapterTypeName="executor://nunit3testexecutor/" className="NUnitTestProject.CurrencyHelperTests" name="FormatToStringTest100(75350.77330865282d,&quot;75350.77 zł&quot;)" />
    </UnitTest>
    <UnitTest name="FormatToStringTest100(726.8087564975995d,&quot;726.81 zł&quot;)" storage="c:\projekty\nunittestproject\bin\debug\netcoreapp3.1\nunittestproject.dll" id="9ea4a98e-a00d-a47e-d475-c2b7e3bc350d">
      <Execution id="c0acdb4c-fcce-41fe-9794-54ccccbc50fa" />
      <TestMethod codeBase="C:\Projekty\NUnitTestProject\bin\Debug\netcoreapp3.1\NUnitTestProject.dll" adapterTypeName="executor://nunit3testexecutor/" className="NUnitTestProject.CurrencyHelperTests" name="FormatToStringTest100(726.8087564975995d,&quot;726.81 zł&quot;)" />
    </UnitTest>
    <UnitTest name="FormatToStringTest100(62975.496334776515d,&quot;62975.50 zł&quot;)" storage="c:\projekty\nunittestproject\bin\debug\netcoreapp3.1\nunittestproject.dll" id="e25a10b5-5264-4837-7f5e-e77f0fe36b19">
      <Execution id="fc926ee7-0650-499c-8aab-2576a844508b" />
      <TestMethod codeBase="C:\Projekty\NUnitTestProject\bin\Debug\netcoreapp3.1\NUnitTestProject.dll" adapterTypeName="executor://nunit3testexecutor/" className="NUnitTestProject.CurrencyHelperTests" name="FormatToStringTest100(62975.496334776515d,&quot;62975.50 zł&quot;)" />
    </UnitTest>
    <UnitTest name="FormatToStringTest100(10268.547802396373d,&quot;10268.55 zł&quot;)" storage="c:\projekty\nunittestproject\bin\debug\netcoreapp3.1\nunittestproject.dll" id="8a579aef-fa33-44e5-d72c-f84816f89dda">
      <Execution id="2fc8d5c3-6cf7-4975-b102-aa2118b3f37d" />
      <TestMethod codeBase="C:\Projekty\NUnitTestProject\bin\Debug\netcoreapp3.1\NUnitTestProject.dll" adapterTypeName="executor://nunit3testexecutor/" className="NUnitTestProject.CurrencyHelperTests" name="FormatToStringTest100(10268.547802396373d,&quot;10268.55 zł&quot;)" />
    </UnitTest>
    <UnitTest name="FormatToStringTest100(19541.10539777116d,&quot;19541.11 zł&quot;)" storage="c:\projekty\nunittestproject\bin\debug\netcoreapp3.1\nunittestproject.dll" id="60c34650-73c3-1462-40f1-f8603816957f">
      <Execution id="77848b8a-2746-48a3-9565-627a832919c2" />
      <TestMethod codeBase="C:\Projekty\NUnitTestProject\bin\Debug\netcoreapp3.1\NUnitTestProject.dll" adapterTypeName="executor://nunit3testexecutor/" className="NUnitTestProject.CurrencyHelperTests" name="FormatToStringTest100(19541.10539777116d,&quot;19541.11 zł&quot;)" />
    </UnitTest>
    <UnitTest name="FormatToStringTest100(15566.957545477411d,&quot;15566.96 zł&quot;)" storage="c:\projekty\nunittestproject\bin\debug\netcoreapp3.1\nunittestproject.dll" id="a4552a20-90c6-da36-cd4c-fbcb6268dcde">
      <Execution id="630ee4e1-8ba4-47f1-af0a-a9a8af5e7d8e" />
      <TestMethod codeBase="C:\Projekty\NUnitTestProject\bin\Debug\netcoreapp3.1\NUnitTestProject.dll" adapterTypeName="executor://nunit3testexecutor/" className="NUnitTestProject.CurrencyHelperTests" name="FormatToStringTest100(15566.957545477411d,&quot;15566.96 zł&quot;)" />
    </UnitTest>
    <UnitTest name="FormatToStringTest100(28072.424637532058d,&quot;28072.42 zł&quot;)" storage="c:\projekty\nunittestproject\bin\debug\netcoreapp3.1\nunittestproject.dll" id="86b8941d-d36c-06dd-c905-fa6d7a4013e5">
      <Execution id="3b211abb-dc2c-4fcd-ae02-229e051a3884" />
      <TestMethod codeBase="C:\Projekty\NUnitTestProject\bin\Debug\netcoreapp3.1\NUnitTestProject.dll" adapterTypeName="executor://nunit3testexecutor/" className="NUnitTestProject.CurrencyHelperTests" name="FormatToStringTest100(28072.424637532058d,&quot;28072.42 zł&quot;)" />
    </UnitTest>
    <UnitTest name="FormatToStringTest100(5396.620088554277d,&quot;5396.62 zł&quot;)" storage="c:\projekty\nunittestproject\bin\debug\netcoreapp3.1\nunittestproject.dll" id="4e8ed588-d392-7511-ecc9-96da1857794d">
      <Execution id="9a042430-185c-46b7-8f6e-d7ea01d9adcb" />
      <TestMethod codeBase="C:\Projekty\NUnitTestProject\bin\Debug\netcoreapp3.1\NUnitTestProject.dll" adapterTypeName="executor://nunit3testexecutor/" className="NUnitTestProject.CurrencyHelperTests" name="FormatToStringTest100(5396.620088554277d,&quot;5396.62 zł&quot;)" />
    </UnitTest>
    <UnitTest name="FormatToStringTest100(45603.90324273142d,&quot;45603.90 zł&quot;)" storage="c:\projekty\nunittestproject\bin\debug\netcoreapp3.1\nunittestproject.dll" id="82558537-50ec-fc9d-a7b1-76091e0d2ecf">
      <Execution id="70633506-1d3d-4188-bbba-e06abbd3d23a" />
      <TestMethod codeBase="C:\Projekty\NUnitTestProject\bin\Debug\netcoreapp3.1\NUnitTestProject.dll" adapterTypeName="executor://nunit3testexecutor/" className="NUnitTestProject.CurrencyHelperTests" name="FormatToStringTest100(45603.90324273142d,&quot;45603.90 zł&quot;)" />
    </UnitTest>
    <UnitTest name="FormatToStringTest100(25990.318498101697d,&quot;25990.32 zł&quot;)" storage="c:\projekty\nunittestproject\bin\debug\netcoreapp3.1\nunittestproject.dll" id="dd1f1120-f5a5-11a0-4ecf-8df96d7fc7fd">
      <Execution id="4ce4ddd7-c4d3-4c37-a28a-56aaaac7858c" />
      <TestMethod codeBase="C:\Projekty\NUnitTestProject\bin\Debug\netcoreapp3.1\NUnitTestProject.dll" adapterTypeName="executor://nunit3testexecutor/" className="NUnitTestProject.CurrencyHelperTests" name="FormatToStringTest100(25990.318498101697d,&quot;25990.32 zł&quot;)" />
    </UnitTest>
    <UnitTest name="FormatToStringTest100(2292.8331871111104d,&quot;2292.83 zł&quot;)" storage="c:\projekty\nunittestproject\bin\debug\netcoreapp3.1\nunittestproject.dll" id="993b2e32-0de1-26c2-5e33-6a1ad01eeb5e">
      <Execution id="d0a09185-c0a4-4ba7-9b6f-58782c814728" />
      <TestMethod codeBase="C:\Projekty\NUnitTestProject\bin\Debug\netcoreapp3.1\NUnitTestProject.dll" adapterTypeName="executor://nunit3testexecutor/" className="NUnitTestProject.CurrencyHelperTests" name="FormatToStringTest100(2292.8331871111104d,&quot;2292.83 zł&quot;)" />
    </UnitTest>
    <UnitTest name="FormatToStringTest100(41876.979471482795d,&quot;41876.98 zł&quot;)" storage="c:\projekty\nunittestproject\bin\debug\netcoreapp3.1\nunittestproject.dll" id="efa0c9dd-5dae-4bc5-1d88-8059c0fedffd">
      <Execution id="0bc1506a-46a4-4852-8906-799eb1c18bde" />
      <TestMethod codeBase="C:\Projekty\NUnitTestProject\bin\Debug\netcoreapp3.1\NUnitTestProject.dll" adapterTypeName="executor://nunit3testexecutor/" className="NUnitTestProject.CurrencyHelperTests" name="FormatToStringTest100(41876.979471482795d,&quot;41876.98 zł&quot;)" />
    </UnitTest>
    <UnitTest name="FormatToStringTest100(26515.80237687929d,&quot;26515.80 zł&quot;)" storage="c:\projekty\nunittestproject\bin\debug\netcoreapp3.1\nunittestproject.dll" id="d7c99ac8-861f-2067-8f65-8717ab2b5eb2">
      <Execution id="1df42765-26c4-473f-9e88-639e7eb7d03a" />
      <TestMethod codeBase="C:\Projekty\NUnitTestProject\bin\Debug\netcoreapp3.1\NUnitTestProject.dll" adapterTypeName="executor://nunit3testexecutor/" className="NUnitTestProject.CurrencyHelperTests" name="FormatToStringTest100(26515.80237687929d,&quot;26515.80 zł&quot;)" />
    </UnitTest>
    <UnitTest name="FormatToStringTest100(64210.358316209335d,&quot;64210.36 zł&quot;)" storage="c:\projekty\nunittestproject\bin\debug\netcoreapp3.1\nunittestproject.dll" id="2877141a-aa4d-178b-dc9f-3b49cd88281f">
      <Execution id="b5280dbe-ed3e-43af-9048-4add3153bb61" />
      <TestMethod codeBase="C:\Projekty\NUnitTestProject\bin\Debug\netcoreapp3.1\NUnitTestProject.dll" adapterTypeName="executor://nunit3testexecutor/" className="NUnitTestProject.CurrencyHelperTests" name="FormatToStringTest100(64210.358316209335d,&quot;64210.36 zł&quot;)" />
    </UnitTest>
    <UnitTest name="FormatToStringTest100(31290.71396233687d,&quot;31290.71 zł&quot;)" storage="c:\projekty\nunittestproject\bin\debug\netcoreapp3.1\nunittestproject.dll" id="7423707e-221b-8128-5158-18f9b4198629">
      <Execution id="64241a14-24fc-4000-8125-5ef9c290127c" />
      <TestMethod codeBase="C:\Projekty\NUnitTestProject\bin\Debug\netcoreapp3.1\NUnitTestProject.dll" adapterTypeName="executor://nunit3testexecutor/" className="NUnitTestProject.CurrencyHelperTests" name="FormatToStringTest100(31290.71396233687d,&quot;31290.71 zł&quot;)" />
    </UnitTest>
    <UnitTest name="FormatToStringTest100(40857.08543233996d,&quot;40857.09 zł&quot;)" storage="c:\projekty\nunittestproject\bin\debug\netcoreapp3.1\nunittestproject.dll" id="71b6d7a3-741f-e1f8-1593-52351d6b5171">
      <Execution id="9608c9f8-e049-48e7-97c6-a81534891bd2" />
      <TestMethod codeBase="C:\Projekty\NUnitTestProject\bin\Debug\netcoreapp3.1\NUnitTestProject.dll" adapterTypeName="executor://nunit3testexecutor/" className="NUnitTestProject.CurrencyHelperTests" name="FormatToStringTest100(40857.08543233996d,&quot;40857.09 zł&quot;)" />
    </UnitTest>
    <UnitTest name="FormatToStringTest100(1108.7197928823157d,&quot;1108.72 zł&quot;)" storage="c:\projekty\nunittestproject\bin\debug\netcoreapp3.1\nunittestproject.dll" id="bab29e16-7181-0c35-50c9-4bfc6868cc06">
      <Execution id="dbc78559-a049-4bd5-bd79-da90638ebce2" />
      <TestMethod codeBase="C:\Projekty\NUnitTestProject\bin\Debug\netcoreapp3.1\NUnitTestProject.dll" adapterTypeName="executor://nunit3testexecutor/" className="NUnitTestProject.CurrencyHelperTests" name="FormatToStringTest100(1108.7197928823157d,&quot;1108.72 zł&quot;)" />
    </UnitTest>
    <UnitTest name="FormatToStringTest100(74514.06270644537d,&quot;74514.06 zł&quot;)" storage="c:\projekty\nunittestproject\bin\debug\netcoreapp3.1\nunittestproject.dll" id="6b89659b-5dc5-b05c-ce48-871e20f8abd3">
      <Execution id="d12bcbae-fada-47cb-ae08-e6b1c6500303" />
      <TestMethod codeBase="C:\Projekty\NUnitTestProject\bin\Debug\netcoreapp3.1\NUnitTestProject.dll" adapterTypeName="executor://nunit3testexecutor/" className="NUnitTestProject.CurrencyHelperTests" name="FormatToStringTest100(74514.06270644537d,&quot;74514.06 zł&quot;)" />
    </UnitTest>
    <UnitTest name="FormatToStringTest100(10914.360814625099d,&quot;10914.36 zł&quot;)" storage="c:\projekty\nunittestproject\bin\debug\netcoreapp3.1\nunittestproject.dll" id="cb578742-c7f5-996b-5acf-564c542733c1">
      <Execution id="5a7b66dc-7676-4e14-858c-b7fe63279285" />
      <TestMethod codeBase="C:\Projekty\NUnitTestProject\bin\Debug\netcoreapp3.1\NUnitTestProject.dll" adapterTypeName="executor://nunit3testexecutor/" className="NUnitTestProject.CurrencyHelperTests" name="FormatToStringTest100(10914.360814625099d,&quot;10914.36 zł&quot;)" />
    </UnitTest>
    <UnitTest name="FormatToStringTest100(50339.31259969497d,&quot;50339.31 zł&quot;)" storage="c:\projekty\nunittestproject\bin\debug\netcoreapp3.1\nunittestproject.dll" id="f95d03e5-c6a6-a1ee-d69f-d2e7ee2d48f8">
      <Execution id="4b70fbb1-787c-4c3c-8da5-d6d5a1da82e1" />
      <TestMethod codeBase="C:\Projekty\NUnitTestProject\bin\Debug\netcoreapp3.1\NUnitTestProject.dll" adapterTypeName="executor://nunit3testexecutor/" className="NUnitTestProject.CurrencyHelperTests" name="FormatToStringTest100(50339.31259969497d,&quot;50339.31 zł&quot;)" />
    </UnitTest>
    <UnitTest name="FormatToStringTest100(14172.682747822573d,&quot;14172.68 zł&quot;)" storage="c:\projekty\nunittestproject\bin\debug\netcoreapp3.1\nunittestproject.dll" id="94b82bc3-613a-e2b4-455b-4b4df4f2d194">
      <Execution id="c0927a5f-6ef8-4596-871e-87f7cc0cc601" />
      <TestMethod codeBase="C:\Projekty\NUnitTestProject\bin\Debug\netcoreapp3.1\NUnitTestProject.dll" adapterTypeName="executor://nunit3testexecutor/" className="NUnitTestProject.CurrencyHelperTests" name="FormatToStringTest100(14172.682747822573d,&quot;14172.68 zł&quot;)" />
    </UnitTest>
    <UnitTest name="FormatToStringTest100(7458.609645228652d,&quot;7458.61 zł&quot;)" storage="c:\projekty\nunittestproject\bin\debug\netcoreapp3.1\nunittestproject.dll" id="b17f72a8-f991-8baf-d564-f4680aafed09">
      <Execution id="6ce69373-0ea0-42c7-a0b5-dc8621897eb8" />
      <TestMethod codeBase="C:\Projekty\NUnitTestProject\bin\Debug\netcoreapp3.1\NUnitTestProject.dll" adapterTypeName="executor://nunit3testexecutor/" className="NUnitTestProject.CurrencyHelperTests" name="FormatToStringTest100(7458.609645228652d,&quot;7458.61 zł&quot;)" />
    </UnitTest>
    <UnitTest name="FormatToStringTest100(8768.816937361293d,&quot;8768.82 zł&quot;)" storage="c:\projekty\nunittestproject\bin\debug\netcoreapp3.1\nunittestproject.dll" id="167bd640-ca8a-be35-54d9-c9d535f6b8a9">
      <Execution id="2fd37de3-f53e-41f3-ba4a-06d626d08c3b" />
      <TestMethod codeBase="C:\Projekty\NUnitTestProject\bin\Debug\netcoreapp3.1\NUnitTestProject.dll" adapterTypeName="executor://nunit3testexecutor/" className="NUnitTestProject.CurrencyHelperTests" name="FormatToStringTest100(8768.816937361293d,&quot;8768.82 zł&quot;)" />
    </UnitTest>
    <UnitTest name="FormatToStringTest100(1208.1827589441941d,&quot;1208.18 zł&quot;)" storage="c:\projekty\nunittestproject\bin\debug\netcoreapp3.1\nunittestproject.dll" id="b874febd-2abb-b5bf-4874-36453bfcf028">
      <Execution id="4cb56011-f881-485c-ba0f-fe141ebd3e09" />
      <TestMethod codeBase="C:\Projekty\NUnitTestProject\bin\Debug\netcoreapp3.1\NUnitTestProject.dll" adapterTypeName="executor://nunit3testexecutor/" className="NUnitTestProject.CurrencyHelperTests" name="FormatToStringTest100(1208.1827589441941d,&quot;1208.18 zł&quot;)" />
    </UnitTest>
    <UnitTest name="FormatToStringTest100(52810.91713865516d,&quot;52810.92 zł&quot;)" storage="c:\projekty\nunittestproject\bin\debug\netcoreapp3.1\nunittestproject.dll" id="50b2ab98-8300-86f7-cec9-4d0f5d9f3400">
      <Execution id="3c426f2f-f0a0-4604-84f6-22141a539dc4" />
      <TestMethod codeBase="C:\Projekty\NUnitTestProject\bin\Debug\netcoreapp3.1\NUnitTestProject.dll" adapterTypeName="executor://nunit3testexecutor/" className="NUnitTestProject.CurrencyHelperTests" name="FormatToStringTest100(52810.91713865516d,&quot;52810.92 zł&quot;)" />
    </UnitTest>
    <UnitTest name="FormatToStringTest100(591.2110872302256d,&quot;591.21 zł&quot;)" storage="c:\projekty\nunittestproject\bin\debug\netcoreapp3.1\nunittestproject.dll" id="25a5f880-4d24-d3c7-abcb-2dee8483e02e">
      <Execution id="bff2ec29-7da9-46ad-b338-1bde8cdd8eb7" />
      <TestMethod codeBase="C:\Projekty\NUnitTestProject\bin\Debug\netcoreapp3.1\NUnitTestProject.dll" adapterTypeName="executor://nunit3testexecutor/" className="NUnitTestProject.CurrencyHelperTests" name="FormatToStringTest100(591.2110872302256d,&quot;591.21 zł&quot;)" />
    </UnitTest>
    <UnitTest name="FormatToStringTest100(740.3213011405064d,&quot;740.32 zł&quot;)" storage="c:\projekty\nunittestproject\bin\debug\netcoreapp3.1\nunittestproject.dll" id="ca1d016a-03df-8541-a82d-e65f358d218a">
      <Execution id="ef980d36-7aaf-465e-82c3-b87a8f5f0672" />
      <TestMethod codeBase="C:\Projekty\NUnitTestProject\bin\Debug\netcoreapp3.1\NUnitTestProject.dll" adapterTypeName="executor://nunit3testexecutor/" className="NUnitTestProject.CurrencyHelperTests" name="FormatToStringTest100(740.3213011405064d,&quot;740.32 zł&quot;)" />
    </UnitTest>
    <UnitTest name="FormatToStringTest100(37589.670531794276d,&quot;37589.67 zł&quot;)" storage="c:\projekty\nunittestproject\bin\debug\netcoreapp3.1\nunittestproject.dll" id="0441a484-8788-b6be-6f48-c9fcdc14bb9b">
      <Execution id="bbd8c0d0-ea5c-4fe6-8461-1ab20662c4e4" />
      <TestMethod codeBase="C:\Projekty\NUnitTestProject\bin\Debug\netcoreapp3.1\NUnitTestProject.dll" adapterTypeName="executor://nunit3testexecutor/" className="NUnitTestProject.CurrencyHelperTests" name="FormatToStringTest100(37589.670531794276d,&quot;37589.67 zł&quot;)" />
    </UnitTest>
    <UnitTest name="FormatToStringTest100(468.83385119346616d,&quot;468.83 zł&quot;)" storage="c:\projekty\nunittestproject\bin\debug\netcoreapp3.1\nunittestproject.dll" id="654a56d0-2fdd-75b4-3dfc-159238275382">
      <Execution id="5f0fcdc1-e34b-432f-a6f0-b37483d60639" />
      <TestMethod codeBase="C:\Projekty\NUnitTestProject\bin\Debug\netcoreapp3.1\NUnitTestProject.dll" adapterTypeName="executor://nunit3testexecutor/" className="NUnitTestProject.CurrencyHelperTests" name="FormatToStringTest100(468.83385119346616d,&quot;468.83 zł&quot;)" />
    </UnitTest>
    <UnitTest name="FormatToStringTest100(11100.829211263372d,&quot;11100.83 zł&quot;)" storage="c:\projekty\nunittestproject\bin\debug\netcoreapp3.1\nunittestproject.dll" id="bc60038d-a8ea-2e7f-26de-80f8d367bef6">
      <Execution id="e925da0e-334a-4021-8922-bc1167b0eeae" />
      <TestMethod codeBase="C:\Projekty\NUnitTestProject\bin\Debug\netcoreapp3.1\NUnitTestProject.dll" adapterTypeName="executor://nunit3testexecutor/" className="NUnitTestProject.CurrencyHelperTests" name="FormatToStringTest100(11100.829211263372d,&quot;11100.83 zł&quot;)" />
    </UnitTest>
    <UnitTest name="FormatToStringTest100(286.92120604539343d,&quot;286.92 zł&quot;)" storage="c:\projekty\nunittestproject\bin\debug\netcoreapp3.1\nunittestproject.dll" id="854d51c5-41df-4ddb-a8da-54b20e306485">
      <Execution id="f92afa47-44b1-4de3-99c3-e9b9f160de32" />
      <TestMethod codeBase="C:\Projekty\NUnitTestProject\bin\Debug\netcoreapp3.1\NUnitTestProject.dll" adapterTypeName="executor://nunit3testexecutor/" className="NUnitTestProject.CurrencyHelperTests" name="FormatToStringTest100(286.92120604539343d,&quot;286.92 zł&quot;)" />
    </UnitTest>
    <UnitTest name="FormatToStringTest100(317.9090540706688d,&quot;317.91 zł&quot;)" storage="c:\projekty\nunittestproject\bin\debug\netcoreapp3.1\nunittestproject.dll" id="056a4908-08a5-5e22-9551-e77f68ab63c4">
      <Execution id="1a3ddcd2-ab7c-4b9b-94a2-7226746e775c" />
      <TestMethod codeBase="C:\Projekty\NUnitTestProject\bin\Debug\netcoreapp3.1\NUnitTestProject.dll" adapterTypeName="executor://nunit3testexecutor/" className="NUnitTestProject.CurrencyHelperTests" name="FormatToStringTest100(317.9090540706688d,&quot;317.91 zł&quot;)" />
    </UnitTest>
    <UnitTest name="FormatToStringTest100(1741.3334432818617d,&quot;1741.33 zł&quot;)" storage="c:\projekty\nunittestproject\bin\debug\netcoreapp3.1\nunittestproject.dll" id="a9227eb6-41f1-9ad5-6a50-0ab740c4f5fb">
      <Execution id="776331f8-7960-4543-b57e-df977fdb00cc" />
      <TestMethod codeBase="C:\Projekty\NUnitTestProject\bin\Debug\netcoreapp3.1\NUnitTestProject.dll" adapterTypeName="executor://nunit3testexecutor/" className="NUnitTestProject.CurrencyHelperTests" name="FormatToStringTest100(1741.3334432818617d,&quot;1741.33 zł&quot;)" />
    </UnitTest>
    <UnitTest name="FormatToStringTest100(32218.080508120394d,&quot;32218.08 zł&quot;)" storage="c:\projekty\nunittestproject\bin\debug\netcoreapp3.1\nunittestproject.dll" id="919092dd-bc49-4953-66e1-76b0c6a86bdb">
      <Execution id="e5ab5a26-5e35-4429-bd6b-0f3e556fe497" />
      <TestMethod codeBase="C:\Projekty\NUnitTestProject\bin\Debug\netcoreapp3.1\NUnitTestProject.dll" adapterTypeName="executor://nunit3testexecutor/" className="NUnitTestProject.CurrencyHelperTests" name="FormatToStringTest100(32218.080508120394d,&quot;32218.08 zł&quot;)" />
    </UnitTest>
    <UnitTest name="FormatToStringTest100(11912.404131636213d,&quot;11912.40 zł&quot;)" storage="c:\projekty\nunittestproject\bin\debug\netcoreapp3.1\nunittestproject.dll" id="7a40da4c-a8ed-5ba2-92a2-9e17ac14a245">
      <Execution id="0b27ec1a-1d6f-48fb-b9a7-297de8f42158" />
      <TestMethod codeBase="C:\Projekty\NUnitTestProject\bin\Debug\netcoreapp3.1\NUnitTestProject.dll" adapterTypeName="executor://nunit3testexecutor/" className="NUnitTestProject.CurrencyHelperTests" name="FormatToStringTest100(11912.404131636213d,&quot;11912.40 zł&quot;)" />
    </UnitTest>
    <UnitTest name="FormatToStringTest100(16383.352881839199d,&quot;16383.35 zł&quot;)" storage="c:\projekty\nunittestproject\bin\debug\netcoreapp3.1\nunittestproject.dll" id="2f67a78a-f7c8-6103-2444-bea417ee54f9">
      <Execution id="a9729f18-4ccd-45ae-9b52-bf7ac3e3e080" />
      <TestMethod codeBase="C:\Projekty\NUnitTestProject\bin\Debug\netcoreapp3.1\NUnitTestProject.dll" adapterTypeName="executor://nunit3testexecutor/" className="NUnitTestProject.CurrencyHelperTests" name="FormatToStringTest100(16383.352881839199d,&quot;16383.35 zł&quot;)" />
    </UnitTest>
    <UnitTest name="FormatToStringTest100(6864.093052674129d,&quot;6864.09 zł&quot;)" storage="c:\projekty\nunittestproject\bin\debug\netcoreapp3.1\nunittestproject.dll" id="6dee8ad4-8dd7-b599-f13a-d5781734769f">
      <Execution id="4d0f9275-3b82-45e8-bf38-9a5078eb383b" />
      <TestMethod codeBase="C:\Projekty\NUnitTestProject\bin\Debug\netcoreapp3.1\NUnitTestProject.dll" adapterTypeName="executor://nunit3testexecutor/" className="NUnitTestProject.CurrencyHelperTests" name="FormatToStringTest100(6864.093052674129d,&quot;6864.09 zł&quot;)" />
    </UnitTest>
  </TestDefinitions>
  <TestEntries>
    <TestEntry testId="7df4ba29-38dd-828e-22e5-9f7e850eb994" executionId="8a053132-4123-42cf-8052-2474173fecb3" testListId="8c84fa94-04c1-424b-9868-57a2d4851a1d" />
    <TestEntry testId="55105f60-a252-8b4a-ee9e-f959f50461df" executionId="22023723-662c-40de-90eb-67a0d41060cc" testListId="8c84fa94-04c1-424b-9868-57a2d4851a1d" />
    <TestEntry testId="af58900a-c4df-19c1-aa0f-7bad2b6a33dc" executionId="d6189553-a6dd-46b7-9dcc-29917d929d96" testListId="8c84fa94-04c1-424b-9868-57a2d4851a1d" />
    <TestEntry testId="ca1d016a-03df-8541-a82d-e65f358d218a" executionId="ef980d36-7aaf-465e-82c3-b87a8f5f0672" testListId="8c84fa94-04c1-424b-9868-57a2d4851a1d" />
    <TestEntry testId="919092dd-bc49-4953-66e1-76b0c6a86bdb" executionId="e5ab5a26-5e35-4429-bd6b-0f3e556fe497" testListId="8c84fa94-04c1-424b-9868-57a2d4851a1d" />
    <TestEntry testId="7f364af7-1a4c-2e9e-a4ab-c96e4d59ad29" executionId="be738872-f397-4da3-ae6c-30d5ec2ca2a1" testListId="8c84fa94-04c1-424b-9868-57a2d4851a1d" />
    <TestEntry testId="6ae5af13-f172-7ae6-9d14-b0b6b031899f" executionId="86cde4a2-581d-4be5-905f-28260536e158" testListId="8c84fa94-04c1-424b-9868-57a2d4851a1d" />
    <TestEntry testId="8e900221-d77a-d627-361c-9ca1a5beba60" executionId="8ae896ed-22b8-4391-813b-ab6bb5da0d1b" testListId="8c84fa94-04c1-424b-9868-57a2d4851a1d" />
    <TestEntry testId="2f08def2-23e6-739d-cc7a-7a09510b67ea" executionId="abaf87f7-6685-4a25-808c-264cc93634e0" testListId="8c84fa94-04c1-424b-9868-57a2d4851a1d" />
    <TestEntry testId="7a40da4c-a8ed-5ba2-92a2-9e17ac14a245" executionId="0b27ec1a-1d6f-48fb-b9a7-297de8f42158" testListId="8c84fa94-04c1-424b-9868-57a2d4851a1d" />
    <TestEntry testId="6c73a1d1-2654-d03d-8bff-b9bca4e437ad" executionId="cd9690ec-515b-4b45-911c-bc9e963fb803" testListId="8c84fa94-04c1-424b-9868-57a2d4851a1d" />
    <TestEntry testId="60c34650-73c3-1462-40f1-f8603816957f" executionId="77848b8a-2746-48a3-9565-627a832919c2" testListId="8c84fa94-04c1-424b-9868-57a2d4851a1d" />
    <TestEntry testId="02a2d8b6-604b-7623-31f1-22fa9c5dd6fb" executionId="fb4c870e-a9ab-47a4-84f5-65310f67b4a3" testListId="8c84fa94-04c1-424b-9868-57a2d4851a1d" />
    <TestEntry testId="2877141a-aa4d-178b-dc9f-3b49cd88281f" executionId="b5280dbe-ed3e-43af-9048-4add3153bb61" testListId="8c84fa94-04c1-424b-9868-57a2d4851a1d" />
    <TestEntry testId="642d2869-679c-7098-495e-642b3c4d783b" executionId="c6efa306-3787-4fdc-ab2f-38307e712840" testListId="8c84fa94-04c1-424b-9868-57a2d4851a1d" />
    <TestEntry testId="d7c99ac8-861f-2067-8f65-8717ab2b5eb2" executionId="1df42765-26c4-473f-9e88-639e7eb7d03a" testListId="8c84fa94-04c1-424b-9868-57a2d4851a1d" />
    <TestEntry testId="a3a62b11-2538-ecb1-962d-5432f1e041eb" executionId="fd589765-e0da-4086-abbc-8a3cfff7a777" testListId="8c84fa94-04c1-424b-9868-57a2d4851a1d" />
    <TestEntry testId="4f9e6f5b-43a2-746f-e9ea-c62ab0b035f9" executionId="5ae01326-76ae-4724-8495-551cdc0a25ed" testListId="8c84fa94-04c1-424b-9868-57a2d4851a1d" />
    <TestEntry testId="da5ec1b9-c89d-ab82-b4aa-e3b444b3e081" executionId="6d60cae9-1af4-411b-a9c6-dc6c6d6ab5da" testListId="8c84fa94-04c1-424b-9868-57a2d4851a1d" />
    <TestEntry testId="4a85d0e2-7867-4a37-3a69-cfba3fa4e599" executionId="75d941c7-9775-4c17-90ef-bc282af88f71" testListId="8c84fa94-04c1-424b-9868-57a2d4851a1d" />
    <TestEntry testId="40d78239-8f39-5058-3911-ca4c3976e207" executionId="2466cddb-906e-4cf9-acf2-df9868e4e2e3" testListId="8c84fa94-04c1-424b-9868-57a2d4851a1d" />
    <TestEntry testId="a7906eba-4ddd-f057-76e4-695c12f668f7" executionId="edab2cde-1110-4ec5-af14-5d6d3f49ad10" testListId="8c84fa94-04c1-424b-9868-57a2d4851a1d" />
    <TestEntry testId="b17f72a8-f991-8baf-d564-f4680aafed09" executionId="6ce69373-0ea0-42c7-a0b5-dc8621897eb8" testListId="8c84fa94-04c1-424b-9868-57a2d4851a1d" />
    <TestEntry testId="8939b7b8-ff81-63bf-70dc-08f29a6ce586" executionId="2c982e93-788d-46f6-a2c6-a1340d6d0635" testListId="8c84fa94-04c1-424b-9868-57a2d4851a1d" />
    <TestEntry testId="94b82bc3-613a-e2b4-455b-4b4df4f2d194" executionId="c0927a5f-6ef8-4596-871e-87f7cc0cc601" testListId="8c84fa94-04c1-424b-9868-57a2d4851a1d" />
    <TestEntry testId="d75012f1-d6f6-c8c8-6052-216572e6d09a" executionId="6af30cd0-b321-4ea6-b7a0-0a21d43e0093" testListId="8c84fa94-04c1-424b-9868-57a2d4851a1d" />
    <TestEntry testId="dd1f1120-f5a5-11a0-4ecf-8df96d7fc7fd" executionId="4ce4ddd7-c4d3-4c37-a28a-56aaaac7858c" testListId="8c84fa94-04c1-424b-9868-57a2d4851a1d" />
    <TestEntry testId="b874febd-2abb-b5bf-4874-36453bfcf028" executionId="4cb56011-f881-485c-ba0f-fe141ebd3e09" testListId="8c84fa94-04c1-424b-9868-57a2d4851a1d" />
    <TestEntry testId="a0940c02-10c2-a2ca-c99e-b2f24d99f98d" executionId="6281ceef-ed08-47ea-9e90-38b0989fb668" testListId="8c84fa94-04c1-424b-9868-57a2d4851a1d" />
    <TestEntry testId="8a579aef-fa33-44e5-d72c-f84816f89dda" executionId="2fc8d5c3-6cf7-4975-b102-aa2118b3f37d" testListId="8c84fa94-04c1-424b-9868-57a2d4851a1d" />
    <TestEntry testId="5979600d-d5d6-1c59-8a74-a8946a5412a6" executionId="93c817ab-2269-463e-9903-eccbcb08c3de" testListId="8c84fa94-04c1-424b-9868-57a2d4851a1d" />
    <TestEntry testId="b1eb6943-1b02-4d9c-02f3-a7fb091a5c55" executionId="9886b76b-d8a8-42ac-8a35-39d6a7cf67ac" testListId="8c84fa94-04c1-424b-9868-57a2d4851a1d" />
    <TestEntry testId="32c30dee-17e8-bc72-ad30-e19ba3161b9e" executionId="83ee6d99-0581-4921-908c-a7225638a6b4" testListId="8c84fa94-04c1-424b-9868-57a2d4851a1d" />
    <TestEntry testId="bc60038d-a8ea-2e7f-26de-80f8d367bef6" executionId="e925da0e-334a-4021-8922-bc1167b0eeae" testListId="8c84fa94-04c1-424b-9868-57a2d4851a1d" />
    <TestEntry testId="68684c63-5f16-5756-6180-2b0b9df43ad7" executionId="9de7148d-9b40-4c2d-b342-cc53399404aa" testListId="8c84fa94-04c1-424b-9868-57a2d4851a1d" />
    <TestEntry testId="d07b46f4-88eb-bfa4-6fe4-d6ba0c12fe8f" executionId="72cb9a55-09b0-4f7f-9e6a-74ee11dc9254" testListId="8c84fa94-04c1-424b-9868-57a2d4851a1d" />
    <TestEntry testId="d0a6cf86-cfdd-0432-5d16-67b34f44bcfa" executionId="4583c031-04de-4457-a931-f0365c7c7818" testListId="8c84fa94-04c1-424b-9868-57a2d4851a1d" />
    <TestEntry testId="5ca8472c-ed3c-7743-d772-01a1bacc08cf" executionId="0570ea3e-96a5-4940-9192-13829da62c49" testListId="8c84fa94-04c1-424b-9868-57a2d4851a1d" />
    <TestEntry testId="e570d006-f8c6-2527-78e0-897122dd716e" executionId="ee7552be-1cfa-4079-931d-c41bc16f7b3e" testListId="8c84fa94-04c1-424b-9868-57a2d4851a1d" />
    <TestEntry testId="7423707e-221b-8128-5158-18f9b4198629" executionId="64241a14-24fc-4000-8125-5ef9c290127c" testListId="8c84fa94-04c1-424b-9868-57a2d4851a1d" />
    <TestEntry testId="f914ee86-c2ad-95a7-e682-fa878f9f31a5" executionId="ea51dea6-bc23-4e1f-8c77-ee7cc8d24ed5" testListId="8c84fa94-04c1-424b-9868-57a2d4851a1d" />
    <TestEntry testId="71b6d7a3-741f-e1f8-1593-52351d6b5171" executionId="9608c9f8-e049-48e7-97c6-a81534891bd2" testListId="8c84fa94-04c1-424b-9868-57a2d4851a1d" />
    <TestEntry testId="4ec0800c-e01f-aa73-19f1-180137b3dfdf" executionId="419f60e5-913a-4357-bf5d-c98accbdec0f" testListId="8c84fa94-04c1-424b-9868-57a2d4851a1d" />
    <TestEntry testId="b69457d8-d004-7265-0ffe-f1f1b36f446a" executionId="ea88a7ad-1f2b-4f92-ad9c-8c0ab88af4e7" testListId="8c84fa94-04c1-424b-9868-57a2d4851a1d" />
    <TestEntry testId="efa0c9dd-5dae-4bc5-1d88-8059c0fedffd" executionId="0bc1506a-46a4-4852-8906-799eb1c18bde" testListId="8c84fa94-04c1-424b-9868-57a2d4851a1d" />
    <TestEntry testId="82558537-50ec-fc9d-a7b1-76091e0d2ecf" executionId="70633506-1d3d-4188-bbba-e06abbd3d23a" testListId="8c84fa94-04c1-424b-9868-57a2d4851a1d" />
    <TestEntry testId="905708b7-164a-0db6-1796-f60b9303ead6" executionId="fc53f23f-7825-4440-ab6b-7ef0ac99efdd" testListId="8c84fa94-04c1-424b-9868-57a2d4851a1d" />
    <TestEntry testId="6dee8ad4-8dd7-b599-f13a-d5781734769f" executionId="4d0f9275-3b82-45e8-bf38-9a5078eb383b" testListId="8c84fa94-04c1-424b-9868-57a2d4851a1d" />
    <TestEntry testId="2f67a78a-f7c8-6103-2444-bea417ee54f9" executionId="a9729f18-4ccd-45ae-9b52-bf7ac3e3e080" testListId="8c84fa94-04c1-424b-9868-57a2d4851a1d" />
    <TestEntry testId="f95d03e5-c6a6-a1ee-d69f-d2e7ee2d48f8" executionId="4b70fbb1-787c-4c3c-8da5-d6d5a1da82e1" testListId="8c84fa94-04c1-424b-9868-57a2d4851a1d" />
    <TestEntry testId="7b5657d1-871c-22e2-8b58-1e4af740074e" executionId="c54844dd-99df-4a06-970a-698866b2f4ba" testListId="8c84fa94-04c1-424b-9868-57a2d4851a1d" />
    <TestEntry testId="df63a8e8-b664-17f1-364e-31895b9a1463" executionId="9a5e75cb-e092-4116-a219-4ff4d1959b70" testListId="8c84fa94-04c1-424b-9868-57a2d4851a1d" />
    <TestEntry testId="86b8941d-d36c-06dd-c905-fa6d7a4013e5" executionId="3b211abb-dc2c-4fcd-ae02-229e051a3884" testListId="8c84fa94-04c1-424b-9868-57a2d4851a1d" />
    <TestEntry testId="9ea4a98e-a00d-a47e-d475-c2b7e3bc350d" executionId="c0acdb4c-fcce-41fe-9794-54ccccbc50fa" testListId="8c84fa94-04c1-424b-9868-57a2d4851a1d" />
    <TestEntry testId="854d51c5-41df-4ddb-a8da-54b20e306485" executionId="f92afa47-44b1-4de3-99c3-e9b9f160de32" testListId="8c84fa94-04c1-424b-9868-57a2d4851a1d" />
    <TestEntry testId="50b2ab98-8300-86f7-cec9-4d0f5d9f3400" executionId="3c426f2f-f0a0-4604-84f6-22141a539dc4" testListId="8c84fa94-04c1-424b-9868-57a2d4851a1d" />
    <TestEntry testId="056a4908-08a5-5e22-9551-e77f68ab63c4" executionId="1a3ddcd2-ab7c-4b9b-94a2-7226746e775c" testListId="8c84fa94-04c1-424b-9868-57a2d4851a1d" />
    <TestEntry testId="4e8ed588-d392-7511-ecc9-96da1857794d" executionId="9a042430-185c-46b7-8f6e-d7ea01d9adcb" testListId="8c84fa94-04c1-424b-9868-57a2d4851a1d" />
    <TestEntry testId="e36f3ecc-8033-228e-9e4e-38062b6e56ea" executionId="9f217cdb-0464-4f2c-8858-7cc7eef1b7fc" testListId="8c84fa94-04c1-424b-9868-57a2d4851a1d" />
    <TestEntry testId="6f964e27-f684-37ef-0fe4-6db993d07017" executionId="0d2aabdb-21be-4baf-bcf9-cc0b3f097898" testListId="8c84fa94-04c1-424b-9868-57a2d4851a1d" />
    <TestEntry testId="8f9415dd-70b8-c527-026c-2122e53da756" executionId="b1a8a079-7ebe-467e-b5e9-2d4b93758ce7" testListId="8c84fa94-04c1-424b-9868-57a2d4851a1d" />
    <TestEntry testId="e2700cee-eb5b-94db-dadd-a33ff5cf6ee6" executionId="6c8b3ed6-4d52-4edc-acf5-38e5d1136d58" testListId="8c84fa94-04c1-424b-9868-57a2d4851a1d" />
    <TestEntry testId="44db8638-081a-8ce0-7d23-94e055f5a609" executionId="488cfc99-a3b6-408b-aec0-f16d180dba3a" testListId="8c84fa94-04c1-424b-9868-57a2d4851a1d" />
    <TestEntry testId="710c032e-d39d-8d3b-a713-86e049d87044" executionId="127f6903-c61d-4d2a-aed6-bfb3b427a253" testListId="8c84fa94-04c1-424b-9868-57a2d4851a1d" />
    <TestEntry testId="7919cbdd-efef-77c6-b96b-a35d9751dc61" executionId="ca9ff9fe-1579-4dea-a0d3-69aad781521b" testListId="8c84fa94-04c1-424b-9868-57a2d4851a1d" />
    <TestEntry testId="4ccdf7c5-1b8e-f25d-e6ff-328e24995c79" executionId="d4613eac-4e63-40a5-81ae-a67f499445af" testListId="8c84fa94-04c1-424b-9868-57a2d4851a1d" />
    <TestEntry testId="476c9edc-b6ea-cbad-6c80-83085ed5206c" executionId="23842413-10eb-4424-81b0-318d032a6eb1" testListId="8c84fa94-04c1-424b-9868-57a2d4851a1d" />
    <TestEntry testId="74cd5e35-cf5d-a7eb-ff81-196bcb803f0c" executionId="8fd5e0c9-7934-47cd-9470-ae104dd7ffad" testListId="8c84fa94-04c1-424b-9868-57a2d4851a1d" />
    <TestEntry testId="2467c68f-1bc3-bd85-8310-dd76e33eebec" executionId="f202857a-1d91-4231-9447-e98ee96886f8" testListId="8c84fa94-04c1-424b-9868-57a2d4851a1d" />
    <TestEntry testId="44373e51-799e-3e94-36f6-61e7eb361bdd" executionId="cf35a845-86d3-455c-a32e-682bc04e6ae0" testListId="8c84fa94-04c1-424b-9868-57a2d4851a1d" />
    <TestEntry testId="d5607c40-0e03-cf87-1ac7-663c6c348c83" executionId="8a255738-4f18-4a0b-8620-85552239500d" testListId="8c84fa94-04c1-424b-9868-57a2d4851a1d" />
    <TestEntry testId="c5a97db9-c630-e39e-7e7c-43e80ae0249a" executionId="92e55ec4-9669-4395-aec1-b02ea789e746" testListId="8c84fa94-04c1-424b-9868-57a2d4851a1d" />
    <TestEntry testId="6dd51b97-674e-6b9d-f047-ad979eb0870e" executionId="764c1106-cf9d-4145-8d2d-adb0dacb91d3" testListId="8c84fa94-04c1-424b-9868-57a2d4851a1d" />
    <TestEntry testId="f1f7b0d5-822c-33e5-b9ff-f30531705ff1" executionId="75ce5d85-1744-4eb8-a8c2-4a576eeb410a" testListId="8c84fa94-04c1-424b-9868-57a2d4851a1d" />
    <TestEntry testId="c2636c45-ffae-32b8-cabd-dfdc2e3d89d2" executionId="e12984df-edef-4a7b-9b09-7a886fd5ff39" testListId="8c84fa94-04c1-424b-9868-57a2d4851a1d" />
    <TestEntry testId="3175c89c-9311-2898-f31c-d62baf20a38b" executionId="bb215a0d-a860-4453-918f-103e5bc2af29" testListId="8c84fa94-04c1-424b-9868-57a2d4851a1d" />
    <TestEntry testId="cb578742-c7f5-996b-5acf-564c542733c1" executionId="5a7b66dc-7676-4e14-858c-b7fe63279285" testListId="8c84fa94-04c1-424b-9868-57a2d4851a1d" />
    <TestEntry testId="c8831b39-bf2b-06d6-5219-c1aac5b93a03" executionId="82be61a5-55ce-4572-ae3e-aa4e36451496" testListId="8c84fa94-04c1-424b-9868-57a2d4851a1d" />
    <TestEntry testId="bb9f98f7-9d10-2bbf-0773-348287578945" executionId="cbe703a9-f86e-4ba3-bcab-026c2c8a16c3" testListId="8c84fa94-04c1-424b-9868-57a2d4851a1d" />
    <TestEntry testId="0441a484-8788-b6be-6f48-c9fcdc14bb9b" executionId="bbd8c0d0-ea5c-4fe6-8461-1ab20662c4e4" testListId="8c84fa94-04c1-424b-9868-57a2d4851a1d" />
    <TestEntry testId="17a04856-0f1c-ab7a-1a01-1d07ebf4dd98" executionId="2230905c-464d-4cc9-a5a6-0dcc1fc85a86" testListId="8c84fa94-04c1-424b-9868-57a2d4851a1d" />
    <TestEntry testId="167bd640-ca8a-be35-54d9-c9d535f6b8a9" executionId="2fd37de3-f53e-41f3-ba4a-06d626d08c3b" testListId="8c84fa94-04c1-424b-9868-57a2d4851a1d" />
    <TestEntry testId="654a56d0-2fdd-75b4-3dfc-159238275382" executionId="5f0fcdc1-e34b-432f-a6f0-b37483d60639" testListId="8c84fa94-04c1-424b-9868-57a2d4851a1d" />
    <TestEntry testId="a32e39cd-63bd-b948-c34d-2792a9ad523c" executionId="8da9f302-d577-41f4-9712-907044ab9162" testListId="8c84fa94-04c1-424b-9868-57a2d4851a1d" />
    <TestEntry testId="7f117d65-eaa4-3393-47ff-b5f2adc1ba26" executionId="93a8bafd-3bae-49f0-9554-dbf2a6eedf5a" testListId="8c84fa94-04c1-424b-9868-57a2d4851a1d" />
    <TestEntry testId="bab29e16-7181-0c35-50c9-4bfc6868cc06" executionId="dbc78559-a049-4bd5-bd79-da90638ebce2" testListId="8c84fa94-04c1-424b-9868-57a2d4851a1d" />
    <TestEntry testId="38b31d6d-f852-2ebd-9634-fecf51566e90" executionId="1055b3a6-c0d5-4768-921b-9416f05e6687" testListId="8c84fa94-04c1-424b-9868-57a2d4851a1d" />
    <TestEntry testId="02c02901-0347-558c-6501-8babfd6a6a4a" executionId="a93e9578-974a-4c89-b679-4271c7dbdb2b" testListId="8c84fa94-04c1-424b-9868-57a2d4851a1d" />
    <TestEntry testId="993b2e32-0de1-26c2-5e33-6a1ad01eeb5e" executionId="d0a09185-c0a4-4ba7-9b6f-58782c814728" testListId="8c84fa94-04c1-424b-9868-57a2d4851a1d" />
    <TestEntry testId="6b89659b-5dc5-b05c-ce48-871e20f8abd3" executionId="d12bcbae-fada-47cb-ae08-e6b1c6500303" testListId="8c84fa94-04c1-424b-9868-57a2d4851a1d" />
    <TestEntry testId="97add3a7-18d1-8ae3-a700-3b9a6e54f2a9" executionId="39e05fdc-b375-4a4a-92b7-687015035793" testListId="8c84fa94-04c1-424b-9868-57a2d4851a1d" />
    <TestEntry testId="a4552a20-90c6-da36-cd4c-fbcb6268dcde" executionId="630ee4e1-8ba4-47f1-af0a-a9a8af5e7d8e" testListId="8c84fa94-04c1-424b-9868-57a2d4851a1d" />
    <TestEntry testId="8f7eaa04-9e7b-2fbd-6154-590301c05ba7" executionId="f077ab09-24f2-4b32-8686-f8c9440d1104" testListId="8c84fa94-04c1-424b-9868-57a2d4851a1d" />
    <TestEntry testId="fb8758b6-fbc2-fee5-8fca-8577ec51ec3b" executionId="9808f411-3185-4c69-8906-6a5d368cbd12" testListId="8c84fa94-04c1-424b-9868-57a2d4851a1d" />
    <TestEntry testId="6e6925d1-75e5-a13f-cd68-43233a607f3d" executionId="421d0f86-655e-4fcb-9513-12b215b0710d" testListId="8c84fa94-04c1-424b-9868-57a2d4851a1d" />
    <TestEntry testId="25a5f880-4d24-d3c7-abcb-2dee8483e02e" executionId="bff2ec29-7da9-46ad-b338-1bde8cdd8eb7" testListId="8c84fa94-04c1-424b-9868-57a2d4851a1d" />
    <TestEntry testId="e25a10b5-5264-4837-7f5e-e77f0fe36b19" executionId="fc926ee7-0650-499c-8aab-2576a844508b" testListId="8c84fa94-04c1-424b-9868-57a2d4851a1d" />
    <TestEntry testId="a9227eb6-41f1-9ad5-6a50-0ab740c4f5fb" executionId="776331f8-7960-4543-b57e-df977fdb00cc" testListId="8c84fa94-04c1-424b-9868-57a2d4851a1d" />
    <TestEntry testId="73e4a8c3-f139-990a-bc9e-43cbdff15e01" executionId="40485582-2ed3-49f4-8f24-10fa07a9819a" testListId="8c84fa94-04c1-424b-9868-57a2d4851a1d" />
    <TestEntry testId="b058c171-2407-459c-7b57-a44deff88712" executionId="1477b31e-3a9e-4b5e-a3a0-62eb6b205596" testListId="8c84fa94-04c1-424b-9868-57a2d4851a1d" />
  </TestEntries>
  <TestLists>
    <TestList name="Results Not in a List" id="8c84fa94-04c1-424b-9868-57a2d4851a1d" />
    <TestList name="All Loaded Results" id="19431567-8539-422a-85d7-44ee4e166bda" />
  </TestLists>
  <ResultSummary outcome="Completed">
    <Counters total="100" executed="100" passed="100" failed="0" error="0" timeout="0" aborted="0" inconclusive="0" passedButRunAborted="0" notRunnable="0" notExecuted="0" disconnected="0" warning="0" completed="0" inProgress="0" pending="0" />
    <Output>
      <StdOut>NUnit Adapter 4.2.0.0: Test execution started&#xD;
Running selected tests in C:\Projekty\NUnitTestProject\bin\Debug\netcoreapp3.1\NUnitTestProject.dll&#xD;
   NUnit3TestExecutor discovered 100 of 100 NUnit test cases using Current Discovery mode, Non-Explicit run&#xD;
NUnit Adapter 4.2.0.0: Test execution complete&#xD;
</StdOut>
    </Output>
  </ResultSummary>
</TestRun>