<?xml version="1.0" encoding="utf-8"?>
<TestRun id="790eec68-19a6-47e0-9ec7-9f07abffa7f2" name="Dominik@DESKTOP-5URQ9PB 2022-06-13 20:51:33" runUser="DESKTOP-5URQ9PB\Dominik" xmlns="http://microsoft.com/schemas/VisualStudio/TeamTest/2010">
  <Times creation="2022-06-13T20:51:33.7109143+02:00" queuing="2022-06-13T20:51:33.7109144+02:00" start="2022-06-13T20:51:31.6630330+02:00" finish="2022-06-13T20:51:33.7940947+02:00" />
  <TestSettings name="default" id="28c74d41-17a6-4a8f-827d-2a90c538851c">
    <Deployment runDeploymentRoot="Dominik_DESKTOP-5URQ9PB_2022-06-13_20_51_33" />
  </TestSettings>
  <Results>
    <UnitTestResult executionId="9446be9a-9633-4018-be0f-34c6298b6fab" testId="e2700cee-eb5b-94db-dadd-a33ff5cf6ee6" testName="FormatToStringTest100(18990.72499258012d,&quot;18990.72 zł&quot;)" computerName="DESKTOP-5URQ9PB" duration="00:00:00.0000420" startTime="2022-06-13T20:51:33.5944875+02:00" endTime="2022-06-13T20:51:33.5945294+02:00" testType="13cdc9d9-ddb5-4fa4-a97d-d965ccfc6d4b" outcome="Passed" testListId="8c84fa94-04c1-424b-9868-57a2d4851a1d" relativeResultsDirectory="9446be9a-9633-4018-be0f-34c6298b6fab" />
    <UnitTestResult executionId="63933d67-ec83-4f41-afe3-1e8546f10323" testId="2877141a-aa4d-178b-dc9f-3b49cd88281f" testName="FormatToStringTest100(64210.358316209335d,&quot;64210.36 zł&quot;)" computerName="DESKTOP-5URQ9PB" duration="00:00:00.0000340" startTime="2022-06-13T20:51:33.5949144+02:00" endTime="2022-06-13T20:51:33.5949480+02:00" testType="13cdc9d9-ddb5-4fa4-a97d-d965ccfc6d4b" outcome="Passed" testListId="8c84fa94-04c1-424b-9868-57a2d4851a1d" relativeResultsDirectory="63933d67-ec83-4f41-afe3-1e8546f10323" />
    <UnitTestResult executionId="56ebeec6-013a-4440-ac54-9c0ba225a8ad" testId="f1f7b0d5-822c-33e5-b9ff-f30531705ff1" testName="FormatToStringTest100(32216.686763396807d,&quot;32216.69 zł&quot;)" computerName="DESKTOP-5URQ9PB" duration="00:00:00.0000460" startTime="2022-06-13T20:51:33.5907207+02:00" endTime="2022-06-13T20:51:33.5907663+02:00" testType="13cdc9d9-ddb5-4fa4-a97d-d965ccfc6d4b" outcome="Passed" testListId="8c84fa94-04c1-424b-9868-57a2d4851a1d" relativeResultsDirectory="56ebeec6-013a-4440-ac54-9c0ba225a8ad" />
    <UnitTestResult executionId="835f9167-962a-42c0-a39c-f7f5fd414e01" testId="b17f72a8-f991-8baf-d564-f4680aafed09" testName="FormatToStringTest100(7458.609645228652d,&quot;7458.61 zł&quot;)" computerName="DESKTOP-5URQ9PB" duration="00:00:00.0000260" startTime="2022-06-13T20:51:33.5930014+02:00" endTime="2022-06-13T20:51:33.5930270+02:00" testType="13cdc9d9-ddb5-4fa4-a97d-d965ccfc6d4b" outcome="Passed" testListId="8c84fa94-04c1-424b-9868-57a2d4851a1d" relativeResultsDirectory="835f9167-962a-42c0-a39c-f7f5fd414e01" />
    <UnitTestResult executionId="9e436869-52a9-48e8-a2eb-18a80d6268cb" testId="38b31d6d-f852-2ebd-9634-fecf51566e90" testName="FormatToStringTest100(86.89546322771136d,&quot;86.90 zł&quot;)" computerName="DESKTOP-5URQ9PB" duration="00:00:00.0000330" startTime="2022-06-13T20:51:33.5920906+02:00" endTime="2022-06-13T20:51:33.5921233+02:00" testType="13cdc9d9-ddb5-4fa4-a97d-d965ccfc6d4b" outcome="Passed" testListId="8c84fa94-04c1-424b-9868-57a2d4851a1d" relativeResultsDirectory="9e436869-52a9-48e8-a2eb-18a80d6268cb" />
    <UnitTestResult executionId="f7e25808-4a71-445b-90b3-df20af396e5f" testId="7a40da4c-a8ed-5ba2-92a2-9e17ac14a245" testName="FormatToStringTest100(11912.404131636213d,&quot;11912.40 zł&quot;)" computerName="DESKTOP-5URQ9PB" duration="00:00:00.0000340" startTime="2022-06-13T20:51:33.5948713+02:00" endTime="2022-06-13T20:51:33.5949046+02:00" testType="13cdc9d9-ddb5-4fa4-a97d-d965ccfc6d4b" outcome="Passed" testListId="8c84fa94-04c1-424b-9868-57a2d4851a1d" relativeResultsDirectory="f7e25808-4a71-445b-90b3-df20af396e5f" />
    <UnitTestResult executionId="65ca1c69-2f6c-4842-b376-f2037e3bab5d" testId="c5a97db9-c630-e39e-7e7c-43e80ae0249a" testName="FormatToStringTest100(39178.05988345298d,&quot;39178.06 zł&quot;)" computerName="DESKTOP-5URQ9PB" duration="00:00:00.0000310" startTime="2022-06-13T20:51:33.5940079+02:00" endTime="2022-06-13T20:51:33.5940383+02:00" testType="13cdc9d9-ddb5-4fa4-a97d-d965ccfc6d4b" outcome="Passed" testListId="8c84fa94-04c1-424b-9868-57a2d4851a1d" relativeResultsDirectory="65ca1c69-2f6c-4842-b376-f2037e3bab5d" />
    <UnitTestResult executionId="30e64073-e7b5-4487-84af-bb95b10aa54e" testId="d0a6cf86-cfdd-0432-5d16-67b34f44bcfa" testName="FormatToStringTest100(9867.823212210007d,&quot;9867.82 zł&quot;)" computerName="DESKTOP-5URQ9PB" duration="00:00:00.0000310" startTime="2022-06-13T20:51:33.5945404+02:00" endTime="2022-06-13T20:51:33.5945712+02:00" testType="13cdc9d9-ddb5-4fa4-a97d-d965ccfc6d4b" outcome="Passed" testListId="8c84fa94-04c1-424b-9868-57a2d4851a1d" relativeResultsDirectory="30e64073-e7b5-4487-84af-bb95b10aa54e" />
    <UnitTestResult executionId="67670065-5daf-4fd3-aeca-55386e53a45c" testId="993b2e32-0de1-26c2-5e33-6a1ad01eeb5e" testName="FormatToStringTest100(2292.8331871111104d,&quot;2292.83 zł&quot;)" computerName="DESKTOP-5URQ9PB" duration="00:00:00.0000340" startTime="2022-06-13T20:51:33.5943982+02:00" endTime="2022-06-13T20:51:33.5944321+02:00" testType="13cdc9d9-ddb5-4fa4-a97d-d965ccfc6d4b" outcome="Passed" testListId="8c84fa94-04c1-424b-9868-57a2d4851a1d" relativeResultsDirectory="67670065-5daf-4fd3-aeca-55386e53a45c" />
    <UnitTestResult executionId="7de29a51-d90d-49f5-a21e-aa56b57a9542" testId="a4552a20-90c6-da36-cd4c-fbcb6268dcde" testName="FormatToStringTest100(15566.957545477411d,&quot;15566.96 zł&quot;)" computerName="DESKTOP-5URQ9PB" duration="00:00:00.0000320" startTime="2022-06-13T20:51:33.5942081+02:00" endTime="2022-06-13T20:51:33.5942394+02:00" testType="13cdc9d9-ddb5-4fa4-a97d-d965ccfc6d4b" outcome="Passed" testListId="8c84fa94-04c1-424b-9868-57a2d4851a1d" relativeResultsDirectory="7de29a51-d90d-49f5-a21e-aa56b57a9542" />
    <UnitTestResult executionId="1993f912-3aaf-4fa1-a8ed-f0fee151d5ac" testId="4f9e6f5b-43a2-746f-e9ea-c62ab0b035f9" testName="FormatToStringTest100(3521.3657738167635d,&quot;3521.37 zł&quot;)" computerName="DESKTOP-5URQ9PB" duration="00:00:00.0000380" startTime="2022-06-13T20:51:33.5937340+02:00" endTime="2022-06-13T20:51:33.5937715+02:00" testType="13cdc9d9-ddb5-4fa4-a97d-d965ccfc6d4b" outcome="Passed" testListId="8c84fa94-04c1-424b-9868-57a2d4851a1d" relativeResultsDirectory="1993f912-3aaf-4fa1-a8ed-f0fee151d5ac" />
    <UnitTestResult executionId="02a9b5ce-8ad3-4e03-936e-d1f6a7d1b7d5" testId="7f117d65-eaa4-3393-47ff-b5f2adc1ba26" testName="FormatToStringTest100(28192.949128067565d,&quot;28192.95 zł&quot;)" computerName="DESKTOP-5URQ9PB" duration="00:00:00.0000290" startTime="2022-06-13T20:51:33.5924302+02:00" endTime="2022-06-13T20:51:33.5924590+02:00" testType="13cdc9d9-ddb5-4fa4-a97d-d965ccfc6d4b" outcome="Passed" testListId="8c84fa94-04c1-424b-9868-57a2d4851a1d" relativeResultsDirectory="02a9b5ce-8ad3-4e03-936e-d1f6a7d1b7d5" />
    <UnitTestResult executionId="9945b20e-c063-43eb-ada9-c047ea40d158" testId="d5607c40-0e03-cf87-1ac7-663c6c348c83" testName="FormatToStringTest100(17252.06220983903d,&quot;17252.06 zł&quot;)" computerName="DESKTOP-5URQ9PB" duration="00:00:00.0000410" startTime="2022-06-13T20:51:33.5938240+02:00" endTime="2022-06-13T20:51:33.5938643+02:00" testType="13cdc9d9-ddb5-4fa4-a97d-d965ccfc6d4b" outcome="Passed" testListId="8c84fa94-04c1-424b-9868-57a2d4851a1d" relativeResultsDirectory="9945b20e-c063-43eb-ada9-c047ea40d158" />
    <UnitTestResult executionId="e9309b01-9fb1-413d-b6b1-f6042d735c11" testId="b058c171-2407-459c-7b57-a44deff88712" testName="FormatToStringTest100(159.83786031922224d,&quot;159.84 zł&quot;)" computerName="DESKTOP-5URQ9PB" duration="00:00:00.0000330" startTime="2022-06-13T20:51:33.5923378+02:00" endTime="2022-06-13T20:51:33.5923700+02:00" testType="13cdc9d9-ddb5-4fa4-a97d-d965ccfc6d4b" outcome="Passed" testListId="8c84fa94-04c1-424b-9868-57a2d4851a1d" relativeResultsDirectory="e9309b01-9fb1-413d-b6b1-f6042d735c11" />
    <UnitTestResult executionId="05633d79-ea42-4e99-b8ac-175695913f6d" testId="df63a8e8-b664-17f1-364e-31895b9a1463" testName="FormatToStringTest100(16986.338876065027d,&quot;16986.34 zł&quot;)" computerName="DESKTOP-5URQ9PB" duration="00:00:00.0000310" startTime="2022-06-13T20:51:33.5929151+02:00" endTime="2022-06-13T20:51:33.5929461+02:00" testType="13cdc9d9-ddb5-4fa4-a97d-d965ccfc6d4b" outcome="Passed" testListId="8c84fa94-04c1-424b-9868-57a2d4851a1d" relativeResultsDirectory="05633d79-ea42-4e99-b8ac-175695913f6d" />
    <UnitTestResult executionId="b7eb1f9e-407b-4121-82f1-9cb8f029c6fb" testId="167bd640-ca8a-be35-54d9-c9d535f6b8a9" testName="FormatToStringTest100(8768.816937361293d,&quot;8768.82 zł&quot;)" computerName="DESKTOP-5URQ9PB" duration="00:00:00.0000280" startTime="2022-06-13T20:51:33.5927080+02:00" endTime="2022-06-13T20:51:33.5927352+02:00" testType="13cdc9d9-ddb5-4fa4-a97d-d965ccfc6d4b" outcome="Passed" testListId="8c84fa94-04c1-424b-9868-57a2d4851a1d" relativeResultsDirectory="b7eb1f9e-407b-4121-82f1-9cb8f029c6fb" />
    <UnitTestResult executionId="5860ec82-b892-4c11-a274-2783e98e0652" testId="94b82bc3-613a-e2b4-455b-4b4df4f2d194" testName="FormatToStringTest100(14172.682747822573d,&quot;14172.68 zł&quot;)" computerName="DESKTOP-5URQ9PB" duration="00:00:00.0000310" startTime="2022-06-13T20:51:33.5920011+02:00" endTime="2022-06-13T20:51:33.5920316+02:00" testType="13cdc9d9-ddb5-4fa4-a97d-d965ccfc6d4b" outcome="Passed" testListId="8c84fa94-04c1-424b-9868-57a2d4851a1d" relativeResultsDirectory="5860ec82-b892-4c11-a274-2783e98e0652" />
    <UnitTestResult executionId="aa1e22d7-6e49-48de-b1af-32e6dfb2c714" testId="4ccdf7c5-1b8e-f25d-e6ff-328e24995c79" testName="FormatToStringTest100(1300.9430775404642d,&quot;1300.94 zł&quot;)" computerName="DESKTOP-5URQ9PB" duration="00:00:00.0469250" startTime="2022-06-13T20:51:33.5414346+02:00" endTime="2022-06-13T20:51:33.5882699+02:00" testType="13cdc9d9-ddb5-4fa4-a97d-d965ccfc6d4b" outcome="Passed" testListId="8c84fa94-04c1-424b-9868-57a2d4851a1d" relativeResultsDirectory="aa1e22d7-6e49-48de-b1af-32e6dfb2c714" />
    <UnitTestResult executionId="6b470632-bd0b-48a2-9845-c13476afb0de" testId="2467c68f-1bc3-bd85-8310-dd76e33eebec" testName="FormatToStringTest100(17953.338243749615d,&quot;17953.34 zł&quot;)" computerName="DESKTOP-5URQ9PB" duration="00:00:00.0000280" startTime="2022-06-13T20:51:33.5941255+02:00" endTime="2022-06-13T20:51:33.5941532+02:00" testType="13cdc9d9-ddb5-4fa4-a97d-d965ccfc6d4b" outcome="Passed" testListId="8c84fa94-04c1-424b-9868-57a2d4851a1d" relativeResultsDirectory="6b470632-bd0b-48a2-9845-c13476afb0de" />
    <UnitTestResult executionId="47d9a90d-f274-4772-992b-be306ccc775f" testId="710c032e-d39d-8d3b-a713-86e049d87044" testName="FormatToStringTest100(22604.838218828587d,&quot;22604.84 zł&quot;)" computerName="DESKTOP-5URQ9PB" duration="00:00:00.0000340" startTime="2022-06-13T20:51:33.5922934+02:00" endTime="2022-06-13T20:51:33.5923269+02:00" testType="13cdc9d9-ddb5-4fa4-a97d-d965ccfc6d4b" outcome="Passed" testListId="8c84fa94-04c1-424b-9868-57a2d4851a1d" relativeResultsDirectory="47d9a90d-f274-4772-992b-be306ccc775f" />
    <UnitTestResult executionId="e0a448b7-be83-439c-acd5-758b00242043" testId="a9227eb6-41f1-9ad5-6a50-0ab740c4f5fb" testName="FormatToStringTest100(1741.3334432818617d,&quot;1741.33 zł&quot;)" computerName="DESKTOP-5URQ9PB" duration="00:00:00.0000250" startTime="2022-06-13T20:51:33.5933062+02:00" endTime="2022-06-13T20:51:33.5933311+02:00" testType="13cdc9d9-ddb5-4fa4-a97d-d965ccfc6d4b" outcome="Passed" testListId="8c84fa94-04c1-424b-9868-57a2d4851a1d" relativeResultsDirectory="e0a448b7-be83-439c-acd5-758b00242043" />
    <UnitTestResult executionId="456df47e-2c58-4816-a31e-6cd4dbb46d87" testId="056a4908-08a5-5e22-9551-e77f68ab63c4" testName="FormatToStringTest100(317.9090540706688d,&quot;317.91 zł&quot;)" computerName="DESKTOP-5URQ9PB" duration="00:00:00.0000340" startTime="2022-06-13T20:51:33.5943039+02:00" endTime="2022-06-13T20:51:33.5943377+02:00" testType="13cdc9d9-ddb5-4fa4-a97d-d965ccfc6d4b" outcome="Passed" testListId="8c84fa94-04c1-424b-9868-57a2d4851a1d" relativeResultsDirectory="456df47e-2c58-4816-a31e-6cd4dbb46d87" />
    <UnitTestResult executionId="59ffc453-804f-484c-892c-38ae590a1fff" testId="d07b46f4-88eb-bfa4-6fe4-d6ba0c12fe8f" testName="FormatToStringTest100(6890.028458985514d,&quot;6890.03 zł&quot;)" computerName="DESKTOP-5URQ9PB" duration="00:00:00.0000270" startTime="2022-06-13T20:51:33.5925132+02:00" endTime="2022-06-13T20:51:33.5925403+02:00" testType="13cdc9d9-ddb5-4fa4-a97d-d965ccfc6d4b" outcome="Passed" testListId="8c84fa94-04c1-424b-9868-57a2d4851a1d" relativeResultsDirectory="59ffc453-804f-484c-892c-38ae590a1fff" />
    <UnitTestResult executionId="61e2b579-87fe-4426-8a80-d19163ad7c43" testId="5ca8472c-ed3c-7743-d772-01a1bacc08cf" testName="FormatToStringTest100(12949.590713378317d,&quot;12949.59 zł&quot;)" computerName="DESKTOP-5URQ9PB" duration="00:00:00.0000310" startTime="2022-06-13T20:51:33.5912851+02:00" endTime="2022-06-13T20:51:33.5913156+02:00" testType="13cdc9d9-ddb5-4fa4-a97d-d965ccfc6d4b" outcome="Passed" testListId="8c84fa94-04c1-424b-9868-57a2d4851a1d" relativeResultsDirectory="61e2b579-87fe-4426-8a80-d19163ad7c43" />
    <UnitTestResult executionId="33cb09f6-c871-4cec-8cef-521c8144f039" testId="bb9f98f7-9d10-2bbf-0773-348287578945" testName="FormatToStringTest100(15639.704937780603d,&quot;15639.70 zł&quot;)" computerName="DESKTOP-5URQ9PB" duration="00:00:00.0000680" startTime="2022-06-13T20:51:33.5927910+02:00" endTime="2022-06-13T20:51:33.5928579+02:00" testType="13cdc9d9-ddb5-4fa4-a97d-d965ccfc6d4b" outcome="Passed" testListId="8c84fa94-04c1-424b-9868-57a2d4851a1d" relativeResultsDirectory="33cb09f6-c871-4cec-8cef-521c8144f039" />
    <UnitTestResult executionId="9ec9603e-bc0c-4977-85b7-7519604a0e5d" testId="2f67a78a-f7c8-6103-2444-bea417ee54f9" testName="FormatToStringTest100(16383.352881839199d,&quot;16383.35 zł&quot;)" computerName="DESKTOP-5URQ9PB" duration="00:00:00.0000340" startTime="2022-06-13T20:51:33.5935574+02:00" endTime="2022-06-13T20:51:33.5935910+02:00" testType="13cdc9d9-ddb5-4fa4-a97d-d965ccfc6d4b" outcome="Passed" testListId="8c84fa94-04c1-424b-9868-57a2d4851a1d" relativeResultsDirectory="9ec9603e-bc0c-4977-85b7-7519604a0e5d" />
    <UnitTestResult executionId="05bd755f-f36d-472b-b971-46e56dad3e34" testId="654a56d0-2fdd-75b4-3dfc-159238275382" testName="FormatToStringTest100(468.83385119346616d,&quot;468.83 zł&quot;)" computerName="DESKTOP-5URQ9PB" duration="00:00:00.0000320" startTime="2022-06-13T20:51:33.5923885+02:00" endTime="2022-06-13T20:51:33.5924198+02:00" testType="13cdc9d9-ddb5-4fa4-a97d-d965ccfc6d4b" outcome="Passed" testListId="8c84fa94-04c1-424b-9868-57a2d4851a1d" relativeResultsDirectory="05bd755f-f36d-472b-b971-46e56dad3e34" />
    <UnitTestResult executionId="543f808a-1dcf-4551-a910-30d1f150fd63" testId="97add3a7-18d1-8ae3-a700-3b9a6e54f2a9" testName="FormatToStringTest100(96.75594581512546d,&quot;96.76 zł&quot;)" computerName="DESKTOP-5URQ9PB" duration="00:00:00.0000340" startTime="2022-06-13T20:51:33.5932293+02:00" endTime="2022-06-13T20:51:33.5932633+02:00" testType="13cdc9d9-ddb5-4fa4-a97d-d965ccfc6d4b" outcome="Passed" testListId="8c84fa94-04c1-424b-9868-57a2d4851a1d" relativeResultsDirectory="543f808a-1dcf-4551-a910-30d1f150fd63" />
    <UnitTestResult executionId="164db85e-7702-472c-8cc8-e402cef43379" testId="5979600d-d5d6-1c59-8a74-a8946a5412a6" testName="FormatToStringTest100(46898.00219497783d,&quot;46898.00 zł&quot;)" computerName="DESKTOP-5URQ9PB" duration="00:00:00.0000380" startTime="2022-06-13T20:51:33.5943489+02:00" endTime="2022-06-13T20:51:33.5943867+02:00" testType="13cdc9d9-ddb5-4fa4-a97d-d965ccfc6d4b" outcome="Passed" testListId="8c84fa94-04c1-424b-9868-57a2d4851a1d" relativeResultsDirectory="164db85e-7702-472c-8cc8-e402cef43379" />
    <UnitTestResult executionId="01b2a0c8-d218-4885-8cdf-67a9defb6f76" testId="905708b7-164a-0db6-1796-f60b9303ead6" testName="FormatToStringTest100(45035.160883881224d,&quot;45035.16 zł&quot;)" computerName="DESKTOP-5URQ9PB" duration="00:00:00.0000349" startTime="2022-06-13T20:51:33.5928707+02:00" endTime="2022-06-13T20:51:33.5929055+02:00" testType="13cdc9d9-ddb5-4fa4-a97d-d965ccfc6d4b" outcome="Passed" testListId="8c84fa94-04c1-424b-9868-57a2d4851a1d" relativeResultsDirectory="01b2a0c8-d218-4885-8cdf-67a9defb6f76" />
    <UnitTestResult executionId="68e01da2-f218-4cd7-89f8-20916caaf91f" testId="4a85d0e2-7867-4a37-3a69-cfba3fa4e599" testName="FormatToStringTest100(7789.7136237517525d,&quot;7789.71 zł&quot;)" computerName="DESKTOP-5URQ9PB" duration="00:00:00.0000380" startTime="2022-06-13T20:51:33.5927447+02:00" endTime="2022-06-13T20:51:33.5927819+02:00" testType="13cdc9d9-ddb5-4fa4-a97d-d965ccfc6d4b" outcome="Passed" testListId="8c84fa94-04c1-424b-9868-57a2d4851a1d" relativeResultsDirectory="68e01da2-f218-4cd7-89f8-20916caaf91f" />
    <UnitTestResult executionId="d1587ec8-7f3a-4d7e-9d45-3d6893aac97c" testId="7919cbdd-efef-77c6-b96b-a35d9751dc61" testName="FormatToStringTest100(38640.62766693003d,&quot;38640.63 zł&quot;)" computerName="DESKTOP-5URQ9PB" duration="00:00:00.0000330" startTime="2022-06-13T20:51:33.5916289+02:00" endTime="2022-06-13T20:51:33.5916610+02:00" testType="13cdc9d9-ddb5-4fa4-a97d-d965ccfc6d4b" outcome="Passed" testListId="8c84fa94-04c1-424b-9868-57a2d4851a1d" relativeResultsDirectory="d1587ec8-7f3a-4d7e-9d45-3d6893aac97c" />
    <UnitTestResult executionId="40843e19-580b-4fcb-80d0-4c38134954f2" testId="6e6925d1-75e5-a13f-cd68-43233a607f3d" testName="FormatToStringTest100(7124.979180760672d,&quot;7124.98 zł&quot;)" computerName="DESKTOP-5URQ9PB" duration="00:00:00.0000440" startTime="2022-06-13T20:51:33.5919045+02:00" endTime="2022-06-13T20:51:33.5919479+02:00" testType="13cdc9d9-ddb5-4fa4-a97d-d965ccfc6d4b" outcome="Passed" testListId="8c84fa94-04c1-424b-9868-57a2d4851a1d" relativeResultsDirectory="40843e19-580b-4fcb-80d0-4c38134954f2" />
    <UnitTestResult executionId="95c8b101-148d-4ada-9c56-e903229db227" testId="7b5657d1-871c-22e2-8b58-1e4af740074e" testName="FormatToStringTest100(79.6815319544084d,&quot;79.68 zł&quot;)" computerName="DESKTOP-5URQ9PB" duration="00:00:00.0000380" startTime="2022-06-13T20:51:33.5911181+02:00" endTime="2022-06-13T20:51:33.5911559+02:00" testType="13cdc9d9-ddb5-4fa4-a97d-d965ccfc6d4b" outcome="Passed" testListId="8c84fa94-04c1-424b-9868-57a2d4851a1d" relativeResultsDirectory="95c8b101-148d-4ada-9c56-e903229db227" />
    <UnitTestResult executionId="97043355-e60d-464d-968d-d5c8e757d873" testId="fb8758b6-fbc2-fee5-8fca-8577ec51ec3b" testName="FormatToStringTest100(31300.40752580967d,&quot;31300.41 zł&quot;)" computerName="DESKTOP-5URQ9PB" duration="00:00:00.0000330" startTime="2022-06-13T20:51:33.5936021+02:00" endTime="2022-06-13T20:51:33.5936347+02:00" testType="13cdc9d9-ddb5-4fa4-a97d-d965ccfc6d4b" outcome="Passed" testListId="8c84fa94-04c1-424b-9868-57a2d4851a1d" relativeResultsDirectory="97043355-e60d-464d-968d-d5c8e757d873" />
    <UnitTestResult executionId="be82645a-3024-4817-bd66-3366e1d64b82" testId="6ae5af13-f172-7ae6-9d14-b0b6b031899f" testName="FormatToStringTest100(21961.272673999552d,&quot;21961.27 zł&quot;)" computerName="DESKTOP-5URQ9PB" duration="00:00:00.0000330" startTime="2022-06-13T20:51:33.5940477+02:00" endTime="2022-06-13T20:51:33.5940808+02:00" testType="13cdc9d9-ddb5-4fa4-a97d-d965ccfc6d4b" outcome="Passed" testListId="8c84fa94-04c1-424b-9868-57a2d4851a1d" relativeResultsDirectory="be82645a-3024-4817-bd66-3366e1d64b82" />
    <UnitTestResult executionId="b99bd499-a38a-4057-9715-7414a0af9184" testId="6f964e27-f684-37ef-0fe4-6db993d07017" testName="FormatToStringTest100(14237.13226245955d,&quot;14237.13 zł&quot;)" computerName="DESKTOP-5URQ9PB" duration="00:00:00.0000420" startTime="2022-06-13T20:51:33.5915771+02:00" endTime="2022-06-13T20:51:33.5916186+02:00" testType="13cdc9d9-ddb5-4fa4-a97d-d965ccfc6d4b" outcome="Passed" testListId="8c84fa94-04c1-424b-9868-57a2d4851a1d" relativeResultsDirectory="b99bd499-a38a-4057-9715-7414a0af9184" />
    <UnitTestResult executionId="ff667681-5b72-48f5-9b83-c18eddd2bf71" testId="44db8638-081a-8ce0-7d23-94e055f5a609" testName="FormatToStringTest100(69864.17463991146d,&quot;69864.17 zł&quot;)" computerName="DESKTOP-5URQ9PB" duration="00:00:00.0000290" startTime="2022-06-13T20:51:33.5946260+02:00" endTime="2022-06-13T20:51:33.5946544+02:00" testType="13cdc9d9-ddb5-4fa4-a97d-d965ccfc6d4b" outcome="Passed" testListId="8c84fa94-04c1-424b-9868-57a2d4851a1d" relativeResultsDirectory="ff667681-5b72-48f5-9b83-c18eddd2bf71" />
    <UnitTestResult executionId="79cccc43-b5ac-419c-bfb0-60814c367674" testId="642d2869-679c-7098-495e-642b3c4d783b" testName="FormatToStringTest100(80609.94377465078d,&quot;80609.94 zł&quot;)" computerName="DESKTOP-5URQ9PB" duration="00:00:00.0000370" startTime="2022-06-13T20:51:33.5917114+02:00" endTime="2022-06-13T20:51:33.5917479+02:00" testType="13cdc9d9-ddb5-4fa4-a97d-d965ccfc6d4b" outcome="Passed" testListId="8c84fa94-04c1-424b-9868-57a2d4851a1d" relativeResultsDirectory="79cccc43-b5ac-419c-bfb0-60814c367674" />
    <UnitTestResult executionId="9c3f6ed9-d1e5-403c-b90f-b786a1f1526f" testId="8a579aef-fa33-44e5-d72c-f84816f89dda" testName="FormatToStringTest100(10268.547802396373d,&quot;10268.55 zł&quot;)" computerName="DESKTOP-5URQ9PB" duration="00:00:00.0000300" startTime="2022-06-13T20:51:33.5941683+02:00" endTime="2022-06-13T20:51:33.5941979+02:00" testType="13cdc9d9-ddb5-4fa4-a97d-d965ccfc6d4b" outcome="Passed" testListId="8c84fa94-04c1-424b-9868-57a2d4851a1d" relativeResultsDirectory="9c3f6ed9-d1e5-403c-b90f-b786a1f1526f" />
    <UnitTestResult executionId="3c006f0f-8ff2-43e8-9a17-3345147a2735" testId="da5ec1b9-c89d-ab82-b4aa-e3b444b3e081" testName="FormatToStringTest100(66019.32414194118d,&quot;66019.32 zł&quot;)" computerName="DESKTOP-5URQ9PB" duration="00:00:00.0000340" startTime="2022-06-13T20:51:33.5919572+02:00" endTime="2022-06-13T20:51:33.5919912+02:00" testType="13cdc9d9-ddb5-4fa4-a97d-d965ccfc6d4b" outcome="Passed" testListId="8c84fa94-04c1-424b-9868-57a2d4851a1d" relativeResultsDirectory="3c006f0f-8ff2-43e8-9a17-3345147a2735" />
    <UnitTestResult executionId="341f088f-be71-419c-ab3c-33bbf1a5ac8f" testId="e36f3ecc-8033-228e-9e4e-38062b6e56ea" testName="FormatToStringTest100(9816.961298880615d,&quot;9816.96 zł&quot;)" computerName="DESKTOP-5URQ9PB" duration="00:00:00.0000270" startTime="2022-06-13T20:51:33.5912401+02:00" endTime="2022-06-13T20:51:33.5912669+02:00" testType="13cdc9d9-ddb5-4fa4-a97d-d965ccfc6d4b" outcome="Passed" testListId="8c84fa94-04c1-424b-9868-57a2d4851a1d" relativeResultsDirectory="341f088f-be71-419c-ab3c-33bbf1a5ac8f" />
    <UnitTestResult executionId="8e85cb54-1cb1-429c-bde6-77a1adece4a1" testId="f95d03e5-c6a6-a1ee-d69f-d2e7ee2d48f8" testName="FormatToStringTest100(50339.31259969497d,&quot;50339.31 zł&quot;)" computerName="DESKTOP-5URQ9PB" duration="00:00:00.0000349" startTime="2022-06-13T20:51:33.5939641+02:00" endTime="2022-06-13T20:51:33.5939986+02:00" testType="13cdc9d9-ddb5-4fa4-a97d-d965ccfc6d4b" outcome="Passed" testListId="8c84fa94-04c1-424b-9868-57a2d4851a1d" relativeResultsDirectory="8e85cb54-1cb1-429c-bde6-77a1adece4a1" />
    <UnitTestResult executionId="2bd631f1-34a0-45d6-a0c0-cd75eaa5b9e5" testId="44373e51-799e-3e94-36f6-61e7eb361bdd" testName="FormatToStringTest100(34096.337879508894d,&quot;34096.34 zł&quot;)" computerName="DESKTOP-5URQ9PB" duration="00:00:00.0000270" startTime="2022-06-13T20:51:33.5930821+02:00" endTime="2022-06-13T20:51:33.5931090+02:00" testType="13cdc9d9-ddb5-4fa4-a97d-d965ccfc6d4b" outcome="Passed" testListId="8c84fa94-04c1-424b-9868-57a2d4851a1d" relativeResultsDirectory="2bd631f1-34a0-45d6-a0c0-cd75eaa5b9e5" />
    <UnitTestResult executionId="69dbc904-db21-4583-aac9-5491655a101f" testId="17a04856-0f1c-ab7a-1a01-1d07ebf4dd98" testName="FormatToStringTest100(6958.393354767186d,&quot;6958.39 zł&quot;)" computerName="DESKTOP-5URQ9PB" duration="00:00:00.0000390" startTime="2022-06-13T20:51:33.5910685+02:00" endTime="2022-06-13T20:51:33.5911074+02:00" testType="13cdc9d9-ddb5-4fa4-a97d-d965ccfc6d4b" outcome="Passed" testListId="8c84fa94-04c1-424b-9868-57a2d4851a1d" relativeResultsDirectory="69dbc904-db21-4583-aac9-5491655a101f" />
    <UnitTestResult executionId="a3bfbf23-7598-4aef-9051-579613ade92d" testId="854d51c5-41df-4ddb-a8da-54b20e306485" testName="FormatToStringTest100(286.92120604539343d,&quot;286.92 zł&quot;)" computerName="DESKTOP-5URQ9PB" duration="00:00:00.0000270" startTime="2022-06-13T20:51:33.5912045+02:00" endTime="2022-06-13T20:51:33.5912314+02:00" testType="13cdc9d9-ddb5-4fa4-a97d-d965ccfc6d4b" outcome="Passed" testListId="8c84fa94-04c1-424b-9868-57a2d4851a1d" relativeResultsDirectory="a3bfbf23-7598-4aef-9051-579613ade92d" />
    <UnitTestResult executionId="ba5ca10a-a1fe-4e0b-a8dc-da6fb465bd60" testId="73e4a8c3-f139-990a-bc9e-43cbdff15e01" testName="FormatToStringTest100(22291.653251342315d,&quot;22291.65 zł&quot;)" computerName="DESKTOP-5URQ9PB" duration="00:00:00.0000320" startTime="2022-06-13T20:51:33.5915356+02:00" endTime="2022-06-13T20:51:33.5915666+02:00" testType="13cdc9d9-ddb5-4fa4-a97d-d965ccfc6d4b" outcome="Passed" testListId="8c84fa94-04c1-424b-9868-57a2d4851a1d" relativeResultsDirectory="ba5ca10a-a1fe-4e0b-a8dc-da6fb465bd60" />
    <UnitTestResult executionId="c4ac6769-fc1c-4461-9a3b-f46bba138913" testId="71b6d7a3-741f-e1f8-1593-52351d6b5171" testName="FormatToStringTest100(40857.08543233996d,&quot;40857.09 zł&quot;)" computerName="DESKTOP-5URQ9PB" duration="00:00:00.0000349" startTime="2022-06-13T20:51:33.5935128+02:00" endTime="2022-06-13T20:51:33.5935471+02:00" testType="13cdc9d9-ddb5-4fa4-a97d-d965ccfc6d4b" outcome="Passed" testListId="8c84fa94-04c1-424b-9868-57a2d4851a1d" relativeResultsDirectory="c4ac6769-fc1c-4461-9a3b-f46bba138913" />
    <UnitTestResult executionId="9f683c83-dcf2-4353-aa84-bca91232d3e2" testId="02c02901-0347-558c-6501-8babfd6a6a4a" testName="FormatToStringTest100(1614.2516601789982d,&quot;1614.25 zł&quot;)" computerName="DESKTOP-5URQ9PB" duration="00:00:00.0000390" startTime="2022-06-13T20:51:33.5926594+02:00" endTime="2022-06-13T20:51:33.5926981+02:00" testType="13cdc9d9-ddb5-4fa4-a97d-d965ccfc6d4b" outcome="Passed" testListId="8c84fa94-04c1-424b-9868-57a2d4851a1d" relativeResultsDirectory="9f683c83-dcf2-4353-aa84-bca91232d3e2" />
    <UnitTestResult executionId="61b944e0-17c9-43b1-84c5-c8693bfd353a" testId="82558537-50ec-fc9d-a7b1-76091e0d2ecf" testName="FormatToStringTest100(45603.90324273142d,&quot;45603.90 zł&quot;)" computerName="DESKTOP-5URQ9PB" duration="00:00:00.0000480" startTime="2022-06-13T20:51:33.5913625+02:00" endTime="2022-06-13T20:51:33.5914097+02:00" testType="13cdc9d9-ddb5-4fa4-a97d-d965ccfc6d4b" outcome="Passed" testListId="8c84fa94-04c1-424b-9868-57a2d4851a1d" relativeResultsDirectory="61b944e0-17c9-43b1-84c5-c8693bfd353a" />
    <UnitTestResult executionId="da3ac6b3-10df-4c38-a508-fafa37f7f191" testId="7f364af7-1a4c-2e9e-a4ab-c96e4d59ad29" testName="FormatToStringTest100(32632.105531036905d,&quot;32632.11 zł&quot;)" computerName="DESKTOP-5URQ9PB" duration="00:00:00.0000300" startTime="2022-06-13T20:51:33.5911658+02:00" endTime="2022-06-13T20:51:33.5911952+02:00" testType="13cdc9d9-ddb5-4fa4-a97d-d965ccfc6d4b" outcome="Passed" testListId="8c84fa94-04c1-424b-9868-57a2d4851a1d" relativeResultsDirectory="da3ac6b3-10df-4c38-a508-fafa37f7f191" />
    <UnitTestResult executionId="1570d916-b38d-484a-8411-ea26c9d392c1" testId="ca1d016a-03df-8541-a82d-e65f358d218a" testName="FormatToStringTest100(740.3213011405064d,&quot;740.32 zł&quot;)" computerName="DESKTOP-5URQ9PB" duration="00:00:00.0000410" startTime="2022-06-13T20:51:33.5922416+02:00" endTime="2022-06-13T20:51:33.5922821+02:00" testType="13cdc9d9-ddb5-4fa4-a97d-d965ccfc6d4b" outcome="Passed" testListId="8c84fa94-04c1-424b-9868-57a2d4851a1d" relativeResultsDirectory="1570d916-b38d-484a-8411-ea26c9d392c1" />
    <UnitTestResult executionId="5eee9f04-ee77-4614-aace-90ca24eab4c3" testId="f914ee86-c2ad-95a7-e682-fa878f9f31a5" testName="FormatToStringTest100(8499.121443388574d,&quot;8499.12 zł&quot;)" computerName="DESKTOP-5URQ9PB" duration="00:00:00.0000240" startTime="2022-06-13T20:51:33.5931170+02:00" endTime="2022-06-13T20:51:33.5931410+02:00" testType="13cdc9d9-ddb5-4fa4-a97d-d965ccfc6d4b" outcome="Passed" testListId="8c84fa94-04c1-424b-9868-57a2d4851a1d" relativeResultsDirectory="5eee9f04-ee77-4614-aace-90ca24eab4c3" />
    <UnitTestResult executionId="b418d406-23e2-4b73-8750-119ef759bc54" testId="7df4ba29-38dd-828e-22e5-9f7e850eb994" testName="FormatToStringTest100(24957.469502810607d,&quot;24957.47 zł&quot;)" computerName="DESKTOP-5URQ9PB" duration="00:00:00.0000310" startTime="2022-06-13T20:51:33.5916710+02:00" endTime="2022-06-13T20:51:33.5917015+02:00" testType="13cdc9d9-ddb5-4fa4-a97d-d965ccfc6d4b" outcome="Passed" testListId="8c84fa94-04c1-424b-9868-57a2d4851a1d" relativeResultsDirectory="b418d406-23e2-4b73-8750-119ef759bc54" />
    <UnitTestResult executionId="8f14409e-dc16-493a-b518-eb6483d78cac" testId="2f08def2-23e6-739d-cc7a-7a09510b67ea" testName="FormatToStringTest100(10784.438152511344d,&quot;10784.44 zł&quot;)" computerName="DESKTOP-5URQ9PB" duration="00:00:00.0000340" startTime="2022-06-13T20:51:33.5951087+02:00" endTime="2022-06-13T20:51:33.5951421+02:00" testType="13cdc9d9-ddb5-4fa4-a97d-d965ccfc6d4b" outcome="Passed" testListId="8c84fa94-04c1-424b-9868-57a2d4851a1d" relativeResultsDirectory="8f14409e-dc16-493a-b518-eb6483d78cac" />
    <UnitTestResult executionId="5a228f12-4e36-471a-b9b7-c7e08ccb4af7" testId="efa0c9dd-5dae-4bc5-1d88-8059c0fedffd" testName="FormatToStringTest100(41876.979471482795d,&quot;41876.98 zł&quot;)" computerName="DESKTOP-5URQ9PB" duration="00:00:00.0000320" startTime="2022-06-13T20:51:33.5947839+02:00" endTime="2022-06-13T20:51:33.5948150+02:00" testType="13cdc9d9-ddb5-4fa4-a97d-d965ccfc6d4b" outcome="Passed" testListId="8c84fa94-04c1-424b-9868-57a2d4851a1d" relativeResultsDirectory="5a228f12-4e36-471a-b9b7-c7e08ccb4af7" />
    <UnitTestResult executionId="e7cbfa31-2d9a-4e85-881a-c2a06effe87f" testId="6dee8ad4-8dd7-b599-f13a-d5781734769f" testName="FormatToStringTest100(6864.093052674129d,&quot;6864.09 zł&quot;)" computerName="DESKTOP-5URQ9PB" duration="00:00:00.0000410" startTime="2022-06-13T20:51:33.5950572+02:00" endTime="2022-06-13T20:51:33.5950978+02:00" testType="13cdc9d9-ddb5-4fa4-a97d-d965ccfc6d4b" outcome="Passed" testListId="8c84fa94-04c1-424b-9868-57a2d4851a1d" relativeResultsDirectory="e7cbfa31-2d9a-4e85-881a-c2a06effe87f" />
    <UnitTestResult executionId="df8dee58-b54f-4164-988f-56cda9a4b894" testId="60c34650-73c3-1462-40f1-f8603816957f" testName="FormatToStringTest100(19541.10539777116d,&quot;19541.11 zł&quot;)" computerName="DESKTOP-5URQ9PB" duration="00:00:00.0000349" startTime="2022-06-13T20:51:33.5924694+02:00" endTime="2022-06-13T20:51:33.5925036+02:00" testType="13cdc9d9-ddb5-4fa4-a97d-d965ccfc6d4b" outcome="Passed" testListId="8c84fa94-04c1-424b-9868-57a2d4851a1d" relativeResultsDirectory="df8dee58-b54f-4164-988f-56cda9a4b894" />
    <UnitTestResult executionId="b883b054-a48e-45f2-b722-9af70cefdaaa" testId="4e8ed588-d392-7511-ecc9-96da1857794d" testName="FormatToStringTest100(5396.620088554277d,&quot;5396.62 zł&quot;)" computerName="DESKTOP-5URQ9PB" duration="00:00:00.0000390" startTime="2022-06-13T20:51:33.5914865+02:00" endTime="2022-06-13T20:51:33.5915248+02:00" testType="13cdc9d9-ddb5-4fa4-a97d-d965ccfc6d4b" outcome="Passed" testListId="8c84fa94-04c1-424b-9868-57a2d4851a1d" relativeResultsDirectory="b883b054-a48e-45f2-b722-9af70cefdaaa" />
    <UnitTestResult executionId="69fef6fe-7f8e-410a-a155-665944c3a0f5" testId="b69457d8-d004-7265-0ffe-f1f1b36f446a" testName="FormatToStringTest100(22666.13578912995d,&quot;22666.14 zł&quot;)" computerName="DESKTOP-5URQ9PB" duration="00:00:00.0000310" startTime="2022-06-13T20:51:33.5918645+02:00" endTime="2022-06-13T20:51:33.5918949+02:00" testType="13cdc9d9-ddb5-4fa4-a97d-d965ccfc6d4b" outcome="Passed" testListId="8c84fa94-04c1-424b-9868-57a2d4851a1d" relativeResultsDirectory="69fef6fe-7f8e-410a-a155-665944c3a0f5" />
    <UnitTestResult executionId="1a3c043d-0f09-4b49-bc35-5c812eb6ff9d" testId="8f9415dd-70b8-c527-026c-2122e53da756" testName="FormatToStringTest100(52858.048916166204d,&quot;52858.05 zł&quot;)" computerName="DESKTOP-5URQ9PB" duration="00:00:00.0000260" startTime="2022-06-13T20:51:33.5947499+02:00" endTime="2022-06-13T20:51:33.5947756+02:00" testType="13cdc9d9-ddb5-4fa4-a97d-d965ccfc6d4b" outcome="Passed" testListId="8c84fa94-04c1-424b-9868-57a2d4851a1d" relativeResultsDirectory="1a3c043d-0f09-4b49-bc35-5c812eb6ff9d" />
    <UnitTestResult executionId="b1669a2a-5ad9-4dcd-b087-d4168bbff5d6" testId="b874febd-2abb-b5bf-4874-36453bfcf028" testName="FormatToStringTest100(1208.1827589441941d,&quot;1208.18 zł&quot;)" computerName="DESKTOP-5URQ9PB" duration="00:00:00.0000330" startTime="2022-06-13T20:51:33.5931496+02:00" endTime="2022-06-13T20:51:33.5931821+02:00" testType="13cdc9d9-ddb5-4fa4-a97d-d965ccfc6d4b" outcome="Passed" testListId="8c84fa94-04c1-424b-9868-57a2d4851a1d" relativeResultsDirectory="b1669a2a-5ad9-4dcd-b087-d4168bbff5d6" />
    <UnitTestResult executionId="560bfba6-6f76-4725-bfba-2cdc53ed011c" testId="25a5f880-4d24-d3c7-abcb-2dee8483e02e" testName="FormatToStringTest100(591.2110872302256d,&quot;591.21 zł&quot;)" computerName="DESKTOP-5URQ9PB" duration="00:00:00.0000280" startTime="2022-06-13T20:51:33.5926225+02:00" endTime="2022-06-13T20:51:33.5926501+02:00" testType="13cdc9d9-ddb5-4fa4-a97d-d965ccfc6d4b" outcome="Passed" testListId="8c84fa94-04c1-424b-9868-57a2d4851a1d" relativeResultsDirectory="560bfba6-6f76-4725-bfba-2cdc53ed011c" />
    <UnitTestResult executionId="a4d26af2-f7ea-48f4-8d46-f8bd3bf8172a" testId="0441a484-8788-b6be-6f48-c9fcdc14bb9b" testName="FormatToStringTest100(37589.670531794276d,&quot;37589.67 zł&quot;)" computerName="DESKTOP-5URQ9PB" duration="00:00:00.0000500" startTime="2022-06-13T20:51:33.5918031+02:00" endTime="2022-06-13T20:51:33.5918530+02:00" testType="13cdc9d9-ddb5-4fa4-a97d-d965ccfc6d4b" outcome="Passed" testListId="8c84fa94-04c1-424b-9868-57a2d4851a1d" relativeResultsDirectory="a4d26af2-f7ea-48f4-8d46-f8bd3bf8172a" />
    <UnitTestResult executionId="34545656-2b40-4115-9bf7-0035cd20c0b7" testId="a3a62b11-2538-ecb1-962d-5432f1e041eb" testName="FormatToStringTest100(6809.40195803037d,&quot;6809.40 zł&quot;)" computerName="DESKTOP-5URQ9PB" duration="00:00:00.0002400" startTime="2022-06-13T20:51:33.5904453+02:00" endTime="2022-06-13T20:51:33.5906851+02:00" testType="13cdc9d9-ddb5-4fa4-a97d-d965ccfc6d4b" outcome="Passed" testListId="8c84fa94-04c1-424b-9868-57a2d4851a1d" relativeResultsDirectory="34545656-2b40-4115-9bf7-0035cd20c0b7" />
    <UnitTestResult executionId="ab13dccf-e693-4c11-839c-c0e0bf7b8c81" testId="02a2d8b6-604b-7623-31f1-22fa9c5dd6fb" testName="FormatToStringTest100(35145.379208063416d,&quot;35145.38 zł&quot;)" computerName="DESKTOP-5URQ9PB" duration="00:00:00.0000340" startTime="2022-06-13T20:51:33.5944430+02:00" endTime="2022-06-13T20:51:33.5944761+02:00" testType="13cdc9d9-ddb5-4fa4-a97d-d965ccfc6d4b" outcome="Passed" testListId="8c84fa94-04c1-424b-9868-57a2d4851a1d" relativeResultsDirectory="ab13dccf-e693-4c11-839c-c0e0bf7b8c81" />
    <UnitTestResult executionId="cbba7411-b124-4a1d-a23e-601497ae751e" testId="c8831b39-bf2b-06d6-5219-c1aac5b93a03" testName="FormatToStringTest100(33206.73122987837d,&quot;33206.73 zł&quot;)" computerName="DESKTOP-5URQ9PB" duration="00:00:00.0000280" startTime="2022-06-13T20:51:33.5933484+02:00" endTime="2022-06-13T20:51:33.5933759+02:00" testType="13cdc9d9-ddb5-4fa4-a97d-d965ccfc6d4b" outcome="Passed" testListId="8c84fa94-04c1-424b-9868-57a2d4851a1d" relativeResultsDirectory="cbba7411-b124-4a1d-a23e-601497ae751e" />
    <UnitTestResult executionId="66aba978-80d0-4022-b386-6af556338bd0" testId="dd1f1120-f5a5-11a0-4ecf-8df96d7fc7fd" testName="FormatToStringTest100(25990.318498101697d,&quot;25990.32 zł&quot;)" computerName="DESKTOP-5URQ9PB" duration="00:00:00.0000260" startTime="2022-06-13T20:51:33.5932725+02:00" endTime="2022-06-13T20:51:33.5932982+02:00" testType="13cdc9d9-ddb5-4fa4-a97d-d965ccfc6d4b" outcome="Passed" testListId="8c84fa94-04c1-424b-9868-57a2d4851a1d" relativeResultsDirectory="66aba978-80d0-4022-b386-6af556338bd0" />
    <UnitTestResult executionId="eb5e479a-54c5-4aee-9d70-aa110caf7366" testId="8e900221-d77a-d627-361c-9ca1a5beba60" testName="FormatToStringTest100(75350.77330865282d,&quot;75350.77 zł&quot;)" computerName="DESKTOP-5URQ9PB" duration="00:00:00.0000310" startTime="2022-06-13T20:51:33.5946634+02:00" endTime="2022-06-13T20:51:33.5946944+02:00" testType="13cdc9d9-ddb5-4fa4-a97d-d965ccfc6d4b" outcome="Passed" testListId="8c84fa94-04c1-424b-9868-57a2d4851a1d" relativeResultsDirectory="eb5e479a-54c5-4aee-9d70-aa110caf7366" />
    <UnitTestResult executionId="28b5d0de-0ec2-4adb-a5f7-093ad6a52c3a" testId="e25a10b5-5264-4837-7f5e-e77f0fe36b19" testName="FormatToStringTest100(62975.496334776515d,&quot;62975.50 zł&quot;)" computerName="DESKTOP-5URQ9PB" duration="00:00:00.0000360" startTime="2022-06-13T20:51:33.5945806+02:00" endTime="2022-06-13T20:51:33.5946159+02:00" testType="13cdc9d9-ddb5-4fa4-a97d-d965ccfc6d4b" outcome="Passed" testListId="8c84fa94-04c1-424b-9868-57a2d4851a1d" relativeResultsDirectory="28b5d0de-0ec2-4adb-a5f7-093ad6a52c3a" />
    <UnitTestResult executionId="481e6eca-77f5-45e6-b3f7-9872b3af5a76" testId="d75012f1-d6f6-c8c8-6052-216572e6d09a" testName="FormatToStringTest100(28502.61128259758d,&quot;28502.61 zł&quot;)" computerName="DESKTOP-5URQ9PB" duration="00:00:00.0000290" startTime="2022-06-13T20:51:33.5931912+02:00" endTime="2022-06-13T20:51:33.5932200+02:00" testType="13cdc9d9-ddb5-4fa4-a97d-d965ccfc6d4b" outcome="Passed" testListId="8c84fa94-04c1-424b-9868-57a2d4851a1d" relativeResultsDirectory="481e6eca-77f5-45e6-b3f7-9872b3af5a76" />
    <UnitTestResult executionId="880b4084-eca7-498e-8798-ee6f8cd637aa" testId="b1eb6943-1b02-4d9c-02f3-a7fb091a5c55" testName="FormatToStringTest100(78822.37212685234d,&quot;78822.37 zł&quot;)" computerName="DESKTOP-5URQ9PB" duration="00:00:00.0000400" startTime="2022-06-13T20:51:33.5934240+02:00" endTime="2022-06-13T20:51:33.5934644+02:00" testType="13cdc9d9-ddb5-4fa4-a97d-d965ccfc6d4b" outcome="Passed" testListId="8c84fa94-04c1-424b-9868-57a2d4851a1d" relativeResultsDirectory="880b4084-eca7-498e-8798-ee6f8cd637aa" />
    <UnitTestResult executionId="9ec51619-d075-4681-8149-eef0d68f3025" testId="9ea4a98e-a00d-a47e-d475-c2b7e3bc350d" testName="FormatToStringTest100(726.8087564975995d,&quot;726.81 zł&quot;)" computerName="DESKTOP-5URQ9PB" duration="00:00:00.0000349" startTime="2022-06-13T20:51:33.5907778+02:00" endTime="2022-06-13T20:51:33.5908123+02:00" testType="13cdc9d9-ddb5-4fa4-a97d-d965ccfc6d4b" outcome="Passed" testListId="8c84fa94-04c1-424b-9868-57a2d4851a1d" relativeResultsDirectory="9ec51619-d075-4681-8149-eef0d68f3025" />
    <UnitTestResult executionId="8ef4eab0-5b16-4f19-b4ab-a7544a59fdc0" testId="4ec0800c-e01f-aa73-19f1-180137b3dfdf" testName="FormatToStringTest100(70771.4436677524d,&quot;70771.44 zł&quot;)" computerName="DESKTOP-5URQ9PB" duration="00:00:00.0000340" startTime="2022-06-13T20:51:33.5950128+02:00" endTime="2022-06-13T20:51:33.5950465+02:00" testType="13cdc9d9-ddb5-4fa4-a97d-d965ccfc6d4b" outcome="Passed" testListId="8c84fa94-04c1-424b-9868-57a2d4851a1d" relativeResultsDirectory="8ef4eab0-5b16-4f19-b4ab-a7544a59fdc0" />
    <UnitTestResult executionId="e50aa0e7-0591-4b26-bbd9-df48ff86b77c" testId="919092dd-bc49-4953-66e1-76b0c6a86bdb" testName="FormatToStringTest100(32218.080508120394d,&quot;32218.08 zł&quot;)" computerName="DESKTOP-5URQ9PB" duration="00:00:00.0000340" startTime="2022-06-13T20:51:33.5949590+02:00" endTime="2022-06-13T20:51:33.5949927+02:00" testType="13cdc9d9-ddb5-4fa4-a97d-d965ccfc6d4b" outcome="Passed" testListId="8c84fa94-04c1-424b-9868-57a2d4851a1d" relativeResultsDirectory="e50aa0e7-0591-4b26-bbd9-df48ff86b77c" />
    <UnitTestResult executionId="c07d7c26-ea96-4672-bcbf-c9eabda4b092" testId="6c73a1d1-2654-d03d-8bff-b9bca4e437ad" testName="FormatToStringTest100(77904.0088552246d,&quot;77904.01 zł&quot;)" computerName="DESKTOP-5URQ9PB" duration="00:00:00.0000380" startTime="2022-06-13T20:51:33.5948242+02:00" endTime="2022-06-13T20:51:33.5948616+02:00" testType="13cdc9d9-ddb5-4fa4-a97d-d965ccfc6d4b" outcome="Passed" testListId="8c84fa94-04c1-424b-9868-57a2d4851a1d" relativeResultsDirectory="c07d7c26-ea96-4672-bcbf-c9eabda4b092" />
    <UnitTestResult executionId="ec145a40-e838-4d8c-9bd2-c86bed8b44c9" testId="86b8941d-d36c-06dd-c905-fa6d7a4013e5" testName="FormatToStringTest100(28072.424637532058d,&quot;28072.42 zł&quot;)" computerName="DESKTOP-5URQ9PB" duration="00:00:00.0000349" startTime="2022-06-13T20:51:33.5921837+02:00" endTime="2022-06-13T20:51:33.5922187+02:00" testType="13cdc9d9-ddb5-4fa4-a97d-d965ccfc6d4b" outcome="Passed" testListId="8c84fa94-04c1-424b-9868-57a2d4851a1d" relativeResultsDirectory="ec145a40-e838-4d8c-9bd2-c86bed8b44c9" />
    <UnitTestResult executionId="430bcdf4-e8ea-4182-8199-6c9e60940656" testId="32c30dee-17e8-bc72-ad30-e19ba3161b9e" testName="FormatToStringTest100(27050.586848031067d,&quot;27050.59 zł&quot;)" computerName="DESKTOP-5URQ9PB" duration="00:00:00.0000280" startTime="2022-06-13T20:51:33.5913252+02:00" endTime="2022-06-13T20:51:33.5913530+02:00" testType="13cdc9d9-ddb5-4fa4-a97d-d965ccfc6d4b" outcome="Passed" testListId="8c84fa94-04c1-424b-9868-57a2d4851a1d" relativeResultsDirectory="430bcdf4-e8ea-4182-8199-6c9e60940656" />
    <UnitTestResult executionId="c360bbda-c70c-4de1-8994-264081d08754" testId="40d78239-8f39-5058-3911-ca4c3976e207" testName="FormatToStringTest100(35784.54232617307d,&quot;35784.54 zł&quot;)" computerName="DESKTOP-5URQ9PB" duration="00:00:00.0000390" startTime="2022-06-13T20:51:33.5921343+02:00" endTime="2022-06-13T20:51:33.5921729+02:00" testType="13cdc9d9-ddb5-4fa4-a97d-d965ccfc6d4b" outcome="Passed" testListId="8c84fa94-04c1-424b-9868-57a2d4851a1d" relativeResultsDirectory="c360bbda-c70c-4de1-8994-264081d08754" />
    <UnitTestResult executionId="c0073c8c-2b6a-4676-ad25-45fb1180b1f7" testId="3175c89c-9311-2898-f31c-d62baf20a38b" testName="FormatToStringTest100(5628.028273674672d,&quot;5628.03 zł&quot;)" computerName="DESKTOP-5URQ9PB" duration="00:00:00.0000640" startTime="2022-06-13T20:51:33.5908235+02:00" endTime="2022-06-13T20:51:33.5908866+02:00" testType="13cdc9d9-ddb5-4fa4-a97d-d965ccfc6d4b" outcome="Passed" testListId="8c84fa94-04c1-424b-9868-57a2d4851a1d" relativeResultsDirectory="c0073c8c-2b6a-4676-ad25-45fb1180b1f7" />
    <UnitTestResult executionId="07764ae2-890a-4895-b3ad-db5926457da6" testId="cb578742-c7f5-996b-5acf-564c542733c1" testName="FormatToStringTest100(10914.360814625099d,&quot;10914.36 zł&quot;)" computerName="DESKTOP-5URQ9PB" duration="00:00:00.0000440" startTime="2022-06-13T20:51:33.5909013+02:00" endTime="2022-06-13T20:51:33.5909445+02:00" testType="13cdc9d9-ddb5-4fa4-a97d-d965ccfc6d4b" outcome="Passed" testListId="8c84fa94-04c1-424b-9868-57a2d4851a1d" relativeResultsDirectory="07764ae2-890a-4895-b3ad-db5926457da6" />
    <UnitTestResult executionId="e1e32d90-96a8-45cb-97ca-e13426620e77" testId="50b2ab98-8300-86f7-cec9-4d0f5d9f3400" testName="FormatToStringTest100(52810.91713865516d,&quot;52810.92 zł&quot;)" computerName="DESKTOP-5URQ9PB" duration="00:00:00.0000430" startTime="2022-06-13T20:51:33.5910030+02:00" endTime="2022-06-13T20:51:33.5910453+02:00" testType="13cdc9d9-ddb5-4fa4-a97d-d965ccfc6d4b" outcome="Passed" testListId="8c84fa94-04c1-424b-9868-57a2d4851a1d" relativeResultsDirectory="e1e32d90-96a8-45cb-97ca-e13426620e77" />
    <UnitTestResult executionId="3a793fba-6b08-4983-b59a-750127aabe89" testId="8f7eaa04-9e7b-2fbd-6154-590301c05ba7" testName="FormatToStringTest100(63507.32603545455d,&quot;63507.33 zł&quot;)" computerName="DESKTOP-5URQ9PB" duration="00:00:00.0000440" startTime="2022-06-13T20:51:33.5942499+02:00" endTime="2022-06-13T20:51:33.5942930+02:00" testType="13cdc9d9-ddb5-4fa4-a97d-d965ccfc6d4b" outcome="Passed" testListId="8c84fa94-04c1-424b-9868-57a2d4851a1d" relativeResultsDirectory="3a793fba-6b08-4983-b59a-750127aabe89" />
    <UnitTestResult executionId="e838d80c-f410-4151-b183-583d3b574845" testId="d7c99ac8-861f-2067-8f65-8717ab2b5eb2" testName="FormatToStringTest100(26515.80237687929d,&quot;26515.80 zł&quot;)" computerName="DESKTOP-5URQ9PB" duration="00:00:00.0000290" startTime="2022-06-13T20:51:33.5914199+02:00" endTime="2022-06-13T20:51:33.5914485+02:00" testType="13cdc9d9-ddb5-4fa4-a97d-d965ccfc6d4b" outcome="Passed" testListId="8c84fa94-04c1-424b-9868-57a2d4851a1d" relativeResultsDirectory="e838d80c-f410-4151-b183-583d3b574845" />
    <UnitTestResult executionId="6ead18bd-4093-4989-9906-b49850ecb91e" testId="6dd51b97-674e-6b9d-f047-ad979eb0870e" testName="FormatToStringTest100(7594.279030504766d,&quot;7594.28 zł&quot;)" computerName="DESKTOP-5URQ9PB" duration="00:00:00.0000300" startTime="2022-06-13T20:51:33.5925489+02:00" endTime="2022-06-13T20:51:33.5925789+02:00" testType="13cdc9d9-ddb5-4fa4-a97d-d965ccfc6d4b" outcome="Passed" testListId="8c84fa94-04c1-424b-9868-57a2d4851a1d" relativeResultsDirectory="6ead18bd-4093-4989-9906-b49850ecb91e" />
    <UnitTestResult executionId="1d2a00fd-2607-4515-99c8-b7085592b940" testId="e570d006-f8c6-2527-78e0-897122dd716e" testName="FormatToStringTest100(20244.692955315437d,&quot;20244.69 zł&quot;)" computerName="DESKTOP-5URQ9PB" duration="00:00:00.0000290" startTime="2022-06-13T20:51:33.5934750+02:00" endTime="2022-06-13T20:51:33.5935032+02:00" testType="13cdc9d9-ddb5-4fa4-a97d-d965ccfc6d4b" outcome="Passed" testListId="8c84fa94-04c1-424b-9868-57a2d4851a1d" relativeResultsDirectory="1d2a00fd-2607-4515-99c8-b7085592b940" />
    <UnitTestResult executionId="91deeab5-a204-484c-bec3-48b22f4138f1" testId="af58900a-c4df-19c1-aa0f-7bad2b6a33dc" testName="FormatToStringTest100(52020.805412759444d,&quot;52020.81 zł&quot;)" computerName="DESKTOP-5URQ9PB" duration="00:00:00.0000310" startTime="2022-06-13T20:51:33.5937830+02:00" endTime="2022-06-13T20:51:33.5938131+02:00" testType="13cdc9d9-ddb5-4fa4-a97d-d965ccfc6d4b" outcome="Passed" testListId="8c84fa94-04c1-424b-9868-57a2d4851a1d" relativeResultsDirectory="91deeab5-a204-484c-bec3-48b22f4138f1" />
    <UnitTestResult executionId="4b927c85-09d3-4009-bdc3-6e5d9beef8b9" testId="74cd5e35-cf5d-a7eb-ff81-196bcb803f0c" testName="FormatToStringTest100(1649.0127968480872d,&quot;1649.01 zł&quot;)" computerName="DESKTOP-5URQ9PB" duration="00:00:00.0000320" startTime="2022-06-13T20:51:33.5936924+02:00" endTime="2022-06-13T20:51:33.5937236+02:00" testType="13cdc9d9-ddb5-4fa4-a97d-d965ccfc6d4b" outcome="Passed" testListId="8c84fa94-04c1-424b-9868-57a2d4851a1d" relativeResultsDirectory="4b927c85-09d3-4009-bdc3-6e5d9beef8b9" />
    <UnitTestResult executionId="717cfb77-498f-4afb-9a30-5e80ccc4cb5c" testId="a32e39cd-63bd-b948-c34d-2792a9ad523c" testName="FormatToStringTest100(2937.138486199611d,&quot;2937.14 zł&quot;)" computerName="DESKTOP-5URQ9PB" duration="00:00:00.0000340" startTime="2022-06-13T20:51:33.5938795+02:00" endTime="2022-06-13T20:51:33.5939133+02:00" testType="13cdc9d9-ddb5-4fa4-a97d-d965ccfc6d4b" outcome="Passed" testListId="8c84fa94-04c1-424b-9868-57a2d4851a1d" relativeResultsDirectory="717cfb77-498f-4afb-9a30-5e80ccc4cb5c" />
    <UnitTestResult executionId="392c2224-68b9-41fe-aa38-4ef200080e2f" testId="a0940c02-10c2-a2ca-c99e-b2f24d99f98d" testName="FormatToStringTest100(27893.312729890138d,&quot;27893.31 zł&quot;)" computerName="DESKTOP-5URQ9PB" duration="00:00:00.0000270" startTime="2022-06-13T20:51:33.5930358+02:00" endTime="2022-06-13T20:51:33.5930628+02:00" testType="13cdc9d9-ddb5-4fa4-a97d-d965ccfc6d4b" outcome="Passed" testListId="8c84fa94-04c1-424b-9868-57a2d4851a1d" relativeResultsDirectory="392c2224-68b9-41fe-aa38-4ef200080e2f" />
    <UnitTestResult executionId="c2282691-ab85-4749-94cf-d116a5e5a381" testId="6b89659b-5dc5-b05c-ce48-871e20f8abd3" testName="FormatToStringTest100(74514.06270644537d,&quot;74514.06 zł&quot;)" computerName="DESKTOP-5URQ9PB" duration="00:00:00.0000310" startTime="2022-06-13T20:51:33.5947097+02:00" endTime="2022-06-13T20:51:33.5947401+02:00" testType="13cdc9d9-ddb5-4fa4-a97d-d965ccfc6d4b" outcome="Passed" testListId="8c84fa94-04c1-424b-9868-57a2d4851a1d" relativeResultsDirectory="c2282691-ab85-4749-94cf-d116a5e5a381" />
    <UnitTestResult executionId="bb375f9c-14ce-4a03-b6cf-9f043e8e0ff9" testId="a7906eba-4ddd-f057-76e4-695c12f668f7" testName="FormatToStringTest100(50991.22189691114d,&quot;50991.22 zł&quot;)" computerName="DESKTOP-5URQ9PB" duration="00:00:00.0000270" startTime="2022-06-13T20:51:33.5940899+02:00" endTime="2022-06-13T20:51:33.5941161+02:00" testType="13cdc9d9-ddb5-4fa4-a97d-d965ccfc6d4b" outcome="Passed" testListId="8c84fa94-04c1-424b-9868-57a2d4851a1d" relativeResultsDirectory="bb375f9c-14ce-4a03-b6cf-9f043e8e0ff9" />
    <UnitTestResult executionId="6ace6d36-fd70-48d2-a780-7c15206001e1" testId="476c9edc-b6ea-cbad-6c80-83085ed5206c" testName="FormatToStringTest100(918.1842976688334d,&quot;918.18 zł&quot;)" computerName="DESKTOP-5URQ9PB" duration="00:00:00.0000290" startTime="2022-06-13T20:51:33.5933851+02:00" endTime="2022-06-13T20:51:33.5934140+02:00" testType="13cdc9d9-ddb5-4fa4-a97d-d965ccfc6d4b" outcome="Passed" testListId="8c84fa94-04c1-424b-9868-57a2d4851a1d" relativeResultsDirectory="6ace6d36-fd70-48d2-a780-7c15206001e1" />
    <UnitTestResult executionId="c5c7ae3a-d710-4f81-88b1-0fd0a66f36a7" testId="8939b7b8-ff81-63bf-70dc-08f29a6ce586" testName="FormatToStringTest100(58848.60825001477d,&quot;58848.61 zł&quot;)" computerName="DESKTOP-5URQ9PB" duration="00:00:00.0000310" startTime="2022-06-13T20:51:33.5939241+02:00" endTime="2022-06-13T20:51:33.5939549+02:00" testType="13cdc9d9-ddb5-4fa4-a97d-d965ccfc6d4b" outcome="Passed" testListId="8c84fa94-04c1-424b-9868-57a2d4851a1d" relativeResultsDirectory="c5c7ae3a-d710-4f81-88b1-0fd0a66f36a7" />
    <UnitTestResult executionId="efb9ed96-e296-4eb2-9282-9c08c88dc708" testId="bab29e16-7181-0c35-50c9-4bfc6868cc06" testName="FormatToStringTest100(1108.7197928823157d,&quot;1108.72 zł&quot;)" computerName="DESKTOP-5URQ9PB" duration="00:00:00.0000270" startTime="2022-06-13T20:51:33.5925875+02:00" endTime="2022-06-13T20:51:33.5926142+02:00" testType="13cdc9d9-ddb5-4fa4-a97d-d965ccfc6d4b" outcome="Passed" testListId="8c84fa94-04c1-424b-9868-57a2d4851a1d" relativeResultsDirectory="efb9ed96-e296-4eb2-9282-9c08c88dc708" />
    <UnitTestResult executionId="b3ebfb7f-9649-4387-8d13-366c27221eff" testId="c2636c45-ffae-32b8-cabd-dfdc2e3d89d2" testName="FormatToStringTest100(736.7398243680316d,&quot;736.74 zł&quot;)" computerName="DESKTOP-5URQ9PB" duration="00:00:00.0000349" startTime="2022-06-13T20:51:33.5929569+02:00" endTime="2022-06-13T20:51:33.5929918+02:00" testType="13cdc9d9-ddb5-4fa4-a97d-d965ccfc6d4b" outcome="Passed" testListId="8c84fa94-04c1-424b-9868-57a2d4851a1d" relativeResultsDirectory="b3ebfb7f-9649-4387-8d13-366c27221eff" />
    <UnitTestResult executionId="28945170-bf6c-4a75-97f2-fc15ca69dddc" testId="55105f60-a252-8b4a-ee9e-f959f50461df" testName="FormatToStringTest100(79973.08417819678d,&quot;79973.08 zł&quot;)" computerName="DESKTOP-5URQ9PB" duration="00:00:00.0000360" startTime="2022-06-13T20:51:33.5909557+02:00" endTime="2022-06-13T20:51:33.5909914+02:00" testType="13cdc9d9-ddb5-4fa4-a97d-d965ccfc6d4b" outcome="Passed" testListId="8c84fa94-04c1-424b-9868-57a2d4851a1d" relativeResultsDirectory="28945170-bf6c-4a75-97f2-fc15ca69dddc" />
    <UnitTestResult executionId="2e80186b-159e-41af-802b-ed73941ff1ca" testId="bc60038d-a8ea-2e7f-26de-80f8d367bef6" testName="FormatToStringTest100(11100.829211263372d,&quot;11100.83 zł&quot;)" computerName="DESKTOP-5URQ9PB" duration="00:00:00.0000330" startTime="2022-06-13T20:51:33.5917594+02:00" endTime="2022-06-13T20:51:33.5917925+02:00" testType="13cdc9d9-ddb5-4fa4-a97d-d965ccfc6d4b" outcome="Passed" testListId="8c84fa94-04c1-424b-9868-57a2d4851a1d" relativeResultsDirectory="2e80186b-159e-41af-802b-ed73941ff1ca" />
    <UnitTestResult executionId="2171d975-5980-4a90-9b56-a9a148a92e0e" testId="7423707e-221b-8128-5158-18f9b4198629" testName="FormatToStringTest100(31290.71396233687d,&quot;31290.71 zł&quot;)" computerName="DESKTOP-5URQ9PB" duration="00:00:00.0000380" startTime="2022-06-13T20:51:33.5936449+02:00" endTime="2022-06-13T20:51:33.5936820+02:00" testType="13cdc9d9-ddb5-4fa4-a97d-d965ccfc6d4b" outcome="Passed" testListId="8c84fa94-04c1-424b-9868-57a2d4851a1d" relativeResultsDirectory="2171d975-5980-4a90-9b56-a9a148a92e0e" />
    <UnitTestResult executionId="790a3023-f637-4ddc-9018-4ff8e603767e" testId="68684c63-5f16-5756-6180-2b0b9df43ad7" testName="FormatToStringTest100(67338.80028760935d,&quot;67338.80 zł&quot;)" computerName="DESKTOP-5URQ9PB" duration="00:00:00.0000380" startTime="2022-06-13T20:51:33.5920420+02:00" endTime="2022-06-13T20:51:33.5920796+02:00" testType="13cdc9d9-ddb5-4fa4-a97d-d965ccfc6d4b" outcome="Passed" testListId="8c84fa94-04c1-424b-9868-57a2d4851a1d" relativeResultsDirectory="790a3023-f637-4ddc-9018-4ff8e603767e" />
  </Results>
  <TestDefinitions>
    <UnitTest name="FormatToStringTest100(69864.17463991146d,&quot;69864.17 zł&quot;)" storage="c:\projekty\nunittestproject\bin\debug\netcoreapp3.1\nunittestproject.dll" id="44db8638-081a-8ce0-7d23-94e055f5a609">
      <Execution id="ff667681-5b72-48f5-9b83-c18eddd2bf71" />
      <TestMethod codeBase="C:\Projekty\NUnitTestProject\bin\Debug\netcoreapp3.1\NUnitTestProject.dll" adapterTypeName="executor://nunit3testexecutor/" className="NUnitTestProject.CurrencyHelperTests" name="FormatToStringTest100(69864.17463991146d,&quot;69864.17 zł&quot;)" />
    </UnitTest>
    <UnitTest name="FormatToStringTest100(1300.9430775404642d,&quot;1300.94 zł&quot;)" storage="c:\projekty\nunittestproject\bin\debug\netcoreapp3.1\nunittestproject.dll" id="4ccdf7c5-1b8e-f25d-e6ff-328e24995c79">
      <Execution id="aa1e22d7-6e49-48de-b1af-32e6dfb2c714" />
      <TestMethod codeBase="C:\Projekty\NUnitTestProject\bin\Debug\netcoreapp3.1\NUnitTestProject.dll" adapterTypeName="executor://nunit3testexecutor/" className="NUnitTestProject.CurrencyHelperTests" name="FormatToStringTest100(1300.9430775404642d,&quot;1300.94 zł&quot;)" />
    </UnitTest>
    <UnitTest name="FormatToStringTest100(28192.949128067565d,&quot;28192.95 zł&quot;)" storage="c:\projekty\nunittestproject\bin\debug\netcoreapp3.1\nunittestproject.dll" id="7f117d65-eaa4-3393-47ff-b5f2adc1ba26">
      <Execution id="02a9b5ce-8ad3-4e03-936e-d1f6a7d1b7d5" />
      <TestMethod codeBase="C:\Projekty\NUnitTestProject\bin\Debug\netcoreapp3.1\NUnitTestProject.dll" adapterTypeName="executor://nunit3testexecutor/" className="NUnitTestProject.CurrencyHelperTests" name="FormatToStringTest100(28192.949128067565d,&quot;28192.95 zł&quot;)" />
    </UnitTest>
    <UnitTest name="FormatToStringTest100(35145.379208063416d,&quot;35145.38 zł&quot;)" storage="c:\projekty\nunittestproject\bin\debug\netcoreapp3.1\nunittestproject.dll" id="02a2d8b6-604b-7623-31f1-22fa9c5dd6fb">
      <Execution id="ab13dccf-e693-4c11-839c-c0e0bf7b8c81" />
      <TestMethod codeBase="C:\Projekty\NUnitTestProject\bin\Debug\netcoreapp3.1\NUnitTestProject.dll" adapterTypeName="executor://nunit3testexecutor/" className="NUnitTestProject.CurrencyHelperTests" name="FormatToStringTest100(35145.379208063416d,&quot;35145.38 zł&quot;)" />
    </UnitTest>
    <UnitTest name="FormatToStringTest100(58848.60825001477d,&quot;58848.61 zł&quot;)" storage="c:\projekty\nunittestproject\bin\debug\netcoreapp3.1\nunittestproject.dll" id="8939b7b8-ff81-63bf-70dc-08f29a6ce586">
      <Execution id="c5c7ae3a-d710-4f81-88b1-0fd0a66f36a7" />
      <TestMethod codeBase="C:\Projekty\NUnitTestProject\bin\Debug\netcoreapp3.1\NUnitTestProject.dll" adapterTypeName="executor://nunit3testexecutor/" className="NUnitTestProject.CurrencyHelperTests" name="FormatToStringTest100(58848.60825001477d,&quot;58848.61 zł&quot;)" />
    </UnitTest>
    <UnitTest name="FormatToStringTest100(17953.338243749615d,&quot;17953.34 zł&quot;)" storage="c:\projekty\nunittestproject\bin\debug\netcoreapp3.1\nunittestproject.dll" id="2467c68f-1bc3-bd85-8310-dd76e33eebec">
      <Execution id="6b470632-bd0b-48a2-9845-c13476afb0de" />
      <TestMethod codeBase="C:\Projekty\NUnitTestProject\bin\Debug\netcoreapp3.1\NUnitTestProject.dll" adapterTypeName="executor://nunit3testexecutor/" className="NUnitTestProject.CurrencyHelperTests" name="FormatToStringTest100(17953.338243749615d,&quot;17953.34 zł&quot;)" />
    </UnitTest>
    <UnitTest name="FormatToStringTest100(39178.05988345298d,&quot;39178.06 zł&quot;)" storage="c:\projekty\nunittestproject\bin\debug\netcoreapp3.1\nunittestproject.dll" id="c5a97db9-c630-e39e-7e7c-43e80ae0249a">
      <Execution id="65ca1c69-2f6c-4842-b376-f2037e3bab5d" />
      <TestMethod codeBase="C:\Projekty\NUnitTestProject\bin\Debug\netcoreapp3.1\NUnitTestProject.dll" adapterTypeName="executor://nunit3testexecutor/" className="NUnitTestProject.CurrencyHelperTests" name="FormatToStringTest100(39178.05988345298d,&quot;39178.06 zł&quot;)" />
    </UnitTest>
    <UnitTest name="FormatToStringTest100(21961.272673999552d,&quot;21961.27 zł&quot;)" storage="c:\projekty\nunittestproject\bin\debug\netcoreapp3.1\nunittestproject.dll" id="6ae5af13-f172-7ae6-9d14-b0b6b031899f">
      <Execution id="be82645a-3024-4817-bd66-3366e1d64b82" />
      <TestMethod codeBase="C:\Projekty\NUnitTestProject\bin\Debug\netcoreapp3.1\NUnitTestProject.dll" adapterTypeName="executor://nunit3testexecutor/" className="NUnitTestProject.CurrencyHelperTests" name="FormatToStringTest100(21961.272673999552d,&quot;21961.27 zł&quot;)" />
    </UnitTest>
    <UnitTest name="FormatToStringTest100(66019.32414194118d,&quot;66019.32 zł&quot;)" storage="c:\projekty\nunittestproject\bin\debug\netcoreapp3.1\nunittestproject.dll" id="da5ec1b9-c89d-ab82-b4aa-e3b444b3e081">
      <Execution id="3c006f0f-8ff2-43e8-9a17-3345147a2735" />
      <TestMethod codeBase="C:\Projekty\NUnitTestProject\bin\Debug\netcoreapp3.1\NUnitTestProject.dll" adapterTypeName="executor://nunit3testexecutor/" className="NUnitTestProject.CurrencyHelperTests" name="FormatToStringTest100(66019.32414194118d,&quot;66019.32 zł&quot;)" />
    </UnitTest>
    <UnitTest name="FormatToStringTest100(5628.028273674672d,&quot;5628.03 zł&quot;)" storage="c:\projekty\nunittestproject\bin\debug\netcoreapp3.1\nunittestproject.dll" id="3175c89c-9311-2898-f31c-d62baf20a38b">
      <Execution id="c0073c8c-2b6a-4676-ad25-45fb1180b1f7" />
      <TestMethod codeBase="C:\Projekty\NUnitTestProject\bin\Debug\netcoreapp3.1\NUnitTestProject.dll" adapterTypeName="executor://nunit3testexecutor/" className="NUnitTestProject.CurrencyHelperTests" name="FormatToStringTest100(5628.028273674672d,&quot;5628.03 zł&quot;)" />
    </UnitTest>
    <UnitTest name="FormatToStringTest100(52020.805412759444d,&quot;52020.81 zł&quot;)" storage="c:\projekty\nunittestproject\bin\debug\netcoreapp3.1\nunittestproject.dll" id="af58900a-c4df-19c1-aa0f-7bad2b6a33dc">
      <Execution id="91deeab5-a204-484c-bec3-48b22f4138f1" />
      <TestMethod codeBase="C:\Projekty\NUnitTestProject\bin\Debug\netcoreapp3.1\NUnitTestProject.dll" adapterTypeName="executor://nunit3testexecutor/" className="NUnitTestProject.CurrencyHelperTests" name="FormatToStringTest100(52020.805412759444d,&quot;52020.81 zł&quot;)" />
    </UnitTest>
    <UnitTest name="FormatToStringTest100(34096.337879508894d,&quot;34096.34 zł&quot;)" storage="c:\projekty\nunittestproject\bin\debug\netcoreapp3.1\nunittestproject.dll" id="44373e51-799e-3e94-36f6-61e7eb361bdd">
      <Execution id="2bd631f1-34a0-45d6-a0c0-cd75eaa5b9e5" />
      <TestMethod codeBase="C:\Projekty\NUnitTestProject\bin\Debug\netcoreapp3.1\NUnitTestProject.dll" adapterTypeName="executor://nunit3testexecutor/" className="NUnitTestProject.CurrencyHelperTests" name="FormatToStringTest100(34096.337879508894d,&quot;34096.34 zł&quot;)" />
    </UnitTest>
    <UnitTest name="FormatToStringTest100(52858.048916166204d,&quot;52858.05 zł&quot;)" storage="c:\projekty\nunittestproject\bin\debug\netcoreapp3.1\nunittestproject.dll" id="8f9415dd-70b8-c527-026c-2122e53da756">
      <Execution id="1a3c043d-0f09-4b49-bc35-5c812eb6ff9d" />
      <TestMethod codeBase="C:\Projekty\NUnitTestProject\bin\Debug\netcoreapp3.1\NUnitTestProject.dll" adapterTypeName="executor://nunit3testexecutor/" className="NUnitTestProject.CurrencyHelperTests" name="FormatToStringTest100(52858.048916166204d,&quot;52858.05 zł&quot;)" />
    </UnitTest>
    <UnitTest name="FormatToStringTest100(86.89546322771136d,&quot;86.90 zł&quot;)" storage="c:\projekty\nunittestproject\bin\debug\netcoreapp3.1\nunittestproject.dll" id="38b31d6d-f852-2ebd-9634-fecf51566e90">
      <Execution id="9e436869-52a9-48e8-a2eb-18a80d6268cb" />
      <TestMethod codeBase="C:\Projekty\NUnitTestProject\bin\Debug\netcoreapp3.1\NUnitTestProject.dll" adapterTypeName="executor://nunit3testexecutor/" className="NUnitTestProject.CurrencyHelperTests" name="FormatToStringTest100(86.89546322771136d,&quot;86.90 zł&quot;)" />
    </UnitTest>
    <UnitTest name="FormatToStringTest100(15639.704937780603d,&quot;15639.70 zł&quot;)" storage="c:\projekty\nunittestproject\bin\debug\netcoreapp3.1\nunittestproject.dll" id="bb9f98f7-9d10-2bbf-0773-348287578945">
      <Execution id="33cb09f6-c871-4cec-8cef-521c8144f039" />
      <TestMethod codeBase="C:\Projekty\NUnitTestProject\bin\Debug\netcoreapp3.1\NUnitTestProject.dll" adapterTypeName="executor://nunit3testexecutor/" className="NUnitTestProject.CurrencyHelperTests" name="FormatToStringTest100(15639.704937780603d,&quot;15639.70 zł&quot;)" />
    </UnitTest>
    <UnitTest name="FormatToStringTest100(38640.62766693003d,&quot;38640.63 zł&quot;)" storage="c:\projekty\nunittestproject\bin\debug\netcoreapp3.1\nunittestproject.dll" id="7919cbdd-efef-77c6-b96b-a35d9751dc61">
      <Execution id="d1587ec8-7f3a-4d7e-9d45-3d6893aac97c" />
      <TestMethod codeBase="C:\Projekty\NUnitTestProject\bin\Debug\netcoreapp3.1\NUnitTestProject.dll" adapterTypeName="executor://nunit3testexecutor/" className="NUnitTestProject.CurrencyHelperTests" name="FormatToStringTest100(38640.62766693003d,&quot;38640.63 zł&quot;)" />
    </UnitTest>
    <UnitTest name="FormatToStringTest100(9867.823212210007d,&quot;9867.82 zł&quot;)" storage="c:\projekty\nunittestproject\bin\debug\netcoreapp3.1\nunittestproject.dll" id="d0a6cf86-cfdd-0432-5d16-67b34f44bcfa">
      <Execution id="30e64073-e7b5-4487-84af-bb95b10aa54e" />
      <TestMethod codeBase="C:\Projekty\NUnitTestProject\bin\Debug\netcoreapp3.1\NUnitTestProject.dll" adapterTypeName="executor://nunit3testexecutor/" className="NUnitTestProject.CurrencyHelperTests" name="FormatToStringTest100(9867.823212210007d,&quot;9867.82 zł&quot;)" />
    </UnitTest>
    <UnitTest name="FormatToStringTest100(2937.138486199611d,&quot;2937.14 zł&quot;)" storage="c:\projekty\nunittestproject\bin\debug\netcoreapp3.1\nunittestproject.dll" id="a32e39cd-63bd-b948-c34d-2792a9ad523c">
      <Execution id="717cfb77-498f-4afb-9a30-5e80ccc4cb5c" />
      <TestMethod codeBase="C:\Projekty\NUnitTestProject\bin\Debug\netcoreapp3.1\NUnitTestProject.dll" adapterTypeName="executor://nunit3testexecutor/" className="NUnitTestProject.CurrencyHelperTests" name="FormatToStringTest100(2937.138486199611d,&quot;2937.14 zł&quot;)" />
    </UnitTest>
    <UnitTest name="FormatToStringTest100(79.6815319544084d,&quot;79.68 zł&quot;)" storage="c:\projekty\nunittestproject\bin\debug\netcoreapp3.1\nunittestproject.dll" id="7b5657d1-871c-22e2-8b58-1e4af740074e">
      <Execution id="95c8b101-148d-4ada-9c56-e903229db227" />
      <TestMethod codeBase="C:\Projekty\NUnitTestProject\bin\Debug\netcoreapp3.1\NUnitTestProject.dll" adapterTypeName="executor://nunit3testexecutor/" className="NUnitTestProject.CurrencyHelperTests" name="FormatToStringTest100(79.6815319544084d,&quot;79.68 zł&quot;)" />
    </UnitTest>
    <UnitTest name="FormatToStringTest100(7789.7136237517525d,&quot;7789.71 zł&quot;)" storage="c:\projekty\nunittestproject\bin\debug\netcoreapp3.1\nunittestproject.dll" id="4a85d0e2-7867-4a37-3a69-cfba3fa4e599">
      <Execution id="68e01da2-f218-4cd7-89f8-20916caaf91f" />
      <TestMethod codeBase="C:\Projekty\NUnitTestProject\bin\Debug\netcoreapp3.1\NUnitTestProject.dll" adapterTypeName="executor://nunit3testexecutor/" className="NUnitTestProject.CurrencyHelperTests" name="FormatToStringTest100(7789.7136237517525d,&quot;7789.71 zł&quot;)" />
    </UnitTest>
    <UnitTest name="FormatToStringTest100(35784.54232617307d,&quot;35784.54 zł&quot;)" storage="c:\projekty\nunittestproject\bin\debug\netcoreapp3.1\nunittestproject.dll" id="40d78239-8f39-5058-3911-ca4c3976e207">
      <Execution id="c360bbda-c70c-4de1-8994-264081d08754" />
      <TestMethod codeBase="C:\Projekty\NUnitTestProject\bin\Debug\netcoreapp3.1\NUnitTestProject.dll" adapterTypeName="executor://nunit3testexecutor/" className="NUnitTestProject.CurrencyHelperTests" name="FormatToStringTest100(35784.54232617307d,&quot;35784.54 zł&quot;)" />
    </UnitTest>
    <UnitTest name="FormatToStringTest100(28502.61128259758d,&quot;28502.61 zł&quot;)" storage="c:\projekty\nunittestproject\bin\debug\netcoreapp3.1\nunittestproject.dll" id="d75012f1-d6f6-c8c8-6052-216572e6d09a">
      <Execution id="481e6eca-77f5-45e6-b3f7-9872b3af5a76" />
      <TestMethod codeBase="C:\Projekty\NUnitTestProject\bin\Debug\netcoreapp3.1\NUnitTestProject.dll" adapterTypeName="executor://nunit3testexecutor/" className="NUnitTestProject.CurrencyHelperTests" name="FormatToStringTest100(28502.61128259758d,&quot;28502.61 zł&quot;)" />
    </UnitTest>
    <UnitTest name="FormatToStringTest100(17252.06220983903d,&quot;17252.06 zł&quot;)" storage="c:\projekty\nunittestproject\bin\debug\netcoreapp3.1\nunittestproject.dll" id="d5607c40-0e03-cf87-1ac7-663c6c348c83">
      <Execution id="9945b20e-c063-43eb-ada9-c047ea40d158" />
      <TestMethod codeBase="C:\Projekty\NUnitTestProject\bin\Debug\netcoreapp3.1\NUnitTestProject.dll" adapterTypeName="executor://nunit3testexecutor/" className="NUnitTestProject.CurrencyHelperTests" name="FormatToStringTest100(17252.06220983903d,&quot;17252.06 zł&quot;)" />
    </UnitTest>
    <UnitTest name="FormatToStringTest100(32632.105531036905d,&quot;32632.11 zł&quot;)" storage="c:\projekty\nunittestproject\bin\debug\netcoreapp3.1\nunittestproject.dll" id="7f364af7-1a4c-2e9e-a4ab-c96e4d59ad29">
      <Execution id="da3ac6b3-10df-4c38-a508-fafa37f7f191" />
      <TestMethod codeBase="C:\Projekty\NUnitTestProject\bin\Debug\netcoreapp3.1\NUnitTestProject.dll" adapterTypeName="executor://nunit3testexecutor/" className="NUnitTestProject.CurrencyHelperTests" name="FormatToStringTest100(32632.105531036905d,&quot;32632.11 zł&quot;)" />
    </UnitTest>
    <UnitTest name="FormatToStringTest100(80609.94377465078d,&quot;80609.94 zł&quot;)" storage="c:\projekty\nunittestproject\bin\debug\netcoreapp3.1\nunittestproject.dll" id="642d2869-679c-7098-495e-642b3c4d783b">
      <Execution id="79cccc43-b5ac-419c-bfb0-60814c367674" />
      <TestMethod codeBase="C:\Projekty\NUnitTestProject\bin\Debug\netcoreapp3.1\NUnitTestProject.dll" adapterTypeName="executor://nunit3testexecutor/" className="NUnitTestProject.CurrencyHelperTests" name="FormatToStringTest100(80609.94377465078d,&quot;80609.94 zł&quot;)" />
    </UnitTest>
    <UnitTest name="FormatToStringTest100(31300.40752580967d,&quot;31300.41 zł&quot;)" storage="c:\projekty\nunittestproject\bin\debug\netcoreapp3.1\nunittestproject.dll" id="fb8758b6-fbc2-fee5-8fca-8577ec51ec3b">
      <Execution id="97043355-e60d-464d-968d-d5c8e757d873" />
      <TestMethod codeBase="C:\Projekty\NUnitTestProject\bin\Debug\netcoreapp3.1\NUnitTestProject.dll" adapterTypeName="executor://nunit3testexecutor/" className="NUnitTestProject.CurrencyHelperTests" name="FormatToStringTest100(31300.40752580967d,&quot;31300.41 zł&quot;)" />
    </UnitTest>
    <UnitTest name="FormatToStringTest100(1649.0127968480872d,&quot;1649.01 zł&quot;)" storage="c:\projekty\nunittestproject\bin\debug\netcoreapp3.1\nunittestproject.dll" id="74cd5e35-cf5d-a7eb-ff81-196bcb803f0c">
      <Execution id="4b927c85-09d3-4009-bdc3-6e5d9beef8b9" />
      <TestMethod codeBase="C:\Projekty\NUnitTestProject\bin\Debug\netcoreapp3.1\NUnitTestProject.dll" adapterTypeName="executor://nunit3testexecutor/" className="NUnitTestProject.CurrencyHelperTests" name="FormatToStringTest100(1649.0127968480872d,&quot;1649.01 zł&quot;)" />
    </UnitTest>
    <UnitTest name="FormatToStringTest100(20244.692955315437d,&quot;20244.69 zł&quot;)" storage="c:\projekty\nunittestproject\bin\debug\netcoreapp3.1\nunittestproject.dll" id="e570d006-f8c6-2527-78e0-897122dd716e">
      <Execution id="1d2a00fd-2607-4515-99c8-b7085592b940" />
      <TestMethod codeBase="C:\Projekty\NUnitTestProject\bin\Debug\netcoreapp3.1\NUnitTestProject.dll" adapterTypeName="executor://nunit3testexecutor/" className="NUnitTestProject.CurrencyHelperTests" name="FormatToStringTest100(20244.692955315437d,&quot;20244.69 zł&quot;)" />
    </UnitTest>
    <UnitTest name="FormatToStringTest100(6809.40195803037d,&quot;6809.40 zł&quot;)" storage="c:\projekty\nunittestproject\bin\debug\netcoreapp3.1\nunittestproject.dll" id="a3a62b11-2538-ecb1-962d-5432f1e041eb">
      <Execution id="34545656-2b40-4115-9bf7-0035cd20c0b7" />
      <TestMethod codeBase="C:\Projekty\NUnitTestProject\bin\Debug\netcoreapp3.1\NUnitTestProject.dll" adapterTypeName="executor://nunit3testexecutor/" className="NUnitTestProject.CurrencyHelperTests" name="FormatToStringTest100(6809.40195803037d,&quot;6809.40 zł&quot;)" />
    </UnitTest>
    <UnitTest name="FormatToStringTest100(918.1842976688334d,&quot;918.18 zł&quot;)" storage="c:\projekty\nunittestproject\bin\debug\netcoreapp3.1\nunittestproject.dll" id="476c9edc-b6ea-cbad-6c80-83085ed5206c">
      <Execution id="6ace6d36-fd70-48d2-a780-7c15206001e1" />
      <TestMethod codeBase="C:\Projekty\NUnitTestProject\bin\Debug\netcoreapp3.1\NUnitTestProject.dll" adapterTypeName="executor://nunit3testexecutor/" className="NUnitTestProject.CurrencyHelperTests" name="FormatToStringTest100(918.1842976688334d,&quot;918.18 zł&quot;)" />
    </UnitTest>
    <UnitTest name="FormatToStringTest100(70771.4436677524d,&quot;70771.44 zł&quot;)" storage="c:\projekty\nunittestproject\bin\debug\netcoreapp3.1\nunittestproject.dll" id="4ec0800c-e01f-aa73-19f1-180137b3dfdf">
      <Execution id="8ef4eab0-5b16-4f19-b4ab-a7544a59fdc0" />
      <TestMethod codeBase="C:\Projekty\NUnitTestProject\bin\Debug\netcoreapp3.1\NUnitTestProject.dll" adapterTypeName="executor://nunit3testexecutor/" className="NUnitTestProject.CurrencyHelperTests" name="FormatToStringTest100(70771.4436677524d,&quot;70771.44 zł&quot;)" />
    </UnitTest>
    <UnitTest name="FormatToStringTest100(46898.00219497783d,&quot;46898.00 zł&quot;)" storage="c:\projekty\nunittestproject\bin\debug\netcoreapp3.1\nunittestproject.dll" id="5979600d-d5d6-1c59-8a74-a8946a5412a6">
      <Execution id="164db85e-7702-472c-8cc8-e402cef43379" />
      <TestMethod codeBase="C:\Projekty\NUnitTestProject\bin\Debug\netcoreapp3.1\NUnitTestProject.dll" adapterTypeName="executor://nunit3testexecutor/" className="NUnitTestProject.CurrencyHelperTests" name="FormatToStringTest100(46898.00219497783d,&quot;46898.00 zł&quot;)" />
    </UnitTest>
    <UnitTest name="FormatToStringTest100(3521.3657738167635d,&quot;3521.37 zł&quot;)" storage="c:\projekty\nunittestproject\bin\debug\netcoreapp3.1\nunittestproject.dll" id="4f9e6f5b-43a2-746f-e9ea-c62ab0b035f9">
      <Execution id="1993f912-3aaf-4fa1-a8ed-f0fee151d5ac" />
      <TestMethod codeBase="C:\Projekty\NUnitTestProject\bin\Debug\netcoreapp3.1\NUnitTestProject.dll" adapterTypeName="executor://nunit3testexecutor/" className="NUnitTestProject.CurrencyHelperTests" name="FormatToStringTest100(3521.3657738167635d,&quot;3521.37 zł&quot;)" />
    </UnitTest>
    <UnitTest name="FormatToStringTest100(33206.73122987837d,&quot;33206.73 zł&quot;)" storage="c:\projekty\nunittestproject\bin\debug\netcoreapp3.1\nunittestproject.dll" id="c8831b39-bf2b-06d6-5219-c1aac5b93a03">
      <Execution id="cbba7411-b124-4a1d-a23e-601497ae751e" />
      <TestMethod codeBase="C:\Projekty\NUnitTestProject\bin\Debug\netcoreapp3.1\NUnitTestProject.dll" adapterTypeName="executor://nunit3testexecutor/" className="NUnitTestProject.CurrencyHelperTests" name="FormatToStringTest100(33206.73122987837d,&quot;33206.73 zł&quot;)" />
    </UnitTest>
    <UnitTest name="FormatToStringTest100(7594.279030504766d,&quot;7594.28 zł&quot;)" storage="c:\projekty\nunittestproject\bin\debug\netcoreapp3.1\nunittestproject.dll" id="6dd51b97-674e-6b9d-f047-ad979eb0870e">
      <Execution id="6ead18bd-4093-4989-9906-b49850ecb91e" />
      <TestMethod codeBase="C:\Projekty\NUnitTestProject\bin\Debug\netcoreapp3.1\NUnitTestProject.dll" adapterTypeName="executor://nunit3testexecutor/" className="NUnitTestProject.CurrencyHelperTests" name="FormatToStringTest100(7594.279030504766d,&quot;7594.28 zł&quot;)" />
    </UnitTest>
    <UnitTest name="FormatToStringTest100(77904.0088552246d,&quot;77904.01 zł&quot;)" storage="c:\projekty\nunittestproject\bin\debug\netcoreapp3.1\nunittestproject.dll" id="6c73a1d1-2654-d03d-8bff-b9bca4e437ad">
      <Execution id="c07d7c26-ea96-4672-bcbf-c9eabda4b092" />
      <TestMethod codeBase="C:\Projekty\NUnitTestProject\bin\Debug\netcoreapp3.1\NUnitTestProject.dll" adapterTypeName="executor://nunit3testexecutor/" className="NUnitTestProject.CurrencyHelperTests" name="FormatToStringTest100(77904.0088552246d,&quot;77904.01 zł&quot;)" />
    </UnitTest>
    <UnitTest name="FormatToStringTest100(9816.961298880615d,&quot;9816.96 zł&quot;)" storage="c:\projekty\nunittestproject\bin\debug\netcoreapp3.1\nunittestproject.dll" id="e36f3ecc-8033-228e-9e4e-38062b6e56ea">
      <Execution id="341f088f-be71-419c-ab3c-33bbf1a5ac8f" />
      <TestMethod codeBase="C:\Projekty\NUnitTestProject\bin\Debug\netcoreapp3.1\NUnitTestProject.dll" adapterTypeName="executor://nunit3testexecutor/" className="NUnitTestProject.CurrencyHelperTests" name="FormatToStringTest100(9816.961298880615d,&quot;9816.96 zł&quot;)" />
    </UnitTest>
    <UnitTest name="FormatToStringTest100(63507.32603545455d,&quot;63507.33 zł&quot;)" storage="c:\projekty\nunittestproject\bin\debug\netcoreapp3.1\nunittestproject.dll" id="8f7eaa04-9e7b-2fbd-6154-590301c05ba7">
      <Execution id="3a793fba-6b08-4983-b59a-750127aabe89" />
      <TestMethod codeBase="C:\Projekty\NUnitTestProject\bin\Debug\netcoreapp3.1\NUnitTestProject.dll" adapterTypeName="executor://nunit3testexecutor/" className="NUnitTestProject.CurrencyHelperTests" name="FormatToStringTest100(63507.32603545455d,&quot;63507.33 zł&quot;)" />
    </UnitTest>
    <UnitTest name="FormatToStringTest100(50991.22189691114d,&quot;50991.22 zł&quot;)" storage="c:\projekty\nunittestproject\bin\debug\netcoreapp3.1\nunittestproject.dll" id="a7906eba-4ddd-f057-76e4-695c12f668f7">
      <Execution id="bb375f9c-14ce-4a03-b6cf-9f043e8e0ff9" />
      <TestMethod codeBase="C:\Projekty\NUnitTestProject\bin\Debug\netcoreapp3.1\NUnitTestProject.dll" adapterTypeName="executor://nunit3testexecutor/" className="NUnitTestProject.CurrencyHelperTests" name="FormatToStringTest100(50991.22189691114d,&quot;50991.22 zł&quot;)" />
    </UnitTest>
    <UnitTest name="FormatToStringTest100(67338.80028760935d,&quot;67338.80 zł&quot;)" storage="c:\projekty\nunittestproject\bin\debug\netcoreapp3.1\nunittestproject.dll" id="68684c63-5f16-5756-6180-2b0b9df43ad7">
      <Execution id="790a3023-f637-4ddc-9018-4ff8e603767e" />
      <TestMethod codeBase="C:\Projekty\NUnitTestProject\bin\Debug\netcoreapp3.1\NUnitTestProject.dll" adapterTypeName="executor://nunit3testexecutor/" className="NUnitTestProject.CurrencyHelperTests" name="FormatToStringTest100(67338.80028760935d,&quot;67338.80 zł&quot;)" />
    </UnitTest>
    <UnitTest name="FormatToStringTest100(27050.586848031067d,&quot;27050.59 zł&quot;)" storage="c:\projekty\nunittestproject\bin\debug\netcoreapp3.1\nunittestproject.dll" id="32c30dee-17e8-bc72-ad30-e19ba3161b9e">
      <Execution id="430bcdf4-e8ea-4182-8199-6c9e60940656" />
      <TestMethod codeBase="C:\Projekty\NUnitTestProject\bin\Debug\netcoreapp3.1\NUnitTestProject.dll" adapterTypeName="executor://nunit3testexecutor/" className="NUnitTestProject.CurrencyHelperTests" name="FormatToStringTest100(27050.586848031067d,&quot;27050.59 zł&quot;)" />
    </UnitTest>
    <UnitTest name="FormatToStringTest100(8499.121443388574d,&quot;8499.12 zł&quot;)" storage="c:\projekty\nunittestproject\bin\debug\netcoreapp3.1\nunittestproject.dll" id="f914ee86-c2ad-95a7-e682-fa878f9f31a5">
      <Execution id="5eee9f04-ee77-4614-aace-90ca24eab4c3" />
      <TestMethod codeBase="C:\Projekty\NUnitTestProject\bin\Debug\netcoreapp3.1\NUnitTestProject.dll" adapterTypeName="executor://nunit3testexecutor/" className="NUnitTestProject.CurrencyHelperTests" name="FormatToStringTest100(8499.121443388574d,&quot;8499.12 zł&quot;)" />
    </UnitTest>
    <UnitTest name="FormatToStringTest100(24957.469502810607d,&quot;24957.47 zł&quot;)" storage="c:\projekty\nunittestproject\bin\debug\netcoreapp3.1\nunittestproject.dll" id="7df4ba29-38dd-828e-22e5-9f7e850eb994">
      <Execution id="b418d406-23e2-4b73-8750-119ef759bc54" />
      <TestMethod codeBase="C:\Projekty\NUnitTestProject\bin\Debug\netcoreapp3.1\NUnitTestProject.dll" adapterTypeName="executor://nunit3testexecutor/" className="NUnitTestProject.CurrencyHelperTests" name="FormatToStringTest100(24957.469502810607d,&quot;24957.47 zł&quot;)" />
    </UnitTest>
    <UnitTest name="FormatToStringTest100(27893.312729890138d,&quot;27893.31 zł&quot;)" storage="c:\projekty\nunittestproject\bin\debug\netcoreapp3.1\nunittestproject.dll" id="a0940c02-10c2-a2ca-c99e-b2f24d99f98d">
      <Execution id="392c2224-68b9-41fe-aa38-4ef200080e2f" />
      <TestMethod codeBase="C:\Projekty\NUnitTestProject\bin\Debug\netcoreapp3.1\NUnitTestProject.dll" adapterTypeName="executor://nunit3testexecutor/" className="NUnitTestProject.CurrencyHelperTests" name="FormatToStringTest100(27893.312729890138d,&quot;27893.31 zł&quot;)" />
    </UnitTest>
    <UnitTest name="FormatToStringTest100(159.83786031922224d,&quot;159.84 zł&quot;)" storage="c:\projekty\nunittestproject\bin\debug\netcoreapp3.1\nunittestproject.dll" id="b058c171-2407-459c-7b57-a44deff88712">
      <Execution id="e9309b01-9fb1-413d-b6b1-f6042d735c11" />
      <TestMethod codeBase="C:\Projekty\NUnitTestProject\bin\Debug\netcoreapp3.1\NUnitTestProject.dll" adapterTypeName="executor://nunit3testexecutor/" className="NUnitTestProject.CurrencyHelperTests" name="FormatToStringTest100(159.83786031922224d,&quot;159.84 zł&quot;)" />
    </UnitTest>
    <UnitTest name="FormatToStringTest100(6890.028458985514d,&quot;6890.03 zł&quot;)" storage="c:\projekty\nunittestproject\bin\debug\netcoreapp3.1\nunittestproject.dll" id="d07b46f4-88eb-bfa4-6fe4-d6ba0c12fe8f">
      <Execution id="59ffc453-804f-484c-892c-38ae590a1fff" />
      <TestMethod codeBase="C:\Projekty\NUnitTestProject\bin\Debug\netcoreapp3.1\NUnitTestProject.dll" adapterTypeName="executor://nunit3testexecutor/" className="NUnitTestProject.CurrencyHelperTests" name="FormatToStringTest100(6890.028458985514d,&quot;6890.03 zł&quot;)" />
    </UnitTest>
    <UnitTest name="FormatToStringTest100(736.7398243680316d,&quot;736.74 zł&quot;)" storage="c:\projekty\nunittestproject\bin\debug\netcoreapp3.1\nunittestproject.dll" id="c2636c45-ffae-32b8-cabd-dfdc2e3d89d2">
      <Execution id="b3ebfb7f-9649-4387-8d13-366c27221eff" />
      <TestMethod codeBase="C:\Projekty\NUnitTestProject\bin\Debug\netcoreapp3.1\NUnitTestProject.dll" adapterTypeName="executor://nunit3testexecutor/" className="NUnitTestProject.CurrencyHelperTests" name="FormatToStringTest100(736.7398243680316d,&quot;736.74 zł&quot;)" />
    </UnitTest>
    <UnitTest name="FormatToStringTest100(22604.838218828587d,&quot;22604.84 zł&quot;)" storage="c:\projekty\nunittestproject\bin\debug\netcoreapp3.1\nunittestproject.dll" id="710c032e-d39d-8d3b-a713-86e049d87044">
      <Execution id="47d9a90d-f274-4772-992b-be306ccc775f" />
      <TestMethod codeBase="C:\Projekty\NUnitTestProject\bin\Debug\netcoreapp3.1\NUnitTestProject.dll" adapterTypeName="executor://nunit3testexecutor/" className="NUnitTestProject.CurrencyHelperTests" name="FormatToStringTest100(22604.838218828587d,&quot;22604.84 zł&quot;)" />
    </UnitTest>
    <UnitTest name="FormatToStringTest100(79973.08417819678d,&quot;79973.08 zł&quot;)" storage="c:\projekty\nunittestproject\bin\debug\netcoreapp3.1\nunittestproject.dll" id="55105f60-a252-8b4a-ee9e-f959f50461df">
      <Execution id="28945170-bf6c-4a75-97f2-fc15ca69dddc" />
      <TestMethod codeBase="C:\Projekty\NUnitTestProject\bin\Debug\netcoreapp3.1\NUnitTestProject.dll" adapterTypeName="executor://nunit3testexecutor/" className="NUnitTestProject.CurrencyHelperTests" name="FormatToStringTest100(79973.08417819678d,&quot;79973.08 zł&quot;)" />
    </UnitTest>
    <UnitTest name="FormatToStringTest100(12949.590713378317d,&quot;12949.59 zł&quot;)" storage="c:\projekty\nunittestproject\bin\debug\netcoreapp3.1\nunittestproject.dll" id="5ca8472c-ed3c-7743-d772-01a1bacc08cf">
      <Execution id="61e2b579-87fe-4426-8a80-d19163ad7c43" />
      <TestMethod codeBase="C:\Projekty\NUnitTestProject\bin\Debug\netcoreapp3.1\NUnitTestProject.dll" adapterTypeName="executor://nunit3testexecutor/" className="NUnitTestProject.CurrencyHelperTests" name="FormatToStringTest100(12949.590713378317d,&quot;12949.59 zł&quot;)" />
    </UnitTest>
    <UnitTest name="FormatToStringTest100(22291.653251342315d,&quot;22291.65 zł&quot;)" storage="c:\projekty\nunittestproject\bin\debug\netcoreapp3.1\nunittestproject.dll" id="73e4a8c3-f139-990a-bc9e-43cbdff15e01">
      <Execution id="ba5ca10a-a1fe-4e0b-a8dc-da6fb465bd60" />
      <TestMethod codeBase="C:\Projekty\NUnitTestProject\bin\Debug\netcoreapp3.1\NUnitTestProject.dll" adapterTypeName="executor://nunit3testexecutor/" className="NUnitTestProject.CurrencyHelperTests" name="FormatToStringTest100(22291.653251342315d,&quot;22291.65 zł&quot;)" />
    </UnitTest>
    <UnitTest name="FormatToStringTest100(10784.438152511344d,&quot;10784.44 zł&quot;)" storage="c:\projekty\nunittestproject\bin\debug\netcoreapp3.1\nunittestproject.dll" id="2f08def2-23e6-739d-cc7a-7a09510b67ea">
      <Execution id="8f14409e-dc16-493a-b518-eb6483d78cac" />
      <TestMethod codeBase="C:\Projekty\NUnitTestProject\bin\Debug\netcoreapp3.1\NUnitTestProject.dll" adapterTypeName="executor://nunit3testexecutor/" className="NUnitTestProject.CurrencyHelperTests" name="FormatToStringTest100(10784.438152511344d,&quot;10784.44 zł&quot;)" />
    </UnitTest>
    <UnitTest name="FormatToStringTest100(14237.13226245955d,&quot;14237.13 zł&quot;)" storage="c:\projekty\nunittestproject\bin\debug\netcoreapp3.1\nunittestproject.dll" id="6f964e27-f684-37ef-0fe4-6db993d07017">
      <Execution id="b99bd499-a38a-4057-9715-7414a0af9184" />
      <TestMethod codeBase="C:\Projekty\NUnitTestProject\bin\Debug\netcoreapp3.1\NUnitTestProject.dll" adapterTypeName="executor://nunit3testexecutor/" className="NUnitTestProject.CurrencyHelperTests" name="FormatToStringTest100(14237.13226245955d,&quot;14237.13 zł&quot;)" />
    </UnitTest>
    <UnitTest name="FormatToStringTest100(45035.160883881224d,&quot;45035.16 zł&quot;)" storage="c:\projekty\nunittestproject\bin\debug\netcoreapp3.1\nunittestproject.dll" id="905708b7-164a-0db6-1796-f60b9303ead6">
      <Execution id="01b2a0c8-d218-4885-8cdf-67a9defb6f76" />
      <TestMethod codeBase="C:\Projekty\NUnitTestProject\bin\Debug\netcoreapp3.1\NUnitTestProject.dll" adapterTypeName="executor://nunit3testexecutor/" className="NUnitTestProject.CurrencyHelperTests" name="FormatToStringTest100(45035.160883881224d,&quot;45035.16 zł&quot;)" />
    </UnitTest>
    <UnitTest name="FormatToStringTest100(18990.72499258012d,&quot;18990.72 zł&quot;)" storage="c:\projekty\nunittestproject\bin\debug\netcoreapp3.1\nunittestproject.dll" id="e2700cee-eb5b-94db-dadd-a33ff5cf6ee6">
      <Execution id="9446be9a-9633-4018-be0f-34c6298b6fab" />
      <TestMethod codeBase="C:\Projekty\NUnitTestProject\bin\Debug\netcoreapp3.1\NUnitTestProject.dll" adapterTypeName="executor://nunit3testexecutor/" className="NUnitTestProject.CurrencyHelperTests" name="FormatToStringTest100(18990.72499258012d,&quot;18990.72 zł&quot;)" />
    </UnitTest>
    <UnitTest name="FormatToStringTest100(16986.338876065027d,&quot;16986.34 zł&quot;)" storage="c:\projekty\nunittestproject\bin\debug\netcoreapp3.1\nunittestproject.dll" id="df63a8e8-b664-17f1-364e-31895b9a1463">
      <Execution id="05633d79-ea42-4e99-b8ac-175695913f6d" />
      <TestMethod codeBase="C:\Projekty\NUnitTestProject\bin\Debug\netcoreapp3.1\NUnitTestProject.dll" adapterTypeName="executor://nunit3testexecutor/" className="NUnitTestProject.CurrencyHelperTests" name="FormatToStringTest100(16986.338876065027d,&quot;16986.34 zł&quot;)" />
    </UnitTest>
    <UnitTest name="FormatToStringTest100(22666.13578912995d,&quot;22666.14 zł&quot;)" storage="c:\projekty\nunittestproject\bin\debug\netcoreapp3.1\nunittestproject.dll" id="b69457d8-d004-7265-0ffe-f1f1b36f446a">
      <Execution id="69fef6fe-7f8e-410a-a155-665944c3a0f5" />
      <TestMethod codeBase="C:\Projekty\NUnitTestProject\bin\Debug\netcoreapp3.1\NUnitTestProject.dll" adapterTypeName="executor://nunit3testexecutor/" className="NUnitTestProject.CurrencyHelperTests" name="FormatToStringTest100(22666.13578912995d,&quot;22666.14 zł&quot;)" />
    </UnitTest>
    <UnitTest name="FormatToStringTest100(6958.393354767186d,&quot;6958.39 zł&quot;)" storage="c:\projekty\nunittestproject\bin\debug\netcoreapp3.1\nunittestproject.dll" id="17a04856-0f1c-ab7a-1a01-1d07ebf4dd98">
      <Execution id="69dbc904-db21-4583-aac9-5491655a101f" />
      <TestMethod codeBase="C:\Projekty\NUnitTestProject\bin\Debug\netcoreapp3.1\NUnitTestProject.dll" adapterTypeName="executor://nunit3testexecutor/" className="NUnitTestProject.CurrencyHelperTests" name="FormatToStringTest100(6958.393354767186d,&quot;6958.39 zł&quot;)" />
    </UnitTest>
    <UnitTest name="FormatToStringTest100(7124.979180760672d,&quot;7124.98 zł&quot;)" storage="c:\projekty\nunittestproject\bin\debug\netcoreapp3.1\nunittestproject.dll" id="6e6925d1-75e5-a13f-cd68-43233a607f3d">
      <Execution id="40843e19-580b-4fcb-80d0-4c38134954f2" />
      <TestMethod codeBase="C:\Projekty\NUnitTestProject\bin\Debug\netcoreapp3.1\NUnitTestProject.dll" adapterTypeName="executor://nunit3testexecutor/" className="NUnitTestProject.CurrencyHelperTests" name="FormatToStringTest100(7124.979180760672d,&quot;7124.98 zł&quot;)" />
    </UnitTest>
    <UnitTest name="FormatToStringTest100(78822.37212685234d,&quot;78822.37 zł&quot;)" storage="c:\projekty\nunittestproject\bin\debug\netcoreapp3.1\nunittestproject.dll" id="b1eb6943-1b02-4d9c-02f3-a7fb091a5c55">
      <Execution id="880b4084-eca7-498e-8798-ee6f8cd637aa" />
      <TestMethod codeBase="C:\Projekty\NUnitTestProject\bin\Debug\netcoreapp3.1\NUnitTestProject.dll" adapterTypeName="executor://nunit3testexecutor/" className="NUnitTestProject.CurrencyHelperTests" name="FormatToStringTest100(78822.37212685234d,&quot;78822.37 zł&quot;)" />
    </UnitTest>
    <UnitTest name="FormatToStringTest100(96.75594581512546d,&quot;96.76 zł&quot;)" storage="c:\projekty\nunittestproject\bin\debug\netcoreapp3.1\nunittestproject.dll" id="97add3a7-18d1-8ae3-a700-3b9a6e54f2a9">
      <Execution id="543f808a-1dcf-4551-a910-30d1f150fd63" />
      <TestMethod codeBase="C:\Projekty\NUnitTestProject\bin\Debug\netcoreapp3.1\NUnitTestProject.dll" adapterTypeName="executor://nunit3testexecutor/" className="NUnitTestProject.CurrencyHelperTests" name="FormatToStringTest100(96.75594581512546d,&quot;96.76 zł&quot;)" />
    </UnitTest>
    <UnitTest name="FormatToStringTest100(32216.686763396807d,&quot;32216.69 zł&quot;)" storage="c:\projekty\nunittestproject\bin\debug\netcoreapp3.1\nunittestproject.dll" id="f1f7b0d5-822c-33e5-b9ff-f30531705ff1">
      <Execution id="56ebeec6-013a-4440-ac54-9c0ba225a8ad" />
      <TestMethod codeBase="C:\Projekty\NUnitTestProject\bin\Debug\netcoreapp3.1\NUnitTestProject.dll" adapterTypeName="executor://nunit3testexecutor/" className="NUnitTestProject.CurrencyHelperTests" name="FormatToStringTest100(32216.686763396807d,&quot;32216.69 zł&quot;)" />
    </UnitTest>
    <UnitTest name="FormatToStringTest100(1614.2516601789982d,&quot;1614.25 zł&quot;)" storage="c:\projekty\nunittestproject\bin\debug\netcoreapp3.1\nunittestproject.dll" id="02c02901-0347-558c-6501-8babfd6a6a4a">
      <Execution id="9f683c83-dcf2-4353-aa84-bca91232d3e2" />
      <TestMethod codeBase="C:\Projekty\NUnitTestProject\bin\Debug\netcoreapp3.1\NUnitTestProject.dll" adapterTypeName="executor://nunit3testexecutor/" className="NUnitTestProject.CurrencyHelperTests" name="FormatToStringTest100(1614.2516601789982d,&quot;1614.25 zł&quot;)" />
    </UnitTest>
    <UnitTest name="FormatToStringTest100(75350.77330865282d,&quot;75350.77 zł&quot;)" storage="c:\projekty\nunittestproject\bin\debug\netcoreapp3.1\nunittestproject.dll" id="8e900221-d77a-d627-361c-9ca1a5beba60">
      <Execution id="eb5e479a-54c5-4aee-9d70-aa110caf7366" />
      <TestMethod codeBase="C:\Projekty\NUnitTestProject\bin\Debug\netcoreapp3.1\NUnitTestProject.dll" adapterTypeName="executor://nunit3testexecutor/" className="NUnitTestProject.CurrencyHelperTests" name="FormatToStringTest100(75350.77330865282d,&quot;75350.77 zł&quot;)" />
    </UnitTest>
    <UnitTest name="FormatToStringTest100(726.8087564975995d,&quot;726.81 zł&quot;)" storage="c:\projekty\nunittestproject\bin\debug\netcoreapp3.1\nunittestproject.dll" id="9ea4a98e-a00d-a47e-d475-c2b7e3bc350d">
      <Execution id="9ec51619-d075-4681-8149-eef0d68f3025" />
      <TestMethod codeBase="C:\Projekty\NUnitTestProject\bin\Debug\netcoreapp3.1\NUnitTestProject.dll" adapterTypeName="executor://nunit3testexecutor/" className="NUnitTestProject.CurrencyHelperTests" name="FormatToStringTest100(726.8087564975995d,&quot;726.81 zł&quot;)" />
    </UnitTest>
    <UnitTest name="FormatToStringTest100(62975.496334776515d,&quot;62975.50 zł&quot;)" storage="c:\projekty\nunittestproject\bin\debug\netcoreapp3.1\nunittestproject.dll" id="e25a10b5-5264-4837-7f5e-e77f0fe36b19">
      <Execution id="28b5d0de-0ec2-4adb-a5f7-093ad6a52c3a" />
      <TestMethod codeBase="C:\Projekty\NUnitTestProject\bin\Debug\netcoreapp3.1\NUnitTestProject.dll" adapterTypeName="executor://nunit3testexecutor/" className="NUnitTestProject.CurrencyHelperTests" name="FormatToStringTest100(62975.496334776515d,&quot;62975.50 zł&quot;)" />
    </UnitTest>
    <UnitTest name="FormatToStringTest100(10268.547802396373d,&quot;10268.55 zł&quot;)" storage="c:\projekty\nunittestproject\bin\debug\netcoreapp3.1\nunittestproject.dll" id="8a579aef-fa33-44e5-d72c-f84816f89dda">
      <Execution id="9c3f6ed9-d1e5-403c-b90f-b786a1f1526f" />
      <TestMethod codeBase="C:\Projekty\NUnitTestProject\bin\Debug\netcoreapp3.1\NUnitTestProject.dll" adapterTypeName="executor://nunit3testexecutor/" className="NUnitTestProject.CurrencyHelperTests" name="FormatToStringTest100(10268.547802396373d,&quot;10268.55 zł&quot;)" />
    </UnitTest>
    <UnitTest name="FormatToStringTest100(19541.10539777116d,&quot;19541.11 zł&quot;)" storage="c:\projekty\nunittestproject\bin\debug\netcoreapp3.1\nunittestproject.dll" id="60c34650-73c3-1462-40f1-f8603816957f">
      <Execution id="df8dee58-b54f-4164-988f-56cda9a4b894" />
      <TestMethod codeBase="C:\Projekty\NUnitTestProject\bin\Debug\netcoreapp3.1\NUnitTestProject.dll" adapterTypeName="executor://nunit3testexecutor/" className="NUnitTestProject.CurrencyHelperTests" name="FormatToStringTest100(19541.10539777116d,&quot;19541.11 zł&quot;)" />
    </UnitTest>
    <UnitTest name="FormatToStringTest100(15566.957545477411d,&quot;15566.96 zł&quot;)" storage="c:\projekty\nunittestproject\bin\debug\netcoreapp3.1\nunittestproject.dll" id="a4552a20-90c6-da36-cd4c-fbcb6268dcde">
      <Execution id="7de29a51-d90d-49f5-a21e-aa56b57a9542" />
      <TestMethod codeBase="C:\Projekty\NUnitTestProject\bin\Debug\netcoreapp3.1\NUnitTestProject.dll" adapterTypeName="executor://nunit3testexecutor/" className="NUnitTestProject.CurrencyHelperTests" name="FormatToStringTest100(15566.957545477411d,&quot;15566.96 zł&quot;)" />
    </UnitTest>
    <UnitTest name="FormatToStringTest100(28072.424637532058d,&quot;28072.42 zł&quot;)" storage="c:\projekty\nunittestproject\bin\debug\netcoreapp3.1\nunittestproject.dll" id="86b8941d-d36c-06dd-c905-fa6d7a4013e5">
      <Execution id="ec145a40-e838-4d8c-9bd2-c86bed8b44c9" />
      <TestMethod codeBase="C:\Projekty\NUnitTestProject\bin\Debug\netcoreapp3.1\NUnitTestProject.dll" adapterTypeName="executor://nunit3testexecutor/" className="NUnitTestProject.CurrencyHelperTests" name="FormatToStringTest100(28072.424637532058d,&quot;28072.42 zł&quot;)" />
    </UnitTest>
    <UnitTest name="FormatToStringTest100(5396.620088554277d,&quot;5396.62 zł&quot;)" storage="c:\projekty\nunittestproject\bin\debug\netcoreapp3.1\nunittestproject.dll" id="4e8ed588-d392-7511-ecc9-96da1857794d">
      <Execution id="b883b054-a48e-45f2-b722-9af70cefdaaa" />
      <TestMethod codeBase="C:\Projekty\NUnitTestProject\bin\Debug\netcoreapp3.1\NUnitTestProject.dll" adapterTypeName="executor://nunit3testexecutor/" className="NUnitTestProject.CurrencyHelperTests" name="FormatToStringTest100(5396.620088554277d,&quot;5396.62 zł&quot;)" />
    </UnitTest>
    <UnitTest name="FormatToStringTest100(45603.90324273142d,&quot;45603.90 zł&quot;)" storage="c:\projekty\nunittestproject\bin\debug\netcoreapp3.1\nunittestproject.dll" id="82558537-50ec-fc9d-a7b1-76091e0d2ecf">
      <Execution id="61b944e0-17c9-43b1-84c5-c8693bfd353a" />
      <TestMethod codeBase="C:\Projekty\NUnitTestProject\bin\Debug\netcoreapp3.1\NUnitTestProject.dll" adapterTypeName="executor://nunit3testexecutor/" className="NUnitTestProject.CurrencyHelperTests" name="FormatToStringTest100(45603.90324273142d,&quot;45603.90 zł&quot;)" />
    </UnitTest>
    <UnitTest name="FormatToStringTest100(25990.318498101697d,&quot;25990.32 zł&quot;)" storage="c:\projekty\nunittestproject\bin\debug\netcoreapp3.1\nunittestproject.dll" id="dd1f1120-f5a5-11a0-4ecf-8df96d7fc7fd">
      <Execution id="66aba978-80d0-4022-b386-6af556338bd0" />
      <TestMethod codeBase="C:\Projekty\NUnitTestProject\bin\Debug\netcoreapp3.1\NUnitTestProject.dll" adapterTypeName="executor://nunit3testexecutor/" className="NUnitTestProject.CurrencyHelperTests" name="FormatToStringTest100(25990.318498101697d,&quot;25990.32 zł&quot;)" />
    </UnitTest>
    <UnitTest name="FormatToStringTest100(2292.8331871111104d,&quot;2292.83 zł&quot;)" storage="c:\projekty\nunittestproject\bin\debug\netcoreapp3.1\nunittestproject.dll" id="993b2e32-0de1-26c2-5e33-6a1ad01eeb5e">
      <Execution id="67670065-5daf-4fd3-aeca-55386e53a45c" />
      <TestMethod codeBase="C:\Projekty\NUnitTestProject\bin\Debug\netcoreapp3.1\NUnitTestProject.dll" adapterTypeName="executor://nunit3testexecutor/" className="NUnitTestProject.CurrencyHelperTests" name="FormatToStringTest100(2292.8331871111104d,&quot;2292.83 zł&quot;)" />
    </UnitTest>
    <UnitTest name="FormatToStringTest100(41876.979471482795d,&quot;41876.98 zł&quot;)" storage="c:\projekty\nunittestproject\bin\debug\netcoreapp3.1\nunittestproject.dll" id="efa0c9dd-5dae-4bc5-1d88-8059c0fedffd">
      <Execution id="5a228f12-4e36-471a-b9b7-c7e08ccb4af7" />
      <TestMethod codeBase="C:\Projekty\NUnitTestProject\bin\Debug\netcoreapp3.1\NUnitTestProject.dll" adapterTypeName="executor://nunit3testexecutor/" className="NUnitTestProject.CurrencyHelperTests" name="FormatToStringTest100(41876.979471482795d,&quot;41876.98 zł&quot;)" />
    </UnitTest>
    <UnitTest name="FormatToStringTest100(26515.80237687929d,&quot;26515.80 zł&quot;)" storage="c:\projekty\nunittestproject\bin\debug\netcoreapp3.1\nunittestproject.dll" id="d7c99ac8-861f-2067-8f65-8717ab2b5eb2">
      <Execution id="e838d80c-f410-4151-b183-583d3b574845" />
      <TestMethod codeBase="C:\Projekty\NUnitTestProject\bin\Debug\netcoreapp3.1\NUnitTestProject.dll" adapterTypeName="executor://nunit3testexecutor/" className="NUnitTestProject.CurrencyHelperTests" name="FormatToStringTest100(26515.80237687929d,&quot;26515.80 zł&quot;)" />
    </UnitTest>
    <UnitTest name="FormatToStringTest100(64210.358316209335d,&quot;64210.36 zł&quot;)" storage="c:\projekty\nunittestproject\bin\debug\netcoreapp3.1\nunittestproject.dll" id="2877141a-aa4d-178b-dc9f-3b49cd88281f">
      <Execution id="63933d67-ec83-4f41-afe3-1e8546f10323" />
      <TestMethod codeBase="C:\Projekty\NUnitTestProject\bin\Debug\netcoreapp3.1\NUnitTestProject.dll" adapterTypeName="executor://nunit3testexecutor/" className="NUnitTestProject.CurrencyHelperTests" name="FormatToStringTest100(64210.358316209335d,&quot;64210.36 zł&quot;)" />
    </UnitTest>
    <UnitTest name="FormatToStringTest100(31290.71396233687d,&quot;31290.71 zł&quot;)" storage="c:\projekty\nunittestproject\bin\debug\netcoreapp3.1\nunittestproject.dll" id="7423707e-221b-8128-5158-18f9b4198629">
      <Execution id="2171d975-5980-4a90-9b56-a9a148a92e0e" />
      <TestMethod codeBase="C:\Projekty\NUnitTestProject\bin\Debug\netcoreapp3.1\NUnitTestProject.dll" adapterTypeName="executor://nunit3testexecutor/" className="NUnitTestProject.CurrencyHelperTests" name="FormatToStringTest100(31290.71396233687d,&quot;31290.71 zł&quot;)" />
    </UnitTest>
    <UnitTest name="FormatToStringTest100(40857.08543233996d,&quot;40857.09 zł&quot;)" storage="c:\projekty\nunittestproject\bin\debug\netcoreapp3.1\nunittestproject.dll" id="71b6d7a3-741f-e1f8-1593-52351d6b5171">
      <Execution id="c4ac6769-fc1c-4461-9a3b-f46bba138913" />
      <TestMethod codeBase="C:\Projekty\NUnitTestProject\bin\Debug\netcoreapp3.1\NUnitTestProject.dll" adapterTypeName="executor://nunit3testexecutor/" className="NUnitTestProject.CurrencyHelperTests" name="FormatToStringTest100(40857.08543233996d,&quot;40857.09 zł&quot;)" />
    </UnitTest>
    <UnitTest name="FormatToStringTest100(1108.7197928823157d,&quot;1108.72 zł&quot;)" storage="c:\projekty\nunittestproject\bin\debug\netcoreapp3.1\nunittestproject.dll" id="bab29e16-7181-0c35-50c9-4bfc6868cc06">
      <Execution id="efb9ed96-e296-4eb2-9282-9c08c88dc708" />
      <TestMethod codeBase="C:\Projekty\NUnitTestProject\bin\Debug\netcoreapp3.1\NUnitTestProject.dll" adapterTypeName="executor://nunit3testexecutor/" className="NUnitTestProject.CurrencyHelperTests" name="FormatToStringTest100(1108.7197928823157d,&quot;1108.72 zł&quot;)" />
    </UnitTest>
    <UnitTest name="FormatToStringTest100(74514.06270644537d,&quot;74514.06 zł&quot;)" storage="c:\projekty\nunittestproject\bin\debug\netcoreapp3.1\nunittestproject.dll" id="6b89659b-5dc5-b05c-ce48-871e20f8abd3">
      <Execution id="c2282691-ab85-4749-94cf-d116a5e5a381" />
      <TestMethod codeBase="C:\Projekty\NUnitTestProject\bin\Debug\netcoreapp3.1\NUnitTestProject.dll" adapterTypeName="executor://nunit3testexecutor/" className="NUnitTestProject.CurrencyHelperTests" name="FormatToStringTest100(74514.06270644537d,&quot;74514.06 zł&quot;)" />
    </UnitTest>
    <UnitTest name="FormatToStringTest100(10914.360814625099d,&quot;10914.36 zł&quot;)" storage="c:\projekty\nunittestproject\bin\debug\netcoreapp3.1\nunittestproject.dll" id="cb578742-c7f5-996b-5acf-564c542733c1">
      <Execution id="07764ae2-890a-4895-b3ad-db5926457da6" />
      <TestMethod codeBase="C:\Projekty\NUnitTestProject\bin\Debug\netcoreapp3.1\NUnitTestProject.dll" adapterTypeName="executor://nunit3testexecutor/" className="NUnitTestProject.CurrencyHelperTests" name="FormatToStringTest100(10914.360814625099d,&quot;10914.36 zł&quot;)" />
    </UnitTest>
    <UnitTest name="FormatToStringTest100(50339.31259969497d,&quot;50339.31 zł&quot;)" storage="c:\projekty\nunittestproject\bin\debug\netcoreapp3.1\nunittestproject.dll" id="f95d03e5-c6a6-a1ee-d69f-d2e7ee2d48f8">
      <Execution id="8e85cb54-1cb1-429c-bde6-77a1adece4a1" />
      <TestMethod codeBase="C:\Projekty\NUnitTestProject\bin\Debug\netcoreapp3.1\NUnitTestProject.dll" adapterTypeName="executor://nunit3testexecutor/" className="NUnitTestProject.CurrencyHelperTests" name="FormatToStringTest100(50339.31259969497d,&quot;50339.31 zł&quot;)" />
    </UnitTest>
    <UnitTest name="FormatToStringTest100(14172.682747822573d,&quot;14172.68 zł&quot;)" storage="c:\projekty\nunittestproject\bin\debug\netcoreapp3.1\nunittestproject.dll" id="94b82bc3-613a-e2b4-455b-4b4df4f2d194">
      <Execution id="5860ec82-b892-4c11-a274-2783e98e0652" />
      <TestMethod codeBase="C:\Projekty\NUnitTestProject\bin\Debug\netcoreapp3.1\NUnitTestProject.dll" adapterTypeName="executor://nunit3testexecutor/" className="NUnitTestProject.CurrencyHelperTests" name="FormatToStringTest100(14172.682747822573d,&quot;14172.68 zł&quot;)" />
    </UnitTest>
    <UnitTest name="FormatToStringTest100(7458.609645228652d,&quot;7458.61 zł&quot;)" storage="c:\projekty\nunittestproject\bin\debug\netcoreapp3.1\nunittestproject.dll" id="b17f72a8-f991-8baf-d564-f4680aafed09">
      <Execution id="835f9167-962a-42c0-a39c-f7f5fd414e01" />
      <TestMethod codeBase="C:\Projekty\NUnitTestProject\bin\Debug\netcoreapp3.1\NUnitTestProject.dll" adapterTypeName="executor://nunit3testexecutor/" className="NUnitTestProject.CurrencyHelperTests" name="FormatToStringTest100(7458.609645228652d,&quot;7458.61 zł&quot;)" />
    </UnitTest>
    <UnitTest name="FormatToStringTest100(8768.816937361293d,&quot;8768.82 zł&quot;)" storage="c:\projekty\nunittestproject\bin\debug\netcoreapp3.1\nunittestproject.dll" id="167bd640-ca8a-be35-54d9-c9d535f6b8a9">
      <Execution id="b7eb1f9e-407b-4121-82f1-9cb8f029c6fb" />
      <TestMethod codeBase="C:\Projekty\NUnitTestProject\bin\Debug\netcoreapp3.1\NUnitTestProject.dll" adapterTypeName="executor://nunit3testexecutor/" className="NUnitTestProject.CurrencyHelperTests" name="FormatToStringTest100(8768.816937361293d,&quot;8768.82 zł&quot;)" />
    </UnitTest>
    <UnitTest name="FormatToStringTest100(1208.1827589441941d,&quot;1208.18 zł&quot;)" storage="c:\projekty\nunittestproject\bin\debug\netcoreapp3.1\nunittestproject.dll" id="b874febd-2abb-b5bf-4874-36453bfcf028">
      <Execution id="b1669a2a-5ad9-4dcd-b087-d4168bbff5d6" />
      <TestMethod codeBase="C:\Projekty\NUnitTestProject\bin\Debug\netcoreapp3.1\NUnitTestProject.dll" adapterTypeName="executor://nunit3testexecutor/" className="NUnitTestProject.CurrencyHelperTests" name="FormatToStringTest100(1208.1827589441941d,&quot;1208.18 zł&quot;)" />
    </UnitTest>
    <UnitTest name="FormatToStringTest100(52810.91713865516d,&quot;52810.92 zł&quot;)" storage="c:\projekty\nunittestproject\bin\debug\netcoreapp3.1\nunittestproject.dll" id="50b2ab98-8300-86f7-cec9-4d0f5d9f3400">
      <Execution id="e1e32d90-96a8-45cb-97ca-e13426620e77" />
      <TestMethod codeBase="C:\Projekty\NUnitTestProject\bin\Debug\netcoreapp3.1\NUnitTestProject.dll" adapterTypeName="executor://nunit3testexecutor/" className="NUnitTestProject.CurrencyHelperTests" name="FormatToStringTest100(52810.91713865516d,&quot;52810.92 zł&quot;)" />
    </UnitTest>
    <UnitTest name="FormatToStringTest100(591.2110872302256d,&quot;591.21 zł&quot;)" storage="c:\projekty\nunittestproject\bin\debug\netcoreapp3.1\nunittestproject.dll" id="25a5f880-4d24-d3c7-abcb-2dee8483e02e">
      <Execution id="560bfba6-6f76-4725-bfba-2cdc53ed011c" />
      <TestMethod codeBase="C:\Projekty\NUnitTestProject\bin\Debug\netcoreapp3.1\NUnitTestProject.dll" adapterTypeName="executor://nunit3testexecutor/" className="NUnitTestProject.CurrencyHelperTests" name="FormatToStringTest100(591.2110872302256d,&quot;591.21 zł&quot;)" />
    </UnitTest>
    <UnitTest name="FormatToStringTest100(740.3213011405064d,&quot;740.32 zł&quot;)" storage="c:\projekty\nunittestproject\bin\debug\netcoreapp3.1\nunittestproject.dll" id="ca1d016a-03df-8541-a82d-e65f358d218a">
      <Execution id="1570d916-b38d-484a-8411-ea26c9d392c1" />
      <TestMethod codeBase="C:\Projekty\NUnitTestProject\bin\Debug\netcoreapp3.1\NUnitTestProject.dll" adapterTypeName="executor://nunit3testexecutor/" className="NUnitTestProject.CurrencyHelperTests" name="FormatToStringTest100(740.3213011405064d,&quot;740.32 zł&quot;)" />
    </UnitTest>
    <UnitTest name="FormatToStringTest100(37589.670531794276d,&quot;37589.67 zł&quot;)" storage="c:\projekty\nunittestproject\bin\debug\netcoreapp3.1\nunittestproject.dll" id="0441a484-8788-b6be-6f48-c9fcdc14bb9b">
      <Execution id="a4d26af2-f7ea-48f4-8d46-f8bd3bf8172a" />
      <TestMethod codeBase="C:\Projekty\NUnitTestProject\bin\Debug\netcoreapp3.1\NUnitTestProject.dll" adapterTypeName="executor://nunit3testexecutor/" className="NUnitTestProject.CurrencyHelperTests" name="FormatToStringTest100(37589.670531794276d,&quot;37589.67 zł&quot;)" />
    </UnitTest>
    <UnitTest name="FormatToStringTest100(468.83385119346616d,&quot;468.83 zł&quot;)" storage="c:\projekty\nunittestproject\bin\debug\netcoreapp3.1\nunittestproject.dll" id="654a56d0-2fdd-75b4-3dfc-159238275382">
      <Execution id="05bd755f-f36d-472b-b971-46e56dad3e34" />
      <TestMethod codeBase="C:\Projekty\NUnitTestProject\bin\Debug\netcoreapp3.1\NUnitTestProject.dll" adapterTypeName="executor://nunit3testexecutor/" className="NUnitTestProject.CurrencyHelperTests" name="FormatToStringTest100(468.83385119346616d,&quot;468.83 zł&quot;)" />
    </UnitTest>
    <UnitTest name="FormatToStringTest100(11100.829211263372d,&quot;11100.83 zł&quot;)" storage="c:\projekty\nunittestproject\bin\debug\netcoreapp3.1\nunittestproject.dll" id="bc60038d-a8ea-2e7f-26de-80f8d367bef6">
      <Execution id="2e80186b-159e-41af-802b-ed73941ff1ca" />
      <TestMethod codeBase="C:\Projekty\NUnitTestProject\bin\Debug\netcoreapp3.1\NUnitTestProject.dll" adapterTypeName="executor://nunit3testexecutor/" className="NUnitTestProject.CurrencyHelperTests" name="FormatToStringTest100(11100.829211263372d,&quot;11100.83 zł&quot;)" />
    </UnitTest>
    <UnitTest name="FormatToStringTest100(286.92120604539343d,&quot;286.92 zł&quot;)" storage="c:\projekty\nunittestproject\bin\debug\netcoreapp3.1\nunittestproject.dll" id="854d51c5-41df-4ddb-a8da-54b20e306485">
      <Execution id="a3bfbf23-7598-4aef-9051-579613ade92d" />
      <TestMethod codeBase="C:\Projekty\NUnitTestProject\bin\Debug\netcoreapp3.1\NUnitTestProject.dll" adapterTypeName="executor://nunit3testexecutor/" className="NUnitTestProject.CurrencyHelperTests" name="FormatToStringTest100(286.92120604539343d,&quot;286.92 zł&quot;)" />
    </UnitTest>
    <UnitTest name="FormatToStringTest100(317.9090540706688d,&quot;317.91 zł&quot;)" storage="c:\projekty\nunittestproject\bin\debug\netcoreapp3.1\nunittestproject.dll" id="056a4908-08a5-5e22-9551-e77f68ab63c4">
      <Execution id="456df47e-2c58-4816-a31e-6cd4dbb46d87" />
      <TestMethod codeBase="C:\Projekty\NUnitTestProject\bin\Debug\netcoreapp3.1\NUnitTestProject.dll" adapterTypeName="executor://nunit3testexecutor/" className="NUnitTestProject.CurrencyHelperTests" name="FormatToStringTest100(317.9090540706688d,&quot;317.91 zł&quot;)" />
    </UnitTest>
    <UnitTest name="FormatToStringTest100(1741.3334432818617d,&quot;1741.33 zł&quot;)" storage="c:\projekty\nunittestproject\bin\debug\netcoreapp3.1\nunittestproject.dll" id="a9227eb6-41f1-9ad5-6a50-0ab740c4f5fb">
      <Execution id="e0a448b7-be83-439c-acd5-758b00242043" />
      <TestMethod codeBase="C:\Projekty\NUnitTestProject\bin\Debug\netcoreapp3.1\NUnitTestProject.dll" adapterTypeName="executor://nunit3testexecutor/" className="NUnitTestProject.CurrencyHelperTests" name="FormatToStringTest100(1741.3334432818617d,&quot;1741.33 zł&quot;)" />
    </UnitTest>
    <UnitTest name="FormatToStringTest100(32218.080508120394d,&quot;32218.08 zł&quot;)" storage="c:\projekty\nunittestproject\bin\debug\netcoreapp3.1\nunittestproject.dll" id="919092dd-bc49-4953-66e1-76b0c6a86bdb">
      <Execution id="e50aa0e7-0591-4b26-bbd9-df48ff86b77c" />
      <TestMethod codeBase="C:\Projekty\NUnitTestProject\bin\Debug\netcoreapp3.1\NUnitTestProject.dll" adapterTypeName="executor://nunit3testexecutor/" className="NUnitTestProject.CurrencyHelperTests" name="FormatToStringTest100(32218.080508120394d,&quot;32218.08 zł&quot;)" />
    </UnitTest>
    <UnitTest name="FormatToStringTest100(11912.404131636213d,&quot;11912.40 zł&quot;)" storage="c:\projekty\nunittestproject\bin\debug\netcoreapp3.1\nunittestproject.dll" id="7a40da4c-a8ed-5ba2-92a2-9e17ac14a245">
      <Execution id="f7e25808-4a71-445b-90b3-df20af396e5f" />
      <TestMethod codeBase="C:\Projekty\NUnitTestProject\bin\Debug\netcoreapp3.1\NUnitTestProject.dll" adapterTypeName="executor://nunit3testexecutor/" className="NUnitTestProject.CurrencyHelperTests" name="FormatToStringTest100(11912.404131636213d,&quot;11912.40 zł&quot;)" />
    </UnitTest>
    <UnitTest name="FormatToStringTest100(16383.352881839199d,&quot;16383.35 zł&quot;)" storage="c:\projekty\nunittestproject\bin\debug\netcoreapp3.1\nunittestproject.dll" id="2f67a78a-f7c8-6103-2444-bea417ee54f9">
      <Execution id="9ec9603e-bc0c-4977-85b7-7519604a0e5d" />
      <TestMethod codeBase="C:\Projekty\NUnitTestProject\bin\Debug\netcoreapp3.1\NUnitTestProject.dll" adapterTypeName="executor://nunit3testexecutor/" className="NUnitTestProject.CurrencyHelperTests" name="FormatToStringTest100(16383.352881839199d,&quot;16383.35 zł&quot;)" />
    </UnitTest>
    <UnitTest name="FormatToStringTest100(6864.093052674129d,&quot;6864.09 zł&quot;)" storage="c:\projekty\nunittestproject\bin\debug\netcoreapp3.1\nunittestproject.dll" id="6dee8ad4-8dd7-b599-f13a-d5781734769f">
      <Execution id="e7cbfa31-2d9a-4e85-881a-c2a06effe87f" />
      <TestMethod codeBase="C:\Projekty\NUnitTestProject\bin\Debug\netcoreapp3.1\NUnitTestProject.dll" adapterTypeName="executor://nunit3testexecutor/" className="NUnitTestProject.CurrencyHelperTests" name="FormatToStringTest100(6864.093052674129d,&quot;6864.09 zł&quot;)" />
    </UnitTest>
  </TestDefinitions>
  <TestEntries>
    <TestEntry testId="e2700cee-eb5b-94db-dadd-a33ff5cf6ee6" executionId="9446be9a-9633-4018-be0f-34c6298b6fab" testListId="8c84fa94-04c1-424b-9868-57a2d4851a1d" />
    <TestEntry testId="2877141a-aa4d-178b-dc9f-3b49cd88281f" executionId="63933d67-ec83-4f41-afe3-1e8546f10323" testListId="8c84fa94-04c1-424b-9868-57a2d4851a1d" />
    <TestEntry testId="f1f7b0d5-822c-33e5-b9ff-f30531705ff1" executionId="56ebeec6-013a-4440-ac54-9c0ba225a8ad" testListId="8c84fa94-04c1-424b-9868-57a2d4851a1d" />
    <TestEntry testId="b17f72a8-f991-8baf-d564-f4680aafed09" executionId="835f9167-962a-42c0-a39c-f7f5fd414e01" testListId="8c84fa94-04c1-424b-9868-57a2d4851a1d" />
    <TestEntry testId="38b31d6d-f852-2ebd-9634-fecf51566e90" executionId="9e436869-52a9-48e8-a2eb-18a80d6268cb" testListId="8c84fa94-04c1-424b-9868-57a2d4851a1d" />
    <TestEntry testId="7a40da4c-a8ed-5ba2-92a2-9e17ac14a245" executionId="f7e25808-4a71-445b-90b3-df20af396e5f" testListId="8c84fa94-04c1-424b-9868-57a2d4851a1d" />
    <TestEntry testId="c5a97db9-c630-e39e-7e7c-43e80ae0249a" executionId="65ca1c69-2f6c-4842-b376-f2037e3bab5d" testListId="8c84fa94-04c1-424b-9868-57a2d4851a1d" />
    <TestEntry testId="d0a6cf86-cfdd-0432-5d16-67b34f44bcfa" executionId="30e64073-e7b5-4487-84af-bb95b10aa54e" testListId="8c84fa94-04c1-424b-9868-57a2d4851a1d" />
    <TestEntry testId="993b2e32-0de1-26c2-5e33-6a1ad01eeb5e" executionId="67670065-5daf-4fd3-aeca-55386e53a45c" testListId="8c84fa94-04c1-424b-9868-57a2d4851a1d" />
    <TestEntry testId="a4552a20-90c6-da36-cd4c-fbcb6268dcde" executionId="7de29a51-d90d-49f5-a21e-aa56b57a9542" testListId="8c84fa94-04c1-424b-9868-57a2d4851a1d" />
    <TestEntry testId="4f9e6f5b-43a2-746f-e9ea-c62ab0b035f9" executionId="1993f912-3aaf-4fa1-a8ed-f0fee151d5ac" testListId="8c84fa94-04c1-424b-9868-57a2d4851a1d" />
    <TestEntry testId="7f117d65-eaa4-3393-47ff-b5f2adc1ba26" executionId="02a9b5ce-8ad3-4e03-936e-d1f6a7d1b7d5" testListId="8c84fa94-04c1-424b-9868-57a2d4851a1d" />
    <TestEntry testId="d5607c40-0e03-cf87-1ac7-663c6c348c83" executionId="9945b20e-c063-43eb-ada9-c047ea40d158" testListId="8c84fa94-04c1-424b-9868-57a2d4851a1d" />
    <TestEntry testId="b058c171-2407-459c-7b57-a44deff88712" executionId="e9309b01-9fb1-413d-b6b1-f6042d735c11" testListId="8c84fa94-04c1-424b-9868-57a2d4851a1d" />
    <TestEntry testId="df63a8e8-b664-17f1-364e-31895b9a1463" executionId="05633d79-ea42-4e99-b8ac-175695913f6d" testListId="8c84fa94-04c1-424b-9868-57a2d4851a1d" />
    <TestEntry testId="167bd640-ca8a-be35-54d9-c9d535f6b8a9" executionId="b7eb1f9e-407b-4121-82f1-9cb8f029c6fb" testListId="8c84fa94-04c1-424b-9868-57a2d4851a1d" />
    <TestEntry testId="94b82bc3-613a-e2b4-455b-4b4df4f2d194" executionId="5860ec82-b892-4c11-a274-2783e98e0652" testListId="8c84fa94-04c1-424b-9868-57a2d4851a1d" />
    <TestEntry testId="4ccdf7c5-1b8e-f25d-e6ff-328e24995c79" executionId="aa1e22d7-6e49-48de-b1af-32e6dfb2c714" testListId="8c84fa94-04c1-424b-9868-57a2d4851a1d" />
    <TestEntry testId="2467c68f-1bc3-bd85-8310-dd76e33eebec" executionId="6b470632-bd0b-48a2-9845-c13476afb0de" testListId="8c84fa94-04c1-424b-9868-57a2d4851a1d" />
    <TestEntry testId="710c032e-d39d-8d3b-a713-86e049d87044" executionId="47d9a90d-f274-4772-992b-be306ccc775f" testListId="8c84fa94-04c1-424b-9868-57a2d4851a1d" />
    <TestEntry testId="a9227eb6-41f1-9ad5-6a50-0ab740c4f5fb" executionId="e0a448b7-be83-439c-acd5-758b00242043" testListId="8c84fa94-04c1-424b-9868-57a2d4851a1d" />
    <TestEntry testId="056a4908-08a5-5e22-9551-e77f68ab63c4" executionId="456df47e-2c58-4816-a31e-6cd4dbb46d87" testListId="8c84fa94-04c1-424b-9868-57a2d4851a1d" />
    <TestEntry testId="d07b46f4-88eb-bfa4-6fe4-d6ba0c12fe8f" executionId="59ffc453-804f-484c-892c-38ae590a1fff" testListId="8c84fa94-04c1-424b-9868-57a2d4851a1d" />
    <TestEntry testId="5ca8472c-ed3c-7743-d772-01a1bacc08cf" executionId="61e2b579-87fe-4426-8a80-d19163ad7c43" testListId="8c84fa94-04c1-424b-9868-57a2d4851a1d" />
    <TestEntry testId="bb9f98f7-9d10-2bbf-0773-348287578945" executionId="33cb09f6-c871-4cec-8cef-521c8144f039" testListId="8c84fa94-04c1-424b-9868-57a2d4851a1d" />
    <TestEntry testId="2f67a78a-f7c8-6103-2444-bea417ee54f9" executionId="9ec9603e-bc0c-4977-85b7-7519604a0e5d" testListId="8c84fa94-04c1-424b-9868-57a2d4851a1d" />
    <TestEntry testId="654a56d0-2fdd-75b4-3dfc-159238275382" executionId="05bd755f-f36d-472b-b971-46e56dad3e34" testListId="8c84fa94-04c1-424b-9868-57a2d4851a1d" />
    <TestEntry testId="97add3a7-18d1-8ae3-a700-3b9a6e54f2a9" executionId="543f808a-1dcf-4551-a910-30d1f150fd63" testListId="8c84fa94-04c1-424b-9868-57a2d4851a1d" />
    <TestEntry testId="5979600d-d5d6-1c59-8a74-a8946a5412a6" executionId="164db85e-7702-472c-8cc8-e402cef43379" testListId="8c84fa94-04c1-424b-9868-57a2d4851a1d" />
    <TestEntry testId="905708b7-164a-0db6-1796-f60b9303ead6" executionId="01b2a0c8-d218-4885-8cdf-67a9defb6f76" testListId="8c84fa94-04c1-424b-9868-57a2d4851a1d" />
    <TestEntry testId="4a85d0e2-7867-4a37-3a69-cfba3fa4e599" executionId="68e01da2-f218-4cd7-89f8-20916caaf91f" testListId="8c84fa94-04c1-424b-9868-57a2d4851a1d" />
    <TestEntry testId="7919cbdd-efef-77c6-b96b-a35d9751dc61" executionId="d1587ec8-7f3a-4d7e-9d45-3d6893aac97c" testListId="8c84fa94-04c1-424b-9868-57a2d4851a1d" />
    <TestEntry testId="6e6925d1-75e5-a13f-cd68-43233a607f3d" executionId="40843e19-580b-4fcb-80d0-4c38134954f2" testListId="8c84fa94-04c1-424b-9868-57a2d4851a1d" />
    <TestEntry testId="7b5657d1-871c-22e2-8b58-1e4af740074e" executionId="95c8b101-148d-4ada-9c56-e903229db227" testListId="8c84fa94-04c1-424b-9868-57a2d4851a1d" />
    <TestEntry testId="fb8758b6-fbc2-fee5-8fca-8577ec51ec3b" executionId="97043355-e60d-464d-968d-d5c8e757d873" testListId="8c84fa94-04c1-424b-9868-57a2d4851a1d" />
    <TestEntry testId="6ae5af13-f172-7ae6-9d14-b0b6b031899f" executionId="be82645a-3024-4817-bd66-3366e1d64b82" testListId="8c84fa94-04c1-424b-9868-57a2d4851a1d" />
    <TestEntry testId="6f964e27-f684-37ef-0fe4-6db993d07017" executionId="b99bd499-a38a-4057-9715-7414a0af9184" testListId="8c84fa94-04c1-424b-9868-57a2d4851a1d" />
    <TestEntry testId="44db8638-081a-8ce0-7d23-94e055f5a609" executionId="ff667681-5b72-48f5-9b83-c18eddd2bf71" testListId="8c84fa94-04c1-424b-9868-57a2d4851a1d" />
    <TestEntry testId="642d2869-679c-7098-495e-642b3c4d783b" executionId="79cccc43-b5ac-419c-bfb0-60814c367674" testListId="8c84fa94-04c1-424b-9868-57a2d4851a1d" />
    <TestEntry testId="8a579aef-fa33-44e5-d72c-f84816f89dda" executionId="9c3f6ed9-d1e5-403c-b90f-b786a1f1526f" testListId="8c84fa94-04c1-424b-9868-57a2d4851a1d" />
    <TestEntry testId="da5ec1b9-c89d-ab82-b4aa-e3b444b3e081" executionId="3c006f0f-8ff2-43e8-9a17-3345147a2735" testListId="8c84fa94-04c1-424b-9868-57a2d4851a1d" />
    <TestEntry testId="e36f3ecc-8033-228e-9e4e-38062b6e56ea" executionId="341f088f-be71-419c-ab3c-33bbf1a5ac8f" testListId="8c84fa94-04c1-424b-9868-57a2d4851a1d" />
    <TestEntry testId="f95d03e5-c6a6-a1ee-d69f-d2e7ee2d48f8" executionId="8e85cb54-1cb1-429c-bde6-77a1adece4a1" testListId="8c84fa94-04c1-424b-9868-57a2d4851a1d" />
    <TestEntry testId="44373e51-799e-3e94-36f6-61e7eb361bdd" executionId="2bd631f1-34a0-45d6-a0c0-cd75eaa5b9e5" testListId="8c84fa94-04c1-424b-9868-57a2d4851a1d" />
    <TestEntry testId="17a04856-0f1c-ab7a-1a01-1d07ebf4dd98" executionId="69dbc904-db21-4583-aac9-5491655a101f" testListId="8c84fa94-04c1-424b-9868-57a2d4851a1d" />
    <TestEntry testId="854d51c5-41df-4ddb-a8da-54b20e306485" executionId="a3bfbf23-7598-4aef-9051-579613ade92d" testListId="8c84fa94-04c1-424b-9868-57a2d4851a1d" />
    <TestEntry testId="73e4a8c3-f139-990a-bc9e-43cbdff15e01" executionId="ba5ca10a-a1fe-4e0b-a8dc-da6fb465bd60" testListId="8c84fa94-04c1-424b-9868-57a2d4851a1d" />
    <TestEntry testId="71b6d7a3-741f-e1f8-1593-52351d6b5171" executionId="c4ac6769-fc1c-4461-9a3b-f46bba138913" testListId="8c84fa94-04c1-424b-9868-57a2d4851a1d" />
    <TestEntry testId="02c02901-0347-558c-6501-8babfd6a6a4a" executionId="9f683c83-dcf2-4353-aa84-bca91232d3e2" testListId="8c84fa94-04c1-424b-9868-57a2d4851a1d" />
    <TestEntry testId="82558537-50ec-fc9d-a7b1-76091e0d2ecf" executionId="61b944e0-17c9-43b1-84c5-c8693bfd353a" testListId="8c84fa94-04c1-424b-9868-57a2d4851a1d" />
    <TestEntry testId="7f364af7-1a4c-2e9e-a4ab-c96e4d59ad29" executionId="da3ac6b3-10df-4c38-a508-fafa37f7f191" testListId="8c84fa94-04c1-424b-9868-57a2d4851a1d" />
    <TestEntry testId="ca1d016a-03df-8541-a82d-e65f358d218a" executionId="1570d916-b38d-484a-8411-ea26c9d392c1" testListId="8c84fa94-04c1-424b-9868-57a2d4851a1d" />
    <TestEntry testId="f914ee86-c2ad-95a7-e682-fa878f9f31a5" executionId="5eee9f04-ee77-4614-aace-90ca24eab4c3" testListId="8c84fa94-04c1-424b-9868-57a2d4851a1d" />
    <TestEntry testId="7df4ba29-38dd-828e-22e5-9f7e850eb994" executionId="b418d406-23e2-4b73-8750-119ef759bc54" testListId="8c84fa94-04c1-424b-9868-57a2d4851a1d" />
    <TestEntry testId="2f08def2-23e6-739d-cc7a-7a09510b67ea" executionId="8f14409e-dc16-493a-b518-eb6483d78cac" testListId="8c84fa94-04c1-424b-9868-57a2d4851a1d" />
    <TestEntry testId="efa0c9dd-5dae-4bc5-1d88-8059c0fedffd" executionId="5a228f12-4e36-471a-b9b7-c7e08ccb4af7" testListId="8c84fa94-04c1-424b-9868-57a2d4851a1d" />
    <TestEntry testId="6dee8ad4-8dd7-b599-f13a-d5781734769f" executionId="e7cbfa31-2d9a-4e85-881a-c2a06effe87f" testListId="8c84fa94-04c1-424b-9868-57a2d4851a1d" />
    <TestEntry testId="60c34650-73c3-1462-40f1-f8603816957f" executionId="df8dee58-b54f-4164-988f-56cda9a4b894" testListId="8c84fa94-04c1-424b-9868-57a2d4851a1d" />
    <TestEntry testId="4e8ed588-d392-7511-ecc9-96da1857794d" executionId="b883b054-a48e-45f2-b722-9af70cefdaaa" testListId="8c84fa94-04c1-424b-9868-57a2d4851a1d" />
    <TestEntry testId="b69457d8-d004-7265-0ffe-f1f1b36f446a" executionId="69fef6fe-7f8e-410a-a155-665944c3a0f5" testListId="8c84fa94-04c1-424b-9868-57a2d4851a1d" />
    <TestEntry testId="8f9415dd-70b8-c527-026c-2122e53da756" executionId="1a3c043d-0f09-4b49-bc35-5c812eb6ff9d" testListId="8c84fa94-04c1-424b-9868-57a2d4851a1d" />
    <TestEntry testId="b874febd-2abb-b5bf-4874-36453bfcf028" executionId="b1669a2a-5ad9-4dcd-b087-d4168bbff5d6" testListId="8c84fa94-04c1-424b-9868-57a2d4851a1d" />
    <TestEntry testId="25a5f880-4d24-d3c7-abcb-2dee8483e02e" executionId="560bfba6-6f76-4725-bfba-2cdc53ed011c" testListId="8c84fa94-04c1-424b-9868-57a2d4851a1d" />
    <TestEntry testId="0441a484-8788-b6be-6f48-c9fcdc14bb9b" executionId="a4d26af2-f7ea-48f4-8d46-f8bd3bf8172a" testListId="8c84fa94-04c1-424b-9868-57a2d4851a1d" />
    <TestEntry testId="a3a62b11-2538-ecb1-962d-5432f1e041eb" executionId="34545656-2b40-4115-9bf7-0035cd20c0b7" testListId="8c84fa94-04c1-424b-9868-57a2d4851a1d" />
    <TestEntry testId="02a2d8b6-604b-7623-31f1-22fa9c5dd6fb" executionId="ab13dccf-e693-4c11-839c-c0e0bf7b8c81" testListId="8c84fa94-04c1-424b-9868-57a2d4851a1d" />
    <TestEntry testId="c8831b39-bf2b-06d6-5219-c1aac5b93a03" executionId="cbba7411-b124-4a1d-a23e-601497ae751e" testListId="8c84fa94-04c1-424b-9868-57a2d4851a1d" />
    <TestEntry testId="dd1f1120-f5a5-11a0-4ecf-8df96d7fc7fd" executionId="66aba978-80d0-4022-b386-6af556338bd0" testListId="8c84fa94-04c1-424b-9868-57a2d4851a1d" />
    <TestEntry testId="8e900221-d77a-d627-361c-9ca1a5beba60" executionId="eb5e479a-54c5-4aee-9d70-aa110caf7366" testListId="8c84fa94-04c1-424b-9868-57a2d4851a1d" />
    <TestEntry testId="e25a10b5-5264-4837-7f5e-e77f0fe36b19" executionId="28b5d0de-0ec2-4adb-a5f7-093ad6a52c3a" testListId="8c84fa94-04c1-424b-9868-57a2d4851a1d" />
    <TestEntry testId="d75012f1-d6f6-c8c8-6052-216572e6d09a" executionId="481e6eca-77f5-45e6-b3f7-9872b3af5a76" testListId="8c84fa94-04c1-424b-9868-57a2d4851a1d" />
    <TestEntry testId="b1eb6943-1b02-4d9c-02f3-a7fb091a5c55" executionId="880b4084-eca7-498e-8798-ee6f8cd637aa" testListId="8c84fa94-04c1-424b-9868-57a2d4851a1d" />
    <TestEntry testId="9ea4a98e-a00d-a47e-d475-c2b7e3bc350d" executionId="9ec51619-d075-4681-8149-eef0d68f3025" testListId="8c84fa94-04c1-424b-9868-57a2d4851a1d" />
    <TestEntry testId="4ec0800c-e01f-aa73-19f1-180137b3dfdf" executionId="8ef4eab0-5b16-4f19-b4ab-a7544a59fdc0" testListId="8c84fa94-04c1-424b-9868-57a2d4851a1d" />
    <TestEntry testId="919092dd-bc49-4953-66e1-76b0c6a86bdb" executionId="e50aa0e7-0591-4b26-bbd9-df48ff86b77c" testListId="8c84fa94-04c1-424b-9868-57a2d4851a1d" />
    <TestEntry testId="6c73a1d1-2654-d03d-8bff-b9bca4e437ad" executionId="c07d7c26-ea96-4672-bcbf-c9eabda4b092" testListId="8c84fa94-04c1-424b-9868-57a2d4851a1d" />
    <TestEntry testId="86b8941d-d36c-06dd-c905-fa6d7a4013e5" executionId="ec145a40-e838-4d8c-9bd2-c86bed8b44c9" testListId="8c84fa94-04c1-424b-9868-57a2d4851a1d" />
    <TestEntry testId="32c30dee-17e8-bc72-ad30-e19ba3161b9e" executionId="430bcdf4-e8ea-4182-8199-6c9e60940656" testListId="8c84fa94-04c1-424b-9868-57a2d4851a1d" />
    <TestEntry testId="40d78239-8f39-5058-3911-ca4c3976e207" executionId="c360bbda-c70c-4de1-8994-264081d08754" testListId="8c84fa94-04c1-424b-9868-57a2d4851a1d" />
    <TestEntry testId="3175c89c-9311-2898-f31c-d62baf20a38b" executionId="c0073c8c-2b6a-4676-ad25-45fb1180b1f7" testListId="8c84fa94-04c1-424b-9868-57a2d4851a1d" />
    <TestEntry testId="cb578742-c7f5-996b-5acf-564c542733c1" executionId="07764ae2-890a-4895-b3ad-db5926457da6" testListId="8c84fa94-04c1-424b-9868-57a2d4851a1d" />
    <TestEntry testId="50b2ab98-8300-86f7-cec9-4d0f5d9f3400" executionId="e1e32d90-96a8-45cb-97ca-e13426620e77" testListId="8c84fa94-04c1-424b-9868-57a2d4851a1d" />
    <TestEntry testId="8f7eaa04-9e7b-2fbd-6154-590301c05ba7" executionId="3a793fba-6b08-4983-b59a-750127aabe89" testListId="8c84fa94-04c1-424b-9868-57a2d4851a1d" />
    <TestEntry testId="d7c99ac8-861f-2067-8f65-8717ab2b5eb2" executionId="e838d80c-f410-4151-b183-583d3b574845" testListId="8c84fa94-04c1-424b-9868-57a2d4851a1d" />
    <TestEntry testId="6dd51b97-674e-6b9d-f047-ad979eb0870e" executionId="6ead18bd-4093-4989-9906-b49850ecb91e" testListId="8c84fa94-04c1-424b-9868-57a2d4851a1d" />
    <TestEntry testId="e570d006-f8c6-2527-78e0-897122dd716e" executionId="1d2a00fd-2607-4515-99c8-b7085592b940" testListId="8c84fa94-04c1-424b-9868-57a2d4851a1d" />
    <TestEntry testId="af58900a-c4df-19c1-aa0f-7bad2b6a33dc" executionId="91deeab5-a204-484c-bec3-48b22f4138f1" testListId="8c84fa94-04c1-424b-9868-57a2d4851a1d" />
    <TestEntry testId="74cd5e35-cf5d-a7eb-ff81-196bcb803f0c" executionId="4b927c85-09d3-4009-bdc3-6e5d9beef8b9" testListId="8c84fa94-04c1-424b-9868-57a2d4851a1d" />
    <TestEntry testId="a32e39cd-63bd-b948-c34d-2792a9ad523c" executionId="717cfb77-498f-4afb-9a30-5e80ccc4cb5c" testListId="8c84fa94-04c1-424b-9868-57a2d4851a1d" />
    <TestEntry testId="a0940c02-10c2-a2ca-c99e-b2f24d99f98d" executionId="392c2224-68b9-41fe-aa38-4ef200080e2f" testListId="8c84fa94-04c1-424b-9868-57a2d4851a1d" />
    <TestEntry testId="6b89659b-5dc5-b05c-ce48-871e20f8abd3" executionId="c2282691-ab85-4749-94cf-d116a5e5a381" testListId="8c84fa94-04c1-424b-9868-57a2d4851a1d" />
    <TestEntry testId="a7906eba-4ddd-f057-76e4-695c12f668f7" executionId="bb375f9c-14ce-4a03-b6cf-9f043e8e0ff9" testListId="8c84fa94-04c1-424b-9868-57a2d4851a1d" />
    <TestEntry testId="476c9edc-b6ea-cbad-6c80-83085ed5206c" executionId="6ace6d36-fd70-48d2-a780-7c15206001e1" testListId="8c84fa94-04c1-424b-9868-57a2d4851a1d" />
    <TestEntry testId="8939b7b8-ff81-63bf-70dc-08f29a6ce586" executionId="c5c7ae3a-d710-4f81-88b1-0fd0a66f36a7" testListId="8c84fa94-04c1-424b-9868-57a2d4851a1d" />
    <TestEntry testId="bab29e16-7181-0c35-50c9-4bfc6868cc06" executionId="efb9ed96-e296-4eb2-9282-9c08c88dc708" testListId="8c84fa94-04c1-424b-9868-57a2d4851a1d" />
    <TestEntry testId="c2636c45-ffae-32b8-cabd-dfdc2e3d89d2" executionId="b3ebfb7f-9649-4387-8d13-366c27221eff" testListId="8c84fa94-04c1-424b-9868-57a2d4851a1d" />
    <TestEntry testId="55105f60-a252-8b4a-ee9e-f959f50461df" executionId="28945170-bf6c-4a75-97f2-fc15ca69dddc" testListId="8c84fa94-04c1-424b-9868-57a2d4851a1d" />
    <TestEntry testId="bc60038d-a8ea-2e7f-26de-80f8d367bef6" executionId="2e80186b-159e-41af-802b-ed73941ff1ca" testListId="8c84fa94-04c1-424b-9868-57a2d4851a1d" />
    <TestEntry testId="7423707e-221b-8128-5158-18f9b4198629" executionId="2171d975-5980-4a90-9b56-a9a148a92e0e" testListId="8c84fa94-04c1-424b-9868-57a2d4851a1d" />
    <TestEntry testId="68684c63-5f16-5756-6180-2b0b9df43ad7" executionId="790a3023-f637-4ddc-9018-4ff8e603767e" testListId="8c84fa94-04c1-424b-9868-57a2d4851a1d" />
  </TestEntries>
  <TestLists>
    <TestList name="Results Not in a List" id="8c84fa94-04c1-424b-9868-57a2d4851a1d" />
    <TestList name="All Loaded Results" id="19431567-8539-422a-85d7-44ee4e166bda" />
  </TestLists>
  <ResultSummary outcome="Completed">
    <Counters total="100" executed="100" passed="100" failed="0" error="0" timeout="0" aborted="0" inconclusive="0" passedButRunAborted="0" notRunnable="0" notExecuted="0" disconnected="0" warning="0" completed="0" inProgress="0" pending="0" />
    <Output>
      <StdOut>NUnit Adapter 4.2.0.0: Test execution started&#xD;
Running selected tests in C:\Projekty\NUnitTestProject\bin\Debug\netcoreapp3.1\NUnitTestProject.dll&#xD;
   NUnit3TestExecutor discovered 100 of 100 NUnit test cases using Current Discovery mode, Non-Explicit run&#xD;
NUnit Adapter 4.2.0.0: Test execution complete&#xD;
</StdOut>
    </Output>
  </ResultSummary>
</TestRun>