<?xml version="1.0" encoding="utf-8"?>
<TestRun id="3dcf2010-41ca-4ced-bda1-4fa74a92dfde" name="Dominik@DESKTOP-5URQ9PB 2022-06-13 20:52:08" runUser="DESKTOP-5URQ9PB\Dominik" xmlns="http://microsoft.com/schemas/VisualStudio/TeamTest/2010">
  <Times creation="2022-06-13T20:52:08.6575920+02:00" queuing="2022-06-13T20:52:08.6575921+02:00" start="2022-06-13T20:52:06.7126541+02:00" finish="2022-06-13T20:52:08.7433265+02:00" />
  <TestSettings name="default" id="3e45cb9b-534b-476c-8721-e437e7ee84b8">
    <Deployment runDeploymentRoot="Dominik_DESKTOP-5URQ9PB_2022-06-13_20_52_08" />
  </TestSettings>
  <Results>
    <UnitTestResult executionId="7606e470-7c24-4742-bb34-4a163a7b01e2" testId="167bd640-ca8a-be35-54d9-c9d535f6b8a9" testName="FormatToStringTest100(8768.816937361293d,&quot;8768.82 zł&quot;)" computerName="DESKTOP-5URQ9PB" duration="00:00:00.0000170" startTime="2022-06-13T20:52:08.5435835+02:00" endTime="2022-06-13T20:52:08.5436007+02:00" testType="13cdc9d9-ddb5-4fa4-a97d-d965ccfc6d4b" outcome="Passed" testListId="8c84fa94-04c1-424b-9868-57a2d4851a1d" relativeResultsDirectory="7606e470-7c24-4742-bb34-4a163a7b01e2" />
    <UnitTestResult executionId="454514a9-98bf-4050-afc1-29db2b8c67f7" testId="6e6925d1-75e5-a13f-cd68-43233a607f3d" testName="FormatToStringTest100(7124.979180760672d,&quot;7124.98 zł&quot;)" computerName="DESKTOP-5URQ9PB" duration="00:00:00.0000220" startTime="2022-06-13T20:52:08.5431077+02:00" endTime="2022-06-13T20:52:08.5431290+02:00" testType="13cdc9d9-ddb5-4fa4-a97d-d965ccfc6d4b" outcome="Passed" testListId="8c84fa94-04c1-424b-9868-57a2d4851a1d" relativeResultsDirectory="454514a9-98bf-4050-afc1-29db2b8c67f7" />
    <UnitTestResult executionId="7f6e512f-819b-4a21-a135-d568db4340f4" testId="fb8758b6-fbc2-fee5-8fca-8577ec51ec3b" testName="FormatToStringTest100(31300.40752580967d,&quot;31300.41 zł&quot;)" computerName="DESKTOP-5URQ9PB" duration="00:00:00.0000180" startTime="2022-06-13T20:52:08.5441191+02:00" endTime="2022-06-13T20:52:08.5441364+02:00" testType="13cdc9d9-ddb5-4fa4-a97d-d965ccfc6d4b" outcome="Passed" testListId="8c84fa94-04c1-424b-9868-57a2d4851a1d" relativeResultsDirectory="7f6e512f-819b-4a21-a135-d568db4340f4" />
    <UnitTestResult executionId="5d49debd-a721-4eaf-949b-e19694b8d5ed" testId="7f364af7-1a4c-2e9e-a4ab-c96e4d59ad29" testName="FormatToStringTest100(32632.105531036905d,&quot;32632.11 zł&quot;)" computerName="DESKTOP-5URQ9PB" duration="00:00:00.0000180" startTime="2022-06-13T20:52:08.5426649+02:00" endTime="2022-06-13T20:52:08.5426829+02:00" testType="13cdc9d9-ddb5-4fa4-a97d-d965ccfc6d4b" outcome="Passed" testListId="8c84fa94-04c1-424b-9868-57a2d4851a1d" relativeResultsDirectory="5d49debd-a721-4eaf-949b-e19694b8d5ed" />
    <UnitTestResult executionId="9d1b3439-1125-4fdd-828a-f30dc372af81" testId="f914ee86-c2ad-95a7-e682-fa878f9f31a5" testName="FormatToStringTest100(8499.121443388574d,&quot;8499.12 zł&quot;)" computerName="DESKTOP-5URQ9PB" duration="00:00:00.0000170" startTime="2022-06-13T20:52:08.5438151+02:00" endTime="2022-06-13T20:52:08.5438322+02:00" testType="13cdc9d9-ddb5-4fa4-a97d-d965ccfc6d4b" outcome="Passed" testListId="8c84fa94-04c1-424b-9868-57a2d4851a1d" relativeResultsDirectory="9d1b3439-1125-4fdd-828a-f30dc372af81" />
    <UnitTestResult executionId="21edf328-b129-456a-94cb-fe6bdc15996e" testId="642d2869-679c-7098-495e-642b3c4d783b" testName="FormatToStringTest100(80609.94377465078d,&quot;80609.94 zł&quot;)" computerName="DESKTOP-5URQ9PB" duration="00:00:00.0000180" startTime="2022-06-13T20:52:08.5429988+02:00" endTime="2022-06-13T20:52:08.5430162+02:00" testType="13cdc9d9-ddb5-4fa4-a97d-d965ccfc6d4b" outcome="Passed" testListId="8c84fa94-04c1-424b-9868-57a2d4851a1d" relativeResultsDirectory="21edf328-b129-456a-94cb-fe6bdc15996e" />
    <UnitTestResult executionId="db33e481-75dc-4c7f-ba8b-e6d556276d84" testId="2f08def2-23e6-739d-cc7a-7a09510b67ea" testName="FormatToStringTest100(10784.438152511344d,&quot;10784.44 zł&quot;)" computerName="DESKTOP-5URQ9PB" duration="00:00:00.0000180" startTime="2022-06-13T20:52:08.5449815+02:00" endTime="2022-06-13T20:52:08.5449997+02:00" testType="13cdc9d9-ddb5-4fa4-a97d-d965ccfc6d4b" outcome="Passed" testListId="8c84fa94-04c1-424b-9868-57a2d4851a1d" relativeResultsDirectory="db33e481-75dc-4c7f-ba8b-e6d556276d84" />
    <UnitTestResult executionId="c6e9d957-e355-4cca-a781-4d15215645da" testId="7a40da4c-a8ed-5ba2-92a2-9e17ac14a245" testName="FormatToStringTest100(11912.404131636213d,&quot;11912.40 zł&quot;)" computerName="DESKTOP-5URQ9PB" duration="00:00:00.0000210" startTime="2022-06-13T20:52:08.5448508+02:00" endTime="2022-06-13T20:52:08.5448714+02:00" testType="13cdc9d9-ddb5-4fa4-a97d-d965ccfc6d4b" outcome="Passed" testListId="8c84fa94-04c1-424b-9868-57a2d4851a1d" relativeResultsDirectory="c6e9d957-e355-4cca-a781-4d15215645da" />
    <UnitTestResult executionId="5b06b2b2-f210-444a-a798-c47fdf7df7ac" testId="86b8941d-d36c-06dd-c905-fa6d7a4013e5" testName="FormatToStringTest100(28072.424637532058d,&quot;28072.42 zł&quot;)" computerName="DESKTOP-5URQ9PB" duration="00:00:00.0000200" startTime="2022-06-13T20:52:08.5432671+02:00" endTime="2022-06-13T20:52:08.5432864+02:00" testType="13cdc9d9-ddb5-4fa4-a97d-d965ccfc6d4b" outcome="Passed" testListId="8c84fa94-04c1-424b-9868-57a2d4851a1d" relativeResultsDirectory="5b06b2b2-f210-444a-a798-c47fdf7df7ac" />
    <UnitTestResult executionId="1bacd379-998b-400e-9e3b-dab3e9574afd" testId="9ea4a98e-a00d-a47e-d475-c2b7e3bc350d" testName="FormatToStringTest100(726.8087564975995d,&quot;726.81 zł&quot;)" computerName="DESKTOP-5URQ9PB" duration="00:00:00.0000200" startTime="2022-06-13T20:52:08.5424730+02:00" endTime="2022-06-13T20:52:08.5424928+02:00" testType="13cdc9d9-ddb5-4fa4-a97d-d965ccfc6d4b" outcome="Passed" testListId="8c84fa94-04c1-424b-9868-57a2d4851a1d" relativeResultsDirectory="1bacd379-998b-400e-9e3b-dab3e9574afd" />
    <UnitTestResult executionId="66a9ded2-764c-494c-a471-dd1f54878025" testId="17a04856-0f1c-ab7a-1a01-1d07ebf4dd98" testName="FormatToStringTest100(6958.393354767186d,&quot;6958.39 zł&quot;)" computerName="DESKTOP-5URQ9PB" duration="00:00:00.0000170" startTime="2022-06-13T20:52:08.5426141+02:00" endTime="2022-06-13T20:52:08.5426314+02:00" testType="13cdc9d9-ddb5-4fa4-a97d-d965ccfc6d4b" outcome="Passed" testListId="8c84fa94-04c1-424b-9868-57a2d4851a1d" relativeResultsDirectory="66a9ded2-764c-494c-a471-dd1f54878025" />
    <UnitTestResult executionId="1269273e-3c4d-45d2-8d6f-0fef5e0e21a7" testId="d5607c40-0e03-cf87-1ac7-663c6c348c83" testName="FormatToStringTest100(17252.06220983903d,&quot;17252.06 zł&quot;)" computerName="DESKTOP-5URQ9PB" duration="00:00:00.0000180" startTime="2022-06-13T20:52:08.5442427+02:00" endTime="2022-06-13T20:52:08.5442601+02:00" testType="13cdc9d9-ddb5-4fa4-a97d-d965ccfc6d4b" outcome="Passed" testListId="8c84fa94-04c1-424b-9868-57a2d4851a1d" relativeResultsDirectory="1269273e-3c4d-45d2-8d6f-0fef5e0e21a7" />
    <UnitTestResult executionId="a1aba2e5-74a0-438c-8f3d-330e597addd1" testId="f1f7b0d5-822c-33e5-b9ff-f30531705ff1" testName="FormatToStringTest100(32216.686763396807d,&quot;32216.69 zł&quot;)" computerName="DESKTOP-5URQ9PB" duration="00:00:00.0000290" startTime="2022-06-13T20:52:08.5424377+02:00" endTime="2022-06-13T20:52:08.5424663+02:00" testType="13cdc9d9-ddb5-4fa4-a97d-d965ccfc6d4b" outcome="Passed" testListId="8c84fa94-04c1-424b-9868-57a2d4851a1d" relativeResultsDirectory="a1aba2e5-74a0-438c-8f3d-330e597addd1" />
    <UnitTestResult executionId="8d89a35e-8a4f-44c6-a93e-fe88c83ccd40" testId="02c02901-0347-558c-6501-8babfd6a6a4a" testName="FormatToStringTest100(1614.2516601789982d,&quot;1614.25 zł&quot;)" computerName="DESKTOP-5URQ9PB" duration="00:00:00.0000220" startTime="2022-06-13T20:52:08.5435557+02:00" endTime="2022-06-13T20:52:08.5435773+02:00" testType="13cdc9d9-ddb5-4fa4-a97d-d965ccfc6d4b" outcome="Passed" testListId="8c84fa94-04c1-424b-9868-57a2d4851a1d" relativeResultsDirectory="8d89a35e-8a4f-44c6-a93e-fe88c83ccd40" />
    <UnitTestResult executionId="0fbcce21-573b-40c6-a9b1-8ff3b3bc6820" testId="6dee8ad4-8dd7-b599-f13a-d5781734769f" testName="FormatToStringTest100(6864.093052674129d,&quot;6864.09 zł&quot;)" computerName="DESKTOP-5URQ9PB" duration="00:00:00.0000230" startTime="2022-06-13T20:52:08.5449524+02:00" endTime="2022-06-13T20:52:08.5449750+02:00" testType="13cdc9d9-ddb5-4fa4-a97d-d965ccfc6d4b" outcome="Passed" testListId="8c84fa94-04c1-424b-9868-57a2d4851a1d" relativeResultsDirectory="0fbcce21-573b-40c6-a9b1-8ff3b3bc6820" />
    <UnitTestResult executionId="3eaf0381-4e80-4dc6-b141-a2a7cfa71161" testId="a0940c02-10c2-a2ca-c99e-b2f24d99f98d" testName="FormatToStringTest100(27893.312729890138d,&quot;27893.31 zł&quot;)" computerName="DESKTOP-5URQ9PB" duration="00:00:00.0000170" startTime="2022-06-13T20:52:08.5437652+02:00" endTime="2022-06-13T20:52:08.5437823+02:00" testType="13cdc9d9-ddb5-4fa4-a97d-d965ccfc6d4b" outcome="Passed" testListId="8c84fa94-04c1-424b-9868-57a2d4851a1d" relativeResultsDirectory="3eaf0381-4e80-4dc6-b141-a2a7cfa71161" />
    <UnitTestResult executionId="1912d709-52e5-437f-a020-4ce5d3373f51" testId="97add3a7-18d1-8ae3-a700-3b9a6e54f2a9" testName="FormatToStringTest100(96.75594581512546d,&quot;96.76 zł&quot;)" computerName="DESKTOP-5URQ9PB" duration="00:00:00.0000210" startTime="2022-06-13T20:52:08.5438880+02:00" endTime="2022-06-13T20:52:08.5439085+02:00" testType="13cdc9d9-ddb5-4fa4-a97d-d965ccfc6d4b" outcome="Passed" testListId="8c84fa94-04c1-424b-9868-57a2d4851a1d" relativeResultsDirectory="1912d709-52e5-437f-a020-4ce5d3373f51" />
    <UnitTestResult executionId="81f35004-b6d7-47ed-813e-55f32f8f6f09" testId="8e900221-d77a-d627-361c-9ca1a5beba60" testName="FormatToStringTest100(75350.77330865282d,&quot;75350.77 zł&quot;)" computerName="DESKTOP-5URQ9PB" duration="00:00:00.0000170" startTime="2022-06-13T20:52:08.5447255+02:00" endTime="2022-06-13T20:52:08.5447425+02:00" testType="13cdc9d9-ddb5-4fa4-a97d-d965ccfc6d4b" outcome="Passed" testListId="8c84fa94-04c1-424b-9868-57a2d4851a1d" relativeResultsDirectory="81f35004-b6d7-47ed-813e-55f32f8f6f09" />
    <UnitTestResult executionId="6c10bfcb-95ef-425d-b874-b0816f61b341" testId="6dd51b97-674e-6b9d-f047-ad979eb0870e" testName="FormatToStringTest100(7594.279030504766d,&quot;7594.28 zł&quot;)" computerName="DESKTOP-5URQ9PB" duration="00:00:00.0000210" startTime="2022-06-13T20:52:08.5434763+02:00" endTime="2022-06-13T20:52:08.5434968+02:00" testType="13cdc9d9-ddb5-4fa4-a97d-d965ccfc6d4b" outcome="Passed" testListId="8c84fa94-04c1-424b-9868-57a2d4851a1d" relativeResultsDirectory="6c10bfcb-95ef-425d-b874-b0816f61b341" />
    <UnitTestResult executionId="a2374f33-f797-4c60-a07d-674b8af9d58a" testId="40d78239-8f39-5058-3911-ca4c3976e207" testName="FormatToStringTest100(35784.54232617307d,&quot;35784.54 zł&quot;)" computerName="DESKTOP-5URQ9PB" duration="00:00:00.0000230" startTime="2022-06-13T20:52:08.5432377+02:00" endTime="2022-06-13T20:52:08.5432608+02:00" testType="13cdc9d9-ddb5-4fa4-a97d-d965ccfc6d4b" outcome="Passed" testListId="8c84fa94-04c1-424b-9868-57a2d4851a1d" relativeResultsDirectory="a2374f33-f797-4c60-a07d-674b8af9d58a" />
    <UnitTestResult executionId="34e49f3d-5f84-434b-8e95-dab493faedb5" testId="d0a6cf86-cfdd-0432-5d16-67b34f44bcfa" testName="FormatToStringTest100(9867.823212210007d,&quot;9867.82 zł&quot;)" computerName="DESKTOP-5URQ9PB" duration="00:00:00.0000180" startTime="2022-06-13T20:52:08.5446525+02:00" endTime="2022-06-13T20:52:08.5446699+02:00" testType="13cdc9d9-ddb5-4fa4-a97d-d965ccfc6d4b" outcome="Passed" testListId="8c84fa94-04c1-424b-9868-57a2d4851a1d" relativeResultsDirectory="34e49f3d-5f84-434b-8e95-dab493faedb5" />
    <UnitTestResult executionId="9fd4ed03-1fc9-4dc2-9757-2c8f59cb137f" testId="44db8638-081a-8ce0-7d23-94e055f5a609" testName="FormatToStringTest100(69864.17463991146d,&quot;69864.17 zł&quot;)" computerName="DESKTOP-5URQ9PB" duration="00:00:00.0000180" startTime="2022-06-13T20:52:08.5447021+02:00" endTime="2022-06-13T20:52:08.5447198+02:00" testType="13cdc9d9-ddb5-4fa4-a97d-d965ccfc6d4b" outcome="Passed" testListId="8c84fa94-04c1-424b-9868-57a2d4851a1d" relativeResultsDirectory="9fd4ed03-1fc9-4dc2-9757-2c8f59cb137f" />
    <UnitTestResult executionId="46f79d4e-8f26-4404-9792-fd0adaba3c1d" testId="710c032e-d39d-8d3b-a713-86e049d87044" testName="FormatToStringTest100(22604.838218828587d,&quot;22604.84 zł&quot;)" computerName="DESKTOP-5URQ9PB" duration="00:00:00.0000190" startTime="2022-06-13T20:52:08.5433266+02:00" endTime="2022-06-13T20:52:08.5433451+02:00" testType="13cdc9d9-ddb5-4fa4-a97d-d965ccfc6d4b" outcome="Passed" testListId="8c84fa94-04c1-424b-9868-57a2d4851a1d" relativeResultsDirectory="46f79d4e-8f26-4404-9792-fd0adaba3c1d" />
    <UnitTestResult executionId="cb2acef3-fd3d-4c7b-8ef4-6c0b7dcc4035" testId="3175c89c-9311-2898-f31c-d62baf20a38b" testName="FormatToStringTest100(5628.028273674672d,&quot;5628.03 zł&quot;)" computerName="DESKTOP-5URQ9PB" duration="00:00:00.0000300" startTime="2022-06-13T20:52:08.5424989+02:00" endTime="2022-06-13T20:52:08.5425289+02:00" testType="13cdc9d9-ddb5-4fa4-a97d-d965ccfc6d4b" outcome="Passed" testListId="8c84fa94-04c1-424b-9868-57a2d4851a1d" relativeResultsDirectory="cb2acef3-fd3d-4c7b-8ef4-6c0b7dcc4035" />
    <UnitTestResult executionId="1fc88bec-eaf9-419b-9235-01da2d861224" testId="8a579aef-fa33-44e5-d72c-f84816f89dda" testName="FormatToStringTest100(10268.547802396373d,&quot;10268.55 zł&quot;)" computerName="DESKTOP-5URQ9PB" duration="00:00:00.0000180" startTime="2022-06-13T20:52:08.5444452+02:00" endTime="2022-06-13T20:52:08.5444634+02:00" testType="13cdc9d9-ddb5-4fa4-a97d-d965ccfc6d4b" outcome="Passed" testListId="8c84fa94-04c1-424b-9868-57a2d4851a1d" relativeResultsDirectory="1fc88bec-eaf9-419b-9235-01da2d861224" />
    <UnitTestResult executionId="f7a6be0b-73e0-4f81-9953-cc208a837d7d" testId="73e4a8c3-f139-990a-bc9e-43cbdff15e01" testName="FormatToStringTest100(22291.653251342315d,&quot;22291.65 zł&quot;)" computerName="DESKTOP-5URQ9PB" duration="00:00:00.0000220" startTime="2022-06-13T20:52:08.5428932+02:00" endTime="2022-06-13T20:52:08.5429153+02:00" testType="13cdc9d9-ddb5-4fa4-a97d-d965ccfc6d4b" outcome="Passed" testListId="8c84fa94-04c1-424b-9868-57a2d4851a1d" relativeResultsDirectory="f7a6be0b-73e0-4f81-9953-cc208a837d7d" />
    <UnitTestResult executionId="2f2d7cbe-0242-47ae-a45c-936ddee5e6d8" testId="38b31d6d-f852-2ebd-9634-fecf51566e90" testName="FormatToStringTest100(86.89546322771136d,&quot;86.90 zł&quot;)" computerName="DESKTOP-5URQ9PB" duration="00:00:00.0000180" startTime="2022-06-13T20:52:08.5432139+02:00" endTime="2022-06-13T20:52:08.5432318+02:00" testType="13cdc9d9-ddb5-4fa4-a97d-d965ccfc6d4b" outcome="Passed" testListId="8c84fa94-04c1-424b-9868-57a2d4851a1d" relativeResultsDirectory="2f2d7cbe-0242-47ae-a45c-936ddee5e6d8" />
    <UnitTestResult executionId="71c18459-9d09-4ef0-abe6-a68784b4bebc" testId="e2700cee-eb5b-94db-dadd-a33ff5cf6ee6" testName="FormatToStringTest100(18990.72499258012d,&quot;18990.72 zł&quot;)" computerName="DESKTOP-5URQ9PB" duration="00:00:00.0000210" startTime="2022-06-13T20:52:08.5446252+02:00" endTime="2022-06-13T20:52:08.5446464+02:00" testType="13cdc9d9-ddb5-4fa4-a97d-d965ccfc6d4b" outcome="Passed" testListId="8c84fa94-04c1-424b-9868-57a2d4851a1d" relativeResultsDirectory="71c18459-9d09-4ef0-abe6-a68784b4bebc" />
    <UnitTestResult executionId="830f4c7f-ddb0-482b-b264-0fc10beaa37e" testId="476c9edc-b6ea-cbad-6c80-83085ed5206c" testName="FormatToStringTest100(918.1842976688334d,&quot;918.18 zł&quot;)" computerName="DESKTOP-5URQ9PB" duration="00:00:00.0000170" startTime="2022-06-13T20:52:08.5439917+02:00" endTime="2022-06-13T20:52:08.5440089+02:00" testType="13cdc9d9-ddb5-4fa4-a97d-d965ccfc6d4b" outcome="Passed" testListId="8c84fa94-04c1-424b-9868-57a2d4851a1d" relativeResultsDirectory="830f4c7f-ddb0-482b-b264-0fc10beaa37e" />
    <UnitTestResult executionId="bf1f59f2-a378-45b7-86e6-bd0fc0f2a560" testId="bab29e16-7181-0c35-50c9-4bfc6868cc06" testName="FormatToStringTest100(1108.7197928823157d,&quot;1108.72 zł&quot;)" computerName="DESKTOP-5URQ9PB" duration="00:00:00.0000240" startTime="2022-06-13T20:52:08.5435029+02:00" endTime="2022-06-13T20:52:08.5435261+02:00" testType="13cdc9d9-ddb5-4fa4-a97d-d965ccfc6d4b" outcome="Passed" testListId="8c84fa94-04c1-424b-9868-57a2d4851a1d" relativeResultsDirectory="bf1f59f2-a378-45b7-86e6-bd0fc0f2a560" />
    <UnitTestResult executionId="5e4d1bbf-43af-4f66-a0df-ad82e1a5539b" testId="7df4ba29-38dd-828e-22e5-9f7e850eb994" testName="FormatToStringTest100(24957.469502810607d,&quot;24957.47 zł&quot;)" computerName="DESKTOP-5URQ9PB" duration="00:00:00.0000180" startTime="2022-06-13T20:52:08.5429746+02:00" endTime="2022-06-13T20:52:08.5429927+02:00" testType="13cdc9d9-ddb5-4fa4-a97d-d965ccfc6d4b" outcome="Passed" testListId="8c84fa94-04c1-424b-9868-57a2d4851a1d" relativeResultsDirectory="5e4d1bbf-43af-4f66-a0df-ad82e1a5539b" />
    <UnitTestResult executionId="f755e5c3-23d1-40ac-a8a6-0f16380d51ff" testId="cb578742-c7f5-996b-5acf-564c542733c1" testName="FormatToStringTest100(10914.360814625099d,&quot;10914.36 zł&quot;)" computerName="DESKTOP-5URQ9PB" duration="00:00:00.0000200" startTime="2022-06-13T20:52:08.5425360+02:00" endTime="2022-06-13T20:52:08.5425560+02:00" testType="13cdc9d9-ddb5-4fa4-a97d-d965ccfc6d4b" outcome="Passed" testListId="8c84fa94-04c1-424b-9868-57a2d4851a1d" relativeResultsDirectory="f755e5c3-23d1-40ac-a8a6-0f16380d51ff" />
    <UnitTestResult executionId="4c410028-205d-42ab-945a-8210b5a17d37" testId="d75012f1-d6f6-c8c8-6052-216572e6d09a" testName="FormatToStringTest100(28502.61128259758d,&quot;28502.61 zł&quot;)" computerName="DESKTOP-5URQ9PB" duration="00:00:00.0000180" startTime="2022-06-13T20:52:08.5438648+02:00" endTime="2022-06-13T20:52:08.5438822+02:00" testType="13cdc9d9-ddb5-4fa4-a97d-d965ccfc6d4b" outcome="Passed" testListId="8c84fa94-04c1-424b-9868-57a2d4851a1d" relativeResultsDirectory="4c410028-205d-42ab-945a-8210b5a17d37" />
    <UnitTestResult executionId="263bfb4f-1a5f-4f07-82d7-9786cd0cb774" testId="c2636c45-ffae-32b8-cabd-dfdc2e3d89d2" testName="FormatToStringTest100(736.7398243680316d,&quot;736.74 zł&quot;)" computerName="DESKTOP-5URQ9PB" duration="00:00:00.0000260" startTime="2022-06-13T20:52:08.5437080+02:00" endTime="2022-06-13T20:52:08.5437337+02:00" testType="13cdc9d9-ddb5-4fa4-a97d-d965ccfc6d4b" outcome="Passed" testListId="8c84fa94-04c1-424b-9868-57a2d4851a1d" relativeResultsDirectory="263bfb4f-1a5f-4f07-82d7-9786cd0cb774" />
    <UnitTestResult executionId="ac7f8064-3587-4f36-9d3b-bf024834d435" testId="919092dd-bc49-4953-66e1-76b0c6a86bdb" testName="FormatToStringTest100(32218.080508120394d,&quot;32218.08 zł&quot;)" computerName="DESKTOP-5URQ9PB" duration="00:00:00.0000180" startTime="2022-06-13T20:52:08.5449013+02:00" endTime="2022-06-13T20:52:08.5449186+02:00" testType="13cdc9d9-ddb5-4fa4-a97d-d965ccfc6d4b" outcome="Passed" testListId="8c84fa94-04c1-424b-9868-57a2d4851a1d" relativeResultsDirectory="ac7f8064-3587-4f36-9d3b-bf024834d435" />
    <UnitTestResult executionId="82a2c4e3-c7fb-4c2b-89e9-bc691d8cd643" testId="8f9415dd-70b8-c527-026c-2122e53da756" testName="FormatToStringTest100(52858.048916166204d,&quot;52858.05 zł&quot;)" computerName="DESKTOP-5URQ9PB" duration="00:00:00.0000170" startTime="2022-06-13T20:52:08.5447764+02:00" endTime="2022-06-13T20:52:08.5447937+02:00" testType="13cdc9d9-ddb5-4fa4-a97d-d965ccfc6d4b" outcome="Passed" testListId="8c84fa94-04c1-424b-9868-57a2d4851a1d" relativeResultsDirectory="82a2c4e3-c7fb-4c2b-89e9-bc691d8cd643" />
    <UnitTestResult executionId="3a36671f-4b00-4ca7-aafd-60da3b7a1e20" testId="25a5f880-4d24-d3c7-abcb-2dee8483e02e" testName="FormatToStringTest100(591.2110872302256d,&quot;591.21 zł&quot;)" computerName="DESKTOP-5URQ9PB" duration="00:00:00.0000180" startTime="2022-06-13T20:52:08.5435325+02:00" endTime="2022-06-13T20:52:08.5435499+02:00" testType="13cdc9d9-ddb5-4fa4-a97d-d965ccfc6d4b" outcome="Passed" testListId="8c84fa94-04c1-424b-9868-57a2d4851a1d" relativeResultsDirectory="3a36671f-4b00-4ca7-aafd-60da3b7a1e20" />
    <UnitTestResult executionId="e5351430-df2c-4c29-9af0-b058449603bf" testId="4f9e6f5b-43a2-746f-e9ea-c62ab0b035f9" testName="FormatToStringTest100(3521.3657738167635d,&quot;3521.37 zł&quot;)" computerName="DESKTOP-5URQ9PB" duration="00:00:00.0000210" startTime="2022-06-13T20:52:08.5441924+02:00" endTime="2022-06-13T20:52:08.5442127+02:00" testType="13cdc9d9-ddb5-4fa4-a97d-d965ccfc6d4b" outcome="Passed" testListId="8c84fa94-04c1-424b-9868-57a2d4851a1d" relativeResultsDirectory="e5351430-df2c-4c29-9af0-b058449603bf" />
    <UnitTestResult executionId="b0791bc7-1f0c-4c1c-904f-632ea935229d" testId="a3a62b11-2538-ecb1-962d-5432f1e041eb" testName="FormatToStringTest100(6809.40195803037d,&quot;6809.40 zł&quot;)" computerName="DESKTOP-5URQ9PB" duration="00:00:00.0001560" startTime="2022-06-13T20:52:08.5422609+02:00" endTime="2022-06-13T20:52:08.5424161+02:00" testType="13cdc9d9-ddb5-4fa4-a97d-d965ccfc6d4b" outcome="Passed" testListId="8c84fa94-04c1-424b-9868-57a2d4851a1d" relativeResultsDirectory="b0791bc7-1f0c-4c1c-904f-632ea935229d" />
    <UnitTestResult executionId="3393a504-e5ae-48b0-8039-9cc6c762c57c" testId="02a2d8b6-604b-7623-31f1-22fa9c5dd6fb" testName="FormatToStringTest100(35145.379208063416d,&quot;35145.38 zł&quot;)" computerName="DESKTOP-5URQ9PB" duration="00:00:00.0000170" startTime="2022-06-13T20:52:08.5446023+02:00" endTime="2022-06-13T20:52:08.5446194+02:00" testType="13cdc9d9-ddb5-4fa4-a97d-d965ccfc6d4b" outcome="Passed" testListId="8c84fa94-04c1-424b-9868-57a2d4851a1d" relativeResultsDirectory="3393a504-e5ae-48b0-8039-9cc6c762c57c" />
    <UnitTestResult executionId="dfdaf890-3337-40ff-a54c-6a7a15761602" testId="993b2e32-0de1-26c2-5e33-6a1ad01eeb5e" testName="FormatToStringTest100(2292.8331871111104d,&quot;2292.83 zł&quot;)" computerName="DESKTOP-5URQ9PB" duration="00:00:00.0000180" startTime="2022-06-13T20:52:08.5445787+02:00" endTime="2022-06-13T20:52:08.5445965+02:00" testType="13cdc9d9-ddb5-4fa4-a97d-d965ccfc6d4b" outcome="Passed" testListId="8c84fa94-04c1-424b-9868-57a2d4851a1d" relativeResultsDirectory="dfdaf890-3337-40ff-a54c-6a7a15761602" />
    <UnitTestResult executionId="d76bf264-02d9-41b5-bc8c-389e84a64c49" testId="c8831b39-bf2b-06d6-5219-c1aac5b93a03" testName="FormatToStringTest100(33206.73122987837d,&quot;33206.73 zł&quot;)" computerName="DESKTOP-5URQ9PB" duration="00:00:00.0000190" startTime="2022-06-13T20:52:08.5439671+02:00" endTime="2022-06-13T20:52:08.5439857+02:00" testType="13cdc9d9-ddb5-4fa4-a97d-d965ccfc6d4b" outcome="Passed" testListId="8c84fa94-04c1-424b-9868-57a2d4851a1d" relativeResultsDirectory="d76bf264-02d9-41b5-bc8c-389e84a64c49" />
    <UnitTestResult executionId="ed745da5-ab5e-4936-8c91-d4013fd35506" testId="af58900a-c4df-19c1-aa0f-7bad2b6a33dc" testName="FormatToStringTest100(52020.805412759444d,&quot;52020.81 zł&quot;)" computerName="DESKTOP-5URQ9PB" duration="00:00:00.0000180" startTime="2022-06-13T20:52:08.5442188+02:00" endTime="2022-06-13T20:52:08.5442367+02:00" testType="13cdc9d9-ddb5-4fa4-a97d-d965ccfc6d4b" outcome="Passed" testListId="8c84fa94-04c1-424b-9868-57a2d4851a1d" relativeResultsDirectory="ed745da5-ab5e-4936-8c91-d4013fd35506" />
    <UnitTestResult executionId="757391a1-deda-4b01-bef3-e653a9f9d40d" testId="74cd5e35-cf5d-a7eb-ff81-196bcb803f0c" testName="FormatToStringTest100(1649.0127968480872d,&quot;1649.01 zł&quot;)" computerName="DESKTOP-5URQ9PB" duration="00:00:00.0000170" startTime="2022-06-13T20:52:08.5441693+02:00" endTime="2022-06-13T20:52:08.5441865+02:00" testType="13cdc9d9-ddb5-4fa4-a97d-d965ccfc6d4b" outcome="Passed" testListId="8c84fa94-04c1-424b-9868-57a2d4851a1d" relativeResultsDirectory="757391a1-deda-4b01-bef3-e653a9f9d40d" />
    <UnitTestResult executionId="8d701a51-1fdb-47c3-9833-55156b50a3b0" testId="68684c63-5f16-5756-6180-2b0b9df43ad7" testName="FormatToStringTest100(67338.80028760935d,&quot;67338.80 zł&quot;)" computerName="DESKTOP-5URQ9PB" duration="00:00:00.0000180" startTime="2022-06-13T20:52:08.5431904+02:00" endTime="2022-06-13T20:52:08.5432080+02:00" testType="13cdc9d9-ddb5-4fa4-a97d-d965ccfc6d4b" outcome="Passed" testListId="8c84fa94-04c1-424b-9868-57a2d4851a1d" relativeResultsDirectory="8d701a51-1fdb-47c3-9833-55156b50a3b0" />
    <UnitTestResult executionId="24ac257a-7e29-4938-8fbd-720ed0ef7d0d" testId="b058c171-2407-459c-7b57-a44deff88712" testName="FormatToStringTest100(159.83786031922224d,&quot;159.84 zł&quot;)" computerName="DESKTOP-5URQ9PB" duration="00:00:00.0000180" startTime="2022-06-13T20:52:08.5433510+02:00" endTime="2022-06-13T20:52:08.5433688+02:00" testType="13cdc9d9-ddb5-4fa4-a97d-d965ccfc6d4b" outcome="Passed" testListId="8c84fa94-04c1-424b-9868-57a2d4851a1d" relativeResultsDirectory="24ac257a-7e29-4938-8fbd-720ed0ef7d0d" />
    <UnitTestResult executionId="e8e6dfd7-d1e0-441f-8b56-74de7cda5b38" testId="82558537-50ec-fc9d-a7b1-76091e0d2ecf" testName="FormatToStringTest100(45603.90324273142d,&quot;45603.90 zł&quot;)" computerName="DESKTOP-5URQ9PB" duration="00:00:00.0000210" startTime="2022-06-13T20:52:08.5427910+02:00" endTime="2022-06-13T20:52:08.5428118+02:00" testType="13cdc9d9-ddb5-4fa4-a97d-d965ccfc6d4b" outcome="Passed" testListId="8c84fa94-04c1-424b-9868-57a2d4851a1d" relativeResultsDirectory="e8e6dfd7-d1e0-441f-8b56-74de7cda5b38" />
    <UnitTestResult executionId="c6f6835d-2dc5-49f6-b61c-d7912798eadd" testId="50b2ab98-8300-86f7-cec9-4d0f5d9f3400" testName="FormatToStringTest100(52810.91713865516d,&quot;52810.92 zł&quot;)" computerName="DESKTOP-5URQ9PB" duration="00:00:00.0000220" startTime="2022-06-13T20:52:08.5425858+02:00" endTime="2022-06-13T20:52:08.5426078+02:00" testType="13cdc9d9-ddb5-4fa4-a97d-d965ccfc6d4b" outcome="Passed" testListId="8c84fa94-04c1-424b-9868-57a2d4851a1d" relativeResultsDirectory="c6f6835d-2dc5-49f6-b61c-d7912798eadd" />
    <UnitTestResult executionId="96350db8-cdcb-4398-b3b8-ac5ad114c047" testId="2467c68f-1bc3-bd85-8310-dd76e33eebec" testName="FormatToStringTest100(17953.338243749615d,&quot;17953.34 zł&quot;)" computerName="DESKTOP-5URQ9PB" duration="00:00:00.0000170" startTime="2022-06-13T20:52:08.5444187+02:00" endTime="2022-06-13T20:52:08.5444359+02:00" testType="13cdc9d9-ddb5-4fa4-a97d-d965ccfc6d4b" outcome="Passed" testListId="8c84fa94-04c1-424b-9868-57a2d4851a1d" relativeResultsDirectory="96350db8-cdcb-4398-b3b8-ac5ad114c047" />
    <UnitTestResult executionId="389f8774-9579-4080-84f0-707916676ddf" testId="ca1d016a-03df-8541-a82d-e65f358d218a" testName="FormatToStringTest100(740.3213011405064d,&quot;740.32 zł&quot;)" computerName="DESKTOP-5URQ9PB" duration="00:00:00.0000230" startTime="2022-06-13T20:52:08.5432974+02:00" endTime="2022-06-13T20:52:08.5433203+02:00" testType="13cdc9d9-ddb5-4fa4-a97d-d965ccfc6d4b" outcome="Passed" testListId="8c84fa94-04c1-424b-9868-57a2d4851a1d" relativeResultsDirectory="389f8774-9579-4080-84f0-707916676ddf" />
    <UnitTestResult executionId="2153cd9e-539c-49a7-a02b-94f67acdf4d0" testId="654a56d0-2fdd-75b4-3dfc-159238275382" testName="FormatToStringTest100(468.83385119346616d,&quot;468.83 zł&quot;)" computerName="DESKTOP-5URQ9PB" duration="00:00:00.0000190" startTime="2022-06-13T20:52:08.5433778+02:00" endTime="2022-06-13T20:52:08.5433963+02:00" testType="13cdc9d9-ddb5-4fa4-a97d-d965ccfc6d4b" outcome="Passed" testListId="8c84fa94-04c1-424b-9868-57a2d4851a1d" relativeResultsDirectory="2153cd9e-539c-49a7-a02b-94f67acdf4d0" />
    <UnitTestResult executionId="767d74df-f83e-488a-8d3d-20fc408e60e8" testId="71b6d7a3-741f-e1f8-1593-52351d6b5171" testName="FormatToStringTest100(40857.08543233996d,&quot;40857.09 zł&quot;)" computerName="DESKTOP-5URQ9PB" duration="00:00:00.0000210" startTime="2022-06-13T20:52:08.5440683+02:00" endTime="2022-06-13T20:52:08.5440891+02:00" testType="13cdc9d9-ddb5-4fa4-a97d-d965ccfc6d4b" outcome="Passed" testListId="8c84fa94-04c1-424b-9868-57a2d4851a1d" relativeResultsDirectory="767d74df-f83e-488a-8d3d-20fc408e60e8" />
    <UnitTestResult executionId="51a86e7e-9cdf-4879-a5f2-da7e1c48daf6" testId="2877141a-aa4d-178b-dc9f-3b49cd88281f" testName="FormatToStringTest100(64210.358316209335d,&quot;64210.36 zł&quot;)" computerName="DESKTOP-5URQ9PB" duration="00:00:00.0000180" startTime="2022-06-13T20:52:08.5448775+02:00" endTime="2022-06-13T20:52:08.5448954+02:00" testType="13cdc9d9-ddb5-4fa4-a97d-d965ccfc6d4b" outcome="Passed" testListId="8c84fa94-04c1-424b-9868-57a2d4851a1d" relativeResultsDirectory="51a86e7e-9cdf-4879-a5f2-da7e1c48daf6" />
    <UnitTestResult executionId="c40f3155-296f-4952-b5e7-dc53aac625d4" testId="60c34650-73c3-1462-40f1-f8603816957f" testName="FormatToStringTest100(19541.10539777116d,&quot;19541.11 zł&quot;)" computerName="DESKTOP-5URQ9PB" duration="00:00:00.0000220" startTime="2022-06-13T20:52:08.5434258+02:00" endTime="2022-06-13T20:52:08.5434471+02:00" testType="13cdc9d9-ddb5-4fa4-a97d-d965ccfc6d4b" outcome="Passed" testListId="8c84fa94-04c1-424b-9868-57a2d4851a1d" relativeResultsDirectory="c40f3155-296f-4952-b5e7-dc53aac625d4" />
    <UnitTestResult executionId="99e7ece1-f49f-4314-9cc3-0034a50c9e0c" testId="da5ec1b9-c89d-ab82-b4aa-e3b444b3e081" testName="FormatToStringTest100(66019.32414194118d,&quot;66019.32 zł&quot;)" computerName="DESKTOP-5URQ9PB" duration="00:00:00.0000200" startTime="2022-06-13T20:52:08.5431354+02:00" endTime="2022-06-13T20:52:08.5431553+02:00" testType="13cdc9d9-ddb5-4fa4-a97d-d965ccfc6d4b" outcome="Passed" testListId="8c84fa94-04c1-424b-9868-57a2d4851a1d" relativeResultsDirectory="99e7ece1-f49f-4314-9cc3-0034a50c9e0c" />
    <UnitTestResult executionId="a0533586-1201-401e-9afc-292eecfe48fa" testId="8939b7b8-ff81-63bf-70dc-08f29a6ce586" testName="FormatToStringTest100(58848.60825001477d,&quot;58848.61 zł&quot;)" computerName="DESKTOP-5URQ9PB" duration="00:00:00.0000180" startTime="2022-06-13T20:52:08.5442931+02:00" endTime="2022-06-13T20:52:08.5443108+02:00" testType="13cdc9d9-ddb5-4fa4-a97d-d965ccfc6d4b" outcome="Passed" testListId="8c84fa94-04c1-424b-9868-57a2d4851a1d" relativeResultsDirectory="a0533586-1201-401e-9afc-292eecfe48fa" />
    <UnitTestResult executionId="5639ab49-d0cf-4ced-abfd-ba4c016271d3" testId="7423707e-221b-8128-5158-18f9b4198629" testName="FormatToStringTest100(31290.71396233687d,&quot;31290.71 zł&quot;)" computerName="DESKTOP-5URQ9PB" duration="00:00:00.0000210" startTime="2022-06-13T20:52:08.5441421+02:00" endTime="2022-06-13T20:52:08.5441631+02:00" testType="13cdc9d9-ddb5-4fa4-a97d-d965ccfc6d4b" outcome="Passed" testListId="8c84fa94-04c1-424b-9868-57a2d4851a1d" relativeResultsDirectory="5639ab49-d0cf-4ced-abfd-ba4c016271d3" />
    <UnitTestResult executionId="46defe48-4b4b-4039-881c-918561d146f4" testId="a7906eba-4ddd-f057-76e4-695c12f668f7" testName="FormatToStringTest100(50991.22189691114d,&quot;50991.22 zł&quot;)" computerName="DESKTOP-5URQ9PB" duration="00:00:00.0000180" startTime="2022-06-13T20:52:08.5443950+02:00" endTime="2022-06-13T20:52:08.5444127+02:00" testType="13cdc9d9-ddb5-4fa4-a97d-d965ccfc6d4b" outcome="Passed" testListId="8c84fa94-04c1-424b-9868-57a2d4851a1d" relativeResultsDirectory="46defe48-4b4b-4039-881c-918561d146f4" />
    <UnitTestResult executionId="fae7ec59-de53-461f-8f7e-716759da97c6" testId="7f117d65-eaa4-3393-47ff-b5f2adc1ba26" testName="FormatToStringTest100(28192.949128067565d,&quot;28192.95 zł&quot;)" computerName="DESKTOP-5URQ9PB" duration="00:00:00.0000180" startTime="2022-06-13T20:52:08.5434022+02:00" endTime="2022-06-13T20:52:08.5434200+02:00" testType="13cdc9d9-ddb5-4fa4-a97d-d965ccfc6d4b" outcome="Passed" testListId="8c84fa94-04c1-424b-9868-57a2d4851a1d" relativeResultsDirectory="fae7ec59-de53-461f-8f7e-716759da97c6" />
    <UnitTestResult executionId="67325da0-2f72-4eb3-a845-0dde968bd821" testId="7919cbdd-efef-77c6-b96b-a35d9751dc61" testName="FormatToStringTest100(38640.62766693003d,&quot;38640.63 zł&quot;)" computerName="DESKTOP-5URQ9PB" duration="00:00:00.0000200" startTime="2022-06-13T20:52:08.5429461+02:00" endTime="2022-06-13T20:52:08.5429653+02:00" testType="13cdc9d9-ddb5-4fa4-a97d-d965ccfc6d4b" outcome="Passed" testListId="8c84fa94-04c1-424b-9868-57a2d4851a1d" relativeResultsDirectory="67325da0-2f72-4eb3-a845-0dde968bd821" />
    <UnitTestResult executionId="cd361c99-fe5a-4968-bda1-bdc51f21bcae" testId="7b5657d1-871c-22e2-8b58-1e4af740074e" testName="FormatToStringTest100(79.6815319544084d,&quot;79.68 zł&quot;)" computerName="DESKTOP-5URQ9PB" duration="00:00:00.0000220" startTime="2022-06-13T20:52:08.5426372+02:00" endTime="2022-06-13T20:52:08.5426586+02:00" testType="13cdc9d9-ddb5-4fa4-a97d-d965ccfc6d4b" outcome="Passed" testListId="8c84fa94-04c1-424b-9868-57a2d4851a1d" relativeResultsDirectory="cd361c99-fe5a-4968-bda1-bdc51f21bcae" />
    <UnitTestResult executionId="bd923111-ee44-407b-bf67-007e51489b46" testId="f95d03e5-c6a6-a1ee-d69f-d2e7ee2d48f8" testName="FormatToStringTest100(50339.31259969497d,&quot;50339.31 zł&quot;)" computerName="DESKTOP-5URQ9PB" duration="00:00:00.0000220" startTime="2022-06-13T20:52:08.5443168+02:00" endTime="2022-06-13T20:52:08.5443381+02:00" testType="13cdc9d9-ddb5-4fa4-a97d-d965ccfc6d4b" outcome="Passed" testListId="8c84fa94-04c1-424b-9868-57a2d4851a1d" relativeResultsDirectory="bd923111-ee44-407b-bf67-007e51489b46" />
    <UnitTestResult executionId="990ea08d-c1e0-4ffd-8d92-0f24c1ac830d" testId="efa0c9dd-5dae-4bc5-1d88-8059c0fedffd" testName="FormatToStringTest100(41876.979471482795d,&quot;41876.98 zł&quot;)" computerName="DESKTOP-5URQ9PB" duration="00:00:00.0000220" startTime="2022-06-13T20:52:08.5447996+02:00" endTime="2022-06-13T20:52:08.5448214+02:00" testType="13cdc9d9-ddb5-4fa4-a97d-d965ccfc6d4b" outcome="Passed" testListId="8c84fa94-04c1-424b-9868-57a2d4851a1d" relativeResultsDirectory="990ea08d-c1e0-4ffd-8d92-0f24c1ac830d" />
    <UnitTestResult executionId="4361935c-31bc-4cb2-9a64-90809a12bef5" testId="e25a10b5-5264-4837-7f5e-e77f0fe36b19" testName="FormatToStringTest100(62975.496334776515d,&quot;62975.50 zł&quot;)" computerName="DESKTOP-5URQ9PB" duration="00:00:00.0000210" startTime="2022-06-13T20:52:08.5446757+02:00" endTime="2022-06-13T20:52:08.5446961+02:00" testType="13cdc9d9-ddb5-4fa4-a97d-d965ccfc6d4b" outcome="Passed" testListId="8c84fa94-04c1-424b-9868-57a2d4851a1d" relativeResultsDirectory="4361935c-31bc-4cb2-9a64-90809a12bef5" />
    <UnitTestResult executionId="8953b04d-4997-4a60-9979-20ec77d2cd6f" testId="5979600d-d5d6-1c59-8a74-a8946a5412a6" testName="FormatToStringTest100(46898.00219497783d,&quot;46898.00 zł&quot;)" computerName="DESKTOP-5URQ9PB" duration="00:00:00.0000210" startTime="2022-06-13T20:52:08.5445517+02:00" endTime="2022-06-13T20:52:08.5445727+02:00" testType="13cdc9d9-ddb5-4fa4-a97d-d965ccfc6d4b" outcome="Passed" testListId="8c84fa94-04c1-424b-9868-57a2d4851a1d" relativeResultsDirectory="8953b04d-4997-4a60-9979-20ec77d2cd6f" />
    <UnitTestResult executionId="281a245c-7b94-4e17-aa1b-d99438decaac" testId="b874febd-2abb-b5bf-4874-36453bfcf028" testName="FormatToStringTest100(1208.1827589441941d,&quot;1208.18 zł&quot;)" computerName="DESKTOP-5URQ9PB" duration="00:00:00.0000210" startTime="2022-06-13T20:52:08.5438379+02:00" endTime="2022-06-13T20:52:08.5438588+02:00" testType="13cdc9d9-ddb5-4fa4-a97d-d965ccfc6d4b" outcome="Passed" testListId="8c84fa94-04c1-424b-9868-57a2d4851a1d" relativeResultsDirectory="281a245c-7b94-4e17-aa1b-d99438decaac" />
    <UnitTestResult executionId="c15c9ac2-ba3c-4df3-a517-3bebf88293c7" testId="6c73a1d1-2654-d03d-8bff-b9bca4e437ad" testName="FormatToStringTest100(77904.0088552246d,&quot;77904.01 zł&quot;)" computerName="DESKTOP-5URQ9PB" duration="00:00:00.0000180" startTime="2022-06-13T20:52:08.5448276+02:00" endTime="2022-06-13T20:52:08.5448449+02:00" testType="13cdc9d9-ddb5-4fa4-a97d-d965ccfc6d4b" outcome="Passed" testListId="8c84fa94-04c1-424b-9868-57a2d4851a1d" relativeResultsDirectory="c15c9ac2-ba3c-4df3-a517-3bebf88293c7" />
    <UnitTestResult executionId="47161a89-432c-4c6d-aa0a-719266ee8115" testId="0441a484-8788-b6be-6f48-c9fcdc14bb9b" testName="FormatToStringTest100(37589.670531794276d,&quot;37589.67 zł&quot;)" computerName="DESKTOP-5URQ9PB" duration="00:00:00.0000180" startTime="2022-06-13T20:52:08.5430555+02:00" endTime="2022-06-13T20:52:08.5430736+02:00" testType="13cdc9d9-ddb5-4fa4-a97d-d965ccfc6d4b" outcome="Passed" testListId="8c84fa94-04c1-424b-9868-57a2d4851a1d" relativeResultsDirectory="47161a89-432c-4c6d-aa0a-719266ee8115" />
    <UnitTestResult executionId="dc8b3dcc-ecda-4f44-a0e7-fc5415da10bb" testId="5ca8472c-ed3c-7743-d772-01a1bacc08cf" testName="FormatToStringTest100(12949.590713378317d,&quot;12949.59 zł&quot;)" computerName="DESKTOP-5URQ9PB" duration="00:00:00.0000180" startTime="2022-06-13T20:52:08.5427400+02:00" endTime="2022-06-13T20:52:08.5427574+02:00" testType="13cdc9d9-ddb5-4fa4-a97d-d965ccfc6d4b" outcome="Passed" testListId="8c84fa94-04c1-424b-9868-57a2d4851a1d" relativeResultsDirectory="dc8b3dcc-ecda-4f44-a0e7-fc5415da10bb" />
    <UnitTestResult executionId="6ea8fc98-4fe5-426d-bd34-21c536e8e28d" testId="4ccdf7c5-1b8e-f25d-e6ff-328e24995c79" testName="FormatToStringTest100(1300.9430775404642d,&quot;1300.94 zł&quot;)" computerName="DESKTOP-5URQ9PB" duration="00:00:00.0532730" startTime="2022-06-13T20:52:08.4874609+02:00" endTime="2022-06-13T20:52:08.5406480+02:00" testType="13cdc9d9-ddb5-4fa4-a97d-d965ccfc6d4b" outcome="Passed" testListId="8c84fa94-04c1-424b-9868-57a2d4851a1d" relativeResultsDirectory="6ea8fc98-4fe5-426d-bd34-21c536e8e28d" />
    <UnitTestResult executionId="ad2fb462-b58b-41bb-a7a8-9f1967d21414" testId="94b82bc3-613a-e2b4-455b-4b4df4f2d194" testName="FormatToStringTest100(14172.682747822573d,&quot;14172.68 zł&quot;)" computerName="DESKTOP-5URQ9PB" duration="00:00:00.0000230" startTime="2022-06-13T20:52:08.5431618+02:00" endTime="2022-06-13T20:52:08.5431842+02:00" testType="13cdc9d9-ddb5-4fa4-a97d-d965ccfc6d4b" outcome="Passed" testListId="8c84fa94-04c1-424b-9868-57a2d4851a1d" relativeResultsDirectory="ad2fb462-b58b-41bb-a7a8-9f1967d21414" />
    <UnitTestResult executionId="cb31be53-cd8d-444a-bbcb-1b5994572593" testId="6b89659b-5dc5-b05c-ce48-871e20f8abd3" testName="FormatToStringTest100(74514.06270644537d,&quot;74514.06 zł&quot;)" computerName="DESKTOP-5URQ9PB" duration="00:00:00.0000180" startTime="2022-06-13T20:52:08.5447525+02:00" endTime="2022-06-13T20:52:08.5447706+02:00" testType="13cdc9d9-ddb5-4fa4-a97d-d965ccfc6d4b" outcome="Passed" testListId="8c84fa94-04c1-424b-9868-57a2d4851a1d" relativeResultsDirectory="cb31be53-cd8d-444a-bbcb-1b5994572593" />
    <UnitTestResult executionId="372fee26-65fd-4d91-88fd-7019552d5739" testId="905708b7-164a-0db6-1796-f60b9303ead6" testName="FormatToStringTest100(45035.160883881224d,&quot;45035.16 zł&quot;)" computerName="DESKTOP-5URQ9PB" duration="00:00:00.0000210" startTime="2022-06-13T20:52:08.5436572+02:00" endTime="2022-06-13T20:52:08.5436778+02:00" testType="13cdc9d9-ddb5-4fa4-a97d-d965ccfc6d4b" outcome="Passed" testListId="8c84fa94-04c1-424b-9868-57a2d4851a1d" relativeResultsDirectory="372fee26-65fd-4d91-88fd-7019552d5739" />
    <UnitTestResult executionId="290d7139-50b9-43a9-aa22-6c7d2ec26ae1" testId="b17f72a8-f991-8baf-d564-f4680aafed09" testName="FormatToStringTest100(7458.609645228652d,&quot;7458.61 zł&quot;)" computerName="DESKTOP-5URQ9PB" duration="00:00:00.0000190" startTime="2022-06-13T20:52:08.5437400+02:00" endTime="2022-06-13T20:52:08.5437591+02:00" testType="13cdc9d9-ddb5-4fa4-a97d-d965ccfc6d4b" outcome="Passed" testListId="8c84fa94-04c1-424b-9868-57a2d4851a1d" relativeResultsDirectory="290d7139-50b9-43a9-aa22-6c7d2ec26ae1" />
    <UnitTestResult executionId="4f888018-e8b6-4aa3-9d52-b1049547d4f7" testId="a4552a20-90c6-da36-cd4c-fbcb6268dcde" testName="FormatToStringTest100(15566.957545477411d,&quot;15566.96 zł&quot;)" computerName="DESKTOP-5URQ9PB" duration="00:00:00.0000180" startTime="2022-06-13T20:52:08.5444694+02:00" endTime="2022-06-13T20:52:08.5444867+02:00" testType="13cdc9d9-ddb5-4fa4-a97d-d965ccfc6d4b" outcome="Passed" testListId="8c84fa94-04c1-424b-9868-57a2d4851a1d" relativeResultsDirectory="4f888018-e8b6-4aa3-9d52-b1049547d4f7" />
    <UnitTestResult executionId="f43ec00c-3db6-4b7e-bc0b-6240c297050b" testId="6f964e27-f684-37ef-0fe4-6db993d07017" testName="FormatToStringTest100(14237.13226245955d,&quot;14237.13 zł&quot;)" computerName="DESKTOP-5URQ9PB" duration="00:00:00.0000190" startTime="2022-06-13T20:52:08.5429216+02:00" endTime="2022-06-13T20:52:08.5429399+02:00" testType="13cdc9d9-ddb5-4fa4-a97d-d965ccfc6d4b" outcome="Passed" testListId="8c84fa94-04c1-424b-9868-57a2d4851a1d" relativeResultsDirectory="f43ec00c-3db6-4b7e-bc0b-6240c297050b" />
    <UnitTestResult executionId="a9255164-9b6c-4046-8d51-9802360d8c39" testId="d7c99ac8-861f-2067-8f65-8717ab2b5eb2" testName="FormatToStringTest100(26515.80237687929d,&quot;26515.80 zł&quot;)" computerName="DESKTOP-5URQ9PB" duration="00:00:00.0000210" startTime="2022-06-13T20:52:08.5428179+02:00" endTime="2022-06-13T20:52:08.5428387+02:00" testType="13cdc9d9-ddb5-4fa4-a97d-d965ccfc6d4b" outcome="Passed" testListId="8c84fa94-04c1-424b-9868-57a2d4851a1d" relativeResultsDirectory="a9255164-9b6c-4046-8d51-9802360d8c39" />
    <UnitTestResult executionId="cb9e567c-86c5-42ec-917e-06b33761bf8c" testId="df63a8e8-b664-17f1-364e-31895b9a1463" testName="FormatToStringTest100(16986.338876065027d,&quot;16986.34 zł&quot;)" computerName="DESKTOP-5URQ9PB" duration="00:00:00.0000180" startTime="2022-06-13T20:52:08.5436837+02:00" endTime="2022-06-13T20:52:08.5437016+02:00" testType="13cdc9d9-ddb5-4fa4-a97d-d965ccfc6d4b" outcome="Passed" testListId="8c84fa94-04c1-424b-9868-57a2d4851a1d" relativeResultsDirectory="cb9e567c-86c5-42ec-917e-06b33761bf8c" />
    <UnitTestResult executionId="c4c368fa-788b-4c47-9cc8-210dfd01ce27" testId="55105f60-a252-8b4a-ee9e-f959f50461df" testName="FormatToStringTest100(79973.08417819678d,&quot;79973.08 zł&quot;)" computerName="DESKTOP-5URQ9PB" duration="00:00:00.0000180" startTime="2022-06-13T20:52:08.5425623+02:00" endTime="2022-06-13T20:52:08.5425800+02:00" testType="13cdc9d9-ddb5-4fa4-a97d-d965ccfc6d4b" outcome="Passed" testListId="8c84fa94-04c1-424b-9868-57a2d4851a1d" relativeResultsDirectory="c4c368fa-788b-4c47-9cc8-210dfd01ce27" />
    <UnitTestResult executionId="ba5610c4-123c-43d8-8df0-352dc3747036" testId="4a85d0e2-7867-4a37-3a69-cfba3fa4e599" testName="FormatToStringTest100(7789.7136237517525d,&quot;7789.71 zł&quot;)" computerName="DESKTOP-5URQ9PB" duration="00:00:00.0000210" startTime="2022-06-13T20:52:08.5436064+02:00" endTime="2022-06-13T20:52:08.5436272+02:00" testType="13cdc9d9-ddb5-4fa4-a97d-d965ccfc6d4b" outcome="Passed" testListId="8c84fa94-04c1-424b-9868-57a2d4851a1d" relativeResultsDirectory="ba5610c4-123c-43d8-8df0-352dc3747036" />
    <UnitTestResult executionId="ae7c4759-5d2f-4465-9325-2da447312e52" testId="bb9f98f7-9d10-2bbf-0773-348287578945" testName="FormatToStringTest100(15639.704937780603d,&quot;15639.70 zł&quot;)" computerName="DESKTOP-5URQ9PB" duration="00:00:00.0000180" startTime="2022-06-13T20:52:08.5436333+02:00" endTime="2022-06-13T20:52:08.5436512+02:00" testType="13cdc9d9-ddb5-4fa4-a97d-d965ccfc6d4b" outcome="Passed" testListId="8c84fa94-04c1-424b-9868-57a2d4851a1d" relativeResultsDirectory="ae7c4759-5d2f-4465-9325-2da447312e52" />
    <UnitTestResult executionId="12b5ef64-bd37-4182-90f6-6d8f5772a10c" testId="e570d006-f8c6-2527-78e0-897122dd716e" testName="FormatToStringTest100(20244.692955315437d,&quot;20244.69 zł&quot;)" computerName="DESKTOP-5URQ9PB" duration="00:00:00.0000180" startTime="2022-06-13T20:52:08.5440443+02:00" endTime="2022-06-13T20:52:08.5440622+02:00" testType="13cdc9d9-ddb5-4fa4-a97d-d965ccfc6d4b" outcome="Passed" testListId="8c84fa94-04c1-424b-9868-57a2d4851a1d" relativeResultsDirectory="12b5ef64-bd37-4182-90f6-6d8f5772a10c" />
    <UnitTestResult executionId="a5f5c3f4-4310-4bd9-b678-3fde6309cd04" testId="44373e51-799e-3e94-36f6-61e7eb361bdd" testName="FormatToStringTest100(34096.337879508894d,&quot;34096.34 zł&quot;)" computerName="DESKTOP-5URQ9PB" duration="00:00:00.0000180" startTime="2022-06-13T20:52:08.5437914+02:00" endTime="2022-06-13T20:52:08.5438094+02:00" testType="13cdc9d9-ddb5-4fa4-a97d-d965ccfc6d4b" outcome="Passed" testListId="8c84fa94-04c1-424b-9868-57a2d4851a1d" relativeResultsDirectory="a5f5c3f4-4310-4bd9-b678-3fde6309cd04" />
    <UnitTestResult executionId="3f1155f3-e3d6-4ef5-a09e-80ffdbeb1e7e" testId="b69457d8-d004-7265-0ffe-f1f1b36f446a" testName="FormatToStringTest100(22666.13578912995d,&quot;22666.14 zł&quot;)" computerName="DESKTOP-5URQ9PB" duration="00:00:00.0000220" startTime="2022-06-13T20:52:08.5430794+02:00" endTime="2022-06-13T20:52:08.5431015+02:00" testType="13cdc9d9-ddb5-4fa4-a97d-d965ccfc6d4b" outcome="Passed" testListId="8c84fa94-04c1-424b-9868-57a2d4851a1d" relativeResultsDirectory="3f1155f3-e3d6-4ef5-a09e-80ffdbeb1e7e" />
    <UnitTestResult executionId="6c44f80f-bb4a-4724-ae06-8f531a63b47f" testId="b1eb6943-1b02-4d9c-02f3-a7fb091a5c55" testName="FormatToStringTest100(78822.37212685234d,&quot;78822.37 zł&quot;)" computerName="DESKTOP-5URQ9PB" duration="00:00:00.0000240" startTime="2022-06-13T20:52:08.5440148+02:00" endTime="2022-06-13T20:52:08.5440382+02:00" testType="13cdc9d9-ddb5-4fa4-a97d-d965ccfc6d4b" outcome="Passed" testListId="8c84fa94-04c1-424b-9868-57a2d4851a1d" relativeResultsDirectory="6c44f80f-bb4a-4724-ae06-8f531a63b47f" />
    <UnitTestResult executionId="838cfe89-b90a-4af0-8f2b-4eaf796257ff" testId="e36f3ecc-8033-228e-9e4e-38062b6e56ea" testName="FormatToStringTest100(9816.961298880615d,&quot;9816.96 zł&quot;)" computerName="DESKTOP-5URQ9PB" duration="00:00:00.0000180" startTime="2022-06-13T20:52:08.5427162+02:00" endTime="2022-06-13T20:52:08.5427343+02:00" testType="13cdc9d9-ddb5-4fa4-a97d-d965ccfc6d4b" outcome="Passed" testListId="8c84fa94-04c1-424b-9868-57a2d4851a1d" relativeResultsDirectory="838cfe89-b90a-4af0-8f2b-4eaf796257ff" />
    <UnitTestResult executionId="c9a97011-694a-4257-aab7-46addd58d14a" testId="2f67a78a-f7c8-6103-2444-bea417ee54f9" testName="FormatToStringTest100(16383.352881839199d,&quot;16383.35 zł&quot;)" computerName="DESKTOP-5URQ9PB" duration="00:00:00.0000180" startTime="2022-06-13T20:52:08.5440950+02:00" endTime="2022-06-13T20:52:08.5441131+02:00" testType="13cdc9d9-ddb5-4fa4-a97d-d965ccfc6d4b" outcome="Passed" testListId="8c84fa94-04c1-424b-9868-57a2d4851a1d" relativeResultsDirectory="c9a97011-694a-4257-aab7-46addd58d14a" />
    <UnitTestResult executionId="53942eaf-d698-469e-948b-82e83e6d221d" testId="32c30dee-17e8-bc72-ad30-e19ba3161b9e" testName="FormatToStringTest100(27050.586848031067d,&quot;27050.59 zł&quot;)" computerName="DESKTOP-5URQ9PB" duration="00:00:00.0000220" startTime="2022-06-13T20:52:08.5427633+02:00" endTime="2022-06-13T20:52:08.5427848+02:00" testType="13cdc9d9-ddb5-4fa4-a97d-d965ccfc6d4b" outcome="Passed" testListId="8c84fa94-04c1-424b-9868-57a2d4851a1d" relativeResultsDirectory="53942eaf-d698-469e-948b-82e83e6d221d" />
    <UnitTestResult executionId="bde6af9e-7f8b-49a4-a7c5-1341f2c42e87" testId="056a4908-08a5-5e22-9551-e77f68ab63c4" testName="FormatToStringTest100(317.9090540706688d,&quot;317.91 zł&quot;)" computerName="DESKTOP-5URQ9PB" duration="00:00:00.0000190" startTime="2022-06-13T20:52:08.5445273+02:00" endTime="2022-06-13T20:52:08.5445456+02:00" testType="13cdc9d9-ddb5-4fa4-a97d-d965ccfc6d4b" outcome="Passed" testListId="8c84fa94-04c1-424b-9868-57a2d4851a1d" relativeResultsDirectory="bde6af9e-7f8b-49a4-a7c5-1341f2c42e87" />
    <UnitTestResult executionId="e841e654-34b8-4ed5-b234-6ab3cca0ce0e" testId="8f7eaa04-9e7b-2fbd-6154-590301c05ba7" testName="FormatToStringTest100(63507.32603545455d,&quot;63507.33 zł&quot;)" computerName="DESKTOP-5URQ9PB" duration="00:00:00.0000280" startTime="2022-06-13T20:52:08.5444925+02:00" endTime="2022-06-13T20:52:08.5445206+02:00" testType="13cdc9d9-ddb5-4fa4-a97d-d965ccfc6d4b" outcome="Passed" testListId="8c84fa94-04c1-424b-9868-57a2d4851a1d" relativeResultsDirectory="e841e654-34b8-4ed5-b234-6ab3cca0ce0e" />
    <UnitTestResult executionId="68057355-713b-4ff7-811c-3a5b29b53bcd" testId="4e8ed588-d392-7511-ecc9-96da1857794d" testName="FormatToStringTest100(5396.620088554277d,&quot;5396.62 zł&quot;)" computerName="DESKTOP-5URQ9PB" duration="00:00:00.0000230" startTime="2022-06-13T20:52:08.5428637+02:00" endTime="2022-06-13T20:52:08.5428863+02:00" testType="13cdc9d9-ddb5-4fa4-a97d-d965ccfc6d4b" outcome="Passed" testListId="8c84fa94-04c1-424b-9868-57a2d4851a1d" relativeResultsDirectory="68057355-713b-4ff7-811c-3a5b29b53bcd" />
    <UnitTestResult executionId="60d1ee3f-e942-4158-95d4-0472faa6b01e" testId="a9227eb6-41f1-9ad5-6a50-0ab740c4f5fb" testName="FormatToStringTest100(1741.3334432818617d,&quot;1741.33 zł&quot;)" computerName="DESKTOP-5URQ9PB" duration="00:00:00.0000170" startTime="2022-06-13T20:52:08.5439388+02:00" endTime="2022-06-13T20:52:08.5439556+02:00" testType="13cdc9d9-ddb5-4fa4-a97d-d965ccfc6d4b" outcome="Passed" testListId="8c84fa94-04c1-424b-9868-57a2d4851a1d" relativeResultsDirectory="60d1ee3f-e942-4158-95d4-0472faa6b01e" />
    <UnitTestResult executionId="b8daf1b3-4908-43f3-a19e-da159e17d674" testId="bc60038d-a8ea-2e7f-26de-80f8d367bef6" testName="FormatToStringTest100(11100.829211263372d,&quot;11100.83 zł&quot;)" computerName="DESKTOP-5URQ9PB" duration="00:00:00.0000270" startTime="2022-06-13T20:52:08.5430221+02:00" endTime="2022-06-13T20:52:08.5430485+02:00" testType="13cdc9d9-ddb5-4fa4-a97d-d965ccfc6d4b" outcome="Passed" testListId="8c84fa94-04c1-424b-9868-57a2d4851a1d" relativeResultsDirectory="b8daf1b3-4908-43f3-a19e-da159e17d674" />
    <UnitTestResult executionId="808d6f56-9517-4ede-a566-e90a640966e2" testId="6ae5af13-f172-7ae6-9d14-b0b6b031899f" testName="FormatToStringTest100(21961.272673999552d,&quot;21961.27 zł&quot;)" computerName="DESKTOP-5URQ9PB" duration="00:00:00.0000210" startTime="2022-06-13T20:52:08.5443682+02:00" endTime="2022-06-13T20:52:08.5443888+02:00" testType="13cdc9d9-ddb5-4fa4-a97d-d965ccfc6d4b" outcome="Passed" testListId="8c84fa94-04c1-424b-9868-57a2d4851a1d" relativeResultsDirectory="808d6f56-9517-4ede-a566-e90a640966e2" />
    <UnitTestResult executionId="1770df9e-7fdf-4c93-9231-6a333b86e057" testId="dd1f1120-f5a5-11a0-4ecf-8df96d7fc7fd" testName="FormatToStringTest100(25990.318498101697d,&quot;25990.32 zł&quot;)" computerName="DESKTOP-5URQ9PB" duration="00:00:00.0000190" startTime="2022-06-13T20:52:08.5439145+02:00" endTime="2022-06-13T20:52:08.5439329+02:00" testType="13cdc9d9-ddb5-4fa4-a97d-d965ccfc6d4b" outcome="Passed" testListId="8c84fa94-04c1-424b-9868-57a2d4851a1d" relativeResultsDirectory="1770df9e-7fdf-4c93-9231-6a333b86e057" />
    <UnitTestResult executionId="f6a0cb67-87f8-4fc9-b8f6-76b81609868a" testId="a32e39cd-63bd-b948-c34d-2792a9ad523c" testName="FormatToStringTest100(2937.138486199611d,&quot;2937.14 zł&quot;)" computerName="DESKTOP-5URQ9PB" duration="00:00:00.0000180" startTime="2022-06-13T20:52:08.5442692+02:00" endTime="2022-06-13T20:52:08.5442873+02:00" testType="13cdc9d9-ddb5-4fa4-a97d-d965ccfc6d4b" outcome="Passed" testListId="8c84fa94-04c1-424b-9868-57a2d4851a1d" relativeResultsDirectory="f6a0cb67-87f8-4fc9-b8f6-76b81609868a" />
    <UnitTestResult executionId="20c327e8-3d69-4f4d-9fd6-b6afa0ea42a8" testId="4ec0800c-e01f-aa73-19f1-180137b3dfdf" testName="FormatToStringTest100(70771.4436677524d,&quot;70771.44 zł&quot;)" computerName="DESKTOP-5URQ9PB" duration="00:00:00.0000180" startTime="2022-06-13T20:52:08.5449284+02:00" endTime="2022-06-13T20:52:08.5449465+02:00" testType="13cdc9d9-ddb5-4fa4-a97d-d965ccfc6d4b" outcome="Passed" testListId="8c84fa94-04c1-424b-9868-57a2d4851a1d" relativeResultsDirectory="20c327e8-3d69-4f4d-9fd6-b6afa0ea42a8" />
    <UnitTestResult executionId="65bc8b43-d158-4db0-99c1-5ca38ffe27b5" testId="c5a97db9-c630-e39e-7e7c-43e80ae0249a" testName="FormatToStringTest100(39178.05988345298d,&quot;39178.06 zł&quot;)" computerName="DESKTOP-5URQ9PB" duration="00:00:00.0000180" startTime="2022-06-13T20:52:08.5443443+02:00" endTime="2022-06-13T20:52:08.5443623+02:00" testType="13cdc9d9-ddb5-4fa4-a97d-d965ccfc6d4b" outcome="Passed" testListId="8c84fa94-04c1-424b-9868-57a2d4851a1d" relativeResultsDirectory="65bc8b43-d158-4db0-99c1-5ca38ffe27b5" />
    <UnitTestResult executionId="d9338a37-f4d4-40eb-a16d-f25ab92c67c7" testId="854d51c5-41df-4ddb-a8da-54b20e306485" testName="FormatToStringTest100(286.92120604539343d,&quot;286.92 zł&quot;)" computerName="DESKTOP-5URQ9PB" duration="00:00:00.0000210" startTime="2022-06-13T20:52:08.5426892+02:00" endTime="2022-06-13T20:52:08.5427100+02:00" testType="13cdc9d9-ddb5-4fa4-a97d-d965ccfc6d4b" outcome="Passed" testListId="8c84fa94-04c1-424b-9868-57a2d4851a1d" relativeResultsDirectory="d9338a37-f4d4-40eb-a16d-f25ab92c67c7" />
    <UnitTestResult executionId="b6c5233c-9733-436c-9a01-210ee57beb28" testId="d07b46f4-88eb-bfa4-6fe4-d6ba0c12fe8f" testName="FormatToStringTest100(6890.028458985514d,&quot;6890.03 zł&quot;)" computerName="DESKTOP-5URQ9PB" duration="00:00:00.0000180" startTime="2022-06-13T20:52:08.5434532+02:00" endTime="2022-06-13T20:52:08.5434705+02:00" testType="13cdc9d9-ddb5-4fa4-a97d-d965ccfc6d4b" outcome="Passed" testListId="8c84fa94-04c1-424b-9868-57a2d4851a1d" relativeResultsDirectory="b6c5233c-9733-436c-9a01-210ee57beb28" />
  </Results>
  <TestDefinitions>
    <UnitTest name="FormatToStringTest100(69864.17463991146d,&quot;69864.17 zł&quot;)" storage="c:\projekty\nunittestproject\bin\debug\netcoreapp3.1\nunittestproject.dll" id="44db8638-081a-8ce0-7d23-94e055f5a609">
      <Execution id="9fd4ed03-1fc9-4dc2-9757-2c8f59cb137f" />
      <TestMethod codeBase="C:\Projekty\NUnitTestProject\bin\Debug\netcoreapp3.1\NUnitTestProject.dll" adapterTypeName="executor://nunit3testexecutor/" className="NUnitTestProject.CurrencyHelperTests" name="FormatToStringTest100(69864.17463991146d,&quot;69864.17 zł&quot;)" />
    </UnitTest>
    <UnitTest name="FormatToStringTest100(1300.9430775404642d,&quot;1300.94 zł&quot;)" storage="c:\projekty\nunittestproject\bin\debug\netcoreapp3.1\nunittestproject.dll" id="4ccdf7c5-1b8e-f25d-e6ff-328e24995c79">
      <Execution id="6ea8fc98-4fe5-426d-bd34-21c536e8e28d" />
      <TestMethod codeBase="C:\Projekty\NUnitTestProject\bin\Debug\netcoreapp3.1\NUnitTestProject.dll" adapterTypeName="executor://nunit3testexecutor/" className="NUnitTestProject.CurrencyHelperTests" name="FormatToStringTest100(1300.9430775404642d,&quot;1300.94 zł&quot;)" />
    </UnitTest>
    <UnitTest name="FormatToStringTest100(28192.949128067565d,&quot;28192.95 zł&quot;)" storage="c:\projekty\nunittestproject\bin\debug\netcoreapp3.1\nunittestproject.dll" id="7f117d65-eaa4-3393-47ff-b5f2adc1ba26">
      <Execution id="fae7ec59-de53-461f-8f7e-716759da97c6" />
      <TestMethod codeBase="C:\Projekty\NUnitTestProject\bin\Debug\netcoreapp3.1\NUnitTestProject.dll" adapterTypeName="executor://nunit3testexecutor/" className="NUnitTestProject.CurrencyHelperTests" name="FormatToStringTest100(28192.949128067565d,&quot;28192.95 zł&quot;)" />
    </UnitTest>
    <UnitTest name="FormatToStringTest100(35145.379208063416d,&quot;35145.38 zł&quot;)" storage="c:\projekty\nunittestproject\bin\debug\netcoreapp3.1\nunittestproject.dll" id="02a2d8b6-604b-7623-31f1-22fa9c5dd6fb">
      <Execution id="3393a504-e5ae-48b0-8039-9cc6c762c57c" />
      <TestMethod codeBase="C:\Projekty\NUnitTestProject\bin\Debug\netcoreapp3.1\NUnitTestProject.dll" adapterTypeName="executor://nunit3testexecutor/" className="NUnitTestProject.CurrencyHelperTests" name="FormatToStringTest100(35145.379208063416d,&quot;35145.38 zł&quot;)" />
    </UnitTest>
    <UnitTest name="FormatToStringTest100(58848.60825001477d,&quot;58848.61 zł&quot;)" storage="c:\projekty\nunittestproject\bin\debug\netcoreapp3.1\nunittestproject.dll" id="8939b7b8-ff81-63bf-70dc-08f29a6ce586">
      <Execution id="a0533586-1201-401e-9afc-292eecfe48fa" />
      <TestMethod codeBase="C:\Projekty\NUnitTestProject\bin\Debug\netcoreapp3.1\NUnitTestProject.dll" adapterTypeName="executor://nunit3testexecutor/" className="NUnitTestProject.CurrencyHelperTests" name="FormatToStringTest100(58848.60825001477d,&quot;58848.61 zł&quot;)" />
    </UnitTest>
    <UnitTest name="FormatToStringTest100(17953.338243749615d,&quot;17953.34 zł&quot;)" storage="c:\projekty\nunittestproject\bin\debug\netcoreapp3.1\nunittestproject.dll" id="2467c68f-1bc3-bd85-8310-dd76e33eebec">
      <Execution id="96350db8-cdcb-4398-b3b8-ac5ad114c047" />
      <TestMethod codeBase="C:\Projekty\NUnitTestProject\bin\Debug\netcoreapp3.1\NUnitTestProject.dll" adapterTypeName="executor://nunit3testexecutor/" className="NUnitTestProject.CurrencyHelperTests" name="FormatToStringTest100(17953.338243749615d,&quot;17953.34 zł&quot;)" />
    </UnitTest>
    <UnitTest name="FormatToStringTest100(39178.05988345298d,&quot;39178.06 zł&quot;)" storage="c:\projekty\nunittestproject\bin\debug\netcoreapp3.1\nunittestproject.dll" id="c5a97db9-c630-e39e-7e7c-43e80ae0249a">
      <Execution id="65bc8b43-d158-4db0-99c1-5ca38ffe27b5" />
      <TestMethod codeBase="C:\Projekty\NUnitTestProject\bin\Debug\netcoreapp3.1\NUnitTestProject.dll" adapterTypeName="executor://nunit3testexecutor/" className="NUnitTestProject.CurrencyHelperTests" name="FormatToStringTest100(39178.05988345298d,&quot;39178.06 zł&quot;)" />
    </UnitTest>
    <UnitTest name="FormatToStringTest100(21961.272673999552d,&quot;21961.27 zł&quot;)" storage="c:\projekty\nunittestproject\bin\debug\netcoreapp3.1\nunittestproject.dll" id="6ae5af13-f172-7ae6-9d14-b0b6b031899f">
      <Execution id="808d6f56-9517-4ede-a566-e90a640966e2" />
      <TestMethod codeBase="C:\Projekty\NUnitTestProject\bin\Debug\netcoreapp3.1\NUnitTestProject.dll" adapterTypeName="executor://nunit3testexecutor/" className="NUnitTestProject.CurrencyHelperTests" name="FormatToStringTest100(21961.272673999552d,&quot;21961.27 zł&quot;)" />
    </UnitTest>
    <UnitTest name="FormatToStringTest100(66019.32414194118d,&quot;66019.32 zł&quot;)" storage="c:\projekty\nunittestproject\bin\debug\netcoreapp3.1\nunittestproject.dll" id="da5ec1b9-c89d-ab82-b4aa-e3b444b3e081">
      <Execution id="99e7ece1-f49f-4314-9cc3-0034a50c9e0c" />
      <TestMethod codeBase="C:\Projekty\NUnitTestProject\bin\Debug\netcoreapp3.1\NUnitTestProject.dll" adapterTypeName="executor://nunit3testexecutor/" className="NUnitTestProject.CurrencyHelperTests" name="FormatToStringTest100(66019.32414194118d,&quot;66019.32 zł&quot;)" />
    </UnitTest>
    <UnitTest name="FormatToStringTest100(5628.028273674672d,&quot;5628.03 zł&quot;)" storage="c:\projekty\nunittestproject\bin\debug\netcoreapp3.1\nunittestproject.dll" id="3175c89c-9311-2898-f31c-d62baf20a38b">
      <Execution id="cb2acef3-fd3d-4c7b-8ef4-6c0b7dcc4035" />
      <TestMethod codeBase="C:\Projekty\NUnitTestProject\bin\Debug\netcoreapp3.1\NUnitTestProject.dll" adapterTypeName="executor://nunit3testexecutor/" className="NUnitTestProject.CurrencyHelperTests" name="FormatToStringTest100(5628.028273674672d,&quot;5628.03 zł&quot;)" />
    </UnitTest>
    <UnitTest name="FormatToStringTest100(52020.805412759444d,&quot;52020.81 zł&quot;)" storage="c:\projekty\nunittestproject\bin\debug\netcoreapp3.1\nunittestproject.dll" id="af58900a-c4df-19c1-aa0f-7bad2b6a33dc">
      <Execution id="ed745da5-ab5e-4936-8c91-d4013fd35506" />
      <TestMethod codeBase="C:\Projekty\NUnitTestProject\bin\Debug\netcoreapp3.1\NUnitTestProject.dll" adapterTypeName="executor://nunit3testexecutor/" className="NUnitTestProject.CurrencyHelperTests" name="FormatToStringTest100(52020.805412759444d,&quot;52020.81 zł&quot;)" />
    </UnitTest>
    <UnitTest name="FormatToStringTest100(34096.337879508894d,&quot;34096.34 zł&quot;)" storage="c:\projekty\nunittestproject\bin\debug\netcoreapp3.1\nunittestproject.dll" id="44373e51-799e-3e94-36f6-61e7eb361bdd">
      <Execution id="a5f5c3f4-4310-4bd9-b678-3fde6309cd04" />
      <TestMethod codeBase="C:\Projekty\NUnitTestProject\bin\Debug\netcoreapp3.1\NUnitTestProject.dll" adapterTypeName="executor://nunit3testexecutor/" className="NUnitTestProject.CurrencyHelperTests" name="FormatToStringTest100(34096.337879508894d,&quot;34096.34 zł&quot;)" />
    </UnitTest>
    <UnitTest name="FormatToStringTest100(52858.048916166204d,&quot;52858.05 zł&quot;)" storage="c:\projekty\nunittestproject\bin\debug\netcoreapp3.1\nunittestproject.dll" id="8f9415dd-70b8-c527-026c-2122e53da756">
      <Execution id="82a2c4e3-c7fb-4c2b-89e9-bc691d8cd643" />
      <TestMethod codeBase="C:\Projekty\NUnitTestProject\bin\Debug\netcoreapp3.1\NUnitTestProject.dll" adapterTypeName="executor://nunit3testexecutor/" className="NUnitTestProject.CurrencyHelperTests" name="FormatToStringTest100(52858.048916166204d,&quot;52858.05 zł&quot;)" />
    </UnitTest>
    <UnitTest name="FormatToStringTest100(86.89546322771136d,&quot;86.90 zł&quot;)" storage="c:\projekty\nunittestproject\bin\debug\netcoreapp3.1\nunittestproject.dll" id="38b31d6d-f852-2ebd-9634-fecf51566e90">
      <Execution id="2f2d7cbe-0242-47ae-a45c-936ddee5e6d8" />
      <TestMethod codeBase="C:\Projekty\NUnitTestProject\bin\Debug\netcoreapp3.1\NUnitTestProject.dll" adapterTypeName="executor://nunit3testexecutor/" className="NUnitTestProject.CurrencyHelperTests" name="FormatToStringTest100(86.89546322771136d,&quot;86.90 zł&quot;)" />
    </UnitTest>
    <UnitTest name="FormatToStringTest100(15639.704937780603d,&quot;15639.70 zł&quot;)" storage="c:\projekty\nunittestproject\bin\debug\netcoreapp3.1\nunittestproject.dll" id="bb9f98f7-9d10-2bbf-0773-348287578945">
      <Execution id="ae7c4759-5d2f-4465-9325-2da447312e52" />
      <TestMethod codeBase="C:\Projekty\NUnitTestProject\bin\Debug\netcoreapp3.1\NUnitTestProject.dll" adapterTypeName="executor://nunit3testexecutor/" className="NUnitTestProject.CurrencyHelperTests" name="FormatToStringTest100(15639.704937780603d,&quot;15639.70 zł&quot;)" />
    </UnitTest>
    <UnitTest name="FormatToStringTest100(38640.62766693003d,&quot;38640.63 zł&quot;)" storage="c:\projekty\nunittestproject\bin\debug\netcoreapp3.1\nunittestproject.dll" id="7919cbdd-efef-77c6-b96b-a35d9751dc61">
      <Execution id="67325da0-2f72-4eb3-a845-0dde968bd821" />
      <TestMethod codeBase="C:\Projekty\NUnitTestProject\bin\Debug\netcoreapp3.1\NUnitTestProject.dll" adapterTypeName="executor://nunit3testexecutor/" className="NUnitTestProject.CurrencyHelperTests" name="FormatToStringTest100(38640.62766693003d,&quot;38640.63 zł&quot;)" />
    </UnitTest>
    <UnitTest name="FormatToStringTest100(9867.823212210007d,&quot;9867.82 zł&quot;)" storage="c:\projekty\nunittestproject\bin\debug\netcoreapp3.1\nunittestproject.dll" id="d0a6cf86-cfdd-0432-5d16-67b34f44bcfa">
      <Execution id="34e49f3d-5f84-434b-8e95-dab493faedb5" />
      <TestMethod codeBase="C:\Projekty\NUnitTestProject\bin\Debug\netcoreapp3.1\NUnitTestProject.dll" adapterTypeName="executor://nunit3testexecutor/" className="NUnitTestProject.CurrencyHelperTests" name="FormatToStringTest100(9867.823212210007d,&quot;9867.82 zł&quot;)" />
    </UnitTest>
    <UnitTest name="FormatToStringTest100(2937.138486199611d,&quot;2937.14 zł&quot;)" storage="c:\projekty\nunittestproject\bin\debug\netcoreapp3.1\nunittestproject.dll" id="a32e39cd-63bd-b948-c34d-2792a9ad523c">
      <Execution id="f6a0cb67-87f8-4fc9-b8f6-76b81609868a" />
      <TestMethod codeBase="C:\Projekty\NUnitTestProject\bin\Debug\netcoreapp3.1\NUnitTestProject.dll" adapterTypeName="executor://nunit3testexecutor/" className="NUnitTestProject.CurrencyHelperTests" name="FormatToStringTest100(2937.138486199611d,&quot;2937.14 zł&quot;)" />
    </UnitTest>
    <UnitTest name="FormatToStringTest100(79.6815319544084d,&quot;79.68 zł&quot;)" storage="c:\projekty\nunittestproject\bin\debug\netcoreapp3.1\nunittestproject.dll" id="7b5657d1-871c-22e2-8b58-1e4af740074e">
      <Execution id="cd361c99-fe5a-4968-bda1-bdc51f21bcae" />
      <TestMethod codeBase="C:\Projekty\NUnitTestProject\bin\Debug\netcoreapp3.1\NUnitTestProject.dll" adapterTypeName="executor://nunit3testexecutor/" className="NUnitTestProject.CurrencyHelperTests" name="FormatToStringTest100(79.6815319544084d,&quot;79.68 zł&quot;)" />
    </UnitTest>
    <UnitTest name="FormatToStringTest100(7789.7136237517525d,&quot;7789.71 zł&quot;)" storage="c:\projekty\nunittestproject\bin\debug\netcoreapp3.1\nunittestproject.dll" id="4a85d0e2-7867-4a37-3a69-cfba3fa4e599">
      <Execution id="ba5610c4-123c-43d8-8df0-352dc3747036" />
      <TestMethod codeBase="C:\Projekty\NUnitTestProject\bin\Debug\netcoreapp3.1\NUnitTestProject.dll" adapterTypeName="executor://nunit3testexecutor/" className="NUnitTestProject.CurrencyHelperTests" name="FormatToStringTest100(7789.7136237517525d,&quot;7789.71 zł&quot;)" />
    </UnitTest>
    <UnitTest name="FormatToStringTest100(35784.54232617307d,&quot;35784.54 zł&quot;)" storage="c:\projekty\nunittestproject\bin\debug\netcoreapp3.1\nunittestproject.dll" id="40d78239-8f39-5058-3911-ca4c3976e207">
      <Execution id="a2374f33-f797-4c60-a07d-674b8af9d58a" />
      <TestMethod codeBase="C:\Projekty\NUnitTestProject\bin\Debug\netcoreapp3.1\NUnitTestProject.dll" adapterTypeName="executor://nunit3testexecutor/" className="NUnitTestProject.CurrencyHelperTests" name="FormatToStringTest100(35784.54232617307d,&quot;35784.54 zł&quot;)" />
    </UnitTest>
    <UnitTest name="FormatToStringTest100(28502.61128259758d,&quot;28502.61 zł&quot;)" storage="c:\projekty\nunittestproject\bin\debug\netcoreapp3.1\nunittestproject.dll" id="d75012f1-d6f6-c8c8-6052-216572e6d09a">
      <Execution id="4c410028-205d-42ab-945a-8210b5a17d37" />
      <TestMethod codeBase="C:\Projekty\NUnitTestProject\bin\Debug\netcoreapp3.1\NUnitTestProject.dll" adapterTypeName="executor://nunit3testexecutor/" className="NUnitTestProject.CurrencyHelperTests" name="FormatToStringTest100(28502.61128259758d,&quot;28502.61 zł&quot;)" />
    </UnitTest>
    <UnitTest name="FormatToStringTest100(17252.06220983903d,&quot;17252.06 zł&quot;)" storage="c:\projekty\nunittestproject\bin\debug\netcoreapp3.1\nunittestproject.dll" id="d5607c40-0e03-cf87-1ac7-663c6c348c83">
      <Execution id="1269273e-3c4d-45d2-8d6f-0fef5e0e21a7" />
      <TestMethod codeBase="C:\Projekty\NUnitTestProject\bin\Debug\netcoreapp3.1\NUnitTestProject.dll" adapterTypeName="executor://nunit3testexecutor/" className="NUnitTestProject.CurrencyHelperTests" name="FormatToStringTest100(17252.06220983903d,&quot;17252.06 zł&quot;)" />
    </UnitTest>
    <UnitTest name="FormatToStringTest100(32632.105531036905d,&quot;32632.11 zł&quot;)" storage="c:\projekty\nunittestproject\bin\debug\netcoreapp3.1\nunittestproject.dll" id="7f364af7-1a4c-2e9e-a4ab-c96e4d59ad29">
      <Execution id="5d49debd-a721-4eaf-949b-e19694b8d5ed" />
      <TestMethod codeBase="C:\Projekty\NUnitTestProject\bin\Debug\netcoreapp3.1\NUnitTestProject.dll" adapterTypeName="executor://nunit3testexecutor/" className="NUnitTestProject.CurrencyHelperTests" name="FormatToStringTest100(32632.105531036905d,&quot;32632.11 zł&quot;)" />
    </UnitTest>
    <UnitTest name="FormatToStringTest100(80609.94377465078d,&quot;80609.94 zł&quot;)" storage="c:\projekty\nunittestproject\bin\debug\netcoreapp3.1\nunittestproject.dll" id="642d2869-679c-7098-495e-642b3c4d783b">
      <Execution id="21edf328-b129-456a-94cb-fe6bdc15996e" />
      <TestMethod codeBase="C:\Projekty\NUnitTestProject\bin\Debug\netcoreapp3.1\NUnitTestProject.dll" adapterTypeName="executor://nunit3testexecutor/" className="NUnitTestProject.CurrencyHelperTests" name="FormatToStringTest100(80609.94377465078d,&quot;80609.94 zł&quot;)" />
    </UnitTest>
    <UnitTest name="FormatToStringTest100(31300.40752580967d,&quot;31300.41 zł&quot;)" storage="c:\projekty\nunittestproject\bin\debug\netcoreapp3.1\nunittestproject.dll" id="fb8758b6-fbc2-fee5-8fca-8577ec51ec3b">
      <Execution id="7f6e512f-819b-4a21-a135-d568db4340f4" />
      <TestMethod codeBase="C:\Projekty\NUnitTestProject\bin\Debug\netcoreapp3.1\NUnitTestProject.dll" adapterTypeName="executor://nunit3testexecutor/" className="NUnitTestProject.CurrencyHelperTests" name="FormatToStringTest100(31300.40752580967d,&quot;31300.41 zł&quot;)" />
    </UnitTest>
    <UnitTest name="FormatToStringTest100(1649.0127968480872d,&quot;1649.01 zł&quot;)" storage="c:\projekty\nunittestproject\bin\debug\netcoreapp3.1\nunittestproject.dll" id="74cd5e35-cf5d-a7eb-ff81-196bcb803f0c">
      <Execution id="757391a1-deda-4b01-bef3-e653a9f9d40d" />
      <TestMethod codeBase="C:\Projekty\NUnitTestProject\bin\Debug\netcoreapp3.1\NUnitTestProject.dll" adapterTypeName="executor://nunit3testexecutor/" className="NUnitTestProject.CurrencyHelperTests" name="FormatToStringTest100(1649.0127968480872d,&quot;1649.01 zł&quot;)" />
    </UnitTest>
    <UnitTest name="FormatToStringTest100(20244.692955315437d,&quot;20244.69 zł&quot;)" storage="c:\projekty\nunittestproject\bin\debug\netcoreapp3.1\nunittestproject.dll" id="e570d006-f8c6-2527-78e0-897122dd716e">
      <Execution id="12b5ef64-bd37-4182-90f6-6d8f5772a10c" />
      <TestMethod codeBase="C:\Projekty\NUnitTestProject\bin\Debug\netcoreapp3.1\NUnitTestProject.dll" adapterTypeName="executor://nunit3testexecutor/" className="NUnitTestProject.CurrencyHelperTests" name="FormatToStringTest100(20244.692955315437d,&quot;20244.69 zł&quot;)" />
    </UnitTest>
    <UnitTest name="FormatToStringTest100(6809.40195803037d,&quot;6809.40 zł&quot;)" storage="c:\projekty\nunittestproject\bin\debug\netcoreapp3.1\nunittestproject.dll" id="a3a62b11-2538-ecb1-962d-5432f1e041eb">
      <Execution id="b0791bc7-1f0c-4c1c-904f-632ea935229d" />
      <TestMethod codeBase="C:\Projekty\NUnitTestProject\bin\Debug\netcoreapp3.1\NUnitTestProject.dll" adapterTypeName="executor://nunit3testexecutor/" className="NUnitTestProject.CurrencyHelperTests" name="FormatToStringTest100(6809.40195803037d,&quot;6809.40 zł&quot;)" />
    </UnitTest>
    <UnitTest name="FormatToStringTest100(918.1842976688334d,&quot;918.18 zł&quot;)" storage="c:\projekty\nunittestproject\bin\debug\netcoreapp3.1\nunittestproject.dll" id="476c9edc-b6ea-cbad-6c80-83085ed5206c">
      <Execution id="830f4c7f-ddb0-482b-b264-0fc10beaa37e" />
      <TestMethod codeBase="C:\Projekty\NUnitTestProject\bin\Debug\netcoreapp3.1\NUnitTestProject.dll" adapterTypeName="executor://nunit3testexecutor/" className="NUnitTestProject.CurrencyHelperTests" name="FormatToStringTest100(918.1842976688334d,&quot;918.18 zł&quot;)" />
    </UnitTest>
    <UnitTest name="FormatToStringTest100(70771.4436677524d,&quot;70771.44 zł&quot;)" storage="c:\projekty\nunittestproject\bin\debug\netcoreapp3.1\nunittestproject.dll" id="4ec0800c-e01f-aa73-19f1-180137b3dfdf">
      <Execution id="20c327e8-3d69-4f4d-9fd6-b6afa0ea42a8" />
      <TestMethod codeBase="C:\Projekty\NUnitTestProject\bin\Debug\netcoreapp3.1\NUnitTestProject.dll" adapterTypeName="executor://nunit3testexecutor/" className="NUnitTestProject.CurrencyHelperTests" name="FormatToStringTest100(70771.4436677524d,&quot;70771.44 zł&quot;)" />
    </UnitTest>
    <UnitTest name="FormatToStringTest100(46898.00219497783d,&quot;46898.00 zł&quot;)" storage="c:\projekty\nunittestproject\bin\debug\netcoreapp3.1\nunittestproject.dll" id="5979600d-d5d6-1c59-8a74-a8946a5412a6">
      <Execution id="8953b04d-4997-4a60-9979-20ec77d2cd6f" />
      <TestMethod codeBase="C:\Projekty\NUnitTestProject\bin\Debug\netcoreapp3.1\NUnitTestProject.dll" adapterTypeName="executor://nunit3testexecutor/" className="NUnitTestProject.CurrencyHelperTests" name="FormatToStringTest100(46898.00219497783d,&quot;46898.00 zł&quot;)" />
    </UnitTest>
    <UnitTest name="FormatToStringTest100(3521.3657738167635d,&quot;3521.37 zł&quot;)" storage="c:\projekty\nunittestproject\bin\debug\netcoreapp3.1\nunittestproject.dll" id="4f9e6f5b-43a2-746f-e9ea-c62ab0b035f9">
      <Execution id="e5351430-df2c-4c29-9af0-b058449603bf" />
      <TestMethod codeBase="C:\Projekty\NUnitTestProject\bin\Debug\netcoreapp3.1\NUnitTestProject.dll" adapterTypeName="executor://nunit3testexecutor/" className="NUnitTestProject.CurrencyHelperTests" name="FormatToStringTest100(3521.3657738167635d,&quot;3521.37 zł&quot;)" />
    </UnitTest>
    <UnitTest name="FormatToStringTest100(33206.73122987837d,&quot;33206.73 zł&quot;)" storage="c:\projekty\nunittestproject\bin\debug\netcoreapp3.1\nunittestproject.dll" id="c8831b39-bf2b-06d6-5219-c1aac5b93a03">
      <Execution id="d76bf264-02d9-41b5-bc8c-389e84a64c49" />
      <TestMethod codeBase="C:\Projekty\NUnitTestProject\bin\Debug\netcoreapp3.1\NUnitTestProject.dll" adapterTypeName="executor://nunit3testexecutor/" className="NUnitTestProject.CurrencyHelperTests" name="FormatToStringTest100(33206.73122987837d,&quot;33206.73 zł&quot;)" />
    </UnitTest>
    <UnitTest name="FormatToStringTest100(7594.279030504766d,&quot;7594.28 zł&quot;)" storage="c:\projekty\nunittestproject\bin\debug\netcoreapp3.1\nunittestproject.dll" id="6dd51b97-674e-6b9d-f047-ad979eb0870e">
      <Execution id="6c10bfcb-95ef-425d-b874-b0816f61b341" />
      <TestMethod codeBase="C:\Projekty\NUnitTestProject\bin\Debug\netcoreapp3.1\NUnitTestProject.dll" adapterTypeName="executor://nunit3testexecutor/" className="NUnitTestProject.CurrencyHelperTests" name="FormatToStringTest100(7594.279030504766d,&quot;7594.28 zł&quot;)" />
    </UnitTest>
    <UnitTest name="FormatToStringTest100(77904.0088552246d,&quot;77904.01 zł&quot;)" storage="c:\projekty\nunittestproject\bin\debug\netcoreapp3.1\nunittestproject.dll" id="6c73a1d1-2654-d03d-8bff-b9bca4e437ad">
      <Execution id="c15c9ac2-ba3c-4df3-a517-3bebf88293c7" />
      <TestMethod codeBase="C:\Projekty\NUnitTestProject\bin\Debug\netcoreapp3.1\NUnitTestProject.dll" adapterTypeName="executor://nunit3testexecutor/" className="NUnitTestProject.CurrencyHelperTests" name="FormatToStringTest100(77904.0088552246d,&quot;77904.01 zł&quot;)" />
    </UnitTest>
    <UnitTest name="FormatToStringTest100(9816.961298880615d,&quot;9816.96 zł&quot;)" storage="c:\projekty\nunittestproject\bin\debug\netcoreapp3.1\nunittestproject.dll" id="e36f3ecc-8033-228e-9e4e-38062b6e56ea">
      <Execution id="838cfe89-b90a-4af0-8f2b-4eaf796257ff" />
      <TestMethod codeBase="C:\Projekty\NUnitTestProject\bin\Debug\netcoreapp3.1\NUnitTestProject.dll" adapterTypeName="executor://nunit3testexecutor/" className="NUnitTestProject.CurrencyHelperTests" name="FormatToStringTest100(9816.961298880615d,&quot;9816.96 zł&quot;)" />
    </UnitTest>
    <UnitTest name="FormatToStringTest100(63507.32603545455d,&quot;63507.33 zł&quot;)" storage="c:\projekty\nunittestproject\bin\debug\netcoreapp3.1\nunittestproject.dll" id="8f7eaa04-9e7b-2fbd-6154-590301c05ba7">
      <Execution id="e841e654-34b8-4ed5-b234-6ab3cca0ce0e" />
      <TestMethod codeBase="C:\Projekty\NUnitTestProject\bin\Debug\netcoreapp3.1\NUnitTestProject.dll" adapterTypeName="executor://nunit3testexecutor/" className="NUnitTestProject.CurrencyHelperTests" name="FormatToStringTest100(63507.32603545455d,&quot;63507.33 zł&quot;)" />
    </UnitTest>
    <UnitTest name="FormatToStringTest100(50991.22189691114d,&quot;50991.22 zł&quot;)" storage="c:\projekty\nunittestproject\bin\debug\netcoreapp3.1\nunittestproject.dll" id="a7906eba-4ddd-f057-76e4-695c12f668f7">
      <Execution id="46defe48-4b4b-4039-881c-918561d146f4" />
      <TestMethod codeBase="C:\Projekty\NUnitTestProject\bin\Debug\netcoreapp3.1\NUnitTestProject.dll" adapterTypeName="executor://nunit3testexecutor/" className="NUnitTestProject.CurrencyHelperTests" name="FormatToStringTest100(50991.22189691114d,&quot;50991.22 zł&quot;)" />
    </UnitTest>
    <UnitTest name="FormatToStringTest100(67338.80028760935d,&quot;67338.80 zł&quot;)" storage="c:\projekty\nunittestproject\bin\debug\netcoreapp3.1\nunittestproject.dll" id="68684c63-5f16-5756-6180-2b0b9df43ad7">
      <Execution id="8d701a51-1fdb-47c3-9833-55156b50a3b0" />
      <TestMethod codeBase="C:\Projekty\NUnitTestProject\bin\Debug\netcoreapp3.1\NUnitTestProject.dll" adapterTypeName="executor://nunit3testexecutor/" className="NUnitTestProject.CurrencyHelperTests" name="FormatToStringTest100(67338.80028760935d,&quot;67338.80 zł&quot;)" />
    </UnitTest>
    <UnitTest name="FormatToStringTest100(27050.586848031067d,&quot;27050.59 zł&quot;)" storage="c:\projekty\nunittestproject\bin\debug\netcoreapp3.1\nunittestproject.dll" id="32c30dee-17e8-bc72-ad30-e19ba3161b9e">
      <Execution id="53942eaf-d698-469e-948b-82e83e6d221d" />
      <TestMethod codeBase="C:\Projekty\NUnitTestProject\bin\Debug\netcoreapp3.1\NUnitTestProject.dll" adapterTypeName="executor://nunit3testexecutor/" className="NUnitTestProject.CurrencyHelperTests" name="FormatToStringTest100(27050.586848031067d,&quot;27050.59 zł&quot;)" />
    </UnitTest>
    <UnitTest name="FormatToStringTest100(8499.121443388574d,&quot;8499.12 zł&quot;)" storage="c:\projekty\nunittestproject\bin\debug\netcoreapp3.1\nunittestproject.dll" id="f914ee86-c2ad-95a7-e682-fa878f9f31a5">
      <Execution id="9d1b3439-1125-4fdd-828a-f30dc372af81" />
      <TestMethod codeBase="C:\Projekty\NUnitTestProject\bin\Debug\netcoreapp3.1\NUnitTestProject.dll" adapterTypeName="executor://nunit3testexecutor/" className="NUnitTestProject.CurrencyHelperTests" name="FormatToStringTest100(8499.121443388574d,&quot;8499.12 zł&quot;)" />
    </UnitTest>
    <UnitTest name="FormatToStringTest100(24957.469502810607d,&quot;24957.47 zł&quot;)" storage="c:\projekty\nunittestproject\bin\debug\netcoreapp3.1\nunittestproject.dll" id="7df4ba29-38dd-828e-22e5-9f7e850eb994">
      <Execution id="5e4d1bbf-43af-4f66-a0df-ad82e1a5539b" />
      <TestMethod codeBase="C:\Projekty\NUnitTestProject\bin\Debug\netcoreapp3.1\NUnitTestProject.dll" adapterTypeName="executor://nunit3testexecutor/" className="NUnitTestProject.CurrencyHelperTests" name="FormatToStringTest100(24957.469502810607d,&quot;24957.47 zł&quot;)" />
    </UnitTest>
    <UnitTest name="FormatToStringTest100(27893.312729890138d,&quot;27893.31 zł&quot;)" storage="c:\projekty\nunittestproject\bin\debug\netcoreapp3.1\nunittestproject.dll" id="a0940c02-10c2-a2ca-c99e-b2f24d99f98d">
      <Execution id="3eaf0381-4e80-4dc6-b141-a2a7cfa71161" />
      <TestMethod codeBase="C:\Projekty\NUnitTestProject\bin\Debug\netcoreapp3.1\NUnitTestProject.dll" adapterTypeName="executor://nunit3testexecutor/" className="NUnitTestProject.CurrencyHelperTests" name="FormatToStringTest100(27893.312729890138d,&quot;27893.31 zł&quot;)" />
    </UnitTest>
    <UnitTest name="FormatToStringTest100(159.83786031922224d,&quot;159.84 zł&quot;)" storage="c:\projekty\nunittestproject\bin\debug\netcoreapp3.1\nunittestproject.dll" id="b058c171-2407-459c-7b57-a44deff88712">
      <Execution id="24ac257a-7e29-4938-8fbd-720ed0ef7d0d" />
      <TestMethod codeBase="C:\Projekty\NUnitTestProject\bin\Debug\netcoreapp3.1\NUnitTestProject.dll" adapterTypeName="executor://nunit3testexecutor/" className="NUnitTestProject.CurrencyHelperTests" name="FormatToStringTest100(159.83786031922224d,&quot;159.84 zł&quot;)" />
    </UnitTest>
    <UnitTest name="FormatToStringTest100(6890.028458985514d,&quot;6890.03 zł&quot;)" storage="c:\projekty\nunittestproject\bin\debug\netcoreapp3.1\nunittestproject.dll" id="d07b46f4-88eb-bfa4-6fe4-d6ba0c12fe8f">
      <Execution id="b6c5233c-9733-436c-9a01-210ee57beb28" />
      <TestMethod codeBase="C:\Projekty\NUnitTestProject\bin\Debug\netcoreapp3.1\NUnitTestProject.dll" adapterTypeName="executor://nunit3testexecutor/" className="NUnitTestProject.CurrencyHelperTests" name="FormatToStringTest100(6890.028458985514d,&quot;6890.03 zł&quot;)" />
    </UnitTest>
    <UnitTest name="FormatToStringTest100(736.7398243680316d,&quot;736.74 zł&quot;)" storage="c:\projekty\nunittestproject\bin\debug\netcoreapp3.1\nunittestproject.dll" id="c2636c45-ffae-32b8-cabd-dfdc2e3d89d2">
      <Execution id="263bfb4f-1a5f-4f07-82d7-9786cd0cb774" />
      <TestMethod codeBase="C:\Projekty\NUnitTestProject\bin\Debug\netcoreapp3.1\NUnitTestProject.dll" adapterTypeName="executor://nunit3testexecutor/" className="NUnitTestProject.CurrencyHelperTests" name="FormatToStringTest100(736.7398243680316d,&quot;736.74 zł&quot;)" />
    </UnitTest>
    <UnitTest name="FormatToStringTest100(22604.838218828587d,&quot;22604.84 zł&quot;)" storage="c:\projekty\nunittestproject\bin\debug\netcoreapp3.1\nunittestproject.dll" id="710c032e-d39d-8d3b-a713-86e049d87044">
      <Execution id="46f79d4e-8f26-4404-9792-fd0adaba3c1d" />
      <TestMethod codeBase="C:\Projekty\NUnitTestProject\bin\Debug\netcoreapp3.1\NUnitTestProject.dll" adapterTypeName="executor://nunit3testexecutor/" className="NUnitTestProject.CurrencyHelperTests" name="FormatToStringTest100(22604.838218828587d,&quot;22604.84 zł&quot;)" />
    </UnitTest>
    <UnitTest name="FormatToStringTest100(79973.08417819678d,&quot;79973.08 zł&quot;)" storage="c:\projekty\nunittestproject\bin\debug\netcoreapp3.1\nunittestproject.dll" id="55105f60-a252-8b4a-ee9e-f959f50461df">
      <Execution id="c4c368fa-788b-4c47-9cc8-210dfd01ce27" />
      <TestMethod codeBase="C:\Projekty\NUnitTestProject\bin\Debug\netcoreapp3.1\NUnitTestProject.dll" adapterTypeName="executor://nunit3testexecutor/" className="NUnitTestProject.CurrencyHelperTests" name="FormatToStringTest100(79973.08417819678d,&quot;79973.08 zł&quot;)" />
    </UnitTest>
    <UnitTest name="FormatToStringTest100(12949.590713378317d,&quot;12949.59 zł&quot;)" storage="c:\projekty\nunittestproject\bin\debug\netcoreapp3.1\nunittestproject.dll" id="5ca8472c-ed3c-7743-d772-01a1bacc08cf">
      <Execution id="dc8b3dcc-ecda-4f44-a0e7-fc5415da10bb" />
      <TestMethod codeBase="C:\Projekty\NUnitTestProject\bin\Debug\netcoreapp3.1\NUnitTestProject.dll" adapterTypeName="executor://nunit3testexecutor/" className="NUnitTestProject.CurrencyHelperTests" name="FormatToStringTest100(12949.590713378317d,&quot;12949.59 zł&quot;)" />
    </UnitTest>
    <UnitTest name="FormatToStringTest100(22291.653251342315d,&quot;22291.65 zł&quot;)" storage="c:\projekty\nunittestproject\bin\debug\netcoreapp3.1\nunittestproject.dll" id="73e4a8c3-f139-990a-bc9e-43cbdff15e01">
      <Execution id="f7a6be0b-73e0-4f81-9953-cc208a837d7d" />
      <TestMethod codeBase="C:\Projekty\NUnitTestProject\bin\Debug\netcoreapp3.1\NUnitTestProject.dll" adapterTypeName="executor://nunit3testexecutor/" className="NUnitTestProject.CurrencyHelperTests" name="FormatToStringTest100(22291.653251342315d,&quot;22291.65 zł&quot;)" />
    </UnitTest>
    <UnitTest name="FormatToStringTest100(10784.438152511344d,&quot;10784.44 zł&quot;)" storage="c:\projekty\nunittestproject\bin\debug\netcoreapp3.1\nunittestproject.dll" id="2f08def2-23e6-739d-cc7a-7a09510b67ea">
      <Execution id="db33e481-75dc-4c7f-ba8b-e6d556276d84" />
      <TestMethod codeBase="C:\Projekty\NUnitTestProject\bin\Debug\netcoreapp3.1\NUnitTestProject.dll" adapterTypeName="executor://nunit3testexecutor/" className="NUnitTestProject.CurrencyHelperTests" name="FormatToStringTest100(10784.438152511344d,&quot;10784.44 zł&quot;)" />
    </UnitTest>
    <UnitTest name="FormatToStringTest100(14237.13226245955d,&quot;14237.13 zł&quot;)" storage="c:\projekty\nunittestproject\bin\debug\netcoreapp3.1\nunittestproject.dll" id="6f964e27-f684-37ef-0fe4-6db993d07017">
      <Execution id="f43ec00c-3db6-4b7e-bc0b-6240c297050b" />
      <TestMethod codeBase="C:\Projekty\NUnitTestProject\bin\Debug\netcoreapp3.1\NUnitTestProject.dll" adapterTypeName="executor://nunit3testexecutor/" className="NUnitTestProject.CurrencyHelperTests" name="FormatToStringTest100(14237.13226245955d,&quot;14237.13 zł&quot;)" />
    </UnitTest>
    <UnitTest name="FormatToStringTest100(45035.160883881224d,&quot;45035.16 zł&quot;)" storage="c:\projekty\nunittestproject\bin\debug\netcoreapp3.1\nunittestproject.dll" id="905708b7-164a-0db6-1796-f60b9303ead6">
      <Execution id="372fee26-65fd-4d91-88fd-7019552d5739" />
      <TestMethod codeBase="C:\Projekty\NUnitTestProject\bin\Debug\netcoreapp3.1\NUnitTestProject.dll" adapterTypeName="executor://nunit3testexecutor/" className="NUnitTestProject.CurrencyHelperTests" name="FormatToStringTest100(45035.160883881224d,&quot;45035.16 zł&quot;)" />
    </UnitTest>
    <UnitTest name="FormatToStringTest100(18990.72499258012d,&quot;18990.72 zł&quot;)" storage="c:\projekty\nunittestproject\bin\debug\netcoreapp3.1\nunittestproject.dll" id="e2700cee-eb5b-94db-dadd-a33ff5cf6ee6">
      <Execution id="71c18459-9d09-4ef0-abe6-a68784b4bebc" />
      <TestMethod codeBase="C:\Projekty\NUnitTestProject\bin\Debug\netcoreapp3.1\NUnitTestProject.dll" adapterTypeName="executor://nunit3testexecutor/" className="NUnitTestProject.CurrencyHelperTests" name="FormatToStringTest100(18990.72499258012d,&quot;18990.72 zł&quot;)" />
    </UnitTest>
    <UnitTest name="FormatToStringTest100(16986.338876065027d,&quot;16986.34 zł&quot;)" storage="c:\projekty\nunittestproject\bin\debug\netcoreapp3.1\nunittestproject.dll" id="df63a8e8-b664-17f1-364e-31895b9a1463">
      <Execution id="cb9e567c-86c5-42ec-917e-06b33761bf8c" />
      <TestMethod codeBase="C:\Projekty\NUnitTestProject\bin\Debug\netcoreapp3.1\NUnitTestProject.dll" adapterTypeName="executor://nunit3testexecutor/" className="NUnitTestProject.CurrencyHelperTests" name="FormatToStringTest100(16986.338876065027d,&quot;16986.34 zł&quot;)" />
    </UnitTest>
    <UnitTest name="FormatToStringTest100(22666.13578912995d,&quot;22666.14 zł&quot;)" storage="c:\projekty\nunittestproject\bin\debug\netcoreapp3.1\nunittestproject.dll" id="b69457d8-d004-7265-0ffe-f1f1b36f446a">
      <Execution id="3f1155f3-e3d6-4ef5-a09e-80ffdbeb1e7e" />
      <TestMethod codeBase="C:\Projekty\NUnitTestProject\bin\Debug\netcoreapp3.1\NUnitTestProject.dll" adapterTypeName="executor://nunit3testexecutor/" className="NUnitTestProject.CurrencyHelperTests" name="FormatToStringTest100(22666.13578912995d,&quot;22666.14 zł&quot;)" />
    </UnitTest>
    <UnitTest name="FormatToStringTest100(6958.393354767186d,&quot;6958.39 zł&quot;)" storage="c:\projekty\nunittestproject\bin\debug\netcoreapp3.1\nunittestproject.dll" id="17a04856-0f1c-ab7a-1a01-1d07ebf4dd98">
      <Execution id="66a9ded2-764c-494c-a471-dd1f54878025" />
      <TestMethod codeBase="C:\Projekty\NUnitTestProject\bin\Debug\netcoreapp3.1\NUnitTestProject.dll" adapterTypeName="executor://nunit3testexecutor/" className="NUnitTestProject.CurrencyHelperTests" name="FormatToStringTest100(6958.393354767186d,&quot;6958.39 zł&quot;)" />
    </UnitTest>
    <UnitTest name="FormatToStringTest100(7124.979180760672d,&quot;7124.98 zł&quot;)" storage="c:\projekty\nunittestproject\bin\debug\netcoreapp3.1\nunittestproject.dll" id="6e6925d1-75e5-a13f-cd68-43233a607f3d">
      <Execution id="454514a9-98bf-4050-afc1-29db2b8c67f7" />
      <TestMethod codeBase="C:\Projekty\NUnitTestProject\bin\Debug\netcoreapp3.1\NUnitTestProject.dll" adapterTypeName="executor://nunit3testexecutor/" className="NUnitTestProject.CurrencyHelperTests" name="FormatToStringTest100(7124.979180760672d,&quot;7124.98 zł&quot;)" />
    </UnitTest>
    <UnitTest name="FormatToStringTest100(78822.37212685234d,&quot;78822.37 zł&quot;)" storage="c:\projekty\nunittestproject\bin\debug\netcoreapp3.1\nunittestproject.dll" id="b1eb6943-1b02-4d9c-02f3-a7fb091a5c55">
      <Execution id="6c44f80f-bb4a-4724-ae06-8f531a63b47f" />
      <TestMethod codeBase="C:\Projekty\NUnitTestProject\bin\Debug\netcoreapp3.1\NUnitTestProject.dll" adapterTypeName="executor://nunit3testexecutor/" className="NUnitTestProject.CurrencyHelperTests" name="FormatToStringTest100(78822.37212685234d,&quot;78822.37 zł&quot;)" />
    </UnitTest>
    <UnitTest name="FormatToStringTest100(96.75594581512546d,&quot;96.76 zł&quot;)" storage="c:\projekty\nunittestproject\bin\debug\netcoreapp3.1\nunittestproject.dll" id="97add3a7-18d1-8ae3-a700-3b9a6e54f2a9">
      <Execution id="1912d709-52e5-437f-a020-4ce5d3373f51" />
      <TestMethod codeBase="C:\Projekty\NUnitTestProject\bin\Debug\netcoreapp3.1\NUnitTestProject.dll" adapterTypeName="executor://nunit3testexecutor/" className="NUnitTestProject.CurrencyHelperTests" name="FormatToStringTest100(96.75594581512546d,&quot;96.76 zł&quot;)" />
    </UnitTest>
    <UnitTest name="FormatToStringTest100(32216.686763396807d,&quot;32216.69 zł&quot;)" storage="c:\projekty\nunittestproject\bin\debug\netcoreapp3.1\nunittestproject.dll" id="f1f7b0d5-822c-33e5-b9ff-f30531705ff1">
      <Execution id="a1aba2e5-74a0-438c-8f3d-330e597addd1" />
      <TestMethod codeBase="C:\Projekty\NUnitTestProject\bin\Debug\netcoreapp3.1\NUnitTestProject.dll" adapterTypeName="executor://nunit3testexecutor/" className="NUnitTestProject.CurrencyHelperTests" name="FormatToStringTest100(32216.686763396807d,&quot;32216.69 zł&quot;)" />
    </UnitTest>
    <UnitTest name="FormatToStringTest100(1614.2516601789982d,&quot;1614.25 zł&quot;)" storage="c:\projekty\nunittestproject\bin\debug\netcoreapp3.1\nunittestproject.dll" id="02c02901-0347-558c-6501-8babfd6a6a4a">
      <Execution id="8d89a35e-8a4f-44c6-a93e-fe88c83ccd40" />
      <TestMethod codeBase="C:\Projekty\NUnitTestProject\bin\Debug\netcoreapp3.1\NUnitTestProject.dll" adapterTypeName="executor://nunit3testexecutor/" className="NUnitTestProject.CurrencyHelperTests" name="FormatToStringTest100(1614.2516601789982d,&quot;1614.25 zł&quot;)" />
    </UnitTest>
    <UnitTest name="FormatToStringTest100(75350.77330865282d,&quot;75350.77 zł&quot;)" storage="c:\projekty\nunittestproject\bin\debug\netcoreapp3.1\nunittestproject.dll" id="8e900221-d77a-d627-361c-9ca1a5beba60">
      <Execution id="81f35004-b6d7-47ed-813e-55f32f8f6f09" />
      <TestMethod codeBase="C:\Projekty\NUnitTestProject\bin\Debug\netcoreapp3.1\NUnitTestProject.dll" adapterTypeName="executor://nunit3testexecutor/" className="NUnitTestProject.CurrencyHelperTests" name="FormatToStringTest100(75350.77330865282d,&quot;75350.77 zł&quot;)" />
    </UnitTest>
    <UnitTest name="FormatToStringTest100(726.8087564975995d,&quot;726.81 zł&quot;)" storage="c:\projekty\nunittestproject\bin\debug\netcoreapp3.1\nunittestproject.dll" id="9ea4a98e-a00d-a47e-d475-c2b7e3bc350d">
      <Execution id="1bacd379-998b-400e-9e3b-dab3e9574afd" />
      <TestMethod codeBase="C:\Projekty\NUnitTestProject\bin\Debug\netcoreapp3.1\NUnitTestProject.dll" adapterTypeName="executor://nunit3testexecutor/" className="NUnitTestProject.CurrencyHelperTests" name="FormatToStringTest100(726.8087564975995d,&quot;726.81 zł&quot;)" />
    </UnitTest>
    <UnitTest name="FormatToStringTest100(62975.496334776515d,&quot;62975.50 zł&quot;)" storage="c:\projekty\nunittestproject\bin\debug\netcoreapp3.1\nunittestproject.dll" id="e25a10b5-5264-4837-7f5e-e77f0fe36b19">
      <Execution id="4361935c-31bc-4cb2-9a64-90809a12bef5" />
      <TestMethod codeBase="C:\Projekty\NUnitTestProject\bin\Debug\netcoreapp3.1\NUnitTestProject.dll" adapterTypeName="executor://nunit3testexecutor/" className="NUnitTestProject.CurrencyHelperTests" name="FormatToStringTest100(62975.496334776515d,&quot;62975.50 zł&quot;)" />
    </UnitTest>
    <UnitTest name="FormatToStringTest100(10268.547802396373d,&quot;10268.55 zł&quot;)" storage="c:\projekty\nunittestproject\bin\debug\netcoreapp3.1\nunittestproject.dll" id="8a579aef-fa33-44e5-d72c-f84816f89dda">
      <Execution id="1fc88bec-eaf9-419b-9235-01da2d861224" />
      <TestMethod codeBase="C:\Projekty\NUnitTestProject\bin\Debug\netcoreapp3.1\NUnitTestProject.dll" adapterTypeName="executor://nunit3testexecutor/" className="NUnitTestProject.CurrencyHelperTests" name="FormatToStringTest100(10268.547802396373d,&quot;10268.55 zł&quot;)" />
    </UnitTest>
    <UnitTest name="FormatToStringTest100(19541.10539777116d,&quot;19541.11 zł&quot;)" storage="c:\projekty\nunittestproject\bin\debug\netcoreapp3.1\nunittestproject.dll" id="60c34650-73c3-1462-40f1-f8603816957f">
      <Execution id="c40f3155-296f-4952-b5e7-dc53aac625d4" />
      <TestMethod codeBase="C:\Projekty\NUnitTestProject\bin\Debug\netcoreapp3.1\NUnitTestProject.dll" adapterTypeName="executor://nunit3testexecutor/" className="NUnitTestProject.CurrencyHelperTests" name="FormatToStringTest100(19541.10539777116d,&quot;19541.11 zł&quot;)" />
    </UnitTest>
    <UnitTest name="FormatToStringTest100(15566.957545477411d,&quot;15566.96 zł&quot;)" storage="c:\projekty\nunittestproject\bin\debug\netcoreapp3.1\nunittestproject.dll" id="a4552a20-90c6-da36-cd4c-fbcb6268dcde">
      <Execution id="4f888018-e8b6-4aa3-9d52-b1049547d4f7" />
      <TestMethod codeBase="C:\Projekty\NUnitTestProject\bin\Debug\netcoreapp3.1\NUnitTestProject.dll" adapterTypeName="executor://nunit3testexecutor/" className="NUnitTestProject.CurrencyHelperTests" name="FormatToStringTest100(15566.957545477411d,&quot;15566.96 zł&quot;)" />
    </UnitTest>
    <UnitTest name="FormatToStringTest100(28072.424637532058d,&quot;28072.42 zł&quot;)" storage="c:\projekty\nunittestproject\bin\debug\netcoreapp3.1\nunittestproject.dll" id="86b8941d-d36c-06dd-c905-fa6d7a4013e5">
      <Execution id="5b06b2b2-f210-444a-a798-c47fdf7df7ac" />
      <TestMethod codeBase="C:\Projekty\NUnitTestProject\bin\Debug\netcoreapp3.1\NUnitTestProject.dll" adapterTypeName="executor://nunit3testexecutor/" className="NUnitTestProject.CurrencyHelperTests" name="FormatToStringTest100(28072.424637532058d,&quot;28072.42 zł&quot;)" />
    </UnitTest>
    <UnitTest name="FormatToStringTest100(5396.620088554277d,&quot;5396.62 zł&quot;)" storage="c:\projekty\nunittestproject\bin\debug\netcoreapp3.1\nunittestproject.dll" id="4e8ed588-d392-7511-ecc9-96da1857794d">
      <Execution id="68057355-713b-4ff7-811c-3a5b29b53bcd" />
      <TestMethod codeBase="C:\Projekty\NUnitTestProject\bin\Debug\netcoreapp3.1\NUnitTestProject.dll" adapterTypeName="executor://nunit3testexecutor/" className="NUnitTestProject.CurrencyHelperTests" name="FormatToStringTest100(5396.620088554277d,&quot;5396.62 zł&quot;)" />
    </UnitTest>
    <UnitTest name="FormatToStringTest100(45603.90324273142d,&quot;45603.90 zł&quot;)" storage="c:\projekty\nunittestproject\bin\debug\netcoreapp3.1\nunittestproject.dll" id="82558537-50ec-fc9d-a7b1-76091e0d2ecf">
      <Execution id="e8e6dfd7-d1e0-441f-8b56-74de7cda5b38" />
      <TestMethod codeBase="C:\Projekty\NUnitTestProject\bin\Debug\netcoreapp3.1\NUnitTestProject.dll" adapterTypeName="executor://nunit3testexecutor/" className="NUnitTestProject.CurrencyHelperTests" name="FormatToStringTest100(45603.90324273142d,&quot;45603.90 zł&quot;)" />
    </UnitTest>
    <UnitTest name="FormatToStringTest100(25990.318498101697d,&quot;25990.32 zł&quot;)" storage="c:\projekty\nunittestproject\bin\debug\netcoreapp3.1\nunittestproject.dll" id="dd1f1120-f5a5-11a0-4ecf-8df96d7fc7fd">
      <Execution id="1770df9e-7fdf-4c93-9231-6a333b86e057" />
      <TestMethod codeBase="C:\Projekty\NUnitTestProject\bin\Debug\netcoreapp3.1\NUnitTestProject.dll" adapterTypeName="executor://nunit3testexecutor/" className="NUnitTestProject.CurrencyHelperTests" name="FormatToStringTest100(25990.318498101697d,&quot;25990.32 zł&quot;)" />
    </UnitTest>
    <UnitTest name="FormatToStringTest100(2292.8331871111104d,&quot;2292.83 zł&quot;)" storage="c:\projekty\nunittestproject\bin\debug\netcoreapp3.1\nunittestproject.dll" id="993b2e32-0de1-26c2-5e33-6a1ad01eeb5e">
      <Execution id="dfdaf890-3337-40ff-a54c-6a7a15761602" />
      <TestMethod codeBase="C:\Projekty\NUnitTestProject\bin\Debug\netcoreapp3.1\NUnitTestProject.dll" adapterTypeName="executor://nunit3testexecutor/" className="NUnitTestProject.CurrencyHelperTests" name="FormatToStringTest100(2292.8331871111104d,&quot;2292.83 zł&quot;)" />
    </UnitTest>
    <UnitTest name="FormatToStringTest100(41876.979471482795d,&quot;41876.98 zł&quot;)" storage="c:\projekty\nunittestproject\bin\debug\netcoreapp3.1\nunittestproject.dll" id="efa0c9dd-5dae-4bc5-1d88-8059c0fedffd">
      <Execution id="990ea08d-c1e0-4ffd-8d92-0f24c1ac830d" />
      <TestMethod codeBase="C:\Projekty\NUnitTestProject\bin\Debug\netcoreapp3.1\NUnitTestProject.dll" adapterTypeName="executor://nunit3testexecutor/" className="NUnitTestProject.CurrencyHelperTests" name="FormatToStringTest100(41876.979471482795d,&quot;41876.98 zł&quot;)" />
    </UnitTest>
    <UnitTest name="FormatToStringTest100(26515.80237687929d,&quot;26515.80 zł&quot;)" storage="c:\projekty\nunittestproject\bin\debug\netcoreapp3.1\nunittestproject.dll" id="d7c99ac8-861f-2067-8f65-8717ab2b5eb2">
      <Execution id="a9255164-9b6c-4046-8d51-9802360d8c39" />
      <TestMethod codeBase="C:\Projekty\NUnitTestProject\bin\Debug\netcoreapp3.1\NUnitTestProject.dll" adapterTypeName="executor://nunit3testexecutor/" className="NUnitTestProject.CurrencyHelperTests" name="FormatToStringTest100(26515.80237687929d,&quot;26515.80 zł&quot;)" />
    </UnitTest>
    <UnitTest name="FormatToStringTest100(64210.358316209335d,&quot;64210.36 zł&quot;)" storage="c:\projekty\nunittestproject\bin\debug\netcoreapp3.1\nunittestproject.dll" id="2877141a-aa4d-178b-dc9f-3b49cd88281f">
      <Execution id="51a86e7e-9cdf-4879-a5f2-da7e1c48daf6" />
      <TestMethod codeBase="C:\Projekty\NUnitTestProject\bin\Debug\netcoreapp3.1\NUnitTestProject.dll" adapterTypeName="executor://nunit3testexecutor/" className="NUnitTestProject.CurrencyHelperTests" name="FormatToStringTest100(64210.358316209335d,&quot;64210.36 zł&quot;)" />
    </UnitTest>
    <UnitTest name="FormatToStringTest100(31290.71396233687d,&quot;31290.71 zł&quot;)" storage="c:\projekty\nunittestproject\bin\debug\netcoreapp3.1\nunittestproject.dll" id="7423707e-221b-8128-5158-18f9b4198629">
      <Execution id="5639ab49-d0cf-4ced-abfd-ba4c016271d3" />
      <TestMethod codeBase="C:\Projekty\NUnitTestProject\bin\Debug\netcoreapp3.1\NUnitTestProject.dll" adapterTypeName="executor://nunit3testexecutor/" className="NUnitTestProject.CurrencyHelperTests" name="FormatToStringTest100(31290.71396233687d,&quot;31290.71 zł&quot;)" />
    </UnitTest>
    <UnitTest name="FormatToStringTest100(40857.08543233996d,&quot;40857.09 zł&quot;)" storage="c:\projekty\nunittestproject\bin\debug\netcoreapp3.1\nunittestproject.dll" id="71b6d7a3-741f-e1f8-1593-52351d6b5171">
      <Execution id="767d74df-f83e-488a-8d3d-20fc408e60e8" />
      <TestMethod codeBase="C:\Projekty\NUnitTestProject\bin\Debug\netcoreapp3.1\NUnitTestProject.dll" adapterTypeName="executor://nunit3testexecutor/" className="NUnitTestProject.CurrencyHelperTests" name="FormatToStringTest100(40857.08543233996d,&quot;40857.09 zł&quot;)" />
    </UnitTest>
    <UnitTest name="FormatToStringTest100(1108.7197928823157d,&quot;1108.72 zł&quot;)" storage="c:\projekty\nunittestproject\bin\debug\netcoreapp3.1\nunittestproject.dll" id="bab29e16-7181-0c35-50c9-4bfc6868cc06">
      <Execution id="bf1f59f2-a378-45b7-86e6-bd0fc0f2a560" />
      <TestMethod codeBase="C:\Projekty\NUnitTestProject\bin\Debug\netcoreapp3.1\NUnitTestProject.dll" adapterTypeName="executor://nunit3testexecutor/" className="NUnitTestProject.CurrencyHelperTests" name="FormatToStringTest100(1108.7197928823157d,&quot;1108.72 zł&quot;)" />
    </UnitTest>
    <UnitTest name="FormatToStringTest100(74514.06270644537d,&quot;74514.06 zł&quot;)" storage="c:\projekty\nunittestproject\bin\debug\netcoreapp3.1\nunittestproject.dll" id="6b89659b-5dc5-b05c-ce48-871e20f8abd3">
      <Execution id="cb31be53-cd8d-444a-bbcb-1b5994572593" />
      <TestMethod codeBase="C:\Projekty\NUnitTestProject\bin\Debug\netcoreapp3.1\NUnitTestProject.dll" adapterTypeName="executor://nunit3testexecutor/" className="NUnitTestProject.CurrencyHelperTests" name="FormatToStringTest100(74514.06270644537d,&quot;74514.06 zł&quot;)" />
    </UnitTest>
    <UnitTest name="FormatToStringTest100(10914.360814625099d,&quot;10914.36 zł&quot;)" storage="c:\projekty\nunittestproject\bin\debug\netcoreapp3.1\nunittestproject.dll" id="cb578742-c7f5-996b-5acf-564c542733c1">
      <Execution id="f755e5c3-23d1-40ac-a8a6-0f16380d51ff" />
      <TestMethod codeBase="C:\Projekty\NUnitTestProject\bin\Debug\netcoreapp3.1\NUnitTestProject.dll" adapterTypeName="executor://nunit3testexecutor/" className="NUnitTestProject.CurrencyHelperTests" name="FormatToStringTest100(10914.360814625099d,&quot;10914.36 zł&quot;)" />
    </UnitTest>
    <UnitTest name="FormatToStringTest100(50339.31259969497d,&quot;50339.31 zł&quot;)" storage="c:\projekty\nunittestproject\bin\debug\netcoreapp3.1\nunittestproject.dll" id="f95d03e5-c6a6-a1ee-d69f-d2e7ee2d48f8">
      <Execution id="bd923111-ee44-407b-bf67-007e51489b46" />
      <TestMethod codeBase="C:\Projekty\NUnitTestProject\bin\Debug\netcoreapp3.1\NUnitTestProject.dll" adapterTypeName="executor://nunit3testexecutor/" className="NUnitTestProject.CurrencyHelperTests" name="FormatToStringTest100(50339.31259969497d,&quot;50339.31 zł&quot;)" />
    </UnitTest>
    <UnitTest name="FormatToStringTest100(14172.682747822573d,&quot;14172.68 zł&quot;)" storage="c:\projekty\nunittestproject\bin\debug\netcoreapp3.1\nunittestproject.dll" id="94b82bc3-613a-e2b4-455b-4b4df4f2d194">
      <Execution id="ad2fb462-b58b-41bb-a7a8-9f1967d21414" />
      <TestMethod codeBase="C:\Projekty\NUnitTestProject\bin\Debug\netcoreapp3.1\NUnitTestProject.dll" adapterTypeName="executor://nunit3testexecutor/" className="NUnitTestProject.CurrencyHelperTests" name="FormatToStringTest100(14172.682747822573d,&quot;14172.68 zł&quot;)" />
    </UnitTest>
    <UnitTest name="FormatToStringTest100(7458.609645228652d,&quot;7458.61 zł&quot;)" storage="c:\projekty\nunittestproject\bin\debug\netcoreapp3.1\nunittestproject.dll" id="b17f72a8-f991-8baf-d564-f4680aafed09">
      <Execution id="290d7139-50b9-43a9-aa22-6c7d2ec26ae1" />
      <TestMethod codeBase="C:\Projekty\NUnitTestProject\bin\Debug\netcoreapp3.1\NUnitTestProject.dll" adapterTypeName="executor://nunit3testexecutor/" className="NUnitTestProject.CurrencyHelperTests" name="FormatToStringTest100(7458.609645228652d,&quot;7458.61 zł&quot;)" />
    </UnitTest>
    <UnitTest name="FormatToStringTest100(8768.816937361293d,&quot;8768.82 zł&quot;)" storage="c:\projekty\nunittestproject\bin\debug\netcoreapp3.1\nunittestproject.dll" id="167bd640-ca8a-be35-54d9-c9d535f6b8a9">
      <Execution id="7606e470-7c24-4742-bb34-4a163a7b01e2" />
      <TestMethod codeBase="C:\Projekty\NUnitTestProject\bin\Debug\netcoreapp3.1\NUnitTestProject.dll" adapterTypeName="executor://nunit3testexecutor/" className="NUnitTestProject.CurrencyHelperTests" name="FormatToStringTest100(8768.816937361293d,&quot;8768.82 zł&quot;)" />
    </UnitTest>
    <UnitTest name="FormatToStringTest100(1208.1827589441941d,&quot;1208.18 zł&quot;)" storage="c:\projekty\nunittestproject\bin\debug\netcoreapp3.1\nunittestproject.dll" id="b874febd-2abb-b5bf-4874-36453bfcf028">
      <Execution id="281a245c-7b94-4e17-aa1b-d99438decaac" />
      <TestMethod codeBase="C:\Projekty\NUnitTestProject\bin\Debug\netcoreapp3.1\NUnitTestProject.dll" adapterTypeName="executor://nunit3testexecutor/" className="NUnitTestProject.CurrencyHelperTests" name="FormatToStringTest100(1208.1827589441941d,&quot;1208.18 zł&quot;)" />
    </UnitTest>
    <UnitTest name="FormatToStringTest100(52810.91713865516d,&quot;52810.92 zł&quot;)" storage="c:\projekty\nunittestproject\bin\debug\netcoreapp3.1\nunittestproject.dll" id="50b2ab98-8300-86f7-cec9-4d0f5d9f3400">
      <Execution id="c6f6835d-2dc5-49f6-b61c-d7912798eadd" />
      <TestMethod codeBase="C:\Projekty\NUnitTestProject\bin\Debug\netcoreapp3.1\NUnitTestProject.dll" adapterTypeName="executor://nunit3testexecutor/" className="NUnitTestProject.CurrencyHelperTests" name="FormatToStringTest100(52810.91713865516d,&quot;52810.92 zł&quot;)" />
    </UnitTest>
    <UnitTest name="FormatToStringTest100(591.2110872302256d,&quot;591.21 zł&quot;)" storage="c:\projekty\nunittestproject\bin\debug\netcoreapp3.1\nunittestproject.dll" id="25a5f880-4d24-d3c7-abcb-2dee8483e02e">
      <Execution id="3a36671f-4b00-4ca7-aafd-60da3b7a1e20" />
      <TestMethod codeBase="C:\Projekty\NUnitTestProject\bin\Debug\netcoreapp3.1\NUnitTestProject.dll" adapterTypeName="executor://nunit3testexecutor/" className="NUnitTestProject.CurrencyHelperTests" name="FormatToStringTest100(591.2110872302256d,&quot;591.21 zł&quot;)" />
    </UnitTest>
    <UnitTest name="FormatToStringTest100(740.3213011405064d,&quot;740.32 zł&quot;)" storage="c:\projekty\nunittestproject\bin\debug\netcoreapp3.1\nunittestproject.dll" id="ca1d016a-03df-8541-a82d-e65f358d218a">
      <Execution id="389f8774-9579-4080-84f0-707916676ddf" />
      <TestMethod codeBase="C:\Projekty\NUnitTestProject\bin\Debug\netcoreapp3.1\NUnitTestProject.dll" adapterTypeName="executor://nunit3testexecutor/" className="NUnitTestProject.CurrencyHelperTests" name="FormatToStringTest100(740.3213011405064d,&quot;740.32 zł&quot;)" />
    </UnitTest>
    <UnitTest name="FormatToStringTest100(37589.670531794276d,&quot;37589.67 zł&quot;)" storage="c:\projekty\nunittestproject\bin\debug\netcoreapp3.1\nunittestproject.dll" id="0441a484-8788-b6be-6f48-c9fcdc14bb9b">
      <Execution id="47161a89-432c-4c6d-aa0a-719266ee8115" />
      <TestMethod codeBase="C:\Projekty\NUnitTestProject\bin\Debug\netcoreapp3.1\NUnitTestProject.dll" adapterTypeName="executor://nunit3testexecutor/" className="NUnitTestProject.CurrencyHelperTests" name="FormatToStringTest100(37589.670531794276d,&quot;37589.67 zł&quot;)" />
    </UnitTest>
    <UnitTest name="FormatToStringTest100(468.83385119346616d,&quot;468.83 zł&quot;)" storage="c:\projekty\nunittestproject\bin\debug\netcoreapp3.1\nunittestproject.dll" id="654a56d0-2fdd-75b4-3dfc-159238275382">
      <Execution id="2153cd9e-539c-49a7-a02b-94f67acdf4d0" />
      <TestMethod codeBase="C:\Projekty\NUnitTestProject\bin\Debug\netcoreapp3.1\NUnitTestProject.dll" adapterTypeName="executor://nunit3testexecutor/" className="NUnitTestProject.CurrencyHelperTests" name="FormatToStringTest100(468.83385119346616d,&quot;468.83 zł&quot;)" />
    </UnitTest>
    <UnitTest name="FormatToStringTest100(11100.829211263372d,&quot;11100.83 zł&quot;)" storage="c:\projekty\nunittestproject\bin\debug\netcoreapp3.1\nunittestproject.dll" id="bc60038d-a8ea-2e7f-26de-80f8d367bef6">
      <Execution id="b8daf1b3-4908-43f3-a19e-da159e17d674" />
      <TestMethod codeBase="C:\Projekty\NUnitTestProject\bin\Debug\netcoreapp3.1\NUnitTestProject.dll" adapterTypeName="executor://nunit3testexecutor/" className="NUnitTestProject.CurrencyHelperTests" name="FormatToStringTest100(11100.829211263372d,&quot;11100.83 zł&quot;)" />
    </UnitTest>
    <UnitTest name="FormatToStringTest100(286.92120604539343d,&quot;286.92 zł&quot;)" storage="c:\projekty\nunittestproject\bin\debug\netcoreapp3.1\nunittestproject.dll" id="854d51c5-41df-4ddb-a8da-54b20e306485">
      <Execution id="d9338a37-f4d4-40eb-a16d-f25ab92c67c7" />
      <TestMethod codeBase="C:\Projekty\NUnitTestProject\bin\Debug\netcoreapp3.1\NUnitTestProject.dll" adapterTypeName="executor://nunit3testexecutor/" className="NUnitTestProject.CurrencyHelperTests" name="FormatToStringTest100(286.92120604539343d,&quot;286.92 zł&quot;)" />
    </UnitTest>
    <UnitTest name="FormatToStringTest100(317.9090540706688d,&quot;317.91 zł&quot;)" storage="c:\projekty\nunittestproject\bin\debug\netcoreapp3.1\nunittestproject.dll" id="056a4908-08a5-5e22-9551-e77f68ab63c4">
      <Execution id="bde6af9e-7f8b-49a4-a7c5-1341f2c42e87" />
      <TestMethod codeBase="C:\Projekty\NUnitTestProject\bin\Debug\netcoreapp3.1\NUnitTestProject.dll" adapterTypeName="executor://nunit3testexecutor/" className="NUnitTestProject.CurrencyHelperTests" name="FormatToStringTest100(317.9090540706688d,&quot;317.91 zł&quot;)" />
    </UnitTest>
    <UnitTest name="FormatToStringTest100(1741.3334432818617d,&quot;1741.33 zł&quot;)" storage="c:\projekty\nunittestproject\bin\debug\netcoreapp3.1\nunittestproject.dll" id="a9227eb6-41f1-9ad5-6a50-0ab740c4f5fb">
      <Execution id="60d1ee3f-e942-4158-95d4-0472faa6b01e" />
      <TestMethod codeBase="C:\Projekty\NUnitTestProject\bin\Debug\netcoreapp3.1\NUnitTestProject.dll" adapterTypeName="executor://nunit3testexecutor/" className="NUnitTestProject.CurrencyHelperTests" name="FormatToStringTest100(1741.3334432818617d,&quot;1741.33 zł&quot;)" />
    </UnitTest>
    <UnitTest name="FormatToStringTest100(32218.080508120394d,&quot;32218.08 zł&quot;)" storage="c:\projekty\nunittestproject\bin\debug\netcoreapp3.1\nunittestproject.dll" id="919092dd-bc49-4953-66e1-76b0c6a86bdb">
      <Execution id="ac7f8064-3587-4f36-9d3b-bf024834d435" />
      <TestMethod codeBase="C:\Projekty\NUnitTestProject\bin\Debug\netcoreapp3.1\NUnitTestProject.dll" adapterTypeName="executor://nunit3testexecutor/" className="NUnitTestProject.CurrencyHelperTests" name="FormatToStringTest100(32218.080508120394d,&quot;32218.08 zł&quot;)" />
    </UnitTest>
    <UnitTest name="FormatToStringTest100(11912.404131636213d,&quot;11912.40 zł&quot;)" storage="c:\projekty\nunittestproject\bin\debug\netcoreapp3.1\nunittestproject.dll" id="7a40da4c-a8ed-5ba2-92a2-9e17ac14a245">
      <Execution id="c6e9d957-e355-4cca-a781-4d15215645da" />
      <TestMethod codeBase="C:\Projekty\NUnitTestProject\bin\Debug\netcoreapp3.1\NUnitTestProject.dll" adapterTypeName="executor://nunit3testexecutor/" className="NUnitTestProject.CurrencyHelperTests" name="FormatToStringTest100(11912.404131636213d,&quot;11912.40 zł&quot;)" />
    </UnitTest>
    <UnitTest name="FormatToStringTest100(16383.352881839199d,&quot;16383.35 zł&quot;)" storage="c:\projekty\nunittestproject\bin\debug\netcoreapp3.1\nunittestproject.dll" id="2f67a78a-f7c8-6103-2444-bea417ee54f9">
      <Execution id="c9a97011-694a-4257-aab7-46addd58d14a" />
      <TestMethod codeBase="C:\Projekty\NUnitTestProject\bin\Debug\netcoreapp3.1\NUnitTestProject.dll" adapterTypeName="executor://nunit3testexecutor/" className="NUnitTestProject.CurrencyHelperTests" name="FormatToStringTest100(16383.352881839199d,&quot;16383.35 zł&quot;)" />
    </UnitTest>
    <UnitTest name="FormatToStringTest100(6864.093052674129d,&quot;6864.09 zł&quot;)" storage="c:\projekty\nunittestproject\bin\debug\netcoreapp3.1\nunittestproject.dll" id="6dee8ad4-8dd7-b599-f13a-d5781734769f">
      <Execution id="0fbcce21-573b-40c6-a9b1-8ff3b3bc6820" />
      <TestMethod codeBase="C:\Projekty\NUnitTestProject\bin\Debug\netcoreapp3.1\NUnitTestProject.dll" adapterTypeName="executor://nunit3testexecutor/" className="NUnitTestProject.CurrencyHelperTests" name="FormatToStringTest100(6864.093052674129d,&quot;6864.09 zł&quot;)" />
    </UnitTest>
  </TestDefinitions>
  <TestEntries>
    <TestEntry testId="167bd640-ca8a-be35-54d9-c9d535f6b8a9" executionId="7606e470-7c24-4742-bb34-4a163a7b01e2" testListId="8c84fa94-04c1-424b-9868-57a2d4851a1d" />
    <TestEntry testId="6e6925d1-75e5-a13f-cd68-43233a607f3d" executionId="454514a9-98bf-4050-afc1-29db2b8c67f7" testListId="8c84fa94-04c1-424b-9868-57a2d4851a1d" />
    <TestEntry testId="fb8758b6-fbc2-fee5-8fca-8577ec51ec3b" executionId="7f6e512f-819b-4a21-a135-d568db4340f4" testListId="8c84fa94-04c1-424b-9868-57a2d4851a1d" />
    <TestEntry testId="7f364af7-1a4c-2e9e-a4ab-c96e4d59ad29" executionId="5d49debd-a721-4eaf-949b-e19694b8d5ed" testListId="8c84fa94-04c1-424b-9868-57a2d4851a1d" />
    <TestEntry testId="f914ee86-c2ad-95a7-e682-fa878f9f31a5" executionId="9d1b3439-1125-4fdd-828a-f30dc372af81" testListId="8c84fa94-04c1-424b-9868-57a2d4851a1d" />
    <TestEntry testId="642d2869-679c-7098-495e-642b3c4d783b" executionId="21edf328-b129-456a-94cb-fe6bdc15996e" testListId="8c84fa94-04c1-424b-9868-57a2d4851a1d" />
    <TestEntry testId="2f08def2-23e6-739d-cc7a-7a09510b67ea" executionId="db33e481-75dc-4c7f-ba8b-e6d556276d84" testListId="8c84fa94-04c1-424b-9868-57a2d4851a1d" />
    <TestEntry testId="7a40da4c-a8ed-5ba2-92a2-9e17ac14a245" executionId="c6e9d957-e355-4cca-a781-4d15215645da" testListId="8c84fa94-04c1-424b-9868-57a2d4851a1d" />
    <TestEntry testId="86b8941d-d36c-06dd-c905-fa6d7a4013e5" executionId="5b06b2b2-f210-444a-a798-c47fdf7df7ac" testListId="8c84fa94-04c1-424b-9868-57a2d4851a1d" />
    <TestEntry testId="9ea4a98e-a00d-a47e-d475-c2b7e3bc350d" executionId="1bacd379-998b-400e-9e3b-dab3e9574afd" testListId="8c84fa94-04c1-424b-9868-57a2d4851a1d" />
    <TestEntry testId="17a04856-0f1c-ab7a-1a01-1d07ebf4dd98" executionId="66a9ded2-764c-494c-a471-dd1f54878025" testListId="8c84fa94-04c1-424b-9868-57a2d4851a1d" />
    <TestEntry testId="d5607c40-0e03-cf87-1ac7-663c6c348c83" executionId="1269273e-3c4d-45d2-8d6f-0fef5e0e21a7" testListId="8c84fa94-04c1-424b-9868-57a2d4851a1d" />
    <TestEntry testId="f1f7b0d5-822c-33e5-b9ff-f30531705ff1" executionId="a1aba2e5-74a0-438c-8f3d-330e597addd1" testListId="8c84fa94-04c1-424b-9868-57a2d4851a1d" />
    <TestEntry testId="02c02901-0347-558c-6501-8babfd6a6a4a" executionId="8d89a35e-8a4f-44c6-a93e-fe88c83ccd40" testListId="8c84fa94-04c1-424b-9868-57a2d4851a1d" />
    <TestEntry testId="6dee8ad4-8dd7-b599-f13a-d5781734769f" executionId="0fbcce21-573b-40c6-a9b1-8ff3b3bc6820" testListId="8c84fa94-04c1-424b-9868-57a2d4851a1d" />
    <TestEntry testId="a0940c02-10c2-a2ca-c99e-b2f24d99f98d" executionId="3eaf0381-4e80-4dc6-b141-a2a7cfa71161" testListId="8c84fa94-04c1-424b-9868-57a2d4851a1d" />
    <TestEntry testId="97add3a7-18d1-8ae3-a700-3b9a6e54f2a9" executionId="1912d709-52e5-437f-a020-4ce5d3373f51" testListId="8c84fa94-04c1-424b-9868-57a2d4851a1d" />
    <TestEntry testId="8e900221-d77a-d627-361c-9ca1a5beba60" executionId="81f35004-b6d7-47ed-813e-55f32f8f6f09" testListId="8c84fa94-04c1-424b-9868-57a2d4851a1d" />
    <TestEntry testId="6dd51b97-674e-6b9d-f047-ad979eb0870e" executionId="6c10bfcb-95ef-425d-b874-b0816f61b341" testListId="8c84fa94-04c1-424b-9868-57a2d4851a1d" />
    <TestEntry testId="40d78239-8f39-5058-3911-ca4c3976e207" executionId="a2374f33-f797-4c60-a07d-674b8af9d58a" testListId="8c84fa94-04c1-424b-9868-57a2d4851a1d" />
    <TestEntry testId="d0a6cf86-cfdd-0432-5d16-67b34f44bcfa" executionId="34e49f3d-5f84-434b-8e95-dab493faedb5" testListId="8c84fa94-04c1-424b-9868-57a2d4851a1d" />
    <TestEntry testId="44db8638-081a-8ce0-7d23-94e055f5a609" executionId="9fd4ed03-1fc9-4dc2-9757-2c8f59cb137f" testListId="8c84fa94-04c1-424b-9868-57a2d4851a1d" />
    <TestEntry testId="710c032e-d39d-8d3b-a713-86e049d87044" executionId="46f79d4e-8f26-4404-9792-fd0adaba3c1d" testListId="8c84fa94-04c1-424b-9868-57a2d4851a1d" />
    <TestEntry testId="3175c89c-9311-2898-f31c-d62baf20a38b" executionId="cb2acef3-fd3d-4c7b-8ef4-6c0b7dcc4035" testListId="8c84fa94-04c1-424b-9868-57a2d4851a1d" />
    <TestEntry testId="8a579aef-fa33-44e5-d72c-f84816f89dda" executionId="1fc88bec-eaf9-419b-9235-01da2d861224" testListId="8c84fa94-04c1-424b-9868-57a2d4851a1d" />
    <TestEntry testId="73e4a8c3-f139-990a-bc9e-43cbdff15e01" executionId="f7a6be0b-73e0-4f81-9953-cc208a837d7d" testListId="8c84fa94-04c1-424b-9868-57a2d4851a1d" />
    <TestEntry testId="38b31d6d-f852-2ebd-9634-fecf51566e90" executionId="2f2d7cbe-0242-47ae-a45c-936ddee5e6d8" testListId="8c84fa94-04c1-424b-9868-57a2d4851a1d" />
    <TestEntry testId="e2700cee-eb5b-94db-dadd-a33ff5cf6ee6" executionId="71c18459-9d09-4ef0-abe6-a68784b4bebc" testListId="8c84fa94-04c1-424b-9868-57a2d4851a1d" />
    <TestEntry testId="476c9edc-b6ea-cbad-6c80-83085ed5206c" executionId="830f4c7f-ddb0-482b-b264-0fc10beaa37e" testListId="8c84fa94-04c1-424b-9868-57a2d4851a1d" />
    <TestEntry testId="bab29e16-7181-0c35-50c9-4bfc6868cc06" executionId="bf1f59f2-a378-45b7-86e6-bd0fc0f2a560" testListId="8c84fa94-04c1-424b-9868-57a2d4851a1d" />
    <TestEntry testId="7df4ba29-38dd-828e-22e5-9f7e850eb994" executionId="5e4d1bbf-43af-4f66-a0df-ad82e1a5539b" testListId="8c84fa94-04c1-424b-9868-57a2d4851a1d" />
    <TestEntry testId="cb578742-c7f5-996b-5acf-564c542733c1" executionId="f755e5c3-23d1-40ac-a8a6-0f16380d51ff" testListId="8c84fa94-04c1-424b-9868-57a2d4851a1d" />
    <TestEntry testId="d75012f1-d6f6-c8c8-6052-216572e6d09a" executionId="4c410028-205d-42ab-945a-8210b5a17d37" testListId="8c84fa94-04c1-424b-9868-57a2d4851a1d" />
    <TestEntry testId="c2636c45-ffae-32b8-cabd-dfdc2e3d89d2" executionId="263bfb4f-1a5f-4f07-82d7-9786cd0cb774" testListId="8c84fa94-04c1-424b-9868-57a2d4851a1d" />
    <TestEntry testId="919092dd-bc49-4953-66e1-76b0c6a86bdb" executionId="ac7f8064-3587-4f36-9d3b-bf024834d435" testListId="8c84fa94-04c1-424b-9868-57a2d4851a1d" />
    <TestEntry testId="8f9415dd-70b8-c527-026c-2122e53da756" executionId="82a2c4e3-c7fb-4c2b-89e9-bc691d8cd643" testListId="8c84fa94-04c1-424b-9868-57a2d4851a1d" />
    <TestEntry testId="25a5f880-4d24-d3c7-abcb-2dee8483e02e" executionId="3a36671f-4b00-4ca7-aafd-60da3b7a1e20" testListId="8c84fa94-04c1-424b-9868-57a2d4851a1d" />
    <TestEntry testId="4f9e6f5b-43a2-746f-e9ea-c62ab0b035f9" executionId="e5351430-df2c-4c29-9af0-b058449603bf" testListId="8c84fa94-04c1-424b-9868-57a2d4851a1d" />
    <TestEntry testId="a3a62b11-2538-ecb1-962d-5432f1e041eb" executionId="b0791bc7-1f0c-4c1c-904f-632ea935229d" testListId="8c84fa94-04c1-424b-9868-57a2d4851a1d" />
    <TestEntry testId="02a2d8b6-604b-7623-31f1-22fa9c5dd6fb" executionId="3393a504-e5ae-48b0-8039-9cc6c762c57c" testListId="8c84fa94-04c1-424b-9868-57a2d4851a1d" />
    <TestEntry testId="993b2e32-0de1-26c2-5e33-6a1ad01eeb5e" executionId="dfdaf890-3337-40ff-a54c-6a7a15761602" testListId="8c84fa94-04c1-424b-9868-57a2d4851a1d" />
    <TestEntry testId="c8831b39-bf2b-06d6-5219-c1aac5b93a03" executionId="d76bf264-02d9-41b5-bc8c-389e84a64c49" testListId="8c84fa94-04c1-424b-9868-57a2d4851a1d" />
    <TestEntry testId="af58900a-c4df-19c1-aa0f-7bad2b6a33dc" executionId="ed745da5-ab5e-4936-8c91-d4013fd35506" testListId="8c84fa94-04c1-424b-9868-57a2d4851a1d" />
    <TestEntry testId="74cd5e35-cf5d-a7eb-ff81-196bcb803f0c" executionId="757391a1-deda-4b01-bef3-e653a9f9d40d" testListId="8c84fa94-04c1-424b-9868-57a2d4851a1d" />
    <TestEntry testId="68684c63-5f16-5756-6180-2b0b9df43ad7" executionId="8d701a51-1fdb-47c3-9833-55156b50a3b0" testListId="8c84fa94-04c1-424b-9868-57a2d4851a1d" />
    <TestEntry testId="b058c171-2407-459c-7b57-a44deff88712" executionId="24ac257a-7e29-4938-8fbd-720ed0ef7d0d" testListId="8c84fa94-04c1-424b-9868-57a2d4851a1d" />
    <TestEntry testId="82558537-50ec-fc9d-a7b1-76091e0d2ecf" executionId="e8e6dfd7-d1e0-441f-8b56-74de7cda5b38" testListId="8c84fa94-04c1-424b-9868-57a2d4851a1d" />
    <TestEntry testId="50b2ab98-8300-86f7-cec9-4d0f5d9f3400" executionId="c6f6835d-2dc5-49f6-b61c-d7912798eadd" testListId="8c84fa94-04c1-424b-9868-57a2d4851a1d" />
    <TestEntry testId="2467c68f-1bc3-bd85-8310-dd76e33eebec" executionId="96350db8-cdcb-4398-b3b8-ac5ad114c047" testListId="8c84fa94-04c1-424b-9868-57a2d4851a1d" />
    <TestEntry testId="ca1d016a-03df-8541-a82d-e65f358d218a" executionId="389f8774-9579-4080-84f0-707916676ddf" testListId="8c84fa94-04c1-424b-9868-57a2d4851a1d" />
    <TestEntry testId="654a56d0-2fdd-75b4-3dfc-159238275382" executionId="2153cd9e-539c-49a7-a02b-94f67acdf4d0" testListId="8c84fa94-04c1-424b-9868-57a2d4851a1d" />
    <TestEntry testId="71b6d7a3-741f-e1f8-1593-52351d6b5171" executionId="767d74df-f83e-488a-8d3d-20fc408e60e8" testListId="8c84fa94-04c1-424b-9868-57a2d4851a1d" />
    <TestEntry testId="2877141a-aa4d-178b-dc9f-3b49cd88281f" executionId="51a86e7e-9cdf-4879-a5f2-da7e1c48daf6" testListId="8c84fa94-04c1-424b-9868-57a2d4851a1d" />
    <TestEntry testId="60c34650-73c3-1462-40f1-f8603816957f" executionId="c40f3155-296f-4952-b5e7-dc53aac625d4" testListId="8c84fa94-04c1-424b-9868-57a2d4851a1d" />
    <TestEntry testId="da5ec1b9-c89d-ab82-b4aa-e3b444b3e081" executionId="99e7ece1-f49f-4314-9cc3-0034a50c9e0c" testListId="8c84fa94-04c1-424b-9868-57a2d4851a1d" />
    <TestEntry testId="8939b7b8-ff81-63bf-70dc-08f29a6ce586" executionId="a0533586-1201-401e-9afc-292eecfe48fa" testListId="8c84fa94-04c1-424b-9868-57a2d4851a1d" />
    <TestEntry testId="7423707e-221b-8128-5158-18f9b4198629" executionId="5639ab49-d0cf-4ced-abfd-ba4c016271d3" testListId="8c84fa94-04c1-424b-9868-57a2d4851a1d" />
    <TestEntry testId="a7906eba-4ddd-f057-76e4-695c12f668f7" executionId="46defe48-4b4b-4039-881c-918561d146f4" testListId="8c84fa94-04c1-424b-9868-57a2d4851a1d" />
    <TestEntry testId="7f117d65-eaa4-3393-47ff-b5f2adc1ba26" executionId="fae7ec59-de53-461f-8f7e-716759da97c6" testListId="8c84fa94-04c1-424b-9868-57a2d4851a1d" />
    <TestEntry testId="7919cbdd-efef-77c6-b96b-a35d9751dc61" executionId="67325da0-2f72-4eb3-a845-0dde968bd821" testListId="8c84fa94-04c1-424b-9868-57a2d4851a1d" />
    <TestEntry testId="7b5657d1-871c-22e2-8b58-1e4af740074e" executionId="cd361c99-fe5a-4968-bda1-bdc51f21bcae" testListId="8c84fa94-04c1-424b-9868-57a2d4851a1d" />
    <TestEntry testId="f95d03e5-c6a6-a1ee-d69f-d2e7ee2d48f8" executionId="bd923111-ee44-407b-bf67-007e51489b46" testListId="8c84fa94-04c1-424b-9868-57a2d4851a1d" />
    <TestEntry testId="efa0c9dd-5dae-4bc5-1d88-8059c0fedffd" executionId="990ea08d-c1e0-4ffd-8d92-0f24c1ac830d" testListId="8c84fa94-04c1-424b-9868-57a2d4851a1d" />
    <TestEntry testId="e25a10b5-5264-4837-7f5e-e77f0fe36b19" executionId="4361935c-31bc-4cb2-9a64-90809a12bef5" testListId="8c84fa94-04c1-424b-9868-57a2d4851a1d" />
    <TestEntry testId="5979600d-d5d6-1c59-8a74-a8946a5412a6" executionId="8953b04d-4997-4a60-9979-20ec77d2cd6f" testListId="8c84fa94-04c1-424b-9868-57a2d4851a1d" />
    <TestEntry testId="b874febd-2abb-b5bf-4874-36453bfcf028" executionId="281a245c-7b94-4e17-aa1b-d99438decaac" testListId="8c84fa94-04c1-424b-9868-57a2d4851a1d" />
    <TestEntry testId="6c73a1d1-2654-d03d-8bff-b9bca4e437ad" executionId="c15c9ac2-ba3c-4df3-a517-3bebf88293c7" testListId="8c84fa94-04c1-424b-9868-57a2d4851a1d" />
    <TestEntry testId="0441a484-8788-b6be-6f48-c9fcdc14bb9b" executionId="47161a89-432c-4c6d-aa0a-719266ee8115" testListId="8c84fa94-04c1-424b-9868-57a2d4851a1d" />
    <TestEntry testId="5ca8472c-ed3c-7743-d772-01a1bacc08cf" executionId="dc8b3dcc-ecda-4f44-a0e7-fc5415da10bb" testListId="8c84fa94-04c1-424b-9868-57a2d4851a1d" />
    <TestEntry testId="4ccdf7c5-1b8e-f25d-e6ff-328e24995c79" executionId="6ea8fc98-4fe5-426d-bd34-21c536e8e28d" testListId="8c84fa94-04c1-424b-9868-57a2d4851a1d" />
    <TestEntry testId="94b82bc3-613a-e2b4-455b-4b4df4f2d194" executionId="ad2fb462-b58b-41bb-a7a8-9f1967d21414" testListId="8c84fa94-04c1-424b-9868-57a2d4851a1d" />
    <TestEntry testId="6b89659b-5dc5-b05c-ce48-871e20f8abd3" executionId="cb31be53-cd8d-444a-bbcb-1b5994572593" testListId="8c84fa94-04c1-424b-9868-57a2d4851a1d" />
    <TestEntry testId="905708b7-164a-0db6-1796-f60b9303ead6" executionId="372fee26-65fd-4d91-88fd-7019552d5739" testListId="8c84fa94-04c1-424b-9868-57a2d4851a1d" />
    <TestEntry testId="b17f72a8-f991-8baf-d564-f4680aafed09" executionId="290d7139-50b9-43a9-aa22-6c7d2ec26ae1" testListId="8c84fa94-04c1-424b-9868-57a2d4851a1d" />
    <TestEntry testId="a4552a20-90c6-da36-cd4c-fbcb6268dcde" executionId="4f888018-e8b6-4aa3-9d52-b1049547d4f7" testListId="8c84fa94-04c1-424b-9868-57a2d4851a1d" />
    <TestEntry testId="6f964e27-f684-37ef-0fe4-6db993d07017" executionId="f43ec00c-3db6-4b7e-bc0b-6240c297050b" testListId="8c84fa94-04c1-424b-9868-57a2d4851a1d" />
    <TestEntry testId="d7c99ac8-861f-2067-8f65-8717ab2b5eb2" executionId="a9255164-9b6c-4046-8d51-9802360d8c39" testListId="8c84fa94-04c1-424b-9868-57a2d4851a1d" />
    <TestEntry testId="df63a8e8-b664-17f1-364e-31895b9a1463" executionId="cb9e567c-86c5-42ec-917e-06b33761bf8c" testListId="8c84fa94-04c1-424b-9868-57a2d4851a1d" />
    <TestEntry testId="55105f60-a252-8b4a-ee9e-f959f50461df" executionId="c4c368fa-788b-4c47-9cc8-210dfd01ce27" testListId="8c84fa94-04c1-424b-9868-57a2d4851a1d" />
    <TestEntry testId="4a85d0e2-7867-4a37-3a69-cfba3fa4e599" executionId="ba5610c4-123c-43d8-8df0-352dc3747036" testListId="8c84fa94-04c1-424b-9868-57a2d4851a1d" />
    <TestEntry testId="bb9f98f7-9d10-2bbf-0773-348287578945" executionId="ae7c4759-5d2f-4465-9325-2da447312e52" testListId="8c84fa94-04c1-424b-9868-57a2d4851a1d" />
    <TestEntry testId="e570d006-f8c6-2527-78e0-897122dd716e" executionId="12b5ef64-bd37-4182-90f6-6d8f5772a10c" testListId="8c84fa94-04c1-424b-9868-57a2d4851a1d" />
    <TestEntry testId="44373e51-799e-3e94-36f6-61e7eb361bdd" executionId="a5f5c3f4-4310-4bd9-b678-3fde6309cd04" testListId="8c84fa94-04c1-424b-9868-57a2d4851a1d" />
    <TestEntry testId="b69457d8-d004-7265-0ffe-f1f1b36f446a" executionId="3f1155f3-e3d6-4ef5-a09e-80ffdbeb1e7e" testListId="8c84fa94-04c1-424b-9868-57a2d4851a1d" />
    <TestEntry testId="b1eb6943-1b02-4d9c-02f3-a7fb091a5c55" executionId="6c44f80f-bb4a-4724-ae06-8f531a63b47f" testListId="8c84fa94-04c1-424b-9868-57a2d4851a1d" />
    <TestEntry testId="e36f3ecc-8033-228e-9e4e-38062b6e56ea" executionId="838cfe89-b90a-4af0-8f2b-4eaf796257ff" testListId="8c84fa94-04c1-424b-9868-57a2d4851a1d" />
    <TestEntry testId="2f67a78a-f7c8-6103-2444-bea417ee54f9" executionId="c9a97011-694a-4257-aab7-46addd58d14a" testListId="8c84fa94-04c1-424b-9868-57a2d4851a1d" />
    <TestEntry testId="32c30dee-17e8-bc72-ad30-e19ba3161b9e" executionId="53942eaf-d698-469e-948b-82e83e6d221d" testListId="8c84fa94-04c1-424b-9868-57a2d4851a1d" />
    <TestEntry testId="056a4908-08a5-5e22-9551-e77f68ab63c4" executionId="bde6af9e-7f8b-49a4-a7c5-1341f2c42e87" testListId="8c84fa94-04c1-424b-9868-57a2d4851a1d" />
    <TestEntry testId="8f7eaa04-9e7b-2fbd-6154-590301c05ba7" executionId="e841e654-34b8-4ed5-b234-6ab3cca0ce0e" testListId="8c84fa94-04c1-424b-9868-57a2d4851a1d" />
    <TestEntry testId="4e8ed588-d392-7511-ecc9-96da1857794d" executionId="68057355-713b-4ff7-811c-3a5b29b53bcd" testListId="8c84fa94-04c1-424b-9868-57a2d4851a1d" />
    <TestEntry testId="a9227eb6-41f1-9ad5-6a50-0ab740c4f5fb" executionId="60d1ee3f-e942-4158-95d4-0472faa6b01e" testListId="8c84fa94-04c1-424b-9868-57a2d4851a1d" />
    <TestEntry testId="bc60038d-a8ea-2e7f-26de-80f8d367bef6" executionId="b8daf1b3-4908-43f3-a19e-da159e17d674" testListId="8c84fa94-04c1-424b-9868-57a2d4851a1d" />
    <TestEntry testId="6ae5af13-f172-7ae6-9d14-b0b6b031899f" executionId="808d6f56-9517-4ede-a566-e90a640966e2" testListId="8c84fa94-04c1-424b-9868-57a2d4851a1d" />
    <TestEntry testId="dd1f1120-f5a5-11a0-4ecf-8df96d7fc7fd" executionId="1770df9e-7fdf-4c93-9231-6a333b86e057" testListId="8c84fa94-04c1-424b-9868-57a2d4851a1d" />
    <TestEntry testId="a32e39cd-63bd-b948-c34d-2792a9ad523c" executionId="f6a0cb67-87f8-4fc9-b8f6-76b81609868a" testListId="8c84fa94-04c1-424b-9868-57a2d4851a1d" />
    <TestEntry testId="4ec0800c-e01f-aa73-19f1-180137b3dfdf" executionId="20c327e8-3d69-4f4d-9fd6-b6afa0ea42a8" testListId="8c84fa94-04c1-424b-9868-57a2d4851a1d" />
    <TestEntry testId="c5a97db9-c630-e39e-7e7c-43e80ae0249a" executionId="65bc8b43-d158-4db0-99c1-5ca38ffe27b5" testListId="8c84fa94-04c1-424b-9868-57a2d4851a1d" />
    <TestEntry testId="854d51c5-41df-4ddb-a8da-54b20e306485" executionId="d9338a37-f4d4-40eb-a16d-f25ab92c67c7" testListId="8c84fa94-04c1-424b-9868-57a2d4851a1d" />
    <TestEntry testId="d07b46f4-88eb-bfa4-6fe4-d6ba0c12fe8f" executionId="b6c5233c-9733-436c-9a01-210ee57beb28" testListId="8c84fa94-04c1-424b-9868-57a2d4851a1d" />
  </TestEntries>
  <TestLists>
    <TestList name="Results Not in a List" id="8c84fa94-04c1-424b-9868-57a2d4851a1d" />
    <TestList name="All Loaded Results" id="19431567-8539-422a-85d7-44ee4e166bda" />
  </TestLists>
  <ResultSummary outcome="Completed">
    <Counters total="100" executed="100" passed="100" failed="0" error="0" timeout="0" aborted="0" inconclusive="0" passedButRunAborted="0" notRunnable="0" notExecuted="0" disconnected="0" warning="0" completed="0" inProgress="0" pending="0" />
    <Output>
      <StdOut>NUnit Adapter 4.2.0.0: Test execution started&#xD;
Running selected tests in C:\Projekty\NUnitTestProject\bin\Debug\netcoreapp3.1\NUnitTestProject.dll&#xD;
   NUnit3TestExecutor discovered 100 of 100 NUnit test cases using Current Discovery mode, Non-Explicit run&#xD;
NUnit Adapter 4.2.0.0: Test execution complete&#xD;
</StdOut>
    </Output>
  </ResultSummary>
</TestRun>