<?xml version="1.0" encoding="utf-8"?>
<TestRun id="db61a12d-52ec-4a58-bf93-9bb7d5c45fdc" name="Dominik@DESKTOP-5URQ9PB 2022-06-13 20:52:01" runUser="DESKTOP-5URQ9PB\Dominik" xmlns="http://microsoft.com/schemas/VisualStudio/TeamTest/2010">
  <Times creation="2022-06-13T20:52:01.8559060+02:00" queuing="2022-06-13T20:52:01.8559063+02:00" start="2022-06-13T20:51:59.8876450+02:00" finish="2022-06-13T20:52:01.9420071+02:00" />
  <TestSettings name="default" id="7bb84906-222e-45e9-8071-51240630b423">
    <Deployment runDeploymentRoot="Dominik_DESKTOP-5URQ9PB_2022-06-13_20_52_01" />
  </TestSettings>
  <Results>
    <UnitTestResult executionId="5f4b9ae8-8016-4ad8-af0d-c70bc60cced1" testId="94b82bc3-613a-e2b4-455b-4b4df4f2d194" testName="FormatToStringTest100(14172.682747822573d,&quot;14172.68 zł&quot;)" computerName="DESKTOP-5URQ9PB" duration="00:00:00.0000190" startTime="2022-06-13T20:52:01.7434569+02:00" endTime="2022-06-13T20:52:01.7434757+02:00" testType="13cdc9d9-ddb5-4fa4-a97d-d965ccfc6d4b" outcome="Passed" testListId="8c84fa94-04c1-424b-9868-57a2d4851a1d" relativeResultsDirectory="5f4b9ae8-8016-4ad8-af0d-c70bc60cced1" />
    <UnitTestResult executionId="cbc9d604-67d5-4c0a-86f2-e80af9102ba5" testId="74cd5e35-cf5d-a7eb-ff81-196bcb803f0c" testName="FormatToStringTest100(1649.0127968480872d,&quot;1649.01 zł&quot;)" computerName="DESKTOP-5URQ9PB" duration="00:00:00.0000180" startTime="2022-06-13T20:52:01.7444919+02:00" endTime="2022-06-13T20:52:01.7445097+02:00" testType="13cdc9d9-ddb5-4fa4-a97d-d965ccfc6d4b" outcome="Passed" testListId="8c84fa94-04c1-424b-9868-57a2d4851a1d" relativeResultsDirectory="cbc9d604-67d5-4c0a-86f2-e80af9102ba5" />
    <UnitTestResult executionId="45819ee5-7038-43f8-85d8-31e8a7908a4c" testId="2f08def2-23e6-739d-cc7a-7a09510b67ea" testName="FormatToStringTest100(10784.438152511344d,&quot;10784.44 zł&quot;)" computerName="DESKTOP-5URQ9PB" duration="00:00:00.0000190" startTime="2022-06-13T20:52:01.7454037+02:00" endTime="2022-06-13T20:52:01.7454228+02:00" testType="13cdc9d9-ddb5-4fa4-a97d-d965ccfc6d4b" outcome="Passed" testListId="8c84fa94-04c1-424b-9868-57a2d4851a1d" relativeResultsDirectory="45819ee5-7038-43f8-85d8-31e8a7908a4c" />
    <UnitTestResult executionId="edaa8ee2-b7ee-4b2c-8c89-33f2273e89b7" testId="642d2869-679c-7098-495e-642b3c4d783b" testName="FormatToStringTest100(80609.94377465078d,&quot;80609.94 zł&quot;)" computerName="DESKTOP-5URQ9PB" duration="00:00:00.0000230" startTime="2022-06-13T20:52:01.7432897+02:00" endTime="2022-06-13T20:52:01.7433128+02:00" testType="13cdc9d9-ddb5-4fa4-a97d-d965ccfc6d4b" outcome="Passed" testListId="8c84fa94-04c1-424b-9868-57a2d4851a1d" relativeResultsDirectory="edaa8ee2-b7ee-4b2c-8c89-33f2273e89b7" />
    <UnitTestResult executionId="754422c8-30b0-4eea-ab78-f86b17fe7f8d" testId="44373e51-799e-3e94-36f6-61e7eb361bdd" testName="FormatToStringTest100(34096.337879508894d,&quot;34096.34 zł&quot;)" computerName="DESKTOP-5URQ9PB" duration="00:00:00.0000190" startTime="2022-06-13T20:52:01.7441016+02:00" endTime="2022-06-13T20:52:01.7441205+02:00" testType="13cdc9d9-ddb5-4fa4-a97d-d965ccfc6d4b" outcome="Passed" testListId="8c84fa94-04c1-424b-9868-57a2d4851a1d" relativeResultsDirectory="754422c8-30b0-4eea-ab78-f86b17fe7f8d" />
    <UnitTestResult executionId="6cb65b0f-b2a0-44cf-baf7-4728d2c19886" testId="8a579aef-fa33-44e5-d72c-f84816f89dda" testName="FormatToStringTest100(10268.547802396373d,&quot;10268.55 zł&quot;)" computerName="DESKTOP-5URQ9PB" duration="00:00:00.0000190" startTime="2022-06-13T20:52:01.7447781+02:00" endTime="2022-06-13T20:52:01.7447968+02:00" testType="13cdc9d9-ddb5-4fa4-a97d-d965ccfc6d4b" outcome="Passed" testListId="8c84fa94-04c1-424b-9868-57a2d4851a1d" relativeResultsDirectory="6cb65b0f-b2a0-44cf-baf7-4728d2c19886" />
    <UnitTestResult executionId="0db2b7a1-0045-49eb-ac09-eaf5e4b213a9" testId="6ae5af13-f172-7ae6-9d14-b0b6b031899f" testName="FormatToStringTest100(21961.272673999552d,&quot;21961.27 zł&quot;)" computerName="DESKTOP-5URQ9PB" duration="00:00:00.0000220" startTime="2022-06-13T20:52:01.7446976+02:00" endTime="2022-06-13T20:52:01.7447194+02:00" testType="13cdc9d9-ddb5-4fa4-a97d-d965ccfc6d4b" outcome="Passed" testListId="8c84fa94-04c1-424b-9868-57a2d4851a1d" relativeResultsDirectory="0db2b7a1-0045-49eb-ac09-eaf5e4b213a9" />
    <UnitTestResult executionId="4c18a416-43ed-4d8d-95cf-c5f1c39a4fef" testId="a0940c02-10c2-a2ca-c99e-b2f24d99f98d" testName="FormatToStringTest100(27893.312729890138d,&quot;27893.31 zł&quot;)" computerName="DESKTOP-5URQ9PB" duration="00:00:00.0000180" startTime="2022-06-13T20:52:01.7440740+02:00" endTime="2022-06-13T20:52:01.7440917+02:00" testType="13cdc9d9-ddb5-4fa4-a97d-d965ccfc6d4b" outcome="Passed" testListId="8c84fa94-04c1-424b-9868-57a2d4851a1d" relativeResultsDirectory="4c18a416-43ed-4d8d-95cf-c5f1c39a4fef" />
    <UnitTestResult executionId="4c65b50e-0216-4be7-ad0d-b7f4dc617bfa" testId="97add3a7-18d1-8ae3-a700-3b9a6e54f2a9" testName="FormatToStringTest100(96.75594581512546d,&quot;96.76 zł&quot;)" computerName="DESKTOP-5URQ9PB" duration="00:00:00.0000220" startTime="2022-06-13T20:52:01.7442026+02:00" endTime="2022-06-13T20:52:01.7442246+02:00" testType="13cdc9d9-ddb5-4fa4-a97d-d965ccfc6d4b" outcome="Passed" testListId="8c84fa94-04c1-424b-9868-57a2d4851a1d" relativeResultsDirectory="4c65b50e-0216-4be7-ad0d-b7f4dc617bfa" />
    <UnitTestResult executionId="878d738a-6cd2-46cc-b172-c10d74c4d104" testId="e2700cee-eb5b-94db-dadd-a33ff5cf6ee6" testName="FormatToStringTest100(18990.72499258012d,&quot;18990.72 zł&quot;)" computerName="DESKTOP-5URQ9PB" duration="00:00:00.0000230" startTime="2022-06-13T20:52:01.7449654+02:00" endTime="2022-06-13T20:52:01.7449885+02:00" testType="13cdc9d9-ddb5-4fa4-a97d-d965ccfc6d4b" outcome="Passed" testListId="8c84fa94-04c1-424b-9868-57a2d4851a1d" relativeResultsDirectory="878d738a-6cd2-46cc-b172-c10d74c4d104" />
    <UnitTestResult executionId="a5eb66ac-a427-420e-80cf-3e21ee375824" testId="2467c68f-1bc3-bd85-8310-dd76e33eebec" testName="FormatToStringTest100(17953.338243749615d,&quot;17953.34 zł&quot;)" computerName="DESKTOP-5URQ9PB" duration="00:00:00.0000190" startTime="2022-06-13T20:52:01.7447498+02:00" endTime="2022-06-13T20:52:01.7447683+02:00" testType="13cdc9d9-ddb5-4fa4-a97d-d965ccfc6d4b" outcome="Passed" testListId="8c84fa94-04c1-424b-9868-57a2d4851a1d" relativeResultsDirectory="a5eb66ac-a427-420e-80cf-3e21ee375824" />
    <UnitTestResult executionId="430f3877-91cc-417e-b194-7938f68d0a2e" testId="710c032e-d39d-8d3b-a713-86e049d87044" testName="FormatToStringTest100(22604.838218828587d,&quot;22604.84 zł&quot;)" computerName="DESKTOP-5URQ9PB" duration="00:00:00.0000190" startTime="2022-06-13T20:52:01.7436232+02:00" endTime="2022-06-13T20:52:01.7436421+02:00" testType="13cdc9d9-ddb5-4fa4-a97d-d965ccfc6d4b" outcome="Passed" testListId="8c84fa94-04c1-424b-9868-57a2d4851a1d" relativeResultsDirectory="430f3877-91cc-417e-b194-7938f68d0a2e" />
    <UnitTestResult executionId="dcffaadc-9558-4e3d-aa3e-1e5f89fc248c" testId="7b5657d1-871c-22e2-8b58-1e4af740074e" testName="FormatToStringTest100(79.6815319544084d,&quot;79.68 zł&quot;)" computerName="DESKTOP-5URQ9PB" duration="00:00:00.0000230" startTime="2022-06-13T20:52:01.7429084+02:00" endTime="2022-06-13T20:52:01.7429313+02:00" testType="13cdc9d9-ddb5-4fa4-a97d-d965ccfc6d4b" outcome="Passed" testListId="8c84fa94-04c1-424b-9868-57a2d4851a1d" relativeResultsDirectory="dcffaadc-9558-4e3d-aa3e-1e5f89fc248c" />
    <UnitTestResult executionId="9cf509b6-125c-41a8-8e03-9c7f29d2e446" testId="df63a8e8-b664-17f1-364e-31895b9a1463" testName="FormatToStringTest100(16986.338876065027d,&quot;16986.34 zł&quot;)" computerName="DESKTOP-5URQ9PB" duration="00:00:00.0000190" startTime="2022-06-13T20:52:01.7439960+02:00" endTime="2022-06-13T20:52:01.7440144+02:00" testType="13cdc9d9-ddb5-4fa4-a97d-d965ccfc6d4b" outcome="Passed" testListId="8c84fa94-04c1-424b-9868-57a2d4851a1d" relativeResultsDirectory="9cf509b6-125c-41a8-8e03-9c7f29d2e446" />
    <UnitTestResult executionId="be161889-a759-4c20-950a-7150fa66f9ac" testId="d75012f1-d6f6-c8c8-6052-216572e6d09a" testName="FormatToStringTest100(28502.61128259758d,&quot;28502.61 zł&quot;)" computerName="DESKTOP-5URQ9PB" duration="00:00:00.0000180" startTime="2022-06-13T20:52:01.7441786+02:00" endTime="2022-06-13T20:52:01.7441966+02:00" testType="13cdc9d9-ddb5-4fa4-a97d-d965ccfc6d4b" outcome="Passed" testListId="8c84fa94-04c1-424b-9868-57a2d4851a1d" relativeResultsDirectory="be161889-a759-4c20-950a-7150fa66f9ac" />
    <UnitTestResult executionId="46be6686-16da-4d02-9fcd-5b6186a9388c" testId="55105f60-a252-8b4a-ee9e-f959f50461df" testName="FormatToStringTest100(79973.08417819678d,&quot;79973.08 zł&quot;)" computerName="DESKTOP-5URQ9PB" duration="00:00:00.0000230" startTime="2022-06-13T20:52:01.7428244+02:00" endTime="2022-06-13T20:52:01.7428472+02:00" testType="13cdc9d9-ddb5-4fa4-a97d-d965ccfc6d4b" outcome="Passed" testListId="8c84fa94-04c1-424b-9868-57a2d4851a1d" relativeResultsDirectory="46be6686-16da-4d02-9fcd-5b6186a9388c" />
    <UnitTestResult executionId="51b23a7d-7722-40af-bb7c-a77ac54a8a04" testId="50b2ab98-8300-86f7-cec9-4d0f5d9f3400" testName="FormatToStringTest100(52810.91713865516d,&quot;52810.92 zł&quot;)" computerName="DESKTOP-5URQ9PB" duration="00:00:00.0000250" startTime="2022-06-13T20:52:01.7428537+02:00" endTime="2022-06-13T20:52:01.7428784+02:00" testType="13cdc9d9-ddb5-4fa4-a97d-d965ccfc6d4b" outcome="Passed" testListId="8c84fa94-04c1-424b-9868-57a2d4851a1d" relativeResultsDirectory="51b23a7d-7722-40af-bb7c-a77ac54a8a04" />
    <UnitTestResult executionId="4dd49b6c-bc92-4da4-aa1a-8484e4207004" testId="8f7eaa04-9e7b-2fbd-6154-590301c05ba7" testName="FormatToStringTest100(63507.32603545455d,&quot;63507.33 zł&quot;)" computerName="DESKTOP-5URQ9PB" duration="00:00:00.0000320" startTime="2022-06-13T20:52:01.7448264+02:00" endTime="2022-06-13T20:52:01.7448580+02:00" testType="13cdc9d9-ddb5-4fa4-a97d-d965ccfc6d4b" outcome="Passed" testListId="8c84fa94-04c1-424b-9868-57a2d4851a1d" relativeResultsDirectory="4dd49b6c-bc92-4da4-aa1a-8484e4207004" />
    <UnitTestResult executionId="99349175-4706-4cd2-ae10-2b7b2e42a926" testId="17a04856-0f1c-ab7a-1a01-1d07ebf4dd98" testName="FormatToStringTest100(6958.393354767186d,&quot;6958.39 zł&quot;)" computerName="DESKTOP-5URQ9PB" duration="00:00:00.0000180" startTime="2022-06-13T20:52:01.7428848+02:00" endTime="2022-06-13T20:52:01.7429024+02:00" testType="13cdc9d9-ddb5-4fa4-a97d-d965ccfc6d4b" outcome="Passed" testListId="8c84fa94-04c1-424b-9868-57a2d4851a1d" relativeResultsDirectory="99349175-4706-4cd2-ae10-2b7b2e42a926" />
    <UnitTestResult executionId="f9f3a6c6-29d7-4199-9c03-14d3968b582e" testId="dd1f1120-f5a5-11a0-4ecf-8df96d7fc7fd" testName="FormatToStringTest100(25990.318498101697d,&quot;25990.32 zł&quot;)" computerName="DESKTOP-5URQ9PB" duration="00:00:00.0000190" startTime="2022-06-13T20:52:01.7442307+02:00" endTime="2022-06-13T20:52:01.7442491+02:00" testType="13cdc9d9-ddb5-4fa4-a97d-d965ccfc6d4b" outcome="Passed" testListId="8c84fa94-04c1-424b-9868-57a2d4851a1d" relativeResultsDirectory="f9f3a6c6-29d7-4199-9c03-14d3968b582e" />
    <UnitTestResult executionId="041b7e22-52c5-4242-b2c4-5521e6de03d7" testId="4f9e6f5b-43a2-746f-e9ea-c62ab0b035f9" testName="FormatToStringTest100(3521.3657738167635d,&quot;3521.37 zł&quot;)" computerName="DESKTOP-5URQ9PB" duration="00:00:00.0000220" startTime="2022-06-13T20:52:01.7445158+02:00" endTime="2022-06-13T20:52:01.7445379+02:00" testType="13cdc9d9-ddb5-4fa4-a97d-d965ccfc6d4b" outcome="Passed" testListId="8c84fa94-04c1-424b-9868-57a2d4851a1d" relativeResultsDirectory="041b7e22-52c5-4242-b2c4-5521e6de03d7" />
    <UnitTestResult executionId="5c84216a-dd72-41d8-b585-18d6332a290a" testId="9ea4a98e-a00d-a47e-d475-c2b7e3bc350d" testName="FormatToStringTest100(726.8087564975995d,&quot;726.81 zł&quot;)" computerName="DESKTOP-5URQ9PB" duration="00:00:00.0000210" startTime="2022-06-13T20:52:01.7427426+02:00" endTime="2022-06-13T20:52:01.7427631+02:00" testType="13cdc9d9-ddb5-4fa4-a97d-d965ccfc6d4b" outcome="Passed" testListId="8c84fa94-04c1-424b-9868-57a2d4851a1d" relativeResultsDirectory="5c84216a-dd72-41d8-b585-18d6332a290a" />
    <UnitTestResult executionId="18af684f-6219-449d-84a9-da136c285f70" testId="7f117d65-eaa4-3393-47ff-b5f2adc1ba26" testName="FormatToStringTest100(28192.949128067565d,&quot;28192.95 zł&quot;)" computerName="DESKTOP-5URQ9PB" duration="00:00:00.0000180" startTime="2022-06-13T20:52:01.7437008+02:00" endTime="2022-06-13T20:52:01.7437187+02:00" testType="13cdc9d9-ddb5-4fa4-a97d-d965ccfc6d4b" outcome="Passed" testListId="8c84fa94-04c1-424b-9868-57a2d4851a1d" relativeResultsDirectory="18af684f-6219-449d-84a9-da136c285f70" />
    <UnitTestResult executionId="b0aaac1b-a287-4d2d-9cba-0e6147831601" testId="2877141a-aa4d-178b-dc9f-3b49cd88281f" testName="FormatToStringTest100(64210.358316209335d,&quot;64210.36 zł&quot;)" computerName="DESKTOP-5URQ9PB" duration="00:00:00.0000290" startTime="2022-06-13T20:52:01.7452795+02:00" endTime="2022-06-13T20:52:01.7453086+02:00" testType="13cdc9d9-ddb5-4fa4-a97d-d965ccfc6d4b" outcome="Passed" testListId="8c84fa94-04c1-424b-9868-57a2d4851a1d" relativeResultsDirectory="b0aaac1b-a287-4d2d-9cba-0e6147831601" />
    <UnitTestResult executionId="3c24b311-5daf-477f-86ae-420f8648a75b" testId="7919cbdd-efef-77c6-b96b-a35d9751dc61" testName="FormatToStringTest100(38640.62766693003d,&quot;38640.63 zł&quot;)" computerName="DESKTOP-5URQ9PB" duration="00:00:00.0000200" startTime="2022-06-13T20:52:01.7432408+02:00" endTime="2022-06-13T20:52:01.7432604+02:00" testType="13cdc9d9-ddb5-4fa4-a97d-d965ccfc6d4b" outcome="Passed" testListId="8c84fa94-04c1-424b-9868-57a2d4851a1d" relativeResultsDirectory="3c24b311-5daf-477f-86ae-420f8648a75b" />
    <UnitTestResult executionId="fea72846-ec54-479f-aa7f-c56b760bfb0f" testId="c5a97db9-c630-e39e-7e7c-43e80ae0249a" testName="FormatToStringTest100(39178.05988345298d,&quot;39178.06 zł&quot;)" computerName="DESKTOP-5URQ9PB" duration="00:00:00.0000180" startTime="2022-06-13T20:52:01.7446737+02:00" endTime="2022-06-13T20:52:01.7446917+02:00" testType="13cdc9d9-ddb5-4fa4-a97d-d965ccfc6d4b" outcome="Passed" testListId="8c84fa94-04c1-424b-9868-57a2d4851a1d" relativeResultsDirectory="fea72846-ec54-479f-aa7f-c56b760bfb0f" />
    <UnitTestResult executionId="d2ff45ac-78c3-41c3-8174-c53ae888a7fc" testId="919092dd-bc49-4953-66e1-76b0c6a86bdb" testName="FormatToStringTest100(32218.080508120394d,&quot;32218.08 zł&quot;)" computerName="DESKTOP-5URQ9PB" duration="00:00:00.0000200" startTime="2022-06-13T20:52:01.7453165+02:00" endTime="2022-06-13T20:52:01.7453362+02:00" testType="13cdc9d9-ddb5-4fa4-a97d-d965ccfc6d4b" outcome="Passed" testListId="8c84fa94-04c1-424b-9868-57a2d4851a1d" relativeResultsDirectory="d2ff45ac-78c3-41c3-8174-c53ae888a7fc" />
    <UnitTestResult executionId="09dc7d20-0bc3-4c46-a6ab-21de612215bf" testId="4e8ed588-d392-7511-ecc9-96da1857794d" testName="FormatToStringTest100(5396.620088554277d,&quot;5396.62 zł&quot;)" computerName="DESKTOP-5URQ9PB" duration="00:00:00.0000290" startTime="2022-06-13T20:52:01.7431472+02:00" endTime="2022-06-13T20:52:01.7431756+02:00" testType="13cdc9d9-ddb5-4fa4-a97d-d965ccfc6d4b" outcome="Passed" testListId="8c84fa94-04c1-424b-9868-57a2d4851a1d" relativeResultsDirectory="09dc7d20-0bc3-4c46-a6ab-21de612215bf" />
    <UnitTestResult executionId="d3f85a3b-5f3f-4d46-b66f-471653e37505" testId="7a40da4c-a8ed-5ba2-92a2-9e17ac14a245" testName="FormatToStringTest100(11912.404131636213d,&quot;11912.40 zł&quot;)" computerName="DESKTOP-5URQ9PB" duration="00:00:00.0000380" startTime="2022-06-13T20:52:01.7452327+02:00" endTime="2022-06-13T20:52:01.7452700+02:00" testType="13cdc9d9-ddb5-4fa4-a97d-d965ccfc6d4b" outcome="Passed" testListId="8c84fa94-04c1-424b-9868-57a2d4851a1d" relativeResultsDirectory="d3f85a3b-5f3f-4d46-b66f-471653e37505" />
    <UnitTestResult executionId="d278de3c-e4f6-4fd9-8441-d605486aebb8" testId="c2636c45-ffae-32b8-cabd-dfdc2e3d89d2" testName="FormatToStringTest100(736.7398243680316d,&quot;736.74 zł&quot;)" computerName="DESKTOP-5URQ9PB" duration="00:00:00.0000220" startTime="2022-06-13T20:52:01.7440213+02:00" endTime="2022-06-13T20:52:01.7440431+02:00" testType="13cdc9d9-ddb5-4fa4-a97d-d965ccfc6d4b" outcome="Passed" testListId="8c84fa94-04c1-424b-9868-57a2d4851a1d" relativeResultsDirectory="d278de3c-e4f6-4fd9-8441-d605486aebb8" />
    <UnitTestResult executionId="7b61115b-7f01-4a9a-a009-49209c9e2d45" testId="bab29e16-7181-0c35-50c9-4bfc6868cc06" testName="FormatToStringTest100(1108.7197928823157d,&quot;1108.72 zł&quot;)" computerName="DESKTOP-5URQ9PB" duration="00:00:00.0000180" startTime="2022-06-13T20:52:01.7438053+02:00" endTime="2022-06-13T20:52:01.7438236+02:00" testType="13cdc9d9-ddb5-4fa4-a97d-d965ccfc6d4b" outcome="Passed" testListId="8c84fa94-04c1-424b-9868-57a2d4851a1d" relativeResultsDirectory="7b61115b-7f01-4a9a-a009-49209c9e2d45" />
    <UnitTestResult executionId="3573d641-3211-4541-9302-e989e1c3319e" testId="6e6925d1-75e5-a13f-cd68-43233a607f3d" testName="FormatToStringTest100(7124.979180760672d,&quot;7124.98 zł&quot;)" computerName="DESKTOP-5URQ9PB" duration="00:00:00.0000260" startTime="2022-06-13T20:52:01.7433972+02:00" endTime="2022-06-13T20:52:01.7434228+02:00" testType="13cdc9d9-ddb5-4fa4-a97d-d965ccfc6d4b" outcome="Passed" testListId="8c84fa94-04c1-424b-9868-57a2d4851a1d" relativeResultsDirectory="3573d641-3211-4541-9302-e989e1c3319e" />
    <UnitTestResult executionId="71eb4e9e-7939-43f7-9ba9-09da7d72c00d" testId="40d78239-8f39-5058-3911-ca4c3976e207" testName="FormatToStringTest100(35784.54232617307d,&quot;35784.54 zł&quot;)" computerName="DESKTOP-5URQ9PB" duration="00:00:00.0000220" startTime="2022-06-13T20:52:01.7435346+02:00" endTime="2022-06-13T20:52:01.7435567+02:00" testType="13cdc9d9-ddb5-4fa4-a97d-d965ccfc6d4b" outcome="Passed" testListId="8c84fa94-04c1-424b-9868-57a2d4851a1d" relativeResultsDirectory="71eb4e9e-7939-43f7-9ba9-09da7d72c00d" />
    <UnitTestResult executionId="5509b0df-ee1e-48f4-83f8-b87de7ddae95" testId="73e4a8c3-f139-990a-bc9e-43cbdff15e01" testName="FormatToStringTest100(22291.653251342315d,&quot;22291.65 zł&quot;)" computerName="DESKTOP-5URQ9PB" duration="00:00:00.0000190" startTime="2022-06-13T20:52:01.7431829+02:00" endTime="2022-06-13T20:52:01.7432015+02:00" testType="13cdc9d9-ddb5-4fa4-a97d-d965ccfc6d4b" outcome="Passed" testListId="8c84fa94-04c1-424b-9868-57a2d4851a1d" relativeResultsDirectory="5509b0df-ee1e-48f4-83f8-b87de7ddae95" />
    <UnitTestResult executionId="966a1e89-06be-46ae-a8fd-8c48ab3bd07f" testId="5979600d-d5d6-1c59-8a74-a8946a5412a6" testName="FormatToStringTest100(46898.00219497783d,&quot;46898.00 zł&quot;)" computerName="DESKTOP-5URQ9PB" duration="00:00:00.0000220" startTime="2022-06-13T20:52:01.7448893+02:00" endTime="2022-06-13T20:52:01.7449113+02:00" testType="13cdc9d9-ddb5-4fa4-a97d-d965ccfc6d4b" outcome="Passed" testListId="8c84fa94-04c1-424b-9868-57a2d4851a1d" relativeResultsDirectory="966a1e89-06be-46ae-a8fd-8c48ab3bd07f" />
    <UnitTestResult executionId="a4948055-727c-407b-9503-79e87b885bea" testId="d5607c40-0e03-cf87-1ac7-663c6c348c83" testName="FormatToStringTest100(17252.06220983903d,&quot;17252.06 zł&quot;)" computerName="DESKTOP-5URQ9PB" duration="00:00:00.0000180" startTime="2022-06-13T20:52:01.7445694+02:00" endTime="2022-06-13T20:52:01.7445869+02:00" testType="13cdc9d9-ddb5-4fa4-a97d-d965ccfc6d4b" outcome="Passed" testListId="8c84fa94-04c1-424b-9868-57a2d4851a1d" relativeResultsDirectory="a4948055-727c-407b-9503-79e87b885bea" />
    <UnitTestResult executionId="8a97fd78-8c77-4285-ad5d-63a2620d806c" testId="b17f72a8-f991-8baf-d564-f4680aafed09" testName="FormatToStringTest100(7458.609645228652d,&quot;7458.61 zł&quot;)" computerName="DESKTOP-5URQ9PB" duration="00:00:00.0000190" startTime="2022-06-13T20:52:01.7440493+02:00" endTime="2022-06-13T20:52:01.7440680+02:00" testType="13cdc9d9-ddb5-4fa4-a97d-d965ccfc6d4b" outcome="Passed" testListId="8c84fa94-04c1-424b-9868-57a2d4851a1d" relativeResultsDirectory="8a97fd78-8c77-4285-ad5d-63a2620d806c" />
    <UnitTestResult executionId="8a7c3a2d-cd68-4bfd-98d4-0ac9d98870e2" testId="af58900a-c4df-19c1-aa0f-7bad2b6a33dc" testName="FormatToStringTest100(52020.805412759444d,&quot;52020.81 zł&quot;)" computerName="DESKTOP-5URQ9PB" duration="00:00:00.0000200" startTime="2022-06-13T20:52:01.7445441+02:00" endTime="2022-06-13T20:52:01.7445635+02:00" testType="13cdc9d9-ddb5-4fa4-a97d-d965ccfc6d4b" outcome="Passed" testListId="8c84fa94-04c1-424b-9868-57a2d4851a1d" relativeResultsDirectory="8a7c3a2d-cd68-4bfd-98d4-0ac9d98870e2" />
    <UnitTestResult executionId="d68dc8fc-0a89-4ae3-8749-8bdd51564443" testId="6dee8ad4-8dd7-b599-f13a-d5781734769f" testName="FormatToStringTest100(6864.093052674129d,&quot;6864.09 zł&quot;)" computerName="DESKTOP-5URQ9PB" duration="00:00:00.0000240" startTime="2022-06-13T20:52:01.7453732+02:00" endTime="2022-06-13T20:52:01.7453975+02:00" testType="13cdc9d9-ddb5-4fa4-a97d-d965ccfc6d4b" outcome="Passed" testListId="8c84fa94-04c1-424b-9868-57a2d4851a1d" relativeResultsDirectory="d68dc8fc-0a89-4ae3-8749-8bdd51564443" />
    <UnitTestResult executionId="3afb0231-efe9-487b-80a5-7c292ccffb5c" testId="f95d03e5-c6a6-a1ee-d69f-d2e7ee2d48f8" testName="FormatToStringTest100(50339.31259969497d,&quot;50339.31 zł&quot;)" computerName="DESKTOP-5URQ9PB" duration="00:00:00.0000230" startTime="2022-06-13T20:52:01.7446449+02:00" endTime="2022-06-13T20:52:01.7446675+02:00" testType="13cdc9d9-ddb5-4fa4-a97d-d965ccfc6d4b" outcome="Passed" testListId="8c84fa94-04c1-424b-9868-57a2d4851a1d" relativeResultsDirectory="3afb0231-efe9-487b-80a5-7c292ccffb5c" />
    <UnitTestResult executionId="69f7b578-3272-4d1b-a369-7fe63126de2f" testId="02a2d8b6-604b-7623-31f1-22fa9c5dd6fb" testName="FormatToStringTest100(35145.379208063416d,&quot;35145.38 zł&quot;)" computerName="DESKTOP-5URQ9PB" duration="00:00:00.0000180" startTime="2022-06-13T20:52:01.7449421+02:00" endTime="2022-06-13T20:52:01.7449596+02:00" testType="13cdc9d9-ddb5-4fa4-a97d-d965ccfc6d4b" outcome="Passed" testListId="8c84fa94-04c1-424b-9868-57a2d4851a1d" relativeResultsDirectory="69f7b578-3272-4d1b-a369-7fe63126de2f" />
    <UnitTestResult executionId="40b41122-55ba-41e4-af61-708bf1f452e2" testId="e25a10b5-5264-4837-7f5e-e77f0fe36b19" testName="FormatToStringTest100(62975.496334776515d,&quot;62975.50 zł&quot;)" computerName="DESKTOP-5URQ9PB" duration="00:00:00.0000220" startTime="2022-06-13T20:52:01.7450182+02:00" endTime="2022-06-13T20:52:01.7450404+02:00" testType="13cdc9d9-ddb5-4fa4-a97d-d965ccfc6d4b" outcome="Passed" testListId="8c84fa94-04c1-424b-9868-57a2d4851a1d" relativeResultsDirectory="40b41122-55ba-41e4-af61-708bf1f452e2" />
    <UnitTestResult executionId="c2e4f478-83a3-4b0d-a571-e747580092b2" testId="b1eb6943-1b02-4d9c-02f3-a7fb091a5c55" testName="FormatToStringTest100(78822.37212685234d,&quot;78822.37 zł&quot;)" computerName="DESKTOP-5URQ9PB" duration="00:00:00.0000250" startTime="2022-06-13T20:52:01.7443310+02:00" endTime="2022-06-13T20:52:01.7443556+02:00" testType="13cdc9d9-ddb5-4fa4-a97d-d965ccfc6d4b" outcome="Passed" testListId="8c84fa94-04c1-424b-9868-57a2d4851a1d" relativeResultsDirectory="c2e4f478-83a3-4b0d-a571-e747580092b2" />
    <UnitTestResult executionId="0ca23af8-4b8b-4457-87c8-42ebc1e1a45b" testId="efa0c9dd-5dae-4bc5-1d88-8059c0fedffd" testName="FormatToStringTest100(41876.979471482795d,&quot;41876.98 zł&quot;)" computerName="DESKTOP-5URQ9PB" duration="00:00:00.0000240" startTime="2022-06-13T20:52:01.7451785+02:00" endTime="2022-06-13T20:52:01.7452019+02:00" testType="13cdc9d9-ddb5-4fa4-a97d-d965ccfc6d4b" outcome="Passed" testListId="8c84fa94-04c1-424b-9868-57a2d4851a1d" relativeResultsDirectory="0ca23af8-4b8b-4457-87c8-42ebc1e1a45b" />
    <UnitTestResult executionId="bbc27ef3-4cc5-4361-a579-10762711ebf0" testId="8939b7b8-ff81-63bf-70dc-08f29a6ce586" testName="FormatToStringTest100(58848.60825001477d,&quot;58848.61 zł&quot;)" computerName="DESKTOP-5URQ9PB" duration="00:00:00.0000180" startTime="2022-06-13T20:52:01.7446217+02:00" endTime="2022-06-13T20:52:01.7446392+02:00" testType="13cdc9d9-ddb5-4fa4-a97d-d965ccfc6d4b" outcome="Passed" testListId="8c84fa94-04c1-424b-9868-57a2d4851a1d" relativeResultsDirectory="bbc27ef3-4cc5-4361-a579-10762711ebf0" />
    <UnitTestResult executionId="5d8ba7cc-7cb9-4c80-b8df-aef95779559b" testId="0441a484-8788-b6be-6f48-c9fcdc14bb9b" testName="FormatToStringTest100(37589.670531794276d,&quot;37589.67 zł&quot;)" computerName="DESKTOP-5URQ9PB" duration="00:00:00.0000230" startTime="2022-06-13T20:52:01.7433433+02:00" endTime="2022-06-13T20:52:01.7433658+02:00" testType="13cdc9d9-ddb5-4fa4-a97d-d965ccfc6d4b" outcome="Passed" testListId="8c84fa94-04c1-424b-9868-57a2d4851a1d" relativeResultsDirectory="5d8ba7cc-7cb9-4c80-b8df-aef95779559b" />
    <UnitTestResult executionId="609fead2-893d-4df0-b0dd-f884aa297c22" testId="d7c99ac8-861f-2067-8f65-8717ab2b5eb2" testName="FormatToStringTest100(26515.80237687929d,&quot;26515.80 zł&quot;)" computerName="DESKTOP-5URQ9PB" duration="00:00:00.0000180" startTime="2022-06-13T20:52:01.7431054+02:00" endTime="2022-06-13T20:52:01.7431236+02:00" testType="13cdc9d9-ddb5-4fa4-a97d-d965ccfc6d4b" outcome="Passed" testListId="8c84fa94-04c1-424b-9868-57a2d4851a1d" relativeResultsDirectory="609fead2-893d-4df0-b0dd-f884aa297c22" />
    <UnitTestResult executionId="07e82b75-1314-4d5b-835d-6a104819b019" testId="38b31d6d-f852-2ebd-9634-fecf51566e90" testName="FormatToStringTest100(86.89546322771136d,&quot;86.90 zł&quot;)" computerName="DESKTOP-5URQ9PB" duration="00:00:00.0000180" startTime="2022-06-13T20:52:01.7435108+02:00" endTime="2022-06-13T20:52:01.7435286+02:00" testType="13cdc9d9-ddb5-4fa4-a97d-d965ccfc6d4b" outcome="Passed" testListId="8c84fa94-04c1-424b-9868-57a2d4851a1d" relativeResultsDirectory="07e82b75-1314-4d5b-835d-6a104819b019" />
    <UnitTestResult executionId="e53eaa3d-2d7b-42a2-9f1c-366b78c6459c" testId="2f67a78a-f7c8-6103-2444-bea417ee54f9" testName="FormatToStringTest100(16383.352881839199d,&quot;16383.35 zł&quot;)" computerName="DESKTOP-5URQ9PB" duration="00:00:00.0000190" startTime="2022-06-13T20:52:01.7444145+02:00" endTime="2022-06-13T20:52:01.7444337+02:00" testType="13cdc9d9-ddb5-4fa4-a97d-d965ccfc6d4b" outcome="Passed" testListId="8c84fa94-04c1-424b-9868-57a2d4851a1d" relativeResultsDirectory="e53eaa3d-2d7b-42a2-9f1c-366b78c6459c" />
    <UnitTestResult executionId="5599744c-ba26-4116-91f8-661fd1ba82c1" testId="bb9f98f7-9d10-2bbf-0773-348287578945" testName="FormatToStringTest100(15639.704937780603d,&quot;15639.70 zł&quot;)" computerName="DESKTOP-5URQ9PB" duration="00:00:00.0000180" startTime="2022-06-13T20:52:01.7439440+02:00" endTime="2022-06-13T20:52:01.7439622+02:00" testType="13cdc9d9-ddb5-4fa4-a97d-d965ccfc6d4b" outcome="Passed" testListId="8c84fa94-04c1-424b-9868-57a2d4851a1d" relativeResultsDirectory="5599744c-ba26-4116-91f8-661fd1ba82c1" />
    <UnitTestResult executionId="311ee189-4252-416f-8c26-23c58bd09a1b" testId="4ec0800c-e01f-aa73-19f1-180137b3dfdf" testName="FormatToStringTest100(70771.4436677524d,&quot;70771.44 zł&quot;)" computerName="DESKTOP-5URQ9PB" duration="00:00:00.0000190" startTime="2022-06-13T20:52:01.7453477+02:00" endTime="2022-06-13T20:52:01.7453670+02:00" testType="13cdc9d9-ddb5-4fa4-a97d-d965ccfc6d4b" outcome="Passed" testListId="8c84fa94-04c1-424b-9868-57a2d4851a1d" relativeResultsDirectory="311ee189-4252-416f-8c26-23c58bd09a1b" />
    <UnitTestResult executionId="e111f3bc-fa16-4581-98fe-d9b017d52928" testId="71b6d7a3-741f-e1f8-1593-52351d6b5171" testName="FormatToStringTest100(40857.08543233996d,&quot;40857.09 zł&quot;)" computerName="DESKTOP-5URQ9PB" duration="00:00:00.0000220" startTime="2022-06-13T20:52:01.7443862+02:00" endTime="2022-06-13T20:52:01.7444082+02:00" testType="13cdc9d9-ddb5-4fa4-a97d-d965ccfc6d4b" outcome="Passed" testListId="8c84fa94-04c1-424b-9868-57a2d4851a1d" relativeResultsDirectory="e111f3bc-fa16-4581-98fe-d9b017d52928" />
    <UnitTestResult executionId="83c0b7b9-b38a-41a0-a5be-4367fff427fe" testId="fb8758b6-fbc2-fee5-8fca-8577ec51ec3b" testName="FormatToStringTest100(31300.40752580967d,&quot;31300.41 zł&quot;)" computerName="DESKTOP-5URQ9PB" duration="00:00:00.0000180" startTime="2022-06-13T20:52:01.7444397+02:00" endTime="2022-06-13T20:52:01.7444571+02:00" testType="13cdc9d9-ddb5-4fa4-a97d-d965ccfc6d4b" outcome="Passed" testListId="8c84fa94-04c1-424b-9868-57a2d4851a1d" relativeResultsDirectory="83c0b7b9-b38a-41a0-a5be-4367fff427fe" />
    <UnitTestResult executionId="31664d84-1c7c-484b-8976-282205790989" testId="993b2e32-0de1-26c2-5e33-6a1ad01eeb5e" testName="FormatToStringTest100(2292.8331871111104d,&quot;2292.83 zł&quot;)" computerName="DESKTOP-5URQ9PB" duration="00:00:00.0000190" startTime="2022-06-13T20:52:01.7449175+02:00" endTime="2022-06-13T20:52:01.7449360+02:00" testType="13cdc9d9-ddb5-4fa4-a97d-d965ccfc6d4b" outcome="Passed" testListId="8c84fa94-04c1-424b-9868-57a2d4851a1d" relativeResultsDirectory="31664d84-1c7c-484b-8976-282205790989" />
    <UnitTestResult executionId="dad0711b-a6d8-40e3-9f56-a09b27c323a3" testId="60c34650-73c3-1462-40f1-f8603816957f" testName="FormatToStringTest100(19541.10539777116d,&quot;19541.11 zł&quot;)" computerName="DESKTOP-5URQ9PB" duration="00:00:00.0000230" startTime="2022-06-13T20:52:01.7437246+02:00" endTime="2022-06-13T20:52:01.7437474+02:00" testType="13cdc9d9-ddb5-4fa4-a97d-d965ccfc6d4b" outcome="Passed" testListId="8c84fa94-04c1-424b-9868-57a2d4851a1d" relativeResultsDirectory="dad0711b-a6d8-40e3-9f56-a09b27c323a3" />
    <UnitTestResult executionId="ed791f79-e286-4c23-ae5e-731784037256" testId="056a4908-08a5-5e22-9551-e77f68ab63c4" testName="FormatToStringTest100(317.9090540706688d,&quot;317.91 zł&quot;)" computerName="DESKTOP-5URQ9PB" duration="00:00:00.0000190" startTime="2022-06-13T20:52:01.7448648+02:00" endTime="2022-06-13T20:52:01.7448834+02:00" testType="13cdc9d9-ddb5-4fa4-a97d-d965ccfc6d4b" outcome="Passed" testListId="8c84fa94-04c1-424b-9868-57a2d4851a1d" relativeResultsDirectory="ed791f79-e286-4c23-ae5e-731784037256" />
    <UnitTestResult executionId="def75c2f-799a-4f56-9cf0-6e958bb0581d" testId="a32e39cd-63bd-b948-c34d-2792a9ad523c" testName="FormatToStringTest100(2937.138486199611d,&quot;2937.14 zł&quot;)" computerName="DESKTOP-5URQ9PB" duration="00:00:00.0000190" startTime="2022-06-13T20:52:01.7445970+02:00" endTime="2022-06-13T20:52:01.7446157+02:00" testType="13cdc9d9-ddb5-4fa4-a97d-d965ccfc6d4b" outcome="Passed" testListId="8c84fa94-04c1-424b-9868-57a2d4851a1d" relativeResultsDirectory="def75c2f-799a-4f56-9cf0-6e958bb0581d" />
    <UnitTestResult executionId="12ff791a-7648-4edd-8bf8-8c7998bbeca3" testId="e36f3ecc-8033-228e-9e4e-38062b6e56ea" testName="FormatToStringTest100(9816.961298880615d,&quot;9816.96 zł&quot;)" computerName="DESKTOP-5URQ9PB" duration="00:00:00.0000190" startTime="2022-06-13T20:52:01.7429870+02:00" endTime="2022-06-13T20:52:01.7430058+02:00" testType="13cdc9d9-ddb5-4fa4-a97d-d965ccfc6d4b" outcome="Passed" testListId="8c84fa94-04c1-424b-9868-57a2d4851a1d" relativeResultsDirectory="12ff791a-7648-4edd-8bf8-8c7998bbeca3" />
    <UnitTestResult executionId="a19e2352-9389-4a05-89a1-179c25a77ea4" testId="82558537-50ec-fc9d-a7b1-76091e0d2ecf" testName="FormatToStringTest100(45603.90324273142d,&quot;45603.90 zł&quot;)" computerName="DESKTOP-5URQ9PB" duration="00:00:00.0000260" startTime="2022-06-13T20:52:01.7430729+02:00" endTime="2022-06-13T20:52:01.7430989+02:00" testType="13cdc9d9-ddb5-4fa4-a97d-d965ccfc6d4b" outcome="Passed" testListId="8c84fa94-04c1-424b-9868-57a2d4851a1d" relativeResultsDirectory="a19e2352-9389-4a05-89a1-179c25a77ea4" />
    <UnitTestResult executionId="ba4baea8-bd9e-4eda-b7ce-d89534111624" testId="854d51c5-41df-4ddb-a8da-54b20e306485" testName="FormatToStringTest100(286.92120604539343d,&quot;286.92 zł&quot;)" computerName="DESKTOP-5URQ9PB" duration="00:00:00.0000190" startTime="2022-06-13T20:52:01.7429624+02:00" endTime="2022-06-13T20:52:01.7429810+02:00" testType="13cdc9d9-ddb5-4fa4-a97d-d965ccfc6d4b" outcome="Passed" testListId="8c84fa94-04c1-424b-9868-57a2d4851a1d" relativeResultsDirectory="ba4baea8-bd9e-4eda-b7ce-d89534111624" />
    <UnitTestResult executionId="7cc614fa-2231-4207-ad8d-2f49a9e38164" testId="da5ec1b9-c89d-ab82-b4aa-e3b444b3e081" testName="FormatToStringTest100(66019.32414194118d,&quot;66019.32 zł&quot;)" computerName="DESKTOP-5URQ9PB" duration="00:00:00.0000220" startTime="2022-06-13T20:52:01.7434292+02:00" endTime="2022-06-13T20:52:01.7434507+02:00" testType="13cdc9d9-ddb5-4fa4-a97d-d965ccfc6d4b" outcome="Passed" testListId="8c84fa94-04c1-424b-9868-57a2d4851a1d" relativeResultsDirectory="7cc614fa-2231-4207-ad8d-2f49a9e38164" />
    <UnitTestResult executionId="6df2de00-edcb-4921-b6fc-ccfa5dc536d0" testId="a4552a20-90c6-da36-cd4c-fbcb6268dcde" testName="FormatToStringTest100(15566.957545477411d,&quot;15566.96 zł&quot;)" computerName="DESKTOP-5URQ9PB" duration="00:00:00.0000180" startTime="2022-06-13T20:52:01.7448028+02:00" endTime="2022-06-13T20:52:01.7448205+02:00" testType="13cdc9d9-ddb5-4fa4-a97d-d965ccfc6d4b" outcome="Passed" testListId="8c84fa94-04c1-424b-9868-57a2d4851a1d" relativeResultsDirectory="6df2de00-edcb-4921-b6fc-ccfa5dc536d0" />
    <UnitTestResult executionId="e2ef27d7-6ae9-4142-a7c4-d72d9d65e0ac" testId="a9227eb6-41f1-9ad5-6a50-0ab740c4f5fb" testName="FormatToStringTest100(1741.3334432818617d,&quot;1741.33 zł&quot;)" computerName="DESKTOP-5URQ9PB" duration="00:00:00.0000180" startTime="2022-06-13T20:52:01.7442550+02:00" endTime="2022-06-13T20:52:01.7442725+02:00" testType="13cdc9d9-ddb5-4fa4-a97d-d965ccfc6d4b" outcome="Passed" testListId="8c84fa94-04c1-424b-9868-57a2d4851a1d" relativeResultsDirectory="e2ef27d7-6ae9-4142-a7c4-d72d9d65e0ac" />
    <UnitTestResult executionId="ed4f2af7-8e52-483e-b0ec-8ff7cc26c171" testId="d07b46f4-88eb-bfa4-6fe4-d6ba0c12fe8f" testName="FormatToStringTest100(6890.028458985514d,&quot;6890.03 zł&quot;)" computerName="DESKTOP-5URQ9PB" duration="00:00:00.0000180" startTime="2022-06-13T20:52:01.7437536+02:00" endTime="2022-06-13T20:52:01.7437719+02:00" testType="13cdc9d9-ddb5-4fa4-a97d-d965ccfc6d4b" outcome="Passed" testListId="8c84fa94-04c1-424b-9868-57a2d4851a1d" relativeResultsDirectory="ed4f2af7-8e52-483e-b0ec-8ff7cc26c171" />
    <UnitTestResult executionId="837eac87-2d32-4c06-a81f-4d2938d4369a" testId="f914ee86-c2ad-95a7-e682-fa878f9f31a5" testName="FormatToStringTest100(8499.121443388574d,&quot;8499.12 zł&quot;)" computerName="DESKTOP-5URQ9PB" duration="00:00:00.0000180" startTime="2022-06-13T20:52:01.7441265+02:00" endTime="2022-06-13T20:52:01.7441443+02:00" testType="13cdc9d9-ddb5-4fa4-a97d-d965ccfc6d4b" outcome="Passed" testListId="8c84fa94-04c1-424b-9868-57a2d4851a1d" relativeResultsDirectory="837eac87-2d32-4c06-a81f-4d2938d4369a" />
    <UnitTestResult executionId="362e5cff-06c1-4128-8a88-68a6f47506a6" testId="bc60038d-a8ea-2e7f-26de-80f8d367bef6" testName="FormatToStringTest100(11100.829211263372d,&quot;11100.83 zł&quot;)" computerName="DESKTOP-5URQ9PB" duration="00:00:00.0000180" startTime="2022-06-13T20:52:01.7433192+02:00" endTime="2022-06-13T20:52:01.7433373+02:00" testType="13cdc9d9-ddb5-4fa4-a97d-d965ccfc6d4b" outcome="Passed" testListId="8c84fa94-04c1-424b-9868-57a2d4851a1d" relativeResultsDirectory="362e5cff-06c1-4128-8a88-68a6f47506a6" />
    <UnitTestResult executionId="aaac50e3-952a-4423-b4c2-7a009d369742" testId="02c02901-0347-558c-6501-8babfd6a6a4a" testName="FormatToStringTest100(1614.2516601789982d,&quot;1614.25 zł&quot;)" computerName="DESKTOP-5URQ9PB" duration="00:00:00.0000270" startTime="2022-06-13T20:52:01.7438586+02:00" endTime="2022-06-13T20:52:01.7438853+02:00" testType="13cdc9d9-ddb5-4fa4-a97d-d965ccfc6d4b" outcome="Passed" testListId="8c84fa94-04c1-424b-9868-57a2d4851a1d" relativeResultsDirectory="aaac50e3-952a-4423-b4c2-7a009d369742" />
    <UnitTestResult executionId="26459352-9370-49b0-a6cc-61f398586a10" testId="d0a6cf86-cfdd-0432-5d16-67b34f44bcfa" testName="FormatToStringTest100(9867.823212210007d,&quot;9867.82 zł&quot;)" computerName="DESKTOP-5URQ9PB" duration="00:00:00.0000180" startTime="2022-06-13T20:52:01.7449946+02:00" endTime="2022-06-13T20:52:01.7450124+02:00" testType="13cdc9d9-ddb5-4fa4-a97d-d965ccfc6d4b" outcome="Passed" testListId="8c84fa94-04c1-424b-9868-57a2d4851a1d" relativeResultsDirectory="26459352-9370-49b0-a6cc-61f398586a10" />
    <UnitTestResult executionId="a32fae90-aa3f-4166-b2c6-4299ed2e7528" testId="7423707e-221b-8128-5158-18f9b4198629" testName="FormatToStringTest100(31290.71396233687d,&quot;31290.71 zł&quot;)" computerName="DESKTOP-5URQ9PB" duration="00:00:00.0000230" startTime="2022-06-13T20:52:01.7444630+02:00" endTime="2022-06-13T20:52:01.7444857+02:00" testType="13cdc9d9-ddb5-4fa4-a97d-d965ccfc6d4b" outcome="Passed" testListId="8c84fa94-04c1-424b-9868-57a2d4851a1d" relativeResultsDirectory="a32fae90-aa3f-4166-b2c6-4299ed2e7528" />
    <UnitTestResult executionId="ac581d6a-65c0-496c-a1da-f13369ed0ad5" testId="68684c63-5f16-5756-6180-2b0b9df43ad7" testName="FormatToStringTest100(67338.80028760935d,&quot;67338.80 zł&quot;)" computerName="DESKTOP-5URQ9PB" duration="00:00:00.0000230" startTime="2022-06-13T20:52:01.7434817+02:00" endTime="2022-06-13T20:52:01.7435046+02:00" testType="13cdc9d9-ddb5-4fa4-a97d-d965ccfc6d4b" outcome="Passed" testListId="8c84fa94-04c1-424b-9868-57a2d4851a1d" relativeResultsDirectory="ac581d6a-65c0-496c-a1da-f13369ed0ad5" />
    <UnitTestResult executionId="650f3dfa-34b4-4799-bdab-d585570dec5d" testId="4a85d0e2-7867-4a37-3a69-cfba3fa4e599" testName="FormatToStringTest100(7789.7136237517525d,&quot;7789.71 zł&quot;)" computerName="DESKTOP-5URQ9PB" duration="00:00:00.0000220" startTime="2022-06-13T20:52:01.7439158+02:00" endTime="2022-06-13T20:52:01.7439378+02:00" testType="13cdc9d9-ddb5-4fa4-a97d-d965ccfc6d4b" outcome="Passed" testListId="8c84fa94-04c1-424b-9868-57a2d4851a1d" relativeResultsDirectory="650f3dfa-34b4-4799-bdab-d585570dec5d" />
    <UnitTestResult executionId="1cd852e5-43c1-4b99-9ae5-d66b3ffbd742" testId="7f364af7-1a4c-2e9e-a4ab-c96e4d59ad29" testName="FormatToStringTest100(32632.105531036905d,&quot;32632.11 zł&quot;)" computerName="DESKTOP-5URQ9PB" duration="00:00:00.0000190" startTime="2022-06-13T20:52:01.7429377+02:00" endTime="2022-06-13T20:52:01.7429564+02:00" testType="13cdc9d9-ddb5-4fa4-a97d-d965ccfc6d4b" outcome="Passed" testListId="8c84fa94-04c1-424b-9868-57a2d4851a1d" relativeResultsDirectory="1cd852e5-43c1-4b99-9ae5-d66b3ffbd742" />
    <UnitTestResult executionId="3fc45484-76ae-44f7-be29-475fd4d59ede" testId="a3a62b11-2538-ecb1-962d-5432f1e041eb" testName="FormatToStringTest100(6809.40195803037d,&quot;6809.40 zł&quot;)" computerName="DESKTOP-5URQ9PB" duration="00:00:00.0001420" startTime="2022-06-13T20:52:01.7425455+02:00" endTime="2022-06-13T20:52:01.7426871+02:00" testType="13cdc9d9-ddb5-4fa4-a97d-d965ccfc6d4b" outcome="Passed" testListId="8c84fa94-04c1-424b-9868-57a2d4851a1d" relativeResultsDirectory="3fc45484-76ae-44f7-be29-475fd4d59ede" />
    <UnitTestResult executionId="80a80279-377c-4f97-9dbc-a338bc279536" testId="5ca8472c-ed3c-7743-d772-01a1bacc08cf" testName="FormatToStringTest100(12949.590713378317d,&quot;12949.59 zł&quot;)" computerName="DESKTOP-5URQ9PB" duration="00:00:00.0000210" startTime="2022-06-13T20:52:01.7430217+02:00" endTime="2022-06-13T20:52:01.7430426+02:00" testType="13cdc9d9-ddb5-4fa4-a97d-d965ccfc6d4b" outcome="Passed" testListId="8c84fa94-04c1-424b-9868-57a2d4851a1d" relativeResultsDirectory="80a80279-377c-4f97-9dbc-a338bc279536" />
    <UnitTestResult executionId="32acf0d8-ef31-46a2-9d29-90315f080b5b" testId="7df4ba29-38dd-828e-22e5-9f7e850eb994" testName="FormatToStringTest100(24957.469502810607d,&quot;24957.47 zł&quot;)" computerName="DESKTOP-5URQ9PB" duration="00:00:00.0000180" startTime="2022-06-13T20:52:01.7432664+02:00" endTime="2022-06-13T20:52:01.7432839+02:00" testType="13cdc9d9-ddb5-4fa4-a97d-d965ccfc6d4b" outcome="Passed" testListId="8c84fa94-04c1-424b-9868-57a2d4851a1d" relativeResultsDirectory="32acf0d8-ef31-46a2-9d29-90315f080b5b" />
    <UnitTestResult executionId="688e0424-000c-48e4-9680-5426edacd45e" testId="6c73a1d1-2654-d03d-8bff-b9bca4e437ad" testName="FormatToStringTest100(77904.0088552246d,&quot;77904.01 zł&quot;)" computerName="DESKTOP-5URQ9PB" duration="00:00:00.0000190" startTime="2022-06-13T20:52:01.7452080+02:00" endTime="2022-06-13T20:52:01.7452267+02:00" testType="13cdc9d9-ddb5-4fa4-a97d-d965ccfc6d4b" outcome="Passed" testListId="8c84fa94-04c1-424b-9868-57a2d4851a1d" relativeResultsDirectory="688e0424-000c-48e4-9680-5426edacd45e" />
    <UnitTestResult executionId="ada7c3a8-9e84-42c9-bb73-3e924260a2e3" testId="a7906eba-4ddd-f057-76e4-695c12f668f7" testName="FormatToStringTest100(50991.22189691114d,&quot;50991.22 zł&quot;)" computerName="DESKTOP-5URQ9PB" duration="00:00:00.0000180" startTime="2022-06-13T20:52:01.7447255+02:00" endTime="2022-06-13T20:52:01.7447439+02:00" testType="13cdc9d9-ddb5-4fa4-a97d-d965ccfc6d4b" outcome="Passed" testListId="8c84fa94-04c1-424b-9868-57a2d4851a1d" relativeResultsDirectory="ada7c3a8-9e84-42c9-bb73-3e924260a2e3" />
    <UnitTestResult executionId="88bc3561-9cec-4248-b518-faa6a105179b" testId="8e900221-d77a-d627-361c-9ca1a5beba60" testName="FormatToStringTest100(75350.77330865282d,&quot;75350.77 zł&quot;)" computerName="DESKTOP-5URQ9PB" duration="00:00:00.0000330" startTime="2022-06-13T20:52:01.7450816+02:00" endTime="2022-06-13T20:52:01.7451151+02:00" testType="13cdc9d9-ddb5-4fa4-a97d-d965ccfc6d4b" outcome="Passed" testListId="8c84fa94-04c1-424b-9868-57a2d4851a1d" relativeResultsDirectory="88bc3561-9cec-4248-b518-faa6a105179b" />
    <UnitTestResult executionId="05f8a4f2-0f94-4034-b5f0-da7ff8cdda66" testId="c8831b39-bf2b-06d6-5219-c1aac5b93a03" testName="FormatToStringTest100(33206.73122987837d,&quot;33206.73 zł&quot;)" computerName="DESKTOP-5URQ9PB" duration="00:00:00.0000190" startTime="2022-06-13T20:52:01.7442820+02:00" endTime="2022-06-13T20:52:01.7443011+02:00" testType="13cdc9d9-ddb5-4fa4-a97d-d965ccfc6d4b" outcome="Passed" testListId="8c84fa94-04c1-424b-9868-57a2d4851a1d" relativeResultsDirectory="05f8a4f2-0f94-4034-b5f0-da7ff8cdda66" />
    <UnitTestResult executionId="cf0f2fe4-4610-404a-ac04-3f78c87a2aac" testId="6f964e27-f684-37ef-0fe4-6db993d07017" testName="FormatToStringTest100(14237.13226245955d,&quot;14237.13 zł&quot;)" computerName="DESKTOP-5URQ9PB" duration="00:00:00.0000270" startTime="2022-06-13T20:52:01.7432075+02:00" endTime="2022-06-13T20:52:01.7432343+02:00" testType="13cdc9d9-ddb5-4fa4-a97d-d965ccfc6d4b" outcome="Passed" testListId="8c84fa94-04c1-424b-9868-57a2d4851a1d" relativeResultsDirectory="cf0f2fe4-4610-404a-ac04-3f78c87a2aac" />
    <UnitTestResult executionId="fb4b04b4-2790-4663-a35e-ac873617046a" testId="f1f7b0d5-822c-33e5-b9ff-f30531705ff1" testName="FormatToStringTest100(32216.686763396807d,&quot;32216.69 zł&quot;)" computerName="DESKTOP-5URQ9PB" duration="00:00:00.0000290" startTime="2022-06-13T20:52:01.7427069+02:00" endTime="2022-06-13T20:52:01.7427354+02:00" testType="13cdc9d9-ddb5-4fa4-a97d-d965ccfc6d4b" outcome="Passed" testListId="8c84fa94-04c1-424b-9868-57a2d4851a1d" relativeResultsDirectory="fb4b04b4-2790-4663-a35e-ac873617046a" />
    <UnitTestResult executionId="a9be3cab-e00c-4841-a000-11be217ed667" testId="6dd51b97-674e-6b9d-f047-ad979eb0870e" testName="FormatToStringTest100(7594.279030504766d,&quot;7594.28 zł&quot;)" computerName="DESKTOP-5URQ9PB" duration="00:00:00.0000210" startTime="2022-06-13T20:52:01.7437779+02:00" endTime="2022-06-13T20:52:01.7437991+02:00" testType="13cdc9d9-ddb5-4fa4-a97d-d965ccfc6d4b" outcome="Passed" testListId="8c84fa94-04c1-424b-9868-57a2d4851a1d" relativeResultsDirectory="a9be3cab-e00c-4841-a000-11be217ed667" />
    <UnitTestResult executionId="9133a521-6c86-4a7c-bc35-1586d56bc9ab" testId="b874febd-2abb-b5bf-4874-36453bfcf028" testName="FormatToStringTest100(1208.1827589441941d,&quot;1208.18 zł&quot;)" computerName="DESKTOP-5URQ9PB" duration="00:00:00.0000220" startTime="2022-06-13T20:52:01.7441502+02:00" endTime="2022-06-13T20:52:01.7441725+02:00" testType="13cdc9d9-ddb5-4fa4-a97d-d965ccfc6d4b" outcome="Passed" testListId="8c84fa94-04c1-424b-9868-57a2d4851a1d" relativeResultsDirectory="9133a521-6c86-4a7c-bc35-1586d56bc9ab" />
    <UnitTestResult executionId="7b1bad3c-71fe-4573-bcf8-b38e006c550e" testId="b69457d8-d004-7265-0ffe-f1f1b36f446a" testName="FormatToStringTest100(22666.13578912995d,&quot;22666.14 zł&quot;)" computerName="DESKTOP-5URQ9PB" duration="00:00:00.0000190" startTime="2022-06-13T20:52:01.7433721+02:00" endTime="2022-06-13T20:52:01.7433911+02:00" testType="13cdc9d9-ddb5-4fa4-a97d-d965ccfc6d4b" outcome="Passed" testListId="8c84fa94-04c1-424b-9868-57a2d4851a1d" relativeResultsDirectory="7b1bad3c-71fe-4573-bcf8-b38e006c550e" />
    <UnitTestResult executionId="e4bcc75f-98c3-416d-acd0-a52cc0a05793" testId="8f9415dd-70b8-c527-026c-2122e53da756" testName="FormatToStringTest100(52858.048916166204d,&quot;52858.05 zł&quot;)" computerName="DESKTOP-5URQ9PB" duration="00:00:00.0000180" startTime="2022-06-13T20:52:01.7451545+02:00" endTime="2022-06-13T20:52:01.7451725+02:00" testType="13cdc9d9-ddb5-4fa4-a97d-d965ccfc6d4b" outcome="Passed" testListId="8c84fa94-04c1-424b-9868-57a2d4851a1d" relativeResultsDirectory="e4bcc75f-98c3-416d-acd0-a52cc0a05793" />
    <UnitTestResult executionId="9d99ddba-b45b-4e0e-ab03-e68b26e7f78d" testId="cb578742-c7f5-996b-5acf-564c542733c1" testName="FormatToStringTest100(10914.360814625099d,&quot;10914.36 zł&quot;)" computerName="DESKTOP-5URQ9PB" duration="00:00:00.0000200" startTime="2022-06-13T20:52:01.7427989+02:00" endTime="2022-06-13T20:52:01.7428183+02:00" testType="13cdc9d9-ddb5-4fa4-a97d-d965ccfc6d4b" outcome="Passed" testListId="8c84fa94-04c1-424b-9868-57a2d4851a1d" relativeResultsDirectory="9d99ddba-b45b-4e0e-ab03-e68b26e7f78d" />
    <UnitTestResult executionId="534e0aa1-716c-4422-924c-4763013dd961" testId="25a5f880-4d24-d3c7-abcb-2dee8483e02e" testName="FormatToStringTest100(591.2110872302256d,&quot;591.21 zł&quot;)" computerName="DESKTOP-5URQ9PB" duration="00:00:00.0000230" startTime="2022-06-13T20:52:01.7438296+02:00" endTime="2022-06-13T20:52:01.7438523+02:00" testType="13cdc9d9-ddb5-4fa4-a97d-d965ccfc6d4b" outcome="Passed" testListId="8c84fa94-04c1-424b-9868-57a2d4851a1d" relativeResultsDirectory="534e0aa1-716c-4422-924c-4763013dd961" />
    <UnitTestResult executionId="4ab3d0a1-ec06-4838-8532-9a40d269de96" testId="167bd640-ca8a-be35-54d9-c9d535f6b8a9" testName="FormatToStringTest100(8768.816937361293d,&quot;8768.82 zł&quot;)" computerName="DESKTOP-5URQ9PB" duration="00:00:00.0000180" startTime="2022-06-13T20:52:01.7438915+02:00" endTime="2022-06-13T20:52:01.7439098+02:00" testType="13cdc9d9-ddb5-4fa4-a97d-d965ccfc6d4b" outcome="Passed" testListId="8c84fa94-04c1-424b-9868-57a2d4851a1d" relativeResultsDirectory="4ab3d0a1-ec06-4838-8532-9a40d269de96" />
    <UnitTestResult executionId="2836c04a-afda-4667-ae39-16cc6df2551d" testId="44db8638-081a-8ce0-7d23-94e055f5a609" testName="FormatToStringTest100(69864.17463991146d,&quot;69864.17 zł&quot;)" computerName="DESKTOP-5URQ9PB" duration="00:00:00.0000220" startTime="2022-06-13T20:52:01.7450465+02:00" endTime="2022-06-13T20:52:01.7450678+02:00" testType="13cdc9d9-ddb5-4fa4-a97d-d965ccfc6d4b" outcome="Passed" testListId="8c84fa94-04c1-424b-9868-57a2d4851a1d" relativeResultsDirectory="2836c04a-afda-4667-ae39-16cc6df2551d" />
    <UnitTestResult executionId="f5189496-e3b1-47a3-b832-bffdf39c16a4" testId="6b89659b-5dc5-b05c-ce48-871e20f8abd3" testName="FormatToStringTest100(74514.06270644537d,&quot;74514.06 zł&quot;)" computerName="DESKTOP-5URQ9PB" duration="00:00:00.0000200" startTime="2022-06-13T20:52:01.7451284+02:00" endTime="2022-06-13T20:52:01.7451482+02:00" testType="13cdc9d9-ddb5-4fa4-a97d-d965ccfc6d4b" outcome="Passed" testListId="8c84fa94-04c1-424b-9868-57a2d4851a1d" relativeResultsDirectory="f5189496-e3b1-47a3-b832-bffdf39c16a4" />
    <UnitTestResult executionId="70cb8d6c-ba35-49b4-8c2a-5b9e8a1a954c" testId="ca1d016a-03df-8541-a82d-e65f358d218a" testName="FormatToStringTest100(740.3213011405064d,&quot;740.32 zł&quot;)" computerName="DESKTOP-5URQ9PB" duration="00:00:00.0000240" startTime="2022-06-13T20:52:01.7435926+02:00" endTime="2022-06-13T20:52:01.7436169+02:00" testType="13cdc9d9-ddb5-4fa4-a97d-d965ccfc6d4b" outcome="Passed" testListId="8c84fa94-04c1-424b-9868-57a2d4851a1d" relativeResultsDirectory="70cb8d6c-ba35-49b4-8c2a-5b9e8a1a954c" />
    <UnitTestResult executionId="67ff46cc-a11c-46f9-9fe8-6365ac93c4d3" testId="b058c171-2407-459c-7b57-a44deff88712" testName="FormatToStringTest100(159.83786031922224d,&quot;159.84 zł&quot;)" computerName="DESKTOP-5URQ9PB" duration="00:00:00.0000180" startTime="2022-06-13T20:52:01.7436480+02:00" endTime="2022-06-13T20:52:01.7436658+02:00" testType="13cdc9d9-ddb5-4fa4-a97d-d965ccfc6d4b" outcome="Passed" testListId="8c84fa94-04c1-424b-9868-57a2d4851a1d" relativeResultsDirectory="67ff46cc-a11c-46f9-9fe8-6365ac93c4d3" />
    <UnitTestResult executionId="b9eb5ce2-f3f8-48f9-91e0-be727d5517c3" testId="4ccdf7c5-1b8e-f25d-e6ff-328e24995c79" testName="FormatToStringTest100(1300.9430775404642d,&quot;1300.94 zł&quot;)" computerName="DESKTOP-5URQ9PB" duration="00:00:00.0464780" startTime="2022-06-13T20:52:01.6944368+02:00" endTime="2022-06-13T20:52:01.7407803+02:00" testType="13cdc9d9-ddb5-4fa4-a97d-d965ccfc6d4b" outcome="Passed" testListId="8c84fa94-04c1-424b-9868-57a2d4851a1d" relativeResultsDirectory="b9eb5ce2-f3f8-48f9-91e0-be727d5517c3" />
    <UnitTestResult executionId="ff1c1f7d-a23d-4e2a-97a4-7753901f5cce" testId="3175c89c-9311-2898-f31c-d62baf20a38b" testName="FormatToStringTest100(5628.028273674672d,&quot;5628.03 zł&quot;)" computerName="DESKTOP-5URQ9PB" duration="00:00:00.0000240" startTime="2022-06-13T20:52:01.7427692+02:00" endTime="2022-06-13T20:52:01.7427925+02:00" testType="13cdc9d9-ddb5-4fa4-a97d-d965ccfc6d4b" outcome="Passed" testListId="8c84fa94-04c1-424b-9868-57a2d4851a1d" relativeResultsDirectory="ff1c1f7d-a23d-4e2a-97a4-7753901f5cce" />
    <UnitTestResult executionId="f7086b09-51ee-439b-b8d5-c92f198324db" testId="86b8941d-d36c-06dd-c905-fa6d7a4013e5" testName="FormatToStringTest100(28072.424637532058d,&quot;28072.42 zł&quot;)" computerName="DESKTOP-5URQ9PB" duration="00:00:00.0000190" startTime="2022-06-13T20:52:01.7435629+02:00" endTime="2022-06-13T20:52:01.7435815+02:00" testType="13cdc9d9-ddb5-4fa4-a97d-d965ccfc6d4b" outcome="Passed" testListId="8c84fa94-04c1-424b-9868-57a2d4851a1d" relativeResultsDirectory="f7086b09-51ee-439b-b8d5-c92f198324db" />
    <UnitTestResult executionId="cc857c0e-f437-4664-8afe-d60116aa8729" testId="654a56d0-2fdd-75b4-3dfc-159238275382" testName="FormatToStringTest100(468.83385119346616d,&quot;468.83 zł&quot;)" computerName="DESKTOP-5URQ9PB" duration="00:00:00.0000200" startTime="2022-06-13T20:52:01.7436755+02:00" endTime="2022-06-13T20:52:01.7436948+02:00" testType="13cdc9d9-ddb5-4fa4-a97d-d965ccfc6d4b" outcome="Passed" testListId="8c84fa94-04c1-424b-9868-57a2d4851a1d" relativeResultsDirectory="cc857c0e-f437-4664-8afe-d60116aa8729" />
    <UnitTestResult executionId="e9c04285-0dc8-4f8b-ba08-d444b926d931" testId="905708b7-164a-0db6-1796-f60b9303ead6" testName="FormatToStringTest100(45035.160883881224d,&quot;45035.16 zł&quot;)" computerName="DESKTOP-5URQ9PB" duration="00:00:00.0000220" startTime="2022-06-13T20:52:01.7439680+02:00" endTime="2022-06-13T20:52:01.7439898+02:00" testType="13cdc9d9-ddb5-4fa4-a97d-d965ccfc6d4b" outcome="Passed" testListId="8c84fa94-04c1-424b-9868-57a2d4851a1d" relativeResultsDirectory="e9c04285-0dc8-4f8b-ba08-d444b926d931" />
    <UnitTestResult executionId="92ab96fd-bb11-475b-aff3-9dc3a5d1ef63" testId="e570d006-f8c6-2527-78e0-897122dd716e" testName="FormatToStringTest100(20244.692955315437d,&quot;20244.69 zł&quot;)" computerName="DESKTOP-5URQ9PB" duration="00:00:00.0000190" startTime="2022-06-13T20:52:01.7443619+02:00" endTime="2022-06-13T20:52:01.7443803+02:00" testType="13cdc9d9-ddb5-4fa4-a97d-d965ccfc6d4b" outcome="Passed" testListId="8c84fa94-04c1-424b-9868-57a2d4851a1d" relativeResultsDirectory="92ab96fd-bb11-475b-aff3-9dc3a5d1ef63" />
    <UnitTestResult executionId="2fc43289-7093-4928-ac58-1addf7accf5e" testId="32c30dee-17e8-bc72-ad30-e19ba3161b9e" testName="FormatToStringTest100(27050.586848031067d,&quot;27050.59 zł&quot;)" computerName="DESKTOP-5URQ9PB" duration="00:00:00.0000180" startTime="2022-06-13T20:52:01.7430489+02:00" endTime="2022-06-13T20:52:01.7430669+02:00" testType="13cdc9d9-ddb5-4fa4-a97d-d965ccfc6d4b" outcome="Passed" testListId="8c84fa94-04c1-424b-9868-57a2d4851a1d" relativeResultsDirectory="2fc43289-7093-4928-ac58-1addf7accf5e" />
    <UnitTestResult executionId="11e7f0c5-30d8-4cc6-af8c-4a2db7fbb416" testId="476c9edc-b6ea-cbad-6c80-83085ed5206c" testName="FormatToStringTest100(918.1842976688334d,&quot;918.18 zł&quot;)" computerName="DESKTOP-5URQ9PB" duration="00:00:00.0000180" startTime="2022-06-13T20:52:01.7443073+02:00" endTime="2022-06-13T20:52:01.7443251+02:00" testType="13cdc9d9-ddb5-4fa4-a97d-d965ccfc6d4b" outcome="Passed" testListId="8c84fa94-04c1-424b-9868-57a2d4851a1d" relativeResultsDirectory="11e7f0c5-30d8-4cc6-af8c-4a2db7fbb416" />
  </Results>
  <TestDefinitions>
    <UnitTest name="FormatToStringTest100(69864.17463991146d,&quot;69864.17 zł&quot;)" storage="c:\projekty\nunittestproject\bin\debug\netcoreapp3.1\nunittestproject.dll" id="44db8638-081a-8ce0-7d23-94e055f5a609">
      <Execution id="2836c04a-afda-4667-ae39-16cc6df2551d" />
      <TestMethod codeBase="C:\Projekty\NUnitTestProject\bin\Debug\netcoreapp3.1\NUnitTestProject.dll" adapterTypeName="executor://nunit3testexecutor/" className="NUnitTestProject.CurrencyHelperTests" name="FormatToStringTest100(69864.17463991146d,&quot;69864.17 zł&quot;)" />
    </UnitTest>
    <UnitTest name="FormatToStringTest100(1300.9430775404642d,&quot;1300.94 zł&quot;)" storage="c:\projekty\nunittestproject\bin\debug\netcoreapp3.1\nunittestproject.dll" id="4ccdf7c5-1b8e-f25d-e6ff-328e24995c79">
      <Execution id="b9eb5ce2-f3f8-48f9-91e0-be727d5517c3" />
      <TestMethod codeBase="C:\Projekty\NUnitTestProject\bin\Debug\netcoreapp3.1\NUnitTestProject.dll" adapterTypeName="executor://nunit3testexecutor/" className="NUnitTestProject.CurrencyHelperTests" name="FormatToStringTest100(1300.9430775404642d,&quot;1300.94 zł&quot;)" />
    </UnitTest>
    <UnitTest name="FormatToStringTest100(28192.949128067565d,&quot;28192.95 zł&quot;)" storage="c:\projekty\nunittestproject\bin\debug\netcoreapp3.1\nunittestproject.dll" id="7f117d65-eaa4-3393-47ff-b5f2adc1ba26">
      <Execution id="18af684f-6219-449d-84a9-da136c285f70" />
      <TestMethod codeBase="C:\Projekty\NUnitTestProject\bin\Debug\netcoreapp3.1\NUnitTestProject.dll" adapterTypeName="executor://nunit3testexecutor/" className="NUnitTestProject.CurrencyHelperTests" name="FormatToStringTest100(28192.949128067565d,&quot;28192.95 zł&quot;)" />
    </UnitTest>
    <UnitTest name="FormatToStringTest100(35145.379208063416d,&quot;35145.38 zł&quot;)" storage="c:\projekty\nunittestproject\bin\debug\netcoreapp3.1\nunittestproject.dll" id="02a2d8b6-604b-7623-31f1-22fa9c5dd6fb">
      <Execution id="69f7b578-3272-4d1b-a369-7fe63126de2f" />
      <TestMethod codeBase="C:\Projekty\NUnitTestProject\bin\Debug\netcoreapp3.1\NUnitTestProject.dll" adapterTypeName="executor://nunit3testexecutor/" className="NUnitTestProject.CurrencyHelperTests" name="FormatToStringTest100(35145.379208063416d,&quot;35145.38 zł&quot;)" />
    </UnitTest>
    <UnitTest name="FormatToStringTest100(58848.60825001477d,&quot;58848.61 zł&quot;)" storage="c:\projekty\nunittestproject\bin\debug\netcoreapp3.1\nunittestproject.dll" id="8939b7b8-ff81-63bf-70dc-08f29a6ce586">
      <Execution id="bbc27ef3-4cc5-4361-a579-10762711ebf0" />
      <TestMethod codeBase="C:\Projekty\NUnitTestProject\bin\Debug\netcoreapp3.1\NUnitTestProject.dll" adapterTypeName="executor://nunit3testexecutor/" className="NUnitTestProject.CurrencyHelperTests" name="FormatToStringTest100(58848.60825001477d,&quot;58848.61 zł&quot;)" />
    </UnitTest>
    <UnitTest name="FormatToStringTest100(17953.338243749615d,&quot;17953.34 zł&quot;)" storage="c:\projekty\nunittestproject\bin\debug\netcoreapp3.1\nunittestproject.dll" id="2467c68f-1bc3-bd85-8310-dd76e33eebec">
      <Execution id="a5eb66ac-a427-420e-80cf-3e21ee375824" />
      <TestMethod codeBase="C:\Projekty\NUnitTestProject\bin\Debug\netcoreapp3.1\NUnitTestProject.dll" adapterTypeName="executor://nunit3testexecutor/" className="NUnitTestProject.CurrencyHelperTests" name="FormatToStringTest100(17953.338243749615d,&quot;17953.34 zł&quot;)" />
    </UnitTest>
    <UnitTest name="FormatToStringTest100(39178.05988345298d,&quot;39178.06 zł&quot;)" storage="c:\projekty\nunittestproject\bin\debug\netcoreapp3.1\nunittestproject.dll" id="c5a97db9-c630-e39e-7e7c-43e80ae0249a">
      <Execution id="fea72846-ec54-479f-aa7f-c56b760bfb0f" />
      <TestMethod codeBase="C:\Projekty\NUnitTestProject\bin\Debug\netcoreapp3.1\NUnitTestProject.dll" adapterTypeName="executor://nunit3testexecutor/" className="NUnitTestProject.CurrencyHelperTests" name="FormatToStringTest100(39178.05988345298d,&quot;39178.06 zł&quot;)" />
    </UnitTest>
    <UnitTest name="FormatToStringTest100(21961.272673999552d,&quot;21961.27 zł&quot;)" storage="c:\projekty\nunittestproject\bin\debug\netcoreapp3.1\nunittestproject.dll" id="6ae5af13-f172-7ae6-9d14-b0b6b031899f">
      <Execution id="0db2b7a1-0045-49eb-ac09-eaf5e4b213a9" />
      <TestMethod codeBase="C:\Projekty\NUnitTestProject\bin\Debug\netcoreapp3.1\NUnitTestProject.dll" adapterTypeName="executor://nunit3testexecutor/" className="NUnitTestProject.CurrencyHelperTests" name="FormatToStringTest100(21961.272673999552d,&quot;21961.27 zł&quot;)" />
    </UnitTest>
    <UnitTest name="FormatToStringTest100(66019.32414194118d,&quot;66019.32 zł&quot;)" storage="c:\projekty\nunittestproject\bin\debug\netcoreapp3.1\nunittestproject.dll" id="da5ec1b9-c89d-ab82-b4aa-e3b444b3e081">
      <Execution id="7cc614fa-2231-4207-ad8d-2f49a9e38164" />
      <TestMethod codeBase="C:\Projekty\NUnitTestProject\bin\Debug\netcoreapp3.1\NUnitTestProject.dll" adapterTypeName="executor://nunit3testexecutor/" className="NUnitTestProject.CurrencyHelperTests" name="FormatToStringTest100(66019.32414194118d,&quot;66019.32 zł&quot;)" />
    </UnitTest>
    <UnitTest name="FormatToStringTest100(5628.028273674672d,&quot;5628.03 zł&quot;)" storage="c:\projekty\nunittestproject\bin\debug\netcoreapp3.1\nunittestproject.dll" id="3175c89c-9311-2898-f31c-d62baf20a38b">
      <Execution id="ff1c1f7d-a23d-4e2a-97a4-7753901f5cce" />
      <TestMethod codeBase="C:\Projekty\NUnitTestProject\bin\Debug\netcoreapp3.1\NUnitTestProject.dll" adapterTypeName="executor://nunit3testexecutor/" className="NUnitTestProject.CurrencyHelperTests" name="FormatToStringTest100(5628.028273674672d,&quot;5628.03 zł&quot;)" />
    </UnitTest>
    <UnitTest name="FormatToStringTest100(52020.805412759444d,&quot;52020.81 zł&quot;)" storage="c:\projekty\nunittestproject\bin\debug\netcoreapp3.1\nunittestproject.dll" id="af58900a-c4df-19c1-aa0f-7bad2b6a33dc">
      <Execution id="8a7c3a2d-cd68-4bfd-98d4-0ac9d98870e2" />
      <TestMethod codeBase="C:\Projekty\NUnitTestProject\bin\Debug\netcoreapp3.1\NUnitTestProject.dll" adapterTypeName="executor://nunit3testexecutor/" className="NUnitTestProject.CurrencyHelperTests" name="FormatToStringTest100(52020.805412759444d,&quot;52020.81 zł&quot;)" />
    </UnitTest>
    <UnitTest name="FormatToStringTest100(34096.337879508894d,&quot;34096.34 zł&quot;)" storage="c:\projekty\nunittestproject\bin\debug\netcoreapp3.1\nunittestproject.dll" id="44373e51-799e-3e94-36f6-61e7eb361bdd">
      <Execution id="754422c8-30b0-4eea-ab78-f86b17fe7f8d" />
      <TestMethod codeBase="C:\Projekty\NUnitTestProject\bin\Debug\netcoreapp3.1\NUnitTestProject.dll" adapterTypeName="executor://nunit3testexecutor/" className="NUnitTestProject.CurrencyHelperTests" name="FormatToStringTest100(34096.337879508894d,&quot;34096.34 zł&quot;)" />
    </UnitTest>
    <UnitTest name="FormatToStringTest100(52858.048916166204d,&quot;52858.05 zł&quot;)" storage="c:\projekty\nunittestproject\bin\debug\netcoreapp3.1\nunittestproject.dll" id="8f9415dd-70b8-c527-026c-2122e53da756">
      <Execution id="e4bcc75f-98c3-416d-acd0-a52cc0a05793" />
      <TestMethod codeBase="C:\Projekty\NUnitTestProject\bin\Debug\netcoreapp3.1\NUnitTestProject.dll" adapterTypeName="executor://nunit3testexecutor/" className="NUnitTestProject.CurrencyHelperTests" name="FormatToStringTest100(52858.048916166204d,&quot;52858.05 zł&quot;)" />
    </UnitTest>
    <UnitTest name="FormatToStringTest100(86.89546322771136d,&quot;86.90 zł&quot;)" storage="c:\projekty\nunittestproject\bin\debug\netcoreapp3.1\nunittestproject.dll" id="38b31d6d-f852-2ebd-9634-fecf51566e90">
      <Execution id="07e82b75-1314-4d5b-835d-6a104819b019" />
      <TestMethod codeBase="C:\Projekty\NUnitTestProject\bin\Debug\netcoreapp3.1\NUnitTestProject.dll" adapterTypeName="executor://nunit3testexecutor/" className="NUnitTestProject.CurrencyHelperTests" name="FormatToStringTest100(86.89546322771136d,&quot;86.90 zł&quot;)" />
    </UnitTest>
    <UnitTest name="FormatToStringTest100(15639.704937780603d,&quot;15639.70 zł&quot;)" storage="c:\projekty\nunittestproject\bin\debug\netcoreapp3.1\nunittestproject.dll" id="bb9f98f7-9d10-2bbf-0773-348287578945">
      <Execution id="5599744c-ba26-4116-91f8-661fd1ba82c1" />
      <TestMethod codeBase="C:\Projekty\NUnitTestProject\bin\Debug\netcoreapp3.1\NUnitTestProject.dll" adapterTypeName="executor://nunit3testexecutor/" className="NUnitTestProject.CurrencyHelperTests" name="FormatToStringTest100(15639.704937780603d,&quot;15639.70 zł&quot;)" />
    </UnitTest>
    <UnitTest name="FormatToStringTest100(38640.62766693003d,&quot;38640.63 zł&quot;)" storage="c:\projekty\nunittestproject\bin\debug\netcoreapp3.1\nunittestproject.dll" id="7919cbdd-efef-77c6-b96b-a35d9751dc61">
      <Execution id="3c24b311-5daf-477f-86ae-420f8648a75b" />
      <TestMethod codeBase="C:\Projekty\NUnitTestProject\bin\Debug\netcoreapp3.1\NUnitTestProject.dll" adapterTypeName="executor://nunit3testexecutor/" className="NUnitTestProject.CurrencyHelperTests" name="FormatToStringTest100(38640.62766693003d,&quot;38640.63 zł&quot;)" />
    </UnitTest>
    <UnitTest name="FormatToStringTest100(9867.823212210007d,&quot;9867.82 zł&quot;)" storage="c:\projekty\nunittestproject\bin\debug\netcoreapp3.1\nunittestproject.dll" id="d0a6cf86-cfdd-0432-5d16-67b34f44bcfa">
      <Execution id="26459352-9370-49b0-a6cc-61f398586a10" />
      <TestMethod codeBase="C:\Projekty\NUnitTestProject\bin\Debug\netcoreapp3.1\NUnitTestProject.dll" adapterTypeName="executor://nunit3testexecutor/" className="NUnitTestProject.CurrencyHelperTests" name="FormatToStringTest100(9867.823212210007d,&quot;9867.82 zł&quot;)" />
    </UnitTest>
    <UnitTest name="FormatToStringTest100(2937.138486199611d,&quot;2937.14 zł&quot;)" storage="c:\projekty\nunittestproject\bin\debug\netcoreapp3.1\nunittestproject.dll" id="a32e39cd-63bd-b948-c34d-2792a9ad523c">
      <Execution id="def75c2f-799a-4f56-9cf0-6e958bb0581d" />
      <TestMethod codeBase="C:\Projekty\NUnitTestProject\bin\Debug\netcoreapp3.1\NUnitTestProject.dll" adapterTypeName="executor://nunit3testexecutor/" className="NUnitTestProject.CurrencyHelperTests" name="FormatToStringTest100(2937.138486199611d,&quot;2937.14 zł&quot;)" />
    </UnitTest>
    <UnitTest name="FormatToStringTest100(79.6815319544084d,&quot;79.68 zł&quot;)" storage="c:\projekty\nunittestproject\bin\debug\netcoreapp3.1\nunittestproject.dll" id="7b5657d1-871c-22e2-8b58-1e4af740074e">
      <Execution id="dcffaadc-9558-4e3d-aa3e-1e5f89fc248c" />
      <TestMethod codeBase="C:\Projekty\NUnitTestProject\bin\Debug\netcoreapp3.1\NUnitTestProject.dll" adapterTypeName="executor://nunit3testexecutor/" className="NUnitTestProject.CurrencyHelperTests" name="FormatToStringTest100(79.6815319544084d,&quot;79.68 zł&quot;)" />
    </UnitTest>
    <UnitTest name="FormatToStringTest100(7789.7136237517525d,&quot;7789.71 zł&quot;)" storage="c:\projekty\nunittestproject\bin\debug\netcoreapp3.1\nunittestproject.dll" id="4a85d0e2-7867-4a37-3a69-cfba3fa4e599">
      <Execution id="650f3dfa-34b4-4799-bdab-d585570dec5d" />
      <TestMethod codeBase="C:\Projekty\NUnitTestProject\bin\Debug\netcoreapp3.1\NUnitTestProject.dll" adapterTypeName="executor://nunit3testexecutor/" className="NUnitTestProject.CurrencyHelperTests" name="FormatToStringTest100(7789.7136237517525d,&quot;7789.71 zł&quot;)" />
    </UnitTest>
    <UnitTest name="FormatToStringTest100(35784.54232617307d,&quot;35784.54 zł&quot;)" storage="c:\projekty\nunittestproject\bin\debug\netcoreapp3.1\nunittestproject.dll" id="40d78239-8f39-5058-3911-ca4c3976e207">
      <Execution id="71eb4e9e-7939-43f7-9ba9-09da7d72c00d" />
      <TestMethod codeBase="C:\Projekty\NUnitTestProject\bin\Debug\netcoreapp3.1\NUnitTestProject.dll" adapterTypeName="executor://nunit3testexecutor/" className="NUnitTestProject.CurrencyHelperTests" name="FormatToStringTest100(35784.54232617307d,&quot;35784.54 zł&quot;)" />
    </UnitTest>
    <UnitTest name="FormatToStringTest100(28502.61128259758d,&quot;28502.61 zł&quot;)" storage="c:\projekty\nunittestproject\bin\debug\netcoreapp3.1\nunittestproject.dll" id="d75012f1-d6f6-c8c8-6052-216572e6d09a">
      <Execution id="be161889-a759-4c20-950a-7150fa66f9ac" />
      <TestMethod codeBase="C:\Projekty\NUnitTestProject\bin\Debug\netcoreapp3.1\NUnitTestProject.dll" adapterTypeName="executor://nunit3testexecutor/" className="NUnitTestProject.CurrencyHelperTests" name="FormatToStringTest100(28502.61128259758d,&quot;28502.61 zł&quot;)" />
    </UnitTest>
    <UnitTest name="FormatToStringTest100(17252.06220983903d,&quot;17252.06 zł&quot;)" storage="c:\projekty\nunittestproject\bin\debug\netcoreapp3.1\nunittestproject.dll" id="d5607c40-0e03-cf87-1ac7-663c6c348c83">
      <Execution id="a4948055-727c-407b-9503-79e87b885bea" />
      <TestMethod codeBase="C:\Projekty\NUnitTestProject\bin\Debug\netcoreapp3.1\NUnitTestProject.dll" adapterTypeName="executor://nunit3testexecutor/" className="NUnitTestProject.CurrencyHelperTests" name="FormatToStringTest100(17252.06220983903d,&quot;17252.06 zł&quot;)" />
    </UnitTest>
    <UnitTest name="FormatToStringTest100(32632.105531036905d,&quot;32632.11 zł&quot;)" storage="c:\projekty\nunittestproject\bin\debug\netcoreapp3.1\nunittestproject.dll" id="7f364af7-1a4c-2e9e-a4ab-c96e4d59ad29">
      <Execution id="1cd852e5-43c1-4b99-9ae5-d66b3ffbd742" />
      <TestMethod codeBase="C:\Projekty\NUnitTestProject\bin\Debug\netcoreapp3.1\NUnitTestProject.dll" adapterTypeName="executor://nunit3testexecutor/" className="NUnitTestProject.CurrencyHelperTests" name="FormatToStringTest100(32632.105531036905d,&quot;32632.11 zł&quot;)" />
    </UnitTest>
    <UnitTest name="FormatToStringTest100(80609.94377465078d,&quot;80609.94 zł&quot;)" storage="c:\projekty\nunittestproject\bin\debug\netcoreapp3.1\nunittestproject.dll" id="642d2869-679c-7098-495e-642b3c4d783b">
      <Execution id="edaa8ee2-b7ee-4b2c-8c89-33f2273e89b7" />
      <TestMethod codeBase="C:\Projekty\NUnitTestProject\bin\Debug\netcoreapp3.1\NUnitTestProject.dll" adapterTypeName="executor://nunit3testexecutor/" className="NUnitTestProject.CurrencyHelperTests" name="FormatToStringTest100(80609.94377465078d,&quot;80609.94 zł&quot;)" />
    </UnitTest>
    <UnitTest name="FormatToStringTest100(31300.40752580967d,&quot;31300.41 zł&quot;)" storage="c:\projekty\nunittestproject\bin\debug\netcoreapp3.1\nunittestproject.dll" id="fb8758b6-fbc2-fee5-8fca-8577ec51ec3b">
      <Execution id="83c0b7b9-b38a-41a0-a5be-4367fff427fe" />
      <TestMethod codeBase="C:\Projekty\NUnitTestProject\bin\Debug\netcoreapp3.1\NUnitTestProject.dll" adapterTypeName="executor://nunit3testexecutor/" className="NUnitTestProject.CurrencyHelperTests" name="FormatToStringTest100(31300.40752580967d,&quot;31300.41 zł&quot;)" />
    </UnitTest>
    <UnitTest name="FormatToStringTest100(1649.0127968480872d,&quot;1649.01 zł&quot;)" storage="c:\projekty\nunittestproject\bin\debug\netcoreapp3.1\nunittestproject.dll" id="74cd5e35-cf5d-a7eb-ff81-196bcb803f0c">
      <Execution id="cbc9d604-67d5-4c0a-86f2-e80af9102ba5" />
      <TestMethod codeBase="C:\Projekty\NUnitTestProject\bin\Debug\netcoreapp3.1\NUnitTestProject.dll" adapterTypeName="executor://nunit3testexecutor/" className="NUnitTestProject.CurrencyHelperTests" name="FormatToStringTest100(1649.0127968480872d,&quot;1649.01 zł&quot;)" />
    </UnitTest>
    <UnitTest name="FormatToStringTest100(20244.692955315437d,&quot;20244.69 zł&quot;)" storage="c:\projekty\nunittestproject\bin\debug\netcoreapp3.1\nunittestproject.dll" id="e570d006-f8c6-2527-78e0-897122dd716e">
      <Execution id="92ab96fd-bb11-475b-aff3-9dc3a5d1ef63" />
      <TestMethod codeBase="C:\Projekty\NUnitTestProject\bin\Debug\netcoreapp3.1\NUnitTestProject.dll" adapterTypeName="executor://nunit3testexecutor/" className="NUnitTestProject.CurrencyHelperTests" name="FormatToStringTest100(20244.692955315437d,&quot;20244.69 zł&quot;)" />
    </UnitTest>
    <UnitTest name="FormatToStringTest100(6809.40195803037d,&quot;6809.40 zł&quot;)" storage="c:\projekty\nunittestproject\bin\debug\netcoreapp3.1\nunittestproject.dll" id="a3a62b11-2538-ecb1-962d-5432f1e041eb">
      <Execution id="3fc45484-76ae-44f7-be29-475fd4d59ede" />
      <TestMethod codeBase="C:\Projekty\NUnitTestProject\bin\Debug\netcoreapp3.1\NUnitTestProject.dll" adapterTypeName="executor://nunit3testexecutor/" className="NUnitTestProject.CurrencyHelperTests" name="FormatToStringTest100(6809.40195803037d,&quot;6809.40 zł&quot;)" />
    </UnitTest>
    <UnitTest name="FormatToStringTest100(918.1842976688334d,&quot;918.18 zł&quot;)" storage="c:\projekty\nunittestproject\bin\debug\netcoreapp3.1\nunittestproject.dll" id="476c9edc-b6ea-cbad-6c80-83085ed5206c">
      <Execution id="11e7f0c5-30d8-4cc6-af8c-4a2db7fbb416" />
      <TestMethod codeBase="C:\Projekty\NUnitTestProject\bin\Debug\netcoreapp3.1\NUnitTestProject.dll" adapterTypeName="executor://nunit3testexecutor/" className="NUnitTestProject.CurrencyHelperTests" name="FormatToStringTest100(918.1842976688334d,&quot;918.18 zł&quot;)" />
    </UnitTest>
    <UnitTest name="FormatToStringTest100(70771.4436677524d,&quot;70771.44 zł&quot;)" storage="c:\projekty\nunittestproject\bin\debug\netcoreapp3.1\nunittestproject.dll" id="4ec0800c-e01f-aa73-19f1-180137b3dfdf">
      <Execution id="311ee189-4252-416f-8c26-23c58bd09a1b" />
      <TestMethod codeBase="C:\Projekty\NUnitTestProject\bin\Debug\netcoreapp3.1\NUnitTestProject.dll" adapterTypeName="executor://nunit3testexecutor/" className="NUnitTestProject.CurrencyHelperTests" name="FormatToStringTest100(70771.4436677524d,&quot;70771.44 zł&quot;)" />
    </UnitTest>
    <UnitTest name="FormatToStringTest100(46898.00219497783d,&quot;46898.00 zł&quot;)" storage="c:\projekty\nunittestproject\bin\debug\netcoreapp3.1\nunittestproject.dll" id="5979600d-d5d6-1c59-8a74-a8946a5412a6">
      <Execution id="966a1e89-06be-46ae-a8fd-8c48ab3bd07f" />
      <TestMethod codeBase="C:\Projekty\NUnitTestProject\bin\Debug\netcoreapp3.1\NUnitTestProject.dll" adapterTypeName="executor://nunit3testexecutor/" className="NUnitTestProject.CurrencyHelperTests" name="FormatToStringTest100(46898.00219497783d,&quot;46898.00 zł&quot;)" />
    </UnitTest>
    <UnitTest name="FormatToStringTest100(3521.3657738167635d,&quot;3521.37 zł&quot;)" storage="c:\projekty\nunittestproject\bin\debug\netcoreapp3.1\nunittestproject.dll" id="4f9e6f5b-43a2-746f-e9ea-c62ab0b035f9">
      <Execution id="041b7e22-52c5-4242-b2c4-5521e6de03d7" />
      <TestMethod codeBase="C:\Projekty\NUnitTestProject\bin\Debug\netcoreapp3.1\NUnitTestProject.dll" adapterTypeName="executor://nunit3testexecutor/" className="NUnitTestProject.CurrencyHelperTests" name="FormatToStringTest100(3521.3657738167635d,&quot;3521.37 zł&quot;)" />
    </UnitTest>
    <UnitTest name="FormatToStringTest100(33206.73122987837d,&quot;33206.73 zł&quot;)" storage="c:\projekty\nunittestproject\bin\debug\netcoreapp3.1\nunittestproject.dll" id="c8831b39-bf2b-06d6-5219-c1aac5b93a03">
      <Execution id="05f8a4f2-0f94-4034-b5f0-da7ff8cdda66" />
      <TestMethod codeBase="C:\Projekty\NUnitTestProject\bin\Debug\netcoreapp3.1\NUnitTestProject.dll" adapterTypeName="executor://nunit3testexecutor/" className="NUnitTestProject.CurrencyHelperTests" name="FormatToStringTest100(33206.73122987837d,&quot;33206.73 zł&quot;)" />
    </UnitTest>
    <UnitTest name="FormatToStringTest100(7594.279030504766d,&quot;7594.28 zł&quot;)" storage="c:\projekty\nunittestproject\bin\debug\netcoreapp3.1\nunittestproject.dll" id="6dd51b97-674e-6b9d-f047-ad979eb0870e">
      <Execution id="a9be3cab-e00c-4841-a000-11be217ed667" />
      <TestMethod codeBase="C:\Projekty\NUnitTestProject\bin\Debug\netcoreapp3.1\NUnitTestProject.dll" adapterTypeName="executor://nunit3testexecutor/" className="NUnitTestProject.CurrencyHelperTests" name="FormatToStringTest100(7594.279030504766d,&quot;7594.28 zł&quot;)" />
    </UnitTest>
    <UnitTest name="FormatToStringTest100(77904.0088552246d,&quot;77904.01 zł&quot;)" storage="c:\projekty\nunittestproject\bin\debug\netcoreapp3.1\nunittestproject.dll" id="6c73a1d1-2654-d03d-8bff-b9bca4e437ad">
      <Execution id="688e0424-000c-48e4-9680-5426edacd45e" />
      <TestMethod codeBase="C:\Projekty\NUnitTestProject\bin\Debug\netcoreapp3.1\NUnitTestProject.dll" adapterTypeName="executor://nunit3testexecutor/" className="NUnitTestProject.CurrencyHelperTests" name="FormatToStringTest100(77904.0088552246d,&quot;77904.01 zł&quot;)" />
    </UnitTest>
    <UnitTest name="FormatToStringTest100(9816.961298880615d,&quot;9816.96 zł&quot;)" storage="c:\projekty\nunittestproject\bin\debug\netcoreapp3.1\nunittestproject.dll" id="e36f3ecc-8033-228e-9e4e-38062b6e56ea">
      <Execution id="12ff791a-7648-4edd-8bf8-8c7998bbeca3" />
      <TestMethod codeBase="C:\Projekty\NUnitTestProject\bin\Debug\netcoreapp3.1\NUnitTestProject.dll" adapterTypeName="executor://nunit3testexecutor/" className="NUnitTestProject.CurrencyHelperTests" name="FormatToStringTest100(9816.961298880615d,&quot;9816.96 zł&quot;)" />
    </UnitTest>
    <UnitTest name="FormatToStringTest100(63507.32603545455d,&quot;63507.33 zł&quot;)" storage="c:\projekty\nunittestproject\bin\debug\netcoreapp3.1\nunittestproject.dll" id="8f7eaa04-9e7b-2fbd-6154-590301c05ba7">
      <Execution id="4dd49b6c-bc92-4da4-aa1a-8484e4207004" />
      <TestMethod codeBase="C:\Projekty\NUnitTestProject\bin\Debug\netcoreapp3.1\NUnitTestProject.dll" adapterTypeName="executor://nunit3testexecutor/" className="NUnitTestProject.CurrencyHelperTests" name="FormatToStringTest100(63507.32603545455d,&quot;63507.33 zł&quot;)" />
    </UnitTest>
    <UnitTest name="FormatToStringTest100(50991.22189691114d,&quot;50991.22 zł&quot;)" storage="c:\projekty\nunittestproject\bin\debug\netcoreapp3.1\nunittestproject.dll" id="a7906eba-4ddd-f057-76e4-695c12f668f7">
      <Execution id="ada7c3a8-9e84-42c9-bb73-3e924260a2e3" />
      <TestMethod codeBase="C:\Projekty\NUnitTestProject\bin\Debug\netcoreapp3.1\NUnitTestProject.dll" adapterTypeName="executor://nunit3testexecutor/" className="NUnitTestProject.CurrencyHelperTests" name="FormatToStringTest100(50991.22189691114d,&quot;50991.22 zł&quot;)" />
    </UnitTest>
    <UnitTest name="FormatToStringTest100(67338.80028760935d,&quot;67338.80 zł&quot;)" storage="c:\projekty\nunittestproject\bin\debug\netcoreapp3.1\nunittestproject.dll" id="68684c63-5f16-5756-6180-2b0b9df43ad7">
      <Execution id="ac581d6a-65c0-496c-a1da-f13369ed0ad5" />
      <TestMethod codeBase="C:\Projekty\NUnitTestProject\bin\Debug\netcoreapp3.1\NUnitTestProject.dll" adapterTypeName="executor://nunit3testexecutor/" className="NUnitTestProject.CurrencyHelperTests" name="FormatToStringTest100(67338.80028760935d,&quot;67338.80 zł&quot;)" />
    </UnitTest>
    <UnitTest name="FormatToStringTest100(27050.586848031067d,&quot;27050.59 zł&quot;)" storage="c:\projekty\nunittestproject\bin\debug\netcoreapp3.1\nunittestproject.dll" id="32c30dee-17e8-bc72-ad30-e19ba3161b9e">
      <Execution id="2fc43289-7093-4928-ac58-1addf7accf5e" />
      <TestMethod codeBase="C:\Projekty\NUnitTestProject\bin\Debug\netcoreapp3.1\NUnitTestProject.dll" adapterTypeName="executor://nunit3testexecutor/" className="NUnitTestProject.CurrencyHelperTests" name="FormatToStringTest100(27050.586848031067d,&quot;27050.59 zł&quot;)" />
    </UnitTest>
    <UnitTest name="FormatToStringTest100(8499.121443388574d,&quot;8499.12 zł&quot;)" storage="c:\projekty\nunittestproject\bin\debug\netcoreapp3.1\nunittestproject.dll" id="f914ee86-c2ad-95a7-e682-fa878f9f31a5">
      <Execution id="837eac87-2d32-4c06-a81f-4d2938d4369a" />
      <TestMethod codeBase="C:\Projekty\NUnitTestProject\bin\Debug\netcoreapp3.1\NUnitTestProject.dll" adapterTypeName="executor://nunit3testexecutor/" className="NUnitTestProject.CurrencyHelperTests" name="FormatToStringTest100(8499.121443388574d,&quot;8499.12 zł&quot;)" />
    </UnitTest>
    <UnitTest name="FormatToStringTest100(24957.469502810607d,&quot;24957.47 zł&quot;)" storage="c:\projekty\nunittestproject\bin\debug\netcoreapp3.1\nunittestproject.dll" id="7df4ba29-38dd-828e-22e5-9f7e850eb994">
      <Execution id="32acf0d8-ef31-46a2-9d29-90315f080b5b" />
      <TestMethod codeBase="C:\Projekty\NUnitTestProject\bin\Debug\netcoreapp3.1\NUnitTestProject.dll" adapterTypeName="executor://nunit3testexecutor/" className="NUnitTestProject.CurrencyHelperTests" name="FormatToStringTest100(24957.469502810607d,&quot;24957.47 zł&quot;)" />
    </UnitTest>
    <UnitTest name="FormatToStringTest100(27893.312729890138d,&quot;27893.31 zł&quot;)" storage="c:\projekty\nunittestproject\bin\debug\netcoreapp3.1\nunittestproject.dll" id="a0940c02-10c2-a2ca-c99e-b2f24d99f98d">
      <Execution id="4c18a416-43ed-4d8d-95cf-c5f1c39a4fef" />
      <TestMethod codeBase="C:\Projekty\NUnitTestProject\bin\Debug\netcoreapp3.1\NUnitTestProject.dll" adapterTypeName="executor://nunit3testexecutor/" className="NUnitTestProject.CurrencyHelperTests" name="FormatToStringTest100(27893.312729890138d,&quot;27893.31 zł&quot;)" />
    </UnitTest>
    <UnitTest name="FormatToStringTest100(159.83786031922224d,&quot;159.84 zł&quot;)" storage="c:\projekty\nunittestproject\bin\debug\netcoreapp3.1\nunittestproject.dll" id="b058c171-2407-459c-7b57-a44deff88712">
      <Execution id="67ff46cc-a11c-46f9-9fe8-6365ac93c4d3" />
      <TestMethod codeBase="C:\Projekty\NUnitTestProject\bin\Debug\netcoreapp3.1\NUnitTestProject.dll" adapterTypeName="executor://nunit3testexecutor/" className="NUnitTestProject.CurrencyHelperTests" name="FormatToStringTest100(159.83786031922224d,&quot;159.84 zł&quot;)" />
    </UnitTest>
    <UnitTest name="FormatToStringTest100(6890.028458985514d,&quot;6890.03 zł&quot;)" storage="c:\projekty\nunittestproject\bin\debug\netcoreapp3.1\nunittestproject.dll" id="d07b46f4-88eb-bfa4-6fe4-d6ba0c12fe8f">
      <Execution id="ed4f2af7-8e52-483e-b0ec-8ff7cc26c171" />
      <TestMethod codeBase="C:\Projekty\NUnitTestProject\bin\Debug\netcoreapp3.1\NUnitTestProject.dll" adapterTypeName="executor://nunit3testexecutor/" className="NUnitTestProject.CurrencyHelperTests" name="FormatToStringTest100(6890.028458985514d,&quot;6890.03 zł&quot;)" />
    </UnitTest>
    <UnitTest name="FormatToStringTest100(736.7398243680316d,&quot;736.74 zł&quot;)" storage="c:\projekty\nunittestproject\bin\debug\netcoreapp3.1\nunittestproject.dll" id="c2636c45-ffae-32b8-cabd-dfdc2e3d89d2">
      <Execution id="d278de3c-e4f6-4fd9-8441-d605486aebb8" />
      <TestMethod codeBase="C:\Projekty\NUnitTestProject\bin\Debug\netcoreapp3.1\NUnitTestProject.dll" adapterTypeName="executor://nunit3testexecutor/" className="NUnitTestProject.CurrencyHelperTests" name="FormatToStringTest100(736.7398243680316d,&quot;736.74 zł&quot;)" />
    </UnitTest>
    <UnitTest name="FormatToStringTest100(22604.838218828587d,&quot;22604.84 zł&quot;)" storage="c:\projekty\nunittestproject\bin\debug\netcoreapp3.1\nunittestproject.dll" id="710c032e-d39d-8d3b-a713-86e049d87044">
      <Execution id="430f3877-91cc-417e-b194-7938f68d0a2e" />
      <TestMethod codeBase="C:\Projekty\NUnitTestProject\bin\Debug\netcoreapp3.1\NUnitTestProject.dll" adapterTypeName="executor://nunit3testexecutor/" className="NUnitTestProject.CurrencyHelperTests" name="FormatToStringTest100(22604.838218828587d,&quot;22604.84 zł&quot;)" />
    </UnitTest>
    <UnitTest name="FormatToStringTest100(79973.08417819678d,&quot;79973.08 zł&quot;)" storage="c:\projekty\nunittestproject\bin\debug\netcoreapp3.1\nunittestproject.dll" id="55105f60-a252-8b4a-ee9e-f959f50461df">
      <Execution id="46be6686-16da-4d02-9fcd-5b6186a9388c" />
      <TestMethod codeBase="C:\Projekty\NUnitTestProject\bin\Debug\netcoreapp3.1\NUnitTestProject.dll" adapterTypeName="executor://nunit3testexecutor/" className="NUnitTestProject.CurrencyHelperTests" name="FormatToStringTest100(79973.08417819678d,&quot;79973.08 zł&quot;)" />
    </UnitTest>
    <UnitTest name="FormatToStringTest100(12949.590713378317d,&quot;12949.59 zł&quot;)" storage="c:\projekty\nunittestproject\bin\debug\netcoreapp3.1\nunittestproject.dll" id="5ca8472c-ed3c-7743-d772-01a1bacc08cf">
      <Execution id="80a80279-377c-4f97-9dbc-a338bc279536" />
      <TestMethod codeBase="C:\Projekty\NUnitTestProject\bin\Debug\netcoreapp3.1\NUnitTestProject.dll" adapterTypeName="executor://nunit3testexecutor/" className="NUnitTestProject.CurrencyHelperTests" name="FormatToStringTest100(12949.590713378317d,&quot;12949.59 zł&quot;)" />
    </UnitTest>
    <UnitTest name="FormatToStringTest100(22291.653251342315d,&quot;22291.65 zł&quot;)" storage="c:\projekty\nunittestproject\bin\debug\netcoreapp3.1\nunittestproject.dll" id="73e4a8c3-f139-990a-bc9e-43cbdff15e01">
      <Execution id="5509b0df-ee1e-48f4-83f8-b87de7ddae95" />
      <TestMethod codeBase="C:\Projekty\NUnitTestProject\bin\Debug\netcoreapp3.1\NUnitTestProject.dll" adapterTypeName="executor://nunit3testexecutor/" className="NUnitTestProject.CurrencyHelperTests" name="FormatToStringTest100(22291.653251342315d,&quot;22291.65 zł&quot;)" />
    </UnitTest>
    <UnitTest name="FormatToStringTest100(10784.438152511344d,&quot;10784.44 zł&quot;)" storage="c:\projekty\nunittestproject\bin\debug\netcoreapp3.1\nunittestproject.dll" id="2f08def2-23e6-739d-cc7a-7a09510b67ea">
      <Execution id="45819ee5-7038-43f8-85d8-31e8a7908a4c" />
      <TestMethod codeBase="C:\Projekty\NUnitTestProject\bin\Debug\netcoreapp3.1\NUnitTestProject.dll" adapterTypeName="executor://nunit3testexecutor/" className="NUnitTestProject.CurrencyHelperTests" name="FormatToStringTest100(10784.438152511344d,&quot;10784.44 zł&quot;)" />
    </UnitTest>
    <UnitTest name="FormatToStringTest100(14237.13226245955d,&quot;14237.13 zł&quot;)" storage="c:\projekty\nunittestproject\bin\debug\netcoreapp3.1\nunittestproject.dll" id="6f964e27-f684-37ef-0fe4-6db993d07017">
      <Execution id="cf0f2fe4-4610-404a-ac04-3f78c87a2aac" />
      <TestMethod codeBase="C:\Projekty\NUnitTestProject\bin\Debug\netcoreapp3.1\NUnitTestProject.dll" adapterTypeName="executor://nunit3testexecutor/" className="NUnitTestProject.CurrencyHelperTests" name="FormatToStringTest100(14237.13226245955d,&quot;14237.13 zł&quot;)" />
    </UnitTest>
    <UnitTest name="FormatToStringTest100(45035.160883881224d,&quot;45035.16 zł&quot;)" storage="c:\projekty\nunittestproject\bin\debug\netcoreapp3.1\nunittestproject.dll" id="905708b7-164a-0db6-1796-f60b9303ead6">
      <Execution id="e9c04285-0dc8-4f8b-ba08-d444b926d931" />
      <TestMethod codeBase="C:\Projekty\NUnitTestProject\bin\Debug\netcoreapp3.1\NUnitTestProject.dll" adapterTypeName="executor://nunit3testexecutor/" className="NUnitTestProject.CurrencyHelperTests" name="FormatToStringTest100(45035.160883881224d,&quot;45035.16 zł&quot;)" />
    </UnitTest>
    <UnitTest name="FormatToStringTest100(18990.72499258012d,&quot;18990.72 zł&quot;)" storage="c:\projekty\nunittestproject\bin\debug\netcoreapp3.1\nunittestproject.dll" id="e2700cee-eb5b-94db-dadd-a33ff5cf6ee6">
      <Execution id="878d738a-6cd2-46cc-b172-c10d74c4d104" />
      <TestMethod codeBase="C:\Projekty\NUnitTestProject\bin\Debug\netcoreapp3.1\NUnitTestProject.dll" adapterTypeName="executor://nunit3testexecutor/" className="NUnitTestProject.CurrencyHelperTests" name="FormatToStringTest100(18990.72499258012d,&quot;18990.72 zł&quot;)" />
    </UnitTest>
    <UnitTest name="FormatToStringTest100(16986.338876065027d,&quot;16986.34 zł&quot;)" storage="c:\projekty\nunittestproject\bin\debug\netcoreapp3.1\nunittestproject.dll" id="df63a8e8-b664-17f1-364e-31895b9a1463">
      <Execution id="9cf509b6-125c-41a8-8e03-9c7f29d2e446" />
      <TestMethod codeBase="C:\Projekty\NUnitTestProject\bin\Debug\netcoreapp3.1\NUnitTestProject.dll" adapterTypeName="executor://nunit3testexecutor/" className="NUnitTestProject.CurrencyHelperTests" name="FormatToStringTest100(16986.338876065027d,&quot;16986.34 zł&quot;)" />
    </UnitTest>
    <UnitTest name="FormatToStringTest100(22666.13578912995d,&quot;22666.14 zł&quot;)" storage="c:\projekty\nunittestproject\bin\debug\netcoreapp3.1\nunittestproject.dll" id="b69457d8-d004-7265-0ffe-f1f1b36f446a">
      <Execution id="7b1bad3c-71fe-4573-bcf8-b38e006c550e" />
      <TestMethod codeBase="C:\Projekty\NUnitTestProject\bin\Debug\netcoreapp3.1\NUnitTestProject.dll" adapterTypeName="executor://nunit3testexecutor/" className="NUnitTestProject.CurrencyHelperTests" name="FormatToStringTest100(22666.13578912995d,&quot;22666.14 zł&quot;)" />
    </UnitTest>
    <UnitTest name="FormatToStringTest100(6958.393354767186d,&quot;6958.39 zł&quot;)" storage="c:\projekty\nunittestproject\bin\debug\netcoreapp3.1\nunittestproject.dll" id="17a04856-0f1c-ab7a-1a01-1d07ebf4dd98">
      <Execution id="99349175-4706-4cd2-ae10-2b7b2e42a926" />
      <TestMethod codeBase="C:\Projekty\NUnitTestProject\bin\Debug\netcoreapp3.1\NUnitTestProject.dll" adapterTypeName="executor://nunit3testexecutor/" className="NUnitTestProject.CurrencyHelperTests" name="FormatToStringTest100(6958.393354767186d,&quot;6958.39 zł&quot;)" />
    </UnitTest>
    <UnitTest name="FormatToStringTest100(7124.979180760672d,&quot;7124.98 zł&quot;)" storage="c:\projekty\nunittestproject\bin\debug\netcoreapp3.1\nunittestproject.dll" id="6e6925d1-75e5-a13f-cd68-43233a607f3d">
      <Execution id="3573d641-3211-4541-9302-e989e1c3319e" />
      <TestMethod codeBase="C:\Projekty\NUnitTestProject\bin\Debug\netcoreapp3.1\NUnitTestProject.dll" adapterTypeName="executor://nunit3testexecutor/" className="NUnitTestProject.CurrencyHelperTests" name="FormatToStringTest100(7124.979180760672d,&quot;7124.98 zł&quot;)" />
    </UnitTest>
    <UnitTest name="FormatToStringTest100(78822.37212685234d,&quot;78822.37 zł&quot;)" storage="c:\projekty\nunittestproject\bin\debug\netcoreapp3.1\nunittestproject.dll" id="b1eb6943-1b02-4d9c-02f3-a7fb091a5c55">
      <Execution id="c2e4f478-83a3-4b0d-a571-e747580092b2" />
      <TestMethod codeBase="C:\Projekty\NUnitTestProject\bin\Debug\netcoreapp3.1\NUnitTestProject.dll" adapterTypeName="executor://nunit3testexecutor/" className="NUnitTestProject.CurrencyHelperTests" name="FormatToStringTest100(78822.37212685234d,&quot;78822.37 zł&quot;)" />
    </UnitTest>
    <UnitTest name="FormatToStringTest100(96.75594581512546d,&quot;96.76 zł&quot;)" storage="c:\projekty\nunittestproject\bin\debug\netcoreapp3.1\nunittestproject.dll" id="97add3a7-18d1-8ae3-a700-3b9a6e54f2a9">
      <Execution id="4c65b50e-0216-4be7-ad0d-b7f4dc617bfa" />
      <TestMethod codeBase="C:\Projekty\NUnitTestProject\bin\Debug\netcoreapp3.1\NUnitTestProject.dll" adapterTypeName="executor://nunit3testexecutor/" className="NUnitTestProject.CurrencyHelperTests" name="FormatToStringTest100(96.75594581512546d,&quot;96.76 zł&quot;)" />
    </UnitTest>
    <UnitTest name="FormatToStringTest100(32216.686763396807d,&quot;32216.69 zł&quot;)" storage="c:\projekty\nunittestproject\bin\debug\netcoreapp3.1\nunittestproject.dll" id="f1f7b0d5-822c-33e5-b9ff-f30531705ff1">
      <Execution id="fb4b04b4-2790-4663-a35e-ac873617046a" />
      <TestMethod codeBase="C:\Projekty\NUnitTestProject\bin\Debug\netcoreapp3.1\NUnitTestProject.dll" adapterTypeName="executor://nunit3testexecutor/" className="NUnitTestProject.CurrencyHelperTests" name="FormatToStringTest100(32216.686763396807d,&quot;32216.69 zł&quot;)" />
    </UnitTest>
    <UnitTest name="FormatToStringTest100(1614.2516601789982d,&quot;1614.25 zł&quot;)" storage="c:\projekty\nunittestproject\bin\debug\netcoreapp3.1\nunittestproject.dll" id="02c02901-0347-558c-6501-8babfd6a6a4a">
      <Execution id="aaac50e3-952a-4423-b4c2-7a009d369742" />
      <TestMethod codeBase="C:\Projekty\NUnitTestProject\bin\Debug\netcoreapp3.1\NUnitTestProject.dll" adapterTypeName="executor://nunit3testexecutor/" className="NUnitTestProject.CurrencyHelperTests" name="FormatToStringTest100(1614.2516601789982d,&quot;1614.25 zł&quot;)" />
    </UnitTest>
    <UnitTest name="FormatToStringTest100(75350.77330865282d,&quot;75350.77 zł&quot;)" storage="c:\projekty\nunittestproject\bin\debug\netcoreapp3.1\nunittestproject.dll" id="8e900221-d77a-d627-361c-9ca1a5beba60">
      <Execution id="88bc3561-9cec-4248-b518-faa6a105179b" />
      <TestMethod codeBase="C:\Projekty\NUnitTestProject\bin\Debug\netcoreapp3.1\NUnitTestProject.dll" adapterTypeName="executor://nunit3testexecutor/" className="NUnitTestProject.CurrencyHelperTests" name="FormatToStringTest100(75350.77330865282d,&quot;75350.77 zł&quot;)" />
    </UnitTest>
    <UnitTest name="FormatToStringTest100(726.8087564975995d,&quot;726.81 zł&quot;)" storage="c:\projekty\nunittestproject\bin\debug\netcoreapp3.1\nunittestproject.dll" id="9ea4a98e-a00d-a47e-d475-c2b7e3bc350d">
      <Execution id="5c84216a-dd72-41d8-b585-18d6332a290a" />
      <TestMethod codeBase="C:\Projekty\NUnitTestProject\bin\Debug\netcoreapp3.1\NUnitTestProject.dll" adapterTypeName="executor://nunit3testexecutor/" className="NUnitTestProject.CurrencyHelperTests" name="FormatToStringTest100(726.8087564975995d,&quot;726.81 zł&quot;)" />
    </UnitTest>
    <UnitTest name="FormatToStringTest100(62975.496334776515d,&quot;62975.50 zł&quot;)" storage="c:\projekty\nunittestproject\bin\debug\netcoreapp3.1\nunittestproject.dll" id="e25a10b5-5264-4837-7f5e-e77f0fe36b19">
      <Execution id="40b41122-55ba-41e4-af61-708bf1f452e2" />
      <TestMethod codeBase="C:\Projekty\NUnitTestProject\bin\Debug\netcoreapp3.1\NUnitTestProject.dll" adapterTypeName="executor://nunit3testexecutor/" className="NUnitTestProject.CurrencyHelperTests" name="FormatToStringTest100(62975.496334776515d,&quot;62975.50 zł&quot;)" />
    </UnitTest>
    <UnitTest name="FormatToStringTest100(10268.547802396373d,&quot;10268.55 zł&quot;)" storage="c:\projekty\nunittestproject\bin\debug\netcoreapp3.1\nunittestproject.dll" id="8a579aef-fa33-44e5-d72c-f84816f89dda">
      <Execution id="6cb65b0f-b2a0-44cf-baf7-4728d2c19886" />
      <TestMethod codeBase="C:\Projekty\NUnitTestProject\bin\Debug\netcoreapp3.1\NUnitTestProject.dll" adapterTypeName="executor://nunit3testexecutor/" className="NUnitTestProject.CurrencyHelperTests" name="FormatToStringTest100(10268.547802396373d,&quot;10268.55 zł&quot;)" />
    </UnitTest>
    <UnitTest name="FormatToStringTest100(19541.10539777116d,&quot;19541.11 zł&quot;)" storage="c:\projekty\nunittestproject\bin\debug\netcoreapp3.1\nunittestproject.dll" id="60c34650-73c3-1462-40f1-f8603816957f">
      <Execution id="dad0711b-a6d8-40e3-9f56-a09b27c323a3" />
      <TestMethod codeBase="C:\Projekty\NUnitTestProject\bin\Debug\netcoreapp3.1\NUnitTestProject.dll" adapterTypeName="executor://nunit3testexecutor/" className="NUnitTestProject.CurrencyHelperTests" name="FormatToStringTest100(19541.10539777116d,&quot;19541.11 zł&quot;)" />
    </UnitTest>
    <UnitTest name="FormatToStringTest100(15566.957545477411d,&quot;15566.96 zł&quot;)" storage="c:\projekty\nunittestproject\bin\debug\netcoreapp3.1\nunittestproject.dll" id="a4552a20-90c6-da36-cd4c-fbcb6268dcde">
      <Execution id="6df2de00-edcb-4921-b6fc-ccfa5dc536d0" />
      <TestMethod codeBase="C:\Projekty\NUnitTestProject\bin\Debug\netcoreapp3.1\NUnitTestProject.dll" adapterTypeName="executor://nunit3testexecutor/" className="NUnitTestProject.CurrencyHelperTests" name="FormatToStringTest100(15566.957545477411d,&quot;15566.96 zł&quot;)" />
    </UnitTest>
    <UnitTest name="FormatToStringTest100(28072.424637532058d,&quot;28072.42 zł&quot;)" storage="c:\projekty\nunittestproject\bin\debug\netcoreapp3.1\nunittestproject.dll" id="86b8941d-d36c-06dd-c905-fa6d7a4013e5">
      <Execution id="f7086b09-51ee-439b-b8d5-c92f198324db" />
      <TestMethod codeBase="C:\Projekty\NUnitTestProject\bin\Debug\netcoreapp3.1\NUnitTestProject.dll" adapterTypeName="executor://nunit3testexecutor/" className="NUnitTestProject.CurrencyHelperTests" name="FormatToStringTest100(28072.424637532058d,&quot;28072.42 zł&quot;)" />
    </UnitTest>
    <UnitTest name="FormatToStringTest100(5396.620088554277d,&quot;5396.62 zł&quot;)" storage="c:\projekty\nunittestproject\bin\debug\netcoreapp3.1\nunittestproject.dll" id="4e8ed588-d392-7511-ecc9-96da1857794d">
      <Execution id="09dc7d20-0bc3-4c46-a6ab-21de612215bf" />
      <TestMethod codeBase="C:\Projekty\NUnitTestProject\bin\Debug\netcoreapp3.1\NUnitTestProject.dll" adapterTypeName="executor://nunit3testexecutor/" className="NUnitTestProject.CurrencyHelperTests" name="FormatToStringTest100(5396.620088554277d,&quot;5396.62 zł&quot;)" />
    </UnitTest>
    <UnitTest name="FormatToStringTest100(45603.90324273142d,&quot;45603.90 zł&quot;)" storage="c:\projekty\nunittestproject\bin\debug\netcoreapp3.1\nunittestproject.dll" id="82558537-50ec-fc9d-a7b1-76091e0d2ecf">
      <Execution id="a19e2352-9389-4a05-89a1-179c25a77ea4" />
      <TestMethod codeBase="C:\Projekty\NUnitTestProject\bin\Debug\netcoreapp3.1\NUnitTestProject.dll" adapterTypeName="executor://nunit3testexecutor/" className="NUnitTestProject.CurrencyHelperTests" name="FormatToStringTest100(45603.90324273142d,&quot;45603.90 zł&quot;)" />
    </UnitTest>
    <UnitTest name="FormatToStringTest100(25990.318498101697d,&quot;25990.32 zł&quot;)" storage="c:\projekty\nunittestproject\bin\debug\netcoreapp3.1\nunittestproject.dll" id="dd1f1120-f5a5-11a0-4ecf-8df96d7fc7fd">
      <Execution id="f9f3a6c6-29d7-4199-9c03-14d3968b582e" />
      <TestMethod codeBase="C:\Projekty\NUnitTestProject\bin\Debug\netcoreapp3.1\NUnitTestProject.dll" adapterTypeName="executor://nunit3testexecutor/" className="NUnitTestProject.CurrencyHelperTests" name="FormatToStringTest100(25990.318498101697d,&quot;25990.32 zł&quot;)" />
    </UnitTest>
    <UnitTest name="FormatToStringTest100(2292.8331871111104d,&quot;2292.83 zł&quot;)" storage="c:\projekty\nunittestproject\bin\debug\netcoreapp3.1\nunittestproject.dll" id="993b2e32-0de1-26c2-5e33-6a1ad01eeb5e">
      <Execution id="31664d84-1c7c-484b-8976-282205790989" />
      <TestMethod codeBase="C:\Projekty\NUnitTestProject\bin\Debug\netcoreapp3.1\NUnitTestProject.dll" adapterTypeName="executor://nunit3testexecutor/" className="NUnitTestProject.CurrencyHelperTests" name="FormatToStringTest100(2292.8331871111104d,&quot;2292.83 zł&quot;)" />
    </UnitTest>
    <UnitTest name="FormatToStringTest100(41876.979471482795d,&quot;41876.98 zł&quot;)" storage="c:\projekty\nunittestproject\bin\debug\netcoreapp3.1\nunittestproject.dll" id="efa0c9dd-5dae-4bc5-1d88-8059c0fedffd">
      <Execution id="0ca23af8-4b8b-4457-87c8-42ebc1e1a45b" />
      <TestMethod codeBase="C:\Projekty\NUnitTestProject\bin\Debug\netcoreapp3.1\NUnitTestProject.dll" adapterTypeName="executor://nunit3testexecutor/" className="NUnitTestProject.CurrencyHelperTests" name="FormatToStringTest100(41876.979471482795d,&quot;41876.98 zł&quot;)" />
    </UnitTest>
    <UnitTest name="FormatToStringTest100(26515.80237687929d,&quot;26515.80 zł&quot;)" storage="c:\projekty\nunittestproject\bin\debug\netcoreapp3.1\nunittestproject.dll" id="d7c99ac8-861f-2067-8f65-8717ab2b5eb2">
      <Execution id="609fead2-893d-4df0-b0dd-f884aa297c22" />
      <TestMethod codeBase="C:\Projekty\NUnitTestProject\bin\Debug\netcoreapp3.1\NUnitTestProject.dll" adapterTypeName="executor://nunit3testexecutor/" className="NUnitTestProject.CurrencyHelperTests" name="FormatToStringTest100(26515.80237687929d,&quot;26515.80 zł&quot;)" />
    </UnitTest>
    <UnitTest name="FormatToStringTest100(64210.358316209335d,&quot;64210.36 zł&quot;)" storage="c:\projekty\nunittestproject\bin\debug\netcoreapp3.1\nunittestproject.dll" id="2877141a-aa4d-178b-dc9f-3b49cd88281f">
      <Execution id="b0aaac1b-a287-4d2d-9cba-0e6147831601" />
      <TestMethod codeBase="C:\Projekty\NUnitTestProject\bin\Debug\netcoreapp3.1\NUnitTestProject.dll" adapterTypeName="executor://nunit3testexecutor/" className="NUnitTestProject.CurrencyHelperTests" name="FormatToStringTest100(64210.358316209335d,&quot;64210.36 zł&quot;)" />
    </UnitTest>
    <UnitTest name="FormatToStringTest100(31290.71396233687d,&quot;31290.71 zł&quot;)" storage="c:\projekty\nunittestproject\bin\debug\netcoreapp3.1\nunittestproject.dll" id="7423707e-221b-8128-5158-18f9b4198629">
      <Execution id="a32fae90-aa3f-4166-b2c6-4299ed2e7528" />
      <TestMethod codeBase="C:\Projekty\NUnitTestProject\bin\Debug\netcoreapp3.1\NUnitTestProject.dll" adapterTypeName="executor://nunit3testexecutor/" className="NUnitTestProject.CurrencyHelperTests" name="FormatToStringTest100(31290.71396233687d,&quot;31290.71 zł&quot;)" />
    </UnitTest>
    <UnitTest name="FormatToStringTest100(40857.08543233996d,&quot;40857.09 zł&quot;)" storage="c:\projekty\nunittestproject\bin\debug\netcoreapp3.1\nunittestproject.dll" id="71b6d7a3-741f-e1f8-1593-52351d6b5171">
      <Execution id="e111f3bc-fa16-4581-98fe-d9b017d52928" />
      <TestMethod codeBase="C:\Projekty\NUnitTestProject\bin\Debug\netcoreapp3.1\NUnitTestProject.dll" adapterTypeName="executor://nunit3testexecutor/" className="NUnitTestProject.CurrencyHelperTests" name="FormatToStringTest100(40857.08543233996d,&quot;40857.09 zł&quot;)" />
    </UnitTest>
    <UnitTest name="FormatToStringTest100(1108.7197928823157d,&quot;1108.72 zł&quot;)" storage="c:\projekty\nunittestproject\bin\debug\netcoreapp3.1\nunittestproject.dll" id="bab29e16-7181-0c35-50c9-4bfc6868cc06">
      <Execution id="7b61115b-7f01-4a9a-a009-49209c9e2d45" />
      <TestMethod codeBase="C:\Projekty\NUnitTestProject\bin\Debug\netcoreapp3.1\NUnitTestProject.dll" adapterTypeName="executor://nunit3testexecutor/" className="NUnitTestProject.CurrencyHelperTests" name="FormatToStringTest100(1108.7197928823157d,&quot;1108.72 zł&quot;)" />
    </UnitTest>
    <UnitTest name="FormatToStringTest100(74514.06270644537d,&quot;74514.06 zł&quot;)" storage="c:\projekty\nunittestproject\bin\debug\netcoreapp3.1\nunittestproject.dll" id="6b89659b-5dc5-b05c-ce48-871e20f8abd3">
      <Execution id="f5189496-e3b1-47a3-b832-bffdf39c16a4" />
      <TestMethod codeBase="C:\Projekty\NUnitTestProject\bin\Debug\netcoreapp3.1\NUnitTestProject.dll" adapterTypeName="executor://nunit3testexecutor/" className="NUnitTestProject.CurrencyHelperTests" name="FormatToStringTest100(74514.06270644537d,&quot;74514.06 zł&quot;)" />
    </UnitTest>
    <UnitTest name="FormatToStringTest100(10914.360814625099d,&quot;10914.36 zł&quot;)" storage="c:\projekty\nunittestproject\bin\debug\netcoreapp3.1\nunittestproject.dll" id="cb578742-c7f5-996b-5acf-564c542733c1">
      <Execution id="9d99ddba-b45b-4e0e-ab03-e68b26e7f78d" />
      <TestMethod codeBase="C:\Projekty\NUnitTestProject\bin\Debug\netcoreapp3.1\NUnitTestProject.dll" adapterTypeName="executor://nunit3testexecutor/" className="NUnitTestProject.CurrencyHelperTests" name="FormatToStringTest100(10914.360814625099d,&quot;10914.36 zł&quot;)" />
    </UnitTest>
    <UnitTest name="FormatToStringTest100(50339.31259969497d,&quot;50339.31 zł&quot;)" storage="c:\projekty\nunittestproject\bin\debug\netcoreapp3.1\nunittestproject.dll" id="f95d03e5-c6a6-a1ee-d69f-d2e7ee2d48f8">
      <Execution id="3afb0231-efe9-487b-80a5-7c292ccffb5c" />
      <TestMethod codeBase="C:\Projekty\NUnitTestProject\bin\Debug\netcoreapp3.1\NUnitTestProject.dll" adapterTypeName="executor://nunit3testexecutor/" className="NUnitTestProject.CurrencyHelperTests" name="FormatToStringTest100(50339.31259969497d,&quot;50339.31 zł&quot;)" />
    </UnitTest>
    <UnitTest name="FormatToStringTest100(14172.682747822573d,&quot;14172.68 zł&quot;)" storage="c:\projekty\nunittestproject\bin\debug\netcoreapp3.1\nunittestproject.dll" id="94b82bc3-613a-e2b4-455b-4b4df4f2d194">
      <Execution id="5f4b9ae8-8016-4ad8-af0d-c70bc60cced1" />
      <TestMethod codeBase="C:\Projekty\NUnitTestProject\bin\Debug\netcoreapp3.1\NUnitTestProject.dll" adapterTypeName="executor://nunit3testexecutor/" className="NUnitTestProject.CurrencyHelperTests" name="FormatToStringTest100(14172.682747822573d,&quot;14172.68 zł&quot;)" />
    </UnitTest>
    <UnitTest name="FormatToStringTest100(7458.609645228652d,&quot;7458.61 zł&quot;)" storage="c:\projekty\nunittestproject\bin\debug\netcoreapp3.1\nunittestproject.dll" id="b17f72a8-f991-8baf-d564-f4680aafed09">
      <Execution id="8a97fd78-8c77-4285-ad5d-63a2620d806c" />
      <TestMethod codeBase="C:\Projekty\NUnitTestProject\bin\Debug\netcoreapp3.1\NUnitTestProject.dll" adapterTypeName="executor://nunit3testexecutor/" className="NUnitTestProject.CurrencyHelperTests" name="FormatToStringTest100(7458.609645228652d,&quot;7458.61 zł&quot;)" />
    </UnitTest>
    <UnitTest name="FormatToStringTest100(8768.816937361293d,&quot;8768.82 zł&quot;)" storage="c:\projekty\nunittestproject\bin\debug\netcoreapp3.1\nunittestproject.dll" id="167bd640-ca8a-be35-54d9-c9d535f6b8a9">
      <Execution id="4ab3d0a1-ec06-4838-8532-9a40d269de96" />
      <TestMethod codeBase="C:\Projekty\NUnitTestProject\bin\Debug\netcoreapp3.1\NUnitTestProject.dll" adapterTypeName="executor://nunit3testexecutor/" className="NUnitTestProject.CurrencyHelperTests" name="FormatToStringTest100(8768.816937361293d,&quot;8768.82 zł&quot;)" />
    </UnitTest>
    <UnitTest name="FormatToStringTest100(1208.1827589441941d,&quot;1208.18 zł&quot;)" storage="c:\projekty\nunittestproject\bin\debug\netcoreapp3.1\nunittestproject.dll" id="b874febd-2abb-b5bf-4874-36453bfcf028">
      <Execution id="9133a521-6c86-4a7c-bc35-1586d56bc9ab" />
      <TestMethod codeBase="C:\Projekty\NUnitTestProject\bin\Debug\netcoreapp3.1\NUnitTestProject.dll" adapterTypeName="executor://nunit3testexecutor/" className="NUnitTestProject.CurrencyHelperTests" name="FormatToStringTest100(1208.1827589441941d,&quot;1208.18 zł&quot;)" />
    </UnitTest>
    <UnitTest name="FormatToStringTest100(52810.91713865516d,&quot;52810.92 zł&quot;)" storage="c:\projekty\nunittestproject\bin\debug\netcoreapp3.1\nunittestproject.dll" id="50b2ab98-8300-86f7-cec9-4d0f5d9f3400">
      <Execution id="51b23a7d-7722-40af-bb7c-a77ac54a8a04" />
      <TestMethod codeBase="C:\Projekty\NUnitTestProject\bin\Debug\netcoreapp3.1\NUnitTestProject.dll" adapterTypeName="executor://nunit3testexecutor/" className="NUnitTestProject.CurrencyHelperTests" name="FormatToStringTest100(52810.91713865516d,&quot;52810.92 zł&quot;)" />
    </UnitTest>
    <UnitTest name="FormatToStringTest100(591.2110872302256d,&quot;591.21 zł&quot;)" storage="c:\projekty\nunittestproject\bin\debug\netcoreapp3.1\nunittestproject.dll" id="25a5f880-4d24-d3c7-abcb-2dee8483e02e">
      <Execution id="534e0aa1-716c-4422-924c-4763013dd961" />
      <TestMethod codeBase="C:\Projekty\NUnitTestProject\bin\Debug\netcoreapp3.1\NUnitTestProject.dll" adapterTypeName="executor://nunit3testexecutor/" className="NUnitTestProject.CurrencyHelperTests" name="FormatToStringTest100(591.2110872302256d,&quot;591.21 zł&quot;)" />
    </UnitTest>
    <UnitTest name="FormatToStringTest100(740.3213011405064d,&quot;740.32 zł&quot;)" storage="c:\projekty\nunittestproject\bin\debug\netcoreapp3.1\nunittestproject.dll" id="ca1d016a-03df-8541-a82d-e65f358d218a">
      <Execution id="70cb8d6c-ba35-49b4-8c2a-5b9e8a1a954c" />
      <TestMethod codeBase="C:\Projekty\NUnitTestProject\bin\Debug\netcoreapp3.1\NUnitTestProject.dll" adapterTypeName="executor://nunit3testexecutor/" className="NUnitTestProject.CurrencyHelperTests" name="FormatToStringTest100(740.3213011405064d,&quot;740.32 zł&quot;)" />
    </UnitTest>
    <UnitTest name="FormatToStringTest100(37589.670531794276d,&quot;37589.67 zł&quot;)" storage="c:\projekty\nunittestproject\bin\debug\netcoreapp3.1\nunittestproject.dll" id="0441a484-8788-b6be-6f48-c9fcdc14bb9b">
      <Execution id="5d8ba7cc-7cb9-4c80-b8df-aef95779559b" />
      <TestMethod codeBase="C:\Projekty\NUnitTestProject\bin\Debug\netcoreapp3.1\NUnitTestProject.dll" adapterTypeName="executor://nunit3testexecutor/" className="NUnitTestProject.CurrencyHelperTests" name="FormatToStringTest100(37589.670531794276d,&quot;37589.67 zł&quot;)" />
    </UnitTest>
    <UnitTest name="FormatToStringTest100(468.83385119346616d,&quot;468.83 zł&quot;)" storage="c:\projekty\nunittestproject\bin\debug\netcoreapp3.1\nunittestproject.dll" id="654a56d0-2fdd-75b4-3dfc-159238275382">
      <Execution id="cc857c0e-f437-4664-8afe-d60116aa8729" />
      <TestMethod codeBase="C:\Projekty\NUnitTestProject\bin\Debug\netcoreapp3.1\NUnitTestProject.dll" adapterTypeName="executor://nunit3testexecutor/" className="NUnitTestProject.CurrencyHelperTests" name="FormatToStringTest100(468.83385119346616d,&quot;468.83 zł&quot;)" />
    </UnitTest>
    <UnitTest name="FormatToStringTest100(11100.829211263372d,&quot;11100.83 zł&quot;)" storage="c:\projekty\nunittestproject\bin\debug\netcoreapp3.1\nunittestproject.dll" id="bc60038d-a8ea-2e7f-26de-80f8d367bef6">
      <Execution id="362e5cff-06c1-4128-8a88-68a6f47506a6" />
      <TestMethod codeBase="C:\Projekty\NUnitTestProject\bin\Debug\netcoreapp3.1\NUnitTestProject.dll" adapterTypeName="executor://nunit3testexecutor/" className="NUnitTestProject.CurrencyHelperTests" name="FormatToStringTest100(11100.829211263372d,&quot;11100.83 zł&quot;)" />
    </UnitTest>
    <UnitTest name="FormatToStringTest100(286.92120604539343d,&quot;286.92 zł&quot;)" storage="c:\projekty\nunittestproject\bin\debug\netcoreapp3.1\nunittestproject.dll" id="854d51c5-41df-4ddb-a8da-54b20e306485">
      <Execution id="ba4baea8-bd9e-4eda-b7ce-d89534111624" />
      <TestMethod codeBase="C:\Projekty\NUnitTestProject\bin\Debug\netcoreapp3.1\NUnitTestProject.dll" adapterTypeName="executor://nunit3testexecutor/" className="NUnitTestProject.CurrencyHelperTests" name="FormatToStringTest100(286.92120604539343d,&quot;286.92 zł&quot;)" />
    </UnitTest>
    <UnitTest name="FormatToStringTest100(317.9090540706688d,&quot;317.91 zł&quot;)" storage="c:\projekty\nunittestproject\bin\debug\netcoreapp3.1\nunittestproject.dll" id="056a4908-08a5-5e22-9551-e77f68ab63c4">
      <Execution id="ed791f79-e286-4c23-ae5e-731784037256" />
      <TestMethod codeBase="C:\Projekty\NUnitTestProject\bin\Debug\netcoreapp3.1\NUnitTestProject.dll" adapterTypeName="executor://nunit3testexecutor/" className="NUnitTestProject.CurrencyHelperTests" name="FormatToStringTest100(317.9090540706688d,&quot;317.91 zł&quot;)" />
    </UnitTest>
    <UnitTest name="FormatToStringTest100(1741.3334432818617d,&quot;1741.33 zł&quot;)" storage="c:\projekty\nunittestproject\bin\debug\netcoreapp3.1\nunittestproject.dll" id="a9227eb6-41f1-9ad5-6a50-0ab740c4f5fb">
      <Execution id="e2ef27d7-6ae9-4142-a7c4-d72d9d65e0ac" />
      <TestMethod codeBase="C:\Projekty\NUnitTestProject\bin\Debug\netcoreapp3.1\NUnitTestProject.dll" adapterTypeName="executor://nunit3testexecutor/" className="NUnitTestProject.CurrencyHelperTests" name="FormatToStringTest100(1741.3334432818617d,&quot;1741.33 zł&quot;)" />
    </UnitTest>
    <UnitTest name="FormatToStringTest100(32218.080508120394d,&quot;32218.08 zł&quot;)" storage="c:\projekty\nunittestproject\bin\debug\netcoreapp3.1\nunittestproject.dll" id="919092dd-bc49-4953-66e1-76b0c6a86bdb">
      <Execution id="d2ff45ac-78c3-41c3-8174-c53ae888a7fc" />
      <TestMethod codeBase="C:\Projekty\NUnitTestProject\bin\Debug\netcoreapp3.1\NUnitTestProject.dll" adapterTypeName="executor://nunit3testexecutor/" className="NUnitTestProject.CurrencyHelperTests" name="FormatToStringTest100(32218.080508120394d,&quot;32218.08 zł&quot;)" />
    </UnitTest>
    <UnitTest name="FormatToStringTest100(11912.404131636213d,&quot;11912.40 zł&quot;)" storage="c:\projekty\nunittestproject\bin\debug\netcoreapp3.1\nunittestproject.dll" id="7a40da4c-a8ed-5ba2-92a2-9e17ac14a245">
      <Execution id="d3f85a3b-5f3f-4d46-b66f-471653e37505" />
      <TestMethod codeBase="C:\Projekty\NUnitTestProject\bin\Debug\netcoreapp3.1\NUnitTestProject.dll" adapterTypeName="executor://nunit3testexecutor/" className="NUnitTestProject.CurrencyHelperTests" name="FormatToStringTest100(11912.404131636213d,&quot;11912.40 zł&quot;)" />
    </UnitTest>
    <UnitTest name="FormatToStringTest100(16383.352881839199d,&quot;16383.35 zł&quot;)" storage="c:\projekty\nunittestproject\bin\debug\netcoreapp3.1\nunittestproject.dll" id="2f67a78a-f7c8-6103-2444-bea417ee54f9">
      <Execution id="e53eaa3d-2d7b-42a2-9f1c-366b78c6459c" />
      <TestMethod codeBase="C:\Projekty\NUnitTestProject\bin\Debug\netcoreapp3.1\NUnitTestProject.dll" adapterTypeName="executor://nunit3testexecutor/" className="NUnitTestProject.CurrencyHelperTests" name="FormatToStringTest100(16383.352881839199d,&quot;16383.35 zł&quot;)" />
    </UnitTest>
    <UnitTest name="FormatToStringTest100(6864.093052674129d,&quot;6864.09 zł&quot;)" storage="c:\projekty\nunittestproject\bin\debug\netcoreapp3.1\nunittestproject.dll" id="6dee8ad4-8dd7-b599-f13a-d5781734769f">
      <Execution id="d68dc8fc-0a89-4ae3-8749-8bdd51564443" />
      <TestMethod codeBase="C:\Projekty\NUnitTestProject\bin\Debug\netcoreapp3.1\NUnitTestProject.dll" adapterTypeName="executor://nunit3testexecutor/" className="NUnitTestProject.CurrencyHelperTests" name="FormatToStringTest100(6864.093052674129d,&quot;6864.09 zł&quot;)" />
    </UnitTest>
  </TestDefinitions>
  <TestEntries>
    <TestEntry testId="94b82bc3-613a-e2b4-455b-4b4df4f2d194" executionId="5f4b9ae8-8016-4ad8-af0d-c70bc60cced1" testListId="8c84fa94-04c1-424b-9868-57a2d4851a1d" />
    <TestEntry testId="74cd5e35-cf5d-a7eb-ff81-196bcb803f0c" executionId="cbc9d604-67d5-4c0a-86f2-e80af9102ba5" testListId="8c84fa94-04c1-424b-9868-57a2d4851a1d" />
    <TestEntry testId="2f08def2-23e6-739d-cc7a-7a09510b67ea" executionId="45819ee5-7038-43f8-85d8-31e8a7908a4c" testListId="8c84fa94-04c1-424b-9868-57a2d4851a1d" />
    <TestEntry testId="642d2869-679c-7098-495e-642b3c4d783b" executionId="edaa8ee2-b7ee-4b2c-8c89-33f2273e89b7" testListId="8c84fa94-04c1-424b-9868-57a2d4851a1d" />
    <TestEntry testId="44373e51-799e-3e94-36f6-61e7eb361bdd" executionId="754422c8-30b0-4eea-ab78-f86b17fe7f8d" testListId="8c84fa94-04c1-424b-9868-57a2d4851a1d" />
    <TestEntry testId="8a579aef-fa33-44e5-d72c-f84816f89dda" executionId="6cb65b0f-b2a0-44cf-baf7-4728d2c19886" testListId="8c84fa94-04c1-424b-9868-57a2d4851a1d" />
    <TestEntry testId="6ae5af13-f172-7ae6-9d14-b0b6b031899f" executionId="0db2b7a1-0045-49eb-ac09-eaf5e4b213a9" testListId="8c84fa94-04c1-424b-9868-57a2d4851a1d" />
    <TestEntry testId="a0940c02-10c2-a2ca-c99e-b2f24d99f98d" executionId="4c18a416-43ed-4d8d-95cf-c5f1c39a4fef" testListId="8c84fa94-04c1-424b-9868-57a2d4851a1d" />
    <TestEntry testId="97add3a7-18d1-8ae3-a700-3b9a6e54f2a9" executionId="4c65b50e-0216-4be7-ad0d-b7f4dc617bfa" testListId="8c84fa94-04c1-424b-9868-57a2d4851a1d" />
    <TestEntry testId="e2700cee-eb5b-94db-dadd-a33ff5cf6ee6" executionId="878d738a-6cd2-46cc-b172-c10d74c4d104" testListId="8c84fa94-04c1-424b-9868-57a2d4851a1d" />
    <TestEntry testId="2467c68f-1bc3-bd85-8310-dd76e33eebec" executionId="a5eb66ac-a427-420e-80cf-3e21ee375824" testListId="8c84fa94-04c1-424b-9868-57a2d4851a1d" />
    <TestEntry testId="710c032e-d39d-8d3b-a713-86e049d87044" executionId="430f3877-91cc-417e-b194-7938f68d0a2e" testListId="8c84fa94-04c1-424b-9868-57a2d4851a1d" />
    <TestEntry testId="7b5657d1-871c-22e2-8b58-1e4af740074e" executionId="dcffaadc-9558-4e3d-aa3e-1e5f89fc248c" testListId="8c84fa94-04c1-424b-9868-57a2d4851a1d" />
    <TestEntry testId="df63a8e8-b664-17f1-364e-31895b9a1463" executionId="9cf509b6-125c-41a8-8e03-9c7f29d2e446" testListId="8c84fa94-04c1-424b-9868-57a2d4851a1d" />
    <TestEntry testId="d75012f1-d6f6-c8c8-6052-216572e6d09a" executionId="be161889-a759-4c20-950a-7150fa66f9ac" testListId="8c84fa94-04c1-424b-9868-57a2d4851a1d" />
    <TestEntry testId="55105f60-a252-8b4a-ee9e-f959f50461df" executionId="46be6686-16da-4d02-9fcd-5b6186a9388c" testListId="8c84fa94-04c1-424b-9868-57a2d4851a1d" />
    <TestEntry testId="50b2ab98-8300-86f7-cec9-4d0f5d9f3400" executionId="51b23a7d-7722-40af-bb7c-a77ac54a8a04" testListId="8c84fa94-04c1-424b-9868-57a2d4851a1d" />
    <TestEntry testId="8f7eaa04-9e7b-2fbd-6154-590301c05ba7" executionId="4dd49b6c-bc92-4da4-aa1a-8484e4207004" testListId="8c84fa94-04c1-424b-9868-57a2d4851a1d" />
    <TestEntry testId="17a04856-0f1c-ab7a-1a01-1d07ebf4dd98" executionId="99349175-4706-4cd2-ae10-2b7b2e42a926" testListId="8c84fa94-04c1-424b-9868-57a2d4851a1d" />
    <TestEntry testId="dd1f1120-f5a5-11a0-4ecf-8df96d7fc7fd" executionId="f9f3a6c6-29d7-4199-9c03-14d3968b582e" testListId="8c84fa94-04c1-424b-9868-57a2d4851a1d" />
    <TestEntry testId="4f9e6f5b-43a2-746f-e9ea-c62ab0b035f9" executionId="041b7e22-52c5-4242-b2c4-5521e6de03d7" testListId="8c84fa94-04c1-424b-9868-57a2d4851a1d" />
    <TestEntry testId="9ea4a98e-a00d-a47e-d475-c2b7e3bc350d" executionId="5c84216a-dd72-41d8-b585-18d6332a290a" testListId="8c84fa94-04c1-424b-9868-57a2d4851a1d" />
    <TestEntry testId="7f117d65-eaa4-3393-47ff-b5f2adc1ba26" executionId="18af684f-6219-449d-84a9-da136c285f70" testListId="8c84fa94-04c1-424b-9868-57a2d4851a1d" />
    <TestEntry testId="2877141a-aa4d-178b-dc9f-3b49cd88281f" executionId="b0aaac1b-a287-4d2d-9cba-0e6147831601" testListId="8c84fa94-04c1-424b-9868-57a2d4851a1d" />
    <TestEntry testId="7919cbdd-efef-77c6-b96b-a35d9751dc61" executionId="3c24b311-5daf-477f-86ae-420f8648a75b" testListId="8c84fa94-04c1-424b-9868-57a2d4851a1d" />
    <TestEntry testId="c5a97db9-c630-e39e-7e7c-43e80ae0249a" executionId="fea72846-ec54-479f-aa7f-c56b760bfb0f" testListId="8c84fa94-04c1-424b-9868-57a2d4851a1d" />
    <TestEntry testId="919092dd-bc49-4953-66e1-76b0c6a86bdb" executionId="d2ff45ac-78c3-41c3-8174-c53ae888a7fc" testListId="8c84fa94-04c1-424b-9868-57a2d4851a1d" />
    <TestEntry testId="4e8ed588-d392-7511-ecc9-96da1857794d" executionId="09dc7d20-0bc3-4c46-a6ab-21de612215bf" testListId="8c84fa94-04c1-424b-9868-57a2d4851a1d" />
    <TestEntry testId="7a40da4c-a8ed-5ba2-92a2-9e17ac14a245" executionId="d3f85a3b-5f3f-4d46-b66f-471653e37505" testListId="8c84fa94-04c1-424b-9868-57a2d4851a1d" />
    <TestEntry testId="c2636c45-ffae-32b8-cabd-dfdc2e3d89d2" executionId="d278de3c-e4f6-4fd9-8441-d605486aebb8" testListId="8c84fa94-04c1-424b-9868-57a2d4851a1d" />
    <TestEntry testId="bab29e16-7181-0c35-50c9-4bfc6868cc06" executionId="7b61115b-7f01-4a9a-a009-49209c9e2d45" testListId="8c84fa94-04c1-424b-9868-57a2d4851a1d" />
    <TestEntry testId="6e6925d1-75e5-a13f-cd68-43233a607f3d" executionId="3573d641-3211-4541-9302-e989e1c3319e" testListId="8c84fa94-04c1-424b-9868-57a2d4851a1d" />
    <TestEntry testId="40d78239-8f39-5058-3911-ca4c3976e207" executionId="71eb4e9e-7939-43f7-9ba9-09da7d72c00d" testListId="8c84fa94-04c1-424b-9868-57a2d4851a1d" />
    <TestEntry testId="73e4a8c3-f139-990a-bc9e-43cbdff15e01" executionId="5509b0df-ee1e-48f4-83f8-b87de7ddae95" testListId="8c84fa94-04c1-424b-9868-57a2d4851a1d" />
    <TestEntry testId="5979600d-d5d6-1c59-8a74-a8946a5412a6" executionId="966a1e89-06be-46ae-a8fd-8c48ab3bd07f" testListId="8c84fa94-04c1-424b-9868-57a2d4851a1d" />
    <TestEntry testId="d5607c40-0e03-cf87-1ac7-663c6c348c83" executionId="a4948055-727c-407b-9503-79e87b885bea" testListId="8c84fa94-04c1-424b-9868-57a2d4851a1d" />
    <TestEntry testId="b17f72a8-f991-8baf-d564-f4680aafed09" executionId="8a97fd78-8c77-4285-ad5d-63a2620d806c" testListId="8c84fa94-04c1-424b-9868-57a2d4851a1d" />
    <TestEntry testId="af58900a-c4df-19c1-aa0f-7bad2b6a33dc" executionId="8a7c3a2d-cd68-4bfd-98d4-0ac9d98870e2" testListId="8c84fa94-04c1-424b-9868-57a2d4851a1d" />
    <TestEntry testId="6dee8ad4-8dd7-b599-f13a-d5781734769f" executionId="d68dc8fc-0a89-4ae3-8749-8bdd51564443" testListId="8c84fa94-04c1-424b-9868-57a2d4851a1d" />
    <TestEntry testId="f95d03e5-c6a6-a1ee-d69f-d2e7ee2d48f8" executionId="3afb0231-efe9-487b-80a5-7c292ccffb5c" testListId="8c84fa94-04c1-424b-9868-57a2d4851a1d" />
    <TestEntry testId="02a2d8b6-604b-7623-31f1-22fa9c5dd6fb" executionId="69f7b578-3272-4d1b-a369-7fe63126de2f" testListId="8c84fa94-04c1-424b-9868-57a2d4851a1d" />
    <TestEntry testId="e25a10b5-5264-4837-7f5e-e77f0fe36b19" executionId="40b41122-55ba-41e4-af61-708bf1f452e2" testListId="8c84fa94-04c1-424b-9868-57a2d4851a1d" />
    <TestEntry testId="b1eb6943-1b02-4d9c-02f3-a7fb091a5c55" executionId="c2e4f478-83a3-4b0d-a571-e747580092b2" testListId="8c84fa94-04c1-424b-9868-57a2d4851a1d" />
    <TestEntry testId="efa0c9dd-5dae-4bc5-1d88-8059c0fedffd" executionId="0ca23af8-4b8b-4457-87c8-42ebc1e1a45b" testListId="8c84fa94-04c1-424b-9868-57a2d4851a1d" />
    <TestEntry testId="8939b7b8-ff81-63bf-70dc-08f29a6ce586" executionId="bbc27ef3-4cc5-4361-a579-10762711ebf0" testListId="8c84fa94-04c1-424b-9868-57a2d4851a1d" />
    <TestEntry testId="0441a484-8788-b6be-6f48-c9fcdc14bb9b" executionId="5d8ba7cc-7cb9-4c80-b8df-aef95779559b" testListId="8c84fa94-04c1-424b-9868-57a2d4851a1d" />
    <TestEntry testId="d7c99ac8-861f-2067-8f65-8717ab2b5eb2" executionId="609fead2-893d-4df0-b0dd-f884aa297c22" testListId="8c84fa94-04c1-424b-9868-57a2d4851a1d" />
    <TestEntry testId="38b31d6d-f852-2ebd-9634-fecf51566e90" executionId="07e82b75-1314-4d5b-835d-6a104819b019" testListId="8c84fa94-04c1-424b-9868-57a2d4851a1d" />
    <TestEntry testId="2f67a78a-f7c8-6103-2444-bea417ee54f9" executionId="e53eaa3d-2d7b-42a2-9f1c-366b78c6459c" testListId="8c84fa94-04c1-424b-9868-57a2d4851a1d" />
    <TestEntry testId="bb9f98f7-9d10-2bbf-0773-348287578945" executionId="5599744c-ba26-4116-91f8-661fd1ba82c1" testListId="8c84fa94-04c1-424b-9868-57a2d4851a1d" />
    <TestEntry testId="4ec0800c-e01f-aa73-19f1-180137b3dfdf" executionId="311ee189-4252-416f-8c26-23c58bd09a1b" testListId="8c84fa94-04c1-424b-9868-57a2d4851a1d" />
    <TestEntry testId="71b6d7a3-741f-e1f8-1593-52351d6b5171" executionId="e111f3bc-fa16-4581-98fe-d9b017d52928" testListId="8c84fa94-04c1-424b-9868-57a2d4851a1d" />
    <TestEntry testId="fb8758b6-fbc2-fee5-8fca-8577ec51ec3b" executionId="83c0b7b9-b38a-41a0-a5be-4367fff427fe" testListId="8c84fa94-04c1-424b-9868-57a2d4851a1d" />
    <TestEntry testId="993b2e32-0de1-26c2-5e33-6a1ad01eeb5e" executionId="31664d84-1c7c-484b-8976-282205790989" testListId="8c84fa94-04c1-424b-9868-57a2d4851a1d" />
    <TestEntry testId="60c34650-73c3-1462-40f1-f8603816957f" executionId="dad0711b-a6d8-40e3-9f56-a09b27c323a3" testListId="8c84fa94-04c1-424b-9868-57a2d4851a1d" />
    <TestEntry testId="056a4908-08a5-5e22-9551-e77f68ab63c4" executionId="ed791f79-e286-4c23-ae5e-731784037256" testListId="8c84fa94-04c1-424b-9868-57a2d4851a1d" />
    <TestEntry testId="a32e39cd-63bd-b948-c34d-2792a9ad523c" executionId="def75c2f-799a-4f56-9cf0-6e958bb0581d" testListId="8c84fa94-04c1-424b-9868-57a2d4851a1d" />
    <TestEntry testId="e36f3ecc-8033-228e-9e4e-38062b6e56ea" executionId="12ff791a-7648-4edd-8bf8-8c7998bbeca3" testListId="8c84fa94-04c1-424b-9868-57a2d4851a1d" />
    <TestEntry testId="82558537-50ec-fc9d-a7b1-76091e0d2ecf" executionId="a19e2352-9389-4a05-89a1-179c25a77ea4" testListId="8c84fa94-04c1-424b-9868-57a2d4851a1d" />
    <TestEntry testId="854d51c5-41df-4ddb-a8da-54b20e306485" executionId="ba4baea8-bd9e-4eda-b7ce-d89534111624" testListId="8c84fa94-04c1-424b-9868-57a2d4851a1d" />
    <TestEntry testId="da5ec1b9-c89d-ab82-b4aa-e3b444b3e081" executionId="7cc614fa-2231-4207-ad8d-2f49a9e38164" testListId="8c84fa94-04c1-424b-9868-57a2d4851a1d" />
    <TestEntry testId="a4552a20-90c6-da36-cd4c-fbcb6268dcde" executionId="6df2de00-edcb-4921-b6fc-ccfa5dc536d0" testListId="8c84fa94-04c1-424b-9868-57a2d4851a1d" />
    <TestEntry testId="a9227eb6-41f1-9ad5-6a50-0ab740c4f5fb" executionId="e2ef27d7-6ae9-4142-a7c4-d72d9d65e0ac" testListId="8c84fa94-04c1-424b-9868-57a2d4851a1d" />
    <TestEntry testId="d07b46f4-88eb-bfa4-6fe4-d6ba0c12fe8f" executionId="ed4f2af7-8e52-483e-b0ec-8ff7cc26c171" testListId="8c84fa94-04c1-424b-9868-57a2d4851a1d" />
    <TestEntry testId="f914ee86-c2ad-95a7-e682-fa878f9f31a5" executionId="837eac87-2d32-4c06-a81f-4d2938d4369a" testListId="8c84fa94-04c1-424b-9868-57a2d4851a1d" />
    <TestEntry testId="bc60038d-a8ea-2e7f-26de-80f8d367bef6" executionId="362e5cff-06c1-4128-8a88-68a6f47506a6" testListId="8c84fa94-04c1-424b-9868-57a2d4851a1d" />
    <TestEntry testId="02c02901-0347-558c-6501-8babfd6a6a4a" executionId="aaac50e3-952a-4423-b4c2-7a009d369742" testListId="8c84fa94-04c1-424b-9868-57a2d4851a1d" />
    <TestEntry testId="d0a6cf86-cfdd-0432-5d16-67b34f44bcfa" executionId="26459352-9370-49b0-a6cc-61f398586a10" testListId="8c84fa94-04c1-424b-9868-57a2d4851a1d" />
    <TestEntry testId="7423707e-221b-8128-5158-18f9b4198629" executionId="a32fae90-aa3f-4166-b2c6-4299ed2e7528" testListId="8c84fa94-04c1-424b-9868-57a2d4851a1d" />
    <TestEntry testId="68684c63-5f16-5756-6180-2b0b9df43ad7" executionId="ac581d6a-65c0-496c-a1da-f13369ed0ad5" testListId="8c84fa94-04c1-424b-9868-57a2d4851a1d" />
    <TestEntry testId="4a85d0e2-7867-4a37-3a69-cfba3fa4e599" executionId="650f3dfa-34b4-4799-bdab-d585570dec5d" testListId="8c84fa94-04c1-424b-9868-57a2d4851a1d" />
    <TestEntry testId="7f364af7-1a4c-2e9e-a4ab-c96e4d59ad29" executionId="1cd852e5-43c1-4b99-9ae5-d66b3ffbd742" testListId="8c84fa94-04c1-424b-9868-57a2d4851a1d" />
    <TestEntry testId="a3a62b11-2538-ecb1-962d-5432f1e041eb" executionId="3fc45484-76ae-44f7-be29-475fd4d59ede" testListId="8c84fa94-04c1-424b-9868-57a2d4851a1d" />
    <TestEntry testId="5ca8472c-ed3c-7743-d772-01a1bacc08cf" executionId="80a80279-377c-4f97-9dbc-a338bc279536" testListId="8c84fa94-04c1-424b-9868-57a2d4851a1d" />
    <TestEntry testId="7df4ba29-38dd-828e-22e5-9f7e850eb994" executionId="32acf0d8-ef31-46a2-9d29-90315f080b5b" testListId="8c84fa94-04c1-424b-9868-57a2d4851a1d" />
    <TestEntry testId="6c73a1d1-2654-d03d-8bff-b9bca4e437ad" executionId="688e0424-000c-48e4-9680-5426edacd45e" testListId="8c84fa94-04c1-424b-9868-57a2d4851a1d" />
    <TestEntry testId="a7906eba-4ddd-f057-76e4-695c12f668f7" executionId="ada7c3a8-9e84-42c9-bb73-3e924260a2e3" testListId="8c84fa94-04c1-424b-9868-57a2d4851a1d" />
    <TestEntry testId="8e900221-d77a-d627-361c-9ca1a5beba60" executionId="88bc3561-9cec-4248-b518-faa6a105179b" testListId="8c84fa94-04c1-424b-9868-57a2d4851a1d" />
    <TestEntry testId="c8831b39-bf2b-06d6-5219-c1aac5b93a03" executionId="05f8a4f2-0f94-4034-b5f0-da7ff8cdda66" testListId="8c84fa94-04c1-424b-9868-57a2d4851a1d" />
    <TestEntry testId="6f964e27-f684-37ef-0fe4-6db993d07017" executionId="cf0f2fe4-4610-404a-ac04-3f78c87a2aac" testListId="8c84fa94-04c1-424b-9868-57a2d4851a1d" />
    <TestEntry testId="f1f7b0d5-822c-33e5-b9ff-f30531705ff1" executionId="fb4b04b4-2790-4663-a35e-ac873617046a" testListId="8c84fa94-04c1-424b-9868-57a2d4851a1d" />
    <TestEntry testId="6dd51b97-674e-6b9d-f047-ad979eb0870e" executionId="a9be3cab-e00c-4841-a000-11be217ed667" testListId="8c84fa94-04c1-424b-9868-57a2d4851a1d" />
    <TestEntry testId="b874febd-2abb-b5bf-4874-36453bfcf028" executionId="9133a521-6c86-4a7c-bc35-1586d56bc9ab" testListId="8c84fa94-04c1-424b-9868-57a2d4851a1d" />
    <TestEntry testId="b69457d8-d004-7265-0ffe-f1f1b36f446a" executionId="7b1bad3c-71fe-4573-bcf8-b38e006c550e" testListId="8c84fa94-04c1-424b-9868-57a2d4851a1d" />
    <TestEntry testId="8f9415dd-70b8-c527-026c-2122e53da756" executionId="e4bcc75f-98c3-416d-acd0-a52cc0a05793" testListId="8c84fa94-04c1-424b-9868-57a2d4851a1d" />
    <TestEntry testId="cb578742-c7f5-996b-5acf-564c542733c1" executionId="9d99ddba-b45b-4e0e-ab03-e68b26e7f78d" testListId="8c84fa94-04c1-424b-9868-57a2d4851a1d" />
    <TestEntry testId="25a5f880-4d24-d3c7-abcb-2dee8483e02e" executionId="534e0aa1-716c-4422-924c-4763013dd961" testListId="8c84fa94-04c1-424b-9868-57a2d4851a1d" />
    <TestEntry testId="167bd640-ca8a-be35-54d9-c9d535f6b8a9" executionId="4ab3d0a1-ec06-4838-8532-9a40d269de96" testListId="8c84fa94-04c1-424b-9868-57a2d4851a1d" />
    <TestEntry testId="44db8638-081a-8ce0-7d23-94e055f5a609" executionId="2836c04a-afda-4667-ae39-16cc6df2551d" testListId="8c84fa94-04c1-424b-9868-57a2d4851a1d" />
    <TestEntry testId="6b89659b-5dc5-b05c-ce48-871e20f8abd3" executionId="f5189496-e3b1-47a3-b832-bffdf39c16a4" testListId="8c84fa94-04c1-424b-9868-57a2d4851a1d" />
    <TestEntry testId="ca1d016a-03df-8541-a82d-e65f358d218a" executionId="70cb8d6c-ba35-49b4-8c2a-5b9e8a1a954c" testListId="8c84fa94-04c1-424b-9868-57a2d4851a1d" />
    <TestEntry testId="b058c171-2407-459c-7b57-a44deff88712" executionId="67ff46cc-a11c-46f9-9fe8-6365ac93c4d3" testListId="8c84fa94-04c1-424b-9868-57a2d4851a1d" />
    <TestEntry testId="4ccdf7c5-1b8e-f25d-e6ff-328e24995c79" executionId="b9eb5ce2-f3f8-48f9-91e0-be727d5517c3" testListId="8c84fa94-04c1-424b-9868-57a2d4851a1d" />
    <TestEntry testId="3175c89c-9311-2898-f31c-d62baf20a38b" executionId="ff1c1f7d-a23d-4e2a-97a4-7753901f5cce" testListId="8c84fa94-04c1-424b-9868-57a2d4851a1d" />
    <TestEntry testId="86b8941d-d36c-06dd-c905-fa6d7a4013e5" executionId="f7086b09-51ee-439b-b8d5-c92f198324db" testListId="8c84fa94-04c1-424b-9868-57a2d4851a1d" />
    <TestEntry testId="654a56d0-2fdd-75b4-3dfc-159238275382" executionId="cc857c0e-f437-4664-8afe-d60116aa8729" testListId="8c84fa94-04c1-424b-9868-57a2d4851a1d" />
    <TestEntry testId="905708b7-164a-0db6-1796-f60b9303ead6" executionId="e9c04285-0dc8-4f8b-ba08-d444b926d931" testListId="8c84fa94-04c1-424b-9868-57a2d4851a1d" />
    <TestEntry testId="e570d006-f8c6-2527-78e0-897122dd716e" executionId="92ab96fd-bb11-475b-aff3-9dc3a5d1ef63" testListId="8c84fa94-04c1-424b-9868-57a2d4851a1d" />
    <TestEntry testId="32c30dee-17e8-bc72-ad30-e19ba3161b9e" executionId="2fc43289-7093-4928-ac58-1addf7accf5e" testListId="8c84fa94-04c1-424b-9868-57a2d4851a1d" />
    <TestEntry testId="476c9edc-b6ea-cbad-6c80-83085ed5206c" executionId="11e7f0c5-30d8-4cc6-af8c-4a2db7fbb416" testListId="8c84fa94-04c1-424b-9868-57a2d4851a1d" />
  </TestEntries>
  <TestLists>
    <TestList name="Results Not in a List" id="8c84fa94-04c1-424b-9868-57a2d4851a1d" />
    <TestList name="All Loaded Results" id="19431567-8539-422a-85d7-44ee4e166bda" />
  </TestLists>
  <ResultSummary outcome="Completed">
    <Counters total="100" executed="100" passed="100" failed="0" error="0" timeout="0" aborted="0" inconclusive="0" passedButRunAborted="0" notRunnable="0" notExecuted="0" disconnected="0" warning="0" completed="0" inProgress="0" pending="0" />
    <Output>
      <StdOut>NUnit Adapter 4.2.0.0: Test execution started&#xD;
Running selected tests in C:\Projekty\NUnitTestProject\bin\Debug\netcoreapp3.1\NUnitTestProject.dll&#xD;
   NUnit3TestExecutor discovered 100 of 100 NUnit test cases using Current Discovery mode, Non-Explicit run&#xD;
NUnit Adapter 4.2.0.0: Test execution complete&#xD;
</StdOut>
    </Output>
  </ResultSummary>
</TestRun>