<?xml version="1.0" encoding="utf-8"?>
<TestRun id="0106fb2a-ad1a-4f48-a1a9-0b45f817058f" name="Dominik@DESKTOP-5URQ9PB 2022-06-13 20:52:22" runUser="DESKTOP-5URQ9PB\Dominik" xmlns="http://microsoft.com/schemas/VisualStudio/TeamTest/2010">
  <Times creation="2022-06-13T20:52:22.7853865+02:00" queuing="2022-06-13T20:52:22.7853866+02:00" start="2022-06-13T20:52:20.5872045+02:00" finish="2022-06-13T20:52:22.8717728+02:00" />
  <TestSettings name="default" id="c02a6ee0-4d20-4572-b709-c7ee3825a266">
    <Deployment runDeploymentRoot="Dominik_DESKTOP-5URQ9PB_2022-06-13_20_52_22" />
  </TestSettings>
  <Results>
    <UnitTestResult executionId="0fcd4c01-2183-4a13-96d7-93f1d7b49290" testId="e2700cee-eb5b-94db-dadd-a33ff5cf6ee6" testName="FormatToStringTest100(18990.72499258012d,&quot;18990.72 zł&quot;)" computerName="DESKTOP-5URQ9PB" duration="00:00:00.0000240" startTime="2022-06-13T20:52:22.6657831+02:00" endTime="2022-06-13T20:52:22.6658068+02:00" testType="13cdc9d9-ddb5-4fa4-a97d-d965ccfc6d4b" outcome="Passed" testListId="8c84fa94-04c1-424b-9868-57a2d4851a1d" relativeResultsDirectory="0fcd4c01-2183-4a13-96d7-93f1d7b49290" />
    <UnitTestResult executionId="bbd2a99f-7a14-48b4-b3b0-7c49d17700f3" testId="50b2ab98-8300-86f7-cec9-4d0f5d9f3400" testName="FormatToStringTest100(52810.91713865516d,&quot;52810.92 zł&quot;)" computerName="DESKTOP-5URQ9PB" duration="00:00:00.0000250" startTime="2022-06-13T20:52:22.6635052+02:00" endTime="2022-06-13T20:52:22.6635299+02:00" testType="13cdc9d9-ddb5-4fa4-a97d-d965ccfc6d4b" outcome="Passed" testListId="8c84fa94-04c1-424b-9868-57a2d4851a1d" relativeResultsDirectory="bbd2a99f-7a14-48b4-b3b0-7c49d17700f3" />
    <UnitTestResult executionId="ca7d44a6-6e76-45c0-ad03-86832cf0d861" testId="e25a10b5-5264-4837-7f5e-e77f0fe36b19" testName="FormatToStringTest100(62975.496334776515d,&quot;62975.50 zł&quot;)" computerName="DESKTOP-5URQ9PB" duration="00:00:00.0000250" startTime="2022-06-13T20:52:22.6658430+02:00" endTime="2022-06-13T20:52:22.6658680+02:00" testType="13cdc9d9-ddb5-4fa4-a97d-d965ccfc6d4b" outcome="Passed" testListId="8c84fa94-04c1-424b-9868-57a2d4851a1d" relativeResultsDirectory="ca7d44a6-6e76-45c0-ad03-86832cf0d861" />
    <UnitTestResult executionId="edcfad09-a8c6-4cf6-8ad0-2fa06ce95c22" testId="0441a484-8788-b6be-6f48-c9fcdc14bb9b" testName="FormatToStringTest100(37589.670531794276d,&quot;37589.67 zł&quot;)" computerName="DESKTOP-5URQ9PB" duration="00:00:00.0000280" startTime="2022-06-13T20:52:22.6640305+02:00" endTime="2022-06-13T20:52:22.6640579+02:00" testType="13cdc9d9-ddb5-4fa4-a97d-d965ccfc6d4b" outcome="Passed" testListId="8c84fa94-04c1-424b-9868-57a2d4851a1d" relativeResultsDirectory="edcfad09-a8c6-4cf6-8ad0-2fa06ce95c22" />
    <UnitTestResult executionId="b60a156b-d069-4ec5-b113-14530c7fe99a" testId="6dee8ad4-8dd7-b599-f13a-d5781734769f" testName="FormatToStringTest100(6864.093052674129d,&quot;6864.09 zł&quot;)" computerName="DESKTOP-5URQ9PB" duration="00:00:00.0000240" startTime="2022-06-13T20:52:22.6661534+02:00" endTime="2022-06-13T20:52:22.6661772+02:00" testType="13cdc9d9-ddb5-4fa4-a97d-d965ccfc6d4b" outcome="Passed" testListId="8c84fa94-04c1-424b-9868-57a2d4851a1d" relativeResultsDirectory="b60a156b-d069-4ec5-b113-14530c7fe99a" />
    <UnitTestResult executionId="65cc5633-1b24-4ee3-8591-040495564274" testId="d75012f1-d6f6-c8c8-6052-216572e6d09a" testName="FormatToStringTest100(28502.61128259758d,&quot;28502.61 zł&quot;)" computerName="DESKTOP-5URQ9PB" duration="00:00:00.0000190" startTime="2022-06-13T20:52:22.6649560+02:00" endTime="2022-06-13T20:52:22.6649749+02:00" testType="13cdc9d9-ddb5-4fa4-a97d-d965ccfc6d4b" outcome="Passed" testListId="8c84fa94-04c1-424b-9868-57a2d4851a1d" relativeResultsDirectory="65cc5633-1b24-4ee3-8591-040495564274" />
    <UnitTestResult executionId="48be2891-c57b-4928-9358-27575ac709a4" testId="4ccdf7c5-1b8e-f25d-e6ff-328e24995c79" testName="FormatToStringTest100(1300.9430775404642d,&quot;1300.94 zł&quot;)" computerName="DESKTOP-5URQ9PB" duration="00:00:00.0489650" startTime="2022-06-13T20:52:22.6125144+02:00" endTime="2022-06-13T20:52:22.6613879+02:00" testType="13cdc9d9-ddb5-4fa4-a97d-d965ccfc6d4b" outcome="Passed" testListId="8c84fa94-04c1-424b-9868-57a2d4851a1d" relativeResultsDirectory="48be2891-c57b-4928-9358-27575ac709a4" />
    <UnitTestResult executionId="ec5ca825-9f01-4aa1-b3a9-dd28add0f921" testId="4f9e6f5b-43a2-746f-e9ea-c62ab0b035f9" testName="FormatToStringTest100(3521.3657738167635d,&quot;3521.37 zł&quot;)" computerName="DESKTOP-5URQ9PB" duration="00:00:00.0000240" startTime="2022-06-13T20:52:22.6653139+02:00" endTime="2022-06-13T20:52:22.6653375+02:00" testType="13cdc9d9-ddb5-4fa4-a97d-d965ccfc6d4b" outcome="Passed" testListId="8c84fa94-04c1-424b-9868-57a2d4851a1d" relativeResultsDirectory="ec5ca825-9f01-4aa1-b3a9-dd28add0f921" />
    <UnitTestResult executionId="ca545f50-fb13-43ad-8d34-d13926cece24" testId="8f7eaa04-9e7b-2fbd-6154-590301c05ba7" testName="FormatToStringTest100(63507.32603545455d,&quot;63507.33 zł&quot;)" computerName="DESKTOP-5URQ9PB" duration="00:00:00.0000240" startTime="2022-06-13T20:52:22.6656468+02:00" endTime="2022-06-13T20:52:22.6656707+02:00" testType="13cdc9d9-ddb5-4fa4-a97d-d965ccfc6d4b" outcome="Passed" testListId="8c84fa94-04c1-424b-9868-57a2d4851a1d" relativeResultsDirectory="ca545f50-fb13-43ad-8d34-d13926cece24" />
    <UnitTestResult executionId="2f654119-84f3-43b6-87f0-f42c0e1a3bf6" testId="8f9415dd-70b8-c527-026c-2122e53da756" testName="FormatToStringTest100(52858.048916166204d,&quot;52858.05 zł&quot;)" computerName="DESKTOP-5URQ9PB" duration="00:00:00.0000200" startTime="2022-06-13T20:52:22.6659562+02:00" endTime="2022-06-13T20:52:22.6659756+02:00" testType="13cdc9d9-ddb5-4fa4-a97d-d965ccfc6d4b" outcome="Passed" testListId="8c84fa94-04c1-424b-9868-57a2d4851a1d" relativeResultsDirectory="2f654119-84f3-43b6-87f0-f42c0e1a3bf6" />
    <UnitTestResult executionId="8fee4754-e222-49c8-ac99-cbbc25c87dba" testId="68684c63-5f16-5756-6180-2b0b9df43ad7" testName="FormatToStringTest100(67338.80028760935d,&quot;67338.80 zł&quot;)" computerName="DESKTOP-5URQ9PB" duration="00:00:00.0000250" startTime="2022-06-13T20:52:22.6641795+02:00" endTime="2022-06-13T20:52:22.6642041+02:00" testType="13cdc9d9-ddb5-4fa4-a97d-d965ccfc6d4b" outcome="Passed" testListId="8c84fa94-04c1-424b-9868-57a2d4851a1d" relativeResultsDirectory="8fee4754-e222-49c8-ac99-cbbc25c87dba" />
    <UnitTestResult executionId="6a74f5cf-ef7f-4481-a078-4c31ac913ce4" testId="cb578742-c7f5-996b-5acf-564c542733c1" testName="FormatToStringTest100(10914.360814625099d,&quot;10914.36 zł&quot;)" computerName="DESKTOP-5URQ9PB" duration="00:00:00.0000210" startTime="2022-06-13T20:52:22.6634522+02:00" endTime="2022-06-13T20:52:22.6634727+02:00" testType="13cdc9d9-ddb5-4fa4-a97d-d965ccfc6d4b" outcome="Passed" testListId="8c84fa94-04c1-424b-9868-57a2d4851a1d" relativeResultsDirectory="6a74f5cf-ef7f-4481-a078-4c31ac913ce4" />
    <UnitTestResult executionId="a2eb8b1c-198a-43db-9776-4521a1676ccf" testId="9ea4a98e-a00d-a47e-d475-c2b7e3bc350d" testName="FormatToStringTest100(726.8087564975995d,&quot;726.81 zł&quot;)" computerName="DESKTOP-5URQ9PB" duration="00:00:00.0000210" startTime="2022-06-13T20:52:22.6633929+02:00" endTime="2022-06-13T20:52:22.6634138+02:00" testType="13cdc9d9-ddb5-4fa4-a97d-d965ccfc6d4b" outcome="Passed" testListId="8c84fa94-04c1-424b-9868-57a2d4851a1d" relativeResultsDirectory="a2eb8b1c-198a-43db-9776-4521a1676ccf" />
    <UnitTestResult executionId="02c306f2-ce1a-4546-a08f-2b227bff8007" testId="905708b7-164a-0db6-1796-f60b9303ead6" testName="FormatToStringTest100(45035.160883881224d,&quot;45035.16 zł&quot;)" computerName="DESKTOP-5URQ9PB" duration="00:00:00.0000240" startTime="2022-06-13T20:52:22.6646956+02:00" endTime="2022-06-13T20:52:22.6647191+02:00" testType="13cdc9d9-ddb5-4fa4-a97d-d965ccfc6d4b" outcome="Passed" testListId="8c84fa94-04c1-424b-9868-57a2d4851a1d" relativeResultsDirectory="02c306f2-ce1a-4546-a08f-2b227bff8007" />
    <UnitTestResult executionId="333cd61b-d361-46dc-9bfd-e8de7c81253e" testId="55105f60-a252-8b4a-ee9e-f959f50461df" testName="FormatToStringTest100(79973.08417819678d,&quot;79973.08 zł&quot;)" computerName="DESKTOP-5URQ9PB" duration="00:00:00.0000200" startTime="2022-06-13T20:52:22.6634792+02:00" endTime="2022-06-13T20:52:22.6634987+02:00" testType="13cdc9d9-ddb5-4fa4-a97d-d965ccfc6d4b" outcome="Passed" testListId="8c84fa94-04c1-424b-9868-57a2d4851a1d" relativeResultsDirectory="333cd61b-d361-46dc-9bfd-e8de7c81253e" />
    <UnitTestResult executionId="70d345cd-6629-41e2-8098-280397fbcef1" testId="bab29e16-7181-0c35-50c9-4bfc6868cc06" testName="FormatToStringTest100(1108.7197928823157d,&quot;1108.72 zł&quot;)" computerName="DESKTOP-5URQ9PB" duration="00:00:00.0000210" startTime="2022-06-13T20:52:22.6645267+02:00" endTime="2022-06-13T20:52:22.6645473+02:00" testType="13cdc9d9-ddb5-4fa4-a97d-d965ccfc6d4b" outcome="Passed" testListId="8c84fa94-04c1-424b-9868-57a2d4851a1d" relativeResultsDirectory="70d345cd-6629-41e2-8098-280397fbcef1" />
    <UnitTestResult executionId="fd660232-6f66-400d-b131-7effc6274ca6" testId="ca1d016a-03df-8541-a82d-e65f358d218a" testName="FormatToStringTest100(740.3213011405064d,&quot;740.32 zł&quot;)" computerName="DESKTOP-5URQ9PB" duration="00:00:00.0000260" startTime="2022-06-13T20:52:22.6642983+02:00" endTime="2022-06-13T20:52:22.6643245+02:00" testType="13cdc9d9-ddb5-4fa4-a97d-d965ccfc6d4b" outcome="Passed" testListId="8c84fa94-04c1-424b-9868-57a2d4851a1d" relativeResultsDirectory="fd660232-6f66-400d-b131-7effc6274ca6" />
    <UnitTestResult executionId="19cbb603-0f2e-40a3-a6f0-8a46c56bc8eb" testId="e570d006-f8c6-2527-78e0-897122dd716e" testName="FormatToStringTest100(20244.692955315437d,&quot;20244.69 zł&quot;)" computerName="DESKTOP-5URQ9PB" duration="00:00:00.0000200" startTime="2022-06-13T20:52:22.6651508+02:00" endTime="2022-06-13T20:52:22.6651706+02:00" testType="13cdc9d9-ddb5-4fa4-a97d-d965ccfc6d4b" outcome="Passed" testListId="8c84fa94-04c1-424b-9868-57a2d4851a1d" relativeResultsDirectory="19cbb603-0f2e-40a3-a6f0-8a46c56bc8eb" />
    <UnitTestResult executionId="8d1c55c8-b683-471b-a540-89ec96ed5234" testId="3175c89c-9311-2898-f31c-d62baf20a38b" testName="FormatToStringTest100(5628.028273674672d,&quot;5628.03 zł&quot;)" computerName="DESKTOP-5URQ9PB" duration="00:00:00.0000250" startTime="2022-06-13T20:52:22.6634203+02:00" endTime="2022-06-13T20:52:22.6634452+02:00" testType="13cdc9d9-ddb5-4fa4-a97d-d965ccfc6d4b" outcome="Passed" testListId="8c84fa94-04c1-424b-9868-57a2d4851a1d" relativeResultsDirectory="8d1c55c8-b683-471b-a540-89ec96ed5234" />
    <UnitTestResult executionId="bc3215b5-97d1-42d7-89f9-b82d3258ee51" testId="32c30dee-17e8-bc72-ad30-e19ba3161b9e" testName="FormatToStringTest100(27050.586848031067d,&quot;27050.59 zł&quot;)" computerName="DESKTOP-5URQ9PB" duration="00:00:00.0000190" startTime="2022-06-13T20:52:22.6637085+02:00" endTime="2022-06-13T20:52:22.6637278+02:00" testType="13cdc9d9-ddb5-4fa4-a97d-d965ccfc6d4b" outcome="Passed" testListId="8c84fa94-04c1-424b-9868-57a2d4851a1d" relativeResultsDirectory="bc3215b5-97d1-42d7-89f9-b82d3258ee51" />
    <UnitTestResult executionId="85e12462-8552-4d6a-a070-04fb2ff8b5b6" testId="c8831b39-bf2b-06d6-5219-c1aac5b93a03" testName="FormatToStringTest100(33206.73122987837d,&quot;33206.73 zł&quot;)" computerName="DESKTOP-5URQ9PB" duration="00:00:00.0000200" startTime="2022-06-13T20:52:22.6650683+02:00" endTime="2022-06-13T20:52:22.6650885+02:00" testType="13cdc9d9-ddb5-4fa4-a97d-d965ccfc6d4b" outcome="Passed" testListId="8c84fa94-04c1-424b-9868-57a2d4851a1d" relativeResultsDirectory="85e12462-8552-4d6a-a070-04fb2ff8b5b6" />
    <UnitTestResult executionId="247fc785-70d8-444b-9460-9a6e2816ae3f" testId="40d78239-8f39-5058-3911-ca4c3976e207" testName="FormatToStringTest100(35784.54232617307d,&quot;35784.54 zł&quot;)" computerName="DESKTOP-5URQ9PB" duration="00:00:00.0000240" startTime="2022-06-13T20:52:22.6642364+02:00" endTime="2022-06-13T20:52:22.6642599+02:00" testType="13cdc9d9-ddb5-4fa4-a97d-d965ccfc6d4b" outcome="Passed" testListId="8c84fa94-04c1-424b-9868-57a2d4851a1d" relativeResultsDirectory="247fc785-70d8-444b-9460-9a6e2816ae3f" />
    <UnitTestResult executionId="9fae518b-48ab-4c06-ba2b-6fd36113fa2d" testId="6c73a1d1-2654-d03d-8bff-b9bca4e437ad" testName="FormatToStringTest100(77904.0088552246d,&quot;77904.01 zł&quot;)" computerName="DESKTOP-5URQ9PB" duration="00:00:00.0000200" startTime="2022-06-13T20:52:22.6660130+02:00" endTime="2022-06-13T20:52:22.6660323+02:00" testType="13cdc9d9-ddb5-4fa4-a97d-d965ccfc6d4b" outcome="Passed" testListId="8c84fa94-04c1-424b-9868-57a2d4851a1d" relativeResultsDirectory="9fae518b-48ab-4c06-ba2b-6fd36113fa2d" />
    <UnitTestResult executionId="8712a5a2-c7c8-4629-98c7-cb1c51033f9e" testId="da5ec1b9-c89d-ab82-b4aa-e3b444b3e081" testName="FormatToStringTest100(66019.32414194118d,&quot;66019.32 zł&quot;)" computerName="DESKTOP-5URQ9PB" duration="00:00:00.0000230" startTime="2022-06-13T20:52:22.6641243+02:00" endTime="2022-06-13T20:52:22.6641470+02:00" testType="13cdc9d9-ddb5-4fa4-a97d-d965ccfc6d4b" outcome="Passed" testListId="8c84fa94-04c1-424b-9868-57a2d4851a1d" relativeResultsDirectory="8712a5a2-c7c8-4629-98c7-cb1c51033f9e" />
    <UnitTestResult executionId="fb861ad7-dbba-43d6-8685-52e0fd6f8755" testId="6b89659b-5dc5-b05c-ce48-871e20f8abd3" testName="FormatToStringTest100(74514.06270644537d,&quot;74514.06 zł&quot;)" computerName="DESKTOP-5URQ9PB" duration="00:00:00.0000200" startTime="2022-06-13T20:52:22.6659301+02:00" endTime="2022-06-13T20:52:22.6659500+02:00" testType="13cdc9d9-ddb5-4fa4-a97d-d965ccfc6d4b" outcome="Passed" testListId="8c84fa94-04c1-424b-9868-57a2d4851a1d" relativeResultsDirectory="fb861ad7-dbba-43d6-8685-52e0fd6f8755" />
    <UnitTestResult executionId="7aa25039-a0b9-4049-b5f3-a5cfd944fd9b" testId="b69457d8-d004-7265-0ffe-f1f1b36f446a" testName="FormatToStringTest100(22666.13578912995d,&quot;22666.14 zł&quot;)" computerName="DESKTOP-5URQ9PB" duration="00:00:00.0000200" startTime="2022-06-13T20:52:22.6640645+02:00" endTime="2022-06-13T20:52:22.6640840+02:00" testType="13cdc9d9-ddb5-4fa4-a97d-d965ccfc6d4b" outcome="Passed" testListId="8c84fa94-04c1-424b-9868-57a2d4851a1d" relativeResultsDirectory="7aa25039-a0b9-4049-b5f3-a5cfd944fd9b" />
    <UnitTestResult executionId="f471d470-8a6d-4fb0-a03d-87db9c3538a6" testId="2f67a78a-f7c8-6103-2444-bea417ee54f9" testName="FormatToStringTest100(16383.352881839199d,&quot;16383.35 zł&quot;)" computerName="DESKTOP-5URQ9PB" duration="00:00:00.0000200" startTime="2022-06-13T20:52:22.6652067+02:00" endTime="2022-06-13T20:52:22.6652262+02:00" testType="13cdc9d9-ddb5-4fa4-a97d-d965ccfc6d4b" outcome="Passed" testListId="8c84fa94-04c1-424b-9868-57a2d4851a1d" relativeResultsDirectory="f471d470-8a6d-4fb0-a03d-87db9c3538a6" />
    <UnitTestResult executionId="ef1b4492-d81f-4415-8aab-622994ad9eb7" testId="94b82bc3-613a-e2b4-455b-4b4df4f2d194" testName="FormatToStringTest100(14172.682747822573d,&quot;14172.68 zł&quot;)" computerName="DESKTOP-5URQ9PB" duration="00:00:00.0000200" startTime="2022-06-13T20:52:22.6641535+02:00" endTime="2022-06-13T20:52:22.6641733+02:00" testType="13cdc9d9-ddb5-4fa4-a97d-d965ccfc6d4b" outcome="Passed" testListId="8c84fa94-04c1-424b-9868-57a2d4851a1d" relativeResultsDirectory="ef1b4492-d81f-4415-8aab-622994ad9eb7" />
    <UnitTestResult executionId="13ab4294-8c7a-4172-8a94-db37f4f9e303" testId="d07b46f4-88eb-bfa4-6fe4-d6ba0c12fe8f" testName="FormatToStringTest100(6890.028458985514d,&quot;6890.03 zł&quot;)" computerName="DESKTOP-5URQ9PB" duration="00:00:00.0000190" startTime="2022-06-13T20:52:22.6644680+02:00" endTime="2022-06-13T20:52:22.6644873+02:00" testType="13cdc9d9-ddb5-4fa4-a97d-d965ccfc6d4b" outcome="Passed" testListId="8c84fa94-04c1-424b-9868-57a2d4851a1d" relativeResultsDirectory="13ab4294-8c7a-4172-8a94-db37f4f9e303" />
    <UnitTestResult executionId="08ef59dc-66ea-4d1e-98cb-f14b07b5d105" testId="d0a6cf86-cfdd-0432-5d16-67b34f44bcfa" testName="FormatToStringTest100(9867.823212210007d,&quot;9867.82 zł&quot;)" computerName="DESKTOP-5URQ9PB" duration="00:00:00.0000230" startTime="2022-06-13T20:52:22.6658132+02:00" endTime="2022-06-13T20:52:22.6658363+02:00" testType="13cdc9d9-ddb5-4fa4-a97d-d965ccfc6d4b" outcome="Passed" testListId="8c84fa94-04c1-424b-9868-57a2d4851a1d" relativeResultsDirectory="08ef59dc-66ea-4d1e-98cb-f14b07b5d105" />
    <UnitTestResult executionId="b00f8ff2-1202-4599-938f-3fbbceeb0f26" testId="654a56d0-2fdd-75b4-3dfc-159238275382" testName="FormatToStringTest100(468.83385119346616d,&quot;468.83 zł&quot;)" computerName="DESKTOP-5URQ9PB" duration="00:00:00.0000200" startTime="2022-06-13T20:52:22.6643873+02:00" endTime="2022-06-13T20:52:22.6644072+02:00" testType="13cdc9d9-ddb5-4fa4-a97d-d965ccfc6d4b" outcome="Passed" testListId="8c84fa94-04c1-424b-9868-57a2d4851a1d" relativeResultsDirectory="b00f8ff2-1202-4599-938f-3fbbceeb0f26" />
    <UnitTestResult executionId="5461c98a-382d-4444-ab48-b3a46bacc7eb" testId="44373e51-799e-3e94-36f6-61e7eb361bdd" testName="FormatToStringTest100(34096.337879508894d,&quot;34096.34 zł&quot;)" computerName="DESKTOP-5URQ9PB" duration="00:00:00.0000490" startTime="2022-06-13T20:52:22.6648431+02:00" endTime="2022-06-13T20:52:22.6648916+02:00" testType="13cdc9d9-ddb5-4fa4-a97d-d965ccfc6d4b" outcome="Passed" testListId="8c84fa94-04c1-424b-9868-57a2d4851a1d" relativeResultsDirectory="5461c98a-382d-4444-ab48-b3a46bacc7eb" />
    <UnitTestResult executionId="069e9cc2-76eb-4007-a5a6-9d3c2c333f69" testId="4ec0800c-e01f-aa73-19f1-180137b3dfdf" testName="FormatToStringTest100(70771.4436677524d,&quot;70771.44 zł&quot;)" computerName="DESKTOP-5URQ9PB" duration="00:00:00.0000210" startTime="2022-06-13T20:52:22.6661268+02:00" endTime="2022-06-13T20:52:22.6661473+02:00" testType="13cdc9d9-ddb5-4fa4-a97d-d965ccfc6d4b" outcome="Passed" testListId="8c84fa94-04c1-424b-9868-57a2d4851a1d" relativeResultsDirectory="069e9cc2-76eb-4007-a5a6-9d3c2c333f69" />
    <UnitTestResult executionId="47054f40-7cf5-4df3-8749-b2a55de16522" testId="86b8941d-d36c-06dd-c905-fa6d7a4013e5" testName="FormatToStringTest100(28072.424637532058d,&quot;28072.42 zł&quot;)" computerName="DESKTOP-5URQ9PB" duration="00:00:00.0000200" startTime="2022-06-13T20:52:22.6642664+02:00" endTime="2022-06-13T20:52:22.6642860+02:00" testType="13cdc9d9-ddb5-4fa4-a97d-d965ccfc6d4b" outcome="Passed" testListId="8c84fa94-04c1-424b-9868-57a2d4851a1d" relativeResultsDirectory="47054f40-7cf5-4df3-8749-b2a55de16522" />
    <UnitTestResult executionId="218a153b-5ad5-463a-9a62-09f6ed22401b" testId="854d51c5-41df-4ddb-a8da-54b20e306485" testName="FormatToStringTest100(286.92120604539343d,&quot;286.92 zł&quot;)" computerName="DESKTOP-5URQ9PB" duration="00:00:00.0000200" startTime="2022-06-13T20:52:22.6636207+02:00" endTime="2022-06-13T20:52:22.6636407+02:00" testType="13cdc9d9-ddb5-4fa4-a97d-d965ccfc6d4b" outcome="Passed" testListId="8c84fa94-04c1-424b-9868-57a2d4851a1d" relativeResultsDirectory="218a153b-5ad5-463a-9a62-09f6ed22401b" />
    <UnitTestResult executionId="223c3ee2-cf29-4042-a635-c03b522bb642" testId="7a40da4c-a8ed-5ba2-92a2-9e17ac14a245" testName="FormatToStringTest100(11912.404131636213d,&quot;11912.40 zł&quot;)" computerName="DESKTOP-5URQ9PB" duration="00:00:00.0000240" startTime="2022-06-13T20:52:22.6660384+02:00" endTime="2022-06-13T20:52:22.6660621+02:00" testType="13cdc9d9-ddb5-4fa4-a97d-d965ccfc6d4b" outcome="Passed" testListId="8c84fa94-04c1-424b-9868-57a2d4851a1d" relativeResultsDirectory="223c3ee2-cf29-4042-a635-c03b522bb642" />
    <UnitTestResult executionId="b6f2c3f7-a41d-4cee-a087-3b3dfd6d1cc9" testId="2877141a-aa4d-178b-dc9f-3b49cd88281f" testName="FormatToStringTest100(64210.358316209335d,&quot;64210.36 zł&quot;)" computerName="DESKTOP-5URQ9PB" duration="00:00:00.0000200" startTime="2022-06-13T20:52:22.6660685+02:00" endTime="2022-06-13T20:52:22.6660880+02:00" testType="13cdc9d9-ddb5-4fa4-a97d-d965ccfc6d4b" outcome="Passed" testListId="8c84fa94-04c1-424b-9868-57a2d4851a1d" relativeResultsDirectory="b6f2c3f7-a41d-4cee-a087-3b3dfd6d1cc9" />
    <UnitTestResult executionId="63ee38a1-c157-4692-98bd-9555bf11bf22" testId="6ae5af13-f172-7ae6-9d14-b0b6b031899f" testName="FormatToStringTest100(21961.272673999552d,&quot;21961.27 zł&quot;)" computerName="DESKTOP-5URQ9PB" duration="00:00:00.0000240" startTime="2022-06-13T20:52:22.6655066+02:00" endTime="2022-06-13T20:52:22.6655305+02:00" testType="13cdc9d9-ddb5-4fa4-a97d-d965ccfc6d4b" outcome="Passed" testListId="8c84fa94-04c1-424b-9868-57a2d4851a1d" relativeResultsDirectory="63ee38a1-c157-4692-98bd-9555bf11bf22" />
    <UnitTestResult executionId="0c72062c-3e26-41ec-9479-c26b7b681235" testId="7423707e-221b-8128-5158-18f9b4198629" testName="FormatToStringTest100(31290.71396233687d,&quot;31290.71 zł&quot;)" computerName="DESKTOP-5URQ9PB" duration="00:00:00.0000250" startTime="2022-06-13T20:52:22.6652574+02:00" endTime="2022-06-13T20:52:22.6652820+02:00" testType="13cdc9d9-ddb5-4fa4-a97d-d965ccfc6d4b" outcome="Passed" testListId="8c84fa94-04c1-424b-9868-57a2d4851a1d" relativeResultsDirectory="0c72062c-3e26-41ec-9479-c26b7b681235" />
    <UnitTestResult executionId="63876186-cb96-4a17-80d5-7cb1275fba1d" testId="d5607c40-0e03-cf87-1ac7-663c6c348c83" testName="FormatToStringTest100(17252.06220983903d,&quot;17252.06 zł&quot;)" computerName="DESKTOP-5URQ9PB" duration="00:00:00.0000190" startTime="2022-06-13T20:52:22.6653700+02:00" endTime="2022-06-13T20:52:22.6653890+02:00" testType="13cdc9d9-ddb5-4fa4-a97d-d965ccfc6d4b" outcome="Passed" testListId="8c84fa94-04c1-424b-9868-57a2d4851a1d" relativeResultsDirectory="63876186-cb96-4a17-80d5-7cb1275fba1d" />
    <UnitTestResult executionId="2c9858d6-e6ba-419b-b96e-37d905a285b8" testId="a3a62b11-2538-ecb1-962d-5432f1e041eb" testName="FormatToStringTest100(6809.40195803037d,&quot;6809.40 zł&quot;)" computerName="DESKTOP-5URQ9PB" duration="00:00:00.0001660" startTime="2022-06-13T20:52:22.6631642+02:00" endTime="2022-06-13T20:52:22.6633301+02:00" testType="13cdc9d9-ddb5-4fa4-a97d-d965ccfc6d4b" outcome="Passed" testListId="8c84fa94-04c1-424b-9868-57a2d4851a1d" relativeResultsDirectory="2c9858d6-e6ba-419b-b96e-37d905a285b8" />
    <UnitTestResult executionId="d62b3a09-525a-4f44-b51f-000f050ec04b" testId="02c02901-0347-558c-6501-8babfd6a6a4a" testName="FormatToStringTest100(1614.2516601789982d,&quot;1614.25 zł&quot;)" computerName="DESKTOP-5URQ9PB" duration="00:00:00.0000250" startTime="2022-06-13T20:52:22.6645791+02:00" endTime="2022-06-13T20:52:22.6646035+02:00" testType="13cdc9d9-ddb5-4fa4-a97d-d965ccfc6d4b" outcome="Passed" testListId="8c84fa94-04c1-424b-9868-57a2d4851a1d" relativeResultsDirectory="d62b3a09-525a-4f44-b51f-000f050ec04b" />
    <UnitTestResult executionId="514ed5dc-1388-4ded-8d86-bcb6263a6036" testId="efa0c9dd-5dae-4bc5-1d88-8059c0fedffd" testName="FormatToStringTest100(41876.979471482795d,&quot;41876.98 zł&quot;)" computerName="DESKTOP-5URQ9PB" duration="00:00:00.0000250" startTime="2022-06-13T20:52:22.6659819+02:00" endTime="2022-06-13T20:52:22.6660065+02:00" testType="13cdc9d9-ddb5-4fa4-a97d-d965ccfc6d4b" outcome="Passed" testListId="8c84fa94-04c1-424b-9868-57a2d4851a1d" relativeResultsDirectory="514ed5dc-1388-4ded-8d86-bcb6263a6036" />
    <UnitTestResult executionId="215e52f3-5d28-461f-88b4-102b11d75b71" testId="7b5657d1-871c-22e2-8b58-1e4af740074e" testName="FormatToStringTest100(79.6815319544084d,&quot;79.68 zł&quot;)" computerName="DESKTOP-5URQ9PB" duration="00:00:00.0000250" startTime="2022-06-13T20:52:22.6635626+02:00" endTime="2022-06-13T20:52:22.6635872+02:00" testType="13cdc9d9-ddb5-4fa4-a97d-d965ccfc6d4b" outcome="Passed" testListId="8c84fa94-04c1-424b-9868-57a2d4851a1d" relativeResultsDirectory="215e52f3-5d28-461f-88b4-102b11d75b71" />
    <UnitTestResult executionId="8a415c56-f507-4262-a0e0-4116b9ddbdbf" testId="44db8638-081a-8ce0-7d23-94e055f5a609" testName="FormatToStringTest100(69864.17463991146d,&quot;69864.17 zł&quot;)" computerName="DESKTOP-5URQ9PB" duration="00:00:00.0000200" startTime="2022-06-13T20:52:22.6658744+02:00" endTime="2022-06-13T20:52:22.6658944+02:00" testType="13cdc9d9-ddb5-4fa4-a97d-d965ccfc6d4b" outcome="Passed" testListId="8c84fa94-04c1-424b-9868-57a2d4851a1d" relativeResultsDirectory="8a415c56-f507-4262-a0e0-4116b9ddbdbf" />
    <UnitTestResult executionId="d5e39cef-1386-4e9f-bd8a-101eb02218fe" testId="6dd51b97-674e-6b9d-f047-ad979eb0870e" testName="FormatToStringTest100(7594.279030504766d,&quot;7594.28 zł&quot;)" computerName="DESKTOP-5URQ9PB" duration="00:00:00.0000270" startTime="2022-06-13T20:52:22.6644936+02:00" endTime="2022-06-13T20:52:22.6645201+02:00" testType="13cdc9d9-ddb5-4fa4-a97d-d965ccfc6d4b" outcome="Passed" testListId="8c84fa94-04c1-424b-9868-57a2d4851a1d" relativeResultsDirectory="d5e39cef-1386-4e9f-bd8a-101eb02218fe" />
    <UnitTestResult executionId="a484d093-be41-436a-a074-940edf2cba86" testId="642d2869-679c-7098-495e-642b3c4d783b" testName="FormatToStringTest100(80609.94377465078d,&quot;80609.94 zł&quot;)" computerName="DESKTOP-5URQ9PB" duration="00:00:00.0000250" startTime="2022-06-13T20:52:22.6639736+02:00" endTime="2022-06-13T20:52:22.6639982+02:00" testType="13cdc9d9-ddb5-4fa4-a97d-d965ccfc6d4b" outcome="Passed" testListId="8c84fa94-04c1-424b-9868-57a2d4851a1d" relativeResultsDirectory="a484d093-be41-436a-a074-940edf2cba86" />
    <UnitTestResult executionId="e13e16a7-6ff9-45bb-806f-7f7388fa7721" testId="710c032e-d39d-8d3b-a713-86e049d87044" testName="FormatToStringTest100(22604.838218828587d,&quot;22604.84 zł&quot;)" computerName="DESKTOP-5URQ9PB" duration="00:00:00.0000200" startTime="2022-06-13T20:52:22.6643311+02:00" endTime="2022-06-13T20:52:22.6643509+02:00" testType="13cdc9d9-ddb5-4fa4-a97d-d965ccfc6d4b" outcome="Passed" testListId="8c84fa94-04c1-424b-9868-57a2d4851a1d" relativeResultsDirectory="e13e16a7-6ff9-45bb-806f-7f7388fa7721" />
    <UnitTestResult executionId="67c06757-e161-484a-833e-a55e416e56d8" testId="c5a97db9-c630-e39e-7e7c-43e80ae0249a" testName="FormatToStringTest100(39178.05988345298d,&quot;39178.06 zł&quot;)" computerName="DESKTOP-5URQ9PB" duration="00:00:00.0000190" startTime="2022-06-13T20:52:22.6654813+02:00" endTime="2022-06-13T20:52:22.6655003+02:00" testType="13cdc9d9-ddb5-4fa4-a97d-d965ccfc6d4b" outcome="Passed" testListId="8c84fa94-04c1-424b-9868-57a2d4851a1d" relativeResultsDirectory="67c06757-e161-484a-833e-a55e416e56d8" />
    <UnitTestResult executionId="a5487ef6-6a82-40df-9351-dd37e82872bf" testId="6f964e27-f684-37ef-0fe4-6db993d07017" testName="FormatToStringTest100(14237.13226245955d,&quot;14237.13 zł&quot;)" computerName="DESKTOP-5URQ9PB" duration="00:00:00.0000280" startTime="2022-06-13T20:52:22.6638863+02:00" endTime="2022-06-13T20:52:22.6639136+02:00" testType="13cdc9d9-ddb5-4fa4-a97d-d965ccfc6d4b" outcome="Passed" testListId="8c84fa94-04c1-424b-9868-57a2d4851a1d" relativeResultsDirectory="a5487ef6-6a82-40df-9351-dd37e82872bf" />
    <UnitTestResult executionId="5d94d80c-3e06-4abb-96d5-91299d76bb76" testId="8e900221-d77a-d627-361c-9ca1a5beba60" testName="FormatToStringTest100(75350.77330865282d,&quot;75350.77 zł&quot;)" computerName="DESKTOP-5URQ9PB" duration="00:00:00.0000190" startTime="2022-06-13T20:52:22.6659007+02:00" endTime="2022-06-13T20:52:22.6659194+02:00" testType="13cdc9d9-ddb5-4fa4-a97d-d965ccfc6d4b" outcome="Passed" testListId="8c84fa94-04c1-424b-9868-57a2d4851a1d" relativeResultsDirectory="5d94d80c-3e06-4abb-96d5-91299d76bb76" />
    <UnitTestResult executionId="45d23f89-91ce-4369-9009-531c740f6297" testId="b058c171-2407-459c-7b57-a44deff88712" testName="FormatToStringTest100(159.83786031922224d,&quot;159.84 zł&quot;)" computerName="DESKTOP-5URQ9PB" duration="00:00:00.0000200" startTime="2022-06-13T20:52:22.6643572+02:00" endTime="2022-06-13T20:52:22.6643767+02:00" testType="13cdc9d9-ddb5-4fa4-a97d-d965ccfc6d4b" outcome="Passed" testListId="8c84fa94-04c1-424b-9868-57a2d4851a1d" relativeResultsDirectory="45d23f89-91ce-4369-9009-531c740f6297" />
    <UnitTestResult executionId="1e39271c-e2b2-4581-b0d0-35c977cd7dc1" testId="2467c68f-1bc3-bd85-8310-dd76e33eebec" testName="FormatToStringTest100(17953.338243749615d,&quot;17953.34 zł&quot;)" computerName="DESKTOP-5URQ9PB" duration="00:00:00.0000190" startTime="2022-06-13T20:52:22.6655630+02:00" endTime="2022-06-13T20:52:22.6655818+02:00" testType="13cdc9d9-ddb5-4fa4-a97d-d965ccfc6d4b" outcome="Passed" testListId="8c84fa94-04c1-424b-9868-57a2d4851a1d" relativeResultsDirectory="1e39271c-e2b2-4581-b0d0-35c977cd7dc1" />
    <UnitTestResult executionId="ac3ffa75-54a5-48ca-9a58-549bfd79acdc" testId="7919cbdd-efef-77c6-b96b-a35d9751dc61" testName="FormatToStringTest100(38640.62766693003d,&quot;38640.63 zł&quot;)" computerName="DESKTOP-5URQ9PB" duration="00:00:00.0000210" startTime="2022-06-13T20:52:22.6639207+02:00" endTime="2022-06-13T20:52:22.6639411+02:00" testType="13cdc9d9-ddb5-4fa4-a97d-d965ccfc6d4b" outcome="Passed" testListId="8c84fa94-04c1-424b-9868-57a2d4851a1d" relativeResultsDirectory="ac3ffa75-54a5-48ca-9a58-549bfd79acdc" />
    <UnitTestResult executionId="9acfdacf-c5ed-4cb7-86f4-cbd03b9dd94a" testId="167bd640-ca8a-be35-54d9-c9d535f6b8a9" testName="FormatToStringTest100(8768.816937361293d,&quot;8768.82 zł&quot;)" computerName="DESKTOP-5URQ9PB" duration="00:00:00.0000190" startTime="2022-06-13T20:52:22.6646099+02:00" endTime="2022-06-13T20:52:22.6646293+02:00" testType="13cdc9d9-ddb5-4fa4-a97d-d965ccfc6d4b" outcome="Passed" testListId="8c84fa94-04c1-424b-9868-57a2d4851a1d" relativeResultsDirectory="9acfdacf-c5ed-4cb7-86f4-cbd03b9dd94a" />
    <UnitTestResult executionId="1bc29b07-9a23-4795-b348-9f5f23e95ef3" testId="a4552a20-90c6-da36-cd4c-fbcb6268dcde" testName="FormatToStringTest100(15566.957545477411d,&quot;15566.96 zł&quot;)" computerName="DESKTOP-5URQ9PB" duration="00:00:00.0000190" startTime="2022-06-13T20:52:22.6656215+02:00" endTime="2022-06-13T20:52:22.6656405+02:00" testType="13cdc9d9-ddb5-4fa4-a97d-d965ccfc6d4b" outcome="Passed" testListId="8c84fa94-04c1-424b-9868-57a2d4851a1d" relativeResultsDirectory="1bc29b07-9a23-4795-b348-9f5f23e95ef3" />
    <UnitTestResult executionId="cc06e581-8c26-4777-ab4b-f8068ecf246f" testId="b874febd-2abb-b5bf-4874-36453bfcf028" testName="FormatToStringTest100(1208.1827589441941d,&quot;1208.18 zł&quot;)" computerName="DESKTOP-5URQ9PB" duration="00:00:00.0000250" startTime="2022-06-13T20:52:22.6649245+02:00" endTime="2022-06-13T20:52:22.6649497+02:00" testType="13cdc9d9-ddb5-4fa4-a97d-d965ccfc6d4b" outcome="Passed" testListId="8c84fa94-04c1-424b-9868-57a2d4851a1d" relativeResultsDirectory="cc06e581-8c26-4777-ab4b-f8068ecf246f" />
    <UnitTestResult executionId="269f72b4-05fa-4e8a-9ac2-6c7d3f35f57e" testId="d7c99ac8-861f-2067-8f65-8717ab2b5eb2" testName="FormatToStringTest100(26515.80237687929d,&quot;26515.80 zł&quot;)" computerName="DESKTOP-5URQ9PB" duration="00:00:00.0000200" startTime="2022-06-13T20:52:22.6637702+02:00" endTime="2022-06-13T20:52:22.6637898+02:00" testType="13cdc9d9-ddb5-4fa4-a97d-d965ccfc6d4b" outcome="Passed" testListId="8c84fa94-04c1-424b-9868-57a2d4851a1d" relativeResultsDirectory="269f72b4-05fa-4e8a-9ac2-6c7d3f35f57e" />
    <UnitTestResult executionId="df332c1e-b582-4da2-98f6-0e1c79b2b6e1" testId="c2636c45-ffae-32b8-cabd-dfdc2e3d89d2" testName="FormatToStringTest100(736.7398243680316d,&quot;736.74 zł&quot;)" computerName="DESKTOP-5URQ9PB" duration="00:00:00.0000240" startTime="2022-06-13T20:52:22.6647522+02:00" endTime="2022-06-13T20:52:22.6647761+02:00" testType="13cdc9d9-ddb5-4fa4-a97d-d965ccfc6d4b" outcome="Passed" testListId="8c84fa94-04c1-424b-9868-57a2d4851a1d" relativeResultsDirectory="df332c1e-b582-4da2-98f6-0e1c79b2b6e1" />
    <UnitTestResult executionId="3f0c800a-0b21-4d09-a998-2b0234fcdc7f" testId="a7906eba-4ddd-f057-76e4-695c12f668f7" testName="FormatToStringTest100(50991.22189691114d,&quot;50991.22 zł&quot;)" computerName="DESKTOP-5URQ9PB" duration="00:00:00.0000200" startTime="2022-06-13T20:52:22.6655369+02:00" endTime="2022-06-13T20:52:22.6655568+02:00" testType="13cdc9d9-ddb5-4fa4-a97d-d965ccfc6d4b" outcome="Passed" testListId="8c84fa94-04c1-424b-9868-57a2d4851a1d" relativeResultsDirectory="3f0c800a-0b21-4d09-a998-2b0234fcdc7f" />
    <UnitTestResult executionId="c778d41b-4e52-4329-83e0-c500aff37777" testId="df63a8e8-b664-17f1-364e-31895b9a1463" testName="FormatToStringTest100(16986.338876065027d,&quot;16986.34 zł&quot;)" computerName="DESKTOP-5URQ9PB" duration="00:00:00.0000200" startTime="2022-06-13T20:52:22.6647256+02:00" endTime="2022-06-13T20:52:22.6647453+02:00" testType="13cdc9d9-ddb5-4fa4-a97d-d965ccfc6d4b" outcome="Passed" testListId="8c84fa94-04c1-424b-9868-57a2d4851a1d" relativeResultsDirectory="c778d41b-4e52-4329-83e0-c500aff37777" />
    <UnitTestResult executionId="d5913274-ca36-4b93-a020-c72feb8918ad" testId="82558537-50ec-fc9d-a7b1-76091e0d2ecf" testName="FormatToStringTest100(45603.90324273142d,&quot;45603.90 zł&quot;)" computerName="DESKTOP-5URQ9PB" duration="00:00:00.0000290" startTime="2022-06-13T20:52:22.6637343+02:00" endTime="2022-06-13T20:52:22.6637634+02:00" testType="13cdc9d9-ddb5-4fa4-a97d-d965ccfc6d4b" outcome="Passed" testListId="8c84fa94-04c1-424b-9868-57a2d4851a1d" relativeResultsDirectory="d5913274-ca36-4b93-a020-c72feb8918ad" />
    <UnitTestResult executionId="8ae3d841-1296-4714-b5e5-92ce991e7622" testId="f1f7b0d5-822c-33e5-b9ff-f30531705ff1" testName="FormatToStringTest100(32216.686763396807d,&quot;32216.69 zł&quot;)" computerName="DESKTOP-5URQ9PB" duration="00:00:00.0000320" startTime="2022-06-13T20:52:22.6633534+02:00" endTime="2022-06-13T20:52:22.6633854+02:00" testType="13cdc9d9-ddb5-4fa4-a97d-d965ccfc6d4b" outcome="Passed" testListId="8c84fa94-04c1-424b-9868-57a2d4851a1d" relativeResultsDirectory="8ae3d841-1296-4714-b5e5-92ce991e7622" />
    <UnitTestResult executionId="f4bd9f1e-8f2d-4d57-8e02-b7a667dd5751" testId="2f08def2-23e6-739d-cc7a-7a09510b67ea" testName="FormatToStringTest100(10784.438152511344d,&quot;10784.44 zł&quot;)" computerName="DESKTOP-5URQ9PB" duration="00:00:00.0000200" startTime="2022-06-13T20:52:22.6661837+02:00" endTime="2022-06-13T20:52:22.6662033+02:00" testType="13cdc9d9-ddb5-4fa4-a97d-d965ccfc6d4b" outcome="Passed" testListId="8c84fa94-04c1-424b-9868-57a2d4851a1d" relativeResultsDirectory="f4bd9f1e-8f2d-4d57-8e02-b7a667dd5751" />
    <UnitTestResult executionId="1c67ac31-13f1-45bb-8b47-39c686153117" testId="476c9edc-b6ea-cbad-6c80-83085ed5206c" testName="FormatToStringTest100(918.1842976688334d,&quot;918.18 zł&quot;)" computerName="DESKTOP-5URQ9PB" duration="00:00:00.0000190" startTime="2022-06-13T20:52:22.6650952+02:00" endTime="2022-06-13T20:52:22.6651142+02:00" testType="13cdc9d9-ddb5-4fa4-a97d-d965ccfc6d4b" outcome="Passed" testListId="8c84fa94-04c1-424b-9868-57a2d4851a1d" relativeResultsDirectory="1c67ac31-13f1-45bb-8b47-39c686153117" />
    <UnitTestResult executionId="b1c6a5bd-7b4e-4244-b74a-c74e531c6608" testId="97add3a7-18d1-8ae3-a700-3b9a6e54f2a9" testName="FormatToStringTest100(96.75594581512546d,&quot;96.76 zł&quot;)" computerName="DESKTOP-5URQ9PB" duration="00:00:00.0000240" startTime="2022-06-13T20:52:22.6649812+02:00" endTime="2022-06-13T20:52:22.6650046+02:00" testType="13cdc9d9-ddb5-4fa4-a97d-d965ccfc6d4b" outcome="Passed" testListId="8c84fa94-04c1-424b-9868-57a2d4851a1d" relativeResultsDirectory="b1c6a5bd-7b4e-4244-b74a-c74e531c6608" />
    <UnitTestResult executionId="2c96f465-f106-4159-9cfa-634cec657fbb" testId="74cd5e35-cf5d-a7eb-ff81-196bcb803f0c" testName="FormatToStringTest100(1649.0127968480872d,&quot;1649.01 zł&quot;)" computerName="DESKTOP-5URQ9PB" duration="00:00:00.0000200" startTime="2022-06-13T20:52:22.6652884+02:00" endTime="2022-06-13T20:52:22.6653078+02:00" testType="13cdc9d9-ddb5-4fa4-a97d-d965ccfc6d4b" outcome="Passed" testListId="8c84fa94-04c1-424b-9868-57a2d4851a1d" relativeResultsDirectory="2c96f465-f106-4159-9cfa-634cec657fbb" />
    <UnitTestResult executionId="5c8d2b71-a4f4-4f2c-a726-c29118a3eceb" testId="73e4a8c3-f139-990a-bc9e-43cbdff15e01" testName="FormatToStringTest100(22291.653251342315d,&quot;22291.65 zł&quot;)" computerName="DESKTOP-5URQ9PB" duration="00:00:00.0000210" startTime="2022-06-13T20:52:22.6638595+02:00" endTime="2022-06-13T20:52:22.6638799+02:00" testType="13cdc9d9-ddb5-4fa4-a97d-d965ccfc6d4b" outcome="Passed" testListId="8c84fa94-04c1-424b-9868-57a2d4851a1d" relativeResultsDirectory="5c8d2b71-a4f4-4f2c-a726-c29118a3eceb" />
    <UnitTestResult executionId="75899d8a-f283-4b75-99dd-6f40657126f7" testId="a32e39cd-63bd-b948-c34d-2792a9ad523c" testName="FormatToStringTest100(2937.138486199611d,&quot;2937.14 zł&quot;)" computerName="DESKTOP-5URQ9PB" duration="00:00:00.0000200" startTime="2022-06-13T20:52:22.6653999+02:00" endTime="2022-06-13T20:52:22.6654194+02:00" testType="13cdc9d9-ddb5-4fa4-a97d-d965ccfc6d4b" outcome="Passed" testListId="8c84fa94-04c1-424b-9868-57a2d4851a1d" relativeResultsDirectory="75899d8a-f283-4b75-99dd-6f40657126f7" />
    <UnitTestResult executionId="fa676e2e-7ea3-4ee5-bf61-1175ef7064a9" testId="a0940c02-10c2-a2ca-c99e-b2f24d99f98d" testName="FormatToStringTest100(27893.312729890138d,&quot;27893.31 zł&quot;)" computerName="DESKTOP-5URQ9PB" duration="00:00:00.0000190" startTime="2022-06-13T20:52:22.6648087+02:00" endTime="2022-06-13T20:52:22.6648277+02:00" testType="13cdc9d9-ddb5-4fa4-a97d-d965ccfc6d4b" outcome="Passed" testListId="8c84fa94-04c1-424b-9868-57a2d4851a1d" relativeResultsDirectory="fa676e2e-7ea3-4ee5-bf61-1175ef7064a9" />
    <UnitTestResult executionId="9c43a757-f873-4cd3-9adc-41bb0738b122" testId="8a579aef-fa33-44e5-d72c-f84816f89dda" testName="FormatToStringTest100(10268.547802396373d,&quot;10268.55 zł&quot;)" computerName="DESKTOP-5URQ9PB" duration="00:00:00.0000210" startTime="2022-06-13T20:52:22.6655945+02:00" endTime="2022-06-13T20:52:22.6656150+02:00" testType="13cdc9d9-ddb5-4fa4-a97d-d965ccfc6d4b" outcome="Passed" testListId="8c84fa94-04c1-424b-9868-57a2d4851a1d" relativeResultsDirectory="9c43a757-f873-4cd3-9adc-41bb0738b122" />
    <UnitTestResult executionId="d21924b3-a22f-4f20-a2da-41da9c0017bb" testId="6e6925d1-75e5-a13f-cd68-43233a607f3d" testName="FormatToStringTest100(7124.979180760672d,&quot;7124.98 zł&quot;)" computerName="DESKTOP-5URQ9PB" duration="00:00:00.0000270" startTime="2022-06-13T20:52:22.6640903+02:00" endTime="2022-06-13T20:52:22.6641175+02:00" testType="13cdc9d9-ddb5-4fa4-a97d-d965ccfc6d4b" outcome="Passed" testListId="8c84fa94-04c1-424b-9868-57a2d4851a1d" relativeResultsDirectory="d21924b3-a22f-4f20-a2da-41da9c0017bb" />
    <UnitTestResult executionId="5c7689ab-3950-4b46-bd41-85601bedab24" testId="f95d03e5-c6a6-a1ee-d69f-d2e7ee2d48f8" testName="FormatToStringTest100(50339.31259969497d,&quot;50339.31 zł&quot;)" computerName="DESKTOP-5URQ9PB" duration="00:00:00.0000240" startTime="2022-06-13T20:52:22.6654506+02:00" endTime="2022-06-13T20:52:22.6654749+02:00" testType="13cdc9d9-ddb5-4fa4-a97d-d965ccfc6d4b" outcome="Passed" testListId="8c84fa94-04c1-424b-9868-57a2d4851a1d" relativeResultsDirectory="5c7689ab-3950-4b46-bd41-85601bedab24" />
    <UnitTestResult executionId="d6cdbb32-3547-4864-b395-192e0fdeacd1" testId="f914ee86-c2ad-95a7-e682-fa878f9f31a5" testName="FormatToStringTest100(8499.121443388574d,&quot;8499.12 zł&quot;)" computerName="DESKTOP-5URQ9PB" duration="00:00:00.0000200" startTime="2022-06-13T20:52:22.6648989+02:00" endTime="2022-06-13T20:52:22.6649183+02:00" testType="13cdc9d9-ddb5-4fa4-a97d-d965ccfc6d4b" outcome="Passed" testListId="8c84fa94-04c1-424b-9868-57a2d4851a1d" relativeResultsDirectory="d6cdbb32-3547-4864-b395-192e0fdeacd1" />
    <UnitTestResult executionId="a0f6775a-d599-4470-b28e-605070ae28b6" testId="7f117d65-eaa4-3393-47ff-b5f2adc1ba26" testName="FormatToStringTest100(28192.949128067565d,&quot;28192.95 zł&quot;)" computerName="DESKTOP-5URQ9PB" duration="00:00:00.0000190" startTime="2022-06-13T20:52:22.6644136+02:00" endTime="2022-06-13T20:52:22.6644326+02:00" testType="13cdc9d9-ddb5-4fa4-a97d-d965ccfc6d4b" outcome="Passed" testListId="8c84fa94-04c1-424b-9868-57a2d4851a1d" relativeResultsDirectory="a0f6775a-d599-4470-b28e-605070ae28b6" />
    <UnitTestResult executionId="81f61342-b8b6-42cc-86ea-c594fcafcd11" testId="bc60038d-a8ea-2e7f-26de-80f8d367bef6" testName="FormatToStringTest100(11100.829211263372d,&quot;11100.83 zł&quot;)" computerName="DESKTOP-5URQ9PB" duration="00:00:00.0000190" startTime="2022-06-13T20:52:22.6640048+02:00" endTime="2022-06-13T20:52:22.6640239+02:00" testType="13cdc9d9-ddb5-4fa4-a97d-d965ccfc6d4b" outcome="Passed" testListId="8c84fa94-04c1-424b-9868-57a2d4851a1d" relativeResultsDirectory="81f61342-b8b6-42cc-86ea-c594fcafcd11" />
    <UnitTestResult executionId="424e17ef-93bf-4f70-a3d3-db57a3870ebc" testId="b1eb6943-1b02-4d9c-02f3-a7fb091a5c55" testName="FormatToStringTest100(78822.37212685234d,&quot;78822.37 zł&quot;)" computerName="DESKTOP-5URQ9PB" duration="00:00:00.0000240" startTime="2022-06-13T20:52:22.6651204+02:00" endTime="2022-06-13T20:52:22.6651442+02:00" testType="13cdc9d9-ddb5-4fa4-a97d-d965ccfc6d4b" outcome="Passed" testListId="8c84fa94-04c1-424b-9868-57a2d4851a1d" relativeResultsDirectory="424e17ef-93bf-4f70-a3d3-db57a3870ebc" />
    <UnitTestResult executionId="3aed7b6d-9157-4cd2-9743-851e2191dfac" testId="7df4ba29-38dd-828e-22e5-9f7e850eb994" testName="FormatToStringTest100(24957.469502810607d,&quot;24957.47 zł&quot;)" computerName="DESKTOP-5URQ9PB" duration="00:00:00.0000200" startTime="2022-06-13T20:52:22.6639475+02:00" endTime="2022-06-13T20:52:22.6639671+02:00" testType="13cdc9d9-ddb5-4fa4-a97d-d965ccfc6d4b" outcome="Passed" testListId="8c84fa94-04c1-424b-9868-57a2d4851a1d" relativeResultsDirectory="3aed7b6d-9157-4cd2-9743-851e2191dfac" />
    <UnitTestResult executionId="d56ae9cc-28e4-4b57-9624-d6747de2b274" testId="dd1f1120-f5a5-11a0-4ecf-8df96d7fc7fd" testName="FormatToStringTest100(25990.318498101697d,&quot;25990.32 zł&quot;)" computerName="DESKTOP-5URQ9PB" duration="00:00:00.0000190" startTime="2022-06-13T20:52:22.6650113+02:00" endTime="2022-06-13T20:52:22.6650307+02:00" testType="13cdc9d9-ddb5-4fa4-a97d-d965ccfc6d4b" outcome="Passed" testListId="8c84fa94-04c1-424b-9868-57a2d4851a1d" relativeResultsDirectory="d56ae9cc-28e4-4b57-9624-d6747de2b274" />
    <UnitTestResult executionId="89d9a874-b111-4732-bf09-106f78b3f55a" testId="02a2d8b6-604b-7623-31f1-22fa9c5dd6fb" testName="FormatToStringTest100(35145.379208063416d,&quot;35145.38 zł&quot;)" computerName="DESKTOP-5URQ9PB" duration="00:00:00.0000190" startTime="2022-06-13T20:52:22.6657583+02:00" endTime="2022-06-13T20:52:22.6657769+02:00" testType="13cdc9d9-ddb5-4fa4-a97d-d965ccfc6d4b" outcome="Passed" testListId="8c84fa94-04c1-424b-9868-57a2d4851a1d" relativeResultsDirectory="89d9a874-b111-4732-bf09-106f78b3f55a" />
    <UnitTestResult executionId="2b6cfd1b-8691-4f2e-8401-82655d85ee6a" testId="60c34650-73c3-1462-40f1-f8603816957f" testName="FormatToStringTest100(19541.10539777116d,&quot;19541.11 zł&quot;)" computerName="DESKTOP-5URQ9PB" duration="00:00:00.0000230" startTime="2022-06-13T20:52:22.6644388+02:00" endTime="2022-06-13T20:52:22.6644615+02:00" testType="13cdc9d9-ddb5-4fa4-a97d-d965ccfc6d4b" outcome="Passed" testListId="8c84fa94-04c1-424b-9868-57a2d4851a1d" relativeResultsDirectory="2b6cfd1b-8691-4f2e-8401-82655d85ee6a" />
    <UnitTestResult executionId="17943e61-4a12-4ae4-8080-a0175e6ec9a5" testId="7f364af7-1a4c-2e9e-a4ab-c96e4d59ad29" testName="FormatToStringTest100(32632.105531036905d,&quot;32632.11 zł&quot;)" computerName="DESKTOP-5URQ9PB" duration="00:00:00.0000200" startTime="2022-06-13T20:52:22.6635940+02:00" endTime="2022-06-13T20:52:22.6636143+02:00" testType="13cdc9d9-ddb5-4fa4-a97d-d965ccfc6d4b" outcome="Passed" testListId="8c84fa94-04c1-424b-9868-57a2d4851a1d" relativeResultsDirectory="17943e61-4a12-4ae4-8080-a0175e6ec9a5" />
    <UnitTestResult executionId="c658bb02-0f60-4242-a4e1-d8b171b0c418" testId="919092dd-bc49-4953-66e1-76b0c6a86bdb" testName="FormatToStringTest100(32218.080508120394d,&quot;32218.08 zł&quot;)" computerName="DESKTOP-5URQ9PB" duration="00:00:00.0000190" startTime="2022-06-13T20:52:22.6660942+02:00" endTime="2022-06-13T20:52:22.6661130+02:00" testType="13cdc9d9-ddb5-4fa4-a97d-d965ccfc6d4b" outcome="Passed" testListId="8c84fa94-04c1-424b-9868-57a2d4851a1d" relativeResultsDirectory="c658bb02-0f60-4242-a4e1-d8b171b0c418" />
    <UnitTestResult executionId="db554271-0178-4431-8cce-1508b41a7f2f" testId="4e8ed588-d392-7511-ecc9-96da1857794d" testName="FormatToStringTest100(5396.620088554277d,&quot;5396.62 zł&quot;)" computerName="DESKTOP-5URQ9PB" duration="00:00:00.0000360" startTime="2022-06-13T20:52:22.6638155+02:00" endTime="2022-06-13T20:52:22.6638517+02:00" testType="13cdc9d9-ddb5-4fa4-a97d-d965ccfc6d4b" outcome="Passed" testListId="8c84fa94-04c1-424b-9868-57a2d4851a1d" relativeResultsDirectory="db554271-0178-4431-8cce-1508b41a7f2f" />
    <UnitTestResult executionId="482e447d-8d8a-48e3-b83c-1d5a93e71def" testId="25a5f880-4d24-d3c7-abcb-2dee8483e02e" testName="FormatToStringTest100(591.2110872302256d,&quot;591.21 zł&quot;)" computerName="DESKTOP-5URQ9PB" duration="00:00:00.0000190" startTime="2022-06-13T20:52:22.6645537+02:00" endTime="2022-06-13T20:52:22.6645729+02:00" testType="13cdc9d9-ddb5-4fa4-a97d-d965ccfc6d4b" outcome="Passed" testListId="8c84fa94-04c1-424b-9868-57a2d4851a1d" relativeResultsDirectory="482e447d-8d8a-48e3-b83c-1d5a93e71def" />
    <UnitTestResult executionId="d32bdff5-9704-4e20-aaa0-7a2d6ca3e46d" testId="5979600d-d5d6-1c59-8a74-a8946a5412a6" testName="FormatToStringTest100(46898.00219497783d,&quot;46898.00 zł&quot;)" computerName="DESKTOP-5URQ9PB" duration="00:00:00.0000230" startTime="2022-06-13T20:52:22.6657025+02:00" endTime="2022-06-13T20:52:22.6657256+02:00" testType="13cdc9d9-ddb5-4fa4-a97d-d965ccfc6d4b" outcome="Passed" testListId="8c84fa94-04c1-424b-9868-57a2d4851a1d" relativeResultsDirectory="d32bdff5-9704-4e20-aaa0-7a2d6ca3e46d" />
    <UnitTestResult executionId="5abf4a74-4096-4147-ba5e-0b1f925cd896" testId="e36f3ecc-8033-228e-9e4e-38062b6e56ea" testName="FormatToStringTest100(9816.961298880615d,&quot;9816.96 zł&quot;)" computerName="DESKTOP-5URQ9PB" duration="00:00:00.0000200" startTime="2022-06-13T20:52:22.6636472+02:00" endTime="2022-06-13T20:52:22.6636671+02:00" testType="13cdc9d9-ddb5-4fa4-a97d-d965ccfc6d4b" outcome="Passed" testListId="8c84fa94-04c1-424b-9868-57a2d4851a1d" relativeResultsDirectory="5abf4a74-4096-4147-ba5e-0b1f925cd896" />
    <UnitTestResult executionId="9f426b7e-5c66-48f4-8385-9f7c19b76fe2" testId="993b2e32-0de1-26c2-5e33-6a1ad01eeb5e" testName="FormatToStringTest100(2292.8331871111104d,&quot;2292.83 zł&quot;)" computerName="DESKTOP-5URQ9PB" duration="00:00:00.0000200" startTime="2022-06-13T20:52:22.6657321+02:00" endTime="2022-06-13T20:52:22.6657521+02:00" testType="13cdc9d9-ddb5-4fa4-a97d-d965ccfc6d4b" outcome="Passed" testListId="8c84fa94-04c1-424b-9868-57a2d4851a1d" relativeResultsDirectory="9f426b7e-5c66-48f4-8385-9f7c19b76fe2" />
    <UnitTestResult executionId="7e133681-0783-44a2-b4f6-84dc339c163e" testId="af58900a-c4df-19c1-aa0f-7bad2b6a33dc" testName="FormatToStringTest100(52020.805412759444d,&quot;52020.81 zł&quot;)" computerName="DESKTOP-5URQ9PB" duration="00:00:00.0000200" startTime="2022-06-13T20:52:22.6653441+02:00" endTime="2022-06-13T20:52:22.6653638+02:00" testType="13cdc9d9-ddb5-4fa4-a97d-d965ccfc6d4b" outcome="Passed" testListId="8c84fa94-04c1-424b-9868-57a2d4851a1d" relativeResultsDirectory="7e133681-0783-44a2-b4f6-84dc339c163e" />
    <UnitTestResult executionId="a2f88cfd-6cc5-4452-be63-777180a2ee4d" testId="38b31d6d-f852-2ebd-9634-fecf51566e90" testName="FormatToStringTest100(86.89546322771136d,&quot;86.90 zł&quot;)" computerName="DESKTOP-5URQ9PB" duration="00:00:00.0000190" startTime="2022-06-13T20:52:22.6642108+02:00" endTime="2022-06-13T20:52:22.6642300+02:00" testType="13cdc9d9-ddb5-4fa4-a97d-d965ccfc6d4b" outcome="Passed" testListId="8c84fa94-04c1-424b-9868-57a2d4851a1d" relativeResultsDirectory="a2f88cfd-6cc5-4452-be63-777180a2ee4d" />
    <UnitTestResult executionId="384940d8-8f6e-4286-a784-b453aa5fe05d" testId="17a04856-0f1c-ab7a-1a01-1d07ebf4dd98" testName="FormatToStringTest100(6958.393354767186d,&quot;6958.39 zł&quot;)" computerName="DESKTOP-5URQ9PB" duration="00:00:00.0000200" startTime="2022-06-13T20:52:22.6635365+02:00" endTime="2022-06-13T20:52:22.6635562+02:00" testType="13cdc9d9-ddb5-4fa4-a97d-d965ccfc6d4b" outcome="Passed" testListId="8c84fa94-04c1-424b-9868-57a2d4851a1d" relativeResultsDirectory="384940d8-8f6e-4286-a784-b453aa5fe05d" />
    <UnitTestResult executionId="8bb8334f-cd2e-4bca-a3bb-dd91b84ceb41" testId="fb8758b6-fbc2-fee5-8fca-8577ec51ec3b" testName="FormatToStringTest100(31300.40752580967d,&quot;31300.41 zł&quot;)" computerName="DESKTOP-5URQ9PB" duration="00:00:00.0000190" startTime="2022-06-13T20:52:22.6652324+02:00" endTime="2022-06-13T20:52:22.6652512+02:00" testType="13cdc9d9-ddb5-4fa4-a97d-d965ccfc6d4b" outcome="Passed" testListId="8c84fa94-04c1-424b-9868-57a2d4851a1d" relativeResultsDirectory="8bb8334f-cd2e-4bca-a3bb-dd91b84ceb41" />
    <UnitTestResult executionId="9537476c-6efa-44cf-a9e1-d9b22ed60053" testId="bb9f98f7-9d10-2bbf-0773-348287578945" testName="FormatToStringTest100(15639.704937780603d,&quot;15639.70 zł&quot;)" computerName="DESKTOP-5URQ9PB" duration="00:00:00.0000190" startTime="2022-06-13T20:52:22.6646704+02:00" endTime="2022-06-13T20:52:22.6646895+02:00" testType="13cdc9d9-ddb5-4fa4-a97d-d965ccfc6d4b" outcome="Passed" testListId="8c84fa94-04c1-424b-9868-57a2d4851a1d" relativeResultsDirectory="9537476c-6efa-44cf-a9e1-d9b22ed60053" />
    <UnitTestResult executionId="1088716d-216b-4b4b-9fa7-f66edb24f99b" testId="5ca8472c-ed3c-7743-d772-01a1bacc08cf" testName="FormatToStringTest100(12949.590713378317d,&quot;12949.59 zł&quot;)" computerName="DESKTOP-5URQ9PB" duration="00:00:00.0000220" startTime="2022-06-13T20:52:22.6636804+02:00" endTime="2022-06-13T20:52:22.6637021+02:00" testType="13cdc9d9-ddb5-4fa4-a97d-d965ccfc6d4b" outcome="Passed" testListId="8c84fa94-04c1-424b-9868-57a2d4851a1d" relativeResultsDirectory="1088716d-216b-4b4b-9fa7-f66edb24f99b" />
    <UnitTestResult executionId="38169e5d-2d4c-4218-a3c1-0609fdf18bb7" testId="71b6d7a3-741f-e1f8-1593-52351d6b5171" testName="FormatToStringTest100(40857.08543233996d,&quot;40857.09 zł&quot;)" computerName="DESKTOP-5URQ9PB" duration="00:00:00.0000240" startTime="2022-06-13T20:52:22.6651768+02:00" endTime="2022-06-13T20:52:22.6652004+02:00" testType="13cdc9d9-ddb5-4fa4-a97d-d965ccfc6d4b" outcome="Passed" testListId="8c84fa94-04c1-424b-9868-57a2d4851a1d" relativeResultsDirectory="38169e5d-2d4c-4218-a3c1-0609fdf18bb7" />
    <UnitTestResult executionId="a2324a4d-34a0-40b8-8b63-dbb1cd34937b" testId="b17f72a8-f991-8baf-d564-f4680aafed09" testName="FormatToStringTest100(7458.609645228652d,&quot;7458.61 zł&quot;)" computerName="DESKTOP-5URQ9PB" duration="00:00:00.0000200" startTime="2022-06-13T20:52:22.6647827+02:00" endTime="2022-06-13T20:52:22.6648024+02:00" testType="13cdc9d9-ddb5-4fa4-a97d-d965ccfc6d4b" outcome="Passed" testListId="8c84fa94-04c1-424b-9868-57a2d4851a1d" relativeResultsDirectory="a2324a4d-34a0-40b8-8b63-dbb1cd34937b" />
    <UnitTestResult executionId="86f1b764-4f6f-49bd-b0e1-2eb03e5026b2" testId="8939b7b8-ff81-63bf-70dc-08f29a6ce586" testName="FormatToStringTest100(58848.60825001477d,&quot;58848.61 zł&quot;)" computerName="DESKTOP-5URQ9PB" duration="00:00:00.0000190" startTime="2022-06-13T20:52:22.6654257+02:00" endTime="2022-06-13T20:52:22.6654443+02:00" testType="13cdc9d9-ddb5-4fa4-a97d-d965ccfc6d4b" outcome="Passed" testListId="8c84fa94-04c1-424b-9868-57a2d4851a1d" relativeResultsDirectory="86f1b764-4f6f-49bd-b0e1-2eb03e5026b2" />
    <UnitTestResult executionId="6a0a95a8-e61a-4b6b-b93a-accafcbd9638" testId="056a4908-08a5-5e22-9551-e77f68ab63c4" testName="FormatToStringTest100(317.9090540706688d,&quot;317.91 zł&quot;)" computerName="DESKTOP-5URQ9PB" duration="00:00:00.0000190" startTime="2022-06-13T20:52:22.6656771+02:00" endTime="2022-06-13T20:52:22.6656962+02:00" testType="13cdc9d9-ddb5-4fa4-a97d-d965ccfc6d4b" outcome="Passed" testListId="8c84fa94-04c1-424b-9868-57a2d4851a1d" relativeResultsDirectory="6a0a95a8-e61a-4b6b-b93a-accafcbd9638" />
    <UnitTestResult executionId="f839bd4f-5542-495f-a304-d989573e4574" testId="a9227eb6-41f1-9ad5-6a50-0ab740c4f5fb" testName="FormatToStringTest100(1741.3334432818617d,&quot;1741.33 zł&quot;)" computerName="DESKTOP-5URQ9PB" duration="00:00:00.0000190" startTime="2022-06-13T20:52:22.6650372+02:00" endTime="2022-06-13T20:52:22.6650557+02:00" testType="13cdc9d9-ddb5-4fa4-a97d-d965ccfc6d4b" outcome="Passed" testListId="8c84fa94-04c1-424b-9868-57a2d4851a1d" relativeResultsDirectory="f839bd4f-5542-495f-a304-d989573e4574" />
    <UnitTestResult executionId="0cc24647-7eb4-41dc-a4da-f6e3d08037f3" testId="4a85d0e2-7867-4a37-3a69-cfba3fa4e599" testName="FormatToStringTest100(7789.7136237517525d,&quot;7789.71 zł&quot;)" computerName="DESKTOP-5URQ9PB" duration="00:00:00.0000290" startTime="2022-06-13T20:52:22.6646355+02:00" endTime="2022-06-13T20:52:22.6646639+02:00" testType="13cdc9d9-ddb5-4fa4-a97d-d965ccfc6d4b" outcome="Passed" testListId="8c84fa94-04c1-424b-9868-57a2d4851a1d" relativeResultsDirectory="0cc24647-7eb4-41dc-a4da-f6e3d08037f3" />
  </Results>
  <TestDefinitions>
    <UnitTest name="FormatToStringTest100(69864.17463991146d,&quot;69864.17 zł&quot;)" storage="c:\projekty\nunittestproject\bin\debug\netcoreapp3.1\nunittestproject.dll" id="44db8638-081a-8ce0-7d23-94e055f5a609">
      <Execution id="8a415c56-f507-4262-a0e0-4116b9ddbdbf" />
      <TestMethod codeBase="C:\Projekty\NUnitTestProject\bin\Debug\netcoreapp3.1\NUnitTestProject.dll" adapterTypeName="executor://nunit3testexecutor/" className="NUnitTestProject.CurrencyHelperTests" name="FormatToStringTest100(69864.17463991146d,&quot;69864.17 zł&quot;)" />
    </UnitTest>
    <UnitTest name="FormatToStringTest100(1300.9430775404642d,&quot;1300.94 zł&quot;)" storage="c:\projekty\nunittestproject\bin\debug\netcoreapp3.1\nunittestproject.dll" id="4ccdf7c5-1b8e-f25d-e6ff-328e24995c79">
      <Execution id="48be2891-c57b-4928-9358-27575ac709a4" />
      <TestMethod codeBase="C:\Projekty\NUnitTestProject\bin\Debug\netcoreapp3.1\NUnitTestProject.dll" adapterTypeName="executor://nunit3testexecutor/" className="NUnitTestProject.CurrencyHelperTests" name="FormatToStringTest100(1300.9430775404642d,&quot;1300.94 zł&quot;)" />
    </UnitTest>
    <UnitTest name="FormatToStringTest100(28192.949128067565d,&quot;28192.95 zł&quot;)" storage="c:\projekty\nunittestproject\bin\debug\netcoreapp3.1\nunittestproject.dll" id="7f117d65-eaa4-3393-47ff-b5f2adc1ba26">
      <Execution id="a0f6775a-d599-4470-b28e-605070ae28b6" />
      <TestMethod codeBase="C:\Projekty\NUnitTestProject\bin\Debug\netcoreapp3.1\NUnitTestProject.dll" adapterTypeName="executor://nunit3testexecutor/" className="NUnitTestProject.CurrencyHelperTests" name="FormatToStringTest100(28192.949128067565d,&quot;28192.95 zł&quot;)" />
    </UnitTest>
    <UnitTest name="FormatToStringTest100(35145.379208063416d,&quot;35145.38 zł&quot;)" storage="c:\projekty\nunittestproject\bin\debug\netcoreapp3.1\nunittestproject.dll" id="02a2d8b6-604b-7623-31f1-22fa9c5dd6fb">
      <Execution id="89d9a874-b111-4732-bf09-106f78b3f55a" />
      <TestMethod codeBase="C:\Projekty\NUnitTestProject\bin\Debug\netcoreapp3.1\NUnitTestProject.dll" adapterTypeName="executor://nunit3testexecutor/" className="NUnitTestProject.CurrencyHelperTests" name="FormatToStringTest100(35145.379208063416d,&quot;35145.38 zł&quot;)" />
    </UnitTest>
    <UnitTest name="FormatToStringTest100(58848.60825001477d,&quot;58848.61 zł&quot;)" storage="c:\projekty\nunittestproject\bin\debug\netcoreapp3.1\nunittestproject.dll" id="8939b7b8-ff81-63bf-70dc-08f29a6ce586">
      <Execution id="86f1b764-4f6f-49bd-b0e1-2eb03e5026b2" />
      <TestMethod codeBase="C:\Projekty\NUnitTestProject\bin\Debug\netcoreapp3.1\NUnitTestProject.dll" adapterTypeName="executor://nunit3testexecutor/" className="NUnitTestProject.CurrencyHelperTests" name="FormatToStringTest100(58848.60825001477d,&quot;58848.61 zł&quot;)" />
    </UnitTest>
    <UnitTest name="FormatToStringTest100(17953.338243749615d,&quot;17953.34 zł&quot;)" storage="c:\projekty\nunittestproject\bin\debug\netcoreapp3.1\nunittestproject.dll" id="2467c68f-1bc3-bd85-8310-dd76e33eebec">
      <Execution id="1e39271c-e2b2-4581-b0d0-35c977cd7dc1" />
      <TestMethod codeBase="C:\Projekty\NUnitTestProject\bin\Debug\netcoreapp3.1\NUnitTestProject.dll" adapterTypeName="executor://nunit3testexecutor/" className="NUnitTestProject.CurrencyHelperTests" name="FormatToStringTest100(17953.338243749615d,&quot;17953.34 zł&quot;)" />
    </UnitTest>
    <UnitTest name="FormatToStringTest100(39178.05988345298d,&quot;39178.06 zł&quot;)" storage="c:\projekty\nunittestproject\bin\debug\netcoreapp3.1\nunittestproject.dll" id="c5a97db9-c630-e39e-7e7c-43e80ae0249a">
      <Execution id="67c06757-e161-484a-833e-a55e416e56d8" />
      <TestMethod codeBase="C:\Projekty\NUnitTestProject\bin\Debug\netcoreapp3.1\NUnitTestProject.dll" adapterTypeName="executor://nunit3testexecutor/" className="NUnitTestProject.CurrencyHelperTests" name="FormatToStringTest100(39178.05988345298d,&quot;39178.06 zł&quot;)" />
    </UnitTest>
    <UnitTest name="FormatToStringTest100(21961.272673999552d,&quot;21961.27 zł&quot;)" storage="c:\projekty\nunittestproject\bin\debug\netcoreapp3.1\nunittestproject.dll" id="6ae5af13-f172-7ae6-9d14-b0b6b031899f">
      <Execution id="63ee38a1-c157-4692-98bd-9555bf11bf22" />
      <TestMethod codeBase="C:\Projekty\NUnitTestProject\bin\Debug\netcoreapp3.1\NUnitTestProject.dll" adapterTypeName="executor://nunit3testexecutor/" className="NUnitTestProject.CurrencyHelperTests" name="FormatToStringTest100(21961.272673999552d,&quot;21961.27 zł&quot;)" />
    </UnitTest>
    <UnitTest name="FormatToStringTest100(66019.32414194118d,&quot;66019.32 zł&quot;)" storage="c:\projekty\nunittestproject\bin\debug\netcoreapp3.1\nunittestproject.dll" id="da5ec1b9-c89d-ab82-b4aa-e3b444b3e081">
      <Execution id="8712a5a2-c7c8-4629-98c7-cb1c51033f9e" />
      <TestMethod codeBase="C:\Projekty\NUnitTestProject\bin\Debug\netcoreapp3.1\NUnitTestProject.dll" adapterTypeName="executor://nunit3testexecutor/" className="NUnitTestProject.CurrencyHelperTests" name="FormatToStringTest100(66019.32414194118d,&quot;66019.32 zł&quot;)" />
    </UnitTest>
    <UnitTest name="FormatToStringTest100(5628.028273674672d,&quot;5628.03 zł&quot;)" storage="c:\projekty\nunittestproject\bin\debug\netcoreapp3.1\nunittestproject.dll" id="3175c89c-9311-2898-f31c-d62baf20a38b">
      <Execution id="8d1c55c8-b683-471b-a540-89ec96ed5234" />
      <TestMethod codeBase="C:\Projekty\NUnitTestProject\bin\Debug\netcoreapp3.1\NUnitTestProject.dll" adapterTypeName="executor://nunit3testexecutor/" className="NUnitTestProject.CurrencyHelperTests" name="FormatToStringTest100(5628.028273674672d,&quot;5628.03 zł&quot;)" />
    </UnitTest>
    <UnitTest name="FormatToStringTest100(52020.805412759444d,&quot;52020.81 zł&quot;)" storage="c:\projekty\nunittestproject\bin\debug\netcoreapp3.1\nunittestproject.dll" id="af58900a-c4df-19c1-aa0f-7bad2b6a33dc">
      <Execution id="7e133681-0783-44a2-b4f6-84dc339c163e" />
      <TestMethod codeBase="C:\Projekty\NUnitTestProject\bin\Debug\netcoreapp3.1\NUnitTestProject.dll" adapterTypeName="executor://nunit3testexecutor/" className="NUnitTestProject.CurrencyHelperTests" name="FormatToStringTest100(52020.805412759444d,&quot;52020.81 zł&quot;)" />
    </UnitTest>
    <UnitTest name="FormatToStringTest100(34096.337879508894d,&quot;34096.34 zł&quot;)" storage="c:\projekty\nunittestproject\bin\debug\netcoreapp3.1\nunittestproject.dll" id="44373e51-799e-3e94-36f6-61e7eb361bdd">
      <Execution id="5461c98a-382d-4444-ab48-b3a46bacc7eb" />
      <TestMethod codeBase="C:\Projekty\NUnitTestProject\bin\Debug\netcoreapp3.1\NUnitTestProject.dll" adapterTypeName="executor://nunit3testexecutor/" className="NUnitTestProject.CurrencyHelperTests" name="FormatToStringTest100(34096.337879508894d,&quot;34096.34 zł&quot;)" />
    </UnitTest>
    <UnitTest name="FormatToStringTest100(52858.048916166204d,&quot;52858.05 zł&quot;)" storage="c:\projekty\nunittestproject\bin\debug\netcoreapp3.1\nunittestproject.dll" id="8f9415dd-70b8-c527-026c-2122e53da756">
      <Execution id="2f654119-84f3-43b6-87f0-f42c0e1a3bf6" />
      <TestMethod codeBase="C:\Projekty\NUnitTestProject\bin\Debug\netcoreapp3.1\NUnitTestProject.dll" adapterTypeName="executor://nunit3testexecutor/" className="NUnitTestProject.CurrencyHelperTests" name="FormatToStringTest100(52858.048916166204d,&quot;52858.05 zł&quot;)" />
    </UnitTest>
    <UnitTest name="FormatToStringTest100(86.89546322771136d,&quot;86.90 zł&quot;)" storage="c:\projekty\nunittestproject\bin\debug\netcoreapp3.1\nunittestproject.dll" id="38b31d6d-f852-2ebd-9634-fecf51566e90">
      <Execution id="a2f88cfd-6cc5-4452-be63-777180a2ee4d" />
      <TestMethod codeBase="C:\Projekty\NUnitTestProject\bin\Debug\netcoreapp3.1\NUnitTestProject.dll" adapterTypeName="executor://nunit3testexecutor/" className="NUnitTestProject.CurrencyHelperTests" name="FormatToStringTest100(86.89546322771136d,&quot;86.90 zł&quot;)" />
    </UnitTest>
    <UnitTest name="FormatToStringTest100(15639.704937780603d,&quot;15639.70 zł&quot;)" storage="c:\projekty\nunittestproject\bin\debug\netcoreapp3.1\nunittestproject.dll" id="bb9f98f7-9d10-2bbf-0773-348287578945">
      <Execution id="9537476c-6efa-44cf-a9e1-d9b22ed60053" />
      <TestMethod codeBase="C:\Projekty\NUnitTestProject\bin\Debug\netcoreapp3.1\NUnitTestProject.dll" adapterTypeName="executor://nunit3testexecutor/" className="NUnitTestProject.CurrencyHelperTests" name="FormatToStringTest100(15639.704937780603d,&quot;15639.70 zł&quot;)" />
    </UnitTest>
    <UnitTest name="FormatToStringTest100(38640.62766693003d,&quot;38640.63 zł&quot;)" storage="c:\projekty\nunittestproject\bin\debug\netcoreapp3.1\nunittestproject.dll" id="7919cbdd-efef-77c6-b96b-a35d9751dc61">
      <Execution id="ac3ffa75-54a5-48ca-9a58-549bfd79acdc" />
      <TestMethod codeBase="C:\Projekty\NUnitTestProject\bin\Debug\netcoreapp3.1\NUnitTestProject.dll" adapterTypeName="executor://nunit3testexecutor/" className="NUnitTestProject.CurrencyHelperTests" name="FormatToStringTest100(38640.62766693003d,&quot;38640.63 zł&quot;)" />
    </UnitTest>
    <UnitTest name="FormatToStringTest100(9867.823212210007d,&quot;9867.82 zł&quot;)" storage="c:\projekty\nunittestproject\bin\debug\netcoreapp3.1\nunittestproject.dll" id="d0a6cf86-cfdd-0432-5d16-67b34f44bcfa">
      <Execution id="08ef59dc-66ea-4d1e-98cb-f14b07b5d105" />
      <TestMethod codeBase="C:\Projekty\NUnitTestProject\bin\Debug\netcoreapp3.1\NUnitTestProject.dll" adapterTypeName="executor://nunit3testexecutor/" className="NUnitTestProject.CurrencyHelperTests" name="FormatToStringTest100(9867.823212210007d,&quot;9867.82 zł&quot;)" />
    </UnitTest>
    <UnitTest name="FormatToStringTest100(2937.138486199611d,&quot;2937.14 zł&quot;)" storage="c:\projekty\nunittestproject\bin\debug\netcoreapp3.1\nunittestproject.dll" id="a32e39cd-63bd-b948-c34d-2792a9ad523c">
      <Execution id="75899d8a-f283-4b75-99dd-6f40657126f7" />
      <TestMethod codeBase="C:\Projekty\NUnitTestProject\bin\Debug\netcoreapp3.1\NUnitTestProject.dll" adapterTypeName="executor://nunit3testexecutor/" className="NUnitTestProject.CurrencyHelperTests" name="FormatToStringTest100(2937.138486199611d,&quot;2937.14 zł&quot;)" />
    </UnitTest>
    <UnitTest name="FormatToStringTest100(79.6815319544084d,&quot;79.68 zł&quot;)" storage="c:\projekty\nunittestproject\bin\debug\netcoreapp3.1\nunittestproject.dll" id="7b5657d1-871c-22e2-8b58-1e4af740074e">
      <Execution id="215e52f3-5d28-461f-88b4-102b11d75b71" />
      <TestMethod codeBase="C:\Projekty\NUnitTestProject\bin\Debug\netcoreapp3.1\NUnitTestProject.dll" adapterTypeName="executor://nunit3testexecutor/" className="NUnitTestProject.CurrencyHelperTests" name="FormatToStringTest100(79.6815319544084d,&quot;79.68 zł&quot;)" />
    </UnitTest>
    <UnitTest name="FormatToStringTest100(7789.7136237517525d,&quot;7789.71 zł&quot;)" storage="c:\projekty\nunittestproject\bin\debug\netcoreapp3.1\nunittestproject.dll" id="4a85d0e2-7867-4a37-3a69-cfba3fa4e599">
      <Execution id="0cc24647-7eb4-41dc-a4da-f6e3d08037f3" />
      <TestMethod codeBase="C:\Projekty\NUnitTestProject\bin\Debug\netcoreapp3.1\NUnitTestProject.dll" adapterTypeName="executor://nunit3testexecutor/" className="NUnitTestProject.CurrencyHelperTests" name="FormatToStringTest100(7789.7136237517525d,&quot;7789.71 zł&quot;)" />
    </UnitTest>
    <UnitTest name="FormatToStringTest100(35784.54232617307d,&quot;35784.54 zł&quot;)" storage="c:\projekty\nunittestproject\bin\debug\netcoreapp3.1\nunittestproject.dll" id="40d78239-8f39-5058-3911-ca4c3976e207">
      <Execution id="247fc785-70d8-444b-9460-9a6e2816ae3f" />
      <TestMethod codeBase="C:\Projekty\NUnitTestProject\bin\Debug\netcoreapp3.1\NUnitTestProject.dll" adapterTypeName="executor://nunit3testexecutor/" className="NUnitTestProject.CurrencyHelperTests" name="FormatToStringTest100(35784.54232617307d,&quot;35784.54 zł&quot;)" />
    </UnitTest>
    <UnitTest name="FormatToStringTest100(28502.61128259758d,&quot;28502.61 zł&quot;)" storage="c:\projekty\nunittestproject\bin\debug\netcoreapp3.1\nunittestproject.dll" id="d75012f1-d6f6-c8c8-6052-216572e6d09a">
      <Execution id="65cc5633-1b24-4ee3-8591-040495564274" />
      <TestMethod codeBase="C:\Projekty\NUnitTestProject\bin\Debug\netcoreapp3.1\NUnitTestProject.dll" adapterTypeName="executor://nunit3testexecutor/" className="NUnitTestProject.CurrencyHelperTests" name="FormatToStringTest100(28502.61128259758d,&quot;28502.61 zł&quot;)" />
    </UnitTest>
    <UnitTest name="FormatToStringTest100(17252.06220983903d,&quot;17252.06 zł&quot;)" storage="c:\projekty\nunittestproject\bin\debug\netcoreapp3.1\nunittestproject.dll" id="d5607c40-0e03-cf87-1ac7-663c6c348c83">
      <Execution id="63876186-cb96-4a17-80d5-7cb1275fba1d" />
      <TestMethod codeBase="C:\Projekty\NUnitTestProject\bin\Debug\netcoreapp3.1\NUnitTestProject.dll" adapterTypeName="executor://nunit3testexecutor/" className="NUnitTestProject.CurrencyHelperTests" name="FormatToStringTest100(17252.06220983903d,&quot;17252.06 zł&quot;)" />
    </UnitTest>
    <UnitTest name="FormatToStringTest100(32632.105531036905d,&quot;32632.11 zł&quot;)" storage="c:\projekty\nunittestproject\bin\debug\netcoreapp3.1\nunittestproject.dll" id="7f364af7-1a4c-2e9e-a4ab-c96e4d59ad29">
      <Execution id="17943e61-4a12-4ae4-8080-a0175e6ec9a5" />
      <TestMethod codeBase="C:\Projekty\NUnitTestProject\bin\Debug\netcoreapp3.1\NUnitTestProject.dll" adapterTypeName="executor://nunit3testexecutor/" className="NUnitTestProject.CurrencyHelperTests" name="FormatToStringTest100(32632.105531036905d,&quot;32632.11 zł&quot;)" />
    </UnitTest>
    <UnitTest name="FormatToStringTest100(80609.94377465078d,&quot;80609.94 zł&quot;)" storage="c:\projekty\nunittestproject\bin\debug\netcoreapp3.1\nunittestproject.dll" id="642d2869-679c-7098-495e-642b3c4d783b">
      <Execution id="a484d093-be41-436a-a074-940edf2cba86" />
      <TestMethod codeBase="C:\Projekty\NUnitTestProject\bin\Debug\netcoreapp3.1\NUnitTestProject.dll" adapterTypeName="executor://nunit3testexecutor/" className="NUnitTestProject.CurrencyHelperTests" name="FormatToStringTest100(80609.94377465078d,&quot;80609.94 zł&quot;)" />
    </UnitTest>
    <UnitTest name="FormatToStringTest100(31300.40752580967d,&quot;31300.41 zł&quot;)" storage="c:\projekty\nunittestproject\bin\debug\netcoreapp3.1\nunittestproject.dll" id="fb8758b6-fbc2-fee5-8fca-8577ec51ec3b">
      <Execution id="8bb8334f-cd2e-4bca-a3bb-dd91b84ceb41" />
      <TestMethod codeBase="C:\Projekty\NUnitTestProject\bin\Debug\netcoreapp3.1\NUnitTestProject.dll" adapterTypeName="executor://nunit3testexecutor/" className="NUnitTestProject.CurrencyHelperTests" name="FormatToStringTest100(31300.40752580967d,&quot;31300.41 zł&quot;)" />
    </UnitTest>
    <UnitTest name="FormatToStringTest100(1649.0127968480872d,&quot;1649.01 zł&quot;)" storage="c:\projekty\nunittestproject\bin\debug\netcoreapp3.1\nunittestproject.dll" id="74cd5e35-cf5d-a7eb-ff81-196bcb803f0c">
      <Execution id="2c96f465-f106-4159-9cfa-634cec657fbb" />
      <TestMethod codeBase="C:\Projekty\NUnitTestProject\bin\Debug\netcoreapp3.1\NUnitTestProject.dll" adapterTypeName="executor://nunit3testexecutor/" className="NUnitTestProject.CurrencyHelperTests" name="FormatToStringTest100(1649.0127968480872d,&quot;1649.01 zł&quot;)" />
    </UnitTest>
    <UnitTest name="FormatToStringTest100(20244.692955315437d,&quot;20244.69 zł&quot;)" storage="c:\projekty\nunittestproject\bin\debug\netcoreapp3.1\nunittestproject.dll" id="e570d006-f8c6-2527-78e0-897122dd716e">
      <Execution id="19cbb603-0f2e-40a3-a6f0-8a46c56bc8eb" />
      <TestMethod codeBase="C:\Projekty\NUnitTestProject\bin\Debug\netcoreapp3.1\NUnitTestProject.dll" adapterTypeName="executor://nunit3testexecutor/" className="NUnitTestProject.CurrencyHelperTests" name="FormatToStringTest100(20244.692955315437d,&quot;20244.69 zł&quot;)" />
    </UnitTest>
    <UnitTest name="FormatToStringTest100(6809.40195803037d,&quot;6809.40 zł&quot;)" storage="c:\projekty\nunittestproject\bin\debug\netcoreapp3.1\nunittestproject.dll" id="a3a62b11-2538-ecb1-962d-5432f1e041eb">
      <Execution id="2c9858d6-e6ba-419b-b96e-37d905a285b8" />
      <TestMethod codeBase="C:\Projekty\NUnitTestProject\bin\Debug\netcoreapp3.1\NUnitTestProject.dll" adapterTypeName="executor://nunit3testexecutor/" className="NUnitTestProject.CurrencyHelperTests" name="FormatToStringTest100(6809.40195803037d,&quot;6809.40 zł&quot;)" />
    </UnitTest>
    <UnitTest name="FormatToStringTest100(918.1842976688334d,&quot;918.18 zł&quot;)" storage="c:\projekty\nunittestproject\bin\debug\netcoreapp3.1\nunittestproject.dll" id="476c9edc-b6ea-cbad-6c80-83085ed5206c">
      <Execution id="1c67ac31-13f1-45bb-8b47-39c686153117" />
      <TestMethod codeBase="C:\Projekty\NUnitTestProject\bin\Debug\netcoreapp3.1\NUnitTestProject.dll" adapterTypeName="executor://nunit3testexecutor/" className="NUnitTestProject.CurrencyHelperTests" name="FormatToStringTest100(918.1842976688334d,&quot;918.18 zł&quot;)" />
    </UnitTest>
    <UnitTest name="FormatToStringTest100(70771.4436677524d,&quot;70771.44 zł&quot;)" storage="c:\projekty\nunittestproject\bin\debug\netcoreapp3.1\nunittestproject.dll" id="4ec0800c-e01f-aa73-19f1-180137b3dfdf">
      <Execution id="069e9cc2-76eb-4007-a5a6-9d3c2c333f69" />
      <TestMethod codeBase="C:\Projekty\NUnitTestProject\bin\Debug\netcoreapp3.1\NUnitTestProject.dll" adapterTypeName="executor://nunit3testexecutor/" className="NUnitTestProject.CurrencyHelperTests" name="FormatToStringTest100(70771.4436677524d,&quot;70771.44 zł&quot;)" />
    </UnitTest>
    <UnitTest name="FormatToStringTest100(46898.00219497783d,&quot;46898.00 zł&quot;)" storage="c:\projekty\nunittestproject\bin\debug\netcoreapp3.1\nunittestproject.dll" id="5979600d-d5d6-1c59-8a74-a8946a5412a6">
      <Execution id="d32bdff5-9704-4e20-aaa0-7a2d6ca3e46d" />
      <TestMethod codeBase="C:\Projekty\NUnitTestProject\bin\Debug\netcoreapp3.1\NUnitTestProject.dll" adapterTypeName="executor://nunit3testexecutor/" className="NUnitTestProject.CurrencyHelperTests" name="FormatToStringTest100(46898.00219497783d,&quot;46898.00 zł&quot;)" />
    </UnitTest>
    <UnitTest name="FormatToStringTest100(3521.3657738167635d,&quot;3521.37 zł&quot;)" storage="c:\projekty\nunittestproject\bin\debug\netcoreapp3.1\nunittestproject.dll" id="4f9e6f5b-43a2-746f-e9ea-c62ab0b035f9">
      <Execution id="ec5ca825-9f01-4aa1-b3a9-dd28add0f921" />
      <TestMethod codeBase="C:\Projekty\NUnitTestProject\bin\Debug\netcoreapp3.1\NUnitTestProject.dll" adapterTypeName="executor://nunit3testexecutor/" className="NUnitTestProject.CurrencyHelperTests" name="FormatToStringTest100(3521.3657738167635d,&quot;3521.37 zł&quot;)" />
    </UnitTest>
    <UnitTest name="FormatToStringTest100(33206.73122987837d,&quot;33206.73 zł&quot;)" storage="c:\projekty\nunittestproject\bin\debug\netcoreapp3.1\nunittestproject.dll" id="c8831b39-bf2b-06d6-5219-c1aac5b93a03">
      <Execution id="85e12462-8552-4d6a-a070-04fb2ff8b5b6" />
      <TestMethod codeBase="C:\Projekty\NUnitTestProject\bin\Debug\netcoreapp3.1\NUnitTestProject.dll" adapterTypeName="executor://nunit3testexecutor/" className="NUnitTestProject.CurrencyHelperTests" name="FormatToStringTest100(33206.73122987837d,&quot;33206.73 zł&quot;)" />
    </UnitTest>
    <UnitTest name="FormatToStringTest100(7594.279030504766d,&quot;7594.28 zł&quot;)" storage="c:\projekty\nunittestproject\bin\debug\netcoreapp3.1\nunittestproject.dll" id="6dd51b97-674e-6b9d-f047-ad979eb0870e">
      <Execution id="d5e39cef-1386-4e9f-bd8a-101eb02218fe" />
      <TestMethod codeBase="C:\Projekty\NUnitTestProject\bin\Debug\netcoreapp3.1\NUnitTestProject.dll" adapterTypeName="executor://nunit3testexecutor/" className="NUnitTestProject.CurrencyHelperTests" name="FormatToStringTest100(7594.279030504766d,&quot;7594.28 zł&quot;)" />
    </UnitTest>
    <UnitTest name="FormatToStringTest100(77904.0088552246d,&quot;77904.01 zł&quot;)" storage="c:\projekty\nunittestproject\bin\debug\netcoreapp3.1\nunittestproject.dll" id="6c73a1d1-2654-d03d-8bff-b9bca4e437ad">
      <Execution id="9fae518b-48ab-4c06-ba2b-6fd36113fa2d" />
      <TestMethod codeBase="C:\Projekty\NUnitTestProject\bin\Debug\netcoreapp3.1\NUnitTestProject.dll" adapterTypeName="executor://nunit3testexecutor/" className="NUnitTestProject.CurrencyHelperTests" name="FormatToStringTest100(77904.0088552246d,&quot;77904.01 zł&quot;)" />
    </UnitTest>
    <UnitTest name="FormatToStringTest100(9816.961298880615d,&quot;9816.96 zł&quot;)" storage="c:\projekty\nunittestproject\bin\debug\netcoreapp3.1\nunittestproject.dll" id="e36f3ecc-8033-228e-9e4e-38062b6e56ea">
      <Execution id="5abf4a74-4096-4147-ba5e-0b1f925cd896" />
      <TestMethod codeBase="C:\Projekty\NUnitTestProject\bin\Debug\netcoreapp3.1\NUnitTestProject.dll" adapterTypeName="executor://nunit3testexecutor/" className="NUnitTestProject.CurrencyHelperTests" name="FormatToStringTest100(9816.961298880615d,&quot;9816.96 zł&quot;)" />
    </UnitTest>
    <UnitTest name="FormatToStringTest100(63507.32603545455d,&quot;63507.33 zł&quot;)" storage="c:\projekty\nunittestproject\bin\debug\netcoreapp3.1\nunittestproject.dll" id="8f7eaa04-9e7b-2fbd-6154-590301c05ba7">
      <Execution id="ca545f50-fb13-43ad-8d34-d13926cece24" />
      <TestMethod codeBase="C:\Projekty\NUnitTestProject\bin\Debug\netcoreapp3.1\NUnitTestProject.dll" adapterTypeName="executor://nunit3testexecutor/" className="NUnitTestProject.CurrencyHelperTests" name="FormatToStringTest100(63507.32603545455d,&quot;63507.33 zł&quot;)" />
    </UnitTest>
    <UnitTest name="FormatToStringTest100(50991.22189691114d,&quot;50991.22 zł&quot;)" storage="c:\projekty\nunittestproject\bin\debug\netcoreapp3.1\nunittestproject.dll" id="a7906eba-4ddd-f057-76e4-695c12f668f7">
      <Execution id="3f0c800a-0b21-4d09-a998-2b0234fcdc7f" />
      <TestMethod codeBase="C:\Projekty\NUnitTestProject\bin\Debug\netcoreapp3.1\NUnitTestProject.dll" adapterTypeName="executor://nunit3testexecutor/" className="NUnitTestProject.CurrencyHelperTests" name="FormatToStringTest100(50991.22189691114d,&quot;50991.22 zł&quot;)" />
    </UnitTest>
    <UnitTest name="FormatToStringTest100(67338.80028760935d,&quot;67338.80 zł&quot;)" storage="c:\projekty\nunittestproject\bin\debug\netcoreapp3.1\nunittestproject.dll" id="68684c63-5f16-5756-6180-2b0b9df43ad7">
      <Execution id="8fee4754-e222-49c8-ac99-cbbc25c87dba" />
      <TestMethod codeBase="C:\Projekty\NUnitTestProject\bin\Debug\netcoreapp3.1\NUnitTestProject.dll" adapterTypeName="executor://nunit3testexecutor/" className="NUnitTestProject.CurrencyHelperTests" name="FormatToStringTest100(67338.80028760935d,&quot;67338.80 zł&quot;)" />
    </UnitTest>
    <UnitTest name="FormatToStringTest100(27050.586848031067d,&quot;27050.59 zł&quot;)" storage="c:\projekty\nunittestproject\bin\debug\netcoreapp3.1\nunittestproject.dll" id="32c30dee-17e8-bc72-ad30-e19ba3161b9e">
      <Execution id="bc3215b5-97d1-42d7-89f9-b82d3258ee51" />
      <TestMethod codeBase="C:\Projekty\NUnitTestProject\bin\Debug\netcoreapp3.1\NUnitTestProject.dll" adapterTypeName="executor://nunit3testexecutor/" className="NUnitTestProject.CurrencyHelperTests" name="FormatToStringTest100(27050.586848031067d,&quot;27050.59 zł&quot;)" />
    </UnitTest>
    <UnitTest name="FormatToStringTest100(8499.121443388574d,&quot;8499.12 zł&quot;)" storage="c:\projekty\nunittestproject\bin\debug\netcoreapp3.1\nunittestproject.dll" id="f914ee86-c2ad-95a7-e682-fa878f9f31a5">
      <Execution id="d6cdbb32-3547-4864-b395-192e0fdeacd1" />
      <TestMethod codeBase="C:\Projekty\NUnitTestProject\bin\Debug\netcoreapp3.1\NUnitTestProject.dll" adapterTypeName="executor://nunit3testexecutor/" className="NUnitTestProject.CurrencyHelperTests" name="FormatToStringTest100(8499.121443388574d,&quot;8499.12 zł&quot;)" />
    </UnitTest>
    <UnitTest name="FormatToStringTest100(24957.469502810607d,&quot;24957.47 zł&quot;)" storage="c:\projekty\nunittestproject\bin\debug\netcoreapp3.1\nunittestproject.dll" id="7df4ba29-38dd-828e-22e5-9f7e850eb994">
      <Execution id="3aed7b6d-9157-4cd2-9743-851e2191dfac" />
      <TestMethod codeBase="C:\Projekty\NUnitTestProject\bin\Debug\netcoreapp3.1\NUnitTestProject.dll" adapterTypeName="executor://nunit3testexecutor/" className="NUnitTestProject.CurrencyHelperTests" name="FormatToStringTest100(24957.469502810607d,&quot;24957.47 zł&quot;)" />
    </UnitTest>
    <UnitTest name="FormatToStringTest100(27893.312729890138d,&quot;27893.31 zł&quot;)" storage="c:\projekty\nunittestproject\bin\debug\netcoreapp3.1\nunittestproject.dll" id="a0940c02-10c2-a2ca-c99e-b2f24d99f98d">
      <Execution id="fa676e2e-7ea3-4ee5-bf61-1175ef7064a9" />
      <TestMethod codeBase="C:\Projekty\NUnitTestProject\bin\Debug\netcoreapp3.1\NUnitTestProject.dll" adapterTypeName="executor://nunit3testexecutor/" className="NUnitTestProject.CurrencyHelperTests" name="FormatToStringTest100(27893.312729890138d,&quot;27893.31 zł&quot;)" />
    </UnitTest>
    <UnitTest name="FormatToStringTest100(159.83786031922224d,&quot;159.84 zł&quot;)" storage="c:\projekty\nunittestproject\bin\debug\netcoreapp3.1\nunittestproject.dll" id="b058c171-2407-459c-7b57-a44deff88712">
      <Execution id="45d23f89-91ce-4369-9009-531c740f6297" />
      <TestMethod codeBase="C:\Projekty\NUnitTestProject\bin\Debug\netcoreapp3.1\NUnitTestProject.dll" adapterTypeName="executor://nunit3testexecutor/" className="NUnitTestProject.CurrencyHelperTests" name="FormatToStringTest100(159.83786031922224d,&quot;159.84 zł&quot;)" />
    </UnitTest>
    <UnitTest name="FormatToStringTest100(6890.028458985514d,&quot;6890.03 zł&quot;)" storage="c:\projekty\nunittestproject\bin\debug\netcoreapp3.1\nunittestproject.dll" id="d07b46f4-88eb-bfa4-6fe4-d6ba0c12fe8f">
      <Execution id="13ab4294-8c7a-4172-8a94-db37f4f9e303" />
      <TestMethod codeBase="C:\Projekty\NUnitTestProject\bin\Debug\netcoreapp3.1\NUnitTestProject.dll" adapterTypeName="executor://nunit3testexecutor/" className="NUnitTestProject.CurrencyHelperTests" name="FormatToStringTest100(6890.028458985514d,&quot;6890.03 zł&quot;)" />
    </UnitTest>
    <UnitTest name="FormatToStringTest100(736.7398243680316d,&quot;736.74 zł&quot;)" storage="c:\projekty\nunittestproject\bin\debug\netcoreapp3.1\nunittestproject.dll" id="c2636c45-ffae-32b8-cabd-dfdc2e3d89d2">
      <Execution id="df332c1e-b582-4da2-98f6-0e1c79b2b6e1" />
      <TestMethod codeBase="C:\Projekty\NUnitTestProject\bin\Debug\netcoreapp3.1\NUnitTestProject.dll" adapterTypeName="executor://nunit3testexecutor/" className="NUnitTestProject.CurrencyHelperTests" name="FormatToStringTest100(736.7398243680316d,&quot;736.74 zł&quot;)" />
    </UnitTest>
    <UnitTest name="FormatToStringTest100(22604.838218828587d,&quot;22604.84 zł&quot;)" storage="c:\projekty\nunittestproject\bin\debug\netcoreapp3.1\nunittestproject.dll" id="710c032e-d39d-8d3b-a713-86e049d87044">
      <Execution id="e13e16a7-6ff9-45bb-806f-7f7388fa7721" />
      <TestMethod codeBase="C:\Projekty\NUnitTestProject\bin\Debug\netcoreapp3.1\NUnitTestProject.dll" adapterTypeName="executor://nunit3testexecutor/" className="NUnitTestProject.CurrencyHelperTests" name="FormatToStringTest100(22604.838218828587d,&quot;22604.84 zł&quot;)" />
    </UnitTest>
    <UnitTest name="FormatToStringTest100(79973.08417819678d,&quot;79973.08 zł&quot;)" storage="c:\projekty\nunittestproject\bin\debug\netcoreapp3.1\nunittestproject.dll" id="55105f60-a252-8b4a-ee9e-f959f50461df">
      <Execution id="333cd61b-d361-46dc-9bfd-e8de7c81253e" />
      <TestMethod codeBase="C:\Projekty\NUnitTestProject\bin\Debug\netcoreapp3.1\NUnitTestProject.dll" adapterTypeName="executor://nunit3testexecutor/" className="NUnitTestProject.CurrencyHelperTests" name="FormatToStringTest100(79973.08417819678d,&quot;79973.08 zł&quot;)" />
    </UnitTest>
    <UnitTest name="FormatToStringTest100(12949.590713378317d,&quot;12949.59 zł&quot;)" storage="c:\projekty\nunittestproject\bin\debug\netcoreapp3.1\nunittestproject.dll" id="5ca8472c-ed3c-7743-d772-01a1bacc08cf">
      <Execution id="1088716d-216b-4b4b-9fa7-f66edb24f99b" />
      <TestMethod codeBase="C:\Projekty\NUnitTestProject\bin\Debug\netcoreapp3.1\NUnitTestProject.dll" adapterTypeName="executor://nunit3testexecutor/" className="NUnitTestProject.CurrencyHelperTests" name="FormatToStringTest100(12949.590713378317d,&quot;12949.59 zł&quot;)" />
    </UnitTest>
    <UnitTest name="FormatToStringTest100(22291.653251342315d,&quot;22291.65 zł&quot;)" storage="c:\projekty\nunittestproject\bin\debug\netcoreapp3.1\nunittestproject.dll" id="73e4a8c3-f139-990a-bc9e-43cbdff15e01">
      <Execution id="5c8d2b71-a4f4-4f2c-a726-c29118a3eceb" />
      <TestMethod codeBase="C:\Projekty\NUnitTestProject\bin\Debug\netcoreapp3.1\NUnitTestProject.dll" adapterTypeName="executor://nunit3testexecutor/" className="NUnitTestProject.CurrencyHelperTests" name="FormatToStringTest100(22291.653251342315d,&quot;22291.65 zł&quot;)" />
    </UnitTest>
    <UnitTest name="FormatToStringTest100(10784.438152511344d,&quot;10784.44 zł&quot;)" storage="c:\projekty\nunittestproject\bin\debug\netcoreapp3.1\nunittestproject.dll" id="2f08def2-23e6-739d-cc7a-7a09510b67ea">
      <Execution id="f4bd9f1e-8f2d-4d57-8e02-b7a667dd5751" />
      <TestMethod codeBase="C:\Projekty\NUnitTestProject\bin\Debug\netcoreapp3.1\NUnitTestProject.dll" adapterTypeName="executor://nunit3testexecutor/" className="NUnitTestProject.CurrencyHelperTests" name="FormatToStringTest100(10784.438152511344d,&quot;10784.44 zł&quot;)" />
    </UnitTest>
    <UnitTest name="FormatToStringTest100(14237.13226245955d,&quot;14237.13 zł&quot;)" storage="c:\projekty\nunittestproject\bin\debug\netcoreapp3.1\nunittestproject.dll" id="6f964e27-f684-37ef-0fe4-6db993d07017">
      <Execution id="a5487ef6-6a82-40df-9351-dd37e82872bf" />
      <TestMethod codeBase="C:\Projekty\NUnitTestProject\bin\Debug\netcoreapp3.1\NUnitTestProject.dll" adapterTypeName="executor://nunit3testexecutor/" className="NUnitTestProject.CurrencyHelperTests" name="FormatToStringTest100(14237.13226245955d,&quot;14237.13 zł&quot;)" />
    </UnitTest>
    <UnitTest name="FormatToStringTest100(45035.160883881224d,&quot;45035.16 zł&quot;)" storage="c:\projekty\nunittestproject\bin\debug\netcoreapp3.1\nunittestproject.dll" id="905708b7-164a-0db6-1796-f60b9303ead6">
      <Execution id="02c306f2-ce1a-4546-a08f-2b227bff8007" />
      <TestMethod codeBase="C:\Projekty\NUnitTestProject\bin\Debug\netcoreapp3.1\NUnitTestProject.dll" adapterTypeName="executor://nunit3testexecutor/" className="NUnitTestProject.CurrencyHelperTests" name="FormatToStringTest100(45035.160883881224d,&quot;45035.16 zł&quot;)" />
    </UnitTest>
    <UnitTest name="FormatToStringTest100(18990.72499258012d,&quot;18990.72 zł&quot;)" storage="c:\projekty\nunittestproject\bin\debug\netcoreapp3.1\nunittestproject.dll" id="e2700cee-eb5b-94db-dadd-a33ff5cf6ee6">
      <Execution id="0fcd4c01-2183-4a13-96d7-93f1d7b49290" />
      <TestMethod codeBase="C:\Projekty\NUnitTestProject\bin\Debug\netcoreapp3.1\NUnitTestProject.dll" adapterTypeName="executor://nunit3testexecutor/" className="NUnitTestProject.CurrencyHelperTests" name="FormatToStringTest100(18990.72499258012d,&quot;18990.72 zł&quot;)" />
    </UnitTest>
    <UnitTest name="FormatToStringTest100(16986.338876065027d,&quot;16986.34 zł&quot;)" storage="c:\projekty\nunittestproject\bin\debug\netcoreapp3.1\nunittestproject.dll" id="df63a8e8-b664-17f1-364e-31895b9a1463">
      <Execution id="c778d41b-4e52-4329-83e0-c500aff37777" />
      <TestMethod codeBase="C:\Projekty\NUnitTestProject\bin\Debug\netcoreapp3.1\NUnitTestProject.dll" adapterTypeName="executor://nunit3testexecutor/" className="NUnitTestProject.CurrencyHelperTests" name="FormatToStringTest100(16986.338876065027d,&quot;16986.34 zł&quot;)" />
    </UnitTest>
    <UnitTest name="FormatToStringTest100(22666.13578912995d,&quot;22666.14 zł&quot;)" storage="c:\projekty\nunittestproject\bin\debug\netcoreapp3.1\nunittestproject.dll" id="b69457d8-d004-7265-0ffe-f1f1b36f446a">
      <Execution id="7aa25039-a0b9-4049-b5f3-a5cfd944fd9b" />
      <TestMethod codeBase="C:\Projekty\NUnitTestProject\bin\Debug\netcoreapp3.1\NUnitTestProject.dll" adapterTypeName="executor://nunit3testexecutor/" className="NUnitTestProject.CurrencyHelperTests" name="FormatToStringTest100(22666.13578912995d,&quot;22666.14 zł&quot;)" />
    </UnitTest>
    <UnitTest name="FormatToStringTest100(6958.393354767186d,&quot;6958.39 zł&quot;)" storage="c:\projekty\nunittestproject\bin\debug\netcoreapp3.1\nunittestproject.dll" id="17a04856-0f1c-ab7a-1a01-1d07ebf4dd98">
      <Execution id="384940d8-8f6e-4286-a784-b453aa5fe05d" />
      <TestMethod codeBase="C:\Projekty\NUnitTestProject\bin\Debug\netcoreapp3.1\NUnitTestProject.dll" adapterTypeName="executor://nunit3testexecutor/" className="NUnitTestProject.CurrencyHelperTests" name="FormatToStringTest100(6958.393354767186d,&quot;6958.39 zł&quot;)" />
    </UnitTest>
    <UnitTest name="FormatToStringTest100(7124.979180760672d,&quot;7124.98 zł&quot;)" storage="c:\projekty\nunittestproject\bin\debug\netcoreapp3.1\nunittestproject.dll" id="6e6925d1-75e5-a13f-cd68-43233a607f3d">
      <Execution id="d21924b3-a22f-4f20-a2da-41da9c0017bb" />
      <TestMethod codeBase="C:\Projekty\NUnitTestProject\bin\Debug\netcoreapp3.1\NUnitTestProject.dll" adapterTypeName="executor://nunit3testexecutor/" className="NUnitTestProject.CurrencyHelperTests" name="FormatToStringTest100(7124.979180760672d,&quot;7124.98 zł&quot;)" />
    </UnitTest>
    <UnitTest name="FormatToStringTest100(78822.37212685234d,&quot;78822.37 zł&quot;)" storage="c:\projekty\nunittestproject\bin\debug\netcoreapp3.1\nunittestproject.dll" id="b1eb6943-1b02-4d9c-02f3-a7fb091a5c55">
      <Execution id="424e17ef-93bf-4f70-a3d3-db57a3870ebc" />
      <TestMethod codeBase="C:\Projekty\NUnitTestProject\bin\Debug\netcoreapp3.1\NUnitTestProject.dll" adapterTypeName="executor://nunit3testexecutor/" className="NUnitTestProject.CurrencyHelperTests" name="FormatToStringTest100(78822.37212685234d,&quot;78822.37 zł&quot;)" />
    </UnitTest>
    <UnitTest name="FormatToStringTest100(96.75594581512546d,&quot;96.76 zł&quot;)" storage="c:\projekty\nunittestproject\bin\debug\netcoreapp3.1\nunittestproject.dll" id="97add3a7-18d1-8ae3-a700-3b9a6e54f2a9">
      <Execution id="b1c6a5bd-7b4e-4244-b74a-c74e531c6608" />
      <TestMethod codeBase="C:\Projekty\NUnitTestProject\bin\Debug\netcoreapp3.1\NUnitTestProject.dll" adapterTypeName="executor://nunit3testexecutor/" className="NUnitTestProject.CurrencyHelperTests" name="FormatToStringTest100(96.75594581512546d,&quot;96.76 zł&quot;)" />
    </UnitTest>
    <UnitTest name="FormatToStringTest100(32216.686763396807d,&quot;32216.69 zł&quot;)" storage="c:\projekty\nunittestproject\bin\debug\netcoreapp3.1\nunittestproject.dll" id="f1f7b0d5-822c-33e5-b9ff-f30531705ff1">
      <Execution id="8ae3d841-1296-4714-b5e5-92ce991e7622" />
      <TestMethod codeBase="C:\Projekty\NUnitTestProject\bin\Debug\netcoreapp3.1\NUnitTestProject.dll" adapterTypeName="executor://nunit3testexecutor/" className="NUnitTestProject.CurrencyHelperTests" name="FormatToStringTest100(32216.686763396807d,&quot;32216.69 zł&quot;)" />
    </UnitTest>
    <UnitTest name="FormatToStringTest100(1614.2516601789982d,&quot;1614.25 zł&quot;)" storage="c:\projekty\nunittestproject\bin\debug\netcoreapp3.1\nunittestproject.dll" id="02c02901-0347-558c-6501-8babfd6a6a4a">
      <Execution id="d62b3a09-525a-4f44-b51f-000f050ec04b" />
      <TestMethod codeBase="C:\Projekty\NUnitTestProject\bin\Debug\netcoreapp3.1\NUnitTestProject.dll" adapterTypeName="executor://nunit3testexecutor/" className="NUnitTestProject.CurrencyHelperTests" name="FormatToStringTest100(1614.2516601789982d,&quot;1614.25 zł&quot;)" />
    </UnitTest>
    <UnitTest name="FormatToStringTest100(75350.77330865282d,&quot;75350.77 zł&quot;)" storage="c:\projekty\nunittestproject\bin\debug\netcoreapp3.1\nunittestproject.dll" id="8e900221-d77a-d627-361c-9ca1a5beba60">
      <Execution id="5d94d80c-3e06-4abb-96d5-91299d76bb76" />
      <TestMethod codeBase="C:\Projekty\NUnitTestProject\bin\Debug\netcoreapp3.1\NUnitTestProject.dll" adapterTypeName="executor://nunit3testexecutor/" className="NUnitTestProject.CurrencyHelperTests" name="FormatToStringTest100(75350.77330865282d,&quot;75350.77 zł&quot;)" />
    </UnitTest>
    <UnitTest name="FormatToStringTest100(726.8087564975995d,&quot;726.81 zł&quot;)" storage="c:\projekty\nunittestproject\bin\debug\netcoreapp3.1\nunittestproject.dll" id="9ea4a98e-a00d-a47e-d475-c2b7e3bc350d">
      <Execution id="a2eb8b1c-198a-43db-9776-4521a1676ccf" />
      <TestMethod codeBase="C:\Projekty\NUnitTestProject\bin\Debug\netcoreapp3.1\NUnitTestProject.dll" adapterTypeName="executor://nunit3testexecutor/" className="NUnitTestProject.CurrencyHelperTests" name="FormatToStringTest100(726.8087564975995d,&quot;726.81 zł&quot;)" />
    </UnitTest>
    <UnitTest name="FormatToStringTest100(62975.496334776515d,&quot;62975.50 zł&quot;)" storage="c:\projekty\nunittestproject\bin\debug\netcoreapp3.1\nunittestproject.dll" id="e25a10b5-5264-4837-7f5e-e77f0fe36b19">
      <Execution id="ca7d44a6-6e76-45c0-ad03-86832cf0d861" />
      <TestMethod codeBase="C:\Projekty\NUnitTestProject\bin\Debug\netcoreapp3.1\NUnitTestProject.dll" adapterTypeName="executor://nunit3testexecutor/" className="NUnitTestProject.CurrencyHelperTests" name="FormatToStringTest100(62975.496334776515d,&quot;62975.50 zł&quot;)" />
    </UnitTest>
    <UnitTest name="FormatToStringTest100(10268.547802396373d,&quot;10268.55 zł&quot;)" storage="c:\projekty\nunittestproject\bin\debug\netcoreapp3.1\nunittestproject.dll" id="8a579aef-fa33-44e5-d72c-f84816f89dda">
      <Execution id="9c43a757-f873-4cd3-9adc-41bb0738b122" />
      <TestMethod codeBase="C:\Projekty\NUnitTestProject\bin\Debug\netcoreapp3.1\NUnitTestProject.dll" adapterTypeName="executor://nunit3testexecutor/" className="NUnitTestProject.CurrencyHelperTests" name="FormatToStringTest100(10268.547802396373d,&quot;10268.55 zł&quot;)" />
    </UnitTest>
    <UnitTest name="FormatToStringTest100(19541.10539777116d,&quot;19541.11 zł&quot;)" storage="c:\projekty\nunittestproject\bin\debug\netcoreapp3.1\nunittestproject.dll" id="60c34650-73c3-1462-40f1-f8603816957f">
      <Execution id="2b6cfd1b-8691-4f2e-8401-82655d85ee6a" />
      <TestMethod codeBase="C:\Projekty\NUnitTestProject\bin\Debug\netcoreapp3.1\NUnitTestProject.dll" adapterTypeName="executor://nunit3testexecutor/" className="NUnitTestProject.CurrencyHelperTests" name="FormatToStringTest100(19541.10539777116d,&quot;19541.11 zł&quot;)" />
    </UnitTest>
    <UnitTest name="FormatToStringTest100(15566.957545477411d,&quot;15566.96 zł&quot;)" storage="c:\projekty\nunittestproject\bin\debug\netcoreapp3.1\nunittestproject.dll" id="a4552a20-90c6-da36-cd4c-fbcb6268dcde">
      <Execution id="1bc29b07-9a23-4795-b348-9f5f23e95ef3" />
      <TestMethod codeBase="C:\Projekty\NUnitTestProject\bin\Debug\netcoreapp3.1\NUnitTestProject.dll" adapterTypeName="executor://nunit3testexecutor/" className="NUnitTestProject.CurrencyHelperTests" name="FormatToStringTest100(15566.957545477411d,&quot;15566.96 zł&quot;)" />
    </UnitTest>
    <UnitTest name="FormatToStringTest100(28072.424637532058d,&quot;28072.42 zł&quot;)" storage="c:\projekty\nunittestproject\bin\debug\netcoreapp3.1\nunittestproject.dll" id="86b8941d-d36c-06dd-c905-fa6d7a4013e5">
      <Execution id="47054f40-7cf5-4df3-8749-b2a55de16522" />
      <TestMethod codeBase="C:\Projekty\NUnitTestProject\bin\Debug\netcoreapp3.1\NUnitTestProject.dll" adapterTypeName="executor://nunit3testexecutor/" className="NUnitTestProject.CurrencyHelperTests" name="FormatToStringTest100(28072.424637532058d,&quot;28072.42 zł&quot;)" />
    </UnitTest>
    <UnitTest name="FormatToStringTest100(5396.620088554277d,&quot;5396.62 zł&quot;)" storage="c:\projekty\nunittestproject\bin\debug\netcoreapp3.1\nunittestproject.dll" id="4e8ed588-d392-7511-ecc9-96da1857794d">
      <Execution id="db554271-0178-4431-8cce-1508b41a7f2f" />
      <TestMethod codeBase="C:\Projekty\NUnitTestProject\bin\Debug\netcoreapp3.1\NUnitTestProject.dll" adapterTypeName="executor://nunit3testexecutor/" className="NUnitTestProject.CurrencyHelperTests" name="FormatToStringTest100(5396.620088554277d,&quot;5396.62 zł&quot;)" />
    </UnitTest>
    <UnitTest name="FormatToStringTest100(45603.90324273142d,&quot;45603.90 zł&quot;)" storage="c:\projekty\nunittestproject\bin\debug\netcoreapp3.1\nunittestproject.dll" id="82558537-50ec-fc9d-a7b1-76091e0d2ecf">
      <Execution id="d5913274-ca36-4b93-a020-c72feb8918ad" />
      <TestMethod codeBase="C:\Projekty\NUnitTestProject\bin\Debug\netcoreapp3.1\NUnitTestProject.dll" adapterTypeName="executor://nunit3testexecutor/" className="NUnitTestProject.CurrencyHelperTests" name="FormatToStringTest100(45603.90324273142d,&quot;45603.90 zł&quot;)" />
    </UnitTest>
    <UnitTest name="FormatToStringTest100(25990.318498101697d,&quot;25990.32 zł&quot;)" storage="c:\projekty\nunittestproject\bin\debug\netcoreapp3.1\nunittestproject.dll" id="dd1f1120-f5a5-11a0-4ecf-8df96d7fc7fd">
      <Execution id="d56ae9cc-28e4-4b57-9624-d6747de2b274" />
      <TestMethod codeBase="C:\Projekty\NUnitTestProject\bin\Debug\netcoreapp3.1\NUnitTestProject.dll" adapterTypeName="executor://nunit3testexecutor/" className="NUnitTestProject.CurrencyHelperTests" name="FormatToStringTest100(25990.318498101697d,&quot;25990.32 zł&quot;)" />
    </UnitTest>
    <UnitTest name="FormatToStringTest100(2292.8331871111104d,&quot;2292.83 zł&quot;)" storage="c:\projekty\nunittestproject\bin\debug\netcoreapp3.1\nunittestproject.dll" id="993b2e32-0de1-26c2-5e33-6a1ad01eeb5e">
      <Execution id="9f426b7e-5c66-48f4-8385-9f7c19b76fe2" />
      <TestMethod codeBase="C:\Projekty\NUnitTestProject\bin\Debug\netcoreapp3.1\NUnitTestProject.dll" adapterTypeName="executor://nunit3testexecutor/" className="NUnitTestProject.CurrencyHelperTests" name="FormatToStringTest100(2292.8331871111104d,&quot;2292.83 zł&quot;)" />
    </UnitTest>
    <UnitTest name="FormatToStringTest100(41876.979471482795d,&quot;41876.98 zł&quot;)" storage="c:\projekty\nunittestproject\bin\debug\netcoreapp3.1\nunittestproject.dll" id="efa0c9dd-5dae-4bc5-1d88-8059c0fedffd">
      <Execution id="514ed5dc-1388-4ded-8d86-bcb6263a6036" />
      <TestMethod codeBase="C:\Projekty\NUnitTestProject\bin\Debug\netcoreapp3.1\NUnitTestProject.dll" adapterTypeName="executor://nunit3testexecutor/" className="NUnitTestProject.CurrencyHelperTests" name="FormatToStringTest100(41876.979471482795d,&quot;41876.98 zł&quot;)" />
    </UnitTest>
    <UnitTest name="FormatToStringTest100(26515.80237687929d,&quot;26515.80 zł&quot;)" storage="c:\projekty\nunittestproject\bin\debug\netcoreapp3.1\nunittestproject.dll" id="d7c99ac8-861f-2067-8f65-8717ab2b5eb2">
      <Execution id="269f72b4-05fa-4e8a-9ac2-6c7d3f35f57e" />
      <TestMethod codeBase="C:\Projekty\NUnitTestProject\bin\Debug\netcoreapp3.1\NUnitTestProject.dll" adapterTypeName="executor://nunit3testexecutor/" className="NUnitTestProject.CurrencyHelperTests" name="FormatToStringTest100(26515.80237687929d,&quot;26515.80 zł&quot;)" />
    </UnitTest>
    <UnitTest name="FormatToStringTest100(64210.358316209335d,&quot;64210.36 zł&quot;)" storage="c:\projekty\nunittestproject\bin\debug\netcoreapp3.1\nunittestproject.dll" id="2877141a-aa4d-178b-dc9f-3b49cd88281f">
      <Execution id="b6f2c3f7-a41d-4cee-a087-3b3dfd6d1cc9" />
      <TestMethod codeBase="C:\Projekty\NUnitTestProject\bin\Debug\netcoreapp3.1\NUnitTestProject.dll" adapterTypeName="executor://nunit3testexecutor/" className="NUnitTestProject.CurrencyHelperTests" name="FormatToStringTest100(64210.358316209335d,&quot;64210.36 zł&quot;)" />
    </UnitTest>
    <UnitTest name="FormatToStringTest100(31290.71396233687d,&quot;31290.71 zł&quot;)" storage="c:\projekty\nunittestproject\bin\debug\netcoreapp3.1\nunittestproject.dll" id="7423707e-221b-8128-5158-18f9b4198629">
      <Execution id="0c72062c-3e26-41ec-9479-c26b7b681235" />
      <TestMethod codeBase="C:\Projekty\NUnitTestProject\bin\Debug\netcoreapp3.1\NUnitTestProject.dll" adapterTypeName="executor://nunit3testexecutor/" className="NUnitTestProject.CurrencyHelperTests" name="FormatToStringTest100(31290.71396233687d,&quot;31290.71 zł&quot;)" />
    </UnitTest>
    <UnitTest name="FormatToStringTest100(40857.08543233996d,&quot;40857.09 zł&quot;)" storage="c:\projekty\nunittestproject\bin\debug\netcoreapp3.1\nunittestproject.dll" id="71b6d7a3-741f-e1f8-1593-52351d6b5171">
      <Execution id="38169e5d-2d4c-4218-a3c1-0609fdf18bb7" />
      <TestMethod codeBase="C:\Projekty\NUnitTestProject\bin\Debug\netcoreapp3.1\NUnitTestProject.dll" adapterTypeName="executor://nunit3testexecutor/" className="NUnitTestProject.CurrencyHelperTests" name="FormatToStringTest100(40857.08543233996d,&quot;40857.09 zł&quot;)" />
    </UnitTest>
    <UnitTest name="FormatToStringTest100(1108.7197928823157d,&quot;1108.72 zł&quot;)" storage="c:\projekty\nunittestproject\bin\debug\netcoreapp3.1\nunittestproject.dll" id="bab29e16-7181-0c35-50c9-4bfc6868cc06">
      <Execution id="70d345cd-6629-41e2-8098-280397fbcef1" />
      <TestMethod codeBase="C:\Projekty\NUnitTestProject\bin\Debug\netcoreapp3.1\NUnitTestProject.dll" adapterTypeName="executor://nunit3testexecutor/" className="NUnitTestProject.CurrencyHelperTests" name="FormatToStringTest100(1108.7197928823157d,&quot;1108.72 zł&quot;)" />
    </UnitTest>
    <UnitTest name="FormatToStringTest100(74514.06270644537d,&quot;74514.06 zł&quot;)" storage="c:\projekty\nunittestproject\bin\debug\netcoreapp3.1\nunittestproject.dll" id="6b89659b-5dc5-b05c-ce48-871e20f8abd3">
      <Execution id="fb861ad7-dbba-43d6-8685-52e0fd6f8755" />
      <TestMethod codeBase="C:\Projekty\NUnitTestProject\bin\Debug\netcoreapp3.1\NUnitTestProject.dll" adapterTypeName="executor://nunit3testexecutor/" className="NUnitTestProject.CurrencyHelperTests" name="FormatToStringTest100(74514.06270644537d,&quot;74514.06 zł&quot;)" />
    </UnitTest>
    <UnitTest name="FormatToStringTest100(10914.360814625099d,&quot;10914.36 zł&quot;)" storage="c:\projekty\nunittestproject\bin\debug\netcoreapp3.1\nunittestproject.dll" id="cb578742-c7f5-996b-5acf-564c542733c1">
      <Execution id="6a74f5cf-ef7f-4481-a078-4c31ac913ce4" />
      <TestMethod codeBase="C:\Projekty\NUnitTestProject\bin\Debug\netcoreapp3.1\NUnitTestProject.dll" adapterTypeName="executor://nunit3testexecutor/" className="NUnitTestProject.CurrencyHelperTests" name="FormatToStringTest100(10914.360814625099d,&quot;10914.36 zł&quot;)" />
    </UnitTest>
    <UnitTest name="FormatToStringTest100(50339.31259969497d,&quot;50339.31 zł&quot;)" storage="c:\projekty\nunittestproject\bin\debug\netcoreapp3.1\nunittestproject.dll" id="f95d03e5-c6a6-a1ee-d69f-d2e7ee2d48f8">
      <Execution id="5c7689ab-3950-4b46-bd41-85601bedab24" />
      <TestMethod codeBase="C:\Projekty\NUnitTestProject\bin\Debug\netcoreapp3.1\NUnitTestProject.dll" adapterTypeName="executor://nunit3testexecutor/" className="NUnitTestProject.CurrencyHelperTests" name="FormatToStringTest100(50339.31259969497d,&quot;50339.31 zł&quot;)" />
    </UnitTest>
    <UnitTest name="FormatToStringTest100(14172.682747822573d,&quot;14172.68 zł&quot;)" storage="c:\projekty\nunittestproject\bin\debug\netcoreapp3.1\nunittestproject.dll" id="94b82bc3-613a-e2b4-455b-4b4df4f2d194">
      <Execution id="ef1b4492-d81f-4415-8aab-622994ad9eb7" />
      <TestMethod codeBase="C:\Projekty\NUnitTestProject\bin\Debug\netcoreapp3.1\NUnitTestProject.dll" adapterTypeName="executor://nunit3testexecutor/" className="NUnitTestProject.CurrencyHelperTests" name="FormatToStringTest100(14172.682747822573d,&quot;14172.68 zł&quot;)" />
    </UnitTest>
    <UnitTest name="FormatToStringTest100(7458.609645228652d,&quot;7458.61 zł&quot;)" storage="c:\projekty\nunittestproject\bin\debug\netcoreapp3.1\nunittestproject.dll" id="b17f72a8-f991-8baf-d564-f4680aafed09">
      <Execution id="a2324a4d-34a0-40b8-8b63-dbb1cd34937b" />
      <TestMethod codeBase="C:\Projekty\NUnitTestProject\bin\Debug\netcoreapp3.1\NUnitTestProject.dll" adapterTypeName="executor://nunit3testexecutor/" className="NUnitTestProject.CurrencyHelperTests" name="FormatToStringTest100(7458.609645228652d,&quot;7458.61 zł&quot;)" />
    </UnitTest>
    <UnitTest name="FormatToStringTest100(8768.816937361293d,&quot;8768.82 zł&quot;)" storage="c:\projekty\nunittestproject\bin\debug\netcoreapp3.1\nunittestproject.dll" id="167bd640-ca8a-be35-54d9-c9d535f6b8a9">
      <Execution id="9acfdacf-c5ed-4cb7-86f4-cbd03b9dd94a" />
      <TestMethod codeBase="C:\Projekty\NUnitTestProject\bin\Debug\netcoreapp3.1\NUnitTestProject.dll" adapterTypeName="executor://nunit3testexecutor/" className="NUnitTestProject.CurrencyHelperTests" name="FormatToStringTest100(8768.816937361293d,&quot;8768.82 zł&quot;)" />
    </UnitTest>
    <UnitTest name="FormatToStringTest100(1208.1827589441941d,&quot;1208.18 zł&quot;)" storage="c:\projekty\nunittestproject\bin\debug\netcoreapp3.1\nunittestproject.dll" id="b874febd-2abb-b5bf-4874-36453bfcf028">
      <Execution id="cc06e581-8c26-4777-ab4b-f8068ecf246f" />
      <TestMethod codeBase="C:\Projekty\NUnitTestProject\bin\Debug\netcoreapp3.1\NUnitTestProject.dll" adapterTypeName="executor://nunit3testexecutor/" className="NUnitTestProject.CurrencyHelperTests" name="FormatToStringTest100(1208.1827589441941d,&quot;1208.18 zł&quot;)" />
    </UnitTest>
    <UnitTest name="FormatToStringTest100(52810.91713865516d,&quot;52810.92 zł&quot;)" storage="c:\projekty\nunittestproject\bin\debug\netcoreapp3.1\nunittestproject.dll" id="50b2ab98-8300-86f7-cec9-4d0f5d9f3400">
      <Execution id="bbd2a99f-7a14-48b4-b3b0-7c49d17700f3" />
      <TestMethod codeBase="C:\Projekty\NUnitTestProject\bin\Debug\netcoreapp3.1\NUnitTestProject.dll" adapterTypeName="executor://nunit3testexecutor/" className="NUnitTestProject.CurrencyHelperTests" name="FormatToStringTest100(52810.91713865516d,&quot;52810.92 zł&quot;)" />
    </UnitTest>
    <UnitTest name="FormatToStringTest100(591.2110872302256d,&quot;591.21 zł&quot;)" storage="c:\projekty\nunittestproject\bin\debug\netcoreapp3.1\nunittestproject.dll" id="25a5f880-4d24-d3c7-abcb-2dee8483e02e">
      <Execution id="482e447d-8d8a-48e3-b83c-1d5a93e71def" />
      <TestMethod codeBase="C:\Projekty\NUnitTestProject\bin\Debug\netcoreapp3.1\NUnitTestProject.dll" adapterTypeName="executor://nunit3testexecutor/" className="NUnitTestProject.CurrencyHelperTests" name="FormatToStringTest100(591.2110872302256d,&quot;591.21 zł&quot;)" />
    </UnitTest>
    <UnitTest name="FormatToStringTest100(740.3213011405064d,&quot;740.32 zł&quot;)" storage="c:\projekty\nunittestproject\bin\debug\netcoreapp3.1\nunittestproject.dll" id="ca1d016a-03df-8541-a82d-e65f358d218a">
      <Execution id="fd660232-6f66-400d-b131-7effc6274ca6" />
      <TestMethod codeBase="C:\Projekty\NUnitTestProject\bin\Debug\netcoreapp3.1\NUnitTestProject.dll" adapterTypeName="executor://nunit3testexecutor/" className="NUnitTestProject.CurrencyHelperTests" name="FormatToStringTest100(740.3213011405064d,&quot;740.32 zł&quot;)" />
    </UnitTest>
    <UnitTest name="FormatToStringTest100(37589.670531794276d,&quot;37589.67 zł&quot;)" storage="c:\projekty\nunittestproject\bin\debug\netcoreapp3.1\nunittestproject.dll" id="0441a484-8788-b6be-6f48-c9fcdc14bb9b">
      <Execution id="edcfad09-a8c6-4cf6-8ad0-2fa06ce95c22" />
      <TestMethod codeBase="C:\Projekty\NUnitTestProject\bin\Debug\netcoreapp3.1\NUnitTestProject.dll" adapterTypeName="executor://nunit3testexecutor/" className="NUnitTestProject.CurrencyHelperTests" name="FormatToStringTest100(37589.670531794276d,&quot;37589.67 zł&quot;)" />
    </UnitTest>
    <UnitTest name="FormatToStringTest100(468.83385119346616d,&quot;468.83 zł&quot;)" storage="c:\projekty\nunittestproject\bin\debug\netcoreapp3.1\nunittestproject.dll" id="654a56d0-2fdd-75b4-3dfc-159238275382">
      <Execution id="b00f8ff2-1202-4599-938f-3fbbceeb0f26" />
      <TestMethod codeBase="C:\Projekty\NUnitTestProject\bin\Debug\netcoreapp3.1\NUnitTestProject.dll" adapterTypeName="executor://nunit3testexecutor/" className="NUnitTestProject.CurrencyHelperTests" name="FormatToStringTest100(468.83385119346616d,&quot;468.83 zł&quot;)" />
    </UnitTest>
    <UnitTest name="FormatToStringTest100(11100.829211263372d,&quot;11100.83 zł&quot;)" storage="c:\projekty\nunittestproject\bin\debug\netcoreapp3.1\nunittestproject.dll" id="bc60038d-a8ea-2e7f-26de-80f8d367bef6">
      <Execution id="81f61342-b8b6-42cc-86ea-c594fcafcd11" />
      <TestMethod codeBase="C:\Projekty\NUnitTestProject\bin\Debug\netcoreapp3.1\NUnitTestProject.dll" adapterTypeName="executor://nunit3testexecutor/" className="NUnitTestProject.CurrencyHelperTests" name="FormatToStringTest100(11100.829211263372d,&quot;11100.83 zł&quot;)" />
    </UnitTest>
    <UnitTest name="FormatToStringTest100(286.92120604539343d,&quot;286.92 zł&quot;)" storage="c:\projekty\nunittestproject\bin\debug\netcoreapp3.1\nunittestproject.dll" id="854d51c5-41df-4ddb-a8da-54b20e306485">
      <Execution id="218a153b-5ad5-463a-9a62-09f6ed22401b" />
      <TestMethod codeBase="C:\Projekty\NUnitTestProject\bin\Debug\netcoreapp3.1\NUnitTestProject.dll" adapterTypeName="executor://nunit3testexecutor/" className="NUnitTestProject.CurrencyHelperTests" name="FormatToStringTest100(286.92120604539343d,&quot;286.92 zł&quot;)" />
    </UnitTest>
    <UnitTest name="FormatToStringTest100(317.9090540706688d,&quot;317.91 zł&quot;)" storage="c:\projekty\nunittestproject\bin\debug\netcoreapp3.1\nunittestproject.dll" id="056a4908-08a5-5e22-9551-e77f68ab63c4">
      <Execution id="6a0a95a8-e61a-4b6b-b93a-accafcbd9638" />
      <TestMethod codeBase="C:\Projekty\NUnitTestProject\bin\Debug\netcoreapp3.1\NUnitTestProject.dll" adapterTypeName="executor://nunit3testexecutor/" className="NUnitTestProject.CurrencyHelperTests" name="FormatToStringTest100(317.9090540706688d,&quot;317.91 zł&quot;)" />
    </UnitTest>
    <UnitTest name="FormatToStringTest100(1741.3334432818617d,&quot;1741.33 zł&quot;)" storage="c:\projekty\nunittestproject\bin\debug\netcoreapp3.1\nunittestproject.dll" id="a9227eb6-41f1-9ad5-6a50-0ab740c4f5fb">
      <Execution id="f839bd4f-5542-495f-a304-d989573e4574" />
      <TestMethod codeBase="C:\Projekty\NUnitTestProject\bin\Debug\netcoreapp3.1\NUnitTestProject.dll" adapterTypeName="executor://nunit3testexecutor/" className="NUnitTestProject.CurrencyHelperTests" name="FormatToStringTest100(1741.3334432818617d,&quot;1741.33 zł&quot;)" />
    </UnitTest>
    <UnitTest name="FormatToStringTest100(32218.080508120394d,&quot;32218.08 zł&quot;)" storage="c:\projekty\nunittestproject\bin\debug\netcoreapp3.1\nunittestproject.dll" id="919092dd-bc49-4953-66e1-76b0c6a86bdb">
      <Execution id="c658bb02-0f60-4242-a4e1-d8b171b0c418" />
      <TestMethod codeBase="C:\Projekty\NUnitTestProject\bin\Debug\netcoreapp3.1\NUnitTestProject.dll" adapterTypeName="executor://nunit3testexecutor/" className="NUnitTestProject.CurrencyHelperTests" name="FormatToStringTest100(32218.080508120394d,&quot;32218.08 zł&quot;)" />
    </UnitTest>
    <UnitTest name="FormatToStringTest100(11912.404131636213d,&quot;11912.40 zł&quot;)" storage="c:\projekty\nunittestproject\bin\debug\netcoreapp3.1\nunittestproject.dll" id="7a40da4c-a8ed-5ba2-92a2-9e17ac14a245">
      <Execution id="223c3ee2-cf29-4042-a635-c03b522bb642" />
      <TestMethod codeBase="C:\Projekty\NUnitTestProject\bin\Debug\netcoreapp3.1\NUnitTestProject.dll" adapterTypeName="executor://nunit3testexecutor/" className="NUnitTestProject.CurrencyHelperTests" name="FormatToStringTest100(11912.404131636213d,&quot;11912.40 zł&quot;)" />
    </UnitTest>
    <UnitTest name="FormatToStringTest100(16383.352881839199d,&quot;16383.35 zł&quot;)" storage="c:\projekty\nunittestproject\bin\debug\netcoreapp3.1\nunittestproject.dll" id="2f67a78a-f7c8-6103-2444-bea417ee54f9">
      <Execution id="f471d470-8a6d-4fb0-a03d-87db9c3538a6" />
      <TestMethod codeBase="C:\Projekty\NUnitTestProject\bin\Debug\netcoreapp3.1\NUnitTestProject.dll" adapterTypeName="executor://nunit3testexecutor/" className="NUnitTestProject.CurrencyHelperTests" name="FormatToStringTest100(16383.352881839199d,&quot;16383.35 zł&quot;)" />
    </UnitTest>
    <UnitTest name="FormatToStringTest100(6864.093052674129d,&quot;6864.09 zł&quot;)" storage="c:\projekty\nunittestproject\bin\debug\netcoreapp3.1\nunittestproject.dll" id="6dee8ad4-8dd7-b599-f13a-d5781734769f">
      <Execution id="b60a156b-d069-4ec5-b113-14530c7fe99a" />
      <TestMethod codeBase="C:\Projekty\NUnitTestProject\bin\Debug\netcoreapp3.1\NUnitTestProject.dll" adapterTypeName="executor://nunit3testexecutor/" className="NUnitTestProject.CurrencyHelperTests" name="FormatToStringTest100(6864.093052674129d,&quot;6864.09 zł&quot;)" />
    </UnitTest>
  </TestDefinitions>
  <TestEntries>
    <TestEntry testId="e2700cee-eb5b-94db-dadd-a33ff5cf6ee6" executionId="0fcd4c01-2183-4a13-96d7-93f1d7b49290" testListId="8c84fa94-04c1-424b-9868-57a2d4851a1d" />
    <TestEntry testId="50b2ab98-8300-86f7-cec9-4d0f5d9f3400" executionId="bbd2a99f-7a14-48b4-b3b0-7c49d17700f3" testListId="8c84fa94-04c1-424b-9868-57a2d4851a1d" />
    <TestEntry testId="e25a10b5-5264-4837-7f5e-e77f0fe36b19" executionId="ca7d44a6-6e76-45c0-ad03-86832cf0d861" testListId="8c84fa94-04c1-424b-9868-57a2d4851a1d" />
    <TestEntry testId="0441a484-8788-b6be-6f48-c9fcdc14bb9b" executionId="edcfad09-a8c6-4cf6-8ad0-2fa06ce95c22" testListId="8c84fa94-04c1-424b-9868-57a2d4851a1d" />
    <TestEntry testId="6dee8ad4-8dd7-b599-f13a-d5781734769f" executionId="b60a156b-d069-4ec5-b113-14530c7fe99a" testListId="8c84fa94-04c1-424b-9868-57a2d4851a1d" />
    <TestEntry testId="d75012f1-d6f6-c8c8-6052-216572e6d09a" executionId="65cc5633-1b24-4ee3-8591-040495564274" testListId="8c84fa94-04c1-424b-9868-57a2d4851a1d" />
    <TestEntry testId="4ccdf7c5-1b8e-f25d-e6ff-328e24995c79" executionId="48be2891-c57b-4928-9358-27575ac709a4" testListId="8c84fa94-04c1-424b-9868-57a2d4851a1d" />
    <TestEntry testId="4f9e6f5b-43a2-746f-e9ea-c62ab0b035f9" executionId="ec5ca825-9f01-4aa1-b3a9-dd28add0f921" testListId="8c84fa94-04c1-424b-9868-57a2d4851a1d" />
    <TestEntry testId="8f7eaa04-9e7b-2fbd-6154-590301c05ba7" executionId="ca545f50-fb13-43ad-8d34-d13926cece24" testListId="8c84fa94-04c1-424b-9868-57a2d4851a1d" />
    <TestEntry testId="8f9415dd-70b8-c527-026c-2122e53da756" executionId="2f654119-84f3-43b6-87f0-f42c0e1a3bf6" testListId="8c84fa94-04c1-424b-9868-57a2d4851a1d" />
    <TestEntry testId="68684c63-5f16-5756-6180-2b0b9df43ad7" executionId="8fee4754-e222-49c8-ac99-cbbc25c87dba" testListId="8c84fa94-04c1-424b-9868-57a2d4851a1d" />
    <TestEntry testId="cb578742-c7f5-996b-5acf-564c542733c1" executionId="6a74f5cf-ef7f-4481-a078-4c31ac913ce4" testListId="8c84fa94-04c1-424b-9868-57a2d4851a1d" />
    <TestEntry testId="9ea4a98e-a00d-a47e-d475-c2b7e3bc350d" executionId="a2eb8b1c-198a-43db-9776-4521a1676ccf" testListId="8c84fa94-04c1-424b-9868-57a2d4851a1d" />
    <TestEntry testId="905708b7-164a-0db6-1796-f60b9303ead6" executionId="02c306f2-ce1a-4546-a08f-2b227bff8007" testListId="8c84fa94-04c1-424b-9868-57a2d4851a1d" />
    <TestEntry testId="55105f60-a252-8b4a-ee9e-f959f50461df" executionId="333cd61b-d361-46dc-9bfd-e8de7c81253e" testListId="8c84fa94-04c1-424b-9868-57a2d4851a1d" />
    <TestEntry testId="bab29e16-7181-0c35-50c9-4bfc6868cc06" executionId="70d345cd-6629-41e2-8098-280397fbcef1" testListId="8c84fa94-04c1-424b-9868-57a2d4851a1d" />
    <TestEntry testId="ca1d016a-03df-8541-a82d-e65f358d218a" executionId="fd660232-6f66-400d-b131-7effc6274ca6" testListId="8c84fa94-04c1-424b-9868-57a2d4851a1d" />
    <TestEntry testId="e570d006-f8c6-2527-78e0-897122dd716e" executionId="19cbb603-0f2e-40a3-a6f0-8a46c56bc8eb" testListId="8c84fa94-04c1-424b-9868-57a2d4851a1d" />
    <TestEntry testId="3175c89c-9311-2898-f31c-d62baf20a38b" executionId="8d1c55c8-b683-471b-a540-89ec96ed5234" testListId="8c84fa94-04c1-424b-9868-57a2d4851a1d" />
    <TestEntry testId="32c30dee-17e8-bc72-ad30-e19ba3161b9e" executionId="bc3215b5-97d1-42d7-89f9-b82d3258ee51" testListId="8c84fa94-04c1-424b-9868-57a2d4851a1d" />
    <TestEntry testId="c8831b39-bf2b-06d6-5219-c1aac5b93a03" executionId="85e12462-8552-4d6a-a070-04fb2ff8b5b6" testListId="8c84fa94-04c1-424b-9868-57a2d4851a1d" />
    <TestEntry testId="40d78239-8f39-5058-3911-ca4c3976e207" executionId="247fc785-70d8-444b-9460-9a6e2816ae3f" testListId="8c84fa94-04c1-424b-9868-57a2d4851a1d" />
    <TestEntry testId="6c73a1d1-2654-d03d-8bff-b9bca4e437ad" executionId="9fae518b-48ab-4c06-ba2b-6fd36113fa2d" testListId="8c84fa94-04c1-424b-9868-57a2d4851a1d" />
    <TestEntry testId="da5ec1b9-c89d-ab82-b4aa-e3b444b3e081" executionId="8712a5a2-c7c8-4629-98c7-cb1c51033f9e" testListId="8c84fa94-04c1-424b-9868-57a2d4851a1d" />
    <TestEntry testId="6b89659b-5dc5-b05c-ce48-871e20f8abd3" executionId="fb861ad7-dbba-43d6-8685-52e0fd6f8755" testListId="8c84fa94-04c1-424b-9868-57a2d4851a1d" />
    <TestEntry testId="b69457d8-d004-7265-0ffe-f1f1b36f446a" executionId="7aa25039-a0b9-4049-b5f3-a5cfd944fd9b" testListId="8c84fa94-04c1-424b-9868-57a2d4851a1d" />
    <TestEntry testId="2f67a78a-f7c8-6103-2444-bea417ee54f9" executionId="f471d470-8a6d-4fb0-a03d-87db9c3538a6" testListId="8c84fa94-04c1-424b-9868-57a2d4851a1d" />
    <TestEntry testId="94b82bc3-613a-e2b4-455b-4b4df4f2d194" executionId="ef1b4492-d81f-4415-8aab-622994ad9eb7" testListId="8c84fa94-04c1-424b-9868-57a2d4851a1d" />
    <TestEntry testId="d07b46f4-88eb-bfa4-6fe4-d6ba0c12fe8f" executionId="13ab4294-8c7a-4172-8a94-db37f4f9e303" testListId="8c84fa94-04c1-424b-9868-57a2d4851a1d" />
    <TestEntry testId="d0a6cf86-cfdd-0432-5d16-67b34f44bcfa" executionId="08ef59dc-66ea-4d1e-98cb-f14b07b5d105" testListId="8c84fa94-04c1-424b-9868-57a2d4851a1d" />
    <TestEntry testId="654a56d0-2fdd-75b4-3dfc-159238275382" executionId="b00f8ff2-1202-4599-938f-3fbbceeb0f26" testListId="8c84fa94-04c1-424b-9868-57a2d4851a1d" />
    <TestEntry testId="44373e51-799e-3e94-36f6-61e7eb361bdd" executionId="5461c98a-382d-4444-ab48-b3a46bacc7eb" testListId="8c84fa94-04c1-424b-9868-57a2d4851a1d" />
    <TestEntry testId="4ec0800c-e01f-aa73-19f1-180137b3dfdf" executionId="069e9cc2-76eb-4007-a5a6-9d3c2c333f69" testListId="8c84fa94-04c1-424b-9868-57a2d4851a1d" />
    <TestEntry testId="86b8941d-d36c-06dd-c905-fa6d7a4013e5" executionId="47054f40-7cf5-4df3-8749-b2a55de16522" testListId="8c84fa94-04c1-424b-9868-57a2d4851a1d" />
    <TestEntry testId="854d51c5-41df-4ddb-a8da-54b20e306485" executionId="218a153b-5ad5-463a-9a62-09f6ed22401b" testListId="8c84fa94-04c1-424b-9868-57a2d4851a1d" />
    <TestEntry testId="7a40da4c-a8ed-5ba2-92a2-9e17ac14a245" executionId="223c3ee2-cf29-4042-a635-c03b522bb642" testListId="8c84fa94-04c1-424b-9868-57a2d4851a1d" />
    <TestEntry testId="2877141a-aa4d-178b-dc9f-3b49cd88281f" executionId="b6f2c3f7-a41d-4cee-a087-3b3dfd6d1cc9" testListId="8c84fa94-04c1-424b-9868-57a2d4851a1d" />
    <TestEntry testId="6ae5af13-f172-7ae6-9d14-b0b6b031899f" executionId="63ee38a1-c157-4692-98bd-9555bf11bf22" testListId="8c84fa94-04c1-424b-9868-57a2d4851a1d" />
    <TestEntry testId="7423707e-221b-8128-5158-18f9b4198629" executionId="0c72062c-3e26-41ec-9479-c26b7b681235" testListId="8c84fa94-04c1-424b-9868-57a2d4851a1d" />
    <TestEntry testId="d5607c40-0e03-cf87-1ac7-663c6c348c83" executionId="63876186-cb96-4a17-80d5-7cb1275fba1d" testListId="8c84fa94-04c1-424b-9868-57a2d4851a1d" />
    <TestEntry testId="a3a62b11-2538-ecb1-962d-5432f1e041eb" executionId="2c9858d6-e6ba-419b-b96e-37d905a285b8" testListId="8c84fa94-04c1-424b-9868-57a2d4851a1d" />
    <TestEntry testId="02c02901-0347-558c-6501-8babfd6a6a4a" executionId="d62b3a09-525a-4f44-b51f-000f050ec04b" testListId="8c84fa94-04c1-424b-9868-57a2d4851a1d" />
    <TestEntry testId="efa0c9dd-5dae-4bc5-1d88-8059c0fedffd" executionId="514ed5dc-1388-4ded-8d86-bcb6263a6036" testListId="8c84fa94-04c1-424b-9868-57a2d4851a1d" />
    <TestEntry testId="7b5657d1-871c-22e2-8b58-1e4af740074e" executionId="215e52f3-5d28-461f-88b4-102b11d75b71" testListId="8c84fa94-04c1-424b-9868-57a2d4851a1d" />
    <TestEntry testId="44db8638-081a-8ce0-7d23-94e055f5a609" executionId="8a415c56-f507-4262-a0e0-4116b9ddbdbf" testListId="8c84fa94-04c1-424b-9868-57a2d4851a1d" />
    <TestEntry testId="6dd51b97-674e-6b9d-f047-ad979eb0870e" executionId="d5e39cef-1386-4e9f-bd8a-101eb02218fe" testListId="8c84fa94-04c1-424b-9868-57a2d4851a1d" />
    <TestEntry testId="642d2869-679c-7098-495e-642b3c4d783b" executionId="a484d093-be41-436a-a074-940edf2cba86" testListId="8c84fa94-04c1-424b-9868-57a2d4851a1d" />
    <TestEntry testId="710c032e-d39d-8d3b-a713-86e049d87044" executionId="e13e16a7-6ff9-45bb-806f-7f7388fa7721" testListId="8c84fa94-04c1-424b-9868-57a2d4851a1d" />
    <TestEntry testId="c5a97db9-c630-e39e-7e7c-43e80ae0249a" executionId="67c06757-e161-484a-833e-a55e416e56d8" testListId="8c84fa94-04c1-424b-9868-57a2d4851a1d" />
    <TestEntry testId="6f964e27-f684-37ef-0fe4-6db993d07017" executionId="a5487ef6-6a82-40df-9351-dd37e82872bf" testListId="8c84fa94-04c1-424b-9868-57a2d4851a1d" />
    <TestEntry testId="8e900221-d77a-d627-361c-9ca1a5beba60" executionId="5d94d80c-3e06-4abb-96d5-91299d76bb76" testListId="8c84fa94-04c1-424b-9868-57a2d4851a1d" />
    <TestEntry testId="b058c171-2407-459c-7b57-a44deff88712" executionId="45d23f89-91ce-4369-9009-531c740f6297" testListId="8c84fa94-04c1-424b-9868-57a2d4851a1d" />
    <TestEntry testId="2467c68f-1bc3-bd85-8310-dd76e33eebec" executionId="1e39271c-e2b2-4581-b0d0-35c977cd7dc1" testListId="8c84fa94-04c1-424b-9868-57a2d4851a1d" />
    <TestEntry testId="7919cbdd-efef-77c6-b96b-a35d9751dc61" executionId="ac3ffa75-54a5-48ca-9a58-549bfd79acdc" testListId="8c84fa94-04c1-424b-9868-57a2d4851a1d" />
    <TestEntry testId="167bd640-ca8a-be35-54d9-c9d535f6b8a9" executionId="9acfdacf-c5ed-4cb7-86f4-cbd03b9dd94a" testListId="8c84fa94-04c1-424b-9868-57a2d4851a1d" />
    <TestEntry testId="a4552a20-90c6-da36-cd4c-fbcb6268dcde" executionId="1bc29b07-9a23-4795-b348-9f5f23e95ef3" testListId="8c84fa94-04c1-424b-9868-57a2d4851a1d" />
    <TestEntry testId="b874febd-2abb-b5bf-4874-36453bfcf028" executionId="cc06e581-8c26-4777-ab4b-f8068ecf246f" testListId="8c84fa94-04c1-424b-9868-57a2d4851a1d" />
    <TestEntry testId="d7c99ac8-861f-2067-8f65-8717ab2b5eb2" executionId="269f72b4-05fa-4e8a-9ac2-6c7d3f35f57e" testListId="8c84fa94-04c1-424b-9868-57a2d4851a1d" />
    <TestEntry testId="c2636c45-ffae-32b8-cabd-dfdc2e3d89d2" executionId="df332c1e-b582-4da2-98f6-0e1c79b2b6e1" testListId="8c84fa94-04c1-424b-9868-57a2d4851a1d" />
    <TestEntry testId="a7906eba-4ddd-f057-76e4-695c12f668f7" executionId="3f0c800a-0b21-4d09-a998-2b0234fcdc7f" testListId="8c84fa94-04c1-424b-9868-57a2d4851a1d" />
    <TestEntry testId="df63a8e8-b664-17f1-364e-31895b9a1463" executionId="c778d41b-4e52-4329-83e0-c500aff37777" testListId="8c84fa94-04c1-424b-9868-57a2d4851a1d" />
    <TestEntry testId="82558537-50ec-fc9d-a7b1-76091e0d2ecf" executionId="d5913274-ca36-4b93-a020-c72feb8918ad" testListId="8c84fa94-04c1-424b-9868-57a2d4851a1d" />
    <TestEntry testId="f1f7b0d5-822c-33e5-b9ff-f30531705ff1" executionId="8ae3d841-1296-4714-b5e5-92ce991e7622" testListId="8c84fa94-04c1-424b-9868-57a2d4851a1d" />
    <TestEntry testId="2f08def2-23e6-739d-cc7a-7a09510b67ea" executionId="f4bd9f1e-8f2d-4d57-8e02-b7a667dd5751" testListId="8c84fa94-04c1-424b-9868-57a2d4851a1d" />
    <TestEntry testId="476c9edc-b6ea-cbad-6c80-83085ed5206c" executionId="1c67ac31-13f1-45bb-8b47-39c686153117" testListId="8c84fa94-04c1-424b-9868-57a2d4851a1d" />
    <TestEntry testId="97add3a7-18d1-8ae3-a700-3b9a6e54f2a9" executionId="b1c6a5bd-7b4e-4244-b74a-c74e531c6608" testListId="8c84fa94-04c1-424b-9868-57a2d4851a1d" />
    <TestEntry testId="74cd5e35-cf5d-a7eb-ff81-196bcb803f0c" executionId="2c96f465-f106-4159-9cfa-634cec657fbb" testListId="8c84fa94-04c1-424b-9868-57a2d4851a1d" />
    <TestEntry testId="73e4a8c3-f139-990a-bc9e-43cbdff15e01" executionId="5c8d2b71-a4f4-4f2c-a726-c29118a3eceb" testListId="8c84fa94-04c1-424b-9868-57a2d4851a1d" />
    <TestEntry testId="a32e39cd-63bd-b948-c34d-2792a9ad523c" executionId="75899d8a-f283-4b75-99dd-6f40657126f7" testListId="8c84fa94-04c1-424b-9868-57a2d4851a1d" />
    <TestEntry testId="a0940c02-10c2-a2ca-c99e-b2f24d99f98d" executionId="fa676e2e-7ea3-4ee5-bf61-1175ef7064a9" testListId="8c84fa94-04c1-424b-9868-57a2d4851a1d" />
    <TestEntry testId="8a579aef-fa33-44e5-d72c-f84816f89dda" executionId="9c43a757-f873-4cd3-9adc-41bb0738b122" testListId="8c84fa94-04c1-424b-9868-57a2d4851a1d" />
    <TestEntry testId="6e6925d1-75e5-a13f-cd68-43233a607f3d" executionId="d21924b3-a22f-4f20-a2da-41da9c0017bb" testListId="8c84fa94-04c1-424b-9868-57a2d4851a1d" />
    <TestEntry testId="f95d03e5-c6a6-a1ee-d69f-d2e7ee2d48f8" executionId="5c7689ab-3950-4b46-bd41-85601bedab24" testListId="8c84fa94-04c1-424b-9868-57a2d4851a1d" />
    <TestEntry testId="f914ee86-c2ad-95a7-e682-fa878f9f31a5" executionId="d6cdbb32-3547-4864-b395-192e0fdeacd1" testListId="8c84fa94-04c1-424b-9868-57a2d4851a1d" />
    <TestEntry testId="7f117d65-eaa4-3393-47ff-b5f2adc1ba26" executionId="a0f6775a-d599-4470-b28e-605070ae28b6" testListId="8c84fa94-04c1-424b-9868-57a2d4851a1d" />
    <TestEntry testId="bc60038d-a8ea-2e7f-26de-80f8d367bef6" executionId="81f61342-b8b6-42cc-86ea-c594fcafcd11" testListId="8c84fa94-04c1-424b-9868-57a2d4851a1d" />
    <TestEntry testId="b1eb6943-1b02-4d9c-02f3-a7fb091a5c55" executionId="424e17ef-93bf-4f70-a3d3-db57a3870ebc" testListId="8c84fa94-04c1-424b-9868-57a2d4851a1d" />
    <TestEntry testId="7df4ba29-38dd-828e-22e5-9f7e850eb994" executionId="3aed7b6d-9157-4cd2-9743-851e2191dfac" testListId="8c84fa94-04c1-424b-9868-57a2d4851a1d" />
    <TestEntry testId="dd1f1120-f5a5-11a0-4ecf-8df96d7fc7fd" executionId="d56ae9cc-28e4-4b57-9624-d6747de2b274" testListId="8c84fa94-04c1-424b-9868-57a2d4851a1d" />
    <TestEntry testId="02a2d8b6-604b-7623-31f1-22fa9c5dd6fb" executionId="89d9a874-b111-4732-bf09-106f78b3f55a" testListId="8c84fa94-04c1-424b-9868-57a2d4851a1d" />
    <TestEntry testId="60c34650-73c3-1462-40f1-f8603816957f" executionId="2b6cfd1b-8691-4f2e-8401-82655d85ee6a" testListId="8c84fa94-04c1-424b-9868-57a2d4851a1d" />
    <TestEntry testId="7f364af7-1a4c-2e9e-a4ab-c96e4d59ad29" executionId="17943e61-4a12-4ae4-8080-a0175e6ec9a5" testListId="8c84fa94-04c1-424b-9868-57a2d4851a1d" />
    <TestEntry testId="919092dd-bc49-4953-66e1-76b0c6a86bdb" executionId="c658bb02-0f60-4242-a4e1-d8b171b0c418" testListId="8c84fa94-04c1-424b-9868-57a2d4851a1d" />
    <TestEntry testId="4e8ed588-d392-7511-ecc9-96da1857794d" executionId="db554271-0178-4431-8cce-1508b41a7f2f" testListId="8c84fa94-04c1-424b-9868-57a2d4851a1d" />
    <TestEntry testId="25a5f880-4d24-d3c7-abcb-2dee8483e02e" executionId="482e447d-8d8a-48e3-b83c-1d5a93e71def" testListId="8c84fa94-04c1-424b-9868-57a2d4851a1d" />
    <TestEntry testId="5979600d-d5d6-1c59-8a74-a8946a5412a6" executionId="d32bdff5-9704-4e20-aaa0-7a2d6ca3e46d" testListId="8c84fa94-04c1-424b-9868-57a2d4851a1d" />
    <TestEntry testId="e36f3ecc-8033-228e-9e4e-38062b6e56ea" executionId="5abf4a74-4096-4147-ba5e-0b1f925cd896" testListId="8c84fa94-04c1-424b-9868-57a2d4851a1d" />
    <TestEntry testId="993b2e32-0de1-26c2-5e33-6a1ad01eeb5e" executionId="9f426b7e-5c66-48f4-8385-9f7c19b76fe2" testListId="8c84fa94-04c1-424b-9868-57a2d4851a1d" />
    <TestEntry testId="af58900a-c4df-19c1-aa0f-7bad2b6a33dc" executionId="7e133681-0783-44a2-b4f6-84dc339c163e" testListId="8c84fa94-04c1-424b-9868-57a2d4851a1d" />
    <TestEntry testId="38b31d6d-f852-2ebd-9634-fecf51566e90" executionId="a2f88cfd-6cc5-4452-be63-777180a2ee4d" testListId="8c84fa94-04c1-424b-9868-57a2d4851a1d" />
    <TestEntry testId="17a04856-0f1c-ab7a-1a01-1d07ebf4dd98" executionId="384940d8-8f6e-4286-a784-b453aa5fe05d" testListId="8c84fa94-04c1-424b-9868-57a2d4851a1d" />
    <TestEntry testId="fb8758b6-fbc2-fee5-8fca-8577ec51ec3b" executionId="8bb8334f-cd2e-4bca-a3bb-dd91b84ceb41" testListId="8c84fa94-04c1-424b-9868-57a2d4851a1d" />
    <TestEntry testId="bb9f98f7-9d10-2bbf-0773-348287578945" executionId="9537476c-6efa-44cf-a9e1-d9b22ed60053" testListId="8c84fa94-04c1-424b-9868-57a2d4851a1d" />
    <TestEntry testId="5ca8472c-ed3c-7743-d772-01a1bacc08cf" executionId="1088716d-216b-4b4b-9fa7-f66edb24f99b" testListId="8c84fa94-04c1-424b-9868-57a2d4851a1d" />
    <TestEntry testId="71b6d7a3-741f-e1f8-1593-52351d6b5171" executionId="38169e5d-2d4c-4218-a3c1-0609fdf18bb7" testListId="8c84fa94-04c1-424b-9868-57a2d4851a1d" />
    <TestEntry testId="b17f72a8-f991-8baf-d564-f4680aafed09" executionId="a2324a4d-34a0-40b8-8b63-dbb1cd34937b" testListId="8c84fa94-04c1-424b-9868-57a2d4851a1d" />
    <TestEntry testId="8939b7b8-ff81-63bf-70dc-08f29a6ce586" executionId="86f1b764-4f6f-49bd-b0e1-2eb03e5026b2" testListId="8c84fa94-04c1-424b-9868-57a2d4851a1d" />
    <TestEntry testId="056a4908-08a5-5e22-9551-e77f68ab63c4" executionId="6a0a95a8-e61a-4b6b-b93a-accafcbd9638" testListId="8c84fa94-04c1-424b-9868-57a2d4851a1d" />
    <TestEntry testId="a9227eb6-41f1-9ad5-6a50-0ab740c4f5fb" executionId="f839bd4f-5542-495f-a304-d989573e4574" testListId="8c84fa94-04c1-424b-9868-57a2d4851a1d" />
    <TestEntry testId="4a85d0e2-7867-4a37-3a69-cfba3fa4e599" executionId="0cc24647-7eb4-41dc-a4da-f6e3d08037f3" testListId="8c84fa94-04c1-424b-9868-57a2d4851a1d" />
  </TestEntries>
  <TestLists>
    <TestList name="Results Not in a List" id="8c84fa94-04c1-424b-9868-57a2d4851a1d" />
    <TestList name="All Loaded Results" id="19431567-8539-422a-85d7-44ee4e166bda" />
  </TestLists>
  <ResultSummary outcome="Completed">
    <Counters total="100" executed="100" passed="100" failed="0" error="0" timeout="0" aborted="0" inconclusive="0" passedButRunAborted="0" notRunnable="0" notExecuted="0" disconnected="0" warning="0" completed="0" inProgress="0" pending="0" />
    <Output>
      <StdOut>NUnit Adapter 4.2.0.0: Test execution started&#xD;
Running selected tests in C:\Projekty\NUnitTestProject\bin\Debug\netcoreapp3.1\NUnitTestProject.dll&#xD;
   NUnit3TestExecutor discovered 100 of 100 NUnit test cases using Current Discovery mode, Non-Explicit run&#xD;
NUnit Adapter 4.2.0.0: Test execution complete&#xD;
</StdOut>
    </Output>
  </ResultSummary>
</TestRun>