<?xml version="1.0" encoding="utf-8"?>
<TestRun id="c70b2961-d490-4b97-a19a-72e48f5b32a6" name="Dominik@DESKTOP-5URQ9PB 2022-06-13 21:12:10" runUser="DESKTOP-5URQ9PB\Dominik" xmlns="http://microsoft.com/schemas/VisualStudio/TeamTest/2010">
  <Times creation="2022-06-13T21:12:10.1639398+02:00" queuing="2022-06-13T21:12:10.1639400+02:00" start="2022-06-13T21:12:08.0998531+02:00" finish="2022-06-13T21:12:11.2184067+02:00" />
  <TestSettings name="default" id="adc7ce9d-53af-4425-b943-66c800252c08">
    <Deployment runDeploymentRoot="Dominik_DESKTOP-5URQ9PB_2022-06-13_21_12_10" />
  </TestSettings>
  <Results>
    <UnitTestResult executionId="d861f373-a02b-420d-b441-0c775653dd62" testId="eb018d9f-79e0-4f3c-ae29-86f6c4e44f7b" testName="FormatToStringTest1000 (7671.0039663785155,7671.00 zł)" computerName="DESKTOP-5URQ9PB" duration="00:00:00.0000070" startTime="2022-06-13T21:12:10.3636572+02:00" endTime="2022-06-13T21:12:10.3637320+02:00" testType="13cdc9d9-ddb5-4fa4-a97d-d965ccfc6d4b" outcome="Passed" testListId="8c84fa94-04c1-424b-9868-57a2d4851a1d" relativeResultsDirectory="d861f373-a02b-420d-b441-0c775653dd62" />
    <UnitTestResult executionId="1f987026-ce0b-49b7-a5b7-480308e55dfe" testId="415901d4-23bb-4466-b8a5-eee5145f90ca" testName="FormatToStringTest1000 (48654.65723134794,48654.66 zł)" computerName="DESKTOP-5URQ9PB" duration="00:00:00.0000063" startTime="2022-06-13T21:12:10.2118894+02:00" endTime="2022-06-13T21:12:10.2119570+02:00" testType="13cdc9d9-ddb5-4fa4-a97d-d965ccfc6d4b" outcome="Passed" testListId="8c84fa94-04c1-424b-9868-57a2d4851a1d" relativeResultsDirectory="1f987026-ce0b-49b7-a5b7-480308e55dfe" />
    <UnitTestResult executionId="dbc40bc9-5ce9-4925-b8d4-72987f264738" testId="cf6b73f5-f5e2-4439-9560-62982adca22c" testName="FormatToStringTest1000 (26468.346804109562,26468.35 zł)" computerName="DESKTOP-5URQ9PB" duration="00:00:00.0000071" startTime="2022-06-13T21:12:10.1978889+02:00" endTime="2022-06-13T21:12:10.1979805+02:00" testType="13cdc9d9-ddb5-4fa4-a97d-d965ccfc6d4b" outcome="Passed" testListId="8c84fa94-04c1-424b-9868-57a2d4851a1d" relativeResultsDirectory="dbc40bc9-5ce9-4925-b8d4-72987f264738" />
    <UnitTestResult executionId="22445996-d8ef-47d6-98a1-32b444b8e0d0" testId="f32c7ec0-1c31-45b8-b6b6-484df60d84f2" testName="FormatToStringTest1000 (46391.661094229516,46391.66 zł)" computerName="DESKTOP-5URQ9PB" duration="00:00:00.0000062" startTime="2022-06-13T21:12:10.3713836+02:00" endTime="2022-06-13T21:12:10.3714467+02:00" testType="13cdc9d9-ddb5-4fa4-a97d-d965ccfc6d4b" outcome="Passed" testListId="8c84fa94-04c1-424b-9868-57a2d4851a1d" relativeResultsDirectory="22445996-d8ef-47d6-98a1-32b444b8e0d0" />
    <UnitTestResult executionId="1cb681a7-7406-47fe-8380-6ec84824bec2" testId="38bc746d-5a00-4bbe-bad2-d13ca387b3f0" testName="FormatToStringTest1000 (49416.285282306504,49416.29 zł)" computerName="DESKTOP-5URQ9PB" duration="00:00:00.0000063" startTime="2022-06-13T21:12:10.3769399+02:00" endTime="2022-06-13T21:12:10.3770051+02:00" testType="13cdc9d9-ddb5-4fa4-a97d-d965ccfc6d4b" outcome="Passed" testListId="8c84fa94-04c1-424b-9868-57a2d4851a1d" relativeResultsDirectory="1cb681a7-7406-47fe-8380-6ec84824bec2" />
    <UnitTestResult executionId="95ff69e0-a6a3-4a59-989c-a1f39fba720d" testId="87521212-bd08-4aab-8730-7f56f0215767" testName="FormatToStringTest1000 (70149.17842025738,70149.18 zł)" computerName="DESKTOP-5URQ9PB" duration="00:00:00.0000069" startTime="2022-06-13T21:12:10.3005213+02:00" endTime="2022-06-13T21:12:10.3006249+02:00" testType="13cdc9d9-ddb5-4fa4-a97d-d965ccfc6d4b" outcome="Passed" testListId="8c84fa94-04c1-424b-9868-57a2d4851a1d" relativeResultsDirectory="95ff69e0-a6a3-4a59-989c-a1f39fba720d" />
    <UnitTestResult executionId="40db2fa9-339c-4ff0-867a-226b63bcefff" testId="cdf33395-e79d-48ce-b2c2-b5181f5e9d7d" testName="FormatToStringTest1000 (22459.530444447664,22459.53 zł)" computerName="DESKTOP-5URQ9PB" duration="00:00:00.0000074" startTime="2022-06-13T21:12:10.2652164+02:00" endTime="2022-06-13T21:12:10.2653041+02:00" testType="13cdc9d9-ddb5-4fa4-a97d-d965ccfc6d4b" outcome="Passed" testListId="8c84fa94-04c1-424b-9868-57a2d4851a1d" relativeResultsDirectory="40db2fa9-339c-4ff0-867a-226b63bcefff" />
    <UnitTestResult executionId="9c6bed60-64a1-4d1c-9f7c-f742aba10edb" testId="21a9970f-60d6-4e66-96c3-6846d68be859" testName="FormatToStringTest1000 (2975.6892256134606,2975.69 zł)" computerName="DESKTOP-5URQ9PB" duration="00:00:00.0000115" startTime="2022-06-13T21:12:10.2545377+02:00" endTime="2022-06-13T21:12:10.2546101+02:00" testType="13cdc9d9-ddb5-4fa4-a97d-d965ccfc6d4b" outcome="Passed" testListId="8c84fa94-04c1-424b-9868-57a2d4851a1d" relativeResultsDirectory="9c6bed60-64a1-4d1c-9f7c-f742aba10edb" />
    <UnitTestResult executionId="0a352a82-b2da-4b0f-ad3a-32ce212de854" testId="d31effd5-5242-4bee-b76c-e7a06fa35fcd" testName="FormatToStringTest1000 (52858.048916166204,52858.05 zł)" computerName="DESKTOP-5URQ9PB" duration="00:00:00.0000069" startTime="2022-06-13T21:12:10.1207796+02:00" endTime="2022-06-13T21:12:10.1208695+02:00" testType="13cdc9d9-ddb5-4fa4-a97d-d965ccfc6d4b" outcome="Passed" testListId="8c84fa94-04c1-424b-9868-57a2d4851a1d" relativeResultsDirectory="0a352a82-b2da-4b0f-ad3a-32ce212de854" />
    <UnitTestResult executionId="1d043413-4146-403c-b3d6-e4f8bb5a9742" testId="4eeb05ef-8f08-41a6-9e29-50aadbc76c41" testName="FormatToStringTest1000 (15639.704937780603,15639.70 zł)" computerName="DESKTOP-5URQ9PB" duration="00:00:00.0000070" startTime="2022-06-13T21:12:10.1022474+02:00" endTime="2022-06-13T21:12:10.1023185+02:00" testType="13cdc9d9-ddb5-4fa4-a97d-d965ccfc6d4b" outcome="Passed" testListId="8c84fa94-04c1-424b-9868-57a2d4851a1d" relativeResultsDirectory="1d043413-4146-403c-b3d6-e4f8bb5a9742" />
    <UnitTestResult executionId="19dfd727-7beb-4e18-a064-8842caa02ac4" testId="39cc4b76-de3c-463d-b313-23c2ae61921e" testName="FormatToStringTest1000 (9190.067404299076,9190.07 zł)" computerName="DESKTOP-5URQ9PB" duration="00:00:00.0000065" startTime="2022-06-13T21:12:10.3864419+02:00" endTime="2022-06-13T21:12:10.3865050+02:00" testType="13cdc9d9-ddb5-4fa4-a97d-d965ccfc6d4b" outcome="Passed" testListId="8c84fa94-04c1-424b-9868-57a2d4851a1d" relativeResultsDirectory="19dfd727-7beb-4e18-a064-8842caa02ac4" />
    <UnitTestResult executionId="e068b6e3-4541-4a05-96f5-70a201d94e71" testId="6ed8e3d4-775b-4848-90e4-4e173faa8f77" testName="FormatToStringTest1000 (18627.604896394354,18627.60 zł)" computerName="DESKTOP-5URQ9PB" duration="00:00:00.0000063" startTime="2022-06-13T21:12:10.3202744+02:00" endTime="2022-06-13T21:12:10.3203401+02:00" testType="13cdc9d9-ddb5-4fa4-a97d-d965ccfc6d4b" outcome="Passed" testListId="8c84fa94-04c1-424b-9868-57a2d4851a1d" relativeResultsDirectory="e068b6e3-4541-4a05-96f5-70a201d94e71" />
    <UnitTestResult executionId="dafada4a-be92-4256-93a1-7264d191c525" testId="df703b8f-cb9a-465b-9a12-c1821a0bd841" testName="FormatToStringTest1000 (3043.6828298227315,3043.68 zł)" computerName="DESKTOP-5URQ9PB" duration="00:00:00.0000074" startTime="2022-06-13T21:12:10.4152741+02:00" endTime="2022-06-13T21:12:10.4153523+02:00" testType="13cdc9d9-ddb5-4fa4-a97d-d965ccfc6d4b" outcome="Passed" testListId="8c84fa94-04c1-424b-9868-57a2d4851a1d" relativeResultsDirectory="dafada4a-be92-4256-93a1-7264d191c525" />
    <UnitTestResult executionId="346cb0e6-b905-4ac5-8af4-29d7b05c8519" testId="a88a9687-5c91-414c-93ed-86826736d504" testName="FormatToStringTest1000 (72659.37876478041,72659.38 zł)" computerName="DESKTOP-5URQ9PB" duration="00:00:00.0000082" startTime="2022-06-13T21:12:10.3442040+02:00" endTime="2022-06-13T21:12:10.3442836+02:00" testType="13cdc9d9-ddb5-4fa4-a97d-d965ccfc6d4b" outcome="Passed" testListId="8c84fa94-04c1-424b-9868-57a2d4851a1d" relativeResultsDirectory="346cb0e6-b905-4ac5-8af4-29d7b05c8519" />
    <UnitTestResult executionId="1809c861-eed7-4b79-ac8c-21c3800575ab" testId="6e0e88c4-b187-41ce-94b5-e9e5c61e1c49" testName="FormatToStringTest1000 (11958.422287871792,11958.42 zł)" computerName="DESKTOP-5URQ9PB" duration="00:00:00.0000063" startTime="2022-06-13T21:12:10.2323876+02:00" endTime="2022-06-13T21:12:10.2324546+02:00" testType="13cdc9d9-ddb5-4fa4-a97d-d965ccfc6d4b" outcome="Passed" testListId="8c84fa94-04c1-424b-9868-57a2d4851a1d" relativeResultsDirectory="1809c861-eed7-4b79-ac8c-21c3800575ab" />
    <UnitTestResult executionId="a99326e0-49c3-479c-b398-bec2dc0c1971" testId="7098d8ee-3d61-488a-b526-cdedcee7a947" testName="FormatToStringTest1000 (397.6461894566408,397.65 zł)" computerName="DESKTOP-5URQ9PB" duration="00:00:00.0000062" startTime="2022-06-13T21:12:10.3755156+02:00" endTime="2022-06-13T21:12:10.3755791+02:00" testType="13cdc9d9-ddb5-4fa4-a97d-d965ccfc6d4b" outcome="Passed" testListId="8c84fa94-04c1-424b-9868-57a2d4851a1d" relativeResultsDirectory="a99326e0-49c3-479c-b398-bec2dc0c1971" />
    <UnitTestResult executionId="c48ea46a-e789-4569-8c95-e6267e49739e" testId="8a2fabdb-2e93-4588-8e97-7faa51ec3c6c" testName="FormatToStringTest1000 (38904.87092920806,38904.87 zł)" computerName="DESKTOP-5URQ9PB" duration="00:00:00.0000062" startTime="2022-06-13T21:12:10.3138117+02:00" endTime="2022-06-13T21:12:10.3138781+02:00" testType="13cdc9d9-ddb5-4fa4-a97d-d965ccfc6d4b" outcome="Passed" testListId="8c84fa94-04c1-424b-9868-57a2d4851a1d" relativeResultsDirectory="c48ea46a-e789-4569-8c95-e6267e49739e" />
    <UnitTestResult executionId="0757b08e-b176-4274-9839-2debfa6f45b1" testId="9690ae13-7530-447d-b740-230c55ac1534" testName="FormatToStringTest1000 (1664.7834932994022,1664.78 zł)" computerName="DESKTOP-5URQ9PB" duration="00:00:00.0000062" startTime="2022-06-13T21:12:10.4095538+02:00" endTime="2022-06-13T21:12:10.4096223+02:00" testType="13cdc9d9-ddb5-4fa4-a97d-d965ccfc6d4b" outcome="Passed" testListId="8c84fa94-04c1-424b-9868-57a2d4851a1d" relativeResultsDirectory="0757b08e-b176-4274-9839-2debfa6f45b1" />
    <UnitTestResult executionId="291a2518-9b1f-4ef0-b475-1e3487a689c4" testId="5c7f943a-beb0-4804-b6eb-623480610a4e" testName="FormatToStringTest1000 (867.5236648356187,867.52 zł)" computerName="DESKTOP-5URQ9PB" duration="00:00:00.0000062" startTime="2022-06-13T21:12:10.3751931+02:00" endTime="2022-06-13T21:12:10.3752566+02:00" testType="13cdc9d9-ddb5-4fa4-a97d-d965ccfc6d4b" outcome="Passed" testListId="8c84fa94-04c1-424b-9868-57a2d4851a1d" relativeResultsDirectory="291a2518-9b1f-4ef0-b475-1e3487a689c4" />
    <UnitTestResult executionId="3a639d53-94fd-4aeb-8b7a-5bc667a83006" testId="db2406d8-5e9f-49f3-8c50-1119953cc057" testName="FormatToStringTest1000 (25990.318498101697,25990.32 zł)" computerName="DESKTOP-5URQ9PB" duration="00:00:00.0000063" startTime="2022-06-13T21:12:10.1062443+02:00" endTime="2022-06-13T21:12:10.1063130+02:00" testType="13cdc9d9-ddb5-4fa4-a97d-d965ccfc6d4b" outcome="Passed" testListId="8c84fa94-04c1-424b-9868-57a2d4851a1d" relativeResultsDirectory="3a639d53-94fd-4aeb-8b7a-5bc667a83006" />
    <UnitTestResult executionId="e6295d55-1cf1-4cf6-a545-fba54054d66c" testId="bf221942-b110-42c4-b34a-3116d4fb447b" testName="FormatToStringTest1000 (12949.590713378317,12949.59 zł)" computerName="DESKTOP-5URQ9PB" duration="00:00:00.0000064" startTime="2022-06-13T21:12:10.0817710+02:00" endTime="2022-06-13T21:12:10.0818388+02:00" testType="13cdc9d9-ddb5-4fa4-a97d-d965ccfc6d4b" outcome="Passed" testListId="8c84fa94-04c1-424b-9868-57a2d4851a1d" relativeResultsDirectory="e6295d55-1cf1-4cf6-a545-fba54054d66c" />
    <UnitTestResult executionId="c2867eba-c96e-4052-8423-3d7b8f7f8699" testId="393895cc-2ebf-41a7-bc07-8145f3099d66" testName="FormatToStringTest1000 (12308.022158465357,12308.02 zł)" computerName="DESKTOP-5URQ9PB" duration="00:00:00.0000065" startTime="2022-06-13T21:12:10.2355650+02:00" endTime="2022-06-13T21:12:10.2356649+02:00" testType="13cdc9d9-ddb5-4fa4-a97d-d965ccfc6d4b" outcome="Passed" testListId="8c84fa94-04c1-424b-9868-57a2d4851a1d" relativeResultsDirectory="c2867eba-c96e-4052-8423-3d7b8f7f8699" />
    <UnitTestResult executionId="0c7e32ca-5fa6-4307-b707-4fa50eab01c9" testId="7ed3ff00-b93b-4ef8-bd8b-c64737935ca1" testName="FormatToStringTest1000 (29362.005930638876,29362.01 zł)" computerName="DESKTOP-5URQ9PB" duration="00:00:00.0000102" startTime="2022-06-13T21:12:10.1844282+02:00" endTime="2022-06-13T21:12:10.1845524+02:00" testType="13cdc9d9-ddb5-4fa4-a97d-d965ccfc6d4b" outcome="Passed" testListId="8c84fa94-04c1-424b-9868-57a2d4851a1d" relativeResultsDirectory="0c7e32ca-5fa6-4307-b707-4fa50eab01c9" />
    <UnitTestResult executionId="4fcb78a6-ae83-4518-a0b0-ece382414870" testId="40aa7c35-a085-42b9-be82-72c167553d69" testName="FormatToStringTest1000 (10784.438152511344,10784.44 zł)" computerName="DESKTOP-5URQ9PB" duration="00:00:00.0000118" startTime="2022-06-13T21:12:10.1242082+02:00" endTime="2022-06-13T21:12:10.1243131+02:00" testType="13cdc9d9-ddb5-4fa4-a97d-d965ccfc6d4b" outcome="Passed" testListId="8c84fa94-04c1-424b-9868-57a2d4851a1d" relativeResultsDirectory="4fcb78a6-ae83-4518-a0b0-ece382414870" />
    <UnitTestResult executionId="5010d8e4-eb98-4423-93c4-a47ef134dbaa" testId="ac06dbb8-1917-457a-ba93-a7214a041e9d" testName="FormatToStringTest1000 (20344.185360967265,20344.19 zł)" computerName="DESKTOP-5URQ9PB" duration="00:00:00.0000063" startTime="2022-06-13T21:12:10.3560236+02:00" endTime="2022-06-13T21:12:10.3560872+02:00" testType="13cdc9d9-ddb5-4fa4-a97d-d965ccfc6d4b" outcome="Passed" testListId="8c84fa94-04c1-424b-9868-57a2d4851a1d" relativeResultsDirectory="5010d8e4-eb98-4423-93c4-a47ef134dbaa" />
    <UnitTestResult executionId="5f587047-afda-45ec-b97e-41c4c1add640" testId="4a869e1a-049b-4ca6-8d71-7d1dcfcffc11" testName="FormatToStringTest1000 (58459.03113649601,58459.03 zł)" computerName="DESKTOP-5URQ9PB" duration="00:00:00.0000088" startTime="2022-06-13T21:12:10.3262187+02:00" endTime="2022-06-13T21:12:10.3263184+02:00" testType="13cdc9d9-ddb5-4fa4-a97d-d965ccfc6d4b" outcome="Passed" testListId="8c84fa94-04c1-424b-9868-57a2d4851a1d" relativeResultsDirectory="5f587047-afda-45ec-b97e-41c4c1add640" />
    <UnitTestResult executionId="d2421f2e-dbda-4fb9-a77d-33dae6b8b51d" testId="6638afea-0cd6-42b5-b63d-aaf8f980c264" testName="FormatToStringTest1000 (20527.270339210645,20527.27 zł)" computerName="DESKTOP-5URQ9PB" duration="00:00:00.0000064" startTime="2022-06-13T21:12:10.4001537+02:00" endTime="2022-06-13T21:12:10.4002190+02:00" testType="13cdc9d9-ddb5-4fa4-a97d-d965ccfc6d4b" outcome="Passed" testListId="8c84fa94-04c1-424b-9868-57a2d4851a1d" relativeResultsDirectory="d2421f2e-dbda-4fb9-a77d-33dae6b8b51d" />
    <UnitTestResult executionId="6b510817-2e74-40f4-87bc-a9132022d77e" testId="0968ba27-55a4-462f-a607-8f90840f109a" testName="FormatToStringTest1000 (28972.23604401212,28972.24 zł)" computerName="DESKTOP-5URQ9PB" duration="00:00:00.0000064" startTime="2022-06-13T21:12:10.3225042+02:00" endTime="2022-06-13T21:12:10.3225768+02:00" testType="13cdc9d9-ddb5-4fa4-a97d-d965ccfc6d4b" outcome="Passed" testListId="8c84fa94-04c1-424b-9868-57a2d4851a1d" relativeResultsDirectory="6b510817-2e74-40f4-87bc-a9132022d77e" />
    <UnitTestResult executionId="6e696e05-d25c-43be-8d03-7151ea88c179" testId="49034c7a-fc20-4c38-a9f0-d8a3eb543bfa" testName="FormatToStringTest1000 (26162.532683261918,26162.53 zł)" computerName="DESKTOP-5URQ9PB" duration="00:00:00.0000061" startTime="2022-06-13T21:12:10.3752739+02:00" endTime="2022-06-13T21:12:10.3753378+02:00" testType="13cdc9d9-ddb5-4fa4-a97d-d965ccfc6d4b" outcome="Passed" testListId="8c84fa94-04c1-424b-9868-57a2d4851a1d" relativeResultsDirectory="6e696e05-d25c-43be-8d03-7151ea88c179" />
    <UnitTestResult executionId="18e37463-323a-4436-b9d9-554de12feb90" testId="145c08b9-a31d-41d3-9e96-26f56e62e992" testName="FormatToStringTest1000 (15337.485230751097,15337.49 zł)" computerName="DESKTOP-5URQ9PB" duration="00:00:00.0000064" startTime="2022-06-13T21:12:10.2278544+02:00" endTime="2022-06-13T21:12:10.2279329+02:00" testType="13cdc9d9-ddb5-4fa4-a97d-d965ccfc6d4b" outcome="Passed" testListId="8c84fa94-04c1-424b-9868-57a2d4851a1d" relativeResultsDirectory="18e37463-323a-4436-b9d9-554de12feb90" />
    <UnitTestResult executionId="da57cdb1-b8c2-4693-bc29-967d7161a736" testId="8a7b18f7-88e8-4029-b32d-c6e4aed7a6ca" testName="FormatToStringTest1000 (37.631227987646696,37.63 zł)" computerName="DESKTOP-5URQ9PB" duration="00:00:00.0000062" startTime="2022-06-13T21:12:10.3866072+02:00" endTime="2022-06-13T21:12:10.3866716+02:00" testType="13cdc9d9-ddb5-4fa4-a97d-d965ccfc6d4b" outcome="Passed" testListId="8c84fa94-04c1-424b-9868-57a2d4851a1d" relativeResultsDirectory="da57cdb1-b8c2-4693-bc29-967d7161a736" />
    <UnitTestResult executionId="0964eee2-21e3-4b08-8f25-6fed678de9f6" testId="25f15de1-7229-4b15-b03e-5b41d6b01c9d" testName="FormatToStringTest1000 (13414.3551766441,13414.36 zł)" computerName="DESKTOP-5URQ9PB" duration="00:00:00.0000064" startTime="2022-06-13T21:12:10.2093987+02:00" endTime="2022-06-13T21:12:10.2094634+02:00" testType="13cdc9d9-ddb5-4fa4-a97d-d965ccfc6d4b" outcome="Passed" testListId="8c84fa94-04c1-424b-9868-57a2d4851a1d" relativeResultsDirectory="0964eee2-21e3-4b08-8f25-6fed678de9f6" />
    <UnitTestResult executionId="0ab9fe3c-9630-4617-a417-95090063c4ec" testId="f2c0a8e5-96ee-41d4-bc5f-c3f45f1e6480" testName="FormatToStringTest1000 (40400.9734049295,40400.97 zł)" computerName="DESKTOP-5URQ9PB" duration="00:00:00.0000077" startTime="2022-06-13T21:12:10.1985642+02:00" endTime="2022-06-13T21:12:10.1986432+02:00" testType="13cdc9d9-ddb5-4fa4-a97d-d965ccfc6d4b" outcome="Passed" testListId="8c84fa94-04c1-424b-9868-57a2d4851a1d" relativeResultsDirectory="0ab9fe3c-9630-4617-a417-95090063c4ec" />
    <UnitTestResult executionId="5edbf821-5c7e-497d-8960-3d0cda0b390b" testId="019dec42-efc4-45e0-9113-c96cb7b056ac" testName="FormatToStringTest1000 (5254.6338787505565,5254.63 zł)" computerName="DESKTOP-5URQ9PB" duration="00:00:00.0000063" startTime="2022-06-13T21:12:10.3603492+02:00" endTime="2022-06-13T21:12:10.3604128+02:00" testType="13cdc9d9-ddb5-4fa4-a97d-d965ccfc6d4b" outcome="Passed" testListId="8c84fa94-04c1-424b-9868-57a2d4851a1d" relativeResultsDirectory="5edbf821-5c7e-497d-8960-3d0cda0b390b" />
    <UnitTestResult executionId="7dd9edee-1b15-4d86-8a6c-5044bbdf2ea6" testId="bbf3f878-d91a-4532-b61d-b14d4377e0ff" testName="FormatToStringTest1000 (10397.404523554447,10397.40 zł)" computerName="DESKTOP-5URQ9PB" duration="00:00:00.0000064" startTime="2022-06-13T21:12:10.3358254+02:00" endTime="2022-06-13T21:12:10.3358910+02:00" testType="13cdc9d9-ddb5-4fa4-a97d-d965ccfc6d4b" outcome="Passed" testListId="8c84fa94-04c1-424b-9868-57a2d4851a1d" relativeResultsDirectory="7dd9edee-1b15-4d86-8a6c-5044bbdf2ea6" />
    <UnitTestResult executionId="d0ff0942-d5c0-4848-96a8-a72ca2ed73fa" testId="c1cc96f3-3e58-4f95-93ab-590ba003315b" testName="FormatToStringTest1000 (18490.912787030877,18490.91 zł)" computerName="DESKTOP-5URQ9PB" duration="00:00:00.0000062" startTime="2022-06-13T21:12:10.3538295+02:00" endTime="2022-06-13T21:12:10.3538937+02:00" testType="13cdc9d9-ddb5-4fa4-a97d-d965ccfc6d4b" outcome="Passed" testListId="8c84fa94-04c1-424b-9868-57a2d4851a1d" relativeResultsDirectory="d0ff0942-d5c0-4848-96a8-a72ca2ed73fa" />
    <UnitTestResult executionId="1abc3f74-b2ab-4ded-b759-3e8086e10850" testId="a72c748e-d9d4-4074-84b5-0148475c7bf7" testName="FormatToStringTest1000 (6915.421130504656,6915.42 zł)" computerName="DESKTOP-5URQ9PB" duration="00:00:00.0000063" startTime="2022-06-13T21:12:10.2750772+02:00" endTime="2022-06-13T21:12:10.2751440+02:00" testType="13cdc9d9-ddb5-4fa4-a97d-d965ccfc6d4b" outcome="Passed" testListId="8c84fa94-04c1-424b-9868-57a2d4851a1d" relativeResultsDirectory="1abc3f74-b2ab-4ded-b759-3e8086e10850" />
    <UnitTestResult executionId="a1220bcc-5ad8-449f-8085-95daa6d340bf" testId="57ff5718-7cb7-4c80-9e29-548fa9a81ba0" testName="FormatToStringTest1000 (67338.80028760935,67338.80 zł)" computerName="DESKTOP-5URQ9PB" duration="00:00:00.0000283" startTime="2022-06-13T21:12:10.0926581+02:00" endTime="2022-06-13T21:12:10.0927996+02:00" testType="13cdc9d9-ddb5-4fa4-a97d-d965ccfc6d4b" outcome="Passed" testListId="8c84fa94-04c1-424b-9868-57a2d4851a1d" relativeResultsDirectory="a1220bcc-5ad8-449f-8085-95daa6d340bf" />
    <UnitTestResult executionId="3090bb1f-5e55-4375-8715-df130339a9e1" testId="8ab99328-8c90-4691-a1f0-a183d2ccf8f2" testName="FormatToStringTest1000 (56286.70397975702,56286.70 zł)" computerName="DESKTOP-5URQ9PB" duration="00:00:00.0000118" startTime="2022-06-13T21:12:10.3420698+02:00" endTime="2022-06-13T21:12:10.3422165+02:00" testType="13cdc9d9-ddb5-4fa4-a97d-d965ccfc6d4b" outcome="Passed" testListId="8c84fa94-04c1-424b-9868-57a2d4851a1d" relativeResultsDirectory="3090bb1f-5e55-4375-8715-df130339a9e1" />
    <UnitTestResult executionId="9798c49b-cd08-4e46-838e-638f5ba70c47" testId="18df05d2-8f4e-4166-a8aa-2cc8a987d63a" testName="FormatToStringTest1000 (11022.594234092438,11022.59 zł)" computerName="DESKTOP-5URQ9PB" duration="00:00:00.0000061" startTime="2022-06-13T21:12:10.2218418+02:00" endTime="2022-06-13T21:12:10.2219077+02:00" testType="13cdc9d9-ddb5-4fa4-a97d-d965ccfc6d4b" outcome="Passed" testListId="8c84fa94-04c1-424b-9868-57a2d4851a1d" relativeResultsDirectory="9798c49b-cd08-4e46-838e-638f5ba70c47" />
    <UnitTestResult executionId="8616630f-95c5-49d4-9f44-c5e3a020e801" testId="a24eeb8f-f28f-4ed2-b56b-8b7e7a0822a5" testName="FormatToStringTest1000 (55782.67998761762,55782.68 zł)" computerName="DESKTOP-5URQ9PB" duration="00:00:00.0000064" startTime="2022-06-13T21:12:10.1456083+02:00" endTime="2022-06-13T21:12:10.1456918+02:00" testType="13cdc9d9-ddb5-4fa4-a97d-d965ccfc6d4b" outcome="Passed" testListId="8c84fa94-04c1-424b-9868-57a2d4851a1d" relativeResultsDirectory="8616630f-95c5-49d4-9f44-c5e3a020e801" />
    <UnitTestResult executionId="d3b53567-08d2-4dd1-8629-c3bb35bf9d2f" testId="7abaf874-2382-43fd-ad74-9ec2dca527cb" testName="FormatToStringTest1000 (16210.791556035536,16210.79 zł)" computerName="DESKTOP-5URQ9PB" duration="00:00:00.0000062" startTime="2022-06-13T21:12:10.3580186+02:00" endTime="2022-06-13T21:12:10.3580834+02:00" testType="13cdc9d9-ddb5-4fa4-a97d-d965ccfc6d4b" outcome="Passed" testListId="8c84fa94-04c1-424b-9868-57a2d4851a1d" relativeResultsDirectory="d3b53567-08d2-4dd1-8629-c3bb35bf9d2f" />
    <UnitTestResult executionId="53e541b9-df57-4249-925c-e21833210511" testId="ba0cf1d8-efe0-41f1-b84d-e4b82fcc73ec" testName="FormatToStringTest1000 (26174.290999793586,26174.29 zł)" computerName="DESKTOP-5URQ9PB" duration="00:00:00.0000062" startTime="2022-06-13T21:12:10.3753542+02:00" endTime="2022-06-13T21:12:10.3754185+02:00" testType="13cdc9d9-ddb5-4fa4-a97d-d965ccfc6d4b" outcome="Passed" testListId="8c84fa94-04c1-424b-9868-57a2d4851a1d" relativeResultsDirectory="53e541b9-df57-4249-925c-e21833210511" />
    <UnitTestResult executionId="be8b84ce-da44-4b5d-bd93-61b50670fb19" testId="b0978c16-6d8b-4dfa-a437-2c8163160d94" testName="FormatToStringTest1000 (270.1894008262033,270.19 zł)" computerName="DESKTOP-5URQ9PB" duration="00:00:00.0000061" startTime="2022-06-13T21:12:10.2354812+02:00" endTime="2022-06-13T21:12:10.2355477+02:00" testType="13cdc9d9-ddb5-4fa4-a97d-d965ccfc6d4b" outcome="Passed" testListId="8c84fa94-04c1-424b-9868-57a2d4851a1d" relativeResultsDirectory="be8b84ce-da44-4b5d-bd93-61b50670fb19" />
    <UnitTestResult executionId="c0c0782f-1231-4ed9-95b6-88fe042432b1" testId="1f584610-7715-407b-9a0c-13a6281d47f8" testName="FormatToStringTest1000 (19435.417227184127,19435.42 zł)" computerName="DESKTOP-5URQ9PB" duration="00:00:00.0000063" startTime="2022-06-13T21:12:10.2691091+02:00" endTime="2022-06-13T21:12:10.2691755+02:00" testType="13cdc9d9-ddb5-4fa4-a97d-d965ccfc6d4b" outcome="Passed" testListId="8c84fa94-04c1-424b-9868-57a2d4851a1d" relativeResultsDirectory="c0c0782f-1231-4ed9-95b6-88fe042432b1" />
    <UnitTestResult executionId="2360a3e3-43f8-4652-a6f9-1b29e49680f4" testId="d8a9775b-999f-492a-942b-43a3a8584833" testName="FormatToStringTest1000 (78796.90433980194,78796.90 zł)" computerName="DESKTOP-5URQ9PB" duration="00:00:00.0000063" startTime="2022-06-13T21:12:10.1551782+02:00" endTime="2022-06-13T21:12:10.1552452+02:00" testType="13cdc9d9-ddb5-4fa4-a97d-d965ccfc6d4b" outcome="Passed" testListId="8c84fa94-04c1-424b-9868-57a2d4851a1d" relativeResultsDirectory="2360a3e3-43f8-4652-a6f9-1b29e49680f4" />
    <UnitTestResult executionId="06750c43-9bb0-4b79-a580-a9d732889e75" testId="ae160d18-5900-4c2b-8f7a-a92e4b52ce4e" testName="FormatToStringTest1000 (6544.213759255695,6544.21 zł)" computerName="DESKTOP-5URQ9PB" duration="00:00:00.0000071" startTime="2022-06-13T21:12:10.3808159+02:00" endTime="2022-06-13T21:12:10.3808913+02:00" testType="13cdc9d9-ddb5-4fa4-a97d-d965ccfc6d4b" outcome="Passed" testListId="8c84fa94-04c1-424b-9868-57a2d4851a1d" relativeResultsDirectory="06750c43-9bb0-4b79-a580-a9d732889e75" />
    <UnitTestResult executionId="8bdfea88-3327-4700-a75c-d7d71ee22436" testId="7b230bee-7975-43db-a975-7b51d7eca6e1" testName="FormatToStringTest1000 (31163.834562352316,31163.83 zł)" computerName="DESKTOP-5URQ9PB" duration="00:00:00.0000062" startTime="2022-06-13T21:12:10.3597878+02:00" endTime="2022-06-13T21:12:10.3598524+02:00" testType="13cdc9d9-ddb5-4fa4-a97d-d965ccfc6d4b" outcome="Passed" testListId="8c84fa94-04c1-424b-9868-57a2d4851a1d" relativeResultsDirectory="8bdfea88-3327-4700-a75c-d7d71ee22436" />
    <UnitTestResult executionId="2b2fd1f0-6ff5-4b40-9c8d-2496a8b5b7fb" testId="e147aeb1-5495-4103-a2c5-bd0cd72b1ecf" testName="FormatToStringTest1000 (31347.468987404587,31347.47 zł)" computerName="DESKTOP-5URQ9PB" duration="00:00:00.0000061" startTime="2022-06-13T21:12:10.3946655+02:00" endTime="2022-06-13T21:12:10.3947291+02:00" testType="13cdc9d9-ddb5-4fa4-a97d-d965ccfc6d4b" outcome="Passed" testListId="8c84fa94-04c1-424b-9868-57a2d4851a1d" relativeResultsDirectory="2b2fd1f0-6ff5-4b40-9c8d-2496a8b5b7fb" />
    <UnitTestResult executionId="811f554c-db0c-4b11-80a5-0c149fb52f31" testId="efe78283-3e1c-4d7f-b66b-70d63971dc4c" testName="FormatToStringTest1000 (480.2082316857801,480.21 zł)" computerName="DESKTOP-5URQ9PB" duration="00:00:00.0000061" startTime="2022-06-13T21:12:10.1288831+02:00" endTime="2022-06-13T21:12:10.1289498+02:00" testType="13cdc9d9-ddb5-4fa4-a97d-d965ccfc6d4b" outcome="Passed" testListId="8c84fa94-04c1-424b-9868-57a2d4851a1d" relativeResultsDirectory="811f554c-db0c-4b11-80a5-0c149fb52f31" />
    <UnitTestResult executionId="fecfe7b8-72aa-4c01-85cc-39760e0bcd69" testId="5dfe7a5a-1113-40aa-8540-6d85910a7d3c" testName="FormatToStringTest1000 (40913.016669489916,40913.02 zł)" computerName="DESKTOP-5URQ9PB" duration="00:00:00.0000064" startTime="2022-06-13T21:12:10.3861923+02:00" endTime="2022-06-13T21:12:10.3862576+02:00" testType="13cdc9d9-ddb5-4fa4-a97d-d965ccfc6d4b" outcome="Passed" testListId="8c84fa94-04c1-424b-9868-57a2d4851a1d" relativeResultsDirectory="fecfe7b8-72aa-4c01-85cc-39760e0bcd69" />
    <UnitTestResult executionId="eabd3cf4-a7dd-4816-95be-04c355fe8656" testId="5ef8f362-be1f-4e4b-9d58-14a26a50023b" testName="FormatToStringTest1000 (31340.79231238914,31340.79 zł)" computerName="DESKTOP-5URQ9PB" duration="00:00:00.0000070" startTime="2022-06-13T21:12:10.1648884+02:00" endTime="2022-06-13T21:12:10.1649557+02:00" testType="13cdc9d9-ddb5-4fa4-a97d-d965ccfc6d4b" outcome="Passed" testListId="8c84fa94-04c1-424b-9868-57a2d4851a1d" relativeResultsDirectory="eabd3cf4-a7dd-4816-95be-04c355fe8656" />
    <UnitTestResult executionId="b3f63cb9-043c-4c36-9404-e17cf9d1385c" testId="3165bc5a-e7ef-476d-8596-fb8ca2fd3504" testName="FormatToStringTest1000 (16402.16316587206,16402.16 zł)" computerName="DESKTOP-5URQ9PB" duration="00:00:00.0000065" startTime="2022-06-13T21:12:10.2620097+02:00" endTime="2022-06-13T21:12:10.2620807+02:00" testType="13cdc9d9-ddb5-4fa4-a97d-d965ccfc6d4b" outcome="Passed" testListId="8c84fa94-04c1-424b-9868-57a2d4851a1d" relativeResultsDirectory="b3f63cb9-043c-4c36-9404-e17cf9d1385c" />
    <UnitTestResult executionId="3e9f226b-4209-42d6-9821-d1eabd16cc8d" testId="d6e5944e-6c08-4ded-8f1b-4ee414ca6dbd" testName="FormatToStringTest1000 (28583.827618148098,28583.83 zł)" computerName="DESKTOP-5URQ9PB" duration="00:00:00.0000062" startTime="2022-06-13T21:12:10.1392724+02:00" endTime="2022-06-13T21:12:10.1393401+02:00" testType="13cdc9d9-ddb5-4fa4-a97d-d965ccfc6d4b" outcome="Passed" testListId="8c84fa94-04c1-424b-9868-57a2d4851a1d" relativeResultsDirectory="3e9f226b-4209-42d6-9821-d1eabd16cc8d" />
    <UnitTestResult executionId="fcc2d5df-8016-4ba8-ab5d-60e5add4d2a0" testId="61166f20-e2d8-4ea5-b199-e78f120f8177" testName="FormatToStringTest1000 (9517.514896326473,9517.51 zł)" computerName="DESKTOP-5URQ9PB" duration="00:00:00.0000066" startTime="2022-06-13T21:12:10.3226086+02:00" endTime="2022-06-13T21:12:10.3226830+02:00" testType="13cdc9d9-ddb5-4fa4-a97d-d965ccfc6d4b" outcome="Passed" testListId="8c84fa94-04c1-424b-9868-57a2d4851a1d" relativeResultsDirectory="fcc2d5df-8016-4ba8-ab5d-60e5add4d2a0" />
    <UnitTestResult executionId="2b91bd42-168a-4793-9b24-3c4277e7e800" testId="53136509-b754-4cf9-a49a-f76a101d2925" testName="FormatToStringTest1000 (12187.551827252633,12187.55 zł)" computerName="DESKTOP-5URQ9PB" duration="00:00:00.0000061" startTime="2022-06-13T21:12:10.1750871+02:00" endTime="2022-06-13T21:12:10.1751554+02:00" testType="13cdc9d9-ddb5-4fa4-a97d-d965ccfc6d4b" outcome="Passed" testListId="8c84fa94-04c1-424b-9868-57a2d4851a1d" relativeResultsDirectory="2b91bd42-168a-4793-9b24-3c4277e7e800" />
    <UnitTestResult executionId="1bdb40b3-101d-4183-9b27-62034edf636a" testId="cee04131-1e63-4d72-b147-18880b043da7" testName="FormatToStringTest1000 (2390.7596313784643,2390.76 zł)" computerName="DESKTOP-5URQ9PB" duration="00:00:00.0000064" startTime="2022-06-13T21:12:10.3204456+02:00" endTime="2022-06-13T21:12:10.3205112+02:00" testType="13cdc9d9-ddb5-4fa4-a97d-d965ccfc6d4b" outcome="Passed" testListId="8c84fa94-04c1-424b-9868-57a2d4851a1d" relativeResultsDirectory="1bdb40b3-101d-4183-9b27-62034edf636a" />
    <UnitTestResult executionId="ec598ed1-d353-40ec-bb46-1367db86a57d" testId="e984f960-8848-45e2-8c38-cc7808ccd625" testName="FormatToStringTest1000 (2937.138486199611,2937.14 zł)" computerName="DESKTOP-5URQ9PB" duration="00:00:00.0000092" startTime="2022-06-13T21:12:10.1100187+02:00" endTime="2022-06-13T21:12:10.1100917+02:00" testType="13cdc9d9-ddb5-4fa4-a97d-d965ccfc6d4b" outcome="Passed" testListId="8c84fa94-04c1-424b-9868-57a2d4851a1d" relativeResultsDirectory="ec598ed1-d353-40ec-bb46-1367db86a57d" />
    <UnitTestResult executionId="2f80cdd4-fa5f-4c2c-89a6-ad09ebf40eeb" testId="851e2c15-efd7-4268-b7b0-7b8e6182aa7c" testName="FormatToStringTest1000 (7193.552206002898,7193.55 zł)" computerName="DESKTOP-5URQ9PB" duration="00:00:00.0000062" startTime="2022-06-13T21:12:10.3694683+02:00" endTime="2022-06-13T21:12:10.3695322+02:00" testType="13cdc9d9-ddb5-4fa4-a97d-d965ccfc6d4b" outcome="Passed" testListId="8c84fa94-04c1-424b-9868-57a2d4851a1d" relativeResultsDirectory="2f80cdd4-fa5f-4c2c-89a6-ad09ebf40eeb" />
    <UnitTestResult executionId="d49b9a29-dd36-429c-9ac2-095aaf59052a" testId="6c54c93b-4ca7-44ed-81c9-87e4303b1d5e" testName="FormatToStringTest1000 (14063.90676654871,14063.91 zł)" computerName="DESKTOP-5URQ9PB" duration="00:00:00.0000062" startTime="2022-06-13T21:12:10.3402580+02:00" endTime="2022-06-13T21:12:10.3403216+02:00" testType="13cdc9d9-ddb5-4fa4-a97d-d965ccfc6d4b" outcome="Passed" testListId="8c84fa94-04c1-424b-9868-57a2d4851a1d" relativeResultsDirectory="d49b9a29-dd36-429c-9ac2-095aaf59052a" />
    <UnitTestResult executionId="baf5022a-b1fb-4593-adb6-28e7b0207469" testId="47784435-2107-4717-b5f5-08314c4f91ce" testName="FormatToStringTest1000 (9816.961298880615,9816.96 zł)" computerName="DESKTOP-5URQ9PB" duration="00:00:00.0000065" startTime="2022-06-13T21:12:10.0816832+02:00" endTime="2022-06-13T21:12:10.0817524+02:00" testType="13cdc9d9-ddb5-4fa4-a97d-d965ccfc6d4b" outcome="Passed" testListId="8c84fa94-04c1-424b-9868-57a2d4851a1d" relativeResultsDirectory="baf5022a-b1fb-4593-adb6-28e7b0207469" />
    <UnitTestResult executionId="7a079e37-c6c2-4910-af66-470e337fbd97" testId="d98b9d16-e91c-41da-b86f-39ba2f2a1729" testName="FormatToStringTest1000 (13745.115971449817,13745.12 zł)" computerName="DESKTOP-5URQ9PB" duration="00:00:00.0000132" startTime="2022-06-13T21:12:10.1577967+02:00" endTime="2022-06-13T21:12:10.1579589+02:00" testType="13cdc9d9-ddb5-4fa4-a97d-d965ccfc6d4b" outcome="Passed" testListId="8c84fa94-04c1-424b-9868-57a2d4851a1d" relativeResultsDirectory="7a079e37-c6c2-4910-af66-470e337fbd97" />
    <UnitTestResult executionId="02d05d03-2688-4787-b699-32339c839df8" testId="8a64fec7-d594-4014-877f-024dcfaafd3c" testName="FormatToStringTest1000 (18032.4720825476,18032.47 zł)" computerName="DESKTOP-5URQ9PB" duration="00:00:00.0000064" startTime="2022-06-13T21:12:10.3964764+02:00" endTime="2022-06-13T21:12:10.3965377+02:00" testType="13cdc9d9-ddb5-4fa4-a97d-d965ccfc6d4b" outcome="Passed" testListId="8c84fa94-04c1-424b-9868-57a2d4851a1d" relativeResultsDirectory="02d05d03-2688-4787-b699-32339c839df8" />
    <UnitTestResult executionId="975676bc-3686-4b01-acc6-5e2ac55c0d13" testId="f5e22862-9dea-46e5-b432-7502695f0093" testName="FormatToStringTest1000 (3092.9215945624383,3092.92 zł)" computerName="DESKTOP-5URQ9PB" duration="00:00:00.0000069" startTime="2022-06-13T21:12:10.3115796+02:00" endTime="2022-06-13T21:12:10.3116600+02:00" testType="13cdc9d9-ddb5-4fa4-a97d-d965ccfc6d4b" outcome="Passed" testListId="8c84fa94-04c1-424b-9868-57a2d4851a1d" relativeResultsDirectory="975676bc-3686-4b01-acc6-5e2ac55c0d13" />
    <UnitTestResult executionId="8cd81e15-7a6d-4dd8-9f0a-db703c65cab7" testId="3b76031e-6a89-40e1-9fcb-dc868a5ffc8c" testName="FormatToStringTest1000 (7124.979180760672,7124.98 zł)" computerName="DESKTOP-5URQ9PB" duration="00:00:00.0000149" startTime="2022-06-13T21:12:10.0887218+02:00" endTime="2022-06-13T21:12:10.0890535+02:00" testType="13cdc9d9-ddb5-4fa4-a97d-d965ccfc6d4b" outcome="Passed" testListId="8c84fa94-04c1-424b-9868-57a2d4851a1d" relativeResultsDirectory="8cd81e15-7a6d-4dd8-9f0a-db703c65cab7" />
    <UnitTestResult executionId="7c1c2c6d-fd5b-4932-8b95-de60ebf87c5b" testId="1c0a3442-0427-499e-ab58-ae5a97d2550c" testName="FormatToStringTest1000 (38402.8293406753,38402.83 zł)" computerName="DESKTOP-5URQ9PB" duration="00:00:00.0000065" startTime="2022-06-13T21:12:10.3518835+02:00" endTime="2022-06-13T21:12:10.3519451+02:00" testType="13cdc9d9-ddb5-4fa4-a97d-d965ccfc6d4b" outcome="Passed" testListId="8c84fa94-04c1-424b-9868-57a2d4851a1d" relativeResultsDirectory="7c1c2c6d-fd5b-4932-8b95-de60ebf87c5b" />
    <UnitTestResult executionId="66f08f3d-5f2b-47e3-8dbe-00059cb9e9c7" testId="e6c0bf34-fece-4516-95a9-41872e37fc64" testName="FormatToStringTest1000 (79973.08417819678,79973.08 zł)" computerName="DESKTOP-5URQ9PB" duration="00:00:00.0000065" startTime="2022-06-13T21:12:10.0403847+02:00" endTime="2022-06-13T21:12:10.0404516+02:00" testType="13cdc9d9-ddb5-4fa4-a97d-d965ccfc6d4b" outcome="Passed" testListId="8c84fa94-04c1-424b-9868-57a2d4851a1d" relativeResultsDirectory="66f08f3d-5f2b-47e3-8dbe-00059cb9e9c7" />
    <UnitTestResult executionId="ea700fed-04c0-4770-8540-560e8b4762ce" testId="69ace58f-97ba-4685-958c-bd045670bc6b" testName="FormatToStringTest1000 (1994.0983933439006,1994.10 zł)" computerName="DESKTOP-5URQ9PB" duration="00:00:00.0000062" startTime="2022-06-13T21:12:10.3983810+02:00" endTime="2022-06-13T21:12:10.3984499+02:00" testType="13cdc9d9-ddb5-4fa4-a97d-d965ccfc6d4b" outcome="Passed" testListId="8c84fa94-04c1-424b-9868-57a2d4851a1d" relativeResultsDirectory="ea700fed-04c0-4770-8540-560e8b4762ce" />
    <UnitTestResult executionId="b69b2322-e596-441c-ae59-998328fded90" testId="b9a32c5a-9392-484d-9a98-d3c7c145c04d" testName="FormatToStringTest1000 (12221.10494323592,12221.10 zł)" computerName="DESKTOP-5URQ9PB" duration="00:00:00.0000062" startTime="2022-06-13T21:12:10.1290512+02:00" endTime="2022-06-13T21:12:10.1291176+02:00" testType="13cdc9d9-ddb5-4fa4-a97d-d965ccfc6d4b" outcome="Passed" testListId="8c84fa94-04c1-424b-9868-57a2d4851a1d" relativeResultsDirectory="b69b2322-e596-441c-ae59-998328fded90" />
    <UnitTestResult executionId="17240d4b-f758-415e-8ad8-cc2693400931" testId="64ce8864-bd20-4084-b004-898b341b4373" testName="FormatToStringTest1000 (30578.687538491416,30578.69 zł)" computerName="DESKTOP-5URQ9PB" duration="00:00:00.0000064" startTime="2022-06-13T21:12:10.1979996+02:00" endTime="2022-06-13T21:12:10.1980764+02:00" testType="13cdc9d9-ddb5-4fa4-a97d-d965ccfc6d4b" outcome="Passed" testListId="8c84fa94-04c1-424b-9868-57a2d4851a1d" relativeResultsDirectory="17240d4b-f758-415e-8ad8-cc2693400931" />
    <UnitTestResult executionId="7c276a8d-9b55-46d4-ae2e-a03dcd6170d3" testId="98b0cc6f-8e9e-4ecb-8fe6-b0d578e86bde" testName="FormatToStringTest1000 (41915.7945284563,41915.79 zł)" computerName="DESKTOP-5URQ9PB" duration="00:00:00.0000062" startTime="2022-06-13T21:12:10.3561042+02:00" endTime="2022-06-13T21:12:10.3561666+02:00" testType="13cdc9d9-ddb5-4fa4-a97d-d965ccfc6d4b" outcome="Passed" testListId="8c84fa94-04c1-424b-9868-57a2d4851a1d" relativeResultsDirectory="7c276a8d-9b55-46d4-ae2e-a03dcd6170d3" />
    <UnitTestResult executionId="fb25a948-51bb-406f-bdbf-d96543358b65" testId="aadb8960-1807-41d4-ab70-013b76709428" testName="FormatToStringTest1000 (23662.291816162084,23662.29 zł)" computerName="DESKTOP-5URQ9PB" duration="00:00:00.0000065" startTime="2022-06-13T21:12:10.3833921+02:00" endTime="2022-06-13T21:12:10.3834665+02:00" testType="13cdc9d9-ddb5-4fa4-a97d-d965ccfc6d4b" outcome="Passed" testListId="8c84fa94-04c1-424b-9868-57a2d4851a1d" relativeResultsDirectory="fb25a948-51bb-406f-bdbf-d96543358b65" />
    <UnitTestResult executionId="293edb2a-9e3d-4b0a-955e-de805bcb2d83" testId="26093bce-f98a-44c1-940f-409778a91f25" testName="FormatToStringTest1000 (19541.10539777116,19541.11 zł)" computerName="DESKTOP-5URQ9PB" duration="00:00:00.0000093" startTime="2022-06-13T21:12:10.0977802+02:00" endTime="2022-06-13T21:12:10.0979087+02:00" testType="13cdc9d9-ddb5-4fa4-a97d-d965ccfc6d4b" outcome="Passed" testListId="8c84fa94-04c1-424b-9868-57a2d4851a1d" relativeResultsDirectory="293edb2a-9e3d-4b0a-955e-de805bcb2d83" />
    <UnitTestResult executionId="1d94e63a-3860-4ed4-8034-2f563e8121b3" testId="f3e7f70a-16df-4e11-9e06-df0082c3e8d8" testName="FormatToStringTest1000 (18208.8422650126,18208.84 zł)" computerName="DESKTOP-5URQ9PB" duration="00:00:00.0000066" startTime="2022-06-13T21:12:10.1847574+02:00" endTime="2022-06-13T21:12:10.1848229+02:00" testType="13cdc9d9-ddb5-4fa4-a97d-d965ccfc6d4b" outcome="Passed" testListId="8c84fa94-04c1-424b-9868-57a2d4851a1d" relativeResultsDirectory="1d94e63a-3860-4ed4-8034-2f563e8121b3" />
    <UnitTestResult executionId="2ded83a3-f33c-4fb1-8ffc-aa5b9096bac6" testId="8c56cc0e-e1f5-46b8-80fb-68b9e127e80a" testName="FormatToStringTest1000 (61324.33752458279,61324.34 zł)" computerName="DESKTOP-5URQ9PB" duration="00:00:00.0000062" startTime="2022-06-13T21:12:10.2326457+02:00" endTime="2022-06-13T21:12:10.2327126+02:00" testType="13cdc9d9-ddb5-4fa4-a97d-d965ccfc6d4b" outcome="Passed" testListId="8c84fa94-04c1-424b-9868-57a2d4851a1d" relativeResultsDirectory="2ded83a3-f33c-4fb1-8ffc-aa5b9096bac6" />
    <UnitTestResult executionId="7514a56f-b325-4c21-97ff-e477273891ef" testId="5083f79c-4963-419b-890f-332ffe08a88c" testName="FormatToStringTest1000 (395.45790295882983,395.46 zł)" computerName="DESKTOP-5URQ9PB" duration="00:00:00.0000063" startTime="2022-06-13T21:12:10.2387177+02:00" endTime="2022-06-13T21:12:10.2387845+02:00" testType="13cdc9d9-ddb5-4fa4-a97d-d965ccfc6d4b" outcome="Passed" testListId="8c84fa94-04c1-424b-9868-57a2d4851a1d" relativeResultsDirectory="7514a56f-b325-4c21-97ff-e477273891ef" />
    <UnitTestResult executionId="39058189-f844-4e1c-9cff-826228e302f1" testId="1450361a-f66f-40b6-a917-02cb70a66648" testName="FormatToStringTest1000 (6220.182014914314,6220.18 zł)" computerName="DESKTOP-5URQ9PB" duration="00:00:00.0000062" startTime="2022-06-13T21:12:10.3338077+02:00" endTime="2022-06-13T21:12:10.3338723+02:00" testType="13cdc9d9-ddb5-4fa4-a97d-d965ccfc6d4b" outcome="Passed" testListId="8c84fa94-04c1-424b-9868-57a2d4851a1d" relativeResultsDirectory="39058189-f844-4e1c-9cff-826228e302f1" />
    <UnitTestResult executionId="7bc75093-6859-494b-970a-a030a623c84a" testId="66c12e37-5aab-4668-a1dd-a8ae4985e720" testName="FormatToStringTest1000 (73301.91270130403,73301.91 zł)" computerName="DESKTOP-5URQ9PB" duration="00:00:00.0000069" startTime="2022-06-13T21:12:10.3690655+02:00" endTime="2022-06-13T21:12:10.3691295+02:00" testType="13cdc9d9-ddb5-4fa4-a97d-d965ccfc6d4b" outcome="Passed" testListId="8c84fa94-04c1-424b-9868-57a2d4851a1d" relativeResultsDirectory="7bc75093-6859-494b-970a-a030a623c84a" />
    <UnitTestResult executionId="c96c041d-e7b7-4923-93ed-376262117a72" testId="d1ce3b9f-339a-4a93-acf5-1f980d51f16f" testName="FormatToStringTest1000 (34951.47290410077,34951.47 zł)" computerName="DESKTOP-5URQ9PB" duration="00:00:00.0000062" startTime="2022-06-13T21:12:10.2419884+02:00" endTime="2022-06-13T21:12:10.2420544+02:00" testType="13cdc9d9-ddb5-4fa4-a97d-d965ccfc6d4b" outcome="Passed" testListId="8c84fa94-04c1-424b-9868-57a2d4851a1d" relativeResultsDirectory="c96c041d-e7b7-4923-93ed-376262117a72" />
    <UnitTestResult executionId="eb94d69f-7242-4b1f-8c27-de9223326fd2" testId="ed08120c-a571-4262-af84-5979d3c987f1" testName="FormatToStringTest1000 (3694.480496819355,3694.48 zł)" computerName="DESKTOP-5URQ9PB" duration="00:00:00.0000062" startTime="2022-06-13T21:12:10.1678535+02:00" endTime="2022-06-13T21:12:10.1679215+02:00" testType="13cdc9d9-ddb5-4fa4-a97d-d965ccfc6d4b" outcome="Passed" testListId="8c84fa94-04c1-424b-9868-57a2d4851a1d" relativeResultsDirectory="eb94d69f-7242-4b1f-8c27-de9223326fd2" />
    <UnitTestResult executionId="1abd59fc-4b4d-4db7-85c2-9913675decc0" testId="98c22f72-fb70-4879-a436-e854afe83875" testName="FormatToStringTest1000 (626.135364110179,626.14 zł)" computerName="DESKTOP-5URQ9PB" duration="00:00:00.0000064" startTime="2022-06-13T21:12:10.1649730+02:00" endTime="2022-06-13T21:12:10.1650381+02:00" testType="13cdc9d9-ddb5-4fa4-a97d-d965ccfc6d4b" outcome="Passed" testListId="8c84fa94-04c1-424b-9868-57a2d4851a1d" relativeResultsDirectory="1abd59fc-4b4d-4db7-85c2-9913675decc0" />
    <UnitTestResult executionId="859d99e8-fd00-46e3-ba3c-3e139afe2908" testId="f7ab9927-3b50-44ea-a61c-4e27a78faae1" testName="FormatToStringTest1000 (43424.45140075332,43424.45 zł)" computerName="DESKTOP-5URQ9PB" duration="00:00:00.0000063" startTime="2022-06-13T21:12:10.2657019+02:00" endTime="2022-06-13T21:12:10.2657693+02:00" testType="13cdc9d9-ddb5-4fa4-a97d-d965ccfc6d4b" outcome="Passed" testListId="8c84fa94-04c1-424b-9868-57a2d4851a1d" relativeResultsDirectory="859d99e8-fd00-46e3-ba3c-3e139afe2908" />
    <UnitTestResult executionId="417daa70-45dc-41ab-884b-ef7875b60e76" testId="fe80ddcd-141f-4d48-8d4f-aa7b8099dd24" testName="FormatToStringTest1000 (86.89546322771136,86.90 zł)" computerName="DESKTOP-5URQ9PB" duration="00:00:00.0000071" startTime="2022-06-13T21:12:10.0928494+02:00" endTime="2022-06-13T21:12:10.0929860+02:00" testType="13cdc9d9-ddb5-4fa4-a97d-d965ccfc6d4b" outcome="Passed" testListId="8c84fa94-04c1-424b-9868-57a2d4851a1d" relativeResultsDirectory="417daa70-45dc-41ab-884b-ef7875b60e76" />
    <UnitTestResult executionId="69079f5c-25d5-4ea7-ac89-e43242d76006" testId="0efc29db-a47a-4431-b016-b7af5cbdce8d" testName="FormatToStringTest1000 (57237.252356975456,57237.25 zł)" computerName="DESKTOP-5URQ9PB" duration="00:00:00.0000064" startTime="2022-06-13T21:12:10.4006542+02:00" endTime="2022-06-13T21:12:10.4007193+02:00" testType="13cdc9d9-ddb5-4fa4-a97d-d965ccfc6d4b" outcome="Passed" testListId="8c84fa94-04c1-424b-9868-57a2d4851a1d" relativeResultsDirectory="69079f5c-25d5-4ea7-ac89-e43242d76006" />
    <UnitTestResult executionId="e9082d4a-acf7-4623-a814-421a576b1bfe" testId="435658fa-fa0f-4561-9114-1ca9bd7fda1b" testName="FormatToStringTest1000 (39314.52353688401,39314.52 zł)" computerName="DESKTOP-5URQ9PB" duration="00:00:00.0000063" startTime="2022-06-13T21:12:10.3479539+02:00" endTime="2022-06-13T21:12:10.3480173+02:00" testType="13cdc9d9-ddb5-4fa4-a97d-d965ccfc6d4b" outcome="Passed" testListId="8c84fa94-04c1-424b-9868-57a2d4851a1d" relativeResultsDirectory="e9082d4a-acf7-4623-a814-421a576b1bfe" />
    <UnitTestResult executionId="584344cf-55f7-46ae-917f-518f19ccf2e7" testId="f91ef6da-b8c0-46fd-8e8a-3ea3f71db6c0" testName="FormatToStringTest1000 (6276.389386365838,6276.39 zł)" computerName="DESKTOP-5URQ9PB" duration="00:00:00.0000060" startTime="2022-06-13T21:12:10.2386334+02:00" endTime="2022-06-13T21:12:10.2387004+02:00" testType="13cdc9d9-ddb5-4fa4-a97d-d965ccfc6d4b" outcome="Passed" testListId="8c84fa94-04c1-424b-9868-57a2d4851a1d" relativeResultsDirectory="584344cf-55f7-46ae-917f-518f19ccf2e7" />
    <UnitTestResult executionId="c98ac5fe-24f6-4a5c-905a-fc905931b5af" testId="e48fc9b7-69c8-4b4e-b231-1f020811cd03" testName="FormatToStringTest1000 (17835.54606576988,17835.55 zł)" computerName="DESKTOP-5URQ9PB" duration="00:00:00.0000064" startTime="2022-06-13T21:12:10.1285157+02:00" endTime="2022-06-13T21:12:10.1285844+02:00" testType="13cdc9d9-ddb5-4fa4-a97d-d965ccfc6d4b" outcome="Passed" testListId="8c84fa94-04c1-424b-9868-57a2d4851a1d" relativeResultsDirectory="c98ac5fe-24f6-4a5c-905a-fc905931b5af" />
    <UnitTestResult executionId="e1d776ae-de7b-4a3c-9b15-9acb1a4f3077" testId="9d8844bf-8701-4e4e-b0c6-ad4f130743ba" testName="FormatToStringTest1000 (941.429400278921,941.43 zł)" computerName="DESKTOP-5URQ9PB" duration="00:00:00.0000064" startTime="2022-06-13T21:12:10.2185819+02:00" endTime="2022-06-13T21:12:10.2186516+02:00" testType="13cdc9d9-ddb5-4fa4-a97d-d965ccfc6d4b" outcome="Passed" testListId="8c84fa94-04c1-424b-9868-57a2d4851a1d" relativeResultsDirectory="e1d776ae-de7b-4a3c-9b15-9acb1a4f3077" />
    <UnitTestResult executionId="24b8ec44-4f07-481c-9ef4-770e8784ea9c" testId="07586a34-10a8-4998-8500-07cdc2708b04" testName="FormatToStringTest1000 (22494.46807976834,22494.47 zł)" computerName="DESKTOP-5URQ9PB" duration="00:00:00.0000067" startTime="2022-06-13T21:12:10.3515484+02:00" endTime="2022-06-13T21:12:10.3516244+02:00" testType="13cdc9d9-ddb5-4fa4-a97d-d965ccfc6d4b" outcome="Passed" testListId="8c84fa94-04c1-424b-9868-57a2d4851a1d" relativeResultsDirectory="24b8ec44-4f07-481c-9ef4-770e8784ea9c" />
    <UnitTestResult executionId="c3b92457-aafa-4dc4-b4ba-7beb2efbd113" testId="b434d953-73a8-4b18-b9b3-4f43af04ee85" testName="FormatToStringTest1000 (13541.45472935096,13541.45 zł)" computerName="DESKTOP-5URQ9PB" duration="00:00:00.0000062" startTime="2022-06-13T21:12:10.3298525+02:00" endTime="2022-06-13T21:12:10.3299170+02:00" testType="13cdc9d9-ddb5-4fa4-a97d-d965ccfc6d4b" outcome="Passed" testListId="8c84fa94-04c1-424b-9868-57a2d4851a1d" relativeResultsDirectory="c3b92457-aafa-4dc4-b4ba-7beb2efbd113" />
    <UnitTestResult executionId="294a3c04-a34f-4d4c-a7d8-49c2de49fd27" testId="cec1620a-f91e-4bc2-a1c1-23855307e5ba" testName="FormatToStringTest1000 (19796.212103914568,19796.21 zł)" computerName="DESKTOP-5URQ9PB" duration="00:00:00.0000065" startTime="2022-06-13T21:12:10.2655832+02:00" endTime="2022-06-13T21:12:10.2656827+02:00" testType="13cdc9d9-ddb5-4fa4-a97d-d965ccfc6d4b" outcome="Passed" testListId="8c84fa94-04c1-424b-9868-57a2d4851a1d" relativeResultsDirectory="294a3c04-a34f-4d4c-a7d8-49c2de49fd27" />
    <UnitTestResult executionId="dae5a756-c431-44f9-8953-df09dbc13cf5" testId="9f48d6a8-1365-4c55-b545-beb0a5f3d9ae" testName="FormatToStringTest1000 (36211.11038300866,36211.11 zł)" computerName="DESKTOP-5URQ9PB" duration="00:00:00.0000063" startTime="2022-06-13T21:12:10.3600324+02:00" endTime="2022-06-13T21:12:10.3600954+02:00" testType="13cdc9d9-ddb5-4fa4-a97d-d965ccfc6d4b" outcome="Passed" testListId="8c84fa94-04c1-424b-9868-57a2d4851a1d" relativeResultsDirectory="dae5a756-c431-44f9-8953-df09dbc13cf5" />
    <UnitTestResult executionId="c17e6fa7-3cab-42e3-a01d-677694b9bd57" testId="524ffba9-8c11-4e86-a863-a2ed4bdf8738" testName="FormatToStringTest1000 (31424.298858482067,31424.30 zł)" computerName="DESKTOP-5URQ9PB" duration="00:00:00.0000063" startTime="2022-06-13T21:12:10.3066700+02:00" endTime="2022-06-13T21:12:10.3067370+02:00" testType="13cdc9d9-ddb5-4fa4-a97d-d965ccfc6d4b" outcome="Passed" testListId="8c84fa94-04c1-424b-9868-57a2d4851a1d" relativeResultsDirectory="c17e6fa7-3cab-42e3-a01d-677694b9bd57" />
    <UnitTestResult executionId="e72ca6dd-3c22-45a9-9fc8-3d4a2e4f36a3" testId="dbeb1e9c-5e6f-41d1-9cc4-93c5fb9cb8b1" testName="FormatToStringTest1000 (70581.91150977784,70581.91 zł)" computerName="DESKTOP-5URQ9PB" duration="00:00:00.0000076" startTime="2022-06-13T21:12:10.3087523+02:00" endTime="2022-06-13T21:12:10.3088399+02:00" testType="13cdc9d9-ddb5-4fa4-a97d-d965ccfc6d4b" outcome="Passed" testListId="8c84fa94-04c1-424b-9868-57a2d4851a1d" relativeResultsDirectory="e72ca6dd-3c22-45a9-9fc8-3d4a2e4f36a3" />
    <UnitTestResult executionId="d07855f4-35d4-4d89-bad7-9c1d1bd64de1" testId="bac9f14d-9f00-4ce2-8550-3e8a264712ad" testName="FormatToStringTest1000 (16688.70569393677,16688.71 zł)" computerName="DESKTOP-5URQ9PB" duration="00:00:00.0000062" startTime="2022-06-13T21:12:10.2248445+02:00" endTime="2022-06-13T21:12:10.2249117+02:00" testType="13cdc9d9-ddb5-4fa4-a97d-d965ccfc6d4b" outcome="Passed" testListId="8c84fa94-04c1-424b-9868-57a2d4851a1d" relativeResultsDirectory="d07855f4-35d4-4d89-bad7-9c1d1bd64de1" />
    <UnitTestResult executionId="80e16597-8cff-4abe-86e7-ad2412d4bec3" testId="4658d93a-e795-4f30-8219-ae1cfa32925a" testName="FormatToStringTest1000 (10268.547802396373,10268.55 zł)" computerName="DESKTOP-5URQ9PB" duration="00:00:00.0000090" startTime="2022-06-13T21:12:10.1132462+02:00" endTime="2022-06-13T21:12:10.1133239+02:00" testType="13cdc9d9-ddb5-4fa4-a97d-d965ccfc6d4b" outcome="Passed" testListId="8c84fa94-04c1-424b-9868-57a2d4851a1d" relativeResultsDirectory="80e16597-8cff-4abe-86e7-ad2412d4bec3" />
    <UnitTestResult executionId="c8de20ab-2cd8-4008-b4fa-dbf153e5e79d" testId="ac6d36ad-dea0-468f-99b6-b2d765f398e4" testName="FormatToStringTest1000 (7715.904444139406,7715.90 zł)" computerName="DESKTOP-5URQ9PB" duration="00:00:00.0000063" startTime="2022-06-13T21:12:10.2654983+02:00" endTime="2022-06-13T21:12:10.2655657+02:00" testType="13cdc9d9-ddb5-4fa4-a97d-d965ccfc6d4b" outcome="Passed" testListId="8c84fa94-04c1-424b-9868-57a2d4851a1d" relativeResultsDirectory="c8de20ab-2cd8-4008-b4fa-dbf153e5e79d" />
    <UnitTestResult executionId="4192e896-1879-4793-b75a-ca6de8e8fc06" testId="d2d60e94-d0cd-49da-9d5e-92821eb4c449" testName="FormatToStringTest1000 (10457.593086045978,10457.59 zł)" computerName="DESKTOP-5URQ9PB" duration="00:00:00.0000070" startTime="2022-06-13T21:12:10.2715424+02:00" endTime="2022-06-13T21:12:10.2716401+02:00" testType="13cdc9d9-ddb5-4fa4-a97d-d965ccfc6d4b" outcome="Passed" testListId="8c84fa94-04c1-424b-9868-57a2d4851a1d" relativeResultsDirectory="4192e896-1879-4793-b75a-ca6de8e8fc06" />
    <UnitTestResult executionId="5848b659-0008-4ec4-aadb-6eadd94e168b" testId="c3058c86-5ffc-4607-bcd7-89df9ee22dfa" testName="FormatToStringTest1000 (19363.881840787773,19363.88 zł)" computerName="DESKTOP-5URQ9PB" duration="00:00:00.0000065" startTime="2022-06-13T21:12:10.3422453+02:00" endTime="2022-06-13T21:12:10.3423114+02:00" testType="13cdc9d9-ddb5-4fa4-a97d-d965ccfc6d4b" outcome="Passed" testListId="8c84fa94-04c1-424b-9868-57a2d4851a1d" relativeResultsDirectory="5848b659-0008-4ec4-aadb-6eadd94e168b" />
    <UnitTestResult executionId="c15fb182-418c-4ba6-b70b-7ae0e579d75e" testId="6026f612-9d5b-48ce-b52e-dc94ef08443b" testName="FormatToStringTest1000 (50413.517583300134,50413.52 zł)" computerName="DESKTOP-5URQ9PB" duration="00:00:00.0000062" startTime="2022-06-13T21:12:10.3341353+02:00" endTime="2022-06-13T21:12:10.3342009+02:00" testType="13cdc9d9-ddb5-4fa4-a97d-d965ccfc6d4b" outcome="Passed" testListId="8c84fa94-04c1-424b-9868-57a2d4851a1d" relativeResultsDirectory="c15fb182-418c-4ba6-b70b-7ae0e579d75e" />
    <UnitTestResult executionId="251cc643-4ef0-48a3-9c34-341938c3b8e7" testId="d2008538-f5ce-4c59-bccf-23e1a3cb4b25" testName="FormatToStringTest1000 (835.1578487740633,835.16 zł)" computerName="DESKTOP-5URQ9PB" duration="00:00:00.0000062" startTime="2022-06-13T21:12:10.3070888+02:00" endTime="2022-06-13T21:12:10.3071548+02:00" testType="13cdc9d9-ddb5-4fa4-a97d-d965ccfc6d4b" outcome="Passed" testListId="8c84fa94-04c1-424b-9868-57a2d4851a1d" relativeResultsDirectory="251cc643-4ef0-48a3-9c34-341938c3b8e7" />
    <UnitTestResult executionId="cce5c1a9-77e9-4978-a9ed-9143dab70fc2" testId="80a3b5f2-69af-4a7f-b2d8-00be4db137ee" testName="FormatToStringTest1000 (6946.333318357977,6946.33 zł)" computerName="DESKTOP-5URQ9PB" duration="00:00:00.0000063" startTime="2022-06-13T21:12:10.2150892+02:00" endTime="2022-06-13T21:12:10.2151573+02:00" testType="13cdc9d9-ddb5-4fa4-a97d-d965ccfc6d4b" outcome="Passed" testListId="8c84fa94-04c1-424b-9868-57a2d4851a1d" relativeResultsDirectory="cce5c1a9-77e9-4978-a9ed-9143dab70fc2" />
    <UnitTestResult executionId="c61e3677-22bf-4bc1-b7ba-6f3ea441f207" testId="716fe517-9269-4912-96d4-290662d304c0" testName="FormatToStringTest1000 (71554.9786298829,71554.98 zł)" computerName="DESKTOP-5URQ9PB" duration="00:00:00.0000064" startTime="2022-06-13T21:12:10.3501326+02:00" endTime="2022-06-13T21:12:10.3501941+02:00" testType="13cdc9d9-ddb5-4fa4-a97d-d965ccfc6d4b" outcome="Passed" testListId="8c84fa94-04c1-424b-9868-57a2d4851a1d" relativeResultsDirectory="c61e3677-22bf-4bc1-b7ba-6f3ea441f207" />
    <UnitTestResult executionId="faa2e780-f1e2-41b4-9c18-d701c8e0195e" testId="e9e01671-e3c8-42b9-9917-6bcd6889437b" testName="FormatToStringTest1000 (1751.1734380625066,1751.17 zł)" computerName="DESKTOP-5URQ9PB" duration="00:00:00.0000062" startTime="2022-06-13T21:12:10.3556986+02:00" endTime="2022-06-13T21:12:10.3557632+02:00" testType="13cdc9d9-ddb5-4fa4-a97d-d965ccfc6d4b" outcome="Passed" testListId="8c84fa94-04c1-424b-9868-57a2d4851a1d" relativeResultsDirectory="faa2e780-f1e2-41b4-9c18-d701c8e0195e" />
    <UnitTestResult executionId="cb99c1a5-e1f8-4ae8-8862-c9ec2cb7ba91" testId="30204003-5905-4572-8173-c828365c23f7" testName="FormatToStringTest1000 (16129.507288814293,16129.51 zł)" computerName="DESKTOP-5URQ9PB" duration="00:00:00.0000061" startTime="2022-06-13T21:12:10.2482645+02:00" endTime="2022-06-13T21:12:10.2483303+02:00" testType="13cdc9d9-ddb5-4fa4-a97d-d965ccfc6d4b" outcome="Passed" testListId="8c84fa94-04c1-424b-9868-57a2d4851a1d" relativeResultsDirectory="cb99c1a5-e1f8-4ae8-8862-c9ec2cb7ba91" />
    <UnitTestResult executionId="f18a9339-fdc2-4ee9-a7ad-0fbef433de72" testId="e357c2b3-4e59-45fe-8357-6fb31587c29f" testName="FormatToStringTest1000 (65947.64520381515,65947.65 zł)" computerName="DESKTOP-5URQ9PB" duration="00:00:00.0000283" startTime="2022-06-13T21:12:10.2927356+02:00" endTime="2022-06-13T21:12:10.2930763+02:00" testType="13cdc9d9-ddb5-4fa4-a97d-d965ccfc6d4b" outcome="Passed" testListId="8c84fa94-04c1-424b-9868-57a2d4851a1d" relativeResultsDirectory="f18a9339-fdc2-4ee9-a7ad-0fbef433de72" />
    <UnitTestResult executionId="2938ddb2-ae5f-4d05-8c1e-b68126025a04" testId="dcbc1d57-c902-4fc4-82bf-480d7e2efc8a" testName="FormatToStringTest1000 (7753.724411372898,7753.72 zł)" computerName="DESKTOP-5URQ9PB" duration="00:00:00.0000063" startTime="2022-06-13T21:12:10.1320088+02:00" endTime="2022-06-13T21:12:10.1320760+02:00" testType="13cdc9d9-ddb5-4fa4-a97d-d965ccfc6d4b" outcome="Passed" testListId="8c84fa94-04c1-424b-9868-57a2d4851a1d" relativeResultsDirectory="2938ddb2-ae5f-4d05-8c1e-b68126025a04" />
    <UnitTestResult executionId="129af19d-7c89-4897-b376-f331e5c54012" testId="cc48d6d2-d2d6-426a-9f9c-54b5ef8c591e" testName="FormatToStringTest1000 (13508.811787825922,13508.81 zł)" computerName="DESKTOP-5URQ9PB" duration="00:00:00.0000062" startTime="2022-06-13T21:12:10.3789218+02:00" endTime="2022-06-13T21:12:10.3789867+02:00" testType="13cdc9d9-ddb5-4fa4-a97d-d965ccfc6d4b" outcome="Passed" testListId="8c84fa94-04c1-424b-9868-57a2d4851a1d" relativeResultsDirectory="129af19d-7c89-4897-b376-f331e5c54012" />
    <UnitTestResult executionId="41ddab99-d3a3-4775-9bd5-18598dbcaa1e" testId="8ea009a6-be93-4be1-8905-6a607a976622" testName="FormatToStringTest1000 (56373.35086238494,56373.35 zł)" computerName="DESKTOP-5URQ9PB" duration="00:00:00.0000062" startTime="2022-06-13T21:12:10.2184137+02:00" endTime="2022-06-13T21:12:10.2184808+02:00" testType="13cdc9d9-ddb5-4fa4-a97d-d965ccfc6d4b" outcome="Passed" testListId="8c84fa94-04c1-424b-9868-57a2d4851a1d" relativeResultsDirectory="41ddab99-d3a3-4775-9bd5-18598dbcaa1e" />
    <UnitTestResult executionId="b66ae85a-ec4e-4c19-9bec-afc4e75bc438" testId="8756d7ad-5498-477a-95b0-66b2c27494d9" testName="FormatToStringTest1000 (31290.71396233687,31290.71 zł)" computerName="DESKTOP-5URQ9PB" duration="00:00:00.0000115" startTime="2022-06-13T21:12:10.1095403+02:00" endTime="2022-06-13T21:12:10.1096185+02:00" testType="13cdc9d9-ddb5-4fa4-a97d-d965ccfc6d4b" outcome="Passed" testListId="8c84fa94-04c1-424b-9868-57a2d4851a1d" relativeResultsDirectory="b66ae85a-ec4e-4c19-9bec-afc4e75bc438" />
    <UnitTestResult executionId="741f8d4b-766b-4027-bd9b-ffd7cd180bb6" testId="b1668d42-ff6b-44dc-80fc-db5cdc98741d" testName="FormatToStringTest1000 (40556.73452524362,40556.73 zł)" computerName="DESKTOP-5URQ9PB" duration="00:00:00.0000063" startTime="2022-06-13T21:12:10.2419044+02:00" endTime="2022-06-13T21:12:10.2419704+02:00" testType="13cdc9d9-ddb5-4fa4-a97d-d965ccfc6d4b" outcome="Passed" testListId="8c84fa94-04c1-424b-9868-57a2d4851a1d" relativeResultsDirectory="741f8d4b-766b-4027-bd9b-ffd7cd180bb6" />
    <UnitTestResult executionId="4e720259-01d9-410e-8290-5577f7250673" testId="3d9541fc-e05a-4e0e-aa81-875b68b28b54" testName="FormatToStringTest1000 (54275.73209373408,54275.73 zł)" computerName="DESKTOP-5URQ9PB" duration="00:00:00.0000063" startTime="2022-06-13T21:12:10.3794050+02:00" endTime="2022-06-13T21:12:10.3794688+02:00" testType="13cdc9d9-ddb5-4fa4-a97d-d965ccfc6d4b" outcome="Passed" testListId="8c84fa94-04c1-424b-9868-57a2d4851a1d" relativeResultsDirectory="4e720259-01d9-410e-8290-5577f7250673" />
    <UnitTestResult executionId="91854bb8-a4b8-4082-b0b2-08a39d047126" testId="3e7236b9-d1b1-4d20-99e3-cede213ef90f" testName="FormatToStringTest1000 (57436.33241095409,57436.33 zł)" computerName="DESKTOP-5URQ9PB" duration="00:00:00.0000077" startTime="2022-06-13T21:12:10.2087058+02:00" endTime="2022-06-13T21:12:10.2087893+02:00" testType="13cdc9d9-ddb5-4fa4-a97d-d965ccfc6d4b" outcome="Passed" testListId="8c84fa94-04c1-424b-9868-57a2d4851a1d" relativeResultsDirectory="91854bb8-a4b8-4082-b0b2-08a39d047126" />
    <UnitTestResult executionId="7adfee70-a123-44b1-b668-9736f1070fdd" testId="3e510903-2e39-4897-9ee2-210c71d2069d" testName="FormatToStringTest1000 (60323.066780431225,60323.07 zł)" computerName="DESKTOP-5URQ9PB" duration="00:00:00.0000061" startTime="2022-06-13T21:12:10.1724282+02:00" endTime="2022-06-13T21:12:10.1724953+02:00" testType="13cdc9d9-ddb5-4fa4-a97d-d965ccfc6d4b" outcome="Passed" testListId="8c84fa94-04c1-424b-9868-57a2d4851a1d" relativeResultsDirectory="7adfee70-a123-44b1-b668-9736f1070fdd" />
    <UnitTestResult executionId="027c4d78-05bf-4a00-89e5-9e9265ab82b3" testId="a6727b2c-02a0-46c5-b8ed-3834a128f092" testName="FormatToStringTest1000 (591.2110872302256,591.21 zł)" computerName="DESKTOP-5URQ9PB" duration="00:00:00.0000097" startTime="2022-06-13T21:12:10.0983042+02:00" endTime="2022-06-13T21:12:10.0983953+02:00" testType="13cdc9d9-ddb5-4fa4-a97d-d965ccfc6d4b" outcome="Passed" testListId="8c84fa94-04c1-424b-9868-57a2d4851a1d" relativeResultsDirectory="027c4d78-05bf-4a00-89e5-9e9265ab82b3" />
    <UnitTestResult executionId="9edfcabf-5967-4fcd-984d-470c273ce6f2" testId="c44d3a8a-9455-42da-83dd-ce38a991de25" testName="FormatToStringTest1000 (33413.381276228174,33413.38 zł)" computerName="DESKTOP-5URQ9PB" duration="00:00:00.0000072" startTime="2022-06-13T21:12:10.2350418+02:00" endTime="2022-06-13T21:12:10.2351228+02:00" testType="13cdc9d9-ddb5-4fa4-a97d-d965ccfc6d4b" outcome="Passed" testListId="8c84fa94-04c1-424b-9868-57a2d4851a1d" relativeResultsDirectory="9edfcabf-5967-4fcd-984d-470c273ce6f2" />
    <UnitTestResult executionId="7d3b7037-c5b5-44cb-93d0-4a0addf4cebe" testId="5c163ce8-78b0-4b5f-9e01-fe7ce26ffe53" testName="FormatToStringTest1000 (20068.867046961965,20068.87 zł)" computerName="DESKTOP-5URQ9PB" duration="00:00:00.0000063" startTime="2022-06-13T21:12:10.3359078+02:00" endTime="2022-06-13T21:12:10.3359724+02:00" testType="13cdc9d9-ddb5-4fa4-a97d-d965ccfc6d4b" outcome="Passed" testListId="8c84fa94-04c1-424b-9868-57a2d4851a1d" relativeResultsDirectory="7d3b7037-c5b5-44cb-93d0-4a0addf4cebe" />
    <UnitTestResult executionId="141f7e60-ad2d-415b-9119-49de12148306" testId="e029c5c3-130b-40a6-8215-75f9e9cce8c9" testName="FormatToStringTest1000 (56378.261944644735,56378.26 zł)" computerName="DESKTOP-5URQ9PB" duration="00:00:00.0000062" startTime="2022-06-13T21:12:10.2059532+02:00" endTime="2022-06-13T21:12:10.2060199+02:00" testType="13cdc9d9-ddb5-4fa4-a97d-d965ccfc6d4b" outcome="Passed" testListId="8c84fa94-04c1-424b-9868-57a2d4851a1d" relativeResultsDirectory="141f7e60-ad2d-415b-9119-49de12148306" />
    <UnitTestResult executionId="6e40f929-e3e3-4efa-8eda-153651b28993" testId="7915e756-7c92-4d88-9104-1f50186849d1" testName="FormatToStringTest1000 (22248.263319677797,22248.26 zł)" computerName="DESKTOP-5URQ9PB" duration="00:00:00.0000080" startTime="2022-06-13T21:12:10.2572809+02:00" endTime="2022-06-13T21:12:10.2573701+02:00" testType="13cdc9d9-ddb5-4fa4-a97d-d965ccfc6d4b" outcome="Passed" testListId="8c84fa94-04c1-424b-9868-57a2d4851a1d" relativeResultsDirectory="6e40f929-e3e3-4efa-8eda-153651b28993" />
    <UnitTestResult executionId="240497ec-f929-4c51-a93b-81ff949ed483" testId="eb26ea91-8109-4033-b05f-daa394ea158b" testName="FormatToStringTest1000 (61422.228144277455,61422.23 zł)" computerName="DESKTOP-5URQ9PB" duration="00:00:00.0000063" startTime="2022-06-13T21:12:10.3380260+02:00" endTime="2022-06-13T21:12:10.3380894+02:00" testType="13cdc9d9-ddb5-4fa4-a97d-d965ccfc6d4b" outcome="Passed" testListId="8c84fa94-04c1-424b-9868-57a2d4851a1d" relativeResultsDirectory="240497ec-f929-4c51-a93b-81ff949ed483" />
    <UnitTestResult executionId="2c9a959a-9eaa-4c8a-8cd1-cb25c72eefb6" testId="ad44d2d2-0629-49cd-993b-6f9f3acb50f8" testName="FormatToStringTest1000 (48449.85582609189,48449.86 zł)" computerName="DESKTOP-5URQ9PB" duration="00:00:00.0000062" startTime="2022-06-13T21:12:10.3178901+02:00" endTime="2022-06-13T21:12:10.3179559+02:00" testType="13cdc9d9-ddb5-4fa4-a97d-d965ccfc6d4b" outcome="Passed" testListId="8c84fa94-04c1-424b-9868-57a2d4851a1d" relativeResultsDirectory="2c9a959a-9eaa-4c8a-8cd1-cb25c72eefb6" />
    <UnitTestResult executionId="635d7813-112e-49c6-b32f-126ab1d06313" testId="3ca472f0-b6d6-4bdc-af76-ceb3d422c3fb" testName="FormatToStringTest1000 (39178.05988345298,39178.06 zł)" computerName="DESKTOP-5URQ9PB" duration="00:00:00.0000063" startTime="2022-06-13T21:12:10.1128685+02:00" endTime="2022-06-13T21:12:10.1129465+02:00" testType="13cdc9d9-ddb5-4fa4-a97d-d965ccfc6d4b" outcome="Passed" testListId="8c84fa94-04c1-424b-9868-57a2d4851a1d" relativeResultsDirectory="635d7813-112e-49c6-b32f-126ab1d06313" />
    <UnitTestResult executionId="c1e07031-b4c6-49d2-8ec4-a2cb1081e85c" testId="f5eec4c0-02fb-486b-bf1f-9802217b93f7" testName="FormatToStringTest1000 (22557.09603308099,22557.10 zł)" computerName="DESKTOP-5URQ9PB" duration="00:00:00.0000063" startTime="2022-06-13T21:12:10.2089790+02:00" endTime="2022-06-13T21:12:10.2090457+02:00" testType="13cdc9d9-ddb5-4fa4-a97d-d965ccfc6d4b" outcome="Passed" testListId="8c84fa94-04c1-424b-9868-57a2d4851a1d" relativeResultsDirectory="c1e07031-b4c6-49d2-8ec4-a2cb1081e85c" />
    <UnitTestResult executionId="f2070d54-bcf6-4df8-95c1-93321c85d4cb" testId="a3acfbc6-447a-4059-82b6-3d6052ffdff1" testName="FormatToStringTest1000 (27893.312729890138,27893.31 zł)" computerName="DESKTOP-5URQ9PB" duration="00:00:00.0000063" startTime="2022-06-13T21:12:10.1026988+02:00" endTime="2022-06-13T21:12:10.1027686+02:00" testType="13cdc9d9-ddb5-4fa4-a97d-d965ccfc6d4b" outcome="Passed" testListId="8c84fa94-04c1-424b-9868-57a2d4851a1d" relativeResultsDirectory="f2070d54-bcf6-4df8-95c1-93321c85d4cb" />
    <UnitTestResult executionId="6b818b1c-ffed-4aae-a07a-79d02dc74669" testId="2615715e-ca6d-4036-825f-49d05acae1bf" testName="FormatToStringTest1000 (31799.68317462815,31799.68 zł)" computerName="DESKTOP-5URQ9PB" duration="00:00:00.0000061" startTime="2022-06-13T21:12:10.3090300+02:00" endTime="2022-06-13T21:12:10.3090967+02:00" testType="13cdc9d9-ddb5-4fa4-a97d-d965ccfc6d4b" outcome="Passed" testListId="8c84fa94-04c1-424b-9868-57a2d4851a1d" relativeResultsDirectory="6b818b1c-ffed-4aae-a07a-79d02dc74669" />
    <UnitTestResult executionId="30792668-1252-4823-87a7-411cb3833bbf" testId="e1617c32-e335-42c0-8f5b-c9f0e2b3fbec" testName="FormatToStringTest1000 (20244.692955315437,20244.69 zł)" computerName="DESKTOP-5URQ9PB" duration="00:00:00.0000062" startTime="2022-06-13T21:12:10.1067065+02:00" endTime="2022-06-13T21:12:10.1067736+02:00" testType="13cdc9d9-ddb5-4fa4-a97d-d965ccfc6d4b" outcome="Passed" testListId="8c84fa94-04c1-424b-9868-57a2d4851a1d" relativeResultsDirectory="30792668-1252-4823-87a7-411cb3833bbf" />
    <UnitTestResult executionId="008fdabd-06fb-44f9-a94f-b6de50fa262e" testId="34f9d272-4506-4af4-b3a3-f9090dafc622" testName="FormatToStringTest1000 (76751.79413498091,76751.79 zł)" computerName="DESKTOP-5URQ9PB" duration="00:00:00.0000063" startTime="2022-06-13T21:12:10.2720841+02:00" endTime="2022-06-13T21:12:10.2721502+02:00" testType="13cdc9d9-ddb5-4fa4-a97d-d965ccfc6d4b" outcome="Passed" testListId="8c84fa94-04c1-424b-9868-57a2d4851a1d" relativeResultsDirectory="008fdabd-06fb-44f9-a94f-b6de50fa262e" />
    <UnitTestResult executionId="2ab8707f-57c7-490d-8941-f56b07bbd18c" testId="24f8b4c0-22b0-4e03-9226-d6b78524830f" testName="FormatToStringTest1000 (17031.365705376662,17031.37 zł)" computerName="DESKTOP-5URQ9PB" duration="00:00:00.0000062" startTime="2022-06-13T21:12:10.2539458+02:00" endTime="2022-06-13T21:12:10.2540135+02:00" testType="13cdc9d9-ddb5-4fa4-a97d-d965ccfc6d4b" outcome="Passed" testListId="8c84fa94-04c1-424b-9868-57a2d4851a1d" relativeResultsDirectory="2ab8707f-57c7-490d-8941-f56b07bbd18c" />
    <UnitTestResult executionId="b3adfc6f-c81b-4348-b26c-0b9bc87d7109" testId="dfabf1da-3bef-40e2-b587-1e3632295f15" testName="FormatToStringTest1000 (55030.929183896136,55030.93 zł)" computerName="DESKTOP-5URQ9PB" duration="00:00:00.0000127" startTime="2022-06-13T21:12:10.1543707+02:00" endTime="2022-06-13T21:12:10.1545351+02:00" testType="13cdc9d9-ddb5-4fa4-a97d-d965ccfc6d4b" outcome="Passed" testListId="8c84fa94-04c1-424b-9868-57a2d4851a1d" relativeResultsDirectory="b3adfc6f-c81b-4348-b26c-0b9bc87d7109" />
    <UnitTestResult executionId="2fee61c0-f621-4df4-a510-d9eb7705b3c5" testId="b196aa17-62c5-40d7-b7c9-e37c2551be34" testName="FormatToStringTest1000 (1613.6903705837626,1613.69 zł)" computerName="DESKTOP-5URQ9PB" duration="00:00:00.0000063" startTime="2022-06-13T21:12:10.2721673+02:00" endTime="2022-06-13T21:12:10.2722338+02:00" testType="13cdc9d9-ddb5-4fa4-a97d-d965ccfc6d4b" outcome="Passed" testListId="8c84fa94-04c1-424b-9868-57a2d4851a1d" relativeResultsDirectory="2fee61c0-f621-4df4-a510-d9eb7705b3c5" />
    <UnitTestResult executionId="a99d1f00-c708-4085-ba17-81f2f20472a5" testId="07963b52-bd47-4b8c-b181-945598341fc8" testName="FormatToStringTest1000 (32908.76696502639,32908.77 zł)" computerName="DESKTOP-5URQ9PB" duration="00:00:00.0000064" startTime="2022-06-13T21:12:10.1751735+02:00" endTime="2022-06-13T21:12:10.1752409+02:00" testType="13cdc9d9-ddb5-4fa4-a97d-d965ccfc6d4b" outcome="Passed" testListId="8c84fa94-04c1-424b-9868-57a2d4851a1d" relativeResultsDirectory="a99d1f00-c708-4085-ba17-81f2f20472a5" />
    <UnitTestResult executionId="fbcad826-0c2b-44e7-90b1-df5749913a2d" testId="15aa7398-d0f8-4e24-ac96-7a37022db0c7" testName="FormatToStringTest1000 (8582.709131852587,8582.71 zł)" computerName="DESKTOP-5URQ9PB" duration="00:00:00.0000062" startTime="2022-06-13T21:12:10.3520420+02:00" endTime="2022-06-13T21:12:10.3521048+02:00" testType="13cdc9d9-ddb5-4fa4-a97d-d965ccfc6d4b" outcome="Passed" testListId="8c84fa94-04c1-424b-9868-57a2d4851a1d" relativeResultsDirectory="fbcad826-0c2b-44e7-90b1-df5749913a2d" />
    <UnitTestResult executionId="c3ab459e-d292-4293-8455-5a19a0eb8040" testId="08987a10-4e26-4460-b305-076227c22189" testName="FormatToStringTest1000 (4648.492795337221,4648.49 zł)" computerName="DESKTOP-5URQ9PB" duration="00:00:00.0000063" startTime="2022-06-13T21:12:10.2352278+02:00" endTime="2022-06-13T21:12:10.2352950+02:00" testType="13cdc9d9-ddb5-4fa4-a97d-d965ccfc6d4b" outcome="Passed" testListId="8c84fa94-04c1-424b-9868-57a2d4851a1d" relativeResultsDirectory="c3ab459e-d292-4293-8455-5a19a0eb8040" />
    <UnitTestResult executionId="c1646770-5ce9-44fa-a2cd-2ccffe08cd47" testId="8f460dfa-fe71-4b8c-b478-b20ffa6b006e" testName="FormatToStringTest1000 (2298.0331723829886,2298.03 zł)" computerName="DESKTOP-5URQ9PB" duration="00:00:00.0000070" startTime="2022-06-13T21:12:10.3042045+02:00" endTime="2022-06-13T21:12:10.3042737+02:00" testType="13cdc9d9-ddb5-4fa4-a97d-d965ccfc6d4b" outcome="Passed" testListId="8c84fa94-04c1-424b-9868-57a2d4851a1d" relativeResultsDirectory="c1646770-5ce9-44fa-a2cd-2ccffe08cd47" />
    <UnitTestResult executionId="1fa4f7e5-fa95-46e2-be7d-4c228e43688c" testId="d2db0b95-f7bc-4637-a079-d663d993a81f" testName="FormatToStringTest1000 (66284.43763489948,66284.44 zł)" computerName="DESKTOP-5URQ9PB" duration="00:00:00.0000065" startTime="2022-06-13T21:12:10.3296873+02:00" endTime="2022-06-13T21:12:10.3297524+02:00" testType="13cdc9d9-ddb5-4fa4-a97d-d965ccfc6d4b" outcome="Passed" testListId="8c84fa94-04c1-424b-9868-57a2d4851a1d" relativeResultsDirectory="1fa4f7e5-fa95-46e2-be7d-4c228e43688c" />
    <UnitTestResult executionId="ddae7215-d12b-4a19-87b5-a66dabac8099" testId="22d9df0a-cf54-40d1-b666-c805e1ff36de" testName="FormatToStringTest1000 (6550.421588937948,6550.42 zł)" computerName="DESKTOP-5URQ9PB" duration="00:00:00.0000063" startTime="2022-06-13T21:12:10.3733513+02:00" endTime="2022-06-13T21:12:10.3734156+02:00" testType="13cdc9d9-ddb5-4fa4-a97d-d965ccfc6d4b" outcome="Passed" testListId="8c84fa94-04c1-424b-9868-57a2d4851a1d" relativeResultsDirectory="ddae7215-d12b-4a19-87b5-a66dabac8099" />
    <UnitTestResult executionId="43307c3c-4eb1-4990-9b73-90d60a2e8583" testId="a2b5df47-f818-477c-8930-38f122b583f9" testName="FormatToStringTest1000 (23282.56178903047,23282.56 zł)" computerName="DESKTOP-5URQ9PB" duration="00:00:00.0000062" startTime="2022-06-13T21:12:10.1784552+02:00" endTime="2022-06-13T21:12:10.1785221+02:00" testType="13cdc9d9-ddb5-4fa4-a97d-d965ccfc6d4b" outcome="Passed" testListId="8c84fa94-04c1-424b-9868-57a2d4851a1d" relativeResultsDirectory="43307c3c-4eb1-4990-9b73-90d60a2e8583" />
    <UnitTestResult executionId="68dca9de-54b3-4c1f-9a2d-0568126afc57" testId="e2d8f75e-9799-45cf-92b8-941f8ec23a80" testName="FormatToStringTest1000 (51632.87002968503,51632.87 zł)" computerName="DESKTOP-5URQ9PB" duration="00:00:00.0000063" startTime="2022-06-13T21:12:10.1848400+02:00" endTime="2022-06-13T21:12:10.1849067+02:00" testType="13cdc9d9-ddb5-4fa4-a97d-d965ccfc6d4b" outcome="Passed" testListId="8c84fa94-04c1-424b-9868-57a2d4851a1d" relativeResultsDirectory="68dca9de-54b3-4c1f-9a2d-0568126afc57" />
    <UnitTestResult executionId="954b8926-487c-46ce-be3c-9de548a9b095" testId="345a9560-9daf-4569-bffe-5de25ab5648d" testName="FormatToStringTest1000 (158.49784791027093,158.50 zł)" computerName="DESKTOP-5URQ9PB" duration="00:00:00.0000062" startTime="2022-06-13T21:12:10.1549233+02:00" endTime="2022-06-13T21:12:10.1549902+02:00" testType="13cdc9d9-ddb5-4fa4-a97d-d965ccfc6d4b" outcome="Passed" testListId="8c84fa94-04c1-424b-9868-57a2d4851a1d" relativeResultsDirectory="954b8926-487c-46ce-be3c-9de548a9b095" />
    <UnitTestResult executionId="b17ffa85-1b78-4092-96e8-836986cdc333" testId="e6f507b2-a710-4f74-b288-866ee02f770b" testName="FormatToStringTest1000 (8542.520616738833,8542.52 zł)" computerName="DESKTOP-5URQ9PB" duration="00:00:00.0000062" startTime="2022-06-13T21:12:10.3516419+02:00" endTime="2022-06-13T21:12:10.3517070+02:00" testType="13cdc9d9-ddb5-4fa4-a97d-d965ccfc6d4b" outcome="Passed" testListId="8c84fa94-04c1-424b-9868-57a2d4851a1d" relativeResultsDirectory="b17ffa85-1b78-4092-96e8-836986cdc333" />
    <UnitTestResult executionId="dfd2c1a7-9162-413d-b015-bc78293dc229" testId="732140a2-58d2-40e9-a06e-29e3f4e323af" testName="FormatToStringTest1000 (32863.31705269558,32863.32 zł)" computerName="DESKTOP-5URQ9PB" duration="00:00:00.0000063" startTime="2022-06-13T21:12:10.3621758+02:00" endTime="2022-06-13T21:12:10.3622398+02:00" testType="13cdc9d9-ddb5-4fa4-a97d-d965ccfc6d4b" outcome="Passed" testListId="8c84fa94-04c1-424b-9868-57a2d4851a1d" relativeResultsDirectory="dfd2c1a7-9162-413d-b015-bc78293dc229" />
    <UnitTestResult executionId="c0b1e1a7-8cc1-47dc-88b9-264ac5bd0bd0" testId="c9a16639-000a-4efe-98e6-8325ac02e32d" testName="FormatToStringTest1000 (7004.710832051798,7004.71 zł)" computerName="DESKTOP-5URQ9PB" duration="00:00:00.0000069" startTime="2022-06-13T21:12:10.3880305+02:00" endTime="2022-06-13T21:12:10.3880963+02:00" testType="13cdc9d9-ddb5-4fa4-a97d-d965ccfc6d4b" outcome="Passed" testListId="8c84fa94-04c1-424b-9868-57a2d4851a1d" relativeResultsDirectory="c0b1e1a7-8cc1-47dc-88b9-264ac5bd0bd0" />
    <UnitTestResult executionId="58370ddb-dd79-42a8-8a4e-ac4f7c31a1ea" testId="9176064f-1791-4455-b504-88a9ac1baf3b" testName="FormatToStringTest1000 (52032.65082931176,52032.65 zł)" computerName="DESKTOP-5URQ9PB" duration="00:00:00.0000064" startTime="2022-06-13T21:12:10.4116172+02:00" endTime="2022-06-13T21:12:10.4116828+02:00" testType="13cdc9d9-ddb5-4fa4-a97d-d965ccfc6d4b" outcome="Passed" testListId="8c84fa94-04c1-424b-9868-57a2d4851a1d" relativeResultsDirectory="58370ddb-dd79-42a8-8a4e-ac4f7c31a1ea" />
    <UnitTestResult executionId="ff75e634-a20d-420c-a75d-2803dc6a42e8" testId="b8f2841e-5c62-4bfb-83e2-a6a10bb69d09" testName="FormatToStringTest1000 (20441.330495004695,20441.33 zł)" computerName="DESKTOP-5URQ9PB" duration="00:00:00.0000062" startTime="2022-06-13T21:12:10.1391867+02:00" endTime="2022-06-13T21:12:10.1392550+02:00" testType="13cdc9d9-ddb5-4fa4-a97d-d965ccfc6d4b" outcome="Passed" testListId="8c84fa94-04c1-424b-9868-57a2d4851a1d" relativeResultsDirectory="ff75e634-a20d-420c-a75d-2803dc6a42e8" />
    <UnitTestResult executionId="02a965ca-5948-4836-94cc-2868aab638f6" testId="ed5d32aa-20a5-4d27-87e7-d1ffd7054e09" testName="FormatToStringTest1000 (3649.9254912836127,3649.93 zł)" computerName="DESKTOP-5URQ9PB" duration="00:00:00.0000077" startTime="2022-06-13T21:12:10.4112743+02:00" endTime="2022-06-13T21:12:10.4113496+02:00" testType="13cdc9d9-ddb5-4fa4-a97d-d965ccfc6d4b" outcome="Passed" testListId="8c84fa94-04c1-424b-9868-57a2d4851a1d" relativeResultsDirectory="02a965ca-5948-4836-94cc-2868aab638f6" />
    <UnitTestResult executionId="cfdd01ba-b37a-4fd1-beba-00945c97ce72" testId="9d55a464-16bb-494a-abb1-7ca2e012d5b5" testName="FormatToStringTest1000 (740.3213011405064,740.32 zł)" computerName="DESKTOP-5URQ9PB" duration="00:00:00.0000087" startTime="2022-06-13T21:12:10.0932327+02:00" endTime="2022-06-13T21:12:10.0933243+02:00" testType="13cdc9d9-ddb5-4fa4-a97d-d965ccfc6d4b" outcome="Passed" testListId="8c84fa94-04c1-424b-9868-57a2d4851a1d" relativeResultsDirectory="cfdd01ba-b37a-4fd1-beba-00945c97ce72" />
    <UnitTestResult executionId="8aa553f3-322f-4c92-812d-79acbdb2e9fd" testId="6cea6240-0fcf-42d3-abad-a316c088df42" testName="FormatToStringTest1000 (10511.7304983189,10511.73 zł)" computerName="DESKTOP-5URQ9PB" duration="00:00:00.0000066" startTime="2022-06-13T21:12:10.2279541+02:00" endTime="2022-06-13T21:12:10.2280250+02:00" testType="13cdc9d9-ddb5-4fa4-a97d-d965ccfc6d4b" outcome="Passed" testListId="8c84fa94-04c1-424b-9868-57a2d4851a1d" relativeResultsDirectory="8aa553f3-322f-4c92-812d-79acbdb2e9fd" />
    <UnitTestResult executionId="343bb984-cd7a-40dd-8812-91a586c3784d" testId="cad87336-af62-4ac5-8608-65f001c26241" testName="FormatToStringTest1000 (7594.279030504766,7594.28 zł)" computerName="DESKTOP-5URQ9PB" duration="00:00:00.0000082" startTime="2022-06-13T21:12:10.0980610+02:00" endTime="2022-06-13T21:12:10.0981551+02:00" testType="13cdc9d9-ddb5-4fa4-a97d-d965ccfc6d4b" outcome="Passed" testListId="8c84fa94-04c1-424b-9868-57a2d4851a1d" relativeResultsDirectory="343bb984-cd7a-40dd-8812-91a586c3784d" />
    <UnitTestResult executionId="e7a07ea3-804f-45cf-aeb5-c47affbbfcc4" testId="6455f73a-d42f-4020-af1f-c023c82bb7f2" testName="FormatToStringTest1000 (36760.171806480816,36760.17 zł)" computerName="DESKTOP-5URQ9PB" duration="00:00:00.0000064" startTime="2022-06-13T21:12:10.3578540+02:00" endTime="2022-06-13T21:12:10.3579199+02:00" testType="13cdc9d9-ddb5-4fa4-a97d-d965ccfc6d4b" outcome="Passed" testListId="8c84fa94-04c1-424b-9868-57a2d4851a1d" relativeResultsDirectory="e7a07ea3-804f-45cf-aeb5-c47affbbfcc4" />
    <UnitTestResult executionId="e5410c1e-12c3-4220-a1c0-fac03754c034" testId="b10e2b60-2eb8-4f2e-bde0-2504e76b9138" testName="FormatToStringTest1000 (7569.605888796322,7569.61 zł)" computerName="DESKTOP-5URQ9PB" duration="00:00:00.0000066" startTime="2022-06-13T21:12:10.3535744+02:00" endTime="2022-06-13T21:12:10.3536507+02:00" testType="13cdc9d9-ddb5-4fa4-a97d-d965ccfc6d4b" outcome="Passed" testListId="8c84fa94-04c1-424b-9868-57a2d4851a1d" relativeResultsDirectory="e5410c1e-12c3-4220-a1c0-fac03754c034" />
    <UnitTestResult executionId="a777cc98-ad8d-48d8-8e1f-3ac1954dcf4b" testId="ba013596-d411-4dbd-82f3-7c64a331f0a0" testName="FormatToStringTest1000 (28072.424637532058,28072.42 zł)" computerName="DESKTOP-5URQ9PB" duration="00:00:00.0000094" startTime="2022-06-13T21:12:10.0931024+02:00" endTime="2022-06-13T21:12:10.0932064+02:00" testType="13cdc9d9-ddb5-4fa4-a97d-d965ccfc6d4b" outcome="Passed" testListId="8c84fa94-04c1-424b-9868-57a2d4851a1d" relativeResultsDirectory="a777cc98-ad8d-48d8-8e1f-3ac1954dcf4b" />
    <UnitTestResult executionId="280c8ddc-a7a3-4a59-ba98-ea4c867d6b72" testId="712c4e8c-8ded-4f5e-a2d9-f5794ced066d" testName="FormatToStringTest1000 (35384.637112688106,35384.64 zł)" computerName="DESKTOP-5URQ9PB" duration="00:00:00.0000062" startTime="2022-06-13T21:12:10.3561829+02:00" endTime="2022-06-13T21:12:10.3562460+02:00" testType="13cdc9d9-ddb5-4fa4-a97d-d965ccfc6d4b" outcome="Passed" testListId="8c84fa94-04c1-424b-9868-57a2d4851a1d" relativeResultsDirectory="280c8ddc-a7a3-4a59-ba98-ea4c867d6b72" />
    <UnitTestResult executionId="a0a2f789-5f0e-413c-9384-f59d3ef3b862" testId="7b722bfb-298c-4473-b8fb-1e20cd433654" testName="FormatToStringTest1000 (317.9090540706688,317.91 zł)" computerName="DESKTOP-5URQ9PB" duration="00:00:00.0000134" startTime="2022-06-13T21:12:10.1161418+02:00" endTime="2022-06-13T21:12:10.1163179+02:00" testType="13cdc9d9-ddb5-4fa4-a97d-d965ccfc6d4b" outcome="Passed" testListId="8c84fa94-04c1-424b-9868-57a2d4851a1d" relativeResultsDirectory="a0a2f789-5f0e-413c-9384-f59d3ef3b862" />
    <UnitTestResult executionId="9266ec87-7976-49d1-8a10-39e0b9986899" testId="d35d60a2-4a49-4bf9-b407-5d961cb5f663" testName="FormatToStringTest1000 (3030.9461949132133,3030.95 zł)" computerName="DESKTOP-5URQ9PB" duration="00:00:00.0000062" startTime="2022-06-13T21:12:10.2413910+02:00" endTime="2022-06-13T21:12:10.2414589+02:00" testType="13cdc9d9-ddb5-4fa4-a97d-d965ccfc6d4b" outcome="Passed" testListId="8c84fa94-04c1-424b-9868-57a2d4851a1d" relativeResultsDirectory="9266ec87-7976-49d1-8a10-39e0b9986899" />
    <UnitTestResult executionId="381ce897-0a24-462c-99b2-9ff05931d6c4" testId="4b3545f9-e2fd-4a4c-85fe-7ddfd805c62b" testName="FormatToStringTest1000 (50585.83664522778,50585.84 zł)" computerName="DESKTOP-5URQ9PB" duration="00:00:00.0000064" startTime="2022-06-13T21:12:10.2685866+02:00" endTime="2022-06-13T21:12:10.2686675+02:00" testType="13cdc9d9-ddb5-4fa4-a97d-d965ccfc6d4b" outcome="Passed" testListId="8c84fa94-04c1-424b-9868-57a2d4851a1d" relativeResultsDirectory="381ce897-0a24-462c-99b2-9ff05931d6c4" />
    <UnitTestResult executionId="1558292b-27b1-4b7b-ad5e-0b23adfefe08" testId="f72a07f3-8041-48c4-ae58-9ce1ca9dbcef" testName="FormatToStringTest1000 (51408.294679657694,51408.29 zł)" computerName="DESKTOP-5URQ9PB" duration="00:00:00.0000089" startTime="2022-06-13T21:12:10.1718592+02:00" endTime="2022-06-13T21:12:10.1719756+02:00" testType="13cdc9d9-ddb5-4fa4-a97d-d965ccfc6d4b" outcome="Passed" testListId="8c84fa94-04c1-424b-9868-57a2d4851a1d" relativeResultsDirectory="1558292b-27b1-4b7b-ad5e-0b23adfefe08" />
    <UnitTestResult executionId="a0f3756f-a525-46ee-ba54-c8612cd2575b" testId="9c589580-a155-4997-8b4c-74a5c1a1ceb5" testName="FormatToStringTest1000 (60701.5177499319,60701.52 zł)" computerName="DESKTOP-5URQ9PB" duration="00:00:00.0000065" startTime="2022-06-13T21:12:10.3339709+02:00" endTime="2022-06-13T21:12:10.3340363+02:00" testType="13cdc9d9-ddb5-4fa4-a97d-d965ccfc6d4b" outcome="Passed" testListId="8c84fa94-04c1-424b-9868-57a2d4851a1d" relativeResultsDirectory="a0f3756f-a525-46ee-ba54-c8612cd2575b" />
    <UnitTestResult executionId="953ea716-c583-4415-af6b-dbdbe14332ce" testId="02b3bffe-58fd-408c-a092-8625653362ad" testName="FormatToStringTest1000 (5876.112133716285,5876.11 zł)" computerName="DESKTOP-5URQ9PB" duration="00:00:00.0000064" startTime="2022-06-13T21:12:10.3730265+02:00" endTime="2022-06-13T21:12:10.3730923+02:00" testType="13cdc9d9-ddb5-4fa4-a97d-d965ccfc6d4b" outcome="Passed" testListId="8c84fa94-04c1-424b-9868-57a2d4851a1d" relativeResultsDirectory="953ea716-c583-4415-af6b-dbdbe14332ce" />
    <UnitTestResult executionId="db9524a2-ca46-47be-99a6-c1cc19f9f421" testId="339aa716-47a7-4d85-ad13-5a0eb2078b91" testName="FormatToStringTest1000 (20454.142628653506,20454.14 zł)" computerName="DESKTOP-5URQ9PB" duration="00:00:00.0000063" startTime="2022-06-13T21:12:10.2088953+02:00" endTime="2022-06-13T21:12:10.2089618+02:00" testType="13cdc9d9-ddb5-4fa4-a97d-d965ccfc6d4b" outcome="Passed" testListId="8c84fa94-04c1-424b-9868-57a2d4851a1d" relativeResultsDirectory="db9524a2-ca46-47be-99a6-c1cc19f9f421" />
    <UnitTestResult executionId="621d9d0b-daec-422f-9db6-7ebbba68b7ef" testId="2098a699-0f43-4409-9bdd-0c52bb1736e6" testName="FormatToStringTest1000 (2718.1767171650085,2718.18 zł)" computerName="DESKTOP-5URQ9PB" duration="00:00:00.0000064" startTime="2022-06-13T21:12:10.1950792+02:00" endTime="2022-06-13T21:12:10.1951518+02:00" testType="13cdc9d9-ddb5-4fa4-a97d-d965ccfc6d4b" outcome="Passed" testListId="8c84fa94-04c1-424b-9868-57a2d4851a1d" relativeResultsDirectory="621d9d0b-daec-422f-9db6-7ebbba68b7ef" />
    <UnitTestResult executionId="16e9ca5d-47c7-494d-9638-d99befa09204" testId="0f580565-9e16-489d-99cb-959b12177a15" testName="FormatToStringTest1000 (4919.073526169674,4919.07 zł)" computerName="DESKTOP-5URQ9PB" duration="00:00:00.0000061" startTime="2022-06-13T21:12:10.1817597+02:00" endTime="2022-06-13T21:12:10.1818261+02:00" testType="13cdc9d9-ddb5-4fa4-a97d-d965ccfc6d4b" outcome="Passed" testListId="8c84fa94-04c1-424b-9868-57a2d4851a1d" relativeResultsDirectory="16e9ca5d-47c7-494d-9638-d99befa09204" />
    <UnitTestResult executionId="902ccf01-fdb8-45f2-9663-fd19c68f0b0a" testId="e4194832-7dfc-4a1e-9e10-bc1842e57b5f" testName="FormatToStringTest1000 (30020.248557890412,30020.25 zł)" computerName="DESKTOP-5URQ9PB" duration="00:00:00.0000088" startTime="2022-06-13T21:12:10.3263431+02:00" endTime="2022-06-13T21:12:10.3264434+02:00" testType="13cdc9d9-ddb5-4fa4-a97d-d965ccfc6d4b" outcome="Passed" testListId="8c84fa94-04c1-424b-9868-57a2d4851a1d" relativeResultsDirectory="902ccf01-fdb8-45f2-9663-fd19c68f0b0a" />
    <UnitTestResult executionId="8275a916-ac50-44d2-b1bf-cc957f7a1637" testId="e179495e-6688-41bb-95ec-7a0a44fd895f" testName="FormatToStringTest1000 (657.5396922647672,657.54 zł)" computerName="DESKTOP-5URQ9PB" duration="00:00:00.0000061" startTime="2022-06-13T21:12:10.2250132+02:00" endTime="2022-06-13T21:12:10.2250793+02:00" testType="13cdc9d9-ddb5-4fa4-a97d-d965ccfc6d4b" outcome="Passed" testListId="8c84fa94-04c1-424b-9868-57a2d4851a1d" relativeResultsDirectory="8275a916-ac50-44d2-b1bf-cc957f7a1637" />
    <UnitTestResult executionId="884a60c8-bc4c-4bad-8237-822defd31741" testId="01c7be88-2bde-44f6-9b11-f1317fbe25a9" testName="FormatToStringTest1000 (485.6735566554933,485.67 zł)" computerName="DESKTOP-5URQ9PB" duration="00:00:00.0000062" startTime="2022-06-13T21:12:10.1548377+02:00" endTime="2022-06-13T21:12:10.1549049+02:00" testType="13cdc9d9-ddb5-4fa4-a97d-d965ccfc6d4b" outcome="Passed" testListId="8c84fa94-04c1-424b-9868-57a2d4851a1d" relativeResultsDirectory="884a60c8-bc4c-4bad-8237-822defd31741" />
    <UnitTestResult executionId="37d0e814-9856-4099-a307-3c520fab0384" testId="c6d25aa1-7427-49c2-9214-905c75bd2705" testName="FormatToStringTest1000 (15841.26419853478,15841.26 zł)" computerName="DESKTOP-5URQ9PB" duration="00:00:00.0000062" startTime="2022-06-13T21:12:10.3881942+02:00" endTime="2022-06-13T21:12:10.3882580+02:00" testType="13cdc9d9-ddb5-4fa4-a97d-d965ccfc6d4b" outcome="Passed" testListId="8c84fa94-04c1-424b-9868-57a2d4851a1d" relativeResultsDirectory="37d0e814-9856-4099-a307-3c520fab0384" />
    <UnitTestResult executionId="837d74ab-5099-4b43-9c57-5659899f3e6d" testId="94e6f9c3-17a6-4b48-9796-17daf2b70aad" testName="FormatToStringTest1000 (14719.97001409762,14719.97 zł)" computerName="DESKTOP-5URQ9PB" duration="00:00:00.0000064" startTime="2022-06-13T21:12:10.1582537+02:00" endTime="2022-06-13T21:12:10.1583212+02:00" testType="13cdc9d9-ddb5-4fa4-a97d-d965ccfc6d4b" outcome="Passed" testListId="8c84fa94-04c1-424b-9868-57a2d4851a1d" relativeResultsDirectory="837d74ab-5099-4b43-9c57-5659899f3e6d" />
    <UnitTestResult executionId="f1ca92e1-04cc-4530-b181-6818f03aaf80" testId="1b6ba320-384f-43d6-a9c5-3e9628c8f2db" testName="FormatToStringTest1000 (59919.71489415491,59919.71 zł)" computerName="DESKTOP-5URQ9PB" duration="00:00:00.0000070" startTime="2022-06-13T21:12:10.3176212+02:00" endTime="2022-06-13T21:12:10.3177036+02:00" testType="13cdc9d9-ddb5-4fa4-a97d-d965ccfc6d4b" outcome="Passed" testListId="8c84fa94-04c1-424b-9868-57a2d4851a1d" relativeResultsDirectory="f1ca92e1-04cc-4530-b181-6818f03aaf80" />
    <UnitTestResult executionId="a15d2548-3b2f-4001-bf18-1222ca7816e9" testId="e25ba91b-e756-40eb-b711-9c98fca955e7" testName="FormatToStringTest1000 (60299.23738666309,60299.24 zł)" computerName="DESKTOP-5URQ9PB" duration="00:00:00.0000063" startTime="2022-06-13T21:12:10.2717454+02:00" endTime="2022-06-13T21:12:10.2718128+02:00" testType="13cdc9d9-ddb5-4fa4-a97d-d965ccfc6d4b" outcome="Passed" testListId="8c84fa94-04c1-424b-9868-57a2d4851a1d" relativeResultsDirectory="a15d2548-3b2f-4001-bf18-1222ca7816e9" />
    <UnitTestResult executionId="38e06b3e-32f9-4c90-bf59-fa991bb4a3d2" testId="eaf10381-5bd0-4767-a7c5-02cf2d7a5bda" testName="FormatToStringTest1000 (38253.101637909705,38253.10 zł)" computerName="DESKTOP-5URQ9PB" duration="00:00:00.0000063" startTime="2022-06-13T21:12:10.3363172+02:00" endTime="2022-06-13T21:12:10.3363810+02:00" testType="13cdc9d9-ddb5-4fa4-a97d-d965ccfc6d4b" outcome="Passed" testListId="8c84fa94-04c1-424b-9868-57a2d4851a1d" relativeResultsDirectory="38e06b3e-32f9-4c90-bf59-fa991bb4a3d2" />
    <UnitTestResult executionId="ca33ec01-32cc-4884-b427-ea838b35372b" testId="b5aa5661-ef28-4aaa-8ec3-6b317f48fccf" testName="FormatToStringTest1000 (44869.327020554025,44869.33 zł)" computerName="DESKTOP-5URQ9PB" duration="00:00:00.0000065" startTime="2022-06-13T21:12:10.1356369+02:00" endTime="2022-06-13T21:12:10.1357063+02:00" testType="13cdc9d9-ddb5-4fa4-a97d-d965ccfc6d4b" outcome="Passed" testListId="8c84fa94-04c1-424b-9868-57a2d4851a1d" relativeResultsDirectory="ca33ec01-32cc-4884-b427-ea838b35372b" />
    <UnitTestResult executionId="9beeab56-43d5-458b-afe3-0e0b5221c973" testId="2e1c3747-ef73-42ea-8827-25f1a7626d5c" testName="FormatToStringTest1000 (27187.549022783314,27187.55 zł)" computerName="DESKTOP-5URQ9PB" duration="00:00:00.0000062" startTime="2022-06-13T21:12:10.2686860+02:00" endTime="2022-06-13T21:12:10.2687539+02:00" testType="13cdc9d9-ddb5-4fa4-a97d-d965ccfc6d4b" outcome="Passed" testListId="8c84fa94-04c1-424b-9868-57a2d4851a1d" relativeResultsDirectory="9beeab56-43d5-458b-afe3-0e0b5221c973" />
    <UnitTestResult executionId="5fd2580c-a89d-432a-bc44-3fb009fb064a" testId="3c1fad77-abe3-404b-af56-ad1268e3a6f2" testName="FormatToStringTest1000 (31315.40354898544,31315.40 zł)" computerName="DESKTOP-5URQ9PB" duration="00:00:00.0000063" startTime="2022-06-13T21:12:10.3404190+02:00" endTime="2022-06-13T21:12:10.3404825+02:00" testType="13cdc9d9-ddb5-4fa4-a97d-d965ccfc6d4b" outcome="Passed" testListId="8c84fa94-04c1-424b-9868-57a2d4851a1d" relativeResultsDirectory="5fd2580c-a89d-432a-bc44-3fb009fb064a" />
    <UnitTestResult executionId="66899759-8e3e-4b11-9847-183b74ac18d8" testId="baec8dc6-2c67-48c5-99af-938646ec083e" testName="FormatToStringTest1000 (25720.27551496321,25720.28 zł)" computerName="DESKTOP-5URQ9PB" duration="00:00:00.0000063" startTime="2022-06-13T21:12:10.1787958+02:00" endTime="2022-06-13T21:12:10.1788624+02:00" testType="13cdc9d9-ddb5-4fa4-a97d-d965ccfc6d4b" outcome="Passed" testListId="8c84fa94-04c1-424b-9868-57a2d4851a1d" relativeResultsDirectory="66899759-8e3e-4b11-9847-183b74ac18d8" />
    <UnitTestResult executionId="b130070c-0f2f-4365-8dd6-ff1a9102e7be" testId="2306ba05-bd16-469f-8ee2-fada9e66b256" testName="FormatToStringTest1000 (8851.904041135638,8851.90 zł)" computerName="DESKTOP-5URQ9PB" duration="00:00:00.0000258" startTime="2022-06-13T21:12:10.2933691+02:00" endTime="2022-06-13T21:12:10.2935390+02:00" testType="13cdc9d9-ddb5-4fa4-a97d-d965ccfc6d4b" outcome="Passed" testListId="8c84fa94-04c1-424b-9868-57a2d4851a1d" relativeResultsDirectory="b130070c-0f2f-4365-8dd6-ff1a9102e7be" />
    <UnitTestResult executionId="fd6fc5cc-13be-4dc8-9f64-fec8f646d367" testId="f671cc1d-7fe5-4c89-b877-012ff2e43ed0" testName="FormatToStringTest1000 (8242.419043611,8242.42 zł)" computerName="DESKTOP-5URQ9PB" duration="00:00:00.0000064" startTime="2022-06-13T21:12:10.3708984+02:00" endTime="2022-06-13T21:12:10.3709672+02:00" testType="13cdc9d9-ddb5-4fa4-a97d-d965ccfc6d4b" outcome="Passed" testListId="8c84fa94-04c1-424b-9868-57a2d4851a1d" relativeResultsDirectory="fd6fc5cc-13be-4dc8-9f64-fec8f646d367" />
    <UnitTestResult executionId="96f227f7-d3ba-47c5-b8cd-3901b0a7d531" testId="fc53a3e0-f44b-44d8-a9a0-0ac1d32e4001" testName="FormatToStringTest1000 (3131.5022711732904,3131.50 zł)" computerName="DESKTOP-5URQ9PB" duration="00:00:00.0000063" startTime="2022-06-13T21:12:10.2542004+02:00" endTime="2022-06-13T21:12:10.2542676+02:00" testType="13cdc9d9-ddb5-4fa4-a97d-d965ccfc6d4b" outcome="Passed" testListId="8c84fa94-04c1-424b-9868-57a2d4851a1d" relativeResultsDirectory="96f227f7-d3ba-47c5-b8cd-3901b0a7d531" />
    <UnitTestResult executionId="d32d0808-df18-4f27-a25e-24d1b4551b8c" testId="b32c5c06-9170-46ea-bcc7-b3a62cb64a9b" testName="FormatToStringTest1000 (4823.904478896365,4823.90 zł)" computerName="DESKTOP-5URQ9PB" duration="00:00:00.0000063" startTime="2022-06-13T21:12:10.3399343+02:00" endTime="2022-06-13T21:12:10.3399986+02:00" testType="13cdc9d9-ddb5-4fa4-a97d-d965ccfc6d4b" outcome="Passed" testListId="8c84fa94-04c1-424b-9868-57a2d4851a1d" relativeResultsDirectory="d32d0808-df18-4f27-a25e-24d1b4551b8c" />
    <UnitTestResult executionId="257b778e-c0b9-46a2-a615-bf7fcc718b63" testId="e01fea0e-8b4d-4a14-9c1b-399e96c3b13d" testName="FormatToStringTest1000 (30071.004434484523,30071.00 zł)" computerName="DESKTOP-5URQ9PB" duration="00:00:00.0000063" startTime="2022-06-13T21:12:10.1516287+02:00" endTime="2022-06-13T21:12:10.1516969+02:00" testType="13cdc9d9-ddb5-4fa4-a97d-d965ccfc6d4b" outcome="Passed" testListId="8c84fa94-04c1-424b-9868-57a2d4851a1d" relativeResultsDirectory="257b778e-c0b9-46a2-a615-bf7fcc718b63" />
    <UnitTestResult executionId="9dc39b9c-413b-49a0-ae01-9c5706bb3309" testId="1b88327d-6d87-4b60-b985-c00a0f08fa0b" testName="FormatToStringTest1000 (57671.67669738675,57671.68 zł)" computerName="DESKTOP-5URQ9PB" duration="00:00:00.0000064" startTime="2022-06-13T21:12:10.3921732+02:00" endTime="2022-06-13T21:12:10.3922386+02:00" testType="13cdc9d9-ddb5-4fa4-a97d-d965ccfc6d4b" outcome="Passed" testListId="8c84fa94-04c1-424b-9868-57a2d4851a1d" relativeResultsDirectory="9dc39b9c-413b-49a0-ae01-9c5706bb3309" />
    <UnitTestResult executionId="8a5b4722-c758-4ed6-9b24-17d4dd690e4c" testId="d3175787-df7d-4cbc-babd-9483b6bb6a92" testName="FormatToStringTest1000 (73151.83675918348,73151.84 zł)" computerName="DESKTOP-5URQ9PB" duration="00:00:00.0000064" startTime="2022-06-13T21:12:10.3942551+02:00" endTime="2022-06-13T21:12:10.3943195+02:00" testType="13cdc9d9-ddb5-4fa4-a97d-d965ccfc6d4b" outcome="Passed" testListId="8c84fa94-04c1-424b-9868-57a2d4851a1d" relativeResultsDirectory="8a5b4722-c758-4ed6-9b24-17d4dd690e4c" />
    <UnitTestResult executionId="12e3665a-0c79-4089-85f4-a30cba2cf591" testId="b8bf1131-f4a8-4ae4-8b13-2c5ea9f8df73" testName="FormatToStringTest1000 (1745.490603896552,1745.49 zł)" computerName="DESKTOP-5URQ9PB" duration="00:00:00.0000063" startTime="2022-06-13T21:12:10.1677661+02:00" endTime="2022-06-13T21:12:10.1678353+02:00" testType="13cdc9d9-ddb5-4fa4-a97d-d965ccfc6d4b" outcome="Passed" testListId="8c84fa94-04c1-424b-9868-57a2d4851a1d" relativeResultsDirectory="12e3665a-0c79-4089-85f4-a30cba2cf591" />
    <UnitTestResult executionId="3564e53b-c5d1-4e95-9c92-9da598dc8568" testId="196b2955-9748-44f1-983a-b6c18680c370" testName="FormatToStringTest1000 (1676.7913981754293,1676.79 zł)" computerName="DESKTOP-5URQ9PB" duration="00:00:00.0000062" startTime="2022-06-13T21:12:10.3114118+02:00" endTime="2022-06-13T21:12:10.3114788+02:00" testType="13cdc9d9-ddb5-4fa4-a97d-d965ccfc6d4b" outcome="Passed" testListId="8c84fa94-04c1-424b-9868-57a2d4851a1d" relativeResultsDirectory="3564e53b-c5d1-4e95-9c92-9da598dc8568" />
    <UnitTestResult executionId="2efbd90a-cf57-457d-8295-3e1baff5f1e9" testId="87bc92a0-29f5-4e3d-8350-4462a51558ae" testName="FormatToStringTest1000 (32566.30279101259,32566.30 zł)" computerName="DESKTOP-5URQ9PB" duration="00:00:00.0000065" startTime="2022-06-13T21:12:10.1284251+02:00" endTime="2022-06-13T21:12:10.1284960+02:00" testType="13cdc9d9-ddb5-4fa4-a97d-d965ccfc6d4b" outcome="Passed" testListId="8c84fa94-04c1-424b-9868-57a2d4851a1d" relativeResultsDirectory="2efbd90a-cf57-457d-8295-3e1baff5f1e9" />
    <UnitTestResult executionId="cc9d1bad-fd18-4066-9c27-186b4217f3df" testId="6a56fb11-08c3-46d9-8c02-bb638382ebe9" testName="FormatToStringTest1000 (15566.957545477411,15566.96 zł)" computerName="DESKTOP-5URQ9PB" duration="00:00:00.0000065" startTime="2022-06-13T21:12:10.1133410+02:00" endTime="2022-06-13T21:12:10.1134147+02:00" testType="13cdc9d9-ddb5-4fa4-a97d-d965ccfc6d4b" outcome="Passed" testListId="8c84fa94-04c1-424b-9868-57a2d4851a1d" relativeResultsDirectory="cc9d1bad-fd18-4066-9c27-186b4217f3df" />
    <UnitTestResult executionId="7d47f720-42bf-49bf-bdd0-3d196a0fffb1" testId="537b9aff-2112-4158-adc7-81bd334ce0b6" testName="FormatToStringTest1000 (4030.673117592313,4030.67 zł)" computerName="DESKTOP-5URQ9PB" duration="00:00:00.0000061" startTime="2022-06-13T21:12:10.2122280+02:00" endTime="2022-06-13T21:12:10.2122945+02:00" testType="13cdc9d9-ddb5-4fa4-a97d-d965ccfc6d4b" outcome="Passed" testListId="8c84fa94-04c1-424b-9868-57a2d4851a1d" relativeResultsDirectory="7d47f720-42bf-49bf-bdd0-3d196a0fffb1" />
    <UnitTestResult executionId="378ba0f3-b35f-41a8-a6c0-d79291ebcf0c" testId="184887b9-2dfb-478f-9781-bf4efb3a1e59" testName="FormatToStringTest1000 (9867.823212210007,9867.82 zł)" computerName="DESKTOP-5URQ9PB" duration="00:00:00.0000064" startTime="2022-06-13T21:12:10.1167695+02:00" endTime="2022-06-13T21:12:10.1168436+02:00" testType="13cdc9d9-ddb5-4fa4-a97d-d965ccfc6d4b" outcome="Passed" testListId="8c84fa94-04c1-424b-9868-57a2d4851a1d" relativeResultsDirectory="378ba0f3-b35f-41a8-a6c0-d79291ebcf0c" />
    <UnitTestResult executionId="a3b8db92-9024-4648-8ece-a203dd5efdc9" testId="06103075-dc26-41c8-af31-1f7785e65fb5" testName="FormatToStringTest1000 (8908.080586221107,8908.08 zł)" computerName="DESKTOP-5URQ9PB" duration="00:00:00.0000062" startTime="2022-06-13T21:12:10.1612632+02:00" endTime="2022-06-13T21:12:10.1613326+02:00" testType="13cdc9d9-ddb5-4fa4-a97d-d965ccfc6d4b" outcome="Passed" testListId="8c84fa94-04c1-424b-9868-57a2d4851a1d" relativeResultsDirectory="a3b8db92-9024-4648-8ece-a203dd5efdc9" />
    <UnitTestResult executionId="103437ff-576d-43c7-b06b-daabd4f99444" testId="48509149-1e41-4a31-9e59-891c61147f39" testName="FormatToStringTest1000 (19882.647973500494,19882.65 zł)" computerName="DESKTOP-5URQ9PB" duration="00:00:00.0000063" startTime="2022-06-13T21:12:10.3381865+02:00" endTime="2022-06-13T21:12:10.3382495+02:00" testType="13cdc9d9-ddb5-4fa4-a97d-d965ccfc6d4b" outcome="Passed" testListId="8c84fa94-04c1-424b-9868-57a2d4851a1d" relativeResultsDirectory="103437ff-576d-43c7-b06b-daabd4f99444" />
    <UnitTestResult executionId="942c9917-1b4b-45ec-8721-c7ee5fa2ef6a" testId="052a7528-c5f7-4f55-85b9-7b753508a108" testName="FormatToStringTest1000 (40545.70748620001,40545.71 zł)" computerName="DESKTOP-5URQ9PB" duration="00:00:00.0000063" startTime="2022-06-13T21:12:10.3811518+02:00" endTime="2022-06-13T21:12:10.3812155+02:00" testType="13cdc9d9-ddb5-4fa4-a97d-d965ccfc6d4b" outcome="Passed" testListId="8c84fa94-04c1-424b-9868-57a2d4851a1d" relativeResultsDirectory="942c9917-1b4b-45ec-8721-c7ee5fa2ef6a" />
    <UnitTestResult executionId="10d90a87-b687-419d-8f1a-c5851e99d6e0" testId="7fd76663-528e-4fbc-a98c-747aadab5852" testName="FormatToStringTest1000 (14920.620598662934,14920.62 zł)" computerName="DESKTOP-5URQ9PB" duration="00:00:00.0000062" startTime="2022-06-13T21:12:10.1650551+02:00" endTime="2022-06-13T21:12:10.1651214+02:00" testType="13cdc9d9-ddb5-4fa4-a97d-d965ccfc6d4b" outcome="Passed" testListId="8c84fa94-04c1-424b-9868-57a2d4851a1d" relativeResultsDirectory="10d90a87-b687-419d-8f1a-c5851e99d6e0" />
    <UnitTestResult executionId="ad9e431e-5a09-4f95-8540-a51943aaffdb" testId="395c9678-8b2e-408d-92ea-af55a4db162b" testName="FormatToStringTest1000 (4525.609305084501,4525.61 zł)" computerName="DESKTOP-5URQ9PB" duration="00:00:00.0000063" startTime="2022-06-13T21:12:10.3300157+02:00" endTime="2022-06-13T21:12:10.3300808+02:00" testType="13cdc9d9-ddb5-4fa4-a97d-d965ccfc6d4b" outcome="Passed" testListId="8c84fa94-04c1-424b-9868-57a2d4851a1d" relativeResultsDirectory="ad9e431e-5a09-4f95-8540-a51943aaffdb" />
    <UnitTestResult executionId="f03c193a-29fe-4a95-9195-384a2ae9623f" testId="b9774dff-11fe-4d19-b8b2-7f9b823489dd" testName="FormatToStringTest1000 (1482.3501845832682,1482.35 zł)" computerName="DESKTOP-5URQ9PB" duration="00:00:00.0000064" startTime="2022-06-13T21:12:10.3735128+02:00" endTime="2022-06-13T21:12:10.3735767+02:00" testType="13cdc9d9-ddb5-4fa4-a97d-d965ccfc6d4b" outcome="Passed" testListId="8c84fa94-04c1-424b-9868-57a2d4851a1d" relativeResultsDirectory="f03c193a-29fe-4a95-9195-384a2ae9623f" />
    <UnitTestResult executionId="e1e8ce2e-de0c-4bc0-b156-b703dd3b9bc0" testId="acc04453-5355-4d98-ab2c-8e47c300d679" testName="FormatToStringTest1000 (54578.37303904275,54578.37 zł)" computerName="DESKTOP-5URQ9PB" duration="00:00:00.0000064" startTime="2022-06-13T21:12:10.1982813+02:00" endTime="2022-06-13T21:12:10.1983571+02:00" testType="13cdc9d9-ddb5-4fa4-a97d-d965ccfc6d4b" outcome="Passed" testListId="8c84fa94-04c1-424b-9868-57a2d4851a1d" relativeResultsDirectory="e1e8ce2e-de0c-4bc0-b156-b703dd3b9bc0" />
    <UnitTestResult executionId="bcc8673d-adb1-49cf-9f5d-53b3dcac16c7" testId="036824ef-b25d-4f13-9881-02e941ffda8e" testName="FormatToStringTest1000 (27852.532163303127,27852.53 zł)" computerName="DESKTOP-5URQ9PB" duration="00:00:00.0000077" startTime="2022-06-13T21:12:10.3132545+02:00" endTime="2022-06-13T21:12:10.3133502+02:00" testType="13cdc9d9-ddb5-4fa4-a97d-d965ccfc6d4b" outcome="Passed" testListId="8c84fa94-04c1-424b-9868-57a2d4851a1d" relativeResultsDirectory="bcc8673d-adb1-49cf-9f5d-53b3dcac16c7" />
    <UnitTestResult executionId="4dc09e0d-89b2-4659-834c-b44773831d00" testId="1260f78d-1e35-4eb0-a315-6b44570369c7" testName="FormatToStringTest1000 (801.5720517614726,801.57 zł)" computerName="DESKTOP-5URQ9PB" duration="00:00:00.0000074" startTime="2022-06-13T21:12:10.2381824+02:00" endTime="2022-06-13T21:12:10.2382689+02:00" testType="13cdc9d9-ddb5-4fa4-a97d-d965ccfc6d4b" outcome="Passed" testListId="8c84fa94-04c1-424b-9868-57a2d4851a1d" relativeResultsDirectory="4dc09e0d-89b2-4659-834c-b44773831d00" />
    <UnitTestResult executionId="0d246ea2-e243-4def-a72d-24a1a8dbe670" testId="08e19c37-ebcf-4031-b94a-75e7da6461a5" testName="FormatToStringTest1000 (43799.04472166535,43799.04 zł)" computerName="DESKTOP-5URQ9PB" duration="00:00:00.0000068" startTime="2022-06-13T21:12:10.2417355+02:00" endTime="2022-06-13T21:12:10.2418034+02:00" testType="13cdc9d9-ddb5-4fa4-a97d-d965ccfc6d4b" outcome="Passed" testListId="8c84fa94-04c1-424b-9868-57a2d4851a1d" relativeResultsDirectory="0d246ea2-e243-4def-a72d-24a1a8dbe670" />
    <UnitTestResult executionId="b9a67fc1-d491-4d3c-aceb-a6eebf6a04de" testId="a54efda0-2769-4030-8e54-1609343cf185" testName="FormatToStringTest1000 (22533.17694295811,22533.18 zł)" computerName="DESKTOP-5URQ9PB" duration="00:00:00.0000063" startTime="2022-06-13T21:12:10.4027525+02:00" endTime="2022-06-13T21:12:10.4028225+02:00" testType="13cdc9d9-ddb5-4fa4-a97d-d965ccfc6d4b" outcome="Passed" testListId="8c84fa94-04c1-424b-9868-57a2d4851a1d" relativeResultsDirectory="b9a67fc1-d491-4d3c-aceb-a6eebf6a04de" />
    <UnitTestResult executionId="9954d90a-c2c0-4f0f-be45-1cdd6ea0884a" testId="e64f6c50-e037-4b84-a04b-623ef8368d22" testName="FormatToStringTest1000 (73372.53853826903,73372.54 zł)" computerName="DESKTOP-5URQ9PB" duration="00:00:00.0000072" startTime="2022-06-13T21:12:10.1850908+02:00" endTime="2022-06-13T21:12:10.1851582+02:00" testType="13cdc9d9-ddb5-4fa4-a97d-d965ccfc6d4b" outcome="Passed" testListId="8c84fa94-04c1-424b-9868-57a2d4851a1d" relativeResultsDirectory="9954d90a-c2c0-4f0f-be45-1cdd6ea0884a" />
    <UnitTestResult executionId="8b1603bd-2262-4392-9d89-c83530d11c00" testId="1e8b737e-a57c-4b59-8c87-ad15a1adc0cb" testName="FormatToStringTest1000 (66019.32414194118,66019.32 zł)" computerName="DESKTOP-5URQ9PB" duration="00:00:00.0000180" startTime="2022-06-13T21:12:10.0922844+02:00" endTime="2022-06-13T21:12:10.0925172+02:00" testType="13cdc9d9-ddb5-4fa4-a97d-d965ccfc6d4b" outcome="Passed" testListId="8c84fa94-04c1-424b-9868-57a2d4851a1d" relativeResultsDirectory="8b1603bd-2262-4392-9d89-c83530d11c00" />
    <UnitTestResult executionId="65bf0ebf-7ad7-4088-8113-50e6d557cb42" testId="5f2c941b-3279-446d-b6bb-f846c9dbf8cf" testName="FormatToStringTest1000 (28992.38363400166,28992.38 zł)" computerName="DESKTOP-5URQ9PB" duration="00:00:00.0000061" startTime="2022-06-13T21:12:10.3500520+02:00" endTime="2022-06-13T21:12:10.3501156+02:00" testType="13cdc9d9-ddb5-4fa4-a97d-d965ccfc6d4b" outcome="Passed" testListId="8c84fa94-04c1-424b-9868-57a2d4851a1d" relativeResultsDirectory="65bf0ebf-7ad7-4088-8113-50e6d557cb42" />
    <UnitTestResult executionId="6fa77058-0e28-4184-8f67-cde54d2bee47" testId="c67bc302-50e4-4d5c-bcb6-804fed6fcbfe" testName="FormatToStringTest1000 (30031.89550569323,30031.90 zł)" computerName="DESKTOP-5URQ9PB" duration="00:00:00.0000063" startTime="2022-06-13T21:12:10.2384579+02:00" endTime="2022-06-13T21:12:10.2385249+02:00" testType="13cdc9d9-ddb5-4fa4-a97d-d965ccfc6d4b" outcome="Passed" testListId="8c84fa94-04c1-424b-9868-57a2d4851a1d" relativeResultsDirectory="6fa77058-0e28-4184-8f67-cde54d2bee47" />
    <UnitTestResult executionId="f9166ff1-e053-4ff8-b611-6d00943c001b" testId="8a2f3009-a928-445e-bb3d-a0a45ac4eebb" testName="FormatToStringTest1000 (10641.263377953444,10641.26 zł)" computerName="DESKTOP-5URQ9PB" duration="00:00:00.0000063" startTime="2022-06-13T21:12:10.2030088+02:00" endTime="2022-06-13T21:12:10.2030753+02:00" testType="13cdc9d9-ddb5-4fa4-a97d-d965ccfc6d4b" outcome="Passed" testListId="8c84fa94-04c1-424b-9868-57a2d4851a1d" relativeResultsDirectory="f9166ff1-e053-4ff8-b611-6d00943c001b" />
    <UnitTestResult executionId="0fd2fa90-c3b5-41db-8a1c-281a0c1f4b18" testId="d322bd6c-c848-488e-8fb6-ebce38890e29" testName="FormatToStringTest1000 (765.778932784581,765.78 zł)" computerName="DESKTOP-5URQ9PB" duration="00:00:00.0000064" startTime="2022-06-13T21:12:10.2356836+02:00" endTime="2022-06-13T21:12:10.2357487+02:00" testType="13cdc9d9-ddb5-4fa4-a97d-d965ccfc6d4b" outcome="Passed" testListId="8c84fa94-04c1-424b-9868-57a2d4851a1d" relativeResultsDirectory="0fd2fa90-c3b5-41db-8a1c-281a0c1f4b18" />
    <UnitTestResult executionId="dec1e986-a736-4e79-86c1-902b3e58b369" testId="cdb14cee-5e8c-473d-aa65-4fc25b95c267" testName="FormatToStringTest1000 (62975.496334776515,62975.50 zł)" computerName="DESKTOP-5URQ9PB" duration="00:00:00.0000063" startTime="2022-06-13T21:12:10.1168612+02:00" endTime="2022-06-13T21:12:10.1169356+02:00" testType="13cdc9d9-ddb5-4fa4-a97d-d965ccfc6d4b" outcome="Passed" testListId="8c84fa94-04c1-424b-9868-57a2d4851a1d" relativeResultsDirectory="dec1e986-a736-4e79-86c1-902b3e58b369" />
    <UnitTestResult executionId="1f0b645e-366b-46ac-80a7-1abb694d5bc1" testId="448eb0e8-f494-4398-9aa7-4768ccb4a48e" testName="FormatToStringTest1000 (65963.39932440939,65963.40 zł)" computerName="DESKTOP-5URQ9PB" duration="00:00:00.0000063" startTime="2022-06-13T21:12:10.3962365+02:00" endTime="2022-06-13T21:12:10.3962998+02:00" testType="13cdc9d9-ddb5-4fa4-a97d-d965ccfc6d4b" outcome="Passed" testListId="8c84fa94-04c1-424b-9868-57a2d4851a1d" relativeResultsDirectory="1f0b645e-366b-46ac-80a7-1abb694d5bc1" />
    <UnitTestResult executionId="44a1be37-4730-40a1-937b-13a797ae952d" testId="8f6d4d7b-1c4e-4074-a57f-f691e6ae2e14" testName="FormatToStringTest1000 (74152.7503934562,74152.75 zł)" computerName="DESKTOP-5URQ9PB" duration="00:00:00.0000064" startTime="2022-06-13T21:12:10.2323044+02:00" endTime="2022-06-13T21:12:10.2323700+02:00" testType="13cdc9d9-ddb5-4fa4-a97d-d965ccfc6d4b" outcome="Passed" testListId="8c84fa94-04c1-424b-9868-57a2d4851a1d" relativeResultsDirectory="44a1be37-4730-40a1-937b-13a797ae952d" />
    <UnitTestResult executionId="c3cd82e4-7937-4809-8772-dc2f0ceacd4f" testId="3f52e591-0a06-4612-ae1e-b2b25052e205" testName="FormatToStringTest1000 (545.7016866634142,545.70 zł)" computerName="DESKTOP-5URQ9PB" duration="00:00:00.0000068" startTime="2022-06-13T21:12:10.3003029+02:00" endTime="2022-06-13T21:12:10.3003942+02:00" testType="13cdc9d9-ddb5-4fa4-a97d-d965ccfc6d4b" outcome="Passed" testListId="8c84fa94-04c1-424b-9868-57a2d4851a1d" relativeResultsDirectory="c3cd82e4-7937-4809-8772-dc2f0ceacd4f" />
    <UnitTestResult executionId="36ec6134-9f58-4988-911b-9945f8cddf81" testId="3c077e86-f306-47b7-9ade-404f4c2501f2" testName="FormatToStringTest1000 (6676.5680544784145,6676.57 zł)" computerName="DESKTOP-5URQ9PB" duration="00:00:00.0000062" startTime="2022-06-13T21:12:10.4139425+02:00" endTime="2022-06-13T21:12:10.4140070+02:00" testType="13cdc9d9-ddb5-4fa4-a97d-d965ccfc6d4b" outcome="Passed" testListId="8c84fa94-04c1-424b-9868-57a2d4851a1d" relativeResultsDirectory="36ec6134-9f58-4988-911b-9945f8cddf81" />
    <UnitTestResult executionId="d142b35c-2dea-4584-a993-0c5f1479289a" testId="488ec89e-52dd-4798-ab31-2e812f3391a4" testName="FormatToStringTest1000 (13478.157112043891,13478.16 zł)" computerName="DESKTOP-5URQ9PB" duration="00:00:00.0000062" startTime="2022-06-13T21:12:10.3093689+02:00" endTime="2022-06-13T21:12:10.3094359+02:00" testType="13cdc9d9-ddb5-4fa4-a97d-d965ccfc6d4b" outcome="Passed" testListId="8c84fa94-04c1-424b-9868-57a2d4851a1d" relativeResultsDirectory="d142b35c-2dea-4584-a993-0c5f1479289a" />
    <UnitTestResult executionId="de7991ad-140e-4a7b-ac9b-289325413a72" testId="3646a1d2-a647-4e05-8fd6-56a0128aa69f" testName="FormatToStringTest1000 (45035.160883881224,45035.16 zł)" computerName="DESKTOP-5URQ9PB" duration="00:00:00.0000067" startTime="2022-06-13T21:12:10.1023365+02:00" endTime="2022-06-13T21:12:10.1024067+02:00" testType="13cdc9d9-ddb5-4fa4-a97d-d965ccfc6d4b" outcome="Passed" testListId="8c84fa94-04c1-424b-9868-57a2d4851a1d" relativeResultsDirectory="de7991ad-140e-4a7b-ac9b-289325413a72" />
    <UnitTestResult executionId="dbd51dd6-750a-493f-a4db-067d2b4a49c3" testId="28d3c529-c1f7-49ed-b459-0b789955ff6e" testName="FormatToStringTest1000 (28033.439084134738,28033.44 zł)" computerName="DESKTOP-5URQ9PB" duration="00:00:00.0000061" startTime="2022-06-13T21:12:10.2753298+02:00" endTime="2022-06-13T21:12:10.2753963+02:00" testType="13cdc9d9-ddb5-4fa4-a97d-d965ccfc6d4b" outcome="Passed" testListId="8c84fa94-04c1-424b-9868-57a2d4851a1d" relativeResultsDirectory="dbd51dd6-750a-493f-a4db-067d2b4a49c3" />
    <UnitTestResult executionId="a71946e4-6ce5-47b9-afd0-624effdb2877" testId="5364818f-6aff-4bdd-bfee-d826f8b82ebe" testName="FormatToStringTest1000 (13844.577623300524,13844.58 zł)" computerName="DESKTOP-5URQ9PB" duration="00:00:00.0000062" startTime="2022-06-13T21:12:10.1782005+02:00" endTime="2022-06-13T21:12:10.1782680+02:00" testType="13cdc9d9-ddb5-4fa4-a97d-d965ccfc6d4b" outcome="Passed" testListId="8c84fa94-04c1-424b-9868-57a2d4851a1d" relativeResultsDirectory="a71946e4-6ce5-47b9-afd0-624effdb2877" />
    <UnitTestResult executionId="4ab73425-06ca-4d81-9e53-e9e7989b193f" testId="367992c7-7b7c-449a-ae1f-dac6098102fc" testName="FormatToStringTest1000 (47964.941885361884,47964.94 zł)" computerName="DESKTOP-5URQ9PB" duration="00:00:00.0000064" startTime="2022-06-13T21:12:10.1386688+02:00" endTime="2022-06-13T21:12:10.1387398+02:00" testType="13cdc9d9-ddb5-4fa4-a97d-d965ccfc6d4b" outcome="Passed" testListId="8c84fa94-04c1-424b-9868-57a2d4851a1d" relativeResultsDirectory="4ab73425-06ca-4d81-9e53-e9e7989b193f" />
    <UnitTestResult executionId="1c407275-00e6-4820-abd1-f18f9e41de68" testId="edc15fd9-9569-4764-ab47-0c9c4d69c4b0" testName="FormatToStringTest1000 (29474.095826699442,29474.10 zł)" computerName="DESKTOP-5URQ9PB" duration="00:00:00.0000064" startTime="2022-06-13T21:12:10.4053814+02:00" endTime="2022-06-13T21:12:10.4054549+02:00" testType="13cdc9d9-ddb5-4fa4-a97d-d965ccfc6d4b" outcome="Passed" testListId="8c84fa94-04c1-424b-9868-57a2d4851a1d" relativeResultsDirectory="1c407275-00e6-4820-abd1-f18f9e41de68" />
    <UnitTestResult executionId="6742e8dc-d0b6-4b59-a62e-798243fc771c" testId="b81d439e-ee35-4b13-9353-cbc78e53fa44" testName="FormatToStringTest1000 (9079.930405251649,9079.93 zł)" computerName="DESKTOP-5URQ9PB" duration="00:00:00.0000062" startTime="2022-06-13T21:12:10.2351416+02:00" endTime="2022-06-13T21:12:10.2352094+02:00" testType="13cdc9d9-ddb5-4fa4-a97d-d965ccfc6d4b" outcome="Passed" testListId="8c84fa94-04c1-424b-9868-57a2d4851a1d" relativeResultsDirectory="6742e8dc-d0b6-4b59-a62e-798243fc771c" />
    <UnitTestResult executionId="dea29745-e5d3-4094-9533-9ff2d8f4f3d5" testId="549129aa-632a-44b8-969e-e974c8c4f3b4" testName="FormatToStringTest1000 (67230.86250807665,67230.86 zł)" computerName="DESKTOP-5URQ9PB" duration="00:00:00.0000155" startTime="2022-06-13T21:12:10.1350565+02:00" endTime="2022-06-13T21:12:10.1352353+02:00" testType="13cdc9d9-ddb5-4fa4-a97d-d965ccfc6d4b" outcome="Passed" testListId="8c84fa94-04c1-424b-9868-57a2d4851a1d" relativeResultsDirectory="dea29745-e5d3-4094-9533-9ff2d8f4f3d5" />
    <UnitTestResult executionId="7296910c-94d2-4430-85c7-b22fadf200cf" testId="b77152de-9251-44bc-9c4d-6ddb776a7baa" testName="FormatToStringTest1000 (5247.779940802501,5247.78 zł)" computerName="DESKTOP-5URQ9PB" duration="00:00:00.0000063" startTime="2022-06-13T21:12:10.4155348+02:00" endTime="2022-06-13T21:12:10.4155985+02:00" testType="13cdc9d9-ddb5-4fa4-a97d-d965ccfc6d4b" outcome="Passed" testListId="8c84fa94-04c1-424b-9868-57a2d4851a1d" relativeResultsDirectory="7296910c-94d2-4430-85c7-b22fadf200cf" />
    <UnitTestResult executionId="21586941-a630-4eef-a199-d733081e03f0" testId="06b86b69-6b42-41b5-b316-81b26f385d5c" testName="FormatToStringTest1000 (29539.32303995328,29539.32 zł)" computerName="DESKTOP-5URQ9PB" duration="00:00:00.0000064" startTime="2022-06-13T21:12:10.2541157+02:00" endTime="2022-06-13T21:12:10.2541831+02:00" testType="13cdc9d9-ddb5-4fa4-a97d-d965ccfc6d4b" outcome="Passed" testListId="8c84fa94-04c1-424b-9868-57a2d4851a1d" relativeResultsDirectory="21586941-a630-4eef-a199-d733081e03f0" />
    <UnitTestResult executionId="c97f66db-b0fd-4294-82c9-6e25d7e8e9da" testId="c4ce668d-974e-4252-9ce4-a3381264b5ec" testName="FormatToStringTest1000 (3846.644792262765,3846.64 zł)" computerName="DESKTOP-5URQ9PB" duration="00:00:00.0000062" startTime="2022-06-13T21:12:10.1754289+02:00" endTime="2022-06-13T21:12:10.1754957+02:00" testType="13cdc9d9-ddb5-4fa4-a97d-d965ccfc6d4b" outcome="Passed" testListId="8c84fa94-04c1-424b-9868-57a2d4851a1d" relativeResultsDirectory="c97f66db-b0fd-4294-82c9-6e25d7e8e9da" />
    <UnitTestResult executionId="71a82b02-8811-4f93-a461-09d6fcbe0ae0" testId="500bab80-af8c-4898-b51d-ea26ba5e6e63" testName="FormatToStringTest1000 (58902.704109088845,58902.70 zł)" computerName="DESKTOP-5URQ9PB" duration="00:00:00.0000063" startTime="2022-06-13T21:12:10.3884414+02:00" endTime="2022-06-13T21:12:10.3885050+02:00" testType="13cdc9d9-ddb5-4fa4-a97d-d965ccfc6d4b" outcome="Passed" testListId="8c84fa94-04c1-424b-9868-57a2d4851a1d" relativeResultsDirectory="71a82b02-8811-4f93-a461-09d6fcbe0ae0" />
    <UnitTestResult executionId="a069f45b-f495-4248-b045-4b0fd29fa8bd" testId="ff2fd4e0-853a-49f5-86bf-8fa0a328a0e6" testName="FormatToStringTest1000 (2216.881526520886,2216.88 zł)" computerName="DESKTOP-5URQ9PB" duration="00:00:00.0000062" startTime="2022-06-13T21:12:10.3428299+02:00" endTime="2022-06-13T21:12:10.3428933+02:00" testType="13cdc9d9-ddb5-4fa4-a97d-d965ccfc6d4b" outcome="Passed" testListId="8c84fa94-04c1-424b-9868-57a2d4851a1d" relativeResultsDirectory="a069f45b-f495-4248-b045-4b0fd29fa8bd" />
    <UnitTestResult executionId="6cc54b1b-c5ee-40be-83a0-0ff539c7b4b2" testId="b54eb2b0-262d-4a12-80c8-3d243737d7fd" testName="FormatToStringTest1000 (20482.32969107308,20482.33 zł)" computerName="DESKTOP-5URQ9PB" duration="00:00:00.0000064" startTime="2022-06-13T21:12:10.1512694+02:00" endTime="2022-06-13T21:12:10.1513391+02:00" testType="13cdc9d9-ddb5-4fa4-a97d-d965ccfc6d4b" outcome="Passed" testListId="8c84fa94-04c1-424b-9868-57a2d4851a1d" relativeResultsDirectory="6cc54b1b-c5ee-40be-83a0-0ff539c7b4b2" />
    <UnitTestResult executionId="b37e252b-540e-408c-8927-a7e31e761c96" testId="6dbf690d-3746-46c8-8941-bc1679747a51" testName="FormatToStringTest1000 (59283.48311990662,59283.48 zł)" computerName="DESKTOP-5URQ9PB" duration="00:00:00.0000065" startTime="2022-06-13T21:12:10.1915224+02:00" endTime="2022-06-13T21:12:10.1915986+02:00" testType="13cdc9d9-ddb5-4fa4-a97d-d965ccfc6d4b" outcome="Passed" testListId="8c84fa94-04c1-424b-9868-57a2d4851a1d" relativeResultsDirectory="b37e252b-540e-408c-8927-a7e31e761c96" />
    <UnitTestResult executionId="657ee97b-1c70-4f02-a385-78ab75824832" testId="5bce2aa4-68c4-4a42-8bbb-7f2355b20a60" testName="FormatToStringTest1000 (7813.027778348433,7813.03 zł)" computerName="DESKTOP-5URQ9PB" duration="00:00:00.0000072" startTime="2022-06-13T21:12:10.3378458+02:00" endTime="2022-06-13T21:12:10.3379254+02:00" testType="13cdc9d9-ddb5-4fa4-a97d-d965ccfc6d4b" outcome="Passed" testListId="8c84fa94-04c1-424b-9868-57a2d4851a1d" relativeResultsDirectory="657ee97b-1c70-4f02-a385-78ab75824832" />
    <UnitTestResult executionId="c5a5cf4a-cc32-4dd8-82fc-6009a4099c3b" testId="84fa0a19-69dd-4a18-8ae3-e2a2ab248939" testName="FormatToStringTest1000 (14459.57059750686,14459.57 zł)" computerName="DESKTOP-5URQ9PB" duration="00:00:00.0000066" startTime="2022-06-13T21:12:10.1947896+02:00" endTime="2022-06-13T21:12:10.1948693+02:00" testType="13cdc9d9-ddb5-4fa4-a97d-d965ccfc6d4b" outcome="Passed" testListId="8c84fa94-04c1-424b-9868-57a2d4851a1d" relativeResultsDirectory="c5a5cf4a-cc32-4dd8-82fc-6009a4099c3b" />
    <UnitTestResult executionId="8d8fa9cd-7fb5-4608-98b5-038fe61e8d4b" testId="2cd8c204-93d9-47ce-b701-3212e84f0f0c" testName="FormatToStringTest1000 (6838.422316571894,6838.42 zł)" computerName="DESKTOP-5URQ9PB" duration="00:00:00.0000071" startTime="2022-06-13T21:12:10.1546656+02:00" endTime="2022-06-13T21:12:10.1547345+02:00" testType="13cdc9d9-ddb5-4fa4-a97d-d965ccfc6d4b" outcome="Passed" testListId="8c84fa94-04c1-424b-9868-57a2d4851a1d" relativeResultsDirectory="8d8fa9cd-7fb5-4608-98b5-038fe61e8d4b" />
    <UnitTestResult executionId="cc6cae67-4f99-4021-b9f9-5de98647dbcd" testId="5ba19b49-56b4-4461-988d-31ddfed58482" testName="FormatToStringTest1000 (26686.08488193065,26686.08 zł)" computerName="DESKTOP-5URQ9PB" duration="00:00:00.0000081" startTime="2022-06-13T21:12:10.3110318+02:00" endTime="2022-06-13T21:12:10.3111334+02:00" testType="13cdc9d9-ddb5-4fa4-a97d-d965ccfc6d4b" outcome="Passed" testListId="8c84fa94-04c1-424b-9868-57a2d4851a1d" relativeResultsDirectory="cc6cae67-4f99-4021-b9f9-5de98647dbcd" />
    <UnitTestResult executionId="3983778c-32dd-4c3e-9cb5-b7ad78834698" testId="ab06aef9-800f-4907-b6fa-8fca9a9d4e2d" testName="FormatToStringTest1000 (6262.373413993219,6262.37 zł)" computerName="DESKTOP-5URQ9PB" duration="00:00:00.0000061" startTime="2022-06-13T21:12:10.2092316+02:00" endTime="2022-06-13T21:12:10.2092973+02:00" testType="13cdc9d9-ddb5-4fa4-a97d-d965ccfc6d4b" outcome="Passed" testListId="8c84fa94-04c1-424b-9868-57a2d4851a1d" relativeResultsDirectory="3983778c-32dd-4c3e-9cb5-b7ad78834698" />
    <UnitTestResult executionId="e1f6fd9f-8928-4910-85d6-826dfef70391" testId="d4c1b48b-1065-4dc7-b7af-8ccad84f1155" testName="FormatToStringTest1000 (27794.8671353957,27794.87 zł)" computerName="DESKTOP-5URQ9PB" duration="00:00:00.0000073" startTime="2022-06-13T21:12:10.3494634+02:00" endTime="2022-06-13T21:12:10.3495364+02:00" testType="13cdc9d9-ddb5-4fa4-a97d-d965ccfc6d4b" outcome="Passed" testListId="8c84fa94-04c1-424b-9868-57a2d4851a1d" relativeResultsDirectory="e1f6fd9f-8928-4910-85d6-826dfef70391" />
    <UnitTestResult executionId="eeeae2c1-02d9-49fd-b72d-d87c4edef6e3" testId="cbff8c29-151e-4c48-a4c1-e884c0155c23" testName="FormatToStringTest1000 (19933.78650940945,19933.79 zł)" computerName="DESKTOP-5URQ9PB" duration="00:00:00.0000064" startTime="2022-06-13T21:12:10.3905686+02:00" endTime="2022-06-13T21:12:10.3906391+02:00" testType="13cdc9d9-ddb5-4fa4-a97d-d965ccfc6d4b" outcome="Passed" testListId="8c84fa94-04c1-424b-9868-57a2d4851a1d" relativeResultsDirectory="eeeae2c1-02d9-49fd-b72d-d87c4edef6e3" />
    <UnitTestResult executionId="dcb82557-9084-428e-b33c-2e5df8c01ced" testId="2f3110c7-7fe9-4d33-9e2d-646d90bb5e19" testName="FormatToStringTest1000 (21221.884746198488,21221.88 zł)" computerName="DESKTOP-5URQ9PB" duration="00:00:00.0000064" startTime="2022-06-13T21:12:10.3336431+02:00" endTime="2022-06-13T21:12:10.3337089+02:00" testType="13cdc9d9-ddb5-4fa4-a97d-d965ccfc6d4b" outcome="Passed" testListId="8c84fa94-04c1-424b-9868-57a2d4851a1d" relativeResultsDirectory="dcb82557-9084-428e-b33c-2e5df8c01ced" />
    <UnitTestResult executionId="63065a4c-319f-4382-bb96-8be194bc3233" testId="b387954a-01d7-4152-9835-67659f162608" testName="FormatToStringTest1000 (4614.673205890541,4614.67 zł)" computerName="DESKTOP-5URQ9PB" duration="00:00:00.0000062" startTime="2022-06-13T21:12:10.1319231+02:00" endTime="2022-06-13T21:12:10.1319904+02:00" testType="13cdc9d9-ddb5-4fa4-a97d-d965ccfc6d4b" outcome="Passed" testListId="8c84fa94-04c1-424b-9868-57a2d4851a1d" relativeResultsDirectory="63065a4c-319f-4382-bb96-8be194bc3233" />
    <UnitTestResult executionId="13b2818e-011a-48ff-b1f1-e2ae825d45e3" testId="4cfb73b5-d4d7-4e5e-a811-c401f3e698b5" testName="FormatToStringTest1000 (9994.9471861026,9994.95 zł)" computerName="DESKTOP-5URQ9PB" duration="00:00:00.0000066" startTime="2022-06-13T21:12:10.1879490+02:00" endTime="2022-06-13T21:12:10.1880213+02:00" testType="13cdc9d9-ddb5-4fa4-a97d-d965ccfc6d4b" outcome="Passed" testListId="8c84fa94-04c1-424b-9868-57a2d4851a1d" relativeResultsDirectory="13b2818e-011a-48ff-b1f1-e2ae825d45e3" />
    <UnitTestResult executionId="aef4cff5-79f3-4504-8b11-827ca3704a86" testId="497a5dc2-28fe-4379-998e-e3414942a798" testName="FormatToStringTest1000 (29845.02749849345,29845.03 zł)" computerName="DESKTOP-5URQ9PB" duration="00:00:00.0000062" startTime="2022-06-13T21:12:10.1884156+02:00" endTime="2022-06-13T21:12:10.1884887+02:00" testType="13cdc9d9-ddb5-4fa4-a97d-d965ccfc6d4b" outcome="Passed" testListId="8c84fa94-04c1-424b-9868-57a2d4851a1d" relativeResultsDirectory="aef4cff5-79f3-4504-8b11-827ca3704a86" />
    <UnitTestResult executionId="7bfe6f52-3328-4c17-b13e-c605723ca8b3" testId="a6e6589f-9619-4c52-9ee7-0befb626f301" testName="FormatToStringTest1000 (1568.615240217473,1568.62 zł)" computerName="DESKTOP-5URQ9PB" duration="00:00:00.0000063" startTime="2022-06-13T21:12:10.3693076+02:00" endTime="2022-06-13T21:12:10.3693718+02:00" testType="13cdc9d9-ddb5-4fa4-a97d-d965ccfc6d4b" outcome="Passed" testListId="8c84fa94-04c1-424b-9868-57a2d4851a1d" relativeResultsDirectory="7bfe6f52-3328-4c17-b13e-c605723ca8b3" />
    <UnitTestResult executionId="ba31919e-9d7f-4fce-b270-59828fd0d12a" testId="8d0dfab9-c9ba-4bac-b823-4514edb38247" testName="FormatToStringTest1000 (759.247198292635,759.25 zł)" computerName="DESKTOP-5URQ9PB" duration="00:00:00.0000064" startTime="2022-06-13T21:12:10.1946969+02:00" endTime="2022-06-13T21:12:10.1947687+02:00" testType="13cdc9d9-ddb5-4fa4-a97d-d965ccfc6d4b" outcome="Passed" testListId="8c84fa94-04c1-424b-9868-57a2d4851a1d" relativeResultsDirectory="ba31919e-9d7f-4fce-b270-59828fd0d12a" />
    <UnitTestResult executionId="67a88d0c-48a0-457a-85d3-224faf67feb9" testId="264d7a46-51a6-4e54-8bbf-e5ef08878571" testName="FormatToStringTest1000 (5396.620088554277,5396.62 zł)" computerName="DESKTOP-5URQ9PB" duration="00:00:00.0000063" startTime="2022-06-13T21:12:10.0821143+02:00" endTime="2022-06-13T21:12:10.0821818+02:00" testType="13cdc9d9-ddb5-4fa4-a97d-d965ccfc6d4b" outcome="Passed" testListId="8c84fa94-04c1-424b-9868-57a2d4851a1d" relativeResultsDirectory="67a88d0c-48a0-457a-85d3-224faf67feb9" />
    <UnitTestResult executionId="956c651a-1f2f-4f99-84ad-43f71453b9fa" testId="e76356b3-480d-4e69-820d-2ae683692706" testName="FormatToStringTest1000 (5140.16338917155,5140.16 zł)" computerName="DESKTOP-5URQ9PB" duration="00:00:00.0000089" startTime="2022-06-13T21:12:10.3267321+02:00" endTime="2022-06-13T21:12:10.3268299+02:00" testType="13cdc9d9-ddb5-4fa4-a97d-d965ccfc6d4b" outcome="Passed" testListId="8c84fa94-04c1-424b-9868-57a2d4851a1d" relativeResultsDirectory="956c651a-1f2f-4f99-84ad-43f71453b9fa" />
    <UnitTestResult executionId="404bffed-bbd1-47e9-b90d-5540f4c0142e" testId="fb392cd1-5ce7-4478-a52b-3d3ad19e9097" testName="FormatToStringTest1000 (7592.950837113406,7592.95 zł)" computerName="DESKTOP-5URQ9PB" duration="00:00:00.0000064" startTime="2022-06-13T21:12:10.1244308+02:00" endTime="2022-06-13T21:12:10.1245060+02:00" testType="13cdc9d9-ddb5-4fa4-a97d-d965ccfc6d4b" outcome="Passed" testListId="8c84fa94-04c1-424b-9868-57a2d4851a1d" relativeResultsDirectory="404bffed-bbd1-47e9-b90d-5540f4c0142e" />
    <UnitTestResult executionId="f077b675-fce4-4f98-b630-a8494a98d84c" testId="bee56492-99ab-4978-a398-6d3fb8eb0739" testName="FormatToStringTest1000 (15822.278766386342,15822.28 zł)" computerName="DESKTOP-5URQ9PB" duration="00:00:00.0000062" startTime="2022-06-13T21:12:10.2121435+02:00" endTime="2022-06-13T21:12:10.2122100+02:00" testType="13cdc9d9-ddb5-4fa4-a97d-d965ccfc6d4b" outcome="Passed" testListId="8c84fa94-04c1-424b-9868-57a2d4851a1d" relativeResultsDirectory="f077b675-fce4-4f98-b630-a8494a98d84c" />
    <UnitTestResult executionId="355cdc45-9770-4814-8954-59a7cfe6fa4d" testId="faa43f42-1c2c-4dbb-a299-12383382c83e" testName="FormatToStringTest1000 (16901.497392274203,16901.50 zł)" computerName="DESKTOP-5URQ9PB" duration="00:00:00.0000064" startTime="2022-06-13T21:12:10.3203574+02:00" endTime="2022-06-13T21:12:10.3204277+02:00" testType="13cdc9d9-ddb5-4fa4-a97d-d965ccfc6d4b" outcome="Passed" testListId="8c84fa94-04c1-424b-9868-57a2d4851a1d" relativeResultsDirectory="355cdc45-9770-4814-8954-59a7cfe6fa4d" />
    <UnitTestResult executionId="6521151e-5108-4608-8490-8b299691769d" testId="4e39dc4e-4e4e-43cf-a038-7dfba4ba349f" testName="FormatToStringTest1000 (15411.371650797022,15411.37 zł)" computerName="DESKTOP-5URQ9PB" duration="00:00:00.0000062" startTime="2022-06-13T21:12:10.1581689+02:00" endTime="2022-06-13T21:12:10.1582364+02:00" testType="13cdc9d9-ddb5-4fa4-a97d-d965ccfc6d4b" outcome="Passed" testListId="8c84fa94-04c1-424b-9868-57a2d4851a1d" relativeResultsDirectory="6521151e-5108-4608-8490-8b299691769d" />
    <UnitTestResult executionId="738d7aba-91cd-4eec-bfc6-85e5298a895a" testId="de1f2988-292d-48a5-98df-10413fba6af8" testName="FormatToStringTest1000 (13197.65136269417,13197.65 zł)" computerName="DESKTOP-5URQ9PB" duration="00:00:00.0000064" startTime="2022-06-13T21:12:10.2571840+02:00" endTime="2022-06-13T21:12:10.2572633+02:00" testType="13cdc9d9-ddb5-4fa4-a97d-d965ccfc6d4b" outcome="Passed" testListId="8c84fa94-04c1-424b-9868-57a2d4851a1d" relativeResultsDirectory="738d7aba-91cd-4eec-bfc6-85e5298a895a" />
    <UnitTestResult executionId="c5abfc50-941f-4fed-9ed9-d94be7f14cd4" testId="f3fcca2d-439e-40ec-96ec-492d10e531e9" testName="FormatToStringTest1000 (7370.518277515898,7370.52 zł)" computerName="DESKTOP-5URQ9PB" duration="00:00:00.0000063" startTime="2022-06-13T21:12:10.2026682+02:00" endTime="2022-06-13T21:12:10.2027367+02:00" testType="13cdc9d9-ddb5-4fa4-a97d-d965ccfc6d4b" outcome="Passed" testListId="8c84fa94-04c1-424b-9868-57a2d4851a1d" relativeResultsDirectory="c5abfc50-941f-4fed-9ed9-d94be7f14cd4" />
    <UnitTestResult executionId="d6f73977-c1a3-4414-9a32-ab46f297eafa" testId="1d847309-2964-4c73-b2ab-63f2d5ff52bf" testName="FormatToStringTest1000 (22666.13578912995,22666.14 zł)" computerName="DESKTOP-5URQ9PB" duration="00:00:00.0000320" startTime="2022-06-13T21:12:10.0863131+02:00" endTime="2022-06-13T21:12:10.0886590+02:00" testType="13cdc9d9-ddb5-4fa4-a97d-d965ccfc6d4b" outcome="Passed" testListId="8c84fa94-04c1-424b-9868-57a2d4851a1d" relativeResultsDirectory="d6f73977-c1a3-4414-9a32-ab46f297eafa" />
    <UnitTestResult executionId="bcdcd2e1-8062-4abe-bcbf-299eff8502f3" testId="7bc8b30b-e3c8-464e-a8f3-18592254ed31" testName="FormatToStringTest1000 (6173.0243155793405,6173.02 zł)" computerName="DESKTOP-5URQ9PB" duration="00:00:00.0000099" startTime="2022-06-13T21:12:10.3264680+02:00" endTime="2022-06-13T21:12:10.3265670+02:00" testType="13cdc9d9-ddb5-4fa4-a97d-d965ccfc6d4b" outcome="Passed" testListId="8c84fa94-04c1-424b-9868-57a2d4851a1d" relativeResultsDirectory="bcdcd2e1-8062-4abe-bcbf-299eff8502f3" />
    <UnitTestResult executionId="811eb1ac-e6a9-4a71-8f0d-6ce960f9f26c" testId="068f1604-a45b-4273-b081-5a915f40a197" testName="FormatToStringTest1000 (5279.315995182524,5279.32 zł)" computerName="DESKTOP-5URQ9PB" duration="00:00:00.0000127" startTime="2022-06-13T21:12:10.3038889+02:00" endTime="2022-06-13T21:12:10.3040751+02:00" testType="13cdc9d9-ddb5-4fa4-a97d-d965ccfc6d4b" outcome="Passed" testListId="8c84fa94-04c1-424b-9868-57a2d4851a1d" relativeResultsDirectory="811eb1ac-e6a9-4a71-8f0d-6ce960f9f26c" />
    <UnitTestResult executionId="fb72a941-bf08-4365-ac0d-837ee041d20a" testId="2311307b-c3d6-4e0a-b97e-1026d022f054" testName="FormatToStringTest1000 (10534.184353995222,10534.18 zł)" computerName="DESKTOP-5URQ9PB" duration="00:00:00.0000063" startTime="2022-06-13T21:12:10.1287972+02:00" endTime="2022-06-13T21:12:10.1288648+02:00" testType="13cdc9d9-ddb5-4fa4-a97d-d965ccfc6d4b" outcome="Passed" testListId="8c84fa94-04c1-424b-9868-57a2d4851a1d" relativeResultsDirectory="fb72a941-bf08-4365-ac0d-837ee041d20a" />
    <UnitTestResult executionId="515f63dc-1080-4a86-abf8-3de256d26721" testId="3bae61a6-52b1-4790-a92f-b29075d94cdf" testName="FormatToStringTest1000 (75350.77330865282,75350.77 zł)" computerName="DESKTOP-5URQ9PB" duration="00:00:00.0000063" startTime="2022-06-13T21:12:10.1170520+02:00" endTime="2022-06-13T21:12:10.1171256+02:00" testType="13cdc9d9-ddb5-4fa4-a97d-d965ccfc6d4b" outcome="Passed" testListId="8c84fa94-04c1-424b-9868-57a2d4851a1d" relativeResultsDirectory="515f63dc-1080-4a86-abf8-3de256d26721" />
    <UnitTestResult executionId="84765d52-62e1-48ca-af17-6fbbe83e8cfb" testId="ba8cf9f6-7ab7-484d-98c3-224569cd512b" testName="FormatToStringTest1000 (28861.97337596769,28861.97 zł)" computerName="DESKTOP-5URQ9PB" duration="00:00:00.0000064" startTime="2022-06-13T21:12:10.2277636+02:00" endTime="2022-06-13T21:12:10.2278367+02:00" testType="13cdc9d9-ddb5-4fa4-a97d-d965ccfc6d4b" outcome="Passed" testListId="8c84fa94-04c1-424b-9868-57a2d4851a1d" relativeResultsDirectory="84765d52-62e1-48ca-af17-6fbbe83e8cfb" />
    <UnitTestResult executionId="d5e9f235-2b93-4cce-a8a5-60744a27b90d" testId="9d60cb75-ec30-4dfd-b6ce-2fc5b42e1c07" testName="FormatToStringTest1000 (44361.82678515177,44361.83 zł)" computerName="DESKTOP-5URQ9PB" duration="00:00:00.0000062" startTime="2022-06-13T21:12:10.3963965+02:00" endTime="2022-06-13T21:12:10.3964599+02:00" testType="13cdc9d9-ddb5-4fa4-a97d-d965ccfc6d4b" outcome="Passed" testListId="8c84fa94-04c1-424b-9868-57a2d4851a1d" relativeResultsDirectory="d5e9f235-2b93-4cce-a8a5-60744a27b90d" />
    <UnitTestResult executionId="776fb419-9cf6-455d-8cd0-bbc120489114" testId="6c3a9f07-91fa-4d23-a927-a806eac84b57" testName="FormatToStringTest1000 (50009.23881716898,50009.24 zł)" computerName="DESKTOP-5URQ9PB" duration="00:00:00.0000063" startTime="2022-06-13T21:12:10.3064863+02:00" endTime="2022-06-13T21:12:10.3065533+02:00" testType="13cdc9d9-ddb5-4fa4-a97d-d965ccfc6d4b" outcome="Passed" testListId="8c84fa94-04c1-424b-9868-57a2d4851a1d" relativeResultsDirectory="776fb419-9cf6-455d-8cd0-bbc120489114" />
    <UnitTestResult executionId="29be2e8c-6e48-4db2-8c4f-1449e2eb470d" testId="1e01b1f4-9499-4543-b33e-03a6365a1261" testName="FormatToStringTest1000 (1187.8237780126854,1187.82 zł)" computerName="DESKTOP-5URQ9PB" duration="00:00:00.0000069" startTime="2022-06-13T21:12:10.3688100+02:00" endTime="2022-06-13T21:12:10.3688850+02:00" testType="13cdc9d9-ddb5-4fa4-a97d-d965ccfc6d4b" outcome="Passed" testListId="8c84fa94-04c1-424b-9868-57a2d4851a1d" relativeResultsDirectory="29be2e8c-6e48-4db2-8c4f-1449e2eb470d" />
    <UnitTestResult executionId="a8fe9b9d-2d5b-4292-9890-6d7dae8cb1e3" testId="38dc3230-ee03-44b6-a583-b2e5a1fcb04c" testName="FormatToStringTest1000 (93775.33090185716,93775.33 zł)" computerName="DESKTOP-5URQ9PB" duration="00:00:00.0000065" startTime="2022-06-13T21:12:10.3321332+02:00" endTime="2022-06-13T21:12:10.3321984+02:00" testType="13cdc9d9-ddb5-4fa4-a97d-d965ccfc6d4b" outcome="Passed" testListId="8c84fa94-04c1-424b-9868-57a2d4851a1d" relativeResultsDirectory="a8fe9b9d-2d5b-4292-9890-6d7dae8cb1e3" />
    <UnitTestResult executionId="2f0640e4-b473-4cf1-adbb-17d6a03e871f" testId="d39e67f8-7285-4f78-8dc3-488f9e24d18a" testName="FormatToStringTest1000 (31391.358864880804,31391.36 zł)" computerName="DESKTOP-5URQ9PB" duration="00:00:00.0000063" startTime="2022-06-13T21:12:10.3809908+02:00" endTime="2022-06-13T21:12:10.3810546+02:00" testType="13cdc9d9-ddb5-4fa4-a97d-d965ccfc6d4b" outcome="Passed" testListId="8c84fa94-04c1-424b-9868-57a2d4851a1d" relativeResultsDirectory="2f0640e4-b473-4cf1-adbb-17d6a03e871f" />
    <UnitTestResult executionId="3957ce75-0cea-45bf-8a7a-8f4ee0aa8e99" testId="acad44e9-81d2-4297-b72c-8db21ed067fe" testName="FormatToStringTest1000 (15080.274618567097,15080.27 zł)" computerName="DESKTOP-5URQ9PB" duration="00:00:00.0000073" startTime="2022-06-13T21:12:10.2569755+02:00" endTime="2022-06-13T21:12:10.2570653+02:00" testType="13cdc9d9-ddb5-4fa4-a97d-d965ccfc6d4b" outcome="Passed" testListId="8c84fa94-04c1-424b-9868-57a2d4851a1d" relativeResultsDirectory="3957ce75-0cea-45bf-8a7a-8f4ee0aa8e99" />
    <UnitTestResult executionId="43968410-7a51-49f1-b062-c192540e07d8" testId="fc8b2a73-0637-489f-9d4e-d06ac3797a39" testName="FormatToStringTest1000 (55457.96873490278,55457.97 zł)" computerName="DESKTOP-5URQ9PB" duration="00:00:00.0000064" startTime="2022-06-13T21:12:10.3424147+02:00" endTime="2022-06-13T21:12:10.3424791+02:00" testType="13cdc9d9-ddb5-4fa4-a97d-d965ccfc6d4b" outcome="Passed" testListId="8c84fa94-04c1-424b-9868-57a2d4851a1d" relativeResultsDirectory="43968410-7a51-49f1-b062-c192540e07d8" />
    <UnitTestResult executionId="81e59ca3-7814-44f6-837f-4a9bdfa156bf" testId="8d62a675-e530-4140-aa08-0a81a2dc07a9" testName="FormatToStringTest1000 (48684.26840475959,48684.27 zł)" computerName="DESKTOP-5URQ9PB" duration="00:00:00.0000068" startTime="2022-06-13T21:12:10.3318873+02:00" endTime="2022-06-13T21:12:10.3319529+02:00" testType="13cdc9d9-ddb5-4fa4-a97d-d965ccfc6d4b" outcome="Passed" testListId="8c84fa94-04c1-424b-9868-57a2d4851a1d" relativeResultsDirectory="81e59ca3-7814-44f6-837f-4a9bdfa156bf" />
    <UnitTestResult executionId="1829154c-5659-4e5c-a253-2f7d5677d861" testId="5fc94018-e896-452d-b7f9-e6cf5a0db19b" testName="FormatToStringTest1000 (35.34471716840971,35.34 zł)" computerName="DESKTOP-5URQ9PB" duration="00:00:00.0000061" startTime="2022-06-13T21:12:10.3338896+02:00" endTime="2022-06-13T21:12:10.3339543+02:00" testType="13cdc9d9-ddb5-4fa4-a97d-d965ccfc6d4b" outcome="Passed" testListId="8c84fa94-04c1-424b-9868-57a2d4851a1d" relativeResultsDirectory="1829154c-5659-4e5c-a253-2f7d5677d861" />
    <UnitTestResult executionId="c2055d64-9a15-4e9d-bb65-6c9ac7ee8bdb" testId="c8bf44b4-22b4-47af-ade9-0eed847110ae" testName="FormatToStringTest1000 (5961.755129208674,5961.76 zł)" computerName="DESKTOP-5URQ9PB" duration="00:00:00.0000071" startTime="2022-06-13T21:12:10.2320430+02:00" endTime="2022-06-13T21:12:10.2321135+02:00" testType="13cdc9d9-ddb5-4fa4-a97d-d965ccfc6d4b" outcome="Passed" testListId="8c84fa94-04c1-424b-9868-57a2d4851a1d" relativeResultsDirectory="c2055d64-9a15-4e9d-bb65-6c9ac7ee8bdb" />
    <UnitTestResult executionId="36e259af-1f9f-492d-ab50-4ffedb7fda88" testId="9040da76-d707-4b6b-9e77-e692781e30bf" testName="FormatToStringTest1000 (19873.59831658453,19873.60 zł)" computerName="DESKTOP-5URQ9PB" duration="00:00:00.0000063" startTime="2022-06-13T21:12:10.3598695+02:00" endTime="2022-06-13T21:12:10.3599347+02:00" testType="13cdc9d9-ddb5-4fa4-a97d-d965ccfc6d4b" outcome="Passed" testListId="8c84fa94-04c1-424b-9868-57a2d4851a1d" relativeResultsDirectory="36e259af-1f9f-492d-ab50-4ffedb7fda88" />
    <UnitTestResult executionId="b39fc283-c55d-406e-9c4a-8d5187750ce3" testId="df5eed98-e2f1-434e-84ac-ea83c18c1977" testName="FormatToStringTest1000 (33601.357302459124,33601.36 zł)" computerName="DESKTOP-5URQ9PB" duration="00:00:00.0000064" startTime="2022-06-13T21:12:10.3984665+02:00" endTime="2022-06-13T21:12:10.3985304+02:00" testType="13cdc9d9-ddb5-4fa4-a97d-d965ccfc6d4b" outcome="Passed" testListId="8c84fa94-04c1-424b-9868-57a2d4851a1d" relativeResultsDirectory="b39fc283-c55d-406e-9c4a-8d5187750ce3" />
    <UnitTestResult executionId="17102929-9386-4c68-8f56-d82a32165612" testId="d6a94fa3-40bc-4a0e-a480-125282ca6050" testName="FormatToStringTest1000 (25794.833624416417,25794.83 zł)" computerName="DESKTOP-5URQ9PB" duration="00:00:00.0000063" startTime="2022-06-13T21:12:10.3477091+02:00" endTime="2022-06-13T21:12:10.3477744+02:00" testType="13cdc9d9-ddb5-4fa4-a97d-d965ccfc6d4b" outcome="Passed" testListId="8c84fa94-04c1-424b-9868-57a2d4851a1d" relativeResultsDirectory="17102929-9386-4c68-8f56-d82a32165612" />
    <UnitTestResult executionId="06d06daf-944f-4fb5-8dc0-e0b53a41eb91" testId="c219ee47-444d-4c8c-b0f6-3589e1249164" testName="FormatToStringTest1000 (15600.245951180927,15600.25 zł)" computerName="DESKTOP-5URQ9PB" duration="00:00:00.0000065" startTime="2022-06-13T21:12:10.2622788+02:00" endTime="2022-06-13T21:12:10.2623486+02:00" testType="13cdc9d9-ddb5-4fa4-a97d-d965ccfc6d4b" outcome="Passed" testListId="8c84fa94-04c1-424b-9868-57a2d4851a1d" relativeResultsDirectory="06d06daf-944f-4fb5-8dc0-e0b53a41eb91" />
    <UnitTestResult executionId="5c31a621-c4f1-4a0b-8bcb-8cd7812500d2" testId="5d3571ec-9010-4083-9fb2-c7b9d66175d2" testName="FormatToStringTest1000 (1669.555150571072,1669.56 zł)" computerName="DESKTOP-5URQ9PB" duration="00:00:00.0000063" startTime="2022-06-13T21:12:10.3987136+02:00" endTime="2022-06-13T21:12:10.3987776+02:00" testType="13cdc9d9-ddb5-4fa4-a97d-d965ccfc6d4b" outcome="Passed" testListId="8c84fa94-04c1-424b-9868-57a2d4851a1d" relativeResultsDirectory="5c31a621-c4f1-4a0b-8bcb-8cd7812500d2" />
    <UnitTestResult executionId="244ae32f-d13f-49d2-8d85-27146b55f9ba" testId="f652ba27-3def-4f3b-be44-502aa013d88e" testName="FormatToStringTest1000 (13337.80490493486,13337.80 zł)" computerName="DESKTOP-5URQ9PB" duration="00:00:00.0000064" startTime="2022-06-13T21:12:10.4076707+02:00" endTime="2022-06-13T21:12:10.4077356+02:00" testType="13cdc9d9-ddb5-4fa4-a97d-d965ccfc6d4b" outcome="Passed" testListId="8c84fa94-04c1-424b-9868-57a2d4851a1d" relativeResultsDirectory="244ae32f-d13f-49d2-8d85-27146b55f9ba" />
    <UnitTestResult executionId="a051d8af-7910-42e8-883c-050365e2a3ca" testId="4e1fa3a0-ec0f-4cb8-b1ca-08326da3dc4a" testName="FormatToStringTest1000 (21693.340115174808,21693.34 zł)" computerName="DESKTOP-5URQ9PB" duration="00:00:00.0000062" startTime="2022-06-13T21:12:10.2751618+02:00" endTime="2022-06-13T21:12:10.2752282+02:00" testType="13cdc9d9-ddb5-4fa4-a97d-d965ccfc6d4b" outcome="Passed" testListId="8c84fa94-04c1-424b-9868-57a2d4851a1d" relativeResultsDirectory="a051d8af-7910-42e8-883c-050365e2a3ca" />
    <UnitTestResult executionId="b848510f-186d-4847-a73e-4240c54d0bad" testId="441a4bcd-334f-4781-9e35-0d1820baa6b4" testName="FormatToStringTest1000 (1228.101744225296,1228.10 zł)" computerName="DESKTOP-5URQ9PB" duration="00:00:00.0000063" startTime="2022-06-13T21:12:10.3383442+02:00" endTime="2022-06-13T21:12:10.3384082+02:00" testType="13cdc9d9-ddb5-4fa4-a97d-d965ccfc6d4b" outcome="Passed" testListId="8c84fa94-04c1-424b-9868-57a2d4851a1d" relativeResultsDirectory="b848510f-186d-4847-a73e-4240c54d0bad" />
    <UnitTestResult executionId="f034c8f6-9a9e-4008-ac33-5c5ccc3a580d" testId="bc40c606-b1f6-4006-85a6-ed086a18d161" testName="FormatToStringTest1000 (3799.9216302064815,3799.92 zł)" computerName="DESKTOP-5URQ9PB" duration="00:00:00.0000061" startTime="2022-06-13T21:12:10.2156889+02:00" endTime="2022-06-13T21:12:10.2157551+02:00" testType="13cdc9d9-ddb5-4fa4-a97d-d965ccfc6d4b" outcome="Passed" testListId="8c84fa94-04c1-424b-9868-57a2d4851a1d" relativeResultsDirectory="f034c8f6-9a9e-4008-ac33-5c5ccc3a580d" />
    <UnitTestResult executionId="53e7bb08-de7a-4c48-bbcc-1501ed6da3a8" testId="b3e17eb7-96ba-468a-b1fb-a9aa0fb9af8b" testName="FormatToStringTest1000 (29417.800422138444,29417.80 zł)" computerName="DESKTOP-5URQ9PB" duration="00:00:00.0000064" startTime="2022-06-13T21:12:10.1787122+02:00" endTime="2022-06-13T21:12:10.1787787+02:00" testType="13cdc9d9-ddb5-4fa4-a97d-d965ccfc6d4b" outcome="Passed" testListId="8c84fa94-04c1-424b-9868-57a2d4851a1d" relativeResultsDirectory="53e7bb08-de7a-4c48-bbcc-1501ed6da3a8" />
    <UnitTestResult executionId="a0dc696a-c02a-4446-9b2e-02735208cbb1" testId="0bc37893-c598-4dff-a5ed-0dc50bfcf2f5" testName="FormatToStringTest1000 (34062.88803158276,34062.89 zł)" computerName="DESKTOP-5URQ9PB" duration="00:00:00.0000062" startTime="2022-06-13T21:12:10.3902454+02:00" endTime="2022-06-13T21:12:10.3903092+02:00" testType="13cdc9d9-ddb5-4fa4-a97d-d965ccfc6d4b" outcome="Passed" testListId="8c84fa94-04c1-424b-9868-57a2d4851a1d" relativeResultsDirectory="a0dc696a-c02a-4446-9b2e-02735208cbb1" />
    <UnitTestResult executionId="5046deae-9d39-4aaa-b1f2-1ac17745da9e" testId="ea8be8ec-0fc8-45f4-93cc-7dc74ea5dc87" testName="FormatToStringTest1000 (15396.537902579894,15396.54 zł)" computerName="DESKTOP-5URQ9PB" duration="00:00:00.0000063" startTime="2022-06-13T21:12:10.3360727+02:00" endTime="2022-06-13T21:12:10.3361374+02:00" testType="13cdc9d9-ddb5-4fa4-a97d-d965ccfc6d4b" outcome="Passed" testListId="8c84fa94-04c1-424b-9868-57a2d4851a1d" relativeResultsDirectory="5046deae-9d39-4aaa-b1f2-1ac17745da9e" />
    <UnitTestResult executionId="10a22526-be5d-41a3-831c-6ee79fcd5e54" testId="ff0afb58-77ae-4d9a-a5df-0d7b55cddfe9" testName="FormatToStringTest1000 (78822.37212685234,78822.37 zł)" computerName="DESKTOP-5URQ9PB" duration="00:00:00.0000064" startTime="2022-06-13T21:12:10.1066200+02:00" endTime="2022-06-13T21:12:10.1066887+02:00" testType="13cdc9d9-ddb5-4fa4-a97d-d965ccfc6d4b" outcome="Passed" testListId="8c84fa94-04c1-424b-9868-57a2d4851a1d" relativeResultsDirectory="10a22526-be5d-41a3-831c-6ee79fcd5e54" />
    <UnitTestResult executionId="dd54a5ae-d1da-4585-9e6c-1fdb0aaee631" testId="376c83b6-f76b-4597-9c1d-781cd2c877ce" testName="FormatToStringTest1000 (20643.69044446465,20643.69 zł)" computerName="DESKTOP-5URQ9PB" duration="00:00:00.0000069" startTime="2022-06-13T21:12:10.3498906+02:00" endTime="2022-06-13T21:12:10.3499548+02:00" testType="13cdc9d9-ddb5-4fa4-a97d-d965ccfc6d4b" outcome="Passed" testListId="8c84fa94-04c1-424b-9868-57a2d4851a1d" relativeResultsDirectory="dd54a5ae-d1da-4585-9e6c-1fdb0aaee631" />
    <UnitTestResult executionId="428569bb-0343-487f-81ef-ffcf0c12543f" testId="34104a21-4861-4108-b922-8e92a49fb603" testName="FormatToStringTest1000 (2339.5873176472205,2339.59 zł)" computerName="DESKTOP-5URQ9PB" duration="00:00:00.0000065" startTime="2022-06-13T21:12:10.2621900+02:00" endTime="2022-06-13T21:12:10.2622603+02:00" testType="13cdc9d9-ddb5-4fa4-a97d-d965ccfc6d4b" outcome="Passed" testListId="8c84fa94-04c1-424b-9868-57a2d4851a1d" relativeResultsDirectory="428569bb-0343-487f-81ef-ffcf0c12543f" />
    <UnitTestResult executionId="176db053-b5fc-432c-a0da-f958a5aa5879" testId="1cb6f984-7f82-4ba9-a1e3-e95709db9e37" testName="FormatToStringTest1000 (12429.698213906819,12429.70 zł)" computerName="DESKTOP-5URQ9PB" duration="00:00:00.0000063" startTime="2022-06-13T21:12:10.2382897+02:00" endTime="2022-06-13T21:12:10.2383574+02:00" testType="13cdc9d9-ddb5-4fa4-a97d-d965ccfc6d4b" outcome="Passed" testListId="8c84fa94-04c1-424b-9868-57a2d4851a1d" relativeResultsDirectory="176db053-b5fc-432c-a0da-f958a5aa5879" />
    <UnitTestResult executionId="8f0757df-e5eb-40c3-b938-a03fff69d92d" testId="0de78dcb-df8a-4467-811a-f304957f582e" testName="FormatToStringTest1000 (13046.352146307172,13046.35 zł)" computerName="DESKTOP-5URQ9PB" duration="00:00:00.0000062" startTime="2022-06-13T21:12:10.3963169+02:00" endTime="2022-06-13T21:12:10.3963800+02:00" testType="13cdc9d9-ddb5-4fa4-a97d-d965ccfc6d4b" outcome="Passed" testListId="8c84fa94-04c1-424b-9868-57a2d4851a1d" relativeResultsDirectory="8f0757df-e5eb-40c3-b938-a03fff69d92d" />
    <UnitTestResult executionId="8948d91c-232f-4092-bd9d-054a47a707c0" testId="ccfe60a1-8278-46be-a568-77e441af9c10" testName="FormatToStringTest1000 (5855.75080885354,5855.75 zł)" computerName="DESKTOP-5URQ9PB" duration="00:00:00.0000064" startTime="2022-06-13T21:12:10.3481151+02:00" endTime="2022-06-13T21:12:10.3481772+02:00" testType="13cdc9d9-ddb5-4fa4-a97d-d965ccfc6d4b" outcome="Passed" testListId="8c84fa94-04c1-424b-9868-57a2d4851a1d" relativeResultsDirectory="8948d91c-232f-4092-bd9d-054a47a707c0" />
    <UnitTestResult executionId="b29b096c-8a21-4229-bece-216b9bc8060d" testId="ccdd204a-9c71-47e3-8fc8-a875244625b3" testName="FormatToStringTest1000 (635.3263313632116,635.33 zł)" computerName="DESKTOP-5URQ9PB" duration="00:00:00.0000071" startTime="2022-06-13T21:12:10.4020871+02:00" endTime="2022-06-13T21:12:10.4021630+02:00" testType="13cdc9d9-ddb5-4fa4-a97d-d965ccfc6d4b" outcome="Passed" testListId="8c84fa94-04c1-424b-9868-57a2d4851a1d" relativeResultsDirectory="b29b096c-8a21-4229-bece-216b9bc8060d" />
    <UnitTestResult executionId="8ef8c9b4-660b-4104-a58d-71a48a577b6d" testId="7d5108c4-51ce-4cd7-9e3d-53d8b5de8b4c" testName="FormatToStringTest1000 (4094.6752323977066,4094.68 zł)" computerName="DESKTOP-5URQ9PB" duration="00:00:00.0000064" startTime="2022-06-13T21:12:10.4158718+02:00" endTime="2022-06-13T21:12:10.4159356+02:00" testType="13cdc9d9-ddb5-4fa4-a97d-d965ccfc6d4b" outcome="Passed" testListId="8c84fa94-04c1-424b-9868-57a2d4851a1d" relativeResultsDirectory="8ef8c9b4-660b-4104-a58d-71a48a577b6d" />
    <UnitTestResult executionId="19d85dd5-4fdd-4c7e-9f2d-26e765dc83f8" testId="a0bc2597-0fae-4b93-8106-6d02fdc7e168" testName="FormatToStringTest1000 (9603.199987620208,9603.20 zł)" computerName="DESKTOP-5URQ9PB" duration="00:00:00.0000063" startTime="2022-06-13T21:12:10.4097204+02:00" endTime="2022-06-13T21:12:10.4097839+02:00" testType="13cdc9d9-ddb5-4fa4-a97d-d965ccfc6d4b" outcome="Passed" testListId="8c84fa94-04c1-424b-9868-57a2d4851a1d" relativeResultsDirectory="19d85dd5-4fdd-4c7e-9f2d-26e765dc83f8" />
    <UnitTestResult executionId="4d13efd6-4f69-4423-9285-ffb49dd8f4a2" testId="9f9b6f9e-d03f-4290-a4a5-b437daaeede6" testName="FormatToStringTest1000 (36651.05802063414,36651.06 zł)" computerName="DESKTOP-5URQ9PB" duration="00:00:00.0000065" startTime="2022-06-13T21:12:10.1246359+02:00" endTime="2022-06-13T21:12:10.1247109+02:00" testType="13cdc9d9-ddb5-4fa4-a97d-d965ccfc6d4b" outcome="Passed" testListId="8c84fa94-04c1-424b-9868-57a2d4851a1d" relativeResultsDirectory="4d13efd6-4f69-4423-9285-ffb49dd8f4a2" />
    <UnitTestResult executionId="15098c74-5bca-44a8-9d0b-3aa6ac363687" testId="d8ee1fc6-4a2c-4707-85d2-ce50c07489fb" testName="FormatToStringTest1000 (25116.590135570892,25116.59 zł)" computerName="DESKTOP-5URQ9PB" duration="00:00:00.0000062" startTime="2022-06-13T21:12:10.2184979+02:00" endTime="2022-06-13T21:12:10.2185646+02:00" testType="13cdc9d9-ddb5-4fa4-a97d-d965ccfc6d4b" outcome="Passed" testListId="8c84fa94-04c1-424b-9868-57a2d4851a1d" relativeResultsDirectory="15098c74-5bca-44a8-9d0b-3aa6ac363687" />
    <UnitTestResult executionId="3667faf7-6bdf-4693-8764-8dab4811b420" testId="aba9ef76-b71b-4ac0-890b-b0823a74ebca" testName="FormatToStringTest1000 (10914.360814625099,10914.36 zł)" computerName="DESKTOP-5URQ9PB" duration="00:00:00.0000063" startTime="2022-06-13T21:12:10.0402982+02:00" endTime="2022-06-13T21:12:10.0403660+02:00" testType="13cdc9d9-ddb5-4fa4-a97d-d965ccfc6d4b" outcome="Passed" testListId="8c84fa94-04c1-424b-9868-57a2d4851a1d" relativeResultsDirectory="3667faf7-6bdf-4693-8764-8dab4811b420" />
    <UnitTestResult executionId="19e87647-a731-42a5-a906-0fff2153376f" testId="43637814-a272-4b3e-b2bc-ae0314db3ffc" testName="FormatToStringTest1000 (68507.83928906724,68507.84 zł)" computerName="DESKTOP-5URQ9PB" duration="00:00:00.0000069" startTime="2022-06-13T21:12:10.3828993+02:00" endTime="2022-06-13T21:12:10.3829642+02:00" testType="13cdc9d9-ddb5-4fa4-a97d-d965ccfc6d4b" outcome="Passed" testListId="8c84fa94-04c1-424b-9868-57a2d4851a1d" relativeResultsDirectory="19e87647-a731-42a5-a906-0fff2153376f" />
    <UnitTestResult executionId="d7ad44d0-6dc9-4a20-81ee-ef21aa79dd3f" testId="67bc2728-4b50-40bc-8b4e-038631109bc8" testName="FormatToStringTest1000 (11796.576829059317,11796.58 zł)" computerName="DESKTOP-5URQ9PB" duration="00:00:00.0000062" startTime="2022-06-13T21:12:10.3749512+02:00" endTime="2022-06-13T21:12:10.3750154+02:00" testType="13cdc9d9-ddb5-4fa4-a97d-d965ccfc6d4b" outcome="Passed" testListId="8c84fa94-04c1-424b-9868-57a2d4851a1d" relativeResultsDirectory="d7ad44d0-6dc9-4a20-81ee-ef21aa79dd3f" />
    <UnitTestResult executionId="e0c2001d-406b-4e4b-8f68-57c7fe0fffa2" testId="e8bf717e-aeec-408b-a29b-93175a0132d3" testName="FormatToStringTest1000 (4636.500544966897,4636.50 zł)" computerName="DESKTOP-5URQ9PB" duration="00:00:00.0000065" startTime="2022-06-13T21:12:10.3448461+02:00" endTime="2022-06-13T21:12:10.3449202+02:00" testType="13cdc9d9-ddb5-4fa4-a97d-d965ccfc6d4b" outcome="Passed" testListId="8c84fa94-04c1-424b-9868-57a2d4851a1d" relativeResultsDirectory="e0c2001d-406b-4e4b-8f68-57c7fe0fffa2" />
    <UnitTestResult executionId="0c8c9acf-d59b-402c-9f1d-5d390ada6796" testId="bc647d66-d8fe-4378-9753-88847de4cbfe" testName="FormatToStringTest1000 (54724.71040318008,54724.71 zł)" computerName="DESKTOP-5URQ9PB" duration="00:00:00.0000081" startTime="2022-06-13T21:12:10.1643423+02:00" endTime="2022-06-13T21:12:10.1644339+02:00" testType="13cdc9d9-ddb5-4fa4-a97d-d965ccfc6d4b" outcome="Passed" testListId="8c84fa94-04c1-424b-9868-57a2d4851a1d" relativeResultsDirectory="0c8c9acf-d59b-402c-9f1d-5d390ada6796" />
    <UnitTestResult executionId="10a9a6c4-9c49-4f8f-9c74-f7a46b45ddfb" testId="d90ca741-db87-48db-a9a8-008475bf01ae" testName="FormatToStringTest1000 (16416.109736457518,16416.11 zł)" computerName="DESKTOP-5URQ9PB" duration="00:00:00.0000067" startTime="2022-06-13T21:12:10.3045518+02:00" endTime="2022-06-13T21:12:10.3046320+02:00" testType="13cdc9d9-ddb5-4fa4-a97d-d965ccfc6d4b" outcome="Passed" testListId="8c84fa94-04c1-424b-9868-57a2d4851a1d" relativeResultsDirectory="10a9a6c4-9c49-4f8f-9c74-f7a46b45ddfb" />
    <UnitTestResult executionId="d3d7430d-cc8c-4915-b4b6-5efa3d6f0c74" testId="30b7cbeb-30ed-42b1-8c98-b4df4a9b9a11" testName="FormatToStringTest1000 (7458.609645228652,7458.61 zł)" computerName="DESKTOP-5URQ9PB" duration="00:00:00.0000066" startTime="2022-06-13T21:12:10.1026026+02:00" endTime="2022-06-13T21:12:10.1026805+02:00" testType="13cdc9d9-ddb5-4fa4-a97d-d965ccfc6d4b" outcome="Passed" testListId="8c84fa94-04c1-424b-9868-57a2d4851a1d" relativeResultsDirectory="d3d7430d-cc8c-4915-b4b6-5efa3d6f0c74" />
    <UnitTestResult executionId="a67d5334-decf-430a-823e-211bc24339fa" testId="708e0962-16ab-4218-8e16-1eafc9ce2819" testName="FormatToStringTest1000 (38803.03958246253,38803.04 zł)" computerName="DESKTOP-5URQ9PB" duration="00:00:00.0000065" startTime="2022-06-13T21:12:10.1720001+02:00" endTime="2022-06-13T21:12:10.1720702+02:00" testType="13cdc9d9-ddb5-4fa4-a97d-d965ccfc6d4b" outcome="Passed" testListId="8c84fa94-04c1-424b-9868-57a2d4851a1d" relativeResultsDirectory="a67d5334-decf-430a-823e-211bc24339fa" />
    <UnitTestResult executionId="20586130-07d1-472e-8851-8e650985ae29" testId="edf79a10-0e3e-4afb-bbcc-f601e042a42d" testName="FormatToStringTest1000 (4411.456718280659,4411.46 zł)" computerName="DESKTOP-5URQ9PB" duration="00:00:00.0000062" startTime="2022-06-13T21:12:10.3180568+02:00" endTime="2022-06-13T21:12:10.3181222+02:00" testType="13cdc9d9-ddb5-4fa4-a97d-d965ccfc6d4b" outcome="Passed" testListId="8c84fa94-04c1-424b-9868-57a2d4851a1d" relativeResultsDirectory="20586130-07d1-472e-8851-8e650985ae29" />
    <UnitTestResult executionId="744016e6-f4dd-45bd-9377-24b794a9117b" testId="cb246839-9057-4b9d-aa02-1a255f20d51e" testName="FormatToStringTest1000 (57181.240528605056,57181.24 zł)" computerName="DESKTOP-5URQ9PB" duration="00:00:00.0000062" startTime="2022-06-13T21:12:10.2057840+02:00" endTime="2022-06-13T21:12:10.2058520+02:00" testType="13cdc9d9-ddb5-4fa4-a97d-d965ccfc6d4b" outcome="Passed" testListId="8c84fa94-04c1-424b-9868-57a2d4851a1d" relativeResultsDirectory="744016e6-f4dd-45bd-9377-24b794a9117b" />
    <UnitTestResult executionId="0e9b3e41-e186-459b-acce-387367ea427f" testId="7eb50c8b-3717-4cc3-81ae-5fbbf49a911a" testName="FormatToStringTest1000 (7050.437505805137,7050.44 zł)" computerName="DESKTOP-5URQ9PB" duration="00:00:00.0000063" startTime="2022-06-13T21:12:10.1459658+02:00" endTime="2022-06-13T21:12:10.1460327+02:00" testType="13cdc9d9-ddb5-4fa4-a97d-d965ccfc6d4b" outcome="Passed" testListId="8c84fa94-04c1-424b-9868-57a2d4851a1d" relativeResultsDirectory="0e9b3e41-e186-459b-acce-387367ea427f" />
    <UnitTestResult executionId="9e5c05ff-b1f9-4c12-8645-64d307f36553" testId="fc49baf0-c259-47eb-85e3-afcd67e2472a" testName="FormatToStringTest1000 (23980.12943509646,23980.13 zł)" computerName="DESKTOP-5URQ9PB" duration="00:00:00.0000062" startTime="2022-06-13T21:12:10.1422407+02:00" endTime="2022-06-13T21:12:10.1423078+02:00" testType="13cdc9d9-ddb5-4fa4-a97d-d965ccfc6d4b" outcome="Passed" testListId="8c84fa94-04c1-424b-9868-57a2d4851a1d" relativeResultsDirectory="9e5c05ff-b1f9-4c12-8645-64d307f36553" />
    <UnitTestResult executionId="7000bb7f-e98b-49c8-86c8-5d2d35e49317" testId="86eebf9b-fcd5-4fb4-9a7d-176c9a065ab5" testName="FormatToStringTest1000 (19609.759296997803,19609.76 zł)" computerName="DESKTOP-5URQ9PB" duration="00:00:00.0000063" startTime="2022-06-13T21:12:10.2445997+02:00" endTime="2022-06-13T21:12:10.2446677+02:00" testType="13cdc9d9-ddb5-4fa4-a97d-d965ccfc6d4b" outcome="Passed" testListId="8c84fa94-04c1-424b-9868-57a2d4851a1d" relativeResultsDirectory="7000bb7f-e98b-49c8-86c8-5d2d35e49317" />
    <UnitTestResult executionId="bacb4375-ee4a-4e0a-ac8b-b8b79dc4ab28" testId="39bd28af-632d-4aa1-b8fc-ff8da68299c4" testName="FormatToStringTest1000 (21893.78889296939,21893.79 zł)" computerName="DESKTOP-5URQ9PB" duration="00:00:00.0000111" startTime="2022-06-13T21:12:10.3985470+02:00" endTime="2022-06-13T21:12:10.3986160+02:00" testType="13cdc9d9-ddb5-4fa4-a97d-d965ccfc6d4b" outcome="Passed" testListId="8c84fa94-04c1-424b-9868-57a2d4851a1d" relativeResultsDirectory="bacb4375-ee4a-4e0a-ac8b-b8b79dc4ab28" />
    <UnitTestResult executionId="2cb8e70f-5616-4d71-9529-8852835bbc38" testId="44d3f848-4a3b-4ac7-aee9-8635a9bfb317" testName="FormatToStringTest1000 (29975.4018974022,29975.40 zł)" computerName="DESKTOP-5URQ9PB" duration="00:00:00.0000064" startTime="2022-06-13T21:12:10.3623371+02:00" endTime="2022-06-13T21:12:10.3623988+02:00" testType="13cdc9d9-ddb5-4fa4-a97d-d965ccfc6d4b" outcome="Passed" testListId="8c84fa94-04c1-424b-9868-57a2d4851a1d" relativeResultsDirectory="2cb8e70f-5616-4d71-9529-8852835bbc38" />
    <UnitTestResult executionId="b3cbd839-8599-409a-b47b-0b1d23782a22" testId="ab4bc92a-e573-47b8-93dc-014cb8122ab9" testName="FormatToStringTest1000 (6102.4120417453405,6102.41 zł)" computerName="DESKTOP-5URQ9PB" duration="00:00:00.0000063" startTime="2022-06-13T21:12:10.4057255+02:00" endTime="2022-06-13T21:12:10.4057901+02:00" testType="13cdc9d9-ddb5-4fa4-a97d-d965ccfc6d4b" outcome="Passed" testListId="8c84fa94-04c1-424b-9868-57a2d4851a1d" relativeResultsDirectory="b3cbd839-8599-409a-b47b-0b1d23782a22" />
    <UnitTestResult executionId="260cd6f9-7c2f-4a77-94f4-f4c2108c0e86" testId="c09c494a-adf6-48d9-84d4-f62182d60fe2" testName="FormatToStringTest1000 (1549.6599114973376,1549.66 zł)" computerName="DESKTOP-5URQ9PB" duration="00:00:00.0000063" startTime="2022-06-13T21:12:10.4075046+02:00" endTime="2022-06-13T21:12:10.4075683+02:00" testType="13cdc9d9-ddb5-4fa4-a97d-d965ccfc6d4b" outcome="Passed" testListId="8c84fa94-04c1-424b-9868-57a2d4851a1d" relativeResultsDirectory="260cd6f9-7c2f-4a77-94f4-f4c2108c0e86" />
    <UnitTestResult executionId="a86a71b1-a05b-4aba-8b4a-1265741a13e5" testId="d76e7316-e159-48e5-8595-484732822401" testName="FormatToStringTest1000 (18424.864078561244,18424.86 zł)" computerName="DESKTOP-5URQ9PB" duration="00:00:00.0000062" startTime="2022-06-13T21:12:10.1882295+02:00" endTime="2022-06-13T21:12:10.1883053+02:00" testType="13cdc9d9-ddb5-4fa4-a97d-d965ccfc6d4b" outcome="Passed" testListId="8c84fa94-04c1-424b-9868-57a2d4851a1d" relativeResultsDirectory="a86a71b1-a05b-4aba-8b4a-1265741a13e5" />
    <UnitTestResult executionId="a24645a4-512c-474f-baf1-dbfed62b5098" testId="bb1932a7-b27c-439b-a776-3e6eaa0fab1e" testName="FormatToStringTest1000 (4715.320654313695,4715.32 zł)" computerName="DESKTOP-5URQ9PB" duration="00:00:00.0000061" startTime="2022-06-13T21:12:10.3138960+02:00" endTime="2022-06-13T21:12:10.3139626+02:00" testType="13cdc9d9-ddb5-4fa4-a97d-d965ccfc6d4b" outcome="Passed" testListId="8c84fa94-04c1-424b-9868-57a2d4851a1d" relativeResultsDirectory="a24645a4-512c-474f-baf1-dbfed62b5098" />
    <UnitTestResult executionId="f9f5c965-fbdf-4ef7-9078-e94c42e13b76" testId="8b983e09-7e4b-4830-afd3-c131f9cb7905" testName="FormatToStringTest1000 (16282.687804925576,16282.69 zł)" computerName="DESKTOP-5URQ9PB" duration="00:00:00.0000063" startTime="2022-06-13T21:12:10.1457096+02:00" endTime="2022-06-13T21:12:10.1457774+02:00" testType="13cdc9d9-ddb5-4fa4-a97d-d965ccfc6d4b" outcome="Passed" testListId="8c84fa94-04c1-424b-9868-57a2d4851a1d" relativeResultsDirectory="f9f5c965-fbdf-4ef7-9078-e94c42e13b76" />
    <UnitTestResult executionId="dd40fea8-beec-4daa-8d78-e66a2d341952" testId="2129c86e-3d0d-49d7-b8fc-4c2f60592171" testName="FormatToStringTest1000 (20249.56614074277,20249.57 zł)" computerName="DESKTOP-5URQ9PB" duration="00:00:00.0000063" startTime="2022-06-13T21:12:10.1420669+02:00" endTime="2022-06-13T21:12:10.1421368+02:00" testType="13cdc9d9-ddb5-4fa4-a97d-d965ccfc6d4b" outcome="Passed" testListId="8c84fa94-04c1-424b-9868-57a2d4851a1d" relativeResultsDirectory="dd40fea8-beec-4daa-8d78-e66a2d341952" />
    <UnitTestResult executionId="31419136-bf28-4dfd-b652-b8a7c115bbf2" testId="d41c1fdd-68a9-4cf7-b764-f6e3c0fba429" testName="FormatToStringTest1000 (22799.991836491965,22799.99 zł)" computerName="DESKTOP-5URQ9PB" duration="00:00:00.0000060" startTime="2022-06-13T21:12:10.2388856+02:00" endTime="2022-06-13T21:12:10.2389518+02:00" testType="13cdc9d9-ddb5-4fa4-a97d-d965ccfc6d4b" outcome="Passed" testListId="8c84fa94-04c1-424b-9868-57a2d4851a1d" relativeResultsDirectory="31419136-bf28-4dfd-b652-b8a7c115bbf2" />
    <UnitTestResult executionId="4f8ba54e-518e-4ede-9c9a-01165f547e06" testId="fa3e48df-8677-48ec-854b-c2f54abcbb21" testName="FormatToStringTest1000 (79388.929555234,79388.93 zł)" computerName="DESKTOP-5URQ9PB" duration="00:00:00.0000064" startTime="2022-06-13T21:12:10.3713054+02:00" endTime="2022-06-13T21:12:10.3713674+02:00" testType="13cdc9d9-ddb5-4fa4-a97d-d965ccfc6d4b" outcome="Passed" testListId="8c84fa94-04c1-424b-9868-57a2d4851a1d" relativeResultsDirectory="4f8ba54e-518e-4ede-9c9a-01165f547e06" />
    <UnitTestResult executionId="01085fb3-2e2c-4e34-9f3d-be4be8de7308" testId="6bf77e5c-e110-4c5c-b13a-9081e8604c68" testName="FormatToStringTest1000 (9196.579612724754,9196.58 zł)" computerName="DESKTOP-5URQ9PB" duration="00:00:00.0000063" startTime="2022-06-13T21:12:10.3046499+02:00" endTime="2022-06-13T21:12:10.3047186+02:00" testType="13cdc9d9-ddb5-4fa4-a97d-d965ccfc6d4b" outcome="Passed" testListId="8c84fa94-04c1-424b-9868-57a2d4851a1d" relativeResultsDirectory="01085fb3-2e2c-4e34-9f3d-be4be8de7308" />
    <UnitTestResult executionId="a77c1d28-ac70-474c-bf81-91247537b514" testId="f34f1018-6f0a-45a2-b66c-65da8af07fab" testName="FormatToStringTest1000 (8514.837538072763,8514.84 zł)" computerName="DESKTOP-5URQ9PB" duration="00:00:00.0000061" startTime="2022-06-13T21:12:10.4096391+02:00" endTime="2022-06-13T21:12:10.4097030+02:00" testType="13cdc9d9-ddb5-4fa4-a97d-d965ccfc6d4b" outcome="Passed" testListId="8c84fa94-04c1-424b-9868-57a2d4851a1d" relativeResultsDirectory="a77c1d28-ac70-474c-bf81-91247537b514" />
    <UnitTestResult executionId="cb3e0eff-9934-4706-8949-cf3b817eb182" testId="762a6fe3-1d8a-49f0-bd13-9ab37d45a60d" testName="FormatToStringTest1000 (7191.024921368353,7191.02 zł)" computerName="DESKTOP-5URQ9PB" duration="00:00:00.0000068" startTime="2022-06-13T21:12:10.3514554+02:00" endTime="2022-06-13T21:12:10.3515308+02:00" testType="13cdc9d9-ddb5-4fa4-a97d-d965ccfc6d4b" outcome="Passed" testListId="8c84fa94-04c1-424b-9868-57a2d4851a1d" relativeResultsDirectory="cb3e0eff-9934-4706-8949-cf3b817eb182" />
    <UnitTestResult executionId="f9108214-242c-4b03-85c1-7c4aced2b59d" testId="1e3ac074-659e-48c8-9208-f54e18783e8f" testName="FormatToStringTest1000 (96.75594581512546,96.76 zł)" computerName="DESKTOP-5URQ9PB" duration="00:00:00.0000064" startTime="2022-06-13T21:12:10.1061565+02:00" endTime="2022-06-13T21:12:10.1062263+02:00" testType="13cdc9d9-ddb5-4fa4-a97d-d965ccfc6d4b" outcome="Passed" testListId="8c84fa94-04c1-424b-9868-57a2d4851a1d" relativeResultsDirectory="f9108214-242c-4b03-85c1-7c4aced2b59d" />
    <UnitTestResult executionId="b9c55515-20ff-44b9-bf92-7a4b6a1b7730" testId="81e76edd-d762-474c-aa80-7961f30bcae1" testName="FormatToStringTest1000 (38961.459057294516,38961.46 zł)" computerName="DESKTOP-5URQ9PB" duration="00:00:00.0000064" startTime="2022-06-13T21:12:10.2321323+02:00" endTime="2022-06-13T21:12:10.2322007+02:00" testType="13cdc9d9-ddb5-4fa4-a97d-d965ccfc6d4b" outcome="Passed" testListId="8c84fa94-04c1-424b-9868-57a2d4851a1d" relativeResultsDirectory="b9c55515-20ff-44b9-bf92-7a4b6a1b7730" />
    <UnitTestResult executionId="f548f8f5-9823-4c87-b652-688522e15b7f" testId="af48fa5e-5ff6-4fa5-8808-9946dee8a95f" testName="FormatToStringTest1000 (19189.32381924117,19189.32 zł)" computerName="DESKTOP-5URQ9PB" duration="00:00:00.0000075" startTime="2022-06-13T21:12:10.1812165+02:00" endTime="2022-06-13T21:12:10.1813073+02:00" testType="13cdc9d9-ddb5-4fa4-a97d-d965ccfc6d4b" outcome="Passed" testListId="8c84fa94-04c1-424b-9868-57a2d4851a1d" relativeResultsDirectory="f548f8f5-9823-4c87-b652-688522e15b7f" />
    <UnitTestResult executionId="98612404-271f-4ab6-8d5a-9dd3779ee0f5" testId="c3a5350c-3745-4af5-9020-97fe4e9ca1b0" testName="FormatToStringTest1000 (13453.429998117233,13453.43 zł)" computerName="DESKTOP-5URQ9PB" duration="00:00:00.0000064" startTime="2022-06-13T21:12:10.3446672+02:00" endTime="2022-06-13T21:12:10.3447393+02:00" testType="13cdc9d9-ddb5-4fa4-a97d-d965ccfc6d4b" outcome="Passed" testListId="8c84fa94-04c1-424b-9868-57a2d4851a1d" relativeResultsDirectory="98612404-271f-4ab6-8d5a-9dd3779ee0f5" />
    <UnitTestResult executionId="b703352f-b68c-43be-b034-97c01d2a5678" testId="462441ae-e542-403c-8f54-6d4cec94c21e" testName="FormatToStringTest1000 (47025.6224095177,47025.62 zł)" computerName="DESKTOP-5URQ9PB" duration="00:00:00.0000064" startTime="2022-06-13T21:12:10.1818442+02:00" endTime="2022-06-13T21:12:10.1819094+02:00" testType="13cdc9d9-ddb5-4fa4-a97d-d965ccfc6d4b" outcome="Passed" testListId="8c84fa94-04c1-424b-9868-57a2d4851a1d" relativeResultsDirectory="b703352f-b68c-43be-b034-97c01d2a5678" />
    <UnitTestResult executionId="1eab9fd0-e242-42d7-a831-cc2407f6c7d6" testId="35ec076d-bc4d-439c-884c-2b7e114f56d7" testName="FormatToStringTest1000 (17845.255864087147,17845.26 zł)" computerName="DESKTOP-5URQ9PB" duration="00:00:00.0000062" startTime="2022-06-13T21:12:10.1583389+02:00" endTime="2022-06-13T21:12:10.1584074+02:00" testType="13cdc9d9-ddb5-4fa4-a97d-d965ccfc6d4b" outcome="Passed" testListId="8c84fa94-04c1-424b-9868-57a2d4851a1d" relativeResultsDirectory="1eab9fd0-e242-42d7-a831-cc2407f6c7d6" />
    <UnitTestResult executionId="4a723045-0448-4bc1-ac43-b30d6daa6e5a" testId="e5acd03b-0f9c-43ec-8d95-0c1164008288" testName="FormatToStringTest1000 (42383.08993972982,42383.09 zł)" computerName="DESKTOP-5URQ9PB" duration="00:00:00.0000069" startTime="2022-06-13T21:12:10.3068377+02:00" endTime="2022-06-13T21:12:10.3069043+02:00" testType="13cdc9d9-ddb5-4fa4-a97d-d965ccfc6d4b" outcome="Passed" testListId="8c84fa94-04c1-424b-9868-57a2d4851a1d" relativeResultsDirectory="4a723045-0448-4bc1-ac43-b30d6daa6e5a" />
    <UnitTestResult executionId="2cb56b4b-06b8-400d-b113-6d536779d734" testId="7f17a59e-712e-489f-931c-46e551ee5820" testName="FormatToStringTest1000 (49672.98901987402,49672.99 zł)" computerName="DESKTOP-5URQ9PB" duration="00:00:00.0000062" startTime="2022-06-13T21:12:10.2415607+02:00" endTime="2022-06-13T21:12:10.2416332+02:00" testType="13cdc9d9-ddb5-4fa4-a97d-d965ccfc6d4b" outcome="Passed" testListId="8c84fa94-04c1-424b-9868-57a2d4851a1d" relativeResultsDirectory="2cb56b4b-06b8-400d-b113-6d536779d734" />
    <UnitTestResult executionId="35f87a30-5b05-48a1-8058-0d2566317e3c" testId="fb1f664b-9c1d-40fd-87aa-587efa8f26fd" testName="FormatToStringTest1000 (1181.5773122979222,1181.58 zł)" computerName="DESKTOP-5URQ9PB" duration="00:00:00.0000070" startTime="2022-06-13T21:12:10.2544529+02:00" endTime="2022-06-13T21:12:10.2545205+02:00" testType="13cdc9d9-ddb5-4fa4-a97d-d965ccfc6d4b" outcome="Passed" testListId="8c84fa94-04c1-424b-9868-57a2d4851a1d" relativeResultsDirectory="35f87a30-5b05-48a1-8058-0d2566317e3c" />
    <UnitTestResult executionId="a3326930-f26e-43c3-a62d-429d3ca91dd6" testId="cde1f95d-a49e-4c3e-b0df-ead2feb0d079" testName="FormatToStringTest1000 (6105.007054037418,6105.01 zł)" computerName="DESKTOP-5URQ9PB" duration="00:00:00.0000091" startTime="2022-06-13T21:12:10.3266060+02:00" endTime="2022-06-13T21:12:10.3267059+02:00" testType="13cdc9d9-ddb5-4fa4-a97d-d965ccfc6d4b" outcome="Passed" testListId="8c84fa94-04c1-424b-9868-57a2d4851a1d" relativeResultsDirectory="a3326930-f26e-43c3-a62d-429d3ca91dd6" />
    <UnitTestResult executionId="83438b0d-3e62-46e7-b8af-5106dd5ec774" testId="0617d88f-7241-4975-9fba-15292673d9bd" testName="FormatToStringTest1000 (11989.099505855282,11989.10 zł)" computerName="DESKTOP-5URQ9PB" duration="00:00:00.0000063" startTime="2022-06-13T21:12:10.4114484+02:00" endTime="2022-06-13T21:12:10.4115123+02:00" testType="13cdc9d9-ddb5-4fa4-a97d-d965ccfc6d4b" outcome="Passed" testListId="8c84fa94-04c1-424b-9868-57a2d4851a1d" relativeResultsDirectory="83438b0d-3e62-46e7-b8af-5106dd5ec774" />
    <UnitTestResult executionId="b81b5767-5267-4c56-bb0e-a3a95dd160f5" testId="aa58cfc9-1539-4646-8cbe-ad9b1ad2bb30" testName="FormatToStringTest1000 (33206.73122987837,33206.73 zł)" computerName="DESKTOP-5URQ9PB" duration="00:00:00.0000068" startTime="2022-06-13T21:12:10.1064304+02:00" endTime="2022-06-13T21:12:10.1065091+02:00" testType="13cdc9d9-ddb5-4fa4-a97d-d965ccfc6d4b" outcome="Passed" testListId="8c84fa94-04c1-424b-9868-57a2d4851a1d" relativeResultsDirectory="b81b5767-5267-4c56-bb0e-a3a95dd160f5" />
    <UnitTestResult executionId="7f2c5d0c-3e8c-492a-8c6a-b2ba03c437fa" testId="defd4230-92b6-4a0b-93e6-d6921a447206" testName="FormatToStringTest1000 (21281.64584727662,21281.65 zł)" computerName="DESKTOP-5URQ9PB" duration="00:00:00.0000070" startTime="2022-06-13T21:12:10.1749876+02:00" endTime="2022-06-13T21:12:10.1750671+02:00" testType="13cdc9d9-ddb5-4fa4-a97d-d965ccfc6d4b" outcome="Passed" testListId="8c84fa94-04c1-424b-9868-57a2d4851a1d" relativeResultsDirectory="7f2c5d0c-3e8c-492a-8c6a-b2ba03c437fa" />
    <UnitTestResult executionId="b3d08fe3-d320-48e2-9c34-c1c18c2a3382" testId="b53b249e-601b-4884-8bcf-345b66a1d852" testName="FormatToStringTest1000 (27942.393876474067,27942.39 zł)" computerName="DESKTOP-5URQ9PB" duration="00:00:00.0000063" startTime="2022-06-13T21:12:10.3160924+02:00" endTime="2022-06-13T21:12:10.3161582+02:00" testType="13cdc9d9-ddb5-4fa4-a97d-d965ccfc6d4b" outcome="Passed" testListId="8c84fa94-04c1-424b-9868-57a2d4851a1d" relativeResultsDirectory="b3d08fe3-d320-48e2-9c34-c1c18c2a3382" />
    <UnitTestResult executionId="7008eedb-6cc4-4dd1-b6ae-a5d186294dfc" testId="3d1f9b57-bfa4-4f98-9a4e-93b7a52da27e" testName="FormatToStringTest1000 (5566.818038455592,5566.82 zł)" computerName="DESKTOP-5URQ9PB" duration="00:00:00.0000067" startTime="2022-06-13T21:12:10.3495537+02:00" endTime="2022-06-13T21:12:10.3496299+02:00" testType="13cdc9d9-ddb5-4fa4-a97d-d965ccfc6d4b" outcome="Passed" testListId="8c84fa94-04c1-424b-9868-57a2d4851a1d" relativeResultsDirectory="7008eedb-6cc4-4dd1-b6ae-a5d186294dfc" />
    <UnitTestResult executionId="34504dea-479c-4122-a222-e6c171eb9790" testId="ef1b2428-85a4-4116-bbdc-5b345bf47aab" testName="FormatToStringTest1000 (2409.393997763001,2409.39 zł)" computerName="DESKTOP-5URQ9PB" duration="00:00:00.0000063" startTime="2022-06-13T21:12:10.1388449+02:00" endTime="2022-06-13T21:12:10.1389132+02:00" testType="13cdc9d9-ddb5-4fa4-a97d-d965ccfc6d4b" outcome="Passed" testListId="8c84fa94-04c1-424b-9868-57a2d4851a1d" relativeResultsDirectory="34504dea-479c-4122-a222-e6c171eb9790" />
    <UnitTestResult executionId="a42680e9-653d-46ee-9830-6a223ae67ae7" testId="34e54e00-4357-45ee-a9e9-ac8a563fedd1" testName="FormatToStringTest1000 (4812.162927013898,4812.16 zł)" computerName="DESKTOP-5URQ9PB" duration="00:00:00.0000064" startTime="2022-06-13T21:12:10.1946021+02:00" endTime="2022-06-13T21:12:10.1946791+02:00" testType="13cdc9d9-ddb5-4fa4-a97d-d965ccfc6d4b" outcome="Passed" testListId="8c84fa94-04c1-424b-9868-57a2d4851a1d" relativeResultsDirectory="a42680e9-653d-46ee-9830-6a223ae67ae7" />
    <UnitTestResult executionId="c74be53e-f9bb-41b2-a73a-7ec2846c1a58" testId="6a9d1b61-0a66-4dc4-a95f-fb28a41697c0" testName="FormatToStringTest1000 (47575.6421269959,47575.64 zł)" computerName="DESKTOP-5URQ9PB" duration="00:00:00.0000063" startTime="2022-06-13T21:12:10.3382661+02:00" endTime="2022-06-13T21:12:10.3383278+02:00" testType="13cdc9d9-ddb5-4fa4-a97d-d965ccfc6d4b" outcome="Passed" testListId="8c84fa94-04c1-424b-9868-57a2d4851a1d" relativeResultsDirectory="c74be53e-f9bb-41b2-a73a-7ec2846c1a58" />
    <UnitTestResult executionId="f340c8c2-641e-406b-986c-ed33fea8dd15" testId="1f8fa388-2420-44a1-8b86-857ef92afb3f" testName="FormatToStringTest1000 (6654.099431086378,6654.10 zł)" computerName="DESKTOP-5URQ9PB" duration="00:00:00.0000061" startTime="2022-06-13T21:12:10.2187534+02:00" endTime="2022-06-13T21:12:10.2188202+02:00" testType="13cdc9d9-ddb5-4fa4-a97d-d965ccfc6d4b" outcome="Passed" testListId="8c84fa94-04c1-424b-9868-57a2d4851a1d" relativeResultsDirectory="f340c8c2-641e-406b-986c-ed33fea8dd15" />
    <UnitTestResult executionId="54fccc40-3019-495e-88fa-d20e72cff977" testId="664709d8-fe35-4267-b755-7e9a454b91c7" testName="FormatToStringTest1000 (34458.5406463512,34458.54 zł)" computerName="DESKTOP-5URQ9PB" duration="00:00:00.0000064" startTime="2022-06-13T21:12:10.3134592+02:00" endTime="2022-06-13T21:12:10.3135268+02:00" testType="13cdc9d9-ddb5-4fa4-a97d-d965ccfc6d4b" outcome="Passed" testListId="8c84fa94-04c1-424b-9868-57a2d4851a1d" relativeResultsDirectory="54fccc40-3019-495e-88fa-d20e72cff977" />
    <UnitTestResult executionId="7571e6c7-0d27-4b07-a8d7-0533b071d030" testId="e858fc4c-aed4-4f9a-85b9-6cb7b8338f05" testName="FormatToStringTest1000 (6027.66019266828,6027.66 zł)" computerName="DESKTOP-5URQ9PB" duration="00:00:00.0000063" startTime="2022-06-13T21:12:10.3770221+02:00" endTime="2022-06-13T21:12:10.3770842+02:00" testType="13cdc9d9-ddb5-4fa4-a97d-d965ccfc6d4b" outcome="Passed" testListId="8c84fa94-04c1-424b-9868-57a2d4851a1d" relativeResultsDirectory="7571e6c7-0d27-4b07-a8d7-0533b071d030" />
    <UnitTestResult executionId="043dffb4-4ae6-4144-b10b-692f8c28c722" testId="14599b1b-c7ea-41f0-a0aa-5f16abc6ca18" testName="FormatToStringTest1000 (9558.453124931293,9558.45 zł)" computerName="DESKTOP-5URQ9PB" duration="00:00:00.0000062" startTime="2022-06-13T21:12:10.1850070+02:00" endTime="2022-06-13T21:12:10.1850738+02:00" testType="13cdc9d9-ddb5-4fa4-a97d-d965ccfc6d4b" outcome="Passed" testListId="8c84fa94-04c1-424b-9868-57a2d4851a1d" relativeResultsDirectory="043dffb4-4ae6-4144-b10b-692f8c28c722" />
    <UnitTestResult executionId="8b88365d-e585-4c0a-bab4-f4eed784a8ea" testId="5dbd76b3-f1b3-4b7d-bebb-4a80065b1316" testName="FormatToStringTest1000 (68698.01923441609,68698.02 zł)" computerName="DESKTOP-5URQ9PB" duration="00:00:00.0000063" startTime="2022-06-13T21:12:10.4007356+02:00" endTime="2022-06-13T21:12:10.4007996+02:00" testType="13cdc9d9-ddb5-4fa4-a97d-d965ccfc6d4b" outcome="Passed" testListId="8c84fa94-04c1-424b-9868-57a2d4851a1d" relativeResultsDirectory="8b88365d-e585-4c0a-bab4-f4eed784a8ea" />
    <UnitTestResult executionId="defec38c-3124-45d7-97fa-92d7de03131a" testId="38747f57-cf42-4004-a53b-a6d95f8162d0" testName="FormatToStringTest1000 (96261.84883437205,96261.85 zł)" computerName="DESKTOP-5URQ9PB" duration="00:00:00.0000067" startTime="2022-06-13T21:12:10.3922555+02:00" endTime="2022-06-13T21:12:10.3923197+02:00" testType="13cdc9d9-ddb5-4fa4-a97d-d965ccfc6d4b" outcome="Passed" testListId="8c84fa94-04c1-424b-9868-57a2d4851a1d" relativeResultsDirectory="defec38c-3124-45d7-97fa-92d7de03131a" />
    <UnitTestResult executionId="782b3954-22fe-45ea-b61a-fe653eb7195c" testId="6a11e3e3-68aa-42b0-927a-7452ac560083" testName="FormatToStringTest1000 (16825.83099003268,16825.83 zł)" computerName="DESKTOP-5URQ9PB" duration="00:00:00.0000064" startTime="2022-06-13T21:12:10.3425751+02:00" endTime="2022-06-13T21:12:10.3426511+02:00" testType="13cdc9d9-ddb5-4fa4-a97d-d965ccfc6d4b" outcome="Passed" testListId="8c84fa94-04c1-424b-9868-57a2d4851a1d" relativeResultsDirectory="782b3954-22fe-45ea-b61a-fe653eb7195c" />
    <UnitTestResult executionId="f48b40e1-1d8d-4ee9-bf60-15b8b3a8a038" testId="17813eab-8a34-4b48-93eb-71fd9c9df166" testName="FormatToStringTest1000 (47630.39193684067,47630.39 zł)" computerName="DESKTOP-5URQ9PB" duration="00:00:00.0000063" startTime="2022-06-13T21:12:10.1354549+02:00" endTime="2022-06-13T21:12:10.1355240+02:00" testType="13cdc9d9-ddb5-4fa4-a97d-d965ccfc6d4b" outcome="Passed" testListId="8c84fa94-04c1-424b-9868-57a2d4851a1d" relativeResultsDirectory="f48b40e1-1d8d-4ee9-bf60-15b8b3a8a038" />
    <UnitTestResult executionId="f9f33dc8-1c3d-43c2-9c5b-b8ec99af0567" testId="dc47f15c-fb88-4a23-a43e-ea98eaa3ce4d" testName="FormatToStringTest1000 (18786.954468002055,18786.95 zł)" computerName="DESKTOP-5URQ9PB" duration="00:00:00.0000280" startTime="2022-06-13T21:12:10.2914742+02:00" endTime="2022-06-13T21:12:10.2917948+02:00" testType="13cdc9d9-ddb5-4fa4-a97d-d965ccfc6d4b" outcome="Passed" testListId="8c84fa94-04c1-424b-9868-57a2d4851a1d" relativeResultsDirectory="f9f33dc8-1c3d-43c2-9c5b-b8ec99af0567" />
    <UnitTestResult executionId="e507d1e8-d83b-41da-b55e-456190a756c9" testId="f58d2be6-6740-4a14-a6b8-775868778e8d" testName="FormatToStringTest1000 (1108.7197928823157,1108.72 zł)" computerName="DESKTOP-5URQ9PB" duration="00:00:00.0000079" startTime="2022-06-13T21:12:10.0981839+02:00" endTime="2022-06-13T21:12:10.0982761+02:00" testType="13cdc9d9-ddb5-4fa4-a97d-d965ccfc6d4b" outcome="Passed" testListId="8c84fa94-04c1-424b-9868-57a2d4851a1d" relativeResultsDirectory="e507d1e8-d83b-41da-b55e-456190a756c9" />
    <UnitTestResult executionId="5d66e391-9e7a-4b41-9b5f-52ef60d40e38" testId="a0152cbf-f2b4-4a6e-a0b3-f645132f1c3b" testName="FormatToStringTest1000 (42728.35751444258,42728.36 zł)" computerName="DESKTOP-5URQ9PB" duration="00:00:00.0000064" startTime="2022-06-13T21:12:10.3731089+02:00" endTime="2022-06-13T21:12:10.3731733+02:00" testType="13cdc9d9-ddb5-4fa4-a97d-d965ccfc6d4b" outcome="Passed" testListId="8c84fa94-04c1-424b-9868-57a2d4851a1d" relativeResultsDirectory="5d66e391-9e7a-4b41-9b5f-52ef60d40e38" />
    <UnitTestResult executionId="0ff5c2b3-3427-481f-996e-3acec1115344" testId="1623f742-d072-45d6-b807-d1ad5872b6d2" testName="FormatToStringTest1000 (54304.07738935393,54304.08 zł)" computerName="DESKTOP-5URQ9PB" duration="00:00:00.0000063" startTime="2022-06-13T21:12:10.4117808+02:00" endTime="2022-06-13T21:12:10.4118454+02:00" testType="13cdc9d9-ddb5-4fa4-a97d-d965ccfc6d4b" outcome="Passed" testListId="8c84fa94-04c1-424b-9868-57a2d4851a1d" relativeResultsDirectory="0ff5c2b3-3427-481f-996e-3acec1115344" />
    <UnitTestResult executionId="7187f168-3f34-404a-b9f5-a23d3c16da8b" testId="87630f87-61eb-4538-9d16-2980367435b3" testName="FormatToStringTest1000 (15520.346099893259,15520.35 zł)" computerName="DESKTOP-5URQ9PB" duration="00:00:00.0000063" startTime="2022-06-13T21:12:10.3319697+02:00" endTime="2022-06-13T21:12:10.3320348+02:00" testType="13cdc9d9-ddb5-4fa4-a97d-d965ccfc6d4b" outcome="Passed" testListId="8c84fa94-04c1-424b-9868-57a2d4851a1d" relativeResultsDirectory="7187f168-3f34-404a-b9f5-a23d3c16da8b" />
    <UnitTestResult executionId="3c9a78c6-c023-4d53-8999-aa41a223afa7" testId="c739de8d-8f7c-4778-9045-d17a499120fe" testName="FormatToStringTest1000 (57809.74722876295,57809.75 zł)" computerName="DESKTOP-5URQ9PB" duration="00:00:00.0000062" startTime="2022-06-13T21:12:10.2716594+02:00" endTime="2022-06-13T21:12:10.2717279+02:00" testType="13cdc9d9-ddb5-4fa4-a97d-d965ccfc6d4b" outcome="Passed" testListId="8c84fa94-04c1-424b-9868-57a2d4851a1d" relativeResultsDirectory="3c9a78c6-c023-4d53-8999-aa41a223afa7" />
    <UnitTestResult executionId="008edf2a-b3c0-4983-bc10-796057b463b3" testId="4a3cf998-44ba-4556-968d-b197ad41dfa7" testName="FormatToStringTest1000 (6820.105136090938,6820.11 zł)" computerName="DESKTOP-5URQ9PB" duration="00:00:00.0000066" startTime="2022-06-13T21:12:10.3731900+02:00" endTime="2022-06-13T21:12:10.3732544+02:00" testType="13cdc9d9-ddb5-4fa4-a97d-d965ccfc6d4b" outcome="Passed" testListId="8c84fa94-04c1-424b-9868-57a2d4851a1d" relativeResultsDirectory="008edf2a-b3c0-4983-bc10-796057b463b3" />
    <UnitTestResult executionId="67e6f6cc-f6f8-47a9-aaa5-5cad61d98aad" testId="83b508d6-3ed1-4e94-bf1c-e842f79aedc1" testName="FormatToStringTest1000 (4669.392596858271,4669.39 zł)" computerName="DESKTOP-5URQ9PB" duration="00:00:00.0000062" startTime="2022-06-13T21:12:10.1783700+02:00" endTime="2022-06-13T21:12:10.1784367+02:00" testType="13cdc9d9-ddb5-4fa4-a97d-d965ccfc6d4b" outcome="Passed" testListId="8c84fa94-04c1-424b-9868-57a2d4851a1d" relativeResultsDirectory="67e6f6cc-f6f8-47a9-aaa5-5cad61d98aad" />
    <UnitTestResult executionId="7a35c4eb-100c-49f7-980c-f60e709defc3" testId="97b1e86e-5b1f-4ed9-8f65-b71b5bfc5e5b" testName="FormatToStringTest1000 (29796.909338079815,29796.91 zł)" computerName="DESKTOP-5URQ9PB" duration="00:00:00.0000070" startTime="2022-06-13T21:12:10.4092998+02:00" endTime="2022-06-13T21:12:10.4093745+02:00" testType="13cdc9d9-ddb5-4fa4-a97d-d965ccfc6d4b" outcome="Passed" testListId="8c84fa94-04c1-424b-9868-57a2d4851a1d" relativeResultsDirectory="7a35c4eb-100c-49f7-980c-f60e709defc3" />
    <UnitTestResult executionId="57844738-02f7-4239-9f33-ebcf479bad10" testId="cb39bc3c-3348-4ccf-881a-685ba9688046" testName="FormatToStringTest1000 (13582.47117894258,13582.47 zł)" computerName="DESKTOP-5URQ9PB" duration="00:00:00.0000064" startTime="2022-06-13T21:12:10.1460500+02:00" endTime="2022-06-13T21:12:10.1461173+02:00" testType="13cdc9d9-ddb5-4fa4-a97d-d965ccfc6d4b" outcome="Passed" testListId="8c84fa94-04c1-424b-9868-57a2d4851a1d" relativeResultsDirectory="57844738-02f7-4239-9f33-ebcf479bad10" />
    <UnitTestResult executionId="28f1608b-477c-44ff-a3a6-6f8ad02170e9" testId="c18284fb-ef91-4a1c-a890-5be96c020a82" testName="FormatToStringTest1000 (5749.124990274722,5749.12 zł)" computerName="DESKTOP-5URQ9PB" duration="00:00:00.0000063" startTime="2022-06-13T21:12:10.3674745+02:00" endTime="2022-06-13T21:12:10.3675378+02:00" testType="13cdc9d9-ddb5-4fa4-a97d-d965ccfc6d4b" outcome="Passed" testListId="8c84fa94-04c1-424b-9868-57a2d4851a1d" relativeResultsDirectory="28f1608b-477c-44ff-a3a6-6f8ad02170e9" />
    <UnitTestResult executionId="e313e216-4dd7-4d98-96ae-473832486c85" testId="b937f245-6e01-46c5-8c63-5014943f6f53" testName="FormatToStringTest1000 (60017.857676936714,60017.86 zł)" computerName="DESKTOP-5URQ9PB" duration="00:00:00.0000062" startTime="2022-06-13T21:12:10.4075847+02:00" endTime="2022-06-13T21:12:10.4076541+02:00" testType="13cdc9d9-ddb5-4fa4-a97d-d965ccfc6d4b" outcome="Passed" testListId="8c84fa94-04c1-424b-9868-57a2d4851a1d" relativeResultsDirectory="e313e216-4dd7-4d98-96ae-473832486c85" />
    <UnitTestResult executionId="4a56a372-1425-4dcb-b743-df199d72ca6f" testId="d629964c-3440-4f82-8086-9ed2381dfe36" testName="FormatToStringTest1000 (45445.182098106096,45445.18 zł)" computerName="DESKTOP-5URQ9PB" duration="00:00:00.0000069" startTime="2022-06-13T21:12:10.2090627+02:00" endTime="2022-06-13T21:12:10.2091299+02:00" testType="13cdc9d9-ddb5-4fa4-a97d-d965ccfc6d4b" outcome="Passed" testListId="8c84fa94-04c1-424b-9868-57a2d4851a1d" relativeResultsDirectory="4a56a372-1425-4dcb-b743-df199d72ca6f" />
    <UnitTestResult executionId="011bab85-70a9-4843-a654-8f9442f85e60" testId="deff4dcb-b9f7-4a8a-8be8-9790a6053581" testName="FormatToStringTest1000 (2346.9964869427477,2347.00 zł)" computerName="DESKTOP-5URQ9PB" duration="00:00:00.0000062" startTime="2022-06-13T21:12:10.2247605+02:00" endTime="2022-06-13T21:12:10.2248274+02:00" testType="13cdc9d9-ddb5-4fa4-a97d-d965ccfc6d4b" outcome="Passed" testListId="8c84fa94-04c1-424b-9868-57a2d4851a1d" relativeResultsDirectory="011bab85-70a9-4843-a654-8f9442f85e60" />
    <UnitTestResult executionId="1db59b86-12eb-4deb-bf4d-f2740e8a5ba3" testId="0c512dec-0100-4e6e-a1fc-b978b70812c9" testName="FormatToStringTest1000 (13402.882692040355,13402.88 zł)" computerName="DESKTOP-5URQ9PB" duration="00:00:00.0000064" startTime="2022-06-13T21:12:10.3729425+02:00" endTime="2022-06-13T21:12:10.3730094+02:00" testType="13cdc9d9-ddb5-4fa4-a97d-d965ccfc6d4b" outcome="Passed" testListId="8c84fa94-04c1-424b-9868-57a2d4851a1d" relativeResultsDirectory="1db59b86-12eb-4deb-bf4d-f2740e8a5ba3" />
    <UnitTestResult executionId="b417568c-47e9-44a3-91b6-8a171abf38f8" testId="ebcf68a8-ac10-4cb5-929e-21503aea10c4" testName="FormatToStringTest1000 (24030.724859085738,24030.72 zł)" computerName="DESKTOP-5URQ9PB" duration="00:00:00.0000062" startTime="2022-06-13T21:12:10.3865218+02:00" endTime="2022-06-13T21:12:10.3865858+02:00" testType="13cdc9d9-ddb5-4fa4-a97d-d965ccfc6d4b" outcome="Passed" testListId="8c84fa94-04c1-424b-9868-57a2d4851a1d" relativeResultsDirectory="b417568c-47e9-44a3-91b6-8a171abf38f8" />
    <UnitTestResult executionId="7b09fd63-e161-4d8e-a7ed-e57465be0708" testId="afad8fab-72df-4545-92ab-ff164550608f" testName="FormatToStringTest1000 (17988.455793307843,17988.46 zł)" computerName="DESKTOP-5URQ9PB" duration="00:00:00.0000062" startTime="2022-06-13T21:12:10.1423253+02:00" endTime="2022-06-13T21:12:10.1423934+02:00" testType="13cdc9d9-ddb5-4fa4-a97d-d965ccfc6d4b" outcome="Passed" testListId="8c84fa94-04c1-424b-9868-57a2d4851a1d" relativeResultsDirectory="7b09fd63-e161-4d8e-a7ed-e57465be0708" />
    <UnitTestResult executionId="25baa725-ec39-4cd1-93fc-8ce37eae1c11" testId="f374e264-213d-4259-b385-7c54042f166d" testName="FormatToStringTest1000 (5835.26176155557,5835.26 zł)" computerName="DESKTOP-5URQ9PB" duration="00:00:00.0000064" startTime="2022-06-13T21:12:10.3159236+02:00" endTime="2022-06-13T21:12:10.3159905+02:00" testType="13cdc9d9-ddb5-4fa4-a97d-d965ccfc6d4b" outcome="Passed" testListId="8c84fa94-04c1-424b-9868-57a2d4851a1d" relativeResultsDirectory="25baa725-ec39-4cd1-93fc-8ce37eae1c11" />
    <UnitTestResult executionId="402b6d5b-02f8-4a52-8b13-97329aa2a4d5" testId="7ead8915-7acf-4e52-80a6-1f2ef2db968a" testName="FormatToStringTest1000 (4857.211933034105,4857.21 zł)" computerName="DESKTOP-5URQ9PB" duration="00:00:00.0000060" startTime="2022-06-13T21:12:10.4093921+02:00" endTime="2022-06-13T21:12:10.4094563+02:00" testType="13cdc9d9-ddb5-4fa4-a97d-d965ccfc6d4b" outcome="Passed" testListId="8c84fa94-04c1-424b-9868-57a2d4851a1d" relativeResultsDirectory="402b6d5b-02f8-4a52-8b13-97329aa2a4d5" />
    <UnitTestResult executionId="061b53a4-8fbf-4a6d-b1fe-99800c71cf64" testId="10f34364-174f-4bdd-ad26-e032b48b4a7f" testName="FormatToStringTest1000 (1130.8119115372242,1130.81 zł)" computerName="DESKTOP-5URQ9PB" duration="00:00:00.0000061" startTime="2022-06-13T21:12:10.4078325+02:00" endTime="2022-06-13T21:12:10.4078955+02:00" testType="13cdc9d9-ddb5-4fa4-a97d-d965ccfc6d4b" outcome="Passed" testListId="8c84fa94-04c1-424b-9868-57a2d4851a1d" relativeResultsDirectory="061b53a4-8fbf-4a6d-b1fe-99800c71cf64" />
    <UnitTestResult executionId="dfc7fcb7-afd2-4880-846c-c708e52b8966" testId="fde132b2-b1d4-4db0-9e5e-51800d7f6be6" testName="FormatToStringTest1000 (1739.5853778997368,1739.59 zł)" computerName="DESKTOP-5URQ9PB" duration="00:00:00.0000063" startTime="2022-06-13T21:12:10.1455221+02:00" endTime="2022-06-13T21:12:10.1455901+02:00" testType="13cdc9d9-ddb5-4fa4-a97d-d965ccfc6d4b" outcome="Passed" testListId="8c84fa94-04c1-424b-9868-57a2d4851a1d" relativeResultsDirectory="dfc7fcb7-afd2-4880-846c-c708e52b8966" />
    <UnitTestResult executionId="96a799f8-3c57-4127-8e87-ff6212b73b1e" testId="cb27de3c-3b2f-40a8-af57-6e0f9ad0f6fb" testName="FormatToStringTest1000 (12759.925747307914,12759.93 zł)" computerName="DESKTOP-5URQ9PB" duration="00:00:00.0000063" startTime="2022-06-13T21:12:10.3637500+02:00" endTime="2022-06-13T21:12:10.3638151+02:00" testType="13cdc9d9-ddb5-4fa4-a97d-d965ccfc6d4b" outcome="Passed" testListId="8c84fa94-04c1-424b-9868-57a2d4851a1d" relativeResultsDirectory="96a799f8-3c57-4127-8e87-ff6212b73b1e" />
    <UnitTestResult executionId="7ac96cec-d626-48a0-98dd-65c4799cd5be" testId="156aa83d-cbcf-4c8b-b713-78234183ae0a" testName="FormatToStringTest1000 (57564.498126061866,57564.50 zł)" computerName="DESKTOP-5URQ9PB" duration="00:00:00.0000062" startTime="2022-06-13T21:12:10.1425015+02:00" endTime="2022-06-13T21:12:10.1425697+02:00" testType="13cdc9d9-ddb5-4fa4-a97d-d965ccfc6d4b" outcome="Passed" testListId="8c84fa94-04c1-424b-9868-57a2d4851a1d" relativeResultsDirectory="7ac96cec-d626-48a0-98dd-65c4799cd5be" />
    <UnitTestResult executionId="b4b49674-32b4-4d06-986f-9038108b3289" testId="13b40b9c-f1e8-459b-a320-caf802aa8d99" testName="FormatToStringTest1000 (10775.728533390784,10775.73 zł)" computerName="DESKTOP-5URQ9PB" duration="00:00:00.0000063" startTime="2022-06-13T21:12:10.2653252+02:00" endTime="2022-06-13T21:12:10.2653947+02:00" testType="13cdc9d9-ddb5-4fa4-a97d-d965ccfc6d4b" outcome="Passed" testListId="8c84fa94-04c1-424b-9868-57a2d4851a1d" relativeResultsDirectory="b4b49674-32b4-4d06-986f-9038108b3289" />
    <UnitTestResult executionId="dbef0e5b-a759-410f-8e4d-162a59f2b9bb" testId="5ee0789a-b332-4c6c-97f2-5e4f825e7b84" testName="FormatToStringTest1000 (52481.07276821932,52481.07 zł)" computerName="DESKTOP-5URQ9PB" duration="00:00:00.0000066" startTime="2022-06-13T21:12:10.3475243+02:00" endTime="2022-06-13T21:12:10.3476022+02:00" testType="13cdc9d9-ddb5-4fa4-a97d-d965ccfc6d4b" outcome="Passed" testListId="8c84fa94-04c1-424b-9868-57a2d4851a1d" relativeResultsDirectory="dbef0e5b-a759-410f-8e4d-162a59f2b9bb" />
    <UnitTestResult executionId="2682477c-548f-4343-8a46-4332090cd611" testId="121dee3e-61a0-4846-b490-89381969afc5" testName="FormatToStringTest1000 (38076.55319665165,38076.55 zł)" computerName="DESKTOP-5URQ9PB" duration="00:00:00.0000062" startTime="2022-06-13T21:12:10.1289671+02:00" endTime="2022-06-13T21:12:10.1290338+02:00" testType="13cdc9d9-ddb5-4fa4-a97d-d965ccfc6d4b" outcome="Passed" testListId="8c84fa94-04c1-424b-9868-57a2d4851a1d" relativeResultsDirectory="2682477c-548f-4343-8a46-4332090cd611" />
    <UnitTestResult executionId="5e19d8dc-2deb-48f5-bc54-04ee6eb84b35" testId="b6d2f8d1-50c8-422c-a0f8-7db387913482" testName="FormatToStringTest1000 (21961.272673999552,21961.27 zł)" computerName="DESKTOP-5URQ9PB" duration="00:00:00.0000064" startTime="2022-06-13T21:12:10.1129644+02:00" endTime="2022-06-13T21:12:10.1130409+02:00" testType="13cdc9d9-ddb5-4fa4-a97d-d965ccfc6d4b" outcome="Passed" testListId="8c84fa94-04c1-424b-9868-57a2d4851a1d" relativeResultsDirectory="5e19d8dc-2deb-48f5-bc54-04ee6eb84b35" />
    <UnitTestResult executionId="c6cd184a-cbe4-453a-a094-8211f3e37656" testId="9947c574-eca5-4958-8c77-dd171b2f2e4d" testName="FormatToStringTest1000 (45070.5442499493,45070.54 zł)" computerName="DESKTOP-5URQ9PB" duration="00:00:00.0000063" startTime="2022-06-13T21:12:10.3601912+02:00" endTime="2022-06-13T21:12:10.3602526+02:00" testType="13cdc9d9-ddb5-4fa4-a97d-d965ccfc6d4b" outcome="Passed" testListId="8c84fa94-04c1-424b-9868-57a2d4851a1d" relativeResultsDirectory="c6cd184a-cbe4-453a-a094-8211f3e37656" />
    <UnitTestResult executionId="946b6edf-9e99-4829-a4fa-841bd95a70d5" testId="89313e13-5288-4e6d-a7ad-14704632cad8" testName="FormatToStringTest1000 (58191.92113629585,58191.92 zł)" computerName="DESKTOP-5URQ9PB" duration="00:00:00.0000063" startTime="2022-06-13T21:12:10.3318057+02:00" endTime="2022-06-13T21:12:10.3318704+02:00" testType="13cdc9d9-ddb5-4fa4-a97d-d965ccfc6d4b" outcome="Passed" testListId="8c84fa94-04c1-424b-9868-57a2d4851a1d" relativeResultsDirectory="946b6edf-9e99-4829-a4fa-841bd95a70d5" />
    <UnitTestResult executionId="277bc696-8005-4d03-b4dd-0c8ebfa2d4a6" testId="0092fd1e-c329-4744-ba2d-2a293271b140" testName="FormatToStringTest1000 (97129.75160633575,97129.75 zł)" computerName="DESKTOP-5URQ9PB" duration="00:00:00.0000061" startTime="2022-06-13T21:12:10.2030925+02:00" endTime="2022-06-13T21:12:10.2031596+02:00" testType="13cdc9d9-ddb5-4fa4-a97d-d965ccfc6d4b" outcome="Passed" testListId="8c84fa94-04c1-424b-9868-57a2d4851a1d" relativeResultsDirectory="277bc696-8005-4d03-b4dd-0c8ebfa2d4a6" />
    <UnitTestResult executionId="a75a9826-4846-411b-8c01-d58ee4b17b89" testId="b4fe5a60-589e-478a-a13c-81e583285005" testName="FormatToStringTest1000 (9818.257405763146,9818.26 zł)" computerName="DESKTOP-5URQ9PB" duration="00:00:00.0000063" startTime="2022-06-13T21:12:10.3496471+02:00" endTime="2022-06-13T21:12:10.3497119+02:00" testType="13cdc9d9-ddb5-4fa4-a97d-d965ccfc6d4b" outcome="Passed" testListId="8c84fa94-04c1-424b-9868-57a2d4851a1d" relativeResultsDirectory="a75a9826-4846-411b-8c01-d58ee4b17b89" />
    <UnitTestResult executionId="c81a6651-d380-462e-b24d-55330dec364d" testId="e28da329-df4b-4a53-8374-f7bdc8f7eb08" testName="FormatToStringTest1000 (11100.829211263372,11100.83 zł)" computerName="DESKTOP-5URQ9PB" duration="00:00:00.0000066" startTime="2022-06-13T21:12:10.0861282+02:00" endTime="2022-06-13T21:12:10.0862053+02:00" testType="13cdc9d9-ddb5-4fa4-a97d-d965ccfc6d4b" outcome="Passed" testListId="8c84fa94-04c1-424b-9868-57a2d4851a1d" relativeResultsDirectory="c81a6651-d380-462e-b24d-55330dec364d" />
    <UnitTestResult executionId="194e0adc-0d77-4909-8a9c-e8d434f45b17" testId="7c5674f5-9ac9-4df8-be07-ee82ce6a5acc" testName="FormatToStringTest1000 (748.6264857065987,748.63 zł)" computerName="DESKTOP-5URQ9PB" duration="00:00:00.0000064" startTime="2022-06-13T21:12:10.2623676+02:00" endTime="2022-06-13T21:12:10.2624376+02:00" testType="13cdc9d9-ddb5-4fa4-a97d-d965ccfc6d4b" outcome="Passed" testListId="8c84fa94-04c1-424b-9868-57a2d4851a1d" relativeResultsDirectory="194e0adc-0d77-4909-8a9c-e8d434f45b17" />
    <UnitTestResult executionId="7346a62e-0da4-4d84-9f0c-900ebd6e65d2" testId="d6b31718-665f-4de0-b431-d53005b2b0cc" testName="FormatToStringTest1000 (24570.65594858893,24570.66 zł)" computerName="DESKTOP-5URQ9PB" duration="00:00:00.0000062" startTime="2022-06-13T21:12:10.1725128+02:00" endTime="2022-06-13T21:12:10.1725794+02:00" testType="13cdc9d9-ddb5-4fa4-a97d-d965ccfc6d4b" outcome="Passed" testListId="8c84fa94-04c1-424b-9868-57a2d4851a1d" relativeResultsDirectory="7346a62e-0da4-4d84-9f0c-900ebd6e65d2" />
    <UnitTestResult executionId="cc800359-a99b-418a-9bb8-5f80fec31918" testId="1cf2edc0-5b95-472d-b66e-5a5e593235a0" testName="FormatToStringTest1000 (66945.02904917022,66945.03 zł)" computerName="DESKTOP-5URQ9PB" duration="00:00:00.0000062" startTime="2022-06-13T21:12:10.3814707+02:00" endTime="2022-06-13T21:12:10.3815338+02:00" testType="13cdc9d9-ddb5-4fa4-a97d-d965ccfc6d4b" outcome="Passed" testListId="8c84fa94-04c1-424b-9868-57a2d4851a1d" relativeResultsDirectory="cc800359-a99b-418a-9bb8-5f80fec31918" />
    <UnitTestResult executionId="4e1c6b7a-0b4c-4ead-8d77-10d7e00ee2ba" testId="fe174842-2221-4f45-aefa-abdc266e27d1" testName="FormatToStringTest1000 (1313.0279238368514,1313.03 zł)" computerName="DESKTOP-5URQ9PB" duration="00:00:00.0000062" startTime="2022-06-13T21:12:10.3519624+02:00" endTime="2022-06-13T21:12:10.3520254+02:00" testType="13cdc9d9-ddb5-4fa4-a97d-d965ccfc6d4b" outcome="Passed" testListId="8c84fa94-04c1-424b-9868-57a2d4851a1d" relativeResultsDirectory="4e1c6b7a-0b4c-4ead-8d77-10d7e00ee2ba" />
    <UnitTestResult executionId="aebdb543-408e-43ca-b8f8-48933a9ad6ee" testId="333bd5cc-aed9-49b2-8f43-4ac593bf911e" testName="FormatToStringTest1000 (486.15309567942893,486.15 zł)" computerName="DESKTOP-5URQ9PB" duration="00:00:00.0000061" startTime="2022-06-13T21:12:10.2217579+02:00" endTime="2022-06-13T21:12:10.2218241+02:00" testType="13cdc9d9-ddb5-4fa4-a97d-d965ccfc6d4b" outcome="Passed" testListId="8c84fa94-04c1-424b-9868-57a2d4851a1d" relativeResultsDirectory="aebdb543-408e-43ca-b8f8-48933a9ad6ee" />
    <UnitTestResult executionId="1df86e64-8276-4773-8c3e-ef446b525cd0" testId="458b87ca-e17a-455c-81e9-3c820fb4bec7" testName="FormatToStringTest1000 (14017.699524653006,14017.70 zł)" computerName="DESKTOP-5URQ9PB" duration="00:00:00.0000063" startTime="2022-06-13T21:12:10.4058885+02:00" endTime="2022-06-13T21:12:10.4059528+02:00" testType="13cdc9d9-ddb5-4fa4-a97d-d965ccfc6d4b" outcome="Passed" testListId="8c84fa94-04c1-424b-9868-57a2d4851a1d" relativeResultsDirectory="1df86e64-8276-4773-8c3e-ef446b525cd0" />
    <UnitTestResult executionId="a57b4ee1-1a6a-4f4d-921c-52e3fb09dc3b" testId="688107a8-bf4f-459b-b317-487153c11c4b" testName="FormatToStringTest1000 (32218.080508120394,32218.08 zł)" computerName="DESKTOP-5URQ9PB" duration="00:00:00.0000065" startTime="2022-06-13T21:12:10.1212793+02:00" endTime="2022-06-13T21:12:10.1213532+02:00" testType="13cdc9d9-ddb5-4fa4-a97d-d965ccfc6d4b" outcome="Passed" testListId="8c84fa94-04c1-424b-9868-57a2d4851a1d" relativeResultsDirectory="a57b4ee1-1a6a-4f4d-921c-52e3fb09dc3b" />
    <UnitTestResult executionId="834c3d26-406c-469f-9e91-d47ca7dc709c" testId="323c78c5-fbc2-4bcc-a417-efadeb9907b0" testName="FormatToStringTest1000 (41008.28505327194,41008.29 zł)" computerName="DESKTOP-5URQ9PB" duration="00:00:00.0000063" startTime="2022-06-13T21:12:10.3581000+02:00" endTime="2022-06-13T21:12:10.3581646+02:00" testType="13cdc9d9-ddb5-4fa4-a97d-d965ccfc6d4b" outcome="Passed" testListId="8c84fa94-04c1-424b-9868-57a2d4851a1d" relativeResultsDirectory="834c3d26-406c-469f-9e91-d47ca7dc709c" />
    <UnitTestResult executionId="9b8f8ef7-253c-4cb8-91e2-b7337de2e2c9" testId="55097123-3389-4abc-a749-726c31bd11d3" testName="FormatToStringTest1000 (35065.40267025652,35065.40 zł)" computerName="DESKTOP-5URQ9PB" duration="00:00:00.0000064" startTime="2022-06-13T21:12:10.3478733+02:00" endTime="2022-06-13T21:12:10.3479376+02:00" testType="13cdc9d9-ddb5-4fa4-a97d-d965ccfc6d4b" outcome="Passed" testListId="8c84fa94-04c1-424b-9868-57a2d4851a1d" relativeResultsDirectory="9b8f8ef7-253c-4cb8-91e2-b7337de2e2c9" />
    <UnitTestResult executionId="4f5aca81-f7cd-4aed-b039-498014be728a" testId="35894fcb-505b-4956-a381-d81f9a3b1ea2" testName="FormatToStringTest1000 (13681.607566007231,13681.61 zł)" computerName="DESKTOP-5URQ9PB" duration="00:00:00.0000063" startTime="2022-06-13T21:12:10.3044670+02:00" endTime="2022-06-13T21:12:10.3045341+02:00" testType="13cdc9d9-ddb5-4fa4-a97d-d965ccfc6d4b" outcome="Passed" testListId="8c84fa94-04c1-424b-9868-57a2d4851a1d" relativeResultsDirectory="4f5aca81-f7cd-4aed-b039-498014be728a" />
    <UnitTestResult executionId="d711973e-d34c-4e0b-9105-244a02d73a68" testId="9f5320a3-09e3-48cc-a715-22bd16f6766d" testName="FormatToStringTest1000 (95353.10327693219,95353.10 zł)" computerName="DESKTOP-5URQ9PB" duration="00:00:00.0000064" startTime="2022-06-13T21:12:10.1579919+02:00" endTime="2022-06-13T21:12:10.1580638+02:00" testType="13cdc9d9-ddb5-4fa4-a97d-d965ccfc6d4b" outcome="Passed" testListId="8c84fa94-04c1-424b-9868-57a2d4851a1d" relativeResultsDirectory="d711973e-d34c-4e0b-9105-244a02d73a68" />
    <UnitTestResult executionId="9b591bd5-c874-4777-823c-d3a82548c32c" testId="855da7bb-f86f-4f5d-9b08-becc4058e4f5" testName="FormatToStringTest1000 (47437.74370917619,47437.74 zł)" computerName="DESKTOP-5URQ9PB" duration="00:00:00.0000064" startTime="2022-06-13T21:12:10.4003169+02:00" endTime="2022-06-13T21:12:10.4003811+02:00" testType="13cdc9d9-ddb5-4fa4-a97d-d965ccfc6d4b" outcome="Passed" testListId="8c84fa94-04c1-424b-9868-57a2d4851a1d" relativeResultsDirectory="9b591bd5-c874-4777-823c-d3a82548c32c" />
    <UnitTestResult executionId="749a19b9-6092-4e74-94df-373b5597264a" testId="cbf2c46e-df28-4bfd-8b3d-5f2ca514c0ff" testName="FormatToStringTest1000 (17090.629587323234,17090.63 zł)" computerName="DESKTOP-5URQ9PB" duration="00:00:00.0000062" startTime="2022-06-13T21:12:10.2062892+02:00" endTime="2022-06-13T21:12:10.2063559+02:00" testType="13cdc9d9-ddb5-4fa4-a97d-d965ccfc6d4b" outcome="Passed" testListId="8c84fa94-04c1-424b-9868-57a2d4851a1d" relativeResultsDirectory="749a19b9-6092-4e74-94df-373b5597264a" />
    <UnitTestResult executionId="897cd0d1-ac13-404f-8d9f-d5a149458a34" testId="4e1be6d1-71ee-4353-a64f-48d1aacd28a1" testName="FormatToStringTest1000 (9843.625240445894,9843.63 zł)" computerName="DESKTOP-5URQ9PB" duration="00:00:00.0000061" startTime="2022-06-13T21:12:10.4023446+02:00" endTime="2022-06-13T21:12:10.4024084+02:00" testType="13cdc9d9-ddb5-4fa4-a97d-d965ccfc6d4b" outcome="Passed" testListId="8c84fa94-04c1-424b-9868-57a2d4851a1d" relativeResultsDirectory="897cd0d1-ac13-404f-8d9f-d5a149458a34" />
    <UnitTestResult executionId="858d8903-5987-4f02-9549-f97069a2449c" testId="97ac0eb9-86e5-4538-bec7-dcce206b76a4" testName="FormatToStringTest1000 (4612.32080757633,4612.32 zł)" computerName="DESKTOP-5URQ9PB" duration="00:00:00.0000063" startTime="2022-06-13T21:12:10.3833021+02:00" endTime="2022-06-13T21:12:10.3833751+02:00" testType="13cdc9d9-ddb5-4fa4-a97d-d965ccfc6d4b" outcome="Passed" testListId="8c84fa94-04c1-424b-9868-57a2d4851a1d" relativeResultsDirectory="858d8903-5987-4f02-9549-f97069a2449c" />
    <UnitTestResult executionId="88f2023e-c00f-46ee-9507-4f2835d89960" testId="4d0d73f8-7b86-467c-9a02-8838e4347b9a" testName="FormatToStringTest1000 (17000.070169619317,17000.07 zł)" computerName="DESKTOP-5URQ9PB" duration="00:00:00.0000064" startTime="2022-06-13T21:12:10.4056437+02:00" endTime="2022-06-13T21:12:10.4057086+02:00" testType="13cdc9d9-ddb5-4fa4-a97d-d965ccfc6d4b" outcome="Passed" testListId="8c84fa94-04c1-424b-9868-57a2d4851a1d" relativeResultsDirectory="88f2023e-c00f-46ee-9507-4f2835d89960" />
    <UnitTestResult executionId="82ee6653-7b58-4c58-9364-308975b73aac" testId="d98f5d13-19a8-49b4-bcf5-68b0d297a683" testName="FormatToStringTest1000 (19397.344749736294,19397.34 zł)" computerName="DESKTOP-5URQ9PB" duration="00:00:00.0000061" startTime="2022-06-13T21:12:10.3926648+02:00" endTime="2022-06-13T21:12:10.3927286+02:00" testType="13cdc9d9-ddb5-4fa4-a97d-d965ccfc6d4b" outcome="Passed" testListId="8c84fa94-04c1-424b-9868-57a2d4851a1d" relativeResultsDirectory="82ee6653-7b58-4c58-9364-308975b73aac" />
    <UnitTestResult executionId="bf08f9ae-d099-48b7-8384-e4a22645bc5e" testId="6f4dcd27-03c1-4de8-85db-74ae60b7c0bb" testName="FormatToStringTest1000 (4419.750844657306,4419.75 zł)" computerName="DESKTOP-5URQ9PB" duration="00:00:00.0000077" startTime="2022-06-13T21:12:10.3616775+02:00" endTime="2022-06-13T21:12:10.3617542+02:00" testType="13cdc9d9-ddb5-4fa4-a97d-d965ccfc6d4b" outcome="Passed" testListId="8c84fa94-04c1-424b-9868-57a2d4851a1d" relativeResultsDirectory="bf08f9ae-d099-48b7-8384-e4a22645bc5e" />
    <UnitTestResult executionId="d83b11e2-3ec2-4bd6-a0b2-8d3b839768fa" testId="49863d7a-f8a9-47ef-84c1-979d991e0482" testName="FormatToStringTest1000 (7716.571614765363,7716.57 zł)" computerName="DESKTOP-5URQ9PB" duration="00:00:00.0000068" startTime="2022-06-13T21:12:10.3794856+02:00" endTime="2022-06-13T21:12:10.3795492+02:00" testType="13cdc9d9-ddb5-4fa4-a97d-d965ccfc6d4b" outcome="Passed" testListId="8c84fa94-04c1-424b-9868-57a2d4851a1d" relativeResultsDirectory="d83b11e2-3ec2-4bd6-a0b2-8d3b839768fa" />
    <UnitTestResult executionId="5fa81989-15a4-4ae8-9066-4e557be7b890" testId="b8e591f4-1f81-4904-8c0e-bbbe21b8ec84" testName="FormatToStringTest1000 (3907.8681317963024,3907.87 zł)" computerName="DESKTOP-5URQ9PB" duration="00:00:00.0000138" startTime="2022-06-13T21:12:10.1281885+02:00" endTime="2022-06-13T21:12:10.1283855+02:00" testType="13cdc9d9-ddb5-4fa4-a97d-d965ccfc6d4b" outcome="Passed" testListId="8c84fa94-04c1-424b-9868-57a2d4851a1d" relativeResultsDirectory="5fa81989-15a4-4ae8-9066-4e557be7b890" />
    <UnitTestResult executionId="5c95de8f-c86e-4b6f-861b-5d19d47792be" testId="98890bd6-d27d-465a-9d59-99c4c1df9002" testName="FormatToStringTest1000 (6417.5922460628635,6417.59 zł)" computerName="DESKTOP-5URQ9PB" duration="00:00:00.0000065" startTime="2022-06-13T21:12:10.2573884+02:00" endTime="2022-06-13T21:12:10.2574670+02:00" testType="13cdc9d9-ddb5-4fa4-a97d-d965ccfc6d4b" outcome="Passed" testListId="8c84fa94-04c1-424b-9868-57a2d4851a1d" relativeResultsDirectory="5c95de8f-c86e-4b6f-861b-5d19d47792be" />
    <UnitTestResult executionId="dfddbffe-ab72-4d77-b295-679fa944ef31" testId="16a8c7a0-eb75-46b3-a287-f683a5761f71" testName="FormatToStringTest1000 (13568.230982493717,13568.23 zł)" computerName="DESKTOP-5URQ9PB" duration="00:00:00.0000063" startTime="2022-06-13T21:12:10.3070048+02:00" endTime="2022-06-13T21:12:10.3070710+02:00" testType="13cdc9d9-ddb5-4fa4-a97d-d965ccfc6d4b" outcome="Passed" testListId="8c84fa94-04c1-424b-9868-57a2d4851a1d" relativeResultsDirectory="dfddbffe-ab72-4d77-b295-679fa944ef31" />
    <UnitTestResult executionId="8ff39257-0f1b-4b0a-85a6-45f6218c33cc" testId="c5419816-7b05-4c91-b33e-7459f80744d8" testName="FormatToStringTest1000 (17418.31302247863,17418.31 zł)" computerName="DESKTOP-5URQ9PB" duration="00:00:00.0000061" startTime="2022-06-13T21:12:10.2058691+02:00" endTime="2022-06-13T21:12:10.2059352+02:00" testType="13cdc9d9-ddb5-4fa4-a97d-d965ccfc6d4b" outcome="Passed" testListId="8c84fa94-04c1-424b-9868-57a2d4851a1d" relativeResultsDirectory="8ff39257-0f1b-4b0a-85a6-45f6218c33cc" />
    <UnitTestResult executionId="2fc79e96-8616-484e-99a7-7372e398ec74" testId="f07b0a54-4b7c-4c26-b968-9171ee26cc58" testName="FormatToStringTest1000 (6213.265206352466,6213.27 zł)" computerName="DESKTOP-5URQ9PB" duration="00:00:00.0000061" startTime="2022-06-13T21:12:10.2182430+02:00" endTime="2022-06-13T21:12:10.2183111+02:00" testType="13cdc9d9-ddb5-4fa4-a97d-d965ccfc6d4b" outcome="Passed" testListId="8c84fa94-04c1-424b-9868-57a2d4851a1d" relativeResultsDirectory="2fc79e96-8616-484e-99a7-7372e398ec74" />
    <UnitTestResult executionId="de53e211-ed1f-4df8-b9ba-6fcb2dd67332" testId="d13636f1-ae80-4964-882a-7a5d4ec6dca9" testName="FormatToStringTest1000 (22367.991005544547,22367.99 zł)" computerName="DESKTOP-5URQ9PB" duration="00:00:00.0000062" startTime="2022-06-13T21:12:10.3297705+02:00" endTime="2022-06-13T21:12:10.3298355+02:00" testType="13cdc9d9-ddb5-4fa4-a97d-d965ccfc6d4b" outcome="Passed" testListId="8c84fa94-04c1-424b-9868-57a2d4851a1d" relativeResultsDirectory="de53e211-ed1f-4df8-b9ba-6fcb2dd67332" />
    <UnitTestResult executionId="78bd5d67-f7f2-46c3-ac91-0f5ec63e8e57" testId="bfe6ddbb-9853-4df8-9aa5-ac2f287e57d9" testName="FormatToStringTest1000 (16986.338876065027,16986.34 zł)" computerName="DESKTOP-5URQ9PB" duration="00:00:00.0000063" startTime="2022-06-13T21:12:10.1024263+02:00" endTime="2022-06-13T21:12:10.1024947+02:00" testType="13cdc9d9-ddb5-4fa4-a97d-d965ccfc6d4b" outcome="Passed" testListId="8c84fa94-04c1-424b-9868-57a2d4851a1d" relativeResultsDirectory="78bd5d67-f7f2-46c3-ac91-0f5ec63e8e57" />
    <UnitTestResult executionId="117b19eb-24c8-476c-9c34-61a147a2830a" testId="88bed14c-478b-42b2-8902-74569d91d437" testName="FormatToStringTest1000 (14480.387652530982,14480.39 zł)" computerName="DESKTOP-5URQ9PB" duration="00:00:00.0000069" startTime="2022-06-13T21:12:10.1815835+02:00" endTime="2022-06-13T21:12:10.1816576+02:00" testType="13cdc9d9-ddb5-4fa4-a97d-d965ccfc6d4b" outcome="Passed" testListId="8c84fa94-04c1-424b-9868-57a2d4851a1d" relativeResultsDirectory="117b19eb-24c8-476c-9c34-61a147a2830a" />
    <UnitTestResult executionId="05fbd672-683e-4e2f-a66b-187cf49df84c" testId="24b2ed23-d863-47b5-a540-fd804bdc74f0" testName="FormatToStringTest1000 (10324.538670147089,10324.54 zł)" computerName="DESKTOP-5URQ9PB" duration="00:00:00.0000062" startTime="2022-06-13T21:12:10.3201906+02:00" endTime="2022-06-13T21:12:10.3202574+02:00" testType="13cdc9d9-ddb5-4fa4-a97d-d965ccfc6d4b" outcome="Passed" testListId="8c84fa94-04c1-424b-9868-57a2d4851a1d" relativeResultsDirectory="05fbd672-683e-4e2f-a66b-187cf49df84c" />
    <UnitTestResult executionId="f1b713d1-9fe9-4fa5-9d1c-4cd5658b1f64" testId="a8cdc43f-9e99-408c-8445-d795546f13bc" testName="FormatToStringTest1000 (69864.17463991146,69864.17 zł)" computerName="DESKTOP-5URQ9PB" duration="00:00:00.0000065" startTime="2022-06-13T21:12:10.1169596+02:00" endTime="2022-06-13T21:12:10.1170345+02:00" testType="13cdc9d9-ddb5-4fa4-a97d-d965ccfc6d4b" outcome="Passed" testListId="8c84fa94-04c1-424b-9868-57a2d4851a1d" relativeResultsDirectory="f1b713d1-9fe9-4fa5-9d1c-4cd5658b1f64" />
    <UnitTestResult executionId="07bbddb9-1f97-4f44-ab35-f16a39eba94f" testId="f6bfa9b7-d866-4c94-9548-2a91048d5506" testName="FormatToStringTest1000 (24251.68593564848,24251.69 zł)" computerName="DESKTOP-5URQ9PB" duration="00:00:00.0000061" startTime="2022-06-13T21:12:10.2754137+02:00" endTime="2022-06-13T21:12:10.2754802+02:00" testType="13cdc9d9-ddb5-4fa4-a97d-d965ccfc6d4b" outcome="Passed" testListId="8c84fa94-04c1-424b-9868-57a2d4851a1d" relativeResultsDirectory="07bbddb9-1f97-4f44-ab35-f16a39eba94f" />
    <UnitTestResult executionId="5f7291a6-f4ea-476a-93b0-1aabeb4e0c70" testId="41d860c0-859d-4661-802c-ee7db31508e3" testName="FormatToStringTest1000 (5978.1197194131655,5978.12 zł)" computerName="DESKTOP-5URQ9PB" duration="00:00:00.0000062" startTime="2022-06-13T21:12:10.4024248+02:00" endTime="2022-06-13T21:12:10.4024888+02:00" testType="13cdc9d9-ddb5-4fa4-a97d-d965ccfc6d4b" outcome="Passed" testListId="8c84fa94-04c1-424b-9868-57a2d4851a1d" relativeResultsDirectory="5f7291a6-f4ea-476a-93b0-1aabeb4e0c70" />
    <UnitTestResult executionId="5c37bc62-95cf-4a90-9d9f-63cf1cbc61bb" testId="8dd4ef9b-146f-42a5-84a5-53bccc396570" testName="FormatToStringTest1000 (16511.26921423537,16511.27 zł)" computerName="DESKTOP-5URQ9PB" duration="00:00:00.0000063" startTime="2022-06-13T21:12:10.3961554+02:00" endTime="2022-06-13T21:12:10.3962200+02:00" testType="13cdc9d9-ddb5-4fa4-a97d-d965ccfc6d4b" outcome="Passed" testListId="8c84fa94-04c1-424b-9868-57a2d4851a1d" relativeResultsDirectory="5c37bc62-95cf-4a90-9d9f-63cf1cbc61bb" />
    <UnitTestResult executionId="b96ee171-1313-49ce-9e2c-a1e6ff8fe7c4" testId="a33f8d3a-16e0-4c35-ad6f-f8758f11900b" testName="FormatToStringTest1000 (75915.01943546813,75915.02 zł)" computerName="DESKTOP-5URQ9PB" duration="00:00:00.0000062" startTime="2022-06-13T21:12:10.2215835+02:00" endTime="2022-06-13T21:12:10.2216557+02:00" testType="13cdc9d9-ddb5-4fa4-a97d-d965ccfc6d4b" outcome="Passed" testListId="8c84fa94-04c1-424b-9868-57a2d4851a1d" relativeResultsDirectory="b96ee171-1313-49ce-9e2c-a1e6ff8fe7c4" />
    <UnitTestResult executionId="cf6c320c-8144-4c57-b8e5-66c99c67ab3f" testId="6cddd690-34bd-40b6-bc17-246ec30bbe08" testName="FormatToStringTest1000 (85407.13428016152,85407.13 zł)" computerName="DESKTOP-5URQ9PB" duration="00:00:00.0000063" startTime="2022-06-13T21:12:10.4159520+02:00" endTime="2022-06-13T21:12:10.4160154+02:00" testType="13cdc9d9-ddb5-4fa4-a97d-d965ccfc6d4b" outcome="Passed" testListId="8c84fa94-04c1-424b-9868-57a2d4851a1d" relativeResultsDirectory="cf6c320c-8144-4c57-b8e5-66c99c67ab3f" />
    <UnitTestResult executionId="9d47bef5-c1b2-4fcb-84e8-221f1a55736c" testId="41afaecc-4b69-46d2-9750-9116056aba66" testName="FormatToStringTest1000 (64210.358316209335,64210.36 zł)" computerName="DESKTOP-5URQ9PB" duration="00:00:00.0000064" startTime="2022-06-13T21:12:10.1211870+02:00" endTime="2022-06-13T21:12:10.1212614+02:00" testType="13cdc9d9-ddb5-4fa4-a97d-d965ccfc6d4b" outcome="Passed" testListId="8c84fa94-04c1-424b-9868-57a2d4851a1d" relativeResultsDirectory="9d47bef5-c1b2-4fcb-84e8-221f1a55736c" />
    <UnitTestResult executionId="d1d02ac9-8f5d-463f-809f-6c54da097377" testId="21297730-3dbf-4ee1-8233-0e44b6a73e05" testName="FormatToStringTest1000 (1687.5965557361937,1687.60 zł)" computerName="DESKTOP-5URQ9PB" duration="00:00:00.0000077" startTime="2022-06-13T21:12:10.2684012+02:00" endTime="2022-06-13T21:12:10.2684834+02:00" testType="13cdc9d9-ddb5-4fa4-a97d-d965ccfc6d4b" outcome="Passed" testListId="8c84fa94-04c1-424b-9868-57a2d4851a1d" relativeResultsDirectory="d1d02ac9-8f5d-463f-809f-6c54da097377" />
    <UnitTestResult executionId="3a8dd380-ac00-4b9c-82d2-de80e7772659" testId="9852b7e9-d524-4202-82f0-36c546db740b" testName="FormatToStringTest1000 (75024.79122970243,75024.79 zł)" computerName="DESKTOP-5URQ9PB" duration="00:00:00.0000080" startTime="2022-06-13T21:12:10.1944741+02:00" endTime="2022-06-13T21:12:10.1945766+02:00" testType="13cdc9d9-ddb5-4fa4-a97d-d965ccfc6d4b" outcome="Passed" testListId="8c84fa94-04c1-424b-9868-57a2d4851a1d" relativeResultsDirectory="3a8dd380-ac00-4b9c-82d2-de80e7772659" />
    <UnitTestResult executionId="f7bfbf9c-d708-4d85-b34c-6cc1e00554fb" testId="24041564-03f2-4ae9-ae07-b967a80bd01c" testName="FormatToStringTest1000 (7013.601812260971,7013.60 zł)" computerName="DESKTOP-5URQ9PB" duration="00:00:00.0000064" startTime="2022-06-13T21:12:10.4025054+02:00" endTime="2022-06-13T21:12:10.4025692+02:00" testType="13cdc9d9-ddb5-4fa4-a97d-d965ccfc6d4b" outcome="Passed" testListId="8c84fa94-04c1-424b-9868-57a2d4851a1d" relativeResultsDirectory="f7bfbf9c-d708-4d85-b34c-6cc1e00554fb" />
    <UnitTestResult executionId="9bc56d91-9ce5-4408-b63d-213f780aa4a0" testId="80285c34-b356-4dc5-8133-081ce62748cc" testName="FormatToStringTest1000 (29917.15005391145,29917.15 zł)" computerName="DESKTOP-5URQ9PB" duration="00:00:00.0000065" startTime="2022-06-13T21:12:10.3444744+02:00" endTime="2022-06-13T21:12:10.3445449+02:00" testType="13cdc9d9-ddb5-4fa4-a97d-d965ccfc6d4b" outcome="Passed" testListId="8c84fa94-04c1-424b-9868-57a2d4851a1d" relativeResultsDirectory="9bc56d91-9ce5-4408-b63d-213f780aa4a0" />
    <UnitTestResult executionId="87f53d77-3dc9-4379-a784-63de492ec591" testId="dbdcbfda-eb28-49e9-a0fb-05dbff126ab3" testName="FormatToStringTest1000 (8768.816937361293,8768.82 zł)" computerName="DESKTOP-5URQ9PB" duration="00:00:00.0000085" startTime="2022-06-13T21:12:10.0985395+02:00" endTime="2022-06-13T21:12:10.0986410+02:00" testType="13cdc9d9-ddb5-4fa4-a97d-d965ccfc6d4b" outcome="Passed" testListId="8c84fa94-04c1-424b-9868-57a2d4851a1d" relativeResultsDirectory="87f53d77-3dc9-4379-a784-63de492ec591" />
    <UnitTestResult executionId="62b7cd0b-032c-42b4-8cfe-ee4e7a6669b2" testId="0e624baa-610e-4d25-abcb-030060e4a63f" testName="FormatToStringTest1000 (19500.031951036784,19500.03 zł)" computerName="DESKTOP-5URQ9PB" duration="00:00:00.0000064" startTime="2022-06-13T21:12:10.1458809+02:00" endTime="2022-06-13T21:12:10.1459483+02:00" testType="13cdc9d9-ddb5-4fa4-a97d-d965ccfc6d4b" outcome="Passed" testListId="8c84fa94-04c1-424b-9868-57a2d4851a1d" relativeResultsDirectory="62b7cd0b-032c-42b4-8cfe-ee4e7a6669b2" />
    <UnitTestResult executionId="c2832637-e340-4a5e-a03e-01339eb4a68f" testId="89b06255-3a13-4fb9-8d74-f3c5b1070bdb" testName="FormatToStringTest1000 (10762.501695533518,10762.50 zł)" computerName="DESKTOP-5URQ9PB" duration="00:00:00.0000064" startTime="2022-06-13T21:12:10.3361546+02:00" endTime="2022-06-13T21:12:10.3362190+02:00" testType="13cdc9d9-ddb5-4fa4-a97d-d965ccfc6d4b" outcome="Passed" testListId="8c84fa94-04c1-424b-9868-57a2d4851a1d" relativeResultsDirectory="c2832637-e340-4a5e-a03e-01339eb4a68f" />
    <UnitTestResult executionId="289e39fd-e165-4564-916f-1e287e50fd61" testId="d42e16e1-e490-49ab-acf5-95c13ad19f7b" testName="FormatToStringTest1000 (20752.33758466334,20752.34 zł)" computerName="DESKTOP-5URQ9PB" duration="00:00:00.0000061" startTime="2022-06-13T21:12:10.2151749+02:00" endTime="2022-06-13T21:12:10.2152423+02:00" testType="13cdc9d9-ddb5-4fa4-a97d-d965ccfc6d4b" outcome="Passed" testListId="8c84fa94-04c1-424b-9868-57a2d4851a1d" relativeResultsDirectory="289e39fd-e165-4564-916f-1e287e50fd61" />
    <UnitTestResult executionId="45706bfd-0aaf-4e72-98c4-566c7266240b" testId="68790535-4e77-46f8-a097-83278c432498" testName="FormatToStringTest1000 (26215.613055301183,26215.61 zł)" computerName="DESKTOP-5URQ9PB" duration="00:00:00.0000062" startTime="2022-06-13T21:12:10.3178064+02:00" endTime="2022-06-13T21:12:10.3178730+02:00" testType="13cdc9d9-ddb5-4fa4-a97d-d965ccfc6d4b" outcome="Passed" testListId="8c84fa94-04c1-424b-9868-57a2d4851a1d" relativeResultsDirectory="45706bfd-0aaf-4e72-98c4-566c7266240b" />
    <UnitTestResult executionId="1d65e3c4-fc07-4fd9-9e31-55b326f10a46" testId="584a1012-9a20-44c2-9cac-d6d4badb24cb" testName="FormatToStringTest1000 (20978.860218282258,20978.86 zł)" computerName="DESKTOP-5URQ9PB" duration="00:00:00.0000080" startTime="2022-06-13T21:12:10.1876312+02:00" endTime="2022-06-13T21:12:10.1877338+02:00" testType="13cdc9d9-ddb5-4fa4-a97d-d965ccfc6d4b" outcome="Passed" testListId="8c84fa94-04c1-424b-9868-57a2d4851a1d" relativeResultsDirectory="1d65e3c4-fc07-4fd9-9e31-55b326f10a46" />
    <UnitTestResult executionId="5088dee0-f1f3-48b4-8c13-b45e3405b633" testId="d8cf66c9-dc73-4e81-9b85-94cafeed77d1" testName="FormatToStringTest1000 (9657.360676611475,9657.36 zł)" computerName="DESKTOP-5URQ9PB" duration="00:00:00.0000062" startTime="2022-06-13T21:12:10.2509804+02:00" endTime="2022-06-13T21:12:10.2510471+02:00" testType="13cdc9d9-ddb5-4fa4-a97d-d965ccfc6d4b" outcome="Passed" testListId="8c84fa94-04c1-424b-9868-57a2d4851a1d" relativeResultsDirectory="5088dee0-f1f3-48b4-8c13-b45e3405b633" />
    <UnitTestResult executionId="6947dc1c-1899-478e-a114-9056a3b57f70" testId="9a274993-89cf-4520-8407-aa7b3f03e427" testName="FormatToStringTest1000 (14100.01255469211,14100.01 zł)" computerName="DESKTOP-5URQ9PB" duration="00:00:00.0000064" startTime="2022-06-13T21:12:10.1580826+02:00" endTime="2022-06-13T21:12:10.1581508+02:00" testType="13cdc9d9-ddb5-4fa4-a97d-d965ccfc6d4b" outcome="Passed" testListId="8c84fa94-04c1-424b-9868-57a2d4851a1d" relativeResultsDirectory="6947dc1c-1899-478e-a114-9056a3b57f70" />
    <UnitTestResult executionId="e6a2fb5f-6d5e-44d7-b03f-6d125b949773" testId="fafa9993-06b3-4e78-9bed-b27bfb25eefa" testName="FormatToStringTest1000 (50339.31259969497,50339.31 zł)" computerName="DESKTOP-5URQ9PB" duration="00:00:00.0000065" startTime="2022-06-13T21:12:10.1127744+02:00" endTime="2022-06-13T21:12:10.1128503+02:00" testType="13cdc9d9-ddb5-4fa4-a97d-d965ccfc6d4b" outcome="Passed" testListId="8c84fa94-04c1-424b-9868-57a2d4851a1d" relativeResultsDirectory="e6a2fb5f-6d5e-44d7-b03f-6d125b949773" />
    <UnitTestResult executionId="f878797f-efa8-4328-ab8f-7f233c8b9254" testId="2e602b29-9c12-4bdf-ac04-544762bf091f" testName="FormatToStringTest1000 (25039.088753207627,25039.09 zł)" computerName="DESKTOP-5URQ9PB" duration="00:00:00.0000062" startTime="2022-06-13T21:12:10.3094534+02:00" endTime="2022-06-13T21:12:10.3095204+02:00" testType="13cdc9d9-ddb5-4fa4-a97d-d965ccfc6d4b" outcome="Passed" testListId="8c84fa94-04c1-424b-9868-57a2d4851a1d" relativeResultsDirectory="f878797f-efa8-4328-ab8f-7f233c8b9254" />
    <UnitTestResult executionId="dd5c9169-346c-45e9-95d5-17dd5d92739b" testId="1b316013-f113-4e02-bfec-94dacb4a4d64" testName="FormatToStringTest1000 (26223.99769144412,26224.00 zł)" computerName="DESKTOP-5URQ9PB" duration="00:00:00.0000198" startTime="2022-06-13T21:12:10.1384647+02:00" endTime="2022-06-13T21:12:10.1386360+02:00" testType="13cdc9d9-ddb5-4fa4-a97d-d965ccfc6d4b" outcome="Passed" testListId="8c84fa94-04c1-424b-9868-57a2d4851a1d" relativeResultsDirectory="dd5c9169-346c-45e9-95d5-17dd5d92739b" />
    <UnitTestResult executionId="9f757168-8287-4f40-9057-4d70a0e5111c" testId="026992ba-b183-4d67-b928-b6fb7e6e2fce" testName="FormatToStringTest1000 (17315.72309779363,17315.72 zł)" computerName="DESKTOP-5URQ9PB" duration="00:00:00.0000061" startTime="2022-06-13T21:12:10.2152596+02:00" endTime="2022-06-13T21:12:10.2153267+02:00" testType="13cdc9d9-ddb5-4fa4-a97d-d965ccfc6d4b" outcome="Passed" testListId="8c84fa94-04c1-424b-9868-57a2d4851a1d" relativeResultsDirectory="9f757168-8287-4f40-9057-4d70a0e5111c" />
    <UnitTestResult executionId="877f1cf7-601d-4588-b18a-c0446156565c" testId="b9c591f8-70e1-4c3b-bf26-0d6754975307" testName="FormatToStringTest1000 (51503.82905738234,51503.83 zł)" computerName="DESKTOP-5URQ9PB" duration="00:00:00.0000062" startTime="2022-06-13T21:12:10.1647210+02:00" endTime="2022-06-13T21:12:10.1647870+02:00" testType="13cdc9d9-ddb5-4fa4-a97d-d965ccfc6d4b" outcome="Passed" testListId="8c84fa94-04c1-424b-9868-57a2d4851a1d" relativeResultsDirectory="877f1cf7-601d-4588-b18a-c0446156565c" />
    <UnitTestResult executionId="99707b00-057f-4129-b1ab-2324e25b861a" testId="9abb54b3-dc72-48e4-bfb8-b2358767ca74" testName="FormatToStringTest1000 (36978.61073549213,36978.61 zł)" computerName="DESKTOP-5URQ9PB" duration="00:00:00.0000062" startTime="2022-06-13T21:12:10.3583425+02:00" endTime="2022-06-13T21:12:10.3584062+02:00" testType="13cdc9d9-ddb5-4fa4-a97d-d965ccfc6d4b" outcome="Passed" testListId="8c84fa94-04c1-424b-9868-57a2d4851a1d" relativeResultsDirectory="99707b00-057f-4129-b1ab-2324e25b861a" />
    <UnitTestResult executionId="e556a3af-7a7c-455d-be28-5d62632ac4b1" testId="d537f421-3184-4d55-9b3e-23770bd47e64" testName="FormatToStringTest1000 (39641.61351217451,39641.61 zł)" computerName="DESKTOP-5URQ9PB" duration="00:00:00.0000061" startTime="2022-06-13T21:12:10.2719154+02:00" endTime="2022-06-13T21:12:10.2719822+02:00" testType="13cdc9d9-ddb5-4fa4-a97d-d965ccfc6d4b" outcome="Passed" testListId="8c84fa94-04c1-424b-9868-57a2d4851a1d" relativeResultsDirectory="e556a3af-7a7c-455d-be28-5d62632ac4b1" />
    <UnitTestResult executionId="be6f9a6d-30c7-44bc-b047-2eb21564fae7" testId="ab3a5f27-10de-4edf-8078-3f1449d821f6" testName="FormatToStringTest1000 (4652.407073443945,4652.41 zł)" computerName="DESKTOP-5URQ9PB" duration="00:00:00.0000064" startTime="2022-06-13T21:12:10.2570843+02:00" endTime="2022-06-13T21:12:10.2571663+02:00" testType="13cdc9d9-ddb5-4fa4-a97d-d965ccfc6d4b" outcome="Passed" testListId="8c84fa94-04c1-424b-9868-57a2d4851a1d" relativeResultsDirectory="be6f9a6d-30c7-44bc-b047-2eb21564fae7" />
    <UnitTestResult executionId="5035c0a1-cfc3-4d72-ad54-29eb17480bcb" testId="65c59c3a-f9da-4db5-9bf0-8e75099c3964" testName="FormatToStringTest1000 (1300.9430775404642,1300.94 zł)" computerName="DESKTOP-5URQ9PB" duration="00:00:00.0390136" startTime="2022-06-13T21:12:09.9756688+02:00" endTime="2022-06-13T21:12:10.0329952+02:00" testType="13cdc9d9-ddb5-4fa4-a97d-d965ccfc6d4b" outcome="Passed" testListId="8c84fa94-04c1-424b-9868-57a2d4851a1d" relativeResultsDirectory="5035c0a1-cfc3-4d72-ad54-29eb17480bcb" />
    <UnitTestResult executionId="a4bdeeea-1b12-4625-9f50-89bbae8b8c02" testId="370ffe0d-f253-4d41-926e-1612ee064e33" testName="FormatToStringTest1000 (6170.939441211959,6170.94 zł)" computerName="DESKTOP-5URQ9PB" duration="00:00:00.0000062" startTime="2022-06-13T21:12:10.2418207+02:00" endTime="2022-06-13T21:12:10.2418872+02:00" testType="13cdc9d9-ddb5-4fa4-a97d-d965ccfc6d4b" outcome="Passed" testListId="8c84fa94-04c1-424b-9868-57a2d4851a1d" relativeResultsDirectory="a4bdeeea-1b12-4625-9f50-89bbae8b8c02" />
    <UnitTestResult executionId="a0459fdd-d323-4f4b-a2b1-cb180b9e49aa" testId="ac75cd37-907d-47ce-a0ed-312593d0ec6b" testName="FormatToStringTest1000 (4592.278577496428,4592.28 zł)" computerName="DESKTOP-5URQ9PB" duration="00:00:00.0000063" startTime="2022-06-13T21:12:10.3577656+02:00" endTime="2022-06-13T21:12:10.3578354+02:00" testType="13cdc9d9-ddb5-4fa4-a97d-d965ccfc6d4b" outcome="Passed" testListId="8c84fa94-04c1-424b-9868-57a2d4851a1d" relativeResultsDirectory="a0459fdd-d323-4f4b-a2b1-cb180b9e49aa" />
    <UnitTestResult executionId="f284211e-1d9f-4f22-b458-d7f3258a9f24" testId="de9edea1-7a93-4a02-a1a5-7014435e69d2" testName="FormatToStringTest1000 (11430.666613002619,11430.67 zł)" computerName="DESKTOP-5URQ9PB" duration="00:00:00.0000069" startTime="2022-06-13T21:12:10.1614359+02:00" endTime="2022-06-13T21:12:10.1615039+02:00" testType="13cdc9d9-ddb5-4fa4-a97d-d965ccfc6d4b" outcome="Passed" testListId="8c84fa94-04c1-424b-9868-57a2d4851a1d" relativeResultsDirectory="f284211e-1d9f-4f22-b458-d7f3258a9f24" />
    <UnitTestResult executionId="94c9e724-1c4e-4111-9114-d52ed7682255" testId="4d959000-5ce3-4ee3-a5c7-63b2c187271d" testName="FormatToStringTest1000 (28455.229970996843,28455.23 zł)" computerName="DESKTOP-5URQ9PB" duration="00:00:00.0000062" startTime="2022-06-13T21:12:10.3673121+02:00" endTime="2022-06-13T21:12:10.3673766+02:00" testType="13cdc9d9-ddb5-4fa4-a97d-d965ccfc6d4b" outcome="Passed" testListId="8c84fa94-04c1-424b-9868-57a2d4851a1d" relativeResultsDirectory="94c9e724-1c4e-4111-9114-d52ed7682255" />
    <UnitTestResult executionId="3c062e36-6187-4a1e-a9fe-6b6bd4e97477" testId="47f3a68a-3e40-4579-9cef-f8a866b7c551" testName="FormatToStringTest1000 (9503.466049463705,9503.47 zł)" computerName="DESKTOP-5URQ9PB" duration="00:00:00.0000063" startTime="2022-06-13T21:12:10.3112423+02:00" endTime="2022-06-13T21:12:10.3113091+02:00" testType="13cdc9d9-ddb5-4fa4-a97d-d965ccfc6d4b" outcome="Passed" testListId="8c84fa94-04c1-424b-9868-57a2d4851a1d" relativeResultsDirectory="3c062e36-6187-4a1e-a9fe-6b6bd4e97477" />
    <UnitTestResult executionId="6ac6a60b-1620-49be-96b1-57d8b0166c64" testId="f12d1271-7957-4aae-aff5-83eb5114e72f" testName="FormatToStringTest1000 (30385.72086375613,30385.72 zł)" computerName="DESKTOP-5URQ9PB" duration="00:00:00.0000062" startTime="2022-06-13T21:12:10.3813124+02:00" endTime="2022-06-13T21:12:10.3813757+02:00" testType="13cdc9d9-ddb5-4fa4-a97d-d965ccfc6d4b" outcome="Passed" testListId="8c84fa94-04c1-424b-9868-57a2d4851a1d" relativeResultsDirectory="6ac6a60b-1620-49be-96b1-57d8b0166c64" />
    <UnitTestResult executionId="7dac4bdb-0888-4ccb-9f4f-d6287e5cb217" testId="f52556a7-8474-4605-9df7-6373123acbb4" testName="FormatToStringTest1000 (7726.0074454499445,7726.01 zł)" computerName="DESKTOP-5URQ9PB" duration="00:00:00.0000063" startTime="2022-06-13T21:12:10.1952704+02:00" endTime="2022-06-13T21:12:10.1953434+02:00" testType="13cdc9d9-ddb5-4fa4-a97d-d965ccfc6d4b" outcome="Passed" testListId="8c84fa94-04c1-424b-9868-57a2d4851a1d" relativeResultsDirectory="7dac4bdb-0888-4ccb-9f4f-d6287e5cb217" />
    <UnitTestResult executionId="faec914c-30f0-4309-af9b-6c0221c1adc0" testId="4260beac-79f5-4545-8ecd-1e8b5da8fc3f" testName="FormatToStringTest1000 (82228.32322510486,82228.32 zł)" computerName="DESKTOP-5URQ9PB" duration="00:00:00.0000064" startTime="2022-06-13T21:12:10.3065706+02:00" endTime="2022-06-13T21:12:10.3066516+02:00" testType="13cdc9d9-ddb5-4fa4-a97d-d965ccfc6d4b" outcome="Passed" testListId="8c84fa94-04c1-424b-9868-57a2d4851a1d" relativeResultsDirectory="faec914c-30f0-4309-af9b-6c0221c1adc0" />
    <UnitTestResult executionId="c01e48a0-c3ea-47f7-81e7-9678bab90328" testId="01fe5472-f0ef-4e9f-a32d-5a38dfadfe46" testName="FormatToStringTest1000 (33251.41907856028,33251.42 zł)" computerName="DESKTOP-5URQ9PB" duration="00:00:00.0000063" startTime="2022-06-13T21:12:10.1358958+02:00" endTime="2022-06-13T21:12:10.1359637+02:00" testType="13cdc9d9-ddb5-4fa4-a97d-d965ccfc6d4b" outcome="Passed" testListId="8c84fa94-04c1-424b-9868-57a2d4851a1d" relativeResultsDirectory="c01e48a0-c3ea-47f7-81e7-9678bab90328" />
    <UnitTestResult executionId="18e378ce-dacf-451c-b8cd-f4446ed64481" testId="ed787259-b064-4181-8f20-af3d4907ffd7" testName="FormatToStringTest1000 (25882.451101077,25882.45 zł)" computerName="DESKTOP-5URQ9PB" duration="00:00:00.0000521" startTime="2022-06-13T21:12:10.2995605+02:00" endTime="2022-06-13T21:12:10.2998851+02:00" testType="13cdc9d9-ddb5-4fa4-a97d-d965ccfc6d4b" outcome="Passed" testListId="8c84fa94-04c1-424b-9868-57a2d4851a1d" relativeResultsDirectory="18e378ce-dacf-451c-b8cd-f4446ed64481" />
    <UnitTestResult executionId="2374b6a4-4a9b-48b1-9785-b070503c2b2e" testId="d679a2cc-d954-4339-8a9a-e5a49e4f8e34" testName="FormatToStringTest1000 (12125.090155628086,12125.09 zł)" computerName="DESKTOP-5URQ9PB" duration="00:00:00.0000083" startTime="2022-06-13T21:12:10.2055441+02:00" endTime="2022-06-13T21:12:10.2056756+02:00" testType="13cdc9d9-ddb5-4fa4-a97d-d965ccfc6d4b" outcome="Passed" testListId="8c84fa94-04c1-424b-9868-57a2d4851a1d" relativeResultsDirectory="2374b6a4-4a9b-48b1-9785-b070503c2b2e" />
    <UnitTestResult executionId="786fd584-24ce-4f07-967f-87a1106da5da" testId="cdb03de1-4088-4817-afe4-22f97559eeb4" testName="FormatToStringTest1000 (64887.45559046951,64887.46 zł)" computerName="DESKTOP-5URQ9PB" duration="00:00:00.0000063" startTime="2022-06-13T21:12:10.2353123+02:00" endTime="2022-06-13T21:12:10.2353793+02:00" testType="13cdc9d9-ddb5-4fa4-a97d-d965ccfc6d4b" outcome="Passed" testListId="8c84fa94-04c1-424b-9868-57a2d4851a1d" relativeResultsDirectory="786fd584-24ce-4f07-967f-87a1106da5da" />
    <UnitTestResult executionId="5d7caa98-8efe-46a6-b97c-ee39b447cc68" testId="bf950865-9dfc-48d2-a40b-9ed079fcd29a" testName="FormatToStringTest1000 (24476.442216712254,24476.44 zł)" computerName="DESKTOP-5URQ9PB" duration="00:00:00.0000066" startTime="2022-06-13T21:12:10.3006522+02:00" endTime="2022-06-13T21:12:10.3007389+02:00" testType="13cdc9d9-ddb5-4fa4-a97d-d965ccfc6d4b" outcome="Passed" testListId="8c84fa94-04c1-424b-9868-57a2d4851a1d" relativeResultsDirectory="5d7caa98-8efe-46a6-b97c-ee39b447cc68" />
    <UnitTestResult executionId="1b588323-e69c-4a39-88ea-623acddf2d24" testId="5e672ab3-5999-4c32-992d-9e86311fed2b" testName="FormatToStringTest1000 (43727.735558145556,43727.74 zł)" computerName="DESKTOP-5URQ9PB" duration="00:00:00.0000063" startTime="2022-06-13T21:12:10.2186699+02:00" endTime="2022-06-13T21:12:10.2187362+02:00" testType="13cdc9d9-ddb5-4fa4-a97d-d965ccfc6d4b" outcome="Passed" testListId="8c84fa94-04c1-424b-9868-57a2d4851a1d" relativeResultsDirectory="1b588323-e69c-4a39-88ea-623acddf2d24" />
    <UnitTestResult executionId="92e9068e-4723-48c1-a1d5-5b2f7dcb3606" testId="fd0758b4-62ac-4ace-b14c-4e760599792d" testName="FormatToStringTest1000 (736.7398243680316,736.74 zł)" computerName="DESKTOP-5URQ9PB" duration="00:00:00.0000064" startTime="2022-06-13T21:12:10.1025131+02:00" endTime="2022-06-13T21:12:10.1025813+02:00" testType="13cdc9d9-ddb5-4fa4-a97d-d965ccfc6d4b" outcome="Passed" testListId="8c84fa94-04c1-424b-9868-57a2d4851a1d" relativeResultsDirectory="92e9068e-4723-48c1-a1d5-5b2f7dcb3606" />
    <UnitTestResult executionId="17753e62-ff88-4b3c-a526-af981f3a3f9c" testId="141cf42c-736c-492d-903a-4f9a85ad82be" testName="FormatToStringTest1000 (8599.45217413616,8599.45 zł)" computerName="DESKTOP-5URQ9PB" duration="00:00:00.0000072" startTime="2022-06-13T21:12:10.1510853+02:00" endTime="2022-06-13T21:12:10.1511593+02:00" testType="13cdc9d9-ddb5-4fa4-a97d-d965ccfc6d4b" outcome="Passed" testListId="8c84fa94-04c1-424b-9868-57a2d4851a1d" relativeResultsDirectory="17753e62-ff88-4b3c-a526-af981f3a3f9c" />
    <UnitTestResult executionId="9c794ade-9125-438d-a00b-b696cc05e454" testId="1cd67ef7-7c6d-48d2-82cc-85698c3599ce" testName="FormatToStringTest1000 (30383.303633991305,30383.30 zł)" computerName="DESKTOP-5URQ9PB" duration="00:00:00.0000063" startTime="2022-06-13T21:12:10.3923365+02:00" endTime="2022-06-13T21:12:10.3924005+02:00" testType="13cdc9d9-ddb5-4fa4-a97d-d965ccfc6d4b" outcome="Passed" testListId="8c84fa94-04c1-424b-9868-57a2d4851a1d" relativeResultsDirectory="9c794ade-9125-438d-a00b-b696cc05e454" />
    <UnitTestResult executionId="35f30cea-7688-4c56-969f-700f128cc90a" testId="3be081c6-f006-43ad-b838-329fd6fd21b4" testName="FormatToStringTest1000 (8499.121443388574,8499.12 zł)" computerName="DESKTOP-5URQ9PB" duration="00:00:00.0000062" startTime="2022-06-13T21:12:10.1028779+02:00" endTime="2022-06-13T21:12:10.1029457+02:00" testType="13cdc9d9-ddb5-4fa4-a97d-d965ccfc6d4b" outcome="Passed" testListId="8c84fa94-04c1-424b-9868-57a2d4851a1d" relativeResultsDirectory="35f30cea-7688-4c56-969f-700f128cc90a" />
    <UnitTestResult executionId="08880d44-5b24-426d-9569-d28c38503b74" testId="6d1d9961-b6e2-4b3c-abc0-b968234f4293" testName="FormatToStringTest1000 (25288.32036814574,25288.32 zł)" computerName="DESKTOP-5URQ9PB" duration="00:00:00.0000159" startTime="2022-06-13T21:12:10.3257818+02:00" endTime="2022-06-13T21:12:10.3260333+02:00" testType="13cdc9d9-ddb5-4fa4-a97d-d965ccfc6d4b" outcome="Passed" testListId="8c84fa94-04c1-424b-9868-57a2d4851a1d" relativeResultsDirectory="08880d44-5b24-426d-9569-d28c38503b74" />
    <UnitTestResult executionId="8501f2bd-00cf-477d-ae29-7e38da2e357f" testId="3615659f-5347-478d-963e-7265d972433b" testName="FormatToStringTest1000 (23649.104642116046,23649.10 zł)" computerName="DESKTOP-5URQ9PB" duration="00:00:00.0000062" startTime="2022-06-13T21:12:10.2447697+02:00" endTime="2022-06-13T21:12:10.2448364+02:00" testType="13cdc9d9-ddb5-4fa4-a97d-d965ccfc6d4b" outcome="Passed" testListId="8c84fa94-04c1-424b-9868-57a2d4851a1d" relativeResultsDirectory="8501f2bd-00cf-477d-ae29-7e38da2e357f" />
    <UnitTestResult executionId="ad37f7cc-aa0a-4c4b-8864-e4db7f6ef3d9" testId="5cb4dfd7-9ae6-4204-a252-4ac3be784eb2" testName="FormatToStringTest1000 (34060.48467268724,34060.48 zł)" computerName="DESKTOP-5URQ9PB" duration="00:00:00.0000070" startTime="2022-06-13T21:12:10.3534782+02:00" endTime="2022-06-13T21:12:10.3535560+02:00" testType="13cdc9d9-ddb5-4fa4-a97d-d965ccfc6d4b" outcome="Passed" testListId="8c84fa94-04c1-424b-9868-57a2d4851a1d" relativeResultsDirectory="ad37f7cc-aa0a-4c4b-8864-e4db7f6ef3d9" />
    <UnitTestResult executionId="2de90cf3-f99f-4860-807a-5a07347b6b37" testId="fa9fb699-4c7d-488e-9d88-36306e9a448b" testName="FormatToStringTest1000 (34096.337879508894,34096.34 zł)" computerName="DESKTOP-5URQ9PB" duration="00:00:00.0000064" startTime="2022-06-13T21:12:10.1027860+02:00" endTime="2022-06-13T21:12:10.1028600+02:00" testType="13cdc9d9-ddb5-4fa4-a97d-d965ccfc6d4b" outcome="Passed" testListId="8c84fa94-04c1-424b-9868-57a2d4851a1d" relativeResultsDirectory="2de90cf3-f99f-4860-807a-5a07347b6b37" />
    <UnitTestResult executionId="b2501275-9f6c-44bf-813f-7435e31844a7" testId="76d081e6-2953-43bd-99e3-565fb81e036e" testName="FormatToStringTest1000 (26220.382477706476,26220.38 zł)" computerName="DESKTOP-5URQ9PB" duration="00:00:00.0000064" startTime="2022-06-13T21:12:10.3773424+02:00" endTime="2022-06-13T21:12:10.3774062+02:00" testType="13cdc9d9-ddb5-4fa4-a97d-d965ccfc6d4b" outcome="Passed" testListId="8c84fa94-04c1-424b-9868-57a2d4851a1d" relativeResultsDirectory="b2501275-9f6c-44bf-813f-7435e31844a7" />
    <UnitTestResult executionId="2660644f-c634-4dfb-9398-7d6dd81516ed" testId="e3aafd49-8414-47b9-a3d0-28707d849e1d" testName="FormatToStringTest1000 (6352.983758103561,6352.98 zł)" computerName="DESKTOP-5URQ9PB" duration="00:00:00.0000069" startTime="2022-06-13T21:12:10.3788285+02:00" endTime="2022-06-13T21:12:10.3789043+02:00" testType="13cdc9d9-ddb5-4fa4-a97d-d965ccfc6d4b" outcome="Passed" testListId="8c84fa94-04c1-424b-9868-57a2d4851a1d" relativeResultsDirectory="2660644f-c634-4dfb-9398-7d6dd81516ed" />
    <UnitTestResult executionId="be9c9d56-2848-4857-96cd-06a286b7c108" testId="dfe7b2cf-7788-4009-80f2-f739cf89656f" testName="FormatToStringTest1000 (37954.34384365396,37954.34 zł)" computerName="DESKTOP-5URQ9PB" duration="00:00:00.0000072" startTime="2022-06-13T21:12:10.3728454+02:00" endTime="2022-06-13T21:12:10.3729243+02:00" testType="13cdc9d9-ddb5-4fa4-a97d-d965ccfc6d4b" outcome="Passed" testListId="8c84fa94-04c1-424b-9868-57a2d4851a1d" relativeResultsDirectory="be9c9d56-2848-4857-96cd-06a286b7c108" />
    <UnitTestResult executionId="6e60b341-9e5f-4f41-a974-fda8c9240a8d" testId="8e7c30f8-9024-4215-bff6-7b75083d905e" testName="FormatToStringTest1000 (40889.35187774214,40889.35 zł)" computerName="DESKTOP-5URQ9PB" duration="00:00:00.0000065" startTime="2022-06-13T21:12:10.3669035+02:00" endTime="2022-06-13T21:12:10.3669707+02:00" testType="13cdc9d9-ddb5-4fa4-a97d-d965ccfc6d4b" outcome="Passed" testListId="8c84fa94-04c1-424b-9868-57a2d4851a1d" relativeResultsDirectory="6e60b341-9e5f-4f41-a974-fda8c9240a8d" />
    <UnitTestResult executionId="582c328f-2e01-45fe-8cda-623c8ccf2414" testId="96cd5a14-74ab-4936-92ad-7cad9136bbd5" testName="FormatToStringTest1000 (16161.963229990548,16161.96 zł)" computerName="DESKTOP-5URQ9PB" duration="00:00:00.0000063" startTime="2022-06-13T21:12:10.3443016+02:00" endTime="2022-06-13T21:12:10.3443667+02:00" testType="13cdc9d9-ddb5-4fa4-a97d-d965ccfc6d4b" outcome="Passed" testListId="8c84fa94-04c1-424b-9868-57a2d4851a1d" relativeResultsDirectory="582c328f-2e01-45fe-8cda-623c8ccf2414" />
    <UnitTestResult executionId="cdd2d006-f2c4-4c8d-b9b8-cbe4071b6a6b" testId="3bcb99d7-f6b5-416e-88c6-749f691b3625" testName="FormatToStringTest1000 (19208.676036795914,19208.68 zł)" computerName="DESKTOP-5URQ9PB" duration="00:00:00.0000064" startTime="2022-06-13T21:12:10.3400161+02:00" endTime="2022-06-13T21:12:10.3400799+02:00" testType="13cdc9d9-ddb5-4fa4-a97d-d965ccfc6d4b" outcome="Passed" testListId="8c84fa94-04c1-424b-9868-57a2d4851a1d" relativeResultsDirectory="cdd2d006-f2c4-4c8d-b9b8-cbe4071b6a6b" />
    <UnitTestResult executionId="84caeca9-b83b-47be-8ca8-018e79e82fdf" testId="c9bcf9f0-874e-4dc0-91b8-f395680fa6ae" testName="FormatToStringTest1000 (17455.15807988595,17455.16 zł)" computerName="DESKTOP-5URQ9PB" duration="00:00:00.0000063" startTime="2022-06-13T21:12:10.3709841+02:00" endTime="2022-06-13T21:12:10.3710481+02:00" testType="13cdc9d9-ddb5-4fa4-a97d-d965ccfc6d4b" outcome="Passed" testListId="8c84fa94-04c1-424b-9868-57a2d4851a1d" relativeResultsDirectory="84caeca9-b83b-47be-8ca8-018e79e82fdf" />
    <UnitTestResult executionId="ba38dc09-c893-428d-8f13-d446d079ee20" testId="ae327e7f-1ffc-46bb-90fa-49a9bf6e1fbd" testName="FormatToStringTest1000 (22791.735381432685,22791.74 zł)" computerName="DESKTOP-5URQ9PB" duration="00:00:00.0000061" startTime="2022-06-13T21:12:10.1814993+02:00" endTime="2022-06-13T21:12:10.1815662+02:00" testType="13cdc9d9-ddb5-4fa4-a97d-d965ccfc6d4b" outcome="Passed" testListId="8c84fa94-04c1-424b-9868-57a2d4851a1d" relativeResultsDirectory="ba38dc09-c893-428d-8f13-d446d079ee20" />
    <UnitTestResult executionId="bed96912-048c-48f7-849e-eb0c9b8cc4a1" testId="3068c3c2-6117-4166-a5ff-411e01dc7de1" testName="FormatToStringTest1000 (30126.012320622805,30126.01 zł)" computerName="DESKTOP-5URQ9PB" duration="00:00:00.0000066" startTime="2022-06-13T21:12:10.1353657+02:00" endTime="2022-06-13T21:12:10.1354364+02:00" testType="13cdc9d9-ddb5-4fa4-a97d-d965ccfc6d4b" outcome="Passed" testListId="8c84fa94-04c1-424b-9868-57a2d4851a1d" relativeResultsDirectory="bed96912-048c-48f7-849e-eb0c9b8cc4a1" />
    <UnitTestResult executionId="a2f0686b-62f6-490c-8f81-60fec454c1d2" testId="b54922c2-c157-4e9b-b61a-9e21091146e7" testName="FormatToStringTest1000 (3274.481392617096,3274.48 zł)" computerName="DESKTOP-5URQ9PB" duration="00:00:00.0000117" startTime="2022-06-13T21:12:10.3292615+02:00" endTime="2022-06-13T21:12:10.3293951+02:00" testType="13cdc9d9-ddb5-4fa4-a97d-d965ccfc6d4b" outcome="Passed" testListId="8c84fa94-04c1-424b-9868-57a2d4851a1d" relativeResultsDirectory="a2f0686b-62f6-490c-8f81-60fec454c1d2" />
    <UnitTestResult executionId="67b5383f-7700-43f5-b8dc-1a3eab9d0a74" testId="61aa5487-d387-4e5d-b349-a55c9f2da87c" testName="FormatToStringTest1000 (18340.935049000167,18340.94 zł)" computerName="DESKTOP-5URQ9PB" duration="00:00:00.0000063" startTime="2022-06-13T21:12:10.1585951+02:00" endTime="2022-06-13T21:12:10.1586695+02:00" testType="13cdc9d9-ddb5-4fa4-a97d-d965ccfc6d4b" outcome="Passed" testListId="8c84fa94-04c1-424b-9868-57a2d4851a1d" relativeResultsDirectory="67b5383f-7700-43f5-b8dc-1a3eab9d0a74" />
    <UnitTestResult executionId="872a0af3-fb2f-416d-9fee-16180f2d0f3a" testId="0d30051c-50bd-4e95-a5da-a795a7590437" testName="FormatToStringTest1000 (70432.00656616595,70432.01 zł)" computerName="DESKTOP-5URQ9PB" duration="00:00:00.0000062" startTime="2022-06-13T21:12:10.3832221+02:00" endTime="2022-06-13T21:12:10.3832857+02:00" testType="13cdc9d9-ddb5-4fa4-a97d-d965ccfc6d4b" outcome="Passed" testListId="8c84fa94-04c1-424b-9868-57a2d4851a1d" relativeResultsDirectory="872a0af3-fb2f-416d-9fee-16180f2d0f3a" />
    <UnitTestResult executionId="01bbd953-f4d7-4ceb-823f-fe1080d0e6c5" testId="ad002b08-cfb1-49ec-919c-480889be6862" testName="FormatToStringTest1000 (50956.25028206606,50956.25 zł)" computerName="DESKTOP-5URQ9PB" duration="00:00:00.0000063" startTime="2022-06-13T21:12:10.1616983+02:00" endTime="2022-06-13T21:12:10.1617656+02:00" testType="13cdc9d9-ddb5-4fa4-a97d-d965ccfc6d4b" outcome="Passed" testListId="8c84fa94-04c1-424b-9868-57a2d4851a1d" relativeResultsDirectory="01bbd953-f4d7-4ceb-823f-fe1080d0e6c5" />
    <UnitTestResult executionId="57e23d51-24d9-48b4-9945-105ad9c67502" testId="2bcf4d65-acc5-4488-93d5-c7bb1fcd0655" testName="FormatToStringTest1000 (80609.94377465078,80609.94 zł)" computerName="DESKTOP-5URQ9PB" duration="00:00:00.0000064" startTime="2022-06-13T21:12:10.0860298+02:00" endTime="2022-06-13T21:12:10.0861101+02:00" testType="13cdc9d9-ddb5-4fa4-a97d-d965ccfc6d4b" outcome="Passed" testListId="8c84fa94-04c1-424b-9868-57a2d4851a1d" relativeResultsDirectory="57e23d51-24d9-48b4-9945-105ad9c67502" />
    <UnitTestResult executionId="8037bebd-9f42-4d61-8a56-2642e576bedf" testId="601bfbd1-a634-42ac-989b-95ae55e2cc2f" testName="FormatToStringTest1000 (14137.400697779563,14137.40 zł)" computerName="DESKTOP-5URQ9PB" duration="00:00:00.0000064" startTime="2022-06-13T21:12:10.4134541+02:00" endTime="2022-06-13T21:12:10.4135186+02:00" testType="13cdc9d9-ddb5-4fa4-a97d-d965ccfc6d4b" outcome="Passed" testListId="8c84fa94-04c1-424b-9868-57a2d4851a1d" relativeResultsDirectory="8037bebd-9f42-4d61-8a56-2642e576bedf" />
    <UnitTestResult executionId="66d74407-93b2-4012-90a1-7fae37196835" testId="55d3fba7-947c-4a99-a6c1-6941257298fc" testName="FormatToStringTest1000 (675.4589376107133,675.46 zł)" computerName="DESKTOP-5URQ9PB" duration="00:00:00.0000062" startTime="2022-06-13T21:12:10.3882754+02:00" endTime="2022-06-13T21:12:10.3883388+02:00" testType="13cdc9d9-ddb5-4fa4-a97d-d965ccfc6d4b" outcome="Passed" testListId="8c84fa94-04c1-424b-9868-57a2d4851a1d" relativeResultsDirectory="66d74407-93b2-4012-90a1-7fae37196835" />
    <UnitTestResult executionId="8dbe99c4-e99c-4139-92da-0efce586aaf3" testId="a39be214-338d-4d3b-b7f2-6ba779656ebf" testName="FormatToStringTest1000 (9151.103070427245,9151.10 zł)" computerName="DESKTOP-5URQ9PB" duration="00:00:00.0000061" startTime="2022-06-13T21:12:10.4079925+02:00" endTime="2022-06-13T21:12:10.4080558+02:00" testType="13cdc9d9-ddb5-4fa4-a97d-d965ccfc6d4b" outcome="Passed" testListId="8c84fa94-04c1-424b-9868-57a2d4851a1d" relativeResultsDirectory="8dbe99c4-e99c-4139-92da-0efce586aaf3" />
    <UnitTestResult executionId="9f1ab33d-fcea-41d8-b8f1-97b4a892f3d2" testId="b44e5926-165a-4aa2-9965-d8518f5942dd" testName="FormatToStringTest1000 (12528.413830086782,12528.41 zł)" computerName="DESKTOP-5URQ9PB" duration="00:00:00.0000062" startTime="2022-06-13T21:12:10.2658704+02:00" endTime="2022-06-13T21:12:10.2659376+02:00" testType="13cdc9d9-ddb5-4fa4-a97d-d965ccfc6d4b" outcome="Passed" testListId="8c84fa94-04c1-424b-9868-57a2d4851a1d" relativeResultsDirectory="9f1ab33d-fcea-41d8-b8f1-97b4a892f3d2" />
    <UnitTestResult executionId="5ac4a231-f3a5-4318-befa-afd29e95848e" testId="3ddb81b1-59c7-4d59-9fee-a3c39fc750fe" testName="FormatToStringTest1000 (11.555284778846096,11.56 zł)" computerName="DESKTOP-5URQ9PB" duration="00:00:00.0000063" startTime="2022-06-13T21:12:10.3775017+02:00" endTime="2022-06-13T21:12:10.3775652+02:00" testType="13cdc9d9-ddb5-4fa4-a97d-d965ccfc6d4b" outcome="Passed" testListId="8c84fa94-04c1-424b-9868-57a2d4851a1d" relativeResultsDirectory="5ac4a231-f3a5-4318-befa-afd29e95848e" />
    <UnitTestResult executionId="68f8b54e-e913-489b-8e1e-222e11d4b6cc" testId="be03a2c1-7fc9-49d4-8000-fa3136cb9bd2" testName="FormatToStringTest1000 (25440.18371476614,25440.18 zł)" computerName="DESKTOP-5URQ9PB" duration="00:00:00.0000063" startTime="2022-06-13T21:12:10.1726015+02:00" endTime="2022-06-13T21:12:10.1726694+02:00" testType="13cdc9d9-ddb5-4fa4-a97d-d965ccfc6d4b" outcome="Passed" testListId="8c84fa94-04c1-424b-9868-57a2d4851a1d" relativeResultsDirectory="68f8b54e-e913-489b-8e1e-222e11d4b6cc" />
    <UnitTestResult executionId="cf94fa98-03ac-4094-be5a-4b599c16a856" testId="0fdedb4a-0c19-434d-9e57-05440cd861ee" testName="FormatToStringTest1000 (45955.903045959254,45955.90 zł)" computerName="DESKTOP-5URQ9PB" duration="00:00:00.0000062" startTime="2022-06-13T21:12:10.3480341+02:00" endTime="2022-06-13T21:12:10.3480985+02:00" testType="13cdc9d9-ddb5-4fa4-a97d-d965ccfc6d4b" outcome="Passed" testListId="8c84fa94-04c1-424b-9868-57a2d4851a1d" relativeResultsDirectory="cf94fa98-03ac-4094-be5a-4b599c16a856" />
    <UnitTestResult executionId="a252a1c2-c097-4932-b9d2-a4e6a85a2752" testId="33c8ee7f-cdb1-4235-9452-cc8c3f40e68f" testName="FormatToStringTest1000 (1011.9989482094529,1012.00 zł)" computerName="DESKTOP-5URQ9PB" duration="00:00:00.0000065" startTime="2022-06-13T21:12:10.3227002+02:00" endTime="2022-06-13T21:12:10.3227724+02:00" testType="13cdc9d9-ddb5-4fa4-a97d-d965ccfc6d4b" outcome="Passed" testListId="8c84fa94-04c1-424b-9868-57a2d4851a1d" relativeResultsDirectory="a252a1c2-c097-4932-b9d2-a4e6a85a2752" />
    <UnitTestResult executionId="80c3d346-6c56-4b7d-97df-b2a89f451caa" testId="d240b5ac-73fb-4b59-9d20-3e414edf3abb" testName="FormatToStringTest1000 (1952.6955147062872,1952.70 zł)" computerName="DESKTOP-5URQ9PB" duration="00:00:00.0000064" startTime="2022-06-13T21:12:10.2385422+02:00" endTime="2022-06-13T21:12:10.2386148+02:00" testType="13cdc9d9-ddb5-4fa4-a97d-d965ccfc6d4b" outcome="Passed" testListId="8c84fa94-04c1-424b-9868-57a2d4851a1d" relativeResultsDirectory="80c3d346-6c56-4b7d-97df-b2a89f451caa" />
    <UnitTestResult executionId="1d417efa-b467-41c3-bd6f-e9e38cc29a56" testId="82461d47-2d7c-4068-aa9b-07c128f8797c" testName="FormatToStringTest1000 (10066.059180456241,10066.06 zł)" computerName="DESKTOP-5URQ9PB" duration="00:00:00.0000063" startTime="2022-06-13T21:12:10.3809097+02:00" endTime="2022-06-13T21:12:10.3809739+02:00" testType="13cdc9d9-ddb5-4fa4-a97d-d965ccfc6d4b" outcome="Passed" testListId="8c84fa94-04c1-424b-9868-57a2d4851a1d" relativeResultsDirectory="1d417efa-b467-41c3-bd6f-e9e38cc29a56" />
    <UnitTestResult executionId="2fc9e0fe-b276-4f5e-b162-83006071b472" testId="aaba47fc-1581-44a8-ae9c-27e43b9c631d" testName="FormatToStringTest1000 (29508.077101491428,29508.08 zł)" computerName="DESKTOP-5URQ9PB" duration="00:00:00.0000064" startTime="2022-06-13T21:12:10.1287112+02:00" endTime="2022-06-13T21:12:10.1287791+02:00" testType="13cdc9d9-ddb5-4fa4-a97d-d965ccfc6d4b" outcome="Passed" testListId="8c84fa94-04c1-424b-9868-57a2d4851a1d" relativeResultsDirectory="2fc9e0fe-b276-4f5e-b162-83006071b472" />
    <UnitTestResult executionId="db421a18-39db-43c1-ad8e-583b45a5c16f" testId="4c249a64-de28-4c33-82ff-6ec930446968" testName="FormatToStringTest1000 (17875.613377604455,17875.61 zł)" computerName="DESKTOP-5URQ9PB" duration="00:00:00.0000104" startTime="2022-06-13T21:12:10.1611141+02:00" endTime="2022-06-13T21:12:10.1612376+02:00" testType="13cdc9d9-ddb5-4fa4-a97d-d965ccfc6d4b" outcome="Passed" testListId="8c84fa94-04c1-424b-9868-57a2d4851a1d" relativeResultsDirectory="db421a18-39db-43c1-ad8e-583b45a5c16f" />
    <UnitTestResult executionId="0235318b-92d1-4965-a9dd-8b4e569c782b" testId="2c49619e-6cd6-4b2c-b5da-fbf2c9810276" testName="FormatToStringTest1000 (58111.21259843521,58111.21 zł)" computerName="DESKTOP-5URQ9PB" duration="00:00:00.0000122" startTime="2022-06-13T21:12:10.1645428+02:00" endTime="2022-06-13T21:12:10.1646173+02:00" testType="13cdc9d9-ddb5-4fa4-a97d-d965ccfc6d4b" outcome="Passed" testListId="8c84fa94-04c1-424b-9868-57a2d4851a1d" relativeResultsDirectory="0235318b-92d1-4965-a9dd-8b4e569c782b" />
    <UnitTestResult executionId="6e5cc8e8-c44e-4f93-aca2-806ccd87c3c0" testId="1e0cbc8f-924f-4288-a7e9-042d25828044" testName="FormatToStringTest1000 (16819.974312979717,16819.97 zł)" computerName="DESKTOP-5URQ9PB" duration="00:00:00.0000063" startTime="2022-06-13T21:12:10.2324715+02:00" endTime="2022-06-13T21:12:10.2325391+02:00" testType="13cdc9d9-ddb5-4fa4-a97d-d965ccfc6d4b" outcome="Passed" testListId="8c84fa94-04c1-424b-9868-57a2d4851a1d" relativeResultsDirectory="6e5cc8e8-c44e-4f93-aca2-806ccd87c3c0" />
    <UnitTestResult executionId="e15f2173-4552-44b8-9bce-f1ff28a01499" testId="490e873d-dd4d-4372-96a6-2cb138949bdd" testName="FormatToStringTest1000 (47163.337736466594,47163.34 zł)" computerName="DESKTOP-5URQ9PB" duration="00:00:00.0000063" startTime="2022-06-13T21:12:10.3967193+02:00" endTime="2022-06-13T21:12:10.3967828+02:00" testType="13cdc9d9-ddb5-4fa4-a97d-d965ccfc6d4b" outcome="Passed" testListId="8c84fa94-04c1-424b-9868-57a2d4851a1d" relativeResultsDirectory="e15f2173-4552-44b8-9bce-f1ff28a01499" />
    <UnitTestResult executionId="0774a239-63f9-451c-b4bd-71b8785860eb" testId="bbc7fbcb-664a-4736-bbf4-0951700edac3" testName="FormatToStringTest1000 (6710.131197082871,6710.13 zł)" computerName="DESKTOP-5URQ9PB" duration="00:00:00.0000062" startTime="2022-06-13T21:12:10.3966396+02:00" endTime="2022-06-13T21:12:10.3967031+02:00" testType="13cdc9d9-ddb5-4fa4-a97d-d965ccfc6d4b" outcome="Passed" testListId="8c84fa94-04c1-424b-9868-57a2d4851a1d" relativeResultsDirectory="0774a239-63f9-451c-b4bd-71b8785860eb" />
    <UnitTestResult executionId="145557a0-f10c-4310-991e-d382bbfee16b" testId="174f15d5-08ad-4f12-9970-f53d609f5ab1" testName="FormatToStringTest1000 (67380.07704875062,67380.08 zł)" computerName="DESKTOP-5URQ9PB" duration="00:00:00.0000062" startTime="2022-06-13T21:12:10.2061214+02:00" endTime="2022-06-13T21:12:10.2061886+02:00" testType="13cdc9d9-ddb5-4fa4-a97d-d965ccfc6d4b" outcome="Passed" testListId="8c84fa94-04c1-424b-9868-57a2d4851a1d" relativeResultsDirectory="145557a0-f10c-4310-991e-d382bbfee16b" />
    <UnitTestResult executionId="5f43095d-8d5d-4fa1-99db-df30c8a69c34" testId="f1b2e85d-f36a-4194-b966-51239bc49db1" testName="FormatToStringTest1000 (8492.904747505161,8492.90 zł)" computerName="DESKTOP-5URQ9PB" duration="00:00:00.0000061" startTime="2022-06-13T21:12:10.3541494+02:00" endTime="2022-06-13T21:12:10.3542128+02:00" testType="13cdc9d9-ddb5-4fa4-a97d-d965ccfc6d4b" outcome="Passed" testListId="8c84fa94-04c1-424b-9868-57a2d4851a1d" relativeResultsDirectory="5f43095d-8d5d-4fa1-99db-df30c8a69c34" />
    <UnitTestResult executionId="7d4c0524-ed60-4cc6-bebf-a1a9ac869baa" testId="7f17358a-deda-4f2a-8e44-67aa43e2320c" testName="FormatToStringTest1000 (18794.859523484418,18794.86 zł)" computerName="DESKTOP-5URQ9PB" duration="00:00:00.0000061" startTime="2022-06-13T21:12:10.2183287+02:00" endTime="2022-06-13T21:12:10.2183957+02:00" testType="13cdc9d9-ddb5-4fa4-a97d-d965ccfc6d4b" outcome="Passed" testListId="8c84fa94-04c1-424b-9868-57a2d4851a1d" relativeResultsDirectory="7d4c0524-ed60-4cc6-bebf-a1a9ac869baa" />
    <UnitTestResult executionId="a3147fe8-47bc-4b20-8c43-4968fd0e8a15" testId="49f90e52-2e42-43d8-a9ef-57ab641a2c9e" testName="FormatToStringTest1000 (46803.36433423374,46803.36 zł)" computerName="DESKTOP-5URQ9PB" duration="00:00:00.0000063" startTime="2022-06-13T21:12:10.1983748+02:00" endTime="2022-06-13T21:12:10.1984508+02:00" testType="13cdc9d9-ddb5-4fa4-a97d-d965ccfc6d4b" outcome="Passed" testListId="8c84fa94-04c1-424b-9868-57a2d4851a1d" relativeResultsDirectory="a3147fe8-47bc-4b20-8c43-4968fd0e8a15" />
    <UnitTestResult executionId="c3b4403f-e5a3-4a24-bd16-7d4af311e4f6" testId="0dcdbafa-9536-4d46-bbe5-8a162ac5eafb" testName="FormatToStringTest1000 (73477.18206926118,73477.18 zł)" computerName="DESKTOP-5URQ9PB" duration="00:00:00.0000071" startTime="2022-06-13T21:12:10.2446852+02:00" endTime="2022-06-13T21:12:10.2447525+02:00" testType="13cdc9d9-ddb5-4fa4-a97d-d965ccfc6d4b" outcome="Passed" testListId="8c84fa94-04c1-424b-9868-57a2d4851a1d" relativeResultsDirectory="c3b4403f-e5a3-4a24-bd16-7d4af311e4f6" />
    <UnitTestResult executionId="95da3b53-21f5-433a-af7e-858c6198321b" testId="aa7e74dd-5a75-40a5-b9ed-9935edd844e1" testName="FormatToStringTest1000 (24768.25771770359,24768.26 zł)" computerName="DESKTOP-5URQ9PB" duration="00:00:00.0000063" startTime="2022-06-13T21:12:10.2093152+02:00" endTime="2022-06-13T21:12:10.2093815+02:00" testType="13cdc9d9-ddb5-4fa4-a97d-d965ccfc6d4b" outcome="Passed" testListId="8c84fa94-04c1-424b-9868-57a2d4851a1d" relativeResultsDirectory="95da3b53-21f5-433a-af7e-858c6198321b" />
    <UnitTestResult executionId="0777471c-d5f6-4eae-b8b5-1df70fbedc82" testId="664150ff-5b0d-42ae-8ea6-6aef6776c8b6" testName="FormatToStringTest1000 (16637.074429372828,16637.07 zł)" computerName="DESKTOP-5URQ9PB" duration="00:00:00.0000062" startTime="2022-06-13T21:12:10.1814149+02:00" endTime="2022-06-13T21:12:10.1814819+02:00" testType="13cdc9d9-ddb5-4fa4-a97d-d965ccfc6d4b" outcome="Passed" testListId="8c84fa94-04c1-424b-9868-57a2d4851a1d" relativeResultsDirectory="0777471c-d5f6-4eae-b8b5-1df70fbedc82" />
    <UnitTestResult executionId="cf871a6a-15a9-481b-8847-9e85e20ce21b" testId="1b6b97c2-b06d-4302-bf4c-552fb424f2d4" testName="FormatToStringTest1000 (2292.8331871111104,2292.83 zł)" computerName="DESKTOP-5URQ9PB" duration="00:00:00.0000071" startTime="2022-06-13T21:12:10.1164593+02:00" endTime="2022-06-13T21:12:10.1165453+02:00" testType="13cdc9d9-ddb5-4fa4-a97d-d965ccfc6d4b" outcome="Passed" testListId="8c84fa94-04c1-424b-9868-57a2d4851a1d" relativeResultsDirectory="cf871a6a-15a9-481b-8847-9e85e20ce21b" />
    <UnitTestResult executionId="818d030c-fa31-49c8-89f9-4529b1ffc76a" testId="817b1b9b-70a0-42ae-bc71-301f4c06f766" testName="FormatToStringTest1000 (26843.15785584932,26843.16 zł)" computerName="DESKTOP-5URQ9PB" duration="00:00:00.0000063" startTime="2022-06-13T21:12:10.4136216+02:00" endTime="2022-06-13T21:12:10.4136866+02:00" testType="13cdc9d9-ddb5-4fa4-a97d-d965ccfc6d4b" outcome="Passed" testListId="8c84fa94-04c1-424b-9868-57a2d4851a1d" relativeResultsDirectory="818d030c-fa31-49c8-89f9-4529b1ffc76a" />
    <UnitTestResult executionId="228a0a1c-bf84-4f80-9aa7-ad743b800ead" testId="28f2be61-f23d-4805-b70d-45cf911af1d0" testName="FormatToStringTest1000 (22017.250119325356,22017.25 zł)" computerName="DESKTOP-5URQ9PB" duration="00:00:00.0000070" startTime="2022-06-13T21:12:10.1317492+02:00" endTime="2022-06-13T21:12:10.1318196+02:00" testType="13cdc9d9-ddb5-4fa4-a97d-d965ccfc6d4b" outcome="Passed" testListId="8c84fa94-04c1-424b-9868-57a2d4851a1d" relativeResultsDirectory="228a0a1c-bf84-4f80-9aa7-ad743b800ead" />
    <UnitTestResult executionId="5f52962e-01ab-48b2-a1af-20fba7a361ee" testId="18f55ecd-41da-4094-9fad-3fc6b8a02e24" testName="FormatToStringTest1000 (726.8087564975995,726.81 zł)" computerName="DESKTOP-5URQ9PB" duration="00:00:00.0000072" startTime="2022-06-13T21:12:10.0401229+02:00" endTime="2022-06-13T21:12:10.0401933+02:00" testType="13cdc9d9-ddb5-4fa4-a97d-d965ccfc6d4b" outcome="Passed" testListId="8c84fa94-04c1-424b-9868-57a2d4851a1d" relativeResultsDirectory="5f52962e-01ab-48b2-a1af-20fba7a361ee" />
    <UnitTestResult executionId="e5ffc04a-2d0c-4abf-bdcb-17e1da0df1b6" testId="e4cf1bd8-4b9f-405c-8e21-17b94064abcf" testName="FormatToStringTest1000 (6752.510462437062,6752.51 zł)" computerName="DESKTOP-5URQ9PB" duration="00:00:00.0000061" startTime="2022-06-13T21:12:10.1322642+02:00" endTime="2022-06-13T21:12:10.1323308+02:00" testType="13cdc9d9-ddb5-4fa4-a97d-d965ccfc6d4b" outcome="Passed" testListId="8c84fa94-04c1-424b-9868-57a2d4851a1d" relativeResultsDirectory="e5ffc04a-2d0c-4abf-bdcb-17e1da0df1b6" />
    <UnitTestResult executionId="68cb4cfb-8d2e-4b7a-a7f5-65314379d64c" testId="401de33c-d6c6-4742-af1d-b0689384a422" testName="FormatToStringTest1000 (16030.852371789913,16030.85 zł)" computerName="DESKTOP-5URQ9PB" duration="00:00:00.0000110" startTime="2022-06-13T21:12:10.1315831+02:00" endTime="2022-06-13T21:12:10.1317210+02:00" testType="13cdc9d9-ddb5-4fa4-a97d-d965ccfc6d4b" outcome="Passed" testListId="8c84fa94-04c1-424b-9868-57a2d4851a1d" relativeResultsDirectory="68cb4cfb-8d2e-4b7a-a7f5-65314379d64c" />
    <UnitTestResult executionId="57600107-dfa8-4f55-af4c-169d4c68f673" testId="a7e8a3cc-4e2b-4cec-921f-87b4adae7437" testName="FormatToStringTest1000 (31300.40752580967,31300.41 zł)" computerName="DESKTOP-5URQ9PB" duration="00:00:00.0000090" startTime="2022-06-13T21:12:10.1094437+02:00" endTime="2022-06-13T21:12:10.1095224+02:00" testType="13cdc9d9-ddb5-4fa4-a97d-d965ccfc6d4b" outcome="Passed" testListId="8c84fa94-04c1-424b-9868-57a2d4851a1d" relativeResultsDirectory="57600107-dfa8-4f55-af4c-169d4c68f673" />
    <UnitTestResult executionId="d93736da-b13e-4d67-a78f-291360640800" testId="13e44da0-ed47-4943-ac35-0eadf70bc680" testName="FormatToStringTest1000 (37114.901517336206,37114.90 zł)" computerName="DESKTOP-5URQ9PB" duration="00:00:00.0000064" startTime="2022-06-13T21:12:10.3750330+02:00" endTime="2022-06-13T21:12:10.3750967+02:00" testType="13cdc9d9-ddb5-4fa4-a97d-d965ccfc6d4b" outcome="Passed" testListId="8c84fa94-04c1-424b-9868-57a2d4851a1d" relativeResultsDirectory="d93736da-b13e-4d67-a78f-291360640800" />
    <UnitTestResult executionId="ff730e6c-e281-4a76-bcd5-ad49bd23a1f6" testId="617f9df4-8413-430f-9ddd-e0c4f867dc01" testName="FormatToStringTest1000 (17098.491445727876,17098.49 zł)" computerName="DESKTOP-5URQ9PB" duration="00:00:00.0000063" startTime="2022-06-13T21:12:10.3114961+02:00" endTime="2022-06-13T21:12:10.3115626+02:00" testType="13cdc9d9-ddb5-4fa4-a97d-d965ccfc6d4b" outcome="Passed" testListId="8c84fa94-04c1-424b-9868-57a2d4851a1d" relativeResultsDirectory="ff730e6c-e281-4a76-bcd5-ad49bd23a1f6" />
    <UnitTestResult executionId="0c30dfa5-bbee-4a43-bec9-39f11652237a" testId="cbc1fd76-e634-4a5e-a39d-d966bf72428d" testName="FormatToStringTest1000 (2951.2722077329045,2951.27 zł)" computerName="DESKTOP-5URQ9PB" duration="00:00:00.0000062" startTime="2022-06-13T21:12:10.1682764+02:00" endTime="2022-06-13T21:12:10.1683431+02:00" testType="13cdc9d9-ddb5-4fa4-a97d-d965ccfc6d4b" outcome="Passed" testListId="8c84fa94-04c1-424b-9868-57a2d4851a1d" relativeResultsDirectory="0c30dfa5-bbee-4a43-bec9-39f11652237a" />
    <UnitTestResult executionId="f0f64587-45a7-478c-854a-b39a17abaac0" testId="1addae71-1f2f-4886-9073-47abd160a56d" testName="FormatToStringTest1000 (16388.556189478633,16388.56 zł)" computerName="DESKTOP-5URQ9PB" duration="00:00:00.0000062" startTime="2022-06-13T21:12:10.3640824+02:00" endTime="2022-06-13T21:12:10.3641525+02:00" testType="13cdc9d9-ddb5-4fa4-a97d-d965ccfc6d4b" outcome="Passed" testListId="8c84fa94-04c1-424b-9868-57a2d4851a1d" relativeResultsDirectory="f0f64587-45a7-478c-854a-b39a17abaac0" />
    <UnitTestResult executionId="e7635ad1-0daf-4dd0-af7a-de6bbba26854" testId="f02a319c-e6ac-4278-bdec-5f685bf4c3bc" testName="FormatToStringTest1000 (14218.204344010543,14218.20 zł)" computerName="DESKTOP-5URQ9PB" duration="00:00:00.0000064" startTime="2022-06-13T21:12:10.3771808+02:00" endTime="2022-06-13T21:12:10.3772446+02:00" testType="13cdc9d9-ddb5-4fa4-a97d-d965ccfc6d4b" outcome="Passed" testListId="8c84fa94-04c1-424b-9868-57a2d4851a1d" relativeResultsDirectory="e7635ad1-0daf-4dd0-af7a-de6bbba26854" />
    <UnitTestResult executionId="0f05aca2-57bf-4dc9-a27f-cd4f8579b825" testId="7b5be877-9da3-4459-bb18-e99a1744653e" testName="FormatToStringTest1000 (45340.017357165,45340.02 zł)" computerName="DESKTOP-5URQ9PB" duration="00:00:00.0000064" startTime="2022-06-13T21:12:10.2685030+02:00" endTime="2022-06-13T21:12:10.2685691+02:00" testType="13cdc9d9-ddb5-4fa4-a97d-d965ccfc6d4b" outcome="Passed" testListId="8c84fa94-04c1-424b-9868-57a2d4851a1d" relativeResultsDirectory="0f05aca2-57bf-4dc9-a27f-cd4f8579b825" />
    <UnitTestResult executionId="efd7b7dc-d513-4978-aeb7-2d87e8e9f63b" testId="5b1d7a85-e9c0-4d85-b8c9-fbf216f8fc6a" testName="FormatToStringTest1000 (11944.74385168531,11944.74 zł)" computerName="DESKTOP-5URQ9PB" duration="00:00:00.0000064" startTime="2022-06-13T21:12:10.4055556+02:00" endTime="2022-06-13T21:12:10.4056260+02:00" testType="13cdc9d9-ddb5-4fa4-a97d-d965ccfc6d4b" outcome="Passed" testListId="8c84fa94-04c1-424b-9868-57a2d4851a1d" relativeResultsDirectory="efd7b7dc-d513-4978-aeb7-2d87e8e9f63b" />
    <UnitTestResult executionId="f610a660-6c2d-4daf-9b06-32c020547d90" testId="dedcc320-3c4f-4c17-af21-5dbc434f99a9" testName="FormatToStringTest1000 (28080.92507087669,28080.93 zł)" computerName="DESKTOP-5URQ9PB" duration="00:00:00.0000064" startTime="2022-06-13T21:12:10.3904068+02:00" endTime="2022-06-13T21:12:10.3904714+02:00" testType="13cdc9d9-ddb5-4fa4-a97d-d965ccfc6d4b" outcome="Passed" testListId="8c84fa94-04c1-424b-9868-57a2d4851a1d" relativeResultsDirectory="f610a660-6c2d-4daf-9b06-32c020547d90" />
    <UnitTestResult executionId="fdea7d88-0dd4-4f89-b1e8-6e704623b6c3" testId="d8919ae3-36c7-4ee6-8bad-ce5af4bbeddd" testName="FormatToStringTest1000 (4025.728369236797,4025.73 zł)" computerName="DESKTOP-5URQ9PB" duration="00:00:00.0000072" startTime="2022-06-13T21:12:10.2444101+02:00" endTime="2022-06-13T21:12:10.2444905+02:00" testType="13cdc9d9-ddb5-4fa4-a97d-d965ccfc6d4b" outcome="Passed" testListId="8c84fa94-04c1-424b-9868-57a2d4851a1d" relativeResultsDirectory="fdea7d88-0dd4-4f89-b1e8-6e704623b6c3" />
    <UnitTestResult executionId="b05e28fb-e322-419e-9f84-27d5adf691cf" testId="42cb4cc6-b844-443f-995a-80b8deef468a" testName="FormatToStringTest1000 (30360.993128030557,30360.99 zł)" computerName="DESKTOP-5URQ9PB" duration="00:00:00.0000064" startTime="2022-06-13T21:12:10.4133671+02:00" endTime="2022-06-13T21:12:10.4134372+02:00" testType="13cdc9d9-ddb5-4fa4-a97d-d965ccfc6d4b" outcome="Passed" testListId="8c84fa94-04c1-424b-9868-57a2d4851a1d" relativeResultsDirectory="b05e28fb-e322-419e-9f84-27d5adf691cf" />
    <UnitTestResult executionId="85d4da08-6bb3-4328-8824-e7e4a46c87b9" testId="8bb143ed-1b2e-4986-8e29-3294f1545dd2" testName="FormatToStringTest1000 (41876.979471482795,41876.98 zł)" computerName="DESKTOP-5URQ9PB" duration="00:00:00.0000066" startTime="2022-06-13T21:12:10.1208925+02:00" endTime="2022-06-13T21:12:10.1209769+02:00" testType="13cdc9d9-ddb5-4fa4-a97d-d965ccfc6d4b" outcome="Passed" testListId="8c84fa94-04c1-424b-9868-57a2d4851a1d" relativeResultsDirectory="85d4da08-6bb3-4328-8824-e7e4a46c87b9" />
    <UnitTestResult executionId="66427ba6-143b-457a-925d-a6e0d0604e53" testId="be8aa422-18f1-4f71-8ff8-6eaa5c590c70" testName="FormatToStringTest1000 (26133.133789601336,26133.13 zł)" computerName="DESKTOP-5URQ9PB" duration="00:00:00.0000065" startTime="2022-06-13T21:12:10.1248219+02:00" endTime="2022-06-13T21:12:10.1249012+02:00" testType="13cdc9d9-ddb5-4fa4-a97d-d965ccfc6d4b" outcome="Passed" testListId="8c84fa94-04c1-424b-9868-57a2d4851a1d" relativeResultsDirectory="66427ba6-143b-457a-925d-a6e0d0604e53" />
    <UnitTestResult executionId="87aef33c-b98f-4bd2-9673-ece5883e3d95" testId="11b763fd-5495-4910-a69b-4a81a4cc3106" testName="FormatToStringTest1000 (2505.286326204094,2505.29 zł)" computerName="DESKTOP-5URQ9PB" duration="00:00:00.0000359" startTime="2022-06-13T21:12:10.2875342+02:00" endTime="2022-06-13T21:12:10.2879244+02:00" testType="13cdc9d9-ddb5-4fa4-a97d-d965ccfc6d4b" outcome="Passed" testListId="8c84fa94-04c1-424b-9868-57a2d4851a1d" relativeResultsDirectory="87aef33c-b98f-4bd2-9673-ece5883e3d95" />
    <UnitTestResult executionId="0bb904c3-ef3d-4c44-ba25-88e10ac460a0" testId="0e89102a-4b4d-445c-9133-2f67473f2baf" testName="FormatToStringTest1000 (21728.91641959963,21728.92 zł)" computerName="DESKTOP-5URQ9PB" duration="00:00:00.0000063" startTime="2022-06-13T21:12:10.4156207+02:00" endTime="2022-06-13T21:12:10.4156942+02:00" testType="13cdc9d9-ddb5-4fa4-a97d-d965ccfc6d4b" outcome="Passed" testListId="8c84fa94-04c1-424b-9868-57a2d4851a1d" relativeResultsDirectory="0bb904c3-ef3d-4c44-ba25-88e10ac460a0" />
    <UnitTestResult executionId="763bd255-a4a9-4112-8cb7-dc736aa0d37c" testId="0813af3e-6aed-4cf6-9e81-894cce20be02" testName="FormatToStringTest1000 (79.6815319544084,79.68 zł)" computerName="DESKTOP-5URQ9PB" duration="00:00:00.0000186" startTime="2022-06-13T21:12:10.0812540+02:00" endTime="2022-06-13T21:12:10.0814454+02:00" testType="13cdc9d9-ddb5-4fa4-a97d-d965ccfc6d4b" outcome="Passed" testListId="8c84fa94-04c1-424b-9868-57a2d4851a1d" relativeResultsDirectory="763bd255-a4a9-4112-8cb7-dc736aa0d37c" />
    <UnitTestResult executionId="ee0ce18d-b282-4567-ad44-294f158ed8b2" testId="c6294928-5d7d-4650-9b3d-72a993549a3e" testName="FormatToStringTest1000 (69373.32129976773,69373.32 zł)" computerName="DESKTOP-5URQ9PB" duration="00:00:00.0000063" startTime="2022-06-13T21:12:10.2657865+02:00" endTime="2022-06-13T21:12:10.2658532+02:00" testType="13cdc9d9-ddb5-4fa4-a97d-d965ccfc6d4b" outcome="Passed" testListId="8c84fa94-04c1-424b-9868-57a2d4851a1d" relativeResultsDirectory="ee0ce18d-b282-4567-ad44-294f158ed8b2" />
    <UnitTestResult executionId="4a3f6569-d18e-41df-a644-e45dd42251d6" testId="cd6253fa-2d11-4850-9156-4e9c31a7d3b7" testName="FormatToStringTest1000 (7621.507806692509,7621.51 zł)" computerName="DESKTOP-5URQ9PB" duration="00:00:00.0000063" startTime="2022-06-13T21:12:10.2477598+02:00" endTime="2022-06-13T21:12:10.2478271+02:00" testType="13cdc9d9-ddb5-4fa4-a97d-d965ccfc6d4b" outcome="Passed" testListId="8c84fa94-04c1-424b-9868-57a2d4851a1d" relativeResultsDirectory="4a3f6569-d18e-41df-a644-e45dd42251d6" />
    <UnitTestResult executionId="0125e2d2-52be-44c5-aba1-46b099a45ccf" testId="b5f70501-7f46-4e16-ab05-c59a8e2e1e2b" testName="FormatToStringTest1000 (52810.91713865516,52810.92 zł)" computerName="DESKTOP-5URQ9PB" duration="00:00:00.0000065" startTime="2022-06-13T21:12:10.0404693+02:00" endTime="2022-06-13T21:12:10.0405356+02:00" testType="13cdc9d9-ddb5-4fa4-a97d-d965ccfc6d4b" outcome="Passed" testListId="8c84fa94-04c1-424b-9868-57a2d4851a1d" relativeResultsDirectory="0125e2d2-52be-44c5-aba1-46b099a45ccf" />
    <UnitTestResult executionId="601d5b56-0618-42eb-b7bd-537329933ff8" testId="6a5bbb04-b891-42e9-9f8c-8e46c5ea38db" testName="FormatToStringTest1000 (964.9678631783313,964.97 zł)" computerName="DESKTOP-5URQ9PB" duration="00:00:00.0000063" startTime="2022-06-13T21:12:10.1918072+02:00" endTime="2022-06-13T21:12:10.1918799+02:00" testType="13cdc9d9-ddb5-4fa4-a97d-d965ccfc6d4b" outcome="Passed" testListId="8c84fa94-04c1-424b-9868-57a2d4851a1d" relativeResultsDirectory="601d5b56-0618-42eb-b7bd-537329933ff8" />
    <UnitTestResult executionId="c8ff160f-a49e-4504-af0b-f85e0f841f5d" testId="bedf300f-6518-43a4-bb7e-ac9fae740372" testName="FormatToStringTest1000 (87505.85936583664,87505.86 zł)" computerName="DESKTOP-5URQ9PB" duration="00:00:00.0000476" startTime="2022-06-13T21:12:10.2847513+02:00" endTime="2022-06-13T21:12:10.2853034+02:00" testType="13cdc9d9-ddb5-4fa4-a97d-d965ccfc6d4b" outcome="Passed" testListId="8c84fa94-04c1-424b-9868-57a2d4851a1d" relativeResultsDirectory="c8ff160f-a49e-4504-af0b-f85e0f841f5d" />
    <UnitTestResult executionId="5b4da068-1915-4e0d-9088-66f69ddb3ca2" testId="78ceeffc-ff60-45d0-b169-a8bc1e58243d" testName="FormatToStringTest1000 (32821.05661472215,32821.06 zł)" computerName="DESKTOP-5URQ9PB" duration="00:00:00.0000071" startTime="2022-06-13T21:12:10.3362363+02:00" endTime="2022-06-13T21:12:10.3363001+02:00" testType="13cdc9d9-ddb5-4fa4-a97d-d965ccfc6d4b" outcome="Passed" testListId="8c84fa94-04c1-424b-9868-57a2d4851a1d" relativeResultsDirectory="5b4da068-1915-4e0d-9088-66f69ddb3ca2" />
    <UnitTestResult executionId="fea0b3ef-6c66-45b4-84a5-c1e5b4d49d94" testId="eb3e2cf5-a0ed-4a5e-a97f-55a3ad391e87" testName="FormatToStringTest1000 (22678.795878462864,22678.80 zł)" computerName="DESKTOP-5URQ9PB" duration="00:00:00.0000072" startTime="2022-06-13T21:12:10.3596950+02:00" endTime="2022-06-13T21:12:10.3597702+02:00" testType="13cdc9d9-ddb5-4fa4-a97d-d965ccfc6d4b" outcome="Passed" testListId="8c84fa94-04c1-424b-9868-57a2d4851a1d" relativeResultsDirectory="fea0b3ef-6c66-45b4-84a5-c1e5b4d49d94" />
    <UnitTestResult executionId="12ec7c52-8cc3-43b1-aaf9-793d52e4d400" testId="096e7154-11fc-4378-ae7e-612ab1df2527" testName="FormatToStringTest1000 (4105.490993980081,4105.49 zł)" computerName="DESKTOP-5URQ9PB" duration="00:00:00.0000061" startTime="2022-06-13T21:12:10.1846728+02:00" endTime="2022-06-13T21:12:10.1847400+02:00" testType="13cdc9d9-ddb5-4fa4-a97d-d965ccfc6d4b" outcome="Passed" testListId="8c84fa94-04c1-424b-9868-57a2d4851a1d" relativeResultsDirectory="12ec7c52-8cc3-43b1-aaf9-793d52e4d400" />
    <UnitTestResult executionId="fa2e2955-04bc-46c6-9f27-bd17a77f69a6" testId="6cf6cd6e-166e-4857-862f-0f6ba1d83da3" testName="FormatToStringTest1000 (79339.95632144621,79339.96 zł)" computerName="DESKTOP-5URQ9PB" duration="00:00:00.0000063" startTime="2022-06-13T21:12:10.4079129+02:00" endTime="2022-06-13T21:12:10.4079761+02:00" testType="13cdc9d9-ddb5-4fa4-a97d-d965ccfc6d4b" outcome="Passed" testListId="8c84fa94-04c1-424b-9868-57a2d4851a1d" relativeResultsDirectory="fa2e2955-04bc-46c6-9f27-bd17a77f69a6" />
    <UnitTestResult executionId="db028d20-66b7-4210-aea4-5ab57da936f5" testId="3979b64b-fde9-41c6-8f4c-a1b95c762d11" testName="FormatToStringTest1000 (30533.30031120838,30533.30 zł)" computerName="DESKTOP-5URQ9PB" duration="00:00:00.0000371" startTime="2022-06-13T21:12:10.2964627+02:00" endTime="2022-06-13T21:12:10.2966421+02:00" testType="13cdc9d9-ddb5-4fa4-a97d-d965ccfc6d4b" outcome="Passed" testListId="8c84fa94-04c1-424b-9868-57a2d4851a1d" relativeResultsDirectory="db028d20-66b7-4210-aea4-5ab57da936f5" />
    <UnitTestResult executionId="83924c1f-dd13-4620-a107-93bff5e2db4d" testId="68a7c8a4-c30c-4d8b-9230-a551fb4e1217" testName="FormatToStringTest1000 (21996.80326662576,21996.80 zł)" computerName="DESKTOP-5URQ9PB" duration="00:00:00.0000064" startTime="2022-06-13T21:12:10.4115302+02:00" endTime="2022-06-13T21:12:10.4115943+02:00" testType="13cdc9d9-ddb5-4fa4-a97d-d965ccfc6d4b" outcome="Passed" testListId="8c84fa94-04c1-424b-9868-57a2d4851a1d" relativeResultsDirectory="83924c1f-dd13-4620-a107-93bff5e2db4d" />
    <UnitTestResult executionId="f0749bcd-0528-4413-bdf9-5f66e52f9b33" testId="2bb7510c-b723-4e35-af9f-d3e057071abd" testName="FormatToStringTest1000 (18340.8953197882,18340.90 zł)" computerName="DESKTOP-5URQ9PB" duration="00:00:00.0000075" startTime="2022-06-13T21:12:10.3920816+02:00" endTime="2022-06-13T21:12:10.3921556+02:00" testType="13cdc9d9-ddb5-4fa4-a97d-d965ccfc6d4b" outcome="Passed" testListId="8c84fa94-04c1-424b-9868-57a2d4851a1d" relativeResultsDirectory="f0749bcd-0528-4413-bdf9-5f66e52f9b33" />
    <UnitTestResult executionId="d19ecd36-6196-422f-84e0-3b3cf092126e" testId="d37cfc3b-678a-487e-8cb9-205fa04a3739" testName="FormatToStringTest1000 (68479.93492677805,68479.93 zł)" computerName="DESKTOP-5URQ9PB" duration="00:00:00.0000063" startTime="2022-06-13T21:12:10.3944195+02:00" endTime="2022-06-13T21:12:10.3944852+02:00" testType="13cdc9d9-ddb5-4fa4-a97d-d965ccfc6d4b" outcome="Passed" testListId="8c84fa94-04c1-424b-9868-57a2d4851a1d" relativeResultsDirectory="d19ecd36-6196-422f-84e0-3b3cf092126e" />
    <UnitTestResult executionId="e5d6c485-ee19-4b02-b394-552230c91f20" testId="a015c17d-a5be-4981-8c5a-1df34f60c6b7" testName="FormatToStringTest1000 (46790.41011887715,46790.41 zł)" computerName="DESKTOP-5URQ9PB" duration="00:00:00.0000062" startTime="2022-06-13T21:12:10.2722512+02:00" endTime="2022-06-13T21:12:10.2723188+02:00" testType="13cdc9d9-ddb5-4fa4-a97d-d965ccfc6d4b" outcome="Passed" testListId="8c84fa94-04c1-424b-9868-57a2d4851a1d" relativeResultsDirectory="e5d6c485-ee19-4b02-b394-552230c91f20" />
    <UnitTestResult executionId="bfc526d4-cfe5-483f-a51b-df8243772b86" testId="2ab2c521-ef49-459a-8ac0-f2753a07dbf5" testName="FormatToStringTest1000 (37561.969571757116,37561.97 zł)" computerName="DESKTOP-5URQ9PB" duration="00:00:00.0000064" startTime="2022-06-13T21:12:10.2282318+02:00" endTime="2022-06-13T21:12:10.2283073+02:00" testType="13cdc9d9-ddb5-4fa4-a97d-d965ccfc6d4b" outcome="Passed" testListId="8c84fa94-04c1-424b-9868-57a2d4851a1d" relativeResultsDirectory="bfc526d4-cfe5-483f-a51b-df8243772b86" />
    <UnitTestResult executionId="05c64c6d-cbc6-41d1-9eab-a36ace8182fe" testId="ba8c7679-70c7-4d84-af55-db49f01be162" testName="FormatToStringTest1000 (26885.71162707904,26885.71 zł)" computerName="DESKTOP-5URQ9PB" duration="00:00:00.0000064" startTime="2022-06-13T21:12:10.1286218+02:00" endTime="2022-06-13T21:12:10.1286934+02:00" testType="13cdc9d9-ddb5-4fa4-a97d-d965ccfc6d4b" outcome="Passed" testListId="8c84fa94-04c1-424b-9868-57a2d4851a1d" relativeResultsDirectory="05c64c6d-cbc6-41d1-9eab-a36ace8182fe" />
    <UnitTestResult executionId="d4121a37-cd3d-4982-9a80-32700e68c615" testId="e2a6e571-2c33-4946-a90f-b59f2e1736f5" testName="FormatToStringTest1000 (8885.065440211942,8885.07 zł)" computerName="DESKTOP-5URQ9PB" duration="00:00:00.0000065" startTime="2022-06-13T21:12:10.2576910+02:00" endTime="2022-06-13T21:12:10.2577717+02:00" testType="13cdc9d9-ddb5-4fa4-a97d-d965ccfc6d4b" outcome="Passed" testListId="8c84fa94-04c1-424b-9868-57a2d4851a1d" relativeResultsDirectory="d4121a37-cd3d-4982-9a80-32700e68c615" />
    <UnitTestResult executionId="9cd0057c-f6ef-4a0b-bd1f-b333c0a7fa75" testId="3e4ca5a8-889f-4a8f-979e-f404162cd1d8" testName="FormatToStringTest1000 (10661.19584154207,10661.20 zł)" computerName="DESKTOP-5URQ9PB" duration="00:00:00.0000063" startTime="2022-06-13T21:12:10.3426679+02:00" endTime="2022-06-13T21:12:10.3427323+02:00" testType="13cdc9d9-ddb5-4fa4-a97d-d965ccfc6d4b" outcome="Passed" testListId="8c84fa94-04c1-424b-9868-57a2d4851a1d" relativeResultsDirectory="9cd0057c-f6ef-4a0b-bd1f-b333c0a7fa75" />
    <UnitTestResult executionId="ae69d436-9784-406d-85cc-d01d9d42cebf" testId="36bdd841-8ee0-461a-8790-c348b0c09fa3" testName="FormatToStringTest1000 (88584.97010041306,88584.97 zł)" computerName="DESKTOP-5URQ9PB" duration="00:00:00.0000063" startTime="2022-06-13T21:12:10.2416508+02:00" endTime="2022-06-13T21:12:10.2417182+02:00" testType="13cdc9d9-ddb5-4fa4-a97d-d965ccfc6d4b" outcome="Passed" testListId="8c84fa94-04c1-424b-9868-57a2d4851a1d" relativeResultsDirectory="ae69d436-9784-406d-85cc-d01d9d42cebf" />
    <UnitTestResult executionId="8d72a05e-8f0f-4a2e-9717-e584aaf857cb" testId="90c7c639-3673-48ae-9a51-0e1ef1fb9d31" testName="FormatToStringTest1000 (3588.260979617136,3588.26 zł)" computerName="DESKTOP-5URQ9PB" duration="00:00:00.0000061" startTime="2022-06-13T21:12:10.3771007+02:00" endTime="2022-06-13T21:12:10.3771643+02:00" testType="13cdc9d9-ddb5-4fa4-a97d-d965ccfc6d4b" outcome="Passed" testListId="8c84fa94-04c1-424b-9868-57a2d4851a1d" relativeResultsDirectory="8d72a05e-8f0f-4a2e-9717-e584aaf857cb" />
    <UnitTestResult executionId="333d357c-3e8c-4a07-8c10-dd114c753579" testId="9de4d0bd-987d-4a0b-b66d-eab6aaf68fd4" testName="FormatToStringTest1000 (32216.686763396807,32216.69 zł)" computerName="DESKTOP-5URQ9PB" duration="00:00:00.0000069" startTime="2022-06-13T21:12:10.0400252+02:00" endTime="2022-06-13T21:12:10.0401044+02:00" testType="13cdc9d9-ddb5-4fa4-a97d-d965ccfc6d4b" outcome="Passed" testListId="8c84fa94-04c1-424b-9868-57a2d4851a1d" relativeResultsDirectory="333d357c-3e8c-4a07-8c10-dd114c753579" />
    <UnitTestResult executionId="cbbae666-15a4-4b70-b94e-b128d51ea233" testId="94a372da-ae33-43a1-9373-c3444cd39f30" testName="FormatToStringTest1000 (63115.864864394935,63115.86 zł)" computerName="DESKTOP-5URQ9PB" duration="00:00:00.0000079" startTime="2022-06-13T21:12:10.1323482+02:00" endTime="2022-06-13T21:12:10.1324196+02:00" testType="13cdc9d9-ddb5-4fa4-a97d-d965ccfc6d4b" outcome="Passed" testListId="8c84fa94-04c1-424b-9868-57a2d4851a1d" relativeResultsDirectory="cbbae666-15a4-4b70-b94e-b128d51ea233" />
    <UnitTestResult executionId="4fd13697-624c-446f-8e88-0770a1d124cc" testId="1a287212-ea56-44aa-9da4-3b25e0ee5227" testName="FormatToStringTest1000 (7182.939759099362,7182.94 zł)" computerName="DESKTOP-5URQ9PB" duration="00:00:00.0000064" startTime="2022-06-13T21:12:10.1916229+02:00" endTime="2022-06-13T21:12:10.1916986+02:00" testType="13cdc9d9-ddb5-4fa4-a97d-d965ccfc6d4b" outcome="Passed" testListId="8c84fa94-04c1-424b-9868-57a2d4851a1d" relativeResultsDirectory="4fd13697-624c-446f-8e88-0770a1d124cc" />
    <UnitTestResult executionId="11b5f45e-1c39-43fa-af84-ac95bb2fef4e" testId="b952cbcd-96b8-4d93-a512-e364325bbf33" testName="FormatToStringTest1000 (6146.91236741278,6146.91 zł)" computerName="DESKTOP-5URQ9PB" duration="00:00:00.0000063" startTime="2022-06-13T21:12:10.4003985+02:00" endTime="2022-06-13T21:12:10.4004607+02:00" testType="13cdc9d9-ddb5-4fa4-a97d-d965ccfc6d4b" outcome="Passed" testListId="8c84fa94-04c1-424b-9868-57a2d4851a1d" relativeResultsDirectory="11b5f45e-1c39-43fa-af84-ac95bb2fef4e" />
    <UnitTestResult executionId="15c18f5b-dc26-4bce-8089-7851a643cc78" testId="093799cf-0698-4c48-ac9e-1e40dda25154" testName="FormatToStringTest1000 (37826.846755123166,37826.85 zł)" computerName="DESKTOP-5URQ9PB" duration="00:00:00.0000064" startTime="2022-06-13T21:12:10.3224116+02:00" endTime="2022-06-13T21:12:10.3224871+02:00" testType="13cdc9d9-ddb5-4fa4-a97d-d965ccfc6d4b" outcome="Passed" testListId="8c84fa94-04c1-424b-9868-57a2d4851a1d" relativeResultsDirectory="15c18f5b-dc26-4bce-8089-7851a643cc78" />
    <UnitTestResult executionId="1eb83bf1-fa00-43e9-bc4a-eef06aecac5f" testId="816f25c0-227c-4317-b78f-098626b8921c" testName="FormatToStringTest1000 (577.6071367564645,577.61 zł)" computerName="DESKTOP-5URQ9PB" duration="00:00:00.0000062" startTime="2022-06-13T21:12:10.3907372+02:00" endTime="2022-06-13T21:12:10.3908014+02:00" testType="13cdc9d9-ddb5-4fa4-a97d-d965ccfc6d4b" outcome="Passed" testListId="8c84fa94-04c1-424b-9868-57a2d4851a1d" relativeResultsDirectory="1eb83bf1-fa00-43e9-bc4a-eef06aecac5f" />
    <UnitTestResult executionId="b8be6cb6-a46b-448f-9a3c-1cb8fade78d6" testId="296aba4a-7aad-46c8-b711-cca7eebc6035" testName="FormatToStringTest1000 (1514.6266382441981,1514.63 zł)" computerName="DESKTOP-5URQ9PB" duration="00:00:00.0000094" startTime="2022-06-13T21:12:10.2276730+02:00" endTime="2022-06-13T21:12:10.2277461+02:00" testType="13cdc9d9-ddb5-4fa4-a97d-d965ccfc6d4b" outcome="Passed" testListId="8c84fa94-04c1-424b-9868-57a2d4851a1d" relativeResultsDirectory="b8be6cb6-a46b-448f-9a3c-1cb8fade78d6" />
    <UnitTestResult executionId="66b38c58-114e-4cc8-a80f-3ce978aa0d84" testId="4c4eba7a-223a-4b60-b446-d151bc371c1a" testName="FormatToStringTest1000 (20737.251994218328,20737.25 zł)" computerName="DESKTOP-5URQ9PB" duration="00:00:00.0000063" startTime="2022-06-13T21:12:10.1390170+02:00" endTime="2022-06-13T21:12:10.1390844+02:00" testType="13cdc9d9-ddb5-4fa4-a97d-d965ccfc6d4b" outcome="Passed" testListId="8c84fa94-04c1-424b-9868-57a2d4851a1d" relativeResultsDirectory="66b38c58-114e-4cc8-a80f-3ce978aa0d84" />
    <UnitTestResult executionId="9f21e746-9463-4dec-b117-3540609a8066" testId="e97b9c94-3b2e-4f48-ae9f-9f212e3be14f" testName="FormatToStringTest1000 (803.2448148733214,803.24 zł)" computerName="DESKTOP-5URQ9PB" duration="00:00:00.0000065" startTime="2022-06-13T21:12:10.3943365+02:00" endTime="2022-06-13T21:12:10.3944005+02:00" testType="13cdc9d9-ddb5-4fa4-a97d-d965ccfc6d4b" outcome="Passed" testListId="8c84fa94-04c1-424b-9868-57a2d4851a1d" relativeResultsDirectory="9f21e746-9463-4dec-b117-3540609a8066" />
    <UnitTestResult executionId="b6cc16c4-a177-4094-a1e1-e5261d4bcc2c" testId="04824be4-b523-458d-9578-377efa90add0" testName="FormatToStringTest1000 (22678.643495744862,22678.64 zł)" computerName="DESKTOP-5URQ9PB" duration="00:00:00.0000066" startTime="2022-06-13T21:12:10.3445615+02:00" endTime="2022-06-13T21:12:10.3446493+02:00" testType="13cdc9d9-ddb5-4fa4-a97d-d965ccfc6d4b" outcome="Passed" testListId="8c84fa94-04c1-424b-9868-57a2d4851a1d" relativeResultsDirectory="b6cc16c4-a177-4094-a1e1-e5261d4bcc2c" />
    <UnitTestResult executionId="63958d89-4e60-44af-b83e-afd164be1bb1" testId="7cf93f55-e672-4932-bb3a-589c97cb1cba" testName="FormatToStringTest1000 (35784.54232617307,35784.54 zł)" computerName="DESKTOP-5URQ9PB" duration="00:00:00.0000067" startTime="2022-06-13T21:12:10.0930053+02:00" endTime="2022-06-13T21:12:10.0930783+02:00" testType="13cdc9d9-ddb5-4fa4-a97d-d965ccfc6d4b" outcome="Passed" testListId="8c84fa94-04c1-424b-9868-57a2d4851a1d" relativeResultsDirectory="63958d89-4e60-44af-b83e-afd164be1bb1" />
    <UnitTestResult executionId="2b737a1d-83d1-495a-8e88-8960164945cb" testId="fe329465-00a3-4f84-a4e1-f6b2c3a29af0" testName="FormatToStringTest1000 (16673.5121774904,16673.51 zł)" computerName="DESKTOP-5URQ9PB" duration="00:00:00.0000070" startTime="2022-06-13T21:12:10.2383751+02:00" endTime="2022-06-13T21:12:10.2384407+02:00" testType="13cdc9d9-ddb5-4fa4-a97d-d965ccfc6d4b" outcome="Passed" testListId="8c84fa94-04c1-424b-9868-57a2d4851a1d" relativeResultsDirectory="2b737a1d-83d1-495a-8e88-8960164945cb" />
    <UnitTestResult executionId="416707a9-fda6-48bc-ad96-083589d278ce" testId="12887b1f-6dd9-4c55-bf2d-04471ec2ea35" testName="FormatToStringTest1000 (918.1842976688334,918.18 zł)" computerName="DESKTOP-5URQ9PB" duration="00:00:00.0000063" startTime="2022-06-13T21:12:10.1065273+02:00" endTime="2022-06-13T21:12:10.1065951+02:00" testType="13cdc9d9-ddb5-4fa4-a97d-d965ccfc6d4b" outcome="Passed" testListId="8c84fa94-04c1-424b-9868-57a2d4851a1d" relativeResultsDirectory="416707a9-fda6-48bc-ad96-083589d278ce" />
    <UnitTestResult executionId="b8dc55eb-6e6f-44aa-a35d-3914ad89d7d5" testId="1edab7de-1d32-4e87-b668-4e0ea80c3538" testName="FormatToStringTest1000 (5591.2222540617095,5591.22 zł)" computerName="DESKTOP-5URQ9PB" duration="00:00:00.0000273" startTime="2022-06-13T21:12:10.2975380+02:00" endTime="2022-06-13T21:12:10.2977305+02:00" testType="13cdc9d9-ddb5-4fa4-a97d-d965ccfc6d4b" outcome="Passed" testListId="8c84fa94-04c1-424b-9868-57a2d4851a1d" relativeResultsDirectory="b8dc55eb-6e6f-44aa-a35d-3914ad89d7d5" />
    <UnitTestResult executionId="321803b4-502f-4f1e-b831-fb8ab788ce5e" testId="77fe464a-b526-45b4-ab4a-e659629cc59a" testName="FormatToStringTest1000 (272.5621069118204,272.56 zł)" computerName="DESKTOP-5URQ9PB" duration="00:00:00.0000285" startTime="2022-06-13T21:12:10.2966863+02:00" endTime="2022-06-13T21:12:10.2968561+02:00" testType="13cdc9d9-ddb5-4fa4-a97d-d965ccfc6d4b" outcome="Passed" testListId="8c84fa94-04c1-424b-9868-57a2d4851a1d" relativeResultsDirectory="321803b4-502f-4f1e-b831-fb8ab788ce5e" />
    <UnitTestResult executionId="0d8c0a64-031a-475b-b0f7-84da986fdc07" testId="2ee4173f-c91b-42c7-91c5-2bfa01828d25" testName="FormatToStringTest1000 (59283.7670322637,59283.77 zł)" computerName="DESKTOP-5URQ9PB" duration="00:00:00.0000072" startTime="2022-06-13T21:12:10.4157920+02:00" endTime="2022-06-13T21:12:10.4158553+02:00" testType="13cdc9d9-ddb5-4fa4-a97d-d965ccfc6d4b" outcome="Passed" testListId="8c84fa94-04c1-424b-9868-57a2d4851a1d" relativeResultsDirectory="0d8c0a64-031a-475b-b0f7-84da986fdc07" />
    <UnitTestResult executionId="7c8ec3f2-4a5d-4752-b7e7-40bf2553e2e3" testId="973be17e-d2bb-432b-bd90-a174f0195fcf" testName="FormatToStringTest1000 (12831.146874380833,12831.15 zł)" computerName="DESKTOP-5URQ9PB" duration="00:00:00.0000061" startTime="2022-06-13T21:12:10.2478444+02:00" endTime="2022-06-13T21:12:10.2479107+02:00" testType="13cdc9d9-ddb5-4fa4-a97d-d965ccfc6d4b" outcome="Passed" testListId="8c84fa94-04c1-424b-9868-57a2d4851a1d" relativeResultsDirectory="7c8ec3f2-4a5d-4752-b7e7-40bf2553e2e3" />
    <UnitTestResult executionId="26880173-f553-4eea-a8b4-ad877a61c33d" testId="7ad9d582-e568-48b1-bec2-7c850be79d1b" testName="FormatToStringTest1000 (28502.61128259758,28502.61 zł)" computerName="DESKTOP-5URQ9PB" duration="00:00:00.0000066" startTime="2022-06-13T21:12:10.1060641+02:00" endTime="2022-06-13T21:12:10.1061366+02:00" testType="13cdc9d9-ddb5-4fa4-a97d-d965ccfc6d4b" outcome="Passed" testListId="8c84fa94-04c1-424b-9868-57a2d4851a1d" relativeResultsDirectory="26880173-f553-4eea-a8b4-ad877a61c33d" />
    <UnitTestResult executionId="95af0908-0f0a-4809-8afb-bf0e822c9c7d" testId="2009dfbb-8b7b-49a8-a022-1b3519e9ca29" testName="FormatToStringTest1000 (464.74397441965715,464.74 zł)" computerName="DESKTOP-5URQ9PB" duration="00:00:00.0000061" startTime="2022-06-13T21:12:10.2749073+02:00" endTime="2022-06-13T21:12:10.2749745+02:00" testType="13cdc9d9-ddb5-4fa4-a97d-d965ccfc6d4b" outcome="Passed" testListId="8c84fa94-04c1-424b-9868-57a2d4851a1d" relativeResultsDirectory="95af0908-0f0a-4809-8afb-bf0e822c9c7d" />
    <UnitTestResult executionId="7d09c039-48c9-4131-80fd-130c7343cfe9" testId="dbf1441c-713c-4f7e-bc52-8a8b86cba583" testName="FormatToStringTest1000 (28579.14698705503,28579.15 zł)" computerName="DESKTOP-5URQ9PB" duration="00:00:00.0000062" startTime="2022-06-13T21:12:10.3340538+02:00" endTime="2022-06-13T21:12:10.3341186+02:00" testType="13cdc9d9-ddb5-4fa4-a97d-d965ccfc6d4b" outcome="Passed" testListId="8c84fa94-04c1-424b-9868-57a2d4851a1d" relativeResultsDirectory="7d09c039-48c9-4131-80fd-130c7343cfe9" />
    <UnitTestResult executionId="cef80a11-dfbe-4ece-9a1e-2991bf7a8971" testId="cf854e19-83b5-46ff-85b2-4b1d5647b63a" testName="FormatToStringTest1000 (3506.8456124108498,3506.85 zł)" computerName="DESKTOP-5URQ9PB" duration="00:00:00.0000129" startTime="2022-06-13T21:12:10.1452468+02:00" endTime="2022-06-13T21:12:10.1454046+02:00" testType="13cdc9d9-ddb5-4fa4-a97d-d965ccfc6d4b" outcome="Passed" testListId="8c84fa94-04c1-424b-9868-57a2d4851a1d" relativeResultsDirectory="cef80a11-dfbe-4ece-9a1e-2991bf7a8971" />
    <UnitTestResult executionId="3818809d-ffbd-4b96-a29a-10be4b52bb66" testId="e770cafe-907a-45dd-8968-1f2019808e2e" testName="FormatToStringTest1000 (5870.791169434223,5870.79 zł)" computerName="DESKTOP-5URQ9PB" duration="00:00:00.0000062" startTime="2022-06-13T21:12:10.2357659+02:00" endTime="2022-06-13T21:12:10.2358326+02:00" testType="13cdc9d9-ddb5-4fa4-a97d-d965ccfc6d4b" outcome="Passed" testListId="8c84fa94-04c1-424b-9868-57a2d4851a1d" relativeResultsDirectory="3818809d-ffbd-4b96-a29a-10be4b52bb66" />
    <UnitTestResult executionId="e4733ff5-0da3-4ca2-bf44-644d0d6843f5" testId="152b1d73-7500-42ed-aae9-937fd4a3a494" testName="FormatToStringTest1000 (44499.288016808816,44499.29 zł)" computerName="DESKTOP-5URQ9PB" duration="00:00:00.0000062" startTime="2022-06-13T21:12:10.2513972+02:00" endTime="2022-06-13T21:12:10.2514634+02:00" testType="13cdc9d9-ddb5-4fa4-a97d-d965ccfc6d4b" outcome="Passed" testListId="8c84fa94-04c1-424b-9868-57a2d4851a1d" relativeResultsDirectory="e4733ff5-0da3-4ca2-bf44-644d0d6843f5" />
    <UnitTestResult executionId="0a31e85a-1f32-49c1-aae2-dca778aea97a" testId="3f672c52-d9b9-4554-82db-1f44bdfc70f3" testName="FormatToStringTest1000 (2435.1995505835857,2435.20 zł)" computerName="DESKTOP-5URQ9PB" duration="00:00:00.0000063" startTime="2022-06-13T21:12:10.1550925+02:00" endTime="2022-06-13T21:12:10.1551609+02:00" testType="13cdc9d9-ddb5-4fa4-a97d-d965ccfc6d4b" outcome="Passed" testListId="8c84fa94-04c1-424b-9868-57a2d4851a1d" relativeResultsDirectory="0a31e85a-1f32-49c1-aae2-dca778aea97a" />
    <UnitTestResult executionId="97113073-0548-427e-88b7-d3afa43ff25b" testId="f8bd3c0f-6b20-431d-b9cb-ddffa33902be" testName="FormatToStringTest1000 (13503.943645929892,13503.94 zł)" computerName="DESKTOP-5URQ9PB" duration="00:00:00.0000069" startTime="2022-06-13T21:12:10.1245304+02:00" endTime="2022-06-13T21:12:10.1246172+02:00" testType="13cdc9d9-ddb5-4fa4-a97d-d965ccfc6d4b" outcome="Passed" testListId="8c84fa94-04c1-424b-9868-57a2d4851a1d" relativeResultsDirectory="97113073-0548-427e-88b7-d3afa43ff25b" />
    <UnitTestResult executionId="f2448ed6-a513-4f43-8f9c-c810a3b98cef" testId="12109300-c63c-41d5-bb62-8ae631571a6c" testName="FormatToStringTest1000 (7975.276658828965,7975.28 zł)" computerName="DESKTOP-5URQ9PB" duration="00:00:00.0000280" startTime="2022-06-13T21:12:10.2911004+02:00" endTime="2022-06-13T21:12:10.2914102+02:00" testType="13cdc9d9-ddb5-4fa4-a97d-d965ccfc6d4b" outcome="Passed" testListId="8c84fa94-04c1-424b-9868-57a2d4851a1d" relativeResultsDirectory="f2448ed6-a513-4f43-8f9c-c810a3b98cef" />
    <UnitTestResult executionId="ca3c61e5-6df7-42cf-a80a-3873c4e2a3a1" testId="20b7964c-a62d-418e-864b-7eb5eb8ce116" testName="FormatToStringTest1000 (30138.55109863102,30138.55 zł)" computerName="DESKTOP-5URQ9PB" duration="00:00:00.0000066" startTime="2022-06-13T21:12:10.3315447+02:00" endTime="2022-06-13T21:12:10.3316226+02:00" testType="13cdc9d9-ddb5-4fa4-a97d-d965ccfc6d4b" outcome="Passed" testListId="8c84fa94-04c1-424b-9868-57a2d4851a1d" relativeResultsDirectory="ca3c61e5-6df7-42cf-a80a-3873c4e2a3a1" />
    <UnitTestResult executionId="53a09d4a-93e9-4908-b9e8-c1415c19599b" testId="ec888b51-c292-44a6-8bc7-048c83fdff4b" testName="FormatToStringTest1000 (34136.0993783046,34136.10 zł)" computerName="DESKTOP-5URQ9PB" duration="00:00:00.0000063" startTime="2022-06-13T21:12:10.1723446+02:00" endTime="2022-06-13T21:12:10.1724109+02:00" testType="13cdc9d9-ddb5-4fa4-a97d-d965ccfc6d4b" outcome="Passed" testListId="8c84fa94-04c1-424b-9868-57a2d4851a1d" relativeResultsDirectory="53a09d4a-93e9-4908-b9e8-c1415c19599b" />
    <UnitTestResult executionId="d8204807-a6cc-4e02-9585-8839a4cc664d" testId="0287c048-de38-41dc-a42a-04b1585938dd" testName="FormatToStringTest1000 (68770.73008707525,68770.73 zł)" computerName="DESKTOP-5URQ9PB" duration="00:00:00.0000061" startTime="2022-06-13T21:12:10.2155952+02:00" endTime="2022-06-13T21:12:10.2156708+02:00" testType="13cdc9d9-ddb5-4fa4-a97d-d965ccfc6d4b" outcome="Passed" testListId="8c84fa94-04c1-424b-9868-57a2d4851a1d" relativeResultsDirectory="d8204807-a6cc-4e02-9585-8839a4cc664d" />
    <UnitTestResult executionId="e88a4cb0-e425-4df7-9100-33984c470c2d" testId="2b733f4d-a46a-4bd4-ae38-f09e5382fb9f" testName="FormatToStringTest1000 (61633.2671179945,61633.27 zł)" computerName="DESKTOP-5URQ9PB" duration="00:00:00.0000065" startTime="2022-06-13T21:12:10.2476756+02:00" endTime="2022-06-13T21:12:10.2477418+02:00" testType="13cdc9d9-ddb5-4fa4-a97d-d965ccfc6d4b" outcome="Passed" testListId="8c84fa94-04c1-424b-9868-57a2d4851a1d" relativeResultsDirectory="e88a4cb0-e425-4df7-9100-33984c470c2d" />
    <UnitTestResult executionId="d164e0f1-aedf-46b4-acff-2a9bd47abe2c" testId="e1fa03bb-5211-4983-accb-990673761574" testName="FormatToStringTest1000 (23023.74724929768,23023.75 zł)" computerName="DESKTOP-5URQ9PB" duration="00:00:00.0000062" startTime="2022-06-13T21:12:10.3117614+02:00" endTime="2022-06-13T21:12:10.3118273+02:00" testType="13cdc9d9-ddb5-4fa4-a97d-d965ccfc6d4b" outcome="Passed" testListId="8c84fa94-04c1-424b-9868-57a2d4851a1d" relativeResultsDirectory="d164e0f1-aedf-46b4-acff-2a9bd47abe2c" />
    <UnitTestResult executionId="c01dfa60-2695-4f77-8b08-d456135e91fc" testId="877d66af-5f25-4f5e-89bc-d3161f329efc" testName="FormatToStringTest1000 (59768.02667973611,59768.03 zł)" computerName="DESKTOP-5URQ9PB" duration="00:00:00.0000062" startTime="2022-06-13T21:12:10.2749918+02:00" endTime="2022-06-13T21:12:10.2750589+02:00" testType="13cdc9d9-ddb5-4fa4-a97d-d965ccfc6d4b" outcome="Passed" testListId="8c84fa94-04c1-424b-9868-57a2d4851a1d" relativeResultsDirectory="c01dfa60-2695-4f77-8b08-d456135e91fc" />
    <UnitTestResult executionId="a6e29adf-db77-4855-95dd-f1ccbc500ad6" testId="c0ee09ad-cefe-4605-92a6-58a40c13a714" testName="FormatToStringTest1000 (45739.569854490255,45739.57 zł)" computerName="DESKTOP-5URQ9PB" duration="00:00:00.0000064" startTime="2022-06-13T21:12:10.3751130+02:00" endTime="2022-06-13T21:12:10.3751768+02:00" testType="13cdc9d9-ddb5-4fa4-a97d-d965ccfc6d4b" outcome="Passed" testListId="8c84fa94-04c1-424b-9868-57a2d4851a1d" relativeResultsDirectory="a6e29adf-db77-4855-95dd-f1ccbc500ad6" />
    <UnitTestResult executionId="4286c505-228a-43ae-8b17-4e929127081a" testId="e3dc8b2a-3b2f-4b36-86ca-d65ec22dd550" testName="FormatToStringTest1000 (7202.052143613367,7202.05 zł)" computerName="DESKTOP-5URQ9PB" duration="00:00:00.0000062" startTime="2022-06-13T21:12:10.3602691+02:00" endTime="2022-06-13T21:12:10.3603322+02:00" testType="13cdc9d9-ddb5-4fa4-a97d-d965ccfc6d4b" outcome="Passed" testListId="8c84fa94-04c1-424b-9868-57a2d4851a1d" relativeResultsDirectory="4286c505-228a-43ae-8b17-4e929127081a" />
    <UnitTestResult executionId="743b420f-3020-4437-8d35-8efb3a7ccd6c" testId="2132b7de-6ab8-4295-abb8-4834844f9a6e" testName="FormatToStringTest1000 (23789.556920184546,23789.56 zł)" computerName="DESKTOP-5URQ9PB" duration="00:00:00.0000062" startTime="2022-06-13T21:12:10.4004775+02:00" endTime="2022-06-13T21:12:10.4005417+02:00" testType="13cdc9d9-ddb5-4fa4-a97d-d965ccfc6d4b" outcome="Passed" testListId="8c84fa94-04c1-424b-9868-57a2d4851a1d" relativeResultsDirectory="743b420f-3020-4437-8d35-8efb3a7ccd6c" />
    <UnitTestResult executionId="6398d9cd-50f5-4b69-9889-e9d63305e3ed" testId="0c8f21b5-3e4b-494b-8c82-e413150c575c" testName="FormatToStringTest1000 (42555.01416107594,42555.01 zł)" computerName="DESKTOP-5URQ9PB" duration="00:00:00.0000063" startTime="2022-06-13T21:12:10.3156716+02:00" endTime="2022-06-13T21:12:10.3157391+02:00" testType="13cdc9d9-ddb5-4fa4-a97d-d965ccfc6d4b" outcome="Passed" testListId="8c84fa94-04c1-424b-9868-57a2d4851a1d" relativeResultsDirectory="6398d9cd-50f5-4b69-9889-e9d63305e3ed" />
    <UnitTestResult executionId="a3fffbad-3747-4370-936f-ddbb4b356ecf" testId="b77fc4e4-6ff7-4410-9c5e-5d91502ebfeb" testName="FormatToStringTest1000 (19006.315459580772,19006.32 zł)" computerName="DESKTOP-5URQ9PB" duration="00:00:00.0000062" startTime="2022-06-13T21:12:10.2511485+02:00" endTime="2022-06-13T21:12:10.2512151+02:00" testType="13cdc9d9-ddb5-4fa4-a97d-d965ccfc6d4b" outcome="Passed" testListId="8c84fa94-04c1-424b-9868-57a2d4851a1d" relativeResultsDirectory="a3fffbad-3747-4370-936f-ddbb4b356ecf" />
    <UnitTestResult executionId="a331b3cd-44d5-45bb-bbcc-c4a20672a659" testId="344ab626-759a-4852-8ec1-6f1a92679438" testName="FormatToStringTest1000 (41873.517751020154,41873.52 zł)" computerName="DESKTOP-5URQ9PB" duration="00:00:00.0000071" startTime="2022-06-13T21:12:10.4172969+02:00" endTime="2022-06-13T21:12:10.4173734+02:00" testType="13cdc9d9-ddb5-4fa4-a97d-d965ccfc6d4b" outcome="Passed" testListId="8c84fa94-04c1-424b-9868-57a2d4851a1d" relativeResultsDirectory="a331b3cd-44d5-45bb-bbcc-c4a20672a659" />
    <UnitTestResult executionId="fa80d1c1-f1c1-4400-a6df-3bcafd39b955" testId="56abc609-387a-4d95-a9c6-4d80ec7b10bf" testName="FormatToStringTest1000 (59247.898931587064,59247.90 zł)" computerName="DESKTOP-5URQ9PB" duration="00:00:00.0000080" startTime="2022-06-13T21:12:10.3197293+02:00" endTime="2022-06-13T21:12:10.3198111+02:00" testType="13cdc9d9-ddb5-4fa4-a97d-d965ccfc6d4b" outcome="Passed" testListId="8c84fa94-04c1-424b-9868-57a2d4851a1d" relativeResultsDirectory="fa80d1c1-f1c1-4400-a6df-3bcafd39b955" />
    <UnitTestResult executionId="ccaa8856-d8a7-417d-8a93-c28436c49a82" testId="41fb6efb-e268-4566-ba00-12d4ee95742c" testName="FormatToStringTest1000 (12379.347974640013,12379.35 zł)" computerName="DESKTOP-5URQ9PB" duration="00:00:00.0000070" startTime="2022-06-13T21:12:10.4000573+02:00" endTime="2022-06-13T21:12:10.4001359+02:00" testType="13cdc9d9-ddb5-4fa4-a97d-d965ccfc6d4b" outcome="Passed" testListId="8c84fa94-04c1-424b-9868-57a2d4851a1d" relativeResultsDirectory="ccaa8856-d8a7-417d-8a93-c28436c49a82" />
    <UnitTestResult executionId="60554200-8c54-41b2-bd9b-cd7677368105" testId="66b0e5c4-64c3-4b16-92a6-439f953088d0" testName="FormatToStringTest1000 (17990.38119827089,17990.38 zł)" computerName="DESKTOP-5URQ9PB" duration="00:00:00.0000062" startTime="2022-06-13T21:12:10.2091472+02:00" endTime="2022-06-13T21:12:10.2092142+02:00" testType="13cdc9d9-ddb5-4fa4-a97d-d965ccfc6d4b" outcome="Passed" testListId="8c84fa94-04c1-424b-9868-57a2d4851a1d" relativeResultsDirectory="60554200-8c54-41b2-bd9b-cd7677368105" />
    <UnitTestResult executionId="2b9432f5-aed0-433e-ab17-c021b111e1c0" testId="74149508-cde7-42f6-a5bb-697d3c91f9df" testName="FormatToStringTest1000 (75162.39407669863,75162.39 zł)" computerName="DESKTOP-5URQ9PB" duration="00:00:00.0000063" startTime="2022-06-13T21:12:10.1679389+02:00" endTime="2022-06-13T21:12:10.1680067+02:00" testType="13cdc9d9-ddb5-4fa4-a97d-d965ccfc6d4b" outcome="Passed" testListId="8c84fa94-04c1-424b-9868-57a2d4851a1d" relativeResultsDirectory="2b9432f5-aed0-433e-ab17-c021b111e1c0" />
    <UnitTestResult executionId="3c29068e-663b-4c15-81b7-2b0bf2ce9747" testId="68f92685-7a3b-4862-9a8d-65379ac935e2" testName="FormatToStringTest1000 (49256.47455728635,49256.47 zł)" computerName="DESKTOP-5URQ9PB" duration="00:00:00.0000069" startTime="2022-06-13T21:12:10.4094730+02:00" endTime="2022-06-13T21:12:10.4095371+02:00" testType="13cdc9d9-ddb5-4fa4-a97d-d965ccfc6d4b" outcome="Passed" testListId="8c84fa94-04c1-424b-9868-57a2d4851a1d" relativeResultsDirectory="3c29068e-663b-4c15-81b7-2b0bf2ce9747" />
    <UnitTestResult executionId="0331220d-c86d-4df0-b01e-9a64b17bd0fc" testId="f88d6442-b410-4076-ab52-3635c9f47c8c" testName="FormatToStringTest1000 (37528.70144368368,37528.70 zł)" computerName="DESKTOP-5URQ9PB" duration="00:00:00.0000066" startTime="2022-06-13T21:12:10.1355421+02:00" endTime="2022-06-13T21:12:10.1356111+02:00" testType="13cdc9d9-ddb5-4fa4-a97d-d965ccfc6d4b" outcome="Passed" testListId="8c84fa94-04c1-424b-9868-57a2d4851a1d" relativeResultsDirectory="0331220d-c86d-4df0-b01e-9a64b17bd0fc" />
    <UnitTestResult executionId="28a01931-28bb-4fb3-b09c-411dff6cc37d" testId="65061de0-8ac7-4bf4-aaef-8492c87f18c0" testName="FormatToStringTest1000 (36893.66238331593,36893.66 zł)" computerName="DESKTOP-5URQ9PB" duration="00:00:00.0000062" startTime="2022-06-13T21:12:10.3689033+02:00" endTime="2022-06-13T21:12:10.3689682+02:00" testType="13cdc9d9-ddb5-4fa4-a97d-d965ccfc6d4b" outcome="Passed" testListId="8c84fa94-04c1-424b-9868-57a2d4851a1d" relativeResultsDirectory="28a01931-28bb-4fb3-b09c-411dff6cc37d" />
    <UnitTestResult executionId="66e5b0fb-b508-4f65-a7cd-1dd9587f90cd" testId="55a10f29-6f98-4917-938b-a61ae4eda320" testName="FormatToStringTest1000 (9097.395563790293,9097.40 zł)" computerName="DESKTOP-5URQ9PB" duration="00:00:00.0000063" startTime="2022-06-13T21:12:10.3712250+02:00" endTime="2022-06-13T21:12:10.3712890+02:00" testType="13cdc9d9-ddb5-4fa4-a97d-d965ccfc6d4b" outcome="Passed" testListId="8c84fa94-04c1-424b-9868-57a2d4851a1d" relativeResultsDirectory="66e5b0fb-b508-4f65-a7cd-1dd9587f90cd" />
    <UnitTestResult executionId="8a08b4c3-947d-49d5-b2cf-cfb92ef9d166" testId="6f043667-f50a-4186-a247-ebdd5178bd91" testName="FormatToStringTest1000 (47431.868885526375,47431.87 zł)" computerName="DESKTOP-5URQ9PB" duration="00:00:00.0000065" startTime="2022-06-13T21:12:10.3041113+02:00" endTime="2022-06-13T21:12:10.3041824+02:00" testType="13cdc9d9-ddb5-4fa4-a97d-d965ccfc6d4b" outcome="Passed" testListId="8c84fa94-04c1-424b-9868-57a2d4851a1d" relativeResultsDirectory="8a08b4c3-947d-49d5-b2cf-cfb92ef9d166" />
    <UnitTestResult executionId="77eefdce-86a2-4c31-8c55-41a45f19844b" testId="b96d9929-710e-4200-92ff-26b3417418df" testName="FormatToStringTest1000 (2883.637133003975,2883.64 zł)" computerName="DESKTOP-5URQ9PB" duration="00:00:00.0000063" startTime="2022-06-13T21:12:10.3638317+02:00" endTime="2022-06-13T21:12:10.3638959+02:00" testType="13cdc9d9-ddb5-4fa4-a97d-d965ccfc6d4b" outcome="Passed" testListId="8c84fa94-04c1-424b-9868-57a2d4851a1d" relativeResultsDirectory="77eefdce-86a2-4c31-8c55-41a45f19844b" />
    <UnitTestResult executionId="8f223e83-336d-417a-a317-1551c2393d93" testId="7149fb24-0185-485e-94ff-33dc7f6c1e51" testName="FormatToStringTest1000 (5840.747097845071,5840.75 zł)" computerName="DESKTOP-5URQ9PB" duration="00:00:00.0000063" startTime="2022-06-13T21:12:10.3643540+02:00" endTime="2022-06-13T21:12:10.3644237+02:00" testType="13cdc9d9-ddb5-4fa4-a97d-d965ccfc6d4b" outcome="Passed" testListId="8c84fa94-04c1-424b-9868-57a2d4851a1d" relativeResultsDirectory="8f223e83-336d-417a-a317-1551c2393d93" />
    <UnitTestResult executionId="7e361ecb-af68-46ec-b309-57836bc77e79" testId="eb8bd3a3-5786-4b23-8fa6-c71b9d732b3b" testName="FormatToStringTest1000 (7407.385606687696,7407.39 zł)" computerName="DESKTOP-5URQ9PB" duration="00:00:00.0000061" startTime="2022-06-13T21:12:10.3116777+02:00" endTime="2022-06-13T21:12:10.3117443+02:00" testType="13cdc9d9-ddb5-4fa4-a97d-d965ccfc6d4b" outcome="Passed" testListId="8c84fa94-04c1-424b-9868-57a2d4851a1d" relativeResultsDirectory="7e361ecb-af68-46ec-b309-57836bc77e79" />
    <UnitTestResult executionId="72cb7ad7-84f5-4a8e-897d-a4715d56f8fb" testId="627501f4-17b8-4d0f-8247-0c1439077dba" testName="FormatToStringTest1000 (20146.183073329827,20146.18 zł)" computerName="DESKTOP-5URQ9PB" duration="00:00:00.0000061" startTime="2022-06-13T21:12:10.1617832+02:00" endTime="2022-06-13T21:12:10.1618503+02:00" testType="13cdc9d9-ddb5-4fa4-a97d-d965ccfc6d4b" outcome="Passed" testListId="8c84fa94-04c1-424b-9868-57a2d4851a1d" relativeResultsDirectory="72cb7ad7-84f5-4a8e-897d-a4715d56f8fb" />
    <UnitTestResult executionId="83cd32d6-2719-4408-98a9-a317bd0ea8e6" testId="6bdb390d-a0ce-4d73-90ad-e945fcd410c4" testName="FormatToStringTest1000 (9754.291367935619,9754.29 zł)" computerName="DESKTOP-5URQ9PB" duration="00:00:00.0000064" startTime="2022-06-13T21:12:10.4153717+02:00" endTime="2022-06-13T21:12:10.4154371+02:00" testType="13cdc9d9-ddb5-4fa4-a97d-d965ccfc6d4b" outcome="Passed" testListId="8c84fa94-04c1-424b-9868-57a2d4851a1d" relativeResultsDirectory="83cd32d6-2719-4408-98a9-a317bd0ea8e6" />
    <UnitTestResult executionId="e9a31ca1-834d-49b7-98e7-8b964675320a" testId="79674e02-40df-4b6b-9061-38a2b76ebf57" testName="FormatToStringTest1000 (134.1514758393874,134.15 zł)" computerName="DESKTOP-5URQ9PB" duration="00:00:00.0000063" startTime="2022-06-13T21:12:10.3403380+02:00" endTime="2022-06-13T21:12:10.3404016+02:00" testType="13cdc9d9-ddb5-4fa4-a97d-d965ccfc6d4b" outcome="Passed" testListId="8c84fa94-04c1-424b-9868-57a2d4851a1d" relativeResultsDirectory="e9a31ca1-834d-49b7-98e7-8b964675320a" />
    <UnitTestResult executionId="bd76e5f7-661d-4848-8480-2c497c0842d6" testId="1c2f07d6-8f43-44f6-b5af-611de1d761d9" testName="FormatToStringTest1000 (21785.42157155528,21785.42 zł)" computerName="DESKTOP-5URQ9PB" duration="00:00:00.0000061" startTime="2022-06-13T21:12:10.3732711+02:00" endTime="2022-06-13T21:12:10.3733345+02:00" testType="13cdc9d9-ddb5-4fa4-a97d-d965ccfc6d4b" outcome="Passed" testListId="8c84fa94-04c1-424b-9868-57a2d4851a1d" relativeResultsDirectory="bd76e5f7-661d-4848-8480-2c497c0842d6" />
    <UnitTestResult executionId="b30484ac-46a8-4e51-a2e5-b1bf84bad08e" testId="930823b7-fc82-4f42-b237-1f8e200ea055" testName="FormatToStringTest1000 (782.6578288817116,782.66 zł)" computerName="DESKTOP-5URQ9PB" duration="00:00:00.0000063" startTime="2022-06-13T21:12:10.1755141+02:00" endTime="2022-06-13T21:12:10.1755813+02:00" testType="13cdc9d9-ddb5-4fa4-a97d-d965ccfc6d4b" outcome="Passed" testListId="8c84fa94-04c1-424b-9868-57a2d4851a1d" relativeResultsDirectory="b30484ac-46a8-4e51-a2e5-b1bf84bad08e" />
    <UnitTestResult executionId="afbd335f-4c13-40ed-abe4-ed9efb69a683" testId="a35bf29b-0804-404a-8b02-7922bd1d7de0" testName="FormatToStringTest1000 (5957.42161879941,5957.42 zł)" computerName="DESKTOP-5URQ9PB" duration="00:00:00.0000066" startTime="2022-06-13T21:12:10.3359892+02:00" endTime="2022-06-13T21:12:10.3360562+02:00" testType="13cdc9d9-ddb5-4fa4-a97d-d965ccfc6d4b" outcome="Passed" testListId="8c84fa94-04c1-424b-9868-57a2d4851a1d" relativeResultsDirectory="afbd335f-4c13-40ed-abe4-ed9efb69a683" />
    <UnitTestResult executionId="d1c03025-ae54-49b1-8cc3-b3a77e589d79" testId="509abdb5-30bc-4bc6-97f5-0018181df2da" testName="FormatToStringTest1000 (7669.3855620214645,7669.39 zł)" computerName="DESKTOP-5URQ9PB" duration="00:00:00.0000071" startTime="2022-06-13T21:12:10.1781014+02:00" endTime="2022-06-13T21:12:10.1781809+02:00" testType="13cdc9d9-ddb5-4fa4-a97d-d965ccfc6d4b" outcome="Passed" testListId="8c84fa94-04c1-424b-9868-57a2d4851a1d" relativeResultsDirectory="d1c03025-ae54-49b1-8cc3-b3a77e589d79" />
    <UnitTestResult executionId="090d5f35-18dc-447f-a2ab-8c77c81f64ce" testId="2575949e-4242-492a-ad12-46869b594113" testName="FormatToStringTest1000 (2121.0917325211185,2121.09 zł)" computerName="DESKTOP-5URQ9PB" duration="00:00:00.0000064" startTime="2022-06-13T21:12:10.3155719+02:00" endTime="2022-06-13T21:12:10.3156531+02:00" testType="13cdc9d9-ddb5-4fa4-a97d-d965ccfc6d4b" outcome="Passed" testListId="8c84fa94-04c1-424b-9868-57a2d4851a1d" relativeResultsDirectory="090d5f35-18dc-447f-a2ab-8c77c81f64ce" />
    <UnitTestResult executionId="e7aebb70-eabb-4dc8-bbd6-56ae4a598297" testId="05a07af0-67be-4880-9d3d-01042886750a" testName="FormatToStringTest1000 (33245.44763357819,33245.45 zł)" computerName="DESKTOP-5URQ9PB" duration="00:00:00.0000063" startTime="2022-06-13T21:12:10.2322181+02:00" endTime="2022-06-13T21:12:10.2322861+02:00" testType="13cdc9d9-ddb5-4fa4-a97d-d965ccfc6d4b" outcome="Passed" testListId="8c84fa94-04c1-424b-9868-57a2d4851a1d" relativeResultsDirectory="e7aebb70-eabb-4dc8-bbd6-56ae4a598297" />
    <UnitTestResult executionId="a5497334-d3e9-4d8e-9d50-f88fb0f5332a" testId="da506338-9fd1-4324-bf47-40dcafbaf5fd" testName="FormatToStringTest1000 (1073.195098933389,1073.20 zł)" computerName="DESKTOP-5URQ9PB" duration="00:00:00.0000091" startTime="2022-06-13T21:12:10.3260843+02:00" endTime="2022-06-13T21:12:10.3261870+02:00" testType="13cdc9d9-ddb5-4fa4-a97d-d965ccfc6d4b" outcome="Passed" testListId="8c84fa94-04c1-424b-9868-57a2d4851a1d" relativeResultsDirectory="a5497334-d3e9-4d8e-9d50-f88fb0f5332a" />
    <UnitTestResult executionId="07d9e9b8-9375-474c-a178-62e8dcebf33c" testId="57894530-2340-4f0e-8b65-9f5b885a9f90" testName="FormatToStringTest1000 (159.83786031922224,159.84 zł)" computerName="DESKTOP-5URQ9PB" duration="00:00:00.0000096" startTime="2022-06-13T21:12:10.0934534+02:00" endTime="2022-06-13T21:12:10.0935582+02:00" testType="13cdc9d9-ddb5-4fa4-a97d-d965ccfc6d4b" outcome="Passed" testListId="8c84fa94-04c1-424b-9868-57a2d4851a1d" relativeResultsDirectory="07d9e9b8-9375-474c-a178-62e8dcebf33c" />
    <UnitTestResult executionId="866adff0-87bb-447f-8dd7-4f114ad7a9c8" testId="f4964f5a-5ecb-4b49-a1fd-87616e82e237" testName="FormatToStringTest1000 (22153.282278674324,22153.28 zł)" computerName="DESKTOP-5URQ9PB" duration="00:00:00.0000063" startTime="2022-06-13T21:12:10.2245013+02:00" endTime="2022-06-13T21:12:10.2245685+02:00" testType="13cdc9d9-ddb5-4fa4-a97d-d965ccfc6d4b" outcome="Passed" testListId="8c84fa94-04c1-424b-9868-57a2d4851a1d" relativeResultsDirectory="866adff0-87bb-447f-8dd7-4f114ad7a9c8" />
    <UnitTestResult executionId="9d6b4206-feb3-4ab1-908e-016b248a5ad0" testId="a3c8583e-d001-4474-b1c2-3ea86a6556f2" testName="FormatToStringTest1000 (66764.31690498316,66764.32 zł)" computerName="DESKTOP-5URQ9PB" duration="00:00:00.0000062" startTime="2022-06-13T21:12:10.2445095+02:00" endTime="2022-06-13T21:12:10.2445775+02:00" testType="13cdc9d9-ddb5-4fa4-a97d-d965ccfc6d4b" outcome="Passed" testListId="8c84fa94-04c1-424b-9868-57a2d4851a1d" relativeResultsDirectory="9d6b4206-feb3-4ab1-908e-016b248a5ad0" />
    <UnitTestResult executionId="61b94e9c-b86c-4e43-9303-7821de73b127" testId="8f5d0343-6cde-4b34-a180-63ea732fd3c5" testName="FormatToStringTest1000 (11157.981051815665,11157.98 zł)" computerName="DESKTOP-5URQ9PB" duration="00:00:00.0000061" startTime="2022-06-13T21:12:10.2414765+02:00" endTime="2022-06-13T21:12:10.2415429+02:00" testType="13cdc9d9-ddb5-4fa4-a97d-d965ccfc6d4b" outcome="Passed" testListId="8c84fa94-04c1-424b-9868-57a2d4851a1d" relativeResultsDirectory="61b94e9c-b86c-4e43-9303-7821de73b127" />
    <UnitTestResult executionId="a91fd5fd-6d1d-48f6-89cf-99133fb87cf7" testId="f42018c5-a334-4bb6-8e59-5aac9ef1ce19" testName="FormatToStringTest1000 (5611.05334835176,5611.05 zł)" computerName="DESKTOP-5URQ9PB" duration="00:00:00.0000063" startTime="2022-06-13T21:12:10.2512321+02:00" endTime="2022-06-13T21:12:10.2512961+02:00" testType="13cdc9d9-ddb5-4fa4-a97d-d965ccfc6d4b" outcome="Passed" testListId="8c84fa94-04c1-424b-9868-57a2d4851a1d" relativeResultsDirectory="a91fd5fd-6d1d-48f6-89cf-99133fb87cf7" />
    <UnitTestResult executionId="ff936b3c-1378-4fd8-b876-ed1ed3553d6b" testId="ed56d648-e8cf-48a8-a0e9-d6a7d62091bd" testName="FormatToStringTest1000 (24957.469502810607,24957.47 zł)" computerName="DESKTOP-5URQ9PB" duration="00:00:00.0000065" startTime="2022-06-13T21:12:10.0859371+02:00" endTime="2022-06-13T21:12:10.0860115+02:00" testType="13cdc9d9-ddb5-4fa4-a97d-d965ccfc6d4b" outcome="Passed" testListId="8c84fa94-04c1-424b-9868-57a2d4851a1d" relativeResultsDirectory="ff936b3c-1378-4fd8-b876-ed1ed3553d6b" />
    <UnitTestResult executionId="9e3295d1-c51f-455a-b5dc-0503f4acb73c" testId="4302b39c-171c-4b6d-beaf-aceeb5382a7b" testName="FormatToStringTest1000 (1562.3173604776698,1562.32 zł)" computerName="DESKTOP-5URQ9PB" duration="00:00:00.0000063" startTime="2022-06-13T21:12:10.2027543+02:00" endTime="2022-06-13T21:12:10.2028212+02:00" testType="13cdc9d9-ddb5-4fa4-a97d-d965ccfc6d4b" outcome="Passed" testListId="8c84fa94-04c1-424b-9868-57a2d4851a1d" relativeResultsDirectory="9e3295d1-c51f-455a-b5dc-0503f4acb73c" />
    <UnitTestResult executionId="e91eab60-9578-4cf0-be50-7b9c3f85442e" testId="b408c2b5-fee2-4065-896a-42abef484eba" testName="FormatToStringTest1000 (64124.274503948756,64124.27 zł)" computerName="DESKTOP-5URQ9PB" duration="00:00:00.0000068" startTime="2022-06-13T21:12:10.2154280+02:00" endTime="2022-06-13T21:12:10.2154959+02:00" testType="13cdc9d9-ddb5-4fa4-a97d-d965ccfc6d4b" outcome="Passed" testListId="8c84fa94-04c1-424b-9868-57a2d4851a1d" relativeResultsDirectory="e91eab60-9578-4cf0-be50-7b9c3f85442e" />
    <UnitTestResult executionId="cff02391-3015-4edf-97c1-e084f5d67dec" testId="784e21d6-920a-4625-af96-249ef7343d63" testName="FormatToStringTest1000 (66541.05112730109,66541.05 zł)" computerName="DESKTOP-5URQ9PB" duration="00:00:00.0000062" startTime="2022-06-13T21:12:10.4116996+02:00" endTime="2022-06-13T21:12:10.4117643+02:00" testType="13cdc9d9-ddb5-4fa4-a97d-d965ccfc6d4b" outcome="Passed" testListId="8c84fa94-04c1-424b-9868-57a2d4851a1d" relativeResultsDirectory="cff02391-3015-4edf-97c1-e084f5d67dec" />
    <UnitTestResult executionId="baf4bf8f-bb93-4ce8-9053-00679d299e8a" testId="4e907c4a-9cdc-49ec-bf21-4d4f979195ea" testName="FormatToStringTest1000 (74514.06270644537,74514.06 zł)" computerName="DESKTOP-5URQ9PB" duration="00:00:00.0000166" startTime="2022-06-13T21:12:10.1205162+02:00" endTime="2022-06-13T21:12:10.1207302+02:00" testType="13cdc9d9-ddb5-4fa4-a97d-d965ccfc6d4b" outcome="Passed" testListId="8c84fa94-04c1-424b-9868-57a2d4851a1d" relativeResultsDirectory="baf4bf8f-bb93-4ce8-9053-00679d299e8a" />
    <UnitTestResult executionId="26c1766b-3615-4def-93ee-b4ab82d7de53" testId="63521099-7e66-4ea7-9e9e-2630da49775e" testName="FormatToStringTest1000 (33851.35523524618,33851.36 zł)" computerName="DESKTOP-5URQ9PB" duration="00:00:00.0000360" startTime="2022-06-13T21:12:10.2870666+02:00" endTime="2022-06-13T21:12:10.2874631+02:00" testType="13cdc9d9-ddb5-4fa4-a97d-d965ccfc6d4b" outcome="Passed" testListId="8c84fa94-04c1-424b-9868-57a2d4851a1d" relativeResultsDirectory="26c1766b-3615-4def-93ee-b4ab82d7de53" />
    <UnitTestResult executionId="2c0c9faa-99c0-43c3-998b-9ed62581f9ff" testId="28fb8d5f-6bbe-41ee-a938-4809097a56f8" testName="FormatToStringTest1000 (19071.681252896637,19071.68 zł)" computerName="DESKTOP-5URQ9PB" duration="00:00:00.0000064" startTime="2022-06-13T21:12:10.3379434+02:00" endTime="2022-06-13T21:12:10.3380087+02:00" testType="13cdc9d9-ddb5-4fa4-a97d-d965ccfc6d4b" outcome="Passed" testListId="8c84fa94-04c1-424b-9868-57a2d4851a1d" relativeResultsDirectory="2c0c9faa-99c0-43c3-998b-9ed62581f9ff" />
    <UnitTestResult executionId="54d1c5fb-bb2d-4e1a-899f-23c1b942fd8c" testId="152880fd-eae4-4b34-9505-9e953a761a32" testName="FormatToStringTest1000 (30320.450517486992,30320.45 zł)" computerName="DESKTOP-5URQ9PB" duration="00:00:00.0000070" startTime="2022-06-13T21:12:10.2654124+02:00" endTime="2022-06-13T21:12:10.2654808+02:00" testType="13cdc9d9-ddb5-4fa4-a97d-d965ccfc6d4b" outcome="Passed" testListId="8c84fa94-04c1-424b-9868-57a2d4851a1d" relativeResultsDirectory="54d1c5fb-bb2d-4e1a-899f-23c1b942fd8c" />
    <UnitTestResult executionId="2104b9eb-9317-456f-be64-777e1c0b2a0b" testId="affa64c6-946f-45aa-8786-c19556bcd7f5" testName="FormatToStringTest1000 (11904.111251175456,11904.11 zł)" computerName="DESKTOP-5URQ9PB" duration="00:00:00.0000062" startTime="2022-06-13T21:12:10.1680253+02:00" endTime="2022-06-13T21:12:10.1680921+02:00" testType="13cdc9d9-ddb5-4fa4-a97d-d965ccfc6d4b" outcome="Passed" testListId="8c84fa94-04c1-424b-9868-57a2d4851a1d" relativeResultsDirectory="2104b9eb-9317-456f-be64-777e1c0b2a0b" />
    <UnitTestResult executionId="a958eb51-910e-4651-b741-b7c181c210c6" testId="34777e67-27fa-43f0-8e5c-9768dc055132" testName="FormatToStringTest1000 (5759.256266560991,5759.26 zł)" computerName="DESKTOP-5URQ9PB" duration="00:00:00.0000259" startTime="2022-06-13T21:12:10.2960246+02:00" endTime="2022-06-13T21:12:10.2961970+02:00" testType="13cdc9d9-ddb5-4fa4-a97d-d965ccfc6d4b" outcome="Passed" testListId="8c84fa94-04c1-424b-9868-57a2d4851a1d" relativeResultsDirectory="a958eb51-910e-4651-b741-b7c181c210c6" />
    <UnitTestResult executionId="cfe8a5f2-3e57-4b1f-acd0-6b38fc928f35" testId="2bac1bae-350c-4194-88a6-65e1e584d233" testName="FormatToStringTest1000 (6035.818653228608,6035.82 zł)" computerName="DESKTOP-5URQ9PB" duration="00:00:00.0000062" startTime="2022-06-13T21:12:10.2120599+02:00" endTime="2022-06-13T21:12:10.2121263+02:00" testType="13cdc9d9-ddb5-4fa4-a97d-d965ccfc6d4b" outcome="Passed" testListId="8c84fa94-04c1-424b-9868-57a2d4851a1d" relativeResultsDirectory="cfe8a5f2-3e57-4b1f-acd0-6b38fc928f35" />
    <UnitTestResult executionId="05008377-f9e3-4652-a554-413aa4237671" testId="3ea3c5f6-705b-44f4-a913-1c6ac46a552f" testName="FormatToStringTest1000 (63946.51014057478,63946.51 zł)" computerName="DESKTOP-5URQ9PB" duration="00:00:00.0000084" startTime="2022-06-13T21:12:10.3199136+02:00" endTime="2022-06-13T21:12:10.3200005+02:00" testType="13cdc9d9-ddb5-4fa4-a97d-d965ccfc6d4b" outcome="Passed" testListId="8c84fa94-04c1-424b-9868-57a2d4851a1d" relativeResultsDirectory="05008377-f9e3-4652-a554-413aa4237671" />
    <UnitTestResult executionId="414a5b39-56c8-4d0d-816f-3c86dc39565c" testId="debcccef-4701-41c6-938f-7f78758813e9" testName="FormatToStringTest1000 (7891.960478953067,7891.96 zł)" computerName="DESKTOP-5URQ9PB" duration="00:00:00.0000062" startTime="2022-06-13T21:12:10.2388017+02:00" endTime="2022-06-13T21:12:10.2388684+02:00" testType="13cdc9d9-ddb5-4fa4-a97d-d965ccfc6d4b" outcome="Passed" testListId="8c84fa94-04c1-424b-9868-57a2d4851a1d" relativeResultsDirectory="414a5b39-56c8-4d0d-816f-3c86dc39565c" />
    <UnitTestResult executionId="1929fe27-ef89-424a-b57b-be2b9ab311a2" testId="2766b28a-6d8d-4a30-9ccd-5471fd64aca3" testName="FormatToStringTest1000 (24137.016609529506,24137.02 zł)" computerName="DESKTOP-5URQ9PB" duration="00:00:00.0000062" startTime="2022-06-13T21:12:10.3714632+02:00" endTime="2022-06-13T21:12:10.3715269+02:00" testType="13cdc9d9-ddb5-4fa4-a97d-d965ccfc6d4b" outcome="Passed" testListId="8c84fa94-04c1-424b-9868-57a2d4851a1d" relativeResultsDirectory="1929fe27-ef89-424a-b57b-be2b9ab311a2" />
    <UnitTestResult executionId="2b163ada-c425-4fae-973b-3f9c697c6fba" testId="ee715611-fabe-4de4-a153-c56c839206e0" testName="FormatToStringTest1000 (8347.417790138823,8347.42 zł)" computerName="DESKTOP-5URQ9PB" duration="00:00:00.0000063" startTime="2022-06-13T21:12:10.3499713+02:00" endTime="2022-06-13T21:12:10.3500355+02:00" testType="13cdc9d9-ddb5-4fa4-a97d-d965ccfc6d4b" outcome="Passed" testListId="8c84fa94-04c1-424b-9868-57a2d4851a1d" relativeResultsDirectory="2b163ada-c425-4fae-973b-3f9c697c6fba" />
    <UnitTestResult executionId="b6e7ba5d-591e-420b-a943-36d3f9e3037f" testId="c0a38f88-0177-43f6-9c29-552127eaa6cb" testName="FormatToStringTest1000 (55010.474927814896,55010.47 zł)" computerName="DESKTOP-5URQ9PB" duration="00:00:00.0000065" startTime="2022-06-13T21:12:10.3443837+02:00" endTime="2022-06-13T21:12:10.3444540+02:00" testType="13cdc9d9-ddb5-4fa4-a97d-d965ccfc6d4b" outcome="Passed" testListId="8c84fa94-04c1-424b-9868-57a2d4851a1d" relativeResultsDirectory="b6e7ba5d-591e-420b-a943-36d3f9e3037f" />
    <UnitTestResult executionId="c9392428-af6a-44a0-bb27-b984936b52cc" testId="e6874bf1-909c-49ec-a6ce-89d8cfcccaff" testName="FormatToStringTest1000 (28306.369434126827,28306.37 zł)" computerName="DESKTOP-5URQ9PB" duration="00:00:00.0000063" startTime="2022-06-13T21:12:10.3981382+02:00" endTime="2022-06-13T21:12:10.3982032+02:00" testType="13cdc9d9-ddb5-4fa4-a97d-d965ccfc6d4b" outcome="Passed" testListId="8c84fa94-04c1-424b-9868-57a2d4851a1d" relativeResultsDirectory="c9392428-af6a-44a0-bb27-b984936b52cc" />
    <UnitTestResult executionId="3bbc664c-6256-47a4-9913-cc2f1fd75e12" testId="c84e5759-ba9a-4671-94e3-26dd8146b4c6" testName="FormatToStringTest1000 (8644.187977380207,8644.19 zł)" computerName="DESKTOP-5URQ9PB" duration="00:00:00.0000079" startTime="2022-06-13T21:12:10.3667887+02:00" endTime="2022-06-13T21:12:10.3668840+02:00" testType="13cdc9d9-ddb5-4fa4-a97d-d965ccfc6d4b" outcome="Passed" testListId="8c84fa94-04c1-424b-9868-57a2d4851a1d" relativeResultsDirectory="3bbc664c-6256-47a4-9913-cc2f1fd75e12" />
    <UnitTestResult executionId="ea9c7e77-6d10-4ea2-9a68-0010c86aeb8b" testId="5b2942b7-0778-4b68-b6d2-471503f9da25" testName="FormatToStringTest1000 (35248.53555717996,35248.54 zł)" computerName="DESKTOP-5URQ9PB" duration="00:00:00.0000064" startTime="2022-06-13T21:12:10.4137840+02:00" endTime="2022-06-13T21:12:10.4138477+02:00" testType="13cdc9d9-ddb5-4fa4-a97d-d965ccfc6d4b" outcome="Passed" testListId="8c84fa94-04c1-424b-9868-57a2d4851a1d" relativeResultsDirectory="ea9c7e77-6d10-4ea2-9a68-0010c86aeb8b" />
    <UnitTestResult executionId="229c9a95-2552-49f0-9dce-76d6585c9ef9" testId="5f521375-54e8-414c-a17d-dfbaeeb1a4e9" testName="FormatToStringTest1000 (181.3640542483721,181.36 zł)" computerName="DESKTOP-5URQ9PB" duration="00:00:00.0000061" startTime="2022-06-13T21:12:10.3711453+02:00" endTime="2022-06-13T21:12:10.3712085+02:00" testType="13cdc9d9-ddb5-4fa4-a97d-d965ccfc6d4b" outcome="Passed" testListId="8c84fa94-04c1-424b-9868-57a2d4851a1d" relativeResultsDirectory="229c9a95-2552-49f0-9dce-76d6585c9ef9" />
    <UnitTestResult executionId="80850b65-9c58-49b5-aea8-7a316a5b67c1" testId="bd146668-6d95-4429-8dc8-4b709719a74c" testName="FormatToStringTest1000 (76106.57198894516,76106.57 zł)" computerName="DESKTOP-5URQ9PB" duration="00:00:00.0000064" startTime="2022-06-13T21:12:10.4119428+02:00" endTime="2022-06-13T21:12:10.4120059+02:00" testType="13cdc9d9-ddb5-4fa4-a97d-d965ccfc6d4b" outcome="Passed" testListId="8c84fa94-04c1-424b-9868-57a2d4851a1d" relativeResultsDirectory="80850b65-9c58-49b5-aea8-7a316a5b67c1" />
    <UnitTestResult executionId="b813ac95-f49e-4a50-964d-1642ed5b0cfa" testId="a40f3fa4-c52e-4b0d-b414-8e11f1ca2d35" testName="FormatToStringTest1000 (26858.35647848731,26858.36 zł)" computerName="DESKTOP-5URQ9PB" duration="00:00:00.0000063" startTime="2022-06-13T21:12:10.3299337+02:00" endTime="2022-06-13T21:12:10.3299990+02:00" testType="13cdc9d9-ddb5-4fa4-a97d-d965ccfc6d4b" outcome="Passed" testListId="8c84fa94-04c1-424b-9868-57a2d4851a1d" relativeResultsDirectory="b813ac95-f49e-4a50-964d-1642ed5b0cfa" />
    <UnitTestResult executionId="d5e51c31-b82e-4567-b7a2-d5a2546dd0da" testId="a2871ef4-b47f-4b22-a091-a7b0b2996592" testName="FormatToStringTest1000 (42767.96883676898,42767.97 zł)" computerName="DESKTOP-5URQ9PB" duration="00:00:00.0000062" startTime="2022-06-13T21:12:10.3620952+02:00" endTime="2022-06-13T21:12:10.3621594+02:00" testType="13cdc9d9-ddb5-4fa4-a97d-d965ccfc6d4b" outcome="Passed" testListId="8c84fa94-04c1-424b-9868-57a2d4851a1d" relativeResultsDirectory="d5e51c31-b82e-4567-b7a2-d5a2546dd0da" />
    <UnitTestResult executionId="92d46e6d-115d-4f4c-8de5-c2ef6083148b" testId="777503fb-813b-4290-a1c0-a92befbc6cd3" testName="FormatToStringTest1000 (9765.54450809748,9765.54 zł)" computerName="DESKTOP-5URQ9PB" duration="00:00:00.0000063" startTime="2022-06-13T21:12:10.1683604+02:00" endTime="2022-06-13T21:12:10.1684257+02:00" testType="13cdc9d9-ddb5-4fa4-a97d-d965ccfc6d4b" outcome="Passed" testListId="8c84fa94-04c1-424b-9868-57a2d4851a1d" relativeResultsDirectory="92d46e6d-115d-4f4c-8de5-c2ef6083148b" />
    <UnitTestResult executionId="1aebda6e-d1d2-4132-9e5f-415d34bbd7d7" testId="93286f52-62b1-482b-9ab2-f1c52825fed4" testName="FormatToStringTest1000 (46590.9609819562,46590.96 zł)" computerName="DESKTOP-5URQ9PB" duration="00:00:00.0000064" startTime="2022-06-13T21:12:10.1785396+02:00" endTime="2022-06-13T21:12:10.1786096+02:00" testType="13cdc9d9-ddb5-4fa4-a97d-d965ccfc6d4b" outcome="Passed" testListId="8c84fa94-04c1-424b-9868-57a2d4851a1d" relativeResultsDirectory="1aebda6e-d1d2-4132-9e5f-415d34bbd7d7" />
    <UnitTestResult executionId="51c3e528-0519-4711-b116-f3e5ec9d38a8" testId="2bc6b71d-f5b5-4c9a-94a5-26b7d6475a5d" testName="FormatToStringTest1000 (70771.4436677524,70771.44 zł)" computerName="DESKTOP-5URQ9PB" duration="00:00:00.0000067" startTime="2022-06-13T21:12:10.1213708+02:00" endTime="2022-06-13T21:12:10.1214553+02:00" testType="13cdc9d9-ddb5-4fa4-a97d-d965ccfc6d4b" outcome="Passed" testListId="8c84fa94-04c1-424b-9868-57a2d4851a1d" relativeResultsDirectory="51c3e528-0519-4711-b116-f3e5ec9d38a8" />
    <UnitTestResult executionId="00e0cd71-6736-4018-9aa7-dc6fef126a23" testId="cbd807a1-f9e6-42cb-95dc-ace2be64e85c" testName="FormatToStringTest1000 (48544.390887578666,48544.39 zł)" computerName="DESKTOP-5URQ9PB" duration="00:00:00.0000063" startTime="2022-06-13T21:12:10.3089449+02:00" endTime="2022-06-13T21:12:10.3090119+02:00" testType="13cdc9d9-ddb5-4fa4-a97d-d965ccfc6d4b" outcome="Passed" testListId="8c84fa94-04c1-424b-9868-57a2d4851a1d" relativeResultsDirectory="00e0cd71-6736-4018-9aa7-dc6fef126a23" />
    <UnitTestResult executionId="15e8a45a-5a38-403e-911f-6bf14a5275ba" testId="bacab03f-fedb-4d5f-9912-f6117d98c794" testName="FormatToStringTest1000 (41368.29672956015,41368.30 zł)" computerName="DESKTOP-5URQ9PB" duration="00:00:00.0000062" startTime="2022-06-13T21:12:10.1753437+02:00" endTime="2022-06-13T21:12:10.1754112+02:00" testType="13cdc9d9-ddb5-4fa4-a97d-d965ccfc6d4b" outcome="Passed" testListId="8c84fa94-04c1-424b-9868-57a2d4851a1d" relativeResultsDirectory="15e8a45a-5a38-403e-911f-6bf14a5275ba" />
    <UnitTestResult executionId="04ceb1b3-e0bc-4a23-a7c3-b21d29793f39" testId="78fbe96a-4100-45bf-b194-8b038aaaaf25" testName="FormatToStringTest1000 (6665.405372488035,6665.41 zł)" computerName="DESKTOP-5URQ9PB" duration="00:00:00.0000086" startTime="2022-06-13T21:12:10.2506856+02:00" endTime="2022-06-13T21:12:10.2507865+02:00" testType="13cdc9d9-ddb5-4fa4-a97d-d965ccfc6d4b" outcome="Passed" testListId="8c84fa94-04c1-424b-9868-57a2d4851a1d" relativeResultsDirectory="04ceb1b3-e0bc-4a23-a7c3-b21d29793f39" />
    <UnitTestResult executionId="86955086-96b5-45d8-b52b-50a5c8cae358" testId="af287c58-8ac6-47d1-8b32-6f753a5722ce" testName="FormatToStringTest1000 (13855.30239352505,13855.30 zł)" computerName="DESKTOP-5URQ9PB" duration="00:00:00.0000063" startTime="2022-06-13T21:12:10.1813288+02:00" endTime="2022-06-13T21:12:10.1813974+02:00" testType="13cdc9d9-ddb5-4fa4-a97d-d965ccfc6d4b" outcome="Passed" testListId="8c84fa94-04c1-424b-9868-57a2d4851a1d" relativeResultsDirectory="86955086-96b5-45d8-b52b-50a5c8cae358" />
    <UnitTestResult executionId="6034f5c3-2004-4638-8069-ef24390dcbd0" testId="e064adea-f359-4ed0-b5d2-9e280af4217e" testName="FormatToStringTest1000 (14712.754747761765,14712.75 zł)" computerName="DESKTOP-5URQ9PB" duration="00:00:00.0000063" startTime="2022-06-13T21:12:10.3689850+02:00" endTime="2022-06-13T21:12:10.3690490+02:00" testType="13cdc9d9-ddb5-4fa4-a97d-d965ccfc6d4b" outcome="Passed" testListId="8c84fa94-04c1-424b-9868-57a2d4851a1d" relativeResultsDirectory="6034f5c3-2004-4638-8069-ef24390dcbd0" />
    <UnitTestResult executionId="e8f3503c-e60b-444c-8208-7aac87e2d47c" testId="14a5db3e-ae6d-4230-a309-cc4246f1f5c7" testName="FormatToStringTest1000 (3646.857719214101,3646.86 zł)" computerName="DESKTOP-5URQ9PB" duration="00:00:00.0000062" startTime="2022-06-13T21:12:10.2577889+02:00" endTime="2022-06-13T21:12:10.2578691+02:00" testType="13cdc9d9-ddb5-4fa4-a97d-d965ccfc6d4b" outcome="Passed" testListId="8c84fa94-04c1-424b-9868-57a2d4851a1d" relativeResultsDirectory="e8f3503c-e60b-444c-8208-7aac87e2d47c" />
    <UnitTestResult executionId="91fbdb8c-8d1d-4236-8fe2-56ad98f5e887" testId="749a9d55-a0bf-4498-8aa2-193a59fa1cb5" testName="FormatToStringTest1000 (653.4647999170537,653.46 zł)" computerName="DESKTOP-5URQ9PB" duration="00:00:00.0000062" startTime="2022-06-13T21:12:10.1981855+02:00" endTime="2022-06-13T21:12:10.1982637+02:00" testType="13cdc9d9-ddb5-4fa4-a97d-d965ccfc6d4b" outcome="Passed" testListId="8c84fa94-04c1-424b-9868-57a2d4851a1d" relativeResultsDirectory="91fbdb8c-8d1d-4236-8fe2-56ad98f5e887" />
    <UnitTestResult executionId="a31c33ab-ef76-4891-80f2-08ce8f622a7e" testId="c24374bf-8242-46e0-8d57-d4ba4c1238f0" testName="FormatToStringTest1000 (37589.670531794276,37589.67 zł)" computerName="DESKTOP-5URQ9PB" duration="00:00:00.0000065" startTime="2022-06-13T21:12:10.0862231+02:00" endTime="2022-06-13T21:12:10.0862959+02:00" testType="13cdc9d9-ddb5-4fa4-a97d-d965ccfc6d4b" outcome="Passed" testListId="8c84fa94-04c1-424b-9868-57a2d4851a1d" relativeResultsDirectory="a31c33ab-ef76-4891-80f2-08ce8f622a7e" />
    <UnitTestResult executionId="ec77ab8b-2e3c-4350-80cb-21914389b700" testId="3a4f50c5-6e63-47eb-a5c5-8aeb4c5243e1" testName="FormatToStringTest1000 (750.5106571719566,750.51 zł)" computerName="DESKTOP-5URQ9PB" duration="00:00:00.0000070" startTime="2022-06-13T21:12:10.3945018+02:00" endTime="2022-06-13T21:12:10.3945660+02:00" testType="13cdc9d9-ddb5-4fa4-a97d-d965ccfc6d4b" outcome="Passed" testListId="8c84fa94-04c1-424b-9868-57a2d4851a1d" relativeResultsDirectory="ec77ab8b-2e3c-4350-80cb-21914389b700" />
    <UnitTestResult executionId="e07a09de-d639-40b4-8ed2-5604ddb79554" testId="554e2705-e146-40ec-9f37-6810c2f9a4e4" testName="FormatToStringTest1000 (10965.74607995746,10965.75 zł)" computerName="DESKTOP-5URQ9PB" duration="00:00:00.0000066" startTime="2022-06-13T21:12:10.1352725+02:00" endTime="2022-06-13T21:12:10.1353461+02:00" testType="13cdc9d9-ddb5-4fa4-a97d-d965ccfc6d4b" outcome="Passed" testListId="8c84fa94-04c1-424b-9868-57a2d4851a1d" relativeResultsDirectory="e07a09de-d639-40b4-8ed2-5604ddb79554" />
    <UnitTestResult executionId="a876255f-350b-4abc-a905-a376dc8dfe7f" testId="82038f88-82e6-48c5-a64c-69e37c05e47a" testName="FormatToStringTest1000 (27027.327683509946,27027.33 zł)" computerName="DESKTOP-5URQ9PB" duration="00:00:00.0000063" startTime="2022-06-13T21:12:10.1550077+02:00" endTime="2022-06-13T21:12:10.1550748+02:00" testType="13cdc9d9-ddb5-4fa4-a97d-d965ccfc6d4b" outcome="Passed" testListId="8c84fa94-04c1-424b-9868-57a2d4851a1d" relativeResultsDirectory="a876255f-350b-4abc-a905-a376dc8dfe7f" />
    <UnitTestResult executionId="66dc59df-a49d-4729-ae2b-19838e893137" testId="8968c155-99d3-4a18-8cd5-c8fa04d94579" testName="FormatToStringTest1000 (1963.0091662979728,1963.01 zł)" computerName="DESKTOP-5URQ9PB" duration="00:00:00.0000064" startTime="2022-06-13T21:12:10.3669877+02:00" endTime="2022-06-13T21:12:10.3670524+02:00" testType="13cdc9d9-ddb5-4fa4-a97d-d965ccfc6d4b" outcome="Passed" testListId="8c84fa94-04c1-424b-9868-57a2d4851a1d" relativeResultsDirectory="66dc59df-a49d-4729-ae2b-19838e893137" />
    <UnitTestResult executionId="1b6c94b6-7de4-4bb8-88dd-27d77b2e0690" testId="b4a5a4d0-ad16-495e-a207-05be09e54d5b" testName="FormatToStringTest1000 (6466.872242818062,6466.87 zł)" computerName="DESKTOP-5URQ9PB" duration="00:00:00.0000061" startTime="2022-06-13T21:12:10.3363976+02:00" endTime="2022-06-13T21:12:10.3364611+02:00" testType="13cdc9d9-ddb5-4fa4-a97d-d965ccfc6d4b" outcome="Passed" testListId="8c84fa94-04c1-424b-9868-57a2d4851a1d" relativeResultsDirectory="1b6c94b6-7de4-4bb8-88dd-27d77b2e0690" />
    <UnitTestResult executionId="26976c12-cb03-45e6-8df5-4dd338cbbee0" testId="37570542-a94e-4e69-9353-1615014bbd44" testName="FormatToStringTest1000 (35905.47425787219,35905.47 zł)" computerName="DESKTOP-5URQ9PB" duration="00:00:00.0000064" startTime="2022-06-13T21:12:10.4054732+02:00" endTime="2022-06-13T21:12:10.4055386+02:00" testType="13cdc9d9-ddb5-4fa4-a97d-d965ccfc6d4b" outcome="Passed" testListId="8c84fa94-04c1-424b-9868-57a2d4851a1d" relativeResultsDirectory="26976c12-cb03-45e6-8df5-4dd338cbbee0" />
    <UnitTestResult executionId="ee94f9ea-37ae-4650-a36b-2a49d22c34a7" testId="7831b102-5135-492a-9e35-b45d3c037b67" testName="FormatToStringTest1000 (10227.532692039169,10227.53 zł)" computerName="DESKTOP-5URQ9PB" duration="00:00:00.0000063" startTime="2022-06-13T21:12:10.1515356+02:00" endTime="2022-06-13T21:12:10.1516028+02:00" testType="13cdc9d9-ddb5-4fa4-a97d-d965ccfc6d4b" outcome="Passed" testListId="8c84fa94-04c1-424b-9868-57a2d4851a1d" relativeResultsDirectory="ee94f9ea-37ae-4650-a36b-2a49d22c34a7" />
    <UnitTestResult executionId="cf830c7b-d1e8-44dd-820a-1e45560beef5" testId="a636d441-f8b0-4c72-bda4-18679cdcd59d" testName="FormatToStringTest1000 (17579.823312525088,17579.82 zł)" computerName="DESKTOP-5URQ9PB" duration="00:00:00.0000063" startTime="2022-06-13T21:12:10.3404989+02:00" endTime="2022-06-13T21:12:10.3405629+02:00" testType="13cdc9d9-ddb5-4fa4-a97d-d965ccfc6d4b" outcome="Passed" testListId="8c84fa94-04c1-424b-9868-57a2d4851a1d" relativeResultsDirectory="cf830c7b-d1e8-44dd-820a-1e45560beef5" />
    <UnitTestResult executionId="38528139-1825-40e2-b124-8b2ca81c8a91" testId="99eb2e8a-d442-424d-872d-628b79eb582f" testName="FormatToStringTest1000 (13574.683315038068,13574.68 zł)" computerName="DESKTOP-5URQ9PB" duration="00:00:00.0000062" startTime="2022-06-13T21:12:10.1646354+02:00" endTime="2022-06-13T21:12:10.1647029+02:00" testType="13cdc9d9-ddb5-4fa4-a97d-d965ccfc6d4b" outcome="Passed" testListId="8c84fa94-04c1-424b-9868-57a2d4851a1d" relativeResultsDirectory="38528139-1825-40e2-b124-8b2ca81c8a91" />
    <UnitTestResult executionId="5a389390-dfa2-4aad-9aeb-1f9b0a67205b" testId="bcbf31ed-e0e0-4b82-aa98-f784ec985bff" testName="FormatToStringTest1000 (386.358918903097,386.36 zł)" computerName="DESKTOP-5URQ9PB" duration="00:00:00.0000066" startTime="2022-06-13T21:12:10.2024876+02:00" endTime="2022-06-13T21:12:10.2025563+02:00" testType="13cdc9d9-ddb5-4fa4-a97d-d965ccfc6d4b" outcome="Passed" testListId="8c84fa94-04c1-424b-9868-57a2d4851a1d" relativeResultsDirectory="5a389390-dfa2-4aad-9aeb-1f9b0a67205b" />
    <UnitTestResult executionId="741e8c30-1e34-4740-9922-b3b3308f478d" testId="67362513-f8ef-4106-94ae-31b5f057e05e" testName="FormatToStringTest1000 (12903.541202012237,12903.54 zł)" computerName="DESKTOP-5URQ9PB" duration="00:00:00.0000065" startTime="2022-06-13T21:12:10.1949825+02:00" endTime="2022-06-13T21:12:10.1950613+02:00" testType="13cdc9d9-ddb5-4fa4-a97d-d965ccfc6d4b" outcome="Passed" testListId="8c84fa94-04c1-424b-9868-57a2d4851a1d" relativeResultsDirectory="741e8c30-1e34-4740-9922-b3b3308f478d" />
    <UnitTestResult executionId="240f9a05-5767-43d4-9c11-1093510741a1" testId="0420df47-5fc3-46b6-809e-d28bca8ef61d" testName="FormatToStringTest1000 (32632.105531036905,32632.11 zł)" computerName="DESKTOP-5URQ9PB" duration="00:00:00.0000081" startTime="2022-06-13T21:12:10.0814855+02:00" endTime="2022-06-13T21:12:10.0815665+02:00" testType="13cdc9d9-ddb5-4fa4-a97d-d965ccfc6d4b" outcome="Passed" testListId="8c84fa94-04c1-424b-9868-57a2d4851a1d" relativeResultsDirectory="240f9a05-5767-43d4-9c11-1093510741a1" />
    <UnitTestResult executionId="c0209e0d-669f-48bf-b572-0aa62785a77e" testId="adc7fcb2-c56d-4523-bc32-27259de2dd45" testName="FormatToStringTest1000 (9628.688698104437,9628.69 zł)" computerName="DESKTOP-5URQ9PB" duration="00:00:00.0000064" startTime="2022-06-13T21:12:10.3834832+02:00" endTime="2022-06-13T21:12:10.3835542+02:00" testType="13cdc9d9-ddb5-4fa4-a97d-d965ccfc6d4b" outcome="Passed" testListId="8c84fa94-04c1-424b-9868-57a2d4851a1d" relativeResultsDirectory="c0209e0d-669f-48bf-b572-0aa62785a77e" />
    <UnitTestResult executionId="9458b5cb-9444-4ce4-b172-b1748b157458" testId="ee5000cf-f0c1-4981-8c4c-b82c32d56251" testName="FormatToStringTest1000 (27629.79121039193,27629.79 zł)" computerName="DESKTOP-5URQ9PB" duration="00:00:00.0000063" startTime="2022-06-13T21:12:10.2214144+02:00" endTime="2022-06-13T21:12:10.2214812+02:00" testType="13cdc9d9-ddb5-4fa4-a97d-d965ccfc6d4b" outcome="Passed" testListId="8c84fa94-04c1-424b-9868-57a2d4851a1d" relativeResultsDirectory="9458b5cb-9444-4ce4-b172-b1748b157458" />
    <UnitTestResult executionId="f2a88b09-5962-49cc-888c-d6743cc67509" testId="c6a43b58-9668-4fcf-953e-eaf15ad1c6da" testName="FormatToStringTest1000 (19462.729986486367,19462.73 zł)" computerName="DESKTOP-5URQ9PB" duration="00:00:00.0000070" startTime="2022-06-13T21:12:10.3398414+02:00" endTime="2022-06-13T21:12:10.3399168+02:00" testType="13cdc9d9-ddb5-4fa4-a97d-d965ccfc6d4b" outcome="Passed" testListId="8c84fa94-04c1-424b-9868-57a2d4851a1d" relativeResultsDirectory="f2a88b09-5962-49cc-888c-d6743cc67509" />
    <UnitTestResult executionId="7df2176a-a403-472f-aa62-ba26c7ff192f" testId="c95bb45a-ca5f-4424-bd9d-cc5157cb2f75" testName="FormatToStringTest1000 (18596.12661189033,18596.13 zł)" computerName="DESKTOP-5URQ9PB" duration="00:00:00.0000067" startTime="2022-06-13T21:12:10.3135440+02:00" endTime="2022-06-13T21:12:10.3136250+02:00" testType="13cdc9d9-ddb5-4fa4-a97d-d965ccfc6d4b" outcome="Passed" testListId="8c84fa94-04c1-424b-9868-57a2d4851a1d" relativeResultsDirectory="7df2176a-a403-472f-aa62-ba26c7ff192f" />
    <UnitTestResult executionId="922b45d1-4830-466b-aede-827dde15a7d1" testId="5a210aa6-f1d7-4df3-8c54-5526cfb47618" testName="FormatToStringTest1000 (24024.14691439557,24024.15 zł)" computerName="DESKTOP-5URQ9PB" duration="00:00:00.0000066" startTime="2022-06-13T21:12:10.1948871+02:00" endTime="2022-06-13T21:12:10.1949646+02:00" testType="13cdc9d9-ddb5-4fa4-a97d-d965ccfc6d4b" outcome="Passed" testListId="8c84fa94-04c1-424b-9868-57a2d4851a1d" relativeResultsDirectory="922b45d1-4830-466b-aede-827dde15a7d1" />
    <UnitTestResult executionId="f5abf84e-5b57-4680-acdd-12f542c877f4" testId="a4cc5020-9182-44c8-a263-4f0c3122dc19" testName="FormatToStringTest1000 (6266.232005888704,6266.23 zł)" computerName="DESKTOP-5URQ9PB" duration="00:00:00.0000063" startTime="2022-06-13T21:12:10.3222280+02:00" endTime="2022-06-13T21:12:10.3223011+02:00" testType="13cdc9d9-ddb5-4fa4-a97d-d965ccfc6d4b" outcome="Passed" testListId="8c84fa94-04c1-424b-9868-57a2d4851a1d" relativeResultsDirectory="f5abf84e-5b57-4680-acdd-12f542c877f4" />
    <UnitTestResult executionId="e89eacb2-3b90-4ed6-a2ed-f1fc8f20b2e4" testId="4919a2b7-3aae-4b4d-a189-a273add4622b" testName="FormatToStringTest1000 (46898.00219497783,46898.00 zł)" computerName="DESKTOP-5URQ9PB" duration="00:00:00.0000064" startTime="2022-06-13T21:12:10.1163514+02:00" endTime="2022-06-13T21:12:10.1164307+02:00" testType="13cdc9d9-ddb5-4fa4-a97d-d965ccfc6d4b" outcome="Passed" testListId="8c84fa94-04c1-424b-9868-57a2d4851a1d" relativeResultsDirectory="e89eacb2-3b90-4ed6-a2ed-f1fc8f20b2e4" />
    <UnitTestResult executionId="ca769689-79e7-47ee-aa11-8e474ab5ef19" testId="3ad50e9d-8d26-49cc-afc7-49512d12113e" testName="FormatToStringTest1000 (468.83385119346616,468.83 zł)" computerName="DESKTOP-5URQ9PB" duration="00:00:00.0000166" startTime="2022-06-13T21:12:10.0973844+02:00" endTime="2022-06-13T21:12:10.0976047+02:00" testType="13cdc9d9-ddb5-4fa4-a97d-d965ccfc6d4b" outcome="Passed" testListId="8c84fa94-04c1-424b-9868-57a2d4851a1d" relativeResultsDirectory="ca769689-79e7-47ee-aa11-8e474ab5ef19" />
    <UnitTestResult executionId="b878c587-b96f-44a4-bdb2-6a374c81c599" testId="001f4160-27ee-47aa-8d91-4d460ac23429" testName="FormatToStringTest1000 (11871.427211910219,11871.43 zł)" computerName="DESKTOP-5URQ9PB" duration="00:00:00.0000281" startTime="2022-06-13T21:12:10.2962415+02:00" endTime="2022-06-13T21:12:10.2964177+02:00" testType="13cdc9d9-ddb5-4fa4-a97d-d965ccfc6d4b" outcome="Passed" testListId="8c84fa94-04c1-424b-9868-57a2d4851a1d" relativeResultsDirectory="b878c587-b96f-44a4-bdb2-6a374c81c599" />
    <UnitTestResult executionId="6b5413f0-26b5-45dc-bfea-80a105bac2df" testId="17c05fef-5e37-41e1-9814-18db32aa599a" testName="FormatToStringTest1000 (35714.78133482243,35714.78 zł)" computerName="DESKTOP-5URQ9PB" duration="00:00:00.0000061" startTime="2022-06-13T21:12:10.2219249+02:00" endTime="2022-06-13T21:12:10.2219904+02:00" testType="13cdc9d9-ddb5-4fa4-a97d-d965ccfc6d4b" outcome="Passed" testListId="8c84fa94-04c1-424b-9868-57a2d4851a1d" relativeResultsDirectory="6b5413f0-26b5-45dc-bfea-80a105bac2df" />
    <UnitTestResult executionId="8a760cd6-2afe-4017-a01b-3efe7dbd54fa" testId="94f776b5-fd8e-4889-9bf4-b898529e3d2a" testName="FormatToStringTest1000 (19189.813662191766,19189.81 zł)" computerName="DESKTOP-5URQ9PB" duration="00:00:00.0000116" startTime="2022-06-13T21:12:10.2318442+02:00" endTime="2022-06-13T21:12:10.2320108+02:00" testType="13cdc9d9-ddb5-4fa4-a97d-d965ccfc6d4b" outcome="Passed" testListId="8c84fa94-04c1-424b-9868-57a2d4851a1d" relativeResultsDirectory="8a760cd6-2afe-4017-a01b-3efe7dbd54fa" />
    <UnitTestResult executionId="f4898c13-abd5-45b8-a0bc-9e3018cd33f5" testId="80c9a399-187a-481e-878b-1b9456a0ee46" testName="FormatToStringTest1000 (36320.770035296104,36320.77 zł)" computerName="DESKTOP-5URQ9PB" duration="00:00:00.0000065" startTime="2022-06-13T21:12:10.3860264+02:00" endTime="2022-06-13T21:12:10.3860931+02:00" testType="13cdc9d9-ddb5-4fa4-a97d-d965ccfc6d4b" outcome="Passed" testListId="8c84fa94-04c1-424b-9868-57a2d4851a1d" relativeResultsDirectory="f4898c13-abd5-45b8-a0bc-9e3018cd33f5" />
    <UnitTestResult executionId="cf37c1a0-3842-439e-9f7e-24f7b2768a05" testId="f0fe6e0e-3537-4b59-bb79-4ea884f40132" testName="FormatToStringTest1000 (4554.73912809777,4554.74 zł)" computerName="DESKTOP-5URQ9PB" duration="00:00:00.0000065" startTime="2022-06-13T21:12:10.3113262+02:00" endTime="2022-06-13T21:12:10.3113945+02:00" testType="13cdc9d9-ddb5-4fa4-a97d-d965ccfc6d4b" outcome="Passed" testListId="8c84fa94-04c1-424b-9868-57a2d4851a1d" relativeResultsDirectory="cf37c1a0-3842-439e-9f7e-24f7b2768a05" />
    <UnitTestResult executionId="1d676f9a-e797-4068-a273-76407c0daeda" testId="5cef70b4-b093-4163-b09e-af488885f130" testName="FormatToStringTest1000 (12283.48626129026,12283.49 zł)" computerName="DESKTOP-5URQ9PB" duration="00:00:00.0000062" startTime="2022-06-13T21:12:10.2216735+02:00" endTime="2022-06-13T21:12:10.2217400+02:00" testType="13cdc9d9-ddb5-4fa4-a97d-d965ccfc6d4b" outcome="Passed" testListId="8c84fa94-04c1-424b-9868-57a2d4851a1d" relativeResultsDirectory="1d676f9a-e797-4068-a273-76407c0daeda" />
    <UnitTestResult executionId="732d0e7f-6c30-4ea7-b30a-4927462d91e1" testId="b25f6e1d-82f1-4694-8bbc-2dac491eb1b2" testName="FormatToStringTest1000 (16037.01783290087,16037.02 zł)" computerName="DESKTOP-5URQ9PB" duration="00:00:00.0000063" startTime="2022-06-13T21:12:10.4074221+02:00" endTime="2022-06-13T21:12:10.4074871+02:00" testType="13cdc9d9-ddb5-4fa4-a97d-d965ccfc6d4b" outcome="Passed" testListId="8c84fa94-04c1-424b-9868-57a2d4851a1d" relativeResultsDirectory="732d0e7f-6c30-4ea7-b30a-4927462d91e1" />
    <UnitTestResult executionId="ce0893e2-d5fa-48b0-8de8-61694d471b2a" testId="b6d4f659-85e2-4034-8da1-186842edfa25" testName="FormatToStringTest1000 (4139.032615562451,4139.03 zł)" computerName="DESKTOP-5URQ9PB" duration="00:00:00.0000062" startTime="2022-06-13T21:12:10.3537486+02:00" endTime="2022-06-13T21:12:10.3538122+02:00" testType="13cdc9d9-ddb5-4fa4-a97d-d965ccfc6d4b" outcome="Passed" testListId="8c84fa94-04c1-424b-9868-57a2d4851a1d" relativeResultsDirectory="ce0893e2-d5fa-48b0-8de8-61694d471b2a" />
    <UnitTestResult executionId="6748be1c-bff3-4b0b-8ffd-e488df2d74d2" testId="c6b2ccce-f812-461d-9c77-f393018a86ef" testName="FormatToStringTest1000 (1208.1827589441941,1208.18 zł)" computerName="DESKTOP-5URQ9PB" duration="00:00:00.0000122" startTime="2022-06-13T21:12:10.1058703+02:00" endTime="2022-06-13T21:12:10.1060321+02:00" testType="13cdc9d9-ddb5-4fa4-a97d-d965ccfc6d4b" outcome="Passed" testListId="8c84fa94-04c1-424b-9868-57a2d4851a1d" relativeResultsDirectory="6748be1c-bff3-4b0b-8ffd-e488df2d74d2" />
    <UnitTestResult executionId="e4779330-5743-40c3-b786-84f86b11792e" testId="ab8ca39a-e7cd-4514-8ad8-76be6e0bd840" testName="FormatToStringTest1000 (30626.373939456127,30626.37 zł)" computerName="DESKTOP-5URQ9PB" duration="00:00:00.0000063" startTime="2022-06-13T21:12:10.1249189+02:00" endTime="2022-06-13T21:12:10.1249944+02:00" testType="13cdc9d9-ddb5-4fa4-a97d-d965ccfc6d4b" outcome="Passed" testListId="8c84fa94-04c1-424b-9868-57a2d4851a1d" relativeResultsDirectory="e4779330-5743-40c3-b786-84f86b11792e" />
    <UnitTestResult executionId="8b48f291-3964-44f8-aecb-8342a748c843" testId="f4eb632b-ef87-4c54-8d3f-55f44c0e468b" testName="FormatToStringTest1000 (47256.065730817645,47256.07 zł)" computerName="DESKTOP-5URQ9PB" duration="00:00:00.0000062" startTime="2022-06-13T21:12:10.1722603+02:00" endTime="2022-06-13T21:12:10.1723269+02:00" testType="13cdc9d9-ddb5-4fa4-a97d-d965ccfc6d4b" outcome="Passed" testListId="8c84fa94-04c1-424b-9868-57a2d4851a1d" relativeResultsDirectory="8b48f291-3964-44f8-aecb-8342a748c843" />
    <UnitTestResult executionId="c2f110d3-d6b3-4c31-99b9-cfbea4e54269" testId="ccfb88c0-4151-4c17-a6be-40b5c4096185" testName="FormatToStringTest1000 (50644.690874327294,50644.69 zł)" computerName="DESKTOP-5URQ9PB" duration="00:00:00.0000063" startTime="2022-06-13T21:12:10.3693882+02:00" endTime="2022-06-13T21:12:10.3694517+02:00" testType="13cdc9d9-ddb5-4fa4-a97d-d965ccfc6d4b" outcome="Passed" testListId="8c84fa94-04c1-424b-9868-57a2d4851a1d" relativeResultsDirectory="c2f110d3-d6b3-4c31-99b9-cfbea4e54269" />
    <UnitTestResult executionId="f69f6412-b291-4fae-87cd-8bf209fb5f74" testId="c06b30d5-385e-45e0-b2c5-a0cb2fc32034" testName="FormatToStringTest1000 (21328.29026726507,21328.29 zł)" computerName="DESKTOP-5URQ9PB" duration="00:00:00.0000063" startTime="2022-06-13T21:12:10.3941736+02:00" endTime="2022-06-13T21:12:10.3942386+02:00" testType="13cdc9d9-ddb5-4fa4-a97d-d965ccfc6d4b" outcome="Passed" testListId="8c84fa94-04c1-424b-9868-57a2d4851a1d" relativeResultsDirectory="f69f6412-b291-4fae-87cd-8bf209fb5f74" />
    <UnitTestResult executionId="1f2f3dc6-e35d-4886-8598-1c1115104b0b" testId="785c47db-9650-4f38-9f45-838b46ca1a7d" testName="FormatToStringTest1000 (76536.95853396178,76536.96 zł)" computerName="DESKTOP-5URQ9PB" duration="00:00:00.0000116" startTime="2022-06-13T21:12:10.3008580+02:00" endTime="2022-06-13T21:12:10.3009407+02:00" testType="13cdc9d9-ddb5-4fa4-a97d-d965ccfc6d4b" outcome="Passed" testListId="8c84fa94-04c1-424b-9868-57a2d4851a1d" relativeResultsDirectory="1f2f3dc6-e35d-4886-8598-1c1115104b0b" />
    <UnitTestResult executionId="23b54329-c4d7-449e-8984-b79eff74f3f9" testId="1f65e4cb-3f63-4f5b-a323-e140f81cb4ac" testName="FormatToStringTest1000 (29926.595417457444,29926.60 zł)" computerName="DESKTOP-5URQ9PB" duration="00:00:00.0000063" startTime="2022-06-13T21:12:10.3539104+02:00" endTime="2022-06-13T21:12:10.3539744+02:00" testType="13cdc9d9-ddb5-4fa4-a97d-d965ccfc6d4b" outcome="Passed" testListId="8c84fa94-04c1-424b-9868-57a2d4851a1d" relativeResultsDirectory="23b54329-c4d7-449e-8984-b79eff74f3f9" />
    <UnitTestResult executionId="4d896abc-a24e-4979-899f-06d7f03e8c2f" testId="5b056227-1995-416d-9296-adb998c89be0" testName="FormatToStringTest1000 (6205.946199725357,6205.95 zł)" computerName="DESKTOP-5URQ9PB" duration="00:00:00.0000063" startTime="2022-06-13T21:12:10.2213295+02:00" endTime="2022-06-13T21:12:10.2213968+02:00" testType="13cdc9d9-ddb5-4fa4-a97d-d965ccfc6d4b" outcome="Passed" testListId="8c84fa94-04c1-424b-9868-57a2d4851a1d" relativeResultsDirectory="4d896abc-a24e-4979-899f-06d7f03e8c2f" />
    <UnitTestResult executionId="094dbcde-c3ce-451a-9cd8-568f4fca6ee3" testId="e2c2978b-535d-476f-ab41-221f3f476515" testName="FormatToStringTest1000 (6958.393354767186,6958.39 zł)" computerName="DESKTOP-5URQ9PB" duration="00:00:00.0000083" startTime="2022-06-13T21:12:10.0405528+02:00" endTime="2022-06-13T21:12:10.0406301+02:00" testType="13cdc9d9-ddb5-4fa4-a97d-d965ccfc6d4b" outcome="Passed" testListId="8c84fa94-04c1-424b-9868-57a2d4851a1d" relativeResultsDirectory="094dbcde-c3ce-451a-9cd8-568f4fca6ee3" />
    <UnitTestResult executionId="d295629e-db05-4c29-8da4-4972459eacc5" testId="9452f797-90c2-4641-b5af-4614e8a6c722" testName="FormatToStringTest1000 (3477.860963622509,3477.86 zł)" computerName="DESKTOP-5URQ9PB" duration="00:00:00.0000062" startTime="2022-06-13T21:12:10.3692268+02:00" endTime="2022-06-13T21:12:10.3692902+02:00" testType="13cdc9d9-ddb5-4fa4-a97d-d965ccfc6d4b" outcome="Passed" testListId="8c84fa94-04c1-424b-9868-57a2d4851a1d" relativeResultsDirectory="d295629e-db05-4c29-8da4-4972459eacc5" />
    <UnitTestResult executionId="f6cb39f0-4957-42a7-9e0c-4a7de62c23ff" testId="f5e9d77d-2e28-4f7e-aef0-dee1d552605c" testName="FormatToStringTest1000 (15509.637406484986,15509.64 zł)" computerName="DESKTOP-5URQ9PB" duration="00:00:00.0000072" startTime="2022-06-13T21:12:10.1387584+02:00" endTime="2022-06-13T21:12:10.1388271+02:00" testType="13cdc9d9-ddb5-4fa4-a97d-d965ccfc6d4b" outcome="Passed" testListId="8c84fa94-04c1-424b-9868-57a2d4851a1d" relativeResultsDirectory="f6cb39f0-4957-42a7-9e0c-4a7de62c23ff" />
    <UnitTestResult executionId="11f07be7-4abe-46ae-bddb-4175364be9f1" testId="e8fd9dc2-4146-47ee-bd18-0370212faefd" testName="FormatToStringTest1000 (10495.622655484185,10495.62 zł)" computerName="DESKTOP-5URQ9PB" duration="00:00:00.0000064" startTime="2022-06-13T21:12:10.3337254+02:00" endTime="2022-06-13T21:12:10.3337904+02:00" testType="13cdc9d9-ddb5-4fa4-a97d-d965ccfc6d4b" outcome="Passed" testListId="8c84fa94-04c1-424b-9868-57a2d4851a1d" relativeResultsDirectory="11f07be7-4abe-46ae-bddb-4175364be9f1" />
    <UnitTestResult executionId="6b1b0cc3-54dc-4a22-bd94-a9fde9c39dfb" testId="f3cb2535-1dd8-4080-9664-1a78f1a94343" testName="FormatToStringTest1000 (39531.95190033268,39531.95 zł)" computerName="DESKTOP-5URQ9PB" duration="00:00:00.0000062" startTime="2022-06-13T21:12:10.3427487+02:00" endTime="2022-06-13T21:12:10.3428133+02:00" testType="13cdc9d9-ddb5-4fa4-a97d-d965ccfc6d4b" outcome="Passed" testListId="8c84fa94-04c1-424b-9868-57a2d4851a1d" relativeResultsDirectory="6b1b0cc3-54dc-4a22-bd94-a9fde9c39dfb" />
    <UnitTestResult executionId="8f51b2c1-4f4b-4586-8d55-f8da17fddc84" testId="dd0c5edd-d20c-40de-966e-5be606c2498e" testName="FormatToStringTest1000 (25084.19182667238,25084.19 zł)" computerName="DESKTOP-5URQ9PB" duration="00:00:00.0000070" startTime="2022-06-13T21:12:10.3828066+02:00" endTime="2022-06-13T21:12:10.3828819+02:00" testType="13cdc9d9-ddb5-4fa4-a97d-d965ccfc6d4b" outcome="Passed" testListId="8c84fa94-04c1-424b-9868-57a2d4851a1d" relativeResultsDirectory="8f51b2c1-4f4b-4586-8d55-f8da17fddc84" />
    <UnitTestResult executionId="179a1718-5302-4f49-bf12-a1959d59ad47" testId="b427d6cc-d088-4290-acf7-2a847d70a365" testName="FormatToStringTest1000 (5548.360986085777,5548.36 zł)" computerName="DESKTOP-5URQ9PB" duration="00:00:00.0000065" startTime="2022-06-13T21:12:10.3221291+02:00" endTime="2022-06-13T21:12:10.3222107+02:00" testType="13cdc9d9-ddb5-4fa4-a97d-d965ccfc6d4b" outcome="Passed" testListId="8c84fa94-04c1-424b-9868-57a2d4851a1d" relativeResultsDirectory="179a1718-5302-4f49-bf12-a1959d59ad47" />
    <UnitTestResult executionId="248dd5b4-ba5f-4a48-b4ac-f294d5b0bd8c" testId="2c62fd0d-a5a4-4dd2-af81-b6cc42c67c33" testName="FormatToStringTest1000 (14237.13226245955,14237.13 zł)" computerName="DESKTOP-5URQ9PB" duration="00:00:00.0000063" startTime="2022-06-13T21:12:10.0857602+02:00" endTime="2022-06-13T21:12:10.0858321+02:00" testType="13cdc9d9-ddb5-4fa4-a97d-d965ccfc6d4b" outcome="Passed" testListId="8c84fa94-04c1-424b-9868-57a2d4851a1d" relativeResultsDirectory="248dd5b4-ba5f-4a48-b4ac-f294d5b0bd8c" />
    <UnitTestResult executionId="c3bafa04-a77b-40a9-a897-4b471555e9b1" testId="a0c8d0cf-6fdd-4b0b-8ddb-d6e992817e14" testName="FormatToStringTest1000 (2115.5076919884923,2115.51 zł)" computerName="DESKTOP-5URQ9PB" duration="00:00:00.0000063" startTime="2022-06-13T21:12:10.3927453+02:00" endTime="2022-06-13T21:12:10.3928088+02:00" testType="13cdc9d9-ddb5-4fa4-a97d-d965ccfc6d4b" outcome="Passed" testListId="8c84fa94-04c1-424b-9868-57a2d4851a1d" relativeResultsDirectory="c3bafa04-a77b-40a9-a897-4b471555e9b1" />
    <UnitTestResult executionId="5dd64852-86f0-479e-a45f-74695ac2569c" testId="b9b41f3d-717e-42c4-a199-980d9d2bf7a9" testName="FormatToStringTest1000 (46607.970025941715,46607.97 zł)" computerName="DESKTOP-5URQ9PB" duration="00:00:00.0000062" startTime="2022-06-13T21:12:10.2448536+02:00" endTime="2022-06-13T21:12:10.2449203+02:00" testType="13cdc9d9-ddb5-4fa4-a97d-d965ccfc6d4b" outcome="Passed" testListId="8c84fa94-04c1-424b-9868-57a2d4851a1d" relativeResultsDirectory="5dd64852-86f0-479e-a45f-74695ac2569c" />
    <UnitTestResult executionId="5195fe01-caa4-4cf1-9cbc-6d4bccd9c4bc" testId="07caf1c2-f947-41b4-a339-12a13b5a7fb5" testName="FormatToStringTest1000 (9750.134289915735,9750.13 zł)" computerName="DESKTOP-5URQ9PB" duration="00:00:00.0000064" startTime="2022-06-13T21:12:10.3498097+02:00" endTime="2022-06-13T21:12:10.3498739+02:00" testType="13cdc9d9-ddb5-4fa4-a97d-d965ccfc6d4b" outcome="Passed" testListId="8c84fa94-04c1-424b-9868-57a2d4851a1d" relativeResultsDirectory="5195fe01-caa4-4cf1-9cbc-6d4bccd9c4bc" />
    <UnitTestResult executionId="968025fe-60ca-4bfa-84e1-40a4de1565dc" testId="b2f78ed5-718f-46ae-af90-cbe9c281ee3f" testName="FormatToStringTest1000 (1814.7218118955948,1814.72 zł)" computerName="DESKTOP-5URQ9PB" duration="00:00:00.0000063" startTime="2022-06-13T21:12:10.4022634+02:00" endTime="2022-06-13T21:12:10.4023281+02:00" testType="13cdc9d9-ddb5-4fa4-a97d-d965ccfc6d4b" outcome="Passed" testListId="8c84fa94-04c1-424b-9868-57a2d4851a1d" relativeResultsDirectory="968025fe-60ca-4bfa-84e1-40a4de1565dc" />
    <UnitTestResult executionId="59555759-0c25-498d-b105-96f34c718778" testId="1e4c7c65-6b8b-43d7-b0e1-8067ae6fbfbe" testName="FormatToStringTest1000 (21573.45329517613,21573.45 zł)" computerName="DESKTOP-5URQ9PB" duration="00:00:00.0000060" startTime="2022-06-13T21:12:10.4118622+02:00" endTime="2022-06-13T21:12:10.4119254+02:00" testType="13cdc9d9-ddb5-4fa4-a97d-d965ccfc6d4b" outcome="Passed" testListId="8c84fa94-04c1-424b-9868-57a2d4851a1d" relativeResultsDirectory="59555759-0c25-498d-b105-96f34c718778" />
    <UnitTestResult executionId="10af96f5-d3c9-4630-b6f1-dbdfadbfd537" testId="e4b4107d-dc56-41b5-9eb3-f086b5356c26" testName="FormatToStringTest1000 (13027.93935961739,13027.94 zł)" computerName="DESKTOP-5URQ9PB" duration="00:00:00.0000063" startTime="2022-06-13T21:12:10.2689404+02:00" endTime="2022-06-13T21:12:10.2690071+02:00" testType="13cdc9d9-ddb5-4fa4-a97d-d965ccfc6d4b" outcome="Passed" testListId="8c84fa94-04c1-424b-9868-57a2d4851a1d" relativeResultsDirectory="10af96f5-d3c9-4630-b6f1-dbdfadbfd537" />
    <UnitTestResult executionId="302ae91f-eaaa-488d-a3d3-1c93c777644c" testId="367cdf4f-7df2-4a6d-9490-ff96d4ae4ef4" testName="FormatToStringTest1000 (88616.03808168416,88616.04 zł)" computerName="DESKTOP-5URQ9PB" duration="00:00:00.0000061" startTime="2022-06-13T21:12:10.3790034+02:00" endTime="2022-06-13T21:12:10.3790673+02:00" testType="13cdc9d9-ddb5-4fa4-a97d-d965ccfc6d4b" outcome="Passed" testListId="8c84fa94-04c1-424b-9868-57a2d4851a1d" relativeResultsDirectory="302ae91f-eaaa-488d-a3d3-1c93c777644c" />
    <UnitTestResult executionId="4d763795-3f99-4eba-b5e7-db9d721b7332" testId="20767a9c-9106-4543-b4c6-e5da350d144a" testName="FormatToStringTest1000 (11624.834848273003,11624.83 zł)" computerName="DESKTOP-5URQ9PB" duration="00:00:00.0000061" startTime="2022-06-13T21:12:10.3160078+02:00" endTime="2022-06-13T21:12:10.3160745+02:00" testType="13cdc9d9-ddb5-4fa4-a97d-d965ccfc6d4b" outcome="Passed" testListId="8c84fa94-04c1-424b-9868-57a2d4851a1d" relativeResultsDirectory="4d763795-3f99-4eba-b5e7-db9d721b7332" />
    <UnitTestResult executionId="1577aef7-5487-4a91-843e-36aad548908d" testId="eadc7ed4-a269-448a-be06-d88418c57225" testName="FormatToStringTest1000 (7119.076353227755,7119.08 zł)" computerName="DESKTOP-5URQ9PB" duration="00:00:00.0000072" startTime="2022-06-13T21:12:10.3154680+02:00" endTime="2022-06-13T21:12:10.3155529+02:00" testType="13cdc9d9-ddb5-4fa4-a97d-d965ccfc6d4b" outcome="Passed" testListId="8c84fa94-04c1-424b-9868-57a2d4851a1d" relativeResultsDirectory="1577aef7-5487-4a91-843e-36aad548908d" />
    <UnitTestResult executionId="b14fab40-1334-4fbd-b6de-28739efc7899" testId="b5d090cb-987d-4e5f-b800-01e94af8af70" testName="FormatToStringTest1000 (32359.431438434138,32359.43 zł)" computerName="DESKTOP-5URQ9PB" duration="00:00:00.0000061" startTime="2022-06-13T21:12:10.3672314+02:00" endTime="2022-06-13T21:12:10.3672954+02:00" testType="13cdc9d9-ddb5-4fa4-a97d-d965ccfc6d4b" outcome="Passed" testListId="8c84fa94-04c1-424b-9868-57a2d4851a1d" relativeResultsDirectory="b14fab40-1334-4fbd-b6de-28739efc7899" />
    <UnitTestResult executionId="860a0b39-dbe8-4be0-8202-33c5134741e2" testId="66390954-26d3-4992-a927-330991f12496" testName="FormatToStringTest1000 (1741.3334432818617,1741.33 zł)" computerName="DESKTOP-5URQ9PB" duration="00:00:00.0000065" startTime="2022-06-13T21:12:10.1063340+02:00" endTime="2022-06-13T21:12:10.1064112+02:00" testType="13cdc9d9-ddb5-4fa4-a97d-d965ccfc6d4b" outcome="Passed" testListId="8c84fa94-04c1-424b-9868-57a2d4851a1d" relativeResultsDirectory="860a0b39-dbe8-4be0-8202-33c5134741e2" />
    <UnitTestResult executionId="6b4e755b-e9c2-44af-8acb-4115cdab3726" testId="15d89329-8f85-4528-811b-ef361f83a24b" testName="FormatToStringTest1000 (16902.50568789314,16902.51 zł)" computerName="DESKTOP-5URQ9PB" duration="00:00:00.0000063" startTime="2022-06-13T21:12:10.2542848+02:00" endTime="2022-06-13T21:12:10.2543515+02:00" testType="13cdc9d9-ddb5-4fa4-a97d-d965ccfc6d4b" outcome="Passed" testListId="8c84fa94-04c1-424b-9868-57a2d4851a1d" relativeResultsDirectory="6b4e755b-e9c2-44af-8acb-4115cdab3726" />
    <UnitTestResult executionId="7f3088a3-8a81-4603-9ae5-ee43c668b794" testId="685451ab-5edc-47d5-96a8-9928a0548bf1" testName="FormatToStringTest1000 (22604.838218828587,22604.84 zł)" computerName="DESKTOP-5URQ9PB" duration="00:00:00.0000084" startTime="2022-06-13T21:12:10.0933449+02:00" endTime="2022-06-13T21:12:10.0934301+02:00" testType="13cdc9d9-ddb5-4fa4-a97d-d965ccfc6d4b" outcome="Passed" testListId="8c84fa94-04c1-424b-9868-57a2d4851a1d" relativeResultsDirectory="7f3088a3-8a81-4603-9ae5-ee43c668b794" />
    <UnitTestResult executionId="a63e5bc3-9175-4784-9fb3-d6437ea054e3" testId="82a011d2-0780-4e48-bf1b-b18c5a67d0dc" testName="FormatToStringTest1000 (15414.175096961751,15414.18 zł)" computerName="DESKTOP-5URQ9PB" duration="00:00:00.0000066" startTime="2022-06-13T21:12:10.1243362+02:00" endTime="2022-06-13T21:12:10.1244126+02:00" testType="13cdc9d9-ddb5-4fa4-a97d-d965ccfc6d4b" outcome="Passed" testListId="8c84fa94-04c1-424b-9868-57a2d4851a1d" relativeResultsDirectory="a63e5bc3-9175-4784-9fb3-d6437ea054e3" />
    <UnitTestResult executionId="3c6c7465-c3dc-419d-8fb7-581d74634ab0" testId="248f9dc0-7554-49a9-a9aa-13cb804bb91b" testName="FormatToStringTest1000 (47393.54939526671,47393.55 zł)" computerName="DESKTOP-5URQ9PB" duration="00:00:00.0000071" startTime="2022-06-13T21:12:10.2412907+02:00" endTime="2022-06-13T21:12:10.2413717+02:00" testType="13cdc9d9-ddb5-4fa4-a97d-d965ccfc6d4b" outcome="Passed" testListId="8c84fa94-04c1-424b-9868-57a2d4851a1d" relativeResultsDirectory="3c6c7465-c3dc-419d-8fb7-581d74634ab0" />
    <UnitTestResult executionId="aa2622aa-6c99-481b-b308-a8709e1cbdfd" testId="d26cf223-2074-4a1a-bde5-8e2a06827a83" testName="FormatToStringTest1000 (95071.15957335343,95071.16 zł)" computerName="DESKTOP-5URQ9PB" duration="00:00:00.0000077" startTime="2022-06-13T21:12:10.3357177+02:00" endTime="2022-06-13T21:12:10.3358051+02:00" testType="13cdc9d9-ddb5-4fa4-a97d-d965ccfc6d4b" outcome="Passed" testListId="8c84fa94-04c1-424b-9868-57a2d4851a1d" relativeResultsDirectory="aa2622aa-6c99-481b-b308-a8709e1cbdfd" />
    <UnitTestResult executionId="58114e2d-7ca6-4fff-903f-b685e17c33c2" testId="b5489667-29b8-45ae-9f44-b4d11a6d5122" testName="FormatToStringTest1000 (3303.1902076747224,3303.19 zł)" computerName="DESKTOP-5URQ9PB" duration="00:00:00.0000061" startTime="2022-06-13T21:12:10.2690244+02:00" endTime="2022-06-13T21:12:10.2690911+02:00" testType="13cdc9d9-ddb5-4fa4-a97d-d965ccfc6d4b" outcome="Passed" testListId="8c84fa94-04c1-424b-9868-57a2d4851a1d" relativeResultsDirectory="58114e2d-7ca6-4fff-903f-b685e17c33c2" />
    <UnitTestResult executionId="eaa41542-f364-425e-9a1a-a16c2c301daf" testId="3e4ea27d-426a-4f41-8794-ba121144715d" testName="FormatToStringTest1000 (75214.75000876503,75214.75 zł)" computerName="DESKTOP-5URQ9PB" duration="00:00:00.0000080" startTime="2022-06-13T21:12:10.2475610+02:00" endTime="2022-06-13T21:12:10.2476541+02:00" testType="13cdc9d9-ddb5-4fa4-a97d-d965ccfc6d4b" outcome="Passed" testListId="8c84fa94-04c1-424b-9868-57a2d4851a1d" relativeResultsDirectory="eaa41542-f364-425e-9a1a-a16c2c301daf" />
    <UnitTestResult executionId="05d1acfd-07b5-46fd-8bcc-f2e07fa55399" testId="1164c467-d05d-4c18-b005-1904413e0bd9" testName="FormatToStringTest1000 (7789.7136237517525,7789.71 zł)" computerName="DESKTOP-5URQ9PB" duration="00:00:00.0000127" startTime="2022-06-13T21:12:10.1020444+02:00" endTime="2022-06-13T21:12:10.1022159+02:00" testType="13cdc9d9-ddb5-4fa4-a97d-d965ccfc6d4b" outcome="Passed" testListId="8c84fa94-04c1-424b-9868-57a2d4851a1d" relativeResultsDirectory="05d1acfd-07b5-46fd-8bcc-f2e07fa55399" />
    <UnitTestResult executionId="40a8c51c-968a-457a-88b7-d6ef55bab3e7" testId="df0524b5-3a90-4c25-990b-2ba4e89edcd0" testName="FormatToStringTest1000 (25135.10315489727,25135.10 zł)" computerName="DESKTOP-5URQ9PB" duration="00:00:00.0000064" startTime="2022-06-13T21:12:10.3559430+02:00" endTime="2022-06-13T21:12:10.3560072+02:00" testType="13cdc9d9-ddb5-4fa4-a97d-d965ccfc6d4b" outcome="Passed" testListId="8c84fa94-04c1-424b-9868-57a2d4851a1d" relativeResultsDirectory="40a8c51c-968a-457a-88b7-d6ef55bab3e7" />
    <UnitTestResult executionId="48b900e0-437b-4c27-a389-5cc597ad6fce" testId="9e49f430-bfad-4114-a805-c705d7616be9" testName="FormatToStringTest1000 (25908.345463821825,25908.35 zł)" computerName="DESKTOP-5URQ9PB" duration="00:00:00.0000062" startTime="2022-06-13T21:12:10.3384248+02:00" endTime="2022-06-13T21:12:10.3384882+02:00" testType="13cdc9d9-ddb5-4fa4-a97d-d965ccfc6d4b" outcome="Passed" testListId="8c84fa94-04c1-424b-9868-57a2d4851a1d" relativeResultsDirectory="48b900e0-437b-4c27-a389-5cc597ad6fce" />
    <UnitTestResult executionId="8ad39ba5-4bc6-4ef6-ba51-32243244253f" testId="c393f1df-38df-4010-bc4e-c8c6d1edfd69" testName="FormatToStringTest1000 (46166.38051381259,46166.38 zł)" computerName="DESKTOP-5URQ9PB" duration="00:00:00.0000061" startTime="2022-06-13T21:12:10.2088096+02:00" endTime="2022-06-13T21:12:10.2088772+02:00" testType="13cdc9d9-ddb5-4fa4-a97d-d965ccfc6d4b" outcome="Passed" testListId="8c84fa94-04c1-424b-9868-57a2d4851a1d" relativeResultsDirectory="8ad39ba5-4bc6-4ef6-ba51-32243244253f" />
    <UnitTestResult executionId="641b4451-931c-4323-8f7f-ae6e7ff6071b" testId="237f4373-d2d3-40cd-93b3-be69cf67a09b" testName="FormatToStringTest1000 (12202.860111308684,12202.86 zł)" computerName="DESKTOP-5URQ9PB" duration="00:00:00.0000062" startTime="2022-06-13T21:12:10.2508963+02:00" endTime="2022-06-13T21:12:10.2509629+02:00" testType="13cdc9d9-ddb5-4fa4-a97d-d965ccfc6d4b" outcome="Passed" testListId="8c84fa94-04c1-424b-9868-57a2d4851a1d" relativeResultsDirectory="641b4451-931c-4323-8f7f-ae6e7ff6071b" />
    <UnitTestResult executionId="0f965e68-7d33-438c-b52c-2d505c97fc84" testId="3eae7d83-9b24-4583-b21b-ea02405c4a69" testName="FormatToStringTest1000 (2423.6182769712145,2423.62 zł)" computerName="DESKTOP-5URQ9PB" duration="00:00:00.0000082" startTime="2022-06-13T21:12:10.3219237+02:00" endTime="2022-06-13T21:12:10.3220128+02:00" testType="13cdc9d9-ddb5-4fa4-a97d-d965ccfc6d4b" outcome="Passed" testListId="8c84fa94-04c1-424b-9868-57a2d4851a1d" relativeResultsDirectory="0f965e68-7d33-438c-b52c-2d505c97fc84" />
    <UnitTestResult executionId="ddee97cf-d108-46d6-9454-b48a8e67181c" testId="197fb8a1-958f-4136-be74-f59f1e28ff4d" testName="FormatToStringTest1000 (56802.303118930344,56802.30 zł)" computerName="DESKTOP-5URQ9PB" duration="00:00:00.0000064" startTime="2022-06-13T21:12:10.3220344+02:00" endTime="2022-06-13T21:12:10.3221114+02:00" testType="13cdc9d9-ddb5-4fa4-a97d-d965ccfc6d4b" outcome="Passed" testListId="8c84fa94-04c1-424b-9868-57a2d4851a1d" relativeResultsDirectory="ddee97cf-d108-46d6-9454-b48a8e67181c" />
    <UnitTestResult executionId="5645fde1-91be-4c52-8139-8bfb7c5fcaca" testId="c812f38a-463d-432b-8be2-29c765560cef" testName="FormatToStringTest1000 (26515.80237687929,26515.80 zł)" computerName="DESKTOP-5URQ9PB" duration="00:00:00.0000064" startTime="2022-06-13T21:12:10.0820290+02:00" endTime="2022-06-13T21:12:10.0820968+02:00" testType="13cdc9d9-ddb5-4fa4-a97d-d965ccfc6d4b" outcome="Passed" testListId="8c84fa94-04c1-424b-9868-57a2d4851a1d" relativeResultsDirectory="5645fde1-91be-4c52-8139-8bfb7c5fcaca" />
    <UnitTestResult executionId="ffd98193-fb2c-4f19-a728-10edc831accf" testId="0a778bb1-b3b1-4757-9d27-e53e3dd33c38" testName="FormatToStringTest1000 (32812.53695512634,32812.54 zł)" computerName="DESKTOP-5URQ9PB" duration="00:00:00.0000097" startTime="2022-06-13T21:12:10.2149499+02:00" endTime="2022-06-13T21:12:10.2150648+02:00" testType="13cdc9d9-ddb5-4fa4-a97d-d965ccfc6d4b" outcome="Passed" testListId="8c84fa94-04c1-424b-9868-57a2d4851a1d" relativeResultsDirectory="ffd98193-fb2c-4f19-a728-10edc831accf" />
    <UnitTestResult executionId="c6353c54-9d93-45c1-94f2-0b7cc74915dc" testId="3f662bde-76bb-495a-b583-8fc1a3a2fa23" testName="FormatToStringTest1000 (1687.6029180025694,1687.60 zł)" computerName="DESKTOP-5URQ9PB" duration="00:00:00.0000066" startTime="2022-06-13T21:12:10.1912366+02:00" endTime="2022-06-13T21:12:10.1913141+02:00" testType="13cdc9d9-ddb5-4fa4-a97d-d965ccfc6d4b" outcome="Passed" testListId="8c84fa94-04c1-424b-9868-57a2d4851a1d" relativeResultsDirectory="c6353c54-9d93-45c1-94f2-0b7cc74915dc" />
    <UnitTestResult executionId="1820d92b-b240-4696-9b08-1b8ee7f80c52" testId="4d3a492c-c18e-4c6a-a03a-3c7e7df41809" testName="FormatToStringTest1000 (9928.477822322622,9928.48 zł)" computerName="DESKTOP-5URQ9PB" duration="00:00:00.0000088" startTime="2022-06-13T21:12:10.3269756+02:00" endTime="2022-06-13T21:12:10.3270736+02:00" testType="13cdc9d9-ddb5-4fa4-a97d-d965ccfc6d4b" outcome="Passed" testListId="8c84fa94-04c1-424b-9868-57a2d4851a1d" relativeResultsDirectory="1820d92b-b240-4696-9b08-1b8ee7f80c52" />
    <UnitTestResult executionId="21fc6738-d87e-4e1a-96b0-78c826ed4bec" testId="a0a48a8a-5d96-4291-a20d-193651930b0f" testName="FormatToStringTest1000 (50507.0104155615,50507.01 zł)" computerName="DESKTOP-5URQ9PB" duration="00:00:00.0000072" startTime="2022-06-13T21:12:10.3960651+02:00" endTime="2022-06-13T21:12:10.3961382+02:00" testType="13cdc9d9-ddb5-4fa4-a97d-d965ccfc6d4b" outcome="Passed" testListId="8c84fa94-04c1-424b-9868-57a2d4851a1d" relativeResultsDirectory="21fc6738-d87e-4e1a-96b0-78c826ed4bec" />
    <UnitTestResult executionId="5052ca45-1a39-4ce1-a772-eda7f3bdbcdb" testId="895a0360-6c5d-4b31-8de4-c50e14c63aed" testName="FormatToStringTest1000 (50991.22189691114,50991.22 zł)" computerName="DESKTOP-5URQ9PB" duration="00:00:00.0000064" startTime="2022-06-13T21:12:10.1130585+02:00" endTime="2022-06-13T21:12:10.1131318+02:00" testType="13cdc9d9-ddb5-4fa4-a97d-d965ccfc6d4b" outcome="Passed" testListId="8c84fa94-04c1-424b-9868-57a2d4851a1d" relativeResultsDirectory="5052ca45-1a39-4ce1-a772-eda7f3bdbcdb" />
    <UnitTestResult executionId="29a4bfd5-9622-487c-9029-29d7b010aa2d" testId="57206d07-0670-4c18-ac06-7f8f0d588391" testName="FormatToStringTest1000 (66053.95451852398,66053.95 zł)" computerName="DESKTOP-5URQ9PB" duration="00:00:00.0000070" startTime="2022-06-13T21:12:10.2619180+02:00" endTime="2022-06-13T21:12:10.2619907+02:00" testType="13cdc9d9-ddb5-4fa4-a97d-d965ccfc6d4b" outcome="Passed" testListId="8c84fa94-04c1-424b-9868-57a2d4851a1d" relativeResultsDirectory="29a4bfd5-9622-487c-9029-29d7b010aa2d" />
    <UnitTestResult executionId="74cf7975-70d6-4df7-9f0e-1df1ca24a318" testId="a50607f5-9aa9-432b-a54e-90a2e89e645d" testName="FormatToStringTest1000 (2929.267390865026,2929.27 zł)" computerName="DESKTOP-5URQ9PB" duration="00:00:00.0000071" startTime="2022-06-13T21:12:10.3879371+02:00" endTime="2022-06-13T21:12:10.3880126+02:00" testType="13cdc9d9-ddb5-4fa4-a97d-d965ccfc6d4b" outcome="Passed" testListId="8c84fa94-04c1-424b-9868-57a2d4851a1d" relativeResultsDirectory="74cf7975-70d6-4df7-9f0e-1df1ca24a318" />
    <UnitTestResult executionId="9a34d9c8-8c13-4ea8-a538-7c54adcbfc47" testId="957ea8b6-74b5-4315-9556-119c687ebf4c" testName="FormatToStringTest1000 (2963.24443391815,2963.24 zł)" computerName="DESKTOP-5URQ9PB" duration="00:00:00.0000284" startTime="2022-06-13T21:12:10.2957877+02:00" endTime="2022-06-13T21:12:10.2959786+02:00" testType="13cdc9d9-ddb5-4fa4-a97d-d965ccfc6d4b" outcome="Passed" testListId="8c84fa94-04c1-424b-9868-57a2d4851a1d" relativeResultsDirectory="9a34d9c8-8c13-4ea8-a538-7c54adcbfc47" />
    <UnitTestResult executionId="aa143997-bc88-4bf2-9b0a-49f74e4ed7e9" testId="d2069758-13c9-4e72-8281-e99ed1e9c7d9" testName="FormatToStringTest1000 (15624.452361264477,15624.45 zł)" computerName="DESKTOP-5URQ9PB" duration="00:00:00.0000592" startTime="2022-06-13T21:12:10.2819731+02:00" endTime="2022-06-13T21:12:10.2829313+02:00" testType="13cdc9d9-ddb5-4fa4-a97d-d965ccfc6d4b" outcome="Passed" testListId="8c84fa94-04c1-424b-9868-57a2d4851a1d" relativeResultsDirectory="aa143997-bc88-4bf2-9b0a-49f74e4ed7e9" />
    <UnitTestResult executionId="a427d535-1e2f-43b4-91f4-533b85b77423" testId="26e887fb-b9eb-4bb7-bc7f-def49d13175b" testName="FormatToStringTest1000 (10370.0107542784,10370.01 zł)" computerName="DESKTOP-5URQ9PB" duration="00:00:00.0000077" startTime="2022-06-13T21:12:10.2747151+02:00" endTime="2022-06-13T21:12:10.2748001+02:00" testType="13cdc9d9-ddb5-4fa4-a97d-d965ccfc6d4b" outcome="Passed" testListId="8c84fa94-04c1-424b-9868-57a2d4851a1d" relativeResultsDirectory="a427d535-1e2f-43b4-91f4-533b85b77423" />
    <UnitTestResult executionId="a86a9d09-8d05-47c7-a6f6-bc125443262d" testId="bc93fc68-d324-4099-b827-1f321143c152" testName="FormatToStringTest1000 (48084.94422955389,48084.94 zł)" computerName="DESKTOP-5URQ9PB" duration="00:00:00.0000063" startTime="2022-06-13T21:12:10.2249291+02:00" endTime="2022-06-13T21:12:10.2249960+02:00" testType="13cdc9d9-ddb5-4fa4-a97d-d965ccfc6d4b" outcome="Passed" testListId="8c84fa94-04c1-424b-9868-57a2d4851a1d" relativeResultsDirectory="a86a9d09-8d05-47c7-a6f6-bc125443262d" />
    <UnitTestResult executionId="e082444b-53a7-434b-bc2e-45434509709b" testId="71a317a6-21a3-400a-b39f-f15bcd879738" testName="FormatToStringTest1000 (7377.5644264340235,7377.56 zł)" computerName="DESKTOP-5URQ9PB" duration="00:00:00.0000063" startTime="2022-06-13T21:12:10.3862747+02:00" endTime="2022-06-13T21:12:10.3863388+02:00" testType="13cdc9d9-ddb5-4fa4-a97d-d965ccfc6d4b" outcome="Passed" testListId="8c84fa94-04c1-424b-9868-57a2d4851a1d" relativeResultsDirectory="e082444b-53a7-434b-bc2e-45434509709b" />
    <UnitTestResult executionId="e8a53f8a-e1dc-41a2-acd2-cccac81e643f" testId="94594d81-e2a7-4a0a-8aa2-ef2cd4fac974" testName="FormatToStringTest1000 (63291.50274994015,63291.50 zł)" computerName="DESKTOP-5URQ9PB" duration="00:00:00.0000063" startTime="2022-06-13T21:12:10.2574848+02:00" endTime="2022-06-13T21:12:10.2575614+02:00" testType="13cdc9d9-ddb5-4fa4-a97d-d965ccfc6d4b" outcome="Passed" testListId="8c84fa94-04c1-424b-9868-57a2d4851a1d" relativeResultsDirectory="e8a53f8a-e1dc-41a2-acd2-cccac81e643f" />
    <UnitTestResult executionId="aa0d74d3-8669-425c-b2a0-f57a3d8f5dc8" testId="b9d916f0-f942-49f5-8ee2-6f90557db43f" testName="FormatToStringTest1000 (64490.52771614982,64490.53 zł)" computerName="DESKTOP-5URQ9PB" duration="00:00:00.0000062" startTime="2022-06-13T21:12:10.2449385+02:00" endTime="2022-06-13T21:12:10.2450050+02:00" testType="13cdc9d9-ddb5-4fa4-a97d-d965ccfc6d4b" outcome="Passed" testListId="8c84fa94-04c1-424b-9868-57a2d4851a1d" relativeResultsDirectory="aa0d74d3-8669-425c-b2a0-f57a3d8f5dc8" />
    <UnitTestResult executionId="ba385264-1278-44fb-a480-d7c4a3d91d61" testId="f38cde6f-2145-48ff-9858-52a4599c48c6" testName="FormatToStringTest1000 (20623.53139885493,20623.53 zł)" computerName="DESKTOP-5URQ9PB" duration="00:00:00.0000063" startTime="2022-06-13T21:12:10.1547519+02:00" endTime="2022-06-13T21:12:10.1548203+02:00" testType="13cdc9d9-ddb5-4fa4-a97d-d965ccfc6d4b" outcome="Passed" testListId="8c84fa94-04c1-424b-9868-57a2d4851a1d" relativeResultsDirectory="ba385264-1278-44fb-a480-d7c4a3d91d61" />
    <UnitTestResult executionId="beccf5f8-109d-4365-802a-99cbbc7599f4" testId="b2b489bd-c968-4486-966f-7a1dd6550f5e" testName="FormatToStringTest1000 (40857.08543233996,40857.09 zł)" computerName="DESKTOP-5URQ9PB" duration="00:00:00.0000117" startTime="2022-06-13T21:12:10.1091795+02:00" endTime="2022-06-13T21:12:10.1093171+02:00" testType="13cdc9d9-ddb5-4fa4-a97d-d965ccfc6d4b" outcome="Passed" testListId="8c84fa94-04c1-424b-9868-57a2d4851a1d" relativeResultsDirectory="beccf5f8-109d-4365-802a-99cbbc7599f4" />
    <UnitTestResult executionId="d932703a-8184-4d9c-9920-2dbdca039743" testId="045eae1c-9b0b-4e45-a7ce-0b0faaaecd59" testName="FormatToStringTest1000 (23548.88067407016,23548.88 zł)" computerName="DESKTOP-5URQ9PB" duration="00:00:00.0000063" startTime="2022-06-13T21:12:10.1881385+02:00" endTime="2022-06-13T21:12:10.1882120+02:00" testType="13cdc9d9-ddb5-4fa4-a97d-d965ccfc6d4b" outcome="Passed" testListId="8c84fa94-04c1-424b-9868-57a2d4851a1d" relativeResultsDirectory="d932703a-8184-4d9c-9920-2dbdca039743" />
    <UnitTestResult executionId="ce6431d5-1e4e-4fb4-996d-b687fc221385" testId="14320b95-f138-455d-8ae0-f95631470205" testName="FormatToStringTest1000 (11118.620997698335,11118.62 zł)" computerName="DESKTOP-5URQ9PB" duration="00:00:00.0000062" startTime="2022-06-13T21:12:10.2451039+02:00" endTime="2022-06-13T21:12:10.2451715+02:00" testType="13cdc9d9-ddb5-4fa4-a97d-d965ccfc6d4b" outcome="Passed" testListId="8c84fa94-04c1-424b-9868-57a2d4851a1d" relativeResultsDirectory="ce6431d5-1e4e-4fb4-996d-b687fc221385" />
    <UnitTestResult executionId="475696f5-9595-4f7c-b60c-9e230d346d4e" testId="13049010-aed4-4d9e-945e-59e46fc243b3" testName="FormatToStringTest1000 (77904.0088552246,77904.01 zł)" computerName="DESKTOP-5URQ9PB" duration="00:00:00.0000067" startTime="2022-06-13T21:12:10.1209960+02:00" endTime="2022-06-13T21:12:10.1210700+02:00" testType="13cdc9d9-ddb5-4fa4-a97d-d965ccfc6d4b" outcome="Passed" testListId="8c84fa94-04c1-424b-9868-57a2d4851a1d" relativeResultsDirectory="475696f5-9595-4f7c-b60c-9e230d346d4e" />
    <UnitTestResult executionId="d57a14a4-a96e-4fc7-9071-b94e3b56ab98" testId="72320c29-da67-4b23-891c-2d452ccabf56" testName="FormatToStringTest1000 (806.960597043373,806.96 zł)" computerName="DESKTOP-5URQ9PB" duration="00:00:00.0000063" startTime="2022-06-13T21:12:10.3424958+02:00" endTime="2022-06-13T21:12:10.3425578+02:00" testType="13cdc9d9-ddb5-4fa4-a97d-d965ccfc6d4b" outcome="Passed" testListId="8c84fa94-04c1-424b-9868-57a2d4851a1d" relativeResultsDirectory="d57a14a4-a96e-4fc7-9071-b94e3b56ab98" />
    <UnitTestResult executionId="7404339e-384f-4987-859a-ce3306786a46" testId="d940a91f-7f6b-48ff-9327-4f2a445e017c" testName="FormatToStringTest1000 (1474.699818629166,1474.70 zł)" computerName="DESKTOP-5URQ9PB" duration="00:00:00.0000064" startTime="2022-06-13T21:12:10.3901624+02:00" endTime="2022-06-13T21:12:10.3902279+02:00" testType="13cdc9d9-ddb5-4fa4-a97d-d965ccfc6d4b" outcome="Passed" testListId="8c84fa94-04c1-424b-9868-57a2d4851a1d" relativeResultsDirectory="7404339e-384f-4987-859a-ce3306786a46" />
    <UnitTestResult executionId="dc6ce4ca-c406-4998-8638-0f48124e35ea" testId="3a4f7f8c-3a8a-4e1c-9dc8-c651452b7ef0" testName="FormatToStringTest1000 (41972.39431566763,41972.39 zł)" computerName="DESKTOP-5URQ9PB" duration="00:00:00.0000148" startTime="2022-06-13T21:12:10.2615647+02:00" endTime="2022-06-13T21:12:10.2617821+02:00" testType="13cdc9d9-ddb5-4fa4-a97d-d965ccfc6d4b" outcome="Passed" testListId="8c84fa94-04c1-424b-9868-57a2d4851a1d" relativeResultsDirectory="dc6ce4ca-c406-4998-8638-0f48124e35ea" />
    <UnitTestResult executionId="e3baf296-ede0-4562-a36b-8e86ccdbec1b" testId="c529a31e-3c33-47ee-aa1e-b6ff2031da31" testName="FormatToStringTest1000 (16427.591943671738,16427.59 zł)" computerName="DESKTOP-5URQ9PB" duration="00:00:00.0000060" startTime="2022-06-13T21:12:10.2659549+02:00" endTime="2022-06-13T21:12:10.2660216+02:00" testType="13cdc9d9-ddb5-4fa4-a97d-d965ccfc6d4b" outcome="Passed" testListId="8c84fa94-04c1-424b-9868-57a2d4851a1d" relativeResultsDirectory="e3baf296-ede0-4562-a36b-8e86ccdbec1b" />
    <UnitTestResult executionId="4d261273-1294-432e-bc00-57cc280ff31c" testId="397355ce-d59a-4700-a8f5-77a4dd652d9a" testName="FormatToStringTest1000 (34021.1384072961,34021.14 zł)" computerName="DESKTOP-5URQ9PB" duration="00:00:00.0000063" startTime="2022-06-13T21:12:10.4138644+02:00" endTime="2022-06-13T21:12:10.4139264+02:00" testType="13cdc9d9-ddb5-4fa4-a97d-d965ccfc6d4b" outcome="Passed" testListId="8c84fa94-04c1-424b-9868-57a2d4851a1d" relativeResultsDirectory="4d261273-1294-432e-bc00-57cc280ff31c" />
    <UnitTestResult executionId="87cd150f-5a9d-40f0-ba7a-be40f8fdaefb" testId="4fe8551e-a6de-4c63-8e09-db526dbb7a9f" testName="FormatToStringTest1000 (13323.876109275909,13323.88 zł)" computerName="DESKTOP-5URQ9PB" duration="00:00:00.0000062" startTime="2022-06-13T21:12:10.3830614+02:00" endTime="2022-06-13T21:12:10.3831245+02:00" testType="13cdc9d9-ddb5-4fa4-a97d-d965ccfc6d4b" outcome="Passed" testListId="8c84fa94-04c1-424b-9868-57a2d4851a1d" relativeResultsDirectory="87cd150f-5a9d-40f0-ba7a-be40f8fdaefb" />
    <UnitTestResult executionId="7ce04c79-e079-4bd7-ac4d-708b9f3626de" testId="ce5e2f8f-a14b-447a-94a5-5f868f905c31" testName="FormatToStringTest1000 (33699.13042082038,33699.13 zł)" computerName="DESKTOP-5URQ9PB" duration="00:00:00.0000073" startTime="2022-06-13T21:12:10.3335366+02:00" endTime="2022-06-13T21:12:10.3336250+02:00" testType="13cdc9d9-ddb5-4fa4-a97d-d965ccfc6d4b" outcome="Passed" testListId="8c84fa94-04c1-424b-9868-57a2d4851a1d" relativeResultsDirectory="7ce04c79-e079-4bd7-ac4d-708b9f3626de" />
    <UnitTestResult executionId="f8ea253d-2dd0-4aee-8211-7649ddff4755" testId="c4a8196d-02f7-4540-8230-d2262219dbd9" testName="FormatToStringTest1000 (22281.48592587257,22281.49 zł)" computerName="DESKTOP-5URQ9PB" duration="00:00:00.0000126" startTime="2022-06-13T21:12:10.2022819+02:00" endTime="2022-06-13T21:12:10.2024549+02:00" testType="13cdc9d9-ddb5-4fa4-a97d-d965ccfc6d4b" outcome="Passed" testListId="8c84fa94-04c1-424b-9868-57a2d4851a1d" relativeResultsDirectory="f8ea253d-2dd0-4aee-8211-7649ddff4755" />
    <UnitTestResult executionId="b833ed13-9799-43de-911a-5fab58466ce3" testId="d2987ce8-dac5-4f81-bf0a-106aeed3fc60" testName="FormatToStringTest1000 (16597.22844427788,16597.23 zł)" computerName="DESKTOP-5URQ9PB" duration="00:00:00.0000064" startTime="2022-06-13T21:12:10.1545671+02:00" endTime="2022-06-13T21:12:10.1546468+02:00" testType="13cdc9d9-ddb5-4fa4-a97d-d965ccfc6d4b" outcome="Passed" testListId="8c84fa94-04c1-424b-9868-57a2d4851a1d" relativeResultsDirectory="b833ed13-9799-43de-911a-5fab58466ce3" />
    <UnitTestResult executionId="6cc01c82-bf60-4392-a3d7-0a7b87bd0c4d" testId="8fe054f4-c2c4-4dc5-bd15-2f82fa9d1e00" testName="FormatToStringTest1000 (19783.413847500186,19783.41 zł)" computerName="DESKTOP-5URQ9PB" duration="00:00:00.0000062" startTime="2022-06-13T21:12:10.3904879+02:00" endTime="2022-06-13T21:12:10.3905518+02:00" testType="13cdc9d9-ddb5-4fa4-a97d-d965ccfc6d4b" outcome="Passed" testListId="8c84fa94-04c1-424b-9868-57a2d4851a1d" relativeResultsDirectory="6cc01c82-bf60-4392-a3d7-0a7b87bd0c4d" />
    <UnitTestResult executionId="254c5d66-9b49-4000-a4ae-7e176717b4f9" testId="9f8dc348-f40f-400a-8e8c-61cf7f2f6616" testName="FormatToStringTest1000 (2039.440966411699,2039.44 zł)" computerName="DESKTOP-5URQ9PB" duration="00:00:00.0000062" startTime="2022-06-13T21:12:10.1720889+02:00" endTime="2022-06-13T21:12:10.1721570+02:00" testType="13cdc9d9-ddb5-4fa4-a97d-d965ccfc6d4b" outcome="Passed" testListId="8c84fa94-04c1-424b-9868-57a2d4851a1d" relativeResultsDirectory="254c5d66-9b49-4000-a4ae-7e176717b4f9" />
    <UnitTestResult executionId="c16f0cb7-ff33-46f0-aed3-e8e73590160c" testId="5444be52-f66e-4579-9e6a-554711382c99" testName="FormatToStringTest1000 (40241.790964380736,40241.79 zł)" computerName="DESKTOP-5URQ9PB" duration="00:00:00.0000072" startTime="2022-06-13T21:12:10.3886056+02:00" endTime="2022-06-13T21:12:10.3886898+02:00" testType="13cdc9d9-ddb5-4fa4-a97d-d965ccfc6d4b" outcome="Passed" testListId="8c84fa94-04c1-424b-9868-57a2d4851a1d" relativeResultsDirectory="c16f0cb7-ff33-46f0-aed3-e8e73590160c" />
    <UnitTestResult executionId="a2cc18e4-74ad-4a24-addb-8b765b9d4d47" testId="7404b75b-3a4c-4cf4-823c-53860916da13" testName="FormatToStringTest1000 (14003.84591249742,14003.85 zł)" computerName="DESKTOP-5URQ9PB" duration="00:00:00.0000061" startTime="2022-06-13T21:12:10.3139798+02:00" endTime="2022-06-13T21:12:10.3140465+02:00" testType="13cdc9d9-ddb5-4fa4-a97d-d965ccfc6d4b" outcome="Passed" testListId="8c84fa94-04c1-424b-9868-57a2d4851a1d" relativeResultsDirectory="a2cc18e4-74ad-4a24-addb-8b765b9d4d47" />
    <UnitTestResult executionId="0ecb7fe1-d55c-4df1-b1cd-33bfeda593cb" testId="03f0b54f-3298-4c99-99da-0d4d5d2c94f6" testName="FormatToStringTest1000 (89093.57120939044,89093.57 zł)" computerName="DESKTOP-5URQ9PB" duration="00:00:00.0000063" startTime="2022-06-13T21:12:10.3619345+02:00" endTime="2022-06-13T21:12:10.3619980+02:00" testType="13cdc9d9-ddb5-4fa4-a97d-d965ccfc6d4b" outcome="Passed" testListId="8c84fa94-04c1-424b-9868-57a2d4851a1d" relativeResultsDirectory="0ecb7fe1-d55c-4df1-b1cd-33bfeda593cb" />
    <UnitTestResult executionId="95ef96eb-80e8-405f-83cd-0aa0251a071a" testId="1e4efba3-08b1-4027-9b36-23903d72f111" testName="FormatToStringTest1000 (10174.652801423637,10174.65 zł)" computerName="DESKTOP-5URQ9PB" duration="00:00:00.0000064" startTime="2022-06-13T21:12:10.3177223+02:00" endTime="2022-06-13T21:12:10.3177894+02:00" testType="13cdc9d9-ddb5-4fa4-a97d-d965ccfc6d4b" outcome="Passed" testListId="8c84fa94-04c1-424b-9868-57a2d4851a1d" relativeResultsDirectory="95ef96eb-80e8-405f-83cd-0aa0251a071a" />
    <UnitTestResult executionId="8a6f0f25-9a52-4c8e-9cec-81a5d9c9ac13" testId="a86e6dac-5b75-49fd-b5bb-6d3d561443b5" testName="FormatToStringTest1000 (151.50737175275916,151.51 zł)" computerName="DESKTOP-5URQ9PB" duration="00:00:00.0000065" startTime="2022-06-13T21:12:10.4059697+02:00" endTime="2022-06-13T21:12:10.4060339+02:00" testType="13cdc9d9-ddb5-4fa4-a97d-d965ccfc6d4b" outcome="Passed" testListId="8c84fa94-04c1-424b-9868-57a2d4851a1d" relativeResultsDirectory="8a6f0f25-9a52-4c8e-9cec-81a5d9c9ac13" />
    <UnitTestResult executionId="ef753477-4f3f-44d8-94e9-89615d564688" testId="e41e753d-27fe-4d2b-a35e-145fb85da494" testName="FormatToStringTest1000 (52020.805412759444,52020.81 zł)" computerName="DESKTOP-5URQ9PB" duration="00:00:00.0000064" startTime="2022-06-13T21:12:10.1098297+02:00" endTime="2022-06-13T21:12:10.1099035+02:00" testType="13cdc9d9-ddb5-4fa4-a97d-d965ccfc6d4b" outcome="Passed" testListId="8c84fa94-04c1-424b-9868-57a2d4851a1d" relativeResultsDirectory="ef753477-4f3f-44d8-94e9-89615d564688" />
    <UnitTestResult executionId="55340642-8c62-45db-9ac3-1c21ac254e8e" testId="7c80e851-2fe4-4b85-96ff-f2cf05f15feb" testName="FormatToStringTest1000 (14198.39903067723,14198.40 zł)" computerName="DESKTOP-5URQ9PB" duration="00:00:00.0000063" startTime="2022-06-13T21:12:10.4021809+02:00" endTime="2022-06-13T21:12:10.4022460+02:00" testType="13cdc9d9-ddb5-4fa4-a97d-d965ccfc6d4b" outcome="Passed" testListId="8c84fa94-04c1-424b-9868-57a2d4851a1d" relativeResultsDirectory="55340642-8c62-45db-9ac3-1c21ac254e8e" />
    <UnitTestResult executionId="5f8fa418-07c5-4e61-a2de-8f5e0edcc3f9" testId="c7cfae26-fb93-4397-8cdd-57ee4f7bfde9" testName="FormatToStringTest1000 (4121.116360678857,4121.12 zł)" computerName="DESKTOP-5URQ9PB" duration="00:00:00.0000063" startTime="2022-06-13T21:12:10.2543689+02:00" endTime="2022-06-13T21:12:10.2544358+02:00" testType="13cdc9d9-ddb5-4fa4-a97d-d965ccfc6d4b" outcome="Passed" testListId="8c84fa94-04c1-424b-9868-57a2d4851a1d" relativeResultsDirectory="5f8fa418-07c5-4e61-a2de-8f5e0edcc3f9" />
    <UnitTestResult executionId="05c2d9a9-5710-4457-a86e-020ec6bd90cb" testId="0d1f2689-ab12-486d-8fb7-5434b8a9a94b" testName="FormatToStringTest1000 (9661.966055578536,9661.97 zł)" computerName="DESKTOP-5URQ9PB" duration="00:00:00.0000063" startTime="2022-06-13T21:12:10.2244157+02:00" endTime="2022-06-13T21:12:10.2244837+02:00" testType="13cdc9d9-ddb5-4fa4-a97d-d965ccfc6d4b" outcome="Passed" testListId="8c84fa94-04c1-424b-9868-57a2d4851a1d" relativeResultsDirectory="05c2d9a9-5710-4457-a86e-020ec6bd90cb" />
    <UnitTestResult executionId="cffb4e27-d76d-4f81-92bf-d490aa35dc61" testId="28a8922e-11c5-4096-b068-01944ce66096" testName="FormatToStringTest1000 (20012.898273490322,20012.90 zł)" computerName="DESKTOP-5URQ9PB" duration="00:00:00.0000096" startTime="2022-06-13T21:12:10.1910067+02:00" endTime="2022-06-13T21:12:10.1911152+02:00" testType="13cdc9d9-ddb5-4fa4-a97d-d965ccfc6d4b" outcome="Passed" testListId="8c84fa94-04c1-424b-9868-57a2d4851a1d" relativeResultsDirectory="cffb4e27-d76d-4f81-92bf-d490aa35dc61" />
    <UnitTestResult executionId="6243cc8d-7c45-40a0-8b8b-588fb2f49173" testId="1feb8220-06a8-4df7-bebc-a9497a116eb5" testName="FormatToStringTest1000 (25036.98767214035,25036.99 zł)" computerName="DESKTOP-5URQ9PB" duration="00:00:00.0000096" startTime="2022-06-13T21:12:10.1676030+02:00" endTime="2022-06-13T21:12:10.1677377+02:00" testType="13cdc9d9-ddb5-4fa4-a97d-d965ccfc6d4b" outcome="Passed" testListId="8c84fa94-04c1-424b-9868-57a2d4851a1d" relativeResultsDirectory="6243cc8d-7c45-40a0-8b8b-588fb2f49173" />
    <UnitTestResult executionId="1e714221-727c-4ab4-a75b-b75bd83918dc" testId="a8dc7d15-ccce-470a-87a1-5bd24ad4dabd" testName="FormatToStringTest1000 (67109.22110940759,67109.22 zł)" computerName="DESKTOP-5URQ9PB" duration="00:00:00.0000070" startTime="2022-06-13T21:12:10.3768474+02:00" endTime="2022-06-13T21:12:10.3769222+02:00" testType="13cdc9d9-ddb5-4fa4-a97d-d965ccfc6d4b" outcome="Passed" testListId="8c84fa94-04c1-424b-9868-57a2d4851a1d" relativeResultsDirectory="1e714221-727c-4ab4-a75b-b75bd83918dc" />
    <UnitTestResult executionId="88871cf3-3a25-4af6-91a5-c57a20dc16ad" testId="88ac00d8-32fc-40ff-b4e4-f3c162c871ce" testName="FormatToStringTest1000 (3431.864349926759,3431.86 zł)" computerName="DESKTOP-5URQ9PB" duration="00:00:00.0000095" startTime="2022-06-13T21:12:10.3576408+02:00" endTime="2022-06-13T21:12:10.3577434+02:00" testType="13cdc9d9-ddb5-4fa4-a97d-d965ccfc6d4b" outcome="Passed" testListId="8c84fa94-04c1-424b-9868-57a2d4851a1d" relativeResultsDirectory="88871cf3-3a25-4af6-91a5-c57a20dc16ad" />
    <UnitTestResult executionId="dc762c28-8a7a-4c4f-a3a5-077e90167e1e" testId="64397dfd-e231-495a-b873-95d7201a1b37" testName="FormatToStringTest1000 (22592.465903659566,22592.47 zł)" computerName="DESKTOP-5URQ9PB" duration="00:00:00.0000062" startTime="2022-06-13T21:12:10.1517146+02:00" endTime="2022-06-13T21:12:10.1517815+02:00" testType="13cdc9d9-ddb5-4fa4-a97d-d965ccfc6d4b" outcome="Passed" testListId="8c84fa94-04c1-424b-9868-57a2d4851a1d" relativeResultsDirectory="dc762c28-8a7a-4c4f-a3a5-077e90167e1e" />
    <UnitTestResult executionId="b300e377-2aa3-4c2f-a6b4-8909479ef05a" testId="4103a85e-1cfa-451c-a85f-e8bbd109515f" testName="FormatToStringTest1000 (904.351189922705,904.35 zł)" computerName="DESKTOP-5URQ9PB" duration="00:00:00.0000063" startTime="2022-06-13T21:12:10.3793270+02:00" endTime="2022-06-13T21:12:10.3793889+02:00" testType="13cdc9d9-ddb5-4fa4-a97d-d965ccfc6d4b" outcome="Passed" testListId="8c84fa94-04c1-424b-9868-57a2d4851a1d" relativeResultsDirectory="b300e377-2aa3-4c2f-a6b4-8909479ef05a" />
    <UnitTestResult executionId="91f3c337-1347-484c-896d-ca836bf986b3" testId="0075ef22-aba4-476a-b0ee-b2730bc2a4e1" testName="FormatToStringTest1000 (8013.1229931903645,8013.12 zł)" computerName="DESKTOP-5URQ9PB" duration="00:00:00.0000063" startTime="2022-06-13T21:12:10.3831417+02:00" endTime="2022-06-13T21:12:10.3832054+02:00" testType="13cdc9d9-ddb5-4fa4-a97d-d965ccfc6d4b" outcome="Passed" testListId="8c84fa94-04c1-424b-9868-57a2d4851a1d" relativeResultsDirectory="91f3c337-1347-484c-896d-ca836bf986b3" />
    <UnitTestResult executionId="4965a458-28e0-465a-8de5-2837527173ca" testId="60c31355-76ef-4939-ac2c-7420665477a6" testName="FormatToStringTest1000 (49037.8109120586,49037.81 zł)" computerName="DESKTOP-5URQ9PB" duration="00:00:00.0000099" startTime="2022-06-13T21:12:10.3900239+02:00" endTime="2022-06-13T21:12:10.3901389+02:00" testType="13cdc9d9-ddb5-4fa4-a97d-d965ccfc6d4b" outcome="Passed" testListId="8c84fa94-04c1-424b-9868-57a2d4851a1d" relativeResultsDirectory="4965a458-28e0-465a-8de5-2837527173ca" />
    <UnitTestResult executionId="35ade425-284e-440c-bd8f-28f097f3d0f0" testId="08189fde-9b78-40cd-9839-67ec8a1dbe8c" testName="FormatToStringTest1000 (4539.210371735137,4539.21 zł)" computerName="DESKTOP-5URQ9PB" duration="00:00:00.0000069" startTime="2022-06-13T21:12:10.3754351+02:00" endTime="2022-06-13T21:12:10.3754992+02:00" testType="13cdc9d9-ddb5-4fa4-a97d-d965ccfc6d4b" outcome="Passed" testListId="8c84fa94-04c1-424b-9868-57a2d4851a1d" relativeResultsDirectory="35ade425-284e-440c-bd8f-28f097f3d0f0" />
    <UnitTestResult executionId="7ab23346-c382-4e33-bed4-d0ee2c9f1f6e" testId="923a1274-42ed-4497-be7b-e32195a61028" testName="FormatToStringTest1000 (2444.4726240530017,2444.47 zł)" computerName="DESKTOP-5URQ9PB" duration="00:00:00.0000063" startTime="2022-06-13T21:12:10.3924988+02:00" endTime="2022-06-13T21:12:10.3925625+02:00" testType="13cdc9d9-ddb5-4fa4-a97d-d965ccfc6d4b" outcome="Passed" testListId="8c84fa94-04c1-424b-9868-57a2d4851a1d" relativeResultsDirectory="7ab23346-c382-4e33-bed4-d0ee2c9f1f6e" />
    <UnitTestResult executionId="9acf3ca7-3b80-4276-9a67-38c4a507f6b9" testId="9823171f-5712-4a2e-aedf-2ae83599817a" testName="FormatToStringTest1000 (72703.4365723503,72703.44 zł)" computerName="DESKTOP-5URQ9PB" duration="00:00:00.0000072" startTime="2022-06-13T21:12:10.2212334+02:00" endTime="2022-06-13T21:12:10.2213101+02:00" testType="13cdc9d9-ddb5-4fa4-a97d-d965ccfc6d4b" outcome="Passed" testListId="8c84fa94-04c1-424b-9868-57a2d4851a1d" relativeResultsDirectory="9acf3ca7-3b80-4276-9a67-38c4a507f6b9" />
    <UnitTestResult executionId="ee9415dd-cca1-4752-9273-68ef8df96742" testId="cbf68651-a885-4236-a3bd-d964bbc6e22e" testName="FormatToStringTest1000 (20552.966022956633,20552.97 zł)" computerName="DESKTOP-5URQ9PB" duration="00:00:00.0000063" startTime="2022-06-13T21:12:10.3136435+02:00" endTime="2022-06-13T21:12:10.3137109+02:00" testType="13cdc9d9-ddb5-4fa4-a97d-d965ccfc6d4b" outcome="Passed" testListId="8c84fa94-04c1-424b-9868-57a2d4851a1d" relativeResultsDirectory="ee9415dd-cca1-4752-9273-68ef8df96742" />
    <UnitTestResult executionId="75dad30c-9f47-4bfb-8e87-83b4cdbc5470" testId="ed6512ad-894e-4049-97ed-7aa546d76b46" testName="FormatToStringTest1000 (6145.531235831571,6145.53 zł)" computerName="DESKTOP-5URQ9PB" duration="00:00:00.0000061" startTime="2022-06-13T21:12:10.2123951+02:00" endTime="2022-06-13T21:12:10.2124625+02:00" testType="13cdc9d9-ddb5-4fa4-a97d-d965ccfc6d4b" outcome="Passed" testListId="8c84fa94-04c1-424b-9868-57a2d4851a1d" relativeResultsDirectory="75dad30c-9f47-4bfb-8e87-83b4cdbc5470" />
    <UnitTestResult executionId="5c65be90-8521-4a3e-ac16-6612945c97e6" testId="8cee5c56-e925-4114-8dee-3e258ffdf017" testName="FormatToStringTest1000 (10994.251866986162,10994.25 zł)" computerName="DESKTOP-5URQ9PB" duration="00:00:00.0000062" startTime="2022-06-13T21:12:10.3067544+02:00" endTime="2022-06-13T21:12:10.3068207+02:00" testType="13cdc9d9-ddb5-4fa4-a97d-d965ccfc6d4b" outcome="Passed" testListId="8c84fa94-04c1-424b-9868-57a2d4851a1d" relativeResultsDirectory="5c65be90-8521-4a3e-ac16-6612945c97e6" />
    <UnitTestResult executionId="ea24b6c6-892b-4996-98d4-51267e29685c" testId="cb579e6c-910a-4102-b52c-b6db6cc8c082" testName="FormatToStringTest1000 (2835.0728237931958,2835.07 zł)" computerName="DESKTOP-5URQ9PB" duration="00:00:00.0000061" startTime="2022-06-13T21:12:10.3182212+02:00" endTime="2022-06-13T21:12:10.3182873+02:00" testType="13cdc9d9-ddb5-4fa4-a97d-d965ccfc6d4b" outcome="Passed" testListId="8c84fa94-04c1-424b-9868-57a2d4851a1d" relativeResultsDirectory="ea24b6c6-892b-4996-98d4-51267e29685c" />
    <UnitTestResult executionId="82c524c8-53f5-4c0a-aff8-40b644ed247f" testId="36c7fecc-1cef-4034-9632-a6e25fce01c4" testName="FormatToStringTest1000 (9634.398811461124,9634.40 zł)" computerName="DESKTOP-5URQ9PB" duration="00:00:00.0000063" startTime="2022-06-13T21:12:10.3673930+02:00" endTime="2022-06-13T21:12:10.3674572+02:00" testType="13cdc9d9-ddb5-4fa4-a97d-d965ccfc6d4b" outcome="Passed" testListId="8c84fa94-04c1-424b-9868-57a2d4851a1d" relativeResultsDirectory="82c524c8-53f5-4c0a-aff8-40b644ed247f" />
    <UnitTestResult executionId="6bbbe4cf-c8a1-4fb1-8889-4d0bbd2162a0" testId="3655b90b-fcce-4b0b-9a3c-be4e6114ab2c" testName="FormatToStringTest1000 (81326.3340147521,81326.33 zł)" computerName="DESKTOP-5URQ9PB" duration="00:00:00.0000063" startTime="2022-06-13T21:12:10.3774227+02:00" endTime="2022-06-13T21:12:10.3774842+02:00" testType="13cdc9d9-ddb5-4fa4-a97d-d965ccfc6d4b" outcome="Passed" testListId="8c84fa94-04c1-424b-9868-57a2d4851a1d" relativeResultsDirectory="6bbbe4cf-c8a1-4fb1-8889-4d0bbd2162a0" />
    <UnitTestResult executionId="d0661f84-151b-4a10-be7b-ab80c546ff2c" testId="68a14e17-7036-4da0-abbc-025f554d8695" testName="FormatToStringTest1000 (2992.6161168593057,2992.62 zł)" computerName="DESKTOP-5URQ9PB" duration="00:00:00.0000064" startTime="2022-06-13T21:12:10.3710647+02:00" endTime="2022-06-13T21:12:10.3711283+02:00" testType="13cdc9d9-ddb5-4fa4-a97d-d965ccfc6d4b" outcome="Passed" testListId="8c84fa94-04c1-424b-9868-57a2d4851a1d" relativeResultsDirectory="d0661f84-151b-4a10-be7b-ab80c546ff2c" />
    <UnitTestResult executionId="db8c0778-539e-4033-861b-e6e0770a8a21" testId="2ce99f12-8623-4808-9b34-40e0d4815647" testName="FormatToStringTest1000 (24528.124092612474,24528.12 zł)" computerName="DESKTOP-5URQ9PB" duration="00:00:00.0000061" startTime="2022-06-13T21:12:10.2062057+02:00" endTime="2022-06-13T21:12:10.2062720+02:00" testType="13cdc9d9-ddb5-4fa4-a97d-d965ccfc6d4b" outcome="Passed" testListId="8c84fa94-04c1-424b-9868-57a2d4851a1d" relativeResultsDirectory="db8c0778-539e-4033-861b-e6e0770a8a21" />
    <UnitTestResult executionId="aa958233-313a-4c70-bd76-00d4327d3f91" testId="b775883d-8598-4c16-af6a-f6b02fe172cd" testName="FormatToStringTest1000 (7951.322730072458,7951.32 zł)" computerName="DESKTOP-5URQ9PB" duration="00:00:00.0000062" startTime="2022-06-13T21:12:10.1618679+02:00" endTime="2022-06-13T21:12:10.1619357+02:00" testType="13cdc9d9-ddb5-4fa4-a97d-d965ccfc6d4b" outcome="Passed" testListId="8c84fa94-04c1-424b-9868-57a2d4851a1d" relativeResultsDirectory="aa958233-313a-4c70-bd76-00d4327d3f91" />
    <UnitTestResult executionId="080b686c-9441-40c0-ad9c-a5716e49f6c2" testId="ef3e8233-80e6-401b-b89d-b4b572e05dc5" testName="FormatToStringTest1000 (30199.386730006612,30199.39 zł)" computerName="DESKTOP-5URQ9PB" duration="00:00:00.0000062" startTime="2022-06-13T21:12:10.3881130+02:00" endTime="2022-06-13T21:12:10.3881774+02:00" testType="13cdc9d9-ddb5-4fa4-a97d-d965ccfc6d4b" outcome="Passed" testListId="8c84fa94-04c1-424b-9868-57a2d4851a1d" relativeResultsDirectory="080b686c-9441-40c0-ad9c-a5716e49f6c2" />
    <UnitTestResult executionId="f416188c-6c7c-4316-86b9-b55c1be90fa9" testId="787b938f-4a4b-474e-87a9-85c1572231d2" testName="FormatToStringTest1000 (5507.360659962688,5507.36 zł)" computerName="DESKTOP-5URQ9PB" duration="00:00:00.0000062" startTime="2022-06-13T21:12:10.3983005+02:00" endTime="2022-06-13T21:12:10.3983644+02:00" testType="13cdc9d9-ddb5-4fa4-a97d-d965ccfc6d4b" outcome="Passed" testListId="8c84fa94-04c1-424b-9868-57a2d4851a1d" relativeResultsDirectory="f416188c-6c7c-4316-86b9-b55c1be90fa9" />
    <UnitTestResult executionId="3273d2c7-f7bd-4730-a4f2-d4f3bf41c7c6" testId="0258c2bf-cdb5-44b7-9ecc-d1d3e7f6234c" testName="FormatToStringTest1000 (50550.645020282194,50550.65 zł)" computerName="DESKTOP-5URQ9PB" duration="00:00:00.0000063" startTime="2022-06-13T21:12:10.3091139+02:00" endTime="2022-06-13T21:12:10.3091810+02:00" testType="13cdc9d9-ddb5-4fa4-a97d-d965ccfc6d4b" outcome="Passed" testListId="8c84fa94-04c1-424b-9868-57a2d4851a1d" relativeResultsDirectory="3273d2c7-f7bd-4730-a4f2-d4f3bf41c7c6" />
    <UnitTestResult executionId="2625785d-f57b-4a86-a60f-21edf6171fd4" testId="cb6b144e-3664-4b4a-b9f7-637ace4cf194" testName="FormatToStringTest1000 (39146.892120180135,39146.89 zł)" computerName="DESKTOP-5URQ9PB" duration="00:00:00.0000064" startTime="2022-06-13T21:12:10.4025856+02:00" endTime="2022-06-13T21:12:10.4026545+02:00" testType="13cdc9d9-ddb5-4fa4-a97d-d965ccfc6d4b" outcome="Passed" testListId="8c84fa94-04c1-424b-9868-57a2d4851a1d" relativeResultsDirectory="2625785d-f57b-4a86-a60f-21edf6171fd4" />
    <UnitTestResult executionId="24c45d2c-4f5a-498c-a810-325b48b7490b" testId="38e68c66-6a2b-4765-b09a-05baa51aea75" testName="FormatToStringTest1000 (9068.70019550468,9068.70 zł)" computerName="DESKTOP-5URQ9PB" duration="00:00:00.0000064" startTime="2022-06-13T21:12:10.2155134+02:00" endTime="2022-06-13T21:12:10.2155780+02:00" testType="13cdc9d9-ddb5-4fa4-a97d-d965ccfc6d4b" outcome="Passed" testListId="8c84fa94-04c1-424b-9868-57a2d4851a1d" relativeResultsDirectory="24c45d2c-4f5a-498c-a810-325b48b7490b" />
    <UnitTestResult executionId="2a6a0ea7-b5d6-4b04-a5cd-0baf9c14c4c6" testId="97ebe094-a324-4f5d-b010-40473de4c372" testName="FormatToStringTest1000 (13375.96341587415,13375.96 zł)" computerName="DESKTOP-5URQ9PB" duration="00:00:00.0000063" startTime="2022-06-13T21:12:10.3622562+02:00" endTime="2022-06-13T21:12:10.3623199+02:00" testType="13cdc9d9-ddb5-4fa4-a97d-d965ccfc6d4b" outcome="Passed" testListId="8c84fa94-04c1-424b-9868-57a2d4851a1d" relativeResultsDirectory="2a6a0ea7-b5d6-4b04-a5cd-0baf9c14c4c6" />
    <UnitTestResult executionId="b97b5ff5-1b89-4e7e-ac90-6f8ef694d4e0" testId="8c41222f-c02f-49b9-a5ef-8ce9e283b876" testName="FormatToStringTest1000 (24646.322657574587,24646.32 zł)" computerName="DESKTOP-5URQ9PB" duration="00:00:00.0000064" startTime="2022-06-13T21:12:10.2275692+02:00" endTime="2022-06-13T21:12:10.2276515+02:00" testType="13cdc9d9-ddb5-4fa4-a97d-d965ccfc6d4b" outcome="Passed" testListId="8c84fa94-04c1-424b-9868-57a2d4851a1d" relativeResultsDirectory="b97b5ff5-1b89-4e7e-ac90-6f8ef694d4e0" />
    <UnitTestResult executionId="dfe4868b-7a0a-4954-95ae-e8c9bd7568f3" testId="7ad49a6d-b57f-4c41-81d3-912a3112949e" testName="FormatToStringTest1000 (66723.3293191657,66723.33 zł)" computerName="DESKTOP-5URQ9PB" duration="00:00:00.0000064" startTime="2022-06-13T21:12:10.1681097+02:00" endTime="2022-06-13T21:12:10.1681749+02:00" testType="13cdc9d9-ddb5-4fa4-a97d-d965ccfc6d4b" outcome="Passed" testListId="8c84fa94-04c1-424b-9868-57a2d4851a1d" relativeResultsDirectory="dfe4868b-7a0a-4954-95ae-e8c9bd7568f3" />
    <UnitTestResult executionId="0a15a6bd-7ac8-4352-9443-c09d115ece03" testId="81723daa-2f18-4213-b964-476d8ed77302" testName="FormatToStringTest1000 (643.3550376181281,643.36 zł)" computerName="DESKTOP-5URQ9PB" duration="00:00:00.0000065" startTime="2022-06-13T21:12:10.3449372+02:00" endTime="2022-06-13T21:12:10.3450113+02:00" testType="13cdc9d9-ddb5-4fa4-a97d-d965ccfc6d4b" outcome="Passed" testListId="8c84fa94-04c1-424b-9868-57a2d4851a1d" relativeResultsDirectory="0a15a6bd-7ac8-4352-9443-c09d115ece03" />
    <UnitTestResult executionId="127cd00c-66f8-4717-b331-cd8b39665757" testId="d5ea70a3-91ba-420e-bf54-7fd94d6f671f" testName="FormatToStringTest1000 (2897.9775426620513,2897.98 zł)" computerName="DESKTOP-5URQ9PB" duration="00:00:00.0000063" startTime="2022-06-13T21:12:10.3536678+02:00" endTime="2022-06-13T21:12:10.3537321+02:00" testType="13cdc9d9-ddb5-4fa4-a97d-d965ccfc6d4b" outcome="Passed" testListId="8c84fa94-04c1-424b-9868-57a2d4851a1d" relativeResultsDirectory="127cd00c-66f8-4717-b331-cd8b39665757" />
    <UnitTestResult executionId="e1b654f8-4b41-4f72-8521-72f0fe53818d" testId="d727d35a-1056-4322-9769-62059b1038e8" testName="FormatToStringTest1000 (45930.2386782068,45930.24 zł)" computerName="DESKTOP-5URQ9PB" duration="00:00:00.0000065" startTime="2022-06-13T21:12:10.1247290+02:00" endTime="2022-06-13T21:12:10.1248012+02:00" testType="13cdc9d9-ddb5-4fa4-a97d-d965ccfc6d4b" outcome="Passed" testListId="8c84fa94-04c1-424b-9868-57a2d4851a1d" relativeResultsDirectory="e1b654f8-4b41-4f72-8521-72f0fe53818d" />
    <UnitTestResult executionId="eb513357-9d7b-4ff6-8476-f924fbf45047" testId="1f67794d-73e7-4a2f-b2c9-9ba51b910541" testName="FormatToStringTest1000 (14910.573044539697,14910.57 zł)" computerName="DESKTOP-5URQ9PB" duration="00:00:00.0000063" startTime="2022-06-13T21:12:10.4157111+02:00" endTime="2022-06-13T21:12:10.4157752+02:00" testType="13cdc9d9-ddb5-4fa4-a97d-d965ccfc6d4b" outcome="Passed" testListId="8c84fa94-04c1-424b-9868-57a2d4851a1d" relativeResultsDirectory="eb513357-9d7b-4ff6-8476-f924fbf45047" />
    <UnitTestResult executionId="215aa9d4-bd24-4b6a-bbe8-a043ea73fdc5" testId="41be0749-47ac-4d7d-a8b6-7878cdb717d1" testName="FormatToStringTest1000 (11912.404131636213,11912.40 zł)" computerName="DESKTOP-5URQ9PB" duration="00:00:00.0000065" startTime="2022-06-13T21:12:10.1210878+02:00" endTime="2022-06-13T21:12:10.1211628+02:00" testType="13cdc9d9-ddb5-4fa4-a97d-d965ccfc6d4b" outcome="Passed" testListId="8c84fa94-04c1-424b-9868-57a2d4851a1d" relativeResultsDirectory="215aa9d4-bd24-4b6a-bbe8-a043ea73fdc5" />
    <UnitTestResult executionId="b46edb06-2162-43c0-8518-af6158e9356c" testId="fe792b1c-9cfd-439d-9925-162d42d686de" testName="FormatToStringTest1000 (38640.62766693003,38640.63 zł)" computerName="DESKTOP-5URQ9PB" duration="00:00:00.0000064" startTime="2022-06-13T21:12:10.0858508+02:00" endTime="2022-06-13T21:12:10.0859194+02:00" testType="13cdc9d9-ddb5-4fa4-a97d-d965ccfc6d4b" outcome="Passed" testListId="8c84fa94-04c1-424b-9868-57a2d4851a1d" relativeResultsDirectory="b46edb06-2162-43c0-8518-af6158e9356c" />
    <UnitTestResult executionId="4286e1ec-e9a7-46a5-8b92-c5f4f1553056" testId="6f0784ac-93e3-429e-b381-eaee2b0dcc91" testName="FormatToStringTest1000 (14475.498583194567,14475.50 zł)" computerName="DESKTOP-5URQ9PB" duration="00:00:00.0000064" startTime="2022-06-13T21:12:10.3925790+02:00" endTime="2022-06-13T21:12:10.3926481+02:00" testType="13cdc9d9-ddb5-4fa4-a97d-d965ccfc6d4b" outcome="Passed" testListId="8c84fa94-04c1-424b-9868-57a2d4851a1d" relativeResultsDirectory="4286e1ec-e9a7-46a5-8b92-c5f4f1553056" />
    <UnitTestResult executionId="124517b1-db19-4710-9966-8ee1832e9d29" testId="4a08c215-ea79-469a-a20a-1c21f254c4e7" testName="FormatToStringTest1000 (22291.653251342315,22291.65 zł)" computerName="DESKTOP-5URQ9PB" duration="00:00:00.0000135" startTime="2022-06-13T21:12:10.0855512+02:00" endTime="2022-06-13T21:12:10.0857269+02:00" testType="13cdc9d9-ddb5-4fa4-a97d-d965ccfc6d4b" outcome="Passed" testListId="8c84fa94-04c1-424b-9868-57a2d4851a1d" relativeResultsDirectory="124517b1-db19-4710-9966-8ee1832e9d29" />
    <UnitTestResult executionId="c4d9cf1f-f4b2-4f00-8b9b-b2d3e4eccbb7" testId="69d83f7c-0e03-430f-800a-be79e865a44a" testName="FormatToStringTest1000 (6864.093052674129,6864.09 zł)" computerName="DESKTOP-5URQ9PB" duration="00:00:00.0000063" startTime="2022-06-13T21:12:10.1214732+02:00" endTime="2022-06-13T21:12:10.1215498+02:00" testType="13cdc9d9-ddb5-4fa4-a97d-d965ccfc6d4b" outcome="Passed" testListId="8c84fa94-04c1-424b-9868-57a2d4851a1d" relativeResultsDirectory="c4d9cf1f-f4b2-4f00-8b9b-b2d3e4eccbb7" />
    <UnitTestResult executionId="9ea29de6-df6b-4f0b-a6c3-ed5c90c442ac" testId="0d4b0b26-5e7f-4b69-8114-6994abb24539" testName="FormatToStringTest1000 (24566.50251371856,24566.50 zł)" computerName="DESKTOP-5URQ9PB" duration="00:00:00.0000338" startTime="2022-06-13T21:12:10.2999473+02:00" endTime="2022-06-13T21:12:10.3001819+02:00" testType="13cdc9d9-ddb5-4fa4-a97d-d965ccfc6d4b" outcome="Passed" testListId="8c84fa94-04c1-424b-9868-57a2d4851a1d" relativeResultsDirectory="9ea29de6-df6b-4f0b-a6c3-ed5c90c442ac" />
    <UnitTestResult executionId="d333681e-aa74-4239-98f3-93ae2351ebe0" testId="173dde27-566f-41b5-b5bf-94072ee9a02f" testName="FormatToStringTest1000 (30722.846572104303,30722.85 zł)" computerName="DESKTOP-5URQ9PB" duration="00:00:00.0000069" startTime="2022-06-13T21:12:10.3295083+02:00" endTime="2022-06-13T21:12:10.3295741+02:00" testType="13cdc9d9-ddb5-4fa4-a97d-d965ccfc6d4b" outcome="Passed" testListId="8c84fa94-04c1-424b-9868-57a2d4851a1d" relativeResultsDirectory="d333681e-aa74-4239-98f3-93ae2351ebe0" />
    <UnitTestResult executionId="e5099d85-f2ae-486a-b9e9-8ce1134c301b" testId="5071029e-d107-40e6-abfb-632798534bda" testName="FormatToStringTest1000 (17232.486162219426,17232.49 zł)" computerName="DESKTOP-5URQ9PB" duration="00:00:00.0000064" startTime="2022-06-13T21:12:10.1980940+02:00" endTime="2022-06-13T21:12:10.1981676+02:00" testType="13cdc9d9-ddb5-4fa4-a97d-d965ccfc6d4b" outcome="Passed" testListId="8c84fa94-04c1-424b-9868-57a2d4851a1d" relativeResultsDirectory="e5099d85-f2ae-486a-b9e9-8ce1134c301b" />
    <UnitTestResult executionId="81170763-de8f-4920-b3c1-9cedd50885fa" testId="2cd01dd5-3321-4e9a-8f34-466472986677" testName="FormatToStringTest1000 (31805.23430354532,31805.23 zł)" computerName="DESKTOP-5URQ9PB" duration="00:00:00.0000062" startTime="2022-06-13T21:12:10.3521212+02:00" endTime="2022-06-13T21:12:10.3521856+02:00" testType="13cdc9d9-ddb5-4fa4-a97d-d965ccfc6d4b" outcome="Passed" testListId="8c84fa94-04c1-424b-9868-57a2d4851a1d" relativeResultsDirectory="81170763-de8f-4920-b3c1-9cedd50885fa" />
    <UnitTestResult executionId="d6f7fea9-2c20-4d8d-8620-cbdb0554f5cb" testId="18e3ad7b-1c27-490a-93a4-60839a303cce" testName="FormatToStringTest1000 (5504.094303639184,5504.09 zł)" computerName="DESKTOP-5URQ9PB" duration="00:00:00.0000061" startTime="2022-06-13T21:12:10.2214991+02:00" endTime="2022-06-13T21:12:10.2215664+02:00" testType="13cdc9d9-ddb5-4fa4-a97d-d965ccfc6d4b" outcome="Passed" testListId="8c84fa94-04c1-424b-9868-57a2d4851a1d" relativeResultsDirectory="d6f7fea9-2c20-4d8d-8620-cbdb0554f5cb" />
    <UnitTestResult executionId="37cf3b09-91c0-4a54-8be8-2d5d49e1a180" testId="5ba7a8cd-1805-48cd-82c8-d2f742043520" testName="FormatToStringTest1000 (6429.44273095552,6429.44 zł)" computerName="DESKTOP-5URQ9PB" duration="00:00:00.0000063" startTime="2022-06-13T21:12:10.2450222+02:00" endTime="2022-06-13T21:12:10.2450868+02:00" testType="13cdc9d9-ddb5-4fa4-a97d-d965ccfc6d4b" outcome="Passed" testListId="8c84fa94-04c1-424b-9868-57a2d4851a1d" relativeResultsDirectory="37cf3b09-91c0-4a54-8be8-2d5d49e1a180" />
    <UnitTestResult executionId="9cc53459-cc98-4007-a95d-e243b4deecb1" testId="25a887f7-e301-45b0-bcf1-84c3f2ade821" testName="FormatToStringTest1000 (20116.958341299072,20116.96 zł)" computerName="DESKTOP-5URQ9PB" duration="00:00:00.0000063" startTime="2022-06-13T21:12:10.3401771+02:00" endTime="2022-06-13T21:12:10.3402414+02:00" testType="13cdc9d9-ddb5-4fa4-a97d-d965ccfc6d4b" outcome="Passed" testListId="8c84fa94-04c1-424b-9868-57a2d4851a1d" relativeResultsDirectory="9cc53459-cc98-4007-a95d-e243b4deecb1" />
    <UnitTestResult executionId="3c75a167-b289-4085-8631-046ec8badadd" testId="cb9d592a-1508-4085-8226-2179b08c22d4" testName="FormatToStringTest1000 (57713.01647853712,57713.02 zł)" computerName="DESKTOP-5URQ9PB" duration="00:00:00.0000065" startTime="2022-06-13T21:12:10.3042914+02:00" endTime="2022-06-13T21:12:10.3043595+02:00" testType="13cdc9d9-ddb5-4fa4-a97d-d965ccfc6d4b" outcome="Passed" testListId="8c84fa94-04c1-424b-9868-57a2d4851a1d" relativeResultsDirectory="3c75a167-b289-4085-8631-046ec8badadd" />
    <UnitTestResult executionId="94e010f5-7fdc-47b1-b8f6-4db4f98b7bd6" testId="fa8aac8f-09d6-4f38-a14f-2c9037dc8c99" testName="FormatToStringTest1000 (55303.17220895699,55303.17 zł)" computerName="DESKTOP-5URQ9PB" duration="00:00:00.0000063" startTime="2022-06-13T21:12:10.1426868+02:00" endTime="2022-06-13T21:12:10.1427557+02:00" testType="13cdc9d9-ddb5-4fa4-a97d-d965ccfc6d4b" outcome="Passed" testListId="8c84fa94-04c1-424b-9868-57a2d4851a1d" relativeResultsDirectory="94e010f5-7fdc-47b1-b8f6-4db4f98b7bd6" />
    <UnitTestResult executionId="3c51c093-f285-4608-91e3-cc585b64efbf" testId="8ffff6de-88fe-459c-a1c6-6e857c77d8f7" testName="FormatToStringTest1000 (25376.6225052097,25376.62 zł)" computerName="DESKTOP-5URQ9PB" duration="00:00:00.0000253" startTime="2022-06-13T21:12:10.2973264+02:00" endTime="2022-06-13T21:12:10.2974895+02:00" testType="13cdc9d9-ddb5-4fa4-a97d-d965ccfc6d4b" outcome="Passed" testListId="8c84fa94-04c1-424b-9868-57a2d4851a1d" relativeResultsDirectory="3c51c093-f285-4608-91e3-cc585b64efbf" />
    <UnitTestResult executionId="757cfd5d-33fe-4990-a72b-e5d3aff1ad6b" testId="82129b92-7009-4c8e-ae12-f4b6623fb965" testName="FormatToStringTest1000 (37387.37521261972,37387.38 zł)" computerName="DESKTOP-5URQ9PB" duration="00:00:00.0000073" startTime="2022-06-13T21:12:10.3473849+02:00" endTime="2022-06-13T21:12:10.3475006+02:00" testType="13cdc9d9-ddb5-4fa4-a97d-d965ccfc6d4b" outcome="Passed" testListId="8c84fa94-04c1-424b-9868-57a2d4851a1d" relativeResultsDirectory="757cfd5d-33fe-4990-a72b-e5d3aff1ad6b" />
    <UnitTestResult executionId="b5752dd7-7c87-4661-93e4-5bc8951f4f98" testId="30e0c614-9f7e-4c7d-81d4-a92faeeef040" testName="FormatToStringTest1000 (9624.06628225188,9624.07 zł)" computerName="DESKTOP-5URQ9PB" duration="00:00:00.0000065" startTime="2022-06-13T21:12:10.3601127+02:00" endTime="2022-06-13T21:12:10.3601745+02:00" testType="13cdc9d9-ddb5-4fa4-a97d-d965ccfc6d4b" outcome="Passed" testListId="8c84fa94-04c1-424b-9868-57a2d4851a1d" relativeResultsDirectory="b5752dd7-7c87-4661-93e4-5bc8951f4f98" />
    <UnitTestResult executionId="c8fbc6d0-16e6-4b3c-b6c3-3dc78bd80f21" testId="9302e8bd-1190-4028-8970-cf445d7373d5" testName="FormatToStringTest1000 (5317.9582678023535,5317.96 zł)" computerName="DESKTOP-5URQ9PB" duration="00:00:00.0000063" startTime="2022-06-13T21:12:10.3157561+02:00" endTime="2022-06-13T21:12:10.3158227+02:00" testType="13cdc9d9-ddb5-4fa4-a97d-d965ccfc6d4b" outcome="Passed" testListId="8c84fa94-04c1-424b-9868-57a2d4851a1d" relativeResultsDirectory="c8fbc6d0-16e6-4b3c-b6c3-3dc78bd80f21" />
    <UnitTestResult executionId="71f07272-98a5-4de2-9a17-f8c8c704fd39" testId="a48eae2e-02a1-4226-9409-8160093ff694" testName="FormatToStringTest1000 (52888.48934243642,52888.49 zł)" computerName="DESKTOP-5URQ9PB" duration="00:00:00.0000063" startTime="2022-06-13T21:12:10.2540315+02:00" endTime="2022-06-13T21:12:10.2540986+02:00" testType="13cdc9d9-ddb5-4fa4-a97d-d965ccfc6d4b" outcome="Passed" testListId="8c84fa94-04c1-424b-9868-57a2d4851a1d" relativeResultsDirectory="71f07272-98a5-4de2-9a17-f8c8c704fd39" />
    <UnitTestResult executionId="0e1e3aa8-fdb0-44f7-bed4-6f1316294bd6" testId="68c086e1-49bc-441c-bcb0-d045bf19159e" testName="FormatToStringTest1000 (11181.228339251702,11181.23 zł)" computerName="DESKTOP-5URQ9PB" duration="00:00:00.0000068" startTime="2022-06-13T21:12:10.4135350+02:00" endTime="2022-06-13T21:12:10.4136001+02:00" testType="13cdc9d9-ddb5-4fa4-a97d-d965ccfc6d4b" outcome="Passed" testListId="8c84fa94-04c1-424b-9868-57a2d4851a1d" relativeResultsDirectory="0e1e3aa8-fdb0-44f7-bed4-6f1316294bd6" />
    <UnitTestResult executionId="dfcea35d-9071-46b4-96d2-ba0a0cb3b796" testId="76eb30d1-8765-4f6b-ad22-e68815fe8f56" testName="FormatToStringTest1000 (16208.076866391615,16208.08 zł)" computerName="DESKTOP-5URQ9PB" duration="00:00:00.0000095" startTime="2022-06-13T21:12:10.4052334+02:00" endTime="2022-06-13T21:12:10.4053567+02:00" testType="13cdc9d9-ddb5-4fa4-a97d-d965ccfc6d4b" outcome="Passed" testListId="8c84fa94-04c1-424b-9868-57a2d4851a1d" relativeResultsDirectory="dfcea35d-9071-46b4-96d2-ba0a0cb3b796" />
    <UnitTestResult executionId="e05ea7cb-9105-42f6-bac7-cbb57b565e46" testId="c42fc8be-9177-48a5-823b-8e48818a3b88" testName="FormatToStringTest1000 (5287.3103648714305,5287.31 zł)" computerName="DESKTOP-5URQ9PB" duration="00:00:00.0000062" startTime="2022-06-13T21:12:10.1648042+02:00" endTime="2022-06-13T21:12:10.1648711+02:00" testType="13cdc9d9-ddb5-4fa4-a97d-d965ccfc6d4b" outcome="Passed" testListId="8c84fa94-04c1-424b-9868-57a2d4851a1d" relativeResultsDirectory="e05ea7cb-9105-42f6-bac7-cbb57b565e46" />
    <UnitTestResult executionId="5fba8a23-cb39-42ae-9aec-92980e5ee296" testId="fd2b5903-11fa-4aa0-87d2-1984a79fac0f" testName="FormatToStringTest1000 (84686.32148464039,84686.32 zł)" computerName="DESKTOP-5URQ9PB" duration="00:00:00.0000064" startTime="2022-06-13T21:12:10.2575862+02:00" endTime="2022-06-13T21:12:10.2576733+02:00" testType="13cdc9d9-ddb5-4fa4-a97d-d965ccfc6d4b" outcome="Passed" testListId="8c84fa94-04c1-424b-9868-57a2d4851a1d" relativeResultsDirectory="5fba8a23-cb39-42ae-9aec-92980e5ee296" />
    <UnitTestResult executionId="dd7f05e5-3c54-4059-b20c-c3f8e168f593" testId="2d9213be-fc97-476c-8304-3a7ec28c1cef" testName="FormatToStringTest1000 (30410.68214617003,30410.68 zł)" computerName="DESKTOP-5URQ9PB" duration="00:00:00.0000062" startTime="2022-06-13T21:12:10.2719997+02:00" endTime="2022-06-13T21:12:10.2720662+02:00" testType="13cdc9d9-ddb5-4fa4-a97d-d965ccfc6d4b" outcome="Passed" testListId="8c84fa94-04c1-424b-9868-57a2d4851a1d" relativeResultsDirectory="dd7f05e5-3c54-4059-b20c-c3f8e168f593" />
    <UnitTestResult executionId="43f3f891-85e1-4b75-beba-db18ca73aaa3" testId="110955e5-b10e-4fb4-9b7a-a4fb949b68c7" testName="FormatToStringTest1000 (6057.842750804426,6057.84 zł)" computerName="DESKTOP-5URQ9PB" duration="00:00:00.0000064" startTime="2022-06-13T21:12:10.1357241+02:00" endTime="2022-06-13T21:12:10.1357921+02:00" testType="13cdc9d9-ddb5-4fa4-a97d-d965ccfc6d4b" outcome="Passed" testListId="8c84fa94-04c1-424b-9868-57a2d4851a1d" relativeResultsDirectory="43f3f891-85e1-4b75-beba-db18ca73aaa3" />
    <UnitTestResult executionId="78103754-f65f-4c13-a1fa-6cab731e21c8" testId="8bc63028-17a9-4877-958b-1a52931ecb57" testName="FormatToStringTest1000 (3270.286035661719,3270.29 zł)" computerName="DESKTOP-5URQ9PB" duration="00:00:00.0000065" startTime="2022-06-13T21:12:10.3009583+02:00" endTime="2022-06-13T21:12:10.3010319+02:00" testType="13cdc9d9-ddb5-4fa4-a97d-d965ccfc6d4b" outcome="Passed" testListId="8c84fa94-04c1-424b-9868-57a2d4851a1d" relativeResultsDirectory="78103754-f65f-4c13-a1fa-6cab731e21c8" />
    <UnitTestResult executionId="4c337581-ab9e-4942-8021-82191d72af27" testId="99f4cd23-d350-4cc8-a690-546ff4ab8014" testName="FormatToStringTest1000 (31622.81414407809,31622.81 zł)" computerName="DESKTOP-5URQ9PB" duration="00:00:00.0000063" startTime="2022-06-13T21:12:10.3965552+02:00" endTime="2022-06-13T21:12:10.3966231+02:00" testType="13cdc9d9-ddb5-4fa4-a97d-d965ccfc6d4b" outcome="Passed" testListId="8c84fa94-04c1-424b-9868-57a2d4851a1d" relativeResultsDirectory="4c337581-ab9e-4942-8021-82191d72af27" />
    <UnitTestResult executionId="9fa2543e-83ff-423c-b467-75768a2ed541" testId="c7abad2a-289c-4bd1-9c17-a70a18e5fe96" testName="FormatToStringTest1000 (18990.72499258012,18990.72 zł)" computerName="DESKTOP-5URQ9PB" duration="00:00:00.0000102" startTime="2022-06-13T21:12:10.1166722+02:00" endTime="2022-06-13T21:12:10.1167515+02:00" testType="13cdc9d9-ddb5-4fa4-a97d-d965ccfc6d4b" outcome="Passed" testListId="8c84fa94-04c1-424b-9868-57a2d4851a1d" relativeResultsDirectory="9fa2543e-83ff-423c-b467-75768a2ed541" />
    <UnitTestResult executionId="5270b3ef-bb45-4c7c-83af-eee4dac72456" testId="73157ab5-eec1-4202-b22a-7376be0f4a91" testName="FormatToStringTest1000 (2901.9683054191846,2901.97 zł)" computerName="DESKTOP-5URQ9PB" duration="00:00:00.0000065" startTime="2022-06-13T21:12:10.1845779+02:00" endTime="2022-06-13T21:12:10.1846541+02:00" testType="13cdc9d9-ddb5-4fa4-a97d-d965ccfc6d4b" outcome="Passed" testListId="8c84fa94-04c1-424b-9868-57a2d4851a1d" relativeResultsDirectory="5270b3ef-bb45-4c7c-83af-eee4dac72456" />
    <UnitTestResult executionId="845a4ec1-835e-403b-ba37-cad392d757b1" testId="e8e1db01-9682-44bf-b3ee-bc7594d90647" testName="FormatToStringTest1000 (68011.49219071423,68011.49 zł)" computerName="DESKTOP-5URQ9PB" duration="00:00:00.0000063" startTime="2022-06-13T21:12:10.3317236+02:00" endTime="2022-06-13T21:12:10.3317891+02:00" testType="13cdc9d9-ddb5-4fa4-a97d-d965ccfc6d4b" outcome="Passed" testListId="8c84fa94-04c1-424b-9868-57a2d4851a1d" relativeResultsDirectory="845a4ec1-835e-403b-ba37-cad392d757b1" />
    <UnitTestResult executionId="bed7388e-0c35-4794-a11f-5e717d9ac462" testId="0ad22823-1156-4203-94ea-c63323111d0c" testName="FormatToStringTest1000 (19392.945535027862,19392.95 zł)" computerName="DESKTOP-5URQ9PB" duration="00:00:00.0000062" startTime="2022-06-13T21:12:10.2119757+02:00" endTime="2022-06-13T21:12:10.2120427+02:00" testType="13cdc9d9-ddb5-4fa4-a97d-d965ccfc6d4b" outcome="Passed" testListId="8c84fa94-04c1-424b-9868-57a2d4851a1d" relativeResultsDirectory="bed7388e-0c35-4794-a11f-5e717d9ac462" />
    <UnitTestResult executionId="fd37e745-b4d1-43fe-bcc6-ee09c800a178" testId="16f23263-0e0e-4825-a4d8-9adcef61a1df" testName="FormatToStringTest1000 (58848.60825001477,58848.61 zł)" computerName="DESKTOP-5URQ9PB" duration="00:00:00.0000085" startTime="2022-06-13T21:12:10.1126448+02:00" endTime="2022-06-13T21:12:10.1127490+02:00" testType="13cdc9d9-ddb5-4fa4-a97d-d965ccfc6d4b" outcome="Passed" testListId="8c84fa94-04c1-424b-9868-57a2d4851a1d" relativeResultsDirectory="fd37e745-b4d1-43fe-bcc6-ee09c800a178" />
    <UnitTestResult executionId="d5d6fa8c-320f-4251-ace5-9e8528fc6f14" testId="addba26c-fea2-4a82-b851-7f91d7458e45" testName="FormatToStringTest1000 (32262.93788198984,32262.94 zł)" computerName="DESKTOP-5URQ9PB" duration="00:00:00.0000063" startTime="2022-06-13T21:12:10.3091984+02:00" endTime="2022-06-13T21:12:10.3092655+02:00" testType="13cdc9d9-ddb5-4fa4-a97d-d965ccfc6d4b" outcome="Passed" testListId="8c84fa94-04c1-424b-9868-57a2d4851a1d" relativeResultsDirectory="d5d6fa8c-320f-4251-ace5-9e8528fc6f14" />
    <UnitTestResult executionId="32b58b0b-fa99-4298-bd87-f463364c11ad" testId="87d05cb1-6f95-4b9f-a3b8-e84338f35c0a" testName="FormatToStringTest1000 (1898.24149096489,1898.24 zł)" computerName="DESKTOP-5URQ9PB" duration="00:00:00.0000069" startTime="2022-06-13T21:12:10.3539908+02:00" endTime="2022-06-13T21:12:10.3540529+02:00" testType="13cdc9d9-ddb5-4fa4-a97d-d965ccfc6d4b" outcome="Passed" testListId="8c84fa94-04c1-424b-9868-57a2d4851a1d" relativeResultsDirectory="32b58b0b-fa99-4298-bd87-f463364c11ad" />
    <UnitTestResult executionId="1c6fb5e8-9f3c-4d58-98f5-21067a88656b" testId="d3fdf795-ebcf-441a-891b-451a75f9dff3" testName="FormatToStringTest1000 (3700.029953029021,3700.03 zł)" computerName="DESKTOP-5URQ9PB" duration="00:00:00.0000062" startTime="2022-06-13T21:12:10.1816753+02:00" endTime="2022-06-13T21:12:10.1817424+02:00" testType="13cdc9d9-ddb5-4fa4-a97d-d965ccfc6d4b" outcome="Passed" testListId="8c84fa94-04c1-424b-9868-57a2d4851a1d" relativeResultsDirectory="1c6fb5e8-9f3c-4d58-98f5-21067a88656b" />
    <UnitTestResult executionId="aff3c163-2193-4763-9cad-524ef77dc5d3" testId="e918d4f5-69c2-4dea-8ad5-2814c669b6df" testName="FormatToStringTest1000 (4898.699005344277,4898.70 zł)" computerName="DESKTOP-5URQ9PB" duration="00:00:00.0000062" startTime="2022-06-13T21:12:10.2028390+02:00" endTime="2022-06-13T21:12:10.2029058+02:00" testType="13cdc9d9-ddb5-4fa4-a97d-d965ccfc6d4b" outcome="Passed" testListId="8c84fa94-04c1-424b-9868-57a2d4851a1d" relativeResultsDirectory="aff3c163-2193-4763-9cad-524ef77dc5d3" />
    <UnitTestResult executionId="7801a144-ec7b-4fa3-8c15-2582e2032fba" testId="55af41a8-b31e-4170-91f6-76e93f0ac3cc" testName="FormatToStringTest1000 (32732.81915128502,32732.82 zł)" computerName="DESKTOP-5URQ9PB" duration="00:00:00.0000066" startTime="2022-06-13T21:12:10.2752456+02:00" endTime="2022-06-13T21:12:10.2753124+02:00" testType="13cdc9d9-ddb5-4fa4-a97d-d965ccfc6d4b" outcome="Passed" testListId="8c84fa94-04c1-424b-9868-57a2d4851a1d" relativeResultsDirectory="7801a144-ec7b-4fa3-8c15-2582e2032fba" />
    <UnitTestResult executionId="dc939f66-8674-4285-a14c-e08ede6841cf" testId="78bb391e-576a-4348-9efb-a4cbf4b59de3" testName="FormatToStringTest1000 (17252.06220983903,17252.06 zł)" computerName="DESKTOP-5URQ9PB" duration="00:00:00.0000065" startTime="2022-06-13T21:12:10.1099210+02:00" endTime="2022-06-13T21:12:10.1099974+02:00" testType="13cdc9d9-ddb5-4fa4-a97d-d965ccfc6d4b" outcome="Passed" testListId="8c84fa94-04c1-424b-9868-57a2d4851a1d" relativeResultsDirectory="dc939f66-8674-4285-a14c-e08ede6841cf" />
    <UnitTestResult executionId="6a25131f-1dc8-47a4-9bec-4489e14d202b" testId="f5164263-8686-4ef6-9ed6-724090264abe" testName="FormatToStringTest1000 (823.2747994560166,823.27 zł)" computerName="DESKTOP-5URQ9PB" duration="00:00:00.0000061" startTime="2022-06-13T21:12:10.3617716+02:00" endTime="2022-06-13T21:12:10.3618364+02:00" testType="13cdc9d9-ddb5-4fa4-a97d-d965ccfc6d4b" outcome="Passed" testListId="8c84fa94-04c1-424b-9868-57a2d4851a1d" relativeResultsDirectory="6a25131f-1dc8-47a4-9bec-4489e14d202b" />
    <UnitTestResult executionId="a54e19f0-608a-468c-b67c-96dcab1c02fa" testId="a9836c49-f2c4-41a5-a79c-790dd15d36d8" testName="FormatToStringTest1000 (31971.185406704986,31971.19 zł)" computerName="DESKTOP-5URQ9PB" duration="00:00:00.0000296" startTime="2022-06-13T21:12:10.2918606+02:00" endTime="2022-06-13T21:12:10.2921881+02:00" testType="13cdc9d9-ddb5-4fa4-a97d-d965ccfc6d4b" outcome="Passed" testListId="8c84fa94-04c1-424b-9868-57a2d4851a1d" relativeResultsDirectory="a54e19f0-608a-468c-b67c-96dcab1c02fa" />
    <UnitTestResult executionId="b39ea6a7-5df5-443e-a5c3-8ee75deb4dc8" testId="b3a5bf47-895d-4d47-87cc-d3d2cb791d6e" testName="FormatToStringTest1000 (27050.586848031067,27050.59 zł)" computerName="DESKTOP-5URQ9PB" duration="00:00:00.0000064" startTime="2022-06-13T21:12:10.0818568+02:00" endTime="2022-06-13T21:12:10.0819246+02:00" testType="13cdc9d9-ddb5-4fa4-a97d-d965ccfc6d4b" outcome="Passed" testListId="8c84fa94-04c1-424b-9868-57a2d4851a1d" relativeResultsDirectory="b39ea6a7-5df5-443e-a5c3-8ee75deb4dc8" />
    <UnitTestResult executionId="3842cbf5-1c2b-41ff-8b90-bce4bdd24c4a" testId="0a0c2024-5487-4a68-ae19-6f01b38ada07" testName="FormatToStringTest1000 (16571.355536101553,16571.36 zł)" computerName="DESKTOP-5URQ9PB" duration="00:00:00.0000063" startTime="2022-06-13T21:12:10.1425873+02:00" endTime="2022-06-13T21:12:10.1426673+02:00" testType="13cdc9d9-ddb5-4fa4-a97d-d965ccfc6d4b" outcome="Passed" testListId="8c84fa94-04c1-424b-9868-57a2d4851a1d" relativeResultsDirectory="3842cbf5-1c2b-41ff-8b90-bce4bdd24c4a" />
    <UnitTestResult executionId="f011d10b-a5e3-4e48-8ac8-aa2af5a623f6" testId="6b87f31a-8dda-40ee-b4a2-5d6a182d00af" testName="FormatToStringTest1000 (72802.68569213277,72802.69 zł)" computerName="DESKTOP-5URQ9PB" duration="00:00:00.0000063" startTime="2022-06-13T21:12:10.3772619+02:00" endTime="2022-06-13T21:12:10.3773260+02:00" testType="13cdc9d9-ddb5-4fa4-a97d-d965ccfc6d4b" outcome="Passed" testListId="8c84fa94-04c1-424b-9868-57a2d4851a1d" relativeResultsDirectory="f011d10b-a5e3-4e48-8ac8-aa2af5a623f6" />
    <UnitTestResult executionId="5ba3332e-f1a0-4acb-bf0c-d77ac6b23104" testId="402e2e69-9fb8-479c-b6fb-ff155b48933c" testName="FormatToStringTest1000 (8901.937138443784,8901.94 zł)" computerName="DESKTOP-5URQ9PB" duration="00:00:00.0000252" startTime="2022-06-13T21:12:10.2969023+02:00" endTime="2022-06-13T21:12:10.2970713+02:00" testType="13cdc9d9-ddb5-4fa4-a97d-d965ccfc6d4b" outcome="Passed" testListId="8c84fa94-04c1-424b-9868-57a2d4851a1d" relativeResultsDirectory="5ba3332e-f1a0-4acb-bf0c-d77ac6b23104" />
    <UnitTestResult executionId="3c890261-7039-499b-9145-a07aafd12e22" testId="d5bad35e-dbfe-4f88-9ee5-11b3e3236465" testName="FormatToStringTest1000 (9431.144757136304,9431.14 zł)" computerName="DESKTOP-5URQ9PB" duration="00:00:00.0000062" startTime="2022-06-13T21:12:10.1391021+02:00" endTime="2022-06-13T21:12:10.1391690+02:00" testType="13cdc9d9-ddb5-4fa4-a97d-d965ccfc6d4b" outcome="Passed" testListId="8c84fa94-04c1-424b-9868-57a2d4851a1d" relativeResultsDirectory="3c890261-7039-499b-9145-a07aafd12e22" />
    <UnitTestResult executionId="2c6b178f-4eae-4db9-922b-a8f97b5cb05a" testId="ce2a0a20-35fb-4831-a8c3-f442d29d8a30" testName="FormatToStringTest1000 (54678.59301593089,54678.59 zł)" computerName="DESKTOP-5URQ9PB" duration="00:00:00.0000061" startTime="2022-06-13T21:12:10.3540691+02:00" endTime="2022-06-13T21:12:10.3541332+02:00" testType="13cdc9d9-ddb5-4fa4-a97d-d965ccfc6d4b" outcome="Passed" testListId="8c84fa94-04c1-424b-9868-57a2d4851a1d" relativeResultsDirectory="2c6b178f-4eae-4db9-922b-a8f97b5cb05a" />
    <UnitTestResult executionId="98a310f8-1673-4c9a-9f07-df87df5f54af" testId="4239de7d-3f17-42c9-9f73-ab0d3a692a2a" testName="FormatToStringTest1000 (90187.4082624374,90187.41 zł)" computerName="DESKTOP-5URQ9PB" duration="00:00:00.0000068" startTime="2022-06-13T21:12:10.4098001+02:00" endTime="2022-06-13T21:12:10.4098618+02:00" testType="13cdc9d9-ddb5-4fa4-a97d-d965ccfc6d4b" outcome="Passed" testListId="8c84fa94-04c1-424b-9868-57a2d4851a1d" relativeResultsDirectory="98a310f8-1673-4c9a-9f07-df87df5f54af" />
    <UnitTestResult executionId="0c54dc2f-07ef-44b3-868a-7b565c8e3a38" testId="ef1275e6-428f-45d1-9fdd-249ee357433b" testName="FormatToStringTest1000 (37866.43836050967,37866.44 zł)" computerName="DESKTOP-5URQ9PB" duration="00:00:00.0000062" startTime="2022-06-13T21:12:10.2123118+02:00" endTime="2022-06-13T21:12:10.2123779+02:00" testType="13cdc9d9-ddb5-4fa4-a97d-d965ccfc6d4b" outcome="Passed" testListId="8c84fa94-04c1-424b-9868-57a2d4851a1d" relativeResultsDirectory="0c54dc2f-07ef-44b3-868a-7b565c8e3a38" />
    <UnitTestResult executionId="fd45c145-bc7a-42d7-add4-834a70504757" testId="e4a60ee4-424b-431e-ae67-6e145be8a052" testName="FormatToStringTest1000 (26945.125386551546,26945.13 zł)" computerName="DESKTOP-5URQ9PB" duration="00:00:00.0000064" startTime="2022-06-13T21:12:10.1358104+02:00" endTime="2022-06-13T21:12:10.1358781+02:00" testType="13cdc9d9-ddb5-4fa4-a97d-d965ccfc6d4b" outcome="Passed" testListId="8c84fa94-04c1-424b-9868-57a2d4851a1d" relativeResultsDirectory="fd45c145-bc7a-42d7-add4-834a70504757" />
    <UnitTestResult executionId="6632aac9-3ec5-4027-8831-dcc7331ceba9" testId="a914e5bf-80ce-496f-967e-037a50aa79ac" testName="FormatToStringTest1000 (972.1468308629221,972.15 zł)" computerName="DESKTOP-5URQ9PB" duration="00:00:00.0000061" startTime="2022-06-13T21:12:10.3161751+02:00" endTime="2022-06-13T21:12:10.3162413+02:00" testType="13cdc9d9-ddb5-4fa4-a97d-d965ccfc6d4b" outcome="Passed" testListId="8c84fa94-04c1-424b-9868-57a2d4851a1d" relativeResultsDirectory="6632aac9-3ec5-4027-8831-dcc7331ceba9" />
    <UnitTestResult executionId="55c51cb7-6da5-45d7-81fa-733d16c02eaf" testId="4843d9cf-3c95-4f48-86eb-2126ff765315" testName="FormatToStringTest1000 (4252.4012513842445,4252.40 zł)" computerName="DESKTOP-5URQ9PB" duration="00:00:00.0000063" startTime="2022-06-13T21:12:10.3599515+02:00" endTime="2022-06-13T21:12:10.3600158+02:00" testType="13cdc9d9-ddb5-4fa4-a97d-d965ccfc6d4b" outcome="Passed" testListId="8c84fa94-04c1-424b-9868-57a2d4851a1d" relativeResultsDirectory="55c51cb7-6da5-45d7-81fa-733d16c02eaf" />
    <UnitTestResult executionId="53b609e4-1aa0-43a2-a36e-dd1d88270e1f" testId="8058869a-865b-408b-826c-15e5aa6c37f5" testName="FormatToStringTest1000 (40035.54711080787,40035.55 zł)" computerName="DESKTOP-5URQ9PB" duration="00:00:00.0000063" startTime="2022-06-13T21:12:10.1782855+02:00" endTime="2022-06-13T21:12:10.1783526+02:00" testType="13cdc9d9-ddb5-4fa4-a97d-d965ccfc6d4b" outcome="Passed" testListId="8c84fa94-04c1-424b-9868-57a2d4851a1d" relativeResultsDirectory="53b609e4-1aa0-43a2-a36e-dd1d88270e1f" />
    <UnitTestResult executionId="72495402-596c-4bc5-b578-ce9acb66c2cc" testId="9845d3dd-1ac7-43dc-b912-f7f54ebed062" testName="FormatToStringTest1000 (12610.563163818122,12610.56 zł)" computerName="DESKTOP-5URQ9PB" duration="00:00:00.0000064" startTime="2022-06-13T21:12:10.3861106+02:00" endTime="2022-06-13T21:12:10.3861756+02:00" testType="13cdc9d9-ddb5-4fa4-a97d-d965ccfc6d4b" outcome="Passed" testListId="8c84fa94-04c1-424b-9868-57a2d4851a1d" relativeResultsDirectory="72495402-596c-4bc5-b578-ce9acb66c2cc" />
    <UnitTestResult executionId="85a56b02-e91e-4a44-a218-11cfa599bb10" testId="9d93e6e9-5d4d-4e65-82b4-a5876fd06681" testName="FormatToStringTest1000 (7076.829971250534,7076.83 zł)" computerName="DESKTOP-5URQ9PB" duration="00:00:00.0000063" startTime="2022-06-13T21:12:10.3810712+02:00" endTime="2022-06-13T21:12:10.3811355+02:00" testType="13cdc9d9-ddb5-4fa4-a97d-d965ccfc6d4b" outcome="Passed" testListId="8c84fa94-04c1-424b-9868-57a2d4851a1d" relativeResultsDirectory="85a56b02-e91e-4a44-a218-11cfa599bb10" />
    <UnitTestResult executionId="76d814c1-2c17-41ae-8f03-64d3167bde1e" testId="f7297de9-574d-4de0-9413-6754c58d8cd4" testName="FormatToStringTest1000 (23120.169499649743,23120.17 zł)" computerName="DESKTOP-5URQ9PB" duration="00:00:00.0000062" startTime="2022-06-13T21:12:10.3791655+02:00" endTime="2022-06-13T21:12:10.3792291+02:00" testType="13cdc9d9-ddb5-4fa4-a97d-d965ccfc6d4b" outcome="Passed" testListId="8c84fa94-04c1-424b-9868-57a2d4851a1d" relativeResultsDirectory="76d814c1-2c17-41ae-8f03-64d3167bde1e" />
    <UnitTestResult executionId="3eef960e-441c-4ea4-9262-6ab24b2aaa58" testId="0f0bccdb-d813-45e8-9df5-32878fc30b5f" testName="FormatToStringTest1000 (75987.03378503352,75987.03 zł)" computerName="DESKTOP-5URQ9PB" duration="00:00:00.0000064" startTime="2022-06-13T21:12:10.3558614+02:00" endTime="2022-06-13T21:12:10.3559260+02:00" testType="13cdc9d9-ddb5-4fa4-a97d-d965ccfc6d4b" outcome="Passed" testListId="8c84fa94-04c1-424b-9868-57a2d4851a1d" relativeResultsDirectory="3eef960e-441c-4ea4-9262-6ab24b2aaa58" />
    <UnitTestResult executionId="c771271b-48cb-4b1c-a51b-0304735cbca6" testId="f3169b0d-80d7-4921-917b-d132ab041d2e" testName="FormatToStringTest1000 (50664.01951024869,50664.02 zł)" computerName="DESKTOP-5URQ9PB" duration="00:00:00.0000062" startTime="2022-06-13T21:12:10.3320515+02:00" endTime="2022-06-13T21:12:10.3321161+02:00" testType="13cdc9d9-ddb5-4fa4-a97d-d965ccfc6d4b" outcome="Passed" testListId="8c84fa94-04c1-424b-9868-57a2d4851a1d" relativeResultsDirectory="c771271b-48cb-4b1c-a51b-0304735cbca6" />
    <UnitTestResult executionId="28f08835-3b5e-4957-9dea-f63699a9d371" testId="e88be5d0-fa07-47bd-91e6-5a3a352d7626" testName="FormatToStringTest1000 (45603.90324273142,45603.90 zł)" computerName="DESKTOP-5URQ9PB" duration="00:00:00.0000063" startTime="2022-06-13T21:12:10.0819425+02:00" endTime="2022-06-13T21:12:10.0820114+02:00" testType="13cdc9d9-ddb5-4fa4-a97d-d965ccfc6d4b" outcome="Passed" testListId="8c84fa94-04c1-424b-9868-57a2d4851a1d" relativeResultsDirectory="28f08835-3b5e-4957-9dea-f63699a9d371" />
    <UnitTestResult executionId="32a917b7-3539-4e76-b7c8-bf6d0d46f9d6" testId="83320569-e666-4926-ace0-8c1482828e27" testName="FormatToStringTest1000 (47672.66266041652,47672.66 zł)" computerName="DESKTOP-5URQ9PB" duration="00:00:00.0000065" startTime="2022-06-13T21:12:10.4058067+02:00" endTime="2022-06-13T21:12:10.4058718+02:00" testType="13cdc9d9-ddb5-4fa4-a97d-d965ccfc6d4b" outcome="Passed" testListId="8c84fa94-04c1-424b-9868-57a2d4851a1d" relativeResultsDirectory="32a917b7-3539-4e76-b7c8-bf6d0d46f9d6" />
    <UnitTestResult executionId="c524fcd3-aae0-46fd-a846-5ae0313b23a1" testId="db9e31fc-9964-4ee5-a5b5-00e04bef0c38" testName="FormatToStringTest1000 (10527.083945901639,10527.08 zł)" computerName="DESKTOP-5URQ9PB" duration="00:00:00.0000062" startTime="2022-06-13T21:12:10.3618530+02:00" endTime="2022-06-13T21:12:10.3619170+02:00" testType="13cdc9d9-ddb5-4fa4-a97d-d965ccfc6d4b" outcome="Passed" testListId="8c84fa94-04c1-424b-9868-57a2d4851a1d" relativeResultsDirectory="c524fcd3-aae0-46fd-a846-5ae0313b23a1" />
    <UnitTestResult executionId="db362dfe-0229-46cd-ade3-3820acb58fb2" testId="04622112-9071-44d7-bb68-bbe205f313ac" testName="FormatToStringTest1000 (65809.35218338219,65809.35 zł)" computerName="DESKTOP-5URQ9PB" duration="00:00:00.0000063" startTime="2022-06-13T21:12:10.3982198+02:00" endTime="2022-06-13T21:12:10.3982840+02:00" testType="13cdc9d9-ddb5-4fa4-a97d-d965ccfc6d4b" outcome="Passed" testListId="8c84fa94-04c1-424b-9868-57a2d4851a1d" relativeResultsDirectory="db362dfe-0229-46cd-ade3-3820acb58fb2" />
    <UnitTestResult executionId="9692ef2a-6d85-465e-ad88-7953336d6d90" testId="0fd32943-8573-409a-abdf-66c5d1cdefec" testName="FormatToStringTest1000 (28155.26504817664,28155.27 zł)" computerName="DESKTOP-5URQ9PB" duration="00:00:00.0000065" startTime="2022-06-13T21:12:10.2325562+02:00" endTime="2022-06-13T21:12:10.2326285+02:00" testType="13cdc9d9-ddb5-4fa4-a97d-d965ccfc6d4b" outcome="Passed" testListId="8c84fa94-04c1-424b-9868-57a2d4851a1d" relativeResultsDirectory="9692ef2a-6d85-465e-ad88-7953336d6d90" />
    <UnitTestResult executionId="274c9379-9645-41f5-a31b-af46064e705b" testId="7fdce492-5ae9-4a4a-ad84-31ec602857ba" testName="FormatToStringTest1000 (68174.53068551492,68174.53 zł)" computerName="DESKTOP-5URQ9PB" duration="00:00:00.0000063" startTime="2022-06-13T21:12:10.3790847+02:00" endTime="2022-06-13T21:12:10.3791488+02:00" testType="13cdc9d9-ddb5-4fa4-a97d-d965ccfc6d4b" outcome="Passed" testListId="8c84fa94-04c1-424b-9868-57a2d4851a1d" relativeResultsDirectory="274c9379-9645-41f5-a31b-af46064e705b" />
    <UnitTestResult executionId="ae3e4a55-c3ec-4e6b-9550-65d9c9082c81" testId="4ae674e3-d9e3-4b63-9e6d-74e04855e65d" testName="FormatToStringTest1000 (16383.352881839199,16383.35 zł)" computerName="DESKTOP-5URQ9PB" duration="00:00:00.0000064" startTime="2022-06-13T21:12:10.1093464+02:00" endTime="2022-06-13T21:12:10.1094234+02:00" testType="13cdc9d9-ddb5-4fa4-a97d-d965ccfc6d4b" outcome="Passed" testListId="8c84fa94-04c1-424b-9868-57a2d4851a1d" relativeResultsDirectory="ae3e4a55-c3ec-4e6b-9550-65d9c9082c81" />
    <UnitTestResult executionId="1865d120-9e36-4eee-87ca-21d745eae91a" testId="aff7a2df-c726-4cb3-8936-63e2591b2d3d" testName="FormatToStringTest1000 (11494.27761332238,11494.28 zł)" computerName="DESKTOP-5URQ9PB" duration="00:00:00.0000063" startTime="2022-06-13T21:12:10.1878570+02:00" endTime="2022-06-13T21:12:10.1879312+02:00" testType="13cdc9d9-ddb5-4fa4-a97d-d965ccfc6d4b" outcome="Passed" testListId="8c84fa94-04c1-424b-9868-57a2d4851a1d" relativeResultsDirectory="1865d120-9e36-4eee-87ca-21d745eae91a" />
    <UnitTestResult executionId="d8113a74-af7f-4f2c-833e-8c01f701aea1" testId="4e3477eb-594d-4e61-8f80-41aa72590968" testName="FormatToStringTest1000 (3341.8351759444154,3341.84 zł)" computerName="DESKTOP-5URQ9PB" duration="00:00:00.0000061" startTime="2022-06-13T21:12:10.2513135+02:00" endTime="2022-06-13T21:12:10.2513801+02:00" testType="13cdc9d9-ddb5-4fa4-a97d-d965ccfc6d4b" outcome="Passed" testListId="8c84fa94-04c1-424b-9868-57a2d4851a1d" relativeResultsDirectory="d8113a74-af7f-4f2c-833e-8c01f701aea1" />
    <UnitTestResult executionId="841e44a3-5d86-4444-abfd-f8a5fbebdc07" testId="aeec498c-62a0-43df-845d-9dce00b33fd7" testName="FormatToStringTest1000 (44677.61946778074,44677.62 zł)" computerName="DESKTOP-5URQ9PB" duration="00:00:00.0000061" startTime="2022-06-13T21:12:10.1819267+02:00" endTime="2022-06-13T21:12:10.1819936+02:00" testType="13cdc9d9-ddb5-4fa4-a97d-d965ccfc6d4b" outcome="Passed" testListId="8c84fa94-04c1-424b-9868-57a2d4851a1d" relativeResultsDirectory="841e44a3-5d86-4444-abfd-f8a5fbebdc07" />
    <UnitTestResult executionId="3eea7fc4-c1a0-49a2-bfc2-1b9bc3d3ff46" testId="feadd26f-7a1d-403a-b59f-4c6e592316e9" testName="FormatToStringTest1000 (12641.700665183225,12641.70 zł)" computerName="DESKTOP-5URQ9PB" duration="00:00:00.0000064" startTime="2022-06-13T21:12:10.1880422+02:00" endTime="2022-06-13T21:12:10.1881207+02:00" testType="13cdc9d9-ddb5-4fa4-a97d-d965ccfc6d4b" outcome="Passed" testListId="8c84fa94-04c1-424b-9868-57a2d4851a1d" relativeResultsDirectory="3eea7fc4-c1a0-49a2-bfc2-1b9bc3d3ff46" />
    <UnitTestResult executionId="03c63c88-7d16-4166-8242-efa00488cbaf" testId="4b1bd388-c8b0-43ab-bead-943c90b2222c" testName="FormatToStringTest1000 (658.7555888573431,658.76 zł)" computerName="DESKTOP-5URQ9PB" duration="00:00:00.0000063" startTime="2022-06-13T21:12:10.2510649+02:00" endTime="2022-06-13T21:12:10.2511308+02:00" testType="13cdc9d9-ddb5-4fa4-a97d-d965ccfc6d4b" outcome="Passed" testListId="8c84fa94-04c1-424b-9868-57a2d4851a1d" relativeResultsDirectory="03c63c88-7d16-4166-8242-efa00488cbaf" />
    <UnitTestResult executionId="b361fbfb-6271-4f78-9f0a-5fa1fb1ab3cb" testId="656ceb16-2a71-4b01-9d92-006131dd7c37" testName="FormatToStringTest1000 (33970.38965150639,33970.39 zł)" computerName="DESKTOP-5URQ9PB" duration="00:00:00.0000063" startTime="2022-06-13T21:12:10.3620145+02:00" endTime="2022-06-13T21:12:10.3620786+02:00" testType="13cdc9d9-ddb5-4fa4-a97d-d965ccfc6d4b" outcome="Passed" testListId="8c84fa94-04c1-424b-9868-57a2d4851a1d" relativeResultsDirectory="b361fbfb-6271-4f78-9f0a-5fa1fb1ab3cb" />
    <UnitTestResult executionId="92692ea1-2026-4fb2-991d-562c3955f29d" testId="08544284-75ad-431c-b3d0-45182adb6572" testName="FormatToStringTest1000 (44065.726815678056,44065.73 zł)" computerName="DESKTOP-5URQ9PB" duration="00:00:00.0000065" startTime="2022-06-13T21:12:10.1913318+02:00" endTime="2022-06-13T21:12:10.1914097+02:00" testType="13cdc9d9-ddb5-4fa4-a97d-d965ccfc6d4b" outcome="Passed" testListId="8c84fa94-04c1-424b-9868-57a2d4851a1d" relativeResultsDirectory="92692ea1-2026-4fb2-991d-562c3955f29d" />
    <UnitTestResult executionId="b7361149-1d53-458c-9c22-fb0f05e5a6ea" testId="31164bec-220f-4491-9fdb-707d2274ba00" testName="FormatToStringTest1000 (2751.3751475258614,2751.38 zł)" computerName="DESKTOP-5URQ9PB" duration="00:00:00.0000062" startTime="2022-06-13T21:12:10.3812319+02:00" endTime="2022-06-13T21:12:10.3812953+02:00" testType="13cdc9d9-ddb5-4fa4-a97d-d965ccfc6d4b" outcome="Passed" testListId="8c84fa94-04c1-424b-9868-57a2d4851a1d" relativeResultsDirectory="b7361149-1d53-458c-9c22-fb0f05e5a6ea" />
    <UnitTestResult executionId="279876ba-a34c-447c-bacd-c650e3f548bc" testId="6db1e93a-c037-43c5-932a-08ae8d9815b0" testName="FormatToStringTest1000 (35967.54466809684,35967.54 zł)" computerName="DESKTOP-5URQ9PB" duration="00:00:00.0000064" startTime="2022-06-13T21:12:10.3497292+02:00" endTime="2022-06-13T21:12:10.3497931+02:00" testType="13cdc9d9-ddb5-4fa4-a97d-d965ccfc6d4b" outcome="Passed" testListId="8c84fa94-04c1-424b-9868-57a2d4851a1d" relativeResultsDirectory="279876ba-a34c-447c-bacd-c650e3f548bc" />
    <UnitTestResult executionId="c4f67c6c-473b-45fe-9461-4c2d6a93cd61" testId="09678018-a2c0-455b-949d-d4e27318a66a" testName="FormatToStringTest1000 (44930.92203801075,44930.92 zł)" computerName="DESKTOP-5URQ9PB" duration="00:00:00.0000062" startTime="2022-06-13T21:12:10.4137032+02:00" endTime="2022-06-13T21:12:10.4137668+02:00" testType="13cdc9d9-ddb5-4fa4-a97d-d965ccfc6d4b" outcome="Passed" testListId="8c84fa94-04c1-424b-9868-57a2d4851a1d" relativeResultsDirectory="c4f67c6c-473b-45fe-9461-4c2d6a93cd61" />
    <UnitTestResult executionId="aa8c3d5a-7cea-48dd-854d-ed32da40f760" testId="a061a0f0-a768-4c4c-86ec-cd98dbd4aaab" testName="FormatToStringTest1000 (3270.482477338743,3270.48 zł)" computerName="DESKTOP-5URQ9PB" duration="00:00:00.0000064" startTime="2022-06-13T21:12:10.3555822+02:00" endTime="2022-06-13T21:12:10.3556812+02:00" testType="13cdc9d9-ddb5-4fa4-a97d-d965ccfc6d4b" outcome="Passed" testListId="8c84fa94-04c1-424b-9868-57a2d4851a1d" relativeResultsDirectory="aa8c3d5a-7cea-48dd-854d-ed32da40f760" />
    <UnitTestResult executionId="0883b26b-47a6-436a-85f4-0e40d8c2f4f9" testId="eaa350e4-1f6d-4f9f-aab4-0cd124dc72e4" testName="FormatToStringTest1000 (22743.19734205827,22743.20 zł)" computerName="DESKTOP-5URQ9PB" duration="00:00:00.0000074" startTime="2022-06-13T21:12:10.2117866+02:00" endTime="2022-06-13T21:12:10.2118691+02:00" testType="13cdc9d9-ddb5-4fa4-a97d-d965ccfc6d4b" outcome="Passed" testListId="8c84fa94-04c1-424b-9868-57a2d4851a1d" relativeResultsDirectory="0883b26b-47a6-436a-85f4-0e40d8c2f4f9" />
    <UnitTestResult executionId="8568a5c8-6ab8-4ac0-b68b-e56ea3ee771c" testId="0ee72846-0c9d-4003-9315-759ccc458558" testName="FormatToStringTest1000 (7396.940188290057,7396.94 zł)" computerName="DESKTOP-5URQ9PB" duration="00:00:00.0000063" startTime="2022-06-13T21:12:10.4005583+02:00" endTime="2022-06-13T21:12:10.4006364+02:00" testType="13cdc9d9-ddb5-4fa4-a97d-d965ccfc6d4b" outcome="Passed" testListId="8c84fa94-04c1-424b-9868-57a2d4851a1d" relativeResultsDirectory="8568a5c8-6ab8-4ac0-b68b-e56ea3ee771c" />
    <UnitTestResult executionId="fe1bbc8f-18ea-43f8-a1a4-3b1ea9d2e595" testId="e844a389-0b4f-4b9c-90ad-df0db4624cf2" testName="FormatToStringTest1000 (15591.4117417221,15591.41 zł)" computerName="DESKTOP-5URQ9PB" duration="00:00:00.0000064" startTime="2022-06-13T21:12:10.3945823+02:00" endTime="2022-06-13T21:12:10.3946489+02:00" testType="13cdc9d9-ddb5-4fa4-a97d-d965ccfc6d4b" outcome="Passed" testListId="8c84fa94-04c1-424b-9868-57a2d4851a1d" relativeResultsDirectory="fe1bbc8f-18ea-43f8-a1a4-3b1ea9d2e595" />
    <UnitTestResult executionId="0792f3c0-9db2-4c2a-b8e3-2fd473c9960c" testId="430e9b2b-a3c2-44d0-b465-5b72652eace9" testName="FormatToStringTest1000 (1328.353302088265,1328.35 zł)" computerName="DESKTOP-5URQ9PB" duration="00:00:00.0000061" startTime="2022-06-13T21:12:10.2480119+02:00" endTime="2022-06-13T21:12:10.2480789+02:00" testType="13cdc9d9-ddb5-4fa4-a97d-d965ccfc6d4b" outcome="Passed" testListId="8c84fa94-04c1-424b-9868-57a2d4851a1d" relativeResultsDirectory="0792f3c0-9db2-4c2a-b8e3-2fd473c9960c" />
    <UnitTestResult executionId="aa327dee-79a2-498b-bd73-72f9e384f114" testId="9e7d35c3-e5d8-4b94-8883-2bfe4a86d83f" testName="FormatToStringTest1000 (13206.129467931636,13206.13 zł)" computerName="DESKTOP-5URQ9PB" duration="00:00:00.0000064" startTime="2022-06-13T21:12:10.3294218+02:00" endTime="2022-06-13T21:12:10.3294900+02:00" testType="13cdc9d9-ddb5-4fa4-a97d-d965ccfc6d4b" outcome="Passed" testListId="8c84fa94-04c1-424b-9868-57a2d4851a1d" relativeResultsDirectory="aa327dee-79a2-498b-bd73-72f9e384f114" />
    <UnitTestResult executionId="23f9553f-a48d-4d5c-b3e3-8a39716e1969" testId="2aa5426b-159f-4622-bb37-d2cd0cb8655d" testName="FormatToStringTest1000 (24825.207513729205,24825.21 zł)" computerName="DESKTOP-5URQ9PB" duration="00:00:00.0000062" startTime="2022-06-13T21:12:10.3043768+02:00" endTime="2022-06-13T21:12:10.3044490+02:00" testType="13cdc9d9-ddb5-4fa4-a97d-d965ccfc6d4b" outcome="Passed" testListId="8c84fa94-04c1-424b-9868-57a2d4851a1d" relativeResultsDirectory="23f9553f-a48d-4d5c-b3e3-8a39716e1969" />
    <UnitTestResult executionId="ec419205-30a1-443f-ae96-dd77b3736b98" testId="34338015-178d-4a79-ab5a-8447faad5b9b" testName="FormatToStringTest1000 (11829.625994884234,11829.63 zł)" computerName="DESKTOP-5URQ9PB" duration="00:00:00.0000071" startTime="2022-06-13T21:12:10.2538456+02:00" endTime="2022-06-13T21:12:10.2539271+02:00" testType="13cdc9d9-ddb5-4fa4-a97d-d965ccfc6d4b" outcome="Passed" testListId="8c84fa94-04c1-424b-9868-57a2d4851a1d" relativeResultsDirectory="ec419205-30a1-443f-ae96-dd77b3736b98" />
    <UnitTestResult executionId="a4c0f7d0-ad4a-4059-a1fc-a422e3e3fccd" testId="e31ab822-f55e-4040-8a5e-24b05ace7fe4" testName="FormatToStringTest1000 (14867.726341984107,14867.73 zł)" computerName="DESKTOP-5URQ9PB" duration="00:00:00.0000063" startTime="2022-06-13T21:12:10.3198295+02:00" endTime="2022-06-13T21:12:10.3198965+02:00" testType="13cdc9d9-ddb5-4fa4-a97d-d965ccfc6d4b" outcome="Passed" testListId="8c84fa94-04c1-424b-9868-57a2d4851a1d" relativeResultsDirectory="a4c0f7d0-ad4a-4059-a1fc-a422e3e3fccd" />
    <UnitTestResult executionId="0367d1e9-0c7d-4e5a-9cac-ae7c4c005bfe" testId="a6e88a10-4ccc-4730-9f20-5a3dcd039ca1" testName="FormatToStringTest1000 (6323.24079469882,6323.24 zł)" computerName="DESKTOP-5URQ9PB" duration="00:00:00.0000065" startTime="2022-06-13T21:12:10.1849252+02:00" endTime="2022-06-13T21:12:10.1849902+02:00" testType="13cdc9d9-ddb5-4fa4-a97d-d965ccfc6d4b" outcome="Passed" testListId="8c84fa94-04c1-424b-9868-57a2d4851a1d" relativeResultsDirectory="0367d1e9-0c7d-4e5a-9cac-ae7c4c005bfe" />
    <UnitTestResult executionId="17700ae5-baa7-4185-8314-e37443f27e40" testId="20971fbe-dd95-400a-9fb7-48d1054e98d8" testName="FormatToStringTest1000 (43858.624379632354,43858.62 zł)" computerName="DESKTOP-5URQ9PB" duration="00:00:00.0000063" startTime="2022-06-13T21:12:10.3581812+02:00" endTime="2022-06-13T21:12:10.3582453+02:00" testType="13cdc9d9-ddb5-4fa4-a97d-d965ccfc6d4b" outcome="Passed" testListId="8c84fa94-04c1-424b-9868-57a2d4851a1d" relativeResultsDirectory="17700ae5-baa7-4185-8314-e37443f27e40" />
    <UnitTestResult executionId="e0f352c7-3771-4a9d-a6f9-34d2b8244871" testId="371a2a23-8d4e-4c00-b359-e86b63f2a8eb" testName="FormatToStringTest1000 (8211.920994553679,8211.92 zł)" computerName="DESKTOP-5URQ9PB" duration="00:00:00.0000062" startTime="2022-06-13T21:12:10.2124796+02:00" endTime="2022-06-13T21:12:10.2125457+02:00" testType="13cdc9d9-ddb5-4fa4-a97d-d965ccfc6d4b" outcome="Passed" testListId="8c84fa94-04c1-424b-9868-57a2d4851a1d" relativeResultsDirectory="e0f352c7-3771-4a9d-a6f9-34d2b8244871" />
    <UnitTestResult executionId="c0a1f0c9-ceec-46f4-8ecb-e1787ab2cc8a" testId="10e06418-9d24-4346-b6c8-393aa90de039" testName="FormatToStringTest1000 (26207.03715363659,26207.04 zł)" computerName="DESKTOP-5URQ9PB" duration="00:00:00.0000063" startTime="2022-06-13T21:12:10.1613506+02:00" endTime="2022-06-13T21:12:10.1614185+02:00" testType="13cdc9d9-ddb5-4fa4-a97d-d965ccfc6d4b" outcome="Passed" testListId="8c84fa94-04c1-424b-9868-57a2d4851a1d" relativeResultsDirectory="c0a1f0c9-ceec-46f4-8ecb-e1787ab2cc8a" />
    <UnitTestResult executionId="a96ae696-2c55-424e-9ca4-ef57705bd4d3" testId="d0631c20-aa1e-47f4-9129-adb67d97747e" testName="FormatToStringTest1000 (38845.74924104323,38845.75 zł)" computerName="DESKTOP-5URQ9PB" duration="00:00:00.0000062" startTime="2022-06-13T21:12:10.3829810+02:00" endTime="2022-06-13T21:12:10.3830445+02:00" testType="13cdc9d9-ddb5-4fa4-a97d-d965ccfc6d4b" outcome="Passed" testListId="8c84fa94-04c1-424b-9868-57a2d4851a1d" relativeResultsDirectory="a96ae696-2c55-424e-9ca4-ef57705bd4d3" />
    <UnitTestResult executionId="e1116bd4-cd88-4fbb-857a-55cb2c5cfc10" testId="9bc38719-4dd8-4ce2-abeb-44d8b10b6b8e" testName="FormatToStringTest1000 (35145.379208063416,35145.38 zł)" computerName="DESKTOP-5URQ9PB" duration="00:00:00.0000065" startTime="2022-06-13T21:12:10.1165641+02:00" endTime="2022-06-13T21:12:10.1166540+02:00" testType="13cdc9d9-ddb5-4fa4-a97d-d965ccfc6d4b" outcome="Passed" testListId="8c84fa94-04c1-424b-9868-57a2d4851a1d" relativeResultsDirectory="e1116bd4-cd88-4fbb-857a-55cb2c5cfc10" />
    <UnitTestResult executionId="f7e8fa57-deb2-4734-b459-bbfc35a8f0a3" testId="62726eb2-b9fb-4299-b31f-8b5af4aeed18" testName="FormatToStringTest1000 (743.047944508981,743.05 zł)" computerName="DESKTOP-5URQ9PB" duration="00:00:00.0000065" startTime="2022-06-13T21:12:10.3092837+02:00" endTime="2022-06-13T21:12:10.3093515+02:00" testType="13cdc9d9-ddb5-4fa4-a97d-d965ccfc6d4b" outcome="Passed" testListId="8c84fa94-04c1-424b-9868-57a2d4851a1d" relativeResultsDirectory="f7e8fa57-deb2-4734-b459-bbfc35a8f0a3" />
    <UnitTestResult executionId="33c2c2f0-0605-4b36-9fff-1bb919f8b8b5" testId="6b3fb6ef-e4a9-4670-9039-dadddf4f43f7" testName="FormatToStringTest1000 (63427.55325689332,63427.55 zł)" computerName="DESKTOP-5URQ9PB" duration="00:00:00.0000266" startTime="2022-06-13T21:12:10.2971153+02:00" endTime="2022-06-13T21:12:10.2972816+02:00" testType="13cdc9d9-ddb5-4fa4-a97d-d965ccfc6d4b" outcome="Passed" testListId="8c84fa94-04c1-424b-9868-57a2d4851a1d" relativeResultsDirectory="33c2c2f0-0605-4b36-9fff-1bb919f8b8b5" />
    <UnitTestResult executionId="74e5113f-8985-4e9b-9bed-5e53320d7f23" testId="c092bf9b-87dd-40aa-b4c4-074d4e83bb7a" testName="FormatToStringTest1000 (57525.72988993569,57525.73 zł)" computerName="DESKTOP-5URQ9PB" duration="00:00:00.0000062" startTime="2022-06-13T21:12:10.3069214+02:00" endTime="2022-06-13T21:12:10.3069879+02:00" testType="13cdc9d9-ddb5-4fa4-a97d-d965ccfc6d4b" outcome="Passed" testListId="8c84fa94-04c1-424b-9868-57a2d4851a1d" relativeResultsDirectory="74e5113f-8985-4e9b-9bed-5e53320d7f23" />
    <UnitTestResult executionId="95b2b264-3e0d-4b29-b9b8-85a07453bbd7" testId="8666ba60-30f4-4343-b032-2a9013a1cda7" testName="FormatToStringTest1000 (23174.85693288448,23174.86 zł)" computerName="DESKTOP-5URQ9PB" duration="00:00:00.0000069" startTime="2022-06-13T21:12:10.2480960+02:00" endTime="2022-06-13T21:12:10.2481630+02:00" testType="13cdc9d9-ddb5-4fa4-a97d-d965ccfc6d4b" outcome="Passed" testListId="8c84fa94-04c1-424b-9868-57a2d4851a1d" relativeResultsDirectory="95b2b264-3e0d-4b29-b9b8-85a07453bbd7" />
    <UnitTestResult executionId="84448b7e-7765-48eb-90fd-47b42f73362c" testId="27e964c6-49f0-4580-ad45-8502b38c8092" testName="FormatToStringTest1000 (28068.20530246394,28068.21 zł)" computerName="DESKTOP-5URQ9PB" duration="00:00:00.0000063" startTime="2022-06-13T21:12:10.2481806+02:00" endTime="2022-06-13T21:12:10.2482472+02:00" testType="13cdc9d9-ddb5-4fa4-a97d-d965ccfc6d4b" outcome="Passed" testListId="8c84fa94-04c1-424b-9868-57a2d4851a1d" relativeResultsDirectory="84448b7e-7765-48eb-90fd-47b42f73362c" />
    <UnitTestResult executionId="56a8bf27-9a09-469c-a47b-59cb9cf97420" testId="773ff510-e491-45f6-9978-0198ee8c943b" testName="FormatToStringTest1000 (67898.54481444067,67898.54 zł)" computerName="DESKTOP-5URQ9PB" duration="00:00:00.0000061" startTime="2022-06-13T21:12:10.1584249+02:00" endTime="2022-06-13T21:12:10.1584922+02:00" testType="13cdc9d9-ddb5-4fa4-a97d-d965ccfc6d4b" outcome="Passed" testListId="8c84fa94-04c1-424b-9868-57a2d4851a1d" relativeResultsDirectory="56a8bf27-9a09-469c-a47b-59cb9cf97420" />
    <UnitTestResult executionId="ea82c93a-5096-4e3c-b238-41864b86efba" testId="727ae673-eb88-491f-a75a-804a8ca16dd9" testName="FormatToStringTest1000 (1799.2562459103092,1799.26 zł)" computerName="DESKTOP-5URQ9PB" duration="00:00:00.0000066" startTime="2022-06-13T21:12:10.2620995+02:00" endTime="2022-06-13T21:12:10.2621711+02:00" testType="13cdc9d9-ddb5-4fa4-a97d-d965ccfc6d4b" outcome="Passed" testListId="8c84fa94-04c1-424b-9868-57a2d4851a1d" relativeResultsDirectory="ea82c93a-5096-4e3c-b238-41864b86efba" />
    <UnitTestResult executionId="7f0f38f5-f804-4483-913a-530ca7da17bb" testId="e850ee17-41c0-4511-9ab1-928b8725347c" testName="FormatToStringTest1000 (34084.19497795599,34084.19 zł)" computerName="DESKTOP-5URQ9PB" duration="00:00:00.0000063" startTime="2022-06-13T21:12:10.4098784+02:00" endTime="2022-06-13T21:12:10.4099418+02:00" testType="13cdc9d9-ddb5-4fa4-a97d-d965ccfc6d4b" outcome="Passed" testListId="8c84fa94-04c1-424b-9868-57a2d4851a1d" relativeResultsDirectory="7f0f38f5-f804-4483-913a-530ca7da17bb" />
    <UnitTestResult executionId="b8eed75e-0e07-4550-81cd-8880a26f858f" testId="1ff4eee3-6305-4a31-ac02-05bc802ac617" testName="FormatToStringTest1000 (32051.900532446758,32051.90 zł)" computerName="DESKTOP-5URQ9PB" duration="00:00:00.0000160" startTime="2022-06-13T21:12:10.1508133+02:00" endTime="2022-06-13T21:12:10.1510452+02:00" testType="13cdc9d9-ddb5-4fa4-a97d-d965ccfc6d4b" outcome="Passed" testListId="8c84fa94-04c1-424b-9868-57a2d4851a1d" relativeResultsDirectory="b8eed75e-0e07-4550-81cd-8880a26f858f" />
    <UnitTestResult executionId="80ad97ee-64e7-4177-b13d-e49f6def2fe3" testId="c5977c51-0331-4667-a481-748b26b6d1e2" testName="FormatToStringTest1000 (1662.8482664818168,1662.85 zł)" computerName="DESKTOP-5URQ9PB" duration="00:00:00.0000076" startTime="2022-06-13T21:12:10.3314432+02:00" endTime="2022-06-13T21:12:10.3315265+02:00" testType="13cdc9d9-ddb5-4fa4-a97d-d965ccfc6d4b" outcome="Passed" testListId="8c84fa94-04c1-424b-9868-57a2d4851a1d" relativeResultsDirectory="80ad97ee-64e7-4177-b13d-e49f6def2fe3" />
    <UnitTestResult executionId="24dfc7bd-4ef9-44c5-bbcd-41134def887c" testId="c18f1c8c-40c9-47e4-a1b1-660b858e8cac" testName="FormatToStringTest1000 (1896.1704506483723,1896.17 zł)" computerName="DESKTOP-5URQ9PB" duration="00:00:00.0000063" startTime="2022-06-13T21:12:10.1951691+02:00" endTime="2022-06-13T21:12:10.1952477+02:00" testType="13cdc9d9-ddb5-4fa4-a97d-d965ccfc6d4b" outcome="Passed" testListId="8c84fa94-04c1-424b-9868-57a2d4851a1d" relativeResultsDirectory="24dfc7bd-4ef9-44c5-bbcd-41134def887c" />
    <UnitTestResult executionId="bd218bde-eaa4-4032-b230-f5b388f00c70" testId="c6e1e18e-6e1b-47f5-8059-8d66df8e535c" testName="FormatToStringTest1000 (49256.65708813195,49256.66 zł)" computerName="DESKTOP-5URQ9PB" duration="00:00:00.0000063" startTime="2022-06-13T21:12:10.3400965+02:00" endTime="2022-06-13T21:12:10.3401607+02:00" testType="13cdc9d9-ddb5-4fa4-a97d-d965ccfc6d4b" outcome="Passed" testListId="8c84fa94-04c1-424b-9868-57a2d4851a1d" relativeResultsDirectory="bd218bde-eaa4-4032-b230-f5b388f00c70" />
    <UnitTestResult executionId="1b44cb95-ef42-43bb-8239-f2121c4ba68b" testId="7882cddc-6dcc-4167-8b88-62728b9e636c" testName="FormatToStringTest1000 (88489.14069749469,88489.14 zł)" computerName="DESKTOP-5URQ9PB" duration="00:00:00.0000084" startTime="2022-06-13T21:12:10.4073230+02:00" endTime="2022-06-13T21:12:10.4074043+02:00" testType="13cdc9d9-ddb5-4fa4-a97d-d965ccfc6d4b" outcome="Passed" testListId="8c84fa94-04c1-424b-9868-57a2d4851a1d" relativeResultsDirectory="1b44cb95-ef42-43bb-8239-f2121c4ba68b" />
    <UnitTestResult executionId="21ae88bf-9c93-4576-b9ca-b76b98b772cf" testId="fc2d092b-8fc1-41c9-a7c9-adf080a71e70" testName="FormatToStringTest1000 (13455.521105358153,13455.52 zł)" computerName="DESKTOP-5URQ9PB" duration="00:00:00.0000062" startTime="2022-06-13T21:12:10.3691459+02:00" endTime="2022-06-13T21:12:10.3692099+02:00" testType="13cdc9d9-ddb5-4fa4-a97d-d965ccfc6d4b" outcome="Passed" testListId="8c84fa94-04c1-424b-9868-57a2d4851a1d" relativeResultsDirectory="21ae88bf-9c93-4576-b9ca-b76b98b772cf" />
    <UnitTestResult executionId="ceda2a9a-3c4e-4322-8f3b-6e916b8f4351" testId="792235a0-1f29-4caa-aef2-18a7b767b95a" testName="FormatToStringTest1000 (15742.409864349947,15742.41 zł)" computerName="DESKTOP-5URQ9PB" duration="00:00:00.0000063" startTime="2022-06-13T21:12:10.3111577+02:00" endTime="2022-06-13T21:12:10.3112250+02:00" testType="13cdc9d9-ddb5-4fa4-a97d-d965ccfc6d4b" outcome="Passed" testListId="8c84fa94-04c1-424b-9868-57a2d4851a1d" relativeResultsDirectory="ceda2a9a-3c4e-4322-8f3b-6e916b8f4351" />
    <UnitTestResult executionId="3f4bf344-fba5-4148-b34b-63cb80dd694a" testId="e353d683-730a-4b01-8a25-5fdcbe83773a" testName="FormatToStringTest1000 (30499.08272379734,30499.08 zł)" computerName="DESKTOP-5URQ9PB" duration="00:00:00.0000065" startTime="2022-06-13T21:12:10.3579367+02:00" endTime="2022-06-13T21:12:10.3580020+02:00" testType="13cdc9d9-ddb5-4fa4-a97d-d965ccfc6d4b" outcome="Passed" testListId="8c84fa94-04c1-424b-9868-57a2d4851a1d" relativeResultsDirectory="3f4bf344-fba5-4148-b34b-63cb80dd694a" />
    <UnitTestResult executionId="01410ebf-4c87-45bd-96fb-f2dc389ea83a" testId="d1cadbe3-6f83-4a38-9ed9-6038471a61c8" testName="FormatToStringTest1000 (34145.534199603615,34145.53 zł)" computerName="DESKTOP-5URQ9PB" duration="00:00:00.0000073" startTime="2022-06-13T21:12:10.3423282+02:00" endTime="2022-06-13T21:12:10.3423943+02:00" testType="13cdc9d9-ddb5-4fa4-a97d-d965ccfc6d4b" outcome="Passed" testListId="8c84fa94-04c1-424b-9868-57a2d4851a1d" relativeResultsDirectory="01410ebf-4c87-45bd-96fb-f2dc389ea83a" />
    <UnitTestResult executionId="65526217-01b0-4d0c-bf34-510d6b074382" testId="feadf99d-0057-4f2a-84f0-46234dc57079" testName="FormatToStringTest1000 (18023.78504577455,18023.79 zł)" computerName="DESKTOP-5URQ9PB" duration="00:00:00.0000063" startTime="2022-06-13T21:12:10.1786271+02:00" endTime="2022-06-13T21:12:10.1786948+02:00" testType="13cdc9d9-ddb5-4fa4-a97d-d965ccfc6d4b" outcome="Passed" testListId="8c84fa94-04c1-424b-9868-57a2d4851a1d" relativeResultsDirectory="65526217-01b0-4d0c-bf34-510d6b074382" />
    <UnitTestResult executionId="572e998c-abd6-4326-93ff-5a3c7dd6141b" testId="a2621c79-c1d6-4eb4-beb9-29e80fc9d7b6" testName="FormatToStringTest1000 (1821.7083499085663,1821.71 zł)" computerName="DESKTOP-5URQ9PB" duration="00:00:00.0000070" startTime="2022-06-13T21:12:10.3748586+02:00" endTime="2022-06-13T21:12:10.3749337+02:00" testType="13cdc9d9-ddb5-4fa4-a97d-d965ccfc6d4b" outcome="Passed" testListId="8c84fa94-04c1-424b-9868-57a2d4851a1d" relativeResultsDirectory="572e998c-abd6-4326-93ff-5a3c7dd6141b" />
    <UnitTestResult executionId="e4703f56-0ed1-4ca0-afb0-d329eb7a04d4" testId="86ff391c-c9d6-4434-b8a1-e2923280f3f9" testName="FormatToStringTest1000 (65204.90483536055,65204.90 zł)" computerName="DESKTOP-5URQ9PB" duration="00:00:00.0000070" startTime="2022-06-13T21:12:10.3980446+02:00" endTime="2022-06-13T21:12:10.3981202+02:00" testType="13cdc9d9-ddb5-4fa4-a97d-d965ccfc6d4b" outcome="Passed" testListId="8c84fa94-04c1-424b-9868-57a2d4851a1d" relativeResultsDirectory="e4703f56-0ed1-4ca0-afb0-d329eb7a04d4" />
    <UnitTestResult executionId="b9865faa-24e2-44f9-ba7b-e559b62410ba" testId="c662d86d-adb5-4982-9584-b617a717dfde" testName="FormatToStringTest1000 (22197.731451777618,22197.73 zł)" computerName="DESKTOP-5URQ9PB" duration="00:00:00.0000063" startTime="2022-06-13T21:12:10.2748218+02:00" endTime="2022-06-13T21:12:10.2748896+02:00" testType="13cdc9d9-ddb5-4fa4-a97d-d965ccfc6d4b" outcome="Passed" testListId="8c84fa94-04c1-424b-9868-57a2d4851a1d" relativeResultsDirectory="b9865faa-24e2-44f9-ba7b-e559b62410ba" />
    <UnitTestResult executionId="a17e5ac1-6df8-4132-860e-3df3630f86cd" testId="1cec9da2-dcc5-4c47-893d-e4523410a0d2" testName="FormatToStringTest1000 (25272.05048361283,25272.05 zł)" computerName="DESKTOP-5URQ9PB" duration="00:00:00.0000062" startTime="2022-06-13T21:12:10.3885214+02:00" endTime="2022-06-13T21:12:10.3885850+02:00" testType="13cdc9d9-ddb5-4fa4-a97d-d965ccfc6d4b" outcome="Passed" testListId="8c84fa94-04c1-424b-9868-57a2d4851a1d" relativeResultsDirectory="a17e5ac1-6df8-4132-860e-3df3630f86cd" />
    <UnitTestResult executionId="064f1e0d-b51f-40f3-827b-8fe5dbc70763" testId="a5ccaa80-9a52-4faa-82dc-5d1418d20098" testName="FormatToStringTest1000 (37889.10086727193,37889.10 zł)" computerName="DESKTOP-5URQ9PB" duration="00:00:00.0000098" startTime="2022-06-13T21:12:10.1250122+02:00" endTime="2022-06-13T21:12:10.1250896+02:00" testType="13cdc9d9-ddb5-4fa4-a97d-d965ccfc6d4b" outcome="Passed" testListId="8c84fa94-04c1-424b-9868-57a2d4851a1d" relativeResultsDirectory="064f1e0d-b51f-40f3-827b-8fe5dbc70763" />
    <UnitTestResult executionId="0878e16f-363c-4ba8-851b-c13f1995d5bf" testId="4af5cb3d-c248-48ab-8835-6579c405a200" testName="FormatToStringTest1000 (45299.778512198376,45299.78 zł)" computerName="DESKTOP-5URQ9PB" duration="00:00:00.0000065" startTime="2022-06-13T21:12:10.3447595+02:00" endTime="2022-06-13T21:12:10.3448296+02:00" testType="13cdc9d9-ddb5-4fa4-a97d-d965ccfc6d4b" outcome="Passed" testListId="8c84fa94-04c1-424b-9868-57a2d4851a1d" relativeResultsDirectory="0878e16f-363c-4ba8-851b-c13f1995d5bf" />
    <UnitTestResult executionId="8c19e22d-e60f-4cc0-8441-ad2a0828e91e" testId="f1b228e5-1ce4-43a4-b90c-0c0db35a32a8" testName="FormatToStringTest1000 (51529.79033960206,51529.79 zł)" computerName="DESKTOP-5URQ9PB" duration="00:00:00.0000063" startTime="2022-06-13T21:12:10.3947463+02:00" endTime="2022-06-13T21:12:10.3948095+02:00" testType="13cdc9d9-ddb5-4fa4-a97d-d965ccfc6d4b" outcome="Passed" testListId="8c84fa94-04c1-424b-9868-57a2d4851a1d" relativeResultsDirectory="8c19e22d-e60f-4cc0-8441-ad2a0828e91e" />
    <UnitTestResult executionId="715dfb7e-2ccb-451f-8e03-e88889f1603a" testId="c9b7dc6a-5322-40dd-97ac-d90aca02c124" testName="FormatToStringTest1000 (7890.044272348771,7890.04 zł)" computerName="DESKTOP-5URQ9PB" duration="00:00:00.0000261" startTime="2022-06-13T21:12:10.2931454+02:00" endTime="2022-06-13T21:12:10.2933231+02:00" testType="13cdc9d9-ddb5-4fa4-a97d-d965ccfc6d4b" outcome="Passed" testListId="8c84fa94-04c1-424b-9868-57a2d4851a1d" relativeResultsDirectory="715dfb7e-2ccb-451f-8e03-e88889f1603a" />
    <UnitTestResult executionId="43d55bdd-7540-4694-8aa4-246e6f08af24" testId="56c033e5-cbbf-45fb-b223-139048ea172e" testName="FormatToStringTest1000 (96022.24851977557,96022.25 zł)" computerName="DESKTOP-5URQ9PB" duration="00:00:00.0000062" startTime="2022-06-13T21:12:10.3518040+02:00" endTime="2022-06-13T21:12:10.3518668+02:00" testType="13cdc9d9-ddb5-4fa4-a97d-d965ccfc6d4b" outcome="Passed" testListId="8c84fa94-04c1-424b-9868-57a2d4851a1d" relativeResultsDirectory="43d55bdd-7540-4694-8aa4-246e6f08af24" />
    <UnitTestResult executionId="fe20d294-4aec-42f2-b62a-d64c9508eb71" testId="a4d34b89-b9c6-48bf-8638-42b7c691122c" testName="FormatToStringTest1000 (28298.945361683585,28298.95 zł)" computerName="DESKTOP-5URQ9PB" duration="00:00:00.0000505" startTime="2022-06-13T21:12:10.2840047+02:00" endTime="2022-06-13T21:12:10.2846429+02:00" testType="13cdc9d9-ddb5-4fa4-a97d-d965ccfc6d4b" outcome="Passed" testListId="8c84fa94-04c1-424b-9868-57a2d4851a1d" relativeResultsDirectory="fe20d294-4aec-42f2-b62a-d64c9508eb71" />
    <UnitTestResult executionId="d478d924-93a5-4e5d-9df2-21d49033d0fe" testId="9146436c-d29d-494f-a456-673f9aed9910" testName="FormatToStringTest1000 (78519.41691976106,78519.42 zł)" computerName="DESKTOP-5URQ9PB" duration="00:00:00.0000064" startTime="2022-06-13T21:12:10.3385048+02:00" endTime="2022-06-13T21:12:10.3385690+02:00" testType="13cdc9d9-ddb5-4fa4-a97d-d965ccfc6d4b" outcome="Passed" testListId="8c84fa94-04c1-424b-9868-57a2d4851a1d" relativeResultsDirectory="d478d924-93a5-4e5d-9df2-21d49033d0fe" />
    <UnitTestResult executionId="526167b4-45bb-4101-a4bc-32a72ce505a9" testId="691d1f93-7ab3-4c0c-b07e-6e40333dea72" testName="FormatToStringTest1000 (6890.028458985514,6890.03 zł)" computerName="DESKTOP-5URQ9PB" duration="00:00:00.0000081" startTime="2022-06-13T21:12:10.0979386+02:00" endTime="2022-06-13T21:12:10.0980335+02:00" testType="13cdc9d9-ddb5-4fa4-a97d-d965ccfc6d4b" outcome="Passed" testListId="8c84fa94-04c1-424b-9868-57a2d4851a1d" relativeResultsDirectory="526167b4-45bb-4101-a4bc-32a72ce505a9" />
    <UnitTestResult executionId="ab5c93c8-636c-4bbb-82f0-5b51918a9e95" testId="a157efee-a007-4e65-aac0-b83e3456c0e6" testName="FormatToStringTest1000 (32213.734885384205,32213.73 zł)" computerName="DESKTOP-5URQ9PB" duration="00:00:00.0000075" startTime="2022-06-13T21:12:10.3476234+02:00" endTime="2022-06-13T21:12:10.3476923+02:00" testType="13cdc9d9-ddb5-4fa4-a97d-d965ccfc6d4b" outcome="Passed" testListId="8c84fa94-04c1-424b-9868-57a2d4851a1d" relativeResultsDirectory="ab5c93c8-636c-4bbb-82f0-5b51918a9e95" />
    <UnitTestResult executionId="1298fe51-6d0b-4fe5-97d3-e81e743c3ff8" testId="caa5bd02-9f41-4972-adc4-6898241b4194" testName="FormatToStringTest1000 (9774.341362926803,9774.34 zł)" computerName="DESKTOP-5URQ9PB" duration="00:00:00.0000072" startTime="2022-06-13T21:12:10.1424155+02:00" endTime="2022-06-13T21:12:10.1424837+02:00" testType="13cdc9d9-ddb5-4fa4-a97d-d965ccfc6d4b" outcome="Passed" testListId="8c84fa94-04c1-424b-9868-57a2d4851a1d" relativeResultsDirectory="1298fe51-6d0b-4fe5-97d3-e81e743c3ff8" />
    <UnitTestResult executionId="59533df0-4f55-486f-a94f-403cb41a6c70" testId="cd72de38-d419-4e04-b45e-929d507577b8" testName="FormatToStringTest1000 (22831.975917587977,22831.98 zł)" computerName="DESKTOP-5URQ9PB" duration="00:00:00.0000255" startTime="2022-06-13T21:12:10.2935842+02:00" endTime="2022-06-13T21:12:10.2937644+02:00" testType="13cdc9d9-ddb5-4fa4-a97d-d965ccfc6d4b" outcome="Passed" testListId="8c84fa94-04c1-424b-9868-57a2d4851a1d" relativeResultsDirectory="59533df0-4f55-486f-a94f-403cb41a6c70" />
    <UnitTestResult executionId="b2bc0d6c-0699-4080-822e-f0203b512b2e" testId="f685f81f-7d5b-4c19-b739-f5562228d936" testName="FormatToStringTest1000 (37160.85331540269,37160.85 zł)" computerName="DESKTOP-5URQ9PB" duration="00:00:00.0000063" startTime="2022-06-13T21:12:10.1454355+02:00" endTime="2022-06-13T21:12:10.1455044+02:00" testType="13cdc9d9-ddb5-4fa4-a97d-d965ccfc6d4b" outcome="Passed" testListId="8c84fa94-04c1-424b-9868-57a2d4851a1d" relativeResultsDirectory="b2bc0d6c-0699-4080-822e-f0203b512b2e" />
    <UnitTestResult executionId="786b014a-951c-4e7f-b29a-35e3850f7201" testId="2681657b-c4ec-4812-b2cc-1ab09c4cf2f5" testName="FormatToStringTest1000 (19519.4298413505,19519.43 zł)" computerName="DESKTOP-5URQ9PB" duration="00:00:00.0000065" startTime="2022-06-13T21:12:10.3813926+02:00" endTime="2022-06-13T21:12:10.3814541+02:00" testType="13cdc9d9-ddb5-4fa4-a97d-d965ccfc6d4b" outcome="Passed" testListId="8c84fa94-04c1-424b-9868-57a2d4851a1d" relativeResultsDirectory="786b014a-951c-4e7f-b29a-35e3850f7201" />
    <UnitTestResult executionId="402ce586-1d56-47e5-8dcf-8f47244f3909" testId="641704cc-1bdc-4226-bb1d-a5f436333593" testName="FormatToStringTest1000 (19210.519530370144,19210.52 zł)" computerName="DESKTOP-5URQ9PB" duration="00:00:00.0000063" startTime="2022-06-13T21:12:10.3183041+02:00" endTime="2022-06-13T21:12:10.3183694+02:00" testType="13cdc9d9-ddb5-4fa4-a97d-d965ccfc6d4b" outcome="Passed" testListId="8c84fa94-04c1-424b-9868-57a2d4851a1d" relativeResultsDirectory="402ce586-1d56-47e5-8dcf-8f47244f3909" />
    <UnitTestResult executionId="8ec78847-91d8-44e8-94ac-236425da35da" testId="9f4ed18b-87da-49af-a07d-4e0667f7bc4a" testName="FormatToStringTest1000 (1860.3356292016504,1860.34 zł)" computerName="DESKTOP-5URQ9PB" duration="00:00:00.0000068" startTime="2022-06-13T21:12:10.2718301+02:00" endTime="2022-06-13T21:12:10.2718981+02:00" testType="13cdc9d9-ddb5-4fa4-a97d-d965ccfc6d4b" outcome="Passed" testListId="8c84fa94-04c1-424b-9868-57a2d4851a1d" relativeResultsDirectory="8ec78847-91d8-44e8-94ac-236425da35da" />
    <UnitTestResult executionId="73ef200a-926c-48f4-8f5a-7bb58a4cce63" testId="6c351f28-b6fb-4e47-85f4-3d480f733b1b" testName="FormatToStringTest1000 (15861.139287455073,15861.14 zł)" computerName="DESKTOP-5URQ9PB" duration="00:00:00.0000076" startTime="2022-06-13T21:12:10.1986652+02:00" endTime="2022-06-13T21:12:10.1987799+02:00" testType="13cdc9d9-ddb5-4fa4-a97d-d965ccfc6d4b" outcome="Passed" testListId="8c84fa94-04c1-424b-9868-57a2d4851a1d" relativeResultsDirectory="73ef200a-926c-48f4-8f5a-7bb58a4cce63" />
    <UnitTestResult executionId="618bc822-ca42-4a34-bc25-c2f03b4c93be" testId="fa8c2598-7ed6-488b-b3e7-9135030ec1dd" testName="FormatToStringTest1000 (28192.949128067565,28192.95 zł)" computerName="DESKTOP-5URQ9PB" duration="00:00:00.0000090" startTime="2022-06-13T21:12:10.0976493+02:00" endTime="2022-06-13T21:12:10.0977529+02:00" testType="13cdc9d9-ddb5-4fa4-a97d-d965ccfc6d4b" outcome="Passed" testListId="8c84fa94-04c1-424b-9868-57a2d4851a1d" relativeResultsDirectory="618bc822-ca42-4a34-bc25-c2f03b4c93be" />
    <UnitTestResult executionId="4c61cf08-b78b-4830-9883-ff88e4d3df61" testId="42e69eec-c700-447b-bf1d-29e3cc33b144" testName="FormatToStringTest1000 (100.45267071130345,100.45 zł)" computerName="DESKTOP-5URQ9PB" duration="00:00:00.0000063" startTime="2022-06-13T21:12:10.1681922+02:00" endTime="2022-06-13T21:12:10.1682587+02:00" testType="13cdc9d9-ddb5-4fa4-a97d-d965ccfc6d4b" outcome="Passed" testListId="8c84fa94-04c1-424b-9868-57a2d4851a1d" relativeResultsDirectory="4c61cf08-b78b-4830-9883-ff88e4d3df61" />
    <UnitTestResult executionId="0d191c3d-dc39-4b46-8c67-4df54a28545f" testId="5be4ed66-d878-4956-b3d5-6c287e4ec928" testName="FormatToStringTest1000 (15313.083673952653,15313.08 zł)" computerName="DESKTOP-5URQ9PB" duration="00:00:00.0000074" startTime="2022-06-13T21:12:10.2243083+02:00" endTime="2022-06-13T21:12:10.2243949+02:00" testType="13cdc9d9-ddb5-4fa4-a97d-d965ccfc6d4b" outcome="Passed" testListId="8c84fa94-04c1-424b-9868-57a2d4851a1d" relativeResultsDirectory="0d191c3d-dc39-4b46-8c67-4df54a28545f" />
    <UnitTestResult executionId="f470ec3d-a24c-4e37-9541-61dd754b67b8" testId="a473bf7c-9a16-4a79-98aa-f03834b3155d" testName="FormatToStringTest1000 (27506.397047390416,27506.40 zł)" computerName="DESKTOP-5URQ9PB" duration="00:00:00.0000061" startTime="2022-06-13T21:12:10.1585095+02:00" endTime="2022-06-13T21:12:10.1585769+02:00" testType="13cdc9d9-ddb5-4fa4-a97d-d965ccfc6d4b" outcome="Passed" testListId="8c84fa94-04c1-424b-9868-57a2d4851a1d" relativeResultsDirectory="f470ec3d-a24c-4e37-9541-61dd754b67b8" />
    <UnitTestResult executionId="c9466a74-4a25-4214-a430-d527c48d519b" testId="75e1c892-ded0-4f56-bfe7-47ccf556b3b7" testName="FormatToStringTest1000 (4555.538255205163,4555.54 zł)" computerName="DESKTOP-5URQ9PB" duration="00:00:00.0000073" startTime="2022-06-13T21:12:10.2181432+02:00" endTime="2022-06-13T21:12:10.2182243+02:00" testType="13cdc9d9-ddb5-4fa4-a97d-d965ccfc6d4b" outcome="Passed" testListId="8c84fa94-04c1-424b-9868-57a2d4851a1d" relativeResultsDirectory="c9466a74-4a25-4214-a430-d527c48d519b" />
    <UnitTestResult executionId="829ca46c-0b46-45ea-89cf-aa89b018de7f" testId="ac7650d1-3fb9-4ce4-83fb-44f1d0d91699" testName="FormatToStringTest1000 (19103.831635461574,19103.83 zł)" computerName="DESKTOP-5URQ9PB" duration="00:00:00.0000404" startTime="2022-06-13T21:12:10.2905814+02:00" endTime="2022-06-13T21:12:10.2910172+02:00" testType="13cdc9d9-ddb5-4fa4-a97d-d965ccfc6d4b" outcome="Passed" testListId="8c84fa94-04c1-424b-9868-57a2d4851a1d" relativeResultsDirectory="829ca46c-0b46-45ea-89cf-aa89b018de7f" />
    <UnitTestResult executionId="1a8e0d27-e580-4d1d-af59-dd6e3401c7a6" testId="605c28af-c075-4a31-b810-60f4ccd7d9f1" testName="FormatToStringTest1000 (36047.83545033672,36047.84 zł)" computerName="DESKTOP-5URQ9PB" duration="00:00:00.0000064" startTime="2022-06-13T21:12:10.3477913+02:00" endTime="2022-06-13T21:12:10.3478557+02:00" testType="13cdc9d9-ddb5-4fa4-a97d-d965ccfc6d4b" outcome="Passed" testListId="8c84fa94-04c1-424b-9868-57a2d4851a1d" relativeResultsDirectory="1a8e0d27-e580-4d1d-af59-dd6e3401c7a6" />
    <UnitTestResult executionId="5e326ae2-667d-4ac6-98af-ad9c207cb5e1" testId="55977df6-403c-4983-ab2e-29ea3c96a7d7" testName="FormatToStringTest1000 (26529.10838037036,26529.11 zł)" computerName="DESKTOP-5URQ9PB" duration="00:00:00.0000064" startTime="2022-06-13T21:12:10.4002361+02:00" endTime="2022-06-13T21:12:10.4003003+02:00" testType="13cdc9d9-ddb5-4fa4-a97d-d965ccfc6d4b" outcome="Passed" testListId="8c84fa94-04c1-424b-9868-57a2d4851a1d" relativeResultsDirectory="5e326ae2-667d-4ac6-98af-ad9c207cb5e1" />
    <UnitTestResult executionId="3afff069-a4c7-4a12-b880-0088a15a31cf" testId="1c472241-df2a-449f-b760-b383e82567f4" testName="FormatToStringTest1000 (79764.77845563217,79764.78 zł)" computerName="DESKTOP-5URQ9PB" duration="00:00:00.0000096" startTime="2022-06-13T21:12:10.1877564+02:00" endTime="2022-06-13T21:12:10.1878390+02:00" testType="13cdc9d9-ddb5-4fa4-a97d-d965ccfc6d4b" outcome="Passed" testListId="8c84fa94-04c1-424b-9868-57a2d4851a1d" relativeResultsDirectory="3afff069-a4c7-4a12-b880-0088a15a31cf" />
    <UnitTestResult executionId="5e1c2d8c-04ad-44b9-93cf-5899da09da95" testId="d6738970-aadf-4c13-af6b-888ab0e1af6c" testName="FormatToStringTest1000 (36969.98585167247,36969.99 zł)" computerName="DESKTOP-5URQ9PB" duration="00:00:00.0000062" startTime="2022-06-13T21:12:10.1615212+02:00" endTime="2022-06-13T21:12:10.1615882+02:00" testType="13cdc9d9-ddb5-4fa4-a97d-d965ccfc6d4b" outcome="Passed" testListId="8c84fa94-04c1-424b-9868-57a2d4851a1d" relativeResultsDirectory="5e1c2d8c-04ad-44b9-93cf-5899da09da95" />
    <UnitTestResult executionId="a9c0096b-76c5-4472-a292-ca542c82b301" testId="15c23cf0-034e-4543-8e12-3ad89fc8b549" testName="FormatToStringTest1000 (23612.114499758984,23612.11 zł)" computerName="DESKTOP-5URQ9PB" duration="00:00:00.0000062" startTime="2022-06-13T21:12:10.1914273+02:00" endTime="2022-06-13T21:12:10.1915012+02:00" testType="13cdc9d9-ddb5-4fa4-a97d-d965ccfc6d4b" outcome="Passed" testListId="8c84fa94-04c1-424b-9868-57a2d4851a1d" relativeResultsDirectory="a9c0096b-76c5-4472-a292-ca542c82b301" />
    <UnitTestResult executionId="db222820-5570-4260-a73a-002ef33529f0" testId="d3426c9b-e4ca-43d3-8241-68557a33cc4a" testName="FormatToStringTest1000 (11922.837782177532,11922.84 zł)" computerName="DESKTOP-5URQ9PB" duration="00:00:00.0000061" startTime="2022-06-13T21:12:10.2153440+02:00" endTime="2022-06-13T21:12:10.2154105+02:00" testType="13cdc9d9-ddb5-4fa4-a97d-d965ccfc6d4b" outcome="Passed" testListId="8c84fa94-04c1-424b-9868-57a2d4851a1d" relativeResultsDirectory="db222820-5570-4260-a73a-002ef33529f0" />
    <UnitTestResult executionId="dfe453f8-eff1-4ebc-9479-243d2a1804be" testId="6be871d8-0e71-490b-b6ac-3a0cdecd716c" testName="FormatToStringTest1000 (1614.2516601789982,1614.25 zł)" computerName="DESKTOP-5URQ9PB" duration="00:00:00.0000082" startTime="2022-06-13T21:12:10.0984226+02:00" endTime="2022-06-13T21:12:10.0985157+02:00" testType="13cdc9d9-ddb5-4fa4-a97d-d965ccfc6d4b" outcome="Passed" testListId="8c84fa94-04c1-424b-9868-57a2d4851a1d" relativeResultsDirectory="dfe453f8-eff1-4ebc-9479-243d2a1804be" />
    <UnitTestResult executionId="8f238bd2-ddd5-467c-9f29-3c75729804ec" testId="a6203a71-0fcc-48f9-9eb3-50cd5ee86130" testName="FormatToStringTest1000 (3503.9809179231434,3503.98 zł)" computerName="DESKTOP-5URQ9PB" duration="00:00:00.0000063" startTime="2022-06-13T21:12:10.2687713+02:00" endTime="2022-06-13T21:12:10.2688381+02:00" testType="13cdc9d9-ddb5-4fa4-a97d-d965ccfc6d4b" outcome="Passed" testListId="8c84fa94-04c1-424b-9868-57a2d4851a1d" relativeResultsDirectory="8f238bd2-ddd5-467c-9f29-3c75729804ec" />
    <UnitTestResult executionId="1d02aac7-a5ce-4b02-8b58-e484355c1b79" testId="0f94d568-f70e-4066-a466-1978ff8c9cee" testName="FormatToStringTest1000 (73504.44700518598,73504.45 zł)" computerName="DESKTOP-5URQ9PB" duration="00:00:00.0000062" startTime="2022-06-13T21:12:10.4154540+02:00" endTime="2022-06-13T21:12:10.4155181+02:00" testType="13cdc9d9-ddb5-4fa4-a97d-d965ccfc6d4b" outcome="Passed" testListId="8c84fa94-04c1-424b-9868-57a2d4851a1d" relativeResultsDirectory="1d02aac7-a5ce-4b02-8b58-e484355c1b79" />
    <UnitTestResult executionId="5c11fc6c-6b53-4617-97c0-263fff519ad0" testId="22810605-89a5-43b3-96d4-85ad376e296a" testName="FormatToStringTest1000 (54088.326214851964,54088.33 zł)" computerName="DESKTOP-5URQ9PB" duration="00:00:00.0000063" startTime="2022-06-13T21:12:10.1421548+02:00" endTime="2022-06-13T21:12:10.1422225+02:00" testType="13cdc9d9-ddb5-4fa4-a97d-d965ccfc6d4b" outcome="Passed" testListId="8c84fa94-04c1-424b-9868-57a2d4851a1d" relativeResultsDirectory="5c11fc6c-6b53-4617-97c0-263fff519ad0" />
    <UnitTestResult executionId="0fc1b28d-9411-4234-a668-f346c05bdc62" testId="ce1fe191-8023-492d-8317-1d8aca95bf4c" testName="FormatToStringTest1000 (9897.705953436767,9897.71 zł)" computerName="DESKTOP-5URQ9PB" duration="00:00:00.0000067" startTime="2022-06-13T21:12:10.3004150+02:00" endTime="2022-06-13T21:12:10.3005014+02:00" testType="13cdc9d9-ddb5-4fa4-a97d-d965ccfc6d4b" outcome="Passed" testListId="8c84fa94-04c1-424b-9868-57a2d4851a1d" relativeResultsDirectory="0fc1b28d-9411-4234-a668-f346c05bdc62" />
    <UnitTestResult executionId="c69647ec-cae8-40e6-b7ad-8b4aad02da9c" testId="f2591e6d-d7e8-486f-ba12-e32f763a43f2" testName="FormatToStringTest1000 (20237.28532723723,20237.29 zł)" computerName="DESKTOP-5URQ9PB" duration="00:00:00.0000064" startTime="2022-06-13T21:12:10.2624565+02:00" endTime="2022-06-13T21:12:10.2625263+02:00" testType="13cdc9d9-ddb5-4fa4-a97d-d965ccfc6d4b" outcome="Passed" testListId="8c84fa94-04c1-424b-9868-57a2d4851a1d" relativeResultsDirectory="c69647ec-cae8-40e6-b7ad-8b4aad02da9c" />
    <UnitTestResult executionId="5a48ee09-ca72-4e1f-bbe3-6857eadab57a" testId="a3e44791-5187-4559-bc8c-b2e92e7f90cd" testName="FormatToStringTest1000 (115.26302841131717,115.26 zł)" computerName="DESKTOP-5URQ9PB" duration="00:00:00.0000066" startTime="2022-06-13T21:12:10.1616114+02:00" endTime="2022-06-13T21:12:10.1616800+02:00" testType="13cdc9d9-ddb5-4fa4-a97d-d965ccfc6d4b" outcome="Passed" testListId="8c84fa94-04c1-424b-9868-57a2d4851a1d" relativeResultsDirectory="5a48ee09-ca72-4e1f-bbe3-6857eadab57a" />
    <UnitTestResult executionId="6e7c6c8b-f9e5-4a80-bbc7-e3090dd0edf4" testId="5fc6718c-0ebb-42a3-8c28-5ee1ef68b916" testName="FormatToStringTest1000 (30807.823896702295,30807.82 zł)" computerName="DESKTOP-5URQ9PB" duration="00:00:00.0000064" startTime="2022-06-13T21:12:10.3557799+02:00" endTime="2022-06-13T21:12:10.3558442+02:00" testType="13cdc9d9-ddb5-4fa4-a97d-d965ccfc6d4b" outcome="Passed" testListId="8c84fa94-04c1-424b-9868-57a2d4851a1d" relativeResultsDirectory="6e7c6c8b-f9e5-4a80-bbc7-e3090dd0edf4" />
    <UnitTestResult executionId="7c0c67f3-f63e-4870-b780-852cc55fb0a2" testId="9334f327-ef34-4627-b484-279d7e507cbe" testName="FormatToStringTest1000 (8697.074631143862,8697.07 zł)" computerName="DESKTOP-5URQ9PB" duration="00:00:00.0000081" startTime="2022-06-13T21:12:10.2274410+02:00" endTime="2022-06-13T21:12:10.2275472+02:00" testType="13cdc9d9-ddb5-4fa4-a97d-d965ccfc6d4b" outcome="Passed" testListId="8c84fa94-04c1-424b-9868-57a2d4851a1d" relativeResultsDirectory="7c0c67f3-f63e-4870-b780-852cc55fb0a2" />
    <UnitTestResult executionId="3cd57961-496a-4889-8598-057ff5b87c04" testId="4f59fc63-9c86-451d-8400-d3ef143fffda" testName="FormatToStringTest1000 (5810.695934967462,5810.70 zł)" computerName="DESKTOP-5URQ9PB" duration="00:00:00.0000062" startTime="2022-06-13T21:12:10.4113672+02:00" endTime="2022-06-13T21:12:10.4114314+02:00" testType="13cdc9d9-ddb5-4fa4-a97d-d965ccfc6d4b" outcome="Passed" testListId="8c84fa94-04c1-424b-9868-57a2d4851a1d" relativeResultsDirectory="3cd57961-496a-4889-8598-057ff5b87c04" />
    <UnitTestResult executionId="7dd3b547-9471-476a-9133-bfc3b08a4710" testId="40890062-22b7-4995-ac94-5a8c46eb112b" testName="FormatToStringTest1000 (27751.474436297303,27751.47 zł)" computerName="DESKTOP-5URQ9PB" duration="00:00:00.0000069" startTime="2022-06-13T21:12:10.3517233+02:00" endTime="2022-06-13T21:12:10.3517876+02:00" testType="13cdc9d9-ddb5-4fa4-a97d-d965ccfc6d4b" outcome="Passed" testListId="8c84fa94-04c1-424b-9868-57a2d4851a1d" relativeResultsDirectory="7dd3b547-9471-476a-9133-bfc3b08a4710" />
    <UnitTestResult executionId="70089dea-c0a6-468a-b0be-fdefc7ceef84" testId="9a85bd87-7b21-44f3-92fc-489c888fbe8b" testName="FormatToStringTest1000 (5108.217389855635,5108.22 zł)" computerName="DESKTOP-5URQ9PB" duration="00:00:00.0000069" startTime="2022-06-13T21:12:10.2188373+02:00" endTime="2022-06-13T21:12:10.2189048+02:00" testType="13cdc9d9-ddb5-4fa4-a97d-d965ccfc6d4b" outcome="Passed" testListId="8c84fa94-04c1-424b-9868-57a2d4851a1d" relativeResultsDirectory="70089dea-c0a6-468a-b0be-fdefc7ceef84" />
    <UnitTestResult executionId="b67368a5-5831-4430-8029-65a3f22a8abb" testId="b2b9c804-df65-4095-bc94-1432c4e352e0" testName="FormatToStringTest1000 (15129.433864736666,15129.43 zł)" computerName="DESKTOP-5URQ9PB" duration="00:00:00.0000062" startTime="2022-06-13T21:12:10.3734327+02:00" endTime="2022-06-13T21:12:10.3734960+02:00" testType="13cdc9d9-ddb5-4fa4-a97d-d965ccfc6d4b" outcome="Passed" testListId="8c84fa94-04c1-424b-9868-57a2d4851a1d" relativeResultsDirectory="b67368a5-5831-4430-8029-65a3f22a8abb" />
    <UnitTestResult executionId="64b7485f-4351-479a-ab03-a5266e3abe03" testId="442a5e42-aa6d-458d-a9f4-a5db7d4fe843" testName="FormatToStringTest1000 (30034.922435005625,30034.92 zł)" computerName="DESKTOP-5URQ9PB" duration="00:00:00.0000064" startTime="2022-06-13T21:12:10.3903259+02:00" endTime="2022-06-13T21:12:10.3903900+02:00" testType="13cdc9d9-ddb5-4fa4-a97d-d965ccfc6d4b" outcome="Passed" testListId="8c84fa94-04c1-424b-9868-57a2d4851a1d" relativeResultsDirectory="64b7485f-4351-479a-ab03-a5266e3abe03" />
    <UnitTestResult executionId="11e26df5-ad92-42d5-b7b1-b6a9377133f0" testId="9c507d7b-3a9a-4049-a8e0-6af8a009e899" testName="FormatToStringTest1000 (22330.217605518745,22330.22 zł)" computerName="DESKTOP-5URQ9PB" duration="00:00:00.0000061" startTime="2022-06-13T21:12:10.4077523+02:00" endTime="2022-06-13T21:12:10.4078160+02:00" testType="13cdc9d9-ddb5-4fa4-a97d-d965ccfc6d4b" outcome="Passed" testListId="8c84fa94-04c1-424b-9868-57a2d4851a1d" relativeResultsDirectory="11e26df5-ad92-42d5-b7b1-b6a9377133f0" />
    <UnitTestResult executionId="cc0a133e-8253-4758-9e26-89a2c2e3315a" testId="33c69e8d-1c3a-4f4a-b286-f86d0a01a004" testName="FormatToStringTest1000 (3521.3657738167635,3521.37 zł)" computerName="DESKTOP-5URQ9PB" duration="00:00:00.0000063" startTime="2022-06-13T21:12:10.1097356+02:00" endTime="2022-06-13T21:12:10.1098122+02:00" testType="13cdc9d9-ddb5-4fa4-a97d-d965ccfc6d4b" outcome="Passed" testListId="8c84fa94-04c1-424b-9868-57a2d4851a1d" relativeResultsDirectory="cc0a133e-8253-4758-9e26-89a2c2e3315a" />
    <UnitTestResult executionId="c5518daf-b996-46d9-a5ed-3875a08840db" testId="6afd5938-dbd5-478a-b551-04fbb3833901" testName="FormatToStringTest1000 (64568.131500027666,64568.13 zł)" computerName="DESKTOP-5URQ9PB" duration="00:00:00.0000068" startTime="2022-06-13T21:12:10.3582618+02:00" endTime="2022-06-13T21:12:10.3583260+02:00" testType="13cdc9d9-ddb5-4fa4-a97d-d965ccfc6d4b" outcome="Passed" testListId="8c84fa94-04c1-424b-9868-57a2d4851a1d" relativeResultsDirectory="c5518daf-b996-46d9-a5ed-3875a08840db" />
    <UnitTestResult executionId="c73d15b8-cf20-4ae6-b8ff-9c9076ad6ccb" testId="cf3b062e-a21c-4b64-98da-78cd0ddffe13" testName="FormatToStringTest1000 (43222.47958431695,43222.48 zł)" computerName="DESKTOP-5URQ9PB" duration="00:00:00.0000061" startTime="2022-06-13T21:12:10.1318374+02:00" endTime="2022-06-13T21:12:10.1319055+02:00" testType="13cdc9d9-ddb5-4fa4-a97d-d965ccfc6d4b" outcome="Passed" testListId="8c84fa94-04c1-424b-9868-57a2d4851a1d" relativeResultsDirectory="c73d15b8-cf20-4ae6-b8ff-9c9076ad6ccb" />
    <UnitTestResult executionId="664c85b2-57e6-4839-9a9c-89037285b16d" testId="77053778-bdf6-498c-81ba-ed03ceae551f" testName="FormatToStringTest1000 (20497.107923553376,20497.11 zł)" computerName="DESKTOP-5URQ9PB" duration="00:00:00.0000063" startTime="2022-06-13T21:12:10.3906568+02:00" endTime="2022-06-13T21:12:10.3907208+02:00" testType="13cdc9d9-ddb5-4fa4-a97d-d965ccfc6d4b" outcome="Passed" testListId="8c84fa94-04c1-424b-9868-57a2d4851a1d" relativeResultsDirectory="664c85b2-57e6-4839-9a9c-89037285b16d" />
    <UnitTestResult executionId="22737f5e-4f0d-4580-9123-e1ec923b04b1" testId="33b1b8df-e55e-4b70-9343-ee6cbcbbc0f7" testName="FormatToStringTest1000 (19216.446905020366,19216.45 zł)" computerName="DESKTOP-5URQ9PB" duration="00:00:00.0000062" startTime="2022-06-13T21:12:10.1320938+02:00" endTime="2022-06-13T21:12:10.1321610+02:00" testType="13cdc9d9-ddb5-4fa4-a97d-d965ccfc6d4b" outcome="Passed" testListId="8c84fa94-04c1-424b-9868-57a2d4851a1d" relativeResultsDirectory="22737f5e-4f0d-4580-9123-e1ec923b04b1" />
    <UnitTestResult executionId="cd67d1b2-a2a1-4dfa-a311-a0af182b8fd7" testId="dc47ff96-5cf5-457e-99f5-5a9fd11f62ee" testName="FormatToStringTest1000 (26015.8311952552,26015.83 zł)" computerName="DESKTOP-5URQ9PB" duration="00:00:00.0000092" startTime="2022-06-13T21:12:10.1917162+02:00" endTime="2022-06-13T21:12:10.1917899+02:00" testType="13cdc9d9-ddb5-4fa4-a97d-d965ccfc6d4b" outcome="Passed" testListId="8c84fa94-04c1-424b-9868-57a2d4851a1d" relativeResultsDirectory="cd67d1b2-a2a1-4dfa-a311-a0af182b8fd7" />
    <UnitTestResult executionId="14487586-2356-42dc-9ab0-e008a293fdb7" testId="35fae332-33d6-4e58-9f8b-d60991adc7f7" testName="FormatToStringTest1000 (20321.03715103913,20321.04 zł)" computerName="DESKTOP-5URQ9PB" duration="00:00:00.0000062" startTime="2022-06-13T21:12:10.2246764+02:00" endTime="2022-06-13T21:12:10.2247431+02:00" testType="13cdc9d9-ddb5-4fa4-a97d-d965ccfc6d4b" outcome="Passed" testListId="8c84fa94-04c1-424b-9868-57a2d4851a1d" relativeResultsDirectory="14487586-2356-42dc-9ab0-e008a293fdb7" />
    <UnitTestResult executionId="e870edb6-9750-4764-9557-c79e828b156d" testId="189b8d1b-fb3a-4b96-8cf5-922118ae6081" testName="FormatToStringTest1000 (19463.08761954917,19463.09 zł)" computerName="DESKTOP-5URQ9PB" duration="00:00:00.0000065" startTime="2022-06-13T21:12:10.3007618+02:00" endTime="2022-06-13T21:12:10.3008404+02:00" testType="13cdc9d9-ddb5-4fa4-a97d-d965ccfc6d4b" outcome="Passed" testListId="8c84fa94-04c1-424b-9868-57a2d4851a1d" relativeResultsDirectory="e870edb6-9750-4764-9557-c79e828b156d" />
    <UnitTestResult executionId="c917f711-fb87-4be3-b2b5-da6d23b4ff48" testId="31fe6879-c0ff-4e5c-947a-b265de2e3c6d" testName="FormatToStringTest1000 (1325.1625259114255,1325.16 zł)" computerName="DESKTOP-5URQ9PB" duration="00:00:00.0000065" startTime="2022-06-13T21:12:10.3223220+02:00" endTime="2022-06-13T21:12:10.3223940+02:00" testType="13cdc9d9-ddb5-4fa4-a97d-d965ccfc6d4b" outcome="Passed" testListId="8c84fa94-04c1-424b-9868-57a2d4851a1d" relativeResultsDirectory="c917f711-fb87-4be3-b2b5-da6d23b4ff48" />
    <UnitTestResult executionId="4d6da111-2e7b-4c58-8780-4eb1204481c6" testId="fa049f0c-079d-4259-909d-f4e504ff2ad5" testName="FormatToStringTest1000 (45455.14554704127,45455.15 zł)" computerName="DESKTOP-5URQ9PB" duration="00:00:00.0000061" startTime="2022-06-13T21:12:10.2353966+02:00" endTime="2022-06-13T21:12:10.2354635+02:00" testType="13cdc9d9-ddb5-4fa4-a97d-d965ccfc6d4b" outcome="Passed" testListId="8c84fa94-04c1-424b-9868-57a2d4851a1d" relativeResultsDirectory="4d6da111-2e7b-4c58-8780-4eb1204481c6" />
    <UnitTestResult executionId="8557da86-2232-4503-9694-657ffe3a438d" testId="887e4d41-237d-45fc-b859-fdb5f2921599" testName="FormatToStringTest1000 (6809.40195803037,6809.40 zł)" computerName="DESKTOP-5URQ9PB" duration="00:00:00.0000218" startTime="2022-06-13T21:12:10.0397468+02:00" endTime="2022-06-13T21:12:10.0399903+02:00" testType="13cdc9d9-ddb5-4fa4-a97d-d965ccfc6d4b" outcome="Passed" testListId="8c84fa94-04c1-424b-9868-57a2d4851a1d" relativeResultsDirectory="8557da86-2232-4503-9694-657ffe3a438d" />
    <UnitTestResult executionId="5b3419f9-6906-4e8e-b800-28c974f4f1c4" testId="3b28907a-3001-4b31-ad21-177edbd6733a" testName="FormatToStringTest1000 (6313.543884690639,6313.54 zł)" computerName="DESKTOP-5URQ9PB" duration="00:00:00.0000062" startTime="2022-06-13T21:12:10.2479284+02:00" endTime="2022-06-13T21:12:10.2479947+02:00" testType="13cdc9d9-ddb5-4fa4-a97d-d965ccfc6d4b" outcome="Passed" testListId="8c84fa94-04c1-424b-9868-57a2d4851a1d" relativeResultsDirectory="5b3419f9-6906-4e8e-b800-28c974f4f1c4" />
    <UnitTestResult executionId="152e4cd2-50e7-4af1-a925-3b59cf646d19" testId="657b8297-148a-4ea5-bdca-5878af2b4cf8" testName="FormatToStringTest1000 (29678.921519093645,29678.92 zł)" computerName="DESKTOP-5URQ9PB" duration="00:00:00.0000062" startTime="2022-06-13T21:12:10.3133721+02:00" endTime="2022-06-13T21:12:10.3134417+02:00" testType="13cdc9d9-ddb5-4fa4-a97d-d965ccfc6d4b" outcome="Passed" testListId="8c84fa94-04c1-424b-9868-57a2d4851a1d" relativeResultsDirectory="152e4cd2-50e7-4af1-a925-3b59cf646d19" />
    <UnitTestResult executionId="7bee7e93-2fbb-4ec5-b150-8f370d7caa46" testId="0448f945-f5e3-4657-9d5c-93e0cd59578d" testName="FormatToStringTest1000 (20640.678251201603,20640.68 zł)" computerName="DESKTOP-5URQ9PB" duration="00:00:00.0000451" startTime="2022-06-13T21:12:10.2854015+02:00" endTime="2022-06-13T21:12:10.2858838+02:00" testType="13cdc9d9-ddb5-4fa4-a97d-d965ccfc6d4b" outcome="Passed" testListId="8c84fa94-04c1-424b-9868-57a2d4851a1d" relativeResultsDirectory="7bee7e93-2fbb-4ec5-b150-8f370d7caa46" />
    <UnitTestResult executionId="07edc55c-ce87-49e7-b0cc-4e8152417aaf" testId="489fb65e-8ee5-4e85-bf1e-6abb0a88916f" testName="FormatToStringTest1000 (10461.455048841171,10461.46 zł)" computerName="DESKTOP-5URQ9PB" duration="00:00:00.0000064" startTime="2022-06-13T21:12:10.2245859+02:00" endTime="2022-06-13T21:12:10.2246580+02:00" testType="13cdc9d9-ddb5-4fa4-a97d-d965ccfc6d4b" outcome="Passed" testListId="8c84fa94-04c1-424b-9868-57a2d4851a1d" relativeResultsDirectory="07edc55c-ce87-49e7-b0cc-4e8152417aaf" />
    <UnitTestResult executionId="72d42641-e543-4e2a-8477-7a2ea5fbd872" testId="c5d9a659-3828-44b5-a45d-3bad57cadab6" testName="FormatToStringTest1000 (22189.78731674132,22189.79 zł)" computerName="DESKTOP-5URQ9PB" duration="00:00:00.0000074" startTime="2022-06-13T21:12:10.3063805+02:00" endTime="2022-06-13T21:12:10.3064675+02:00" testType="13cdc9d9-ddb5-4fa4-a97d-d965ccfc6d4b" outcome="Passed" testListId="8c84fa94-04c1-424b-9868-57a2d4851a1d" relativeResultsDirectory="72d42641-e543-4e2a-8477-7a2ea5fbd872" />
    <UnitTestResult executionId="9212b08d-c656-4cce-a890-81a9569b7912" testId="7df0d4ff-f922-441b-aeb7-b95db75d8645" testName="FormatToStringTest1000 (5628.028273674672,5628.03 zł)" computerName="DESKTOP-5URQ9PB" duration="00:00:00.0000063" startTime="2022-06-13T21:12:10.0402113+02:00" endTime="2022-06-13T21:12:10.0402799+02:00" testType="13cdc9d9-ddb5-4fa4-a97d-d965ccfc6d4b" outcome="Passed" testListId="8c84fa94-04c1-424b-9868-57a2d4851a1d" relativeResultsDirectory="9212b08d-c656-4cce-a890-81a9569b7912" />
    <UnitTestResult executionId="39aacb29-76d4-40c4-b90f-83781383181f" testId="a78c073c-a7ab-4b2d-b22b-25cfaadd4d43" testName="FormatToStringTest1000 (23684.695462791573,23684.70 zł)" computerName="DESKTOP-5URQ9PB" duration="00:00:00.0000062" startTime="2022-06-13T21:12:10.3381058+02:00" endTime="2022-06-13T21:12:10.3381693+02:00" testType="13cdc9d9-ddb5-4fa4-a97d-d965ccfc6d4b" outcome="Passed" testListId="8c84fa94-04c1-424b-9868-57a2d4851a1d" relativeResultsDirectory="39aacb29-76d4-40c4-b90f-83781383181f" />
    <UnitTestResult executionId="155ebbf6-9cf8-44bc-8384-1df44b2f68cc" testId="0ccf7f50-15b6-4cdf-8946-fe8d73009546" testName="FormatToStringTest1000 (8802.811382028653,8802.81 zł)" computerName="DESKTOP-5URQ9PB" duration="00:00:00.0000070" startTime="2022-06-13T21:12:10.1752584+02:00" endTime="2022-06-13T21:12:10.1753261+02:00" testType="13cdc9d9-ddb5-4fa4-a97d-d965ccfc6d4b" outcome="Passed" testListId="8c84fa94-04c1-424b-9868-57a2d4851a1d" relativeResultsDirectory="155ebbf6-9cf8-44bc-8384-1df44b2f68cc" />
    <UnitTestResult executionId="a24ee557-6bdc-4f64-9390-63390a69ec0f" testId="a229398b-ecc8-4a71-9d4b-4fe3a3a851bc" testName="FormatToStringTest1000 (4116.417580192638,4116.42 zł)" computerName="DESKTOP-5URQ9PB" duration="00:00:00.0000516" startTime="2022-06-13T21:12:10.2831313+02:00" endTime="2022-06-13T21:12:10.2838569+02:00" testType="13cdc9d9-ddb5-4fa4-a97d-d965ccfc6d4b" outcome="Passed" testListId="8c84fa94-04c1-424b-9868-57a2d4851a1d" relativeResultsDirectory="a24ee557-6bdc-4f64-9390-63390a69ec0f" />
    <UnitTestResult executionId="5c2eedc1-d310-43ed-8348-750deeccca8e" testId="3bb34af4-b90b-479b-8e0f-16505c9f0ebd" testName="FormatToStringTest1000 (11584.045280779732,11584.05 zł)" computerName="DESKTOP-5URQ9PB" duration="00:00:00.0000069" startTime="2022-06-13T21:12:10.3639126+02:00" endTime="2022-06-13T21:12:10.3639775+02:00" testType="13cdc9d9-ddb5-4fa4-a97d-d965ccfc6d4b" outcome="Passed" testListId="8c84fa94-04c1-424b-9868-57a2d4851a1d" relativeResultsDirectory="5c2eedc1-d310-43ed-8348-750deeccca8e" />
    <UnitTestResult executionId="dfa1a99e-b884-4da3-a1f4-f9c80e6b5ab6" testId="6c8640c4-1660-48de-9255-07930cd24164" testName="FormatToStringTest1000 (19085.023282992664,19085.02 zł)" computerName="DESKTOP-5URQ9PB" duration="00:00:00.0000062" startTime="2022-06-13T21:12:10.3158398+02:00" endTime="2022-06-13T21:12:10.3159067+02:00" testType="13cdc9d9-ddb5-4fa4-a97d-d965ccfc6d4b" outcome="Passed" testListId="8c84fa94-04c1-424b-9868-57a2d4851a1d" relativeResultsDirectory="dfa1a99e-b884-4da3-a1f4-f9c80e6b5ab6" />
    <UnitTestResult executionId="e430b011-5b56-4b21-af15-2e67f268bc21" testId="51f9adb6-1c6b-490a-bc44-20889c54d81d" testName="FormatToStringTest1000 (39146.635743126564,39146.64 zł)" computerName="DESKTOP-5URQ9PB" duration="00:00:00.0000165" startTime="2022-06-13T21:12:10.1418215+02:00" endTime="2022-06-13T21:12:10.1420242+02:00" testType="13cdc9d9-ddb5-4fa4-a97d-d965ccfc6d4b" outcome="Passed" testListId="8c84fa94-04c1-424b-9868-57a2d4851a1d" relativeResultsDirectory="e430b011-5b56-4b21-af15-2e67f268bc21" />
    <UnitTestResult executionId="fedf96e7-5f13-47bc-b5ed-de27f8a72883" testId="6c1233f1-5281-4993-a2b4-607e18b9422a" testName="FormatToStringTest1000 (19603.69286519321,19603.69 zł)" computerName="DESKTOP-5URQ9PB" duration="00:00:00.0000063" startTime="2022-06-13T21:12:10.4099582+02:00" endTime="2022-06-13T21:12:10.4100217+02:00" testType="13cdc9d9-ddb5-4fa4-a97d-d965ccfc6d4b" outcome="Passed" testListId="8c84fa94-04c1-424b-9868-57a2d4851a1d" relativeResultsDirectory="fedf96e7-5f13-47bc-b5ed-de27f8a72883" />
    <UnitTestResult executionId="d657f744-050c-47ee-8693-b0da5395d546" testId="06bfe7dd-3578-432a-8886-e001def953d5" testName="FormatToStringTest1000 (10501.127379151585,10501.13 zł)" computerName="DESKTOP-5URQ9PB" duration="00:00:00.0000063" startTime="2022-06-13T21:12:10.2280423+02:00" endTime="2022-06-13T21:12:10.2281153+02:00" testType="13cdc9d9-ddb5-4fa4-a97d-d965ccfc6d4b" outcome="Passed" testListId="8c84fa94-04c1-424b-9868-57a2d4851a1d" relativeResultsDirectory="d657f744-050c-47ee-8693-b0da5395d546" />
    <UnitTestResult executionId="d755647d-5620-46ee-ac83-caa3d4f9f70c" testId="d77cf88b-359f-43e9-9dbf-b87a6b8166cb" testName="FormatToStringTest1000 (1884.4923513031063,1884.49 zł)" computerName="DESKTOP-5URQ9PB" duration="00:00:00.0000062" startTime="2022-06-13T21:12:10.3047361+02:00" endTime="2022-06-13T21:12:10.3048031+02:00" testType="13cdc9d9-ddb5-4fa4-a97d-d965ccfc6d4b" outcome="Passed" testListId="8c84fa94-04c1-424b-9868-57a2d4851a1d" relativeResultsDirectory="d755647d-5620-46ee-ac83-caa3d4f9f70c" />
    <UnitTestResult executionId="bc74ec5a-689a-46cb-89e0-aabd06c87e57" testId="1e38f379-6c1d-41ee-a77d-3792d4f200d2" testName="FormatToStringTest1000 (12577.642620996872,12577.64 zł)" computerName="DESKTOP-5URQ9PB" duration="00:00:00.0000065" startTime="2022-06-13T21:12:10.1511793+02:00" endTime="2022-06-13T21:12:10.1512511+02:00" testType="13cdc9d9-ddb5-4fa4-a97d-d965ccfc6d4b" outcome="Passed" testListId="8c84fa94-04c1-424b-9868-57a2d4851a1d" relativeResultsDirectory="bc74ec5a-689a-46cb-89e0-aabd06c87e57" />
    <UnitTestResult executionId="c08a31a8-6fd9-40a1-9f29-a6d56e7475e7" testId="91e18a17-c785-44f9-97ab-37ce61c2f940" testName="FormatToStringTest1000 (24695.917440203913,24695.92 zł)" computerName="DESKTOP-5URQ9PB" duration="00:00:00.0000063" startTime="2022-06-13T21:12:10.3088593+02:00" endTime="2022-06-13T21:12:10.3089275+02:00" testType="13cdc9d9-ddb5-4fa4-a97d-d965ccfc6d4b" outcome="Passed" testListId="8c84fa94-04c1-424b-9868-57a2d4851a1d" relativeResultsDirectory="c08a31a8-6fd9-40a1-9f29-a6d56e7475e7" />
    <UnitTestResult executionId="be8d4195-0fcf-42ea-9f37-65bbeb21813e" testId="0b7538e0-a268-467a-ae5b-779012426de6" testName="FormatToStringTest1000 (14035.12972514477,14035.13 zł)" computerName="DESKTOP-5URQ9PB" duration="00:00:00.0000081" startTime="2022-06-13T21:12:10.1513570+02:00" endTime="2022-06-13T21:12:10.1514322+02:00" testType="13cdc9d9-ddb5-4fa4-a97d-d965ccfc6d4b" outcome="Passed" testListId="8c84fa94-04c1-424b-9868-57a2d4851a1d" relativeResultsDirectory="be8d4195-0fcf-42ea-9f37-65bbeb21813e" />
    <UnitTestResult executionId="442943d4-c839-4af6-b387-c6d8fb2a308d" testId="a8f3a74d-585b-4af4-8355-301930d0c663" testName="FormatToStringTest1000 (48428.38681602682,48428.39 zł)" computerName="DESKTOP-5URQ9PB" duration="00:00:00.0000064" startTime="2022-06-13T21:12:10.2025751+02:00" endTime="2022-06-13T21:12:10.2026505+02:00" testType="13cdc9d9-ddb5-4fa4-a97d-d965ccfc6d4b" outcome="Passed" testListId="8c84fa94-04c1-424b-9868-57a2d4851a1d" relativeResultsDirectory="442943d4-c839-4af6-b387-c6d8fb2a308d" />
    <UnitTestResult executionId="9bb01e3a-eafb-4f4c-abea-ab0f4dd4bba8" testId="13a283dc-8d79-4939-a23c-30e0d7aac9cd" testName="FormatToStringTest1000 (77919.64716867341,77919.65 zł)" computerName="DESKTOP-5URQ9PB" duration="00:00:00.0000062" startTime="2022-06-13T21:12:10.1851754+02:00" endTime="2022-06-13T21:12:10.1852427+02:00" testType="13cdc9d9-ddb5-4fa4-a97d-d965ccfc6d4b" outcome="Passed" testListId="8c84fa94-04c1-424b-9868-57a2d4851a1d" relativeResultsDirectory="9bb01e3a-eafb-4f4c-abea-ab0f4dd4bba8" />
    <UnitTestResult executionId="1f8e8b51-c3f5-4be0-9508-d7798b2d115a" testId="38d5ddc1-369e-44fb-a6b0-bd746d410041" testName="FormatToStringTest1000 (19840.47672110632,19840.48 zł)" computerName="DESKTOP-5URQ9PB" duration="00:00:00.0000062" startTime="2022-06-13T21:12:10.1721754+02:00" endTime="2022-06-13T21:12:10.1722427+02:00" testType="13cdc9d9-ddb5-4fa4-a97d-d965ccfc6d4b" outcome="Passed" testListId="8c84fa94-04c1-424b-9868-57a2d4851a1d" relativeResultsDirectory="1f8e8b51-c3f5-4be0-9508-d7798b2d115a" />
    <UnitTestResult executionId="9ec1ff22-fce3-4bbe-80e9-377df2e7eafa" testId="d1e00649-2638-4927-82fb-d22cafaa466e" testName="FormatToStringTest1000 (21753.84773194969,21753.85 zł)" computerName="DESKTOP-5URQ9PB" duration="00:00:00.0000062" startTime="2022-06-13T21:12:10.1389309+02:00" endTime="2022-06-13T21:12:10.1389984+02:00" testType="13cdc9d9-ddb5-4fa4-a97d-d965ccfc6d4b" outcome="Passed" testListId="8c84fa94-04c1-424b-9868-57a2d4851a1d" relativeResultsDirectory="9ec1ff22-fce3-4bbe-80e9-377df2e7eafa" />
    <UnitTestResult executionId="0559098e-092d-4a17-a79f-c7ca9c9196d4" testId="d3e70d16-52b7-44c7-97f1-c599f56d46d2" testName="FormatToStringTest1000 (14635.510547500808,14635.51 zł)" computerName="DESKTOP-5URQ9PB" duration="00:00:00.0000063" startTime="2022-06-13T21:12:10.3316400+02:00" endTime="2022-06-13T21:12:10.3317068+02:00" testType="13cdc9d9-ddb5-4fa4-a97d-d965ccfc6d4b" outcome="Passed" testListId="8c84fa94-04c1-424b-9868-57a2d4851a1d" relativeResultsDirectory="0559098e-092d-4a17-a79f-c7ca9c9196d4" />
    <UnitTestResult executionId="73a03f37-a4ff-4e0e-ac1a-7b94e1d7409f" testId="06807801-63bb-4556-9f01-ccc2fbed2934" testName="FormatToStringTest1000 (598.1279707877561,598.13 zł)" computerName="DESKTOP-5URQ9PB" duration="00:00:00.0000063" startTime="2022-06-13T21:12:10.3342174+02:00" endTime="2022-06-13T21:12:10.3342824+02:00" testType="13cdc9d9-ddb5-4fa4-a97d-d965ccfc6d4b" outcome="Passed" testListId="8c84fa94-04c1-424b-9868-57a2d4851a1d" relativeResultsDirectory="73a03f37-a4ff-4e0e-ac1a-7b94e1d7409f" />
    <UnitTestResult executionId="4b3f4880-5228-4f4f-8fc2-d9bb5391c13a" testId="96bbf356-bb26-43a4-8071-97d83a84f428" testName="FormatToStringTest1000 (17953.338243749615,17953.34 zł)" computerName="DESKTOP-5URQ9PB" duration="00:00:00.0000064" startTime="2022-06-13T21:12:10.1131493+02:00" endTime="2022-06-13T21:12:10.1132288+02:00" testType="13cdc9d9-ddb5-4fa4-a97d-d965ccfc6d4b" outcome="Passed" testListId="8c84fa94-04c1-424b-9868-57a2d4851a1d" relativeResultsDirectory="4b3f4880-5228-4f4f-8fc2-d9bb5391c13a" />
    <UnitTestResult executionId="63441c2b-ae32-43aa-99d1-d71b35de21bd" testId="3f56db31-7f86-4360-95ea-1c832dbc2d42" testName="FormatToStringTest1000 (12370.243090209198,12370.24 zł)" computerName="DESKTOP-5URQ9PB" duration="00:00:00.0000068" startTime="2022-06-13T21:12:10.2618203+02:00" endTime="2022-06-13T21:12:10.2618965+02:00" testType="13cdc9d9-ddb5-4fa4-a97d-d965ccfc6d4b" outcome="Passed" testListId="8c84fa94-04c1-424b-9868-57a2d4851a1d" relativeResultsDirectory="63441c2b-ae32-43aa-99d1-d71b35de21bd" />
    <UnitTestResult executionId="a07881a0-f9fc-4876-8864-20c8339a1d40" testId="200e8af0-f095-44a5-9f56-2f3ed52d257f" testName="FormatToStringTest1000 (51300.77891898145,51300.78 zł)" computerName="DESKTOP-5URQ9PB" duration="00:00:00.0000064" startTime="2022-06-13T21:12:10.3137280+02:00" endTime="2022-06-13T21:12:10.3137946+02:00" testType="13cdc9d9-ddb5-4fa4-a97d-d965ccfc6d4b" outcome="Passed" testListId="8c84fa94-04c1-424b-9868-57a2d4851a1d" relativeResultsDirectory="a07881a0-f9fc-4876-8864-20c8339a1d40" />
    <UnitTestResult executionId="c4517a64-77d4-458e-9d69-ec8fac3b0047" testId="fd2a34a8-2413-49de-8337-1e9644e6049d" testName="FormatToStringTest1000 (53192.79032742269,53192.79 zł)" computerName="DESKTOP-5URQ9PB" duration="00:00:00.0000071" startTime="2022-06-13T21:12:10.4132733+02:00" endTime="2022-06-13T21:12:10.4133495+02:00" testType="13cdc9d9-ddb5-4fa4-a97d-d965ccfc6d4b" outcome="Passed" testListId="8c84fa94-04c1-424b-9868-57a2d4851a1d" relativeResultsDirectory="c4517a64-77d4-458e-9d69-ec8fac3b0047" />
    <UnitTestResult executionId="7e5f40bc-d12f-4435-b2d0-74f1e2c642bb" testId="a005b318-bbc0-46eb-a8a2-7a73e518e85a" testName="FormatToStringTest1000 (13092.45389243609,13092.45 zł)" computerName="DESKTOP-5URQ9PB" duration="00:00:00.0000072" startTime="2022-06-13T21:12:10.3859110+02:00" endTime="2022-06-13T21:12:10.3860057+02:00" testType="13cdc9d9-ddb5-4fa4-a97d-d965ccfc6d4b" outcome="Passed" testListId="8c84fa94-04c1-424b-9868-57a2d4851a1d" relativeResultsDirectory="7e5f40bc-d12f-4435-b2d0-74f1e2c642bb" />
    <UnitTestResult executionId="f601f140-424a-4ecc-a32c-32cb54a6bff5" testId="99aaba41-337f-47ae-a105-818ae464d3cd" testName="FormatToStringTest1000 (24308.26523149212,24308.27 zł)" computerName="DESKTOP-5URQ9PB" duration="00:00:00.0000070" startTime="2022-06-13T21:12:10.3940799+02:00" endTime="2022-06-13T21:12:10.3941564+02:00" testType="13cdc9d9-ddb5-4fa4-a97d-d965ccfc6d4b" outcome="Passed" testListId="8c84fa94-04c1-424b-9868-57a2d4851a1d" relativeResultsDirectory="f601f140-424a-4ecc-a32c-32cb54a6bff5" />
    <UnitTestResult executionId="bbeaa192-c062-4044-8812-683d501585ad" testId="6df82875-c258-422c-a4d8-9884ae16c073" testName="FormatToStringTest1000 (28987.862854782896,28987.86 zł)" computerName="DESKTOP-5URQ9PB" duration="00:00:00.0000063" startTime="2022-06-13T21:12:10.3671505+02:00" endTime="2022-06-13T21:12:10.3672147+02:00" testType="13cdc9d9-ddb5-4fa4-a97d-d965ccfc6d4b" outcome="Passed" testListId="8c84fa94-04c1-424b-9868-57a2d4851a1d" relativeResultsDirectory="bbeaa192-c062-4044-8812-683d501585ad" />
    <UnitTestResult executionId="3c3ff8aa-e6e9-43d1-993a-236d39c1a2cb" testId="f73d68d5-3e47-431f-9d59-d53dc96cf5e3" testName="FormatToStringTest1000 (14172.682747822573,14172.68 zł)" computerName="DESKTOP-5URQ9PB" duration="00:00:00.0000067" startTime="2022-06-13T21:12:10.0925562+02:00" endTime="2022-06-13T21:12:10.0926388+02:00" testType="13cdc9d9-ddb5-4fa4-a97d-d965ccfc6d4b" outcome="Passed" testListId="8c84fa94-04c1-424b-9868-57a2d4851a1d" relativeResultsDirectory="3c3ff8aa-e6e9-43d1-993a-236d39c1a2cb" />
    <UnitTestResult executionId="5035e479-efc6-4822-b033-47bc422a13bb" testId="db94d00a-4f44-45db-8e36-6f6e2e462a8a" testName="FormatToStringTest1000 (13286.856387228174,13286.86 zł)" computerName="DESKTOP-5URQ9PB" duration="00:00:00.0000064" startTime="2022-06-13T21:12:10.3641729+02:00" endTime="2022-06-13T21:12:10.3642410+02:00" testType="13cdc9d9-ddb5-4fa4-a97d-d965ccfc6d4b" outcome="Passed" testListId="8c84fa94-04c1-424b-9868-57a2d4851a1d" relativeResultsDirectory="5035e479-efc6-4822-b033-47bc422a13bb" />
    <UnitTestResult executionId="07b6b4f5-981f-453c-815c-022505d4b959" testId="c1200f41-c360-4c32-a69e-5a8c82703d40" testName="FormatToStringTest1000 (17798.633951516185,17798.63 zł)" computerName="DESKTOP-5URQ9PB" duration="00:00:00.0000388" startTime="2022-06-13T21:12:10.2864992+02:00" endTime="2022-06-13T21:12:10.2869781+02:00" testType="13cdc9d9-ddb5-4fa4-a97d-d965ccfc6d4b" outcome="Passed" testListId="8c84fa94-04c1-424b-9868-57a2d4851a1d" relativeResultsDirectory="07b6b4f5-981f-453c-815c-022505d4b959" />
    <UnitTestResult executionId="0d5b8fc2-8947-49a6-b844-0c9a7c37a51d" testId="7bf68fe0-144f-4bc5-b3e2-580e6b990db0" testName="FormatToStringTest1000 (15669.698889610218,15669.70 zł)" computerName="DESKTOP-5URQ9PB" duration="00:00:00.0000071" startTime="2022-06-13T21:12:10.3708048+02:00" endTime="2022-06-13T21:12:10.3708803+02:00" testType="13cdc9d9-ddb5-4fa4-a97d-d965ccfc6d4b" outcome="Passed" testListId="8c84fa94-04c1-424b-9868-57a2d4851a1d" relativeResultsDirectory="0d5b8fc2-8947-49a6-b844-0c9a7c37a51d" />
    <UnitTestResult executionId="17dac8e8-db13-453e-aba3-e90cd7d6e958" testId="ed29c248-ee9b-4f2a-b3e7-95198e68877c" testName="FormatToStringTest1000 (63507.32603545455,63507.33 zł)" computerName="DESKTOP-5URQ9PB" duration="00:00:00.0000063" startTime="2022-06-13T21:12:10.1134328+02:00" endTime="2022-06-13T21:12:10.1135063+02:00" testType="13cdc9d9-ddb5-4fa4-a97d-d965ccfc6d4b" outcome="Passed" testListId="8c84fa94-04c1-424b-9868-57a2d4851a1d" relativeResultsDirectory="17dac8e8-db13-453e-aba3-e90cd7d6e958" />
    <UnitTestResult executionId="f09e9573-a034-427d-8b48-0ae817c20749" testId="6c8ec66a-58fc-424c-b0bc-4d4b3cb73f03" testName="FormatToStringTest1000 (16190.113943164757,16190.11 zł)" computerName="DESKTOP-5URQ9PB" duration="00:00:00.0000062" startTime="2022-06-13T21:12:10.2508098+02:00" endTime="2022-06-13T21:12:10.2508786+02:00" testType="13cdc9d9-ddb5-4fa4-a97d-d965ccfc6d4b" outcome="Passed" testListId="8c84fa94-04c1-424b-9868-57a2d4851a1d" relativeResultsDirectory="f09e9573-a034-427d-8b48-0ae817c20749" />
    <UnitTestResult executionId="6a1ebed5-1437-4573-b693-572ff06ecf7c" testId="42557544-8540-4989-88e1-b505e9d70f94" testName="FormatToStringTest1000 (45887.58415794167,45887.58 zł)" computerName="DESKTOP-5URQ9PB" duration="00:00:00.0000063" startTime="2022-06-13T21:12:10.3201080+02:00" endTime="2022-06-13T21:12:10.3201735+02:00" testType="13cdc9d9-ddb5-4fa4-a97d-d965ccfc6d4b" outcome="Passed" testListId="8c84fa94-04c1-424b-9868-57a2d4851a1d" relativeResultsDirectory="6a1ebed5-1437-4573-b693-572ff06ecf7c" />
    <UnitTestResult executionId="b4f13f4d-66c4-417f-9a17-94f1279622ea" testId="55df4e54-3578-46d6-a159-b313bac55739" testName="FormatToStringTest1000 (74851.91547305691,74851.92 zł)" computerName="DESKTOP-5URQ9PB" duration="00:00:00.0000062" startTime="2022-06-13T21:12:10.3863560+02:00" endTime="2022-06-13T21:12:10.3864247+02:00" testType="13cdc9d9-ddb5-4fa4-a97d-d965ccfc6d4b" outcome="Passed" testListId="8c84fa94-04c1-424b-9868-57a2d4851a1d" relativeResultsDirectory="b4f13f4d-66c4-417f-9a17-94f1279622ea" />
    <UnitTestResult executionId="4550b333-c2a9-4f68-ac23-7bc5dc44cd23" testId="59e7d215-a8e9-4e8f-aed6-c66535f41633" testName="FormatToStringTest1000 (11175.438820935526,11175.44 zł)" computerName="DESKTOP-5URQ9PB" duration="00:00:00.0000062" startTime="2022-06-13T21:12:10.1644568+02:00" endTime="2022-06-13T21:12:10.1645249+02:00" testType="13cdc9d9-ddb5-4fa4-a97d-d965ccfc6d4b" outcome="Passed" testListId="8c84fa94-04c1-424b-9868-57a2d4851a1d" relativeResultsDirectory="4550b333-c2a9-4f68-ac23-7bc5dc44cd23" />
    <UnitTestResult executionId="46351cc8-19d0-41e0-8d86-e3ead43f7f62" testId="4b0f7f85-5a16-4c3d-a45f-ab864a419b50" testName="FormatToStringTest1000 (40268.121943438484,40268.12 zł)" computerName="DESKTOP-5URQ9PB" duration="00:00:00.0000064" startTime="2022-06-13T21:12:10.1984737+02:00" endTime="2022-06-13T21:12:10.1985468+02:00" testType="13cdc9d9-ddb5-4fa4-a97d-d965ccfc6d4b" outcome="Passed" testListId="8c84fa94-04c1-424b-9868-57a2d4851a1d" relativeResultsDirectory="46351cc8-19d0-41e0-8d86-e3ead43f7f62" />
    <UnitTestResult executionId="0cc70e13-06fa-4934-8cb5-e927547cee5b" testId="e54500d3-ce3b-4aff-b8aa-4f95eec3e847" testName="FormatToStringTest1000 (27164.0272410419,27164.03 zł)" computerName="DESKTOP-5URQ9PB" duration="00:00:00.0000069" startTime="2022-06-13T21:12:10.2056989+02:00" endTime="2022-06-13T21:12:10.2057665+02:00" testType="13cdc9d9-ddb5-4fa4-a97d-d965ccfc6d4b" outcome="Passed" testListId="8c84fa94-04c1-424b-9868-57a2d4851a1d" relativeResultsDirectory="0cc70e13-06fa-4934-8cb5-e927547cee5b" />
    <UnitTestResult executionId="7bb59eb6-c9e1-406b-8e87-3e9b653791d5" testId="6a905cf4-7e40-4578-91e5-c8d62844dd05" testName="FormatToStringTest1000 (236.20263638589657,236.20 zł)" computerName="DESKTOP-5URQ9PB" duration="00:00:00.0000086" startTime="2022-06-13T21:12:10.3268558+02:00" endTime="2022-06-13T21:12:10.3269514+02:00" testType="13cdc9d9-ddb5-4fa4-a97d-d965ccfc6d4b" outcome="Passed" testListId="8c84fa94-04c1-424b-9868-57a2d4851a1d" relativeResultsDirectory="7bb59eb6-c9e1-406b-8e87-3e9b653791d5" />
    <UnitTestResult executionId="75c8e118-8612-405c-92ef-cb35bb292354" testId="b79b9436-60eb-466e-9539-079cbd9e1436" testName="FormatToStringTest1000 (238.1379397484185,238.14 zł)" computerName="DESKTOP-5URQ9PB" duration="00:00:00.0000063" startTime="2022-06-13T21:12:10.1911403+02:00" endTime="2022-06-13T21:12:10.1912154+02:00" testType="13cdc9d9-ddb5-4fa4-a97d-d965ccfc6d4b" outcome="Passed" testListId="8c84fa94-04c1-424b-9868-57a2d4851a1d" relativeResultsDirectory="75c8e118-8612-405c-92ef-cb35bb292354" />
    <UnitTestResult executionId="43808d83-6903-4c37-8844-b547b6b6aafa" testId="8d5f53b9-3c26-43c5-b604-b26472c896e1" testName="FormatToStringTest1000 (21602.417596116393,21602.42 zł)" computerName="DESKTOP-5URQ9PB" duration="00:00:00.0000065" startTime="2022-06-13T21:12:10.1514499+02:00" endTime="2022-06-13T21:12:10.1515180+02:00" testType="13cdc9d9-ddb5-4fa4-a97d-d965ccfc6d4b" outcome="Passed" testListId="8c84fa94-04c1-424b-9868-57a2d4851a1d" relativeResultsDirectory="43808d83-6903-4c37-8844-b547b6b6aafa" />
    <UnitTestResult executionId="9e90cb5c-b6d5-42a9-8f63-46565025beee" testId="6849c08a-1dfb-424f-90df-1c1ce3e2364b" testName="FormatToStringTest1000 (4002.4180488374172,4002.42 zł)" computerName="DESKTOP-5URQ9PB" duration="00:00:00.0000079" startTime="2022-06-13T21:12:10.3883558+02:00" endTime="2022-06-13T21:12:10.3884231+02:00" testType="13cdc9d9-ddb5-4fa4-a97d-d965ccfc6d4b" outcome="Passed" testListId="8c84fa94-04c1-424b-9868-57a2d4851a1d" relativeResultsDirectory="9e90cb5c-b6d5-42a9-8f63-46565025beee" />
    <UnitTestResult executionId="47d8410d-4679-4a04-bccf-ce451d8a898a" testId="32c19286-90c7-4412-bf5a-6c475c137a5f" testName="FormatToStringTest1000 (75514.58914517732,75514.59 zł)" computerName="DESKTOP-5URQ9PB" duration="00:00:00.0000064" startTime="2022-06-13T21:12:10.2281329+02:00" endTime="2022-06-13T21:12:10.2282139+02:00" testType="13cdc9d9-ddb5-4fa4-a97d-d965ccfc6d4b" outcome="Passed" testListId="8c84fa94-04c1-424b-9868-57a2d4851a1d" relativeResultsDirectory="47d8410d-4679-4a04-bccf-ce451d8a898a" />
    <UnitTestResult executionId="277c9d99-9f1b-43a2-a69e-83108c1a0ee7" testId="591416eb-6c6b-42c2-97ef-76f52a58c423" testName="FormatToStringTest1000 (5022.470719070859,5022.47 zł)" computerName="DESKTOP-5URQ9PB" duration="00:00:00.0000063" startTime="2022-06-13T21:12:10.2029242+02:00" endTime="2022-06-13T21:12:10.2029913+02:00" testType="13cdc9d9-ddb5-4fa4-a97d-d965ccfc6d4b" outcome="Passed" testListId="8c84fa94-04c1-424b-9868-57a2d4851a1d" relativeResultsDirectory="277c9d99-9f1b-43a2-a69e-83108c1a0ee7" />
    <UnitTestResult executionId="714c9c59-c8a4-4462-84c2-5efefe4dda40" testId="608f706c-61d7-425e-b8d4-2b11910c6dc7" testName="FormatToStringTest1000 (37614.50159416278,37614.50 zł)" computerName="DESKTOP-5URQ9PB" duration="00:00:00.0000063" startTime="2022-06-13T21:12:10.4026719+02:00" endTime="2022-06-13T21:12:10.4027356+02:00" testType="13cdc9d9-ddb5-4fa4-a97d-d965ccfc6d4b" outcome="Passed" testListId="8c84fa94-04c1-424b-9868-57a2d4851a1d" relativeResultsDirectory="714c9c59-c8a4-4462-84c2-5efefe4dda40" />
    <UnitTestResult executionId="13d2f159-cdf8-4c9d-ad9f-c4ca60e2c0df" testId="2d3111f7-4c77-459d-9f0c-e1e43bb0a292" testName="FormatToStringTest1000 (16957.4523676757,16957.45 zł)" computerName="DESKTOP-5URQ9PB" duration="00:00:00.0000306" startTime="2022-06-13T21:12:10.2922501+02:00" endTime="2022-06-13T21:12:10.2926637+02:00" testType="13cdc9d9-ddb5-4fa4-a97d-d965ccfc6d4b" outcome="Passed" testListId="8c84fa94-04c1-424b-9868-57a2d4851a1d" relativeResultsDirectory="13d2f159-cdf8-4c9d-ad9f-c4ca60e2c0df" />
    <UnitTestResult executionId="49b76faa-4d2d-4d93-a3bb-686c38d0d4cf" testId="465bfe1f-d213-4fe4-94bf-2c39217b00a3" testName="FormatToStringTest1000 (19352.183340702755,19352.18 zł)" computerName="DESKTOP-5URQ9PB" duration="00:00:00.0000064" startTime="2022-06-13T21:12:10.1457954+02:00" endTime="2022-06-13T21:12:10.1458622+02:00" testType="13cdc9d9-ddb5-4fa4-a97d-d965ccfc6d4b" outcome="Passed" testListId="8c84fa94-04c1-424b-9868-57a2d4851a1d" relativeResultsDirectory="49b76faa-4d2d-4d93-a3bb-686c38d0d4cf" />
    <UnitTestResult executionId="a27bf703-4614-4820-ab14-9b3934174212" testId="e68401fa-4aa7-4688-bd98-9d69ab02faa8" testName="FormatToStringTest1000 (15907.394871033446,15907.39 zł)" computerName="DESKTOP-5URQ9PB" duration="00:00:00.0000063" startTime="2022-06-13T21:12:10.3181389+02:00" endTime="2022-06-13T21:12:10.3182044+02:00" testType="13cdc9d9-ddb5-4fa4-a97d-d965ccfc6d4b" outcome="Passed" testListId="8c84fa94-04c1-424b-9868-57a2d4851a1d" relativeResultsDirectory="a27bf703-4614-4820-ab14-9b3934174212" />
    <UnitTestResult executionId="d4f1fd64-b745-485e-8ac9-62e7287fb532" testId="93645130-1dfc-4ff6-ab14-82e226bd8446" testName="FormatToStringTest1000 (3195.202943510936,3195.20 zł)" computerName="DESKTOP-5URQ9PB" duration="00:00:00.0000063" startTime="2022-06-13T21:12:10.2060373+02:00" endTime="2022-06-13T21:12:10.2061044+02:00" testType="13cdc9d9-ddb5-4fa4-a97d-d965ccfc6d4b" outcome="Passed" testListId="8c84fa94-04c1-424b-9868-57a2d4851a1d" relativeResultsDirectory="d4f1fd64-b745-485e-8ac9-62e7287fb532" />
    <UnitTestResult executionId="64a37701-ea6c-446b-a7d8-4967e2a46f14" testId="a61f2651-da7d-4d20-ac7f-04b4e141a7e8" testName="FormatToStringTest1000 (30111.54342534372,30111.54 zł)" computerName="DESKTOP-5URQ9PB" duration="00:00:00.0000063" startTime="2022-06-13T21:12:10.3986328+02:00" endTime="2022-06-13T21:12:10.3986972+02:00" testType="13cdc9d9-ddb5-4fa4-a97d-d965ccfc6d4b" outcome="Passed" testListId="8c84fa94-04c1-424b-9868-57a2d4851a1d" relativeResultsDirectory="64a37701-ea6c-446b-a7d8-4967e2a46f14" />
    <UnitTestResult executionId="dc9c85ff-9e5f-45bd-8e7d-2cc6c72a380d" testId="766fada8-e953-4aae-9446-cf3540061053" testName="FormatToStringTest1000 (24729.333280806586,24729.33 zł)" computerName="DESKTOP-5URQ9PB" duration="00:00:00.0000062" startTime="2022-06-13T21:12:10.3179728+02:00" endTime="2022-06-13T21:12:10.3180388+02:00" testType="13cdc9d9-ddb5-4fa4-a97d-d965ccfc6d4b" outcome="Passed" testListId="8c84fa94-04c1-424b-9868-57a2d4851a1d" relativeResultsDirectory="dc9c85ff-9e5f-45bd-8e7d-2cc6c72a380d" />
    <UnitTestResult executionId="fa8a8ecd-1650-4c97-883b-991e274ce82d" testId="7a37c2d9-ad9b-4436-aea3-2ffa8bdcc383" testName="FormatToStringTest1000 (1751.7703038522834,1751.77 zł)" computerName="DESKTOP-5URQ9PB" duration="00:00:00.0000062" startTime="2022-06-13T21:12:10.2688556+02:00" endTime="2022-06-13T21:12:10.2689233+02:00" testType="13cdc9d9-ddb5-4fa4-a97d-d965ccfc6d4b" outcome="Passed" testListId="8c84fa94-04c1-424b-9868-57a2d4851a1d" relativeResultsDirectory="fa8a8ecd-1650-4c97-883b-991e274ce82d" />
    <UnitTestResult executionId="6194f914-6552-40c6-8204-521e2288fd81" testId="dbfbf6c4-f3c5-488c-8b75-2e9e1c391eb5" testName="FormatToStringTest1000 (5398.2412667191775,5398.24 zł)" computerName="DESKTOP-5URQ9PB" duration="00:00:00.0000063" startTime="2022-06-13T21:12:10.3924172+02:00" endTime="2022-06-13T21:12:10.3924813+02:00" testType="13cdc9d9-ddb5-4fa4-a97d-d965ccfc6d4b" outcome="Passed" testListId="8c84fa94-04c1-424b-9868-57a2d4851a1d" relativeResultsDirectory="6194f914-6552-40c6-8204-521e2288fd81" />
    <UnitTestResult executionId="d134ce7b-0908-4813-92df-bc1391f602ea" testId="68675eb5-79a2-494d-a5a3-32385426255e" testName="FormatToStringTest1000 (34242.181005260056,34242.18 zł)" computerName="DESKTOP-5URQ9PB" duration="00:00:00.0000064" startTime="2022-06-13T21:12:10.3296019+02:00" endTime="2022-06-13T21:12:10.3296701+02:00" testType="13cdc9d9-ddb5-4fa4-a97d-d965ccfc6d4b" outcome="Passed" testListId="8c84fa94-04c1-424b-9868-57a2d4851a1d" relativeResultsDirectory="d134ce7b-0908-4813-92df-bc1391f602ea" />
    <UnitTestResult executionId="b0224e00-2b6c-4a69-8430-360227435ddc" testId="3cd0c2da-bc5f-46f3-9ab0-5d507b4025ad" testName="FormatToStringTest1000 (8095.485677032492,8095.49 zł)" computerName="DESKTOP-5URQ9PB" duration="00:00:00.0000064" startTime="2022-06-13T21:12:10.3200211+02:00" endTime="2022-06-13T21:12:10.3200910+02:00" testType="13cdc9d9-ddb5-4fa4-a97d-d965ccfc6d4b" outcome="Passed" testListId="8c84fa94-04c1-424b-9868-57a2d4851a1d" relativeResultsDirectory="b0224e00-2b6c-4a69-8430-360227435ddc" />
    <UnitTestResult executionId="8e1d785f-d45a-48b5-b065-20ad8d539322" testId="a9a6cb30-d899-493e-8a66-f362315fe537" testName="FormatToStringTest1000 (2166.4103293970275,2166.41 zł)" computerName="DESKTOP-5URQ9PB" duration="00:00:00.0000365" startTime="2022-06-13T21:12:10.2859735+02:00" endTime="2022-06-13T21:12:10.2864187+02:00" testType="13cdc9d9-ddb5-4fa4-a97d-d965ccfc6d4b" outcome="Passed" testListId="8c84fa94-04c1-424b-9868-57a2d4851a1d" relativeResultsDirectory="8e1d785f-d45a-48b5-b065-20ad8d539322" />
    <UnitTestResult executionId="06fe74dc-3595-4f55-ba8e-f9cc0320b49e" testId="54f4f33f-fe9d-4a8f-81f8-b31cbdb23226" testName="FormatToStringTest1000 (1649.0127968480872,1649.01 zł)" computerName="DESKTOP-5URQ9PB" duration="00:00:00.0000065" startTime="2022-06-13T21:12:10.1096363+02:00" endTime="2022-06-13T21:12:10.1097177+02:00" testType="13cdc9d9-ddb5-4fa4-a97d-d965ccfc6d4b" outcome="Passed" testListId="8c84fa94-04c1-424b-9868-57a2d4851a1d" relativeResultsDirectory="06fe74dc-3595-4f55-ba8e-f9cc0320b49e" />
    <UnitTestResult executionId="6ac1b200-c25f-46fa-a0a0-f96226e6eb2e" testId="db75e965-f261-481c-b046-6dcff4d9b695" testName="FormatToStringTest1000 (12118.31777677048,12118.32 zł)" computerName="DESKTOP-5URQ9PB" duration="00:00:00.0000065" startTime="2022-06-13T21:12:10.3642577+02:00" endTime="2022-06-13T21:12:10.3643369+02:00" testType="13cdc9d9-ddb5-4fa4-a97d-d965ccfc6d4b" outcome="Passed" testListId="8c84fa94-04c1-424b-9868-57a2d4851a1d" relativeResultsDirectory="6ac1b200-c25f-46fa-a0a0-f96226e6eb2e" />
    <UnitTestResult executionId="19b1b71c-8d1f-4c05-b41b-c3082436cbd5" testId="9d589628-fb2c-472f-ae6a-3309819c4deb" testName="FormatToStringTest1000 (20445.11280083149,20445.11 zł)" computerName="DESKTOP-5URQ9PB" duration="00:00:00.0000063" startTime="2022-06-13T21:12:10.3670699+02:00" endTime="2022-06-13T21:12:10.3671339+02:00" testType="13cdc9d9-ddb5-4fa4-a97d-d965ccfc6d4b" outcome="Passed" testListId="8c84fa94-04c1-424b-9868-57a2d4851a1d" relativeResultsDirectory="19b1b71c-8d1f-4c05-b41b-c3082436cbd5" />
    <UnitTestResult executionId="e2e73549-1726-4d2f-b842-c73956c72fca" testId="792768ca-1e34-49b1-bb81-6295972d7023" testName="FormatToStringTest1000 (72905.64834432845,72905.65 zł)" computerName="DESKTOP-5URQ9PB" duration="00:00:00.0000071" startTime="2022-06-13T21:12:10.3554890+02:00" endTime="2022-06-13T21:12:10.3555645+02:00" testType="13cdc9d9-ddb5-4fa4-a97d-d965ccfc6d4b" outcome="Passed" testListId="8c84fa94-04c1-424b-9868-57a2d4851a1d" relativeResultsDirectory="e2e73549-1726-4d2f-b842-c73956c72fca" />
    <UnitTestResult executionId="129838d7-7173-42f6-a6ba-601370fc338a" testId="f8a6f0e8-4727-4bd6-a6c2-2f01ed4a2e83" testName="FormatToStringTest1000 (12871.381729632794,12871.38 zł)" computerName="DESKTOP-5URQ9PB" duration="00:00:00.0000064" startTime="2022-06-13T21:12:10.1756043+02:00" endTime="2022-06-13T21:12:10.1756820+02:00" testType="13cdc9d9-ddb5-4fa4-a97d-d965ccfc6d4b" outcome="Passed" testListId="8c84fa94-04c1-424b-9868-57a2d4851a1d" relativeResultsDirectory="129838d7-7173-42f6-a6ba-601370fc338a" />
    <UnitTestResult executionId="5761707e-deb9-4b93-b8cb-fa8b69f7cde6" testId="89b8c734-ff10-4edb-b46e-cb7f9a67e4e6" testName="FormatToStringTest1000 (38614.292320713066,38614.29 zł)" computerName="DESKTOP-5URQ9PB" duration="00:00:00.0000062" startTime="2022-06-13T21:12:10.1321788+02:00" endTime="2022-06-13T21:12:10.1322465+02:00" testType="13cdc9d9-ddb5-4fa4-a97d-d965ccfc6d4b" outcome="Passed" testListId="8c84fa94-04c1-424b-9868-57a2d4851a1d" relativeResultsDirectory="5761707e-deb9-4b93-b8cb-fa8b69f7cde6" />
    <UnitTestResult executionId="f6a4b919-a03c-47b9-9148-fc38a69d4892" testId="9d37be86-5a6d-4269-a73b-d53bd3ffe793" testName="FormatToStringTest1000 (7348.947429818543,7348.95 zł)" computerName="DESKTOP-5URQ9PB" duration="00:00:00.0000067" startTime="2022-06-13T21:12:10.1883227+02:00" endTime="2022-06-13T21:12:10.1883981+02:00" testType="13cdc9d9-ddb5-4fa4-a97d-d965ccfc6d4b" outcome="Passed" testListId="8c84fa94-04c1-424b-9868-57a2d4851a1d" relativeResultsDirectory="f6a4b919-a03c-47b9-9148-fc38a69d4892" />
    <UnitTestResult executionId="2ada16a0-6c92-4cc9-86cd-741f220b56fd" testId="3e5e5610-93c4-4d38-92ba-a0a87fd3c02d" testName="FormatToStringTest1000 (286.92120604539343,286.92 zł)" computerName="DESKTOP-5URQ9PB" duration="00:00:00.0000065" startTime="2022-06-13T21:12:10.0815861+02:00" endTime="2022-06-13T21:12:10.0816645+02:00" testType="13cdc9d9-ddb5-4fa4-a97d-d965ccfc6d4b" outcome="Passed" testListId="8c84fa94-04c1-424b-9868-57a2d4851a1d" relativeResultsDirectory="2ada16a0-6c92-4cc9-86cd-741f220b56fd" />
    <UnitTestResult executionId="174e9059-662c-4f81-ad04-19786d735dce" testId="666650c5-68b6-4d18-9720-eb39c403a129" testName="FormatToStringTest1000 (10857.521742201186,10857.52 zł)" computerName="DESKTOP-5URQ9PB" duration="00:00:00.0000064" startTime="2022-06-13T21:12:10.3639942+02:00" endTime="2022-06-13T21:12:10.3640641+02:00" testType="13cdc9d9-ddb5-4fa4-a97d-d965ccfc6d4b" outcome="Passed" testListId="8c84fa94-04c1-424b-9868-57a2d4851a1d" relativeResultsDirectory="174e9059-662c-4f81-ad04-19786d735dce" />
    <UnitTestResult executionId="a21cc408-a86a-42ff-ab35-26032950f1a6" testId="52aeab4c-9dae-489c-8d8c-de1da5a190f1" testName="FormatToStringTest1000 (12091.219941106729,12091.22 zł)" computerName="DESKTOP-5URQ9PB" duration="00:00:00.0000062" startTime="2022-06-13T21:12:10.1756998+02:00" endTime="2022-06-13T21:12:10.1757676+02:00" testType="13cdc9d9-ddb5-4fa4-a97d-d965ccfc6d4b" outcome="Passed" testListId="8c84fa94-04c1-424b-9868-57a2d4851a1d" relativeResultsDirectory="a21cc408-a86a-42ff-ab35-26032950f1a6" />
    <UnitTestResult executionId="6bf341fc-33e1-4782-844e-e1c0dc8b761c" testId="162c2a6a-d006-4ea1-a437-9b0a364296f7" testName="FormatToStringTest1000 (15190.097283723344,15190.10 zł)" computerName="DESKTOP-5URQ9PB" duration="00:00:00.0000062" startTime="2022-06-13T21:12:10.3792459+02:00" endTime="2022-06-13T21:12:10.3793103+02:00" testType="13cdc9d9-ddb5-4fa4-a97d-d965ccfc6d4b" outcome="Passed" testListId="8c84fa94-04c1-424b-9868-57a2d4851a1d" relativeResultsDirectory="6bf341fc-33e1-4782-844e-e1c0dc8b761c" />
  </Results>
  <TestDefinitions>
    <UnitTest name="FormatToStringTest1000 (31315.40354898544,31315.40 zł)" storage="c:\projekty\mstestproject\bin\debug\netcoreapp3.1\mstestproject.dll" id="3c1fad77-abe3-404b-af56-ad1268e3a6f2">
      <TestCategory>
        <TestCategoryItem TestCategory="Category1000" />
      </TestCategory>
      <Execution id="5fd2580c-a89d-432a-bc44-3fb009fb064a" />
      <TestMethod codeBase="C:\Projekty\MSTestProject\bin\Debug\netcoreapp3.1\MSTestProject.dll" adapterTypeName="executor://mstestadapter/v2" className="TwojeWesele.Services.Helpers.Tests.CurrencyHelperTests" name="FormatToStringTest1000" />
    </UnitTest>
    <UnitTest name="FormatToStringTest1000 (38640.62766693003,38640.63 zł)" storage="c:\projekty\mstestproject\bin\debug\netcoreapp3.1\mstestproject.dll" id="fe792b1c-9cfd-439d-9925-162d42d686de">
      <TestCategory>
        <TestCategoryItem TestCategory="Category1000" />
      </TestCategory>
      <Execution id="b46edb06-2162-43c0-8518-af6158e9356c" />
      <TestMethod codeBase="C:\Projekty\MSTestProject\bin\Debug\netcoreapp3.1\MSTestProject.dll" adapterTypeName="executor://mstestadapter/v2" className="TwojeWesele.Services.Helpers.Tests.CurrencyHelperTests" name="FormatToStringTest1000" />
    </UnitTest>
    <UnitTest name="FormatToStringTest1000 (7119.076353227755,7119.08 zł)" storage="c:\projekty\mstestproject\bin\debug\netcoreapp3.1\mstestproject.dll" id="eadc7ed4-a269-448a-be06-d88418c57225">
      <TestCategory>
        <TestCategoryItem TestCategory="Category1000" />
      </TestCategory>
      <Execution id="1577aef7-5487-4a91-843e-36aad548908d" />
      <TestMethod codeBase="C:\Projekty\MSTestProject\bin\Debug\netcoreapp3.1\MSTestProject.dll" adapterTypeName="executor://mstestadapter/v2" className="TwojeWesele.Services.Helpers.Tests.CurrencyHelperTests" name="FormatToStringTest1000" />
    </UnitTest>
    <UnitTest name="FormatToStringTest1000 (12187.551827252633,12187.55 zł)" storage="c:\projekty\mstestproject\bin\debug\netcoreapp3.1\mstestproject.dll" id="53136509-b754-4cf9-a49a-f76a101d2925">
      <TestCategory>
        <TestCategoryItem TestCategory="Category1000" />
      </TestCategory>
      <Execution id="2b91bd42-168a-4793-9b24-3c4277e7e800" />
      <TestMethod codeBase="C:\Projekty\MSTestProject\bin\Debug\netcoreapp3.1\MSTestProject.dll" adapterTypeName="executor://mstestadapter/v2" className="TwojeWesele.Services.Helpers.Tests.CurrencyHelperTests" name="FormatToStringTest1000" />
    </UnitTest>
    <UnitTest name="FormatToStringTest1000 (5835.26176155557,5835.26 zł)" storage="c:\projekty\mstestproject\bin\debug\netcoreapp3.1\mstestproject.dll" id="f374e264-213d-4259-b385-7c54042f166d">
      <TestCategory>
        <TestCategoryItem TestCategory="Category1000" />
      </TestCategory>
      <Execution id="25baa725-ec39-4cd1-93fc-8ce37eae1c11" />
      <TestMethod codeBase="C:\Projekty\MSTestProject\bin\Debug\netcoreapp3.1\MSTestProject.dll" adapterTypeName="executor://mstestadapter/v2" className="TwojeWesele.Services.Helpers.Tests.CurrencyHelperTests" name="FormatToStringTest1000" />
    </UnitTest>
    <UnitTest name="FormatToStringTest1000 (24570.65594858893,24570.66 zł)" storage="c:\projekty\mstestproject\bin\debug\netcoreapp3.1\mstestproject.dll" id="d6b31718-665f-4de0-b431-d53005b2b0cc">
      <TestCategory>
        <TestCategoryItem TestCategory="Category1000" />
      </TestCategory>
      <Execution id="7346a62e-0da4-4d84-9f0c-900ebd6e65d2" />
      <TestMethod codeBase="C:\Projekty\MSTestProject\bin\Debug\netcoreapp3.1\MSTestProject.dll" adapterTypeName="executor://mstestadapter/v2" className="TwojeWesele.Services.Helpers.Tests.CurrencyHelperTests" name="FormatToStringTest1000" />
    </UnitTest>
    <UnitTest name="FormatToStringTest1000 (32262.93788198984,32262.94 zł)" storage="c:\projekty\mstestproject\bin\debug\netcoreapp3.1\mstestproject.dll" id="addba26c-fea2-4a82-b851-7f91d7458e45">
      <TestCategory>
        <TestCategoryItem TestCategory="Category1000" />
      </TestCategory>
      <Execution id="d5d6fa8c-320f-4251-ace5-9e8528fc6f14" />
      <TestMethod codeBase="C:\Projekty\MSTestProject\bin\Debug\netcoreapp3.1\MSTestProject.dll" adapterTypeName="executor://mstestadapter/v2" className="TwojeWesele.Services.Helpers.Tests.CurrencyHelperTests" name="FormatToStringTest1000" />
    </UnitTest>
    <UnitTest name="FormatToStringTest1000 (30320.450517486992,30320.45 zł)" storage="c:\projekty\mstestproject\bin\debug\netcoreapp3.1\mstestproject.dll" id="152880fd-eae4-4b34-9505-9e953a761a32">
      <TestCategory>
        <TestCategoryItem TestCategory="Category1000" />
      </TestCategory>
      <Execution id="54d1c5fb-bb2d-4e1a-899f-23c1b942fd8c" />
      <TestMethod codeBase="C:\Projekty\MSTestProject\bin\Debug\netcoreapp3.1\MSTestProject.dll" adapterTypeName="executor://mstestadapter/v2" className="TwojeWesele.Services.Helpers.Tests.CurrencyHelperTests" name="FormatToStringTest1000" />
    </UnitTest>
    <UnitTest name="FormatToStringTest1000 (40889.35187774214,40889.35 zł)" storage="c:\projekty\mstestproject\bin\debug\netcoreapp3.1\mstestproject.dll" id="8e7c30f8-9024-4215-bff6-7b75083d905e">
      <TestCategory>
        <TestCategoryItem TestCategory="Category1000" />
      </TestCategory>
      <Execution id="6e60b341-9e5f-4f41-a974-fda8c9240a8d" />
      <TestMethod codeBase="C:\Projekty\MSTestProject\bin\Debug\netcoreapp3.1\MSTestProject.dll" adapterTypeName="executor://mstestadapter/v2" className="TwojeWesele.Services.Helpers.Tests.CurrencyHelperTests" name="FormatToStringTest1000" />
    </UnitTest>
    <UnitTest name="FormatToStringTest1000 (47393.54939526671,47393.55 zł)" storage="c:\projekty\mstestproject\bin\debug\netcoreapp3.1\mstestproject.dll" id="248f9dc0-7554-49a9-a9aa-13cb804bb91b">
      <TestCategory>
        <TestCategoryItem TestCategory="Category1000" />
      </TestCategory>
      <Execution id="3c6c7465-c3dc-419d-8fb7-581d74634ab0" />
      <TestMethod codeBase="C:\Projekty\MSTestProject\bin\Debug\netcoreapp3.1\MSTestProject.dll" adapterTypeName="executor://mstestadapter/v2" className="TwojeWesele.Services.Helpers.Tests.CurrencyHelperTests" name="FormatToStringTest1000" />
    </UnitTest>
    <UnitTest name="FormatToStringTest1000 (2718.1767171650085,2718.18 zł)" storage="c:\projekty\mstestproject\bin\debug\netcoreapp3.1\mstestproject.dll" id="2098a699-0f43-4409-9bdd-0c52bb1736e6">
      <TestCategory>
        <TestCategoryItem TestCategory="Category1000" />
      </TestCategory>
      <Execution id="621d9d0b-daec-422f-9db6-7ebbba68b7ef" />
      <TestMethod codeBase="C:\Projekty\MSTestProject\bin\Debug\netcoreapp3.1\MSTestProject.dll" adapterTypeName="executor://mstestadapter/v2" className="TwojeWesele.Services.Helpers.Tests.CurrencyHelperTests" name="FormatToStringTest1000" />
    </UnitTest>
    <UnitTest name="FormatToStringTest1000 (2423.6182769712145,2423.62 zł)" storage="c:\projekty\mstestproject\bin\debug\netcoreapp3.1\mstestproject.dll" id="3eae7d83-9b24-4583-b21b-ea02405c4a69">
      <TestCategory>
        <TestCategoryItem TestCategory="Category1000" />
      </TestCategory>
      <Execution id="0f965e68-7d33-438c-b52c-2d505c97fc84" />
      <TestMethod codeBase="C:\Projekty\MSTestProject\bin\Debug\netcoreapp3.1\MSTestProject.dll" adapterTypeName="executor://mstestadapter/v2" className="TwojeWesele.Services.Helpers.Tests.CurrencyHelperTests" name="FormatToStringTest1000" />
    </UnitTest>
    <UnitTest name="FormatToStringTest1000 (1896.1704506483723,1896.17 zł)" storage="c:\projekty\mstestproject\bin\debug\netcoreapp3.1\mstestproject.dll" id="c18f1c8c-40c9-47e4-a1b1-660b858e8cac">
      <TestCategory>
        <TestCategoryItem TestCategory="Category1000" />
      </TestCategory>
      <Execution id="24dfc7bd-4ef9-44c5-bbcd-41134def887c" />
      <TestMethod codeBase="C:\Projekty\MSTestProject\bin\Debug\netcoreapp3.1\MSTestProject.dll" adapterTypeName="executor://mstestadapter/v2" className="TwojeWesele.Services.Helpers.Tests.CurrencyHelperTests" name="FormatToStringTest1000" />
    </UnitTest>
    <UnitTest name="FormatToStringTest1000 (16901.497392274203,16901.50 zł)" storage="c:\projekty\mstestproject\bin\debug\netcoreapp3.1\mstestproject.dll" id="faa43f42-1c2c-4dbb-a299-12383382c83e">
      <TestCategory>
        <TestCategoryItem TestCategory="Category1000" />
      </TestCategory>
      <Execution id="355cdc45-9770-4814-8954-59a7cfe6fa4d" />
      <TestMethod codeBase="C:\Projekty\MSTestProject\bin\Debug\netcoreapp3.1\MSTestProject.dll" adapterTypeName="executor://mstestadapter/v2" className="TwojeWesele.Services.Helpers.Tests.CurrencyHelperTests" name="FormatToStringTest1000" />
    </UnitTest>
    <UnitTest name="FormatToStringTest1000 (34084.19497795599,34084.19 zł)" storage="c:\projekty\mstestproject\bin\debug\netcoreapp3.1\mstestproject.dll" id="e850ee17-41c0-4511-9ab1-928b8725347c">
      <TestCategory>
        <TestCategoryItem TestCategory="Category1000" />
      </TestCategory>
      <Execution id="7f0f38f5-f804-4483-913a-530ca7da17bb" />
      <TestMethod codeBase="C:\Projekty\MSTestProject\bin\Debug\netcoreapp3.1\MSTestProject.dll" adapterTypeName="executor://mstestadapter/v2" className="TwojeWesele.Services.Helpers.Tests.CurrencyHelperTests" name="FormatToStringTest1000" />
    </UnitTest>
    <UnitTest name="FormatToStringTest1000 (26515.80237687929,26515.80 zł)" storage="c:\projekty\mstestproject\bin\debug\netcoreapp3.1\mstestproject.dll" id="c812f38a-463d-432b-8be2-29c765560cef">
      <TestCategory>
        <TestCategoryItem TestCategory="Category1000" />
      </TestCategory>
      <Execution id="5645fde1-91be-4c52-8139-8bfb7c5fcaca" />
      <TestMethod codeBase="C:\Projekty\MSTestProject\bin\Debug\netcoreapp3.1\MSTestProject.dll" adapterTypeName="executor://mstestadapter/v2" className="TwojeWesele.Services.Helpers.Tests.CurrencyHelperTests" name="FormatToStringTest1000" />
    </UnitTest>
    <UnitTest name="FormatToStringTest1000 (26162.532683261918,26162.53 zł)" storage="c:\projekty\mstestproject\bin\debug\netcoreapp3.1\mstestproject.dll" id="49034c7a-fc20-4c38-a9f0-d8a3eb543bfa">
      <TestCategory>
        <TestCategoryItem TestCategory="Category1000" />
      </TestCategory>
      <Execution id="6e696e05-d25c-43be-8d03-7151ea88c179" />
      <TestMethod codeBase="C:\Projekty\MSTestProject\bin\Debug\netcoreapp3.1\MSTestProject.dll" adapterTypeName="executor://mstestadapter/v2" className="TwojeWesele.Services.Helpers.Tests.CurrencyHelperTests" name="FormatToStringTest1000" />
    </UnitTest>
    <UnitTest name="FormatToStringTest1000 (6213.265206352466,6213.27 zł)" storage="c:\projekty\mstestproject\bin\debug\netcoreapp3.1\mstestproject.dll" id="f07b0a54-4b7c-4c26-b968-9171ee26cc58">
      <TestCategory>
        <TestCategoryItem TestCategory="Category1000" />
      </TestCategory>
      <Execution id="2fc79e96-8616-484e-99a7-7372e398ec74" />
      <TestMethod codeBase="C:\Projekty\MSTestProject\bin\Debug\netcoreapp3.1\MSTestProject.dll" adapterTypeName="executor://mstestadapter/v2" className="TwojeWesele.Services.Helpers.Tests.CurrencyHelperTests" name="FormatToStringTest1000" />
    </UnitTest>
    <UnitTest name="FormatToStringTest1000 (14063.90676654871,14063.91 zł)" storage="c:\projekty\mstestproject\bin\debug\netcoreapp3.1\mstestproject.dll" id="6c54c93b-4ca7-44ed-81c9-87e4303b1d5e">
      <TestCategory>
        <TestCategoryItem TestCategory="Category1000" />
      </TestCategory>
      <Execution id="d49b9a29-dd36-429c-9ac2-095aaf59052a" />
      <TestMethod codeBase="C:\Projekty\MSTestProject\bin\Debug\netcoreapp3.1\MSTestProject.dll" adapterTypeName="executor://mstestadapter/v2" className="TwojeWesele.Services.Helpers.Tests.CurrencyHelperTests" name="FormatToStringTest1000" />
    </UnitTest>
    <UnitTest name="FormatToStringTest1000 (7182.939759099362,7182.94 zł)" storage="c:\projekty\mstestproject\bin\debug\netcoreapp3.1\mstestproject.dll" id="1a287212-ea56-44aa-9da4-3b25e0ee5227">
      <TestCategory>
        <TestCategoryItem TestCategory="Category1000" />
      </TestCategory>
      <Execution id="4fd13697-624c-446f-8e88-0770a1d124cc" />
      <TestMethod codeBase="C:\Projekty\MSTestProject\bin\Debug\netcoreapp3.1\MSTestProject.dll" adapterTypeName="executor://mstestadapter/v2" className="TwojeWesele.Services.Helpers.Tests.CurrencyHelperTests" name="FormatToStringTest1000" />
    </UnitTest>
    <UnitTest name="FormatToStringTest1000 (75987.03378503352,75987.03 zł)" storage="c:\projekty\mstestproject\bin\debug\netcoreapp3.1\mstestproject.dll" id="0f0bccdb-d813-45e8-9df5-32878fc30b5f">
      <TestCategory>
        <TestCategoryItem TestCategory="Category1000" />
      </TestCategory>
      <Execution id="3eef960e-441c-4ea4-9262-6ab24b2aaa58" />
      <TestMethod codeBase="C:\Projekty\MSTestProject\bin\Debug\netcoreapp3.1\MSTestProject.dll" adapterTypeName="executor://mstestadapter/v2" className="TwojeWesele.Services.Helpers.Tests.CurrencyHelperTests" name="FormatToStringTest1000" />
    </UnitTest>
    <UnitTest name="FormatToStringTest1000 (10965.74607995746,10965.75 zł)" storage="c:\projekty\mstestproject\bin\debug\netcoreapp3.1\mstestproject.dll" id="554e2705-e146-40ec-9f37-6810c2f9a4e4">
      <TestCategory>
        <TestCategoryItem TestCategory="Category1000" />
      </TestCategory>
      <Execution id="e07a09de-d639-40b4-8ed2-5604ddb79554" />
      <TestMethod codeBase="C:\Projekty\MSTestProject\bin\Debug\netcoreapp3.1\MSTestProject.dll" adapterTypeName="executor://mstestadapter/v2" className="TwojeWesele.Services.Helpers.Tests.CurrencyHelperTests" name="FormatToStringTest1000" />
    </UnitTest>
    <UnitTest name="FormatToStringTest1000 (24308.26523149212,24308.27 zł)" storage="c:\projekty\mstestproject\bin\debug\netcoreapp3.1\mstestproject.dll" id="99aaba41-337f-47ae-a105-818ae464d3cd">
      <TestCategory>
        <TestCategoryItem TestCategory="Category1000" />
      </TestCategory>
      <Execution id="f601f140-424a-4ecc-a32c-32cb54a6bff5" />
      <TestMethod codeBase="C:\Projekty\MSTestProject\bin\Debug\netcoreapp3.1\MSTestProject.dll" adapterTypeName="executor://mstestadapter/v2" className="TwojeWesele.Services.Helpers.Tests.CurrencyHelperTests" name="FormatToStringTest1000" />
    </UnitTest>
    <UnitTest name="FormatToStringTest1000 (15841.26419853478,15841.26 zł)" storage="c:\projekty\mstestproject\bin\debug\netcoreapp3.1\mstestproject.dll" id="c6d25aa1-7427-49c2-9214-905c75bd2705">
      <TestCategory>
        <TestCategoryItem TestCategory="Category1000" />
      </TestCategory>
      <Execution id="37d0e814-9856-4099-a307-3c520fab0384" />
      <TestMethod codeBase="C:\Projekty\MSTestProject\bin\Debug\netcoreapp3.1\MSTestProject.dll" adapterTypeName="executor://mstestadapter/v2" className="TwojeWesele.Services.Helpers.Tests.CurrencyHelperTests" name="FormatToStringTest1000" />
    </UnitTest>
    <UnitTest name="FormatToStringTest1000 (19208.676036795914,19208.68 zł)" storage="c:\projekty\mstestproject\bin\debug\netcoreapp3.1\mstestproject.dll" id="3bcb99d7-f6b5-416e-88c6-749f691b3625">
      <TestCategory>
        <TestCategoryItem TestCategory="Category1000" />
      </TestCategory>
      <Execution id="cdd2d006-f2c4-4c8d-b9b8-cbe4071b6a6b" />
      <TestMethod codeBase="C:\Projekty\MSTestProject\bin\Debug\netcoreapp3.1\MSTestProject.dll" adapterTypeName="executor://mstestadapter/v2" className="TwojeWesele.Services.Helpers.Tests.CurrencyHelperTests" name="FormatToStringTest1000" />
    </UnitTest>
    <UnitTest name="FormatToStringTest1000 (40857.08543233996,40857.09 zł)" storage="c:\projekty\mstestproject\bin\debug\netcoreapp3.1\mstestproject.dll" id="b2b489bd-c968-4486-966f-7a1dd6550f5e">
      <TestCategory>
        <TestCategoryItem TestCategory="Category1000" />
      </TestCategory>
      <Execution id="beccf5f8-109d-4365-802a-99cbbc7599f4" />
      <TestMethod codeBase="C:\Projekty\MSTestProject\bin\Debug\netcoreapp3.1\MSTestProject.dll" adapterTypeName="executor://mstestadapter/v2" className="TwojeWesele.Services.Helpers.Tests.CurrencyHelperTests" name="FormatToStringTest1000" />
    </UnitTest>
    <UnitTest name="FormatToStringTest1000 (39146.635743126564,39146.64 zł)" storage="c:\projekty\mstestproject\bin\debug\netcoreapp3.1\mstestproject.dll" id="51f9adb6-1c6b-490a-bc44-20889c54d81d">
      <TestCategory>
        <TestCategoryItem TestCategory="Category1000" />
      </TestCategory>
      <Execution id="e430b011-5b56-4b21-af15-2e67f268bc21" />
      <TestMethod codeBase="C:\Projekty\MSTestProject\bin\Debug\netcoreapp3.1\MSTestProject.dll" adapterTypeName="executor://mstestadapter/v2" className="TwojeWesele.Services.Helpers.Tests.CurrencyHelperTests" name="FormatToStringTest1000" />
    </UnitTest>
    <UnitTest name="FormatToStringTest1000 (75162.39407669863,75162.39 zł)" storage="c:\projekty\mstestproject\bin\debug\netcoreapp3.1\mstestproject.dll" id="74149508-cde7-42f6-a5bb-697d3c91f9df">
      <TestCategory>
        <TestCategoryItem TestCategory="Category1000" />
      </TestCategory>
      <Execution id="2b9432f5-aed0-433e-ab17-c021b111e1c0" />
      <TestMethod codeBase="C:\Projekty\MSTestProject\bin\Debug\netcoreapp3.1\MSTestProject.dll" adapterTypeName="executor://mstestadapter/v2" className="TwojeWesele.Services.Helpers.Tests.CurrencyHelperTests" name="FormatToStringTest1000" />
    </UnitTest>
    <UnitTest name="FormatToStringTest1000 (7813.027778348433,7813.03 zł)" storage="c:\projekty\mstestproject\bin\debug\netcoreapp3.1\mstestproject.dll" id="5bce2aa4-68c4-4a42-8bbb-7f2355b20a60">
      <TestCategory>
        <TestCategoryItem TestCategory="Category1000" />
      </TestCategory>
      <Execution id="657ee97b-1c70-4f02-a385-78ab75824832" />
      <TestMethod codeBase="C:\Projekty\MSTestProject\bin\Debug\netcoreapp3.1\MSTestProject.dll" adapterTypeName="executor://mstestadapter/v2" className="TwojeWesele.Services.Helpers.Tests.CurrencyHelperTests" name="FormatToStringTest1000" />
    </UnitTest>
    <UnitTest name="FormatToStringTest1000 (22330.217605518745,22330.22 zł)" storage="c:\projekty\mstestproject\bin\debug\netcoreapp3.1\mstestproject.dll" id="9c507d7b-3a9a-4049-a8e0-6af8a009e899">
      <TestCategory>
        <TestCategoryItem TestCategory="Category1000" />
      </TestCategory>
      <Execution id="11e26df5-ad92-42d5-b7b1-b6a9377133f0" />
      <TestMethod codeBase="C:\Projekty\MSTestProject\bin\Debug\netcoreapp3.1\MSTestProject.dll" adapterTypeName="executor://mstestadapter/v2" className="TwojeWesele.Services.Helpers.Tests.CurrencyHelperTests" name="FormatToStringTest1000" />
    </UnitTest>
    <UnitTest name="FormatToStringTest1000 (40035.54711080787,40035.55 zł)" storage="c:\projekty\mstestproject\bin\debug\netcoreapp3.1\mstestproject.dll" id="8058869a-865b-408b-826c-15e5aa6c37f5">
      <TestCategory>
        <TestCategoryItem TestCategory="Category1000" />
      </TestCategory>
      <Execution id="53b609e4-1aa0-43a2-a36e-dd1d88270e1f" />
      <TestMethod codeBase="C:\Projekty\MSTestProject\bin\Debug\netcoreapp3.1\MSTestProject.dll" adapterTypeName="executor://mstestadapter/v2" className="TwojeWesele.Services.Helpers.Tests.CurrencyHelperTests" name="FormatToStringTest1000" />
    </UnitTest>
    <UnitTest name="FormatToStringTest1000 (52810.91713865516,52810.92 zł)" storage="c:\projekty\mstestproject\bin\debug\netcoreapp3.1\mstestproject.dll" id="b5f70501-7f46-4e16-ab05-c59a8e2e1e2b">
      <TestCategory>
        <TestCategoryItem TestCategory="Category1000" />
      </TestCategory>
      <Execution id="0125e2d2-52be-44c5-aba1-46b099a45ccf" />
      <TestMethod codeBase="C:\Projekty\MSTestProject\bin\Debug\netcoreapp3.1\MSTestProject.dll" adapterTypeName="executor://mstestadapter/v2" className="TwojeWesele.Services.Helpers.Tests.CurrencyHelperTests" name="FormatToStringTest1000" />
    </UnitTest>
    <UnitTest name="FormatToStringTest1000 (30071.004434484523,30071.00 zł)" storage="c:\projekty\mstestproject\bin\debug\netcoreapp3.1\mstestproject.dll" id="e01fea0e-8b4d-4a14-9c1b-399e96c3b13d">
      <TestCategory>
        <TestCategoryItem TestCategory="Category1000" />
      </TestCategory>
      <Execution id="257b778e-c0b9-46a2-a615-bf7fcc718b63" />
      <TestMethod codeBase="C:\Projekty\MSTestProject\bin\Debug\netcoreapp3.1\MSTestProject.dll" adapterTypeName="executor://mstestadapter/v2" className="TwojeWesele.Services.Helpers.Tests.CurrencyHelperTests" name="FormatToStringTest1000" />
    </UnitTest>
    <UnitTest name="FormatToStringTest1000 (2346.9964869427477,2347.00 zł)" storage="c:\projekty\mstestproject\bin\debug\netcoreapp3.1\mstestproject.dll" id="deff4dcb-b9f7-4a8a-8be8-9790a6053581">
      <TestCategory>
        <TestCategoryItem TestCategory="Category1000" />
      </TestCategory>
      <Execution id="011bab85-70a9-4843-a654-8f9442f85e60" />
      <TestMethod codeBase="C:\Projekty\MSTestProject\bin\Debug\netcoreapp3.1\MSTestProject.dll" adapterTypeName="executor://mstestadapter/v2" className="TwojeWesele.Services.Helpers.Tests.CurrencyHelperTests" name="FormatToStringTest1000" />
    </UnitTest>
    <UnitTest name="FormatToStringTest1000 (79.6815319544084,79.68 zł)" storage="c:\projekty\mstestproject\bin\debug\netcoreapp3.1\mstestproject.dll" id="0813af3e-6aed-4cf6-9e81-894cce20be02">
      <TestCategory>
        <TestCategoryItem TestCategory="Category1000" />
      </TestCategory>
      <Execution id="763bd255-a4a9-4112-8cb7-dc736aa0d37c" />
      <TestMethod codeBase="C:\Projekty\MSTestProject\bin\Debug\netcoreapp3.1\MSTestProject.dll" adapterTypeName="executor://mstestadapter/v2" className="TwojeWesele.Services.Helpers.Tests.CurrencyHelperTests" name="FormatToStringTest1000" />
    </UnitTest>
    <UnitTest name="FormatToStringTest1000 (25990.318498101697,25990.32 zł)" storage="c:\projekty\mstestproject\bin\debug\netcoreapp3.1\mstestproject.dll" id="db2406d8-5e9f-49f3-8c50-1119953cc057">
      <TestCategory>
        <TestCategoryItem TestCategory="Category1000" />
      </TestCategory>
      <Execution id="3a639d53-94fd-4aeb-8b7a-5bc667a83006" />
      <TestMethod codeBase="C:\Projekty\MSTestProject\bin\Debug\netcoreapp3.1\MSTestProject.dll" adapterTypeName="executor://mstestadapter/v2" className="TwojeWesele.Services.Helpers.Tests.CurrencyHelperTests" name="FormatToStringTest1000" />
    </UnitTest>
    <UnitTest name="FormatToStringTest1000 (25116.590135570892,25116.59 zł)" storage="c:\projekty\mstestproject\bin\debug\netcoreapp3.1\mstestproject.dll" id="d8ee1fc6-4a2c-4707-85d2-ce50c07489fb">
      <TestCategory>
        <TestCategoryItem TestCategory="Category1000" />
      </TestCategory>
      <Execution id="15098c74-5bca-44a8-9d0b-3aa6ac363687" />
      <TestMethod codeBase="C:\Projekty\MSTestProject\bin\Debug\netcoreapp3.1\MSTestProject.dll" adapterTypeName="executor://mstestadapter/v2" className="TwojeWesele.Services.Helpers.Tests.CurrencyHelperTests" name="FormatToStringTest1000" />
    </UnitTest>
    <UnitTest name="FormatToStringTest1000 (28583.827618148098,28583.83 zł)" storage="c:\projekty\mstestproject\bin\debug\netcoreapp3.1\mstestproject.dll" id="d6e5944e-6c08-4ded-8f1b-4ee414ca6dbd">
      <TestCategory>
        <TestCategoryItem TestCategory="Category1000" />
      </TestCategory>
      <Execution id="3e9f226b-4209-42d6-9821-d1eabd16cc8d" />
      <TestMethod codeBase="C:\Projekty\MSTestProject\bin\Debug\netcoreapp3.1\MSTestProject.dll" adapterTypeName="executor://mstestadapter/v2" className="TwojeWesele.Services.Helpers.Tests.CurrencyHelperTests" name="FormatToStringTest1000" />
    </UnitTest>
    <UnitTest name="FormatToStringTest1000 (47630.39193684067,47630.39 zł)" storage="c:\projekty\mstestproject\bin\debug\netcoreapp3.1\mstestproject.dll" id="17813eab-8a34-4b48-93eb-71fd9c9df166">
      <TestCategory>
        <TestCategoryItem TestCategory="Category1000" />
      </TestCategory>
      <Execution id="f48b40e1-1d8d-4ee9-bf60-15b8b3a8a038" />
      <TestMethod codeBase="C:\Projekty\MSTestProject\bin\Debug\netcoreapp3.1\MSTestProject.dll" adapterTypeName="executor://mstestadapter/v2" className="TwojeWesele.Services.Helpers.Tests.CurrencyHelperTests" name="FormatToStringTest1000" />
    </UnitTest>
    <UnitTest name="FormatToStringTest1000 (35145.379208063416,35145.38 zł)" storage="c:\projekty\mstestproject\bin\debug\netcoreapp3.1\mstestproject.dll" id="9bc38719-4dd8-4ce2-abeb-44d8b10b6b8e">
      <TestCategory>
        <TestCategoryItem TestCategory="Category1000" />
      </TestCategory>
      <Execution id="e1116bd4-cd88-4fbb-857a-55cb2c5cfc10" />
      <TestMethod codeBase="C:\Projekty\MSTestProject\bin\Debug\netcoreapp3.1\MSTestProject.dll" adapterTypeName="executor://mstestadapter/v2" className="TwojeWesele.Services.Helpers.Tests.CurrencyHelperTests" name="FormatToStringTest1000" />
    </UnitTest>
    <UnitTest name="FormatToStringTest1000 (37387.37521261972,37387.38 zł)" storage="c:\projekty\mstestproject\bin\debug\netcoreapp3.1\mstestproject.dll" id="82129b92-7009-4c8e-ae12-f4b6623fb965">
      <TestCategory>
        <TestCategoryItem TestCategory="Category1000" />
      </TestCategory>
      <Execution id="757cfd5d-33fe-4990-a72b-e5d3aff1ad6b" />
      <TestMethod codeBase="C:\Projekty\MSTestProject\bin\Debug\netcoreapp3.1\MSTestProject.dll" adapterTypeName="executor://mstestadapter/v2" className="TwojeWesele.Services.Helpers.Tests.CurrencyHelperTests" name="FormatToStringTest1000" />
    </UnitTest>
    <UnitTest name="FormatToStringTest1000 (5279.315995182524,5279.32 zł)" storage="c:\projekty\mstestproject\bin\debug\netcoreapp3.1\mstestproject.dll" id="068f1604-a45b-4273-b081-5a915f40a197">
      <TestCategory>
        <TestCategoryItem TestCategory="Category1000" />
      </TestCategory>
      <Execution id="811eb1ac-e6a9-4a71-8f0d-6ce960f9f26c" />
      <TestMethod codeBase="C:\Projekty\MSTestProject\bin\Debug\netcoreapp3.1\MSTestProject.dll" adapterTypeName="executor://mstestadapter/v2" className="TwojeWesele.Services.Helpers.Tests.CurrencyHelperTests" name="FormatToStringTest1000" />
    </UnitTest>
    <UnitTest name="FormatToStringTest1000 (32908.76696502639,32908.77 zł)" storage="c:\projekty\mstestproject\bin\debug\netcoreapp3.1\mstestproject.dll" id="07963b52-bd47-4b8c-b181-945598341fc8">
      <TestCategory>
        <TestCategoryItem TestCategory="Category1000" />
      </TestCategory>
      <Execution id="a99d1f00-c708-4085-ba17-81f2f20472a5" />
      <TestMethod codeBase="C:\Projekty\MSTestProject\bin\Debug\netcoreapp3.1\MSTestProject.dll" adapterTypeName="executor://mstestadapter/v2" className="TwojeWesele.Services.Helpers.Tests.CurrencyHelperTests" name="FormatToStringTest1000" />
    </UnitTest>
    <UnitTest name="FormatToStringTest1000 (27187.549022783314,27187.55 zł)" storage="c:\projekty\mstestproject\bin\debug\netcoreapp3.1\mstestproject.dll" id="2e1c3747-ef73-42ea-8827-25f1a7626d5c">
      <TestCategory>
        <TestCategoryItem TestCategory="Category1000" />
      </TestCategory>
      <Execution id="9beeab56-43d5-458b-afe3-0e0b5221c973" />
      <TestMethod codeBase="C:\Projekty\MSTestProject\bin\Debug\netcoreapp3.1\MSTestProject.dll" adapterTypeName="executor://mstestadapter/v2" className="TwojeWesele.Services.Helpers.Tests.CurrencyHelperTests" name="FormatToStringTest1000" />
    </UnitTest>
    <UnitTest name="FormatToStringTest1000 (18032.4720825476,18032.47 zł)" storage="c:\projekty\mstestproject\bin\debug\netcoreapp3.1\mstestproject.dll" id="8a64fec7-d594-4014-877f-024dcfaafd3c">
      <TestCategory>
        <TestCategoryItem TestCategory="Category1000" />
      </TestCategory>
      <Execution id="02d05d03-2688-4787-b699-32339c839df8" />
      <TestMethod codeBase="C:\Projekty\MSTestProject\bin\Debug\netcoreapp3.1\MSTestProject.dll" adapterTypeName="executor://mstestadapter/v2" className="TwojeWesele.Services.Helpers.Tests.CurrencyHelperTests" name="FormatToStringTest1000" />
    </UnitTest>
    <UnitTest name="FormatToStringTest1000 (31300.40752580967,31300.41 zł)" storage="c:\projekty\mstestproject\bin\debug\netcoreapp3.1\mstestproject.dll" id="a7e8a3cc-4e2b-4cec-921f-87b4adae7437">
      <TestCategory>
        <TestCategoryItem TestCategory="Category1000" />
      </TestCategory>
      <Execution id="57600107-dfa8-4f55-af4c-169d4c68f673" />
      <TestMethod codeBase="C:\Projekty\MSTestProject\bin\Debug\netcoreapp3.1\MSTestProject.dll" adapterTypeName="executor://mstestadapter/v2" className="TwojeWesele.Services.Helpers.Tests.CurrencyHelperTests" name="FormatToStringTest1000" />
    </UnitTest>
    <UnitTest name="FormatToStringTest1000 (54724.71040318008,54724.71 zł)" storage="c:\projekty\mstestproject\bin\debug\netcoreapp3.1\mstestproject.dll" id="bc647d66-d8fe-4378-9753-88847de4cbfe">
      <TestCategory>
        <TestCategoryItem TestCategory="Category1000" />
      </TestCategory>
      <Execution id="0c8c9acf-d59b-402c-9f1d-5d390ada6796" />
      <TestMethod codeBase="C:\Projekty\MSTestProject\bin\Debug\netcoreapp3.1\MSTestProject.dll" adapterTypeName="executor://mstestadapter/v2" className="TwojeWesele.Services.Helpers.Tests.CurrencyHelperTests" name="FormatToStringTest1000" />
    </UnitTest>
    <UnitTest name="FormatToStringTest1000 (16825.83099003268,16825.83 zł)" storage="c:\projekty\mstestproject\bin\debug\netcoreapp3.1\mstestproject.dll" id="6a11e3e3-68aa-42b0-927a-7452ac560083">
      <TestCategory>
        <TestCategoryItem TestCategory="Category1000" />
      </TestCategory>
      <Execution id="782b3954-22fe-45ea-b61a-fe653eb7195c" />
      <TestMethod codeBase="C:\Projekty\MSTestProject\bin\Debug\netcoreapp3.1\MSTestProject.dll" adapterTypeName="executor://mstestadapter/v2" className="TwojeWesele.Services.Helpers.Tests.CurrencyHelperTests" name="FormatToStringTest1000" />
    </UnitTest>
    <UnitTest name="FormatToStringTest1000 (29926.595417457444,29926.60 zł)" storage="c:\projekty\mstestproject\bin\debug\netcoreapp3.1\mstestproject.dll" id="1f65e4cb-3f63-4f5b-a323-e140f81cb4ac">
      <TestCategory>
        <TestCategoryItem TestCategory="Category1000" />
      </TestCategory>
      <Execution id="23b54329-c4d7-449e-8984-b79eff74f3f9" />
      <TestMethod codeBase="C:\Projekty\MSTestProject\bin\Debug\netcoreapp3.1\MSTestProject.dll" adapterTypeName="executor://mstestadapter/v2" className="TwojeWesele.Services.Helpers.Tests.CurrencyHelperTests" name="FormatToStringTest1000" />
    </UnitTest>
    <UnitTest name="FormatToStringTest1000 (11175.438820935526,11175.44 zł)" storage="c:\projekty\mstestproject\bin\debug\netcoreapp3.1\mstestproject.dll" id="59e7d215-a8e9-4e8f-aed6-c66535f41633">
      <TestCategory>
        <TestCategoryItem TestCategory="Category1000" />
      </TestCategory>
      <Execution id="4550b333-c2a9-4f68-ac23-7bc5dc44cd23" />
      <TestMethod codeBase="C:\Projekty\MSTestProject\bin\Debug\netcoreapp3.1\MSTestProject.dll" adapterTypeName="executor://mstestadapter/v2" className="TwojeWesele.Services.Helpers.Tests.CurrencyHelperTests" name="FormatToStringTest1000" />
    </UnitTest>
    <UnitTest name="FormatToStringTest1000 (43858.624379632354,43858.62 zł)" storage="c:\projekty\mstestproject\bin\debug\netcoreapp3.1\mstestproject.dll" id="20971fbe-dd95-400a-9fb7-48d1054e98d8">
      <TestCategory>
        <TestCategoryItem TestCategory="Category1000" />
      </TestCategory>
      <Execution id="17700ae5-baa7-4185-8314-e37443f27e40" />
      <TestMethod codeBase="C:\Projekty\MSTestProject\bin\Debug\netcoreapp3.1\MSTestProject.dll" adapterTypeName="executor://mstestadapter/v2" className="TwojeWesele.Services.Helpers.Tests.CurrencyHelperTests" name="FormatToStringTest1000" />
    </UnitTest>
    <UnitTest name="FormatToStringTest1000 (2992.6161168593057,2992.62 zł)" storage="c:\projekty\mstestproject\bin\debug\netcoreapp3.1\mstestproject.dll" id="68a14e17-7036-4da0-abbc-025f554d8695">
      <TestCategory>
        <TestCategoryItem TestCategory="Category1000" />
      </TestCategory>
      <Execution id="d0661f84-151b-4a10-be7b-ab80c546ff2c" />
      <TestMethod codeBase="C:\Projekty\MSTestProject\bin\Debug\netcoreapp3.1\MSTestProject.dll" adapterTypeName="executor://mstestadapter/v2" className="TwojeWesele.Services.Helpers.Tests.CurrencyHelperTests" name="FormatToStringTest1000" />
    </UnitTest>
    <UnitTest name="FormatToStringTest1000 (90187.4082624374,90187.41 zł)" storage="c:\projekty\mstestproject\bin\debug\netcoreapp3.1\mstestproject.dll" id="4239de7d-3f17-42c9-9f73-ab0d3a692a2a">
      <TestCategory>
        <TestCategoryItem TestCategory="Category1000" />
      </TestCategory>
      <Execution id="98a310f8-1673-4c9a-9f07-df87df5f54af" />
      <TestMethod codeBase="C:\Projekty\MSTestProject\bin\Debug\netcoreapp3.1\MSTestProject.dll" adapterTypeName="executor://mstestadapter/v2" className="TwojeWesele.Services.Helpers.Tests.CurrencyHelperTests" name="FormatToStringTest1000" />
    </UnitTest>
    <UnitTest name="FormatToStringTest1000 (45299.778512198376,45299.78 zł)" storage="c:\projekty\mstestproject\bin\debug\netcoreapp3.1\mstestproject.dll" id="4af5cb3d-c248-48ab-8835-6579c405a200">
      <TestCategory>
        <TestCategoryItem TestCategory="Category1000" />
      </TestCategory>
      <Execution id="0878e16f-363c-4ba8-851b-c13f1995d5bf" />
      <TestMethod codeBase="C:\Projekty\MSTestProject\bin\Debug\netcoreapp3.1\MSTestProject.dll" adapterTypeName="executor://mstestadapter/v2" className="TwojeWesele.Services.Helpers.Tests.CurrencyHelperTests" name="FormatToStringTest1000" />
    </UnitTest>
    <UnitTest name="FormatToStringTest1000 (4898.699005344277,4898.70 zł)" storage="c:\projekty\mstestproject\bin\debug\netcoreapp3.1\mstestproject.dll" id="e918d4f5-69c2-4dea-8ad5-2814c669b6df">
      <TestCategory>
        <TestCategoryItem TestCategory="Category1000" />
      </TestCategory>
      <Execution id="aff3c163-2193-4763-9cad-524ef77dc5d3" />
      <TestMethod codeBase="C:\Projekty\MSTestProject\bin\Debug\netcoreapp3.1\MSTestProject.dll" adapterTypeName="executor://mstestadapter/v2" className="TwojeWesele.Services.Helpers.Tests.CurrencyHelperTests" name="FormatToStringTest1000" />
    </UnitTest>
    <UnitTest name="FormatToStringTest1000 (89093.57120939044,89093.57 zł)" storage="c:\projekty\mstestproject\bin\debug\netcoreapp3.1\mstestproject.dll" id="03f0b54f-3298-4c99-99da-0d4d5d2c94f6">
      <TestCategory>
        <TestCategoryItem TestCategory="Category1000" />
      </TestCategory>
      <Execution id="0ecb7fe1-d55c-4df1-b1cd-33bfeda593cb" />
      <TestMethod codeBase="C:\Projekty\MSTestProject\bin\Debug\netcoreapp3.1\MSTestProject.dll" adapterTypeName="executor://mstestadapter/v2" className="TwojeWesele.Services.Helpers.Tests.CurrencyHelperTests" name="FormatToStringTest1000" />
    </UnitTest>
    <UnitTest name="FormatToStringTest1000 (57181.240528605056,57181.24 zł)" storage="c:\projekty\mstestproject\bin\debug\netcoreapp3.1\mstestproject.dll" id="cb246839-9057-4b9d-aa02-1a255f20d51e">
      <TestCategory>
        <TestCategoryItem TestCategory="Category1000" />
      </TestCategory>
      <Execution id="744016e6-f4dd-45bd-9377-24b794a9117b" />
      <TestMethod codeBase="C:\Projekty\MSTestProject\bin\Debug\netcoreapp3.1\MSTestProject.dll" adapterTypeName="executor://mstestadapter/v2" className="TwojeWesele.Services.Helpers.Tests.CurrencyHelperTests" name="FormatToStringTest1000" />
    </UnitTest>
    <UnitTest name="FormatToStringTest1000 (22666.13578912995,22666.14 zł)" storage="c:\projekty\mstestproject\bin\debug\netcoreapp3.1\mstestproject.dll" id="1d847309-2964-4c73-b2ab-63f2d5ff52bf">
      <TestCategory>
        <TestCategoryItem TestCategory="Category1000" />
      </TestCategory>
      <Execution id="d6f73977-c1a3-4414-9a32-ab46f297eafa" />
      <TestMethod codeBase="C:\Projekty\MSTestProject\bin\Debug\netcoreapp3.1\MSTestProject.dll" adapterTypeName="executor://mstestadapter/v2" className="TwojeWesele.Services.Helpers.Tests.CurrencyHelperTests" name="FormatToStringTest1000" />
    </UnitTest>
    <UnitTest name="FormatToStringTest1000 (42767.96883676898,42767.97 zł)" storage="c:\projekty\mstestproject\bin\debug\netcoreapp3.1\mstestproject.dll" id="a2871ef4-b47f-4b22-a091-a7b0b2996592">
      <TestCategory>
        <TestCategoryItem TestCategory="Category1000" />
      </TestCategory>
      <Execution id="d5e51c31-b82e-4567-b7a2-d5a2546dd0da" />
      <TestMethod codeBase="C:\Projekty\MSTestProject\bin\Debug\netcoreapp3.1\MSTestProject.dll" adapterTypeName="executor://mstestadapter/v2" className="TwojeWesele.Services.Helpers.Tests.CurrencyHelperTests" name="FormatToStringTest1000" />
    </UnitTest>
    <UnitTest name="FormatToStringTest1000 (14137.400697779563,14137.40 zł)" storage="c:\projekty\mstestproject\bin\debug\netcoreapp3.1\mstestproject.dll" id="601bfbd1-a634-42ac-989b-95ae55e2cc2f">
      <TestCategory>
        <TestCategoryItem TestCategory="Category1000" />
      </TestCategory>
      <Execution id="8037bebd-9f42-4d61-8a56-2642e576bedf" />
      <TestMethod codeBase="C:\Projekty\MSTestProject\bin\Debug\netcoreapp3.1\MSTestProject.dll" adapterTypeName="executor://mstestadapter/v2" className="TwojeWesele.Services.Helpers.Tests.CurrencyHelperTests" name="FormatToStringTest1000" />
    </UnitTest>
    <UnitTest name="FormatToStringTest1000 (19882.647973500494,19882.65 zł)" storage="c:\projekty\mstestproject\bin\debug\netcoreapp3.1\mstestproject.dll" id="48509149-1e41-4a31-9e59-891c61147f39">
      <TestCategory>
        <TestCategoryItem TestCategory="Category1000" />
      </TestCategory>
      <Execution id="103437ff-576d-43c7-b06b-daabd4f99444" />
      <TestMethod codeBase="C:\Projekty\MSTestProject\bin\Debug\netcoreapp3.1\MSTestProject.dll" adapterTypeName="executor://mstestadapter/v2" className="TwojeWesele.Services.Helpers.Tests.CurrencyHelperTests" name="FormatToStringTest1000" />
    </UnitTest>
    <UnitTest name="FormatToStringTest1000 (7202.052143613367,7202.05 zł)" storage="c:\projekty\mstestproject\bin\debug\netcoreapp3.1\mstestproject.dll" id="e3dc8b2a-3b2f-4b36-86ca-d65ec22dd550">
      <TestCategory>
        <TestCategoryItem TestCategory="Category1000" />
      </TestCategory>
      <Execution id="4286c505-228a-43ae-8b17-4e929127081a" />
      <TestMethod codeBase="C:\Projekty\MSTestProject\bin\Debug\netcoreapp3.1\MSTestProject.dll" adapterTypeName="executor://mstestadapter/v2" className="TwojeWesele.Services.Helpers.Tests.CurrencyHelperTests" name="FormatToStringTest1000" />
    </UnitTest>
    <UnitTest name="FormatToStringTest1000 (964.9678631783313,964.97 zł)" storage="c:\projekty\mstestproject\bin\debug\netcoreapp3.1\mstestproject.dll" id="6a5bbb04-b891-42e9-9f8c-8e46c5ea38db">
      <TestCategory>
        <TestCategoryItem TestCategory="Category1000" />
      </TestCategory>
      <Execution id="601d5b56-0618-42eb-b7bd-537329933ff8" />
      <TestMethod codeBase="C:\Projekty\MSTestProject\bin\Debug\netcoreapp3.1\MSTestProject.dll" adapterTypeName="executor://mstestadapter/v2" className="TwojeWesele.Services.Helpers.Tests.CurrencyHelperTests" name="FormatToStringTest1000" />
    </UnitTest>
    <UnitTest name="FormatToStringTest1000 (64887.45559046951,64887.46 zł)" storage="c:\projekty\mstestproject\bin\debug\netcoreapp3.1\mstestproject.dll" id="cdb03de1-4088-4817-afe4-22f97559eeb4">
      <TestCategory>
        <TestCategoryItem TestCategory="Category1000" />
      </TestCategory>
      <Execution id="786fd584-24ce-4f07-967f-87a1106da5da" />
      <TestMethod codeBase="C:\Projekty\MSTestProject\bin\Debug\netcoreapp3.1\MSTestProject.dll" adapterTypeName="executor://mstestadapter/v2" className="TwojeWesele.Services.Helpers.Tests.CurrencyHelperTests" name="FormatToStringTest1000" />
    </UnitTest>
    <UnitTest name="FormatToStringTest1000 (27164.0272410419,27164.03 zł)" storage="c:\projekty\mstestproject\bin\debug\netcoreapp3.1\mstestproject.dll" id="e54500d3-ce3b-4aff-b8aa-4f95eec3e847">
      <TestCategory>
        <TestCategoryItem TestCategory="Category1000" />
      </TestCategory>
      <Execution id="0cc70e13-06fa-4934-8cb5-e927547cee5b" />
      <TestMethod codeBase="C:\Projekty\MSTestProject\bin\Debug\netcoreapp3.1\MSTestProject.dll" adapterTypeName="executor://mstestadapter/v2" className="TwojeWesele.Services.Helpers.Tests.CurrencyHelperTests" name="FormatToStringTest1000" />
    </UnitTest>
    <UnitTest name="FormatToStringTest1000 (17875.613377604455,17875.61 zł)" storage="c:\projekty\mstestproject\bin\debug\netcoreapp3.1\mstestproject.dll" id="4c249a64-de28-4c33-82ff-6ec930446968">
      <TestCategory>
        <TestCategoryItem TestCategory="Category1000" />
      </TestCategory>
      <Execution id="db421a18-39db-43c1-ad8e-583b45a5c16f" />
      <TestMethod codeBase="C:\Projekty\MSTestProject\bin\Debug\netcoreapp3.1\MSTestProject.dll" adapterTypeName="executor://mstestadapter/v2" className="TwojeWesele.Services.Helpers.Tests.CurrencyHelperTests" name="FormatToStringTest1000" />
    </UnitTest>
    <UnitTest name="FormatToStringTest1000 (18424.864078561244,18424.86 zł)" storage="c:\projekty\mstestproject\bin\debug\netcoreapp3.1\mstestproject.dll" id="d76e7316-e159-48e5-8595-484732822401">
      <TestCategory>
        <TestCategoryItem TestCategory="Category1000" />
      </TestCategory>
      <Execution id="a86a71b1-a05b-4aba-8b4a-1265741a13e5" />
      <TestMethod codeBase="C:\Projekty\MSTestProject\bin\Debug\netcoreapp3.1\MSTestProject.dll" adapterTypeName="executor://mstestadapter/v2" className="TwojeWesele.Services.Helpers.Tests.CurrencyHelperTests" name="FormatToStringTest1000" />
    </UnitTest>
    <UnitTest name="FormatToStringTest1000 (5317.9582678023535,5317.96 zł)" storage="c:\projekty\mstestproject\bin\debug\netcoreapp3.1\mstestproject.dll" id="9302e8bd-1190-4028-8970-cf445d7373d5">
      <TestCategory>
        <TestCategoryItem TestCategory="Category1000" />
      </TestCategory>
      <Execution id="c8fbc6d0-16e6-4b3c-b6c3-3dc78bd80f21" />
      <TestMethod codeBase="C:\Projekty\MSTestProject\bin\Debug\netcoreapp3.1\MSTestProject.dll" adapterTypeName="executor://mstestadapter/v2" className="TwojeWesele.Services.Helpers.Tests.CurrencyHelperTests" name="FormatToStringTest1000" />
    </UnitTest>
    <UnitTest name="FormatToStringTest1000 (6890.028458985514,6890.03 zł)" storage="c:\projekty\mstestproject\bin\debug\netcoreapp3.1\mstestproject.dll" id="691d1f93-7ab3-4c0c-b07e-6e40333dea72">
      <TestCategory>
        <TestCategoryItem TestCategory="Category1000" />
      </TestCategory>
      <Execution id="526167b4-45bb-4101-a4bc-32a72ce505a9" />
      <TestMethod codeBase="C:\Projekty\MSTestProject\bin\Debug\netcoreapp3.1\MSTestProject.dll" adapterTypeName="executor://mstestadapter/v2" className="TwojeWesele.Services.Helpers.Tests.CurrencyHelperTests" name="FormatToStringTest1000" />
    </UnitTest>
    <UnitTest name="FormatToStringTest1000 (17988.455793307843,17988.46 zł)" storage="c:\projekty\mstestproject\bin\debug\netcoreapp3.1\mstestproject.dll" id="afad8fab-72df-4545-92ab-ff164550608f">
      <TestCategory>
        <TestCategoryItem TestCategory="Category1000" />
      </TestCategory>
      <Execution id="7b09fd63-e161-4d8e-a7ed-e57465be0708" />
      <TestMethod codeBase="C:\Projekty\MSTestProject\bin\Debug\netcoreapp3.1\MSTestProject.dll" adapterTypeName="executor://mstestadapter/v2" className="TwojeWesele.Services.Helpers.Tests.CurrencyHelperTests" name="FormatToStringTest1000" />
    </UnitTest>
    <UnitTest name="FormatToStringTest1000 (8599.45217413616,8599.45 zł)" storage="c:\projekty\mstestproject\bin\debug\netcoreapp3.1\mstestproject.dll" id="141cf42c-736c-492d-903a-4f9a85ad82be">
      <TestCategory>
        <TestCategoryItem TestCategory="Category1000" />
      </TestCategory>
      <Execution id="17753e62-ff88-4b3c-a526-af981f3a3f9c" />
      <TestMethod codeBase="C:\Projekty\MSTestProject\bin\Debug\netcoreapp3.1\MSTestProject.dll" adapterTypeName="executor://mstestadapter/v2" className="TwojeWesele.Services.Helpers.Tests.CurrencyHelperTests" name="FormatToStringTest1000" />
    </UnitTest>
    <UnitTest name="FormatToStringTest1000 (1181.5773122979222,1181.58 zł)" storage="c:\projekty\mstestproject\bin\debug\netcoreapp3.1\mstestproject.dll" id="fb1f664b-9c1d-40fd-87aa-587efa8f26fd">
      <TestCategory>
        <TestCategoryItem TestCategory="Category1000" />
      </TestCategory>
      <Execution id="35f87a30-5b05-48a1-8058-0d2566317e3c" />
      <TestMethod codeBase="C:\Projekty\MSTestProject\bin\Debug\netcoreapp3.1\MSTestProject.dll" adapterTypeName="executor://mstestadapter/v2" className="TwojeWesele.Services.Helpers.Tests.CurrencyHelperTests" name="FormatToStringTest1000" />
    </UnitTest>
    <UnitTest name="FormatToStringTest1000 (46590.9609819562,46590.96 zł)" storage="c:\projekty\mstestproject\bin\debug\netcoreapp3.1\mstestproject.dll" id="93286f52-62b1-482b-9ab2-f1c52825fed4">
      <TestCategory>
        <TestCategoryItem TestCategory="Category1000" />
      </TestCategory>
      <Execution id="1aebda6e-d1d2-4132-9e5f-415d34bbd7d7" />
      <TestMethod codeBase="C:\Projekty\MSTestProject\bin\Debug\netcoreapp3.1\MSTestProject.dll" adapterTypeName="executor://mstestadapter/v2" className="TwojeWesele.Services.Helpers.Tests.CurrencyHelperTests" name="FormatToStringTest1000" />
    </UnitTest>
    <UnitTest name="FormatToStringTest1000 (27893.312729890138,27893.31 zł)" storage="c:\projekty\mstestproject\bin\debug\netcoreapp3.1\mstestproject.dll" id="a3acfbc6-447a-4059-82b6-3d6052ffdff1">
      <TestCategory>
        <TestCategoryItem TestCategory="Category1000" />
      </TestCategory>
      <Execution id="f2070d54-bcf6-4df8-95c1-93321c85d4cb" />
      <TestMethod codeBase="C:\Projekty\MSTestProject\bin\Debug\netcoreapp3.1\MSTestProject.dll" adapterTypeName="executor://mstestadapter/v2" className="TwojeWesele.Services.Helpers.Tests.CurrencyHelperTests" name="FormatToStringTest1000" />
    </UnitTest>
    <UnitTest name="FormatToStringTest1000 (5978.1197194131655,5978.12 zł)" storage="c:\projekty\mstestproject\bin\debug\netcoreapp3.1\mstestproject.dll" id="41d860c0-859d-4661-802c-ee7db31508e3">
      <TestCategory>
        <TestCategoryItem TestCategory="Category1000" />
      </TestCategory>
      <Execution id="5f7291a6-f4ea-476a-93b0-1aabeb4e0c70" />
      <TestMethod codeBase="C:\Projekty\MSTestProject\bin\Debug\netcoreapp3.1\MSTestProject.dll" adapterTypeName="executor://mstestadapter/v2" className="TwojeWesele.Services.Helpers.Tests.CurrencyHelperTests" name="FormatToStringTest1000" />
    </UnitTest>
    <UnitTest name="FormatToStringTest1000 (8347.417790138823,8347.42 zł)" storage="c:\projekty\mstestproject\bin\debug\netcoreapp3.1\mstestproject.dll" id="ee715611-fabe-4de4-a153-c56c839206e0">
      <TestCategory>
        <TestCategoryItem TestCategory="Category1000" />
      </TestCategory>
      <Execution id="2b163ada-c425-4fae-973b-3f9c697c6fba" />
      <TestMethod codeBase="C:\Projekty\MSTestProject\bin\Debug\netcoreapp3.1\MSTestProject.dll" adapterTypeName="executor://mstestadapter/v2" className="TwojeWesele.Services.Helpers.Tests.CurrencyHelperTests" name="FormatToStringTest1000" />
    </UnitTest>
    <UnitTest name="FormatToStringTest1000 (13092.45389243609,13092.45 zł)" storage="c:\projekty\mstestproject\bin\debug\netcoreapp3.1\mstestproject.dll" id="a005b318-bbc0-46eb-a8a2-7a73e518e85a">
      <TestCategory>
        <TestCategoryItem TestCategory="Category1000" />
      </TestCategory>
      <Execution id="7e5f40bc-d12f-4435-b2d0-74f1e2c642bb" />
      <TestMethod codeBase="C:\Projekty\MSTestProject\bin\Debug\netcoreapp3.1\MSTestProject.dll" adapterTypeName="executor://mstestadapter/v2" className="TwojeWesele.Services.Helpers.Tests.CurrencyHelperTests" name="FormatToStringTest1000" />
    </UnitTest>
    <UnitTest name="FormatToStringTest1000 (16388.556189478633,16388.56 zł)" storage="c:\projekty\mstestproject\bin\debug\netcoreapp3.1\mstestproject.dll" id="1addae71-1f2f-4886-9073-47abd160a56d">
      <TestCategory>
        <TestCategoryItem TestCategory="Category1000" />
      </TestCategory>
      <Execution id="f0f64587-45a7-478c-854a-b39a17abaac0" />
      <TestMethod codeBase="C:\Projekty\MSTestProject\bin\Debug\netcoreapp3.1\MSTestProject.dll" adapterTypeName="executor://mstestadapter/v2" className="TwojeWesele.Services.Helpers.Tests.CurrencyHelperTests" name="FormatToStringTest1000" />
    </UnitTest>
    <UnitTest name="FormatToStringTest1000 (29917.15005391145,29917.15 zł)" storage="c:\projekty\mstestproject\bin\debug\netcoreapp3.1\mstestproject.dll" id="80285c34-b356-4dc5-8133-081ce62748cc">
      <TestCategory>
        <TestCategoryItem TestCategory="Category1000" />
      </TestCategory>
      <Execution id="9bc56d91-9ce5-4408-b63d-213f780aa4a0" />
      <TestMethod codeBase="C:\Projekty\MSTestProject\bin\Debug\netcoreapp3.1\MSTestProject.dll" adapterTypeName="executor://mstestadapter/v2" className="TwojeWesele.Services.Helpers.Tests.CurrencyHelperTests" name="FormatToStringTest1000" />
    </UnitTest>
    <UnitTest name="FormatToStringTest1000 (28579.14698705503,28579.15 zł)" storage="c:\projekty\mstestproject\bin\debug\netcoreapp3.1\mstestproject.dll" id="dbf1441c-713c-4f7e-bc52-8a8b86cba583">
      <TestCategory>
        <TestCategoryItem TestCategory="Category1000" />
      </TestCategory>
      <Execution id="7d09c039-48c9-4131-80fd-130c7343cfe9" />
      <TestMethod codeBase="C:\Projekty\MSTestProject\bin\Debug\netcoreapp3.1\MSTestProject.dll" adapterTypeName="executor://mstestadapter/v2" className="TwojeWesele.Services.Helpers.Tests.CurrencyHelperTests" name="FormatToStringTest1000" />
    </UnitTest>
    <UnitTest name="FormatToStringTest1000 (9928.477822322622,9928.48 zł)" storage="c:\projekty\mstestproject\bin\debug\netcoreapp3.1\mstestproject.dll" id="4d3a492c-c18e-4c6a-a03a-3c7e7df41809">
      <TestCategory>
        <TestCategoryItem TestCategory="Category1000" />
      </TestCategory>
      <Execution id="1820d92b-b240-4696-9b08-1b8ee7f80c52" />
      <TestMethod codeBase="C:\Projekty\MSTestProject\bin\Debug\netcoreapp3.1\MSTestProject.dll" adapterTypeName="executor://mstestadapter/v2" className="TwojeWesele.Services.Helpers.Tests.CurrencyHelperTests" name="FormatToStringTest1000" />
    </UnitTest>
    <UnitTest name="FormatToStringTest1000 (29362.005930638876,29362.01 zł)" storage="c:\projekty\mstestproject\bin\debug\netcoreapp3.1\mstestproject.dll" id="7ed3ff00-b93b-4ef8-bd8b-c64737935ca1">
      <TestCategory>
        <TestCategoryItem TestCategory="Category1000" />
      </TestCategory>
      <Execution id="0c7e32ca-5fa6-4307-b707-4fa50eab01c9" />
      <TestMethod codeBase="C:\Projekty\MSTestProject\bin\Debug\netcoreapp3.1\MSTestProject.dll" adapterTypeName="executor://mstestadapter/v2" className="TwojeWesele.Services.Helpers.Tests.CurrencyHelperTests" name="FormatToStringTest1000" />
    </UnitTest>
    <UnitTest name="FormatToStringTest1000 (803.2448148733214,803.24 zł)" storage="c:\projekty\mstestproject\bin\debug\netcoreapp3.1\mstestproject.dll" id="e97b9c94-3b2e-4f48-ae9f-9f212e3be14f">
      <TestCategory>
        <TestCategoryItem TestCategory="Category1000" />
      </TestCategory>
      <Execution id="9f21e746-9463-4dec-b117-3540609a8066" />
      <TestMethod codeBase="C:\Projekty\MSTestProject\bin\Debug\netcoreapp3.1\MSTestProject.dll" adapterTypeName="executor://mstestadapter/v2" className="TwojeWesele.Services.Helpers.Tests.CurrencyHelperTests" name="FormatToStringTest1000" />
    </UnitTest>
    <UnitTest name="FormatToStringTest1000 (17579.823312525088,17579.82 zł)" storage="c:\projekty\mstestproject\bin\debug\netcoreapp3.1\mstestproject.dll" id="a636d441-f8b0-4c72-bda4-18679cdcd59d">
      <TestCategory>
        <TestCategoryItem TestCategory="Category1000" />
      </TestCategory>
      <Execution id="cf830c7b-d1e8-44dd-820a-1e45560beef5" />
      <TestMethod codeBase="C:\Projekty\MSTestProject\bin\Debug\netcoreapp3.1\MSTestProject.dll" adapterTypeName="executor://mstestadapter/v2" className="TwojeWesele.Services.Helpers.Tests.CurrencyHelperTests" name="FormatToStringTest1000" />
    </UnitTest>
    <UnitTest name="FormatToStringTest1000 (64210.358316209335,64210.36 zł)" storage="c:\projekty\mstestproject\bin\debug\netcoreapp3.1\mstestproject.dll" id="41afaecc-4b69-46d2-9750-9116056aba66">
      <TestCategory>
        <TestCategoryItem TestCategory="Category1000" />
      </TestCategory>
      <Execution id="9d47bef5-c1b2-4fcb-84e8-221f1a55736c" />
      <TestMethod codeBase="C:\Projekty\MSTestProject\bin\Debug\netcoreapp3.1\MSTestProject.dll" adapterTypeName="executor://mstestadapter/v2" className="TwojeWesele.Services.Helpers.Tests.CurrencyHelperTests" name="FormatToStringTest1000" />
    </UnitTest>
    <UnitTest name="FormatToStringTest1000 (70149.17842025738,70149.18 zł)" storage="c:\projekty\mstestproject\bin\debug\netcoreapp3.1\mstestproject.dll" id="87521212-bd08-4aab-8730-7f56f0215767">
      <TestCategory>
        <TestCategoryItem TestCategory="Category1000" />
      </TestCategory>
      <Execution id="95ff69e0-a6a3-4a59-989c-a1f39fba720d" />
      <TestMethod codeBase="C:\Projekty\MSTestProject\bin\Debug\netcoreapp3.1\MSTestProject.dll" adapterTypeName="executor://mstestadapter/v2" className="TwojeWesele.Services.Helpers.Tests.CurrencyHelperTests" name="FormatToStringTest1000" />
    </UnitTest>
    <UnitTest name="FormatToStringTest1000 (16210.791556035536,16210.79 zł)" storage="c:\projekty\mstestproject\bin\debug\netcoreapp3.1\mstestproject.dll" id="7abaf874-2382-43fd-ad74-9ec2dca527cb">
      <TestCategory>
        <TestCategoryItem TestCategory="Category1000" />
      </TestCategory>
      <Execution id="d3b53567-08d2-4dd1-8629-c3bb35bf9d2f" />
      <TestMethod codeBase="C:\Projekty\MSTestProject\bin\Debug\netcoreapp3.1\MSTestProject.dll" adapterTypeName="executor://mstestadapter/v2" className="TwojeWesele.Services.Helpers.Tests.CurrencyHelperTests" name="FormatToStringTest1000" />
    </UnitTest>
    <UnitTest name="FormatToStringTest1000 (42728.35751444258,42728.36 zł)" storage="c:\projekty\mstestproject\bin\debug\netcoreapp3.1\mstestproject.dll" id="a0152cbf-f2b4-4a6e-a0b3-f645132f1c3b">
      <TestCategory>
        <TestCategoryItem TestCategory="Category1000" />
      </TestCategory>
      <Execution id="5d66e391-9e7a-4b41-9b5f-52ef60d40e38" />
      <TestMethod codeBase="C:\Projekty\MSTestProject\bin\Debug\netcoreapp3.1\MSTestProject.dll" adapterTypeName="executor://mstestadapter/v2" className="TwojeWesele.Services.Helpers.Tests.CurrencyHelperTests" name="FormatToStringTest1000" />
    </UnitTest>
    <UnitTest name="FormatToStringTest1000 (4919.073526169674,4919.07 zł)" storage="c:\projekty\mstestproject\bin\debug\netcoreapp3.1\mstestproject.dll" id="0f580565-9e16-489d-99cb-959b12177a15">
      <TestCategory>
        <TestCategoryItem TestCategory="Category1000" />
      </TestCategory>
      <Execution id="16e9ca5d-47c7-494d-9638-d99befa09204" />
      <TestMethod codeBase="C:\Projekty\MSTestProject\bin\Debug\netcoreapp3.1\MSTestProject.dll" adapterTypeName="executor://mstestadapter/v2" className="TwojeWesele.Services.Helpers.Tests.CurrencyHelperTests" name="FormatToStringTest1000" />
    </UnitTest>
    <UnitTest name="FormatToStringTest1000 (73301.91270130403,73301.91 zł)" storage="c:\projekty\mstestproject\bin\debug\netcoreapp3.1\mstestproject.dll" id="66c12e37-5aab-4668-a1dd-a8ae4985e720">
      <TestCategory>
        <TestCategoryItem TestCategory="Category1000" />
      </TestCategory>
      <Execution id="7bc75093-6859-494b-970a-a030a623c84a" />
      <TestMethod codeBase="C:\Projekty\MSTestProject\bin\Debug\netcoreapp3.1\MSTestProject.dll" adapterTypeName="executor://mstestadapter/v2" className="TwojeWesele.Services.Helpers.Tests.CurrencyHelperTests" name="FormatToStringTest1000" />
    </UnitTest>
    <UnitTest name="FormatToStringTest1000 (25135.10315489727,25135.10 zł)" storage="c:\projekty\mstestproject\bin\debug\netcoreapp3.1\mstestproject.dll" id="df0524b5-3a90-4c25-990b-2ba4e89edcd0">
      <TestCategory>
        <TestCategoryItem TestCategory="Category1000" />
      </TestCategory>
      <Execution id="40a8c51c-968a-457a-88b7-d6ef55bab3e7" />
      <TestMethod codeBase="C:\Projekty\MSTestProject\bin\Debug\netcoreapp3.1\MSTestProject.dll" adapterTypeName="executor://mstestadapter/v2" className="TwojeWesele.Services.Helpers.Tests.CurrencyHelperTests" name="FormatToStringTest1000" />
    </UnitTest>
    <UnitTest name="FormatToStringTest1000 (181.3640542483721,181.36 zł)" storage="c:\projekty\mstestproject\bin\debug\netcoreapp3.1\mstestproject.dll" id="5f521375-54e8-414c-a17d-dfbaeeb1a4e9">
      <TestCategory>
        <TestCategoryItem TestCategory="Category1000" />
      </TestCategory>
      <Execution id="229c9a95-2552-49f0-9dce-76d6585c9ef9" />
      <TestMethod codeBase="C:\Projekty\MSTestProject\bin\Debug\netcoreapp3.1\MSTestProject.dll" adapterTypeName="executor://mstestadapter/v2" className="TwojeWesele.Services.Helpers.Tests.CurrencyHelperTests" name="FormatToStringTest1000" />
    </UnitTest>
    <UnitTest name="FormatToStringTest1000 (11157.981051815665,11157.98 zł)" storage="c:\projekty\mstestproject\bin\debug\netcoreapp3.1\mstestproject.dll" id="8f5d0343-6cde-4b34-a180-63ea732fd3c5">
      <TestCategory>
        <TestCategoryItem TestCategory="Category1000" />
      </TestCategory>
      <Execution id="61b94e9c-b86c-4e43-9303-7821de73b127" />
      <TestMethod codeBase="C:\Projekty\MSTestProject\bin\Debug\netcoreapp3.1\MSTestProject.dll" adapterTypeName="executor://mstestadapter/v2" className="TwojeWesele.Services.Helpers.Tests.CurrencyHelperTests" name="FormatToStringTest1000" />
    </UnitTest>
    <UnitTest name="FormatToStringTest1000 (59768.02667973611,59768.03 zł)" storage="c:\projekty\mstestproject\bin\debug\netcoreapp3.1\mstestproject.dll" id="877d66af-5f25-4f5e-89bc-d3161f329efc">
      <TestCategory>
        <TestCategoryItem TestCategory="Category1000" />
      </TestCategory>
      <Execution id="c01dfa60-2695-4f77-8b08-d456135e91fc" />
      <TestMethod codeBase="C:\Projekty\MSTestProject\bin\Debug\netcoreapp3.1\MSTestProject.dll" adapterTypeName="executor://mstestadapter/v2" className="TwojeWesele.Services.Helpers.Tests.CurrencyHelperTests" name="FormatToStringTest1000" />
    </UnitTest>
    <UnitTest name="FormatToStringTest1000 (28080.92507087669,28080.93 zł)" storage="c:\projekty\mstestproject\bin\debug\netcoreapp3.1\mstestproject.dll" id="dedcc320-3c4f-4c17-af21-5dbc434f99a9">
      <TestCategory>
        <TestCategoryItem TestCategory="Category1000" />
      </TestCategory>
      <Execution id="f610a660-6c2d-4daf-9b06-32c020547d90" />
      <TestMethod codeBase="C:\Projekty\MSTestProject\bin\Debug\netcoreapp3.1\MSTestProject.dll" adapterTypeName="executor://mstestadapter/v2" className="TwojeWesele.Services.Helpers.Tests.CurrencyHelperTests" name="FormatToStringTest1000" />
    </UnitTest>
    <UnitTest name="FormatToStringTest1000 (44361.82678515177,44361.83 zł)" storage="c:\projekty\mstestproject\bin\debug\netcoreapp3.1\mstestproject.dll" id="9d60cb75-ec30-4dfd-b6ce-2fc5b42e1c07">
      <TestCategory>
        <TestCategoryItem TestCategory="Category1000" />
      </TestCategory>
      <Execution id="d5e9f235-2b93-4cce-a8a5-60744a27b90d" />
      <TestMethod codeBase="C:\Projekty\MSTestProject\bin\Debug\netcoreapp3.1\MSTestProject.dll" adapterTypeName="executor://mstestadapter/v2" className="TwojeWesele.Services.Helpers.Tests.CurrencyHelperTests" name="FormatToStringTest1000" />
    </UnitTest>
    <UnitTest name="FormatToStringTest1000 (16190.113943164757,16190.11 zł)" storage="c:\projekty\mstestproject\bin\debug\netcoreapp3.1\mstestproject.dll" id="6c8ec66a-58fc-424c-b0bc-4d4b3cb73f03">
      <TestCategory>
        <TestCategoryItem TestCategory="Category1000" />
      </TestCategory>
      <Execution id="f09e9573-a034-427d-8b48-0ae817c20749" />
      <TestMethod codeBase="C:\Projekty\MSTestProject\bin\Debug\netcoreapp3.1\MSTestProject.dll" adapterTypeName="executor://mstestadapter/v2" className="TwojeWesele.Services.Helpers.Tests.CurrencyHelperTests" name="FormatToStringTest1000" />
    </UnitTest>
    <UnitTest name="FormatToStringTest1000 (835.1578487740633,835.16 zł)" storage="c:\projekty\mstestproject\bin\debug\netcoreapp3.1\mstestproject.dll" id="d2008538-f5ce-4c59-bccf-23e1a3cb4b25">
      <TestCategory>
        <TestCategoryItem TestCategory="Category1000" />
      </TestCategory>
      <Execution id="251cc643-4ef0-48a3-9c34-341938c3b8e7" />
      <TestMethod codeBase="C:\Projekty\MSTestProject\bin\Debug\netcoreapp3.1\MSTestProject.dll" adapterTypeName="executor://mstestadapter/v2" className="TwojeWesele.Services.Helpers.Tests.CurrencyHelperTests" name="FormatToStringTest1000" />
    </UnitTest>
    <UnitTest name="FormatToStringTest1000 (20752.33758466334,20752.34 zł)" storage="c:\projekty\mstestproject\bin\debug\netcoreapp3.1\mstestproject.dll" id="d42e16e1-e490-49ab-acf5-95c13ad19f7b">
      <TestCategory>
        <TestCategoryItem TestCategory="Category1000" />
      </TestCategory>
      <Execution id="289e39fd-e165-4564-916f-1e287e50fd61" />
      <TestMethod codeBase="C:\Projekty\MSTestProject\bin\Debug\netcoreapp3.1\MSTestProject.dll" adapterTypeName="executor://mstestadapter/v2" className="TwojeWesele.Services.Helpers.Tests.CurrencyHelperTests" name="FormatToStringTest1000" />
    </UnitTest>
    <UnitTest name="FormatToStringTest1000 (6352.983758103561,6352.98 zł)" storage="c:\projekty\mstestproject\bin\debug\netcoreapp3.1\mstestproject.dll" id="e3aafd49-8414-47b9-a3d0-28707d849e1d">
      <TestCategory>
        <TestCategoryItem TestCategory="Category1000" />
      </TestCategory>
      <Execution id="2660644f-c634-4dfb-9398-7d6dd81516ed" />
      <TestMethod codeBase="C:\Projekty\MSTestProject\bin\Debug\netcoreapp3.1\MSTestProject.dll" adapterTypeName="executor://mstestadapter/v2" className="TwojeWesele.Services.Helpers.Tests.CurrencyHelperTests" name="FormatToStringTest1000" />
    </UnitTest>
    <UnitTest name="FormatToStringTest1000 (3477.860963622509,3477.86 zł)" storage="c:\projekty\mstestproject\bin\debug\netcoreapp3.1\mstestproject.dll" id="9452f797-90c2-4641-b5af-4614e8a6c722">
      <TestCategory>
        <TestCategoryItem TestCategory="Category1000" />
      </TestCategory>
      <Execution id="d295629e-db05-4c29-8da4-4972459eacc5" />
      <TestMethod codeBase="C:\Projekty\MSTestProject\bin\Debug\netcoreapp3.1\MSTestProject.dll" adapterTypeName="executor://mstestadapter/v2" className="TwojeWesele.Services.Helpers.Tests.CurrencyHelperTests" name="FormatToStringTest1000" />
    </UnitTest>
    <UnitTest name="FormatToStringTest1000 (70581.91150977784,70581.91 zł)" storage="c:\projekty\mstestproject\bin\debug\netcoreapp3.1\mstestproject.dll" id="dbeb1e9c-5e6f-41d1-9cc4-93c5fb9cb8b1">
      <TestCategory>
        <TestCategoryItem TestCategory="Category1000" />
      </TestCategory>
      <Execution id="e72ca6dd-3c22-45a9-9fc8-3d4a2e4f36a3" />
      <TestMethod codeBase="C:\Projekty\MSTestProject\bin\Debug\netcoreapp3.1\MSTestProject.dll" adapterTypeName="executor://mstestadapter/v2" className="TwojeWesele.Services.Helpers.Tests.CurrencyHelperTests" name="FormatToStringTest1000" />
    </UnitTest>
    <UnitTest name="FormatToStringTest1000 (18208.8422650126,18208.84 zł)" storage="c:\projekty\mstestproject\bin\debug\netcoreapp3.1\mstestproject.dll" id="f3e7f70a-16df-4e11-9e06-df0082c3e8d8">
      <TestCategory>
        <TestCategoryItem TestCategory="Category1000" />
      </TestCategory>
      <Execution id="1d94e63a-3860-4ed4-8034-2f563e8121b3" />
      <TestMethod codeBase="C:\Projekty\MSTestProject\bin\Debug\netcoreapp3.1\MSTestProject.dll" adapterTypeName="executor://mstestadapter/v2" className="TwojeWesele.Services.Helpers.Tests.CurrencyHelperTests" name="FormatToStringTest1000" />
    </UnitTest>
    <UnitTest name="FormatToStringTest1000 (12759.925747307914,12759.93 zł)" storage="c:\projekty\mstestproject\bin\debug\netcoreapp3.1\mstestproject.dll" id="cb27de3c-3b2f-40a8-af57-6e0f9ad0f6fb">
      <TestCategory>
        <TestCategoryItem TestCategory="Category1000" />
      </TestCategory>
      <Execution id="96a799f8-3c57-4127-8e87-ff6212b73b1e" />
      <TestMethod codeBase="C:\Projekty\MSTestProject\bin\Debug\netcoreapp3.1\MSTestProject.dll" adapterTypeName="executor://mstestadapter/v2" className="TwojeWesele.Services.Helpers.Tests.CurrencyHelperTests" name="FormatToStringTest1000" />
    </UnitTest>
    <UnitTest name="FormatToStringTest1000 (50413.517583300134,50413.52 zł)" storage="c:\projekty\mstestproject\bin\debug\netcoreapp3.1\mstestproject.dll" id="6026f612-9d5b-48ce-b52e-dc94ef08443b">
      <TestCategory>
        <TestCategoryItem TestCategory="Category1000" />
      </TestCategory>
      <Execution id="c15fb182-418c-4ba6-b70b-7ae0e579d75e" />
      <TestMethod codeBase="C:\Projekty\MSTestProject\bin\Debug\netcoreapp3.1\MSTestProject.dll" adapterTypeName="executor://mstestadapter/v2" className="TwojeWesele.Services.Helpers.Tests.CurrencyHelperTests" name="FormatToStringTest1000" />
    </UnitTest>
    <UnitTest name="FormatToStringTest1000 (1568.615240217473,1568.62 zł)" storage="c:\projekty\mstestproject\bin\debug\netcoreapp3.1\mstestproject.dll" id="a6e6589f-9619-4c52-9ee7-0befb626f301">
      <TestCategory>
        <TestCategoryItem TestCategory="Category1000" />
      </TestCategory>
      <Execution id="7bfe6f52-3328-4c17-b13e-c605723ca8b3" />
      <TestMethod codeBase="C:\Projekty\MSTestProject\bin\Debug\netcoreapp3.1\MSTestProject.dll" adapterTypeName="executor://mstestadapter/v2" className="TwojeWesele.Services.Helpers.Tests.CurrencyHelperTests" name="FormatToStringTest1000" />
    </UnitTest>
    <UnitTest name="FormatToStringTest1000 (79764.77845563217,79764.78 zł)" storage="c:\projekty\mstestproject\bin\debug\netcoreapp3.1\mstestproject.dll" id="1c472241-df2a-449f-b760-b383e82567f4">
      <TestCategory>
        <TestCategoryItem TestCategory="Category1000" />
      </TestCategory>
      <Execution id="3afff069-a4c7-4a12-b880-0088a15a31cf" />
      <TestMethod codeBase="C:\Projekty\MSTestProject\bin\Debug\netcoreapp3.1\MSTestProject.dll" adapterTypeName="executor://mstestadapter/v2" className="TwojeWesele.Services.Helpers.Tests.CurrencyHelperTests" name="FormatToStringTest1000" />
    </UnitTest>
    <UnitTest name="FormatToStringTest1000 (52020.805412759444,52020.81 zł)" storage="c:\projekty\mstestproject\bin\debug\netcoreapp3.1\mstestproject.dll" id="e41e753d-27fe-4d2b-a35e-145fb85da494">
      <TestCategory>
        <TestCategoryItem TestCategory="Category1000" />
      </TestCategory>
      <Execution id="ef753477-4f3f-44d8-94e9-89615d564688" />
      <TestMethod codeBase="C:\Projekty\MSTestProject\bin\Debug\netcoreapp3.1\MSTestProject.dll" adapterTypeName="executor://mstestadapter/v2" className="TwojeWesele.Services.Helpers.Tests.CurrencyHelperTests" name="FormatToStringTest1000" />
    </UnitTest>
    <UnitTest name="FormatToStringTest1000 (22831.975917587977,22831.98 zł)" storage="c:\projekty\mstestproject\bin\debug\netcoreapp3.1\mstestproject.dll" id="cd72de38-d419-4e04-b45e-929d507577b8">
      <TestCategory>
        <TestCategoryItem TestCategory="Category1000" />
      </TestCategory>
      <Execution id="59533df0-4f55-486f-a94f-403cb41a6c70" />
      <TestMethod codeBase="C:\Projekty\MSTestProject\bin\Debug\netcoreapp3.1\MSTestProject.dll" adapterTypeName="executor://mstestadapter/v2" className="TwojeWesele.Services.Helpers.Tests.CurrencyHelperTests" name="FormatToStringTest1000" />
    </UnitTest>
    <UnitTest name="FormatToStringTest1000 (57525.72988993569,57525.73 zł)" storage="c:\projekty\mstestproject\bin\debug\netcoreapp3.1\mstestproject.dll" id="c092bf9b-87dd-40aa-b4c4-074d4e83bb7a">
      <TestCategory>
        <TestCategoryItem TestCategory="Category1000" />
      </TestCategory>
      <Execution id="74e5113f-8985-4e9b-9bed-5e53320d7f23" />
      <TestMethod codeBase="C:\Projekty\MSTestProject\bin\Debug\netcoreapp3.1\MSTestProject.dll" adapterTypeName="executor://mstestadapter/v2" className="TwojeWesele.Services.Helpers.Tests.CurrencyHelperTests" name="FormatToStringTest1000" />
    </UnitTest>
    <UnitTest name="FormatToStringTest1000 (46790.41011887715,46790.41 zł)" storage="c:\projekty\mstestproject\bin\debug\netcoreapp3.1\mstestproject.dll" id="a015c17d-a5be-4981-8c5a-1df34f60c6b7">
      <TestCategory>
        <TestCategoryItem TestCategory="Category1000" />
      </TestCategory>
      <Execution id="e5d6c485-ee19-4b02-b394-552230c91f20" />
      <TestMethod codeBase="C:\Projekty\MSTestProject\bin\Debug\netcoreapp3.1\MSTestProject.dll" adapterTypeName="executor://mstestadapter/v2" className="TwojeWesele.Services.Helpers.Tests.CurrencyHelperTests" name="FormatToStringTest1000" />
    </UnitTest>
    <UnitTest name="FormatToStringTest1000 (15600.245951180927,15600.25 zł)" storage="c:\projekty\mstestproject\bin\debug\netcoreapp3.1\mstestproject.dll" id="c219ee47-444d-4c8c-b0f6-3589e1249164">
      <TestCategory>
        <TestCategoryItem TestCategory="Category1000" />
      </TestCategory>
      <Execution id="06d06daf-944f-4fb5-8dc0-e0b53a41eb91" />
      <TestMethod codeBase="C:\Projekty\MSTestProject\bin\Debug\netcoreapp3.1\MSTestProject.dll" adapterTypeName="executor://mstestadapter/v2" className="TwojeWesele.Services.Helpers.Tests.CurrencyHelperTests" name="FormatToStringTest1000" />
    </UnitTest>
    <UnitTest name="FormatToStringTest1000 (22799.991836491965,22799.99 zł)" storage="c:\projekty\mstestproject\bin\debug\netcoreapp3.1\mstestproject.dll" id="d41c1fdd-68a9-4cf7-b764-f6e3c0fba429">
      <TestCategory>
        <TestCategoryItem TestCategory="Category1000" />
      </TestCategory>
      <Execution id="31419136-bf28-4dfd-b652-b8a7c115bbf2" />
      <TestMethod codeBase="C:\Projekty\MSTestProject\bin\Debug\netcoreapp3.1\MSTestProject.dll" adapterTypeName="executor://mstestadapter/v2" className="TwojeWesele.Services.Helpers.Tests.CurrencyHelperTests" name="FormatToStringTest1000" />
    </UnitTest>
    <UnitTest name="FormatToStringTest1000 (69864.17463991146,69864.17 zł)" storage="c:\projekty\mstestproject\bin\debug\netcoreapp3.1\mstestproject.dll" id="a8cdc43f-9e99-408c-8445-d795546f13bc">
      <TestCategory>
        <TestCategoryItem TestCategory="Category1000" />
      </TestCategory>
      <Execution id="f1b713d1-9fe9-4fa5-9d1c-4cd5658b1f64" />
      <TestMethod codeBase="C:\Projekty\MSTestProject\bin\Debug\netcoreapp3.1\MSTestProject.dll" adapterTypeName="executor://mstestadapter/v2" className="TwojeWesele.Services.Helpers.Tests.CurrencyHelperTests" name="FormatToStringTest1000" />
    </UnitTest>
    <UnitTest name="FormatToStringTest1000 (4669.392596858271,4669.39 zł)" storage="c:\projekty\mstestproject\bin\debug\netcoreapp3.1\mstestproject.dll" id="83b508d6-3ed1-4e94-bf1c-e842f79aedc1">
      <TestCategory>
        <TestCategoryItem TestCategory="Category1000" />
      </TestCategory>
      <Execution id="67e6f6cc-f6f8-47a9-aaa5-5cad61d98aad" />
      <TestMethod codeBase="C:\Projekty\MSTestProject\bin\Debug\netcoreapp3.1\MSTestProject.dll" adapterTypeName="executor://mstestadapter/v2" className="TwojeWesele.Services.Helpers.Tests.CurrencyHelperTests" name="FormatToStringTest1000" />
    </UnitTest>
    <UnitTest name="FormatToStringTest1000 (1799.2562459103092,1799.26 zł)" storage="c:\projekty\mstestproject\bin\debug\netcoreapp3.1\mstestproject.dll" id="727ae673-eb88-491f-a75a-804a8ca16dd9">
      <TestCategory>
        <TestCategoryItem TestCategory="Category1000" />
      </TestCategory>
      <Execution id="ea82c93a-5096-4e3c-b238-41864b86efba" />
      <TestMethod codeBase="C:\Projekty\MSTestProject\bin\Debug\netcoreapp3.1\MSTestProject.dll" adapterTypeName="executor://mstestadapter/v2" className="TwojeWesele.Services.Helpers.Tests.CurrencyHelperTests" name="FormatToStringTest1000" />
    </UnitTest>
    <UnitTest name="FormatToStringTest1000 (58459.03113649601,58459.03 zł)" storage="c:\projekty\mstestproject\bin\debug\netcoreapp3.1\mstestproject.dll" id="4a869e1a-049b-4ca6-8d71-7d1dcfcffc11">
      <TestCategory>
        <TestCategoryItem TestCategory="Category1000" />
      </TestCategory>
      <Execution id="5f587047-afda-45ec-b97e-41c4c1add640" />
      <TestMethod codeBase="C:\Projekty\MSTestProject\bin\Debug\netcoreapp3.1\MSTestProject.dll" adapterTypeName="executor://mstestadapter/v2" className="TwojeWesele.Services.Helpers.Tests.CurrencyHelperTests" name="FormatToStringTest1000" />
    </UnitTest>
    <UnitTest name="FormatToStringTest1000 (15669.698889610218,15669.70 zł)" storage="c:\projekty\mstestproject\bin\debug\netcoreapp3.1\mstestproject.dll" id="7bf68fe0-144f-4bc5-b3e2-580e6b990db0">
      <TestCategory>
        <TestCategoryItem TestCategory="Category1000" />
      </TestCategory>
      <Execution id="0d5b8fc2-8947-49a6-b844-0c9a7c37a51d" />
      <TestMethod codeBase="C:\Projekty\MSTestProject\bin\Debug\netcoreapp3.1\MSTestProject.dll" adapterTypeName="executor://mstestadapter/v2" className="TwojeWesele.Services.Helpers.Tests.CurrencyHelperTests" name="FormatToStringTest1000" />
    </UnitTest>
    <UnitTest name="FormatToStringTest1000 (5247.779940802501,5247.78 zł)" storage="c:\projekty\mstestproject\bin\debug\netcoreapp3.1\mstestproject.dll" id="b77152de-9251-44bc-9c4d-6ddb776a7baa">
      <TestCategory>
        <TestCategoryItem TestCategory="Category1000" />
      </TestCategory>
      <Execution id="7296910c-94d2-4430-85c7-b22fadf200cf" />
      <TestMethod codeBase="C:\Projekty\MSTestProject\bin\Debug\netcoreapp3.1\MSTestProject.dll" adapterTypeName="executor://mstestadapter/v2" className="TwojeWesele.Services.Helpers.Tests.CurrencyHelperTests" name="FormatToStringTest1000" />
    </UnitTest>
    <UnitTest name="FormatToStringTest1000 (19500.031951036784,19500.03 zł)" storage="c:\projekty\mstestproject\bin\debug\netcoreapp3.1\mstestproject.dll" id="0e624baa-610e-4d25-abcb-030060e4a63f">
      <TestCategory>
        <TestCategoryItem TestCategory="Category1000" />
      </TestCategory>
      <Execution id="62b7cd0b-032c-42b4-8cfe-ee4e7a6669b2" />
      <TestMethod codeBase="C:\Projekty\MSTestProject\bin\Debug\netcoreapp3.1\MSTestProject.dll" adapterTypeName="executor://mstestadapter/v2" className="TwojeWesele.Services.Helpers.Tests.CurrencyHelperTests" name="FormatToStringTest1000" />
    </UnitTest>
    <UnitTest name="FormatToStringTest1000 (26223.99769144412,26224.00 zł)" storage="c:\projekty\mstestproject\bin\debug\netcoreapp3.1\mstestproject.dll" id="1b316013-f113-4e02-bfec-94dacb4a4d64">
      <TestCategory>
        <TestCategoryItem TestCategory="Category1000" />
      </TestCategory>
      <Execution id="dd5c9169-346c-45e9-95d5-17dd5d92739b" />
      <TestMethod codeBase="C:\Projekty\MSTestProject\bin\Debug\netcoreapp3.1\MSTestProject.dll" adapterTypeName="executor://mstestadapter/v2" className="TwojeWesele.Services.Helpers.Tests.CurrencyHelperTests" name="FormatToStringTest1000" />
    </UnitTest>
    <UnitTest name="FormatToStringTest1000 (2292.8331871111104,2292.83 zł)" storage="c:\projekty\mstestproject\bin\debug\netcoreapp3.1\mstestproject.dll" id="1b6b97c2-b06d-4302-bf4c-552fb424f2d4">
      <TestCategory>
        <TestCategoryItem TestCategory="Category1000" />
      </TestCategory>
      <Execution id="cf871a6a-15a9-481b-8847-9e85e20ce21b" />
      <TestMethod codeBase="C:\Projekty\MSTestProject\bin\Debug\netcoreapp3.1\MSTestProject.dll" adapterTypeName="executor://mstestadapter/v2" className="TwojeWesele.Services.Helpers.Tests.CurrencyHelperTests" name="FormatToStringTest1000" />
    </UnitTest>
    <UnitTest name="FormatToStringTest1000 (26015.8311952552,26015.83 zł)" storage="c:\projekty\mstestproject\bin\debug\netcoreapp3.1\mstestproject.dll" id="dc47ff96-5cf5-457e-99f5-5a9fd11f62ee">
      <TestCategory>
        <TestCategoryItem TestCategory="Category1000" />
      </TestCategory>
      <Execution id="cd67d1b2-a2a1-4dfa-a311-a0af182b8fd7" />
      <TestMethod codeBase="C:\Projekty\MSTestProject\bin\Debug\netcoreapp3.1\MSTestProject.dll" adapterTypeName="executor://mstestadapter/v2" className="TwojeWesele.Services.Helpers.Tests.CurrencyHelperTests" name="FormatToStringTest1000" />
    </UnitTest>
    <UnitTest name="FormatToStringTest1000 (11430.666613002619,11430.67 zł)" storage="c:\projekty\mstestproject\bin\debug\netcoreapp3.1\mstestproject.dll" id="de9edea1-7a93-4a02-a1a5-7014435e69d2">
      <TestCategory>
        <TestCategoryItem TestCategory="Category1000" />
      </TestCategory>
      <Execution id="f284211e-1d9f-4f22-b458-d7f3258a9f24" />
      <TestMethod codeBase="C:\Projekty\MSTestProject\bin\Debug\netcoreapp3.1\MSTestProject.dll" adapterTypeName="executor://mstestadapter/v2" className="TwojeWesele.Services.Helpers.Tests.CurrencyHelperTests" name="FormatToStringTest1000" />
    </UnitTest>
    <UnitTest name="FormatToStringTest1000 (41915.7945284563,41915.79 zł)" storage="c:\projekty\mstestproject\bin\debug\netcoreapp3.1\mstestproject.dll" id="98b0cc6f-8e9e-4ecb-8fe6-b0d578e86bde">
      <TestCategory>
        <TestCategoryItem TestCategory="Category1000" />
      </TestCategory>
      <Execution id="7c276a8d-9b55-46d4-ae2e-a03dcd6170d3" />
      <TestMethod codeBase="C:\Projekty\MSTestProject\bin\Debug\netcoreapp3.1\MSTestProject.dll" adapterTypeName="executor://mstestadapter/v2" className="TwojeWesele.Services.Helpers.Tests.CurrencyHelperTests" name="FormatToStringTest1000" />
    </UnitTest>
    <UnitTest name="FormatToStringTest1000 (71554.9786298829,71554.98 zł)" storage="c:\projekty\mstestproject\bin\debug\netcoreapp3.1\mstestproject.dll" id="716fe517-9269-4912-96d4-290662d304c0">
      <TestCategory>
        <TestCategoryItem TestCategory="Category1000" />
      </TestCategory>
      <Execution id="c61e3677-22bf-4bc1-b7ba-6f3ea441f207" />
      <TestMethod codeBase="C:\Projekty\MSTestProject\bin\Debug\netcoreapp3.1\MSTestProject.dll" adapterTypeName="executor://mstestadapter/v2" className="TwojeWesele.Services.Helpers.Tests.CurrencyHelperTests" name="FormatToStringTest1000" />
    </UnitTest>
    <UnitTest name="FormatToStringTest1000 (14003.84591249742,14003.85 zł)" storage="c:\projekty\mstestproject\bin\debug\netcoreapp3.1\mstestproject.dll" id="7404b75b-3a4c-4cf4-823c-53860916da13">
      <TestCategory>
        <TestCategoryItem TestCategory="Category1000" />
      </TestCategory>
      <Execution id="a2cc18e4-74ad-4a24-addb-8b765b9d4d47" />
      <TestMethod codeBase="C:\Projekty\MSTestProject\bin\Debug\netcoreapp3.1\MSTestProject.dll" adapterTypeName="executor://mstestadapter/v2" className="TwojeWesele.Services.Helpers.Tests.CurrencyHelperTests" name="FormatToStringTest1000" />
    </UnitTest>
    <UnitTest name="FormatToStringTest1000 (3506.8456124108498,3506.85 zł)" storage="c:\projekty\mstestproject\bin\debug\netcoreapp3.1\mstestproject.dll" id="cf854e19-83b5-46ff-85b2-4b1d5647b63a">
      <TestCategory>
        <TestCategoryItem TestCategory="Category1000" />
      </TestCategory>
      <Execution id="cef80a11-dfbe-4ece-9a1e-2991bf7a8971" />
      <TestMethod codeBase="C:\Projekty\MSTestProject\bin\Debug\netcoreapp3.1\MSTestProject.dll" adapterTypeName="executor://mstestadapter/v2" className="TwojeWesele.Services.Helpers.Tests.CurrencyHelperTests" name="FormatToStringTest1000" />
    </UnitTest>
    <UnitTest name="FormatToStringTest1000 (10495.622655484185,10495.62 zł)" storage="c:\projekty\mstestproject\bin\debug\netcoreapp3.1\mstestproject.dll" id="e8fd9dc2-4146-47ee-bd18-0370212faefd">
      <TestCategory>
        <TestCategoryItem TestCategory="Category1000" />
      </TestCategory>
      <Execution id="11f07be7-4abe-46ae-bddb-4175364be9f1" />
      <TestMethod codeBase="C:\Projekty\MSTestProject\bin\Debug\netcoreapp3.1\MSTestProject.dll" adapterTypeName="executor://mstestadapter/v2" className="TwojeWesele.Services.Helpers.Tests.CurrencyHelperTests" name="FormatToStringTest1000" />
    </UnitTest>
    <UnitTest name="FormatToStringTest1000 (4139.032615562451,4139.03 zł)" storage="c:\projekty\mstestproject\bin\debug\netcoreapp3.1\mstestproject.dll" id="b6d4f659-85e2-4034-8da1-186842edfa25">
      <TestCategory>
        <TestCategoryItem TestCategory="Category1000" />
      </TestCategory>
      <Execution id="ce0893e2-d5fa-48b0-8de8-61694d471b2a" />
      <TestMethod codeBase="C:\Projekty\MSTestProject\bin\Debug\netcoreapp3.1\MSTestProject.dll" adapterTypeName="executor://mstestadapter/v2" className="TwojeWesele.Services.Helpers.Tests.CurrencyHelperTests" name="FormatToStringTest1000" />
    </UnitTest>
    <UnitTest name="FormatToStringTest1000 (75024.79122970243,75024.79 zł)" storage="c:\projekty\mstestproject\bin\debug\netcoreapp3.1\mstestproject.dll" id="9852b7e9-d524-4202-82f0-36c546db740b">
      <TestCategory>
        <TestCategoryItem TestCategory="Category1000" />
      </TestCategory>
      <Execution id="3a8dd380-ac00-4b9c-82d2-de80e7772659" />
      <TestMethod codeBase="C:\Projekty\MSTestProject\bin\Debug\netcoreapp3.1\MSTestProject.dll" adapterTypeName="executor://mstestadapter/v2" className="TwojeWesele.Services.Helpers.Tests.CurrencyHelperTests" name="FormatToStringTest1000" />
    </UnitTest>
    <UnitTest name="FormatToStringTest1000 (1664.7834932994022,1664.78 zł)" storage="c:\projekty\mstestproject\bin\debug\netcoreapp3.1\mstestproject.dll" id="9690ae13-7530-447d-b740-230c55ac1534">
      <TestCategory>
        <TestCategoryItem TestCategory="Category1000" />
      </TestCategory>
      <Execution id="0757b08e-b176-4274-9839-2debfa6f45b1" />
      <TestMethod codeBase="C:\Projekty\MSTestProject\bin\Debug\netcoreapp3.1\MSTestProject.dll" adapterTypeName="executor://mstestadapter/v2" className="TwojeWesele.Services.Helpers.Tests.CurrencyHelperTests" name="FormatToStringTest1000" />
    </UnitTest>
    <UnitTest name="FormatToStringTest1000 (17000.070169619317,17000.07 zł)" storage="c:\projekty\mstestproject\bin\debug\netcoreapp3.1\mstestproject.dll" id="4d0d73f8-7b86-467c-9a02-8838e4347b9a">
      <TestCategory>
        <TestCategoryItem TestCategory="Category1000" />
      </TestCategory>
      <Execution id="88f2023e-c00f-46ee-9507-4f2835d89960" />
      <TestMethod codeBase="C:\Projekty\MSTestProject\bin\Debug\netcoreapp3.1\MSTestProject.dll" adapterTypeName="executor://mstestadapter/v2" className="TwojeWesele.Services.Helpers.Tests.CurrencyHelperTests" name="FormatToStringTest1000" />
    </UnitTest>
    <UnitTest name="FormatToStringTest1000 (8242.419043611,8242.42 zł)" storage="c:\projekty\mstestproject\bin\debug\netcoreapp3.1\mstestproject.dll" id="f671cc1d-7fe5-4c89-b877-012ff2e43ed0">
      <TestCategory>
        <TestCategoryItem TestCategory="Category1000" />
      </TestCategory>
      <Execution id="fd6fc5cc-13be-4dc8-9f64-fec8f646d367" />
      <TestMethod codeBase="C:\Projekty\MSTestProject\bin\Debug\netcoreapp3.1\MSTestProject.dll" adapterTypeName="executor://mstestadapter/v2" className="TwojeWesele.Services.Helpers.Tests.CurrencyHelperTests" name="FormatToStringTest1000" />
    </UnitTest>
    <UnitTest name="FormatToStringTest1000 (10661.19584154207,10661.20 zł)" storage="c:\projekty\mstestproject\bin\debug\netcoreapp3.1\mstestproject.dll" id="3e4ca5a8-889f-4a8f-979e-f404162cd1d8">
      <TestCategory>
        <TestCategoryItem TestCategory="Category1000" />
      </TestCategory>
      <Execution id="9cd0057c-f6ef-4a0b-bd1f-b333c0a7fa75" />
      <TestMethod codeBase="C:\Projekty\MSTestProject\bin\Debug\netcoreapp3.1\MSTestProject.dll" adapterTypeName="executor://mstestadapter/v2" className="TwojeWesele.Services.Helpers.Tests.CurrencyHelperTests" name="FormatToStringTest1000" />
    </UnitTest>
    <UnitTest name="FormatToStringTest1000 (30722.846572104303,30722.85 zł)" storage="c:\projekty\mstestproject\bin\debug\netcoreapp3.1\mstestproject.dll" id="173dde27-566f-41b5-b5bf-94072ee9a02f">
      <TestCategory>
        <TestCategoryItem TestCategory="Category1000" />
      </TestCategory>
      <Execution id="d333681e-aa74-4239-98f3-93ae2351ebe0" />
      <TestMethod codeBase="C:\Projekty\MSTestProject\bin\Debug\netcoreapp3.1\MSTestProject.dll" adapterTypeName="executor://mstestadapter/v2" className="TwojeWesele.Services.Helpers.Tests.CurrencyHelperTests" name="FormatToStringTest1000" />
    </UnitTest>
    <UnitTest name="FormatToStringTest1000 (7370.518277515898,7370.52 zł)" storage="c:\projekty\mstestproject\bin\debug\netcoreapp3.1\mstestproject.dll" id="f3fcca2d-439e-40ec-96ec-492d10e531e9">
      <TestCategory>
        <TestCategoryItem TestCategory="Category1000" />
      </TestCategory>
      <Execution id="c5abfc50-941f-4fed-9ed9-d94be7f14cd4" />
      <TestMethod codeBase="C:\Projekty\MSTestProject\bin\Debug\netcoreapp3.1\MSTestProject.dll" adapterTypeName="executor://mstestadapter/v2" className="TwojeWesele.Services.Helpers.Tests.CurrencyHelperTests" name="FormatToStringTest1000" />
    </UnitTest>
    <UnitTest name="FormatToStringTest1000 (30499.08272379734,30499.08 zł)" storage="c:\projekty\mstestproject\bin\debug\netcoreapp3.1\mstestproject.dll" id="e353d683-730a-4b01-8a25-5fdcbe83773a">
      <TestCategory>
        <TestCategoryItem TestCategory="Category1000" />
      </TestCategory>
      <Execution id="3f4bf344-fba5-4148-b34b-63cb80dd694a" />
      <TestMethod codeBase="C:\Projekty\MSTestProject\bin\Debug\netcoreapp3.1\MSTestProject.dll" adapterTypeName="executor://mstestadapter/v2" className="TwojeWesele.Services.Helpers.Tests.CurrencyHelperTests" name="FormatToStringTest1000" />
    </UnitTest>
    <UnitTest name="FormatToStringTest1000 (4252.4012513842445,4252.40 zł)" storage="c:\projekty\mstestproject\bin\debug\netcoreapp3.1\mstestproject.dll" id="4843d9cf-3c95-4f48-86eb-2126ff765315">
      <TestCategory>
        <TestCategoryItem TestCategory="Category1000" />
      </TestCategory>
      <Execution id="55c51cb7-6da5-45d7-81fa-733d16c02eaf" />
      <TestMethod codeBase="C:\Projekty\MSTestProject\bin\Debug\netcoreapp3.1\MSTestProject.dll" adapterTypeName="executor://mstestadapter/v2" className="TwojeWesele.Services.Helpers.Tests.CurrencyHelperTests" name="FormatToStringTest1000" />
    </UnitTest>
    <UnitTest name="FormatToStringTest1000 (801.5720517614726,801.57 zł)" storage="c:\projekty\mstestproject\bin\debug\netcoreapp3.1\mstestproject.dll" id="1260f78d-1e35-4eb0-a315-6b44570369c7">
      <TestCategory>
        <TestCategoryItem TestCategory="Category1000" />
      </TestCategory>
      <Execution id="4dc09e0d-89b2-4659-834c-b44773831d00" />
      <TestMethod codeBase="C:\Projekty\MSTestProject\bin\Debug\netcoreapp3.1\MSTestProject.dll" adapterTypeName="executor://mstestadapter/v2" className="TwojeWesele.Services.Helpers.Tests.CurrencyHelperTests" name="FormatToStringTest1000" />
    </UnitTest>
    <UnitTest name="FormatToStringTest1000 (10775.728533390784,10775.73 zł)" storage="c:\projekty\mstestproject\bin\debug\netcoreapp3.1\mstestproject.dll" id="13b40b9c-f1e8-459b-a320-caf802aa8d99">
      <TestCategory>
        <TestCategoryItem TestCategory="Category1000" />
      </TestCategory>
      <Execution id="b4b49674-32b4-4d06-986f-9038108b3289" />
      <TestMethod codeBase="C:\Projekty\MSTestProject\bin\Debug\netcoreapp3.1\MSTestProject.dll" adapterTypeName="executor://mstestadapter/v2" className="TwojeWesele.Services.Helpers.Tests.CurrencyHelperTests" name="FormatToStringTest1000" />
    </UnitTest>
    <UnitTest name="FormatToStringTest1000 (58902.704109088845,58902.70 zł)" storage="c:\projekty\mstestproject\bin\debug\netcoreapp3.1\mstestproject.dll" id="500bab80-af8c-4898-b51d-ea26ba5e6e63">
      <TestCategory>
        <TestCategoryItem TestCategory="Category1000" />
      </TestCategory>
      <Execution id="71a82b02-8811-4f93-a461-09d6fcbe0ae0" />
      <TestMethod codeBase="C:\Projekty\MSTestProject\bin\Debug\netcoreapp3.1\MSTestProject.dll" adapterTypeName="executor://mstestadapter/v2" className="TwojeWesele.Services.Helpers.Tests.CurrencyHelperTests" name="FormatToStringTest1000" />
    </UnitTest>
    <UnitTest name="FormatToStringTest1000 (75915.01943546813,75915.02 zł)" storage="c:\projekty\mstestproject\bin\debug\netcoreapp3.1\mstestproject.dll" id="a33f8d3a-16e0-4c35-ad6f-f8758f11900b">
      <TestCategory>
        <TestCategoryItem TestCategory="Category1000" />
      </TestCategory>
      <Execution id="b96ee171-1313-49ce-9e2c-a1e6ff8fe7c4" />
      <TestMethod codeBase="C:\Projekty\MSTestProject\bin\Debug\netcoreapp3.1\MSTestProject.dll" adapterTypeName="executor://mstestadapter/v2" className="TwojeWesele.Services.Helpers.Tests.CurrencyHelperTests" name="FormatToStringTest1000" />
    </UnitTest>
    <UnitTest name="FormatToStringTest1000 (38614.292320713066,38614.29 zł)" storage="c:\projekty\mstestproject\bin\debug\netcoreapp3.1\mstestproject.dll" id="89b8c734-ff10-4edb-b46e-cb7f9a67e4e6">
      <TestCategory>
        <TestCategoryItem TestCategory="Category1000" />
      </TestCategory>
      <Execution id="5761707e-deb9-4b93-b8cb-fa8b69f7cde6" />
      <TestMethod codeBase="C:\Projekty\MSTestProject\bin\Debug\netcoreapp3.1\MSTestProject.dll" adapterTypeName="executor://mstestadapter/v2" className="TwojeWesele.Services.Helpers.Tests.CurrencyHelperTests" name="FormatToStringTest1000" />
    </UnitTest>
    <UnitTest name="FormatToStringTest1000 (9190.067404299076,9190.07 zł)" storage="c:\projekty\mstestproject\bin\debug\netcoreapp3.1\mstestproject.dll" id="39cc4b76-de3c-463d-b313-23c2ae61921e">
      <TestCategory>
        <TestCategoryItem TestCategory="Category1000" />
      </TestCategory>
      <Execution id="19dfd727-7beb-4e18-a064-8842caa02ac4" />
      <TestMethod codeBase="C:\Projekty\MSTestProject\bin\Debug\netcoreapp3.1\MSTestProject.dll" adapterTypeName="executor://mstestadapter/v2" className="TwojeWesele.Services.Helpers.Tests.CurrencyHelperTests" name="FormatToStringTest1000" />
    </UnitTest>
    <UnitTest name="FormatToStringTest1000 (823.2747994560166,823.27 zł)" storage="c:\projekty\mstestproject\bin\debug\netcoreapp3.1\mstestproject.dll" id="f5164263-8686-4ef6-9ed6-724090264abe">
      <TestCategory>
        <TestCategoryItem TestCategory="Category1000" />
      </TestCategory>
      <Execution id="6a25131f-1dc8-47a4-9bec-4489e14d202b" />
      <TestMethod codeBase="C:\Projekty\MSTestProject\bin\Debug\netcoreapp3.1\MSTestProject.dll" adapterTypeName="executor://mstestadapter/v2" className="TwojeWesele.Services.Helpers.Tests.CurrencyHelperTests" name="FormatToStringTest1000" />
    </UnitTest>
    <UnitTest name="FormatToStringTest1000 (6429.44273095552,6429.44 zł)" storage="c:\projekty\mstestproject\bin\debug\netcoreapp3.1\mstestproject.dll" id="5ba7a8cd-1805-48cd-82c8-d2f742043520">
      <TestCategory>
        <TestCategoryItem TestCategory="Category1000" />
      </TestCategory>
      <Execution id="37cf3b09-91c0-4a54-8be8-2d5d49e1a180" />
      <TestMethod codeBase="C:\Projekty\MSTestProject\bin\Debug\netcoreapp3.1\MSTestProject.dll" adapterTypeName="executor://mstestadapter/v2" className="TwojeWesele.Services.Helpers.Tests.CurrencyHelperTests" name="FormatToStringTest1000" />
    </UnitTest>
    <UnitTest name="FormatToStringTest1000 (95071.15957335343,95071.16 zł)" storage="c:\projekty\mstestproject\bin\debug\netcoreapp3.1\mstestproject.dll" id="d26cf223-2074-4a1a-bde5-8e2a06827a83">
      <TestCategory>
        <TestCategoryItem TestCategory="Category1000" />
      </TestCategory>
      <Execution id="aa2622aa-6c99-481b-b308-a8709e1cbdfd" />
      <TestMethod codeBase="C:\Projekty\MSTestProject\bin\Debug\netcoreapp3.1\MSTestProject.dll" adapterTypeName="executor://mstestadapter/v2" className="TwojeWesele.Services.Helpers.Tests.CurrencyHelperTests" name="FormatToStringTest1000" />
    </UnitTest>
    <UnitTest name="FormatToStringTest1000 (30410.68214617003,30410.68 zł)" storage="c:\projekty\mstestproject\bin\debug\netcoreapp3.1\mstestproject.dll" id="2d9213be-fc97-476c-8304-3a7ec28c1cef">
      <TestCategory>
        <TestCategoryItem TestCategory="Category1000" />
      </TestCategory>
      <Execution id="dd7f05e5-3c54-4059-b20c-c3f8e168f593" />
      <TestMethod codeBase="C:\Projekty\MSTestProject\bin\Debug\netcoreapp3.1\MSTestProject.dll" adapterTypeName="executor://mstestadapter/v2" className="TwojeWesele.Services.Helpers.Tests.CurrencyHelperTests" name="FormatToStringTest1000" />
    </UnitTest>
    <UnitTest name="FormatToStringTest1000 (19603.69286519321,19603.69 zł)" storage="c:\projekty\mstestproject\bin\debug\netcoreapp3.1\mstestproject.dll" id="6c1233f1-5281-4993-a2b4-607e18b9422a">
      <TestCategory>
        <TestCategoryItem TestCategory="Category1000" />
      </TestCategory>
      <Execution id="fedf96e7-5f13-47bc-b5ed-de27f8a72883" />
      <TestMethod codeBase="C:\Projekty\MSTestProject\bin\Debug\netcoreapp3.1\MSTestProject.dll" adapterTypeName="executor://mstestadapter/v2" className="TwojeWesele.Services.Helpers.Tests.CurrencyHelperTests" name="FormatToStringTest1000" />
    </UnitTest>
    <UnitTest name="FormatToStringTest1000 (16957.4523676757,16957.45 zł)" storage="c:\projekty\mstestproject\bin\debug\netcoreapp3.1\mstestproject.dll" id="2d3111f7-4c77-459d-9f0c-e1e43bb0a292">
      <TestCategory>
        <TestCategoryItem TestCategory="Category1000" />
      </TestCategory>
      <Execution id="13d2f159-cdf8-4c9d-ad9f-c4ca60e2c0df" />
      <TestMethod codeBase="C:\Projekty\MSTestProject\bin\Debug\netcoreapp3.1\MSTestProject.dll" adapterTypeName="executor://mstestadapter/v2" className="TwojeWesele.Services.Helpers.Tests.CurrencyHelperTests" name="FormatToStringTest1000" />
    </UnitTest>
    <UnitTest name="FormatToStringTest1000 (66764.31690498316,66764.32 zł)" storage="c:\projekty\mstestproject\bin\debug\netcoreapp3.1\mstestproject.dll" id="a3c8583e-d001-4474-b1c2-3ea86a6556f2">
      <TestCategory>
        <TestCategoryItem TestCategory="Category1000" />
      </TestCategory>
      <Execution id="9d6b4206-feb3-4ab1-908e-016b248a5ad0" />
      <TestMethod codeBase="C:\Projekty\MSTestProject\bin\Debug\netcoreapp3.1\MSTestProject.dll" adapterTypeName="executor://mstestadapter/v2" className="TwojeWesele.Services.Helpers.Tests.CurrencyHelperTests" name="FormatToStringTest1000" />
    </UnitTest>
    <UnitTest name="FormatToStringTest1000 (39531.95190033268,39531.95 zł)" storage="c:\projekty\mstestproject\bin\debug\netcoreapp3.1\mstestproject.dll" id="f3cb2535-1dd8-4080-9664-1a78f1a94343">
      <TestCategory>
        <TestCategoryItem TestCategory="Category1000" />
      </TestCategory>
      <Execution id="6b1b0cc3-54dc-4a22-bd94-a9fde9c39dfb" />
      <TestMethod codeBase="C:\Projekty\MSTestProject\bin\Debug\netcoreapp3.1\MSTestProject.dll" adapterTypeName="executor://mstestadapter/v2" className="TwojeWesele.Services.Helpers.Tests.CurrencyHelperTests" name="FormatToStringTest1000" />
    </UnitTest>
    <UnitTest name="FormatToStringTest1000 (19210.519530370144,19210.52 zł)" storage="c:\projekty\mstestproject\bin\debug\netcoreapp3.1\mstestproject.dll" id="641704cc-1bdc-4226-bb1d-a5f436333593">
      <TestCategory>
        <TestCategoryItem TestCategory="Category1000" />
      </TestCategory>
      <Execution id="402ce586-1d56-47e5-8dcf-8f47244f3909" />
      <TestMethod codeBase="C:\Projekty\MSTestProject\bin\Debug\netcoreapp3.1\MSTestProject.dll" adapterTypeName="executor://mstestadapter/v2" className="TwojeWesele.Services.Helpers.Tests.CurrencyHelperTests" name="FormatToStringTest1000" />
    </UnitTest>
    <UnitTest name="FormatToStringTest1000 (9628.688698104437,9628.69 zł)" storage="c:\projekty\mstestproject\bin\debug\netcoreapp3.1\mstestproject.dll" id="adc7fcb2-c56d-4523-bc32-27259de2dd45">
      <TestCategory>
        <TestCategoryItem TestCategory="Category1000" />
      </TestCategory>
      <Execution id="c0209e0d-669f-48bf-b572-0aa62785a77e" />
      <TestMethod codeBase="C:\Projekty\MSTestProject\bin\Debug\netcoreapp3.1\MSTestProject.dll" adapterTypeName="executor://mstestadapter/v2" className="TwojeWesele.Services.Helpers.Tests.CurrencyHelperTests" name="FormatToStringTest1000" />
    </UnitTest>
    <UnitTest name="FormatToStringTest1000 (23980.12943509646,23980.13 zł)" storage="c:\projekty\mstestproject\bin\debug\netcoreapp3.1\mstestproject.dll" id="fc49baf0-c259-47eb-85e3-afcd67e2472a">
      <TestCategory>
        <TestCategoryItem TestCategory="Category1000" />
      </TestCategory>
      <Execution id="9e5c05ff-b1f9-4c12-8645-64d307f36553" />
      <TestMethod codeBase="C:\Projekty\MSTestProject\bin\Debug\netcoreapp3.1\MSTestProject.dll" adapterTypeName="executor://mstestadapter/v2" className="TwojeWesele.Services.Helpers.Tests.CurrencyHelperTests" name="FormatToStringTest1000" />
    </UnitTest>
    <UnitTest name="FormatToStringTest1000 (16037.01783290087,16037.02 zł)" storage="c:\projekty\mstestproject\bin\debug\netcoreapp3.1\mstestproject.dll" id="b25f6e1d-82f1-4694-8bbc-2dac491eb1b2">
      <TestCategory>
        <TestCategoryItem TestCategory="Category1000" />
      </TestCategory>
      <Execution id="732d0e7f-6c30-4ea7-b30a-4927462d91e1" />
      <TestMethod codeBase="C:\Projekty\MSTestProject\bin\Debug\netcoreapp3.1\MSTestProject.dll" adapterTypeName="executor://mstestadapter/v2" className="TwojeWesele.Services.Helpers.Tests.CurrencyHelperTests" name="FormatToStringTest1000" />
    </UnitTest>
    <UnitTest name="FormatToStringTest1000 (95353.10327693219,95353.10 zł)" storage="c:\projekty\mstestproject\bin\debug\netcoreapp3.1\mstestproject.dll" id="9f5320a3-09e3-48cc-a715-22bd16f6766d">
      <TestCategory>
        <TestCategoryItem TestCategory="Category1000" />
      </TestCategory>
      <Execution id="d711973e-d34c-4e0b-9105-244a02d73a68" />
      <TestMethod codeBase="C:\Projekty\MSTestProject\bin\Debug\netcoreapp3.1\MSTestProject.dll" adapterTypeName="executor://mstestadapter/v2" className="TwojeWesele.Services.Helpers.Tests.CurrencyHelperTests" name="FormatToStringTest1000" />
    </UnitTest>
    <UnitTest name="FormatToStringTest1000 (55782.67998761762,55782.68 zł)" storage="c:\projekty\mstestproject\bin\debug\netcoreapp3.1\mstestproject.dll" id="a24eeb8f-f28f-4ed2-b56b-8b7e7a0822a5">
      <TestCategory>
        <TestCategoryItem TestCategory="Category1000" />
      </TestCategory>
      <Execution id="8616630f-95c5-49d4-9f44-c5e3a020e801" />
      <TestMethod codeBase="C:\Projekty\MSTestProject\bin\Debug\netcoreapp3.1\MSTestProject.dll" adapterTypeName="executor://mstestadapter/v2" className="TwojeWesele.Services.Helpers.Tests.CurrencyHelperTests" name="FormatToStringTest1000" />
    </UnitTest>
    <UnitTest name="FormatToStringTest1000 (15396.537902579894,15396.54 zł)" storage="c:\projekty\mstestproject\bin\debug\netcoreapp3.1\mstestproject.dll" id="ea8be8ec-0fc8-45f4-93cc-7dc74ea5dc87">
      <TestCategory>
        <TestCategoryItem TestCategory="Category1000" />
      </TestCategory>
      <Execution id="5046deae-9d39-4aaa-b1f2-1ac17745da9e" />
      <TestMethod codeBase="C:\Projekty\MSTestProject\bin\Debug\netcoreapp3.1\MSTestProject.dll" adapterTypeName="executor://mstestadapter/v2" className="TwojeWesele.Services.Helpers.Tests.CurrencyHelperTests" name="FormatToStringTest1000" />
    </UnitTest>
    <UnitTest name="FormatToStringTest1000 (57237.252356975456,57237.25 zł)" storage="c:\projekty\mstestproject\bin\debug\netcoreapp3.1\mstestproject.dll" id="0efc29db-a47a-4431-b016-b7af5cbdce8d">
      <TestCategory>
        <TestCategoryItem TestCategory="Category1000" />
      </TestCategory>
      <Execution id="69079f5c-25d5-4ea7-ac89-e43242d76006" />
      <TestMethod codeBase="C:\Projekty\MSTestProject\bin\Debug\netcoreapp3.1\MSTestProject.dll" adapterTypeName="executor://mstestadapter/v2" className="TwojeWesele.Services.Helpers.Tests.CurrencyHelperTests" name="FormatToStringTest1000" />
    </UnitTest>
    <UnitTest name="FormatToStringTest1000 (47025.6224095177,47025.62 zł)" storage="c:\projekty\mstestproject\bin\debug\netcoreapp3.1\mstestproject.dll" id="462441ae-e542-403c-8f54-6d4cec94c21e">
      <TestCategory>
        <TestCategoryItem TestCategory="Category1000" />
      </TestCategory>
      <Execution id="b703352f-b68c-43be-b034-97c01d2a5678" />
      <TestMethod codeBase="C:\Projekty\MSTestProject\bin\Debug\netcoreapp3.1\MSTestProject.dll" adapterTypeName="executor://mstestadapter/v2" className="TwojeWesele.Services.Helpers.Tests.CurrencyHelperTests" name="FormatToStringTest1000" />
    </UnitTest>
    <UnitTest name="FormatToStringTest1000 (50339.31259969497,50339.31 zł)" storage="c:\projekty\mstestproject\bin\debug\netcoreapp3.1\mstestproject.dll" id="fafa9993-06b3-4e78-9bed-b27bfb25eefa">
      <TestCategory>
        <TestCategoryItem TestCategory="Category1000" />
      </TestCategory>
      <Execution id="e6a2fb5f-6d5e-44d7-b03f-6d125b949773" />
      <TestMethod codeBase="C:\Projekty\MSTestProject\bin\Debug\netcoreapp3.1\MSTestProject.dll" adapterTypeName="executor://mstestadapter/v2" className="TwojeWesele.Services.Helpers.Tests.CurrencyHelperTests" name="FormatToStringTest1000" />
    </UnitTest>
    <UnitTest name="FormatToStringTest1000 (75214.75000876503,75214.75 zł)" storage="c:\projekty\mstestproject\bin\debug\netcoreapp3.1\mstestproject.dll" id="3e4ea27d-426a-4f41-8794-ba121144715d">
      <TestCategory>
        <TestCategoryItem TestCategory="Category1000" />
      </TestCategory>
      <Execution id="eaa41542-f364-425e-9a1a-a16c2c301daf" />
      <TestMethod codeBase="C:\Projekty\MSTestProject\bin\Debug\netcoreapp3.1\MSTestProject.dll" adapterTypeName="executor://mstestadapter/v2" className="TwojeWesele.Services.Helpers.Tests.CurrencyHelperTests" name="FormatToStringTest1000" />
    </UnitTest>
    <UnitTest name="FormatToStringTest1000 (9503.466049463705,9503.47 zł)" storage="c:\projekty\mstestproject\bin\debug\netcoreapp3.1\mstestproject.dll" id="47f3a68a-3e40-4579-9cef-f8a866b7c551">
      <TestCategory>
        <TestCategoryItem TestCategory="Category1000" />
      </TestCategory>
      <Execution id="3c062e36-6187-4a1e-a9fe-6b6bd4e97477" />
      <TestMethod codeBase="C:\Projekty\MSTestProject\bin\Debug\netcoreapp3.1\MSTestProject.dll" adapterTypeName="executor://mstestadapter/v2" className="TwojeWesele.Services.Helpers.Tests.CurrencyHelperTests" name="FormatToStringTest1000" />
    </UnitTest>
    <UnitTest name="FormatToStringTest1000 (24528.124092612474,24528.12 zł)" storage="c:\projekty\mstestproject\bin\debug\netcoreapp3.1\mstestproject.dll" id="2ce99f12-8623-4808-9b34-40e0d4815647">
      <TestCategory>
        <TestCategoryItem TestCategory="Category1000" />
      </TestCategory>
      <Execution id="db8c0778-539e-4033-861b-e6e0770a8a21" />
      <TestMethod codeBase="C:\Projekty\MSTestProject\bin\Debug\netcoreapp3.1\MSTestProject.dll" adapterTypeName="executor://mstestadapter/v2" className="TwojeWesele.Services.Helpers.Tests.CurrencyHelperTests" name="FormatToStringTest1000" />
    </UnitTest>
    <UnitTest name="FormatToStringTest1000 (134.1514758393874,134.15 zł)" storage="c:\projekty\mstestproject\bin\debug\netcoreapp3.1\mstestproject.dll" id="79674e02-40df-4b6b-9061-38a2b76ebf57">
      <TestCategory>
        <TestCategoryItem TestCategory="Category1000" />
      </TestCategory>
      <Execution id="e9a31ca1-834d-49b7-98e7-8b964675320a" />
      <TestMethod codeBase="C:\Projekty\MSTestProject\bin\Debug\netcoreapp3.1\MSTestProject.dll" adapterTypeName="executor://mstestadapter/v2" className="TwojeWesele.Services.Helpers.Tests.CurrencyHelperTests" name="FormatToStringTest1000" />
    </UnitTest>
    <UnitTest name="FormatToStringTest1000 (9603.199987620208,9603.20 zł)" storage="c:\projekty\mstestproject\bin\debug\netcoreapp3.1\mstestproject.dll" id="a0bc2597-0fae-4b93-8106-6d02fdc7e168">
      <TestCategory>
        <TestCategoryItem TestCategory="Category1000" />
      </TestCategory>
      <Execution id="19d85dd5-4fdd-4c7e-9f2d-26e765dc83f8" />
      <TestMethod codeBase="C:\Projekty\MSTestProject\bin\Debug\netcoreapp3.1\MSTestProject.dll" adapterTypeName="executor://mstestadapter/v2" className="TwojeWesele.Services.Helpers.Tests.CurrencyHelperTests" name="FormatToStringTest1000" />
    </UnitTest>
    <UnitTest name="FormatToStringTest1000 (15520.346099893259,15520.35 zł)" storage="c:\projekty\mstestproject\bin\debug\netcoreapp3.1\mstestproject.dll" id="87630f87-61eb-4538-9d16-2980367435b3">
      <TestCategory>
        <TestCategoryItem TestCategory="Category1000" />
      </TestCategory>
      <Execution id="7187f168-3f34-404a-b9f5-a23d3c16da8b" />
      <TestMethod codeBase="C:\Projekty\MSTestProject\bin\Debug\netcoreapp3.1\MSTestProject.dll" adapterTypeName="executor://mstestadapter/v2" className="TwojeWesele.Services.Helpers.Tests.CurrencyHelperTests" name="FormatToStringTest1000" />
    </UnitTest>
    <UnitTest name="FormatToStringTest1000 (29417.800422138444,29417.80 zł)" storage="c:\projekty\mstestproject\bin\debug\netcoreapp3.1\mstestproject.dll" id="b3e17eb7-96ba-468a-b1fb-a9aa0fb9af8b">
      <TestCategory>
        <TestCategoryItem TestCategory="Category1000" />
      </TestCategory>
      <Execution id="53e7bb08-de7a-4c48-bbcc-1501ed6da3a8" />
      <TestMethod codeBase="C:\Projekty\MSTestProject\bin\Debug\netcoreapp3.1\MSTestProject.dll" adapterTypeName="executor://mstestadapter/v2" className="TwojeWesele.Services.Helpers.Tests.CurrencyHelperTests" name="FormatToStringTest1000" />
    </UnitTest>
    <UnitTest name="FormatToStringTest1000 (72659.37876478041,72659.38 zł)" storage="c:\projekty\mstestproject\bin\debug\netcoreapp3.1\mstestproject.dll" id="a88a9687-5c91-414c-93ed-86826736d504">
      <TestCategory>
        <TestCategoryItem TestCategory="Category1000" />
      </TestCategory>
      <Execution id="346cb0e6-b905-4ac5-8af4-29d7b05c8519" />
      <TestMethod codeBase="C:\Projekty\MSTestProject\bin\Debug\netcoreapp3.1\MSTestProject.dll" adapterTypeName="executor://mstestadapter/v2" className="TwojeWesele.Services.Helpers.Tests.CurrencyHelperTests" name="FormatToStringTest1000" />
    </UnitTest>
    <UnitTest name="FormatToStringTest1000 (37528.70144368368,37528.70 zł)" storage="c:\projekty\mstestproject\bin\debug\netcoreapp3.1\mstestproject.dll" id="f88d6442-b410-4076-ab52-3635c9f47c8c">
      <TestCategory>
        <TestCategoryItem TestCategory="Category1000" />
      </TestCategory>
      <Execution id="0331220d-c86d-4df0-b01e-9a64b17bd0fc" />
      <TestMethod codeBase="C:\Projekty\MSTestProject\bin\Debug\netcoreapp3.1\MSTestProject.dll" adapterTypeName="executor://mstestadapter/v2" className="TwojeWesele.Services.Helpers.Tests.CurrencyHelperTests" name="FormatToStringTest1000" />
    </UnitTest>
    <UnitTest name="FormatToStringTest1000 (63115.864864394935,63115.86 zł)" storage="c:\projekty\mstestproject\bin\debug\netcoreapp3.1\mstestproject.dll" id="94a372da-ae33-43a1-9373-c3444cd39f30">
      <TestCategory>
        <TestCategoryItem TestCategory="Category1000" />
      </TestCategory>
      <Execution id="cbbae666-15a4-4b70-b94e-b128d51ea233" />
      <TestMethod codeBase="C:\Projekty\MSTestProject\bin\Debug\netcoreapp3.1\MSTestProject.dll" adapterTypeName="executor://mstestadapter/v2" className="TwojeWesele.Services.Helpers.Tests.CurrencyHelperTests" name="FormatToStringTest1000" />
    </UnitTest>
    <UnitTest name="FormatToStringTest1000 (82228.32322510486,82228.32 zł)" storage="c:\projekty\mstestproject\bin\debug\netcoreapp3.1\mstestproject.dll" id="4260beac-79f5-4545-8ecd-1e8b5da8fc3f">
      <TestCategory>
        <TestCategoryItem TestCategory="Category1000" />
      </TestCategory>
      <Execution id="faec914c-30f0-4309-af9b-6c0221c1adc0" />
      <TestMethod codeBase="C:\Projekty\MSTestProject\bin\Debug\netcoreapp3.1\MSTestProject.dll" adapterTypeName="executor://mstestadapter/v2" className="TwojeWesele.Services.Helpers.Tests.CurrencyHelperTests" name="FormatToStringTest1000" />
    </UnitTest>
    <UnitTest name="FormatToStringTest1000 (17798.633951516185,17798.63 zł)" storage="c:\projekty\mstestproject\bin\debug\netcoreapp3.1\mstestproject.dll" id="c1200f41-c360-4c32-a69e-5a8c82703d40">
      <TestCategory>
        <TestCategoryItem TestCategory="Category1000" />
      </TestCategory>
      <Execution id="07b6b4f5-981f-453c-815c-022505d4b959" />
      <TestMethod codeBase="C:\Projekty\MSTestProject\bin\Debug\netcoreapp3.1\MSTestProject.dll" adapterTypeName="executor://mstestadapter/v2" className="TwojeWesele.Services.Helpers.Tests.CurrencyHelperTests" name="FormatToStringTest1000" />
    </UnitTest>
    <UnitTest name="FormatToStringTest1000 (30533.30031120838,30533.30 zł)" storage="c:\projekty\mstestproject\bin\debug\netcoreapp3.1\mstestproject.dll" id="3979b64b-fde9-41c6-8f4c-a1b95c762d11">
      <TestCategory>
        <TestCategoryItem TestCategory="Category1000" />
      </TestCategory>
      <Execution id="db028d20-66b7-4210-aea4-5ab57da936f5" />
      <TestMethod codeBase="C:\Projekty\MSTestProject\bin\Debug\netcoreapp3.1\MSTestProject.dll" adapterTypeName="executor://mstestadapter/v2" className="TwojeWesele.Services.Helpers.Tests.CurrencyHelperTests" name="FormatToStringTest1000" />
    </UnitTest>
    <UnitTest name="FormatToStringTest1000 (36893.66238331593,36893.66 zł)" storage="c:\projekty\mstestproject\bin\debug\netcoreapp3.1\mstestproject.dll" id="65061de0-8ac7-4bf4-aaef-8492c87f18c0">
      <TestCategory>
        <TestCategoryItem TestCategory="Category1000" />
      </TestCategory>
      <Execution id="28a01931-28bb-4fb3-b09c-411dff6cc37d" />
      <TestMethod codeBase="C:\Projekty\MSTestProject\bin\Debug\netcoreapp3.1\MSTestProject.dll" adapterTypeName="executor://mstestadapter/v2" className="TwojeWesele.Services.Helpers.Tests.CurrencyHelperTests" name="FormatToStringTest1000" />
    </UnitTest>
    <UnitTest name="FormatToStringTest1000 (67380.07704875062,67380.08 zł)" storage="c:\projekty\mstestproject\bin\debug\netcoreapp3.1\mstestproject.dll" id="174f15d5-08ad-4f12-9970-f53d609f5ab1">
      <TestCategory>
        <TestCategoryItem TestCategory="Category1000" />
      </TestCategory>
      <Execution id="145557a0-f10c-4310-991e-d382bbfee16b" />
      <TestMethod codeBase="C:\Projekty\MSTestProject\bin\Debug\netcoreapp3.1\MSTestProject.dll" adapterTypeName="executor://mstestadapter/v2" className="TwojeWesele.Services.Helpers.Tests.CurrencyHelperTests" name="FormatToStringTest1000" />
    </UnitTest>
    <UnitTest name="FormatToStringTest1000 (22791.735381432685,22791.74 zł)" storage="c:\projekty\mstestproject\bin\debug\netcoreapp3.1\mstestproject.dll" id="ae327e7f-1ffc-46bb-90fa-49a9bf6e1fbd">
      <TestCategory>
        <TestCategoryItem TestCategory="Category1000" />
      </TestCategory>
      <Execution id="ba38dc09-c893-428d-8f13-d446d079ee20" />
      <TestMethod codeBase="C:\Projekty\MSTestProject\bin\Debug\netcoreapp3.1\MSTestProject.dll" adapterTypeName="executor://mstestadapter/v2" className="TwojeWesele.Services.Helpers.Tests.CurrencyHelperTests" name="FormatToStringTest1000" />
    </UnitTest>
    <UnitTest name="FormatToStringTest1000 (32863.31705269558,32863.32 zł)" storage="c:\projekty\mstestproject\bin\debug\netcoreapp3.1\mstestproject.dll" id="732140a2-58d2-40e9-a06e-29e3f4e323af">
      <TestCategory>
        <TestCategoryItem TestCategory="Category1000" />
      </TestCategory>
      <Execution id="dfd2c1a7-9162-413d-b015-bc78293dc229" />
      <TestMethod codeBase="C:\Projekty\MSTestProject\bin\Debug\netcoreapp3.1\MSTestProject.dll" adapterTypeName="executor://mstestadapter/v2" className="TwojeWesele.Services.Helpers.Tests.CurrencyHelperTests" name="FormatToStringTest1000" />
    </UnitTest>
    <UnitTest name="FormatToStringTest1000 (238.1379397484185,238.14 zł)" storage="c:\projekty\mstestproject\bin\debug\netcoreapp3.1\mstestproject.dll" id="b79b9436-60eb-466e-9539-079cbd9e1436">
      <TestCategory>
        <TestCategoryItem TestCategory="Category1000" />
      </TestCategory>
      <Execution id="75c8e118-8612-405c-92ef-cb35bb292354" />
      <TestMethod codeBase="C:\Projekty\MSTestProject\bin\Debug\netcoreapp3.1\MSTestProject.dll" adapterTypeName="executor://mstestadapter/v2" className="TwojeWesele.Services.Helpers.Tests.CurrencyHelperTests" name="FormatToStringTest1000" />
    </UnitTest>
    <UnitTest name="FormatToStringTest1000 (1814.7218118955948,1814.72 zł)" storage="c:\projekty\mstestproject\bin\debug\netcoreapp3.1\mstestproject.dll" id="b2f78ed5-718f-46ae-af90-cbe9c281ee3f">
      <TestCategory>
        <TestCategoryItem TestCategory="Category1000" />
      </TestCategory>
      <Execution id="968025fe-60ca-4bfa-84e1-40a4de1565dc" />
      <TestMethod codeBase="C:\Projekty\MSTestProject\bin\Debug\netcoreapp3.1\MSTestProject.dll" adapterTypeName="executor://mstestadapter/v2" className="TwojeWesele.Services.Helpers.Tests.CurrencyHelperTests" name="FormatToStringTest1000" />
    </UnitTest>
    <UnitTest name="FormatToStringTest1000 (485.6735566554933,485.67 zł)" storage="c:\projekty\mstestproject\bin\debug\netcoreapp3.1\mstestproject.dll" id="01c7be88-2bde-44f6-9b11-f1317fbe25a9">
      <TestCategory>
        <TestCategoryItem TestCategory="Category1000" />
      </TestCategory>
      <Execution id="884a60c8-bc4c-4bad-8237-822defd31741" />
      <TestMethod codeBase="C:\Projekty\MSTestProject\bin\Debug\netcoreapp3.1\MSTestProject.dll" adapterTypeName="executor://mstestadapter/v2" className="TwojeWesele.Services.Helpers.Tests.CurrencyHelperTests" name="FormatToStringTest1000" />
    </UnitTest>
    <UnitTest name="FormatToStringTest1000 (653.4647999170537,653.46 zł)" storage="c:\projekty\mstestproject\bin\debug\netcoreapp3.1\mstestproject.dll" id="749a9d55-a0bf-4498-8aa2-193a59fa1cb5">
      <TestCategory>
        <TestCategoryItem TestCategory="Category1000" />
      </TestCategory>
      <Execution id="91fbdb8c-8d1d-4236-8fe2-56ad98f5e887" />
      <TestMethod codeBase="C:\Projekty\MSTestProject\bin\Debug\netcoreapp3.1\MSTestProject.dll" adapterTypeName="executor://mstestadapter/v2" className="TwojeWesele.Services.Helpers.Tests.CurrencyHelperTests" name="FormatToStringTest1000" />
    </UnitTest>
    <UnitTest name="FormatToStringTest1000 (2901.9683054191846,2901.97 zł)" storage="c:\projekty\mstestproject\bin\debug\netcoreapp3.1\mstestproject.dll" id="73157ab5-eec1-4202-b22a-7376be0f4a91">
      <TestCategory>
        <TestCategoryItem TestCategory="Category1000" />
      </TestCategory>
      <Execution id="5270b3ef-bb45-4c7c-83af-eee4dac72456" />
      <TestMethod codeBase="C:\Projekty\MSTestProject\bin\Debug\netcoreapp3.1\MSTestProject.dll" adapterTypeName="executor://mstestadapter/v2" className="TwojeWesele.Services.Helpers.Tests.CurrencyHelperTests" name="FormatToStringTest1000" />
    </UnitTest>
    <UnitTest name="FormatToStringTest1000 (79973.08417819678,79973.08 zł)" storage="c:\projekty\mstestproject\bin\debug\netcoreapp3.1\mstestproject.dll" id="e6c0bf34-fece-4516-95a9-41872e37fc64">
      <TestCategory>
        <TestCategoryItem TestCategory="Category1000" />
      </TestCategory>
      <Execution id="66f08f3d-5f2b-47e3-8dbe-00059cb9e9c7" />
      <TestMethod codeBase="C:\Projekty\MSTestProject\bin\Debug\netcoreapp3.1\MSTestProject.dll" adapterTypeName="executor://mstestadapter/v2" className="TwojeWesele.Services.Helpers.Tests.CurrencyHelperTests" name="FormatToStringTest1000" />
    </UnitTest>
    <UnitTest name="FormatToStringTest1000 (7789.7136237517525,7789.71 zł)" storage="c:\projekty\mstestproject\bin\debug\netcoreapp3.1\mstestproject.dll" id="1164c467-d05d-4c18-b005-1904413e0bd9">
      <TestCategory>
        <TestCategoryItem TestCategory="Category1000" />
      </TestCategory>
      <Execution id="05d1acfd-07b5-46fd-8bcc-f2e07fa55399" />
      <TestMethod codeBase="C:\Projekty\MSTestProject\bin\Debug\netcoreapp3.1\MSTestProject.dll" adapterTypeName="executor://mstestadapter/v2" className="TwojeWesele.Services.Helpers.Tests.CurrencyHelperTests" name="FormatToStringTest1000" />
    </UnitTest>
    <UnitTest name="FormatToStringTest1000 (464.74397441965715,464.74 zł)" storage="c:\projekty\mstestproject\bin\debug\netcoreapp3.1\mstestproject.dll" id="2009dfbb-8b7b-49a8-a022-1b3519e9ca29">
      <TestCategory>
        <TestCategoryItem TestCategory="Category1000" />
      </TestCategory>
      <Execution id="95af0908-0f0a-4809-8afb-bf0e822c9c7d" />
      <TestMethod codeBase="C:\Projekty\MSTestProject\bin\Debug\netcoreapp3.1\MSTestProject.dll" adapterTypeName="executor://mstestadapter/v2" className="TwojeWesele.Services.Helpers.Tests.CurrencyHelperTests" name="FormatToStringTest1000" />
    </UnitTest>
    <UnitTest name="FormatToStringTest1000 (37954.34384365396,37954.34 zł)" storage="c:\projekty\mstestproject\bin\debug\netcoreapp3.1\mstestproject.dll" id="dfe7b2cf-7788-4009-80f2-f739cf89656f">
      <TestCategory>
        <TestCategoryItem TestCategory="Category1000" />
      </TestCategory>
      <Execution id="be9c9d56-2848-4857-96cd-06a286b7c108" />
      <TestMethod codeBase="C:\Projekty\MSTestProject\bin\Debug\netcoreapp3.1\MSTestProject.dll" adapterTypeName="executor://mstestadapter/v2" className="TwojeWesele.Services.Helpers.Tests.CurrencyHelperTests" name="FormatToStringTest1000" />
    </UnitTest>
    <UnitTest name="FormatToStringTest1000 (25908.345463821825,25908.35 zł)" storage="c:\projekty\mstestproject\bin\debug\netcoreapp3.1\mstestproject.dll" id="9e49f430-bfad-4114-a805-c705d7616be9">
      <TestCategory>
        <TestCategoryItem TestCategory="Category1000" />
      </TestCategory>
      <Execution id="48b900e0-437b-4c27-a389-5cc597ad6fce" />
      <TestMethod codeBase="C:\Projekty\MSTestProject\bin\Debug\netcoreapp3.1\MSTestProject.dll" adapterTypeName="executor://mstestadapter/v2" className="TwojeWesele.Services.Helpers.Tests.CurrencyHelperTests" name="FormatToStringTest1000" />
    </UnitTest>
    <UnitTest name="FormatToStringTest1000 (4857.211933034105,4857.21 zł)" storage="c:\projekty\mstestproject\bin\debug\netcoreapp3.1\mstestproject.dll" id="7ead8915-7acf-4e52-80a6-1f2ef2db968a">
      <TestCategory>
        <TestCategoryItem TestCategory="Category1000" />
      </TestCategory>
      <Execution id="402b6d5b-02f8-4a52-8b13-97329aa2a4d5" />
      <TestMethod codeBase="C:\Projekty\MSTestProject\bin\Debug\netcoreapp3.1\MSTestProject.dll" adapterTypeName="executor://mstestadapter/v2" className="TwojeWesele.Services.Helpers.Tests.CurrencyHelperTests" name="FormatToStringTest1000" />
    </UnitTest>
    <UnitTest name="FormatToStringTest1000 (12641.700665183225,12641.70 zł)" storage="c:\projekty\mstestproject\bin\debug\netcoreapp3.1\mstestproject.dll" id="feadd26f-7a1d-403a-b59f-4c6e592316e9">
      <TestCategory>
        <TestCategoryItem TestCategory="Category1000" />
      </TestCategory>
      <Execution id="3eea7fc4-c1a0-49a2-bfc2-1b9bc3d3ff46" />
      <TestMethod codeBase="C:\Projekty\MSTestProject\bin\Debug\netcoreapp3.1\MSTestProject.dll" adapterTypeName="executor://mstestadapter/v2" className="TwojeWesele.Services.Helpers.Tests.CurrencyHelperTests" name="FormatToStringTest1000" />
    </UnitTest>
    <UnitTest name="FormatToStringTest1000 (7124.979180760672,7124.98 zł)" storage="c:\projekty\mstestproject\bin\debug\netcoreapp3.1\mstestproject.dll" id="3b76031e-6a89-40e1-9fcb-dc868a5ffc8c">
      <TestCategory>
        <TestCategoryItem TestCategory="Category1000" />
      </TestCategory>
      <Execution id="8cd81e15-7a6d-4dd8-9f0a-db703c65cab7" />
      <TestMethod codeBase="C:\Projekty\MSTestProject\bin\Debug\netcoreapp3.1\MSTestProject.dll" adapterTypeName="executor://mstestadapter/v2" className="TwojeWesele.Services.Helpers.Tests.CurrencyHelperTests" name="FormatToStringTest1000" />
    </UnitTest>
    <UnitTest name="FormatToStringTest1000 (22367.991005544547,22367.99 zł)" storage="c:\projekty\mstestproject\bin\debug\netcoreapp3.1\mstestproject.dll" id="d13636f1-ae80-4964-882a-7a5d4ec6dca9">
      <TestCategory>
        <TestCategoryItem TestCategory="Category1000" />
      </TestCategory>
      <Execution id="de53e211-ed1f-4df8-b9ba-6fcb2dd67332" />
      <TestMethod codeBase="C:\Projekty\MSTestProject\bin\Debug\netcoreapp3.1\MSTestProject.dll" adapterTypeName="executor://mstestadapter/v2" className="TwojeWesele.Services.Helpers.Tests.CurrencyHelperTests" name="FormatToStringTest1000" />
    </UnitTest>
    <UnitTest name="FormatToStringTest1000 (73477.18206926118,73477.18 zł)" storage="c:\projekty\mstestproject\bin\debug\netcoreapp3.1\mstestproject.dll" id="0dcdbafa-9536-4d46-bbe5-8a162ac5eafb">
      <TestCategory>
        <TestCategoryItem TestCategory="Category1000" />
      </TestCategory>
      <Execution id="c3b4403f-e5a3-4a24-bd16-7d4af311e4f6" />
      <TestMethod codeBase="C:\Projekty\MSTestProject\bin\Debug\netcoreapp3.1\MSTestProject.dll" adapterTypeName="executor://mstestadapter/v2" className="TwojeWesele.Services.Helpers.Tests.CurrencyHelperTests" name="FormatToStringTest1000" />
    </UnitTest>
    <UnitTest name="FormatToStringTest1000 (41368.29672956015,41368.30 zł)" storage="c:\projekty\mstestproject\bin\debug\netcoreapp3.1\mstestproject.dll" id="bacab03f-fedb-4d5f-9912-f6117d98c794">
      <TestCategory>
        <TestCategoryItem TestCategory="Category1000" />
      </TestCategory>
      <Execution id="15e8a45a-5a38-403e-911f-6bf14a5275ba" />
      <TestMethod codeBase="C:\Projekty\MSTestProject\bin\Debug\netcoreapp3.1\MSTestProject.dll" adapterTypeName="executor://mstestadapter/v2" className="TwojeWesele.Services.Helpers.Tests.CurrencyHelperTests" name="FormatToStringTest1000" />
    </UnitTest>
    <UnitTest name="FormatToStringTest1000 (24957.469502810607,24957.47 zł)" storage="c:\projekty\mstestproject\bin\debug\netcoreapp3.1\mstestproject.dll" id="ed56d648-e8cf-48a8-a0e9-d6a7d62091bd">
      <TestCategory>
        <TestCategoryItem TestCategory="Category1000" />
      </TestCategory>
      <Execution id="ff936b3c-1378-4fd8-b876-ed1ed3553d6b" />
      <TestMethod codeBase="C:\Projekty\MSTestProject\bin\Debug\netcoreapp3.1\MSTestProject.dll" adapterTypeName="executor://mstestadapter/v2" className="TwojeWesele.Services.Helpers.Tests.CurrencyHelperTests" name="FormatToStringTest1000" />
    </UnitTest>
    <UnitTest name="FormatToStringTest1000 (6145.531235831571,6145.53 zł)" storage="c:\projekty\mstestproject\bin\debug\netcoreapp3.1\mstestproject.dll" id="ed6512ad-894e-4049-97ed-7aa546d76b46">
      <TestCategory>
        <TestCategoryItem TestCategory="Category1000" />
      </TestCategory>
      <Execution id="75dad30c-9f47-4bfb-8e87-83b4cdbc5470" />
      <TestMethod codeBase="C:\Projekty\MSTestProject\bin\Debug\netcoreapp3.1\MSTestProject.dll" adapterTypeName="executor://mstestadapter/v2" className="TwojeWesele.Services.Helpers.Tests.CurrencyHelperTests" name="FormatToStringTest1000" />
    </UnitTest>
    <UnitTest name="FormatToStringTest1000 (45955.903045959254,45955.90 zł)" storage="c:\projekty\mstestproject\bin\debug\netcoreapp3.1\mstestproject.dll" id="0fdedb4a-0c19-434d-9e57-05440cd861ee">
      <TestCategory>
        <TestCategoryItem TestCategory="Category1000" />
      </TestCategory>
      <Execution id="cf94fa98-03ac-4094-be5a-4b599c16a856" />
      <TestMethod codeBase="C:\Projekty\MSTestProject\bin\Debug\netcoreapp3.1\MSTestProject.dll" adapterTypeName="executor://mstestadapter/v2" className="TwojeWesele.Services.Helpers.Tests.CurrencyHelperTests" name="FormatToStringTest1000" />
    </UnitTest>
    <UnitTest name="FormatToStringTest1000 (11871.427211910219,11871.43 zł)" storage="c:\projekty\mstestproject\bin\debug\netcoreapp3.1\mstestproject.dll" id="001f4160-27ee-47aa-8d91-4d460ac23429">
      <TestCategory>
        <TestCategoryItem TestCategory="Category1000" />
      </TestCategory>
      <Execution id="b878c587-b96f-44a4-bdb2-6a374c81c599" />
      <TestMethod codeBase="C:\Projekty\MSTestProject\bin\Debug\netcoreapp3.1\MSTestProject.dll" adapterTypeName="executor://mstestadapter/v2" className="TwojeWesele.Services.Helpers.Tests.CurrencyHelperTests" name="FormatToStringTest1000" />
    </UnitTest>
    <UnitTest name="FormatToStringTest1000 (13681.607566007231,13681.61 zł)" storage="c:\projekty\mstestproject\bin\debug\netcoreapp3.1\mstestproject.dll" id="35894fcb-505b-4956-a381-d81f9a3b1ea2">
      <TestCategory>
        <TestCategoryItem TestCategory="Category1000" />
      </TestCategory>
      <Execution id="4f5aca81-f7cd-4aed-b039-498014be728a" />
      <TestMethod codeBase="C:\Projekty\MSTestProject\bin\Debug\netcoreapp3.1\MSTestProject.dll" adapterTypeName="executor://mstestadapter/v2" className="TwojeWesele.Services.Helpers.Tests.CurrencyHelperTests" name="FormatToStringTest1000" />
    </UnitTest>
    <UnitTest name="FormatToStringTest1000 (1474.699818629166,1474.70 zł)" storage="c:\projekty\mstestproject\bin\debug\netcoreapp3.1\mstestproject.dll" id="d940a91f-7f6b-48ff-9327-4f2a445e017c">
      <TestCategory>
        <TestCategoryItem TestCategory="Category1000" />
      </TestCategory>
      <Execution id="7404339e-384f-4987-859a-ce3306786a46" />
      <TestMethod codeBase="C:\Projekty\MSTestProject\bin\Debug\netcoreapp3.1\MSTestProject.dll" adapterTypeName="executor://mstestadapter/v2" className="TwojeWesele.Services.Helpers.Tests.CurrencyHelperTests" name="FormatToStringTest1000" />
    </UnitTest>
    <UnitTest name="FormatToStringTest1000 (1562.3173604776698,1562.32 zł)" storage="c:\projekty\mstestproject\bin\debug\netcoreapp3.1\mstestproject.dll" id="4302b39c-171c-4b6d-beaf-aceeb5382a7b">
      <TestCategory>
        <TestCategoryItem TestCategory="Category1000" />
      </TestCategory>
      <Execution id="9e3295d1-c51f-455a-b5dc-0503f4acb73c" />
      <TestMethod codeBase="C:\Projekty\MSTestProject\bin\Debug\netcoreapp3.1\MSTestProject.dll" adapterTypeName="executor://mstestadapter/v2" className="TwojeWesele.Services.Helpers.Tests.CurrencyHelperTests" name="FormatToStringTest1000" />
    </UnitTest>
    <UnitTest name="FormatToStringTest1000 (45739.569854490255,45739.57 zł)" storage="c:\projekty\mstestproject\bin\debug\netcoreapp3.1\mstestproject.dll" id="c0ee09ad-cefe-4605-92a6-58a40c13a714">
      <TestCategory>
        <TestCategoryItem TestCategory="Category1000" />
      </TestCategory>
      <Execution id="a6e29adf-db77-4855-95dd-f1ccbc500ad6" />
      <TestMethod codeBase="C:\Projekty\MSTestProject\bin\Debug\netcoreapp3.1\MSTestProject.dll" adapterTypeName="executor://mstestadapter/v2" className="TwojeWesele.Services.Helpers.Tests.CurrencyHelperTests" name="FormatToStringTest1000" />
    </UnitTest>
    <UnitTest name="FormatToStringTest1000 (34021.1384072961,34021.14 zł)" storage="c:\projekty\mstestproject\bin\debug\netcoreapp3.1\mstestproject.dll" id="397355ce-d59a-4700-a8f5-77a4dd652d9a">
      <TestCategory>
        <TestCategoryItem TestCategory="Category1000" />
      </TestCategory>
      <Execution id="4d261273-1294-432e-bc00-57cc280ff31c" />
      <TestMethod codeBase="C:\Projekty\MSTestProject\bin\Debug\netcoreapp3.1\MSTestProject.dll" adapterTypeName="executor://mstestadapter/v2" className="TwojeWesele.Services.Helpers.Tests.CurrencyHelperTests" name="FormatToStringTest1000" />
    </UnitTest>
    <UnitTest name="FormatToStringTest1000 (36978.61073549213,36978.61 zł)" storage="c:\projekty\mstestproject\bin\debug\netcoreapp3.1\mstestproject.dll" id="9abb54b3-dc72-48e4-bfb8-b2358767ca74">
      <TestCategory>
        <TestCategoryItem TestCategory="Category1000" />
      </TestCategory>
      <Execution id="99707b00-057f-4129-b1ab-2324e25b861a" />
      <TestMethod codeBase="C:\Projekty\MSTestProject\bin\Debug\netcoreapp3.1\MSTestProject.dll" adapterTypeName="executor://mstestadapter/v2" className="TwojeWesele.Services.Helpers.Tests.CurrencyHelperTests" name="FormatToStringTest1000" />
    </UnitTest>
    <UnitTest name="FormatToStringTest1000 (29678.921519093645,29678.92 zł)" storage="c:\projekty\mstestproject\bin\debug\netcoreapp3.1\mstestproject.dll" id="657b8297-148a-4ea5-bdca-5878af2b4cf8">
      <TestCategory>
        <TestCategoryItem TestCategory="Category1000" />
      </TestCategory>
      <Execution id="152e4cd2-50e7-4af1-a925-3b59cf646d19" />
      <TestMethod codeBase="C:\Projekty\MSTestProject\bin\Debug\netcoreapp3.1\MSTestProject.dll" adapterTypeName="executor://mstestadapter/v2" className="TwojeWesele.Services.Helpers.Tests.CurrencyHelperTests" name="FormatToStringTest1000" />
    </UnitTest>
    <UnitTest name="FormatToStringTest1000 (30385.72086375613,30385.72 zł)" storage="c:\projekty\mstestproject\bin\debug\netcoreapp3.1\mstestproject.dll" id="f12d1271-7957-4aae-aff5-83eb5114e72f">
      <TestCategory>
        <TestCategoryItem TestCategory="Category1000" />
      </TestCategory>
      <Execution id="6ac6a60b-1620-49be-96b1-57d8b0166c64" />
      <TestMethod codeBase="C:\Projekty\MSTestProject\bin\Debug\netcoreapp3.1\MSTestProject.dll" adapterTypeName="executor://mstestadapter/v2" className="TwojeWesele.Services.Helpers.Tests.CurrencyHelperTests" name="FormatToStringTest1000" />
    </UnitTest>
    <UnitTest name="FormatToStringTest1000 (6752.510462437062,6752.51 zł)" storage="c:\projekty\mstestproject\bin\debug\netcoreapp3.1\mstestproject.dll" id="e4cf1bd8-4b9f-405c-8e21-17b94064abcf">
      <TestCategory>
        <TestCategoryItem TestCategory="Category1000" />
      </TestCategory>
      <Execution id="e5ffc04a-2d0c-4abf-bdcb-17e1da0df1b6" />
      <TestMethod codeBase="C:\Projekty\MSTestProject\bin\Debug\netcoreapp3.1\MSTestProject.dll" adapterTypeName="executor://mstestadapter/v2" className="TwojeWesele.Services.Helpers.Tests.CurrencyHelperTests" name="FormatToStringTest1000" />
    </UnitTest>
    <UnitTest name="FormatToStringTest1000 (17835.54606576988,17835.55 zł)" storage="c:\projekty\mstestproject\bin\debug\netcoreapp3.1\mstestproject.dll" id="e48fc9b7-69c8-4b4e-b231-1f020811cd03">
      <TestCategory>
        <TestCategoryItem TestCategory="Category1000" />
      </TestCategory>
      <Execution id="c98ac5fe-24f6-4a5c-905a-fc905931b5af" />
      <TestMethod codeBase="C:\Projekty\MSTestProject\bin\Debug\netcoreapp3.1\MSTestProject.dll" adapterTypeName="executor://mstestadapter/v2" className="TwojeWesele.Services.Helpers.Tests.CurrencyHelperTests" name="FormatToStringTest1000" />
    </UnitTest>
    <UnitTest name="FormatToStringTest1000 (6710.131197082871,6710.13 zł)" storage="c:\projekty\mstestproject\bin\debug\netcoreapp3.1\mstestproject.dll" id="bbc7fbcb-664a-4736-bbf4-0951700edac3">
      <TestCategory>
        <TestCategoryItem TestCategory="Category1000" />
      </TestCategory>
      <Execution id="0774a239-63f9-451c-b4bd-71b8785860eb" />
      <TestMethod codeBase="C:\Projekty\MSTestProject\bin\Debug\netcoreapp3.1\MSTestProject.dll" adapterTypeName="executor://mstestadapter/v2" className="TwojeWesele.Services.Helpers.Tests.CurrencyHelperTests" name="FormatToStringTest1000" />
    </UnitTest>
    <UnitTest name="FormatToStringTest1000 (25084.19182667238,25084.19 zł)" storage="c:\projekty\mstestproject\bin\debug\netcoreapp3.1\mstestproject.dll" id="dd0c5edd-d20c-40de-966e-5be606c2498e">
      <TestCategory>
        <TestCategoryItem TestCategory="Category1000" />
      </TestCategory>
      <Execution id="8f51b2c1-4f4b-4586-8d55-f8da17fddc84" />
      <TestMethod codeBase="C:\Projekty\MSTestProject\bin\Debug\netcoreapp3.1\MSTestProject.dll" adapterTypeName="executor://mstestadapter/v2" className="TwojeWesele.Services.Helpers.Tests.CurrencyHelperTests" name="FormatToStringTest1000" />
    </UnitTest>
    <UnitTest name="FormatToStringTest1000 (68174.53068551492,68174.53 zł)" storage="c:\projekty\mstestproject\bin\debug\netcoreapp3.1\mstestproject.dll" id="7fdce492-5ae9-4a4a-ad84-31ec602857ba">
      <TestCategory>
        <TestCategoryItem TestCategory="Category1000" />
      </TestCategory>
      <Execution id="274c9379-9645-41f5-a31b-af46064e705b" />
      <TestMethod codeBase="C:\Projekty\MSTestProject\bin\Debug\netcoreapp3.1\MSTestProject.dll" adapterTypeName="executor://mstestadapter/v2" className="TwojeWesele.Services.Helpers.Tests.CurrencyHelperTests" name="FormatToStringTest1000" />
    </UnitTest>
    <UnitTest name="FormatToStringTest1000 (2835.0728237931958,2835.07 zł)" storage="c:\projekty\mstestproject\bin\debug\netcoreapp3.1\mstestproject.dll" id="cb579e6c-910a-4102-b52c-b6db6cc8c082">
      <TestCategory>
        <TestCategoryItem TestCategory="Category1000" />
      </TestCategory>
      <Execution id="ea24b6c6-892b-4996-98d4-51267e29685c" />
      <TestMethod codeBase="C:\Projekty\MSTestProject\bin\Debug\netcoreapp3.1\MSTestProject.dll" adapterTypeName="executor://mstestadapter/v2" className="TwojeWesele.Services.Helpers.Tests.CurrencyHelperTests" name="FormatToStringTest1000" />
    </UnitTest>
    <UnitTest name="FormatToStringTest1000 (19216.446905020366,19216.45 zł)" storage="c:\projekty\mstestproject\bin\debug\netcoreapp3.1\mstestproject.dll" id="33b1b8df-e55e-4b70-9343-ee6cbcbbc0f7">
      <TestCategory>
        <TestCategoryItem TestCategory="Category1000" />
      </TestCategory>
      <Execution id="22737f5e-4f0d-4580-9123-e1ec923b04b1" />
      <TestMethod codeBase="C:\Projekty\MSTestProject\bin\Debug\netcoreapp3.1\MSTestProject.dll" adapterTypeName="executor://mstestadapter/v2" className="TwojeWesele.Services.Helpers.Tests.CurrencyHelperTests" name="FormatToStringTest1000" />
    </UnitTest>
    <UnitTest name="FormatToStringTest1000 (8768.816937361293,8768.82 zł)" storage="c:\projekty\mstestproject\bin\debug\netcoreapp3.1\mstestproject.dll" id="dbdcbfda-eb28-49e9-a0fb-05dbff126ab3">
      <TestCategory>
        <TestCategoryItem TestCategory="Category1000" />
      </TestCategory>
      <Execution id="87f53d77-3dc9-4379-a784-63de492ec591" />
      <TestMethod codeBase="C:\Projekty\MSTestProject\bin\Debug\netcoreapp3.1\MSTestProject.dll" adapterTypeName="executor://mstestadapter/v2" className="TwojeWesele.Services.Helpers.Tests.CurrencyHelperTests" name="FormatToStringTest1000" />
    </UnitTest>
    <UnitTest name="FormatToStringTest1000 (31799.68317462815,31799.68 zł)" storage="c:\projekty\mstestproject\bin\debug\netcoreapp3.1\mstestproject.dll" id="2615715e-ca6d-4036-825f-49d05acae1bf">
      <TestCategory>
        <TestCategoryItem TestCategory="Category1000" />
      </TestCategory>
      <Execution id="6b818b1c-ffed-4aae-a07a-79d02dc74669" />
      <TestMethod codeBase="C:\Projekty\MSTestProject\bin\Debug\netcoreapp3.1\MSTestProject.dll" adapterTypeName="executor://mstestadapter/v2" className="TwojeWesele.Services.Helpers.Tests.CurrencyHelperTests" name="FormatToStringTest1000" />
    </UnitTest>
    <UnitTest name="FormatToStringTest1000 (54088.326214851964,54088.33 zł)" storage="c:\projekty\mstestproject\bin\debug\netcoreapp3.1\mstestproject.dll" id="22810605-89a5-43b3-96d4-85ad376e296a">
      <TestCategory>
        <TestCategoryItem TestCategory="Category1000" />
      </TestCategory>
      <Execution id="5c11fc6c-6b53-4617-97c0-263fff519ad0" />
      <TestMethod codeBase="C:\Projekty\MSTestProject\bin\Debug\netcoreapp3.1\MSTestProject.dll" adapterTypeName="executor://mstestadapter/v2" className="TwojeWesele.Services.Helpers.Tests.CurrencyHelperTests" name="FormatToStringTest1000" />
    </UnitTest>
    <UnitTest name="FormatToStringTest1000 (12528.413830086782,12528.41 zł)" storage="c:\projekty\mstestproject\bin\debug\netcoreapp3.1\mstestproject.dll" id="b44e5926-165a-4aa2-9965-d8518f5942dd">
      <TestCategory>
        <TestCategoryItem TestCategory="Category1000" />
      </TestCategory>
      <Execution id="9f1ab33d-fcea-41d8-b8f1-97b4a892f3d2" />
      <TestMethod codeBase="C:\Projekty\MSTestProject\bin\Debug\netcoreapp3.1\MSTestProject.dll" adapterTypeName="executor://mstestadapter/v2" className="TwojeWesele.Services.Helpers.Tests.CurrencyHelperTests" name="FormatToStringTest1000" />
    </UnitTest>
    <UnitTest name="FormatToStringTest1000 (18023.78504577455,18023.79 zł)" storage="c:\projekty\mstestproject\bin\debug\netcoreapp3.1\mstestproject.dll" id="feadf99d-0057-4f2a-84f0-46234dc57079">
      <TestCategory>
        <TestCategoryItem TestCategory="Category1000" />
      </TestCategory>
      <Execution id="65526217-01b0-4d0c-bf34-510d6b074382" />
      <TestMethod codeBase="C:\Projekty\MSTestProject\bin\Debug\netcoreapp3.1\MSTestProject.dll" adapterTypeName="executor://mstestadapter/v2" className="TwojeWesele.Services.Helpers.Tests.CurrencyHelperTests" name="FormatToStringTest1000" />
    </UnitTest>
    <UnitTest name="FormatToStringTest1000 (7348.947429818543,7348.95 zł)" storage="c:\projekty\mstestproject\bin\debug\netcoreapp3.1\mstestproject.dll" id="9d37be86-5a6d-4269-a73b-d53bd3ffe793">
      <TestCategory>
        <TestCategoryItem TestCategory="Category1000" />
      </TestCategory>
      <Execution id="f6a4b919-a03c-47b9-9148-fc38a69d4892" />
      <TestMethod codeBase="C:\Projekty\MSTestProject\bin\Debug\netcoreapp3.1\MSTestProject.dll" adapterTypeName="executor://mstestadapter/v2" className="TwojeWesele.Services.Helpers.Tests.CurrencyHelperTests" name="FormatToStringTest1000" />
    </UnitTest>
    <UnitTest name="FormatToStringTest1000 (658.7555888573431,658.76 zł)" storage="c:\projekty\mstestproject\bin\debug\netcoreapp3.1\mstestproject.dll" id="4b1bd388-c8b0-43ab-bead-943c90b2222c">
      <TestCategory>
        <TestCategoryItem TestCategory="Category1000" />
      </TestCategory>
      <Execution id="03c63c88-7d16-4166-8242-efa00488cbaf" />
      <TestMethod codeBase="C:\Projekty\MSTestProject\bin\Debug\netcoreapp3.1\MSTestProject.dll" adapterTypeName="executor://mstestadapter/v2" className="TwojeWesele.Services.Helpers.Tests.CurrencyHelperTests" name="FormatToStringTest1000" />
    </UnitTest>
    <UnitTest name="FormatToStringTest1000 (37160.85331540269,37160.85 zł)" storage="c:\projekty\mstestproject\bin\debug\netcoreapp3.1\mstestproject.dll" id="f685f81f-7d5b-4c19-b739-f5562228d936">
      <TestCategory>
        <TestCategoryItem TestCategory="Category1000" />
      </TestCategory>
      <Execution id="b2bc0d6c-0699-4080-822e-f0203b512b2e" />
      <TestMethod codeBase="C:\Projekty\MSTestProject\bin\Debug\netcoreapp3.1\MSTestProject.dll" adapterTypeName="executor://mstestadapter/v2" className="TwojeWesele.Services.Helpers.Tests.CurrencyHelperTests" name="FormatToStringTest1000" />
    </UnitTest>
    <UnitTest name="FormatToStringTest1000 (35967.54466809684,35967.54 zł)" storage="c:\projekty\mstestproject\bin\debug\netcoreapp3.1\mstestproject.dll" id="6db1e93a-c037-43c5-932a-08ae8d9815b0">
      <TestCategory>
        <TestCategoryItem TestCategory="Category1000" />
      </TestCategory>
      <Execution id="279876ba-a34c-447c-bacd-c650e3f548bc" />
      <TestMethod codeBase="C:\Projekty\MSTestProject\bin\Debug\netcoreapp3.1\MSTestProject.dll" adapterTypeName="executor://mstestadapter/v2" className="TwojeWesele.Services.Helpers.Tests.CurrencyHelperTests" name="FormatToStringTest1000" />
    </UnitTest>
    <UnitTest name="FormatToStringTest1000 (32732.81915128502,32732.82 zł)" storage="c:\projekty\mstestproject\bin\debug\netcoreapp3.1\mstestproject.dll" id="55af41a8-b31e-4170-91f6-76e93f0ac3cc">
      <TestCategory>
        <TestCategoryItem TestCategory="Category1000" />
      </TestCategory>
      <Execution id="7801a144-ec7b-4fa3-8c15-2582e2032fba" />
      <TestMethod codeBase="C:\Projekty\MSTestProject\bin\Debug\netcoreapp3.1\MSTestProject.dll" adapterTypeName="executor://mstestadapter/v2" className="TwojeWesele.Services.Helpers.Tests.CurrencyHelperTests" name="FormatToStringTest1000" />
    </UnitTest>
    <UnitTest name="FormatToStringTest1000 (40268.121943438484,40268.12 zł)" storage="c:\projekty\mstestproject\bin\debug\netcoreapp3.1\mstestproject.dll" id="4b0f7f85-5a16-4c3d-a45f-ab864a419b50">
      <TestCategory>
        <TestCategoryItem TestCategory="Category1000" />
      </TestCategory>
      <Execution id="46351cc8-19d0-41e0-8d86-e3ead43f7f62" />
      <TestMethod codeBase="C:\Projekty\MSTestProject\bin\Debug\netcoreapp3.1\MSTestProject.dll" adapterTypeName="executor://mstestadapter/v2" className="TwojeWesele.Services.Helpers.Tests.CurrencyHelperTests" name="FormatToStringTest1000" />
    </UnitTest>
    <UnitTest name="FormatToStringTest1000 (9657.360676611475,9657.36 zł)" storage="c:\projekty\mstestproject\bin\debug\netcoreapp3.1\mstestproject.dll" id="d8cf66c9-dc73-4e81-9b85-94cafeed77d1">
      <TestCategory>
        <TestCategoryItem TestCategory="Category1000" />
      </TestCategory>
      <Execution id="5088dee0-f1f3-48b4-8c13-b45e3405b633" />
      <TestMethod codeBase="C:\Projekty\MSTestProject\bin\Debug\netcoreapp3.1\MSTestProject.dll" adapterTypeName="executor://mstestadapter/v2" className="TwojeWesele.Services.Helpers.Tests.CurrencyHelperTests" name="FormatToStringTest1000" />
    </UnitTest>
    <UnitTest name="FormatToStringTest1000 (12202.860111308684,12202.86 zł)" storage="c:\projekty\mstestproject\bin\debug\netcoreapp3.1\mstestproject.dll" id="237f4373-d2d3-40cd-93b3-be69cf67a09b">
      <TestCategory>
        <TestCategoryItem TestCategory="Category1000" />
      </TestCategory>
      <Execution id="641b4451-931c-4323-8f7f-ae6e7ff6071b" />
      <TestMethod codeBase="C:\Projekty\MSTestProject\bin\Debug\netcoreapp3.1\MSTestProject.dll" adapterTypeName="executor://mstestadapter/v2" className="TwojeWesele.Services.Helpers.Tests.CurrencyHelperTests" name="FormatToStringTest1000" />
    </UnitTest>
    <UnitTest name="FormatToStringTest1000 (30111.54342534372,30111.54 zł)" storage="c:\projekty\mstestproject\bin\debug\netcoreapp3.1\mstestproject.dll" id="a61f2651-da7d-4d20-ac7f-04b4e141a7e8">
      <TestCategory>
        <TestCategoryItem TestCategory="Category1000" />
      </TestCategory>
      <Execution id="64a37701-ea6c-446b-a7d8-4967e2a46f14" />
      <TestMethod codeBase="C:\Projekty\MSTestProject\bin\Debug\netcoreapp3.1\MSTestProject.dll" adapterTypeName="executor://mstestadapter/v2" className="TwojeWesele.Services.Helpers.Tests.CurrencyHelperTests" name="FormatToStringTest1000" />
    </UnitTest>
    <UnitTest name="FormatToStringTest1000 (6323.24079469882,6323.24 zł)" storage="c:\projekty\mstestproject\bin\debug\netcoreapp3.1\mstestproject.dll" id="a6e88a10-4ccc-4730-9f20-5a3dcd039ca1">
      <TestCategory>
        <TestCategoryItem TestCategory="Category1000" />
      </TestCategory>
      <Execution id="0367d1e9-0c7d-4e5a-9cac-ae7c4c005bfe" />
      <TestMethod codeBase="C:\Projekty\MSTestProject\bin\Debug\netcoreapp3.1\MSTestProject.dll" adapterTypeName="executor://mstestadapter/v2" className="TwojeWesele.Services.Helpers.Tests.CurrencyHelperTests" name="FormatToStringTest1000" />
    </UnitTest>
    <UnitTest name="FormatToStringTest1000 (22592.465903659566,22592.47 zł)" storage="c:\projekty\mstestproject\bin\debug\netcoreapp3.1\mstestproject.dll" id="64397dfd-e231-495a-b873-95d7201a1b37">
      <TestCategory>
        <TestCategoryItem TestCategory="Category1000" />
      </TestCategory>
      <Execution id="dc762c28-8a7a-4c4f-a3a5-077e90167e1e" />
      <TestMethod codeBase="C:\Projekty\MSTestProject\bin\Debug\netcoreapp3.1\MSTestProject.dll" adapterTypeName="executor://mstestadapter/v2" className="TwojeWesele.Services.Helpers.Tests.CurrencyHelperTests" name="FormatToStringTest1000" />
    </UnitTest>
    <UnitTest name="FormatToStringTest1000 (7004.710832051798,7004.71 zł)" storage="c:\projekty\mstestproject\bin\debug\netcoreapp3.1\mstestproject.dll" id="c9a16639-000a-4efe-98e6-8325ac02e32d">
      <TestCategory>
        <TestCategoryItem TestCategory="Category1000" />
      </TestCategory>
      <Execution id="c0b1e1a7-8cc1-47dc-88b9-264ac5bd0bd0" />
      <TestMethod codeBase="C:\Projekty\MSTestProject\bin\Debug\netcoreapp3.1\MSTestProject.dll" adapterTypeName="executor://mstestadapter/v2" className="TwojeWesele.Services.Helpers.Tests.CurrencyHelperTests" name="FormatToStringTest1000" />
    </UnitTest>
    <UnitTest name="FormatToStringTest1000 (66019.32414194118,66019.32 zł)" storage="c:\projekty\mstestproject\bin\debug\netcoreapp3.1\mstestproject.dll" id="1e8b737e-a57c-4b59-8c87-ad15a1adc0cb">
      <TestCategory>
        <TestCategoryItem TestCategory="Category1000" />
      </TestCategory>
      <Execution id="8b1603bd-2262-4392-9d89-c83530d11c00" />
      <TestMethod codeBase="C:\Projekty\MSTestProject\bin\Debug\netcoreapp3.1\MSTestProject.dll" adapterTypeName="executor://mstestadapter/v2" className="TwojeWesele.Services.Helpers.Tests.CurrencyHelperTests" name="FormatToStringTest1000" />
    </UnitTest>
    <UnitTest name="FormatToStringTest1000 (26468.346804109562,26468.35 zł)" storage="c:\projekty\mstestproject\bin\debug\netcoreapp3.1\mstestproject.dll" id="cf6b73f5-f5e2-4439-9560-62982adca22c">
      <TestCategory>
        <TestCategoryItem TestCategory="Category1000" />
      </TestCategory>
      <Execution id="dbc40bc9-5ce9-4925-b8d4-72987f264738" />
      <TestMethod codeBase="C:\Projekty\MSTestProject\bin\Debug\netcoreapp3.1\MSTestProject.dll" adapterTypeName="executor://mstestadapter/v2" className="TwojeWesele.Services.Helpers.Tests.CurrencyHelperTests" name="FormatToStringTest1000" />
    </UnitTest>
    <UnitTest name="FormatToStringTest1000 (100.45267071130345,100.45 zł)" storage="c:\projekty\mstestproject\bin\debug\netcoreapp3.1\mstestproject.dll" id="42e69eec-c700-447b-bf1d-29e3cc33b144">
      <TestCategory>
        <TestCategoryItem TestCategory="Category1000" />
      </TestCategory>
      <Execution id="4c61cf08-b78b-4830-9883-ff88e4d3df61" />
      <TestMethod codeBase="C:\Projekty\MSTestProject\bin\Debug\netcoreapp3.1\MSTestProject.dll" adapterTypeName="executor://mstestadapter/v2" className="TwojeWesele.Services.Helpers.Tests.CurrencyHelperTests" name="FormatToStringTest1000" />
    </UnitTest>
    <UnitTest name="FormatToStringTest1000 (9774.341362926803,9774.34 zł)" storage="c:\projekty\mstestproject\bin\debug\netcoreapp3.1\mstestproject.dll" id="caa5bd02-9f41-4972-adc4-6898241b4194">
      <TestCategory>
        <TestCategoryItem TestCategory="Category1000" />
      </TestCategory>
      <Execution id="1298fe51-6d0b-4fe5-97d3-e81e743c3ff8" />
      <TestMethod codeBase="C:\Projekty\MSTestProject\bin\Debug\netcoreapp3.1\MSTestProject.dll" adapterTypeName="executor://mstestadapter/v2" className="TwojeWesele.Services.Helpers.Tests.CurrencyHelperTests" name="FormatToStringTest1000" />
    </UnitTest>
    <UnitTest name="FormatToStringTest1000 (24695.917440203913,24695.92 zł)" storage="c:\projekty\mstestproject\bin\debug\netcoreapp3.1\mstestproject.dll" id="91e18a17-c785-44f9-97ab-37ce61c2f940">
      <TestCategory>
        <TestCategoryItem TestCategory="Category1000" />
      </TestCategory>
      <Execution id="c08a31a8-6fd9-40a1-9f29-a6d56e7475e7" />
      <TestMethod codeBase="C:\Projekty\MSTestProject\bin\Debug\netcoreapp3.1\MSTestProject.dll" adapterTypeName="executor://mstestadapter/v2" className="TwojeWesele.Services.Helpers.Tests.CurrencyHelperTests" name="FormatToStringTest1000" />
    </UnitTest>
    <UnitTest name="FormatToStringTest1000 (44677.61946778074,44677.62 zł)" storage="c:\projekty\mstestproject\bin\debug\netcoreapp3.1\mstestproject.dll" id="aeec498c-62a0-43df-845d-9dce00b33fd7">
      <TestCategory>
        <TestCategoryItem TestCategory="Category1000" />
      </TestCategory>
      <Execution id="841e44a3-5d86-4444-abfd-f8a5fbebdc07" />
      <TestMethod codeBase="C:\Projekty\MSTestProject\bin\Debug\netcoreapp3.1\MSTestProject.dll" adapterTypeName="executor://mstestadapter/v2" className="TwojeWesele.Services.Helpers.Tests.CurrencyHelperTests" name="FormatToStringTest1000" />
    </UnitTest>
    <UnitTest name="FormatToStringTest1000 (31290.71396233687,31290.71 zł)" storage="c:\projekty\mstestproject\bin\debug\netcoreapp3.1\mstestproject.dll" id="8756d7ad-5498-477a-95b0-66b2c27494d9">
      <TestCategory>
        <TestCategoryItem TestCategory="Category1000" />
      </TestCategory>
      <Execution id="b66ae85a-ec4e-4c19-9bec-afc4e75bc438" />
      <TestMethod codeBase="C:\Projekty\MSTestProject\bin\Debug\netcoreapp3.1\MSTestProject.dll" adapterTypeName="executor://mstestadapter/v2" className="TwojeWesele.Services.Helpers.Tests.CurrencyHelperTests" name="FormatToStringTest1000" />
    </UnitTest>
    <UnitTest name="FormatToStringTest1000 (13197.65136269417,13197.65 zł)" storage="c:\projekty\mstestproject\bin\debug\netcoreapp3.1\mstestproject.dll" id="de1f2988-292d-48a5-98df-10413fba6af8">
      <TestCategory>
        <TestCategoryItem TestCategory="Category1000" />
      </TestCategory>
      <Execution id="738d7aba-91cd-4eec-bfc6-85e5298a895a" />
      <TestMethod codeBase="C:\Projekty\MSTestProject\bin\Debug\netcoreapp3.1\MSTestProject.dll" adapterTypeName="executor://mstestadapter/v2" className="TwojeWesele.Services.Helpers.Tests.CurrencyHelperTests" name="FormatToStringTest1000" />
    </UnitTest>
    <UnitTest name="FormatToStringTest1000 (16129.507288814293,16129.51 zł)" storage="c:\projekty\mstestproject\bin\debug\netcoreapp3.1\mstestproject.dll" id="30204003-5905-4572-8173-c828365c23f7">
      <TestCategory>
        <TestCategoryItem TestCategory="Category1000" />
      </TestCategory>
      <Execution id="cb99c1a5-e1f8-4ae8-8862-c9ec2cb7ba91" />
      <TestMethod codeBase="C:\Projekty\MSTestProject\bin\Debug\netcoreapp3.1\MSTestProject.dll" adapterTypeName="executor://mstestadapter/v2" className="TwojeWesele.Services.Helpers.Tests.CurrencyHelperTests" name="FormatToStringTest1000" />
    </UnitTest>
    <UnitTest name="FormatToStringTest1000 (23789.556920184546,23789.56 zł)" storage="c:\projekty\mstestproject\bin\debug\netcoreapp3.1\mstestproject.dll" id="2132b7de-6ab8-4295-abb8-4834844f9a6e">
      <TestCategory>
        <TestCategoryItem TestCategory="Category1000" />
      </TestCategory>
      <Execution id="743b420f-3020-4437-8d35-8efb3a7ccd6c" />
      <TestMethod codeBase="C:\Projekty\MSTestProject\bin\Debug\netcoreapp3.1\MSTestProject.dll" adapterTypeName="executor://mstestadapter/v2" className="TwojeWesele.Services.Helpers.Tests.CurrencyHelperTests" name="FormatToStringTest1000" />
    </UnitTest>
    <UnitTest name="FormatToStringTest1000 (81326.3340147521,81326.33 zł)" storage="c:\projekty\mstestproject\bin\debug\netcoreapp3.1\mstestproject.dll" id="3655b90b-fcce-4b0b-9a3c-be4e6114ab2c">
      <TestCategory>
        <TestCategoryItem TestCategory="Category1000" />
      </TestCategory>
      <Execution id="6bbbe4cf-c8a1-4fb1-8889-4d0bbd2162a0" />
      <TestMethod codeBase="C:\Projekty\MSTestProject\bin\Debug\netcoreapp3.1\MSTestProject.dll" adapterTypeName="executor://mstestadapter/v2" className="TwojeWesele.Services.Helpers.Tests.CurrencyHelperTests" name="FormatToStringTest1000" />
    </UnitTest>
    <UnitTest name="FormatToStringTest1000 (19435.417227184127,19435.42 zł)" storage="c:\projekty\mstestproject\bin\debug\netcoreapp3.1\mstestproject.dll" id="1f584610-7715-407b-9a0c-13a6281d47f8">
      <TestCategory>
        <TestCategoryItem TestCategory="Category1000" />
      </TestCategory>
      <Execution id="c0c0782f-1231-4ed9-95b6-88fe042432b1" />
      <TestMethod codeBase="C:\Projekty\MSTestProject\bin\Debug\netcoreapp3.1\MSTestProject.dll" adapterTypeName="executor://mstestadapter/v2" className="TwojeWesele.Services.Helpers.Tests.CurrencyHelperTests" name="FormatToStringTest1000" />
    </UnitTest>
    <UnitTest name="FormatToStringTest1000 (12221.10494323592,12221.10 zł)" storage="c:\projekty\mstestproject\bin\debug\netcoreapp3.1\mstestproject.dll" id="b9a32c5a-9392-484d-9a98-d3c7c145c04d">
      <TestCategory>
        <TestCategoryItem TestCategory="Category1000" />
      </TestCategory>
      <Execution id="b69b2322-e596-441c-ae59-998328fded90" />
      <TestMethod codeBase="C:\Projekty\MSTestProject\bin\Debug\netcoreapp3.1\MSTestProject.dll" adapterTypeName="executor://mstestadapter/v2" className="TwojeWesele.Services.Helpers.Tests.CurrencyHelperTests" name="FormatToStringTest1000" />
    </UnitTest>
    <UnitTest name="FormatToStringTest1000 (48684.26840475959,48684.27 zł)" storage="c:\projekty\mstestproject\bin\debug\netcoreapp3.1\mstestproject.dll" id="8d62a675-e530-4140-aa08-0a81a2dc07a9">
      <TestCategory>
        <TestCategoryItem TestCategory="Category1000" />
      </TestCategory>
      <Execution id="81e59ca3-7814-44f6-837f-4a9bdfa156bf" />
      <TestMethod codeBase="C:\Projekty\MSTestProject\bin\Debug\netcoreapp3.1\MSTestProject.dll" adapterTypeName="executor://mstestadapter/v2" className="TwojeWesele.Services.Helpers.Tests.CurrencyHelperTests" name="FormatToStringTest1000" />
    </UnitTest>
    <UnitTest name="FormatToStringTest1000 (6550.421588937948,6550.42 zł)" storage="c:\projekty\mstestproject\bin\debug\netcoreapp3.1\mstestproject.dll" id="22d9df0a-cf54-40d1-b666-c805e1ff36de">
      <TestCategory>
        <TestCategoryItem TestCategory="Category1000" />
      </TestCategory>
      <Execution id="ddae7215-d12b-4a19-87b5-a66dabac8099" />
      <TestMethod codeBase="C:\Projekty\MSTestProject\bin\Debug\netcoreapp3.1\MSTestProject.dll" adapterTypeName="executor://mstestadapter/v2" className="TwojeWesele.Services.Helpers.Tests.CurrencyHelperTests" name="FormatToStringTest1000" />
    </UnitTest>
    <UnitTest name="FormatToStringTest1000 (49256.65708813195,49256.66 zł)" storage="c:\projekty\mstestproject\bin\debug\netcoreapp3.1\mstestproject.dll" id="c6e1e18e-6e1b-47f5-8059-8d66df8e535c">
      <TestCategory>
        <TestCategoryItem TestCategory="Category1000" />
      </TestCategory>
      <Execution id="bd218bde-eaa4-4032-b230-f5b388f00c70" />
      <TestMethod codeBase="C:\Projekty\MSTestProject\bin\Debug\netcoreapp3.1\MSTestProject.dll" adapterTypeName="executor://mstestadapter/v2" className="TwojeWesele.Services.Helpers.Tests.CurrencyHelperTests" name="FormatToStringTest1000" />
    </UnitTest>
    <UnitTest name="FormatToStringTest1000 (41876.979471482795,41876.98 zł)" storage="c:\projekty\mstestproject\bin\debug\netcoreapp3.1\mstestproject.dll" id="8bb143ed-1b2e-4986-8e29-3294f1545dd2">
      <TestCategory>
        <TestCategoryItem TestCategory="Category1000" />
      </TestCategory>
      <Execution id="85d4da08-6bb3-4328-8824-e7e4a46c87b9" />
      <TestMethod codeBase="C:\Projekty\MSTestProject\bin\Debug\netcoreapp3.1\MSTestProject.dll" adapterTypeName="executor://mstestadapter/v2" className="TwojeWesele.Services.Helpers.Tests.CurrencyHelperTests" name="FormatToStringTest1000" />
    </UnitTest>
    <UnitTest name="FormatToStringTest1000 (10227.532692039169,10227.53 zł)" storage="c:\projekty\mstestproject\bin\debug\netcoreapp3.1\mstestproject.dll" id="7831b102-5135-492a-9e35-b45d3c037b67">
      <TestCategory>
        <TestCategoryItem TestCategory="Category1000" />
      </TestCategory>
      <Execution id="ee94f9ea-37ae-4650-a36b-2a49d22c34a7" />
      <TestMethod codeBase="C:\Projekty\MSTestProject\bin\Debug\netcoreapp3.1\MSTestProject.dll" adapterTypeName="executor://mstestadapter/v2" className="TwojeWesele.Services.Helpers.Tests.CurrencyHelperTests" name="FormatToStringTest1000" />
    </UnitTest>
    <UnitTest name="FormatToStringTest1000 (56286.70397975702,56286.70 zł)" storage="c:\projekty\mstestproject\bin\debug\netcoreapp3.1\mstestproject.dll" id="8ab99328-8c90-4691-a1f0-a183d2ccf8f2">
      <TestCategory>
        <TestCategoryItem TestCategory="Category1000" />
      </TestCategory>
      <Execution id="3090bb1f-5e55-4375-8715-df130339a9e1" />
      <TestMethod codeBase="C:\Projekty\MSTestProject\bin\Debug\netcoreapp3.1\MSTestProject.dll" adapterTypeName="executor://mstestadapter/v2" className="TwojeWesele.Services.Helpers.Tests.CurrencyHelperTests" name="FormatToStringTest1000" />
    </UnitTest>
    <UnitTest name="FormatToStringTest1000 (48428.38681602682,48428.39 zł)" storage="c:\projekty\mstestproject\bin\debug\netcoreapp3.1\mstestproject.dll" id="a8f3a74d-585b-4af4-8355-301930d0c663">
      <TestCategory>
        <TestCategoryItem TestCategory="Category1000" />
      </TestCategory>
      <Execution id="442943d4-c839-4af6-b387-c6d8fb2a308d" />
      <TestMethod codeBase="C:\Projekty\MSTestProject\bin\Debug\netcoreapp3.1\MSTestProject.dll" adapterTypeName="executor://mstestadapter/v2" className="TwojeWesele.Services.Helpers.Tests.CurrencyHelperTests" name="FormatToStringTest1000" />
    </UnitTest>
    <UnitTest name="FormatToStringTest1000 (5108.217389855635,5108.22 zł)" storage="c:\projekty\mstestproject\bin\debug\netcoreapp3.1\mstestproject.dll" id="9a85bd87-7b21-44f3-92fc-489c888fbe8b">
      <TestCategory>
        <TestCategoryItem TestCategory="Category1000" />
      </TestCategory>
      <Execution id="70089dea-c0a6-468a-b0be-fdefc7ceef84" />
      <TestMethod codeBase="C:\Projekty\MSTestProject\bin\Debug\netcoreapp3.1\MSTestProject.dll" adapterTypeName="executor://mstestadapter/v2" className="TwojeWesele.Services.Helpers.Tests.CurrencyHelperTests" name="FormatToStringTest1000" />
    </UnitTest>
    <UnitTest name="FormatToStringTest1000 (49416.285282306504,49416.29 zł)" storage="c:\projekty\mstestproject\bin\debug\netcoreapp3.1\mstestproject.dll" id="38bc746d-5a00-4bbe-bad2-d13ca387b3f0">
      <TestCategory>
        <TestCategoryItem TestCategory="Category1000" />
      </TestCategory>
      <Execution id="1cb681a7-7406-47fe-8380-6ec84824bec2" />
      <TestMethod codeBase="C:\Projekty\MSTestProject\bin\Debug\netcoreapp3.1\MSTestProject.dll" adapterTypeName="executor://mstestadapter/v2" className="TwojeWesele.Services.Helpers.Tests.CurrencyHelperTests" name="FormatToStringTest1000" />
    </UnitTest>
    <UnitTest name="FormatToStringTest1000 (78796.90433980194,78796.90 zł)" storage="c:\projekty\mstestproject\bin\debug\netcoreapp3.1\mstestproject.dll" id="d8a9775b-999f-492a-942b-43a3a8584833">
      <TestCategory>
        <TestCategoryItem TestCategory="Category1000" />
      </TestCategory>
      <Execution id="2360a3e3-43f8-4652-a6f9-1b29e49680f4" />
      <TestMethod codeBase="C:\Projekty\MSTestProject\bin\Debug\netcoreapp3.1\MSTestProject.dll" adapterTypeName="executor://mstestadapter/v2" className="TwojeWesele.Services.Helpers.Tests.CurrencyHelperTests" name="FormatToStringTest1000" />
    </UnitTest>
    <UnitTest name="FormatToStringTest1000 (30020.248557890412,30020.25 zł)" storage="c:\projekty\mstestproject\bin\debug\netcoreapp3.1\mstestproject.dll" id="e4194832-7dfc-4a1e-9e10-bc1842e57b5f">
      <TestCategory>
        <TestCategoryItem TestCategory="Category1000" />
      </TestCategory>
      <Execution id="902ccf01-fdb8-45f2-9663-fd19c68f0b0a" />
      <TestMethod codeBase="C:\Projekty\MSTestProject\bin\Debug\netcoreapp3.1\MSTestProject.dll" adapterTypeName="executor://mstestadapter/v2" className="TwojeWesele.Services.Helpers.Tests.CurrencyHelperTests" name="FormatToStringTest1000" />
    </UnitTest>
    <UnitTest name="FormatToStringTest1000 (47437.74370917619,47437.74 zł)" storage="c:\projekty\mstestproject\bin\debug\netcoreapp3.1\mstestproject.dll" id="855da7bb-f86f-4f5d-9b08-becc4058e4f5">
      <TestCategory>
        <TestCategoryItem TestCategory="Category1000" />
      </TestCategory>
      <Execution id="9b591bd5-c874-4777-823c-d3a82548c32c" />
      <TestMethod codeBase="C:\Projekty\MSTestProject\bin\Debug\netcoreapp3.1\MSTestProject.dll" adapterTypeName="executor://mstestadapter/v2" className="TwojeWesele.Services.Helpers.Tests.CurrencyHelperTests" name="FormatToStringTest1000" />
    </UnitTest>
    <UnitTest name="FormatToStringTest1000 (16902.50568789314,16902.51 zł)" storage="c:\projekty\mstestproject\bin\debug\netcoreapp3.1\mstestproject.dll" id="15d89329-8f85-4528-811b-ef361f83a24b">
      <TestCategory>
        <TestCategoryItem TestCategory="Category1000" />
      </TestCategory>
      <Execution id="6b4e755b-e9c2-44af-8acb-4115cdab3726" />
      <TestMethod codeBase="C:\Projekty\MSTestProject\bin\Debug\netcoreapp3.1\MSTestProject.dll" adapterTypeName="executor://mstestadapter/v2" className="TwojeWesele.Services.Helpers.Tests.CurrencyHelperTests" name="FormatToStringTest1000" />
    </UnitTest>
    <UnitTest name="FormatToStringTest1000 (20237.28532723723,20237.29 zł)" storage="c:\projekty\mstestproject\bin\debug\netcoreapp3.1\mstestproject.dll" id="f2591e6d-d7e8-486f-ba12-e32f763a43f2">
      <TestCategory>
        <TestCategoryItem TestCategory="Category1000" />
      </TestCategory>
      <Execution id="c69647ec-cae8-40e6-b7ad-8b4aad02da9c" />
      <TestMethod codeBase="C:\Projekty\MSTestProject\bin\Debug\netcoreapp3.1\MSTestProject.dll" adapterTypeName="executor://mstestadapter/v2" className="TwojeWesele.Services.Helpers.Tests.CurrencyHelperTests" name="FormatToStringTest1000" />
    </UnitTest>
    <UnitTest name="FormatToStringTest1000 (34096.337879508894,34096.34 zł)" storage="c:\projekty\mstestproject\bin\debug\netcoreapp3.1\mstestproject.dll" id="fa9fb699-4c7d-488e-9d88-36306e9a448b">
      <TestCategory>
        <TestCategoryItem TestCategory="Category1000" />
      </TestCategory>
      <Execution id="2de90cf3-f99f-4860-807a-5a07347b6b37" />
      <TestMethod codeBase="C:\Projekty\MSTestProject\bin\Debug\netcoreapp3.1\MSTestProject.dll" adapterTypeName="executor://mstestadapter/v2" className="TwojeWesele.Services.Helpers.Tests.CurrencyHelperTests" name="FormatToStringTest1000" />
    </UnitTest>
    <UnitTest name="FormatToStringTest1000 (1073.195098933389,1073.20 zł)" storage="c:\projekty\mstestproject\bin\debug\netcoreapp3.1\mstestproject.dll" id="da506338-9fd1-4324-bf47-40dcafbaf5fd">
      <TestCategory>
        <TestCategoryItem TestCategory="Category1000" />
      </TestCategory>
      <Execution id="a5497334-d3e9-4d8e-9d50-f88fb0f5332a" />
      <TestMethod codeBase="C:\Projekty\MSTestProject\bin\Debug\netcoreapp3.1\MSTestProject.dll" adapterTypeName="executor://mstestadapter/v2" className="TwojeWesele.Services.Helpers.Tests.CurrencyHelperTests" name="FormatToStringTest1000" />
    </UnitTest>
    <UnitTest name="FormatToStringTest1000 (8582.709131852587,8582.71 zł)" storage="c:\projekty\mstestproject\bin\debug\netcoreapp3.1\mstestproject.dll" id="15aa7398-d0f8-4e24-ac96-7a37022db0c7">
      <TestCategory>
        <TestCategoryItem TestCategory="Category1000" />
      </TestCategory>
      <Execution id="fbcad826-0c2b-44e7-90b1-df5749913a2d" />
      <TestMethod codeBase="C:\Projekty\MSTestProject\bin\Debug\netcoreapp3.1\MSTestProject.dll" adapterTypeName="executor://mstestadapter/v2" className="TwojeWesele.Services.Helpers.Tests.CurrencyHelperTests" name="FormatToStringTest1000" />
    </UnitTest>
    <UnitTest name="FormatToStringTest1000 (19541.10539777116,19541.11 zł)" storage="c:\projekty\mstestproject\bin\debug\netcoreapp3.1\mstestproject.dll" id="26093bce-f98a-44c1-940f-409778a91f25">
      <TestCategory>
        <TestCategoryItem TestCategory="Category1000" />
      </TestCategory>
      <Execution id="293edb2a-9e3d-4b0a-955e-de805bcb2d83" />
      <TestMethod codeBase="C:\Projekty\MSTestProject\bin\Debug\netcoreapp3.1\MSTestProject.dll" adapterTypeName="executor://mstestadapter/v2" className="TwojeWesele.Services.Helpers.Tests.CurrencyHelperTests" name="FormatToStringTest1000" />
    </UnitTest>
    <UnitTest name="FormatToStringTest1000 (55303.17220895699,55303.17 zł)" storage="c:\projekty\mstestproject\bin\debug\netcoreapp3.1\mstestproject.dll" id="fa8aac8f-09d6-4f38-a14f-2c9037dc8c99">
      <TestCategory>
        <TestCategoryItem TestCategory="Category1000" />
      </TestCategory>
      <Execution id="94e010f5-7fdc-47b1-b8f6-4db4f98b7bd6" />
      <TestMethod codeBase="C:\Projekty\MSTestProject\bin\Debug\netcoreapp3.1\MSTestProject.dll" adapterTypeName="executor://mstestadapter/v2" className="TwojeWesele.Services.Helpers.Tests.CurrencyHelperTests" name="FormatToStringTest1000" />
    </UnitTest>
    <UnitTest name="FormatToStringTest1000 (88584.97010041306,88584.97 zł)" storage="c:\projekty\mstestproject\bin\debug\netcoreapp3.1\mstestproject.dll" id="36bdd841-8ee0-461a-8790-c348b0c09fa3">
      <TestCategory>
        <TestCategoryItem TestCategory="Category1000" />
      </TestCategory>
      <Execution id="ae69d436-9784-406d-85cc-d01d9d42cebf" />
      <TestMethod codeBase="C:\Projekty\MSTestProject\bin\Debug\netcoreapp3.1\MSTestProject.dll" adapterTypeName="executor://mstestadapter/v2" className="TwojeWesele.Services.Helpers.Tests.CurrencyHelperTests" name="FormatToStringTest1000" />
    </UnitTest>
    <UnitTest name="FormatToStringTest1000 (486.15309567942893,486.15 zł)" storage="c:\projekty\mstestproject\bin\debug\netcoreapp3.1\mstestproject.dll" id="333bd5cc-aed9-49b2-8f43-4ac593bf911e">
      <TestCategory>
        <TestCategoryItem TestCategory="Category1000" />
      </TestCategory>
      <Execution id="aebdb543-408e-43ca-b8f8-48933a9ad6ee" />
      <TestMethod codeBase="C:\Projekty\MSTestProject\bin\Debug\netcoreapp3.1\MSTestProject.dll" adapterTypeName="executor://mstestadapter/v2" className="TwojeWesele.Services.Helpers.Tests.CurrencyHelperTests" name="FormatToStringTest1000" />
    </UnitTest>
    <UnitTest name="FormatToStringTest1000 (20640.678251201603,20640.68 zł)" storage="c:\projekty\mstestproject\bin\debug\netcoreapp3.1\mstestproject.dll" id="0448f945-f5e3-4657-9d5c-93e0cd59578d">
      <TestCategory>
        <TestCategoryItem TestCategory="Category1000" />
      </TestCategory>
      <Execution id="7bee7e93-2fbb-4ec5-b150-8f370d7caa46" />
      <TestMethod codeBase="C:\Projekty\MSTestProject\bin\Debug\netcoreapp3.1\MSTestProject.dll" adapterTypeName="executor://mstestadapter/v2" className="TwojeWesele.Services.Helpers.Tests.CurrencyHelperTests" name="FormatToStringTest1000" />
    </UnitTest>
    <UnitTest name="FormatToStringTest1000 (9634.398811461124,9634.40 zł)" storage="c:\projekty\mstestproject\bin\debug\netcoreapp3.1\mstestproject.dll" id="36c7fecc-1cef-4034-9632-a6e25fce01c4">
      <TestCategory>
        <TestCategoryItem TestCategory="Category1000" />
      </TestCategory>
      <Execution id="82c524c8-53f5-4c0a-aff8-40b644ed247f" />
      <TestMethod codeBase="C:\Projekty\MSTestProject\bin\Debug\netcoreapp3.1\MSTestProject.dll" adapterTypeName="executor://mstestadapter/v2" className="TwojeWesele.Services.Helpers.Tests.CurrencyHelperTests" name="FormatToStringTest1000" />
    </UnitTest>
    <UnitTest name="FormatToStringTest1000 (468.83385119346616,468.83 zł)" storage="c:\projekty\mstestproject\bin\debug\netcoreapp3.1\mstestproject.dll" id="3ad50e9d-8d26-49cc-afc7-49512d12113e">
      <TestCategory>
        <TestCategoryItem TestCategory="Category1000" />
      </TestCategory>
      <Execution id="ca769689-79e7-47ee-aa11-8e474ab5ef19" />
      <TestMethod codeBase="C:\Projekty\MSTestProject\bin\Debug\netcoreapp3.1\MSTestProject.dll" adapterTypeName="executor://mstestadapter/v2" className="TwojeWesele.Services.Helpers.Tests.CurrencyHelperTests" name="FormatToStringTest1000" />
    </UnitTest>
    <UnitTest name="FormatToStringTest1000 (7407.385606687696,7407.39 zł)" storage="c:\projekty\mstestproject\bin\debug\netcoreapp3.1\mstestproject.dll" id="eb8bd3a3-5786-4b23-8fa6-c71b9d732b3b">
      <TestCategory>
        <TestCategoryItem TestCategory="Category1000" />
      </TestCategory>
      <Execution id="7e361ecb-af68-46ec-b309-57836bc77e79" />
      <TestMethod codeBase="C:\Projekty\MSTestProject\bin\Debug\netcoreapp3.1\MSTestProject.dll" adapterTypeName="executor://mstestadapter/v2" className="TwojeWesele.Services.Helpers.Tests.CurrencyHelperTests" name="FormatToStringTest1000" />
    </UnitTest>
    <UnitTest name="FormatToStringTest1000 (28072.424637532058,28072.42 zł)" storage="c:\projekty\mstestproject\bin\debug\netcoreapp3.1\mstestproject.dll" id="ba013596-d411-4dbd-82f3-7c64a331f0a0">
      <TestCategory>
        <TestCategoryItem TestCategory="Category1000" />
      </TestCategory>
      <Execution id="a777cc98-ad8d-48d8-8e1f-3ac1954dcf4b" />
      <TestMethod codeBase="C:\Projekty\MSTestProject\bin\Debug\netcoreapp3.1\MSTestProject.dll" adapterTypeName="executor://mstestadapter/v2" className="TwojeWesele.Services.Helpers.Tests.CurrencyHelperTests" name="FormatToStringTest1000" />
    </UnitTest>
    <UnitTest name="FormatToStringTest1000 (14719.97001409762,14719.97 zł)" storage="c:\projekty\mstestproject\bin\debug\netcoreapp3.1\mstestproject.dll" id="94e6f9c3-17a6-4b48-9796-17daf2b70aad">
      <TestCategory>
        <TestCategoryItem TestCategory="Category1000" />
      </TestCategory>
      <Execution id="837d74ab-5099-4b43-9c57-5659899f3e6d" />
      <TestMethod codeBase="C:\Projekty\MSTestProject\bin\Debug\netcoreapp3.1\MSTestProject.dll" adapterTypeName="executor://mstestadapter/v2" className="TwojeWesele.Services.Helpers.Tests.CurrencyHelperTests" name="FormatToStringTest1000" />
    </UnitTest>
    <UnitTest name="FormatToStringTest1000 (37826.846755123166,37826.85 zł)" storage="c:\projekty\mstestproject\bin\debug\netcoreapp3.1\mstestproject.dll" id="093799cf-0698-4c48-ac9e-1e40dda25154">
      <TestCategory>
        <TestCategoryItem TestCategory="Category1000" />
      </TestCategory>
      <Execution id="15c18f5b-dc26-4bce-8089-7851a643cc78" />
      <TestMethod codeBase="C:\Projekty\MSTestProject\bin\Debug\netcoreapp3.1\MSTestProject.dll" adapterTypeName="executor://mstestadapter/v2" className="TwojeWesele.Services.Helpers.Tests.CurrencyHelperTests" name="FormatToStringTest1000" />
    </UnitTest>
    <UnitTest name="FormatToStringTest1000 (19840.47672110632,19840.48 zł)" storage="c:\projekty\mstestproject\bin\debug\netcoreapp3.1\mstestproject.dll" id="38d5ddc1-369e-44fb-a6b0-bd746d410041">
      <TestCategory>
        <TestCategoryItem TestCategory="Category1000" />
      </TestCategory>
      <Execution id="1f8e8b51-c3f5-4be0-9508-d7798b2d115a" />
      <TestMethod codeBase="C:\Projekty\MSTestProject\bin\Debug\netcoreapp3.1\MSTestProject.dll" adapterTypeName="executor://mstestadapter/v2" className="TwojeWesele.Services.Helpers.Tests.CurrencyHelperTests" name="FormatToStringTest1000" />
    </UnitTest>
    <UnitTest name="FormatToStringTest1000 (97129.75160633575,97129.75 zł)" storage="c:\projekty\mstestproject\bin\debug\netcoreapp3.1\mstestproject.dll" id="0092fd1e-c329-4744-ba2d-2a293271b140">
      <TestCategory>
        <TestCategoryItem TestCategory="Category1000" />
      </TestCategory>
      <Execution id="277bc696-8005-4d03-b4dd-0c8ebfa2d4a6" />
      <TestMethod codeBase="C:\Projekty\MSTestProject\bin\Debug\netcoreapp3.1\MSTestProject.dll" adapterTypeName="executor://mstestadapter/v2" className="TwojeWesele.Services.Helpers.Tests.CurrencyHelperTests" name="FormatToStringTest1000" />
    </UnitTest>
    <UnitTest name="FormatToStringTest1000 (23023.74724929768,23023.75 zł)" storage="c:\projekty\mstestproject\bin\debug\netcoreapp3.1\mstestproject.dll" id="e1fa03bb-5211-4983-accb-990673761574">
      <TestCategory>
        <TestCategoryItem TestCategory="Category1000" />
      </TestCategory>
      <Execution id="d164e0f1-aedf-46b4-acff-2a9bd47abe2c" />
      <TestMethod codeBase="C:\Projekty\MSTestProject\bin\Debug\netcoreapp3.1\MSTestProject.dll" adapterTypeName="executor://mstestadapter/v2" className="TwojeWesele.Services.Helpers.Tests.CurrencyHelperTests" name="FormatToStringTest1000" />
    </UnitTest>
    <UnitTest name="FormatToStringTest1000 (11829.625994884234,11829.63 zł)" storage="c:\projekty\mstestproject\bin\debug\netcoreapp3.1\mstestproject.dll" id="34338015-178d-4a79-ab5a-8447faad5b9b">
      <TestCategory>
        <TestCategoryItem TestCategory="Category1000" />
      </TestCategory>
      <Execution id="ec419205-30a1-443f-ae96-dd77b3736b98" />
      <TestMethod codeBase="C:\Projekty\MSTestProject\bin\Debug\netcoreapp3.1\MSTestProject.dll" adapterTypeName="executor://mstestadapter/v2" className="TwojeWesele.Services.Helpers.Tests.CurrencyHelperTests" name="FormatToStringTest1000" />
    </UnitTest>
    <UnitTest name="FormatToStringTest1000 (59247.898931587064,59247.90 zł)" storage="c:\projekty\mstestproject\bin\debug\netcoreapp3.1\mstestproject.dll" id="56abc609-387a-4d95-a9c6-4d80ec7b10bf">
      <TestCategory>
        <TestCategoryItem TestCategory="Category1000" />
      </TestCategory>
      <Execution id="fa80d1c1-f1c1-4400-a6df-3bcafd39b955" />
      <TestMethod codeBase="C:\Projekty\MSTestProject\bin\Debug\netcoreapp3.1\MSTestProject.dll" adapterTypeName="executor://mstestadapter/v2" className="TwojeWesele.Services.Helpers.Tests.CurrencyHelperTests" name="FormatToStringTest1000" />
    </UnitTest>
    <UnitTest name="FormatToStringTest1000 (34060.48467268724,34060.48 zł)" storage="c:\projekty\mstestproject\bin\debug\netcoreapp3.1\mstestproject.dll" id="5cb4dfd7-9ae6-4204-a252-4ac3be784eb2">
      <TestCategory>
        <TestCategoryItem TestCategory="Category1000" />
      </TestCategory>
      <Execution id="ad37f7cc-aa0a-4c4b-8864-e4db7f6ef3d9" />
      <TestMethod codeBase="C:\Projekty\MSTestProject\bin\Debug\netcoreapp3.1\MSTestProject.dll" adapterTypeName="executor://mstestadapter/v2" className="TwojeWesele.Services.Helpers.Tests.CurrencyHelperTests" name="FormatToStringTest1000" />
    </UnitTest>
    <UnitTest name="FormatToStringTest1000 (12949.590713378317,12949.59 zł)" storage="c:\projekty\mstestproject\bin\debug\netcoreapp3.1\mstestproject.dll" id="bf221942-b110-42c4-b34a-3116d4fb447b">
      <TestCategory>
        <TestCategoryItem TestCategory="Category1000" />
      </TestCategory>
      <Execution id="e6295d55-1cf1-4cf6-a545-fba54054d66c" />
      <TestMethod codeBase="C:\Projekty\MSTestProject\bin\Debug\netcoreapp3.1\MSTestProject.dll" adapterTypeName="executor://mstestadapter/v2" className="TwojeWesele.Services.Helpers.Tests.CurrencyHelperTests" name="FormatToStringTest1000" />
    </UnitTest>
    <UnitTest name="FormatToStringTest1000 (30138.55109863102,30138.55 zł)" storage="c:\projekty\mstestproject\bin\debug\netcoreapp3.1\mstestproject.dll" id="20b7964c-a62d-418e-864b-7eb5eb8ce116">
      <TestCategory>
        <TestCategoryItem TestCategory="Category1000" />
      </TestCategory>
      <Execution id="ca3c61e5-6df7-42cf-a80a-3873c4e2a3a1" />
      <TestMethod codeBase="C:\Projekty\MSTestProject\bin\Debug\netcoreapp3.1\MSTestProject.dll" adapterTypeName="executor://mstestadapter/v2" className="TwojeWesele.Services.Helpers.Tests.CurrencyHelperTests" name="FormatToStringTest1000" />
    </UnitTest>
    <UnitTest name="FormatToStringTest1000 (272.5621069118204,272.56 zł)" storage="c:\projekty\mstestproject\bin\debug\netcoreapp3.1\mstestproject.dll" id="77fe464a-b526-45b4-ab4a-e659629cc59a">
      <TestCategory>
        <TestCategoryItem TestCategory="Category1000" />
      </TestCategory>
      <Execution id="321803b4-502f-4f1e-b831-fb8ab788ce5e" />
      <TestMethod codeBase="C:\Projekty\MSTestProject\bin\Debug\netcoreapp3.1\MSTestProject.dll" adapterTypeName="executor://mstestadapter/v2" className="TwojeWesele.Services.Helpers.Tests.CurrencyHelperTests" name="FormatToStringTest1000" />
    </UnitTest>
    <UnitTest name="FormatToStringTest1000 (14910.573044539697,14910.57 zł)" storage="c:\projekty\mstestproject\bin\debug\netcoreapp3.1\mstestproject.dll" id="1f67794d-73e7-4a2f-b2c9-9ba51b910541">
      <TestCategory>
        <TestCategoryItem TestCategory="Category1000" />
      </TestCategory>
      <Execution id="eb513357-9d7b-4ff6-8476-f924fbf45047" />
      <TestMethod codeBase="C:\Projekty\MSTestProject\bin\Debug\netcoreapp3.1\MSTestProject.dll" adapterTypeName="executor://mstestadapter/v2" className="TwojeWesele.Services.Helpers.Tests.CurrencyHelperTests" name="FormatToStringTest1000" />
    </UnitTest>
    <UnitTest name="FormatToStringTest1000 (13206.129467931636,13206.13 zł)" storage="c:\projekty\mstestproject\bin\debug\netcoreapp3.1\mstestproject.dll" id="9e7d35c3-e5d8-4b94-8883-2bfe4a86d83f">
      <TestCategory>
        <TestCategoryItem TestCategory="Category1000" />
      </TestCategory>
      <Execution id="aa327dee-79a2-498b-bd73-72f9e384f114" />
      <TestMethod codeBase="C:\Projekty\MSTestProject\bin\Debug\netcoreapp3.1\MSTestProject.dll" adapterTypeName="executor://mstestadapter/v2" className="TwojeWesele.Services.Helpers.Tests.CurrencyHelperTests" name="FormatToStringTest1000" />
    </UnitTest>
    <UnitTest name="FormatToStringTest1000 (1739.5853778997368,1739.59 zł)" storage="c:\projekty\mstestproject\bin\debug\netcoreapp3.1\mstestproject.dll" id="fde132b2-b1d4-4db0-9e5e-51800d7f6be6">
      <TestCategory>
        <TestCategoryItem TestCategory="Category1000" />
      </TestCategory>
      <Execution id="dfc7fcb7-afd2-4880-846c-c708e52b8966" />
      <TestMethod codeBase="C:\Projekty\MSTestProject\bin\Debug\netcoreapp3.1\MSTestProject.dll" adapterTypeName="executor://mstestadapter/v2" className="TwojeWesele.Services.Helpers.Tests.CurrencyHelperTests" name="FormatToStringTest1000" />
    </UnitTest>
    <UnitTest name="FormatToStringTest1000 (35384.637112688106,35384.64 zł)" storage="c:\projekty\mstestproject\bin\debug\netcoreapp3.1\mstestproject.dll" id="712c4e8c-8ded-4f5e-a2d9-f5794ced066d">
      <TestCategory>
        <TestCategoryItem TestCategory="Category1000" />
      </TestCategory>
      <Execution id="280c8ddc-a7a3-4a59-ba98-ea4c867d6b72" />
      <TestMethod codeBase="C:\Projekty\MSTestProject\bin\Debug\netcoreapp3.1\MSTestProject.dll" adapterTypeName="executor://mstestadapter/v2" className="TwojeWesele.Services.Helpers.Tests.CurrencyHelperTests" name="FormatToStringTest1000" />
    </UnitTest>
    <UnitTest name="FormatToStringTest1000 (397.6461894566408,397.65 zł)" storage="c:\projekty\mstestproject\bin\debug\netcoreapp3.1\mstestproject.dll" id="7098d8ee-3d61-488a-b526-cdedcee7a947">
      <TestCategory>
        <TestCategoryItem TestCategory="Category1000" />
      </TestCategory>
      <Execution id="a99326e0-49c3-479c-b398-bec2dc0c1971" />
      <TestMethod codeBase="C:\Projekty\MSTestProject\bin\Debug\netcoreapp3.1\MSTestProject.dll" adapterTypeName="executor://mstestadapter/v2" className="TwojeWesele.Services.Helpers.Tests.CurrencyHelperTests" name="FormatToStringTest1000" />
    </UnitTest>
    <UnitTest name="FormatToStringTest1000 (26885.71162707904,26885.71 zł)" storage="c:\projekty\mstestproject\bin\debug\netcoreapp3.1\mstestproject.dll" id="ba8c7679-70c7-4d84-af55-db49f01be162">
      <TestCategory>
        <TestCategoryItem TestCategory="Category1000" />
      </TestCategory>
      <Execution id="05c64c6d-cbc6-41d1-9eab-a36ace8182fe" />
      <TestMethod codeBase="C:\Projekty\MSTestProject\bin\Debug\netcoreapp3.1\MSTestProject.dll" adapterTypeName="executor://mstestadapter/v2" className="TwojeWesele.Services.Helpers.Tests.CurrencyHelperTests" name="FormatToStringTest1000" />
    </UnitTest>
    <UnitTest name="FormatToStringTest1000 (47431.868885526375,47431.87 zł)" storage="c:\projekty\mstestproject\bin\debug\netcoreapp3.1\mstestproject.dll" id="6f043667-f50a-4186-a247-ebdd5178bd91">
      <TestCategory>
        <TestCategoryItem TestCategory="Category1000" />
      </TestCategory>
      <Execution id="8a08b4c3-947d-49d5-b2cf-cfb92ef9d166" />
      <TestMethod codeBase="C:\Projekty\MSTestProject\bin\Debug\netcoreapp3.1\MSTestProject.dll" adapterTypeName="executor://mstestadapter/v2" className="TwojeWesele.Services.Helpers.Tests.CurrencyHelperTests" name="FormatToStringTest1000" />
    </UnitTest>
    <UnitTest name="FormatToStringTest1000 (21693.340115174808,21693.34 zł)" storage="c:\projekty\mstestproject\bin\debug\netcoreapp3.1\mstestproject.dll" id="4e1fa3a0-ec0f-4cb8-b1ca-08326da3dc4a">
      <TestCategory>
        <TestCategoryItem TestCategory="Category1000" />
      </TestCategory>
      <Execution id="a051d8af-7910-42e8-883c-050365e2a3ca" />
      <TestMethod codeBase="C:\Projekty\MSTestProject\bin\Debug\netcoreapp3.1\MSTestProject.dll" adapterTypeName="executor://mstestadapter/v2" className="TwojeWesele.Services.Helpers.Tests.CurrencyHelperTests" name="FormatToStringTest1000" />
    </UnitTest>
    <UnitTest name="FormatToStringTest1000 (15313.083673952653,15313.08 zł)" storage="c:\projekty\mstestproject\bin\debug\netcoreapp3.1\mstestproject.dll" id="5be4ed66-d878-4956-b3d5-6c287e4ec928">
      <TestCategory>
        <TestCategoryItem TestCategory="Category1000" />
      </TestCategory>
      <Execution id="0d191c3d-dc39-4b46-8c67-4df54a28545f" />
      <TestMethod codeBase="C:\Projekty\MSTestProject\bin\Debug\netcoreapp3.1\MSTestProject.dll" adapterTypeName="executor://mstestadapter/v2" className="TwojeWesele.Services.Helpers.Tests.CurrencyHelperTests" name="FormatToStringTest1000" />
    </UnitTest>
    <UnitTest name="FormatToStringTest1000 (61324.33752458279,61324.34 zł)" storage="c:\projekty\mstestproject\bin\debug\netcoreapp3.1\mstestproject.dll" id="8c56cc0e-e1f5-46b8-80fb-68b9e127e80a">
      <TestCategory>
        <TestCategoryItem TestCategory="Category1000" />
      </TestCategory>
      <Execution id="2ded83a3-f33c-4fb1-8ffc-aa5b9096bac6" />
      <TestMethod codeBase="C:\Projekty\MSTestProject\bin\Debug\netcoreapp3.1\MSTestProject.dll" adapterTypeName="executor://mstestadapter/v2" className="TwojeWesele.Services.Helpers.Tests.CurrencyHelperTests" name="FormatToStringTest1000" />
    </UnitTest>
    <UnitTest name="FormatToStringTest1000 (54275.73209373408,54275.73 zł)" storage="c:\projekty\mstestproject\bin\debug\netcoreapp3.1\mstestproject.dll" id="3d9541fc-e05a-4e0e-aa81-875b68b28b54">
      <TestCategory>
        <TestCategoryItem TestCategory="Category1000" />
      </TestCategory>
      <Execution id="4e720259-01d9-410e-8290-5577f7250673" />
      <TestMethod codeBase="C:\Projekty\MSTestProject\bin\Debug\netcoreapp3.1\MSTestProject.dll" adapterTypeName="executor://mstestadapter/v2" className="TwojeWesele.Services.Helpers.Tests.CurrencyHelperTests" name="FormatToStringTest1000" />
    </UnitTest>
    <UnitTest name="FormatToStringTest1000 (9661.966055578536,9661.97 zł)" storage="c:\projekty\mstestproject\bin\debug\netcoreapp3.1\mstestproject.dll" id="0d1f2689-ab12-486d-8fb7-5434b8a9a94b">
      <TestCategory>
        <TestCategoryItem TestCategory="Category1000" />
      </TestCategory>
      <Execution id="05c2d9a9-5710-4457-a86e-020ec6bd90cb" />
      <TestMethod codeBase="C:\Projekty\MSTestProject\bin\Debug\netcoreapp3.1\MSTestProject.dll" adapterTypeName="executor://mstestadapter/v2" className="TwojeWesele.Services.Helpers.Tests.CurrencyHelperTests" name="FormatToStringTest1000" />
    </UnitTest>
    <UnitTest name="FormatToStringTest1000 (10641.263377953444,10641.26 zł)" storage="c:\projekty\mstestproject\bin\debug\netcoreapp3.1\mstestproject.dll" id="8a2f3009-a928-445e-bb3d-a0a45ac4eebb">
      <TestCategory>
        <TestCategoryItem TestCategory="Category1000" />
      </TestCategory>
      <Execution id="f9166ff1-e053-4ff8-b611-6d00943c001b" />
      <TestMethod codeBase="C:\Projekty\MSTestProject\bin\Debug\netcoreapp3.1\MSTestProject.dll" adapterTypeName="executor://mstestadapter/v2" className="TwojeWesele.Services.Helpers.Tests.CurrencyHelperTests" name="FormatToStringTest1000" />
    </UnitTest>
    <UnitTest name="FormatToStringTest1000 (37614.50159416278,37614.50 zł)" storage="c:\projekty\mstestproject\bin\debug\netcoreapp3.1\mstestproject.dll" id="608f706c-61d7-425e-b8d4-2b11910c6dc7">
      <TestCategory>
        <TestCategoryItem TestCategory="Category1000" />
      </TestCategory>
      <Execution id="714c9c59-c8a4-4462-84c2-5efefe4dda40" />
      <TestMethod codeBase="C:\Projekty\MSTestProject\bin\Debug\netcoreapp3.1\MSTestProject.dll" adapterTypeName="executor://mstestadapter/v2" className="TwojeWesele.Services.Helpers.Tests.CurrencyHelperTests" name="FormatToStringTest1000" />
    </UnitTest>
    <UnitTest name="FormatToStringTest1000 (20012.898273490322,20012.90 zł)" storage="c:\projekty\mstestproject\bin\debug\netcoreapp3.1\mstestproject.dll" id="28a8922e-11c5-4096-b068-01944ce66096">
      <TestCategory>
        <TestCategoryItem TestCategory="Category1000" />
      </TestCategory>
      <Execution id="cffb4e27-d76d-4f81-92bf-d490aa35dc61" />
      <TestMethod codeBase="C:\Projekty\MSTestProject\bin\Debug\netcoreapp3.1\MSTestProject.dll" adapterTypeName="executor://mstestadapter/v2" className="TwojeWesele.Services.Helpers.Tests.CurrencyHelperTests" name="FormatToStringTest1000" />
    </UnitTest>
    <UnitTest name="FormatToStringTest1000 (3646.857719214101,3646.86 zł)" storage="c:\projekty\mstestproject\bin\debug\netcoreapp3.1\mstestproject.dll" id="14a5db3e-ae6d-4230-a309-cc4246f1f5c7">
      <TestCategory>
        <TestCategoryItem TestCategory="Category1000" />
      </TestCategory>
      <Execution id="e8f3503c-e60b-444c-8208-7aac87e2d47c" />
      <TestMethod codeBase="C:\Projekty\MSTestProject\bin\Debug\netcoreapp3.1\MSTestProject.dll" adapterTypeName="executor://mstestadapter/v2" className="TwojeWesele.Services.Helpers.Tests.CurrencyHelperTests" name="FormatToStringTest1000" />
    </UnitTest>
    <UnitTest name="FormatToStringTest1000 (34145.534199603615,34145.53 zł)" storage="c:\projekty\mstestproject\bin\debug\netcoreapp3.1\mstestproject.dll" id="d1cadbe3-6f83-4a38-9ed9-6038471a61c8">
      <TestCategory>
        <TestCategoryItem TestCategory="Category1000" />
      </TestCategory>
      <Execution id="01410ebf-4c87-45bd-96fb-f2dc389ea83a" />
      <TestMethod codeBase="C:\Projekty\MSTestProject\bin\Debug\netcoreapp3.1\MSTestProject.dll" adapterTypeName="executor://mstestadapter/v2" className="TwojeWesele.Services.Helpers.Tests.CurrencyHelperTests" name="FormatToStringTest1000" />
    </UnitTest>
    <UnitTest name="FormatToStringTest1000 (2963.24443391815,2963.24 zł)" storage="c:\projekty\mstestproject\bin\debug\netcoreapp3.1\mstestproject.dll" id="957ea8b6-74b5-4315-9556-119c687ebf4c">
      <TestCategory>
        <TestCategoryItem TestCategory="Category1000" />
      </TestCategory>
      <Execution id="9a34d9c8-8c13-4ea8-a538-7c54adcbfc47" />
      <TestMethod codeBase="C:\Projekty\MSTestProject\bin\Debug\netcoreapp3.1\MSTestProject.dll" adapterTypeName="executor://mstestadapter/v2" className="TwojeWesele.Services.Helpers.Tests.CurrencyHelperTests" name="FormatToStringTest1000" />
    </UnitTest>
    <UnitTest name="FormatToStringTest1000 (5591.2222540617095,5591.22 zł)" storage="c:\projekty\mstestproject\bin\debug\netcoreapp3.1\mstestproject.dll" id="1edab7de-1d32-4e87-b668-4e0ea80c3538">
      <TestCategory>
        <TestCategoryItem TestCategory="Category1000" />
      </TestCategory>
      <Execution id="b8dc55eb-6e6f-44aa-a35d-3914ad89d7d5" />
      <TestMethod codeBase="C:\Projekty\MSTestProject\bin\Debug\netcoreapp3.1\MSTestProject.dll" adapterTypeName="executor://mstestadapter/v2" className="TwojeWesele.Services.Helpers.Tests.CurrencyHelperTests" name="FormatToStringTest1000" />
    </UnitTest>
    <UnitTest name="FormatToStringTest1000 (65947.64520381515,65947.65 zł)" storage="c:\projekty\mstestproject\bin\debug\netcoreapp3.1\mstestproject.dll" id="e357c2b3-4e59-45fe-8357-6fb31587c29f">
      <TestCategory>
        <TestCategoryItem TestCategory="Category1000" />
      </TestCategory>
      <Execution id="f18a9339-fdc2-4ee9-a7ad-0fbef433de72" />
      <TestMethod codeBase="C:\Projekty\MSTestProject\bin\Debug\netcoreapp3.1\MSTestProject.dll" adapterTypeName="executor://mstestadapter/v2" className="TwojeWesele.Services.Helpers.Tests.CurrencyHelperTests" name="FormatToStringTest1000" />
    </UnitTest>
    <UnitTest name="FormatToStringTest1000 (5840.747097845071,5840.75 zł)" storage="c:\projekty\mstestproject\bin\debug\netcoreapp3.1\mstestproject.dll" id="7149fb24-0185-485e-94ff-33dc7f6c1e51">
      <TestCategory>
        <TestCategoryItem TestCategory="Category1000" />
      </TestCategory>
      <Execution id="8f223e83-336d-417a-a317-1551c2393d93" />
      <TestMethod codeBase="C:\Projekty\MSTestProject\bin\Debug\netcoreapp3.1\MSTestProject.dll" adapterTypeName="executor://mstestadapter/v2" className="TwojeWesele.Services.Helpers.Tests.CurrencyHelperTests" name="FormatToStringTest1000" />
    </UnitTest>
    <UnitTest name="FormatToStringTest1000 (21221.884746198488,21221.88 zł)" storage="c:\projekty\mstestproject\bin\debug\netcoreapp3.1\mstestproject.dll" id="2f3110c7-7fe9-4d33-9e2d-646d90bb5e19">
      <TestCategory>
        <TestCategoryItem TestCategory="Category1000" />
      </TestCategory>
      <Execution id="dcb82557-9084-428e-b33c-2e5df8c01ced" />
      <TestMethod codeBase="C:\Projekty\MSTestProject\bin\Debug\netcoreapp3.1\MSTestProject.dll" adapterTypeName="executor://mstestadapter/v2" className="TwojeWesele.Services.Helpers.Tests.CurrencyHelperTests" name="FormatToStringTest1000" />
    </UnitTest>
    <UnitTest name="FormatToStringTest1000 (1751.7703038522834,1751.77 zł)" storage="c:\projekty\mstestproject\bin\debug\netcoreapp3.1\mstestproject.dll" id="7a37c2d9-ad9b-4436-aea3-2ffa8bdcc383">
      <TestCategory>
        <TestCategoryItem TestCategory="Category1000" />
      </TestCategory>
      <Execution id="fa8a8ecd-1650-4c97-883b-991e274ce82d" />
      <TestMethod codeBase="C:\Projekty\MSTestProject\bin\Debug\netcoreapp3.1\MSTestProject.dll" adapterTypeName="executor://mstestadapter/v2" className="TwojeWesele.Services.Helpers.Tests.CurrencyHelperTests" name="FormatToStringTest1000" />
    </UnitTest>
    <UnitTest name="FormatToStringTest1000 (38076.55319665165,38076.55 zł)" storage="c:\projekty\mstestproject\bin\debug\netcoreapp3.1\mstestproject.dll" id="121dee3e-61a0-4846-b490-89381969afc5">
      <TestCategory>
        <TestCategoryItem TestCategory="Category1000" />
      </TestCategory>
      <Execution id="2682477c-548f-4343-8a46-4332090cd611" />
      <TestMethod codeBase="C:\Projekty\MSTestProject\bin\Debug\netcoreapp3.1\MSTestProject.dll" adapterTypeName="executor://mstestadapter/v2" className="TwojeWesele.Services.Helpers.Tests.CurrencyHelperTests" name="FormatToStringTest1000" />
    </UnitTest>
    <UnitTest name="FormatToStringTest1000 (9754.291367935619,9754.29 zł)" storage="c:\projekty\mstestproject\bin\debug\netcoreapp3.1\mstestproject.dll" id="6bdb390d-a0ce-4d73-90ad-e945fcd410c4">
      <TestCategory>
        <TestCategoryItem TestCategory="Category1000" />
      </TestCategory>
      <Execution id="83cd32d6-2719-4408-98a9-a317bd0ea8e6" />
      <TestMethod codeBase="C:\Projekty\MSTestProject\bin\Debug\netcoreapp3.1\MSTestProject.dll" adapterTypeName="executor://mstestadapter/v2" className="TwojeWesele.Services.Helpers.Tests.CurrencyHelperTests" name="FormatToStringTest1000" />
    </UnitTest>
    <UnitTest name="FormatToStringTest1000 (66053.95451852398,66053.95 zł)" storage="c:\projekty\mstestproject\bin\debug\netcoreapp3.1\mstestproject.dll" id="57206d07-0670-4c18-ac06-7f8f0d588391">
      <TestCategory>
        <TestCategoryItem TestCategory="Category1000" />
      </TestCategory>
      <Execution id="29a4bfd5-9622-487c-9029-29d7b010aa2d" />
      <TestMethod codeBase="C:\Projekty\MSTestProject\bin\Debug\netcoreapp3.1\MSTestProject.dll" adapterTypeName="executor://mstestadapter/v2" className="TwojeWesele.Services.Helpers.Tests.CurrencyHelperTests" name="FormatToStringTest1000" />
    </UnitTest>
    <UnitTest name="FormatToStringTest1000 (35248.53555717996,35248.54 zł)" storage="c:\projekty\mstestproject\bin\debug\netcoreapp3.1\mstestproject.dll" id="5b2942b7-0778-4b68-b6d2-471503f9da25">
      <TestCategory>
        <TestCategoryItem TestCategory="Category1000" />
      </TestCategory>
      <Execution id="ea9c7e77-6d10-4ea2-9a68-0010c86aeb8b" />
      <TestMethod codeBase="C:\Projekty\MSTestProject\bin\Debug\netcoreapp3.1\MSTestProject.dll" adapterTypeName="executor://mstestadapter/v2" className="TwojeWesele.Services.Helpers.Tests.CurrencyHelperTests" name="FormatToStringTest1000" />
    </UnitTest>
    <UnitTest name="FormatToStringTest1000 (3846.644792262765,3846.64 zł)" storage="c:\projekty\mstestproject\bin\debug\netcoreapp3.1\mstestproject.dll" id="c4ce668d-974e-4252-9ce4-a3381264b5ec">
      <TestCategory>
        <TestCategoryItem TestCategory="Category1000" />
      </TestCategory>
      <Execution id="c97f66db-b0fd-4294-82c9-6e25d7e8e9da" />
      <TestMethod codeBase="C:\Projekty\MSTestProject\bin\Debug\netcoreapp3.1\MSTestProject.dll" adapterTypeName="executor://mstestadapter/v2" className="TwojeWesele.Services.Helpers.Tests.CurrencyHelperTests" name="FormatToStringTest1000" />
    </UnitTest>
    <UnitTest name="FormatToStringTest1000 (67898.54481444067,67898.54 zł)" storage="c:\projekty\mstestproject\bin\debug\netcoreapp3.1\mstestproject.dll" id="773ff510-e491-45f6-9978-0198ee8c943b">
      <TestCategory>
        <TestCategoryItem TestCategory="Category1000" />
      </TestCategory>
      <Execution id="56a8bf27-9a09-469c-a47b-59cb9cf97420" />
      <TestMethod codeBase="C:\Projekty\MSTestProject\bin\Debug\netcoreapp3.1\MSTestProject.dll" adapterTypeName="executor://mstestadapter/v2" className="TwojeWesele.Services.Helpers.Tests.CurrencyHelperTests" name="FormatToStringTest1000" />
    </UnitTest>
    <UnitTest name="FormatToStringTest1000 (6665.405372488035,6665.41 zł)" storage="c:\projekty\mstestproject\bin\debug\netcoreapp3.1\mstestproject.dll" id="78fbe96a-4100-45bf-b194-8b038aaaaf25">
      <TestCategory>
        <TestCategoryItem TestCategory="Category1000" />
      </TestCategory>
      <Execution id="04ceb1b3-e0bc-4a23-a7c3-b21d29793f39" />
      <TestMethod codeBase="C:\Projekty\MSTestProject\bin\Debug\netcoreapp3.1\MSTestProject.dll" adapterTypeName="executor://mstestadapter/v2" className="TwojeWesele.Services.Helpers.Tests.CurrencyHelperTests" name="FormatToStringTest1000" />
    </UnitTest>
    <UnitTest name="FormatToStringTest1000 (15566.957545477411,15566.96 zł)" storage="c:\projekty\mstestproject\bin\debug\netcoreapp3.1\mstestproject.dll" id="6a56fb11-08c3-46d9-8c02-bb638382ebe9">
      <TestCategory>
        <TestCategoryItem TestCategory="Category1000" />
      </TestCategory>
      <Execution id="cc9d1bad-fd18-4066-9c27-186b4217f3df" />
      <TestMethod codeBase="C:\Projekty\MSTestProject\bin\Debug\netcoreapp3.1\MSTestProject.dll" adapterTypeName="executor://mstestadapter/v2" className="TwojeWesele.Services.Helpers.Tests.CurrencyHelperTests" name="FormatToStringTest1000" />
    </UnitTest>
    <UnitTest name="FormatToStringTest1000 (22197.731451777618,22197.73 zł)" storage="c:\projekty\mstestproject\bin\debug\netcoreapp3.1\mstestproject.dll" id="c662d86d-adb5-4982-9584-b617a717dfde">
      <TestCategory>
        <TestCategoryItem TestCategory="Category1000" />
      </TestCategory>
      <Execution id="b9865faa-24e2-44f9-ba7b-e559b62410ba" />
      <TestMethod codeBase="C:\Projekty\MSTestProject\bin\Debug\netcoreapp3.1\MSTestProject.dll" adapterTypeName="executor://mstestadapter/v2" className="TwojeWesele.Services.Helpers.Tests.CurrencyHelperTests" name="FormatToStringTest1000" />
    </UnitTest>
    <UnitTest name="FormatToStringTest1000 (12610.563163818122,12610.56 zł)" storage="c:\projekty\mstestproject\bin\debug\netcoreapp3.1\mstestproject.dll" id="9845d3dd-1ac7-43dc-b912-f7f54ebed062">
      <TestCategory>
        <TestCategoryItem TestCategory="Category1000" />
      </TestCategory>
      <Execution id="72495402-596c-4bc5-b578-ce9acb66c2cc" />
      <TestMethod codeBase="C:\Projekty\MSTestProject\bin\Debug\netcoreapp3.1\MSTestProject.dll" adapterTypeName="executor://mstestadapter/v2" className="TwojeWesele.Services.Helpers.Tests.CurrencyHelperTests" name="FormatToStringTest1000" />
    </UnitTest>
    <UnitTest name="FormatToStringTest1000 (4554.73912809777,4554.74 zł)" storage="c:\projekty\mstestproject\bin\debug\netcoreapp3.1\mstestproject.dll" id="f0fe6e0e-3537-4b59-bb79-4ea884f40132">
      <TestCategory>
        <TestCategoryItem TestCategory="Category1000" />
      </TestCategory>
      <Execution id="cf37c1a0-3842-439e-9f7e-24f7b2768a05" />
      <TestMethod codeBase="C:\Projekty\MSTestProject\bin\Debug\netcoreapp3.1\MSTestProject.dll" adapterTypeName="executor://mstestadapter/v2" className="TwojeWesele.Services.Helpers.Tests.CurrencyHelperTests" name="FormatToStringTest1000" />
    </UnitTest>
    <UnitTest name="FormatToStringTest1000 (51408.294679657694,51408.29 zł)" storage="c:\projekty\mstestproject\bin\debug\netcoreapp3.1\mstestproject.dll" id="f72a07f3-8041-48c4-ae58-9ce1ca9dbcef">
      <TestCategory>
        <TestCategoryItem TestCategory="Category1000" />
      </TestCategory>
      <Execution id="1558292b-27b1-4b7b-ad5e-0b23adfefe08" />
      <TestMethod codeBase="C:\Projekty\MSTestProject\bin\Debug\netcoreapp3.1\MSTestProject.dll" adapterTypeName="executor://mstestadapter/v2" className="TwojeWesele.Services.Helpers.Tests.CurrencyHelperTests" name="FormatToStringTest1000" />
    </UnitTest>
    <UnitTest name="FormatToStringTest1000 (6170.939441211959,6170.94 zł)" storage="c:\projekty\mstestproject\bin\debug\netcoreapp3.1\mstestproject.dll" id="370ffe0d-f253-4d41-926e-1612ee064e33">
      <TestCategory>
        <TestCategoryItem TestCategory="Category1000" />
      </TestCategory>
      <Execution id="a4bdeeea-1b12-4625-9f50-89bbae8b8c02" />
      <TestMethod codeBase="C:\Projekty\MSTestProject\bin\Debug\netcoreapp3.1\MSTestProject.dll" adapterTypeName="executor://mstestadapter/v2" className="TwojeWesele.Services.Helpers.Tests.CurrencyHelperTests" name="FormatToStringTest1000" />
    </UnitTest>
    <UnitTest name="FormatToStringTest1000 (7716.571614765363,7716.57 zł)" storage="c:\projekty\mstestproject\bin\debug\netcoreapp3.1\mstestproject.dll" id="49863d7a-f8a9-47ef-84c1-979d991e0482">
      <TestCategory>
        <TestCategoryItem TestCategory="Category1000" />
      </TestCategory>
      <Execution id="d83b11e2-3ec2-4bd6-a0b2-8d3b839768fa" />
      <TestMethod codeBase="C:\Projekty\MSTestProject\bin\Debug\netcoreapp3.1\MSTestProject.dll" adapterTypeName="executor://mstestadapter/v2" className="TwojeWesele.Services.Helpers.Tests.CurrencyHelperTests" name="FormatToStringTest1000" />
    </UnitTest>
    <UnitTest name="FormatToStringTest1000 (32359.431438434138,32359.43 zł)" storage="c:\projekty\mstestproject\bin\debug\netcoreapp3.1\mstestproject.dll" id="b5d090cb-987d-4e5f-b800-01e94af8af70">
      <TestCategory>
        <TestCategoryItem TestCategory="Category1000" />
      </TestCategory>
      <Execution id="b14fab40-1334-4fbd-b6de-28739efc7899" />
      <TestMethod codeBase="C:\Projekty\MSTestProject\bin\Debug\netcoreapp3.1\MSTestProject.dll" adapterTypeName="executor://mstestadapter/v2" className="TwojeWesele.Services.Helpers.Tests.CurrencyHelperTests" name="FormatToStringTest1000" />
    </UnitTest>
    <UnitTest name="FormatToStringTest1000 (16571.355536101553,16571.36 zł)" storage="c:\projekty\mstestproject\bin\debug\netcoreapp3.1\mstestproject.dll" id="0a0c2024-5487-4a68-ae19-6f01b38ada07">
      <TestCategory>
        <TestCategoryItem TestCategory="Category1000" />
      </TestCategory>
      <Execution id="3842cbf5-1c2b-41ff-8b90-bce4bdd24c4a" />
      <TestMethod codeBase="C:\Projekty\MSTestProject\bin\Debug\netcoreapp3.1\MSTestProject.dll" adapterTypeName="executor://mstestadapter/v2" className="TwojeWesele.Services.Helpers.Tests.CurrencyHelperTests" name="FormatToStringTest1000" />
    </UnitTest>
    <UnitTest name="FormatToStringTest1000 (13453.429998117233,13453.43 zł)" storage="c:\projekty\mstestproject\bin\debug\netcoreapp3.1\mstestproject.dll" id="c3a5350c-3745-4af5-9020-97fe4e9ca1b0">
      <TestCategory>
        <TestCategoryItem TestCategory="Category1000" />
      </TestCategory>
      <Execution id="98612404-271f-4ab6-8d5a-9dd3779ee0f5" />
      <TestMethod codeBase="C:\Projekty\MSTestProject\bin\Debug\netcoreapp3.1\MSTestProject.dll" adapterTypeName="executor://mstestadapter/v2" className="TwojeWesele.Services.Helpers.Tests.CurrencyHelperTests" name="FormatToStringTest1000" />
    </UnitTest>
    <UnitTest name="FormatToStringTest1000 (5749.124990274722,5749.12 zł)" storage="c:\projekty\mstestproject\bin\debug\netcoreapp3.1\mstestproject.dll" id="c18284fb-ef91-4a1c-a890-5be96c020a82">
      <TestCategory>
        <TestCategoryItem TestCategory="Category1000" />
      </TestCategory>
      <Execution id="28f1608b-477c-44ff-a3a6-6f8ad02170e9" />
      <TestMethod codeBase="C:\Projekty\MSTestProject\bin\Debug\netcoreapp3.1\MSTestProject.dll" adapterTypeName="executor://mstestadapter/v2" className="TwojeWesele.Services.Helpers.Tests.CurrencyHelperTests" name="FormatToStringTest1000" />
    </UnitTest>
    <UnitTest name="FormatToStringTest1000 (15411.371650797022,15411.37 zł)" storage="c:\projekty\mstestproject\bin\debug\netcoreapp3.1\mstestproject.dll" id="4e39dc4e-4e4e-43cf-a038-7dfba4ba349f">
      <TestCategory>
        <TestCategoryItem TestCategory="Category1000" />
      </TestCategory>
      <Execution id="6521151e-5108-4608-8490-8b299691769d" />
      <TestMethod codeBase="C:\Projekty\MSTestProject\bin\Debug\netcoreapp3.1\MSTestProject.dll" adapterTypeName="executor://mstestadapter/v2" className="TwojeWesele.Services.Helpers.Tests.CurrencyHelperTests" name="FormatToStringTest1000" />
    </UnitTest>
    <UnitTest name="FormatToStringTest1000 (84686.32148464039,84686.32 zł)" storage="c:\projekty\mstestproject\bin\debug\netcoreapp3.1\mstestproject.dll" id="fd2b5903-11fa-4aa0-87d2-1984a79fac0f">
      <TestCategory>
        <TestCategoryItem TestCategory="Category1000" />
      </TestCategory>
      <Execution id="5fba8a23-cb39-42ae-9aec-92980e5ee296" />
      <TestMethod codeBase="C:\Projekty\MSTestProject\bin\Debug\netcoreapp3.1\MSTestProject.dll" adapterTypeName="executor://mstestadapter/v2" className="TwojeWesele.Services.Helpers.Tests.CurrencyHelperTests" name="FormatToStringTest1000" />
    </UnitTest>
    <UnitTest name="FormatToStringTest1000 (26220.382477706476,26220.38 zł)" storage="c:\projekty\mstestproject\bin\debug\netcoreapp3.1\mstestproject.dll" id="76d081e6-2953-43bd-99e3-565fb81e036e">
      <TestCategory>
        <TestCategoryItem TestCategory="Category1000" />
      </TestCategory>
      <Execution id="b2501275-9f6c-44bf-813f-7435e31844a7" />
      <TestMethod codeBase="C:\Projekty\MSTestProject\bin\Debug\netcoreapp3.1\MSTestProject.dll" adapterTypeName="executor://mstestadapter/v2" className="TwojeWesele.Services.Helpers.Tests.CurrencyHelperTests" name="FormatToStringTest1000" />
    </UnitTest>
    <UnitTest name="FormatToStringTest1000 (50664.01951024869,50664.02 zł)" storage="c:\projekty\mstestproject\bin\debug\netcoreapp3.1\mstestproject.dll" id="f3169b0d-80d7-4921-917b-d132ab041d2e">
      <TestCategory>
        <TestCategoryItem TestCategory="Category1000" />
      </TestCategory>
      <Execution id="c771271b-48cb-4b1c-a51b-0304735cbca6" />
      <TestMethod codeBase="C:\Projekty\MSTestProject\bin\Debug\netcoreapp3.1\MSTestProject.dll" adapterTypeName="executor://mstestadapter/v2" className="TwojeWesele.Services.Helpers.Tests.CurrencyHelperTests" name="FormatToStringTest1000" />
    </UnitTest>
    <UnitTest name="FormatToStringTest1000 (8901.937138443784,8901.94 zł)" storage="c:\projekty\mstestproject\bin\debug\netcoreapp3.1\mstestproject.dll" id="402e2e69-9fb8-479c-b6fb-ff155b48933c">
      <TestCategory>
        <TestCategoryItem TestCategory="Category1000" />
      </TestCategory>
      <Execution id="5ba3332e-f1a0-4acb-bf0c-d77ac6b23104" />
      <TestMethod codeBase="C:\Projekty\MSTestProject\bin\Debug\netcoreapp3.1\MSTestProject.dll" adapterTypeName="executor://mstestadapter/v2" className="TwojeWesele.Services.Helpers.Tests.CurrencyHelperTests" name="FormatToStringTest1000" />
    </UnitTest>
    <UnitTest name="FormatToStringTest1000 (20249.56614074277,20249.57 zł)" storage="c:\projekty\mstestproject\bin\debug\netcoreapp3.1\mstestproject.dll" id="2129c86e-3d0d-49d7-b8fc-4c2f60592171">
      <TestCategory>
        <TestCategoryItem TestCategory="Category1000" />
      </TestCategory>
      <Execution id="dd40fea8-beec-4daa-8d78-e66a2d341952" />
      <TestMethod codeBase="C:\Projekty\MSTestProject\bin\Debug\netcoreapp3.1\MSTestProject.dll" adapterTypeName="executor://mstestadapter/v2" className="TwojeWesele.Services.Helpers.Tests.CurrencyHelperTests" name="FormatToStringTest1000" />
    </UnitTest>
    <UnitTest name="FormatToStringTest1000 (22494.46807976834,22494.47 zł)" storage="c:\projekty\mstestproject\bin\debug\netcoreapp3.1\mstestproject.dll" id="07586a34-10a8-4998-8500-07cdc2708b04">
      <TestCategory>
        <TestCategoryItem TestCategory="Category1000" />
      </TestCategory>
      <Execution id="24b8ec44-4f07-481c-9ef4-770e8784ea9c" />
      <TestMethod codeBase="C:\Projekty\MSTestProject\bin\Debug\netcoreapp3.1\MSTestProject.dll" adapterTypeName="executor://mstestadapter/v2" className="TwojeWesele.Services.Helpers.Tests.CurrencyHelperTests" name="FormatToStringTest1000" />
    </UnitTest>
    <UnitTest name="FormatToStringTest1000 (34242.181005260056,34242.18 zł)" storage="c:\projekty\mstestproject\bin\debug\netcoreapp3.1\mstestproject.dll" id="68675eb5-79a2-494d-a5a3-32385426255e">
      <TestCategory>
        <TestCategoryItem TestCategory="Category1000" />
      </TestCategory>
      <Execution id="d134ce7b-0908-4813-92df-bc1391f602ea" />
      <TestMethod codeBase="C:\Projekty\MSTestProject\bin\Debug\netcoreapp3.1\MSTestProject.dll" adapterTypeName="executor://mstestadapter/v2" className="TwojeWesele.Services.Helpers.Tests.CurrencyHelperTests" name="FormatToStringTest1000" />
    </UnitTest>
    <UnitTest name="FormatToStringTest1000 (4116.417580192638,4116.42 zł)" storage="c:\projekty\mstestproject\bin\debug\netcoreapp3.1\mstestproject.dll" id="a229398b-ecc8-4a71-9d4b-4fe3a3a851bc">
      <TestCategory>
        <TestCategoryItem TestCategory="Category1000" />
      </TestCategory>
      <Execution id="a24ee557-6bdc-4f64-9390-63390a69ec0f" />
      <TestMethod codeBase="C:\Projekty\MSTestProject\bin\Debug\netcoreapp3.1\MSTestProject.dll" adapterTypeName="executor://mstestadapter/v2" className="TwojeWesele.Services.Helpers.Tests.CurrencyHelperTests" name="FormatToStringTest1000" />
    </UnitTest>
    <UnitTest name="FormatToStringTest1000 (21961.272673999552,21961.27 zł)" storage="c:\projekty\mstestproject\bin\debug\netcoreapp3.1\mstestproject.dll" id="b6d2f8d1-50c8-422c-a0f8-7db387913482">
      <TestCategory>
        <TestCategoryItem TestCategory="Category1000" />
      </TestCategory>
      <Execution id="5e19d8dc-2deb-48f5-bc54-04ee6eb84b35" />
      <TestMethod codeBase="C:\Projekty\MSTestProject\bin\Debug\netcoreapp3.1\MSTestProject.dll" adapterTypeName="executor://mstestadapter/v2" className="TwojeWesele.Services.Helpers.Tests.CurrencyHelperTests" name="FormatToStringTest1000" />
    </UnitTest>
    <UnitTest name="FormatToStringTest1000 (10268.547802396373,10268.55 zł)" storage="c:\projekty\mstestproject\bin\debug\netcoreapp3.1\mstestproject.dll" id="4658d93a-e795-4f30-8219-ae1cfa32925a">
      <TestCategory>
        <TestCategoryItem TestCategory="Category1000" />
      </TestCategory>
      <Execution id="80e16597-8cff-4abe-86e7-ad2412d4bec3" />
      <TestMethod codeBase="C:\Projekty\MSTestProject\bin\Debug\netcoreapp3.1\MSTestProject.dll" adapterTypeName="executor://mstestadapter/v2" className="TwojeWesele.Services.Helpers.Tests.CurrencyHelperTests" name="FormatToStringTest1000" />
    </UnitTest>
    <UnitTest name="FormatToStringTest1000 (20445.11280083149,20445.11 zł)" storage="c:\projekty\mstestproject\bin\debug\netcoreapp3.1\mstestproject.dll" id="9d589628-fb2c-472f-ae6a-3309819c4deb">
      <TestCategory>
        <TestCategoryItem TestCategory="Category1000" />
      </TestCategory>
      <Execution id="19b1b71c-8d1f-4c05-b41b-c3082436cbd5" />
      <TestMethod codeBase="C:\Projekty\MSTestProject\bin\Debug\netcoreapp3.1\MSTestProject.dll" adapterTypeName="executor://mstestadapter/v2" className="TwojeWesele.Services.Helpers.Tests.CurrencyHelperTests" name="FormatToStringTest1000" />
    </UnitTest>
    <UnitTest name="FormatToStringTest1000 (4614.673205890541,4614.67 zł)" storage="c:\projekty\mstestproject\bin\debug\netcoreapp3.1\mstestproject.dll" id="b387954a-01d7-4152-9835-67659f162608">
      <TestCategory>
        <TestCategoryItem TestCategory="Category1000" />
      </TestCategory>
      <Execution id="63065a4c-319f-4382-bb96-8be194bc3233" />
      <TestMethod codeBase="C:\Projekty\MSTestProject\bin\Debug\netcoreapp3.1\MSTestProject.dll" adapterTypeName="executor://mstestadapter/v2" className="TwojeWesele.Services.Helpers.Tests.CurrencyHelperTests" name="FormatToStringTest1000" />
    </UnitTest>
    <UnitTest name="FormatToStringTest1000 (726.8087564975995,726.81 zł)" storage="c:\projekty\mstestproject\bin\debug\netcoreapp3.1\mstestproject.dll" id="18f55ecd-41da-4094-9fad-3fc6b8a02e24">
      <TestCategory>
        <TestCategoryItem TestCategory="Category1000" />
      </TestCategory>
      <Execution id="5f52962e-01ab-48b2-a1af-20fba7a361ee" />
      <TestMethod codeBase="C:\Projekty\MSTestProject\bin\Debug\netcoreapp3.1\MSTestProject.dll" adapterTypeName="executor://mstestadapter/v2" className="TwojeWesele.Services.Helpers.Tests.CurrencyHelperTests" name="FormatToStringTest1000" />
    </UnitTest>
    <UnitTest name="FormatToStringTest1000 (17845.255864087147,17845.26 zł)" storage="c:\projekty\mstestproject\bin\debug\netcoreapp3.1\mstestproject.dll" id="35ec076d-bc4d-439c-884c-2b7e114f56d7">
      <TestCategory>
        <TestCategoryItem TestCategory="Category1000" />
      </TestCategory>
      <Execution id="1eab9fd0-e242-42d7-a831-cc2407f6c7d6" />
      <TestMethod codeBase="C:\Projekty\MSTestProject\bin\Debug\netcoreapp3.1\MSTestProject.dll" adapterTypeName="executor://mstestadapter/v2" className="TwojeWesele.Services.Helpers.Tests.CurrencyHelperTests" name="FormatToStringTest1000" />
    </UnitTest>
    <UnitTest name="FormatToStringTest1000 (6027.66019266828,6027.66 zł)" storage="c:\projekty\mstestproject\bin\debug\netcoreapp3.1\mstestproject.dll" id="e858fc4c-aed4-4f9a-85b9-6cb7b8338f05">
      <TestCategory>
        <TestCategoryItem TestCategory="Category1000" />
      </TestCategory>
      <Execution id="7571e6c7-0d27-4b07-a8d7-0533b071d030" />
      <TestMethod codeBase="C:\Projekty\MSTestProject\bin\Debug\netcoreapp3.1\MSTestProject.dll" adapterTypeName="executor://mstestadapter/v2" className="TwojeWesele.Services.Helpers.Tests.CurrencyHelperTests" name="FormatToStringTest1000" />
    </UnitTest>
    <UnitTest name="FormatToStringTest1000 (15509.637406484986,15509.64 zł)" storage="c:\projekty\mstestproject\bin\debug\netcoreapp3.1\mstestproject.dll" id="f5e9d77d-2e28-4f7e-aef0-dee1d552605c">
      <TestCategory>
        <TestCategoryItem TestCategory="Category1000" />
      </TestCategory>
      <Execution id="f6cb39f0-4957-42a7-9e0c-4a7de62c23ff" />
      <TestMethod codeBase="C:\Projekty\MSTestProject\bin\Debug\netcoreapp3.1\MSTestProject.dll" adapterTypeName="executor://mstestadapter/v2" className="TwojeWesele.Services.Helpers.Tests.CurrencyHelperTests" name="FormatToStringTest1000" />
    </UnitTest>
    <UnitTest name="FormatToStringTest1000 (34062.88803158276,34062.89 zł)" storage="c:\projekty\mstestproject\bin\debug\netcoreapp3.1\mstestproject.dll" id="0bc37893-c598-4dff-a5ed-0dc50bfcf2f5">
      <TestCategory>
        <TestCategoryItem TestCategory="Category1000" />
      </TestCategory>
      <Execution id="a0dc696a-c02a-4446-9b2e-02735208cbb1" />
      <TestMethod codeBase="C:\Projekty\MSTestProject\bin\Debug\netcoreapp3.1\MSTestProject.dll" adapterTypeName="executor://mstestadapter/v2" className="TwojeWesele.Services.Helpers.Tests.CurrencyHelperTests" name="FormatToStringTest1000" />
    </UnitTest>
    <UnitTest name="FormatToStringTest1000 (2390.7596313784643,2390.76 zł)" storage="c:\projekty\mstestproject\bin\debug\netcoreapp3.1\mstestproject.dll" id="cee04131-1e63-4d72-b147-18880b043da7">
      <TestCategory>
        <TestCategoryItem TestCategory="Category1000" />
      </TestCategory>
      <Execution id="1bdb40b3-101d-4183-9b27-62034edf636a" />
      <TestMethod codeBase="C:\Projekty\MSTestProject\bin\Debug\netcoreapp3.1\MSTestProject.dll" adapterTypeName="executor://mstestadapter/v2" className="TwojeWesele.Services.Helpers.Tests.CurrencyHelperTests" name="FormatToStringTest1000" />
    </UnitTest>
    <UnitTest name="FormatToStringTest1000 (9431.144757136304,9431.14 zł)" storage="c:\projekty\mstestproject\bin\debug\netcoreapp3.1\mstestproject.dll" id="d5bad35e-dbfe-4f88-9ee5-11b3e3236465">
      <TestCategory>
        <TestCategoryItem TestCategory="Category1000" />
      </TestCategory>
      <Execution id="3c890261-7039-499b-9145-a07aafd12e22" />
      <TestMethod codeBase="C:\Projekty\MSTestProject\bin\Debug\netcoreapp3.1\MSTestProject.dll" adapterTypeName="executor://mstestadapter/v2" className="TwojeWesele.Services.Helpers.Tests.CurrencyHelperTests" name="FormatToStringTest1000" />
    </UnitTest>
    <UnitTest name="FormatToStringTest1000 (31340.79231238914,31340.79 zł)" storage="c:\projekty\mstestproject\bin\debug\netcoreapp3.1\mstestproject.dll" id="5ef8f362-be1f-4e4b-9d58-14a26a50023b">
      <TestCategory>
        <TestCategoryItem TestCategory="Category1000" />
      </TestCategory>
      <Execution id="eabd3cf4-a7dd-4816-95be-04c355fe8656" />
      <TestMethod codeBase="C:\Projekty\MSTestProject\bin\Debug\netcoreapp3.1\MSTestProject.dll" adapterTypeName="executor://mstestadapter/v2" className="TwojeWesele.Services.Helpers.Tests.CurrencyHelperTests" name="FormatToStringTest1000" />
    </UnitTest>
    <UnitTest name="FormatToStringTest1000 (37114.901517336206,37114.90 zł)" storage="c:\projekty\mstestproject\bin\debug\netcoreapp3.1\mstestproject.dll" id="13e44da0-ed47-4943-ac35-0eadf70bc680">
      <TestCategory>
        <TestCategoryItem TestCategory="Category1000" />
      </TestCategory>
      <Execution id="d93736da-b13e-4d67-a78f-291360640800" />
      <TestMethod codeBase="C:\Projekty\MSTestProject\bin\Debug\netcoreapp3.1\MSTestProject.dll" adapterTypeName="executor://mstestadapter/v2" className="TwojeWesele.Services.Helpers.Tests.CurrencyHelperTests" name="FormatToStringTest1000" />
    </UnitTest>
    <UnitTest name="FormatToStringTest1000 (96022.24851977557,96022.25 zł)" storage="c:\projekty\mstestproject\bin\debug\netcoreapp3.1\mstestproject.dll" id="56c033e5-cbbf-45fb-b223-139048ea172e">
      <TestCategory>
        <TestCategoryItem TestCategory="Category1000" />
      </TestCategory>
      <Execution id="43d55bdd-7540-4694-8aa4-246e6f08af24" />
      <TestMethod codeBase="C:\Projekty\MSTestProject\bin\Debug\netcoreapp3.1\MSTestProject.dll" adapterTypeName="executor://mstestadapter/v2" className="TwojeWesele.Services.Helpers.Tests.CurrencyHelperTests" name="FormatToStringTest1000" />
    </UnitTest>
    <UnitTest name="FormatToStringTest1000 (64490.52771614982,64490.53 zł)" storage="c:\projekty\mstestproject\bin\debug\netcoreapp3.1\mstestproject.dll" id="b9d916f0-f942-49f5-8ee2-6f90557db43f">
      <TestCategory>
        <TestCategoryItem TestCategory="Category1000" />
      </TestCategory>
      <Execution id="aa0d74d3-8669-425c-b2a0-f57a3d8f5dc8" />
      <TestMethod codeBase="C:\Projekty\MSTestProject\bin\Debug\netcoreapp3.1\MSTestProject.dll" adapterTypeName="executor://mstestadapter/v2" className="TwojeWesele.Services.Helpers.Tests.CurrencyHelperTests" name="FormatToStringTest1000" />
    </UnitTest>
    <UnitTest name="FormatToStringTest1000 (12118.31777677048,12118.32 zł)" storage="c:\projekty\mstestproject\bin\debug\netcoreapp3.1\mstestproject.dll" id="db75e965-f261-481c-b046-6dcff4d9b695">
      <TestCategory>
        <TestCategoryItem TestCategory="Category1000" />
      </TestCategory>
      <Execution id="6ac1b200-c25f-46fa-a0a0-f96226e6eb2e" />
      <TestMethod codeBase="C:\Projekty\MSTestProject\bin\Debug\netcoreapp3.1\MSTestProject.dll" adapterTypeName="executor://mstestadapter/v2" className="TwojeWesele.Services.Helpers.Tests.CurrencyHelperTests" name="FormatToStringTest1000" />
    </UnitTest>
    <UnitTest name="FormatToStringTest1000 (29845.02749849345,29845.03 zł)" storage="c:\projekty\mstestproject\bin\debug\netcoreapp3.1\mstestproject.dll" id="497a5dc2-28fe-4379-998e-e3414942a798">
      <TestCategory>
        <TestCategoryItem TestCategory="Category1000" />
      </TestCategory>
      <Execution id="aef4cff5-79f3-4504-8b11-827ca3704a86" />
      <TestMethod codeBase="C:\Projekty\MSTestProject\bin\Debug\netcoreapp3.1\MSTestProject.dll" adapterTypeName="executor://mstestadapter/v2" className="TwojeWesele.Services.Helpers.Tests.CurrencyHelperTests" name="FormatToStringTest1000" />
    </UnitTest>
    <UnitTest name="FormatToStringTest1000 (22678.795878462864,22678.80 zł)" storage="c:\projekty\mstestproject\bin\debug\netcoreapp3.1\mstestproject.dll" id="eb3e2cf5-a0ed-4a5e-a97f-55a3ad391e87">
      <TestCategory>
        <TestCategoryItem TestCategory="Category1000" />
      </TestCategory>
      <Execution id="fea0b3ef-6c66-45b4-84a5-c1e5b4d49d94" />
      <TestMethod codeBase="C:\Projekty\MSTestProject\bin\Debug\netcoreapp3.1\MSTestProject.dll" adapterTypeName="executor://mstestadapter/v2" className="TwojeWesele.Services.Helpers.Tests.CurrencyHelperTests" name="FormatToStringTest1000" />
    </UnitTest>
    <UnitTest name="FormatToStringTest1000 (26686.08488193065,26686.08 zł)" storage="c:\projekty\mstestproject\bin\debug\netcoreapp3.1\mstestproject.dll" id="5ba19b49-56b4-4461-988d-31ddfed58482">
      <TestCategory>
        <TestCategoryItem TestCategory="Category1000" />
      </TestCategory>
      <Execution id="cc6cae67-4f99-4021-b9f9-5de98647dbcd" />
      <TestMethod codeBase="C:\Projekty\MSTestProject\bin\Debug\netcoreapp3.1\MSTestProject.dll" adapterTypeName="executor://mstestadapter/v2" className="TwojeWesele.Services.Helpers.Tests.CurrencyHelperTests" name="FormatToStringTest1000" />
    </UnitTest>
    <UnitTest name="FormatToStringTest1000 (19463.08761954917,19463.09 zł)" storage="c:\projekty\mstestproject\bin\debug\netcoreapp3.1\mstestproject.dll" id="189b8d1b-fb3a-4b96-8cf5-922118ae6081">
      <TestCategory>
        <TestCategoryItem TestCategory="Category1000" />
      </TestCategory>
      <Execution id="e870edb6-9750-4764-9557-c79e828b156d" />
      <TestMethod codeBase="C:\Projekty\MSTestProject\bin\Debug\netcoreapp3.1\MSTestProject.dll" adapterTypeName="executor://mstestadapter/v2" className="TwojeWesele.Services.Helpers.Tests.CurrencyHelperTests" name="FormatToStringTest1000" />
    </UnitTest>
    <UnitTest name="FormatToStringTest1000 (51632.87002968503,51632.87 zł)" storage="c:\projekty\mstestproject\bin\debug\netcoreapp3.1\mstestproject.dll" id="e2d8f75e-9799-45cf-92b8-941f8ec23a80">
      <TestCategory>
        <TestCategoryItem TestCategory="Category1000" />
      </TestCategory>
      <Execution id="68dca9de-54b3-4c1f-9a2d-0568126afc57" />
      <TestMethod codeBase="C:\Projekty\MSTestProject\bin\Debug\netcoreapp3.1\MSTestProject.dll" adapterTypeName="executor://mstestadapter/v2" className="TwojeWesele.Services.Helpers.Tests.CurrencyHelperTests" name="FormatToStringTest1000" />
    </UnitTest>
    <UnitTest name="FormatToStringTest1000 (73504.44700518598,73504.45 zł)" storage="c:\projekty\mstestproject\bin\debug\netcoreapp3.1\mstestproject.dll" id="0f94d568-f70e-4066-a466-1978ff8c9cee">
      <TestCategory>
        <TestCategoryItem TestCategory="Category1000" />
      </TestCategory>
      <Execution id="1d02aac7-a5ce-4b02-8b58-e484355c1b79" />
      <TestMethod codeBase="C:\Projekty\MSTestProject\bin\Debug\netcoreapp3.1\MSTestProject.dll" adapterTypeName="executor://mstestadapter/v2" className="TwojeWesele.Services.Helpers.Tests.CurrencyHelperTests" name="FormatToStringTest1000" />
    </UnitTest>
    <UnitTest name="FormatToStringTest1000 (79339.95632144621,79339.96 zł)" storage="c:\projekty\mstestproject\bin\debug\netcoreapp3.1\mstestproject.dll" id="6cf6cd6e-166e-4857-862f-0f6ba1d83da3">
      <TestCategory>
        <TestCategoryItem TestCategory="Category1000" />
      </TestCategory>
      <Execution id="fa2e2955-04bc-46c6-9f27-bd17a77f69a6" />
      <TestMethod codeBase="C:\Projekty\MSTestProject\bin\Debug\netcoreapp3.1\MSTestProject.dll" adapterTypeName="executor://mstestadapter/v2" className="TwojeWesele.Services.Helpers.Tests.CurrencyHelperTests" name="FormatToStringTest1000" />
    </UnitTest>
    <UnitTest name="FormatToStringTest1000 (31971.185406704986,31971.19 zł)" storage="c:\projekty\mstestproject\bin\debug\netcoreapp3.1\mstestproject.dll" id="a9836c49-f2c4-41a5-a79c-790dd15d36d8">
      <TestCategory>
        <TestCategoryItem TestCategory="Category1000" />
      </TestCategory>
      <Execution id="a54e19f0-608a-468c-b67c-96dcab1c02fa" />
      <TestMethod codeBase="C:\Projekty\MSTestProject\bin\Debug\netcoreapp3.1\MSTestProject.dll" adapterTypeName="executor://mstestadapter/v2" className="TwojeWesele.Services.Helpers.Tests.CurrencyHelperTests" name="FormatToStringTest1000" />
    </UnitTest>
    <UnitTest name="FormatToStringTest1000 (5870.791169434223,5870.79 zł)" storage="c:\projekty\mstestproject\bin\debug\netcoreapp3.1\mstestproject.dll" id="e770cafe-907a-45dd-8968-1f2019808e2e">
      <TestCategory>
        <TestCategoryItem TestCategory="Category1000" />
      </TestCategory>
      <Execution id="3818809d-ffbd-4b96-a29a-10be4b52bb66" />
      <TestMethod codeBase="C:\Projekty\MSTestProject\bin\Debug\netcoreapp3.1\MSTestProject.dll" adapterTypeName="executor://mstestadapter/v2" className="TwojeWesele.Services.Helpers.Tests.CurrencyHelperTests" name="FormatToStringTest1000" />
    </UnitTest>
    <UnitTest name="FormatToStringTest1000 (22533.17694295811,22533.18 zł)" storage="c:\projekty\mstestproject\bin\debug\netcoreapp3.1\mstestproject.dll" id="a54efda0-2769-4030-8e54-1609343cf185">
      <TestCategory>
        <TestCategoryItem TestCategory="Category1000" />
      </TestCategory>
      <Execution id="b9a67fc1-d491-4d3c-aceb-a6eebf6a04de" />
      <TestMethod codeBase="C:\Projekty\MSTestProject\bin\Debug\netcoreapp3.1\MSTestProject.dll" adapterTypeName="executor://mstestadapter/v2" className="TwojeWesele.Services.Helpers.Tests.CurrencyHelperTests" name="FormatToStringTest1000" />
    </UnitTest>
    <UnitTest name="FormatToStringTest1000 (38253.101637909705,38253.10 zł)" storage="c:\projekty\mstestproject\bin\debug\netcoreapp3.1\mstestproject.dll" id="eaf10381-5bd0-4767-a7c5-02cf2d7a5bda">
      <TestCategory>
        <TestCategoryItem TestCategory="Category1000" />
      </TestCategory>
      <Execution id="38e06b3e-32f9-4c90-bf59-fa991bb4a3d2" />
      <TestMethod codeBase="C:\Projekty\MSTestProject\bin\Debug\netcoreapp3.1\MSTestProject.dll" adapterTypeName="executor://mstestadapter/v2" className="TwojeWesele.Services.Helpers.Tests.CurrencyHelperTests" name="FormatToStringTest1000" />
    </UnitTest>
    <UnitTest name="FormatToStringTest1000 (14100.01255469211,14100.01 zł)" storage="c:\projekty\mstestproject\bin\debug\netcoreapp3.1\mstestproject.dll" id="9a274993-89cf-4520-8407-aa7b3f03e427">
      <TestCategory>
        <TestCategoryItem TestCategory="Category1000" />
      </TestCategory>
      <Execution id="6947dc1c-1899-478e-a114-9056a3b57f70" />
      <TestMethod codeBase="C:\Projekty\MSTestProject\bin\Debug\netcoreapp3.1\MSTestProject.dll" adapterTypeName="executor://mstestadapter/v2" className="TwojeWesele.Services.Helpers.Tests.CurrencyHelperTests" name="FormatToStringTest1000" />
    </UnitTest>
    <UnitTest name="FormatToStringTest1000 (8492.904747505161,8492.90 zł)" storage="c:\projekty\mstestproject\bin\debug\netcoreapp3.1\mstestproject.dll" id="f1b2e85d-f36a-4194-b966-51239bc49db1">
      <TestCategory>
        <TestCategoryItem TestCategory="Category1000" />
      </TestCategory>
      <Execution id="5f43095d-8d5d-4fa1-99db-df30c8a69c34" />
      <TestMethod codeBase="C:\Projekty\MSTestProject\bin\Debug\netcoreapp3.1\MSTestProject.dll" adapterTypeName="executor://mstestadapter/v2" className="TwojeWesele.Services.Helpers.Tests.CurrencyHelperTests" name="FormatToStringTest1000" />
    </UnitTest>
    <UnitTest name="FormatToStringTest1000 (36211.11038300866,36211.11 zł)" storage="c:\projekty\mstestproject\bin\debug\netcoreapp3.1\mstestproject.dll" id="9f48d6a8-1365-4c55-b545-beb0a5f3d9ae">
      <TestCategory>
        <TestCategoryItem TestCategory="Category1000" />
      </TestCategory>
      <Execution id="dae5a756-c431-44f9-8953-df09dbc13cf5" />
      <TestMethod codeBase="C:\Projekty\MSTestProject\bin\Debug\netcoreapp3.1\MSTestProject.dll" adapterTypeName="executor://mstestadapter/v2" className="TwojeWesele.Services.Helpers.Tests.CurrencyHelperTests" name="FormatToStringTest1000" />
    </UnitTest>
    <UnitTest name="FormatToStringTest1000 (10174.652801423637,10174.65 zł)" storage="c:\projekty\mstestproject\bin\debug\netcoreapp3.1\mstestproject.dll" id="1e4efba3-08b1-4027-9b36-23903d72f111">
      <TestCategory>
        <TestCategoryItem TestCategory="Category1000" />
      </TestCategory>
      <Execution id="95ef96eb-80e8-405f-83cd-0aa0251a071a" />
      <TestMethod codeBase="C:\Projekty\MSTestProject\bin\Debug\netcoreapp3.1\MSTestProject.dll" adapterTypeName="executor://mstestadapter/v2" className="TwojeWesele.Services.Helpers.Tests.CurrencyHelperTests" name="FormatToStringTest1000" />
    </UnitTest>
    <UnitTest name="FormatToStringTest1000 (28972.23604401212,28972.24 zł)" storage="c:\projekty\mstestproject\bin\debug\netcoreapp3.1\mstestproject.dll" id="0968ba27-55a4-462f-a607-8f90840f109a">
      <TestCategory>
        <TestCategoryItem TestCategory="Category1000" />
      </TestCategory>
      <Execution id="6b510817-2e74-40f4-87bc-a9132022d77e" />
      <TestMethod codeBase="C:\Projekty\MSTestProject\bin\Debug\netcoreapp3.1\MSTestProject.dll" adapterTypeName="executor://mstestadapter/v2" className="TwojeWesele.Services.Helpers.Tests.CurrencyHelperTests" name="FormatToStringTest1000" />
    </UnitTest>
    <UnitTest name="FormatToStringTest1000 (743.047944508981,743.05 zł)" storage="c:\projekty\mstestproject\bin\debug\netcoreapp3.1\mstestproject.dll" id="62726eb2-b9fb-4299-b31f-8b5af4aeed18">
      <TestCategory>
        <TestCategoryItem TestCategory="Category1000" />
      </TestCategory>
      <Execution id="f7e8fa57-deb2-4734-b459-bbfc35a8f0a3" />
      <TestMethod codeBase="C:\Projekty\MSTestProject\bin\Debug\netcoreapp3.1\MSTestProject.dll" adapterTypeName="executor://mstestadapter/v2" className="TwojeWesele.Services.Helpers.Tests.CurrencyHelperTests" name="FormatToStringTest1000" />
    </UnitTest>
    <UnitTest name="FormatToStringTest1000 (9068.70019550468,9068.70 zł)" storage="c:\projekty\mstestproject\bin\debug\netcoreapp3.1\mstestproject.dll" id="38e68c66-6a2b-4765-b09a-05baa51aea75">
      <TestCategory>
        <TestCategoryItem TestCategory="Category1000" />
      </TestCategory>
      <Execution id="24c45d2c-4f5a-498c-a810-325b48b7490b" />
      <TestMethod codeBase="C:\Projekty\MSTestProject\bin\Debug\netcoreapp3.1\MSTestProject.dll" adapterTypeName="executor://mstestadapter/v2" className="TwojeWesele.Services.Helpers.Tests.CurrencyHelperTests" name="FormatToStringTest1000" />
    </UnitTest>
    <UnitTest name="FormatToStringTest1000 (2298.0331723829886,2298.03 zł)" storage="c:\projekty\mstestproject\bin\debug\netcoreapp3.1\mstestproject.dll" id="8f460dfa-fe71-4b8c-b478-b20ffa6b006e">
      <TestCategory>
        <TestCategoryItem TestCategory="Category1000" />
      </TestCategory>
      <Execution id="c1646770-5ce9-44fa-a2cd-2ccffe08cd47" />
      <TestMethod codeBase="C:\Projekty\MSTestProject\bin\Debug\netcoreapp3.1\MSTestProject.dll" adapterTypeName="executor://mstestadapter/v2" className="TwojeWesele.Services.Helpers.Tests.CurrencyHelperTests" name="FormatToStringTest1000" />
    </UnitTest>
    <UnitTest name="FormatToStringTest1000 (3649.9254912836127,3649.93 zł)" storage="c:\projekty\mstestproject\bin\debug\netcoreapp3.1\mstestproject.dll" id="ed5d32aa-20a5-4d27-87e7-d1ffd7054e09">
      <TestCategory>
        <TestCategoryItem TestCategory="Category1000" />
      </TestCategory>
      <Execution id="02a965ca-5948-4836-94cc-2868aab638f6" />
      <TestMethod codeBase="C:\Projekty\MSTestProject\bin\Debug\netcoreapp3.1\MSTestProject.dll" adapterTypeName="executor://mstestadapter/v2" className="TwojeWesele.Services.Helpers.Tests.CurrencyHelperTests" name="FormatToStringTest1000" />
    </UnitTest>
    <UnitTest name="FormatToStringTest1000 (10457.593086045978,10457.59 zł)" storage="c:\projekty\mstestproject\bin\debug\netcoreapp3.1\mstestproject.dll" id="d2d60e94-d0cd-49da-9d5e-92821eb4c449">
      <TestCategory>
        <TestCategoryItem TestCategory="Category1000" />
      </TestCategory>
      <Execution id="4192e896-1879-4793-b75a-ca6de8e8fc06" />
      <TestMethod codeBase="C:\Projekty\MSTestProject\bin\Debug\netcoreapp3.1\MSTestProject.dll" adapterTypeName="executor://mstestadapter/v2" className="TwojeWesele.Services.Helpers.Tests.CurrencyHelperTests" name="FormatToStringTest1000" />
    </UnitTest>
    <UnitTest name="FormatToStringTest1000 (70771.4436677524,70771.44 zł)" storage="c:\projekty\mstestproject\bin\debug\netcoreapp3.1\mstestproject.dll" id="2bc6b71d-f5b5-4c9a-94a5-26b7d6475a5d">
      <TestCategory>
        <TestCategoryItem TestCategory="Category1000" />
      </TestCategory>
      <Execution id="51c3e528-0519-4711-b116-f3e5ec9d38a8" />
      <TestMethod codeBase="C:\Projekty\MSTestProject\bin\Debug\netcoreapp3.1\MSTestProject.dll" adapterTypeName="executor://mstestadapter/v2" className="TwojeWesele.Services.Helpers.Tests.CurrencyHelperTests" name="FormatToStringTest1000" />
    </UnitTest>
    <UnitTest name="FormatToStringTest1000 (15907.394871033446,15907.39 zł)" storage="c:\projekty\mstestproject\bin\debug\netcoreapp3.1\mstestproject.dll" id="e68401fa-4aa7-4688-bd98-9d69ab02faa8">
      <TestCategory>
        <TestCategoryItem TestCategory="Category1000" />
      </TestCategory>
      <Execution id="a27bf703-4614-4820-ab14-9b3934174212" />
      <TestMethod codeBase="C:\Projekty\MSTestProject\bin\Debug\netcoreapp3.1\MSTestProject.dll" adapterTypeName="executor://mstestadapter/v2" className="TwojeWesele.Services.Helpers.Tests.CurrencyHelperTests" name="FormatToStringTest1000" />
    </UnitTest>
    <UnitTest name="FormatToStringTest1000 (30578.687538491416,30578.69 zł)" storage="c:\projekty\mstestproject\bin\debug\netcoreapp3.1\mstestproject.dll" id="64ce8864-bd20-4084-b004-898b341b4373">
      <TestCategory>
        <TestCategoryItem TestCategory="Category1000" />
      </TestCategory>
      <Execution id="17240d4b-f758-415e-8ad8-cc2693400931" />
      <TestMethod codeBase="C:\Projekty\MSTestProject\bin\Debug\netcoreapp3.1\MSTestProject.dll" adapterTypeName="executor://mstestadapter/v2" className="TwojeWesele.Services.Helpers.Tests.CurrencyHelperTests" name="FormatToStringTest1000" />
    </UnitTest>
    <UnitTest name="FormatToStringTest1000 (3270.482477338743,3270.48 zł)" storage="c:\projekty\mstestproject\bin\debug\netcoreapp3.1\mstestproject.dll" id="a061a0f0-a768-4c4c-86ec-cd98dbd4aaab">
      <TestCategory>
        <TestCategoryItem TestCategory="Category1000" />
      </TestCategory>
      <Execution id="aa8c3d5a-7cea-48dd-854d-ed32da40f760" />
      <TestMethod codeBase="C:\Projekty\MSTestProject\bin\Debug\netcoreapp3.1\MSTestProject.dll" adapterTypeName="executor://mstestadapter/v2" className="TwojeWesele.Services.Helpers.Tests.CurrencyHelperTests" name="FormatToStringTest1000" />
    </UnitTest>
    <UnitTest name="FormatToStringTest1000 (46803.36433423374,46803.36 zł)" storage="c:\projekty\mstestproject\bin\debug\netcoreapp3.1\mstestproject.dll" id="49f90e52-2e42-43d8-a9ef-57ab641a2c9e">
      <TestCategory>
        <TestCategoryItem TestCategory="Category1000" />
      </TestCategory>
      <Execution id="a3147fe8-47bc-4b20-8c43-4968fd0e8a15" />
      <TestMethod codeBase="C:\Projekty\MSTestProject\bin\Debug\netcoreapp3.1\MSTestProject.dll" adapterTypeName="executor://mstestadapter/v2" className="TwojeWesele.Services.Helpers.Tests.CurrencyHelperTests" name="FormatToStringTest1000" />
    </UnitTest>
    <UnitTest name="FormatToStringTest1000 (643.3550376181281,643.36 zł)" storage="c:\projekty\mstestproject\bin\debug\netcoreapp3.1\mstestproject.dll" id="81723daa-2f18-4213-b964-476d8ed77302">
      <TestCategory>
        <TestCategoryItem TestCategory="Category1000" />
      </TestCategory>
      <Execution id="0a15a6bd-7ac8-4352-9443-c09d115ece03" />
      <TestMethod codeBase="C:\Projekty\MSTestProject\bin\Debug\netcoreapp3.1\MSTestProject.dll" adapterTypeName="executor://mstestadapter/v2" className="TwojeWesele.Services.Helpers.Tests.CurrencyHelperTests" name="FormatToStringTest1000" />
    </UnitTest>
    <UnitTest name="FormatToStringTest1000 (20116.958341299072,20116.96 zł)" storage="c:\projekty\mstestproject\bin\debug\netcoreapp3.1\mstestproject.dll" id="25a887f7-e301-45b0-bcf1-84c3f2ade821">
      <TestCategory>
        <TestCategoryItem TestCategory="Category1000" />
      </TestCategory>
      <Execution id="9cc53459-cc98-4007-a95d-e243b4deecb1" />
      <TestMethod codeBase="C:\Projekty\MSTestProject\bin\Debug\netcoreapp3.1\MSTestProject.dll" adapterTypeName="executor://mstestadapter/v2" className="TwojeWesele.Services.Helpers.Tests.CurrencyHelperTests" name="FormatToStringTest1000" />
    </UnitTest>
    <UnitTest name="FormatToStringTest1000 (1011.9989482094529,1012.00 zł)" storage="c:\projekty\mstestproject\bin\debug\netcoreapp3.1\mstestproject.dll" id="33c8ee7f-cdb1-4235-9452-cc8c3f40e68f">
      <TestCategory>
        <TestCategoryItem TestCategory="Category1000" />
      </TestCategory>
      <Execution id="a252a1c2-c097-4932-b9d2-a4e6a85a2752" />
      <TestMethod codeBase="C:\Projekty\MSTestProject\bin\Debug\netcoreapp3.1\MSTestProject.dll" adapterTypeName="executor://mstestadapter/v2" className="TwojeWesele.Services.Helpers.Tests.CurrencyHelperTests" name="FormatToStringTest1000" />
    </UnitTest>
    <UnitTest name="FormatToStringTest1000 (22743.19734205827,22743.20 zł)" storage="c:\projekty\mstestproject\bin\debug\netcoreapp3.1\mstestproject.dll" id="eaa350e4-1f6d-4f9f-aab4-0cd124dc72e4">
      <TestCategory>
        <TestCategoryItem TestCategory="Category1000" />
      </TestCategory>
      <Execution id="0883b26b-47a6-436a-85f4-0e40d8c2f4f9" />
      <TestMethod codeBase="C:\Projekty\MSTestProject\bin\Debug\netcoreapp3.1\MSTestProject.dll" adapterTypeName="executor://mstestadapter/v2" className="TwojeWesele.Services.Helpers.Tests.CurrencyHelperTests" name="FormatToStringTest1000" />
    </UnitTest>
    <UnitTest name="FormatToStringTest1000 (18490.912787030877,18490.91 zł)" storage="c:\projekty\mstestproject\bin\debug\netcoreapp3.1\mstestproject.dll" id="c1cc96f3-3e58-4f95-93ab-590ba003315b">
      <TestCategory>
        <TestCategoryItem TestCategory="Category1000" />
      </TestCategory>
      <Execution id="d0ff0942-d5c0-4848-96a8-a72ca2ed73fa" />
      <TestMethod codeBase="C:\Projekty\MSTestProject\bin\Debug\netcoreapp3.1\MSTestProject.dll" adapterTypeName="executor://mstestadapter/v2" className="TwojeWesele.Services.Helpers.Tests.CurrencyHelperTests" name="FormatToStringTest1000" />
    </UnitTest>
    <UnitTest name="FormatToStringTest1000 (12283.48626129026,12283.49 zł)" storage="c:\projekty\mstestproject\bin\debug\netcoreapp3.1\mstestproject.dll" id="5cef70b4-b093-4163-b09e-af488885f130">
      <TestCategory>
        <TestCategoryItem TestCategory="Category1000" />
      </TestCategory>
      <Execution id="1d676f9a-e797-4068-a273-76407c0daeda" />
      <TestMethod codeBase="C:\Projekty\MSTestProject\bin\Debug\netcoreapp3.1\MSTestProject.dll" adapterTypeName="executor://mstestadapter/v2" className="TwojeWesele.Services.Helpers.Tests.CurrencyHelperTests" name="FormatToStringTest1000" />
    </UnitTest>
    <UnitTest name="FormatToStringTest1000 (16030.852371789913,16030.85 zł)" storage="c:\projekty\mstestproject\bin\debug\netcoreapp3.1\mstestproject.dll" id="401de33c-d6c6-4742-af1d-b0689384a422">
      <TestCategory>
        <TestCategoryItem TestCategory="Category1000" />
      </TestCategory>
      <Execution id="68cb4cfb-8d2e-4b7a-a7f5-65314379d64c" />
      <TestMethod codeBase="C:\Projekty\MSTestProject\bin\Debug\netcoreapp3.1\MSTestProject.dll" adapterTypeName="executor://mstestadapter/v2" className="TwojeWesele.Services.Helpers.Tests.CurrencyHelperTests" name="FormatToStringTest1000" />
    </UnitTest>
    <UnitTest name="FormatToStringTest1000 (29508.077101491428,29508.08 zł)" storage="c:\projekty\mstestproject\bin\debug\netcoreapp3.1\mstestproject.dll" id="aaba47fc-1581-44a8-ae9c-27e43b9c631d">
      <TestCategory>
        <TestCategoryItem TestCategory="Category1000" />
      </TestCategory>
      <Execution id="2fc9e0fe-b276-4f5e-b162-83006071b472" />
      <TestMethod codeBase="C:\Projekty\MSTestProject\bin\Debug\netcoreapp3.1\MSTestProject.dll" adapterTypeName="executor://mstestadapter/v2" className="TwojeWesele.Services.Helpers.Tests.CurrencyHelperTests" name="FormatToStringTest1000" />
    </UnitTest>
    <UnitTest name="FormatToStringTest1000 (18794.859523484418,18794.86 zł)" storage="c:\projekty\mstestproject\bin\debug\netcoreapp3.1\mstestproject.dll" id="7f17358a-deda-4f2a-8e44-67aa43e2320c">
      <TestCategory>
        <TestCategoryItem TestCategory="Category1000" />
      </TestCategory>
      <Execution id="7d4c0524-ed60-4cc6-bebf-a1a9ac869baa" />
      <TestMethod codeBase="C:\Projekty\MSTestProject\bin\Debug\netcoreapp3.1\MSTestProject.dll" adapterTypeName="executor://mstestadapter/v2" className="TwojeWesele.Services.Helpers.Tests.CurrencyHelperTests" name="FormatToStringTest1000" />
    </UnitTest>
    <UnitTest name="FormatToStringTest1000 (5254.6338787505565,5254.63 zł)" storage="c:\projekty\mstestproject\bin\debug\netcoreapp3.1\mstestproject.dll" id="019dec42-efc4-45e0-9113-c96cb7b056ac">
      <TestCategory>
        <TestCategoryItem TestCategory="Category1000" />
      </TestCategory>
      <Execution id="5edbf821-5c7e-497d-8960-3d0cda0b390b" />
      <TestMethod codeBase="C:\Projekty\MSTestProject\bin\Debug\netcoreapp3.1\MSTestProject.dll" adapterTypeName="executor://mstestadapter/v2" className="TwojeWesele.Services.Helpers.Tests.CurrencyHelperTests" name="FormatToStringTest1000" />
    </UnitTest>
    <UnitTest name="FormatToStringTest1000 (3270.286035661719,3270.29 zł)" storage="c:\projekty\mstestproject\bin\debug\netcoreapp3.1\mstestproject.dll" id="8bc63028-17a9-4877-958b-1a52931ecb57">
      <TestCategory>
        <TestCategoryItem TestCategory="Category1000" />
      </TestCategory>
      <Execution id="78103754-f65f-4c13-a1fa-6cab731e21c8" />
      <TestMethod codeBase="C:\Projekty\MSTestProject\bin\Debug\netcoreapp3.1\MSTestProject.dll" adapterTypeName="executor://mstestadapter/v2" className="TwojeWesele.Services.Helpers.Tests.CurrencyHelperTests" name="FormatToStringTest1000" />
    </UnitTest>
    <UnitTest name="FormatToStringTest1000 (8542.520616738833,8542.52 zł)" storage="c:\projekty\mstestproject\bin\debug\netcoreapp3.1\mstestproject.dll" id="e6f507b2-a710-4f74-b288-866ee02f770b">
      <TestCategory>
        <TestCategoryItem TestCategory="Category1000" />
      </TestCategory>
      <Execution id="b17ffa85-1b78-4092-96e8-836986cdc333" />
      <TestMethod codeBase="C:\Projekty\MSTestProject\bin\Debug\netcoreapp3.1\MSTestProject.dll" adapterTypeName="executor://mstestadapter/v2" className="TwojeWesele.Services.Helpers.Tests.CurrencyHelperTests" name="FormatToStringTest1000" />
    </UnitTest>
    <UnitTest name="FormatToStringTest1000 (12370.243090209198,12370.24 zł)" storage="c:\projekty\mstestproject\bin\debug\netcoreapp3.1\mstestproject.dll" id="3f56db31-7f86-4360-95ea-1c832dbc2d42">
      <TestCategory>
        <TestCategoryItem TestCategory="Category1000" />
      </TestCategory>
      <Execution id="63441c2b-ae32-43aa-99d1-d71b35de21bd" />
      <TestMethod codeBase="C:\Projekty\MSTestProject\bin\Debug\netcoreapp3.1\MSTestProject.dll" adapterTypeName="executor://mstestadapter/v2" className="TwojeWesele.Services.Helpers.Tests.CurrencyHelperTests" name="FormatToStringTest1000" />
    </UnitTest>
    <UnitTest name="FormatToStringTest1000 (21785.42157155528,21785.42 zł)" storage="c:\projekty\mstestproject\bin\debug\netcoreapp3.1\mstestproject.dll" id="1c2f07d6-8f43-44f6-b5af-611de1d761d9">
      <TestCategory>
        <TestCategoryItem TestCategory="Category1000" />
      </TestCategory>
      <Execution id="bd76e5f7-661d-4848-8480-2c497c0842d6" />
      <TestMethod codeBase="C:\Projekty\MSTestProject\bin\Debug\netcoreapp3.1\MSTestProject.dll" adapterTypeName="executor://mstestadapter/v2" className="TwojeWesele.Services.Helpers.Tests.CurrencyHelperTests" name="FormatToStringTest1000" />
    </UnitTest>
    <UnitTest name="FormatToStringTest1000 (35905.47425787219,35905.47 zł)" storage="c:\projekty\mstestproject\bin\debug\netcoreapp3.1\mstestproject.dll" id="37570542-a94e-4e69-9353-1615014bbd44">
      <TestCategory>
        <TestCategoryItem TestCategory="Category1000" />
      </TestCategory>
      <Execution id="26976c12-cb03-45e6-8df5-4dd338cbbee0" />
      <TestMethod codeBase="C:\Projekty\MSTestProject\bin\Debug\netcoreapp3.1\MSTestProject.dll" adapterTypeName="executor://mstestadapter/v2" className="TwojeWesele.Services.Helpers.Tests.CurrencyHelperTests" name="FormatToStringTest1000" />
    </UnitTest>
    <UnitTest name="FormatToStringTest1000 (52858.048916166204,52858.05 zł)" storage="c:\projekty\mstestproject\bin\debug\netcoreapp3.1\mstestproject.dll" id="d31effd5-5242-4bee-b76c-e7a06fa35fcd">
      <TestCategory>
        <TestCategoryItem TestCategory="Category1000" />
      </TestCategory>
      <Execution id="0a352a82-b2da-4b0f-ad3a-32ce212de854" />
      <TestMethod codeBase="C:\Projekty\MSTestProject\bin\Debug\netcoreapp3.1\MSTestProject.dll" adapterTypeName="executor://mstestadapter/v2" className="TwojeWesele.Services.Helpers.Tests.CurrencyHelperTests" name="FormatToStringTest1000" />
    </UnitTest>
    <UnitTest name="FormatToStringTest1000 (7671.0039663785155,7671.00 zł)" storage="c:\projekty\mstestproject\bin\debug\netcoreapp3.1\mstestproject.dll" id="eb018d9f-79e0-4f3c-ae29-86f6c4e44f7b">
      <TestCategory>
        <TestCategoryItem TestCategory="Category1000" />
      </TestCategory>
      <Execution id="d861f373-a02b-420d-b441-0c775653dd62" />
      <TestMethod codeBase="C:\Projekty\MSTestProject\bin\Debug\netcoreapp3.1\MSTestProject.dll" adapterTypeName="executor://mstestadapter/v2" className="TwojeWesele.Services.Helpers.Tests.CurrencyHelperTests" name="FormatToStringTest1000" />
    </UnitTest>
    <UnitTest name="FormatToStringTest1000 (56378.261944644735,56378.26 zł)" storage="c:\projekty\mstestproject\bin\debug\netcoreapp3.1\mstestproject.dll" id="e029c5c3-130b-40a6-8215-75f9e9cce8c9">
      <TestCategory>
        <TestCategoryItem TestCategory="Category1000" />
      </TestCategory>
      <Execution id="141f7e60-ad2d-415b-9119-49de12148306" />
      <TestMethod codeBase="C:\Projekty\MSTestProject\bin\Debug\netcoreapp3.1\MSTestProject.dll" adapterTypeName="executor://mstestadapter/v2" className="TwojeWesele.Services.Helpers.Tests.CurrencyHelperTests" name="FormatToStringTest1000" />
    </UnitTest>
    <UnitTest name="FormatToStringTest1000 (66541.05112730109,66541.05 zł)" storage="c:\projekty\mstestproject\bin\debug\netcoreapp3.1\mstestproject.dll" id="784e21d6-920a-4625-af96-249ef7343d63">
      <TestCategory>
        <TestCategoryItem TestCategory="Category1000" />
      </TestCategory>
      <Execution id="cff02391-3015-4edf-97c1-e084f5d67dec" />
      <TestMethod codeBase="C:\Projekty\MSTestProject\bin\Debug\netcoreapp3.1\MSTestProject.dll" adapterTypeName="executor://mstestadapter/v2" className="TwojeWesele.Services.Helpers.Tests.CurrencyHelperTests" name="FormatToStringTest1000" />
    </UnitTest>
    <UnitTest name="FormatToStringTest1000 (10324.538670147089,10324.54 zł)" storage="c:\projekty\mstestproject\bin\debug\netcoreapp3.1\mstestproject.dll" id="24b2ed23-d863-47b5-a540-fd804bdc74f0">
      <TestCategory>
        <TestCategoryItem TestCategory="Category1000" />
      </TestCategory>
      <Execution id="05fbd672-683e-4e2f-a66b-187cf49df84c" />
      <TestMethod codeBase="C:\Projekty\MSTestProject\bin\Debug\netcoreapp3.1\MSTestProject.dll" adapterTypeName="executor://mstestadapter/v2" className="TwojeWesele.Services.Helpers.Tests.CurrencyHelperTests" name="FormatToStringTest1000" />
    </UnitTest>
    <UnitTest name="FormatToStringTest1000 (20623.53139885493,20623.53 zł)" storage="c:\projekty\mstestproject\bin\debug\netcoreapp3.1\mstestproject.dll" id="f38cde6f-2145-48ff-9858-52a4599c48c6">
      <TestCategory>
        <TestCategoryItem TestCategory="Category1000" />
      </TestCategory>
      <Execution id="ba385264-1278-44fb-a480-d7c4a3d91d61" />
      <TestMethod codeBase="C:\Projekty\MSTestProject\bin\Debug\netcoreapp3.1\MSTestProject.dll" adapterTypeName="executor://mstestadapter/v2" className="TwojeWesele.Services.Helpers.Tests.CurrencyHelperTests" name="FormatToStringTest1000" />
    </UnitTest>
    <UnitTest name="FormatToStringTest1000 (57671.67669738675,57671.68 zł)" storage="c:\projekty\mstestproject\bin\debug\netcoreapp3.1\mstestproject.dll" id="1b88327d-6d87-4b60-b985-c00a0f08fa0b">
      <TestCategory>
        <TestCategoryItem TestCategory="Category1000" />
      </TestCategory>
      <Execution id="9dc39b9c-413b-49a0-ae01-9c5706bb3309" />
      <TestMethod codeBase="C:\Projekty\MSTestProject\bin\Debug\netcoreapp3.1\MSTestProject.dll" adapterTypeName="executor://mstestadapter/v2" className="TwojeWesele.Services.Helpers.Tests.CurrencyHelperTests" name="FormatToStringTest1000" />
    </UnitTest>
    <UnitTest name="FormatToStringTest1000 (44930.92203801075,44930.92 zł)" storage="c:\projekty\mstestproject\bin\debug\netcoreapp3.1\mstestproject.dll" id="09678018-a2c0-455b-949d-d4e27318a66a">
      <TestCategory>
        <TestCategoryItem TestCategory="Category1000" />
      </TestCategory>
      <Execution id="c4f67c6c-473b-45fe-9461-4c2d6a93cd61" />
      <TestMethod codeBase="C:\Projekty\MSTestProject\bin\Debug\netcoreapp3.1\MSTestProject.dll" adapterTypeName="executor://mstestadapter/v2" className="TwojeWesele.Services.Helpers.Tests.CurrencyHelperTests" name="FormatToStringTest1000" />
    </UnitTest>
    <UnitTest name="FormatToStringTest1000 (3588.260979617136,3588.26 zł)" storage="c:\projekty\mstestproject\bin\debug\netcoreapp3.1\mstestproject.dll" id="90c7c639-3673-48ae-9a51-0e1ef1fb9d31">
      <TestCategory>
        <TestCategoryItem TestCategory="Category1000" />
      </TestCategory>
      <Execution id="8d72a05e-8f0f-4a2e-9717-e584aaf857cb" />
      <TestMethod codeBase="C:\Projekty\MSTestProject\bin\Debug\netcoreapp3.1\MSTestProject.dll" adapterTypeName="executor://mstestadapter/v2" className="TwojeWesele.Services.Helpers.Tests.CurrencyHelperTests" name="FormatToStringTest1000" />
    </UnitTest>
    <UnitTest name="FormatToStringTest1000 (765.778932784581,765.78 zł)" storage="c:\projekty\mstestproject\bin\debug\netcoreapp3.1\mstestproject.dll" id="d322bd6c-c848-488e-8fb6-ebce38890e29">
      <TestCategory>
        <TestCategoryItem TestCategory="Category1000" />
      </TestCategory>
      <Execution id="0fd2fa90-c3b5-41db-8a1c-281a0c1f4b18" />
      <TestMethod codeBase="C:\Projekty\MSTestProject\bin\Debug\netcoreapp3.1\MSTestProject.dll" adapterTypeName="executor://mstestadapter/v2" className="TwojeWesele.Services.Helpers.Tests.CurrencyHelperTests" name="FormatToStringTest1000" />
    </UnitTest>
    <UnitTest name="FormatToStringTest1000 (27794.8671353957,27794.87 zł)" storage="c:\projekty\mstestproject\bin\debug\netcoreapp3.1\mstestproject.dll" id="d4c1b48b-1065-4dc7-b7af-8ccad84f1155">
      <TestCategory>
        <TestCategoryItem TestCategory="Category1000" />
      </TestCategory>
      <Execution id="e1f6fd9f-8928-4910-85d6-826dfef70391" />
      <TestMethod codeBase="C:\Projekty\MSTestProject\bin\Debug\netcoreapp3.1\MSTestProject.dll" adapterTypeName="executor://mstestadapter/v2" className="TwojeWesele.Services.Helpers.Tests.CurrencyHelperTests" name="FormatToStringTest1000" />
    </UnitTest>
    <UnitTest name="FormatToStringTest1000 (61422.228144277455,61422.23 zł)" storage="c:\projekty\mstestproject\bin\debug\netcoreapp3.1\mstestproject.dll" id="eb26ea91-8109-4033-b05f-daa394ea158b">
      <TestCategory>
        <TestCategoryItem TestCategory="Category1000" />
      </TestCategory>
      <Execution id="240497ec-f929-4c51-a93b-81ff949ed483" />
      <TestMethod codeBase="C:\Projekty\MSTestProject\bin\Debug\netcoreapp3.1\MSTestProject.dll" adapterTypeName="executor://mstestadapter/v2" className="TwojeWesele.Services.Helpers.Tests.CurrencyHelperTests" name="FormatToStringTest1000" />
    </UnitTest>
    <UnitTest name="FormatToStringTest1000 (26207.03715363659,26207.04 zł)" storage="c:\projekty\mstestproject\bin\debug\netcoreapp3.1\mstestproject.dll" id="10e06418-9d24-4346-b6c8-393aa90de039">
      <TestCategory>
        <TestCategoryItem TestCategory="Category1000" />
      </TestCategory>
      <Execution id="c0a1f0c9-ceec-46f4-8ecb-e1787ab2cc8a" />
      <TestMethod codeBase="C:\Projekty\MSTestProject\bin\Debug\netcoreapp3.1\MSTestProject.dll" adapterTypeName="executor://mstestadapter/v2" className="TwojeWesele.Services.Helpers.Tests.CurrencyHelperTests" name="FormatToStringTest1000" />
    </UnitTest>
    <UnitTest name="FormatToStringTest1000 (3043.6828298227315,3043.68 zł)" storage="c:\projekty\mstestproject\bin\debug\netcoreapp3.1\mstestproject.dll" id="df703b8f-cb9a-465b-9a12-c1821a0bd841">
      <TestCategory>
        <TestCategoryItem TestCategory="Category1000" />
      </TestCategory>
      <Execution id="dafada4a-be92-4256-93a1-7264d191c525" />
      <TestMethod codeBase="C:\Projekty\MSTestProject\bin\Debug\netcoreapp3.1\MSTestProject.dll" adapterTypeName="executor://mstestadapter/v2" className="TwojeWesele.Services.Helpers.Tests.CurrencyHelperTests" name="FormatToStringTest1000" />
    </UnitTest>
    <UnitTest name="FormatToStringTest1000 (76106.57198894516,76106.57 zł)" storage="c:\projekty\mstestproject\bin\debug\netcoreapp3.1\mstestproject.dll" id="bd146668-6d95-4429-8dc8-4b709719a74c">
      <TestCategory>
        <TestCategoryItem TestCategory="Category1000" />
      </TestCategory>
      <Execution id="80850b65-9c58-49b5-aea8-7a316a5b67c1" />
      <TestMethod codeBase="C:\Projekty\MSTestProject\bin\Debug\netcoreapp3.1\MSTestProject.dll" adapterTypeName="executor://mstestadapter/v2" className="TwojeWesele.Services.Helpers.Tests.CurrencyHelperTests" name="FormatToStringTest1000" />
    </UnitTest>
    <UnitTest name="FormatToStringTest1000 (21602.417596116393,21602.42 zł)" storage="c:\projekty\mstestproject\bin\debug\netcoreapp3.1\mstestproject.dll" id="8d5f53b9-3c26-43c5-b604-b26472c896e1">
      <TestCategory>
        <TestCategoryItem TestCategory="Category1000" />
      </TestCategory>
      <Execution id="43808d83-6903-4c37-8844-b547b6b6aafa" />
      <TestMethod codeBase="C:\Projekty\MSTestProject\bin\Debug\netcoreapp3.1\MSTestProject.dll" adapterTypeName="executor://mstestadapter/v2" className="TwojeWesele.Services.Helpers.Tests.CurrencyHelperTests" name="FormatToStringTest1000" />
    </UnitTest>
    <UnitTest name="FormatToStringTest1000 (4648.492795337221,4648.49 zł)" storage="c:\projekty\mstestproject\bin\debug\netcoreapp3.1\mstestproject.dll" id="08987a10-4e26-4460-b305-076227c22189">
      <TestCategory>
        <TestCategoryItem TestCategory="Category1000" />
      </TestCategory>
      <Execution id="c3ab459e-d292-4293-8455-5a19a0eb8040" />
      <TestMethod codeBase="C:\Projekty\MSTestProject\bin\Debug\netcoreapp3.1\MSTestProject.dll" adapterTypeName="executor://mstestadapter/v2" className="TwojeWesele.Services.Helpers.Tests.CurrencyHelperTests" name="FormatToStringTest1000" />
    </UnitTest>
    <UnitTest name="FormatToStringTest1000 (96261.84883437205,96261.85 zł)" storage="c:\projekty\mstestproject\bin\debug\netcoreapp3.1\mstestproject.dll" id="38747f57-cf42-4004-a53b-a6d95f8162d0">
      <TestCategory>
        <TestCategoryItem TestCategory="Category1000" />
      </TestCategory>
      <Execution id="defec38c-3124-45d7-97fa-92d7de03131a" />
      <TestMethod codeBase="C:\Projekty\MSTestProject\bin\Debug\netcoreapp3.1\MSTestProject.dll" adapterTypeName="executor://mstestadapter/v2" className="TwojeWesele.Services.Helpers.Tests.CurrencyHelperTests" name="FormatToStringTest1000" />
    </UnitTest>
    <UnitTest name="FormatToStringTest1000 (20482.32969107308,20482.33 zł)" storage="c:\projekty\mstestproject\bin\debug\netcoreapp3.1\mstestproject.dll" id="b54eb2b0-262d-4a12-80c8-3d243737d7fd">
      <TestCategory>
        <TestCategoryItem TestCategory="Category1000" />
      </TestCategory>
      <Execution id="6cc54b1b-c5ee-40be-83a0-0ff539c7b4b2" />
      <TestMethod codeBase="C:\Projekty\MSTestProject\bin\Debug\netcoreapp3.1\MSTestProject.dll" adapterTypeName="executor://mstestadapter/v2" className="TwojeWesele.Services.Helpers.Tests.CurrencyHelperTests" name="FormatToStringTest1000" />
    </UnitTest>
    <UnitTest name="FormatToStringTest1000 (1514.6266382441981,1514.63 zł)" storage="c:\projekty\mstestproject\bin\debug\netcoreapp3.1\mstestproject.dll" id="296aba4a-7aad-46c8-b711-cca7eebc6035">
      <TestCategory>
        <TestCategoryItem TestCategory="Category1000" />
      </TestCategory>
      <Execution id="b8be6cb6-a46b-448f-9a3c-1cb8fade78d6" />
      <TestMethod codeBase="C:\Projekty\MSTestProject\bin\Debug\netcoreapp3.1\MSTestProject.dll" adapterTypeName="executor://mstestadapter/v2" className="TwojeWesele.Services.Helpers.Tests.CurrencyHelperTests" name="FormatToStringTest1000" />
    </UnitTest>
    <UnitTest name="FormatToStringTest1000 (10784.438152511344,10784.44 zł)" storage="c:\projekty\mstestproject\bin\debug\netcoreapp3.1\mstestproject.dll" id="40aa7c35-a085-42b9-be82-72c167553d69">
      <TestCategory>
        <TestCategoryItem TestCategory="Category1000" />
      </TestCategory>
      <Execution id="4fcb78a6-ae83-4518-a0b0-ece382414870" />
      <TestMethod codeBase="C:\Projekty\MSTestProject\bin\Debug\netcoreapp3.1\MSTestProject.dll" adapterTypeName="executor://mstestadapter/v2" className="TwojeWesele.Services.Helpers.Tests.CurrencyHelperTests" name="FormatToStringTest1000" />
    </UnitTest>
    <UnitTest name="FormatToStringTest1000 (4411.456718280659,4411.46 zł)" storage="c:\projekty\mstestproject\bin\debug\netcoreapp3.1\mstestproject.dll" id="edf79a10-0e3e-4afb-bbcc-f601e042a42d">
      <TestCategory>
        <TestCategoryItem TestCategory="Category1000" />
      </TestCategory>
      <Execution id="20586130-07d1-472e-8851-8e650985ae29" />
      <TestMethod codeBase="C:\Projekty\MSTestProject\bin\Debug\netcoreapp3.1\MSTestProject.dll" adapterTypeName="executor://mstestadapter/v2" className="TwojeWesele.Services.Helpers.Tests.CurrencyHelperTests" name="FormatToStringTest1000" />
    </UnitTest>
    <UnitTest name="FormatToStringTest1000 (13478.157112043891,13478.16 zł)" storage="c:\projekty\mstestproject\bin\debug\netcoreapp3.1\mstestproject.dll" id="488ec89e-52dd-4798-ab31-2e812f3391a4">
      <TestCategory>
        <TestCategoryItem TestCategory="Category1000" />
      </TestCategory>
      <Execution id="d142b35c-2dea-4584-a993-0c5f1479289a" />
      <TestMethod codeBase="C:\Projekty\MSTestProject\bin\Debug\netcoreapp3.1\MSTestProject.dll" adapterTypeName="executor://mstestadapter/v2" className="TwojeWesele.Services.Helpers.Tests.CurrencyHelperTests" name="FormatToStringTest1000" />
    </UnitTest>
    <UnitTest name="FormatToStringTest1000 (16819.974312979717,16819.97 zł)" storage="c:\projekty\mstestproject\bin\debug\netcoreapp3.1\mstestproject.dll" id="1e0cbc8f-924f-4288-a7e9-042d25828044">
      <TestCategory>
        <TestCategoryItem TestCategory="Category1000" />
      </TestCategory>
      <Execution id="6e5cc8e8-c44e-4f93-aca2-806ccd87c3c0" />
      <TestMethod codeBase="C:\Projekty\MSTestProject\bin\Debug\netcoreapp3.1\MSTestProject.dll" adapterTypeName="executor://mstestadapter/v2" className="TwojeWesele.Services.Helpers.Tests.CurrencyHelperTests" name="FormatToStringTest1000" />
    </UnitTest>
    <UnitTest name="FormatToStringTest1000 (10534.184353995222,10534.18 zł)" storage="c:\projekty\mstestproject\bin\debug\netcoreapp3.1\mstestproject.dll" id="2311307b-c3d6-4e0a-b97e-1026d022f054">
      <TestCategory>
        <TestCategoryItem TestCategory="Category1000" />
      </TestCategory>
      <Execution id="fb72a941-bf08-4365-ac0d-837ee041d20a" />
      <TestMethod codeBase="C:\Projekty\MSTestProject\bin\Debug\netcoreapp3.1\MSTestProject.dll" adapterTypeName="executor://mstestadapter/v2" className="TwojeWesele.Services.Helpers.Tests.CurrencyHelperTests" name="FormatToStringTest1000" />
    </UnitTest>
    <UnitTest name="FormatToStringTest1000 (29474.095826699442,29474.10 zł)" storage="c:\projekty\mstestproject\bin\debug\netcoreapp3.1\mstestproject.dll" id="edc15fd9-9569-4764-ab47-0c9c4d69c4b0">
      <TestCategory>
        <TestCategoryItem TestCategory="Category1000" />
      </TestCategory>
      <Execution id="1c407275-00e6-4820-abd1-f18f9e41de68" />
      <TestMethod codeBase="C:\Projekty\MSTestProject\bin\Debug\netcoreapp3.1\MSTestProject.dll" adapterTypeName="executor://mstestadapter/v2" className="TwojeWesele.Services.Helpers.Tests.CurrencyHelperTests" name="FormatToStringTest1000" />
    </UnitTest>
    <UnitTest name="FormatToStringTest1000 (7458.609645228652,7458.61 zł)" storage="c:\projekty\mstestproject\bin\debug\netcoreapp3.1\mstestproject.dll" id="30b7cbeb-30ed-42b1-8c98-b4df4a9b9a11">
      <TestCategory>
        <TestCategoryItem TestCategory="Category1000" />
      </TestCategory>
      <Execution id="d3d7430d-cc8c-4915-b4b6-5efa3d6f0c74" />
      <TestMethod codeBase="C:\Projekty\MSTestProject\bin\Debug\netcoreapp3.1\MSTestProject.dll" adapterTypeName="executor://mstestadapter/v2" className="TwojeWesele.Services.Helpers.Tests.CurrencyHelperTests" name="FormatToStringTest1000" />
    </UnitTest>
    <UnitTest name="FormatToStringTest1000 (5140.16338917155,5140.16 zł)" storage="c:\projekty\mstestproject\bin\debug\netcoreapp3.1\mstestproject.dll" id="e76356b3-480d-4e69-820d-2ae683692706">
      <TestCategory>
        <TestCategoryItem TestCategory="Category1000" />
      </TestCategory>
      <Execution id="956c651a-1f2f-4f99-84ad-43f71453b9fa" />
      <TestMethod codeBase="C:\Projekty\MSTestProject\bin\Debug\netcoreapp3.1\MSTestProject.dll" adapterTypeName="executor://mstestadapter/v2" className="TwojeWesele.Services.Helpers.Tests.CurrencyHelperTests" name="FormatToStringTest1000" />
    </UnitTest>
    <UnitTest name="FormatToStringTest1000 (480.2082316857801,480.21 zł)" storage="c:\projekty\mstestproject\bin\debug\netcoreapp3.1\mstestproject.dll" id="efe78283-3e1c-4d7f-b66b-70d63971dc4c">
      <TestCategory>
        <TestCategoryItem TestCategory="Category1000" />
      </TestCategory>
      <Execution id="811f554c-db0c-4b11-80a5-0c149fb52f31" />
      <TestMethod codeBase="C:\Projekty\MSTestProject\bin\Debug\netcoreapp3.1\MSTestProject.dll" adapterTypeName="executor://mstestadapter/v2" className="TwojeWesele.Services.Helpers.Tests.CurrencyHelperTests" name="FormatToStringTest1000" />
    </UnitTest>
    <UnitTest name="FormatToStringTest1000 (4419.750844657306,4419.75 zł)" storage="c:\projekty\mstestproject\bin\debug\netcoreapp3.1\mstestproject.dll" id="6f4dcd27-03c1-4de8-85db-74ae60b7c0bb">
      <TestCategory>
        <TestCategoryItem TestCategory="Category1000" />
      </TestCategory>
      <Execution id="bf08f9ae-d099-48b7-8384-e4a22645bc5e" />
      <TestMethod codeBase="C:\Projekty\MSTestProject\bin\Debug\netcoreapp3.1\MSTestProject.dll" adapterTypeName="executor://mstestadapter/v2" className="TwojeWesele.Services.Helpers.Tests.CurrencyHelperTests" name="FormatToStringTest1000" />
    </UnitTest>
    <UnitTest name="FormatToStringTest1000 (17232.486162219426,17232.49 zł)" storage="c:\projekty\mstestproject\bin\debug\netcoreapp3.1\mstestproject.dll" id="5071029e-d107-40e6-abfb-632798534bda">
      <TestCategory>
        <TestCategoryItem TestCategory="Category1000" />
      </TestCategory>
      <Execution id="e5099d85-f2ae-486a-b9e9-8ce1134c301b" />
      <TestMethod codeBase="C:\Projekty\MSTestProject\bin\Debug\netcoreapp3.1\MSTestProject.dll" adapterTypeName="executor://mstestadapter/v2" className="TwojeWesele.Services.Helpers.Tests.CurrencyHelperTests" name="FormatToStringTest1000" />
    </UnitTest>
    <UnitTest name="FormatToStringTest1000 (17990.38119827089,17990.38 zł)" storage="c:\projekty\mstestproject\bin\debug\netcoreapp3.1\mstestproject.dll" id="66b0e5c4-64c3-4b16-92a6-439f953088d0">
      <TestCategory>
        <TestCategoryItem TestCategory="Category1000" />
      </TestCategory>
      <Execution id="60554200-8c54-41b2-bd9b-cd7677368105" />
      <TestMethod codeBase="C:\Projekty\MSTestProject\bin\Debug\netcoreapp3.1\MSTestProject.dll" adapterTypeName="executor://mstestadapter/v2" className="TwojeWesele.Services.Helpers.Tests.CurrencyHelperTests" name="FormatToStringTest1000" />
    </UnitTest>
    <UnitTest name="FormatToStringTest1000 (598.1279707877561,598.13 zł)" storage="c:\projekty\mstestproject\bin\debug\netcoreapp3.1\mstestproject.dll" id="06807801-63bb-4556-9f01-ccc2fbed2934">
      <TestCategory>
        <TestCategoryItem TestCategory="Category1000" />
      </TestCategory>
      <Execution id="73a03f37-a4ff-4e0e-ac1a-7b94e1d7409f" />
      <TestMethod codeBase="C:\Projekty\MSTestProject\bin\Debug\netcoreapp3.1\MSTestProject.dll" adapterTypeName="executor://mstestadapter/v2" className="TwojeWesele.Services.Helpers.Tests.CurrencyHelperTests" name="FormatToStringTest1000" />
    </UnitTest>
    <UnitTest name="FormatToStringTest1000 (22248.263319677797,22248.26 zł)" storage="c:\projekty\mstestproject\bin\debug\netcoreapp3.1\mstestproject.dll" id="7915e756-7c92-4d88-9104-1f50186849d1">
      <TestCategory>
        <TestCategoryItem TestCategory="Category1000" />
      </TestCategory>
      <Execution id="6e40f929-e3e3-4efa-8eda-153651b28993" />
      <TestMethod codeBase="C:\Projekty\MSTestProject\bin\Debug\netcoreapp3.1\MSTestProject.dll" adapterTypeName="executor://mstestadapter/v2" className="TwojeWesele.Services.Helpers.Tests.CurrencyHelperTests" name="FormatToStringTest1000" />
    </UnitTest>
    <UnitTest name="FormatToStringTest1000 (11796.576829059317,11796.58 zł)" storage="c:\projekty\mstestproject\bin\debug\netcoreapp3.1\mstestproject.dll" id="67bc2728-4b50-40bc-8b4e-038631109bc8">
      <TestCategory>
        <TestCategoryItem TestCategory="Category1000" />
      </TestCategory>
      <Execution id="d7ad44d0-6dc9-4a20-81ee-ef21aa79dd3f" />
      <TestMethod codeBase="C:\Projekty\MSTestProject\bin\Debug\netcoreapp3.1\MSTestProject.dll" adapterTypeName="executor://mstestadapter/v2" className="TwojeWesele.Services.Helpers.Tests.CurrencyHelperTests" name="FormatToStringTest1000" />
    </UnitTest>
    <UnitTest name="FormatToStringTest1000 (21573.45329517613,21573.45 zł)" storage="c:\projekty\mstestproject\bin\debug\netcoreapp3.1\mstestproject.dll" id="1e4c7c65-6b8b-43d7-b0e1-8067ae6fbfbe">
      <TestCategory>
        <TestCategoryItem TestCategory="Category1000" />
      </TestCategory>
      <Execution id="59555759-0c25-498d-b105-96f34c718778" />
      <TestMethod codeBase="C:\Projekty\MSTestProject\bin\Debug\netcoreapp3.1\MSTestProject.dll" adapterTypeName="executor://mstestadapter/v2" className="TwojeWesele.Services.Helpers.Tests.CurrencyHelperTests" name="FormatToStringTest1000" />
    </UnitTest>
    <UnitTest name="FormatToStringTest1000 (7890.044272348771,7890.04 zł)" storage="c:\projekty\mstestproject\bin\debug\netcoreapp3.1\mstestproject.dll" id="c9b7dc6a-5322-40dd-97ac-d90aca02c124">
      <TestCategory>
        <TestCategoryItem TestCategory="Category1000" />
      </TestCategory>
      <Execution id="715dfb7e-2ccb-451f-8e03-e88889f1603a" />
      <TestMethod codeBase="C:\Projekty\MSTestProject\bin\Debug\netcoreapp3.1\MSTestProject.dll" adapterTypeName="executor://mstestadapter/v2" className="TwojeWesele.Services.Helpers.Tests.CurrencyHelperTests" name="FormatToStringTest1000" />
    </UnitTest>
    <UnitTest name="FormatToStringTest1000 (1687.6029180025694,1687.60 zł)" storage="c:\projekty\mstestproject\bin\debug\netcoreapp3.1\mstestproject.dll" id="3f662bde-76bb-495a-b583-8fc1a3a2fa23">
      <TestCategory>
        <TestCategoryItem TestCategory="Category1000" />
      </TestCategory>
      <Execution id="c6353c54-9d93-45c1-94f2-0b7cc74915dc" />
      <TestMethod codeBase="C:\Projekty\MSTestProject\bin\Debug\netcoreapp3.1\MSTestProject.dll" adapterTypeName="executor://mstestadapter/v2" className="TwojeWesele.Services.Helpers.Tests.CurrencyHelperTests" name="FormatToStringTest1000" />
    </UnitTest>
    <UnitTest name="FormatToStringTest1000 (36760.171806480816,36760.17 zł)" storage="c:\projekty\mstestproject\bin\debug\netcoreapp3.1\mstestproject.dll" id="6455f73a-d42f-4020-af1f-c023c82bb7f2">
      <TestCategory>
        <TestCategoryItem TestCategory="Category1000" />
      </TestCategory>
      <Execution id="e7a07ea3-804f-45cf-aeb5-c47affbbfcc4" />
      <TestMethod codeBase="C:\Projekty\MSTestProject\bin\Debug\netcoreapp3.1\MSTestProject.dll" adapterTypeName="executor://mstestadapter/v2" className="TwojeWesele.Services.Helpers.Tests.CurrencyHelperTests" name="FormatToStringTest1000" />
    </UnitTest>
    <UnitTest name="FormatToStringTest1000 (6102.4120417453405,6102.41 zł)" storage="c:\projekty\mstestproject\bin\debug\netcoreapp3.1\mstestproject.dll" id="ab4bc92a-e573-47b8-93dc-014cb8122ab9">
      <TestCategory>
        <TestCategoryItem TestCategory="Category1000" />
      </TestCategory>
      <Execution id="b3cbd839-8599-409a-b47b-0b1d23782a22" />
      <TestMethod codeBase="C:\Projekty\MSTestProject\bin\Debug\netcoreapp3.1\MSTestProject.dll" adapterTypeName="executor://mstestadapter/v2" className="TwojeWesele.Services.Helpers.Tests.CurrencyHelperTests" name="FormatToStringTest1000" />
    </UnitTest>
    <UnitTest name="FormatToStringTest1000 (67338.80028760935,67338.80 zł)" storage="c:\projekty\mstestproject\bin\debug\netcoreapp3.1\mstestproject.dll" id="57ff5718-7cb7-4c80-9e29-548fa9a81ba0">
      <TestCategory>
        <TestCategoryItem TestCategory="Category1000" />
      </TestCategory>
      <Execution id="a1220bcc-5ad8-449f-8085-95daa6d340bf" />
      <TestMethod codeBase="C:\Projekty\MSTestProject\bin\Debug\netcoreapp3.1\MSTestProject.dll" adapterTypeName="executor://mstestadapter/v2" className="TwojeWesele.Services.Helpers.Tests.CurrencyHelperTests" name="FormatToStringTest1000" />
    </UnitTest>
    <UnitTest name="FormatToStringTest1000 (24566.50251371856,24566.50 zł)" storage="c:\projekty\mstestproject\bin\debug\netcoreapp3.1\mstestproject.dll" id="0d4b0b26-5e7f-4b69-8114-6994abb24539">
      <TestCategory>
        <TestCategoryItem TestCategory="Category1000" />
      </TestCategory>
      <Execution id="9ea29de6-df6b-4f0b-a6c3-ed5c90c442ac" />
      <TestMethod codeBase="C:\Projekty\MSTestProject\bin\Debug\netcoreapp3.1\MSTestProject.dll" adapterTypeName="executor://mstestadapter/v2" className="TwojeWesele.Services.Helpers.Tests.CurrencyHelperTests" name="FormatToStringTest1000" />
    </UnitTest>
    <UnitTest name="FormatToStringTest1000 (1963.0091662979728,1963.01 zł)" storage="c:\projekty\mstestproject\bin\debug\netcoreapp3.1\mstestproject.dll" id="8968c155-99d3-4a18-8cd5-c8fa04d94579">
      <TestCategory>
        <TestCategoryItem TestCategory="Category1000" />
      </TestCategory>
      <Execution id="66dc59df-a49d-4729-ae2b-19838e893137" />
      <TestMethod codeBase="C:\Projekty\MSTestProject\bin\Debug\netcoreapp3.1\MSTestProject.dll" adapterTypeName="executor://mstestadapter/v2" className="TwojeWesele.Services.Helpers.Tests.CurrencyHelperTests" name="FormatToStringTest1000" />
    </UnitTest>
    <UnitTest name="FormatToStringTest1000 (3195.202943510936,3195.20 zł)" storage="c:\projekty\mstestproject\bin\debug\netcoreapp3.1\mstestproject.dll" id="93645130-1dfc-4ff6-ab14-82e226bd8446">
      <TestCategory>
        <TestCategoryItem TestCategory="Category1000" />
      </TestCategory>
      <Execution id="d4f1fd64-b745-485e-8ac9-62e7287fb532" />
      <TestMethod codeBase="C:\Projekty\MSTestProject\bin\Debug\netcoreapp3.1\MSTestProject.dll" adapterTypeName="executor://mstestadapter/v2" className="TwojeWesele.Services.Helpers.Tests.CurrencyHelperTests" name="FormatToStringTest1000" />
    </UnitTest>
    <UnitTest name="FormatToStringTest1000 (32812.53695512634,32812.54 zł)" storage="c:\projekty\mstestproject\bin\debug\netcoreapp3.1\mstestproject.dll" id="0a778bb1-b3b1-4757-9d27-e53e3dd33c38">
      <TestCategory>
        <TestCategoryItem TestCategory="Category1000" />
      </TestCategory>
      <Execution id="ffd98193-fb2c-4f19-a728-10edc831accf" />
      <TestMethod codeBase="C:\Projekty\MSTestProject\bin\Debug\netcoreapp3.1\MSTestProject.dll" adapterTypeName="executor://mstestadapter/v2" className="TwojeWesele.Services.Helpers.Tests.CurrencyHelperTests" name="FormatToStringTest1000" />
    </UnitTest>
    <UnitTest name="FormatToStringTest1000 (19352.183340702755,19352.18 zł)" storage="c:\projekty\mstestproject\bin\debug\netcoreapp3.1\mstestproject.dll" id="465bfe1f-d213-4fe4-94bf-2c39217b00a3">
      <TestCategory>
        <TestCategoryItem TestCategory="Category1000" />
      </TestCategory>
      <Execution id="49b76faa-4d2d-4d93-a3bb-686c38d0d4cf" />
      <TestMethod codeBase="C:\Projekty\MSTestProject\bin\Debug\netcoreapp3.1\MSTestProject.dll" adapterTypeName="executor://mstestadapter/v2" className="TwojeWesele.Services.Helpers.Tests.CurrencyHelperTests" name="FormatToStringTest1000" />
    </UnitTest>
    <UnitTest name="FormatToStringTest1000 (5022.470719070859,5022.47 zł)" storage="c:\projekty\mstestproject\bin\debug\netcoreapp3.1\mstestproject.dll" id="591416eb-6c6b-42c2-97ef-76f52a58c423">
      <TestCategory>
        <TestCategoryItem TestCategory="Category1000" />
      </TestCategory>
      <Execution id="277c9d99-9f1b-43a2-a69e-83108c1a0ee7" />
      <TestMethod codeBase="C:\Projekty\MSTestProject\bin\Debug\netcoreapp3.1\MSTestProject.dll" adapterTypeName="executor://mstestadapter/v2" className="TwojeWesele.Services.Helpers.Tests.CurrencyHelperTests" name="FormatToStringTest1000" />
    </UnitTest>
    <UnitTest name="FormatToStringTest1000 (8095.485677032492,8095.49 zł)" storage="c:\projekty\mstestproject\bin\debug\netcoreapp3.1\mstestproject.dll" id="3cd0c2da-bc5f-46f3-9ab0-5d507b4025ad">
      <TestCategory>
        <TestCategoryItem TestCategory="Category1000" />
      </TestCategory>
      <Execution id="b0224e00-2b6c-4a69-8430-360227435ddc" />
      <TestMethod codeBase="C:\Projekty\MSTestProject\bin\Debug\netcoreapp3.1\MSTestProject.dll" adapterTypeName="executor://mstestadapter/v2" className="TwojeWesele.Services.Helpers.Tests.CurrencyHelperTests" name="FormatToStringTest1000" />
    </UnitTest>
    <UnitTest name="FormatToStringTest1000 (27629.79121039193,27629.79 zł)" storage="c:\projekty\mstestproject\bin\debug\netcoreapp3.1\mstestproject.dll" id="ee5000cf-f0c1-4981-8c4c-b82c32d56251">
      <TestCategory>
        <TestCategoryItem TestCategory="Category1000" />
      </TestCategory>
      <Execution id="9458b5cb-9444-4ce4-b172-b1748b157458" />
      <TestMethod codeBase="C:\Projekty\MSTestProject\bin\Debug\netcoreapp3.1\MSTestProject.dll" adapterTypeName="executor://mstestadapter/v2" className="TwojeWesele.Services.Helpers.Tests.CurrencyHelperTests" name="FormatToStringTest1000" />
    </UnitTest>
    <UnitTest name="FormatToStringTest1000 (46391.661094229516,46391.66 zł)" storage="c:\projekty\mstestproject\bin\debug\netcoreapp3.1\mstestproject.dll" id="f32c7ec0-1c31-45b8-b6b6-484df60d84f2">
      <TestCategory>
        <TestCategoryItem TestCategory="Category1000" />
      </TestCategory>
      <Execution id="22445996-d8ef-47d6-98a1-32b444b8e0d0" />
      <TestMethod codeBase="C:\Projekty\MSTestProject\bin\Debug\netcoreapp3.1\MSTestProject.dll" adapterTypeName="executor://mstestadapter/v2" className="TwojeWesele.Services.Helpers.Tests.CurrencyHelperTests" name="FormatToStringTest1000" />
    </UnitTest>
    <UnitTest name="FormatToStringTest1000 (70432.00656616595,70432.01 zł)" storage="c:\projekty\mstestproject\bin\debug\netcoreapp3.1\mstestproject.dll" id="0d30051c-50bd-4e95-a5da-a795a7590437">
      <TestCategory>
        <TestCategoryItem TestCategory="Category1000" />
      </TestCategory>
      <Execution id="872a0af3-fb2f-416d-9fee-16180f2d0f3a" />
      <TestMethod codeBase="C:\Projekty\MSTestProject\bin\Debug\netcoreapp3.1\MSTestProject.dll" adapterTypeName="executor://mstestadapter/v2" className="TwojeWesele.Services.Helpers.Tests.CurrencyHelperTests" name="FormatToStringTest1000" />
    </UnitTest>
    <UnitTest name="FormatToStringTest1000 (2951.2722077329045,2951.27 zł)" storage="c:\projekty\mstestproject\bin\debug\netcoreapp3.1\mstestproject.dll" id="cbc1fd76-e634-4a5e-a39d-d966bf72428d">
      <TestCategory>
        <TestCategoryItem TestCategory="Category1000" />
      </TestCategory>
      <Execution id="0c30dfa5-bbee-4a43-bec9-39f11652237a" />
      <TestMethod codeBase="C:\Projekty\MSTestProject\bin\Debug\netcoreapp3.1\MSTestProject.dll" adapterTypeName="executor://mstestadapter/v2" className="TwojeWesele.Services.Helpers.Tests.CurrencyHelperTests" name="FormatToStringTest1000" />
    </UnitTest>
    <UnitTest name="FormatToStringTest1000 (5876.112133716285,5876.11 zł)" storage="c:\projekty\mstestproject\bin\debug\netcoreapp3.1\mstestproject.dll" id="02b3bffe-58fd-408c-a092-8625653362ad">
      <TestCategory>
        <TestCategoryItem TestCategory="Category1000" />
      </TestCategory>
      <Execution id="953ea716-c583-4415-af6b-dbdbe14332ce" />
      <TestMethod codeBase="C:\Projekty\MSTestProject\bin\Debug\netcoreapp3.1\MSTestProject.dll" adapterTypeName="executor://mstestadapter/v2" className="TwojeWesele.Services.Helpers.Tests.CurrencyHelperTests" name="FormatToStringTest1000" />
    </UnitTest>
    <UnitTest name="FormatToStringTest1000 (37889.10086727193,37889.10 zł)" storage="c:\projekty\mstestproject\bin\debug\netcoreapp3.1\mstestproject.dll" id="a5ccaa80-9a52-4faa-82dc-5d1418d20098">
      <TestCategory>
        <TestCategoryItem TestCategory="Category1000" />
      </TestCategory>
      <Execution id="064f1e0d-b51f-40f3-827b-8fe5dbc70763" />
      <TestMethod codeBase="C:\Projekty\MSTestProject\bin\Debug\netcoreapp3.1\MSTestProject.dll" adapterTypeName="executor://mstestadapter/v2" className="TwojeWesele.Services.Helpers.Tests.CurrencyHelperTests" name="FormatToStringTest1000" />
    </UnitTest>
    <UnitTest name="FormatToStringTest1000 (2505.286326204094,2505.29 zł)" storage="c:\projekty\mstestproject\bin\debug\netcoreapp3.1\mstestproject.dll" id="11b763fd-5495-4910-a69b-4a81a4cc3106">
      <TestCategory>
        <TestCategoryItem TestCategory="Category1000" />
      </TestCategory>
      <Execution id="87aef33c-b98f-4bd2-9673-ece5883e3d95" />
      <TestMethod codeBase="C:\Projekty\MSTestProject\bin\Debug\netcoreapp3.1\MSTestProject.dll" adapterTypeName="executor://mstestadapter/v2" className="TwojeWesele.Services.Helpers.Tests.CurrencyHelperTests" name="FormatToStringTest1000" />
    </UnitTest>
    <UnitTest name="FormatToStringTest1000 (54678.59301593089,54678.59 zł)" storage="c:\projekty\mstestproject\bin\debug\netcoreapp3.1\mstestproject.dll" id="ce2a0a20-35fb-4831-a8c3-f442d29d8a30">
      <TestCategory>
        <TestCategoryItem TestCategory="Category1000" />
      </TestCategory>
      <Execution id="2c6b178f-4eae-4db9-922b-a8f97b5cb05a" />
      <TestMethod codeBase="C:\Projekty\MSTestProject\bin\Debug\netcoreapp3.1\MSTestProject.dll" adapterTypeName="executor://mstestadapter/v2" className="TwojeWesele.Services.Helpers.Tests.CurrencyHelperTests" name="FormatToStringTest1000" />
    </UnitTest>
    <UnitTest name="FormatToStringTest1000 (42383.08993972982,42383.09 zł)" storage="c:\projekty\mstestproject\bin\debug\netcoreapp3.1\mstestproject.dll" id="e5acd03b-0f9c-43ec-8d95-0c1164008288">
      <TestCategory>
        <TestCategoryItem TestCategory="Category1000" />
      </TestCategory>
      <Execution id="4a723045-0448-4bc1-ac43-b30d6daa6e5a" />
      <TestMethod codeBase="C:\Projekty\MSTestProject\bin\Debug\netcoreapp3.1\MSTestProject.dll" adapterTypeName="executor://mstestadapter/v2" className="TwojeWesele.Services.Helpers.Tests.CurrencyHelperTests" name="FormatToStringTest1000" />
    </UnitTest>
    <UnitTest name="FormatToStringTest1000 (3907.8681317963024,3907.87 zł)" storage="c:\projekty\mstestproject\bin\debug\netcoreapp3.1\mstestproject.dll" id="b8e591f4-1f81-4904-8c0e-bbbe21b8ec84">
      <TestCategory>
        <TestCategoryItem TestCategory="Category1000" />
      </TestCategory>
      <Execution id="5fa81989-15a4-4ae8-9066-4e557be7b890" />
      <TestMethod codeBase="C:\Projekty\MSTestProject\bin\Debug\netcoreapp3.1\MSTestProject.dll" adapterTypeName="executor://mstestadapter/v2" className="TwojeWesele.Services.Helpers.Tests.CurrencyHelperTests" name="FormatToStringTest1000" />
    </UnitTest>
    <UnitTest name="FormatToStringTest1000 (80609.94377465078,80609.94 zł)" storage="c:\projekty\mstestproject\bin\debug\netcoreapp3.1\mstestproject.dll" id="2bcf4d65-acc5-4488-93d5-c7bb1fcd0655">
      <TestCategory>
        <TestCategoryItem TestCategory="Category1000" />
      </TestCategory>
      <Execution id="57e23d51-24d9-48b4-9945-105ad9c67502" />
      <TestMethod codeBase="C:\Projekty\MSTestProject\bin\Debug\netcoreapp3.1\MSTestProject.dll" adapterTypeName="executor://mstestadapter/v2" className="TwojeWesele.Services.Helpers.Tests.CurrencyHelperTests" name="FormatToStringTest1000" />
    </UnitTest>
    <UnitTest name="FormatToStringTest1000 (13503.943645929892,13503.94 zł)" storage="c:\projekty\mstestproject\bin\debug\netcoreapp3.1\mstestproject.dll" id="f8bd3c0f-6b20-431d-b9cb-ddffa33902be">
      <TestCategory>
        <TestCategoryItem TestCategory="Category1000" />
      </TestCategory>
      <Execution id="97113073-0548-427e-88b7-d3afa43ff25b" />
      <TestMethod codeBase="C:\Projekty\MSTestProject\bin\Debug\netcoreapp3.1\MSTestProject.dll" adapterTypeName="executor://mstestadapter/v2" className="TwojeWesele.Services.Helpers.Tests.CurrencyHelperTests" name="FormatToStringTest1000" />
    </UnitTest>
    <UnitTest name="FormatToStringTest1000 (10397.404523554447,10397.40 zł)" storage="c:\projekty\mstestproject\bin\debug\netcoreapp3.1\mstestproject.dll" id="bbf3f878-d91a-4532-b61d-b14d4377e0ff">
      <TestCategory>
        <TestCategoryItem TestCategory="Category1000" />
      </TestCategory>
      <Execution id="7dd9edee-1b15-4d86-8a6c-5044bbdf2ea6" />
      <TestMethod codeBase="C:\Projekty\MSTestProject\bin\Debug\netcoreapp3.1\MSTestProject.dll" adapterTypeName="executor://mstestadapter/v2" className="TwojeWesele.Services.Helpers.Tests.CurrencyHelperTests" name="FormatToStringTest1000" />
    </UnitTest>
    <UnitTest name="FormatToStringTest1000 (1208.1827589441941,1208.18 zł)" storage="c:\projekty\mstestproject\bin\debug\netcoreapp3.1\mstestproject.dll" id="c6b2ccce-f812-461d-9c77-f393018a86ef">
      <TestCategory>
        <TestCategoryItem TestCategory="Category1000" />
      </TestCategory>
      <Execution id="6748be1c-bff3-4b0b-8ffd-e488df2d74d2" />
      <TestMethod codeBase="C:\Projekty\MSTestProject\bin\Debug\netcoreapp3.1\MSTestProject.dll" adapterTypeName="executor://mstestadapter/v2" className="TwojeWesele.Services.Helpers.Tests.CurrencyHelperTests" name="FormatToStringTest1000" />
    </UnitTest>
    <UnitTest name="FormatToStringTest1000 (1669.555150571072,1669.56 zł)" storage="c:\projekty\mstestproject\bin\debug\netcoreapp3.1\mstestproject.dll" id="5d3571ec-9010-4083-9fb2-c7b9d66175d2">
      <TestCategory>
        <TestCategoryItem TestCategory="Category1000" />
      </TestCategory>
      <Execution id="5c31a621-c4f1-4a0b-8bcb-8cd7812500d2" />
      <TestMethod codeBase="C:\Projekty\MSTestProject\bin\Debug\netcoreapp3.1\MSTestProject.dll" adapterTypeName="executor://mstestadapter/v2" className="TwojeWesele.Services.Helpers.Tests.CurrencyHelperTests" name="FormatToStringTest1000" />
    </UnitTest>
    <UnitTest name="FormatToStringTest1000 (31424.298858482067,31424.30 zł)" storage="c:\projekty\mstestproject\bin\debug\netcoreapp3.1\mstestproject.dll" id="524ffba9-8c11-4e86-a863-a2ed4bdf8738">
      <TestCategory>
        <TestCategoryItem TestCategory="Category1000" />
      </TestCategory>
      <Execution id="c17e6fa7-3cab-42e3-a01d-677694b9bd57" />
      <TestMethod codeBase="C:\Projekty\MSTestProject\bin\Debug\netcoreapp3.1\MSTestProject.dll" adapterTypeName="executor://mstestadapter/v2" className="TwojeWesele.Services.Helpers.Tests.CurrencyHelperTests" name="FormatToStringTest1000" />
    </UnitTest>
    <UnitTest name="FormatToStringTest1000 (41008.28505327194,41008.29 zł)" storage="c:\projekty\mstestproject\bin\debug\netcoreapp3.1\mstestproject.dll" id="323c78c5-fbc2-4bcc-a417-efadeb9907b0">
      <TestCategory>
        <TestCategoryItem TestCategory="Category1000" />
      </TestCategory>
      <Execution id="834c3d26-406c-469f-9e91-d47ca7dc709c" />
      <TestMethod codeBase="C:\Projekty\MSTestProject\bin\Debug\netcoreapp3.1\MSTestProject.dll" adapterTypeName="executor://mstestadapter/v2" className="TwojeWesele.Services.Helpers.Tests.CurrencyHelperTests" name="FormatToStringTest1000" />
    </UnitTest>
    <UnitTest name="FormatToStringTest1000 (20737.251994218328,20737.25 zł)" storage="c:\projekty\mstestproject\bin\debug\netcoreapp3.1\mstestproject.dll" id="4c4eba7a-223a-4b60-b446-d151bc371c1a">
      <TestCategory>
        <TestCategoryItem TestCategory="Category1000" />
      </TestCategory>
      <Execution id="66b38c58-114e-4cc8-a80f-3ce978aa0d84" />
      <TestMethod codeBase="C:\Projekty\MSTestProject\bin\Debug\netcoreapp3.1\MSTestProject.dll" adapterTypeName="executor://mstestadapter/v2" className="TwojeWesele.Services.Helpers.Tests.CurrencyHelperTests" name="FormatToStringTest1000" />
    </UnitTest>
    <UnitTest name="FormatToStringTest1000 (44499.288016808816,44499.29 zł)" storage="c:\projekty\mstestproject\bin\debug\netcoreapp3.1\mstestproject.dll" id="152b1d73-7500-42ed-aae9-937fd4a3a494">
      <TestCategory>
        <TestCategoryItem TestCategory="Category1000" />
      </TestCategory>
      <Execution id="e4733ff5-0da3-4ca2-bf44-644d0d6843f5" />
      <TestMethod codeBase="C:\Projekty\MSTestProject\bin\Debug\netcoreapp3.1\MSTestProject.dll" adapterTypeName="executor://mstestadapter/v2" className="TwojeWesele.Services.Helpers.Tests.CurrencyHelperTests" name="FormatToStringTest1000" />
    </UnitTest>
    <UnitTest name="FormatToStringTest1000 (16161.963229990548,16161.96 zł)" storage="c:\projekty\mstestproject\bin\debug\netcoreapp3.1\mstestproject.dll" id="96cd5a14-74ab-4936-92ad-7cad9136bbd5">
      <TestCategory>
        <TestCategoryItem TestCategory="Category1000" />
      </TestCategory>
      <Execution id="582c328f-2e01-45fe-8cda-623c8ccf2414" />
      <TestMethod codeBase="C:\Projekty\MSTestProject\bin\Debug\netcoreapp3.1\MSTestProject.dll" adapterTypeName="executor://mstestadapter/v2" className="TwojeWesele.Services.Helpers.Tests.CurrencyHelperTests" name="FormatToStringTest1000" />
    </UnitTest>
    <UnitTest name="FormatToStringTest1000 (10527.083945901639,10527.08 zł)" storage="c:\projekty\mstestproject\bin\debug\netcoreapp3.1\mstestproject.dll" id="db9e31fc-9964-4ee5-a5b5-00e04bef0c38">
      <TestCategory>
        <TestCategoryItem TestCategory="Category1000" />
      </TestCategory>
      <Execution id="c524fcd3-aae0-46fd-a846-5ae0313b23a1" />
      <TestMethod codeBase="C:\Projekty\MSTestProject\bin\Debug\netcoreapp3.1\MSTestProject.dll" adapterTypeName="executor://mstestadapter/v2" className="TwojeWesele.Services.Helpers.Tests.CurrencyHelperTests" name="FormatToStringTest1000" />
    </UnitTest>
    <UnitTest name="FormatToStringTest1000 (22557.09603308099,22557.10 zł)" storage="c:\projekty\mstestproject\bin\debug\netcoreapp3.1\mstestproject.dll" id="f5eec4c0-02fb-486b-bf1f-9802217b93f7">
      <TestCategory>
        <TestCategoryItem TestCategory="Category1000" />
      </TestCategory>
      <Execution id="c1e07031-b4c6-49d2-8ec4-a2cb1081e85c" />
      <TestMethod codeBase="C:\Projekty\MSTestProject\bin\Debug\netcoreapp3.1\MSTestProject.dll" adapterTypeName="executor://mstestadapter/v2" className="TwojeWesele.Services.Helpers.Tests.CurrencyHelperTests" name="FormatToStringTest1000" />
    </UnitTest>
    <UnitTest name="FormatToStringTest1000 (11912.404131636213,11912.40 zł)" storage="c:\projekty\mstestproject\bin\debug\netcoreapp3.1\mstestproject.dll" id="41be0749-47ac-4d7d-a8b6-7878cdb717d1">
      <TestCategory>
        <TestCategoryItem TestCategory="Category1000" />
      </TestCategory>
      <Execution id="215aa9d4-bd24-4b6a-bbe8-a043ea73fdc5" />
      <TestMethod codeBase="C:\Projekty\MSTestProject\bin\Debug\netcoreapp3.1\MSTestProject.dll" adapterTypeName="executor://mstestadapter/v2" className="TwojeWesele.Services.Helpers.Tests.CurrencyHelperTests" name="FormatToStringTest1000" />
    </UnitTest>
    <UnitTest name="FormatToStringTest1000 (16673.5121774904,16673.51 zł)" storage="c:\projekty\mstestproject\bin\debug\netcoreapp3.1\mstestproject.dll" id="fe329465-00a3-4f84-a4e1-f6b2c3a29af0">
      <TestCategory>
        <TestCategoryItem TestCategory="Category1000" />
      </TestCategory>
      <Execution id="2b737a1d-83d1-495a-8e88-8960164945cb" />
      <TestMethod codeBase="C:\Projekty\MSTestProject\bin\Debug\netcoreapp3.1\MSTestProject.dll" adapterTypeName="executor://mstestadapter/v2" className="TwojeWesele.Services.Helpers.Tests.CurrencyHelperTests" name="FormatToStringTest1000" />
    </UnitTest>
    <UnitTest name="FormatToStringTest1000 (918.1842976688334,918.18 zł)" storage="c:\projekty\mstestproject\bin\debug\netcoreapp3.1\mstestproject.dll" id="12887b1f-6dd9-4c55-bf2d-04471ec2ea35">
      <TestCategory>
        <TestCategoryItem TestCategory="Category1000" />
      </TestCategory>
      <Execution id="416707a9-fda6-48bc-ad96-083589d278ce" />
      <TestMethod codeBase="C:\Projekty\MSTestProject\bin\Debug\netcoreapp3.1\MSTestProject.dll" adapterTypeName="executor://mstestadapter/v2" className="TwojeWesele.Services.Helpers.Tests.CurrencyHelperTests" name="FormatToStringTest1000" />
    </UnitTest>
    <UnitTest name="FormatToStringTest1000 (57564.498126061866,57564.50 zł)" storage="c:\projekty\mstestproject\bin\debug\netcoreapp3.1\mstestproject.dll" id="156aa83d-cbcf-4c8b-b713-78234183ae0a">
      <TestCategory>
        <TestCategoryItem TestCategory="Category1000" />
      </TestCategory>
      <Execution id="7ac96cec-d626-48a0-98dd-65c4799cd5be" />
      <TestMethod codeBase="C:\Projekty\MSTestProject\bin\Debug\netcoreapp3.1\MSTestProject.dll" adapterTypeName="executor://mstestadapter/v2" className="TwojeWesele.Services.Helpers.Tests.CurrencyHelperTests" name="FormatToStringTest1000" />
    </UnitTest>
    <UnitTest name="FormatToStringTest1000 (72703.4365723503,72703.44 zł)" storage="c:\projekty\mstestproject\bin\debug\netcoreapp3.1\mstestproject.dll" id="9823171f-5712-4a2e-aedf-2ae83599817a">
      <TestCategory>
        <TestCategoryItem TestCategory="Category1000" />
      </TestCategory>
      <Execution id="9acf3ca7-3b80-4276-9a67-38c4a507f6b9" />
      <TestMethod codeBase="C:\Projekty\MSTestProject\bin\Debug\netcoreapp3.1\MSTestProject.dll" adapterTypeName="executor://mstestadapter/v2" className="TwojeWesele.Services.Helpers.Tests.CurrencyHelperTests" name="FormatToStringTest1000" />
    </UnitTest>
    <UnitTest name="FormatToStringTest1000 (16427.591943671738,16427.59 zł)" storage="c:\projekty\mstestproject\bin\debug\netcoreapp3.1\mstestproject.dll" id="c529a31e-3c33-47ee-aa1e-b6ff2031da31">
      <TestCategory>
        <TestCategoryItem TestCategory="Category1000" />
      </TestCategory>
      <Execution id="e3baf296-ede0-4562-a36b-8e86ccdbec1b" />
      <TestMethod codeBase="C:\Projekty\MSTestProject\bin\Debug\netcoreapp3.1\MSTestProject.dll" adapterTypeName="executor://mstestadapter/v2" className="TwojeWesele.Services.Helpers.Tests.CurrencyHelperTests" name="FormatToStringTest1000" />
    </UnitTest>
    <UnitTest name="FormatToStringTest1000 (6809.40195803037,6809.40 zł)" storage="c:\projekty\mstestproject\bin\debug\netcoreapp3.1\mstestproject.dll" id="887e4d41-237d-45fc-b859-fdb5f2921599">
      <TestCategory>
        <TestCategoryItem TestCategory="Category1000" />
      </TestCategory>
      <Execution id="8557da86-2232-4503-9694-657ffe3a438d" />
      <TestMethod codeBase="C:\Projekty\MSTestProject\bin\Debug\netcoreapp3.1\MSTestProject.dll" adapterTypeName="executor://mstestadapter/v2" className="TwojeWesele.Services.Helpers.Tests.CurrencyHelperTests" name="FormatToStringTest1000" />
    </UnitTest>
    <UnitTest name="FormatToStringTest1000 (14635.510547500808,14635.51 zł)" storage="c:\projekty\mstestproject\bin\debug\netcoreapp3.1\mstestproject.dll" id="d3e70d16-52b7-44c7-97f1-c599f56d46d2">
      <TestCategory>
        <TestCategoryItem TestCategory="Category1000" />
      </TestCategory>
      <Execution id="0559098e-092d-4a17-a79f-c7ca9c9196d4" />
      <TestMethod codeBase="C:\Projekty\MSTestProject\bin\Debug\netcoreapp3.1\MSTestProject.dll" adapterTypeName="executor://mstestadapter/v2" className="TwojeWesele.Services.Helpers.Tests.CurrencyHelperTests" name="FormatToStringTest1000" />
    </UnitTest>
    <UnitTest name="FormatToStringTest1000 (3030.9461949132133,3030.95 zł)" storage="c:\projekty\mstestproject\bin\debug\netcoreapp3.1\mstestproject.dll" id="d35d60a2-4a49-4bf9-b407-5d961cb5f663">
      <TestCategory>
        <TestCategoryItem TestCategory="Category1000" />
      </TestCategory>
      <Execution id="9266ec87-7976-49d1-8a10-39e0b9986899" />
      <TestMethod codeBase="C:\Projekty\MSTestProject\bin\Debug\netcoreapp3.1\MSTestProject.dll" adapterTypeName="executor://mstestadapter/v2" className="TwojeWesele.Services.Helpers.Tests.CurrencyHelperTests" name="FormatToStringTest1000" />
    </UnitTest>
    <UnitTest name="FormatToStringTest1000 (3503.9809179231434,3503.98 zł)" storage="c:\projekty\mstestproject\bin\debug\netcoreapp3.1\mstestproject.dll" id="a6203a71-0fcc-48f9-9eb3-50cd5ee86130">
      <TestCategory>
        <TestCategoryItem TestCategory="Category1000" />
      </TestCategory>
      <Execution id="8f238bd2-ddd5-467c-9f29-3c75729804ec" />
      <TestMethod codeBase="C:\Projekty\MSTestProject\bin\Debug\netcoreapp3.1\MSTestProject.dll" adapterTypeName="executor://mstestadapter/v2" className="TwojeWesele.Services.Helpers.Tests.CurrencyHelperTests" name="FormatToStringTest1000" />
    </UnitTest>
    <UnitTest name="FormatToStringTest1000 (11181.228339251702,11181.23 zł)" storage="c:\projekty\mstestproject\bin\debug\netcoreapp3.1\mstestproject.dll" id="68c086e1-49bc-441c-bcb0-d045bf19159e">
      <TestCategory>
        <TestCategoryItem TestCategory="Category1000" />
      </TestCategory>
      <Execution id="0e1e3aa8-fdb0-44f7-bed4-6f1316294bd6" />
      <TestMethod codeBase="C:\Projekty\MSTestProject\bin\Debug\netcoreapp3.1\MSTestProject.dll" adapterTypeName="executor://mstestadapter/v2" className="TwojeWesele.Services.Helpers.Tests.CurrencyHelperTests" name="FormatToStringTest1000" />
    </UnitTest>
    <UnitTest name="FormatToStringTest1000 (22459.530444447664,22459.53 zł)" storage="c:\projekty\mstestproject\bin\debug\netcoreapp3.1\mstestproject.dll" id="cdf33395-e79d-48ce-b2c2-b5181f5e9d7d">
      <TestCategory>
        <TestCategoryItem TestCategory="Category1000" />
      </TestCategory>
      <Execution id="40db2fa9-339c-4ff0-867a-226b63bcefff" />
      <TestMethod codeBase="C:\Projekty\MSTestProject\bin\Debug\netcoreapp3.1\MSTestProject.dll" adapterTypeName="executor://mstestadapter/v2" className="TwojeWesele.Services.Helpers.Tests.CurrencyHelperTests" name="FormatToStringTest1000" />
    </UnitTest>
    <UnitTest name="FormatToStringTest1000 (2216.881526520886,2216.88 zł)" storage="c:\projekty\mstestproject\bin\debug\netcoreapp3.1\mstestproject.dll" id="ff2fd4e0-853a-49f5-86bf-8fa0a328a0e6">
      <TestCategory>
        <TestCategoryItem TestCategory="Category1000" />
      </TestCategory>
      <Execution id="a069f45b-f495-4248-b045-4b0fd29fa8bd" />
      <TestMethod codeBase="C:\Projekty\MSTestProject\bin\Debug\netcoreapp3.1\MSTestProject.dll" adapterTypeName="executor://mstestadapter/v2" className="TwojeWesele.Services.Helpers.Tests.CurrencyHelperTests" name="FormatToStringTest1000" />
    </UnitTest>
    <UnitTest name="FormatToStringTest1000 (57436.33241095409,57436.33 zł)" storage="c:\projekty\mstestproject\bin\debug\netcoreapp3.1\mstestproject.dll" id="3e7236b9-d1b1-4d20-99e3-cede213ef90f">
      <TestCategory>
        <TestCategoryItem TestCategory="Category1000" />
      </TestCategory>
      <Execution id="91854bb8-a4b8-4082-b0b2-08a39d047126" />
      <TestMethod codeBase="C:\Projekty\MSTestProject\bin\Debug\netcoreapp3.1\MSTestProject.dll" adapterTypeName="executor://mstestadapter/v2" className="TwojeWesele.Services.Helpers.Tests.CurrencyHelperTests" name="FormatToStringTest1000" />
    </UnitTest>
    <UnitTest name="FormatToStringTest1000 (806.960597043373,806.96 zł)" storage="c:\projekty\mstestproject\bin\debug\netcoreapp3.1\mstestproject.dll" id="72320c29-da67-4b23-891c-2d452ccabf56">
      <TestCategory>
        <TestCategoryItem TestCategory="Category1000" />
      </TestCategory>
      <Execution id="d57a14a4-a96e-4fc7-9071-b94e3b56ab98" />
      <TestMethod codeBase="C:\Projekty\MSTestProject\bin\Debug\netcoreapp3.1\MSTestProject.dll" adapterTypeName="executor://mstestadapter/v2" className="TwojeWesele.Services.Helpers.Tests.CurrencyHelperTests" name="FormatToStringTest1000" />
    </UnitTest>
    <UnitTest name="FormatToStringTest1000 (69373.32129976773,69373.32 zł)" storage="c:\projekty\mstestproject\bin\debug\netcoreapp3.1\mstestproject.dll" id="c6294928-5d7d-4650-9b3d-72a993549a3e">
      <TestCategory>
        <TestCategoryItem TestCategory="Category1000" />
      </TestCategory>
      <Execution id="ee0ce18d-b282-4567-ad44-294f158ed8b2" />
      <TestMethod codeBase="C:\Projekty\MSTestProject\bin\Debug\netcoreapp3.1\MSTestProject.dll" adapterTypeName="executor://mstestadapter/v2" className="TwojeWesele.Services.Helpers.Tests.CurrencyHelperTests" name="FormatToStringTest1000" />
    </UnitTest>
    <UnitTest name="FormatToStringTest1000 (4539.210371735137,4539.21 zł)" storage="c:\projekty\mstestproject\bin\debug\netcoreapp3.1\mstestproject.dll" id="08189fde-9b78-40cd-9839-67ec8a1dbe8c">
      <TestCategory>
        <TestCategoryItem TestCategory="Category1000" />
      </TestCategory>
      <Execution id="35ade425-284e-440c-bd8f-28f097f3d0f0" />
      <TestMethod codeBase="C:\Projekty\MSTestProject\bin\Debug\netcoreapp3.1\MSTestProject.dll" adapterTypeName="executor://mstestadapter/v2" className="TwojeWesele.Services.Helpers.Tests.CurrencyHelperTests" name="FormatToStringTest1000" />
    </UnitTest>
    <UnitTest name="FormatToStringTest1000 (38803.03958246253,38803.04 zł)" storage="c:\projekty\mstestproject\bin\debug\netcoreapp3.1\mstestproject.dll" id="708e0962-16ab-4218-8e16-1eafc9ce2819">
      <TestCategory>
        <TestCategoryItem TestCategory="Category1000" />
      </TestCategory>
      <Execution id="a67d5334-decf-430a-823e-211bc24339fa" />
      <TestMethod codeBase="C:\Projekty\MSTestProject\bin\Debug\netcoreapp3.1\MSTestProject.dll" adapterTypeName="executor://mstestadapter/v2" className="TwojeWesele.Services.Helpers.Tests.CurrencyHelperTests" name="FormatToStringTest1000" />
    </UnitTest>
    <UnitTest name="FormatToStringTest1000 (43799.04472166535,43799.04 zł)" storage="c:\projekty\mstestproject\bin\debug\netcoreapp3.1\mstestproject.dll" id="08e19c37-ebcf-4031-b94a-75e7da6461a5">
      <TestCategory>
        <TestCategoryItem TestCategory="Category1000" />
      </TestCategory>
      <Execution id="0d246ea2-e243-4def-a72d-24a1a8dbe670" />
      <TestMethod codeBase="C:\Projekty\MSTestProject\bin\Debug\netcoreapp3.1\MSTestProject.dll" adapterTypeName="executor://mstestadapter/v2" className="TwojeWesele.Services.Helpers.Tests.CurrencyHelperTests" name="FormatToStringTest1000" />
    </UnitTest>
    <UnitTest name="FormatToStringTest1000 (52032.65082931176,52032.65 zł)" storage="c:\projekty\mstestproject\bin\debug\netcoreapp3.1\mstestproject.dll" id="9176064f-1791-4455-b504-88a9ac1baf3b">
      <TestCategory>
        <TestCategoryItem TestCategory="Category1000" />
      </TestCategory>
      <Execution id="58370ddb-dd79-42a8-8a4e-ac4f7c31a1ea" />
      <TestMethod codeBase="C:\Projekty\MSTestProject\bin\Debug\netcoreapp3.1\MSTestProject.dll" adapterTypeName="executor://mstestadapter/v2" className="TwojeWesele.Services.Helpers.Tests.CurrencyHelperTests" name="FormatToStringTest1000" />
    </UnitTest>
    <UnitTest name="FormatToStringTest1000 (4025.728369236797,4025.73 zł)" storage="c:\projekty\mstestproject\bin\debug\netcoreapp3.1\mstestproject.dll" id="d8919ae3-36c7-4ee6-8bad-ce5af4bbeddd">
      <TestCategory>
        <TestCategoryItem TestCategory="Category1000" />
      </TestCategory>
      <Execution id="fdea7d88-0dd4-4f89-b1e8-6e704623b6c3" />
      <TestMethod codeBase="C:\Projekty\MSTestProject\bin\Debug\netcoreapp3.1\MSTestProject.dll" adapterTypeName="executor://mstestadapter/v2" className="TwojeWesele.Services.Helpers.Tests.CurrencyHelperTests" name="FormatToStringTest1000" />
    </UnitTest>
    <UnitTest name="FormatToStringTest1000 (12379.347974640013,12379.35 zł)" storage="c:\projekty\mstestproject\bin\debug\netcoreapp3.1\mstestproject.dll" id="41fb6efb-e268-4566-ba00-12d4ee95742c">
      <TestCategory>
        <TestCategoryItem TestCategory="Category1000" />
      </TestCategory>
      <Execution id="ccaa8856-d8a7-417d-8a93-c28436c49a82" />
      <TestMethod codeBase="C:\Projekty\MSTestProject\bin\Debug\netcoreapp3.1\MSTestProject.dll" adapterTypeName="executor://mstestadapter/v2" className="TwojeWesele.Services.Helpers.Tests.CurrencyHelperTests" name="FormatToStringTest1000" />
    </UnitTest>
    <UnitTest name="FormatToStringTest1000 (88489.14069749469,88489.14 zł)" storage="c:\projekty\mstestproject\bin\debug\netcoreapp3.1\mstestproject.dll" id="7882cddc-6dcc-4167-8b88-62728b9e636c">
      <TestCategory>
        <TestCategoryItem TestCategory="Category1000" />
      </TestCategory>
      <Execution id="1b44cb95-ef42-43bb-8239-f2121c4ba68b" />
      <TestMethod codeBase="C:\Projekty\MSTestProject\bin\Debug\netcoreapp3.1\MSTestProject.dll" adapterTypeName="executor://mstestadapter/v2" className="TwojeWesele.Services.Helpers.Tests.CurrencyHelperTests" name="FormatToStringTest1000" />
    </UnitTest>
    <UnitTest name="FormatToStringTest1000 (6146.91236741278,6146.91 zł)" storage="c:\projekty\mstestproject\bin\debug\netcoreapp3.1\mstestproject.dll" id="b952cbcd-96b8-4d93-a512-e364325bbf33">
      <TestCategory>
        <TestCategoryItem TestCategory="Category1000" />
      </TestCategory>
      <Execution id="11b5f45e-1c39-43fa-af84-ac95bb2fef4e" />
      <TestMethod codeBase="C:\Projekty\MSTestProject\bin\Debug\netcoreapp3.1\MSTestProject.dll" adapterTypeName="executor://mstestadapter/v2" className="TwojeWesele.Services.Helpers.Tests.CurrencyHelperTests" name="FormatToStringTest1000" />
    </UnitTest>
    <UnitTest name="FormatToStringTest1000 (33699.13042082038,33699.13 zł)" storage="c:\projekty\mstestproject\bin\debug\netcoreapp3.1\mstestproject.dll" id="ce5e2f8f-a14b-447a-94a5-5f868f905c31">
      <TestCategory>
        <TestCategoryItem TestCategory="Category1000" />
      </TestCategory>
      <Execution id="7ce04c79-e079-4bd7-ac4d-708b9f3626de" />
      <TestMethod codeBase="C:\Projekty\MSTestProject\bin\Debug\netcoreapp3.1\MSTestProject.dll" adapterTypeName="executor://mstestadapter/v2" className="TwojeWesele.Services.Helpers.Tests.CurrencyHelperTests" name="FormatToStringTest1000" />
    </UnitTest>
    <UnitTest name="FormatToStringTest1000 (13844.577623300524,13844.58 zł)" storage="c:\projekty\mstestproject\bin\debug\netcoreapp3.1\mstestproject.dll" id="5364818f-6aff-4bdd-bfee-d826f8b82ebe">
      <TestCategory>
        <TestCategoryItem TestCategory="Category1000" />
      </TestCategory>
      <Execution id="a71946e4-6ce5-47b9-afd0-624effdb2877" />
      <TestMethod codeBase="C:\Projekty\MSTestProject\bin\Debug\netcoreapp3.1\MSTestProject.dll" adapterTypeName="executor://mstestadapter/v2" className="TwojeWesele.Services.Helpers.Tests.CurrencyHelperTests" name="FormatToStringTest1000" />
    </UnitTest>
    <UnitTest name="FormatToStringTest1000 (75350.77330865282,75350.77 zł)" storage="c:\projekty\mstestproject\bin\debug\netcoreapp3.1\mstestproject.dll" id="3bae61a6-52b1-4790-a92f-b29075d94cdf">
      <TestCategory>
        <TestCategoryItem TestCategory="Category1000" />
      </TestCategory>
      <Execution id="515f63dc-1080-4a86-abf8-3de256d26721" />
      <TestMethod codeBase="C:\Projekty\MSTestProject\bin\Debug\netcoreapp3.1\MSTestProject.dll" adapterTypeName="executor://mstestadapter/v2" className="TwojeWesele.Services.Helpers.Tests.CurrencyHelperTests" name="FormatToStringTest1000" />
    </UnitTest>
    <UnitTest name="FormatToStringTest1000 (30126.012320622805,30126.01 zł)" storage="c:\projekty\mstestproject\bin\debug\netcoreapp3.1\mstestproject.dll" id="3068c3c2-6117-4166-a5ff-411e01dc7de1">
      <TestCategory>
        <TestCategoryItem TestCategory="Category1000" />
      </TestCategory>
      <Execution id="bed96912-048c-48f7-849e-eb0c9b8cc4a1" />
      <TestMethod codeBase="C:\Projekty\MSTestProject\bin\Debug\netcoreapp3.1\MSTestProject.dll" adapterTypeName="executor://mstestadapter/v2" className="TwojeWesele.Services.Helpers.Tests.CurrencyHelperTests" name="FormatToStringTest1000" />
    </UnitTest>
    <UnitTest name="FormatToStringTest1000 (1898.24149096489,1898.24 zł)" storage="c:\projekty\mstestproject\bin\debug\netcoreapp3.1\mstestproject.dll" id="87d05cb1-6f95-4b9f-a3b8-e84338f35c0a">
      <TestCategory>
        <TestCategoryItem TestCategory="Category1000" />
      </TestCategory>
      <Execution id="32b58b0b-fa99-4298-bd87-f463364c11ad" />
      <TestMethod codeBase="C:\Projekty\MSTestProject\bin\Debug\netcoreapp3.1\MSTestProject.dll" adapterTypeName="executor://mstestadapter/v2" className="TwojeWesele.Services.Helpers.Tests.CurrencyHelperTests" name="FormatToStringTest1000" />
    </UnitTest>
    <UnitTest name="FormatToStringTest1000 (13855.30239352505,13855.30 zł)" storage="c:\projekty\mstestproject\bin\debug\netcoreapp3.1\mstestproject.dll" id="af287c58-8ac6-47d1-8b32-6f753a5722ce">
      <TestCategory>
        <TestCategoryItem TestCategory="Category1000" />
      </TestCategory>
      <Execution id="86955086-96b5-45d8-b52b-50a5c8cae358" />
      <TestMethod codeBase="C:\Projekty\MSTestProject\bin\Debug\netcoreapp3.1\MSTestProject.dll" adapterTypeName="executor://mstestadapter/v2" className="TwojeWesele.Services.Helpers.Tests.CurrencyHelperTests" name="FormatToStringTest1000" />
    </UnitTest>
    <UnitTest name="FormatToStringTest1000 (57713.01647853712,57713.02 zł)" storage="c:\projekty\mstestproject\bin\debug\netcoreapp3.1\mstestproject.dll" id="cb9d592a-1508-4085-8226-2179b08c22d4">
      <TestCategory>
        <TestCategoryItem TestCategory="Category1000" />
      </TestCategory>
      <Execution id="3c75a167-b289-4085-8631-046ec8badadd" />
      <TestMethod codeBase="C:\Projekty\MSTestProject\bin\Debug\netcoreapp3.1\MSTestProject.dll" adapterTypeName="executor://mstestadapter/v2" className="TwojeWesele.Services.Helpers.Tests.CurrencyHelperTests" name="FormatToStringTest1000" />
    </UnitTest>
    <UnitTest name="FormatToStringTest1000 (15337.485230751097,15337.49 zł)" storage="c:\projekty\mstestproject\bin\debug\netcoreapp3.1\mstestproject.dll" id="145c08b9-a31d-41d3-9e96-26f56e62e992">
      <TestCategory>
        <TestCategoryItem TestCategory="Category1000" />
      </TestCategory>
      <Execution id="18e37463-323a-4436-b9d9-554de12feb90" />
      <TestMethod codeBase="C:\Projekty\MSTestProject\bin\Debug\netcoreapp3.1\MSTestProject.dll" adapterTypeName="executor://mstestadapter/v2" className="TwojeWesele.Services.Helpers.Tests.CurrencyHelperTests" name="FormatToStringTest1000" />
    </UnitTest>
    <UnitTest name="FormatToStringTest1000 (49672.98901987402,49672.99 zł)" storage="c:\projekty\mstestproject\bin\debug\netcoreapp3.1\mstestproject.dll" id="7f17a59e-712e-489f-931c-46e551ee5820">
      <TestCategory>
        <TestCategoryItem TestCategory="Category1000" />
      </TestCategory>
      <Execution id="2cb56b4b-06b8-400d-b113-6d536779d734" />
      <TestMethod codeBase="C:\Projekty\MSTestProject\bin\Debug\netcoreapp3.1\MSTestProject.dll" adapterTypeName="executor://mstestadapter/v2" className="TwojeWesele.Services.Helpers.Tests.CurrencyHelperTests" name="FormatToStringTest1000" />
    </UnitTest>
    <UnitTest name="FormatToStringTest1000 (19873.59831658453,19873.60 zł)" storage="c:\projekty\mstestproject\bin\debug\netcoreapp3.1\mstestproject.dll" id="9040da76-d707-4b6b-9e77-e692781e30bf">
      <TestCategory>
        <TestCategoryItem TestCategory="Category1000" />
      </TestCategory>
      <Execution id="36e259af-1f9f-492d-ab50-4ffedb7fda88" />
      <TestMethod codeBase="C:\Projekty\MSTestProject\bin\Debug\netcoreapp3.1\MSTestProject.dll" adapterTypeName="executor://mstestadapter/v2" className="TwojeWesele.Services.Helpers.Tests.CurrencyHelperTests" name="FormatToStringTest1000" />
    </UnitTest>
    <UnitTest name="FormatToStringTest1000 (4030.673117592313,4030.67 zł)" storage="c:\projekty\mstestproject\bin\debug\netcoreapp3.1\mstestproject.dll" id="537b9aff-2112-4158-adc7-81bd334ce0b6">
      <TestCategory>
        <TestCategoryItem TestCategory="Category1000" />
      </TestCategory>
      <Execution id="7d47f720-42bf-49bf-bdd0-3d196a0fffb1" />
      <TestMethod codeBase="C:\Projekty\MSTestProject\bin\Debug\netcoreapp3.1\MSTestProject.dll" adapterTypeName="executor://mstestadapter/v2" className="TwojeWesele.Services.Helpers.Tests.CurrencyHelperTests" name="FormatToStringTest1000" />
    </UnitTest>
    <UnitTest name="FormatToStringTest1000 (5398.2412667191775,5398.24 zł)" storage="c:\projekty\mstestproject\bin\debug\netcoreapp3.1\mstestproject.dll" id="dbfbf6c4-f3c5-488c-8b75-2e9e1c391eb5">
      <TestCategory>
        <TestCategoryItem TestCategory="Category1000" />
      </TestCategory>
      <Execution id="6194f914-6552-40c6-8204-521e2288fd81" />
      <TestMethod codeBase="C:\Projekty\MSTestProject\bin\Debug\netcoreapp3.1\MSTestProject.dll" adapterTypeName="executor://mstestadapter/v2" className="TwojeWesele.Services.Helpers.Tests.CurrencyHelperTests" name="FormatToStringTest1000" />
    </UnitTest>
    <UnitTest name="FormatToStringTest1000 (24646.322657574587,24646.32 zł)" storage="c:\projekty\mstestproject\bin\debug\netcoreapp3.1\mstestproject.dll" id="8c41222f-c02f-49b9-a5ef-8ce9e283b876">
      <TestCategory>
        <TestCategoryItem TestCategory="Category1000" />
      </TestCategory>
      <Execution id="b97b5ff5-1b89-4e7e-ac90-6f8ef694d4e0" />
      <TestMethod codeBase="C:\Projekty\MSTestProject\bin\Debug\netcoreapp3.1\MSTestProject.dll" adapterTypeName="executor://mstestadapter/v2" className="TwojeWesele.Services.Helpers.Tests.CurrencyHelperTests" name="FormatToStringTest1000" />
    </UnitTest>
    <UnitTest name="FormatToStringTest1000 (15639.704937780603,15639.70 zł)" storage="c:\projekty\mstestproject\bin\debug\netcoreapp3.1\mstestproject.dll" id="4eeb05ef-8f08-41a6-9e29-50aadbc76c41">
      <TestCategory>
        <TestCategoryItem TestCategory="Category1000" />
      </TestCategory>
      <Execution id="1d043413-4146-403c-b3d6-e4f8bb5a9742" />
      <TestMethod codeBase="C:\Projekty\MSTestProject\bin\Debug\netcoreapp3.1\MSTestProject.dll" adapterTypeName="executor://mstestadapter/v2" className="TwojeWesele.Services.Helpers.Tests.CurrencyHelperTests" name="FormatToStringTest1000" />
    </UnitTest>
    <UnitTest name="FormatToStringTest1000 (1884.4923513031063,1884.49 zł)" storage="c:\projekty\mstestproject\bin\debug\netcoreapp3.1\mstestproject.dll" id="d77cf88b-359f-43e9-9dbf-b87a6b8166cb">
      <TestCategory>
        <TestCategoryItem TestCategory="Category1000" />
      </TestCategory>
      <Execution id="d755647d-5620-46ee-ac83-caa3d4f9f70c" />
      <TestMethod codeBase="C:\Projekty\MSTestProject\bin\Debug\netcoreapp3.1\MSTestProject.dll" adapterTypeName="executor://mstestadapter/v2" className="TwojeWesele.Services.Helpers.Tests.CurrencyHelperTests" name="FormatToStringTest1000" />
    </UnitTest>
    <UnitTest name="FormatToStringTest1000 (9897.705953436767,9897.71 zł)" storage="c:\projekty\mstestproject\bin\debug\netcoreapp3.1\mstestproject.dll" id="ce1fe191-8023-492d-8317-1d8aca95bf4c">
      <TestCategory>
        <TestCategoryItem TestCategory="Category1000" />
      </TestCategory>
      <Execution id="0fc1b28d-9411-4234-a668-f346c05bdc62" />
      <TestMethod codeBase="C:\Projekty\MSTestProject\bin\Debug\netcoreapp3.1\MSTestProject.dll" adapterTypeName="executor://mstestadapter/v2" className="TwojeWesele.Services.Helpers.Tests.CurrencyHelperTests" name="FormatToStringTest1000" />
    </UnitTest>
    <UnitTest name="FormatToStringTest1000 (3274.481392617096,3274.48 zł)" storage="c:\projekty\mstestproject\bin\debug\netcoreapp3.1\mstestproject.dll" id="b54922c2-c157-4e9b-b61a-9e21091146e7">
      <TestCategory>
        <TestCategoryItem TestCategory="Category1000" />
      </TestCategory>
      <Execution id="a2f0686b-62f6-490c-8f81-60fec454c1d2" />
      <TestMethod codeBase="C:\Projekty\MSTestProject\bin\Debug\netcoreapp3.1\MSTestProject.dll" adapterTypeName="executor://mstestadapter/v2" className="TwojeWesele.Services.Helpers.Tests.CurrencyHelperTests" name="FormatToStringTest1000" />
    </UnitTest>
    <UnitTest name="FormatToStringTest1000 (8499.121443388574,8499.12 zł)" storage="c:\projekty\mstestproject\bin\debug\netcoreapp3.1\mstestproject.dll" id="3be081c6-f006-43ad-b838-329fd6fd21b4">
      <TestCategory>
        <TestCategoryItem TestCategory="Category1000" />
      </TestCategory>
      <Execution id="35f30cea-7688-4c56-969f-700f128cc90a" />
      <TestMethod codeBase="C:\Projekty\MSTestProject\bin\Debug\netcoreapp3.1\MSTestProject.dll" adapterTypeName="executor://mstestadapter/v2" className="TwojeWesele.Services.Helpers.Tests.CurrencyHelperTests" name="FormatToStringTest1000" />
    </UnitTest>
    <UnitTest name="FormatToStringTest1000 (3131.5022711732904,3131.50 zł)" storage="c:\projekty\mstestproject\bin\debug\netcoreapp3.1\mstestproject.dll" id="fc53a3e0-f44b-44d8-a9a0-0ac1d32e4001">
      <TestCategory>
        <TestCategoryItem TestCategory="Category1000" />
      </TestCategory>
      <Execution id="96f227f7-d3ba-47c5-b8cd-3901b0a7d531" />
      <TestMethod codeBase="C:\Projekty\MSTestProject\bin\Debug\netcoreapp3.1\MSTestProject.dll" adapterTypeName="executor://mstestadapter/v2" className="TwojeWesele.Services.Helpers.Tests.CurrencyHelperTests" name="FormatToStringTest1000" />
    </UnitTest>
    <UnitTest name="FormatToStringTest1000 (4105.490993980081,4105.49 zł)" storage="c:\projekty\mstestproject\bin\debug\netcoreapp3.1\mstestproject.dll" id="096e7154-11fc-4378-ae7e-612ab1df2527">
      <TestCategory>
        <TestCategoryItem TestCategory="Category1000" />
      </TestCategory>
      <Execution id="12ec7c52-8cc3-43b1-aaf9-793d52e4d400" />
      <TestMethod codeBase="C:\Projekty\MSTestProject\bin\Debug\netcoreapp3.1\MSTestProject.dll" adapterTypeName="executor://mstestadapter/v2" className="TwojeWesele.Services.Helpers.Tests.CurrencyHelperTests" name="FormatToStringTest1000" />
    </UnitTest>
    <UnitTest name="FormatToStringTest1000 (37561.969571757116,37561.97 zł)" storage="c:\projekty\mstestproject\bin\debug\netcoreapp3.1\mstestproject.dll" id="2ab2c521-ef49-459a-8ac0-f2753a07dbf5">
      <TestCategory>
        <TestCategoryItem TestCategory="Category1000" />
      </TestCategory>
      <Execution id="bfc526d4-cfe5-483f-a51b-df8243772b86" />
      <TestMethod codeBase="C:\Projekty\MSTestProject\bin\Debug\netcoreapp3.1\MSTestProject.dll" adapterTypeName="executor://mstestadapter/v2" className="TwojeWesele.Services.Helpers.Tests.CurrencyHelperTests" name="FormatToStringTest1000" />
    </UnitTest>
    <UnitTest name="FormatToStringTest1000 (62975.496334776515,62975.50 zł)" storage="c:\projekty\mstestproject\bin\debug\netcoreapp3.1\mstestproject.dll" id="cdb14cee-5e8c-473d-aa65-4fc25b95c267">
      <TestCategory>
        <TestCategoryItem TestCategory="Category1000" />
      </TestCategory>
      <Execution id="dec1e986-a736-4e79-86c1-902b3e58b369" />
      <TestMethod codeBase="C:\Projekty\MSTestProject\bin\Debug\netcoreapp3.1\MSTestProject.dll" adapterTypeName="executor://mstestadapter/v2" className="TwojeWesele.Services.Helpers.Tests.CurrencyHelperTests" name="FormatToStringTest1000" />
    </UnitTest>
    <UnitTest name="FormatToStringTest1000 (68011.49219071423,68011.49 zł)" storage="c:\projekty\mstestproject\bin\debug\netcoreapp3.1\mstestproject.dll" id="e8e1db01-9682-44bf-b3ee-bc7594d90647">
      <TestCategory>
        <TestCategoryItem TestCategory="Category1000" />
      </TestCategory>
      <Execution id="845a4ec1-835e-403b-ba37-cad392d757b1" />
      <TestMethod codeBase="C:\Projekty\MSTestProject\bin\Debug\netcoreapp3.1\MSTestProject.dll" adapterTypeName="executor://mstestadapter/v2" className="TwojeWesele.Services.Helpers.Tests.CurrencyHelperTests" name="FormatToStringTest1000" />
    </UnitTest>
    <UnitTest name="FormatToStringTest1000 (3431.864349926759,3431.86 zł)" storage="c:\projekty\mstestproject\bin\debug\netcoreapp3.1\mstestproject.dll" id="88ac00d8-32fc-40ff-b4e4-f3c162c871ce">
      <TestCategory>
        <TestCategoryItem TestCategory="Category1000" />
      </TestCategory>
      <Execution id="88871cf3-3a25-4af6-91a5-c57a20dc16ad" />
      <TestMethod codeBase="C:\Projekty\MSTestProject\bin\Debug\netcoreapp3.1\MSTestProject.dll" adapterTypeName="executor://mstestadapter/v2" className="TwojeWesele.Services.Helpers.Tests.CurrencyHelperTests" name="FormatToStringTest1000" />
    </UnitTest>
    <UnitTest name="FormatToStringTest1000 (6676.5680544784145,6676.57 zł)" storage="c:\projekty\mstestproject\bin\debug\netcoreapp3.1\mstestproject.dll" id="3c077e86-f306-47b7-9ade-404f4c2501f2">
      <TestCategory>
        <TestCategoryItem TestCategory="Category1000" />
      </TestCategory>
      <Execution id="36ec6134-9f58-4988-911b-9945f8cddf81" />
      <TestMethod codeBase="C:\Projekty\MSTestProject\bin\Debug\netcoreapp3.1\MSTestProject.dll" adapterTypeName="executor://mstestadapter/v2" className="TwojeWesele.Services.Helpers.Tests.CurrencyHelperTests" name="FormatToStringTest1000" />
    </UnitTest>
    <UnitTest name="FormatToStringTest1000 (23282.56178903047,23282.56 zł)" storage="c:\projekty\mstestproject\bin\debug\netcoreapp3.1\mstestproject.dll" id="a2b5df47-f818-477c-8930-38f122b583f9">
      <TestCategory>
        <TestCategoryItem TestCategory="Category1000" />
      </TestCategory>
      <Execution id="43307c3c-4eb1-4990-9b73-90d60a2e8583" />
      <TestMethod codeBase="C:\Projekty\MSTestProject\bin\Debug\netcoreapp3.1\MSTestProject.dll" adapterTypeName="executor://mstestadapter/v2" className="TwojeWesele.Services.Helpers.Tests.CurrencyHelperTests" name="FormatToStringTest1000" />
    </UnitTest>
    <UnitTest name="FormatToStringTest1000 (3799.9216302064815,3799.92 zł)" storage="c:\projekty\mstestproject\bin\debug\netcoreapp3.1\mstestproject.dll" id="bc40c606-b1f6-4006-85a6-ed086a18d161">
      <TestCategory>
        <TestCategoryItem TestCategory="Category1000" />
      </TestCategory>
      <Execution id="f034c8f6-9a9e-4008-ac33-5c5ccc3a580d" />
      <TestMethod codeBase="C:\Projekty\MSTestProject\bin\Debug\netcoreapp3.1\MSTestProject.dll" adapterTypeName="executor://mstestadapter/v2" className="TwojeWesele.Services.Helpers.Tests.CurrencyHelperTests" name="FormatToStringTest1000" />
    </UnitTest>
    <UnitTest name="FormatToStringTest1000 (50550.645020282194,50550.65 zł)" storage="c:\projekty\mstestproject\bin\debug\netcoreapp3.1\mstestproject.dll" id="0258c2bf-cdb5-44b7-9ecc-d1d3e7f6234c">
      <TestCategory>
        <TestCategoryItem TestCategory="Category1000" />
      </TestCategory>
      <Execution id="3273d2c7-f7bd-4730-a4f2-d4f3bf41c7c6" />
      <TestMethod codeBase="C:\Projekty\MSTestProject\bin\Debug\netcoreapp3.1\MSTestProject.dll" adapterTypeName="executor://mstestadapter/v2" className="TwojeWesele.Services.Helpers.Tests.CurrencyHelperTests" name="FormatToStringTest1000" />
    </UnitTest>
    <UnitTest name="FormatToStringTest1000 (56373.35086238494,56373.35 zł)" storage="c:\projekty\mstestproject\bin\debug\netcoreapp3.1\mstestproject.dll" id="8ea009a6-be93-4be1-8905-6a607a976622">
      <TestCategory>
        <TestCategoryItem TestCategory="Category1000" />
      </TestCategory>
      <Execution id="41ddab99-d3a3-4775-9bd5-18598dbcaa1e" />
      <TestMethod codeBase="C:\Projekty\MSTestProject\bin\Debug\netcoreapp3.1\MSTestProject.dll" adapterTypeName="executor://mstestadapter/v2" className="TwojeWesele.Services.Helpers.Tests.CurrencyHelperTests" name="FormatToStringTest1000" />
    </UnitTest>
    <UnitTest name="FormatToStringTest1000 (591.2110872302256,591.21 zł)" storage="c:\projekty\mstestproject\bin\debug\netcoreapp3.1\mstestproject.dll" id="a6727b2c-02a0-46c5-b8ed-3834a128f092">
      <TestCategory>
        <TestCategoryItem TestCategory="Category1000" />
      </TestCategory>
      <Execution id="027c4d78-05bf-4a00-89e5-9e9265ab82b3" />
      <TestMethod codeBase="C:\Projekty\MSTestProject\bin\Debug\netcoreapp3.1\MSTestProject.dll" adapterTypeName="executor://mstestadapter/v2" className="TwojeWesele.Services.Helpers.Tests.CurrencyHelperTests" name="FormatToStringTest1000" />
    </UnitTest>
    <UnitTest name="FormatToStringTest1000 (42555.01416107594,42555.01 zł)" storage="c:\projekty\mstestproject\bin\debug\netcoreapp3.1\mstestproject.dll" id="0c8f21b5-3e4b-494b-8c82-e413150c575c">
      <TestCategory>
        <TestCategoryItem TestCategory="Category1000" />
      </TestCategory>
      <Execution id="6398d9cd-50f5-4b69-9889-e9d63305e3ed" />
      <TestMethod codeBase="C:\Projekty\MSTestProject\bin\Debug\netcoreapp3.1\MSTestProject.dll" adapterTypeName="executor://mstestadapter/v2" className="TwojeWesele.Services.Helpers.Tests.CurrencyHelperTests" name="FormatToStringTest1000" />
    </UnitTest>
    <UnitTest name="FormatToStringTest1000 (21728.91641959963,21728.92 zł)" storage="c:\projekty\mstestproject\bin\debug\netcoreapp3.1\mstestproject.dll" id="0e89102a-4b4d-445c-9133-2f67473f2baf">
      <TestCategory>
        <TestCategoryItem TestCategory="Category1000" />
      </TestCategory>
      <Execution id="0bb904c3-ef3d-4c44-ba25-88e10ac460a0" />
      <TestMethod codeBase="C:\Projekty\MSTestProject\bin\Debug\netcoreapp3.1\MSTestProject.dll" adapterTypeName="executor://mstestadapter/v2" className="TwojeWesele.Services.Helpers.Tests.CurrencyHelperTests" name="FormatToStringTest1000" />
    </UnitTest>
    <UnitTest name="FormatToStringTest1000 (19085.023282992664,19085.02 zł)" storage="c:\projekty\mstestproject\bin\debug\netcoreapp3.1\mstestproject.dll" id="6c8640c4-1660-48de-9255-07930cd24164">
      <TestCategory>
        <TestCategoryItem TestCategory="Category1000" />
      </TestCategory>
      <Execution id="dfa1a99e-b884-4da3-a1f4-f9c80e6b5ab6" />
      <TestMethod codeBase="C:\Projekty\MSTestProject\bin\Debug\netcoreapp3.1\MSTestProject.dll" adapterTypeName="executor://mstestadapter/v2" className="TwojeWesele.Services.Helpers.Tests.CurrencyHelperTests" name="FormatToStringTest1000" />
    </UnitTest>
    <UnitTest name="FormatToStringTest1000 (5957.42161879941,5957.42 zł)" storage="c:\projekty\mstestproject\bin\debug\netcoreapp3.1\mstestproject.dll" id="a35bf29b-0804-404a-8b02-7922bd1d7de0">
      <TestCategory>
        <TestCategoryItem TestCategory="Category1000" />
      </TestCategory>
      <Execution id="afbd335f-4c13-40ed-abe4-ed9efb69a683" />
      <TestMethod codeBase="C:\Projekty\MSTestProject\bin\Debug\netcoreapp3.1\MSTestProject.dll" adapterTypeName="executor://mstestadapter/v2" className="TwojeWesele.Services.Helpers.Tests.CurrencyHelperTests" name="FormatToStringTest1000" />
    </UnitTest>
    <UnitTest name="FormatToStringTest1000 (21328.29026726507,21328.29 zł)" storage="c:\projekty\mstestproject\bin\debug\netcoreapp3.1\mstestproject.dll" id="c06b30d5-385e-45e0-b2c5-a0cb2fc32034">
      <TestCategory>
        <TestCategoryItem TestCategory="Category1000" />
      </TestCategory>
      <Execution id="f69f6412-b291-4fae-87cd-8bf209fb5f74" />
      <TestMethod codeBase="C:\Projekty\MSTestProject\bin\Debug\netcoreapp3.1\MSTestProject.dll" adapterTypeName="executor://mstestadapter/v2" className="TwojeWesele.Services.Helpers.Tests.CurrencyHelperTests" name="FormatToStringTest1000" />
    </UnitTest>
    <UnitTest name="FormatToStringTest1000 (9196.579612724754,9196.58 zł)" storage="c:\projekty\mstestproject\bin\debug\netcoreapp3.1\mstestproject.dll" id="6bf77e5c-e110-4c5c-b13a-9081e8604c68">
      <TestCategory>
        <TestCategoryItem TestCategory="Category1000" />
      </TestCategory>
      <Execution id="01085fb3-2e2c-4e34-9f3d-be4be8de7308" />
      <TestMethod codeBase="C:\Projekty\MSTestProject\bin\Debug\netcoreapp3.1\MSTestProject.dll" adapterTypeName="executor://mstestadapter/v2" className="TwojeWesele.Services.Helpers.Tests.CurrencyHelperTests" name="FormatToStringTest1000" />
    </UnitTest>
    <UnitTest name="FormatToStringTest1000 (3521.3657738167635,3521.37 zł)" storage="c:\projekty\mstestproject\bin\debug\netcoreapp3.1\mstestproject.dll" id="33c69e8d-1c3a-4f4a-b286-f86d0a01a004">
      <TestCategory>
        <TestCategoryItem TestCategory="Category1000" />
      </TestCategory>
      <Execution id="cc0a133e-8253-4758-9e26-89a2c2e3315a" />
      <TestMethod codeBase="C:\Projekty\MSTestProject\bin\Debug\netcoreapp3.1\MSTestProject.dll" adapterTypeName="executor://mstestadapter/v2" className="TwojeWesele.Services.Helpers.Tests.CurrencyHelperTests" name="FormatToStringTest1000" />
    </UnitTest>
    <UnitTest name="FormatToStringTest1000 (21893.78889296939,21893.79 zł)" storage="c:\projekty\mstestproject\bin\debug\netcoreapp3.1\mstestproject.dll" id="39bd28af-632d-4aa1-b8fc-ff8da68299c4">
      <TestCategory>
        <TestCategoryItem TestCategory="Category1000" />
      </TestCategory>
      <Execution id="bacb4375-ee4a-4e0a-ac8b-b8b79dc4ab28" />
      <TestMethod codeBase="C:\Projekty\MSTestProject\bin\Debug\netcoreapp3.1\MSTestProject.dll" adapterTypeName="executor://mstestadapter/v2" className="TwojeWesele.Services.Helpers.Tests.CurrencyHelperTests" name="FormatToStringTest1000" />
    </UnitTest>
    <UnitTest name="FormatToStringTest1000 (51300.77891898145,51300.78 zł)" storage="c:\projekty\mstestproject\bin\debug\netcoreapp3.1\mstestproject.dll" id="200e8af0-f095-44a5-9f56-2f3ed52d257f">
      <TestCategory>
        <TestCategoryItem TestCategory="Category1000" />
      </TestCategory>
      <Execution id="a07881a0-f9fc-4876-8864-20c8339a1d40" />
      <TestMethod codeBase="C:\Projekty\MSTestProject\bin\Debug\netcoreapp3.1\MSTestProject.dll" adapterTypeName="executor://mstestadapter/v2" className="TwojeWesele.Services.Helpers.Tests.CurrencyHelperTests" name="FormatToStringTest1000" />
    </UnitTest>
    <UnitTest name="FormatToStringTest1000 (55030.929183896136,55030.93 zł)" storage="c:\projekty\mstestproject\bin\debug\netcoreapp3.1\mstestproject.dll" id="dfabf1da-3bef-40e2-b587-1e3632295f15">
      <TestCategory>
        <TestCategoryItem TestCategory="Category1000" />
      </TestCategory>
      <Execution id="b3adfc6f-c81b-4348-b26c-0b9bc87d7109" />
      <TestMethod codeBase="C:\Projekty\MSTestProject\bin\Debug\netcoreapp3.1\MSTestProject.dll" adapterTypeName="executor://mstestadapter/v2" className="TwojeWesele.Services.Helpers.Tests.CurrencyHelperTests" name="FormatToStringTest1000" />
    </UnitTest>
    <UnitTest name="FormatToStringTest1000 (24729.333280806586,24729.33 zł)" storage="c:\projekty\mstestproject\bin\debug\netcoreapp3.1\mstestproject.dll" id="766fada8-e953-4aae-9446-cf3540061053">
      <TestCategory>
        <TestCategoryItem TestCategory="Category1000" />
      </TestCategory>
      <Execution id="dc9c85ff-9e5f-45bd-8e7d-2cc6c72a380d" />
      <TestMethod codeBase="C:\Projekty\MSTestProject\bin\Debug\netcoreapp3.1\MSTestProject.dll" adapterTypeName="executor://mstestadapter/v2" className="TwojeWesele.Services.Helpers.Tests.CurrencyHelperTests" name="FormatToStringTest1000" />
    </UnitTest>
    <UnitTest name="FormatToStringTest1000 (5566.818038455592,5566.82 zł)" storage="c:\projekty\mstestproject\bin\debug\netcoreapp3.1\mstestproject.dll" id="3d1f9b57-bfa4-4f98-9a4e-93b7a52da27e">
      <TestCategory>
        <TestCategoryItem TestCategory="Category1000" />
      </TestCategory>
      <Execution id="7008eedb-6cc4-4dd1-b6ae-a5d186294dfc" />
      <TestMethod codeBase="C:\Projekty\MSTestProject\bin\Debug\netcoreapp3.1\MSTestProject.dll" adapterTypeName="executor://mstestadapter/v2" className="TwojeWesele.Services.Helpers.Tests.CurrencyHelperTests" name="FormatToStringTest1000" />
    </UnitTest>
    <UnitTest name="FormatToStringTest1000 (2929.267390865026,2929.27 zł)" storage="c:\projekty\mstestproject\bin\debug\netcoreapp3.1\mstestproject.dll" id="a50607f5-9aa9-432b-a54e-90a2e89e645d">
      <TestCategory>
        <TestCategoryItem TestCategory="Category1000" />
      </TestCategory>
      <Execution id="74cf7975-70d6-4df7-9f0e-1df1ca24a318" />
      <TestMethod codeBase="C:\Projekty\MSTestProject\bin\Debug\netcoreapp3.1\MSTestProject.dll" adapterTypeName="executor://mstestadapter/v2" className="TwojeWesele.Services.Helpers.Tests.CurrencyHelperTests" name="FormatToStringTest1000" />
    </UnitTest>
    <UnitTest name="FormatToStringTest1000 (16511.26921423537,16511.27 zł)" storage="c:\projekty\mstestproject\bin\debug\netcoreapp3.1\mstestproject.dll" id="8dd4ef9b-146f-42a5-84a5-53bccc396570">
      <TestCategory>
        <TestCategoryItem TestCategory="Category1000" />
      </TestCategory>
      <Execution id="5c37bc62-95cf-4a90-9d9f-63cf1cbc61bb" />
      <TestMethod codeBase="C:\Projekty\MSTestProject\bin\Debug\netcoreapp3.1\MSTestProject.dll" adapterTypeName="executor://mstestadapter/v2" className="TwojeWesele.Services.Helpers.Tests.CurrencyHelperTests" name="FormatToStringTest1000" />
    </UnitTest>
    <UnitTest name="FormatToStringTest1000 (12871.381729632794,12871.38 zł)" storage="c:\projekty\mstestproject\bin\debug\netcoreapp3.1\mstestproject.dll" id="f8a6f0e8-4727-4bd6-a6c2-2f01ed4a2e83">
      <TestCategory>
        <TestCategoryItem TestCategory="Category1000" />
      </TestCategory>
      <Execution id="129838d7-7173-42f6-a6ba-601370fc338a" />
      <TestMethod codeBase="C:\Projekty\MSTestProject\bin\Debug\netcoreapp3.1\MSTestProject.dll" adapterTypeName="executor://mstestadapter/v2" className="TwojeWesele.Services.Helpers.Tests.CurrencyHelperTests" name="FormatToStringTest1000" />
    </UnitTest>
    <UnitTest name="FormatToStringTest1000 (28068.20530246394,28068.21 zł)" storage="c:\projekty\mstestproject\bin\debug\netcoreapp3.1\mstestproject.dll" id="27e964c6-49f0-4580-ad45-8502b38c8092">
      <TestCategory>
        <TestCategoryItem TestCategory="Category1000" />
      </TestCategory>
      <Execution id="84448b7e-7765-48eb-90fd-47b42f73362c" />
      <TestMethod codeBase="C:\Projekty\MSTestProject\bin\Debug\netcoreapp3.1\MSTestProject.dll" adapterTypeName="executor://mstestadapter/v2" className="TwojeWesele.Services.Helpers.Tests.CurrencyHelperTests" name="FormatToStringTest1000" />
    </UnitTest>
    <UnitTest name="FormatToStringTest1000 (18596.12661189033,18596.13 zł)" storage="c:\projekty\mstestproject\bin\debug\netcoreapp3.1\mstestproject.dll" id="c95bb45a-ca5f-4424-bd9d-cc5157cb2f75">
      <TestCategory>
        <TestCategoryItem TestCategory="Category1000" />
      </TestCategory>
      <Execution id="7df2176a-a403-472f-aa62-ba26c7ff192f" />
      <TestMethod codeBase="C:\Projekty\MSTestProject\bin\Debug\netcoreapp3.1\MSTestProject.dll" adapterTypeName="executor://mstestadapter/v2" className="TwojeWesele.Services.Helpers.Tests.CurrencyHelperTests" name="FormatToStringTest1000" />
    </UnitTest>
    <UnitTest name="FormatToStringTest1000 (8211.920994553679,8211.92 zł)" storage="c:\projekty\mstestproject\bin\debug\netcoreapp3.1\mstestproject.dll" id="371a2a23-8d4e-4c00-b359-e86b63f2a8eb">
      <TestCategory>
        <TestCategoryItem TestCategory="Category1000" />
      </TestCategory>
      <Execution id="e0f352c7-3771-4a9d-a6f9-34d2b8244871" />
      <TestMethod codeBase="C:\Projekty\MSTestProject\bin\Debug\netcoreapp3.1\MSTestProject.dll" adapterTypeName="executor://mstestadapter/v2" className="TwojeWesele.Services.Helpers.Tests.CurrencyHelperTests" name="FormatToStringTest1000" />
    </UnitTest>
    <UnitTest name="FormatToStringTest1000 (6266.232005888704,6266.23 zł)" storage="c:\projekty\mstestproject\bin\debug\netcoreapp3.1\mstestproject.dll" id="a4cc5020-9182-44c8-a263-4f0c3122dc19">
      <TestCategory>
        <TestCategoryItem TestCategory="Category1000" />
      </TestCategory>
      <Execution id="f5abf84e-5b57-4680-acdd-12f542c877f4" />
      <TestMethod codeBase="C:\Projekty\MSTestProject\bin\Debug\netcoreapp3.1\MSTestProject.dll" adapterTypeName="executor://mstestadapter/v2" className="TwojeWesele.Services.Helpers.Tests.CurrencyHelperTests" name="FormatToStringTest1000" />
    </UnitTest>
    <UnitTest name="FormatToStringTest1000 (20441.330495004695,20441.33 zł)" storage="c:\projekty\mstestproject\bin\debug\netcoreapp3.1\mstestproject.dll" id="b8f2841e-5c62-4bfb-83e2-a6a10bb69d09">
      <TestCategory>
        <TestCategoryItem TestCategory="Category1000" />
      </TestCategory>
      <Execution id="ff75e634-a20d-420c-a75d-2803dc6a42e8" />
      <TestMethod codeBase="C:\Projekty\MSTestProject\bin\Debug\netcoreapp3.1\MSTestProject.dll" adapterTypeName="executor://mstestadapter/v2" className="TwojeWesele.Services.Helpers.Tests.CurrencyHelperTests" name="FormatToStringTest1000" />
    </UnitTest>
    <UnitTest name="FormatToStringTest1000 (59283.7670322637,59283.77 zł)" storage="c:\projekty\mstestproject\bin\debug\netcoreapp3.1\mstestproject.dll" id="2ee4173f-c91b-42c7-91c5-2bfa01828d25">
      <TestCategory>
        <TestCategoryItem TestCategory="Category1000" />
      </TestCategory>
      <Execution id="0d8c0a64-031a-475b-b0f7-84da986fdc07" />
      <TestMethod codeBase="C:\Projekty\MSTestProject\bin\Debug\netcoreapp3.1\MSTestProject.dll" adapterTypeName="executor://mstestadapter/v2" className="TwojeWesele.Services.Helpers.Tests.CurrencyHelperTests" name="FormatToStringTest1000" />
    </UnitTest>
    <UnitTest name="FormatToStringTest1000 (5810.695934967462,5810.70 zł)" storage="c:\projekty\mstestproject\bin\debug\netcoreapp3.1\mstestproject.dll" id="4f59fc63-9c86-451d-8400-d3ef143fffda">
      <TestCategory>
        <TestCategoryItem TestCategory="Category1000" />
      </TestCategory>
      <Execution id="3cd57961-496a-4889-8598-057ff5b87c04" />
      <TestMethod codeBase="C:\Projekty\MSTestProject\bin\Debug\netcoreapp3.1\MSTestProject.dll" adapterTypeName="executor://mstestadapter/v2" className="TwojeWesele.Services.Helpers.Tests.CurrencyHelperTests" name="FormatToStringTest1000" />
    </UnitTest>
    <UnitTest name="FormatToStringTest1000 (1687.5965557361937,1687.60 zł)" storage="c:\projekty\mstestproject\bin\debug\netcoreapp3.1\mstestproject.dll" id="21297730-3dbf-4ee1-8233-0e44b6a73e05">
      <TestCategory>
        <TestCategoryItem TestCategory="Category1000" />
      </TestCategory>
      <Execution id="d1d02ac9-8f5d-463f-809f-6c54da097377" />
      <TestMethod codeBase="C:\Projekty\MSTestProject\bin\Debug\netcoreapp3.1\MSTestProject.dll" adapterTypeName="executor://mstestadapter/v2" className="TwojeWesele.Services.Helpers.Tests.CurrencyHelperTests" name="FormatToStringTest1000" />
    </UnitTest>
    <UnitTest name="FormatToStringTest1000 (17031.365705376662,17031.37 zł)" storage="c:\projekty\mstestproject\bin\debug\netcoreapp3.1\mstestproject.dll" id="24f8b4c0-22b0-4e03-9226-d6b78524830f">
      <TestCategory>
        <TestCategoryItem TestCategory="Category1000" />
      </TestCategory>
      <Execution id="2ab8707f-57c7-490d-8941-f56b07bbd18c" />
      <TestMethod codeBase="C:\Projekty\MSTestProject\bin\Debug\netcoreapp3.1\MSTestProject.dll" adapterTypeName="executor://mstestadapter/v2" className="TwojeWesele.Services.Helpers.Tests.CurrencyHelperTests" name="FormatToStringTest1000" />
    </UnitTest>
    <UnitTest name="FormatToStringTest1000 (4592.278577496428,4592.28 zł)" storage="c:\projekty\mstestproject\bin\debug\netcoreapp3.1\mstestproject.dll" id="ac75cd37-907d-47ce-a0ed-312593d0ec6b">
      <TestCategory>
        <TestCategoryItem TestCategory="Category1000" />
      </TestCategory>
      <Execution id="a0459fdd-d323-4f4b-a2b1-cb180b9e49aa" />
      <TestMethod codeBase="C:\Projekty\MSTestProject\bin\Debug\netcoreapp3.1\MSTestProject.dll" adapterTypeName="executor://mstestadapter/v2" className="TwojeWesele.Services.Helpers.Tests.CurrencyHelperTests" name="FormatToStringTest1000" />
    </UnitTest>
    <UnitTest name="FormatToStringTest1000 (5504.094303639184,5504.09 zł)" storage="c:\projekty\mstestproject\bin\debug\netcoreapp3.1\mstestproject.dll" id="18e3ad7b-1c27-490a-93a4-60839a303cce">
      <TestCategory>
        <TestCategoryItem TestCategory="Category1000" />
      </TestCategory>
      <Execution id="d6f7fea9-2c20-4d8d-8620-cbdb0554f5cb" />
      <TestMethod codeBase="C:\Projekty\MSTestProject\bin\Debug\netcoreapp3.1\MSTestProject.dll" adapterTypeName="executor://mstestadapter/v2" className="TwojeWesele.Services.Helpers.Tests.CurrencyHelperTests" name="FormatToStringTest1000" />
    </UnitTest>
    <UnitTest name="FormatToStringTest1000 (7377.5644264340235,7377.56 zł)" storage="c:\projekty\mstestproject\bin\debug\netcoreapp3.1\mstestproject.dll" id="71a317a6-21a3-400a-b39f-f15bcd879738">
      <TestCategory>
        <TestCategoryItem TestCategory="Category1000" />
      </TestCategory>
      <Execution id="e082444b-53a7-434b-bc2e-45434509709b" />
      <TestMethod codeBase="C:\Projekty\MSTestProject\bin\Debug\netcoreapp3.1\MSTestProject.dll" adapterTypeName="executor://mstestadapter/v2" className="TwojeWesele.Services.Helpers.Tests.CurrencyHelperTests" name="FormatToStringTest1000" />
    </UnitTest>
    <UnitTest name="FormatToStringTest1000 (63507.32603545455,63507.33 zł)" storage="c:\projekty\mstestproject\bin\debug\netcoreapp3.1\mstestproject.dll" id="ed29c248-ee9b-4f2a-b3e7-95198e68877c">
      <TestCategory>
        <TestCategoryItem TestCategory="Category1000" />
      </TestCategory>
      <Execution id="17dac8e8-db13-453e-aba3-e90cd7d6e958" />
      <TestMethod codeBase="C:\Projekty\MSTestProject\bin\Debug\netcoreapp3.1\MSTestProject.dll" adapterTypeName="executor://mstestadapter/v2" className="TwojeWesele.Services.Helpers.Tests.CurrencyHelperTests" name="FormatToStringTest1000" />
    </UnitTest>
    <UnitTest name="FormatToStringTest1000 (87505.85936583664,87505.86 zł)" storage="c:\projekty\mstestproject\bin\debug\netcoreapp3.1\mstestproject.dll" id="bedf300f-6518-43a4-bb7e-ac9fae740372">
      <TestCategory>
        <TestCategoryItem TestCategory="Category1000" />
      </TestCategory>
      <Execution id="c8ff160f-a49e-4504-af0b-f85e0f841f5d" />
      <TestMethod codeBase="C:\Projekty\MSTestProject\bin\Debug\netcoreapp3.1\MSTestProject.dll" adapterTypeName="executor://mstestadapter/v2" className="TwojeWesele.Services.Helpers.Tests.CurrencyHelperTests" name="FormatToStringTest1000" />
    </UnitTest>
    <UnitTest name="FormatToStringTest1000 (12308.022158465357,12308.02 zł)" storage="c:\projekty\mstestproject\bin\debug\netcoreapp3.1\mstestproject.dll" id="393895cc-2ebf-41a7-bc07-8145f3099d66">
      <TestCategory>
        <TestCategoryItem TestCategory="Category1000" />
      </TestCategory>
      <Execution id="c2867eba-c96e-4052-8423-3d7b8f7f8699" />
      <TestMethod codeBase="C:\Projekty\MSTestProject\bin\Debug\netcoreapp3.1\MSTestProject.dll" adapterTypeName="executor://mstestadapter/v2" className="TwojeWesele.Services.Helpers.Tests.CurrencyHelperTests" name="FormatToStringTest1000" />
    </UnitTest>
    <UnitTest name="FormatToStringTest1000 (26133.133789601336,26133.13 zł)" storage="c:\projekty\mstestproject\bin\debug\netcoreapp3.1\mstestproject.dll" id="be8aa422-18f1-4f71-8ff8-6eaa5c590c70">
      <TestCategory>
        <TestCategoryItem TestCategory="Category1000" />
      </TestCategory>
      <Execution id="66427ba6-143b-457a-925d-a6e0d0604e53" />
      <TestMethod codeBase="C:\Projekty\MSTestProject\bin\Debug\netcoreapp3.1\MSTestProject.dll" adapterTypeName="executor://mstestadapter/v2" className="TwojeWesele.Services.Helpers.Tests.CurrencyHelperTests" name="FormatToStringTest1000" />
    </UnitTest>
    <UnitTest name="FormatToStringTest1000 (45455.14554704127,45455.15 zł)" storage="c:\projekty\mstestproject\bin\debug\netcoreapp3.1\mstestproject.dll" id="fa049f0c-079d-4259-909d-f4e504ff2ad5">
      <TestCategory>
        <TestCategoryItem TestCategory="Category1000" />
      </TestCategory>
      <Execution id="4d6da111-2e7b-4c58-8780-4eb1204481c6" />
      <TestMethod codeBase="C:\Projekty\MSTestProject\bin\Debug\netcoreapp3.1\MSTestProject.dll" adapterTypeName="executor://mstestadapter/v2" className="TwojeWesele.Services.Helpers.Tests.CurrencyHelperTests" name="FormatToStringTest1000" />
    </UnitTest>
    <UnitTest name="FormatToStringTest1000 (12125.090155628086,12125.09 zł)" storage="c:\projekty\mstestproject\bin\debug\netcoreapp3.1\mstestproject.dll" id="d679a2cc-d954-4339-8a9a-e5a49e4f8e34">
      <TestCategory>
        <TestCategoryItem TestCategory="Category1000" />
      </TestCategory>
      <Execution id="2374b6a4-4a9b-48b1-9785-b070503c2b2e" />
      <TestMethod codeBase="C:\Projekty\MSTestProject\bin\Debug\netcoreapp3.1\MSTestProject.dll" adapterTypeName="executor://mstestadapter/v2" className="TwojeWesele.Services.Helpers.Tests.CurrencyHelperTests" name="FormatToStringTest1000" />
    </UnitTest>
    <UnitTest name="FormatToStringTest1000 (38845.74924104323,38845.75 zł)" storage="c:\projekty\mstestproject\bin\debug\netcoreapp3.1\mstestproject.dll" id="d0631c20-aa1e-47f4-9129-adb67d97747e">
      <TestCategory>
        <TestCategoryItem TestCategory="Category1000" />
      </TestCategory>
      <Execution id="a96ae696-2c55-424e-9ca4-ef57705bd4d3" />
      <TestMethod codeBase="C:\Projekty\MSTestProject\bin\Debug\netcoreapp3.1\MSTestProject.dll" adapterTypeName="executor://mstestadapter/v2" className="TwojeWesele.Services.Helpers.Tests.CurrencyHelperTests" name="FormatToStringTest1000" />
    </UnitTest>
    <UnitTest name="FormatToStringTest1000 (3092.9215945624383,3092.92 zł)" storage="c:\projekty\mstestproject\bin\debug\netcoreapp3.1\mstestproject.dll" id="f5e22862-9dea-46e5-b432-7502695f0093">
      <TestCategory>
        <TestCategoryItem TestCategory="Category1000" />
      </TestCategory>
      <Execution id="975676bc-3686-4b01-acc6-5e2ac55c0d13" />
      <TestMethod codeBase="C:\Projekty\MSTestProject\bin\Debug\netcoreapp3.1\MSTestProject.dll" adapterTypeName="executor://mstestadapter/v2" className="TwojeWesele.Services.Helpers.Tests.CurrencyHelperTests" name="FormatToStringTest1000" />
    </UnitTest>
    <UnitTest name="FormatToStringTest1000 (45930.2386782068,45930.24 zł)" storage="c:\projekty\mstestproject\bin\debug\netcoreapp3.1\mstestproject.dll" id="d727d35a-1056-4322-9769-62059b1038e8">
      <TestCategory>
        <TestCategoryItem TestCategory="Category1000" />
      </TestCategory>
      <Execution id="e1b654f8-4b41-4f72-8521-72f0fe53818d" />
      <TestMethod codeBase="C:\Projekty\MSTestProject\bin\Debug\netcoreapp3.1\MSTestProject.dll" adapterTypeName="executor://mstestadapter/v2" className="TwojeWesele.Services.Helpers.Tests.CurrencyHelperTests" name="FormatToStringTest1000" />
    </UnitTest>
    <UnitTest name="FormatToStringTest1000 (41873.517751020154,41873.52 zł)" storage="c:\projekty\mstestproject\bin\debug\netcoreapp3.1\mstestproject.dll" id="344ab626-759a-4852-8ec1-6f1a92679438">
      <TestCategory>
        <TestCategoryItem TestCategory="Category1000" />
      </TestCategory>
      <Execution id="a331b3cd-44d5-45bb-bbcc-c4a20672a659" />
      <TestMethod codeBase="C:\Projekty\MSTestProject\bin\Debug\netcoreapp3.1\MSTestProject.dll" adapterTypeName="executor://mstestadapter/v2" className="TwojeWesele.Services.Helpers.Tests.CurrencyHelperTests" name="FormatToStringTest1000" />
    </UnitTest>
    <UnitTest name="FormatToStringTest1000 (6205.946199725357,6205.95 zł)" storage="c:\projekty\mstestproject\bin\debug\netcoreapp3.1\mstestproject.dll" id="5b056227-1995-416d-9296-adb998c89be0">
      <TestCategory>
        <TestCategoryItem TestCategory="Category1000" />
      </TestCategory>
      <Execution id="4d896abc-a24e-4979-899f-06d7f03e8c2f" />
      <TestMethod codeBase="C:\Projekty\MSTestProject\bin\Debug\netcoreapp3.1\MSTestProject.dll" adapterTypeName="executor://mstestadapter/v2" className="TwojeWesele.Services.Helpers.Tests.CurrencyHelperTests" name="FormatToStringTest1000" />
    </UnitTest>
    <UnitTest name="FormatToStringTest1000 (63946.51014057478,63946.51 zł)" storage="c:\projekty\mstestproject\bin\debug\netcoreapp3.1\mstestproject.dll" id="3ea3c5f6-705b-44f4-a913-1c6ac46a552f">
      <TestCategory>
        <TestCategoryItem TestCategory="Category1000" />
      </TestCategory>
      <Execution id="05008377-f9e3-4652-a554-413aa4237671" />
      <TestMethod codeBase="C:\Projekty\MSTestProject\bin\Debug\netcoreapp3.1\MSTestProject.dll" adapterTypeName="executor://mstestadapter/v2" className="TwojeWesele.Services.Helpers.Tests.CurrencyHelperTests" name="FormatToStringTest1000" />
    </UnitTest>
    <UnitTest name="FormatToStringTest1000 (24030.724859085738,24030.72 zł)" storage="c:\projekty\mstestproject\bin\debug\netcoreapp3.1\mstestproject.dll" id="ebcf68a8-ac10-4cb5-929e-21503aea10c4">
      <TestCategory>
        <TestCategoryItem TestCategory="Category1000" />
      </TestCategory>
      <Execution id="b417568c-47e9-44a3-91b6-8a171abf38f8" />
      <TestMethod codeBase="C:\Projekty\MSTestProject\bin\Debug\netcoreapp3.1\MSTestProject.dll" adapterTypeName="executor://mstestadapter/v2" className="TwojeWesele.Services.Helpers.Tests.CurrencyHelperTests" name="FormatToStringTest1000" />
    </UnitTest>
    <UnitTest name="FormatToStringTest1000 (72905.64834432845,72905.65 zł)" storage="c:\projekty\mstestproject\bin\debug\netcoreapp3.1\mstestproject.dll" id="792768ca-1e34-49b1-bb81-6295972d7023">
      <TestCategory>
        <TestCategoryItem TestCategory="Category1000" />
      </TestCategory>
      <Execution id="e2e73549-1726-4d2f-b842-c73956c72fca" />
      <TestMethod codeBase="C:\Projekty\MSTestProject\bin\Debug\netcoreapp3.1\MSTestProject.dll" adapterTypeName="executor://mstestadapter/v2" className="TwojeWesele.Services.Helpers.Tests.CurrencyHelperTests" name="FormatToStringTest1000" />
    </UnitTest>
    <UnitTest name="FormatToStringTest1000 (782.6578288817116,782.66 zł)" storage="c:\projekty\mstestproject\bin\debug\netcoreapp3.1\mstestproject.dll" id="930823b7-fc82-4f42-b237-1f8e200ea055">
      <TestCategory>
        <TestCategoryItem TestCategory="Category1000" />
      </TestCategory>
      <Execution id="b30484ac-46a8-4e51-a2e5-b1bf84bad08e" />
      <TestMethod codeBase="C:\Projekty\MSTestProject\bin\Debug\netcoreapp3.1\MSTestProject.dll" adapterTypeName="executor://mstestadapter/v2" className="TwojeWesele.Services.Helpers.Tests.CurrencyHelperTests" name="FormatToStringTest1000" />
    </UnitTest>
    <UnitTest name="FormatToStringTest1000 (45035.160883881224,45035.16 zł)" storage="c:\projekty\mstestproject\bin\debug\netcoreapp3.1\mstestproject.dll" id="3646a1d2-a647-4e05-8fd6-56a0128aa69f">
      <TestCategory>
        <TestCategoryItem TestCategory="Category1000" />
      </TestCategory>
      <Execution id="de7991ad-140e-4a7b-ac9b-289325413a72" />
      <TestMethod codeBase="C:\Projekty\MSTestProject\bin\Debug\netcoreapp3.1\MSTestProject.dll" adapterTypeName="executor://mstestadapter/v2" className="TwojeWesele.Services.Helpers.Tests.CurrencyHelperTests" name="FormatToStringTest1000" />
    </UnitTest>
    <UnitTest name="FormatToStringTest1000 (1751.1734380625066,1751.17 zł)" storage="c:\projekty\mstestproject\bin\debug\netcoreapp3.1\mstestproject.dll" id="e9e01671-e3c8-42b9-9917-6bcd6889437b">
      <TestCategory>
        <TestCategoryItem TestCategory="Category1000" />
      </TestCategory>
      <Execution id="faa2e780-f1e2-41b4-9c18-d701c8e0195e" />
      <TestMethod codeBase="C:\Projekty\MSTestProject\bin\Debug\netcoreapp3.1\MSTestProject.dll" adapterTypeName="executor://mstestadapter/v2" className="TwojeWesele.Services.Helpers.Tests.CurrencyHelperTests" name="FormatToStringTest1000" />
    </UnitTest>
    <UnitTest name="FormatToStringTest1000 (28502.61128259758,28502.61 zł)" storage="c:\projekty\mstestproject\bin\debug\netcoreapp3.1\mstestproject.dll" id="7ad9d582-e568-48b1-bec2-7c850be79d1b">
      <TestCategory>
        <TestCategoryItem TestCategory="Category1000" />
      </TestCategory>
      <Execution id="26880173-f553-4eea-a8b4-ad877a61c33d" />
      <TestMethod codeBase="C:\Projekty\MSTestProject\bin\Debug\netcoreapp3.1\MSTestProject.dll" adapterTypeName="executor://mstestadapter/v2" className="TwojeWesele.Services.Helpers.Tests.CurrencyHelperTests" name="FormatToStringTest1000" />
    </UnitTest>
    <UnitTest name="FormatToStringTest1000 (11989.099505855282,11989.10 zł)" storage="c:\projekty\mstestproject\bin\debug\netcoreapp3.1\mstestproject.dll" id="0617d88f-7241-4975-9fba-15292673d9bd">
      <TestCategory>
        <TestCategoryItem TestCategory="Category1000" />
      </TestCategory>
      <Execution id="83438b0d-3e62-46e7-b8af-5106dd5ec774" />
      <TestMethod codeBase="C:\Projekty\MSTestProject\bin\Debug\netcoreapp3.1\MSTestProject.dll" adapterTypeName="executor://mstestadapter/v2" className="TwojeWesele.Services.Helpers.Tests.CurrencyHelperTests" name="FormatToStringTest1000" />
    </UnitTest>
    <UnitTest name="FormatToStringTest1000 (33245.44763357819,33245.45 zł)" storage="c:\projekty\mstestproject\bin\debug\netcoreapp3.1\mstestproject.dll" id="05a07af0-67be-4880-9d3d-01042886750a">
      <TestCategory>
        <TestCategoryItem TestCategory="Category1000" />
      </TestCategory>
      <Execution id="e7aebb70-eabb-4dc8-bbd6-56ae4a598297" />
      <TestMethod codeBase="C:\Projekty\MSTestProject\bin\Debug\netcoreapp3.1\MSTestProject.dll" adapterTypeName="executor://mstestadapter/v2" className="TwojeWesele.Services.Helpers.Tests.CurrencyHelperTests" name="FormatToStringTest1000" />
    </UnitTest>
    <UnitTest name="FormatToStringTest1000 (13046.352146307172,13046.35 zł)" storage="c:\projekty\mstestproject\bin\debug\netcoreapp3.1\mstestproject.dll" id="0de78dcb-df8a-4467-811a-f304957f582e">
      <TestCategory>
        <TestCategoryItem TestCategory="Category1000" />
      </TestCategory>
      <Execution id="8f0757df-e5eb-40c3-b938-a03fff69d92d" />
      <TestMethod codeBase="C:\Projekty\MSTestProject\bin\Debug\netcoreapp3.1\MSTestProject.dll" adapterTypeName="executor://mstestadapter/v2" className="TwojeWesele.Services.Helpers.Tests.CurrencyHelperTests" name="FormatToStringTest1000" />
    </UnitTest>
    <UnitTest name="FormatToStringTest1000 (7592.950837113406,7592.95 zł)" storage="c:\projekty\mstestproject\bin\debug\netcoreapp3.1\mstestproject.dll" id="fb392cd1-5ce7-4478-a52b-3d3ad19e9097">
      <TestCategory>
        <TestCategoryItem TestCategory="Category1000" />
      </TestCategory>
      <Execution id="404bffed-bbd1-47e9-b90d-5540f4c0142e" />
      <TestMethod codeBase="C:\Projekty\MSTestProject\bin\Debug\netcoreapp3.1\MSTestProject.dll" adapterTypeName="executor://mstestadapter/v2" className="TwojeWesele.Services.Helpers.Tests.CurrencyHelperTests" name="FormatToStringTest1000" />
    </UnitTest>
    <UnitTest name="FormatToStringTest1000 (27050.586848031067,27050.59 zł)" storage="c:\projekty\mstestproject\bin\debug\netcoreapp3.1\mstestproject.dll" id="b3a5bf47-895d-4d47-87cc-d3d2cb791d6e">
      <TestCategory>
        <TestCategoryItem TestCategory="Category1000" />
      </TestCategory>
      <Execution id="b39ea6a7-5df5-443e-a5c3-8ee75deb4dc8" />
      <TestMethod codeBase="C:\Projekty\MSTestProject\bin\Debug\netcoreapp3.1\MSTestProject.dll" adapterTypeName="executor://mstestadapter/v2" className="TwojeWesele.Services.Helpers.Tests.CurrencyHelperTests" name="FormatToStringTest1000" />
    </UnitTest>
    <UnitTest name="FormatToStringTest1000 (4094.6752323977066,4094.68 zł)" storage="c:\projekty\mstestproject\bin\debug\netcoreapp3.1\mstestproject.dll" id="7d5108c4-51ce-4cd7-9e3d-53d8b5de8b4c">
      <TestCategory>
        <TestCategoryItem TestCategory="Category1000" />
      </TestCategory>
      <Execution id="8ef8c9b4-660b-4104-a58d-71a48a577b6d" />
      <TestMethod codeBase="C:\Projekty\MSTestProject\bin\Debug\netcoreapp3.1\MSTestProject.dll" adapterTypeName="executor://mstestadapter/v2" className="TwojeWesele.Services.Helpers.Tests.CurrencyHelperTests" name="FormatToStringTest1000" />
    </UnitTest>
    <UnitTest name="FormatToStringTest1000 (27852.532163303127,27852.53 zł)" storage="c:\projekty\mstestproject\bin\debug\netcoreapp3.1\mstestproject.dll" id="036824ef-b25d-4f13-9881-02e941ffda8e">
      <TestCategory>
        <TestCategoryItem TestCategory="Category1000" />
      </TestCategory>
      <Execution id="bcc8673d-adb1-49cf-9f5d-53b3dcac16c7" />
      <TestMethod codeBase="C:\Projekty\MSTestProject\bin\Debug\netcoreapp3.1\MSTestProject.dll" adapterTypeName="executor://mstestadapter/v2" className="TwojeWesele.Services.Helpers.Tests.CurrencyHelperTests" name="FormatToStringTest1000" />
    </UnitTest>
    <UnitTest name="FormatToStringTest1000 (10461.455048841171,10461.46 zł)" storage="c:\projekty\mstestproject\bin\debug\netcoreapp3.1\mstestproject.dll" id="489fb65e-8ee5-4e85-bf1e-6abb0a88916f">
      <TestCategory>
        <TestCategoryItem TestCategory="Category1000" />
      </TestCategory>
      <Execution id="07edc55c-ce87-49e7-b0cc-4e8152417aaf" />
      <TestMethod codeBase="C:\Projekty\MSTestProject\bin\Debug\netcoreapp3.1\MSTestProject.dll" adapterTypeName="executor://mstestadapter/v2" className="TwojeWesele.Services.Helpers.Tests.CurrencyHelperTests" name="FormatToStringTest1000" />
    </UnitTest>
    <UnitTest name="FormatToStringTest1000 (7715.904444139406,7715.90 zł)" storage="c:\projekty\mstestproject\bin\debug\netcoreapp3.1\mstestproject.dll" id="ac6d36ad-dea0-468f-99b6-b2d765f398e4">
      <TestCategory>
        <TestCategoryItem TestCategory="Category1000" />
      </TestCategory>
      <Execution id="c8de20ab-2cd8-4008-b4fa-dbf153e5e79d" />
      <TestMethod codeBase="C:\Projekty\MSTestProject\bin\Debug\netcoreapp3.1\MSTestProject.dll" adapterTypeName="executor://mstestadapter/v2" className="TwojeWesele.Services.Helpers.Tests.CurrencyHelperTests" name="FormatToStringTest1000" />
    </UnitTest>
    <UnitTest name="FormatToStringTest1000 (36969.98585167247,36969.99 zł)" storage="c:\projekty\mstestproject\bin\debug\netcoreapp3.1\mstestproject.dll" id="d6738970-aadf-4c13-af6b-888ab0e1af6c">
      <TestCategory>
        <TestCategoryItem TestCategory="Category1000" />
      </TestCategory>
      <Execution id="5e1c2d8c-04ad-44b9-93cf-5899da09da95" />
      <TestMethod codeBase="C:\Projekty\MSTestProject\bin\Debug\netcoreapp3.1\MSTestProject.dll" adapterTypeName="executor://mstestadapter/v2" className="TwojeWesele.Services.Helpers.Tests.CurrencyHelperTests" name="FormatToStringTest1000" />
    </UnitTest>
    <UnitTest name="FormatToStringTest1000 (6173.0243155793405,6173.02 zł)" storage="c:\projekty\mstestproject\bin\debug\netcoreapp3.1\mstestproject.dll" id="7bc8b30b-e3c8-464e-a8f3-18592254ed31">
      <TestCategory>
        <TestCategoryItem TestCategory="Category1000" />
      </TestCategory>
      <Execution id="bcdcd2e1-8062-4abe-bcbf-299eff8502f3" />
      <TestMethod codeBase="C:\Projekty\MSTestProject\bin\Debug\netcoreapp3.1\MSTestProject.dll" adapterTypeName="executor://mstestadapter/v2" className="TwojeWesele.Services.Helpers.Tests.CurrencyHelperTests" name="FormatToStringTest1000" />
    </UnitTest>
    <UnitTest name="FormatToStringTest1000 (11.555284778846096,11.56 zł)" storage="c:\projekty\mstestproject\bin\debug\netcoreapp3.1\mstestproject.dll" id="3ddb81b1-59c7-4d59-9fee-a3c39fc750fe">
      <TestCategory>
        <TestCategoryItem TestCategory="Category1000" />
      </TestCategory>
      <Execution id="5ac4a231-f3a5-4318-befa-afd29e95848e" />
      <TestMethod codeBase="C:\Projekty\MSTestProject\bin\Debug\netcoreapp3.1\MSTestProject.dll" adapterTypeName="executor://mstestadapter/v2" className="TwojeWesele.Services.Helpers.Tests.CurrencyHelperTests" name="FormatToStringTest1000" />
    </UnitTest>
    <UnitTest name="FormatToStringTest1000 (28306.369434126827,28306.37 zł)" storage="c:\projekty\mstestproject\bin\debug\netcoreapp3.1\mstestproject.dll" id="e6874bf1-909c-49ec-a6ce-89d8cfcccaff">
      <TestCategory>
        <TestCategoryItem TestCategory="Category1000" />
      </TestCategory>
      <Execution id="c9392428-af6a-44a0-bb27-b984936b52cc" />
      <TestMethod codeBase="C:\Projekty\MSTestProject\bin\Debug\netcoreapp3.1\MSTestProject.dll" adapterTypeName="executor://mstestadapter/v2" className="TwojeWesele.Services.Helpers.Tests.CurrencyHelperTests" name="FormatToStringTest1000" />
    </UnitTest>
    <UnitTest name="FormatToStringTest1000 (96.75594581512546,96.76 zł)" storage="c:\projekty\mstestproject\bin\debug\netcoreapp3.1\mstestproject.dll" id="1e3ac074-659e-48c8-9208-f54e18783e8f">
      <TestCategory>
        <TestCategoryItem TestCategory="Category1000" />
      </TestCategory>
      <Execution id="f9108214-242c-4b03-85c1-7c4aced2b59d" />
      <TestMethod codeBase="C:\Projekty\MSTestProject\bin\Debug\netcoreapp3.1\MSTestProject.dll" adapterTypeName="executor://mstestadapter/v2" className="TwojeWesele.Services.Helpers.Tests.CurrencyHelperTests" name="FormatToStringTest1000" />
    </UnitTest>
    <UnitTest name="FormatToStringTest1000 (13745.115971449817,13745.12 zł)" storage="c:\projekty\mstestproject\bin\debug\netcoreapp3.1\mstestproject.dll" id="d98b9d16-e91c-41da-b86f-39ba2f2a1729">
      <TestCategory>
        <TestCategoryItem TestCategory="Category1000" />
      </TestCategory>
      <Execution id="7a079e37-c6c2-4910-af66-470e337fbd97" />
      <TestMethod codeBase="C:\Projekty\MSTestProject\bin\Debug\netcoreapp3.1\MSTestProject.dll" adapterTypeName="executor://mstestadapter/v2" className="TwojeWesele.Services.Helpers.Tests.CurrencyHelperTests" name="FormatToStringTest1000" />
    </UnitTest>
    <UnitTest name="FormatToStringTest1000 (31347.468987404587,31347.47 zł)" storage="c:\projekty\mstestproject\bin\debug\netcoreapp3.1\mstestproject.dll" id="e147aeb1-5495-4103-a2c5-bd0cd72b1ecf">
      <TestCategory>
        <TestCategoryItem TestCategory="Category1000" />
      </TestCategory>
      <Execution id="2b2fd1f0-6ff5-4b40-9c8d-2496a8b5b7fb" />
      <TestMethod codeBase="C:\Projekty\MSTestProject\bin\Debug\netcoreapp3.1\MSTestProject.dll" adapterTypeName="executor://mstestadapter/v2" className="TwojeWesele.Services.Helpers.Tests.CurrencyHelperTests" name="FormatToStringTest1000" />
    </UnitTest>
    <UnitTest name="FormatToStringTest1000 (13027.93935961739,13027.94 zł)" storage="c:\projekty\mstestproject\bin\debug\netcoreapp3.1\mstestproject.dll" id="e4b4107d-dc56-41b5-9eb3-f086b5356c26">
      <TestCategory>
        <TestCategoryItem TestCategory="Category1000" />
      </TestCategory>
      <Execution id="10af96f5-d3c9-4630-b6f1-dbdfadbfd537" />
      <TestMethod codeBase="C:\Projekty\MSTestProject\bin\Debug\netcoreapp3.1\MSTestProject.dll" adapterTypeName="executor://mstestadapter/v2" className="TwojeWesele.Services.Helpers.Tests.CurrencyHelperTests" name="FormatToStringTest1000" />
    </UnitTest>
    <UnitTest name="FormatToStringTest1000 (47575.6421269959,47575.64 zł)" storage="c:\projekty\mstestproject\bin\debug\netcoreapp3.1\mstestproject.dll" id="6a9d1b61-0a66-4dc4-a95f-fb28a41697c0">
      <TestCategory>
        <TestCategoryItem TestCategory="Category1000" />
      </TestCategory>
      <Execution id="c74be53e-f9bb-41b2-a73a-7ec2846c1a58" />
      <TestMethod codeBase="C:\Projekty\MSTestProject\bin\Debug\netcoreapp3.1\MSTestProject.dll" adapterTypeName="executor://mstestadapter/v2" className="TwojeWesele.Services.Helpers.Tests.CurrencyHelperTests" name="FormatToStringTest1000" />
    </UnitTest>
    <UnitTest name="FormatToStringTest1000 (1745.490603896552,1745.49 zł)" storage="c:\projekty\mstestproject\bin\debug\netcoreapp3.1\mstestproject.dll" id="b8bf1131-f4a8-4ae4-8b13-2c5ea9f8df73">
      <TestCategory>
        <TestCategoryItem TestCategory="Category1000" />
      </TestCategory>
      <Execution id="12e3665a-0c79-4089-85f4-a30cba2cf591" />
      <TestMethod codeBase="C:\Projekty\MSTestProject\bin\Debug\netcoreapp3.1\MSTestProject.dll" adapterTypeName="executor://mstestadapter/v2" className="TwojeWesele.Services.Helpers.Tests.CurrencyHelperTests" name="FormatToStringTest1000" />
    </UnitTest>
    <UnitTest name="FormatToStringTest1000 (1662.8482664818168,1662.85 zł)" storage="c:\projekty\mstestproject\bin\debug\netcoreapp3.1\mstestproject.dll" id="c5977c51-0331-4667-a481-748b26b6d1e2">
      <TestCategory>
        <TestCategoryItem TestCategory="Category1000" />
      </TestCategory>
      <Execution id="80ad97ee-64e7-4177-b13d-e49f6def2fe3" />
      <TestMethod codeBase="C:\Projekty\MSTestProject\bin\Debug\netcoreapp3.1\MSTestProject.dll" adapterTypeName="executor://mstestadapter/v2" className="TwojeWesele.Services.Helpers.Tests.CurrencyHelperTests" name="FormatToStringTest1000" />
    </UnitTest>
    <UnitTest name="FormatToStringTest1000 (54304.07738935393,54304.08 zł)" storage="c:\projekty\mstestproject\bin\debug\netcoreapp3.1\mstestproject.dll" id="1623f742-d072-45d6-b807-d1ad5872b6d2">
      <TestCategory>
        <TestCategoryItem TestCategory="Category1000" />
      </TestCategory>
      <Execution id="0ff5c2b3-3427-481f-996e-3acec1115344" />
      <TestMethod codeBase="C:\Projekty\MSTestProject\bin\Debug\netcoreapp3.1\MSTestProject.dll" adapterTypeName="executor://mstestadapter/v2" className="TwojeWesele.Services.Helpers.Tests.CurrencyHelperTests" name="FormatToStringTest1000" />
    </UnitTest>
    <UnitTest name="FormatToStringTest1000 (15861.139287455073,15861.14 zł)" storage="c:\projekty\mstestproject\bin\debug\netcoreapp3.1\mstestproject.dll" id="6c351f28-b6fb-4e47-85f4-3d480f733b1b">
      <TestCategory>
        <TestCategoryItem TestCategory="Category1000" />
      </TestCategory>
      <Execution id="73ef200a-926c-48f4-8f5a-7bb58a4cce63" />
      <TestMethod codeBase="C:\Projekty\MSTestProject\bin\Debug\netcoreapp3.1\MSTestProject.dll" adapterTypeName="executor://mstestadapter/v2" className="TwojeWesele.Services.Helpers.Tests.CurrencyHelperTests" name="FormatToStringTest1000" />
    </UnitTest>
    <UnitTest name="FormatToStringTest1000 (7191.024921368353,7191.02 zł)" storage="c:\projekty\mstestproject\bin\debug\netcoreapp3.1\mstestproject.dll" id="762a6fe3-1d8a-49f0-bd13-9ab37d45a60d">
      <TestCategory>
        <TestCategoryItem TestCategory="Category1000" />
      </TestCategory>
      <Execution id="cb3e0eff-9934-4706-8949-cf3b817eb182" />
      <TestMethod codeBase="C:\Projekty\MSTestProject\bin\Debug\netcoreapp3.1\MSTestProject.dll" adapterTypeName="executor://mstestadapter/v2" className="TwojeWesele.Services.Helpers.Tests.CurrencyHelperTests" name="FormatToStringTest1000" />
    </UnitTest>
    <UnitTest name="FormatToStringTest1000 (14475.498583194567,14475.50 zł)" storage="c:\projekty\mstestproject\bin\debug\netcoreapp3.1\mstestproject.dll" id="6f0784ac-93e3-429e-b381-eaee2b0dcc91">
      <TestCategory>
        <TestCategoryItem TestCategory="Category1000" />
      </TestCategory>
      <Execution id="4286e1ec-e9a7-46a5-8b92-c5f4f1553056" />
      <TestMethod codeBase="C:\Projekty\MSTestProject\bin\Debug\netcoreapp3.1\MSTestProject.dll" adapterTypeName="executor://mstestadapter/v2" className="TwojeWesele.Services.Helpers.Tests.CurrencyHelperTests" name="FormatToStringTest1000" />
    </UnitTest>
    <UnitTest name="FormatToStringTest1000 (5396.620088554277,5396.62 zł)" storage="c:\projekty\mstestproject\bin\debug\netcoreapp3.1\mstestproject.dll" id="264d7a46-51a6-4e54-8bbf-e5ef08878571">
      <TestCategory>
        <TestCategoryItem TestCategory="Category1000" />
      </TestCategory>
      <Execution id="67a88d0c-48a0-457a-85d3-224faf67feb9" />
      <TestMethod codeBase="C:\Projekty\MSTestProject\bin\Debug\netcoreapp3.1\MSTestProject.dll" adapterTypeName="executor://mstestadapter/v2" className="TwojeWesele.Services.Helpers.Tests.CurrencyHelperTests" name="FormatToStringTest1000" />
    </UnitTest>
    <UnitTest name="FormatToStringTest1000 (759.247198292635,759.25 zł)" storage="c:\projekty\mstestproject\bin\debug\netcoreapp3.1\mstestproject.dll" id="8d0dfab9-c9ba-4bac-b823-4514edb38247">
      <TestCategory>
        <TestCategoryItem TestCategory="Category1000" />
      </TestCategory>
      <Execution id="ba31919e-9d7f-4fce-b270-59828fd0d12a" />
      <TestMethod codeBase="C:\Projekty\MSTestProject\bin\Debug\netcoreapp3.1\MSTestProject.dll" adapterTypeName="executor://mstestadapter/v2" className="TwojeWesele.Services.Helpers.Tests.CurrencyHelperTests" name="FormatToStringTest1000" />
    </UnitTest>
    <UnitTest name="FormatToStringTest1000 (317.9090540706688,317.91 zł)" storage="c:\projekty\mstestproject\bin\debug\netcoreapp3.1\mstestproject.dll" id="7b722bfb-298c-4473-b8fb-1e20cd433654">
      <TestCategory>
        <TestCategoryItem TestCategory="Category1000" />
      </TestCategory>
      <Execution id="a0a2f789-5f0e-413c-9384-f59d3ef3b862" />
      <TestMethod codeBase="C:\Projekty\MSTestProject\bin\Debug\netcoreapp3.1\MSTestProject.dll" adapterTypeName="executor://mstestadapter/v2" className="TwojeWesele.Services.Helpers.Tests.CurrencyHelperTests" name="FormatToStringTest1000" />
    </UnitTest>
    <UnitTest name="FormatToStringTest1000 (6220.182014914314,6220.18 zł)" storage="c:\projekty\mstestproject\bin\debug\netcoreapp3.1\mstestproject.dll" id="1450361a-f66f-40b6-a917-02cb70a66648">
      <TestCategory>
        <TestCategoryItem TestCategory="Category1000" />
      </TestCategory>
      <Execution id="39058189-f844-4e1c-9cff-826228e302f1" />
      <TestMethod codeBase="C:\Projekty\MSTestProject\bin\Debug\netcoreapp3.1\MSTestProject.dll" adapterTypeName="executor://mstestadapter/v2" className="TwojeWesele.Services.Helpers.Tests.CurrencyHelperTests" name="FormatToStringTest1000" />
    </UnitTest>
    <UnitTest name="FormatToStringTest1000 (37.631227987646696,37.63 zł)" storage="c:\projekty\mstestproject\bin\debug\netcoreapp3.1\mstestproject.dll" id="8a7b18f7-88e8-4029-b32d-c6e4aed7a6ca">
      <TestCategory>
        <TestCategoryItem TestCategory="Category1000" />
      </TestCategory>
      <Execution id="da57cdb1-b8c2-4693-bc29-967d7161a736" />
      <TestMethod codeBase="C:\Projekty\MSTestProject\bin\Debug\netcoreapp3.1\MSTestProject.dll" adapterTypeName="executor://mstestadapter/v2" className="TwojeWesele.Services.Helpers.Tests.CurrencyHelperTests" name="FormatToStringTest1000" />
    </UnitTest>
    <UnitTest name="FormatToStringTest1000 (9151.103070427245,9151.10 zł)" storage="c:\projekty\mstestproject\bin\debug\netcoreapp3.1\mstestproject.dll" id="a39be214-338d-4d3b-b7f2-6ba779656ebf">
      <TestCategory>
        <TestCategoryItem TestCategory="Category1000" />
      </TestCategory>
      <Execution id="8dbe99c4-e99c-4139-92da-0efce586aaf3" />
      <TestMethod codeBase="C:\Projekty\MSTestProject\bin\Debug\netcoreapp3.1\MSTestProject.dll" adapterTypeName="executor://mstestadapter/v2" className="TwojeWesele.Services.Helpers.Tests.CurrencyHelperTests" name="FormatToStringTest1000" />
    </UnitTest>
    <UnitTest name="FormatToStringTest1000 (68479.93492677805,68479.93 zł)" storage="c:\projekty\mstestproject\bin\debug\netcoreapp3.1\mstestproject.dll" id="d37cfc3b-678a-487e-8cb9-205fa04a3739">
      <TestCategory>
        <TestCategoryItem TestCategory="Category1000" />
      </TestCategory>
      <Execution id="d19ecd36-6196-422f-84e0-3b3cf092126e" />
      <TestMethod codeBase="C:\Projekty\MSTestProject\bin\Debug\netcoreapp3.1\MSTestProject.dll" adapterTypeName="executor://mstestadapter/v2" className="TwojeWesele.Services.Helpers.Tests.CurrencyHelperTests" name="FormatToStringTest1000" />
    </UnitTest>
    <UnitTest name="FormatToStringTest1000 (19189.32381924117,19189.32 zł)" storage="c:\projekty\mstestproject\bin\debug\netcoreapp3.1\mstestproject.dll" id="af48fa5e-5ff6-4fa5-8808-9946dee8a95f">
      <TestCategory>
        <TestCategoryItem TestCategory="Category1000" />
      </TestCategory>
      <Execution id="f548f8f5-9823-4c87-b652-688522e15b7f" />
      <TestMethod codeBase="C:\Projekty\MSTestProject\bin\Debug\netcoreapp3.1\MSTestProject.dll" adapterTypeName="executor://mstestadapter/v2" className="TwojeWesele.Services.Helpers.Tests.CurrencyHelperTests" name="FormatToStringTest1000" />
    </UnitTest>
    <UnitTest name="FormatToStringTest1000 (12903.541202012237,12903.54 zł)" storage="c:\projekty\mstestproject\bin\debug\netcoreapp3.1\mstestproject.dll" id="67362513-f8ef-4106-94ae-31b5f057e05e">
      <TestCategory>
        <TestCategoryItem TestCategory="Category1000" />
      </TestCategory>
      <Execution id="741e8c30-1e34-4740-9922-b3b3308f478d" />
      <TestMethod codeBase="C:\Projekty\MSTestProject\bin\Debug\netcoreapp3.1\MSTestProject.dll" adapterTypeName="executor://mstestadapter/v2" className="TwojeWesele.Services.Helpers.Tests.CurrencyHelperTests" name="FormatToStringTest1000" />
    </UnitTest>
    <UnitTest name="FormatToStringTest1000 (14480.387652530982,14480.39 zł)" storage="c:\projekty\mstestproject\bin\debug\netcoreapp3.1\mstestproject.dll" id="88bed14c-478b-42b2-8902-74569d91d437">
      <TestCategory>
        <TestCategoryItem TestCategory="Category1000" />
      </TestCategory>
      <Execution id="117b19eb-24c8-476c-9c34-61a147a2830a" />
      <TestMethod codeBase="C:\Projekty\MSTestProject\bin\Debug\netcoreapp3.1\MSTestProject.dll" adapterTypeName="executor://mstestadapter/v2" className="TwojeWesele.Services.Helpers.Tests.CurrencyHelperTests" name="FormatToStringTest1000" />
    </UnitTest>
    <UnitTest name="FormatToStringTest1000 (45603.90324273142,45603.90 zł)" storage="c:\projekty\mstestproject\bin\debug\netcoreapp3.1\mstestproject.dll" id="e88be5d0-fa07-47bd-91e6-5a3a352d7626">
      <TestCategory>
        <TestCategoryItem TestCategory="Category1000" />
      </TestCategory>
      <Execution id="28f08835-3b5e-4957-9dea-f63699a9d371" />
      <TestMethod codeBase="C:\Projekty\MSTestProject\bin\Debug\netcoreapp3.1\MSTestProject.dll" adapterTypeName="executor://mstestadapter/v2" className="TwojeWesele.Services.Helpers.Tests.CurrencyHelperTests" name="FormatToStringTest1000" />
    </UnitTest>
    <UnitTest name="FormatToStringTest1000 (22291.653251342315,22291.65 zł)" storage="c:\projekty\mstestproject\bin\debug\netcoreapp3.1\mstestproject.dll" id="4a08c215-ea79-469a-a20a-1c21f254c4e7">
      <TestCategory>
        <TestCategoryItem TestCategory="Category1000" />
      </TestCategory>
      <Execution id="124517b1-db19-4710-9966-8ee1832e9d29" />
      <TestMethod codeBase="C:\Projekty\MSTestProject\bin\Debug\netcoreapp3.1\MSTestProject.dll" adapterTypeName="executor://mstestadapter/v2" className="TwojeWesele.Services.Helpers.Tests.CurrencyHelperTests" name="FormatToStringTest1000" />
    </UnitTest>
    <UnitTest name="FormatToStringTest1000 (6654.099431086378,6654.10 zł)" storage="c:\projekty\mstestproject\bin\debug\netcoreapp3.1\mstestproject.dll" id="1f8fa388-2420-44a1-8b86-857ef92afb3f">
      <TestCategory>
        <TestCategoryItem TestCategory="Category1000" />
      </TestCategory>
      <Execution id="f340c8c2-641e-406b-986c-ed33fea8dd15" />
      <TestMethod codeBase="C:\Projekty\MSTestProject\bin\Debug\netcoreapp3.1\MSTestProject.dll" adapterTypeName="executor://mstestadapter/v2" className="TwojeWesele.Services.Helpers.Tests.CurrencyHelperTests" name="FormatToStringTest1000" />
    </UnitTest>
    <UnitTest name="FormatToStringTest1000 (4715.320654313695,4715.32 zł)" storage="c:\projekty\mstestproject\bin\debug\netcoreapp3.1\mstestproject.dll" id="bb1932a7-b27c-439b-a776-3e6eaa0fab1e">
      <TestCategory>
        <TestCategoryItem TestCategory="Category1000" />
      </TestCategory>
      <Execution id="a24645a4-512c-474f-baf1-dbfed62b5098" />
      <TestMethod codeBase="C:\Projekty\MSTestProject\bin\Debug\netcoreapp3.1\MSTestProject.dll" adapterTypeName="executor://mstestadapter/v2" className="TwojeWesele.Services.Helpers.Tests.CurrencyHelperTests" name="FormatToStringTest1000" />
    </UnitTest>
    <UnitTest name="FormatToStringTest1000 (4812.162927013898,4812.16 zł)" storage="c:\projekty\mstestproject\bin\debug\netcoreapp3.1\mstestproject.dll" id="34e54e00-4357-45ee-a9e9-ac8a563fedd1">
      <TestCategory>
        <TestCategoryItem TestCategory="Category1000" />
      </TestCategory>
      <Execution id="a42680e9-653d-46ee-9830-6a223ae67ae7" />
      <TestMethod codeBase="C:\Projekty\MSTestProject\bin\Debug\netcoreapp3.1\MSTestProject.dll" adapterTypeName="executor://mstestadapter/v2" className="TwojeWesele.Services.Helpers.Tests.CurrencyHelperTests" name="FormatToStringTest1000" />
    </UnitTest>
    <UnitTest name="FormatToStringTest1000 (27751.474436297303,27751.47 zł)" storage="c:\projekty\mstestproject\bin\debug\netcoreapp3.1\mstestproject.dll" id="40890062-22b7-4995-ac94-5a8c46eb112b">
      <TestCategory>
        <TestCategoryItem TestCategory="Category1000" />
      </TestCategory>
      <Execution id="7dd3b547-9471-476a-9133-bfc3b08a4710" />
      <TestMethod codeBase="C:\Projekty\MSTestProject\bin\Debug\netcoreapp3.1\MSTestProject.dll" adapterTypeName="executor://mstestadapter/v2" className="TwojeWesele.Services.Helpers.Tests.CurrencyHelperTests" name="FormatToStringTest1000" />
    </UnitTest>
    <UnitTest name="FormatToStringTest1000 (12429.698213906819,12429.70 zł)" storage="c:\projekty\mstestproject\bin\debug\netcoreapp3.1\mstestproject.dll" id="1cb6f984-7f82-4ba9-a1e3-e95709db9e37">
      <TestCategory>
        <TestCategoryItem TestCategory="Category1000" />
      </TestCategory>
      <Execution id="176db053-b5fc-432c-a0da-f958a5aa5879" />
      <TestMethod codeBase="C:\Projekty\MSTestProject\bin\Debug\netcoreapp3.1\MSTestProject.dll" adapterTypeName="executor://mstestadapter/v2" className="TwojeWesele.Services.Helpers.Tests.CurrencyHelperTests" name="FormatToStringTest1000" />
    </UnitTest>
    <UnitTest name="FormatToStringTest1000 (2444.4726240530017,2444.47 zł)" storage="c:\projekty\mstestproject\bin\debug\netcoreapp3.1\mstestproject.dll" id="923a1274-42ed-4497-be7b-e32195a61028">
      <TestCategory>
        <TestCategoryItem TestCategory="Category1000" />
      </TestCategory>
      <Execution id="7ab23346-c382-4e33-bed4-d0ee2c9f1f6e" />
      <TestMethod codeBase="C:\Projekty\MSTestProject\bin\Debug\netcoreapp3.1\MSTestProject.dll" adapterTypeName="executor://mstestadapter/v2" className="TwojeWesele.Services.Helpers.Tests.CurrencyHelperTests" name="FormatToStringTest1000" />
    </UnitTest>
    <UnitTest name="FormatToStringTest1000 (20244.692955315437,20244.69 zł)" storage="c:\projekty\mstestproject\bin\debug\netcoreapp3.1\mstestproject.dll" id="e1617c32-e335-42c0-8f5b-c9f0e2b3fbec">
      <TestCategory>
        <TestCategoryItem TestCategory="Category1000" />
      </TestCategory>
      <Execution id="30792668-1252-4823-87a7-411cb3833bbf" />
      <TestMethod codeBase="C:\Projekty\MSTestProject\bin\Debug\netcoreapp3.1\MSTestProject.dll" adapterTypeName="executor://mstestadapter/v2" className="TwojeWesele.Services.Helpers.Tests.CurrencyHelperTests" name="FormatToStringTest1000" />
    </UnitTest>
    <UnitTest name="FormatToStringTest1000 (35.34471716840971,35.34 zł)" storage="c:\projekty\mstestproject\bin\debug\netcoreapp3.1\mstestproject.dll" id="5fc94018-e896-452d-b7f9-e6cf5a0db19b">
      <TestCategory>
        <TestCategoryItem TestCategory="Category1000" />
      </TestCategory>
      <Execution id="1829154c-5659-4e5c-a253-2f7d5677d861" />
      <TestMethod codeBase="C:\Projekty\MSTestProject\bin\Debug\netcoreapp3.1\MSTestProject.dll" adapterTypeName="executor://mstestadapter/v2" className="TwojeWesele.Services.Helpers.Tests.CurrencyHelperTests" name="FormatToStringTest1000" />
    </UnitTest>
    <UnitTest name="FormatToStringTest1000 (9867.823212210007,9867.82 zł)" storage="c:\projekty\mstestproject\bin\debug\netcoreapp3.1\mstestproject.dll" id="184887b9-2dfb-478f-9781-bf4efb3a1e59">
      <TestCategory>
        <TestCategoryItem TestCategory="Category1000" />
      </TestCategory>
      <Execution id="378ba0f3-b35f-41a8-a6c0-d79291ebcf0c" />
      <TestMethod codeBase="C:\Projekty\MSTestProject\bin\Debug\netcoreapp3.1\MSTestProject.dll" adapterTypeName="executor://mstestadapter/v2" className="TwojeWesele.Services.Helpers.Tests.CurrencyHelperTests" name="FormatToStringTest1000" />
    </UnitTest>
    <UnitTest name="FormatToStringTest1000 (73151.83675918348,73151.84 zł)" storage="c:\projekty\mstestproject\bin\debug\netcoreapp3.1\mstestproject.dll" id="d3175787-df7d-4cbc-babd-9483b6bb6a92">
      <TestCategory>
        <TestCategoryItem TestCategory="Category1000" />
      </TestCategory>
      <Execution id="8a5b4722-c758-4ed6-9b24-17d4dd690e4c" />
      <TestMethod codeBase="C:\Projekty\MSTestProject\bin\Debug\netcoreapp3.1\MSTestProject.dll" adapterTypeName="executor://mstestadapter/v2" className="TwojeWesele.Services.Helpers.Tests.CurrencyHelperTests" name="FormatToStringTest1000" />
    </UnitTest>
    <UnitTest name="FormatToStringTest1000 (60701.5177499319,60701.52 zł)" storage="c:\projekty\mstestproject\bin\debug\netcoreapp3.1\mstestproject.dll" id="9c589580-a155-4997-8b4c-74a5c1a1ceb5">
      <TestCategory>
        <TestCategoryItem TestCategory="Category1000" />
      </TestCategory>
      <Execution id="a0f3756f-a525-46ee-ba54-c8612cd2575b" />
      <TestMethod codeBase="C:\Projekty\MSTestProject\bin\Debug\netcoreapp3.1\MSTestProject.dll" adapterTypeName="executor://mstestadapter/v2" className="TwojeWesele.Services.Helpers.Tests.CurrencyHelperTests" name="FormatToStringTest1000" />
    </UnitTest>
    <UnitTest name="FormatToStringTest1000 (45070.5442499493,45070.54 zł)" storage="c:\projekty\mstestproject\bin\debug\netcoreapp3.1\mstestproject.dll" id="9947c574-eca5-4958-8c77-dd171b2f2e4d">
      <TestCategory>
        <TestCategoryItem TestCategory="Category1000" />
      </TestCategory>
      <Execution id="c6cd184a-cbe4-453a-a094-8211f3e37656" />
      <TestMethod codeBase="C:\Projekty\MSTestProject\bin\Debug\netcoreapp3.1\MSTestProject.dll" adapterTypeName="executor://mstestadapter/v2" className="TwojeWesele.Services.Helpers.Tests.CurrencyHelperTests" name="FormatToStringTest1000" />
    </UnitTest>
    <UnitTest name="FormatToStringTest1000 (9079.930405251649,9079.93 zł)" storage="c:\projekty\mstestproject\bin\debug\netcoreapp3.1\mstestproject.dll" id="b81d439e-ee35-4b13-9353-cbc78e53fa44">
      <TestCategory>
        <TestCategoryItem TestCategory="Category1000" />
      </TestCategory>
      <Execution id="6742e8dc-d0b6-4b59-a62e-798243fc771c" />
      <TestMethod codeBase="C:\Projekty\MSTestProject\bin\Debug\netcoreapp3.1\MSTestProject.dll" adapterTypeName="executor://mstestadapter/v2" className="TwojeWesele.Services.Helpers.Tests.CurrencyHelperTests" name="FormatToStringTest1000" />
    </UnitTest>
    <UnitTest name="FormatToStringTest1000 (5759.256266560991,5759.26 zł)" storage="c:\projekty\mstestproject\bin\debug\netcoreapp3.1\mstestproject.dll" id="34777e67-27fa-43f0-8e5c-9768dc055132">
      <TestCategory>
        <TestCategoryItem TestCategory="Category1000" />
      </TestCategory>
      <Execution id="a958eb51-910e-4651-b741-b7c181c210c6" />
      <TestMethod codeBase="C:\Projekty\MSTestProject\bin\Debug\netcoreapp3.1\MSTestProject.dll" adapterTypeName="executor://mstestadapter/v2" className="TwojeWesele.Services.Helpers.Tests.CurrencyHelperTests" name="FormatToStringTest1000" />
    </UnitTest>
    <UnitTest name="FormatToStringTest1000 (14218.204344010543,14218.20 zł)" storage="c:\projekty\mstestproject\bin\debug\netcoreapp3.1\mstestproject.dll" id="f02a319c-e6ac-4278-bdec-5f685bf4c3bc">
      <TestCategory>
        <TestCategoryItem TestCategory="Category1000" />
      </TestCategory>
      <Execution id="e7635ad1-0daf-4dd0-af7a-de6bbba26854" />
      <TestMethod codeBase="C:\Projekty\MSTestProject\bin\Debug\netcoreapp3.1\MSTestProject.dll" adapterTypeName="executor://mstestadapter/v2" className="TwojeWesele.Services.Helpers.Tests.CurrencyHelperTests" name="FormatToStringTest1000" />
    </UnitTest>
    <UnitTest name="FormatToStringTest1000 (19103.831635461574,19103.83 zł)" storage="c:\projekty\mstestproject\bin\debug\netcoreapp3.1\mstestproject.dll" id="ac7650d1-3fb9-4ce4-83fb-44f1d0d91699">
      <TestCategory>
        <TestCategoryItem TestCategory="Category1000" />
      </TestCategory>
      <Execution id="829ca46c-0b46-45ea-89cf-aa89b018de7f" />
      <TestMethod codeBase="C:\Projekty\MSTestProject\bin\Debug\netcoreapp3.1\MSTestProject.dll" adapterTypeName="executor://mstestadapter/v2" className="TwojeWesele.Services.Helpers.Tests.CurrencyHelperTests" name="FormatToStringTest1000" />
    </UnitTest>
    <UnitTest name="FormatToStringTest1000 (17455.15807988595,17455.16 zł)" storage="c:\projekty\mstestproject\bin\debug\netcoreapp3.1\mstestproject.dll" id="c9bcf9f0-874e-4dc0-91b8-f395680fa6ae">
      <TestCategory>
        <TestCategoryItem TestCategory="Category1000" />
      </TestCategory>
      <Execution id="84caeca9-b83b-47be-8ca8-018e79e82fdf" />
      <TestMethod codeBase="C:\Projekty\MSTestProject\bin\Debug\netcoreapp3.1\MSTestProject.dll" adapterTypeName="executor://mstestadapter/v2" className="TwojeWesele.Services.Helpers.Tests.CurrencyHelperTests" name="FormatToStringTest1000" />
    </UnitTest>
    <UnitTest name="FormatToStringTest1000 (14237.13226245955,14237.13 zł)" storage="c:\projekty\mstestproject\bin\debug\netcoreapp3.1\mstestproject.dll" id="2c62fd0d-a5a4-4dd2-af81-b6cc42c67c33">
      <TestCategory>
        <TestCategoryItem TestCategory="Category1000" />
      </TestCategory>
      <Execution id="248dd5b4-ba5f-4a48-b4ac-f294d5b0bd8c" />
      <TestMethod codeBase="C:\Projekty\MSTestProject\bin\Debug\netcoreapp3.1\MSTestProject.dll" adapterTypeName="executor://mstestadapter/v2" className="TwojeWesele.Services.Helpers.Tests.CurrencyHelperTests" name="FormatToStringTest1000" />
    </UnitTest>
    <UnitTest name="FormatToStringTest1000 (29796.909338079815,29796.91 zł)" storage="c:\projekty\mstestproject\bin\debug\netcoreapp3.1\mstestproject.dll" id="97b1e86e-5b1f-4ed9-8f65-b71b5bfc5e5b">
      <TestCategory>
        <TestCategoryItem TestCategory="Category1000" />
      </TestCategory>
      <Execution id="7a35c4eb-100c-49f7-980c-f60e709defc3" />
      <TestMethod codeBase="C:\Projekty\MSTestProject\bin\Debug\netcoreapp3.1\MSTestProject.dll" adapterTypeName="executor://mstestadapter/v2" className="TwojeWesele.Services.Helpers.Tests.CurrencyHelperTests" name="FormatToStringTest1000" />
    </UnitTest>
    <UnitTest name="FormatToStringTest1000 (675.4589376107133,675.46 zł)" storage="c:\projekty\mstestproject\bin\debug\netcoreapp3.1\mstestproject.dll" id="55d3fba7-947c-4a99-a6c1-6941257298fc">
      <TestCategory>
        <TestCategoryItem TestCategory="Category1000" />
      </TestCategory>
      <Execution id="66d74407-93b2-4012-90a1-7fae37196835" />
      <TestMethod codeBase="C:\Projekty\MSTestProject\bin\Debug\netcoreapp3.1\MSTestProject.dll" adapterTypeName="executor://mstestadapter/v2" className="TwojeWesele.Services.Helpers.Tests.CurrencyHelperTests" name="FormatToStringTest1000" />
    </UnitTest>
    <UnitTest name="FormatToStringTest1000 (63291.50274994015,63291.50 zł)" storage="c:\projekty\mstestproject\bin\debug\netcoreapp3.1\mstestproject.dll" id="94594d81-e2a7-4a0a-8aa2-ef2cd4fac974">
      <TestCategory>
        <TestCategoryItem TestCategory="Category1000" />
      </TestCategory>
      <Execution id="e8a53f8a-e1dc-41a2-acd2-cccac81e643f" />
      <TestMethod codeBase="C:\Projekty\MSTestProject\bin\Debug\netcoreapp3.1\MSTestProject.dll" adapterTypeName="executor://mstestadapter/v2" className="TwojeWesele.Services.Helpers.Tests.CurrencyHelperTests" name="FormatToStringTest1000" />
    </UnitTest>
    <UnitTest name="FormatToStringTest1000 (33206.73122987837,33206.73 zł)" storage="c:\projekty\mstestproject\bin\debug\netcoreapp3.1\mstestproject.dll" id="aa58cfc9-1539-4646-8cbe-ad9b1ad2bb30">
      <TestCategory>
        <TestCategoryItem TestCategory="Category1000" />
      </TestCategory>
      <Execution id="b81b5767-5267-4c56-bb0e-a3a95dd160f5" />
      <TestMethod codeBase="C:\Projekty\MSTestProject\bin\Debug\netcoreapp3.1\MSTestProject.dll" adapterTypeName="executor://mstestadapter/v2" className="TwojeWesele.Services.Helpers.Tests.CurrencyHelperTests" name="FormatToStringTest1000" />
    </UnitTest>
    <UnitTest name="FormatToStringTest1000 (20978.860218282258,20978.86 zł)" storage="c:\projekty\mstestproject\bin\debug\netcoreapp3.1\mstestproject.dll" id="584a1012-9a20-44c2-9cac-d6d4badb24cb">
      <TestCategory>
        <TestCategoryItem TestCategory="Category1000" />
      </TestCategory>
      <Execution id="1d65e3c4-fc07-4fd9-9e31-55b326f10a46" />
      <TestMethod codeBase="C:\Projekty\MSTestProject\bin\Debug\netcoreapp3.1\MSTestProject.dll" adapterTypeName="executor://mstestadapter/v2" className="TwojeWesele.Services.Helpers.Tests.CurrencyHelperTests" name="FormatToStringTest1000" />
    </UnitTest>
    <UnitTest name="FormatToStringTest1000 (19783.413847500186,19783.41 zł)" storage="c:\projekty\mstestproject\bin\debug\netcoreapp3.1\mstestproject.dll" id="8fe054f4-c2c4-4dc5-bd15-2f82fa9d1e00">
      <TestCategory>
        <TestCategoryItem TestCategory="Category1000" />
      </TestCategory>
      <Execution id="6cc01c82-bf60-4392-a3d7-0a7b87bd0c4d" />
      <TestMethod codeBase="C:\Projekty\MSTestProject\bin\Debug\netcoreapp3.1\MSTestProject.dll" adapterTypeName="executor://mstestadapter/v2" className="TwojeWesele.Services.Helpers.Tests.CurrencyHelperTests" name="FormatToStringTest1000" />
    </UnitTest>
    <UnitTest name="FormatToStringTest1000 (23120.169499649743,23120.17 zł)" storage="c:\projekty\mstestproject\bin\debug\netcoreapp3.1\mstestproject.dll" id="f7297de9-574d-4de0-9413-6754c58d8cd4">
      <TestCategory>
        <TestCategoryItem TestCategory="Category1000" />
      </TestCategory>
      <Execution id="76d814c1-2c17-41ae-8f03-64d3167bde1e" />
      <TestMethod codeBase="C:\Projekty\MSTestProject\bin\Debug\netcoreapp3.1\MSTestProject.dll" adapterTypeName="executor://mstestadapter/v2" className="TwojeWesele.Services.Helpers.Tests.CurrencyHelperTests" name="FormatToStringTest1000" />
    </UnitTest>
    <UnitTest name="FormatToStringTest1000 (35784.54232617307,35784.54 zł)" storage="c:\projekty\mstestproject\bin\debug\netcoreapp3.1\mstestproject.dll" id="7cf93f55-e672-4932-bb3a-589c97cb1cba">
      <TestCategory>
        <TestCategoryItem TestCategory="Category1000" />
      </TestCategory>
      <Execution id="63958d89-4e60-44af-b83e-afd164be1bb1" />
      <TestMethod codeBase="C:\Projekty\MSTestProject\bin\Debug\netcoreapp3.1\MSTestProject.dll" adapterTypeName="executor://mstestadapter/v2" className="TwojeWesele.Services.Helpers.Tests.CurrencyHelperTests" name="FormatToStringTest1000" />
    </UnitTest>
    <UnitTest name="FormatToStringTest1000 (34136.0993783046,34136.10 zł)" storage="c:\projekty\mstestproject\bin\debug\netcoreapp3.1\mstestproject.dll" id="ec888b51-c292-44a6-8bc7-048c83fdff4b">
      <TestCategory>
        <TestCategoryItem TestCategory="Category1000" />
      </TestCategory>
      <Execution id="53a09d4a-93e9-4908-b9e8-c1415c19599b" />
      <TestMethod codeBase="C:\Projekty\MSTestProject\bin\Debug\netcoreapp3.1\MSTestProject.dll" adapterTypeName="executor://mstestadapter/v2" className="TwojeWesele.Services.Helpers.Tests.CurrencyHelperTests" name="FormatToStringTest1000" />
    </UnitTest>
    <UnitTest name="FormatToStringTest1000 (21996.80326662576,21996.80 zł)" storage="c:\projekty\mstestproject\bin\debug\netcoreapp3.1\mstestproject.dll" id="68a7c8a4-c30c-4d8b-9230-a551fb4e1217">
      <TestCategory>
        <TestCategoryItem TestCategory="Category1000" />
      </TestCategory>
      <Execution id="83924c1f-dd13-4620-a107-93bff5e2db4d" />
      <TestMethod codeBase="C:\Projekty\MSTestProject\bin\Debug\netcoreapp3.1\MSTestProject.dll" adapterTypeName="executor://mstestadapter/v2" className="TwojeWesele.Services.Helpers.Tests.CurrencyHelperTests" name="FormatToStringTest1000" />
    </UnitTest>
    <UnitTest name="FormatToStringTest1000 (33251.41907856028,33251.42 zł)" storage="c:\projekty\mstestproject\bin\debug\netcoreapp3.1\mstestproject.dll" id="01fe5472-f0ef-4e9f-a32d-5a38dfadfe46">
      <TestCategory>
        <TestCategoryItem TestCategory="Category1000" />
      </TestCategory>
      <Execution id="c01e48a0-c3ea-47f7-81e7-9678bab90328" />
      <TestMethod codeBase="C:\Projekty\MSTestProject\bin\Debug\netcoreapp3.1\MSTestProject.dll" adapterTypeName="executor://mstestadapter/v2" className="TwojeWesele.Services.Helpers.Tests.CurrencyHelperTests" name="FormatToStringTest1000" />
    </UnitTest>
    <UnitTest name="FormatToStringTest1000 (12831.146874380833,12831.15 zł)" storage="c:\projekty\mstestproject\bin\debug\netcoreapp3.1\mstestproject.dll" id="973be17e-d2bb-432b-bd90-a174f0195fcf">
      <TestCategory>
        <TestCategoryItem TestCategory="Category1000" />
      </TestCategory>
      <Execution id="7c8ec3f2-4a5d-4752-b7e7-40bf2553e2e3" />
      <TestMethod codeBase="C:\Projekty\MSTestProject\bin\Debug\netcoreapp3.1\MSTestProject.dll" adapterTypeName="executor://mstestadapter/v2" className="TwojeWesele.Services.Helpers.Tests.CurrencyHelperTests" name="FormatToStringTest1000" />
    </UnitTest>
    <UnitTest name="FormatToStringTest1000 (14920.620598662934,14920.62 zł)" storage="c:\projekty\mstestproject\bin\debug\netcoreapp3.1\mstestproject.dll" id="7fd76663-528e-4fbc-a98c-747aadab5852">
      <TestCategory>
        <TestCategoryItem TestCategory="Category1000" />
      </TestCategory>
      <Execution id="10d90a87-b687-419d-8f1a-c5851e99d6e0" />
      <TestMethod codeBase="C:\Projekty\MSTestProject\bin\Debug\netcoreapp3.1\MSTestProject.dll" adapterTypeName="executor://mstestadapter/v2" className="TwojeWesele.Services.Helpers.Tests.CurrencyHelperTests" name="FormatToStringTest1000" />
    </UnitTest>
    <UnitTest name="FormatToStringTest1000 (19006.315459580772,19006.32 zł)" storage="c:\projekty\mstestproject\bin\debug\netcoreapp3.1\mstestproject.dll" id="b77fc4e4-6ff7-4410-9c5e-5d91502ebfeb">
      <TestCategory>
        <TestCategoryItem TestCategory="Category1000" />
      </TestCategory>
      <Execution id="a3fffbad-3747-4370-936f-ddbb4b356ecf" />
      <TestMethod codeBase="C:\Projekty\MSTestProject\bin\Debug\netcoreapp3.1\MSTestProject.dll" adapterTypeName="executor://mstestadapter/v2" className="TwojeWesele.Services.Helpers.Tests.CurrencyHelperTests" name="FormatToStringTest1000" />
    </UnitTest>
    <UnitTest name="FormatToStringTest1000 (7621.507806692509,7621.51 zł)" storage="c:\projekty\mstestproject\bin\debug\netcoreapp3.1\mstestproject.dll" id="cd6253fa-2d11-4850-9156-4e9c31a7d3b7">
      <TestCategory>
        <TestCategoryItem TestCategory="Category1000" />
      </TestCategory>
      <Execution id="4a3f6569-d18e-41df-a644-e45dd42251d6" />
      <TestMethod codeBase="C:\Projekty\MSTestProject\bin\Debug\netcoreapp3.1\MSTestProject.dll" adapterTypeName="executor://mstestadapter/v2" className="TwojeWesele.Services.Helpers.Tests.CurrencyHelperTests" name="FormatToStringTest1000" />
    </UnitTest>
    <UnitTest name="FormatToStringTest1000 (9517.514896326473,9517.51 zł)" storage="c:\projekty\mstestproject\bin\debug\netcoreapp3.1\mstestproject.dll" id="61166f20-e2d8-4ea5-b199-e78f120f8177">
      <TestCategory>
        <TestCategoryItem TestCategory="Category1000" />
      </TestCategory>
      <Execution id="fcc2d5df-8016-4ba8-ab5d-60e5add4d2a0" />
      <TestMethod codeBase="C:\Projekty\MSTestProject\bin\Debug\netcoreapp3.1\MSTestProject.dll" adapterTypeName="executor://mstestadapter/v2" className="TwojeWesele.Services.Helpers.Tests.CurrencyHelperTests" name="FormatToStringTest1000" />
    </UnitTest>
    <UnitTest name="FormatToStringTest1000 (63427.55325689332,63427.55 zł)" storage="c:\projekty\mstestproject\bin\debug\netcoreapp3.1\mstestproject.dll" id="6b3fb6ef-e4a9-4670-9039-dadddf4f43f7">
      <TestCategory>
        <TestCategoryItem TestCategory="Category1000" />
      </TestCategory>
      <Execution id="33c2c2f0-0605-4b36-9fff-1bb919f8b8b5" />
      <TestMethod codeBase="C:\Projekty\MSTestProject\bin\Debug\netcoreapp3.1\MSTestProject.dll" adapterTypeName="executor://mstestadapter/v2" className="TwojeWesele.Services.Helpers.Tests.CurrencyHelperTests" name="FormatToStringTest1000" />
    </UnitTest>
    <UnitTest name="FormatToStringTest1000 (6958.393354767186,6958.39 zł)" storage="c:\projekty\mstestproject\bin\debug\netcoreapp3.1\mstestproject.dll" id="e2c2978b-535d-476f-ab41-221f3f476515">
      <TestCategory>
        <TestCategoryItem TestCategory="Category1000" />
      </TestCategory>
      <Execution id="094dbcde-c3ce-451a-9cd8-568f4fca6ee3" />
      <TestMethod codeBase="C:\Projekty\MSTestProject\bin\Debug\netcoreapp3.1\MSTestProject.dll" adapterTypeName="executor://mstestadapter/v2" className="TwojeWesele.Services.Helpers.Tests.CurrencyHelperTests" name="FormatToStringTest1000" />
    </UnitTest>
    <UnitTest name="FormatToStringTest1000 (8851.904041135638,8851.90 zł)" storage="c:\projekty\mstestproject\bin\debug\netcoreapp3.1\mstestproject.dll" id="2306ba05-bd16-469f-8ee2-fada9e66b256">
      <TestCategory>
        <TestCategoryItem TestCategory="Category1000" />
      </TestCategory>
      <Execution id="b130070c-0f2f-4365-8dd6-ff1a9102e7be" />
      <TestMethod codeBase="C:\Projekty\MSTestProject\bin\Debug\netcoreapp3.1\MSTestProject.dll" adapterTypeName="executor://mstestadapter/v2" className="TwojeWesele.Services.Helpers.Tests.CurrencyHelperTests" name="FormatToStringTest1000" />
    </UnitTest>
    <UnitTest name="FormatToStringTest1000 (657.5396922647672,657.54 zł)" storage="c:\projekty\mstestproject\bin\debug\netcoreapp3.1\mstestproject.dll" id="e179495e-6688-41bb-95ec-7a0a44fd895f">
      <TestCategory>
        <TestCategoryItem TestCategory="Category1000" />
      </TestCategory>
      <Execution id="8275a916-ac50-44d2-b1bf-cc957f7a1637" />
      <TestMethod codeBase="C:\Projekty\MSTestProject\bin\Debug\netcoreapp3.1\MSTestProject.dll" adapterTypeName="executor://mstestadapter/v2" className="TwojeWesele.Services.Helpers.Tests.CurrencyHelperTests" name="FormatToStringTest1000" />
    </UnitTest>
    <UnitTest name="FormatToStringTest1000 (39178.05988345298,39178.06 zł)" storage="c:\projekty\mstestproject\bin\debug\netcoreapp3.1\mstestproject.dll" id="3ca472f0-b6d6-4bdc-af76-ceb3d422c3fb">
      <TestCategory>
        <TestCategoryItem TestCategory="Category1000" />
      </TestCategory>
      <Execution id="635d7813-112e-49c6-b32f-126ab1d06313" />
      <TestMethod codeBase="C:\Projekty\MSTestProject\bin\Debug\netcoreapp3.1\MSTestProject.dll" adapterTypeName="executor://mstestadapter/v2" className="TwojeWesele.Services.Helpers.Tests.CurrencyHelperTests" name="FormatToStringTest1000" />
    </UnitTest>
    <UnitTest name="FormatToStringTest1000 (10501.127379151585,10501.13 zł)" storage="c:\projekty\mstestproject\bin\debug\netcoreapp3.1\mstestproject.dll" id="06bfe7dd-3578-432a-8886-e001def953d5">
      <TestCategory>
        <TestCategoryItem TestCategory="Category1000" />
      </TestCategory>
      <Execution id="d657f744-050c-47ee-8693-b0da5395d546" />
      <TestMethod codeBase="C:\Projekty\MSTestProject\bin\Debug\netcoreapp3.1\MSTestProject.dll" adapterTypeName="executor://mstestadapter/v2" className="TwojeWesele.Services.Helpers.Tests.CurrencyHelperTests" name="FormatToStringTest1000" />
    </UnitTest>
    <UnitTest name="FormatToStringTest1000 (4612.32080757633,4612.32 zł)" storage="c:\projekty\mstestproject\bin\debug\netcoreapp3.1\mstestproject.dll" id="97ac0eb9-86e5-4538-bec7-dcce206b76a4">
      <TestCategory>
        <TestCategoryItem TestCategory="Category1000" />
      </TestCategory>
      <Execution id="858d8903-5987-4f02-9549-f97069a2449c" />
      <TestMethod codeBase="C:\Projekty\MSTestProject\bin\Debug\netcoreapp3.1\MSTestProject.dll" adapterTypeName="executor://mstestadapter/v2" className="TwojeWesele.Services.Helpers.Tests.CurrencyHelperTests" name="FormatToStringTest1000" />
    </UnitTest>
    <UnitTest name="FormatToStringTest1000 (40241.790964380736,40241.79 zł)" storage="c:\projekty\mstestproject\bin\debug\netcoreapp3.1\mstestproject.dll" id="5444be52-f66e-4579-9e6a-554711382c99">
      <TestCategory>
        <TestCategoryItem TestCategory="Category1000" />
      </TestCategory>
      <Execution id="c16f0cb7-ff33-46f0-aed3-e8e73590160c" />
      <TestMethod codeBase="C:\Projekty\MSTestProject\bin\Debug\netcoreapp3.1\MSTestProject.dll" adapterTypeName="executor://mstestadapter/v2" className="TwojeWesele.Services.Helpers.Tests.CurrencyHelperTests" name="FormatToStringTest1000" />
    </UnitTest>
    <UnitTest name="FormatToStringTest1000 (39146.892120180135,39146.89 zł)" storage="c:\projekty\mstestproject\bin\debug\netcoreapp3.1\mstestproject.dll" id="cb6b144e-3664-4b4a-b9f7-637ace4cf194">
      <TestCategory>
        <TestCategoryItem TestCategory="Category1000" />
      </TestCategory>
      <Execution id="2625785d-f57b-4a86-a60f-21edf6171fd4" />
      <TestMethod codeBase="C:\Projekty\MSTestProject\bin\Debug\netcoreapp3.1\MSTestProject.dll" adapterTypeName="executor://mstestadapter/v2" className="TwojeWesele.Services.Helpers.Tests.CurrencyHelperTests" name="FormatToStringTest1000" />
    </UnitTest>
    <UnitTest name="FormatToStringTest1000 (2435.1995505835857,2435.20 zł)" storage="c:\projekty\mstestproject\bin\debug\netcoreapp3.1\mstestproject.dll" id="3f672c52-d9b9-4554-82db-1f44bdfc70f3">
      <TestCategory>
        <TestCategoryItem TestCategory="Category1000" />
      </TestCategory>
      <Execution id="0a31e85a-1f32-49c1-aae2-dca778aea97a" />
      <TestMethod codeBase="C:\Projekty\MSTestProject\bin\Debug\netcoreapp3.1\MSTestProject.dll" adapterTypeName="executor://mstestadapter/v2" className="TwojeWesele.Services.Helpers.Tests.CurrencyHelperTests" name="FormatToStringTest1000" />
    </UnitTest>
    <UnitTest name="FormatToStringTest1000 (16637.074429372828,16637.07 zł)" storage="c:\projekty\mstestproject\bin\debug\netcoreapp3.1\mstestproject.dll" id="664150ff-5b0d-42ae-8ea6-6aef6776c8b6">
      <TestCategory>
        <TestCategoryItem TestCategory="Category1000" />
      </TestCategory>
      <Execution id="0777471c-d5f6-4eae-b8b5-1df70fbedc82" />
      <TestMethod codeBase="C:\Projekty\MSTestProject\bin\Debug\netcoreapp3.1\MSTestProject.dll" adapterTypeName="executor://mstestadapter/v2" className="TwojeWesele.Services.Helpers.Tests.CurrencyHelperTests" name="FormatToStringTest1000" />
    </UnitTest>
    <UnitTest name="FormatToStringTest1000 (11118.620997698335,11118.62 zł)" storage="c:\projekty\mstestproject\bin\debug\netcoreapp3.1\mstestproject.dll" id="14320b95-f138-455d-8ae0-f95631470205">
      <TestCategory>
        <TestCategoryItem TestCategory="Category1000" />
      </TestCategory>
      <Execution id="ce6431d5-1e4e-4fb4-996d-b687fc221385" />
      <TestMethod codeBase="C:\Projekty\MSTestProject\bin\Debug\netcoreapp3.1\MSTestProject.dll" adapterTypeName="executor://mstestadapter/v2" className="TwojeWesele.Services.Helpers.Tests.CurrencyHelperTests" name="FormatToStringTest1000" />
    </UnitTest>
    <UnitTest name="FormatToStringTest1000 (5611.05334835176,5611.05 zł)" storage="c:\projekty\mstestproject\bin\debug\netcoreapp3.1\mstestproject.dll" id="f42018c5-a334-4bb6-8e59-5aac9ef1ce19">
      <TestCategory>
        <TestCategoryItem TestCategory="Category1000" />
      </TestCategory>
      <Execution id="a91fd5fd-6d1d-48f6-89cf-99133fb87cf7" />
      <TestMethod codeBase="C:\Projekty\MSTestProject\bin\Debug\netcoreapp3.1\MSTestProject.dll" adapterTypeName="executor://mstestadapter/v2" className="TwojeWesele.Services.Helpers.Tests.CurrencyHelperTests" name="FormatToStringTest1000" />
    </UnitTest>
    <UnitTest name="FormatToStringTest1000 (46607.970025941715,46607.97 zł)" storage="c:\projekty\mstestproject\bin\debug\netcoreapp3.1\mstestproject.dll" id="b9b41f3d-717e-42c4-a199-980d9d2bf7a9">
      <TestCategory>
        <TestCategoryItem TestCategory="Category1000" />
      </TestCategory>
      <Execution id="5dd64852-86f0-479e-a45f-74695ac2569c" />
      <TestMethod codeBase="C:\Projekty\MSTestProject\bin\Debug\netcoreapp3.1\MSTestProject.dll" adapterTypeName="executor://mstestadapter/v2" className="TwojeWesele.Services.Helpers.Tests.CurrencyHelperTests" name="FormatToStringTest1000" />
    </UnitTest>
    <UnitTest name="FormatToStringTest1000 (20146.183073329827,20146.18 zł)" storage="c:\projekty\mstestproject\bin\debug\netcoreapp3.1\mstestproject.dll" id="627501f4-17b8-4d0f-8247-0c1439077dba">
      <TestCategory>
        <TestCategoryItem TestCategory="Category1000" />
      </TestCategory>
      <Execution id="72cb7ad7-84f5-4a8e-897d-a4715d56f8fb" />
      <TestMethod codeBase="C:\Projekty\MSTestProject\bin\Debug\netcoreapp3.1\MSTestProject.dll" adapterTypeName="executor://mstestadapter/v2" className="TwojeWesele.Services.Helpers.Tests.CurrencyHelperTests" name="FormatToStringTest1000" />
    </UnitTest>
    <UnitTest name="FormatToStringTest1000 (66723.3293191657,66723.33 zł)" storage="c:\projekty\mstestproject\bin\debug\netcoreapp3.1\mstestproject.dll" id="7ad49a6d-b57f-4c41-81d3-912a3112949e">
      <TestCategory>
        <TestCategoryItem TestCategory="Category1000" />
      </TestCategory>
      <Execution id="dfe4868b-7a0a-4954-95ae-e8c9bd7568f3" />
      <TestMethod codeBase="C:\Projekty\MSTestProject\bin\Debug\netcoreapp3.1\MSTestProject.dll" adapterTypeName="executor://mstestadapter/v2" className="TwojeWesele.Services.Helpers.Tests.CurrencyHelperTests" name="FormatToStringTest1000" />
    </UnitTest>
    <UnitTest name="FormatToStringTest1000 (67230.86250807665,67230.86 zł)" storage="c:\projekty\mstestproject\bin\debug\netcoreapp3.1\mstestproject.dll" id="549129aa-632a-44b8-969e-e974c8c4f3b4">
      <TestCategory>
        <TestCategoryItem TestCategory="Category1000" />
      </TestCategory>
      <Execution id="dea29745-e5d3-4094-9533-9ff2d8f4f3d5" />
      <TestMethod codeBase="C:\Projekty\MSTestProject\bin\Debug\netcoreapp3.1\MSTestProject.dll" adapterTypeName="executor://mstestadapter/v2" className="TwojeWesele.Services.Helpers.Tests.CurrencyHelperTests" name="FormatToStringTest1000" />
    </UnitTest>
    <UnitTest name="FormatToStringTest1000 (6946.333318357977,6946.33 zł)" storage="c:\projekty\mstestproject\bin\debug\netcoreapp3.1\mstestproject.dll" id="80a3b5f2-69af-4a7f-b2d8-00be4db137ee">
      <TestCategory>
        <TestCategoryItem TestCategory="Category1000" />
      </TestCategory>
      <Execution id="cce5c1a9-77e9-4978-a9ed-9143dab70fc2" />
      <TestMethod codeBase="C:\Projekty\MSTestProject\bin\Debug\netcoreapp3.1\MSTestProject.dll" adapterTypeName="executor://mstestadapter/v2" className="TwojeWesele.Services.Helpers.Tests.CurrencyHelperTests" name="FormatToStringTest1000" />
    </UnitTest>
    <UnitTest name="FormatToStringTest1000 (20344.185360967265,20344.19 zł)" storage="c:\projekty\mstestproject\bin\debug\netcoreapp3.1\mstestproject.dll" id="ac06dbb8-1917-457a-ba93-a7214a041e9d">
      <TestCategory>
        <TestCategoryItem TestCategory="Category1000" />
      </TestCategory>
      <Execution id="5010d8e4-eb98-4423-93c4-a47ef134dbaa" />
      <TestMethod codeBase="C:\Projekty\MSTestProject\bin\Debug\netcoreapp3.1\MSTestProject.dll" adapterTypeName="executor://mstestadapter/v2" className="TwojeWesele.Services.Helpers.Tests.CurrencyHelperTests" name="FormatToStringTest1000" />
    </UnitTest>
    <UnitTest name="FormatToStringTest1000 (7050.437505805137,7050.44 zł)" storage="c:\projekty\mstestproject\bin\debug\netcoreapp3.1\mstestproject.dll" id="7eb50c8b-3717-4cc3-81ae-5fbbf49a911a">
      <TestCategory>
        <TestCategoryItem TestCategory="Category1000" />
      </TestCategory>
      <Execution id="0e9b3e41-e186-459b-acce-387367ea427f" />
      <TestMethod codeBase="C:\Projekty\MSTestProject\bin\Debug\netcoreapp3.1\MSTestProject.dll" adapterTypeName="executor://mstestadapter/v2" className="TwojeWesele.Services.Helpers.Tests.CurrencyHelperTests" name="FormatToStringTest1000" />
    </UnitTest>
    <UnitTest name="FormatToStringTest1000 (10370.0107542784,10370.01 zł)" storage="c:\projekty\mstestproject\bin\debug\netcoreapp3.1\mstestproject.dll" id="26e887fb-b9eb-4bb7-bc7f-def49d13175b">
      <TestCategory>
        <TestCategoryItem TestCategory="Category1000" />
      </TestCategory>
      <Execution id="a427d535-1e2f-43b4-91f4-533b85b77423" />
      <TestMethod codeBase="C:\Projekty\MSTestProject\bin\Debug\netcoreapp3.1\MSTestProject.dll" adapterTypeName="executor://mstestadapter/v2" className="TwojeWesele.Services.Helpers.Tests.CurrencyHelperTests" name="FormatToStringTest1000" />
    </UnitTest>
    <UnitTest name="FormatToStringTest1000 (395.45790295882983,395.46 zł)" storage="c:\projekty\mstestproject\bin\debug\netcoreapp3.1\mstestproject.dll" id="5083f79c-4963-419b-890f-332ffe08a88c">
      <TestCategory>
        <TestCategoryItem TestCategory="Category1000" />
      </TestCategory>
      <Execution id="7514a56f-b325-4c21-97ff-e477273891ef" />
      <TestMethod codeBase="C:\Projekty\MSTestProject\bin\Debug\netcoreapp3.1\MSTestProject.dll" adapterTypeName="executor://mstestadapter/v2" className="TwojeWesele.Services.Helpers.Tests.CurrencyHelperTests" name="FormatToStringTest1000" />
    </UnitTest>
    <UnitTest name="FormatToStringTest1000 (9994.9471861026,9994.95 zł)" storage="c:\projekty\mstestproject\bin\debug\netcoreapp3.1\mstestproject.dll" id="4cfb73b5-d4d7-4e5e-a811-c401f3e698b5">
      <TestCategory>
        <TestCategoryItem TestCategory="Category1000" />
      </TestCategory>
      <Execution id="13b2818e-011a-48ff-b1f1-e2ae825d45e3" />
      <TestMethod codeBase="C:\Projekty\MSTestProject\bin\Debug\netcoreapp3.1\MSTestProject.dll" adapterTypeName="executor://mstestadapter/v2" className="TwojeWesele.Services.Helpers.Tests.CurrencyHelperTests" name="FormatToStringTest1000" />
    </UnitTest>
    <UnitTest name="FormatToStringTest1000 (39314.52353688401,39314.52 zł)" storage="c:\projekty\mstestproject\bin\debug\netcoreapp3.1\mstestproject.dll" id="435658fa-fa0f-4561-9114-1ca9bd7fda1b">
      <TestCategory>
        <TestCategoryItem TestCategory="Category1000" />
      </TestCategory>
      <Execution id="e9082d4a-acf7-4623-a814-421a576b1bfe" />
      <TestMethod codeBase="C:\Projekty\MSTestProject\bin\Debug\netcoreapp3.1\MSTestProject.dll" adapterTypeName="executor://mstestadapter/v2" className="TwojeWesele.Services.Helpers.Tests.CurrencyHelperTests" name="FormatToStringTest1000" />
    </UnitTest>
    <UnitTest name="FormatToStringTest1000 (15414.175096961751,15414.18 zł)" storage="c:\projekty\mstestproject\bin\debug\netcoreapp3.1\mstestproject.dll" id="82a011d2-0780-4e48-bf1b-b18c5a67d0dc">
      <TestCategory>
        <TestCategoryItem TestCategory="Category1000" />
      </TestCategory>
      <Execution id="a63e5bc3-9175-4784-9fb3-d6437ea054e3" />
      <TestMethod codeBase="C:\Projekty\MSTestProject\bin\Debug\netcoreapp3.1\MSTestProject.dll" adapterTypeName="executor://mstestadapter/v2" className="TwojeWesele.Services.Helpers.Tests.CurrencyHelperTests" name="FormatToStringTest1000" />
    </UnitTest>
    <UnitTest name="FormatToStringTest1000 (9558.453124931293,9558.45 zł)" storage="c:\projekty\mstestproject\bin\debug\netcoreapp3.1\mstestproject.dll" id="14599b1b-c7ea-41f0-a0aa-5f16abc6ca18">
      <TestCategory>
        <TestCategoryItem TestCategory="Category1000" />
      </TestCategory>
      <Execution id="043dffb4-4ae6-4144-b10b-692f8c28c722" />
      <TestMethod codeBase="C:\Projekty\MSTestProject\bin\Debug\netcoreapp3.1\MSTestProject.dll" adapterTypeName="executor://mstestadapter/v2" className="TwojeWesele.Services.Helpers.Tests.CurrencyHelperTests" name="FormatToStringTest1000" />
    </UnitTest>
    <UnitTest name="FormatToStringTest1000 (57809.74722876295,57809.75 zł)" storage="c:\projekty\mstestproject\bin\debug\netcoreapp3.1\mstestproject.dll" id="c739de8d-8f7c-4778-9045-d17a499120fe">
      <TestCategory>
        <TestCategoryItem TestCategory="Category1000" />
      </TestCategory>
      <Execution id="3c9a78c6-c023-4d53-8999-aa41a223afa7" />
      <TestMethod codeBase="C:\Projekty\MSTestProject\bin\Debug\netcoreapp3.1\MSTestProject.dll" adapterTypeName="executor://mstestadapter/v2" className="TwojeWesele.Services.Helpers.Tests.CurrencyHelperTests" name="FormatToStringTest1000" />
    </UnitTest>
    <UnitTest name="FormatToStringTest1000 (79388.929555234,79388.93 zł)" storage="c:\projekty\mstestproject\bin\debug\netcoreapp3.1\mstestproject.dll" id="fa3e48df-8677-48ec-854b-c2f54abcbb21">
      <TestCategory>
        <TestCategoryItem TestCategory="Category1000" />
      </TestCategory>
      <Execution id="4f8ba54e-518e-4ede-9c9a-01165f547e06" />
      <TestMethod codeBase="C:\Projekty\MSTestProject\bin\Debug\netcoreapp3.1\MSTestProject.dll" adapterTypeName="executor://mstestadapter/v2" className="TwojeWesele.Services.Helpers.Tests.CurrencyHelperTests" name="FormatToStringTest1000" />
    </UnitTest>
    <UnitTest name="FormatToStringTest1000 (59919.71489415491,59919.71 zł)" storage="c:\projekty\mstestproject\bin\debug\netcoreapp3.1\mstestproject.dll" id="1b6ba320-384f-43d6-a9c5-3e9628c8f2db">
      <TestCategory>
        <TestCategoryItem TestCategory="Category1000" />
      </TestCategory>
      <Execution id="f1ca92e1-04cc-4530-b181-6818f03aaf80" />
      <TestMethod codeBase="C:\Projekty\MSTestProject\bin\Debug\netcoreapp3.1\MSTestProject.dll" adapterTypeName="executor://mstestadapter/v2" className="TwojeWesele.Services.Helpers.Tests.CurrencyHelperTests" name="FormatToStringTest1000" />
    </UnitTest>
    <UnitTest name="FormatToStringTest1000 (7594.279030504766,7594.28 zł)" storage="c:\projekty\mstestproject\bin\debug\netcoreapp3.1\mstestproject.dll" id="cad87336-af62-4ac5-8608-65f001c26241">
      <TestCategory>
        <TestCategoryItem TestCategory="Category1000" />
      </TestCategory>
      <Execution id="343bb984-cd7a-40dd-8812-91a586c3784d" />
      <TestMethod codeBase="C:\Projekty\MSTestProject\bin\Debug\netcoreapp3.1\MSTestProject.dll" adapterTypeName="executor://mstestadapter/v2" className="TwojeWesele.Services.Helpers.Tests.CurrencyHelperTests" name="FormatToStringTest1000" />
    </UnitTest>
    <UnitTest name="FormatToStringTest1000 (74851.91547305691,74851.92 zł)" storage="c:\projekty\mstestproject\bin\debug\netcoreapp3.1\mstestproject.dll" id="55df4e54-3578-46d6-a159-b313bac55739">
      <TestCategory>
        <TestCategoryItem TestCategory="Category1000" />
      </TestCategory>
      <Execution id="b4f13f4d-66c4-417f-9a17-94f1279622ea" />
      <TestMethod codeBase="C:\Projekty\MSTestProject\bin\Debug\netcoreapp3.1\MSTestProject.dll" adapterTypeName="executor://mstestadapter/v2" className="TwojeWesele.Services.Helpers.Tests.CurrencyHelperTests" name="FormatToStringTest1000" />
    </UnitTest>
    <UnitTest name="FormatToStringTest1000 (19519.4298413505,19519.43 zł)" storage="c:\projekty\mstestproject\bin\debug\netcoreapp3.1\mstestproject.dll" id="2681657b-c4ec-4812-b2cc-1ab09c4cf2f5">
      <TestCategory>
        <TestCategoryItem TestCategory="Category1000" />
      </TestCategory>
      <Execution id="786b014a-951c-4e7f-b29a-35e3850f7201" />
      <TestMethod codeBase="C:\Projekty\MSTestProject\bin\Debug\netcoreapp3.1\MSTestProject.dll" adapterTypeName="executor://mstestadapter/v2" className="TwojeWesele.Services.Helpers.Tests.CurrencyHelperTests" name="FormatToStringTest1000" />
    </UnitTest>
    <UnitTest name="FormatToStringTest1000 (28155.26504817664,28155.27 zł)" storage="c:\projekty\mstestproject\bin\debug\netcoreapp3.1\mstestproject.dll" id="0fd32943-8573-409a-abdf-66c5d1cdefec">
      <TestCategory>
        <TestCategoryItem TestCategory="Category1000" />
      </TestCategory>
      <Execution id="9692ef2a-6d85-465e-ad88-7953336d6d90" />
      <TestMethod codeBase="C:\Projekty\MSTestProject\bin\Debug\netcoreapp3.1\MSTestProject.dll" adapterTypeName="executor://mstestadapter/v2" className="TwojeWesele.Services.Helpers.Tests.CurrencyHelperTests" name="FormatToStringTest1000" />
    </UnitTest>
    <UnitTest name="FormatToStringTest1000 (10066.059180456241,10066.06 zł)" storage="c:\projekty\mstestproject\bin\debug\netcoreapp3.1\mstestproject.dll" id="82461d47-2d7c-4068-aa9b-07c128f8797c">
      <TestCategory>
        <TestCategoryItem TestCategory="Category1000" />
      </TestCategory>
      <Execution id="1d417efa-b467-41c3-bd6f-e9e38cc29a56" />
      <TestMethod codeBase="C:\Projekty\MSTestProject\bin\Debug\netcoreapp3.1\MSTestProject.dll" adapterTypeName="executor://mstestadapter/v2" className="TwojeWesele.Services.Helpers.Tests.CurrencyHelperTests" name="FormatToStringTest1000" />
    </UnitTest>
    <UnitTest name="FormatToStringTest1000 (30383.303633991305,30383.30 zł)" storage="c:\projekty\mstestproject\bin\debug\netcoreapp3.1\mstestproject.dll" id="1cd67ef7-7c6d-48d2-82cc-85698c3599ce">
      <TestCategory>
        <TestCategoryItem TestCategory="Category1000" />
      </TestCategory>
      <Execution id="9c794ade-9125-438d-a00b-b696cc05e454" />
      <TestMethod codeBase="C:\Projekty\MSTestProject\bin\Debug\netcoreapp3.1\MSTestProject.dll" adapterTypeName="executor://mstestadapter/v2" className="TwojeWesele.Services.Helpers.Tests.CurrencyHelperTests" name="FormatToStringTest1000" />
    </UnitTest>
    <UnitTest name="FormatToStringTest1000 (16597.22844427788,16597.23 zł)" storage="c:\projekty\mstestproject\bin\debug\netcoreapp3.1\mstestproject.dll" id="d2987ce8-dac5-4f81-bf0a-106aeed3fc60">
      <TestCategory>
        <TestCategoryItem TestCategory="Category1000" />
      </TestCategory>
      <Execution id="b833ed13-9799-43de-911a-5fab58466ce3" />
      <TestMethod codeBase="C:\Projekty\MSTestProject\bin\Debug\netcoreapp3.1\MSTestProject.dll" adapterTypeName="executor://mstestadapter/v2" className="TwojeWesele.Services.Helpers.Tests.CurrencyHelperTests" name="FormatToStringTest1000" />
    </UnitTest>
    <UnitTest name="FormatToStringTest1000 (33601.357302459124,33601.36 zł)" storage="c:\projekty\mstestproject\bin\debug\netcoreapp3.1\mstestproject.dll" id="df5eed98-e2f1-434e-84ac-ea83c18c1977">
      <TestCategory>
        <TestCategoryItem TestCategory="Category1000" />
      </TestCategory>
      <Execution id="b39fc283-c55d-406e-9c4a-8d5187750ce3" />
      <TestMethod codeBase="C:\Projekty\MSTestProject\bin\Debug\netcoreapp3.1\MSTestProject.dll" adapterTypeName="executor://mstestadapter/v2" className="TwojeWesele.Services.Helpers.Tests.CurrencyHelperTests" name="FormatToStringTest1000" />
    </UnitTest>
    <UnitTest name="FormatToStringTest1000 (58848.60825001477,58848.61 zł)" storage="c:\projekty\mstestproject\bin\debug\netcoreapp3.1\mstestproject.dll" id="16f23263-0e0e-4825-a4d8-9adcef61a1df">
      <TestCategory>
        <TestCategoryItem TestCategory="Category1000" />
      </TestCategory>
      <Execution id="fd37e745-b4d1-43fe-bcc6-ee09c800a178" />
      <TestMethod codeBase="C:\Projekty\MSTestProject\bin\Debug\netcoreapp3.1\MSTestProject.dll" adapterTypeName="executor://mstestadapter/v2" className="TwojeWesele.Services.Helpers.Tests.CurrencyHelperTests" name="FormatToStringTest1000" />
    </UnitTest>
    <UnitTest name="FormatToStringTest1000 (6544.213759255695,6544.21 zł)" storage="c:\projekty\mstestproject\bin\debug\netcoreapp3.1\mstestproject.dll" id="ae160d18-5900-4c2b-8f7a-a92e4b52ce4e">
      <TestCategory>
        <TestCategoryItem TestCategory="Category1000" />
      </TestCategory>
      <Execution id="06750c43-9bb0-4b79-a580-a9d732889e75" />
      <TestMethod codeBase="C:\Projekty\MSTestProject\bin\Debug\netcoreapp3.1\MSTestProject.dll" adapterTypeName="executor://mstestadapter/v2" className="TwojeWesele.Services.Helpers.Tests.CurrencyHelperTests" name="FormatToStringTest1000" />
    </UnitTest>
    <UnitTest name="FormatToStringTest1000 (5855.75080885354,5855.75 zł)" storage="c:\projekty\mstestproject\bin\debug\netcoreapp3.1\mstestproject.dll" id="ccfe60a1-8278-46be-a568-77e441af9c10">
      <TestCategory>
        <TestCategoryItem TestCategory="Category1000" />
      </TestCategory>
      <Execution id="8948d91c-232f-4092-bd9d-054a47a707c0" />
      <TestMethod codeBase="C:\Projekty\MSTestProject\bin\Debug\netcoreapp3.1\MSTestProject.dll" adapterTypeName="executor://mstestadapter/v2" className="TwojeWesele.Services.Helpers.Tests.CurrencyHelperTests" name="FormatToStringTest1000" />
    </UnitTest>
    <UnitTest name="FormatToStringTest1000 (76536.95853396178,76536.96 zł)" storage="c:\projekty\mstestproject\bin\debug\netcoreapp3.1\mstestproject.dll" id="785c47db-9650-4f38-9f45-838b46ca1a7d">
      <TestCategory>
        <TestCategoryItem TestCategory="Category1000" />
      </TestCategory>
      <Execution id="1f2f3dc6-e35d-4886-8598-1c1115104b0b" />
      <TestMethod codeBase="C:\Projekty\MSTestProject\bin\Debug\netcoreapp3.1\MSTestProject.dll" adapterTypeName="executor://mstestadapter/v2" className="TwojeWesele.Services.Helpers.Tests.CurrencyHelperTests" name="FormatToStringTest1000" />
    </UnitTest>
    <UnitTest name="FormatToStringTest1000 (64124.274503948756,64124.27 zł)" storage="c:\projekty\mstestproject\bin\debug\netcoreapp3.1\mstestproject.dll" id="b408c2b5-fee2-4065-896a-42abef484eba">
      <TestCategory>
        <TestCategoryItem TestCategory="Category1000" />
      </TestCategory>
      <Execution id="e91eab60-9578-4cf0-be50-7b9c3f85442e" />
      <TestMethod codeBase="C:\Projekty\MSTestProject\bin\Debug\netcoreapp3.1\MSTestProject.dll" adapterTypeName="executor://mstestadapter/v2" className="TwojeWesele.Services.Helpers.Tests.CurrencyHelperTests" name="FormatToStringTest1000" />
    </UnitTest>
    <UnitTest name="FormatToStringTest1000 (972.1468308629221,972.15 zł)" storage="c:\projekty\mstestproject\bin\debug\netcoreapp3.1\mstestproject.dll" id="a914e5bf-80ce-496f-967e-037a50aa79ac">
      <TestCategory>
        <TestCategoryItem TestCategory="Category1000" />
      </TestCategory>
      <Execution id="6632aac9-3ec5-4027-8831-dcc7331ceba9" />
      <TestMethod codeBase="C:\Projekty\MSTestProject\bin\Debug\netcoreapp3.1\MSTestProject.dll" adapterTypeName="executor://mstestadapter/v2" className="TwojeWesele.Services.Helpers.Tests.CurrencyHelperTests" name="FormatToStringTest1000" />
    </UnitTest>
    <UnitTest name="FormatToStringTest1000 (19609.759296997803,19609.76 zł)" storage="c:\projekty\mstestproject\bin\debug\netcoreapp3.1\mstestproject.dll" id="86eebf9b-fcd5-4fb4-9a7d-176c9a065ab5">
      <TestCategory>
        <TestCategoryItem TestCategory="Category1000" />
      </TestCategory>
      <Execution id="7000bb7f-e98b-49c8-86c8-5d2d35e49317" />
      <TestMethod codeBase="C:\Projekty\MSTestProject\bin\Debug\netcoreapp3.1\MSTestProject.dll" adapterTypeName="executor://mstestadapter/v2" className="TwojeWesele.Services.Helpers.Tests.CurrencyHelperTests" name="FormatToStringTest1000" />
    </UnitTest>
    <UnitTest name="FormatToStringTest1000 (7013.601812260971,7013.60 zł)" storage="c:\projekty\mstestproject\bin\debug\netcoreapp3.1\mstestproject.dll" id="24041564-03f2-4ae9-ae07-b967a80bd01c">
      <TestCategory>
        <TestCategoryItem TestCategory="Category1000" />
      </TestCategory>
      <Execution id="f7bfbf9c-d708-4d85-b34c-6cc1e00554fb" />
      <TestMethod codeBase="C:\Projekty\MSTestProject\bin\Debug\netcoreapp3.1\MSTestProject.dll" adapterTypeName="executor://mstestadapter/v2" className="TwojeWesele.Services.Helpers.Tests.CurrencyHelperTests" name="FormatToStringTest1000" />
    </UnitTest>
    <UnitTest name="FormatToStringTest1000 (2883.637133003975,2883.64 zł)" storage="c:\projekty\mstestproject\bin\debug\netcoreapp3.1\mstestproject.dll" id="b96d9929-710e-4200-92ff-26b3417418df">
      <TestCategory>
        <TestCategoryItem TestCategory="Category1000" />
      </TestCategory>
      <Execution id="77eefdce-86a2-4c31-8c55-41a45f19844b" />
      <TestMethod codeBase="C:\Projekty\MSTestProject\bin\Debug\netcoreapp3.1\MSTestProject.dll" adapterTypeName="executor://mstestadapter/v2" className="TwojeWesele.Services.Helpers.Tests.CurrencyHelperTests" name="FormatToStringTest1000" />
    </UnitTest>
    <UnitTest name="FormatToStringTest1000 (22678.643495744862,22678.64 zł)" storage="c:\projekty\mstestproject\bin\debug\netcoreapp3.1\mstestproject.dll" id="04824be4-b523-458d-9578-377efa90add0">
      <TestCategory>
        <TestCategoryItem TestCategory="Category1000" />
      </TestCategory>
      <Execution id="b6cc16c4-a177-4094-a1e1-e5261d4bcc2c" />
      <TestMethod codeBase="C:\Projekty\MSTestProject\bin\Debug\netcoreapp3.1\MSTestProject.dll" adapterTypeName="executor://mstestadapter/v2" className="TwojeWesele.Services.Helpers.Tests.CurrencyHelperTests" name="FormatToStringTest1000" />
    </UnitTest>
    <UnitTest name="FormatToStringTest1000 (8697.074631143862,8697.07 zł)" storage="c:\projekty\mstestproject\bin\debug\netcoreapp3.1\mstestproject.dll" id="9334f327-ef34-4627-b484-279d7e507cbe">
      <TestCategory>
        <TestCategoryItem TestCategory="Category1000" />
      </TestCategory>
      <Execution id="7c0c67f3-f63e-4870-b780-852cc55fb0a2" />
      <TestMethod codeBase="C:\Projekty\MSTestProject\bin\Debug\netcoreapp3.1\MSTestProject.dll" adapterTypeName="executor://mstestadapter/v2" className="TwojeWesele.Services.Helpers.Tests.CurrencyHelperTests" name="FormatToStringTest1000" />
    </UnitTest>
    <UnitTest name="FormatToStringTest1000 (48654.65723134794,48654.66 zł)" storage="c:\projekty\mstestproject\bin\debug\netcoreapp3.1\mstestproject.dll" id="415901d4-23bb-4466-b8a5-eee5145f90ca">
      <TestCategory>
        <TestCategoryItem TestCategory="Category1000" />
      </TestCategory>
      <Execution id="1f987026-ce0b-49b7-a5b7-480308e55dfe" />
      <TestMethod codeBase="C:\Projekty\MSTestProject\bin\Debug\netcoreapp3.1\MSTestProject.dll" adapterTypeName="executor://mstestadapter/v2" className="TwojeWesele.Services.Helpers.Tests.CurrencyHelperTests" name="FormatToStringTest1000" />
    </UnitTest>
    <UnitTest name="FormatToStringTest1000 (7753.724411372898,7753.72 zł)" storage="c:\projekty\mstestproject\bin\debug\netcoreapp3.1\mstestproject.dll" id="dcbc1d57-c902-4fc4-82bf-480d7e2efc8a">
      <TestCategory>
        <TestCategoryItem TestCategory="Category1000" />
      </TestCategory>
      <Execution id="2938ddb2-ae5f-4d05-8c1e-b68126025a04" />
      <TestMethod codeBase="C:\Projekty\MSTestProject\bin\Debug\netcoreapp3.1\MSTestProject.dll" adapterTypeName="executor://mstestadapter/v2" className="TwojeWesele.Services.Helpers.Tests.CurrencyHelperTests" name="FormatToStringTest1000" />
    </UnitTest>
    <UnitTest name="FormatToStringTest1000 (28992.38363400166,28992.38 zł)" storage="c:\projekty\mstestproject\bin\debug\netcoreapp3.1\mstestproject.dll" id="5f2c941b-3279-446d-b6bb-f846c9dbf8cf">
      <TestCategory>
        <TestCategoryItem TestCategory="Category1000" />
      </TestCategory>
      <Execution id="65bf0ebf-7ad7-4088-8113-50e6d557cb42" />
      <TestMethod codeBase="C:\Projekty\MSTestProject\bin\Debug\netcoreapp3.1\MSTestProject.dll" adapterTypeName="executor://mstestadapter/v2" className="TwojeWesele.Services.Helpers.Tests.CurrencyHelperTests" name="FormatToStringTest1000" />
    </UnitTest>
    <UnitTest name="FormatToStringTest1000 (750.5106571719566,750.51 zł)" storage="c:\projekty\mstestproject\bin\debug\netcoreapp3.1\mstestproject.dll" id="3a4f50c5-6e63-47eb-a5c5-8aeb4c5243e1">
      <TestCategory>
        <TestCategoryItem TestCategory="Category1000" />
      </TestCategory>
      <Execution id="ec77ab8b-2e3c-4350-80cb-21914389b700" />
      <TestMethod codeBase="C:\Projekty\MSTestProject\bin\Debug\netcoreapp3.1\MSTestProject.dll" adapterTypeName="executor://mstestadapter/v2" className="TwojeWesele.Services.Helpers.Tests.CurrencyHelperTests" name="FormatToStringTest1000" />
    </UnitTest>
    <UnitTest name="FormatToStringTest1000 (5507.360659962688,5507.36 zł)" storage="c:\projekty\mstestproject\bin\debug\netcoreapp3.1\mstestproject.dll" id="787b938f-4a4b-474e-87a9-85c1572231d2">
      <TestCategory>
        <TestCategoryItem TestCategory="Category1000" />
      </TestCategory>
      <Execution id="f416188c-6c7c-4316-86b9-b55c1be90fa9" />
      <TestMethod codeBase="C:\Projekty\MSTestProject\bin\Debug\netcoreapp3.1\MSTestProject.dll" adapterTypeName="executor://mstestadapter/v2" className="TwojeWesele.Services.Helpers.Tests.CurrencyHelperTests" name="FormatToStringTest1000" />
    </UnitTest>
    <UnitTest name="FormatToStringTest1000 (17953.338243749615,17953.34 zł)" storage="c:\projekty\mstestproject\bin\debug\netcoreapp3.1\mstestproject.dll" id="96bbf356-bb26-43a4-8071-97d83a84f428">
      <TestCategory>
        <TestCategoryItem TestCategory="Category1000" />
      </TestCategory>
      <Execution id="4b3f4880-5228-4f4f-8fc2-d9bb5391c13a" />
      <TestMethod codeBase="C:\Projekty\MSTestProject\bin\Debug\netcoreapp3.1\MSTestProject.dll" adapterTypeName="executor://mstestadapter/v2" className="TwojeWesele.Services.Helpers.Tests.CurrencyHelperTests" name="FormatToStringTest1000" />
    </UnitTest>
    <UnitTest name="FormatToStringTest1000 (19397.344749736294,19397.34 zł)" storage="c:\projekty\mstestproject\bin\debug\netcoreapp3.1\mstestproject.dll" id="d98f5d13-19a8-49b4-bcf5-68b0d297a683">
      <TestCategory>
        <TestCategoryItem TestCategory="Category1000" />
      </TestCategory>
      <Execution id="82ee6653-7b58-4c58-9364-308975b73aac" />
      <TestMethod codeBase="C:\Projekty\MSTestProject\bin\Debug\netcoreapp3.1\MSTestProject.dll" adapterTypeName="executor://mstestadapter/v2" className="TwojeWesele.Services.Helpers.Tests.CurrencyHelperTests" name="FormatToStringTest1000" />
    </UnitTest>
    <UnitTest name="FormatToStringTest1000 (12577.642620996872,12577.64 zł)" storage="c:\projekty\mstestproject\bin\debug\netcoreapp3.1\mstestproject.dll" id="1e38f379-6c1d-41ee-a77d-3792d4f200d2">
      <TestCategory>
        <TestCategoryItem TestCategory="Category1000" />
      </TestCategory>
      <Execution id="bc74ec5a-689a-46cb-89e0-aabd06c87e57" />
      <TestMethod codeBase="C:\Projekty\MSTestProject\bin\Debug\netcoreapp3.1\MSTestProject.dll" adapterTypeName="executor://mstestadapter/v2" className="TwojeWesele.Services.Helpers.Tests.CurrencyHelperTests" name="FormatToStringTest1000" />
    </UnitTest>
    <UnitTest name="FormatToStringTest1000 (9818.257405763146,9818.26 zł)" storage="c:\projekty\mstestproject\bin\debug\netcoreapp3.1\mstestproject.dll" id="b4fe5a60-589e-478a-a13c-81e583285005">
      <TestCategory>
        <TestCategoryItem TestCategory="Category1000" />
      </TestCategory>
      <Execution id="a75a9826-4846-411b-8c01-d58ee4b17b89" />
      <TestMethod codeBase="C:\Projekty\MSTestProject\bin\Debug\netcoreapp3.1\MSTestProject.dll" adapterTypeName="executor://mstestadapter/v2" className="TwojeWesele.Services.Helpers.Tests.CurrencyHelperTests" name="FormatToStringTest1000" />
    </UnitTest>
    <UnitTest name="FormatToStringTest1000 (66945.02904917022,66945.03 zł)" storage="c:\projekty\mstestproject\bin\debug\netcoreapp3.1\mstestproject.dll" id="1cf2edc0-5b95-472d-b66e-5a5e593235a0">
      <TestCategory>
        <TestCategoryItem TestCategory="Category1000" />
      </TestCategory>
      <Execution id="cc800359-a99b-418a-9bb8-5f80fec31918" />
      <TestMethod codeBase="C:\Projekty\MSTestProject\bin\Debug\netcoreapp3.1\MSTestProject.dll" adapterTypeName="executor://mstestadapter/v2" className="TwojeWesele.Services.Helpers.Tests.CurrencyHelperTests" name="FormatToStringTest1000" />
    </UnitTest>
    <UnitTest name="FormatToStringTest1000 (11958.422287871792,11958.42 zł)" storage="c:\projekty\mstestproject\bin\debug\netcoreapp3.1\mstestproject.dll" id="6e0e88c4-b187-41ce-94b5-e9e5c61e1c49">
      <TestCategory>
        <TestCategoryItem TestCategory="Category1000" />
      </TestCategory>
      <Execution id="1809c861-eed7-4b79-ac8c-21c3800575ab" />
      <TestMethod codeBase="C:\Projekty\MSTestProject\bin\Debug\netcoreapp3.1\MSTestProject.dll" adapterTypeName="executor://mstestadapter/v2" className="TwojeWesele.Services.Helpers.Tests.CurrencyHelperTests" name="FormatToStringTest1000" />
    </UnitTest>
    <UnitTest name="FormatToStringTest1000 (75514.58914517732,75514.59 zł)" storage="c:\projekty\mstestproject\bin\debug\netcoreapp3.1\mstestproject.dll" id="32c19286-90c7-4412-bf5a-6c475c137a5f">
      <TestCategory>
        <TestCategoryItem TestCategory="Category1000" />
      </TestCategory>
      <Execution id="47d8410d-4679-4a04-bccf-ce451d8a898a" />
      <TestMethod codeBase="C:\Projekty\MSTestProject\bin\Debug\netcoreapp3.1\MSTestProject.dll" adapterTypeName="executor://mstestadapter/v2" className="TwojeWesele.Services.Helpers.Tests.CurrencyHelperTests" name="FormatToStringTest1000" />
    </UnitTest>
    <UnitTest name="FormatToStringTest1000 (25882.451101077,25882.45 zł)" storage="c:\projekty\mstestproject\bin\debug\netcoreapp3.1\mstestproject.dll" id="ed787259-b064-4181-8f20-af3d4907ffd7">
      <TestCategory>
        <TestCategoryItem TestCategory="Category1000" />
      </TestCategory>
      <Execution id="18e378ce-dacf-451c-b8cd-f4446ed64481" />
      <TestMethod codeBase="C:\Projekty\MSTestProject\bin\Debug\netcoreapp3.1\MSTestProject.dll" adapterTypeName="executor://mstestadapter/v2" className="TwojeWesele.Services.Helpers.Tests.CurrencyHelperTests" name="FormatToStringTest1000" />
    </UnitTest>
    <UnitTest name="FormatToStringTest1000 (45340.017357165,45340.02 zł)" storage="c:\projekty\mstestproject\bin\debug\netcoreapp3.1\mstestproject.dll" id="7b5be877-9da3-4459-bb18-e99a1744653e">
      <TestCategory>
        <TestCategoryItem TestCategory="Category1000" />
      </TestCategory>
      <Execution id="0f05aca2-57bf-4dc9-a27f-cd4f8579b825" />
      <TestMethod codeBase="C:\Projekty\MSTestProject\bin\Debug\netcoreapp3.1\MSTestProject.dll" adapterTypeName="executor://mstestadapter/v2" className="TwojeWesele.Services.Helpers.Tests.CurrencyHelperTests" name="FormatToStringTest1000" />
    </UnitTest>
    <UnitTest name="FormatToStringTest1000 (13455.521105358153,13455.52 zł)" storage="c:\projekty\mstestproject\bin\debug\netcoreapp3.1\mstestproject.dll" id="fc2d092b-8fc1-41c9-a7c9-adf080a71e70">
      <TestCategory>
        <TestCategoryItem TestCategory="Category1000" />
      </TestCategory>
      <Execution id="21ae88bf-9c93-4576-b9ca-b76b98b772cf" />
      <TestMethod codeBase="C:\Projekty\MSTestProject\bin\Debug\netcoreapp3.1\MSTestProject.dll" adapterTypeName="executor://mstestadapter/v2" className="TwojeWesele.Services.Helpers.Tests.CurrencyHelperTests" name="FormatToStringTest1000" />
    </UnitTest>
    <UnitTest name="FormatToStringTest1000 (58111.21259843521,58111.21 zł)" storage="c:\projekty\mstestproject\bin\debug\netcoreapp3.1\mstestproject.dll" id="2c49619e-6cd6-4b2c-b5da-fbf2c9810276">
      <TestCategory>
        <TestCategoryItem TestCategory="Category1000" />
      </TestCategory>
      <Execution id="0235318b-92d1-4965-a9dd-8b4e569c782b" />
      <TestMethod codeBase="C:\Projekty\MSTestProject\bin\Debug\netcoreapp3.1\MSTestProject.dll" adapterTypeName="executor://mstestadapter/v2" className="TwojeWesele.Services.Helpers.Tests.CurrencyHelperTests" name="FormatToStringTest1000" />
    </UnitTest>
    <UnitTest name="FormatToStringTest1000 (159.83786031922224,159.84 zł)" storage="c:\projekty\mstestproject\bin\debug\netcoreapp3.1\mstestproject.dll" id="57894530-2340-4f0e-8b65-9f5b885a9f90">
      <TestCategory>
        <TestCategoryItem TestCategory="Category1000" />
      </TestCategory>
      <Execution id="07d9e9b8-9375-474c-a178-62e8dcebf33c" />
      <TestMethod codeBase="C:\Projekty\MSTestProject\bin\Debug\netcoreapp3.1\MSTestProject.dll" adapterTypeName="executor://mstestadapter/v2" className="TwojeWesele.Services.Helpers.Tests.CurrencyHelperTests" name="FormatToStringTest1000" />
    </UnitTest>
    <UnitTest name="FormatToStringTest1000 (50644.690874327294,50644.69 zł)" storage="c:\projekty\mstestproject\bin\debug\netcoreapp3.1\mstestproject.dll" id="ccfb88c0-4151-4c17-a6be-40b5c4096185">
      <TestCategory>
        <TestCategoryItem TestCategory="Category1000" />
      </TestCategory>
      <Execution id="c2f110d3-d6b3-4c31-99b9-cfbea4e54269" />
      <TestMethod codeBase="C:\Projekty\MSTestProject\bin\Debug\netcoreapp3.1\MSTestProject.dll" adapterTypeName="executor://mstestadapter/v2" className="TwojeWesele.Services.Helpers.Tests.CurrencyHelperTests" name="FormatToStringTest1000" />
    </UnitTest>
    <UnitTest name="FormatToStringTest1000 (24768.25771770359,24768.26 zł)" storage="c:\projekty\mstestproject\bin\debug\netcoreapp3.1\mstestproject.dll" id="aa7e74dd-5a75-40a5-b9ed-9935edd844e1">
      <TestCategory>
        <TestCategoryItem TestCategory="Category1000" />
      </TestCategory>
      <Execution id="95da3b53-21f5-433a-af7e-858c6198321b" />
      <TestMethod codeBase="C:\Projekty\MSTestProject\bin\Debug\netcoreapp3.1\MSTestProject.dll" adapterTypeName="executor://mstestadapter/v2" className="TwojeWesele.Services.Helpers.Tests.CurrencyHelperTests" name="FormatToStringTest1000" />
    </UnitTest>
    <UnitTest name="FormatToStringTest1000 (33851.35523524618,33851.36 zł)" storage="c:\projekty\mstestproject\bin\debug\netcoreapp3.1\mstestproject.dll" id="63521099-7e66-4ea7-9e9e-2630da49775e">
      <TestCategory>
        <TestCategoryItem TestCategory="Category1000" />
      </TestCategory>
      <Execution id="26c1766b-3615-4def-93ee-b4ab82d7de53" />
      <TestMethod codeBase="C:\Projekty\MSTestProject\bin\Debug\netcoreapp3.1\MSTestProject.dll" adapterTypeName="executor://mstestadapter/v2" className="TwojeWesele.Services.Helpers.Tests.CurrencyHelperTests" name="FormatToStringTest1000" />
    </UnitTest>
    <UnitTest name="FormatToStringTest1000 (2409.393997763001,2409.39 zł)" storage="c:\projekty\mstestproject\bin\debug\netcoreapp3.1\mstestproject.dll" id="ef1b2428-85a4-4116-bbdc-5b345bf47aab">
      <TestCategory>
        <TestCategoryItem TestCategory="Category1000" />
      </TestCategory>
      <Execution id="34504dea-479c-4122-a222-e6c171eb9790" />
      <TestMethod codeBase="C:\Projekty\MSTestProject\bin\Debug\netcoreapp3.1\MSTestProject.dll" adapterTypeName="executor://mstestadapter/v2" className="TwojeWesele.Services.Helpers.Tests.CurrencyHelperTests" name="FormatToStringTest1000" />
    </UnitTest>
    <UnitTest name="FormatToStringTest1000 (2897.9775426620513,2897.98 zł)" storage="c:\projekty\mstestproject\bin\debug\netcoreapp3.1\mstestproject.dll" id="d5ea70a3-91ba-420e-bf54-7fd94d6f671f">
      <TestCategory>
        <TestCategoryItem TestCategory="Category1000" />
      </TestCategory>
      <Execution id="127cd00c-66f8-4717-b331-cd8b39665757" />
      <TestMethod codeBase="C:\Projekty\MSTestProject\bin\Debug\netcoreapp3.1\MSTestProject.dll" adapterTypeName="executor://mstestadapter/v2" className="TwojeWesele.Services.Helpers.Tests.CurrencyHelperTests" name="FormatToStringTest1000" />
    </UnitTest>
    <UnitTest name="FormatToStringTest1000 (45887.58415794167,45887.58 zł)" storage="c:\projekty\mstestproject\bin\debug\netcoreapp3.1\mstestproject.dll" id="42557544-8540-4989-88e1-b505e9d70f94">
      <TestCategory>
        <TestCategoryItem TestCategory="Category1000" />
      </TestCategory>
      <Execution id="6a1ebed5-1437-4573-b693-572ff06ecf7c" />
      <TestMethod codeBase="C:\Projekty\MSTestProject\bin\Debug\netcoreapp3.1\MSTestProject.dll" adapterTypeName="executor://mstestadapter/v2" className="TwojeWesele.Services.Helpers.Tests.CurrencyHelperTests" name="FormatToStringTest1000" />
    </UnitTest>
    <UnitTest name="FormatToStringTest1000 (9843.625240445894,9843.63 zł)" storage="c:\projekty\mstestproject\bin\debug\netcoreapp3.1\mstestproject.dll" id="4e1be6d1-71ee-4353-a64f-48d1aacd28a1">
      <TestCategory>
        <TestCategoryItem TestCategory="Category1000" />
      </TestCategory>
      <Execution id="897cd0d1-ac13-404f-8d9f-d5a149458a34" />
      <TestMethod codeBase="C:\Projekty\MSTestProject\bin\Debug\netcoreapp3.1\MSTestProject.dll" adapterTypeName="executor://mstestadapter/v2" className="TwojeWesele.Services.Helpers.Tests.CurrencyHelperTests" name="FormatToStringTest1000" />
    </UnitTest>
    <UnitTest name="FormatToStringTest1000 (1108.7197928823157,1108.72 zł)" storage="c:\projekty\mstestproject\bin\debug\netcoreapp3.1\mstestproject.dll" id="f58d2be6-6740-4a14-a6b8-775868778e8d">
      <TestCategory>
        <TestCategoryItem TestCategory="Category1000" />
      </TestCategory>
      <Execution id="e507d1e8-d83b-41da-b55e-456190a756c9" />
      <TestMethod codeBase="C:\Projekty\MSTestProject\bin\Debug\netcoreapp3.1\MSTestProject.dll" adapterTypeName="executor://mstestadapter/v2" className="TwojeWesele.Services.Helpers.Tests.CurrencyHelperTests" name="FormatToStringTest1000" />
    </UnitTest>
    <UnitTest name="FormatToStringTest1000 (30360.993128030557,30360.99 zł)" storage="c:\projekty\mstestproject\bin\debug\netcoreapp3.1\mstestproject.dll" id="42cb4cc6-b844-443f-995a-80b8deef468a">
      <TestCategory>
        <TestCategoryItem TestCategory="Category1000" />
      </TestCategory>
      <Execution id="b05e28fb-e322-419e-9f84-27d5adf691cf" />
      <TestMethod codeBase="C:\Projekty\MSTestProject\bin\Debug\netcoreapp3.1\MSTestProject.dll" adapterTypeName="executor://mstestadapter/v2" className="TwojeWesele.Services.Helpers.Tests.CurrencyHelperTests" name="FormatToStringTest1000" />
    </UnitTest>
    <UnitTest name="FormatToStringTest1000 (2121.0917325211185,2121.09 zł)" storage="c:\projekty\mstestproject\bin\debug\netcoreapp3.1\mstestproject.dll" id="2575949e-4242-492a-ad12-46869b594113">
      <TestCategory>
        <TestCategoryItem TestCategory="Category1000" />
      </TestCategory>
      <Execution id="090d5f35-18dc-447f-a2ab-8c77c81f64ce" />
      <TestMethod codeBase="C:\Projekty\MSTestProject\bin\Debug\netcoreapp3.1\MSTestProject.dll" adapterTypeName="executor://mstestadapter/v2" className="TwojeWesele.Services.Helpers.Tests.CurrencyHelperTests" name="FormatToStringTest1000" />
    </UnitTest>
    <UnitTest name="FormatToStringTest1000 (29539.32303995328,29539.32 zł)" storage="c:\projekty\mstestproject\bin\debug\netcoreapp3.1\mstestproject.dll" id="06b86b69-6b42-41b5-b316-81b26f385d5c">
      <TestCategory>
        <TestCategoryItem TestCategory="Category1000" />
      </TestCategory>
      <Execution id="21586941-a630-4eef-a199-d733081e03f0" />
      <TestMethod codeBase="C:\Projekty\MSTestProject\bin\Debug\netcoreapp3.1\MSTestProject.dll" adapterTypeName="executor://mstestadapter/v2" className="TwojeWesele.Services.Helpers.Tests.CurrencyHelperTests" name="FormatToStringTest1000" />
    </UnitTest>
    <UnitTest name="FormatToStringTest1000 (6820.105136090938,6820.11 zł)" storage="c:\projekty\mstestproject\bin\debug\netcoreapp3.1\mstestproject.dll" id="4a3cf998-44ba-4556-968d-b197ad41dfa7">
      <TestCategory>
        <TestCategoryItem TestCategory="Category1000" />
      </TestCategory>
      <Execution id="008edf2a-b3c0-4983-bc10-796057b463b3" />
      <TestMethod codeBase="C:\Projekty\MSTestProject\bin\Debug\netcoreapp3.1\MSTestProject.dll" adapterTypeName="executor://mstestadapter/v2" className="TwojeWesele.Services.Helpers.Tests.CurrencyHelperTests" name="FormatToStringTest1000" />
    </UnitTest>
    <UnitTest name="FormatToStringTest1000 (15080.274618567097,15080.27 zł)" storage="c:\projekty\mstestproject\bin\debug\netcoreapp3.1\mstestproject.dll" id="acad44e9-81d2-4297-b72c-8db21ed067fe">
      <TestCategory>
        <TestCategoryItem TestCategory="Category1000" />
      </TestCategory>
      <Execution id="3957ce75-0cea-45bf-8a7a-8f4ee0aa8e99" />
      <TestMethod codeBase="C:\Projekty\MSTestProject\bin\Debug\netcoreapp3.1\MSTestProject.dll" adapterTypeName="executor://mstestadapter/v2" className="TwojeWesele.Services.Helpers.Tests.CurrencyHelperTests" name="FormatToStringTest1000" />
    </UnitTest>
    <UnitTest name="FormatToStringTest1000 (40545.70748620001,40545.71 zł)" storage="c:\projekty\mstestproject\bin\debug\netcoreapp3.1\mstestproject.dll" id="052a7528-c5f7-4f55-85b9-7b753508a108">
      <TestCategory>
        <TestCategoryItem TestCategory="Category1000" />
      </TestCategory>
      <Execution id="942c9917-1b4b-45ec-8721-c7ee5fa2ef6a" />
      <TestMethod codeBase="C:\Projekty\MSTestProject\bin\Debug\netcoreapp3.1\MSTestProject.dll" adapterTypeName="executor://mstestadapter/v2" className="TwojeWesele.Services.Helpers.Tests.CurrencyHelperTests" name="FormatToStringTest1000" />
    </UnitTest>
    <UnitTest name="FormatToStringTest1000 (44869.327020554025,44869.33 zł)" storage="c:\projekty\mstestproject\bin\debug\netcoreapp3.1\mstestproject.dll" id="b5aa5661-ef28-4aaa-8ec3-6b317f48fccf">
      <TestCategory>
        <TestCategoryItem TestCategory="Category1000" />
      </TestCategory>
      <Execution id="ca33ec01-32cc-4884-b427-ea838b35372b" />
      <TestMethod codeBase="C:\Projekty\MSTestProject\bin\Debug\netcoreapp3.1\MSTestProject.dll" adapterTypeName="executor://mstestadapter/v2" className="TwojeWesele.Services.Helpers.Tests.CurrencyHelperTests" name="FormatToStringTest1000" />
    </UnitTest>
    <UnitTest name="FormatToStringTest1000 (55457.96873490278,55457.97 zł)" storage="c:\projekty\mstestproject\bin\debug\netcoreapp3.1\mstestproject.dll" id="fc8b2a73-0637-489f-9d4e-d06ac3797a39">
      <TestCategory>
        <TestCategoryItem TestCategory="Category1000" />
      </TestCategory>
      <Execution id="43968410-7a51-49f1-b062-c192540e07d8" />
      <TestMethod codeBase="C:\Projekty\MSTestProject\bin\Debug\netcoreapp3.1\MSTestProject.dll" adapterTypeName="executor://mstestadapter/v2" className="TwojeWesele.Services.Helpers.Tests.CurrencyHelperTests" name="FormatToStringTest1000" />
    </UnitTest>
    <UnitTest name="FormatToStringTest1000 (77919.64716867341,77919.65 zł)" storage="c:\projekty\mstestproject\bin\debug\netcoreapp3.1\mstestproject.dll" id="13a283dc-8d79-4939-a23c-30e0d7aac9cd">
      <TestCategory>
        <TestCategoryItem TestCategory="Category1000" />
      </TestCategory>
      <Execution id="9bb01e3a-eafb-4f4c-abea-ab0f4dd4bba8" />
      <TestMethod codeBase="C:\Projekty\MSTestProject\bin\Debug\netcoreapp3.1\MSTestProject.dll" adapterTypeName="executor://mstestadapter/v2" className="TwojeWesele.Services.Helpers.Tests.CurrencyHelperTests" name="FormatToStringTest1000" />
    </UnitTest>
    <UnitTest name="FormatToStringTest1000 (15129.433864736666,15129.43 zł)" storage="c:\projekty\mstestproject\bin\debug\netcoreapp3.1\mstestproject.dll" id="b2b9c804-df65-4095-bc94-1432c4e352e0">
      <TestCategory>
        <TestCategoryItem TestCategory="Category1000" />
      </TestCategory>
      <Execution id="b67368a5-5831-4430-8029-65a3f22a8abb" />
      <TestMethod codeBase="C:\Projekty\MSTestProject\bin\Debug\netcoreapp3.1\MSTestProject.dll" adapterTypeName="executor://mstestadapter/v2" className="TwojeWesele.Services.Helpers.Tests.CurrencyHelperTests" name="FormatToStringTest1000" />
    </UnitTest>
    <UnitTest name="FormatToStringTest1000 (13414.3551766441,13414.36 zł)" storage="c:\projekty\mstestproject\bin\debug\netcoreapp3.1\mstestproject.dll" id="25f15de1-7229-4b15-b03e-5b41d6b01c9d">
      <TestCategory>
        <TestCategoryItem TestCategory="Category1000" />
      </TestCategory>
      <Execution id="0964eee2-21e3-4b08-8f25-6fed678de9f6" />
      <TestMethod codeBase="C:\Projekty\MSTestProject\bin\Debug\netcoreapp3.1\MSTestProject.dll" adapterTypeName="executor://mstestadapter/v2" className="TwojeWesele.Services.Helpers.Tests.CurrencyHelperTests" name="FormatToStringTest1000" />
    </UnitTest>
    <UnitTest name="FormatToStringTest1000 (11100.829211263372,11100.83 zł)" storage="c:\projekty\mstestproject\bin\debug\netcoreapp3.1\mstestproject.dll" id="e28da329-df4b-4a53-8374-f7bdc8f7eb08">
      <TestCategory>
        <TestCategoryItem TestCategory="Category1000" />
      </TestCategory>
      <Execution id="c81a6651-d380-462e-b24d-55330dec364d" />
      <TestMethod codeBase="C:\Projekty\MSTestProject\bin\Debug\netcoreapp3.1\MSTestProject.dll" adapterTypeName="executor://mstestadapter/v2" className="TwojeWesele.Services.Helpers.Tests.CurrencyHelperTests" name="FormatToStringTest1000" />
    </UnitTest>
    <UnitTest name="FormatToStringTest1000 (65963.39932440939,65963.40 zł)" storage="c:\projekty\mstestproject\bin\debug\netcoreapp3.1\mstestproject.dll" id="448eb0e8-f494-4398-9aa7-4768ccb4a48e">
      <TestCategory>
        <TestCategoryItem TestCategory="Category1000" />
      </TestCategory>
      <Execution id="1f0b645e-366b-46ac-80a7-1abb694d5bc1" />
      <TestMethod codeBase="C:\Projekty\MSTestProject\bin\Debug\netcoreapp3.1\MSTestProject.dll" adapterTypeName="executor://mstestadapter/v2" className="TwojeWesele.Services.Helpers.Tests.CurrencyHelperTests" name="FormatToStringTest1000" />
    </UnitTest>
    <UnitTest name="FormatToStringTest1000 (24476.442216712254,24476.44 zł)" storage="c:\projekty\mstestproject\bin\debug\netcoreapp3.1\mstestproject.dll" id="bf950865-9dfc-48d2-a40b-9ed079fcd29a">
      <TestCategory>
        <TestCategoryItem TestCategory="Category1000" />
      </TestCategory>
      <Execution id="5d7caa98-8efe-46a6-b97c-ee39b447cc68" />
      <TestMethod codeBase="C:\Projekty\MSTestProject\bin\Debug\netcoreapp3.1\MSTestProject.dll" adapterTypeName="executor://mstestadapter/v2" className="TwojeWesele.Services.Helpers.Tests.CurrencyHelperTests" name="FormatToStringTest1000" />
    </UnitTest>
    <UnitTest name="FormatToStringTest1000 (2115.5076919884923,2115.51 zł)" storage="c:\projekty\mstestproject\bin\debug\netcoreapp3.1\mstestproject.dll" id="a0c8d0cf-6fdd-4b0b-8ddb-d6e992817e14">
      <TestCategory>
        <TestCategoryItem TestCategory="Category1000" />
      </TestCategory>
      <Execution id="c3bafa04-a77b-40a9-a897-4b471555e9b1" />
      <TestMethod codeBase="C:\Projekty\MSTestProject\bin\Debug\netcoreapp3.1\MSTestProject.dll" adapterTypeName="executor://mstestadapter/v2" className="TwojeWesele.Services.Helpers.Tests.CurrencyHelperTests" name="FormatToStringTest1000" />
    </UnitTest>
    <UnitTest name="FormatToStringTest1000 (23662.291816162084,23662.29 zł)" storage="c:\projekty\mstestproject\bin\debug\netcoreapp3.1\mstestproject.dll" id="aadb8960-1807-41d4-ab70-013b76709428">
      <TestCategory>
        <TestCategoryItem TestCategory="Category1000" />
      </TestCategory>
      <Execution id="fb25a948-51bb-406f-bdbf-d96543358b65" />
      <TestMethod codeBase="C:\Projekty\MSTestProject\bin\Debug\netcoreapp3.1\MSTestProject.dll" adapterTypeName="executor://mstestadapter/v2" className="TwojeWesele.Services.Helpers.Tests.CurrencyHelperTests" name="FormatToStringTest1000" />
    </UnitTest>
    <UnitTest name="FormatToStringTest1000 (78822.37212685234,78822.37 zł)" storage="c:\projekty\mstestproject\bin\debug\netcoreapp3.1\mstestproject.dll" id="ff0afb58-77ae-4d9a-a5df-0d7b55cddfe9">
      <TestCategory>
        <TestCategoryItem TestCategory="Category1000" />
      </TestCategory>
      <Execution id="10a22526-be5d-41a3-831c-6ee79fcd5e54" />
      <TestMethod codeBase="C:\Projekty\MSTestProject\bin\Debug\netcoreapp3.1\MSTestProject.dll" adapterTypeName="executor://mstestadapter/v2" className="TwojeWesele.Services.Helpers.Tests.CurrencyHelperTests" name="FormatToStringTest1000" />
    </UnitTest>
    <UnitTest name="FormatToStringTest1000 (3694.480496819355,3694.48 zł)" storage="c:\projekty\mstestproject\bin\debug\netcoreapp3.1\mstestproject.dll" id="ed08120c-a571-4262-af84-5979d3c987f1">
      <TestCategory>
        <TestCategoryItem TestCategory="Category1000" />
      </TestCategory>
      <Execution id="eb94d69f-7242-4b1f-8c27-de9223326fd2" />
      <TestMethod codeBase="C:\Projekty\MSTestProject\bin\Debug\netcoreapp3.1\MSTestProject.dll" adapterTypeName="executor://mstestadapter/v2" className="TwojeWesele.Services.Helpers.Tests.CurrencyHelperTests" name="FormatToStringTest1000" />
    </UnitTest>
    <UnitTest name="FormatToStringTest1000 (1300.9430775404642,1300.94 zł)" storage="c:\projekty\mstestproject\bin\debug\netcoreapp3.1\mstestproject.dll" id="65c59c3a-f9da-4db5-9bf0-8e75099c3964">
      <TestCategory>
        <TestCategoryItem TestCategory="Category1000" />
      </TestCategory>
      <Execution id="5035c0a1-cfc3-4d72-ad54-29eb17480bcb" />
      <TestMethod codeBase="C:\Projekty\MSTestProject\bin\Debug\netcoreapp3.1\MSTestProject.dll" adapterTypeName="executor://mstestadapter/v2" className="TwojeWesele.Services.Helpers.Tests.CurrencyHelperTests" name="FormatToStringTest1000" />
    </UnitTest>
    <UnitTest name="FormatToStringTest1000 (5287.3103648714305,5287.31 zł)" storage="c:\projekty\mstestproject\bin\debug\netcoreapp3.1\mstestproject.dll" id="c42fc8be-9177-48a5-823b-8e48818a3b88">
      <TestCategory>
        <TestCategoryItem TestCategory="Category1000" />
      </TestCategory>
      <Execution id="e05ea7cb-9105-42f6-bac7-cbb57b565e46" />
      <TestMethod codeBase="C:\Projekty\MSTestProject\bin\Debug\netcoreapp3.1\MSTestProject.dll" adapterTypeName="executor://mstestadapter/v2" className="TwojeWesele.Services.Helpers.Tests.CurrencyHelperTests" name="FormatToStringTest1000" />
    </UnitTest>
    <UnitTest name="FormatToStringTest1000 (13375.96341587415,13375.96 zł)" storage="c:\projekty\mstestproject\bin\debug\netcoreapp3.1\mstestproject.dll" id="97ebe094-a324-4f5d-b010-40473de4c372">
      <TestCategory>
        <TestCategoryItem TestCategory="Category1000" />
      </TestCategory>
      <Execution id="2a6a0ea7-b5d6-4b04-a5cd-0baf9c14c4c6" />
      <TestMethod codeBase="C:\Projekty\MSTestProject\bin\Debug\netcoreapp3.1\MSTestProject.dll" adapterTypeName="executor://mstestadapter/v2" className="TwojeWesele.Services.Helpers.Tests.CurrencyHelperTests" name="FormatToStringTest1000" />
    </UnitTest>
    <UnitTest name="FormatToStringTest1000 (5548.360986085777,5548.36 zł)" storage="c:\projekty\mstestproject\bin\debug\netcoreapp3.1\mstestproject.dll" id="b427d6cc-d088-4290-acf7-2a847d70a365">
      <TestCategory>
        <TestCategoryItem TestCategory="Category1000" />
      </TestCategory>
      <Execution id="179a1718-5302-4f49-bf12-a1959d59ad47" />
      <TestMethod codeBase="C:\Projekty\MSTestProject\bin\Debug\netcoreapp3.1\MSTestProject.dll" adapterTypeName="executor://mstestadapter/v2" className="TwojeWesele.Services.Helpers.Tests.CurrencyHelperTests" name="FormatToStringTest1000" />
    </UnitTest>
    <UnitTest name="FormatToStringTest1000 (31163.834562352316,31163.83 zł)" storage="c:\projekty\mstestproject\bin\debug\netcoreapp3.1\mstestproject.dll" id="7b230bee-7975-43db-a975-7b51d7eca6e1">
      <TestCategory>
        <TestCategoryItem TestCategory="Category1000" />
      </TestCategory>
      <Execution id="8bdfea88-3327-4700-a75c-d7d71ee22436" />
      <TestMethod codeBase="C:\Projekty\MSTestProject\bin\Debug\netcoreapp3.1\MSTestProject.dll" adapterTypeName="executor://mstestadapter/v2" className="TwojeWesele.Services.Helpers.Tests.CurrencyHelperTests" name="FormatToStringTest1000" />
    </UnitTest>
    <UnitTest name="FormatToStringTest1000 (43424.45140075332,43424.45 zł)" storage="c:\projekty\mstestproject\bin\debug\netcoreapp3.1\mstestproject.dll" id="f7ab9927-3b50-44ea-a61c-4e27a78faae1">
      <TestCategory>
        <TestCategoryItem TestCategory="Category1000" />
      </TestCategory>
      <Execution id="859d99e8-fd00-46e3-ba3c-3e139afe2908" />
      <TestMethod codeBase="C:\Projekty\MSTestProject\bin\Debug\netcoreapp3.1\MSTestProject.dll" adapterTypeName="executor://mstestadapter/v2" className="TwojeWesele.Services.Helpers.Tests.CurrencyHelperTests" name="FormatToStringTest1000" />
    </UnitTest>
    <UnitTest name="FormatToStringTest1000 (11904.111251175456,11904.11 zł)" storage="c:\projekty\mstestproject\bin\debug\netcoreapp3.1\mstestproject.dll" id="affa64c6-946f-45aa-8786-c19556bcd7f5">
      <TestCategory>
        <TestCategoryItem TestCategory="Category1000" />
      </TestCategory>
      <Execution id="2104b9eb-9317-456f-be64-777e1c0b2a0b" />
      <TestMethod codeBase="C:\Projekty\MSTestProject\bin\Debug\netcoreapp3.1\MSTestProject.dll" adapterTypeName="executor://mstestadapter/v2" className="TwojeWesele.Services.Helpers.Tests.CurrencyHelperTests" name="FormatToStringTest1000" />
    </UnitTest>
    <UnitTest name="FormatToStringTest1000 (68507.83928906724,68507.84 zł)" storage="c:\projekty\mstestproject\bin\debug\netcoreapp3.1\mstestproject.dll" id="43637814-a272-4b3e-b2bc-ae0314db3ffc">
      <TestCategory>
        <TestCategoryItem TestCategory="Category1000" />
      </TestCategory>
      <Execution id="19e87647-a731-42a5-a906-0fff2153376f" />
      <TestMethod codeBase="C:\Projekty\MSTestProject\bin\Debug\netcoreapp3.1\MSTestProject.dll" adapterTypeName="executor://mstestadapter/v2" className="TwojeWesele.Services.Helpers.Tests.CurrencyHelperTests" name="FormatToStringTest1000" />
    </UnitTest>
    <UnitTest name="FormatToStringTest1000 (56802.303118930344,56802.30 zł)" storage="c:\projekty\mstestproject\bin\debug\netcoreapp3.1\mstestproject.dll" id="197fb8a1-958f-4136-be74-f59f1e28ff4d">
      <TestCategory>
        <TestCategoryItem TestCategory="Category1000" />
      </TestCategory>
      <Execution id="ddee97cf-d108-46d6-9454-b48a8e67181c" />
      <TestMethod codeBase="C:\Projekty\MSTestProject\bin\Debug\netcoreapp3.1\MSTestProject.dll" adapterTypeName="executor://mstestadapter/v2" className="TwojeWesele.Services.Helpers.Tests.CurrencyHelperTests" name="FormatToStringTest1000" />
    </UnitTest>
    <UnitTest name="FormatToStringTest1000 (8644.187977380207,8644.19 zł)" storage="c:\projekty\mstestproject\bin\debug\netcoreapp3.1\mstestproject.dll" id="c84e5759-ba9a-4671-94e3-26dd8146b4c6">
      <TestCategory>
        <TestCategoryItem TestCategory="Category1000" />
      </TestCategory>
      <Execution id="3bbc664c-6256-47a4-9913-cc2f1fd75e12" />
      <TestMethod codeBase="C:\Projekty\MSTestProject\bin\Debug\netcoreapp3.1\MSTestProject.dll" adapterTypeName="executor://mstestadapter/v2" className="TwojeWesele.Services.Helpers.Tests.CurrencyHelperTests" name="FormatToStringTest1000" />
    </UnitTest>
    <UnitTest name="FormatToStringTest1000 (7975.276658828965,7975.28 zł)" storage="c:\projekty\mstestproject\bin\debug\netcoreapp3.1\mstestproject.dll" id="12109300-c63c-41d5-bb62-8ae631571a6c">
      <TestCategory>
        <TestCategoryItem TestCategory="Category1000" />
      </TestCategory>
      <Execution id="f2448ed6-a513-4f43-8f9c-c810a3b98cef" />
      <TestMethod codeBase="C:\Projekty\MSTestProject\bin\Debug\netcoreapp3.1\MSTestProject.dll" adapterTypeName="executor://mstestadapter/v2" className="TwojeWesele.Services.Helpers.Tests.CurrencyHelperTests" name="FormatToStringTest1000" />
    </UnitTest>
    <UnitTest name="FormatToStringTest1000 (20068.867046961965,20068.87 zł)" storage="c:\projekty\mstestproject\bin\debug\netcoreapp3.1\mstestproject.dll" id="5c163ce8-78b0-4b5f-9e01-fe7ce26ffe53">
      <TestCategory>
        <TestCategoryItem TestCategory="Category1000" />
      </TestCategory>
      <Execution id="7d3b7037-c5b5-44cb-93d0-4a0addf4cebe" />
      <TestMethod codeBase="C:\Projekty\MSTestProject\bin\Debug\netcoreapp3.1\MSTestProject.dll" adapterTypeName="executor://mstestadapter/v2" className="TwojeWesele.Services.Helpers.Tests.CurrencyHelperTests" name="FormatToStringTest1000" />
    </UnitTest>
    <UnitTest name="FormatToStringTest1000 (65204.90483536055,65204.90 zł)" storage="c:\projekty\mstestproject\bin\debug\netcoreapp3.1\mstestproject.dll" id="86ff391c-c9d6-4434-b8a1-e2923280f3f9">
      <TestCategory>
        <TestCategoryItem TestCategory="Category1000" />
      </TestCategory>
      <Execution id="e4703f56-0ed1-4ca0-afb0-d329eb7a04d4" />
      <TestMethod codeBase="C:\Projekty\MSTestProject\bin\Debug\netcoreapp3.1\MSTestProject.dll" adapterTypeName="executor://mstestadapter/v2" className="TwojeWesele.Services.Helpers.Tests.CurrencyHelperTests" name="FormatToStringTest1000" />
    </UnitTest>
    <UnitTest name="FormatToStringTest1000 (32632.105531036905,32632.11 zł)" storage="c:\projekty\mstestproject\bin\debug\netcoreapp3.1\mstestproject.dll" id="0420df47-5fc3-46b6-809e-d28bca8ef61d">
      <TestCategory>
        <TestCategoryItem TestCategory="Category1000" />
      </TestCategory>
      <Execution id="240f9a05-5767-43d4-9c11-1093510741a1" />
      <TestMethod codeBase="C:\Projekty\MSTestProject\bin\Debug\netcoreapp3.1\MSTestProject.dll" adapterTypeName="executor://mstestadapter/v2" className="TwojeWesele.Services.Helpers.Tests.CurrencyHelperTests" name="FormatToStringTest1000" />
    </UnitTest>
    <UnitTest name="FormatToStringTest1000 (5628.028273674672,5628.03 zł)" storage="c:\projekty\mstestproject\bin\debug\netcoreapp3.1\mstestproject.dll" id="7df0d4ff-f922-441b-aeb7-b95db75d8645">
      <TestCategory>
        <TestCategoryItem TestCategory="Category1000" />
      </TestCategory>
      <Execution id="9212b08d-c656-4cce-a890-81a9569b7912" />
      <TestMethod codeBase="C:\Projekty\MSTestProject\bin\Debug\netcoreapp3.1\MSTestProject.dll" adapterTypeName="executor://mstestadapter/v2" className="TwojeWesele.Services.Helpers.Tests.CurrencyHelperTests" name="FormatToStringTest1000" />
    </UnitTest>
    <UnitTest name="FormatToStringTest1000 (16208.076866391615,16208.08 zł)" storage="c:\projekty\mstestproject\bin\debug\netcoreapp3.1\mstestproject.dll" id="76eb30d1-8765-4f6b-ad22-e68815fe8f56">
      <TestCategory>
        <TestCategoryItem TestCategory="Category1000" />
      </TestCategory>
      <Execution id="dfcea35d-9071-46b4-96d2-ba0a0cb3b796" />
      <TestMethod codeBase="C:\Projekty\MSTestProject\bin\Debug\netcoreapp3.1\MSTestProject.dll" adapterTypeName="executor://mstestadapter/v2" className="TwojeWesele.Services.Helpers.Tests.CurrencyHelperTests" name="FormatToStringTest1000" />
    </UnitTest>
    <UnitTest name="FormatToStringTest1000 (20321.03715103913,20321.04 zł)" storage="c:\projekty\mstestproject\bin\debug\netcoreapp3.1\mstestproject.dll" id="35fae332-33d6-4e58-9f8b-d60991adc7f7">
      <TestCategory>
        <TestCategoryItem TestCategory="Category1000" />
      </TestCategory>
      <Execution id="14487586-2356-42dc-9ab0-e008a293fdb7" />
      <TestMethod codeBase="C:\Projekty\MSTestProject\bin\Debug\netcoreapp3.1\MSTestProject.dll" adapterTypeName="executor://mstestadapter/v2" className="TwojeWesele.Services.Helpers.Tests.CurrencyHelperTests" name="FormatToStringTest1000" />
    </UnitTest>
    <UnitTest name="FormatToStringTest1000 (34458.5406463512,34458.54 zł)" storage="c:\projekty\mstestproject\bin\debug\netcoreapp3.1\mstestproject.dll" id="664709d8-fe35-4267-b755-7e9a454b91c7">
      <TestCategory>
        <TestCategoryItem TestCategory="Category1000" />
      </TestCategory>
      <Execution id="54fccc40-3019-495e-88fa-d20e72cff977" />
      <TestMethod codeBase="C:\Projekty\MSTestProject\bin\Debug\netcoreapp3.1\MSTestProject.dll" adapterTypeName="executor://mstestadapter/v2" className="TwojeWesele.Services.Helpers.Tests.CurrencyHelperTests" name="FormatToStringTest1000" />
    </UnitTest>
    <UnitTest name="FormatToStringTest1000 (17098.491445727876,17098.49 zł)" storage="c:\projekty\mstestproject\bin\debug\netcoreapp3.1\mstestproject.dll" id="617f9df4-8413-430f-9ddd-e0c4f867dc01">
      <TestCategory>
        <TestCategoryItem TestCategory="Category1000" />
      </TestCategory>
      <Execution id="ff730e6c-e281-4a76-bcd5-ad49bd23a1f6" />
      <TestMethod codeBase="C:\Projekty\MSTestProject\bin\Debug\netcoreapp3.1\MSTestProject.dll" adapterTypeName="executor://mstestadapter/v2" className="TwojeWesele.Services.Helpers.Tests.CurrencyHelperTests" name="FormatToStringTest1000" />
    </UnitTest>
    <UnitTest name="FormatToStringTest1000 (85407.13428016152,85407.13 zł)" storage="c:\projekty\mstestproject\bin\debug\netcoreapp3.1\mstestproject.dll" id="6cddd690-34bd-40b6-bc17-246ec30bbe08">
      <TestCategory>
        <TestCategoryItem TestCategory="Category1000" />
      </TestCategory>
      <Execution id="cf6c320c-8144-4c57-b8e5-66c99c67ab3f" />
      <TestMethod codeBase="C:\Projekty\MSTestProject\bin\Debug\netcoreapp3.1\MSTestProject.dll" adapterTypeName="executor://mstestadapter/v2" className="TwojeWesele.Services.Helpers.Tests.CurrencyHelperTests" name="FormatToStringTest1000" />
    </UnitTest>
    <UnitTest name="FormatToStringTest1000 (10857.521742201186,10857.52 zł)" storage="c:\projekty\mstestproject\bin\debug\netcoreapp3.1\mstestproject.dll" id="666650c5-68b6-4d18-9720-eb39c403a129">
      <TestCategory>
        <TestCategoryItem TestCategory="Category1000" />
      </TestCategory>
      <Execution id="174e9059-662c-4f81-ad04-19786d735dce" />
      <TestMethod codeBase="C:\Projekty\MSTestProject\bin\Debug\netcoreapp3.1\MSTestProject.dll" adapterTypeName="executor://mstestadapter/v2" className="TwojeWesele.Services.Helpers.Tests.CurrencyHelperTests" name="FormatToStringTest1000" />
    </UnitTest>
    <UnitTest name="FormatToStringTest1000 (3700.029953029021,3700.03 zł)" storage="c:\projekty\mstestproject\bin\debug\netcoreapp3.1\mstestproject.dll" id="d3fdf795-ebcf-441a-891b-451a75f9dff3">
      <TestCategory>
        <TestCategoryItem TestCategory="Category1000" />
      </TestCategory>
      <Execution id="1c6fb5e8-9f3c-4d58-98f5-21067a88656b" />
      <TestMethod codeBase="C:\Projekty\MSTestProject\bin\Debug\netcoreapp3.1\MSTestProject.dll" adapterTypeName="executor://mstestadapter/v2" className="TwojeWesele.Services.Helpers.Tests.CurrencyHelperTests" name="FormatToStringTest1000" />
    </UnitTest>
    <UnitTest name="FormatToStringTest1000 (2166.4103293970275,2166.41 zł)" storage="c:\projekty\mstestproject\bin\debug\netcoreapp3.1\mstestproject.dll" id="a9a6cb30-d899-493e-8a66-f362315fe537">
      <TestCategory>
        <TestCategoryItem TestCategory="Category1000" />
      </TestCategory>
      <Execution id="8e1d785f-d45a-48b5-b065-20ad8d539322" />
      <TestMethod codeBase="C:\Projekty\MSTestProject\bin\Debug\netcoreapp3.1\MSTestProject.dll" adapterTypeName="executor://mstestadapter/v2" className="TwojeWesele.Services.Helpers.Tests.CurrencyHelperTests" name="FormatToStringTest1000" />
    </UnitTest>
    <UnitTest name="FormatToStringTest1000 (1952.6955147062872,1952.70 zł)" storage="c:\projekty\mstestproject\bin\debug\netcoreapp3.1\mstestproject.dll" id="d240b5ac-73fb-4b59-9d20-3e414edf3abb">
      <TestCategory>
        <TestCategoryItem TestCategory="Category1000" />
      </TestCategory>
      <Execution id="80c3d346-6c56-4b7d-97df-b2a89f451caa" />
      <TestMethod codeBase="C:\Projekty\MSTestProject\bin\Debug\netcoreapp3.1\MSTestProject.dll" adapterTypeName="executor://mstestadapter/v2" className="TwojeWesele.Services.Helpers.Tests.CurrencyHelperTests" name="FormatToStringTest1000" />
    </UnitTest>
    <UnitTest name="FormatToStringTest1000 (86.89546322771136,86.90 zł)" storage="c:\projekty\mstestproject\bin\debug\netcoreapp3.1\mstestproject.dll" id="fe80ddcd-141f-4d48-8d4f-aa7b8099dd24">
      <TestCategory>
        <TestCategoryItem TestCategory="Category1000" />
      </TestCategory>
      <Execution id="417daa70-45dc-41ab-884b-ef7875b60e76" />
      <TestMethod codeBase="C:\Projekty\MSTestProject\bin\Debug\netcoreapp3.1\MSTestProject.dll" adapterTypeName="executor://mstestadapter/v2" className="TwojeWesele.Services.Helpers.Tests.CurrencyHelperTests" name="FormatToStringTest1000" />
    </UnitTest>
    <UnitTest name="FormatToStringTest1000 (11584.045280779732,11584.05 zł)" storage="c:\projekty\mstestproject\bin\debug\netcoreapp3.1\mstestproject.dll" id="3bb34af4-b90b-479b-8e0f-16505c9f0ebd">
      <TestCategory>
        <TestCategoryItem TestCategory="Category1000" />
      </TestCategory>
      <Execution id="5c2eedc1-d310-43ed-8348-750deeccca8e" />
      <TestMethod codeBase="C:\Projekty\MSTestProject\bin\Debug\netcoreapp3.1\MSTestProject.dll" adapterTypeName="executor://mstestadapter/v2" className="TwojeWesele.Services.Helpers.Tests.CurrencyHelperTests" name="FormatToStringTest1000" />
    </UnitTest>
    <UnitTest name="FormatToStringTest1000 (50956.25028206606,50956.25 zł)" storage="c:\projekty\mstestproject\bin\debug\netcoreapp3.1\mstestproject.dll" id="ad002b08-cfb1-49ec-919c-480889be6862">
      <TestCategory>
        <TestCategoryItem TestCategory="Category1000" />
      </TestCategory>
      <Execution id="01bbd953-f4d7-4ceb-823f-fe1080d0e6c5" />
      <TestMethod codeBase="C:\Projekty\MSTestProject\bin\Debug\netcoreapp3.1\MSTestProject.dll" adapterTypeName="executor://mstestadapter/v2" className="TwojeWesele.Services.Helpers.Tests.CurrencyHelperTests" name="FormatToStringTest1000" />
    </UnitTest>
    <UnitTest name="FormatToStringTest1000 (941.429400278921,941.43 zł)" storage="c:\projekty\mstestproject\bin\debug\netcoreapp3.1\mstestproject.dll" id="9d8844bf-8701-4e4e-b0c6-ad4f130743ba">
      <TestCategory>
        <TestCategoryItem TestCategory="Category1000" />
      </TestCategory>
      <Execution id="e1d776ae-de7b-4a3c-9b15-9acb1a4f3077" />
      <TestMethod codeBase="C:\Projekty\MSTestProject\bin\Debug\netcoreapp3.1\MSTestProject.dll" adapterTypeName="executor://mstestadapter/v2" className="TwojeWesele.Services.Helpers.Tests.CurrencyHelperTests" name="FormatToStringTest1000" />
    </UnitTest>
    <UnitTest name="FormatToStringTest1000 (9097.395563790293,9097.40 zł)" storage="c:\projekty\mstestproject\bin\debug\netcoreapp3.1\mstestproject.dll" id="55a10f29-6f98-4917-938b-a61ae4eda320">
      <TestCategory>
        <TestCategoryItem TestCategory="Category1000" />
      </TestCategory>
      <Execution id="66e5b0fb-b508-4f65-a7cd-1dd9587f90cd" />
      <TestMethod codeBase="C:\Projekty\MSTestProject\bin\Debug\netcoreapp3.1\MSTestProject.dll" adapterTypeName="executor://mstestadapter/v2" className="TwojeWesele.Services.Helpers.Tests.CurrencyHelperTests" name="FormatToStringTest1000" />
    </UnitTest>
    <UnitTest name="FormatToStringTest1000 (2039.440966411699,2039.44 zł)" storage="c:\projekty\mstestproject\bin\debug\netcoreapp3.1\mstestproject.dll" id="9f8dc348-f40f-400a-8e8c-61cf7f2f6616">
      <TestCategory>
        <TestCategoryItem TestCategory="Category1000" />
      </TestCategory>
      <Execution id="254c5d66-9b49-4000-a4ae-7e176717b4f9" />
      <TestMethod codeBase="C:\Projekty\MSTestProject\bin\Debug\netcoreapp3.1\MSTestProject.dll" adapterTypeName="executor://mstestadapter/v2" className="TwojeWesele.Services.Helpers.Tests.CurrencyHelperTests" name="FormatToStringTest1000" />
    </UnitTest>
    <UnitTest name="FormatToStringTest1000 (11922.837782177532,11922.84 zł)" storage="c:\projekty\mstestproject\bin\debug\netcoreapp3.1\mstestproject.dll" id="d3426c9b-e4ca-43d3-8241-68557a33cc4a">
      <TestCategory>
        <TestCategoryItem TestCategory="Category1000" />
      </TestCategory>
      <Execution id="db222820-5570-4260-a73a-002ef33529f0" />
      <TestMethod codeBase="C:\Projekty\MSTestProject\bin\Debug\netcoreapp3.1\MSTestProject.dll" adapterTypeName="executor://mstestadapter/v2" className="TwojeWesele.Services.Helpers.Tests.CurrencyHelperTests" name="FormatToStringTest1000" />
    </UnitTest>
    <UnitTest name="FormatToStringTest1000 (30807.823896702295,30807.82 zł)" storage="c:\projekty\mstestproject\bin\debug\netcoreapp3.1\mstestproject.dll" id="5fc6718c-0ebb-42a3-8c28-5ee1ef68b916">
      <TestCategory>
        <TestCategoryItem TestCategory="Category1000" />
      </TestCategory>
      <Execution id="6e7c6c8b-f9e5-4a80-bbc7-e3090dd0edf4" />
      <TestMethod codeBase="C:\Projekty\MSTestProject\bin\Debug\netcoreapp3.1\MSTestProject.dll" adapterTypeName="executor://mstestadapter/v2" className="TwojeWesele.Services.Helpers.Tests.CurrencyHelperTests" name="FormatToStringTest1000" />
    </UnitTest>
    <UnitTest name="FormatToStringTest1000 (32821.05661472215,32821.06 zł)" storage="c:\projekty\mstestproject\bin\debug\netcoreapp3.1\mstestproject.dll" id="78ceeffc-ff60-45d0-b169-a8bc1e58243d">
      <TestCategory>
        <TestCategoryItem TestCategory="Category1000" />
      </TestCategory>
      <Execution id="5b4da068-1915-4e0d-9088-66f69ddb3ca2" />
      <TestMethod codeBase="C:\Projekty\MSTestProject\bin\Debug\netcoreapp3.1\MSTestProject.dll" adapterTypeName="executor://mstestadapter/v2" className="TwojeWesele.Services.Helpers.Tests.CurrencyHelperTests" name="FormatToStringTest1000" />
    </UnitTest>
    <UnitTest name="FormatToStringTest1000 (19189.813662191766,19189.81 zł)" storage="c:\projekty\mstestproject\bin\debug\netcoreapp3.1\mstestproject.dll" id="94f776b5-fd8e-4889-9bf4-b898529e3d2a">
      <TestCategory>
        <TestCategoryItem TestCategory="Category1000" />
      </TestCategory>
      <Execution id="8a760cd6-2afe-4017-a01b-3efe7dbd54fa" />
      <TestMethod codeBase="C:\Projekty\MSTestProject\bin\Debug\netcoreapp3.1\MSTestProject.dll" adapterTypeName="executor://mstestadapter/v2" className="TwojeWesele.Services.Helpers.Tests.CurrencyHelperTests" name="FormatToStringTest1000" />
    </UnitTest>
    <UnitTest name="FormatToStringTest1000 (10994.251866986162,10994.25 zł)" storage="c:\projekty\mstestproject\bin\debug\netcoreapp3.1\mstestproject.dll" id="8cee5c56-e925-4114-8dee-3e258ffdf017">
      <TestCategory>
        <TestCategoryItem TestCategory="Category1000" />
      </TestCategory>
      <Execution id="5c65be90-8521-4a3e-ac16-6612945c97e6" />
      <TestMethod codeBase="C:\Projekty\MSTestProject\bin\Debug\netcoreapp3.1\MSTestProject.dll" adapterTypeName="executor://mstestadapter/v2" className="TwojeWesele.Services.Helpers.Tests.CurrencyHelperTests" name="FormatToStringTest1000" />
    </UnitTest>
    <UnitTest name="FormatToStringTest1000 (4823.904478896365,4823.90 zł)" storage="c:\projekty\mstestproject\bin\debug\netcoreapp3.1\mstestproject.dll" id="b32c5c06-9170-46ea-bcc7-b3a62cb64a9b">
      <TestCategory>
        <TestCategoryItem TestCategory="Category1000" />
      </TestCategory>
      <Execution id="d32d0808-df18-4f27-a25e-24d1b4551b8c" />
      <TestMethod codeBase="C:\Projekty\MSTestProject\bin\Debug\netcoreapp3.1\MSTestProject.dll" adapterTypeName="executor://mstestadapter/v2" className="TwojeWesele.Services.Helpers.Tests.CurrencyHelperTests" name="FormatToStringTest1000" />
    </UnitTest>
    <UnitTest name="FormatToStringTest1000 (20552.966022956633,20552.97 zł)" storage="c:\projekty\mstestproject\bin\debug\netcoreapp3.1\mstestproject.dll" id="cbf68651-a885-4236-a3bd-d964bbc6e22e">
      <TestCategory>
        <TestCategoryItem TestCategory="Category1000" />
      </TestCategory>
      <Execution id="ee9415dd-cca1-4752-9273-68ef8df96742" />
      <TestMethod codeBase="C:\Projekty\MSTestProject\bin\Debug\netcoreapp3.1\MSTestProject.dll" adapterTypeName="executor://mstestadapter/v2" className="TwojeWesele.Services.Helpers.Tests.CurrencyHelperTests" name="FormatToStringTest1000" />
    </UnitTest>
    <UnitTest name="FormatToStringTest1000 (7726.0074454499445,7726.01 zł)" storage="c:\projekty\mstestproject\bin\debug\netcoreapp3.1\mstestproject.dll" id="f52556a7-8474-4605-9df7-6373123acbb4">
      <TestCategory>
        <TestCategoryItem TestCategory="Category1000" />
      </TestCategory>
      <Execution id="7dac4bdb-0888-4ccb-9f4f-d6287e5cb217" />
      <TestMethod codeBase="C:\Projekty\MSTestProject\bin\Debug\netcoreapp3.1\MSTestProject.dll" adapterTypeName="executor://mstestadapter/v2" className="TwojeWesele.Services.Helpers.Tests.CurrencyHelperTests" name="FormatToStringTest1000" />
    </UnitTest>
    <UnitTest name="FormatToStringTest1000 (20497.107923553376,20497.11 zł)" storage="c:\projekty\mstestproject\bin\debug\netcoreapp3.1\mstestproject.dll" id="77053778-bdf6-498c-81ba-ed03ceae551f">
      <TestCategory>
        <TestCategoryItem TestCategory="Category1000" />
      </TestCategory>
      <Execution id="664c85b2-57e6-4839-9a9c-89037285b16d" />
      <TestMethod codeBase="C:\Projekty\MSTestProject\bin\Debug\netcoreapp3.1\MSTestProject.dll" adapterTypeName="executor://mstestadapter/v2" className="TwojeWesele.Services.Helpers.Tests.CurrencyHelperTests" name="FormatToStringTest1000" />
    </UnitTest>
    <UnitTest name="FormatToStringTest1000 (52481.07276821932,52481.07 zł)" storage="c:\projekty\mstestproject\bin\debug\netcoreapp3.1\mstestproject.dll" id="5ee0789a-b332-4c6c-97f2-5e4f825e7b84">
      <TestCategory>
        <TestCategoryItem TestCategory="Category1000" />
      </TestCategory>
      <Execution id="dbef0e5b-a759-410f-8e4d-162a59f2b9bb" />
      <TestMethod codeBase="C:\Projekty\MSTestProject\bin\Debug\netcoreapp3.1\MSTestProject.dll" adapterTypeName="executor://mstestadapter/v2" className="TwojeWesele.Services.Helpers.Tests.CurrencyHelperTests" name="FormatToStringTest1000" />
    </UnitTest>
    <UnitTest name="FormatToStringTest1000 (31391.358864880804,31391.36 zł)" storage="c:\projekty\mstestproject\bin\debug\netcoreapp3.1\mstestproject.dll" id="d39e67f8-7285-4f78-8dc3-488f9e24d18a">
      <TestCategory>
        <TestCategoryItem TestCategory="Category1000" />
      </TestCategory>
      <Execution id="2f0640e4-b473-4cf1-adbb-17d6a03e871f" />
      <TestMethod codeBase="C:\Projekty\MSTestProject\bin\Debug\netcoreapp3.1\MSTestProject.dll" adapterTypeName="executor://mstestadapter/v2" className="TwojeWesele.Services.Helpers.Tests.CurrencyHelperTests" name="FormatToStringTest1000" />
    </UnitTest>
    <UnitTest name="FormatToStringTest1000 (11624.834848273003,11624.83 zł)" storage="c:\projekty\mstestproject\bin\debug\netcoreapp3.1\mstestproject.dll" id="20767a9c-9106-4543-b4c6-e5da350d144a">
      <TestCategory>
        <TestCategoryItem TestCategory="Category1000" />
      </TestCategory>
      <Execution id="4d763795-3f99-4eba-b5e7-db9d721b7332" />
      <TestMethod codeBase="C:\Projekty\MSTestProject\bin\Debug\netcoreapp3.1\MSTestProject.dll" adapterTypeName="executor://mstestadapter/v2" className="TwojeWesele.Services.Helpers.Tests.CurrencyHelperTests" name="FormatToStringTest1000" />
    </UnitTest>
    <UnitTest name="FormatToStringTest1000 (48449.85582609189,48449.86 zł)" storage="c:\projekty\mstestproject\bin\debug\netcoreapp3.1\mstestproject.dll" id="ad44d2d2-0629-49cd-993b-6f9f3acb50f8">
      <TestCategory>
        <TestCategoryItem TestCategory="Category1000" />
      </TestCategory>
      <Execution id="2c9a959a-9eaa-4c8a-8cd1-cb25c72eefb6" />
      <TestMethod codeBase="C:\Projekty\MSTestProject\bin\Debug\netcoreapp3.1\MSTestProject.dll" adapterTypeName="executor://mstestadapter/v2" className="TwojeWesele.Services.Helpers.Tests.CurrencyHelperTests" name="FormatToStringTest1000" />
    </UnitTest>
    <UnitTest name="FormatToStringTest1000 (29975.4018974022,29975.40 zł)" storage="c:\projekty\mstestproject\bin\debug\netcoreapp3.1\mstestproject.dll" id="44d3f848-4a3b-4ac7-aee9-8635a9bfb317">
      <TestCategory>
        <TestCategoryItem TestCategory="Category1000" />
      </TestCategory>
      <Execution id="2cb8e70f-5616-4d71-9529-8852835bbc38" />
      <TestMethod codeBase="C:\Projekty\MSTestProject\bin\Debug\netcoreapp3.1\MSTestProject.dll" adapterTypeName="executor://mstestadapter/v2" className="TwojeWesele.Services.Helpers.Tests.CurrencyHelperTests" name="FormatToStringTest1000" />
    </UnitTest>
    <UnitTest name="FormatToStringTest1000 (36651.05802063414,36651.06 zł)" storage="c:\projekty\mstestproject\bin\debug\netcoreapp3.1\mstestproject.dll" id="9f9b6f9e-d03f-4290-a4a5-b437daaeede6">
      <TestCategory>
        <TestCategoryItem TestCategory="Category1000" />
      </TestCategory>
      <Execution id="4d13efd6-4f69-4423-9285-ffb49dd8f4a2" />
      <TestMethod codeBase="C:\Projekty\MSTestProject\bin\Debug\netcoreapp3.1\MSTestProject.dll" adapterTypeName="executor://mstestadapter/v2" className="TwojeWesele.Services.Helpers.Tests.CurrencyHelperTests" name="FormatToStringTest1000" />
    </UnitTest>
    <UnitTest name="FormatToStringTest1000 (73372.53853826903,73372.54 zł)" storage="c:\projekty\mstestproject\bin\debug\netcoreapp3.1\mstestproject.dll" id="e64f6c50-e037-4b84-a04b-623ef8368d22">
      <TestCategory>
        <TestCategoryItem TestCategory="Category1000" />
      </TestCategory>
      <Execution id="9954d90a-c2c0-4f0f-be45-1cdd6ea0884a" />
      <TestMethod codeBase="C:\Projekty\MSTestProject\bin\Debug\netcoreapp3.1\MSTestProject.dll" adapterTypeName="executor://mstestadapter/v2" className="TwojeWesele.Services.Helpers.Tests.CurrencyHelperTests" name="FormatToStringTest1000" />
    </UnitTest>
    <UnitTest name="FormatToStringTest1000 (48084.94422955389,48084.94 zł)" storage="c:\projekty\mstestproject\bin\debug\netcoreapp3.1\mstestproject.dll" id="bc93fc68-d324-4099-b827-1f321143c152">
      <TestCategory>
        <TestCategoryItem TestCategory="Category1000" />
      </TestCategory>
      <Execution id="a86a9d09-8d05-47c7-a6f6-bc125443262d" />
      <TestMethod codeBase="C:\Projekty\MSTestProject\bin\Debug\netcoreapp3.1\MSTestProject.dll" adapterTypeName="executor://mstestadapter/v2" className="TwojeWesele.Services.Helpers.Tests.CurrencyHelperTests" name="FormatToStringTest1000" />
    </UnitTest>
    <UnitTest name="FormatToStringTest1000 (22153.282278674324,22153.28 zł)" storage="c:\projekty\mstestproject\bin\debug\netcoreapp3.1\mstestproject.dll" id="f4964f5a-5ecb-4b49-a1fd-87616e82e237">
      <TestCategory>
        <TestCategoryItem TestCategory="Category1000" />
      </TestCategory>
      <Execution id="866adff0-87bb-447f-8dd7-4f114ad7a9c8" />
      <TestMethod codeBase="C:\Projekty\MSTestProject\bin\Debug\netcoreapp3.1\MSTestProject.dll" adapterTypeName="executor://mstestadapter/v2" className="TwojeWesele.Services.Helpers.Tests.CurrencyHelperTests" name="FormatToStringTest1000" />
    </UnitTest>
    <UnitTest name="FormatToStringTest1000 (24024.14691439557,24024.15 zł)" storage="c:\projekty\mstestproject\bin\debug\netcoreapp3.1\mstestproject.dll" id="5a210aa6-f1d7-4df3-8c54-5526cfb47618">
      <TestCategory>
        <TestCategoryItem TestCategory="Category1000" />
      </TestCategory>
      <Execution id="922b45d1-4830-466b-aede-827dde15a7d1" />
      <TestMethod codeBase="C:\Projekty\MSTestProject\bin\Debug\netcoreapp3.1\MSTestProject.dll" adapterTypeName="executor://mstestadapter/v2" className="TwojeWesele.Services.Helpers.Tests.CurrencyHelperTests" name="FormatToStringTest1000" />
    </UnitTest>
    <UnitTest name="FormatToStringTest1000 (24137.016609529506,24137.02 zł)" storage="c:\projekty\mstestproject\bin\debug\netcoreapp3.1\mstestproject.dll" id="2766b28a-6d8d-4a30-9ccd-5471fd64aca3">
      <TestCategory>
        <TestCategoryItem TestCategory="Category1000" />
      </TestCategory>
      <Execution id="1929fe27-ef89-424a-b57b-be2b9ab311a2" />
      <TestMethod codeBase="C:\Projekty\MSTestProject\bin\Debug\netcoreapp3.1\MSTestProject.dll" adapterTypeName="executor://mstestadapter/v2" className="TwojeWesele.Services.Helpers.Tests.CurrencyHelperTests" name="FormatToStringTest1000" />
    </UnitTest>
    <UnitTest name="FormatToStringTest1000 (236.20263638589657,236.20 zł)" storage="c:\projekty\mstestproject\bin\debug\netcoreapp3.1\mstestproject.dll" id="6a905cf4-7e40-4578-91e5-c8d62844dd05">
      <TestCategory>
        <TestCategoryItem TestCategory="Category1000" />
      </TestCategory>
      <Execution id="7bb59eb6-c9e1-406b-8e87-3e9b653791d5" />
      <TestMethod codeBase="C:\Projekty\MSTestProject\bin\Debug\netcoreapp3.1\MSTestProject.dll" adapterTypeName="executor://mstestadapter/v2" className="TwojeWesele.Services.Helpers.Tests.CurrencyHelperTests" name="FormatToStringTest1000" />
    </UnitTest>
    <UnitTest name="FormatToStringTest1000 (66284.43763489948,66284.44 zł)" storage="c:\projekty\mstestproject\bin\debug\netcoreapp3.1\mstestproject.dll" id="d2db0b95-f7bc-4637-a079-d663d993a81f">
      <TestCategory>
        <TestCategoryItem TestCategory="Category1000" />
      </TestCategory>
      <Execution id="1fa4f7e5-fa95-46e2-be7d-4c228e43688c" />
      <TestMethod codeBase="C:\Projekty\MSTestProject\bin\Debug\netcoreapp3.1\MSTestProject.dll" adapterTypeName="executor://mstestadapter/v2" className="TwojeWesele.Services.Helpers.Tests.CurrencyHelperTests" name="FormatToStringTest1000" />
    </UnitTest>
    <UnitTest name="FormatToStringTest1000 (30034.922435005625,30034.92 zł)" storage="c:\projekty\mstestproject\bin\debug\netcoreapp3.1\mstestproject.dll" id="442a5e42-aa6d-458d-a9f4-a5db7d4fe843">
      <TestCategory>
        <TestCategoryItem TestCategory="Category1000" />
      </TestCategory>
      <Execution id="64b7485f-4351-479a-ab03-a5266e3abe03" />
      <TestMethod codeBase="C:\Projekty\MSTestProject\bin\Debug\netcoreapp3.1\MSTestProject.dll" adapterTypeName="executor://mstestadapter/v2" className="TwojeWesele.Services.Helpers.Tests.CurrencyHelperTests" name="FormatToStringTest1000" />
    </UnitTest>
    <UnitTest name="FormatToStringTest1000 (3303.1902076747224,3303.19 zł)" storage="c:\projekty\mstestproject\bin\debug\netcoreapp3.1\mstestproject.dll" id="b5489667-29b8-45ae-9f44-b4d11a6d5122">
      <TestCategory>
        <TestCategoryItem TestCategory="Category1000" />
      </TestCategory>
      <Execution id="58114e2d-7ca6-4fff-903f-b685e17c33c2" />
      <TestMethod codeBase="C:\Projekty\MSTestProject\bin\Debug\netcoreapp3.1\MSTestProject.dll" adapterTypeName="executor://mstestadapter/v2" className="TwojeWesele.Services.Helpers.Tests.CurrencyHelperTests" name="FormatToStringTest1000" />
    </UnitTest>
    <UnitTest name="FormatToStringTest1000 (78519.41691976106,78519.42 zł)" storage="c:\projekty\mstestproject\bin\debug\netcoreapp3.1\mstestproject.dll" id="9146436c-d29d-494f-a456-673f9aed9910">
      <TestCategory>
        <TestCategoryItem TestCategory="Category1000" />
      </TestCategory>
      <Execution id="d478d924-93a5-4e5d-9df2-21d49033d0fe" />
      <TestMethod codeBase="C:\Projekty\MSTestProject\bin\Debug\netcoreapp3.1\MSTestProject.dll" adapterTypeName="executor://mstestadapter/v2" className="TwojeWesele.Services.Helpers.Tests.CurrencyHelperTests" name="FormatToStringTest1000" />
    </UnitTest>
    <UnitTest name="FormatToStringTest1000 (24825.207513729205,24825.21 zł)" storage="c:\projekty\mstestproject\bin\debug\netcoreapp3.1\mstestproject.dll" id="2aa5426b-159f-4622-bb37-d2cd0cb8655d">
      <TestCategory>
        <TestCategoryItem TestCategory="Category1000" />
      </TestCategory>
      <Execution id="23f9553f-a48d-4d5c-b3e3-8a39716e1969" />
      <TestMethod codeBase="C:\Projekty\MSTestProject\bin\Debug\netcoreapp3.1\MSTestProject.dll" adapterTypeName="executor://mstestadapter/v2" className="TwojeWesele.Services.Helpers.Tests.CurrencyHelperTests" name="FormatToStringTest1000" />
    </UnitTest>
    <UnitTest name="FormatToStringTest1000 (38402.8293406753,38402.83 zł)" storage="c:\projekty\mstestproject\bin\debug\netcoreapp3.1\mstestproject.dll" id="1c0a3442-0427-499e-ab58-ae5a97d2550c">
      <TestCategory>
        <TestCategoryItem TestCategory="Category1000" />
      </TestCategory>
      <Execution id="7c1c2c6d-fd5b-4932-8b95-de60ebf87c5b" />
      <TestMethod codeBase="C:\Projekty\MSTestProject\bin\Debug\netcoreapp3.1\MSTestProject.dll" adapterTypeName="executor://mstestadapter/v2" className="TwojeWesele.Services.Helpers.Tests.CurrencyHelperTests" name="FormatToStringTest1000" />
    </UnitTest>
    <UnitTest name="FormatToStringTest1000 (635.3263313632116,635.33 zł)" storage="c:\projekty\mstestproject\bin\debug\netcoreapp3.1\mstestproject.dll" id="ccdd204a-9c71-47e3-8fc8-a875244625b3">
      <TestCategory>
        <TestCategoryItem TestCategory="Category1000" />
      </TestCategory>
      <Execution id="b29b096c-8a21-4229-bece-216b9bc8060d" />
      <TestMethod codeBase="C:\Projekty\MSTestProject\bin\Debug\netcoreapp3.1\MSTestProject.dll" adapterTypeName="executor://mstestadapter/v2" className="TwojeWesele.Services.Helpers.Tests.CurrencyHelperTests" name="FormatToStringTest1000" />
    </UnitTest>
    <UnitTest name="FormatToStringTest1000 (15624.452361264477,15624.45 zł)" storage="c:\projekty\mstestproject\bin\debug\netcoreapp3.1\mstestproject.dll" id="d2069758-13c9-4e72-8281-e99ed1e9c7d9">
      <TestCategory>
        <TestCategoryItem TestCategory="Category1000" />
      </TestCategory>
      <Execution id="aa143997-bc88-4bf2-9b0a-49f74e4ed7e9" />
      <TestMethod codeBase="C:\Projekty\MSTestProject\bin\Debug\netcoreapp3.1\MSTestProject.dll" adapterTypeName="executor://mstestadapter/v2" className="TwojeWesele.Services.Helpers.Tests.CurrencyHelperTests" name="FormatToStringTest1000" />
    </UnitTest>
    <UnitTest name="FormatToStringTest1000 (8908.080586221107,8908.08 zł)" storage="c:\projekty\mstestproject\bin\debug\netcoreapp3.1\mstestproject.dll" id="06103075-dc26-41c8-af31-1f7785e65fb5">
      <TestCategory>
        <TestCategoryItem TestCategory="Category1000" />
      </TestCategory>
      <Execution id="a3b8db92-9024-4648-8ece-a203dd5efdc9" />
      <TestMethod codeBase="C:\Projekty\MSTestProject\bin\Debug\netcoreapp3.1\MSTestProject.dll" adapterTypeName="executor://mstestadapter/v2" className="TwojeWesele.Services.Helpers.Tests.CurrencyHelperTests" name="FormatToStringTest1000" />
    </UnitTest>
    <UnitTest name="FormatToStringTest1000 (49037.8109120586,49037.81 zł)" storage="c:\projekty\mstestproject\bin\debug\netcoreapp3.1\mstestproject.dll" id="60c31355-76ef-4939-ac2c-7420665477a6">
      <TestCategory>
        <TestCategoryItem TestCategory="Category1000" />
      </TestCategory>
      <Execution id="4965a458-28e0-465a-8de5-2837527173ca" />
      <TestMethod codeBase="C:\Projekty\MSTestProject\bin\Debug\netcoreapp3.1\MSTestProject.dll" adapterTypeName="executor://mstestadapter/v2" className="TwojeWesele.Services.Helpers.Tests.CurrencyHelperTests" name="FormatToStringTest1000" />
    </UnitTest>
    <UnitTest name="FormatToStringTest1000 (30031.89550569323,30031.90 zł)" storage="c:\projekty\mstestproject\bin\debug\netcoreapp3.1\mstestproject.dll" id="c67bc302-50e4-4d5c-bcb6-804fed6fcbfe">
      <TestCategory>
        <TestCategoryItem TestCategory="Category1000" />
      </TestCategory>
      <Execution id="6fa77058-0e28-4184-8f67-cde54d2bee47" />
      <TestMethod codeBase="C:\Projekty\MSTestProject\bin\Debug\netcoreapp3.1\MSTestProject.dll" adapterTypeName="executor://mstestadapter/v2" className="TwojeWesele.Services.Helpers.Tests.CurrencyHelperTests" name="FormatToStringTest1000" />
    </UnitTest>
    <UnitTest name="FormatToStringTest1000 (52888.48934243642,52888.49 zł)" storage="c:\projekty\mstestproject\bin\debug\netcoreapp3.1\mstestproject.dll" id="a48eae2e-02a1-4226-9409-8160093ff694">
      <TestCategory>
        <TestCategoryItem TestCategory="Category1000" />
      </TestCategory>
      <Execution id="71f07272-98a5-4de2-9a17-f8c8c704fd39" />
      <TestMethod codeBase="C:\Projekty\MSTestProject\bin\Debug\netcoreapp3.1\MSTestProject.dll" adapterTypeName="executor://mstestadapter/v2" className="TwojeWesele.Services.Helpers.Tests.CurrencyHelperTests" name="FormatToStringTest1000" />
    </UnitTest>
    <UnitTest name="FormatToStringTest1000 (13286.856387228174,13286.86 zł)" storage="c:\projekty\mstestproject\bin\debug\netcoreapp3.1\mstestproject.dll" id="db94d00a-4f44-45db-8e36-6f6e2e462a8a">
      <TestCategory>
        <TestCategoryItem TestCategory="Category1000" />
      </TestCategory>
      <Execution id="5035e479-efc6-4822-b033-47bc422a13bb" />
      <TestMethod codeBase="C:\Projekty\MSTestProject\bin\Debug\netcoreapp3.1\MSTestProject.dll" adapterTypeName="executor://mstestadapter/v2" className="TwojeWesele.Services.Helpers.Tests.CurrencyHelperTests" name="FormatToStringTest1000" />
    </UnitTest>
    <UnitTest name="FormatToStringTest1000 (20643.69044446465,20643.69 zł)" storage="c:\projekty\mstestproject\bin\debug\netcoreapp3.1\mstestproject.dll" id="376c83b6-f76b-4597-9c1d-781cd2c877ce">
      <TestCategory>
        <TestCategoryItem TestCategory="Category1000" />
      </TestCategory>
      <Execution id="dd54a5ae-d1da-4585-9e6c-1fdb0aaee631" />
      <TestMethod codeBase="C:\Projekty\MSTestProject\bin\Debug\netcoreapp3.1\MSTestProject.dll" adapterTypeName="executor://mstestadapter/v2" className="TwojeWesele.Services.Helpers.Tests.CurrencyHelperTests" name="FormatToStringTest1000" />
    </UnitTest>
    <UnitTest name="FormatToStringTest1000 (27942.393876474067,27942.39 zł)" storage="c:\projekty\mstestproject\bin\debug\netcoreapp3.1\mstestproject.dll" id="b53b249e-601b-4884-8bcf-345b66a1d852">
      <TestCategory>
        <TestCategoryItem TestCategory="Category1000" />
      </TestCategory>
      <Execution id="b3d08fe3-d320-48e2-9c34-c1c18c2a3382" />
      <TestMethod codeBase="C:\Projekty\MSTestProject\bin\Debug\netcoreapp3.1\MSTestProject.dll" adapterTypeName="executor://mstestadapter/v2" className="TwojeWesele.Services.Helpers.Tests.CurrencyHelperTests" name="FormatToStringTest1000" />
    </UnitTest>
    <UnitTest name="FormatToStringTest1000 (19462.729986486367,19462.73 zł)" storage="c:\projekty\mstestproject\bin\debug\netcoreapp3.1\mstestproject.dll" id="c6a43b58-9668-4fcf-953e-eaf15ad1c6da">
      <TestCategory>
        <TestCategoryItem TestCategory="Category1000" />
      </TestCategory>
      <Execution id="f2a88b09-5962-49cc-888c-d6743cc67509" />
      <TestMethod codeBase="C:\Projekty\MSTestProject\bin\Debug\netcoreapp3.1\MSTestProject.dll" adapterTypeName="executor://mstestadapter/v2" className="TwojeWesele.Services.Helpers.Tests.CurrencyHelperTests" name="FormatToStringTest1000" />
    </UnitTest>
    <UnitTest name="FormatToStringTest1000 (1676.7913981754293,1676.79 zł)" storage="c:\projekty\mstestproject\bin\debug\netcoreapp3.1\mstestproject.dll" id="196b2955-9748-44f1-983a-b6c18680c370">
      <TestCategory>
        <TestCategoryItem TestCategory="Category1000" />
      </TestCategory>
      <Execution id="3564e53b-c5d1-4e95-9c92-9da598dc8568" />
      <TestMethod codeBase="C:\Projekty\MSTestProject\bin\Debug\netcoreapp3.1\MSTestProject.dll" adapterTypeName="executor://mstestadapter/v2" className="TwojeWesele.Services.Helpers.Tests.CurrencyHelperTests" name="FormatToStringTest1000" />
    </UnitTest>
    <UnitTest name="FormatToStringTest1000 (14198.39903067723,14198.40 zł)" storage="c:\projekty\mstestproject\bin\debug\netcoreapp3.1\mstestproject.dll" id="7c80e851-2fe4-4b85-96ff-f2cf05f15feb">
      <TestCategory>
        <TestCategoryItem TestCategory="Category1000" />
      </TestCategory>
      <Execution id="55340642-8c62-45db-9ac3-1c21ac254e8e" />
      <TestMethod codeBase="C:\Projekty\MSTestProject\bin\Debug\netcoreapp3.1\MSTestProject.dll" adapterTypeName="executor://mstestadapter/v2" className="TwojeWesele.Services.Helpers.Tests.CurrencyHelperTests" name="FormatToStringTest1000" />
    </UnitTest>
    <UnitTest name="FormatToStringTest1000 (15591.4117417221,15591.41 zł)" storage="c:\projekty\mstestproject\bin\debug\netcoreapp3.1\mstestproject.dll" id="e844a389-0b4f-4b9c-90ad-df0db4624cf2">
      <TestCategory>
        <TestCategoryItem TestCategory="Category1000" />
      </TestCategory>
      <Execution id="fe1bbc8f-18ea-43f8-a1a4-3b1ea9d2e595" />
      <TestMethod codeBase="C:\Projekty\MSTestProject\bin\Debug\netcoreapp3.1\MSTestProject.dll" adapterTypeName="executor://mstestadapter/v2" className="TwojeWesele.Services.Helpers.Tests.CurrencyHelperTests" name="FormatToStringTest1000" />
    </UnitTest>
    <UnitTest name="FormatToStringTest1000 (16402.16316587206,16402.16 zł)" storage="c:\projekty\mstestproject\bin\debug\netcoreapp3.1\mstestproject.dll" id="3165bc5a-e7ef-476d-8596-fb8ca2fd3504">
      <TestCategory>
        <TestCategoryItem TestCategory="Category1000" />
      </TestCategory>
      <Execution id="b3f63cb9-043c-4c36-9404-e17cf9d1385c" />
      <TestMethod codeBase="C:\Projekty\MSTestProject\bin\Debug\netcoreapp3.1\MSTestProject.dll" adapterTypeName="executor://mstestadapter/v2" className="TwojeWesele.Services.Helpers.Tests.CurrencyHelperTests" name="FormatToStringTest1000" />
    </UnitTest>
    <UnitTest name="FormatToStringTest1000 (77904.0088552246,77904.01 zł)" storage="c:\projekty\mstestproject\bin\debug\netcoreapp3.1\mstestproject.dll" id="13049010-aed4-4d9e-945e-59e46fc243b3">
      <TestCategory>
        <TestCategoryItem TestCategory="Category1000" />
      </TestCategory>
      <Execution id="475696f5-9595-4f7c-b60c-9e230d346d4e" />
      <TestMethod codeBase="C:\Projekty\MSTestProject\bin\Debug\netcoreapp3.1\MSTestProject.dll" adapterTypeName="executor://mstestadapter/v2" className="TwojeWesele.Services.Helpers.Tests.CurrencyHelperTests" name="FormatToStringTest1000" />
    </UnitTest>
    <UnitTest name="FormatToStringTest1000 (47163.337736466594,47163.34 zł)" storage="c:\projekty\mstestproject\bin\debug\netcoreapp3.1\mstestproject.dll" id="490e873d-dd4d-4372-96a6-2cb138949bdd">
      <TestCategory>
        <TestCategoryItem TestCategory="Category1000" />
      </TestCategory>
      <Execution id="e15f2173-4552-44b8-9bce-f1ff28a01499" />
      <TestMethod codeBase="C:\Projekty\MSTestProject\bin\Debug\netcoreapp3.1\MSTestProject.dll" adapterTypeName="executor://mstestadapter/v2" className="TwojeWesele.Services.Helpers.Tests.CurrencyHelperTests" name="FormatToStringTest1000" />
    </UnitTest>
    <UnitTest name="FormatToStringTest1000 (10914.360814625099,10914.36 zł)" storage="c:\projekty\mstestproject\bin\debug\netcoreapp3.1\mstestproject.dll" id="aba9ef76-b71b-4ac0-890b-b0823a74ebca">
      <TestCategory>
        <TestCategoryItem TestCategory="Category1000" />
      </TestCategory>
      <Execution id="3667faf7-6bdf-4693-8764-8dab4811b420" />
      <TestMethod codeBase="C:\Projekty\MSTestProject\bin\Debug\netcoreapp3.1\MSTestProject.dll" adapterTypeName="executor://mstestadapter/v2" className="TwojeWesele.Services.Helpers.Tests.CurrencyHelperTests" name="FormatToStringTest1000" />
    </UnitTest>
    <UnitTest name="FormatToStringTest1000 (40913.016669489916,40913.02 zł)" storage="c:\projekty\mstestproject\bin\debug\netcoreapp3.1\mstestproject.dll" id="5dfe7a5a-1113-40aa-8540-6d85910a7d3c">
      <TestCategory>
        <TestCategoryItem TestCategory="Category1000" />
      </TestCategory>
      <Execution id="fecfe7b8-72aa-4c01-85cc-39760e0bcd69" />
      <TestMethod codeBase="C:\Projekty\MSTestProject\bin\Debug\netcoreapp3.1\MSTestProject.dll" adapterTypeName="executor://mstestadapter/v2" className="TwojeWesele.Services.Helpers.Tests.CurrencyHelperTests" name="FormatToStringTest1000" />
    </UnitTest>
    <UnitTest name="FormatToStringTest1000 (22189.78731674132,22189.79 zł)" storage="c:\projekty\mstestproject\bin\debug\netcoreapp3.1\mstestproject.dll" id="c5d9a659-3828-44b5-a45d-3bad57cadab6">
      <TestCategory>
        <TestCategoryItem TestCategory="Category1000" />
      </TestCategory>
      <Execution id="72d42641-e543-4e2a-8477-7a2ea5fbd872" />
      <TestMethod codeBase="C:\Projekty\MSTestProject\bin\Debug\netcoreapp3.1\MSTestProject.dll" adapterTypeName="executor://mstestadapter/v2" className="TwojeWesele.Services.Helpers.Tests.CurrencyHelperTests" name="FormatToStringTest1000" />
    </UnitTest>
    <UnitTest name="FormatToStringTest1000 (6313.543884690639,6313.54 zł)" storage="c:\projekty\mstestproject\bin\debug\netcoreapp3.1\mstestproject.dll" id="3b28907a-3001-4b31-ad21-177edbd6733a">
      <TestCategory>
        <TestCategoryItem TestCategory="Category1000" />
      </TestCategory>
      <Execution id="5b3419f9-6906-4e8e-b800-28c974f4f1c4" />
      <TestMethod codeBase="C:\Projekty\MSTestProject\bin\Debug\netcoreapp3.1\MSTestProject.dll" adapterTypeName="executor://mstestadapter/v2" className="TwojeWesele.Services.Helpers.Tests.CurrencyHelperTests" name="FormatToStringTest1000" />
    </UnitTest>
    <UnitTest name="FormatToStringTest1000 (23649.104642116046,23649.10 zł)" storage="c:\projekty\mstestproject\bin\debug\netcoreapp3.1\mstestproject.dll" id="3615659f-5347-478d-963e-7265d972433b">
      <TestCategory>
        <TestCategoryItem TestCategory="Category1000" />
      </TestCategory>
      <Execution id="8501f2bd-00cf-477d-ae29-7e38da2e357f" />
      <TestMethod codeBase="C:\Projekty\MSTestProject\bin\Debug\netcoreapp3.1\MSTestProject.dll" adapterTypeName="executor://mstestadapter/v2" className="TwojeWesele.Services.Helpers.Tests.CurrencyHelperTests" name="FormatToStringTest1000" />
    </UnitTest>
    <UnitTest name="FormatToStringTest1000 (23548.88067407016,23548.88 zł)" storage="c:\projekty\mstestproject\bin\debug\netcoreapp3.1\mstestproject.dll" id="045eae1c-9b0b-4e45-a7ce-0b0faaaecd59">
      <TestCategory>
        <TestCategoryItem TestCategory="Category1000" />
      </TestCategory>
      <Execution id="d932703a-8184-4d9c-9920-2dbdca039743" />
      <TestMethod codeBase="C:\Projekty\MSTestProject\bin\Debug\netcoreapp3.1\MSTestProject.dll" adapterTypeName="executor://mstestadapter/v2" className="TwojeWesele.Services.Helpers.Tests.CurrencyHelperTests" name="FormatToStringTest1000" />
    </UnitTest>
    <UnitTest name="FormatToStringTest1000 (11022.594234092438,11022.59 zł)" storage="c:\projekty\mstestproject\bin\debug\netcoreapp3.1\mstestproject.dll" id="18df05d2-8f4e-4166-a8aa-2cc8a987d63a">
      <TestCategory>
        <TestCategoryItem TestCategory="Category1000" />
      </TestCategory>
      <Execution id="9798c49b-cd08-4e46-838e-638f5ba70c47" />
      <TestMethod codeBase="C:\Projekty\MSTestProject\bin\Debug\netcoreapp3.1\MSTestProject.dll" adapterTypeName="executor://mstestadapter/v2" className="TwojeWesele.Services.Helpers.Tests.CurrencyHelperTests" name="FormatToStringTest1000" />
    </UnitTest>
    <UnitTest name="FormatToStringTest1000 (41972.39431566763,41972.39 zł)" storage="c:\projekty\mstestproject\bin\debug\netcoreapp3.1\mstestproject.dll" id="3a4f7f8c-3a8a-4e1c-9dc8-c651452b7ef0">
      <TestCategory>
        <TestCategoryItem TestCategory="Category1000" />
      </TestCategory>
      <Execution id="dc6ce4ca-c406-4998-8638-0f48124e35ea" />
      <TestMethod codeBase="C:\Projekty\MSTestProject\bin\Debug\netcoreapp3.1\MSTestProject.dll" adapterTypeName="executor://mstestadapter/v2" className="TwojeWesele.Services.Helpers.Tests.CurrencyHelperTests" name="FormatToStringTest1000" />
    </UnitTest>
    <UnitTest name="FormatToStringTest1000 (13568.230982493717,13568.23 zł)" storage="c:\projekty\mstestproject\bin\debug\netcoreapp3.1\mstestproject.dll" id="16a8c7a0-eb75-46b3-a287-f683a5761f71">
      <TestCategory>
        <TestCategoryItem TestCategory="Category1000" />
      </TestCategory>
      <Execution id="dfddbffe-ab72-4d77-b295-679fa944ef31" />
      <TestMethod codeBase="C:\Projekty\MSTestProject\bin\Debug\netcoreapp3.1\MSTestProject.dll" adapterTypeName="executor://mstestadapter/v2" className="TwojeWesele.Services.Helpers.Tests.CurrencyHelperTests" name="FormatToStringTest1000" />
    </UnitTest>
    <UnitTest name="FormatToStringTest1000 (39641.61351217451,39641.61 zł)" storage="c:\projekty\mstestproject\bin\debug\netcoreapp3.1\mstestproject.dll" id="d537f421-3184-4d55-9b3e-23770bd47e64">
      <TestCategory>
        <TestCategoryItem TestCategory="Category1000" />
      </TestCategory>
      <Execution id="e556a3af-7a7c-455d-be28-5d62632ac4b1" />
      <TestMethod codeBase="C:\Projekty\MSTestProject\bin\Debug\netcoreapp3.1\MSTestProject.dll" adapterTypeName="executor://mstestadapter/v2" className="TwojeWesele.Services.Helpers.Tests.CurrencyHelperTests" name="FormatToStringTest1000" />
    </UnitTest>
    <UnitTest name="FormatToStringTest1000 (26215.613055301183,26215.61 zł)" storage="c:\projekty\mstestproject\bin\debug\netcoreapp3.1\mstestproject.dll" id="68790535-4e77-46f8-a097-83278c432498">
      <TestCategory>
        <TestCategoryItem TestCategory="Category1000" />
      </TestCategory>
      <Execution id="45706bfd-0aaf-4e72-98c4-566c7266240b" />
      <TestMethod codeBase="C:\Projekty\MSTestProject\bin\Debug\netcoreapp3.1\MSTestProject.dll" adapterTypeName="executor://mstestadapter/v2" className="TwojeWesele.Services.Helpers.Tests.CurrencyHelperTests" name="FormatToStringTest1000" />
    </UnitTest>
    <UnitTest name="FormatToStringTest1000 (22017.250119325356,22017.25 zł)" storage="c:\projekty\mstestproject\bin\debug\netcoreapp3.1\mstestproject.dll" id="28f2be61-f23d-4805-b70d-45cf911af1d0">
      <TestCategory>
        <TestCategoryItem TestCategory="Category1000" />
      </TestCategory>
      <Execution id="228a0a1c-bf84-4f80-9aa7-ad743b800ead" />
      <TestMethod codeBase="C:\Projekty\MSTestProject\bin\Debug\netcoreapp3.1\MSTestProject.dll" adapterTypeName="executor://mstestadapter/v2" className="TwojeWesele.Services.Helpers.Tests.CurrencyHelperTests" name="FormatToStringTest1000" />
    </UnitTest>
    <UnitTest name="FormatToStringTest1000 (740.3213011405064,740.32 zł)" storage="c:\projekty\mstestproject\bin\debug\netcoreapp3.1\mstestproject.dll" id="9d55a464-16bb-494a-abb1-7ca2e012d5b5">
      <TestCategory>
        <TestCategoryItem TestCategory="Category1000" />
      </TestCategory>
      <Execution id="cfdd01ba-b37a-4fd1-beba-00945c97ce72" />
      <TestMethod codeBase="C:\Projekty\MSTestProject\bin\Debug\netcoreapp3.1\MSTestProject.dll" adapterTypeName="executor://mstestadapter/v2" className="TwojeWesele.Services.Helpers.Tests.CurrencyHelperTests" name="FormatToStringTest1000" />
    </UnitTest>
    <UnitTest name="FormatToStringTest1000 (49256.47455728635,49256.47 zł)" storage="c:\projekty\mstestproject\bin\debug\netcoreapp3.1\mstestproject.dll" id="68f92685-7a3b-4862-9a8d-65379ac935e2">
      <TestCategory>
        <TestCategoryItem TestCategory="Category1000" />
      </TestCategory>
      <Execution id="3c29068e-663b-4c15-81b7-2b0bf2ce9747" />
      <TestMethod codeBase="C:\Projekty\MSTestProject\bin\Debug\netcoreapp3.1\MSTestProject.dll" adapterTypeName="executor://mstestadapter/v2" className="TwojeWesele.Services.Helpers.Tests.CurrencyHelperTests" name="FormatToStringTest1000" />
    </UnitTest>
    <UnitTest name="FormatToStringTest1000 (270.1894008262033,270.19 zł)" storage="c:\projekty\mstestproject\bin\debug\netcoreapp3.1\mstestproject.dll" id="b0978c16-6d8b-4dfa-a437-2c8163160d94">
      <TestCategory>
        <TestCategoryItem TestCategory="Category1000" />
      </TestCategory>
      <Execution id="be8b84ce-da44-4b5d-bd93-61b50670fb19" />
      <TestMethod codeBase="C:\Projekty\MSTestProject\bin\Debug\netcoreapp3.1\MSTestProject.dll" adapterTypeName="executor://mstestadapter/v2" className="TwojeWesele.Services.Helpers.Tests.CurrencyHelperTests" name="FormatToStringTest1000" />
    </UnitTest>
    <UnitTest name="FormatToStringTest1000 (19071.681252896637,19071.68 zł)" storage="c:\projekty\mstestproject\bin\debug\netcoreapp3.1\mstestproject.dll" id="28fb8d5f-6bbe-41ee-a938-4809097a56f8">
      <TestCategory>
        <TestCategoryItem TestCategory="Category1000" />
      </TestCategory>
      <Execution id="2c0c9faa-99c0-43c3-998b-9ed62581f9ff" />
      <TestMethod codeBase="C:\Projekty\MSTestProject\bin\Debug\netcoreapp3.1\MSTestProject.dll" adapterTypeName="executor://mstestadapter/v2" className="TwojeWesele.Services.Helpers.Tests.CurrencyHelperTests" name="FormatToStringTest1000" />
    </UnitTest>
    <UnitTest name="FormatToStringTest1000 (6417.5922460628635,6417.59 zł)" storage="c:\projekty\mstestproject\bin\debug\netcoreapp3.1\mstestproject.dll" id="98890bd6-d27d-465a-9d59-99c4c1df9002">
      <TestCategory>
        <TestCategoryItem TestCategory="Category1000" />
      </TestCategory>
      <Execution id="5c95de8f-c86e-4b6f-861b-5d19d47792be" />
      <TestMethod codeBase="C:\Projekty\MSTestProject\bin\Debug\netcoreapp3.1\MSTestProject.dll" adapterTypeName="executor://mstestadapter/v2" className="TwojeWesele.Services.Helpers.Tests.CurrencyHelperTests" name="FormatToStringTest1000" />
    </UnitTest>
    <UnitTest name="FormatToStringTest1000 (13323.876109275909,13323.88 zł)" storage="c:\projekty\mstestproject\bin\debug\netcoreapp3.1\mstestproject.dll" id="4fe8551e-a6de-4c63-8e09-db526dbb7a9f">
      <TestCategory>
        <TestCategoryItem TestCategory="Category1000" />
      </TestCategory>
      <Execution id="87cd150f-5a9d-40f0-ba7a-be40f8fdaefb" />
      <TestMethod codeBase="C:\Projekty\MSTestProject\bin\Debug\netcoreapp3.1\MSTestProject.dll" adapterTypeName="executor://mstestadapter/v2" className="TwojeWesele.Services.Helpers.Tests.CurrencyHelperTests" name="FormatToStringTest1000" />
    </UnitTest>
    <UnitTest name="FormatToStringTest1000 (23174.85693288448,23174.86 zł)" storage="c:\projekty\mstestproject\bin\debug\netcoreapp3.1\mstestproject.dll" id="8666ba60-30f4-4343-b032-2a9013a1cda7">
      <TestCategory>
        <TestCategoryItem TestCategory="Category1000" />
      </TestCategory>
      <Execution id="95b2b264-3e0d-4b29-b9b8-85a07453bbd7" />
      <TestMethod codeBase="C:\Projekty\MSTestProject\bin\Debug\netcoreapp3.1\MSTestProject.dll" adapterTypeName="executor://mstestadapter/v2" className="TwojeWesele.Services.Helpers.Tests.CurrencyHelperTests" name="FormatToStringTest1000" />
    </UnitTest>
    <UnitTest name="FormatToStringTest1000 (6838.422316571894,6838.42 zł)" storage="c:\projekty\mstestproject\bin\debug\netcoreapp3.1\mstestproject.dll" id="2cd8c204-93d9-47ce-b701-3212e84f0f0c">
      <TestCategory>
        <TestCategoryItem TestCategory="Category1000" />
      </TestCategory>
      <Execution id="8d8fa9cd-7fb5-4608-98b5-038fe61e8d4b" />
      <TestMethod codeBase="C:\Projekty\MSTestProject\bin\Debug\netcoreapp3.1\MSTestProject.dll" adapterTypeName="executor://mstestadapter/v2" className="TwojeWesele.Services.Helpers.Tests.CurrencyHelperTests" name="FormatToStringTest1000" />
    </UnitTest>
    <UnitTest name="FormatToStringTest1000 (115.26302841131717,115.26 zł)" storage="c:\projekty\mstestproject\bin\debug\netcoreapp3.1\mstestproject.dll" id="a3e44791-5187-4559-bc8c-b2e92e7f90cd">
      <TestCategory>
        <TestCategoryItem TestCategory="Category1000" />
      </TestCategory>
      <Execution id="5a48ee09-ca72-4e1f-bbe3-6857eadab57a" />
      <TestMethod codeBase="C:\Projekty\MSTestProject\bin\Debug\netcoreapp3.1\MSTestProject.dll" adapterTypeName="executor://mstestadapter/v2" className="TwojeWesele.Services.Helpers.Tests.CurrencyHelperTests" name="FormatToStringTest1000" />
    </UnitTest>
    <UnitTest name="FormatToStringTest1000 (1994.0983933439006,1994.10 zł)" storage="c:\projekty\mstestproject\bin\debug\netcoreapp3.1\mstestproject.dll" id="69ace58f-97ba-4685-958c-bd045670bc6b">
      <TestCategory>
        <TestCategoryItem TestCategory="Category1000" />
      </TestCategory>
      <Execution id="ea700fed-04c0-4770-8540-560e8b4762ce" />
      <TestMethod codeBase="C:\Projekty\MSTestProject\bin\Debug\netcoreapp3.1\MSTestProject.dll" adapterTypeName="executor://mstestadapter/v2" className="TwojeWesele.Services.Helpers.Tests.CurrencyHelperTests" name="FormatToStringTest1000" />
    </UnitTest>
    <UnitTest name="FormatToStringTest1000 (35065.40267025652,35065.40 zł)" storage="c:\projekty\mstestproject\bin\debug\netcoreapp3.1\mstestproject.dll" id="55097123-3389-4abc-a749-726c31bd11d3">
      <TestCategory>
        <TestCategoryItem TestCategory="Category1000" />
      </TestCategory>
      <Execution id="9b8f8ef7-253c-4cb8-91e2-b7337de2e2c9" />
      <TestMethod codeBase="C:\Projekty\MSTestProject\bin\Debug\netcoreapp3.1\MSTestProject.dll" adapterTypeName="executor://mstestadapter/v2" className="TwojeWesele.Services.Helpers.Tests.CurrencyHelperTests" name="FormatToStringTest1000" />
    </UnitTest>
    <UnitTest name="FormatToStringTest1000 (88616.03808168416,88616.04 zł)" storage="c:\projekty\mstestproject\bin\debug\netcoreapp3.1\mstestproject.dll" id="367cdf4f-7df2-4a6d-9490-ff96d4ae4ef4">
      <TestCategory>
        <TestCategoryItem TestCategory="Category1000" />
      </TestCategory>
      <Execution id="302ae91f-eaaa-488d-a3d3-1c93c777644c" />
      <TestMethod codeBase="C:\Projekty\MSTestProject\bin\Debug\netcoreapp3.1\MSTestProject.dll" adapterTypeName="executor://mstestadapter/v2" className="TwojeWesele.Services.Helpers.Tests.CurrencyHelperTests" name="FormatToStringTest1000" />
    </UnitTest>
    <UnitTest name="FormatToStringTest1000 (7669.3855620214645,7669.39 zł)" storage="c:\projekty\mstestproject\bin\debug\netcoreapp3.1\mstestproject.dll" id="509abdb5-30bc-4bc6-97f5-0018181df2da">
      <TestCategory>
        <TestCategoryItem TestCategory="Category1000" />
      </TestCategory>
      <Execution id="d1c03025-ae54-49b1-8cc3-b3a77e589d79" />
      <TestMethod codeBase="C:\Projekty\MSTestProject\bin\Debug\netcoreapp3.1\MSTestProject.dll" adapterTypeName="executor://mstestadapter/v2" className="TwojeWesele.Services.Helpers.Tests.CurrencyHelperTests" name="FormatToStringTest1000" />
    </UnitTest>
    <UnitTest name="FormatToStringTest1000 (7569.605888796322,7569.61 zł)" storage="c:\projekty\mstestproject\bin\debug\netcoreapp3.1\mstestproject.dll" id="b10e2b60-2eb8-4f2e-bde0-2504e76b9138">
      <TestCategory>
        <TestCategoryItem TestCategory="Category1000" />
      </TestCategory>
      <Execution id="e5410c1e-12c3-4220-a1c0-fac03754c034" />
      <TestMethod codeBase="C:\Projekty\MSTestProject\bin\Debug\netcoreapp3.1\MSTestProject.dll" adapterTypeName="executor://mstestadapter/v2" className="TwojeWesele.Services.Helpers.Tests.CurrencyHelperTests" name="FormatToStringTest1000" />
    </UnitTest>
    <UnitTest name="FormatToStringTest1000 (32218.080508120394,32218.08 zł)" storage="c:\projekty\mstestproject\bin\debug\netcoreapp3.1\mstestproject.dll" id="688107a8-bf4f-459b-b317-487153c11c4b">
      <TestCategory>
        <TestCategoryItem TestCategory="Category1000" />
      </TestCategory>
      <Execution id="a57b4ee1-1a6a-4f4d-921c-52e3fb09dc3b" />
      <TestMethod codeBase="C:\Projekty\MSTestProject\bin\Debug\netcoreapp3.1\MSTestProject.dll" adapterTypeName="executor://mstestadapter/v2" className="TwojeWesele.Services.Helpers.Tests.CurrencyHelperTests" name="FormatToStringTest1000" />
    </UnitTest>
    <UnitTest name="FormatToStringTest1000 (60017.857676936714,60017.86 zł)" storage="c:\projekty\mstestproject\bin\debug\netcoreapp3.1\mstestproject.dll" id="b937f245-6e01-46c5-8c63-5014943f6f53">
      <TestCategory>
        <TestCategoryItem TestCategory="Category1000" />
      </TestCategory>
      <Execution id="e313e216-4dd7-4d98-96ae-473832486c85" />
      <TestMethod codeBase="C:\Projekty\MSTestProject\bin\Debug\netcoreapp3.1\MSTestProject.dll" adapterTypeName="executor://mstestadapter/v2" className="TwojeWesele.Services.Helpers.Tests.CurrencyHelperTests" name="FormatToStringTest1000" />
    </UnitTest>
    <UnitTest name="FormatToStringTest1000 (25376.6225052097,25376.62 zł)" storage="c:\projekty\mstestproject\bin\debug\netcoreapp3.1\mstestproject.dll" id="8ffff6de-88fe-459c-a1c6-6e857c77d8f7">
      <TestCategory>
        <TestCategoryItem TestCategory="Category1000" />
      </TestCategory>
      <Execution id="3c51c093-f285-4608-91e3-cc585b64efbf" />
      <TestMethod codeBase="C:\Projekty\MSTestProject\bin\Debug\netcoreapp3.1\MSTestProject.dll" adapterTypeName="executor://mstestadapter/v2" className="TwojeWesele.Services.Helpers.Tests.CurrencyHelperTests" name="FormatToStringTest1000" />
    </UnitTest>
    <UnitTest name="FormatToStringTest1000 (28861.97337596769,28861.97 zł)" storage="c:\projekty\mstestproject\bin\debug\netcoreapp3.1\mstestproject.dll" id="ba8cf9f6-7ab7-484d-98c3-224569cd512b">
      <TestCategory>
        <TestCategoryItem TestCategory="Category1000" />
      </TestCategory>
      <Execution id="84765d52-62e1-48ca-af17-6fbbe83e8cfb" />
      <TestMethod codeBase="C:\Projekty\MSTestProject\bin\Debug\netcoreapp3.1\MSTestProject.dll" adapterTypeName="executor://mstestadapter/v2" className="TwojeWesele.Services.Helpers.Tests.CurrencyHelperTests" name="FormatToStringTest1000" />
    </UnitTest>
    <UnitTest name="FormatToStringTest1000 (20454.142628653506,20454.14 zł)" storage="c:\projekty\mstestproject\bin\debug\netcoreapp3.1\mstestproject.dll" id="339aa716-47a7-4d85-ad13-5a0eb2078b91">
      <TestCategory>
        <TestCategoryItem TestCategory="Category1000" />
      </TestCategory>
      <Execution id="db9524a2-ca46-47be-99a6-c1cc19f9f421" />
      <TestMethod codeBase="C:\Projekty\MSTestProject\bin\Debug\netcoreapp3.1\MSTestProject.dll" adapterTypeName="executor://mstestadapter/v2" className="TwojeWesele.Services.Helpers.Tests.CurrencyHelperTests" name="FormatToStringTest1000" />
    </UnitTest>
    <UnitTest name="FormatToStringTest1000 (28455.229970996843,28455.23 zł)" storage="c:\projekty\mstestproject\bin\debug\netcoreapp3.1\mstestproject.dll" id="4d959000-5ce3-4ee3-a5c7-63b2c187271d">
      <TestCategory>
        <TestCategoryItem TestCategory="Category1000" />
      </TestCategory>
      <Execution id="94c9e724-1c4e-4111-9114-d52ed7682255" />
      <TestMethod codeBase="C:\Projekty\MSTestProject\bin\Debug\netcoreapp3.1\MSTestProject.dll" adapterTypeName="executor://mstestadapter/v2" className="TwojeWesele.Services.Helpers.Tests.CurrencyHelperTests" name="FormatToStringTest1000" />
    </UnitTest>
    <UnitTest name="FormatToStringTest1000 (33413.381276228174,33413.38 zł)" storage="c:\projekty\mstestproject\bin\debug\netcoreapp3.1\mstestproject.dll" id="c44d3a8a-9455-42da-83dd-ce38a991de25">
      <TestCategory>
        <TestCategoryItem TestCategory="Category1000" />
      </TestCategory>
      <Execution id="9edfcabf-5967-4fcd-984d-470c273ce6f2" />
      <TestMethod codeBase="C:\Projekty\MSTestProject\bin\Debug\netcoreapp3.1\MSTestProject.dll" adapterTypeName="executor://mstestadapter/v2" className="TwojeWesele.Services.Helpers.Tests.CurrencyHelperTests" name="FormatToStringTest1000" />
    </UnitTest>
    <UnitTest name="FormatToStringTest1000 (26945.125386551546,26945.13 zł)" storage="c:\projekty\mstestproject\bin\debug\netcoreapp3.1\mstestproject.dll" id="e4a60ee4-424b-431e-ae67-6e145be8a052">
      <TestCategory>
        <TestCategoryItem TestCategory="Category1000" />
      </TestCategory>
      <Execution id="fd45c145-bc7a-42d7-add4-834a70504757" />
      <TestMethod codeBase="C:\Projekty\MSTestProject\bin\Debug\netcoreapp3.1\MSTestProject.dll" adapterTypeName="executor://mstestadapter/v2" className="TwojeWesele.Services.Helpers.Tests.CurrencyHelperTests" name="FormatToStringTest1000" />
    </UnitTest>
    <UnitTest name="FormatToStringTest1000 (1130.8119115372242,1130.81 zł)" storage="c:\projekty\mstestproject\bin\debug\netcoreapp3.1\mstestproject.dll" id="10f34364-174f-4bdd-ad26-e032b48b4a7f">
      <TestCategory>
        <TestCategoryItem TestCategory="Category1000" />
      </TestCategory>
      <Execution id="061b53a4-8fbf-4a6d-b1fe-99800c71cf64" />
      <TestMethod codeBase="C:\Projekty\MSTestProject\bin\Debug\netcoreapp3.1\MSTestProject.dll" adapterTypeName="executor://mstestadapter/v2" className="TwojeWesele.Services.Helpers.Tests.CurrencyHelperTests" name="FormatToStringTest1000" />
    </UnitTest>
    <UnitTest name="FormatToStringTest1000 (61633.2671179945,61633.27 zł)" storage="c:\projekty\mstestproject\bin\debug\netcoreapp3.1\mstestproject.dll" id="2b733f4d-a46a-4bd4-ae38-f09e5382fb9f">
      <TestCategory>
        <TestCategoryItem TestCategory="Category1000" />
      </TestCategory>
      <Execution id="e88a4cb0-e425-4df7-9100-33984c470c2d" />
      <TestMethod codeBase="C:\Projekty\MSTestProject\bin\Debug\netcoreapp3.1\MSTestProject.dll" adapterTypeName="executor://mstestadapter/v2" className="TwojeWesele.Services.Helpers.Tests.CurrencyHelperTests" name="FormatToStringTest1000" />
    </UnitTest>
    <UnitTest name="FormatToStringTest1000 (68698.01923441609,68698.02 zł)" storage="c:\projekty\mstestproject\bin\debug\netcoreapp3.1\mstestproject.dll" id="5dbd76b3-f1b3-4b7d-bebb-4a80065b1316">
      <TestCategory>
        <TestCategoryItem TestCategory="Category1000" />
      </TestCategory>
      <Execution id="8b88365d-e585-4c0a-bab4-f4eed784a8ea" />
      <TestMethod codeBase="C:\Projekty\MSTestProject\bin\Debug\netcoreapp3.1\MSTestProject.dll" adapterTypeName="executor://mstestadapter/v2" className="TwojeWesele.Services.Helpers.Tests.CurrencyHelperTests" name="FormatToStringTest1000" />
    </UnitTest>
    <UnitTest name="FormatToStringTest1000 (21753.84773194969,21753.85 zł)" storage="c:\projekty\mstestproject\bin\debug\netcoreapp3.1\mstestproject.dll" id="d1e00649-2638-4927-82fb-d22cafaa466e">
      <TestCategory>
        <TestCategoryItem TestCategory="Category1000" />
      </TestCategory>
      <Execution id="9ec1ff22-fce3-4bbe-80e9-377df2e7eafa" />
      <TestMethod codeBase="C:\Projekty\MSTestProject\bin\Debug\netcoreapp3.1\MSTestProject.dll" adapterTypeName="executor://mstestadapter/v2" className="TwojeWesele.Services.Helpers.Tests.CurrencyHelperTests" name="FormatToStringTest1000" />
    </UnitTest>
    <UnitTest name="FormatToStringTest1000 (17252.06220983903,17252.06 zł)" storage="c:\projekty\mstestproject\bin\debug\netcoreapp3.1\mstestproject.dll" id="78bb391e-576a-4348-9efb-a4cbf4b59de3">
      <TestCategory>
        <TestCategoryItem TestCategory="Category1000" />
      </TestCategory>
      <Execution id="dc939f66-8674-4285-a14c-e08ede6841cf" />
      <TestMethod codeBase="C:\Projekty\MSTestProject\bin\Debug\netcoreapp3.1\MSTestProject.dll" adapterTypeName="executor://mstestadapter/v2" className="TwojeWesele.Services.Helpers.Tests.CurrencyHelperTests" name="FormatToStringTest1000" />
    </UnitTest>
    <UnitTest name="FormatToStringTest1000 (6864.093052674129,6864.09 zł)" storage="c:\projekty\mstestproject\bin\debug\netcoreapp3.1\mstestproject.dll" id="69d83f7c-0e03-430f-800a-be79e865a44a">
      <TestCategory>
        <TestCategoryItem TestCategory="Category1000" />
      </TestCategory>
      <Execution id="c4d9cf1f-f4b2-4f00-8b9b-b2d3e4eccbb7" />
      <TestMethod codeBase="C:\Projekty\MSTestProject\bin\Debug\netcoreapp3.1\MSTestProject.dll" adapterTypeName="executor://mstestadapter/v2" className="TwojeWesele.Services.Helpers.Tests.CurrencyHelperTests" name="FormatToStringTest1000" />
    </UnitTest>
    <UnitTest name="FormatToStringTest1000 (18627.604896394354,18627.60 zł)" storage="c:\projekty\mstestproject\bin\debug\netcoreapp3.1\mstestproject.dll" id="6ed8e3d4-775b-4848-90e4-4e173faa8f77">
      <TestCategory>
        <TestCategoryItem TestCategory="Category1000" />
      </TestCategory>
      <Execution id="e068b6e3-4541-4a05-96f5-70a201d94e71" />
      <TestMethod codeBase="C:\Projekty\MSTestProject\bin\Debug\netcoreapp3.1\MSTestProject.dll" adapterTypeName="executor://mstestadapter/v2" className="TwojeWesele.Services.Helpers.Tests.CurrencyHelperTests" name="FormatToStringTest1000" />
    </UnitTest>
    <UnitTest name="FormatToStringTest1000 (13574.683315038068,13574.68 zł)" storage="c:\projekty\mstestproject\bin\debug\netcoreapp3.1\mstestproject.dll" id="99eb2e8a-d442-424d-872d-628b79eb582f">
      <TestCategory>
        <TestCategoryItem TestCategory="Category1000" />
      </TestCategory>
      <Execution id="38528139-1825-40e2-b124-8b2ca81c8a91" />
      <TestMethod codeBase="C:\Projekty\MSTestProject\bin\Debug\netcoreapp3.1\MSTestProject.dll" adapterTypeName="executor://mstestadapter/v2" className="TwojeWesele.Services.Helpers.Tests.CurrencyHelperTests" name="FormatToStringTest1000" />
    </UnitTest>
    <UnitTest name="FormatToStringTest1000 (76751.79413498091,76751.79 zł)" storage="c:\projekty\mstestproject\bin\debug\netcoreapp3.1\mstestproject.dll" id="34f9d272-4506-4af4-b3a3-f9090dafc622">
      <TestCategory>
        <TestCategoryItem TestCategory="Category1000" />
      </TestCategory>
      <Execution id="008fdabd-06fb-44f9-a94f-b6de50fa262e" />
      <TestMethod codeBase="C:\Projekty\MSTestProject\bin\Debug\netcoreapp3.1\MSTestProject.dll" adapterTypeName="executor://mstestadapter/v2" className="TwojeWesele.Services.Helpers.Tests.CurrencyHelperTests" name="FormatToStringTest1000" />
    </UnitTest>
    <UnitTest name="FormatToStringTest1000 (44065.726815678056,44065.73 zł)" storage="c:\projekty\mstestproject\bin\debug\netcoreapp3.1\mstestproject.dll" id="08544284-75ad-431c-b3d0-45182adb6572">
      <TestCategory>
        <TestCategoryItem TestCategory="Category1000" />
      </TestCategory>
      <Execution id="92692ea1-2026-4fb2-991d-562c3955f29d" />
      <TestMethod codeBase="C:\Projekty\MSTestProject\bin\Debug\netcoreapp3.1\MSTestProject.dll" adapterTypeName="executor://mstestadapter/v2" className="TwojeWesele.Services.Helpers.Tests.CurrencyHelperTests" name="FormatToStringTest1000" />
    </UnitTest>
    <UnitTest name="FormatToStringTest1000 (2975.6892256134606,2975.69 zł)" storage="c:\projekty\mstestproject\bin\debug\netcoreapp3.1\mstestproject.dll" id="21a9970f-60d6-4e66-96c3-6846d68be859">
      <TestCategory>
        <TestCategoryItem TestCategory="Category1000" />
      </TestCategory>
      <Execution id="9c6bed60-64a1-4d1c-9f7c-f742aba10edb" />
      <TestMethod codeBase="C:\Projekty\MSTestProject\bin\Debug\netcoreapp3.1\MSTestProject.dll" adapterTypeName="executor://mstestadapter/v2" className="TwojeWesele.Services.Helpers.Tests.CurrencyHelperTests" name="FormatToStringTest1000" />
    </UnitTest>
    <UnitTest name="FormatToStringTest1000 (545.7016866634142,545.70 zł)" storage="c:\projekty\mstestproject\bin\debug\netcoreapp3.1\mstestproject.dll" id="3f52e591-0a06-4612-ae1e-b2b25052e205">
      <TestCategory>
        <TestCategoryItem TestCategory="Category1000" />
      </TestCategory>
      <Execution id="c3cd82e4-7937-4809-8772-dc2f0ceacd4f" />
      <TestMethod codeBase="C:\Projekty\MSTestProject\bin\Debug\netcoreapp3.1\MSTestProject.dll" adapterTypeName="executor://mstestadapter/v2" className="TwojeWesele.Services.Helpers.Tests.CurrencyHelperTests" name="FormatToStringTest1000" />
    </UnitTest>
    <UnitTest name="FormatToStringTest1000 (72802.68569213277,72802.69 zł)" storage="c:\projekty\mstestproject\bin\debug\netcoreapp3.1\mstestproject.dll" id="6b87f31a-8dda-40ee-b4a2-5d6a182d00af">
      <TestCategory>
        <TestCategoryItem TestCategory="Category1000" />
      </TestCategory>
      <Execution id="f011d10b-a5e3-4e48-8ac8-aa2af5a623f6" />
      <TestMethod codeBase="C:\Projekty\MSTestProject\bin\Debug\netcoreapp3.1\MSTestProject.dll" adapterTypeName="executor://mstestadapter/v2" className="TwojeWesele.Services.Helpers.Tests.CurrencyHelperTests" name="FormatToStringTest1000" />
    </UnitTest>
    <UnitTest name="FormatToStringTest1000 (9765.54450809748,9765.54 zł)" storage="c:\projekty\mstestproject\bin\debug\netcoreapp3.1\mstestproject.dll" id="777503fb-813b-4290-a1c0-a92befbc6cd3">
      <TestCategory>
        <TestCategoryItem TestCategory="Category1000" />
      </TestCategory>
      <Execution id="92d46e6d-115d-4f4c-8de5-c2ef6083148b" />
      <TestMethod codeBase="C:\Projekty\MSTestProject\bin\Debug\netcoreapp3.1\MSTestProject.dll" adapterTypeName="executor://mstestadapter/v2" className="TwojeWesele.Services.Helpers.Tests.CurrencyHelperTests" name="FormatToStringTest1000" />
    </UnitTest>
    <UnitTest name="FormatToStringTest1000 (9624.06628225188,9624.07 zł)" storage="c:\projekty\mstestproject\bin\debug\netcoreapp3.1\mstestproject.dll" id="30e0c614-9f7e-4c7d-81d4-a92faeeef040">
      <TestCategory>
        <TestCategoryItem TestCategory="Category1000" />
      </TestCategory>
      <Execution id="b5752dd7-7c87-4661-93e4-5bc8951f4f98" />
      <TestMethod codeBase="C:\Projekty\MSTestProject\bin\Debug\netcoreapp3.1\MSTestProject.dll" adapterTypeName="executor://mstestadapter/v2" className="TwojeWesele.Services.Helpers.Tests.CurrencyHelperTests" name="FormatToStringTest1000" />
    </UnitTest>
    <UnitTest name="FormatToStringTest1000 (4636.500544966897,4636.50 zł)" storage="c:\projekty\mstestproject\bin\debug\netcoreapp3.1\mstestproject.dll" id="e8bf717e-aeec-408b-a29b-93175a0132d3">
      <TestCategory>
        <TestCategoryItem TestCategory="Category1000" />
      </TestCategory>
      <Execution id="e0c2001d-406b-4e4b-8f68-57c7fe0fffa2" />
      <TestMethod codeBase="C:\Projekty\MSTestProject\bin\Debug\netcoreapp3.1\MSTestProject.dll" adapterTypeName="executor://mstestadapter/v2" className="TwojeWesele.Services.Helpers.Tests.CurrencyHelperTests" name="FormatToStringTest1000" />
    </UnitTest>
    <UnitTest name="FormatToStringTest1000 (23612.114499758984,23612.11 zł)" storage="c:\projekty\mstestproject\bin\debug\netcoreapp3.1\mstestproject.dll" id="15c23cf0-034e-4543-8e12-3ad89fc8b549">
      <TestCategory>
        <TestCategoryItem TestCategory="Category1000" />
      </TestCategory>
      <Execution id="a9c0096b-76c5-4472-a292-ca542c82b301" />
      <TestMethod codeBase="C:\Projekty\MSTestProject\bin\Debug\netcoreapp3.1\MSTestProject.dll" adapterTypeName="executor://mstestadapter/v2" className="TwojeWesele.Services.Helpers.Tests.CurrencyHelperTests" name="FormatToStringTest1000" />
    </UnitTest>
    <UnitTest name="FormatToStringTest1000 (736.7398243680316,736.74 zł)" storage="c:\projekty\mstestproject\bin\debug\netcoreapp3.1\mstestproject.dll" id="fd0758b4-62ac-4ace-b14c-4e760599792d">
      <TestCategory>
        <TestCategoryItem TestCategory="Category1000" />
      </TestCategory>
      <Execution id="92e9068e-4723-48c1-a1d5-5b2f7dcb3606" />
      <TestMethod codeBase="C:\Projekty\MSTestProject\bin\Debug\netcoreapp3.1\MSTestProject.dll" adapterTypeName="executor://mstestadapter/v2" className="TwojeWesele.Services.Helpers.Tests.CurrencyHelperTests" name="FormatToStringTest1000" />
    </UnitTest>
    <UnitTest name="FormatToStringTest1000 (13402.882692040355,13402.88 zł)" storage="c:\projekty\mstestproject\bin\debug\netcoreapp3.1\mstestproject.dll" id="0c512dec-0100-4e6e-a1fc-b978b70812c9">
      <TestCategory>
        <TestCategoryItem TestCategory="Category1000" />
      </TestCategory>
      <Execution id="1db59b86-12eb-4deb-bf4d-f2740e8a5ba3" />
      <TestMethod codeBase="C:\Projekty\MSTestProject\bin\Debug\netcoreapp3.1\MSTestProject.dll" adapterTypeName="executor://mstestadapter/v2" className="TwojeWesele.Services.Helpers.Tests.CurrencyHelperTests" name="FormatToStringTest1000" />
    </UnitTest>
    <UnitTest name="FormatToStringTest1000 (13508.811787825922,13508.81 zł)" storage="c:\projekty\mstestproject\bin\debug\netcoreapp3.1\mstestproject.dll" id="cc48d6d2-d2d6-426a-9f9c-54b5ef8c591e">
      <TestCategory>
        <TestCategoryItem TestCategory="Category1000" />
      </TestCategory>
      <Execution id="129af19d-7c89-4897-b376-f331e5c54012" />
      <TestMethod codeBase="C:\Projekty\MSTestProject\bin\Debug\netcoreapp3.1\MSTestProject.dll" adapterTypeName="executor://mstestadapter/v2" className="TwojeWesele.Services.Helpers.Tests.CurrencyHelperTests" name="FormatToStringTest1000" />
    </UnitTest>
    <UnitTest name="FormatToStringTest1000 (7193.552206002898,7193.55 zł)" storage="c:\projekty\mstestproject\bin\debug\netcoreapp3.1\mstestproject.dll" id="851e2c15-efd7-4268-b7b0-7b8e6182aa7c">
      <TestCategory>
        <TestCategoryItem TestCategory="Category1000" />
      </TestCategory>
      <Execution id="2f80cdd4-fa5f-4c2c-89a6-ad09ebf40eeb" />
      <TestMethod codeBase="C:\Projekty\MSTestProject\bin\Debug\netcoreapp3.1\MSTestProject.dll" adapterTypeName="executor://mstestadapter/v2" className="TwojeWesele.Services.Helpers.Tests.CurrencyHelperTests" name="FormatToStringTest1000" />
    </UnitTest>
    <UnitTest name="FormatToStringTest1000 (1613.6903705837626,1613.69 zł)" storage="c:\projekty\mstestproject\bin\debug\netcoreapp3.1\mstestproject.dll" id="b196aa17-62c5-40d7-b7c9-e37c2551be34">
      <TestCategory>
        <TestCategoryItem TestCategory="Category1000" />
      </TestCategory>
      <Execution id="2fee61c0-f621-4df4-a510-d9eb7705b3c5" />
      <TestMethod codeBase="C:\Projekty\MSTestProject\bin\Debug\netcoreapp3.1\MSTestProject.dll" adapterTypeName="executor://mstestadapter/v2" className="TwojeWesele.Services.Helpers.Tests.CurrencyHelperTests" name="FormatToStringTest1000" />
    </UnitTest>
    <UnitTest name="FormatToStringTest1000 (386.358918903097,386.36 zł)" storage="c:\projekty\mstestproject\bin\debug\netcoreapp3.1\mstestproject.dll" id="bcbf31ed-e0e0-4b82-aa98-f784ec985bff">
      <TestCategory>
        <TestCategoryItem TestCategory="Category1000" />
      </TestCategory>
      <Execution id="5a389390-dfa2-4aad-9aeb-1f9b0a67205b" />
      <TestMethod codeBase="C:\Projekty\MSTestProject\bin\Debug\netcoreapp3.1\MSTestProject.dll" adapterTypeName="executor://mstestadapter/v2" className="TwojeWesele.Services.Helpers.Tests.CurrencyHelperTests" name="FormatToStringTest1000" />
    </UnitTest>
    <UnitTest name="FormatToStringTest1000 (7076.829971250534,7076.83 zł)" storage="c:\projekty\mstestproject\bin\debug\netcoreapp3.1\mstestproject.dll" id="9d93e6e9-5d4d-4e65-82b4-a5876fd06681">
      <TestCategory>
        <TestCategoryItem TestCategory="Category1000" />
      </TestCategory>
      <Execution id="85a56b02-e91e-4a44-a218-11cfa599bb10" />
      <TestMethod codeBase="C:\Projekty\MSTestProject\bin\Debug\netcoreapp3.1\MSTestProject.dll" adapterTypeName="executor://mstestadapter/v2" className="TwojeWesele.Services.Helpers.Tests.CurrencyHelperTests" name="FormatToStringTest1000" />
    </UnitTest>
    <UnitTest name="FormatToStringTest1000 (1187.8237780126854,1187.82 zł)" storage="c:\projekty\mstestproject\bin\debug\netcoreapp3.1\mstestproject.dll" id="1e01b1f4-9499-4543-b33e-03a6365a1261">
      <TestCategory>
        <TestCategoryItem TestCategory="Category1000" />
      </TestCategory>
      <Execution id="29be2e8c-6e48-4db2-8c4f-1449e2eb470d" />
      <TestMethod codeBase="C:\Projekty\MSTestProject\bin\Debug\netcoreapp3.1\MSTestProject.dll" adapterTypeName="executor://mstestadapter/v2" className="TwojeWesele.Services.Helpers.Tests.CurrencyHelperTests" name="FormatToStringTest1000" />
    </UnitTest>
    <UnitTest name="FormatToStringTest1000 (45445.182098106096,45445.18 zł)" storage="c:\projekty\mstestproject\bin\debug\netcoreapp3.1\mstestproject.dll" id="d629964c-3440-4f82-8086-9ed2381dfe36">
      <TestCategory>
        <TestCategoryItem TestCategory="Category1000" />
      </TestCategory>
      <Execution id="4a56a372-1425-4dcb-b743-df199d72ca6f" />
      <TestMethod codeBase="C:\Projekty\MSTestProject\bin\Debug\netcoreapp3.1\MSTestProject.dll" adapterTypeName="executor://mstestadapter/v2" className="TwojeWesele.Services.Helpers.Tests.CurrencyHelperTests" name="FormatToStringTest1000" />
    </UnitTest>
    <UnitTest name="FormatToStringTest1000 (904.351189922705,904.35 zł)" storage="c:\projekty\mstestproject\bin\debug\netcoreapp3.1\mstestproject.dll" id="4103a85e-1cfa-451c-a85f-e8bbd109515f">
      <TestCategory>
        <TestCategoryItem TestCategory="Category1000" />
      </TestCategory>
      <Execution id="b300e377-2aa3-4c2f-a6b4-8909479ef05a" />
      <TestMethod codeBase="C:\Projekty\MSTestProject\bin\Debug\netcoreapp3.1\MSTestProject.dll" adapterTypeName="executor://mstestadapter/v2" className="TwojeWesele.Services.Helpers.Tests.CurrencyHelperTests" name="FormatToStringTest1000" />
    </UnitTest>
    <UnitTest name="FormatToStringTest1000 (1821.7083499085663,1821.71 zł)" storage="c:\projekty\mstestproject\bin\debug\netcoreapp3.1\mstestproject.dll" id="a2621c79-c1d6-4eb4-beb9-29e80fc9d7b6">
      <TestCategory>
        <TestCategoryItem TestCategory="Category1000" />
      </TestCategory>
      <Execution id="572e998c-abd6-4326-93ff-5a3c7dd6141b" />
      <TestMethod codeBase="C:\Projekty\MSTestProject\bin\Debug\netcoreapp3.1\MSTestProject.dll" adapterTypeName="executor://mstestadapter/v2" className="TwojeWesele.Services.Helpers.Tests.CurrencyHelperTests" name="FormatToStringTest1000" />
    </UnitTest>
    <UnitTest name="FormatToStringTest1000 (10762.501695533518,10762.50 zł)" storage="c:\projekty\mstestproject\bin\debug\netcoreapp3.1\mstestproject.dll" id="89b06255-3a13-4fb9-8d74-f3c5b1070bdb">
      <TestCategory>
        <TestCategoryItem TestCategory="Category1000" />
      </TestCategory>
      <Execution id="c2832637-e340-4a5e-a03e-01339eb4a68f" />
      <TestMethod codeBase="C:\Projekty\MSTestProject\bin\Debug\netcoreapp3.1\MSTestProject.dll" adapterTypeName="executor://mstestadapter/v2" className="TwojeWesele.Services.Helpers.Tests.CurrencyHelperTests" name="FormatToStringTest1000" />
    </UnitTest>
    <UnitTest name="FormatToStringTest1000 (3341.8351759444154,3341.84 zł)" storage="c:\projekty\mstestproject\bin\debug\netcoreapp3.1\mstestproject.dll" id="4e3477eb-594d-4e61-8f80-41aa72590968">
      <TestCategory>
        <TestCategoryItem TestCategory="Category1000" />
      </TestCategory>
      <Execution id="d8113a74-af7f-4f2c-833e-8c01f701aea1" />
      <TestMethod codeBase="C:\Projekty\MSTestProject\bin\Debug\netcoreapp3.1\MSTestProject.dll" adapterTypeName="executor://mstestadapter/v2" className="TwojeWesele.Services.Helpers.Tests.CurrencyHelperTests" name="FormatToStringTest1000" />
    </UnitTest>
    <UnitTest name="FormatToStringTest1000 (18340.8953197882,18340.90 zł)" storage="c:\projekty\mstestproject\bin\debug\netcoreapp3.1\mstestproject.dll" id="2bb7510c-b723-4e35-af9f-d3e057071abd">
      <TestCategory>
        <TestCategoryItem TestCategory="Category1000" />
      </TestCategory>
      <Execution id="f0749bcd-0528-4413-bdf9-5f66e52f9b33" />
      <TestMethod codeBase="C:\Projekty\MSTestProject\bin\Debug\netcoreapp3.1\MSTestProject.dll" adapterTypeName="executor://mstestadapter/v2" className="TwojeWesele.Services.Helpers.Tests.CurrencyHelperTests" name="FormatToStringTest1000" />
    </UnitTest>
    <UnitTest name="FormatToStringTest1000 (15190.097283723344,15190.10 zł)" storage="c:\projekty\mstestproject\bin\debug\netcoreapp3.1\mstestproject.dll" id="162c2a6a-d006-4ea1-a437-9b0a364296f7">
      <TestCategory>
        <TestCategoryItem TestCategory="Category1000" />
      </TestCategory>
      <Execution id="6bf341fc-33e1-4782-844e-e1c0dc8b761c" />
      <TestMethod codeBase="C:\Projekty\MSTestProject\bin\Debug\netcoreapp3.1\MSTestProject.dll" adapterTypeName="executor://mstestadapter/v2" className="TwojeWesele.Services.Helpers.Tests.CurrencyHelperTests" name="FormatToStringTest1000" />
    </UnitTest>
    <UnitTest name="FormatToStringTest1000 (25039.088753207627,25039.09 zł)" storage="c:\projekty\mstestproject\bin\debug\netcoreapp3.1\mstestproject.dll" id="2e602b29-9c12-4bdf-ac04-544762bf091f">
      <TestCategory>
        <TestCategoryItem TestCategory="Category1000" />
      </TestCategory>
      <Execution id="f878797f-efa8-4328-ab8f-7f233c8b9254" />
      <TestMethod codeBase="C:\Projekty\MSTestProject\bin\Debug\netcoreapp3.1\MSTestProject.dll" adapterTypeName="executor://mstestadapter/v2" className="TwojeWesele.Services.Helpers.Tests.CurrencyHelperTests" name="FormatToStringTest1000" />
    </UnitTest>
    <UnitTest name="FormatToStringTest1000 (37866.43836050967,37866.44 zł)" storage="c:\projekty\mstestproject\bin\debug\netcoreapp3.1\mstestproject.dll" id="ef1275e6-428f-45d1-9fdd-249ee357433b">
      <TestCategory>
        <TestCategoryItem TestCategory="Category1000" />
      </TestCategory>
      <Execution id="0c54dc2f-07ef-44b3-868a-7b565c8e3a38" />
      <TestMethod codeBase="C:\Projekty\MSTestProject\bin\Debug\netcoreapp3.1\MSTestProject.dll" adapterTypeName="executor://mstestadapter/v2" className="TwojeWesele.Services.Helpers.Tests.CurrencyHelperTests" name="FormatToStringTest1000" />
    </UnitTest>
    <UnitTest name="FormatToStringTest1000 (1328.353302088265,1328.35 zł)" storage="c:\projekty\mstestproject\bin\debug\netcoreapp3.1\mstestproject.dll" id="430e9b2b-a3c2-44d0-b465-5b72652eace9">
      <TestCategory>
        <TestCategoryItem TestCategory="Category1000" />
      </TestCategory>
      <Execution id="0792f3c0-9db2-4c2a-b8e3-2fd473c9960c" />
      <TestMethod codeBase="C:\Projekty\MSTestProject\bin\Debug\netcoreapp3.1\MSTestProject.dll" adapterTypeName="executor://mstestadapter/v2" className="TwojeWesele.Services.Helpers.Tests.CurrencyHelperTests" name="FormatToStringTest1000" />
    </UnitTest>
    <UnitTest name="FormatToStringTest1000 (4002.4180488374172,4002.42 zł)" storage="c:\projekty\mstestproject\bin\debug\netcoreapp3.1\mstestproject.dll" id="6849c08a-1dfb-424f-90df-1c1ce3e2364b">
      <TestCategory>
        <TestCategoryItem TestCategory="Category1000" />
      </TestCategory>
      <Execution id="9e90cb5c-b6d5-42a9-8f63-46565025beee" />
      <TestMethod codeBase="C:\Projekty\MSTestProject\bin\Debug\netcoreapp3.1\MSTestProject.dll" adapterTypeName="executor://mstestadapter/v2" className="TwojeWesele.Services.Helpers.Tests.CurrencyHelperTests" name="FormatToStringTest1000" />
    </UnitTest>
    <UnitTest name="FormatToStringTest1000 (13337.80490493486,13337.80 zł)" storage="c:\projekty\mstestproject\bin\debug\netcoreapp3.1\mstestproject.dll" id="f652ba27-3def-4f3b-be44-502aa013d88e">
      <TestCategory>
        <TestCategoryItem TestCategory="Category1000" />
      </TestCategory>
      <Execution id="244ae32f-d13f-49d2-8d85-27146b55f9ba" />
      <TestMethod codeBase="C:\Projekty\MSTestProject\bin\Debug\netcoreapp3.1\MSTestProject.dll" adapterTypeName="executor://mstestadapter/v2" className="TwojeWesele.Services.Helpers.Tests.CurrencyHelperTests" name="FormatToStringTest1000" />
    </UnitTest>
    <UnitTest name="FormatToStringTest1000 (33970.38965150639,33970.39 zł)" storage="c:\projekty\mstestproject\bin\debug\netcoreapp3.1\mstestproject.dll" id="656ceb16-2a71-4b01-9d92-006131dd7c37">
      <TestCategory>
        <TestCategoryItem TestCategory="Category1000" />
      </TestCategory>
      <Execution id="b361fbfb-6271-4f78-9f0a-5fa1fb1ab3cb" />
      <TestMethod codeBase="C:\Projekty\MSTestProject\bin\Debug\netcoreapp3.1\MSTestProject.dll" adapterTypeName="executor://mstestadapter/v2" className="TwojeWesele.Services.Helpers.Tests.CurrencyHelperTests" name="FormatToStringTest1000" />
    </UnitTest>
    <UnitTest name="FormatToStringTest1000 (4555.538255205163,4555.54 zł)" storage="c:\projekty\mstestproject\bin\debug\netcoreapp3.1\mstestproject.dll" id="75e1c892-ded0-4f56-bfe7-47ccf556b3b7">
      <TestCategory>
        <TestCategoryItem TestCategory="Category1000" />
      </TestCategory>
      <Execution id="c9466a74-4a25-4214-a430-d527c48d519b" />
      <TestMethod codeBase="C:\Projekty\MSTestProject\bin\Debug\netcoreapp3.1\MSTestProject.dll" adapterTypeName="executor://mstestadapter/v2" className="TwojeWesele.Services.Helpers.Tests.CurrencyHelperTests" name="FormatToStringTest1000" />
    </UnitTest>
    <UnitTest name="FormatToStringTest1000 (21281.64584727662,21281.65 zł)" storage="c:\projekty\mstestproject\bin\debug\netcoreapp3.1\mstestproject.dll" id="defd4230-92b6-4a0b-93e6-d6921a447206">
      <TestCategory>
        <TestCategoryItem TestCategory="Category1000" />
      </TestCategory>
      <Execution id="7f2c5d0c-3e8c-492a-8c6a-b2ba03c437fa" />
      <TestMethod codeBase="C:\Projekty\MSTestProject\bin\Debug\netcoreapp3.1\MSTestProject.dll" adapterTypeName="executor://mstestadapter/v2" className="TwojeWesele.Services.Helpers.Tests.CurrencyHelperTests" name="FormatToStringTest1000" />
    </UnitTest>
    <UnitTest name="FormatToStringTest1000 (1741.3334432818617,1741.33 zł)" storage="c:\projekty\mstestproject\bin\debug\netcoreapp3.1\mstestproject.dll" id="66390954-26d3-4992-a927-330991f12496">
      <TestCategory>
        <TestCategoryItem TestCategory="Category1000" />
      </TestCategory>
      <Execution id="860a0b39-dbe8-4be0-8202-33c5134741e2" />
      <TestMethod codeBase="C:\Projekty\MSTestProject\bin\Debug\netcoreapp3.1\MSTestProject.dll" adapterTypeName="executor://mstestadapter/v2" className="TwojeWesele.Services.Helpers.Tests.CurrencyHelperTests" name="FormatToStringTest1000" />
    </UnitTest>
    <UnitTest name="FormatToStringTest1000 (48544.390887578666,48544.39 zł)" storage="c:\projekty\mstestproject\bin\debug\netcoreapp3.1\mstestproject.dll" id="cbd807a1-f9e6-42cb-95dc-ace2be64e85c">
      <TestCategory>
        <TestCategoryItem TestCategory="Category1000" />
      </TestCategory>
      <Execution id="00e0cd71-6736-4018-9aa7-dc6fef126a23" />
      <TestMethod codeBase="C:\Projekty\MSTestProject\bin\Debug\netcoreapp3.1\MSTestProject.dll" adapterTypeName="executor://mstestadapter/v2" className="TwojeWesele.Services.Helpers.Tests.CurrencyHelperTests" name="FormatToStringTest1000" />
    </UnitTest>
    <UnitTest name="FormatToStringTest1000 (17418.31302247863,17418.31 zł)" storage="c:\projekty\mstestproject\bin\debug\netcoreapp3.1\mstestproject.dll" id="c5419816-7b05-4c91-b33e-7459f80744d8">
      <TestCategory>
        <TestCategoryItem TestCategory="Category1000" />
      </TestCategory>
      <Execution id="8ff39257-0f1b-4b0a-85a6-45f6218c33cc" />
      <TestMethod codeBase="C:\Projekty\MSTestProject\bin\Debug\netcoreapp3.1\MSTestProject.dll" adapterTypeName="executor://mstestadapter/v2" className="TwojeWesele.Services.Helpers.Tests.CurrencyHelperTests" name="FormatToStringTest1000" />
    </UnitTest>
    <UnitTest name="FormatToStringTest1000 (15742.409864349947,15742.41 zł)" storage="c:\projekty\mstestproject\bin\debug\netcoreapp3.1\mstestproject.dll" id="792235a0-1f29-4caa-aef2-18a7b767b95a">
      <TestCategory>
        <TestCategoryItem TestCategory="Category1000" />
      </TestCategory>
      <Execution id="ceda2a9a-3c4e-4322-8f3b-6e916b8f4351" />
      <TestMethod codeBase="C:\Projekty\MSTestProject\bin\Debug\netcoreapp3.1\MSTestProject.dll" adapterTypeName="executor://mstestadapter/v2" className="TwojeWesele.Services.Helpers.Tests.CurrencyHelperTests" name="FormatToStringTest1000" />
    </UnitTest>
    <UnitTest name="FormatToStringTest1000 (13541.45472935096,13541.45 zł)" storage="c:\projekty\mstestproject\bin\debug\netcoreapp3.1\mstestproject.dll" id="b434d953-73a8-4b18-b9b3-4f43af04ee85">
      <TestCategory>
        <TestCategoryItem TestCategory="Category1000" />
      </TestCategory>
      <Execution id="c3b92457-aafa-4dc4-b4ba-7beb2efbd113" />
      <TestMethod codeBase="C:\Projekty\MSTestProject\bin\Debug\netcoreapp3.1\MSTestProject.dll" adapterTypeName="executor://mstestadapter/v2" className="TwojeWesele.Services.Helpers.Tests.CurrencyHelperTests" name="FormatToStringTest1000" />
    </UnitTest>
    <UnitTest name="FormatToStringTest1000 (6105.007054037418,6105.01 zł)" storage="c:\projekty\mstestproject\bin\debug\netcoreapp3.1\mstestproject.dll" id="cde1f95d-a49e-4c3e-b0df-ead2feb0d079">
      <TestCategory>
        <TestCategoryItem TestCategory="Category1000" />
      </TestCategory>
      <Execution id="a3326930-f26e-43c3-a62d-429d3ca91dd6" />
      <TestMethod codeBase="C:\Projekty\MSTestProject\bin\Debug\netcoreapp3.1\MSTestProject.dll" adapterTypeName="executor://mstestadapter/v2" className="TwojeWesele.Services.Helpers.Tests.CurrencyHelperTests" name="FormatToStringTest1000" />
    </UnitTest>
    <UnitTest name="FormatToStringTest1000 (4652.407073443945,4652.41 zł)" storage="c:\projekty\mstestproject\bin\debug\netcoreapp3.1\mstestproject.dll" id="ab3a5f27-10de-4edf-8078-3f1449d821f6">
      <TestCategory>
        <TestCategoryItem TestCategory="Category1000" />
      </TestCategory>
      <Execution id="be6f9a6d-30c7-44bc-b047-2eb21564fae7" />
      <TestMethod codeBase="C:\Projekty\MSTestProject\bin\Debug\netcoreapp3.1\MSTestProject.dll" adapterTypeName="executor://mstestadapter/v2" className="TwojeWesele.Services.Helpers.Tests.CurrencyHelperTests" name="FormatToStringTest1000" />
    </UnitTest>
    <UnitTest name="FormatToStringTest1000 (60323.066780431225,60323.07 zł)" storage="c:\projekty\mstestproject\bin\debug\netcoreapp3.1\mstestproject.dll" id="3e510903-2e39-4897-9ee2-210c71d2069d">
      <TestCategory>
        <TestCategoryItem TestCategory="Category1000" />
      </TestCategory>
      <Execution id="7adfee70-a123-44b1-b668-9736f1070fdd" />
      <TestMethod codeBase="C:\Projekty\MSTestProject\bin\Debug\netcoreapp3.1\MSTestProject.dll" adapterTypeName="executor://mstestadapter/v2" className="TwojeWesele.Services.Helpers.Tests.CurrencyHelperTests" name="FormatToStringTest1000" />
    </UnitTest>
    <UnitTest name="FormatToStringTest1000 (55010.474927814896,55010.47 zł)" storage="c:\projekty\mstestproject\bin\debug\netcoreapp3.1\mstestproject.dll" id="c0a38f88-0177-43f6-9c29-552127eaa6cb">
      <TestCategory>
        <TestCategoryItem TestCategory="Category1000" />
      </TestCategory>
      <Execution id="b6e7ba5d-591e-420b-a943-36d3f9e3037f" />
      <TestMethod codeBase="C:\Projekty\MSTestProject\bin\Debug\netcoreapp3.1\MSTestProject.dll" adapterTypeName="executor://mstestadapter/v2" className="TwojeWesele.Services.Helpers.Tests.CurrencyHelperTests" name="FormatToStringTest1000" />
    </UnitTest>
    <UnitTest name="FormatToStringTest1000 (25794.833624416417,25794.83 zł)" storage="c:\projekty\mstestproject\bin\debug\netcoreapp3.1\mstestproject.dll" id="d6a94fa3-40bc-4a0e-a480-125282ca6050">
      <TestCategory>
        <TestCategoryItem TestCategory="Category1000" />
      </TestCategory>
      <Execution id="17102929-9386-4c68-8f56-d82a32165612" />
      <TestMethod codeBase="C:\Projekty\MSTestProject\bin\Debug\netcoreapp3.1\MSTestProject.dll" adapterTypeName="executor://mstestadapter/v2" className="TwojeWesele.Services.Helpers.Tests.CurrencyHelperTests" name="FormatToStringTest1000" />
    </UnitTest>
    <UnitTest name="FormatToStringTest1000 (46898.00219497783,46898.00 zł)" storage="c:\projekty\mstestproject\bin\debug\netcoreapp3.1\mstestproject.dll" id="4919a2b7-3aae-4b4d-a189-a273add4622b">
      <TestCategory>
        <TestCategoryItem TestCategory="Category1000" />
      </TestCategory>
      <Execution id="e89eacb2-3b90-4ed6-a2ed-f1fc8f20b2e4" />
      <TestMethod codeBase="C:\Projekty\MSTestProject\bin\Debug\netcoreapp3.1\MSTestProject.dll" adapterTypeName="executor://mstestadapter/v2" className="TwojeWesele.Services.Helpers.Tests.CurrencyHelperTests" name="FormatToStringTest1000" />
    </UnitTest>
    <UnitTest name="FormatToStringTest1000 (9816.961298880615,9816.96 zł)" storage="c:\projekty\mstestproject\bin\debug\netcoreapp3.1\mstestproject.dll" id="47784435-2107-4717-b5f5-08314c4f91ce">
      <TestCategory>
        <TestCategoryItem TestCategory="Category1000" />
      </TestCategory>
      <Execution id="baf5022a-b1fb-4593-adb6-28e7b0207469" />
      <TestMethod codeBase="C:\Projekty\MSTestProject\bin\Debug\netcoreapp3.1\MSTestProject.dll" adapterTypeName="executor://mstestadapter/v2" className="TwojeWesele.Services.Helpers.Tests.CurrencyHelperTests" name="FormatToStringTest1000" />
    </UnitTest>
    <UnitTest name="FormatToStringTest1000 (14017.699524653006,14017.70 zł)" storage="c:\projekty\mstestproject\bin\debug\netcoreapp3.1\mstestproject.dll" id="458b87ca-e17a-455c-81e9-3c820fb4bec7">
      <TestCategory>
        <TestCategoryItem TestCategory="Category1000" />
      </TestCategory>
      <Execution id="1df86e64-8276-4773-8c3e-ef446b525cd0" />
      <TestMethod codeBase="C:\Projekty\MSTestProject\bin\Debug\netcoreapp3.1\MSTestProject.dll" adapterTypeName="executor://mstestadapter/v2" className="TwojeWesele.Services.Helpers.Tests.CurrencyHelperTests" name="FormatToStringTest1000" />
    </UnitTest>
    <UnitTest name="FormatToStringTest1000 (28033.439084134738,28033.44 zł)" storage="c:\projekty\mstestproject\bin\debug\netcoreapp3.1\mstestproject.dll" id="28d3c529-c1f7-49ed-b459-0b789955ff6e">
      <TestCategory>
        <TestCategoryItem TestCategory="Category1000" />
      </TestCategory>
      <Execution id="dbd51dd6-750a-493f-a4db-067d2b4a49c3" />
      <TestMethod codeBase="C:\Projekty\MSTestProject\bin\Debug\netcoreapp3.1\MSTestProject.dll" adapterTypeName="executor://mstestadapter/v2" className="TwojeWesele.Services.Helpers.Tests.CurrencyHelperTests" name="FormatToStringTest1000" />
    </UnitTest>
    <UnitTest name="FormatToStringTest1000 (51529.79033960206,51529.79 zł)" storage="c:\projekty\mstestproject\bin\debug\netcoreapp3.1\mstestproject.dll" id="f1b228e5-1ce4-43a4-b90c-0c0db35a32a8">
      <TestCategory>
        <TestCategoryItem TestCategory="Category1000" />
      </TestCategory>
      <Execution id="8c19e22d-e60f-4cc0-8441-ad2a0828e91e" />
      <TestMethod codeBase="C:\Projekty\MSTestProject\bin\Debug\netcoreapp3.1\MSTestProject.dll" adapterTypeName="executor://mstestadapter/v2" className="TwojeWesele.Services.Helpers.Tests.CurrencyHelperTests" name="FormatToStringTest1000" />
    </UnitTest>
    <UnitTest name="FormatToStringTest1000 (2751.3751475258614,2751.38 zł)" storage="c:\projekty\mstestproject\bin\debug\netcoreapp3.1\mstestproject.dll" id="31164bec-220f-4491-9fdb-707d2274ba00">
      <TestCategory>
        <TestCategoryItem TestCategory="Category1000" />
      </TestCategory>
      <Execution id="b7361149-1d53-458c-9c22-fb0f05e5a6ea" />
      <TestMethod codeBase="C:\Projekty\MSTestProject\bin\Debug\netcoreapp3.1\MSTestProject.dll" adapterTypeName="executor://mstestadapter/v2" className="TwojeWesele.Services.Helpers.Tests.CurrencyHelperTests" name="FormatToStringTest1000" />
    </UnitTest>
    <UnitTest name="FormatToStringTest1000 (54578.37303904275,54578.37 zł)" storage="c:\projekty\mstestproject\bin\debug\netcoreapp3.1\mstestproject.dll" id="acc04453-5355-4d98-ab2c-8e47c300d679">
      <TestCategory>
        <TestCategoryItem TestCategory="Category1000" />
      </TestCategory>
      <Execution id="e1e8ce2e-de0c-4bc0-b156-b703dd3b9bc0" />
      <TestMethod codeBase="C:\Projekty\MSTestProject\bin\Debug\netcoreapp3.1\MSTestProject.dll" adapterTypeName="executor://mstestadapter/v2" className="TwojeWesele.Services.Helpers.Tests.CurrencyHelperTests" name="FormatToStringTest1000" />
    </UnitTest>
    <UnitTest name="FormatToStringTest1000 (13582.47117894258,13582.47 zł)" storage="c:\projekty\mstestproject\bin\debug\netcoreapp3.1\mstestproject.dll" id="cb39bc3c-3348-4ccf-881a-685ba9688046">
      <TestCategory>
        <TestCategoryItem TestCategory="Category1000" />
      </TestCategory>
      <Execution id="57844738-02f7-4239-9f33-ebcf479bad10" />
      <TestMethod codeBase="C:\Projekty\MSTestProject\bin\Debug\netcoreapp3.1\MSTestProject.dll" adapterTypeName="executor://mstestadapter/v2" className="TwojeWesele.Services.Helpers.Tests.CurrencyHelperTests" name="FormatToStringTest1000" />
    </UnitTest>
    <UnitTest name="FormatToStringTest1000 (38961.459057294516,38961.46 zł)" storage="c:\projekty\mstestproject\bin\debug\netcoreapp3.1\mstestproject.dll" id="81e76edd-d762-474c-aa80-7961f30bcae1">
      <TestCategory>
        <TestCategoryItem TestCategory="Category1000" />
      </TestCategory>
      <Execution id="b9c55515-20ff-44b9-bf92-7a4b6a1b7730" />
      <TestMethod codeBase="C:\Projekty\MSTestProject\bin\Debug\netcoreapp3.1\MSTestProject.dll" adapterTypeName="executor://mstestadapter/v2" className="TwojeWesele.Services.Helpers.Tests.CurrencyHelperTests" name="FormatToStringTest1000" />
    </UnitTest>
    <UnitTest name="FormatToStringTest1000 (25036.98767214035,25036.99 zł)" storage="c:\projekty\mstestproject\bin\debug\netcoreapp3.1\mstestproject.dll" id="1feb8220-06a8-4df7-bebc-a9497a116eb5">
      <TestCategory>
        <TestCategoryItem TestCategory="Category1000" />
      </TestCategory>
      <Execution id="6243cc8d-7c45-40a0-8b8b-588fb2f49173" />
      <TestMethod codeBase="C:\Projekty\MSTestProject\bin\Debug\netcoreapp3.1\MSTestProject.dll" adapterTypeName="executor://mstestadapter/v2" className="TwojeWesele.Services.Helpers.Tests.CurrencyHelperTests" name="FormatToStringTest1000" />
    </UnitTest>
    <UnitTest name="FormatToStringTest1000 (32566.30279101259,32566.30 zł)" storage="c:\projekty\mstestproject\bin\debug\netcoreapp3.1\mstestproject.dll" id="87bc92a0-29f5-4e3d-8350-4462a51558ae">
      <TestCategory>
        <TestCategoryItem TestCategory="Category1000" />
      </TestCategory>
      <Execution id="2efbd90a-cf57-457d-8295-3e1baff5f1e9" />
      <TestMethod codeBase="C:\Projekty\MSTestProject\bin\Debug\netcoreapp3.1\MSTestProject.dll" adapterTypeName="executor://mstestadapter/v2" className="TwojeWesele.Services.Helpers.Tests.CurrencyHelperTests" name="FormatToStringTest1000" />
    </UnitTest>
    <UnitTest name="FormatToStringTest1000 (20527.270339210645,20527.27 zł)" storage="c:\projekty\mstestproject\bin\debug\netcoreapp3.1\mstestproject.dll" id="6638afea-0cd6-42b5-b63d-aaf8f980c264">
      <TestCategory>
        <TestCategoryItem TestCategory="Category1000" />
      </TestCategory>
      <Execution id="d2421f2e-dbda-4fb9-a77d-33dae6b8b51d" />
      <TestMethod codeBase="C:\Projekty\MSTestProject\bin\Debug\netcoreapp3.1\MSTestProject.dll" adapterTypeName="executor://mstestadapter/v2" className="TwojeWesele.Services.Helpers.Tests.CurrencyHelperTests" name="FormatToStringTest1000" />
    </UnitTest>
    <UnitTest name="FormatToStringTest1000 (4525.609305084501,4525.61 zł)" storage="c:\projekty\mstestproject\bin\debug\netcoreapp3.1\mstestproject.dll" id="395c9678-8b2e-408d-92ea-af55a4db162b">
      <TestCategory>
        <TestCategoryItem TestCategory="Category1000" />
      </TestCategory>
      <Execution id="ad9e431e-5a09-4f95-8540-a51943aaffdb" />
      <TestMethod codeBase="C:\Projekty\MSTestProject\bin\Debug\netcoreapp3.1\MSTestProject.dll" adapterTypeName="executor://mstestadapter/v2" className="TwojeWesele.Services.Helpers.Tests.CurrencyHelperTests" name="FormatToStringTest1000" />
    </UnitTest>
    <UnitTest name="FormatToStringTest1000 (22281.48592587257,22281.49 zł)" storage="c:\projekty\mstestproject\bin\debug\netcoreapp3.1\mstestproject.dll" id="c4a8196d-02f7-4540-8230-d2262219dbd9">
      <TestCategory>
        <TestCategoryItem TestCategory="Category1000" />
      </TestCategory>
      <Execution id="f8ea253d-2dd0-4aee-8211-7649ddff4755" />
      <TestMethod codeBase="C:\Projekty\MSTestProject\bin\Debug\netcoreapp3.1\MSTestProject.dll" adapterTypeName="executor://mstestadapter/v2" className="TwojeWesele.Services.Helpers.Tests.CurrencyHelperTests" name="FormatToStringTest1000" />
    </UnitTest>
    <UnitTest name="FormatToStringTest1000 (19933.78650940945,19933.79 zł)" storage="c:\projekty\mstestproject\bin\debug\netcoreapp3.1\mstestproject.dll" id="cbff8c29-151e-4c48-a4c1-e884c0155c23">
      <TestCategory>
        <TestCategoryItem TestCategory="Category1000" />
      </TestCategory>
      <Execution id="eeeae2c1-02d9-49fd-b72d-d87c4edef6e3" />
      <TestMethod codeBase="C:\Projekty\MSTestProject\bin\Debug\netcoreapp3.1\MSTestProject.dll" adapterTypeName="executor://mstestadapter/v2" className="TwojeWesele.Services.Helpers.Tests.CurrencyHelperTests" name="FormatToStringTest1000" />
    </UnitTest>
    <UnitTest name="FormatToStringTest1000 (65809.35218338219,65809.35 zł)" storage="c:\projekty\mstestproject\bin\debug\netcoreapp3.1\mstestproject.dll" id="04622112-9071-44d7-bb68-bbe205f313ac">
      <TestCategory>
        <TestCategoryItem TestCategory="Category1000" />
      </TestCategory>
      <Execution id="db362dfe-0229-46cd-ade3-3820acb58fb2" />
      <TestMethod codeBase="C:\Projekty\MSTestProject\bin\Debug\netcoreapp3.1\MSTestProject.dll" adapterTypeName="executor://mstestadapter/v2" className="TwojeWesele.Services.Helpers.Tests.CurrencyHelperTests" name="FormatToStringTest1000" />
    </UnitTest>
    <UnitTest name="FormatToStringTest1000 (14172.682747822573,14172.68 zł)" storage="c:\projekty\mstestproject\bin\debug\netcoreapp3.1\mstestproject.dll" id="f73d68d5-3e47-431f-9d59-d53dc96cf5e3">
      <TestCategory>
        <TestCategoryItem TestCategory="Category1000" />
      </TestCategory>
      <Execution id="3c3ff8aa-e6e9-43d1-993a-236d39c1a2cb" />
      <TestMethod codeBase="C:\Projekty\MSTestProject\bin\Debug\netcoreapp3.1\MSTestProject.dll" adapterTypeName="executor://mstestadapter/v2" className="TwojeWesele.Services.Helpers.Tests.CurrencyHelperTests" name="FormatToStringTest1000" />
    </UnitTest>
    <UnitTest name="FormatToStringTest1000 (26858.35647848731,26858.36 zł)" storage="c:\projekty\mstestproject\bin\debug\netcoreapp3.1\mstestproject.dll" id="a40f3fa4-c52e-4b0d-b414-8e11f1ca2d35">
      <TestCategory>
        <TestCategoryItem TestCategory="Category1000" />
      </TestCategory>
      <Execution id="b813ac95-f49e-4a50-964d-1642ed5b0cfa" />
      <TestMethod codeBase="C:\Projekty\MSTestProject\bin\Debug\netcoreapp3.1\MSTestProject.dll" adapterTypeName="executor://mstestadapter/v2" className="TwojeWesele.Services.Helpers.Tests.CurrencyHelperTests" name="FormatToStringTest1000" />
    </UnitTest>
    <UnitTest name="FormatToStringTest1000 (6466.872242818062,6466.87 zł)" storage="c:\projekty\mstestproject\bin\debug\netcoreapp3.1\mstestproject.dll" id="b4a5a4d0-ad16-495e-a207-05be09e54d5b">
      <TestCategory>
        <TestCategoryItem TestCategory="Category1000" />
      </TestCategory>
      <Execution id="1b6c94b6-7de4-4bb8-88dd-27d77b2e0690" />
      <TestMethod codeBase="C:\Projekty\MSTestProject\bin\Debug\netcoreapp3.1\MSTestProject.dll" adapterTypeName="executor://mstestadapter/v2" className="TwojeWesele.Services.Helpers.Tests.CurrencyHelperTests" name="FormatToStringTest1000" />
    </UnitTest>
    <UnitTest name="FormatToStringTest1000 (50991.22189691114,50991.22 zł)" storage="c:\projekty\mstestproject\bin\debug\netcoreapp3.1\mstestproject.dll" id="895a0360-6c5d-4b31-8de4-c50e14c63aed">
      <TestCategory>
        <TestCategoryItem TestCategory="Category1000" />
      </TestCategory>
      <Execution id="5052ca45-1a39-4ce1-a772-eda7f3bdbcdb" />
      <TestMethod codeBase="C:\Projekty\MSTestProject\bin\Debug\netcoreapp3.1\MSTestProject.dll" adapterTypeName="executor://mstestadapter/v2" className="TwojeWesele.Services.Helpers.Tests.CurrencyHelperTests" name="FormatToStringTest1000" />
    </UnitTest>
    <UnitTest name="FormatToStringTest1000 (14459.57059750686,14459.57 zł)" storage="c:\projekty\mstestproject\bin\debug\netcoreapp3.1\mstestproject.dll" id="84fa0a19-69dd-4a18-8ae3-e2a2ab248939">
      <TestCategory>
        <TestCategoryItem TestCategory="Category1000" />
      </TestCategory>
      <Execution id="c5a5cf4a-cc32-4dd8-82fc-6009a4099c3b" />
      <TestMethod codeBase="C:\Projekty\MSTestProject\bin\Debug\netcoreapp3.1\MSTestProject.dll" adapterTypeName="executor://mstestadapter/v2" className="TwojeWesele.Services.Helpers.Tests.CurrencyHelperTests" name="FormatToStringTest1000" />
    </UnitTest>
    <UnitTest name="FormatToStringTest1000 (34951.47290410077,34951.47 zł)" storage="c:\projekty\mstestproject\bin\debug\netcoreapp3.1\mstestproject.dll" id="d1ce3b9f-339a-4a93-acf5-1f980d51f16f">
      <TestCategory>
        <TestCategoryItem TestCategory="Category1000" />
      </TestCategory>
      <Execution id="c96c041d-e7b7-4923-93ed-376262117a72" />
      <TestMethod codeBase="C:\Projekty\MSTestProject\bin\Debug\netcoreapp3.1\MSTestProject.dll" adapterTypeName="executor://mstestadapter/v2" className="TwojeWesele.Services.Helpers.Tests.CurrencyHelperTests" name="FormatToStringTest1000" />
    </UnitTest>
    <UnitTest name="FormatToStringTest1000 (51503.82905738234,51503.83 zł)" storage="c:\projekty\mstestproject\bin\debug\netcoreapp3.1\mstestproject.dll" id="b9c591f8-70e1-4c3b-bf26-0d6754975307">
      <TestCategory>
        <TestCategoryItem TestCategory="Category1000" />
      </TestCategory>
      <Execution id="877f1cf7-601d-4588-b18a-c0446156565c" />
      <TestMethod codeBase="C:\Projekty\MSTestProject\bin\Debug\netcoreapp3.1\MSTestProject.dll" adapterTypeName="executor://mstestadapter/v2" className="TwojeWesele.Services.Helpers.Tests.CurrencyHelperTests" name="FormatToStringTest1000" />
    </UnitTest>
    <UnitTest name="FormatToStringTest1000 (40400.9734049295,40400.97 zł)" storage="c:\projekty\mstestproject\bin\debug\netcoreapp3.1\mstestproject.dll" id="f2c0a8e5-96ee-41d4-bc5f-c3f45f1e6480">
      <TestCategory>
        <TestCategoryItem TestCategory="Category1000" />
      </TestCategory>
      <Execution id="0ab9fe3c-9630-4617-a417-95090063c4ec" />
      <TestMethod codeBase="C:\Projekty\MSTestProject\bin\Debug\netcoreapp3.1\MSTestProject.dll" adapterTypeName="executor://mstestadapter/v2" className="TwojeWesele.Services.Helpers.Tests.CurrencyHelperTests" name="FormatToStringTest1000" />
    </UnitTest>
    <UnitTest name="FormatToStringTest1000 (7396.940188290057,7396.94 zł)" storage="c:\projekty\mstestproject\bin\debug\netcoreapp3.1\mstestproject.dll" id="0ee72846-0c9d-4003-9315-759ccc458558">
      <TestCategory>
        <TestCategoryItem TestCategory="Category1000" />
      </TestCategory>
      <Execution id="8568a5c8-6ab8-4ac0-b68b-e56ea3ee771c" />
      <TestMethod codeBase="C:\Projekty\MSTestProject\bin\Debug\netcoreapp3.1\MSTestProject.dll" adapterTypeName="executor://mstestadapter/v2" className="TwojeWesele.Services.Helpers.Tests.CurrencyHelperTests" name="FormatToStringTest1000" />
    </UnitTest>
    <UnitTest name="FormatToStringTest1000 (32216.686763396807,32216.69 zł)" storage="c:\projekty\mstestproject\bin\debug\netcoreapp3.1\mstestproject.dll" id="9de4d0bd-987d-4a0b-b66d-eab6aaf68fd4">
      <TestCategory>
        <TestCategoryItem TestCategory="Category1000" />
      </TestCategory>
      <Execution id="333d357c-3e8c-4a07-8c10-dd114c753579" />
      <TestMethod codeBase="C:\Projekty\MSTestProject\bin\Debug\netcoreapp3.1\MSTestProject.dll" adapterTypeName="executor://mstestadapter/v2" className="TwojeWesele.Services.Helpers.Tests.CurrencyHelperTests" name="FormatToStringTest1000" />
    </UnitTest>
    <UnitTest name="FormatToStringTest1000 (151.50737175275916,151.51 zł)" storage="c:\projekty\mstestproject\bin\debug\netcoreapp3.1\mstestproject.dll" id="a86e6dac-5b75-49fd-b5bb-6d3d561443b5">
      <TestCategory>
        <TestCategoryItem TestCategory="Category1000" />
      </TestCategory>
      <Execution id="8a6f0f25-9a52-4c8e-9cec-81a5d9c9ac13" />
      <TestMethod codeBase="C:\Projekty\MSTestProject\bin\Debug\netcoreapp3.1\MSTestProject.dll" adapterTypeName="executor://mstestadapter/v2" className="TwojeWesele.Services.Helpers.Tests.CurrencyHelperTests" name="FormatToStringTest1000" />
    </UnitTest>
    <UnitTest name="FormatToStringTest1000 (43222.47958431695,43222.48 zł)" storage="c:\projekty\mstestproject\bin\debug\netcoreapp3.1\mstestproject.dll" id="cf3b062e-a21c-4b64-98da-78cd0ddffe13">
      <TestCategory>
        <TestCategoryItem TestCategory="Category1000" />
      </TestCategory>
      <Execution id="c73d15b8-cf20-4ae6-b8ff-9c9076ad6ccb" />
      <TestMethod codeBase="C:\Projekty\MSTestProject\bin\Debug\netcoreapp3.1\MSTestProject.dll" adapterTypeName="executor://mstestadapter/v2" className="TwojeWesele.Services.Helpers.Tests.CurrencyHelperTests" name="FormatToStringTest1000" />
    </UnitTest>
    <UnitTest name="FormatToStringTest1000 (74152.7503934562,74152.75 zł)" storage="c:\projekty\mstestproject\bin\debug\netcoreapp3.1\mstestproject.dll" id="8f6d4d7b-1c4e-4074-a57f-f691e6ae2e14">
      <TestCategory>
        <TestCategoryItem TestCategory="Category1000" />
      </TestCategory>
      <Execution id="44a1be37-4730-40a1-937b-13a797ae952d" />
      <TestMethod codeBase="C:\Projekty\MSTestProject\bin\Debug\netcoreapp3.1\MSTestProject.dll" adapterTypeName="executor://mstestadapter/v2" className="TwojeWesele.Services.Helpers.Tests.CurrencyHelperTests" name="FormatToStringTest1000" />
    </UnitTest>
    <UnitTest name="FormatToStringTest1000 (14035.12972514477,14035.13 zł)" storage="c:\projekty\mstestproject\bin\debug\netcoreapp3.1\mstestproject.dll" id="0b7538e0-a268-467a-ae5b-779012426de6">
      <TestCategory>
        <TestCategoryItem TestCategory="Category1000" />
      </TestCategory>
      <Execution id="be8d4195-0fcf-42ea-9f37-65bbeb21813e" />
      <TestMethod codeBase="C:\Projekty\MSTestProject\bin\Debug\netcoreapp3.1\MSTestProject.dll" adapterTypeName="executor://mstestadapter/v2" className="TwojeWesele.Services.Helpers.Tests.CurrencyHelperTests" name="FormatToStringTest1000" />
    </UnitTest>
    <UnitTest name="FormatToStringTest1000 (28192.949128067565,28192.95 zł)" storage="c:\projekty\mstestproject\bin\debug\netcoreapp3.1\mstestproject.dll" id="fa8c2598-7ed6-488b-b3e7-9135030ec1dd">
      <TestCategory>
        <TestCategoryItem TestCategory="Category1000" />
      </TestCategory>
      <Execution id="618bc822-ca42-4a34-bc25-c2f03b4c93be" />
      <TestMethod codeBase="C:\Projekty\MSTestProject\bin\Debug\netcoreapp3.1\MSTestProject.dll" adapterTypeName="executor://mstestadapter/v2" className="TwojeWesele.Services.Helpers.Tests.CurrencyHelperTests" name="FormatToStringTest1000" />
    </UnitTest>
    <UnitTest name="FormatToStringTest1000 (6262.373413993219,6262.37 zł)" storage="c:\projekty\mstestproject\bin\debug\netcoreapp3.1\mstestproject.dll" id="ab06aef9-800f-4907-b6fa-8fca9a9d4e2d">
      <TestCategory>
        <TestCategoryItem TestCategory="Category1000" />
      </TestCategory>
      <Execution id="3983778c-32dd-4c3e-9cb5-b7ad78834698" />
      <TestMethod codeBase="C:\Projekty\MSTestProject\bin\Debug\netcoreapp3.1\MSTestProject.dll" adapterTypeName="executor://mstestadapter/v2" className="TwojeWesele.Services.Helpers.Tests.CurrencyHelperTests" name="FormatToStringTest1000" />
    </UnitTest>
    <UnitTest name="FormatToStringTest1000 (16282.687804925576,16282.69 zł)" storage="c:\projekty\mstestproject\bin\debug\netcoreapp3.1\mstestproject.dll" id="8b983e09-7e4b-4830-afd3-c131f9cb7905">
      <TestCategory>
        <TestCategoryItem TestCategory="Category1000" />
      </TestCategory>
      <Execution id="f9f5c965-fbdf-4ef7-9078-e94c42e13b76" />
      <TestMethod codeBase="C:\Projekty\MSTestProject\bin\Debug\netcoreapp3.1\MSTestProject.dll" adapterTypeName="executor://mstestadapter/v2" className="TwojeWesele.Services.Helpers.Tests.CurrencyHelperTests" name="FormatToStringTest1000" />
    </UnitTest>
    <UnitTest name="FormatToStringTest1000 (5961.755129208674,5961.76 zł)" storage="c:\projekty\mstestproject\bin\debug\netcoreapp3.1\mstestproject.dll" id="c8bf44b4-22b4-47af-ade9-0eed847110ae">
      <TestCategory>
        <TestCategoryItem TestCategory="Category1000" />
      </TestCategory>
      <Execution id="c2055d64-9a15-4e9d-bb65-6c9ac7ee8bdb" />
      <TestMethod codeBase="C:\Projekty\MSTestProject\bin\Debug\netcoreapp3.1\MSTestProject.dll" adapterTypeName="executor://mstestadapter/v2" className="TwojeWesele.Services.Helpers.Tests.CurrencyHelperTests" name="FormatToStringTest1000" />
    </UnitTest>
    <UnitTest name="FormatToStringTest1000 (10511.7304983189,10511.73 zł)" storage="c:\projekty\mstestproject\bin\debug\netcoreapp3.1\mstestproject.dll" id="6cea6240-0fcf-42d3-abad-a316c088df42">
      <TestCategory>
        <TestCategoryItem TestCategory="Category1000" />
      </TestCategory>
      <Execution id="8aa553f3-322f-4c92-812d-79acbdb2e9fd" />
      <TestMethod codeBase="C:\Projekty\MSTestProject\bin\Debug\netcoreapp3.1\MSTestProject.dll" adapterTypeName="executor://mstestadapter/v2" className="TwojeWesele.Services.Helpers.Tests.CurrencyHelperTests" name="FormatToStringTest1000" />
    </UnitTest>
    <UnitTest name="FormatToStringTest1000 (16383.352881839199,16383.35 zł)" storage="c:\projekty\mstestproject\bin\debug\netcoreapp3.1\mstestproject.dll" id="4ae674e3-d9e3-4b63-9e6d-74e04855e65d">
      <TestCategory>
        <TestCategoryItem TestCategory="Category1000" />
      </TestCategory>
      <Execution id="ae3e4a55-c3ec-4e6b-9550-65d9c9082c81" />
      <TestMethod codeBase="C:\Projekty\MSTestProject\bin\Debug\netcoreapp3.1\MSTestProject.dll" adapterTypeName="executor://mstestadapter/v2" className="TwojeWesele.Services.Helpers.Tests.CurrencyHelperTests" name="FormatToStringTest1000" />
    </UnitTest>
    <UnitTest name="FormatToStringTest1000 (46166.38051381259,46166.38 zł)" storage="c:\projekty\mstestproject\bin\debug\netcoreapp3.1\mstestproject.dll" id="c393f1df-38df-4010-bc4e-c8c6d1edfd69">
      <TestCategory>
        <TestCategoryItem TestCategory="Category1000" />
      </TestCategory>
      <Execution id="8ad39ba5-4bc6-4ef6-ba51-32243244253f" />
      <TestMethod codeBase="C:\Projekty\MSTestProject\bin\Debug\netcoreapp3.1\MSTestProject.dll" adapterTypeName="executor://mstestadapter/v2" className="TwojeWesele.Services.Helpers.Tests.CurrencyHelperTests" name="FormatToStringTest1000" />
    </UnitTest>
    <UnitTest name="FormatToStringTest1000 (7951.322730072458,7951.32 zł)" storage="c:\projekty\mstestproject\bin\debug\netcoreapp3.1\mstestproject.dll" id="b775883d-8598-4c16-af6a-f6b02fe172cd">
      <TestCategory>
        <TestCategoryItem TestCategory="Category1000" />
      </TestCategory>
      <Execution id="aa958233-313a-4c70-bd76-00d4327d3f91" />
      <TestMethod codeBase="C:\Projekty\MSTestProject\bin\Debug\netcoreapp3.1\MSTestProject.dll" adapterTypeName="executor://mstestadapter/v2" className="TwojeWesele.Services.Helpers.Tests.CurrencyHelperTests" name="FormatToStringTest1000" />
    </UnitTest>
    <UnitTest name="FormatToStringTest1000 (286.92120604539343,286.92 zł)" storage="c:\projekty\mstestproject\bin\debug\netcoreapp3.1\mstestproject.dll" id="3e5e5610-93c4-4d38-92ba-a0a87fd3c02d">
      <TestCategory>
        <TestCategoryItem TestCategory="Category1000" />
      </TestCategory>
      <Execution id="2ada16a0-6c92-4cc9-86cd-741f220b56fd" />
      <TestMethod codeBase="C:\Projekty\MSTestProject\bin\Debug\netcoreapp3.1\MSTestProject.dll" adapterTypeName="executor://mstestadapter/v2" className="TwojeWesele.Services.Helpers.Tests.CurrencyHelperTests" name="FormatToStringTest1000" />
    </UnitTest>
    <UnitTest name="FormatToStringTest1000 (18786.954468002055,18786.95 zł)" storage="c:\projekty\mstestproject\bin\debug\netcoreapp3.1\mstestproject.dll" id="dc47f15c-fb88-4a23-a43e-ea98eaa3ce4d">
      <TestCategory>
        <TestCategoryItem TestCategory="Category1000" />
      </TestCategory>
      <Execution id="f9f33dc8-1c3d-43c2-9c5b-b8ec99af0567" />
      <TestMethod codeBase="C:\Projekty\MSTestProject\bin\Debug\netcoreapp3.1\MSTestProject.dll" adapterTypeName="executor://mstestadapter/v2" className="TwojeWesele.Services.Helpers.Tests.CurrencyHelperTests" name="FormatToStringTest1000" />
    </UnitTest>
    <UnitTest name="FormatToStringTest1000 (59283.48311990662,59283.48 zł)" storage="c:\projekty\mstestproject\bin\debug\netcoreapp3.1\mstestproject.dll" id="6dbf690d-3746-46c8-8941-bc1679747a51">
      <TestCategory>
        <TestCategoryItem TestCategory="Category1000" />
      </TestCategory>
      <Execution id="b37e252b-540e-408c-8927-a7e31e761c96" />
      <TestMethod codeBase="C:\Projekty\MSTestProject\bin\Debug\netcoreapp3.1\MSTestProject.dll" adapterTypeName="executor://mstestadapter/v2" className="TwojeWesele.Services.Helpers.Tests.CurrencyHelperTests" name="FormatToStringTest1000" />
    </UnitTest>
    <UnitTest name="FormatToStringTest1000 (6915.421130504656,6915.42 zł)" storage="c:\projekty\mstestproject\bin\debug\netcoreapp3.1\mstestproject.dll" id="a72c748e-d9d4-4074-84b5-0148475c7bf7">
      <TestCategory>
        <TestCategoryItem TestCategory="Category1000" />
      </TestCategory>
      <Execution id="1abc3f74-b2ab-4ded-b759-3e8086e10850" />
      <TestMethod codeBase="C:\Projekty\MSTestProject\bin\Debug\netcoreapp3.1\MSTestProject.dll" adapterTypeName="executor://mstestadapter/v2" className="TwojeWesele.Services.Helpers.Tests.CurrencyHelperTests" name="FormatToStringTest1000" />
    </UnitTest>
    <UnitTest name="FormatToStringTest1000 (4121.116360678857,4121.12 zł)" storage="c:\projekty\mstestproject\bin\debug\netcoreapp3.1\mstestproject.dll" id="c7cfae26-fb93-4397-8cdd-57ee4f7bfde9">
      <TestCategory>
        <TestCategoryItem TestCategory="Category1000" />
      </TestCategory>
      <Execution id="5f8fa418-07c5-4e61-a2de-8f5e0edcc3f9" />
      <TestMethod codeBase="C:\Projekty\MSTestProject\bin\Debug\netcoreapp3.1\MSTestProject.dll" adapterTypeName="executor://mstestadapter/v2" className="TwojeWesele.Services.Helpers.Tests.CurrencyHelperTests" name="FormatToStringTest1000" />
    </UnitTest>
    <UnitTest name="FormatToStringTest1000 (748.6264857065987,748.63 zł)" storage="c:\projekty\mstestproject\bin\debug\netcoreapp3.1\mstestproject.dll" id="7c5674f5-9ac9-4df8-be07-ee82ce6a5acc">
      <TestCategory>
        <TestCategoryItem TestCategory="Category1000" />
      </TestCategory>
      <Execution id="194e0adc-0d77-4909-8a9c-e8d434f45b17" />
      <TestMethod codeBase="C:\Projekty\MSTestProject\bin\Debug\netcoreapp3.1\MSTestProject.dll" adapterTypeName="executor://mstestadapter/v2" className="TwojeWesele.Services.Helpers.Tests.CurrencyHelperTests" name="FormatToStringTest1000" />
    </UnitTest>
    <UnitTest name="FormatToStringTest1000 (26529.10838037036,26529.11 zł)" storage="c:\projekty\mstestproject\bin\debug\netcoreapp3.1\mstestproject.dll" id="55977df6-403c-4983-ab2e-29ea3c96a7d7">
      <TestCategory>
        <TestCategoryItem TestCategory="Category1000" />
      </TestCategory>
      <Execution id="5e326ae2-667d-4ac6-98af-ad9c207cb5e1" />
      <TestMethod codeBase="C:\Projekty\MSTestProject\bin\Debug\netcoreapp3.1\MSTestProject.dll" adapterTypeName="executor://mstestadapter/v2" className="TwojeWesele.Services.Helpers.Tests.CurrencyHelperTests" name="FormatToStringTest1000" />
    </UnitTest>
    <UnitTest name="FormatToStringTest1000 (2937.138486199611,2937.14 zł)" storage="c:\projekty\mstestproject\bin\debug\netcoreapp3.1\mstestproject.dll" id="e984f960-8848-45e2-8c38-cc7808ccd625">
      <TestCategory>
        <TestCategoryItem TestCategory="Category1000" />
      </TestCategory>
      <Execution id="ec598ed1-d353-40ec-bb46-1367db86a57d" />
      <TestMethod codeBase="C:\Projekty\MSTestProject\bin\Debug\netcoreapp3.1\MSTestProject.dll" adapterTypeName="executor://mstestadapter/v2" className="TwojeWesele.Services.Helpers.Tests.CurrencyHelperTests" name="FormatToStringTest1000" />
    </UnitTest>
    <UnitTest name="FormatToStringTest1000 (50507.0104155615,50507.01 zł)" storage="c:\projekty\mstestproject\bin\debug\netcoreapp3.1\mstestproject.dll" id="a0a48a8a-5d96-4291-a20d-193651930b0f">
      <TestCategory>
        <TestCategoryItem TestCategory="Category1000" />
      </TestCategory>
      <Execution id="21fc6738-d87e-4e1a-96b0-78c826ed4bec" />
      <TestMethod codeBase="C:\Projekty\MSTestProject\bin\Debug\netcoreapp3.1\MSTestProject.dll" adapterTypeName="executor://mstestadapter/v2" className="TwojeWesele.Services.Helpers.Tests.CurrencyHelperTests" name="FormatToStringTest1000" />
    </UnitTest>
    <UnitTest name="FormatToStringTest1000 (17315.72309779363,17315.72 zł)" storage="c:\projekty\mstestproject\bin\debug\netcoreapp3.1\mstestproject.dll" id="026992ba-b183-4d67-b928-b6fb7e6e2fce">
      <TestCategory>
        <TestCategoryItem TestCategory="Category1000" />
      </TestCategory>
      <Execution id="9f757168-8287-4f40-9057-4d70a0e5111c" />
      <TestMethod codeBase="C:\Projekty\MSTestProject\bin\Debug\netcoreapp3.1\MSTestProject.dll" adapterTypeName="executor://mstestadapter/v2" className="TwojeWesele.Services.Helpers.Tests.CurrencyHelperTests" name="FormatToStringTest1000" />
    </UnitTest>
    <UnitTest name="FormatToStringTest1000 (38904.87092920806,38904.87 zł)" storage="c:\projekty\mstestproject\bin\debug\netcoreapp3.1\mstestproject.dll" id="8a2fabdb-2e93-4588-8e97-7faa51ec3c6c">
      <TestCategory>
        <TestCategoryItem TestCategory="Category1000" />
      </TestCategory>
      <Execution id="c48ea46a-e789-4569-8c95-e6267e49739e" />
      <TestMethod codeBase="C:\Projekty\MSTestProject\bin\Debug\netcoreapp3.1\MSTestProject.dll" adapterTypeName="executor://mstestadapter/v2" className="TwojeWesele.Services.Helpers.Tests.CurrencyHelperTests" name="FormatToStringTest1000" />
    </UnitTest>
    <UnitTest name="FormatToStringTest1000 (15822.278766386342,15822.28 zł)" storage="c:\projekty\mstestproject\bin\debug\netcoreapp3.1\mstestproject.dll" id="bee56492-99ab-4978-a398-6d3fb8eb0739">
      <TestCategory>
        <TestCategoryItem TestCategory="Category1000" />
      </TestCategory>
      <Execution id="f077b675-fce4-4f98-b630-a8494a98d84c" />
      <TestMethod codeBase="C:\Projekty\MSTestProject\bin\Debug\netcoreapp3.1\MSTestProject.dll" adapterTypeName="executor://mstestadapter/v2" className="TwojeWesele.Services.Helpers.Tests.CurrencyHelperTests" name="FormatToStringTest1000" />
    </UnitTest>
    <UnitTest name="FormatToStringTest1000 (30626.373939456127,30626.37 zł)" storage="c:\projekty\mstestproject\bin\debug\netcoreapp3.1\mstestproject.dll" id="ab8ca39a-e7cd-4514-8ad8-76be6e0bd840">
      <TestCategory>
        <TestCategoryItem TestCategory="Category1000" />
      </TestCategory>
      <Execution id="e4779330-5743-40c3-b786-84f86b11792e" />
      <TestMethod codeBase="C:\Projekty\MSTestProject\bin\Debug\netcoreapp3.1\MSTestProject.dll" adapterTypeName="executor://mstestadapter/v2" className="TwojeWesele.Services.Helpers.Tests.CurrencyHelperTests" name="FormatToStringTest1000" />
    </UnitTest>
    <UnitTest name="FormatToStringTest1000 (53192.79032742269,53192.79 zł)" storage="c:\projekty\mstestproject\bin\debug\netcoreapp3.1\mstestproject.dll" id="fd2a34a8-2413-49de-8337-1e9644e6049d">
      <TestCategory>
        <TestCategoryItem TestCategory="Category1000" />
      </TestCategory>
      <Execution id="c4517a64-77d4-458e-9d69-ec8fac3b0047" />
      <TestMethod codeBase="C:\Projekty\MSTestProject\bin\Debug\netcoreapp3.1\MSTestProject.dll" adapterTypeName="executor://mstestadapter/v2" className="TwojeWesele.Services.Helpers.Tests.CurrencyHelperTests" name="FormatToStringTest1000" />
    </UnitTest>
    <UnitTest name="FormatToStringTest1000 (867.5236648356187,867.52 zł)" storage="c:\projekty\mstestproject\bin\debug\netcoreapp3.1\mstestproject.dll" id="5c7f943a-beb0-4804-b6eb-623480610a4e">
      <TestCategory>
        <TestCategoryItem TestCategory="Category1000" />
      </TestCategory>
      <Execution id="291a2518-9b1f-4ef0-b475-1e3487a689c4" />
      <TestMethod codeBase="C:\Projekty\MSTestProject\bin\Debug\netcoreapp3.1\MSTestProject.dll" adapterTypeName="executor://mstestadapter/v2" className="TwojeWesele.Services.Helpers.Tests.CurrencyHelperTests" name="FormatToStringTest1000" />
    </UnitTest>
    <UnitTest name="FormatToStringTest1000 (25272.05048361283,25272.05 zł)" storage="c:\projekty\mstestproject\bin\debug\netcoreapp3.1\mstestproject.dll" id="1cec9da2-dcc5-4c47-893d-e4523410a0d2">
      <TestCategory>
        <TestCategoryItem TestCategory="Category1000" />
      </TestCategory>
      <Execution id="a17e5ac1-6df8-4132-860e-3df3630f86cd" />
      <TestMethod codeBase="C:\Projekty\MSTestProject\bin\Debug\netcoreapp3.1\MSTestProject.dll" adapterTypeName="executor://mstestadapter/v2" className="TwojeWesele.Services.Helpers.Tests.CurrencyHelperTests" name="FormatToStringTest1000" />
    </UnitTest>
    <UnitTest name="FormatToStringTest1000 (1228.101744225296,1228.10 zł)" storage="c:\projekty\mstestproject\bin\debug\netcoreapp3.1\mstestproject.dll" id="441a4bcd-334f-4781-9e35-0d1820baa6b4">
      <TestCategory>
        <TestCategoryItem TestCategory="Category1000" />
      </TestCategory>
      <Execution id="b848510f-186d-4847-a73e-4240c54d0bad" />
      <TestMethod codeBase="C:\Projekty\MSTestProject\bin\Debug\netcoreapp3.1\MSTestProject.dll" adapterTypeName="executor://mstestadapter/v2" className="TwojeWesele.Services.Helpers.Tests.CurrencyHelperTests" name="FormatToStringTest1000" />
    </UnitTest>
    <UnitTest name="FormatToStringTest1000 (68770.73008707525,68770.73 zł)" storage="c:\projekty\mstestproject\bin\debug\netcoreapp3.1\mstestproject.dll" id="0287c048-de38-41dc-a42a-04b1585938dd">
      <TestCategory>
        <TestCategoryItem TestCategory="Category1000" />
      </TestCategory>
      <Execution id="d8204807-a6cc-4e02-9585-8839a4cc664d" />
      <TestMethod codeBase="C:\Projekty\MSTestProject\bin\Debug\netcoreapp3.1\MSTestProject.dll" adapterTypeName="executor://mstestadapter/v2" className="TwojeWesele.Services.Helpers.Tests.CurrencyHelperTests" name="FormatToStringTest1000" />
    </UnitTest>
    <UnitTest name="FormatToStringTest1000 (28298.945361683585,28298.95 zł)" storage="c:\projekty\mstestproject\bin\debug\netcoreapp3.1\mstestproject.dll" id="a4d34b89-b9c6-48bf-8638-42b7c691122c">
      <TestCategory>
        <TestCategoryItem TestCategory="Category1000" />
      </TestCategory>
      <Execution id="fe20d294-4aec-42f2-b62a-d64c9508eb71" />
      <TestMethod codeBase="C:\Projekty\MSTestProject\bin\Debug\netcoreapp3.1\MSTestProject.dll" adapterTypeName="executor://mstestadapter/v2" className="TwojeWesele.Services.Helpers.Tests.CurrencyHelperTests" name="FormatToStringTest1000" />
    </UnitTest>
    <UnitTest name="FormatToStringTest1000 (11494.27761332238,11494.28 zł)" storage="c:\projekty\mstestproject\bin\debug\netcoreapp3.1\mstestproject.dll" id="aff7a2df-c726-4cb3-8936-63e2591b2d3d">
      <TestCategory>
        <TestCategoryItem TestCategory="Category1000" />
      </TestCategory>
      <Execution id="1865d120-9e36-4eee-87ca-21d745eae91a" />
      <TestMethod codeBase="C:\Projekty\MSTestProject\bin\Debug\netcoreapp3.1\MSTestProject.dll" adapterTypeName="executor://mstestadapter/v2" className="TwojeWesele.Services.Helpers.Tests.CurrencyHelperTests" name="FormatToStringTest1000" />
    </UnitTest>
    <UnitTest name="FormatToStringTest1000 (1482.3501845832682,1482.35 zł)" storage="c:\projekty\mstestproject\bin\debug\netcoreapp3.1\mstestproject.dll" id="b9774dff-11fe-4d19-b8b2-7f9b823489dd">
      <TestCategory>
        <TestCategoryItem TestCategory="Category1000" />
      </TestCategory>
      <Execution id="f03c193a-29fe-4a95-9195-384a2ae9623f" />
      <TestMethod codeBase="C:\Projekty\MSTestProject\bin\Debug\netcoreapp3.1\MSTestProject.dll" adapterTypeName="executor://mstestadapter/v2" className="TwojeWesele.Services.Helpers.Tests.CurrencyHelperTests" name="FormatToStringTest1000" />
    </UnitTest>
    <UnitTest name="FormatToStringTest1000 (47672.66266041652,47672.66 zł)" storage="c:\projekty\mstestproject\bin\debug\netcoreapp3.1\mstestproject.dll" id="83320569-e666-4926-ace0-8c1482828e27">
      <TestCategory>
        <TestCategoryItem TestCategory="Category1000" />
      </TestCategory>
      <Execution id="32a917b7-3539-4e76-b7c8-bf6d0d46f9d6" />
      <TestMethod codeBase="C:\Projekty\MSTestProject\bin\Debug\netcoreapp3.1\MSTestProject.dll" adapterTypeName="executor://mstestadapter/v2" className="TwojeWesele.Services.Helpers.Tests.CurrencyHelperTests" name="FormatToStringTest1000" />
    </UnitTest>
    <UnitTest name="FormatToStringTest1000 (43727.735558145556,43727.74 zł)" storage="c:\projekty\mstestproject\bin\debug\netcoreapp3.1\mstestproject.dll" id="5e672ab3-5999-4c32-992d-9e86311fed2b">
      <TestCategory>
        <TestCategoryItem TestCategory="Category1000" />
      </TestCategory>
      <Execution id="1b588323-e69c-4a39-88ea-623acddf2d24" />
      <TestMethod codeBase="C:\Projekty\MSTestProject\bin\Debug\netcoreapp3.1\MSTestProject.dll" adapterTypeName="executor://mstestadapter/v2" className="TwojeWesele.Services.Helpers.Tests.CurrencyHelperTests" name="FormatToStringTest1000" />
    </UnitTest>
    <UnitTest name="FormatToStringTest1000 (32051.900532446758,32051.90 zł)" storage="c:\projekty\mstestproject\bin\debug\netcoreapp3.1\mstestproject.dll" id="1ff4eee3-6305-4a31-ac02-05bc802ac617">
      <TestCategory>
        <TestCategoryItem TestCategory="Category1000" />
      </TestCategory>
      <Execution id="b8eed75e-0e07-4550-81cd-8880a26f858f" />
      <TestMethod codeBase="C:\Projekty\MSTestProject\bin\Debug\netcoreapp3.1\MSTestProject.dll" adapterTypeName="executor://mstestadapter/v2" className="TwojeWesele.Services.Helpers.Tests.CurrencyHelperTests" name="FormatToStringTest1000" />
    </UnitTest>
    <UnitTest name="FormatToStringTest1000 (158.49784791027093,158.50 zł)" storage="c:\projekty\mstestproject\bin\debug\netcoreapp3.1\mstestproject.dll" id="345a9560-9daf-4569-bffe-5de25ab5648d">
      <TestCategory>
        <TestCategoryItem TestCategory="Category1000" />
      </TestCategory>
      <Execution id="954b8926-487c-46ce-be3c-9de548a9b095" />
      <TestMethod codeBase="C:\Projekty\MSTestProject\bin\Debug\netcoreapp3.1\MSTestProject.dll" adapterTypeName="executor://mstestadapter/v2" className="TwojeWesele.Services.Helpers.Tests.CurrencyHelperTests" name="FormatToStringTest1000" />
    </UnitTest>
    <UnitTest name="FormatToStringTest1000 (50585.83664522778,50585.84 zł)" storage="c:\projekty\mstestproject\bin\debug\netcoreapp3.1\mstestproject.dll" id="4b3545f9-e2fd-4a4c-85fe-7ddfd805c62b">
      <TestCategory>
        <TestCategoryItem TestCategory="Category1000" />
      </TestCategory>
      <Execution id="381ce897-0a24-462c-99b2-9ff05931d6c4" />
      <TestMethod codeBase="C:\Projekty\MSTestProject\bin\Debug\netcoreapp3.1\MSTestProject.dll" adapterTypeName="executor://mstestadapter/v2" className="TwojeWesele.Services.Helpers.Tests.CurrencyHelperTests" name="FormatToStringTest1000" />
    </UnitTest>
    <UnitTest name="FormatToStringTest1000 (19363.881840787773,19363.88 zł)" storage="c:\projekty\mstestproject\bin\debug\netcoreapp3.1\mstestproject.dll" id="c3058c86-5ffc-4607-bcd7-89df9ee22dfa">
      <TestCategory>
        <TestCategoryItem TestCategory="Category1000" />
      </TestCategory>
      <Execution id="5848b659-0008-4ec4-aadb-6eadd94e168b" />
      <TestMethod codeBase="C:\Projekty\MSTestProject\bin\Debug\netcoreapp3.1\MSTestProject.dll" adapterTypeName="executor://mstestadapter/v2" className="TwojeWesele.Services.Helpers.Tests.CurrencyHelperTests" name="FormatToStringTest1000" />
    </UnitTest>
    <UnitTest name="FormatToStringTest1000 (25720.27551496321,25720.28 zł)" storage="c:\projekty\mstestproject\bin\debug\netcoreapp3.1\mstestproject.dll" id="baec8dc6-2c67-48c5-99af-938646ec083e">
      <TestCategory>
        <TestCategoryItem TestCategory="Category1000" />
      </TestCategory>
      <Execution id="66899759-8e3e-4b11-9847-183b74ac18d8" />
      <TestMethod codeBase="C:\Projekty\MSTestProject\bin\Debug\netcoreapp3.1\MSTestProject.dll" adapterTypeName="executor://mstestadapter/v2" className="TwojeWesele.Services.Helpers.Tests.CurrencyHelperTests" name="FormatToStringTest1000" />
    </UnitTest>
    <UnitTest name="FormatToStringTest1000 (16986.338876065027,16986.34 zł)" storage="c:\projekty\mstestproject\bin\debug\netcoreapp3.1\mstestproject.dll" id="bfe6ddbb-9853-4df8-9aa5-ac2f287e57d9">
      <TestCategory>
        <TestCategoryItem TestCategory="Category1000" />
      </TestCategory>
      <Execution id="78bd5d67-f7f2-46c3-ac91-0f5ec63e8e57" />
      <TestMethod codeBase="C:\Projekty\MSTestProject\bin\Debug\netcoreapp3.1\MSTestProject.dll" adapterTypeName="executor://mstestadapter/v2" className="TwojeWesele.Services.Helpers.Tests.CurrencyHelperTests" name="FormatToStringTest1000" />
    </UnitTest>
    <UnitTest name="FormatToStringTest1000 (18990.72499258012,18990.72 zł)" storage="c:\projekty\mstestproject\bin\debug\netcoreapp3.1\mstestproject.dll" id="c7abad2a-289c-4bd1-9c17-a70a18e5fe96">
      <TestCategory>
        <TestCategoryItem TestCategory="Category1000" />
      </TestCategory>
      <Execution id="9fa2543e-83ff-423c-b467-75768a2ed541" />
      <TestMethod codeBase="C:\Projekty\MSTestProject\bin\Debug\netcoreapp3.1\MSTestProject.dll" adapterTypeName="executor://mstestadapter/v2" className="TwojeWesele.Services.Helpers.Tests.CurrencyHelperTests" name="FormatToStringTest1000" />
    </UnitTest>
    <UnitTest name="FormatToStringTest1000 (18340.935049000167,18340.94 zł)" storage="c:\projekty\mstestproject\bin\debug\netcoreapp3.1\mstestproject.dll" id="61aa5487-d387-4e5d-b349-a55c9f2da87c">
      <TestCategory>
        <TestCategoryItem TestCategory="Category1000" />
      </TestCategory>
      <Execution id="67b5383f-7700-43f5-b8dc-1a3eab9d0a74" />
      <TestMethod codeBase="C:\Projekty\MSTestProject\bin\Debug\netcoreapp3.1\MSTestProject.dll" adapterTypeName="executor://mstestadapter/v2" className="TwojeWesele.Services.Helpers.Tests.CurrencyHelperTests" name="FormatToStringTest1000" />
    </UnitTest>
    <UnitTest name="FormatToStringTest1000 (8802.811382028653,8802.81 zł)" storage="c:\projekty\mstestproject\bin\debug\netcoreapp3.1\mstestproject.dll" id="0ccf7f50-15b6-4cdf-8946-fe8d73009546">
      <TestCategory>
        <TestCategoryItem TestCategory="Category1000" />
      </TestCategory>
      <Execution id="155ebbf6-9cf8-44bc-8384-1df44b2f68cc" />
      <TestMethod codeBase="C:\Projekty\MSTestProject\bin\Debug\netcoreapp3.1\MSTestProject.dll" adapterTypeName="executor://mstestadapter/v2" className="TwojeWesele.Services.Helpers.Tests.CurrencyHelperTests" name="FormatToStringTest1000" />
    </UnitTest>
    <UnitTest name="FormatToStringTest1000 (23684.695462791573,23684.70 zł)" storage="c:\projekty\mstestproject\bin\debug\netcoreapp3.1\mstestproject.dll" id="a78c073c-a7ab-4b2d-b22b-25cfaadd4d43">
      <TestCategory>
        <TestCategoryItem TestCategory="Category1000" />
      </TestCategory>
      <Execution id="39aacb29-76d4-40c4-b90f-83781383181f" />
      <TestMethod codeBase="C:\Projekty\MSTestProject\bin\Debug\netcoreapp3.1\MSTestProject.dll" adapterTypeName="executor://mstestadapter/v2" className="TwojeWesele.Services.Helpers.Tests.CurrencyHelperTests" name="FormatToStringTest1000" />
    </UnitTest>
    <UnitTest name="FormatToStringTest1000 (19796.212103914568,19796.21 zł)" storage="c:\projekty\mstestproject\bin\debug\netcoreapp3.1\mstestproject.dll" id="cec1620a-f91e-4bc2-a1c1-23855307e5ba">
      <TestCategory>
        <TestCategoryItem TestCategory="Category1000" />
      </TestCategory>
      <Execution id="294a3c04-a34f-4d4c-a7d8-49c2de49fd27" />
      <TestMethod codeBase="C:\Projekty\MSTestProject\bin\Debug\netcoreapp3.1\MSTestProject.dll" adapterTypeName="executor://mstestadapter/v2" className="TwojeWesele.Services.Helpers.Tests.CurrencyHelperTests" name="FormatToStringTest1000" />
    </UnitTest>
    <UnitTest name="FormatToStringTest1000 (1649.0127968480872,1649.01 zł)" storage="c:\projekty\mstestproject\bin\debug\netcoreapp3.1\mstestproject.dll" id="54f4f33f-fe9d-4a8f-81f8-b31cbdb23226">
      <TestCategory>
        <TestCategoryItem TestCategory="Category1000" />
      </TestCategory>
      <Execution id="06fe74dc-3595-4f55-ba8e-f9cc0320b49e" />
      <TestMethod codeBase="C:\Projekty\MSTestProject\bin\Debug\netcoreapp3.1\MSTestProject.dll" adapterTypeName="executor://mstestadapter/v2" className="TwojeWesele.Services.Helpers.Tests.CurrencyHelperTests" name="FormatToStringTest1000" />
    </UnitTest>
    <UnitTest name="FormatToStringTest1000 (19392.945535027862,19392.95 zł)" storage="c:\projekty\mstestproject\bin\debug\netcoreapp3.1\mstestproject.dll" id="0ad22823-1156-4203-94ea-c63323111d0c">
      <TestCategory>
        <TestCategoryItem TestCategory="Category1000" />
      </TestCategory>
      <Execution id="bed7388e-0c35-4794-a11f-5e717d9ac462" />
      <TestMethod codeBase="C:\Projekty\MSTestProject\bin\Debug\netcoreapp3.1\MSTestProject.dll" adapterTypeName="executor://mstestadapter/v2" className="TwojeWesele.Services.Helpers.Tests.CurrencyHelperTests" name="FormatToStringTest1000" />
    </UnitTest>
    <UnitTest name="FormatToStringTest1000 (27506.397047390416,27506.40 zł)" storage="c:\projekty\mstestproject\bin\debug\netcoreapp3.1\mstestproject.dll" id="a473bf7c-9a16-4a79-98aa-f03834b3155d">
      <TestCategory>
        <TestCategoryItem TestCategory="Category1000" />
      </TestCategory>
      <Execution id="f470ec3d-a24c-4e37-9541-61dd754b67b8" />
      <TestMethod codeBase="C:\Projekty\MSTestProject\bin\Debug\netcoreapp3.1\MSTestProject.dll" adapterTypeName="executor://mstestadapter/v2" className="TwojeWesele.Services.Helpers.Tests.CurrencyHelperTests" name="FormatToStringTest1000" />
    </UnitTest>
    <UnitTest name="FormatToStringTest1000 (58191.92113629585,58191.92 zł)" storage="c:\projekty\mstestproject\bin\debug\netcoreapp3.1\mstestproject.dll" id="89313e13-5288-4e6d-a7ad-14704632cad8">
      <TestCategory>
        <TestCategoryItem TestCategory="Category1000" />
      </TestCategory>
      <Execution id="946b6edf-9e99-4829-a4fa-841bd95a70d5" />
      <TestMethod codeBase="C:\Projekty\MSTestProject\bin\Debug\netcoreapp3.1\MSTestProject.dll" adapterTypeName="executor://mstestadapter/v2" className="TwojeWesele.Services.Helpers.Tests.CurrencyHelperTests" name="FormatToStringTest1000" />
    </UnitTest>
    <UnitTest name="FormatToStringTest1000 (26843.15785584932,26843.16 zł)" storage="c:\projekty\mstestproject\bin\debug\netcoreapp3.1\mstestproject.dll" id="817b1b9b-70a0-42ae-bc71-301f4c06f766">
      <TestCategory>
        <TestCategoryItem TestCategory="Category1000" />
      </TestCategory>
      <Execution id="818d030c-fa31-49c8-89f9-4529b1ffc76a" />
      <TestMethod codeBase="C:\Projekty\MSTestProject\bin\Debug\netcoreapp3.1\MSTestProject.dll" adapterTypeName="executor://mstestadapter/v2" className="TwojeWesele.Services.Helpers.Tests.CurrencyHelperTests" name="FormatToStringTest1000" />
    </UnitTest>
    <UnitTest name="FormatToStringTest1000 (26174.290999793586,26174.29 zł)" storage="c:\projekty\mstestproject\bin\debug\netcoreapp3.1\mstestproject.dll" id="ba0cf1d8-efe0-41f1-b84d-e4b82fcc73ec">
      <TestCategory>
        <TestCategoryItem TestCategory="Category1000" />
      </TestCategory>
      <Execution id="53e541b9-df57-4249-925c-e21833210511" />
      <TestMethod codeBase="C:\Projekty\MSTestProject\bin\Debug\netcoreapp3.1\MSTestProject.dll" adapterTypeName="executor://mstestadapter/v2" className="TwojeWesele.Services.Helpers.Tests.CurrencyHelperTests" name="FormatToStringTest1000" />
    </UnitTest>
    <UnitTest name="FormatToStringTest1000 (47256.065730817645,47256.07 zł)" storage="c:\projekty\mstestproject\bin\debug\netcoreapp3.1\mstestproject.dll" id="f4eb632b-ef87-4c54-8d3f-55f44c0e468b">
      <TestCategory>
        <TestCategoryItem TestCategory="Category1000" />
      </TestCategory>
      <Execution id="8b48f291-3964-44f8-aecb-8342a748c843" />
      <TestMethod codeBase="C:\Projekty\MSTestProject\bin\Debug\netcoreapp3.1\MSTestProject.dll" adapterTypeName="executor://mstestadapter/v2" className="TwojeWesele.Services.Helpers.Tests.CurrencyHelperTests" name="FormatToStringTest1000" />
    </UnitTest>
    <UnitTest name="FormatToStringTest1000 (577.6071367564645,577.61 zł)" storage="c:\projekty\mstestproject\bin\debug\netcoreapp3.1\mstestproject.dll" id="816f25c0-227c-4317-b78f-098626b8921c">
      <TestCategory>
        <TestCategoryItem TestCategory="Category1000" />
      </TestCategory>
      <Execution id="1eb83bf1-fa00-43e9-bc4a-eef06aecac5f" />
      <TestMethod codeBase="C:\Projekty\MSTestProject\bin\Debug\netcoreapp3.1\MSTestProject.dll" adapterTypeName="executor://mstestadapter/v2" className="TwojeWesele.Services.Helpers.Tests.CurrencyHelperTests" name="FormatToStringTest1000" />
    </UnitTest>
    <UnitTest name="FormatToStringTest1000 (74514.06270644537,74514.06 zł)" storage="c:\projekty\mstestproject\bin\debug\netcoreapp3.1\mstestproject.dll" id="4e907c4a-9cdc-49ec-bf21-4d4f979195ea">
      <TestCategory>
        <TestCategoryItem TestCategory="Category1000" />
      </TestCategory>
      <Execution id="baf4bf8f-bb93-4ce8-9053-00679d299e8a" />
      <TestMethod codeBase="C:\Projekty\MSTestProject\bin\Debug\netcoreapp3.1\MSTestProject.dll" adapterTypeName="executor://mstestadapter/v2" className="TwojeWesele.Services.Helpers.Tests.CurrencyHelperTests" name="FormatToStringTest1000" />
    </UnitTest>
    <UnitTest name="FormatToStringTest1000 (31622.81414407809,31622.81 zł)" storage="c:\projekty\mstestproject\bin\debug\netcoreapp3.1\mstestproject.dll" id="99f4cd23-d350-4cc8-a690-546ff4ab8014">
      <TestCategory>
        <TestCategoryItem TestCategory="Category1000" />
      </TestCategory>
      <Execution id="4c337581-ab9e-4942-8021-82191d72af27" />
      <TestMethod codeBase="C:\Projekty\MSTestProject\bin\Debug\netcoreapp3.1\MSTestProject.dll" adapterTypeName="executor://mstestadapter/v2" className="TwojeWesele.Services.Helpers.Tests.CurrencyHelperTests" name="FormatToStringTest1000" />
    </UnitTest>
    <UnitTest name="FormatToStringTest1000 (60299.23738666309,60299.24 zł)" storage="c:\projekty\mstestproject\bin\debug\netcoreapp3.1\mstestproject.dll" id="e25ba91b-e756-40eb-b711-9c98fca955e7">
      <TestCategory>
        <TestCategoryItem TestCategory="Category1000" />
      </TestCategory>
      <Execution id="a15d2548-3b2f-4001-bf18-1222ca7816e9" />
      <TestMethod codeBase="C:\Projekty\MSTestProject\bin\Debug\netcoreapp3.1\MSTestProject.dll" adapterTypeName="executor://mstestadapter/v2" className="TwojeWesele.Services.Helpers.Tests.CurrencyHelperTests" name="FormatToStringTest1000" />
    </UnitTest>
    <UnitTest name="FormatToStringTest1000 (1313.0279238368514,1313.03 zł)" storage="c:\projekty\mstestproject\bin\debug\netcoreapp3.1\mstestproject.dll" id="fe174842-2221-4f45-aefa-abdc266e27d1">
      <TestCategory>
        <TestCategoryItem TestCategory="Category1000" />
      </TestCategory>
      <Execution id="4e1c6b7a-0b4c-4ead-8d77-10d7e00ee2ba" />
      <TestMethod codeBase="C:\Projekty\MSTestProject\bin\Debug\netcoreapp3.1\MSTestProject.dll" adapterTypeName="executor://mstestadapter/v2" className="TwojeWesele.Services.Helpers.Tests.CurrencyHelperTests" name="FormatToStringTest1000" />
    </UnitTest>
    <UnitTest name="FormatToStringTest1000 (6276.389386365838,6276.39 zł)" storage="c:\projekty\mstestproject\bin\debug\netcoreapp3.1\mstestproject.dll" id="f91ef6da-b8c0-46fd-8e8a-3ea3f71db6c0">
      <TestCategory>
        <TestCategoryItem TestCategory="Category1000" />
      </TestCategory>
      <Execution id="584344cf-55f7-46ae-917f-518f19ccf2e7" />
      <TestMethod codeBase="C:\Projekty\MSTestProject\bin\Debug\netcoreapp3.1\MSTestProject.dll" adapterTypeName="executor://mstestadapter/v2" className="TwojeWesele.Services.Helpers.Tests.CurrencyHelperTests" name="FormatToStringTest1000" />
    </UnitTest>
    <UnitTest name="FormatToStringTest1000 (8013.1229931903645,8013.12 zł)" storage="c:\projekty\mstestproject\bin\debug\netcoreapp3.1\mstestproject.dll" id="0075ef22-aba4-476a-b0ee-b2730bc2a4e1">
      <TestCategory>
        <TestCategoryItem TestCategory="Category1000" />
      </TestCategory>
      <Execution id="91f3c337-1347-484c-896d-ca836bf986b3" />
      <TestMethod codeBase="C:\Projekty\MSTestProject\bin\Debug\netcoreapp3.1\MSTestProject.dll" adapterTypeName="executor://mstestadapter/v2" className="TwojeWesele.Services.Helpers.Tests.CurrencyHelperTests" name="FormatToStringTest1000" />
    </UnitTest>
    <UnitTest name="FormatToStringTest1000 (50009.23881716898,50009.24 zł)" storage="c:\projekty\mstestproject\bin\debug\netcoreapp3.1\mstestproject.dll" id="6c3a9f07-91fa-4d23-a927-a806eac84b57">
      <TestCategory>
        <TestCategoryItem TestCategory="Category1000" />
      </TestCategory>
      <Execution id="776fb419-9cf6-455d-8cd0-bbc120489114" />
      <TestMethod codeBase="C:\Projekty\MSTestProject\bin\Debug\netcoreapp3.1\MSTestProject.dll" adapterTypeName="executor://mstestadapter/v2" className="TwojeWesele.Services.Helpers.Tests.CurrencyHelperTests" name="FormatToStringTest1000" />
    </UnitTest>
    <UnitTest name="FormatToStringTest1000 (25440.18371476614,25440.18 zł)" storage="c:\projekty\mstestproject\bin\debug\netcoreapp3.1\mstestproject.dll" id="be03a2c1-7fc9-49d4-8000-fa3136cb9bd2">
      <TestCategory>
        <TestCategoryItem TestCategory="Category1000" />
      </TestCategory>
      <Execution id="68f8b54e-e913-489b-8e1e-222e11d4b6cc" />
      <TestMethod codeBase="C:\Projekty\MSTestProject\bin\Debug\netcoreapp3.1\MSTestProject.dll" adapterTypeName="executor://mstestadapter/v2" className="TwojeWesele.Services.Helpers.Tests.CurrencyHelperTests" name="FormatToStringTest1000" />
    </UnitTest>
    <UnitTest name="FormatToStringTest1000 (25288.32036814574,25288.32 zł)" storage="c:\projekty\mstestproject\bin\debug\netcoreapp3.1\mstestproject.dll" id="6d1d9961-b6e2-4b3c-abc0-b968234f4293">
      <TestCategory>
        <TestCategoryItem TestCategory="Category1000" />
      </TestCategory>
      <Execution id="08880d44-5b24-426d-9569-d28c38503b74" />
      <TestMethod codeBase="C:\Projekty\MSTestProject\bin\Debug\netcoreapp3.1\MSTestProject.dll" adapterTypeName="executor://mstestadapter/v2" className="TwojeWesele.Services.Helpers.Tests.CurrencyHelperTests" name="FormatToStringTest1000" />
    </UnitTest>
    <UnitTest name="FormatToStringTest1000 (40556.73452524362,40556.73 zł)" storage="c:\projekty\mstestproject\bin\debug\netcoreapp3.1\mstestproject.dll" id="b1668d42-ff6b-44dc-80fc-db5cdc98741d">
      <TestCategory>
        <TestCategoryItem TestCategory="Category1000" />
      </TestCategory>
      <Execution id="741f8d4b-766b-4027-bd9b-ffd7cd180bb6" />
      <TestMethod codeBase="C:\Projekty\MSTestProject\bin\Debug\netcoreapp3.1\MSTestProject.dll" adapterTypeName="executor://mstestadapter/v2" className="TwojeWesele.Services.Helpers.Tests.CurrencyHelperTests" name="FormatToStringTest1000" />
    </UnitTest>
    <UnitTest name="FormatToStringTest1000 (28987.862854782896,28987.86 zł)" storage="c:\projekty\mstestproject\bin\debug\netcoreapp3.1\mstestproject.dll" id="6df82875-c258-422c-a4d8-9884ae16c073">
      <TestCategory>
        <TestCategoryItem TestCategory="Category1000" />
      </TestCategory>
      <Execution id="bbeaa192-c062-4044-8812-683d501585ad" />
      <TestMethod codeBase="C:\Projekty\MSTestProject\bin\Debug\netcoreapp3.1\MSTestProject.dll" adapterTypeName="executor://mstestadapter/v2" className="TwojeWesele.Services.Helpers.Tests.CurrencyHelperTests" name="FormatToStringTest1000" />
    </UnitTest>
    <UnitTest name="FormatToStringTest1000 (1325.1625259114255,1325.16 zł)" storage="c:\projekty\mstestproject\bin\debug\netcoreapp3.1\mstestproject.dll" id="31fe6879-c0ff-4e5c-947a-b265de2e3c6d">
      <TestCategory>
        <TestCategoryItem TestCategory="Category1000" />
      </TestCategory>
      <Execution id="c917f711-fb87-4be3-b2b5-da6d23b4ff48" />
      <TestMethod codeBase="C:\Projekty\MSTestProject\bin\Debug\netcoreapp3.1\MSTestProject.dll" adapterTypeName="executor://mstestadapter/v2" className="TwojeWesele.Services.Helpers.Tests.CurrencyHelperTests" name="FormatToStringTest1000" />
    </UnitTest>
    <UnitTest name="FormatToStringTest1000 (36320.770035296104,36320.77 zł)" storage="c:\projekty\mstestproject\bin\debug\netcoreapp3.1\mstestproject.dll" id="80c9a399-187a-481e-878b-1b9456a0ee46">
      <TestCategory>
        <TestCategoryItem TestCategory="Category1000" />
      </TestCategory>
      <Execution id="f4898c13-abd5-45b8-a0bc-9e3018cd33f5" />
      <TestMethod codeBase="C:\Projekty\MSTestProject\bin\Debug\netcoreapp3.1\MSTestProject.dll" adapterTypeName="executor://mstestadapter/v2" className="TwojeWesele.Services.Helpers.Tests.CurrencyHelperTests" name="FormatToStringTest1000" />
    </UnitTest>
    <UnitTest name="FormatToStringTest1000 (64568.131500027666,64568.13 zł)" storage="c:\projekty\mstestproject\bin\debug\netcoreapp3.1\mstestproject.dll" id="6afd5938-dbd5-478a-b551-04fbb3833901">
      <TestCategory>
        <TestCategoryItem TestCategory="Category1000" />
      </TestCategory>
      <Execution id="c5518daf-b996-46d9-a5ed-3875a08840db" />
      <TestMethod codeBase="C:\Projekty\MSTestProject\bin\Debug\netcoreapp3.1\MSTestProject.dll" adapterTypeName="executor://mstestadapter/v2" className="TwojeWesele.Services.Helpers.Tests.CurrencyHelperTests" name="FormatToStringTest1000" />
    </UnitTest>
    <UnitTest name="FormatToStringTest1000 (37589.670531794276,37589.67 zł)" storage="c:\projekty\mstestproject\bin\debug\netcoreapp3.1\mstestproject.dll" id="c24374bf-8242-46e0-8d57-d4ba4c1238f0">
      <TestCategory>
        <TestCategoryItem TestCategory="Category1000" />
      </TestCategory>
      <Execution id="a31c33ab-ef76-4891-80f2-08ce8f622a7e" />
      <TestMethod codeBase="C:\Projekty\MSTestProject\bin\Debug\netcoreapp3.1\MSTestProject.dll" adapterTypeName="executor://mstestadapter/v2" className="TwojeWesele.Services.Helpers.Tests.CurrencyHelperTests" name="FormatToStringTest1000" />
    </UnitTest>
    <UnitTest name="FormatToStringTest1000 (14712.754747761765,14712.75 zł)" storage="c:\projekty\mstestproject\bin\debug\netcoreapp3.1\mstestproject.dll" id="e064adea-f359-4ed0-b5d2-9e280af4217e">
      <TestCategory>
        <TestCategoryItem TestCategory="Category1000" />
      </TestCategory>
      <Execution id="6034f5c3-2004-4638-8069-ef24390dcbd0" />
      <TestMethod codeBase="C:\Projekty\MSTestProject\bin\Debug\netcoreapp3.1\MSTestProject.dll" adapterTypeName="executor://mstestadapter/v2" className="TwojeWesele.Services.Helpers.Tests.CurrencyHelperTests" name="FormatToStringTest1000" />
    </UnitTest>
    <UnitTest name="FormatToStringTest1000 (1614.2516601789982,1614.25 zł)" storage="c:\projekty\mstestproject\bin\debug\netcoreapp3.1\mstestproject.dll" id="6be871d8-0e71-490b-b6ac-3a0cdecd716c">
      <TestCategory>
        <TestCategoryItem TestCategory="Category1000" />
      </TestCategory>
      <Execution id="dfe453f8-eff1-4ebc-9479-243d2a1804be" />
      <TestMethod codeBase="C:\Projekty\MSTestProject\bin\Debug\netcoreapp3.1\MSTestProject.dll" adapterTypeName="executor://mstestadapter/v2" className="TwojeWesele.Services.Helpers.Tests.CurrencyHelperTests" name="FormatToStringTest1000" />
    </UnitTest>
    <UnitTest name="FormatToStringTest1000 (16416.109736457518,16416.11 zł)" storage="c:\projekty\mstestproject\bin\debug\netcoreapp3.1\mstestproject.dll" id="d90ca741-db87-48db-a9a8-008475bf01ae">
      <TestCategory>
        <TestCategoryItem TestCategory="Category1000" />
      </TestCategory>
      <Execution id="10a9a6c4-9c49-4f8f-9c74-f7a46b45ddfb" />
      <TestMethod codeBase="C:\Projekty\MSTestProject\bin\Debug\netcoreapp3.1\MSTestProject.dll" adapterTypeName="executor://mstestadapter/v2" className="TwojeWesele.Services.Helpers.Tests.CurrencyHelperTests" name="FormatToStringTest1000" />
    </UnitTest>
    <UnitTest name="FormatToStringTest1000 (8885.065440211942,8885.07 zł)" storage="c:\projekty\mstestproject\bin\debug\netcoreapp3.1\mstestproject.dll" id="e2a6e571-2c33-4946-a90f-b59f2e1736f5">
      <TestCategory>
        <TestCategoryItem TestCategory="Category1000" />
      </TestCategory>
      <Execution id="d4121a37-cd3d-4982-9a80-32700e68c615" />
      <TestMethod codeBase="C:\Projekty\MSTestProject\bin\Debug\netcoreapp3.1\MSTestProject.dll" adapterTypeName="executor://mstestadapter/v2" className="TwojeWesele.Services.Helpers.Tests.CurrencyHelperTests" name="FormatToStringTest1000" />
    </UnitTest>
    <UnitTest name="FormatToStringTest1000 (14867.726341984107,14867.73 zł)" storage="c:\projekty\mstestproject\bin\debug\netcoreapp3.1\mstestproject.dll" id="e31ab822-f55e-4040-8a5e-24b05ace7fe4">
      <TestCategory>
        <TestCategoryItem TestCategory="Category1000" />
      </TestCategory>
      <Execution id="a4c0f7d0-ad4a-4059-a1fc-a422e3e3fccd" />
      <TestMethod codeBase="C:\Projekty\MSTestProject\bin\Debug\netcoreapp3.1\MSTestProject.dll" adapterTypeName="executor://mstestadapter/v2" className="TwojeWesele.Services.Helpers.Tests.CurrencyHelperTests" name="FormatToStringTest1000" />
    </UnitTest>
    <UnitTest name="FormatToStringTest1000 (27027.327683509946,27027.33 zł)" storage="c:\projekty\mstestproject\bin\debug\netcoreapp3.1\mstestproject.dll" id="82038f88-82e6-48c5-a64c-69e37c05e47a">
      <TestCategory>
        <TestCategoryItem TestCategory="Category1000" />
      </TestCategory>
      <Execution id="a876255f-350b-4abc-a905-a376dc8dfe7f" />
      <TestMethod codeBase="C:\Projekty\MSTestProject\bin\Debug\netcoreapp3.1\MSTestProject.dll" adapterTypeName="executor://mstestadapter/v2" className="TwojeWesele.Services.Helpers.Tests.CurrencyHelperTests" name="FormatToStringTest1000" />
    </UnitTest>
    <UnitTest name="FormatToStringTest1000 (93775.33090185716,93775.33 zł)" storage="c:\projekty\mstestproject\bin\debug\netcoreapp3.1\mstestproject.dll" id="38dc3230-ee03-44b6-a583-b2e5a1fcb04c">
      <TestCategory>
        <TestCategoryItem TestCategory="Category1000" />
      </TestCategory>
      <Execution id="a8fe9b9d-2d5b-4292-9890-6d7dae8cb1e3" />
      <TestMethod codeBase="C:\Projekty\MSTestProject\bin\Debug\netcoreapp3.1\MSTestProject.dll" adapterTypeName="executor://mstestadapter/v2" className="TwojeWesele.Services.Helpers.Tests.CurrencyHelperTests" name="FormatToStringTest1000" />
    </UnitTest>
    <UnitTest name="FormatToStringTest1000 (35714.78133482243,35714.78 zł)" storage="c:\projekty\mstestproject\bin\debug\netcoreapp3.1\mstestproject.dll" id="17c05fef-5e37-41e1-9814-18db32aa599a">
      <TestCategory>
        <TestCategoryItem TestCategory="Category1000" />
      </TestCategory>
      <Execution id="6b5413f0-26b5-45dc-bfea-80a105bac2df" />
      <TestMethod codeBase="C:\Projekty\MSTestProject\bin\Debug\netcoreapp3.1\MSTestProject.dll" adapterTypeName="executor://mstestadapter/v2" className="TwojeWesele.Services.Helpers.Tests.CurrencyHelperTests" name="FormatToStringTest1000" />
    </UnitTest>
    <UnitTest name="FormatToStringTest1000 (36047.83545033672,36047.84 zł)" storage="c:\projekty\mstestproject\bin\debug\netcoreapp3.1\mstestproject.dll" id="605c28af-c075-4a31-b810-60f4ccd7d9f1">
      <TestCategory>
        <TestCategoryItem TestCategory="Category1000" />
      </TestCategory>
      <Execution id="1a8e0d27-e580-4d1d-af59-dd6e3401c7a6" />
      <TestMethod codeBase="C:\Projekty\MSTestProject\bin\Debug\netcoreapp3.1\MSTestProject.dll" adapterTypeName="executor://mstestadapter/v2" className="TwojeWesele.Services.Helpers.Tests.CurrencyHelperTests" name="FormatToStringTest1000" />
    </UnitTest>
    <UnitTest name="FormatToStringTest1000 (17090.629587323234,17090.63 zł)" storage="c:\projekty\mstestproject\bin\debug\netcoreapp3.1\mstestproject.dll" id="cbf2c46e-df28-4bfd-8b3d-5f2ca514c0ff">
      <TestCategory>
        <TestCategoryItem TestCategory="Category1000" />
      </TestCategory>
      <Execution id="749a19b9-6092-4e74-94df-373b5597264a" />
      <TestMethod codeBase="C:\Projekty\MSTestProject\bin\Debug\netcoreapp3.1\MSTestProject.dll" adapterTypeName="executor://mstestadapter/v2" className="TwojeWesele.Services.Helpers.Tests.CurrencyHelperTests" name="FormatToStringTest1000" />
    </UnitTest>
    <UnitTest name="FormatToStringTest1000 (2339.5873176472205,2339.59 zł)" storage="c:\projekty\mstestproject\bin\debug\netcoreapp3.1\mstestproject.dll" id="34104a21-4861-4108-b922-8e92a49fb603">
      <TestCategory>
        <TestCategoryItem TestCategory="Category1000" />
      </TestCategory>
      <Execution id="428569bb-0343-487f-81ef-ffcf0c12543f" />
      <TestMethod codeBase="C:\Projekty\MSTestProject\bin\Debug\netcoreapp3.1\MSTestProject.dll" adapterTypeName="executor://mstestadapter/v2" className="TwojeWesele.Services.Helpers.Tests.CurrencyHelperTests" name="FormatToStringTest1000" />
    </UnitTest>
    <UnitTest name="FormatToStringTest1000 (32213.734885384205,32213.73 zł)" storage="c:\projekty\mstestproject\bin\debug\netcoreapp3.1\mstestproject.dll" id="a157efee-a007-4e65-aac0-b83e3456c0e6">
      <TestCategory>
        <TestCategoryItem TestCategory="Category1000" />
      </TestCategory>
      <Execution id="ab5c93c8-636c-4bbb-82f0-5b51918a9e95" />
      <TestMethod codeBase="C:\Projekty\MSTestProject\bin\Debug\netcoreapp3.1\MSTestProject.dll" adapterTypeName="executor://mstestadapter/v2" className="TwojeWesele.Services.Helpers.Tests.CurrencyHelperTests" name="FormatToStringTest1000" />
    </UnitTest>
    <UnitTest name="FormatToStringTest1000 (47964.941885361884,47964.94 zł)" storage="c:\projekty\mstestproject\bin\debug\netcoreapp3.1\mstestproject.dll" id="367992c7-7b7c-449a-ae1f-dac6098102fc">
      <TestCategory>
        <TestCategoryItem TestCategory="Category1000" />
      </TestCategory>
      <Execution id="4ab73425-06ca-4d81-9e53-e9e7989b193f" />
      <TestMethod codeBase="C:\Projekty\MSTestProject\bin\Debug\netcoreapp3.1\MSTestProject.dll" adapterTypeName="executor://mstestadapter/v2" className="TwojeWesele.Services.Helpers.Tests.CurrencyHelperTests" name="FormatToStringTest1000" />
    </UnitTest>
    <UnitTest name="FormatToStringTest1000 (12091.219941106729,12091.22 zł)" storage="c:\projekty\mstestproject\bin\debug\netcoreapp3.1\mstestproject.dll" id="52aeab4c-9dae-489c-8d8c-de1da5a190f1">
      <TestCategory>
        <TestCategoryItem TestCategory="Category1000" />
      </TestCategory>
      <Execution id="a21cc408-a86a-42ff-ab35-26032950f1a6" />
      <TestMethod codeBase="C:\Projekty\MSTestProject\bin\Debug\netcoreapp3.1\MSTestProject.dll" adapterTypeName="executor://mstestadapter/v2" className="TwojeWesele.Services.Helpers.Tests.CurrencyHelperTests" name="FormatToStringTest1000" />
    </UnitTest>
    <UnitTest name="FormatToStringTest1000 (7891.960478953067,7891.96 zł)" storage="c:\projekty\mstestproject\bin\debug\netcoreapp3.1\mstestproject.dll" id="debcccef-4701-41c6-938f-7f78758813e9">
      <TestCategory>
        <TestCategoryItem TestCategory="Category1000" />
      </TestCategory>
      <Execution id="414a5b39-56c8-4d0d-816f-3c86dc39565c" />
      <TestMethod codeBase="C:\Projekty\MSTestProject\bin\Debug\netcoreapp3.1\MSTestProject.dll" adapterTypeName="executor://mstestadapter/v2" className="TwojeWesele.Services.Helpers.Tests.CurrencyHelperTests" name="FormatToStringTest1000" />
    </UnitTest>
    <UnitTest name="FormatToStringTest1000 (31805.23430354532,31805.23 zł)" storage="c:\projekty\mstestproject\bin\debug\netcoreapp3.1\mstestproject.dll" id="2cd01dd5-3321-4e9a-8f34-466472986677">
      <TestCategory>
        <TestCategoryItem TestCategory="Category1000" />
      </TestCategory>
      <Execution id="81170763-de8f-4920-b3c1-9cedd50885fa" />
      <TestMethod codeBase="C:\Projekty\MSTestProject\bin\Debug\netcoreapp3.1\MSTestProject.dll" adapterTypeName="executor://mstestadapter/v2" className="TwojeWesele.Services.Helpers.Tests.CurrencyHelperTests" name="FormatToStringTest1000" />
    </UnitTest>
    <UnitTest name="FormatToStringTest1000 (6035.818653228608,6035.82 zł)" storage="c:\projekty\mstestproject\bin\debug\netcoreapp3.1\mstestproject.dll" id="2bac1bae-350c-4194-88a6-65e1e584d233">
      <TestCategory>
        <TestCategoryItem TestCategory="Category1000" />
      </TestCategory>
      <Execution id="cfe8a5f2-3e57-4b1f-acd0-6b38fc928f35" />
      <TestMethod codeBase="C:\Projekty\MSTestProject\bin\Debug\netcoreapp3.1\MSTestProject.dll" adapterTypeName="executor://mstestadapter/v2" className="TwojeWesele.Services.Helpers.Tests.CurrencyHelperTests" name="FormatToStringTest1000" />
    </UnitTest>
    <UnitTest name="FormatToStringTest1000 (11944.74385168531,11944.74 zł)" storage="c:\projekty\mstestproject\bin\debug\netcoreapp3.1\mstestproject.dll" id="5b1d7a85-e9c0-4d85-b8c9-fbf216f8fc6a">
      <TestCategory>
        <TestCategoryItem TestCategory="Category1000" />
      </TestCategory>
      <Execution id="efd7b7dc-d513-4978-aeb7-2d87e8e9f63b" />
      <TestMethod codeBase="C:\Projekty\MSTestProject\bin\Debug\netcoreapp3.1\MSTestProject.dll" adapterTypeName="executor://mstestadapter/v2" className="TwojeWesele.Services.Helpers.Tests.CurrencyHelperTests" name="FormatToStringTest1000" />
    </UnitTest>
    <UnitTest name="FormatToStringTest1000 (22604.838218828587,22604.84 zł)" storage="c:\projekty\mstestproject\bin\debug\netcoreapp3.1\mstestproject.dll" id="685451ab-5edc-47d5-96a8-9928a0548bf1">
      <TestCategory>
        <TestCategoryItem TestCategory="Category1000" />
      </TestCategory>
      <Execution id="7f3088a3-8a81-4603-9ae5-ee43c668b794" />
      <TestMethod codeBase="C:\Projekty\MSTestProject\bin\Debug\netcoreapp3.1\MSTestProject.dll" adapterTypeName="executor://mstestadapter/v2" className="TwojeWesele.Services.Helpers.Tests.CurrencyHelperTests" name="FormatToStringTest1000" />
    </UnitTest>
    <UnitTest name="FormatToStringTest1000 (1549.6599114973376,1549.66 zł)" storage="c:\projekty\mstestproject\bin\debug\netcoreapp3.1\mstestproject.dll" id="c09c494a-adf6-48d9-84d4-f62182d60fe2">
      <TestCategory>
        <TestCategoryItem TestCategory="Category1000" />
      </TestCategory>
      <Execution id="260cd6f9-7c2f-4a77-94f4-f4c2108c0e86" />
      <TestMethod codeBase="C:\Projekty\MSTestProject\bin\Debug\netcoreapp3.1\MSTestProject.dll" adapterTypeName="executor://mstestadapter/v2" className="TwojeWesele.Services.Helpers.Tests.CurrencyHelperTests" name="FormatToStringTest1000" />
    </UnitTest>
    <UnitTest name="FormatToStringTest1000 (30199.386730006612,30199.39 zł)" storage="c:\projekty\mstestproject\bin\debug\netcoreapp3.1\mstestproject.dll" id="ef3e8233-80e6-401b-b89d-b4b572e05dc5">
      <TestCategory>
        <TestCategoryItem TestCategory="Category1000" />
      </TestCategory>
      <Execution id="080b686c-9441-40c0-ad9c-a5716e49f6c2" />
      <TestMethod codeBase="C:\Projekty\MSTestProject\bin\Debug\netcoreapp3.1\MSTestProject.dll" adapterTypeName="executor://mstestadapter/v2" className="TwojeWesele.Services.Helpers.Tests.CurrencyHelperTests" name="FormatToStringTest1000" />
    </UnitTest>
    <UnitTest name="FormatToStringTest1000 (67109.22110940759,67109.22 zł)" storage="c:\projekty\mstestproject\bin\debug\netcoreapp3.1\mstestproject.dll" id="a8dc7d15-ccce-470a-87a1-5bd24ad4dabd">
      <TestCategory>
        <TestCategoryItem TestCategory="Category1000" />
      </TestCategory>
      <Execution id="1e714221-727c-4ab4-a75b-b75bd83918dc" />
      <TestMethod codeBase="C:\Projekty\MSTestProject\bin\Debug\netcoreapp3.1\MSTestProject.dll" adapterTypeName="executor://mstestadapter/v2" className="TwojeWesele.Services.Helpers.Tests.CurrencyHelperTests" name="FormatToStringTest1000" />
    </UnitTest>
    <UnitTest name="FormatToStringTest1000 (8514.837538072763,8514.84 zł)" storage="c:\projekty\mstestproject\bin\debug\netcoreapp3.1\mstestproject.dll" id="f34f1018-6f0a-45a2-b66c-65da8af07fab">
      <TestCategory>
        <TestCategoryItem TestCategory="Category1000" />
      </TestCategory>
      <Execution id="a77c1d28-ac70-474c-bf81-91247537b514" />
      <TestMethod codeBase="C:\Projekty\MSTestProject\bin\Debug\netcoreapp3.1\MSTestProject.dll" adapterTypeName="executor://mstestadapter/v2" className="TwojeWesele.Services.Helpers.Tests.CurrencyHelperTests" name="FormatToStringTest1000" />
    </UnitTest>
    <UnitTest name="FormatToStringTest1000 (1860.3356292016504,1860.34 zł)" storage="c:\projekty\mstestproject\bin\debug\netcoreapp3.1\mstestproject.dll" id="9f4ed18b-87da-49af-a07d-4e0667f7bc4a">
      <TestCategory>
        <TestCategoryItem TestCategory="Category1000" />
      </TestCategory>
      <Execution id="8ec78847-91d8-44e8-94ac-236425da35da" />
      <TestMethod codeBase="C:\Projekty\MSTestProject\bin\Debug\netcoreapp3.1\MSTestProject.dll" adapterTypeName="executor://mstestadapter/v2" className="TwojeWesele.Services.Helpers.Tests.CurrencyHelperTests" name="FormatToStringTest1000" />
    </UnitTest>
    <UnitTest name="FormatToStringTest1000 (626.135364110179,626.14 zł)" storage="c:\projekty\mstestproject\bin\debug\netcoreapp3.1\mstestproject.dll" id="98c22f72-fb70-4879-a436-e854afe83875">
      <TestCategory>
        <TestCategoryItem TestCategory="Category1000" />
      </TestCategory>
      <Execution id="1abd59fc-4b4d-4db7-85c2-9913675decc0" />
      <TestMethod codeBase="C:\Projekty\MSTestProject\bin\Debug\netcoreapp3.1\MSTestProject.dll" adapterTypeName="executor://mstestadapter/v2" className="TwojeWesele.Services.Helpers.Tests.CurrencyHelperTests" name="FormatToStringTest1000" />
    </UnitTest>
    <UnitTest name="FormatToStringTest1000 (24251.68593564848,24251.69 zł)" storage="c:\projekty\mstestproject\bin\debug\netcoreapp3.1\mstestproject.dll" id="f6bfa9b7-d866-4c94-9548-2a91048d5506">
      <TestCategory>
        <TestCategoryItem TestCategory="Category1000" />
      </TestCategory>
      <Execution id="07bbddb9-1f97-4f44-ab35-f16a39eba94f" />
      <TestMethod codeBase="C:\Projekty\MSTestProject\bin\Debug\netcoreapp3.1\MSTestProject.dll" adapterTypeName="executor://mstestadapter/v2" className="TwojeWesele.Services.Helpers.Tests.CurrencyHelperTests" name="FormatToStringTest1000" />
    </UnitTest>
    <UnitTest name="FormatToStringTest1000 (6057.842750804426,6057.84 zł)" storage="c:\projekty\mstestproject\bin\debug\netcoreapp3.1\mstestproject.dll" id="110955e5-b10e-4fb4-9b7a-a4fb949b68c7">
      <TestCategory>
        <TestCategoryItem TestCategory="Category1000" />
      </TestCategory>
      <Execution id="43f3f891-85e1-4b75-beba-db18ca73aaa3" />
      <TestMethod codeBase="C:\Projekty\MSTestProject\bin\Debug\netcoreapp3.1\MSTestProject.dll" adapterTypeName="executor://mstestadapter/v2" className="TwojeWesele.Services.Helpers.Tests.CurrencyHelperTests" name="FormatToStringTest1000" />
    </UnitTest>
    <UnitTest name="FormatToStringTest1000 (16688.70569393677,16688.71 zł)" storage="c:\projekty\mstestproject\bin\debug\netcoreapp3.1\mstestproject.dll" id="bac9f14d-9f00-4ce2-8550-3e8a264712ad">
      <TestCategory>
        <TestCategoryItem TestCategory="Category1000" />
      </TestCategory>
      <Execution id="d07855f4-35d4-4d89-bad7-9c1d1bd64de1" />
      <TestMethod codeBase="C:\Projekty\MSTestProject\bin\Debug\netcoreapp3.1\MSTestProject.dll" adapterTypeName="executor://mstestadapter/v2" className="TwojeWesele.Services.Helpers.Tests.CurrencyHelperTests" name="FormatToStringTest1000" />
    </UnitTest>
    <UnitTest name="FormatToStringTest1000 (9750.134289915735,9750.13 zł)" storage="c:\projekty\mstestproject\bin\debug\netcoreapp3.1\mstestproject.dll" id="07caf1c2-f947-41b4-a339-12a13b5a7fb5">
      <TestCategory>
        <TestCategoryItem TestCategory="Category1000" />
      </TestCategory>
      <Execution id="5195fe01-caa4-4cf1-9cbc-6d4bccd9c4bc" />
      <TestMethod codeBase="C:\Projekty\MSTestProject\bin\Debug\netcoreapp3.1\MSTestProject.dll" adapterTypeName="executor://mstestadapter/v2" className="TwojeWesele.Services.Helpers.Tests.CurrencyHelperTests" name="FormatToStringTest1000" />
    </UnitTest>
  </TestDefinitions>
  <TestEntries>
    <TestEntry testId="eb018d9f-79e0-4f3c-ae29-86f6c4e44f7b" executionId="d861f373-a02b-420d-b441-0c775653dd62" testListId="8c84fa94-04c1-424b-9868-57a2d4851a1d" />
    <TestEntry testId="415901d4-23bb-4466-b8a5-eee5145f90ca" executionId="1f987026-ce0b-49b7-a5b7-480308e55dfe" testListId="8c84fa94-04c1-424b-9868-57a2d4851a1d" />
    <TestEntry testId="cf6b73f5-f5e2-4439-9560-62982adca22c" executionId="dbc40bc9-5ce9-4925-b8d4-72987f264738" testListId="8c84fa94-04c1-424b-9868-57a2d4851a1d" />
    <TestEntry testId="f32c7ec0-1c31-45b8-b6b6-484df60d84f2" executionId="22445996-d8ef-47d6-98a1-32b444b8e0d0" testListId="8c84fa94-04c1-424b-9868-57a2d4851a1d" />
    <TestEntry testId="38bc746d-5a00-4bbe-bad2-d13ca387b3f0" executionId="1cb681a7-7406-47fe-8380-6ec84824bec2" testListId="8c84fa94-04c1-424b-9868-57a2d4851a1d" />
    <TestEntry testId="87521212-bd08-4aab-8730-7f56f0215767" executionId="95ff69e0-a6a3-4a59-989c-a1f39fba720d" testListId="8c84fa94-04c1-424b-9868-57a2d4851a1d" />
    <TestEntry testId="cdf33395-e79d-48ce-b2c2-b5181f5e9d7d" executionId="40db2fa9-339c-4ff0-867a-226b63bcefff" testListId="8c84fa94-04c1-424b-9868-57a2d4851a1d" />
    <TestEntry testId="21a9970f-60d6-4e66-96c3-6846d68be859" executionId="9c6bed60-64a1-4d1c-9f7c-f742aba10edb" testListId="8c84fa94-04c1-424b-9868-57a2d4851a1d" />
    <TestEntry testId="d31effd5-5242-4bee-b76c-e7a06fa35fcd" executionId="0a352a82-b2da-4b0f-ad3a-32ce212de854" testListId="8c84fa94-04c1-424b-9868-57a2d4851a1d" />
    <TestEntry testId="4eeb05ef-8f08-41a6-9e29-50aadbc76c41" executionId="1d043413-4146-403c-b3d6-e4f8bb5a9742" testListId="8c84fa94-04c1-424b-9868-57a2d4851a1d" />
    <TestEntry testId="39cc4b76-de3c-463d-b313-23c2ae61921e" executionId="19dfd727-7beb-4e18-a064-8842caa02ac4" testListId="8c84fa94-04c1-424b-9868-57a2d4851a1d" />
    <TestEntry testId="6ed8e3d4-775b-4848-90e4-4e173faa8f77" executionId="e068b6e3-4541-4a05-96f5-70a201d94e71" testListId="8c84fa94-04c1-424b-9868-57a2d4851a1d" />
    <TestEntry testId="df703b8f-cb9a-465b-9a12-c1821a0bd841" executionId="dafada4a-be92-4256-93a1-7264d191c525" testListId="8c84fa94-04c1-424b-9868-57a2d4851a1d" />
    <TestEntry testId="a88a9687-5c91-414c-93ed-86826736d504" executionId="346cb0e6-b905-4ac5-8af4-29d7b05c8519" testListId="8c84fa94-04c1-424b-9868-57a2d4851a1d" />
    <TestEntry testId="6e0e88c4-b187-41ce-94b5-e9e5c61e1c49" executionId="1809c861-eed7-4b79-ac8c-21c3800575ab" testListId="8c84fa94-04c1-424b-9868-57a2d4851a1d" />
    <TestEntry testId="7098d8ee-3d61-488a-b526-cdedcee7a947" executionId="a99326e0-49c3-479c-b398-bec2dc0c1971" testListId="8c84fa94-04c1-424b-9868-57a2d4851a1d" />
    <TestEntry testId="8a2fabdb-2e93-4588-8e97-7faa51ec3c6c" executionId="c48ea46a-e789-4569-8c95-e6267e49739e" testListId="8c84fa94-04c1-424b-9868-57a2d4851a1d" />
    <TestEntry testId="9690ae13-7530-447d-b740-230c55ac1534" executionId="0757b08e-b176-4274-9839-2debfa6f45b1" testListId="8c84fa94-04c1-424b-9868-57a2d4851a1d" />
    <TestEntry testId="5c7f943a-beb0-4804-b6eb-623480610a4e" executionId="291a2518-9b1f-4ef0-b475-1e3487a689c4" testListId="8c84fa94-04c1-424b-9868-57a2d4851a1d" />
    <TestEntry testId="db2406d8-5e9f-49f3-8c50-1119953cc057" executionId="3a639d53-94fd-4aeb-8b7a-5bc667a83006" testListId="8c84fa94-04c1-424b-9868-57a2d4851a1d" />
    <TestEntry testId="bf221942-b110-42c4-b34a-3116d4fb447b" executionId="e6295d55-1cf1-4cf6-a545-fba54054d66c" testListId="8c84fa94-04c1-424b-9868-57a2d4851a1d" />
    <TestEntry testId="393895cc-2ebf-41a7-bc07-8145f3099d66" executionId="c2867eba-c96e-4052-8423-3d7b8f7f8699" testListId="8c84fa94-04c1-424b-9868-57a2d4851a1d" />
    <TestEntry testId="7ed3ff00-b93b-4ef8-bd8b-c64737935ca1" executionId="0c7e32ca-5fa6-4307-b707-4fa50eab01c9" testListId="8c84fa94-04c1-424b-9868-57a2d4851a1d" />
    <TestEntry testId="40aa7c35-a085-42b9-be82-72c167553d69" executionId="4fcb78a6-ae83-4518-a0b0-ece382414870" testListId="8c84fa94-04c1-424b-9868-57a2d4851a1d" />
    <TestEntry testId="ac06dbb8-1917-457a-ba93-a7214a041e9d" executionId="5010d8e4-eb98-4423-93c4-a47ef134dbaa" testListId="8c84fa94-04c1-424b-9868-57a2d4851a1d" />
    <TestEntry testId="4a869e1a-049b-4ca6-8d71-7d1dcfcffc11" executionId="5f587047-afda-45ec-b97e-41c4c1add640" testListId="8c84fa94-04c1-424b-9868-57a2d4851a1d" />
    <TestEntry testId="6638afea-0cd6-42b5-b63d-aaf8f980c264" executionId="d2421f2e-dbda-4fb9-a77d-33dae6b8b51d" testListId="8c84fa94-04c1-424b-9868-57a2d4851a1d" />
    <TestEntry testId="0968ba27-55a4-462f-a607-8f90840f109a" executionId="6b510817-2e74-40f4-87bc-a9132022d77e" testListId="8c84fa94-04c1-424b-9868-57a2d4851a1d" />
    <TestEntry testId="49034c7a-fc20-4c38-a9f0-d8a3eb543bfa" executionId="6e696e05-d25c-43be-8d03-7151ea88c179" testListId="8c84fa94-04c1-424b-9868-57a2d4851a1d" />
    <TestEntry testId="145c08b9-a31d-41d3-9e96-26f56e62e992" executionId="18e37463-323a-4436-b9d9-554de12feb90" testListId="8c84fa94-04c1-424b-9868-57a2d4851a1d" />
    <TestEntry testId="8a7b18f7-88e8-4029-b32d-c6e4aed7a6ca" executionId="da57cdb1-b8c2-4693-bc29-967d7161a736" testListId="8c84fa94-04c1-424b-9868-57a2d4851a1d" />
    <TestEntry testId="25f15de1-7229-4b15-b03e-5b41d6b01c9d" executionId="0964eee2-21e3-4b08-8f25-6fed678de9f6" testListId="8c84fa94-04c1-424b-9868-57a2d4851a1d" />
    <TestEntry testId="f2c0a8e5-96ee-41d4-bc5f-c3f45f1e6480" executionId="0ab9fe3c-9630-4617-a417-95090063c4ec" testListId="8c84fa94-04c1-424b-9868-57a2d4851a1d" />
    <TestEntry testId="019dec42-efc4-45e0-9113-c96cb7b056ac" executionId="5edbf821-5c7e-497d-8960-3d0cda0b390b" testListId="8c84fa94-04c1-424b-9868-57a2d4851a1d" />
    <TestEntry testId="bbf3f878-d91a-4532-b61d-b14d4377e0ff" executionId="7dd9edee-1b15-4d86-8a6c-5044bbdf2ea6" testListId="8c84fa94-04c1-424b-9868-57a2d4851a1d" />
    <TestEntry testId="c1cc96f3-3e58-4f95-93ab-590ba003315b" executionId="d0ff0942-d5c0-4848-96a8-a72ca2ed73fa" testListId="8c84fa94-04c1-424b-9868-57a2d4851a1d" />
    <TestEntry testId="a72c748e-d9d4-4074-84b5-0148475c7bf7" executionId="1abc3f74-b2ab-4ded-b759-3e8086e10850" testListId="8c84fa94-04c1-424b-9868-57a2d4851a1d" />
    <TestEntry testId="57ff5718-7cb7-4c80-9e29-548fa9a81ba0" executionId="a1220bcc-5ad8-449f-8085-95daa6d340bf" testListId="8c84fa94-04c1-424b-9868-57a2d4851a1d" />
    <TestEntry testId="8ab99328-8c90-4691-a1f0-a183d2ccf8f2" executionId="3090bb1f-5e55-4375-8715-df130339a9e1" testListId="8c84fa94-04c1-424b-9868-57a2d4851a1d" />
    <TestEntry testId="18df05d2-8f4e-4166-a8aa-2cc8a987d63a" executionId="9798c49b-cd08-4e46-838e-638f5ba70c47" testListId="8c84fa94-04c1-424b-9868-57a2d4851a1d" />
    <TestEntry testId="a24eeb8f-f28f-4ed2-b56b-8b7e7a0822a5" executionId="8616630f-95c5-49d4-9f44-c5e3a020e801" testListId="8c84fa94-04c1-424b-9868-57a2d4851a1d" />
    <TestEntry testId="7abaf874-2382-43fd-ad74-9ec2dca527cb" executionId="d3b53567-08d2-4dd1-8629-c3bb35bf9d2f" testListId="8c84fa94-04c1-424b-9868-57a2d4851a1d" />
    <TestEntry testId="ba0cf1d8-efe0-41f1-b84d-e4b82fcc73ec" executionId="53e541b9-df57-4249-925c-e21833210511" testListId="8c84fa94-04c1-424b-9868-57a2d4851a1d" />
    <TestEntry testId="b0978c16-6d8b-4dfa-a437-2c8163160d94" executionId="be8b84ce-da44-4b5d-bd93-61b50670fb19" testListId="8c84fa94-04c1-424b-9868-57a2d4851a1d" />
    <TestEntry testId="1f584610-7715-407b-9a0c-13a6281d47f8" executionId="c0c0782f-1231-4ed9-95b6-88fe042432b1" testListId="8c84fa94-04c1-424b-9868-57a2d4851a1d" />
    <TestEntry testId="d8a9775b-999f-492a-942b-43a3a8584833" executionId="2360a3e3-43f8-4652-a6f9-1b29e49680f4" testListId="8c84fa94-04c1-424b-9868-57a2d4851a1d" />
    <TestEntry testId="ae160d18-5900-4c2b-8f7a-a92e4b52ce4e" executionId="06750c43-9bb0-4b79-a580-a9d732889e75" testListId="8c84fa94-04c1-424b-9868-57a2d4851a1d" />
    <TestEntry testId="7b230bee-7975-43db-a975-7b51d7eca6e1" executionId="8bdfea88-3327-4700-a75c-d7d71ee22436" testListId="8c84fa94-04c1-424b-9868-57a2d4851a1d" />
    <TestEntry testId="e147aeb1-5495-4103-a2c5-bd0cd72b1ecf" executionId="2b2fd1f0-6ff5-4b40-9c8d-2496a8b5b7fb" testListId="8c84fa94-04c1-424b-9868-57a2d4851a1d" />
    <TestEntry testId="efe78283-3e1c-4d7f-b66b-70d63971dc4c" executionId="811f554c-db0c-4b11-80a5-0c149fb52f31" testListId="8c84fa94-04c1-424b-9868-57a2d4851a1d" />
    <TestEntry testId="5dfe7a5a-1113-40aa-8540-6d85910a7d3c" executionId="fecfe7b8-72aa-4c01-85cc-39760e0bcd69" testListId="8c84fa94-04c1-424b-9868-57a2d4851a1d" />
    <TestEntry testId="5ef8f362-be1f-4e4b-9d58-14a26a50023b" executionId="eabd3cf4-a7dd-4816-95be-04c355fe8656" testListId="8c84fa94-04c1-424b-9868-57a2d4851a1d" />
    <TestEntry testId="3165bc5a-e7ef-476d-8596-fb8ca2fd3504" executionId="b3f63cb9-043c-4c36-9404-e17cf9d1385c" testListId="8c84fa94-04c1-424b-9868-57a2d4851a1d" />
    <TestEntry testId="d6e5944e-6c08-4ded-8f1b-4ee414ca6dbd" executionId="3e9f226b-4209-42d6-9821-d1eabd16cc8d" testListId="8c84fa94-04c1-424b-9868-57a2d4851a1d" />
    <TestEntry testId="61166f20-e2d8-4ea5-b199-e78f120f8177" executionId="fcc2d5df-8016-4ba8-ab5d-60e5add4d2a0" testListId="8c84fa94-04c1-424b-9868-57a2d4851a1d" />
    <TestEntry testId="53136509-b754-4cf9-a49a-f76a101d2925" executionId="2b91bd42-168a-4793-9b24-3c4277e7e800" testListId="8c84fa94-04c1-424b-9868-57a2d4851a1d" />
    <TestEntry testId="cee04131-1e63-4d72-b147-18880b043da7" executionId="1bdb40b3-101d-4183-9b27-62034edf636a" testListId="8c84fa94-04c1-424b-9868-57a2d4851a1d" />
    <TestEntry testId="e984f960-8848-45e2-8c38-cc7808ccd625" executionId="ec598ed1-d353-40ec-bb46-1367db86a57d" testListId="8c84fa94-04c1-424b-9868-57a2d4851a1d" />
    <TestEntry testId="851e2c15-efd7-4268-b7b0-7b8e6182aa7c" executionId="2f80cdd4-fa5f-4c2c-89a6-ad09ebf40eeb" testListId="8c84fa94-04c1-424b-9868-57a2d4851a1d" />
    <TestEntry testId="6c54c93b-4ca7-44ed-81c9-87e4303b1d5e" executionId="d49b9a29-dd36-429c-9ac2-095aaf59052a" testListId="8c84fa94-04c1-424b-9868-57a2d4851a1d" />
    <TestEntry testId="47784435-2107-4717-b5f5-08314c4f91ce" executionId="baf5022a-b1fb-4593-adb6-28e7b0207469" testListId="8c84fa94-04c1-424b-9868-57a2d4851a1d" />
    <TestEntry testId="d98b9d16-e91c-41da-b86f-39ba2f2a1729" executionId="7a079e37-c6c2-4910-af66-470e337fbd97" testListId="8c84fa94-04c1-424b-9868-57a2d4851a1d" />
    <TestEntry testId="8a64fec7-d594-4014-877f-024dcfaafd3c" executionId="02d05d03-2688-4787-b699-32339c839df8" testListId="8c84fa94-04c1-424b-9868-57a2d4851a1d" />
    <TestEntry testId="f5e22862-9dea-46e5-b432-7502695f0093" executionId="975676bc-3686-4b01-acc6-5e2ac55c0d13" testListId="8c84fa94-04c1-424b-9868-57a2d4851a1d" />
    <TestEntry testId="3b76031e-6a89-40e1-9fcb-dc868a5ffc8c" executionId="8cd81e15-7a6d-4dd8-9f0a-db703c65cab7" testListId="8c84fa94-04c1-424b-9868-57a2d4851a1d" />
    <TestEntry testId="1c0a3442-0427-499e-ab58-ae5a97d2550c" executionId="7c1c2c6d-fd5b-4932-8b95-de60ebf87c5b" testListId="8c84fa94-04c1-424b-9868-57a2d4851a1d" />
    <TestEntry testId="e6c0bf34-fece-4516-95a9-41872e37fc64" executionId="66f08f3d-5f2b-47e3-8dbe-00059cb9e9c7" testListId="8c84fa94-04c1-424b-9868-57a2d4851a1d" />
    <TestEntry testId="69ace58f-97ba-4685-958c-bd045670bc6b" executionId="ea700fed-04c0-4770-8540-560e8b4762ce" testListId="8c84fa94-04c1-424b-9868-57a2d4851a1d" />
    <TestEntry testId="b9a32c5a-9392-484d-9a98-d3c7c145c04d" executionId="b69b2322-e596-441c-ae59-998328fded90" testListId="8c84fa94-04c1-424b-9868-57a2d4851a1d" />
    <TestEntry testId="64ce8864-bd20-4084-b004-898b341b4373" executionId="17240d4b-f758-415e-8ad8-cc2693400931" testListId="8c84fa94-04c1-424b-9868-57a2d4851a1d" />
    <TestEntry testId="98b0cc6f-8e9e-4ecb-8fe6-b0d578e86bde" executionId="7c276a8d-9b55-46d4-ae2e-a03dcd6170d3" testListId="8c84fa94-04c1-424b-9868-57a2d4851a1d" />
    <TestEntry testId="aadb8960-1807-41d4-ab70-013b76709428" executionId="fb25a948-51bb-406f-bdbf-d96543358b65" testListId="8c84fa94-04c1-424b-9868-57a2d4851a1d" />
    <TestEntry testId="26093bce-f98a-44c1-940f-409778a91f25" executionId="293edb2a-9e3d-4b0a-955e-de805bcb2d83" testListId="8c84fa94-04c1-424b-9868-57a2d4851a1d" />
    <TestEntry testId="f3e7f70a-16df-4e11-9e06-df0082c3e8d8" executionId="1d94e63a-3860-4ed4-8034-2f563e8121b3" testListId="8c84fa94-04c1-424b-9868-57a2d4851a1d" />
    <TestEntry testId="8c56cc0e-e1f5-46b8-80fb-68b9e127e80a" executionId="2ded83a3-f33c-4fb1-8ffc-aa5b9096bac6" testListId="8c84fa94-04c1-424b-9868-57a2d4851a1d" />
    <TestEntry testId="5083f79c-4963-419b-890f-332ffe08a88c" executionId="7514a56f-b325-4c21-97ff-e477273891ef" testListId="8c84fa94-04c1-424b-9868-57a2d4851a1d" />
    <TestEntry testId="1450361a-f66f-40b6-a917-02cb70a66648" executionId="39058189-f844-4e1c-9cff-826228e302f1" testListId="8c84fa94-04c1-424b-9868-57a2d4851a1d" />
    <TestEntry testId="66c12e37-5aab-4668-a1dd-a8ae4985e720" executionId="7bc75093-6859-494b-970a-a030a623c84a" testListId="8c84fa94-04c1-424b-9868-57a2d4851a1d" />
    <TestEntry testId="d1ce3b9f-339a-4a93-acf5-1f980d51f16f" executionId="c96c041d-e7b7-4923-93ed-376262117a72" testListId="8c84fa94-04c1-424b-9868-57a2d4851a1d" />
    <TestEntry testId="ed08120c-a571-4262-af84-5979d3c987f1" executionId="eb94d69f-7242-4b1f-8c27-de9223326fd2" testListId="8c84fa94-04c1-424b-9868-57a2d4851a1d" />
    <TestEntry testId="98c22f72-fb70-4879-a436-e854afe83875" executionId="1abd59fc-4b4d-4db7-85c2-9913675decc0" testListId="8c84fa94-04c1-424b-9868-57a2d4851a1d" />
    <TestEntry testId="f7ab9927-3b50-44ea-a61c-4e27a78faae1" executionId="859d99e8-fd00-46e3-ba3c-3e139afe2908" testListId="8c84fa94-04c1-424b-9868-57a2d4851a1d" />
    <TestEntry testId="fe80ddcd-141f-4d48-8d4f-aa7b8099dd24" executionId="417daa70-45dc-41ab-884b-ef7875b60e76" testListId="8c84fa94-04c1-424b-9868-57a2d4851a1d" />
    <TestEntry testId="0efc29db-a47a-4431-b016-b7af5cbdce8d" executionId="69079f5c-25d5-4ea7-ac89-e43242d76006" testListId="8c84fa94-04c1-424b-9868-57a2d4851a1d" />
    <TestEntry testId="435658fa-fa0f-4561-9114-1ca9bd7fda1b" executionId="e9082d4a-acf7-4623-a814-421a576b1bfe" testListId="8c84fa94-04c1-424b-9868-57a2d4851a1d" />
    <TestEntry testId="f91ef6da-b8c0-46fd-8e8a-3ea3f71db6c0" executionId="584344cf-55f7-46ae-917f-518f19ccf2e7" testListId="8c84fa94-04c1-424b-9868-57a2d4851a1d" />
    <TestEntry testId="e48fc9b7-69c8-4b4e-b231-1f020811cd03" executionId="c98ac5fe-24f6-4a5c-905a-fc905931b5af" testListId="8c84fa94-04c1-424b-9868-57a2d4851a1d" />
    <TestEntry testId="9d8844bf-8701-4e4e-b0c6-ad4f130743ba" executionId="e1d776ae-de7b-4a3c-9b15-9acb1a4f3077" testListId="8c84fa94-04c1-424b-9868-57a2d4851a1d" />
    <TestEntry testId="07586a34-10a8-4998-8500-07cdc2708b04" executionId="24b8ec44-4f07-481c-9ef4-770e8784ea9c" testListId="8c84fa94-04c1-424b-9868-57a2d4851a1d" />
    <TestEntry testId="b434d953-73a8-4b18-b9b3-4f43af04ee85" executionId="c3b92457-aafa-4dc4-b4ba-7beb2efbd113" testListId="8c84fa94-04c1-424b-9868-57a2d4851a1d" />
    <TestEntry testId="cec1620a-f91e-4bc2-a1c1-23855307e5ba" executionId="294a3c04-a34f-4d4c-a7d8-49c2de49fd27" testListId="8c84fa94-04c1-424b-9868-57a2d4851a1d" />
    <TestEntry testId="9f48d6a8-1365-4c55-b545-beb0a5f3d9ae" executionId="dae5a756-c431-44f9-8953-df09dbc13cf5" testListId="8c84fa94-04c1-424b-9868-57a2d4851a1d" />
    <TestEntry testId="524ffba9-8c11-4e86-a863-a2ed4bdf8738" executionId="c17e6fa7-3cab-42e3-a01d-677694b9bd57" testListId="8c84fa94-04c1-424b-9868-57a2d4851a1d" />
    <TestEntry testId="dbeb1e9c-5e6f-41d1-9cc4-93c5fb9cb8b1" executionId="e72ca6dd-3c22-45a9-9fc8-3d4a2e4f36a3" testListId="8c84fa94-04c1-424b-9868-57a2d4851a1d" />
    <TestEntry testId="bac9f14d-9f00-4ce2-8550-3e8a264712ad" executionId="d07855f4-35d4-4d89-bad7-9c1d1bd64de1" testListId="8c84fa94-04c1-424b-9868-57a2d4851a1d" />
    <TestEntry testId="4658d93a-e795-4f30-8219-ae1cfa32925a" executionId="80e16597-8cff-4abe-86e7-ad2412d4bec3" testListId="8c84fa94-04c1-424b-9868-57a2d4851a1d" />
    <TestEntry testId="ac6d36ad-dea0-468f-99b6-b2d765f398e4" executionId="c8de20ab-2cd8-4008-b4fa-dbf153e5e79d" testListId="8c84fa94-04c1-424b-9868-57a2d4851a1d" />
    <TestEntry testId="d2d60e94-d0cd-49da-9d5e-92821eb4c449" executionId="4192e896-1879-4793-b75a-ca6de8e8fc06" testListId="8c84fa94-04c1-424b-9868-57a2d4851a1d" />
    <TestEntry testId="c3058c86-5ffc-4607-bcd7-89df9ee22dfa" executionId="5848b659-0008-4ec4-aadb-6eadd94e168b" testListId="8c84fa94-04c1-424b-9868-57a2d4851a1d" />
    <TestEntry testId="6026f612-9d5b-48ce-b52e-dc94ef08443b" executionId="c15fb182-418c-4ba6-b70b-7ae0e579d75e" testListId="8c84fa94-04c1-424b-9868-57a2d4851a1d" />
    <TestEntry testId="d2008538-f5ce-4c59-bccf-23e1a3cb4b25" executionId="251cc643-4ef0-48a3-9c34-341938c3b8e7" testListId="8c84fa94-04c1-424b-9868-57a2d4851a1d" />
    <TestEntry testId="80a3b5f2-69af-4a7f-b2d8-00be4db137ee" executionId="cce5c1a9-77e9-4978-a9ed-9143dab70fc2" testListId="8c84fa94-04c1-424b-9868-57a2d4851a1d" />
    <TestEntry testId="716fe517-9269-4912-96d4-290662d304c0" executionId="c61e3677-22bf-4bc1-b7ba-6f3ea441f207" testListId="8c84fa94-04c1-424b-9868-57a2d4851a1d" />
    <TestEntry testId="e9e01671-e3c8-42b9-9917-6bcd6889437b" executionId="faa2e780-f1e2-41b4-9c18-d701c8e0195e" testListId="8c84fa94-04c1-424b-9868-57a2d4851a1d" />
    <TestEntry testId="30204003-5905-4572-8173-c828365c23f7" executionId="cb99c1a5-e1f8-4ae8-8862-c9ec2cb7ba91" testListId="8c84fa94-04c1-424b-9868-57a2d4851a1d" />
    <TestEntry testId="e357c2b3-4e59-45fe-8357-6fb31587c29f" executionId="f18a9339-fdc2-4ee9-a7ad-0fbef433de72" testListId="8c84fa94-04c1-424b-9868-57a2d4851a1d" />
    <TestEntry testId="dcbc1d57-c902-4fc4-82bf-480d7e2efc8a" executionId="2938ddb2-ae5f-4d05-8c1e-b68126025a04" testListId="8c84fa94-04c1-424b-9868-57a2d4851a1d" />
    <TestEntry testId="cc48d6d2-d2d6-426a-9f9c-54b5ef8c591e" executionId="129af19d-7c89-4897-b376-f331e5c54012" testListId="8c84fa94-04c1-424b-9868-57a2d4851a1d" />
    <TestEntry testId="8ea009a6-be93-4be1-8905-6a607a976622" executionId="41ddab99-d3a3-4775-9bd5-18598dbcaa1e" testListId="8c84fa94-04c1-424b-9868-57a2d4851a1d" />
    <TestEntry testId="8756d7ad-5498-477a-95b0-66b2c27494d9" executionId="b66ae85a-ec4e-4c19-9bec-afc4e75bc438" testListId="8c84fa94-04c1-424b-9868-57a2d4851a1d" />
    <TestEntry testId="b1668d42-ff6b-44dc-80fc-db5cdc98741d" executionId="741f8d4b-766b-4027-bd9b-ffd7cd180bb6" testListId="8c84fa94-04c1-424b-9868-57a2d4851a1d" />
    <TestEntry testId="3d9541fc-e05a-4e0e-aa81-875b68b28b54" executionId="4e720259-01d9-410e-8290-5577f7250673" testListId="8c84fa94-04c1-424b-9868-57a2d4851a1d" />
    <TestEntry testId="3e7236b9-d1b1-4d20-99e3-cede213ef90f" executionId="91854bb8-a4b8-4082-b0b2-08a39d047126" testListId="8c84fa94-04c1-424b-9868-57a2d4851a1d" />
    <TestEntry testId="3e510903-2e39-4897-9ee2-210c71d2069d" executionId="7adfee70-a123-44b1-b668-9736f1070fdd" testListId="8c84fa94-04c1-424b-9868-57a2d4851a1d" />
    <TestEntry testId="a6727b2c-02a0-46c5-b8ed-3834a128f092" executionId="027c4d78-05bf-4a00-89e5-9e9265ab82b3" testListId="8c84fa94-04c1-424b-9868-57a2d4851a1d" />
    <TestEntry testId="c44d3a8a-9455-42da-83dd-ce38a991de25" executionId="9edfcabf-5967-4fcd-984d-470c273ce6f2" testListId="8c84fa94-04c1-424b-9868-57a2d4851a1d" />
    <TestEntry testId="5c163ce8-78b0-4b5f-9e01-fe7ce26ffe53" executionId="7d3b7037-c5b5-44cb-93d0-4a0addf4cebe" testListId="8c84fa94-04c1-424b-9868-57a2d4851a1d" />
    <TestEntry testId="e029c5c3-130b-40a6-8215-75f9e9cce8c9" executionId="141f7e60-ad2d-415b-9119-49de12148306" testListId="8c84fa94-04c1-424b-9868-57a2d4851a1d" />
    <TestEntry testId="7915e756-7c92-4d88-9104-1f50186849d1" executionId="6e40f929-e3e3-4efa-8eda-153651b28993" testListId="8c84fa94-04c1-424b-9868-57a2d4851a1d" />
    <TestEntry testId="eb26ea91-8109-4033-b05f-daa394ea158b" executionId="240497ec-f929-4c51-a93b-81ff949ed483" testListId="8c84fa94-04c1-424b-9868-57a2d4851a1d" />
    <TestEntry testId="ad44d2d2-0629-49cd-993b-6f9f3acb50f8" executionId="2c9a959a-9eaa-4c8a-8cd1-cb25c72eefb6" testListId="8c84fa94-04c1-424b-9868-57a2d4851a1d" />
    <TestEntry testId="3ca472f0-b6d6-4bdc-af76-ceb3d422c3fb" executionId="635d7813-112e-49c6-b32f-126ab1d06313" testListId="8c84fa94-04c1-424b-9868-57a2d4851a1d" />
    <TestEntry testId="f5eec4c0-02fb-486b-bf1f-9802217b93f7" executionId="c1e07031-b4c6-49d2-8ec4-a2cb1081e85c" testListId="8c84fa94-04c1-424b-9868-57a2d4851a1d" />
    <TestEntry testId="a3acfbc6-447a-4059-82b6-3d6052ffdff1" executionId="f2070d54-bcf6-4df8-95c1-93321c85d4cb" testListId="8c84fa94-04c1-424b-9868-57a2d4851a1d" />
    <TestEntry testId="2615715e-ca6d-4036-825f-49d05acae1bf" executionId="6b818b1c-ffed-4aae-a07a-79d02dc74669" testListId="8c84fa94-04c1-424b-9868-57a2d4851a1d" />
    <TestEntry testId="e1617c32-e335-42c0-8f5b-c9f0e2b3fbec" executionId="30792668-1252-4823-87a7-411cb3833bbf" testListId="8c84fa94-04c1-424b-9868-57a2d4851a1d" />
    <TestEntry testId="34f9d272-4506-4af4-b3a3-f9090dafc622" executionId="008fdabd-06fb-44f9-a94f-b6de50fa262e" testListId="8c84fa94-04c1-424b-9868-57a2d4851a1d" />
    <TestEntry testId="24f8b4c0-22b0-4e03-9226-d6b78524830f" executionId="2ab8707f-57c7-490d-8941-f56b07bbd18c" testListId="8c84fa94-04c1-424b-9868-57a2d4851a1d" />
    <TestEntry testId="dfabf1da-3bef-40e2-b587-1e3632295f15" executionId="b3adfc6f-c81b-4348-b26c-0b9bc87d7109" testListId="8c84fa94-04c1-424b-9868-57a2d4851a1d" />
    <TestEntry testId="b196aa17-62c5-40d7-b7c9-e37c2551be34" executionId="2fee61c0-f621-4df4-a510-d9eb7705b3c5" testListId="8c84fa94-04c1-424b-9868-57a2d4851a1d" />
    <TestEntry testId="07963b52-bd47-4b8c-b181-945598341fc8" executionId="a99d1f00-c708-4085-ba17-81f2f20472a5" testListId="8c84fa94-04c1-424b-9868-57a2d4851a1d" />
    <TestEntry testId="15aa7398-d0f8-4e24-ac96-7a37022db0c7" executionId="fbcad826-0c2b-44e7-90b1-df5749913a2d" testListId="8c84fa94-04c1-424b-9868-57a2d4851a1d" />
    <TestEntry testId="08987a10-4e26-4460-b305-076227c22189" executionId="c3ab459e-d292-4293-8455-5a19a0eb8040" testListId="8c84fa94-04c1-424b-9868-57a2d4851a1d" />
    <TestEntry testId="8f460dfa-fe71-4b8c-b478-b20ffa6b006e" executionId="c1646770-5ce9-44fa-a2cd-2ccffe08cd47" testListId="8c84fa94-04c1-424b-9868-57a2d4851a1d" />
    <TestEntry testId="d2db0b95-f7bc-4637-a079-d663d993a81f" executionId="1fa4f7e5-fa95-46e2-be7d-4c228e43688c" testListId="8c84fa94-04c1-424b-9868-57a2d4851a1d" />
    <TestEntry testId="22d9df0a-cf54-40d1-b666-c805e1ff36de" executionId="ddae7215-d12b-4a19-87b5-a66dabac8099" testListId="8c84fa94-04c1-424b-9868-57a2d4851a1d" />
    <TestEntry testId="a2b5df47-f818-477c-8930-38f122b583f9" executionId="43307c3c-4eb1-4990-9b73-90d60a2e8583" testListId="8c84fa94-04c1-424b-9868-57a2d4851a1d" />
    <TestEntry testId="e2d8f75e-9799-45cf-92b8-941f8ec23a80" executionId="68dca9de-54b3-4c1f-9a2d-0568126afc57" testListId="8c84fa94-04c1-424b-9868-57a2d4851a1d" />
    <TestEntry testId="345a9560-9daf-4569-bffe-5de25ab5648d" executionId="954b8926-487c-46ce-be3c-9de548a9b095" testListId="8c84fa94-04c1-424b-9868-57a2d4851a1d" />
    <TestEntry testId="e6f507b2-a710-4f74-b288-866ee02f770b" executionId="b17ffa85-1b78-4092-96e8-836986cdc333" testListId="8c84fa94-04c1-424b-9868-57a2d4851a1d" />
    <TestEntry testId="732140a2-58d2-40e9-a06e-29e3f4e323af" executionId="dfd2c1a7-9162-413d-b015-bc78293dc229" testListId="8c84fa94-04c1-424b-9868-57a2d4851a1d" />
    <TestEntry testId="c9a16639-000a-4efe-98e6-8325ac02e32d" executionId="c0b1e1a7-8cc1-47dc-88b9-264ac5bd0bd0" testListId="8c84fa94-04c1-424b-9868-57a2d4851a1d" />
    <TestEntry testId="9176064f-1791-4455-b504-88a9ac1baf3b" executionId="58370ddb-dd79-42a8-8a4e-ac4f7c31a1ea" testListId="8c84fa94-04c1-424b-9868-57a2d4851a1d" />
    <TestEntry testId="b8f2841e-5c62-4bfb-83e2-a6a10bb69d09" executionId="ff75e634-a20d-420c-a75d-2803dc6a42e8" testListId="8c84fa94-04c1-424b-9868-57a2d4851a1d" />
    <TestEntry testId="ed5d32aa-20a5-4d27-87e7-d1ffd7054e09" executionId="02a965ca-5948-4836-94cc-2868aab638f6" testListId="8c84fa94-04c1-424b-9868-57a2d4851a1d" />
    <TestEntry testId="9d55a464-16bb-494a-abb1-7ca2e012d5b5" executionId="cfdd01ba-b37a-4fd1-beba-00945c97ce72" testListId="8c84fa94-04c1-424b-9868-57a2d4851a1d" />
    <TestEntry testId="6cea6240-0fcf-42d3-abad-a316c088df42" executionId="8aa553f3-322f-4c92-812d-79acbdb2e9fd" testListId="8c84fa94-04c1-424b-9868-57a2d4851a1d" />
    <TestEntry testId="cad87336-af62-4ac5-8608-65f001c26241" executionId="343bb984-cd7a-40dd-8812-91a586c3784d" testListId="8c84fa94-04c1-424b-9868-57a2d4851a1d" />
    <TestEntry testId="6455f73a-d42f-4020-af1f-c023c82bb7f2" executionId="e7a07ea3-804f-45cf-aeb5-c47affbbfcc4" testListId="8c84fa94-04c1-424b-9868-57a2d4851a1d" />
    <TestEntry testId="b10e2b60-2eb8-4f2e-bde0-2504e76b9138" executionId="e5410c1e-12c3-4220-a1c0-fac03754c034" testListId="8c84fa94-04c1-424b-9868-57a2d4851a1d" />
    <TestEntry testId="ba013596-d411-4dbd-82f3-7c64a331f0a0" executionId="a777cc98-ad8d-48d8-8e1f-3ac1954dcf4b" testListId="8c84fa94-04c1-424b-9868-57a2d4851a1d" />
    <TestEntry testId="712c4e8c-8ded-4f5e-a2d9-f5794ced066d" executionId="280c8ddc-a7a3-4a59-ba98-ea4c867d6b72" testListId="8c84fa94-04c1-424b-9868-57a2d4851a1d" />
    <TestEntry testId="7b722bfb-298c-4473-b8fb-1e20cd433654" executionId="a0a2f789-5f0e-413c-9384-f59d3ef3b862" testListId="8c84fa94-04c1-424b-9868-57a2d4851a1d" />
    <TestEntry testId="d35d60a2-4a49-4bf9-b407-5d961cb5f663" executionId="9266ec87-7976-49d1-8a10-39e0b9986899" testListId="8c84fa94-04c1-424b-9868-57a2d4851a1d" />
    <TestEntry testId="4b3545f9-e2fd-4a4c-85fe-7ddfd805c62b" executionId="381ce897-0a24-462c-99b2-9ff05931d6c4" testListId="8c84fa94-04c1-424b-9868-57a2d4851a1d" />
    <TestEntry testId="f72a07f3-8041-48c4-ae58-9ce1ca9dbcef" executionId="1558292b-27b1-4b7b-ad5e-0b23adfefe08" testListId="8c84fa94-04c1-424b-9868-57a2d4851a1d" />
    <TestEntry testId="9c589580-a155-4997-8b4c-74a5c1a1ceb5" executionId="a0f3756f-a525-46ee-ba54-c8612cd2575b" testListId="8c84fa94-04c1-424b-9868-57a2d4851a1d" />
    <TestEntry testId="02b3bffe-58fd-408c-a092-8625653362ad" executionId="953ea716-c583-4415-af6b-dbdbe14332ce" testListId="8c84fa94-04c1-424b-9868-57a2d4851a1d" />
    <TestEntry testId="339aa716-47a7-4d85-ad13-5a0eb2078b91" executionId="db9524a2-ca46-47be-99a6-c1cc19f9f421" testListId="8c84fa94-04c1-424b-9868-57a2d4851a1d" />
    <TestEntry testId="2098a699-0f43-4409-9bdd-0c52bb1736e6" executionId="621d9d0b-daec-422f-9db6-7ebbba68b7ef" testListId="8c84fa94-04c1-424b-9868-57a2d4851a1d" />
    <TestEntry testId="0f580565-9e16-489d-99cb-959b12177a15" executionId="16e9ca5d-47c7-494d-9638-d99befa09204" testListId="8c84fa94-04c1-424b-9868-57a2d4851a1d" />
    <TestEntry testId="e4194832-7dfc-4a1e-9e10-bc1842e57b5f" executionId="902ccf01-fdb8-45f2-9663-fd19c68f0b0a" testListId="8c84fa94-04c1-424b-9868-57a2d4851a1d" />
    <TestEntry testId="e179495e-6688-41bb-95ec-7a0a44fd895f" executionId="8275a916-ac50-44d2-b1bf-cc957f7a1637" testListId="8c84fa94-04c1-424b-9868-57a2d4851a1d" />
    <TestEntry testId="01c7be88-2bde-44f6-9b11-f1317fbe25a9" executionId="884a60c8-bc4c-4bad-8237-822defd31741" testListId="8c84fa94-04c1-424b-9868-57a2d4851a1d" />
    <TestEntry testId="c6d25aa1-7427-49c2-9214-905c75bd2705" executionId="37d0e814-9856-4099-a307-3c520fab0384" testListId="8c84fa94-04c1-424b-9868-57a2d4851a1d" />
    <TestEntry testId="94e6f9c3-17a6-4b48-9796-17daf2b70aad" executionId="837d74ab-5099-4b43-9c57-5659899f3e6d" testListId="8c84fa94-04c1-424b-9868-57a2d4851a1d" />
    <TestEntry testId="1b6ba320-384f-43d6-a9c5-3e9628c8f2db" executionId="f1ca92e1-04cc-4530-b181-6818f03aaf80" testListId="8c84fa94-04c1-424b-9868-57a2d4851a1d" />
    <TestEntry testId="e25ba91b-e756-40eb-b711-9c98fca955e7" executionId="a15d2548-3b2f-4001-bf18-1222ca7816e9" testListId="8c84fa94-04c1-424b-9868-57a2d4851a1d" />
    <TestEntry testId="eaf10381-5bd0-4767-a7c5-02cf2d7a5bda" executionId="38e06b3e-32f9-4c90-bf59-fa991bb4a3d2" testListId="8c84fa94-04c1-424b-9868-57a2d4851a1d" />
    <TestEntry testId="b5aa5661-ef28-4aaa-8ec3-6b317f48fccf" executionId="ca33ec01-32cc-4884-b427-ea838b35372b" testListId="8c84fa94-04c1-424b-9868-57a2d4851a1d" />
    <TestEntry testId="2e1c3747-ef73-42ea-8827-25f1a7626d5c" executionId="9beeab56-43d5-458b-afe3-0e0b5221c973" testListId="8c84fa94-04c1-424b-9868-57a2d4851a1d" />
    <TestEntry testId="3c1fad77-abe3-404b-af56-ad1268e3a6f2" executionId="5fd2580c-a89d-432a-bc44-3fb009fb064a" testListId="8c84fa94-04c1-424b-9868-57a2d4851a1d" />
    <TestEntry testId="baec8dc6-2c67-48c5-99af-938646ec083e" executionId="66899759-8e3e-4b11-9847-183b74ac18d8" testListId="8c84fa94-04c1-424b-9868-57a2d4851a1d" />
    <TestEntry testId="2306ba05-bd16-469f-8ee2-fada9e66b256" executionId="b130070c-0f2f-4365-8dd6-ff1a9102e7be" testListId="8c84fa94-04c1-424b-9868-57a2d4851a1d" />
    <TestEntry testId="f671cc1d-7fe5-4c89-b877-012ff2e43ed0" executionId="fd6fc5cc-13be-4dc8-9f64-fec8f646d367" testListId="8c84fa94-04c1-424b-9868-57a2d4851a1d" />
    <TestEntry testId="fc53a3e0-f44b-44d8-a9a0-0ac1d32e4001" executionId="96f227f7-d3ba-47c5-b8cd-3901b0a7d531" testListId="8c84fa94-04c1-424b-9868-57a2d4851a1d" />
    <TestEntry testId="b32c5c06-9170-46ea-bcc7-b3a62cb64a9b" executionId="d32d0808-df18-4f27-a25e-24d1b4551b8c" testListId="8c84fa94-04c1-424b-9868-57a2d4851a1d" />
    <TestEntry testId="e01fea0e-8b4d-4a14-9c1b-399e96c3b13d" executionId="257b778e-c0b9-46a2-a615-bf7fcc718b63" testListId="8c84fa94-04c1-424b-9868-57a2d4851a1d" />
    <TestEntry testId="1b88327d-6d87-4b60-b985-c00a0f08fa0b" executionId="9dc39b9c-413b-49a0-ae01-9c5706bb3309" testListId="8c84fa94-04c1-424b-9868-57a2d4851a1d" />
    <TestEntry testId="d3175787-df7d-4cbc-babd-9483b6bb6a92" executionId="8a5b4722-c758-4ed6-9b24-17d4dd690e4c" testListId="8c84fa94-04c1-424b-9868-57a2d4851a1d" />
    <TestEntry testId="b8bf1131-f4a8-4ae4-8b13-2c5ea9f8df73" executionId="12e3665a-0c79-4089-85f4-a30cba2cf591" testListId="8c84fa94-04c1-424b-9868-57a2d4851a1d" />
    <TestEntry testId="196b2955-9748-44f1-983a-b6c18680c370" executionId="3564e53b-c5d1-4e95-9c92-9da598dc8568" testListId="8c84fa94-04c1-424b-9868-57a2d4851a1d" />
    <TestEntry testId="87bc92a0-29f5-4e3d-8350-4462a51558ae" executionId="2efbd90a-cf57-457d-8295-3e1baff5f1e9" testListId="8c84fa94-04c1-424b-9868-57a2d4851a1d" />
    <TestEntry testId="6a56fb11-08c3-46d9-8c02-bb638382ebe9" executionId="cc9d1bad-fd18-4066-9c27-186b4217f3df" testListId="8c84fa94-04c1-424b-9868-57a2d4851a1d" />
    <TestEntry testId="537b9aff-2112-4158-adc7-81bd334ce0b6" executionId="7d47f720-42bf-49bf-bdd0-3d196a0fffb1" testListId="8c84fa94-04c1-424b-9868-57a2d4851a1d" />
    <TestEntry testId="184887b9-2dfb-478f-9781-bf4efb3a1e59" executionId="378ba0f3-b35f-41a8-a6c0-d79291ebcf0c" testListId="8c84fa94-04c1-424b-9868-57a2d4851a1d" />
    <TestEntry testId="06103075-dc26-41c8-af31-1f7785e65fb5" executionId="a3b8db92-9024-4648-8ece-a203dd5efdc9" testListId="8c84fa94-04c1-424b-9868-57a2d4851a1d" />
    <TestEntry testId="48509149-1e41-4a31-9e59-891c61147f39" executionId="103437ff-576d-43c7-b06b-daabd4f99444" testListId="8c84fa94-04c1-424b-9868-57a2d4851a1d" />
    <TestEntry testId="052a7528-c5f7-4f55-85b9-7b753508a108" executionId="942c9917-1b4b-45ec-8721-c7ee5fa2ef6a" testListId="8c84fa94-04c1-424b-9868-57a2d4851a1d" />
    <TestEntry testId="7fd76663-528e-4fbc-a98c-747aadab5852" executionId="10d90a87-b687-419d-8f1a-c5851e99d6e0" testListId="8c84fa94-04c1-424b-9868-57a2d4851a1d" />
    <TestEntry testId="395c9678-8b2e-408d-92ea-af55a4db162b" executionId="ad9e431e-5a09-4f95-8540-a51943aaffdb" testListId="8c84fa94-04c1-424b-9868-57a2d4851a1d" />
    <TestEntry testId="b9774dff-11fe-4d19-b8b2-7f9b823489dd" executionId="f03c193a-29fe-4a95-9195-384a2ae9623f" testListId="8c84fa94-04c1-424b-9868-57a2d4851a1d" />
    <TestEntry testId="acc04453-5355-4d98-ab2c-8e47c300d679" executionId="e1e8ce2e-de0c-4bc0-b156-b703dd3b9bc0" testListId="8c84fa94-04c1-424b-9868-57a2d4851a1d" />
    <TestEntry testId="036824ef-b25d-4f13-9881-02e941ffda8e" executionId="bcc8673d-adb1-49cf-9f5d-53b3dcac16c7" testListId="8c84fa94-04c1-424b-9868-57a2d4851a1d" />
    <TestEntry testId="1260f78d-1e35-4eb0-a315-6b44570369c7" executionId="4dc09e0d-89b2-4659-834c-b44773831d00" testListId="8c84fa94-04c1-424b-9868-57a2d4851a1d" />
    <TestEntry testId="08e19c37-ebcf-4031-b94a-75e7da6461a5" executionId="0d246ea2-e243-4def-a72d-24a1a8dbe670" testListId="8c84fa94-04c1-424b-9868-57a2d4851a1d" />
    <TestEntry testId="a54efda0-2769-4030-8e54-1609343cf185" executionId="b9a67fc1-d491-4d3c-aceb-a6eebf6a04de" testListId="8c84fa94-04c1-424b-9868-57a2d4851a1d" />
    <TestEntry testId="e64f6c50-e037-4b84-a04b-623ef8368d22" executionId="9954d90a-c2c0-4f0f-be45-1cdd6ea0884a" testListId="8c84fa94-04c1-424b-9868-57a2d4851a1d" />
    <TestEntry testId="1e8b737e-a57c-4b59-8c87-ad15a1adc0cb" executionId="8b1603bd-2262-4392-9d89-c83530d11c00" testListId="8c84fa94-04c1-424b-9868-57a2d4851a1d" />
    <TestEntry testId="5f2c941b-3279-446d-b6bb-f846c9dbf8cf" executionId="65bf0ebf-7ad7-4088-8113-50e6d557cb42" testListId="8c84fa94-04c1-424b-9868-57a2d4851a1d" />
    <TestEntry testId="c67bc302-50e4-4d5c-bcb6-804fed6fcbfe" executionId="6fa77058-0e28-4184-8f67-cde54d2bee47" testListId="8c84fa94-04c1-424b-9868-57a2d4851a1d" />
    <TestEntry testId="8a2f3009-a928-445e-bb3d-a0a45ac4eebb" executionId="f9166ff1-e053-4ff8-b611-6d00943c001b" testListId="8c84fa94-04c1-424b-9868-57a2d4851a1d" />
    <TestEntry testId="d322bd6c-c848-488e-8fb6-ebce38890e29" executionId="0fd2fa90-c3b5-41db-8a1c-281a0c1f4b18" testListId="8c84fa94-04c1-424b-9868-57a2d4851a1d" />
    <TestEntry testId="cdb14cee-5e8c-473d-aa65-4fc25b95c267" executionId="dec1e986-a736-4e79-86c1-902b3e58b369" testListId="8c84fa94-04c1-424b-9868-57a2d4851a1d" />
    <TestEntry testId="448eb0e8-f494-4398-9aa7-4768ccb4a48e" executionId="1f0b645e-366b-46ac-80a7-1abb694d5bc1" testListId="8c84fa94-04c1-424b-9868-57a2d4851a1d" />
    <TestEntry testId="8f6d4d7b-1c4e-4074-a57f-f691e6ae2e14" executionId="44a1be37-4730-40a1-937b-13a797ae952d" testListId="8c84fa94-04c1-424b-9868-57a2d4851a1d" />
    <TestEntry testId="3f52e591-0a06-4612-ae1e-b2b25052e205" executionId="c3cd82e4-7937-4809-8772-dc2f0ceacd4f" testListId="8c84fa94-04c1-424b-9868-57a2d4851a1d" />
    <TestEntry testId="3c077e86-f306-47b7-9ade-404f4c2501f2" executionId="36ec6134-9f58-4988-911b-9945f8cddf81" testListId="8c84fa94-04c1-424b-9868-57a2d4851a1d" />
    <TestEntry testId="488ec89e-52dd-4798-ab31-2e812f3391a4" executionId="d142b35c-2dea-4584-a993-0c5f1479289a" testListId="8c84fa94-04c1-424b-9868-57a2d4851a1d" />
    <TestEntry testId="3646a1d2-a647-4e05-8fd6-56a0128aa69f" executionId="de7991ad-140e-4a7b-ac9b-289325413a72" testListId="8c84fa94-04c1-424b-9868-57a2d4851a1d" />
    <TestEntry testId="28d3c529-c1f7-49ed-b459-0b789955ff6e" executionId="dbd51dd6-750a-493f-a4db-067d2b4a49c3" testListId="8c84fa94-04c1-424b-9868-57a2d4851a1d" />
    <TestEntry testId="5364818f-6aff-4bdd-bfee-d826f8b82ebe" executionId="a71946e4-6ce5-47b9-afd0-624effdb2877" testListId="8c84fa94-04c1-424b-9868-57a2d4851a1d" />
    <TestEntry testId="367992c7-7b7c-449a-ae1f-dac6098102fc" executionId="4ab73425-06ca-4d81-9e53-e9e7989b193f" testListId="8c84fa94-04c1-424b-9868-57a2d4851a1d" />
    <TestEntry testId="edc15fd9-9569-4764-ab47-0c9c4d69c4b0" executionId="1c407275-00e6-4820-abd1-f18f9e41de68" testListId="8c84fa94-04c1-424b-9868-57a2d4851a1d" />
    <TestEntry testId="b81d439e-ee35-4b13-9353-cbc78e53fa44" executionId="6742e8dc-d0b6-4b59-a62e-798243fc771c" testListId="8c84fa94-04c1-424b-9868-57a2d4851a1d" />
    <TestEntry testId="549129aa-632a-44b8-969e-e974c8c4f3b4" executionId="dea29745-e5d3-4094-9533-9ff2d8f4f3d5" testListId="8c84fa94-04c1-424b-9868-57a2d4851a1d" />
    <TestEntry testId="b77152de-9251-44bc-9c4d-6ddb776a7baa" executionId="7296910c-94d2-4430-85c7-b22fadf200cf" testListId="8c84fa94-04c1-424b-9868-57a2d4851a1d" />
    <TestEntry testId="06b86b69-6b42-41b5-b316-81b26f385d5c" executionId="21586941-a630-4eef-a199-d733081e03f0" testListId="8c84fa94-04c1-424b-9868-57a2d4851a1d" />
    <TestEntry testId="c4ce668d-974e-4252-9ce4-a3381264b5ec" executionId="c97f66db-b0fd-4294-82c9-6e25d7e8e9da" testListId="8c84fa94-04c1-424b-9868-57a2d4851a1d" />
    <TestEntry testId="500bab80-af8c-4898-b51d-ea26ba5e6e63" executionId="71a82b02-8811-4f93-a461-09d6fcbe0ae0" testListId="8c84fa94-04c1-424b-9868-57a2d4851a1d" />
    <TestEntry testId="ff2fd4e0-853a-49f5-86bf-8fa0a328a0e6" executionId="a069f45b-f495-4248-b045-4b0fd29fa8bd" testListId="8c84fa94-04c1-424b-9868-57a2d4851a1d" />
    <TestEntry testId="b54eb2b0-262d-4a12-80c8-3d243737d7fd" executionId="6cc54b1b-c5ee-40be-83a0-0ff539c7b4b2" testListId="8c84fa94-04c1-424b-9868-57a2d4851a1d" />
    <TestEntry testId="6dbf690d-3746-46c8-8941-bc1679747a51" executionId="b37e252b-540e-408c-8927-a7e31e761c96" testListId="8c84fa94-04c1-424b-9868-57a2d4851a1d" />
    <TestEntry testId="5bce2aa4-68c4-4a42-8bbb-7f2355b20a60" executionId="657ee97b-1c70-4f02-a385-78ab75824832" testListId="8c84fa94-04c1-424b-9868-57a2d4851a1d" />
    <TestEntry testId="84fa0a19-69dd-4a18-8ae3-e2a2ab248939" executionId="c5a5cf4a-cc32-4dd8-82fc-6009a4099c3b" testListId="8c84fa94-04c1-424b-9868-57a2d4851a1d" />
    <TestEntry testId="2cd8c204-93d9-47ce-b701-3212e84f0f0c" executionId="8d8fa9cd-7fb5-4608-98b5-038fe61e8d4b" testListId="8c84fa94-04c1-424b-9868-57a2d4851a1d" />
    <TestEntry testId="5ba19b49-56b4-4461-988d-31ddfed58482" executionId="cc6cae67-4f99-4021-b9f9-5de98647dbcd" testListId="8c84fa94-04c1-424b-9868-57a2d4851a1d" />
    <TestEntry testId="ab06aef9-800f-4907-b6fa-8fca9a9d4e2d" executionId="3983778c-32dd-4c3e-9cb5-b7ad78834698" testListId="8c84fa94-04c1-424b-9868-57a2d4851a1d" />
    <TestEntry testId="d4c1b48b-1065-4dc7-b7af-8ccad84f1155" executionId="e1f6fd9f-8928-4910-85d6-826dfef70391" testListId="8c84fa94-04c1-424b-9868-57a2d4851a1d" />
    <TestEntry testId="cbff8c29-151e-4c48-a4c1-e884c0155c23" executionId="eeeae2c1-02d9-49fd-b72d-d87c4edef6e3" testListId="8c84fa94-04c1-424b-9868-57a2d4851a1d" />
    <TestEntry testId="2f3110c7-7fe9-4d33-9e2d-646d90bb5e19" executionId="dcb82557-9084-428e-b33c-2e5df8c01ced" testListId="8c84fa94-04c1-424b-9868-57a2d4851a1d" />
    <TestEntry testId="b387954a-01d7-4152-9835-67659f162608" executionId="63065a4c-319f-4382-bb96-8be194bc3233" testListId="8c84fa94-04c1-424b-9868-57a2d4851a1d" />
    <TestEntry testId="4cfb73b5-d4d7-4e5e-a811-c401f3e698b5" executionId="13b2818e-011a-48ff-b1f1-e2ae825d45e3" testListId="8c84fa94-04c1-424b-9868-57a2d4851a1d" />
    <TestEntry testId="497a5dc2-28fe-4379-998e-e3414942a798" executionId="aef4cff5-79f3-4504-8b11-827ca3704a86" testListId="8c84fa94-04c1-424b-9868-57a2d4851a1d" />
    <TestEntry testId="a6e6589f-9619-4c52-9ee7-0befb626f301" executionId="7bfe6f52-3328-4c17-b13e-c605723ca8b3" testListId="8c84fa94-04c1-424b-9868-57a2d4851a1d" />
    <TestEntry testId="8d0dfab9-c9ba-4bac-b823-4514edb38247" executionId="ba31919e-9d7f-4fce-b270-59828fd0d12a" testListId="8c84fa94-04c1-424b-9868-57a2d4851a1d" />
    <TestEntry testId="264d7a46-51a6-4e54-8bbf-e5ef08878571" executionId="67a88d0c-48a0-457a-85d3-224faf67feb9" testListId="8c84fa94-04c1-424b-9868-57a2d4851a1d" />
    <TestEntry testId="e76356b3-480d-4e69-820d-2ae683692706" executionId="956c651a-1f2f-4f99-84ad-43f71453b9fa" testListId="8c84fa94-04c1-424b-9868-57a2d4851a1d" />
    <TestEntry testId="fb392cd1-5ce7-4478-a52b-3d3ad19e9097" executionId="404bffed-bbd1-47e9-b90d-5540f4c0142e" testListId="8c84fa94-04c1-424b-9868-57a2d4851a1d" />
    <TestEntry testId="bee56492-99ab-4978-a398-6d3fb8eb0739" executionId="f077b675-fce4-4f98-b630-a8494a98d84c" testListId="8c84fa94-04c1-424b-9868-57a2d4851a1d" />
    <TestEntry testId="faa43f42-1c2c-4dbb-a299-12383382c83e" executionId="355cdc45-9770-4814-8954-59a7cfe6fa4d" testListId="8c84fa94-04c1-424b-9868-57a2d4851a1d" />
    <TestEntry testId="4e39dc4e-4e4e-43cf-a038-7dfba4ba349f" executionId="6521151e-5108-4608-8490-8b299691769d" testListId="8c84fa94-04c1-424b-9868-57a2d4851a1d" />
    <TestEntry testId="de1f2988-292d-48a5-98df-10413fba6af8" executionId="738d7aba-91cd-4eec-bfc6-85e5298a895a" testListId="8c84fa94-04c1-424b-9868-57a2d4851a1d" />
    <TestEntry testId="f3fcca2d-439e-40ec-96ec-492d10e531e9" executionId="c5abfc50-941f-4fed-9ed9-d94be7f14cd4" testListId="8c84fa94-04c1-424b-9868-57a2d4851a1d" />
    <TestEntry testId="1d847309-2964-4c73-b2ab-63f2d5ff52bf" executionId="d6f73977-c1a3-4414-9a32-ab46f297eafa" testListId="8c84fa94-04c1-424b-9868-57a2d4851a1d" />
    <TestEntry testId="7bc8b30b-e3c8-464e-a8f3-18592254ed31" executionId="bcdcd2e1-8062-4abe-bcbf-299eff8502f3" testListId="8c84fa94-04c1-424b-9868-57a2d4851a1d" />
    <TestEntry testId="068f1604-a45b-4273-b081-5a915f40a197" executionId="811eb1ac-e6a9-4a71-8f0d-6ce960f9f26c" testListId="8c84fa94-04c1-424b-9868-57a2d4851a1d" />
    <TestEntry testId="2311307b-c3d6-4e0a-b97e-1026d022f054" executionId="fb72a941-bf08-4365-ac0d-837ee041d20a" testListId="8c84fa94-04c1-424b-9868-57a2d4851a1d" />
    <TestEntry testId="3bae61a6-52b1-4790-a92f-b29075d94cdf" executionId="515f63dc-1080-4a86-abf8-3de256d26721" testListId="8c84fa94-04c1-424b-9868-57a2d4851a1d" />
    <TestEntry testId="ba8cf9f6-7ab7-484d-98c3-224569cd512b" executionId="84765d52-62e1-48ca-af17-6fbbe83e8cfb" testListId="8c84fa94-04c1-424b-9868-57a2d4851a1d" />
    <TestEntry testId="9d60cb75-ec30-4dfd-b6ce-2fc5b42e1c07" executionId="d5e9f235-2b93-4cce-a8a5-60744a27b90d" testListId="8c84fa94-04c1-424b-9868-57a2d4851a1d" />
    <TestEntry testId="6c3a9f07-91fa-4d23-a927-a806eac84b57" executionId="776fb419-9cf6-455d-8cd0-bbc120489114" testListId="8c84fa94-04c1-424b-9868-57a2d4851a1d" />
    <TestEntry testId="1e01b1f4-9499-4543-b33e-03a6365a1261" executionId="29be2e8c-6e48-4db2-8c4f-1449e2eb470d" testListId="8c84fa94-04c1-424b-9868-57a2d4851a1d" />
    <TestEntry testId="38dc3230-ee03-44b6-a583-b2e5a1fcb04c" executionId="a8fe9b9d-2d5b-4292-9890-6d7dae8cb1e3" testListId="8c84fa94-04c1-424b-9868-57a2d4851a1d" />
    <TestEntry testId="d39e67f8-7285-4f78-8dc3-488f9e24d18a" executionId="2f0640e4-b473-4cf1-adbb-17d6a03e871f" testListId="8c84fa94-04c1-424b-9868-57a2d4851a1d" />
    <TestEntry testId="acad44e9-81d2-4297-b72c-8db21ed067fe" executionId="3957ce75-0cea-45bf-8a7a-8f4ee0aa8e99" testListId="8c84fa94-04c1-424b-9868-57a2d4851a1d" />
    <TestEntry testId="fc8b2a73-0637-489f-9d4e-d06ac3797a39" executionId="43968410-7a51-49f1-b062-c192540e07d8" testListId="8c84fa94-04c1-424b-9868-57a2d4851a1d" />
    <TestEntry testId="8d62a675-e530-4140-aa08-0a81a2dc07a9" executionId="81e59ca3-7814-44f6-837f-4a9bdfa156bf" testListId="8c84fa94-04c1-424b-9868-57a2d4851a1d" />
    <TestEntry testId="5fc94018-e896-452d-b7f9-e6cf5a0db19b" executionId="1829154c-5659-4e5c-a253-2f7d5677d861" testListId="8c84fa94-04c1-424b-9868-57a2d4851a1d" />
    <TestEntry testId="c8bf44b4-22b4-47af-ade9-0eed847110ae" executionId="c2055d64-9a15-4e9d-bb65-6c9ac7ee8bdb" testListId="8c84fa94-04c1-424b-9868-57a2d4851a1d" />
    <TestEntry testId="9040da76-d707-4b6b-9e77-e692781e30bf" executionId="36e259af-1f9f-492d-ab50-4ffedb7fda88" testListId="8c84fa94-04c1-424b-9868-57a2d4851a1d" />
    <TestEntry testId="df5eed98-e2f1-434e-84ac-ea83c18c1977" executionId="b39fc283-c55d-406e-9c4a-8d5187750ce3" testListId="8c84fa94-04c1-424b-9868-57a2d4851a1d" />
    <TestEntry testId="d6a94fa3-40bc-4a0e-a480-125282ca6050" executionId="17102929-9386-4c68-8f56-d82a32165612" testListId="8c84fa94-04c1-424b-9868-57a2d4851a1d" />
    <TestEntry testId="c219ee47-444d-4c8c-b0f6-3589e1249164" executionId="06d06daf-944f-4fb5-8dc0-e0b53a41eb91" testListId="8c84fa94-04c1-424b-9868-57a2d4851a1d" />
    <TestEntry testId="5d3571ec-9010-4083-9fb2-c7b9d66175d2" executionId="5c31a621-c4f1-4a0b-8bcb-8cd7812500d2" testListId="8c84fa94-04c1-424b-9868-57a2d4851a1d" />
    <TestEntry testId="f652ba27-3def-4f3b-be44-502aa013d88e" executionId="244ae32f-d13f-49d2-8d85-27146b55f9ba" testListId="8c84fa94-04c1-424b-9868-57a2d4851a1d" />
    <TestEntry testId="4e1fa3a0-ec0f-4cb8-b1ca-08326da3dc4a" executionId="a051d8af-7910-42e8-883c-050365e2a3ca" testListId="8c84fa94-04c1-424b-9868-57a2d4851a1d" />
    <TestEntry testId="441a4bcd-334f-4781-9e35-0d1820baa6b4" executionId="b848510f-186d-4847-a73e-4240c54d0bad" testListId="8c84fa94-04c1-424b-9868-57a2d4851a1d" />
    <TestEntry testId="bc40c606-b1f6-4006-85a6-ed086a18d161" executionId="f034c8f6-9a9e-4008-ac33-5c5ccc3a580d" testListId="8c84fa94-04c1-424b-9868-57a2d4851a1d" />
    <TestEntry testId="b3e17eb7-96ba-468a-b1fb-a9aa0fb9af8b" executionId="53e7bb08-de7a-4c48-bbcc-1501ed6da3a8" testListId="8c84fa94-04c1-424b-9868-57a2d4851a1d" />
    <TestEntry testId="0bc37893-c598-4dff-a5ed-0dc50bfcf2f5" executionId="a0dc696a-c02a-4446-9b2e-02735208cbb1" testListId="8c84fa94-04c1-424b-9868-57a2d4851a1d" />
    <TestEntry testId="ea8be8ec-0fc8-45f4-93cc-7dc74ea5dc87" executionId="5046deae-9d39-4aaa-b1f2-1ac17745da9e" testListId="8c84fa94-04c1-424b-9868-57a2d4851a1d" />
    <TestEntry testId="ff0afb58-77ae-4d9a-a5df-0d7b55cddfe9" executionId="10a22526-be5d-41a3-831c-6ee79fcd5e54" testListId="8c84fa94-04c1-424b-9868-57a2d4851a1d" />
    <TestEntry testId="376c83b6-f76b-4597-9c1d-781cd2c877ce" executionId="dd54a5ae-d1da-4585-9e6c-1fdb0aaee631" testListId="8c84fa94-04c1-424b-9868-57a2d4851a1d" />
    <TestEntry testId="34104a21-4861-4108-b922-8e92a49fb603" executionId="428569bb-0343-487f-81ef-ffcf0c12543f" testListId="8c84fa94-04c1-424b-9868-57a2d4851a1d" />
    <TestEntry testId="1cb6f984-7f82-4ba9-a1e3-e95709db9e37" executionId="176db053-b5fc-432c-a0da-f958a5aa5879" testListId="8c84fa94-04c1-424b-9868-57a2d4851a1d" />
    <TestEntry testId="0de78dcb-df8a-4467-811a-f304957f582e" executionId="8f0757df-e5eb-40c3-b938-a03fff69d92d" testListId="8c84fa94-04c1-424b-9868-57a2d4851a1d" />
    <TestEntry testId="ccfe60a1-8278-46be-a568-77e441af9c10" executionId="8948d91c-232f-4092-bd9d-054a47a707c0" testListId="8c84fa94-04c1-424b-9868-57a2d4851a1d" />
    <TestEntry testId="ccdd204a-9c71-47e3-8fc8-a875244625b3" executionId="b29b096c-8a21-4229-bece-216b9bc8060d" testListId="8c84fa94-04c1-424b-9868-57a2d4851a1d" />
    <TestEntry testId="7d5108c4-51ce-4cd7-9e3d-53d8b5de8b4c" executionId="8ef8c9b4-660b-4104-a58d-71a48a577b6d" testListId="8c84fa94-04c1-424b-9868-57a2d4851a1d" />
    <TestEntry testId="a0bc2597-0fae-4b93-8106-6d02fdc7e168" executionId="19d85dd5-4fdd-4c7e-9f2d-26e765dc83f8" testListId="8c84fa94-04c1-424b-9868-57a2d4851a1d" />
    <TestEntry testId="9f9b6f9e-d03f-4290-a4a5-b437daaeede6" executionId="4d13efd6-4f69-4423-9285-ffb49dd8f4a2" testListId="8c84fa94-04c1-424b-9868-57a2d4851a1d" />
    <TestEntry testId="d8ee1fc6-4a2c-4707-85d2-ce50c07489fb" executionId="15098c74-5bca-44a8-9d0b-3aa6ac363687" testListId="8c84fa94-04c1-424b-9868-57a2d4851a1d" />
    <TestEntry testId="aba9ef76-b71b-4ac0-890b-b0823a74ebca" executionId="3667faf7-6bdf-4693-8764-8dab4811b420" testListId="8c84fa94-04c1-424b-9868-57a2d4851a1d" />
    <TestEntry testId="43637814-a272-4b3e-b2bc-ae0314db3ffc" executionId="19e87647-a731-42a5-a906-0fff2153376f" testListId="8c84fa94-04c1-424b-9868-57a2d4851a1d" />
    <TestEntry testId="67bc2728-4b50-40bc-8b4e-038631109bc8" executionId="d7ad44d0-6dc9-4a20-81ee-ef21aa79dd3f" testListId="8c84fa94-04c1-424b-9868-57a2d4851a1d" />
    <TestEntry testId="e8bf717e-aeec-408b-a29b-93175a0132d3" executionId="e0c2001d-406b-4e4b-8f68-57c7fe0fffa2" testListId="8c84fa94-04c1-424b-9868-57a2d4851a1d" />
    <TestEntry testId="bc647d66-d8fe-4378-9753-88847de4cbfe" executionId="0c8c9acf-d59b-402c-9f1d-5d390ada6796" testListId="8c84fa94-04c1-424b-9868-57a2d4851a1d" />
    <TestEntry testId="d90ca741-db87-48db-a9a8-008475bf01ae" executionId="10a9a6c4-9c49-4f8f-9c74-f7a46b45ddfb" testListId="8c84fa94-04c1-424b-9868-57a2d4851a1d" />
    <TestEntry testId="30b7cbeb-30ed-42b1-8c98-b4df4a9b9a11" executionId="d3d7430d-cc8c-4915-b4b6-5efa3d6f0c74" testListId="8c84fa94-04c1-424b-9868-57a2d4851a1d" />
    <TestEntry testId="708e0962-16ab-4218-8e16-1eafc9ce2819" executionId="a67d5334-decf-430a-823e-211bc24339fa" testListId="8c84fa94-04c1-424b-9868-57a2d4851a1d" />
    <TestEntry testId="edf79a10-0e3e-4afb-bbcc-f601e042a42d" executionId="20586130-07d1-472e-8851-8e650985ae29" testListId="8c84fa94-04c1-424b-9868-57a2d4851a1d" />
    <TestEntry testId="cb246839-9057-4b9d-aa02-1a255f20d51e" executionId="744016e6-f4dd-45bd-9377-24b794a9117b" testListId="8c84fa94-04c1-424b-9868-57a2d4851a1d" />
    <TestEntry testId="7eb50c8b-3717-4cc3-81ae-5fbbf49a911a" executionId="0e9b3e41-e186-459b-acce-387367ea427f" testListId="8c84fa94-04c1-424b-9868-57a2d4851a1d" />
    <TestEntry testId="fc49baf0-c259-47eb-85e3-afcd67e2472a" executionId="9e5c05ff-b1f9-4c12-8645-64d307f36553" testListId="8c84fa94-04c1-424b-9868-57a2d4851a1d" />
    <TestEntry testId="86eebf9b-fcd5-4fb4-9a7d-176c9a065ab5" executionId="7000bb7f-e98b-49c8-86c8-5d2d35e49317" testListId="8c84fa94-04c1-424b-9868-57a2d4851a1d" />
    <TestEntry testId="39bd28af-632d-4aa1-b8fc-ff8da68299c4" executionId="bacb4375-ee4a-4e0a-ac8b-b8b79dc4ab28" testListId="8c84fa94-04c1-424b-9868-57a2d4851a1d" />
    <TestEntry testId="44d3f848-4a3b-4ac7-aee9-8635a9bfb317" executionId="2cb8e70f-5616-4d71-9529-8852835bbc38" testListId="8c84fa94-04c1-424b-9868-57a2d4851a1d" />
    <TestEntry testId="ab4bc92a-e573-47b8-93dc-014cb8122ab9" executionId="b3cbd839-8599-409a-b47b-0b1d23782a22" testListId="8c84fa94-04c1-424b-9868-57a2d4851a1d" />
    <TestEntry testId="c09c494a-adf6-48d9-84d4-f62182d60fe2" executionId="260cd6f9-7c2f-4a77-94f4-f4c2108c0e86" testListId="8c84fa94-04c1-424b-9868-57a2d4851a1d" />
    <TestEntry testId="d76e7316-e159-48e5-8595-484732822401" executionId="a86a71b1-a05b-4aba-8b4a-1265741a13e5" testListId="8c84fa94-04c1-424b-9868-57a2d4851a1d" />
    <TestEntry testId="bb1932a7-b27c-439b-a776-3e6eaa0fab1e" executionId="a24645a4-512c-474f-baf1-dbfed62b5098" testListId="8c84fa94-04c1-424b-9868-57a2d4851a1d" />
    <TestEntry testId="8b983e09-7e4b-4830-afd3-c131f9cb7905" executionId="f9f5c965-fbdf-4ef7-9078-e94c42e13b76" testListId="8c84fa94-04c1-424b-9868-57a2d4851a1d" />
    <TestEntry testId="2129c86e-3d0d-49d7-b8fc-4c2f60592171" executionId="dd40fea8-beec-4daa-8d78-e66a2d341952" testListId="8c84fa94-04c1-424b-9868-57a2d4851a1d" />
    <TestEntry testId="d41c1fdd-68a9-4cf7-b764-f6e3c0fba429" executionId="31419136-bf28-4dfd-b652-b8a7c115bbf2" testListId="8c84fa94-04c1-424b-9868-57a2d4851a1d" />
    <TestEntry testId="fa3e48df-8677-48ec-854b-c2f54abcbb21" executionId="4f8ba54e-518e-4ede-9c9a-01165f547e06" testListId="8c84fa94-04c1-424b-9868-57a2d4851a1d" />
    <TestEntry testId="6bf77e5c-e110-4c5c-b13a-9081e8604c68" executionId="01085fb3-2e2c-4e34-9f3d-be4be8de7308" testListId="8c84fa94-04c1-424b-9868-57a2d4851a1d" />
    <TestEntry testId="f34f1018-6f0a-45a2-b66c-65da8af07fab" executionId="a77c1d28-ac70-474c-bf81-91247537b514" testListId="8c84fa94-04c1-424b-9868-57a2d4851a1d" />
    <TestEntry testId="762a6fe3-1d8a-49f0-bd13-9ab37d45a60d" executionId="cb3e0eff-9934-4706-8949-cf3b817eb182" testListId="8c84fa94-04c1-424b-9868-57a2d4851a1d" />
    <TestEntry testId="1e3ac074-659e-48c8-9208-f54e18783e8f" executionId="f9108214-242c-4b03-85c1-7c4aced2b59d" testListId="8c84fa94-04c1-424b-9868-57a2d4851a1d" />
    <TestEntry testId="81e76edd-d762-474c-aa80-7961f30bcae1" executionId="b9c55515-20ff-44b9-bf92-7a4b6a1b7730" testListId="8c84fa94-04c1-424b-9868-57a2d4851a1d" />
    <TestEntry testId="af48fa5e-5ff6-4fa5-8808-9946dee8a95f" executionId="f548f8f5-9823-4c87-b652-688522e15b7f" testListId="8c84fa94-04c1-424b-9868-57a2d4851a1d" />
    <TestEntry testId="c3a5350c-3745-4af5-9020-97fe4e9ca1b0" executionId="98612404-271f-4ab6-8d5a-9dd3779ee0f5" testListId="8c84fa94-04c1-424b-9868-57a2d4851a1d" />
    <TestEntry testId="462441ae-e542-403c-8f54-6d4cec94c21e" executionId="b703352f-b68c-43be-b034-97c01d2a5678" testListId="8c84fa94-04c1-424b-9868-57a2d4851a1d" />
    <TestEntry testId="35ec076d-bc4d-439c-884c-2b7e114f56d7" executionId="1eab9fd0-e242-42d7-a831-cc2407f6c7d6" testListId="8c84fa94-04c1-424b-9868-57a2d4851a1d" />
    <TestEntry testId="e5acd03b-0f9c-43ec-8d95-0c1164008288" executionId="4a723045-0448-4bc1-ac43-b30d6daa6e5a" testListId="8c84fa94-04c1-424b-9868-57a2d4851a1d" />
    <TestEntry testId="7f17a59e-712e-489f-931c-46e551ee5820" executionId="2cb56b4b-06b8-400d-b113-6d536779d734" testListId="8c84fa94-04c1-424b-9868-57a2d4851a1d" />
    <TestEntry testId="fb1f664b-9c1d-40fd-87aa-587efa8f26fd" executionId="35f87a30-5b05-48a1-8058-0d2566317e3c" testListId="8c84fa94-04c1-424b-9868-57a2d4851a1d" />
    <TestEntry testId="cde1f95d-a49e-4c3e-b0df-ead2feb0d079" executionId="a3326930-f26e-43c3-a62d-429d3ca91dd6" testListId="8c84fa94-04c1-424b-9868-57a2d4851a1d" />
    <TestEntry testId="0617d88f-7241-4975-9fba-15292673d9bd" executionId="83438b0d-3e62-46e7-b8af-5106dd5ec774" testListId="8c84fa94-04c1-424b-9868-57a2d4851a1d" />
    <TestEntry testId="aa58cfc9-1539-4646-8cbe-ad9b1ad2bb30" executionId="b81b5767-5267-4c56-bb0e-a3a95dd160f5" testListId="8c84fa94-04c1-424b-9868-57a2d4851a1d" />
    <TestEntry testId="defd4230-92b6-4a0b-93e6-d6921a447206" executionId="7f2c5d0c-3e8c-492a-8c6a-b2ba03c437fa" testListId="8c84fa94-04c1-424b-9868-57a2d4851a1d" />
    <TestEntry testId="b53b249e-601b-4884-8bcf-345b66a1d852" executionId="b3d08fe3-d320-48e2-9c34-c1c18c2a3382" testListId="8c84fa94-04c1-424b-9868-57a2d4851a1d" />
    <TestEntry testId="3d1f9b57-bfa4-4f98-9a4e-93b7a52da27e" executionId="7008eedb-6cc4-4dd1-b6ae-a5d186294dfc" testListId="8c84fa94-04c1-424b-9868-57a2d4851a1d" />
    <TestEntry testId="ef1b2428-85a4-4116-bbdc-5b345bf47aab" executionId="34504dea-479c-4122-a222-e6c171eb9790" testListId="8c84fa94-04c1-424b-9868-57a2d4851a1d" />
    <TestEntry testId="34e54e00-4357-45ee-a9e9-ac8a563fedd1" executionId="a42680e9-653d-46ee-9830-6a223ae67ae7" testListId="8c84fa94-04c1-424b-9868-57a2d4851a1d" />
    <TestEntry testId="6a9d1b61-0a66-4dc4-a95f-fb28a41697c0" executionId="c74be53e-f9bb-41b2-a73a-7ec2846c1a58" testListId="8c84fa94-04c1-424b-9868-57a2d4851a1d" />
    <TestEntry testId="1f8fa388-2420-44a1-8b86-857ef92afb3f" executionId="f340c8c2-641e-406b-986c-ed33fea8dd15" testListId="8c84fa94-04c1-424b-9868-57a2d4851a1d" />
    <TestEntry testId="664709d8-fe35-4267-b755-7e9a454b91c7" executionId="54fccc40-3019-495e-88fa-d20e72cff977" testListId="8c84fa94-04c1-424b-9868-57a2d4851a1d" />
    <TestEntry testId="e858fc4c-aed4-4f9a-85b9-6cb7b8338f05" executionId="7571e6c7-0d27-4b07-a8d7-0533b071d030" testListId="8c84fa94-04c1-424b-9868-57a2d4851a1d" />
    <TestEntry testId="14599b1b-c7ea-41f0-a0aa-5f16abc6ca18" executionId="043dffb4-4ae6-4144-b10b-692f8c28c722" testListId="8c84fa94-04c1-424b-9868-57a2d4851a1d" />
    <TestEntry testId="5dbd76b3-f1b3-4b7d-bebb-4a80065b1316" executionId="8b88365d-e585-4c0a-bab4-f4eed784a8ea" testListId="8c84fa94-04c1-424b-9868-57a2d4851a1d" />
    <TestEntry testId="38747f57-cf42-4004-a53b-a6d95f8162d0" executionId="defec38c-3124-45d7-97fa-92d7de03131a" testListId="8c84fa94-04c1-424b-9868-57a2d4851a1d" />
    <TestEntry testId="6a11e3e3-68aa-42b0-927a-7452ac560083" executionId="782b3954-22fe-45ea-b61a-fe653eb7195c" testListId="8c84fa94-04c1-424b-9868-57a2d4851a1d" />
    <TestEntry testId="17813eab-8a34-4b48-93eb-71fd9c9df166" executionId="f48b40e1-1d8d-4ee9-bf60-15b8b3a8a038" testListId="8c84fa94-04c1-424b-9868-57a2d4851a1d" />
    <TestEntry testId="dc47f15c-fb88-4a23-a43e-ea98eaa3ce4d" executionId="f9f33dc8-1c3d-43c2-9c5b-b8ec99af0567" testListId="8c84fa94-04c1-424b-9868-57a2d4851a1d" />
    <TestEntry testId="f58d2be6-6740-4a14-a6b8-775868778e8d" executionId="e507d1e8-d83b-41da-b55e-456190a756c9" testListId="8c84fa94-04c1-424b-9868-57a2d4851a1d" />
    <TestEntry testId="a0152cbf-f2b4-4a6e-a0b3-f645132f1c3b" executionId="5d66e391-9e7a-4b41-9b5f-52ef60d40e38" testListId="8c84fa94-04c1-424b-9868-57a2d4851a1d" />
    <TestEntry testId="1623f742-d072-45d6-b807-d1ad5872b6d2" executionId="0ff5c2b3-3427-481f-996e-3acec1115344" testListId="8c84fa94-04c1-424b-9868-57a2d4851a1d" />
    <TestEntry testId="87630f87-61eb-4538-9d16-2980367435b3" executionId="7187f168-3f34-404a-b9f5-a23d3c16da8b" testListId="8c84fa94-04c1-424b-9868-57a2d4851a1d" />
    <TestEntry testId="c739de8d-8f7c-4778-9045-d17a499120fe" executionId="3c9a78c6-c023-4d53-8999-aa41a223afa7" testListId="8c84fa94-04c1-424b-9868-57a2d4851a1d" />
    <TestEntry testId="4a3cf998-44ba-4556-968d-b197ad41dfa7" executionId="008edf2a-b3c0-4983-bc10-796057b463b3" testListId="8c84fa94-04c1-424b-9868-57a2d4851a1d" />
    <TestEntry testId="83b508d6-3ed1-4e94-bf1c-e842f79aedc1" executionId="67e6f6cc-f6f8-47a9-aaa5-5cad61d98aad" testListId="8c84fa94-04c1-424b-9868-57a2d4851a1d" />
    <TestEntry testId="97b1e86e-5b1f-4ed9-8f65-b71b5bfc5e5b" executionId="7a35c4eb-100c-49f7-980c-f60e709defc3" testListId="8c84fa94-04c1-424b-9868-57a2d4851a1d" />
    <TestEntry testId="cb39bc3c-3348-4ccf-881a-685ba9688046" executionId="57844738-02f7-4239-9f33-ebcf479bad10" testListId="8c84fa94-04c1-424b-9868-57a2d4851a1d" />
    <TestEntry testId="c18284fb-ef91-4a1c-a890-5be96c020a82" executionId="28f1608b-477c-44ff-a3a6-6f8ad02170e9" testListId="8c84fa94-04c1-424b-9868-57a2d4851a1d" />
    <TestEntry testId="b937f245-6e01-46c5-8c63-5014943f6f53" executionId="e313e216-4dd7-4d98-96ae-473832486c85" testListId="8c84fa94-04c1-424b-9868-57a2d4851a1d" />
    <TestEntry testId="d629964c-3440-4f82-8086-9ed2381dfe36" executionId="4a56a372-1425-4dcb-b743-df199d72ca6f" testListId="8c84fa94-04c1-424b-9868-57a2d4851a1d" />
    <TestEntry testId="deff4dcb-b9f7-4a8a-8be8-9790a6053581" executionId="011bab85-70a9-4843-a654-8f9442f85e60" testListId="8c84fa94-04c1-424b-9868-57a2d4851a1d" />
    <TestEntry testId="0c512dec-0100-4e6e-a1fc-b978b70812c9" executionId="1db59b86-12eb-4deb-bf4d-f2740e8a5ba3" testListId="8c84fa94-04c1-424b-9868-57a2d4851a1d" />
    <TestEntry testId="ebcf68a8-ac10-4cb5-929e-21503aea10c4" executionId="b417568c-47e9-44a3-91b6-8a171abf38f8" testListId="8c84fa94-04c1-424b-9868-57a2d4851a1d" />
    <TestEntry testId="afad8fab-72df-4545-92ab-ff164550608f" executionId="7b09fd63-e161-4d8e-a7ed-e57465be0708" testListId="8c84fa94-04c1-424b-9868-57a2d4851a1d" />
    <TestEntry testId="f374e264-213d-4259-b385-7c54042f166d" executionId="25baa725-ec39-4cd1-93fc-8ce37eae1c11" testListId="8c84fa94-04c1-424b-9868-57a2d4851a1d" />
    <TestEntry testId="7ead8915-7acf-4e52-80a6-1f2ef2db968a" executionId="402b6d5b-02f8-4a52-8b13-97329aa2a4d5" testListId="8c84fa94-04c1-424b-9868-57a2d4851a1d" />
    <TestEntry testId="10f34364-174f-4bdd-ad26-e032b48b4a7f" executionId="061b53a4-8fbf-4a6d-b1fe-99800c71cf64" testListId="8c84fa94-04c1-424b-9868-57a2d4851a1d" />
    <TestEntry testId="fde132b2-b1d4-4db0-9e5e-51800d7f6be6" executionId="dfc7fcb7-afd2-4880-846c-c708e52b8966" testListId="8c84fa94-04c1-424b-9868-57a2d4851a1d" />
    <TestEntry testId="cb27de3c-3b2f-40a8-af57-6e0f9ad0f6fb" executionId="96a799f8-3c57-4127-8e87-ff6212b73b1e" testListId="8c84fa94-04c1-424b-9868-57a2d4851a1d" />
    <TestEntry testId="156aa83d-cbcf-4c8b-b713-78234183ae0a" executionId="7ac96cec-d626-48a0-98dd-65c4799cd5be" testListId="8c84fa94-04c1-424b-9868-57a2d4851a1d" />
    <TestEntry testId="13b40b9c-f1e8-459b-a320-caf802aa8d99" executionId="b4b49674-32b4-4d06-986f-9038108b3289" testListId="8c84fa94-04c1-424b-9868-57a2d4851a1d" />
    <TestEntry testId="5ee0789a-b332-4c6c-97f2-5e4f825e7b84" executionId="dbef0e5b-a759-410f-8e4d-162a59f2b9bb" testListId="8c84fa94-04c1-424b-9868-57a2d4851a1d" />
    <TestEntry testId="121dee3e-61a0-4846-b490-89381969afc5" executionId="2682477c-548f-4343-8a46-4332090cd611" testListId="8c84fa94-04c1-424b-9868-57a2d4851a1d" />
    <TestEntry testId="b6d2f8d1-50c8-422c-a0f8-7db387913482" executionId="5e19d8dc-2deb-48f5-bc54-04ee6eb84b35" testListId="8c84fa94-04c1-424b-9868-57a2d4851a1d" />
    <TestEntry testId="9947c574-eca5-4958-8c77-dd171b2f2e4d" executionId="c6cd184a-cbe4-453a-a094-8211f3e37656" testListId="8c84fa94-04c1-424b-9868-57a2d4851a1d" />
    <TestEntry testId="89313e13-5288-4e6d-a7ad-14704632cad8" executionId="946b6edf-9e99-4829-a4fa-841bd95a70d5" testListId="8c84fa94-04c1-424b-9868-57a2d4851a1d" />
    <TestEntry testId="0092fd1e-c329-4744-ba2d-2a293271b140" executionId="277bc696-8005-4d03-b4dd-0c8ebfa2d4a6" testListId="8c84fa94-04c1-424b-9868-57a2d4851a1d" />
    <TestEntry testId="b4fe5a60-589e-478a-a13c-81e583285005" executionId="a75a9826-4846-411b-8c01-d58ee4b17b89" testListId="8c84fa94-04c1-424b-9868-57a2d4851a1d" />
    <TestEntry testId="e28da329-df4b-4a53-8374-f7bdc8f7eb08" executionId="c81a6651-d380-462e-b24d-55330dec364d" testListId="8c84fa94-04c1-424b-9868-57a2d4851a1d" />
    <TestEntry testId="7c5674f5-9ac9-4df8-be07-ee82ce6a5acc" executionId="194e0adc-0d77-4909-8a9c-e8d434f45b17" testListId="8c84fa94-04c1-424b-9868-57a2d4851a1d" />
    <TestEntry testId="d6b31718-665f-4de0-b431-d53005b2b0cc" executionId="7346a62e-0da4-4d84-9f0c-900ebd6e65d2" testListId="8c84fa94-04c1-424b-9868-57a2d4851a1d" />
    <TestEntry testId="1cf2edc0-5b95-472d-b66e-5a5e593235a0" executionId="cc800359-a99b-418a-9bb8-5f80fec31918" testListId="8c84fa94-04c1-424b-9868-57a2d4851a1d" />
    <TestEntry testId="fe174842-2221-4f45-aefa-abdc266e27d1" executionId="4e1c6b7a-0b4c-4ead-8d77-10d7e00ee2ba" testListId="8c84fa94-04c1-424b-9868-57a2d4851a1d" />
    <TestEntry testId="333bd5cc-aed9-49b2-8f43-4ac593bf911e" executionId="aebdb543-408e-43ca-b8f8-48933a9ad6ee" testListId="8c84fa94-04c1-424b-9868-57a2d4851a1d" />
    <TestEntry testId="458b87ca-e17a-455c-81e9-3c820fb4bec7" executionId="1df86e64-8276-4773-8c3e-ef446b525cd0" testListId="8c84fa94-04c1-424b-9868-57a2d4851a1d" />
    <TestEntry testId="688107a8-bf4f-459b-b317-487153c11c4b" executionId="a57b4ee1-1a6a-4f4d-921c-52e3fb09dc3b" testListId="8c84fa94-04c1-424b-9868-57a2d4851a1d" />
    <TestEntry testId="323c78c5-fbc2-4bcc-a417-efadeb9907b0" executionId="834c3d26-406c-469f-9e91-d47ca7dc709c" testListId="8c84fa94-04c1-424b-9868-57a2d4851a1d" />
    <TestEntry testId="55097123-3389-4abc-a749-726c31bd11d3" executionId="9b8f8ef7-253c-4cb8-91e2-b7337de2e2c9" testListId="8c84fa94-04c1-424b-9868-57a2d4851a1d" />
    <TestEntry testId="35894fcb-505b-4956-a381-d81f9a3b1ea2" executionId="4f5aca81-f7cd-4aed-b039-498014be728a" testListId="8c84fa94-04c1-424b-9868-57a2d4851a1d" />
    <TestEntry testId="9f5320a3-09e3-48cc-a715-22bd16f6766d" executionId="d711973e-d34c-4e0b-9105-244a02d73a68" testListId="8c84fa94-04c1-424b-9868-57a2d4851a1d" />
    <TestEntry testId="855da7bb-f86f-4f5d-9b08-becc4058e4f5" executionId="9b591bd5-c874-4777-823c-d3a82548c32c" testListId="8c84fa94-04c1-424b-9868-57a2d4851a1d" />
    <TestEntry testId="cbf2c46e-df28-4bfd-8b3d-5f2ca514c0ff" executionId="749a19b9-6092-4e74-94df-373b5597264a" testListId="8c84fa94-04c1-424b-9868-57a2d4851a1d" />
    <TestEntry testId="4e1be6d1-71ee-4353-a64f-48d1aacd28a1" executionId="897cd0d1-ac13-404f-8d9f-d5a149458a34" testListId="8c84fa94-04c1-424b-9868-57a2d4851a1d" />
    <TestEntry testId="97ac0eb9-86e5-4538-bec7-dcce206b76a4" executionId="858d8903-5987-4f02-9549-f97069a2449c" testListId="8c84fa94-04c1-424b-9868-57a2d4851a1d" />
    <TestEntry testId="4d0d73f8-7b86-467c-9a02-8838e4347b9a" executionId="88f2023e-c00f-46ee-9507-4f2835d89960" testListId="8c84fa94-04c1-424b-9868-57a2d4851a1d" />
    <TestEntry testId="d98f5d13-19a8-49b4-bcf5-68b0d297a683" executionId="82ee6653-7b58-4c58-9364-308975b73aac" testListId="8c84fa94-04c1-424b-9868-57a2d4851a1d" />
    <TestEntry testId="6f4dcd27-03c1-4de8-85db-74ae60b7c0bb" executionId="bf08f9ae-d099-48b7-8384-e4a22645bc5e" testListId="8c84fa94-04c1-424b-9868-57a2d4851a1d" />
    <TestEntry testId="49863d7a-f8a9-47ef-84c1-979d991e0482" executionId="d83b11e2-3ec2-4bd6-a0b2-8d3b839768fa" testListId="8c84fa94-04c1-424b-9868-57a2d4851a1d" />
    <TestEntry testId="b8e591f4-1f81-4904-8c0e-bbbe21b8ec84" executionId="5fa81989-15a4-4ae8-9066-4e557be7b890" testListId="8c84fa94-04c1-424b-9868-57a2d4851a1d" />
    <TestEntry testId="98890bd6-d27d-465a-9d59-99c4c1df9002" executionId="5c95de8f-c86e-4b6f-861b-5d19d47792be" testListId="8c84fa94-04c1-424b-9868-57a2d4851a1d" />
    <TestEntry testId="16a8c7a0-eb75-46b3-a287-f683a5761f71" executionId="dfddbffe-ab72-4d77-b295-679fa944ef31" testListId="8c84fa94-04c1-424b-9868-57a2d4851a1d" />
    <TestEntry testId="c5419816-7b05-4c91-b33e-7459f80744d8" executionId="8ff39257-0f1b-4b0a-85a6-45f6218c33cc" testListId="8c84fa94-04c1-424b-9868-57a2d4851a1d" />
    <TestEntry testId="f07b0a54-4b7c-4c26-b968-9171ee26cc58" executionId="2fc79e96-8616-484e-99a7-7372e398ec74" testListId="8c84fa94-04c1-424b-9868-57a2d4851a1d" />
    <TestEntry testId="d13636f1-ae80-4964-882a-7a5d4ec6dca9" executionId="de53e211-ed1f-4df8-b9ba-6fcb2dd67332" testListId="8c84fa94-04c1-424b-9868-57a2d4851a1d" />
    <TestEntry testId="bfe6ddbb-9853-4df8-9aa5-ac2f287e57d9" executionId="78bd5d67-f7f2-46c3-ac91-0f5ec63e8e57" testListId="8c84fa94-04c1-424b-9868-57a2d4851a1d" />
    <TestEntry testId="88bed14c-478b-42b2-8902-74569d91d437" executionId="117b19eb-24c8-476c-9c34-61a147a2830a" testListId="8c84fa94-04c1-424b-9868-57a2d4851a1d" />
    <TestEntry testId="24b2ed23-d863-47b5-a540-fd804bdc74f0" executionId="05fbd672-683e-4e2f-a66b-187cf49df84c" testListId="8c84fa94-04c1-424b-9868-57a2d4851a1d" />
    <TestEntry testId="a8cdc43f-9e99-408c-8445-d795546f13bc" executionId="f1b713d1-9fe9-4fa5-9d1c-4cd5658b1f64" testListId="8c84fa94-04c1-424b-9868-57a2d4851a1d" />
    <TestEntry testId="f6bfa9b7-d866-4c94-9548-2a91048d5506" executionId="07bbddb9-1f97-4f44-ab35-f16a39eba94f" testListId="8c84fa94-04c1-424b-9868-57a2d4851a1d" />
    <TestEntry testId="41d860c0-859d-4661-802c-ee7db31508e3" executionId="5f7291a6-f4ea-476a-93b0-1aabeb4e0c70" testListId="8c84fa94-04c1-424b-9868-57a2d4851a1d" />
    <TestEntry testId="8dd4ef9b-146f-42a5-84a5-53bccc396570" executionId="5c37bc62-95cf-4a90-9d9f-63cf1cbc61bb" testListId="8c84fa94-04c1-424b-9868-57a2d4851a1d" />
    <TestEntry testId="a33f8d3a-16e0-4c35-ad6f-f8758f11900b" executionId="b96ee171-1313-49ce-9e2c-a1e6ff8fe7c4" testListId="8c84fa94-04c1-424b-9868-57a2d4851a1d" />
    <TestEntry testId="6cddd690-34bd-40b6-bc17-246ec30bbe08" executionId="cf6c320c-8144-4c57-b8e5-66c99c67ab3f" testListId="8c84fa94-04c1-424b-9868-57a2d4851a1d" />
    <TestEntry testId="41afaecc-4b69-46d2-9750-9116056aba66" executionId="9d47bef5-c1b2-4fcb-84e8-221f1a55736c" testListId="8c84fa94-04c1-424b-9868-57a2d4851a1d" />
    <TestEntry testId="21297730-3dbf-4ee1-8233-0e44b6a73e05" executionId="d1d02ac9-8f5d-463f-809f-6c54da097377" testListId="8c84fa94-04c1-424b-9868-57a2d4851a1d" />
    <TestEntry testId="9852b7e9-d524-4202-82f0-36c546db740b" executionId="3a8dd380-ac00-4b9c-82d2-de80e7772659" testListId="8c84fa94-04c1-424b-9868-57a2d4851a1d" />
    <TestEntry testId="24041564-03f2-4ae9-ae07-b967a80bd01c" executionId="f7bfbf9c-d708-4d85-b34c-6cc1e00554fb" testListId="8c84fa94-04c1-424b-9868-57a2d4851a1d" />
    <TestEntry testId="80285c34-b356-4dc5-8133-081ce62748cc" executionId="9bc56d91-9ce5-4408-b63d-213f780aa4a0" testListId="8c84fa94-04c1-424b-9868-57a2d4851a1d" />
    <TestEntry testId="dbdcbfda-eb28-49e9-a0fb-05dbff126ab3" executionId="87f53d77-3dc9-4379-a784-63de492ec591" testListId="8c84fa94-04c1-424b-9868-57a2d4851a1d" />
    <TestEntry testId="0e624baa-610e-4d25-abcb-030060e4a63f" executionId="62b7cd0b-032c-42b4-8cfe-ee4e7a6669b2" testListId="8c84fa94-04c1-424b-9868-57a2d4851a1d" />
    <TestEntry testId="89b06255-3a13-4fb9-8d74-f3c5b1070bdb" executionId="c2832637-e340-4a5e-a03e-01339eb4a68f" testListId="8c84fa94-04c1-424b-9868-57a2d4851a1d" />
    <TestEntry testId="d42e16e1-e490-49ab-acf5-95c13ad19f7b" executionId="289e39fd-e165-4564-916f-1e287e50fd61" testListId="8c84fa94-04c1-424b-9868-57a2d4851a1d" />
    <TestEntry testId="68790535-4e77-46f8-a097-83278c432498" executionId="45706bfd-0aaf-4e72-98c4-566c7266240b" testListId="8c84fa94-04c1-424b-9868-57a2d4851a1d" />
    <TestEntry testId="584a1012-9a20-44c2-9cac-d6d4badb24cb" executionId="1d65e3c4-fc07-4fd9-9e31-55b326f10a46" testListId="8c84fa94-04c1-424b-9868-57a2d4851a1d" />
    <TestEntry testId="d8cf66c9-dc73-4e81-9b85-94cafeed77d1" executionId="5088dee0-f1f3-48b4-8c13-b45e3405b633" testListId="8c84fa94-04c1-424b-9868-57a2d4851a1d" />
    <TestEntry testId="9a274993-89cf-4520-8407-aa7b3f03e427" executionId="6947dc1c-1899-478e-a114-9056a3b57f70" testListId="8c84fa94-04c1-424b-9868-57a2d4851a1d" />
    <TestEntry testId="fafa9993-06b3-4e78-9bed-b27bfb25eefa" executionId="e6a2fb5f-6d5e-44d7-b03f-6d125b949773" testListId="8c84fa94-04c1-424b-9868-57a2d4851a1d" />
    <TestEntry testId="2e602b29-9c12-4bdf-ac04-544762bf091f" executionId="f878797f-efa8-4328-ab8f-7f233c8b9254" testListId="8c84fa94-04c1-424b-9868-57a2d4851a1d" />
    <TestEntry testId="1b316013-f113-4e02-bfec-94dacb4a4d64" executionId="dd5c9169-346c-45e9-95d5-17dd5d92739b" testListId="8c84fa94-04c1-424b-9868-57a2d4851a1d" />
    <TestEntry testId="026992ba-b183-4d67-b928-b6fb7e6e2fce" executionId="9f757168-8287-4f40-9057-4d70a0e5111c" testListId="8c84fa94-04c1-424b-9868-57a2d4851a1d" />
    <TestEntry testId="b9c591f8-70e1-4c3b-bf26-0d6754975307" executionId="877f1cf7-601d-4588-b18a-c0446156565c" testListId="8c84fa94-04c1-424b-9868-57a2d4851a1d" />
    <TestEntry testId="9abb54b3-dc72-48e4-bfb8-b2358767ca74" executionId="99707b00-057f-4129-b1ab-2324e25b861a" testListId="8c84fa94-04c1-424b-9868-57a2d4851a1d" />
    <TestEntry testId="d537f421-3184-4d55-9b3e-23770bd47e64" executionId="e556a3af-7a7c-455d-be28-5d62632ac4b1" testListId="8c84fa94-04c1-424b-9868-57a2d4851a1d" />
    <TestEntry testId="ab3a5f27-10de-4edf-8078-3f1449d821f6" executionId="be6f9a6d-30c7-44bc-b047-2eb21564fae7" testListId="8c84fa94-04c1-424b-9868-57a2d4851a1d" />
    <TestEntry testId="65c59c3a-f9da-4db5-9bf0-8e75099c3964" executionId="5035c0a1-cfc3-4d72-ad54-29eb17480bcb" testListId="8c84fa94-04c1-424b-9868-57a2d4851a1d" />
    <TestEntry testId="370ffe0d-f253-4d41-926e-1612ee064e33" executionId="a4bdeeea-1b12-4625-9f50-89bbae8b8c02" testListId="8c84fa94-04c1-424b-9868-57a2d4851a1d" />
    <TestEntry testId="ac75cd37-907d-47ce-a0ed-312593d0ec6b" executionId="a0459fdd-d323-4f4b-a2b1-cb180b9e49aa" testListId="8c84fa94-04c1-424b-9868-57a2d4851a1d" />
    <TestEntry testId="de9edea1-7a93-4a02-a1a5-7014435e69d2" executionId="f284211e-1d9f-4f22-b458-d7f3258a9f24" testListId="8c84fa94-04c1-424b-9868-57a2d4851a1d" />
    <TestEntry testId="4d959000-5ce3-4ee3-a5c7-63b2c187271d" executionId="94c9e724-1c4e-4111-9114-d52ed7682255" testListId="8c84fa94-04c1-424b-9868-57a2d4851a1d" />
    <TestEntry testId="47f3a68a-3e40-4579-9cef-f8a866b7c551" executionId="3c062e36-6187-4a1e-a9fe-6b6bd4e97477" testListId="8c84fa94-04c1-424b-9868-57a2d4851a1d" />
    <TestEntry testId="f12d1271-7957-4aae-aff5-83eb5114e72f" executionId="6ac6a60b-1620-49be-96b1-57d8b0166c64" testListId="8c84fa94-04c1-424b-9868-57a2d4851a1d" />
    <TestEntry testId="f52556a7-8474-4605-9df7-6373123acbb4" executionId="7dac4bdb-0888-4ccb-9f4f-d6287e5cb217" testListId="8c84fa94-04c1-424b-9868-57a2d4851a1d" />
    <TestEntry testId="4260beac-79f5-4545-8ecd-1e8b5da8fc3f" executionId="faec914c-30f0-4309-af9b-6c0221c1adc0" testListId="8c84fa94-04c1-424b-9868-57a2d4851a1d" />
    <TestEntry testId="01fe5472-f0ef-4e9f-a32d-5a38dfadfe46" executionId="c01e48a0-c3ea-47f7-81e7-9678bab90328" testListId="8c84fa94-04c1-424b-9868-57a2d4851a1d" />
    <TestEntry testId="ed787259-b064-4181-8f20-af3d4907ffd7" executionId="18e378ce-dacf-451c-b8cd-f4446ed64481" testListId="8c84fa94-04c1-424b-9868-57a2d4851a1d" />
    <TestEntry testId="d679a2cc-d954-4339-8a9a-e5a49e4f8e34" executionId="2374b6a4-4a9b-48b1-9785-b070503c2b2e" testListId="8c84fa94-04c1-424b-9868-57a2d4851a1d" />
    <TestEntry testId="cdb03de1-4088-4817-afe4-22f97559eeb4" executionId="786fd584-24ce-4f07-967f-87a1106da5da" testListId="8c84fa94-04c1-424b-9868-57a2d4851a1d" />
    <TestEntry testId="bf950865-9dfc-48d2-a40b-9ed079fcd29a" executionId="5d7caa98-8efe-46a6-b97c-ee39b447cc68" testListId="8c84fa94-04c1-424b-9868-57a2d4851a1d" />
    <TestEntry testId="5e672ab3-5999-4c32-992d-9e86311fed2b" executionId="1b588323-e69c-4a39-88ea-623acddf2d24" testListId="8c84fa94-04c1-424b-9868-57a2d4851a1d" />
    <TestEntry testId="fd0758b4-62ac-4ace-b14c-4e760599792d" executionId="92e9068e-4723-48c1-a1d5-5b2f7dcb3606" testListId="8c84fa94-04c1-424b-9868-57a2d4851a1d" />
    <TestEntry testId="141cf42c-736c-492d-903a-4f9a85ad82be" executionId="17753e62-ff88-4b3c-a526-af981f3a3f9c" testListId="8c84fa94-04c1-424b-9868-57a2d4851a1d" />
    <TestEntry testId="1cd67ef7-7c6d-48d2-82cc-85698c3599ce" executionId="9c794ade-9125-438d-a00b-b696cc05e454" testListId="8c84fa94-04c1-424b-9868-57a2d4851a1d" />
    <TestEntry testId="3be081c6-f006-43ad-b838-329fd6fd21b4" executionId="35f30cea-7688-4c56-969f-700f128cc90a" testListId="8c84fa94-04c1-424b-9868-57a2d4851a1d" />
    <TestEntry testId="6d1d9961-b6e2-4b3c-abc0-b968234f4293" executionId="08880d44-5b24-426d-9569-d28c38503b74" testListId="8c84fa94-04c1-424b-9868-57a2d4851a1d" />
    <TestEntry testId="3615659f-5347-478d-963e-7265d972433b" executionId="8501f2bd-00cf-477d-ae29-7e38da2e357f" testListId="8c84fa94-04c1-424b-9868-57a2d4851a1d" />
    <TestEntry testId="5cb4dfd7-9ae6-4204-a252-4ac3be784eb2" executionId="ad37f7cc-aa0a-4c4b-8864-e4db7f6ef3d9" testListId="8c84fa94-04c1-424b-9868-57a2d4851a1d" />
    <TestEntry testId="fa9fb699-4c7d-488e-9d88-36306e9a448b" executionId="2de90cf3-f99f-4860-807a-5a07347b6b37" testListId="8c84fa94-04c1-424b-9868-57a2d4851a1d" />
    <TestEntry testId="76d081e6-2953-43bd-99e3-565fb81e036e" executionId="b2501275-9f6c-44bf-813f-7435e31844a7" testListId="8c84fa94-04c1-424b-9868-57a2d4851a1d" />
    <TestEntry testId="e3aafd49-8414-47b9-a3d0-28707d849e1d" executionId="2660644f-c634-4dfb-9398-7d6dd81516ed" testListId="8c84fa94-04c1-424b-9868-57a2d4851a1d" />
    <TestEntry testId="dfe7b2cf-7788-4009-80f2-f739cf89656f" executionId="be9c9d56-2848-4857-96cd-06a286b7c108" testListId="8c84fa94-04c1-424b-9868-57a2d4851a1d" />
    <TestEntry testId="8e7c30f8-9024-4215-bff6-7b75083d905e" executionId="6e60b341-9e5f-4f41-a974-fda8c9240a8d" testListId="8c84fa94-04c1-424b-9868-57a2d4851a1d" />
    <TestEntry testId="96cd5a14-74ab-4936-92ad-7cad9136bbd5" executionId="582c328f-2e01-45fe-8cda-623c8ccf2414" testListId="8c84fa94-04c1-424b-9868-57a2d4851a1d" />
    <TestEntry testId="3bcb99d7-f6b5-416e-88c6-749f691b3625" executionId="cdd2d006-f2c4-4c8d-b9b8-cbe4071b6a6b" testListId="8c84fa94-04c1-424b-9868-57a2d4851a1d" />
    <TestEntry testId="c9bcf9f0-874e-4dc0-91b8-f395680fa6ae" executionId="84caeca9-b83b-47be-8ca8-018e79e82fdf" testListId="8c84fa94-04c1-424b-9868-57a2d4851a1d" />
    <TestEntry testId="ae327e7f-1ffc-46bb-90fa-49a9bf6e1fbd" executionId="ba38dc09-c893-428d-8f13-d446d079ee20" testListId="8c84fa94-04c1-424b-9868-57a2d4851a1d" />
    <TestEntry testId="3068c3c2-6117-4166-a5ff-411e01dc7de1" executionId="bed96912-048c-48f7-849e-eb0c9b8cc4a1" testListId="8c84fa94-04c1-424b-9868-57a2d4851a1d" />
    <TestEntry testId="b54922c2-c157-4e9b-b61a-9e21091146e7" executionId="a2f0686b-62f6-490c-8f81-60fec454c1d2" testListId="8c84fa94-04c1-424b-9868-57a2d4851a1d" />
    <TestEntry testId="61aa5487-d387-4e5d-b349-a55c9f2da87c" executionId="67b5383f-7700-43f5-b8dc-1a3eab9d0a74" testListId="8c84fa94-04c1-424b-9868-57a2d4851a1d" />
    <TestEntry testId="0d30051c-50bd-4e95-a5da-a795a7590437" executionId="872a0af3-fb2f-416d-9fee-16180f2d0f3a" testListId="8c84fa94-04c1-424b-9868-57a2d4851a1d" />
    <TestEntry testId="ad002b08-cfb1-49ec-919c-480889be6862" executionId="01bbd953-f4d7-4ceb-823f-fe1080d0e6c5" testListId="8c84fa94-04c1-424b-9868-57a2d4851a1d" />
    <TestEntry testId="2bcf4d65-acc5-4488-93d5-c7bb1fcd0655" executionId="57e23d51-24d9-48b4-9945-105ad9c67502" testListId="8c84fa94-04c1-424b-9868-57a2d4851a1d" />
    <TestEntry testId="601bfbd1-a634-42ac-989b-95ae55e2cc2f" executionId="8037bebd-9f42-4d61-8a56-2642e576bedf" testListId="8c84fa94-04c1-424b-9868-57a2d4851a1d" />
    <TestEntry testId="55d3fba7-947c-4a99-a6c1-6941257298fc" executionId="66d74407-93b2-4012-90a1-7fae37196835" testListId="8c84fa94-04c1-424b-9868-57a2d4851a1d" />
    <TestEntry testId="a39be214-338d-4d3b-b7f2-6ba779656ebf" executionId="8dbe99c4-e99c-4139-92da-0efce586aaf3" testListId="8c84fa94-04c1-424b-9868-57a2d4851a1d" />
    <TestEntry testId="b44e5926-165a-4aa2-9965-d8518f5942dd" executionId="9f1ab33d-fcea-41d8-b8f1-97b4a892f3d2" testListId="8c84fa94-04c1-424b-9868-57a2d4851a1d" />
    <TestEntry testId="3ddb81b1-59c7-4d59-9fee-a3c39fc750fe" executionId="5ac4a231-f3a5-4318-befa-afd29e95848e" testListId="8c84fa94-04c1-424b-9868-57a2d4851a1d" />
    <TestEntry testId="be03a2c1-7fc9-49d4-8000-fa3136cb9bd2" executionId="68f8b54e-e913-489b-8e1e-222e11d4b6cc" testListId="8c84fa94-04c1-424b-9868-57a2d4851a1d" />
    <TestEntry testId="0fdedb4a-0c19-434d-9e57-05440cd861ee" executionId="cf94fa98-03ac-4094-be5a-4b599c16a856" testListId="8c84fa94-04c1-424b-9868-57a2d4851a1d" />
    <TestEntry testId="33c8ee7f-cdb1-4235-9452-cc8c3f40e68f" executionId="a252a1c2-c097-4932-b9d2-a4e6a85a2752" testListId="8c84fa94-04c1-424b-9868-57a2d4851a1d" />
    <TestEntry testId="d240b5ac-73fb-4b59-9d20-3e414edf3abb" executionId="80c3d346-6c56-4b7d-97df-b2a89f451caa" testListId="8c84fa94-04c1-424b-9868-57a2d4851a1d" />
    <TestEntry testId="82461d47-2d7c-4068-aa9b-07c128f8797c" executionId="1d417efa-b467-41c3-bd6f-e9e38cc29a56" testListId="8c84fa94-04c1-424b-9868-57a2d4851a1d" />
    <TestEntry testId="aaba47fc-1581-44a8-ae9c-27e43b9c631d" executionId="2fc9e0fe-b276-4f5e-b162-83006071b472" testListId="8c84fa94-04c1-424b-9868-57a2d4851a1d" />
    <TestEntry testId="4c249a64-de28-4c33-82ff-6ec930446968" executionId="db421a18-39db-43c1-ad8e-583b45a5c16f" testListId="8c84fa94-04c1-424b-9868-57a2d4851a1d" />
    <TestEntry testId="2c49619e-6cd6-4b2c-b5da-fbf2c9810276" executionId="0235318b-92d1-4965-a9dd-8b4e569c782b" testListId="8c84fa94-04c1-424b-9868-57a2d4851a1d" />
    <TestEntry testId="1e0cbc8f-924f-4288-a7e9-042d25828044" executionId="6e5cc8e8-c44e-4f93-aca2-806ccd87c3c0" testListId="8c84fa94-04c1-424b-9868-57a2d4851a1d" />
    <TestEntry testId="490e873d-dd4d-4372-96a6-2cb138949bdd" executionId="e15f2173-4552-44b8-9bce-f1ff28a01499" testListId="8c84fa94-04c1-424b-9868-57a2d4851a1d" />
    <TestEntry testId="bbc7fbcb-664a-4736-bbf4-0951700edac3" executionId="0774a239-63f9-451c-b4bd-71b8785860eb" testListId="8c84fa94-04c1-424b-9868-57a2d4851a1d" />
    <TestEntry testId="174f15d5-08ad-4f12-9970-f53d609f5ab1" executionId="145557a0-f10c-4310-991e-d382bbfee16b" testListId="8c84fa94-04c1-424b-9868-57a2d4851a1d" />
    <TestEntry testId="f1b2e85d-f36a-4194-b966-51239bc49db1" executionId="5f43095d-8d5d-4fa1-99db-df30c8a69c34" testListId="8c84fa94-04c1-424b-9868-57a2d4851a1d" />
    <TestEntry testId="7f17358a-deda-4f2a-8e44-67aa43e2320c" executionId="7d4c0524-ed60-4cc6-bebf-a1a9ac869baa" testListId="8c84fa94-04c1-424b-9868-57a2d4851a1d" />
    <TestEntry testId="49f90e52-2e42-43d8-a9ef-57ab641a2c9e" executionId="a3147fe8-47bc-4b20-8c43-4968fd0e8a15" testListId="8c84fa94-04c1-424b-9868-57a2d4851a1d" />
    <TestEntry testId="0dcdbafa-9536-4d46-bbe5-8a162ac5eafb" executionId="c3b4403f-e5a3-4a24-bd16-7d4af311e4f6" testListId="8c84fa94-04c1-424b-9868-57a2d4851a1d" />
    <TestEntry testId="aa7e74dd-5a75-40a5-b9ed-9935edd844e1" executionId="95da3b53-21f5-433a-af7e-858c6198321b" testListId="8c84fa94-04c1-424b-9868-57a2d4851a1d" />
    <TestEntry testId="664150ff-5b0d-42ae-8ea6-6aef6776c8b6" executionId="0777471c-d5f6-4eae-b8b5-1df70fbedc82" testListId="8c84fa94-04c1-424b-9868-57a2d4851a1d" />
    <TestEntry testId="1b6b97c2-b06d-4302-bf4c-552fb424f2d4" executionId="cf871a6a-15a9-481b-8847-9e85e20ce21b" testListId="8c84fa94-04c1-424b-9868-57a2d4851a1d" />
    <TestEntry testId="817b1b9b-70a0-42ae-bc71-301f4c06f766" executionId="818d030c-fa31-49c8-89f9-4529b1ffc76a" testListId="8c84fa94-04c1-424b-9868-57a2d4851a1d" />
    <TestEntry testId="28f2be61-f23d-4805-b70d-45cf911af1d0" executionId="228a0a1c-bf84-4f80-9aa7-ad743b800ead" testListId="8c84fa94-04c1-424b-9868-57a2d4851a1d" />
    <TestEntry testId="18f55ecd-41da-4094-9fad-3fc6b8a02e24" executionId="5f52962e-01ab-48b2-a1af-20fba7a361ee" testListId="8c84fa94-04c1-424b-9868-57a2d4851a1d" />
    <TestEntry testId="e4cf1bd8-4b9f-405c-8e21-17b94064abcf" executionId="e5ffc04a-2d0c-4abf-bdcb-17e1da0df1b6" testListId="8c84fa94-04c1-424b-9868-57a2d4851a1d" />
    <TestEntry testId="401de33c-d6c6-4742-af1d-b0689384a422" executionId="68cb4cfb-8d2e-4b7a-a7f5-65314379d64c" testListId="8c84fa94-04c1-424b-9868-57a2d4851a1d" />
    <TestEntry testId="a7e8a3cc-4e2b-4cec-921f-87b4adae7437" executionId="57600107-dfa8-4f55-af4c-169d4c68f673" testListId="8c84fa94-04c1-424b-9868-57a2d4851a1d" />
    <TestEntry testId="13e44da0-ed47-4943-ac35-0eadf70bc680" executionId="d93736da-b13e-4d67-a78f-291360640800" testListId="8c84fa94-04c1-424b-9868-57a2d4851a1d" />
    <TestEntry testId="617f9df4-8413-430f-9ddd-e0c4f867dc01" executionId="ff730e6c-e281-4a76-bcd5-ad49bd23a1f6" testListId="8c84fa94-04c1-424b-9868-57a2d4851a1d" />
    <TestEntry testId="cbc1fd76-e634-4a5e-a39d-d966bf72428d" executionId="0c30dfa5-bbee-4a43-bec9-39f11652237a" testListId="8c84fa94-04c1-424b-9868-57a2d4851a1d" />
    <TestEntry testId="1addae71-1f2f-4886-9073-47abd160a56d" executionId="f0f64587-45a7-478c-854a-b39a17abaac0" testListId="8c84fa94-04c1-424b-9868-57a2d4851a1d" />
    <TestEntry testId="f02a319c-e6ac-4278-bdec-5f685bf4c3bc" executionId="e7635ad1-0daf-4dd0-af7a-de6bbba26854" testListId="8c84fa94-04c1-424b-9868-57a2d4851a1d" />
    <TestEntry testId="7b5be877-9da3-4459-bb18-e99a1744653e" executionId="0f05aca2-57bf-4dc9-a27f-cd4f8579b825" testListId="8c84fa94-04c1-424b-9868-57a2d4851a1d" />
    <TestEntry testId="5b1d7a85-e9c0-4d85-b8c9-fbf216f8fc6a" executionId="efd7b7dc-d513-4978-aeb7-2d87e8e9f63b" testListId="8c84fa94-04c1-424b-9868-57a2d4851a1d" />
    <TestEntry testId="dedcc320-3c4f-4c17-af21-5dbc434f99a9" executionId="f610a660-6c2d-4daf-9b06-32c020547d90" testListId="8c84fa94-04c1-424b-9868-57a2d4851a1d" />
    <TestEntry testId="d8919ae3-36c7-4ee6-8bad-ce5af4bbeddd" executionId="fdea7d88-0dd4-4f89-b1e8-6e704623b6c3" testListId="8c84fa94-04c1-424b-9868-57a2d4851a1d" />
    <TestEntry testId="42cb4cc6-b844-443f-995a-80b8deef468a" executionId="b05e28fb-e322-419e-9f84-27d5adf691cf" testListId="8c84fa94-04c1-424b-9868-57a2d4851a1d" />
    <TestEntry testId="8bb143ed-1b2e-4986-8e29-3294f1545dd2" executionId="85d4da08-6bb3-4328-8824-e7e4a46c87b9" testListId="8c84fa94-04c1-424b-9868-57a2d4851a1d" />
    <TestEntry testId="be8aa422-18f1-4f71-8ff8-6eaa5c590c70" executionId="66427ba6-143b-457a-925d-a6e0d0604e53" testListId="8c84fa94-04c1-424b-9868-57a2d4851a1d" />
    <TestEntry testId="11b763fd-5495-4910-a69b-4a81a4cc3106" executionId="87aef33c-b98f-4bd2-9673-ece5883e3d95" testListId="8c84fa94-04c1-424b-9868-57a2d4851a1d" />
    <TestEntry testId="0e89102a-4b4d-445c-9133-2f67473f2baf" executionId="0bb904c3-ef3d-4c44-ba25-88e10ac460a0" testListId="8c84fa94-04c1-424b-9868-57a2d4851a1d" />
    <TestEntry testId="0813af3e-6aed-4cf6-9e81-894cce20be02" executionId="763bd255-a4a9-4112-8cb7-dc736aa0d37c" testListId="8c84fa94-04c1-424b-9868-57a2d4851a1d" />
    <TestEntry testId="c6294928-5d7d-4650-9b3d-72a993549a3e" executionId="ee0ce18d-b282-4567-ad44-294f158ed8b2" testListId="8c84fa94-04c1-424b-9868-57a2d4851a1d" />
    <TestEntry testId="cd6253fa-2d11-4850-9156-4e9c31a7d3b7" executionId="4a3f6569-d18e-41df-a644-e45dd42251d6" testListId="8c84fa94-04c1-424b-9868-57a2d4851a1d" />
    <TestEntry testId="b5f70501-7f46-4e16-ab05-c59a8e2e1e2b" executionId="0125e2d2-52be-44c5-aba1-46b099a45ccf" testListId="8c84fa94-04c1-424b-9868-57a2d4851a1d" />
    <TestEntry testId="6a5bbb04-b891-42e9-9f8c-8e46c5ea38db" executionId="601d5b56-0618-42eb-b7bd-537329933ff8" testListId="8c84fa94-04c1-424b-9868-57a2d4851a1d" />
    <TestEntry testId="bedf300f-6518-43a4-bb7e-ac9fae740372" executionId="c8ff160f-a49e-4504-af0b-f85e0f841f5d" testListId="8c84fa94-04c1-424b-9868-57a2d4851a1d" />
    <TestEntry testId="78ceeffc-ff60-45d0-b169-a8bc1e58243d" executionId="5b4da068-1915-4e0d-9088-66f69ddb3ca2" testListId="8c84fa94-04c1-424b-9868-57a2d4851a1d" />
    <TestEntry testId="eb3e2cf5-a0ed-4a5e-a97f-55a3ad391e87" executionId="fea0b3ef-6c66-45b4-84a5-c1e5b4d49d94" testListId="8c84fa94-04c1-424b-9868-57a2d4851a1d" />
    <TestEntry testId="096e7154-11fc-4378-ae7e-612ab1df2527" executionId="12ec7c52-8cc3-43b1-aaf9-793d52e4d400" testListId="8c84fa94-04c1-424b-9868-57a2d4851a1d" />
    <TestEntry testId="6cf6cd6e-166e-4857-862f-0f6ba1d83da3" executionId="fa2e2955-04bc-46c6-9f27-bd17a77f69a6" testListId="8c84fa94-04c1-424b-9868-57a2d4851a1d" />
    <TestEntry testId="3979b64b-fde9-41c6-8f4c-a1b95c762d11" executionId="db028d20-66b7-4210-aea4-5ab57da936f5" testListId="8c84fa94-04c1-424b-9868-57a2d4851a1d" />
    <TestEntry testId="68a7c8a4-c30c-4d8b-9230-a551fb4e1217" executionId="83924c1f-dd13-4620-a107-93bff5e2db4d" testListId="8c84fa94-04c1-424b-9868-57a2d4851a1d" />
    <TestEntry testId="2bb7510c-b723-4e35-af9f-d3e057071abd" executionId="f0749bcd-0528-4413-bdf9-5f66e52f9b33" testListId="8c84fa94-04c1-424b-9868-57a2d4851a1d" />
    <TestEntry testId="d37cfc3b-678a-487e-8cb9-205fa04a3739" executionId="d19ecd36-6196-422f-84e0-3b3cf092126e" testListId="8c84fa94-04c1-424b-9868-57a2d4851a1d" />
    <TestEntry testId="a015c17d-a5be-4981-8c5a-1df34f60c6b7" executionId="e5d6c485-ee19-4b02-b394-552230c91f20" testListId="8c84fa94-04c1-424b-9868-57a2d4851a1d" />
    <TestEntry testId="2ab2c521-ef49-459a-8ac0-f2753a07dbf5" executionId="bfc526d4-cfe5-483f-a51b-df8243772b86" testListId="8c84fa94-04c1-424b-9868-57a2d4851a1d" />
    <TestEntry testId="ba8c7679-70c7-4d84-af55-db49f01be162" executionId="05c64c6d-cbc6-41d1-9eab-a36ace8182fe" testListId="8c84fa94-04c1-424b-9868-57a2d4851a1d" />
    <TestEntry testId="e2a6e571-2c33-4946-a90f-b59f2e1736f5" executionId="d4121a37-cd3d-4982-9a80-32700e68c615" testListId="8c84fa94-04c1-424b-9868-57a2d4851a1d" />
    <TestEntry testId="3e4ca5a8-889f-4a8f-979e-f404162cd1d8" executionId="9cd0057c-f6ef-4a0b-bd1f-b333c0a7fa75" testListId="8c84fa94-04c1-424b-9868-57a2d4851a1d" />
    <TestEntry testId="36bdd841-8ee0-461a-8790-c348b0c09fa3" executionId="ae69d436-9784-406d-85cc-d01d9d42cebf" testListId="8c84fa94-04c1-424b-9868-57a2d4851a1d" />
    <TestEntry testId="90c7c639-3673-48ae-9a51-0e1ef1fb9d31" executionId="8d72a05e-8f0f-4a2e-9717-e584aaf857cb" testListId="8c84fa94-04c1-424b-9868-57a2d4851a1d" />
    <TestEntry testId="9de4d0bd-987d-4a0b-b66d-eab6aaf68fd4" executionId="333d357c-3e8c-4a07-8c10-dd114c753579" testListId="8c84fa94-04c1-424b-9868-57a2d4851a1d" />
    <TestEntry testId="94a372da-ae33-43a1-9373-c3444cd39f30" executionId="cbbae666-15a4-4b70-b94e-b128d51ea233" testListId="8c84fa94-04c1-424b-9868-57a2d4851a1d" />
    <TestEntry testId="1a287212-ea56-44aa-9da4-3b25e0ee5227" executionId="4fd13697-624c-446f-8e88-0770a1d124cc" testListId="8c84fa94-04c1-424b-9868-57a2d4851a1d" />
    <TestEntry testId="b952cbcd-96b8-4d93-a512-e364325bbf33" executionId="11b5f45e-1c39-43fa-af84-ac95bb2fef4e" testListId="8c84fa94-04c1-424b-9868-57a2d4851a1d" />
    <TestEntry testId="093799cf-0698-4c48-ac9e-1e40dda25154" executionId="15c18f5b-dc26-4bce-8089-7851a643cc78" testListId="8c84fa94-04c1-424b-9868-57a2d4851a1d" />
    <TestEntry testId="816f25c0-227c-4317-b78f-098626b8921c" executionId="1eb83bf1-fa00-43e9-bc4a-eef06aecac5f" testListId="8c84fa94-04c1-424b-9868-57a2d4851a1d" />
    <TestEntry testId="296aba4a-7aad-46c8-b711-cca7eebc6035" executionId="b8be6cb6-a46b-448f-9a3c-1cb8fade78d6" testListId="8c84fa94-04c1-424b-9868-57a2d4851a1d" />
    <TestEntry testId="4c4eba7a-223a-4b60-b446-d151bc371c1a" executionId="66b38c58-114e-4cc8-a80f-3ce978aa0d84" testListId="8c84fa94-04c1-424b-9868-57a2d4851a1d" />
    <TestEntry testId="e97b9c94-3b2e-4f48-ae9f-9f212e3be14f" executionId="9f21e746-9463-4dec-b117-3540609a8066" testListId="8c84fa94-04c1-424b-9868-57a2d4851a1d" />
    <TestEntry testId="04824be4-b523-458d-9578-377efa90add0" executionId="b6cc16c4-a177-4094-a1e1-e5261d4bcc2c" testListId="8c84fa94-04c1-424b-9868-57a2d4851a1d" />
    <TestEntry testId="7cf93f55-e672-4932-bb3a-589c97cb1cba" executionId="63958d89-4e60-44af-b83e-afd164be1bb1" testListId="8c84fa94-04c1-424b-9868-57a2d4851a1d" />
    <TestEntry testId="fe329465-00a3-4f84-a4e1-f6b2c3a29af0" executionId="2b737a1d-83d1-495a-8e88-8960164945cb" testListId="8c84fa94-04c1-424b-9868-57a2d4851a1d" />
    <TestEntry testId="12887b1f-6dd9-4c55-bf2d-04471ec2ea35" executionId="416707a9-fda6-48bc-ad96-083589d278ce" testListId="8c84fa94-04c1-424b-9868-57a2d4851a1d" />
    <TestEntry testId="1edab7de-1d32-4e87-b668-4e0ea80c3538" executionId="b8dc55eb-6e6f-44aa-a35d-3914ad89d7d5" testListId="8c84fa94-04c1-424b-9868-57a2d4851a1d" />
    <TestEntry testId="77fe464a-b526-45b4-ab4a-e659629cc59a" executionId="321803b4-502f-4f1e-b831-fb8ab788ce5e" testListId="8c84fa94-04c1-424b-9868-57a2d4851a1d" />
    <TestEntry testId="2ee4173f-c91b-42c7-91c5-2bfa01828d25" executionId="0d8c0a64-031a-475b-b0f7-84da986fdc07" testListId="8c84fa94-04c1-424b-9868-57a2d4851a1d" />
    <TestEntry testId="973be17e-d2bb-432b-bd90-a174f0195fcf" executionId="7c8ec3f2-4a5d-4752-b7e7-40bf2553e2e3" testListId="8c84fa94-04c1-424b-9868-57a2d4851a1d" />
    <TestEntry testId="7ad9d582-e568-48b1-bec2-7c850be79d1b" executionId="26880173-f553-4eea-a8b4-ad877a61c33d" testListId="8c84fa94-04c1-424b-9868-57a2d4851a1d" />
    <TestEntry testId="2009dfbb-8b7b-49a8-a022-1b3519e9ca29" executionId="95af0908-0f0a-4809-8afb-bf0e822c9c7d" testListId="8c84fa94-04c1-424b-9868-57a2d4851a1d" />
    <TestEntry testId="dbf1441c-713c-4f7e-bc52-8a8b86cba583" executionId="7d09c039-48c9-4131-80fd-130c7343cfe9" testListId="8c84fa94-04c1-424b-9868-57a2d4851a1d" />
    <TestEntry testId="cf854e19-83b5-46ff-85b2-4b1d5647b63a" executionId="cef80a11-dfbe-4ece-9a1e-2991bf7a8971" testListId="8c84fa94-04c1-424b-9868-57a2d4851a1d" />
    <TestEntry testId="e770cafe-907a-45dd-8968-1f2019808e2e" executionId="3818809d-ffbd-4b96-a29a-10be4b52bb66" testListId="8c84fa94-04c1-424b-9868-57a2d4851a1d" />
    <TestEntry testId="152b1d73-7500-42ed-aae9-937fd4a3a494" executionId="e4733ff5-0da3-4ca2-bf44-644d0d6843f5" testListId="8c84fa94-04c1-424b-9868-57a2d4851a1d" />
    <TestEntry testId="3f672c52-d9b9-4554-82db-1f44bdfc70f3" executionId="0a31e85a-1f32-49c1-aae2-dca778aea97a" testListId="8c84fa94-04c1-424b-9868-57a2d4851a1d" />
    <TestEntry testId="f8bd3c0f-6b20-431d-b9cb-ddffa33902be" executionId="97113073-0548-427e-88b7-d3afa43ff25b" testListId="8c84fa94-04c1-424b-9868-57a2d4851a1d" />
    <TestEntry testId="12109300-c63c-41d5-bb62-8ae631571a6c" executionId="f2448ed6-a513-4f43-8f9c-c810a3b98cef" testListId="8c84fa94-04c1-424b-9868-57a2d4851a1d" />
    <TestEntry testId="20b7964c-a62d-418e-864b-7eb5eb8ce116" executionId="ca3c61e5-6df7-42cf-a80a-3873c4e2a3a1" testListId="8c84fa94-04c1-424b-9868-57a2d4851a1d" />
    <TestEntry testId="ec888b51-c292-44a6-8bc7-048c83fdff4b" executionId="53a09d4a-93e9-4908-b9e8-c1415c19599b" testListId="8c84fa94-04c1-424b-9868-57a2d4851a1d" />
    <TestEntry testId="0287c048-de38-41dc-a42a-04b1585938dd" executionId="d8204807-a6cc-4e02-9585-8839a4cc664d" testListId="8c84fa94-04c1-424b-9868-57a2d4851a1d" />
    <TestEntry testId="2b733f4d-a46a-4bd4-ae38-f09e5382fb9f" executionId="e88a4cb0-e425-4df7-9100-33984c470c2d" testListId="8c84fa94-04c1-424b-9868-57a2d4851a1d" />
    <TestEntry testId="e1fa03bb-5211-4983-accb-990673761574" executionId="d164e0f1-aedf-46b4-acff-2a9bd47abe2c" testListId="8c84fa94-04c1-424b-9868-57a2d4851a1d" />
    <TestEntry testId="877d66af-5f25-4f5e-89bc-d3161f329efc" executionId="c01dfa60-2695-4f77-8b08-d456135e91fc" testListId="8c84fa94-04c1-424b-9868-57a2d4851a1d" />
    <TestEntry testId="c0ee09ad-cefe-4605-92a6-58a40c13a714" executionId="a6e29adf-db77-4855-95dd-f1ccbc500ad6" testListId="8c84fa94-04c1-424b-9868-57a2d4851a1d" />
    <TestEntry testId="e3dc8b2a-3b2f-4b36-86ca-d65ec22dd550" executionId="4286c505-228a-43ae-8b17-4e929127081a" testListId="8c84fa94-04c1-424b-9868-57a2d4851a1d" />
    <TestEntry testId="2132b7de-6ab8-4295-abb8-4834844f9a6e" executionId="743b420f-3020-4437-8d35-8efb3a7ccd6c" testListId="8c84fa94-04c1-424b-9868-57a2d4851a1d" />
    <TestEntry testId="0c8f21b5-3e4b-494b-8c82-e413150c575c" executionId="6398d9cd-50f5-4b69-9889-e9d63305e3ed" testListId="8c84fa94-04c1-424b-9868-57a2d4851a1d" />
    <TestEntry testId="b77fc4e4-6ff7-4410-9c5e-5d91502ebfeb" executionId="a3fffbad-3747-4370-936f-ddbb4b356ecf" testListId="8c84fa94-04c1-424b-9868-57a2d4851a1d" />
    <TestEntry testId="344ab626-759a-4852-8ec1-6f1a92679438" executionId="a331b3cd-44d5-45bb-bbcc-c4a20672a659" testListId="8c84fa94-04c1-424b-9868-57a2d4851a1d" />
    <TestEntry testId="56abc609-387a-4d95-a9c6-4d80ec7b10bf" executionId="fa80d1c1-f1c1-4400-a6df-3bcafd39b955" testListId="8c84fa94-04c1-424b-9868-57a2d4851a1d" />
    <TestEntry testId="41fb6efb-e268-4566-ba00-12d4ee95742c" executionId="ccaa8856-d8a7-417d-8a93-c28436c49a82" testListId="8c84fa94-04c1-424b-9868-57a2d4851a1d" />
    <TestEntry testId="66b0e5c4-64c3-4b16-92a6-439f953088d0" executionId="60554200-8c54-41b2-bd9b-cd7677368105" testListId="8c84fa94-04c1-424b-9868-57a2d4851a1d" />
    <TestEntry testId="74149508-cde7-42f6-a5bb-697d3c91f9df" executionId="2b9432f5-aed0-433e-ab17-c021b111e1c0" testListId="8c84fa94-04c1-424b-9868-57a2d4851a1d" />
    <TestEntry testId="68f92685-7a3b-4862-9a8d-65379ac935e2" executionId="3c29068e-663b-4c15-81b7-2b0bf2ce9747" testListId="8c84fa94-04c1-424b-9868-57a2d4851a1d" />
    <TestEntry testId="f88d6442-b410-4076-ab52-3635c9f47c8c" executionId="0331220d-c86d-4df0-b01e-9a64b17bd0fc" testListId="8c84fa94-04c1-424b-9868-57a2d4851a1d" />
    <TestEntry testId="65061de0-8ac7-4bf4-aaef-8492c87f18c0" executionId="28a01931-28bb-4fb3-b09c-411dff6cc37d" testListId="8c84fa94-04c1-424b-9868-57a2d4851a1d" />
    <TestEntry testId="55a10f29-6f98-4917-938b-a61ae4eda320" executionId="66e5b0fb-b508-4f65-a7cd-1dd9587f90cd" testListId="8c84fa94-04c1-424b-9868-57a2d4851a1d" />
    <TestEntry testId="6f043667-f50a-4186-a247-ebdd5178bd91" executionId="8a08b4c3-947d-49d5-b2cf-cfb92ef9d166" testListId="8c84fa94-04c1-424b-9868-57a2d4851a1d" />
    <TestEntry testId="b96d9929-710e-4200-92ff-26b3417418df" executionId="77eefdce-86a2-4c31-8c55-41a45f19844b" testListId="8c84fa94-04c1-424b-9868-57a2d4851a1d" />
    <TestEntry testId="7149fb24-0185-485e-94ff-33dc7f6c1e51" executionId="8f223e83-336d-417a-a317-1551c2393d93" testListId="8c84fa94-04c1-424b-9868-57a2d4851a1d" />
    <TestEntry testId="eb8bd3a3-5786-4b23-8fa6-c71b9d732b3b" executionId="7e361ecb-af68-46ec-b309-57836bc77e79" testListId="8c84fa94-04c1-424b-9868-57a2d4851a1d" />
    <TestEntry testId="627501f4-17b8-4d0f-8247-0c1439077dba" executionId="72cb7ad7-84f5-4a8e-897d-a4715d56f8fb" testListId="8c84fa94-04c1-424b-9868-57a2d4851a1d" />
    <TestEntry testId="6bdb390d-a0ce-4d73-90ad-e945fcd410c4" executionId="83cd32d6-2719-4408-98a9-a317bd0ea8e6" testListId="8c84fa94-04c1-424b-9868-57a2d4851a1d" />
    <TestEntry testId="79674e02-40df-4b6b-9061-38a2b76ebf57" executionId="e9a31ca1-834d-49b7-98e7-8b964675320a" testListId="8c84fa94-04c1-424b-9868-57a2d4851a1d" />
    <TestEntry testId="1c2f07d6-8f43-44f6-b5af-611de1d761d9" executionId="bd76e5f7-661d-4848-8480-2c497c0842d6" testListId="8c84fa94-04c1-424b-9868-57a2d4851a1d" />
    <TestEntry testId="930823b7-fc82-4f42-b237-1f8e200ea055" executionId="b30484ac-46a8-4e51-a2e5-b1bf84bad08e" testListId="8c84fa94-04c1-424b-9868-57a2d4851a1d" />
    <TestEntry testId="a35bf29b-0804-404a-8b02-7922bd1d7de0" executionId="afbd335f-4c13-40ed-abe4-ed9efb69a683" testListId="8c84fa94-04c1-424b-9868-57a2d4851a1d" />
    <TestEntry testId="509abdb5-30bc-4bc6-97f5-0018181df2da" executionId="d1c03025-ae54-49b1-8cc3-b3a77e589d79" testListId="8c84fa94-04c1-424b-9868-57a2d4851a1d" />
    <TestEntry testId="2575949e-4242-492a-ad12-46869b594113" executionId="090d5f35-18dc-447f-a2ab-8c77c81f64ce" testListId="8c84fa94-04c1-424b-9868-57a2d4851a1d" />
    <TestEntry testId="05a07af0-67be-4880-9d3d-01042886750a" executionId="e7aebb70-eabb-4dc8-bbd6-56ae4a598297" testListId="8c84fa94-04c1-424b-9868-57a2d4851a1d" />
    <TestEntry testId="da506338-9fd1-4324-bf47-40dcafbaf5fd" executionId="a5497334-d3e9-4d8e-9d50-f88fb0f5332a" testListId="8c84fa94-04c1-424b-9868-57a2d4851a1d" />
    <TestEntry testId="57894530-2340-4f0e-8b65-9f5b885a9f90" executionId="07d9e9b8-9375-474c-a178-62e8dcebf33c" testListId="8c84fa94-04c1-424b-9868-57a2d4851a1d" />
    <TestEntry testId="f4964f5a-5ecb-4b49-a1fd-87616e82e237" executionId="866adff0-87bb-447f-8dd7-4f114ad7a9c8" testListId="8c84fa94-04c1-424b-9868-57a2d4851a1d" />
    <TestEntry testId="a3c8583e-d001-4474-b1c2-3ea86a6556f2" executionId="9d6b4206-feb3-4ab1-908e-016b248a5ad0" testListId="8c84fa94-04c1-424b-9868-57a2d4851a1d" />
    <TestEntry testId="8f5d0343-6cde-4b34-a180-63ea732fd3c5" executionId="61b94e9c-b86c-4e43-9303-7821de73b127" testListId="8c84fa94-04c1-424b-9868-57a2d4851a1d" />
    <TestEntry testId="f42018c5-a334-4bb6-8e59-5aac9ef1ce19" executionId="a91fd5fd-6d1d-48f6-89cf-99133fb87cf7" testListId="8c84fa94-04c1-424b-9868-57a2d4851a1d" />
    <TestEntry testId="ed56d648-e8cf-48a8-a0e9-d6a7d62091bd" executionId="ff936b3c-1378-4fd8-b876-ed1ed3553d6b" testListId="8c84fa94-04c1-424b-9868-57a2d4851a1d" />
    <TestEntry testId="4302b39c-171c-4b6d-beaf-aceeb5382a7b" executionId="9e3295d1-c51f-455a-b5dc-0503f4acb73c" testListId="8c84fa94-04c1-424b-9868-57a2d4851a1d" />
    <TestEntry testId="b408c2b5-fee2-4065-896a-42abef484eba" executionId="e91eab60-9578-4cf0-be50-7b9c3f85442e" testListId="8c84fa94-04c1-424b-9868-57a2d4851a1d" />
    <TestEntry testId="784e21d6-920a-4625-af96-249ef7343d63" executionId="cff02391-3015-4edf-97c1-e084f5d67dec" testListId="8c84fa94-04c1-424b-9868-57a2d4851a1d" />
    <TestEntry testId="4e907c4a-9cdc-49ec-bf21-4d4f979195ea" executionId="baf4bf8f-bb93-4ce8-9053-00679d299e8a" testListId="8c84fa94-04c1-424b-9868-57a2d4851a1d" />
    <TestEntry testId="63521099-7e66-4ea7-9e9e-2630da49775e" executionId="26c1766b-3615-4def-93ee-b4ab82d7de53" testListId="8c84fa94-04c1-424b-9868-57a2d4851a1d" />
    <TestEntry testId="28fb8d5f-6bbe-41ee-a938-4809097a56f8" executionId="2c0c9faa-99c0-43c3-998b-9ed62581f9ff" testListId="8c84fa94-04c1-424b-9868-57a2d4851a1d" />
    <TestEntry testId="152880fd-eae4-4b34-9505-9e953a761a32" executionId="54d1c5fb-bb2d-4e1a-899f-23c1b942fd8c" testListId="8c84fa94-04c1-424b-9868-57a2d4851a1d" />
    <TestEntry testId="affa64c6-946f-45aa-8786-c19556bcd7f5" executionId="2104b9eb-9317-456f-be64-777e1c0b2a0b" testListId="8c84fa94-04c1-424b-9868-57a2d4851a1d" />
    <TestEntry testId="34777e67-27fa-43f0-8e5c-9768dc055132" executionId="a958eb51-910e-4651-b741-b7c181c210c6" testListId="8c84fa94-04c1-424b-9868-57a2d4851a1d" />
    <TestEntry testId="2bac1bae-350c-4194-88a6-65e1e584d233" executionId="cfe8a5f2-3e57-4b1f-acd0-6b38fc928f35" testListId="8c84fa94-04c1-424b-9868-57a2d4851a1d" />
    <TestEntry testId="3ea3c5f6-705b-44f4-a913-1c6ac46a552f" executionId="05008377-f9e3-4652-a554-413aa4237671" testListId="8c84fa94-04c1-424b-9868-57a2d4851a1d" />
    <TestEntry testId="debcccef-4701-41c6-938f-7f78758813e9" executionId="414a5b39-56c8-4d0d-816f-3c86dc39565c" testListId="8c84fa94-04c1-424b-9868-57a2d4851a1d" />
    <TestEntry testId="2766b28a-6d8d-4a30-9ccd-5471fd64aca3" executionId="1929fe27-ef89-424a-b57b-be2b9ab311a2" testListId="8c84fa94-04c1-424b-9868-57a2d4851a1d" />
    <TestEntry testId="ee715611-fabe-4de4-a153-c56c839206e0" executionId="2b163ada-c425-4fae-973b-3f9c697c6fba" testListId="8c84fa94-04c1-424b-9868-57a2d4851a1d" />
    <TestEntry testId="c0a38f88-0177-43f6-9c29-552127eaa6cb" executionId="b6e7ba5d-591e-420b-a943-36d3f9e3037f" testListId="8c84fa94-04c1-424b-9868-57a2d4851a1d" />
    <TestEntry testId="e6874bf1-909c-49ec-a6ce-89d8cfcccaff" executionId="c9392428-af6a-44a0-bb27-b984936b52cc" testListId="8c84fa94-04c1-424b-9868-57a2d4851a1d" />
    <TestEntry testId="c84e5759-ba9a-4671-94e3-26dd8146b4c6" executionId="3bbc664c-6256-47a4-9913-cc2f1fd75e12" testListId="8c84fa94-04c1-424b-9868-57a2d4851a1d" />
    <TestEntry testId="5b2942b7-0778-4b68-b6d2-471503f9da25" executionId="ea9c7e77-6d10-4ea2-9a68-0010c86aeb8b" testListId="8c84fa94-04c1-424b-9868-57a2d4851a1d" />
    <TestEntry testId="5f521375-54e8-414c-a17d-dfbaeeb1a4e9" executionId="229c9a95-2552-49f0-9dce-76d6585c9ef9" testListId="8c84fa94-04c1-424b-9868-57a2d4851a1d" />
    <TestEntry testId="bd146668-6d95-4429-8dc8-4b709719a74c" executionId="80850b65-9c58-49b5-aea8-7a316a5b67c1" testListId="8c84fa94-04c1-424b-9868-57a2d4851a1d" />
    <TestEntry testId="a40f3fa4-c52e-4b0d-b414-8e11f1ca2d35" executionId="b813ac95-f49e-4a50-964d-1642ed5b0cfa" testListId="8c84fa94-04c1-424b-9868-57a2d4851a1d" />
    <TestEntry testId="a2871ef4-b47f-4b22-a091-a7b0b2996592" executionId="d5e51c31-b82e-4567-b7a2-d5a2546dd0da" testListId="8c84fa94-04c1-424b-9868-57a2d4851a1d" />
    <TestEntry testId="777503fb-813b-4290-a1c0-a92befbc6cd3" executionId="92d46e6d-115d-4f4c-8de5-c2ef6083148b" testListId="8c84fa94-04c1-424b-9868-57a2d4851a1d" />
    <TestEntry testId="93286f52-62b1-482b-9ab2-f1c52825fed4" executionId="1aebda6e-d1d2-4132-9e5f-415d34bbd7d7" testListId="8c84fa94-04c1-424b-9868-57a2d4851a1d" />
    <TestEntry testId="2bc6b71d-f5b5-4c9a-94a5-26b7d6475a5d" executionId="51c3e528-0519-4711-b116-f3e5ec9d38a8" testListId="8c84fa94-04c1-424b-9868-57a2d4851a1d" />
    <TestEntry testId="cbd807a1-f9e6-42cb-95dc-ace2be64e85c" executionId="00e0cd71-6736-4018-9aa7-dc6fef126a23" testListId="8c84fa94-04c1-424b-9868-57a2d4851a1d" />
    <TestEntry testId="bacab03f-fedb-4d5f-9912-f6117d98c794" executionId="15e8a45a-5a38-403e-911f-6bf14a5275ba" testListId="8c84fa94-04c1-424b-9868-57a2d4851a1d" />
    <TestEntry testId="78fbe96a-4100-45bf-b194-8b038aaaaf25" executionId="04ceb1b3-e0bc-4a23-a7c3-b21d29793f39" testListId="8c84fa94-04c1-424b-9868-57a2d4851a1d" />
    <TestEntry testId="af287c58-8ac6-47d1-8b32-6f753a5722ce" executionId="86955086-96b5-45d8-b52b-50a5c8cae358" testListId="8c84fa94-04c1-424b-9868-57a2d4851a1d" />
    <TestEntry testId="e064adea-f359-4ed0-b5d2-9e280af4217e" executionId="6034f5c3-2004-4638-8069-ef24390dcbd0" testListId="8c84fa94-04c1-424b-9868-57a2d4851a1d" />
    <TestEntry testId="14a5db3e-ae6d-4230-a309-cc4246f1f5c7" executionId="e8f3503c-e60b-444c-8208-7aac87e2d47c" testListId="8c84fa94-04c1-424b-9868-57a2d4851a1d" />
    <TestEntry testId="749a9d55-a0bf-4498-8aa2-193a59fa1cb5" executionId="91fbdb8c-8d1d-4236-8fe2-56ad98f5e887" testListId="8c84fa94-04c1-424b-9868-57a2d4851a1d" />
    <TestEntry testId="c24374bf-8242-46e0-8d57-d4ba4c1238f0" executionId="a31c33ab-ef76-4891-80f2-08ce8f622a7e" testListId="8c84fa94-04c1-424b-9868-57a2d4851a1d" />
    <TestEntry testId="3a4f50c5-6e63-47eb-a5c5-8aeb4c5243e1" executionId="ec77ab8b-2e3c-4350-80cb-21914389b700" testListId="8c84fa94-04c1-424b-9868-57a2d4851a1d" />
    <TestEntry testId="554e2705-e146-40ec-9f37-6810c2f9a4e4" executionId="e07a09de-d639-40b4-8ed2-5604ddb79554" testListId="8c84fa94-04c1-424b-9868-57a2d4851a1d" />
    <TestEntry testId="82038f88-82e6-48c5-a64c-69e37c05e47a" executionId="a876255f-350b-4abc-a905-a376dc8dfe7f" testListId="8c84fa94-04c1-424b-9868-57a2d4851a1d" />
    <TestEntry testId="8968c155-99d3-4a18-8cd5-c8fa04d94579" executionId="66dc59df-a49d-4729-ae2b-19838e893137" testListId="8c84fa94-04c1-424b-9868-57a2d4851a1d" />
    <TestEntry testId="b4a5a4d0-ad16-495e-a207-05be09e54d5b" executionId="1b6c94b6-7de4-4bb8-88dd-27d77b2e0690" testListId="8c84fa94-04c1-424b-9868-57a2d4851a1d" />
    <TestEntry testId="37570542-a94e-4e69-9353-1615014bbd44" executionId="26976c12-cb03-45e6-8df5-4dd338cbbee0" testListId="8c84fa94-04c1-424b-9868-57a2d4851a1d" />
    <TestEntry testId="7831b102-5135-492a-9e35-b45d3c037b67" executionId="ee94f9ea-37ae-4650-a36b-2a49d22c34a7" testListId="8c84fa94-04c1-424b-9868-57a2d4851a1d" />
    <TestEntry testId="a636d441-f8b0-4c72-bda4-18679cdcd59d" executionId="cf830c7b-d1e8-44dd-820a-1e45560beef5" testListId="8c84fa94-04c1-424b-9868-57a2d4851a1d" />
    <TestEntry testId="99eb2e8a-d442-424d-872d-628b79eb582f" executionId="38528139-1825-40e2-b124-8b2ca81c8a91" testListId="8c84fa94-04c1-424b-9868-57a2d4851a1d" />
    <TestEntry testId="bcbf31ed-e0e0-4b82-aa98-f784ec985bff" executionId="5a389390-dfa2-4aad-9aeb-1f9b0a67205b" testListId="8c84fa94-04c1-424b-9868-57a2d4851a1d" />
    <TestEntry testId="67362513-f8ef-4106-94ae-31b5f057e05e" executionId="741e8c30-1e34-4740-9922-b3b3308f478d" testListId="8c84fa94-04c1-424b-9868-57a2d4851a1d" />
    <TestEntry testId="0420df47-5fc3-46b6-809e-d28bca8ef61d" executionId="240f9a05-5767-43d4-9c11-1093510741a1" testListId="8c84fa94-04c1-424b-9868-57a2d4851a1d" />
    <TestEntry testId="adc7fcb2-c56d-4523-bc32-27259de2dd45" executionId="c0209e0d-669f-48bf-b572-0aa62785a77e" testListId="8c84fa94-04c1-424b-9868-57a2d4851a1d" />
    <TestEntry testId="ee5000cf-f0c1-4981-8c4c-b82c32d56251" executionId="9458b5cb-9444-4ce4-b172-b1748b157458" testListId="8c84fa94-04c1-424b-9868-57a2d4851a1d" />
    <TestEntry testId="c6a43b58-9668-4fcf-953e-eaf15ad1c6da" executionId="f2a88b09-5962-49cc-888c-d6743cc67509" testListId="8c84fa94-04c1-424b-9868-57a2d4851a1d" />
    <TestEntry testId="c95bb45a-ca5f-4424-bd9d-cc5157cb2f75" executionId="7df2176a-a403-472f-aa62-ba26c7ff192f" testListId="8c84fa94-04c1-424b-9868-57a2d4851a1d" />
    <TestEntry testId="5a210aa6-f1d7-4df3-8c54-5526cfb47618" executionId="922b45d1-4830-466b-aede-827dde15a7d1" testListId="8c84fa94-04c1-424b-9868-57a2d4851a1d" />
    <TestEntry testId="a4cc5020-9182-44c8-a263-4f0c3122dc19" executionId="f5abf84e-5b57-4680-acdd-12f542c877f4" testListId="8c84fa94-04c1-424b-9868-57a2d4851a1d" />
    <TestEntry testId="4919a2b7-3aae-4b4d-a189-a273add4622b" executionId="e89eacb2-3b90-4ed6-a2ed-f1fc8f20b2e4" testListId="8c84fa94-04c1-424b-9868-57a2d4851a1d" />
    <TestEntry testId="3ad50e9d-8d26-49cc-afc7-49512d12113e" executionId="ca769689-79e7-47ee-aa11-8e474ab5ef19" testListId="8c84fa94-04c1-424b-9868-57a2d4851a1d" />
    <TestEntry testId="001f4160-27ee-47aa-8d91-4d460ac23429" executionId="b878c587-b96f-44a4-bdb2-6a374c81c599" testListId="8c84fa94-04c1-424b-9868-57a2d4851a1d" />
    <TestEntry testId="17c05fef-5e37-41e1-9814-18db32aa599a" executionId="6b5413f0-26b5-45dc-bfea-80a105bac2df" testListId="8c84fa94-04c1-424b-9868-57a2d4851a1d" />
    <TestEntry testId="94f776b5-fd8e-4889-9bf4-b898529e3d2a" executionId="8a760cd6-2afe-4017-a01b-3efe7dbd54fa" testListId="8c84fa94-04c1-424b-9868-57a2d4851a1d" />
    <TestEntry testId="80c9a399-187a-481e-878b-1b9456a0ee46" executionId="f4898c13-abd5-45b8-a0bc-9e3018cd33f5" testListId="8c84fa94-04c1-424b-9868-57a2d4851a1d" />
    <TestEntry testId="f0fe6e0e-3537-4b59-bb79-4ea884f40132" executionId="cf37c1a0-3842-439e-9f7e-24f7b2768a05" testListId="8c84fa94-04c1-424b-9868-57a2d4851a1d" />
    <TestEntry testId="5cef70b4-b093-4163-b09e-af488885f130" executionId="1d676f9a-e797-4068-a273-76407c0daeda" testListId="8c84fa94-04c1-424b-9868-57a2d4851a1d" />
    <TestEntry testId="b25f6e1d-82f1-4694-8bbc-2dac491eb1b2" executionId="732d0e7f-6c30-4ea7-b30a-4927462d91e1" testListId="8c84fa94-04c1-424b-9868-57a2d4851a1d" />
    <TestEntry testId="b6d4f659-85e2-4034-8da1-186842edfa25" executionId="ce0893e2-d5fa-48b0-8de8-61694d471b2a" testListId="8c84fa94-04c1-424b-9868-57a2d4851a1d" />
    <TestEntry testId="c6b2ccce-f812-461d-9c77-f393018a86ef" executionId="6748be1c-bff3-4b0b-8ffd-e488df2d74d2" testListId="8c84fa94-04c1-424b-9868-57a2d4851a1d" />
    <TestEntry testId="ab8ca39a-e7cd-4514-8ad8-76be6e0bd840" executionId="e4779330-5743-40c3-b786-84f86b11792e" testListId="8c84fa94-04c1-424b-9868-57a2d4851a1d" />
    <TestEntry testId="f4eb632b-ef87-4c54-8d3f-55f44c0e468b" executionId="8b48f291-3964-44f8-aecb-8342a748c843" testListId="8c84fa94-04c1-424b-9868-57a2d4851a1d" />
    <TestEntry testId="ccfb88c0-4151-4c17-a6be-40b5c4096185" executionId="c2f110d3-d6b3-4c31-99b9-cfbea4e54269" testListId="8c84fa94-04c1-424b-9868-57a2d4851a1d" />
    <TestEntry testId="c06b30d5-385e-45e0-b2c5-a0cb2fc32034" executionId="f69f6412-b291-4fae-87cd-8bf209fb5f74" testListId="8c84fa94-04c1-424b-9868-57a2d4851a1d" />
    <TestEntry testId="785c47db-9650-4f38-9f45-838b46ca1a7d" executionId="1f2f3dc6-e35d-4886-8598-1c1115104b0b" testListId="8c84fa94-04c1-424b-9868-57a2d4851a1d" />
    <TestEntry testId="1f65e4cb-3f63-4f5b-a323-e140f81cb4ac" executionId="23b54329-c4d7-449e-8984-b79eff74f3f9" testListId="8c84fa94-04c1-424b-9868-57a2d4851a1d" />
    <TestEntry testId="5b056227-1995-416d-9296-adb998c89be0" executionId="4d896abc-a24e-4979-899f-06d7f03e8c2f" testListId="8c84fa94-04c1-424b-9868-57a2d4851a1d" />
    <TestEntry testId="e2c2978b-535d-476f-ab41-221f3f476515" executionId="094dbcde-c3ce-451a-9cd8-568f4fca6ee3" testListId="8c84fa94-04c1-424b-9868-57a2d4851a1d" />
    <TestEntry testId="9452f797-90c2-4641-b5af-4614e8a6c722" executionId="d295629e-db05-4c29-8da4-4972459eacc5" testListId="8c84fa94-04c1-424b-9868-57a2d4851a1d" />
    <TestEntry testId="f5e9d77d-2e28-4f7e-aef0-dee1d552605c" executionId="f6cb39f0-4957-42a7-9e0c-4a7de62c23ff" testListId="8c84fa94-04c1-424b-9868-57a2d4851a1d" />
    <TestEntry testId="e8fd9dc2-4146-47ee-bd18-0370212faefd" executionId="11f07be7-4abe-46ae-bddb-4175364be9f1" testListId="8c84fa94-04c1-424b-9868-57a2d4851a1d" />
    <TestEntry testId="f3cb2535-1dd8-4080-9664-1a78f1a94343" executionId="6b1b0cc3-54dc-4a22-bd94-a9fde9c39dfb" testListId="8c84fa94-04c1-424b-9868-57a2d4851a1d" />
    <TestEntry testId="dd0c5edd-d20c-40de-966e-5be606c2498e" executionId="8f51b2c1-4f4b-4586-8d55-f8da17fddc84" testListId="8c84fa94-04c1-424b-9868-57a2d4851a1d" />
    <TestEntry testId="b427d6cc-d088-4290-acf7-2a847d70a365" executionId="179a1718-5302-4f49-bf12-a1959d59ad47" testListId="8c84fa94-04c1-424b-9868-57a2d4851a1d" />
    <TestEntry testId="2c62fd0d-a5a4-4dd2-af81-b6cc42c67c33" executionId="248dd5b4-ba5f-4a48-b4ac-f294d5b0bd8c" testListId="8c84fa94-04c1-424b-9868-57a2d4851a1d" />
    <TestEntry testId="a0c8d0cf-6fdd-4b0b-8ddb-d6e992817e14" executionId="c3bafa04-a77b-40a9-a897-4b471555e9b1" testListId="8c84fa94-04c1-424b-9868-57a2d4851a1d" />
    <TestEntry testId="b9b41f3d-717e-42c4-a199-980d9d2bf7a9" executionId="5dd64852-86f0-479e-a45f-74695ac2569c" testListId="8c84fa94-04c1-424b-9868-57a2d4851a1d" />
    <TestEntry testId="07caf1c2-f947-41b4-a339-12a13b5a7fb5" executionId="5195fe01-caa4-4cf1-9cbc-6d4bccd9c4bc" testListId="8c84fa94-04c1-424b-9868-57a2d4851a1d" />
    <TestEntry testId="b2f78ed5-718f-46ae-af90-cbe9c281ee3f" executionId="968025fe-60ca-4bfa-84e1-40a4de1565dc" testListId="8c84fa94-04c1-424b-9868-57a2d4851a1d" />
    <TestEntry testId="1e4c7c65-6b8b-43d7-b0e1-8067ae6fbfbe" executionId="59555759-0c25-498d-b105-96f34c718778" testListId="8c84fa94-04c1-424b-9868-57a2d4851a1d" />
    <TestEntry testId="e4b4107d-dc56-41b5-9eb3-f086b5356c26" executionId="10af96f5-d3c9-4630-b6f1-dbdfadbfd537" testListId="8c84fa94-04c1-424b-9868-57a2d4851a1d" />
    <TestEntry testId="367cdf4f-7df2-4a6d-9490-ff96d4ae4ef4" executionId="302ae91f-eaaa-488d-a3d3-1c93c777644c" testListId="8c84fa94-04c1-424b-9868-57a2d4851a1d" />
    <TestEntry testId="20767a9c-9106-4543-b4c6-e5da350d144a" executionId="4d763795-3f99-4eba-b5e7-db9d721b7332" testListId="8c84fa94-04c1-424b-9868-57a2d4851a1d" />
    <TestEntry testId="eadc7ed4-a269-448a-be06-d88418c57225" executionId="1577aef7-5487-4a91-843e-36aad548908d" testListId="8c84fa94-04c1-424b-9868-57a2d4851a1d" />
    <TestEntry testId="b5d090cb-987d-4e5f-b800-01e94af8af70" executionId="b14fab40-1334-4fbd-b6de-28739efc7899" testListId="8c84fa94-04c1-424b-9868-57a2d4851a1d" />
    <TestEntry testId="66390954-26d3-4992-a927-330991f12496" executionId="860a0b39-dbe8-4be0-8202-33c5134741e2" testListId="8c84fa94-04c1-424b-9868-57a2d4851a1d" />
    <TestEntry testId="15d89329-8f85-4528-811b-ef361f83a24b" executionId="6b4e755b-e9c2-44af-8acb-4115cdab3726" testListId="8c84fa94-04c1-424b-9868-57a2d4851a1d" />
    <TestEntry testId="685451ab-5edc-47d5-96a8-9928a0548bf1" executionId="7f3088a3-8a81-4603-9ae5-ee43c668b794" testListId="8c84fa94-04c1-424b-9868-57a2d4851a1d" />
    <TestEntry testId="82a011d2-0780-4e48-bf1b-b18c5a67d0dc" executionId="a63e5bc3-9175-4784-9fb3-d6437ea054e3" testListId="8c84fa94-04c1-424b-9868-57a2d4851a1d" />
    <TestEntry testId="248f9dc0-7554-49a9-a9aa-13cb804bb91b" executionId="3c6c7465-c3dc-419d-8fb7-581d74634ab0" testListId="8c84fa94-04c1-424b-9868-57a2d4851a1d" />
    <TestEntry testId="d26cf223-2074-4a1a-bde5-8e2a06827a83" executionId="aa2622aa-6c99-481b-b308-a8709e1cbdfd" testListId="8c84fa94-04c1-424b-9868-57a2d4851a1d" />
    <TestEntry testId="b5489667-29b8-45ae-9f44-b4d11a6d5122" executionId="58114e2d-7ca6-4fff-903f-b685e17c33c2" testListId="8c84fa94-04c1-424b-9868-57a2d4851a1d" />
    <TestEntry testId="3e4ea27d-426a-4f41-8794-ba121144715d" executionId="eaa41542-f364-425e-9a1a-a16c2c301daf" testListId="8c84fa94-04c1-424b-9868-57a2d4851a1d" />
    <TestEntry testId="1164c467-d05d-4c18-b005-1904413e0bd9" executionId="05d1acfd-07b5-46fd-8bcc-f2e07fa55399" testListId="8c84fa94-04c1-424b-9868-57a2d4851a1d" />
    <TestEntry testId="df0524b5-3a90-4c25-990b-2ba4e89edcd0" executionId="40a8c51c-968a-457a-88b7-d6ef55bab3e7" testListId="8c84fa94-04c1-424b-9868-57a2d4851a1d" />
    <TestEntry testId="9e49f430-bfad-4114-a805-c705d7616be9" executionId="48b900e0-437b-4c27-a389-5cc597ad6fce" testListId="8c84fa94-04c1-424b-9868-57a2d4851a1d" />
    <TestEntry testId="c393f1df-38df-4010-bc4e-c8c6d1edfd69" executionId="8ad39ba5-4bc6-4ef6-ba51-32243244253f" testListId="8c84fa94-04c1-424b-9868-57a2d4851a1d" />
    <TestEntry testId="237f4373-d2d3-40cd-93b3-be69cf67a09b" executionId="641b4451-931c-4323-8f7f-ae6e7ff6071b" testListId="8c84fa94-04c1-424b-9868-57a2d4851a1d" />
    <TestEntry testId="3eae7d83-9b24-4583-b21b-ea02405c4a69" executionId="0f965e68-7d33-438c-b52c-2d505c97fc84" testListId="8c84fa94-04c1-424b-9868-57a2d4851a1d" />
    <TestEntry testId="197fb8a1-958f-4136-be74-f59f1e28ff4d" executionId="ddee97cf-d108-46d6-9454-b48a8e67181c" testListId="8c84fa94-04c1-424b-9868-57a2d4851a1d" />
    <TestEntry testId="c812f38a-463d-432b-8be2-29c765560cef" executionId="5645fde1-91be-4c52-8139-8bfb7c5fcaca" testListId="8c84fa94-04c1-424b-9868-57a2d4851a1d" />
    <TestEntry testId="0a778bb1-b3b1-4757-9d27-e53e3dd33c38" executionId="ffd98193-fb2c-4f19-a728-10edc831accf" testListId="8c84fa94-04c1-424b-9868-57a2d4851a1d" />
    <TestEntry testId="3f662bde-76bb-495a-b583-8fc1a3a2fa23" executionId="c6353c54-9d93-45c1-94f2-0b7cc74915dc" testListId="8c84fa94-04c1-424b-9868-57a2d4851a1d" />
    <TestEntry testId="4d3a492c-c18e-4c6a-a03a-3c7e7df41809" executionId="1820d92b-b240-4696-9b08-1b8ee7f80c52" testListId="8c84fa94-04c1-424b-9868-57a2d4851a1d" />
    <TestEntry testId="a0a48a8a-5d96-4291-a20d-193651930b0f" executionId="21fc6738-d87e-4e1a-96b0-78c826ed4bec" testListId="8c84fa94-04c1-424b-9868-57a2d4851a1d" />
    <TestEntry testId="895a0360-6c5d-4b31-8de4-c50e14c63aed" executionId="5052ca45-1a39-4ce1-a772-eda7f3bdbcdb" testListId="8c84fa94-04c1-424b-9868-57a2d4851a1d" />
    <TestEntry testId="57206d07-0670-4c18-ac06-7f8f0d588391" executionId="29a4bfd5-9622-487c-9029-29d7b010aa2d" testListId="8c84fa94-04c1-424b-9868-57a2d4851a1d" />
    <TestEntry testId="a50607f5-9aa9-432b-a54e-90a2e89e645d" executionId="74cf7975-70d6-4df7-9f0e-1df1ca24a318" testListId="8c84fa94-04c1-424b-9868-57a2d4851a1d" />
    <TestEntry testId="957ea8b6-74b5-4315-9556-119c687ebf4c" executionId="9a34d9c8-8c13-4ea8-a538-7c54adcbfc47" testListId="8c84fa94-04c1-424b-9868-57a2d4851a1d" />
    <TestEntry testId="d2069758-13c9-4e72-8281-e99ed1e9c7d9" executionId="aa143997-bc88-4bf2-9b0a-49f74e4ed7e9" testListId="8c84fa94-04c1-424b-9868-57a2d4851a1d" />
    <TestEntry testId="26e887fb-b9eb-4bb7-bc7f-def49d13175b" executionId="a427d535-1e2f-43b4-91f4-533b85b77423" testListId="8c84fa94-04c1-424b-9868-57a2d4851a1d" />
    <TestEntry testId="bc93fc68-d324-4099-b827-1f321143c152" executionId="a86a9d09-8d05-47c7-a6f6-bc125443262d" testListId="8c84fa94-04c1-424b-9868-57a2d4851a1d" />
    <TestEntry testId="71a317a6-21a3-400a-b39f-f15bcd879738" executionId="e082444b-53a7-434b-bc2e-45434509709b" testListId="8c84fa94-04c1-424b-9868-57a2d4851a1d" />
    <TestEntry testId="94594d81-e2a7-4a0a-8aa2-ef2cd4fac974" executionId="e8a53f8a-e1dc-41a2-acd2-cccac81e643f" testListId="8c84fa94-04c1-424b-9868-57a2d4851a1d" />
    <TestEntry testId="b9d916f0-f942-49f5-8ee2-6f90557db43f" executionId="aa0d74d3-8669-425c-b2a0-f57a3d8f5dc8" testListId="8c84fa94-04c1-424b-9868-57a2d4851a1d" />
    <TestEntry testId="f38cde6f-2145-48ff-9858-52a4599c48c6" executionId="ba385264-1278-44fb-a480-d7c4a3d91d61" testListId="8c84fa94-04c1-424b-9868-57a2d4851a1d" />
    <TestEntry testId="b2b489bd-c968-4486-966f-7a1dd6550f5e" executionId="beccf5f8-109d-4365-802a-99cbbc7599f4" testListId="8c84fa94-04c1-424b-9868-57a2d4851a1d" />
    <TestEntry testId="045eae1c-9b0b-4e45-a7ce-0b0faaaecd59" executionId="d932703a-8184-4d9c-9920-2dbdca039743" testListId="8c84fa94-04c1-424b-9868-57a2d4851a1d" />
    <TestEntry testId="14320b95-f138-455d-8ae0-f95631470205" executionId="ce6431d5-1e4e-4fb4-996d-b687fc221385" testListId="8c84fa94-04c1-424b-9868-57a2d4851a1d" />
    <TestEntry testId="13049010-aed4-4d9e-945e-59e46fc243b3" executionId="475696f5-9595-4f7c-b60c-9e230d346d4e" testListId="8c84fa94-04c1-424b-9868-57a2d4851a1d" />
    <TestEntry testId="72320c29-da67-4b23-891c-2d452ccabf56" executionId="d57a14a4-a96e-4fc7-9071-b94e3b56ab98" testListId="8c84fa94-04c1-424b-9868-57a2d4851a1d" />
    <TestEntry testId="d940a91f-7f6b-48ff-9327-4f2a445e017c" executionId="7404339e-384f-4987-859a-ce3306786a46" testListId="8c84fa94-04c1-424b-9868-57a2d4851a1d" />
    <TestEntry testId="3a4f7f8c-3a8a-4e1c-9dc8-c651452b7ef0" executionId="dc6ce4ca-c406-4998-8638-0f48124e35ea" testListId="8c84fa94-04c1-424b-9868-57a2d4851a1d" />
    <TestEntry testId="c529a31e-3c33-47ee-aa1e-b6ff2031da31" executionId="e3baf296-ede0-4562-a36b-8e86ccdbec1b" testListId="8c84fa94-04c1-424b-9868-57a2d4851a1d" />
    <TestEntry testId="397355ce-d59a-4700-a8f5-77a4dd652d9a" executionId="4d261273-1294-432e-bc00-57cc280ff31c" testListId="8c84fa94-04c1-424b-9868-57a2d4851a1d" />
    <TestEntry testId="4fe8551e-a6de-4c63-8e09-db526dbb7a9f" executionId="87cd150f-5a9d-40f0-ba7a-be40f8fdaefb" testListId="8c84fa94-04c1-424b-9868-57a2d4851a1d" />
    <TestEntry testId="ce5e2f8f-a14b-447a-94a5-5f868f905c31" executionId="7ce04c79-e079-4bd7-ac4d-708b9f3626de" testListId="8c84fa94-04c1-424b-9868-57a2d4851a1d" />
    <TestEntry testId="c4a8196d-02f7-4540-8230-d2262219dbd9" executionId="f8ea253d-2dd0-4aee-8211-7649ddff4755" testListId="8c84fa94-04c1-424b-9868-57a2d4851a1d" />
    <TestEntry testId="d2987ce8-dac5-4f81-bf0a-106aeed3fc60" executionId="b833ed13-9799-43de-911a-5fab58466ce3" testListId="8c84fa94-04c1-424b-9868-57a2d4851a1d" />
    <TestEntry testId="8fe054f4-c2c4-4dc5-bd15-2f82fa9d1e00" executionId="6cc01c82-bf60-4392-a3d7-0a7b87bd0c4d" testListId="8c84fa94-04c1-424b-9868-57a2d4851a1d" />
    <TestEntry testId="9f8dc348-f40f-400a-8e8c-61cf7f2f6616" executionId="254c5d66-9b49-4000-a4ae-7e176717b4f9" testListId="8c84fa94-04c1-424b-9868-57a2d4851a1d" />
    <TestEntry testId="5444be52-f66e-4579-9e6a-554711382c99" executionId="c16f0cb7-ff33-46f0-aed3-e8e73590160c" testListId="8c84fa94-04c1-424b-9868-57a2d4851a1d" />
    <TestEntry testId="7404b75b-3a4c-4cf4-823c-53860916da13" executionId="a2cc18e4-74ad-4a24-addb-8b765b9d4d47" testListId="8c84fa94-04c1-424b-9868-57a2d4851a1d" />
    <TestEntry testId="03f0b54f-3298-4c99-99da-0d4d5d2c94f6" executionId="0ecb7fe1-d55c-4df1-b1cd-33bfeda593cb" testListId="8c84fa94-04c1-424b-9868-57a2d4851a1d" />
    <TestEntry testId="1e4efba3-08b1-4027-9b36-23903d72f111" executionId="95ef96eb-80e8-405f-83cd-0aa0251a071a" testListId="8c84fa94-04c1-424b-9868-57a2d4851a1d" />
    <TestEntry testId="a86e6dac-5b75-49fd-b5bb-6d3d561443b5" executionId="8a6f0f25-9a52-4c8e-9cec-81a5d9c9ac13" testListId="8c84fa94-04c1-424b-9868-57a2d4851a1d" />
    <TestEntry testId="e41e753d-27fe-4d2b-a35e-145fb85da494" executionId="ef753477-4f3f-44d8-94e9-89615d564688" testListId="8c84fa94-04c1-424b-9868-57a2d4851a1d" />
    <TestEntry testId="7c80e851-2fe4-4b85-96ff-f2cf05f15feb" executionId="55340642-8c62-45db-9ac3-1c21ac254e8e" testListId="8c84fa94-04c1-424b-9868-57a2d4851a1d" />
    <TestEntry testId="c7cfae26-fb93-4397-8cdd-57ee4f7bfde9" executionId="5f8fa418-07c5-4e61-a2de-8f5e0edcc3f9" testListId="8c84fa94-04c1-424b-9868-57a2d4851a1d" />
    <TestEntry testId="0d1f2689-ab12-486d-8fb7-5434b8a9a94b" executionId="05c2d9a9-5710-4457-a86e-020ec6bd90cb" testListId="8c84fa94-04c1-424b-9868-57a2d4851a1d" />
    <TestEntry testId="28a8922e-11c5-4096-b068-01944ce66096" executionId="cffb4e27-d76d-4f81-92bf-d490aa35dc61" testListId="8c84fa94-04c1-424b-9868-57a2d4851a1d" />
    <TestEntry testId="1feb8220-06a8-4df7-bebc-a9497a116eb5" executionId="6243cc8d-7c45-40a0-8b8b-588fb2f49173" testListId="8c84fa94-04c1-424b-9868-57a2d4851a1d" />
    <TestEntry testId="a8dc7d15-ccce-470a-87a1-5bd24ad4dabd" executionId="1e714221-727c-4ab4-a75b-b75bd83918dc" testListId="8c84fa94-04c1-424b-9868-57a2d4851a1d" />
    <TestEntry testId="88ac00d8-32fc-40ff-b4e4-f3c162c871ce" executionId="88871cf3-3a25-4af6-91a5-c57a20dc16ad" testListId="8c84fa94-04c1-424b-9868-57a2d4851a1d" />
    <TestEntry testId="64397dfd-e231-495a-b873-95d7201a1b37" executionId="dc762c28-8a7a-4c4f-a3a5-077e90167e1e" testListId="8c84fa94-04c1-424b-9868-57a2d4851a1d" />
    <TestEntry testId="4103a85e-1cfa-451c-a85f-e8bbd109515f" executionId="b300e377-2aa3-4c2f-a6b4-8909479ef05a" testListId="8c84fa94-04c1-424b-9868-57a2d4851a1d" />
    <TestEntry testId="0075ef22-aba4-476a-b0ee-b2730bc2a4e1" executionId="91f3c337-1347-484c-896d-ca836bf986b3" testListId="8c84fa94-04c1-424b-9868-57a2d4851a1d" />
    <TestEntry testId="60c31355-76ef-4939-ac2c-7420665477a6" executionId="4965a458-28e0-465a-8de5-2837527173ca" testListId="8c84fa94-04c1-424b-9868-57a2d4851a1d" />
    <TestEntry testId="08189fde-9b78-40cd-9839-67ec8a1dbe8c" executionId="35ade425-284e-440c-bd8f-28f097f3d0f0" testListId="8c84fa94-04c1-424b-9868-57a2d4851a1d" />
    <TestEntry testId="923a1274-42ed-4497-be7b-e32195a61028" executionId="7ab23346-c382-4e33-bed4-d0ee2c9f1f6e" testListId="8c84fa94-04c1-424b-9868-57a2d4851a1d" />
    <TestEntry testId="9823171f-5712-4a2e-aedf-2ae83599817a" executionId="9acf3ca7-3b80-4276-9a67-38c4a507f6b9" testListId="8c84fa94-04c1-424b-9868-57a2d4851a1d" />
    <TestEntry testId="cbf68651-a885-4236-a3bd-d964bbc6e22e" executionId="ee9415dd-cca1-4752-9273-68ef8df96742" testListId="8c84fa94-04c1-424b-9868-57a2d4851a1d" />
    <TestEntry testId="ed6512ad-894e-4049-97ed-7aa546d76b46" executionId="75dad30c-9f47-4bfb-8e87-83b4cdbc5470" testListId="8c84fa94-04c1-424b-9868-57a2d4851a1d" />
    <TestEntry testId="8cee5c56-e925-4114-8dee-3e258ffdf017" executionId="5c65be90-8521-4a3e-ac16-6612945c97e6" testListId="8c84fa94-04c1-424b-9868-57a2d4851a1d" />
    <TestEntry testId="cb579e6c-910a-4102-b52c-b6db6cc8c082" executionId="ea24b6c6-892b-4996-98d4-51267e29685c" testListId="8c84fa94-04c1-424b-9868-57a2d4851a1d" />
    <TestEntry testId="36c7fecc-1cef-4034-9632-a6e25fce01c4" executionId="82c524c8-53f5-4c0a-aff8-40b644ed247f" testListId="8c84fa94-04c1-424b-9868-57a2d4851a1d" />
    <TestEntry testId="3655b90b-fcce-4b0b-9a3c-be4e6114ab2c" executionId="6bbbe4cf-c8a1-4fb1-8889-4d0bbd2162a0" testListId="8c84fa94-04c1-424b-9868-57a2d4851a1d" />
    <TestEntry testId="68a14e17-7036-4da0-abbc-025f554d8695" executionId="d0661f84-151b-4a10-be7b-ab80c546ff2c" testListId="8c84fa94-04c1-424b-9868-57a2d4851a1d" />
    <TestEntry testId="2ce99f12-8623-4808-9b34-40e0d4815647" executionId="db8c0778-539e-4033-861b-e6e0770a8a21" testListId="8c84fa94-04c1-424b-9868-57a2d4851a1d" />
    <TestEntry testId="b775883d-8598-4c16-af6a-f6b02fe172cd" executionId="aa958233-313a-4c70-bd76-00d4327d3f91" testListId="8c84fa94-04c1-424b-9868-57a2d4851a1d" />
    <TestEntry testId="ef3e8233-80e6-401b-b89d-b4b572e05dc5" executionId="080b686c-9441-40c0-ad9c-a5716e49f6c2" testListId="8c84fa94-04c1-424b-9868-57a2d4851a1d" />
    <TestEntry testId="787b938f-4a4b-474e-87a9-85c1572231d2" executionId="f416188c-6c7c-4316-86b9-b55c1be90fa9" testListId="8c84fa94-04c1-424b-9868-57a2d4851a1d" />
    <TestEntry testId="0258c2bf-cdb5-44b7-9ecc-d1d3e7f6234c" executionId="3273d2c7-f7bd-4730-a4f2-d4f3bf41c7c6" testListId="8c84fa94-04c1-424b-9868-57a2d4851a1d" />
    <TestEntry testId="cb6b144e-3664-4b4a-b9f7-637ace4cf194" executionId="2625785d-f57b-4a86-a60f-21edf6171fd4" testListId="8c84fa94-04c1-424b-9868-57a2d4851a1d" />
    <TestEntry testId="38e68c66-6a2b-4765-b09a-05baa51aea75" executionId="24c45d2c-4f5a-498c-a810-325b48b7490b" testListId="8c84fa94-04c1-424b-9868-57a2d4851a1d" />
    <TestEntry testId="97ebe094-a324-4f5d-b010-40473de4c372" executionId="2a6a0ea7-b5d6-4b04-a5cd-0baf9c14c4c6" testListId="8c84fa94-04c1-424b-9868-57a2d4851a1d" />
    <TestEntry testId="8c41222f-c02f-49b9-a5ef-8ce9e283b876" executionId="b97b5ff5-1b89-4e7e-ac90-6f8ef694d4e0" testListId="8c84fa94-04c1-424b-9868-57a2d4851a1d" />
    <TestEntry testId="7ad49a6d-b57f-4c41-81d3-912a3112949e" executionId="dfe4868b-7a0a-4954-95ae-e8c9bd7568f3" testListId="8c84fa94-04c1-424b-9868-57a2d4851a1d" />
    <TestEntry testId="81723daa-2f18-4213-b964-476d8ed77302" executionId="0a15a6bd-7ac8-4352-9443-c09d115ece03" testListId="8c84fa94-04c1-424b-9868-57a2d4851a1d" />
    <TestEntry testId="d5ea70a3-91ba-420e-bf54-7fd94d6f671f" executionId="127cd00c-66f8-4717-b331-cd8b39665757" testListId="8c84fa94-04c1-424b-9868-57a2d4851a1d" />
    <TestEntry testId="d727d35a-1056-4322-9769-62059b1038e8" executionId="e1b654f8-4b41-4f72-8521-72f0fe53818d" testListId="8c84fa94-04c1-424b-9868-57a2d4851a1d" />
    <TestEntry testId="1f67794d-73e7-4a2f-b2c9-9ba51b910541" executionId="eb513357-9d7b-4ff6-8476-f924fbf45047" testListId="8c84fa94-04c1-424b-9868-57a2d4851a1d" />
    <TestEntry testId="41be0749-47ac-4d7d-a8b6-7878cdb717d1" executionId="215aa9d4-bd24-4b6a-bbe8-a043ea73fdc5" testListId="8c84fa94-04c1-424b-9868-57a2d4851a1d" />
    <TestEntry testId="fe792b1c-9cfd-439d-9925-162d42d686de" executionId="b46edb06-2162-43c0-8518-af6158e9356c" testListId="8c84fa94-04c1-424b-9868-57a2d4851a1d" />
    <TestEntry testId="6f0784ac-93e3-429e-b381-eaee2b0dcc91" executionId="4286e1ec-e9a7-46a5-8b92-c5f4f1553056" testListId="8c84fa94-04c1-424b-9868-57a2d4851a1d" />
    <TestEntry testId="4a08c215-ea79-469a-a20a-1c21f254c4e7" executionId="124517b1-db19-4710-9966-8ee1832e9d29" testListId="8c84fa94-04c1-424b-9868-57a2d4851a1d" />
    <TestEntry testId="69d83f7c-0e03-430f-800a-be79e865a44a" executionId="c4d9cf1f-f4b2-4f00-8b9b-b2d3e4eccbb7" testListId="8c84fa94-04c1-424b-9868-57a2d4851a1d" />
    <TestEntry testId="0d4b0b26-5e7f-4b69-8114-6994abb24539" executionId="9ea29de6-df6b-4f0b-a6c3-ed5c90c442ac" testListId="8c84fa94-04c1-424b-9868-57a2d4851a1d" />
    <TestEntry testId="173dde27-566f-41b5-b5bf-94072ee9a02f" executionId="d333681e-aa74-4239-98f3-93ae2351ebe0" testListId="8c84fa94-04c1-424b-9868-57a2d4851a1d" />
    <TestEntry testId="5071029e-d107-40e6-abfb-632798534bda" executionId="e5099d85-f2ae-486a-b9e9-8ce1134c301b" testListId="8c84fa94-04c1-424b-9868-57a2d4851a1d" />
    <TestEntry testId="2cd01dd5-3321-4e9a-8f34-466472986677" executionId="81170763-de8f-4920-b3c1-9cedd50885fa" testListId="8c84fa94-04c1-424b-9868-57a2d4851a1d" />
    <TestEntry testId="18e3ad7b-1c27-490a-93a4-60839a303cce" executionId="d6f7fea9-2c20-4d8d-8620-cbdb0554f5cb" testListId="8c84fa94-04c1-424b-9868-57a2d4851a1d" />
    <TestEntry testId="5ba7a8cd-1805-48cd-82c8-d2f742043520" executionId="37cf3b09-91c0-4a54-8be8-2d5d49e1a180" testListId="8c84fa94-04c1-424b-9868-57a2d4851a1d" />
    <TestEntry testId="25a887f7-e301-45b0-bcf1-84c3f2ade821" executionId="9cc53459-cc98-4007-a95d-e243b4deecb1" testListId="8c84fa94-04c1-424b-9868-57a2d4851a1d" />
    <TestEntry testId="cb9d592a-1508-4085-8226-2179b08c22d4" executionId="3c75a167-b289-4085-8631-046ec8badadd" testListId="8c84fa94-04c1-424b-9868-57a2d4851a1d" />
    <TestEntry testId="fa8aac8f-09d6-4f38-a14f-2c9037dc8c99" executionId="94e010f5-7fdc-47b1-b8f6-4db4f98b7bd6" testListId="8c84fa94-04c1-424b-9868-57a2d4851a1d" />
    <TestEntry testId="8ffff6de-88fe-459c-a1c6-6e857c77d8f7" executionId="3c51c093-f285-4608-91e3-cc585b64efbf" testListId="8c84fa94-04c1-424b-9868-57a2d4851a1d" />
    <TestEntry testId="82129b92-7009-4c8e-ae12-f4b6623fb965" executionId="757cfd5d-33fe-4990-a72b-e5d3aff1ad6b" testListId="8c84fa94-04c1-424b-9868-57a2d4851a1d" />
    <TestEntry testId="30e0c614-9f7e-4c7d-81d4-a92faeeef040" executionId="b5752dd7-7c87-4661-93e4-5bc8951f4f98" testListId="8c84fa94-04c1-424b-9868-57a2d4851a1d" />
    <TestEntry testId="9302e8bd-1190-4028-8970-cf445d7373d5" executionId="c8fbc6d0-16e6-4b3c-b6c3-3dc78bd80f21" testListId="8c84fa94-04c1-424b-9868-57a2d4851a1d" />
    <TestEntry testId="a48eae2e-02a1-4226-9409-8160093ff694" executionId="71f07272-98a5-4de2-9a17-f8c8c704fd39" testListId="8c84fa94-04c1-424b-9868-57a2d4851a1d" />
    <TestEntry testId="68c086e1-49bc-441c-bcb0-d045bf19159e" executionId="0e1e3aa8-fdb0-44f7-bed4-6f1316294bd6" testListId="8c84fa94-04c1-424b-9868-57a2d4851a1d" />
    <TestEntry testId="76eb30d1-8765-4f6b-ad22-e68815fe8f56" executionId="dfcea35d-9071-46b4-96d2-ba0a0cb3b796" testListId="8c84fa94-04c1-424b-9868-57a2d4851a1d" />
    <TestEntry testId="c42fc8be-9177-48a5-823b-8e48818a3b88" executionId="e05ea7cb-9105-42f6-bac7-cbb57b565e46" testListId="8c84fa94-04c1-424b-9868-57a2d4851a1d" />
    <TestEntry testId="fd2b5903-11fa-4aa0-87d2-1984a79fac0f" executionId="5fba8a23-cb39-42ae-9aec-92980e5ee296" testListId="8c84fa94-04c1-424b-9868-57a2d4851a1d" />
    <TestEntry testId="2d9213be-fc97-476c-8304-3a7ec28c1cef" executionId="dd7f05e5-3c54-4059-b20c-c3f8e168f593" testListId="8c84fa94-04c1-424b-9868-57a2d4851a1d" />
    <TestEntry testId="110955e5-b10e-4fb4-9b7a-a4fb949b68c7" executionId="43f3f891-85e1-4b75-beba-db18ca73aaa3" testListId="8c84fa94-04c1-424b-9868-57a2d4851a1d" />
    <TestEntry testId="8bc63028-17a9-4877-958b-1a52931ecb57" executionId="78103754-f65f-4c13-a1fa-6cab731e21c8" testListId="8c84fa94-04c1-424b-9868-57a2d4851a1d" />
    <TestEntry testId="99f4cd23-d350-4cc8-a690-546ff4ab8014" executionId="4c337581-ab9e-4942-8021-82191d72af27" testListId="8c84fa94-04c1-424b-9868-57a2d4851a1d" />
    <TestEntry testId="c7abad2a-289c-4bd1-9c17-a70a18e5fe96" executionId="9fa2543e-83ff-423c-b467-75768a2ed541" testListId="8c84fa94-04c1-424b-9868-57a2d4851a1d" />
    <TestEntry testId="73157ab5-eec1-4202-b22a-7376be0f4a91" executionId="5270b3ef-bb45-4c7c-83af-eee4dac72456" testListId="8c84fa94-04c1-424b-9868-57a2d4851a1d" />
    <TestEntry testId="e8e1db01-9682-44bf-b3ee-bc7594d90647" executionId="845a4ec1-835e-403b-ba37-cad392d757b1" testListId="8c84fa94-04c1-424b-9868-57a2d4851a1d" />
    <TestEntry testId="0ad22823-1156-4203-94ea-c63323111d0c" executionId="bed7388e-0c35-4794-a11f-5e717d9ac462" testListId="8c84fa94-04c1-424b-9868-57a2d4851a1d" />
    <TestEntry testId="16f23263-0e0e-4825-a4d8-9adcef61a1df" executionId="fd37e745-b4d1-43fe-bcc6-ee09c800a178" testListId="8c84fa94-04c1-424b-9868-57a2d4851a1d" />
    <TestEntry testId="addba26c-fea2-4a82-b851-7f91d7458e45" executionId="d5d6fa8c-320f-4251-ace5-9e8528fc6f14" testListId="8c84fa94-04c1-424b-9868-57a2d4851a1d" />
    <TestEntry testId="87d05cb1-6f95-4b9f-a3b8-e84338f35c0a" executionId="32b58b0b-fa99-4298-bd87-f463364c11ad" testListId="8c84fa94-04c1-424b-9868-57a2d4851a1d" />
    <TestEntry testId="d3fdf795-ebcf-441a-891b-451a75f9dff3" executionId="1c6fb5e8-9f3c-4d58-98f5-21067a88656b" testListId="8c84fa94-04c1-424b-9868-57a2d4851a1d" />
    <TestEntry testId="e918d4f5-69c2-4dea-8ad5-2814c669b6df" executionId="aff3c163-2193-4763-9cad-524ef77dc5d3" testListId="8c84fa94-04c1-424b-9868-57a2d4851a1d" />
    <TestEntry testId="55af41a8-b31e-4170-91f6-76e93f0ac3cc" executionId="7801a144-ec7b-4fa3-8c15-2582e2032fba" testListId="8c84fa94-04c1-424b-9868-57a2d4851a1d" />
    <TestEntry testId="78bb391e-576a-4348-9efb-a4cbf4b59de3" executionId="dc939f66-8674-4285-a14c-e08ede6841cf" testListId="8c84fa94-04c1-424b-9868-57a2d4851a1d" />
    <TestEntry testId="f5164263-8686-4ef6-9ed6-724090264abe" executionId="6a25131f-1dc8-47a4-9bec-4489e14d202b" testListId="8c84fa94-04c1-424b-9868-57a2d4851a1d" />
    <TestEntry testId="a9836c49-f2c4-41a5-a79c-790dd15d36d8" executionId="a54e19f0-608a-468c-b67c-96dcab1c02fa" testListId="8c84fa94-04c1-424b-9868-57a2d4851a1d" />
    <TestEntry testId="b3a5bf47-895d-4d47-87cc-d3d2cb791d6e" executionId="b39ea6a7-5df5-443e-a5c3-8ee75deb4dc8" testListId="8c84fa94-04c1-424b-9868-57a2d4851a1d" />
    <TestEntry testId="0a0c2024-5487-4a68-ae19-6f01b38ada07" executionId="3842cbf5-1c2b-41ff-8b90-bce4bdd24c4a" testListId="8c84fa94-04c1-424b-9868-57a2d4851a1d" />
    <TestEntry testId="6b87f31a-8dda-40ee-b4a2-5d6a182d00af" executionId="f011d10b-a5e3-4e48-8ac8-aa2af5a623f6" testListId="8c84fa94-04c1-424b-9868-57a2d4851a1d" />
    <TestEntry testId="402e2e69-9fb8-479c-b6fb-ff155b48933c" executionId="5ba3332e-f1a0-4acb-bf0c-d77ac6b23104" testListId="8c84fa94-04c1-424b-9868-57a2d4851a1d" />
    <TestEntry testId="d5bad35e-dbfe-4f88-9ee5-11b3e3236465" executionId="3c890261-7039-499b-9145-a07aafd12e22" testListId="8c84fa94-04c1-424b-9868-57a2d4851a1d" />
    <TestEntry testId="ce2a0a20-35fb-4831-a8c3-f442d29d8a30" executionId="2c6b178f-4eae-4db9-922b-a8f97b5cb05a" testListId="8c84fa94-04c1-424b-9868-57a2d4851a1d" />
    <TestEntry testId="4239de7d-3f17-42c9-9f73-ab0d3a692a2a" executionId="98a310f8-1673-4c9a-9f07-df87df5f54af" testListId="8c84fa94-04c1-424b-9868-57a2d4851a1d" />
    <TestEntry testId="ef1275e6-428f-45d1-9fdd-249ee357433b" executionId="0c54dc2f-07ef-44b3-868a-7b565c8e3a38" testListId="8c84fa94-04c1-424b-9868-57a2d4851a1d" />
    <TestEntry testId="e4a60ee4-424b-431e-ae67-6e145be8a052" executionId="fd45c145-bc7a-42d7-add4-834a70504757" testListId="8c84fa94-04c1-424b-9868-57a2d4851a1d" />
    <TestEntry testId="a914e5bf-80ce-496f-967e-037a50aa79ac" executionId="6632aac9-3ec5-4027-8831-dcc7331ceba9" testListId="8c84fa94-04c1-424b-9868-57a2d4851a1d" />
    <TestEntry testId="4843d9cf-3c95-4f48-86eb-2126ff765315" executionId="55c51cb7-6da5-45d7-81fa-733d16c02eaf" testListId="8c84fa94-04c1-424b-9868-57a2d4851a1d" />
    <TestEntry testId="8058869a-865b-408b-826c-15e5aa6c37f5" executionId="53b609e4-1aa0-43a2-a36e-dd1d88270e1f" testListId="8c84fa94-04c1-424b-9868-57a2d4851a1d" />
    <TestEntry testId="9845d3dd-1ac7-43dc-b912-f7f54ebed062" executionId="72495402-596c-4bc5-b578-ce9acb66c2cc" testListId="8c84fa94-04c1-424b-9868-57a2d4851a1d" />
    <TestEntry testId="9d93e6e9-5d4d-4e65-82b4-a5876fd06681" executionId="85a56b02-e91e-4a44-a218-11cfa599bb10" testListId="8c84fa94-04c1-424b-9868-57a2d4851a1d" />
    <TestEntry testId="f7297de9-574d-4de0-9413-6754c58d8cd4" executionId="76d814c1-2c17-41ae-8f03-64d3167bde1e" testListId="8c84fa94-04c1-424b-9868-57a2d4851a1d" />
    <TestEntry testId="0f0bccdb-d813-45e8-9df5-32878fc30b5f" executionId="3eef960e-441c-4ea4-9262-6ab24b2aaa58" testListId="8c84fa94-04c1-424b-9868-57a2d4851a1d" />
    <TestEntry testId="f3169b0d-80d7-4921-917b-d132ab041d2e" executionId="c771271b-48cb-4b1c-a51b-0304735cbca6" testListId="8c84fa94-04c1-424b-9868-57a2d4851a1d" />
    <TestEntry testId="e88be5d0-fa07-47bd-91e6-5a3a352d7626" executionId="28f08835-3b5e-4957-9dea-f63699a9d371" testListId="8c84fa94-04c1-424b-9868-57a2d4851a1d" />
    <TestEntry testId="83320569-e666-4926-ace0-8c1482828e27" executionId="32a917b7-3539-4e76-b7c8-bf6d0d46f9d6" testListId="8c84fa94-04c1-424b-9868-57a2d4851a1d" />
    <TestEntry testId="db9e31fc-9964-4ee5-a5b5-00e04bef0c38" executionId="c524fcd3-aae0-46fd-a846-5ae0313b23a1" testListId="8c84fa94-04c1-424b-9868-57a2d4851a1d" />
    <TestEntry testId="04622112-9071-44d7-bb68-bbe205f313ac" executionId="db362dfe-0229-46cd-ade3-3820acb58fb2" testListId="8c84fa94-04c1-424b-9868-57a2d4851a1d" />
    <TestEntry testId="0fd32943-8573-409a-abdf-66c5d1cdefec" executionId="9692ef2a-6d85-465e-ad88-7953336d6d90" testListId="8c84fa94-04c1-424b-9868-57a2d4851a1d" />
    <TestEntry testId="7fdce492-5ae9-4a4a-ad84-31ec602857ba" executionId="274c9379-9645-41f5-a31b-af46064e705b" testListId="8c84fa94-04c1-424b-9868-57a2d4851a1d" />
    <TestEntry testId="4ae674e3-d9e3-4b63-9e6d-74e04855e65d" executionId="ae3e4a55-c3ec-4e6b-9550-65d9c9082c81" testListId="8c84fa94-04c1-424b-9868-57a2d4851a1d" />
    <TestEntry testId="aff7a2df-c726-4cb3-8936-63e2591b2d3d" executionId="1865d120-9e36-4eee-87ca-21d745eae91a" testListId="8c84fa94-04c1-424b-9868-57a2d4851a1d" />
    <TestEntry testId="4e3477eb-594d-4e61-8f80-41aa72590968" executionId="d8113a74-af7f-4f2c-833e-8c01f701aea1" testListId="8c84fa94-04c1-424b-9868-57a2d4851a1d" />
    <TestEntry testId="aeec498c-62a0-43df-845d-9dce00b33fd7" executionId="841e44a3-5d86-4444-abfd-f8a5fbebdc07" testListId="8c84fa94-04c1-424b-9868-57a2d4851a1d" />
    <TestEntry testId="feadd26f-7a1d-403a-b59f-4c6e592316e9" executionId="3eea7fc4-c1a0-49a2-bfc2-1b9bc3d3ff46" testListId="8c84fa94-04c1-424b-9868-57a2d4851a1d" />
    <TestEntry testId="4b1bd388-c8b0-43ab-bead-943c90b2222c" executionId="03c63c88-7d16-4166-8242-efa00488cbaf" testListId="8c84fa94-04c1-424b-9868-57a2d4851a1d" />
    <TestEntry testId="656ceb16-2a71-4b01-9d92-006131dd7c37" executionId="b361fbfb-6271-4f78-9f0a-5fa1fb1ab3cb" testListId="8c84fa94-04c1-424b-9868-57a2d4851a1d" />
    <TestEntry testId="08544284-75ad-431c-b3d0-45182adb6572" executionId="92692ea1-2026-4fb2-991d-562c3955f29d" testListId="8c84fa94-04c1-424b-9868-57a2d4851a1d" />
    <TestEntry testId="31164bec-220f-4491-9fdb-707d2274ba00" executionId="b7361149-1d53-458c-9c22-fb0f05e5a6ea" testListId="8c84fa94-04c1-424b-9868-57a2d4851a1d" />
    <TestEntry testId="6db1e93a-c037-43c5-932a-08ae8d9815b0" executionId="279876ba-a34c-447c-bacd-c650e3f548bc" testListId="8c84fa94-04c1-424b-9868-57a2d4851a1d" />
    <TestEntry testId="09678018-a2c0-455b-949d-d4e27318a66a" executionId="c4f67c6c-473b-45fe-9461-4c2d6a93cd61" testListId="8c84fa94-04c1-424b-9868-57a2d4851a1d" />
    <TestEntry testId="a061a0f0-a768-4c4c-86ec-cd98dbd4aaab" executionId="aa8c3d5a-7cea-48dd-854d-ed32da40f760" testListId="8c84fa94-04c1-424b-9868-57a2d4851a1d" />
    <TestEntry testId="eaa350e4-1f6d-4f9f-aab4-0cd124dc72e4" executionId="0883b26b-47a6-436a-85f4-0e40d8c2f4f9" testListId="8c84fa94-04c1-424b-9868-57a2d4851a1d" />
    <TestEntry testId="0ee72846-0c9d-4003-9315-759ccc458558" executionId="8568a5c8-6ab8-4ac0-b68b-e56ea3ee771c" testListId="8c84fa94-04c1-424b-9868-57a2d4851a1d" />
    <TestEntry testId="e844a389-0b4f-4b9c-90ad-df0db4624cf2" executionId="fe1bbc8f-18ea-43f8-a1a4-3b1ea9d2e595" testListId="8c84fa94-04c1-424b-9868-57a2d4851a1d" />
    <TestEntry testId="430e9b2b-a3c2-44d0-b465-5b72652eace9" executionId="0792f3c0-9db2-4c2a-b8e3-2fd473c9960c" testListId="8c84fa94-04c1-424b-9868-57a2d4851a1d" />
    <TestEntry testId="9e7d35c3-e5d8-4b94-8883-2bfe4a86d83f" executionId="aa327dee-79a2-498b-bd73-72f9e384f114" testListId="8c84fa94-04c1-424b-9868-57a2d4851a1d" />
    <TestEntry testId="2aa5426b-159f-4622-bb37-d2cd0cb8655d" executionId="23f9553f-a48d-4d5c-b3e3-8a39716e1969" testListId="8c84fa94-04c1-424b-9868-57a2d4851a1d" />
    <TestEntry testId="34338015-178d-4a79-ab5a-8447faad5b9b" executionId="ec419205-30a1-443f-ae96-dd77b3736b98" testListId="8c84fa94-04c1-424b-9868-57a2d4851a1d" />
    <TestEntry testId="e31ab822-f55e-4040-8a5e-24b05ace7fe4" executionId="a4c0f7d0-ad4a-4059-a1fc-a422e3e3fccd" testListId="8c84fa94-04c1-424b-9868-57a2d4851a1d" />
    <TestEntry testId="a6e88a10-4ccc-4730-9f20-5a3dcd039ca1" executionId="0367d1e9-0c7d-4e5a-9cac-ae7c4c005bfe" testListId="8c84fa94-04c1-424b-9868-57a2d4851a1d" />
    <TestEntry testId="20971fbe-dd95-400a-9fb7-48d1054e98d8" executionId="17700ae5-baa7-4185-8314-e37443f27e40" testListId="8c84fa94-04c1-424b-9868-57a2d4851a1d" />
    <TestEntry testId="371a2a23-8d4e-4c00-b359-e86b63f2a8eb" executionId="e0f352c7-3771-4a9d-a6f9-34d2b8244871" testListId="8c84fa94-04c1-424b-9868-57a2d4851a1d" />
    <TestEntry testId="10e06418-9d24-4346-b6c8-393aa90de039" executionId="c0a1f0c9-ceec-46f4-8ecb-e1787ab2cc8a" testListId="8c84fa94-04c1-424b-9868-57a2d4851a1d" />
    <TestEntry testId="d0631c20-aa1e-47f4-9129-adb67d97747e" executionId="a96ae696-2c55-424e-9ca4-ef57705bd4d3" testListId="8c84fa94-04c1-424b-9868-57a2d4851a1d" />
    <TestEntry testId="9bc38719-4dd8-4ce2-abeb-44d8b10b6b8e" executionId="e1116bd4-cd88-4fbb-857a-55cb2c5cfc10" testListId="8c84fa94-04c1-424b-9868-57a2d4851a1d" />
    <TestEntry testId="62726eb2-b9fb-4299-b31f-8b5af4aeed18" executionId="f7e8fa57-deb2-4734-b459-bbfc35a8f0a3" testListId="8c84fa94-04c1-424b-9868-57a2d4851a1d" />
    <TestEntry testId="6b3fb6ef-e4a9-4670-9039-dadddf4f43f7" executionId="33c2c2f0-0605-4b36-9fff-1bb919f8b8b5" testListId="8c84fa94-04c1-424b-9868-57a2d4851a1d" />
    <TestEntry testId="c092bf9b-87dd-40aa-b4c4-074d4e83bb7a" executionId="74e5113f-8985-4e9b-9bed-5e53320d7f23" testListId="8c84fa94-04c1-424b-9868-57a2d4851a1d" />
    <TestEntry testId="8666ba60-30f4-4343-b032-2a9013a1cda7" executionId="95b2b264-3e0d-4b29-b9b8-85a07453bbd7" testListId="8c84fa94-04c1-424b-9868-57a2d4851a1d" />
    <TestEntry testId="27e964c6-49f0-4580-ad45-8502b38c8092" executionId="84448b7e-7765-48eb-90fd-47b42f73362c" testListId="8c84fa94-04c1-424b-9868-57a2d4851a1d" />
    <TestEntry testId="773ff510-e491-45f6-9978-0198ee8c943b" executionId="56a8bf27-9a09-469c-a47b-59cb9cf97420" testListId="8c84fa94-04c1-424b-9868-57a2d4851a1d" />
    <TestEntry testId="727ae673-eb88-491f-a75a-804a8ca16dd9" executionId="ea82c93a-5096-4e3c-b238-41864b86efba" testListId="8c84fa94-04c1-424b-9868-57a2d4851a1d" />
    <TestEntry testId="e850ee17-41c0-4511-9ab1-928b8725347c" executionId="7f0f38f5-f804-4483-913a-530ca7da17bb" testListId="8c84fa94-04c1-424b-9868-57a2d4851a1d" />
    <TestEntry testId="1ff4eee3-6305-4a31-ac02-05bc802ac617" executionId="b8eed75e-0e07-4550-81cd-8880a26f858f" testListId="8c84fa94-04c1-424b-9868-57a2d4851a1d" />
    <TestEntry testId="c5977c51-0331-4667-a481-748b26b6d1e2" executionId="80ad97ee-64e7-4177-b13d-e49f6def2fe3" testListId="8c84fa94-04c1-424b-9868-57a2d4851a1d" />
    <TestEntry testId="c18f1c8c-40c9-47e4-a1b1-660b858e8cac" executionId="24dfc7bd-4ef9-44c5-bbcd-41134def887c" testListId="8c84fa94-04c1-424b-9868-57a2d4851a1d" />
    <TestEntry testId="c6e1e18e-6e1b-47f5-8059-8d66df8e535c" executionId="bd218bde-eaa4-4032-b230-f5b388f00c70" testListId="8c84fa94-04c1-424b-9868-57a2d4851a1d" />
    <TestEntry testId="7882cddc-6dcc-4167-8b88-62728b9e636c" executionId="1b44cb95-ef42-43bb-8239-f2121c4ba68b" testListId="8c84fa94-04c1-424b-9868-57a2d4851a1d" />
    <TestEntry testId="fc2d092b-8fc1-41c9-a7c9-adf080a71e70" executionId="21ae88bf-9c93-4576-b9ca-b76b98b772cf" testListId="8c84fa94-04c1-424b-9868-57a2d4851a1d" />
    <TestEntry testId="792235a0-1f29-4caa-aef2-18a7b767b95a" executionId="ceda2a9a-3c4e-4322-8f3b-6e916b8f4351" testListId="8c84fa94-04c1-424b-9868-57a2d4851a1d" />
    <TestEntry testId="e353d683-730a-4b01-8a25-5fdcbe83773a" executionId="3f4bf344-fba5-4148-b34b-63cb80dd694a" testListId="8c84fa94-04c1-424b-9868-57a2d4851a1d" />
    <TestEntry testId="d1cadbe3-6f83-4a38-9ed9-6038471a61c8" executionId="01410ebf-4c87-45bd-96fb-f2dc389ea83a" testListId="8c84fa94-04c1-424b-9868-57a2d4851a1d" />
    <TestEntry testId="feadf99d-0057-4f2a-84f0-46234dc57079" executionId="65526217-01b0-4d0c-bf34-510d6b074382" testListId="8c84fa94-04c1-424b-9868-57a2d4851a1d" />
    <TestEntry testId="a2621c79-c1d6-4eb4-beb9-29e80fc9d7b6" executionId="572e998c-abd6-4326-93ff-5a3c7dd6141b" testListId="8c84fa94-04c1-424b-9868-57a2d4851a1d" />
    <TestEntry testId="86ff391c-c9d6-4434-b8a1-e2923280f3f9" executionId="e4703f56-0ed1-4ca0-afb0-d329eb7a04d4" testListId="8c84fa94-04c1-424b-9868-57a2d4851a1d" />
    <TestEntry testId="c662d86d-adb5-4982-9584-b617a717dfde" executionId="b9865faa-24e2-44f9-ba7b-e559b62410ba" testListId="8c84fa94-04c1-424b-9868-57a2d4851a1d" />
    <TestEntry testId="1cec9da2-dcc5-4c47-893d-e4523410a0d2" executionId="a17e5ac1-6df8-4132-860e-3df3630f86cd" testListId="8c84fa94-04c1-424b-9868-57a2d4851a1d" />
    <TestEntry testId="a5ccaa80-9a52-4faa-82dc-5d1418d20098" executionId="064f1e0d-b51f-40f3-827b-8fe5dbc70763" testListId="8c84fa94-04c1-424b-9868-57a2d4851a1d" />
    <TestEntry testId="4af5cb3d-c248-48ab-8835-6579c405a200" executionId="0878e16f-363c-4ba8-851b-c13f1995d5bf" testListId="8c84fa94-04c1-424b-9868-57a2d4851a1d" />
    <TestEntry testId="f1b228e5-1ce4-43a4-b90c-0c0db35a32a8" executionId="8c19e22d-e60f-4cc0-8441-ad2a0828e91e" testListId="8c84fa94-04c1-424b-9868-57a2d4851a1d" />
    <TestEntry testId="c9b7dc6a-5322-40dd-97ac-d90aca02c124" executionId="715dfb7e-2ccb-451f-8e03-e88889f1603a" testListId="8c84fa94-04c1-424b-9868-57a2d4851a1d" />
    <TestEntry testId="56c033e5-cbbf-45fb-b223-139048ea172e" executionId="43d55bdd-7540-4694-8aa4-246e6f08af24" testListId="8c84fa94-04c1-424b-9868-57a2d4851a1d" />
    <TestEntry testId="a4d34b89-b9c6-48bf-8638-42b7c691122c" executionId="fe20d294-4aec-42f2-b62a-d64c9508eb71" testListId="8c84fa94-04c1-424b-9868-57a2d4851a1d" />
    <TestEntry testId="9146436c-d29d-494f-a456-673f9aed9910" executionId="d478d924-93a5-4e5d-9df2-21d49033d0fe" testListId="8c84fa94-04c1-424b-9868-57a2d4851a1d" />
    <TestEntry testId="691d1f93-7ab3-4c0c-b07e-6e40333dea72" executionId="526167b4-45bb-4101-a4bc-32a72ce505a9" testListId="8c84fa94-04c1-424b-9868-57a2d4851a1d" />
    <TestEntry testId="a157efee-a007-4e65-aac0-b83e3456c0e6" executionId="ab5c93c8-636c-4bbb-82f0-5b51918a9e95" testListId="8c84fa94-04c1-424b-9868-57a2d4851a1d" />
    <TestEntry testId="caa5bd02-9f41-4972-adc4-6898241b4194" executionId="1298fe51-6d0b-4fe5-97d3-e81e743c3ff8" testListId="8c84fa94-04c1-424b-9868-57a2d4851a1d" />
    <TestEntry testId="cd72de38-d419-4e04-b45e-929d507577b8" executionId="59533df0-4f55-486f-a94f-403cb41a6c70" testListId="8c84fa94-04c1-424b-9868-57a2d4851a1d" />
    <TestEntry testId="f685f81f-7d5b-4c19-b739-f5562228d936" executionId="b2bc0d6c-0699-4080-822e-f0203b512b2e" testListId="8c84fa94-04c1-424b-9868-57a2d4851a1d" />
    <TestEntry testId="2681657b-c4ec-4812-b2cc-1ab09c4cf2f5" executionId="786b014a-951c-4e7f-b29a-35e3850f7201" testListId="8c84fa94-04c1-424b-9868-57a2d4851a1d" />
    <TestEntry testId="641704cc-1bdc-4226-bb1d-a5f436333593" executionId="402ce586-1d56-47e5-8dcf-8f47244f3909" testListId="8c84fa94-04c1-424b-9868-57a2d4851a1d" />
    <TestEntry testId="9f4ed18b-87da-49af-a07d-4e0667f7bc4a" executionId="8ec78847-91d8-44e8-94ac-236425da35da" testListId="8c84fa94-04c1-424b-9868-57a2d4851a1d" />
    <TestEntry testId="6c351f28-b6fb-4e47-85f4-3d480f733b1b" executionId="73ef200a-926c-48f4-8f5a-7bb58a4cce63" testListId="8c84fa94-04c1-424b-9868-57a2d4851a1d" />
    <TestEntry testId="fa8c2598-7ed6-488b-b3e7-9135030ec1dd" executionId="618bc822-ca42-4a34-bc25-c2f03b4c93be" testListId="8c84fa94-04c1-424b-9868-57a2d4851a1d" />
    <TestEntry testId="42e69eec-c700-447b-bf1d-29e3cc33b144" executionId="4c61cf08-b78b-4830-9883-ff88e4d3df61" testListId="8c84fa94-04c1-424b-9868-57a2d4851a1d" />
    <TestEntry testId="5be4ed66-d878-4956-b3d5-6c287e4ec928" executionId="0d191c3d-dc39-4b46-8c67-4df54a28545f" testListId="8c84fa94-04c1-424b-9868-57a2d4851a1d" />
    <TestEntry testId="a473bf7c-9a16-4a79-98aa-f03834b3155d" executionId="f470ec3d-a24c-4e37-9541-61dd754b67b8" testListId="8c84fa94-04c1-424b-9868-57a2d4851a1d" />
    <TestEntry testId="75e1c892-ded0-4f56-bfe7-47ccf556b3b7" executionId="c9466a74-4a25-4214-a430-d527c48d519b" testListId="8c84fa94-04c1-424b-9868-57a2d4851a1d" />
    <TestEntry testId="ac7650d1-3fb9-4ce4-83fb-44f1d0d91699" executionId="829ca46c-0b46-45ea-89cf-aa89b018de7f" testListId="8c84fa94-04c1-424b-9868-57a2d4851a1d" />
    <TestEntry testId="605c28af-c075-4a31-b810-60f4ccd7d9f1" executionId="1a8e0d27-e580-4d1d-af59-dd6e3401c7a6" testListId="8c84fa94-04c1-424b-9868-57a2d4851a1d" />
    <TestEntry testId="55977df6-403c-4983-ab2e-29ea3c96a7d7" executionId="5e326ae2-667d-4ac6-98af-ad9c207cb5e1" testListId="8c84fa94-04c1-424b-9868-57a2d4851a1d" />
    <TestEntry testId="1c472241-df2a-449f-b760-b383e82567f4" executionId="3afff069-a4c7-4a12-b880-0088a15a31cf" testListId="8c84fa94-04c1-424b-9868-57a2d4851a1d" />
    <TestEntry testId="d6738970-aadf-4c13-af6b-888ab0e1af6c" executionId="5e1c2d8c-04ad-44b9-93cf-5899da09da95" testListId="8c84fa94-04c1-424b-9868-57a2d4851a1d" />
    <TestEntry testId="15c23cf0-034e-4543-8e12-3ad89fc8b549" executionId="a9c0096b-76c5-4472-a292-ca542c82b301" testListId="8c84fa94-04c1-424b-9868-57a2d4851a1d" />
    <TestEntry testId="d3426c9b-e4ca-43d3-8241-68557a33cc4a" executionId="db222820-5570-4260-a73a-002ef33529f0" testListId="8c84fa94-04c1-424b-9868-57a2d4851a1d" />
    <TestEntry testId="6be871d8-0e71-490b-b6ac-3a0cdecd716c" executionId="dfe453f8-eff1-4ebc-9479-243d2a1804be" testListId="8c84fa94-04c1-424b-9868-57a2d4851a1d" />
    <TestEntry testId="a6203a71-0fcc-48f9-9eb3-50cd5ee86130" executionId="8f238bd2-ddd5-467c-9f29-3c75729804ec" testListId="8c84fa94-04c1-424b-9868-57a2d4851a1d" />
    <TestEntry testId="0f94d568-f70e-4066-a466-1978ff8c9cee" executionId="1d02aac7-a5ce-4b02-8b58-e484355c1b79" testListId="8c84fa94-04c1-424b-9868-57a2d4851a1d" />
    <TestEntry testId="22810605-89a5-43b3-96d4-85ad376e296a" executionId="5c11fc6c-6b53-4617-97c0-263fff519ad0" testListId="8c84fa94-04c1-424b-9868-57a2d4851a1d" />
    <TestEntry testId="ce1fe191-8023-492d-8317-1d8aca95bf4c" executionId="0fc1b28d-9411-4234-a668-f346c05bdc62" testListId="8c84fa94-04c1-424b-9868-57a2d4851a1d" />
    <TestEntry testId="f2591e6d-d7e8-486f-ba12-e32f763a43f2" executionId="c69647ec-cae8-40e6-b7ad-8b4aad02da9c" testListId="8c84fa94-04c1-424b-9868-57a2d4851a1d" />
    <TestEntry testId="a3e44791-5187-4559-bc8c-b2e92e7f90cd" executionId="5a48ee09-ca72-4e1f-bbe3-6857eadab57a" testListId="8c84fa94-04c1-424b-9868-57a2d4851a1d" />
    <TestEntry testId="5fc6718c-0ebb-42a3-8c28-5ee1ef68b916" executionId="6e7c6c8b-f9e5-4a80-bbc7-e3090dd0edf4" testListId="8c84fa94-04c1-424b-9868-57a2d4851a1d" />
    <TestEntry testId="9334f327-ef34-4627-b484-279d7e507cbe" executionId="7c0c67f3-f63e-4870-b780-852cc55fb0a2" testListId="8c84fa94-04c1-424b-9868-57a2d4851a1d" />
    <TestEntry testId="4f59fc63-9c86-451d-8400-d3ef143fffda" executionId="3cd57961-496a-4889-8598-057ff5b87c04" testListId="8c84fa94-04c1-424b-9868-57a2d4851a1d" />
    <TestEntry testId="40890062-22b7-4995-ac94-5a8c46eb112b" executionId="7dd3b547-9471-476a-9133-bfc3b08a4710" testListId="8c84fa94-04c1-424b-9868-57a2d4851a1d" />
    <TestEntry testId="9a85bd87-7b21-44f3-92fc-489c888fbe8b" executionId="70089dea-c0a6-468a-b0be-fdefc7ceef84" testListId="8c84fa94-04c1-424b-9868-57a2d4851a1d" />
    <TestEntry testId="b2b9c804-df65-4095-bc94-1432c4e352e0" executionId="b67368a5-5831-4430-8029-65a3f22a8abb" testListId="8c84fa94-04c1-424b-9868-57a2d4851a1d" />
    <TestEntry testId="442a5e42-aa6d-458d-a9f4-a5db7d4fe843" executionId="64b7485f-4351-479a-ab03-a5266e3abe03" testListId="8c84fa94-04c1-424b-9868-57a2d4851a1d" />
    <TestEntry testId="9c507d7b-3a9a-4049-a8e0-6af8a009e899" executionId="11e26df5-ad92-42d5-b7b1-b6a9377133f0" testListId="8c84fa94-04c1-424b-9868-57a2d4851a1d" />
    <TestEntry testId="33c69e8d-1c3a-4f4a-b286-f86d0a01a004" executionId="cc0a133e-8253-4758-9e26-89a2c2e3315a" testListId="8c84fa94-04c1-424b-9868-57a2d4851a1d" />
    <TestEntry testId="6afd5938-dbd5-478a-b551-04fbb3833901" executionId="c5518daf-b996-46d9-a5ed-3875a08840db" testListId="8c84fa94-04c1-424b-9868-57a2d4851a1d" />
    <TestEntry testId="cf3b062e-a21c-4b64-98da-78cd0ddffe13" executionId="c73d15b8-cf20-4ae6-b8ff-9c9076ad6ccb" testListId="8c84fa94-04c1-424b-9868-57a2d4851a1d" />
    <TestEntry testId="77053778-bdf6-498c-81ba-ed03ceae551f" executionId="664c85b2-57e6-4839-9a9c-89037285b16d" testListId="8c84fa94-04c1-424b-9868-57a2d4851a1d" />
    <TestEntry testId="33b1b8df-e55e-4b70-9343-ee6cbcbbc0f7" executionId="22737f5e-4f0d-4580-9123-e1ec923b04b1" testListId="8c84fa94-04c1-424b-9868-57a2d4851a1d" />
    <TestEntry testId="dc47ff96-5cf5-457e-99f5-5a9fd11f62ee" executionId="cd67d1b2-a2a1-4dfa-a311-a0af182b8fd7" testListId="8c84fa94-04c1-424b-9868-57a2d4851a1d" />
    <TestEntry testId="35fae332-33d6-4e58-9f8b-d60991adc7f7" executionId="14487586-2356-42dc-9ab0-e008a293fdb7" testListId="8c84fa94-04c1-424b-9868-57a2d4851a1d" />
    <TestEntry testId="189b8d1b-fb3a-4b96-8cf5-922118ae6081" executionId="e870edb6-9750-4764-9557-c79e828b156d" testListId="8c84fa94-04c1-424b-9868-57a2d4851a1d" />
    <TestEntry testId="31fe6879-c0ff-4e5c-947a-b265de2e3c6d" executionId="c917f711-fb87-4be3-b2b5-da6d23b4ff48" testListId="8c84fa94-04c1-424b-9868-57a2d4851a1d" />
    <TestEntry testId="fa049f0c-079d-4259-909d-f4e504ff2ad5" executionId="4d6da111-2e7b-4c58-8780-4eb1204481c6" testListId="8c84fa94-04c1-424b-9868-57a2d4851a1d" />
    <TestEntry testId="887e4d41-237d-45fc-b859-fdb5f2921599" executionId="8557da86-2232-4503-9694-657ffe3a438d" testListId="8c84fa94-04c1-424b-9868-57a2d4851a1d" />
    <TestEntry testId="3b28907a-3001-4b31-ad21-177edbd6733a" executionId="5b3419f9-6906-4e8e-b800-28c974f4f1c4" testListId="8c84fa94-04c1-424b-9868-57a2d4851a1d" />
    <TestEntry testId="657b8297-148a-4ea5-bdca-5878af2b4cf8" executionId="152e4cd2-50e7-4af1-a925-3b59cf646d19" testListId="8c84fa94-04c1-424b-9868-57a2d4851a1d" />
    <TestEntry testId="0448f945-f5e3-4657-9d5c-93e0cd59578d" executionId="7bee7e93-2fbb-4ec5-b150-8f370d7caa46" testListId="8c84fa94-04c1-424b-9868-57a2d4851a1d" />
    <TestEntry testId="489fb65e-8ee5-4e85-bf1e-6abb0a88916f" executionId="07edc55c-ce87-49e7-b0cc-4e8152417aaf" testListId="8c84fa94-04c1-424b-9868-57a2d4851a1d" />
    <TestEntry testId="c5d9a659-3828-44b5-a45d-3bad57cadab6" executionId="72d42641-e543-4e2a-8477-7a2ea5fbd872" testListId="8c84fa94-04c1-424b-9868-57a2d4851a1d" />
    <TestEntry testId="7df0d4ff-f922-441b-aeb7-b95db75d8645" executionId="9212b08d-c656-4cce-a890-81a9569b7912" testListId="8c84fa94-04c1-424b-9868-57a2d4851a1d" />
    <TestEntry testId="a78c073c-a7ab-4b2d-b22b-25cfaadd4d43" executionId="39aacb29-76d4-40c4-b90f-83781383181f" testListId="8c84fa94-04c1-424b-9868-57a2d4851a1d" />
    <TestEntry testId="0ccf7f50-15b6-4cdf-8946-fe8d73009546" executionId="155ebbf6-9cf8-44bc-8384-1df44b2f68cc" testListId="8c84fa94-04c1-424b-9868-57a2d4851a1d" />
    <TestEntry testId="a229398b-ecc8-4a71-9d4b-4fe3a3a851bc" executionId="a24ee557-6bdc-4f64-9390-63390a69ec0f" testListId="8c84fa94-04c1-424b-9868-57a2d4851a1d" />
    <TestEntry testId="3bb34af4-b90b-479b-8e0f-16505c9f0ebd" executionId="5c2eedc1-d310-43ed-8348-750deeccca8e" testListId="8c84fa94-04c1-424b-9868-57a2d4851a1d" />
    <TestEntry testId="6c8640c4-1660-48de-9255-07930cd24164" executionId="dfa1a99e-b884-4da3-a1f4-f9c80e6b5ab6" testListId="8c84fa94-04c1-424b-9868-57a2d4851a1d" />
    <TestEntry testId="51f9adb6-1c6b-490a-bc44-20889c54d81d" executionId="e430b011-5b56-4b21-af15-2e67f268bc21" testListId="8c84fa94-04c1-424b-9868-57a2d4851a1d" />
    <TestEntry testId="6c1233f1-5281-4993-a2b4-607e18b9422a" executionId="fedf96e7-5f13-47bc-b5ed-de27f8a72883" testListId="8c84fa94-04c1-424b-9868-57a2d4851a1d" />
    <TestEntry testId="06bfe7dd-3578-432a-8886-e001def953d5" executionId="d657f744-050c-47ee-8693-b0da5395d546" testListId="8c84fa94-04c1-424b-9868-57a2d4851a1d" />
    <TestEntry testId="d77cf88b-359f-43e9-9dbf-b87a6b8166cb" executionId="d755647d-5620-46ee-ac83-caa3d4f9f70c" testListId="8c84fa94-04c1-424b-9868-57a2d4851a1d" />
    <TestEntry testId="1e38f379-6c1d-41ee-a77d-3792d4f200d2" executionId="bc74ec5a-689a-46cb-89e0-aabd06c87e57" testListId="8c84fa94-04c1-424b-9868-57a2d4851a1d" />
    <TestEntry testId="91e18a17-c785-44f9-97ab-37ce61c2f940" executionId="c08a31a8-6fd9-40a1-9f29-a6d56e7475e7" testListId="8c84fa94-04c1-424b-9868-57a2d4851a1d" />
    <TestEntry testId="0b7538e0-a268-467a-ae5b-779012426de6" executionId="be8d4195-0fcf-42ea-9f37-65bbeb21813e" testListId="8c84fa94-04c1-424b-9868-57a2d4851a1d" />
    <TestEntry testId="a8f3a74d-585b-4af4-8355-301930d0c663" executionId="442943d4-c839-4af6-b387-c6d8fb2a308d" testListId="8c84fa94-04c1-424b-9868-57a2d4851a1d" />
    <TestEntry testId="13a283dc-8d79-4939-a23c-30e0d7aac9cd" executionId="9bb01e3a-eafb-4f4c-abea-ab0f4dd4bba8" testListId="8c84fa94-04c1-424b-9868-57a2d4851a1d" />
    <TestEntry testId="38d5ddc1-369e-44fb-a6b0-bd746d410041" executionId="1f8e8b51-c3f5-4be0-9508-d7798b2d115a" testListId="8c84fa94-04c1-424b-9868-57a2d4851a1d" />
    <TestEntry testId="d1e00649-2638-4927-82fb-d22cafaa466e" executionId="9ec1ff22-fce3-4bbe-80e9-377df2e7eafa" testListId="8c84fa94-04c1-424b-9868-57a2d4851a1d" />
    <TestEntry testId="d3e70d16-52b7-44c7-97f1-c599f56d46d2" executionId="0559098e-092d-4a17-a79f-c7ca9c9196d4" testListId="8c84fa94-04c1-424b-9868-57a2d4851a1d" />
    <TestEntry testId="06807801-63bb-4556-9f01-ccc2fbed2934" executionId="73a03f37-a4ff-4e0e-ac1a-7b94e1d7409f" testListId="8c84fa94-04c1-424b-9868-57a2d4851a1d" />
    <TestEntry testId="96bbf356-bb26-43a4-8071-97d83a84f428" executionId="4b3f4880-5228-4f4f-8fc2-d9bb5391c13a" testListId="8c84fa94-04c1-424b-9868-57a2d4851a1d" />
    <TestEntry testId="3f56db31-7f86-4360-95ea-1c832dbc2d42" executionId="63441c2b-ae32-43aa-99d1-d71b35de21bd" testListId="8c84fa94-04c1-424b-9868-57a2d4851a1d" />
    <TestEntry testId="200e8af0-f095-44a5-9f56-2f3ed52d257f" executionId="a07881a0-f9fc-4876-8864-20c8339a1d40" testListId="8c84fa94-04c1-424b-9868-57a2d4851a1d" />
    <TestEntry testId="fd2a34a8-2413-49de-8337-1e9644e6049d" executionId="c4517a64-77d4-458e-9d69-ec8fac3b0047" testListId="8c84fa94-04c1-424b-9868-57a2d4851a1d" />
    <TestEntry testId="a005b318-bbc0-46eb-a8a2-7a73e518e85a" executionId="7e5f40bc-d12f-4435-b2d0-74f1e2c642bb" testListId="8c84fa94-04c1-424b-9868-57a2d4851a1d" />
    <TestEntry testId="99aaba41-337f-47ae-a105-818ae464d3cd" executionId="f601f140-424a-4ecc-a32c-32cb54a6bff5" testListId="8c84fa94-04c1-424b-9868-57a2d4851a1d" />
    <TestEntry testId="6df82875-c258-422c-a4d8-9884ae16c073" executionId="bbeaa192-c062-4044-8812-683d501585ad" testListId="8c84fa94-04c1-424b-9868-57a2d4851a1d" />
    <TestEntry testId="f73d68d5-3e47-431f-9d59-d53dc96cf5e3" executionId="3c3ff8aa-e6e9-43d1-993a-236d39c1a2cb" testListId="8c84fa94-04c1-424b-9868-57a2d4851a1d" />
    <TestEntry testId="db94d00a-4f44-45db-8e36-6f6e2e462a8a" executionId="5035e479-efc6-4822-b033-47bc422a13bb" testListId="8c84fa94-04c1-424b-9868-57a2d4851a1d" />
    <TestEntry testId="c1200f41-c360-4c32-a69e-5a8c82703d40" executionId="07b6b4f5-981f-453c-815c-022505d4b959" testListId="8c84fa94-04c1-424b-9868-57a2d4851a1d" />
    <TestEntry testId="7bf68fe0-144f-4bc5-b3e2-580e6b990db0" executionId="0d5b8fc2-8947-49a6-b844-0c9a7c37a51d" testListId="8c84fa94-04c1-424b-9868-57a2d4851a1d" />
    <TestEntry testId="ed29c248-ee9b-4f2a-b3e7-95198e68877c" executionId="17dac8e8-db13-453e-aba3-e90cd7d6e958" testListId="8c84fa94-04c1-424b-9868-57a2d4851a1d" />
    <TestEntry testId="6c8ec66a-58fc-424c-b0bc-4d4b3cb73f03" executionId="f09e9573-a034-427d-8b48-0ae817c20749" testListId="8c84fa94-04c1-424b-9868-57a2d4851a1d" />
    <TestEntry testId="42557544-8540-4989-88e1-b505e9d70f94" executionId="6a1ebed5-1437-4573-b693-572ff06ecf7c" testListId="8c84fa94-04c1-424b-9868-57a2d4851a1d" />
    <TestEntry testId="55df4e54-3578-46d6-a159-b313bac55739" executionId="b4f13f4d-66c4-417f-9a17-94f1279622ea" testListId="8c84fa94-04c1-424b-9868-57a2d4851a1d" />
    <TestEntry testId="59e7d215-a8e9-4e8f-aed6-c66535f41633" executionId="4550b333-c2a9-4f68-ac23-7bc5dc44cd23" testListId="8c84fa94-04c1-424b-9868-57a2d4851a1d" />
    <TestEntry testId="4b0f7f85-5a16-4c3d-a45f-ab864a419b50" executionId="46351cc8-19d0-41e0-8d86-e3ead43f7f62" testListId="8c84fa94-04c1-424b-9868-57a2d4851a1d" />
    <TestEntry testId="e54500d3-ce3b-4aff-b8aa-4f95eec3e847" executionId="0cc70e13-06fa-4934-8cb5-e927547cee5b" testListId="8c84fa94-04c1-424b-9868-57a2d4851a1d" />
    <TestEntry testId="6a905cf4-7e40-4578-91e5-c8d62844dd05" executionId="7bb59eb6-c9e1-406b-8e87-3e9b653791d5" testListId="8c84fa94-04c1-424b-9868-57a2d4851a1d" />
    <TestEntry testId="b79b9436-60eb-466e-9539-079cbd9e1436" executionId="75c8e118-8612-405c-92ef-cb35bb292354" testListId="8c84fa94-04c1-424b-9868-57a2d4851a1d" />
    <TestEntry testId="8d5f53b9-3c26-43c5-b604-b26472c896e1" executionId="43808d83-6903-4c37-8844-b547b6b6aafa" testListId="8c84fa94-04c1-424b-9868-57a2d4851a1d" />
    <TestEntry testId="6849c08a-1dfb-424f-90df-1c1ce3e2364b" executionId="9e90cb5c-b6d5-42a9-8f63-46565025beee" testListId="8c84fa94-04c1-424b-9868-57a2d4851a1d" />
    <TestEntry testId="32c19286-90c7-4412-bf5a-6c475c137a5f" executionId="47d8410d-4679-4a04-bccf-ce451d8a898a" testListId="8c84fa94-04c1-424b-9868-57a2d4851a1d" />
    <TestEntry testId="591416eb-6c6b-42c2-97ef-76f52a58c423" executionId="277c9d99-9f1b-43a2-a69e-83108c1a0ee7" testListId="8c84fa94-04c1-424b-9868-57a2d4851a1d" />
    <TestEntry testId="608f706c-61d7-425e-b8d4-2b11910c6dc7" executionId="714c9c59-c8a4-4462-84c2-5efefe4dda40" testListId="8c84fa94-04c1-424b-9868-57a2d4851a1d" />
    <TestEntry testId="2d3111f7-4c77-459d-9f0c-e1e43bb0a292" executionId="13d2f159-cdf8-4c9d-ad9f-c4ca60e2c0df" testListId="8c84fa94-04c1-424b-9868-57a2d4851a1d" />
    <TestEntry testId="465bfe1f-d213-4fe4-94bf-2c39217b00a3" executionId="49b76faa-4d2d-4d93-a3bb-686c38d0d4cf" testListId="8c84fa94-04c1-424b-9868-57a2d4851a1d" />
    <TestEntry testId="e68401fa-4aa7-4688-bd98-9d69ab02faa8" executionId="a27bf703-4614-4820-ab14-9b3934174212" testListId="8c84fa94-04c1-424b-9868-57a2d4851a1d" />
    <TestEntry testId="93645130-1dfc-4ff6-ab14-82e226bd8446" executionId="d4f1fd64-b745-485e-8ac9-62e7287fb532" testListId="8c84fa94-04c1-424b-9868-57a2d4851a1d" />
    <TestEntry testId="a61f2651-da7d-4d20-ac7f-04b4e141a7e8" executionId="64a37701-ea6c-446b-a7d8-4967e2a46f14" testListId="8c84fa94-04c1-424b-9868-57a2d4851a1d" />
    <TestEntry testId="766fada8-e953-4aae-9446-cf3540061053" executionId="dc9c85ff-9e5f-45bd-8e7d-2cc6c72a380d" testListId="8c84fa94-04c1-424b-9868-57a2d4851a1d" />
    <TestEntry testId="7a37c2d9-ad9b-4436-aea3-2ffa8bdcc383" executionId="fa8a8ecd-1650-4c97-883b-991e274ce82d" testListId="8c84fa94-04c1-424b-9868-57a2d4851a1d" />
    <TestEntry testId="dbfbf6c4-f3c5-488c-8b75-2e9e1c391eb5" executionId="6194f914-6552-40c6-8204-521e2288fd81" testListId="8c84fa94-04c1-424b-9868-57a2d4851a1d" />
    <TestEntry testId="68675eb5-79a2-494d-a5a3-32385426255e" executionId="d134ce7b-0908-4813-92df-bc1391f602ea" testListId="8c84fa94-04c1-424b-9868-57a2d4851a1d" />
    <TestEntry testId="3cd0c2da-bc5f-46f3-9ab0-5d507b4025ad" executionId="b0224e00-2b6c-4a69-8430-360227435ddc" testListId="8c84fa94-04c1-424b-9868-57a2d4851a1d" />
    <TestEntry testId="a9a6cb30-d899-493e-8a66-f362315fe537" executionId="8e1d785f-d45a-48b5-b065-20ad8d539322" testListId="8c84fa94-04c1-424b-9868-57a2d4851a1d" />
    <TestEntry testId="54f4f33f-fe9d-4a8f-81f8-b31cbdb23226" executionId="06fe74dc-3595-4f55-ba8e-f9cc0320b49e" testListId="8c84fa94-04c1-424b-9868-57a2d4851a1d" />
    <TestEntry testId="db75e965-f261-481c-b046-6dcff4d9b695" executionId="6ac1b200-c25f-46fa-a0a0-f96226e6eb2e" testListId="8c84fa94-04c1-424b-9868-57a2d4851a1d" />
    <TestEntry testId="9d589628-fb2c-472f-ae6a-3309819c4deb" executionId="19b1b71c-8d1f-4c05-b41b-c3082436cbd5" testListId="8c84fa94-04c1-424b-9868-57a2d4851a1d" />
    <TestEntry testId="792768ca-1e34-49b1-bb81-6295972d7023" executionId="e2e73549-1726-4d2f-b842-c73956c72fca" testListId="8c84fa94-04c1-424b-9868-57a2d4851a1d" />
    <TestEntry testId="f8a6f0e8-4727-4bd6-a6c2-2f01ed4a2e83" executionId="129838d7-7173-42f6-a6ba-601370fc338a" testListId="8c84fa94-04c1-424b-9868-57a2d4851a1d" />
    <TestEntry testId="89b8c734-ff10-4edb-b46e-cb7f9a67e4e6" executionId="5761707e-deb9-4b93-b8cb-fa8b69f7cde6" testListId="8c84fa94-04c1-424b-9868-57a2d4851a1d" />
    <TestEntry testId="9d37be86-5a6d-4269-a73b-d53bd3ffe793" executionId="f6a4b919-a03c-47b9-9148-fc38a69d4892" testListId="8c84fa94-04c1-424b-9868-57a2d4851a1d" />
    <TestEntry testId="3e5e5610-93c4-4d38-92ba-a0a87fd3c02d" executionId="2ada16a0-6c92-4cc9-86cd-741f220b56fd" testListId="8c84fa94-04c1-424b-9868-57a2d4851a1d" />
    <TestEntry testId="666650c5-68b6-4d18-9720-eb39c403a129" executionId="174e9059-662c-4f81-ad04-19786d735dce" testListId="8c84fa94-04c1-424b-9868-57a2d4851a1d" />
    <TestEntry testId="52aeab4c-9dae-489c-8d8c-de1da5a190f1" executionId="a21cc408-a86a-42ff-ab35-26032950f1a6" testListId="8c84fa94-04c1-424b-9868-57a2d4851a1d" />
    <TestEntry testId="162c2a6a-d006-4ea1-a437-9b0a364296f7" executionId="6bf341fc-33e1-4782-844e-e1c0dc8b761c" testListId="8c84fa94-04c1-424b-9868-57a2d4851a1d" />
  </TestEntries>
  <TestLists>
    <TestList name="Results Not in a List" id="8c84fa94-04c1-424b-9868-57a2d4851a1d" />
    <TestList name="All Loaded Results" id="19431567-8539-422a-85d7-44ee4e166bda" />
  </TestLists>
  <ResultSummary outcome="Completed">
    <Counters total="1000" executed="1000" passed="1000" failed="0" error="0" timeout="0" aborted="0" inconclusive="0" passedButRunAborted="0" notRunnable="0" notExecuted="0" disconnected="0" warning="0" completed="0" inProgress="0" pending="0" />
  </ResultSummary>
</TestRun>