<?xml version="1.0" encoding="utf-8"?>
<TestRun id="1907c551-1ee2-468f-afa7-73372ebe6a29" name="Dominik@DESKTOP-5URQ9PB 2022-06-13 21:11:34" runUser="DESKTOP-5URQ9PB\Dominik" xmlns="http://microsoft.com/schemas/VisualStudio/TeamTest/2010">
  <Times creation="2022-06-13T21:11:34.9308865+02:00" queuing="2022-06-13T21:11:34.9308868+02:00" start="2022-06-13T21:11:32.8673156+02:00" finish="2022-06-13T21:11:35.9995704+02:00" />
  <TestSettings name="default" id="8beae3e9-6ea0-4c90-ac7f-d3750f664b85">
    <Deployment runDeploymentRoot="Dominik_DESKTOP-5URQ9PB_2022-06-13_21_11_34" />
  </TestSettings>
  <Results>
    <UnitTestResult executionId="d943193e-8fbe-4a51-ab2c-c3bdc8c24bef" testId="be994d76-13ce-449b-b7ac-96df97d1ad31" testName="FormatToStringTest1000 (9897.705953436767,9897.71 zł)" computerName="DESKTOP-5URQ9PB" duration="00:00:00.0000083" startTime="2022-06-13T21:11:35.0789162+02:00" endTime="2022-06-13T21:11:35.0790060+02:00" testType="13cdc9d9-ddb5-4fa4-a97d-d965ccfc6d4b" outcome="Passed" testListId="8c84fa94-04c1-424b-9868-57a2d4851a1d" relativeResultsDirectory="d943193e-8fbe-4a51-ab2c-c3bdc8c24bef" />
    <UnitTestResult executionId="54dea5a9-d4a3-481a-a653-8929671a8e0b" testId="25fea035-18c4-48d6-b6ef-166536728110" testName="FormatToStringTest1000 (13855.30239352505,13855.30 zł)" computerName="DESKTOP-5URQ9PB" duration="00:00:00.0000065" startTime="2022-06-13T21:11:34.9550477+02:00" endTime="2022-06-13T21:11:34.9551220+02:00" testType="13cdc9d9-ddb5-4fa4-a97d-d965ccfc6d4b" outcome="Passed" testListId="8c84fa94-04c1-424b-9868-57a2d4851a1d" relativeResultsDirectory="54dea5a9-d4a3-481a-a653-8929671a8e0b" />
    <UnitTestResult executionId="695ea604-2e2d-4369-b3e8-58cec7b48c7a" testId="ba4fdc0b-c34d-4ac4-b693-f03583818bff" testName="FormatToStringTest1000 (4555.538255205163,4555.54 zł)" computerName="DESKTOP-5URQ9PB" duration="00:00:00.0000084" startTime="2022-06-13T21:11:34.9928134+02:00" endTime="2022-06-13T21:11:34.9929169+02:00" testType="13cdc9d9-ddb5-4fa4-a97d-d965ccfc6d4b" outcome="Passed" testListId="8c84fa94-04c1-424b-9868-57a2d4851a1d" relativeResultsDirectory="695ea604-2e2d-4369-b3e8-58cec7b48c7a" />
    <UnitTestResult executionId="24735284-3e09-4d3b-9b1b-2fbd26877962" testId="0c7edbed-4334-4ae1-82eb-0a55a6b14262" testName="FormatToStringTest1000 (2937.138486199611,2937.14 zł)" computerName="DESKTOP-5URQ9PB" duration="00:00:00.0000067" startTime="2022-06-13T21:11:34.8749295+02:00" endTime="2022-06-13T21:11:34.8750178+02:00" testType="13cdc9d9-ddb5-4fa4-a97d-d965ccfc6d4b" outcome="Passed" testListId="8c84fa94-04c1-424b-9868-57a2d4851a1d" relativeResultsDirectory="24735284-3e09-4d3b-9b1b-2fbd26877962" />
    <UnitTestResult executionId="49268679-abb7-43a8-b202-71f91d9b166d" testId="c23752fc-130e-4818-a08f-7587cafaf508" testName="FormatToStringTest1000 (61324.33752458279,61324.34 zł)" computerName="DESKTOP-5URQ9PB" duration="00:00:00.0000065" startTime="2022-06-13T21:11:35.0106681+02:00" endTime="2022-06-13T21:11:35.0107362+02:00" testType="13cdc9d9-ddb5-4fa4-a97d-d965ccfc6d4b" outcome="Passed" testListId="8c84fa94-04c1-424b-9868-57a2d4851a1d" relativeResultsDirectory="49268679-abb7-43a8-b202-71f91d9b166d" />
    <UnitTestResult executionId="4a6aefa8-651f-425d-9836-b3b1f7058c0d" testId="99c78df2-0664-473e-8a39-33c12a15922c" testName="FormatToStringTest1000 (6323.24079469882,6323.24 zł)" computerName="DESKTOP-5URQ9PB" duration="00:00:00.0000066" startTime="2022-06-13T21:11:34.9586213+02:00" endTime="2022-06-13T21:11:34.9586867+02:00" testType="13cdc9d9-ddb5-4fa4-a97d-d965ccfc6d4b" outcome="Passed" testListId="8c84fa94-04c1-424b-9868-57a2d4851a1d" relativeResultsDirectory="4a6aefa8-651f-425d-9836-b3b1f7058c0d" />
    <UnitTestResult executionId="d43097c7-99a0-409e-bfdc-e9eaef4ba6d7" testId="1462185c-2a89-43ac-a81a-a4a9dcbbeac3" testName="FormatToStringTest1000 (78796.90433980194,78796.90 zł)" computerName="DESKTOP-5URQ9PB" duration="00:00:00.0000067" startTime="2022-06-13T21:11:34.9222888+02:00" endTime="2022-06-13T21:11:34.9223632+02:00" testType="13cdc9d9-ddb5-4fa4-a97d-d965ccfc6d4b" outcome="Passed" testListId="8c84fa94-04c1-424b-9868-57a2d4851a1d" relativeResultsDirectory="d43097c7-99a0-409e-bfdc-e9eaef4ba6d7" />
    <UnitTestResult executionId="df2848d4-a0b4-4c4b-84d3-3a896b1deb02" testId="57bfd96a-7107-44ea-be11-ca0106770543" testName="FormatToStringTest1000 (67898.54481444067,67898.54 zł)" computerName="DESKTOP-5URQ9PB" duration="00:00:00.0000065" startTime="2022-06-13T21:11:34.9257458+02:00" endTime="2022-06-13T21:11:34.9258138+02:00" testType="13cdc9d9-ddb5-4fa4-a97d-d965ccfc6d4b" outcome="Passed" testListId="8c84fa94-04c1-424b-9868-57a2d4851a1d" relativeResultsDirectory="df2848d4-a0b4-4c4b-84d3-3a896b1deb02" />
    <UnitTestResult executionId="0614b941-bf75-444e-aed0-5ed5c937c9b3" testId="4a0fe52d-d78e-4608-9acc-0961a8c7b73c" testName="FormatToStringTest1000 (13844.577623300524,13844.58 zł)" computerName="DESKTOP-5URQ9PB" duration="00:00:00.0000065" startTime="2022-06-13T21:11:34.9516207+02:00" endTime="2022-06-13T21:11:34.9516898+02:00" testType="13cdc9d9-ddb5-4fa4-a97d-d965ccfc6d4b" outcome="Passed" testListId="8c84fa94-04c1-424b-9868-57a2d4851a1d" relativeResultsDirectory="0614b941-bf75-444e-aed0-5ed5c937c9b3" />
    <UnitTestResult executionId="f59ae8eb-845a-4203-8b9a-0b4fe19db986" testId="6ab88728-129d-4f8f-90d2-1a9f5033c395" testName="FormatToStringTest1000 (61422.228144277455,61422.23 zł)" computerName="DESKTOP-5URQ9PB" duration="00:00:00.0000077" startTime="2022-06-13T21:11:35.1184905+02:00" endTime="2022-06-13T21:11:35.1185576+02:00" testType="13cdc9d9-ddb5-4fa4-a97d-d965ccfc6d4b" outcome="Passed" testListId="8c84fa94-04c1-424b-9868-57a2d4851a1d" relativeResultsDirectory="f59ae8eb-845a-4203-8b9a-0b4fe19db986" />
    <UnitTestResult executionId="f7b795fb-8624-4e76-a373-7ae25a947e03" testId="0cc9e9a0-0111-49d8-88dc-a07fc7214996" testName="FormatToStringTest1000 (6544.213759255695,6544.21 zł)" computerName="DESKTOP-5URQ9PB" duration="00:00:00.0000072" startTime="2022-06-13T21:11:35.1652178+02:00" endTime="2022-06-13T21:11:35.1652966+02:00" testType="13cdc9d9-ddb5-4fa4-a97d-d965ccfc6d4b" outcome="Passed" testListId="8c84fa94-04c1-424b-9868-57a2d4851a1d" relativeResultsDirectory="f7b795fb-8624-4e76-a373-7ae25a947e03" />
    <UnitTestResult executionId="346ac0e0-84ed-4eb5-9766-9c37ff14431d" testId="2740f2b9-10a8-4627-9ac3-ce7bb6459ac9" testName="FormatToStringTest1000 (38845.74924104323,38845.75 zł)" computerName="DESKTOP-5URQ9PB" duration="00:00:00.0000071" startTime="2022-06-13T21:11:35.1674835+02:00" endTime="2022-06-13T21:11:35.1675486+02:00" testType="13cdc9d9-ddb5-4fa4-a97d-d965ccfc6d4b" outcome="Passed" testListId="8c84fa94-04c1-424b-9868-57a2d4851a1d" relativeResultsDirectory="346ac0e0-84ed-4eb5-9766-9c37ff14431d" />
    <UnitTestResult executionId="6c68ab31-d9eb-4c55-bd20-570174053d48" testId="f53998f7-2a95-479a-b699-e6ff5ab9f82c" testName="FormatToStringTest1000 (9843.625240445894,9843.63 zł)" computerName="DESKTOP-5URQ9PB" duration="00:00:00.0000064" startTime="2022-06-13T21:11:35.1904367+02:00" endTime="2022-06-13T21:11:35.1905009+02:00" testType="13cdc9d9-ddb5-4fa4-a97d-d965ccfc6d4b" outcome="Passed" testListId="8c84fa94-04c1-424b-9868-57a2d4851a1d" relativeResultsDirectory="6c68ab31-d9eb-4c55-bd20-570174053d48" />
    <UnitTestResult executionId="145e9925-ec49-4868-b783-a2f4b66d9152" testId="f406f563-3448-4416-a70a-d9b08f24544c" testName="FormatToStringTest1000 (47672.66266041652,47672.66 zł)" computerName="DESKTOP-5URQ9PB" duration="00:00:00.0000081" startTime="2022-06-13T21:11:35.1946746+02:00" endTime="2022-06-13T21:11:35.1947644+02:00" testType="13cdc9d9-ddb5-4fa4-a97d-d965ccfc6d4b" outcome="Passed" testListId="8c84fa94-04c1-424b-9868-57a2d4851a1d" relativeResultsDirectory="145e9925-ec49-4868-b783-a2f4b66d9152" />
    <UnitTestResult executionId="08c5c13c-bd02-4f9c-89ef-a239d7070170" testId="e4e6be1a-d84b-427a-aed5-52d586bd2907" testName="FormatToStringTest1000 (18023.78504577455,18023.79 zł)" computerName="DESKTOP-5URQ9PB" duration="00:00:00.0000065" startTime="2022-06-13T21:11:34.9520486+02:00" endTime="2022-06-13T21:11:34.9521163+02:00" testType="13cdc9d9-ddb5-4fa4-a97d-d965ccfc6d4b" outcome="Passed" testListId="8c84fa94-04c1-424b-9868-57a2d4851a1d" relativeResultsDirectory="08c5c13c-bd02-4f9c-89ef-a239d7070170" />
    <UnitTestResult executionId="1be5eced-446d-4e21-b41b-0ef150dd6a32" testId="0f39b2c9-bb8e-4595-ab5c-06d81f40bdb3" testName="FormatToStringTest1000 (5507.360659962688,5507.36 zł)" computerName="DESKTOP-5URQ9PB" duration="00:00:00.0000064" startTime="2022-06-13T21:11:35.1855025+02:00" endTime="2022-06-13T21:11:35.1855693+02:00" testType="13cdc9d9-ddb5-4fa4-a97d-d965ccfc6d4b" outcome="Passed" testListId="8c84fa94-04c1-424b-9868-57a2d4851a1d" relativeResultsDirectory="1be5eced-446d-4e21-b41b-0ef150dd6a32" />
    <UnitTestResult executionId="c4880a4d-c605-4ebd-aa75-10c3095dfeb8" testId="463c1887-78a8-4301-8cc2-0c088d7c6e0f" testName="FormatToStringTest1000 (75024.79122970243,75024.79 zł)" computerName="DESKTOP-5URQ9PB" duration="00:00:00.0000124" startTime="2022-06-13T21:11:34.9683692+02:00" endTime="2022-06-13T21:11:34.9685356+02:00" testType="13cdc9d9-ddb5-4fa4-a97d-d965ccfc6d4b" outcome="Passed" testListId="8c84fa94-04c1-424b-9868-57a2d4851a1d" relativeResultsDirectory="c4880a4d-c605-4ebd-aa75-10c3095dfeb8" />
    <UnitTestResult executionId="7c132d6b-cc2e-46c5-b182-3b3df437a17d" testId="9fa317b0-241f-4237-9724-f9d76be077bf" testName="FormatToStringTest1000 (8242.419043611,8242.42 zł)" computerName="DESKTOP-5URQ9PB" duration="00:00:00.0000068" startTime="2022-06-13T21:11:35.1539007+02:00" endTime="2022-06-13T21:11:35.1539743+02:00" testType="13cdc9d9-ddb5-4fa4-a97d-d965ccfc6d4b" outcome="Passed" testListId="8c84fa94-04c1-424b-9868-57a2d4851a1d" relativeResultsDirectory="7c132d6b-cc2e-46c5-b182-3b3df437a17d" />
    <UnitTestResult executionId="a813277c-ecd9-4ef9-b221-fba60bf49ad6" testId="9a3a7fb2-a7e8-417d-a73b-a31ae70a7774" testName="FormatToStringTest1000 (64490.52771614982,64490.53 zł)" computerName="DESKTOP-5URQ9PB" duration="00:00:00.0000065" startTime="2022-06-13T21:11:35.0238465+02:00" endTime="2022-06-13T21:11:35.0239153+02:00" testType="13cdc9d9-ddb5-4fa4-a97d-d965ccfc6d4b" outcome="Passed" testListId="8c84fa94-04c1-424b-9868-57a2d4851a1d" relativeResultsDirectory="a813277c-ecd9-4ef9-b221-fba60bf49ad6" />
    <UnitTestResult executionId="bc9a6385-28e5-4a4e-9137-a690f18f2edf" testId="13ff2ba4-8f8f-4680-b39e-3a4732de08b3" testName="FormatToStringTest1000 (19463.08761954917,19463.09 zł)" computerName="DESKTOP-5URQ9PB" duration="00:00:00.0000065" startTime="2022-06-13T21:11:35.0792379+02:00" endTime="2022-06-13T21:11:35.0793114+02:00" testType="13cdc9d9-ddb5-4fa4-a97d-d965ccfc6d4b" outcome="Passed" testListId="8c84fa94-04c1-424b-9868-57a2d4851a1d" relativeResultsDirectory="bc9a6385-28e5-4a4e-9137-a690f18f2edf" />
    <UnitTestResult executionId="b7773f1c-a1fc-40ce-a1ed-02b631018b95" testId="9a5bd98a-8350-45bd-a0a6-00384433b6e4" testName="FormatToStringTest1000 (22459.530444447664,22459.53 zł)" computerName="DESKTOP-5URQ9PB" duration="00:00:00.0000467" startTime="2022-06-13T21:11:35.0575793+02:00" endTime="2022-06-13T21:11:35.0579073+02:00" testType="13cdc9d9-ddb5-4fa4-a97d-d965ccfc6d4b" outcome="Passed" testListId="8c84fa94-04c1-424b-9868-57a2d4851a1d" relativeResultsDirectory="b7773f1c-a1fc-40ce-a1ed-02b631018b95" />
    <UnitTestResult executionId="e234b409-628b-4ade-a9ed-ee7d84e73e0f" testId="0c69b91c-13e4-42e0-8b21-033f7634ce3d" testName="FormatToStringTest1000 (3700.029953029021,3700.03 zł)" computerName="DESKTOP-5URQ9PB" duration="00:00:00.0000065" startTime="2022-06-13T21:11:34.9554048+02:00" endTime="2022-06-13T21:11:34.9554733+02:00" testType="13cdc9d9-ddb5-4fa4-a97d-d965ccfc6d4b" outcome="Passed" testListId="8c84fa94-04c1-424b-9868-57a2d4851a1d" relativeResultsDirectory="e234b409-628b-4ade-a9ed-ee7d84e73e0f" />
    <UnitTestResult executionId="a27f0607-04ce-4807-ba2c-faf3a93cc215" testId="3066d8ae-1117-4c95-aca2-c30c19b91759" testName="FormatToStringTest1000 (15411.371650797022,15411.37 zł)" computerName="DESKTOP-5URQ9PB" duration="00:00:00.0000068" startTime="2022-06-13T21:11:34.9254604+02:00" endTime="2022-06-13T21:11:34.9255408+02:00" testType="13cdc9d9-ddb5-4fa4-a97d-d965ccfc6d4b" outcome="Passed" testListId="8c84fa94-04c1-424b-9868-57a2d4851a1d" relativeResultsDirectory="a27f0607-04ce-4807-ba2c-faf3a93cc215" />
    <UnitTestResult executionId="f19e2a74-bd01-4407-84fc-3f9f71c03aa2" testId="c2706f5d-010c-43d1-b439-7518b3472d07" testName="FormatToStringTest1000 (20482.32969107308,20482.33 zł)" computerName="DESKTOP-5URQ9PB" duration="00:00:00.0000067" startTime="2022-06-13T21:11:34.9181981+02:00" endTime="2022-06-13T21:11:34.9182712+02:00" testType="13cdc9d9-ddb5-4fa4-a97d-d965ccfc6d4b" outcome="Passed" testListId="8c84fa94-04c1-424b-9868-57a2d4851a1d" relativeResultsDirectory="f19e2a74-bd01-4407-84fc-3f9f71c03aa2" />
    <UnitTestResult executionId="bfbebaac-24c3-40c0-867c-5a57a21550f6" testId="94135999-21f5-44a9-8c6b-cdf84270cd68" testName="FormatToStringTest1000 (918.1842976688334,918.18 zł)" computerName="DESKTOP-5URQ9PB" duration="00:00:00.0000089" startTime="2022-06-13T21:11:34.8711284+02:00" endTime="2022-06-13T21:11:34.8712260+02:00" testType="13cdc9d9-ddb5-4fa4-a97d-d965ccfc6d4b" outcome="Passed" testListId="8c84fa94-04c1-424b-9868-57a2d4851a1d" relativeResultsDirectory="bfbebaac-24c3-40c0-867c-5a57a21550f6" />
    <UnitTestResult executionId="41413422-ca58-4a1b-acd3-5a17e9b5ddea" testId="6e7624d0-1765-44b5-bf42-79054a4f9d41" testName="FormatToStringTest1000 (7119.076353227755,7119.08 zł)" computerName="DESKTOP-5URQ9PB" duration="00:00:00.0000094" startTime="2022-06-13T21:11:35.0946170+02:00" endTime="2022-06-13T21:11:35.0947148+02:00" testType="13cdc9d9-ddb5-4fa4-a97d-d965ccfc6d4b" outcome="Passed" testListId="8c84fa94-04c1-424b-9868-57a2d4851a1d" relativeResultsDirectory="41413422-ca58-4a1b-acd3-5a17e9b5ddea" />
    <UnitTestResult executionId="d95e3cf9-257a-44d7-88df-a24f6984c1aa" testId="564031b8-2510-4629-b460-3f01c8708b9c" testName="FormatToStringTest1000 (21961.272673999552,21961.27 zł)" computerName="DESKTOP-5URQ9PB" duration="00:00:00.0000066" startTime="2022-06-13T21:11:34.8797020+02:00" endTime="2022-06-13T21:11:34.8797792+02:00" testType="13cdc9d9-ddb5-4fa4-a97d-d965ccfc6d4b" outcome="Passed" testListId="8c84fa94-04c1-424b-9868-57a2d4851a1d" relativeResultsDirectory="d95e3cf9-257a-44d7-88df-a24f6984c1aa" />
    <UnitTestResult executionId="a4705b77-7c4c-4d9c-959f-f598c21f2e1a" testId="8e8bbcd1-1c43-4bd6-92a9-5b4763a33f55" testName="FormatToStringTest1000 (47025.6224095177,47025.62 zł)" computerName="DESKTOP-5URQ9PB" duration="00:00:00.0000066" startTime="2022-06-13T21:11:34.9555763+02:00" endTime="2022-06-13T21:11:34.9556415+02:00" testType="13cdc9d9-ddb5-4fa4-a97d-d965ccfc6d4b" outcome="Passed" testListId="8c84fa94-04c1-424b-9868-57a2d4851a1d" relativeResultsDirectory="a4705b77-7c4c-4d9c-959f-f598c21f2e1a" />
    <UnitTestResult executionId="eff850d4-aba1-43ca-8486-18328fa24ec3" testId="9d6638d6-a8a0-4ee3-9149-9bd7343c142c" testName="FormatToStringTest1000 (55010.474927814896,55010.47 zł)" computerName="DESKTOP-5URQ9PB" duration="00:00:00.0000065" startTime="2022-06-13T21:11:35.1249354+02:00" endTime="2022-06-13T21:11:35.1250084+02:00" testType="13cdc9d9-ddb5-4fa4-a97d-d965ccfc6d4b" outcome="Passed" testListId="8c84fa94-04c1-424b-9868-57a2d4851a1d" relativeResultsDirectory="eff850d4-aba1-43ca-8486-18328fa24ec3" />
    <UnitTestResult executionId="5238bd50-44b4-4102-b487-3c9daecc8256" testId="a2694865-c29f-4e69-8041-514275165686" testName="FormatToStringTest1000 (20445.11280083149,20445.11 zł)" computerName="DESKTOP-5URQ9PB" duration="00:00:00.0000066" startTime="2022-06-13T21:11:35.1496270+02:00" endTime="2022-06-13T21:11:35.1496947+02:00" testType="13cdc9d9-ddb5-4fa4-a97d-d965ccfc6d4b" outcome="Passed" testListId="8c84fa94-04c1-424b-9868-57a2d4851a1d" relativeResultsDirectory="5238bd50-44b4-4102-b487-3c9daecc8256" />
    <UnitTestResult executionId="05295a97-e6f6-4f81-a8c4-2e49af40aa97" testId="3a8ba0ed-83cb-42d6-af9a-7e92d656d792" testName="FormatToStringTest1000 (36651.05802063414,36651.06 zł)" computerName="DESKTOP-5URQ9PB" duration="00:00:00.0000064" startTime="2022-06-13T21:11:34.8919886+02:00" endTime="2022-06-13T21:11:34.8920626+02:00" testType="13cdc9d9-ddb5-4fa4-a97d-d965ccfc6d4b" outcome="Passed" testListId="8c84fa94-04c1-424b-9868-57a2d4851a1d" relativeResultsDirectory="05295a97-e6f6-4f81-a8c4-2e49af40aa97" />
    <UnitTestResult executionId="51cd14bb-ab91-4c48-9761-3b444258e88a" testId="8d16041b-48f7-41aa-81ec-5c2c6d8a83c5" testName="FormatToStringTest1000 (20978.860218282258,20978.86 zł)" computerName="DESKTOP-5URQ9PB" duration="00:00:00.0000129" startTime="2022-06-13T21:11:34.9614276+02:00" endTime="2022-06-13T21:11:34.9615892+02:00" testType="13cdc9d9-ddb5-4fa4-a97d-d965ccfc6d4b" outcome="Passed" testListId="8c84fa94-04c1-424b-9868-57a2d4851a1d" relativeResultsDirectory="51cd14bb-ab91-4c48-9761-3b444258e88a" />
    <UnitTestResult executionId="465ebb03-79b7-456a-a3a8-00a80e3242ed" testId="5b831138-f10a-4dc6-81e4-03eb3d393ce9" testName="FormatToStringTest1000 (13508.811787825922,13508.81 zł)" computerName="DESKTOP-5URQ9PB" duration="00:00:00.0000075" startTime="2022-06-13T21:11:35.1632237+02:00" endTime="2022-06-13T21:11:35.1632930+02:00" testType="13cdc9d9-ddb5-4fa4-a97d-d965ccfc6d4b" outcome="Passed" testListId="8c84fa94-04c1-424b-9868-57a2d4851a1d" relativeResultsDirectory="465ebb03-79b7-456a-a3a8-00a80e3242ed" />
    <UnitTestResult executionId="65359fc1-5cd3-4d4e-87c8-e5fce0446035" testId="9cbae6b9-5daa-4722-a289-539e2e900f60" testName="FormatToStringTest1000 (16416.109736457518,16416.11 zł)" computerName="DESKTOP-5URQ9PB" duration="00:00:00.0000064" startTime="2022-06-13T21:11:35.0833891+02:00" endTime="2022-06-13T21:11:35.0834558+02:00" testType="13cdc9d9-ddb5-4fa4-a97d-d965ccfc6d4b" outcome="Passed" testListId="8c84fa94-04c1-424b-9868-57a2d4851a1d" relativeResultsDirectory="65359fc1-5cd3-4d4e-87c8-e5fce0446035" />
    <UnitTestResult executionId="227a5740-24ba-4399-9cec-c25e555f52fc" testId="8ba89402-5ea9-4a17-b70b-2d7b630f2fde" testName="FormatToStringTest1000 (28583.827618148098,28583.83 zł)" computerName="DESKTOP-5URQ9PB" duration="00:00:00.0000064" startTime="2022-06-13T21:11:34.9065583+02:00" endTime="2022-06-13T21:11:34.9066260+02:00" testType="13cdc9d9-ddb5-4fa4-a97d-d965ccfc6d4b" outcome="Passed" testListId="8c84fa94-04c1-424b-9868-57a2d4851a1d" relativeResultsDirectory="227a5740-24ba-4399-9cec-c25e555f52fc" />
    <UnitTestResult executionId="b51ed5f8-707c-4c2c-8338-e58a73860442" testId="aec122ff-5604-4c1d-ac97-47c3d831279e" testName="FormatToStringTest1000 (14867.726341984107,14867.73 zł)" computerName="DESKTOP-5URQ9PB" duration="00:00:00.0000075" startTime="2022-06-13T21:11:35.1000889+02:00" endTime="2022-06-13T21:11:35.1002155+02:00" testType="13cdc9d9-ddb5-4fa4-a97d-d965ccfc6d4b" outcome="Passed" testListId="8c84fa94-04c1-424b-9868-57a2d4851a1d" relativeResultsDirectory="b51ed5f8-707c-4c2c-8338-e58a73860442" />
    <UnitTestResult executionId="dba781ae-3f69-45a7-be7e-80066e2ee921" testId="eb47714e-7007-41bf-900b-7bd3fb6356fd" testName="FormatToStringTest1000 (3907.8681317963024,3907.87 zł)" computerName="DESKTOP-5URQ9PB" duration="00:00:00.0000128" startTime="2022-06-13T21:11:34.8954262+02:00" endTime="2022-06-13T21:11:34.8956001+02:00" testType="13cdc9d9-ddb5-4fa4-a97d-d965ccfc6d4b" outcome="Passed" testListId="8c84fa94-04c1-424b-9868-57a2d4851a1d" relativeResultsDirectory="dba781ae-3f69-45a7-be7e-80066e2ee921" />
    <UnitTestResult executionId="c84190d3-2056-4abc-bee1-589873452225" testId="031ce446-205b-4ca6-89a3-171e376f10d6" testName="FormatToStringTest1000 (20321.03715103913,20321.04 zł)" computerName="DESKTOP-5URQ9PB" duration="00:00:00.0000066" startTime="2022-06-13T21:11:34.9999278+02:00" endTime="2022-06-13T21:11:34.9999962+02:00" testType="13cdc9d9-ddb5-4fa4-a97d-d965ccfc6d4b" outcome="Passed" testListId="8c84fa94-04c1-424b-9868-57a2d4851a1d" relativeResultsDirectory="c84190d3-2056-4abc-bee1-589873452225" />
    <UnitTestResult executionId="165944a6-432f-4b5c-ba52-b5a5de88eb62" testId="ae7afd0d-d799-421f-ab8a-eaf4ca345a13" testName="FormatToStringTest1000 (743.047944508981,743.05 zł)" computerName="DESKTOP-5URQ9PB" duration="00:00:00.0000067" startTime="2022-06-13T21:11:35.0882864+02:00" endTime="2022-06-13T21:11:35.0883616+02:00" testType="13cdc9d9-ddb5-4fa4-a97d-d965ccfc6d4b" outcome="Passed" testListId="8c84fa94-04c1-424b-9868-57a2d4851a1d" relativeResultsDirectory="165944a6-432f-4b5c-ba52-b5a5de88eb62" />
    <UnitTestResult executionId="5492125c-00db-4aea-8741-1756784bf635" testId="0a7e6702-7226-42a8-945f-c9204c4a2fd7" testName="FormatToStringTest1000 (75162.39407669863,75162.39 zł)" computerName="DESKTOP-5URQ9PB" duration="00:00:00.0000065" startTime="2022-06-13T21:11:34.9384286+02:00" endTime="2022-06-13T21:11:34.9385006+02:00" testType="13cdc9d9-ddb5-4fa4-a97d-d965ccfc6d4b" outcome="Passed" testListId="8c84fa94-04c1-424b-9868-57a2d4851a1d" relativeResultsDirectory="5492125c-00db-4aea-8741-1756784bf635" />
    <UnitTestResult executionId="894f6d93-75c3-4258-9762-780fc12820eb" testId="dd3c3854-9581-4a51-b740-809fef2227ab" testName="FormatToStringTest1000 (49672.98901987402,49672.99 zł)" computerName="DESKTOP-5URQ9PB" duration="00:00:00.0000065" startTime="2022-06-13T21:11:35.0202796+02:00" endTime="2022-06-13T21:11:35.0203529+02:00" testType="13cdc9d9-ddb5-4fa4-a97d-d965ccfc6d4b" outcome="Passed" testListId="8c84fa94-04c1-424b-9868-57a2d4851a1d" relativeResultsDirectory="894f6d93-75c3-4258-9762-780fc12820eb" />
    <UnitTestResult executionId="432f335d-281f-462f-bb20-31de0d596a15" testId="ffd7408b-6e29-4035-b32e-7dab7fddd10d" testName="FormatToStringTest1000 (33601.357302459124,33601.36 zł)" computerName="DESKTOP-5URQ9PB" duration="00:00:00.0000065" startTime="2022-06-13T21:11:35.1856686+02:00" endTime="2022-06-13T21:11:35.1857347+02:00" testType="13cdc9d9-ddb5-4fa4-a97d-d965ccfc6d4b" outcome="Passed" testListId="8c84fa94-04c1-424b-9868-57a2d4851a1d" relativeResultsDirectory="432f335d-281f-462f-bb20-31de0d596a15" />
    <UnitTestResult executionId="e0f9005e-9120-42aa-bcf4-cb936bdc9733" testId="78ccda9d-d843-4b35-8a66-47c8cd3bbd92" testName="FormatToStringTest1000 (23174.85693288448,23174.86 zł)" computerName="DESKTOP-5URQ9PB" duration="00:00:00.0000063" startTime="2022-06-13T21:11:35.0270138+02:00" endTime="2022-06-13T21:11:35.0270811+02:00" testType="13cdc9d9-ddb5-4fa4-a97d-d965ccfc6d4b" outcome="Passed" testListId="8c84fa94-04c1-424b-9868-57a2d4851a1d" relativeResultsDirectory="e0f9005e-9120-42aa-bcf4-cb936bdc9733" />
    <UnitTestResult executionId="0c025352-106b-4150-a1d8-5f6f73f34474" testId="5bea4417-c020-4d7a-8dee-bb7794a3fd7a" testName="FormatToStringTest1000 (24825.207513729205,24825.21 zł)" computerName="DESKTOP-5URQ9PB" duration="00:00:00.0000064" startTime="2022-06-13T21:11:35.0832137+02:00" endTime="2022-06-13T21:11:35.0832813+02:00" testType="13cdc9d9-ddb5-4fa4-a97d-d965ccfc6d4b" outcome="Passed" testListId="8c84fa94-04c1-424b-9868-57a2d4851a1d" relativeResultsDirectory="0c025352-106b-4150-a1d8-5f6f73f34474" />
    <UnitTestResult executionId="98b88797-ff17-4eeb-bdf0-d3ceb9d220b6" testId="88b407b2-868a-4118-aba9-2603268bacb2" testName="FormatToStringTest1000 (5548.360986085777,5548.36 zł)" computerName="DESKTOP-5URQ9PB" duration="00:00:00.0000065" startTime="2022-06-13T21:11:35.1027369+02:00" endTime="2022-06-13T21:11:35.1028090+02:00" testType="13cdc9d9-ddb5-4fa4-a97d-d965ccfc6d4b" outcome="Passed" testListId="8c84fa94-04c1-424b-9868-57a2d4851a1d" relativeResultsDirectory="98b88797-ff17-4eeb-bdf0-d3ceb9d220b6" />
    <UnitTestResult executionId="cfb71992-2be8-46b9-a471-a00bd3a47d9d" testId="5b43aacf-5db0-43a3-9bfa-8ea48e37e267" testName="FormatToStringTest1000 (45955.903045959254,45955.90 zł)" computerName="DESKTOP-5URQ9PB" duration="00:00:00.0000064" startTime="2022-06-13T21:11:35.1288945+02:00" endTime="2022-06-13T21:11:35.1289600+02:00" testType="13cdc9d9-ddb5-4fa4-a97d-d965ccfc6d4b" outcome="Passed" testListId="8c84fa94-04c1-424b-9868-57a2d4851a1d" relativeResultsDirectory="cfb71992-2be8-46b9-a471-a00bd3a47d9d" />
    <UnitTestResult executionId="111e389c-9f55-4408-98f1-91effd97665b" testId="1907c45e-8ac7-4c2d-bf3d-d71c877d5e84" testName="FormatToStringTest1000 (1073.195098933389,1073.20 zł)" computerName="DESKTOP-5URQ9PB" duration="00:00:00.0000074" startTime="2022-06-13T21:11:35.1067659+02:00" endTime="2022-06-13T21:11:35.1069843+02:00" testType="13cdc9d9-ddb5-4fa4-a97d-d965ccfc6d4b" outcome="Passed" testListId="8c84fa94-04c1-424b-9868-57a2d4851a1d" relativeResultsDirectory="111e389c-9f55-4408-98f1-91effd97665b" />
    <UnitTestResult executionId="96fc0d9a-06ba-4322-8980-be4fea1283b3" testId="63210f2f-172b-4eef-a3f1-d4f6bf8d4418" testName="FormatToStringTest1000 (40241.790964380736,40241.79 zł)" computerName="DESKTOP-5URQ9PB" duration="00:00:00.0000063" startTime="2022-06-13T21:11:35.1734206+02:00" endTime="2022-06-13T21:11:35.1734847+02:00" testType="13cdc9d9-ddb5-4fa4-a97d-d965ccfc6d4b" outcome="Passed" testListId="8c84fa94-04c1-424b-9868-57a2d4851a1d" relativeResultsDirectory="96fc0d9a-06ba-4322-8980-be4fea1283b3" />
    <UnitTestResult executionId="c8f1d23e-8dc5-4a78-a078-1f877382afd9" testId="3fb6b900-763b-4466-97c7-7d1047173a90" testName="FormatToStringTest1000 (4554.73912809777,4554.74 zł)" computerName="DESKTOP-5URQ9PB" duration="00:00:00.0000064" startTime="2022-06-13T21:11:35.0902546+02:00" endTime="2022-06-13T21:11:35.0903217+02:00" testType="13cdc9d9-ddb5-4fa4-a97d-d965ccfc6d4b" outcome="Passed" testListId="8c84fa94-04c1-424b-9868-57a2d4851a1d" relativeResultsDirectory="c8f1d23e-8dc5-4a78-a078-1f877382afd9" />
    <UnitTestResult executionId="4b559313-ec5d-4dc7-aebc-bd5d038b1a9f" testId="50a90150-9f1c-4974-8ba0-57973fd756dc" testName="FormatToStringTest1000 (25376.6225052097,25376.62 zł)" computerName="DESKTOP-5URQ9PB" duration="00:00:00.0000117" startTime="2022-06-13T21:11:35.0765806+02:00" endTime="2022-06-13T21:11:35.0766637+02:00" testType="13cdc9d9-ddb5-4fa4-a97d-d965ccfc6d4b" outcome="Passed" testListId="8c84fa94-04c1-424b-9868-57a2d4851a1d" relativeResultsDirectory="4b559313-ec5d-4dc7-aebc-bd5d038b1a9f" />
    <UnitTestResult executionId="1a918ed1-e8f9-46c3-abeb-71e4b774dca2" testId="ba64db1d-e3b6-48db-a3c0-2e49373f5f39" testName="FormatToStringTest1000 (13745.115971449817,13745.12 zł)" computerName="DESKTOP-5URQ9PB" duration="00:00:00.0000162" startTime="2022-06-13T21:11:34.9250032+02:00" endTime="2022-06-13T21:11:34.9252017+02:00" testType="13cdc9d9-ddb5-4fa4-a97d-d965ccfc6d4b" outcome="Passed" testListId="8c84fa94-04c1-424b-9868-57a2d4851a1d" relativeResultsDirectory="1a918ed1-e8f9-46c3-abeb-71e4b774dca2" />
    <UnitTestResult executionId="9299f88f-02fe-4e9d-abe7-ae6cd639e590" testId="69140f5d-50ea-44b1-b112-73e2e1af25d7" testName="FormatToStringTest1000 (75350.77330865282,75350.77 zł)" computerName="DESKTOP-5URQ9PB" duration="00:00:00.0000085" startTime="2022-06-13T21:11:34.8844760+02:00" endTime="2022-06-13T21:11:34.8845662+02:00" testType="13cdc9d9-ddb5-4fa4-a97d-d965ccfc6d4b" outcome="Passed" testListId="8c84fa94-04c1-424b-9868-57a2d4851a1d" relativeResultsDirectory="9299f88f-02fe-4e9d-abe7-ae6cd639e590" />
    <UnitTestResult executionId="419566df-d2fd-4f3e-8a0e-99a0f1a807b6" testId="c37cf3b8-42a1-4d3f-a63b-351e904802da" testName="FormatToStringTest1000 (4614.673205890541,4614.67 zł)" computerName="DESKTOP-5URQ9PB" duration="00:00:00.0000064" startTime="2022-06-13T21:11:34.8992505+02:00" endTime="2022-06-13T21:11:34.8993184+02:00" testType="13cdc9d9-ddb5-4fa4-a97d-d965ccfc6d4b" outcome="Passed" testListId="8c84fa94-04c1-424b-9868-57a2d4851a1d" relativeResultsDirectory="419566df-d2fd-4f3e-8a0e-99a0f1a807b6" />
    <UnitTestResult executionId="d3723398-12a9-4527-ac7d-6ca611d6df07" testId="3149a729-c38d-4378-b7e2-81d1ddc537b9" testName="FormatToStringTest1000 (4252.4012513842445,4252.40 zł)" computerName="DESKTOP-5URQ9PB" duration="00:00:00.0000073" startTime="2022-06-13T21:11:35.1415649+02:00" endTime="2022-06-13T21:11:35.1416303+02:00" testType="13cdc9d9-ddb5-4fa4-a97d-d965ccfc6d4b" outcome="Passed" testListId="8c84fa94-04c1-424b-9868-57a2d4851a1d" relativeResultsDirectory="d3723398-12a9-4527-ac7d-6ca611d6df07" />
    <UnitTestResult executionId="26d599a4-8068-4d63-a376-1a3afd765bb1" testId="003ce9d4-4d14-4cf1-9fd3-bd178db68f10" testName="FormatToStringTest1000 (19397.344749736294,19397.34 zł)" computerName="DESKTOP-5URQ9PB" duration="00:00:00.0000064" startTime="2022-06-13T21:11:35.1786944+02:00" endTime="2022-06-13T21:11:35.1787589+02:00" testType="13cdc9d9-ddb5-4fa4-a97d-d965ccfc6d4b" outcome="Passed" testListId="8c84fa94-04c1-424b-9868-57a2d4851a1d" relativeResultsDirectory="26d599a4-8068-4d63-a376-1a3afd765bb1" />
    <UnitTestResult executionId="afd6bb0f-a1a7-499d-9253-901349a1826b" testId="437c714a-8083-4a4f-9326-c1b30c9a7680" testName="FormatToStringTest1000 (16511.26921423537,16511.27 zł)" computerName="DESKTOP-5URQ9PB" duration="00:00:00.0000065" startTime="2022-06-13T21:11:35.1830340+02:00" endTime="2022-06-13T21:11:35.1831022+02:00" testType="13cdc9d9-ddb5-4fa4-a97d-d965ccfc6d4b" outcome="Passed" testListId="8c84fa94-04c1-424b-9868-57a2d4851a1d" relativeResultsDirectory="afd6bb0f-a1a7-499d-9253-901349a1826b" />
    <UnitTestResult executionId="889e15af-ac83-4b42-a94d-66a5b3b1864c" testId="88018673-4899-4c10-a85a-b7de11106786" testName="FormatToStringTest1000 (4648.492795337221,4648.49 zł)" computerName="DESKTOP-5URQ9PB" duration="00:00:00.0000065" startTime="2022-06-13T21:11:35.0133932+02:00" endTime="2022-06-13T21:11:35.0134623+02:00" testType="13cdc9d9-ddb5-4fa4-a97d-d965ccfc6d4b" outcome="Passed" testListId="8c84fa94-04c1-424b-9868-57a2d4851a1d" relativeResultsDirectory="889e15af-ac83-4b42-a94d-66a5b3b1864c" />
    <UnitTestResult executionId="f4763424-10ae-43e1-98c8-7e73b44dba5d" testId="8cdf116e-d1ef-4c29-ae7c-25a9edd2b00c" testName="FormatToStringTest1000 (4030.673117592313,4030.67 zł)" computerName="DESKTOP-5URQ9PB" duration="00:00:00.0000063" startTime="2022-06-13T21:11:34.9865941+02:00" endTime="2022-06-13T21:11:34.9866618+02:00" testType="13cdc9d9-ddb5-4fa4-a97d-d965ccfc6d4b" outcome="Passed" testListId="8c84fa94-04c1-424b-9868-57a2d4851a1d" relativeResultsDirectory="f4763424-10ae-43e1-98c8-7e73b44dba5d" />
    <UnitTestResult executionId="33d1439b-7ec3-49c8-9933-4030eedb8cc1" testId="b5f23e09-2975-44c5-90d9-9d196066aeab" testName="FormatToStringTest1000 (32732.81915128502,32732.82 zł)" computerName="DESKTOP-5URQ9PB" duration="00:00:00.0000065" startTime="2022-06-13T21:11:35.0685777+02:00" endTime="2022-06-13T21:11:35.0686442+02:00" testType="13cdc9d9-ddb5-4fa4-a97d-d965ccfc6d4b" outcome="Passed" testListId="8c84fa94-04c1-424b-9868-57a2d4851a1d" relativeResultsDirectory="33d1439b-7ec3-49c8-9933-4030eedb8cc1" />
    <UnitTestResult executionId="0955dc0a-dae2-44ed-8248-7ef378f08a9b" testId="10729ca7-8fa1-42fa-a126-8338b451829a" testName="FormatToStringTest1000 (28861.97337596769,28861.97 zł)" computerName="DESKTOP-5URQ9PB" duration="00:00:00.0000068" startTime="2022-06-13T21:11:35.0049539+02:00" endTime="2022-06-13T21:11:35.0050300+02:00" testType="13cdc9d9-ddb5-4fa4-a97d-d965ccfc6d4b" outcome="Passed" testListId="8c84fa94-04c1-424b-9868-57a2d4851a1d" relativeResultsDirectory="0955dc0a-dae2-44ed-8248-7ef378f08a9b" />
    <UnitTestResult executionId="3d11c8e8-371f-487d-8781-afa8803989c3" testId="cc47c16b-60be-46b6-9d66-631106c400cd" testName="FormatToStringTest1000 (41008.28505327194,41008.29 zł)" computerName="DESKTOP-5URQ9PB" duration="00:00:00.0000065" startTime="2022-06-13T21:11:35.1396012+02:00" endTime="2022-06-13T21:11:35.1396692+02:00" testType="13cdc9d9-ddb5-4fa4-a97d-d965ccfc6d4b" outcome="Passed" testListId="8c84fa94-04c1-424b-9868-57a2d4851a1d" relativeResultsDirectory="3d11c8e8-371f-487d-8781-afa8803989c3" />
    <UnitTestResult executionId="819c23eb-80ca-42a2-aa21-bda5de1573a4" testId="8a17b27a-346e-4e6c-af4a-740ff6f02473" testName="FormatToStringTest1000 (4116.417580192638,4116.42 zł)" computerName="DESKTOP-5URQ9PB" duration="00:00:00.0000069" startTime="2022-06-13T21:11:35.0708398+02:00" endTime="2022-06-13T21:11:35.0709171+02:00" testType="13cdc9d9-ddb5-4fa4-a97d-d965ccfc6d4b" outcome="Passed" testListId="8c84fa94-04c1-424b-9868-57a2d4851a1d" relativeResultsDirectory="819c23eb-80ca-42a2-aa21-bda5de1573a4" />
    <UnitTestResult executionId="46f887b2-71df-45ba-aefa-da46c4a82226" testId="2a88a789-a01b-445d-be76-f0168ab95339" testName="FormatToStringTest1000 (5140.16338917155,5140.16 zł)" computerName="DESKTOP-5URQ9PB" duration="00:00:00.0000066" startTime="2022-06-13T21:11:35.1073907+02:00" endTime="2022-06-13T21:11:35.1074574+02:00" testType="13cdc9d9-ddb5-4fa4-a97d-d965ccfc6d4b" outcome="Passed" testListId="8c84fa94-04c1-424b-9868-57a2d4851a1d" relativeResultsDirectory="46f887b2-71df-45ba-aefa-da46c4a82226" />
    <UnitTestResult executionId="77b4c632-8117-4d63-ad74-9adc2dccb822" testId="5f8d10bb-0bdb-489f-8537-2cae3011d16d" testName="FormatToStringTest1000 (22592.465903659566,22592.47 zł)" computerName="DESKTOP-5URQ9PB" duration="00:00:00.0000064" startTime="2022-06-13T21:11:34.9186443+02:00" endTime="2022-06-13T21:11:34.9187118+02:00" testType="13cdc9d9-ddb5-4fa4-a97d-d965ccfc6d4b" outcome="Passed" testListId="8c84fa94-04c1-424b-9868-57a2d4851a1d" relativeResultsDirectory="77b4c632-8117-4d63-ad74-9adc2dccb822" />
    <UnitTestResult executionId="7f908224-cc63-422f-95a4-2f491a13c553" testId="cce81ad8-9ed2-4aff-8854-0fd7b8af6603" testName="FormatToStringTest1000 (30383.303633991305,30383.30 zł)" computerName="DESKTOP-5URQ9PB" duration="00:00:00.0000065" startTime="2022-06-13T21:11:35.1783671+02:00" endTime="2022-06-13T21:11:35.1784326+02:00" testType="13cdc9d9-ddb5-4fa4-a97d-d965ccfc6d4b" outcome="Passed" testListId="8c84fa94-04c1-424b-9868-57a2d4851a1d" relativeResultsDirectory="7f908224-cc63-422f-95a4-2f491a13c553" />
    <UnitTestResult executionId="15f45d67-94fd-4f75-9d21-fd64cf6be05d" testId="ccd3eaf6-7b7a-472d-8577-9d882ddeb0a6" testName="FormatToStringTest1000 (17315.72309779363,17315.72 zł)" computerName="DESKTOP-5URQ9PB" duration="00:00:00.0000063" startTime="2022-06-13T21:11:34.9898815+02:00" endTime="2022-06-13T21:11:34.9899485+02:00" testType="13cdc9d9-ddb5-4fa4-a97d-d965ccfc6d4b" outcome="Passed" testListId="8c84fa94-04c1-424b-9868-57a2d4851a1d" relativeResultsDirectory="15f45d67-94fd-4f75-9d21-fd64cf6be05d" />
    <UnitTestResult executionId="57011f91-66e0-44cd-9de4-bc826f3ad938" testId="c1105fde-6c81-430a-9ae3-68950502504a" testName="FormatToStringTest1000 (3588.260979617136,3588.26 zł)" computerName="DESKTOP-5URQ9PB" duration="00:00:00.0000088" startTime="2022-06-13T21:11:35.1610009+02:00" endTime="2022-06-13T21:11:35.1611045+02:00" testType="13cdc9d9-ddb5-4fa4-a97d-d965ccfc6d4b" outcome="Passed" testListId="8c84fa94-04c1-424b-9868-57a2d4851a1d" relativeResultsDirectory="57011f91-66e0-44cd-9de4-bc826f3ad938" />
    <UnitTestResult executionId="1821226f-e97c-4f40-abb0-bf2ffac8d977" testId="5e183043-ac35-4e8d-bbeb-78105f5e381d" testName="FormatToStringTest1000 (286.92120604539343,286.92 zł)" computerName="DESKTOP-5URQ9PB" duration="00:00:00.0000066" startTime="2022-06-13T21:11:34.8478271+02:00" endTime="2022-06-13T21:11:34.8478970+02:00" testType="13cdc9d9-ddb5-4fa4-a97d-d965ccfc6d4b" outcome="Passed" testListId="8c84fa94-04c1-424b-9868-57a2d4851a1d" relativeResultsDirectory="1821226f-e97c-4f40-abb0-bf2ffac8d977" />
    <UnitTestResult executionId="06b3adab-5cc7-4e7d-8060-092a93973f96" testId="c6a53a55-d22a-40d9-ab26-dacdb7e3b2e8" testName="FormatToStringTest1000 (72659.37876478041,72659.38 zł)" computerName="DESKTOP-5URQ9PB" duration="00:00:00.0000070" startTime="2022-06-13T21:11:35.1247595+02:00" endTime="2022-06-13T21:11:35.1248347+02:00" testType="13cdc9d9-ddb5-4fa4-a97d-d965ccfc6d4b" outcome="Passed" testListId="8c84fa94-04c1-424b-9868-57a2d4851a1d" relativeResultsDirectory="06b3adab-5cc7-4e7d-8060-092a93973f96" />
    <UnitTestResult executionId="851f3536-04fe-424f-8607-bc05f3f4e11f" testId="2105213e-7909-46ee-bd74-c6b5de42bd37" testName="FormatToStringTest1000 (30071.004434484523,30071.00 zł)" computerName="DESKTOP-5URQ9PB" duration="00:00:00.0000064" startTime="2022-06-13T21:11:34.9185585+02:00" endTime="2022-06-13T21:11:34.9186264+02:00" testType="13cdc9d9-ddb5-4fa4-a97d-d965ccfc6d4b" outcome="Passed" testListId="8c84fa94-04c1-424b-9868-57a2d4851a1d" relativeResultsDirectory="851f3536-04fe-424f-8607-bc05f3f4e11f" />
    <UnitTestResult executionId="47ea8f1b-6199-4c8a-b025-b7a5305d3135" testId="65dca4a8-b1ef-46bc-98a8-30f4019c0e7d" testName="FormatToStringTest1000 (50585.83664522778,50585.84 zł)" computerName="DESKTOP-5URQ9PB" duration="00:00:00.0000076" startTime="2022-06-13T21:11:35.0621873+02:00" endTime="2022-06-13T21:11:35.0622677+02:00" testType="13cdc9d9-ddb5-4fa4-a97d-d965ccfc6d4b" outcome="Passed" testListId="8c84fa94-04c1-424b-9868-57a2d4851a1d" relativeResultsDirectory="47ea8f1b-6199-4c8a-b025-b7a5305d3135" />
    <UnitTestResult executionId="dad74150-9c44-40d1-aed9-cc43bf66570c" testId="b4709cb6-b16a-4367-832f-913dc9d8f873" testName="FormatToStringTest1000 (20344.185360967265,20344.19 zł)" computerName="DESKTOP-5URQ9PB" duration="00:00:00.0000064" startTime="2022-06-13T21:11:35.1376021+02:00" endTime="2022-06-13T21:11:35.1376669+02:00" testType="13cdc9d9-ddb5-4fa4-a97d-d965ccfc6d4b" outcome="Passed" testListId="8c84fa94-04c1-424b-9868-57a2d4851a1d" relativeResultsDirectory="dad74150-9c44-40d1-aed9-cc43bf66570c" />
    <UnitTestResult executionId="cfd5f45a-86dd-4781-b721-6b4fc1be1f03" testId="eba5269a-0409-4aaa-bc0c-87550a76b0ac" testName="FormatToStringTest1000 (24476.442216712254,24476.44 zł)" computerName="DESKTOP-5URQ9PB" duration="00:00:00.0000065" startTime="2022-06-13T21:11:35.0791474+02:00" endTime="2022-06-13T21:11:35.0792203+02:00" testType="13cdc9d9-ddb5-4fa4-a97d-d965ccfc6d4b" outcome="Passed" testListId="8c84fa94-04c1-424b-9868-57a2d4851a1d" relativeResultsDirectory="cfd5f45a-86dd-4781-b721-6b4fc1be1f03" />
    <UnitTestResult executionId="bc2868a0-ffe3-4e45-9029-c989d452cdaa" testId="ec7fea72-7a43-430d-ba7f-f8109056e730" testName="FormatToStringTest1000 (24570.65594858893,24570.66 zł)" computerName="DESKTOP-5URQ9PB" duration="00:00:00.0000065" startTime="2022-06-13T21:11:34.9448884+02:00" endTime="2022-06-13T21:11:34.9449594+02:00" testType="13cdc9d9-ddb5-4fa4-a97d-d965ccfc6d4b" outcome="Passed" testListId="8c84fa94-04c1-424b-9868-57a2d4851a1d" relativeResultsDirectory="bc2868a0-ffe3-4e45-9029-c989d452cdaa" />
    <UnitTestResult executionId="b9d625f9-a8fa-4e98-be71-51d7dd3c30a2" testId="f6426405-be1c-43cc-b5e9-c8c6effd4373" testName="FormatToStringTest1000 (1613.6903705837626,1613.69 zł)" computerName="DESKTOP-5URQ9PB" duration="00:00:00.0000067" startTime="2022-06-13T21:11:35.0654704+02:00" endTime="2022-06-13T21:11:35.0655409+02:00" testType="13cdc9d9-ddb5-4fa4-a97d-d965ccfc6d4b" outcome="Passed" testListId="8c84fa94-04c1-424b-9868-57a2d4851a1d" relativeResultsDirectory="b9d625f9-a8fa-4e98-be71-51d7dd3c30a2" />
    <UnitTestResult executionId="3996960f-5588-4c35-87c1-1b1ae242c758" testId="7c163efa-7700-41b1-b90a-8dc43f47e995" testName="FormatToStringTest1000 (11904.111251175456,11904.11 zł)" computerName="DESKTOP-5URQ9PB" duration="00:00:00.0000066" startTime="2022-06-13T21:11:34.9385199+02:00" endTime="2022-06-13T21:11:34.9385919+02:00" testType="13cdc9d9-ddb5-4fa4-a97d-d965ccfc6d4b" outcome="Passed" testListId="8c84fa94-04c1-424b-9868-57a2d4851a1d" relativeResultsDirectory="3996960f-5588-4c35-87c1-1b1ae242c758" />
    <UnitTestResult executionId="2cd8298e-39ed-4127-baeb-4ab90235c6e9" testId="da47058a-6d1e-4a08-8415-381a3dd9455c" testName="FormatToStringTest1000 (19796.212103914568,19796.21 zł)" computerName="DESKTOP-5URQ9PB" duration="00:00:00.0000282" startTime="2022-06-13T21:11:35.0586379+02:00" endTime="2022-06-13T21:11:35.0588103+02:00" testType="13cdc9d9-ddb5-4fa4-a97d-d965ccfc6d4b" outcome="Passed" testListId="8c84fa94-04c1-424b-9868-57a2d4851a1d" relativeResultsDirectory="2cd8298e-39ed-4127-baeb-4ab90235c6e9" />
    <UnitTestResult executionId="02c46193-8d39-48f9-8699-ea50252a5a36" testId="c4465c09-7530-4468-97b6-92c09d599cb9" testName="FormatToStringTest1000 (5876.112133716285,5876.11 zł)" computerName="DESKTOP-5URQ9PB" duration="00:00:00.0000066" startTime="2022-06-13T21:11:35.1562343+02:00" endTime="2022-06-13T21:11:35.1563026+02:00" testType="13cdc9d9-ddb5-4fa4-a97d-d965ccfc6d4b" outcome="Passed" testListId="8c84fa94-04c1-424b-9868-57a2d4851a1d" relativeResultsDirectory="02c46193-8d39-48f9-8699-ea50252a5a36" />
    <UnitTestResult executionId="52998c5d-6379-4d35-9c40-e70cc7b21f03" testId="2475f0ef-e85e-4d0d-884a-54eb24081735" testName="FormatToStringTest1000 (57436.33241095409,57436.33 zł)" computerName="DESKTOP-5URQ9PB" duration="00:00:00.0000107" startTime="2022-06-13T21:11:34.9828844+02:00" endTime="2022-06-13T21:11:34.9830163+02:00" testType="13cdc9d9-ddb5-4fa4-a97d-d965ccfc6d4b" outcome="Passed" testListId="8c84fa94-04c1-424b-9868-57a2d4851a1d" relativeResultsDirectory="52998c5d-6379-4d35-9c40-e70cc7b21f03" />
    <UnitTestResult executionId="123a1afc-8b84-4686-b7c4-bd5b2aa68b86" testId="9aaa537d-c4b7-410b-b439-89b83a2546bf" testName="FormatToStringTest1000 (7594.279030504766,7594.28 zł)" computerName="DESKTOP-5URQ9PB" duration="00:00:00.0000079" startTime="2022-06-13T21:11:34.8616846+02:00" endTime="2022-06-13T21:11:34.8617779+02:00" testType="13cdc9d9-ddb5-4fa4-a97d-d965ccfc6d4b" outcome="Passed" testListId="8c84fa94-04c1-424b-9868-57a2d4851a1d" relativeResultsDirectory="123a1afc-8b84-4686-b7c4-bd5b2aa68b86" />
    <UnitTestResult executionId="3732564c-13e0-4de4-81e5-b3c8657ef3ff" testId="6aa14c0b-17d2-4b22-9ea6-0d54da400db5" testName="FormatToStringTest1000 (7076.829971250534,7076.83 zł)" computerName="DESKTOP-5URQ9PB" duration="00:00:00.0000065" startTime="2022-06-13T21:11:35.1654856+02:00" endTime="2022-06-13T21:11:35.1655507+02:00" testType="13cdc9d9-ddb5-4fa4-a97d-d965ccfc6d4b" outcome="Passed" testListId="8c84fa94-04c1-424b-9868-57a2d4851a1d" relativeResultsDirectory="3732564c-13e0-4de4-81e5-b3c8657ef3ff" />
    <UnitTestResult executionId="9f1f6ba6-3321-4649-b108-de2715c8ef23" testId="c11b89fc-c228-4b08-91a9-8b598d85b9d7" testName="FormatToStringTest1000 (24137.016609529506,24137.02 zł)" computerName="DESKTOP-5URQ9PB" duration="00:00:00.0000066" startTime="2022-06-13T21:11:35.1545167+02:00" endTime="2022-06-13T21:11:35.1545836+02:00" testType="13cdc9d9-ddb5-4fa4-a97d-d965ccfc6d4b" outcome="Passed" testListId="8c84fa94-04c1-424b-9868-57a2d4851a1d" relativeResultsDirectory="9f1f6ba6-3321-4649-b108-de2715c8ef23" />
    <UnitTestResult executionId="32c97681-5329-47e8-a08c-3437b4966b89" testId="23f319a3-3fd8-4d80-8689-522b3ec4f3da" testName="FormatToStringTest1000 (3431.864349926759,3431.86 zł)" computerName="DESKTOP-5URQ9PB" duration="00:00:00.0000105" startTime="2022-06-13T21:11:35.1391118+02:00" endTime="2022-06-13T21:11:35.1392098+02:00" testType="13cdc9d9-ddb5-4fa4-a97d-d965ccfc6d4b" outcome="Passed" testListId="8c84fa94-04c1-424b-9868-57a2d4851a1d" relativeResultsDirectory="32c97681-5329-47e8-a08c-3437b4966b89" />
    <UnitTestResult executionId="b533f607-510e-4de2-8cbf-33ace66001bc" testId="c3469472-ee83-4c23-934a-6180dc5e8165" testName="FormatToStringTest1000 (18990.72499258012,18990.72 zł)" computerName="DESKTOP-5URQ9PB" duration="00:00:00.0000068" startTime="2022-06-13T21:11:34.8840467+02:00" endTime="2022-06-13T21:11:34.8841261+02:00" testType="13cdc9d9-ddb5-4fa4-a97d-d965ccfc6d4b" outcome="Passed" testListId="8c84fa94-04c1-424b-9868-57a2d4851a1d" relativeResultsDirectory="b533f607-510e-4de2-8cbf-33ace66001bc" />
    <UnitTestResult executionId="1d30bdfc-c760-4fe0-9181-d1af69ec8e38" testId="bf68736d-e507-448f-ade3-ff133ae7e11f" testName="FormatToStringTest1000 (17845.255864087147,17845.26 zł)" computerName="DESKTOP-5URQ9PB" duration="00:00:00.0000067" startTime="2022-06-13T21:11:34.9256498+02:00" endTime="2022-06-13T21:11:34.9257272+02:00" testType="13cdc9d9-ddb5-4fa4-a97d-d965ccfc6d4b" outcome="Passed" testListId="8c84fa94-04c1-424b-9868-57a2d4851a1d" relativeResultsDirectory="1d30bdfc-c760-4fe0-9181-d1af69ec8e38" />
    <UnitTestResult executionId="29233f07-5593-41f4-b4fa-98c9344b9ed5" testId="db7379ec-1191-4e57-9473-5f90cad40bb9" testName="FormatToStringTest1000 (16383.352881839199,16383.35 zł)" computerName="DESKTOP-5URQ9PB" duration="00:00:00.0000066" startTime="2022-06-13T21:11:34.8741972+02:00" endTime="2022-06-13T21:11:34.8742920+02:00" testType="13cdc9d9-ddb5-4fa4-a97d-d965ccfc6d4b" outcome="Passed" testListId="8c84fa94-04c1-424b-9868-57a2d4851a1d" relativeResultsDirectory="29233f07-5593-41f4-b4fa-98c9344b9ed5" />
    <UnitTestResult executionId="7d487436-d8c7-432b-b665-3966fa96c1c3" testId="280c01c2-3e49-49fc-b09e-c63c8357566c" testName="FormatToStringTest1000 (2897.9775426620513,2897.98 zł)" computerName="DESKTOP-5URQ9PB" duration="00:00:00.0000063" startTime="2022-06-13T21:11:35.1351378+02:00" endTime="2022-06-13T21:11:35.1352031+02:00" testType="13cdc9d9-ddb5-4fa4-a97d-d965ccfc6d4b" outcome="Passed" testListId="8c84fa94-04c1-424b-9868-57a2d4851a1d" relativeResultsDirectory="7d487436-d8c7-432b-b665-3966fa96c1c3" />
    <UnitTestResult executionId="01d7fbd9-dd59-4a9a-99de-29f37276cc2c" testId="4e67dfc3-0c06-45e8-a119-1347fe4c32a7" testName="FormatToStringTest1000 (16688.70569393677,16688.71 zł)" computerName="DESKTOP-5URQ9PB" duration="00:00:00.0000065" startTime="2022-06-13T21:11:35.0000998+02:00" endTime="2022-06-13T21:11:35.0001671+02:00" testType="13cdc9d9-ddb5-4fa4-a97d-d965ccfc6d4b" outcome="Passed" testListId="8c84fa94-04c1-424b-9868-57a2d4851a1d" relativeResultsDirectory="01d7fbd9-dd59-4a9a-99de-29f37276cc2c" />
    <UnitTestResult executionId="30ff4d4a-9e94-4f6b-80f3-e2aaf28f05b2" testId="13390adc-7d77-4360-bddb-fa86a59dfbe9" testName="FormatToStringTest1000 (1568.615240217473,1568.62 zł)" computerName="DESKTOP-5URQ9PB" duration="00:00:00.0000065" startTime="2022-06-13T21:11:35.1520865+02:00" endTime="2022-06-13T21:11:35.1521534+02:00" testType="13cdc9d9-ddb5-4fa4-a97d-d965ccfc6d4b" outcome="Passed" testListId="8c84fa94-04c1-424b-9868-57a2d4851a1d" relativeResultsDirectory="30ff4d4a-9e94-4f6b-80f3-e2aaf28f05b2" />
    <UnitTestResult executionId="28679db6-5048-4862-8081-57dddb628852" testId="53ae0487-e39b-4d00-b0bb-5a6c55031531" testName="FormatToStringTest1000 (5504.094303639184,5504.09 zł)" computerName="DESKTOP-5URQ9PB" duration="00:00:00.0000064" startTime="2022-06-13T21:11:34.9967259+02:00" endTime="2022-06-13T21:11:34.9967930+02:00" testType="13cdc9d9-ddb5-4fa4-a97d-d965ccfc6d4b" outcome="Passed" testListId="8c84fa94-04c1-424b-9868-57a2d4851a1d" relativeResultsDirectory="28679db6-5048-4862-8081-57dddb628852" />
    <UnitTestResult executionId="e89e9524-490c-4703-a278-7dcccdbfcc56" testId="e1a116ab-abe2-474b-b810-c8e195c084cf" testName="FormatToStringTest1000 (25272.05048361283,25272.05 zł)" computerName="DESKTOP-5URQ9PB" duration="00:00:00.0000064" startTime="2022-06-13T21:11:35.1733324+02:00" endTime="2022-06-13T21:11:35.1734041+02:00" testType="13cdc9d9-ddb5-4fa4-a97d-d965ccfc6d4b" outcome="Passed" testListId="8c84fa94-04c1-424b-9868-57a2d4851a1d" relativeResultsDirectory="e89e9524-490c-4703-a278-7dcccdbfcc56" />
    <UnitTestResult executionId="2a30108a-2473-4fe2-adb8-b8310ced745c" testId="71a14701-fbf7-45bd-88c8-64f0ff63d632" testName="FormatToStringTest1000 (835.1578487740633,835.16 zł)" computerName="DESKTOP-5URQ9PB" duration="00:00:00.0000064" startTime="2022-06-13T21:11:35.0861037+02:00" endTime="2022-06-13T21:11:35.0861712+02:00" testType="13cdc9d9-ddb5-4fa4-a97d-d965ccfc6d4b" outcome="Passed" testListId="8c84fa94-04c1-424b-9868-57a2d4851a1d" relativeResultsDirectory="2a30108a-2473-4fe2-adb8-b8310ced745c" />
    <UnitTestResult executionId="9f01940e-7824-4a37-a65e-a2b3add48a1d" testId="accdcd4d-3560-49f8-98e3-a63409f9bee6" testName="FormatToStringTest1000 (73504.44700518598,73504.45 zł)" computerName="DESKTOP-5URQ9PB" duration="00:00:00.0000065" startTime="2022-06-13T21:11:35.2067302+02:00" endTime="2022-06-13T21:11:35.2067951+02:00" testType="13cdc9d9-ddb5-4fa4-a97d-d965ccfc6d4b" outcome="Passed" testListId="8c84fa94-04c1-424b-9868-57a2d4851a1d" relativeResultsDirectory="9f01940e-7824-4a37-a65e-a2b3add48a1d" />
    <UnitTestResult executionId="5aa78549-d802-4244-b311-9902635bb102" testId="c3548c6e-b151-4693-9f3e-dfa1db653800" testName="FormatToStringTest1000 (9190.067404299076,9190.07 zł)" computerName="DESKTOP-5URQ9PB" duration="00:00:00.0000063" startTime="2022-06-13T21:11:35.1712126+02:00" endTime="2022-06-13T21:11:35.1712771+02:00" testType="13cdc9d9-ddb5-4fa4-a97d-d965ccfc6d4b" outcome="Passed" testListId="8c84fa94-04c1-424b-9868-57a2d4851a1d" relativeResultsDirectory="5aa78549-d802-4244-b311-9902635bb102" />
    <UnitTestResult executionId="e465df20-c7ba-4904-89d0-923da39e9dd9" testId="25d01c09-0268-4043-ac56-14ac7e251729" testName="FormatToStringTest1000 (28987.862854782896,28987.86 zł)" computerName="DESKTOP-5URQ9PB" duration="00:00:00.0000066" startTime="2022-06-13T21:11:35.1497140+02:00" endTime="2022-06-13T21:11:35.1497819+02:00" testType="13cdc9d9-ddb5-4fa4-a97d-d965ccfc6d4b" outcome="Passed" testListId="8c84fa94-04c1-424b-9868-57a2d4851a1d" relativeResultsDirectory="e465df20-c7ba-4904-89d0-923da39e9dd9" />
    <UnitTestResult executionId="3fe0c5d6-cc06-442f-b907-ab5ba4e53d64" testId="48ac011a-8b68-4498-8dc4-f82a24e31741" testName="FormatToStringTest1000 (58111.21259843521,58111.21 zł)" computerName="DESKTOP-5URQ9PB" duration="00:00:00.0000091" startTime="2022-06-13T21:11:34.9342721+02:00" endTime="2022-06-13T21:11:34.9343836+02:00" testType="13cdc9d9-ddb5-4fa4-a97d-d965ccfc6d4b" outcome="Passed" testListId="8c84fa94-04c1-424b-9868-57a2d4851a1d" relativeResultsDirectory="3fe0c5d6-cc06-442f-b907-ab5ba4e53d64" />
    <UnitTestResult executionId="402d03b5-5a14-4c43-b013-97b0e88f453a" testId="09ceadfb-7234-496f-80b5-29ac6fcaebf6" testName="FormatToStringTest1000 (3477.860963622509,3477.86 zł)" computerName="DESKTOP-5URQ9PB" duration="00:00:00.0000065" startTime="2022-06-13T21:11:35.1520018+02:00" endTime="2022-06-13T21:11:35.1520687+02:00" testType="13cdc9d9-ddb5-4fa4-a97d-d965ccfc6d4b" outcome="Passed" testListId="8c84fa94-04c1-424b-9868-57a2d4851a1d" relativeResultsDirectory="402d03b5-5a14-4c43-b013-97b0e88f453a" />
    <UnitTestResult executionId="5500dfed-4e91-4850-a2ef-0de1dd8e9c54" testId="279045e0-6b14-42a2-bf0b-29db343fb6d3" testName="FormatToStringTest1000 (13027.93935961739,13027.94 zł)" computerName="DESKTOP-5URQ9PB" duration="00:00:00.0000065" startTime="2022-06-13T21:11:35.0625650+02:00" endTime="2022-06-13T21:11:35.0626328+02:00" testType="13cdc9d9-ddb5-4fa4-a97d-d965ccfc6d4b" outcome="Passed" testListId="8c84fa94-04c1-424b-9868-57a2d4851a1d" relativeResultsDirectory="5500dfed-4e91-4850-a2ef-0de1dd8e9c54" />
    <UnitTestResult executionId="6e9a5c89-02bb-40f3-8f7a-005b9b42ebbb" testId="aff4942e-63d7-4421-84c9-e46a8c32fb94" testName="FormatToStringTest1000 (8499.121443388574,8499.12 zł)" computerName="DESKTOP-5URQ9PB" duration="00:00:00.0000076" startTime="2022-06-13T21:11:34.8675186+02:00" endTime="2022-06-13T21:11:34.8676082+02:00" testType="13cdc9d9-ddb5-4fa4-a97d-d965ccfc6d4b" outcome="Passed" testListId="8c84fa94-04c1-424b-9868-57a2d4851a1d" relativeResultsDirectory="6e9a5c89-02bb-40f3-8f7a-005b9b42ebbb" />
    <UnitTestResult executionId="786c2f6e-9ff0-462d-ad40-70efa7028bdc" testId="80df7a1d-3913-4f33-8316-c103fec5c183" testName="FormatToStringTest1000 (13681.607566007231,13681.61 zł)" computerName="DESKTOP-5URQ9PB" duration="00:00:00.0000064" startTime="2022-06-13T21:11:35.0832986+02:00" endTime="2022-06-13T21:11:35.0833716+02:00" testType="13cdc9d9-ddb5-4fa4-a97d-d965ccfc6d4b" outcome="Passed" testListId="8c84fa94-04c1-424b-9868-57a2d4851a1d" relativeResultsDirectory="786c2f6e-9ff0-462d-ad40-70efa7028bdc" />
    <UnitTestResult executionId="a67a3f77-ab62-44b2-bc0c-107e32c595af" testId="eddad9cd-6718-4611-ae97-ec0610f74853" testName="FormatToStringTest1000 (1751.1734380625066,1751.17 zł)" computerName="DESKTOP-5URQ9PB" duration="00:00:00.0000064" startTime="2022-06-13T21:11:35.1372685+02:00" endTime="2022-06-13T21:11:35.1373340+02:00" testType="13cdc9d9-ddb5-4fa4-a97d-d965ccfc6d4b" outcome="Passed" testListId="8c84fa94-04c1-424b-9868-57a2d4851a1d" relativeResultsDirectory="a67a3f77-ab62-44b2-bc0c-107e32c595af" />
    <UnitTestResult executionId="bd946208-9c20-4113-9c21-cfc060db2b10" testId="d5344cb2-8a45-4cc6-8a59-34a64eb78e6a" testName="FormatToStringTest1000 (6864.093052674129,6864.09 zł)" computerName="DESKTOP-5URQ9PB" duration="00:00:00.0000067" startTime="2022-06-13T21:11:34.8886350+02:00" endTime="2022-06-13T21:11:34.8887114+02:00" testType="13cdc9d9-ddb5-4fa4-a97d-d965ccfc6d4b" outcome="Passed" testListId="8c84fa94-04c1-424b-9868-57a2d4851a1d" relativeResultsDirectory="bd946208-9c20-4113-9c21-cfc060db2b10" />
    <UnitTestResult executionId="697a6f23-47df-4bba-9c8c-0aca7670d3dc" testId="91e68fa5-6f26-4dd8-a431-f45ee48f331c" testName="FormatToStringTest1000 (90187.4082624374,90187.41 zł)" computerName="DESKTOP-5URQ9PB" duration="00:00:00.0000069" startTime="2022-06-13T21:11:35.1993285+02:00" endTime="2022-06-13T21:11:35.1994059+02:00" testType="13cdc9d9-ddb5-4fa4-a97d-d965ccfc6d4b" outcome="Passed" testListId="8c84fa94-04c1-424b-9868-57a2d4851a1d" relativeResultsDirectory="697a6f23-47df-4bba-9c8c-0aca7670d3dc" />
    <UnitTestResult executionId="6e65eee4-f1ec-4bfe-b04b-1e3aae78c9a2" testId="eaa187d8-ccba-4bca-8257-cad2eba7bd3a" testName="FormatToStringTest1000 (16673.5121774904,16673.51 zł)" computerName="DESKTOP-5URQ9PB" duration="00:00:00.0000066" startTime="2022-06-13T21:11:35.0168988+02:00" endTime="2022-06-13T21:11:35.0169647+02:00" testType="13cdc9d9-ddb5-4fa4-a97d-d965ccfc6d4b" outcome="Passed" testListId="8c84fa94-04c1-424b-9868-57a2d4851a1d" relativeResultsDirectory="6e65eee4-f1ec-4bfe-b04b-1e3aae78c9a2" />
    <UnitTestResult executionId="0bceab6d-4c41-4088-98d5-dd3f70d85c32" testId="fd47a9bd-f538-474f-afc4-814753fd051a" testName="FormatToStringTest1000 (50644.690874327294,50644.69 zł)" computerName="DESKTOP-5URQ9PB" duration="00:00:00.0000066" startTime="2022-06-13T21:11:35.1521717+02:00" endTime="2022-06-13T21:11:35.1522389+02:00" testType="13cdc9d9-ddb5-4fa4-a97d-d965ccfc6d4b" outcome="Passed" testListId="8c84fa94-04c1-424b-9868-57a2d4851a1d" relativeResultsDirectory="0bceab6d-4c41-4088-98d5-dd3f70d85c32" />
    <UnitTestResult executionId="69a1160b-18c2-4686-acf8-d448f818f881" testId="5ce2c80c-2e02-49cf-8fdc-9eb14b4e2c99" testName="FormatToStringTest1000 (16637.074429372828,16637.07 zł)" computerName="DESKTOP-5URQ9PB" duration="00:00:00.0000065" startTime="2022-06-13T21:11:34.9551405+02:00" endTime="2022-06-13T21:11:34.9552085+02:00" testType="13cdc9d9-ddb5-4fa4-a97d-d965ccfc6d4b" outcome="Passed" testListId="8c84fa94-04c1-424b-9868-57a2d4851a1d" relativeResultsDirectory="69a1160b-18c2-4686-acf8-d448f818f881" />
    <UnitTestResult executionId="b6dc7b24-a436-4626-8d3c-03b5cab407d2" testId="aad7c4d0-2b28-440b-a3ff-6574b0423b83" testName="FormatToStringTest1000 (14172.682747822573,14172.68 zł)" computerName="DESKTOP-5URQ9PB" duration="00:00:00.0000067" startTime="2022-06-13T21:11:34.8581647+02:00" endTime="2022-06-13T21:11:34.8582368+02:00" testType="13cdc9d9-ddb5-4fa4-a97d-d965ccfc6d4b" outcome="Passed" testListId="8c84fa94-04c1-424b-9868-57a2d4851a1d" relativeResultsDirectory="b6dc7b24-a436-4626-8d3c-03b5cab407d2" />
    <UnitTestResult executionId="3d1f34f9-f0bc-4ffd-9c7b-8bd591894014" testId="9531b184-26e7-4a45-84a5-0650dc6e04e7" testName="FormatToStringTest1000 (70581.91150977784,70581.91 zł)" computerName="DESKTOP-5URQ9PB" duration="00:00:00.0000100" startTime="2022-06-13T21:11:35.0877057+02:00" endTime="2022-06-13T21:11:35.0878245+02:00" testType="13cdc9d9-ddb5-4fa4-a97d-d965ccfc6d4b" outcome="Passed" testListId="8c84fa94-04c1-424b-9868-57a2d4851a1d" relativeResultsDirectory="3d1f34f9-f0bc-4ffd-9c7b-8bd591894014" />
    <UnitTestResult executionId="c9179ed3-4688-4c99-8805-28f97bb78d46" testId="51a0cc59-2b42-4e9b-bcbd-f8ab79cb27f9" testName="FormatToStringTest1000 (57671.67669738675,57671.68 zł)" computerName="DESKTOP-5URQ9PB" duration="00:00:00.0000072" startTime="2022-06-13T21:11:35.1781689+02:00" endTime="2022-06-13T21:11:35.1782554+02:00" testType="13cdc9d9-ddb5-4fa4-a97d-d965ccfc6d4b" outcome="Passed" testListId="8c84fa94-04c1-424b-9868-57a2d4851a1d" relativeResultsDirectory="c9179ed3-4688-4c99-8805-28f97bb78d46" />
    <UnitTestResult executionId="f0c3a369-53fd-42a1-82d6-1c828615e2bf" testId="a7955245-78c3-4c81-bd67-cb14b5f06ba9" testName="FormatToStringTest1000 (10775.728533390784,10775.73 zł)" computerName="DESKTOP-5URQ9PB" duration="00:00:00.0000255" startTime="2022-06-13T21:11:35.0579801+02:00" endTime="2022-06-13T21:11:35.0581575+02:00" testType="13cdc9d9-ddb5-4fa4-a97d-d965ccfc6d4b" outcome="Passed" testListId="8c84fa94-04c1-424b-9868-57a2d4851a1d" relativeResultsDirectory="f0c3a369-53fd-42a1-82d6-1c828615e2bf" />
    <UnitTestResult executionId="55d2b7c5-af78-4247-a4c9-82bcdd1a2fd8" testId="5d3cd7e7-52a9-479d-99ea-0d1539326736" testName="FormatToStringTest1000 (13286.856387228174,13286.86 zł)" computerName="DESKTOP-5URQ9PB" duration="00:00:00.0000069" startTime="2022-06-13T21:11:35.1463328+02:00" endTime="2022-06-13T21:11:35.1464182+02:00" testType="13cdc9d9-ddb5-4fa4-a97d-d965ccfc6d4b" outcome="Passed" testListId="8c84fa94-04c1-424b-9868-57a2d4851a1d" relativeResultsDirectory="55d2b7c5-af78-4247-a4c9-82bcdd1a2fd8" />
    <UnitTestResult executionId="65581890-4786-456d-8be7-2af114b3541b" testId="55f3a8bd-8114-4ceb-a700-ddc76461d06b" testName="FormatToStringTest1000 (3303.1902076747224,3303.19 zł)" computerName="DESKTOP-5URQ9PB" duration="00:00:00.0000064" startTime="2022-06-13T21:11:35.0626498+02:00" endTime="2022-06-13T21:11:35.0627168+02:00" testType="13cdc9d9-ddb5-4fa4-a97d-d965ccfc6d4b" outcome="Passed" testListId="8c84fa94-04c1-424b-9868-57a2d4851a1d" relativeResultsDirectory="65581890-4786-456d-8be7-2af114b3541b" />
    <UnitTestResult executionId="9dbf1e94-75ec-4290-8289-519464987d07" testId="3e99d2b4-57e4-4f97-9098-4e24acf7afbc" testName="FormatToStringTest1000 (7715.904444139406,7715.90 zł)" computerName="DESKTOP-5URQ9PB" duration="00:00:00.0000259" startTime="2022-06-13T21:11:35.0584240+02:00" endTime="2022-06-13T21:11:35.0585938+02:00" testType="13cdc9d9-ddb5-4fa4-a97d-d965ccfc6d4b" outcome="Passed" testListId="8c84fa94-04c1-424b-9868-57a2d4851a1d" relativeResultsDirectory="9dbf1e94-75ec-4290-8289-519464987d07" />
    <UnitTestResult executionId="dd1df2e9-dad4-4b99-b63c-3d817f3d2d8d" testId="d92f789c-2b3e-4e50-bce7-9bb4ab5ef8aa" testName="FormatToStringTest1000 (54275.73209373408,54275.73 zł)" computerName="DESKTOP-5URQ9PB" duration="00:00:00.0000064" startTime="2022-06-13T21:11:35.1637267+02:00" endTime="2022-06-13T21:11:35.1637909+02:00" testType="13cdc9d9-ddb5-4fa4-a97d-d965ccfc6d4b" outcome="Passed" testListId="8c84fa94-04c1-424b-9868-57a2d4851a1d" relativeResultsDirectory="dd1df2e9-dad4-4b99-b63c-3d817f3d2d8d" />
    <UnitTestResult executionId="ab0ee2bd-b295-4142-bcb6-e036f8eab917" testId="a40fb077-a533-4a93-9db4-f8b6f7ed6af9" testName="FormatToStringTest1000 (16030.852371789913,16030.85 zł)" computerName="DESKTOP-5URQ9PB" duration="00:00:00.0000139" startTime="2022-06-13T21:11:34.8988706+02:00" endTime="2022-06-13T21:11:34.8990434+02:00" testType="13cdc9d9-ddb5-4fa4-a97d-d965ccfc6d4b" outcome="Passed" testListId="8c84fa94-04c1-424b-9868-57a2d4851a1d" relativeResultsDirectory="ab0ee2bd-b295-4142-bcb6-e036f8eab917" />
    <UnitTestResult executionId="4c54d41b-781f-4ccc-82e4-db20d76c3082" testId="28e8061b-8572-4085-a850-4c314e10fbf3" testName="FormatToStringTest1000 (801.5720517614726,801.57 zł)" computerName="DESKTOP-5URQ9PB" duration="00:00:00.0000143" startTime="2022-06-13T21:11:35.0166136+02:00" endTime="2022-06-13T21:11:35.0167755+02:00" testType="13cdc9d9-ddb5-4fa4-a97d-d965ccfc6d4b" outcome="Passed" testListId="8c84fa94-04c1-424b-9868-57a2d4851a1d" relativeResultsDirectory="4c54d41b-781f-4ccc-82e4-db20d76c3082" />
    <UnitTestResult executionId="8a21b838-bd09-4088-aad0-db941baf42fa" testId="7b5bc09a-d4fb-450b-9738-1b67a47cab8e" testName="FormatToStringTest1000 (48544.390887578666,48544.39 zł)" computerName="DESKTOP-5URQ9PB" duration="00:00:00.0000064" startTime="2022-06-13T21:11:35.0879357+02:00" endTime="2022-06-13T21:11:35.0880035+02:00" testType="13cdc9d9-ddb5-4fa4-a97d-d965ccfc6d4b" outcome="Passed" testListId="8c84fa94-04c1-424b-9868-57a2d4851a1d" relativeResultsDirectory="8a21b838-bd09-4088-aad0-db941baf42fa" />
    <UnitTestResult executionId="606cec9a-5380-42db-923d-86f62d9c6002" testId="daf19c72-5a7a-4b2e-ae42-de68cc4affba" testName="FormatToStringTest1000 (13478.157112043891,13478.16 zł)" computerName="DESKTOP-5URQ9PB" duration="00:00:00.0000063" startTime="2022-06-13T21:11:35.0883789+02:00" endTime="2022-06-13T21:11:35.0884464+02:00" testType="13cdc9d9-ddb5-4fa4-a97d-d965ccfc6d4b" outcome="Passed" testListId="8c84fa94-04c1-424b-9868-57a2d4851a1d" relativeResultsDirectory="606cec9a-5380-42db-923d-86f62d9c6002" />
    <UnitTestResult executionId="48cc61db-40c9-444a-a34e-28d7c61e2c9d" testId="2124a7cd-f196-4f51-9080-59c2109de768" testName="FormatToStringTest1000 (31971.185406704986,31971.19 zł)" computerName="DESKTOP-5URQ9PB" duration="00:00:00.0000065" startTime="2022-06-13T21:11:35.0738594+02:00" endTime="2022-06-13T21:11:35.0739272+02:00" testType="13cdc9d9-ddb5-4fa4-a97d-d965ccfc6d4b" outcome="Passed" testListId="8c84fa94-04c1-424b-9868-57a2d4851a1d" relativeResultsDirectory="48cc61db-40c9-444a-a34e-28d7c61e2c9d" />
    <UnitTestResult executionId="4673a6b1-c60f-4f3a-a2e5-25535c3ae08e" testId="db6da951-ddff-4fb7-ab30-e87b37fceeb9" testName="FormatToStringTest1000 (4898.699005344277,4898.70 zł)" computerName="DESKTOP-5URQ9PB" duration="00:00:00.0000065" startTime="2022-06-13T21:11:34.9769919+02:00" endTime="2022-06-13T21:11:34.9770596+02:00" testType="13cdc9d9-ddb5-4fa4-a97d-d965ccfc6d4b" outcome="Passed" testListId="8c84fa94-04c1-424b-9868-57a2d4851a1d" relativeResultsDirectory="4673a6b1-c60f-4f3a-a2e5-25535c3ae08e" />
    <UnitTestResult executionId="4a937f9f-44c8-44c2-bcfb-0cbc95c8a6c5" testId="f1dd9261-0866-4d18-b71a-4676d687a65d" testName="FormatToStringTest1000 (44499.288016808816,44499.29 zł)" computerName="DESKTOP-5URQ9PB" duration="00:00:00.0000064" startTime="2022-06-13T21:11:35.0306629+02:00" endTime="2022-06-13T21:11:35.0307301+02:00" testType="13cdc9d9-ddb5-4fa4-a97d-d965ccfc6d4b" outcome="Passed" testListId="8c84fa94-04c1-424b-9868-57a2d4851a1d" relativeResultsDirectory="4a937f9f-44c8-44c2-bcfb-0cbc95c8a6c5" />
    <UnitTestResult executionId="66c51329-1c6f-4490-88f4-0d0b3d4d660f" testId="78fc5cbb-2ef9-44c3-8978-c90a1aee6181" testName="FormatToStringTest1000 (12759.925747307914,12759.93 zł)" computerName="DESKTOP-5URQ9PB" duration="00:00:00.0000065" startTime="2022-06-13T21:11:35.1458811+02:00" endTime="2022-06-13T21:11:35.1459502+02:00" testType="13cdc9d9-ddb5-4fa4-a97d-d965ccfc6d4b" outcome="Passed" testListId="8c84fa94-04c1-424b-9868-57a2d4851a1d" relativeResultsDirectory="66c51329-1c6f-4490-88f4-0d0b3d4d660f" />
    <UnitTestResult executionId="b4a382f7-a8aa-43d0-a3a9-04f3e9542d0c" testId="a73eb443-94d7-418d-9e86-bfc8555366e4" testName="FormatToStringTest1000 (6890.028458985514,6890.03 zł)" computerName="DESKTOP-5URQ9PB" duration="00:00:00.0000083" startTime="2022-06-13T21:11:34.8615478+02:00" endTime="2022-06-13T21:11:34.8616588+02:00" testType="13cdc9d9-ddb5-4fa4-a97d-d965ccfc6d4b" outcome="Passed" testListId="8c84fa94-04c1-424b-9868-57a2d4851a1d" relativeResultsDirectory="b4a382f7-a8aa-43d0-a3a9-04f3e9542d0c" />
    <UnitTestResult executionId="02565b27-9d37-4f6c-b42e-01e8c3776624" testId="545cceb5-c81f-441a-a7aa-efe2382685f7" testName="FormatToStringTest1000 (27506.397047390416,27506.40 zł)" computerName="DESKTOP-5URQ9PB" duration="00:00:00.0000064" startTime="2022-06-13T21:11:34.9258315+02:00" endTime="2022-06-13T21:11:34.9259003+02:00" testType="13cdc9d9-ddb5-4fa4-a97d-d965ccfc6d4b" outcome="Passed" testListId="8c84fa94-04c1-424b-9868-57a2d4851a1d" relativeResultsDirectory="02565b27-9d37-4f6c-b42e-01e8c3776624" />
    <UnitTestResult executionId="0bf29fe7-b9ca-48a7-aa10-758da703d008" testId="804805ce-0268-4746-9d57-b8e00dbb7864" testName="FormatToStringTest1000 (8885.065440211942,8885.07 zł)" computerName="DESKTOP-5URQ9PB" duration="00:00:00.0000389" startTime="2022-06-13T21:11:35.0469843+02:00" endTime="2022-06-13T21:11:35.0473977+02:00" testType="13cdc9d9-ddb5-4fa4-a97d-d965ccfc6d4b" outcome="Passed" testListId="8c84fa94-04c1-424b-9868-57a2d4851a1d" relativeResultsDirectory="0bf29fe7-b9ca-48a7-aa10-758da703d008" />
    <UnitTestResult executionId="fc24582f-2ccb-4b2b-a080-97f9444fda1f" testId="d699aa98-f627-4031-be60-46419b3b1250" testName="FormatToStringTest1000 (48084.94422955389,48084.94 zł)" computerName="DESKTOP-5URQ9PB" duration="00:00:00.0000086" startTime="2022-06-13T21:11:35.0001845+02:00" endTime="2022-06-13T21:11:35.0002724+02:00" testType="13cdc9d9-ddb5-4fa4-a97d-d965ccfc6d4b" outcome="Passed" testListId="8c84fa94-04c1-424b-9868-57a2d4851a1d" relativeResultsDirectory="fc24582f-2ccb-4b2b-a080-97f9444fda1f" />
    <UnitTestResult executionId="d6c83ad9-f8d4-495e-9273-fc9223e539ca" testId="b2a7925c-3262-4ac9-b01d-92b326973706" testName="FormatToStringTest1000 (2216.881526520886,2216.88 zł)" computerName="DESKTOP-5URQ9PB" duration="00:00:00.0000063" startTime="2022-06-13T21:11:35.1234063+02:00" endTime="2022-06-13T21:11:35.1234709+02:00" testType="13cdc9d9-ddb5-4fa4-a97d-d965ccfc6d4b" outcome="Passed" testListId="8c84fa94-04c1-424b-9868-57a2d4851a1d" relativeResultsDirectory="d6c83ad9-f8d4-495e-9273-fc9223e539ca" />
    <UnitTestResult executionId="5e7892e3-776b-47c6-9e70-eb2b109ad08b" testId="de812342-49d7-4f0e-83b5-497bd70ad2bd" testName="FormatToStringTest1000 (748.6264857065987,748.63 zł)" computerName="DESKTOP-5URQ9PB" duration="00:00:00.0000256" startTime="2022-06-13T21:11:35.0550839+02:00" endTime="2022-06-13T21:11:35.0552589+02:00" testType="13cdc9d9-ddb5-4fa4-a97d-d965ccfc6d4b" outcome="Passed" testListId="8c84fa94-04c1-424b-9868-57a2d4851a1d" relativeResultsDirectory="5e7892e3-776b-47c6-9e70-eb2b109ad08b" />
    <UnitTestResult executionId="c537d163-737d-4f55-9323-8a4c97ded3d5" testId="496577de-5ff6-487f-8dd5-e3a76db19474" testName="FormatToStringTest1000 (36320.770035296104,36320.77 zł)" computerName="DESKTOP-5URQ9PB" duration="00:00:00.0000064" startTime="2022-06-13T21:11:35.1707979+02:00" endTime="2022-06-13T21:11:35.1708652+02:00" testType="13cdc9d9-ddb5-4fa4-a97d-d965ccfc6d4b" outcome="Passed" testListId="8c84fa94-04c1-424b-9868-57a2d4851a1d" relativeResultsDirectory="c537d163-737d-4f55-9323-8a4c97ded3d5" />
    <UnitTestResult executionId="6e8b3c66-9f36-4641-95c4-ccd00f9aa735" testId="5ac8d50f-f8ea-4d9c-ace4-8b7a637c794c" testName="FormatToStringTest1000 (19882.647973500494,19882.65 zł)" computerName="DESKTOP-5URQ9PB" duration="00:00:00.0000064" startTime="2022-06-13T21:11:35.1186566+02:00" endTime="2022-06-13T21:11:35.1187219+02:00" testType="13cdc9d9-ddb5-4fa4-a97d-d965ccfc6d4b" outcome="Passed" testListId="8c84fa94-04c1-424b-9868-57a2d4851a1d" relativeResultsDirectory="6e8b3c66-9f36-4641-95c4-ccd00f9aa735" />
    <UnitTestResult executionId="f2354c2c-bc69-4209-975c-86975ae66763" testId="6ec9de5a-2c9b-43fb-b5b9-c605caf6d24b" testName="FormatToStringTest1000 (25135.10315489727,25135.10 zł)" computerName="DESKTOP-5URQ9PB" duration="00:00:00.0000064" startTime="2022-06-13T21:11:35.1375205+02:00" endTime="2022-06-13T21:11:35.1375855+02:00" testType="13cdc9d9-ddb5-4fa4-a97d-d965ccfc6d4b" outcome="Passed" testListId="8c84fa94-04c1-424b-9868-57a2d4851a1d" relativeResultsDirectory="f2354c2c-bc69-4209-975c-86975ae66763" />
    <UnitTestResult executionId="6de89fca-72b2-47cd-9f63-855a3504e148" testId="00de2e0c-e771-4edf-a2e8-931b7bc68189" testName="FormatToStringTest1000 (31300.40752580967,31300.41 zł)" computerName="DESKTOP-5URQ9PB" duration="00:00:00.0000079" startTime="2022-06-13T21:11:34.8743109+02:00" endTime="2022-06-13T21:11:34.8744029+02:00" testType="13cdc9d9-ddb5-4fa4-a97d-d965ccfc6d4b" outcome="Passed" testListId="8c84fa94-04c1-424b-9868-57a2d4851a1d" relativeResultsDirectory="6de89fca-72b2-47cd-9f63-855a3504e148" />
    <UnitTestResult executionId="e0c24263-32f6-484b-88c8-f752ff1397e3" testId="b5425219-c79f-4ae7-bea8-7601de5db839" testName="FormatToStringTest1000 (270.1894008262033,270.19 zł)" computerName="DESKTOP-5URQ9PB" duration="00:00:00.0000065" startTime="2022-06-13T21:11:35.0136527+02:00" endTime="2022-06-13T21:11:35.0137205+02:00" testType="13cdc9d9-ddb5-4fa4-a97d-d965ccfc6d4b" outcome="Passed" testListId="8c84fa94-04c1-424b-9868-57a2d4851a1d" relativeResultsDirectory="e0c24263-32f6-484b-88c8-f752ff1397e3" />
    <UnitTestResult executionId="daada6db-b86e-4bda-a5b5-a0e413b1c917" testId="dc19b3db-fe4a-45df-9987-3309037edf03" testName="FormatToStringTest1000 (9517.514896326473,9517.51 zł)" computerName="DESKTOP-5URQ9PB" duration="00:00:00.0000065" startTime="2022-06-13T21:11:35.1031949+02:00" endTime="2022-06-13T21:11:35.1032657+02:00" testType="13cdc9d9-ddb5-4fa4-a97d-d965ccfc6d4b" outcome="Passed" testListId="8c84fa94-04c1-424b-9868-57a2d4851a1d" relativeResultsDirectory="daada6db-b86e-4bda-a5b5-a0e413b1c917" />
    <UnitTestResult executionId="e7e73893-da14-4238-a395-6c3f5b0cb14e" testId="f4133250-f927-44f4-a7e8-0bd61fb97eb0" testName="FormatToStringTest1000 (5978.1197194131655,5978.12 zł)" computerName="DESKTOP-5URQ9PB" duration="00:00:00.0000065" startTime="2022-06-13T21:11:35.1905179+02:00" endTime="2022-06-13T21:11:35.1905827+02:00" testType="13cdc9d9-ddb5-4fa4-a97d-d965ccfc6d4b" outcome="Passed" testListId="8c84fa94-04c1-424b-9868-57a2d4851a1d" relativeResultsDirectory="e7e73893-da14-4238-a395-6c3f5b0cb14e" />
    <UnitTestResult executionId="c5137584-2299-40f4-83e0-d3492068796d" testId="4356ac3c-aebe-459d-9618-e422348692cf" testName="FormatToStringTest1000 (15822.278766386342,15822.28 zł)" computerName="DESKTOP-5URQ9PB" duration="00:00:00.0000070" startTime="2022-06-13T21:11:34.9865054+02:00" endTime="2022-06-13T21:11:34.9865759+02:00" testType="13cdc9d9-ddb5-4fa4-a97d-d965ccfc6d4b" outcome="Passed" testListId="8c84fa94-04c1-424b-9868-57a2d4851a1d" relativeResultsDirectory="c5137584-2299-40f4-83e0-d3492068796d" />
    <UnitTestResult executionId="5f3a96ea-946e-4085-bb06-3b450f09bee3" testId="f57b9911-c71c-4d04-8076-683d0d4ad65f" testName="FormatToStringTest1000 (17990.38119827089,17990.38 zł)" computerName="DESKTOP-5URQ9PB" duration="00:00:00.0000064" startTime="2022-06-13T21:11:34.9833939+02:00" endTime="2022-06-13T21:11:34.9834616+02:00" testType="13cdc9d9-ddb5-4fa4-a97d-d965ccfc6d4b" outcome="Passed" testListId="8c84fa94-04c1-424b-9868-57a2d4851a1d" relativeResultsDirectory="5f3a96ea-946e-4085-bb06-3b450f09bee3" />
    <UnitTestResult executionId="78249bb1-46ba-476b-97b6-9bcbb573d950" testId="c2967a59-99c6-4b1a-9b36-3e06ea3c59e2" testName="FormatToStringTest1000 (10857.521742201186,10857.52 zł)" computerName="DESKTOP-5URQ9PB" duration="00:00:00.0000101" startTime="2022-06-13T21:11:35.1461386+02:00" endTime="2022-06-13T21:11:35.1462224+02:00" testType="13cdc9d9-ddb5-4fa4-a97d-d965ccfc6d4b" outcome="Passed" testListId="8c84fa94-04c1-424b-9868-57a2d4851a1d" relativeResultsDirectory="78249bb1-46ba-476b-97b6-9bcbb573d950" />
    <UnitTestResult executionId="4494c48b-0e12-486e-8bef-b16c71df5d95" testId="b418af1c-8c0b-402e-8c81-2f5e7160fac7" testName="FormatToStringTest1000 (28068.20530246394,28068.21 zł)" computerName="DESKTOP-5URQ9PB" duration="00:00:00.0000063" startTime="2022-06-13T21:11:35.0270986+02:00" endTime="2022-06-13T21:11:35.0271662+02:00" testType="13cdc9d9-ddb5-4fa4-a97d-d965ccfc6d4b" outcome="Passed" testListId="8c84fa94-04c1-424b-9868-57a2d4851a1d" relativeResultsDirectory="4494c48b-0e12-486e-8bef-b16c71df5d95" />
    <UnitTestResult executionId="ee59132f-b6fb-4278-972e-9486b504b458" testId="0a2989f2-00b5-441d-b110-16dab99daa4a" testName="FormatToStringTest1000 (16282.687804925576,16282.69 zł)" computerName="DESKTOP-5URQ9PB" duration="00:00:00.0000064" startTime="2022-06-13T21:11:34.9131321+02:00" endTime="2022-06-13T21:11:34.9132000+02:00" testType="13cdc9d9-ddb5-4fa4-a97d-d965ccfc6d4b" outcome="Passed" testListId="8c84fa94-04c1-424b-9868-57a2d4851a1d" relativeResultsDirectory="ee59132f-b6fb-4278-972e-9486b504b458" />
    <UnitTestResult executionId="48477083-cd60-49e8-8a7f-a28010e49469" testId="65b17ce9-3930-47b1-a959-4d0f232e8aef" testName="FormatToStringTest1000 (740.3213011405064,740.32 zł)" computerName="DESKTOP-5URQ9PB" duration="00:00:00.0000063" startTime="2022-06-13T21:11:34.8586103+02:00" endTime="2022-06-13T21:11:34.8586773+02:00" testType="13cdc9d9-ddb5-4fa4-a97d-d965ccfc6d4b" outcome="Passed" testListId="8c84fa94-04c1-424b-9868-57a2d4851a1d" relativeResultsDirectory="48477083-cd60-49e8-8a7f-a28010e49469" />
    <UnitTestResult executionId="03b5e880-ccac-4104-9d24-9e52b1647c04" testId="e6e7d4d9-dba8-4ec1-90bf-4016548edf5d" testName="FormatToStringTest1000 (3270.482477338743,3270.48 zł)" computerName="DESKTOP-5URQ9PB" duration="00:00:00.0000064" startTime="2022-06-13T21:11:35.1371858+02:00" endTime="2022-06-13T21:11:35.1372516+02:00" testType="13cdc9d9-ddb5-4fa4-a97d-d965ccfc6d4b" outcome="Passed" testListId="8c84fa94-04c1-424b-9868-57a2d4851a1d" relativeResultsDirectory="03b5e880-ccac-4104-9d24-9e52b1647c04" />
    <UnitTestResult executionId="bba5b696-3579-4d2a-9399-8ecc647556a9" testId="d15de0c1-3fdc-4ea6-8868-d4567cafe0a1" testName="FormatToStringTest1000 (5022.470719070859,5022.47 zł)" computerName="DESKTOP-5URQ9PB" duration="00:00:00.0000064" startTime="2022-06-13T21:11:34.9770773+02:00" endTime="2022-06-13T21:11:34.9771445+02:00" testType="13cdc9d9-ddb5-4fa4-a97d-d965ccfc6d4b" outcome="Passed" testListId="8c84fa94-04c1-424b-9868-57a2d4851a1d" relativeResultsDirectory="bba5b696-3579-4d2a-9399-8ecc647556a9" />
    <UnitTestResult executionId="2e067ef4-02d7-41e4-a595-80f6ddd7f545" testId="740f8ebb-804a-4674-bae6-1bdd020fde9b" testName="FormatToStringTest1000 (386.358918903097,386.36 zł)" computerName="DESKTOP-5URQ9PB" duration="00:00:00.0000067" startTime="2022-06-13T21:11:34.9766461+02:00" endTime="2022-06-13T21:11:34.9767147+02:00" testType="13cdc9d9-ddb5-4fa4-a97d-d965ccfc6d4b" outcome="Passed" testListId="8c84fa94-04c1-424b-9868-57a2d4851a1d" relativeResultsDirectory="2e067ef4-02d7-41e4-a595-80f6ddd7f545" />
    <UnitTestResult executionId="e1432219-8039-479b-87c2-d0dde5d5dbcd" testId="54ef23a5-4c4b-4537-89b5-ffbfba388613" testName="FormatToStringTest1000 (63427.55325689332,63427.55 zł)" computerName="DESKTOP-5URQ9PB" duration="00:00:00.0000062" startTime="2022-06-13T21:11:35.0764955+02:00" endTime="2022-06-13T21:11:35.0765626+02:00" testType="13cdc9d9-ddb5-4fa4-a97d-d965ccfc6d4b" outcome="Passed" testListId="8c84fa94-04c1-424b-9868-57a2d4851a1d" relativeResultsDirectory="e1432219-8039-479b-87c2-d0dde5d5dbcd" />
    <UnitTestResult executionId="3d49eafa-27ac-4449-8c23-ec6dfe677423" testId="568ab65c-3601-439e-957a-9b941a54b803" testName="FormatToStringTest1000 (75214.75000876503,75214.75 zł)" computerName="DESKTOP-5URQ9PB" duration="00:00:00.0000080" startTime="2022-06-13T21:11:35.0264758+02:00" endTime="2022-06-13T21:11:35.0265641+02:00" testType="13cdc9d9-ddb5-4fa4-a97d-d965ccfc6d4b" outcome="Passed" testListId="8c84fa94-04c1-424b-9868-57a2d4851a1d" relativeResultsDirectory="3d49eafa-27ac-4449-8c23-ec6dfe677423" />
    <UnitTestResult executionId="8cf73fd6-8740-4edc-85d2-cc862c1961bb" testId="4c1e64ad-d9ef-4177-8a38-e7c6b0ec77b3" testName="FormatToStringTest1000 (7951.322730072458,7951.32 zł)" computerName="DESKTOP-5URQ9PB" duration="00:00:00.0000068" startTime="2022-06-13T21:11:34.9299467+02:00" endTime="2022-06-13T21:11:34.9300170+02:00" testType="13cdc9d9-ddb5-4fa4-a97d-d965ccfc6d4b" outcome="Passed" testListId="8c84fa94-04c1-424b-9868-57a2d4851a1d" relativeResultsDirectory="8cf73fd6-8740-4edc-85d2-cc862c1961bb" />
    <UnitTestResult executionId="987c53ab-63b8-4611-903e-ba75ff0c9b73" testId="b4f3df5d-22ed-4df5-943a-d516da4a11e2" testName="FormatToStringTest1000 (22281.48592587257,22281.49 zł)" computerName="DESKTOP-5URQ9PB" duration="00:00:00.0000126" startTime="2022-06-13T21:11:34.9764376+02:00" endTime="2022-06-13T21:11:34.9766133+02:00" testType="13cdc9d9-ddb5-4fa4-a97d-d965ccfc6d4b" outcome="Passed" testListId="8c84fa94-04c1-424b-9868-57a2d4851a1d" relativeResultsDirectory="987c53ab-63b8-4611-903e-ba75ff0c9b73" />
    <UnitTestResult executionId="57c72fc9-b66a-4db3-b0ae-0199d4940988" testId="a09fc50a-e2db-4c31-b64e-718925adc342" testName="FormatToStringTest1000 (1739.5853778997368,1739.59 zł)" computerName="DESKTOP-5URQ9PB" duration="00:00:00.0000067" startTime="2022-06-13T21:11:34.9129557+02:00" endTime="2022-06-13T21:11:34.9130264+02:00" testType="13cdc9d9-ddb5-4fa4-a97d-d965ccfc6d4b" outcome="Passed" testListId="8c84fa94-04c1-424b-9868-57a2d4851a1d" relativeResultsDirectory="57c72fc9-b66a-4db3-b0ae-0199d4940988" />
    <UnitTestResult executionId="1548edc8-f1f4-4881-97c7-36c06cad8943" testId="c2835329-e96e-40d0-a2cb-f101c26e3ec2" testName="FormatToStringTest1000 (750.5106571719566,750.51 zł)" computerName="DESKTOP-5URQ9PB" duration="00:00:00.0000064" startTime="2022-06-13T21:11:35.1806099+02:00" endTime="2022-06-13T21:11:35.1806740+02:00" testType="13cdc9d9-ddb5-4fa4-a97d-d965ccfc6d4b" outcome="Passed" testListId="8c84fa94-04c1-424b-9868-57a2d4851a1d" relativeResultsDirectory="1548edc8-f1f4-4881-97c7-36c06cad8943" />
    <UnitTestResult executionId="d0c42ddb-cf9c-4957-8214-73c1f7bfdeb5" testId="7d50c9ea-2f6a-4a6f-b227-744e02eea3b1" testName="FormatToStringTest1000 (13375.96341587415,13375.96 zł)" computerName="DESKTOP-5URQ9PB" duration="00:00:00.0000064" startTime="2022-06-13T21:11:35.1439543+02:00" endTime="2022-06-13T21:11:35.1440196+02:00" testType="13cdc9d9-ddb5-4fa4-a97d-d965ccfc6d4b" outcome="Passed" testListId="8c84fa94-04c1-424b-9868-57a2d4851a1d" relativeResultsDirectory="d0c42ddb-cf9c-4957-8214-73c1f7bfdeb5" />
    <UnitTestResult executionId="7d91d055-c21c-4fca-a109-d23e312edbab" testId="3738263a-e375-4443-91b6-9177ed3e599a" testName="FormatToStringTest1000 (5759.256266560991,5759.26 zł)" computerName="DESKTOP-5URQ9PB" duration="00:00:00.0000064" startTime="2022-06-13T21:11:35.0760321+02:00" endTime="2022-06-13T21:11:35.0761010+02:00" testType="13cdc9d9-ddb5-4fa4-a97d-d965ccfc6d4b" outcome="Passed" testListId="8c84fa94-04c1-424b-9868-57a2d4851a1d" relativeResultsDirectory="7d91d055-c21c-4fca-a109-d23e312edbab" />
    <UnitTestResult executionId="9ccba4ca-d314-48a7-b40d-f7be2f98369f" testId="d1c560dd-4776-4813-9d43-cf1d9ca9073f" testName="FormatToStringTest1000 (32216.686763396807,32216.69 zł)" computerName="DESKTOP-5URQ9PB" duration="00:00:00.0000070" startTime="2022-06-13T21:11:34.8033719+02:00" endTime="2022-06-13T21:11:34.8034507+02:00" testType="13cdc9d9-ddb5-4fa4-a97d-d965ccfc6d4b" outcome="Passed" testListId="8c84fa94-04c1-424b-9868-57a2d4851a1d" relativeResultsDirectory="9ccba4ca-d314-48a7-b40d-f7be2f98369f" />
    <UnitTestResult executionId="dc6abf77-130f-4c83-9afc-364d1009bfec" testId="be407700-eba0-4399-b12c-3406fa763194" testName="FormatToStringTest1000 (6417.5922460628635,6417.59 zł)" computerName="DESKTOP-5URQ9PB" duration="00:00:00.0000432" startTime="2022-06-13T21:11:35.0452900+02:00" endTime="2022-06-13T21:11:35.0457744+02:00" testType="13cdc9d9-ddb5-4fa4-a97d-d965ccfc6d4b" outcome="Passed" testListId="8c84fa94-04c1-424b-9868-57a2d4851a1d" relativeResultsDirectory="dc6abf77-130f-4c83-9afc-364d1009bfec" />
    <UnitTestResult executionId="3296b05e-bb62-40b5-a57d-a22897b4f30b" testId="35a2e21b-1bdc-4882-b1f6-a8c2cbfb0bf3" testName="FormatToStringTest1000 (66945.02904917022,66945.03 zł)" computerName="DESKTOP-5URQ9PB" duration="00:00:00.0000064" startTime="2022-06-13T21:11:35.1658904+02:00" endTime="2022-06-13T21:11:35.1659540+02:00" testType="13cdc9d9-ddb5-4fa4-a97d-d965ccfc6d4b" outcome="Passed" testListId="8c84fa94-04c1-424b-9868-57a2d4851a1d" relativeResultsDirectory="3296b05e-bb62-40b5-a57d-a22897b4f30b" />
    <UnitTestResult executionId="21b08cd4-ed2b-4266-8bff-59d5b1433af4" testId="fbb5938e-98c2-4b8b-bab7-87df936944fc" testName="FormatToStringTest1000 (24024.14691439557,24024.15 zł)" computerName="DESKTOP-5URQ9PB" duration="00:00:00.0000066" startTime="2022-06-13T21:11:34.9688518+02:00" endTime="2022-06-13T21:11:34.9689284+02:00" testType="13cdc9d9-ddb5-4fa4-a97d-d965ccfc6d4b" outcome="Passed" testListId="8c84fa94-04c1-424b-9868-57a2d4851a1d" relativeResultsDirectory="21b08cd4-ed2b-4266-8bff-59d5b1433af4" />
    <UnitTestResult executionId="3843d6ca-2935-4e16-9bf3-5db8f0c76116" testId="f080b045-fcb5-49bf-88ad-5d1910d59e86" testName="FormatToStringTest1000 (9994.9471861026,9994.95 zł)" computerName="DESKTOP-5URQ9PB" duration="00:00:00.0000067" startTime="2022-06-13T21:11:34.9618134+02:00" endTime="2022-06-13T21:11:34.9618851+02:00" testType="13cdc9d9-ddb5-4fa4-a97d-d965ccfc6d4b" outcome="Passed" testListId="8c84fa94-04c1-424b-9868-57a2d4851a1d" relativeResultsDirectory="3843d6ca-2935-4e16-9bf3-5db8f0c76116" />
    <UnitTestResult executionId="46503522-2ba4-41ce-82c7-c8d7e0eb14e9" testId="83f1a006-27a0-490e-a8e7-711f6870822e" testName="FormatToStringTest1000 (45887.58415794167,45887.58 zł)" computerName="DESKTOP-5URQ9PB" duration="00:00:00.0000067" startTime="2022-06-13T21:11:35.1005992+02:00" endTime="2022-06-13T21:11:35.1006668+02:00" testType="13cdc9d9-ddb5-4fa4-a97d-d965ccfc6d4b" outcome="Passed" testListId="8c84fa94-04c1-424b-9868-57a2d4851a1d" relativeResultsDirectory="46503522-2ba4-41ce-82c7-c8d7e0eb14e9" />
    <UnitTestResult executionId="431445f4-659f-4c2f-bd23-97fd492a036e" testId="74167b2a-06c3-4d3d-b573-67a6868ee8d7" testName="FormatToStringTest1000 (1741.3334432818617,1741.33 zł)" computerName="DESKTOP-5URQ9PB" duration="00:00:00.0000064" startTime="2022-06-13T21:11:34.8709473+02:00" endTime="2022-06-13T21:11:34.8710166+02:00" testType="13cdc9d9-ddb5-4fa4-a97d-d965ccfc6d4b" outcome="Passed" testListId="8c84fa94-04c1-424b-9868-57a2d4851a1d" relativeResultsDirectory="431445f4-659f-4c2f-bd23-97fd492a036e" />
    <UnitTestResult executionId="bc80d3e4-3283-4217-9118-db29df049b12" testId="5580c728-41f4-4ca1-9805-7d62029b02be" testName="FormatToStringTest1000 (9068.70019550468,9068.70 zł)" computerName="DESKTOP-5URQ9PB" duration="00:00:00.0000065" startTime="2022-06-13T21:11:34.9901359+02:00" endTime="2022-06-13T21:11:34.9902010+02:00" testType="13cdc9d9-ddb5-4fa4-a97d-d965ccfc6d4b" outcome="Passed" testListId="8c84fa94-04c1-424b-9868-57a2d4851a1d" relativeResultsDirectory="bc80d3e4-3283-4217-9118-db29df049b12" />
    <UnitTestResult executionId="2cf2b031-cec4-4cbb-a089-3b130e9fb00d" testId="7cacc733-444c-41d1-965c-cc7c9b86e12e" testName="FormatToStringTest1000 (51632.87002968503,51632.87 zł)" computerName="DESKTOP-5URQ9PB" duration="00:00:00.0000063" startTime="2022-06-13T21:11:34.9585366+02:00" endTime="2022-06-13T21:11:34.9586032+02:00" testType="13cdc9d9-ddb5-4fa4-a97d-d965ccfc6d4b" outcome="Passed" testListId="8c84fa94-04c1-424b-9868-57a2d4851a1d" relativeResultsDirectory="2cf2b031-cec4-4cbb-a089-3b130e9fb00d" />
    <UnitTestResult executionId="68f59a8a-01fd-4a42-a00f-e31db1256e50" testId="345b57f2-dd6c-4fa7-8064-376bf3da5776" testName="FormatToStringTest1000 (1181.5773122979222,1181.58 zł)" computerName="DESKTOP-5URQ9PB" duration="00:00:00.0000063" startTime="2022-06-13T21:11:35.0337664+02:00" endTime="2022-06-13T21:11:35.0338337+02:00" testType="13cdc9d9-ddb5-4fa4-a97d-d965ccfc6d4b" outcome="Passed" testListId="8c84fa94-04c1-424b-9868-57a2d4851a1d" relativeResultsDirectory="68f59a8a-01fd-4a42-a00f-e31db1256e50" />
    <UnitTestResult executionId="91e36783-dcfe-40dc-8a80-59316d5b3fb7" testId="df6dfdd3-4196-4838-b1f3-f26db6392623" testName="FormatToStringTest1000 (10397.404523554447,10397.40 zł)" computerName="DESKTOP-5URQ9PB" duration="00:00:00.0000066" startTime="2022-06-13T21:11:35.1163864+02:00" endTime="2022-06-13T21:11:35.1164537+02:00" testType="13cdc9d9-ddb5-4fa4-a97d-d965ccfc6d4b" outcome="Passed" testListId="8c84fa94-04c1-424b-9868-57a2d4851a1d" relativeResultsDirectory="91e36783-dcfe-40dc-8a80-59316d5b3fb7" />
    <UnitTestResult executionId="aa068ba2-445c-414b-bdbd-41774c013430" testId="d7c64a05-302a-451c-854e-c641fffeaa5d" testName="FormatToStringTest1000 (7671.0039663785155,7671.00 zł)" computerName="DESKTOP-5URQ9PB" duration="00:00:00.0000122" startTime="2022-06-13T21:11:35.1457013+02:00" endTime="2022-06-13T21:11:35.1458522+02:00" testType="13cdc9d9-ddb5-4fa4-a97d-d965ccfc6d4b" outcome="Passed" testListId="8c84fa94-04c1-424b-9868-57a2d4851a1d" relativeResultsDirectory="aa068ba2-445c-414b-bdbd-41774c013430" />
    <UnitTestResult executionId="bad4cb8a-ef2c-4cad-813e-706b4cc1bc2b" testId="86002dbf-5b79-4881-8e0a-28d1bb68a2e5" testName="FormatToStringTest1000 (22189.78731674132,22189.79 zł)" computerName="DESKTOP-5URQ9PB" duration="00:00:00.0000190" startTime="2022-06-13T21:11:35.0852064+02:00" endTime="2022-06-13T21:11:35.0854181+02:00" testType="13cdc9d9-ddb5-4fa4-a97d-d965ccfc6d4b" outcome="Passed" testListId="8c84fa94-04c1-424b-9868-57a2d4851a1d" relativeResultsDirectory="bad4cb8a-ef2c-4cad-813e-706b4cc1bc2b" />
    <UnitTestResult executionId="e655ff32-a66a-42c1-bb47-8a9fe3b2b1cc" testId="f9e89d28-31ef-4d90-ae43-4bf156bd959c" testName="FormatToStringTest1000 (66541.05112730109,66541.05 zł)" computerName="DESKTOP-5URQ9PB" duration="00:00:00.0000064" startTime="2022-06-13T21:11:35.2014650+02:00" endTime="2022-06-13T21:11:35.2015299+02:00" testType="13cdc9d9-ddb5-4fa4-a97d-d965ccfc6d4b" outcome="Passed" testListId="8c84fa94-04c1-424b-9868-57a2d4851a1d" relativeResultsDirectory="e655ff32-a66a-42c1-bb47-8a9fe3b2b1cc" />
    <UnitTestResult executionId="9ed9c59d-e362-4d99-9a5a-2705e706d53d" testId="255de3b1-3cf3-4601-9431-5b106aaf2abb" testName="FormatToStringTest1000 (6710.131197082871,6710.13 zł)" computerName="DESKTOP-5URQ9PB" duration="00:00:00.0000064" startTime="2022-06-13T21:11:35.1835374+02:00" endTime="2022-06-13T21:11:35.1836022+02:00" testType="13cdc9d9-ddb5-4fa4-a97d-d965ccfc6d4b" outcome="Passed" testListId="8c84fa94-04c1-424b-9868-57a2d4851a1d" relativeResultsDirectory="9ed9c59d-e362-4d99-9a5a-2705e706d53d" />
    <UnitTestResult executionId="3834cf5d-b864-4f82-9e08-71460687f8b7" testId="11a42536-70a7-4d05-adf8-6fd54c6eae01" testName="FormatToStringTest1000 (7891.960478953067,7891.96 zł)" computerName="DESKTOP-5URQ9PB" duration="00:00:00.0000063" startTime="2022-06-13T21:11:35.0173564+02:00" endTime="2022-06-13T21:11:35.0174251+02:00" testType="13cdc9d9-ddb5-4fa4-a97d-d965ccfc6d4b" outcome="Passed" testListId="8c84fa94-04c1-424b-9868-57a2d4851a1d" relativeResultsDirectory="3834cf5d-b864-4f82-9e08-71460687f8b7" />
    <UnitTestResult executionId="395b4d00-da3e-4ee9-a621-d742708342b5" testId="539bb28a-5b27-484e-8c83-83b1a99030f9" testName="FormatToStringTest1000 (68479.93492677805,68479.93 zł)" computerName="DESKTOP-5URQ9PB" duration="00:00:00.0000064" startTime="2022-06-13T21:11:35.1805289+02:00" endTime="2022-06-13T21:11:35.1805932+02:00" testType="13cdc9d9-ddb5-4fa4-a97d-d965ccfc6d4b" outcome="Passed" testListId="8c84fa94-04c1-424b-9868-57a2d4851a1d" relativeResultsDirectory="395b4d00-da3e-4ee9-a621-d742708342b5" />
    <UnitTestResult executionId="f4ddeb9a-9313-4a02-86f7-7ee80fe519e3" testId="1014676c-6a02-4fb3-bfd8-fe4b56f8c8cf" testName="FormatToStringTest1000 (22330.217605518745,22330.22 zł)" computerName="DESKTOP-5URQ9PB" duration="00:00:00.0000069" startTime="2022-06-13T21:11:35.1970733+02:00" endTime="2022-06-13T21:11:35.1971385+02:00" testType="13cdc9d9-ddb5-4fa4-a97d-d965ccfc6d4b" outcome="Passed" testListId="8c84fa94-04c1-424b-9868-57a2d4851a1d" relativeResultsDirectory="f4ddeb9a-9313-4a02-86f7-7ee80fe519e3" />
    <UnitTestResult executionId="102e1272-b20b-4ca6-8dfe-3365a388dbef" testId="b4b83454-2071-4a28-a4c3-401ee1d993f9" testName="FormatToStringTest1000 (37561.969571757116,37561.97 zł)" computerName="DESKTOP-5URQ9PB" duration="00:00:00.0000066" startTime="2022-06-13T21:11:35.0054430+02:00" endTime="2022-06-13T21:11:35.0055171+02:00" testType="13cdc9d9-ddb5-4fa4-a97d-d965ccfc6d4b" outcome="Passed" testListId="8c84fa94-04c1-424b-9868-57a2d4851a1d" relativeResultsDirectory="102e1272-b20b-4ca6-8dfe-3365a388dbef" />
    <UnitTestResult executionId="979bfbb8-93ad-4e23-86b0-5ef8a3021311" testId="ed5144b9-15c6-44f6-a7b5-43cf22e18420" testName="FormatToStringTest1000 (5108.217389855635,5108.22 zł)" computerName="DESKTOP-5URQ9PB" duration="00:00:00.0000064" startTime="2022-06-13T21:11:34.9936264+02:00" endTime="2022-06-13T21:11:34.9936940+02:00" testType="13cdc9d9-ddb5-4fa4-a97d-d965ccfc6d4b" outcome="Passed" testListId="8c84fa94-04c1-424b-9868-57a2d4851a1d" relativeResultsDirectory="979bfbb8-93ad-4e23-86b0-5ef8a3021311" />
    <UnitTestResult executionId="6a39aa4c-c9d2-421a-8ea8-7d51a51e79ae" testId="decd345a-87e6-4609-a978-12b2f7ebd4ca" testName="FormatToStringTest1000 (47575.6421269959,47575.64 zł)" computerName="DESKTOP-5URQ9PB" duration="00:00:00.0000065" startTime="2022-06-13T21:11:35.1187400+02:00" endTime="2022-06-13T21:11:35.1188033+02:00" testType="13cdc9d9-ddb5-4fa4-a97d-d965ccfc6d4b" outcome="Passed" testListId="8c84fa94-04c1-424b-9868-57a2d4851a1d" relativeResultsDirectory="6a39aa4c-c9d2-421a-8ea8-7d51a51e79ae" />
    <UnitTestResult executionId="18f9a3db-e05c-43f8-ac9d-9ef26066d82c" testId="5738b8b4-da7b-4f71-a839-2b889d580dec" testName="FormatToStringTest1000 (11584.045280779732,11584.05 zł)" computerName="DESKTOP-5URQ9PB" duration="00:00:00.0000066" startTime="2022-06-13T21:11:35.1460534+02:00" endTime="2022-06-13T21:11:35.1461213+02:00" testType="13cdc9d9-ddb5-4fa4-a97d-d965ccfc6d4b" outcome="Passed" testListId="8c84fa94-04c1-424b-9868-57a2d4851a1d" relativeResultsDirectory="18f9a3db-e05c-43f8-ac9d-9ef26066d82c" />
    <UnitTestResult executionId="7b518c73-b92a-4fb7-9259-07508dc73d38" testId="320577dc-c2dc-47ff-b29a-c70b1f58ac68" testName="FormatToStringTest1000 (13092.45389243609,13092.45 zł)" computerName="DESKTOP-5URQ9PB" duration="00:00:00.0000129" startTime="2022-06-13T21:11:35.1706057+02:00" endTime="2022-06-13T21:11:35.1707674+02:00" testType="13cdc9d9-ddb5-4fa4-a97d-d965ccfc6d4b" outcome="Passed" testListId="8c84fa94-04c1-424b-9868-57a2d4851a1d" relativeResultsDirectory="7b518c73-b92a-4fb7-9259-07508dc73d38" />
    <UnitTestResult executionId="379f50d5-c292-4354-b36c-f3b89986b95b" testId="821649df-7c05-495a-b169-782b6c7e1985" testName="FormatToStringTest1000 (28033.439084134738,28033.44 zł)" computerName="DESKTOP-5URQ9PB" duration="00:00:00.0000063" startTime="2022-06-13T21:11:35.0686613+02:00" endTime="2022-06-13T21:11:35.0687273+02:00" testType="13cdc9d9-ddb5-4fa4-a97d-d965ccfc6d4b" outcome="Passed" testListId="8c84fa94-04c1-424b-9868-57a2d4851a1d" relativeResultsDirectory="379f50d5-c292-4354-b36c-f3b89986b95b" />
    <UnitTestResult executionId="9711a421-1d5b-4610-b388-ec5079d93144" testId="29c6a06d-8371-43ef-bce7-fb9fe17686e5" testName="FormatToStringTest1000 (44930.92203801075,44930.92 zł)" computerName="DESKTOP-5URQ9PB" duration="00:00:00.0000068" startTime="2022-06-13T21:11:35.2048418+02:00" endTime="2022-06-13T21:11:35.2049109+02:00" testType="13cdc9d9-ddb5-4fa4-a97d-d965ccfc6d4b" outcome="Passed" testListId="8c84fa94-04c1-424b-9868-57a2d4851a1d" relativeResultsDirectory="9711a421-1d5b-4610-b388-ec5079d93144" />
    <UnitTestResult executionId="f550d7b8-c99f-4a53-b35c-f4111b3a1d77" testId="2c627e24-ade8-4382-bcc4-1806cdbc9ce9" testName="FormatToStringTest1000 (3195.202943510936,3195.20 zł)" computerName="DESKTOP-5URQ9PB" duration="00:00:00.0000064" startTime="2022-06-13T21:11:34.9801405+02:00" endTime="2022-06-13T21:11:34.9802070+02:00" testType="13cdc9d9-ddb5-4fa4-a97d-d965ccfc6d4b" outcome="Passed" testListId="8c84fa94-04c1-424b-9868-57a2d4851a1d" relativeResultsDirectory="f550d7b8-c99f-4a53-b35c-f4111b3a1d77" />
    <UnitTestResult executionId="44fd8060-1fff-4297-8392-e8e4df1e65af" testId="49ecdb0a-cbb2-4e42-88dd-b0cd1b00cc1c" testName="FormatToStringTest1000 (25039.088753207627,25039.09 zł)" computerName="DESKTOP-5URQ9PB" duration="00:00:00.0000071" startTime="2022-06-13T21:11:35.0884638+02:00" endTime="2022-06-13T21:11:35.0885302+02:00" testType="13cdc9d9-ddb5-4fa4-a97d-d965ccfc6d4b" outcome="Passed" testListId="8c84fa94-04c1-424b-9868-57a2d4851a1d" relativeResultsDirectory="44fd8060-1fff-4297-8392-e8e4df1e65af" />
    <UnitTestResult executionId="f5c528de-c8c8-4b07-98a6-102c97855252" testId="5b23b57a-2019-4b83-bdec-c459b36c0a7b" testName="FormatToStringTest1000 (34021.1384072961,34021.14 zł)" computerName="DESKTOP-5URQ9PB" duration="00:00:00.0000065" startTime="2022-06-13T21:11:35.2050102+02:00" endTime="2022-06-13T21:11:35.2050725+02:00" testType="13cdc9d9-ddb5-4fa4-a97d-d965ccfc6d4b" outcome="Passed" testListId="8c84fa94-04c1-424b-9868-57a2d4851a1d" relativeResultsDirectory="f5c528de-c8c8-4b07-98a6-102c97855252" />
    <UnitTestResult executionId="4e84bace-a63f-4679-b013-d90447d39b12" testId="ec4aab0b-0076-4771-becd-629382de1ff3" testName="FormatToStringTest1000 (23282.56178903047,23282.56 zł)" computerName="DESKTOP-5URQ9PB" duration="00:00:00.0000066" startTime="2022-06-13T21:11:34.9518795+02:00" endTime="2022-06-13T21:11:34.9519474+02:00" testType="13cdc9d9-ddb5-4fa4-a97d-d965ccfc6d4b" outcome="Passed" testListId="8c84fa94-04c1-424b-9868-57a2d4851a1d" relativeResultsDirectory="4e84bace-a63f-4679-b013-d90447d39b12" />
    <UnitTestResult executionId="505de1de-9f37-42e9-8575-046b180f1fac" testId="848bdca8-d340-4b88-ae52-3d2c149eab23" testName="FormatToStringTest1000 (2346.9964869427477,2347.00 zł)" computerName="DESKTOP-5URQ9PB" duration="00:00:00.0000064" startTime="2022-06-13T21:11:35.0000143+02:00" endTime="2022-06-13T21:11:35.0000815+02:00" testType="13cdc9d9-ddb5-4fa4-a97d-d965ccfc6d4b" outcome="Passed" testListId="8c84fa94-04c1-424b-9868-57a2d4851a1d" relativeResultsDirectory="505de1de-9f37-42e9-8575-046b180f1fac" />
    <UnitTestResult executionId="c1e4bf82-190e-40f9-928d-fa57adcf8744" testId="ccb79950-f370-4a76-801e-e0e9137bf88c" testName="FormatToStringTest1000 (7726.0074454499445,7726.01 zł)" computerName="DESKTOP-5URQ9PB" duration="00:00:00.0000066" startTime="2022-06-13T21:11:34.9692365+02:00" endTime="2022-06-13T21:11:34.9693118+02:00" testType="13cdc9d9-ddb5-4fa4-a97d-d965ccfc6d4b" outcome="Passed" testListId="8c84fa94-04c1-424b-9868-57a2d4851a1d" relativeResultsDirectory="c1e4bf82-190e-40f9-928d-fa57adcf8744" />
    <UnitTestResult executionId="21d86f04-2f35-453f-b65d-bf068488dfff" testId="ddb03155-ca8d-41e6-8cf8-fbe29e793f10" testName="FormatToStringTest1000 (30031.89550569323,30031.90 zł)" computerName="DESKTOP-5URQ9PB" duration="00:00:00.0000064" startTime="2022-06-13T21:11:35.0169825+02:00" endTime="2022-06-13T21:11:35.0170498+02:00" testType="13cdc9d9-ddb5-4fa4-a97d-d965ccfc6d4b" outcome="Passed" testListId="8c84fa94-04c1-424b-9868-57a2d4851a1d" relativeResultsDirectory="21d86f04-2f35-453f-b65d-bf068488dfff" />
    <UnitTestResult executionId="e7c7342e-5aed-4869-b965-9bedc1b63e82" testId="e5102e2e-d707-4c13-9ebc-c791150da93a" testName="FormatToStringTest1000 (806.960597043373,806.96 zł)" computerName="DESKTOP-5URQ9PB" duration="00:00:00.0000064" startTime="2022-06-13T21:11:35.1230730+02:00" endTime="2022-06-13T21:11:35.1231402+02:00" testType="13cdc9d9-ddb5-4fa4-a97d-d965ccfc6d4b" outcome="Passed" testListId="8c84fa94-04c1-424b-9868-57a2d4851a1d" relativeResultsDirectory="e7c7342e-5aed-4869-b965-9bedc1b63e82" />
    <UnitTestResult executionId="db7a581e-f594-4169-9a54-34abd10cb34b" testId="18933332-dd11-474f-ac72-051cfef24f83" testName="FormatToStringTest1000 (50507.0104155615,50507.01 zł)" computerName="DESKTOP-5URQ9PB" duration="00:00:00.0000158" startTime="2022-06-13T21:11:35.1828398+02:00" endTime="2022-06-13T21:11:35.1830023+02:00" testType="13cdc9d9-ddb5-4fa4-a97d-d965ccfc6d4b" outcome="Passed" testListId="8c84fa94-04c1-424b-9868-57a2d4851a1d" relativeResultsDirectory="db7a581e-f594-4169-9a54-34abd10cb34b" />
    <UnitTestResult executionId="47bad58e-90af-4ce5-9059-9a20c1e17f9a" testId="21479bb3-1042-4b45-9a11-946d7474a8aa" testName="FormatToStringTest1000 (4715.320654313695,4715.32 zł)" computerName="DESKTOP-5URQ9PB" duration="00:00:00.0000065" startTime="2022-06-13T21:11:35.0930418+02:00" endTime="2022-06-13T21:11:35.0931080+02:00" testType="13cdc9d9-ddb5-4fa4-a97d-d965ccfc6d4b" outcome="Passed" testListId="8c84fa94-04c1-424b-9868-57a2d4851a1d" relativeResultsDirectory="47bad58e-90af-4ce5-9059-9a20c1e17f9a" />
    <UnitTestResult executionId="7f4abb22-2263-4769-a9c4-85fb5f1594fa" testId="0528e109-a891-4e70-b2c7-8238903bf741" testName="FormatToStringTest1000 (11989.099505855282,11989.10 zł)" computerName="DESKTOP-5URQ9PB" duration="00:00:00.0000064" startTime="2022-06-13T21:11:35.2012041+02:00" endTime="2022-06-13T21:11:35.2012695+02:00" testType="13cdc9d9-ddb5-4fa4-a97d-d965ccfc6d4b" outcome="Passed" testListId="8c84fa94-04c1-424b-9868-57a2d4851a1d" relativeResultsDirectory="7f4abb22-2263-4769-a9c4-85fb5f1594fa" />
    <UnitTestResult executionId="fb5ec853-ff44-4a56-9606-37ad92c9265b" testId="1bf43a46-2b9c-4b84-b661-55c8e4f49be5" testName="FormatToStringTest1000 (8582.709131852587,8582.71 zł)" computerName="DESKTOP-5URQ9PB" duration="00:00:00.0000064" startTime="2022-06-13T21:11:35.1333744+02:00" endTime="2022-06-13T21:11:35.1334395+02:00" testType="13cdc9d9-ddb5-4fa4-a97d-d965ccfc6d4b" outcome="Passed" testListId="8c84fa94-04c1-424b-9868-57a2d4851a1d" relativeResultsDirectory="fb5ec853-ff44-4a56-9606-37ad92c9265b" />
    <UnitTestResult executionId="b1e73f4d-1c3f-4935-ab0c-1c52e693d818" testId="3892af4a-8656-42a8-8c5f-433b65529dbe" testName="FormatToStringTest1000 (5398.2412667191775,5398.24 zł)" computerName="DESKTOP-5URQ9PB" duration="00:00:00.0000063" startTime="2022-06-13T21:11:35.1784493+02:00" endTime="2022-06-13T21:11:35.1785139+02:00" testType="13cdc9d9-ddb5-4fa4-a97d-d965ccfc6d4b" outcome="Passed" testListId="8c84fa94-04c1-424b-9868-57a2d4851a1d" relativeResultsDirectory="b1e73f4d-1c3f-4935-ab0c-1c52e693d818" />
    <UnitTestResult executionId="6bab0dde-61e4-4d71-9fd9-d9e320a6d2fa" testId="e265cd6e-5234-4be3-8e52-47b4982f80be" testName="FormatToStringTest1000 (6809.40195803037,6809.40 zł)" computerName="DESKTOP-5URQ9PB" duration="00:00:00.0000223" startTime="2022-06-13T21:11:34.8030885+02:00" endTime="2022-06-13T21:11:34.8033299+02:00" testType="13cdc9d9-ddb5-4fa4-a97d-d965ccfc6d4b" outcome="Passed" testListId="8c84fa94-04c1-424b-9868-57a2d4851a1d" relativeResultsDirectory="6bab0dde-61e4-4d71-9fd9-d9e320a6d2fa" />
    <UnitTestResult executionId="f9ccddd2-5be1-4f2e-905e-5fb597331b7c" testId="06d94465-6b4c-48ae-a9fe-f8d4efb52221" testName="FormatToStringTest1000 (45739.569854490255,45739.57 zł)" computerName="DESKTOP-5URQ9PB" duration="00:00:00.0000065" startTime="2022-06-13T21:11:35.1584969+02:00" endTime="2022-06-13T21:11:35.1585639+02:00" testType="13cdc9d9-ddb5-4fa4-a97d-d965ccfc6d4b" outcome="Passed" testListId="8c84fa94-04c1-424b-9868-57a2d4851a1d" relativeResultsDirectory="f9ccddd2-5be1-4f2e-905e-5fb597331b7c" />
    <UnitTestResult executionId="4efde299-eb8d-42c0-9489-d55c768941ac" testId="1880b516-6b36-4451-9ff6-f612ec08861a" testName="FormatToStringTest1000 (47163.337736466594,47163.34 zł)" computerName="DESKTOP-5URQ9PB" duration="00:00:00.0000064" startTime="2022-06-13T21:11:35.1836188+02:00" endTime="2022-06-13T21:11:35.1836832+02:00" testType="13cdc9d9-ddb5-4fa4-a97d-d965ccfc6d4b" outcome="Passed" testListId="8c84fa94-04c1-424b-9868-57a2d4851a1d" relativeResultsDirectory="4efde299-eb8d-42c0-9489-d55c768941ac" />
    <UnitTestResult executionId="ab2f3959-32bf-4c0d-ad95-bcb2379367ac" testId="d38a19a5-804a-4bd4-8d48-7f34408a02b3" testName="FormatToStringTest1000 (18786.954468002055,18786.95 zł)" computerName="DESKTOP-5URQ9PB" duration="00:00:00.0000065" startTime="2022-06-13T21:11:35.0737742+02:00" endTime="2022-06-13T21:11:35.0738421+02:00" testType="13cdc9d9-ddb5-4fa4-a97d-d965ccfc6d4b" outcome="Passed" testListId="8c84fa94-04c1-424b-9868-57a2d4851a1d" relativeResultsDirectory="ab2f3959-32bf-4c0d-ad95-bcb2379367ac" />
    <UnitTestResult executionId="16e678e2-72dc-4f76-ab5d-47cadd9c3cc7" testId="617cdca7-326c-46ba-b319-1d833ef798bf" testName="FormatToStringTest1000 (3043.6828298227315,3043.68 zł)" computerName="DESKTOP-5URQ9PB" duration="00:00:00.0000075" startTime="2022-06-13T21:11:35.2065442+02:00" endTime="2022-06-13T21:11:35.2066266+02:00" testType="13cdc9d9-ddb5-4fa4-a97d-d965ccfc6d4b" outcome="Passed" testListId="8c84fa94-04c1-424b-9868-57a2d4851a1d" relativeResultsDirectory="16e678e2-72dc-4f76-ab5d-47cadd9c3cc7" />
    <UnitTestResult executionId="310a0d26-85ba-48be-9387-6b1c271db3b0" testId="c360e2bd-bb5f-4761-b5f0-b1fbde30f09d" testName="FormatToStringTest1000 (10965.74607995746,10965.75 zł)" computerName="DESKTOP-5URQ9PB" duration="00:00:00.0000074" startTime="2022-06-13T21:11:34.9023807+02:00" endTime="2022-06-13T21:11:34.9024521+02:00" testType="13cdc9d9-ddb5-4fa4-a97d-d965ccfc6d4b" outcome="Passed" testListId="8c84fa94-04c1-424b-9868-57a2d4851a1d" relativeResultsDirectory="310a0d26-85ba-48be-9387-6b1c271db3b0" />
    <UnitTestResult executionId="811e61d2-99ff-49c3-80db-f19e36a622a1" testId="3211a799-f536-4867-b30e-0858e4397502" testName="FormatToStringTest1000 (5254.6338787505565,5254.63 zł)" computerName="DESKTOP-5URQ9PB" duration="00:00:00.0000062" startTime="2022-06-13T21:11:35.1419685+02:00" endTime="2022-06-13T21:11:35.1420332+02:00" testType="13cdc9d9-ddb5-4fa4-a97d-d965ccfc6d4b" outcome="Passed" testListId="8c84fa94-04c1-424b-9868-57a2d4851a1d" relativeResultsDirectory="811e61d2-99ff-49c3-80db-f19e36a622a1" />
    <UnitTestResult executionId="9eddcb18-f70b-4909-94c9-8abb91dcad00" testId="51aa97b7-d106-48ee-a70f-4be928bbf6d5" testName="FormatToStringTest1000 (20244.692955315437,20244.69 zł)" computerName="DESKTOP-5URQ9PB" duration="00:00:00.0000064" startTime="2022-06-13T21:11:34.8713361+02:00" endTime="2022-06-13T21:11:34.8714141+02:00" testType="13cdc9d9-ddb5-4fa4-a97d-d965ccfc6d4b" outcome="Passed" testListId="8c84fa94-04c1-424b-9868-57a2d4851a1d" relativeResultsDirectory="9eddcb18-f70b-4909-94c9-8abb91dcad00" />
    <UnitTestResult executionId="a1b130cc-2499-49f0-90ab-1dd9990cc287" testId="2544c14b-b514-4a07-9b7f-7fcd975b191e" testName="FormatToStringTest1000 (68011.49219071423,68011.49 zł)" computerName="DESKTOP-5URQ9PB" duration="00:00:00.0000064" startTime="2022-06-13T21:11:35.1115005+02:00" endTime="2022-06-13T21:11:35.1115681+02:00" testType="13cdc9d9-ddb5-4fa4-a97d-d965ccfc6d4b" outcome="Passed" testListId="8c84fa94-04c1-424b-9868-57a2d4851a1d" relativeResultsDirectory="a1b130cc-2499-49f0-90ab-1dd9990cc287" />
    <UnitTestResult executionId="045cecc1-7bf3-4418-84fb-44c585bc8d09" testId="5642d7c0-87b9-42ad-a31f-dce8d43c410e" testName="FormatToStringTest1000 (14480.387652530982,14480.39 zł)" computerName="DESKTOP-5URQ9PB" duration="00:00:00.0000065" startTime="2022-06-13T21:11:34.9553130+02:00" endTime="2022-06-13T21:11:34.9553867+02:00" testType="13cdc9d9-ddb5-4fa4-a97d-d965ccfc6d4b" outcome="Passed" testListId="8c84fa94-04c1-424b-9868-57a2d4851a1d" relativeResultsDirectory="045cecc1-7bf3-4418-84fb-44c585bc8d09" />
    <UnitTestResult executionId="67a1ece6-afb3-4cd8-add7-1b4e075df11d" testId="565ca691-9a9c-4ed7-ac13-201ac79d098b" testName="FormatToStringTest1000 (8697.074631143862,8697.07 zł)" computerName="DESKTOP-5URQ9PB" duration="00:00:00.0000167" startTime="2022-06-13T21:11:35.0045179+02:00" endTime="2022-06-13T21:11:35.0047162+02:00" testType="13cdc9d9-ddb5-4fa4-a97d-d965ccfc6d4b" outcome="Passed" testListId="8c84fa94-04c1-424b-9868-57a2d4851a1d" relativeResultsDirectory="67a1ece6-afb3-4cd8-add7-1b4e075df11d" />
    <UnitTestResult executionId="9430343e-384d-4335-8f79-bcc9d76ac3f5" testId="7f065cb3-5958-4348-9abb-a65f05334817" testName="FormatToStringTest1000 (33970.38965150639,33970.39 zł)" computerName="DESKTOP-5URQ9PB" duration="00:00:00.0000066" startTime="2022-06-13T21:11:35.1437091+02:00" endTime="2022-06-13T21:11:35.1437739+02:00" testType="13cdc9d9-ddb5-4fa4-a97d-d965ccfc6d4b" outcome="Passed" testListId="8c84fa94-04c1-424b-9868-57a2d4851a1d" relativeResultsDirectory="9430343e-384d-4335-8f79-bcc9d76ac3f5" />
    <UnitTestResult executionId="b602ff4d-78ab-46c5-b9f9-a2d0798e8765" testId="7aaccbb3-9acb-4243-bfcf-fda04b0e37ce" testName="FormatToStringTest1000 (11796.576829059317,11796.58 zł)" computerName="DESKTOP-5URQ9PB" duration="00:00:00.0000068" startTime="2022-06-13T21:11:35.1583159+02:00" endTime="2022-06-13T21:11:35.1583924+02:00" testType="13cdc9d9-ddb5-4fa4-a97d-d965ccfc6d4b" outcome="Passed" testListId="8c84fa94-04c1-424b-9868-57a2d4851a1d" relativeResultsDirectory="b602ff4d-78ab-46c5-b9f9-a2d0798e8765" />
    <UnitTestResult executionId="8ba88d0f-7732-4351-85ab-bb1f7c87092f" testId="63ad9041-e6a2-416d-b20c-ce2f3a362975" testName="FormatToStringTest1000 (68698.01923441609,68698.02 zł)" computerName="DESKTOP-5URQ9PB" duration="00:00:00.0000081" startTime="2022-06-13T21:11:35.1881076+02:00" endTime="2022-06-13T21:11:35.1881951+02:00" testType="13cdc9d9-ddb5-4fa4-a97d-d965ccfc6d4b" outcome="Passed" testListId="8c84fa94-04c1-424b-9868-57a2d4851a1d" relativeResultsDirectory="8ba88d0f-7732-4351-85ab-bb1f7c87092f" />
    <UnitTestResult executionId="7d7edc2f-1859-4ddd-aeef-a11e9ebf43c1" testId="344f4bb5-9c8b-47df-a133-ea10d86d44ad" testName="FormatToStringTest1000 (10527.083945901639,10527.08 zł)" computerName="DESKTOP-5URQ9PB" duration="00:00:00.0000065" startTime="2022-06-13T21:11:35.1435449+02:00" endTime="2022-06-13T21:11:35.1436098+02:00" testType="13cdc9d9-ddb5-4fa4-a97d-d965ccfc6d4b" outcome="Passed" testListId="8c84fa94-04c1-424b-9868-57a2d4851a1d" relativeResultsDirectory="7d7edc2f-1859-4ddd-aeef-a11e9ebf43c1" />
    <UnitTestResult executionId="643786d5-02c1-4ac4-93f7-c7e3152ed213" testId="377e06b5-fff2-4325-b6c7-b07aac296328" testName="FormatToStringTest1000 (17455.15807988595,17455.16 zł)" computerName="DESKTOP-5URQ9PB" duration="00:00:00.0000065" startTime="2022-06-13T21:11:35.1539942+02:00" endTime="2022-06-13T21:11:35.1540628+02:00" testType="13cdc9d9-ddb5-4fa4-a97d-d965ccfc6d4b" outcome="Passed" testListId="8c84fa94-04c1-424b-9868-57a2d4851a1d" relativeResultsDirectory="643786d5-02c1-4ac4-93f7-c7e3152ed213" />
    <UnitTestResult executionId="3d0b9eb5-548d-40c2-858d-36513c34c09e" testId="86d86090-ddcb-4f7f-9e44-f32639997353" testName="FormatToStringTest1000 (1649.0127968480872,1649.01 zł)" computerName="DESKTOP-5URQ9PB" duration="00:00:00.0000066" startTime="2022-06-13T21:11:34.8745459+02:00" endTime="2022-06-13T21:11:34.8746260+02:00" testType="13cdc9d9-ddb5-4fa4-a97d-d965ccfc6d4b" outcome="Passed" testListId="8c84fa94-04c1-424b-9868-57a2d4851a1d" relativeResultsDirectory="3d0b9eb5-548d-40c2-858d-36513c34c09e" />
    <UnitTestResult executionId="0d8c8b27-c470-460b-ba3c-bcd150dfd784" testId="746189b5-641c-441d-b86b-176e7f5682f0" testName="FormatToStringTest1000 (464.74397441965715,464.74 zł)" computerName="DESKTOP-5URQ9PB" duration="00:00:00.0000065" startTime="2022-06-13T21:11:35.0682247+02:00" endTime="2022-06-13T21:11:35.0682936+02:00" testType="13cdc9d9-ddb5-4fa4-a97d-d965ccfc6d4b" outcome="Passed" testListId="8c84fa94-04c1-424b-9868-57a2d4851a1d" relativeResultsDirectory="0d8c8b27-c470-460b-ba3c-bcd150dfd784" />
    <UnitTestResult executionId="745bd5d7-3991-4c1c-8310-65e8d37ea6d6" testId="c3bdc180-8384-4f13-b04d-5182fa7fa45e" testName="FormatToStringTest1000 (59768.02667973611,59768.03 zł)" computerName="DESKTOP-5URQ9PB" duration="00:00:00.0000065" startTime="2022-06-13T21:11:35.0683120+02:00" endTime="2022-06-13T21:11:35.0683890+02:00" testType="13cdc9d9-ddb5-4fa4-a97d-d965ccfc6d4b" outcome="Passed" testListId="8c84fa94-04c1-424b-9868-57a2d4851a1d" relativeResultsDirectory="745bd5d7-3991-4c1c-8310-65e8d37ea6d6" />
    <UnitTestResult executionId="907867cd-040b-4d53-8c0a-62fb4522bf4c" testId="a5591bcf-a842-40c3-8eac-4f47ed9fa739" testName="FormatToStringTest1000 (64568.131500027666,64568.13 zł)" computerName="DESKTOP-5URQ9PB" duration="00:00:00.0000063" startTime="2022-06-13T21:11:35.1397673+02:00" endTime="2022-06-13T21:11:35.1398324+02:00" testType="13cdc9d9-ddb5-4fa4-a97d-d965ccfc6d4b" outcome="Passed" testListId="8c84fa94-04c1-424b-9868-57a2d4851a1d" relativeResultsDirectory="907867cd-040b-4d53-8c0a-62fb4522bf4c" />
    <UnitTestResult executionId="3ea90376-17f9-46e1-b299-8b75ba849188" testId="0781eb67-8311-426d-81d0-efce12991ff6" testName="FormatToStringTest1000 (23684.695462791573,23684.70 zł)" computerName="DESKTOP-5URQ9PB" duration="00:00:00.0000065" startTime="2022-06-13T21:11:35.1185745+02:00" endTime="2022-06-13T21:11:35.1186395+02:00" testType="13cdc9d9-ddb5-4fa4-a97d-d965ccfc6d4b" outcome="Passed" testListId="8c84fa94-04c1-424b-9868-57a2d4851a1d" relativeResultsDirectory="3ea90376-17f9-46e1-b299-8b75ba849188" />
    <UnitTestResult executionId="6b3eba31-8169-4be2-a696-0c4d4fccbb27" testId="412ac5ac-62c6-41c0-9c90-3be63c34a06f" testName="FormatToStringTest1000 (13568.230982493717,13568.23 zł)" computerName="DESKTOP-5URQ9PB" duration="00:00:00.0000063" startTime="2022-06-13T21:11:35.0860190+02:00" endTime="2022-06-13T21:11:35.0860857+02:00" testType="13cdc9d9-ddb5-4fa4-a97d-d965ccfc6d4b" outcome="Passed" testListId="8c84fa94-04c1-424b-9868-57a2d4851a1d" relativeResultsDirectory="6b3eba31-8169-4be2-a696-0c4d4fccbb27" />
    <UnitTestResult executionId="0036ea2d-0be2-46ca-b398-6944730010ef" testId="d3b527d5-b61a-454f-96cd-5087e73f3e02" testName="FormatToStringTest1000 (11922.837782177532,11922.84 zł)" computerName="DESKTOP-5URQ9PB" duration="00:00:00.0000066" startTime="2022-06-13T21:11:34.9899661+02:00" endTime="2022-06-13T21:11:34.9900334+02:00" testType="13cdc9d9-ddb5-4fa4-a97d-d965ccfc6d4b" outcome="Passed" testListId="8c84fa94-04c1-424b-9868-57a2d4851a1d" relativeResultsDirectory="0036ea2d-0be2-46ca-b398-6944730010ef" />
    <UnitTestResult executionId="749dbb5d-7851-48b9-ad63-110ba921f59a" testId="32a3c169-1f03-4d59-a77a-cf35b3087130" testName="FormatToStringTest1000 (14035.12972514477,14035.13 zł)" computerName="DESKTOP-5URQ9PB" duration="00:00:00.0000067" startTime="2022-06-13T21:11:34.9182911+02:00" endTime="2022-06-13T21:11:34.9183672+02:00" testType="13cdc9d9-ddb5-4fa4-a97d-d965ccfc6d4b" outcome="Passed" testListId="8c84fa94-04c1-424b-9868-57a2d4851a1d" relativeResultsDirectory="749dbb5d-7851-48b9-ad63-110ba921f59a" />
    <UnitTestResult executionId="6dc13804-c71a-4918-9102-6535f05897f0" testId="da4c9f42-b0e4-41a8-9a8e-c24bbee22595" testName="FormatToStringTest1000 (7202.052143613367,7202.05 zł)" computerName="DESKTOP-5URQ9PB" duration="00:00:00.0000063" startTime="2022-06-13T21:11:35.1418873+02:00" endTime="2022-06-13T21:11:35.1419520+02:00" testType="13cdc9d9-ddb5-4fa4-a97d-d965ccfc6d4b" outcome="Passed" testListId="8c84fa94-04c1-424b-9868-57a2d4851a1d" relativeResultsDirectory="6dc13804-c71a-4918-9102-6535f05897f0" />
    <UnitTestResult executionId="c84eb752-d078-4557-8aa1-401ba093a890" testId="ffb05045-4b98-4d1c-a558-dd992f07faa6" testName="FormatToStringTest1000 (89093.57120939044,89093.57 zł)" computerName="DESKTOP-5URQ9PB" duration="00:00:00.0000065" startTime="2022-06-13T21:11:35.1436266+02:00" endTime="2022-06-13T21:11:35.1436918+02:00" testType="13cdc9d9-ddb5-4fa4-a97d-d965ccfc6d4b" outcome="Passed" testListId="8c84fa94-04c1-424b-9868-57a2d4851a1d" relativeResultsDirectory="c84eb752-d078-4557-8aa1-401ba093a890" />
    <UnitTestResult executionId="79599191-5e14-434e-8f7a-16098a32b288" testId="e1c2be2a-91d4-4f4a-a965-4c34b3aebde7" testName="FormatToStringTest1000 (5287.3103648714305,5287.31 zł)" computerName="DESKTOP-5URQ9PB" duration="00:00:00.0000090" startTime="2022-06-13T21:11:34.9346740+02:00" endTime="2022-06-13T21:11:34.9347790+02:00" testType="13cdc9d9-ddb5-4fa4-a97d-d965ccfc6d4b" outcome="Passed" testListId="8c84fa94-04c1-424b-9868-57a2d4851a1d" relativeResultsDirectory="79599191-5e14-434e-8f7a-16098a32b288" />
    <UnitTestResult executionId="7a533c2f-9c44-4303-ad16-5133f20ea378" testId="8d0acc72-60f8-4249-bd9e-28b4202bf432" testName="FormatToStringTest1000 (52032.65082931176,52032.65 zł)" computerName="DESKTOP-5URQ9PB" duration="00:00:00.0000066" startTime="2022-06-13T21:11:35.2013806+02:00" endTime="2022-06-13T21:11:35.2014481+02:00" testType="13cdc9d9-ddb5-4fa4-a97d-d965ccfc6d4b" outcome="Passed" testListId="8c84fa94-04c1-424b-9868-57a2d4851a1d" relativeResultsDirectory="7a533c2f-9c44-4303-ad16-5133f20ea378" />
    <UnitTestResult executionId="1514f791-e5c1-4f0f-bfcd-860623ed47bf" testId="ae5fa781-142b-4da4-ada0-ffb1b0445b9e" testName="FormatToStringTest1000 (23548.88067407016,23548.88 zł)" computerName="DESKTOP-5URQ9PB" duration="00:00:00.0000066" startTime="2022-06-13T21:11:34.9620037+02:00" endTime="2022-06-13T21:11:34.9620778+02:00" testType="13cdc9d9-ddb5-4fa4-a97d-d965ccfc6d4b" outcome="Passed" testListId="8c84fa94-04c1-424b-9868-57a2d4851a1d" relativeResultsDirectory="1514f791-e5c1-4f0f-bfcd-860623ed47bf" />
    <UnitTestResult executionId="5eed2374-1d05-46bd-871e-695d08c4cb93" testId="604e5f8a-4d6f-4a91-9c9b-fb417bc24fe8" testName="FormatToStringTest1000 (6313.543884690639,6313.54 zł)" computerName="DESKTOP-5URQ9PB" duration="00:00:00.0000064" startTime="2022-06-13T21:11:35.0268418+02:00" endTime="2022-06-13T21:11:35.0269088+02:00" testType="13cdc9d9-ddb5-4fa4-a97d-d965ccfc6d4b" outcome="Passed" testListId="8c84fa94-04c1-424b-9868-57a2d4851a1d" relativeResultsDirectory="5eed2374-1d05-46bd-871e-695d08c4cb93" />
    <UnitTestResult executionId="cf304a0e-3dfb-4cb7-b374-423bbc6d687d" testId="ba145765-269a-41d0-89ea-87b12f617e42" testName="FormatToStringTest1000 (57564.498126061866,57564.50 zł)" computerName="DESKTOP-5URQ9PB" duration="00:00:00.0000063" startTime="2022-06-13T21:11:34.9097730+02:00" endTime="2022-06-13T21:11:34.9098406+02:00" testType="13cdc9d9-ddb5-4fa4-a97d-d965ccfc6d4b" outcome="Passed" testListId="8c84fa94-04c1-424b-9868-57a2d4851a1d" relativeResultsDirectory="cf304a0e-3dfb-4cb7-b374-423bbc6d687d" />
    <UnitTestResult executionId="ffbc4c21-4b1e-4e9c-96f4-c03503a457f3" testId="96c5f7d3-a474-43c8-ac1a-84dae052dcca" testName="FormatToStringTest1000 (49256.65708813195,49256.66 zł)" computerName="DESKTOP-5URQ9PB" duration="00:00:00.0000063" startTime="2022-06-13T21:11:35.1208775+02:00" endTime="2022-06-13T21:11:35.1209429+02:00" testType="13cdc9d9-ddb5-4fa4-a97d-d965ccfc6d4b" outcome="Passed" testListId="8c84fa94-04c1-424b-9868-57a2d4851a1d" relativeResultsDirectory="ffbc4c21-4b1e-4e9c-96f4-c03503a457f3" />
    <UnitTestResult executionId="2eaae056-47e2-4c8a-a2fb-ba0e7bf15e47" testId="1bd04f89-fee6-4034-b8c5-10da9f10053b" testName="FormatToStringTest1000 (46607.970025941715,46607.97 zł)" computerName="DESKTOP-5URQ9PB" duration="00:00:00.0000072" startTime="2022-06-13T21:11:35.0237603+02:00" endTime="2022-06-13T21:11:35.0238291+02:00" testType="13cdc9d9-ddb5-4fa4-a97d-d965ccfc6d4b" outcome="Passed" testListId="8c84fa94-04c1-424b-9868-57a2d4851a1d" relativeResultsDirectory="2eaae056-47e2-4c8a-a2fb-ba0e7bf15e47" />
    <UnitTestResult executionId="f41df2ea-c12c-44b3-8804-1330ae792711" testId="11257b89-457a-4c47-8644-491373dc2970" testName="FormatToStringTest1000 (22533.17694295811,22533.18 zł)" computerName="DESKTOP-5URQ9PB" duration="00:00:00.0000066" startTime="2022-06-13T21:11:35.1908515+02:00" endTime="2022-06-13T21:11:35.1909294+02:00" testType="13cdc9d9-ddb5-4fa4-a97d-d965ccfc6d4b" outcome="Passed" testListId="8c84fa94-04c1-424b-9868-57a2d4851a1d" relativeResultsDirectory="f41df2ea-c12c-44b3-8804-1330ae792711" />
    <UnitTestResult executionId="a9ead735-970e-452a-8deb-94df85ad698b" testId="b1d53516-e1c5-46a2-a4d0-8adaca78aa63" testName="FormatToStringTest1000 (1108.7197928823157,1108.72 zł)" computerName="DESKTOP-5URQ9PB" duration="00:00:00.0000079" startTime="2022-06-13T21:11:34.8618041+02:00" endTime="2022-06-13T21:11:34.8618956+02:00" testType="13cdc9d9-ddb5-4fa4-a97d-d965ccfc6d4b" outcome="Passed" testListId="8c84fa94-04c1-424b-9868-57a2d4851a1d" relativeResultsDirectory="a9ead735-970e-452a-8deb-94df85ad698b" />
    <UnitTestResult executionId="38511c3e-dbba-4ead-b6f7-5683bbab7766" testId="e93f834d-1d48-4a6d-a542-2f0987a4415b" testName="FormatToStringTest1000 (5611.05334835176,5611.05 zł)" computerName="DESKTOP-5URQ9PB" duration="00:00:00.0000072" startTime="2022-06-13T21:11:35.0304952+02:00" endTime="2022-06-13T21:11:35.0305608+02:00" testType="13cdc9d9-ddb5-4fa4-a97d-d965ccfc6d4b" outcome="Passed" testListId="8c84fa94-04c1-424b-9868-57a2d4851a1d" relativeResultsDirectory="38511c3e-dbba-4ead-b6f7-5683bbab7766" />
    <UnitTestResult executionId="e7e0e33b-712f-41de-a01c-55d01b9096c7" testId="11914447-b29c-4e64-93f4-e37167f08646" testName="FormatToStringTest1000 (2292.8331871111104,2292.83 zł)" computerName="DESKTOP-5URQ9PB" duration="00:00:00.0000067" startTime="2022-06-13T21:11:34.8838456+02:00" endTime="2022-06-13T21:11:34.8839286+02:00" testType="13cdc9d9-ddb5-4fa4-a97d-d965ccfc6d4b" outcome="Passed" testListId="8c84fa94-04c1-424b-9868-57a2d4851a1d" relativeResultsDirectory="e7e0e33b-712f-41de-a01c-55d01b9096c7" />
    <UnitTestResult executionId="f9bb8788-3e30-479e-93d7-8e83721d34b3" testId="e500d3f9-eeee-4792-9822-ef380c1ec1dd" testName="FormatToStringTest1000 (8644.187977380207,8644.19 zł)" computerName="DESKTOP-5URQ9PB" duration="00:00:00.0000113" startTime="2022-06-13T21:11:35.1492659+02:00" endTime="2022-06-13T21:11:35.1494197+02:00" testType="13cdc9d9-ddb5-4fa4-a97d-d965ccfc6d4b" outcome="Passed" testListId="8c84fa94-04c1-424b-9868-57a2d4851a1d" relativeResultsDirectory="f9bb8788-3e30-479e-93d7-8e83721d34b3" />
    <UnitTestResult executionId="cbc098c2-0a79-42a5-98b6-432d2d38f6d5" testId="6279f5ef-970c-4378-9b60-0c6c48c35545" testName="FormatToStringTest1000 (100.45267071130345,100.45 zł)" computerName="DESKTOP-5URQ9PB" duration="00:00:00.0000075" startTime="2022-06-13T21:11:34.9386996+02:00" endTime="2022-06-13T21:11:34.9387706+02:00" testType="13cdc9d9-ddb5-4fa4-a97d-d965ccfc6d4b" outcome="Passed" testListId="8c84fa94-04c1-424b-9868-57a2d4851a1d" relativeResultsDirectory="cbc098c2-0a79-42a5-98b6-432d2d38f6d5" />
    <UnitTestResult executionId="8432bf14-8095-49c8-a0dc-13564d5be826" testId="a115c747-4a48-4181-8f6e-eab9607bb450" testName="FormatToStringTest1000 (6665.405372488035,6665.41 zł)" computerName="DESKTOP-5URQ9PB" duration="00:00:00.0000147" startTime="2022-06-13T21:11:35.0298502+02:00" endTime="2022-06-13T21:11:35.0300247+02:00" testType="13cdc9d9-ddb5-4fa4-a97d-d965ccfc6d4b" outcome="Passed" testListId="8c84fa94-04c1-424b-9868-57a2d4851a1d" relativeResultsDirectory="8432bf14-8095-49c8-a0dc-13564d5be826" />
    <UnitTestResult executionId="8812f092-656c-432b-90d5-dccf2c532712" testId="f34ff9c2-ef8f-4595-80d4-9d211d6b30f8" testName="FormatToStringTest1000 (88489.14069749469,88489.14 zł)" computerName="DESKTOP-5URQ9PB" duration="00:00:00.0000157" startTime="2022-06-13T21:11:35.1965280+02:00" endTime="2022-06-13T21:11:35.1967071+02:00" testType="13cdc9d9-ddb5-4fa4-a97d-d965ccfc6d4b" outcome="Passed" testListId="8c84fa94-04c1-424b-9868-57a2d4851a1d" relativeResultsDirectory="8812f092-656c-432b-90d5-dccf2c532712" />
    <UnitTestResult executionId="97fe6c90-92ca-482c-b56d-92e4f9979973" testId="d3b5dce6-2787-4a22-b682-c52968cea589" testName="FormatToStringTest1000 (25084.19182667238,25084.19 zł)" computerName="DESKTOP-5URQ9PB" duration="00:00:00.0000082" startTime="2022-06-13T21:11:35.1672905+02:00" endTime="2022-06-13T21:11:35.1673799+02:00" testType="13cdc9d9-ddb5-4fa4-a97d-d965ccfc6d4b" outcome="Passed" testListId="8c84fa94-04c1-424b-9868-57a2d4851a1d" relativeResultsDirectory="97fe6c90-92ca-482c-b56d-92e4f9979973" />
    <UnitTestResult executionId="2a857a4e-8827-4871-8f93-f9c8f94ea7b9" testId="305bfb8f-621b-4a8b-96d0-279300157103" testName="FormatToStringTest1000 (33413.381276228174,33413.38 zł)" computerName="DESKTOP-5URQ9PB" duration="00:00:00.0000097" startTime="2022-06-13T21:11:35.0131565+02:00" endTime="2022-06-13T21:11:35.0132731+02:00" testType="13cdc9d9-ddb5-4fa4-a97d-d965ccfc6d4b" outcome="Passed" testListId="8c84fa94-04c1-424b-9868-57a2d4851a1d" relativeResultsDirectory="2a857a4e-8827-4871-8f93-f9c8f94ea7b9" />
    <UnitTestResult executionId="d2ceb950-179b-420f-901d-10efd1b5e8fc" testId="75604699-8291-4df1-bc19-4380528e99dd" testName="FormatToStringTest1000 (32632.105531036905,32632.11 zł)" computerName="DESKTOP-5URQ9PB" duration="00:00:00.0000069" startTime="2022-06-13T21:11:34.8477303+02:00" endTime="2022-06-13T21:11:34.8478082+02:00" testType="13cdc9d9-ddb5-4fa4-a97d-d965ccfc6d4b" outcome="Passed" testListId="8c84fa94-04c1-424b-9868-57a2d4851a1d" relativeResultsDirectory="d2ceb950-179b-420f-901d-10efd1b5e8fc" />
    <UnitTestResult executionId="c8bf0135-5f26-46a0-b96b-f1773e6a4b3c" testId="9f087dea-1cc8-4a9a-8628-61b5c3f35809" testName="FormatToStringTest1000 (5957.42161879941,5957.42 zł)" computerName="DESKTOP-5URQ9PB" duration="00:00:00.0000066" startTime="2022-06-13T21:11:35.1165543+02:00" endTime="2022-06-13T21:11:35.1166172+02:00" testType="13cdc9d9-ddb5-4fa4-a97d-d965ccfc6d4b" outcome="Passed" testListId="8c84fa94-04c1-424b-9868-57a2d4851a1d" relativeResultsDirectory="c8bf0135-5f26-46a0-b96b-f1773e6a4b3c" />
    <UnitTestResult executionId="37c3c96a-5719-446f-aed6-d07d302471c6" testId="ea4bb609-e366-4ace-b3ac-1be4f5e53746" testName="FormatToStringTest1000 (16902.50568789314,16902.51 zł)" computerName="DESKTOP-5URQ9PB" duration="00:00:00.0000063" startTime="2022-06-13T21:11:35.0335971+02:00" endTime="2022-06-13T21:11:35.0336642+02:00" testType="13cdc9d9-ddb5-4fa4-a97d-d965ccfc6d4b" outcome="Passed" testListId="8c84fa94-04c1-424b-9868-57a2d4851a1d" relativeResultsDirectory="37c3c96a-5719-446f-aed6-d07d302471c6" />
    <UnitTestResult executionId="651c5f65-b33d-400e-9a8d-0a67b6c8f51a" testId="f41fd7f5-f555-40c9-a9f0-e4a863a182dd" testName="FormatToStringTest1000 (24528.124092612474,24528.12 zł)" computerName="DESKTOP-5URQ9PB" duration="00:00:00.0000064" startTime="2022-06-13T21:11:34.9803103+02:00" endTime="2022-06-13T21:11:34.9803839+02:00" testType="13cdc9d9-ddb5-4fa4-a97d-d965ccfc6d4b" outcome="Passed" testListId="8c84fa94-04c1-424b-9868-57a2d4851a1d" relativeResultsDirectory="651c5f65-b33d-400e-9a8d-0a67b6c8f51a" />
    <UnitTestResult executionId="41097a50-302d-4ff4-9372-a8635aef3200" testId="fd76795e-4ea9-4f2b-8b69-17a3779d8d3b" testName="FormatToStringTest1000 (1676.7913981754293,1676.79 zł)" computerName="DESKTOP-5URQ9PB" duration="00:00:00.0000066" startTime="2022-06-13T21:11:35.0903433+02:00" endTime="2022-06-13T21:11:35.0904109+02:00" testType="13cdc9d9-ddb5-4fa4-a97d-d965ccfc6d4b" outcome="Passed" testListId="8c84fa94-04c1-424b-9868-57a2d4851a1d" relativeResultsDirectory="41097a50-302d-4ff4-9372-a8635aef3200" />
    <UnitTestResult executionId="ac8a59b5-bc5f-4e54-ba8d-286929fa9339" testId="a704c792-3537-444e-afdd-d9c46da98349" testName="FormatToStringTest1000 (66053.95451852398,66053.95 zł)" computerName="DESKTOP-5URQ9PB" duration="00:00:00.0000281" startTime="2022-06-13T21:11:35.0532695+02:00" endTime="2022-06-13T21:11:35.0535898+02:00" testType="13cdc9d9-ddb5-4fa4-a97d-d965ccfc6d4b" outcome="Passed" testListId="8c84fa94-04c1-424b-9868-57a2d4851a1d" relativeResultsDirectory="ac8a59b5-bc5f-4e54-ba8d-286929fa9339" />
    <UnitTestResult executionId="eeeb9f3b-39db-447e-be62-106cf3732d5b" testId="2c9ba519-dd1f-4327-94a8-0df7917d25cc" testName="FormatToStringTest1000 (19071.681252896637,19071.68 zł)" computerName="DESKTOP-5URQ9PB" duration="00:00:00.0000065" startTime="2022-06-13T21:11:35.1184070+02:00" endTime="2022-06-13T21:11:35.1184734+02:00" testType="13cdc9d9-ddb5-4fa4-a97d-d965ccfc6d4b" outcome="Passed" testListId="8c84fa94-04c1-424b-9868-57a2d4851a1d" relativeResultsDirectory="eeeb9f3b-39db-447e-be62-106cf3732d5b" />
    <UnitTestResult executionId="ff57f7b6-eb89-4609-a738-ffd7c5d5dc0e" testId="f2ffc57b-5624-4635-9ea1-7889cd15e9fb" testName="FormatToStringTest1000 (56373.35086238494,56373.35 zł)" computerName="DESKTOP-5URQ9PB" duration="00:00:00.0000064" startTime="2022-06-13T21:11:34.9931404+02:00" endTime="2022-06-13T21:11:34.9932099+02:00" testType="13cdc9d9-ddb5-4fa4-a97d-d965ccfc6d4b" outcome="Passed" testListId="8c84fa94-04c1-424b-9868-57a2d4851a1d" relativeResultsDirectory="ff57f7b6-eb89-4609-a738-ffd7c5d5dc0e" />
    <UnitTestResult executionId="9426bd33-099a-480b-867d-8385f250070d" testId="bbf1182b-ba81-4935-882a-9807046f5a12" testName="FormatToStringTest1000 (26529.10838037036,26529.11 zł)" computerName="DESKTOP-5URQ9PB" duration="00:00:00.0000074" startTime="2022-06-13T21:11:35.1875014+02:00" endTime="2022-06-13T21:11:35.1875679+02:00" testType="13cdc9d9-ddb5-4fa4-a97d-d965ccfc6d4b" outcome="Passed" testListId="8c84fa94-04c1-424b-9868-57a2d4851a1d" relativeResultsDirectory="9426bd33-099a-480b-867d-8385f250070d" />
    <UnitTestResult executionId="969f54cc-86cf-4d7f-a182-1728c477a568" testId="ed677477-51bc-4d27-a1a8-7f58c5fb8394" testName="FormatToStringTest1000 (57525.72988993569,57525.73 zł)" computerName="DESKTOP-5URQ9PB" duration="00:00:00.0000065" startTime="2022-06-13T21:11:35.0859348+02:00" endTime="2022-06-13T21:11:35.0860016+02:00" testType="13cdc9d9-ddb5-4fa4-a97d-d965ccfc6d4b" outcome="Passed" testListId="8c84fa94-04c1-424b-9868-57a2d4851a1d" relativeResultsDirectory="969f54cc-86cf-4d7f-a182-1728c477a568" />
    <UnitTestResult executionId="b597b072-eaff-450f-aacc-7544bd28e886" testId="deb698c4-eaf2-409d-83f5-df2978079d23" testName="FormatToStringTest1000 (35784.54232617307,35784.54 zł)" computerName="DESKTOP-5URQ9PB" duration="00:00:00.0000064" startTime="2022-06-13T21:11:34.8584378+02:00" endTime="2022-06-13T21:11:34.8585061+02:00" testType="13cdc9d9-ddb5-4fa4-a97d-d965ccfc6d4b" outcome="Passed" testListId="8c84fa94-04c1-424b-9868-57a2d4851a1d" relativeResultsDirectory="b597b072-eaff-450f-aacc-7544bd28e886" />
    <UnitTestResult executionId="cd982e4d-87a5-48a3-8669-93c358256ccf" testId="5a7322c6-b361-48d1-b34c-94697c00f0c2" testName="FormatToStringTest1000 (12610.563163818122,12610.56 zł)" computerName="DESKTOP-5URQ9PB" duration="00:00:00.0000066" startTime="2022-06-13T21:11:35.1708841+02:00" endTime="2022-06-13T21:11:35.1709498+02:00" testType="13cdc9d9-ddb5-4fa4-a97d-d965ccfc6d4b" outcome="Passed" testListId="8c84fa94-04c1-424b-9868-57a2d4851a1d" relativeResultsDirectory="cd982e4d-87a5-48a3-8669-93c358256ccf" />
    <UnitTestResult executionId="a95b73fe-5ab1-4eee-9477-02960eed0402" testId="4bfbe338-705e-4e6a-b9ae-ded7c1ff567c" testName="FormatToStringTest1000 (964.9678631783313,964.97 zł)" computerName="DESKTOP-5URQ9PB" duration="00:00:00.0000065" startTime="2022-06-13T21:11:34.9656713+02:00" endTime="2022-06-13T21:11:34.9657452+02:00" testType="13cdc9d9-ddb5-4fa4-a97d-d965ccfc6d4b" outcome="Passed" testListId="8c84fa94-04c1-424b-9868-57a2d4851a1d" relativeResultsDirectory="a95b73fe-5ab1-4eee-9477-02960eed0402" />
    <UnitTestResult executionId="182dfdd1-ff17-4df0-adf7-6e7c2ff44f8f" testId="f30d071c-f51f-45bc-a590-8a6c4a454d77" testName="FormatToStringTest1000 (22291.653251342315,22291.65 zł)" computerName="DESKTOP-5URQ9PB" duration="00:00:00.0000117" startTime="2022-06-13T21:11:34.8517135+02:00" endTime="2022-06-13T21:11:34.8518610+02:00" testType="13cdc9d9-ddb5-4fa4-a97d-d965ccfc6d4b" outcome="Passed" testListId="8c84fa94-04c1-424b-9868-57a2d4851a1d" relativeResultsDirectory="182dfdd1-ff17-4df0-adf7-6e7c2ff44f8f" />
    <UnitTestResult executionId="87f9d36c-0a18-4a0c-bd16-2bb88f9d9a26" testId="efc558ba-c422-4058-9bff-06f3b19c9a44" testName="FormatToStringTest1000 (11.555284778846096,11.56 zł)" computerName="DESKTOP-5URQ9PB" duration="00:00:00.0000064" startTime="2022-06-13T21:11:35.1615694+02:00" endTime="2022-06-13T21:11:35.1616365+02:00" testType="13cdc9d9-ddb5-4fa4-a97d-d965ccfc6d4b" outcome="Passed" testListId="8c84fa94-04c1-424b-9868-57a2d4851a1d" relativeResultsDirectory="87f9d36c-0a18-4a0c-bd16-2bb88f9d9a26" />
    <UnitTestResult executionId="057f9a44-7d3a-412a-b3b3-ab78f9a809df" testId="20d90d87-e2ac-4a18-9864-45a120cdc50b" testName="FormatToStringTest1000 (26174.290999793586,26174.29 zł)" computerName="DESKTOP-5URQ9PB" duration="00:00:00.0000066" startTime="2022-06-13T21:11:35.1587506+02:00" endTime="2022-06-13T21:11:35.1588174+02:00" testType="13cdc9d9-ddb5-4fa4-a97d-d965ccfc6d4b" outcome="Passed" testListId="8c84fa94-04c1-424b-9868-57a2d4851a1d" relativeResultsDirectory="057f9a44-7d3a-412a-b3b3-ab78f9a809df" />
    <UnitTestResult executionId="24e2ba00-5e7c-4065-8a43-04e3a18a8c31" testId="83978624-2ee7-4e8e-bff1-f2dc9ec57446" testName="FormatToStringTest1000 (25116.590135570892,25116.59 zł)" computerName="DESKTOP-5URQ9PB" duration="00:00:00.0000133" startTime="2022-06-13T21:11:34.9932277+02:00" endTime="2022-06-13T21:11:34.9933092+02:00" testType="13cdc9d9-ddb5-4fa4-a97d-d965ccfc6d4b" outcome="Passed" testListId="8c84fa94-04c1-424b-9868-57a2d4851a1d" relativeResultsDirectory="24e2ba00-5e7c-4065-8a43-04e3a18a8c31" />
    <UnitTestResult executionId="5009cae9-428c-4ae7-ae48-1c60f46e0335" testId="4ccf0c8a-6175-44f5-8a3f-e924f0cbc61e" testName="FormatToStringTest1000 (1228.101744225296,1228.10 zł)" computerName="DESKTOP-5URQ9PB" duration="00:00:00.0000064" startTime="2022-06-13T21:11:35.1188201+02:00" endTime="2022-06-13T21:11:35.1188845+02:00" testType="13cdc9d9-ddb5-4fa4-a97d-d965ccfc6d4b" outcome="Passed" testListId="8c84fa94-04c1-424b-9868-57a2d4851a1d" relativeResultsDirectory="5009cae9-428c-4ae7-ae48-1c60f46e0335" />
    <UnitTestResult executionId="18a40341-beec-4a0c-92d3-c5ef12b84881" testId="93a2a3f2-c587-4895-97a3-d7c02a978b7a" testName="FormatToStringTest1000 (28080.92507087669,28080.93 zł)" computerName="DESKTOP-5URQ9PB" duration="00:00:00.0000064" startTime="2022-06-13T21:11:35.1752365+02:00" endTime="2022-06-13T21:11:35.1753015+02:00" testType="13cdc9d9-ddb5-4fa4-a97d-d965ccfc6d4b" outcome="Passed" testListId="8c84fa94-04c1-424b-9868-57a2d4851a1d" relativeResultsDirectory="18a40341-beec-4a0c-92d3-c5ef12b84881" />
    <UnitTestResult executionId="0aa37ef6-fbdf-4cdd-856a-bc0e3cda8d2d" testId="9a626038-1b8b-4637-895c-9201ee2ccfa3" testName="FormatToStringTest1000 (54304.07738935393,54304.08 zł)" computerName="DESKTOP-5URQ9PB" duration="00:00:00.0000071" startTime="2022-06-13T21:11:35.2015467+02:00" endTime="2022-06-13T21:11:35.2016116+02:00" testType="13cdc9d9-ddb5-4fa4-a97d-d965ccfc6d4b" outcome="Passed" testListId="8c84fa94-04c1-424b-9868-57a2d4851a1d" relativeResultsDirectory="0aa37ef6-fbdf-4cdd-856a-bc0e3cda8d2d" />
    <UnitTestResult executionId="fa53797b-2bb2-40fc-bd69-6b36b9d6513c" testId="a106025b-a401-4484-8d3a-f9f8c673ccc9" testName="FormatToStringTest1000 (5855.75080885354,5855.75 zł)" computerName="DESKTOP-5URQ9PB" duration="00:00:00.0000064" startTime="2022-06-13T21:11:35.1289766+02:00" endTime="2022-06-13T21:11:35.1290401+02:00" testType="13cdc9d9-ddb5-4fa4-a97d-d965ccfc6d4b" outcome="Passed" testListId="8c84fa94-04c1-424b-9868-57a2d4851a1d" relativeResultsDirectory="fa53797b-2bb2-40fc-bd69-6b36b9d6513c" />
    <UnitTestResult executionId="e315f068-2ec4-4f74-8f9a-9adf721a7440" testId="53401f81-5699-4be0-96dc-110b5e2a05e0" testName="FormatToStringTest1000 (21602.417596116393,21602.42 zł)" computerName="DESKTOP-5URQ9PB" duration="00:00:00.0000064" startTime="2022-06-13T21:11:34.9183865+02:00" endTime="2022-06-13T21:11:34.9184551+02:00" testType="13cdc9d9-ddb5-4fa4-a97d-d965ccfc6d4b" outcome="Passed" testListId="8c84fa94-04c1-424b-9868-57a2d4851a1d" relativeResultsDirectory="e315f068-2ec4-4f74-8f9a-9adf721a7440" />
    <UnitTestResult executionId="20396c19-be18-4ffb-8066-a796a9e177b0" testId="df50bd9f-794e-4176-91ae-799314bc7885" testName="FormatToStringTest1000 (37866.43836050967,37866.44 zł)" computerName="DESKTOP-5URQ9PB" duration="00:00:00.0000063" startTime="2022-06-13T21:11:34.9866793+02:00" endTime="2022-06-13T21:11:34.9867468+02:00" testType="13cdc9d9-ddb5-4fa4-a97d-d965ccfc6d4b" outcome="Passed" testListId="8c84fa94-04c1-424b-9868-57a2d4851a1d" relativeResultsDirectory="20396c19-be18-4ffb-8066-a796a9e177b0" />
    <UnitTestResult executionId="a192a30e-7258-44a4-b2ec-fca07de17223" testId="2a8fa038-8979-46bf-9d10-b6d6d042e431" testName="FormatToStringTest1000 (28455.229970996843,28455.23 zł)" computerName="DESKTOP-5URQ9PB" duration="00:00:00.0000065" startTime="2022-06-13T21:11:35.1498855+02:00" endTime="2022-06-13T21:11:35.1499542+02:00" testType="13cdc9d9-ddb5-4fa4-a97d-d965ccfc6d4b" outcome="Passed" testListId="8c84fa94-04c1-424b-9868-57a2d4851a1d" relativeResultsDirectory="a192a30e-7258-44a4-b2ec-fca07de17223" />
    <UnitTestResult executionId="744e5876-7e4e-4a4e-bd01-7d509b60caf6" testId="6dc2af76-d788-4b61-b61a-815047bc1f22" testName="FormatToStringTest1000 (3646.857719214101,3646.86 zł)" computerName="DESKTOP-5URQ9PB" duration="00:00:00.0000349" startTime="2022-06-13T21:11:35.0474712+02:00" endTime="2022-06-13T21:11:35.0478514+02:00" testType="13cdc9d9-ddb5-4fa4-a97d-d965ccfc6d4b" outcome="Passed" testListId="8c84fa94-04c1-424b-9868-57a2d4851a1d" relativeResultsDirectory="744e5876-7e4e-4a4e-bd01-7d509b60caf6" />
    <UnitTestResult executionId="73bfbd8e-71c2-4657-8a5a-672390aff23d" testId="b830c3d4-92f4-41fe-bbe9-2f8cd88d5c69" testName="FormatToStringTest1000 (33251.41907856028,33251.42 zł)" computerName="DESKTOP-5URQ9PB" duration="00:00:00.0000064" startTime="2022-06-13T21:11:34.9029840+02:00" endTime="2022-06-13T21:11:34.9030527+02:00" testType="13cdc9d9-ddb5-4fa4-a97d-d965ccfc6d4b" outcome="Passed" testListId="8c84fa94-04c1-424b-9868-57a2d4851a1d" relativeResultsDirectory="73bfbd8e-71c2-4657-8a5a-672390aff23d" />
    <UnitTestResult executionId="a0d94f88-3a3c-42a2-9fdc-2a9f46a031b8" testId="aad1b9b1-f963-413a-b66a-69748f67a228" testName="FormatToStringTest1000 (7789.7136237517525,7789.71 zł)" computerName="DESKTOP-5URQ9PB" duration="00:00:00.0000220" startTime="2022-06-13T21:11:34.8664876+02:00" endTime="2022-06-13T21:11:34.8667444+02:00" testType="13cdc9d9-ddb5-4fa4-a97d-d965ccfc6d4b" outcome="Passed" testListId="8c84fa94-04c1-424b-9868-57a2d4851a1d" relativeResultsDirectory="a0d94f88-3a3c-42a2-9fdc-2a9f46a031b8" />
    <UnitTestResult executionId="eec4382a-1349-4e45-9f69-3e428af11359" testId="2b9ae4ea-3cbf-4156-9a42-30d1750a26c4" testName="FormatToStringTest1000 (46166.38051381259,46166.38 zł)" computerName="DESKTOP-5URQ9PB" duration="00:00:00.0000064" startTime="2022-06-13T21:11:34.9830445+02:00" endTime="2022-06-13T21:11:34.9831134+02:00" testType="13cdc9d9-ddb5-4fa4-a97d-d965ccfc6d4b" outcome="Passed" testListId="8c84fa94-04c1-424b-9868-57a2d4851a1d" relativeResultsDirectory="eec4382a-1349-4e45-9f69-3e428af11359" />
    <UnitTestResult executionId="08001ac5-c822-44d6-9db6-7511dee8e908" testId="e20cdd5c-a85b-4b12-aaa8-ef4fb3714119" testName="FormatToStringTest1000 (4919.073526169674,4919.07 zł)" computerName="DESKTOP-5URQ9PB" duration="00:00:00.0000071" startTime="2022-06-13T21:11:34.9554908+02:00" endTime="2022-06-13T21:11:34.9555585+02:00" testType="13cdc9d9-ddb5-4fa4-a97d-d965ccfc6d4b" outcome="Passed" testListId="8c84fa94-04c1-424b-9868-57a2d4851a1d" relativeResultsDirectory="08001ac5-c822-44d6-9db6-7511dee8e908" />
    <UnitTestResult executionId="3d1d2c4c-b84a-4793-a052-0b0250e32766" testId="6c3c93d9-6c54-419f-a68a-8aba8ec4c532" testName="FormatToStringTest1000 (15639.704937780603,15639.70 zł)" computerName="DESKTOP-5URQ9PB" duration="00:00:00.0000078" startTime="2022-06-13T21:11:34.8667921+02:00" endTime="2022-06-13T21:11:34.8668970+02:00" testType="13cdc9d9-ddb5-4fa4-a97d-d965ccfc6d4b" outcome="Passed" testListId="8c84fa94-04c1-424b-9868-57a2d4851a1d" relativeResultsDirectory="3d1d2c4c-b84a-4793-a052-0b0250e32766" />
    <UnitTestResult executionId="14a5d204-18ac-4c1d-9a1d-4c2ef14a2610" testId="997d5832-6c27-434f-bbe3-33e770a846b9" testName="FormatToStringTest1000 (29845.02749849345,29845.03 zł)" computerName="DESKTOP-5URQ9PB" duration="00:00:00.0000067" startTime="2022-06-13T21:11:34.9622840+02:00" endTime="2022-06-13T21:11:34.9623636+02:00" testType="13cdc9d9-ddb5-4fa4-a97d-d965ccfc6d4b" outcome="Passed" testListId="8c84fa94-04c1-424b-9868-57a2d4851a1d" relativeResultsDirectory="14a5d204-18ac-4c1d-9a1d-4c2ef14a2610" />
    <UnitTestResult executionId="06519e2e-fd62-43d7-8c09-fa18c3309e2c" testId="aaac5167-1752-445b-a273-ed6644b7dfb6" testName="FormatToStringTest1000 (8908.080586221107,8908.08 zł)" computerName="DESKTOP-5URQ9PB" duration="00:00:00.0000070" startTime="2022-06-13T21:11:34.9293031+02:00" endTime="2022-06-13T21:11:34.9293862+02:00" testType="13cdc9d9-ddb5-4fa4-a97d-d965ccfc6d4b" outcome="Passed" testListId="8c84fa94-04c1-424b-9868-57a2d4851a1d" relativeResultsDirectory="06519e2e-fd62-43d7-8c09-fa18c3309e2c" />
    <UnitTestResult executionId="6439c353-2727-4a0d-ba81-d0837c0ecae6" testId="4cbf0f0d-f903-4efc-88c5-3bbefbc02bb9" testName="FormatToStringTest1000 (181.3640542483721,181.36 zł)" computerName="DESKTOP-5URQ9PB" duration="00:00:00.0000064" startTime="2022-06-13T21:11:35.1541652+02:00" endTime="2022-06-13T21:11:35.1542326+02:00" testType="13cdc9d9-ddb5-4fa4-a97d-d965ccfc6d4b" outcome="Passed" testListId="8c84fa94-04c1-424b-9868-57a2d4851a1d" relativeResultsDirectory="6439c353-2727-4a0d-ba81-d0837c0ecae6" />
    <UnitTestResult executionId="65baeb31-f50c-4648-84e8-327b2830b7cf" testId="dc782a20-e521-4c16-9ef9-5c00bd1cea59" testName="FormatToStringTest1000 (21996.80326662576,21996.80 zł)" computerName="DESKTOP-5URQ9PB" duration="00:00:00.0000133" startTime="2022-06-13T21:11:35.2012864+02:00" endTime="2022-06-13T21:11:35.2013614+02:00" testType="13cdc9d9-ddb5-4fa4-a97d-d965ccfc6d4b" outcome="Passed" testListId="8c84fa94-04c1-424b-9868-57a2d4851a1d" relativeResultsDirectory="65baeb31-f50c-4648-84e8-327b2830b7cf" />
    <UnitTestResult executionId="cf722199-d9cc-4620-bfdb-9d5ef63cc380" testId="b1054dc1-1971-45dc-9152-0bb1a552e3ec" testName="FormatToStringTest1000 (49256.47455728635,49256.47 zł)" computerName="DESKTOP-5URQ9PB" duration="00:00:00.0000065" startTime="2022-06-13T21:11:35.1989967+02:00" endTime="2022-06-13T21:11:35.1990628+02:00" testType="13cdc9d9-ddb5-4fa4-a97d-d965ccfc6d4b" outcome="Passed" testListId="8c84fa94-04c1-424b-9868-57a2d4851a1d" relativeResultsDirectory="cf722199-d9cc-4620-bfdb-9d5ef63cc380" />
    <UnitTestResult executionId="61a3859e-19fa-4d06-9fa7-e929d4c8536b" testId="2a98a720-e3a9-4419-8760-cfbd11a7040d" testName="FormatToStringTest1000 (4823.904478896365,4823.90 zł)" computerName="DESKTOP-5URQ9PB" duration="00:00:00.0000066" startTime="2022-06-13T21:11:35.1206900+02:00" endTime="2022-06-13T21:11:35.1207573+02:00" testType="13cdc9d9-ddb5-4fa4-a97d-d965ccfc6d4b" outcome="Passed" testListId="8c84fa94-04c1-424b-9868-57a2d4851a1d" relativeResultsDirectory="61a3859e-19fa-4d06-9fa7-e929d4c8536b" />
    <UnitTestResult executionId="43f25266-ae53-4fcc-8e61-6d1b41fde0b3" testId="bdbe3a09-0336-4b8e-9e97-42132b9a8fa5" testName="FormatToStringTest1000 (10457.593086045978,10457.59 zł)" computerName="DESKTOP-5URQ9PB" duration="00:00:00.0000173" startTime="2022-06-13T21:11:35.0646092+02:00" endTime="2022-06-13T21:11:35.0648092+02:00" testType="13cdc9d9-ddb5-4fa4-a97d-d965ccfc6d4b" outcome="Passed" testListId="8c84fa94-04c1-424b-9868-57a2d4851a1d" relativeResultsDirectory="43f25266-ae53-4fcc-8e61-6d1b41fde0b3" />
    <UnitTestResult executionId="23e629c1-34c4-49dc-81b3-7aaac9a0647e" testId="de7aa66a-2f9f-4c4c-b2ff-82a800b5a642" testName="FormatToStringTest1000 (1896.1704506483723,1896.17 zł)" computerName="DESKTOP-5URQ9PB" duration="00:00:00.0000065" startTime="2022-06-13T21:11:34.9691362+02:00" endTime="2022-06-13T21:11:34.9692129+02:00" testType="13cdc9d9-ddb5-4fa4-a97d-d965ccfc6d4b" outcome="Passed" testListId="8c84fa94-04c1-424b-9868-57a2d4851a1d" relativeResultsDirectory="23e629c1-34c4-49dc-81b3-7aaac9a0647e" />
    <UnitTestResult executionId="4a93d548-303b-4362-a503-592a1df0def5" testId="e93b1844-74e2-4ee6-b69d-bd9655f232d0" testName="FormatToStringTest1000 (11022.594234092438,11022.59 zł)" computerName="DESKTOP-5URQ9PB" duration="00:00:00.0000063" startTime="2022-06-13T21:11:34.9970657+02:00" endTime="2022-06-13T21:11:34.9971334+02:00" testType="13cdc9d9-ddb5-4fa4-a97d-d965ccfc6d4b" outcome="Passed" testListId="8c84fa94-04c1-424b-9868-57a2d4851a1d" relativeResultsDirectory="4a93d548-303b-4362-a503-592a1df0def5" />
    <UnitTestResult executionId="e15c3fc6-69c2-492c-b5f3-35fdfae08a19" testId="7ccc89c4-ec55-476f-b9f5-128608cc6902" testName="FormatToStringTest1000 (28972.23604401212,28972.24 zł)" computerName="DESKTOP-5URQ9PB" duration="00:00:00.0000065" startTime="2022-06-13T21:11:35.1031030+02:00" endTime="2022-06-13T21:11:35.1031782+02:00" testType="13cdc9d9-ddb5-4fa4-a97d-d965ccfc6d4b" outcome="Passed" testListId="8c84fa94-04c1-424b-9868-57a2d4851a1d" relativeResultsDirectory="e15c3fc6-69c2-492c-b5f3-35fdfae08a19" />
    <UnitTestResult executionId="43b58d95-e8e1-46d8-94d5-0419c9d84dc6" testId="13898352-c714-4e04-b9b7-58c7e4c5fa3f" testName="FormatToStringTest1000 (51300.77891898145,51300.78 zł)" computerName="DESKTOP-5URQ9PB" duration="00:00:00.0000063" startTime="2022-06-13T21:11:35.0928752+02:00" endTime="2022-06-13T21:11:35.0929410+02:00" testType="13cdc9d9-ddb5-4fa4-a97d-d965ccfc6d4b" outcome="Passed" testListId="8c84fa94-04c1-424b-9868-57a2d4851a1d" relativeResultsDirectory="43b58d95-e8e1-46d8-94d5-0419c9d84dc6" />
    <UnitTestResult executionId="8e5f75fc-cab1-4435-9579-ad1692d872e8" testId="b4002620-d59f-4f97-84ee-4dc352f44fc2" testName="FormatToStringTest1000 (30126.012320622805,30126.01 zł)" computerName="DESKTOP-5URQ9PB" duration="00:00:00.0000064" startTime="2022-06-13T21:11:34.9024701+02:00" endTime="2022-06-13T21:11:34.9025382+02:00" testType="13cdc9d9-ddb5-4fa4-a97d-d965ccfc6d4b" outcome="Passed" testListId="8c84fa94-04c1-424b-9868-57a2d4851a1d" relativeResultsDirectory="8e5f75fc-cab1-4435-9579-ad1692d872e8" />
    <UnitTestResult executionId="2c9fbce9-1d69-4800-b35c-5b04085f7aa8" testId="88d2f738-1876-4f9d-a381-caa27a1af0a1" testName="FormatToStringTest1000 (11175.438820935526,11175.44 zł)" computerName="DESKTOP-5URQ9PB" duration="00:00:00.0000094" startTime="2022-06-13T21:11:34.9341393+02:00" endTime="2022-06-13T21:11:34.9342439+02:00" testType="13cdc9d9-ddb5-4fa4-a97d-d965ccfc6d4b" outcome="Passed" testListId="8c84fa94-04c1-424b-9868-57a2d4851a1d" relativeResultsDirectory="2c9fbce9-1d69-4800-b35c-5b04085f7aa8" />
    <UnitTestResult executionId="7dfac6a7-3e80-4f06-b7f5-26c1fb2ca4f4" testId="79486532-02fc-48ad-8725-08b587e01a50" testName="FormatToStringTest1000 (35967.54466809684,35967.54 zł)" computerName="DESKTOP-5URQ9PB" duration="00:00:00.0000064" startTime="2022-06-13T21:11:35.1309038+02:00" endTime="2022-06-13T21:11:35.1309702+02:00" testType="13cdc9d9-ddb5-4fa4-a97d-d965ccfc6d4b" outcome="Passed" testListId="8c84fa94-04c1-424b-9868-57a2d4851a1d" relativeResultsDirectory="7dfac6a7-3e80-4f06-b7f5-26c1fb2ca4f4" />
    <UnitTestResult executionId="7c3c1b26-79af-402f-a89e-f6fc4fa695a7" testId="d7441ca2-6396-4df4-86f0-ed0777af0be9" testName="FormatToStringTest1000 (25990.318498101697,25990.32 zł)" computerName="DESKTOP-5URQ9PB" duration="00:00:00.0000063" startTime="2022-06-13T21:11:34.8708595+02:00" endTime="2022-06-13T21:11:34.8709288+02:00" testType="13cdc9d9-ddb5-4fa4-a97d-d965ccfc6d4b" outcome="Passed" testListId="8c84fa94-04c1-424b-9868-57a2d4851a1d" relativeResultsDirectory="7c3c1b26-79af-402f-a89e-f6fc4fa695a7" />
    <UnitTestResult executionId="e174c313-87a7-4f68-a67f-2ad67783cf3c" testId="4c286c67-4c54-4f38-943e-1d3afff52e41" testName="FormatToStringTest1000 (1328.353302088265,1328.35 zł)" computerName="DESKTOP-5URQ9PB" duration="00:00:00.0000065" startTime="2022-06-13T21:11:35.0269267+02:00" endTime="2022-06-13T21:11:35.0269945+02:00" testType="13cdc9d9-ddb5-4fa4-a97d-d965ccfc6d4b" outcome="Passed" testListId="8c84fa94-04c1-424b-9868-57a2d4851a1d" relativeResultsDirectory="e174c313-87a7-4f68-a67f-2ad67783cf3c" />
    <UnitTestResult executionId="f74fea1e-b4e2-4061-9325-ce260c27d94c" testId="da63d122-6366-4d2a-aba5-72a82d038176" testName="FormatToStringTest1000 (577.6071367564645,577.61 zł)" computerName="DESKTOP-5URQ9PB" duration="00:00:00.0000064" startTime="2022-06-13T21:11:35.1755775+02:00" endTime="2022-06-13T21:11:35.1756424+02:00" testType="13cdc9d9-ddb5-4fa4-a97d-d965ccfc6d4b" outcome="Passed" testListId="8c84fa94-04c1-424b-9868-57a2d4851a1d" relativeResultsDirectory="f74fea1e-b4e2-4061-9325-ce260c27d94c" />
    <UnitTestResult executionId="836a9ac4-0733-4d3d-8e16-cfa3ea1f1081" testId="7cce7b28-4e8c-43b2-a471-5b1c9063f122" testName="FormatToStringTest1000 (37.631227987646696,37.63 zł)" computerName="DESKTOP-5URQ9PB" duration="00:00:00.0000064" startTime="2022-06-13T21:11:35.1713816+02:00" endTime="2022-06-13T21:11:35.1714463+02:00" testType="13cdc9d9-ddb5-4fa4-a97d-d965ccfc6d4b" outcome="Passed" testListId="8c84fa94-04c1-424b-9868-57a2d4851a1d" relativeResultsDirectory="836a9ac4-0733-4d3d-8e16-cfa3ea1f1081" />
    <UnitTestResult executionId="15241089-9290-4b14-a181-83b3c8fd6599" testId="bdd2333a-65fc-4f9c-b6d5-d6d2368f1b5a" testName="FormatToStringTest1000 (3799.9216302064815,3799.92 zł)" computerName="DESKTOP-5URQ9PB" duration="00:00:00.0000066" startTime="2022-06-13T21:11:34.9903029+02:00" endTime="2022-06-13T21:11:34.9903775+02:00" testType="13cdc9d9-ddb5-4fa4-a97d-d965ccfc6d4b" outcome="Passed" testListId="8c84fa94-04c1-424b-9868-57a2d4851a1d" relativeResultsDirectory="15241089-9290-4b14-a181-83b3c8fd6599" />
    <UnitTestResult executionId="aa33e419-9d9a-48e3-83fd-e4ec339230d1" testId="649d8802-4148-48e8-a986-d210efde4219" testName="FormatToStringTest1000 (64210.358316209335,64210.36 zł)" computerName="DESKTOP-5URQ9PB" duration="00:00:00.0000067" startTime="2022-06-13T21:11:34.8883467+02:00" endTime="2022-06-13T21:11:34.8884265+02:00" testType="13cdc9d9-ddb5-4fa4-a97d-d965ccfc6d4b" outcome="Passed" testListId="8c84fa94-04c1-424b-9868-57a2d4851a1d" relativeResultsDirectory="aa33e419-9d9a-48e3-83fd-e4ec339230d1" />
    <UnitTestResult executionId="48d2ef7b-57ad-45c0-9675-39f87d386cb7" testId="0ccb97bd-d001-4e26-8210-e89b67f77e76" testName="FormatToStringTest1000 (9151.103070427245,9151.10 zł)" computerName="DESKTOP-5URQ9PB" duration="00:00:00.0000067" startTime="2022-06-13T21:11:35.1973187+02:00" endTime="2022-06-13T21:11:35.1973961+02:00" testType="13cdc9d9-ddb5-4fa4-a97d-d965ccfc6d4b" outcome="Passed" testListId="8c84fa94-04c1-424b-9868-57a2d4851a1d" relativeResultsDirectory="48d2ef7b-57ad-45c0-9675-39f87d386cb7" />
    <UnitTestResult executionId="dac15a5c-b379-471c-95ca-a6dfa2a234c1" testId="ab667174-c002-4c1c-8215-51ccecbc3949" testName="FormatToStringTest1000 (96261.84883437205,96261.85 zł)" computerName="DESKTOP-5URQ9PB" duration="00:00:00.0000065" startTime="2022-06-13T21:11:35.1782748+02:00" endTime="2022-06-13T21:11:35.1783490+02:00" testType="13cdc9d9-ddb5-4fa4-a97d-d965ccfc6d4b" outcome="Passed" testListId="8c84fa94-04c1-424b-9868-57a2d4851a1d" relativeResultsDirectory="dac15a5c-b379-471c-95ca-a6dfa2a234c1" />
    <UnitTestResult executionId="a3d9ddcb-643c-4bf7-acdf-e15c5a8aafc8" testId="8581d574-d88a-4e2d-92d7-1a98db02da48" testName="FormatToStringTest1000 (2039.440966411699,2039.44 zł)" computerName="DESKTOP-5URQ9PB" duration="00:00:00.0000080" startTime="2022-06-13T21:11:34.9444149+02:00" endTime="2022-06-13T21:11:34.9444905+02:00" testType="13cdc9d9-ddb5-4fa4-a97d-d965ccfc6d4b" outcome="Passed" testListId="8c84fa94-04c1-424b-9868-57a2d4851a1d" relativeResultsDirectory="a3d9ddcb-643c-4bf7-acdf-e15c5a8aafc8" />
    <UnitTestResult executionId="a2e4c107-47d1-46bf-9d0b-d47679414876" testId="b22211c8-c129-479f-96ed-f70d927e6571" testName="FormatToStringTest1000 (1300.9430775404642,1300.94 zł)" computerName="DESKTOP-5URQ9PB" duration="00:00:00.0414609" startTime="2022-06-13T21:11:34.7360056+02:00" endTime="2022-06-13T21:11:34.7958226+02:00" testType="13cdc9d9-ddb5-4fa4-a97d-d965ccfc6d4b" outcome="Passed" testListId="8c84fa94-04c1-424b-9868-57a2d4851a1d" relativeResultsDirectory="a2e4c107-47d1-46bf-9d0b-d47679414876" />
    <UnitTestResult executionId="7e14f9fb-e154-43c3-9a2d-1f5482081577" testId="2936d318-0320-4614-a1f5-a94ea2772034" testName="FormatToStringTest1000 (1860.3356292016504,1860.34 zł)" computerName="DESKTOP-5URQ9PB" duration="00:00:00.0000065" startTime="2022-06-13T21:11:35.0650298+02:00" endTime="2022-06-13T21:11:35.0650964+02:00" testType="13cdc9d9-ddb5-4fa4-a97d-d965ccfc6d4b" outcome="Passed" testListId="8c84fa94-04c1-424b-9868-57a2d4851a1d" relativeResultsDirectory="7e14f9fb-e154-43c3-9a2d-1f5482081577" />
    <UnitTestResult executionId="8c66ac77-1f56-45c0-84dd-74b987ad3e38" testId="aa52107a-ad06-44a2-a46d-915e8b5e655b" testName="FormatToStringTest1000 (32051.900532446758,32051.90 zł)" computerName="DESKTOP-5URQ9PB" duration="00:00:00.0000141" startTime="2022-06-13T21:11:34.9177841+02:00" endTime="2022-06-13T21:11:34.9179717+02:00" testType="13cdc9d9-ddb5-4fa4-a97d-d965ccfc6d4b" outcome="Passed" testListId="8c84fa94-04c1-424b-9868-57a2d4851a1d" relativeResultsDirectory="8c66ac77-1f56-45c0-84dd-74b987ad3e38" />
    <UnitTestResult executionId="ebdb36e3-5e93-4a4f-a2e8-03203f84d729" testId="51a88493-f1ba-41f8-b5ee-965b5903885f" testName="FormatToStringTest1000 (6102.4120417453405,6102.41 zł)" computerName="DESKTOP-5URQ9PB" duration="00:00:00.0000065" startTime="2022-06-13T21:11:35.1945930+02:00" endTime="2022-06-13T21:11:35.1946580+02:00" testType="13cdc9d9-ddb5-4fa4-a97d-d965ccfc6d4b" outcome="Passed" testListId="8c84fa94-04c1-424b-9868-57a2d4851a1d" relativeResultsDirectory="ebdb36e3-5e93-4a4f-a2e8-03203f84d729" />
    <UnitTestResult executionId="41c2540b-5607-4dea-a83f-07257e572e99" testId="a749f101-93a3-4646-8e0e-0979ee70c4e6" testName="FormatToStringTest1000 (14910.573044539697,14910.57 zł)" computerName="DESKTOP-5URQ9PB" duration="00:00:00.0000063" startTime="2022-06-13T21:11:35.2069759+02:00" endTime="2022-06-13T21:11:35.2070406+02:00" testType="13cdc9d9-ddb5-4fa4-a97d-d965ccfc6d4b" outcome="Passed" testListId="8c84fa94-04c1-424b-9868-57a2d4851a1d" relativeResultsDirectory="41c2540b-5607-4dea-a83f-07257e572e99" />
    <UnitTestResult executionId="409ce627-6c98-4712-b3be-a1e6807cb07a" testId="cf669263-1d35-46cf-884c-f06fc35c3a21" testName="FormatToStringTest1000 (7813.027778348433,7813.03 zł)" computerName="DESKTOP-5URQ9PB" duration="00:00:00.0000072" startTime="2022-06-13T21:11:35.1183062+02:00" endTime="2022-06-13T21:11:35.1183889+02:00" testType="13cdc9d9-ddb5-4fa4-a97d-d965ccfc6d4b" outcome="Passed" testListId="8c84fa94-04c1-424b-9868-57a2d4851a1d" relativeResultsDirectory="409ce627-6c98-4712-b3be-a1e6807cb07a" />
    <UnitTestResult executionId="45d8f7d9-ede5-4d48-9395-c12f2a659587" testId="c63b2c1f-2010-462a-b341-81a8df2b0fb3" testName="FormatToStringTest1000 (28155.26504817664,28155.27 zł)" computerName="DESKTOP-5URQ9PB" duration="00:00:00.0000066" startTime="2022-06-13T21:11:35.0105785+02:00" endTime="2022-06-13T21:11:35.0106502+02:00" testType="13cdc9d9-ddb5-4fa4-a97d-d965ccfc6d4b" outcome="Passed" testListId="8c84fa94-04c1-424b-9868-57a2d4851a1d" relativeResultsDirectory="45d8f7d9-ede5-4d48-9395-c12f2a659587" />
    <UnitTestResult executionId="daeeec69-d5f4-4750-b0da-9e4159da14de" testId="62737975-f322-4a82-803a-5c7c56750393" testName="FormatToStringTest1000 (10501.127379151585,10501.13 zł)" computerName="DESKTOP-5URQ9PB" duration="00:00:00.0000066" startTime="2022-06-13T21:11:35.0052446+02:00" endTime="2022-06-13T21:11:35.0053201+02:00" testType="13cdc9d9-ddb5-4fa4-a97d-d965ccfc6d4b" outcome="Passed" testListId="8c84fa94-04c1-424b-9868-57a2d4851a1d" relativeResultsDirectory="daeeec69-d5f4-4750-b0da-9e4159da14de" />
    <UnitTestResult executionId="a742d203-d778-4670-92c0-792113014713" testId="d9eb9506-d080-4332-b4e3-a9a8081e147f" testName="FormatToStringTest1000 (8514.837538072763,8514.84 zł)" computerName="DESKTOP-5URQ9PB" duration="00:00:00.0000064" startTime="2022-06-13T21:11:35.1991628+02:00" endTime="2022-06-13T21:11:35.1992280+02:00" testType="13cdc9d9-ddb5-4fa4-a97d-d965ccfc6d4b" outcome="Passed" testListId="8c84fa94-04c1-424b-9868-57a2d4851a1d" relativeResultsDirectory="a742d203-d778-4670-92c0-792113014713" />
    <UnitTestResult executionId="8c0bec1d-1402-4afc-838e-eb92e8c0669f" testId="7e95da32-0ad7-4217-933f-28dffd5ac629" testName="FormatToStringTest1000 (34136.0993783046,34136.10 zł)" computerName="DESKTOP-5URQ9PB" duration="00:00:00.0000094" startTime="2022-06-13T21:11:34.9446915+02:00" endTime="2022-06-13T21:11:34.9447730+02:00" testType="13cdc9d9-ddb5-4fa4-a97d-d965ccfc6d4b" outcome="Passed" testListId="8c84fa94-04c1-424b-9868-57a2d4851a1d" relativeResultsDirectory="8c0bec1d-1402-4afc-838e-eb92e8c0669f" />
    <UnitTestResult executionId="11e844af-a5cd-4227-aca9-acd6e67cc69f" testId="cf4d3579-13c2-417b-8ff7-55ab9fee8e45" testName="FormatToStringTest1000 (20068.867046961965,20068.87 zł)" computerName="DESKTOP-5URQ9PB" duration="00:00:00.0000065" startTime="2022-06-13T21:11:35.1164717+02:00" endTime="2022-06-13T21:11:35.1165375+02:00" testType="13cdc9d9-ddb5-4fa4-a97d-d965ccfc6d4b" outcome="Passed" testListId="8c84fa94-04c1-424b-9868-57a2d4851a1d" relativeResultsDirectory="11e844af-a5cd-4227-aca9-acd6e67cc69f" />
    <UnitTestResult executionId="41ffc255-d3b2-47c9-a19a-a92e3c180896" testId="d84099a9-3aa3-4cbb-9d9c-4e4a6424ef0d" testName="FormatToStringTest1000 (23649.104642116046,23649.10 zł)" computerName="DESKTOP-5URQ9PB" duration="00:00:00.0000065" startTime="2022-06-13T21:11:35.0236739+02:00" endTime="2022-06-13T21:11:35.0237425+02:00" testType="13cdc9d9-ddb5-4fa4-a97d-d965ccfc6d4b" outcome="Passed" testListId="8c84fa94-04c1-424b-9868-57a2d4851a1d" relativeResultsDirectory="41ffc255-d3b2-47c9-a19a-a92e3c180896" />
    <UnitTestResult executionId="0f3cfa2a-467f-487e-9204-f89342a16e26" testId="08b832f6-2310-48f0-93bf-e6a51663c0f0" testName="FormatToStringTest1000 (151.50737175275916,151.51 zł)" computerName="DESKTOP-5URQ9PB" duration="00:00:00.0000069" startTime="2022-06-13T21:11:35.1949104+02:00" endTime="2022-06-13T21:11:35.1949939+02:00" testType="13cdc9d9-ddb5-4fa4-a97d-d965ccfc6d4b" outcome="Passed" testListId="8c84fa94-04c1-424b-9868-57a2d4851a1d" relativeResultsDirectory="0f3cfa2a-467f-487e-9204-f89342a16e26" />
    <UnitTestResult executionId="38116812-6251-44df-927e-08bb2c9395cb" testId="58735b44-ccb7-4d21-9951-fd0b0a77664e" testName="FormatToStringTest1000 (37589.670531794276,37589.67 zł)" computerName="DESKTOP-5URQ9PB" duration="00:00:00.0000066" startTime="2022-06-13T21:11:34.8523621+02:00" endTime="2022-06-13T21:11:34.8524356+02:00" testType="13cdc9d9-ddb5-4fa4-a97d-d965ccfc6d4b" outcome="Passed" testListId="8c84fa94-04c1-424b-9868-57a2d4851a1d" relativeResultsDirectory="38116812-6251-44df-927e-08bb2c9395cb" />
    <UnitTestResult executionId="4afc98ee-52a3-496f-9607-3723fc4abffa" testId="86cfb852-e679-46ec-aa6c-acf62f86deb3" testName="FormatToStringTest1000 (8347.417790138823,8347.42 zł)" computerName="DESKTOP-5URQ9PB" duration="00:00:00.0000069" startTime="2022-06-13T21:11:35.1311512+02:00" endTime="2022-06-13T21:11:35.1312163+02:00" testType="13cdc9d9-ddb5-4fa4-a97d-d965ccfc6d4b" outcome="Passed" testListId="8c84fa94-04c1-424b-9868-57a2d4851a1d" relativeResultsDirectory="4afc98ee-52a3-496f-9607-3723fc4abffa" />
    <UnitTestResult executionId="6a097b57-7833-4961-bae0-bbf487d6ecfa" testId="df62407d-ba38-4c0c-ac60-5a3694ee97a7" testName="FormatToStringTest1000 (14063.90676654871,14063.91 zł)" computerName="DESKTOP-5URQ9PB" duration="00:00:00.0000064" startTime="2022-06-13T21:11:35.1210413+02:00" endTime="2022-06-13T21:11:35.1211116+02:00" testType="13cdc9d9-ddb5-4fa4-a97d-d965ccfc6d4b" outcome="Passed" testListId="8c84fa94-04c1-424b-9868-57a2d4851a1d" relativeResultsDirectory="6a097b57-7833-4961-bae0-bbf487d6ecfa" />
    <UnitTestResult executionId="20daf242-3b01-40e2-83d9-9c306ef5ccea" testId="1e0095f0-6499-41eb-a9d2-47e5c8ff6b55" testName="FormatToStringTest1000 (3274.481392617096,3274.48 zł)" computerName="DESKTOP-5URQ9PB" duration="00:00:00.0000072" startTime="2022-06-13T21:11:35.1090362+02:00" endTime="2022-06-13T21:11:35.1091152+02:00" testType="13cdc9d9-ddb5-4fa4-a97d-d965ccfc6d4b" outcome="Passed" testListId="8c84fa94-04c1-424b-9868-57a2d4851a1d" relativeResultsDirectory="20daf242-3b01-40e2-83d9-9c306ef5ccea" />
    <UnitTestResult executionId="5ad04832-7461-4849-9291-8f362688163c" testId="f07f18aa-ed53-4e4d-9813-f499ed0a3765" testName="FormatToStringTest1000 (9603.199987620208,9603.20 zł)" computerName="DESKTOP-5URQ9PB" duration="00:00:00.0000064" startTime="2022-06-13T21:11:35.1992448+02:00" endTime="2022-06-13T21:11:35.1993102+02:00" testType="13cdc9d9-ddb5-4fa4-a97d-d965ccfc6d4b" outcome="Passed" testListId="8c84fa94-04c1-424b-9868-57a2d4851a1d" relativeResultsDirectory="5ad04832-7461-4849-9291-8f362688163c" />
    <UnitTestResult executionId="81c9514e-9fd9-4fa9-9088-71f6fdeaa6c6" testId="f955c564-891f-43c3-af5e-433ab73c4eeb" testName="FormatToStringTest1000 (35248.53555717996,35248.54 zł)" computerName="DESKTOP-5URQ9PB" duration="00:00:00.0000065" startTime="2022-06-13T21:11:35.2049280+02:00" endTime="2022-06-13T21:11:35.2049931+02:00" testType="13cdc9d9-ddb5-4fa4-a97d-d965ccfc6d4b" outcome="Passed" testListId="8c84fa94-04c1-424b-9868-57a2d4851a1d" relativeResultsDirectory="81c9514e-9fd9-4fa9-9088-71f6fdeaa6c6" />
    <UnitTestResult executionId="304e2f0c-79c8-4a4a-bea2-24e7eea7f30f" testId="d9cb157e-c2ae-41db-a080-988f64cc61f2" testName="FormatToStringTest1000 (15841.26419853478,15841.26 zł)" computerName="DESKTOP-5URQ9PB" duration="00:00:00.0000065" startTime="2022-06-13T21:11:35.1730066+02:00" endTime="2022-06-13T21:11:35.1730714+02:00" testType="13cdc9d9-ddb5-4fa4-a97d-d965ccfc6d4b" outcome="Passed" testListId="8c84fa94-04c1-424b-9868-57a2d4851a1d" relativeResultsDirectory="304e2f0c-79c8-4a4a-bea2-24e7eea7f30f" />
    <UnitTestResult executionId="8433e00c-7fb3-4f86-a02d-dafa24127088" testId="ca13d5bc-8006-48a3-ba41-ebece4276b26" testName="FormatToStringTest1000 (14475.498583194567,14475.50 zł)" computerName="DESKTOP-5URQ9PB" duration="00:00:00.0000065" startTime="2022-06-13T21:11:35.1786126+02:00" endTime="2022-06-13T21:11:35.1786775+02:00" testType="13cdc9d9-ddb5-4fa4-a97d-d965ccfc6d4b" outcome="Passed" testListId="8c84fa94-04c1-424b-9868-57a2d4851a1d" relativeResultsDirectory="8433e00c-7fb3-4f86-a02d-dafa24127088" />
    <UnitTestResult executionId="e48b950c-699e-49ea-bf9f-ca864460aa95" testId="25da7010-7dc1-415a-b1e6-ef64067e43d7" testName="FormatToStringTest1000 (33245.44763357819,33245.45 zł)" computerName="DESKTOP-5URQ9PB" duration="00:00:00.0000090" startTime="2022-06-13T21:11:35.0100740+02:00" endTime="2022-06-13T21:11:35.0101765+02:00" testType="13cdc9d9-ddb5-4fa4-a97d-d965ccfc6d4b" outcome="Passed" testListId="8c84fa94-04c1-424b-9868-57a2d4851a1d" relativeResultsDirectory="e48b950c-699e-49ea-bf9f-ca864460aa95" />
    <UnitTestResult executionId="05b24250-aa74-4982-ab06-07aa11541f73" testId="5815cede-0a52-4bc0-889e-49a780fab309" testName="FormatToStringTest1000 (31799.68317462815,31799.68 zł)" computerName="DESKTOP-5URQ9PB" duration="00:00:00.0000063" startTime="2022-06-13T21:11:35.0880218+02:00" endTime="2022-06-13T21:11:35.0880890+02:00" testType="13cdc9d9-ddb5-4fa4-a97d-d965ccfc6d4b" outcome="Passed" testListId="8c84fa94-04c1-424b-9868-57a2d4851a1d" relativeResultsDirectory="05b24250-aa74-4982-ab06-07aa11541f73" />
    <UnitTestResult executionId="4cbc6364-1d8e-49dd-bf14-43cd49e10517" testId="70557501-89da-4628-9471-a322eaad1935" testName="FormatToStringTest1000 (42728.35751444258,42728.36 zł)" computerName="DESKTOP-5URQ9PB" duration="00:00:00.0000069" startTime="2022-06-13T21:11:35.1563201+02:00" endTime="2022-06-13T21:11:35.1563957+02:00" testType="13cdc9d9-ddb5-4fa4-a97d-d965ccfc6d4b" outcome="Passed" testListId="8c84fa94-04c1-424b-9868-57a2d4851a1d" relativeResultsDirectory="4cbc6364-1d8e-49dd-bf14-43cd49e10517" />
    <UnitTestResult executionId="f2217027-cebb-47a7-953c-0faa622372f8" testId="8fc2f809-9619-4416-843f-ab7767a91077" testName="FormatToStringTest1000 (15129.433864736666,15129.43 zł)" computerName="DESKTOP-5URQ9PB" duration="00:00:00.0000067" startTime="2022-06-13T21:11:35.1566700+02:00" endTime="2022-06-13T21:11:35.1567369+02:00" testType="13cdc9d9-ddb5-4fa4-a97d-d965ccfc6d4b" outcome="Passed" testListId="8c84fa94-04c1-424b-9868-57a2d4851a1d" relativeResultsDirectory="f2217027-cebb-47a7-953c-0faa622372f8" />
    <UnitTestResult executionId="d5ed39e6-9904-44a4-acf1-f84a1b399d83" testId="d0c37d9c-5c15-4f87-ae8d-939d8d9c05d9" testName="FormatToStringTest1000 (14920.620598662934,14920.62 zł)" computerName="DESKTOP-5URQ9PB" duration="00:00:00.0000076" startTime="2022-06-13T21:11:34.9350634+02:00" endTime="2022-06-13T21:11:34.9351590+02:00" testType="13cdc9d9-ddb5-4fa4-a97d-d965ccfc6d4b" outcome="Passed" testListId="8c84fa94-04c1-424b-9868-57a2d4851a1d" relativeResultsDirectory="d5ed39e6-9904-44a4-acf1-f84a1b399d83" />
    <UnitTestResult executionId="7af2da6b-caf3-487e-8393-ef5f8701ee3a" testId="0a18ba40-8ae0-4e3e-9043-a90a9ce87f80" testName="FormatToStringTest1000 (4636.500544966897,4636.50 zł)" computerName="DESKTOP-5URQ9PB" duration="00:00:00.0000066" startTime="2022-06-13T21:11:35.1254029+02:00" endTime="2022-06-13T21:11:35.1254783+02:00" testType="13cdc9d9-ddb5-4fa4-a97d-d965ccfc6d4b" outcome="Passed" testListId="8c84fa94-04c1-424b-9868-57a2d4851a1d" relativeResultsDirectory="7af2da6b-caf3-487e-8393-ef5f8701ee3a" />
    <UnitTestResult executionId="2059e223-53cf-444d-9f8c-786c19ac9e0e" testId="64757a34-a594-4a1c-a656-7a9805c75d36" testName="FormatToStringTest1000 (40857.08543233996,40857.09 zł)" computerName="DESKTOP-5URQ9PB" duration="00:00:00.0000131" startTime="2022-06-13T21:11:34.8739987+02:00" endTime="2022-06-13T21:11:34.8741611+02:00" testType="13cdc9d9-ddb5-4fa4-a97d-d965ccfc6d4b" outcome="Passed" testListId="8c84fa94-04c1-424b-9868-57a2d4851a1d" relativeResultsDirectory="2059e223-53cf-444d-9f8c-786c19ac9e0e" />
    <UnitTestResult executionId="e5201dfe-ca7d-4872-bf8c-385ac8b64493" testId="4fdfcdec-434e-49f9-b436-5ead8ff2414f" testName="FormatToStringTest1000 (16957.4523676757,16957.45 zł)" computerName="DESKTOP-5URQ9PB" duration="00:00:00.0000066" startTime="2022-06-13T21:11:35.0739459+02:00" endTime="2022-06-13T21:11:35.0740147+02:00" testType="13cdc9d9-ddb5-4fa4-a97d-d965ccfc6d4b" outcome="Passed" testListId="8c84fa94-04c1-424b-9868-57a2d4851a1d" relativeResultsDirectory="e5201dfe-ca7d-4872-bf8c-385ac8b64493" />
    <UnitTestResult executionId="7ded09fc-c2b4-43f8-8387-5ab38c898407" testId="ad1a5e14-80ab-44ea-910d-1e05b4ec7fd3" testName="FormatToStringTest1000 (50009.23881716898,50009.24 zł)" computerName="DESKTOP-5URQ9PB" duration="00:00:00.0000085" startTime="2022-06-13T21:11:35.0854618+02:00" endTime="2022-06-13T21:11:35.0855514+02:00" testType="13cdc9d9-ddb5-4fa4-a97d-d965ccfc6d4b" outcome="Passed" testListId="8c84fa94-04c1-424b-9868-57a2d4851a1d" relativeResultsDirectory="7ded09fc-c2b4-43f8-8387-5ab38c898407" />
    <UnitTestResult executionId="92fe358c-b686-4510-8b09-59bc79857e6e" testId="8ea00849-8a52-40bc-8aac-d990c101ce0b" testName="FormatToStringTest1000 (12429.698213906819,12429.70 zł)" computerName="DESKTOP-5URQ9PB" duration="00:00:00.0000065" startTime="2022-06-13T21:11:35.0168091+02:00" endTime="2022-06-13T21:11:35.0168794+02:00" testType="13cdc9d9-ddb5-4fa4-a97d-d965ccfc6d4b" outcome="Passed" testListId="8c84fa94-04c1-424b-9868-57a2d4851a1d" relativeResultsDirectory="92fe358c-b686-4510-8b09-59bc79857e6e" />
    <UnitTestResult executionId="96831e50-5ff0-47f1-a162-1e35bb7a0f2f" testId="f8f052c5-fcd8-4a69-9769-3f597e1583d2" testName="FormatToStringTest1000 (66019.32414194118,66019.32 zł)" computerName="DESKTOP-5URQ9PB" duration="00:00:00.0000136" startTime="2022-06-13T21:11:34.8579504+02:00" endTime="2022-06-13T21:11:34.8581242+02:00" testType="13cdc9d9-ddb5-4fa4-a97d-d965ccfc6d4b" outcome="Passed" testListId="8c84fa94-04c1-424b-9868-57a2d4851a1d" relativeResultsDirectory="96831e50-5ff0-47f1-a162-1e35bb7a0f2f" />
    <UnitTestResult executionId="f9fd17eb-18d6-4f64-9cac-fc6fc6464ddd" testId="a4e3e870-b0d8-4de2-b27e-e5d1e06982b9" testName="FormatToStringTest1000 (21728.91641959963,21728.92 zł)" computerName="DESKTOP-5URQ9PB" duration="00:00:00.0000065" startTime="2022-06-13T21:11:35.2068937+02:00" endTime="2022-06-13T21:11:35.2069591+02:00" testType="13cdc9d9-ddb5-4fa4-a97d-d965ccfc6d4b" outcome="Passed" testListId="8c84fa94-04c1-424b-9868-57a2d4851a1d" relativeResultsDirectory="f9fd17eb-18d6-4f64-9cac-fc6fc6464ddd" />
    <UnitTestResult executionId="19c96017-f9ee-4bd0-b8fc-b924cb5fd742" testId="06dbfcf8-c280-476c-8b23-29aa2f53a7e0" testName="FormatToStringTest1000 (22367.991005544547,22367.99 zł)" computerName="DESKTOP-5URQ9PB" duration="00:00:00.0000063" startTime="2022-06-13T21:11:35.1095266+02:00" endTime="2022-06-13T21:11:35.1095908+02:00" testType="13cdc9d9-ddb5-4fa4-a97d-d965ccfc6d4b" outcome="Passed" testListId="8c84fa94-04c1-424b-9868-57a2d4851a1d" relativeResultsDirectory="19c96017-f9ee-4bd0-b8fc-b924cb5fd742" />
    <UnitTestResult executionId="98b282af-dd48-48a4-9ed5-95af39e0360c" testId="9e1b4cde-beab-4d83-a67a-121e6200b013" testName="FormatToStringTest1000 (35145.379208063416,35145.38 zł)" computerName="DESKTOP-5URQ9PB" duration="00:00:00.0000064" startTime="2022-06-13T21:11:34.8839467+02:00" endTime="2022-06-13T21:11:34.8840219+02:00" testType="13cdc9d9-ddb5-4fa4-a97d-d965ccfc6d4b" outcome="Passed" testListId="8c84fa94-04c1-424b-9868-57a2d4851a1d" relativeResultsDirectory="98b282af-dd48-48a4-9ed5-95af39e0360c" />
    <UnitTestResult executionId="67c843c6-2a7a-418f-86e5-bce8e2607f79" testId="66d2fc61-368e-4d02-bfd6-6c96c1ddd2ce" testName="FormatToStringTest1000 (95071.15957335343,95071.16 zł)" computerName="DESKTOP-5URQ9PB" duration="00:00:00.0000080" startTime="2022-06-13T21:11:35.1162780+02:00" endTime="2022-06-13T21:11:35.1163672+02:00" testType="13cdc9d9-ddb5-4fa4-a97d-d965ccfc6d4b" outcome="Passed" testListId="8c84fa94-04c1-424b-9868-57a2d4851a1d" relativeResultsDirectory="67c843c6-2a7a-418f-86e5-bce8e2607f79" />
    <UnitTestResult executionId="1fbcbb8c-499b-4126-8e6b-c1f3cdc486a3" testId="59d92013-1fd9-4b5d-96e3-8931d94b0a87" testName="FormatToStringTest1000 (33851.35523524618,33851.36 zł)" computerName="DESKTOP-5URQ9PB" duration="00:00:00.0000081" startTime="2022-06-13T21:11:35.0714176+02:00" endTime="2022-06-13T21:11:35.0714999+02:00" testType="13cdc9d9-ddb5-4fa4-a97d-d965ccfc6d4b" outcome="Passed" testListId="8c84fa94-04c1-424b-9868-57a2d4851a1d" relativeResultsDirectory="1fbcbb8c-499b-4126-8e6b-c1f3cdc486a3" />
    <UnitTestResult executionId="f45093b1-d9a6-4234-bf2c-3165ddb5a517" testId="7d0a8627-d725-4d1f-b7b2-15420f2d47fe" testName="FormatToStringTest1000 (32218.080508120394,32218.08 zł)" computerName="DESKTOP-5URQ9PB" duration="00:00:00.0000065" startTime="2022-06-13T21:11:34.8884449+02:00" endTime="2022-06-13T21:11:34.8885250+02:00" testType="13cdc9d9-ddb5-4fa4-a97d-d965ccfc6d4b" outcome="Passed" testListId="8c84fa94-04c1-424b-9868-57a2d4851a1d" relativeResultsDirectory="f45093b1-d9a6-4234-bf2c-3165ddb5a517" />
    <UnitTestResult executionId="9afd6b75-d68d-4650-a1c4-d149495ffea7" testId="151df31f-a273-4832-ace2-79b8ce00d5ae" testName="FormatToStringTest1000 (20552.966022956633,20552.97 zł)" computerName="DESKTOP-5URQ9PB" duration="00:00:00.0000063" startTime="2022-06-13T21:11:35.0927916+02:00" endTime="2022-06-13T21:11:35.0928585+02:00" testType="13cdc9d9-ddb5-4fa4-a97d-d965ccfc6d4b" outcome="Passed" testListId="8c84fa94-04c1-424b-9868-57a2d4851a1d" relativeResultsDirectory="9afd6b75-d68d-4650-a1c4-d149495ffea7" />
    <UnitTestResult executionId="f746211e-928f-4bed-a059-133d6adca41e" testId="1730648e-7e2d-4a9a-b45c-be5b38ebc2b4" testName="FormatToStringTest1000 (1669.555150571072,1669.56 zł)" computerName="DESKTOP-5URQ9PB" duration="00:00:00.0000063" startTime="2022-06-13T21:11:35.1859146+02:00" endTime="2022-06-13T21:11:35.1859788+02:00" testType="13cdc9d9-ddb5-4fa4-a97d-d965ccfc6d4b" outcome="Passed" testListId="8c84fa94-04c1-424b-9868-57a2d4851a1d" relativeResultsDirectory="f746211e-928f-4bed-a059-133d6adca41e" />
    <UnitTestResult executionId="3aaa5db9-08ad-45ad-ab35-0024cc78d951" testId="bef3225d-b448-4317-bd89-bd6537d53b06" testName="FormatToStringTest1000 (5835.26176155557,5835.26 zł)" computerName="DESKTOP-5URQ9PB" duration="00:00:00.0000065" startTime="2022-06-13T21:11:35.0950715+02:00" endTime="2022-06-13T21:11:35.0951383+02:00" testType="13cdc9d9-ddb5-4fa4-a97d-d965ccfc6d4b" outcome="Passed" testListId="8c84fa94-04c1-424b-9868-57a2d4851a1d" relativeResultsDirectory="3aaa5db9-08ad-45ad-ab35-0024cc78d951" />
    <UnitTestResult executionId="1cf7170f-fe4d-4a59-84ab-962c40faede3" testId="ad78f80c-61cf-463e-b80f-f33c46ab87d7" testName="FormatToStringTest1000 (2298.0331723829886,2298.03 zł)" computerName="DESKTOP-5URQ9PB" duration="00:00:00.0000065" startTime="2022-06-13T21:11:35.0830417+02:00" endTime="2022-06-13T21:11:35.0831112+02:00" testType="13cdc9d9-ddb5-4fa4-a97d-d965ccfc6d4b" outcome="Passed" testListId="8c84fa94-04c1-424b-9868-57a2d4851a1d" relativeResultsDirectory="1cf7170f-fe4d-4a59-84ab-962c40faede3" />
    <UnitTestResult executionId="fbe44f3f-91e2-44d9-be3f-e26df29fd941" testId="4c9406cb-0110-42ed-9ece-298d5c1843a0" testName="FormatToStringTest1000 (9634.398811461124,9634.40 zł)" computerName="DESKTOP-5URQ9PB" duration="00:00:00.0000066" startTime="2022-06-13T21:11:35.1499720+02:00" endTime="2022-06-13T21:11:35.1500396+02:00" testType="13cdc9d9-ddb5-4fa4-a97d-d965ccfc6d4b" outcome="Passed" testListId="8c84fa94-04c1-424b-9868-57a2d4851a1d" relativeResultsDirectory="fbe44f3f-91e2-44d9-be3f-e26df29fd941" />
    <UnitTestResult executionId="f5fd2226-f171-440b-8dc2-e63dae6a245b" testId="48e6786d-aba9-4830-9037-bb5719673e45" testName="FormatToStringTest1000 (46803.36433423374,46803.36 zł)" computerName="DESKTOP-5URQ9PB" duration="00:00:00.0000067" startTime="2022-06-13T21:11:34.9723345+02:00" endTime="2022-06-13T21:11:34.9724228+02:00" testType="13cdc9d9-ddb5-4fa4-a97d-d965ccfc6d4b" outcome="Passed" testListId="8c84fa94-04c1-424b-9868-57a2d4851a1d" relativeResultsDirectory="f5fd2226-f171-440b-8dc2-e63dae6a245b" />
    <UnitTestResult executionId="c0f7ca95-6c4c-4ec0-bd4b-367e9cf8992e" testId="32b4abd2-8af3-421b-8003-592d37350439" testName="FormatToStringTest1000 (24729.333280806586,24729.33 zł)" computerName="DESKTOP-5URQ9PB" duration="00:00:00.0000062" startTime="2022-06-13T21:11:35.0971366+02:00" endTime="2022-06-13T21:11:35.0972033+02:00" testType="13cdc9d9-ddb5-4fa4-a97d-d965ccfc6d4b" outcome="Passed" testListId="8c84fa94-04c1-424b-9868-57a2d4851a1d" relativeResultsDirectory="c0f7ca95-6c4c-4ec0-bd4b-367e9cf8992e" />
    <UnitTestResult executionId="f5879775-4a27-4a5a-8861-a827e32fb542" testId="679bb38d-b946-4b7a-a2a5-fc727895a532" testName="FormatToStringTest1000 (19840.47672110632,19840.48 zł)" computerName="DESKTOP-5URQ9PB" duration="00:00:00.0000068" startTime="2022-06-13T21:11:34.9445098+02:00" endTime="2022-06-13T21:11:34.9445818+02:00" testType="13cdc9d9-ddb5-4fa4-a97d-d965ccfc6d4b" outcome="Passed" testListId="8c84fa94-04c1-424b-9868-57a2d4851a1d" relativeResultsDirectory="f5879775-4a27-4a5a-8861-a827e32fb542" />
    <UnitTestResult executionId="ad123d34-532d-413a-a605-f52d709fdf86" testId="1596acc6-14a6-4f6b-a64c-4c3b8cd48f60" testName="FormatToStringTest1000 (25036.98767214035,25036.99 zł)" computerName="DESKTOP-5URQ9PB" duration="00:00:00.0000147" startTime="2022-06-13T21:11:34.9379829+02:00" endTime="2022-06-13T21:11:34.9381872+02:00" testType="13cdc9d9-ddb5-4fa4-a97d-d965ccfc6d4b" outcome="Passed" testListId="8c84fa94-04c1-424b-9868-57a2d4851a1d" relativeResultsDirectory="ad123d34-532d-413a-a605-f52d709fdf86" />
    <UnitTestResult executionId="f7962912-e13d-447a-9be2-27c503e6db20" testId="0fb22ffc-a983-489e-ae75-f40563fba803" testName="FormatToStringTest1000 (904.351189922705,904.35 zł)" computerName="DESKTOP-5URQ9PB" duration="00:00:00.0000065" startTime="2022-06-13T21:11:35.1636470+02:00" endTime="2022-06-13T21:11:35.1637102+02:00" testType="13cdc9d9-ddb5-4fa4-a97d-d965ccfc6d4b" outcome="Passed" testListId="8c84fa94-04c1-424b-9868-57a2d4851a1d" relativeResultsDirectory="f7962912-e13d-447a-9be2-27c503e6db20" />
    <UnitTestResult executionId="61fb72ef-949f-4b4a-b7e5-1ede0606bd06" testId="75dd9ff4-1514-4b96-9464-9ea2acf32cd1" testName="FormatToStringTest1000 (21573.45329517613,21573.45 zł)" computerName="DESKTOP-5URQ9PB" duration="00:00:00.0000064" startTime="2022-06-13T21:11:35.2016283+02:00" endTime="2022-06-13T21:11:35.2016934+02:00" testType="13cdc9d9-ddb5-4fa4-a97d-d965ccfc6d4b" outcome="Passed" testListId="8c84fa94-04c1-424b-9868-57a2d4851a1d" relativeResultsDirectory="61fb72ef-949f-4b4a-b7e5-1ede0606bd06" />
    <UnitTestResult executionId="78b17aee-fae6-40bc-9430-f6718e5b34b5" testId="339bbbae-dedf-4707-bb12-47a65e04eb83" testName="FormatToStringTest1000 (52481.07276821932,52481.07 zł)" computerName="DESKTOP-5URQ9PB" duration="00:00:00.0000065" startTime="2022-06-13T21:11:35.1283954+02:00" endTime="2022-06-13T21:11:35.1284651+02:00" testType="13cdc9d9-ddb5-4fa4-a97d-d965ccfc6d4b" outcome="Passed" testListId="8c84fa94-04c1-424b-9868-57a2d4851a1d" relativeResultsDirectory="78b17aee-fae6-40bc-9430-f6718e5b34b5" />
    <UnitTestResult executionId="9d1a9781-26d8-48c5-a9e6-6c276f507d1f" testId="f5039ccf-4bff-4c69-9852-049c5ebd5016" testName="FormatToStringTest1000 (50956.25028206606,50956.25 zł)" computerName="DESKTOP-5URQ9PB" duration="00:00:00.0000067" startTime="2022-06-13T21:11:34.9297676+02:00" endTime="2022-06-13T21:11:34.9298386+02:00" testType="13cdc9d9-ddb5-4fa4-a97d-d965ccfc6d4b" outcome="Passed" testListId="8c84fa94-04c1-424b-9868-57a2d4851a1d" relativeResultsDirectory="9d1a9781-26d8-48c5-a9e6-6c276f507d1f" />
    <UnitTestResult executionId="512f37e8-2c87-4a11-abb6-51e147c72e3b" testId="a780905c-091b-4991-a6f8-a624904178a8" testName="FormatToStringTest1000 (30034.922435005625,30034.92 zł)" computerName="DESKTOP-5URQ9PB" duration="00:00:00.0000065" startTime="2022-06-13T21:11:35.1751544+02:00" endTime="2022-06-13T21:11:35.1752201+02:00" testType="13cdc9d9-ddb5-4fa4-a97d-d965ccfc6d4b" outcome="Passed" testListId="8c84fa94-04c1-424b-9868-57a2d4851a1d" relativeResultsDirectory="512f37e8-2c87-4a11-abb6-51e147c72e3b" />
    <UnitTestResult executionId="987af277-8803-4dd7-aea0-742e0b3e58f5" testId="7d376cca-23ad-460c-b62d-464b589f20f5" testName="FormatToStringTest1000 (19541.10539777116,19541.11 zł)" computerName="DESKTOP-5URQ9PB" duration="00:00:00.0000079" startTime="2022-06-13T21:11:34.8614281+02:00" endTime="2022-06-13T21:11:34.8615187+02:00" testType="13cdc9d9-ddb5-4fa4-a97d-d965ccfc6d4b" outcome="Passed" testListId="8c84fa94-04c1-424b-9868-57a2d4851a1d" relativeResultsDirectory="987af277-8803-4dd7-aea0-742e0b3e58f5" />
    <UnitTestResult executionId="4cc8ee7d-e458-4a1e-b5a2-51464fcfa407" testId="79817e1f-04ab-46e9-a1fa-15da7f408f4b" testName="FormatToStringTest1000 (20454.142628653506,20454.14 zł)" computerName="DESKTOP-5URQ9PB" duration="00:00:00.0000065" startTime="2022-06-13T21:11:34.9831313+02:00" endTime="2022-06-13T21:11:34.9831998+02:00" testType="13cdc9d9-ddb5-4fa4-a97d-d965ccfc6d4b" outcome="Passed" testListId="8c84fa94-04c1-424b-9868-57a2d4851a1d" relativeResultsDirectory="4cc8ee7d-e458-4a1e-b5a2-51464fcfa407" />
    <UnitTestResult executionId="906127d6-4922-4c90-a127-eca715c9beec" testId="2422bd96-6349-41c6-90cc-efd84457e3f9" testName="FormatToStringTest1000 (79388.929555234,79388.93 zł)" computerName="DESKTOP-5URQ9PB" duration="00:00:00.0000069" startTime="2022-06-13T21:11:35.1543364+02:00" endTime="2022-06-13T21:11:35.1544125+02:00" testType="13cdc9d9-ddb5-4fa4-a97d-d965ccfc6d4b" outcome="Passed" testListId="8c84fa94-04c1-424b-9868-57a2d4851a1d" relativeResultsDirectory="906127d6-4922-4c90-a127-eca715c9beec" />
    <UnitTestResult executionId="32a75169-14d8-4edd-be82-131e56975267" testId="46fe384e-b82f-49af-aab2-6d0ad0fcf5e6" testName="FormatToStringTest1000 (4612.32080757633,4612.32 zł)" computerName="DESKTOP-5URQ9PB" duration="00:00:00.0000068" startTime="2022-06-13T21:11:35.1678237+02:00" endTime="2022-06-13T21:11:35.1678932+02:00" testType="13cdc9d9-ddb5-4fa4-a97d-d965ccfc6d4b" outcome="Passed" testListId="8c84fa94-04c1-424b-9868-57a2d4851a1d" relativeResultsDirectory="32a75169-14d8-4edd-be82-131e56975267" />
    <UnitTestResult executionId="623a7c43-b1e6-4ca4-80d9-cc3b17345300" testId="3518f0f4-2e55-4ca5-a96e-4be6d0aed22a" testName="FormatToStringTest1000 (19189.32381924117,19189.32 zł)" computerName="DESKTOP-5URQ9PB" duration="00:00:00.0000118" startTime="2022-06-13T21:11:34.9548620+02:00" endTime="2022-06-13T21:11:34.9550144+02:00" testType="13cdc9d9-ddb5-4fa4-a97d-d965ccfc6d4b" outcome="Passed" testListId="8c84fa94-04c1-424b-9868-57a2d4851a1d" relativeResultsDirectory="623a7c43-b1e6-4ca4-80d9-cc3b17345300" />
    <UnitTestResult executionId="33c2a11e-2dbe-426a-ae5e-a9a4f1b5a402" testId="a9cb230d-03cf-410e-98ab-62ef444f9bcf" testName="FormatToStringTest1000 (17835.54606576988,17835.55 zł)" computerName="DESKTOP-5URQ9PB" duration="00:00:00.0000064" startTime="2022-06-13T21:11:34.8957228+02:00" endTime="2022-06-13T21:11:34.8957912+02:00" testType="13cdc9d9-ddb5-4fa4-a97d-d965ccfc6d4b" outcome="Passed" testListId="8c84fa94-04c1-424b-9868-57a2d4851a1d" relativeResultsDirectory="33c2a11e-2dbe-426a-ae5e-a9a4f1b5a402" />
    <UnitTestResult executionId="32c4431d-8d55-404a-ae0e-10689f5994bb" testId="33b2b212-3d38-4943-ac67-6b6de0473370" testName="FormatToStringTest1000 (24308.26523149212,24308.27 zł)" computerName="DESKTOP-5URQ9PB" duration="00:00:00.0000072" startTime="2022-06-13T21:11:35.1801798+02:00" endTime="2022-06-13T21:11:35.1802584+02:00" testType="13cdc9d9-ddb5-4fa4-a97d-d965ccfc6d4b" outcome="Passed" testListId="8c84fa94-04c1-424b-9868-57a2d4851a1d" relativeResultsDirectory="32c4431d-8d55-404a-ae0e-10689f5994bb" />
    <UnitTestResult executionId="dc7e1222-7082-4bf6-9919-3070b7d82b8a" testId="e8512b93-9c5e-483b-a774-8eced554681b" testName="FormatToStringTest1000 (8851.904041135638,8851.90 zł)" computerName="DESKTOP-5URQ9PB" duration="00:00:00.0000065" startTime="2022-06-13T21:11:35.0742024+02:00" endTime="2022-06-13T21:11:35.0742699+02:00" testType="13cdc9d9-ddb5-4fa4-a97d-d965ccfc6d4b" outcome="Passed" testListId="8c84fa94-04c1-424b-9868-57a2d4851a1d" relativeResultsDirectory="dc7e1222-7082-4bf6-9919-3070b7d82b8a" />
    <UnitTestResult executionId="42df3b13-aee2-452d-83cd-5f8c47c103ca" testId="e3219895-eb33-4ce6-8963-007caeeec3a6" testName="FormatToStringTest1000 (34060.48467268724,34060.48 zł)" computerName="DESKTOP-5URQ9PB" duration="00:00:00.0000107" startTime="2022-06-13T21:11:35.1349073+02:00" endTime="2022-06-13T21:11:35.1350246+02:00" testType="13cdc9d9-ddb5-4fa4-a97d-d965ccfc6d4b" outcome="Passed" testListId="8c84fa94-04c1-424b-9868-57a2d4851a1d" relativeResultsDirectory="42df3b13-aee2-452d-83cd-5f8c47c103ca" />
    <UnitTestResult executionId="b83d2862-ddc6-437d-8bae-225b5fd8b1b8" testId="147d50ea-49b2-46c0-8d84-8b0962d0b944" testName="FormatToStringTest1000 (14719.97001409762,14719.97 zł)" computerName="DESKTOP-5URQ9PB" duration="00:00:00.0000065" startTime="2022-06-13T21:11:34.9255603+02:00" endTime="2022-06-13T21:11:34.9256287+02:00" testType="13cdc9d9-ddb5-4fa4-a97d-d965ccfc6d4b" outcome="Passed" testListId="8c84fa94-04c1-424b-9868-57a2d4851a1d" relativeResultsDirectory="b83d2862-ddc6-437d-8bae-225b5fd8b1b8" />
    <UnitTestResult executionId="8fa0fecc-aafe-4f36-b799-cb7dc6dc14d8" testId="4be6ac13-c32a-4cbd-8fbc-da6b9c270e53" testName="FormatToStringTest1000 (87505.85936583664,87505.86 zł)" computerName="DESKTOP-5URQ9PB" duration="00:00:00.0000068" startTime="2022-06-13T21:11:35.0710216+02:00" endTime="2022-06-13T21:11:35.0710988+02:00" testType="13cdc9d9-ddb5-4fa4-a97d-d965ccfc6d4b" outcome="Passed" testListId="8c84fa94-04c1-424b-9868-57a2d4851a1d" relativeResultsDirectory="8fa0fecc-aafe-4f36-b799-cb7dc6dc14d8" />
    <UnitTestResult executionId="fdc6bc9d-1498-4882-a81b-244910a2f529" testId="7c31aa45-f853-41a6-96c5-9b0fab7cd619" testName="FormatToStringTest1000 (158.49784791027093,158.50 zł)" computerName="DESKTOP-5URQ9PB" duration="00:00:00.0000064" startTime="2022-06-13T21:11:34.9220269+02:00" endTime="2022-06-13T21:11:34.9220951+02:00" testType="13cdc9d9-ddb5-4fa4-a97d-d965ccfc6d4b" outcome="Passed" testListId="8c84fa94-04c1-424b-9868-57a2d4851a1d" relativeResultsDirectory="fdc6bc9d-1498-4882-a81b-244910a2f529" />
    <UnitTestResult executionId="1ae72f2a-ddbc-49fa-a87f-d211891a6864" testId="b905be49-a5cd-4869-9575-f5a4bbd30439" testName="FormatToStringTest1000 (31805.23430354532,31805.23 zł)" computerName="DESKTOP-5URQ9PB" duration="00:00:00.0000064" startTime="2022-06-13T21:11:35.1334566+02:00" endTime="2022-06-13T21:11:35.1335216+02:00" testType="13cdc9d9-ddb5-4fa4-a97d-d965ccfc6d4b" outcome="Passed" testListId="8c84fa94-04c1-424b-9868-57a2d4851a1d" relativeResultsDirectory="1ae72f2a-ddbc-49fa-a87f-d211891a6864" />
    <UnitTestResult executionId="56e0ab06-fff9-4655-8a91-456487706264" testId="6f9297e7-a0df-4aa1-931f-c141293b577b" testName="FormatToStringTest1000 (20737.251994218328,20737.25 zł)" computerName="DESKTOP-5URQ9PB" duration="00:00:00.0000066" startTime="2022-06-13T21:11:34.9062782+02:00" endTime="2022-06-13T21:11:34.9063680+02:00" testType="13cdc9d9-ddb5-4fa4-a97d-d965ccfc6d4b" outcome="Passed" testListId="8c84fa94-04c1-424b-9868-57a2d4851a1d" relativeResultsDirectory="56e0ab06-fff9-4655-8a91-456487706264" />
    <UnitTestResult executionId="e062f1b7-886d-4ed2-b7d2-9850601b8c76" testId="c54a9998-3e74-41b9-8100-3fc87182c0d5" testName="FormatToStringTest1000 (32262.93788198984,32262.94 zł)" computerName="DESKTOP-5URQ9PB" duration="00:00:00.0000064" startTime="2022-06-13T21:11:35.0882013+02:00" endTime="2022-06-13T21:11:35.0882685+02:00" testType="13cdc9d9-ddb5-4fa4-a97d-d965ccfc6d4b" outcome="Passed" testListId="8c84fa94-04c1-424b-9868-57a2d4851a1d" relativeResultsDirectory="e062f1b7-886d-4ed2-b7d2-9850601b8c76" />
    <UnitTestResult executionId="a16e29c0-9db7-409d-b54d-d25a34511dcc" testId="5f68c510-bed5-40b0-8754-8273e8a2525a" testName="FormatToStringTest1000 (27942.393876474067,27942.39 zł)" computerName="DESKTOP-5URQ9PB" duration="00:00:00.0000064" startTime="2022-06-13T21:11:35.0952384+02:00" endTime="2022-06-13T21:11:35.0953037+02:00" testType="13cdc9d9-ddb5-4fa4-a97d-d965ccfc6d4b" outcome="Passed" testListId="8c84fa94-04c1-424b-9868-57a2d4851a1d" relativeResultsDirectory="a16e29c0-9db7-409d-b54d-d25a34511dcc" />
    <UnitTestResult executionId="c2eee008-fe17-4683-85a3-0ec401ad4983" testId="ef84f589-9ed1-4a93-a8d4-12318c34c64a" testName="FormatToStringTest1000 (8768.816937361293,8768.82 zł)" computerName="DESKTOP-5URQ9PB" duration="00:00:00.0000083" startTime="2022-06-13T21:11:34.8621588+02:00" endTime="2022-06-13T21:11:34.8622547+02:00" testType="13cdc9d9-ddb5-4fa4-a97d-d965ccfc6d4b" outcome="Passed" testListId="8c84fa94-04c1-424b-9868-57a2d4851a1d" relativeResultsDirectory="c2eee008-fe17-4683-85a3-0ec401ad4983" />
    <UnitTestResult executionId="8c64c24b-0bbc-46dc-b959-45d4e9394c64" testId="b3c59766-3200-4fa2-8342-f2016144204e" testName="FormatToStringTest1000 (31347.468987404587,31347.47 zł)" computerName="DESKTOP-5URQ9PB" duration="00:00:00.0000064" startTime="2022-06-13T21:11:35.1807695+02:00" endTime="2022-06-13T21:11:35.1808348+02:00" testType="13cdc9d9-ddb5-4fa4-a97d-d965ccfc6d4b" outcome="Passed" testListId="8c84fa94-04c1-424b-9868-57a2d4851a1d" relativeResultsDirectory="8c64c24b-0bbc-46dc-b959-45d4e9394c64" />
    <UnitTestResult executionId="6cfe3cc2-7589-416a-b3c5-ef2f2fde32c6" testId="d2b92ab3-de60-44fb-893f-6a4bec626506" testName="FormatToStringTest1000 (26468.346804109562,26468.35 zł)" computerName="DESKTOP-5URQ9PB" duration="00:00:00.0000071" startTime="2022-06-13T21:11:34.9718528+02:00" endTime="2022-06-13T21:11:34.9719409+02:00" testType="13cdc9d9-ddb5-4fa4-a97d-d965ccfc6d4b" outcome="Passed" testListId="8c84fa94-04c1-424b-9868-57a2d4851a1d" relativeResultsDirectory="6cfe3cc2-7589-416a-b3c5-ef2f2fde32c6" />
    <UnitTestResult executionId="69afa9aa-63a3-4a3d-8947-4cb222fd0870" testId="b2ebff06-52b9-40bb-a085-cd0fcfb0c28e" testName="FormatToStringTest1000 (22557.09603308099,22557.10 zł)" computerName="DESKTOP-5URQ9PB" duration="00:00:00.0000065" startTime="2022-06-13T21:11:34.9832174+02:00" endTime="2022-06-13T21:11:34.9832849+02:00" testType="13cdc9d9-ddb5-4fa4-a97d-d965ccfc6d4b" outcome="Passed" testListId="8c84fa94-04c1-424b-9868-57a2d4851a1d" relativeResultsDirectory="69afa9aa-63a3-4a3d-8947-4cb222fd0870" />
    <UnitTestResult executionId="8c9d4730-94f3-4e65-b334-8dfc029f935e" testId="0402074e-4ac8-43db-986d-93119e6949da" testName="FormatToStringTest1000 (26223.99769144412,26224.00 zł)" computerName="DESKTOP-5URQ9PB" duration="00:00:00.0000148" startTime="2022-06-13T21:11:34.9056865+02:00" endTime="2022-06-13T21:11:34.9058761+02:00" testType="13cdc9d9-ddb5-4fa4-a97d-d965ccfc6d4b" outcome="Passed" testListId="8c84fa94-04c1-424b-9868-57a2d4851a1d" relativeResultsDirectory="8c9d4730-94f3-4e65-b334-8dfc029f935e" />
    <UnitTestResult executionId="02ac3b10-eedb-449a-b844-64cdd4e57091" testId="06cf226c-7175-44ca-824e-69cc9832673f" testName="FormatToStringTest1000 (10066.059180456241,10066.06 zł)" computerName="DESKTOP-5URQ9PB" duration="00:00:00.0000065" startTime="2022-06-13T21:11:35.1653148+02:00" endTime="2022-06-13T21:11:35.1653858+02:00" testType="13cdc9d9-ddb5-4fa4-a97d-d965ccfc6d4b" outcome="Passed" testListId="8c84fa94-04c1-424b-9868-57a2d4851a1d" relativeResultsDirectory="02ac3b10-eedb-449a-b844-64cdd4e57091" />
    <UnitTestResult executionId="a1eee302-d309-4072-b54b-52b3a9de458e" testId="4535b062-9422-45f8-a788-928374abb36a" testName="FormatToStringTest1000 (7377.5644264340235,7377.56 zł)" computerName="DESKTOP-5URQ9PB" duration="00:00:00.0000071" startTime="2022-06-13T21:11:35.1710486+02:00" endTime="2022-06-13T21:11:35.1711140+02:00" testType="13cdc9d9-ddb5-4fa4-a97d-d965ccfc6d4b" outcome="Passed" testListId="8c84fa94-04c1-424b-9868-57a2d4851a1d" relativeResultsDirectory="a1eee302-d309-4072-b54b-52b3a9de458e" />
    <UnitTestResult executionId="e244459f-6071-4d35-ad1a-e68934cd3862" testId="3b15b255-9fad-48e9-8014-8406da3abff5" testName="FormatToStringTest1000 (9818.257405763146,9818.26 zł)" computerName="DESKTOP-5URQ9PB" duration="00:00:00.0000066" startTime="2022-06-13T21:11:35.1308193+02:00" endTime="2022-06-13T21:11:35.1308866+02:00" testType="13cdc9d9-ddb5-4fa4-a97d-d965ccfc6d4b" outcome="Passed" testListId="8c84fa94-04c1-424b-9868-57a2d4851a1d" relativeResultsDirectory="e244459f-6071-4d35-ad1a-e68934cd3862" />
    <UnitTestResult executionId="f28fb189-b6d3-4710-b760-702c55f79eb8" testId="a6ecb290-d5a1-4271-aa92-dd5b0d8815e8" testName="FormatToStringTest1000 (2951.2722077329045,2951.27 zł)" computerName="DESKTOP-5URQ9PB" duration="00:00:00.0000066" startTime="2022-06-13T21:11:34.9387893+02:00" endTime="2022-06-13T21:11:34.9388599+02:00" testType="13cdc9d9-ddb5-4fa4-a97d-d965ccfc6d4b" outcome="Passed" testListId="8c84fa94-04c1-424b-9868-57a2d4851a1d" relativeResultsDirectory="f28fb189-b6d3-4710-b760-702c55f79eb8" />
    <UnitTestResult executionId="7b652f63-521b-4fcc-8fe5-c2ae0b2616fa" testId="61bc7806-8299-45bd-b032-4e19e4dd6999" testName="FormatToStringTest1000 (30410.68214617003,30410.68 zł)" computerName="DESKTOP-5URQ9PB" duration="00:00:00.0000082" startTime="2022-06-13T21:11:35.0652480+02:00" endTime="2022-06-13T21:11:35.0653324+02:00" testType="13cdc9d9-ddb5-4fa4-a97d-d965ccfc6d4b" outcome="Passed" testListId="8c84fa94-04c1-424b-9868-57a2d4851a1d" relativeResultsDirectory="7b652f63-521b-4fcc-8fe5-c2ae0b2616fa" />
    <UnitTestResult executionId="80c72f05-8dd4-4c0c-ba03-995a807b85db" testId="813a125e-303a-474a-a25c-dcc2761c8191" testName="FormatToStringTest1000 (19216.446905020366,19216.45 zł)" computerName="DESKTOP-5URQ9PB" duration="00:00:00.0000064" startTime="2022-06-13T21:11:34.8994396+02:00" endTime="2022-06-13T21:11:34.8995070+02:00" testType="13cdc9d9-ddb5-4fa4-a97d-d965ccfc6d4b" outcome="Passed" testListId="8c84fa94-04c1-424b-9868-57a2d4851a1d" relativeResultsDirectory="80c72f05-8dd4-4c0c-ba03-995a807b85db" />
    <UnitTestResult executionId="acd65e2a-808f-488b-912b-fb17d6ca0123" testId="83d4e696-c905-4058-a4ba-039740979433" testName="FormatToStringTest1000 (19500.031951036784,19500.03 zł)" computerName="DESKTOP-5URQ9PB" duration="00:00:00.0000064" startTime="2022-06-13T21:11:34.9133054+02:00" endTime="2022-06-13T21:11:34.9133799+02:00" testType="13cdc9d9-ddb5-4fa4-a97d-d965ccfc6d4b" outcome="Passed" testListId="8c84fa94-04c1-424b-9868-57a2d4851a1d" relativeResultsDirectory="acd65e2a-808f-488b-912b-fb17d6ca0123" />
    <UnitTestResult executionId="433cded8-de64-4c81-b6d0-52841231f240" testId="474be0fb-984e-4d9a-88f4-de7476073b11" testName="FormatToStringTest1000 (45455.14554704127,45455.15 zł)" computerName="DESKTOP-5URQ9PB" duration="00:00:00.0000064" startTime="2022-06-13T21:11:35.0135669+02:00" endTime="2022-06-13T21:11:35.0136350+02:00" testType="13cdc9d9-ddb5-4fa4-a97d-d965ccfc6d4b" outcome="Passed" testListId="8c84fa94-04c1-424b-9868-57a2d4851a1d" relativeResultsDirectory="433cded8-de64-4c81-b6d0-52841231f240" />
    <UnitTestResult executionId="6c70234b-6393-4db6-8939-3cacb7e33716" testId="0420545d-28ca-4114-aa72-5c1ef1443e86" testName="FormatToStringTest1000 (39314.52353688401,39314.52 zł)" computerName="DESKTOP-5URQ9PB" duration="00:00:00.0000064" startTime="2022-06-13T21:11:35.1288125+02:00" endTime="2022-06-13T21:11:35.1288776+02:00" testType="13cdc9d9-ddb5-4fa4-a97d-d965ccfc6d4b" outcome="Passed" testListId="8c84fa94-04c1-424b-9868-57a2d4851a1d" relativeResultsDirectory="6c70234b-6393-4db6-8939-3cacb7e33716" />
    <UnitTestResult executionId="5bba2908-b595-4c2a-bcab-cbd63deb657a" testId="404bb1c9-81c9-460a-b7b5-1e37bb52c18b" testName="FormatToStringTest1000 (26133.133789601336,26133.13 zł)" computerName="DESKTOP-5URQ9PB" duration="00:00:00.0000068" startTime="2022-06-13T21:11:34.8921800+02:00" endTime="2022-06-13T21:11:34.8922662+02:00" testType="13cdc9d9-ddb5-4fa4-a97d-d965ccfc6d4b" outcome="Passed" testListId="8c84fa94-04c1-424b-9868-57a2d4851a1d" relativeResultsDirectory="5bba2908-b595-4c2a-bcab-cbd63deb657a" />
    <UnitTestResult executionId="5f151d1c-96b9-4070-bd63-ac29577417bb" testId="c34c3113-2e8e-4002-a168-0fb9f9db7f5d" testName="FormatToStringTest1000 (60299.23738666309,60299.24 zł)" computerName="DESKTOP-5URQ9PB" duration="00:00:00.0000066" startTime="2022-06-13T21:11:35.0649430+02:00" endTime="2022-06-13T21:11:35.0650114+02:00" testType="13cdc9d9-ddb5-4fa4-a97d-d965ccfc6d4b" outcome="Passed" testListId="8c84fa94-04c1-424b-9868-57a2d4851a1d" relativeResultsDirectory="5f151d1c-96b9-4070-bd63-ac29577417bb" />
    <UnitTestResult executionId="95e99b22-1901-4e29-85b2-198aac6b5853" testId="06f0916f-45f2-469a-baa2-583636f1da27" testName="FormatToStringTest1000 (30320.450517486992,30320.45 zł)" computerName="DESKTOP-5URQ9PB" duration="00:00:00.0000311" startTime="2022-06-13T21:11:35.0582059+02:00" endTime="2022-06-13T21:11:35.0583795+02:00" testType="13cdc9d9-ddb5-4fa4-a97d-d965ccfc6d4b" outcome="Passed" testListId="8c84fa94-04c1-424b-9868-57a2d4851a1d" relativeResultsDirectory="95e99b22-1901-4e29-85b2-198aac6b5853" />
    <UnitTestResult executionId="ce2f0896-23a2-457e-adf1-063e30ab9857" testId="2e642b71-098b-46cb-98c0-15d69f3ddf47" testName="FormatToStringTest1000 (56286.70397975702,56286.70 zł)" computerName="DESKTOP-5URQ9PB" duration="00:00:00.0000070" startTime="2022-06-13T21:11:35.1227267+02:00" endTime="2022-06-13T21:11:35.1228069+02:00" testType="13cdc9d9-ddb5-4fa4-a97d-d965ccfc6d4b" outcome="Passed" testListId="8c84fa94-04c1-424b-9868-57a2d4851a1d" relativeResultsDirectory="ce2f0896-23a2-457e-adf1-063e30ab9857" />
    <UnitTestResult executionId="309774be-6293-451a-afe7-949ea9c9e0e1" testId="dd3f6766-b505-4a4b-998b-a70ed7bc613c" testName="FormatToStringTest1000 (22248.263319677797,22248.26 zł)" computerName="DESKTOP-5URQ9PB" duration="00:00:00.0000449" startTime="2022-06-13T21:11:35.0446206+02:00" endTime="2022-06-13T21:11:35.0451876+02:00" testType="13cdc9d9-ddb5-4fa4-a97d-d965ccfc6d4b" outcome="Passed" testListId="8c84fa94-04c1-424b-9868-57a2d4851a1d" relativeResultsDirectory="309774be-6293-451a-afe7-949ea9c9e0e1" />
    <UnitTestResult executionId="e325c46a-f331-4455-9f81-d997c10f49a9" testId="ff639261-a585-4326-9236-3bfbc4dad246" testName="FormatToStringTest1000 (9765.54450809748,9765.54 zł)" computerName="DESKTOP-5URQ9PB" duration="00:00:00.0000067" startTime="2022-06-13T21:11:34.9388787+02:00" endTime="2022-06-13T21:11:34.9389473+02:00" testType="13cdc9d9-ddb5-4fa4-a97d-d965ccfc6d4b" outcome="Passed" testListId="8c84fa94-04c1-424b-9868-57a2d4851a1d" relativeResultsDirectory="e325c46a-f331-4455-9f81-d997c10f49a9" />
    <UnitTestResult executionId="8d2b084f-8340-41f7-aac2-59e08978f419" testId="f1325714-a6d0-44df-b0de-bc537107645d" testName="FormatToStringTest1000 (11157.981051815665,11157.98 zł)" computerName="DESKTOP-5URQ9PB" duration="00:00:00.0000072" startTime="2022-06-13T21:11:35.0201932+02:00" endTime="2022-06-13T21:11:35.0202618+02:00" testType="13cdc9d9-ddb5-4fa4-a97d-d965ccfc6d4b" outcome="Passed" testListId="8c84fa94-04c1-424b-9868-57a2d4851a1d" relativeResultsDirectory="8d2b084f-8340-41f7-aac2-59e08978f419" />
    <UnitTestResult executionId="81c790d7-44f3-47e0-85ca-35311bd2b2d7" testId="438aaa98-6eb7-4e3a-8809-2059b8dfd2fc" testName="FormatToStringTest1000 (35065.40267025652,35065.40 zł)" computerName="DESKTOP-5URQ9PB" duration="00:00:00.0000065" startTime="2022-06-13T21:11:35.1287308+02:00" endTime="2022-06-13T21:11:35.1287952+02:00" testType="13cdc9d9-ddb5-4fa4-a97d-d965ccfc6d4b" outcome="Passed" testListId="8c84fa94-04c1-424b-9868-57a2d4851a1d" relativeResultsDirectory="81c790d7-44f3-47e0-85ca-35311bd2b2d7" />
    <UnitTestResult executionId="211fc6a4-75c7-41fc-97b9-29f0836751dc" testId="d41ce57b-fed8-4c7f-a33e-6c2f31c7bdd1" testName="FormatToStringTest1000 (24768.25771770359,24768.26 zł)" computerName="DESKTOP-5URQ9PB" duration="00:00:00.0000064" startTime="2022-06-13T21:11:34.9835656+02:00" endTime="2022-06-13T21:11:34.9836327+02:00" testType="13cdc9d9-ddb5-4fa4-a97d-d965ccfc6d4b" outcome="Passed" testListId="8c84fa94-04c1-424b-9868-57a2d4851a1d" relativeResultsDirectory="211fc6a4-75c7-41fc-97b9-29f0836751dc" />
    <UnitTestResult executionId="3224b579-32d2-46c9-8aae-70c6e54593ed" testId="87a18366-af45-48b3-8efc-97c4691fb25e" testName="FormatToStringTest1000 (6057.842750804426,6057.84 zł)" computerName="DESKTOP-5URQ9PB" duration="00:00:00.0000064" startTime="2022-06-13T21:11:34.9028117+02:00" endTime="2022-06-13T21:11:34.9028808+02:00" testType="13cdc9d9-ddb5-4fa4-a97d-d965ccfc6d4b" outcome="Passed" testListId="8c84fa94-04c1-424b-9868-57a2d4851a1d" relativeResultsDirectory="3224b579-32d2-46c9-8aae-70c6e54593ed" />
    <UnitTestResult executionId="18766e16-0f31-4a04-8231-1b3207d3dc0b" testId="e70f7a01-776b-4514-8ca7-73c5b717f8b3" testName="FormatToStringTest1000 (11494.27761332238,11494.28 zł)" computerName="DESKTOP-5URQ9PB" duration="00:00:00.0000064" startTime="2022-06-13T21:11:34.9617219+02:00" endTime="2022-06-13T21:11:34.9617960+02:00" testType="13cdc9d9-ddb5-4fa4-a97d-d965ccfc6d4b" outcome="Passed" testListId="8c84fa94-04c1-424b-9868-57a2d4851a1d" relativeResultsDirectory="18766e16-0f31-4a04-8231-1b3207d3dc0b" />
    <UnitTestResult executionId="6edd4f5e-caf7-436e-b5d0-df16808a6cc5" testId="343b6dcc-11cf-46de-b546-6ddf583a4735" testName="FormatToStringTest1000 (941.429400278921,941.43 zł)" computerName="DESKTOP-5URQ9PB" duration="00:00:00.0000072" startTime="2022-06-13T21:11:34.9933443+02:00" endTime="2022-06-13T21:11:34.9934334+02:00" testType="13cdc9d9-ddb5-4fa4-a97d-d965ccfc6d4b" outcome="Passed" testListId="8c84fa94-04c1-424b-9868-57a2d4851a1d" relativeResultsDirectory="6edd4f5e-caf7-436e-b5d0-df16808a6cc5" />
    <UnitTestResult executionId="52804167-b891-4edc-9c37-7efcdab7ae18" testId="5f7255bb-7936-45ef-809f-b62ed88d6fdc" testName="FormatToStringTest1000 (1994.0983933439006,1994.10 zł)" computerName="DESKTOP-5URQ9PB" duration="00:00:00.0000065" startTime="2022-06-13T21:11:35.1855860+02:00" endTime="2022-06-13T21:11:35.1856521+02:00" testType="13cdc9d9-ddb5-4fa4-a97d-d965ccfc6d4b" outcome="Passed" testListId="8c84fa94-04c1-424b-9868-57a2d4851a1d" relativeResultsDirectory="52804167-b891-4edc-9c37-7efcdab7ae18" />
    <UnitTestResult executionId="ebff6d4b-4ebc-4f07-8d86-7924a30330b6" testId="399d9acd-efaf-4b42-9295-8c1cee496a0f" testName="FormatToStringTest1000 (46790.41011887715,46790.41 zł)" computerName="DESKTOP-5URQ9PB" duration="00:00:00.0000074" startTime="2022-06-13T21:11:35.0655601+02:00" endTime="2022-06-13T21:11:35.0656329+02:00" testType="13cdc9d9-ddb5-4fa4-a97d-d965ccfc6d4b" outcome="Passed" testListId="8c84fa94-04c1-424b-9868-57a2d4851a1d" relativeResultsDirectory="ebff6d4b-4ebc-4f07-8d86-7924a30330b6" />
    <UnitTestResult executionId="c0c27940-3730-4a78-87cf-97edd2210e48" testId="1746f239-8df5-40da-bea2-690fba9f9eb8" testName="FormatToStringTest1000 (67109.22110940759,67109.22 zł)" computerName="DESKTOP-5URQ9PB" duration="00:00:00.0000153" startTime="2022-06-13T21:11:35.1605207+02:00" endTime="2022-06-13T21:11:35.1607013+02:00" testType="13cdc9d9-ddb5-4fa4-a97d-d965ccfc6d4b" outcome="Passed" testListId="8c84fa94-04c1-424b-9868-57a2d4851a1d" relativeResultsDirectory="c0c27940-3730-4a78-87cf-97edd2210e48" />
    <UnitTestResult executionId="95113226-53f7-4abc-b670-4efb94356fde" testId="fcb7c1e1-c05b-4ad8-8a87-b994845ec039" testName="FormatToStringTest1000 (12187.551827252633,12187.55 zł)" computerName="DESKTOP-5URQ9PB" duration="00:00:00.0000071" startTime="2022-06-13T21:11:34.9484001+02:00" endTime="2022-06-13T21:11:34.9484749+02:00" testType="13cdc9d9-ddb5-4fa4-a97d-d965ccfc6d4b" outcome="Passed" testListId="8c84fa94-04c1-424b-9868-57a2d4851a1d" relativeResultsDirectory="95113226-53f7-4abc-b670-4efb94356fde" />
    <UnitTestResult executionId="1908c016-b693-41b0-80d6-89c3c6b9c3eb" testId="ded9ade0-db24-45c7-b63b-caf94fc1dd39" testName="FormatToStringTest1000 (26945.125386551546,26945.13 zł)" computerName="DESKTOP-5URQ9PB" duration="00:00:00.0000065" startTime="2022-06-13T21:11:34.9028982+02:00" endTime="2022-06-13T21:11:34.9029664+02:00" testType="13cdc9d9-ddb5-4fa4-a97d-d965ccfc6d4b" outcome="Passed" testListId="8c84fa94-04c1-424b-9868-57a2d4851a1d" relativeResultsDirectory="1908c016-b693-41b0-80d6-89c3c6b9c3eb" />
    <UnitTestResult executionId="716a52aa-691b-426b-b72b-de28578bbf44" testId="63d0bafe-f51a-46a9-8965-3995c1522def" testName="FormatToStringTest1000 (45035.160883881224,45035.16 zł)" computerName="DESKTOP-5URQ9PB" duration="00:00:00.0000071" startTime="2022-06-13T21:11:34.8669209+02:00" endTime="2022-06-13T21:11:34.8669962+02:00" testType="13cdc9d9-ddb5-4fa4-a97d-d965ccfc6d4b" outcome="Passed" testListId="8c84fa94-04c1-424b-9868-57a2d4851a1d" relativeResultsDirectory="716a52aa-691b-426b-b72b-de28578bbf44" />
    <UnitTestResult executionId="1816e8c5-23eb-4a8e-a3e4-bc377cab8d6b" testId="6e1392c6-31f6-4207-9b05-3ef364db8257" testName="FormatToStringTest1000 (16427.591943671738,16427.59 zł)" computerName="DESKTOP-5URQ9PB" duration="00:00:00.0000303" startTime="2022-06-13T21:11:35.0595047+02:00" endTime="2022-06-13T21:11:35.0596843+02:00" testType="13cdc9d9-ddb5-4fa4-a97d-d965ccfc6d4b" outcome="Passed" testListId="8c84fa94-04c1-424b-9868-57a2d4851a1d" relativeResultsDirectory="1816e8c5-23eb-4a8e-a3e4-bc377cab8d6b" />
    <UnitTestResult executionId="26d92d14-70b7-4f3b-9726-989ca60fd17a" testId="4420bad0-ef77-4c0f-b8cf-d36eac025d17" testName="FormatToStringTest1000 (32821.05661472215,32821.06 zł)" computerName="DESKTOP-5URQ9PB" duration="00:00:00.0000064" startTime="2022-06-13T21:11:35.1167977+02:00" endTime="2022-06-13T21:11:35.1168626+02:00" testType="13cdc9d9-ddb5-4fa4-a97d-d965ccfc6d4b" outcome="Passed" testListId="8c84fa94-04c1-424b-9868-57a2d4851a1d" relativeResultsDirectory="26d92d14-70b7-4f3b-9726-989ca60fd17a" />
    <UnitTestResult executionId="976f18e5-27d6-40c7-8cd8-8a1ed346d1e4" testId="5ae78d06-55ae-407a-b039-67acfa595423" testName="FormatToStringTest1000 (20249.56614074277,20249.57 zł)" computerName="DESKTOP-5URQ9PB" duration="00:00:00.0000066" startTime="2022-06-13T21:11:34.9093290+02:00" endTime="2022-06-13T21:11:34.9094131+02:00" testType="13cdc9d9-ddb5-4fa4-a97d-d965ccfc6d4b" outcome="Passed" testListId="8c84fa94-04c1-424b-9868-57a2d4851a1d" relativeResultsDirectory="976f18e5-27d6-40c7-8cd8-8a1ed346d1e4" />
    <UnitTestResult executionId="985c5ad6-a5b7-427c-983b-13e9d8f7fa01" testId="48717589-c1cc-47a5-b52f-9973dd1ff796" testName="FormatToStringTest1000 (40889.35187774214,40889.35 zł)" computerName="DESKTOP-5URQ9PB" duration="00:00:00.0000068" startTime="2022-06-13T21:11:35.1494494+02:00" endTime="2022-06-13T21:11:35.1495213+02:00" testType="13cdc9d9-ddb5-4fa4-a97d-d965ccfc6d4b" outcome="Passed" testListId="8c84fa94-04c1-424b-9868-57a2d4851a1d" relativeResultsDirectory="985c5ad6-a5b7-427c-983b-13e9d8f7fa01" />
    <UnitTestResult executionId="a071909b-0948-4344-9932-e2154ef4e393" testId="a3eb7614-43ea-4146-b4b8-bd59238d3f6f" testName="FormatToStringTest1000 (24566.50251371856,24566.50 zł)" computerName="DESKTOP-5URQ9PB" duration="00:00:00.0000074" startTime="2022-06-13T21:11:35.0787087+02:00" endTime="2022-06-13T21:11:35.0787992+02:00" testType="13cdc9d9-ddb5-4fa4-a97d-d965ccfc6d4b" outcome="Passed" testListId="8c84fa94-04c1-424b-9868-57a2d4851a1d" relativeResultsDirectory="a071909b-0948-4344-9932-e2154ef4e393" />
    <UnitTestResult executionId="39965bed-1e2b-44cd-b170-addaed12b0e8" testId="70e6e8e1-f29b-474e-93c8-7e8b48747425" testName="FormatToStringTest1000 (5566.818038455592,5566.82 zł)" computerName="DESKTOP-5URQ9PB" duration="00:00:00.0000066" startTime="2022-06-13T21:11:35.1307311+02:00" endTime="2022-06-13T21:11:35.1308011+02:00" testType="13cdc9d9-ddb5-4fa4-a97d-d965ccfc6d4b" outcome="Passed" testListId="8c84fa94-04c1-424b-9868-57a2d4851a1d" relativeResultsDirectory="39965bed-1e2b-44cd-b170-addaed12b0e8" />
    <UnitTestResult executionId="31eb922e-8eb8-4d00-bd28-02b9f3b48ef2" testId="bda94219-ab97-4877-b63e-06a41c60d8b8" testName="FormatToStringTest1000 (17098.491445727876,17098.49 zł)" computerName="DESKTOP-5URQ9PB" duration="00:00:00.0000063" startTime="2022-06-13T21:11:35.0904281+02:00" endTime="2022-06-13T21:11:35.0904939+02:00" testType="13cdc9d9-ddb5-4fa4-a97d-d965ccfc6d4b" outcome="Passed" testListId="8c84fa94-04c1-424b-9868-57a2d4851a1d" relativeResultsDirectory="31eb922e-8eb8-4d00-bd28-02b9f3b48ef2" />
    <UnitTestResult executionId="5f2028c3-7550-4be2-b268-be65834e8b54" testId="f91ff00f-444c-4d58-ad78-184b4f55c3fa" testName="FormatToStringTest1000 (52888.48934243642,52888.49 zł)" computerName="DESKTOP-5URQ9PB" duration="00:00:00.0000064" startTime="2022-06-13T21:11:35.0333408+02:00" endTime="2022-06-13T21:11:35.0334097+02:00" testType="13cdc9d9-ddb5-4fa4-a97d-d965ccfc6d4b" outcome="Passed" testListId="8c84fa94-04c1-424b-9868-57a2d4851a1d" relativeResultsDirectory="5f2028c3-7550-4be2-b268-be65834e8b54" />
    <UnitTestResult executionId="13425b73-9aae-42d9-9166-ca9cfc507ab2" testId="3c129306-0700-4dad-90af-8f95c9efc40c" testName="FormatToStringTest1000 (30020.248557890412,30020.25 zł)" computerName="DESKTOP-5URQ9PB" duration="00:00:00.0000067" startTime="2022-06-13T21:11:35.1071341+02:00" endTime="2022-06-13T21:11:35.1072037+02:00" testType="13cdc9d9-ddb5-4fa4-a97d-d965ccfc6d4b" outcome="Passed" testListId="8c84fa94-04c1-424b-9868-57a2d4851a1d" relativeResultsDirectory="13425b73-9aae-42d9-9166-ca9cfc507ab2" />
    <UnitTestResult executionId="9f336a06-289b-48b6-b16a-52a94ab1ac24" testId="cfa5b7f8-6dd3-4a8b-8f1b-3ef88e785c1a" testName="FormatToStringTest1000 (44361.82678515177,44361.83 zł)" computerName="DESKTOP-5URQ9PB" duration="00:00:00.0000139" startTime="2022-06-13T21:11:35.1832858+02:00" endTime="2022-06-13T21:11:35.1833586+02:00" testType="13cdc9d9-ddb5-4fa4-a97d-d965ccfc6d4b" outcome="Passed" testListId="8c84fa94-04c1-424b-9868-57a2d4851a1d" relativeResultsDirectory="9f336a06-289b-48b6-b16a-52a94ab1ac24" />
    <UnitTestResult executionId="864d6f80-0cc7-4a18-8a41-a5ce378a3194" testId="dc7268b8-adb6-41c5-aac3-c33907f0f982" testName="FormatToStringTest1000 (1884.4923513031063,1884.49 zł)" computerName="DESKTOP-5URQ9PB" duration="00:00:00.0000063" startTime="2022-06-13T21:11:35.0835579+02:00" endTime="2022-06-13T21:11:35.0836243+02:00" testType="13cdc9d9-ddb5-4fa4-a97d-d965ccfc6d4b" outcome="Passed" testListId="8c84fa94-04c1-424b-9868-57a2d4851a1d" relativeResultsDirectory="864d6f80-0cc7-4a18-8a41-a5ce378a3194" />
    <UnitTestResult executionId="b662ec75-64d9-4220-9bbc-14772290ba3a" testId="3b448534-f228-479c-a2bc-6e3e6c3642e1" testName="FormatToStringTest1000 (8802.811382028653,8802.81 zł)" computerName="DESKTOP-5URQ9PB" duration="00:00:00.0000067" startTime="2022-06-13T21:11:34.9485835+02:00" endTime="2022-06-13T21:11:34.9486531+02:00" testType="13cdc9d9-ddb5-4fa4-a97d-d965ccfc6d4b" outcome="Passed" testListId="8c84fa94-04c1-424b-9868-57a2d4851a1d" relativeResultsDirectory="b662ec75-64d9-4220-9bbc-14772290ba3a" />
    <UnitTestResult executionId="34b81eb2-434e-47b3-865e-b5d813583e85" testId="c5d14bce-4c64-432a-9683-819bf2c92b9d" testName="FormatToStringTest1000 (1011.9989482094529,1012.00 zł)" computerName="DESKTOP-5URQ9PB" duration="00:00:00.0000068" startTime="2022-06-13T21:11:35.1032823+02:00" endTime="2022-06-13T21:11:35.1033624+02:00" testType="13cdc9d9-ddb5-4fa4-a97d-d965ccfc6d4b" outcome="Passed" testListId="8c84fa94-04c1-424b-9868-57a2d4851a1d" relativeResultsDirectory="34b81eb2-434e-47b3-865e-b5d813583e85" />
    <UnitTestResult executionId="cce9ce6f-8325-41b2-a113-5e11b72496c8" testId="c49ce748-9fe9-4640-8eab-1c3114c517cb" testName="FormatToStringTest1000 (73151.83675918348,73151.84 zł)" computerName="DESKTOP-5URQ9PB" duration="00:00:00.0000064" startTime="2022-06-13T21:11:35.1803653+02:00" endTime="2022-06-13T21:11:35.1804305+02:00" testType="13cdc9d9-ddb5-4fa4-a97d-d965ccfc6d4b" outcome="Passed" testListId="8c84fa94-04c1-424b-9868-57a2d4851a1d" relativeResultsDirectory="cce9ce6f-8325-41b2-a113-5e11b72496c8" />
    <UnitTestResult executionId="d62ce87d-768c-42e4-8238-fd639750829e" testId="a1cd7885-00af-4d78-b3b7-9ef0fff32234" testName="FormatToStringTest1000 (68507.83928906724,68507.84 zł)" computerName="DESKTOP-5URQ9PB" duration="00:00:00.0000063" startTime="2022-06-13T21:11:35.1674000+02:00" endTime="2022-06-13T21:11:35.1674662+02:00" testType="13cdc9d9-ddb5-4fa4-a97d-d965ccfc6d4b" outcome="Passed" testListId="8c84fa94-04c1-424b-9868-57a2d4851a1d" relativeResultsDirectory="d62ce87d-768c-42e4-8238-fd639750829e" />
    <UnitTestResult executionId="5f014d33-cd98-47a6-86b0-3b2a5e648c8b" testId="af2dc977-1514-4e89-8374-7d8b86314f7a" testName="FormatToStringTest1000 (40035.54711080787,40035.55 zł)" computerName="DESKTOP-5URQ9PB" duration="00:00:00.0000065" startTime="2022-06-13T21:11:34.9517078+02:00" endTime="2022-06-13T21:11:34.9517755+02:00" testType="13cdc9d9-ddb5-4fa4-a97d-d965ccfc6d4b" outcome="Passed" testListId="8c84fa94-04c1-424b-9868-57a2d4851a1d" relativeResultsDirectory="5f014d33-cd98-47a6-86b0-3b2a5e648c8b" />
    <UnitTestResult executionId="043ee42e-bca0-46d5-993e-5957eea46f92" testId="75e720a1-0263-44ca-a721-1eca21827a75" testName="FormatToStringTest1000 (20527.270339210645,20527.27 zł)" computerName="DESKTOP-5URQ9PB" duration="00:00:00.0000065" startTime="2022-06-13T21:11:35.1874181+02:00" endTime="2022-06-13T21:11:35.1874845+02:00" testType="13cdc9d9-ddb5-4fa4-a97d-d965ccfc6d4b" outcome="Passed" testListId="8c84fa94-04c1-424b-9868-57a2d4851a1d" relativeResultsDirectory="043ee42e-bca0-46d5-993e-5957eea46f92" />
    <UnitTestResult executionId="77cee166-abb3-4163-ae29-3cfa7b712e46" testId="52c0c626-99ae-4e96-aff8-0282f93f5bfb" testName="FormatToStringTest1000 (4669.392596858271,4669.39 zł)" computerName="DESKTOP-5URQ9PB" duration="00:00:00.0000076" startTime="2022-06-13T21:11:34.9517934+02:00" endTime="2022-06-13T21:11:34.9518617+02:00" testType="13cdc9d9-ddb5-4fa4-a97d-d965ccfc6d4b" outcome="Passed" testListId="8c84fa94-04c1-424b-9868-57a2d4851a1d" relativeResultsDirectory="77cee166-abb3-4163-ae29-3cfa7b712e46" />
    <UnitTestResult executionId="0c8516bb-079b-4252-a9c5-57fa315ccf57" testId="63bc96ff-86ec-4652-b54c-1556faaaf179" testName="FormatToStringTest1000 (10914.360814625099,10914.36 zł)" computerName="DESKTOP-5URQ9PB" duration="00:00:00.0000067" startTime="2022-06-13T21:11:34.8036646+02:00" endTime="2022-06-13T21:11:34.8037356+02:00" testType="13cdc9d9-ddb5-4fa4-a97d-d965ccfc6d4b" outcome="Passed" testListId="8c84fa94-04c1-424b-9868-57a2d4851a1d" relativeResultsDirectory="0c8516bb-079b-4252-a9c5-57fa315ccf57" />
    <UnitTestResult executionId="f732021f-478a-4f49-806a-82357e4a5134" testId="48e19e5d-0be2-419a-9e9e-290cfbd3b432" testName="FormatToStringTest1000 (30199.386730006612,30199.39 zł)" computerName="DESKTOP-5URQ9PB" duration="00:00:00.0000065" startTime="2022-06-13T21:11:35.1729248+02:00" endTime="2022-06-13T21:11:35.1729900+02:00" testType="13cdc9d9-ddb5-4fa4-a97d-d965ccfc6d4b" outcome="Passed" testListId="8c84fa94-04c1-424b-9868-57a2d4851a1d" relativeResultsDirectory="f732021f-478a-4f49-806a-82357e4a5134" />
    <UnitTestResult executionId="98a3e78a-c64a-4dd7-b1b7-d9a41dbf351e" testId="75b09b59-4560-4e3a-8586-92c4e260e5b2" testName="FormatToStringTest1000 (21785.42157155528,21785.42 zł)" computerName="DESKTOP-5URQ9PB" duration="00:00:00.0000066" startTime="2022-06-13T21:11:35.1564998+02:00" endTime="2022-06-13T21:11:35.1565670+02:00" testType="13cdc9d9-ddb5-4fa4-a97d-d965ccfc6d4b" outcome="Passed" testListId="8c84fa94-04c1-424b-9868-57a2d4851a1d" relativeResultsDirectory="98a3e78a-c64a-4dd7-b1b7-d9a41dbf351e" />
    <UnitTestResult executionId="fc90c4ec-4cba-47f0-b960-439af5af1f82" testId="a9a7feb2-c95b-4828-96a7-bf44a18d1fe9" testName="FormatToStringTest1000 (3506.8456124108498,3506.85 zł)" computerName="DESKTOP-5URQ9PB" duration="00:00:00.0000153" startTime="2022-06-13T21:11:34.9126337+02:00" endTime="2022-06-13T21:11:34.9128243+02:00" testType="13cdc9d9-ddb5-4fa4-a97d-d965ccfc6d4b" outcome="Passed" testListId="8c84fa94-04c1-424b-9868-57a2d4851a1d" relativeResultsDirectory="fc90c4ec-4cba-47f0-b960-439af5af1f82" />
    <UnitTestResult executionId="8b199c2e-e0b8-47ae-bff4-c43b855ce792" testId="38bb9850-3cac-4fa3-92a7-da91c38e05c9" testName="FormatToStringTest1000 (29417.800422138444,29417.80 zł)" computerName="DESKTOP-5URQ9PB" duration="00:00:00.0000065" startTime="2022-06-13T21:11:34.9521340+02:00" endTime="2022-06-13T21:11:34.9522023+02:00" testType="13cdc9d9-ddb5-4fa4-a97d-d965ccfc6d4b" outcome="Passed" testListId="8c84fa94-04c1-424b-9868-57a2d4851a1d" relativeResultsDirectory="8b199c2e-e0b8-47ae-bff4-c43b855ce792" />
    <UnitTestResult executionId="c5260cae-7b9b-4e04-abeb-305131393f2c" testId="38950564-7524-4b5f-9bd0-be45bbeab815" testName="FormatToStringTest1000 (44677.61946778074,44677.62 zł)" computerName="DESKTOP-5URQ9PB" duration="00:00:00.0000063" startTime="2022-06-13T21:11:34.9556588+02:00" endTime="2022-06-13T21:11:34.9557259+02:00" testType="13cdc9d9-ddb5-4fa4-a97d-d965ccfc6d4b" outcome="Passed" testListId="8c84fa94-04c1-424b-9868-57a2d4851a1d" relativeResultsDirectory="c5260cae-7b9b-4e04-abeb-305131393f2c" />
    <UnitTestResult executionId="943f6ba3-4339-4095-a510-87505fc02273" testId="76285be5-7730-4620-98e2-8923bb9a1c2c" testName="FormatToStringTest1000 (41972.39431566763,41972.39 zł)" computerName="DESKTOP-5URQ9PB" duration="00:00:00.0000493" startTime="2022-06-13T21:11:35.0521606+02:00" endTime="2022-06-13T21:11:35.0527694+02:00" testType="13cdc9d9-ddb5-4fa4-a97d-d965ccfc6d4b" outcome="Passed" testListId="8c84fa94-04c1-424b-9868-57a2d4851a1d" relativeResultsDirectory="943f6ba3-4339-4095-a510-87505fc02273" />
    <UnitTestResult executionId="24963cef-16c0-480b-8468-aaead467d0a5" testId="c4d2c338-04c0-41fe-8814-e52f16d6a0bb" testName="FormatToStringTest1000 (58902.704109088845,58902.70 zł)" computerName="DESKTOP-5URQ9PB" duration="00:00:00.0000064" startTime="2022-06-13T21:11:35.1732518+02:00" endTime="2022-06-13T21:11:35.1733161+02:00" testType="13cdc9d9-ddb5-4fa4-a97d-d965ccfc6d4b" outcome="Passed" testListId="8c84fa94-04c1-424b-9868-57a2d4851a1d" relativeResultsDirectory="24963cef-16c0-480b-8468-aaead467d0a5" />
    <UnitTestResult executionId="a25e5f79-ded1-4d74-9122-17817cad0b1a" testId="387d002e-93df-4da2-b5bb-b59dbabe32ea" testName="FormatToStringTest1000 (4857.211933034105,4857.21 zł)" computerName="DESKTOP-5URQ9PB" duration="00:00:00.0000066" startTime="2022-06-13T21:11:35.1989115+02:00" endTime="2022-06-13T21:11:35.1989791+02:00" testType="13cdc9d9-ddb5-4fa4-a97d-d965ccfc6d4b" outcome="Passed" testListId="8c84fa94-04c1-424b-9868-57a2d4851a1d" relativeResultsDirectory="a25e5f79-ded1-4d74-9122-17817cad0b1a" />
    <UnitTestResult executionId="6beda12e-f4c1-4b6d-834f-2f028871c1e6" testId="e261e023-a8e5-47ba-9e5c-8bdd18a375e8" testName="FormatToStringTest1000 (27893.312729890138,27893.31 zł)" computerName="DESKTOP-5URQ9PB" duration="00:00:00.0000071" startTime="2022-06-13T21:11:34.8672963+02:00" endTime="2022-06-13T21:11:34.8673867+02:00" testType="13cdc9d9-ddb5-4fa4-a97d-d965ccfc6d4b" outcome="Passed" testListId="8c84fa94-04c1-424b-9868-57a2d4851a1d" relativeResultsDirectory="6beda12e-f4c1-4b6d-834f-2f028871c1e6" />
    <UnitTestResult executionId="e59a97c3-e221-48e0-a6bb-8fa88f73afd5" testId="373d36c8-b1ef-46ba-b87b-64cbc5faef4b" testName="FormatToStringTest1000 (3521.3657738167635,3521.37 zł)" computerName="DESKTOP-5URQ9PB" duration="00:00:00.0000066" startTime="2022-06-13T21:11:34.8746483+02:00" endTime="2022-06-13T21:11:34.8747227+02:00" testType="13cdc9d9-ddb5-4fa4-a97d-d965ccfc6d4b" outcome="Passed" testListId="8c84fa94-04c1-424b-9868-57a2d4851a1d" relativeResultsDirectory="e59a97c3-e221-48e0-a6bb-8fa88f73afd5" />
    <UnitTestResult executionId="44a2ff0d-1312-45cf-969d-55739a03a296" testId="8e0ae594-f321-4a23-ab1c-d72122d7d6a2" testName="FormatToStringTest1000 (59919.71489415491,59919.71 zł)" computerName="DESKTOP-5URQ9PB" duration="00:00:00.0000077" startTime="2022-06-13T21:11:35.0967771+02:00" endTime="2022-06-13T21:11:35.0968653+02:00" testType="13cdc9d9-ddb5-4fa4-a97d-d965ccfc6d4b" outcome="Passed" testListId="8c84fa94-04c1-424b-9868-57a2d4851a1d" relativeResultsDirectory="44a2ff0d-1312-45cf-969d-55739a03a296" />
    <UnitTestResult executionId="170e794c-c7ed-49d3-bb7b-9bac575ed17c" testId="0ff23244-e4ab-40ea-9fce-0a151f26e3ff" testName="FormatToStringTest1000 (82228.32322510486,82228.32 zł)" computerName="DESKTOP-5URQ9PB" duration="00:00:00.0000071" startTime="2022-06-13T21:11:35.0855758+02:00" endTime="2022-06-13T21:11:35.0856601+02:00" testType="13cdc9d9-ddb5-4fa4-a97d-d965ccfc6d4b" outcome="Passed" testListId="8c84fa94-04c1-424b-9868-57a2d4851a1d" relativeResultsDirectory="170e794c-c7ed-49d3-bb7b-9bac575ed17c" />
    <UnitTestResult executionId="f9f02356-fcdf-4f76-82dc-743c7b2f18e8" testId="61aa5e4c-f266-43b1-afc0-364ec4b9b77e" testName="FormatToStringTest1000 (19210.519530370144,19210.52 zł)" computerName="DESKTOP-5URQ9PB" duration="00:00:00.0000064" startTime="2022-06-13T21:11:35.0974735+02:00" endTime="2022-06-13T21:11:35.0975387+02:00" testType="13cdc9d9-ddb5-4fa4-a97d-d965ccfc6d4b" outcome="Passed" testListId="8c84fa94-04c1-424b-9868-57a2d4851a1d" relativeResultsDirectory="f9f02356-fcdf-4f76-82dc-743c7b2f18e8" />
    <UnitTestResult executionId="4fc757aa-854e-4d34-a9ac-42342d6456f3" testId="7567f62b-8d46-4b2c-a899-aaacd349be3d" testName="FormatToStringTest1000 (3341.8351759444154,3341.84 zł)" computerName="DESKTOP-5URQ9PB" duration="00:00:00.0000065" startTime="2022-06-13T21:11:35.0305783+02:00" endTime="2022-06-13T21:11:35.0306456+02:00" testType="13cdc9d9-ddb5-4fa4-a97d-d965ccfc6d4b" outcome="Passed" testListId="8c84fa94-04c1-424b-9868-57a2d4851a1d" relativeResultsDirectory="4fc757aa-854e-4d34-a9ac-42342d6456f3" />
    <UnitTestResult executionId="c77c0277-e52f-4614-a0b9-b5935a1b92b8" testId="4d4c7bf2-165b-47b2-970e-118416dc4bab" testName="FormatToStringTest1000 (31622.81414407809,31622.81 zł)" computerName="DESKTOP-5URQ9PB" duration="00:00:00.0000064" startTime="2022-06-13T21:11:35.1834557+02:00" endTime="2022-06-13T21:11:35.1835201+02:00" testType="13cdc9d9-ddb5-4fa4-a97d-d965ccfc6d4b" outcome="Passed" testListId="8c84fa94-04c1-424b-9868-57a2d4851a1d" relativeResultsDirectory="c77c0277-e52f-4614-a0b9-b5935a1b92b8" />
    <UnitTestResult executionId="4fafa39f-43b7-48c1-9e2f-1f40f90776da" testId="567667ee-d29e-43c1-be3e-08bd30cdd7cb" testName="FormatToStringTest1000 (4094.6752323977066,4094.68 zł)" computerName="DESKTOP-5URQ9PB" duration="00:00:00.0000070" startTime="2022-06-13T21:11:35.2071372+02:00" endTime="2022-06-13T21:11:35.2072024+02:00" testType="13cdc9d9-ddb5-4fa4-a97d-d965ccfc6d4b" outcome="Passed" testListId="8c84fa94-04c1-424b-9868-57a2d4851a1d" relativeResultsDirectory="4fafa39f-43b7-48c1-9e2f-1f40f90776da" />
    <UnitTestResult executionId="c8139756-9ba9-430e-9d7b-a5dd32167f2e" testId="801f11f1-a94a-4737-b045-e37d403b7baf" testName="FormatToStringTest1000 (12871.381729632794,12871.38 zł)" computerName="DESKTOP-5URQ9PB" duration="00:00:00.0000064" startTime="2022-06-13T21:11:34.9489300+02:00" endTime="2022-06-13T21:11:34.9489976+02:00" testType="13cdc9d9-ddb5-4fa4-a97d-d965ccfc6d4b" outcome="Passed" testListId="8c84fa94-04c1-424b-9868-57a2d4851a1d" relativeResultsDirectory="c8139756-9ba9-430e-9d7b-a5dd32167f2e" />
    <UnitTestResult executionId="0ec4f05b-c275-43c4-8895-696a163d6ef7" testId="e1ebb59b-d24e-4695-8ac5-643969bf1a4b" testName="FormatToStringTest1000 (60701.5177499319,60701.52 zł)" computerName="DESKTOP-5URQ9PB" duration="00:00:00.0000071" startTime="2022-06-13T21:11:35.1145650+02:00" endTime="2022-06-13T21:11:35.1146348+02:00" testType="13cdc9d9-ddb5-4fa4-a97d-d965ccfc6d4b" outcome="Passed" testListId="8c84fa94-04c1-424b-9868-57a2d4851a1d" relativeResultsDirectory="0ec4f05b-c275-43c4-8895-696a163d6ef7" />
    <UnitTestResult executionId="68e1ca52-668c-4916-b5be-4e323c4c49a0" testId="6a493e03-0c3b-4d6e-98b9-3f3108437381" testName="FormatToStringTest1000 (16402.16316587206,16402.16 zł)" computerName="DESKTOP-5URQ9PB" duration="00:00:00.0000299" startTime="2022-06-13T21:11:35.0536575+02:00" endTime="2022-06-13T21:11:35.0539863+02:00" testType="13cdc9d9-ddb5-4fa4-a97d-d965ccfc6d4b" outcome="Passed" testListId="8c84fa94-04c1-424b-9868-57a2d4851a1d" relativeResultsDirectory="68e1ca52-668c-4916-b5be-4e323c4c49a0" />
    <UnitTestResult executionId="80988f00-0e33-4f26-973a-e6f0db089c12" testId="9a65bcdf-01d7-4aa4-a65e-aea9d39d5c54" testName="FormatToStringTest1000 (11871.427211910219,11871.43 zł)" computerName="DESKTOP-5URQ9PB" duration="00:00:00.0000063" startTime="2022-06-13T21:11:35.0761193+02:00" endTime="2022-06-13T21:11:35.0761911+02:00" testType="13cdc9d9-ddb5-4fa4-a97d-d965ccfc6d4b" outcome="Passed" testListId="8c84fa94-04c1-424b-9868-57a2d4851a1d" relativeResultsDirectory="80988f00-0e33-4f26-973a-e6f0db089c12" />
    <UnitTestResult executionId="ada29abd-65ad-4140-8f2b-ae825f66392f" testId="9a4e1a94-1138-4844-828f-c738281a530d" testName="FormatToStringTest1000 (28502.61128259758,28502.61 zł)" computerName="DESKTOP-5URQ9PB" duration="00:00:00.0000066" startTime="2022-06-13T21:11:34.8706775+02:00" endTime="2022-06-13T21:11:34.8707490+02:00" testType="13cdc9d9-ddb5-4fa4-a97d-d965ccfc6d4b" outcome="Passed" testListId="8c84fa94-04c1-424b-9868-57a2d4851a1d" relativeResultsDirectory="ada29abd-65ad-4140-8f2b-ae825f66392f" />
    <UnitTestResult executionId="8cf15de6-334e-4996-860a-771fc27f7f6b" testId="8fbe1977-b2e1-4f95-bd5d-9a01586d03a2" testName="FormatToStringTest1000 (2751.3751475258614,2751.38 zł)" computerName="DESKTOP-5URQ9PB" duration="00:00:00.0000064" startTime="2022-06-13T21:11:35.1656493+02:00" endTime="2022-06-13T21:11:35.1657139+02:00" testType="13cdc9d9-ddb5-4fa4-a97d-d965ccfc6d4b" outcome="Passed" testListId="8c84fa94-04c1-424b-9868-57a2d4851a1d" relativeResultsDirectory="8cf15de6-334e-4996-860a-771fc27f7f6b" />
    <UnitTestResult executionId="bc871b11-f8de-4043-a0c1-bc82d075cb2d" testId="e3e391ad-a1ec-494f-928a-ffa088be7664" testName="FormatToStringTest1000 (7013.601812260971,7013.60 zł)" computerName="DESKTOP-5URQ9PB" duration="00:00:00.0000064" startTime="2022-06-13T21:11:35.1905994+02:00" endTime="2022-06-13T21:11:35.1906656+02:00" testType="13cdc9d9-ddb5-4fa4-a97d-d965ccfc6d4b" outcome="Passed" testListId="8c84fa94-04c1-424b-9868-57a2d4851a1d" relativeResultsDirectory="bc871b11-f8de-4043-a0c1-bc82d075cb2d" />
    <UnitTestResult executionId="17ec3107-2bac-4ee1-8596-7a2b11695cf9" testId="e33d6ed8-2645-4ea7-9fb7-7d85407ffdb5" testName="FormatToStringTest1000 (1208.1827589441941,1208.18 zł)" computerName="DESKTOP-5URQ9PB" duration="00:00:00.0000190" startTime="2022-06-13T21:11:34.8704036+02:00" endTime="2022-06-13T21:11:34.8706306+02:00" testType="13cdc9d9-ddb5-4fa4-a97d-d965ccfc6d4b" outcome="Passed" testListId="8c84fa94-04c1-424b-9868-57a2d4851a1d" relativeResultsDirectory="17ec3107-2bac-4ee1-8596-7a2b11695cf9" />
    <UnitTestResult executionId="8e3744c5-1761-48da-bb8a-96447684dcca" testId="4dcd6ba1-4c5a-4c62-9c68-98d35b659456" testName="FormatToStringTest1000 (4525.609305084501,4525.61 zł)" computerName="DESKTOP-5URQ9PB" duration="00:00:00.0000072" startTime="2022-06-13T21:11:35.1097692+02:00" endTime="2022-06-13T21:11:35.1098339+02:00" testType="13cdc9d9-ddb5-4fa4-a97d-d965ccfc6d4b" outcome="Passed" testListId="8c84fa94-04c1-424b-9868-57a2d4851a1d" relativeResultsDirectory="8e3744c5-1761-48da-bb8a-96447684dcca" />
    <UnitTestResult executionId="d0cd205a-fc98-4faa-ad57-c67b78dae7fb" testId="ca3d62f3-b466-42c1-b89a-0cd1fda5b6fc" testName="FormatToStringTest1000 (12308.022158465357,12308.02 zł)" computerName="DESKTOP-5URQ9PB" duration="00:00:00.0000064" startTime="2022-06-13T21:11:35.0137383+02:00" endTime="2022-06-13T21:11:35.0138073+02:00" testType="13cdc9d9-ddb5-4fa4-a97d-d965ccfc6d4b" outcome="Passed" testListId="8c84fa94-04c1-424b-9868-57a2d4851a1d" relativeResultsDirectory="d0cd205a-fc98-4faa-ad57-c67b78dae7fb" />
    <UnitTestResult executionId="a7f4390d-dd2c-4e6d-861f-fd6a55ad456e" testId="822caac9-c0f7-4622-8663-e243d2d99fda" testName="FormatToStringTest1000 (25720.27551496321,25720.28 zł)" computerName="DESKTOP-5URQ9PB" duration="00:00:00.0000079" startTime="2022-06-13T21:11:34.9522202+02:00" endTime="2022-06-13T21:11:34.9522961+02:00" testType="13cdc9d9-ddb5-4fa4-a97d-d965ccfc6d4b" outcome="Passed" testListId="8c84fa94-04c1-424b-9868-57a2d4851a1d" relativeResultsDirectory="a7f4390d-dd2c-4e6d-861f-fd6a55ad456e" />
    <UnitTestResult executionId="1849b5eb-18b3-4da2-8be6-a0261b545e36" testId="b378b060-5ed6-4d51-b8b6-510ac6b436b6" testName="FormatToStringTest1000 (42383.08993972982,42383.09 zł)" computerName="DESKTOP-5URQ9PB" duration="00:00:00.0000075" startTime="2022-06-13T21:11:35.0858500+02:00" endTime="2022-06-13T21:11:35.0859176+02:00" testType="13cdc9d9-ddb5-4fa4-a97d-d965ccfc6d4b" outcome="Passed" testListId="8c84fa94-04c1-424b-9868-57a2d4851a1d" relativeResultsDirectory="1849b5eb-18b3-4da2-8be6-a0261b545e36" />
    <UnitTestResult executionId="f289739b-f7ea-41d3-a35c-710ce3c623ad" testId="83a9f4d3-b4ca-431b-9838-657c42033fd7" testName="FormatToStringTest1000 (4411.456718280659,4411.46 zł)" computerName="DESKTOP-5URQ9PB" duration="00:00:00.0000064" startTime="2022-06-13T21:11:35.0972209+02:00" endTime="2022-06-13T21:11:35.0972860+02:00" testType="13cdc9d9-ddb5-4fa4-a97d-d965ccfc6d4b" outcome="Passed" testListId="8c84fa94-04c1-424b-9868-57a2d4851a1d" relativeResultsDirectory="f289739b-f7ea-41d3-a35c-710ce3c623ad" />
    <UnitTestResult executionId="c2954c65-521a-4a25-82ed-7606d9c17d52" testId="7fe6027b-ab97-49e0-ae7f-e46a3421c5e0" testName="FormatToStringTest1000 (1898.24149096489,1898.24 zł)" computerName="DESKTOP-5URQ9PB" duration="00:00:00.0000064" startTime="2022-06-13T21:11:35.1354761+02:00" endTime="2022-06-13T21:11:35.1355393+02:00" testType="13cdc9d9-ddb5-4fa4-a97d-d965ccfc6d4b" outcome="Passed" testListId="8c84fa94-04c1-424b-9868-57a2d4851a1d" relativeResultsDirectory="c2954c65-521a-4a25-82ed-7606d9c17d52" />
    <UnitTestResult executionId="656c9ed7-7e3a-4a81-b1ab-d7b282e8ef98" testId="f61e50d0-2814-4202-91dd-8fb9c98de6c0" testName="FormatToStringTest1000 (58459.03113649601,58459.03 zł)" computerName="DESKTOP-5URQ9PB" duration="00:00:00.0000429" startTime="2022-06-13T21:11:35.1070073+02:00" endTime="2022-06-13T21:11:35.1071153+02:00" testType="13cdc9d9-ddb5-4fa4-a97d-d965ccfc6d4b" outcome="Passed" testListId="8c84fa94-04c1-424b-9868-57a2d4851a1d" relativeResultsDirectory="656c9ed7-7e3a-4a81-b1ab-d7b282e8ef98" />
    <UnitTestResult executionId="27c246df-9f75-4c91-a71f-824b2438fca7" testId="6d85300e-e0e6-4d50-aea7-da87e649ad17" testName="FormatToStringTest1000 (1745.490603896552,1745.49 zł)" computerName="DESKTOP-5URQ9PB" duration="00:00:00.0000068" startTime="2022-06-13T21:11:34.9382311+02:00" endTime="2022-06-13T21:11:34.9383054+02:00" testType="13cdc9d9-ddb5-4fa4-a97d-d965ccfc6d4b" outcome="Passed" testListId="8c84fa94-04c1-424b-9868-57a2d4851a1d" relativeResultsDirectory="27c246df-9f75-4c91-a71f-824b2438fca7" />
    <UnitTestResult executionId="1b720b34-8c8c-4d0a-aed4-e7099796eb24" testId="5a23cae3-a709-49ba-9cd5-22a4b7e5c317" testName="FormatToStringTest1000 (51503.82905738234,51503.83 zł)" computerName="DESKTOP-5URQ9PB" duration="00:00:00.0000092" startTime="2022-06-13T21:11:34.9345407+02:00" endTime="2022-06-13T21:11:34.9346454+02:00" testType="13cdc9d9-ddb5-4fa4-a97d-d965ccfc6d4b" outcome="Passed" testListId="8c84fa94-04c1-424b-9868-57a2d4851a1d" relativeResultsDirectory="1b720b34-8c8c-4d0a-aed4-e7099796eb24" />
    <UnitTestResult executionId="f423cb86-9e2f-4682-9f71-b1dc5eb1e0a1" testId="6f2ad8be-be17-4083-b6a8-e725af11afd9" testName="FormatToStringTest1000 (46898.00219497783,46898.00 zł)" computerName="DESKTOP-5URQ9PB" duration="00:00:00.0000100" startTime="2022-06-13T21:11:34.8837393+02:00" endTime="2022-06-13T21:11:34.8838265+02:00" testType="13cdc9d9-ddb5-4fa4-a97d-d965ccfc6d4b" outcome="Passed" testListId="8c84fa94-04c1-424b-9868-57a2d4851a1d" relativeResultsDirectory="f423cb86-9e2f-4682-9f71-b1dc5eb1e0a1" />
    <UnitTestResult executionId="0687bd91-9d3a-439e-84ec-26affd62c1bb" testId="8e763720-d8dc-4658-81dc-aa85e0646bed" testName="FormatToStringTest1000 (27852.532163303127,27852.53 zł)" computerName="DESKTOP-5URQ9PB" duration="00:00:00.0000134" startTime="2022-06-13T21:11:35.0923304+02:00" endTime="2022-06-13T21:11:35.0925015+02:00" testType="13cdc9d9-ddb5-4fa4-a97d-d965ccfc6d4b" outcome="Passed" testListId="8c84fa94-04c1-424b-9868-57a2d4851a1d" relativeResultsDirectory="0687bd91-9d3a-439e-84ec-26affd62c1bb" />
    <UnitTestResult executionId="caebf72d-d3eb-4d9b-ab12-a3ef80d90ab4" testId="5f46100e-91b8-4076-8261-8ce8e2babbc2" testName="FormatToStringTest1000 (58191.92113629585,58191.92 zł)" computerName="DESKTOP-5URQ9PB" duration="00:00:00.0000064" startTime="2022-06-13T21:11:35.1115847+02:00" endTime="2022-06-13T21:11:35.1116496+02:00" testType="13cdc9d9-ddb5-4fa4-a97d-d965ccfc6d4b" outcome="Passed" testListId="8c84fa94-04c1-424b-9868-57a2d4851a1d" relativeResultsDirectory="caebf72d-d3eb-4d9b-ab12-a3ef80d90ab4" />
    <UnitTestResult executionId="0b9ae372-b8dc-46ac-959d-7d6627137f6c" testId="d3bc6621-6a1b-4552-a53f-a549e55ff52f" testName="FormatToStringTest1000 (42555.01416107594,42555.01 zł)" computerName="DESKTOP-5URQ9PB" duration="00:00:00.0000065" startTime="2022-06-13T21:11:35.0948228+02:00" endTime="2022-06-13T21:11:35.0948887+02:00" testType="13cdc9d9-ddb5-4fa4-a97d-d965ccfc6d4b" outcome="Passed" testListId="8c84fa94-04c1-424b-9868-57a2d4851a1d" relativeResultsDirectory="0b9ae372-b8dc-46ac-959d-7d6627137f6c" />
    <UnitTestResult executionId="8ac2c513-2eed-48b4-843e-7f8083fb5f74" testId="4280ad47-e856-477d-b95c-b608de71fae6" testName="FormatToStringTest1000 (12379.347974640013,12379.35 zł)" computerName="DESKTOP-5URQ9PB" duration="00:00:00.0000075" startTime="2022-06-13T21:11:35.1873164+02:00" endTime="2022-06-13T21:11:35.1873996+02:00" testType="13cdc9d9-ddb5-4fa4-a97d-d965ccfc6d4b" outcome="Passed" testListId="8c84fa94-04c1-424b-9868-57a2d4851a1d" relativeResultsDirectory="8ac2c513-2eed-48b4-843e-7f8083fb5f74" />
    <UnitTestResult executionId="609466d3-16f7-459a-939c-ddaa3191e84c" testId="5a324ca2-a3e8-4728-b16e-0ce7f548ea0e" testName="FormatToStringTest1000 (26215.613055301183,26215.61 zł)" computerName="DESKTOP-5URQ9PB" duration="00:00:00.0000069" startTime="2022-06-13T21:11:35.0969688+02:00" endTime="2022-06-13T21:11:35.0970353+02:00" testType="13cdc9d9-ddb5-4fa4-a97d-d965ccfc6d4b" outcome="Passed" testListId="8c84fa94-04c1-424b-9868-57a2d4851a1d" relativeResultsDirectory="609466d3-16f7-459a-939c-ddaa3191e84c" />
    <UnitTestResult executionId="123b59f7-ee87-4fab-95f1-d1dc7bffa0aa" testId="13b9b859-0a80-4dc7-80d9-d2781bc0da46" testName="FormatToStringTest1000 (45445.182098106096,45445.18 zł)" computerName="DESKTOP-5URQ9PB" duration="00:00:00.0000066" startTime="2022-06-13T21:11:34.9833029+02:00" endTime="2022-06-13T21:11:34.9833760+02:00" testType="13cdc9d9-ddb5-4fa4-a97d-d965ccfc6d4b" outcome="Passed" testListId="8c84fa94-04c1-424b-9868-57a2d4851a1d" relativeResultsDirectory="123b59f7-ee87-4fab-95f1-d1dc7bffa0aa" />
    <UnitTestResult executionId="f3bf1435-e067-4f7a-ab3a-9d0181c796bc" testId="c7f14364-afbc-476a-be3e-41e10237a88f" testName="FormatToStringTest1000 (46590.9609819562,46590.96 zł)" computerName="DESKTOP-5URQ9PB" duration="00:00:00.0000066" startTime="2022-06-13T21:11:34.9519655+02:00" endTime="2022-06-13T21:11:34.9520307+02:00" testType="13cdc9d9-ddb5-4fa4-a97d-d965ccfc6d4b" outcome="Passed" testListId="8c84fa94-04c1-424b-9868-57a2d4851a1d" relativeResultsDirectory="f3bf1435-e067-4f7a-ab3a-9d0181c796bc" />
    <UnitTestResult executionId="0de6fed4-9b10-4401-bb61-d69595450b0a" testId="a2050dcd-81da-4986-bd50-1fdefb59ace8" testName="FormatToStringTest1000 (29796.909338079815,29796.91 zł)" computerName="DESKTOP-5URQ9PB" duration="00:00:00.0000099" startTime="2022-06-13T21:11:35.1987786+02:00" endTime="2022-06-13T21:11:35.1988865+02:00" testType="13cdc9d9-ddb5-4fa4-a97d-d965ccfc6d4b" outcome="Passed" testListId="8c84fa94-04c1-424b-9868-57a2d4851a1d" relativeResultsDirectory="0de6fed4-9b10-4401-bb61-d69595450b0a" />
    <UnitTestResult executionId="a079d0dc-c377-41ea-9037-19cfaa5f8570" testId="b29585e0-014f-4e8a-99f1-faeac86a6091" testName="FormatToStringTest1000 (13197.65136269417,13197.65 zł)" computerName="DESKTOP-5URQ9PB" duration="00:00:00.0000567" startTime="2022-06-13T21:11:35.0437954+02:00" endTime="2022-06-13T21:11:35.0445066+02:00" testType="13cdc9d9-ddb5-4fa4-a97d-d965ccfc6d4b" outcome="Passed" testListId="8c84fa94-04c1-424b-9868-57a2d4851a1d" relativeResultsDirectory="a079d0dc-c377-41ea-9037-19cfaa5f8570" />
    <UnitTestResult executionId="7d74c648-9aa6-4d2e-89ed-64509b79fbc1" testId="3eeb8869-f55d-4527-b9c8-06b404c3d9c8" testName="FormatToStringTest1000 (7182.939759099362,7182.94 zł)" computerName="DESKTOP-5URQ9PB" duration="00:00:00.0000065" startTime="2022-06-13T21:11:34.9654662+02:00" endTime="2022-06-13T21:11:34.9655402+02:00" testType="13cdc9d9-ddb5-4fa4-a97d-d965ccfc6d4b" outcome="Passed" testListId="8c84fa94-04c1-424b-9868-57a2d4851a1d" relativeResultsDirectory="7d74c648-9aa6-4d2e-89ed-64509b79fbc1" />
    <UnitTestResult executionId="d661a928-6094-4c56-852b-40cad6205138" testId="7faeb978-532b-4618-8941-afb961c43da8" testName="FormatToStringTest1000 (13337.80490493486,13337.80 zł)" computerName="DESKTOP-5URQ9PB" duration="00:00:00.0000065" startTime="2022-06-13T21:11:35.1969912+02:00" endTime="2022-06-13T21:11:35.1970565+02:00" testType="13cdc9d9-ddb5-4fa4-a97d-d965ccfc6d4b" outcome="Passed" testListId="8c84fa94-04c1-424b-9868-57a2d4851a1d" relativeResultsDirectory="d661a928-6094-4c56-852b-40cad6205138" />
    <UnitTestResult executionId="94f45742-56cc-419c-9df1-396ab21f9814" testId="61c45964-48cd-48d9-8a4a-bf10b05848bc" testName="FormatToStringTest1000 (23612.114499758984,23612.11 zł)" computerName="DESKTOP-5URQ9PB" duration="00:00:00.0000106" startTime="2022-06-13T21:11:34.9652713+02:00" endTime="2022-06-13T21:11:34.9653541+02:00" testType="13cdc9d9-ddb5-4fa4-a97d-d965ccfc6d4b" outcome="Passed" testListId="8c84fa94-04c1-424b-9868-57a2d4851a1d" relativeResultsDirectory="94f45742-56cc-419c-9df1-396ab21f9814" />
    <UnitTestResult executionId="a5a6bacb-a838-4d51-946e-cd90def802a8" testId="7585d384-2e04-473e-af2e-e54e69834fd2" testName="FormatToStringTest1000 (15190.097283723344,15190.10 zł)" computerName="DESKTOP-5URQ9PB" duration="00:00:00.0000064" startTime="2022-06-13T21:11:35.1635660+02:00" endTime="2022-06-13T21:11:35.1636305+02:00" testType="13cdc9d9-ddb5-4fa4-a97d-d965ccfc6d4b" outcome="Passed" testListId="8c84fa94-04c1-424b-9868-57a2d4851a1d" relativeResultsDirectory="a5a6bacb-a838-4d51-946e-cd90def802a8" />
    <UnitTestResult executionId="b7a4fa07-e007-486a-9c3e-75a9200765c2" testId="0fe89b76-06d2-44bd-946e-44e2e939916c" testName="FormatToStringTest1000 (3092.9215945624383,3092.92 zł)" computerName="DESKTOP-5URQ9PB" duration="00:00:00.0000064" startTime="2022-06-13T21:11:35.0905116+02:00" endTime="2022-06-13T21:11:35.0905774+02:00" testType="13cdc9d9-ddb5-4fa4-a97d-d965ccfc6d4b" outcome="Passed" testListId="8c84fa94-04c1-424b-9868-57a2d4851a1d" relativeResultsDirectory="b7a4fa07-e007-486a-9c3e-75a9200765c2" />
    <UnitTestResult executionId="e0f5475e-ff9e-415f-a7ca-7adba307ecb6" testId="37ced592-13b2-400c-8d58-b88e6c5d1cef" testName="FormatToStringTest1000 (13206.129467931636,13206.13 zł)" computerName="DESKTOP-5URQ9PB" duration="00:00:00.0000070" startTime="2022-06-13T21:11:35.1091858+02:00" endTime="2022-06-13T21:11:35.1092585+02:00" testType="13cdc9d9-ddb5-4fa4-a97d-d965ccfc6d4b" outcome="Passed" testListId="8c84fa94-04c1-424b-9868-57a2d4851a1d" relativeResultsDirectory="e0f5475e-ff9e-415f-a7ca-7adba307ecb6" />
    <UnitTestResult executionId="e6495afd-8164-43df-8238-45b5642fbe01" testId="4c567cbe-2a6d-4aaf-bdce-f53b072a5231" testName="FormatToStringTest1000 (5396.620088554277,5396.62 zł)" computerName="DESKTOP-5URQ9PB" duration="00:00:00.0000064" startTime="2022-06-13T21:11:34.8483574+02:00" endTime="2022-06-13T21:11:34.8484269+02:00" testType="13cdc9d9-ddb5-4fa4-a97d-d965ccfc6d4b" outcome="Passed" testListId="8c84fa94-04c1-424b-9868-57a2d4851a1d" relativeResultsDirectory="e6495afd-8164-43df-8238-45b5642fbe01" />
    <UnitTestResult executionId="c2fef5f8-7609-4f81-b180-29279d5a9281" testId="ac660f90-20cf-40a6-af88-a0c314f156d8" testName="FormatToStringTest1000 (18424.864078561244,18424.86 zł)" computerName="DESKTOP-5URQ9PB" duration="00:00:00.0000064" startTime="2022-06-13T21:11:34.9620956+02:00" endTime="2022-06-13T21:11:34.9621717+02:00" testType="13cdc9d9-ddb5-4fa4-a97d-d965ccfc6d4b" outcome="Passed" testListId="8c84fa94-04c1-424b-9868-57a2d4851a1d" relativeResultsDirectory="c2fef5f8-7609-4f81-b180-29279d5a9281" />
    <UnitTestResult executionId="a60179ca-34e6-49ec-a77a-044478d9787e" testId="8939ee04-013b-4cad-b98d-c1cd6e95efa7" testName="FormatToStringTest1000 (39146.635743126564,39146.64 zł)" computerName="DESKTOP-5URQ9PB" duration="00:00:00.0000129" startTime="2022-06-13T21:11:34.9091327+02:00" endTime="2022-06-13T21:11:34.9092974+02:00" testType="13cdc9d9-ddb5-4fa4-a97d-d965ccfc6d4b" outcome="Passed" testListId="8c84fa94-04c1-424b-9868-57a2d4851a1d" relativeResultsDirectory="a60179ca-34e6-49ec-a77a-044478d9787e" />
    <UnitTestResult executionId="cac706b4-fa85-4aa3-916b-ce94337a1a12" testId="f59ef4d6-23cd-4986-ba21-0d9eb6c23760" testName="FormatToStringTest1000 (7592.950837113406,7592.95 zł)" computerName="DESKTOP-5URQ9PB" duration="00:00:00.0000065" startTime="2022-06-13T21:11:34.8917881+02:00" endTime="2022-06-13T21:11:34.8918733+02:00" testType="13cdc9d9-ddb5-4fa4-a97d-d965ccfc6d4b" outcome="Passed" testListId="8c84fa94-04c1-424b-9868-57a2d4851a1d" relativeResultsDirectory="cac706b4-fa85-4aa3-916b-ce94337a1a12" />
    <UnitTestResult executionId="7af6157b-3541-4f63-9a4a-2d85c370e09a" testId="82ca6ad4-a88c-4b74-a66d-ebf8aced7c09" testName="FormatToStringTest1000 (74851.91547305691,74851.92 zł)" computerName="DESKTOP-5URQ9PB" duration="00:00:00.0000065" startTime="2022-06-13T21:11:35.1711312+02:00" endTime="2022-06-13T21:11:35.1711958+02:00" testType="13cdc9d9-ddb5-4fa4-a97d-d965ccfc6d4b" outcome="Passed" testListId="8c84fa94-04c1-424b-9868-57a2d4851a1d" relativeResultsDirectory="7af6157b-3541-4f63-9a4a-2d85c370e09a" />
    <UnitTestResult executionId="1bf4b52f-17e0-490e-aadb-440a2c446f89" testId="6ec40c52-2b48-493f-918d-ec4f85f42f6e" testName="FormatToStringTest1000 (26858.35647848731,26858.36 zł)" computerName="DESKTOP-5URQ9PB" duration="00:00:00.0000063" startTime="2022-06-13T21:11:35.1096888+02:00" endTime="2022-06-13T21:11:35.1097527+02:00" testType="13cdc9d9-ddb5-4fa4-a97d-d965ccfc6d4b" outcome="Passed" testListId="8c84fa94-04c1-424b-9868-57a2d4851a1d" relativeResultsDirectory="1bf4b52f-17e0-490e-aadb-440a2c446f89" />
    <UnitTestResult executionId="10e168ce-ca7a-4367-8e86-9b9a60b48114" testId="0870e585-6851-4e44-949c-74d3716ca86e" testName="FormatToStringTest1000 (24030.724859085738,24030.72 zł)" computerName="DESKTOP-5URQ9PB" duration="00:00:00.0000067" startTime="2022-06-13T21:11:35.1712949+02:00" endTime="2022-06-13T21:11:35.1713646+02:00" testType="13cdc9d9-ddb5-4fa4-a97d-d965ccfc6d4b" outcome="Passed" testListId="8c84fa94-04c1-424b-9868-57a2d4851a1d" relativeResultsDirectory="10e168ce-ca7a-4367-8e86-9b9a60b48114" />
    <UnitTestResult executionId="d9300991-28e4-4170-a5ba-4e5bbae7b195" testId="7eda40e3-0030-48f9-86af-0c172064ed3b" testName="FormatToStringTest1000 (7975.276658828965,7975.28 zł)" computerName="DESKTOP-5URQ9PB" duration="00:00:00.0000063" startTime="2022-06-13T21:11:35.0736847+02:00" endTime="2022-06-13T21:11:35.0737559+02:00" testType="13cdc9d9-ddb5-4fa4-a97d-d965ccfc6d4b" outcome="Passed" testListId="8c84fa94-04c1-424b-9868-57a2d4851a1d" relativeResultsDirectory="d9300991-28e4-4170-a5ba-4e5bbae7b195" />
    <UnitTestResult executionId="1bc07490-c065-47fe-a64e-500653463b9f" testId="6d0280f4-48b0-486b-b6f9-24749b5657bc" testName="FormatToStringTest1000 (17031.365705376662,17031.37 zł)" computerName="DESKTOP-5URQ9PB" duration="00:00:00.0000064" startTime="2022-06-13T21:11:35.0332497+02:00" endTime="2022-06-13T21:11:35.0333188+02:00" testType="13cdc9d9-ddb5-4fa4-a97d-d965ccfc6d4b" outcome="Passed" testListId="8c84fa94-04c1-424b-9868-57a2d4851a1d" relativeResultsDirectory="1bc07490-c065-47fe-a64e-500653463b9f" />
    <UnitTestResult executionId="d8bd9977-a601-4006-84a0-7e80c5e53540" testId="17453e58-1df8-4f32-983f-f4adb3e86b93" testName="FormatToStringTest1000 (29678.921519093645,29678.92 zł)" computerName="DESKTOP-5URQ9PB" duration="00:00:00.0000074" startTime="2022-06-13T21:11:35.0925340+02:00" endTime="2022-06-13T21:11:35.0926031+02:00" testType="13cdc9d9-ddb5-4fa4-a97d-d965ccfc6d4b" outcome="Passed" testListId="8c84fa94-04c1-424b-9868-57a2d4851a1d" relativeResultsDirectory="d8bd9977-a601-4006-84a0-7e80c5e53540" />
    <UnitTestResult executionId="c0fb1ca1-1e4a-4763-92ac-8aa006cdc1bb" testId="ba4a5d75-53b5-4c76-892e-eec66e944899" testName="FormatToStringTest1000 (29474.095826699442,29474.10 zł)" computerName="DESKTOP-5URQ9PB" duration="00:00:00.0000069" startTime="2022-06-13T21:11:35.1942291+02:00" endTime="2022-06-13T21:11:35.1943012+02:00" testType="13cdc9d9-ddb5-4fa4-a97d-d965ccfc6d4b" outcome="Passed" testListId="8c84fa94-04c1-424b-9868-57a2d4851a1d" relativeResultsDirectory="c0fb1ca1-1e4a-4763-92ac-8aa006cdc1bb" />
    <UnitTestResult executionId="a90f2140-0acd-486c-8036-ca5a455532e6" testId="cbee4f7e-8d8a-42b6-9f3e-acef84d1028c" testName="FormatToStringTest1000 (3131.5022711732904,3131.50 zł)" computerName="DESKTOP-5URQ9PB" duration="00:00:00.0000064" startTime="2022-06-13T21:11:35.0335128+02:00" endTime="2022-06-13T21:11:35.0335795+02:00" testType="13cdc9d9-ddb5-4fa4-a97d-d965ccfc6d4b" outcome="Passed" testListId="8c84fa94-04c1-424b-9868-57a2d4851a1d" relativeResultsDirectory="a90f2140-0acd-486c-8036-ca5a455532e6" />
    <UnitTestResult executionId="5bbba24c-bad6-4101-9ad6-5a377c48bc45" testId="1459fa77-eb7f-461e-a057-4e1fd40f4b17" testName="FormatToStringTest1000 (19603.69286519321,19603.69 zł)" computerName="DESKTOP-5URQ9PB" duration="00:00:00.0000063" startTime="2022-06-13T21:11:35.1995054+02:00" endTime="2022-06-13T21:11:35.1995709+02:00" testType="13cdc9d9-ddb5-4fa4-a97d-d965ccfc6d4b" outcome="Passed" testListId="8c84fa94-04c1-424b-9868-57a2d4851a1d" relativeResultsDirectory="5bbba24c-bad6-4101-9ad6-5a377c48bc45" />
    <UnitTestResult executionId="fc54d1c8-0615-4b4a-aa00-2b77c5056999" testId="a656c33e-4aeb-41ca-9fe6-0bc78c0de402" testName="FormatToStringTest1000 (12903.541202012237,12903.54 zł)" computerName="DESKTOP-5URQ9PB" duration="00:00:00.0000115" startTime="2022-06-13T21:11:34.9689463+02:00" endTime="2022-06-13T21:11:34.9690272+02:00" testType="13cdc9d9-ddb5-4fa4-a97d-d965ccfc6d4b" outcome="Passed" testListId="8c84fa94-04c1-424b-9868-57a2d4851a1d" relativeResultsDirectory="fc54d1c8-0615-4b4a-aa00-2b77c5056999" />
    <UnitTestResult executionId="c559423b-d268-40b1-82b4-b75bb63bcdf0" testId="a10c4edd-6cfb-48df-9d69-89326b320269" testName="FormatToStringTest1000 (11958.422287871792,11958.42 zł)" computerName="DESKTOP-5URQ9PB" duration="00:00:00.0000085" startTime="2022-06-13T21:11:35.0103277+02:00" endTime="2022-06-13T21:11:35.0104354+02:00" testType="13cdc9d9-ddb5-4fa4-a97d-d965ccfc6d4b" outcome="Passed" testListId="8c84fa94-04c1-424b-9868-57a2d4851a1d" relativeResultsDirectory="c559423b-d268-40b1-82b4-b75bb63bcdf0" />
    <UnitTestResult executionId="216c2621-fd49-479a-897e-ad5d7698916e" testId="d28d8c03-bde5-4b51-bdad-6bcf6e27dcd5" testName="FormatToStringTest1000 (26843.15785584932,26843.16 zł)" computerName="DESKTOP-5URQ9PB" duration="00:00:00.0000085" startTime="2022-06-13T21:11:35.2047285+02:00" endTime="2022-06-13T21:11:35.2048230+02:00" testType="13cdc9d9-ddb5-4fa4-a97d-d965ccfc6d4b" outcome="Passed" testListId="8c84fa94-04c1-424b-9868-57a2d4851a1d" relativeResultsDirectory="216c2621-fd49-479a-897e-ad5d7698916e" />
    <UnitTestResult executionId="5757d88b-d547-4e73-b384-eb485ca87781" testId="5dce2aec-9d6a-49e2-92e9-a21f5d04e62a" testName="FormatToStringTest1000 (59247.898931587064,59247.90 zł)" computerName="DESKTOP-5URQ9PB" duration="00:00:00.0000153" startTime="2022-06-13T21:11:35.0997232+02:00" endTime="2022-06-13T21:11:35.1000500+02:00" testType="13cdc9d9-ddb5-4fa4-a97d-d965ccfc6d4b" outcome="Passed" testListId="8c84fa94-04c1-424b-9868-57a2d4851a1d" relativeResultsDirectory="5757d88b-d547-4e73-b384-eb485ca87781" />
    <UnitTestResult executionId="ad838350-4506-46de-bab5-ea2e3d7b0293" testId="3d651442-8abd-43fd-84c5-282244abadc3" testName="FormatToStringTest1000 (50664.01951024869,50664.02 zł)" computerName="DESKTOP-5URQ9PB" duration="00:00:00.0000064" startTime="2022-06-13T21:11:35.1118306+02:00" endTime="2022-06-13T21:11:35.1118951+02:00" testType="13cdc9d9-ddb5-4fa4-a97d-d965ccfc6d4b" outcome="Passed" testListId="8c84fa94-04c1-424b-9868-57a2d4851a1d" relativeResultsDirectory="ad838350-4506-46de-bab5-ea2e3d7b0293" />
    <UnitTestResult executionId="bb58e7c5-512a-4540-8dbb-2eb296b7a746" testId="7e148e7f-00b3-4fe4-bbba-9ad316e5ae05" testName="FormatToStringTest1000 (45603.90324273142,45603.90 zł)" computerName="DESKTOP-5URQ9PB" duration="00:00:00.0000065" startTime="2022-06-13T21:11:34.8481779+02:00" endTime="2022-06-13T21:11:34.8482464+02:00" testType="13cdc9d9-ddb5-4fa4-a97d-d965ccfc6d4b" outcome="Passed" testListId="8c84fa94-04c1-424b-9868-57a2d4851a1d" relativeResultsDirectory="bb58e7c5-512a-4540-8dbb-2eb296b7a746" />
    <UnitTestResult executionId="a0aff38c-84ee-4ea0-b8cf-9167f67a7553" testId="f20217ce-c4e0-4b73-a17e-e98aebed70f8" testName="FormatToStringTest1000 (56802.303118930344,56802.30 zł)" computerName="DESKTOP-5URQ9PB" duration="00:00:00.0000069" startTime="2022-06-13T21:11:35.1026399+02:00" endTime="2022-06-13T21:11:35.1027195+02:00" testType="13cdc9d9-ddb5-4fa4-a97d-d965ccfc6d4b" outcome="Passed" testListId="8c84fa94-04c1-424b-9868-57a2d4851a1d" relativeResultsDirectory="a0aff38c-84ee-4ea0-b8cf-9167f67a7553" />
    <UnitTestResult executionId="0768343d-3e3e-408f-9b6f-46f8c48ee62b" testId="4f4415c9-893d-4fec-88b6-35472184349a" testName="FormatToStringTest1000 (29362.005930638876,29362.01 zł)" computerName="DESKTOP-5URQ9PB" duration="00:00:00.0000092" startTime="2022-06-13T21:11:34.9581518+02:00" endTime="2022-06-13T21:11:34.9582520+02:00" testType="13cdc9d9-ddb5-4fa4-a97d-d965ccfc6d4b" outcome="Passed" testListId="8c84fa94-04c1-424b-9868-57a2d4851a1d" relativeResultsDirectory="0768343d-3e3e-408f-9b6f-46f8c48ee62b" />
    <UnitTestResult executionId="81e45ea6-f493-46c1-ba43-c55713d6d49b" testId="cb4d4545-b920-4ed1-8a47-a9345a3ba7b7" testName="FormatToStringTest1000 (2963.24443391815,2963.24 zł)" computerName="DESKTOP-5URQ9PB" duration="00:00:00.0000090" startTime="2022-06-13T21:11:35.0759115+02:00" endTime="2022-06-13T21:11:35.0760101+02:00" testType="13cdc9d9-ddb5-4fa4-a97d-d965ccfc6d4b" outcome="Passed" testListId="8c84fa94-04c1-424b-9868-57a2d4851a1d" relativeResultsDirectory="81e45ea6-f493-46c1-ba43-c55713d6d49b" />
    <UnitTestResult executionId="61109ee0-2c8a-4e81-af1c-b6f1d63615af" testId="53a30ee9-a880-4629-be5c-ebaa8af9f5b8" testName="FormatToStringTest1000 (1952.6955147062872,1952.70 zł)" computerName="DESKTOP-5URQ9PB" duration="00:00:00.0000080" startTime="2022-06-13T21:11:35.0170674+02:00" endTime="2022-06-13T21:11:35.0171418+02:00" testType="13cdc9d9-ddb5-4fa4-a97d-d965ccfc6d4b" outcome="Passed" testListId="8c84fa94-04c1-424b-9868-57a2d4851a1d" relativeResultsDirectory="61109ee0-2c8a-4e81-af1c-b6f1d63615af" />
    <UnitTestResult executionId="bfd70a83-6bce-47a1-b295-8eac8da43a47" testId="8a68b3f5-6e1c-4617-a56f-77aacb64f1fa" testName="FormatToStringTest1000 (35905.47425787219,35905.47 zł)" computerName="DESKTOP-5URQ9PB" duration="00:00:00.0000073" startTime="2022-06-13T21:11:35.1943208+02:00" endTime="2022-06-13T21:11:35.1944056+02:00" testType="13cdc9d9-ddb5-4fa4-a97d-d965ccfc6d4b" outcome="Passed" testListId="8c84fa94-04c1-424b-9868-57a2d4851a1d" relativeResultsDirectory="bfd70a83-6bce-47a1-b295-8eac8da43a47" />
    <UnitTestResult executionId="beb215f2-dd38-4eb7-bafe-7786766ebb02" testId="d7180469-4e96-4bec-bede-cc9bed78d52f" testName="FormatToStringTest1000 (675.4589376107133,675.46 zł)" computerName="DESKTOP-5URQ9PB" duration="00:00:00.0000064" startTime="2022-06-13T21:11:35.1730882+02:00" endTime="2022-06-13T21:11:35.1731529+02:00" testType="13cdc9d9-ddb5-4fa4-a97d-d965ccfc6d4b" outcome="Passed" testListId="8c84fa94-04c1-424b-9868-57a2d4851a1d" relativeResultsDirectory="beb215f2-dd38-4eb7-bafe-7786766ebb02" />
    <UnitTestResult executionId="2c65b8d3-f089-4983-963e-52b7a91d0a71" testId="3280cab2-84f6-4b34-a5a1-fb0ba6b30173" testName="FormatToStringTest1000 (16571.355536101553,16571.36 zł)" computerName="DESKTOP-5URQ9PB" duration="00:00:00.0000064" startTime="2022-06-13T21:11:34.9098581+02:00" endTime="2022-06-13T21:11:34.9099256+02:00" testType="13cdc9d9-ddb5-4fa4-a97d-d965ccfc6d4b" outcome="Passed" testListId="8c84fa94-04c1-424b-9868-57a2d4851a1d" relativeResultsDirectory="2c65b8d3-f089-4983-963e-52b7a91d0a71" />
    <UnitTestResult executionId="68fda537-980f-4e53-a348-51731166669a" testId="ac0fac6d-9395-4d24-ab4e-2a1f28e6b50d" testName="FormatToStringTest1000 (2409.393997763001,2409.39 zł)" computerName="DESKTOP-5URQ9PB" duration="00:00:00.0000072" startTime="2022-06-13T21:11:34.9060882+02:00" endTime="2022-06-13T21:11:34.9061708+02:00" testType="13cdc9d9-ddb5-4fa4-a97d-d965ccfc6d4b" outcome="Passed" testListId="8c84fa94-04c1-424b-9868-57a2d4851a1d" relativeResultsDirectory="68fda537-980f-4e53-a348-51731166669a" />
    <UnitTestResult executionId="abf7b282-5d7f-4ea3-9fbd-aaaa72c4de61" testId="c343028f-0cd7-45e3-9341-214d7d4f686c" testName="FormatToStringTest1000 (34062.88803158276,34062.89 zł)" computerName="DESKTOP-5URQ9PB" duration="00:00:00.0000066" startTime="2022-06-13T21:11:35.1750692+02:00" endTime="2022-06-13T21:11:35.1751373+02:00" testType="13cdc9d9-ddb5-4fa4-a97d-d965ccfc6d4b" outcome="Passed" testListId="8c84fa94-04c1-424b-9868-57a2d4851a1d" relativeResultsDirectory="abf7b282-5d7f-4ea3-9fbd-aaaa72c4de61" />
    <UnitTestResult executionId="7933975c-e3b5-40c7-a7c0-b18e19f92ad1" testId="a1f060a0-2e5e-4581-9913-ce3ed27200c1" testName="FormatToStringTest1000 (26015.8311952552,26015.83 zł)" computerName="DESKTOP-5URQ9PB" duration="00:00:00.0000071" startTime="2022-06-13T21:11:34.9655653+02:00" endTime="2022-06-13T21:11:34.9656520+02:00" testType="13cdc9d9-ddb5-4fa4-a97d-d965ccfc6d4b" outcome="Passed" testListId="8c84fa94-04c1-424b-9868-57a2d4851a1d" relativeResultsDirectory="7933975c-e3b5-40c7-a7c0-b18e19f92ad1" />
    <UnitTestResult executionId="f1e9e497-da44-49ed-8749-6668fc560ae2" testId="828c217b-a575-440f-b58c-a02339c8054d" testName="FormatToStringTest1000 (115.26302841131717,115.26 zł)" computerName="DESKTOP-5URQ9PB" duration="00:00:00.0000075" startTime="2022-06-13T21:11:34.9296781+02:00" endTime="2022-06-13T21:11:34.9297490+02:00" testType="13cdc9d9-ddb5-4fa4-a97d-d965ccfc6d4b" outcome="Passed" testListId="8c84fa94-04c1-424b-9868-57a2d4851a1d" relativeResultsDirectory="f1e9e497-da44-49ed-8749-6668fc560ae2" />
    <UnitTestResult executionId="2975ac84-4708-4235-9f1d-4aaabf0ecfe6" testId="ec40da28-e372-48bd-819e-4776f9977703" testName="FormatToStringTest1000 (6146.91236741278,6146.91 zł)" computerName="DESKTOP-5URQ9PB" duration="00:00:00.0000067" startTime="2022-06-13T21:11:35.1876668+02:00" endTime="2022-06-13T21:11:35.1877299+02:00" testType="13cdc9d9-ddb5-4fa4-a97d-d965ccfc6d4b" outcome="Passed" testListId="8c84fa94-04c1-424b-9868-57a2d4851a1d" relativeResultsDirectory="2975ac84-4708-4235-9f1d-4aaabf0ecfe6" />
    <UnitTestResult executionId="e8c58c3c-79b7-494b-8f2d-c47b27aecf34" testId="d2e14c91-3f32-4d2f-9923-544b20f71dcd" testName="FormatToStringTest1000 (37387.37521261972,37387.38 zł)" computerName="DESKTOP-5URQ9PB" duration="00:00:00.0000193" startTime="2022-06-13T21:11:35.1281775+02:00" endTime="2022-06-13T21:11:35.1283627+02:00" testType="13cdc9d9-ddb5-4fa4-a97d-d965ccfc6d4b" outcome="Passed" testListId="8c84fa94-04c1-424b-9868-57a2d4851a1d" relativeResultsDirectory="e8c58c3c-79b7-494b-8f2d-c47b27aecf34" />
    <UnitTestResult executionId="64548576-375c-4719-b5a2-db281edc62f4" testId="726bb44b-67cb-4e68-8406-2bbd7acb727d" testName="FormatToStringTest1000 (6752.510462437062,6752.51 zł)" computerName="DESKTOP-5URQ9PB" duration="00:00:00.0000065" startTime="2022-06-13T21:11:34.8996106+02:00" endTime="2022-06-13T21:11:34.8996777+02:00" testType="13cdc9d9-ddb5-4fa4-a97d-d965ccfc6d4b" outcome="Passed" testListId="8c84fa94-04c1-424b-9868-57a2d4851a1d" relativeResultsDirectory="64548576-375c-4719-b5a2-db281edc62f4" />
    <UnitTestResult executionId="d005c2ce-8371-4a57-b8f5-237c6c340fde" testId="4b668949-5e5b-4349-928f-efc5b315976e" testName="FormatToStringTest1000 (46391.661094229516,46391.66 zł)" computerName="DESKTOP-5URQ9PB" duration="00:00:00.0000073" startTime="2022-06-13T21:11:35.1544305+02:00" endTime="2022-06-13T21:11:35.1544990+02:00" testType="13cdc9d9-ddb5-4fa4-a97d-d965ccfc6d4b" outcome="Passed" testListId="8c84fa94-04c1-424b-9868-57a2d4851a1d" relativeResultsDirectory="d005c2ce-8371-4a57-b8f5-237c6c340fde" />
    <UnitTestResult executionId="feeb4e0e-efc1-46c9-9384-cac899d6f4c5" testId="59bc1480-d218-4e7a-9fce-3f5d3370f257" testName="FormatToStringTest1000 (486.15309567942893,486.15 zł)" computerName="DESKTOP-5URQ9PB" duration="00:00:00.0000064" startTime="2022-06-13T21:11:34.9969807+02:00" endTime="2022-06-13T21:11:34.9970480+02:00" testType="13cdc9d9-ddb5-4fa4-a97d-d965ccfc6d4b" outcome="Passed" testListId="8c84fa94-04c1-424b-9868-57a2d4851a1d" relativeResultsDirectory="feeb4e0e-efc1-46c9-9384-cac899d6f4c5" />
    <UnitTestResult executionId="a9431329-47df-47b1-8064-9907735b9132" testId="f7b877cc-4a75-4de7-88f0-014f80e9a105" testName="FormatToStringTest1000 (21693.340115174808,21693.34 zł)" computerName="DESKTOP-5URQ9PB" duration="00:00:00.0000063" startTime="2022-06-13T21:11:35.0684921+02:00" endTime="2022-06-13T21:11:35.0685591+02:00" testType="13cdc9d9-ddb5-4fa4-a97d-d965ccfc6d4b" outcome="Passed" testListId="8c84fa94-04c1-424b-9868-57a2d4851a1d" relativeResultsDirectory="a9431329-47df-47b1-8064-9907735b9132" />
    <UnitTestResult executionId="71069e01-6c83-49da-a0ef-b1b60a4442ac" testId="381e3b5e-7124-4a3c-a466-b04a09c0a32d" testName="FormatToStringTest1000 (20623.53139885493,20623.53 zł)" computerName="DESKTOP-5URQ9PB" duration="00:00:00.0000068" startTime="2022-06-13T21:11:34.9218473+02:00" endTime="2022-06-13T21:11:34.9219200+02:00" testType="13cdc9d9-ddb5-4fa4-a97d-d965ccfc6d4b" outcome="Passed" testListId="8c84fa94-04c1-424b-9868-57a2d4851a1d" relativeResultsDirectory="71069e01-6c83-49da-a0ef-b1b60a4442ac" />
    <UnitTestResult executionId="38e6a37b-305b-4a7b-a13c-29bcde5652b9" testId="3d245912-ca23-4b30-9780-06f228571e6e" testName="FormatToStringTest1000 (70771.4436677524,70771.44 zł)" computerName="DESKTOP-5URQ9PB" duration="00:00:00.0000094" startTime="2022-06-13T21:11:34.8885467+02:00" endTime="2022-06-13T21:11:34.8886172+02:00" testType="13cdc9d9-ddb5-4fa4-a97d-d965ccfc6d4b" outcome="Passed" testListId="8c84fa94-04c1-424b-9868-57a2d4851a1d" relativeResultsDirectory="38e6a37b-305b-4a7b-a13c-29bcde5652b9" />
    <UnitTestResult executionId="3a9de0af-8985-452b-877e-e30d28cef94c" testId="f229ee96-7a72-4227-a7a2-91d968d2ff45" testName="FormatToStringTest1000 (20116.958341299072,20116.96 zł)" computerName="DESKTOP-5URQ9PB" duration="00:00:00.0000062" startTime="2022-06-13T21:11:35.1209597+02:00" endTime="2022-06-13T21:11:35.1210245+02:00" testType="13cdc9d9-ddb5-4fa4-a97d-d965ccfc6d4b" outcome="Passed" testListId="8c84fa94-04c1-424b-9868-57a2d4851a1d" relativeResultsDirectory="3a9de0af-8985-452b-877e-e30d28cef94c" />
    <UnitTestResult executionId="a61f6949-7deb-4f86-b553-d82dd549c4a8" testId="1bc0203b-5822-46c4-8a6e-6c76c92f4228" testName="FormatToStringTest1000 (32908.76696502639,32908.77 zł)" computerName="DESKTOP-5URQ9PB" duration="00:00:00.0000068" startTime="2022-06-13T21:11:34.9484940+02:00" endTime="2022-06-13T21:11:34.9485645+02:00" testType="13cdc9d9-ddb5-4fa4-a97d-d965ccfc6d4b" outcome="Passed" testListId="8c84fa94-04c1-424b-9868-57a2d4851a1d" relativeResultsDirectory="a61f6949-7deb-4f86-b553-d82dd549c4a8" />
    <UnitTestResult executionId="b4bcfc56-89a0-43ed-b51f-23fc64bbdae3" testId="1d3f2eb5-4be5-4a54-9354-91d9796a78a5" testName="FormatToStringTest1000 (12202.860111308684,12202.86 zł)" computerName="DESKTOP-5URQ9PB" duration="00:00:00.0000066" startTime="2022-06-13T21:11:35.0301471+02:00" endTime="2022-06-13T21:11:35.0302148+02:00" testType="13cdc9d9-ddb5-4fa4-a97d-d965ccfc6d4b" outcome="Passed" testListId="8c84fa94-04c1-424b-9868-57a2d4851a1d" relativeResultsDirectory="b4bcfc56-89a0-43ed-b51f-23fc64bbdae3" />
    <UnitTestResult executionId="8f5daa71-510d-4455-ad3e-e769fb30b968" testId="4cbda958-d5eb-4ffe-b429-d34a4f005752" testName="FormatToStringTest1000 (7004.710832051798,7004.71 zł)" computerName="DESKTOP-5URQ9PB" duration="00:00:00.0000064" startTime="2022-06-13T21:11:35.1728414+02:00" endTime="2022-06-13T21:11:35.1729069+02:00" testType="13cdc9d9-ddb5-4fa4-a97d-d965ccfc6d4b" outcome="Passed" testListId="8c84fa94-04c1-424b-9868-57a2d4851a1d" relativeResultsDirectory="8f5daa71-510d-4455-ad3e-e769fb30b968" />
    <UnitTestResult executionId="a79157e9-3c9d-43c2-a0c0-22f5a168b378" testId="4f3dd493-eadf-4cd5-b65a-3a4cb0241d23" testName="FormatToStringTest1000 (1687.5965557361937,1687.60 zł)" computerName="DESKTOP-5URQ9PB" duration="00:00:00.0000458" startTime="2022-06-13T21:11:35.0615381+02:00" endTime="2022-06-13T21:11:35.0618105+02:00" testType="13cdc9d9-ddb5-4fa4-a97d-d965ccfc6d4b" outcome="Passed" testListId="8c84fa94-04c1-424b-9868-57a2d4851a1d" relativeResultsDirectory="a79157e9-3c9d-43c2-a0c0-22f5a168b378" />
    <UnitTestResult executionId="4d217764-7cc1-4667-bc92-5c0766cd3a96" testId="ee276530-8b1e-4cc5-9bf2-d63bcbc80fed" testName="FormatToStringTest1000 (8211.920994553679,8211.92 zł)" computerName="DESKTOP-5URQ9PB" duration="00:00:00.0000066" startTime="2022-06-13T21:11:34.9868559+02:00" endTime="2022-06-13T21:11:34.9869296+02:00" testType="13cdc9d9-ddb5-4fa4-a97d-d965ccfc6d4b" outcome="Passed" testListId="8c84fa94-04c1-424b-9868-57a2d4851a1d" relativeResultsDirectory="4d217764-7cc1-4667-bc92-5c0766cd3a96" />
    <UnitTestResult executionId="c384448d-3c0d-4694-96ea-2cb1811da9d7" testId="f0ed4011-072b-4408-9586-9c9545292a40" testName="FormatToStringTest1000 (5840.747097845071,5840.75 zł)" computerName="DESKTOP-5URQ9PB" duration="00:00:00.0000068" startTime="2022-06-13T21:11:35.1465391+02:00" endTime="2022-06-13T21:11:35.1466137+02:00" testType="13cdc9d9-ddb5-4fa4-a97d-d965ccfc6d4b" outcome="Passed" testListId="8c84fa94-04c1-424b-9868-57a2d4851a1d" relativeResultsDirectory="c384448d-3c0d-4694-96ea-2cb1811da9d7" />
    <UnitTestResult executionId="2466f498-b020-4910-91df-d84b08d0a2f7" testId="71135d2d-21de-4809-a9e5-1fcb7191c785" testName="FormatToStringTest1000 (37114.901517336206,37114.90 zł)" computerName="DESKTOP-5URQ9PB" duration="00:00:00.0000067" startTime="2022-06-13T21:11:35.1584104+02:00" endTime="2022-06-13T21:11:35.1584785+02:00" testType="13cdc9d9-ddb5-4fa4-a97d-d965ccfc6d4b" outcome="Passed" testListId="8c84fa94-04c1-424b-9868-57a2d4851a1d" relativeResultsDirectory="2466f498-b020-4910-91df-d84b08d0a2f7" />
    <UnitTestResult executionId="6890af73-4943-4b8e-aceb-1c73ab831b27" testId="e872e607-49cf-44f8-b088-77073460605e" testName="FormatToStringTest1000 (6276.389386365838,6276.39 zł)" computerName="DESKTOP-5URQ9PB" duration="00:00:00.0000079" startTime="2022-06-13T21:11:35.0171599+02:00" endTime="2022-06-13T21:11:35.0172409+02:00" testType="13cdc9d9-ddb5-4fa4-a97d-d965ccfc6d4b" outcome="Passed" testListId="8c84fa94-04c1-424b-9868-57a2d4851a1d" relativeResultsDirectory="6890af73-4943-4b8e-aceb-1c73ab831b27" />
    <UnitTestResult executionId="9acd1490-2789-4f09-9572-40539781e918" testId="fa58fe32-9c4f-4221-a1cc-23efbb3057c4" testName="FormatToStringTest1000 (658.7555888573431,658.76 zł)" computerName="DESKTOP-5URQ9PB" duration="00:00:00.0000065" startTime="2022-06-13T21:11:35.0303183+02:00" endTime="2022-06-13T21:11:35.0303922+02:00" testType="13cdc9d9-ddb5-4fa4-a97d-d965ccfc6d4b" outcome="Passed" testListId="8c84fa94-04c1-424b-9868-57a2d4851a1d" relativeResultsDirectory="9acd1490-2789-4f09-9572-40539781e918" />
    <UnitTestResult executionId="70b42c48-a999-418d-801b-0fac0f51c25b" testId="004b1a12-87bf-4c86-a30f-718b97bd2c17" testName="FormatToStringTest1000 (16190.113943164757,16190.11 zł)" computerName="DESKTOP-5URQ9PB" duration="00:00:00.0000067" startTime="2022-06-13T21:11:35.0300600+02:00" endTime="2022-06-13T21:11:35.0301290+02:00" testType="13cdc9d9-ddb5-4fa4-a97d-d965ccfc6d4b" outcome="Passed" testListId="8c84fa94-04c1-424b-9868-57a2d4851a1d" relativeResultsDirectory="70b42c48-a999-418d-801b-0fac0f51c25b" />
    <UnitTestResult executionId="05eecd0c-4b90-4e99-a40b-dfb857e52a65" testId="c08cd355-6dea-4581-b39b-787423d27532" testName="FormatToStringTest1000 (57237.252356975456,57237.25 zł)" computerName="DESKTOP-5URQ9PB" duration="00:00:00.0000085" startTime="2022-06-13T21:11:35.1879910+02:00" endTime="2022-06-13T21:11:35.1880834+02:00" testType="13cdc9d9-ddb5-4fa4-a97d-d965ccfc6d4b" outcome="Passed" testListId="8c84fa94-04c1-424b-9868-57a2d4851a1d" relativeResultsDirectory="05eecd0c-4b90-4e99-a40b-dfb857e52a65" />
    <UnitTestResult executionId="81676296-d04f-41a7-b713-e79f62ce08d1" testId="309008c6-4766-49e8-b394-11755099080d" testName="FormatToStringTest1000 (19392.945535027862,19392.95 zł)" computerName="DESKTOP-5URQ9PB" duration="00:00:00.0000139" startTime="2022-06-13T21:11:34.9862927+02:00" endTime="2022-06-13T21:11:34.9863734+02:00" testType="13cdc9d9-ddb5-4fa4-a97d-d965ccfc6d4b" outcome="Passed" testListId="8c84fa94-04c1-424b-9868-57a2d4851a1d" relativeResultsDirectory="81676296-d04f-41a7-b713-e79f62ce08d1" />
    <UnitTestResult executionId="a6f3592c-f162-4f74-96ca-dd2abff8c285" testId="e7e2e773-a09a-4af4-af5b-894bb0403b2d" testName="FormatToStringTest1000 (10174.652801423637,10174.65 zł)" computerName="DESKTOP-5URQ9PB" duration="00:00:00.0000065" startTime="2022-06-13T21:11:35.0968847+02:00" endTime="2022-06-13T21:11:35.0969520+02:00" testType="13cdc9d9-ddb5-4fa4-a97d-d965ccfc6d4b" outcome="Passed" testListId="8c84fa94-04c1-424b-9868-57a2d4851a1d" relativeResultsDirectory="a6f3592c-f162-4f74-96ca-dd2abff8c285" />
    <UnitTestResult executionId="792afd42-600b-41c2-91fd-5539014a366a" testId="fd6239a0-6441-4123-946a-5d2ac0726da2" testName="FormatToStringTest1000 (726.8087564975995,726.81 zł)" computerName="DESKTOP-5URQ9PB" duration="00:00:00.0000072" startTime="2022-06-13T21:11:34.8034692+02:00" endTime="2022-06-13T21:11:34.8035396+02:00" testType="13cdc9d9-ddb5-4fa4-a97d-d965ccfc6d4b" outcome="Passed" testListId="8c84fa94-04c1-424b-9868-57a2d4851a1d" relativeResultsDirectory="792afd42-600b-41c2-91fd-5539014a366a" />
    <UnitTestResult executionId="35fb84b4-89bc-4dc6-b40e-313de98d63d8" testId="9508920c-6063-4277-91e3-e4d323341ab8" testName="FormatToStringTest1000 (32812.53695512634,32812.54 zł)" computerName="DESKTOP-5URQ9PB" duration="00:00:00.0000145" startTime="2022-06-13T21:11:34.9894958+02:00" endTime="2022-06-13T21:11:34.9896719+02:00" testType="13cdc9d9-ddb5-4fa4-a97d-d965ccfc6d4b" outcome="Passed" testListId="8c84fa94-04c1-424b-9868-57a2d4851a1d" relativeResultsDirectory="35fb84b4-89bc-4dc6-b40e-313de98d63d8" />
    <UnitTestResult executionId="f90f8c55-e543-49d5-9672-15236a45200e" testId="61036a14-d5ca-401a-b258-2b53d6ad327c" testName="FormatToStringTest1000 (134.1514758393874,134.15 zł)" computerName="DESKTOP-5URQ9PB" duration="00:00:00.0000064" startTime="2022-06-13T21:11:35.1211282+02:00" endTime="2022-06-13T21:11:35.1211927+02:00" testType="13cdc9d9-ddb5-4fa4-a97d-d965ccfc6d4b" outcome="Passed" testListId="8c84fa94-04c1-424b-9868-57a2d4851a1d" relativeResultsDirectory="f90f8c55-e543-49d5-9672-15236a45200e" />
    <UnitTestResult executionId="c752fbac-d374-4a88-84e9-2923c49fcfd1" testId="120547b0-dfbd-4dda-b2d7-a97ab82d7994" testName="FormatToStringTest1000 (2423.6182769712145,2423.62 zł)" computerName="DESKTOP-5URQ9PB" duration="00:00:00.0000075" startTime="2022-06-13T21:11:35.1025262+02:00" endTime="2022-06-13T21:11:35.1026203+02:00" testType="13cdc9d9-ddb5-4fa4-a97d-d965ccfc6d4b" outcome="Passed" testListId="8c84fa94-04c1-424b-9868-57a2d4851a1d" relativeResultsDirectory="c752fbac-d374-4a88-84e9-2923c49fcfd1" />
    <UnitTestResult executionId="8f3b6c49-c4bf-41a0-8806-5e4a1c7320a1" testId="f690cb7b-6d22-4a33-9fd1-4150a1288a85" testName="FormatToStringTest1000 (12577.642620996872,12577.64 zł)" computerName="DESKTOP-5URQ9PB" duration="00:00:00.0000081" startTime="2022-06-13T21:11:34.9181000+02:00" endTime="2022-06-13T21:11:34.9181745+02:00" testType="13cdc9d9-ddb5-4fa4-a97d-d965ccfc6d4b" outcome="Passed" testListId="8c84fa94-04c1-424b-9868-57a2d4851a1d" relativeResultsDirectory="8f3b6c49-c4bf-41a0-8806-5e4a1c7320a1" />
    <UnitTestResult executionId="17c56d0b-823d-4986-bc6c-e35a84c35aeb" testId="f93e2cb0-b83e-4531-9fcd-f3bef6420c3b" testName="FormatToStringTest1000 (27794.8671353957,27794.87 zł)" computerName="DESKTOP-5URQ9PB" duration="00:00:00.0000135" startTime="2022-06-13T21:11:35.1305515+02:00" endTime="2022-06-13T21:11:35.1307006+02:00" testType="13cdc9d9-ddb5-4fa4-a97d-d965ccfc6d4b" outcome="Passed" testListId="8c84fa94-04c1-424b-9868-57a2d4851a1d" relativeResultsDirectory="17c56d0b-823d-4986-bc6c-e35a84c35aeb" />
    <UnitTestResult executionId="409b18d6-2f28-44f5-a5c8-b6e00711de47" testId="deaaab25-8720-4727-a9e2-4fcf1efea932" testName="FormatToStringTest1000 (485.6735566554933,485.67 zł)" computerName="DESKTOP-5URQ9PB" duration="00:00:00.0000065" startTime="2022-06-13T21:11:34.9219386+02:00" endTime="2022-06-13T21:11:34.9220085+02:00" testType="13cdc9d9-ddb5-4fa4-a97d-d965ccfc6d4b" outcome="Passed" testListId="8c84fa94-04c1-424b-9868-57a2d4851a1d" relativeResultsDirectory="409b18d6-2f28-44f5-a5c8-b6e00711de47" />
    <UnitTestResult executionId="b092dc35-a238-45ba-9290-c77e9c2ac535" testId="950bcfc2-1a59-4822-9e0e-25353bd1321e" testName="FormatToStringTest1000 (67380.07704875062,67380.08 zł)" computerName="DESKTOP-5URQ9PB" duration="00:00:00.0000065" startTime="2022-06-13T21:11:34.9802253+02:00" endTime="2022-06-13T21:11:34.9802929+02:00" testType="13cdc9d9-ddb5-4fa4-a97d-d965ccfc6d4b" outcome="Passed" testListId="8c84fa94-04c1-424b-9868-57a2d4851a1d" relativeResultsDirectory="b092dc35-a238-45ba-9290-c77e9c2ac535" />
    <UnitTestResult executionId="63bb68b6-9f36-4758-b222-9b2d3c5b5c7e" testId="5c40948c-a37e-4b52-9ba8-8e2b094a275b" testName="FormatToStringTest1000 (88584.97010041306,88584.97 zł)" computerName="DESKTOP-5URQ9PB" duration="00:00:00.0000064" startTime="2022-06-13T21:11:35.0203708+02:00" endTime="2022-06-13T21:11:35.0204401+02:00" testType="13cdc9d9-ddb5-4fa4-a97d-d965ccfc6d4b" outcome="Passed" testListId="8c84fa94-04c1-424b-9868-57a2d4851a1d" relativeResultsDirectory="63bb68b6-9f36-4758-b222-9b2d3c5b5c7e" />
    <UnitTestResult executionId="97f0b910-5370-4748-87dd-27493c1e1c27" testId="58cb1d43-4a4d-422e-9dc7-cffc66b40fd4" testName="FormatToStringTest1000 (85407.13428016152,85407.13 zł)" computerName="DESKTOP-5URQ9PB" duration="00:00:00.0000065" startTime="2022-06-13T21:11:35.2072192+02:00" endTime="2022-06-13T21:11:35.2072849+02:00" testType="13cdc9d9-ddb5-4fa4-a97d-d965ccfc6d4b" outcome="Passed" testListId="8c84fa94-04c1-424b-9868-57a2d4851a1d" relativeResultsDirectory="97f0b910-5370-4748-87dd-27493c1e1c27" />
    <UnitTestResult executionId="948d139d-a6ce-4eb0-bc80-c5661452bb49" testId="799eedd3-53df-4ab6-abe7-027d31493eee" testName="FormatToStringTest1000 (11430.666613002619,11430.67 zł)" computerName="DESKTOP-5URQ9PB" duration="00:00:00.0000066" startTime="2022-06-13T21:11:34.9294992+02:00" endTime="2022-06-13T21:11:34.9295700+02:00" testType="13cdc9d9-ddb5-4fa4-a97d-d965ccfc6d4b" outcome="Passed" testListId="8c84fa94-04c1-424b-9868-57a2d4851a1d" relativeResultsDirectory="948d139d-a6ce-4eb0-bc80-c5661452bb49" />
    <UnitTestResult executionId="27c1cc26-8b69-400f-b325-5c2dfffb4b9f" testId="11bf2dc7-cb2c-4d1c-85a4-3dcbd547cb60" testName="FormatToStringTest1000 (19462.729986486367,19462.73 zł)" computerName="DESKTOP-5URQ9PB" duration="00:00:00.0000125" startTime="2022-06-13T21:11:35.1205107+02:00" endTime="2022-06-13T21:11:35.1206585+02:00" testType="13cdc9d9-ddb5-4fa4-a97d-d965ccfc6d4b" outcome="Passed" testListId="8c84fa94-04c1-424b-9868-57a2d4851a1d" relativeResultsDirectory="27c1cc26-8b69-400f-b325-5c2dfffb4b9f" />
    <UnitTestResult executionId="1c72f30d-244e-434c-a716-cbcd2c19ebce" testId="10434cba-ba26-45ea-884c-08c621a11355" testName="FormatToStringTest1000 (19519.4298413505,19519.43 zł)" computerName="DESKTOP-5URQ9PB" duration="00:00:00.0000066" startTime="2022-06-13T21:11:35.1658120+02:00" endTime="2022-06-13T21:11:35.1658740+02:00" testType="13cdc9d9-ddb5-4fa4-a97d-d965ccfc6d4b" outcome="Passed" testListId="8c84fa94-04c1-424b-9868-57a2d4851a1d" relativeResultsDirectory="1c72f30d-244e-434c-a716-cbcd2c19ebce" />
    <UnitTestResult executionId="987e6413-1d75-4539-87ad-dcde2e4c504f" testId="4103b9ac-0142-49ca-9af3-a0de4c9d93cf" testName="FormatToStringTest1000 (76536.95853396178,76536.96 zł)" computerName="DESKTOP-5URQ9PB" duration="00:00:00.0000066" startTime="2022-06-13T21:11:35.0793289+02:00" endTime="2022-06-13T21:11:35.0794162+02:00" testType="13cdc9d9-ddb5-4fa4-a97d-d965ccfc6d4b" outcome="Passed" testListId="8c84fa94-04c1-424b-9868-57a2d4851a1d" relativeResultsDirectory="987e6413-1d75-4539-87ad-dcde2e4c504f" />
    <UnitTestResult executionId="9b7f9dc4-0137-4fc5-8299-e24bbe85de61" testId="07952e20-14f6-45ce-9802-e6800c26f07c" testName="FormatToStringTest1000 (6352.983758103561,6352.98 zł)" computerName="DESKTOP-5URQ9PB" duration="00:00:00.0000123" startTime="2022-06-13T21:11:35.1630572+02:00" endTime="2022-06-13T21:11:35.1631946+02:00" testType="13cdc9d9-ddb5-4fa4-a97d-d965ccfc6d4b" outcome="Passed" testListId="8c84fa94-04c1-424b-9868-57a2d4851a1d" relativeResultsDirectory="9b7f9dc4-0137-4fc5-8299-e24bbe85de61" />
    <UnitTestResult executionId="94c89583-2e2c-4999-b867-c91c59e7409e" testId="639aa9de-ee5d-4bdc-9b3a-06e9ea72a809" testName="FormatToStringTest1000 (13503.943645929892,13503.94 zł)" computerName="DESKTOP-5URQ9PB" duration="00:00:00.0000065" startTime="2022-06-13T21:11:34.8918919+02:00" endTime="2022-06-13T21:11:34.8919706+02:00" testType="13cdc9d9-ddb5-4fa4-a97d-d965ccfc6d4b" outcome="Passed" testListId="8c84fa94-04c1-424b-9868-57a2d4851a1d" relativeResultsDirectory="94c89583-2e2c-4999-b867-c91c59e7409e" />
    <UnitTestResult executionId="75897cca-7cf7-4094-955a-0e47037a8254" testId="0234c137-99c1-483c-b138-74a7bb5716a4" testName="FormatToStringTest1000 (1562.3173604776698,1562.32 zł)" computerName="DESKTOP-5URQ9PB" duration="00:00:00.0000065" startTime="2022-06-13T21:11:34.9769064+02:00" endTime="2022-06-13T21:11:34.9769740+02:00" testType="13cdc9d9-ddb5-4fa4-a97d-d965ccfc6d4b" outcome="Passed" testListId="8c84fa94-04c1-424b-9868-57a2d4851a1d" relativeResultsDirectory="75897cca-7cf7-4094-955a-0e47037a8254" />
    <UnitTestResult executionId="e0d55355-1530-4bf8-848f-340e4c91c2ae" testId="b314de1b-1287-4b46-8bb6-a8dbbf95e26b" testName="FormatToStringTest1000 (10495.622655484185,10495.62 zł)" computerName="DESKTOP-5URQ9PB" duration="00:00:00.0000069" startTime="2022-06-13T21:11:35.1141753+02:00" endTime="2022-06-13T21:11:35.1142837+02:00" testType="13cdc9d9-ddb5-4fa4-a97d-d965ccfc6d4b" outcome="Passed" testListId="8c84fa94-04c1-424b-9868-57a2d4851a1d" relativeResultsDirectory="e0d55355-1530-4bf8-848f-340e4c91c2ae" />
    <UnitTestResult executionId="6b4e1589-8e35-404f-acdf-1a8b9ede25a5" testId="2bd31312-78bb-4cc6-a7ea-093690e511d4" testName="FormatToStringTest1000 (238.1379397484185,238.14 zł)" computerName="DESKTOP-5URQ9PB" duration="00:00:00.0000066" startTime="2022-06-13T21:11:34.9649869+02:00" endTime="2022-06-13T21:11:34.9650613+02:00" testType="13cdc9d9-ddb5-4fa4-a97d-d965ccfc6d4b" outcome="Passed" testListId="8c84fa94-04c1-424b-9868-57a2d4851a1d" relativeResultsDirectory="6b4e1589-8e35-404f-acdf-1a8b9ede25a5" />
    <UnitTestResult executionId="68f52f02-9b48-49e8-9211-ff400f08cbd3" testId="7d02cb46-bd03-4f4f-9127-dc0b61261191" testName="FormatToStringTest1000 (1514.6266382441981,1514.63 zł)" computerName="DESKTOP-5URQ9PB" duration="00:00:00.0000069" startTime="2022-06-13T21:11:35.0048586+02:00" endTime="2022-06-13T21:11:35.0049351+02:00" testType="13cdc9d9-ddb5-4fa4-a97d-d965ccfc6d4b" outcome="Passed" testListId="8c84fa94-04c1-424b-9868-57a2d4851a1d" relativeResultsDirectory="68f52f02-9b48-49e8-9211-ff400f08cbd3" />
    <UnitTestResult executionId="bebcf086-1499-4563-bacd-4f30a76def20" testId="5df16bfd-8460-48b2-9937-e574550a204e" testName="FormatToStringTest1000 (78822.37212685234,78822.37 zł)" computerName="DESKTOP-5URQ9PB" duration="00:00:00.0000065" startTime="2022-06-13T21:11:34.8712456+02:00" endTime="2022-06-13T21:11:34.8713181+02:00" testType="13cdc9d9-ddb5-4fa4-a97d-d965ccfc6d4b" outcome="Passed" testListId="8c84fa94-04c1-424b-9868-57a2d4851a1d" relativeResultsDirectory="bebcf086-1499-4563-bacd-4f30a76def20" />
    <UnitTestResult executionId="3ffb7544-d21f-4365-a411-d604dd90a05c" testId="64c2b7a1-9dcc-4944-8465-0a947fc76a59" testName="FormatToStringTest1000 (11118.620997698335,11118.62 zł)" computerName="DESKTOP-5URQ9PB" duration="00:00:00.0000064" startTime="2022-06-13T21:11:35.0240184+02:00" endTime="2022-06-13T21:11:35.0240857+02:00" testType="13cdc9d9-ddb5-4fa4-a97d-d965ccfc6d4b" outcome="Passed" testListId="8c84fa94-04c1-424b-9868-57a2d4851a1d" relativeResultsDirectory="3ffb7544-d21f-4365-a411-d604dd90a05c" />
    <UnitTestResult executionId="60c3f56f-9167-4cd3-ab8e-4bfe382612d8" testId="0cb12b56-4097-4ed1-99d3-017bed08abbc" testName="FormatToStringTest1000 (28298.945361683585,28298.95 zł)" computerName="DESKTOP-5URQ9PB" duration="00:00:00.0000063" startTime="2022-06-13T21:11:35.0709358+02:00" endTime="2022-06-13T21:11:35.0710039+02:00" testType="13cdc9d9-ddb5-4fa4-a97d-d965ccfc6d4b" outcome="Passed" testListId="8c84fa94-04c1-424b-9868-57a2d4851a1d" relativeResultsDirectory="60c3f56f-9167-4cd3-ab8e-4bfe382612d8" />
    <UnitTestResult executionId="4afe9825-fd70-4d87-a11d-c158d81e17c8" testId="45dfd50e-a654-406f-8a7c-98d2f01331cf" testName="FormatToStringTest1000 (9750.134289915735,9750.13 zł)" computerName="DESKTOP-5URQ9PB" duration="00:00:00.0000065" startTime="2022-06-13T21:11:35.1309874+02:00" endTime="2022-06-13T21:11:35.1310528+02:00" testType="13cdc9d9-ddb5-4fa4-a97d-d965ccfc6d4b" outcome="Passed" testListId="8c84fa94-04c1-424b-9868-57a2d4851a1d" relativeResultsDirectory="4afe9825-fd70-4d87-a11d-c158d81e17c8" />
    <UnitTestResult executionId="1d690cce-616f-4e9f-884c-b50f8fd2cab6" testId="3cbe518e-aa58-48ce-ae80-e79678ea3f9e" testName="FormatToStringTest1000 (545.7016866634142,545.70 zł)" computerName="DESKTOP-5URQ9PB" duration="00:00:00.0000104" startTime="2022-06-13T21:11:35.0788185+02:00" endTime="2022-06-13T21:11:35.0788984+02:00" testType="13cdc9d9-ddb5-4fa4-a97d-d965ccfc6d4b" outcome="Passed" testListId="8c84fa94-04c1-424b-9868-57a2d4851a1d" relativeResultsDirectory="1d690cce-616f-4e9f-884c-b50f8fd2cab6" />
    <UnitTestResult executionId="48ff383a-ee0a-431d-abf2-62152dd4c232" testId="a268d0b5-2b6d-4092-8c1a-8c0e776b8b5c" testName="FormatToStringTest1000 (6946.333318357977,6946.33 zł)" computerName="DESKTOP-5URQ9PB" duration="00:00:00.0000065" startTime="2022-06-13T21:11:34.9897065+02:00" endTime="2022-06-13T21:11:34.9897769+02:00" testType="13cdc9d9-ddb5-4fa4-a97d-d965ccfc6d4b" outcome="Passed" testListId="8c84fa94-04c1-424b-9868-57a2d4851a1d" relativeResultsDirectory="48ff383a-ee0a-431d-abf2-62152dd4c232" />
    <UnitTestResult executionId="42d3bb84-2e4d-470f-9d7c-3341d2bc1f5f" testId="20746484-53ef-480a-ac31-09dabb51f9af" testName="FormatToStringTest1000 (54088.326214851964,54088.33 zł)" computerName="DESKTOP-5URQ9PB" duration="00:00:00.0000071" startTime="2022-06-13T21:11:34.9094321+02:00" endTime="2022-06-13T21:11:34.9095001+02:00" testType="13cdc9d9-ddb5-4fa4-a97d-d965ccfc6d4b" outcome="Passed" testListId="8c84fa94-04c1-424b-9868-57a2d4851a1d" relativeResultsDirectory="42d3bb84-2e4d-470f-9d7c-3341d2bc1f5f" />
    <UnitTestResult executionId="8fe028b0-bcc6-4bc1-92a0-d027e25b2f69" testId="2ec4f48b-6317-4159-8a4c-da419fd7599f" testName="FormatToStringTest1000 (1313.0279238368514,1313.03 zł)" computerName="DESKTOP-5URQ9PB" duration="00:00:00.0000133" startTime="2022-06-13T21:11:35.1332837+02:00" endTime="2022-06-13T21:11:35.1333563+02:00" testType="13cdc9d9-ddb5-4fa4-a97d-d965ccfc6d4b" outcome="Passed" testListId="8c84fa94-04c1-424b-9868-57a2d4851a1d" relativeResultsDirectory="8fe028b0-bcc6-4bc1-92a0-d027e25b2f69" />
    <UnitTestResult executionId="6ef26f9c-c46d-42c6-936d-5967ed48a9a4" testId="a4419e7c-29ff-451d-b8ad-2a1f71c7b023" testName="FormatToStringTest1000 (21753.84773194969,21753.85 zł)" computerName="DESKTOP-5URQ9PB" duration="00:00:00.0000075" startTime="2022-06-13T21:11:34.9061895+02:00" endTime="2022-06-13T21:11:34.9062603+02:00" testType="13cdc9d9-ddb5-4fa4-a97d-d965ccfc6d4b" outcome="Passed" testListId="8c84fa94-04c1-424b-9868-57a2d4851a1d" relativeResultsDirectory="6ef26f9c-c46d-42c6-936d-5967ed48a9a4" />
    <UnitTestResult executionId="96cb4f63-2c3b-42b6-a24c-1a2ba16cc389" testId="7aac877b-6f0c-4420-909f-5876fa6fe131" testName="FormatToStringTest1000 (22678.795878462864,22678.80 zł)" computerName="DESKTOP-5URQ9PB" duration="00:00:00.0000102" startTime="2022-06-13T21:11:35.1412749+02:00" endTime="2022-06-13T21:11:35.1413766+02:00" testType="13cdc9d9-ddb5-4fa4-a97d-d965ccfc6d4b" outcome="Passed" testListId="8c84fa94-04c1-424b-9868-57a2d4851a1d" relativeResultsDirectory="96cb4f63-2c3b-42b6-a24c-1a2ba16cc389" />
    <UnitTestResult executionId="50291c3b-0efe-4af0-9c28-25f895c98494" testId="dc45465b-35d2-42bc-a4b9-567ff9d5de88" testName="FormatToStringTest1000 (2166.4103293970275,2166.41 zł)" computerName="DESKTOP-5URQ9PB" duration="00:00:00.0000069" startTime="2022-06-13T21:11:35.0712170+02:00" endTime="2022-06-13T21:11:35.0712976+02:00" testType="13cdc9d9-ddb5-4fa4-a97d-d965ccfc6d4b" outcome="Passed" testListId="8c84fa94-04c1-424b-9868-57a2d4851a1d" relativeResultsDirectory="50291c3b-0efe-4af0-9c28-25f895c98494" />
    <UnitTestResult executionId="d109a5a1-38b2-462d-907b-e508b564e0f0" testId="eb00701f-ec6e-4138-be1f-84572185e2cf" testName="FormatToStringTest1000 (13453.429998117233,13453.43 zł)" computerName="DESKTOP-5URQ9PB" duration="00:00:00.0000066" startTime="2022-06-13T21:11:35.1252140+02:00" endTime="2022-06-13T21:11:35.1252871+02:00" testType="13cdc9d9-ddb5-4fa4-a97d-d965ccfc6d4b" outcome="Passed" testListId="8c84fa94-04c1-424b-9868-57a2d4851a1d" relativeResultsDirectory="d109a5a1-38b2-462d-907b-e508b564e0f0" />
    <UnitTestResult executionId="c499500e-eb55-49f1-951c-b2cd5c5967e6" testId="4848e419-0269-420e-8305-952feada37ad" testName="FormatToStringTest1000 (803.2448148733214,803.24 zł)" computerName="DESKTOP-5URQ9PB" duration="00:00:00.0000065" startTime="2022-06-13T21:11:35.1804470+02:00" endTime="2022-06-13T21:11:35.1805123+02:00" testType="13cdc9d9-ddb5-4fa4-a97d-d965ccfc6d4b" outcome="Passed" testListId="8c84fa94-04c1-424b-9868-57a2d4851a1d" relativeResultsDirectory="c499500e-eb55-49f1-951c-b2cd5c5967e6" />
    <UnitTestResult executionId="518f7ca7-c6cd-4faf-998c-3de18ea1ebfd" testId="e8903055-79ff-4750-b913-5a18ce9eb439" testName="FormatToStringTest1000 (37614.50159416278,37614.50 zł)" computerName="DESKTOP-5URQ9PB" duration="00:00:00.0000065" startTime="2022-06-13T21:11:35.1907640+02:00" endTime="2022-06-13T21:11:35.1908295+02:00" testType="13cdc9d9-ddb5-4fa4-a97d-d965ccfc6d4b" outcome="Passed" testListId="8c84fa94-04c1-424b-9868-57a2d4851a1d" relativeResultsDirectory="518f7ca7-c6cd-4faf-998c-3de18ea1ebfd" />
    <UnitTestResult executionId="367daad6-f5fe-45b0-b5c5-2b71629f72ac" testId="1b23bd27-4b03-4009-8b26-2168c1e6ffc6" testName="FormatToStringTest1000 (22494.46807976834,22494.47 zł)" computerName="DESKTOP-5URQ9PB" duration="00:00:00.0000065" startTime="2022-06-13T21:11:35.1328489+02:00" endTime="2022-06-13T21:11:35.1329172+02:00" testType="13cdc9d9-ddb5-4fa4-a97d-d965ccfc6d4b" outcome="Passed" testListId="8c84fa94-04c1-424b-9868-57a2d4851a1d" relativeResultsDirectory="367daad6-f5fe-45b0-b5c5-2b71629f72ac" />
    <UnitTestResult executionId="691abb56-ca97-4345-8908-c060c05fcd4a" testId="3139249f-0a9d-4913-8887-f48e44e050c2" testName="FormatToStringTest1000 (51529.79033960206,51529.79 zł)" computerName="DESKTOP-5URQ9PB" duration="00:00:00.0000063" startTime="2022-06-13T21:11:35.1808511+02:00" endTime="2022-06-13T21:11:35.1809170+02:00" testType="13cdc9d9-ddb5-4fa4-a97d-d965ccfc6d4b" outcome="Passed" testListId="8c84fa94-04c1-424b-9868-57a2d4851a1d" relativeResultsDirectory="691abb56-ca97-4345-8908-c060c05fcd4a" />
    <UnitTestResult executionId="5ad24f01-33ac-4ffd-be23-41303b4bc52f" testId="4bb81632-6288-4bb5-9b61-005c1b0a43db" testName="FormatToStringTest1000 (40913.016669489916,40913.02 zł)" computerName="DESKTOP-5URQ9PB" duration="00:00:00.0000064" startTime="2022-06-13T21:11:35.1709671+02:00" endTime="2022-06-13T21:11:35.1710318+02:00" testType="13cdc9d9-ddb5-4fa4-a97d-d965ccfc6d4b" outcome="Passed" testListId="8c84fa94-04c1-424b-9868-57a2d4851a1d" relativeResultsDirectory="5ad24f01-33ac-4ffd-be23-41303b4bc52f" />
    <UnitTestResult executionId="20753f66-b505-4367-b13a-92151a69aa2e" testId="943f9140-92c5-40b6-99ff-52215bf4d3d7" testName="FormatToStringTest1000 (32566.30279101259,32566.30 zł)" computerName="DESKTOP-5URQ9PB" duration="00:00:00.0000065" startTime="2022-06-13T21:11:34.8956331+02:00" endTime="2022-06-13T21:11:34.8957041+02:00" testType="13cdc9d9-ddb5-4fa4-a97d-d965ccfc6d4b" outcome="Passed" testListId="8c84fa94-04c1-424b-9868-57a2d4851a1d" relativeResultsDirectory="20753f66-b505-4367-b13a-92151a69aa2e" />
    <UnitTestResult executionId="ec227197-a368-4ac3-b239-9208cefa6a64" testId="e9bb2f18-fa1f-4b45-90c9-14b9dcfe67d4" testName="FormatToStringTest1000 (765.778932784581,765.78 zł)" computerName="DESKTOP-5URQ9PB" duration="00:00:00.0000064" startTime="2022-06-13T21:11:35.0138252+02:00" endTime="2022-06-13T21:11:35.0138910+02:00" testType="13cdc9d9-ddb5-4fa4-a97d-d965ccfc6d4b" outcome="Passed" testListId="8c84fa94-04c1-424b-9868-57a2d4851a1d" relativeResultsDirectory="ec227197-a368-4ac3-b239-9208cefa6a64" />
    <UnitTestResult executionId="ef1578d3-7766-4f04-85c0-59746f602679" testId="29fa6695-4d5b-4351-9b56-b6e6f554ab37" testName="FormatToStringTest1000 (626.135364110179,626.14 zł)" computerName="DESKTOP-5URQ9PB" duration="00:00:00.0000108" startTime="2022-06-13T21:11:34.9349348+02:00" endTime="2022-06-13T21:11:34.9350377+02:00" testType="13cdc9d9-ddb5-4fa4-a97d-d965ccfc6d4b" outcome="Passed" testListId="8c84fa94-04c1-424b-9868-57a2d4851a1d" relativeResultsDirectory="ef1578d3-7766-4f04-85c0-59746f602679" />
    <UnitTestResult executionId="57d44f85-8240-48b5-a270-8376201e5eee" testId="ca3dcb98-aac9-4319-833e-3f263a3ce10c" testName="FormatToStringTest1000 (55303.17220895699,55303.17 zł)" computerName="DESKTOP-5URQ9PB" duration="00:00:00.0000064" startTime="2022-06-13T21:11:34.9099428+02:00" endTime="2022-06-13T21:11:34.9100096+02:00" testType="13cdc9d9-ddb5-4fa4-a97d-d965ccfc6d4b" outcome="Passed" testListId="8c84fa94-04c1-424b-9868-57a2d4851a1d" relativeResultsDirectory="57d44f85-8240-48b5-a270-8376201e5eee" />
    <UnitTestResult executionId="3e35cc3c-3a86-4d59-9e70-eeee541bb586" testId="9e06745c-c738-44f5-9dd7-9e3239c46f23" testName="FormatToStringTest1000 (84686.32148464039,84686.32 zł)" computerName="DESKTOP-5URQ9PB" duration="00:00:00.0000387" startTime="2022-06-13T21:11:35.0464458+02:00" endTime="2022-06-13T21:11:35.0468972+02:00" testType="13cdc9d9-ddb5-4fa4-a97d-d965ccfc6d4b" outcome="Passed" testListId="8c84fa94-04c1-424b-9868-57a2d4851a1d" relativeResultsDirectory="3e35cc3c-3a86-4d59-9e70-eeee541bb586" />
    <UnitTestResult executionId="b333682e-b2a8-4153-9889-43a8bc368986" testId="bf61fab1-5dc1-4e7f-b62f-4feabc39e862" testName="FormatToStringTest1000 (653.4647999170537,653.46 zł)" computerName="DESKTOP-5URQ9PB" duration="00:00:00.0000116" startTime="2022-06-13T21:11:34.9721470+02:00" endTime="2022-06-13T21:11:34.9722257+02:00" testType="13cdc9d9-ddb5-4fa4-a97d-d965ccfc6d4b" outcome="Passed" testListId="8c84fa94-04c1-424b-9868-57a2d4851a1d" relativeResultsDirectory="b333682e-b2a8-4153-9889-43a8bc368986" />
    <UnitTestResult executionId="98a13fd8-3b59-4b19-98ef-a82455e9f501" testId="1e2868bc-5388-4e0a-ae9f-dcd5a807e2de" testName="FormatToStringTest1000 (2435.1995505835857,2435.20 zł)" computerName="DESKTOP-5URQ9PB" duration="00:00:00.0000101" startTime="2022-06-13T21:11:34.9221993+02:00" endTime="2022-06-13T21:11:34.9222705+02:00" testType="13cdc9d9-ddb5-4fa4-a97d-d965ccfc6d4b" outcome="Passed" testListId="8c84fa94-04c1-424b-9868-57a2d4851a1d" relativeResultsDirectory="98a13fd8-3b59-4b19-98ef-a82455e9f501" />
    <UnitTestResult executionId="bb846f76-352c-4fa4-a62a-74f2dd435f68" testId="4a094fdc-1552-4812-8c88-b4016e2a098a" testName="FormatToStringTest1000 (20640.678251201603,20640.68 zł)" computerName="DESKTOP-5URQ9PB" duration="00:00:00.0000079" startTime="2022-06-13T21:11:35.0711171+02:00" endTime="2022-06-13T21:11:35.0711936+02:00" testType="13cdc9d9-ddb5-4fa4-a97d-d965ccfc6d4b" outcome="Passed" testListId="8c84fa94-04c1-424b-9868-57a2d4851a1d" relativeResultsDirectory="bb846f76-352c-4fa4-a62a-74f2dd435f68" />
    <UnitTestResult executionId="5e0985bf-9fc2-429e-b607-5b69af27d7a7" testId="3df0e805-dcca-4941-a824-597555a6bb06" testName="FormatToStringTest1000 (4539.210371735137,4539.21 zł)" computerName="DESKTOP-5URQ9PB" duration="00:00:00.0000066" startTime="2022-06-13T21:11:35.1588348+02:00" endTime="2022-06-13T21:11:35.1589017+02:00" testType="13cdc9d9-ddb5-4fa4-a97d-d965ccfc6d4b" outcome="Passed" testListId="8c84fa94-04c1-424b-9868-57a2d4851a1d" relativeResultsDirectory="5e0985bf-9fc2-429e-b607-5b69af27d7a7" />
    <UnitTestResult executionId="951f9385-51b6-4784-849b-abdd5f97062b" testId="287ed9b1-f318-4c2d-b81a-2498fd359f18" testName="FormatToStringTest1000 (30360.993128030557,30360.99 zł)" computerName="DESKTOP-5URQ9PB" duration="00:00:00.0000100" startTime="2022-06-13T21:11:35.2043390+02:00" endTime="2022-06-13T21:11:35.2044510+02:00" testType="13cdc9d9-ddb5-4fa4-a97d-d965ccfc6d4b" outcome="Passed" testListId="8c84fa94-04c1-424b-9868-57a2d4851a1d" relativeResultsDirectory="951f9385-51b6-4784-849b-abdd5f97062b" />
    <UnitTestResult executionId="52c3df19-350d-4327-9d24-23aa414160c8" testId="d1cce29a-0a77-4416-84b4-aa69076577f8" testName="FormatToStringTest1000 (16208.076866391615,16208.08 zł)" computerName="DESKTOP-5URQ9PB" duration="00:00:00.0000207" startTime="2022-06-13T21:11:35.1939418+02:00" endTime="2022-06-13T21:11:35.1941851+02:00" testType="13cdc9d9-ddb5-4fa4-a97d-d965ccfc6d4b" outcome="Passed" testListId="8c84fa94-04c1-424b-9868-57a2d4851a1d" relativeResultsDirectory="52c3df19-350d-4327-9d24-23aa414160c8" />
    <UnitTestResult executionId="099a246a-2b61-47dd-9102-e0c15ef39068" testId="fb992e3a-2e2e-4dd5-80f9-dde21ef323fc" testName="FormatToStringTest1000 (10661.19584154207,10661.20 zł)" computerName="DESKTOP-5URQ9PB" duration="00:00:00.0000064" startTime="2022-06-13T21:11:35.1232384+02:00" endTime="2022-06-13T21:11:35.1233024+02:00" testType="13cdc9d9-ddb5-4fa4-a97d-d965ccfc6d4b" outcome="Passed" testListId="8c84fa94-04c1-424b-9868-57a2d4851a1d" relativeResultsDirectory="099a246a-2b61-47dd-9102-e0c15ef39068" />
    <UnitTestResult executionId="3454da2f-2e3e-4c0a-9a94-a87ed43f5f2d" testId="c29959dd-032f-4cf8-bae4-13f0d85d6850" testName="FormatToStringTest1000 (5749.124990274722,5749.12 zł)" computerName="DESKTOP-5URQ9PB" duration="00:00:00.0000066" startTime="2022-06-13T21:11:35.1500571+02:00" endTime="2022-06-13T21:11:35.1501253+02:00" testType="13cdc9d9-ddb5-4fa4-a97d-d965ccfc6d4b" outcome="Passed" testListId="8c84fa94-04c1-424b-9868-57a2d4851a1d" relativeResultsDirectory="3454da2f-2e3e-4c0a-9a94-a87ed43f5f2d" />
    <UnitTestResult executionId="45c57d38-559f-4fc6-ad4e-789fd37e5292" testId="151dcbcc-6158-406f-9473-7ac4ec22c76c" testName="FormatToStringTest1000 (66764.31690498316,66764.32 zł)" computerName="DESKTOP-5URQ9PB" duration="00:00:00.0000064" startTime="2022-06-13T21:11:35.0234144+02:00" endTime="2022-06-13T21:11:35.0234836+02:00" testType="13cdc9d9-ddb5-4fa4-a97d-d965ccfc6d4b" outcome="Passed" testListId="8c84fa94-04c1-424b-9868-57a2d4851a1d" relativeResultsDirectory="45c57d38-559f-4fc6-ad4e-789fd37e5292" />
    <UnitTestResult executionId="5631f2c3-5572-4896-a2bf-f8468294d0ae" testId="4305c0eb-45ec-44ac-9933-c802eb32249b" testName="FormatToStringTest1000 (22791.735381432685,22791.74 zł)" computerName="DESKTOP-5URQ9PB" duration="00:00:00.0000065" startTime="2022-06-13T21:11:34.9552267+02:00" endTime="2022-06-13T21:11:34.9552946+02:00" testType="13cdc9d9-ddb5-4fa4-a97d-d965ccfc6d4b" outcome="Passed" testListId="8c84fa94-04c1-424b-9868-57a2d4851a1d" relativeResultsDirectory="5631f2c3-5572-4896-a2bf-f8468294d0ae" />
    <UnitTestResult executionId="84e2e2a1-2e2a-45bc-beb0-0b2fd39ce421" testId="677d76ca-318b-45cd-b328-4fa2281a3597" testName="FormatToStringTest1000 (10370.0107542784,10370.01 zł)" computerName="DESKTOP-5URQ9PB" duration="00:00:00.0000174" startTime="2022-06-13T21:11:35.0679013+02:00" endTime="2022-06-13T21:11:35.0680950+02:00" testType="13cdc9d9-ddb5-4fa4-a97d-d965ccfc6d4b" outcome="Passed" testListId="8c84fa94-04c1-424b-9868-57a2d4851a1d" relativeResultsDirectory="84e2e2a1-2e2a-45bc-beb0-0b2fd39ce421" />
    <UnitTestResult executionId="2f6dda0a-6ba7-472a-923c-474333f0c9fc" testId="254da410-5107-4970-b747-8d7acd0d67f5" testName="FormatToStringTest1000 (43799.04472166535,43799.04 zł)" computerName="DESKTOP-5URQ9PB" duration="00:00:00.0000065" startTime="2022-06-13T21:11:35.0204587+02:00" endTime="2022-06-13T21:11:35.0205267+02:00" testType="13cdc9d9-ddb5-4fa4-a97d-d965ccfc6d4b" outcome="Passed" testListId="8c84fa94-04c1-424b-9868-57a2d4851a1d" relativeResultsDirectory="2f6dda0a-6ba7-472a-923c-474333f0c9fc" />
    <UnitTestResult executionId="d2d43df1-c461-41e3-85ee-6e11ce0091a5" testId="367720c2-1ac0-40b2-adcf-2b1fb0c163bd" testName="FormatToStringTest1000 (69373.32129976773,69373.32 zł)" computerName="DESKTOP-5URQ9PB" duration="00:00:00.0000246" startTime="2022-06-13T21:11:35.0590686+02:00" endTime="2022-06-13T21:11:35.0592329+02:00" testType="13cdc9d9-ddb5-4fa4-a97d-d965ccfc6d4b" outcome="Passed" testListId="8c84fa94-04c1-424b-9868-57a2d4851a1d" relativeResultsDirectory="d2d43df1-c461-41e3-85ee-6e11ce0091a5" />
    <UnitTestResult executionId="4c4344ce-ce05-4d56-afed-039cde7aa3cc" testId="8d986b9f-85ac-4900-9e0c-bb2fd9562c13" testName="FormatToStringTest1000 (3503.9809179231434,3503.98 zł)" computerName="DESKTOP-5URQ9PB" duration="00:00:00.0000066" startTime="2022-06-13T21:11:35.0623837+02:00" endTime="2022-06-13T21:11:35.0624528+02:00" testType="13cdc9d9-ddb5-4fa4-a97d-d965ccfc6d4b" outcome="Passed" testListId="8c84fa94-04c1-424b-9868-57a2d4851a1d" relativeResultsDirectory="4c4344ce-ce05-4d56-afed-039cde7aa3cc" />
    <UnitTestResult executionId="41108a62-c587-49d5-a531-d93679a9daac" testId="8cb86609-326c-4c93-b603-eb987b4537b4" testName="FormatToStringTest1000 (34096.337879508894,34096.34 zł)" computerName="DESKTOP-5URQ9PB" duration="00:00:00.0000089" startTime="2022-06-13T21:11:34.8674063+02:00" endTime="2022-06-13T21:11:34.8674936+02:00" testType="13cdc9d9-ddb5-4fa4-a97d-d965ccfc6d4b" outcome="Passed" testListId="8c84fa94-04c1-424b-9868-57a2d4851a1d" relativeResultsDirectory="41108a62-c587-49d5-a531-d93679a9daac" />
    <UnitTestResult executionId="b626edf2-ee96-4e24-aa81-1ff7ae9fd149" testId="235b7b3d-6a26-42ed-9b58-d3fde632aed1" testName="FormatToStringTest1000 (22604.838218828587,22604.84 zł)" computerName="DESKTOP-5URQ9PB" duration="00:00:00.0000063" startTime="2022-06-13T21:11:34.8586953+02:00" endTime="2022-06-13T21:11:34.8587629+02:00" testType="13cdc9d9-ddb5-4fa4-a97d-d965ccfc6d4b" outcome="Passed" testListId="8c84fa94-04c1-424b-9868-57a2d4851a1d" relativeResultsDirectory="b626edf2-ee96-4e24-aa81-1ff7ae9fd149" />
    <UnitTestResult executionId="733f3cc5-d6ba-4146-9472-320a51e948d2" testId="72978b7c-c2e9-4581-81ae-7de50e34352f" testName="FormatToStringTest1000 (9079.930405251649,9079.93 zł)" computerName="DESKTOP-5URQ9PB" duration="00:00:00.0000072" startTime="2022-06-13T21:11:35.0132986+02:00" endTime="2022-06-13T21:11:35.0133742+02:00" testType="13cdc9d9-ddb5-4fa4-a97d-d965ccfc6d4b" outcome="Passed" testListId="8c84fa94-04c1-424b-9868-57a2d4851a1d" relativeResultsDirectory="733f3cc5-d6ba-4146-9472-320a51e948d2" />
    <UnitTestResult executionId="37578d4a-b13d-486b-ad39-ed6a851a9a9e" testId="61ae8230-5f07-4372-8c4f-c682754b95c6" testName="FormatToStringTest1000 (64887.45559046951,64887.46 zł)" computerName="DESKTOP-5URQ9PB" duration="00:00:00.0000064" startTime="2022-06-13T21:11:35.0134800+02:00" endTime="2022-06-13T21:11:35.0135484+02:00" testType="13cdc9d9-ddb5-4fa4-a97d-d965ccfc6d4b" outcome="Passed" testListId="8c84fa94-04c1-424b-9868-57a2d4851a1d" relativeResultsDirectory="37578d4a-b13d-486b-ad39-ed6a851a9a9e" />
    <UnitTestResult executionId="fd870182-1212-4a60-9a8c-f6037c1bd35e" testId="281f783a-e627-4ef6-b709-e34ac21791ec" testName="FormatToStringTest1000 (7458.609645228652,7458.61 zł)" computerName="DESKTOP-5URQ9PB" duration="00:00:00.0000066" startTime="2022-06-13T21:11:34.8672053+02:00" endTime="2022-06-13T21:11:34.8672766+02:00" testType="13cdc9d9-ddb5-4fa4-a97d-d965ccfc6d4b" outcome="Passed" testListId="8c84fa94-04c1-424b-9868-57a2d4851a1d" relativeResultsDirectory="fd870182-1212-4a60-9a8c-f6037c1bd35e" />
    <UnitTestResult executionId="c624280b-a307-4085-94ed-dd37332c3e3f" testId="e5019dac-b11f-44c8-b794-e4ea618cd332" testName="FormatToStringTest1000 (236.20263638589657,236.20 zł)" computerName="DESKTOP-5URQ9PB" duration="00:00:00.0000064" startTime="2022-06-13T21:11:35.1074741+02:00" endTime="2022-06-13T21:11:35.1075397+02:00" testType="13cdc9d9-ddb5-4fa4-a97d-d965ccfc6d4b" outcome="Passed" testListId="8c84fa94-04c1-424b-9868-57a2d4851a1d" relativeResultsDirectory="c624280b-a307-4085-94ed-dd37332c3e3f" />
    <UnitTestResult executionId="66597b29-a3df-4bb4-841c-6500f9446d19" testId="14590723-1e73-4f8a-816a-b0eaff898e44" testName="FormatToStringTest1000 (75514.58914517732,75514.59 zł)" computerName="DESKTOP-5URQ9PB" duration="00:00:00.0000096" startTime="2022-06-13T21:11:35.0053428+02:00" endTime="2022-06-13T21:11:35.0054248+02:00" testType="13cdc9d9-ddb5-4fa4-a97d-d965ccfc6d4b" outcome="Passed" testListId="8c84fa94-04c1-424b-9868-57a2d4851a1d" relativeResultsDirectory="66597b29-a3df-4bb4-841c-6500f9446d19" />
    <UnitTestResult executionId="6ac3a913-dec2-4f3e-82e0-b16e749dda0e" testId="73f8277a-a41b-4ee6-bd87-e9305a308a88" testName="FormatToStringTest1000 (15861.139287455073,15861.14 zł)" computerName="DESKTOP-5URQ9PB" duration="00:00:00.0000067" startTime="2022-06-13T21:11:34.9726517+02:00" endTime="2022-06-13T21:11:34.9727373+02:00" testType="13cdc9d9-ddb5-4fa4-a97d-d965ccfc6d4b" outcome="Passed" testListId="8c84fa94-04c1-424b-9868-57a2d4851a1d" relativeResultsDirectory="6ac3a913-dec2-4f3e-82e0-b16e749dda0e" />
    <UnitTestResult executionId="a1e8337b-a5a6-426c-87bf-18a3105b71cd" testId="15289eb8-75d7-4bba-9954-59d816d1d6f2" testName="FormatToStringTest1000 (9661.966055578536,9661.97 zł)" computerName="DESKTOP-5URQ9PB" duration="00:00:00.0000065" startTime="2022-06-13T21:11:34.9996701+02:00" endTime="2022-06-13T21:11:34.9997386+02:00" testType="13cdc9d9-ddb5-4fa4-a97d-d965ccfc6d4b" outcome="Passed" testListId="8c84fa94-04c1-424b-9868-57a2d4851a1d" relativeResultsDirectory="a1e8337b-a5a6-426c-87bf-18a3105b71cd" />
    <UnitTestResult executionId="44f427d3-83aa-4285-b477-21e46b8830ac" testId="6110e0e3-cf9e-4bf4-bbf5-ac0b72cab165" testName="FormatToStringTest1000 (18627.604896394354,18627.60 zł)" computerName="DESKTOP-5URQ9PB" duration="00:00:00.0000064" startTime="2022-06-13T21:11:35.1007684+02:00" endTime="2022-06-13T21:11:35.1008344+02:00" testType="13cdc9d9-ddb5-4fa4-a97d-d965ccfc6d4b" outcome="Passed" testListId="8c84fa94-04c1-424b-9868-57a2d4851a1d" relativeResultsDirectory="44f427d3-83aa-4285-b477-21e46b8830ac" />
    <UnitTestResult executionId="d22a1a49-2751-4677-9f7f-a60c78cb2e0c" testId="201e8140-00f9-4d44-bc15-60b2e748def7" testName="FormatToStringTest1000 (19873.59831658453,19873.60 zł)" computerName="DESKTOP-5URQ9PB" duration="00:00:00.0000064" startTime="2022-06-13T21:11:35.1414832+02:00" endTime="2022-06-13T21:11:35.1415485+02:00" testType="13cdc9d9-ddb5-4fa4-a97d-d965ccfc6d4b" outcome="Passed" testListId="8c84fa94-04c1-424b-9868-57a2d4851a1d" relativeResultsDirectory="d22a1a49-2751-4677-9f7f-a60c78cb2e0c" />
    <UnitTestResult executionId="a9b4b18a-651e-4185-878e-698014f02e4f" testId="59da4ca3-2025-485b-9df9-4a58d7ded76d" testName="FormatToStringTest1000 (38640.62766693003,38640.63 zł)" computerName="DESKTOP-5URQ9PB" duration="00:00:00.0000065" startTime="2022-06-13T21:11:34.8519827+02:00" endTime="2022-06-13T21:11:34.8520507+02:00" testType="13cdc9d9-ddb5-4fa4-a97d-d965ccfc6d4b" outcome="Passed" testListId="8c84fa94-04c1-424b-9868-57a2d4851a1d" relativeResultsDirectory="a9b4b18a-651e-4185-878e-698014f02e4f" />
    <UnitTestResult executionId="609b118c-4f46-403c-96d2-7f204be1b6f1" testId="d914e550-b1a9-4db3-a5d6-dadf9bb59f2e" testName="FormatToStringTest1000 (31290.71396233687,31290.71 zł)" computerName="DESKTOP-5URQ9PB" duration="00:00:00.0000073" startTime="2022-06-13T21:11:34.8744274+02:00" endTime="2022-06-13T21:11:34.8745259+02:00" testType="13cdc9d9-ddb5-4fa4-a97d-d965ccfc6d4b" outcome="Passed" testListId="8c84fa94-04c1-424b-9868-57a2d4851a1d" relativeResultsDirectory="609b118c-4f46-403c-96d2-7f204be1b6f1" />
    <UnitTestResult executionId="2f02354a-4731-4179-8813-9449c75219c3" testId="0cb7fdac-b90f-4da0-978d-04a6b67d64cd" testName="FormatToStringTest1000 (14017.699524653006,14017.70 zł)" computerName="DESKTOP-5URQ9PB" duration="00:00:00.0000100" startTime="2022-06-13T21:11:35.1947915+02:00" endTime="2022-06-13T21:11:35.1948827+02:00" testType="13cdc9d9-ddb5-4fa4-a97d-d965ccfc6d4b" outcome="Passed" testListId="8c84fa94-04c1-424b-9868-57a2d4851a1d" relativeResultsDirectory="2f02354a-4731-4179-8813-9449c75219c3" />
    <UnitTestResult executionId="f1f3fbab-2e44-4897-b5b3-32fb8777a227" testId="599948e2-bbc9-48d7-843d-3ff9c9b7866a" testName="FormatToStringTest1000 (7621.507806692509,7621.51 zł)" computerName="DESKTOP-5URQ9PB" duration="00:00:00.0000065" startTime="2022-06-13T21:11:35.0266702+02:00" endTime="2022-06-13T21:11:35.0267387+02:00" testType="13cdc9d9-ddb5-4fa4-a97d-d965ccfc6d4b" outcome="Passed" testListId="8c84fa94-04c1-424b-9868-57a2d4851a1d" relativeResultsDirectory="f1f3fbab-2e44-4897-b5b3-32fb8777a227" />
    <UnitTestResult executionId="c9f4f543-d7b6-4e01-8e82-6ab26ff2c7a1" testId="65aa2799-011e-41fe-a361-d9f3b4a7e52e" testName="FormatToStringTest1000 (15591.4117417221,15591.41 zł)" computerName="DESKTOP-5URQ9PB" duration="00:00:00.0000071" startTime="2022-06-13T21:11:35.1806906+02:00" endTime="2022-06-13T21:11:35.1807531+02:00" testType="13cdc9d9-ddb5-4fa4-a97d-d965ccfc6d4b" outcome="Passed" testListId="8c84fa94-04c1-424b-9868-57a2d4851a1d" relativeResultsDirectory="c9f4f543-d7b6-4e01-8e82-6ab26ff2c7a1" />
    <UnitTestResult executionId="b3756ef2-2bdf-40f0-94a7-66ea6e3c4882" testId="9fa4a142-ac39-4913-bfa1-23960d7c3f76" testName="FormatToStringTest1000 (1614.2516601789982,1614.25 zł)" computerName="DESKTOP-5URQ9PB" duration="00:00:00.0000082" startTime="2022-06-13T21:11:34.8620381+02:00" endTime="2022-06-13T21:11:34.8621335+02:00" testType="13cdc9d9-ddb5-4fa4-a97d-d965ccfc6d4b" outcome="Passed" testListId="8c84fa94-04c1-424b-9868-57a2d4851a1d" relativeResultsDirectory="b3756ef2-2bdf-40f0-94a7-66ea6e3c4882" />
    <UnitTestResult executionId="907dc535-62b9-4fa1-a38e-11d9a5f5aada" testId="45a8bbd4-a2f1-4a26-88ae-7142e326084f" testName="FormatToStringTest1000 (16037.01783290087,16037.02 zł)" computerName="DESKTOP-5URQ9PB" duration="00:00:00.0000066" startTime="2022-06-13T21:11:35.1967405+02:00" endTime="2022-06-13T21:11:35.1968080+02:00" testType="13cdc9d9-ddb5-4fa4-a97d-d965ccfc6d4b" outcome="Passed" testListId="8c84fa94-04c1-424b-9868-57a2d4851a1d" relativeResultsDirectory="907dc535-62b9-4fa1-a38e-11d9a5f5aada" />
    <UnitTestResult executionId="7d395066-2653-4728-8087-44c1cd94b074" testId="8150a6fd-0246-4830-ae47-c3532d92da99" testName="FormatToStringTest1000 (15566.957545477411,15566.96 zł)" computerName="DESKTOP-5URQ9PB" duration="00:00:00.0000066" startTime="2022-06-13T21:11:34.8800852+02:00" endTime="2022-06-13T21:11:34.8801596+02:00" testType="13cdc9d9-ddb5-4fa4-a97d-d965ccfc6d4b" outcome="Passed" testListId="8c84fa94-04c1-424b-9868-57a2d4851a1d" relativeResultsDirectory="7d395066-2653-4728-8087-44c1cd94b074" />
    <UnitTestResult executionId="bdb95981-46bc-4765-83d7-24cf4ddac953" testId="a534881c-de47-49fa-b6c8-77810ee40f99" testName="FormatToStringTest1000 (65947.64520381515,65947.65 zł)" computerName="DESKTOP-5URQ9PB" duration="00:00:00.0000065" startTime="2022-06-13T21:11:35.0740325+02:00" endTime="2022-06-13T21:11:35.0741002+02:00" testType="13cdc9d9-ddb5-4fa4-a97d-d965ccfc6d4b" outcome="Passed" testListId="8c84fa94-04c1-424b-9868-57a2d4851a1d" relativeResultsDirectory="bdb95981-46bc-4765-83d7-24cf4ddac953" />
    <UnitTestResult executionId="9802ea32-3fe9-4125-b4c7-e9d874c5714b" testId="695a70f0-d6e3-4f57-a4f6-1bc154b01c30" testName="FormatToStringTest1000 (15907.394871033446,15907.39 zł)" computerName="DESKTOP-5URQ9PB" duration="00:00:00.0000067" startTime="2022-06-13T21:11:35.0973028+02:00" endTime="2022-06-13T21:11:35.0973740+02:00" testType="13cdc9d9-ddb5-4fa4-a97d-d965ccfc6d4b" outcome="Passed" testListId="8c84fa94-04c1-424b-9868-57a2d4851a1d" relativeResultsDirectory="9802ea32-3fe9-4125-b4c7-e9d874c5714b" />
    <UnitTestResult executionId="b2b7d65a-c6ab-48a2-8a14-91e8a4988c5a" testId="f64c695a-a311-4eb8-a5f9-2121ae32e404" testName="FormatToStringTest1000 (2975.6892256134606,2975.69 zł)" computerName="DESKTOP-5URQ9PB" duration="00:00:00.0000064" startTime="2022-06-13T21:11:35.0338510+02:00" endTime="2022-06-13T21:11:35.0339183+02:00" testType="13cdc9d9-ddb5-4fa4-a97d-d965ccfc6d4b" outcome="Passed" testListId="8c84fa94-04c1-424b-9868-57a2d4851a1d" relativeResultsDirectory="b2b7d65a-c6ab-48a2-8a14-91e8a4988c5a" />
    <UnitTestResult executionId="f2844798-16d0-4c2f-8cd6-125549bd6647" testId="3b2cb064-2a0a-4a9e-8c66-99e6bf6866f3" testName="FormatToStringTest1000 (11912.404131636213,11912.40 zł)" computerName="DESKTOP-5URQ9PB" duration="00:00:00.0000067" startTime="2022-06-13T21:11:34.8882388+02:00" endTime="2022-06-13T21:11:34.8883170+02:00" testType="13cdc9d9-ddb5-4fa4-a97d-d965ccfc6d4b" outcome="Passed" testListId="8c84fa94-04c1-424b-9868-57a2d4851a1d" relativeResultsDirectory="f2844798-16d0-4c2f-8cd6-125549bd6647" />
    <UnitTestResult executionId="a64cc9a5-6e8c-4bc4-8472-6ed8fa8e8212" testId="f126804c-b8e1-4700-873b-db18e6c43be0" testName="FormatToStringTest1000 (6654.099431086378,6654.10 zł)" computerName="DESKTOP-5URQ9PB" duration="00:00:00.0000064" startTime="2022-06-13T21:11:34.9935388+02:00" endTime="2022-06-13T21:11:34.9936080+02:00" testType="13cdc9d9-ddb5-4fa4-a97d-d965ccfc6d4b" outcome="Passed" testListId="8c84fa94-04c1-424b-9868-57a2d4851a1d" relativeResultsDirectory="a64cc9a5-6e8c-4bc4-8472-6ed8fa8e8212" />
    <UnitTestResult executionId="fd09980e-f51e-4802-8426-82e051c68cc6" testId="8696dbab-7cdc-42d4-8b7e-4465c8d2b6c0" testName="FormatToStringTest1000 (37528.70144368368,37528.70 zł)" computerName="DESKTOP-5URQ9PB" duration="00:00:00.0000064" startTime="2022-06-13T21:11:34.9026421+02:00" endTime="2022-06-13T21:11:34.9027097+02:00" testType="13cdc9d9-ddb5-4fa4-a97d-d965ccfc6d4b" outcome="Passed" testListId="8c84fa94-04c1-424b-9868-57a2d4851a1d" relativeResultsDirectory="fd09980e-f51e-4802-8426-82e051c68cc6" />
    <UnitTestResult executionId="007422a6-1c1e-413d-b9f2-8636e9f6f960" testId="8c4b4a86-8b9c-43c3-88ae-f1eb06e43783" testName="FormatToStringTest1000 (63507.32603545455,63507.33 zł)" computerName="DESKTOP-5URQ9PB" duration="00:00:00.0000065" startTime="2022-06-13T21:11:34.8801776+02:00" endTime="2022-06-13T21:11:34.8802583+02:00" testType="13cdc9d9-ddb5-4fa4-a97d-d965ccfc6d4b" outcome="Passed" testListId="8c84fa94-04c1-424b-9868-57a2d4851a1d" relativeResultsDirectory="007422a6-1c1e-413d-b9f2-8636e9f6f960" />
    <UnitTestResult executionId="8a2a46ad-813a-4733-be96-6b9215c7ba0e" testId="3c443f2f-2ad4-4e9a-820a-cd8c16cbb7f3" testName="FormatToStringTest1000 (22743.19734205827,22743.20 zł)" computerName="DESKTOP-5URQ9PB" duration="00:00:00.0000083" startTime="2022-06-13T21:11:34.9860900+02:00" endTime="2022-06-13T21:11:34.9861840+02:00" testType="13cdc9d9-ddb5-4fa4-a97d-d965ccfc6d4b" outcome="Passed" testListId="8c84fa94-04c1-424b-9868-57a2d4851a1d" relativeResultsDirectory="8a2a46ad-813a-4733-be96-6b9215c7ba0e" />
    <UnitTestResult executionId="fd920d5f-7d20-4a79-9355-d7eca13b865e" testId="84e8fee0-114e-4fb1-829f-9a259077ad32" testName="FormatToStringTest1000 (63946.51014057478,63946.51 zł)" computerName="DESKTOP-5URQ9PB" duration="00:00:00.0000076" startTime="2022-06-13T21:11:35.1002355+02:00" endTime="2022-06-13T21:11:35.1003553+02:00" testType="13cdc9d9-ddb5-4fa4-a97d-d965ccfc6d4b" outcome="Passed" testListId="8c84fa94-04c1-424b-9868-57a2d4851a1d" relativeResultsDirectory="fd920d5f-7d20-4a79-9355-d7eca13b865e" />
    <UnitTestResult executionId="1a501828-f6c8-4b3d-9438-39f8afde2967" testId="73251a0c-38a3-49cb-8f78-92298d9ad89b" testName="FormatToStringTest1000 (30385.72086375613,30385.72 zł)" computerName="DESKTOP-5URQ9PB" duration="00:00:00.0000064" startTime="2022-06-13T21:11:35.1657303+02:00" endTime="2022-06-13T21:11:35.1657948+02:00" testType="13cdc9d9-ddb5-4fa4-a97d-d965ccfc6d4b" outcome="Passed" testListId="8c84fa94-04c1-424b-9868-57a2d4851a1d" relativeResultsDirectory="1a501828-f6c8-4b3d-9438-39f8afde2967" />
    <UnitTestResult executionId="95aa58ae-0fdb-42f1-9b03-d8a84a74debf" testId="128c6bd1-f01a-4785-8ddd-1f28831313f7" testName="FormatToStringTest1000 (26220.382477706476,26220.38 zł)" computerName="DESKTOP-5URQ9PB" duration="00:00:00.0000077" startTime="2022-06-13T21:11:35.1613701+02:00" endTime="2022-06-13T21:11:35.1614512+02:00" testType="13cdc9d9-ddb5-4fa4-a97d-d965ccfc6d4b" outcome="Passed" testListId="8c84fa94-04c1-424b-9868-57a2d4851a1d" relativeResultsDirectory="95aa58ae-0fdb-42f1-9b03-d8a84a74debf" />
    <UnitTestResult executionId="ea26a07d-b9ad-443a-96b5-901e14dfd8d4" testId="5040e3cd-3b2d-4aab-a4f2-77e63b544be9" testName="FormatToStringTest1000 (6915.421130504656,6915.42 zł)" computerName="DESKTOP-5URQ9PB" duration="00:00:00.0000063" startTime="2022-06-13T21:11:35.0684069+02:00" endTime="2022-06-13T21:11:35.0684746+02:00" testType="13cdc9d9-ddb5-4fa4-a97d-d965ccfc6d4b" outcome="Passed" testListId="8c84fa94-04c1-424b-9868-57a2d4851a1d" relativeResultsDirectory="ea26a07d-b9ad-443a-96b5-901e14dfd8d4" />
    <UnitTestResult executionId="aabdc296-9117-441c-8541-a14b52db1fb8" testId="9f3c0d7f-29b1-402c-bfd2-67b5f244de93" testName="FormatToStringTest1000 (16210.791556035536,16210.79 zł)" computerName="DESKTOP-5URQ9PB" duration="00:00:00.0000075" startTime="2022-06-13T21:11:35.1394987+02:00" endTime="2022-06-13T21:11:35.1395832+02:00" testType="13cdc9d9-ddb5-4fa4-a97d-d965ccfc6d4b" outcome="Passed" testListId="8c84fa94-04c1-424b-9868-57a2d4851a1d" relativeResultsDirectory="aabdc296-9117-441c-8541-a14b52db1fb8" />
    <UnitTestResult executionId="f26636e7-9ce6-4fcd-af52-ed21b2c50831" testId="cb48db28-67e5-44a7-812c-69ffd00812a1" testName="FormatToStringTest1000 (14237.13226245955,14237.13 zł)" computerName="DESKTOP-5URQ9PB" duration="00:00:00.0000065" startTime="2022-06-13T21:11:34.8518939+02:00" endTime="2022-06-13T21:11:34.8519637+02:00" testType="13cdc9d9-ddb5-4fa4-a97d-d965ccfc6d4b" outcome="Passed" testListId="8c84fa94-04c1-424b-9868-57a2d4851a1d" relativeResultsDirectory="f26636e7-9ce6-4fcd-af52-ed21b2c50831" />
    <UnitTestResult executionId="47484538-e548-4125-87e2-81d01c7370a2" testId="806aefc0-61ad-4c07-ac8b-b411441786ce" testName="FormatToStringTest1000 (5961.755129208674,5961.76 zł)" computerName="DESKTOP-5URQ9PB" duration="00:00:00.0000103" startTime="2022-06-13T21:11:35.0097949+02:00" endTime="2022-06-13T21:11:35.0099089+02:00" testType="13cdc9d9-ddb5-4fa4-a97d-d965ccfc6d4b" outcome="Passed" testListId="8c84fa94-04c1-424b-9868-57a2d4851a1d" relativeResultsDirectory="47484538-e548-4125-87e2-81d01c7370a2" />
    <UnitTestResult executionId="b753c03e-50db-4cd3-bcb4-0fc89465fb23" testId="19c6562f-cfaf-4db4-9f5b-66637ccec3d6" testName="FormatToStringTest1000 (14218.204344010543,14218.20 zł)" computerName="DESKTOP-5URQ9PB" duration="00:00:00.0000091" startTime="2022-06-13T21:11:35.1611305+02:00" endTime="2022-06-13T21:11:35.1612252+02:00" testType="13cdc9d9-ddb5-4fa4-a97d-d965ccfc6d4b" outcome="Passed" testListId="8c84fa94-04c1-424b-9868-57a2d4851a1d" relativeResultsDirectory="b753c03e-50db-4cd3-bcb4-0fc89465fb23" />
    <UnitTestResult executionId="c6b1b9d4-93f0-43da-8fd5-83d2c545568a" testId="3f8f694a-ea82-4c73-9bbe-517883b3ca19" testName="FormatToStringTest1000 (17953.338243749615,17953.34 zł)" computerName="DESKTOP-5URQ9PB" duration="00:00:00.0000066" startTime="2022-06-13T21:11:34.8798918+02:00" endTime="2022-06-13T21:11:34.8799675+02:00" testType="13cdc9d9-ddb5-4fa4-a97d-d965ccfc6d4b" outcome="Passed" testListId="8c84fa94-04c1-424b-9868-57a2d4851a1d" relativeResultsDirectory="c6b1b9d4-93f0-43da-8fd5-83d2c545568a" />
    <UnitTestResult executionId="0e7f6718-2c90-4eeb-b2a7-a5918555f86d" testId="8d997b42-2c3f-43a1-8f14-b6fce83f6b07" testName="FormatToStringTest1000 (20752.33758466334,20752.34 zł)" computerName="DESKTOP-5URQ9PB" duration="00:00:00.0000065" startTime="2022-06-13T21:11:34.9897958+02:00" endTime="2022-06-13T21:11:34.9898637+02:00" testType="13cdc9d9-ddb5-4fa4-a97d-d965ccfc6d4b" outcome="Passed" testListId="8c84fa94-04c1-424b-9868-57a2d4851a1d" relativeResultsDirectory="0e7f6718-2c90-4eeb-b2a7-a5918555f86d" />
    <UnitTestResult executionId="bb108993-2e76-44ec-b11a-ef3ac0adf426" testId="7108d375-ae5f-4593-9057-a1c8525de2c5" testName="FormatToStringTest1000 (53192.79032742269,53192.79 zł)" computerName="DESKTOP-5URQ9PB" duration="00:00:00.0000180" startTime="2022-06-13T21:11:35.2040815+02:00" endTime="2022-06-13T21:11:35.2042944+02:00" testType="13cdc9d9-ddb5-4fa4-a97d-d965ccfc6d4b" outcome="Passed" testListId="8c84fa94-04c1-424b-9868-57a2d4851a1d" relativeResultsDirectory="bb108993-2e76-44ec-b11a-ef3ac0adf426" />
    <UnitTestResult executionId="3485509a-718c-4c6c-82f9-9d26a6286a40" testId="420f562f-4f07-4526-9489-40bd616577a0" testName="FormatToStringTest1000 (45340.017357165,45340.02 zł)" computerName="DESKTOP-5URQ9PB" duration="00:00:00.0000332" startTime="2022-06-13T21:11:35.0618626+02:00" endTime="2022-06-13T21:11:35.0620696+02:00" testType="13cdc9d9-ddb5-4fa4-a97d-d965ccfc6d4b" outcome="Passed" testListId="8c84fa94-04c1-424b-9868-57a2d4851a1d" relativeResultsDirectory="3485509a-718c-4c6c-82f9-9d26a6286a40" />
    <UnitTestResult executionId="b5fd6096-7fa6-4f12-bdd4-98d815946fd7" testId="fb939ba1-531e-4185-9694-3571bbb64f04" testName="FormatToStringTest1000 (74152.7503934562,74152.75 zł)" computerName="DESKTOP-5URQ9PB" duration="00:00:00.0000094" startTime="2022-06-13T21:11:35.0102048+02:00" endTime="2022-06-13T21:11:35.0103025+02:00" testType="13cdc9d9-ddb5-4fa4-a97d-d965ccfc6d4b" outcome="Passed" testListId="8c84fa94-04c1-424b-9868-57a2d4851a1d" relativeResultsDirectory="b5fd6096-7fa6-4f12-bdd4-98d815946fd7" />
    <UnitTestResult executionId="0a3fbbb1-ab7a-49cc-8f43-5451dcae276c" testId="87c65b26-5af1-4aeb-8492-78cdd43d394b" testName="FormatToStringTest1000 (6429.44273095552,6429.44 zł)" computerName="DESKTOP-5URQ9PB" duration="00:00:00.0000066" startTime="2022-06-13T21:11:35.0239330+02:00" endTime="2022-06-13T21:11:35.0239995+02:00" testType="13cdc9d9-ddb5-4fa4-a97d-d965ccfc6d4b" outcome="Passed" testListId="8c84fa94-04c1-424b-9868-57a2d4851a1d" relativeResultsDirectory="0a3fbbb1-ab7a-49cc-8f43-5451dcae276c" />
    <UnitTestResult executionId="fed9b20d-16f2-46ae-8afb-49054f6e9543" testId="104fb627-dd9b-492b-b093-f7ae6a3c76c1" testName="FormatToStringTest1000 (16161.963229990548,16161.96 zł)" computerName="DESKTOP-5URQ9PB" duration="00:00:00.0000065" startTime="2022-06-13T21:11:35.1248532+02:00" endTime="2022-06-13T21:11:35.1249187+02:00" testType="13cdc9d9-ddb5-4fa4-a97d-d965ccfc6d4b" outcome="Passed" testListId="8c84fa94-04c1-424b-9868-57a2d4851a1d" relativeResultsDirectory="fed9b20d-16f2-46ae-8afb-49054f6e9543" />
    <UnitTestResult executionId="286b2514-e70f-468f-9c3c-e27ba4969b29" testId="c344f279-6fcb-43b9-a46c-910ba2618970" testName="FormatToStringTest1000 (7050.437505805137,7050.44 zł)" computerName="DESKTOP-5URQ9PB" duration="00:00:00.0000063" startTime="2022-06-13T21:11:34.9133976+02:00" endTime="2022-06-13T21:11:34.9134654+02:00" testType="13cdc9d9-ddb5-4fa4-a97d-d965ccfc6d4b" outcome="Passed" testListId="8c84fa94-04c1-424b-9868-57a2d4851a1d" relativeResultsDirectory="286b2514-e70f-468f-9c3c-e27ba4969b29" />
    <UnitTestResult executionId="1547e421-ae4f-4546-938a-216301621f90" testId="78fb01ba-905d-4180-9638-16db38b47b2c" testName="FormatToStringTest1000 (32359.431438434138,32359.43 zł)" computerName="DESKTOP-5URQ9PB" duration="00:00:00.0000065" startTime="2022-06-13T21:11:35.1497996+02:00" endTime="2022-06-13T21:11:35.1498679+02:00" testType="13cdc9d9-ddb5-4fa4-a97d-d965ccfc6d4b" outcome="Passed" testListId="8c84fa94-04c1-424b-9868-57a2d4851a1d" relativeResultsDirectory="1547e421-ae4f-4546-938a-216301621f90" />
    <UnitTestResult executionId="6c1890a5-68ed-4d4a-b7f4-774c7e93a285" testId="e5435fa6-8c51-459a-83dd-32217b86cb80" testName="FormatToStringTest1000 (36969.98585167247,36969.99 zł)" computerName="DESKTOP-5URQ9PB" duration="00:00:00.0000066" startTime="2022-06-13T21:11:34.9295885+02:00" endTime="2022-06-13T21:11:34.9296591+02:00" testType="13cdc9d9-ddb5-4fa4-a97d-d965ccfc6d4b" outcome="Passed" testListId="8c84fa94-04c1-424b-9868-57a2d4851a1d" relativeResultsDirectory="6c1890a5-68ed-4d4a-b7f4-774c7e93a285" />
    <UnitTestResult executionId="958a4ce5-539d-4ab8-a0b0-712814c3bbda" testId="e22749ee-8977-47cc-9e9b-0cac13bb26b4" testName="FormatToStringTest1000 (19609.759296997803,19609.76 zł)" computerName="DESKTOP-5URQ9PB" duration="00:00:00.0000064" startTime="2022-06-13T21:11:35.0235017+02:00" endTime="2022-06-13T21:11:35.0235695+02:00" testType="13cdc9d9-ddb5-4fa4-a97d-d965ccfc6d4b" outcome="Passed" testListId="8c84fa94-04c1-424b-9868-57a2d4851a1d" relativeResultsDirectory="958a4ce5-539d-4ab8-a0b0-712814c3bbda" />
    <UnitTestResult executionId="ea6d2245-83d2-419a-b259-2f42ba5778e8" testId="69a40fcc-0401-43e0-b518-419aa3b98f4d" testName="FormatToStringTest1000 (317.9090540706688,317.91 zł)" computerName="DESKTOP-5URQ9PB" duration="00:00:00.0000165" startTime="2022-06-13T21:11:34.8834753+02:00" endTime="2022-06-13T21:11:34.8836960+02:00" testType="13cdc9d9-ddb5-4fa4-a97d-d965ccfc6d4b" outcome="Passed" testListId="8c84fa94-04c1-424b-9868-57a2d4851a1d" relativeResultsDirectory="ea6d2245-83d2-419a-b259-2f42ba5778e8" />
    <UnitTestResult executionId="08dbf583-c0e7-4009-9144-6cf6e07d7406" testId="2f672b08-23e0-4055-bec6-f62a428a7714" testName="FormatToStringTest1000 (598.1279707877561,598.13 zł)" computerName="DESKTOP-5URQ9PB" duration="00:00:00.0000067" startTime="2022-06-13T21:11:35.1148275+02:00" endTime="2022-06-13T21:11:35.1148956+02:00" testType="13cdc9d9-ddb5-4fa4-a97d-d965ccfc6d4b" outcome="Passed" testListId="8c84fa94-04c1-424b-9868-57a2d4851a1d" relativeResultsDirectory="08dbf583-c0e7-4009-9144-6cf6e07d7406" />
    <UnitTestResult executionId="f0b685ce-adb5-4541-a115-220459519071" testId="96dbcd62-a328-44b3-88d9-2ef5e034fefa" testName="FormatToStringTest1000 (64124.274503948756,64124.27 zł)" computerName="DESKTOP-5URQ9PB" duration="00:00:00.0000064" startTime="2022-06-13T21:11:34.9900518+02:00" endTime="2022-06-13T21:11:34.9901185+02:00" testType="13cdc9d9-ddb5-4fa4-a97d-d965ccfc6d4b" outcome="Passed" testListId="8c84fa94-04c1-424b-9868-57a2d4851a1d" relativeResultsDirectory="f0b685ce-adb5-4541-a115-220459519071" />
    <UnitTestResult executionId="910e734e-e520-4fd9-bbbc-3c00ac7cb7d0" testId="67307c41-ec37-4413-846b-0792bdaa989a" testName="FormatToStringTest1000 (22153.282278674324,22153.28 zł)" computerName="DESKTOP-5URQ9PB" duration="00:00:00.0000066" startTime="2022-06-13T21:11:34.9997569+02:00" endTime="2022-06-13T21:11:34.9998248+02:00" testType="13cdc9d9-ddb5-4fa4-a97d-d965ccfc6d4b" outcome="Passed" testListId="8c84fa94-04c1-424b-9868-57a2d4851a1d" relativeResultsDirectory="910e734e-e520-4fd9-bbbc-3c00ac7cb7d0" />
    <UnitTestResult executionId="b10f79ab-1923-48b4-a196-e88f1ed0ae1c" testId="8b39524b-6530-400a-997c-ebc5b8bc3381" testName="FormatToStringTest1000 (4592.278577496428,4592.28 zł)" computerName="DESKTOP-5URQ9PB" duration="00:00:00.0000069" startTime="2022-06-13T21:11:35.1392308+02:00" endTime="2022-06-13T21:11:35.1393093+02:00" testType="13cdc9d9-ddb5-4fa4-a97d-d965ccfc6d4b" outcome="Passed" testListId="8c84fa94-04c1-424b-9868-57a2d4851a1d" relativeResultsDirectory="b10f79ab-1923-48b4-a196-e88f1ed0ae1c" />
    <UnitTestResult executionId="0ddd4a48-16d9-4687-8df6-063ae8b93ab1" testId="f1e8ac54-f7f7-4c63-a40c-bdccebe206ea" testName="FormatToStringTest1000 (48654.65723134794,48654.66 zł)" computerName="DESKTOP-5URQ9PB" duration="00:00:00.0000065" startTime="2022-06-13T21:11:34.9862058+02:00" endTime="2022-06-13T21:11:34.9862748+02:00" testType="13cdc9d9-ddb5-4fa4-a97d-d965ccfc6d4b" outcome="Passed" testListId="8c84fa94-04c1-424b-9868-57a2d4851a1d" relativeResultsDirectory="0ddd4a48-16d9-4687-8df6-063ae8b93ab1" />
    <UnitTestResult executionId="d2dcd55c-ccec-4a53-b34f-824ca07546ae" testId="f40d5a58-eeee-4e3f-b136-6b1450e406f1" testName="FormatToStringTest1000 (45299.778512198376,45299.78 zł)" computerName="DESKTOP-5URQ9PB" duration="00:00:00.0000099" startTime="2022-06-13T21:11:35.1253042+02:00" endTime="2022-06-13T21:11:35.1253857+02:00" testType="13cdc9d9-ddb5-4fa4-a97d-d965ccfc6d4b" outcome="Passed" testListId="8c84fa94-04c1-424b-9868-57a2d4851a1d" relativeResultsDirectory="d2dcd55c-ccec-4a53-b34f-824ca07546ae" />
    <UnitTestResult executionId="2ec0f482-a3ff-4cb9-94a8-abff35ec8205" testId="1e0fb909-2a60-40e8-87da-28b681b92e8f" testName="FormatToStringTest1000 (397.6461894566408,397.65 zł)" computerName="DESKTOP-5URQ9PB" duration="00:00:00.0000072" startTime="2022-06-13T21:11:35.1589191+02:00" endTime="2022-06-13T21:11:35.1589862+02:00" testType="13cdc9d9-ddb5-4fa4-a97d-d965ccfc6d4b" outcome="Passed" testListId="8c84fa94-04c1-424b-9868-57a2d4851a1d" relativeResultsDirectory="2ec0f482-a3ff-4cb9-94a8-abff35ec8205" />
    <UnitTestResult executionId="2bb7dcf0-3d25-4f8d-882b-8e55d9d1cb89" testId="6c3d16ff-2a3e-4120-9fff-49a078ce241f" testName="FormatToStringTest1000 (20146.183073329827,20146.18 zł)" computerName="DESKTOP-5URQ9PB" duration="00:00:00.0000067" startTime="2022-06-13T21:11:34.9298570+02:00" endTime="2022-06-13T21:11:34.9299272+02:00" testType="13cdc9d9-ddb5-4fa4-a97d-d965ccfc6d4b" outcome="Passed" testListId="8c84fa94-04c1-424b-9868-57a2d4851a1d" relativeResultsDirectory="2bb7dcf0-3d25-4f8d-882b-8e55d9d1cb89" />
    <UnitTestResult executionId="cc966b4f-4eef-4e3d-b087-7fb5d87df7bd" testId="3b0f6d54-caef-41fb-8db5-d2ed59e9e8e6" testName="FormatToStringTest1000 (7396.940188290057,7396.94 zł)" computerName="DESKTOP-5URQ9PB" duration="00:00:00.0000083" startTime="2022-06-13T21:11:35.1878581+02:00" endTime="2022-06-13T21:11:35.1879672+02:00" testType="13cdc9d9-ddb5-4fa4-a97d-d965ccfc6d4b" outcome="Passed" testListId="8c84fa94-04c1-424b-9868-57a2d4851a1d" relativeResultsDirectory="cc966b4f-4eef-4e3d-b087-7fb5d87df7bd" />
    <UnitTestResult executionId="6ceb356f-a0b7-437f-87ff-89b240e12d87" testId="ee124f54-47bf-4b34-9a95-483b210174f6" testName="FormatToStringTest1000 (5810.695934967462,5810.70 zł)" computerName="DESKTOP-5URQ9PB" duration="00:00:00.0000065" startTime="2022-06-13T21:11:35.2011207+02:00" endTime="2022-06-13T21:11:35.2011871+02:00" testType="13cdc9d9-ddb5-4fa4-a97d-d965ccfc6d4b" outcome="Passed" testListId="8c84fa94-04c1-424b-9868-57a2d4851a1d" relativeResultsDirectory="6ceb356f-a0b7-437f-87ff-89b240e12d87" />
    <UnitTestResult executionId="5b239785-60f7-4e53-a574-19c1e1d6ab12" testId="b9170ab8-f6d5-44c3-b530-9afdaa4f8406" testName="FormatToStringTest1000 (2121.0917325211185,2121.09 zł)" computerName="DESKTOP-5URQ9PB" duration="00:00:00.0000067" startTime="2022-06-13T21:11:35.0947371+02:00" endTime="2022-06-13T21:11:35.0948047+02:00" testType="13cdc9d9-ddb5-4fa4-a97d-d965ccfc6d4b" outcome="Passed" testListId="8c84fa94-04c1-424b-9868-57a2d4851a1d" relativeResultsDirectory="5b239785-60f7-4e53-a574-19c1e1d6ab12" />
    <UnitTestResult executionId="5498f039-e355-45c7-91d7-15257b866d5e" testId="97678a88-3931-46e6-b38a-44f6d8b9de6d" testName="FormatToStringTest1000 (14198.39903067723,14198.40 zł)" computerName="DESKTOP-5URQ9PB" duration="00:00:00.0000065" startTime="2022-06-13T21:11:35.1902591+02:00" endTime="2022-06-13T21:11:35.1903270+02:00" testType="13cdc9d9-ddb5-4fa4-a97d-d965ccfc6d4b" outcome="Passed" testListId="8c84fa94-04c1-424b-9868-57a2d4851a1d" relativeResultsDirectory="5498f039-e355-45c7-91d7-15257b866d5e" />
    <UnitTestResult executionId="bd929ca2-cf3c-4e1d-af4c-bbee107b9c7a" testId="77c3a487-72ef-4917-b299-29d6e4af088e" testName="FormatToStringTest1000 (68174.53068551492,68174.53 zł)" computerName="DESKTOP-5URQ9PB" duration="00:00:00.0000066" startTime="2022-06-13T21:11:35.1634006+02:00" endTime="2022-06-13T21:11:35.1634667+02:00" testType="13cdc9d9-ddb5-4fa4-a97d-d965ccfc6d4b" outcome="Passed" testListId="8c84fa94-04c1-424b-9868-57a2d4851a1d" relativeResultsDirectory="bd929ca2-cf3c-4e1d-af4c-bbee107b9c7a" />
    <UnitTestResult executionId="b6f6dbe7-c0aa-4999-aa1d-a81767c1ad1a" testId="1e9af74f-127b-4627-99a8-90b0b836ed0f" testName="FormatToStringTest1000 (34458.5406463512,34458.54 zł)" computerName="DESKTOP-5URQ9PB" duration="00:00:00.0000066" startTime="2022-06-13T21:11:35.0926205+02:00" endTime="2022-06-13T21:11:35.0926893+02:00" testType="13cdc9d9-ddb5-4fa4-a97d-d965ccfc6d4b" outcome="Passed" testListId="8c84fa94-04c1-424b-9868-57a2d4851a1d" relativeResultsDirectory="b6f6dbe7-c0aa-4999-aa1d-a81767c1ad1a" />
    <UnitTestResult executionId="ec3e56c6-b297-46f3-aaf2-2dd55b5b429d" testId="c4982afc-87e2-419b-abef-3a6776beb361" testName="FormatToStringTest1000 (1963.0091662979728,1963.01 zł)" computerName="DESKTOP-5URQ9PB" duration="00:00:00.0000067" startTime="2022-06-13T21:11:35.1495401+02:00" endTime="2022-06-13T21:11:35.1496087+02:00" testType="13cdc9d9-ddb5-4fa4-a97d-d965ccfc6d4b" outcome="Passed" testListId="8c84fa94-04c1-424b-9868-57a2d4851a1d" relativeResultsDirectory="ec3e56c6-b297-46f3-aaf2-2dd55b5b429d" />
    <UnitTestResult executionId="ba9c078e-af8b-4976-968b-41e577ec907e" testId="57c9c406-e366-4b8c-9917-eaffce0fc4c3" testName="FormatToStringTest1000 (30722.846572104303,30722.85 zł)" computerName="DESKTOP-5URQ9PB" duration="00:00:00.0000065" startTime="2022-06-13T21:11:35.1092761+02:00" endTime="2022-06-13T21:11:35.1093456+02:00" testType="13cdc9d9-ddb5-4fa4-a97d-d965ccfc6d4b" outcome="Passed" testListId="8c84fa94-04c1-424b-9868-57a2d4851a1d" relativeResultsDirectory="ba9c078e-af8b-4976-968b-41e577ec907e" />
    <UnitTestResult executionId="63437e71-de48-432d-a8ec-f3d94d4e6c97" testId="a88b26d8-00fe-4bcb-aae2-b89372deaf00" testName="FormatToStringTest1000 (782.6578288817116,782.66 zł)" computerName="DESKTOP-5URQ9PB" duration="00:00:00.0000066" startTime="2022-06-13T21:11:34.9488444+02:00" endTime="2022-06-13T21:11:34.9489120+02:00" testType="13cdc9d9-ddb5-4fa4-a97d-d965ccfc6d4b" outcome="Passed" testListId="8c84fa94-04c1-424b-9868-57a2d4851a1d" relativeResultsDirectory="63437e71-de48-432d-a8ec-f3d94d4e6c97" />
    <UnitTestResult executionId="b0f7a916-b657-4ffb-999c-03326c070ff9" testId="a5397458-34a8-45bf-ae7f-eb5607f2e6a7" testName="FormatToStringTest1000 (6220.182014914314,6220.18 zł)" computerName="DESKTOP-5URQ9PB" duration="00:00:00.0000081" startTime="2022-06-13T21:11:35.1143016+02:00" endTime="2022-06-13T21:11:35.1144287+02:00" testType="13cdc9d9-ddb5-4fa4-a97d-d965ccfc6d4b" outcome="Passed" testListId="8c84fa94-04c1-424b-9868-57a2d4851a1d" relativeResultsDirectory="b0f7a916-b657-4ffb-999c-03326c070ff9" />
    <UnitTestResult executionId="821328a8-e223-4f2d-be11-1399107a595b" testId="ac38fd51-2e6f-4973-9989-b0862a31e4ef" testName="FormatToStringTest1000 (39641.61351217451,39641.61 zł)" computerName="DESKTOP-5URQ9PB" duration="00:00:00.0000088" startTime="2022-06-13T21:11:35.0651135+02:00" endTime="2022-06-13T21:11:35.0652204+02:00" testType="13cdc9d9-ddb5-4fa4-a97d-d965ccfc6d4b" outcome="Passed" testListId="8c84fa94-04c1-424b-9868-57a2d4851a1d" relativeResultsDirectory="821328a8-e223-4f2d-be11-1399107a595b" />
    <UnitTestResult executionId="c4beb510-8a1d-4495-aa2e-0b884713f635" testId="2cef261b-fef3-4aa3-9f08-a01497424a94" testName="FormatToStringTest1000 (19435.417227184127,19435.42 zł)" computerName="DESKTOP-5URQ9PB" duration="00:00:00.0000063" startTime="2022-06-13T21:11:35.0627338+02:00" endTime="2022-06-13T21:11:35.0627998+02:00" testType="13cdc9d9-ddb5-4fa4-a97d-d965ccfc6d4b" outcome="Passed" testListId="8c84fa94-04c1-424b-9868-57a2d4851a1d" relativeResultsDirectory="c4beb510-8a1d-4495-aa2e-0b884713f635" />
    <UnitTestResult executionId="31491134-c049-4087-902e-b71ad0ed22cf" testId="d8b36138-14b2-4f02-8d37-5bf29fce9dca" testName="FormatToStringTest1000 (49416.285282306504,49416.29 zł)" computerName="DESKTOP-5URQ9PB" duration="00:00:00.0000089" startTime="2022-06-13T21:11:35.1607461+02:00" endTime="2022-06-13T21:11:35.1608496+02:00" testType="13cdc9d9-ddb5-4fa4-a97d-d965ccfc6d4b" outcome="Passed" testListId="8c84fa94-04c1-424b-9868-57a2d4851a1d" relativeResultsDirectory="31491134-c049-4087-902e-b71ad0ed22cf" />
    <UnitTestResult executionId="63922520-bcfa-4092-bc0a-ab7598b6e991" testId="e0152bab-bbd0-4fc7-8593-7e98c3b2d4a8" testName="FormatToStringTest1000 (61633.2671179945,61633.27 zł)" computerName="DESKTOP-5URQ9PB" duration="00:00:00.0000068" startTime="2022-06-13T21:11:35.0265853+02:00" endTime="2022-06-13T21:11:35.0266525+02:00" testType="13cdc9d9-ddb5-4fa4-a97d-d965ccfc6d4b" outcome="Passed" testListId="8c84fa94-04c1-424b-9868-57a2d4851a1d" relativeResultsDirectory="63922520-bcfa-4092-bc0a-ab7598b6e991" />
    <UnitTestResult executionId="841d8369-5c7e-455f-9e35-dd86b0f3e2fe" testId="7ed71433-dbb7-4bfd-9fd5-9edd9ce8a628" testName="FormatToStringTest1000 (5279.315995182524,5279.32 zł)" computerName="DESKTOP-5URQ9PB" duration="00:00:00.0000138" startTime="2022-06-13T21:11:35.0826866+02:00" endTime="2022-06-13T21:11:35.0829052+02:00" testType="13cdc9d9-ddb5-4fa4-a97d-d965ccfc6d4b" outcome="Passed" testListId="8c84fa94-04c1-424b-9868-57a2d4851a1d" relativeResultsDirectory="841d8369-5c7e-455f-9e35-dd86b0f3e2fe" />
    <UnitTestResult executionId="075bb39b-d022-4a23-9f2b-28dbb68085fb" testId="ee959269-c29d-46fd-8253-9ee2773fc27d" testName="FormatToStringTest1000 (47964.941885361884,47964.94 zł)" computerName="DESKTOP-5URQ9PB" duration="00:00:00.0000066" startTime="2022-06-13T21:11:34.9059137+02:00" endTime="2022-06-13T21:11:34.9059829+02:00" testType="13cdc9d9-ddb5-4fa4-a97d-d965ccfc6d4b" outcome="Passed" testListId="8c84fa94-04c1-424b-9868-57a2d4851a1d" relativeResultsDirectory="075bb39b-d022-4a23-9f2b-28dbb68085fb" />
    <UnitTestResult executionId="2caeef7b-daac-45aa-b2e3-04b832fd9e89" testId="91741aef-18bb-4206-8c5d-25f001b59995" testName="FormatToStringTest1000 (867.5236648356187,867.52 zł)" computerName="DESKTOP-5URQ9PB" duration="00:00:00.0000065" startTime="2022-06-13T21:11:35.1585814+02:00" endTime="2022-06-13T21:11:35.1586489+02:00" testType="13cdc9d9-ddb5-4fa4-a97d-d965ccfc6d4b" outcome="Passed" testListId="8c84fa94-04c1-424b-9868-57a2d4851a1d" relativeResultsDirectory="2caeef7b-daac-45aa-b2e3-04b832fd9e89" />
    <UnitTestResult executionId="fd532dc6-8c58-49db-ba86-b71b52b5c2b8" testId="3533013f-3ff2-4e59-88ce-bcfd9f005dde" testName="FormatToStringTest1000 (47393.54939526671,47393.55 zł)" computerName="DESKTOP-5URQ9PB" duration="00:00:00.0000089" startTime="2022-06-13T21:11:35.0199859+02:00" endTime="2022-06-13T21:11:35.0200849+02:00" testType="13cdc9d9-ddb5-4fa4-a97d-d965ccfc6d4b" outcome="Passed" testListId="8c84fa94-04c1-424b-9868-57a2d4851a1d" relativeResultsDirectory="fd532dc6-8c58-49db-ba86-b71b52b5c2b8" />
    <UnitTestResult executionId="fa977870-0ad7-4550-a5a8-6dfa5474f6fa" testId="ea838969-6e3c-4d06-98e9-a732e494ccca" testName="FormatToStringTest1000 (4002.4180488374172,4002.42 zł)" computerName="DESKTOP-5URQ9PB" duration="00:00:00.0000065" startTime="2022-06-13T21:11:35.1731704+02:00" endTime="2022-06-13T21:11:35.1732351+02:00" testType="13cdc9d9-ddb5-4fa4-a97d-d965ccfc6d4b" outcome="Passed" testListId="8c84fa94-04c1-424b-9868-57a2d4851a1d" relativeResultsDirectory="fa977870-0ad7-4550-a5a8-6dfa5474f6fa" />
    <UnitTestResult executionId="b81e6213-76d1-4f99-a528-aeb7f60a1c96" testId="60bc865d-de73-48ca-b314-30484c73def5" testName="FormatToStringTest1000 (10461.455048841171,10461.46 zł)" computerName="DESKTOP-5URQ9PB" duration="00:00:00.0000064" startTime="2022-06-13T21:11:34.9998427+02:00" endTime="2022-06-13T21:11:34.9999104+02:00" testType="13cdc9d9-ddb5-4fa4-a97d-d965ccfc6d4b" outcome="Passed" testListId="8c84fa94-04c1-424b-9868-57a2d4851a1d" relativeResultsDirectory="b81e6213-76d1-4f99-a528-aeb7f60a1c96" />
    <UnitTestResult executionId="e3362268-1bd6-485d-b722-e0e933aae11c" testId="9f826fda-868b-46e5-a3ec-e6b14e952f77" testName="FormatToStringTest1000 (9774.341362926803,9774.34 zł)" computerName="DESKTOP-5URQ9PB" duration="00:00:00.0000063" startTime="2022-06-13T21:11:34.9096880+02:00" endTime="2022-06-13T21:11:34.9097554+02:00" testType="13cdc9d9-ddb5-4fa4-a97d-d965ccfc6d4b" outcome="Passed" testListId="8c84fa94-04c1-424b-9868-57a2d4851a1d" relativeResultsDirectory="e3362268-1bd6-485d-b722-e0e933aae11c" />
    <UnitTestResult executionId="7adb49d3-3d14-4a5f-a263-cee4786d942e" testId="ed1283ce-4614-4f82-80ce-474f34425197" testName="FormatToStringTest1000 (77904.0088552246,77904.01 zł)" computerName="DESKTOP-5URQ9PB" duration="00:00:00.0000069" startTime="2022-06-13T21:11:34.8881478+02:00" endTime="2022-06-13T21:11:34.8882208+02:00" testType="13cdc9d9-ddb5-4fa4-a97d-d965ccfc6d4b" outcome="Passed" testListId="8c84fa94-04c1-424b-9868-57a2d4851a1d" relativeResultsDirectory="7adb49d3-3d14-4a5f-a263-cee4786d942e" />
    <UnitTestResult executionId="3394ec65-17c4-45d4-b5dd-950159fd0072" testId="32238975-5cc1-478e-b385-097151c34783" testName="FormatToStringTest1000 (42767.96883676898,42767.97 zł)" computerName="DESKTOP-5URQ9PB" duration="00:00:00.0000065" startTime="2022-06-13T21:11:35.1437908+02:00" endTime="2022-06-13T21:11:35.1438557+02:00" testType="13cdc9d9-ddb5-4fa4-a97d-d965ccfc6d4b" outcome="Passed" testListId="8c84fa94-04c1-424b-9868-57a2d4851a1d" relativeResultsDirectory="3394ec65-17c4-45d4-b5dd-950159fd0072" />
    <UnitTestResult executionId="3d981207-7102-4f83-aab7-96b1f7d527ac" testId="7e065601-08ba-42b6-95af-2bd02566a393" testName="FormatToStringTest1000 (65809.35218338219,65809.35 zł)" computerName="DESKTOP-5URQ9PB" duration="00:00:00.0000072" startTime="2022-06-13T21:11:35.1853998+02:00" endTime="2022-06-13T21:11:35.1854844+02:00" testType="13cdc9d9-ddb5-4fa4-a97d-d965ccfc6d4b" outcome="Passed" testListId="8c84fa94-04c1-424b-9868-57a2d4851a1d" relativeResultsDirectory="3d981207-7102-4f83-aab7-96b1f7d527ac" />
    <UnitTestResult executionId="ddaafa21-911b-49ce-b855-8fdd48ae0ec7" testId="7e7ecb28-7b54-4d0b-8452-05d708eace08" testName="FormatToStringTest1000 (43222.47958431695,43222.48 zł)" computerName="DESKTOP-5URQ9PB" duration="00:00:00.0000063" startTime="2022-06-13T21:11:34.8991654+02:00" endTime="2022-06-13T21:11:34.8992329+02:00" testType="13cdc9d9-ddb5-4fa4-a97d-d965ccfc6d4b" outcome="Passed" testListId="8c84fa94-04c1-424b-9868-57a2d4851a1d" relativeResultsDirectory="ddaafa21-911b-49ce-b855-8fdd48ae0ec7" />
    <UnitTestResult executionId="3675945c-39c0-4fce-b8c6-c0a4f78c3839" testId="b3a0d5f9-5666-4532-9513-b5822d5934bb" testName="FormatToStringTest1000 (21281.64584727662,21281.65 zł)" computerName="DESKTOP-5URQ9PB" duration="00:00:00.0000338" startTime="2022-06-13T21:11:34.9481746+02:00" endTime="2022-06-13T21:11:34.9483650+02:00" testType="13cdc9d9-ddb5-4fa4-a97d-d965ccfc6d4b" outcome="Passed" testListId="8c84fa94-04c1-424b-9868-57a2d4851a1d" relativeResultsDirectory="3675945c-39c0-4fce-b8c6-c0a4f78c3839" />
    <UnitTestResult executionId="1b355190-06c5-4af6-95f5-8b0b2a022be1" testId="eecaca17-6323-46f8-a7ab-3cc48c07871a" testName="FormatToStringTest1000 (10324.538670147089,10324.54 zł)" computerName="DESKTOP-5URQ9PB" duration="00:00:00.0000075" startTime="2022-06-13T21:11:35.1006837+02:00" endTime="2022-06-13T21:11:35.1007510+02:00" testType="13cdc9d9-ddb5-4fa4-a97d-d965ccfc6d4b" outcome="Passed" testListId="8c84fa94-04c1-424b-9868-57a2d4851a1d" relativeResultsDirectory="1b355190-06c5-4af6-95f5-8b0b2a022be1" />
    <UnitTestResult executionId="4aeae681-7ce1-4115-851a-7a0770c0eca9" testId="52690378-ace9-412e-bcae-8d8c449d7d71" testName="FormatToStringTest1000 (38614.292320713066,38614.29 zł)" computerName="DESKTOP-5URQ9PB" duration="00:00:00.0000064" startTime="2022-06-13T21:11:34.8995254+02:00" endTime="2022-06-13T21:11:34.8995932+02:00" testType="13cdc9d9-ddb5-4fa4-a97d-d965ccfc6d4b" outcome="Passed" testListId="8c84fa94-04c1-424b-9868-57a2d4851a1d" relativeResultsDirectory="4aeae681-7ce1-4115-851a-7a0770c0eca9" />
    <UnitTestResult executionId="add717e5-4eaa-496b-a151-7242f934fe30" testId="2978e698-ace9-447f-8144-d62f4dc9337b" testName="FormatToStringTest1000 (7124.979180760672,7124.98 zł)" computerName="DESKTOP-5URQ9PB" duration="00:00:00.0000083" startTime="2022-06-13T21:11:34.8548403+02:00" endTime="2022-06-13T21:11:34.8549398+02:00" testType="13cdc9d9-ddb5-4fa4-a97d-d965ccfc6d4b" outcome="Passed" testListId="8c84fa94-04c1-424b-9868-57a2d4851a1d" relativeResultsDirectory="add717e5-4eaa-496b-a151-7242f934fe30" />
    <UnitTestResult executionId="945869f9-15d2-44c0-abfe-377b500d1b52" testId="117dbcb3-3e70-4004-806b-e1bd8958aeda" testName="FormatToStringTest1000 (7370.518277515898,7370.52 zł)" computerName="DESKTOP-5URQ9PB" duration="00:00:00.0000063" startTime="2022-06-13T21:11:34.9768208+02:00" endTime="2022-06-13T21:11:34.9768884+02:00" testType="13cdc9d9-ddb5-4fa4-a97d-d965ccfc6d4b" outcome="Passed" testListId="8c84fa94-04c1-424b-9868-57a2d4851a1d" relativeResultsDirectory="945869f9-15d2-44c0-abfe-377b500d1b52" />
    <UnitTestResult executionId="65687291-ae57-4e41-a0ae-8b60ca3ea17b" testId="d58d5780-b1de-44df-8237-5aa643ac193e" testName="FormatToStringTest1000 (13541.45472935096,13541.45 zł)" computerName="DESKTOP-5URQ9PB" duration="00:00:00.0000064" startTime="2022-06-13T21:11:35.1096082+02:00" endTime="2022-06-13T21:11:35.1096724+02:00" testType="13cdc9d9-ddb5-4fa4-a97d-d965ccfc6d4b" outcome="Passed" testListId="8c84fa94-04c1-424b-9868-57a2d4851a1d" relativeResultsDirectory="65687291-ae57-4e41-a0ae-8b60ca3ea17b" />
    <UnitTestResult executionId="50f1cb49-f731-44e6-8972-8a4fd76348a3" testId="d758dffe-cce5-410e-9074-6151f36d0eb4" testName="FormatToStringTest1000 (37889.10086727193,37889.10 zł)" computerName="DESKTOP-5URQ9PB" duration="00:00:00.0000067" startTime="2022-06-13T21:11:34.8923980+02:00" endTime="2022-06-13T21:11:34.8924719+02:00" testType="13cdc9d9-ddb5-4fa4-a97d-d965ccfc6d4b" outcome="Passed" testListId="8c84fa94-04c1-424b-9868-57a2d4851a1d" relativeResultsDirectory="50f1cb49-f731-44e6-8972-8a4fd76348a3" />
    <UnitTestResult executionId="4f19cd79-41e0-4d80-b3dc-cbc7cfe0d417" testId="5c136354-5768-405f-b646-22eecaef949c" testName="FormatToStringTest1000 (6105.007054037418,6105.01 zł)" computerName="DESKTOP-5URQ9PB" duration="00:00:00.0000075" startTime="2022-06-13T21:11:35.1073034+02:00" endTime="2022-06-13T21:11:35.1073738+02:00" testType="13cdc9d9-ddb5-4fa4-a97d-d965ccfc6d4b" outcome="Passed" testListId="8c84fa94-04c1-424b-9868-57a2d4851a1d" relativeResultsDirectory="4f19cd79-41e0-4d80-b3dc-cbc7cfe0d417" />
    <UnitTestResult executionId="db731f85-521c-4d67-969d-e8cdb7fc69e3" testId="45812514-45fc-47c3-b3dc-6842f328998d" testName="FormatToStringTest1000 (40545.70748620001,40545.71 zł)" computerName="DESKTOP-5URQ9PB" duration="00:00:00.0000064" startTime="2022-06-13T21:11:35.1655673+02:00" endTime="2022-06-13T21:11:35.1656325+02:00" testType="13cdc9d9-ddb5-4fa4-a97d-d965ccfc6d4b" outcome="Passed" testListId="8c84fa94-04c1-424b-9868-57a2d4851a1d" relativeResultsDirectory="db731f85-521c-4d67-969d-e8cdb7fc69e3" />
    <UnitTestResult executionId="513a69dd-e89c-4b98-8663-7ac7c27e4b3a" testId="33879ff0-982b-4fc4-bacc-8a19761132da" testName="FormatToStringTest1000 (1814.7218118955948,1814.72 zł)" computerName="DESKTOP-5URQ9PB" duration="00:00:00.0000065" startTime="2022-06-13T21:11:35.1903448+02:00" endTime="2022-06-13T21:11:35.1904191+02:00" testType="13cdc9d9-ddb5-4fa4-a97d-d965ccfc6d4b" outcome="Passed" testListId="8c84fa94-04c1-424b-9868-57a2d4851a1d" relativeResultsDirectory="513a69dd-e89c-4b98-8663-7ac7c27e4b3a" />
    <UnitTestResult executionId="6bcf1a2e-499b-4d10-9a26-e6447008cd7c" testId="5fc97bfc-b912-4f29-96d1-ff3b46efe593" testName="FormatToStringTest1000 (1821.7083499085663,1821.71 zł)" computerName="DESKTOP-5URQ9PB" duration="00:00:00.0000075" startTime="2022-06-13T21:11:35.1582146+02:00" endTime="2022-06-13T21:11:35.1582967+02:00" testType="13cdc9d9-ddb5-4fa4-a97d-d965ccfc6d4b" outcome="Passed" testListId="8c84fa94-04c1-424b-9868-57a2d4851a1d" relativeResultsDirectory="6bcf1a2e-499b-4d10-9a26-e6447008cd7c" />
    <UnitTestResult executionId="4a39bda5-cac9-4bb5-b381-71a2530bf792" testId="ec121817-0972-4d79-8656-274237df01ca" testName="FormatToStringTest1000 (468.83385119346616,468.83 zł)" computerName="DESKTOP-5URQ9PB" duration="00:00:00.0000076" startTime="2022-06-13T21:11:34.8612330+02:00" endTime="2022-06-13T21:11:34.8613147+02:00" testType="13cdc9d9-ddb5-4fa4-a97d-d965ccfc6d4b" outcome="Passed" testListId="8c84fa94-04c1-424b-9868-57a2d4851a1d" relativeResultsDirectory="4a39bda5-cac9-4bb5-b381-71a2530bf792" />
    <UnitTestResult executionId="50161360-06e0-4609-aea0-341d2ab1af32" testId="db0ca965-e3df-4bbe-9fa6-1abddbe9e6d6" testName="FormatToStringTest1000 (75987.03378503352,75987.03 zł)" computerName="DESKTOP-5URQ9PB" duration="00:00:00.0000064" startTime="2022-06-13T21:11:35.1374383+02:00" endTime="2022-06-13T21:11:35.1375031+02:00" testType="13cdc9d9-ddb5-4fa4-a97d-d965ccfc6d4b" outcome="Passed" testListId="8c84fa94-04c1-424b-9868-57a2d4851a1d" relativeResultsDirectory="50161360-06e0-4609-aea0-341d2ab1af32" />
    <UnitTestResult executionId="77d50187-7b53-4224-b880-fab48faea182" testId="26ae06cc-107f-4695-9120-90aa18edcbd0" testName="FormatToStringTest1000 (7193.552206002898,7193.55 zł)" computerName="DESKTOP-5URQ9PB" duration="00:00:00.0000067" startTime="2022-06-13T21:11:35.1522564+02:00" endTime="2022-06-13T21:11:35.1523232+02:00" testType="13cdc9d9-ddb5-4fa4-a97d-d965ccfc6d4b" outcome="Passed" testListId="8c84fa94-04c1-424b-9868-57a2d4851a1d" relativeResultsDirectory="77d50187-7b53-4224-b880-fab48faea182" />
    <UnitTestResult executionId="d46b5ea9-c123-417a-a802-cc0f67404836" testId="91537d6a-704d-4c3a-9653-49efe5df08d8" testName="FormatToStringTest1000 (17418.31302247863,17418.31 zł)" computerName="DESKTOP-5URQ9PB" duration="00:00:00.0000075" startTime="2022-06-13T21:11:34.9799688+02:00" endTime="2022-06-13T21:11:34.9800376+02:00" testType="13cdc9d9-ddb5-4fa4-a97d-d965ccfc6d4b" outcome="Passed" testListId="8c84fa94-04c1-424b-9868-57a2d4851a1d" relativeResultsDirectory="d46b5ea9-c123-417a-a802-cc0f67404836" />
    <UnitTestResult executionId="afe506ea-0b94-4ddc-ab6f-61bbd9ec7e20" testId="7d22eeb7-c132-4263-b4fb-a8fb0860c46c" testName="FormatToStringTest1000 (12125.090155628086,12125.09 zł)" computerName="DESKTOP-5URQ9PB" duration="00:00:00.0000072" startTime="2022-06-13T21:11:34.9796950+02:00" endTime="2022-06-13T21:11:34.9797764+02:00" testType="13cdc9d9-ddb5-4fa4-a97d-d965ccfc6d4b" outcome="Passed" testListId="8c84fa94-04c1-424b-9868-57a2d4851a1d" relativeResultsDirectory="afe506ea-0b94-4ddc-ab6f-61bbd9ec7e20" />
    <UnitTestResult executionId="abe90351-b904-497e-8c9a-1f296226e8ea" testId="ac615850-ab77-4814-bbb3-39d2ee43f27b" testName="FormatToStringTest1000 (2883.637133003975,2883.64 zł)" computerName="DESKTOP-5URQ9PB" duration="00:00:00.0000066" startTime="2022-06-13T21:11:35.1459685+02:00" endTime="2022-06-13T21:11:35.1460361+02:00" testType="13cdc9d9-ddb5-4fa4-a97d-d965ccfc6d4b" outcome="Passed" testListId="8c84fa94-04c1-424b-9868-57a2d4851a1d" relativeResultsDirectory="abe90351-b904-497e-8c9a-1f296226e8ea" />
    <UnitTestResult executionId="cd31bba4-b0ba-45ed-ab42-bdc03b6e69db" testId="545facbc-651d-485a-9c01-e60bcdb7cb37" testName="FormatToStringTest1000 (6838.422316571894,6838.42 zł)" computerName="DESKTOP-5URQ9PB" duration="00:00:00.0000137" startTime="2022-06-13T21:11:34.9216629+02:00" endTime="2022-06-13T21:11:34.9218274+02:00" testType="13cdc9d9-ddb5-4fa4-a97d-d965ccfc6d4b" outcome="Passed" testListId="8c84fa94-04c1-424b-9868-57a2d4851a1d" relativeResultsDirectory="cd31bba4-b0ba-45ed-ab42-bdc03b6e69db" />
    <UnitTestResult executionId="d7eb1a93-b906-49f1-9fc7-01ac3ce21410" testId="7a47fba0-6436-4a34-8d2e-f66cd226ae89" testName="FormatToStringTest1000 (43727.735558145556,43727.74 zł)" computerName="DESKTOP-5URQ9PB" duration="00:00:00.0000066" startTime="2022-06-13T21:11:34.9934519+02:00" endTime="2022-06-13T21:11:34.9935206+02:00" testType="13cdc9d9-ddb5-4fa4-a97d-d965ccfc6d4b" outcome="Passed" testListId="8c84fa94-04c1-424b-9868-57a2d4851a1d" relativeResultsDirectory="d7eb1a93-b906-49f1-9fc7-01ac3ce21410" />
    <UnitTestResult executionId="f0f1d64e-8a3c-45f0-8e2b-e761b1d93251" testId="1dd6634d-e0d1-439d-b59e-4c8022da864c" testName="FormatToStringTest1000 (15337.485230751097,15337.49 zł)" computerName="DESKTOP-5URQ9PB" duration="00:00:00.0000080" startTime="2022-06-13T21:11:35.0050484+02:00" endTime="2022-06-13T21:11:35.0051299+02:00" testType="13cdc9d9-ddb5-4fa4-a97d-d965ccfc6d4b" outcome="Passed" testListId="8c84fa94-04c1-424b-9868-57a2d4851a1d" relativeResultsDirectory="f0f1d64e-8a3c-45f0-8e2b-e761b1d93251" />
    <UnitTestResult executionId="36b566ab-7c9d-4fed-9373-1ad07f58cf83" testId="37d87db1-f4ae-4e01-8215-48c92c938982" testName="FormatToStringTest1000 (35.34471716840971,35.34 zł)" computerName="DESKTOP-5URQ9PB" duration="00:00:00.0000077" startTime="2022-06-13T21:11:35.1144592+02:00" endTime="2022-06-13T21:11:35.1145456+02:00" testType="13cdc9d9-ddb5-4fa4-a97d-d965ccfc6d4b" outcome="Passed" testListId="8c84fa94-04c1-424b-9868-57a2d4851a1d" relativeResultsDirectory="36b566ab-7c9d-4fed-9373-1ad07f58cf83" />
    <UnitTestResult executionId="82265a0f-de33-45f2-a7ae-9a35c98e8de2" testId="7c619a72-2024-4f21-9780-0bcc4f29c54f" testName="FormatToStringTest1000 (18596.12661189033,18596.13 zł)" computerName="DESKTOP-5URQ9PB" duration="00:00:00.0000064" startTime="2022-06-13T21:11:35.0927066+02:00" endTime="2022-06-13T21:11:35.0927738+02:00" testType="13cdc9d9-ddb5-4fa4-a97d-d965ccfc6d4b" outcome="Passed" testListId="8c84fa94-04c1-424b-9868-57a2d4851a1d" relativeResultsDirectory="82265a0f-de33-45f2-a7ae-9a35c98e8de2" />
    <UnitTestResult executionId="fbf0dc35-db6d-401f-9d26-a392ef418333" testId="6cdb1a71-a418-47e6-b6cb-a1802ebf01df" testName="FormatToStringTest1000 (25440.18371476614,25440.18 zł)" computerName="DESKTOP-5URQ9PB" duration="00:00:00.0000066" startTime="2022-06-13T21:11:34.9449785+02:00" endTime="2022-06-13T21:11:34.9450484+02:00" testType="13cdc9d9-ddb5-4fa4-a97d-d965ccfc6d4b" outcome="Passed" testListId="8c84fa94-04c1-424b-9868-57a2d4851a1d" relativeResultsDirectory="fbf0dc35-db6d-401f-9d26-a392ef418333" />
    <UnitTestResult executionId="1ac6d986-5357-49bb-a934-e30ff205b261" testId="64802c60-e1ea-4c73-b795-2c34fe6d40bc" testName="FormatToStringTest1000 (9928.477822322622,9928.48 zł)" computerName="DESKTOP-5URQ9PB" duration="00:00:00.0000065" startTime="2022-06-13T21:11:35.1075573+02:00" endTime="2022-06-13T21:11:35.1076219+02:00" testType="13cdc9d9-ddb5-4fa4-a97d-d965ccfc6d4b" outcome="Passed" testListId="8c84fa94-04c1-424b-9868-57a2d4851a1d" relativeResultsDirectory="1ac6d986-5357-49bb-a934-e30ff205b261" />
    <UnitTestResult executionId="ab14d301-cd19-4dc1-ae51-04e4f8c3487f" testId="94243b2a-2023-42a9-af3f-02223626b881" testName="FormatToStringTest1000 (74514.06270644537,74514.06 zł)" computerName="DESKTOP-5URQ9PB" duration="00:00:00.0000128" startTime="2022-06-13T21:11:34.8877418+02:00" endTime="2022-06-13T21:11:34.8879112+02:00" testType="13cdc9d9-ddb5-4fa4-a97d-d965ccfc6d4b" outcome="Passed" testListId="8c84fa94-04c1-424b-9868-57a2d4851a1d" relativeResultsDirectory="ab14d301-cd19-4dc1-ae51-04e4f8c3487f" />
    <UnitTestResult executionId="2de0bd7e-cccb-41fc-a029-65be74c8d85a" testId="2a0d7d86-73cd-4a9b-a526-a453f5c08a1f" testName="FormatToStringTest1000 (19103.831635461574,19103.83 zł)" computerName="DESKTOP-5URQ9PB" duration="00:00:00.0000146" startTime="2022-06-13T21:11:35.0734746+02:00" endTime="2022-06-13T21:11:35.0736472+02:00" testType="13cdc9d9-ddb5-4fa4-a97d-d965ccfc6d4b" outcome="Passed" testListId="8c84fa94-04c1-424b-9868-57a2d4851a1d" relativeResultsDirectory="2de0bd7e-cccb-41fc-a029-65be74c8d85a" />
    <UnitTestResult executionId="f6361df0-a7af-4383-83c7-a3bc14c4b61c" testId="578fdafb-c4d7-4a48-ba14-294ac9bd5288" testName="FormatToStringTest1000 (88616.03808168416,88616.04 zł)" computerName="DESKTOP-5URQ9PB" duration="00:00:00.0000066" startTime="2022-06-13T21:11:35.1633108+02:00" endTime="2022-06-13T21:11:35.1633836+02:00" testType="13cdc9d9-ddb5-4fa4-a97d-d965ccfc6d4b" outcome="Passed" testListId="8c84fa94-04c1-424b-9868-57a2d4851a1d" relativeResultsDirectory="f6361df0-a7af-4383-83c7-a3bc14c4b61c" />
    <UnitTestResult executionId="f4be3f36-162a-4ebe-a0ac-ce1a66302778" testId="f42b4ae9-9354-4f53-85b9-10f9f7941125" testName="FormatToStringTest1000 (1325.1625259114255,1325.16 zł)" computerName="DESKTOP-5URQ9PB" duration="00:00:00.0000065" startTime="2022-06-13T21:11:35.1029176+02:00" endTime="2022-06-13T21:11:35.1029921+02:00" testType="13cdc9d9-ddb5-4fa4-a97d-d965ccfc6d4b" outcome="Passed" testListId="8c84fa94-04c1-424b-9868-57a2d4851a1d" relativeResultsDirectory="f4be3f36-162a-4ebe-a0ac-ce1a66302778" />
    <UnitTestResult executionId="912ce585-709a-4efb-accc-6576b36bfbb8" testId="15957cf7-35da-42c6-8f79-f4dbcc27e5c5" testName="FormatToStringTest1000 (1474.699818629166,1474.70 zł)" computerName="DESKTOP-5URQ9PB" duration="00:00:00.0000066" startTime="2022-06-13T21:11:35.1749842+02:00" endTime="2022-06-13T21:11:35.1750517+02:00" testType="13cdc9d9-ddb5-4fa4-a97d-d965ccfc6d4b" outcome="Passed" testListId="8c84fa94-04c1-424b-9868-57a2d4851a1d" relativeResultsDirectory="912ce585-709a-4efb-accc-6576b36bfbb8" />
    <UnitTestResult executionId="326a5041-abd0-40ac-91d4-2a71f4fcd9cc" testId="df11cddb-3686-4ff7-abbc-430e3ceb2984" testName="FormatToStringTest1000 (97129.75160633575,97129.75 zł)" computerName="DESKTOP-5URQ9PB" duration="00:00:00.0000063" startTime="2022-06-13T21:11:34.9772472+02:00" endTime="2022-06-13T21:11:34.9773132+02:00" testType="13cdc9d9-ddb5-4fa4-a97d-d965ccfc6d4b" outcome="Passed" testListId="8c84fa94-04c1-424b-9868-57a2d4851a1d" relativeResultsDirectory="326a5041-abd0-40ac-91d4-2a71f4fcd9cc" />
    <UnitTestResult executionId="f02d6dd6-8790-4c3a-aaea-4abe78603c29" testId="24ed55a9-8d32-48d7-872b-a8504cd9a4b4" testName="FormatToStringTest1000 (759.247198292635,759.25 zł)" computerName="DESKTOP-5URQ9PB" duration="00:00:00.0000068" startTime="2022-06-13T21:11:34.9686633+02:00" endTime="2022-06-13T21:11:34.9687392+02:00" testType="13cdc9d9-ddb5-4fa4-a97d-d965ccfc6d4b" outcome="Passed" testListId="8c84fa94-04c1-424b-9868-57a2d4851a1d" relativeResultsDirectory="f02d6dd6-8790-4c3a-aaea-4abe78603c29" />
    <UnitTestResult executionId="3a67846a-4880-4a09-8f67-b0949aad5adf" testId="5ff89ce7-309a-4105-b8e7-2e6d3808c415" testName="FormatToStringTest1000 (29508.077101491428,29508.08 zł)" computerName="DESKTOP-5URQ9PB" duration="00:00:00.0000065" startTime="2022-06-13T21:11:34.8958953+02:00" endTime="2022-06-13T21:11:34.8959629+02:00" testType="13cdc9d9-ddb5-4fa4-a97d-d965ccfc6d4b" outcome="Passed" testListId="8c84fa94-04c1-424b-9868-57a2d4851a1d" relativeResultsDirectory="3a67846a-4880-4a09-8f67-b0949aad5adf" />
    <UnitTestResult executionId="12ce626f-633f-43ca-8b78-5f6444696026" testId="f1b2afbe-5686-4c67-916c-2d8444374350" testName="FormatToStringTest1000 (50413.517583300134,50413.52 zł)" computerName="DESKTOP-5URQ9PB" duration="00:00:00.0000066" startTime="2022-06-13T21:11:35.1147413+02:00" endTime="2022-06-13T21:11:35.1148097+02:00" testType="13cdc9d9-ddb5-4fa4-a97d-d965ccfc6d4b" outcome="Passed" testListId="8c84fa94-04c1-424b-9868-57a2d4851a1d" relativeResultsDirectory="12ce626f-633f-43ca-8b78-5f6444696026" />
    <UnitTestResult executionId="e7c5a4e7-81b5-4d30-b5b5-f49e1eb6ab91" testId="29ba27ee-c1ad-4d24-b8ec-561f5ca41024" testName="FormatToStringTest1000 (65963.39932440939,65963.40 zł)" computerName="DESKTOP-5URQ9PB" duration="00:00:00.0000066" startTime="2022-06-13T21:11:35.1831199+02:00" endTime="2022-06-13T21:11:35.1831858+02:00" testType="13cdc9d9-ddb5-4fa4-a97d-d965ccfc6d4b" outcome="Passed" testListId="8c84fa94-04c1-424b-9868-57a2d4851a1d" relativeResultsDirectory="e7c5a4e7-81b5-4d30-b5b5-f49e1eb6ab91" />
    <UnitTestResult executionId="2f49ace1-ec71-4c55-b65b-73ef0ba2ffb5" testId="49a6a8d6-459e-4fc4-a9e0-8ecb78545ad5" testName="FormatToStringTest1000 (6466.872242818062,6466.87 zł)" computerName="DESKTOP-5URQ9PB" duration="00:00:00.0000063" startTime="2022-06-13T21:11:35.1169611+02:00" endTime="2022-06-13T21:11:35.1170258+02:00" testType="13cdc9d9-ddb5-4fa4-a97d-d965ccfc6d4b" outcome="Passed" testListId="8c84fa94-04c1-424b-9868-57a2d4851a1d" relativeResultsDirectory="2f49ace1-ec71-4c55-b65b-73ef0ba2ffb5" />
    <UnitTestResult executionId="0ed4fc26-ad3c-4a56-a099-da4453af68bd" testId="c06e007a-c141-4cc1-9e17-8bdebb63c818" testName="FormatToStringTest1000 (17232.486162219426,17232.49 zł)" computerName="DESKTOP-5URQ9PB" duration="00:00:00.0000065" startTime="2022-06-13T21:11:34.9720550+02:00" endTime="2022-06-13T21:11:34.9721291+02:00" testType="13cdc9d9-ddb5-4fa4-a97d-d965ccfc6d4b" outcome="Passed" testListId="8c84fa94-04c1-424b-9868-57a2d4851a1d" relativeResultsDirectory="0ed4fc26-ad3c-4a56-a099-da4453af68bd" />
    <UnitTestResult executionId="17d46ef1-c0ba-4eb6-93c7-323981008c9d" testId="a638fa14-088f-460a-9da7-8d96298f3a1b" testName="FormatToStringTest1000 (31163.834562352316,31163.83 zł)" computerName="DESKTOP-5URQ9PB" duration="00:00:00.0000065" startTime="2022-06-13T21:11:35.1414000+02:00" endTime="2022-06-13T21:11:35.1414661+02:00" testType="13cdc9d9-ddb5-4fa4-a97d-d965ccfc6d4b" outcome="Passed" testListId="8c84fa94-04c1-424b-9868-57a2d4851a1d" relativeResultsDirectory="17d46ef1-c0ba-4eb6-93c7-323981008c9d" />
    <UnitTestResult executionId="ab9215b0-d071-4d71-8afd-b10644a11619" testId="9200598c-e367-43a8-a005-1d6d101287f8" testName="FormatToStringTest1000 (12118.31777677048,12118.32 zł)" computerName="DESKTOP-5URQ9PB" duration="00:00:00.0000101" startTime="2022-06-13T21:11:35.1464368+02:00" endTime="2022-06-13T21:11:35.1465210+02:00" testType="13cdc9d9-ddb5-4fa4-a97d-d965ccfc6d4b" outcome="Passed" testListId="8c84fa94-04c1-424b-9868-57a2d4851a1d" relativeResultsDirectory="ab9215b0-d071-4d71-8afd-b10644a11619" />
    <UnitTestResult executionId="cd7b5264-4941-483d-903d-24fbf375cac2" testId="40d78432-4497-4689-b2b1-bd5ec0c00dac" testName="FormatToStringTest1000 (14635.510547500808,14635.51 zł)" computerName="DESKTOP-5URQ9PB" duration="00:00:00.0000071" startTime="2022-06-13T21:11:35.1113962+02:00" endTime="2022-06-13T21:11:35.1114825+02:00" testType="13cdc9d9-ddb5-4fa4-a97d-d965ccfc6d4b" outcome="Passed" testListId="8c84fa94-04c1-424b-9868-57a2d4851a1d" relativeResultsDirectory="cd7b5264-4941-483d-903d-24fbf375cac2" />
    <UnitTestResult executionId="dc238224-91bd-44d2-984f-08b11188f92f" testId="cfff04c6-b801-48ed-9317-31a2de0e1059" testName="FormatToStringTest1000 (11181.228339251702,11181.23 zł)" computerName="DESKTOP-5URQ9PB" duration="00:00:00.0000095" startTime="2022-06-13T21:11:35.2046054+02:00" endTime="2022-06-13T21:11:35.2047009+02:00" testType="13cdc9d9-ddb5-4fa4-a97d-d965ccfc6d4b" outcome="Passed" testListId="8c84fa94-04c1-424b-9868-57a2d4851a1d" relativeResultsDirectory="dc238224-91bd-44d2-984f-08b11188f92f" />
    <UnitTestResult executionId="1cda41a7-3f31-405c-82bc-f34d62eecf19" testId="71015ae5-81ab-4e34-b1dc-fc37b723af1f" testName="FormatToStringTest1000 (93775.33090185716,93775.33 zł)" computerName="DESKTOP-5URQ9PB" duration="00:00:00.0000064" startTime="2022-06-13T21:11:35.1119118+02:00" endTime="2022-06-13T21:11:35.1119761+02:00" testType="13cdc9d9-ddb5-4fa4-a97d-d965ccfc6d4b" outcome="Passed" testListId="8c84fa94-04c1-424b-9868-57a2d4851a1d" relativeResultsDirectory="1cda41a7-3f31-405c-82bc-f34d62eecf19" />
    <UnitTestResult executionId="c543d718-cb01-4c71-b6ea-074e48ff15a7" testId="ab957319-f1a8-40f1-872b-11c871648ea8" testName="FormatToStringTest1000 (52810.91713865516,52810.92 zł)" computerName="DESKTOP-5URQ9PB" duration="00:00:00.0000066" startTime="2022-06-13T21:11:34.8038401+02:00" endTime="2022-06-13T21:11:34.8039072+02:00" testType="13cdc9d9-ddb5-4fa4-a97d-d965ccfc6d4b" outcome="Passed" testListId="8c84fa94-04c1-424b-9868-57a2d4851a1d" relativeResultsDirectory="c543d718-cb01-4c71-b6ea-074e48ff15a7" />
    <UnitTestResult executionId="686b3c0f-88b0-410f-9a2c-86af8afffcd2" testId="9590389e-5013-44d8-b56f-270c13232924" testName="FormatToStringTest1000 (12370.243090209198,12370.24 zł)" computerName="DESKTOP-5URQ9PB" duration="00:00:00.0000293" startTime="2022-06-13T21:11:35.0528701+02:00" endTime="2022-06-13T21:11:35.0532014+02:00" testType="13cdc9d9-ddb5-4fa4-a97d-d965ccfc6d4b" outcome="Passed" testListId="8c84fa94-04c1-424b-9868-57a2d4851a1d" relativeResultsDirectory="686b3c0f-88b0-410f-9a2c-86af8afffcd2" />
    <UnitTestResult executionId="8bc99c75-4695-4bd8-a7ca-3ed69b011b66" testId="ba29ca42-dab8-4b47-a5b4-4dd3e5033b0b" testName="FormatToStringTest1000 (6173.0243155793405,6173.02 zł)" computerName="DESKTOP-5URQ9PB" duration="00:00:00.0000064" startTime="2022-06-13T21:11:35.1072205+02:00" endTime="2022-06-13T21:11:35.1072864+02:00" testType="13cdc9d9-ddb5-4fa4-a97d-d965ccfc6d4b" outcome="Passed" testListId="8c84fa94-04c1-424b-9868-57a2d4851a1d" relativeResultsDirectory="8bc99c75-4695-4bd8-a7ca-3ed69b011b66" />
    <UnitTestResult executionId="0fdbabd2-659e-4a3f-b3bd-abd5505fe610" testId="fb8aca1c-43de-4332-920e-28196d1b6c9b" testName="FormatToStringTest1000 (395.45790295882983,395.46 zł)" computerName="DESKTOP-5URQ9PB" duration="00:00:00.0000065" startTime="2022-06-13T21:11:35.0172601+02:00" endTime="2022-06-13T21:11:35.0173315+02:00" testType="13cdc9d9-ddb5-4fa4-a97d-d965ccfc6d4b" outcome="Passed" testListId="8c84fa94-04c1-424b-9868-57a2d4851a1d" relativeResultsDirectory="0fdbabd2-659e-4a3f-b3bd-abd5505fe610" />
    <UnitTestResult executionId="c9fc1563-a85b-4aa4-8a2c-7f1bd3221141" testId="649f50eb-866f-4508-8683-5b36ae96baee" testName="FormatToStringTest1000 (11100.829211263372,11100.83 zł)" computerName="DESKTOP-5URQ9PB" duration="00:00:00.0000065" startTime="2022-06-13T21:11:34.8522615+02:00" endTime="2022-06-13T21:11:34.8523358+02:00" testType="13cdc9d9-ddb5-4fa4-a97d-d965ccfc6d4b" outcome="Passed" testListId="8c84fa94-04c1-424b-9868-57a2d4851a1d" relativeResultsDirectory="c9fc1563-a85b-4aa4-8a2c-7f1bd3221141" />
    <UnitTestResult executionId="b892088c-34f7-467d-9557-6db835871ada" testId="1356944f-1eb8-4667-b8c4-c410dc7dfbb2" testName="FormatToStringTest1000 (18032.4720825476,18032.47 zł)" computerName="DESKTOP-5URQ9PB" duration="00:00:00.0000066" startTime="2022-06-13T21:11:35.1833757+02:00" endTime="2022-06-13T21:11:35.1834392+02:00" testType="13cdc9d9-ddb5-4fa4-a97d-d965ccfc6d4b" outcome="Passed" testListId="8c84fa94-04c1-424b-9868-57a2d4851a1d" relativeResultsDirectory="b892088c-34f7-467d-9557-6db835871ada" />
    <UnitTestResult executionId="c2a541ed-7c4d-4eae-992f-e1472605e6cf" testId="f8b5278b-04d5-47ab-966a-6778bd679015" testName="FormatToStringTest1000 (39146.892120180135,39146.89 zł)" computerName="DESKTOP-5URQ9PB" duration="00:00:00.0000065" startTime="2022-06-13T21:11:35.1906821+02:00" endTime="2022-06-13T21:11:35.1907473+02:00" testType="13cdc9d9-ddb5-4fa4-a97d-d965ccfc6d4b" outcome="Passed" testListId="8c84fa94-04c1-424b-9868-57a2d4851a1d" relativeResultsDirectory="c2a541ed-7c4d-4eae-992f-e1472605e6cf" />
    <UnitTestResult executionId="e74e30be-59f3-4b09-a50f-8c19c3dbd3f4" testId="3c00b0df-d16c-43d0-9b00-21e61737aaa4" testName="FormatToStringTest1000 (14137.400697779563,14137.40 zł)" computerName="DESKTOP-5URQ9PB" duration="00:00:00.0000096" startTime="2022-06-13T21:11:35.2044786+02:00" endTime="2022-06-13T21:11:35.2045792+02:00" testType="13cdc9d9-ddb5-4fa4-a97d-d965ccfc6d4b" outcome="Passed" testListId="8c84fa94-04c1-424b-9868-57a2d4851a1d" relativeResultsDirectory="e74e30be-59f3-4b09-a50f-8c19c3dbd3f4" />
    <UnitTestResult executionId="18a0c8c0-6828-4811-a1a8-c539d8d0563d" testId="92dda752-e9d0-4a68-a5d8-67ea5cd0ee6f" testName="FormatToStringTest1000 (13455.521105358153,13455.52 zł)" computerName="DESKTOP-5URQ9PB" duration="00:00:00.0000070" startTime="2022-06-13T21:11:35.1519172+02:00" endTime="2022-06-13T21:11:35.1519842+02:00" testType="13cdc9d9-ddb5-4fa4-a97d-d965ccfc6d4b" outcome="Passed" testListId="8c84fa94-04c1-424b-9868-57a2d4851a1d" relativeResultsDirectory="18a0c8c0-6828-4811-a1a8-c539d8d0563d" />
    <UnitTestResult executionId="24629996-c8b0-43f0-81d0-484cf3654899" testId="db87c8c8-cb5a-459c-933b-0ff13d30a262" testName="FormatToStringTest1000 (5870.791169434223,5870.79 zł)" computerName="DESKTOP-5URQ9PB" duration="00:00:00.0000066" startTime="2022-06-13T21:11:35.0139085+02:00" endTime="2022-06-13T21:11:35.0139759+02:00" testType="13cdc9d9-ddb5-4fa4-a97d-d965ccfc6d4b" outcome="Passed" testListId="8c84fa94-04c1-424b-9868-57a2d4851a1d" relativeResultsDirectory="24629996-c8b0-43f0-81d0-484cf3654899" />
    <UnitTestResult executionId="797b83d7-230a-406d-9d91-acbdf4478c69" testId="fa08e95f-b5be-430b-b914-d0201a29a6e8" testName="FormatToStringTest1000 (27751.474436297303,27751.47 zł)" computerName="DESKTOP-5URQ9PB" duration="00:00:00.0000063" startTime="2022-06-13T21:11:35.1330296+02:00" endTime="2022-06-13T21:11:35.1330961+02:00" testType="13cdc9d9-ddb5-4fa4-a97d-d965ccfc6d4b" outcome="Passed" testListId="8c84fa94-04c1-424b-9868-57a2d4851a1d" relativeResultsDirectory="797b83d7-230a-406d-9d91-acbdf4478c69" />
    <UnitTestResult executionId="998f7071-5a7d-42c1-b002-09a52d15de50" testId="95fd4e19-bb97-4e81-aaab-b7f668e17da2" testName="FormatToStringTest1000 (45070.5442499493,45070.54 zł)" computerName="DESKTOP-5URQ9PB" duration="00:00:00.0000066" startTime="2022-06-13T21:11:35.1418086+02:00" endTime="2022-06-13T21:11:35.1418707+02:00" testType="13cdc9d9-ddb5-4fa4-a97d-d965ccfc6d4b" outcome="Passed" testListId="8c84fa94-04c1-424b-9868-57a2d4851a1d" relativeResultsDirectory="998f7071-5a7d-42c1-b002-09a52d15de50" />
    <UnitTestResult executionId="0ea39bee-fb50-408a-bfbb-b0cdf7b9cba6" testId="1bb4e6cf-d6ea-4072-8c5b-51a1068ae8b0" testName="FormatToStringTest1000 (13582.47117894258,13582.47 zł)" computerName="DESKTOP-5URQ9PB" duration="00:00:00.0000064" startTime="2022-06-13T21:11:34.9134838+02:00" endTime="2022-06-13T21:11:34.9135514+02:00" testType="13cdc9d9-ddb5-4fa4-a97d-d965ccfc6d4b" outcome="Passed" testListId="8c84fa94-04c1-424b-9868-57a2d4851a1d" relativeResultsDirectory="0ea39bee-fb50-408a-bfbb-b0cdf7b9cba6" />
    <UnitTestResult executionId="a914d0a5-4fcd-4304-871b-dbf716486afe" testId="02fa555b-68ab-42ba-bf57-4b52f2d307fb" testName="FormatToStringTest1000 (9503.466049463705,9503.47 zł)" computerName="DESKTOP-5URQ9PB" duration="00:00:00.0000065" startTime="2022-06-13T21:11:35.0901715+02:00" endTime="2022-06-13T21:11:35.0902375+02:00" testType="13cdc9d9-ddb5-4fa4-a97d-d965ccfc6d4b" outcome="Passed" testListId="8c84fa94-04c1-424b-9868-57a2d4851a1d" relativeResultsDirectory="a914d0a5-4fcd-4304-871b-dbf716486afe" />
    <UnitTestResult executionId="e25089f8-29e9-478d-8697-aa2c03f3e076" testId="6ba0dfb7-77f1-4100-87aa-ecd2a455c171" testName="FormatToStringTest1000 (76751.79413498091,76751.79 zł)" computerName="DESKTOP-5URQ9PB" duration="00:00:00.0000072" startTime="2022-06-13T21:11:35.0653629+02:00" endTime="2022-06-13T21:11:35.0654513+02:00" testType="13cdc9d9-ddb5-4fa4-a97d-d965ccfc6d4b" outcome="Passed" testListId="8c84fa94-04c1-424b-9868-57a2d4851a1d" relativeResultsDirectory="e25089f8-29e9-478d-8697-aa2c03f3e076" />
    <UnitTestResult executionId="f869e5db-81be-45a6-8e2f-7546a7c70851" testId="242d0355-f71b-440a-a21f-0a1bf0af2e75" testName="FormatToStringTest1000 (56378.261944644735,56378.26 zł)" computerName="DESKTOP-5URQ9PB" duration="00:00:00.0000065" startTime="2022-06-13T21:11:34.9800553+02:00" endTime="2022-06-13T21:11:34.9801229+02:00" testType="13cdc9d9-ddb5-4fa4-a97d-d965ccfc6d4b" outcome="Passed" testListId="8c84fa94-04c1-424b-9868-57a2d4851a1d" relativeResultsDirectory="f869e5db-81be-45a6-8e2f-7546a7c70851" />
    <UnitTestResult executionId="1fbd4112-9231-452f-ac50-d329d6ae4581" testId="c5563dfd-148c-45ce-a50b-b52419f79e19" testName="FormatToStringTest1000 (57713.01647853712,57713.02 zł)" computerName="DESKTOP-5URQ9PB" duration="00:00:00.0000064" startTime="2022-06-13T21:11:35.0831289+02:00" endTime="2022-06-13T21:11:35.0831964+02:00" testType="13cdc9d9-ddb5-4fa4-a97d-d965ccfc6d4b" outcome="Passed" testListId="8c84fa94-04c1-424b-9868-57a2d4851a1d" relativeResultsDirectory="1fbd4112-9231-452f-ac50-d329d6ae4581" />
    <UnitTestResult executionId="41fd3ca9-10a3-4847-bc6e-3dfa42e3903b" testId="84cf739a-c9a5-4132-afc0-90312cb4dd5d" testName="FormatToStringTest1000 (4652.407073443945,4652.41 zł)" computerName="DESKTOP-5URQ9PB" duration="00:00:00.0000645" startTime="2022-06-13T21:11:35.0425159+02:00" endTime="2022-06-13T21:11:35.0436115+02:00" testType="13cdc9d9-ddb5-4fa4-a97d-d965ccfc6d4b" outcome="Passed" testListId="8c84fa94-04c1-424b-9868-57a2d4851a1d" relativeResultsDirectory="41fd3ca9-10a3-4847-bc6e-3dfa42e3903b" />
    <UnitTestResult executionId="fc4be854-daa9-41cf-bb6d-4847e5e09590" testId="853f83c7-d0a8-4c01-907b-4c376952b152" testName="FormatToStringTest1000 (13323.876109275909,13323.88 zł)" computerName="DESKTOP-5URQ9PB" duration="00:00:00.0000063" startTime="2022-06-13T21:11:35.1675655+02:00" endTime="2022-06-13T21:11:35.1676301+02:00" testType="13cdc9d9-ddb5-4fa4-a97d-d965ccfc6d4b" outcome="Passed" testListId="8c84fa94-04c1-424b-9868-57a2d4851a1d" relativeResultsDirectory="fc4be854-daa9-41cf-bb6d-4847e5e09590" />
    <UnitTestResult executionId="30398e0f-3893-43b5-b2ab-8d52afb6d8a4" testId="678706e9-d8e4-4675-95f5-7f1d50f1c08d" testName="FormatToStringTest1000 (9558.453124931293,9558.45 zł)" computerName="DESKTOP-5URQ9PB" duration="00:00:00.0000063" startTime="2022-06-13T21:11:34.9587043+02:00" endTime="2022-06-13T21:11:34.9587716+02:00" testType="13cdc9d9-ddb5-4fa4-a97d-d965ccfc6d4b" outcome="Passed" testListId="8c84fa94-04c1-424b-9868-57a2d4851a1d" relativeResultsDirectory="30398e0f-3893-43b5-b2ab-8d52afb6d8a4" />
    <UnitTestResult executionId="0b7d06cd-67de-4715-b894-f382b9872d92" testId="be1d9531-1068-4185-928d-293e337de94e" testName="FormatToStringTest1000 (40268.121943438484,40268.12 zł)" computerName="DESKTOP-5URQ9PB" duration="00:00:00.0000094" startTime="2022-06-13T21:11:34.9724449+02:00" endTime="2022-06-13T21:11:34.9725309+02:00" testType="13cdc9d9-ddb5-4fa4-a97d-d965ccfc6d4b" outcome="Passed" testListId="8c84fa94-04c1-424b-9868-57a2d4851a1d" relativeResultsDirectory="0b7d06cd-67de-4715-b894-f382b9872d92" />
    <UnitTestResult executionId="2341d267-b8e1-45a3-a0b4-0be9ffe8bd30" testId="3eb2d742-5746-48f3-8c88-1e9bdc103efe" testName="FormatToStringTest1000 (28192.949128067565,28192.95 zł)" computerName="DESKTOP-5URQ9PB" duration="00:00:00.0000064" startTime="2022-06-13T21:11:34.8613344+02:00" endTime="2022-06-13T21:11:34.8614071+02:00" testType="13cdc9d9-ddb5-4fa4-a97d-d965ccfc6d4b" outcome="Passed" testListId="8c84fa94-04c1-424b-9868-57a2d4851a1d" relativeResultsDirectory="2341d267-b8e1-45a3-a0b4-0be9ffe8bd30" />
    <UnitTestResult executionId="6739685a-8624-4661-b787-0a747aec1ae8" testId="1a477760-2e21-4a48-ac60-30efd2b8b9f9" testName="FormatToStringTest1000 (8542.520616738833,8542.52 zł)" computerName="DESKTOP-5URQ9PB" duration="00:00:00.0000076" startTime="2022-06-13T21:11:35.1329353+02:00" endTime="2022-06-13T21:11:35.1330117+02:00" testType="13cdc9d9-ddb5-4fa4-a97d-d965ccfc6d4b" outcome="Passed" testListId="8c84fa94-04c1-424b-9868-57a2d4851a1d" relativeResultsDirectory="6739685a-8624-4661-b787-0a747aec1ae8" />
    <UnitTestResult executionId="0ea0f2a1-6898-4314-ac2c-699254a21f5e" testId="136276ba-52b5-4f48-bf20-33997b7ce710" testName="FormatToStringTest1000 (10784.438152511344,10784.44 zł)" computerName="DESKTOP-5URQ9PB" duration="00:00:00.0000156" startTime="2022-06-13T21:11:34.8914434+02:00" endTime="2022-06-13T21:11:34.8916290+02:00" testType="13cdc9d9-ddb5-4fa4-a97d-d965ccfc6d4b" outcome="Passed" testListId="8c84fa94-04c1-424b-9868-57a2d4851a1d" relativeResultsDirectory="0ea0f2a1-6898-4314-ac2c-699254a21f5e" />
    <UnitTestResult executionId="b23b237e-5510-450c-b1e6-273717acdb8d" testId="b4a2122c-599c-470c-84ac-22be2ade1260" testName="FormatToStringTest1000 (49037.8109120586,49037.81 zł)" computerName="DESKTOP-5URQ9PB" duration="00:00:00.0000119" startTime="2022-06-13T21:11:35.1748271+02:00" endTime="2022-06-13T21:11:35.1749542+02:00" testType="13cdc9d9-ddb5-4fa4-a97d-d965ccfc6d4b" outcome="Passed" testListId="8c84fa94-04c1-424b-9868-57a2d4851a1d" relativeResultsDirectory="b23b237e-5510-450c-b1e6-273717acdb8d" />
    <UnitTestResult executionId="9e64e046-748f-4ac9-b744-6252809df964" testId="d88c1192-b224-4a30-96ac-c60745a93b2a" testName="FormatToStringTest1000 (31391.358864880804,31391.36 zł)" computerName="DESKTOP-5URQ9PB" duration="00:00:00.0000064" startTime="2022-06-13T21:11:35.1654040+02:00" endTime="2022-06-13T21:11:35.1654691+02:00" testType="13cdc9d9-ddb5-4fa4-a97d-d965ccfc6d4b" outcome="Passed" testListId="8c84fa94-04c1-424b-9868-57a2d4851a1d" relativeResultsDirectory="9e64e046-748f-4ac9-b744-6252809df964" />
    <UnitTestResult executionId="525eb716-d8c5-45cb-b984-12863405daae" testId="b2975b45-10a1-42ed-9302-9a30a0c508fd" testName="FormatToStringTest1000 (38402.8293406753,38402.83 zł)" computerName="DESKTOP-5URQ9PB" duration="00:00:00.0000068" startTime="2022-06-13T21:11:35.1331959+02:00" endTime="2022-06-13T21:11:35.1332665+02:00" testType="13cdc9d9-ddb5-4fa4-a97d-d965ccfc6d4b" outcome="Passed" testListId="8c84fa94-04c1-424b-9868-57a2d4851a1d" relativeResultsDirectory="525eb716-d8c5-45cb-b984-12863405daae" />
    <UnitTestResult executionId="6f8a98d2-8296-4527-9234-63b40b9d616e" testId="4100e00c-39f4-4ae8-8543-01f7b1db72a5" testName="FormatToStringTest1000 (52020.805412759444,52020.81 zł)" computerName="DESKTOP-5URQ9PB" duration="00:00:00.0000067" startTime="2022-06-13T21:11:34.8747405+02:00" endTime="2022-06-13T21:11:34.8748142+02:00" testType="13cdc9d9-ddb5-4fa4-a97d-d965ccfc6d4b" outcome="Passed" testListId="8c84fa94-04c1-424b-9868-57a2d4851a1d" relativeResultsDirectory="6f8a98d2-8296-4527-9234-63b40b9d616e" />
    <UnitTestResult executionId="cf85b94b-9c96-4cd4-9508-b65d08ec0f2c" testId="1a31a351-641b-44fc-aec7-991dec2909f7" testName="FormatToStringTest1000 (16986.338876065027,16986.34 zł)" computerName="DESKTOP-5URQ9PB" duration="00:00:00.0000080" startTime="2022-06-13T21:11:34.8670158+02:00" endTime="2022-06-13T21:11:34.8670892+02:00" testType="13cdc9d9-ddb5-4fa4-a97d-d965ccfc6d4b" outcome="Passed" testListId="8c84fa94-04c1-424b-9868-57a2d4851a1d" relativeResultsDirectory="cf85b94b-9c96-4cd4-9508-b65d08ec0f2c" />
    <UnitTestResult executionId="991fe181-5c40-43d6-9dfb-339db6f14b75" testId="13d7f555-8315-41d4-b3df-b13386f3c49c" testName="FormatToStringTest1000 (47431.868885526375,47431.87 zł)" computerName="DESKTOP-5URQ9PB" duration="00:00:00.0000066" startTime="2022-06-13T21:11:35.0829465+02:00" endTime="2022-06-13T21:11:35.0830181+02:00" testType="13cdc9d9-ddb5-4fa4-a97d-d965ccfc6d4b" outcome="Passed" testListId="8c84fa94-04c1-424b-9868-57a2d4851a1d" relativeResultsDirectory="991fe181-5c40-43d6-9dfb-339db6f14b75" />
    <UnitTestResult executionId="4c595cc2-34d3-4997-9eb3-67cbdbd57397" testId="766630d4-cab1-4877-9381-eeb37fcebeca" testName="FormatToStringTest1000 (18340.8953197882,18340.90 zł)" computerName="DESKTOP-5URQ9PB" duration="00:00:00.0000178" startTime="2022-06-13T21:11:35.1779183+02:00" endTime="2022-06-13T21:11:35.1781280+02:00" testType="13cdc9d9-ddb5-4fa4-a97d-d965ccfc6d4b" outcome="Passed" testListId="8c84fa94-04c1-424b-9868-57a2d4851a1d" relativeResultsDirectory="4c595cc2-34d3-4997-9eb3-67cbdbd57397" />
    <UnitTestResult executionId="852a8b47-925c-4867-aa2d-78f29a2b5de7" testId="75602d42-184a-414e-87e5-1950ee54a94a" testName="FormatToStringTest1000 (27027.327683509946,27027.33 zł)" computerName="DESKTOP-5URQ9PB" duration="00:00:00.0000066" startTime="2022-06-13T21:11:34.9221129+02:00" endTime="2022-06-13T21:11:34.9221804+02:00" testType="13cdc9d9-ddb5-4fa4-a97d-d965ccfc6d4b" outcome="Passed" testListId="8c84fa94-04c1-424b-9868-57a2d4851a1d" relativeResultsDirectory="852a8b47-925c-4867-aa2d-78f29a2b5de7" />
    <UnitTestResult executionId="1a803689-d701-4afa-abb5-83d1457299aa" testId="74404b40-b618-46db-bf2c-6be02b73bc0c" testName="FormatToStringTest1000 (41873.517751020154,41873.52 zł)" computerName="DESKTOP-5URQ9PB" duration="00:00:00.0000139" startTime="2022-06-13T21:11:35.2090232+02:00" endTime="2022-06-13T21:11:35.2091945+02:00" testType="13cdc9d9-ddb5-4fa4-a97d-d965ccfc6d4b" outcome="Passed" testListId="8c84fa94-04c1-424b-9868-57a2d4851a1d" relativeResultsDirectory="1a803689-d701-4afa-abb5-83d1457299aa" />
    <UnitTestResult executionId="327be68a-e561-459d-b0a1-5961182464ca" testId="d18b41b0-7736-4111-9d0b-9ae352a09b21" testName="FormatToStringTest1000 (31340.79231238914,31340.79 zł)" computerName="DESKTOP-5URQ9PB" duration="00:00:00.0000104" startTime="2022-06-13T21:11:34.9348076+02:00" endTime="2022-06-13T21:11:34.9349085+02:00" testType="13cdc9d9-ddb5-4fa4-a97d-d965ccfc6d4b" outcome="Passed" testListId="8c84fa94-04c1-424b-9868-57a2d4851a1d" relativeResultsDirectory="327be68a-e561-459d-b0a1-5961182464ca" />
    <UnitTestResult executionId="36372537-6f45-4188-aa80-41d4dc3eb3ba" testId="d55609db-6dce-4b85-9873-49e936b5d608" testName="FormatToStringTest1000 (16825.83099003268,16825.83 zł)" computerName="DESKTOP-5URQ9PB" duration="00:00:00.0000064" startTime="2022-06-13T21:11:35.1231568+02:00" endTime="2022-06-13T21:11:35.1232211+02:00" testType="13cdc9d9-ddb5-4fa4-a97d-d965ccfc6d4b" outcome="Passed" testListId="8c84fa94-04c1-424b-9868-57a2d4851a1d" relativeResultsDirectory="36372537-6f45-4188-aa80-41d4dc3eb3ba" />
    <UnitTestResult executionId="5cb41956-46ff-4745-8e6e-de5151415534" testId="961ed9cf-1a02-48bf-b087-24c48a3e875e" testName="FormatToStringTest1000 (47630.39193684067,47630.39 zł)" computerName="DESKTOP-5URQ9PB" duration="00:00:00.0000063" startTime="2022-06-13T21:11:34.9025556+02:00" endTime="2022-06-13T21:11:34.9026237+02:00" testType="13cdc9d9-ddb5-4fa4-a97d-d965ccfc6d4b" outcome="Passed" testListId="8c84fa94-04c1-424b-9868-57a2d4851a1d" relativeResultsDirectory="5cb41956-46ff-4745-8e6e-de5151415534" />
    <UnitTestResult executionId="4ef3c5c6-790b-4405-a267-2cc2c2e443c0" testId="b85522e1-5bc8-4195-ad77-68d3caaf2daa" testName="FormatToStringTest1000 (1187.8237780126854,1187.82 zł)" computerName="DESKTOP-5URQ9PB" duration="00:00:00.0000072" startTime="2022-06-13T21:11:35.1515609+02:00" endTime="2022-06-13T21:11:35.1516423+02:00" testType="13cdc9d9-ddb5-4fa4-a97d-d965ccfc6d4b" outcome="Passed" testListId="8c84fa94-04c1-424b-9868-57a2d4851a1d" relativeResultsDirectory="4ef3c5c6-790b-4405-a267-2cc2c2e443c0" />
    <UnitTestResult executionId="fbc60511-cb38-4b29-ad00-be651504ad8a" testId="a2c8cb8c-780d-4ed1-bb47-bfa1c2efa43d" testName="FormatToStringTest1000 (11829.625994884234,11829.63 zł)" computerName="DESKTOP-5URQ9PB" duration="00:00:00.0000078" startTime="2022-06-13T21:11:35.0331412+02:00" endTime="2022-06-13T21:11:35.0332290+02:00" testType="13cdc9d9-ddb5-4fa4-a97d-d965ccfc6d4b" outcome="Passed" testListId="8c84fa94-04c1-424b-9868-57a2d4851a1d" relativeResultsDirectory="fbc60511-cb38-4b29-ad00-be651504ad8a" />
    <UnitTestResult executionId="309ee70a-2610-4f89-93a4-2da8a54b4b2d" testId="957f9666-f2c7-4165-bdf6-dda245cf7d11" testName="FormatToStringTest1000 (8599.45217413616,8599.45 zł)" computerName="DESKTOP-5URQ9PB" duration="00:00:00.0000077" startTime="2022-06-13T21:11:34.9180100+02:00" endTime="2022-06-13T21:11:34.9180805+02:00" testType="13cdc9d9-ddb5-4fa4-a97d-d965ccfc6d4b" outcome="Passed" testListId="8c84fa94-04c1-424b-9868-57a2d4851a1d" relativeResultsDirectory="309ee70a-2610-4f89-93a4-2da8a54b4b2d" />
    <UnitTestResult executionId="c3aca12b-b2c5-49aa-8a4b-f1ac2c0a5ed7" testId="edf67faf-77de-4faa-8da2-d7c41f7bb7bd" testName="FormatToStringTest1000 (65204.90483536055,65204.90 zł)" computerName="DESKTOP-5URQ9PB" duration="00:00:00.0000144" startTime="2022-06-13T21:11:35.1851065+02:00" endTime="2022-06-13T21:11:35.1852660+02:00" testType="13cdc9d9-ddb5-4fa4-a97d-d965ccfc6d4b" outcome="Passed" testListId="8c84fa94-04c1-424b-9868-57a2d4851a1d" relativeResultsDirectory="c3aca12b-b2c5-49aa-8a4b-f1ac2c0a5ed7" />
    <UnitTestResult executionId="3cd5fe69-2fcc-444b-90fd-601a40299326" testId="5b1b2e4d-5761-46a2-9815-915460a8639b" testName="FormatToStringTest1000 (5247.779940802501,5247.78 zł)" computerName="DESKTOP-5URQ9PB" duration="00:00:00.0000064" startTime="2022-06-13T21:11:35.2068118+02:00" endTime="2022-06-13T21:11:35.2068770+02:00" testType="13cdc9d9-ddb5-4fa4-a97d-d965ccfc6d4b" outcome="Passed" testListId="8c84fa94-04c1-424b-9868-57a2d4851a1d" relativeResultsDirectory="3cd5fe69-2fcc-444b-90fd-601a40299326" />
    <UnitTestResult executionId="2ed6586b-d17c-4022-9c9e-eaf1ffc59d60" testId="98696bf1-e33e-4a6c-bf9e-ad70f6c729f8" testName="FormatToStringTest1000 (10534.184353995222,10534.18 zł)" computerName="DESKTOP-5URQ9PB" duration="00:00:00.0000064" startTime="2022-06-13T21:11:34.8959806+02:00" endTime="2022-06-13T21:11:34.8960491+02:00" testType="13cdc9d9-ddb5-4fa4-a97d-d965ccfc6d4b" outcome="Passed" testListId="8c84fa94-04c1-424b-9868-57a2d4851a1d" relativeResultsDirectory="2ed6586b-d17c-4022-9c9e-eaf1ffc59d60" />
    <UnitTestResult executionId="995c9b2b-dc95-430c-9baa-367708a35e83" testId="d114739d-cf41-40c7-9e98-bd70e39cd350" testName="FormatToStringTest1000 (73477.18206926118,73477.18 zł)" computerName="DESKTOP-5URQ9PB" duration="00:00:00.0000065" startTime="2022-06-13T21:11:35.0235879+02:00" endTime="2022-06-13T21:11:35.0236559+02:00" testType="13cdc9d9-ddb5-4fa4-a97d-d965ccfc6d4b" outcome="Passed" testListId="8c84fa94-04c1-424b-9868-57a2d4851a1d" relativeResultsDirectory="995c9b2b-dc95-430c-9baa-367708a35e83" />
    <UnitTestResult executionId="1ed6bada-a0db-43f4-ade6-8c0909f1ad9f" testId="34f78da3-69f1-4f58-a3af-23580e3d9f04" testName="FormatToStringTest1000 (24695.917440203913,24695.92 zł)" computerName="DESKTOP-5URQ9PB" duration="00:00:00.0000064" startTime="2022-06-13T21:11:35.0878502+02:00" endTime="2022-06-13T21:11:35.0879180+02:00" testType="13cdc9d9-ddb5-4fa4-a97d-d965ccfc6d4b" outcome="Passed" testListId="8c84fa94-04c1-424b-9868-57a2d4851a1d" relativeResultsDirectory="1ed6bada-a0db-43f4-ade6-8c0909f1ad9f" />
    <UnitTestResult executionId="fde126c3-6214-4448-8252-d38e681098cf" testId="5a91b710-8934-4dd4-b044-2b91848af174" testName="FormatToStringTest1000 (24251.68593564848,24251.69 zł)" computerName="DESKTOP-5URQ9PB" duration="00:00:00.0000063" startTime="2022-06-13T21:11:35.0687450+02:00" endTime="2022-06-13T21:11:35.0688123+02:00" testType="13cdc9d9-ddb5-4fa4-a97d-d965ccfc6d4b" outcome="Passed" testListId="8c84fa94-04c1-424b-9868-57a2d4851a1d" relativeResultsDirectory="fde126c3-6214-4448-8252-d38e681098cf" />
    <UnitTestResult executionId="64f3d0ce-b256-4091-b181-1dbe167c553a" testId="b1170b55-9884-4cfd-a222-2a9153c86e8b" testName="FormatToStringTest1000 (19189.813662191766,19189.81 zł)" computerName="DESKTOP-5URQ9PB" duration="00:00:00.0000168" startTime="2022-06-13T21:11:35.0094803+02:00" endTime="2022-06-13T21:11:35.0097414+02:00" testType="13cdc9d9-ddb5-4fa4-a97d-d965ccfc6d4b" outcome="Passed" testListId="8c84fa94-04c1-424b-9868-57a2d4851a1d" relativeResultsDirectory="64f3d0ce-b256-4091-b181-1dbe167c553a" />
    <UnitTestResult executionId="8f23b768-d9a0-40e6-b13c-0c6584a0ad78" testId="02b50ae0-dd6a-4bfe-943e-793c3f331f08" testName="FormatToStringTest1000 (38803.03958246253,38803.04 zł)" computerName="DESKTOP-5URQ9PB" duration="00:00:00.0000074" startTime="2022-06-13T21:11:34.9442930+02:00" endTime="2022-06-13T21:11:34.9443934+02:00" testType="13cdc9d9-ddb5-4fa4-a97d-d965ccfc6d4b" outcome="Passed" testListId="8c84fa94-04c1-424b-9868-57a2d4851a1d" relativeResultsDirectory="8f23b768-d9a0-40e6-b13c-0c6584a0ad78" />
    <UnitTestResult executionId="12b94e0e-1b77-4540-8b85-d81fa336715c" testId="745aa092-a023-4f8c-8f2d-fb6421bf282d" testName="FormatToStringTest1000 (14100.01255469211,14100.01 zł)" computerName="DESKTOP-5URQ9PB" duration="00:00:00.0000083" startTime="2022-06-13T21:11:34.9253361+02:00" endTime="2022-06-13T21:11:34.9254359+02:00" testType="13cdc9d9-ddb5-4fa4-a97d-d965ccfc6d4b" outcome="Passed" testListId="8c84fa94-04c1-424b-9868-57a2d4851a1d" relativeResultsDirectory="12b94e0e-1b77-4540-8b85-d81fa336715c" />
    <UnitTestResult executionId="74d79b22-9f87-43ac-a2ac-ff6ae1f4378d" testId="a1a3eaeb-cdc3-407f-b277-914d4d49748b" testName="FormatToStringTest1000 (10762.501695533518,10762.50 zł)" computerName="DESKTOP-5URQ9PB" duration="00:00:00.0000065" startTime="2022-06-13T21:11:35.1167158+02:00" endTime="2022-06-13T21:11:35.1167809+02:00" testType="13cdc9d9-ddb5-4fa4-a97d-d965ccfc6d4b" outcome="Passed" testListId="8c84fa94-04c1-424b-9868-57a2d4851a1d" relativeResultsDirectory="74d79b22-9f87-43ac-a2ac-ff6ae1f4378d" />
    <UnitTestResult executionId="ecaf8927-bbe3-4154-974d-bc38e85da2e9" testId="188bf273-943b-47c0-a7d7-6a9457ef7cb0" testName="FormatToStringTest1000 (972.1468308629221,972.15 zł)" computerName="DESKTOP-5URQ9PB" duration="00:00:00.0000064" startTime="2022-06-13T21:11:35.0953206+02:00" endTime="2022-06-13T21:11:35.0953926+02:00" testType="13cdc9d9-ddb5-4fa4-a97d-d965ccfc6d4b" outcome="Passed" testListId="8c84fa94-04c1-424b-9868-57a2d4851a1d" relativeResultsDirectory="ecaf8927-bbe3-4154-974d-bc38e85da2e9" />
    <UnitTestResult executionId="e3b64d2b-78ce-4d3f-a71e-c2b181013acf" testId="cbdaab77-3e32-4a26-a6c6-1530628e0aa3" testName="FormatToStringTest1000 (1751.7703038522834,1751.77 zł)" computerName="DESKTOP-5URQ9PB" duration="00:00:00.0000065" startTime="2022-06-13T21:11:35.0624734+02:00" endTime="2022-06-13T21:11:35.0625416+02:00" testType="13cdc9d9-ddb5-4fa4-a97d-d965ccfc6d4b" outcome="Passed" testListId="8c84fa94-04c1-424b-9868-57a2d4851a1d" relativeResultsDirectory="e3b64d2b-78ce-4d3f-a71e-c2b181013acf" />
    <UnitTestResult executionId="c7c2b083-893b-4919-bf4a-a3439289f172" testId="36e4dc46-1ad8-4d2a-8892-4a52fcf20bb6" testName="FormatToStringTest1000 (657.5396922647672,657.54 zł)" computerName="DESKTOP-5URQ9PB" duration="00:00:00.0000089" startTime="2022-06-13T21:11:35.0002989+02:00" endTime="2022-06-13T21:11:35.0004013+02:00" testType="13cdc9d9-ddb5-4fa4-a97d-d965ccfc6d4b" outcome="Passed" testListId="8c84fa94-04c1-424b-9868-57a2d4851a1d" relativeResultsDirectory="c7c2b083-893b-4919-bf4a-a3439289f172" />
    <UnitTestResult executionId="17c46f6a-30c5-4a5f-93da-4ff7ca77031a" testId="23411f45-aeb8-4716-aeef-7c438b9aa607" testName="FormatToStringTest1000 (69864.17463991146,69864.17 zł)" computerName="DESKTOP-5URQ9PB" duration="00:00:00.0000070" startTime="2022-06-13T21:11:34.8843546+02:00" endTime="2022-06-13T21:11:34.8844572+02:00" testType="13cdc9d9-ddb5-4fa4-a97d-d965ccfc6d4b" outcome="Passed" testListId="8c84fa94-04c1-424b-9868-57a2d4851a1d" relativeResultsDirectory="17c46f6a-30c5-4a5f-93da-4ff7ca77031a" />
    <UnitTestResult executionId="4c282813-d706-4b48-8cbb-f22f9024c755" testId="8ac23f32-5246-43ba-9dfe-9fb8f30c9292" testName="FormatToStringTest1000 (9754.291367935619,9754.29 zł)" computerName="DESKTOP-5URQ9PB" duration="00:00:00.0000065" startTime="2022-06-13T21:11:35.2066461+02:00" endTime="2022-06-13T21:11:35.2067120+02:00" testType="13cdc9d9-ddb5-4fa4-a97d-d965ccfc6d4b" outcome="Passed" testListId="8c84fa94-04c1-424b-9868-57a2d4851a1d" relativeResultsDirectory="4c282813-d706-4b48-8cbb-f22f9024c755" />
    <UnitTestResult executionId="a313cd9a-5cb8-48f4-8b96-8c86777698ef" testId="59c0d1ca-04ef-4575-963a-d2718e6d27fd" testName="FormatToStringTest1000 (30533.30031120838,30533.30 zł)" computerName="DESKTOP-5URQ9PB" duration="00:00:00.0000064" startTime="2022-06-13T21:11:35.0762085+02:00" endTime="2022-06-13T21:11:35.0762756+02:00" testType="13cdc9d9-ddb5-4fa4-a97d-d965ccfc6d4b" outcome="Passed" testListId="8c84fa94-04c1-424b-9868-57a2d4851a1d" relativeResultsDirectory="a313cd9a-5cb8-48f4-8b96-8c86777698ef" />
    <UnitTestResult executionId="ff68db91-87aa-4c6d-a8cc-c13171b49216" testId="9df62034-e61b-4983-8435-c61d8b062a16" testName="FormatToStringTest1000 (31424.298858482067,31424.30 zł)" computerName="DESKTOP-5URQ9PB" duration="00:00:00.0000065" startTime="2022-06-13T21:11:35.0856792+02:00" endTime="2022-06-13T21:11:35.0857483+02:00" testType="13cdc9d9-ddb5-4fa4-a97d-d965ccfc6d4b" outcome="Passed" testListId="8c84fa94-04c1-424b-9868-57a2d4851a1d" relativeResultsDirectory="ff68db91-87aa-4c6d-a8cc-c13171b49216" />
    <UnitTestResult executionId="114f8ec2-be96-4999-97d5-638a1137c9df" testId="150a4165-b0f8-458e-9190-cdb7a694c9ce" testName="FormatToStringTest1000 (5628.028273674672,5628.03 zł)" computerName="DESKTOP-5URQ9PB" duration="00:00:00.0000084" startTime="2022-06-13T21:11:34.8035577+02:00" endTime="2022-06-13T21:11:34.8036449+02:00" testType="13cdc9d9-ddb5-4fa4-a97d-d965ccfc6d4b" outcome="Passed" testListId="8c84fa94-04c1-424b-9868-57a2d4851a1d" relativeResultsDirectory="114f8ec2-be96-4999-97d5-638a1137c9df" />
    <UnitTestResult executionId="dadea65f-cada-4c00-a0b9-d3ff0067d08f" testId="c37b610c-95f0-480c-8adf-08febb535b4e" testName="FormatToStringTest1000 (57809.74722876295,57809.75 zł)" computerName="DESKTOP-5URQ9PB" duration="00:00:00.0000070" startTime="2022-06-13T21:11:35.0648490+02:00" endTime="2022-06-13T21:11:35.0649248+02:00" testType="13cdc9d9-ddb5-4fa4-a97d-d965ccfc6d4b" outcome="Passed" testListId="8c84fa94-04c1-424b-9868-57a2d4851a1d" relativeResultsDirectory="dadea65f-cada-4c00-a0b9-d3ff0067d08f" />
    <UnitTestResult executionId="3c2788ea-420e-40b3-918d-18a87bcf5615" testId="efd69948-ddc5-4497-b135-c2cd9cd94640" testName="FormatToStringTest1000 (10511.7304983189,10511.73 zł)" computerName="DESKTOP-5URQ9PB" duration="00:00:00.0000069" startTime="2022-06-13T21:11:35.0051537+02:00" endTime="2022-06-13T21:11:35.0052266+02:00" testType="13cdc9d9-ddb5-4fa4-a97d-d965ccfc6d4b" outcome="Passed" testListId="8c84fa94-04c1-424b-9868-57a2d4851a1d" relativeResultsDirectory="3c2788ea-420e-40b3-918d-18a87bcf5615" />
    <UnitTestResult executionId="1182ed2d-3e92-42ad-a401-2883f0d933d2" testId="7de1fac4-1841-42ca-9bcf-748af8de98c4" testName="FormatToStringTest1000 (23980.12943509646,23980.13 zł)" computerName="DESKTOP-5URQ9PB" duration="00:00:00.0000064" startTime="2022-06-13T21:11:34.9095176+02:00" endTime="2022-06-13T21:11:34.9095851+02:00" testType="13cdc9d9-ddb5-4fa4-a97d-d965ccfc6d4b" outcome="Passed" testListId="8c84fa94-04c1-424b-9868-57a2d4851a1d" relativeResultsDirectory="1182ed2d-3e92-42ad-a401-2883f0d933d2" />
    <UnitTestResult executionId="3a3de4f6-3c3e-40a3-aab6-c3e20b05b9ac" testId="47f5c942-10a6-45dd-8eaa-fd548a99dd36" testName="FormatToStringTest1000 (2505.286326204094,2505.29 zł)" computerName="DESKTOP-5URQ9PB" duration="00:00:00.0000078" startTime="2022-06-13T21:11:35.0715251+02:00" endTime="2022-06-13T21:11:35.0716085+02:00" testType="13cdc9d9-ddb5-4fa4-a97d-d965ccfc6d4b" outcome="Passed" testListId="8c84fa94-04c1-424b-9868-57a2d4851a1d" relativeResultsDirectory="3a3de4f6-3c3e-40a3-aab6-c3e20b05b9ac" />
    <UnitTestResult executionId="4b236fe5-2c87-454e-940a-46bcf79358b0" testId="ed5d2724-3a29-4512-9b56-c1b51aa07ed6" testName="FormatToStringTest1000 (6676.5680544784145,6676.57 zł)" computerName="DESKTOP-5URQ9PB" duration="00:00:00.0000064" startTime="2022-06-13T21:11:35.2050889+02:00" endTime="2022-06-13T21:11:35.2051533+02:00" testType="13cdc9d9-ddb5-4fa4-a97d-d965ccfc6d4b" outcome="Passed" testListId="8c84fa94-04c1-424b-9868-57a2d4851a1d" relativeResultsDirectory="4b236fe5-2c87-454e-940a-46bcf79358b0" />
    <UnitTestResult executionId="f44524c1-42b9-4e7d-9b0e-77c843601876" testId="083b30bd-a1e3-43a9-b8a3-3c1e4618097b" testName="FormatToStringTest1000 (12091.219941106729,12091.22 zł)" computerName="DESKTOP-5URQ9PB" duration="00:00:00.0000065" startTime="2022-06-13T21:11:34.9490161+02:00" endTime="2022-06-13T21:11:34.9490831+02:00" testType="13cdc9d9-ddb5-4fa4-a97d-d965ccfc6d4b" outcome="Passed" testListId="8c84fa94-04c1-424b-9868-57a2d4851a1d" relativeResultsDirectory="f44524c1-42b9-4e7d-9b0e-77c843601876" />
    <UnitTestResult executionId="229adaea-7fa2-494a-aea0-524a198647cc" testId="6721118e-e829-495d-aa97-dc7e1ec8b77d" testName="FormatToStringTest1000 (19363.881840787773,19363.88 zł)" computerName="DESKTOP-5URQ9PB" duration="00:00:00.0000064" startTime="2022-06-13T21:11:35.1228251+02:00" endTime="2022-06-13T21:11:35.1228913+02:00" testType="13cdc9d9-ddb5-4fa4-a97d-d965ccfc6d4b" outcome="Passed" testListId="8c84fa94-04c1-424b-9868-57a2d4851a1d" relativeResultsDirectory="229adaea-7fa2-494a-aea0-524a198647cc" />
    <UnitTestResult executionId="85a46913-ccba-457a-b625-74254d50dc3a" testId="e448080e-0791-43bd-8237-4af58e4323b2" testName="FormatToStringTest1000 (36978.61073549213,36978.61 zł)" computerName="DESKTOP-5URQ9PB" duration="00:00:00.0000064" startTime="2022-06-13T21:11:35.1398500+02:00" endTime="2022-06-13T21:11:35.1399144+02:00" testType="13cdc9d9-ddb5-4fa4-a97d-d965ccfc6d4b" outcome="Passed" testListId="8c84fa94-04c1-424b-9868-57a2d4851a1d" relativeResultsDirectory="85a46913-ccba-457a-b625-74254d50dc3a" />
    <UnitTestResult executionId="19a4e3d6-72ca-4a0b-ba5f-343f003e9ead" testId="b0b4334d-1da2-422d-b7c8-b25eff6a25e7" testName="FormatToStringTest1000 (34242.181005260056,34242.18 zł)" computerName="DESKTOP-5URQ9PB" duration="00:00:00.0000065" startTime="2022-06-13T21:11:35.1093634+02:00" endTime="2022-06-13T21:11:35.1094286+02:00" testType="13cdc9d9-ddb5-4fa4-a97d-d965ccfc6d4b" outcome="Passed" testListId="8c84fa94-04c1-424b-9868-57a2d4851a1d" relativeResultsDirectory="19a4e3d6-72ca-4a0b-ba5f-343f003e9ead" />
    <UnitTestResult executionId="0ea8f2d9-bc87-4788-8294-04ded7c53d26" testId="e7f910ba-2cf7-4aa0-a09b-c03151cfdff9" testName="FormatToStringTest1000 (45930.2386782068,45930.24 zł)" computerName="DESKTOP-5URQ9PB" duration="00:00:00.0000095" startTime="2022-06-13T21:11:34.8920805+02:00" endTime="2022-06-13T21:11:34.8921562+02:00" testType="13cdc9d9-ddb5-4fa4-a97d-d965ccfc6d4b" outcome="Passed" testListId="8c84fa94-04c1-424b-9868-57a2d4851a1d" relativeResultsDirectory="0ea8f2d9-bc87-4788-8294-04ded7c53d26" />
    <UnitTestResult executionId="a75c1e65-8e95-4227-921e-fdf93694b782" testId="0eb280e6-9b99-42df-87e4-db0b3f849319" testName="FormatToStringTest1000 (1799.2562459103092,1799.26 zł)" computerName="DESKTOP-5URQ9PB" duration="00:00:00.0000344" startTime="2022-06-13T21:11:35.0540561+02:00" endTime="2022-06-13T21:11:35.0544168+02:00" testType="13cdc9d9-ddb5-4fa4-a97d-d965ccfc6d4b" outcome="Passed" testListId="8c84fa94-04c1-424b-9868-57a2d4851a1d" relativeResultsDirectory="a75c1e65-8e95-4227-921e-fdf93694b782" />
    <UnitTestResult executionId="b0f9ec08-8360-4613-9282-3a1f6ac3af05" testId="ec230f36-78de-44ca-bc76-ac369909c402" testName="FormatToStringTest1000 (15509.637406484986,15509.64 zł)" computerName="DESKTOP-5URQ9PB" duration="00:00:00.0000065" startTime="2022-06-13T21:11:34.9060024+02:00" endTime="2022-06-13T21:11:34.9060706+02:00" testType="13cdc9d9-ddb5-4fa4-a97d-d965ccfc6d4b" outcome="Passed" testListId="8c84fa94-04c1-424b-9868-57a2d4851a1d" relativeResultsDirectory="b0f9ec08-8360-4613-9282-3a1f6ac3af05" />
    <UnitTestResult executionId="c2089633-56e9-42b5-9cff-33e1cfb6774e" testId="a2c14ab1-929c-475f-91b6-c26a9d2df231" testName="FormatToStringTest1000 (27187.549022783314,27187.55 zł)" computerName="DESKTOP-5URQ9PB" duration="00:00:00.0000067" startTime="2022-06-13T21:11:35.0622883+02:00" endTime="2022-06-13T21:11:35.0623629+02:00" testType="13cdc9d9-ddb5-4fa4-a97d-d965ccfc6d4b" outcome="Passed" testListId="8c84fa94-04c1-424b-9868-57a2d4851a1d" relativeResultsDirectory="c2089633-56e9-42b5-9cff-33e1cfb6774e" />
    <UnitTestResult executionId="1080d905-cef1-4913-99b4-73ea2e798535" testId="b06d205a-b47e-4f04-b444-50e93650cef2" testName="FormatToStringTest1000 (23662.291816162084,23662.29 zł)" computerName="DESKTOP-5URQ9PB" duration="00:00:00.0000066" startTime="2022-06-13T21:11:35.1679103+02:00" endTime="2022-06-13T21:11:35.1679815+02:00" testType="13cdc9d9-ddb5-4fa4-a97d-d965ccfc6d4b" outcome="Passed" testListId="8c84fa94-04c1-424b-9868-57a2d4851a1d" relativeResultsDirectory="1080d905-cef1-4913-99b4-73ea2e798535" />
    <UnitTestResult executionId="53641d88-0a08-4e8f-a309-3d76b37a42d5" testId="2b87c537-cfef-4550-b43e-d50d82381255" testName="FormatToStringTest1000 (23023.74724929768,23023.75 zł)" computerName="DESKTOP-5URQ9PB" duration="00:00:00.0000065" startTime="2022-06-13T21:11:35.0906913+02:00" endTime="2022-06-13T21:11:35.0907592+02:00" testType="13cdc9d9-ddb5-4fa4-a97d-d965ccfc6d4b" outcome="Passed" testListId="8c84fa94-04c1-424b-9868-57a2d4851a1d" relativeResultsDirectory="53641d88-0a08-4e8f-a309-3d76b37a42d5" />
    <UnitTestResult executionId="3764ddf4-a93d-443f-b677-436fcd7f8dc3" testId="ea8a7e31-1443-400c-a03a-5f471334a929" testName="FormatToStringTest1000 (29917.15005391145,29917.15 zł)" computerName="DESKTOP-5URQ9PB" duration="00:00:00.0000081" startTime="2022-06-13T21:11:35.1250253+02:00" endTime="2022-06-13T21:11:35.1251003+02:00" testType="13cdc9d9-ddb5-4fa4-a97d-d965ccfc6d4b" outcome="Passed" testListId="8c84fa94-04c1-424b-9868-57a2d4851a1d" relativeResultsDirectory="3764ddf4-a93d-443f-b677-436fcd7f8dc3" />
    <UnitTestResult executionId="2efb2d1b-cc66-48f2-9db4-4a33e5babcc6" testId="d3d6dbd3-4865-4de7-a8eb-e5d9b0b85783" testName="FormatToStringTest1000 (51408.294679657694,51408.29 zł)" computerName="DESKTOP-5URQ9PB" duration="00:00:00.0000187" startTime="2022-06-13T21:11:34.9440134+02:00" endTime="2022-06-13T21:11:34.9442440+02:00" testType="13cdc9d9-ddb5-4fa4-a97d-d965ccfc6d4b" outcome="Passed" testListId="8c84fa94-04c1-424b-9868-57a2d4851a1d" relativeResultsDirectory="2efb2d1b-cc66-48f2-9db4-4a33e5babcc6" />
    <UnitTestResult executionId="b19453fb-49b0-4cad-8326-724de4a8f72a" testId="c43032cd-4d6c-4b03-9cd4-168e42aa4130" testName="FormatToStringTest1000 (15600.245951180927,15600.25 zł)" computerName="DESKTOP-5URQ9PB" duration="00:00:00.0000259" startTime="2022-06-13T21:11:35.0548629+02:00" endTime="2022-06-13T21:11:35.0550378+02:00" testType="13cdc9d9-ddb5-4fa4-a97d-d965ccfc6d4b" outcome="Passed" testListId="8c84fa94-04c1-424b-9868-57a2d4851a1d" relativeResultsDirectory="b19453fb-49b0-4cad-8326-724de4a8f72a" />
    <UnitTestResult executionId="12dd21db-60ba-40d1-82e7-ab3c85d949b6" testId="f1b8953b-e13b-4ebc-97bd-2ec1de07716c" testName="FormatToStringTest1000 (25908.345463821825,25908.35 zł)" computerName="DESKTOP-5URQ9PB" duration="00:00:00.0000064" startTime="2022-06-13T21:11:35.1189013+02:00" endTime="2022-06-13T21:11:35.1189664+02:00" testType="13cdc9d9-ddb5-4fa4-a97d-d965ccfc6d4b" outcome="Passed" testListId="8c84fa94-04c1-424b-9868-57a2d4851a1d" relativeResultsDirectory="12dd21db-60ba-40d1-82e7-ab3c85d949b6" />
    <UnitTestResult executionId="f0146679-21b9-46de-9931-dcf665b53ae4" testId="3c5b4691-5b5c-47d3-9c3c-41a6a6f2b1b2" testName="FormatToStringTest1000 (2390.7596313784643,2390.76 zł)" computerName="DESKTOP-5URQ9PB" duration="00:00:00.0000063" startTime="2022-06-13T21:11:35.1009354+02:00" endTime="2022-06-13T21:11:35.1010005+02:00" testType="13cdc9d9-ddb5-4fa4-a97d-d965ccfc6d4b" outcome="Passed" testListId="8c84fa94-04c1-424b-9868-57a2d4851a1d" relativeResultsDirectory="f0146679-21b9-46de-9931-dcf665b53ae4" />
    <UnitTestResult executionId="5bf0ef90-3570-471d-9b06-2906d0f064e5" testId="5e0bf234-ea83-4113-b9a8-cc6c136c7fa0" testName="FormatToStringTest1000 (29975.4018974022,29975.40 zł)" computerName="DESKTOP-5URQ9PB" duration="00:00:00.0000066" startTime="2022-06-13T21:11:35.1440363+02:00" endTime="2022-06-13T21:11:35.1440993+02:00" testType="13cdc9d9-ddb5-4fa4-a97d-d965ccfc6d4b" outcome="Passed" testListId="8c84fa94-04c1-424b-9868-57a2d4851a1d" relativeResultsDirectory="5bf0ef90-3570-471d-9b06-2906d0f064e5" />
    <UnitTestResult executionId="35cdc6eb-5c8c-4ee0-8d4d-4bbd0fd7e95e" testId="2bfd7029-65f2-4f1d-839a-188daf6e1655" testName="FormatToStringTest1000 (6213.265206352466,6213.27 zł)" computerName="DESKTOP-5URQ9PB" duration="00:00:00.0000071" startTime="2022-06-13T21:11:34.9929414+02:00" endTime="2022-06-13T21:11:34.9930326+02:00" testType="13cdc9d9-ddb5-4fa4-a97d-d965ccfc6d4b" outcome="Passed" testListId="8c84fa94-04c1-424b-9868-57a2d4851a1d" relativeResultsDirectory="35cdc6eb-5c8c-4ee0-8d4d-4bbd0fd7e95e" />
    <UnitTestResult executionId="41fb7ee2-a108-4475-9ed7-fbd6ff5e79cc" testId="d36b962d-5e66-40d1-aaaa-9558826a7d56" testName="FormatToStringTest1000 (16819.974312979717,16819.97 zł)" computerName="DESKTOP-5URQ9PB" duration="00:00:00.0000087" startTime="2022-06-13T21:11:35.0104609+02:00" endTime="2022-06-13T21:11:35.0105579+02:00" testType="13cdc9d9-ddb5-4fa4-a97d-d965ccfc6d4b" outcome="Passed" testListId="8c84fa94-04c1-424b-9868-57a2d4851a1d" relativeResultsDirectory="41fb7ee2-a108-4475-9ed7-fbd6ff5e79cc" />
    <UnitTestResult executionId="5c615571-f504-4983-87ec-de9dea057a6f" testId="20c02cc0-d1d4-45d2-a01b-81497408ba08" testName="FormatToStringTest1000 (15414.175096961751,15414.18 zł)" computerName="DESKTOP-5URQ9PB" duration="00:00:00.0000070" startTime="2022-06-13T21:11:34.8916800+02:00" endTime="2022-06-13T21:11:34.8917650+02:00" testType="13cdc9d9-ddb5-4fa4-a97d-d965ccfc6d4b" outcome="Passed" testListId="8c84fa94-04c1-424b-9868-57a2d4851a1d" relativeResultsDirectory="5c615571-f504-4983-87ec-de9dea057a6f" />
    <UnitTestResult executionId="409cf16b-be5b-4522-955a-4324f238484f" testId="0d4b8782-dffe-4938-ab5d-3830ab57a695" testName="FormatToStringTest1000 (15669.698889610218,15669.70 zł)" computerName="DESKTOP-5URQ9PB" duration="00:00:00.0000101" startTime="2022-06-13T21:11:35.1537642+02:00" endTime="2022-06-13T21:11:35.1538754+02:00" testType="13cdc9d9-ddb5-4fa4-a97d-d965ccfc6d4b" outcome="Passed" testListId="8c84fa94-04c1-424b-9868-57a2d4851a1d" relativeResultsDirectory="409cf16b-be5b-4522-955a-4324f238484f" />
    <UnitTestResult executionId="8484707d-03f3-46d8-884f-235a74bdd704" testId="479b0546-51bd-4dfa-b1a3-a20a97ae3790" testName="FormatToStringTest1000 (26686.08488193065,26686.08 zł)" computerName="DESKTOP-5URQ9PB" duration="00:00:00.0000071" startTime="2022-06-13T21:11:35.0899872+02:00" endTime="2022-06-13T21:11:35.0900674+02:00" testType="13cdc9d9-ddb5-4fa4-a97d-d965ccfc6d4b" outcome="Passed" testListId="8c84fa94-04c1-424b-9868-57a2d4851a1d" relativeResultsDirectory="8484707d-03f3-46d8-884f-235a74bdd704" />
    <UnitTestResult executionId="4f478bcf-593b-45ff-9d63-614378ee4941" testId="2d904054-d88b-45d7-aade-81eb18d0180f" testName="FormatToStringTest1000 (2115.5076919884923,2115.51 zł)" computerName="DESKTOP-5URQ9PB" duration="00:00:00.0000069" startTime="2022-06-13T21:11:35.1787755+02:00" endTime="2022-06-13T21:11:35.1788401+02:00" testType="13cdc9d9-ddb5-4fa4-a97d-d965ccfc6d4b" outcome="Passed" testListId="8c84fa94-04c1-424b-9868-57a2d4851a1d" relativeResultsDirectory="4f478bcf-593b-45ff-9d63-614378ee4941" />
    <UnitTestResult executionId="7472cc84-dbbb-43c4-ab2c-8e3a06c14f38" testId="654457ec-6e9a-4534-bd11-68c2633e45f7" testName="FormatToStringTest1000 (58848.60825001477,58848.61 zł)" computerName="DESKTOP-5URQ9PB" duration="00:00:00.0000246" startTime="2022-06-13T21:11:34.8790172+02:00" endTime="2022-06-13T21:11:34.8792734+02:00" testType="13cdc9d9-ddb5-4fa4-a97d-d965ccfc6d4b" outcome="Passed" testListId="8c84fa94-04c1-424b-9868-57a2d4851a1d" relativeResultsDirectory="7472cc84-dbbb-43c4-ab2c-8e3a06c14f38" />
    <UnitTestResult executionId="52a568ed-a296-4ff3-9ffb-4b48672d3e1e" testId="a2103c45-0452-4a9e-83ac-0e783eeac957" testName="FormatToStringTest1000 (21221.884746198488,21221.88 zł)" computerName="DESKTOP-5URQ9PB" duration="00:00:00.0000073" startTime="2022-06-13T21:11:35.1140160+02:00" endTime="2022-06-13T21:11:35.1141566+02:00" testType="13cdc9d9-ddb5-4fa4-a97d-d965ccfc6d4b" outcome="Passed" testListId="8c84fa94-04c1-424b-9868-57a2d4851a1d" relativeResultsDirectory="52a568ed-a296-4ff3-9ffb-4b48672d3e1e" />
    <UnitTestResult executionId="b6ad796b-b416-4f0a-b9cb-3813568a8ebd" testId="ece9a2ed-8755-4d1e-8747-e6e03dc231df" testName="FormatToStringTest1000 (44065.726815678056,44065.73 zł)" computerName="DESKTOP-5URQ9PB" duration="00:00:00.0000067" startTime="2022-06-13T21:11:34.9651797+02:00" endTime="2022-06-13T21:11:34.9652536+02:00" testType="13cdc9d9-ddb5-4fa4-a97d-d965ccfc6d4b" outcome="Passed" testListId="8c84fa94-04c1-424b-9868-57a2d4851a1d" relativeResultsDirectory="b6ad796b-b416-4f0a-b9cb-3813568a8ebd" />
    <UnitTestResult executionId="30b9c1f4-5837-4934-8838-eb6d806fe973" testId="7e146186-4652-4c26-b0c6-abc10aef3d17" testName="FormatToStringTest1000 (15313.083673952653,15313.08 zł)" computerName="DESKTOP-5URQ9PB" duration="00:00:00.0000074" startTime="2022-06-13T21:11:34.9995691+02:00" endTime="2022-06-13T21:11:34.9996496+02:00" testType="13cdc9d9-ddb5-4fa4-a97d-d965ccfc6d4b" outcome="Passed" testListId="8c84fa94-04c1-424b-9868-57a2d4851a1d" relativeResultsDirectory="30b9c1f4-5837-4934-8838-eb6d806fe973" />
    <UnitTestResult executionId="6e7a04ed-ce28-4bcd-bbb5-deafca93e255" testId="120a1f1f-4ff8-4712-941b-373108d26a84" testName="FormatToStringTest1000 (3846.644792262765,3846.64 zł)" computerName="DESKTOP-5URQ9PB" duration="00:00:00.0000071" startTime="2022-06-13T21:11:34.9487577+02:00" endTime="2022-06-13T21:11:34.9488264+02:00" testType="13cdc9d9-ddb5-4fa4-a97d-d965ccfc6d4b" outcome="Passed" testListId="8c84fa94-04c1-424b-9868-57a2d4851a1d" relativeResultsDirectory="6e7a04ed-ce28-4bcd-bbb5-deafca93e255" />
    <UnitTestResult executionId="c7d80d8b-455d-432b-b4f0-b6a81f4a2542" testId="031b228e-fba8-4d1d-a4b6-e451c07fb013" testName="FormatToStringTest1000 (19208.676036795914,19208.68 zł)" computerName="DESKTOP-5URQ9PB" duration="00:00:00.0000068" startTime="2022-06-13T21:11:35.1207801+02:00" endTime="2022-06-13T21:11:35.1208591+02:00" testType="13cdc9d9-ddb5-4fa4-a97d-d965ccfc6d4b" outcome="Passed" testListId="8c84fa94-04c1-424b-9868-57a2d4851a1d" relativeResultsDirectory="c7d80d8b-455d-432b-b4f0-b6a81f4a2542" />
    <UnitTestResult executionId="47c36be6-24d3-43f5-afbd-220d8caeb7c5" testId="1b61aa76-9514-4c75-8136-1d75188b98dc" testName="FormatToStringTest1000 (27050.586848031067,27050.59 zł)" computerName="DESKTOP-5URQ9PB" duration="00:00:00.0000064" startTime="2022-06-13T21:11:34.8480904+02:00" endTime="2022-06-13T21:11:34.8481590+02:00" testType="13cdc9d9-ddb5-4fa4-a97d-d965ccfc6d4b" outcome="Passed" testListId="8c84fa94-04c1-424b-9868-57a2d4851a1d" relativeResultsDirectory="47c36be6-24d3-43f5-afbd-220d8caeb7c5" />
    <UnitTestResult executionId="8ba556be-18e3-454c-962d-99c2f8e0d04c" testId="885a4e16-4170-4d41-a52b-66630962fe91" testName="FormatToStringTest1000 (79764.77845563217,79764.78 zł)" computerName="DESKTOP-5URQ9PB" duration="00:00:00.0000096" startTime="2022-06-13T21:11:34.9616280+02:00" endTime="2022-06-13T21:11:34.9617037+02:00" testType="13cdc9d9-ddb5-4fa4-a97d-d965ccfc6d4b" outcome="Passed" testListId="8c84fa94-04c1-424b-9868-57a2d4851a1d" relativeResultsDirectory="8ba556be-18e3-454c-962d-99c2f8e0d04c" />
    <UnitTestResult executionId="f13227ef-8192-4868-9545-8ee27db4cd3e" testId="0e5a372d-a731-4bbc-8a4f-8b29b5f5179b" testName="FormatToStringTest1000 (2835.0728237931958,2835.07 zł)" computerName="DESKTOP-5URQ9PB" duration="00:00:00.0000063" startTime="2022-06-13T21:11:35.0973911+02:00" endTime="2022-06-13T21:11:35.0974569+02:00" testType="13cdc9d9-ddb5-4fa4-a97d-d965ccfc6d4b" outcome="Passed" testListId="8c84fa94-04c1-424b-9868-57a2d4851a1d" relativeResultsDirectory="f13227ef-8192-4868-9545-8ee27db4cd3e" />
    <UnitTestResult executionId="d979f2ff-439a-4bac-a07f-d046bcda6062" testId="eac6aff8-521e-423d-9a70-dbd00d6ab462" testName="FormatToStringTest1000 (6958.393354767186,6958.39 zł)" computerName="DESKTOP-5URQ9PB" duration="00:00:00.0000065" startTime="2022-06-13T21:11:34.8039249+02:00" endTime="2022-06-13T21:11:34.8039921+02:00" testType="13cdc9d9-ddb5-4fa4-a97d-d965ccfc6d4b" outcome="Passed" testListId="8c84fa94-04c1-424b-9868-57a2d4851a1d" relativeResultsDirectory="d979f2ff-439a-4bac-a07f-d046bcda6062" />
    <UnitTestResult executionId="d1f2ab82-c0fd-494c-acf7-b09588ab639d" testId="2d2cba8f-c4c2-46f8-8cd0-8d8c0ec646e1" testName="FormatToStringTest1000 (41915.7945284563,41915.79 zł)" computerName="DESKTOP-5URQ9PB" duration="00:00:00.0000065" startTime="2022-06-13T21:11:35.1376834+02:00" endTime="2022-06-13T21:11:35.1377455+02:00" testType="13cdc9d9-ddb5-4fa4-a97d-d965ccfc6d4b" outcome="Passed" testListId="8c84fa94-04c1-424b-9868-57a2d4851a1d" relativeResultsDirectory="d1f2ab82-c0fd-494c-acf7-b09588ab639d" />
    <UnitTestResult executionId="6cfcff7e-948e-40f0-bf5b-25d15f780a50" testId="04766c6d-64f1-46f7-8ed7-a36a6c469b7f" testName="FormatToStringTest1000 (18794.859523484418,18794.86 zł)" computerName="DESKTOP-5URQ9PB" duration="00:00:00.0000064" startTime="2022-06-13T21:11:34.9930522+02:00" endTime="2022-06-13T21:11:34.9931226+02:00" testType="13cdc9d9-ddb5-4fa4-a97d-d965ccfc6d4b" outcome="Passed" testListId="8c84fa94-04c1-424b-9868-57a2d4851a1d" relativeResultsDirectory="6cfcff7e-948e-40f0-bf5b-25d15f780a50" />
    <UnitTestResult executionId="a6e132be-a1dd-44d2-b7ab-45859d94cd1b" testId="e30f5637-b46a-4733-9f46-651ef8daad90" testName="FormatToStringTest1000 (29539.32303995328,29539.32 zł)" computerName="DESKTOP-5URQ9PB" duration="00:00:00.0000064" startTime="2022-06-13T21:11:35.0334273+02:00" endTime="2022-06-13T21:11:35.0334947+02:00" testType="13cdc9d9-ddb5-4fa4-a97d-d965ccfc6d4b" outcome="Passed" testListId="8c84fa94-04c1-424b-9868-57a2d4851a1d" relativeResultsDirectory="a6e132be-a1dd-44d2-b7ab-45859d94cd1b" />
    <UnitTestResult executionId="1818c7ee-a365-485a-af4e-94517950cf7e" testId="8cd503f4-cad4-471e-a8f7-3ca0fe705955" testName="FormatToStringTest1000 (44869.327020554025,44869.33 zł)" computerName="DESKTOP-5URQ9PB" duration="00:00:00.0000063" startTime="2022-06-13T21:11:34.9027271+02:00" endTime="2022-06-13T21:11:34.9027943+02:00" testType="13cdc9d9-ddb5-4fa4-a97d-d965ccfc6d4b" outcome="Passed" testListId="8c84fa94-04c1-424b-9868-57a2d4851a1d" relativeResultsDirectory="1818c7ee-a365-485a-af4e-94517950cf7e" />
    <UnitTestResult executionId="c27145f4-a42c-4d9e-bf1a-bc8e537d02b8" testId="e12a6485-8563-4d33-b350-cf30e56ce35a" testName="FormatToStringTest1000 (35714.78133482243,35714.78 zł)" computerName="DESKTOP-5URQ9PB" duration="00:00:00.0000071" startTime="2022-06-13T21:11:34.9971511+02:00" endTime="2022-06-13T21:11:34.9972189+02:00" testType="13cdc9d9-ddb5-4fa4-a97d-d965ccfc6d4b" outcome="Passed" testListId="8c84fa94-04c1-424b-9868-57a2d4851a1d" relativeResultsDirectory="c27145f4-a42c-4d9e-bf1a-bc8e537d02b8" />
    <UnitTestResult executionId="aa0e06a3-7d46-424f-9127-047fdbbe92cc" testId="d1d1e8e3-b4da-459d-bc3b-b81b3321523e" testName="FormatToStringTest1000 (12283.48626129026,12283.49 zł)" computerName="DESKTOP-5URQ9PB" duration="00:00:00.0000064" startTime="2022-06-13T21:11:34.9968956+02:00" endTime="2022-06-13T21:11:34.9969631+02:00" testType="13cdc9d9-ddb5-4fa4-a97d-d965ccfc6d4b" outcome="Passed" testListId="8c84fa94-04c1-424b-9868-57a2d4851a1d" relativeResultsDirectory="aa0e06a3-7d46-424f-9127-047fdbbe92cc" />
    <UnitTestResult executionId="5bd90f08-e1cb-4d7b-98b4-3f0c28e74593" testId="d70b7b20-f09c-4b3c-a4bf-8f35af34cc68" testName="FormatToStringTest1000 (30578.687538491416,30578.69 zł)" computerName="DESKTOP-5URQ9PB" duration="00:00:00.0000066" startTime="2022-06-13T21:11:34.9719603+02:00" endTime="2022-06-13T21:11:34.9720370+02:00" testType="13cdc9d9-ddb5-4fa4-a97d-d965ccfc6d4b" outcome="Passed" testListId="8c84fa94-04c1-424b-9868-57a2d4851a1d" relativeResultsDirectory="5bd90f08-e1cb-4d7b-98b4-3f0c28e74593" />
    <UnitTestResult executionId="5219115c-a3c7-490a-a066-26b48151886a" testId="b0fb47ca-92db-47db-89fa-b76b6f8b498e" testName="FormatToStringTest1000 (6027.66019266828,6027.66 zł)" computerName="DESKTOP-5URQ9PB" duration="00:00:00.0000117" startTime="2022-06-13T21:11:35.1608762+02:00" endTime="2022-06-13T21:11:35.1609711+02:00" testType="13cdc9d9-ddb5-4fa4-a97d-d965ccfc6d4b" outcome="Passed" testListId="8c84fa94-04c1-424b-9868-57a2d4851a1d" relativeResultsDirectory="5219115c-a3c7-490a-a066-26b48151886a" />
    <UnitTestResult executionId="1ca581f6-9234-4c9b-a1bf-dcf68e44c352" testId="f342c649-34fa-4213-be17-11c0bbc06300" testName="FormatToStringTest1000 (43858.624379632354,43858.62 zł)" computerName="DESKTOP-5URQ9PB" duration="00:00:00.0000063" startTime="2022-06-13T21:11:35.1396860+02:00" endTime="2022-06-13T21:11:35.1397506+02:00" testType="13cdc9d9-ddb5-4fa4-a97d-d965ccfc6d4b" outcome="Passed" testListId="8c84fa94-04c1-424b-9868-57a2d4851a1d" relativeResultsDirectory="1ca581f6-9234-4c9b-a1bf-dcf68e44c352" />
    <UnitTestResult executionId="56806e1f-54f2-495a-a022-79b4b1279576" testId="37854187-af41-412c-a345-89858e193e37" testName="FormatToStringTest1000 (25288.32036814574,25288.32 zł)" computerName="DESKTOP-5URQ9PB" duration="00:00:00.0000157" startTime="2022-06-13T21:11:35.1063865+02:00" endTime="2022-06-13T21:11:35.1067247+02:00" testType="13cdc9d9-ddb5-4fa4-a97d-d965ccfc6d4b" outcome="Passed" testListId="8c84fa94-04c1-424b-9868-57a2d4851a1d" relativeResultsDirectory="56806e1f-54f2-495a-a022-79b4b1279576" />
    <UnitTestResult executionId="867ef298-c7ec-47fb-a21b-231f2026ef5f" testId="28483f5e-5af0-4981-8ff4-d0d1c61d654b" testName="FormatToStringTest1000 (30499.08272379734,30499.08 zł)" computerName="DESKTOP-5URQ9PB" duration="00:00:00.0000063" startTime="2022-06-13T21:11:35.1394173+02:00" endTime="2022-06-13T21:11:35.1394820+02:00" testType="13cdc9d9-ddb5-4fa4-a97d-d965ccfc6d4b" outcome="Passed" testListId="8c84fa94-04c1-424b-9868-57a2d4851a1d" relativeResultsDirectory="867ef298-c7ec-47fb-a21b-231f2026ef5f" />
    <UnitTestResult executionId="3fa98da6-bd6f-4099-b517-1211d5aaa2d6" testId="be483e46-927c-4272-901b-ad31e8cfe2e6" testName="FormatToStringTest1000 (22666.13578912995,22666.14 zł)" computerName="DESKTOP-5URQ9PB" duration="00:00:00.0000195" startTime="2022-06-13T21:11:34.8524532+02:00" endTime="2022-06-13T21:11:34.8547846+02:00" testType="13cdc9d9-ddb5-4fa4-a97d-d965ccfc6d4b" outcome="Passed" testListId="8c84fa94-04c1-424b-9868-57a2d4851a1d" relativeResultsDirectory="3fa98da6-bd6f-4099-b517-1211d5aaa2d6" />
    <UnitTestResult executionId="0442f01e-2837-4feb-a745-6f5a44a0f14b" testId="d2734c34-028f-4163-8071-eb1c4edccd1d" testName="FormatToStringTest1000 (5591.2222540617095,5591.22 zł)" computerName="DESKTOP-5URQ9PB" duration="00:00:00.0000083" startTime="2022-06-13T21:11:35.0766883+02:00" endTime="2022-06-13T21:11:35.0767796+02:00" testType="13cdc9d9-ddb5-4fa4-a97d-d965ccfc6d4b" outcome="Passed" testListId="8c84fa94-04c1-424b-9868-57a2d4851a1d" relativeResultsDirectory="0442f01e-2837-4feb-a745-6f5a44a0f14b" />
    <UnitTestResult executionId="1e728167-2838-4c4f-a74a-1311c19367a1" testId="b837b558-2ec7-49c5-bcdd-b264c8b781a2" testName="FormatToStringTest1000 (1130.8119115372242,1130.81 zł)" computerName="DESKTOP-5URQ9PB" duration="00:00:00.0000064" startTime="2022-06-13T21:11:35.1971552+02:00" endTime="2022-06-13T21:11:35.1972198+02:00" testType="13cdc9d9-ddb5-4fa4-a97d-d965ccfc6d4b" outcome="Passed" testListId="8c84fa94-04c1-424b-9868-57a2d4851a1d" relativeResultsDirectory="1e728167-2838-4c4f-a74a-1311c19367a1" />
    <UnitTestResult executionId="93659451-ac9f-4695-933c-6c35417643b0" testId="f1ac635b-ab77-454f-a3d6-c1ef0fc88924" testName="FormatToStringTest1000 (643.3550376181281,643.36 zł)" computerName="DESKTOP-5URQ9PB" duration="00:00:00.0000067" startTime="2022-06-13T21:11:35.1254954+02:00" endTime="2022-06-13T21:11:35.1255688+02:00" testType="13cdc9d9-ddb5-4fa4-a97d-d965ccfc6d4b" outcome="Passed" testListId="8c84fa94-04c1-424b-9868-57a2d4851a1d" relativeResultsDirectory="93659451-ac9f-4695-933c-6c35417643b0" />
    <UnitTestResult executionId="7c0b0842-677e-4808-87d6-f73df2173ec4" testId="49338e48-43f2-4ab5-bd83-b3940e1807ea" testName="FormatToStringTest1000 (55457.96873490278,55457.97 zł)" computerName="DESKTOP-5URQ9PB" duration="00:00:00.0000074" startTime="2022-06-13T21:11:35.1229903+02:00" endTime="2022-06-13T21:11:35.1230563+02:00" testType="13cdc9d9-ddb5-4fa4-a97d-d965ccfc6d4b" outcome="Passed" testListId="8c84fa94-04c1-424b-9868-57a2d4851a1d" relativeResultsDirectory="7c0b0842-677e-4808-87d6-f73df2173ec4" />
    <UnitTestResult executionId="e619ac20-0adc-45b4-b9ec-75fdf1f61e47" testId="23f10f19-0755-4f65-9f38-974b3e6339d8" testName="FormatToStringTest1000 (77919.64716867341,77919.65 zł)" computerName="DESKTOP-5URQ9PB" duration="00:00:00.0000064" startTime="2022-06-13T21:11:34.9588752+02:00" endTime="2022-06-13T21:11:34.9589429+02:00" testType="13cdc9d9-ddb5-4fa4-a97d-d965ccfc6d4b" outcome="Passed" testListId="8c84fa94-04c1-424b-9868-57a2d4851a1d" relativeResultsDirectory="e619ac20-0adc-45b4-b9ec-75fdf1f61e47" />
    <UnitTestResult executionId="a438bf29-28a6-43af-8be0-f0f2ce276a87" testId="29a489aa-73a3-422a-a18c-2e64f5cfbe43" testName="FormatToStringTest1000 (12528.413830086782,12528.41 zł)" computerName="DESKTOP-5URQ9PB" duration="00:00:00.0000254" startTime="2022-06-13T21:11:35.0592777+02:00" endTime="2022-06-13T21:11:35.0594564+02:00" testType="13cdc9d9-ddb5-4fa4-a97d-d965ccfc6d4b" outcome="Passed" testListId="8c84fa94-04c1-424b-9868-57a2d4851a1d" relativeResultsDirectory="a438bf29-28a6-43af-8be0-f0f2ce276a87" />
    <UnitTestResult executionId="d4054770-8fbd-47f4-9359-34d7ecdcfedf" testId="47c03846-2736-4efa-a607-f6201f6b72c5" testName="FormatToStringTest1000 (3030.9461949132133,3030.95 zł)" computerName="DESKTOP-5URQ9PB" duration="00:00:00.0000064" startTime="2022-06-13T21:11:35.0201068+02:00" endTime="2022-06-13T21:11:35.0201756+02:00" testType="13cdc9d9-ddb5-4fa4-a97d-d965ccfc6d4b" outcome="Passed" testListId="8c84fa94-04c1-424b-9868-57a2d4851a1d" relativeResultsDirectory="d4054770-8fbd-47f4-9359-34d7ecdcfedf" />
    <UnitTestResult executionId="c56163b4-27c9-414c-a7f1-574c75a7b66c" testId="b700d732-8428-4247-aeb2-f7a9039f33a5" testName="FormatToStringTest1000 (8095.485677032492,8095.49 zł)" computerName="DESKTOP-5URQ9PB" duration="00:00:00.0000070" startTime="2022-06-13T21:11:35.1004760+02:00" endTime="2022-06-13T21:11:35.1005809+02:00" testType="13cdc9d9-ddb5-4fa4-a97d-d965ccfc6d4b" outcome="Passed" testListId="8c84fa94-04c1-424b-9868-57a2d4851a1d" relativeResultsDirectory="c56163b4-27c9-414c-a7f1-574c75a7b66c" />
    <UnitTestResult executionId="33ea784c-fde5-4f4a-aa10-b0a40b9a47a6" testId="c4488eee-442d-461f-aef2-1a41b1568739" testName="FormatToStringTest1000 (62975.496334776515,62975.50 zł)" computerName="DESKTOP-5URQ9PB" duration="00:00:00.0000064" startTime="2022-06-13T21:11:34.8842458+02:00" endTime="2022-06-13T21:11:34.8843249+02:00" testType="13cdc9d9-ddb5-4fa4-a97d-d965ccfc6d4b" outcome="Passed" testListId="8c84fa94-04c1-424b-9868-57a2d4851a1d" relativeResultsDirectory="33ea784c-fde5-4f4a-aa10-b0a40b9a47a6" />
    <UnitTestResult executionId="dda38cb2-9dd1-4207-b369-34e4580f0ad9" testId="e10bc192-bf51-46ee-9228-1cf631dad668" testName="FormatToStringTest1000 (31315.40354898544,31315.40 zł)" computerName="DESKTOP-5URQ9PB" duration="00:00:00.0000064" startTime="2022-06-13T21:11:35.1212095+02:00" endTime="2022-06-13T21:11:35.1212741+02:00" testType="13cdc9d9-ddb5-4fa4-a97d-d965ccfc6d4b" outcome="Passed" testListId="8c84fa94-04c1-424b-9868-57a2d4851a1d" relativeResultsDirectory="dda38cb2-9dd1-4207-b369-34e4580f0ad9" />
    <UnitTestResult executionId="d782b1bf-a30d-4efc-963e-66826dbd6739" testId="154abde5-2fb7-4fc9-a139-7425dddc11b9" testName="FormatToStringTest1000 (54678.59301593089,54678.59 zł)" computerName="DESKTOP-5URQ9PB" duration="00:00:00.0000070" startTime="2022-06-13T21:11:35.1355559+02:00" endTime="2022-06-13T21:11:35.1356211+02:00" testType="13cdc9d9-ddb5-4fa4-a97d-d965ccfc6d4b" outcome="Passed" testListId="8c84fa94-04c1-424b-9868-57a2d4851a1d" relativeResultsDirectory="d782b1bf-a30d-4efc-963e-66826dbd6739" />
    <UnitTestResult executionId="4978b9ac-5754-4560-bc52-a228a1b8b52a" testId="c9aa4dab-3b77-4b10-a0b3-a3bcf667c0a7" testName="FormatToStringTest1000 (60323.066780431225,60323.07 zł)" computerName="DESKTOP-5URQ9PB" duration="00:00:00.0000069" startTime="2022-06-13T21:11:34.9447950+02:00" endTime="2022-06-13T21:11:34.9448696+02:00" testType="13cdc9d9-ddb5-4fa4-a97d-d965ccfc6d4b" outcome="Passed" testListId="8c84fa94-04c1-424b-9868-57a2d4851a1d" relativeResultsDirectory="4978b9ac-5754-4560-bc52-a228a1b8b52a" />
    <UnitTestResult executionId="4058470e-2ca9-450a-9cb0-6a0f7a6b125a" testId="e9fd81fe-f181-4c15-8885-da59e1ba50b4" testName="FormatToStringTest1000 (35384.637112688106,35384.64 zł)" computerName="DESKTOP-5URQ9PB" duration="00:00:00.0000063" startTime="2022-06-13T21:11:35.1377626+02:00" endTime="2022-06-13T21:11:35.1378266+02:00" testType="13cdc9d9-ddb5-4fa4-a97d-d965ccfc6d4b" outcome="Passed" testListId="8c84fa94-04c1-424b-9868-57a2d4851a1d" relativeResultsDirectory="4058470e-2ca9-450a-9cb0-6a0f7a6b125a" />
    <UnitTestResult executionId="0aea2b6e-0d73-4747-ab53-30c378b77912" testId="87f2baa7-e8d7-4b80-8436-6fe6bba67cce" testName="FormatToStringTest1000 (16129.507288814293,16129.51 zł)" computerName="DESKTOP-5URQ9PB" duration="00:00:00.0000062" startTime="2022-06-13T21:11:35.0271838+02:00" endTime="2022-06-13T21:11:35.0272513+02:00" testType="13cdc9d9-ddb5-4fa4-a97d-d965ccfc6d4b" outcome="Passed" testListId="8c84fa94-04c1-424b-9868-57a2d4851a1d" relativeResultsDirectory="0aea2b6e-0d73-4747-ab53-30c378b77912" />
    <UnitTestResult executionId="958c87b4-9008-4fd9-9d3f-67b1f75032c7" testId="561140d7-65b8-4219-872b-b01b71d2df36" testName="FormatToStringTest1000 (9657.360676611475,9657.36 zł)" computerName="DESKTOP-5URQ9PB" duration="00:00:00.0000064" startTime="2022-06-13T21:11:35.0302324+02:00" endTime="2022-06-13T21:11:35.0303005+02:00" testType="13cdc9d9-ddb5-4fa4-a97d-d965ccfc6d4b" outcome="Passed" testListId="8c84fa94-04c1-424b-9868-57a2d4851a1d" relativeResultsDirectory="958c87b4-9008-4fd9-9d3f-67b1f75032c7" />
    <UnitTestResult executionId="248e442c-1438-47e0-84cf-1a45379165f1" testId="934b4dac-901b-4dad-97f3-a0e999f50386" testName="FormatToStringTest1000 (54578.37303904275,54578.37 zł)" computerName="DESKTOP-5URQ9PB" duration="00:00:00.0000066" startTime="2022-06-13T21:11:34.9722434+02:00" endTime="2022-06-13T21:11:34.9723167+02:00" testType="13cdc9d9-ddb5-4fa4-a97d-d965ccfc6d4b" outcome="Passed" testListId="8c84fa94-04c1-424b-9868-57a2d4851a1d" relativeResultsDirectory="248e442c-1438-47e0-84cf-1a45379165f1" />
    <UnitTestResult executionId="50db4076-c566-4f6a-ae82-5473a0b77ca8" testId="3c6816bb-7b28-4eec-a2ec-3d331d386ca7" testName="FormatToStringTest1000 (15742.409864349947,15742.41 zł)" computerName="DESKTOP-5URQ9PB" duration="00:00:00.0000064" startTime="2022-06-13T21:11:35.0900871+02:00" endTime="2022-06-13T21:11:35.0901544+02:00" testType="13cdc9d9-ddb5-4fa4-a97d-d965ccfc6d4b" outcome="Passed" testListId="8c84fa94-04c1-424b-9868-57a2d4851a1d" relativeResultsDirectory="50db4076-c566-4f6a-ae82-5473a0b77ca8" />
    <UnitTestResult executionId="caa7509e-0146-4142-a0c2-cd2314b35ec6" testId="0cec38de-0e07-49c4-82a1-84af063964fe" testName="FormatToStringTest1000 (8013.1229931903645,8013.12 zł)" computerName="DESKTOP-5URQ9PB" duration="00:00:00.0000064" startTime="2022-06-13T21:11:35.1676468+02:00" endTime="2022-06-13T21:11:35.1677122+02:00" testType="13cdc9d9-ddb5-4fa4-a97d-d965ccfc6d4b" outcome="Passed" testListId="8c84fa94-04c1-424b-9868-57a2d4851a1d" relativeResultsDirectory="caa7509e-0146-4142-a0c2-cd2314b35ec6" />
    <UnitTestResult executionId="4a990df1-b5d4-4dbf-b19e-112b44db99d1" testId="cd71d92a-60db-403c-aa73-5733a595e8f2" testName="FormatToStringTest1000 (24957.469502810607,24957.47 zł)" computerName="DESKTOP-5URQ9PB" duration="00:00:00.0000065" startTime="2022-06-13T21:11:34.8520684+02:00" endTime="2022-06-13T21:11:34.8521516+02:00" testType="13cdc9d9-ddb5-4fa4-a97d-d965ccfc6d4b" outcome="Passed" testListId="8c84fa94-04c1-424b-9868-57a2d4851a1d" relativeResultsDirectory="4a990df1-b5d4-4dbf-b19e-112b44db99d1" />
    <UnitTestResult executionId="91d6e4bc-d3c3-45ed-b120-edfc7d384d9e" testId="a956d777-a223-4cbb-8d78-3dab4447c8ac" testName="FormatToStringTest1000 (9097.395563790293,9097.40 zł)" computerName="DESKTOP-5URQ9PB" duration="00:00:00.0000065" startTime="2022-06-13T21:11:35.1542511+02:00" endTime="2022-06-13T21:11:35.1543185+02:00" testType="13cdc9d9-ddb5-4fa4-a97d-d965ccfc6d4b" outcome="Passed" testListId="8c84fa94-04c1-424b-9868-57a2d4851a1d" relativeResultsDirectory="91d6e4bc-d3c3-45ed-b120-edfc7d384d9e" />
    <UnitTestResult executionId="0981d8da-1dac-48dc-8c89-8038165b9000" testId="22c7c442-e880-4e54-b8da-e2ce89989cad" testName="FormatToStringTest1000 (2992.6161168593057,2992.62 zł)" computerName="DESKTOP-5URQ9PB" duration="00:00:00.0000065" startTime="2022-06-13T21:11:35.1540804+02:00" endTime="2022-06-13T21:11:35.1541476+02:00" testType="13cdc9d9-ddb5-4fa4-a97d-d965ccfc6d4b" outcome="Passed" testListId="8c84fa94-04c1-424b-9868-57a2d4851a1d" relativeResultsDirectory="0981d8da-1dac-48dc-8c89-8038165b9000" />
    <UnitTestResult executionId="1d9c38b5-eab2-4782-a916-718fb90279a2" testId="4a3698bc-c0a6-4cfa-a188-eda27b36df86" testName="FormatToStringTest1000 (22197.731451777618,22197.73 zł)" computerName="DESKTOP-5URQ9PB" duration="00:00:00.0000067" startTime="2022-06-13T21:11:35.0681323+02:00" endTime="2022-06-13T21:11:35.0682059+02:00" testType="13cdc9d9-ddb5-4fa4-a97d-d965ccfc6d4b" outcome="Passed" testListId="8c84fa94-04c1-424b-9868-57a2d4851a1d" relativeResultsDirectory="1d9c38b5-eab2-4782-a916-718fb90279a2" />
    <UnitTestResult executionId="0feaa74d-f4a3-4879-89b1-c609a9956ae0" testId="c65ca184-e577-436d-a7ed-66f13879a1f5" testName="FormatToStringTest1000 (67230.86250807665,67230.86 zł)" computerName="DESKTOP-5URQ9PB" duration="00:00:00.0000222" startTime="2022-06-13T21:11:34.9022218+02:00" endTime="2022-06-13T21:11:34.9023538+02:00" testType="13cdc9d9-ddb5-4fa4-a97d-d965ccfc6d4b" outcome="Passed" testListId="8c84fa94-04c1-424b-9868-57a2d4851a1d" relativeResultsDirectory="0feaa74d-f4a3-4879-89b1-c609a9956ae0" />
    <UnitTestResult executionId="26bee3c3-3983-4f3e-8b5d-c0253377a2c1" testId="81b75eba-22cb-49d3-8949-fe93726a6770" testName="FormatToStringTest1000 (36047.83545033672,36047.84 zł)" computerName="DESKTOP-5URQ9PB" duration="00:00:00.0000064" startTime="2022-06-13T21:11:35.1286489+02:00" endTime="2022-06-13T21:11:35.1287139+02:00" testType="13cdc9d9-ddb5-4fa4-a97d-d965ccfc6d4b" outcome="Passed" testListId="8c84fa94-04c1-424b-9868-57a2d4851a1d" relativeResultsDirectory="26bee3c3-3983-4f3e-8b5d-c0253377a2c1" />
    <UnitTestResult executionId="ba09dd6b-e955-4a6c-80a1-445f2b9866ab" testId="3aa2d6f4-460d-4962-b07f-acb26cd83cab" testName="FormatToStringTest1000 (26207.03715363659,26207.04 zł)" computerName="DESKTOP-5URQ9PB" duration="00:00:00.0000068" startTime="2022-06-13T21:11:34.9294065+02:00" endTime="2022-06-13T21:11:34.9294797+02:00" testType="13cdc9d9-ddb5-4fa4-a97d-d965ccfc6d4b" outcome="Passed" testListId="8c84fa94-04c1-424b-9868-57a2d4851a1d" relativeResultsDirectory="ba09dd6b-e955-4a6c-80a1-445f2b9866ab" />
    <UnitTestResult executionId="f6e89852-2319-4085-b6c1-13e871e0f94e" testId="9828302c-8b49-42ba-93a0-a7c6652eba8f" testName="FormatToStringTest1000 (37160.85331540269,37160.85 zł)" computerName="DESKTOP-5URQ9PB" duration="00:00:00.0000068" startTime="2022-06-13T21:11:34.9128616+02:00" endTime="2022-06-13T21:11:34.9129364+02:00" testType="13cdc9d9-ddb5-4fa4-a97d-d965ccfc6d4b" outcome="Passed" testListId="8c84fa94-04c1-424b-9868-57a2d4851a1d" relativeResultsDirectory="f6e89852-2319-4085-b6c1-13e871e0f94e" />
    <UnitTestResult executionId="edd80568-fb3a-4768-97f2-63d6ce5a4db7" testId="cc564962-c665-46ce-bf23-b5fd42d77424" testName="FormatToStringTest1000 (66284.43763489948,66284.44 zł)" computerName="DESKTOP-5URQ9PB" duration="00:00:00.0000063" startTime="2022-06-13T21:11:35.1094453+02:00" endTime="2022-06-13T21:11:35.1095100+02:00" testType="13cdc9d9-ddb5-4fa4-a97d-d965ccfc6d4b" outcome="Passed" testListId="8c84fa94-04c1-424b-9868-57a2d4851a1d" relativeResultsDirectory="edd80568-fb3a-4768-97f2-63d6ce5a4db7" />
    <UnitTestResult executionId="8fdd6612-d282-4157-b650-908ccb696665" testId="efe843f9-14ae-4755-87a7-d02b3f3ca39d" testName="FormatToStringTest1000 (30111.54342534372,30111.54 zł)" computerName="DESKTOP-5URQ9PB" duration="00:00:00.0000064" startTime="2022-06-13T21:11:35.1858338+02:00" endTime="2022-06-13T21:11:35.1858980+02:00" testType="13cdc9d9-ddb5-4fa4-a97d-d965ccfc6d4b" outcome="Passed" testListId="8c84fa94-04c1-424b-9868-57a2d4851a1d" relativeResultsDirectory="8fdd6612-d282-4157-b650-908ccb696665" />
    <UnitTestResult executionId="8fa4d733-93f5-43a1-ac3a-59840f61b1dc" testId="14c4e615-1308-4016-b536-db6f71028342" testName="FormatToStringTest1000 (19006.315459580772,19006.32 zł)" computerName="DESKTOP-5URQ9PB" duration="00:00:00.0000065" startTime="2022-06-13T21:11:35.0304102+02:00" endTime="2022-06-13T21:11:35.0304774+02:00" testType="13cdc9d9-ddb5-4fa4-a97d-d965ccfc6d4b" outcome="Passed" testListId="8c84fa94-04c1-424b-9868-57a2d4851a1d" relativeResultsDirectory="8fa4d733-93f5-43a1-ac3a-59840f61b1dc" />
    <UnitTestResult executionId="15a77691-4931-4360-a733-dfe9bf4bdbd9" testId="069307d5-1191-4c8b-a596-3b9d3e9222af" testName="FormatToStringTest1000 (6205.946199725357,6205.95 zł)" computerName="DESKTOP-5URQ9PB" duration="00:00:00.0000067" startTime="2022-06-13T21:11:34.9965506+02:00" endTime="2022-06-13T21:11:34.9966207+02:00" testType="13cdc9d9-ddb5-4fa4-a97d-d965ccfc6d4b" outcome="Passed" testListId="8c84fa94-04c1-424b-9868-57a2d4851a1d" relativeResultsDirectory="15a77691-4931-4360-a733-dfe9bf4bdbd9" />
    <UnitTestResult executionId="11907e3d-fb6f-4c47-9851-1efbd52d34e8" testId="e1cf2cbb-d553-4871-951b-4ae1218d1b94" testName="FormatToStringTest1000 (11624.834848273003,11624.83 zł)" computerName="DESKTOP-5URQ9PB" duration="00:00:00.0000064" startTime="2022-06-13T21:11:35.0951551+02:00" endTime="2022-06-13T21:11:35.0952211+02:00" testType="13cdc9d9-ddb5-4fa4-a97d-d965ccfc6d4b" outcome="Passed" testListId="8c84fa94-04c1-424b-9868-57a2d4851a1d" relativeResultsDirectory="11907e3d-fb6f-4c47-9851-1efbd52d34e8" />
    <UnitTestResult executionId="0363b149-db91-4323-b6e4-d4624d081276" testId="695f7616-0e7d-496d-a26e-a925ba17d216" testName="FormatToStringTest1000 (22678.643495744862,22678.64 zł)" computerName="DESKTOP-5URQ9PB" duration="00:00:00.0000065" startTime="2022-06-13T21:11:35.1251207+02:00" endTime="2022-06-13T21:11:35.1251969+02:00" testType="13cdc9d9-ddb5-4fa4-a97d-d965ccfc6d4b" outcome="Passed" testListId="8c84fa94-04c1-424b-9868-57a2d4851a1d" relativeResultsDirectory="0363b149-db91-4323-b6e4-d4624d081276" />
    <UnitTestResult executionId="07fba3b0-a943-479e-9300-5942c4ed5269" testId="b3cd79d0-8a2e-4623-ac98-ae55e0d4f5ed" testName="FormatToStringTest1000 (6145.531235831571,6145.53 zł)" computerName="DESKTOP-5URQ9PB" duration="00:00:00.0000063" startTime="2022-06-13T21:11:34.9867652+02:00" endTime="2022-06-13T21:11:34.9868328+02:00" testType="13cdc9d9-ddb5-4fa4-a97d-d965ccfc6d4b" outcome="Passed" testListId="8c84fa94-04c1-424b-9868-57a2d4851a1d" relativeResultsDirectory="07fba3b0-a943-479e-9300-5942c4ed5269" />
    <UnitTestResult executionId="5e2b1d6c-0bee-4e08-846f-1a7ecc91024d" testId="4095ed4f-0414-4b1f-bad8-68c5c3504678" testName="FormatToStringTest1000 (6820.105136090938,6820.11 zł)" computerName="DESKTOP-5URQ9PB" duration="00:00:00.0000064" startTime="2022-06-13T21:11:35.1564140+02:00" endTime="2022-06-13T21:11:35.1564812+02:00" testType="13cdc9d9-ddb5-4fa4-a97d-d965ccfc6d4b" outcome="Passed" testListId="8c84fa94-04c1-424b-9868-57a2d4851a1d" relativeResultsDirectory="5e2b1d6c-0bee-4e08-846f-1a7ecc91024d" />
    <UnitTestResult executionId="5cabaa26-0858-4cbd-b972-4211abdffc61" testId="5f4ecf6a-2dae-4528-ab2e-beac91501bfb" testName="FormatToStringTest1000 (23789.556920184546,23789.56 zł)" computerName="DESKTOP-5URQ9PB" duration="00:00:00.0000070" startTime="2022-06-13T21:11:35.1877485+02:00" endTime="2022-06-13T21:11:35.1878336+02:00" testType="13cdc9d9-ddb5-4fa4-a97d-d965ccfc6d4b" outcome="Passed" testListId="8c84fa94-04c1-424b-9868-57a2d4851a1d" relativeResultsDirectory="5cabaa26-0858-4cbd-b972-4211abdffc61" />
    <UnitTestResult executionId="0433bb06-daaf-4b95-b953-cfe187f41140" testId="10bfa2da-2593-450f-9b36-63b1edf1ceb2" testName="FormatToStringTest1000 (5317.9582678023535,5317.96 zł)" computerName="DESKTOP-5URQ9PB" duration="00:00:00.0000064" startTime="2022-06-13T21:11:35.0949056+02:00" endTime="2022-06-13T21:11:35.0949715+02:00" testType="13cdc9d9-ddb5-4fa4-a97d-d965ccfc6d4b" outcome="Passed" testListId="8c84fa94-04c1-424b-9868-57a2d4851a1d" relativeResultsDirectory="0433bb06-daaf-4b95-b953-cfe187f41140" />
    <UnitTestResult executionId="08684626-cd72-4799-b34f-7b517ffd7ab3" testId="a5bc5498-ed43-41df-b033-3a7381b7f623" testName="FormatToStringTest1000 (19085.023282992664,19085.02 zł)" computerName="DESKTOP-5URQ9PB" duration="00:00:00.0000065" startTime="2022-06-13T21:11:35.0949884+02:00" endTime="2022-06-13T21:11:35.0950546+02:00" testType="13cdc9d9-ddb5-4fa4-a97d-d965ccfc6d4b" outcome="Passed" testListId="8c84fa94-04c1-424b-9868-57a2d4851a1d" relativeResultsDirectory="08684626-cd72-4799-b34f-7b517ffd7ab3" />
    <UnitTestResult executionId="7fd4ada3-651e-42aa-a992-539dc65a24ba" testId="83307d93-51fa-407c-b137-3fb39b1c3020" testName="FormatToStringTest1000 (13414.3551766441,13414.36 zł)" computerName="DESKTOP-5URQ9PB" duration="00:00:00.0000066" startTime="2022-06-13T21:11:34.9836502+02:00" endTime="2022-06-13T21:11:34.9837157+02:00" testType="13cdc9d9-ddb5-4fa4-a97d-d965ccfc6d4b" outcome="Passed" testListId="8c84fa94-04c1-424b-9868-57a2d4851a1d" relativeResultsDirectory="7fd4ada3-651e-42aa-a992-539dc65a24ba" />
    <UnitTestResult executionId="b9b3acba-d2f4-4657-be6b-78cdd937345c" testId="d4cd2bd7-2a38-4c6a-82f1-d79b494c31aa" testName="FormatToStringTest1000 (591.2110872302256,591.21 zł)" computerName="DESKTOP-5URQ9PB" duration="00:00:00.0000083" startTime="2022-06-13T21:11:34.8619205+02:00" endTime="2022-06-13T21:11:34.8620132+02:00" testType="13cdc9d9-ddb5-4fa4-a97d-d965ccfc6d4b" outcome="Passed" testListId="8c84fa94-04c1-424b-9868-57a2d4851a1d" relativeResultsDirectory="b9b3acba-d2f4-4657-be6b-78cdd937345c" />
    <UnitTestResult executionId="525965a0-a36d-49f7-91a7-280d0d10adba" testId="69374be0-7208-47a0-80aa-5096768d460b" testName="FormatToStringTest1000 (4812.162927013898,4812.16 zł)" computerName="DESKTOP-5URQ9PB" duration="00:00:00.0000069" startTime="2022-06-13T21:11:34.9685682+02:00" endTime="2022-06-13T21:11:34.9686447+02:00" testType="13cdc9d9-ddb5-4fa4-a97d-d965ccfc6d4b" outcome="Passed" testListId="8c84fa94-04c1-424b-9868-57a2d4851a1d" relativeResultsDirectory="525965a0-a36d-49f7-91a7-280d0d10adba" />
    <UnitTestResult executionId="76428967-27de-47b3-93c6-133415918a1d" testId="d28a3926-db60-4175-9951-d9495c652842" testName="FormatToStringTest1000 (34084.19497795599,34084.19 zł)" computerName="DESKTOP-5URQ9PB" duration="00:00:00.0000065" startTime="2022-06-13T21:11:35.1994233+02:00" endTime="2022-06-13T21:11:35.1994887+02:00" testType="13cdc9d9-ddb5-4fa4-a97d-d965ccfc6d4b" outcome="Passed" testListId="8c84fa94-04c1-424b-9868-57a2d4851a1d" relativeResultsDirectory="76428967-27de-47b3-93c6-133415918a1d" />
    <UnitTestResult executionId="e7ce9cd6-8b20-4626-99a0-a0f887a5d2b4" testId="e16ded87-6558-4d9c-957f-6e8f8a7bb152" testName="FormatToStringTest1000 (25882.451101077,25882.45 zł)" computerName="DESKTOP-5URQ9PB" duration="00:00:00.0000174" startTime="2022-06-13T21:11:35.0784542+02:00" endTime="2022-06-13T21:11:35.0786677+02:00" testType="13cdc9d9-ddb5-4fa4-a97d-d965ccfc6d4b" outcome="Passed" testListId="8c84fa94-04c1-424b-9868-57a2d4851a1d" relativeResultsDirectory="e7ce9cd6-8b20-4626-99a0-a0f887a5d2b4" />
    <UnitTestResult executionId="53908aec-196b-4e63-8ad8-cc7a022ff3f5" testId="8b73311c-baaa-4154-a8df-ffe9f7b76d5b" testName="FormatToStringTest1000 (823.2747994560166,823.27 zł)" computerName="DESKTOP-5URQ9PB" duration="00:00:00.0000065" startTime="2022-06-13T21:11:35.1434619+02:00" endTime="2022-06-13T21:11:35.1435280+02:00" testType="13cdc9d9-ddb5-4fa4-a97d-d965ccfc6d4b" outcome="Passed" testListId="8c84fa94-04c1-424b-9868-57a2d4851a1d" relativeResultsDirectory="53908aec-196b-4e63-8ad8-cc7a022ff3f5" />
    <UnitTestResult executionId="38d6b22b-5b6d-489d-939f-822d74ffd1d5" testId="113484ae-cf7b-48e0-b300-28bce2d7fece" testName="FormatToStringTest1000 (19783.413847500186,19783.41 zł)" computerName="DESKTOP-5URQ9PB" duration="00:00:00.0000072" startTime="2022-06-13T21:11:35.1753184+02:00" endTime="2022-06-13T21:11:35.1753944+02:00" testType="13cdc9d9-ddb5-4fa4-a97d-d965ccfc6d4b" outcome="Passed" testListId="8c84fa94-04c1-424b-9868-57a2d4851a1d" relativeResultsDirectory="38d6b22b-5b6d-489d-939f-822d74ffd1d5" />
    <UnitTestResult executionId="e3320dfb-a262-40cf-928a-70c947abc2f0" testId="b634e23b-8a8a-4365-8544-1ac6333880ca" testName="FormatToStringTest1000 (2901.9683054191846,2901.97 zł)" computerName="DESKTOP-5URQ9PB" duration="00:00:00.0000065" startTime="2022-06-13T21:11:34.9582751+02:00" endTime="2022-06-13T21:11:34.9583491+02:00" testType="13cdc9d9-ddb5-4fa4-a97d-d965ccfc6d4b" outcome="Passed" testListId="8c84fa94-04c1-424b-9868-57a2d4851a1d" relativeResultsDirectory="e3320dfb-a262-40cf-928a-70c947abc2f0" />
    <UnitTestResult executionId="addd25de-362a-423f-a48f-385b66b13168" testId="1176f83a-b070-4bcb-a3e3-fb7a83e9fbb7" testName="FormatToStringTest1000 (21328.29026726507,21328.29 zł)" computerName="DESKTOP-5URQ9PB" duration="00:00:00.0000114" startTime="2022-06-13T21:11:35.1802772+02:00" endTime="2022-06-13T21:11:35.1803484+02:00" testType="13cdc9d9-ddb5-4fa4-a97d-d965ccfc6d4b" outcome="Passed" testListId="8c84fa94-04c1-424b-9868-57a2d4851a1d" relativeResultsDirectory="addd25de-362a-423f-a48f-385b66b13168" />
    <UnitTestResult executionId="05e439c3-cdb6-42dd-81a5-0a0fd8f5b978" testId="1073d021-83f4-4308-9b59-b0e8d2603632" testName="FormatToStringTest1000 (22799.991836491965,22799.99 zł)" computerName="DESKTOP-5URQ9PB" duration="00:00:00.0000067" startTime="2022-06-13T21:11:35.0174428+02:00" endTime="2022-06-13T21:11:35.0175123+02:00" testType="13cdc9d9-ddb5-4fa4-a97d-d965ccfc6d4b" outcome="Passed" testListId="8c84fa94-04c1-424b-9868-57a2d4851a1d" relativeResultsDirectory="05e439c3-cdb6-42dd-81a5-0a0fd8f5b978" />
    <UnitTestResult executionId="32da2949-ef77-4732-a578-f7f2ba9d523b" testId="8380163d-c766-4184-b713-d0475018dc67" testName="FormatToStringTest1000 (17988.455793307843,17988.46 zł)" computerName="DESKTOP-5URQ9PB" duration="00:00:00.0000062" startTime="2022-06-13T21:11:34.9096025+02:00" endTime="2022-06-13T21:11:34.9096695+02:00" testType="13cdc9d9-ddb5-4fa4-a97d-d965ccfc6d4b" outcome="Passed" testListId="8c84fa94-04c1-424b-9868-57a2d4851a1d" relativeResultsDirectory="32da2949-ef77-4732-a578-f7f2ba9d523b" />
    <UnitTestResult executionId="99cabbf2-2a77-4da5-a0c1-32da4a1eb6c9" testId="1bf88082-501a-490f-a5d6-65803fb5028a" testName="FormatToStringTest1000 (28072.424637532058,28072.42 zł)" computerName="DESKTOP-5URQ9PB" duration="00:00:00.0000065" startTime="2022-06-13T21:11:34.8585252+02:00" endTime="2022-06-13T21:11:34.8585926+02:00" testType="13cdc9d9-ddb5-4fa4-a97d-d965ccfc6d4b" outcome="Passed" testListId="8c84fa94-04c1-424b-9868-57a2d4851a1d" relativeResultsDirectory="99cabbf2-2a77-4da5-a0c1-32da4a1eb6c9" />
    <UnitTestResult executionId="f146ce4e-3e62-4176-bd54-dd54291bc9d2" testId="dbc87ef4-cddf-4fa2-ad47-2fd9db108aa5" testName="FormatToStringTest1000 (15520.346099893259,15520.35 zł)" computerName="DESKTOP-5URQ9PB" duration="00:00:00.0000064" startTime="2022-06-13T21:11:35.1117492+02:00" endTime="2022-06-13T21:11:35.1118140+02:00" testType="13cdc9d9-ddb5-4fa4-a97d-d965ccfc6d4b" outcome="Passed" testListId="8c84fa94-04c1-424b-9868-57a2d4851a1d" relativeResultsDirectory="f146ce4e-3e62-4176-bd54-dd54291bc9d2" />
    <UnitTestResult executionId="d8660f29-6d4a-42b7-917d-882aedafb6dd" testId="3e5a75f6-d75b-4032-97c4-15079316b338" testName="FormatToStringTest1000 (13046.352146307172,13046.35 zł)" computerName="DESKTOP-5URQ9PB" duration="00:00:00.0000066" startTime="2022-06-13T21:11:35.1832024+02:00" endTime="2022-06-13T21:11:35.1832678+02:00" testType="13cdc9d9-ddb5-4fa4-a97d-d965ccfc6d4b" outcome="Passed" testListId="8c84fa94-04c1-424b-9868-57a2d4851a1d" relativeResultsDirectory="d8660f29-6d4a-42b7-917d-882aedafb6dd" />
    <UnitTestResult executionId="0c1f209b-d4bc-4ffb-8521-6eabfd78a582" testId="69aed9ef-6aae-4962-a38b-6b186c624ccc" testName="FormatToStringTest1000 (67338.80028760935,67338.80 zł)" computerName="DESKTOP-5URQ9PB" duration="00:00:00.0000073" startTime="2022-06-13T21:11:34.8582557+02:00" endTime="2022-06-13T21:11:34.8583254+02:00" testType="13cdc9d9-ddb5-4fa4-a97d-d965ccfc6d4b" outcome="Passed" testListId="8c84fa94-04c1-424b-9868-57a2d4851a1d" relativeResultsDirectory="0c1f209b-d4bc-4ffb-8521-6eabfd78a582" />
    <UnitTestResult executionId="f3cb7418-ebfc-465e-b343-661ac29980f9" testId="ac039f3c-abd4-416b-9ae9-a6b94c3bfe95" testName="FormatToStringTest1000 (57181.240528605056,57181.24 zł)" computerName="DESKTOP-5URQ9PB" duration="00:00:00.0000066" startTime="2022-06-13T21:11:34.9798832+02:00" endTime="2022-06-13T21:11:34.9799510+02:00" testType="13cdc9d9-ddb5-4fa4-a97d-d965ccfc6d4b" outcome="Passed" testListId="8c84fa94-04c1-424b-9868-57a2d4851a1d" relativeResultsDirectory="f3cb7418-ebfc-465e-b343-661ac29980f9" />
    <UnitTestResult executionId="3e72f5b2-95fd-43f5-9934-84d0aecc002a" testId="5e496900-c997-4521-8462-609fd5c170f3" testName="FormatToStringTest1000 (50991.22189691114,50991.22 zł)" computerName="DESKTOP-5URQ9PB" duration="00:00:00.0000066" startTime="2022-06-13T21:11:34.8797979+02:00" endTime="2022-06-13T21:11:34.8798732+02:00" testType="13cdc9d9-ddb5-4fa4-a97d-d965ccfc6d4b" outcome="Passed" testListId="8c84fa94-04c1-424b-9868-57a2d4851a1d" relativeResultsDirectory="3e72f5b2-95fd-43f5-9934-84d0aecc002a" />
    <UnitTestResult executionId="6b633072-ba57-49b2-bf21-d2fcc3b3646b" testId="5d6b46f2-c6e1-4c9f-8a67-a39c4561c5fe" testName="FormatToStringTest1000 (52858.048916166204,52858.05 zł)" computerName="DESKTOP-5URQ9PB" duration="00:00:00.0000068" startTime="2022-06-13T21:11:34.8879435+02:00" endTime="2022-06-13T21:11:34.8880226+02:00" testType="13cdc9d9-ddb5-4fa4-a97d-d965ccfc6d4b" outcome="Passed" testListId="8c84fa94-04c1-424b-9868-57a2d4851a1d" relativeResultsDirectory="6b633072-ba57-49b2-bf21-d2fcc3b3646b" />
    <UnitTestResult executionId="a1bc26c4-3153-4dc5-9b92-042cc8e3b598" testId="46645656-a12e-4712-ad53-7b889f8efce9" testName="FormatToStringTest1000 (18208.8422650126,18208.84 zł)" computerName="DESKTOP-5URQ9PB" duration="00:00:00.0000067" startTime="2022-06-13T21:11:34.9584534+02:00" endTime="2022-06-13T21:11:34.9585186+02:00" testType="13cdc9d9-ddb5-4fa4-a97d-d965ccfc6d4b" outcome="Passed" testListId="8c84fa94-04c1-424b-9868-57a2d4851a1d" relativeResultsDirectory="a1bc26c4-3153-4dc5-9b92-042cc8e3b598" />
    <UnitTestResult executionId="26cd6888-143d-45b9-99c0-2df18e37ee77" testId="3bb839b8-94d3-408b-9d9b-20a2eabe5ef1" testName="FormatToStringTest1000 (38961.459057294516,38961.46 zł)" computerName="DESKTOP-5URQ9PB" duration="00:00:00.0000090" startTime="2022-06-13T21:11:35.0099383+02:00" endTime="2022-06-13T21:11:35.0100471+02:00" testType="13cdc9d9-ddb5-4fa4-a97d-d965ccfc6d4b" outcome="Passed" testListId="8c84fa94-04c1-424b-9868-57a2d4851a1d" relativeResultsDirectory="26cd6888-143d-45b9-99c0-2df18e37ee77" />
    <UnitTestResult executionId="0d9d81db-5a9d-4bea-a63d-a5a7cea755a8" testId="36c7300b-2465-44f3-a733-4f058385a40d" testName="FormatToStringTest1000 (14712.754747761765,14712.75 zł)" computerName="DESKTOP-5URQ9PB" duration="00:00:00.0000067" startTime="2022-06-13T21:11:35.1517476+02:00" endTime="2022-06-13T21:11:35.1518153+02:00" testType="13cdc9d9-ddb5-4fa4-a97d-d965ccfc6d4b" outcome="Passed" testListId="8c84fa94-04c1-424b-9868-57a2d4851a1d" relativeResultsDirectory="0d9d81db-5a9d-4bea-a63d-a5a7cea755a8" />
    <UnitTestResult executionId="7dd93efd-56d0-4b4f-b5d8-c9f715705fe2" testId="5bd9f601-59b2-40a5-9c9f-21c9bfab779a" testName="FormatToStringTest1000 (9624.06628225188,9624.07 zł)" computerName="DESKTOP-5URQ9PB" duration="00:00:00.0000065" startTime="2022-06-13T21:11:35.1417286+02:00" endTime="2022-06-13T21:11:35.1417911+02:00" testType="13cdc9d9-ddb5-4fa4-a97d-d965ccfc6d4b" outcome="Passed" testListId="8c84fa94-04c1-424b-9868-57a2d4851a1d" relativeResultsDirectory="7dd93efd-56d0-4b4f-b5d8-c9f715705fe2" />
    <UnitTestResult executionId="9e13c50f-a0f6-418e-b77b-1c8e9a8d19d4" testId="be269db8-92b4-479c-a9f0-1098c229fa2f" testName="FormatToStringTest1000 (3694.480496819355,3694.48 zł)" computerName="DESKTOP-5URQ9PB" duration="00:00:00.0000067" startTime="2022-06-13T21:11:34.9383249+02:00" endTime="2022-06-13T21:11:34.9384090+02:00" testType="13cdc9d9-ddb5-4fa4-a97d-d965ccfc6d4b" outcome="Passed" testListId="8c84fa94-04c1-424b-9868-57a2d4851a1d" relativeResultsDirectory="9e13c50f-a0f6-418e-b77b-1c8e9a8d19d4" />
    <UnitTestResult executionId="7c9c0146-fd57-4d04-ad45-4a4fe9ac2718" testId="f392aa56-ef3e-4dc9-b85f-0e5e02c882c2" testName="FormatToStringTest1000 (38904.87092920806,38904.87 zł)" computerName="DESKTOP-5URQ9PB" duration="00:00:00.0000064" startTime="2022-06-13T21:11:35.0929577+02:00" endTime="2022-06-13T21:11:35.0930248+02:00" testType="13cdc9d9-ddb5-4fa4-a97d-d965ccfc6d4b" outcome="Passed" testListId="8c84fa94-04c1-424b-9868-57a2d4851a1d" relativeResultsDirectory="7c9c0146-fd57-4d04-ad45-4a4fe9ac2718" />
    <UnitTestResult executionId="2993e2b8-74c0-4856-acc1-d0bcd7aca3af" testId="c6e2df70-57e0-42a3-be45-5a5ecceaf9dd" testName="FormatToStringTest1000 (96022.24851977557,96022.25 zł)" computerName="DESKTOP-5URQ9PB" duration="00:00:00.0000065" startTime="2022-06-13T21:11:35.1331141+02:00" endTime="2022-06-13T21:11:35.1331791+02:00" testType="13cdc9d9-ddb5-4fa4-a97d-d965ccfc6d4b" outcome="Passed" testListId="8c84fa94-04c1-424b-9868-57a2d4851a1d" relativeResultsDirectory="2993e2b8-74c0-4856-acc1-d0bcd7aca3af" />
    <UnitTestResult executionId="3c1974ff-ca1f-405d-8ec5-1508ed278b0a" testId="e65e0449-2f0b-43b4-aebc-04b014234afc" testName="FormatToStringTest1000 (24646.322657574587,24646.32 zł)" computerName="DESKTOP-5URQ9PB" duration="00:00:00.0000070" startTime="2022-06-13T21:11:35.0047542+02:00" endTime="2022-06-13T21:11:35.0048354+02:00" testType="13cdc9d9-ddb5-4fa4-a97d-d965ccfc6d4b" outcome="Passed" testListId="8c84fa94-04c1-424b-9868-57a2d4851a1d" relativeResultsDirectory="3c1974ff-ca1f-405d-8ec5-1508ed278b0a" />
    <UnitTestResult executionId="a144eed8-b4da-495b-85e3-ba7c679746cb" testId="91acab91-b0f9-42bb-a200-3cbfcfd15fe6" testName="FormatToStringTest1000 (79.6815319544084,79.68 zł)" computerName="DESKTOP-5URQ9PB" duration="00:00:00.0000191" startTime="2022-06-13T21:11:34.8474490+02:00" endTime="2022-06-13T21:11:34.8476852+02:00" testType="13cdc9d9-ddb5-4fa4-a97d-d965ccfc6d4b" outcome="Passed" testListId="8c84fa94-04c1-424b-9868-57a2d4851a1d" relativeResultsDirectory="a144eed8-b4da-495b-85e3-ba7c679746cb" />
    <UnitTestResult executionId="d7c5bc6c-2f39-4eae-b24c-d109baba3c2e" testId="635fada2-e801-4d5b-94f0-5982d19c8d9b" testName="FormatToStringTest1000 (30807.823896702295,30807.82 zł)" computerName="DESKTOP-5URQ9PB" duration="00:00:00.0000065" startTime="2022-06-13T21:11:35.1373561+02:00" endTime="2022-06-13T21:11:35.1374216+02:00" testType="13cdc9d9-ddb5-4fa4-a97d-d965ccfc6d4b" outcome="Passed" testListId="8c84fa94-04c1-424b-9868-57a2d4851a1d" relativeResultsDirectory="d7c5bc6c-2f39-4eae-b24c-d109baba3c2e" />
    <UnitTestResult executionId="50fa51da-973a-4563-8ee6-9a528e4c9a24" testId="2f212e2a-646a-4d5d-b2ee-e02fa930db5c" testName="FormatToStringTest1000 (47256.065730817645,47256.07 zł)" computerName="DESKTOP-5URQ9PB" duration="00:00:00.0000066" startTime="2022-06-13T21:11:34.9446006+02:00" endTime="2022-06-13T21:11:34.9446713+02:00" testType="13cdc9d9-ddb5-4fa4-a97d-d965ccfc6d4b" outcome="Passed" testListId="8c84fa94-04c1-424b-9868-57a2d4851a1d" relativeResultsDirectory="50fa51da-973a-4563-8ee6-9a528e4c9a24" />
    <UnitTestResult executionId="a8bd180d-2d92-4b40-9533-1175b01db78e" testId="563193e2-fd43-4f61-9ca5-904872524b5e" testName="FormatToStringTest1000 (73372.53853826903,73372.54 zł)" computerName="DESKTOP-5URQ9PB" duration="00:00:00.0000064" startTime="2022-06-13T21:11:34.9587901+02:00" endTime="2022-06-13T21:11:34.9588579+02:00" testType="13cdc9d9-ddb5-4fa4-a97d-d965ccfc6d4b" outcome="Passed" testListId="8c84fa94-04c1-424b-9868-57a2d4851a1d" relativeResultsDirectory="a8bd180d-2d92-4b40-9533-1175b01db78e" />
    <UnitTestResult executionId="6f6e8bc2-4d09-4173-928a-f3b7582c37ba" testId="7a7b14ee-2a92-4059-98f7-a0c41c364d7a" testName="FormatToStringTest1000 (10227.532692039169,10227.53 zł)" computerName="DESKTOP-5URQ9PB" duration="00:00:00.0000062" startTime="2022-06-13T21:11:34.9184732+02:00" endTime="2022-06-13T21:11:34.9185408+02:00" testType="13cdc9d9-ddb5-4fa4-a97d-d965ccfc6d4b" outcome="Passed" testListId="8c84fa94-04c1-424b-9868-57a2d4851a1d" relativeResultsDirectory="6f6e8bc2-4d09-4173-928a-f3b7582c37ba" />
    <UnitTestResult executionId="5da04d48-c757-4dd2-bcec-c6dfef40aac2" testId="4d0eacd6-2c87-4b0d-85d9-05ea4a06da92" testName="FormatToStringTest1000 (2929.267390865026,2929.27 zł)" computerName="DESKTOP-5URQ9PB" duration="00:00:00.0000071" startTime="2022-06-13T21:11:35.1727471+02:00" endTime="2022-06-13T21:11:35.1728234+02:00" testType="13cdc9d9-ddb5-4fa4-a97d-d965ccfc6d4b" outcome="Passed" testListId="8c84fa94-04c1-424b-9868-57a2d4851a1d" relativeResultsDirectory="5da04d48-c757-4dd2-bcec-c6dfef40aac2" />
    <UnitTestResult executionId="be700b20-ff60-4b65-95b1-1c1a20b20845" testId="e229666c-8685-4840-ab3c-b96dafedc3c2" testName="FormatToStringTest1000 (9431.144757136304,9431.14 zł)" computerName="DESKTOP-5URQ9PB" duration="00:00:00.0000064" startTime="2022-06-13T21:11:34.9063859+02:00" endTime="2022-06-13T21:11:34.9064544+02:00" testType="13cdc9d9-ddb5-4fa4-a97d-d965ccfc6d4b" outcome="Passed" testListId="8c84fa94-04c1-424b-9868-57a2d4851a1d" relativeResultsDirectory="be700b20-ff60-4b65-95b1-1c1a20b20845" />
    <UnitTestResult executionId="fa458516-8c34-42c9-bfa4-650d4dcf27b1" testId="d4f53de4-675d-4e8c-a1d1-d79d42ef845c" testName="FormatToStringTest1000 (32863.31705269558,32863.32 zł)" computerName="DESKTOP-5URQ9PB" duration="00:00:00.0000066" startTime="2022-06-13T21:11:35.1438724+02:00" endTime="2022-06-13T21:11:35.1439376+02:00" testType="13cdc9d9-ddb5-4fa4-a97d-d965ccfc6d4b" outcome="Passed" testListId="8c84fa94-04c1-424b-9868-57a2d4851a1d" relativeResultsDirectory="fa458516-8c34-42c9-bfa4-650d4dcf27b1" />
    <UnitTestResult executionId="b39a5d8c-9f36-45a0-aedb-d30ebabc6b0c" testId="9dd8a015-3327-4117-b815-3c0811aa2ece" testName="FormatToStringTest1000 (15080.274618567097,15080.27 zł)" computerName="DESKTOP-5URQ9PB" duration="00:00:00.0000751" startTime="2022-06-13T21:11:35.0412263+02:00" endTime="2022-06-13T21:11:35.0422328+02:00" testType="13cdc9d9-ddb5-4fa4-a97d-d965ccfc6d4b" outcome="Passed" testListId="8c84fa94-04c1-424b-9868-57a2d4851a1d" relativeResultsDirectory="b39a5d8c-9f36-45a0-aedb-d30ebabc6b0c" />
    <UnitTestResult executionId="466e0fa1-254f-4850-acf2-2727acd02bc4" testId="d54d77c4-c848-4962-8113-7e4d3aa6d979" testName="FormatToStringTest1000 (79339.95632144621,79339.96 zł)" computerName="DESKTOP-5URQ9PB" duration="00:00:00.0000064" startTime="2022-06-13T21:11:35.1972364+02:00" endTime="2022-06-13T21:11:35.1973015+02:00" testType="13cdc9d9-ddb5-4fa4-a97d-d965ccfc6d4b" outcome="Passed" testListId="8c84fa94-04c1-424b-9868-57a2d4851a1d" relativeResultsDirectory="466e0fa1-254f-4850-acf2-2727acd02bc4" />
    <UnitTestResult executionId="00f7cb6e-efef-4871-a718-b61754b913b8" testId="e2e265bd-445f-47c0-beea-85c510df5b86" testName="FormatToStringTest1000 (28579.14698705503,28579.15 zł)" computerName="DESKTOP-5URQ9PB" duration="00:00:00.0000068" startTime="2022-06-13T21:11:35.1146531+02:00" endTime="2022-06-13T21:11:35.1147231+02:00" testType="13cdc9d9-ddb5-4fa4-a97d-d965ccfc6d4b" outcome="Passed" testListId="8c84fa94-04c1-424b-9868-57a2d4851a1d" relativeResultsDirectory="00f7cb6e-efef-4871-a718-b61754b913b8" />
    <UnitTestResult executionId="b18411f8-2a66-41d9-996a-6668ce91eb5c" testId="fc4764d6-3482-49ec-9368-21f4e56e151b" testName="FormatToStringTest1000 (78519.41691976106,78519.42 zł)" computerName="DESKTOP-5URQ9PB" duration="00:00:00.0000064" startTime="2022-06-13T21:11:35.1189833+02:00" endTime="2022-06-13T21:11:35.1190480+02:00" testType="13cdc9d9-ddb5-4fa4-a97d-d965ccfc6d4b" outcome="Passed" testListId="8c84fa94-04c1-424b-9868-57a2d4851a1d" relativeResultsDirectory="b18411f8-2a66-41d9-996a-6668ce91eb5c" />
    <UnitTestResult executionId="286c61c7-f600-4269-851d-ed564bc12ef5" testId="a7151f5f-dea7-4a23-a771-5a97b1e6b48f" testName="FormatToStringTest1000 (63115.864864394935,63115.86 zł)" computerName="DESKTOP-5URQ9PB" duration="00:00:00.0000064" startTime="2022-06-13T21:11:34.8996953+02:00" endTime="2022-06-13T21:11:34.8997629+02:00" testType="13cdc9d9-ddb5-4fa4-a97d-d965ccfc6d4b" outcome="Passed" testListId="8c84fa94-04c1-424b-9868-57a2d4851a1d" relativeResultsDirectory="286c61c7-f600-4269-851d-ed564bc12ef5" />
    <UnitTestResult executionId="7dcf5d2d-be29-437b-8766-40fa5b236106" testId="fc81fa94-dbd2-4405-8a51-52778ff9dd36" testName="FormatToStringTest1000 (4139.032615562451,4139.03 zł)" computerName="DESKTOP-5URQ9PB" duration="00:00:00.0000064" startTime="2022-06-13T21:11:35.1352197+02:00" endTime="2022-06-13T21:11:35.1352852+02:00" testType="13cdc9d9-ddb5-4fa4-a97d-d965ccfc6d4b" outcome="Passed" testListId="8c84fa94-04c1-424b-9868-57a2d4851a1d" relativeResultsDirectory="7dcf5d2d-be29-437b-8766-40fa5b236106" />
    <UnitTestResult executionId="227d243d-1a63-41f3-9d68-f9c61e93725e" testId="adde1f97-b78a-4d1b-badc-feaf56d9a3c2" testName="FormatToStringTest1000 (34951.47290410077,34951.47 zł)" computerName="DESKTOP-5URQ9PB" duration="00:00:00.0000064" startTime="2022-06-13T21:11:35.0207152+02:00" endTime="2022-06-13T21:11:35.0207824+02:00" testType="13cdc9d9-ddb5-4fa4-a97d-d965ccfc6d4b" outcome="Passed" testListId="8c84fa94-04c1-424b-9868-57a2d4851a1d" relativeResultsDirectory="227d243d-1a63-41f3-9d68-f9c61e93725e" />
    <UnitTestResult executionId="e1970678-fafb-49d8-bca5-2f97c8b64609" testId="eccbe544-17c4-4cfa-b552-3d14441cbe17" testName="FormatToStringTest1000 (50339.31259969497,50339.31 zł)" computerName="DESKTOP-5URQ9PB" duration="00:00:00.0000148" startTime="2022-06-13T21:11:34.8793266+02:00" endTime="2022-06-13T21:11:34.8795420+02:00" testType="13cdc9d9-ddb5-4fa4-a97d-d965ccfc6d4b" outcome="Passed" testListId="8c84fa94-04c1-424b-9868-57a2d4851a1d" relativeResultsDirectory="e1970678-fafb-49d8-bca5-2f97c8b64609" />
    <UnitTestResult executionId="42093d55-b077-456f-a959-6c2327d0dad1" testId="31cc8b98-ae8e-4661-aa4f-ff89654eb3c4" testName="FormatToStringTest1000 (41368.29672956015,41368.30 zł)" computerName="DESKTOP-5URQ9PB" duration="00:00:00.0000065" startTime="2022-06-13T21:11:34.9486712+02:00" endTime="2022-06-13T21:11:34.9487396+02:00" testType="13cdc9d9-ddb5-4fa4-a97d-d965ccfc6d4b" outcome="Passed" testListId="8c84fa94-04c1-424b-9868-57a2d4851a1d" relativeResultsDirectory="42093d55-b077-456f-a959-6c2327d0dad1" />
    <UnitTestResult executionId="11b696c0-2291-4352-9aae-9695ab2ff16f" testId="7eaea38b-565d-48b1-a0d1-6e75080f3ac9" testName="FormatToStringTest1000 (36211.11038300866,36211.11 zł)" computerName="DESKTOP-5URQ9PB" duration="00:00:00.0000063" startTime="2022-06-13T21:11:35.1416471+02:00" endTime="2022-06-13T21:11:35.1417118+02:00" testType="13cdc9d9-ddb5-4fa4-a97d-d965ccfc6d4b" outcome="Passed" testListId="8c84fa94-04c1-424b-9868-57a2d4851a1d" relativeResultsDirectory="11b696c0-2291-4352-9aae-9695ab2ff16f" />
    <UnitTestResult executionId="c2c972e7-b93d-4fd0-a63a-731c329c07a5" testId="26c5faff-5bdc-4398-a468-2bbbe11592c6" testName="FormatToStringTest1000 (4419.750844657306,4419.75 zł)" computerName="DESKTOP-5URQ9PB" duration="00:00:00.0000074" startTime="2022-06-13T21:11:35.1433630+02:00" endTime="2022-06-13T21:11:35.1434426+02:00" testType="13cdc9d9-ddb5-4fa4-a97d-d965ccfc6d4b" outcome="Passed" testListId="8c84fa94-04c1-424b-9868-57a2d4851a1d" relativeResultsDirectory="c2c972e7-b93d-4fd0-a63a-731c329c07a5" />
    <UnitTestResult executionId="d6e6110e-19fa-43aa-bb83-6ae0c32ff650" testId="b615a97d-f035-4db3-90da-e69be46ad103" testName="FormatToStringTest1000 (32213.734885384205,32213.73 zł)" computerName="DESKTOP-5URQ9PB" duration="00:00:00.0000066" startTime="2022-06-13T21:11:35.1284834+02:00" endTime="2022-06-13T21:11:35.1285495+02:00" testType="13cdc9d9-ddb5-4fa4-a97d-d965ccfc6d4b" outcome="Passed" testListId="8c84fa94-04c1-424b-9868-57a2d4851a1d" relativeResultsDirectory="d6e6110e-19fa-43aa-bb83-6ae0c32ff650" />
    <UnitTestResult executionId="a3781c2a-32da-4d72-b01d-73d6fe949e31" testId="7b61bdfd-2d64-4b3e-887d-a57a33d0cc3b" testName="FormatToStringTest1000 (2339.5873176472205,2339.59 zł)" computerName="DESKTOP-5URQ9PB" duration="00:00:00.0000275" startTime="2022-06-13T21:11:35.0544862+02:00" endTime="2022-06-13T21:11:35.0547996+02:00" testType="13cdc9d9-ddb5-4fa4-a97d-d965ccfc6d4b" outcome="Passed" testListId="8c84fa94-04c1-424b-9868-57a2d4851a1d" relativeResultsDirectory="a3781c2a-32da-4d72-b01d-73d6fe949e31" />
    <UnitTestResult executionId="551829b2-6f8a-4e1f-a7d6-4d0227feee61" testId="e25b4d5d-4f45-4dcc-bd45-3148df4831ca" testName="FormatToStringTest1000 (22831.975917587977,22831.98 zł)" computerName="DESKTOP-5URQ9PB" duration="00:00:00.0000067" startTime="2022-06-13T21:11:35.0742871+02:00" endTime="2022-06-13T21:11:35.0743619+02:00" testType="13cdc9d9-ddb5-4fa4-a97d-d965ccfc6d4b" outcome="Passed" testListId="8c84fa94-04c1-424b-9868-57a2d4851a1d" relativeResultsDirectory="551829b2-6f8a-4e1f-a7d6-4d0227feee61" />
    <UnitTestResult executionId="2640dd81-102f-4be3-90fe-ce3c1f14097b" testId="6a3fda69-ba19-489b-92e7-3d961cbc064a" testName="FormatToStringTest1000 (20237.28532723723,20237.29 zł)" computerName="DESKTOP-5URQ9PB" duration="00:00:00.0000276" startTime="2022-06-13T21:11:35.0553038+02:00" endTime="2022-06-13T21:11:35.0554803+02:00" testType="13cdc9d9-ddb5-4fa4-a97d-d965ccfc6d4b" outcome="Passed" testListId="8c84fa94-04c1-424b-9868-57a2d4851a1d" relativeResultsDirectory="2640dd81-102f-4be3-90fe-ce3c1f14097b" />
    <UnitTestResult executionId="eef70c3d-957d-442f-a22b-7e592fccacf9" testId="773e99d0-e584-4973-ad07-e1ffca0d9bf3" testName="FormatToStringTest1000 (34145.534199603615,34145.53 zł)" computerName="DESKTOP-5URQ9PB" duration="00:00:00.0000062" startTime="2022-06-13T21:11:35.1229083+02:00" endTime="2022-06-13T21:11:35.1229736+02:00" testType="13cdc9d9-ddb5-4fa4-a97d-d965ccfc6d4b" outcome="Passed" testListId="8c84fa94-04c1-424b-9868-57a2d4851a1d" relativeResultsDirectory="eef70c3d-957d-442f-a22b-7e592fccacf9" />
    <UnitTestResult executionId="ca8246ce-e7d3-4191-a690-c0c93f26423f" testId="34d9634a-03ad-40af-ab44-f83d0649bd27" testName="FormatToStringTest1000 (48449.85582609189,48449.86 zł)" computerName="DESKTOP-5URQ9PB" duration="00:00:00.0000066" startTime="2022-06-13T21:11:35.0970521+02:00" endTime="2022-06-13T21:11:35.0971176+02:00" testType="13cdc9d9-ddb5-4fa4-a97d-d965ccfc6d4b" outcome="Passed" testListId="8c84fa94-04c1-424b-9868-57a2d4851a1d" relativeResultsDirectory="ca8246ce-e7d3-4191-a690-c0c93f26423f" />
    <UnitTestResult executionId="abccf2ee-7d5c-4a37-8147-2f320c45661a" testId="06b4d797-2443-4e4a-9b36-d158be257d58" testName="FormatToStringTest1000 (8492.904747505161,8492.90 zł)" computerName="DESKTOP-5URQ9PB" duration="00:00:00.0000065" startTime="2022-06-13T21:11:35.1356380+02:00" endTime="2022-06-13T21:11:35.1357030+02:00" testType="13cdc9d9-ddb5-4fa4-a97d-d965ccfc6d4b" outcome="Passed" testListId="8c84fa94-04c1-424b-9868-57a2d4851a1d" relativeResultsDirectory="abccf2ee-7d5c-4a37-8147-2f320c45661a" />
    <UnitTestResult executionId="d97ae617-c079-491c-a545-31e4cebfa46c" testId="f9a5c75a-fb61-4da9-955f-a90f805c71d8" testName="FormatToStringTest1000 (59283.48311990662,59283.48 zł)" computerName="DESKTOP-5URQ9PB" duration="00:00:00.0000067" startTime="2022-06-13T21:11:34.9653723+02:00" endTime="2022-06-13T21:11:34.9654485+02:00" testType="13cdc9d9-ddb5-4fa4-a97d-d965ccfc6d4b" outcome="Passed" testListId="8c84fa94-04c1-424b-9868-57a2d4851a1d" relativeResultsDirectory="d97ae617-c079-491c-a545-31e4cebfa46c" />
    <UnitTestResult executionId="486aa8ca-323b-4ee8-8ebf-7b514a5fa726" testId="013195f2-abff-47bc-b92e-b924e0972a61" testName="FormatToStringTest1000 (73301.91270130403,73301.91 zł)" computerName="DESKTOP-5URQ9PB" duration="00:00:00.0000065" startTime="2022-06-13T21:11:35.1518329+02:00" endTime="2022-06-13T21:11:35.1518997+02:00" testType="13cdc9d9-ddb5-4fa4-a97d-d965ccfc6d4b" outcome="Passed" testListId="8c84fa94-04c1-424b-9868-57a2d4851a1d" relativeResultsDirectory="486aa8ca-323b-4ee8-8ebf-7b514a5fa726" />
    <UnitTestResult executionId="4038de10-59c9-4a51-906c-623d342b1134" testId="83a6828f-d7b8-46c0-bcc6-8ee1660607e8" testName="FormatToStringTest1000 (4105.490993980081,4105.49 zł)" computerName="DESKTOP-5URQ9PB" duration="00:00:00.0000065" startTime="2022-06-13T21:11:34.9583673+02:00" endTime="2022-06-13T21:11:34.9584358+02:00" testType="13cdc9d9-ddb5-4fa4-a97d-d965ccfc6d4b" outcome="Passed" testListId="8c84fa94-04c1-424b-9868-57a2d4851a1d" relativeResultsDirectory="4038de10-59c9-4a51-906c-623d342b1134" />
    <UnitTestResult executionId="4cf95e95-f3dc-44bc-8811-4f7bea9d3a43" testId="4778772c-edea-4da7-8556-a561a42606d7" testName="FormatToStringTest1000 (10994.251866986162,10994.25 zł)" computerName="DESKTOP-5URQ9PB" duration="00:00:00.0000065" startTime="2022-06-13T21:11:35.0857657+02:00" endTime="2022-06-13T21:11:35.0858327+02:00" testType="13cdc9d9-ddb5-4fa4-a97d-d965ccfc6d4b" outcome="Passed" testListId="8c84fa94-04c1-424b-9868-57a2d4851a1d" relativeResultsDirectory="4cf95e95-f3dc-44bc-8811-4f7bea9d3a43" />
    <UnitTestResult executionId="7421572e-54b4-4623-a1d5-2f186ae2253a" testId="0fdb38d1-c813-4982-8fcc-c1bbcee27c01" testName="FormatToStringTest1000 (12641.700665183225,12641.70 zł)" computerName="DESKTOP-5URQ9PB" duration="00:00:00.0000067" startTime="2022-06-13T21:11:34.9619062+02:00" endTime="2022-06-13T21:11:34.9619858+02:00" testType="13cdc9d9-ddb5-4fa4-a97d-d965ccfc6d4b" outcome="Passed" testListId="8c84fa94-04c1-424b-9868-57a2d4851a1d" relativeResultsDirectory="7421572e-54b4-4623-a1d5-2f186ae2253a" />
    <UnitTestResult executionId="f0966088-4021-4619-8467-229ed5e74841" testId="a1756b11-c494-42d3-a79d-b13a2bca6b9c" testName="FormatToStringTest1000 (6035.818653228608,6035.82 zł)" computerName="DESKTOP-5URQ9PB" duration="00:00:00.0000072" startTime="2022-06-13T21:11:34.9863912+02:00" endTime="2022-06-13T21:11:34.9864857+02:00" testType="13cdc9d9-ddb5-4fa4-a97d-d965ccfc6d4b" outcome="Passed" testListId="8c84fa94-04c1-424b-9868-57a2d4851a1d" relativeResultsDirectory="f0966088-4021-4619-8467-229ed5e74841" />
    <UnitTestResult executionId="0405d8f5-8949-41e0-899d-0d97f886aa17" testId="842ed24d-c707-4e1a-bb37-768eac7e5e65" testName="FormatToStringTest1000 (26162.532683261918,26162.53 zł)" computerName="DESKTOP-5URQ9PB" duration="00:00:00.0000065" startTime="2022-06-13T21:11:35.1586663+02:00" endTime="2022-06-13T21:11:35.1587330+02:00" testType="13cdc9d9-ddb5-4fa4-a97d-d965ccfc6d4b" outcome="Passed" testListId="8c84fa94-04c1-424b-9868-57a2d4851a1d" relativeResultsDirectory="0405d8f5-8949-41e0-899d-0d97f886aa17" />
    <UnitTestResult executionId="c66c6242-58bb-4174-9dcf-e4a2545249d9" testId="689878b3-84f3-4eec-8431-c7beef5038c1" testName="FormatToStringTest1000 (15624.452361264477,15624.45 zł)" computerName="DESKTOP-5URQ9PB" duration="00:00:00.0000147" startTime="2022-06-13T21:11:35.0706369+02:00" endTime="2022-06-13T21:11:35.0707979+02:00" testType="13cdc9d9-ddb5-4fa4-a97d-d965ccfc6d4b" outcome="Passed" testListId="8c84fa94-04c1-424b-9868-57a2d4851a1d" relativeResultsDirectory="c66c6242-58bb-4174-9dcf-e4a2545249d9" />
    <UnitTestResult executionId="09a969a6-dea5-4d4b-b87d-f2cdad6b5e6e" testId="1e923ab3-2032-47fe-bc35-246b83435309" testName="FormatToStringTest1000 (6170.939441211959,6170.94 zł)" computerName="DESKTOP-5URQ9PB" duration="00:00:00.0000065" startTime="2022-06-13T21:11:35.0205442+02:00" endTime="2022-06-13T21:11:35.0206113+02:00" testType="13cdc9d9-ddb5-4fa4-a97d-d965ccfc6d4b" outcome="Passed" testListId="8c84fa94-04c1-424b-9868-57a2d4851a1d" relativeResultsDirectory="09a969a6-dea5-4d4b-b87d-f2cdad6b5e6e" />
    <UnitTestResult executionId="25bc62df-7ac0-4c9c-b4a8-080e91d572c5" testId="2ad7bc50-d730-43e7-8494-ed4dc19c559a" testName="FormatToStringTest1000 (17579.823312525088,17579.82 zł)" computerName="DESKTOP-5URQ9PB" duration="00:00:00.0000068" startTime="2022-06-13T21:11:35.1212916+02:00" endTime="2022-06-13T21:11:35.1213705+02:00" testType="13cdc9d9-ddb5-4fa4-a97d-d965ccfc6d4b" outcome="Passed" testListId="8c84fa94-04c1-424b-9868-57a2d4851a1d" relativeResultsDirectory="25bc62df-7ac0-4c9c-b4a8-080e91d572c5" />
    <UnitTestResult executionId="94485938-05a2-4713-a7eb-ff8ff8dbaa2f" testId="ae00b889-9506-482d-b311-4d65378d77a8" testName="FormatToStringTest1000 (9196.579612724754,9196.58 zł)" computerName="DESKTOP-5URQ9PB" duration="00:00:00.0000065" startTime="2022-06-13T21:11:35.0834742+02:00" endTime="2022-06-13T21:11:35.0835410+02:00" testType="13cdc9d9-ddb5-4fa4-a97d-d965ccfc6d4b" outcome="Passed" testListId="8c84fa94-04c1-424b-9868-57a2d4851a1d" relativeResultsDirectory="94485938-05a2-4713-a7eb-ff8ff8dbaa2f" />
    <UnitTestResult executionId="529e368d-b6cd-4d5c-b72f-20bd2ca210cc" testId="80f15178-aa41-4d46-ba27-88aa435cc3d1" testName="FormatToStringTest1000 (72905.64834432845,72905.65 zł)" computerName="DESKTOP-5URQ9PB" duration="00:00:00.0000092" startTime="2022-06-13T21:11:35.1370810+02:00" endTime="2022-06-13T21:11:35.1371669+02:00" testType="13cdc9d9-ddb5-4fa4-a97d-d965ccfc6d4b" outcome="Passed" testListId="8c84fa94-04c1-424b-9868-57a2d4851a1d" relativeResultsDirectory="529e368d-b6cd-4d5c-b72f-20bd2ca210cc" />
    <UnitTestResult executionId="f5855e66-5207-4ee7-af62-c8a6e50bf918" testId="b721662e-516e-4404-8a4a-fe5c014548d9" testName="FormatToStringTest1000 (7191.024921368353,7191.02 zł)" computerName="DESKTOP-5URQ9PB" duration="00:00:00.0000087" startTime="2022-06-13T21:11:35.1327299+02:00" endTime="2022-06-13T21:11:35.1328266+02:00" testType="13cdc9d9-ddb5-4fa4-a97d-d965ccfc6d4b" outcome="Passed" testListId="8c84fa94-04c1-424b-9868-57a2d4851a1d" relativeResultsDirectory="f5855e66-5207-4ee7-af62-c8a6e50bf918" />
    <UnitTestResult executionId="d364c4d2-31f1-4050-8e2a-ab5babc9e965" testId="dc548b26-8e6a-4615-a254-c1ea447cc93a" testName="FormatToStringTest1000 (272.5621069118204,272.56 zł)" computerName="DESKTOP-5URQ9PB" duration="00:00:00.0000325" startTime="2022-06-13T21:11:35.0762927+02:00" endTime="2022-06-13T21:11:35.0763920+02:00" testType="13cdc9d9-ddb5-4fa4-a97d-d965ccfc6d4b" outcome="Passed" testListId="8c84fa94-04c1-424b-9868-57a2d4851a1d" relativeResultsDirectory="d364c4d2-31f1-4050-8e2a-ab5babc9e965" />
    <UnitTestResult executionId="02cbfcba-acac-4716-8f99-8aad320f4e9d" testId="eb4f3bff-a90c-4a1d-a945-59c8c17abb38" testName="FormatToStringTest1000 (55782.67998761762,55782.68 zł)" computerName="DESKTOP-5URQ9PB" duration="00:00:00.0000065" startTime="2022-06-13T21:11:34.9130446+02:00" endTime="2022-06-13T21:11:34.9131143+02:00" testType="13cdc9d9-ddb5-4fa4-a97d-d965ccfc6d4b" outcome="Passed" testListId="8c84fa94-04c1-424b-9868-57a2d4851a1d" relativeResultsDirectory="02cbfcba-acac-4716-8f99-8aad320f4e9d" />
    <UnitTestResult executionId="b4f7f812-abf7-449f-87c8-fdcd841f6bd7" testId="472ed64c-e7af-4621-902f-1ef3ad1a4d51" testName="FormatToStringTest1000 (12831.146874380833,12831.15 zł)" computerName="DESKTOP-5URQ9PB" duration="00:00:00.0000066" startTime="2022-06-13T21:11:35.0267570+02:00" endTime="2022-06-13T21:11:35.0268240+02:00" testType="13cdc9d9-ddb5-4fa4-a97d-d965ccfc6d4b" outcome="Passed" testListId="8c84fa94-04c1-424b-9868-57a2d4851a1d" relativeResultsDirectory="b4f7f812-abf7-449f-87c8-fdcd841f6bd7" />
    <UnitTestResult executionId="f0f268e5-e884-40a6-b6cf-60e4ffecccce" testId="1dbf8720-a787-40b6-be44-4c6b6b9372ff" testName="FormatToStringTest1000 (20497.107923553376,20497.11 zł)" computerName="DESKTOP-5URQ9PB" duration="00:00:00.0000063" startTime="2022-06-13T21:11:35.1754934+02:00" endTime="2022-06-13T21:11:35.1755594+02:00" testType="13cdc9d9-ddb5-4fa4-a97d-d965ccfc6d4b" outcome="Passed" testListId="8c84fa94-04c1-424b-9868-57a2d4851a1d" relativeResultsDirectory="f0f268e5-e884-40a6-b6cf-60e4ffecccce" />
    <UnitTestResult executionId="58f9e5d7-7c41-4703-be30-0f18f4d87c4e" testId="f7cc6d46-d112-4b98-ae4c-85468d7c5f5e" testName="FormatToStringTest1000 (27164.0272410419,27164.03 zł)" computerName="DESKTOP-5URQ9PB" duration="00:00:00.0000067" startTime="2022-06-13T21:11:34.9797978+02:00" endTime="2022-06-13T21:11:34.9798650+02:00" testType="13cdc9d9-ddb5-4fa4-a97d-d965ccfc6d4b" outcome="Passed" testListId="8c84fa94-04c1-424b-9868-57a2d4851a1d" relativeResultsDirectory="58f9e5d7-7c41-4703-be30-0f18f4d87c4e" />
    <UnitTestResult executionId="4398daa0-8bab-458f-998f-bbfea15ec50a" testId="8067271c-f187-47ed-95f8-de846ea8ff2d" testName="FormatToStringTest1000 (79973.08417819678,79973.08 zł)" computerName="DESKTOP-5URQ9PB" duration="00:00:00.0000065" startTime="2022-06-13T21:11:34.8037546+02:00" endTime="2022-06-13T21:11:34.8038224+02:00" testType="13cdc9d9-ddb5-4fa4-a97d-d965ccfc6d4b" outcome="Passed" testListId="8c84fa94-04c1-424b-9868-57a2d4851a1d" relativeResultsDirectory="4398daa0-8bab-458f-998f-bbfea15ec50a" />
    <UnitTestResult executionId="8b3aed5d-f063-420a-bcdf-309418b30cd0" testId="55cfacc1-87b0-4f66-9c25-3046748c436a" testName="FormatToStringTest1000 (1482.3501845832682,1482.35 zł)" computerName="DESKTOP-5URQ9PB" duration="00:00:00.0000066" startTime="2022-06-13T21:11:35.1567551+02:00" endTime="2022-06-13T21:11:35.1568218+02:00" testType="13cdc9d9-ddb5-4fa4-a97d-d965ccfc6d4b" outcome="Passed" testListId="8c84fa94-04c1-424b-9868-57a2d4851a1d" relativeResultsDirectory="8b3aed5d-f063-420a-bcdf-309418b30cd0" />
    <UnitTestResult executionId="d5fdbaa1-03ae-426d-b1a6-50973e76bfdb" testId="861173a0-c0bf-4ee3-aa09-3731972519d8" testName="FormatToStringTest1000 (48684.26840475959,48684.27 zł)" computerName="DESKTOP-5URQ9PB" duration="00:00:00.0000064" startTime="2022-06-13T21:11:35.1116664+02:00" endTime="2022-06-13T21:11:35.1117317+02:00" testType="13cdc9d9-ddb5-4fa4-a97d-d965ccfc6d4b" outcome="Passed" testListId="8c84fa94-04c1-424b-9868-57a2d4851a1d" relativeResultsDirectory="d5fdbaa1-03ae-426d-b1a6-50973e76bfdb" />
    <UnitTestResult executionId="fd57288a-8ae9-4fc6-b754-706010b0cf76" testId="17e2583a-e249-4042-a59c-c05a8a75a195" testName="FormatToStringTest1000 (70432.00656616595,70432.01 zł)" computerName="DESKTOP-5URQ9PB" duration="00:00:00.0000065" startTime="2022-06-13T21:11:35.1677299+02:00" endTime="2022-06-13T21:11:35.1677946+02:00" testType="13cdc9d9-ddb5-4fa4-a97d-d965ccfc6d4b" outcome="Passed" testListId="8c84fa94-04c1-424b-9868-57a2d4851a1d" relativeResultsDirectory="fd57288a-8ae9-4fc6-b754-706010b0cf76" />
    <UnitTestResult executionId="7cc70f70-2c25-4acd-b816-c44bfa787612" testId="e9e92649-af8c-423d-8365-e1bd4b33cc9f" testName="FormatToStringTest1000 (63291.50274994015,63291.50 zł)" computerName="DESKTOP-5URQ9PB" duration="00:00:00.0000365" startTime="2022-06-13T21:11:35.0458726+02:00" endTime="2022-06-13T21:11:35.0463219+02:00" testType="13cdc9d9-ddb5-4fa4-a97d-d965ccfc6d4b" outcome="Passed" testListId="8c84fa94-04c1-424b-9868-57a2d4851a1d" relativeResultsDirectory="7cc70f70-2c25-4acd-b816-c44bfa787612" />
    <UnitTestResult executionId="c186a517-6603-48a8-8540-fff9885a6833" testId="f91f64ca-8916-4d71-9d06-1adeacd7eef1" testName="FormatToStringTest1000 (38253.101637909705,38253.10 zł)" computerName="DESKTOP-5URQ9PB" duration="00:00:00.0000064" startTime="2022-06-13T21:11:35.1168800+02:00" endTime="2022-06-13T21:11:35.1169445+02:00" testType="13cdc9d9-ddb5-4fa4-a97d-d965ccfc6d4b" outcome="Passed" testListId="8c84fa94-04c1-424b-9868-57a2d4851a1d" relativeResultsDirectory="c186a517-6603-48a8-8540-fff9885a6833" />
    <UnitTestResult executionId="98f619fd-3790-44fc-8a49-757a36fc7b6a" testId="3177dbe9-b40c-442a-8480-4b10af8fcfca" testName="FormatToStringTest1000 (27629.79121039193,27629.79 zł)" computerName="DESKTOP-5URQ9PB" duration="00:00:00.0000066" startTime="2022-06-13T21:11:34.9966388+02:00" endTime="2022-06-13T21:11:34.9967072+02:00" testType="13cdc9d9-ddb5-4fa4-a97d-d965ccfc6d4b" outcome="Passed" testListId="8c84fa94-04c1-424b-9868-57a2d4851a1d" relativeResultsDirectory="98f619fd-3790-44fc-8a49-757a36fc7b6a" />
    <UnitTestResult executionId="ba74a0ff-e82b-43a8-b4d4-00179039e657" testId="6d91a45a-cbf9-4457-b641-dc753fb6cdb7" testName="FormatToStringTest1000 (39178.05988345298,39178.06 zł)" computerName="DESKTOP-5URQ9PB" duration="00:00:00.0000070" startTime="2022-06-13T21:11:34.8795857+02:00" endTime="2022-06-13T21:11:34.8796784+02:00" testType="13cdc9d9-ddb5-4fa4-a97d-d965ccfc6d4b" outcome="Passed" testListId="8c84fa94-04c1-424b-9868-57a2d4851a1d" relativeResultsDirectory="ba74a0ff-e82b-43a8-b4d4-00179039e657" />
    <UnitTestResult executionId="cbbd5220-9c58-4210-90c4-541ac8e77cc5" testId="e27ccd08-5fbc-400d-b08e-557a591d83a7" testName="FormatToStringTest1000 (1664.7834932994022,1664.78 zł)" computerName="DESKTOP-5URQ9PB" duration="00:00:00.0000070" startTime="2022-06-13T21:11:35.1990798+02:00" endTime="2022-06-13T21:11:35.1991460+02:00" testType="13cdc9d9-ddb5-4fa4-a97d-d965ccfc6d4b" outcome="Passed" testListId="8c84fa94-04c1-424b-9868-57a2d4851a1d" relativeResultsDirectory="cbbd5220-9c58-4210-90c4-541ac8e77cc5" />
    <UnitTestResult executionId="0d422eda-eae1-4827-bbcc-25dda8e4b598" testId="8e9a89f2-904f-4527-89dc-3e365f0458fd" testName="FormatToStringTest1000 (95353.10327693219,95353.10 zł)" computerName="DESKTOP-5URQ9PB" duration="00:00:00.0000068" startTime="2022-06-13T21:11:34.9252420+02:00" endTime="2022-06-13T21:11:34.9253138+02:00" testType="13cdc9d9-ddb5-4fa4-a97d-d965ccfc6d4b" outcome="Passed" testListId="8c84fa94-04c1-424b-9868-57a2d4851a1d" relativeResultsDirectory="0d422eda-eae1-4827-bbcc-25dda8e4b598" />
    <UnitTestResult executionId="c9db51de-3410-43de-a715-313ab4b69ce8" testId="7f0d9614-bc18-46b5-ad6d-af05a2345424" testName="FormatToStringTest1000 (81326.3340147521,81326.33 zł)" computerName="DESKTOP-5URQ9PB" duration="00:00:00.0000076" startTime="2022-06-13T21:11:35.1614717+02:00" endTime="2022-06-13T21:11:35.1615516+02:00" testType="13cdc9d9-ddb5-4fa4-a97d-d965ccfc6d4b" outcome="Passed" testListId="8c84fa94-04c1-424b-9868-57a2d4851a1d" relativeResultsDirectory="c9db51de-3410-43de-a715-313ab4b69ce8" />
    <UnitTestResult executionId="bcfc7097-db17-4cf7-888e-efc6b11f857b" testId="1a554178-2206-4769-b01c-cc385a6f647f" testName="FormatToStringTest1000 (2444.4726240530017,2444.47 zł)" computerName="DESKTOP-5URQ9PB" duration="00:00:00.0000063" startTime="2022-06-13T21:11:35.1785309+02:00" endTime="2022-06-13T21:11:35.1785954+02:00" testType="13cdc9d9-ddb5-4fa4-a97d-d965ccfc6d4b" outcome="Passed" testListId="8c84fa94-04c1-424b-9868-57a2d4851a1d" relativeResultsDirectory="bcfc7097-db17-4cf7-888e-efc6b11f857b" />
    <UnitTestResult executionId="d971ada5-0e81-433c-99b2-6bc74c7de180" testId="6bc71272-b589-4ae5-907e-78c941b58c7a" testName="FormatToStringTest1000 (48428.38681602682,48428.39 zł)" computerName="DESKTOP-5URQ9PB" duration="00:00:00.0000064" startTime="2022-06-13T21:11:34.9767335+02:00" endTime="2022-06-13T21:11:34.9768021+02:00" testType="13cdc9d9-ddb5-4fa4-a97d-d965ccfc6d4b" outcome="Passed" testListId="8c84fa94-04c1-424b-9868-57a2d4851a1d" relativeResultsDirectory="d971ada5-0e81-433c-99b2-6bc74c7de180" />
    <UnitTestResult executionId="39ba6609-654f-4df6-bb56-16db05f1032e" testId="758dfb73-7e97-403b-9d66-20c0246a8166" testName="FormatToStringTest1000 (7753.724411372898,7753.72 zł)" computerName="DESKTOP-5URQ9PB" duration="00:00:00.0000065" startTime="2022-06-13T21:11:34.8993508+02:00" endTime="2022-06-13T21:11:34.8994217+02:00" testType="13cdc9d9-ddb5-4fa4-a97d-d965ccfc6d4b" outcome="Passed" testListId="8c84fa94-04c1-424b-9868-57a2d4851a1d" relativeResultsDirectory="39ba6609-654f-4df6-bb56-16db05f1032e" />
    <UnitTestResult executionId="cde9fcf6-af50-4271-9cc7-9b17c222eea1" testId="9a1552b7-dd39-4486-a354-2f1c49247045" testName="FormatToStringTest1000 (47437.74370917619,47437.74 zł)" computerName="DESKTOP-5URQ9PB" duration="00:00:00.0000064" startTime="2022-06-13T21:11:35.1875848+02:00" endTime="2022-06-13T21:11:35.1876500+02:00" testType="13cdc9d9-ddb5-4fa4-a97d-d965ccfc6d4b" outcome="Passed" testListId="8c84fa94-04c1-424b-9868-57a2d4851a1d" relativeResultsDirectory="cde9fcf6-af50-4271-9cc7-9b17c222eea1" />
    <UnitTestResult executionId="e427e985-95cf-4a79-b667-cfcafab9f940" testId="b0f68ad4-43d2-4f53-b06d-aa9e9f7248e1" testName="FormatToStringTest1000 (635.3263313632116,635.33 zł)" computerName="DESKTOP-5URQ9PB" duration="00:00:00.0000154" startTime="2022-06-13T21:11:35.1900529+02:00" endTime="2022-06-13T21:11:35.1902246+02:00" testType="13cdc9d9-ddb5-4fa4-a97d-d965ccfc6d4b" outcome="Passed" testListId="8c84fa94-04c1-424b-9868-57a2d4851a1d" relativeResultsDirectory="e427e985-95cf-4a79-b667-cfcafab9f940" />
    <UnitTestResult executionId="e40e0938-b95f-4cc3-bf1c-c6f00d3cdbeb" testId="ce51517a-4cb6-460d-942e-d739cc9066d6" testName="FormatToStringTest1000 (39531.95190033268,39531.95 zł)" computerName="DESKTOP-5URQ9PB" duration="00:00:00.0000064" startTime="2022-06-13T21:11:35.1233189+02:00" endTime="2022-06-13T21:11:35.1233894+02:00" testType="13cdc9d9-ddb5-4fa4-a97d-d965ccfc6d4b" outcome="Passed" testListId="8c84fa94-04c1-424b-9868-57a2d4851a1d" relativeResultsDirectory="e40e0938-b95f-4cc3-bf1c-c6f00d3cdbeb" />
    <UnitTestResult executionId="f1532167-065e-4169-bab8-f19f08ecc481" testId="edb3d9ba-e010-4c56-a89b-c82d7c7fdd75" testName="FormatToStringTest1000 (6262.373413993219,6262.37 zł)" computerName="DESKTOP-5URQ9PB" duration="00:00:00.0000064" startTime="2022-06-13T21:11:34.9834793+02:00" endTime="2022-06-13T21:11:34.9835479+02:00" testType="13cdc9d9-ddb5-4fa4-a97d-d965ccfc6d4b" outcome="Passed" testListId="8c84fa94-04c1-424b-9868-57a2d4851a1d" relativeResultsDirectory="f1532167-065e-4169-bab8-f19f08ecc481" />
    <UnitTestResult executionId="b1dc62be-5eec-4435-a9e2-50a0a63c10e8" testId="af7cb48c-c1bb-4158-84e2-7b04c6e4c385" testName="FormatToStringTest1000 (40556.73452524362,40556.73 zł)" computerName="DESKTOP-5URQ9PB" duration="00:00:00.0000065" startTime="2022-06-13T21:11:35.0206288+02:00" endTime="2022-06-13T21:11:35.0206972+02:00" testType="13cdc9d9-ddb5-4fa4-a97d-d965ccfc6d4b" outcome="Passed" testListId="8c84fa94-04c1-424b-9868-57a2d4851a1d" relativeResultsDirectory="b1dc62be-5eec-4435-a9e2-50a0a63c10e8" />
    <UnitTestResult executionId="9e8c4ad1-aeb9-4a4d-b02a-19c823bda6af" testId="8146276b-6d92-4047-9aac-a98f6bbaf87a" testName="FormatToStringTest1000 (76106.57198894516,76106.57 zł)" computerName="DESKTOP-5URQ9PB" duration="00:00:00.0000080" startTime="2022-06-13T21:11:35.2017103+02:00" endTime="2022-06-13T21:11:35.2017857+02:00" testType="13cdc9d9-ddb5-4fa4-a97d-d965ccfc6d4b" outcome="Passed" testListId="8c84fa94-04c1-424b-9868-57a2d4851a1d" relativeResultsDirectory="9e8c4ad1-aeb9-4a4d-b02a-19c823bda6af" />
    <UnitTestResult executionId="0d9cc53f-e368-4075-99ef-4bc18c740c47" testId="ca22689b-2c70-4914-b892-60521053c4f1" testName="FormatToStringTest1000 (9867.823212210007,9867.82 zł)" computerName="DESKTOP-5URQ9PB" duration="00:00:00.0000066" startTime="2022-06-13T21:11:34.8841476+02:00" endTime="2022-06-13T21:11:34.8842279+02:00" testType="13cdc9d9-ddb5-4fa4-a97d-d965ccfc6d4b" outcome="Passed" testListId="8c84fa94-04c1-424b-9868-57a2d4851a1d" relativeResultsDirectory="0d9cc53f-e368-4075-99ef-4bc18c740c47" />
    <UnitTestResult executionId="f664a5bd-cf80-4230-8086-af7113f29215" testId="32a5b40b-a1c6-454b-9e2b-78d9dd046a04" testName="FormatToStringTest1000 (68770.73008707525,68770.73 zł)" computerName="DESKTOP-5URQ9PB" duration="00:00:00.0000070" startTime="2022-06-13T21:11:34.9902182+02:00" endTime="2022-06-13T21:11:34.9902854+02:00" testType="13cdc9d9-ddb5-4fa4-a97d-d965ccfc6d4b" outcome="Passed" testListId="8c84fa94-04c1-424b-9868-57a2d4851a1d" relativeResultsDirectory="f664a5bd-cf80-4230-8086-af7113f29215" />
    <UnitTestResult executionId="ae833227-9711-4adf-8b7b-939b2c29cfd8" testId="a3655e48-ee00-40e2-b002-e273d5ad177b" testName="FormatToStringTest1000 (10268.547802396373,10268.55 zł)" computerName="DESKTOP-5URQ9PB" duration="00:00:00.0000067" startTime="2022-06-13T21:11:34.8799919+02:00" endTime="2022-06-13T21:11:34.8800674+02:00" testType="13cdc9d9-ddb5-4fa4-a97d-d965ccfc6d4b" outcome="Passed" testListId="8c84fa94-04c1-424b-9868-57a2d4851a1d" relativeResultsDirectory="ae833227-9711-4adf-8b7b-939b2c29cfd8" />
    <UnitTestResult executionId="12825a8f-13e8-470b-bd6a-6254ffcc8f5c" testId="f4360abb-8ed2-4e86-a9ad-b533f771e7f2" testName="FormatToStringTest1000 (17798.633951516185,17798.63 zł)" computerName="DESKTOP-5URQ9PB" duration="00:00:00.0000070" startTime="2022-06-13T21:11:35.0713160+02:00" endTime="2022-06-13T21:11:35.0713958+02:00" testType="13cdc9d9-ddb5-4fa4-a97d-d965ccfc6d4b" outcome="Passed" testListId="8c84fa94-04c1-424b-9868-57a2d4851a1d" relativeResultsDirectory="12825a8f-13e8-470b-bd6a-6254ffcc8f5c" />
    <UnitTestResult executionId="a32cb070-7c23-49e8-9177-d82bffa0c710" testId="e99490ba-e611-4287-ba3d-4609b3c297ff" testName="FormatToStringTest1000 (70149.17842025738,70149.18 zł)" computerName="DESKTOP-5URQ9PB" duration="00:00:00.0000071" startTime="2022-06-13T21:11:35.0790310+02:00" endTime="2022-06-13T21:11:35.0791251+02:00" testType="13cdc9d9-ddb5-4fa4-a97d-d965ccfc6d4b" outcome="Passed" testListId="8c84fa94-04c1-424b-9868-57a2d4851a1d" relativeResultsDirectory="a32cb070-7c23-49e8-9177-d82bffa0c710" />
    <UnitTestResult executionId="22d856f5-9644-424d-91d1-8577b24dea23" testId="7b5d2d1d-5093-4ae5-b754-0517aabdd82f" testName="FormatToStringTest1000 (37826.846755123166,37826.85 zł)" computerName="DESKTOP-5URQ9PB" duration="00:00:00.0000065" startTime="2022-06-13T21:11:35.1030089+02:00" endTime="2022-06-13T21:11:35.1030827+02:00" testType="13cdc9d9-ddb5-4fa4-a97d-d965ccfc6d4b" outcome="Passed" testListId="8c84fa94-04c1-424b-9868-57a2d4851a1d" relativeResultsDirectory="22d856f5-9644-424d-91d1-8577b24dea23" />
    <UnitTestResult executionId="89440581-53f3-4505-af69-c385dd22b80c" testId="dc94e9c1-7d31-4700-9686-8c45e885eae6" testName="FormatToStringTest1000 (9628.688698104437,9628.69 zł)" computerName="DESKTOP-5URQ9PB" duration="00:00:00.0000064" startTime="2022-06-13T21:11:35.1679984+02:00" endTime="2022-06-13T21:11:35.1680701+02:00" testType="13cdc9d9-ddb5-4fa4-a97d-d965ccfc6d4b" outcome="Passed" testListId="8c84fa94-04c1-424b-9868-57a2d4851a1d" relativeResultsDirectory="89440581-53f3-4505-af69-c385dd22b80c" />
    <UnitTestResult executionId="271ee071-d771-4524-b07a-80e1ce3ef45b" testId="a784a627-0608-4cfe-aa52-c98505682137" testName="FormatToStringTest1000 (12221.10494323592,12221.10 zł)" computerName="DESKTOP-5URQ9PB" duration="00:00:00.0000072" startTime="2022-06-13T21:11:34.8962386+02:00" endTime="2022-06-13T21:11:34.8963074+02:00" testType="13cdc9d9-ddb5-4fa4-a97d-d965ccfc6d4b" outcome="Passed" testListId="8c84fa94-04c1-424b-9868-57a2d4851a1d" relativeResultsDirectory="271ee071-d771-4524-b07a-80e1ce3ef45b" />
    <UnitTestResult executionId="e7fbeeff-c85e-4c57-a7a7-46b9e5a1ac97" testId="c1055154-f152-4423-b5bc-b2f1ba35d237" testName="FormatToStringTest1000 (13574.683315038068,13574.68 zł)" computerName="DESKTOP-5URQ9PB" duration="00:00:00.0000087" startTime="2022-06-13T21:11:34.9344127+02:00" endTime="2022-06-13T21:11:34.9345144+02:00" testType="13cdc9d9-ddb5-4fa4-a97d-d965ccfc6d4b" outcome="Passed" testListId="8c84fa94-04c1-424b-9868-57a2d4851a1d" relativeResultsDirectory="e7fbeeff-c85e-4c57-a7a7-46b9e5a1ac97" />
    <UnitTestResult executionId="e57b5b59-56b4-4c93-9c02-d9173b7b0ad0" testId="955b0e9f-5cb3-47ae-b044-a0ce8aee8983" testName="FormatToStringTest1000 (14003.84591249742,14003.85 zł)" computerName="DESKTOP-5URQ9PB" duration="00:00:00.0000063" startTime="2022-06-13T21:11:35.0931250+02:00" endTime="2022-06-13T21:11:35.0931908+02:00" testType="13cdc9d9-ddb5-4fa4-a97d-d965ccfc6d4b" outcome="Passed" testListId="8c84fa94-04c1-424b-9868-57a2d4851a1d" relativeResultsDirectory="e57b5b59-56b4-4c93-9c02-d9173b7b0ad0" />
    <UnitTestResult executionId="5a6e0098-3b22-4401-b4f5-e8c3cbd3b229" testId="b310d682-5d54-4c63-961b-2f1135a12b6d" testName="FormatToStringTest1000 (16388.556189478633,16388.56 zł)" computerName="DESKTOP-5URQ9PB" duration="00:00:00.0000067" startTime="2022-06-13T21:11:35.1462404+02:00" endTime="2022-06-13T21:11:35.1463149+02:00" testType="13cdc9d9-ddb5-4fa4-a97d-d965ccfc6d4b" outcome="Passed" testListId="8c84fa94-04c1-424b-9868-57a2d4851a1d" relativeResultsDirectory="5a6e0098-3b22-4401-b4f5-e8c3cbd3b229" />
    <UnitTestResult executionId="b09a5abd-bb40-4615-886c-69cb63595dd0" testId="fdf702fc-7270-4ce0-b6c0-c4854f0d2816" testName="FormatToStringTest1000 (43424.45140075332,43424.45 zł)" computerName="DESKTOP-5URQ9PB" duration="00:00:00.0000247" startTime="2022-06-13T21:11:35.0588576+02:00" endTime="2022-06-13T21:11:35.0590246+02:00" testType="13cdc9d9-ddb5-4fa4-a97d-d965ccfc6d4b" outcome="Passed" testListId="8c84fa94-04c1-424b-9868-57a2d4851a1d" relativeResultsDirectory="b09a5abd-bb40-4615-886c-69cb63595dd0" />
    <UnitTestResult executionId="4b0e9884-bac1-48e4-8960-b85e756a338b" testId="5cc6029a-5375-426a-9fa1-5515a10895c4" testName="FormatToStringTest1000 (66723.3293191657,66723.33 zł)" computerName="DESKTOP-5URQ9PB" duration="00:00:00.0000068" startTime="2022-06-13T21:11:34.9386113+02:00" endTime="2022-06-13T21:11:34.9386806+02:00" testType="13cdc9d9-ddb5-4fa4-a97d-d965ccfc6d4b" outcome="Passed" testListId="8c84fa94-04c1-424b-9868-57a2d4851a1d" relativeResultsDirectory="4b0e9884-bac1-48e4-8960-b85e756a338b" />
    <UnitTestResult executionId="9975b0e9-2b20-437d-936a-2bb533b379b9" testId="dee466ca-e884-423e-b9dc-76db380492a3" testName="FormatToStringTest1000 (40400.9734049295,40400.97 zł)" computerName="DESKTOP-5URQ9PB" duration="00:00:00.0000070" startTime="2022-06-13T21:11:34.9725517+02:00" endTime="2022-06-13T21:11:34.9726338+02:00" testType="13cdc9d9-ddb5-4fa4-a97d-d965ccfc6d4b" outcome="Passed" testListId="8c84fa94-04c1-424b-9868-57a2d4851a1d" relativeResultsDirectory="9975b0e9-2b20-437d-936a-2bb533b379b9" />
    <UnitTestResult executionId="4730e9d0-82aa-40ac-9f93-d1ba686d6e89" testId="aa101ace-337d-42a2-9f2a-558b93455689" testName="FormatToStringTest1000 (37954.34384365396,37954.34 zł)" computerName="DESKTOP-5URQ9PB" duration="00:00:00.0000081" startTime="2022-06-13T21:11:35.1560417+02:00" endTime="2022-06-13T21:11:35.1561278+02:00" testType="13cdc9d9-ddb5-4fa4-a97d-d965ccfc6d4b" outcome="Passed" testListId="8c84fa94-04c1-424b-9868-57a2d4851a1d" relativeResultsDirectory="4730e9d0-82aa-40ac-9f93-d1ba686d6e89" />
    <UnitTestResult executionId="5374eb72-f01d-47ab-be87-4b7854a658ac" testId="983d7d9c-e0f9-4503-b6d3-9794cbddb8c1" testName="FormatToStringTest1000 (59283.7670322637,59283.77 zł)" computerName="DESKTOP-5URQ9PB" duration="00:00:00.0000065" startTime="2022-06-13T21:11:35.2070576+02:00" endTime="2022-06-13T21:11:35.2071205+02:00" testType="13cdc9d9-ddb5-4fa4-a97d-d965ccfc6d4b" outcome="Passed" testListId="8c84fa94-04c1-424b-9868-57a2d4851a1d" relativeResultsDirectory="5374eb72-f01d-47ab-be87-4b7854a658ac" />
    <UnitTestResult executionId="c22cea60-4be2-4677-bb84-7e1816b31efc" testId="ad5555db-55ad-43b4-935a-5dc7bb96a1db" testName="FormatToStringTest1000 (1687.6029180025694,1687.60 zł)" computerName="DESKTOP-5URQ9PB" duration="00:00:00.0000066" startTime="2022-06-13T21:11:34.9650825+02:00" endTime="2022-06-13T21:11:34.9651618+02:00" testType="13cdc9d9-ddb5-4fa4-a97d-d965ccfc6d4b" outcome="Passed" testListId="8c84fa94-04c1-424b-9868-57a2d4851a1d" relativeResultsDirectory="c22cea60-4be2-4677-bb84-7e1816b31efc" />
    <UnitTestResult executionId="7b09acb4-b8f8-4eb5-b2cd-150640488044" testId="bc143ab8-185f-4bcd-ad83-489430c64224" testName="FormatToStringTest1000 (7669.3855620214645,7669.39 zł)" computerName="DESKTOP-5URQ9PB" duration="00:00:00.0000097" startTime="2022-06-13T21:11:34.9514891+02:00" endTime="2022-06-13T21:11:34.9515967+02:00" testType="13cdc9d9-ddb5-4fa4-a97d-d965ccfc6d4b" outcome="Passed" testListId="8c84fa94-04c1-424b-9868-57a2d4851a1d" relativeResultsDirectory="7b09acb4-b8f8-4eb5-b2cd-150640488044" />
    <UnitTestResult executionId="4692cccb-ff09-4a53-918c-37a826a9d906" testId="cfe1d64a-2c29-49e7-aa83-a5b115a93b12" testName="FormatToStringTest1000 (21893.78889296939,21893.79 zł)" computerName="DESKTOP-5URQ9PB" duration="00:00:00.0000065" startTime="2022-06-13T21:11:35.1857513+02:00" endTime="2022-06-13T21:11:35.1858165+02:00" testType="13cdc9d9-ddb5-4fa4-a97d-d965ccfc6d4b" outcome="Passed" testListId="8c84fa94-04c1-424b-9868-57a2d4851a1d" relativeResultsDirectory="4692cccb-ff09-4a53-918c-37a826a9d906" />
    <UnitTestResult executionId="f539c5d1-13b9-4c45-a07a-88838d7a4ace" testId="6ad79b39-37fd-4561-b61f-dcad45e0739c" testName="FormatToStringTest1000 (480.2082316857801,480.21 zł)" computerName="DESKTOP-5URQ9PB" duration="00:00:00.0000064" startTime="2022-06-13T21:11:34.8960667+02:00" endTime="2022-06-13T21:11:34.8961349+02:00" testType="13cdc9d9-ddb5-4fa4-a97d-d965ccfc6d4b" outcome="Passed" testListId="8c84fa94-04c1-424b-9868-57a2d4851a1d" relativeResultsDirectory="f539c5d1-13b9-4c45-a07a-88838d7a4ace" />
    <UnitTestResult executionId="9946fa12-2801-4415-98df-46b0ed6e8e5a" testId="dcc55fd8-1bc3-48c1-b054-4dafbaaae13e" testName="FormatToStringTest1000 (4025.728369236797,4025.73 zł)" computerName="DESKTOP-5URQ9PB" duration="00:00:00.0000104" startTime="2022-06-13T21:11:35.0232723+02:00" endTime="2022-06-13T21:11:35.0233896+02:00" testType="13cdc9d9-ddb5-4fa4-a97d-d965ccfc6d4b" outcome="Passed" testListId="8c84fa94-04c1-424b-9868-57a2d4851a1d" relativeResultsDirectory="9946fa12-2801-4415-98df-46b0ed6e8e5a" />
    <UnitTestResult executionId="a81a8e7a-6dca-42d1-8ab3-59645d721a21" testId="be53edf0-a3a0-47f5-903f-b861cfe75fd4" testName="FormatToStringTest1000 (7348.947429818543,7348.95 zł)" computerName="DESKTOP-5URQ9PB" duration="00:00:00.0000066" startTime="2022-06-13T21:11:34.9621895+02:00" endTime="2022-06-13T21:11:34.9622661+02:00" testType="13cdc9d9-ddb5-4fa4-a97d-d965ccfc6d4b" outcome="Passed" testListId="8c84fa94-04c1-424b-9868-57a2d4851a1d" relativeResultsDirectory="a81a8e7a-6dca-42d1-8ab3-59645d721a21" />
    <UnitTestResult executionId="e37ae61a-bfc1-4f9a-bc5a-b492a384dc31" testId="4213614b-e5b4-4a9e-b3a8-577af0d76b5a" testName="FormatToStringTest1000 (23120.169499649743,23120.17 zł)" computerName="DESKTOP-5URQ9PB" duration="00:00:00.0000064" startTime="2022-06-13T21:11:35.1634845+02:00" endTime="2022-06-13T21:11:35.1635492+02:00" testType="13cdc9d9-ddb5-4fa4-a97d-d965ccfc6d4b" outcome="Passed" testListId="8c84fa94-04c1-424b-9868-57a2d4851a1d" relativeResultsDirectory="e37ae61a-bfc1-4f9a-bc5a-b492a384dc31" />
    <UnitTestResult executionId="6efbcbe7-1569-4365-9a75-810e75df793b" testId="a40d2787-581b-4408-a378-d6916c7254c0" testName="FormatToStringTest1000 (7407.385606687696,7407.39 zł)" computerName="DESKTOP-5URQ9PB" duration="00:00:00.0000074" startTime="2022-06-13T21:11:35.0905944+02:00" endTime="2022-06-13T21:11:35.0906725+02:00" testType="13cdc9d9-ddb5-4fa4-a97d-d965ccfc6d4b" outcome="Passed" testListId="8c84fa94-04c1-424b-9868-57a2d4851a1d" relativeResultsDirectory="6efbcbe7-1569-4365-9a75-810e75df793b" />
    <UnitTestResult executionId="cd3fe94f-1ec6-472b-abf4-e6b029d35c47" testId="4f676484-4c49-44f2-abc4-4534295957b4" testName="FormatToStringTest1000 (14459.57059750686,14459.57 zł)" computerName="DESKTOP-5URQ9PB" duration="00:00:00.0000065" startTime="2022-06-13T21:11:34.9687571+02:00" endTime="2022-06-13T21:11:34.9688338+02:00" testType="13cdc9d9-ddb5-4fa4-a97d-d965ccfc6d4b" outcome="Passed" testListId="8c84fa94-04c1-424b-9868-57a2d4851a1d" relativeResultsDirectory="cd3fe94f-1ec6-472b-abf4-e6b029d35c47" />
    <UnitTestResult executionId="f1130559-8541-49a9-878a-8e54d171f460" testId="b09cb556-032a-4d87-8004-167893d63bad" testName="FormatToStringTest1000 (71554.9786298829,71554.98 zł)" computerName="DESKTOP-5URQ9PB" duration="00:00:00.0000066" startTime="2022-06-13T21:11:35.1313144+02:00" endTime="2022-06-13T21:11:35.1313823+02:00" testType="13cdc9d9-ddb5-4fa4-a97d-d965ccfc6d4b" outcome="Passed" testListId="8c84fa94-04c1-424b-9868-57a2d4851a1d" relativeResultsDirectory="f1130559-8541-49a9-878a-8e54d171f460" />
    <UnitTestResult executionId="a299c3f4-5508-4867-a118-212e1170437e" testId="f79162b0-9486-484c-beab-ed73ed6d04fc" testName="FormatToStringTest1000 (17875.613377604455,17875.61 zł)" computerName="DESKTOP-5URQ9PB" duration="00:00:00.0000141" startTime="2022-06-13T21:11:34.9290841+02:00" endTime="2022-06-13T21:11:34.9292660+02:00" testType="13cdc9d9-ddb5-4fa4-a97d-d965ccfc6d4b" outcome="Passed" testListId="8c84fa94-04c1-424b-9868-57a2d4851a1d" relativeResultsDirectory="a299c3f4-5508-4867-a118-212e1170437e" />
    <UnitTestResult executionId="3eeed103-4e9f-44e5-a1f4-ee45593be79c" testId="8f9e1dbd-efeb-47d1-932f-e1535ef9ba78" testName="FormatToStringTest1000 (6266.232005888704,6266.23 zł)" computerName="DESKTOP-5URQ9PB" duration="00:00:00.0000065" startTime="2022-06-13T21:11:35.1028258+02:00" endTime="2022-06-13T21:11:35.1028974+02:00" testType="13cdc9d9-ddb5-4fa4-a97d-d965ccfc6d4b" outcome="Passed" testListId="8c84fa94-04c1-424b-9868-57a2d4851a1d" relativeResultsDirectory="3eeed103-4e9f-44e5-a1f4-ee45593be79c" />
    <UnitTestResult executionId="c2ec2d20-50a8-4ae0-9071-8408d2076e9b" testId="dc6d56c8-45ab-4d15-8490-cc5b8016c956" testName="FormatToStringTest1000 (159.83786031922224,159.84 zł)" computerName="DESKTOP-5URQ9PB" duration="00:00:00.0000063" startTime="2022-06-13T21:11:34.8587804+02:00" endTime="2022-06-13T21:11:34.8588479+02:00" testType="13cdc9d9-ddb5-4fa4-a97d-d965ccfc6d4b" outcome="Passed" testListId="8c84fa94-04c1-424b-9868-57a2d4851a1d" relativeResultsDirectory="c2ec2d20-50a8-4ae0-9071-8408d2076e9b" />
    <UnitTestResult executionId="754da4e1-9131-4563-9b56-e3ffd5e31071" testId="d2be0735-f310-4ee7-921c-bcbb14f98e41" testName="FormatToStringTest1000 (1662.8482664818168,1662.85 zł)" computerName="DESKTOP-5URQ9PB" duration="00:00:00.0000069" startTime="2022-06-13T21:11:35.1111105+02:00" endTime="2022-06-13T21:11:35.1111858+02:00" testType="13cdc9d9-ddb5-4fa4-a97d-d965ccfc6d4b" outcome="Passed" testListId="8c84fa94-04c1-424b-9868-57a2d4851a1d" relativeResultsDirectory="754da4e1-9131-4563-9b56-e3ffd5e31071" />
    <UnitTestResult executionId="8cec1ea7-6cbf-4fa1-a811-42c632ac8b0c" testId="1eb228ae-9eda-47fb-a3f3-fabcd9218f7a" testName="FormatToStringTest1000 (72802.68569213277,72802.69 zł)" computerName="DESKTOP-5URQ9PB" duration="00:00:00.0000080" startTime="2022-06-13T21:11:35.1612518+02:00" endTime="2022-06-13T21:11:35.1613403+02:00" testType="13cdc9d9-ddb5-4fa4-a97d-d965ccfc6d4b" outcome="Passed" testListId="8c84fa94-04c1-424b-9868-57a2d4851a1d" relativeResultsDirectory="8cec1ea7-6cbf-4fa1-a811-42c632ac8b0c" />
    <UnitTestResult executionId="b2b153c5-3fc3-44e4-aa2a-244e2abfd0ad" testId="849692b3-75f9-4ee9-bdaa-ca0e8d2a5788" testName="FormatToStringTest1000 (20643.69044446465,20643.69 zł)" computerName="DESKTOP-5URQ9PB" duration="00:00:00.0000063" startTime="2022-06-13T21:11:35.1310696+02:00" endTime="2022-06-13T21:11:35.1311346+02:00" testType="13cdc9d9-ddb5-4fa4-a97d-d965ccfc6d4b" outcome="Passed" testListId="8c84fa94-04c1-424b-9868-57a2d4851a1d" relativeResultsDirectory="b2b153c5-3fc3-44e4-aa2a-244e2abfd0ad" />
    <UnitTestResult executionId="df22279e-328b-4826-855a-8c4ff4da5cb0" testId="47e7b9da-43d5-4213-906d-0b7f18a11fb4" testName="FormatToStringTest1000 (12949.590713378317,12949.59 zł)" computerName="DESKTOP-5URQ9PB" duration="00:00:00.0000064" startTime="2022-06-13T21:11:34.8480041+02:00" endTime="2022-06-13T21:11:34.8480720+02:00" testType="13cdc9d9-ddb5-4fa4-a97d-d965ccfc6d4b" outcome="Passed" testListId="8c84fa94-04c1-424b-9868-57a2d4851a1d" relativeResultsDirectory="df22279e-328b-4826-855a-8c4ff4da5cb0" />
    <UnitTestResult executionId="2124e9fe-0e15-4c01-8417-777c5c63fb76" testId="c9e308fd-27be-4308-855b-3bb62592f3fc" testName="FormatToStringTest1000 (36893.66238331593,36893.66 zł)" computerName="DESKTOP-5URQ9PB" duration="00:00:00.0000067" startTime="2022-06-13T21:11:35.1516611+02:00" endTime="2022-06-13T21:11:35.1517302+02:00" testType="13cdc9d9-ddb5-4fa4-a97d-d965ccfc6d4b" outcome="Passed" testListId="8c84fa94-04c1-424b-9868-57a2d4851a1d" relativeResultsDirectory="2124e9fe-0e15-4c01-8417-777c5c63fb76" />
    <UnitTestResult executionId="702af246-0ee2-4e57-9d3d-542f234668f8" testId="7614b5c7-bce6-4cda-9146-dee18d87538c" testName="FormatToStringTest1000 (19352.183340702755,19352.18 zł)" computerName="DESKTOP-5URQ9PB" duration="00:00:00.0000071" startTime="2022-06-13T21:11:34.9132186+02:00" endTime="2022-06-13T21:11:34.9132873+02:00" testType="13cdc9d9-ddb5-4fa4-a97d-d965ccfc6d4b" outcome="Passed" testListId="8c84fa94-04c1-424b-9868-57a2d4851a1d" relativeResultsDirectory="702af246-0ee2-4e57-9d3d-542f234668f8" />
    <UnitTestResult executionId="eee1c949-0189-4dee-9a79-396dc7679b8b" testId="b16c16b3-e0f6-42d1-863f-f8c341e10bef" testName="FormatToStringTest1000 (30626.373939456127,30626.37 zł)" computerName="DESKTOP-5URQ9PB" duration="00:00:00.0000067" startTime="2022-06-13T21:11:34.8922849+02:00" endTime="2022-06-13T21:11:34.8923760+02:00" testType="13cdc9d9-ddb5-4fa4-a97d-d965ccfc6d4b" outcome="Passed" testListId="8c84fa94-04c1-424b-9868-57a2d4851a1d" relativeResultsDirectory="eee1c949-0189-4dee-9a79-396dc7679b8b" />
    <UnitTestResult executionId="6aff520c-db9c-4b85-805b-959e4a0db1a7" testId="43aae864-6e6a-4376-b1c0-7c2f1e1883f3" testName="FormatToStringTest1000 (54724.71040318008,54724.71 zł)" computerName="DESKTOP-5URQ9PB" duration="00:00:00.0000167" startTime="2022-06-13T21:11:34.9338722+02:00" endTime="2022-06-13T21:11:34.9340920+02:00" testType="13cdc9d9-ddb5-4fa4-a97d-d965ccfc6d4b" outcome="Passed" testListId="8c84fa94-04c1-424b-9868-57a2d4851a1d" relativeResultsDirectory="6aff520c-db9c-4b85-805b-959e4a0db1a7" />
    <UnitTestResult executionId="ab6b3faf-7c66-4ae5-974a-443b5710cb76" testId="687d4cf7-35be-46a0-a7fc-184bbad1ebec" testName="FormatToStringTest1000 (75915.01943546813,75915.02 zł)" computerName="DESKTOP-5URQ9PB" duration="00:00:00.0000064" startTime="2022-06-13T21:11:34.9968106+02:00" endTime="2022-06-13T21:11:34.9968780+02:00" testType="13cdc9d9-ddb5-4fa4-a97d-d965ccfc6d4b" outcome="Passed" testListId="8c84fa94-04c1-424b-9868-57a2d4851a1d" relativeResultsDirectory="ab6b3faf-7c66-4ae5-974a-443b5710cb76" />
    <UnitTestResult executionId="b59cb0ce-11dd-46c9-b5e0-667be8468447" testId="1a517aba-b296-4b81-94b2-ec6a449b3dd2" testName="FormatToStringTest1000 (41876.979471482795,41876.98 zł)" computerName="DESKTOP-5URQ9PB" duration="00:00:00.0000070" startTime="2022-06-13T21:11:34.8880485+02:00" endTime="2022-06-13T21:11:34.8881261+02:00" testType="13cdc9d9-ddb5-4fa4-a97d-d965ccfc6d4b" outcome="Passed" testListId="8c84fa94-04c1-424b-9868-57a2d4851a1d" relativeResultsDirectory="b59cb0ce-11dd-46c9-b5e0-667be8468447" />
    <UnitTestResult executionId="74ace3db-3a23-4c69-8966-d5db07a96994" testId="72b68a62-270f-48a6-8262-5fedb41130ca" testName="FormatToStringTest1000 (736.7398243680316,736.74 zł)" computerName="DESKTOP-5URQ9PB" duration="00:00:00.0000067" startTime="2022-06-13T21:11:34.8671094+02:00" endTime="2022-06-13T21:11:34.8671856+02:00" testType="13cdc9d9-ddb5-4fa4-a97d-d965ccfc6d4b" outcome="Passed" testListId="8c84fa94-04c1-424b-9868-57a2d4851a1d" relativeResultsDirectory="74ace3db-3a23-4c69-8966-d5db07a96994" />
    <UnitTestResult executionId="63344e77-77fb-4499-8787-c4baf6b0687b" testId="75baeaad-c462-44d0-928c-4ec09a3eafbc" testName="FormatToStringTest1000 (26885.71162707904,26885.71 zł)" computerName="DESKTOP-5URQ9PB" duration="00:00:00.0000064" startTime="2022-06-13T21:11:34.8958099+02:00" endTime="2022-06-13T21:11:34.8958776+02:00" testType="13cdc9d9-ddb5-4fa4-a97d-d965ccfc6d4b" outcome="Passed" testListId="8c84fa94-04c1-424b-9868-57a2d4851a1d" relativeResultsDirectory="63344e77-77fb-4499-8787-c4baf6b0687b" />
    <UnitTestResult executionId="19f9dbd4-639b-4957-af09-a831b847411d" testId="9cdcd0db-dc1b-434e-9ab1-baf1a1101441" testName="FormatToStringTest1000 (3270.286035661719,3270.29 zł)" computerName="DESKTOP-5URQ9PB" duration="00:00:00.0000065" startTime="2022-06-13T21:11:35.0794338+02:00" endTime="2022-06-13T21:11:35.0795074+02:00" testType="13cdc9d9-ddb5-4fa4-a97d-d965ccfc6d4b" outcome="Passed" testListId="8c84fa94-04c1-424b-9868-57a2d4851a1d" relativeResultsDirectory="19f9dbd4-639b-4957-af09-a831b847411d" />
    <UnitTestResult executionId="dad4ffba-2d99-4037-9d71-5acac05ffa98" testId="f0b28fc2-dc13-480f-8c62-a029c8a2bb6a" testName="FormatToStringTest1000 (60017.857676936714,60017.86 zł)" computerName="DESKTOP-5URQ9PB" duration="00:00:00.0000063" startTime="2022-06-13T21:11:35.1969094+02:00" endTime="2022-06-13T21:11:35.1969743+02:00" testType="13cdc9d9-ddb5-4fa4-a97d-d965ccfc6d4b" outcome="Passed" testListId="8c84fa94-04c1-424b-9868-57a2d4851a1d" relativeResultsDirectory="dad4ffba-2d99-4037-9d71-5acac05ffa98" />
    <UnitTestResult executionId="cc7622ad-f639-42d1-98a1-e2e4b82f4b34" testId="3881ce9a-cf14-43df-9c0a-02e7d2cd294f" testName="FormatToStringTest1000 (18340.935049000167,18340.94 zł)" computerName="DESKTOP-5URQ9PB" duration="00:00:00.0000064" startTime="2022-06-13T21:11:34.9259180+02:00" endTime="2022-06-13T21:11:34.9259874+02:00" testType="13cdc9d9-ddb5-4fa4-a97d-d965ccfc6d4b" outcome="Passed" testListId="8c84fa94-04c1-424b-9868-57a2d4851a1d" relativeResultsDirectory="cc7622ad-f639-42d1-98a1-e2e4b82f4b34" />
    <UnitTestResult executionId="cb0ab316-fe5c-4b05-a979-f470e090b19b" testId="7d205142-5271-48b6-b011-0e1ea671f7cf" testName="FormatToStringTest1000 (20441.330495004695,20441.33 zł)" computerName="DESKTOP-5URQ9PB" duration="00:00:00.0000064" startTime="2022-06-13T21:11:34.9064734+02:00" endTime="2022-06-13T21:11:34.9065407+02:00" testType="13cdc9d9-ddb5-4fa4-a97d-d965ccfc6d4b" outcome="Passed" testListId="8c84fa94-04c1-424b-9868-57a2d4851a1d" relativeResultsDirectory="cb0ab316-fe5c-4b05-a979-f470e090b19b" />
    <UnitTestResult executionId="d14cd1dc-ad6c-4203-b0ff-a39f37124e8c" testId="eac2d07c-59c7-4184-b466-aa8b46b2e7d2" testName="FormatToStringTest1000 (55030.929183896136,55030.93 zł)" computerName="DESKTOP-5URQ9PB" duration="00:00:00.0000127" startTime="2022-06-13T21:11:34.9212878+02:00" endTime="2022-06-13T21:11:34.9214595+02:00" testType="13cdc9d9-ddb5-4fa4-a97d-d965ccfc6d4b" outcome="Passed" testListId="8c84fa94-04c1-424b-9868-57a2d4851a1d" relativeResultsDirectory="d14cd1dc-ad6c-4203-b0ff-a39f37124e8c" />
    <UnitTestResult executionId="5ec5f430-73b1-452f-a5c0-42574f304b90" testId="3f793599-55c9-4c9f-80dd-c3b2a232082d" testName="FormatToStringTest1000 (28306.369434126827,28306.37 zł)" computerName="DESKTOP-5URQ9PB" duration="00:00:00.0000066" startTime="2022-06-13T21:11:35.1852982+02:00" endTime="2022-06-13T21:11:35.1853761+02:00" testType="13cdc9d9-ddb5-4fa4-a97d-d965ccfc6d4b" outcome="Passed" testListId="8c84fa94-04c1-424b-9868-57a2d4851a1d" relativeResultsDirectory="5ec5f430-73b1-452f-a5c0-42574f304b90" />
    <UnitTestResult executionId="d1a417f5-dd04-4987-b47e-cf724b3552f7" testId="a692d0ea-bb8c-47e6-b1d4-55012f26d5fd" testName="FormatToStringTest1000 (11944.74385168531,11944.74 zł)" computerName="DESKTOP-5URQ9PB" duration="00:00:00.0000065" startTime="2022-06-13T21:11:35.1944237+02:00" endTime="2022-06-13T21:11:35.1944917+02:00" testType="13cdc9d9-ddb5-4fa4-a97d-d965ccfc6d4b" outcome="Passed" testListId="8c84fa94-04c1-424b-9868-57a2d4851a1d" relativeResultsDirectory="d1a417f5-dd04-4987-b47e-cf724b3552f7" />
    <UnitTestResult executionId="919c14e3-429f-4e67-b98c-0d90fd0129ec" testId="f516713a-6b08-473c-b5a1-e281e770821d" testName="FormatToStringTest1000 (17090.629587323234,17090.63 zł)" computerName="DESKTOP-5URQ9PB" duration="00:00:00.0000063" startTime="2022-06-13T21:11:34.9804017+02:00" endTime="2022-06-13T21:11:34.9804701+02:00" testType="13cdc9d9-ddb5-4fa4-a97d-d965ccfc6d4b" outcome="Passed" testListId="8c84fa94-04c1-424b-9868-57a2d4851a1d" relativeResultsDirectory="919c14e3-429f-4e67-b98c-0d90fd0129ec" />
    <UnitTestResult executionId="1c0f325a-d61c-4c96-a73f-5058fc2698c9" testId="3cd975c7-40c1-4fea-9d0f-b162fd757533" testName="FormatToStringTest1000 (6550.421588937948,6550.42 zł)" computerName="DESKTOP-5URQ9PB" duration="00:00:00.0000065" startTime="2022-06-13T21:11:35.1565850+02:00" endTime="2022-06-13T21:11:35.1566524+02:00" testType="13cdc9d9-ddb5-4fa4-a97d-d965ccfc6d4b" outcome="Passed" testListId="8c84fa94-04c1-424b-9868-57a2d4851a1d" relativeResultsDirectory="1c0f325a-d61c-4c96-a73f-5058fc2698c9" />
    <UnitTestResult executionId="6e0ed6b5-adf9-4b76-831a-3cc161c2f09e" testId="0b724797-cf41-425c-a523-516e0a021cbd" testName="FormatToStringTest1000 (7890.044272348771,7890.04 zł)" computerName="DESKTOP-5URQ9PB" duration="00:00:00.0000064" startTime="2022-06-13T21:11:35.0741174+02:00" endTime="2022-06-13T21:11:35.0741843+02:00" testType="13cdc9d9-ddb5-4fa4-a97d-d965ccfc6d4b" outcome="Passed" testListId="8c84fa94-04c1-424b-9868-57a2d4851a1d" relativeResultsDirectory="6e0ed6b5-adf9-4b76-831a-3cc161c2f09e" />
    <UnitTestResult executionId="e2019743-0146-4fa6-a159-85eeae09d961" testId="1937cca8-8247-4a97-be7a-2f94a84c94ce" testName="FormatToStringTest1000 (36760.171806480816,36760.17 zł)" computerName="DESKTOP-5URQ9PB" duration="00:00:00.0000065" startTime="2022-06-13T21:11:35.1393270+02:00" endTime="2022-06-13T21:11:35.1393994+02:00" testType="13cdc9d9-ddb5-4fa4-a97d-d965ccfc6d4b" outcome="Passed" testListId="8c84fa94-04c1-424b-9868-57a2d4851a1d" relativeResultsDirectory="e2019743-0146-4fa6-a159-85eeae09d961" />
    <UnitTestResult executionId="14e438fe-56fe-4bc0-971a-b47d881db658" testId="437ef2e9-dd27-4ce2-9241-4a284be4ad82" testName="FormatToStringTest1000 (1549.6599114973376,1549.66 zł)" computerName="DESKTOP-5URQ9PB" duration="00:00:00.0000063" startTime="2022-06-13T21:11:35.1968256+02:00" endTime="2022-06-13T21:11:35.1968916+02:00" testType="13cdc9d9-ddb5-4fa4-a97d-d965ccfc6d4b" outcome="Passed" testListId="8c84fa94-04c1-424b-9868-57a2d4851a1d" relativeResultsDirectory="14e438fe-56fe-4bc0-971a-b47d881db658" />
    <UnitTestResult executionId="e1a7bd5d-bcfd-4674-875c-62ceda1c20aa" testId="bcb63e2a-8286-4046-a836-c0017b3f70f4" testName="FormatToStringTest1000 (17252.06220983903,17252.06 zł)" computerName="DESKTOP-5URQ9PB" duration="00:00:00.0000065" startTime="2022-06-13T21:11:34.8748319+02:00" endTime="2022-06-13T21:11:34.8749056+02:00" testType="13cdc9d9-ddb5-4fa4-a97d-d965ccfc6d4b" outcome="Passed" testListId="8c84fa94-04c1-424b-9868-57a2d4851a1d" relativeResultsDirectory="e1a7bd5d-bcfd-4674-875c-62ceda1c20aa" />
    <UnitTestResult executionId="158da862-1c4f-4be6-85e1-aec74e56756d" testId="8cd012e7-992f-4e52-a86f-68aa7c9c3766" testName="FormatToStringTest1000 (17000.070169619317,17000.07 zł)" computerName="DESKTOP-5URQ9PB" duration="00:00:00.0000065" startTime="2022-06-13T21:11:35.1945091+02:00" endTime="2022-06-13T21:11:35.1945751+02:00" testType="13cdc9d9-ddb5-4fa4-a97d-d965ccfc6d4b" outcome="Passed" testListId="8c84fa94-04c1-424b-9868-57a2d4851a1d" relativeResultsDirectory="158da862-1c4f-4be6-85e1-aec74e56756d" />
    <UnitTestResult executionId="5b369deb-2aa1-4ba5-a6a3-dc6269a9c597" testId="6ce3a868-46ea-4c48-9be2-7dafa7a45f66" testName="FormatToStringTest1000 (22017.250119325356,22017.25 zł)" computerName="DESKTOP-5URQ9PB" duration="00:00:00.0000065" startTime="2022-06-13T21:11:34.8990779+02:00" endTime="2022-06-13T21:11:34.8991470+02:00" testType="13cdc9d9-ddb5-4fa4-a97d-d965ccfc6d4b" outcome="Passed" testListId="8c84fa94-04c1-424b-9868-57a2d4851a1d" relativeResultsDirectory="5b369deb-2aa1-4ba5-a6a3-dc6269a9c597" />
    <UnitTestResult executionId="06cc7ee7-c8a4-451a-b8d5-409fd6da9e33" testId="fd8c4de1-fda6-49b7-86d2-aaa37772bbd4" testName="FormatToStringTest1000 (18490.912787030877,18490.91 zł)" computerName="DESKTOP-5URQ9PB" duration="00:00:00.0000066" startTime="2022-06-13T21:11:35.1353021+02:00" endTime="2022-06-13T21:11:35.1353766+02:00" testType="13cdc9d9-ddb5-4fa4-a97d-d965ccfc6d4b" outcome="Passed" testListId="8c84fa94-04c1-424b-9868-57a2d4851a1d" relativeResultsDirectory="06cc7ee7-c8a4-451a-b8d5-409fd6da9e33" />
    <UnitTestResult executionId="23bd8592-4dcb-4d62-9d78-6bce7968fa26" testId="621b3384-7f1e-4a27-99c8-f0a5bdc48019" testName="FormatToStringTest1000 (7569.605888796322,7569.61 zł)" computerName="DESKTOP-5URQ9PB" duration="00:00:00.0000064" startTime="2022-06-13T21:11:35.1350490+02:00" endTime="2022-06-13T21:11:35.1351160+02:00" testType="13cdc9d9-ddb5-4fa4-a97d-d965ccfc6d4b" outcome="Passed" testListId="8c84fa94-04c1-424b-9868-57a2d4851a1d" relativeResultsDirectory="23bd8592-4dcb-4d62-9d78-6bce7968fa26" />
    <UnitTestResult executionId="4230f7b1-00a7-4306-a1d3-4188c42201b7" testId="9fe90b9e-a4a4-4a54-b748-a5b2136df17a" testName="FormatToStringTest1000 (8901.937138443784,8901.94 zł)" computerName="DESKTOP-5URQ9PB" duration="00:00:00.0000064" startTime="2022-06-13T21:11:35.0764100+02:00" endTime="2022-06-13T21:11:35.0764783+02:00" testType="13cdc9d9-ddb5-4fa4-a97d-d965ccfc6d4b" outcome="Passed" testListId="8c84fa94-04c1-424b-9868-57a2d4851a1d" relativeResultsDirectory="4230f7b1-00a7-4306-a1d3-4188c42201b7" />
    <UnitTestResult executionId="1ed5b0e1-08e8-4f55-baa2-406d697b5dd6" testId="f45ef289-4272-4b11-8799-98cecf36f9ef" testName="FormatToStringTest1000 (10641.263377953444,10641.26 zł)" computerName="DESKTOP-5URQ9PB" duration="00:00:00.0000064" startTime="2022-06-13T21:11:34.9771617+02:00" endTime="2022-06-13T21:11:34.9772291+02:00" testType="13cdc9d9-ddb5-4fa4-a97d-d965ccfc6d4b" outcome="Passed" testListId="8c84fa94-04c1-424b-9868-57a2d4851a1d" relativeResultsDirectory="1ed5b0e1-08e8-4f55-baa2-406d697b5dd6" />
    <UnitTestResult executionId="c1ae0cd0-8bab-4245-9465-3ae8c9b8ea52" testId="27436fd1-7400-4165-aca3-5e8b1cae26ce" testName="FormatToStringTest1000 (16901.497392274203,16901.50 zł)" computerName="DESKTOP-5URQ9PB" duration="00:00:00.0000064" startTime="2022-06-13T21:11:35.1008515+02:00" endTime="2022-06-13T21:11:35.1009175+02:00" testType="13cdc9d9-ddb5-4fa4-a97d-d965ccfc6d4b" outcome="Passed" testListId="8c84fa94-04c1-424b-9868-57a2d4851a1d" relativeResultsDirectory="c1ae0cd0-8bab-4245-9465-3ae8c9b8ea52" />
    <UnitTestResult executionId="de092eb1-5948-4bae-af05-a0c5b3c1b0c2" testId="e82cfede-c959-4855-8aea-388343a8d8ce" testName="FormatToStringTest1000 (86.89546322771136,86.90 zł)" computerName="DESKTOP-5URQ9PB" duration="00:00:00.0000065" startTime="2022-06-13T21:11:34.8583500+02:00" endTime="2022-06-13T21:11:34.8584197+02:00" testType="13cdc9d9-ddb5-4fa4-a97d-d965ccfc6d4b" outcome="Passed" testListId="8c84fa94-04c1-424b-9868-57a2d4851a1d" relativeResultsDirectory="de092eb1-5948-4bae-af05-a0c5b3c1b0c2" />
    <UnitTestResult executionId="398a5bb6-9889-444e-b068-3eb2096bf313" testId="f3a3f445-c250-4c7f-b33f-a136f2cc56bc" testName="FormatToStringTest1000 (19933.78650940945,19933.79 zł)" computerName="DESKTOP-5URQ9PB" duration="00:00:00.0000065" startTime="2022-06-13T21:11:35.1754115+02:00" endTime="2022-06-13T21:11:35.1754767+02:00" testType="13cdc9d9-ddb5-4fa4-a97d-d965ccfc6d4b" outcome="Passed" testListId="8c84fa94-04c1-424b-9868-57a2d4851a1d" relativeResultsDirectory="398a5bb6-9889-444e-b068-3eb2096bf313" />
    <UnitTestResult executionId="2e99efd1-c105-405c-b48a-6db9c2498c4f" testId="d7907b61-23ab-4598-9f50-5781af76a4a5" testName="FormatToStringTest1000 (29926.595417457444,29926.60 zł)" computerName="DESKTOP-5URQ9PB" duration="00:00:00.0000065" startTime="2022-06-13T21:11:35.1353936+02:00" endTime="2022-06-13T21:11:35.1354593+02:00" testType="13cdc9d9-ddb5-4fa4-a97d-d965ccfc6d4b" outcome="Passed" testListId="8c84fa94-04c1-424b-9868-57a2d4851a1d" relativeResultsDirectory="2e99efd1-c105-405c-b48a-6db9c2498c4f" />
    <UnitTestResult executionId="548c228c-344e-4a14-9443-cb508d32c79f" testId="53e39b14-de66-4f32-b310-4ae7d7c2b6e7" testName="FormatToStringTest1000 (33699.13042082038,33699.13 zł)" computerName="DESKTOP-5URQ9PB" duration="00:00:00.0000120" startTime="2022-06-13T21:11:35.1138216+02:00" endTime="2022-06-13T21:11:35.1139880+02:00" testType="13cdc9d9-ddb5-4fa4-a97d-d965ccfc6d4b" outcome="Passed" testListId="8c84fa94-04c1-424b-9868-57a2d4851a1d" relativeResultsDirectory="548c228c-344e-4a14-9443-cb508d32c79f" />
    <UnitTestResult executionId="2df8b924-d766-4055-8f4d-d696a71ec155" testId="d6c81fe3-316f-47da-8112-3d18aa21c592" testName="FormatToStringTest1000 (20012.898273490322,20012.90 zł)" computerName="DESKTOP-5URQ9PB" duration="00:00:00.0000071" startTime="2022-06-13T21:11:34.9648819+02:00" endTime="2022-06-13T21:11:34.9649675+02:00" testType="13cdc9d9-ddb5-4fa4-a97d-d965ccfc6d4b" outcome="Passed" testListId="8c84fa94-04c1-424b-9868-57a2d4851a1d" relativeResultsDirectory="2df8b924-d766-4055-8f4d-d696a71ec155" />
    <UnitTestResult executionId="1c5b1a9a-049f-4d24-bc31-bf83ab2f9be4" testId="d6c9c865-1e81-4f8a-9e0b-3934a0c6836c" testName="FormatToStringTest1000 (80609.94377465078,80609.94 zł)" computerName="DESKTOP-5URQ9PB" duration="00:00:00.0000064" startTime="2022-06-13T21:11:34.8521698+02:00" endTime="2022-06-13T21:11:34.8522434+02:00" testType="13cdc9d9-ddb5-4fa4-a97d-d965ccfc6d4b" outcome="Passed" testListId="8c84fa94-04c1-424b-9868-57a2d4851a1d" relativeResultsDirectory="1c5b1a9a-049f-4d24-bc31-bf83ab2f9be4" />
    <UnitTestResult executionId="a6a7946c-6b78-43a3-88c4-45b2c2700d23" testId="9a2c73f3-175f-4b6c-81d2-0f97c85ffe08" testName="FormatToStringTest1000 (4121.116360678857,4121.12 zł)" computerName="DESKTOP-5URQ9PB" duration="00:00:00.0000063" startTime="2022-06-13T21:11:35.0336815+02:00" endTime="2022-06-13T21:11:35.0337484+02:00" testType="13cdc9d9-ddb5-4fa4-a97d-d965ccfc6d4b" outcome="Passed" testListId="8c84fa94-04c1-424b-9868-57a2d4851a1d" relativeResultsDirectory="a6a7946c-6b78-43a3-88c4-45b2c2700d23" />
    <UnitTestResult executionId="e68bae95-ea54-4b9a-bd58-7e1401b4bda4" testId="21a0c6a2-ea1b-4447-89f9-1f0feb2d5504" testName="FormatToStringTest1000 (2718.1767171650085,2718.18 zł)" computerName="DESKTOP-5URQ9PB" duration="00:00:00.0000066" startTime="2022-06-13T21:11:34.9690450+02:00" endTime="2022-06-13T21:11:34.9691188+02:00" testType="13cdc9d9-ddb5-4fa4-a97d-d965ccfc6d4b" outcome="Passed" testListId="8c84fa94-04c1-424b-9868-57a2d4851a1d" relativeResultsDirectory="e68bae95-ea54-4b9a-bd58-7e1401b4bda4" />
    <UnitTestResult executionId="f228510a-6060-4233-8240-befc1d30eaca" testId="55ac45ff-2785-4948-9dc2-8485128ed55d" testName="FormatToStringTest1000 (38076.55319665165,38076.55 zł)" computerName="DESKTOP-5URQ9PB" duration="00:00:00.0000065" startTime="2022-06-13T21:11:34.8961525+02:00" endTime="2022-06-13T21:11:34.8962207+02:00" testType="13cdc9d9-ddb5-4fa4-a97d-d965ccfc6d4b" outcome="Passed" testListId="8c84fa94-04c1-424b-9868-57a2d4851a1d" relativeResultsDirectory="f228510a-6060-4233-8240-befc1d30eaca" />
    <UnitTestResult executionId="5512e4e2-1637-4495-8b56-10db391b99ec" testId="29ac80a3-b7f7-40ef-8e2e-430e05ddfc51" testName="FormatToStringTest1000 (13402.882692040355,13402.88 zł)" computerName="DESKTOP-5URQ9PB" duration="00:00:00.0000068" startTime="2022-06-13T21:11:35.1561475+02:00" endTime="2022-06-13T21:11:35.1562164+02:00" testType="13cdc9d9-ddb5-4fa4-a97d-d965ccfc6d4b" outcome="Passed" testListId="8c84fa94-04c1-424b-9868-57a2d4851a1d" relativeResultsDirectory="5512e4e2-1637-4495-8b56-10db391b99ec" />
    <UnitTestResult executionId="5f14c0a6-1f97-49a6-bd10-25ac67cf14c8" testId="a015028a-0fa8-4c8e-8f98-c7010155744e" testName="FormatToStringTest1000 (16597.22844427788,16597.23 zł)" computerName="DESKTOP-5URQ9PB" duration="00:00:00.0000080" startTime="2022-06-13T21:11:34.9214938+02:00" endTime="2022-06-13T21:11:34.9215670+02:00" testType="13cdc9d9-ddb5-4fa4-a97d-d965ccfc6d4b" outcome="Passed" testListId="8c84fa94-04c1-424b-9868-57a2d4851a1d" relativeResultsDirectory="5f14c0a6-1f97-49a6-bd10-25ac67cf14c8" />
    <UnitTestResult executionId="f5924446-9c1f-4be3-82fc-f2bd43a23b9a" testId="0aeac257-6de0-4a94-b5b5-cd8aec1631b5" testName="FormatToStringTest1000 (96.75594581512546,96.76 zł)" computerName="DESKTOP-5URQ9PB" duration="00:00:00.0000067" startTime="2022-06-13T21:11:34.8707680+02:00" endTime="2022-06-13T21:11:34.8708410+02:00" testType="13cdc9d9-ddb5-4fa4-a97d-d965ccfc6d4b" outcome="Passed" testListId="8c84fa94-04c1-424b-9868-57a2d4851a1d" relativeResultsDirectory="f5924446-9c1f-4be3-82fc-f2bd43a23b9a" />
    <UnitTestResult executionId="2ed4a3a8-fd6d-4dbe-b43f-82ae58271619" testId="8d7645a8-9b28-4a44-ba70-e85ae7f79112" testName="FormatToStringTest1000 (7716.571614765363,7716.57 zł)" computerName="DESKTOP-5URQ9PB" duration="00:00:00.0000064" startTime="2022-06-13T21:11:35.1638079+02:00" endTime="2022-06-13T21:11:35.1638723+02:00" testType="13cdc9d9-ddb5-4fa4-a97d-d965ccfc6d4b" outcome="Passed" testListId="8c84fa94-04c1-424b-9868-57a2d4851a1d" relativeResultsDirectory="2ed4a3a8-fd6d-4dbe-b43f-82ae58271619" />
    <UnitTestResult executionId="6b2a6053-c977-43e1-a8c3-302d07016dfd" testId="9056a7fc-1387-42fb-977e-d69f0f430fdb" testName="FormatToStringTest1000 (30138.55109863102,30138.55 zł)" computerName="DESKTOP-5URQ9PB" duration="00:00:00.0000075" startTime="2022-06-13T21:11:35.1112041+02:00" endTime="2022-06-13T21:11:35.1113770+02:00" testType="13cdc9d9-ddb5-4fa4-a97d-d965ccfc6d4b" outcome="Passed" testListId="8c84fa94-04c1-424b-9868-57a2d4851a1d" relativeResultsDirectory="6b2a6053-c977-43e1-a8c3-302d07016dfd" />
    <UnitTestResult executionId="6933e02d-f919-422b-9980-265183984863" testId="0cedc3e3-3df6-42a4-ba2f-7ec2c6cfe2db" testName="FormatToStringTest1000 (26515.80237687929,26515.80 zł)" computerName="DESKTOP-5URQ9PB" duration="00:00:00.0000063" startTime="2022-06-13T21:11:34.8482642+02:00" endTime="2022-06-13T21:11:34.8483318+02:00" testType="13cdc9d9-ddb5-4fa4-a97d-d965ccfc6d4b" outcome="Passed" testListId="8c84fa94-04c1-424b-9868-57a2d4851a1d" relativeResultsDirectory="6933e02d-f919-422b-9980-265183984863" />
    <UnitTestResult executionId="148f30c7-1524-4790-8f2a-244716ed335d" testId="d268b14f-0b11-4b5e-8ed5-0860212862fd" testName="FormatToStringTest1000 (3649.9254912836127,3649.93 zł)" computerName="DESKTOP-5URQ9PB" duration="00:00:00.0000105" startTime="2022-06-13T21:11:35.2009794+02:00" endTime="2022-06-13T21:11:35.2010961+02:00" testType="13cdc9d9-ddb5-4fa4-a97d-d965ccfc6d4b" outcome="Passed" testListId="8c84fa94-04c1-424b-9868-57a2d4851a1d" relativeResultsDirectory="148f30c7-1524-4790-8f2a-244716ed335d" />
    <UnitTestResult executionId="b46e9c0e-3364-4a7b-ae7b-4946337409da" testId="5d39ace0-0544-4e08-8977-66c449565318" testName="FormatToStringTest1000 (9816.961298880615,9816.96 zł)" computerName="DESKTOP-5URQ9PB" duration="00:00:00.0000075" startTime="2022-06-13T21:11:34.8479153+02:00" endTime="2022-06-13T21:11:34.8479861+02:00" testType="13cdc9d9-ddb5-4fa4-a97d-d965ccfc6d4b" outcome="Passed" testListId="8c84fa94-04c1-424b-9868-57a2d4851a1d" relativeResultsDirectory="b46e9c0e-3364-4a7b-ae7b-4946337409da" />
    <UnitTestResult executionId="0698f800-ed0c-4fc7-8586-a459d45bbecf" testId="3ef19c46-fbe9-402a-b5a9-21449b850d60" testName="FormatToStringTest1000 (50550.645020282194,50550.65 zł)" computerName="DESKTOP-5URQ9PB" duration="00:00:00.0000070" startTime="2022-06-13T21:11:35.0881066+02:00" endTime="2022-06-13T21:11:35.0881835+02:00" testType="13cdc9d9-ddb5-4fa4-a97d-d965ccfc6d4b" outcome="Passed" testListId="8c84fa94-04c1-424b-9868-57a2d4851a1d" relativeResultsDirectory="0698f800-ed0c-4fc7-8586-a459d45bbecf" />
    <UnitTestResult executionId="fcf552e3-8f7b-48ae-8840-f04e018ab0e1" testId="1edb6429-1a23-4d63-be53-22b7e38ef0ce" testName="FormatToStringTest1000 (28992.38363400166,28992.38 zł)" computerName="DESKTOP-5URQ9PB" duration="00:00:00.0000065" startTime="2022-06-13T21:11:35.1312332+02:00" endTime="2022-06-13T21:11:35.1312977+02:00" testType="13cdc9d9-ddb5-4fa4-a97d-d965ccfc6d4b" outcome="Passed" testListId="8c84fa94-04c1-424b-9868-57a2d4851a1d" relativeResultsDirectory="fcf552e3-8f7b-48ae-8840-f04e018ab0e1" />
    <UnitTestResult executionId="c09a1cb9-0ba5-4b5b-9b23-fae3b3c85ebf" testId="c9cf26c5-70bd-4cc5-932c-24343b64ebca" testName="FormatToStringTest1000 (72703.4365723503,72703.44 zł)" computerName="DESKTOP-5URQ9PB" duration="00:00:00.0000150" startTime="2022-06-13T21:11:34.9963206+02:00" endTime="2022-06-13T21:11:34.9965122+02:00" testType="13cdc9d9-ddb5-4fa4-a97d-d965ccfc6d4b" outcome="Passed" testListId="8c84fa94-04c1-424b-9868-57a2d4851a1d" relativeResultsDirectory="c09a1cb9-0ba5-4b5b-9b23-fae3b3c85ebf" />
    <UnitTestResult executionId="23e9da65-db31-42c1-9297-34ed2f744247" testId="fc9b61f6-8e43-4c14-b5fc-fb94608c87e8" testName="FormatToStringTest1000 (25794.833624416417,25794.83 zł)" computerName="DESKTOP-5URQ9PB" duration="00:00:00.0000072" startTime="2022-06-13T21:11:35.1285672+02:00" endTime="2022-06-13T21:11:35.1286320+02:00" testType="13cdc9d9-ddb5-4fa4-a97d-d965ccfc6d4b" outcome="Passed" testListId="8c84fa94-04c1-424b-9868-57a2d4851a1d" relativeResultsDirectory="23e9da65-db31-42c1-9297-34ed2f744247" />
    <UnitTestResult executionId="f7e20df1-7100-4c3f-be1b-8548ffd25bcc" testId="603be560-8b69-4d68-9ee9-e267881a7483" testName="FormatToStringTest1000 (33206.73122987837,33206.73 zł)" computerName="DESKTOP-5URQ9PB" duration="00:00:00.0000081" startTime="2022-06-13T21:11:34.8710359+02:00" endTime="2022-06-13T21:11:34.8711105+02:00" testType="13cdc9d9-ddb5-4fa4-a97d-d965ccfc6d4b" outcome="Passed" testListId="8c84fa94-04c1-424b-9868-57a2d4851a1d" relativeResultsDirectory="f7e20df1-7100-4c3f-be1b-8548ffd25bcc" />
    <UnitTestResult executionId="db4f3fe2-b22f-46da-8186-c4ec035e77bc" testId="8b672f22-f905-4148-a38a-d1396681e075" testName="FormatToStringTest1000 (15396.537902579894,15396.54 zł)" computerName="DESKTOP-5URQ9PB" duration="00:00:00.0000064" startTime="2022-06-13T21:11:35.1166337+02:00" endTime="2022-06-13T21:11:35.1166991+02:00" testType="13cdc9d9-ddb5-4fa4-a97d-d965ccfc6d4b" outcome="Passed" testListId="8c84fa94-04c1-424b-9868-57a2d4851a1d" relativeResultsDirectory="db4f3fe2-b22f-46da-8186-c4ec035e77bc" />
  </Results>
  <TestDefinitions>
    <UnitTest name="FormatToStringTest1000 (78796.90433980194,78796.90 zł)" storage="c:\projekty\mstestproject\bin\debug\netcoreapp3.1\mstestproject.dll" id="1462185c-2a89-43ac-a81a-a4a9dcbbeac3">
      <TestCategory>
        <TestCategoryItem TestCategory="Category1000" />
      </TestCategory>
      <Execution id="d43097c7-99a0-409e-bfdc-e9eaef4ba6d7" />
      <TestMethod codeBase="C:\Projekty\MSTestProject\bin\Debug\netcoreapp3.1\MSTestProject.dll" adapterTypeName="executor://mstestadapter/v2" className="TwojeWesele.Services.Helpers.Tests.CurrencyHelperTests" name="FormatToStringTest1000" />
    </UnitTest>
    <UnitTest name="FormatToStringTest1000 (4002.4180488374172,4002.42 zł)" storage="c:\projekty\mstestproject\bin\debug\netcoreapp3.1\mstestproject.dll" id="ea838969-6e3c-4d06-98e9-a732e494ccca">
      <TestCategory>
        <TestCategoryItem TestCategory="Category1000" />
      </TestCategory>
      <Execution id="fa977870-0ad7-4550-a5a8-6dfa5474f6fa" />
      <TestMethod codeBase="C:\Projekty\MSTestProject\bin\Debug\netcoreapp3.1\MSTestProject.dll" adapterTypeName="executor://mstestadapter/v2" className="TwojeWesele.Services.Helpers.Tests.CurrencyHelperTests" name="FormatToStringTest1000" />
    </UnitTest>
    <UnitTest name="FormatToStringTest1000 (16383.352881839199,16383.35 zł)" storage="c:\projekty\mstestproject\bin\debug\netcoreapp3.1\mstestproject.dll" id="db7379ec-1191-4e57-9473-5f90cad40bb9">
      <TestCategory>
        <TestCategoryItem TestCategory="Category1000" />
      </TestCategory>
      <Execution id="29233f07-5593-41f4-b4fa-98c9344b9ed5" />
      <TestMethod codeBase="C:\Projekty\MSTestProject\bin\Debug\netcoreapp3.1\MSTestProject.dll" adapterTypeName="executor://mstestadapter/v2" className="TwojeWesele.Services.Helpers.Tests.CurrencyHelperTests" name="FormatToStringTest1000" />
    </UnitTest>
    <UnitTest name="FormatToStringTest1000 (6102.4120417453405,6102.41 zł)" storage="c:\projekty\mstestproject\bin\debug\netcoreapp3.1\mstestproject.dll" id="51a88493-f1ba-41f8-b5ee-965b5903885f">
      <TestCategory>
        <TestCategoryItem TestCategory="Category1000" />
      </TestCategory>
      <Execution id="ebdb36e3-5e93-4a4f-a2e8-03203f84d729" />
      <TestMethod codeBase="C:\Projekty\MSTestProject\bin\Debug\netcoreapp3.1\MSTestProject.dll" adapterTypeName="executor://mstestadapter/v2" className="TwojeWesele.Services.Helpers.Tests.CurrencyHelperTests" name="FormatToStringTest1000" />
    </UnitTest>
    <UnitTest name="FormatToStringTest1000 (38402.8293406753,38402.83 zł)" storage="c:\projekty\mstestproject\bin\debug\netcoreapp3.1\mstestproject.dll" id="b2975b45-10a1-42ed-9302-9a30a0c508fd">
      <TestCategory>
        <TestCategoryItem TestCategory="Category1000" />
      </TestCategory>
      <Execution id="525eb716-d8c5-45cb-b984-12863405daae" />
      <TestMethod codeBase="C:\Projekty\MSTestProject\bin\Debug\netcoreapp3.1\MSTestProject.dll" adapterTypeName="executor://mstestadapter/v2" className="TwojeWesele.Services.Helpers.Tests.CurrencyHelperTests" name="FormatToStringTest1000" />
    </UnitTest>
    <UnitTest name="FormatToStringTest1000 (9661.966055578536,9661.97 zł)" storage="c:\projekty\mstestproject\bin\debug\netcoreapp3.1\mstestproject.dll" id="15289eb8-75d7-4bba-9954-59d816d1d6f2">
      <TestCategory>
        <TestCategoryItem TestCategory="Category1000" />
      </TestCategory>
      <Execution id="a1e8337b-a5a6-426c-87bf-18a3105b71cd" />
      <TestMethod codeBase="C:\Projekty\MSTestProject\bin\Debug\netcoreapp3.1\MSTestProject.dll" adapterTypeName="executor://mstestadapter/v2" className="TwojeWesele.Services.Helpers.Tests.CurrencyHelperTests" name="FormatToStringTest1000" />
    </UnitTest>
    <UnitTest name="FormatToStringTest1000 (4025.728369236797,4025.73 zł)" storage="c:\projekty\mstestproject\bin\debug\netcoreapp3.1\mstestproject.dll" id="dcc55fd8-1bc3-48c1-b054-4dafbaaae13e">
      <TestCategory>
        <TestCategoryItem TestCategory="Category1000" />
      </TestCategory>
      <Execution id="9946fa12-2801-4415-98df-46b0ed6e8e5a" />
      <TestMethod codeBase="C:\Projekty\MSTestProject\bin\Debug\netcoreapp3.1\MSTestProject.dll" adapterTypeName="executor://mstestadapter/v2" className="TwojeWesele.Services.Helpers.Tests.CurrencyHelperTests" name="FormatToStringTest1000" />
    </UnitTest>
    <UnitTest name="FormatToStringTest1000 (32359.431438434138,32359.43 zł)" storage="c:\projekty\mstestproject\bin\debug\netcoreapp3.1\mstestproject.dll" id="78fb01ba-905d-4180-9638-16db38b47b2c">
      <TestCategory>
        <TestCategoryItem TestCategory="Category1000" />
      </TestCategory>
      <Execution id="1547e421-ae4f-4546-938a-216301621f90" />
      <TestMethod codeBase="C:\Projekty\MSTestProject\bin\Debug\netcoreapp3.1\MSTestProject.dll" adapterTypeName="executor://mstestadapter/v2" className="TwojeWesele.Services.Helpers.Tests.CurrencyHelperTests" name="FormatToStringTest1000" />
    </UnitTest>
    <UnitTest name="FormatToStringTest1000 (6057.842750804426,6057.84 zł)" storage="c:\projekty\mstestproject\bin\debug\netcoreapp3.1\mstestproject.dll" id="87a18366-af45-48b3-8efc-97c4691fb25e">
      <TestCategory>
        <TestCategoryItem TestCategory="Category1000" />
      </TestCategory>
      <Execution id="3224b579-32d2-46c9-8aae-70c6e54593ed" />
      <TestMethod codeBase="C:\Projekty\MSTestProject\bin\Debug\netcoreapp3.1\MSTestProject.dll" adapterTypeName="executor://mstestadapter/v2" className="TwojeWesele.Services.Helpers.Tests.CurrencyHelperTests" name="FormatToStringTest1000" />
    </UnitTest>
    <UnitTest name="FormatToStringTest1000 (9503.466049463705,9503.47 zł)" storage="c:\projekty\mstestproject\bin\debug\netcoreapp3.1\mstestproject.dll" id="02fa555b-68ab-42ba-bf57-4b52f2d307fb">
      <TestCategory>
        <TestCategoryItem TestCategory="Category1000" />
      </TestCategory>
      <Execution id="a914d0a5-4fcd-4304-871b-dbf716486afe" />
      <TestMethod codeBase="C:\Projekty\MSTestProject\bin\Debug\netcoreapp3.1\MSTestProject.dll" adapterTypeName="executor://mstestadapter/v2" className="TwojeWesele.Services.Helpers.Tests.CurrencyHelperTests" name="FormatToStringTest1000" />
    </UnitTest>
    <UnitTest name="FormatToStringTest1000 (13402.882692040355,13402.88 zł)" storage="c:\projekty\mstestproject\bin\debug\netcoreapp3.1\mstestproject.dll" id="29ac80a3-b7f7-40ef-8e2e-430e05ddfc51">
      <TestCategory>
        <TestCategoryItem TestCategory="Category1000" />
      </TestCategory>
      <Execution id="5512e4e2-1637-4495-8b56-10db391b99ec" />
      <TestMethod codeBase="C:\Projekty\MSTestProject\bin\Debug\netcoreapp3.1\MSTestProject.dll" adapterTypeName="executor://mstestadapter/v2" className="TwojeWesele.Services.Helpers.Tests.CurrencyHelperTests" name="FormatToStringTest1000" />
    </UnitTest>
    <UnitTest name="FormatToStringTest1000 (2121.0917325211185,2121.09 zł)" storage="c:\projekty\mstestproject\bin\debug\netcoreapp3.1\mstestproject.dll" id="b9170ab8-f6d5-44c3-b530-9afdaa4f8406">
      <TestCategory>
        <TestCategoryItem TestCategory="Category1000" />
      </TestCategory>
      <Execution id="5b239785-60f7-4e53-a574-19c1e1d6ab12" />
      <TestMethod codeBase="C:\Projekty\MSTestProject\bin\Debug\netcoreapp3.1\MSTestProject.dll" adapterTypeName="executor://mstestadapter/v2" className="TwojeWesele.Services.Helpers.Tests.CurrencyHelperTests" name="FormatToStringTest1000" />
    </UnitTest>
    <UnitTest name="FormatToStringTest1000 (11912.404131636213,11912.40 zł)" storage="c:\projekty\mstestproject\bin\debug\netcoreapp3.1\mstestproject.dll" id="3b2cb064-2a0a-4a9e-8c66-99e6bf6866f3">
      <TestCategory>
        <TestCategoryItem TestCategory="Category1000" />
      </TestCategory>
      <Execution id="f2844798-16d0-4c2f-8cd6-125549bd6647" />
      <TestMethod codeBase="C:\Projekty\MSTestProject\bin\Debug\netcoreapp3.1\MSTestProject.dll" adapterTypeName="executor://mstestadapter/v2" className="TwojeWesele.Services.Helpers.Tests.CurrencyHelperTests" name="FormatToStringTest1000" />
    </UnitTest>
    <UnitTest name="FormatToStringTest1000 (47256.065730817645,47256.07 zł)" storage="c:\projekty\mstestproject\bin\debug\netcoreapp3.1\mstestproject.dll" id="2f212e2a-646a-4d5d-b2ee-e02fa930db5c">
      <TestCategory>
        <TestCategoryItem TestCategory="Category1000" />
      </TestCategory>
      <Execution id="50fa51da-973a-4563-8ee6-9a528e4c9a24" />
      <TestMethod codeBase="C:\Projekty\MSTestProject\bin\Debug\netcoreapp3.1\MSTestProject.dll" adapterTypeName="executor://mstestadapter/v2" className="TwojeWesele.Services.Helpers.Tests.CurrencyHelperTests" name="FormatToStringTest1000" />
    </UnitTest>
    <UnitTest name="FormatToStringTest1000 (51300.77891898145,51300.78 zł)" storage="c:\projekty\mstestproject\bin\debug\netcoreapp3.1\mstestproject.dll" id="13898352-c714-4e04-b9b7-58c7e4c5fa3f">
      <TestCategory>
        <TestCategoryItem TestCategory="Category1000" />
      </TestCategory>
      <Execution id="43b58d95-e8e1-46d8-94d5-0419c9d84dc6" />
      <TestMethod codeBase="C:\Projekty\MSTestProject\bin\Debug\netcoreapp3.1\MSTestProject.dll" adapterTypeName="executor://mstestadapter/v2" className="TwojeWesele.Services.Helpers.Tests.CurrencyHelperTests" name="FormatToStringTest1000" />
    </UnitTest>
    <UnitTest name="FormatToStringTest1000 (7202.052143613367,7202.05 zł)" storage="c:\projekty\mstestproject\bin\debug\netcoreapp3.1\mstestproject.dll" id="da4c9f42-b0e4-41a8-9a8e-c24bbee22595">
      <TestCategory>
        <TestCategoryItem TestCategory="Category1000" />
      </TestCategory>
      <Execution id="6dc13804-c71a-4918-9102-6535f05897f0" />
      <TestMethod codeBase="C:\Projekty\MSTestProject\bin\Debug\netcoreapp3.1\MSTestProject.dll" adapterTypeName="executor://mstestadapter/v2" className="TwojeWesele.Services.Helpers.Tests.CurrencyHelperTests" name="FormatToStringTest1000" />
    </UnitTest>
    <UnitTest name="FormatToStringTest1000 (12283.48626129026,12283.49 zł)" storage="c:\projekty\mstestproject\bin\debug\netcoreapp3.1\mstestproject.dll" id="d1d1e8e3-b4da-459d-bc3b-b81b3321523e">
      <TestCategory>
        <TestCategoryItem TestCategory="Category1000" />
      </TestCategory>
      <Execution id="aa0e06a3-7d46-424f-9127-047fdbbe92cc" />
      <TestMethod codeBase="C:\Projekty\MSTestProject\bin\Debug\netcoreapp3.1\MSTestProject.dll" adapterTypeName="executor://mstestadapter/v2" className="TwojeWesele.Services.Helpers.Tests.CurrencyHelperTests" name="FormatToStringTest1000" />
    </UnitTest>
    <UnitTest name="FormatToStringTest1000 (95071.15957335343,95071.16 zł)" storage="c:\projekty\mstestproject\bin\debug\netcoreapp3.1\mstestproject.dll" id="66d2fc61-368e-4d02-bfd6-6c96c1ddd2ce">
      <TestCategory>
        <TestCategoryItem TestCategory="Category1000" />
      </TestCategory>
      <Execution id="67c843c6-2a7a-418f-86e5-bce8e2607f79" />
      <TestMethod codeBase="C:\Projekty\MSTestProject\bin\Debug\netcoreapp3.1\MSTestProject.dll" adapterTypeName="executor://mstestadapter/v2" className="TwojeWesele.Services.Helpers.Tests.CurrencyHelperTests" name="FormatToStringTest1000" />
    </UnitTest>
    <UnitTest name="FormatToStringTest1000 (15742.409864349947,15742.41 zł)" storage="c:\projekty\mstestproject\bin\debug\netcoreapp3.1\mstestproject.dll" id="3c6816bb-7b28-4eec-a2ec-3d331d386ca7">
      <TestCategory>
        <TestCategoryItem TestCategory="Category1000" />
      </TestCategory>
      <Execution id="50db4076-c566-4f6a-ae82-5473a0b77ca8" />
      <TestMethod codeBase="C:\Projekty\MSTestProject\bin\Debug\netcoreapp3.1\MSTestProject.dll" adapterTypeName="executor://mstestadapter/v2" className="TwojeWesele.Services.Helpers.Tests.CurrencyHelperTests" name="FormatToStringTest1000" />
    </UnitTest>
    <UnitTest name="FormatToStringTest1000 (17845.255864087147,17845.26 zł)" storage="c:\projekty\mstestproject\bin\debug\netcoreapp3.1\mstestproject.dll" id="bf68736d-e507-448f-ade3-ff133ae7e11f">
      <TestCategory>
        <TestCategoryItem TestCategory="Category1000" />
      </TestCategory>
      <Execution id="1d30bdfc-c760-4fe0-9181-d1af69ec8e38" />
      <TestMethod codeBase="C:\Projekty\MSTestProject\bin\Debug\netcoreapp3.1\MSTestProject.dll" adapterTypeName="executor://mstestadapter/v2" className="TwojeWesele.Services.Helpers.Tests.CurrencyHelperTests" name="FormatToStringTest1000" />
    </UnitTest>
    <UnitTest name="FormatToStringTest1000 (46391.661094229516,46391.66 zł)" storage="c:\projekty\mstestproject\bin\debug\netcoreapp3.1\mstestproject.dll" id="4b668949-5e5b-4349-928f-efc5b315976e">
      <TestCategory>
        <TestCategoryItem TestCategory="Category1000" />
      </TestCategory>
      <Execution id="d005c2ce-8371-4a57-b8f5-237c6c340fde" />
      <TestMethod codeBase="C:\Projekty\MSTestProject\bin\Debug\netcoreapp3.1\MSTestProject.dll" adapterTypeName="executor://mstestadapter/v2" className="TwojeWesele.Services.Helpers.Tests.CurrencyHelperTests" name="FormatToStringTest1000" />
    </UnitTest>
    <UnitTest name="FormatToStringTest1000 (12759.925747307914,12759.93 zł)" storage="c:\projekty\mstestproject\bin\debug\netcoreapp3.1\mstestproject.dll" id="78fc5cbb-2ef9-44c3-8978-c90a1aee6181">
      <TestCategory>
        <TestCategoryItem TestCategory="Category1000" />
      </TestCategory>
      <Execution id="66c51329-1c6f-4490-88f4-0d0b3d4d660f" />
      <TestMethod codeBase="C:\Projekty\MSTestProject\bin\Debug\netcoreapp3.1\MSTestProject.dll" adapterTypeName="executor://mstestadapter/v2" className="TwojeWesele.Services.Helpers.Tests.CurrencyHelperTests" name="FormatToStringTest1000" />
    </UnitTest>
    <UnitTest name="FormatToStringTest1000 (19500.031951036784,19500.03 zł)" storage="c:\projekty\mstestproject\bin\debug\netcoreapp3.1\mstestproject.dll" id="83d4e696-c905-4058-a4ba-039740979433">
      <TestCategory>
        <TestCategoryItem TestCategory="Category1000" />
      </TestCategory>
      <Execution id="acd65e2a-808f-488b-912b-fb17d6ca0123" />
      <TestMethod codeBase="C:\Projekty\MSTestProject\bin\Debug\netcoreapp3.1\MSTestProject.dll" adapterTypeName="executor://mstestadapter/v2" className="TwojeWesele.Services.Helpers.Tests.CurrencyHelperTests" name="FormatToStringTest1000" />
    </UnitTest>
    <UnitTest name="FormatToStringTest1000 (3799.9216302064815,3799.92 zł)" storage="c:\projekty\mstestproject\bin\debug\netcoreapp3.1\mstestproject.dll" id="bdd2333a-65fc-4f9c-b6d5-d6d2368f1b5a">
      <TestCategory>
        <TestCategoryItem TestCategory="Category1000" />
      </TestCategory>
      <Execution id="15241089-9290-4b14-a181-83b3c8fd6599" />
      <TestMethod codeBase="C:\Projekty\MSTestProject\bin\Debug\netcoreapp3.1\MSTestProject.dll" adapterTypeName="executor://mstestadapter/v2" className="TwojeWesele.Services.Helpers.Tests.CurrencyHelperTests" name="FormatToStringTest1000" />
    </UnitTest>
    <UnitTest name="FormatToStringTest1000 (11100.829211263372,11100.83 zł)" storage="c:\projekty\mstestproject\bin\debug\netcoreapp3.1\mstestproject.dll" id="649f50eb-866f-4508-8683-5b36ae96baee">
      <TestCategory>
        <TestCategoryItem TestCategory="Category1000" />
      </TestCategory>
      <Execution id="c9fc1563-a85b-4aa4-8a2c-7f1bd3221141" />
      <TestMethod codeBase="C:\Projekty\MSTestProject\bin\Debug\netcoreapp3.1\MSTestProject.dll" adapterTypeName="executor://mstestadapter/v2" className="TwojeWesele.Services.Helpers.Tests.CurrencyHelperTests" name="FormatToStringTest1000" />
    </UnitTest>
    <UnitTest name="FormatToStringTest1000 (10174.652801423637,10174.65 zł)" storage="c:\projekty\mstestproject\bin\debug\netcoreapp3.1\mstestproject.dll" id="e7e2e773-a09a-4af4-af5b-894bb0403b2d">
      <TestCategory>
        <TestCategoryItem TestCategory="Category1000" />
      </TestCategory>
      <Execution id="a6f3592c-f162-4f74-96ca-dd2abff8c285" />
      <TestMethod codeBase="C:\Projekty\MSTestProject\bin\Debug\netcoreapp3.1\MSTestProject.dll" adapterTypeName="executor://mstestadapter/v2" className="TwojeWesele.Services.Helpers.Tests.CurrencyHelperTests" name="FormatToStringTest1000" />
    </UnitTest>
    <UnitTest name="FormatToStringTest1000 (44499.288016808816,44499.29 zł)" storage="c:\projekty\mstestproject\bin\debug\netcoreapp3.1\mstestproject.dll" id="f1dd9261-0866-4d18-b71a-4676d687a65d">
      <TestCategory>
        <TestCategoryItem TestCategory="Category1000" />
      </TestCategory>
      <Execution id="4a937f9f-44c8-44c2-bcfb-0cbc95c8a6c5" />
      <TestMethod codeBase="C:\Projekty\MSTestProject\bin\Debug\netcoreapp3.1\MSTestProject.dll" adapterTypeName="executor://mstestadapter/v2" className="TwojeWesele.Services.Helpers.Tests.CurrencyHelperTests" name="FormatToStringTest1000" />
    </UnitTest>
    <UnitTest name="FormatToStringTest1000 (397.6461894566408,397.65 zł)" storage="c:\projekty\mstestproject\bin\debug\netcoreapp3.1\mstestproject.dll" id="1e0fb909-2a60-40e8-87da-28b681b92e8f">
      <TestCategory>
        <TestCategoryItem TestCategory="Category1000" />
      </TestCategory>
      <Execution id="2ec0f482-a3ff-4cb9-94a8-abff35ec8205" />
      <TestMethod codeBase="C:\Projekty\MSTestProject\bin\Debug\netcoreapp3.1\MSTestProject.dll" adapterTypeName="executor://mstestadapter/v2" className="TwojeWesele.Services.Helpers.Tests.CurrencyHelperTests" name="FormatToStringTest1000" />
    </UnitTest>
    <UnitTest name="FormatToStringTest1000 (9196.579612724754,9196.58 zł)" storage="c:\projekty\mstestproject\bin\debug\netcoreapp3.1\mstestproject.dll" id="ae00b889-9506-482d-b311-4d65378d77a8">
      <TestCategory>
        <TestCategoryItem TestCategory="Category1000" />
      </TestCategory>
      <Execution id="94485938-05a2-4713-a7eb-ff8ff8dbaa2f" />
      <TestMethod codeBase="C:\Projekty\MSTestProject\bin\Debug\netcoreapp3.1\MSTestProject.dll" adapterTypeName="executor://mstestadapter/v2" className="TwojeWesele.Services.Helpers.Tests.CurrencyHelperTests" name="FormatToStringTest1000" />
    </UnitTest>
    <UnitTest name="FormatToStringTest1000 (181.3640542483721,181.36 zł)" storage="c:\projekty\mstestproject\bin\debug\netcoreapp3.1\mstestproject.dll" id="4cbf0f0d-f903-4efc-88c5-3bbefbc02bb9">
      <TestCategory>
        <TestCategoryItem TestCategory="Category1000" />
      </TestCategory>
      <Execution id="6439c353-2727-4a0d-ba81-d0837c0ecae6" />
      <TestMethod codeBase="C:\Projekty\MSTestProject\bin\Debug\netcoreapp3.1\MSTestProject.dll" adapterTypeName="executor://mstestadapter/v2" className="TwojeWesele.Services.Helpers.Tests.CurrencyHelperTests" name="FormatToStringTest1000" />
    </UnitTest>
    <UnitTest name="FormatToStringTest1000 (16637.074429372828,16637.07 zł)" storage="c:\projekty\mstestproject\bin\debug\netcoreapp3.1\mstestproject.dll" id="5ce2c80c-2e02-49cf-8fdc-9eb14b4e2c99">
      <TestCategory>
        <TestCategoryItem TestCategory="Category1000" />
      </TestCategory>
      <Execution id="69a1160b-18c2-4686-acf8-d448f818f881" />
      <TestMethod codeBase="C:\Projekty\MSTestProject\bin\Debug\netcoreapp3.1\MSTestProject.dll" adapterTypeName="executor://mstestadapter/v2" className="TwojeWesele.Services.Helpers.Tests.CurrencyHelperTests" name="FormatToStringTest1000" />
    </UnitTest>
    <UnitTest name="FormatToStringTest1000 (28155.26504817664,28155.27 zł)" storage="c:\projekty\mstestproject\bin\debug\netcoreapp3.1\mstestproject.dll" id="c63b2c1f-2010-462a-b341-81a8df2b0fb3">
      <TestCategory>
        <TestCategoryItem TestCategory="Category1000" />
      </TestCategory>
      <Execution id="45d8f7d9-ede5-4d48-9395-c12f2a659587" />
      <TestMethod codeBase="C:\Projekty\MSTestProject\bin\Debug\netcoreapp3.1\MSTestProject.dll" adapterTypeName="executor://mstestadapter/v2" className="TwojeWesele.Services.Helpers.Tests.CurrencyHelperTests" name="FormatToStringTest1000" />
    </UnitTest>
    <UnitTest name="FormatToStringTest1000 (47437.74370917619,47437.74 zł)" storage="c:\projekty\mstestproject\bin\debug\netcoreapp3.1\mstestproject.dll" id="9a1552b7-dd39-4486-a354-2f1c49247045">
      <TestCategory>
        <TestCategoryItem TestCategory="Category1000" />
      </TestCategory>
      <Execution id="cde9fcf6-af50-4271-9cc7-9b17c222eea1" />
      <TestMethod codeBase="C:\Projekty\MSTestProject\bin\Debug\netcoreapp3.1\MSTestProject.dll" adapterTypeName="executor://mstestadapter/v2" className="TwojeWesele.Services.Helpers.Tests.CurrencyHelperTests" name="FormatToStringTest1000" />
    </UnitTest>
    <UnitTest name="FormatToStringTest1000 (67109.22110940759,67109.22 zł)" storage="c:\projekty\mstestproject\bin\debug\netcoreapp3.1\mstestproject.dll" id="1746f239-8df5-40da-bea2-690fba9f9eb8">
      <TestCategory>
        <TestCategoryItem TestCategory="Category1000" />
      </TestCategory>
      <Execution id="c0c27940-3730-4a78-87cf-97edd2210e48" />
      <TestMethod codeBase="C:\Projekty\MSTestProject\bin\Debug\netcoreapp3.1\MSTestProject.dll" adapterTypeName="executor://mstestadapter/v2" className="TwojeWesele.Services.Helpers.Tests.CurrencyHelperTests" name="FormatToStringTest1000" />
    </UnitTest>
    <UnitTest name="FormatToStringTest1000 (22533.17694295811,22533.18 zł)" storage="c:\projekty\mstestproject\bin\debug\netcoreapp3.1\mstestproject.dll" id="11257b89-457a-4c47-8644-491373dc2970">
      <TestCategory>
        <TestCategoryItem TestCategory="Category1000" />
      </TestCategory>
      <Execution id="f41df2ea-c12c-44b3-8804-1330ae792711" />
      <TestMethod codeBase="C:\Projekty\MSTestProject\bin\Debug\netcoreapp3.1\MSTestProject.dll" adapterTypeName="executor://mstestadapter/v2" className="TwojeWesele.Services.Helpers.Tests.CurrencyHelperTests" name="FormatToStringTest1000" />
    </UnitTest>
    <UnitTest name="FormatToStringTest1000 (6266.232005888704,6266.23 zł)" storage="c:\projekty\mstestproject\bin\debug\netcoreapp3.1\mstestproject.dll" id="8f9e1dbd-efeb-47d1-932f-e1535ef9ba78">
      <TestCategory>
        <TestCategoryItem TestCategory="Category1000" />
      </TestCategory>
      <Execution id="3eeed103-4e9f-44e5-a1f4-ee45593be79c" />
      <TestMethod codeBase="C:\Projekty\MSTestProject\bin\Debug\netcoreapp3.1\MSTestProject.dll" adapterTypeName="executor://mstestadapter/v2" className="TwojeWesele.Services.Helpers.Tests.CurrencyHelperTests" name="FormatToStringTest1000" />
    </UnitTest>
    <UnitTest name="FormatToStringTest1000 (17252.06220983903,17252.06 zł)" storage="c:\projekty\mstestproject\bin\debug\netcoreapp3.1\mstestproject.dll" id="bcb63e2a-8286-4046-a836-c0017b3f70f4">
      <TestCategory>
        <TestCategoryItem TestCategory="Category1000" />
      </TestCategory>
      <Execution id="e1a7bd5d-bcfd-4674-875c-62ceda1c20aa" />
      <TestMethod codeBase="C:\Projekty\MSTestProject\bin\Debug\netcoreapp3.1\MSTestProject.dll" adapterTypeName="executor://mstestadapter/v2" className="TwojeWesele.Services.Helpers.Tests.CurrencyHelperTests" name="FormatToStringTest1000" />
    </UnitTest>
    <UnitTest name="FormatToStringTest1000 (33601.357302459124,33601.36 zł)" storage="c:\projekty\mstestproject\bin\debug\netcoreapp3.1\mstestproject.dll" id="ffd7408b-6e29-4035-b32e-7dab7fddd10d">
      <TestCategory>
        <TestCategoryItem TestCategory="Category1000" />
      </TestCategory>
      <Execution id="432f335d-281f-462f-bb20-31de0d596a15" />
      <TestMethod codeBase="C:\Projekty\MSTestProject\bin\Debug\netcoreapp3.1\MSTestProject.dll" adapterTypeName="executor://mstestadapter/v2" className="TwojeWesele.Services.Helpers.Tests.CurrencyHelperTests" name="FormatToStringTest1000" />
    </UnitTest>
    <UnitTest name="FormatToStringTest1000 (30360.993128030557,30360.99 zł)" storage="c:\projekty\mstestproject\bin\debug\netcoreapp3.1\mstestproject.dll" id="287ed9b1-f318-4c2d-b81a-2498fd359f18">
      <TestCategory>
        <TestCategoryItem TestCategory="Category1000" />
      </TestCategory>
      <Execution id="951f9385-51b6-4784-849b-abdd5f97062b" />
      <TestMethod codeBase="C:\Projekty\MSTestProject\bin\Debug\netcoreapp3.1\MSTestProject.dll" adapterTypeName="executor://mstestadapter/v2" className="TwojeWesele.Services.Helpers.Tests.CurrencyHelperTests" name="FormatToStringTest1000" />
    </UnitTest>
    <UnitTest name="FormatToStringTest1000 (12641.700665183225,12641.70 zł)" storage="c:\projekty\mstestproject\bin\debug\netcoreapp3.1\mstestproject.dll" id="0fdb38d1-c813-4982-8fcc-c1bbcee27c01">
      <TestCategory>
        <TestCategoryItem TestCategory="Category1000" />
      </TestCategory>
      <Execution id="7421572e-54b4-4623-a1d5-2f186ae2253a" />
      <TestMethod codeBase="C:\Projekty\MSTestProject\bin\Debug\netcoreapp3.1\MSTestProject.dll" adapterTypeName="executor://mstestadapter/v2" className="TwojeWesele.Services.Helpers.Tests.CurrencyHelperTests" name="FormatToStringTest1000" />
    </UnitTest>
    <UnitTest name="FormatToStringTest1000 (867.5236648356187,867.52 zł)" storage="c:\projekty\mstestproject\bin\debug\netcoreapp3.1\mstestproject.dll" id="91741aef-18bb-4206-8c5d-25f001b59995">
      <TestCategory>
        <TestCategoryItem TestCategory="Category1000" />
      </TestCategory>
      <Execution id="2caeef7b-daac-45aa-b2e3-04b832fd9e89" />
      <TestMethod codeBase="C:\Projekty\MSTestProject\bin\Debug\netcoreapp3.1\MSTestProject.dll" adapterTypeName="executor://mstestadapter/v2" className="TwojeWesele.Services.Helpers.Tests.CurrencyHelperTests" name="FormatToStringTest1000" />
    </UnitTest>
    <UnitTest name="FormatToStringTest1000 (29417.800422138444,29417.80 zł)" storage="c:\projekty\mstestproject\bin\debug\netcoreapp3.1\mstestproject.dll" id="38bb9850-3cac-4fa3-92a7-da91c38e05c9">
      <TestCategory>
        <TestCategoryItem TestCategory="Category1000" />
      </TestCategory>
      <Execution id="8b199c2e-e0b8-47ae-bff4-c43b855ce792" />
      <TestMethod codeBase="C:\Projekty\MSTestProject\bin\Debug\netcoreapp3.1\MSTestProject.dll" adapterTypeName="executor://mstestadapter/v2" className="TwojeWesele.Services.Helpers.Tests.CurrencyHelperTests" name="FormatToStringTest1000" />
    </UnitTest>
    <UnitTest name="FormatToStringTest1000 (50644.690874327294,50644.69 zł)" storage="c:\projekty\mstestproject\bin\debug\netcoreapp3.1\mstestproject.dll" id="fd47a9bd-f538-474f-afc4-814753fd051a">
      <TestCategory>
        <TestCategoryItem TestCategory="Category1000" />
      </TestCategory>
      <Execution id="0bceab6d-4c41-4088-98d5-dd3f70d85c32" />
      <TestMethod codeBase="C:\Projekty\MSTestProject\bin\Debug\netcoreapp3.1\MSTestProject.dll" adapterTypeName="executor://mstestadapter/v2" className="TwojeWesele.Services.Helpers.Tests.CurrencyHelperTests" name="FormatToStringTest1000" />
    </UnitTest>
    <UnitTest name="FormatToStringTest1000 (34145.534199603615,34145.53 zł)" storage="c:\projekty\mstestproject\bin\debug\netcoreapp3.1\mstestproject.dll" id="773e99d0-e584-4973-ad07-e1ffca0d9bf3">
      <TestCategory>
        <TestCategoryItem TestCategory="Category1000" />
      </TestCategory>
      <Execution id="eef70c3d-957d-442f-a22b-7e592fccacf9" />
      <TestMethod codeBase="C:\Projekty\MSTestProject\bin\Debug\netcoreapp3.1\MSTestProject.dll" adapterTypeName="executor://mstestadapter/v2" className="TwojeWesele.Services.Helpers.Tests.CurrencyHelperTests" name="FormatToStringTest1000" />
    </UnitTest>
    <UnitTest name="FormatToStringTest1000 (1963.0091662979728,1963.01 zł)" storage="c:\projekty\mstestproject\bin\debug\netcoreapp3.1\mstestproject.dll" id="c4982afc-87e2-419b-abef-3a6776beb361">
      <TestCategory>
        <TestCategoryItem TestCategory="Category1000" />
      </TestCategory>
      <Execution id="ec3e56c6-b297-46f3-aaf2-2dd55b5b429d" />
      <TestMethod codeBase="C:\Projekty\MSTestProject\bin\Debug\netcoreapp3.1\MSTestProject.dll" adapterTypeName="executor://mstestadapter/v2" className="TwojeWesele.Services.Helpers.Tests.CurrencyHelperTests" name="FormatToStringTest1000" />
    </UnitTest>
    <UnitTest name="FormatToStringTest1000 (25135.10315489727,25135.10 zł)" storage="c:\projekty\mstestproject\bin\debug\netcoreapp3.1\mstestproject.dll" id="6ec9de5a-2c9b-43fb-b5b9-c605caf6d24b">
      <TestCategory>
        <TestCategoryItem TestCategory="Category1000" />
      </TestCategory>
      <Execution id="f2354c2c-bc69-4209-975c-86975ae66763" />
      <TestMethod codeBase="C:\Projekty\MSTestProject\bin\Debug\netcoreapp3.1\MSTestProject.dll" adapterTypeName="executor://mstestadapter/v2" className="TwojeWesele.Services.Helpers.Tests.CurrencyHelperTests" name="FormatToStringTest1000" />
    </UnitTest>
    <UnitTest name="FormatToStringTest1000 (20445.11280083149,20445.11 zł)" storage="c:\projekty\mstestproject\bin\debug\netcoreapp3.1\mstestproject.dll" id="a2694865-c29f-4e69-8041-514275165686">
      <TestCategory>
        <TestCategoryItem TestCategory="Category1000" />
      </TestCategory>
      <Execution id="5238bd50-44b4-4102-b487-3c9daecc8256" />
      <TestMethod codeBase="C:\Projekty\MSTestProject\bin\Debug\netcoreapp3.1\MSTestProject.dll" adapterTypeName="executor://mstestadapter/v2" className="TwojeWesele.Services.Helpers.Tests.CurrencyHelperTests" name="FormatToStringTest1000" />
    </UnitTest>
    <UnitTest name="FormatToStringTest1000 (76751.79413498091,76751.79 zł)" storage="c:\projekty\mstestproject\bin\debug\netcoreapp3.1\mstestproject.dll" id="6ba0dfb7-77f1-4100-87aa-ecd2a455c171">
      <TestCategory>
        <TestCategoryItem TestCategory="Category1000" />
      </TestCategory>
      <Execution id="e25089f8-29e9-478d-8697-aa2c03f3e076" />
      <TestMethod codeBase="C:\Projekty\MSTestProject\bin\Debug\netcoreapp3.1\MSTestProject.dll" adapterTypeName="executor://mstestadapter/v2" className="TwojeWesele.Services.Helpers.Tests.CurrencyHelperTests" name="FormatToStringTest1000" />
    </UnitTest>
    <UnitTest name="FormatToStringTest1000 (10397.404523554447,10397.40 zł)" storage="c:\projekty\mstestproject\bin\debug\netcoreapp3.1\mstestproject.dll" id="df6dfdd3-4196-4838-b1f3-f26db6392623">
      <TestCategory>
        <TestCategoryItem TestCategory="Category1000" />
      </TestCategory>
      <Execution id="91e36783-dcfe-40dc-8a80-59316d5b3fb7" />
      <TestMethod codeBase="C:\Projekty\MSTestProject\bin\Debug\netcoreapp3.1\MSTestProject.dll" adapterTypeName="executor://mstestadapter/v2" className="TwojeWesele.Services.Helpers.Tests.CurrencyHelperTests" name="FormatToStringTest1000" />
    </UnitTest>
    <UnitTest name="FormatToStringTest1000 (9816.961298880615,9816.96 zł)" storage="c:\projekty\mstestproject\bin\debug\netcoreapp3.1\mstestproject.dll" id="5d39ace0-0544-4e08-8977-66c449565318">
      <TestCategory>
        <TestCategoryItem TestCategory="Category1000" />
      </TestCategory>
      <Execution id="b46e9c0e-3364-4a7b-ae7b-4946337409da" />
      <TestMethod codeBase="C:\Projekty\MSTestProject\bin\Debug\netcoreapp3.1\MSTestProject.dll" adapterTypeName="executor://mstestadapter/v2" className="TwojeWesele.Services.Helpers.Tests.CurrencyHelperTests" name="FormatToStringTest1000" />
    </UnitTest>
    <UnitTest name="FormatToStringTest1000 (39146.635743126564,39146.64 zł)" storage="c:\projekty\mstestproject\bin\debug\netcoreapp3.1\mstestproject.dll" id="8939ee04-013b-4cad-b98d-c1cd6e95efa7">
      <TestCategory>
        <TestCategoryItem TestCategory="Category1000" />
      </TestCategory>
      <Execution id="a60179ca-34e6-49ec-a77a-044478d9787e" />
      <TestMethod codeBase="C:\Projekty\MSTestProject\bin\Debug\netcoreapp3.1\MSTestProject.dll" adapterTypeName="executor://mstestadapter/v2" className="TwojeWesele.Services.Helpers.Tests.CurrencyHelperTests" name="FormatToStringTest1000" />
    </UnitTest>
    <UnitTest name="FormatToStringTest1000 (7119.076353227755,7119.08 zł)" storage="c:\projekty\mstestproject\bin\debug\netcoreapp3.1\mstestproject.dll" id="6e7624d0-1765-44b5-bf42-79054a4f9d41">
      <TestCategory>
        <TestCategoryItem TestCategory="Category1000" />
      </TestCategory>
      <Execution id="41413422-ca58-4a1b-acd3-5a17e9b5ddea" />
      <TestMethod codeBase="C:\Projekty\MSTestProject\bin\Debug\netcoreapp3.1\MSTestProject.dll" adapterTypeName="executor://mstestadapter/v2" className="TwojeWesele.Services.Helpers.Tests.CurrencyHelperTests" name="FormatToStringTest1000" />
    </UnitTest>
    <UnitTest name="FormatToStringTest1000 (16427.591943671738,16427.59 zł)" storage="c:\projekty\mstestproject\bin\debug\netcoreapp3.1\mstestproject.dll" id="6e1392c6-31f6-4207-9b05-3ef364db8257">
      <TestCategory>
        <TestCategoryItem TestCategory="Category1000" />
      </TestCategory>
      <Execution id="1816e8c5-23eb-4a8e-a3e4-bc377cab8d6b" />
      <TestMethod codeBase="C:\Projekty\MSTestProject\bin\Debug\netcoreapp3.1\MSTestProject.dll" adapterTypeName="executor://mstestadapter/v2" className="TwojeWesele.Services.Helpers.Tests.CurrencyHelperTests" name="FormatToStringTest1000" />
    </UnitTest>
    <UnitTest name="FormatToStringTest1000 (317.9090540706688,317.91 zł)" storage="c:\projekty\mstestproject\bin\debug\netcoreapp3.1\mstestproject.dll" id="69a40fcc-0401-43e0-b518-419aa3b98f4d">
      <TestCategory>
        <TestCategoryItem TestCategory="Category1000" />
      </TestCategory>
      <Execution id="ea6d2245-83d2-419a-b259-2f42ba5778e8" />
      <TestMethod codeBase="C:\Projekty\MSTestProject\bin\Debug\netcoreapp3.1\MSTestProject.dll" adapterTypeName="executor://mstestadapter/v2" className="TwojeWesele.Services.Helpers.Tests.CurrencyHelperTests" name="FormatToStringTest1000" />
    </UnitTest>
    <UnitTest name="FormatToStringTest1000 (74152.7503934562,74152.75 zł)" storage="c:\projekty\mstestproject\bin\debug\netcoreapp3.1\mstestproject.dll" id="fb939ba1-531e-4185-9694-3571bbb64f04">
      <TestCategory>
        <TestCategoryItem TestCategory="Category1000" />
      </TestCategory>
      <Execution id="b5fd6096-7fa6-4f12-bdd4-98d815946fd7" />
      <TestMethod codeBase="C:\Projekty\MSTestProject\bin\Debug\netcoreapp3.1\MSTestProject.dll" adapterTypeName="executor://mstestadapter/v2" className="TwojeWesele.Services.Helpers.Tests.CurrencyHelperTests" name="FormatToStringTest1000" />
    </UnitTest>
    <UnitTest name="FormatToStringTest1000 (47575.6421269959,47575.64 zł)" storage="c:\projekty\mstestproject\bin\debug\netcoreapp3.1\mstestproject.dll" id="decd345a-87e6-4609-a978-12b2f7ebd4ca">
      <TestCategory>
        <TestCategoryItem TestCategory="Category1000" />
      </TestCategory>
      <Execution id="6a39aa4c-c9d2-421a-8ea8-7d51a51e79ae" />
      <TestMethod codeBase="C:\Projekty\MSTestProject\bin\Debug\netcoreapp3.1\MSTestProject.dll" adapterTypeName="executor://mstestadapter/v2" className="TwojeWesele.Services.Helpers.Tests.CurrencyHelperTests" name="FormatToStringTest1000" />
    </UnitTest>
    <UnitTest name="FormatToStringTest1000 (66284.43763489948,66284.44 zł)" storage="c:\projekty\mstestproject\bin\debug\netcoreapp3.1\mstestproject.dll" id="cc564962-c665-46ce-bf23-b5fd42d77424">
      <TestCategory>
        <TestCategoryItem TestCategory="Category1000" />
      </TestCategory>
      <Execution id="edd80568-fb3a-4768-97f2-63d6ce5a4db7" />
      <TestMethod codeBase="C:\Projekty\MSTestProject\bin\Debug\netcoreapp3.1\MSTestProject.dll" adapterTypeName="executor://mstestadapter/v2" className="TwojeWesele.Services.Helpers.Tests.CurrencyHelperTests" name="FormatToStringTest1000" />
    </UnitTest>
    <UnitTest name="FormatToStringTest1000 (4252.4012513842445,4252.40 zł)" storage="c:\projekty\mstestproject\bin\debug\netcoreapp3.1\mstestproject.dll" id="3149a729-c38d-4378-b7e2-81d1ddc537b9">
      <TestCategory>
        <TestCategoryItem TestCategory="Category1000" />
      </TestCategory>
      <Execution id="d3723398-12a9-4527-ac7d-6ca611d6df07" />
      <TestMethod codeBase="C:\Projekty\MSTestProject\bin\Debug\netcoreapp3.1\MSTestProject.dll" adapterTypeName="executor://mstestadapter/v2" className="TwojeWesele.Services.Helpers.Tests.CurrencyHelperTests" name="FormatToStringTest1000" />
    </UnitTest>
    <UnitTest name="FormatToStringTest1000 (12831.146874380833,12831.15 zł)" storage="c:\projekty\mstestproject\bin\debug\netcoreapp3.1\mstestproject.dll" id="472ed64c-e7af-4621-902f-1ef3ad1a4d51">
      <TestCategory>
        <TestCategoryItem TestCategory="Category1000" />
      </TestCategory>
      <Execution id="b4f7f812-abf7-449f-87c8-fdcd841f6bd7" />
      <TestMethod codeBase="C:\Projekty\MSTestProject\bin\Debug\netcoreapp3.1\MSTestProject.dll" adapterTypeName="executor://mstestadapter/v2" className="TwojeWesele.Services.Helpers.Tests.CurrencyHelperTests" name="FormatToStringTest1000" />
    </UnitTest>
    <UnitTest name="FormatToStringTest1000 (736.7398243680316,736.74 zł)" storage="c:\projekty\mstestproject\bin\debug\netcoreapp3.1\mstestproject.dll" id="72b68a62-270f-48a6-8262-5fedb41130ca">
      <TestCategory>
        <TestCategoryItem TestCategory="Category1000" />
      </TestCategory>
      <Execution id="74ace3db-3a23-4c69-8966-d5db07a96994" />
      <TestMethod codeBase="C:\Projekty\MSTestProject\bin\Debug\netcoreapp3.1\MSTestProject.dll" adapterTypeName="executor://mstestadapter/v2" className="TwojeWesele.Services.Helpers.Tests.CurrencyHelperTests" name="FormatToStringTest1000" />
    </UnitTest>
    <UnitTest name="FormatToStringTest1000 (79.6815319544084,79.68 zł)" storage="c:\projekty\mstestproject\bin\debug\netcoreapp3.1\mstestproject.dll" id="91acab91-b0f9-42bb-a200-3cbfcfd15fe6">
      <TestCategory>
        <TestCategoryItem TestCategory="Category1000" />
      </TestCategory>
      <Execution id="a144eed8-b4da-495b-85e3-ba7c679746cb" />
      <TestMethod codeBase="C:\Projekty\MSTestProject\bin\Debug\netcoreapp3.1\MSTestProject.dll" adapterTypeName="executor://mstestadapter/v2" className="TwojeWesele.Services.Helpers.Tests.CurrencyHelperTests" name="FormatToStringTest1000" />
    </UnitTest>
    <UnitTest name="FormatToStringTest1000 (24476.442216712254,24476.44 zł)" storage="c:\projekty\mstestproject\bin\debug\netcoreapp3.1\mstestproject.dll" id="eba5269a-0409-4aaa-bc0c-87550a76b0ac">
      <TestCategory>
        <TestCategoryItem TestCategory="Category1000" />
      </TestCategory>
      <Execution id="cfd5f45a-86dd-4781-b721-6b4fc1be1f03" />
      <TestMethod codeBase="C:\Projekty\MSTestProject\bin\Debug\netcoreapp3.1\MSTestProject.dll" adapterTypeName="executor://mstestadapter/v2" className="TwojeWesele.Services.Helpers.Tests.CurrencyHelperTests" name="FormatToStringTest1000" />
    </UnitTest>
    <UnitTest name="FormatToStringTest1000 (15414.175096961751,15414.18 zł)" storage="c:\projekty\mstestproject\bin\debug\netcoreapp3.1\mstestproject.dll" id="20c02cc0-d1d4-45d2-a01b-81497408ba08">
      <TestCategory>
        <TestCategoryItem TestCategory="Category1000" />
      </TestCategory>
      <Execution id="5c615571-f504-4983-87ec-de9dea057a6f" />
      <TestMethod codeBase="C:\Projekty\MSTestProject\bin\Debug\netcoreapp3.1\MSTestProject.dll" adapterTypeName="executor://mstestadapter/v2" className="TwojeWesele.Services.Helpers.Tests.CurrencyHelperTests" name="FormatToStringTest1000" />
    </UnitTest>
    <UnitTest name="FormatToStringTest1000 (545.7016866634142,545.70 zł)" storage="c:\projekty\mstestproject\bin\debug\netcoreapp3.1\mstestproject.dll" id="3cbe518e-aa58-48ce-ae80-e79678ea3f9e">
      <TestCategory>
        <TestCategoryItem TestCategory="Category1000" />
      </TestCategory>
      <Execution id="1d690cce-616f-4e9f-884c-b50f8fd2cab6" />
      <TestMethod codeBase="C:\Projekty\MSTestProject\bin\Debug\netcoreapp3.1\MSTestProject.dll" adapterTypeName="executor://mstestadapter/v2" className="TwojeWesele.Services.Helpers.Tests.CurrencyHelperTests" name="FormatToStringTest1000" />
    </UnitTest>
    <UnitTest name="FormatToStringTest1000 (17418.31302247863,17418.31 zł)" storage="c:\projekty\mstestproject\bin\debug\netcoreapp3.1\mstestproject.dll" id="91537d6a-704d-4c3a-9653-49efe5df08d8">
      <TestCategory>
        <TestCategoryItem TestCategory="Category1000" />
      </TestCategory>
      <Execution id="d46b5ea9-c123-417a-a802-cc0f67404836" />
      <TestMethod codeBase="C:\Projekty\MSTestProject\bin\Debug\netcoreapp3.1\MSTestProject.dll" adapterTypeName="executor://mstestadapter/v2" className="TwojeWesele.Services.Helpers.Tests.CurrencyHelperTests" name="FormatToStringTest1000" />
    </UnitTest>
    <UnitTest name="FormatToStringTest1000 (19519.4298413505,19519.43 zł)" storage="c:\projekty\mstestproject\bin\debug\netcoreapp3.1\mstestproject.dll" id="10434cba-ba26-45ea-884c-08c621a11355">
      <TestCategory>
        <TestCategoryItem TestCategory="Category1000" />
      </TestCategory>
      <Execution id="1c72f30d-244e-434c-a716-cbcd2c19ebce" />
      <TestMethod codeBase="C:\Projekty\MSTestProject\bin\Debug\netcoreapp3.1\MSTestProject.dll" adapterTypeName="executor://mstestadapter/v2" className="TwojeWesele.Services.Helpers.Tests.CurrencyHelperTests" name="FormatToStringTest1000" />
    </UnitTest>
    <UnitTest name="FormatToStringTest1000 (13414.3551766441,13414.36 zł)" storage="c:\projekty\mstestproject\bin\debug\netcoreapp3.1\mstestproject.dll" id="83307d93-51fa-407c-b137-3fb39b1c3020">
      <TestCategory>
        <TestCategoryItem TestCategory="Category1000" />
      </TestCategory>
      <Execution id="7fd4ada3-651e-42aa-a992-539dc65a24ba" />
      <TestMethod codeBase="C:\Projekty\MSTestProject\bin\Debug\netcoreapp3.1\MSTestProject.dll" adapterTypeName="executor://mstestadapter/v2" className="TwojeWesele.Services.Helpers.Tests.CurrencyHelperTests" name="FormatToStringTest1000" />
    </UnitTest>
    <UnitTest name="FormatToStringTest1000 (14017.699524653006,14017.70 zł)" storage="c:\projekty\mstestproject\bin\debug\netcoreapp3.1\mstestproject.dll" id="0cb7fdac-b90f-4da0-978d-04a6b67d64cd">
      <TestCategory>
        <TestCategoryItem TestCategory="Category1000" />
      </TestCategory>
      <Execution id="2f02354a-4731-4179-8813-9449c75219c3" />
      <TestMethod codeBase="C:\Projekty\MSTestProject\bin\Debug\netcoreapp3.1\MSTestProject.dll" adapterTypeName="executor://mstestadapter/v2" className="TwojeWesele.Services.Helpers.Tests.CurrencyHelperTests" name="FormatToStringTest1000" />
    </UnitTest>
    <UnitTest name="FormatToStringTest1000 (19352.183340702755,19352.18 zł)" storage="c:\projekty\mstestproject\bin\debug\netcoreapp3.1\mstestproject.dll" id="7614b5c7-bce6-4cda-9146-dee18d87538c">
      <TestCategory>
        <TestCategoryItem TestCategory="Category1000" />
      </TestCategory>
      <Execution id="702af246-0ee2-4e57-9d3d-542f234668f8" />
      <TestMethod codeBase="C:\Projekty\MSTestProject\bin\Debug\netcoreapp3.1\MSTestProject.dll" adapterTypeName="executor://mstestadapter/v2" className="TwojeWesele.Services.Helpers.Tests.CurrencyHelperTests" name="FormatToStringTest1000" />
    </UnitTest>
    <UnitTest name="FormatToStringTest1000 (7891.960478953067,7891.96 zł)" storage="c:\projekty\mstestproject\bin\debug\netcoreapp3.1\mstestproject.dll" id="11a42536-70a7-4d05-adf8-6fd54c6eae01">
      <TestCategory>
        <TestCategoryItem TestCategory="Category1000" />
      </TestCategory>
      <Execution id="3834cf5d-b864-4f82-9e08-71460687f8b7" />
      <TestMethod codeBase="C:\Projekty\MSTestProject\bin\Debug\netcoreapp3.1\MSTestProject.dll" adapterTypeName="executor://mstestadapter/v2" className="TwojeWesele.Services.Helpers.Tests.CurrencyHelperTests" name="FormatToStringTest1000" />
    </UnitTest>
    <UnitTest name="FormatToStringTest1000 (23789.556920184546,23789.56 zł)" storage="c:\projekty\mstestproject\bin\debug\netcoreapp3.1\mstestproject.dll" id="5f4ecf6a-2dae-4528-ab2e-beac91501bfb">
      <TestCategory>
        <TestCategoryItem TestCategory="Category1000" />
      </TestCategory>
      <Execution id="5cabaa26-0858-4cbd-b972-4211abdffc61" />
      <TestMethod codeBase="C:\Projekty\MSTestProject\bin\Debug\netcoreapp3.1\MSTestProject.dll" adapterTypeName="executor://mstestadapter/v2" className="TwojeWesele.Services.Helpers.Tests.CurrencyHelperTests" name="FormatToStringTest1000" />
    </UnitTest>
    <UnitTest name="FormatToStringTest1000 (28972.23604401212,28972.24 zł)" storage="c:\projekty\mstestproject\bin\debug\netcoreapp3.1\mstestproject.dll" id="7ccc89c4-ec55-476f-b9f5-128608cc6902">
      <TestCategory>
        <TestCategoryItem TestCategory="Category1000" />
      </TestCategory>
      <Execution id="e15c3fc6-69c2-492c-b5f3-35fdfae08a19" />
      <TestMethod codeBase="C:\Projekty\MSTestProject\bin\Debug\netcoreapp3.1\MSTestProject.dll" adapterTypeName="executor://mstestadapter/v2" className="TwojeWesele.Services.Helpers.Tests.CurrencyHelperTests" name="FormatToStringTest1000" />
    </UnitTest>
    <UnitTest name="FormatToStringTest1000 (7191.024921368353,7191.02 zł)" storage="c:\projekty\mstestproject\bin\debug\netcoreapp3.1\mstestproject.dll" id="b721662e-516e-4404-8a4a-fe5c014548d9">
      <TestCategory>
        <TestCategoryItem TestCategory="Category1000" />
      </TestCategory>
      <Execution id="f5855e66-5207-4ee7-af62-c8a6e50bf918" />
      <TestMethod codeBase="C:\Projekty\MSTestProject\bin\Debug\netcoreapp3.1\MSTestProject.dll" adapterTypeName="executor://mstestadapter/v2" className="TwojeWesele.Services.Helpers.Tests.CurrencyHelperTests" name="FormatToStringTest1000" />
    </UnitTest>
    <UnitTest name="FormatToStringTest1000 (27942.393876474067,27942.39 zł)" storage="c:\projekty\mstestproject\bin\debug\netcoreapp3.1\mstestproject.dll" id="5f68c510-bed5-40b0-8754-8273e8a2525a">
      <TestCategory>
        <TestCategoryItem TestCategory="Category1000" />
      </TestCategory>
      <Execution id="a16e29c0-9db7-409d-b54d-d25a34511dcc" />
      <TestMethod codeBase="C:\Projekty\MSTestProject\bin\Debug\netcoreapp3.1\MSTestProject.dll" adapterTypeName="executor://mstestadapter/v2" className="TwojeWesele.Services.Helpers.Tests.CurrencyHelperTests" name="FormatToStringTest1000" />
    </UnitTest>
    <UnitTest name="FormatToStringTest1000 (47672.66266041652,47672.66 zł)" storage="c:\projekty\mstestproject\bin\debug\netcoreapp3.1\mstestproject.dll" id="f406f563-3448-4416-a70a-d9b08f24544c">
      <TestCategory>
        <TestCategoryItem TestCategory="Category1000" />
      </TestCategory>
      <Execution id="145e9925-ec49-4868-b783-a2f4b66d9152" />
      <TestMethod codeBase="C:\Projekty\MSTestProject\bin\Debug\netcoreapp3.1\MSTestProject.dll" adapterTypeName="executor://mstestadapter/v2" className="TwojeWesele.Services.Helpers.Tests.CurrencyHelperTests" name="FormatToStringTest1000" />
    </UnitTest>
    <UnitTest name="FormatToStringTest1000 (5835.26176155557,5835.26 zł)" storage="c:\projekty\mstestproject\bin\debug\netcoreapp3.1\mstestproject.dll" id="bef3225d-b448-4317-bd89-bd6537d53b06">
      <TestCategory>
        <TestCategoryItem TestCategory="Category1000" />
      </TestCategory>
      <Execution id="3aaa5db9-08ad-45ad-ab35-0024cc78d951" />
      <TestMethod codeBase="C:\Projekty\MSTestProject\bin\Debug\netcoreapp3.1\MSTestProject.dll" adapterTypeName="executor://mstestadapter/v2" className="TwojeWesele.Services.Helpers.Tests.CurrencyHelperTests" name="FormatToStringTest1000" />
    </UnitTest>
    <UnitTest name="FormatToStringTest1000 (37528.70144368368,37528.70 zł)" storage="c:\projekty\mstestproject\bin\debug\netcoreapp3.1\mstestproject.dll" id="8696dbab-7cdc-42d4-8b7e-4465c8d2b6c0">
      <TestCategory>
        <TestCategoryItem TestCategory="Category1000" />
      </TestCategory>
      <Execution id="fd09980e-f51e-4802-8426-82e051c68cc6" />
      <TestMethod codeBase="C:\Projekty\MSTestProject\bin\Debug\netcoreapp3.1\MSTestProject.dll" adapterTypeName="executor://mstestadapter/v2" className="TwojeWesele.Services.Helpers.Tests.CurrencyHelperTests" name="FormatToStringTest1000" />
    </UnitTest>
    <UnitTest name="FormatToStringTest1000 (26015.8311952552,26015.83 zł)" storage="c:\projekty\mstestproject\bin\debug\netcoreapp3.1\mstestproject.dll" id="a1f060a0-2e5e-4581-9913-ce3ed27200c1">
      <TestCategory>
        <TestCategoryItem TestCategory="Category1000" />
      </TestCategory>
      <Execution id="7933975c-e3b5-40c7-a7c0-b18e19f92ad1" />
      <TestMethod codeBase="C:\Projekty\MSTestProject\bin\Debug\netcoreapp3.1\MSTestProject.dll" adapterTypeName="executor://mstestadapter/v2" className="TwojeWesele.Services.Helpers.Tests.CurrencyHelperTests" name="FormatToStringTest1000" />
    </UnitTest>
    <UnitTest name="FormatToStringTest1000 (16416.109736457518,16416.11 zł)" storage="c:\projekty\mstestproject\bin\debug\netcoreapp3.1\mstestproject.dll" id="9cbae6b9-5daa-4722-a289-539e2e900f60">
      <TestCategory>
        <TestCategoryItem TestCategory="Category1000" />
      </TestCategory>
      <Execution id="65359fc1-5cd3-4d4e-87c8-e5fce0446035" />
      <TestMethod codeBase="C:\Projekty\MSTestProject\bin\Debug\netcoreapp3.1\MSTestProject.dll" adapterTypeName="executor://mstestadapter/v2" className="TwojeWesele.Services.Helpers.Tests.CurrencyHelperTests" name="FormatToStringTest1000" />
    </UnitTest>
    <UnitTest name="FormatToStringTest1000 (65204.90483536055,65204.90 zł)" storage="c:\projekty\mstestproject\bin\debug\netcoreapp3.1\mstestproject.dll" id="edf67faf-77de-4faa-8da2-d7c41f7bb7bd">
      <TestCategory>
        <TestCategoryItem TestCategory="Category1000" />
      </TestCategory>
      <Execution id="c3aca12b-b2c5-49aa-8a4b-f1ac2c0a5ed7" />
      <TestMethod codeBase="C:\Projekty\MSTestProject\bin\Debug\netcoreapp3.1\MSTestProject.dll" adapterTypeName="executor://mstestadapter/v2" className="TwojeWesele.Services.Helpers.Tests.CurrencyHelperTests" name="FormatToStringTest1000" />
    </UnitTest>
    <UnitTest name="FormatToStringTest1000 (18424.864078561244,18424.86 zł)" storage="c:\projekty\mstestproject\bin\debug\netcoreapp3.1\mstestproject.dll" id="ac660f90-20cf-40a6-af88-a0c314f156d8">
      <TestCategory>
        <TestCategoryItem TestCategory="Category1000" />
      </TestCategory>
      <Execution id="c2fef5f8-7609-4f81-b180-29279d5a9281" />
      <TestMethod codeBase="C:\Projekty\MSTestProject\bin\Debug\netcoreapp3.1\MSTestProject.dll" adapterTypeName="executor://mstestadapter/v2" className="TwojeWesele.Services.Helpers.Tests.CurrencyHelperTests" name="FormatToStringTest1000" />
    </UnitTest>
    <UnitTest name="FormatToStringTest1000 (23548.88067407016,23548.88 zł)" storage="c:\projekty\mstestproject\bin\debug\netcoreapp3.1\mstestproject.dll" id="ae5fa781-142b-4da4-ada0-ffb1b0445b9e">
      <TestCategory>
        <TestCategoryItem TestCategory="Category1000" />
      </TestCategory>
      <Execution id="1514f791-e5c1-4f0f-bfcd-860623ed47bf" />
      <TestMethod codeBase="C:\Projekty\MSTestProject\bin\Debug\netcoreapp3.1\MSTestProject.dll" adapterTypeName="executor://mstestadapter/v2" className="TwojeWesele.Services.Helpers.Tests.CurrencyHelperTests" name="FormatToStringTest1000" />
    </UnitTest>
    <UnitTest name="FormatToStringTest1000 (5749.124990274722,5749.12 zł)" storage="c:\projekty\mstestproject\bin\debug\netcoreapp3.1\mstestproject.dll" id="c29959dd-032f-4cf8-bae4-13f0d85d6850">
      <TestCategory>
        <TestCategoryItem TestCategory="Category1000" />
      </TestCategory>
      <Execution id="3454da2f-2e3e-4c0a-9a94-a87ed43f5f2d" />
      <TestMethod codeBase="C:\Projekty\MSTestProject\bin\Debug\netcoreapp3.1\MSTestProject.dll" adapterTypeName="executor://mstestadapter/v2" className="TwojeWesele.Services.Helpers.Tests.CurrencyHelperTests" name="FormatToStringTest1000" />
    </UnitTest>
    <UnitTest name="FormatToStringTest1000 (21961.272673999552,21961.27 zł)" storage="c:\projekty\mstestproject\bin\debug\netcoreapp3.1\mstestproject.dll" id="564031b8-2510-4629-b460-3f01c8708b9c">
      <TestCategory>
        <TestCategoryItem TestCategory="Category1000" />
      </TestCategory>
      <Execution id="d95e3cf9-257a-44d7-88df-a24f6984c1aa" />
      <TestMethod codeBase="C:\Projekty\MSTestProject\bin\Debug\netcoreapp3.1\MSTestProject.dll" adapterTypeName="executor://mstestadapter/v2" className="TwojeWesele.Services.Helpers.Tests.CurrencyHelperTests" name="FormatToStringTest1000" />
    </UnitTest>
    <UnitTest name="FormatToStringTest1000 (60299.23738666309,60299.24 zł)" storage="c:\projekty\mstestproject\bin\debug\netcoreapp3.1\mstestproject.dll" id="c34c3113-2e8e-4002-a168-0fb9f9db7f5d">
      <TestCategory>
        <TestCategoryItem TestCategory="Category1000" />
      </TestCategory>
      <Execution id="5f151d1c-96b9-4070-bd63-ac29577417bb" />
      <TestMethod codeBase="C:\Projekty\MSTestProject\bin\Debug\netcoreapp3.1\MSTestProject.dll" adapterTypeName="executor://mstestadapter/v2" className="TwojeWesele.Services.Helpers.Tests.CurrencyHelperTests" name="FormatToStringTest1000" />
    </UnitTest>
    <UnitTest name="FormatToStringTest1000 (1649.0127968480872,1649.01 zł)" storage="c:\projekty\mstestproject\bin\debug\netcoreapp3.1\mstestproject.dll" id="86d86090-ddcb-4f7f-9e44-f32639997353">
      <TestCategory>
        <TestCategoryItem TestCategory="Category1000" />
      </TestCategory>
      <Execution id="3d0b9eb5-548d-40c2-858d-36513c34c09e" />
      <TestMethod codeBase="C:\Projekty\MSTestProject\bin\Debug\netcoreapp3.1\MSTestProject.dll" adapterTypeName="executor://mstestadapter/v2" className="TwojeWesele.Services.Helpers.Tests.CurrencyHelperTests" name="FormatToStringTest1000" />
    </UnitTest>
    <UnitTest name="FormatToStringTest1000 (19609.759296997803,19609.76 zł)" storage="c:\projekty\mstestproject\bin\debug\netcoreapp3.1\mstestproject.dll" id="e22749ee-8977-47cc-9e9b-0cac13bb26b4">
      <TestCategory>
        <TestCategoryItem TestCategory="Category1000" />
      </TestCategory>
      <Execution id="958a4ce5-539d-4ab8-a0b0-712814c3bbda" />
      <TestMethod codeBase="C:\Projekty\MSTestProject\bin\Debug\netcoreapp3.1\MSTestProject.dll" adapterTypeName="executor://mstestadapter/v2" className="TwojeWesele.Services.Helpers.Tests.CurrencyHelperTests" name="FormatToStringTest1000" />
    </UnitTest>
    <UnitTest name="FormatToStringTest1000 (9431.144757136304,9431.14 zł)" storage="c:\projekty\mstestproject\bin\debug\netcoreapp3.1\mstestproject.dll" id="e229666c-8685-4840-ab3c-b96dafedc3c2">
      <TestCategory>
        <TestCategoryItem TestCategory="Category1000" />
      </TestCategory>
      <Execution id="be700b20-ff60-4b65-95b1-1c1a20b20845" />
      <TestMethod codeBase="C:\Projekty\MSTestProject\bin\Debug\netcoreapp3.1\MSTestProject.dll" adapterTypeName="executor://mstestadapter/v2" className="TwojeWesele.Services.Helpers.Tests.CurrencyHelperTests" name="FormatToStringTest1000" />
    </UnitTest>
    <UnitTest name="FormatToStringTest1000 (6313.543884690639,6313.54 zł)" storage="c:\projekty\mstestproject\bin\debug\netcoreapp3.1\mstestproject.dll" id="604e5f8a-4d6f-4a91-9c9b-fb417bc24fe8">
      <TestCategory>
        <TestCategoryItem TestCategory="Category1000" />
      </TestCategory>
      <Execution id="5eed2374-1d05-46bd-871e-695d08c4cb93" />
      <TestMethod codeBase="C:\Projekty\MSTestProject\bin\Debug\netcoreapp3.1\MSTestProject.dll" adapterTypeName="executor://mstestadapter/v2" className="TwojeWesele.Services.Helpers.Tests.CurrencyHelperTests" name="FormatToStringTest1000" />
    </UnitTest>
    <UnitTest name="FormatToStringTest1000 (2963.24443391815,2963.24 zł)" storage="c:\projekty\mstestproject\bin\debug\netcoreapp3.1\mstestproject.dll" id="cb4d4545-b920-4ed1-8a47-a9345a3ba7b7">
      <TestCategory>
        <TestCategoryItem TestCategory="Category1000" />
      </TestCategory>
      <Execution id="81e45ea6-f493-46c1-ba43-c55713d6d49b" />
      <TestMethod codeBase="C:\Projekty\MSTestProject\bin\Debug\netcoreapp3.1\MSTestProject.dll" adapterTypeName="executor://mstestadapter/v2" className="TwojeWesele.Services.Helpers.Tests.CurrencyHelperTests" name="FormatToStringTest1000" />
    </UnitTest>
    <UnitTest name="FormatToStringTest1000 (35784.54232617307,35784.54 zł)" storage="c:\projekty\mstestproject\bin\debug\netcoreapp3.1\mstestproject.dll" id="deb698c4-eaf2-409d-83f5-df2978079d23">
      <TestCategory>
        <TestCategoryItem TestCategory="Category1000" />
      </TestCategory>
      <Execution id="b597b072-eaff-450f-aacc-7544bd28e886" />
      <TestMethod codeBase="C:\Projekty\MSTestProject\bin\Debug\netcoreapp3.1\MSTestProject.dll" adapterTypeName="executor://mstestadapter/v2" className="TwojeWesele.Services.Helpers.Tests.CurrencyHelperTests" name="FormatToStringTest1000" />
    </UnitTest>
    <UnitTest name="FormatToStringTest1000 (32863.31705269558,32863.32 zł)" storage="c:\projekty\mstestproject\bin\debug\netcoreapp3.1\mstestproject.dll" id="d4f53de4-675d-4e8c-a1d1-d79d42ef845c">
      <TestCategory>
        <TestCategoryItem TestCategory="Category1000" />
      </TestCategory>
      <Execution id="fa458516-8c34-42c9-bfa4-650d4dcf27b1" />
      <TestMethod codeBase="C:\Projekty\MSTestProject\bin\Debug\netcoreapp3.1\MSTestProject.dll" adapterTypeName="executor://mstestadapter/v2" className="TwojeWesele.Services.Helpers.Tests.CurrencyHelperTests" name="FormatToStringTest1000" />
    </UnitTest>
    <UnitTest name="FormatToStringTest1000 (27506.397047390416,27506.40 zł)" storage="c:\projekty\mstestproject\bin\debug\netcoreapp3.1\mstestproject.dll" id="545cceb5-c81f-441a-a7aa-efe2382685f7">
      <TestCategory>
        <TestCategoryItem TestCategory="Category1000" />
      </TestCategory>
      <Execution id="02565b27-9d37-4f6c-b42e-01e8c3776624" />
      <TestMethod codeBase="C:\Projekty\MSTestProject\bin\Debug\netcoreapp3.1\MSTestProject.dll" adapterTypeName="executor://mstestadapter/v2" className="TwojeWesele.Services.Helpers.Tests.CurrencyHelperTests" name="FormatToStringTest1000" />
    </UnitTest>
    <UnitTest name="FormatToStringTest1000 (15129.433864736666,15129.43 zł)" storage="c:\projekty\mstestproject\bin\debug\netcoreapp3.1\mstestproject.dll" id="8fc2f809-9619-4416-843f-ab7767a91077">
      <TestCategory>
        <TestCategoryItem TestCategory="Category1000" />
      </TestCategory>
      <Execution id="f2217027-cebb-47a7-953c-0faa622372f8" />
      <TestMethod codeBase="C:\Projekty\MSTestProject\bin\Debug\netcoreapp3.1\MSTestProject.dll" adapterTypeName="executor://mstestadapter/v2" className="TwojeWesele.Services.Helpers.Tests.CurrencyHelperTests" name="FormatToStringTest1000" />
    </UnitTest>
    <UnitTest name="FormatToStringTest1000 (61633.2671179945,61633.27 zł)" storage="c:\projekty\mstestproject\bin\debug\netcoreapp3.1\mstestproject.dll" id="e0152bab-bbd0-4fc7-8593-7e98c3b2d4a8">
      <TestCategory>
        <TestCategoryItem TestCategory="Category1000" />
      </TestCategory>
      <Execution id="63922520-bcfa-4092-bc0a-ab7598b6e991" />
      <TestMethod codeBase="C:\Projekty\MSTestProject\bin\Debug\netcoreapp3.1\MSTestProject.dll" adapterTypeName="executor://mstestadapter/v2" className="TwojeWesele.Services.Helpers.Tests.CurrencyHelperTests" name="FormatToStringTest1000" />
    </UnitTest>
    <UnitTest name="FormatToStringTest1000 (22557.09603308099,22557.10 zł)" storage="c:\projekty\mstestproject\bin\debug\netcoreapp3.1\mstestproject.dll" id="b2ebff06-52b9-40bb-a085-cd0fcfb0c28e">
      <TestCategory>
        <TestCategoryItem TestCategory="Category1000" />
      </TestCategory>
      <Execution id="69afa9aa-63a3-4a3d-8947-4cb222fd0870" />
      <TestMethod codeBase="C:\Projekty\MSTestProject\bin\Debug\netcoreapp3.1\MSTestProject.dll" adapterTypeName="executor://mstestadapter/v2" className="TwojeWesele.Services.Helpers.Tests.CurrencyHelperTests" name="FormatToStringTest1000" />
    </UnitTest>
    <UnitTest name="FormatToStringTest1000 (28987.862854782896,28987.86 zł)" storage="c:\projekty\mstestproject\bin\debug\netcoreapp3.1\mstestproject.dll" id="25d01c09-0268-4043-ac56-14ac7e251729">
      <TestCategory>
        <TestCategoryItem TestCategory="Category1000" />
      </TestCategory>
      <Execution id="e465df20-c7ba-4904-89d0-923da39e9dd9" />
      <TestMethod codeBase="C:\Projekty\MSTestProject\bin\Debug\netcoreapp3.1\MSTestProject.dll" adapterTypeName="executor://mstestadapter/v2" className="TwojeWesele.Services.Helpers.Tests.CurrencyHelperTests" name="FormatToStringTest1000" />
    </UnitTest>
    <UnitTest name="FormatToStringTest1000 (4669.392596858271,4669.39 zł)" storage="c:\projekty\mstestproject\bin\debug\netcoreapp3.1\mstestproject.dll" id="52c0c626-99ae-4e96-aff8-0282f93f5bfb">
      <TestCategory>
        <TestCategoryItem TestCategory="Category1000" />
      </TestCategory>
      <Execution id="77cee166-abb3-4163-ae29-3cfa7b712e46" />
      <TestMethod codeBase="C:\Projekty\MSTestProject\bin\Debug\netcoreapp3.1\MSTestProject.dll" adapterTypeName="executor://mstestadapter/v2" className="TwojeWesele.Services.Helpers.Tests.CurrencyHelperTests" name="FormatToStringTest1000" />
    </UnitTest>
    <UnitTest name="FormatToStringTest1000 (68698.01923441609,68698.02 zł)" storage="c:\projekty\mstestproject\bin\debug\netcoreapp3.1\mstestproject.dll" id="63ad9041-e6a2-416d-b20c-ce2f3a362975">
      <TestCategory>
        <TestCategoryItem TestCategory="Category1000" />
      </TestCategory>
      <Execution id="8ba88d0f-7732-4351-85ab-bb1f7c87092f" />
      <TestMethod codeBase="C:\Projekty\MSTestProject\bin\Debug\netcoreapp3.1\MSTestProject.dll" adapterTypeName="executor://mstestadapter/v2" className="TwojeWesele.Services.Helpers.Tests.CurrencyHelperTests" name="FormatToStringTest1000" />
    </UnitTest>
    <UnitTest name="FormatToStringTest1000 (13286.856387228174,13286.86 zł)" storage="c:\projekty\mstestproject\bin\debug\netcoreapp3.1\mstestproject.dll" id="5d3cd7e7-52a9-479d-99ea-0d1539326736">
      <TestCategory>
        <TestCategoryItem TestCategory="Category1000" />
      </TestCategory>
      <Execution id="55d2b7c5-af78-4247-a4c9-82bcdd1a2fd8" />
      <TestMethod codeBase="C:\Projekty\MSTestProject\bin\Debug\netcoreapp3.1\MSTestProject.dll" adapterTypeName="executor://mstestadapter/v2" className="TwojeWesele.Services.Helpers.Tests.CurrencyHelperTests" name="FormatToStringTest1000" />
    </UnitTest>
    <UnitTest name="FormatToStringTest1000 (20146.183073329827,20146.18 zł)" storage="c:\projekty\mstestproject\bin\debug\netcoreapp3.1\mstestproject.dll" id="6c3d16ff-2a3e-4120-9fff-49a078ce241f">
      <TestCategory>
        <TestCategoryItem TestCategory="Category1000" />
      </TestCategory>
      <Execution id="2bb7dcf0-3d25-4f8d-882b-8e55d9d1cb89" />
      <TestMethod codeBase="C:\Projekty\MSTestProject\bin\Debug\netcoreapp3.1\MSTestProject.dll" adapterTypeName="executor://mstestadapter/v2" className="TwojeWesele.Services.Helpers.Tests.CurrencyHelperTests" name="FormatToStringTest1000" />
    </UnitTest>
    <UnitTest name="FormatToStringTest1000 (6276.389386365838,6276.39 zł)" storage="c:\projekty\mstestproject\bin\debug\netcoreapp3.1\mstestproject.dll" id="e872e607-49cf-44f8-b088-77073460605e">
      <TestCategory>
        <TestCategoryItem TestCategory="Category1000" />
      </TestCategory>
      <Execution id="6890af73-4943-4b8e-aceb-1c73ab831b27" />
      <TestMethod codeBase="C:\Projekty\MSTestProject\bin\Debug\netcoreapp3.1\MSTestProject.dll" adapterTypeName="executor://mstestadapter/v2" className="TwojeWesele.Services.Helpers.Tests.CurrencyHelperTests" name="FormatToStringTest1000" />
    </UnitTest>
    <UnitTest name="FormatToStringTest1000 (27893.312729890138,27893.31 zł)" storage="c:\projekty\mstestproject\bin\debug\netcoreapp3.1\mstestproject.dll" id="e261e023-a8e5-47ba-9e5c-8bdd18a375e8">
      <TestCategory>
        <TestCategoryItem TestCategory="Category1000" />
      </TestCategory>
      <Execution id="6beda12e-f4c1-4b6d-834f-2f028871c1e6" />
      <TestMethod codeBase="C:\Projekty\MSTestProject\bin\Debug\netcoreapp3.1\MSTestProject.dll" adapterTypeName="executor://mstestadapter/v2" className="TwojeWesele.Services.Helpers.Tests.CurrencyHelperTests" name="FormatToStringTest1000" />
    </UnitTest>
    <UnitTest name="FormatToStringTest1000 (5247.779940802501,5247.78 zł)" storage="c:\projekty\mstestproject\bin\debug\netcoreapp3.1\mstestproject.dll" id="5b1b2e4d-5761-46a2-9815-915460a8639b">
      <TestCategory>
        <TestCategoryItem TestCategory="Category1000" />
      </TestCategory>
      <Execution id="3cd5fe69-2fcc-444b-90fd-601a40299326" />
      <TestMethod codeBase="C:\Projekty\MSTestProject\bin\Debug\netcoreapp3.1\MSTestProject.dll" adapterTypeName="executor://mstestadapter/v2" className="TwojeWesele.Services.Helpers.Tests.CurrencyHelperTests" name="FormatToStringTest1000" />
    </UnitTest>
    <UnitTest name="FormatToStringTest1000 (2883.637133003975,2883.64 zł)" storage="c:\projekty\mstestproject\bin\debug\netcoreapp3.1\mstestproject.dll" id="ac615850-ab77-4814-bbb3-39d2ee43f27b">
      <TestCategory>
        <TestCategoryItem TestCategory="Category1000" />
      </TestCategory>
      <Execution id="abe90351-b904-497e-8c9a-1f296226e8ea" />
      <TestMethod codeBase="C:\Projekty\MSTestProject\bin\Debug\netcoreapp3.1\MSTestProject.dll" adapterTypeName="executor://mstestadapter/v2" className="TwojeWesele.Services.Helpers.Tests.CurrencyHelperTests" name="FormatToStringTest1000" />
    </UnitTest>
    <UnitTest name="FormatToStringTest1000 (740.3213011405064,740.32 zł)" storage="c:\projekty\mstestproject\bin\debug\netcoreapp3.1\mstestproject.dll" id="65b17ce9-3930-47b1-a959-4d0f232e8aef">
      <TestCategory>
        <TestCategoryItem TestCategory="Category1000" />
      </TestCategory>
      <Execution id="48477083-cd60-49e8-8a7f-a28010e49469" />
      <TestMethod codeBase="C:\Projekty\MSTestProject\bin\Debug\netcoreapp3.1\MSTestProject.dll" adapterTypeName="executor://mstestadapter/v2" className="TwojeWesele.Services.Helpers.Tests.CurrencyHelperTests" name="FormatToStringTest1000" />
    </UnitTest>
    <UnitTest name="FormatToStringTest1000 (14475.498583194567,14475.50 zł)" storage="c:\projekty\mstestproject\bin\debug\netcoreapp3.1\mstestproject.dll" id="ca13d5bc-8006-48a3-ba41-ebece4276b26">
      <TestCategory>
        <TestCategoryItem TestCategory="Category1000" />
      </TestCategory>
      <Execution id="8433e00c-7fb3-4f86-a02d-dafa24127088" />
      <TestMethod codeBase="C:\Projekty\MSTestProject\bin\Debug\netcoreapp3.1\MSTestProject.dll" adapterTypeName="executor://mstestadapter/v2" className="TwojeWesele.Services.Helpers.Tests.CurrencyHelperTests" name="FormatToStringTest1000" />
    </UnitTest>
    <UnitTest name="FormatToStringTest1000 (16901.497392274203,16901.50 zł)" storage="c:\projekty\mstestproject\bin\debug\netcoreapp3.1\mstestproject.dll" id="27436fd1-7400-4165-aca3-5e8b1cae26ce">
      <TestCategory>
        <TestCategoryItem TestCategory="Category1000" />
      </TestCategory>
      <Execution id="c1ae0cd0-8bab-4245-9465-3ae8c9b8ea52" />
      <TestMethod codeBase="C:\Projekty\MSTestProject\bin\Debug\netcoreapp3.1\MSTestProject.dll" adapterTypeName="executor://mstestadapter/v2" className="TwojeWesele.Services.Helpers.Tests.CurrencyHelperTests" name="FormatToStringTest1000" />
    </UnitTest>
    <UnitTest name="FormatToStringTest1000 (8013.1229931903645,8013.12 zł)" storage="c:\projekty\mstestproject\bin\debug\netcoreapp3.1\mstestproject.dll" id="0cec38de-0e07-49c4-82a1-84af063964fe">
      <TestCategory>
        <TestCategoryItem TestCategory="Category1000" />
      </TestCategory>
      <Execution id="caa7509e-0146-4142-a0c2-cd2314b35ec6" />
      <TestMethod codeBase="C:\Projekty\MSTestProject\bin\Debug\netcoreapp3.1\MSTestProject.dll" adapterTypeName="executor://mstestadapter/v2" className="TwojeWesele.Services.Helpers.Tests.CurrencyHelperTests" name="FormatToStringTest1000" />
    </UnitTest>
    <UnitTest name="FormatToStringTest1000 (58191.92113629585,58191.92 zł)" storage="c:\projekty\mstestproject\bin\debug\netcoreapp3.1\mstestproject.dll" id="5f46100e-91b8-4076-8261-8ce8e2babbc2">
      <TestCategory>
        <TestCategoryItem TestCategory="Category1000" />
      </TestCategory>
      <Execution id="caebf72d-d3eb-4d9b-ab12-a3ef80d90ab4" />
      <TestMethod codeBase="C:\Projekty\MSTestProject\bin\Debug\netcoreapp3.1\MSTestProject.dll" adapterTypeName="executor://mstestadapter/v2" className="TwojeWesele.Services.Helpers.Tests.CurrencyHelperTests" name="FormatToStringTest1000" />
    </UnitTest>
    <UnitTest name="FormatToStringTest1000 (46803.36433423374,46803.36 zł)" storage="c:\projekty\mstestproject\bin\debug\netcoreapp3.1\mstestproject.dll" id="48e6786d-aba9-4830-9037-bb5719673e45">
      <TestCategory>
        <TestCategoryItem TestCategory="Category1000" />
      </TestCategory>
      <Execution id="f5fd2226-f171-440b-8dc2-e63dae6a245b" />
      <TestMethod codeBase="C:\Projekty\MSTestProject\bin\Debug\netcoreapp3.1\MSTestProject.dll" adapterTypeName="executor://mstestadapter/v2" className="TwojeWesele.Services.Helpers.Tests.CurrencyHelperTests" name="FormatToStringTest1000" />
    </UnitTest>
    <UnitTest name="FormatToStringTest1000 (70149.17842025738,70149.18 zł)" storage="c:\projekty\mstestproject\bin\debug\netcoreapp3.1\mstestproject.dll" id="e99490ba-e611-4287-ba3d-4609b3c297ff">
      <TestCategory>
        <TestCategoryItem TestCategory="Category1000" />
      </TestCategory>
      <Execution id="a32cb070-7c23-49e8-9177-d82bffa0c710" />
      <TestMethod codeBase="C:\Projekty\MSTestProject\bin\Debug\netcoreapp3.1\MSTestProject.dll" adapterTypeName="executor://mstestadapter/v2" className="TwojeWesele.Services.Helpers.Tests.CurrencyHelperTests" name="FormatToStringTest1000" />
    </UnitTest>
    <UnitTest name="FormatToStringTest1000 (47630.39193684067,47630.39 zł)" storage="c:\projekty\mstestproject\bin\debug\netcoreapp3.1\mstestproject.dll" id="961ed9cf-1a02-48bf-b087-24c48a3e875e">
      <TestCategory>
        <TestCategoryItem TestCategory="Category1000" />
      </TestCategory>
      <Execution id="5cb41956-46ff-4745-8e6e-de5151415534" />
      <TestMethod codeBase="C:\Projekty\MSTestProject\bin\Debug\netcoreapp3.1\MSTestProject.dll" adapterTypeName="executor://mstestadapter/v2" className="TwojeWesele.Services.Helpers.Tests.CurrencyHelperTests" name="FormatToStringTest1000" />
    </UnitTest>
    <UnitTest name="FormatToStringTest1000 (10641.263377953444,10641.26 zł)" storage="c:\projekty\mstestproject\bin\debug\netcoreapp3.1\mstestproject.dll" id="f45ef289-4272-4b11-8799-98cecf36f9ef">
      <TestCategory>
        <TestCategoryItem TestCategory="Category1000" />
      </TestCategory>
      <Execution id="1ed5b0e1-08e8-4f55-baa2-406d697b5dd6" />
      <TestMethod codeBase="C:\Projekty\MSTestProject\bin\Debug\netcoreapp3.1\MSTestProject.dll" adapterTypeName="executor://mstestadapter/v2" className="TwojeWesele.Services.Helpers.Tests.CurrencyHelperTests" name="FormatToStringTest1000" />
    </UnitTest>
    <UnitTest name="FormatToStringTest1000 (15313.083673952653,15313.08 zł)" storage="c:\projekty\mstestproject\bin\debug\netcoreapp3.1\mstestproject.dll" id="7e146186-4652-4c26-b0c6-abc10aef3d17">
      <TestCategory>
        <TestCategoryItem TestCategory="Category1000" />
      </TestCategory>
      <Execution id="30b9c1f4-5837-4934-8838-eb6d806fe973" />
      <TestMethod codeBase="C:\Projekty\MSTestProject\bin\Debug\netcoreapp3.1\MSTestProject.dll" adapterTypeName="executor://mstestadapter/v2" className="TwojeWesele.Services.Helpers.Tests.CurrencyHelperTests" name="FormatToStringTest1000" />
    </UnitTest>
    <UnitTest name="FormatToStringTest1000 (19873.59831658453,19873.60 zł)" storage="c:\projekty\mstestproject\bin\debug\netcoreapp3.1\mstestproject.dll" id="201e8140-00f9-4d44-bc15-60b2e748def7">
      <TestCategory>
        <TestCategoryItem TestCategory="Category1000" />
      </TestCategory>
      <Execution id="d22a1a49-2751-4677-9f7f-a60c78cb2e0c" />
      <TestMethod codeBase="C:\Projekty\MSTestProject\bin\Debug\netcoreapp3.1\MSTestProject.dll" adapterTypeName="executor://mstestadapter/v2" className="TwojeWesele.Services.Helpers.Tests.CurrencyHelperTests" name="FormatToStringTest1000" />
    </UnitTest>
    <UnitTest name="FormatToStringTest1000 (65963.39932440939,65963.40 zł)" storage="c:\projekty\mstestproject\bin\debug\netcoreapp3.1\mstestproject.dll" id="29ba27ee-c1ad-4d24-b8ec-561f5ca41024">
      <TestCategory>
        <TestCategoryItem TestCategory="Category1000" />
      </TestCategory>
      <Execution id="e7c5a4e7-81b5-4d30-b5b5-f49e1eb6ab91" />
      <TestMethod codeBase="C:\Projekty\MSTestProject\bin\Debug\netcoreapp3.1\MSTestProject.dll" adapterTypeName="executor://mstestadapter/v2" className="TwojeWesele.Services.Helpers.Tests.CurrencyHelperTests" name="FormatToStringTest1000" />
    </UnitTest>
    <UnitTest name="FormatToStringTest1000 (19210.519530370144,19210.52 zł)" storage="c:\projekty\mstestproject\bin\debug\netcoreapp3.1\mstestproject.dll" id="61aa5e4c-f266-43b1-afc0-364ec4b9b77e">
      <TestCategory>
        <TestCategoryItem TestCategory="Category1000" />
      </TestCategory>
      <Execution id="f9f02356-fcdf-4f76-82dc-743c7b2f18e8" />
      <TestMethod codeBase="C:\Projekty\MSTestProject\bin\Debug\netcoreapp3.1\MSTestProject.dll" adapterTypeName="executor://mstestadapter/v2" className="TwojeWesele.Services.Helpers.Tests.CurrencyHelperTests" name="FormatToStringTest1000" />
    </UnitTest>
    <UnitTest name="FormatToStringTest1000 (50550.645020282194,50550.65 zł)" storage="c:\projekty\mstestproject\bin\debug\netcoreapp3.1\mstestproject.dll" id="3ef19c46-fbe9-402a-b5a9-21449b850d60">
      <TestCategory>
        <TestCategoryItem TestCategory="Category1000" />
      </TestCategory>
      <Execution id="0698f800-ed0c-4fc7-8586-a459d45bbecf" />
      <TestMethod codeBase="C:\Projekty\MSTestProject\bin\Debug\netcoreapp3.1\MSTestProject.dll" adapterTypeName="executor://mstestadapter/v2" className="TwojeWesele.Services.Helpers.Tests.CurrencyHelperTests" name="FormatToStringTest1000" />
    </UnitTest>
    <UnitTest name="FormatToStringTest1000 (16282.687804925576,16282.69 zł)" storage="c:\projekty\mstestproject\bin\debug\netcoreapp3.1\mstestproject.dll" id="0a2989f2-00b5-441d-b110-16dab99daa4a">
      <TestCategory>
        <TestCategoryItem TestCategory="Category1000" />
      </TestCategory>
      <Execution id="ee59132f-b6fb-4278-972e-9486b504b458" />
      <TestMethod codeBase="C:\Projekty\MSTestProject\bin\Debug\netcoreapp3.1\MSTestProject.dll" adapterTypeName="executor://mstestadapter/v2" className="TwojeWesele.Services.Helpers.Tests.CurrencyHelperTests" name="FormatToStringTest1000" />
    </UnitTest>
    <UnitTest name="FormatToStringTest1000 (27751.474436297303,27751.47 zł)" storage="c:\projekty\mstestproject\bin\debug\netcoreapp3.1\mstestproject.dll" id="fa08e95f-b5be-430b-b914-d0201a29a6e8">
      <TestCategory>
        <TestCategoryItem TestCategory="Category1000" />
      </TestCategory>
      <Execution id="797b83d7-230a-406d-9d91-acbdf4478c69" />
      <TestMethod codeBase="C:\Projekty\MSTestProject\bin\Debug\netcoreapp3.1\MSTestProject.dll" adapterTypeName="executor://mstestadapter/v2" className="TwojeWesele.Services.Helpers.Tests.CurrencyHelperTests" name="FormatToStringTest1000" />
    </UnitTest>
    <UnitTest name="FormatToStringTest1000 (5628.028273674672,5628.03 zł)" storage="c:\projekty\mstestproject\bin\debug\netcoreapp3.1\mstestproject.dll" id="150a4165-b0f8-458e-9190-cdb7a694c9ce">
      <TestCategory>
        <TestCategoryItem TestCategory="Category1000" />
      </TestCategory>
      <Execution id="114f8ec2-be96-4999-97d5-638a1137c9df" />
      <TestMethod codeBase="C:\Projekty\MSTestProject\bin\Debug\netcoreapp3.1\MSTestProject.dll" adapterTypeName="executor://mstestadapter/v2" className="TwojeWesele.Services.Helpers.Tests.CurrencyHelperTests" name="FormatToStringTest1000" />
    </UnitTest>
    <UnitTest name="FormatToStringTest1000 (10268.547802396373,10268.55 zł)" storage="c:\projekty\mstestproject\bin\debug\netcoreapp3.1\mstestproject.dll" id="a3655e48-ee00-40e2-b002-e273d5ad177b">
      <TestCategory>
        <TestCategoryItem TestCategory="Category1000" />
      </TestCategory>
      <Execution id="ae833227-9711-4adf-8b7b-939b2c29cfd8" />
      <TestMethod codeBase="C:\Projekty\MSTestProject\bin\Debug\netcoreapp3.1\MSTestProject.dll" adapterTypeName="executor://mstestadapter/v2" className="TwojeWesele.Services.Helpers.Tests.CurrencyHelperTests" name="FormatToStringTest1000" />
    </UnitTest>
    <UnitTest name="FormatToStringTest1000 (6145.531235831571,6145.53 zł)" storage="c:\projekty\mstestproject\bin\debug\netcoreapp3.1\mstestproject.dll" id="b3cd79d0-8a2e-4623-ac98-ae55e0d4f5ed">
      <TestCategory>
        <TestCategoryItem TestCategory="Category1000" />
      </TestCategory>
      <Execution id="07fba3b0-a943-479e-9300-5942c4ed5269" />
      <TestMethod codeBase="C:\Projekty\MSTestProject\bin\Debug\netcoreapp3.1\MSTestProject.dll" adapterTypeName="executor://mstestadapter/v2" className="TwojeWesele.Services.Helpers.Tests.CurrencyHelperTests" name="FormatToStringTest1000" />
    </UnitTest>
    <UnitTest name="FormatToStringTest1000 (9843.625240445894,9843.63 zł)" storage="c:\projekty\mstestproject\bin\debug\netcoreapp3.1\mstestproject.dll" id="f53998f7-2a95-479a-b699-e6ff5ab9f82c">
      <TestCategory>
        <TestCategoryItem TestCategory="Category1000" />
      </TestCategory>
      <Execution id="6c68ab31-d9eb-4c55-bd20-570174053d48" />
      <TestMethod codeBase="C:\Projekty\MSTestProject\bin\Debug\netcoreapp3.1\MSTestProject.dll" adapterTypeName="executor://mstestadapter/v2" className="TwojeWesele.Services.Helpers.Tests.CurrencyHelperTests" name="FormatToStringTest1000" />
    </UnitTest>
    <UnitTest name="FormatToStringTest1000 (19392.945535027862,19392.95 zł)" storage="c:\projekty\mstestproject\bin\debug\netcoreapp3.1\mstestproject.dll" id="309008c6-4766-49e8-b394-11755099080d">
      <TestCategory>
        <TestCategoryItem TestCategory="Category1000" />
      </TestCategory>
      <Execution id="81676296-d04f-41a7-b713-e79f62ce08d1" />
      <TestMethod codeBase="C:\Projekty\MSTestProject\bin\Debug\netcoreapp3.1\MSTestProject.dll" adapterTypeName="executor://mstestadapter/v2" className="TwojeWesele.Services.Helpers.Tests.CurrencyHelperTests" name="FormatToStringTest1000" />
    </UnitTest>
    <UnitTest name="FormatToStringTest1000 (20441.330495004695,20441.33 zł)" storage="c:\projekty\mstestproject\bin\debug\netcoreapp3.1\mstestproject.dll" id="7d205142-5271-48b6-b011-0e1ea671f7cf">
      <TestCategory>
        <TestCategoryItem TestCategory="Category1000" />
      </TestCategory>
      <Execution id="cb0ab316-fe5c-4b05-a979-f470e090b19b" />
      <TestMethod codeBase="C:\Projekty\MSTestProject\bin\Debug\netcoreapp3.1\MSTestProject.dll" adapterTypeName="executor://mstestadapter/v2" className="TwojeWesele.Services.Helpers.Tests.CurrencyHelperTests" name="FormatToStringTest1000" />
    </UnitTest>
    <UnitTest name="FormatToStringTest1000 (26207.03715363659,26207.04 zł)" storage="c:\projekty\mstestproject\bin\debug\netcoreapp3.1\mstestproject.dll" id="3aa2d6f4-460d-4962-b07f-acb26cd83cab">
      <TestCategory>
        <TestCategoryItem TestCategory="Category1000" />
      </TestCategory>
      <Execution id="ba09dd6b-e955-4a6c-80a1-445f2b9866ab" />
      <TestMethod codeBase="C:\Projekty\MSTestProject\bin\Debug\netcoreapp3.1\MSTestProject.dll" adapterTypeName="executor://mstestadapter/v2" className="TwojeWesele.Services.Helpers.Tests.CurrencyHelperTests" name="FormatToStringTest1000" />
    </UnitTest>
    <UnitTest name="FormatToStringTest1000 (26162.532683261918,26162.53 zł)" storage="c:\projekty\mstestproject\bin\debug\netcoreapp3.1\mstestproject.dll" id="842ed24d-c707-4e1a-bb37-768eac7e5e65">
      <TestCategory>
        <TestCategoryItem TestCategory="Category1000" />
      </TestCategory>
      <Execution id="0405d8f5-8949-41e0-899d-0d97f886aa17" />
      <TestMethod codeBase="C:\Projekty\MSTestProject\bin\Debug\netcoreapp3.1\MSTestProject.dll" adapterTypeName="executor://mstestadapter/v2" className="TwojeWesele.Services.Helpers.Tests.CurrencyHelperTests" name="FormatToStringTest1000" />
    </UnitTest>
    <UnitTest name="FormatToStringTest1000 (13027.93935961739,13027.94 zł)" storage="c:\projekty\mstestproject\bin\debug\netcoreapp3.1\mstestproject.dll" id="279045e0-6b14-42a2-bf0b-29db343fb6d3">
      <TestCategory>
        <TestCategoryItem TestCategory="Category1000" />
      </TestCategory>
      <Execution id="5500dfed-4e91-4850-a2ef-0de1dd8e9c54" />
      <TestMethod codeBase="C:\Projekty\MSTestProject\bin\Debug\netcoreapp3.1\MSTestProject.dll" adapterTypeName="executor://mstestadapter/v2" className="TwojeWesele.Services.Helpers.Tests.CurrencyHelperTests" name="FormatToStringTest1000" />
    </UnitTest>
    <UnitTest name="FormatToStringTest1000 (28080.92507087669,28080.93 zł)" storage="c:\projekty\mstestproject\bin\debug\netcoreapp3.1\mstestproject.dll" id="93a2a3f2-c587-4895-97a3-d7c02a978b7a">
      <TestCategory>
        <TestCategoryItem TestCategory="Category1000" />
      </TestCategory>
      <Execution id="18a40341-beec-4a0c-92d3-c5ef12b84881" />
      <TestMethod codeBase="C:\Projekty\MSTestProject\bin\Debug\netcoreapp3.1\MSTestProject.dll" adapterTypeName="executor://mstestadapter/v2" className="TwojeWesele.Services.Helpers.Tests.CurrencyHelperTests" name="FormatToStringTest1000" />
    </UnitTest>
    <UnitTest name="FormatToStringTest1000 (3521.3657738167635,3521.37 zł)" storage="c:\projekty\mstestproject\bin\debug\netcoreapp3.1\mstestproject.dll" id="373d36c8-b1ef-46ba-b87b-64cbc5faef4b">
      <TestCategory>
        <TestCategoryItem TestCategory="Category1000" />
      </TestCategory>
      <Execution id="e59a97c3-e221-48e0-a6bb-8fa88f73afd5" />
      <TestMethod codeBase="C:\Projekty\MSTestProject\bin\Debug\netcoreapp3.1\MSTestProject.dll" adapterTypeName="executor://mstestadapter/v2" className="TwojeWesele.Services.Helpers.Tests.CurrencyHelperTests" name="FormatToStringTest1000" />
    </UnitTest>
    <UnitTest name="FormatToStringTest1000 (7890.044272348771,7890.04 zł)" storage="c:\projekty\mstestproject\bin\debug\netcoreapp3.1\mstestproject.dll" id="0b724797-cf41-425c-a523-516e0a021cbd">
      <TestCategory>
        <TestCategoryItem TestCategory="Category1000" />
      </TestCategory>
      <Execution id="6e0ed6b5-adf9-4b76-831a-3cc161c2f09e" />
      <TestMethod codeBase="C:\Projekty\MSTestProject\bin\Debug\netcoreapp3.1\MSTestProject.dll" adapterTypeName="executor://mstestadapter/v2" className="TwojeWesele.Services.Helpers.Tests.CurrencyHelperTests" name="FormatToStringTest1000" />
    </UnitTest>
    <UnitTest name="FormatToStringTest1000 (32216.686763396807,32216.69 zł)" storage="c:\projekty\mstestproject\bin\debug\netcoreapp3.1\mstestproject.dll" id="d1c560dd-4776-4813-9d43-cf1d9ca9073f">
      <TestCategory>
        <TestCategoryItem TestCategory="Category1000" />
      </TestCategory>
      <Execution id="9ccba4ca-d314-48a7-b40d-f7be2f98369f" />
      <TestMethod codeBase="C:\Projekty\MSTestProject\bin\Debug\netcoreapp3.1\MSTestProject.dll" adapterTypeName="executor://mstestadapter/v2" className="TwojeWesele.Services.Helpers.Tests.CurrencyHelperTests" name="FormatToStringTest1000" />
    </UnitTest>
    <UnitTest name="FormatToStringTest1000 (30320.450517486992,30320.45 zł)" storage="c:\projekty\mstestproject\bin\debug\netcoreapp3.1\mstestproject.dll" id="06f0916f-45f2-469a-baa2-583636f1da27">
      <TestCategory>
        <TestCategoryItem TestCategory="Category1000" />
      </TestCategory>
      <Execution id="95e99b22-1901-4e29-85b2-198aac6b5853" />
      <TestMethod codeBase="C:\Projekty\MSTestProject\bin\Debug\netcoreapp3.1\MSTestProject.dll" adapterTypeName="executor://mstestadapter/v2" className="TwojeWesele.Services.Helpers.Tests.CurrencyHelperTests" name="FormatToStringTest1000" />
    </UnitTest>
    <UnitTest name="FormatToStringTest1000 (68507.83928906724,68507.84 zł)" storage="c:\projekty\mstestproject\bin\debug\netcoreapp3.1\mstestproject.dll" id="a1cd7885-00af-4d78-b3b7-9ef0fff32234">
      <TestCategory>
        <TestCategoryItem TestCategory="Category1000" />
      </TestCategory>
      <Execution id="d62ce87d-768c-42e4-8238-fd639750829e" />
      <TestMethod codeBase="C:\Projekty\MSTestProject\bin\Debug\netcoreapp3.1\MSTestProject.dll" adapterTypeName="executor://mstestadapter/v2" className="TwojeWesele.Services.Helpers.Tests.CurrencyHelperTests" name="FormatToStringTest1000" />
    </UnitTest>
    <UnitTest name="FormatToStringTest1000 (22189.78731674132,22189.79 zł)" storage="c:\projekty\mstestproject\bin\debug\netcoreapp3.1\mstestproject.dll" id="86002dbf-5b79-4881-8e0a-28d1bb68a2e5">
      <TestCategory>
        <TestCategoryItem TestCategory="Category1000" />
      </TestCategory>
      <Execution id="bad4cb8a-ef2c-4cad-813e-706b4cc1bc2b" />
      <TestMethod codeBase="C:\Projekty\MSTestProject\bin\Debug\netcoreapp3.1\MSTestProject.dll" adapterTypeName="executor://mstestadapter/v2" className="TwojeWesele.Services.Helpers.Tests.CurrencyHelperTests" name="FormatToStringTest1000" />
    </UnitTest>
    <UnitTest name="FormatToStringTest1000 (18990.72499258012,18990.72 zł)" storage="c:\projekty\mstestproject\bin\debug\netcoreapp3.1\mstestproject.dll" id="c3469472-ee83-4c23-934a-6180dc5e8165">
      <TestCategory>
        <TestCategoryItem TestCategory="Category1000" />
      </TestCategory>
      <Execution id="b533f607-510e-4de2-8cbf-33ace66001bc" />
      <TestMethod codeBase="C:\Projekty\MSTestProject\bin\Debug\netcoreapp3.1\MSTestProject.dll" adapterTypeName="executor://mstestadapter/v2" className="TwojeWesele.Services.Helpers.Tests.CurrencyHelperTests" name="FormatToStringTest1000" />
    </UnitTest>
    <UnitTest name="FormatToStringTest1000 (40400.9734049295,40400.97 zł)" storage="c:\projekty\mstestproject\bin\debug\netcoreapp3.1\mstestproject.dll" id="dee466ca-e884-423e-b9dc-76db380492a3">
      <TestCategory>
        <TestCategoryItem TestCategory="Category1000" />
      </TestCategory>
      <Execution id="9975b0e9-2b20-437d-936a-2bb533b379b9" />
      <TestMethod codeBase="C:\Projekty\MSTestProject\bin\Debug\netcoreapp3.1\MSTestProject.dll" adapterTypeName="executor://mstestadapter/v2" className="TwojeWesele.Services.Helpers.Tests.CurrencyHelperTests" name="FormatToStringTest1000" />
    </UnitTest>
    <UnitTest name="FormatToStringTest1000 (743.047944508981,743.05 zł)" storage="c:\projekty\mstestproject\bin\debug\netcoreapp3.1\mstestproject.dll" id="ae7afd0d-d799-421f-ab8a-eaf4ca345a13">
      <TestCategory>
        <TestCategoryItem TestCategory="Category1000" />
      </TestCategory>
      <Execution id="165944a6-432f-4b5c-ba52-b5a5de88eb62" />
      <TestMethod codeBase="C:\Projekty\MSTestProject\bin\Debug\netcoreapp3.1\MSTestProject.dll" adapterTypeName="executor://mstestadapter/v2" className="TwojeWesele.Services.Helpers.Tests.CurrencyHelperTests" name="FormatToStringTest1000" />
    </UnitTest>
    <UnitTest name="FormatToStringTest1000 (29975.4018974022,29975.40 zł)" storage="c:\projekty\mstestproject\bin\debug\netcoreapp3.1\mstestproject.dll" id="5e0bf234-ea83-4113-b9a8-cc6c136c7fa0">
      <TestCategory>
        <TestCategoryItem TestCategory="Category1000" />
      </TestCategory>
      <Execution id="5bf0ef90-3570-471d-9b06-2906d0f064e5" />
      <TestMethod codeBase="C:\Projekty\MSTestProject\bin\Debug\netcoreapp3.1\MSTestProject.dll" adapterTypeName="executor://mstestadapter/v2" className="TwojeWesele.Services.Helpers.Tests.CurrencyHelperTests" name="FormatToStringTest1000" />
    </UnitTest>
    <UnitTest name="FormatToStringTest1000 (2897.9775426620513,2897.98 zł)" storage="c:\projekty\mstestproject\bin\debug\netcoreapp3.1\mstestproject.dll" id="280c01c2-3e49-49fc-b09e-c63c8357566c">
      <TestCategory>
        <TestCategoryItem TestCategory="Category1000" />
      </TestCategory>
      <Execution id="7d487436-d8c7-432b-b665-3966fa96c1c3" />
      <TestMethod codeBase="C:\Projekty\MSTestProject\bin\Debug\netcoreapp3.1\MSTestProject.dll" adapterTypeName="executor://mstestadapter/v2" className="TwojeWesele.Services.Helpers.Tests.CurrencyHelperTests" name="FormatToStringTest1000" />
    </UnitTest>
    <UnitTest name="FormatToStringTest1000 (15822.278766386342,15822.28 zł)" storage="c:\projekty\mstestproject\bin\debug\netcoreapp3.1\mstestproject.dll" id="4356ac3c-aebe-459d-9618-e422348692cf">
      <TestCategory>
        <TestCategoryItem TestCategory="Category1000" />
      </TestCategory>
      <Execution id="c5137584-2299-40f4-83e0-d3492068796d" />
      <TestMethod codeBase="C:\Projekty\MSTestProject\bin\Debug\netcoreapp3.1\MSTestProject.dll" adapterTypeName="executor://mstestadapter/v2" className="TwojeWesele.Services.Helpers.Tests.CurrencyHelperTests" name="FormatToStringTest1000" />
    </UnitTest>
    <UnitTest name="FormatToStringTest1000 (15861.139287455073,15861.14 zł)" storage="c:\projekty\mstestproject\bin\debug\netcoreapp3.1\mstestproject.dll" id="73f8277a-a41b-4ee6-bd87-e9305a308a88">
      <TestCategory>
        <TestCategoryItem TestCategory="Category1000" />
      </TestCategory>
      <Execution id="6ac3a913-dec2-4f3e-82e0-b16e749dda0e" />
      <TestMethod codeBase="C:\Projekty\MSTestProject\bin\Debug\netcoreapp3.1\MSTestProject.dll" adapterTypeName="executor://mstestadapter/v2" className="TwojeWesele.Services.Helpers.Tests.CurrencyHelperTests" name="FormatToStringTest1000" />
    </UnitTest>
    <UnitTest name="FormatToStringTest1000 (726.8087564975995,726.81 zł)" storage="c:\projekty\mstestproject\bin\debug\netcoreapp3.1\mstestproject.dll" id="fd6239a0-6441-4123-946a-5d2ac0726da2">
      <TestCategory>
        <TestCategoryItem TestCategory="Category1000" />
      </TestCategory>
      <Execution id="792afd42-600b-41c2-91fd-5539014a366a" />
      <TestMethod codeBase="C:\Projekty\MSTestProject\bin\Debug\netcoreapp3.1\MSTestProject.dll" adapterTypeName="executor://mstestadapter/v2" className="TwojeWesele.Services.Helpers.Tests.CurrencyHelperTests" name="FormatToStringTest1000" />
    </UnitTest>
    <UnitTest name="FormatToStringTest1000 (49416.285282306504,49416.29 zł)" storage="c:\projekty\mstestproject\bin\debug\netcoreapp3.1\mstestproject.dll" id="d8b36138-14b2-4f02-8d37-5bf29fce9dca">
      <TestCategory>
        <TestCategoryItem TestCategory="Category1000" />
      </TestCategory>
      <Execution id="31491134-c049-4087-902e-b71ad0ed22cf" />
      <TestMethod codeBase="C:\Projekty\MSTestProject\bin\Debug\netcoreapp3.1\MSTestProject.dll" adapterTypeName="executor://mstestadapter/v2" className="TwojeWesele.Services.Helpers.Tests.CurrencyHelperTests" name="FormatToStringTest1000" />
    </UnitTest>
    <UnitTest name="FormatToStringTest1000 (11624.834848273003,11624.83 zł)" storage="c:\projekty\mstestproject\bin\debug\netcoreapp3.1\mstestproject.dll" id="e1cf2cbb-d553-4871-951b-4ae1218d1b94">
      <TestCategory>
        <TestCategoryItem TestCategory="Category1000" />
      </TestCategory>
      <Execution id="11907e3d-fb6f-4c47-9851-1efbd52d34e8" />
      <TestMethod codeBase="C:\Projekty\MSTestProject\bin\Debug\netcoreapp3.1\MSTestProject.dll" adapterTypeName="executor://mstestadapter/v2" className="TwojeWesele.Services.Helpers.Tests.CurrencyHelperTests" name="FormatToStringTest1000" />
    </UnitTest>
    <UnitTest name="FormatToStringTest1000 (46790.41011887715,46790.41 zł)" storage="c:\projekty\mstestproject\bin\debug\netcoreapp3.1\mstestproject.dll" id="399d9acd-efaf-4b42-9295-8c1cee496a0f">
      <TestCategory>
        <TestCategoryItem TestCategory="Category1000" />
      </TestCategory>
      <Execution id="ebff6d4b-4ebc-4f07-8d86-7924a30330b6" />
      <TestMethod codeBase="C:\Projekty\MSTestProject\bin\Debug\netcoreapp3.1\MSTestProject.dll" adapterTypeName="executor://mstestadapter/v2" className="TwojeWesele.Services.Helpers.Tests.CurrencyHelperTests" name="FormatToStringTest1000" />
    </UnitTest>
    <UnitTest name="FormatToStringTest1000 (64210.358316209335,64210.36 zł)" storage="c:\projekty\mstestproject\bin\debug\netcoreapp3.1\mstestproject.dll" id="649d8802-4148-48e8-a986-d210efde4219">
      <TestCategory>
        <TestCategoryItem TestCategory="Category1000" />
      </TestCategory>
      <Execution id="aa33e419-9d9a-48e3-83fd-e4ec339230d1" />
      <TestMethod codeBase="C:\Projekty\MSTestProject\bin\Debug\netcoreapp3.1\MSTestProject.dll" adapterTypeName="executor://mstestadapter/v2" className="TwojeWesele.Services.Helpers.Tests.CurrencyHelperTests" name="FormatToStringTest1000" />
    </UnitTest>
    <UnitTest name="FormatToStringTest1000 (73301.91270130403,73301.91 zł)" storage="c:\projekty\mstestproject\bin\debug\netcoreapp3.1\mstestproject.dll" id="013195f2-abff-47bc-b92e-b924e0972a61">
      <TestCategory>
        <TestCategoryItem TestCategory="Category1000" />
      </TestCategory>
      <Execution id="486aa8ca-323b-4ee8-8ebf-7b514a5fa726" />
      <TestMethod codeBase="C:\Projekty\MSTestProject\bin\Debug\netcoreapp3.1\MSTestProject.dll" adapterTypeName="executor://mstestadapter/v2" className="TwojeWesele.Services.Helpers.Tests.CurrencyHelperTests" name="FormatToStringTest1000" />
    </UnitTest>
    <UnitTest name="FormatToStringTest1000 (20527.270339210645,20527.27 zł)" storage="c:\projekty\mstestproject\bin\debug\netcoreapp3.1\mstestproject.dll" id="75e720a1-0263-44ca-a721-1eca21827a75">
      <TestCategory>
        <TestCategoryItem TestCategory="Category1000" />
      </TestCategory>
      <Execution id="043ee42e-bca0-46d5-993e-5957eea46f92" />
      <TestMethod codeBase="C:\Projekty\MSTestProject\bin\Debug\netcoreapp3.1\MSTestProject.dll" adapterTypeName="executor://mstestadapter/v2" className="TwojeWesele.Services.Helpers.Tests.CurrencyHelperTests" name="FormatToStringTest1000" />
    </UnitTest>
    <UnitTest name="FormatToStringTest1000 (3588.260979617136,3588.26 zł)" storage="c:\projekty\mstestproject\bin\debug\netcoreapp3.1\mstestproject.dll" id="c1105fde-6c81-430a-9ae3-68950502504a">
      <TestCategory>
        <TestCategoryItem TestCategory="Category1000" />
      </TestCategory>
      <Execution id="57011f91-66e0-44cd-9de4-bc826f3ad938" />
      <TestMethod codeBase="C:\Projekty\MSTestProject\bin\Debug\netcoreapp3.1\MSTestProject.dll" adapterTypeName="executor://mstestadapter/v2" className="TwojeWesele.Services.Helpers.Tests.CurrencyHelperTests" name="FormatToStringTest1000" />
    </UnitTest>
    <UnitTest name="FormatToStringTest1000 (5870.791169434223,5870.79 zł)" storage="c:\projekty\mstestproject\bin\debug\netcoreapp3.1\mstestproject.dll" id="db87c8c8-cb5a-459c-933b-0ff13d30a262">
      <TestCategory>
        <TestCategoryItem TestCategory="Category1000" />
      </TestCategory>
      <Execution id="24629996-c8b0-43f0-81d0-484cf3654899" />
      <TestMethod codeBase="C:\Projekty\MSTestProject\bin\Debug\netcoreapp3.1\MSTestProject.dll" adapterTypeName="executor://mstestadapter/v2" className="TwojeWesele.Services.Helpers.Tests.CurrencyHelperTests" name="FormatToStringTest1000" />
    </UnitTest>
    <UnitTest name="FormatToStringTest1000 (71554.9786298829,71554.98 zł)" storage="c:\projekty\mstestproject\bin\debug\netcoreapp3.1\mstestproject.dll" id="b09cb556-032a-4d87-8004-167893d63bad">
      <TestCategory>
        <TestCategoryItem TestCategory="Category1000" />
      </TestCategory>
      <Execution id="f1130559-8541-49a9-878a-8e54d171f460" />
      <TestMethod codeBase="C:\Projekty\MSTestProject\bin\Debug\netcoreapp3.1\MSTestProject.dll" adapterTypeName="executor://mstestadapter/v2" className="TwojeWesele.Services.Helpers.Tests.CurrencyHelperTests" name="FormatToStringTest1000" />
    </UnitTest>
    <UnitTest name="FormatToStringTest1000 (21221.884746198488,21221.88 zł)" storage="c:\projekty\mstestproject\bin\debug\netcoreapp3.1\mstestproject.dll" id="a2103c45-0452-4a9e-83ac-0e783eeac957">
      <TestCategory>
        <TestCategoryItem TestCategory="Category1000" />
      </TestCategory>
      <Execution id="52a568ed-a296-4ff3-9ffb-4b48672d3e1e" />
      <TestMethod codeBase="C:\Projekty\MSTestProject\bin\Debug\netcoreapp3.1\MSTestProject.dll" adapterTypeName="executor://mstestadapter/v2" className="TwojeWesele.Services.Helpers.Tests.CurrencyHelperTests" name="FormatToStringTest1000" />
    </UnitTest>
    <UnitTest name="FormatToStringTest1000 (38803.03958246253,38803.04 zł)" storage="c:\projekty\mstestproject\bin\debug\netcoreapp3.1\mstestproject.dll" id="02b50ae0-dd6a-4bfe-943e-793c3f331f08">
      <TestCategory>
        <TestCategoryItem TestCategory="Category1000" />
      </TestCategory>
      <Execution id="8f23b768-d9a0-40e6-b13c-0c6584a0ad78" />
      <TestMethod codeBase="C:\Projekty\MSTestProject\bin\Debug\netcoreapp3.1\MSTestProject.dll" adapterTypeName="executor://mstestadapter/v2" className="TwojeWesele.Services.Helpers.Tests.CurrencyHelperTests" name="FormatToStringTest1000" />
    </UnitTest>
    <UnitTest name="FormatToStringTest1000 (270.1894008262033,270.19 zł)" storage="c:\projekty\mstestproject\bin\debug\netcoreapp3.1\mstestproject.dll" id="b5425219-c79f-4ae7-bea8-7601de5db839">
      <TestCategory>
        <TestCategoryItem TestCategory="Category1000" />
      </TestCategory>
      <Execution id="e0c24263-32f6-484b-88c8-f752ff1397e3" />
      <TestMethod codeBase="C:\Projekty\MSTestProject\bin\Debug\netcoreapp3.1\MSTestProject.dll" adapterTypeName="executor://mstestadapter/v2" className="TwojeWesele.Services.Helpers.Tests.CurrencyHelperTests" name="FormatToStringTest1000" />
    </UnitTest>
    <UnitTest name="FormatToStringTest1000 (15190.097283723344,15190.10 zł)" storage="c:\projekty\mstestproject\bin\debug\netcoreapp3.1\mstestproject.dll" id="7585d384-2e04-473e-af2e-e54e69834fd2">
      <TestCategory>
        <TestCategoryItem TestCategory="Category1000" />
      </TestCategory>
      <Execution id="a5a6bacb-a838-4d51-946e-cd90def802a8" />
      <TestMethod codeBase="C:\Projekty\MSTestProject\bin\Debug\netcoreapp3.1\MSTestProject.dll" adapterTypeName="executor://mstestadapter/v2" className="TwojeWesele.Services.Helpers.Tests.CurrencyHelperTests" name="FormatToStringTest1000" />
    </UnitTest>
    <UnitTest name="FormatToStringTest1000 (27164.0272410419,27164.03 zł)" storage="c:\projekty\mstestproject\bin\debug\netcoreapp3.1\mstestproject.dll" id="f7cc6d46-d112-4b98-ae4c-85468d7c5f5e">
      <TestCategory>
        <TestCategoryItem TestCategory="Category1000" />
      </TestCategory>
      <Execution id="58f9e5d7-7c41-4703-be30-0f18f4d87c4e" />
      <TestMethod codeBase="C:\Projekty\MSTestProject\bin\Debug\netcoreapp3.1\MSTestProject.dll" adapterTypeName="executor://mstestadapter/v2" className="TwojeWesele.Services.Helpers.Tests.CurrencyHelperTests" name="FormatToStringTest1000" />
    </UnitTest>
    <UnitTest name="FormatToStringTest1000 (54304.07738935393,54304.08 zł)" storage="c:\projekty\mstestproject\bin\debug\netcoreapp3.1\mstestproject.dll" id="9a626038-1b8b-4637-895c-9201ee2ccfa3">
      <TestCategory>
        <TestCategoryItem TestCategory="Category1000" />
      </TestCategory>
      <Execution id="0aa37ef6-fbdf-4cdd-856a-bc0e3cda8d2d" />
      <TestMethod codeBase="C:\Projekty\MSTestProject\bin\Debug\netcoreapp3.1\MSTestProject.dll" adapterTypeName="executor://mstestadapter/v2" className="TwojeWesele.Services.Helpers.Tests.CurrencyHelperTests" name="FormatToStringTest1000" />
    </UnitTest>
    <UnitTest name="FormatToStringTest1000 (32812.53695512634,32812.54 zł)" storage="c:\projekty\mstestproject\bin\debug\netcoreapp3.1\mstestproject.dll" id="9508920c-6063-4277-91e3-e4d323341ab8">
      <TestCategory>
        <TestCategoryItem TestCategory="Category1000" />
      </TestCategory>
      <Execution id="35fb84b4-89bc-4dc6-b40e-313de98d63d8" />
      <TestMethod codeBase="C:\Projekty\MSTestProject\bin\Debug\netcoreapp3.1\MSTestProject.dll" adapterTypeName="executor://mstestadapter/v2" className="TwojeWesele.Services.Helpers.Tests.CurrencyHelperTests" name="FormatToStringTest1000" />
    </UnitTest>
    <UnitTest name="FormatToStringTest1000 (6146.91236741278,6146.91 zł)" storage="c:\projekty\mstestproject\bin\debug\netcoreapp3.1\mstestproject.dll" id="ec40da28-e372-48bd-819e-4776f9977703">
      <TestCategory>
        <TestCategoryItem TestCategory="Category1000" />
      </TestCategory>
      <Execution id="2975ac84-4708-4235-9f1d-4aaabf0ecfe6" />
      <TestMethod codeBase="C:\Projekty\MSTestProject\bin\Debug\netcoreapp3.1\MSTestProject.dll" adapterTypeName="executor://mstestadapter/v2" className="TwojeWesele.Services.Helpers.Tests.CurrencyHelperTests" name="FormatToStringTest1000" />
    </UnitTest>
    <UnitTest name="FormatToStringTest1000 (31424.298858482067,31424.30 zł)" storage="c:\projekty\mstestproject\bin\debug\netcoreapp3.1\mstestproject.dll" id="9df62034-e61b-4983-8435-c61d8b062a16">
      <TestCategory>
        <TestCategoryItem TestCategory="Category1000" />
      </TestCategory>
      <Execution id="ff68db91-87aa-4c6d-a8cc-c13171b49216" />
      <TestMethod codeBase="C:\Projekty\MSTestProject\bin\Debug\netcoreapp3.1\MSTestProject.dll" adapterTypeName="executor://mstestadapter/v2" className="TwojeWesele.Services.Helpers.Tests.CurrencyHelperTests" name="FormatToStringTest1000" />
    </UnitTest>
    <UnitTest name="FormatToStringTest1000 (24957.469502810607,24957.47 zł)" storage="c:\projekty\mstestproject\bin\debug\netcoreapp3.1\mstestproject.dll" id="cd71d92a-60db-403c-aa73-5733a595e8f2">
      <TestCategory>
        <TestCategoryItem TestCategory="Category1000" />
      </TestCategory>
      <Execution id="4a990df1-b5d4-4dbf-b19e-112b44db99d1" />
      <TestMethod codeBase="C:\Projekty\MSTestProject\bin\Debug\netcoreapp3.1\MSTestProject.dll" adapterTypeName="executor://mstestadapter/v2" className="TwojeWesele.Services.Helpers.Tests.CurrencyHelperTests" name="FormatToStringTest1000" />
    </UnitTest>
    <UnitTest name="FormatToStringTest1000 (2423.6182769712145,2423.62 zł)" storage="c:\projekty\mstestproject\bin\debug\netcoreapp3.1\mstestproject.dll" id="120547b0-dfbd-4dda-b2d7-a97ab82d7994">
      <TestCategory>
        <TestCategoryItem TestCategory="Category1000" />
      </TestCategory>
      <Execution id="c752fbac-d374-4a88-84e9-2923c49fcfd1" />
      <TestMethod codeBase="C:\Projekty\MSTestProject\bin\Debug\netcoreapp3.1\MSTestProject.dll" adapterTypeName="executor://mstestadapter/v2" className="TwojeWesele.Services.Helpers.Tests.CurrencyHelperTests" name="FormatToStringTest1000" />
    </UnitTest>
    <UnitTest name="FormatToStringTest1000 (31315.40354898544,31315.40 zł)" storage="c:\projekty\mstestproject\bin\debug\netcoreapp3.1\mstestproject.dll" id="e10bc192-bf51-46ee-9228-1cf631dad668">
      <TestCategory>
        <TestCategoryItem TestCategory="Category1000" />
      </TestCategory>
      <Execution id="dda38cb2-9dd1-4207-b369-34e4580f0ad9" />
      <TestMethod codeBase="C:\Projekty\MSTestProject\bin\Debug\netcoreapp3.1\MSTestProject.dll" adapterTypeName="executor://mstestadapter/v2" className="TwojeWesele.Services.Helpers.Tests.CurrencyHelperTests" name="FormatToStringTest1000" />
    </UnitTest>
    <UnitTest name="FormatToStringTest1000 (50413.517583300134,50413.52 zł)" storage="c:\projekty\mstestproject\bin\debug\netcoreapp3.1\mstestproject.dll" id="f1b2afbe-5686-4c67-916c-2d8444374350">
      <TestCategory>
        <TestCategoryItem TestCategory="Category1000" />
      </TestCategory>
      <Execution id="12ce626f-633f-43ca-8b78-5f6444696026" />
      <TestMethod codeBase="C:\Projekty\MSTestProject\bin\Debug\netcoreapp3.1\MSTestProject.dll" adapterTypeName="executor://mstestadapter/v2" className="TwojeWesele.Services.Helpers.Tests.CurrencyHelperTests" name="FormatToStringTest1000" />
    </UnitTest>
    <UnitTest name="FormatToStringTest1000 (486.15309567942893,486.15 zł)" storage="c:\projekty\mstestproject\bin\debug\netcoreapp3.1\mstestproject.dll" id="59bc1480-d218-4e7a-9fce-3f5d3370f257">
      <TestCategory>
        <TestCategoryItem TestCategory="Category1000" />
      </TestCategory>
      <Execution id="feeb4e0e-efc1-46c9-9384-cac899d6f4c5" />
      <TestMethod codeBase="C:\Projekty\MSTestProject\bin\Debug\netcoreapp3.1\MSTestProject.dll" adapterTypeName="executor://mstestadapter/v2" className="TwojeWesele.Services.Helpers.Tests.CurrencyHelperTests" name="FormatToStringTest1000" />
    </UnitTest>
    <UnitTest name="FormatToStringTest1000 (8644.187977380207,8644.19 zł)" storage="c:\projekty\mstestproject\bin\debug\netcoreapp3.1\mstestproject.dll" id="e500d3f9-eeee-4792-9822-ef380c1ec1dd">
      <TestCategory>
        <TestCategoryItem TestCategory="Category1000" />
      </TestCategory>
      <Execution id="f9bb8788-3e30-479e-93d7-8e83721d34b3" />
      <TestMethod codeBase="C:\Projekty\MSTestProject\bin\Debug\netcoreapp3.1\MSTestProject.dll" adapterTypeName="executor://mstestadapter/v2" className="TwojeWesele.Services.Helpers.Tests.CurrencyHelperTests" name="FormatToStringTest1000" />
    </UnitTest>
    <UnitTest name="FormatToStringTest1000 (37561.969571757116,37561.97 zł)" storage="c:\projekty\mstestproject\bin\debug\netcoreapp3.1\mstestproject.dll" id="b4b83454-2071-4a28-a4c3-401ee1d993f9">
      <TestCategory>
        <TestCategoryItem TestCategory="Category1000" />
      </TestCategory>
      <Execution id="102e1272-b20b-4ca6-8dfe-3365a388dbef" />
      <TestMethod codeBase="C:\Projekty\MSTestProject\bin\Debug\netcoreapp3.1\MSTestProject.dll" adapterTypeName="executor://mstestadapter/v2" className="TwojeWesele.Services.Helpers.Tests.CurrencyHelperTests" name="FormatToStringTest1000" />
    </UnitTest>
    <UnitTest name="FormatToStringTest1000 (10775.728533390784,10775.73 zł)" storage="c:\projekty\mstestproject\bin\debug\netcoreapp3.1\mstestproject.dll" id="a7955245-78c3-4c81-bd67-cb14b5f06ba9">
      <TestCategory>
        <TestCategoryItem TestCategory="Category1000" />
      </TestCategory>
      <Execution id="f0c3a369-53fd-42a1-82d6-1c828615e2bf" />
      <TestMethod codeBase="C:\Projekty\MSTestProject\bin\Debug\netcoreapp3.1\MSTestProject.dll" adapterTypeName="executor://mstestadapter/v2" className="TwojeWesele.Services.Helpers.Tests.CurrencyHelperTests" name="FormatToStringTest1000" />
    </UnitTest>
    <UnitTest name="FormatToStringTest1000 (42555.01416107594,42555.01 zł)" storage="c:\projekty\mstestproject\bin\debug\netcoreapp3.1\mstestproject.dll" id="d3bc6621-6a1b-4552-a53f-a549e55ff52f">
      <TestCategory>
        <TestCategoryItem TestCategory="Category1000" />
      </TestCategory>
      <Execution id="0b9ae372-b8dc-46ac-959d-7d6627137f6c" />
      <TestMethod codeBase="C:\Projekty\MSTestProject\bin\Debug\netcoreapp3.1\MSTestProject.dll" adapterTypeName="executor://mstestadapter/v2" className="TwojeWesele.Services.Helpers.Tests.CurrencyHelperTests" name="FormatToStringTest1000" />
    </UnitTest>
    <UnitTest name="FormatToStringTest1000 (37954.34384365396,37954.34 zł)" storage="c:\projekty\mstestproject\bin\debug\netcoreapp3.1\mstestproject.dll" id="aa101ace-337d-42a2-9f2a-558b93455689">
      <TestCategory>
        <TestCategoryItem TestCategory="Category1000" />
      </TestCategory>
      <Execution id="4730e9d0-82aa-40ac-9f93-d1ba686d6e89" />
      <TestMethod codeBase="C:\Projekty\MSTestProject\bin\Debug\netcoreapp3.1\MSTestProject.dll" adapterTypeName="executor://mstestadapter/v2" className="TwojeWesele.Services.Helpers.Tests.CurrencyHelperTests" name="FormatToStringTest1000" />
    </UnitTest>
    <UnitTest name="FormatToStringTest1000 (19933.78650940945,19933.79 zł)" storage="c:\projekty\mstestproject\bin\debug\netcoreapp3.1\mstestproject.dll" id="f3a3f445-c250-4c7f-b33f-a136f2cc56bc">
      <TestCategory>
        <TestCategoryItem TestCategory="Category1000" />
      </TestCategory>
      <Execution id="398a5bb6-9889-444e-b068-3eb2096bf313" />
      <TestMethod codeBase="C:\Projekty\MSTestProject\bin\Debug\netcoreapp3.1\MSTestProject.dll" adapterTypeName="executor://mstestadapter/v2" className="TwojeWesele.Services.Helpers.Tests.CurrencyHelperTests" name="FormatToStringTest1000" />
    </UnitTest>
    <UnitTest name="FormatToStringTest1000 (75214.75000876503,75214.75 zł)" storage="c:\projekty\mstestproject\bin\debug\netcoreapp3.1\mstestproject.dll" id="568ab65c-3601-439e-957a-9b941a54b803">
      <TestCategory>
        <TestCategoryItem TestCategory="Category1000" />
      </TestCategory>
      <Execution id="3d49eafa-27ac-4449-8c23-ec6dfe677423" />
      <TestMethod codeBase="C:\Projekty\MSTestProject\bin\Debug\netcoreapp3.1\MSTestProject.dll" adapterTypeName="executor://mstestadapter/v2" className="TwojeWesele.Services.Helpers.Tests.CurrencyHelperTests" name="FormatToStringTest1000" />
    </UnitTest>
    <UnitTest name="FormatToStringTest1000 (22459.530444447664,22459.53 zł)" storage="c:\projekty\mstestproject\bin\debug\netcoreapp3.1\mstestproject.dll" id="9a5bd98a-8350-45bd-a0a6-00384433b6e4">
      <TestCategory>
        <TestCategoryItem TestCategory="Category1000" />
      </TestCategory>
      <Execution id="b7773f1c-a1fc-40ce-a1ed-02b631018b95" />
      <TestMethod codeBase="C:\Projekty\MSTestProject\bin\Debug\netcoreapp3.1\MSTestProject.dll" adapterTypeName="executor://mstestadapter/v2" className="TwojeWesele.Services.Helpers.Tests.CurrencyHelperTests" name="FormatToStringTest1000" />
    </UnitTest>
    <UnitTest name="FormatToStringTest1000 (36047.83545033672,36047.84 zł)" storage="c:\projekty\mstestproject\bin\debug\netcoreapp3.1\mstestproject.dll" id="81b75eba-22cb-49d3-8949-fe93726a6770">
      <TestCategory>
        <TestCategoryItem TestCategory="Category1000" />
      </TestCategory>
      <Execution id="26bee3c3-3983-4f3e-8b5d-c0253377a2c1" />
      <TestMethod codeBase="C:\Projekty\MSTestProject\bin\Debug\netcoreapp3.1\MSTestProject.dll" adapterTypeName="executor://mstestadapter/v2" className="TwojeWesele.Services.Helpers.Tests.CurrencyHelperTests" name="FormatToStringTest1000" />
    </UnitTest>
    <UnitTest name="FormatToStringTest1000 (45455.14554704127,45455.15 zł)" storage="c:\projekty\mstestproject\bin\debug\netcoreapp3.1\mstestproject.dll" id="474be0fb-984e-4d9a-88f4-de7476073b11">
      <TestCategory>
        <TestCategoryItem TestCategory="Category1000" />
      </TestCategory>
      <Execution id="433cded8-de64-4c81-b6d0-52841231f240" />
      <TestMethod codeBase="C:\Projekty\MSTestProject\bin\Debug\netcoreapp3.1\MSTestProject.dll" adapterTypeName="executor://mstestadapter/v2" className="TwojeWesele.Services.Helpers.Tests.CurrencyHelperTests" name="FormatToStringTest1000" />
    </UnitTest>
    <UnitTest name="FormatToStringTest1000 (6105.007054037418,6105.01 zł)" storage="c:\projekty\mstestproject\bin\debug\netcoreapp3.1\mstestproject.dll" id="5c136354-5768-405f-b646-22eecaef949c">
      <TestCategory>
        <TestCategoryItem TestCategory="Category1000" />
      </TestCategory>
      <Execution id="4f19cd79-41e0-4d80-b3dc-cbc7cfe0d417" />
      <TestMethod codeBase="C:\Projekty\MSTestProject\bin\Debug\netcoreapp3.1\MSTestProject.dll" adapterTypeName="executor://mstestadapter/v2" className="TwojeWesele.Services.Helpers.Tests.CurrencyHelperTests" name="FormatToStringTest1000" />
    </UnitTest>
    <UnitTest name="FormatToStringTest1000 (49037.8109120586,49037.81 zł)" storage="c:\projekty\mstestproject\bin\debug\netcoreapp3.1\mstestproject.dll" id="b4a2122c-599c-470c-84ac-22be2ade1260">
      <TestCategory>
        <TestCategoryItem TestCategory="Category1000" />
      </TestCategory>
      <Execution id="b23b237e-5510-450c-b1e6-273717acdb8d" />
      <TestMethod codeBase="C:\Projekty\MSTestProject\bin\Debug\netcoreapp3.1\MSTestProject.dll" adapterTypeName="executor://mstestadapter/v2" className="TwojeWesele.Services.Helpers.Tests.CurrencyHelperTests" name="FormatToStringTest1000" />
    </UnitTest>
    <UnitTest name="FormatToStringTest1000 (75024.79122970243,75024.79 zł)" storage="c:\projekty\mstestproject\bin\debug\netcoreapp3.1\mstestproject.dll" id="463c1887-78a8-4301-8cc2-0c088d7c6e0f">
      <TestCategory>
        <TestCategoryItem TestCategory="Category1000" />
      </TestCategory>
      <Execution id="c4880a4d-c605-4ebd-aa75-10c3095dfeb8" />
      <TestMethod codeBase="C:\Projekty\MSTestProject\bin\Debug\netcoreapp3.1\MSTestProject.dll" adapterTypeName="executor://mstestadapter/v2" className="TwojeWesele.Services.Helpers.Tests.CurrencyHelperTests" name="FormatToStringTest1000" />
    </UnitTest>
    <UnitTest name="FormatToStringTest1000 (65809.35218338219,65809.35 zł)" storage="c:\projekty\mstestproject\bin\debug\netcoreapp3.1\mstestproject.dll" id="7e065601-08ba-42b6-95af-2bd02566a393">
      <TestCategory>
        <TestCategoryItem TestCategory="Category1000" />
      </TestCategory>
      <Execution id="3d981207-7102-4f83-aab7-96b1f7d527ac" />
      <TestMethod codeBase="C:\Projekty\MSTestProject\bin\Debug\netcoreapp3.1\MSTestProject.dll" adapterTypeName="executor://mstestadapter/v2" className="TwojeWesele.Services.Helpers.Tests.CurrencyHelperTests" name="FormatToStringTest1000" />
    </UnitTest>
    <UnitTest name="FormatToStringTest1000 (17098.491445727876,17098.49 zł)" storage="c:\projekty\mstestproject\bin\debug\netcoreapp3.1\mstestproject.dll" id="bda94219-ab97-4877-b63e-06a41c60d8b8">
      <TestCategory>
        <TestCategoryItem TestCategory="Category1000" />
      </TestCategory>
      <Execution id="31eb922e-8eb8-4d00-bd28-02b9f3b48ef2" />
      <TestMethod codeBase="C:\Projekty\MSTestProject\bin\Debug\netcoreapp3.1\MSTestProject.dll" adapterTypeName="executor://mstestadapter/v2" className="TwojeWesele.Services.Helpers.Tests.CurrencyHelperTests" name="FormatToStringTest1000" />
    </UnitTest>
    <UnitTest name="FormatToStringTest1000 (1751.1734380625066,1751.17 zł)" storage="c:\projekty\mstestproject\bin\debug\netcoreapp3.1\mstestproject.dll" id="eddad9cd-6718-4611-ae97-ec0610f74853">
      <TestCategory>
        <TestCategoryItem TestCategory="Category1000" />
      </TestCategory>
      <Execution id="a67a3f77-ab62-44b2-bc0c-107e32c595af" />
      <TestMethod codeBase="C:\Projekty\MSTestProject\bin\Debug\netcoreapp3.1\MSTestProject.dll" adapterTypeName="executor://mstestadapter/v2" className="TwojeWesele.Services.Helpers.Tests.CurrencyHelperTests" name="FormatToStringTest1000" />
    </UnitTest>
    <UnitTest name="FormatToStringTest1000 (657.5396922647672,657.54 zł)" storage="c:\projekty\mstestproject\bin\debug\netcoreapp3.1\mstestproject.dll" id="36e4dc46-1ad8-4d2a-8892-4a52fcf20bb6">
      <TestCategory>
        <TestCategoryItem TestCategory="Category1000" />
      </TestCategory>
      <Execution id="c7c2b083-893b-4919-bf4a-a3439289f172" />
      <TestMethod codeBase="C:\Projekty\MSTestProject\bin\Debug\netcoreapp3.1\MSTestProject.dll" adapterTypeName="executor://mstestadapter/v2" className="TwojeWesele.Services.Helpers.Tests.CurrencyHelperTests" name="FormatToStringTest1000" />
    </UnitTest>
    <UnitTest name="FormatToStringTest1000 (1751.7703038522834,1751.77 zł)" storage="c:\projekty\mstestproject\bin\debug\netcoreapp3.1\mstestproject.dll" id="cbdaab77-3e32-4a26-a6c6-1530628e0aa3">
      <TestCategory>
        <TestCategoryItem TestCategory="Category1000" />
      </TestCategory>
      <Execution id="e3b64d2b-78ce-4d3f-a71e-c2b181013acf" />
      <TestMethod codeBase="C:\Projekty\MSTestProject\bin\Debug\netcoreapp3.1\MSTestProject.dll" adapterTypeName="executor://mstestadapter/v2" className="TwojeWesele.Services.Helpers.Tests.CurrencyHelperTests" name="FormatToStringTest1000" />
    </UnitTest>
    <UnitTest name="FormatToStringTest1000 (134.1514758393874,134.15 zł)" storage="c:\projekty\mstestproject\bin\debug\netcoreapp3.1\mstestproject.dll" id="61036a14-d5ca-401a-b258-2b53d6ad327c">
      <TestCategory>
        <TestCategoryItem TestCategory="Category1000" />
      </TestCategory>
      <Execution id="f90f8c55-e543-49d5-9672-15236a45200e" />
      <TestMethod codeBase="C:\Projekty\MSTestProject\bin\Debug\netcoreapp3.1\MSTestProject.dll" adapterTypeName="executor://mstestadapter/v2" className="TwojeWesele.Services.Helpers.Tests.CurrencyHelperTests" name="FormatToStringTest1000" />
    </UnitTest>
    <UnitTest name="FormatToStringTest1000 (24729.333280806586,24729.33 zł)" storage="c:\projekty\mstestproject\bin\debug\netcoreapp3.1\mstestproject.dll" id="32b4abd2-8af3-421b-8003-592d37350439">
      <TestCategory>
        <TestCategoryItem TestCategory="Category1000" />
      </TestCategory>
      <Execution id="c0f7ca95-6c4c-4ec0-bd4b-367e9cf8992e" />
      <TestMethod codeBase="C:\Projekty\MSTestProject\bin\Debug\netcoreapp3.1\MSTestProject.dll" adapterTypeName="executor://mstestadapter/v2" className="TwojeWesele.Services.Helpers.Tests.CurrencyHelperTests" name="FormatToStringTest1000" />
    </UnitTest>
    <UnitTest name="FormatToStringTest1000 (73477.18206926118,73477.18 zł)" storage="c:\projekty\mstestproject\bin\debug\netcoreapp3.1\mstestproject.dll" id="d114739d-cf41-40c7-9e98-bd70e39cd350">
      <TestCategory>
        <TestCategoryItem TestCategory="Category1000" />
      </TestCategory>
      <Execution id="995c9b2b-dc95-430c-9baa-367708a35e83" />
      <TestMethod codeBase="C:\Projekty\MSTestProject\bin\Debug\netcoreapp3.1\MSTestProject.dll" adapterTypeName="executor://mstestadapter/v2" className="TwojeWesele.Services.Helpers.Tests.CurrencyHelperTests" name="FormatToStringTest1000" />
    </UnitTest>
    <UnitTest name="FormatToStringTest1000 (17990.38119827089,17990.38 zł)" storage="c:\projekty\mstestproject\bin\debug\netcoreapp3.1\mstestproject.dll" id="f57b9911-c71c-4d04-8076-683d0d4ad65f">
      <TestCategory>
        <TestCategoryItem TestCategory="Category1000" />
      </TestCategory>
      <Execution id="5f3a96ea-946e-4085-bb06-3b450f09bee3" />
      <TestMethod codeBase="C:\Projekty\MSTestProject\bin\Debug\netcoreapp3.1\MSTestProject.dll" adapterTypeName="executor://mstestadapter/v2" className="TwojeWesele.Services.Helpers.Tests.CurrencyHelperTests" name="FormatToStringTest1000" />
    </UnitTest>
    <UnitTest name="FormatToStringTest1000 (30020.248557890412,30020.25 zł)" storage="c:\projekty\mstestproject\bin\debug\netcoreapp3.1\mstestproject.dll" id="3c129306-0700-4dad-90af-8f95c9efc40c">
      <TestCategory>
        <TestCategoryItem TestCategory="Category1000" />
      </TestCategory>
      <Execution id="13425b73-9aae-42d9-9166-ca9cfc507ab2" />
      <TestMethod codeBase="C:\Projekty\MSTestProject\bin\Debug\netcoreapp3.1\MSTestProject.dll" adapterTypeName="executor://mstestadapter/v2" className="TwojeWesele.Services.Helpers.Tests.CurrencyHelperTests" name="FormatToStringTest1000" />
    </UnitTest>
    <UnitTest name="FormatToStringTest1000 (27629.79121039193,27629.79 zł)" storage="c:\projekty\mstestproject\bin\debug\netcoreapp3.1\mstestproject.dll" id="3177dbe9-b40c-442a-8480-4b10af8fcfca">
      <TestCategory>
        <TestCategoryItem TestCategory="Category1000" />
      </TestCategory>
      <Execution id="98f619fd-3790-44fc-8a49-757a36fc7b6a" />
      <TestMethod codeBase="C:\Projekty\MSTestProject\bin\Debug\netcoreapp3.1\MSTestProject.dll" adapterTypeName="executor://mstestadapter/v2" className="TwojeWesele.Services.Helpers.Tests.CurrencyHelperTests" name="FormatToStringTest1000" />
    </UnitTest>
    <UnitTest name="FormatToStringTest1000 (2505.286326204094,2505.29 zł)" storage="c:\projekty\mstestproject\bin\debug\netcoreapp3.1\mstestproject.dll" id="47f5c942-10a6-45dd-8eaa-fd548a99dd36">
      <TestCategory>
        <TestCategoryItem TestCategory="Category1000" />
      </TestCategory>
      <Execution id="3a3de4f6-3c3e-40a3-aab6-c3e20b05b9ac" />
      <TestMethod codeBase="C:\Projekty\MSTestProject\bin\Debug\netcoreapp3.1\MSTestProject.dll" adapterTypeName="executor://mstestadapter/v2" className="TwojeWesele.Services.Helpers.Tests.CurrencyHelperTests" name="FormatToStringTest1000" />
    </UnitTest>
    <UnitTest name="FormatToStringTest1000 (9624.06628225188,9624.07 zł)" storage="c:\projekty\mstestproject\bin\debug\netcoreapp3.1\mstestproject.dll" id="5bd9f601-59b2-40a5-9c9f-21c9bfab779a">
      <TestCategory>
        <TestCategoryItem TestCategory="Category1000" />
      </TestCategory>
      <Execution id="7dd93efd-56d0-4b4f-b5d8-c9f715705fe2" />
      <TestMethod codeBase="C:\Projekty\MSTestProject\bin\Debug\netcoreapp3.1\MSTestProject.dll" adapterTypeName="executor://mstestadapter/v2" className="TwojeWesele.Services.Helpers.Tests.CurrencyHelperTests" name="FormatToStringTest1000" />
    </UnitTest>
    <UnitTest name="FormatToStringTest1000 (1884.4923513031063,1884.49 zł)" storage="c:\projekty\mstestproject\bin\debug\netcoreapp3.1\mstestproject.dll" id="dc7268b8-adb6-41c5-aac3-c33907f0f982">
      <TestCategory>
        <TestCategoryItem TestCategory="Category1000" />
      </TestCategory>
      <Execution id="864d6f80-0cc7-4a18-8a41-a5ce378a3194" />
      <TestMethod codeBase="C:\Projekty\MSTestProject\bin\Debug\netcoreapp3.1\MSTestProject.dll" adapterTypeName="executor://mstestadapter/v2" className="TwojeWesele.Services.Helpers.Tests.CurrencyHelperTests" name="FormatToStringTest1000" />
    </UnitTest>
    <UnitTest name="FormatToStringTest1000 (20454.142628653506,20454.14 zł)" storage="c:\projekty\mstestproject\bin\debug\netcoreapp3.1\mstestproject.dll" id="79817e1f-04ab-46e9-a1fa-15da7f408f4b">
      <TestCategory>
        <TestCategoryItem TestCategory="Category1000" />
      </TestCategory>
      <Execution id="4cc8ee7d-e458-4a1e-b5a2-51464fcfa407" />
      <TestMethod codeBase="C:\Projekty\MSTestProject\bin\Debug\netcoreapp3.1\MSTestProject.dll" adapterTypeName="executor://mstestadapter/v2" className="TwojeWesele.Services.Helpers.Tests.CurrencyHelperTests" name="FormatToStringTest1000" />
    </UnitTest>
    <UnitTest name="FormatToStringTest1000 (12125.090155628086,12125.09 zł)" storage="c:\projekty\mstestproject\bin\debug\netcoreapp3.1\mstestproject.dll" id="7d22eeb7-c132-4263-b4fb-a8fb0860c46c">
      <TestCategory>
        <TestCategoryItem TestCategory="Category1000" />
      </TestCategory>
      <Execution id="afe506ea-0b94-4ddc-ab6f-61bbd9ec7e20" />
      <TestMethod codeBase="C:\Projekty\MSTestProject\bin\Debug\netcoreapp3.1\MSTestProject.dll" adapterTypeName="executor://mstestadapter/v2" className="TwojeWesele.Services.Helpers.Tests.CurrencyHelperTests" name="FormatToStringTest1000" />
    </UnitTest>
    <UnitTest name="FormatToStringTest1000 (51632.87002968503,51632.87 zł)" storage="c:\projekty\mstestproject\bin\debug\netcoreapp3.1\mstestproject.dll" id="7cacc733-444c-41d1-965c-cc7c9b86e12e">
      <TestCategory>
        <TestCategoryItem TestCategory="Category1000" />
      </TestCategory>
      <Execution id="2cf2b031-cec4-4cbb-a089-3b130e9fb00d" />
      <TestMethod codeBase="C:\Projekty\MSTestProject\bin\Debug\netcoreapp3.1\MSTestProject.dll" adapterTypeName="executor://mstestadapter/v2" className="TwojeWesele.Services.Helpers.Tests.CurrencyHelperTests" name="FormatToStringTest1000" />
    </UnitTest>
    <UnitTest name="FormatToStringTest1000 (47163.337736466594,47163.34 zł)" storage="c:\projekty\mstestproject\bin\debug\netcoreapp3.1\mstestproject.dll" id="1880b516-6b36-4451-9ff6-f612ec08861a">
      <TestCategory>
        <TestCategoryItem TestCategory="Category1000" />
      </TestCategory>
      <Execution id="4efde299-eb8d-42c0-9489-d55c768941ac" />
      <TestMethod codeBase="C:\Projekty\MSTestProject\bin\Debug\netcoreapp3.1\MSTestProject.dll" adapterTypeName="executor://mstestadapter/v2" className="TwojeWesele.Services.Helpers.Tests.CurrencyHelperTests" name="FormatToStringTest1000" />
    </UnitTest>
    <UnitTest name="FormatToStringTest1000 (29474.095826699442,29474.10 zł)" storage="c:\projekty\mstestproject\bin\debug\netcoreapp3.1\mstestproject.dll" id="ba4a5d75-53b5-4c76-892e-eec66e944899">
      <TestCategory>
        <TestCategoryItem TestCategory="Category1000" />
      </TestCategory>
      <Execution id="c0fb1ca1-1e4a-4763-92ac-8aa006cdc1bb" />
      <TestMethod codeBase="C:\Projekty\MSTestProject\bin\Debug\netcoreapp3.1\MSTestProject.dll" adapterTypeName="executor://mstestadapter/v2" className="TwojeWesele.Services.Helpers.Tests.CurrencyHelperTests" name="FormatToStringTest1000" />
    </UnitTest>
    <UnitTest name="FormatToStringTest1000 (88584.97010041306,88584.97 zł)" storage="c:\projekty\mstestproject\bin\debug\netcoreapp3.1\mstestproject.dll" id="5c40948c-a37e-4b52-9ba8-8e2b094a275b">
      <TestCategory>
        <TestCategoryItem TestCategory="Category1000" />
      </TestCategory>
      <Execution id="63bb68b6-9f36-4758-b222-9b2d3c5b5c7e" />
      <TestMethod codeBase="C:\Projekty\MSTestProject\bin\Debug\netcoreapp3.1\MSTestProject.dll" adapterTypeName="executor://mstestadapter/v2" className="TwojeWesele.Services.Helpers.Tests.CurrencyHelperTests" name="FormatToStringTest1000" />
    </UnitTest>
    <UnitTest name="FormatToStringTest1000 (62975.496334776515,62975.50 zł)" storage="c:\projekty\mstestproject\bin\debug\netcoreapp3.1\mstestproject.dll" id="c4488eee-442d-461f-aef2-1a41b1568739">
      <TestCategory>
        <TestCategoryItem TestCategory="Category1000" />
      </TestCategory>
      <Execution id="33ea784c-fde5-4f4a-aa10-b0a40b9a47a6" />
      <TestMethod codeBase="C:\Projekty\MSTestProject\bin\Debug\netcoreapp3.1\MSTestProject.dll" adapterTypeName="executor://mstestadapter/v2" className="TwojeWesele.Services.Helpers.Tests.CurrencyHelperTests" name="FormatToStringTest1000" />
    </UnitTest>
    <UnitTest name="FormatToStringTest1000 (19541.10539777116,19541.11 zł)" storage="c:\projekty\mstestproject\bin\debug\netcoreapp3.1\mstestproject.dll" id="7d376cca-23ad-460c-b62d-464b589f20f5">
      <TestCategory>
        <TestCategoryItem TestCategory="Category1000" />
      </TestCategory>
      <Execution id="987af277-8803-4dd7-aea0-742e0b3e58f5" />
      <TestMethod codeBase="C:\Projekty\MSTestProject\bin\Debug\netcoreapp3.1\MSTestProject.dll" adapterTypeName="executor://mstestadapter/v2" className="TwojeWesele.Services.Helpers.Tests.CurrencyHelperTests" name="FormatToStringTest1000" />
    </UnitTest>
    <UnitTest name="FormatToStringTest1000 (40556.73452524362,40556.73 zł)" storage="c:\projekty\mstestproject\bin\debug\netcoreapp3.1\mstestproject.dll" id="af7cb48c-c1bb-4158-84e2-7b04c6e4c385">
      <TestCategory>
        <TestCategoryItem TestCategory="Category1000" />
      </TestCategory>
      <Execution id="b1dc62be-5eec-4435-a9e2-50a0a63c10e8" />
      <TestMethod codeBase="C:\Projekty\MSTestProject\bin\Debug\netcoreapp3.1\MSTestProject.dll" adapterTypeName="executor://mstestadapter/v2" className="TwojeWesele.Services.Helpers.Tests.CurrencyHelperTests" name="FormatToStringTest1000" />
    </UnitTest>
    <UnitTest name="FormatToStringTest1000 (56373.35086238494,56373.35 zł)" storage="c:\projekty\mstestproject\bin\debug\netcoreapp3.1\mstestproject.dll" id="f2ffc57b-5624-4635-9ea1-7889cd15e9fb">
      <TestCategory>
        <TestCategoryItem TestCategory="Category1000" />
      </TestCategory>
      <Execution id="ff57f7b6-eb89-4609-a738-ffd7c5d5dc0e" />
      <TestMethod codeBase="C:\Projekty\MSTestProject\bin\Debug\netcoreapp3.1\MSTestProject.dll" adapterTypeName="executor://mstestadapter/v2" className="TwojeWesele.Services.Helpers.Tests.CurrencyHelperTests" name="FormatToStringTest1000" />
    </UnitTest>
    <UnitTest name="FormatToStringTest1000 (20640.678251201603,20640.68 zł)" storage="c:\projekty\mstestproject\bin\debug\netcoreapp3.1\mstestproject.dll" id="4a094fdc-1552-4812-8c88-b4016e2a098a">
      <TestCategory>
        <TestCategoryItem TestCategory="Category1000" />
      </TestCategory>
      <Execution id="bb846f76-352c-4fa4-a62a-74f2dd435f68" />
      <TestMethod codeBase="C:\Projekty\MSTestProject\bin\Debug\netcoreapp3.1\MSTestProject.dll" adapterTypeName="executor://mstestadapter/v2" className="TwojeWesele.Services.Helpers.Tests.CurrencyHelperTests" name="FormatToStringTest1000" />
    </UnitTest>
    <UnitTest name="FormatToStringTest1000 (45340.017357165,45340.02 zł)" storage="c:\projekty\mstestproject\bin\debug\netcoreapp3.1\mstestproject.dll" id="420f562f-4f07-4526-9489-40bd616577a0">
      <TestCategory>
        <TestCategoryItem TestCategory="Category1000" />
      </TestCategory>
      <Execution id="3485509a-718c-4c6c-82f9-9d26a6286a40" />
      <TestMethod codeBase="C:\Projekty\MSTestProject\bin\Debug\netcoreapp3.1\MSTestProject.dll" adapterTypeName="executor://mstestadapter/v2" className="TwojeWesele.Services.Helpers.Tests.CurrencyHelperTests" name="FormatToStringTest1000" />
    </UnitTest>
    <UnitTest name="FormatToStringTest1000 (3043.6828298227315,3043.68 zł)" storage="c:\projekty\mstestproject\bin\debug\netcoreapp3.1\mstestproject.dll" id="617cdca7-326c-46ba-b319-1d833ef798bf">
      <TestCategory>
        <TestCategoryItem TestCategory="Category1000" />
      </TestCategory>
      <Execution id="16e678e2-72dc-4f76-ab5d-47cadd9c3cc7" />
      <TestMethod codeBase="C:\Projekty\MSTestProject\bin\Debug\netcoreapp3.1\MSTestProject.dll" adapterTypeName="executor://mstestadapter/v2" className="TwojeWesele.Services.Helpers.Tests.CurrencyHelperTests" name="FormatToStringTest1000" />
    </UnitTest>
    <UnitTest name="FormatToStringTest1000 (6710.131197082871,6710.13 zł)" storage="c:\projekty\mstestproject\bin\debug\netcoreapp3.1\mstestproject.dll" id="255de3b1-3cf3-4601-9431-5b106aaf2abb">
      <TestCategory>
        <TestCategoryItem TestCategory="Category1000" />
      </TestCategory>
      <Execution id="9ed9c59d-e362-4d99-9a5a-2705e706d53d" />
      <TestMethod codeBase="C:\Projekty\MSTestProject\bin\Debug\netcoreapp3.1\MSTestProject.dll" adapterTypeName="executor://mstestadapter/v2" className="TwojeWesele.Services.Helpers.Tests.CurrencyHelperTests" name="FormatToStringTest1000" />
    </UnitTest>
    <UnitTest name="FormatToStringTest1000 (33699.13042082038,33699.13 zł)" storage="c:\projekty\mstestproject\bin\debug\netcoreapp3.1\mstestproject.dll" id="53e39b14-de66-4f32-b310-4ae7d7c2b6e7">
      <TestCategory>
        <TestCategoryItem TestCategory="Category1000" />
      </TestCategory>
      <Execution id="548c228c-344e-4a14-9443-cb508d32c79f" />
      <TestMethod codeBase="C:\Projekty\MSTestProject\bin\Debug\netcoreapp3.1\MSTestProject.dll" adapterTypeName="executor://mstestadapter/v2" className="TwojeWesele.Services.Helpers.Tests.CurrencyHelperTests" name="FormatToStringTest1000" />
    </UnitTest>
    <UnitTest name="FormatToStringTest1000 (47025.6224095177,47025.62 zł)" storage="c:\projekty\mstestproject\bin\debug\netcoreapp3.1\mstestproject.dll" id="8e8bbcd1-1c43-4bd6-92a9-5b4763a33f55">
      <TestCategory>
        <TestCategoryItem TestCategory="Category1000" />
      </TestCategory>
      <Execution id="a4705b77-7c4c-4d9c-959f-f598c21f2e1a" />
      <TestMethod codeBase="C:\Projekty\MSTestProject\bin\Debug\netcoreapp3.1\MSTestProject.dll" adapterTypeName="executor://mstestadapter/v2" className="TwojeWesele.Services.Helpers.Tests.CurrencyHelperTests" name="FormatToStringTest1000" />
    </UnitTest>
    <UnitTest name="FormatToStringTest1000 (3646.857719214101,3646.86 zł)" storage="c:\projekty\mstestproject\bin\debug\netcoreapp3.1\mstestproject.dll" id="6dc2af76-d788-4b61-b61a-815047bc1f22">
      <TestCategory>
        <TestCategoryItem TestCategory="Category1000" />
      </TestCategory>
      <Execution id="744e5876-7e4e-4a4e-bd01-7d509b60caf6" />
      <TestMethod codeBase="C:\Projekty\MSTestProject\bin\Debug\netcoreapp3.1\MSTestProject.dll" adapterTypeName="executor://mstestadapter/v2" className="TwojeWesele.Services.Helpers.Tests.CurrencyHelperTests" name="FormatToStringTest1000" />
    </UnitTest>
    <UnitTest name="FormatToStringTest1000 (11922.837782177532,11922.84 zł)" storage="c:\projekty\mstestproject\bin\debug\netcoreapp3.1\mstestproject.dll" id="d3b527d5-b61a-454f-96cd-5087e73f3e02">
      <TestCategory>
        <TestCategoryItem TestCategory="Category1000" />
      </TestCategory>
      <Execution id="0036ea2d-0be2-46ca-b398-6944730010ef" />
      <TestMethod codeBase="C:\Projekty\MSTestProject\bin\Debug\netcoreapp3.1\MSTestProject.dll" adapterTypeName="executor://mstestadapter/v2" className="TwojeWesele.Services.Helpers.Tests.CurrencyHelperTests" name="FormatToStringTest1000" />
    </UnitTest>
    <UnitTest name="FormatToStringTest1000 (75915.01943546813,75915.02 zł)" storage="c:\projekty\mstestproject\bin\debug\netcoreapp3.1\mstestproject.dll" id="687d4cf7-35be-46a0-a7fc-184bbad1ebec">
      <TestCategory>
        <TestCategoryItem TestCategory="Category1000" />
      </TestCategory>
      <Execution id="ab6b3faf-7c66-4ae5-974a-443b5710cb76" />
      <TestMethod codeBase="C:\Projekty\MSTestProject\bin\Debug\netcoreapp3.1\MSTestProject.dll" adapterTypeName="executor://mstestadapter/v2" className="TwojeWesele.Services.Helpers.Tests.CurrencyHelperTests" name="FormatToStringTest1000" />
    </UnitTest>
    <UnitTest name="FormatToStringTest1000 (23282.56178903047,23282.56 zł)" storage="c:\projekty\mstestproject\bin\debug\netcoreapp3.1\mstestproject.dll" id="ec4aab0b-0076-4771-becd-629382de1ff3">
      <TestCategory>
        <TestCategoryItem TestCategory="Category1000" />
      </TestCategory>
      <Execution id="4e84bace-a63f-4679-b013-d90447d39b12" />
      <TestMethod codeBase="C:\Projekty\MSTestProject\bin\Debug\netcoreapp3.1\MSTestProject.dll" adapterTypeName="executor://mstestadapter/v2" className="TwojeWesele.Services.Helpers.Tests.CurrencyHelperTests" name="FormatToStringTest1000" />
    </UnitTest>
    <UnitTest name="FormatToStringTest1000 (13855.30239352505,13855.30 zł)" storage="c:\projekty\mstestproject\bin\debug\netcoreapp3.1\mstestproject.dll" id="25fea035-18c4-48d6-b6ef-166536728110">
      <TestCategory>
        <TestCategoryItem TestCategory="Category1000" />
      </TestCategory>
      <Execution id="54dea5a9-d4a3-481a-a653-8929671a8e0b" />
      <TestMethod codeBase="C:\Projekty\MSTestProject\bin\Debug\netcoreapp3.1\MSTestProject.dll" adapterTypeName="executor://mstestadapter/v2" className="TwojeWesele.Services.Helpers.Tests.CurrencyHelperTests" name="FormatToStringTest1000" />
    </UnitTest>
    <UnitTest name="FormatToStringTest1000 (643.3550376181281,643.36 zł)" storage="c:\projekty\mstestproject\bin\debug\netcoreapp3.1\mstestproject.dll" id="f1ac635b-ab77-454f-a3d6-c1ef0fc88924">
      <TestCategory>
        <TestCategoryItem TestCategory="Category1000" />
      </TestCategory>
      <Execution id="93659451-ac9f-4695-933c-6c35417643b0" />
      <TestMethod codeBase="C:\Projekty\MSTestProject\bin\Debug\netcoreapp3.1\MSTestProject.dll" adapterTypeName="executor://mstestadapter/v2" className="TwojeWesele.Services.Helpers.Tests.CurrencyHelperTests" name="FormatToStringTest1000" />
    </UnitTest>
    <UnitTest name="FormatToStringTest1000 (3303.1902076747224,3303.19 zł)" storage="c:\projekty\mstestproject\bin\debug\netcoreapp3.1\mstestproject.dll" id="55f3a8bd-8114-4ceb-a700-ddc76461d06b">
      <TestCategory>
        <TestCategoryItem TestCategory="Category1000" />
      </TestCategory>
      <Execution id="65581890-4786-456d-8be7-2af114b3541b" />
      <TestMethod codeBase="C:\Projekty\MSTestProject\bin\Debug\netcoreapp3.1\MSTestProject.dll" adapterTypeName="executor://mstestadapter/v2" className="TwojeWesele.Services.Helpers.Tests.CurrencyHelperTests" name="FormatToStringTest1000" />
    </UnitTest>
    <UnitTest name="FormatToStringTest1000 (2901.9683054191846,2901.97 zł)" storage="c:\projekty\mstestproject\bin\debug\netcoreapp3.1\mstestproject.dll" id="b634e23b-8a8a-4365-8544-1ac6333880ca">
      <TestCategory>
        <TestCategoryItem TestCategory="Category1000" />
      </TestCategory>
      <Execution id="e3320dfb-a262-40cf-928a-70c947abc2f0" />
      <TestMethod codeBase="C:\Projekty\MSTestProject\bin\Debug\netcoreapp3.1\MSTestProject.dll" adapterTypeName="executor://mstestadapter/v2" className="TwojeWesele.Services.Helpers.Tests.CurrencyHelperTests" name="FormatToStringTest1000" />
    </UnitTest>
    <UnitTest name="FormatToStringTest1000 (28068.20530246394,28068.21 zł)" storage="c:\projekty\mstestproject\bin\debug\netcoreapp3.1\mstestproject.dll" id="b418af1c-8c0b-402e-8c81-2f5e7160fac7">
      <TestCategory>
        <TestCategoryItem TestCategory="Category1000" />
      </TestCategory>
      <Execution id="4494c48b-0e12-486e-8bef-b16c71df5d95" />
      <TestMethod codeBase="C:\Projekty\MSTestProject\bin\Debug\netcoreapp3.1\MSTestProject.dll" adapterTypeName="executor://mstestadapter/v2" className="TwojeWesele.Services.Helpers.Tests.CurrencyHelperTests" name="FormatToStringTest1000" />
    </UnitTest>
    <UnitTest name="FormatToStringTest1000 (50991.22189691114,50991.22 zł)" storage="c:\projekty\mstestproject\bin\debug\netcoreapp3.1\mstestproject.dll" id="5e496900-c997-4521-8462-609fd5c170f3">
      <TestCategory>
        <TestCategoryItem TestCategory="Category1000" />
      </TestCategory>
      <Execution id="3e72f5b2-95fd-43f5-9934-84d0aecc002a" />
      <TestMethod codeBase="C:\Projekty\MSTestProject\bin\Debug\netcoreapp3.1\MSTestProject.dll" adapterTypeName="executor://mstestadapter/v2" className="TwojeWesele.Services.Helpers.Tests.CurrencyHelperTests" name="FormatToStringTest1000" />
    </UnitTest>
    <UnitTest name="FormatToStringTest1000 (4919.073526169674,4919.07 zł)" storage="c:\projekty\mstestproject\bin\debug\netcoreapp3.1\mstestproject.dll" id="e20cdd5c-a85b-4b12-aaa8-ef4fb3714119">
      <TestCategory>
        <TestCategoryItem TestCategory="Category1000" />
      </TestCategory>
      <Execution id="08001ac5-c822-44d6-9db6-7511dee8e908" />
      <TestMethod codeBase="C:\Projekty\MSTestProject\bin\Debug\netcoreapp3.1\MSTestProject.dll" adapterTypeName="executor://mstestadapter/v2" className="TwojeWesele.Services.Helpers.Tests.CurrencyHelperTests" name="FormatToStringTest1000" />
    </UnitTest>
    <UnitTest name="FormatToStringTest1000 (19363.881840787773,19363.88 zł)" storage="c:\projekty\mstestproject\bin\debug\netcoreapp3.1\mstestproject.dll" id="6721118e-e829-495d-aa97-dc7e1ec8b77d">
      <TestCategory>
        <TestCategoryItem TestCategory="Category1000" />
      </TestCategory>
      <Execution id="229adaea-7fa2-494a-aea0-524a198647cc" />
      <TestMethod codeBase="C:\Projekty\MSTestProject\bin\Debug\netcoreapp3.1\MSTestProject.dll" adapterTypeName="executor://mstestadapter/v2" className="TwojeWesele.Services.Helpers.Tests.CurrencyHelperTests" name="FormatToStringTest1000" />
    </UnitTest>
    <UnitTest name="FormatToStringTest1000 (19462.729986486367,19462.73 zł)" storage="c:\projekty\mstestproject\bin\debug\netcoreapp3.1\mstestproject.dll" id="11bf2dc7-cb2c-4d1c-85a4-3dcbd547cb60">
      <TestCategory>
        <TestCategoryItem TestCategory="Category1000" />
      </TestCategory>
      <Execution id="27c1cc26-8b69-400f-b325-5c2dfffb4b9f" />
      <TestMethod codeBase="C:\Projekty\MSTestProject\bin\Debug\netcoreapp3.1\MSTestProject.dll" adapterTypeName="executor://mstestadapter/v2" className="TwojeWesele.Services.Helpers.Tests.CurrencyHelperTests" name="FormatToStringTest1000" />
    </UnitTest>
    <UnitTest name="FormatToStringTest1000 (10994.251866986162,10994.25 zł)" storage="c:\projekty\mstestproject\bin\debug\netcoreapp3.1\mstestproject.dll" id="4778772c-edea-4da7-8556-a561a42606d7">
      <TestCategory>
        <TestCategoryItem TestCategory="Category1000" />
      </TestCategory>
      <Execution id="4cf95e95-f3dc-44bc-8811-4f7bea9d3a43" />
      <TestMethod codeBase="C:\Projekty\MSTestProject\bin\Debug\netcoreapp3.1\MSTestProject.dll" adapterTypeName="executor://mstestadapter/v2" className="TwojeWesele.Services.Helpers.Tests.CurrencyHelperTests" name="FormatToStringTest1000" />
    </UnitTest>
    <UnitTest name="FormatToStringTest1000 (68770.73008707525,68770.73 zł)" storage="c:\projekty\mstestproject\bin\debug\netcoreapp3.1\mstestproject.dll" id="32a5b40b-a1c6-454b-9e2b-78d9dd046a04">
      <TestCategory>
        <TestCategoryItem TestCategory="Category1000" />
      </TestCategory>
      <Execution id="f664a5bd-cf80-4230-8086-af7113f29215" />
      <TestMethod codeBase="C:\Projekty\MSTestProject\bin\Debug\netcoreapp3.1\MSTestProject.dll" adapterTypeName="executor://mstestadapter/v2" className="TwojeWesele.Services.Helpers.Tests.CurrencyHelperTests" name="FormatToStringTest1000" />
    </UnitTest>
    <UnitTest name="FormatToStringTest1000 (46166.38051381259,46166.38 zł)" storage="c:\projekty\mstestproject\bin\debug\netcoreapp3.1\mstestproject.dll" id="2b9ae4ea-3cbf-4156-9a42-30d1750a26c4">
      <TestCategory>
        <TestCategoryItem TestCategory="Category1000" />
      </TestCategory>
      <Execution id="eec4382a-1349-4e45-9f69-3e428af11359" />
      <TestMethod codeBase="C:\Projekty\MSTestProject\bin\Debug\netcoreapp3.1\MSTestProject.dll" adapterTypeName="executor://mstestadapter/v2" className="TwojeWesele.Services.Helpers.Tests.CurrencyHelperTests" name="FormatToStringTest1000" />
    </UnitTest>
    <UnitTest name="FormatToStringTest1000 (17455.15807988595,17455.16 zł)" storage="c:\projekty\mstestproject\bin\debug\netcoreapp3.1\mstestproject.dll" id="377e06b5-fff2-4325-b6c7-b07aac296328">
      <TestCategory>
        <TestCategoryItem TestCategory="Category1000" />
      </TestCategory>
      <Execution id="643786d5-02c1-4ac4-93f7-c7e3152ed213" />
      <TestMethod codeBase="C:\Projekty\MSTestProject\bin\Debug\netcoreapp3.1\MSTestProject.dll" adapterTypeName="executor://mstestadapter/v2" className="TwojeWesele.Services.Helpers.Tests.CurrencyHelperTests" name="FormatToStringTest1000" />
    </UnitTest>
    <UnitTest name="FormatToStringTest1000 (31290.71396233687,31290.71 zł)" storage="c:\projekty\mstestproject\bin\debug\netcoreapp3.1\mstestproject.dll" id="d914e550-b1a9-4db3-a5d6-dadf9bb59f2e">
      <TestCategory>
        <TestCategoryItem TestCategory="Category1000" />
      </TestCategory>
      <Execution id="609b118c-4f46-403c-96d2-7f204be1b6f1" />
      <TestMethod codeBase="C:\Projekty\MSTestProject\bin\Debug\netcoreapp3.1\MSTestProject.dll" adapterTypeName="executor://mstestadapter/v2" className="TwojeWesele.Services.Helpers.Tests.CurrencyHelperTests" name="FormatToStringTest1000" />
    </UnitTest>
    <UnitTest name="FormatToStringTest1000 (39641.61351217451,39641.61 zł)" storage="c:\projekty\mstestproject\bin\debug\netcoreapp3.1\mstestproject.dll" id="ac38fd51-2e6f-4973-9989-b0862a31e4ef">
      <TestCategory>
        <TestCategoryItem TestCategory="Category1000" />
      </TestCategory>
      <Execution id="821328a8-e223-4f2d-be11-1399107a595b" />
      <TestMethod codeBase="C:\Projekty\MSTestProject\bin\Debug\netcoreapp3.1\MSTestProject.dll" adapterTypeName="executor://mstestadapter/v2" className="TwojeWesele.Services.Helpers.Tests.CurrencyHelperTests" name="FormatToStringTest1000" />
    </UnitTest>
    <UnitTest name="FormatToStringTest1000 (17835.54606576988,17835.55 zł)" storage="c:\projekty\mstestproject\bin\debug\netcoreapp3.1\mstestproject.dll" id="a9cb230d-03cf-410e-98ab-62ef444f9bcf">
      <TestCategory>
        <TestCategoryItem TestCategory="Category1000" />
      </TestCategory>
      <Execution id="33c2a11e-2dbe-426a-ae5e-a9a4f1b5a402" />
      <TestMethod codeBase="C:\Projekty\MSTestProject\bin\Debug\netcoreapp3.1\MSTestProject.dll" adapterTypeName="executor://mstestadapter/v2" className="TwojeWesele.Services.Helpers.Tests.CurrencyHelperTests" name="FormatToStringTest1000" />
    </UnitTest>
    <UnitTest name="FormatToStringTest1000 (12370.243090209198,12370.24 zł)" storage="c:\projekty\mstestproject\bin\debug\netcoreapp3.1\mstestproject.dll" id="9590389e-5013-44d8-b56f-270c13232924">
      <TestCategory>
        <TestCategoryItem TestCategory="Category1000" />
      </TestCategory>
      <Execution id="686b3c0f-88b0-410f-9a2c-86af8afffcd2" />
      <TestMethod codeBase="C:\Projekty\MSTestProject\bin\Debug\netcoreapp3.1\MSTestProject.dll" adapterTypeName="executor://mstestadapter/v2" className="TwojeWesele.Services.Helpers.Tests.CurrencyHelperTests" name="FormatToStringTest1000" />
    </UnitTest>
    <UnitTest name="FormatToStringTest1000 (16957.4523676757,16957.45 zł)" storage="c:\projekty\mstestproject\bin\debug\netcoreapp3.1\mstestproject.dll" id="4fdfcdec-434e-49f9-b436-5ead8ff2414f">
      <TestCategory>
        <TestCategoryItem TestCategory="Category1000" />
      </TestCategory>
      <Execution id="e5201dfe-ca7d-4872-bf8c-385ac8b64493" />
      <TestMethod codeBase="C:\Projekty\MSTestProject\bin\Debug\netcoreapp3.1\MSTestProject.dll" adapterTypeName="executor://mstestadapter/v2" className="TwojeWesele.Services.Helpers.Tests.CurrencyHelperTests" name="FormatToStringTest1000" />
    </UnitTest>
    <UnitTest name="FormatToStringTest1000 (16511.26921423537,16511.27 zł)" storage="c:\projekty\mstestproject\bin\debug\netcoreapp3.1\mstestproject.dll" id="437c714a-8083-4a4f-9326-c1b30c9a7680">
      <TestCategory>
        <TestCategoryItem TestCategory="Category1000" />
      </TestCategory>
      <Execution id="afd6bb0f-a1a7-499d-9253-901349a1826b" />
      <TestMethod codeBase="C:\Projekty\MSTestProject\bin\Debug\netcoreapp3.1\MSTestProject.dll" adapterTypeName="executor://mstestadapter/v2" className="TwojeWesele.Services.Helpers.Tests.CurrencyHelperTests" name="FormatToStringTest1000" />
    </UnitTest>
    <UnitTest name="FormatToStringTest1000 (31799.68317462815,31799.68 zł)" storage="c:\projekty\mstestproject\bin\debug\netcoreapp3.1\mstestproject.dll" id="5815cede-0a52-4bc0-889e-49a780fab309">
      <TestCategory>
        <TestCategoryItem TestCategory="Category1000" />
      </TestCategory>
      <Execution id="05b24250-aa74-4982-ab06-07aa11541f73" />
      <TestMethod codeBase="C:\Projekty\MSTestProject\bin\Debug\netcoreapp3.1\MSTestProject.dll" adapterTypeName="executor://mstestadapter/v2" className="TwojeWesele.Services.Helpers.Tests.CurrencyHelperTests" name="FormatToStringTest1000" />
    </UnitTest>
    <UnitTest name="FormatToStringTest1000 (32051.900532446758,32051.90 zł)" storage="c:\projekty\mstestproject\bin\debug\netcoreapp3.1\mstestproject.dll" id="aa52107a-ad06-44a2-a46d-915e8b5e655b">
      <TestCategory>
        <TestCategoryItem TestCategory="Category1000" />
      </TestCategory>
      <Execution id="8c66ac77-1f56-45c0-84dd-74b987ad3e38" />
      <TestMethod codeBase="C:\Projekty\MSTestProject\bin\Debug\netcoreapp3.1\MSTestProject.dll" adapterTypeName="executor://mstestadapter/v2" className="TwojeWesele.Services.Helpers.Tests.CurrencyHelperTests" name="FormatToStringTest1000" />
    </UnitTest>
    <UnitTest name="FormatToStringTest1000 (468.83385119346616,468.83 zł)" storage="c:\projekty\mstestproject\bin\debug\netcoreapp3.1\mstestproject.dll" id="ec121817-0972-4d79-8656-274237df01ca">
      <TestCategory>
        <TestCategoryItem TestCategory="Category1000" />
      </TestCategory>
      <Execution id="4a39bda5-cac9-4bb5-b381-71a2530bf792" />
      <TestMethod codeBase="C:\Projekty\MSTestProject\bin\Debug\netcoreapp3.1\MSTestProject.dll" adapterTypeName="executor://mstestadapter/v2" className="TwojeWesele.Services.Helpers.Tests.CurrencyHelperTests" name="FormatToStringTest1000" />
    </UnitTest>
    <UnitTest name="FormatToStringTest1000 (30071.004434484523,30071.00 zł)" storage="c:\projekty\mstestproject\bin\debug\netcoreapp3.1\mstestproject.dll" id="2105213e-7909-46ee-bd74-c6b5de42bd37">
      <TestCategory>
        <TestCategoryItem TestCategory="Category1000" />
      </TestCategory>
      <Execution id="851f3536-04fe-424f-8607-bc05f3f4e11f" />
      <TestMethod codeBase="C:\Projekty\MSTestProject\bin\Debug\netcoreapp3.1\MSTestProject.dll" adapterTypeName="executor://mstestadapter/v2" className="TwojeWesele.Services.Helpers.Tests.CurrencyHelperTests" name="FormatToStringTest1000" />
    </UnitTest>
    <UnitTest name="FormatToStringTest1000 (5876.112133716285,5876.11 zł)" storage="c:\projekty\mstestproject\bin\debug\netcoreapp3.1\mstestproject.dll" id="c4465c09-7530-4468-97b6-92c09d599cb9">
      <TestCategory>
        <TestCategoryItem TestCategory="Category1000" />
      </TestCategory>
      <Execution id="02c46193-8d39-48f9-8699-ea50252a5a36" />
      <TestMethod codeBase="C:\Projekty\MSTestProject\bin\Debug\netcoreapp3.1\MSTestProject.dll" adapterTypeName="executor://mstestadapter/v2" className="TwojeWesele.Services.Helpers.Tests.CurrencyHelperTests" name="FormatToStringTest1000" />
    </UnitTest>
    <UnitTest name="FormatToStringTest1000 (75350.77330865282,75350.77 zł)" storage="c:\projekty\mstestproject\bin\debug\netcoreapp3.1\mstestproject.dll" id="69140f5d-50ea-44b1-b112-73e2e1af25d7">
      <TestCategory>
        <TestCategoryItem TestCategory="Category1000" />
      </TestCategory>
      <Execution id="9299f88f-02fe-4e9d-abe7-ae6cd639e590" />
      <TestMethod codeBase="C:\Projekty\MSTestProject\bin\Debug\netcoreapp3.1\MSTestProject.dll" adapterTypeName="executor://mstestadapter/v2" className="TwojeWesele.Services.Helpers.Tests.CurrencyHelperTests" name="FormatToStringTest1000" />
    </UnitTest>
    <UnitTest name="FormatToStringTest1000 (97129.75160633575,97129.75 zł)" storage="c:\projekty\mstestproject\bin\debug\netcoreapp3.1\mstestproject.dll" id="df11cddb-3686-4ff7-abbc-430e3ceb2984">
      <TestCategory>
        <TestCategoryItem TestCategory="Category1000" />
      </TestCategory>
      <Execution id="326a5041-abd0-40ac-91d4-2a71f4fcd9cc" />
      <TestMethod codeBase="C:\Projekty\MSTestProject\bin\Debug\netcoreapp3.1\MSTestProject.dll" adapterTypeName="executor://mstestadapter/v2" className="TwojeWesele.Services.Helpers.Tests.CurrencyHelperTests" name="FormatToStringTest1000" />
    </UnitTest>
    <UnitTest name="FormatToStringTest1000 (59919.71489415491,59919.71 zł)" storage="c:\projekty\mstestproject\bin\debug\netcoreapp3.1\mstestproject.dll" id="8e0ae594-f321-4a23-ab1c-d72122d7d6a2">
      <TestCategory>
        <TestCategoryItem TestCategory="Category1000" />
      </TestCategory>
      <Execution id="44a2ff0d-1312-45cf-969d-55739a03a296" />
      <TestMethod codeBase="C:\Projekty\MSTestProject\bin\Debug\netcoreapp3.1\MSTestProject.dll" adapterTypeName="executor://mstestadapter/v2" className="TwojeWesele.Services.Helpers.Tests.CurrencyHelperTests" name="FormatToStringTest1000" />
    </UnitTest>
    <UnitTest name="FormatToStringTest1000 (22604.838218828587,22604.84 zł)" storage="c:\projekty\mstestproject\bin\debug\netcoreapp3.1\mstestproject.dll" id="235b7b3d-6a26-42ed-9b58-d3fde632aed1">
      <TestCategory>
        <TestCategoryItem TestCategory="Category1000" />
      </TestCategory>
      <Execution id="b626edf2-ee96-4e24-aa81-1ff7ae9fd149" />
      <TestMethod codeBase="C:\Projekty\MSTestProject\bin\Debug\netcoreapp3.1\MSTestProject.dll" adapterTypeName="executor://mstestadapter/v2" className="TwojeWesele.Services.Helpers.Tests.CurrencyHelperTests" name="FormatToStringTest1000" />
    </UnitTest>
    <UnitTest name="FormatToStringTest1000 (7348.947429818543,7348.95 zł)" storage="c:\projekty\mstestproject\bin\debug\netcoreapp3.1\mstestproject.dll" id="be53edf0-a3a0-47f5-903f-b861cfe75fd4">
      <TestCategory>
        <TestCategoryItem TestCategory="Category1000" />
      </TestCategory>
      <Execution id="a81a8e7a-6dca-42d1-8ab3-59645d721a21" />
      <TestMethod codeBase="C:\Projekty\MSTestProject\bin\Debug\netcoreapp3.1\MSTestProject.dll" adapterTypeName="executor://mstestadapter/v2" className="TwojeWesele.Services.Helpers.Tests.CurrencyHelperTests" name="FormatToStringTest1000" />
    </UnitTest>
    <UnitTest name="FormatToStringTest1000 (2718.1767171650085,2718.18 zł)" storage="c:\projekty\mstestproject\bin\debug\netcoreapp3.1\mstestproject.dll" id="21a0c6a2-ea1b-4447-89f9-1f0feb2d5504">
      <TestCategory>
        <TestCategoryItem TestCategory="Category1000" />
      </TestCategory>
      <Execution id="e68bae95-ea54-4b9a-bd58-7e1401b4bda4" />
      <TestMethod codeBase="C:\Projekty\MSTestProject\bin\Debug\netcoreapp3.1\MSTestProject.dll" adapterTypeName="executor://mstestadapter/v2" className="TwojeWesele.Services.Helpers.Tests.CurrencyHelperTests" name="FormatToStringTest1000" />
    </UnitTest>
    <UnitTest name="FormatToStringTest1000 (6864.093052674129,6864.09 zł)" storage="c:\projekty\mstestproject\bin\debug\netcoreapp3.1\mstestproject.dll" id="d5344cb2-8a45-4cc6-8a59-34a64eb78e6a">
      <TestCategory>
        <TestCategoryItem TestCategory="Category1000" />
      </TestCategory>
      <Execution id="bd946208-9c20-4113-9c21-cfc060db2b10" />
      <TestMethod codeBase="C:\Projekty\MSTestProject\bin\Debug\netcoreapp3.1\MSTestProject.dll" adapterTypeName="executor://mstestadapter/v2" className="TwojeWesele.Services.Helpers.Tests.CurrencyHelperTests" name="FormatToStringTest1000" />
    </UnitTest>
    <UnitTest name="FormatToStringTest1000 (20978.860218282258,20978.86 zł)" storage="c:\projekty\mstestproject\bin\debug\netcoreapp3.1\mstestproject.dll" id="8d16041b-48f7-41aa-81ec-5c2c6d8a83c5">
      <TestCategory>
        <TestCategoryItem TestCategory="Category1000" />
      </TestCategory>
      <Execution id="51cd14bb-ab91-4c48-9761-3b444258e88a" />
      <TestMethod codeBase="C:\Projekty\MSTestProject\bin\Debug\netcoreapp3.1\MSTestProject.dll" adapterTypeName="executor://mstestadapter/v2" className="TwojeWesele.Services.Helpers.Tests.CurrencyHelperTests" name="FormatToStringTest1000" />
    </UnitTest>
    <UnitTest name="FormatToStringTest1000 (9079.930405251649,9079.93 zł)" storage="c:\projekty\mstestproject\bin\debug\netcoreapp3.1\mstestproject.dll" id="72978b7c-c2e9-4581-81ae-7de50e34352f">
      <TestCategory>
        <TestCategoryItem TestCategory="Category1000" />
      </TestCategory>
      <Execution id="733f3cc5-d6ba-4146-9472-320a51e948d2" />
      <TestMethod codeBase="C:\Projekty\MSTestProject\bin\Debug\netcoreapp3.1\MSTestProject.dll" adapterTypeName="executor://mstestadapter/v2" className="TwojeWesele.Services.Helpers.Tests.CurrencyHelperTests" name="FormatToStringTest1000" />
    </UnitTest>
    <UnitTest name="FormatToStringTest1000 (15411.371650797022,15411.37 zł)" storage="c:\projekty\mstestproject\bin\debug\netcoreapp3.1\mstestproject.dll" id="3066d8ae-1117-4c95-aca2-c30c19b91759">
      <TestCategory>
        <TestCategoryItem TestCategory="Category1000" />
      </TestCategory>
      <Execution id="a27f0607-04ce-4807-ba2c-faf3a93cc215" />
      <TestMethod codeBase="C:\Projekty\MSTestProject\bin\Debug\netcoreapp3.1\MSTestProject.dll" adapterTypeName="executor://mstestadapter/v2" className="TwojeWesele.Services.Helpers.Tests.CurrencyHelperTests" name="FormatToStringTest1000" />
    </UnitTest>
    <UnitTest name="FormatToStringTest1000 (38076.55319665165,38076.55 zł)" storage="c:\projekty\mstestproject\bin\debug\netcoreapp3.1\mstestproject.dll" id="55ac45ff-2785-4948-9dc2-8485128ed55d">
      <TestCategory>
        <TestCategoryItem TestCategory="Category1000" />
      </TestCategory>
      <Execution id="f228510a-6060-4233-8240-befc1d30eaca" />
      <TestMethod codeBase="C:\Projekty\MSTestProject\bin\Debug\netcoreapp3.1\MSTestProject.dll" adapterTypeName="executor://mstestadapter/v2" className="TwojeWesele.Services.Helpers.Tests.CurrencyHelperTests" name="FormatToStringTest1000" />
    </UnitTest>
    <UnitTest name="FormatToStringTest1000 (2937.138486199611,2937.14 zł)" storage="c:\projekty\mstestproject\bin\debug\netcoreapp3.1\mstestproject.dll" id="0c7edbed-4334-4ae1-82eb-0a55a6b14262">
      <TestCategory>
        <TestCategoryItem TestCategory="Category1000" />
      </TestCategory>
      <Execution id="24735284-3e09-4d3b-9b1b-2fbd26877962" />
      <TestMethod codeBase="C:\Projekty\MSTestProject\bin\Debug\netcoreapp3.1\MSTestProject.dll" adapterTypeName="executor://mstestadapter/v2" className="TwojeWesele.Services.Helpers.Tests.CurrencyHelperTests" name="FormatToStringTest1000" />
    </UnitTest>
    <UnitTest name="FormatToStringTest1000 (4612.32080757633,4612.32 zł)" storage="c:\projekty\mstestproject\bin\debug\netcoreapp3.1\mstestproject.dll" id="46fe384e-b82f-49af-aab2-6d0ad0fcf5e6">
      <TestCategory>
        <TestCategoryItem TestCategory="Category1000" />
      </TestCategory>
      <Execution id="32a75169-14d8-4edd-be82-131e56975267" />
      <TestMethod codeBase="C:\Projekty\MSTestProject\bin\Debug\netcoreapp3.1\MSTestProject.dll" adapterTypeName="executor://mstestadapter/v2" className="TwojeWesele.Services.Helpers.Tests.CurrencyHelperTests" name="FormatToStringTest1000" />
    </UnitTest>
    <UnitTest name="FormatToStringTest1000 (3270.286035661719,3270.29 zł)" storage="c:\projekty\mstestproject\bin\debug\netcoreapp3.1\mstestproject.dll" id="9cdcd0db-dc1b-434e-9ab1-baf1a1101441">
      <TestCategory>
        <TestCategoryItem TestCategory="Category1000" />
      </TestCategory>
      <Execution id="19f9dbd4-639b-4957-af09-a831b847411d" />
      <TestMethod codeBase="C:\Projekty\MSTestProject\bin\Debug\netcoreapp3.1\MSTestProject.dll" adapterTypeName="executor://mstestadapter/v2" className="TwojeWesele.Services.Helpers.Tests.CurrencyHelperTests" name="FormatToStringTest1000" />
    </UnitTest>
    <UnitTest name="FormatToStringTest1000 (6173.0243155793405,6173.02 zł)" storage="c:\projekty\mstestproject\bin\debug\netcoreapp3.1\mstestproject.dll" id="ba29ca42-dab8-4b47-a5b4-4dd3e5033b0b">
      <TestCategory>
        <TestCategoryItem TestCategory="Category1000" />
      </TestCategory>
      <Execution id="8bc99c75-4695-4bd8-a7ca-3ed69b011b66" />
      <TestMethod codeBase="C:\Projekty\MSTestProject\bin\Debug\netcoreapp3.1\MSTestProject.dll" adapterTypeName="executor://mstestadapter/v2" className="TwojeWesele.Services.Helpers.Tests.CurrencyHelperTests" name="FormatToStringTest1000" />
    </UnitTest>
    <UnitTest name="FormatToStringTest1000 (5108.217389855635,5108.22 zł)" storage="c:\projekty\mstestproject\bin\debug\netcoreapp3.1\mstestproject.dll" id="ed5144b9-15c6-44f6-a7b5-43cf22e18420">
      <TestCategory>
        <TestCategoryItem TestCategory="Category1000" />
      </TestCategory>
      <Execution id="979bfbb8-93ad-4e23-86b0-5ef8a3021311" />
      <TestMethod codeBase="C:\Projekty\MSTestProject\bin\Debug\netcoreapp3.1\MSTestProject.dll" adapterTypeName="executor://mstestadapter/v2" className="TwojeWesele.Services.Helpers.Tests.CurrencyHelperTests" name="FormatToStringTest1000" />
    </UnitTest>
    <UnitTest name="FormatToStringTest1000 (41876.979471482795,41876.98 zł)" storage="c:\projekty\mstestproject\bin\debug\netcoreapp3.1\mstestproject.dll" id="1a517aba-b296-4b81-94b2-ec6a449b3dd2">
      <TestCategory>
        <TestCategoryItem TestCategory="Category1000" />
      </TestCategory>
      <Execution id="b59cb0ce-11dd-46c9-b5e0-667be8468447" />
      <TestMethod codeBase="C:\Projekty\MSTestProject\bin\Debug\netcoreapp3.1\MSTestProject.dll" adapterTypeName="executor://mstestadapter/v2" className="TwojeWesele.Services.Helpers.Tests.CurrencyHelperTests" name="FormatToStringTest1000" />
    </UnitTest>
    <UnitTest name="FormatToStringTest1000 (21573.45329517613,21573.45 zł)" storage="c:\projekty\mstestproject\bin\debug\netcoreapp3.1\mstestproject.dll" id="75dd9ff4-1514-4b96-9464-9ea2acf32cd1">
      <TestCategory>
        <TestCategoryItem TestCategory="Category1000" />
      </TestCategory>
      <Execution id="61fb72ef-949f-4b4a-b7e5-1ede0606bd06" />
      <TestMethod codeBase="C:\Projekty\MSTestProject\bin\Debug\netcoreapp3.1\MSTestProject.dll" adapterTypeName="executor://mstestadapter/v2" className="TwojeWesele.Services.Helpers.Tests.CurrencyHelperTests" name="FormatToStringTest1000" />
    </UnitTest>
    <UnitTest name="FormatToStringTest1000 (5611.05334835176,5611.05 zł)" storage="c:\projekty\mstestproject\bin\debug\netcoreapp3.1\mstestproject.dll" id="e93f834d-1d48-4a6d-a542-2f0987a4415b">
      <TestCategory>
        <TestCategoryItem TestCategory="Category1000" />
      </TestCategory>
      <Execution id="38511c3e-dbba-4ead-b6f7-5683bbab7766" />
      <TestMethod codeBase="C:\Projekty\MSTestProject\bin\Debug\netcoreapp3.1\MSTestProject.dll" adapterTypeName="executor://mstestadapter/v2" className="TwojeWesele.Services.Helpers.Tests.CurrencyHelperTests" name="FormatToStringTest1000" />
    </UnitTest>
    <UnitTest name="FormatToStringTest1000 (6890.028458985514,6890.03 zł)" storage="c:\projekty\mstestproject\bin\debug\netcoreapp3.1\mstestproject.dll" id="a73eb443-94d7-418d-9e86-bfc8555366e4">
      <TestCategory>
        <TestCategoryItem TestCategory="Category1000" />
      </TestCategory>
      <Execution id="b4a382f7-a8aa-43d0-a3a9-04f3e9542d0c" />
      <TestMethod codeBase="C:\Projekty\MSTestProject\bin\Debug\netcoreapp3.1\MSTestProject.dll" adapterTypeName="executor://mstestadapter/v2" className="TwojeWesele.Services.Helpers.Tests.CurrencyHelperTests" name="FormatToStringTest1000" />
    </UnitTest>
    <UnitTest name="FormatToStringTest1000 (39531.95190033268,39531.95 zł)" storage="c:\projekty\mstestproject\bin\debug\netcoreapp3.1\mstestproject.dll" id="ce51517a-4cb6-460d-942e-d739cc9066d6">
      <TestCategory>
        <TestCategoryItem TestCategory="Category1000" />
      </TestCategory>
      <Execution id="e40e0938-b95f-4cc3-bf1c-c6f00d3cdbeb" />
      <TestMethod codeBase="C:\Projekty\MSTestProject\bin\Debug\netcoreapp3.1\MSTestProject.dll" adapterTypeName="executor://mstestadapter/v2" className="TwojeWesele.Services.Helpers.Tests.CurrencyHelperTests" name="FormatToStringTest1000" />
    </UnitTest>
    <UnitTest name="FormatToStringTest1000 (5396.620088554277,5396.62 zł)" storage="c:\projekty\mstestproject\bin\debug\netcoreapp3.1\mstestproject.dll" id="4c567cbe-2a6d-4aaf-bdce-f53b072a5231">
      <TestCategory>
        <TestCategoryItem TestCategory="Category1000" />
      </TestCategory>
      <Execution id="e6495afd-8164-43df-8238-45b5642fbe01" />
      <TestMethod codeBase="C:\Projekty\MSTestProject\bin\Debug\netcoreapp3.1\MSTestProject.dll" adapterTypeName="executor://mstestadapter/v2" className="TwojeWesele.Services.Helpers.Tests.CurrencyHelperTests" name="FormatToStringTest1000" />
    </UnitTest>
    <UnitTest name="FormatToStringTest1000 (25882.451101077,25882.45 zł)" storage="c:\projekty\mstestproject\bin\debug\netcoreapp3.1\mstestproject.dll" id="e16ded87-6558-4d9c-957f-6e8f8a7bb152">
      <TestCategory>
        <TestCategoryItem TestCategory="Category1000" />
      </TestCategory>
      <Execution id="e7ce9cd6-8b20-4626-99a0-a0f887a5d2b4" />
      <TestMethod codeBase="C:\Projekty\MSTestProject\bin\Debug\netcoreapp3.1\MSTestProject.dll" adapterTypeName="executor://mstestadapter/v2" className="TwojeWesele.Services.Helpers.Tests.CurrencyHelperTests" name="FormatToStringTest1000" />
    </UnitTest>
    <UnitTest name="FormatToStringTest1000 (14218.204344010543,14218.20 zł)" storage="c:\projekty\mstestproject\bin\debug\netcoreapp3.1\mstestproject.dll" id="19c6562f-cfaf-4db4-9f5b-66637ccec3d6">
      <TestCategory>
        <TestCategoryItem TestCategory="Category1000" />
      </TestCategory>
      <Execution id="b753c03e-50db-4cd3-bcb4-0fc89465fb23" />
      <TestMethod codeBase="C:\Projekty\MSTestProject\bin\Debug\netcoreapp3.1\MSTestProject.dll" adapterTypeName="executor://mstestadapter/v2" className="TwojeWesele.Services.Helpers.Tests.CurrencyHelperTests" name="FormatToStringTest1000" />
    </UnitTest>
    <UnitTest name="FormatToStringTest1000 (5287.3103648714305,5287.31 zł)" storage="c:\projekty\mstestproject\bin\debug\netcoreapp3.1\mstestproject.dll" id="e1c2be2a-91d4-4f4a-a965-4c34b3aebde7">
      <TestCategory>
        <TestCategoryItem TestCategory="Category1000" />
      </TestCategory>
      <Execution id="79599191-5e14-434e-8f7a-16098a32b288" />
      <TestMethod codeBase="C:\Projekty\MSTestProject\bin\Debug\netcoreapp3.1\MSTestProject.dll" adapterTypeName="executor://mstestadapter/v2" className="TwojeWesele.Services.Helpers.Tests.CurrencyHelperTests" name="FormatToStringTest1000" />
    </UnitTest>
    <UnitTest name="FormatToStringTest1000 (36651.05802063414,36651.06 zł)" storage="c:\projekty\mstestproject\bin\debug\netcoreapp3.1\mstestproject.dll" id="3a8ba0ed-83cb-42d6-af9a-7e92d656d792">
      <TestCategory>
        <TestCategoryItem TestCategory="Category1000" />
      </TestCategory>
      <Execution id="05295a97-e6f6-4f81-a8c4-2e49af40aa97" />
      <TestMethod codeBase="C:\Projekty\MSTestProject\bin\Debug\netcoreapp3.1\MSTestProject.dll" adapterTypeName="executor://mstestadapter/v2" className="TwojeWesele.Services.Helpers.Tests.CurrencyHelperTests" name="FormatToStringTest1000" />
    </UnitTest>
    <UnitTest name="FormatToStringTest1000 (37.631227987646696,37.63 zł)" storage="c:\projekty\mstestproject\bin\debug\netcoreapp3.1\mstestproject.dll" id="7cce7b28-4e8c-43b2-a471-5b1c9063f122">
      <TestCategory>
        <TestCategoryItem TestCategory="Category1000" />
      </TestCategory>
      <Execution id="836a9ac4-0733-4d3d-8e16-cfa3ea1f1081" />
      <TestMethod codeBase="C:\Projekty\MSTestProject\bin\Debug\netcoreapp3.1\MSTestProject.dll" adapterTypeName="executor://mstestadapter/v2" className="TwojeWesele.Services.Helpers.Tests.CurrencyHelperTests" name="FormatToStringTest1000" />
    </UnitTest>
    <UnitTest name="FormatToStringTest1000 (42383.08993972982,42383.09 zł)" storage="c:\projekty\mstestproject\bin\debug\netcoreapp3.1\mstestproject.dll" id="b378b060-5ed6-4d51-b8b6-510ac6b436b6">
      <TestCategory>
        <TestCategoryItem TestCategory="Category1000" />
      </TestCategory>
      <Execution id="1849b5eb-18b3-4da2-8be6-a0261b545e36" />
      <TestMethod codeBase="C:\Projekty\MSTestProject\bin\Debug\netcoreapp3.1\MSTestProject.dll" adapterTypeName="executor://mstestadapter/v2" className="TwojeWesele.Services.Helpers.Tests.CurrencyHelperTests" name="FormatToStringTest1000" />
    </UnitTest>
    <UnitTest name="FormatToStringTest1000 (2929.267390865026,2929.27 zł)" storage="c:\projekty\mstestproject\bin\debug\netcoreapp3.1\mstestproject.dll" id="4d0eacd6-2c87-4b0d-85d9-05ea4a06da92">
      <TestCategory>
        <TestCategoryItem TestCategory="Category1000" />
      </TestCategory>
      <Execution id="5da04d48-c757-4dd2-bcec-c6dfef40aac2" />
      <TestMethod codeBase="C:\Projekty\MSTestProject\bin\Debug\netcoreapp3.1\MSTestProject.dll" adapterTypeName="executor://mstestadapter/v2" className="TwojeWesele.Services.Helpers.Tests.CurrencyHelperTests" name="FormatToStringTest1000" />
    </UnitTest>
    <UnitTest name="FormatToStringTest1000 (16161.963229990548,16161.96 zł)" storage="c:\projekty\mstestproject\bin\debug\netcoreapp3.1\mstestproject.dll" id="104fb627-dd9b-492b-b093-f7ae6a3c76c1">
      <TestCategory>
        <TestCategoryItem TestCategory="Category1000" />
      </TestCategory>
      <Execution id="fed9b20d-16f2-46ae-8afb-49054f6e9543" />
      <TestMethod codeBase="C:\Projekty\MSTestProject\bin\Debug\netcoreapp3.1\MSTestProject.dll" adapterTypeName="executor://mstestadapter/v2" className="TwojeWesele.Services.Helpers.Tests.CurrencyHelperTests" name="FormatToStringTest1000" />
    </UnitTest>
    <UnitTest name="FormatToStringTest1000 (17875.613377604455,17875.61 zł)" storage="c:\projekty\mstestproject\bin\debug\netcoreapp3.1\mstestproject.dll" id="f79162b0-9486-484c-beab-ed73ed6d04fc">
      <TestCategory>
        <TestCategoryItem TestCategory="Category1000" />
      </TestCategory>
      <Execution id="a299c3f4-5508-4867-a118-212e1170437e" />
      <TestMethod codeBase="C:\Projekty\MSTestProject\bin\Debug\netcoreapp3.1\MSTestProject.dll" adapterTypeName="executor://mstestadapter/v2" className="TwojeWesele.Services.Helpers.Tests.CurrencyHelperTests" name="FormatToStringTest1000" />
    </UnitTest>
    <UnitTest name="FormatToStringTest1000 (31622.81414407809,31622.81 zł)" storage="c:\projekty\mstestproject\bin\debug\netcoreapp3.1\mstestproject.dll" id="4d4c7bf2-165b-47b2-970e-118416dc4bab">
      <TestCategory>
        <TestCategoryItem TestCategory="Category1000" />
      </TestCategory>
      <Execution id="c77c0277-e52f-4614-a0b9-b5935a1b92b8" />
      <TestMethod codeBase="C:\Projekty\MSTestProject\bin\Debug\netcoreapp3.1\MSTestProject.dll" adapterTypeName="executor://mstestadapter/v2" className="TwojeWesele.Services.Helpers.Tests.CurrencyHelperTests" name="FormatToStringTest1000" />
    </UnitTest>
    <UnitTest name="FormatToStringTest1000 (16388.556189478633,16388.56 zł)" storage="c:\projekty\mstestproject\bin\debug\netcoreapp3.1\mstestproject.dll" id="b310d682-5d54-4c63-961b-2f1135a12b6d">
      <TestCategory>
        <TestCategoryItem TestCategory="Category1000" />
      </TestCategory>
      <Execution id="5a6e0098-3b22-4401-b4f5-e8c3cbd3b229" />
      <TestMethod codeBase="C:\Projekty\MSTestProject\bin\Debug\netcoreapp3.1\MSTestProject.dll" adapterTypeName="executor://mstestadapter/v2" className="TwojeWesele.Services.Helpers.Tests.CurrencyHelperTests" name="FormatToStringTest1000" />
    </UnitTest>
    <UnitTest name="FormatToStringTest1000 (11989.099505855282,11989.10 zł)" storage="c:\projekty\mstestproject\bin\debug\netcoreapp3.1\mstestproject.dll" id="0528e109-a891-4e70-b2c7-8238903bf741">
      <TestCategory>
        <TestCategoryItem TestCategory="Category1000" />
      </TestCategory>
      <Execution id="7f4abb22-2263-4769-a9c4-85fb5f1594fa" />
      <TestMethod codeBase="C:\Projekty\MSTestProject\bin\Debug\netcoreapp3.1\MSTestProject.dll" adapterTypeName="executor://mstestadapter/v2" className="TwojeWesele.Services.Helpers.Tests.CurrencyHelperTests" name="FormatToStringTest1000" />
    </UnitTest>
    <UnitTest name="FormatToStringTest1000 (1994.0983933439006,1994.10 zł)" storage="c:\projekty\mstestproject\bin\debug\netcoreapp3.1\mstestproject.dll" id="5f7255bb-7936-45ef-809f-b62ed88d6fdc">
      <TestCategory>
        <TestCategoryItem TestCategory="Category1000" />
      </TestCategory>
      <Execution id="52804167-b891-4edc-9c37-7efcdab7ae18" />
      <TestMethod codeBase="C:\Projekty\MSTestProject\bin\Debug\netcoreapp3.1\MSTestProject.dll" adapterTypeName="executor://mstestadapter/v2" className="TwojeWesele.Services.Helpers.Tests.CurrencyHelperTests" name="FormatToStringTest1000" />
    </UnitTest>
    <UnitTest name="FormatToStringTest1000 (29678.921519093645,29678.92 zł)" storage="c:\projekty\mstestproject\bin\debug\netcoreapp3.1\mstestproject.dll" id="17453e58-1df8-4f32-983f-f4adb3e86b93">
      <TestCategory>
        <TestCategoryItem TestCategory="Category1000" />
      </TestCategory>
      <Execution id="d8bd9977-a601-4006-84a0-7e80c5e53540" />
      <TestMethod codeBase="C:\Projekty\MSTestProject\bin\Debug\netcoreapp3.1\MSTestProject.dll" adapterTypeName="executor://mstestadapter/v2" className="TwojeWesele.Services.Helpers.Tests.CurrencyHelperTests" name="FormatToStringTest1000" />
    </UnitTest>
    <UnitTest name="FormatToStringTest1000 (2951.2722077329045,2951.27 zł)" storage="c:\projekty\mstestproject\bin\debug\netcoreapp3.1\mstestproject.dll" id="a6ecb290-d5a1-4271-aa92-dd5b0d8815e8">
      <TestCategory>
        <TestCategoryItem TestCategory="Category1000" />
      </TestCategory>
      <Execution id="f28fb189-b6d3-4710-b760-702c55f79eb8" />
      <TestMethod codeBase="C:\Projekty\MSTestProject\bin\Debug\netcoreapp3.1\MSTestProject.dll" adapterTypeName="executor://mstestadapter/v2" className="TwojeWesele.Services.Helpers.Tests.CurrencyHelperTests" name="FormatToStringTest1000" />
    </UnitTest>
    <UnitTest name="FormatToStringTest1000 (10784.438152511344,10784.44 zł)" storage="c:\projekty\mstestproject\bin\debug\netcoreapp3.1\mstestproject.dll" id="136276ba-52b5-4f48-bf20-33997b7ce710">
      <TestCategory>
        <TestCategoryItem TestCategory="Category1000" />
      </TestCategory>
      <Execution id="0ea0f2a1-6898-4314-ac2c-699254a21f5e" />
      <TestMethod codeBase="C:\Projekty\MSTestProject\bin\Debug\netcoreapp3.1\MSTestProject.dll" adapterTypeName="executor://mstestadapter/v2" className="TwojeWesele.Services.Helpers.Tests.CurrencyHelperTests" name="FormatToStringTest1000" />
    </UnitTest>
    <UnitTest name="FormatToStringTest1000 (40035.54711080787,40035.55 zł)" storage="c:\projekty\mstestproject\bin\debug\netcoreapp3.1\mstestproject.dll" id="af2dc977-1514-4e89-8374-7d8b86314f7a">
      <TestCategory>
        <TestCategoryItem TestCategory="Category1000" />
      </TestCategory>
      <Execution id="5f014d33-cd98-47a6-86b0-3b2a5e648c8b" />
      <TestMethod codeBase="C:\Projekty\MSTestProject\bin\Debug\netcoreapp3.1\MSTestProject.dll" adapterTypeName="executor://mstestadapter/v2" className="TwojeWesele.Services.Helpers.Tests.CurrencyHelperTests" name="FormatToStringTest1000" />
    </UnitTest>
    <UnitTest name="FormatToStringTest1000 (29917.15005391145,29917.15 zł)" storage="c:\projekty\mstestproject\bin\debug\netcoreapp3.1\mstestproject.dll" id="ea8a7e31-1443-400c-a03a-5f471334a929">
      <TestCategory>
        <TestCategoryItem TestCategory="Category1000" />
      </TestCategory>
      <Execution id="3764ddf4-a93d-443f-b677-436fcd7f8dc3" />
      <TestMethod codeBase="C:\Projekty\MSTestProject\bin\Debug\netcoreapp3.1\MSTestProject.dll" adapterTypeName="executor://mstestadapter/v2" className="TwojeWesele.Services.Helpers.Tests.CurrencyHelperTests" name="FormatToStringTest1000" />
    </UnitTest>
    <UnitTest name="FormatToStringTest1000 (5957.42161879941,5957.42 zł)" storage="c:\projekty\mstestproject\bin\debug\netcoreapp3.1\mstestproject.dll" id="9f087dea-1cc8-4a9a-8628-61b5c3f35809">
      <TestCategory>
        <TestCategoryItem TestCategory="Category1000" />
      </TestCategory>
      <Execution id="c8bf0135-5f26-46a0-b96b-f1773e6a4b3c" />
      <TestMethod codeBase="C:\Projekty\MSTestProject\bin\Debug\netcoreapp3.1\MSTestProject.dll" adapterTypeName="executor://mstestadapter/v2" className="TwojeWesele.Services.Helpers.Tests.CurrencyHelperTests" name="FormatToStringTest1000" />
    </UnitTest>
    <UnitTest name="FormatToStringTest1000 (44677.61946778074,44677.62 zł)" storage="c:\projekty\mstestproject\bin\debug\netcoreapp3.1\mstestproject.dll" id="38950564-7524-4b5f-9bd0-be45bbeab815">
      <TestCategory>
        <TestCategoryItem TestCategory="Category1000" />
      </TestCategory>
      <Execution id="c5260cae-7b9b-4e04-abeb-305131393f2c" />
      <TestMethod codeBase="C:\Projekty\MSTestProject\bin\Debug\netcoreapp3.1\MSTestProject.dll" adapterTypeName="executor://mstestadapter/v2" className="TwojeWesele.Services.Helpers.Tests.CurrencyHelperTests" name="FormatToStringTest1000" />
    </UnitTest>
    <UnitTest name="FormatToStringTest1000 (19882.647973500494,19882.65 zł)" storage="c:\projekty\mstestproject\bin\debug\netcoreapp3.1\mstestproject.dll" id="5ac8d50f-f8ea-4d9c-ace4-8b7a637c794c">
      <TestCategory>
        <TestCategoryItem TestCategory="Category1000" />
      </TestCategory>
      <Execution id="6e8b3c66-9f36-4641-95c4-ccd00f9aa735" />
      <TestMethod codeBase="C:\Projekty\MSTestProject\bin\Debug\netcoreapp3.1\MSTestProject.dll" adapterTypeName="executor://mstestadapter/v2" className="TwojeWesele.Services.Helpers.Tests.CurrencyHelperTests" name="FormatToStringTest1000" />
    </UnitTest>
    <UnitTest name="FormatToStringTest1000 (41368.29672956015,41368.30 zł)" storage="c:\projekty\mstestproject\bin\debug\netcoreapp3.1\mstestproject.dll" id="31cc8b98-ae8e-4661-aa4f-ff89654eb3c4">
      <TestCategory>
        <TestCategoryItem TestCategory="Category1000" />
      </TestCategory>
      <Execution id="42093d55-b077-456f-a959-6c2327d0dad1" />
      <TestMethod codeBase="C:\Projekty\MSTestProject\bin\Debug\netcoreapp3.1\MSTestProject.dll" adapterTypeName="executor://mstestadapter/v2" className="TwojeWesele.Services.Helpers.Tests.CurrencyHelperTests" name="FormatToStringTest1000" />
    </UnitTest>
    <UnitTest name="FormatToStringTest1000 (30533.30031120838,30533.30 zł)" storage="c:\projekty\mstestproject\bin\debug\netcoreapp3.1\mstestproject.dll" id="59c0d1ca-04ef-4575-963a-d2718e6d27fd">
      <TestCategory>
        <TestCategoryItem TestCategory="Category1000" />
      </TestCategory>
      <Execution id="a313cd9a-5cb8-48f4-8b96-8c86777698ef" />
      <TestMethod codeBase="C:\Projekty\MSTestProject\bin\Debug\netcoreapp3.1\MSTestProject.dll" adapterTypeName="executor://mstestadapter/v2" className="TwojeWesele.Services.Helpers.Tests.CurrencyHelperTests" name="FormatToStringTest1000" />
    </UnitTest>
    <UnitTest name="FormatToStringTest1000 (13337.80490493486,13337.80 zł)" storage="c:\projekty\mstestproject\bin\debug\netcoreapp3.1\mstestproject.dll" id="7faeb978-532b-4618-8941-afb961c43da8">
      <TestCategory>
        <TestCategoryItem TestCategory="Category1000" />
      </TestCategory>
      <Execution id="d661a928-6094-4c56-852b-40cad6205138" />
      <TestMethod codeBase="C:\Projekty\MSTestProject\bin\Debug\netcoreapp3.1\MSTestProject.dll" adapterTypeName="executor://mstestadapter/v2" className="TwojeWesele.Services.Helpers.Tests.CurrencyHelperTests" name="FormatToStringTest1000" />
    </UnitTest>
    <UnitTest name="FormatToStringTest1000 (4419.750844657306,4419.75 zł)" storage="c:\projekty\mstestproject\bin\debug\netcoreapp3.1\mstestproject.dll" id="26c5faff-5bdc-4398-a468-2bbbe11592c6">
      <TestCategory>
        <TestCategoryItem TestCategory="Category1000" />
      </TestCategory>
      <Execution id="c2c972e7-b93d-4fd0-a63a-731c329c07a5" />
      <TestMethod codeBase="C:\Projekty\MSTestProject\bin\Debug\netcoreapp3.1\MSTestProject.dll" adapterTypeName="executor://mstestadapter/v2" className="TwojeWesele.Services.Helpers.Tests.CurrencyHelperTests" name="FormatToStringTest1000" />
    </UnitTest>
    <UnitTest name="FormatToStringTest1000 (5855.75080885354,5855.75 zł)" storage="c:\projekty\mstestproject\bin\debug\netcoreapp3.1\mstestproject.dll" id="a106025b-a401-4484-8d3a-f9f8c673ccc9">
      <TestCategory>
        <TestCategoryItem TestCategory="Category1000" />
      </TestCategory>
      <Execution id="fa53797b-2bb2-40fc-bd69-6b36b9d6513c" />
      <TestMethod codeBase="C:\Projekty\MSTestProject\bin\Debug\netcoreapp3.1\MSTestProject.dll" adapterTypeName="executor://mstestadapter/v2" className="TwojeWesele.Services.Helpers.Tests.CurrencyHelperTests" name="FormatToStringTest1000" />
    </UnitTest>
    <UnitTest name="FormatToStringTest1000 (90187.4082624374,90187.41 zł)" storage="c:\projekty\mstestproject\bin\debug\netcoreapp3.1\mstestproject.dll" id="91e68fa5-6f26-4dd8-a431-f45ee48f331c">
      <TestCategory>
        <TestCategoryItem TestCategory="Category1000" />
      </TestCategory>
      <Execution id="697a6f23-47df-4bba-9c8c-0aca7670d3dc" />
      <TestMethod codeBase="C:\Projekty\MSTestProject\bin\Debug\netcoreapp3.1\MSTestProject.dll" adapterTypeName="executor://mstestadapter/v2" className="TwojeWesele.Services.Helpers.Tests.CurrencyHelperTests" name="FormatToStringTest1000" />
    </UnitTest>
    <UnitTest name="FormatToStringTest1000 (35905.47425787219,35905.47 zł)" storage="c:\projekty\mstestproject\bin\debug\netcoreapp3.1\mstestproject.dll" id="8a68b3f5-6e1c-4617-a56f-77aacb64f1fa">
      <TestCategory>
        <TestCategoryItem TestCategory="Category1000" />
      </TestCategory>
      <Execution id="bfd70a83-6bce-47a1-b295-8eac8da43a47" />
      <TestMethod codeBase="C:\Projekty\MSTestProject\bin\Debug\netcoreapp3.1\MSTestProject.dll" adapterTypeName="executor://mstestadapter/v2" className="TwojeWesele.Services.Helpers.Tests.CurrencyHelperTests" name="FormatToStringTest1000" />
    </UnitTest>
    <UnitTest name="FormatToStringTest1000 (20344.185360967265,20344.19 zł)" storage="c:\projekty\mstestproject\bin\debug\netcoreapp3.1\mstestproject.dll" id="b4709cb6-b16a-4367-832f-913dc9d8f873">
      <TestCategory>
        <TestCategoryItem TestCategory="Category1000" />
      </TestCategory>
      <Execution id="dad74150-9c44-40d1-aed9-cc43bf66570c" />
      <TestMethod codeBase="C:\Projekty\MSTestProject\bin\Debug\netcoreapp3.1\MSTestProject.dll" adapterTypeName="executor://mstestadapter/v2" className="TwojeWesele.Services.Helpers.Tests.CurrencyHelperTests" name="FormatToStringTest1000" />
    </UnitTest>
    <UnitTest name="FormatToStringTest1000 (14172.682747822573,14172.68 zł)" storage="c:\projekty\mstestproject\bin\debug\netcoreapp3.1\mstestproject.dll" id="aad7c4d0-2b28-440b-a3ff-6574b0423b83">
      <TestCategory>
        <TestCategoryItem TestCategory="Category1000" />
      </TestCategory>
      <Execution id="b6dc7b24-a436-4626-8d3c-03b5cab407d2" />
      <TestMethod codeBase="C:\Projekty\MSTestProject\bin\Debug\netcoreapp3.1\MSTestProject.dll" adapterTypeName="executor://mstestadapter/v2" className="TwojeWesele.Services.Helpers.Tests.CurrencyHelperTests" name="FormatToStringTest1000" />
    </UnitTest>
    <UnitTest name="FormatToStringTest1000 (26945.125386551546,26945.13 zł)" storage="c:\projekty\mstestproject\bin\debug\netcoreapp3.1\mstestproject.dll" id="ded9ade0-db24-45c7-b63b-caf94fc1dd39">
      <TestCategory>
        <TestCategoryItem TestCategory="Category1000" />
      </TestCategory>
      <Execution id="1908c016-b693-41b0-80d6-89c3c6b9c3eb" />
      <TestMethod codeBase="C:\Projekty\MSTestProject\bin\Debug\netcoreapp3.1\MSTestProject.dll" adapterTypeName="executor://mstestadapter/v2" className="TwojeWesele.Services.Helpers.Tests.CurrencyHelperTests" name="FormatToStringTest1000" />
    </UnitTest>
    <UnitTest name="FormatToStringTest1000 (41915.7945284563,41915.79 zł)" storage="c:\projekty\mstestproject\bin\debug\netcoreapp3.1\mstestproject.dll" id="2d2cba8f-c4c2-46f8-8cd0-8d8c0ec646e1">
      <TestCategory>
        <TestCategoryItem TestCategory="Category1000" />
      </TestCategory>
      <Execution id="d1f2ab82-c0fd-494c-acf7-b09588ab639d" />
      <TestMethod codeBase="C:\Projekty\MSTestProject\bin\Debug\netcoreapp3.1\MSTestProject.dll" adapterTypeName="executor://mstestadapter/v2" className="TwojeWesele.Services.Helpers.Tests.CurrencyHelperTests" name="FormatToStringTest1000" />
    </UnitTest>
    <UnitTest name="FormatToStringTest1000 (11796.576829059317,11796.58 zł)" storage="c:\projekty\mstestproject\bin\debug\netcoreapp3.1\mstestproject.dll" id="7aaccbb3-9acb-4243-bfcf-fda04b0e37ce">
      <TestCategory>
        <TestCategoryItem TestCategory="Category1000" />
      </TestCategory>
      <Execution id="b602ff4d-78ab-46c5-b9f9-a2d0798e8765" />
      <TestMethod codeBase="C:\Projekty\MSTestProject\bin\Debug\netcoreapp3.1\MSTestProject.dll" adapterTypeName="executor://mstestadapter/v2" className="TwojeWesele.Services.Helpers.Tests.CurrencyHelperTests" name="FormatToStringTest1000" />
    </UnitTest>
    <UnitTest name="FormatToStringTest1000 (26885.71162707904,26885.71 zł)" storage="c:\projekty\mstestproject\bin\debug\netcoreapp3.1\mstestproject.dll" id="75baeaad-c462-44d0-928c-4ec09a3eafbc">
      <TestCategory>
        <TestCategoryItem TestCategory="Category1000" />
      </TestCategory>
      <Execution id="63344e77-77fb-4499-8787-c4baf6b0687b" />
      <TestMethod codeBase="C:\Projekty\MSTestProject\bin\Debug\netcoreapp3.1\MSTestProject.dll" adapterTypeName="executor://mstestadapter/v2" className="TwojeWesele.Services.Helpers.Tests.CurrencyHelperTests" name="FormatToStringTest1000" />
    </UnitTest>
    <UnitTest name="FormatToStringTest1000 (80609.94377465078,80609.94 zł)" storage="c:\projekty\mstestproject\bin\debug\netcoreapp3.1\mstestproject.dll" id="d6c9c865-1e81-4f8a-9e0b-3934a0c6836c">
      <TestCategory>
        <TestCategoryItem TestCategory="Category1000" />
      </TestCategory>
      <Execution id="1c5b1a9a-049f-4d24-bc31-bf83ab2f9be4" />
      <TestMethod codeBase="C:\Projekty\MSTestProject\bin\Debug\netcoreapp3.1\MSTestProject.dll" adapterTypeName="executor://mstestadapter/v2" className="TwojeWesele.Services.Helpers.Tests.CurrencyHelperTests" name="FormatToStringTest1000" />
    </UnitTest>
    <UnitTest name="FormatToStringTest1000 (4030.673117592313,4030.67 zł)" storage="c:\projekty\mstestproject\bin\debug\netcoreapp3.1\mstestproject.dll" id="8cdf116e-d1ef-4c29-ae7c-25a9edd2b00c">
      <TestCategory>
        <TestCategoryItem TestCategory="Category1000" />
      </TestCategory>
      <Execution id="f4763424-10ae-43e1-98c8-7e73b44dba5d" />
      <TestMethod codeBase="C:\Projekty\MSTestProject\bin\Debug\netcoreapp3.1\MSTestProject.dll" adapterTypeName="executor://mstestadapter/v2" className="TwojeWesele.Services.Helpers.Tests.CurrencyHelperTests" name="FormatToStringTest1000" />
    </UnitTest>
    <UnitTest name="FormatToStringTest1000 (37387.37521261972,37387.38 zł)" storage="c:\projekty\mstestproject\bin\debug\netcoreapp3.1\mstestproject.dll" id="d2e14c91-3f32-4d2f-9923-544b20f71dcd">
      <TestCategory>
        <TestCategoryItem TestCategory="Category1000" />
      </TestCategory>
      <Execution id="e8c58c3c-79b7-494b-8f2d-c47b27aecf34" />
      <TestMethod codeBase="C:\Projekty\MSTestProject\bin\Debug\netcoreapp3.1\MSTestProject.dll" adapterTypeName="executor://mstestadapter/v2" className="TwojeWesele.Services.Helpers.Tests.CurrencyHelperTests" name="FormatToStringTest1000" />
    </UnitTest>
    <UnitTest name="FormatToStringTest1000 (1549.6599114973376,1549.66 zł)" storage="c:\projekty\mstestproject\bin\debug\netcoreapp3.1\mstestproject.dll" id="437ef2e9-dd27-4ce2-9241-4a284be4ad82">
      <TestCategory>
        <TestCategoryItem TestCategory="Category1000" />
      </TestCategory>
      <Execution id="14e438fe-56fe-4bc0-971a-b47d881db658" />
      <TestMethod codeBase="C:\Projekty\MSTestProject\bin\Debug\netcoreapp3.1\MSTestProject.dll" adapterTypeName="executor://mstestadapter/v2" className="TwojeWesele.Services.Helpers.Tests.CurrencyHelperTests" name="FormatToStringTest1000" />
    </UnitTest>
    <UnitTest name="FormatToStringTest1000 (14712.754747761765,14712.75 zł)" storage="c:\projekty\mstestproject\bin\debug\netcoreapp3.1\mstestproject.dll" id="36c7300b-2465-44f3-a733-4f058385a40d">
      <TestCategory>
        <TestCategoryItem TestCategory="Category1000" />
      </TestCategory>
      <Execution id="0d9d81db-5a9d-4bea-a63d-a5a7cea755a8" />
      <TestMethod codeBase="C:\Projekty\MSTestProject\bin\Debug\netcoreapp3.1\MSTestProject.dll" adapterTypeName="executor://mstestadapter/v2" className="TwojeWesele.Services.Helpers.Tests.CurrencyHelperTests" name="FormatToStringTest1000" />
    </UnitTest>
    <UnitTest name="FormatToStringTest1000 (49256.65708813195,49256.66 zł)" storage="c:\projekty\mstestproject\bin\debug\netcoreapp3.1\mstestproject.dll" id="96c5f7d3-a474-43c8-ac1a-84dae052dcca">
      <TestCategory>
        <TestCategoryItem TestCategory="Category1000" />
      </TestCategory>
      <Execution id="ffbc4c21-4b1e-4e9c-96f4-c03503a457f3" />
      <TestMethod codeBase="C:\Projekty\MSTestProject\bin\Debug\netcoreapp3.1\MSTestProject.dll" adapterTypeName="executor://mstestadapter/v2" className="TwojeWesele.Services.Helpers.Tests.CurrencyHelperTests" name="FormatToStringTest1000" />
    </UnitTest>
    <UnitTest name="FormatToStringTest1000 (82228.32322510486,82228.32 zł)" storage="c:\projekty\mstestproject\bin\debug\netcoreapp3.1\mstestproject.dll" id="0ff23244-e4ab-40ea-9fce-0a151f26e3ff">
      <TestCategory>
        <TestCategoryItem TestCategory="Category1000" />
      </TestCategory>
      <Execution id="170e794c-c7ed-49d3-bb7b-9bac575ed17c" />
      <TestMethod codeBase="C:\Projekty\MSTestProject\bin\Debug\netcoreapp3.1\MSTestProject.dll" adapterTypeName="executor://mstestadapter/v2" className="TwojeWesele.Services.Helpers.Tests.CurrencyHelperTests" name="FormatToStringTest1000" />
    </UnitTest>
    <UnitTest name="FormatToStringTest1000 (11829.625994884234,11829.63 zł)" storage="c:\projekty\mstestproject\bin\debug\netcoreapp3.1\mstestproject.dll" id="a2c8cb8c-780d-4ed1-bb47-bfa1c2efa43d">
      <TestCategory>
        <TestCategoryItem TestCategory="Category1000" />
      </TestCategory>
      <Execution id="fbc60511-cb38-4b29-ad00-be651504ad8a" />
      <TestMethod codeBase="C:\Projekty\MSTestProject\bin\Debug\netcoreapp3.1\MSTestProject.dll" adapterTypeName="executor://mstestadapter/v2" className="TwojeWesele.Services.Helpers.Tests.CurrencyHelperTests" name="FormatToStringTest1000" />
    </UnitTest>
    <UnitTest name="FormatToStringTest1000 (13582.47117894258,13582.47 zł)" storage="c:\projekty\mstestproject\bin\debug\netcoreapp3.1\mstestproject.dll" id="1bb4e6cf-d6ea-4072-8c5b-51a1068ae8b0">
      <TestCategory>
        <TestCategoryItem TestCategory="Category1000" />
      </TestCategory>
      <Execution id="0ea39bee-fb50-408a-bfbb-b0cdf7b9cba6" />
      <TestMethod codeBase="C:\Projekty\MSTestProject\bin\Debug\netcoreapp3.1\MSTestProject.dll" adapterTypeName="executor://mstestadapter/v2" className="TwojeWesele.Services.Helpers.Tests.CurrencyHelperTests" name="FormatToStringTest1000" />
    </UnitTest>
    <UnitTest name="FormatToStringTest1000 (23120.169499649743,23120.17 zł)" storage="c:\projekty\mstestproject\bin\debug\netcoreapp3.1\mstestproject.dll" id="4213614b-e5b4-4a9e-b3a8-577af0d76b5a">
      <TestCategory>
        <TestCategoryItem TestCategory="Category1000" />
      </TestCategory>
      <Execution id="e37ae61a-bfc1-4f9a-bc5a-b492a384dc31" />
      <TestMethod codeBase="C:\Projekty\MSTestProject\bin\Debug\netcoreapp3.1\MSTestProject.dll" adapterTypeName="executor://mstestadapter/v2" className="TwojeWesele.Services.Helpers.Tests.CurrencyHelperTests" name="FormatToStringTest1000" />
    </UnitTest>
    <UnitTest name="FormatToStringTest1000 (25116.590135570892,25116.59 zł)" storage="c:\projekty\mstestproject\bin\debug\netcoreapp3.1\mstestproject.dll" id="83978624-2ee7-4e8e-bff1-f2dc9ec57446">
      <TestCategory>
        <TestCategoryItem TestCategory="Category1000" />
      </TestCategory>
      <Execution id="24e2ba00-5e7c-4065-8a43-04e3a18a8c31" />
      <TestMethod codeBase="C:\Projekty\MSTestProject\bin\Debug\netcoreapp3.1\MSTestProject.dll" adapterTypeName="executor://mstestadapter/v2" className="TwojeWesele.Services.Helpers.Tests.CurrencyHelperTests" name="FormatToStringTest1000" />
    </UnitTest>
    <UnitTest name="FormatToStringTest1000 (30385.72086375613,30385.72 zł)" storage="c:\projekty\mstestproject\bin\debug\netcoreapp3.1\mstestproject.dll" id="73251a0c-38a3-49cb-8f78-92298d9ad89b">
      <TestCategory>
        <TestCategoryItem TestCategory="Category1000" />
      </TestCategory>
      <Execution id="1a501828-f6c8-4b3d-9438-39f8afde2967" />
      <TestMethod codeBase="C:\Projekty\MSTestProject\bin\Debug\netcoreapp3.1\MSTestProject.dll" adapterTypeName="executor://mstestadapter/v2" className="TwojeWesele.Services.Helpers.Tests.CurrencyHelperTests" name="FormatToStringTest1000" />
    </UnitTest>
    <UnitTest name="FormatToStringTest1000 (12577.642620996872,12577.64 zł)" storage="c:\projekty\mstestproject\bin\debug\netcoreapp3.1\mstestproject.dll" id="f690cb7b-6d22-4a33-9fd1-4150a1288a85">
      <TestCategory>
        <TestCategoryItem TestCategory="Category1000" />
      </TestCategory>
      <Execution id="8f3b6c49-c4bf-41a0-8806-5e4a1c7320a1" />
      <TestMethod codeBase="C:\Projekty\MSTestProject\bin\Debug\netcoreapp3.1\MSTestProject.dll" adapterTypeName="executor://mstestadapter/v2" className="TwojeWesele.Services.Helpers.Tests.CurrencyHelperTests" name="FormatToStringTest1000" />
    </UnitTest>
    <UnitTest name="FormatToStringTest1000 (25084.19182667238,25084.19 zł)" storage="c:\projekty\mstestproject\bin\debug\netcoreapp3.1\mstestproject.dll" id="d3b5dce6-2787-4a22-b682-c52968cea589">
      <TestCategory>
        <TestCategoryItem TestCategory="Category1000" />
      </TestCategory>
      <Execution id="97fe6c90-92ca-482c-b56d-92e4f9979973" />
      <TestMethod codeBase="C:\Projekty\MSTestProject\bin\Debug\netcoreapp3.1\MSTestProject.dll" adapterTypeName="executor://mstestadapter/v2" className="TwojeWesele.Services.Helpers.Tests.CurrencyHelperTests" name="FormatToStringTest1000" />
    </UnitTest>
    <UnitTest name="FormatToStringTest1000 (13478.157112043891,13478.16 zł)" storage="c:\projekty\mstestproject\bin\debug\netcoreapp3.1\mstestproject.dll" id="daf19c72-5a7a-4b2e-ae42-de68cc4affba">
      <TestCategory>
        <TestCategoryItem TestCategory="Category1000" />
      </TestCategory>
      <Execution id="606cec9a-5380-42db-923d-86f62d9c6002" />
      <TestMethod codeBase="C:\Projekty\MSTestProject\bin\Debug\netcoreapp3.1\MSTestProject.dll" adapterTypeName="executor://mstestadapter/v2" className="TwojeWesele.Services.Helpers.Tests.CurrencyHelperTests" name="FormatToStringTest1000" />
    </UnitTest>
    <UnitTest name="FormatToStringTest1000 (9603.199987620208,9603.20 zł)" storage="c:\projekty\mstestproject\bin\debug\netcoreapp3.1\mstestproject.dll" id="f07f18aa-ed53-4e4d-9813-f499ed0a3765">
      <TestCategory>
        <TestCategoryItem TestCategory="Category1000" />
      </TestCategory>
      <Execution id="5ad04832-7461-4849-9291-8f362688163c" />
      <TestMethod codeBase="C:\Projekty\MSTestProject\bin\Debug\netcoreapp3.1\MSTestProject.dll" adapterTypeName="executor://mstestadapter/v2" className="TwojeWesele.Services.Helpers.Tests.CurrencyHelperTests" name="FormatToStringTest1000" />
    </UnitTest>
    <UnitTest name="FormatToStringTest1000 (21281.64584727662,21281.65 zł)" storage="c:\projekty\mstestproject\bin\debug\netcoreapp3.1\mstestproject.dll" id="b3a0d5f9-5666-4532-9513-b5822d5934bb">
      <TestCategory>
        <TestCategoryItem TestCategory="Category1000" />
      </TestCategory>
      <Execution id="3675945c-39c0-4fce-b8c6-c0a4f78c3839" />
      <TestMethod codeBase="C:\Projekty\MSTestProject\bin\Debug\netcoreapp3.1\MSTestProject.dll" adapterTypeName="executor://mstestadapter/v2" className="TwojeWesele.Services.Helpers.Tests.CurrencyHelperTests" name="FormatToStringTest1000" />
    </UnitTest>
    <UnitTest name="FormatToStringTest1000 (5591.2222540617095,5591.22 zł)" storage="c:\projekty\mstestproject\bin\debug\netcoreapp3.1\mstestproject.dll" id="d2734c34-028f-4163-8071-eb1c4edccd1d">
      <TestCategory>
        <TestCategoryItem TestCategory="Category1000" />
      </TestCategory>
      <Execution id="0442f01e-2837-4feb-a745-6f5a44a0f14b" />
      <TestMethod codeBase="C:\Projekty\MSTestProject\bin\Debug\netcoreapp3.1\MSTestProject.dll" adapterTypeName="executor://mstestadapter/v2" className="TwojeWesele.Services.Helpers.Tests.CurrencyHelperTests" name="FormatToStringTest1000" />
    </UnitTest>
    <UnitTest name="FormatToStringTest1000 (18596.12661189033,18596.13 zł)" storage="c:\projekty\mstestproject\bin\debug\netcoreapp3.1\mstestproject.dll" id="7c619a72-2024-4f21-9780-0bcc4f29c54f">
      <TestCategory>
        <TestCategoryItem TestCategory="Category1000" />
      </TestCategory>
      <Execution id="82265a0f-de33-45f2-a7ae-9a35c98e8de2" />
      <TestMethod codeBase="C:\Projekty\MSTestProject\bin\Debug\netcoreapp3.1\MSTestProject.dll" adapterTypeName="executor://mstestadapter/v2" className="TwojeWesele.Services.Helpers.Tests.CurrencyHelperTests" name="FormatToStringTest1000" />
    </UnitTest>
    <UnitTest name="FormatToStringTest1000 (16902.50568789314,16902.51 zł)" storage="c:\projekty\mstestproject\bin\debug\netcoreapp3.1\mstestproject.dll" id="ea4bb609-e366-4ace-b3ac-1be4f5e53746">
      <TestCategory>
        <TestCategoryItem TestCategory="Category1000" />
      </TestCategory>
      <Execution id="37c3c96a-5719-446f-aed6-d07d302471c6" />
      <TestMethod codeBase="C:\Projekty\MSTestProject\bin\Debug\netcoreapp3.1\MSTestProject.dll" adapterTypeName="executor://mstestadapter/v2" className="TwojeWesele.Services.Helpers.Tests.CurrencyHelperTests" name="FormatToStringTest1000" />
    </UnitTest>
    <UnitTest name="FormatToStringTest1000 (15907.394871033446,15907.39 zł)" storage="c:\projekty\mstestproject\bin\debug\netcoreapp3.1\mstestproject.dll" id="695a70f0-d6e3-4f57-a4f6-1bc154b01c30">
      <TestCategory>
        <TestCategoryItem TestCategory="Category1000" />
      </TestCategory>
      <Execution id="9802ea32-3fe9-4125-b4c7-e9d874c5714b" />
      <TestMethod codeBase="C:\Projekty\MSTestProject\bin\Debug\netcoreapp3.1\MSTestProject.dll" adapterTypeName="executor://mstestadapter/v2" className="TwojeWesele.Services.Helpers.Tests.CurrencyHelperTests" name="FormatToStringTest1000" />
    </UnitTest>
    <UnitTest name="FormatToStringTest1000 (5140.16338917155,5140.16 zł)" storage="c:\projekty\mstestproject\bin\debug\netcoreapp3.1\mstestproject.dll" id="2a88a789-a01b-445d-be76-f0168ab95339">
      <TestCategory>
        <TestCategoryItem TestCategory="Category1000" />
      </TestCategory>
      <Execution id="46f887b2-71df-45ba-aefa-da46c4a82226" />
      <TestMethod codeBase="C:\Projekty\MSTestProject\bin\Debug\netcoreapp3.1\MSTestProject.dll" adapterTypeName="executor://mstestadapter/v2" className="TwojeWesele.Services.Helpers.Tests.CurrencyHelperTests" name="FormatToStringTest1000" />
    </UnitTest>
    <UnitTest name="FormatToStringTest1000 (8802.811382028653,8802.81 zł)" storage="c:\projekty\mstestproject\bin\debug\netcoreapp3.1\mstestproject.dll" id="3b448534-f228-479c-a2bc-6e3e6c3642e1">
      <TestCategory>
        <TestCategoryItem TestCategory="Category1000" />
      </TestCategory>
      <Execution id="b662ec75-64d9-4220-9bbc-14772290ba3a" />
      <TestMethod codeBase="C:\Projekty\MSTestProject\bin\Debug\netcoreapp3.1\MSTestProject.dll" adapterTypeName="executor://mstestadapter/v2" className="TwojeWesele.Services.Helpers.Tests.CurrencyHelperTests" name="FormatToStringTest1000" />
    </UnitTest>
    <UnitTest name="FormatToStringTest1000 (1130.8119115372242,1130.81 zł)" storage="c:\projekty\mstestproject\bin\debug\netcoreapp3.1\mstestproject.dll" id="b837b558-2ec7-49c5-bcdd-b264c8b781a2">
      <TestCategory>
        <TestCategoryItem TestCategory="Category1000" />
      </TestCategory>
      <Execution id="1e728167-2838-4c4f-a74a-1311c19367a1" />
      <TestMethod codeBase="C:\Projekty\MSTestProject\bin\Debug\netcoreapp3.1\MSTestProject.dll" adapterTypeName="executor://mstestadapter/v2" className="TwojeWesele.Services.Helpers.Tests.CurrencyHelperTests" name="FormatToStringTest1000" />
    </UnitTest>
    <UnitTest name="FormatToStringTest1000 (8885.065440211942,8885.07 zł)" storage="c:\projekty\mstestproject\bin\debug\netcoreapp3.1\mstestproject.dll" id="804805ce-0268-4746-9d57-b8e00dbb7864">
      <TestCategory>
        <TestCategoryItem TestCategory="Category1000" />
      </TestCategory>
      <Execution id="0bf29fe7-b9ca-48a7-aa10-758da703d008" />
      <TestMethod codeBase="C:\Projekty\MSTestProject\bin\Debug\netcoreapp3.1\MSTestProject.dll" adapterTypeName="executor://mstestadapter/v2" className="TwojeWesele.Services.Helpers.Tests.CurrencyHelperTests" name="FormatToStringTest1000" />
    </UnitTest>
    <UnitTest name="FormatToStringTest1000 (54275.73209373408,54275.73 zł)" storage="c:\projekty\mstestproject\bin\debug\netcoreapp3.1\mstestproject.dll" id="d92f789c-2b3e-4e50-bce7-9bb4ab5ef8aa">
      <TestCategory>
        <TestCategoryItem TestCategory="Category1000" />
      </TestCategory>
      <Execution id="dd1df2e9-dad4-4b99-b63c-3d817f3d2d8d" />
      <TestMethod codeBase="C:\Projekty\MSTestProject\bin\Debug\netcoreapp3.1\MSTestProject.dll" adapterTypeName="executor://mstestadapter/v2" className="TwojeWesele.Services.Helpers.Tests.CurrencyHelperTests" name="FormatToStringTest1000" />
    </UnitTest>
    <UnitTest name="FormatToStringTest1000 (22831.975917587977,22831.98 zł)" storage="c:\projekty\mstestproject\bin\debug\netcoreapp3.1\mstestproject.dll" id="e25b4d5d-4f45-4dcc-bd45-3148df4831ca">
      <TestCategory>
        <TestCategoryItem TestCategory="Category1000" />
      </TestCategory>
      <Execution id="551829b2-6f8a-4e1f-a7d6-4d0227feee61" />
      <TestMethod codeBase="C:\Projekty\MSTestProject\bin\Debug\netcoreapp3.1\MSTestProject.dll" adapterTypeName="executor://mstestadapter/v2" className="TwojeWesele.Services.Helpers.Tests.CurrencyHelperTests" name="FormatToStringTest1000" />
    </UnitTest>
    <UnitTest name="FormatToStringTest1000 (21728.91641959963,21728.92 zł)" storage="c:\projekty\mstestproject\bin\debug\netcoreapp3.1\mstestproject.dll" id="a4e3e870-b0d8-4de2-b27e-e5d1e06982b9">
      <TestCategory>
        <TestCategoryItem TestCategory="Category1000" />
      </TestCategory>
      <Execution id="f9fd17eb-18d6-4f64-9cac-fc6fc6464ddd" />
      <TestMethod codeBase="C:\Projekty\MSTestProject\bin\Debug\netcoreapp3.1\MSTestProject.dll" adapterTypeName="executor://mstestadapter/v2" className="TwojeWesele.Services.Helpers.Tests.CurrencyHelperTests" name="FormatToStringTest1000" />
    </UnitTest>
    <UnitTest name="FormatToStringTest1000 (6323.24079469882,6323.24 zł)" storage="c:\projekty\mstestproject\bin\debug\netcoreapp3.1\mstestproject.dll" id="99c78df2-0664-473e-8a39-33c12a15922c">
      <TestCategory>
        <TestCategoryItem TestCategory="Category1000" />
      </TestCategory>
      <Execution id="4a6aefa8-651f-425d-9836-b3b1f7058c0d" />
      <TestMethod codeBase="C:\Projekty\MSTestProject\bin\Debug\netcoreapp3.1\MSTestProject.dll" adapterTypeName="executor://mstestadapter/v2" className="TwojeWesele.Services.Helpers.Tests.CurrencyHelperTests" name="FormatToStringTest1000" />
    </UnitTest>
    <UnitTest name="FormatToStringTest1000 (16688.70569393677,16688.71 zł)" storage="c:\projekty\mstestproject\bin\debug\netcoreapp3.1\mstestproject.dll" id="4e67dfc3-0c06-45e8-a119-1347fe4c32a7">
      <TestCategory>
        <TestCategoryItem TestCategory="Category1000" />
      </TestCategory>
      <Execution id="01d7fbd9-dd59-4a9a-99de-29f37276cc2c" />
      <TestMethod codeBase="C:\Projekty\MSTestProject\bin\Debug\netcoreapp3.1\MSTestProject.dll" adapterTypeName="executor://mstestadapter/v2" className="TwojeWesele.Services.Helpers.Tests.CurrencyHelperTests" name="FormatToStringTest1000" />
    </UnitTest>
    <UnitTest name="FormatToStringTest1000 (9097.395563790293,9097.40 zł)" storage="c:\projekty\mstestproject\bin\debug\netcoreapp3.1\mstestproject.dll" id="a956d777-a223-4cbb-8d78-3dab4447c8ac">
      <TestCategory>
        <TestCategoryItem TestCategory="Category1000" />
      </TestCategory>
      <Execution id="91d6e4bc-d3c3-45ed-b120-edfc7d384d9e" />
      <TestMethod codeBase="C:\Projekty\MSTestProject\bin\Debug\netcoreapp3.1\MSTestProject.dll" adapterTypeName="executor://mstestadapter/v2" className="TwojeWesele.Services.Helpers.Tests.CurrencyHelperTests" name="FormatToStringTest1000" />
    </UnitTest>
    <UnitTest name="FormatToStringTest1000 (15669.698889610218,15669.70 zł)" storage="c:\projekty\mstestproject\bin\debug\netcoreapp3.1\mstestproject.dll" id="0d4b8782-dffe-4938-ab5d-3830ab57a695">
      <TestCategory>
        <TestCategoryItem TestCategory="Category1000" />
      </TestCategory>
      <Execution id="409cf16b-be5b-4522-955a-4324f238484f" />
      <TestMethod codeBase="C:\Projekty\MSTestProject\bin\Debug\netcoreapp3.1\MSTestProject.dll" adapterTypeName="executor://mstestadapter/v2" className="TwojeWesele.Services.Helpers.Tests.CurrencyHelperTests" name="FormatToStringTest1000" />
    </UnitTest>
    <UnitTest name="FormatToStringTest1000 (20321.03715103913,20321.04 zł)" storage="c:\projekty\mstestproject\bin\debug\netcoreapp3.1\mstestproject.dll" id="031ce446-205b-4ca6-89a3-171e376f10d6">
      <TestCategory>
        <TestCategoryItem TestCategory="Category1000" />
      </TestCategory>
      <Execution id="c84190d3-2056-4abc-bee1-589873452225" />
      <TestMethod codeBase="C:\Projekty\MSTestProject\bin\Debug\netcoreapp3.1\MSTestProject.dll" adapterTypeName="executor://mstestadapter/v2" className="TwojeWesele.Services.Helpers.Tests.CurrencyHelperTests" name="FormatToStringTest1000" />
    </UnitTest>
    <UnitTest name="FormatToStringTest1000 (22743.19734205827,22743.20 zł)" storage="c:\projekty\mstestproject\bin\debug\netcoreapp3.1\mstestproject.dll" id="3c443f2f-2ad4-4e9a-820a-cd8c16cbb7f3">
      <TestCategory>
        <TestCategoryItem TestCategory="Category1000" />
      </TestCategory>
      <Execution id="8a2a46ad-813a-4733-be96-6b9215c7ba0e" />
      <TestMethod codeBase="C:\Projekty\MSTestProject\bin\Debug\netcoreapp3.1\MSTestProject.dll" adapterTypeName="executor://mstestadapter/v2" className="TwojeWesele.Services.Helpers.Tests.CurrencyHelperTests" name="FormatToStringTest1000" />
    </UnitTest>
    <UnitTest name="FormatToStringTest1000 (72905.64834432845,72905.65 zł)" storage="c:\projekty\mstestproject\bin\debug\netcoreapp3.1\mstestproject.dll" id="80f15178-aa41-4d46-ba27-88aa435cc3d1">
      <TestCategory>
        <TestCategoryItem TestCategory="Category1000" />
      </TestCategory>
      <Execution id="529e368d-b6cd-4d5c-b72f-20bd2ca210cc" />
      <TestMethod codeBase="C:\Projekty\MSTestProject\bin\Debug\netcoreapp3.1\MSTestProject.dll" adapterTypeName="executor://mstestadapter/v2" className="TwojeWesele.Services.Helpers.Tests.CurrencyHelperTests" name="FormatToStringTest1000" />
    </UnitTest>
    <UnitTest name="FormatToStringTest1000 (16819.974312979717,16819.97 zł)" storage="c:\projekty\mstestproject\bin\debug\netcoreapp3.1\mstestproject.dll" id="d36b962d-5e66-40d1-aaaa-9558826a7d56">
      <TestCategory>
        <TestCategoryItem TestCategory="Category1000" />
      </TestCategory>
      <Execution id="41fb7ee2-a108-4475-9ed7-fbd6ff5e79cc" />
      <TestMethod codeBase="C:\Projekty\MSTestProject\bin\Debug\netcoreapp3.1\MSTestProject.dll" adapterTypeName="executor://mstestadapter/v2" className="TwojeWesele.Services.Helpers.Tests.CurrencyHelperTests" name="FormatToStringTest1000" />
    </UnitTest>
    <UnitTest name="FormatToStringTest1000 (7004.710832051798,7004.71 zł)" storage="c:\projekty\mstestproject\bin\debug\netcoreapp3.1\mstestproject.dll" id="4cbda958-d5eb-4ffe-b429-d34a4f005752">
      <TestCategory>
        <TestCategoryItem TestCategory="Category1000" />
      </TestCategory>
      <Execution id="8f5daa71-510d-4455-ad3e-e769fb30b968" />
      <TestMethod codeBase="C:\Projekty\MSTestProject\bin\Debug\netcoreapp3.1\MSTestProject.dll" adapterTypeName="executor://mstestadapter/v2" className="TwojeWesele.Services.Helpers.Tests.CurrencyHelperTests" name="FormatToStringTest1000" />
    </UnitTest>
    <UnitTest name="FormatToStringTest1000 (37589.670531794276,37589.67 zł)" storage="c:\projekty\mstestproject\bin\debug\netcoreapp3.1\mstestproject.dll" id="58735b44-ccb7-4d21-9951-fd0b0a77664e">
      <TestCategory>
        <TestCategoryItem TestCategory="Category1000" />
      </TestCategory>
      <Execution id="38116812-6251-44df-927e-08bb2c9395cb" />
      <TestMethod codeBase="C:\Projekty\MSTestProject\bin\Debug\netcoreapp3.1\MSTestProject.dll" adapterTypeName="executor://mstestadapter/v2" className="TwojeWesele.Services.Helpers.Tests.CurrencyHelperTests" name="FormatToStringTest1000" />
    </UnitTest>
    <UnitTest name="FormatToStringTest1000 (35065.40267025652,35065.40 zł)" storage="c:\projekty\mstestproject\bin\debug\netcoreapp3.1\mstestproject.dll" id="438aaa98-6eb7-4e3a-8809-2059b8dfd2fc">
      <TestCategory>
        <TestCategoryItem TestCategory="Category1000" />
      </TestCategory>
      <Execution id="81c790d7-44f3-47e0-85ca-35311bd2b2d7" />
      <TestMethod codeBase="C:\Projekty\MSTestProject\bin\Debug\netcoreapp3.1\MSTestProject.dll" adapterTypeName="executor://mstestadapter/v2" className="TwojeWesele.Services.Helpers.Tests.CurrencyHelperTests" name="FormatToStringTest1000" />
    </UnitTest>
    <UnitTest name="FormatToStringTest1000 (40241.790964380736,40241.79 zł)" storage="c:\projekty\mstestproject\bin\debug\netcoreapp3.1\mstestproject.dll" id="63210f2f-172b-4eef-a3f1-d4f6bf8d4418">
      <TestCategory>
        <TestCategoryItem TestCategory="Category1000" />
      </TestCategory>
      <Execution id="96fc0d9a-06ba-4322-8980-be4fea1283b3" />
      <TestMethod codeBase="C:\Projekty\MSTestProject\bin\Debug\netcoreapp3.1\MSTestProject.dll" adapterTypeName="executor://mstestadapter/v2" className="TwojeWesele.Services.Helpers.Tests.CurrencyHelperTests" name="FormatToStringTest1000" />
    </UnitTest>
    <UnitTest name="FormatToStringTest1000 (57436.33241095409,57436.33 zł)" storage="c:\projekty\mstestproject\bin\debug\netcoreapp3.1\mstestproject.dll" id="2475f0ef-e85e-4d0d-884a-54eb24081735">
      <TestCategory>
        <TestCategoryItem TestCategory="Category1000" />
      </TestCategory>
      <Execution id="52998c5d-6379-4d35-9c40-e70cc7b21f03" />
      <TestMethod codeBase="C:\Projekty\MSTestProject\bin\Debug\netcoreapp3.1\MSTestProject.dll" adapterTypeName="executor://mstestadapter/v2" className="TwojeWesele.Services.Helpers.Tests.CurrencyHelperTests" name="FormatToStringTest1000" />
    </UnitTest>
    <UnitTest name="FormatToStringTest1000 (11157.981051815665,11157.98 zł)" storage="c:\projekty\mstestproject\bin\debug\netcoreapp3.1\mstestproject.dll" id="f1325714-a6d0-44df-b0de-bc537107645d">
      <TestCategory>
        <TestCategoryItem TestCategory="Category1000" />
      </TestCategory>
      <Execution id="8d2b084f-8340-41f7-aac2-59e08978f419" />
      <TestMethod codeBase="C:\Projekty\MSTestProject\bin\Debug\netcoreapp3.1\MSTestProject.dll" adapterTypeName="executor://mstestadapter/v2" className="TwojeWesele.Services.Helpers.Tests.CurrencyHelperTests" name="FormatToStringTest1000" />
    </UnitTest>
    <UnitTest name="FormatToStringTest1000 (21785.42157155528,21785.42 zł)" storage="c:\projekty\mstestproject\bin\debug\netcoreapp3.1\mstestproject.dll" id="75b09b59-4560-4e3a-8586-92c4e260e5b2">
      <TestCategory>
        <TestCategoryItem TestCategory="Category1000" />
      </TestCategory>
      <Execution id="98a3e78a-c64a-4dd7-b1b7-d9a41dbf351e" />
      <TestMethod codeBase="C:\Projekty\MSTestProject\bin\Debug\netcoreapp3.1\MSTestProject.dll" adapterTypeName="executor://mstestadapter/v2" className="TwojeWesele.Services.Helpers.Tests.CurrencyHelperTests" name="FormatToStringTest1000" />
    </UnitTest>
    <UnitTest name="FormatToStringTest1000 (17090.629587323234,17090.63 zł)" storage="c:\projekty\mstestproject\bin\debug\netcoreapp3.1\mstestproject.dll" id="f516713a-6b08-473c-b5a1-e281e770821d">
      <TestCategory>
        <TestCategoryItem TestCategory="Category1000" />
      </TestCategory>
      <Execution id="919c14e3-429f-4e67-b98c-0d90fd0129ec" />
      <TestMethod codeBase="C:\Projekty\MSTestProject\bin\Debug\netcoreapp3.1\MSTestProject.dll" adapterTypeName="executor://mstestadapter/v2" className="TwojeWesele.Services.Helpers.Tests.CurrencyHelperTests" name="FormatToStringTest1000" />
    </UnitTest>
    <UnitTest name="FormatToStringTest1000 (19208.676036795914,19208.68 zł)" storage="c:\projekty\mstestproject\bin\debug\netcoreapp3.1\mstestproject.dll" id="031b228e-fba8-4d1d-a4b6-e451c07fb013">
      <TestCategory>
        <TestCategoryItem TestCategory="Category1000" />
      </TestCategory>
      <Execution id="c7d80d8b-455d-432b-b4f0-b6a81f4a2542" />
      <TestMethod codeBase="C:\Projekty\MSTestProject\bin\Debug\netcoreapp3.1\MSTestProject.dll" adapterTypeName="executor://mstestadapter/v2" className="TwojeWesele.Services.Helpers.Tests.CurrencyHelperTests" name="FormatToStringTest1000" />
    </UnitTest>
    <UnitTest name="FormatToStringTest1000 (32908.76696502639,32908.77 zł)" storage="c:\projekty\mstestproject\bin\debug\netcoreapp3.1\mstestproject.dll" id="1bc0203b-5822-46c4-8a6e-6c76c92f4228">
      <TestCategory>
        <TestCategoryItem TestCategory="Category1000" />
      </TestCategory>
      <Execution id="a61f6949-7deb-4f86-b553-d82dd549c4a8" />
      <TestMethod codeBase="C:\Projekty\MSTestProject\bin\Debug\netcoreapp3.1\MSTestProject.dll" adapterTypeName="executor://mstestadapter/v2" className="TwojeWesele.Services.Helpers.Tests.CurrencyHelperTests" name="FormatToStringTest1000" />
    </UnitTest>
    <UnitTest name="FormatToStringTest1000 (1187.8237780126854,1187.82 zł)" storage="c:\projekty\mstestproject\bin\debug\netcoreapp3.1\mstestproject.dll" id="b85522e1-5bc8-4195-ad77-68d3caaf2daa">
      <TestCategory>
        <TestCategoryItem TestCategory="Category1000" />
      </TestCategory>
      <Execution id="4ef3c5c6-790b-4405-a267-2cc2c2e443c0" />
      <TestMethod codeBase="C:\Projekty\MSTestProject\bin\Debug\netcoreapp3.1\MSTestProject.dll" adapterTypeName="executor://mstestadapter/v2" className="TwojeWesele.Services.Helpers.Tests.CurrencyHelperTests" name="FormatToStringTest1000" />
    </UnitTest>
    <UnitTest name="FormatToStringTest1000 (28192.949128067565,28192.95 zł)" storage="c:\projekty\mstestproject\bin\debug\netcoreapp3.1\mstestproject.dll" id="3eb2d742-5746-48f3-8c88-1e9bdc103efe">
      <TestCategory>
        <TestCategoryItem TestCategory="Category1000" />
      </TestCategory>
      <Execution id="2341d267-b8e1-45a3-a0b4-0be9ffe8bd30" />
      <TestMethod codeBase="C:\Projekty\MSTestProject\bin\Debug\netcoreapp3.1\MSTestProject.dll" adapterTypeName="executor://mstestadapter/v2" className="TwojeWesele.Services.Helpers.Tests.CurrencyHelperTests" name="FormatToStringTest1000" />
    </UnitTest>
    <UnitTest name="FormatToStringTest1000 (6820.105136090938,6820.11 zł)" storage="c:\projekty\mstestproject\bin\debug\netcoreapp3.1\mstestproject.dll" id="4095ed4f-0414-4b1f-bad8-68c5c3504678">
      <TestCategory>
        <TestCategoryItem TestCategory="Category1000" />
      </TestCategory>
      <Execution id="5e2b1d6c-0bee-4e08-846f-1a7ecc91024d" />
      <TestMethod codeBase="C:\Projekty\MSTestProject\bin\Debug\netcoreapp3.1\MSTestProject.dll" adapterTypeName="executor://mstestadapter/v2" className="TwojeWesele.Services.Helpers.Tests.CurrencyHelperTests" name="FormatToStringTest1000" />
    </UnitTest>
    <UnitTest name="FormatToStringTest1000 (76106.57198894516,76106.57 zł)" storage="c:\projekty\mstestproject\bin\debug\netcoreapp3.1\mstestproject.dll" id="8146276b-6d92-4047-9aac-a98f6bbaf87a">
      <TestCategory>
        <TestCategoryItem TestCategory="Category1000" />
      </TestCategory>
      <Execution id="9e8c4ad1-aeb9-4a4d-b02a-19c823bda6af" />
      <TestMethod codeBase="C:\Projekty\MSTestProject\bin\Debug\netcoreapp3.1\MSTestProject.dll" adapterTypeName="executor://mstestadapter/v2" className="TwojeWesele.Services.Helpers.Tests.CurrencyHelperTests" name="FormatToStringTest1000" />
    </UnitTest>
    <UnitTest name="FormatToStringTest1000 (73151.83675918348,73151.84 zł)" storage="c:\projekty\mstestproject\bin\debug\netcoreapp3.1\mstestproject.dll" id="c49ce748-9fe9-4640-8eab-1c3114c517cb">
      <TestCategory>
        <TestCategoryItem TestCategory="Category1000" />
      </TestCategory>
      <Execution id="cce9ce6f-8325-41b2-a113-5e11b72496c8" />
      <TestMethod codeBase="C:\Projekty\MSTestProject\bin\Debug\netcoreapp3.1\MSTestProject.dll" adapterTypeName="executor://mstestadapter/v2" className="TwojeWesele.Services.Helpers.Tests.CurrencyHelperTests" name="FormatToStringTest1000" />
    </UnitTest>
    <UnitTest name="FormatToStringTest1000 (17232.486162219426,17232.49 zł)" storage="c:\projekty\mstestproject\bin\debug\netcoreapp3.1\mstestproject.dll" id="c06e007a-c141-4cc1-9e17-8bdebb63c818">
      <TestCategory>
        <TestCategoryItem TestCategory="Category1000" />
      </TestCategory>
      <Execution id="0ed4fc26-ad3c-4a56-a099-da4453af68bd" />
      <TestMethod codeBase="C:\Projekty\MSTestProject\bin\Debug\netcoreapp3.1\MSTestProject.dll" adapterTypeName="executor://mstestadapter/v2" className="TwojeWesele.Services.Helpers.Tests.CurrencyHelperTests" name="FormatToStringTest1000" />
    </UnitTest>
    <UnitTest name="FormatToStringTest1000 (4539.210371735137,4539.21 zł)" storage="c:\projekty\mstestproject\bin\debug\netcoreapp3.1\mstestproject.dll" id="3df0e805-dcca-4941-a824-597555a6bb06">
      <TestCategory>
        <TestCategoryItem TestCategory="Category1000" />
      </TestCategory>
      <Execution id="5e0985bf-9fc2-429e-b607-5b69af27d7a7" />
      <TestMethod codeBase="C:\Projekty\MSTestProject\bin\Debug\netcoreapp3.1\MSTestProject.dll" adapterTypeName="executor://mstestadapter/v2" className="TwojeWesele.Services.Helpers.Tests.CurrencyHelperTests" name="FormatToStringTest1000" />
    </UnitTest>
    <UnitTest name="FormatToStringTest1000 (1228.101744225296,1228.10 zł)" storage="c:\projekty\mstestproject\bin\debug\netcoreapp3.1\mstestproject.dll" id="4ccf0c8a-6175-44f5-8a3f-e924f0cbc61e">
      <TestCategory>
        <TestCategoryItem TestCategory="Category1000" />
      </TestCategory>
      <Execution id="5009cae9-428c-4ae7-ae48-1c60f46e0335" />
      <TestMethod codeBase="C:\Projekty\MSTestProject\bin\Debug\netcoreapp3.1\MSTestProject.dll" adapterTypeName="executor://mstestadapter/v2" className="TwojeWesele.Services.Helpers.Tests.CurrencyHelperTests" name="FormatToStringTest1000" />
    </UnitTest>
    <UnitTest name="FormatToStringTest1000 (9928.477822322622,9928.48 zł)" storage="c:\projekty\mstestproject\bin\debug\netcoreapp3.1\mstestproject.dll" id="64802c60-e1ea-4c73-b795-2c34fe6d40bc">
      <TestCategory>
        <TestCategoryItem TestCategory="Category1000" />
      </TestCategory>
      <Execution id="1ac6d986-5357-49bb-a934-e30ff205b261" />
      <TestMethod codeBase="C:\Projekty\MSTestProject\bin\Debug\netcoreapp3.1\MSTestProject.dll" adapterTypeName="executor://mstestadapter/v2" className="TwojeWesele.Services.Helpers.Tests.CurrencyHelperTests" name="FormatToStringTest1000" />
    </UnitTest>
    <UnitTest name="FormatToStringTest1000 (3477.860963622509,3477.86 zł)" storage="c:\projekty\mstestproject\bin\debug\netcoreapp3.1\mstestproject.dll" id="09ceadfb-7234-496f-80b5-29ac6fcaebf6">
      <TestCategory>
        <TestCategoryItem TestCategory="Category1000" />
      </TestCategory>
      <Execution id="402d03b5-5a14-4c43-b013-97b0e88f453a" />
      <TestMethod codeBase="C:\Projekty\MSTestProject\bin\Debug\netcoreapp3.1\MSTestProject.dll" adapterTypeName="executor://mstestadapter/v2" className="TwojeWesele.Services.Helpers.Tests.CurrencyHelperTests" name="FormatToStringTest1000" />
    </UnitTest>
    <UnitTest name="FormatToStringTest1000 (13323.876109275909,13323.88 zł)" storage="c:\projekty\mstestproject\bin\debug\netcoreapp3.1\mstestproject.dll" id="853f83c7-d0a8-4c01-907b-4c376952b152">
      <TestCategory>
        <TestCategoryItem TestCategory="Category1000" />
      </TestCategory>
      <Execution id="fc4be854-daa9-41cf-bb6d-4847e5e09590" />
      <TestMethod codeBase="C:\Projekty\MSTestProject\bin\Debug\netcoreapp3.1\MSTestProject.dll" adapterTypeName="executor://mstestadapter/v2" className="TwojeWesele.Services.Helpers.Tests.CurrencyHelperTests" name="FormatToStringTest1000" />
    </UnitTest>
    <UnitTest name="FormatToStringTest1000 (55303.17220895699,55303.17 zł)" storage="c:\projekty\mstestproject\bin\debug\netcoreapp3.1\mstestproject.dll" id="ca3dcb98-aac9-4319-833e-3f263a3ce10c">
      <TestCategory>
        <TestCategoryItem TestCategory="Category1000" />
      </TestCategory>
      <Execution id="57d44f85-8240-48b5-a270-8376201e5eee" />
      <TestMethod codeBase="C:\Projekty\MSTestProject\bin\Debug\netcoreapp3.1\MSTestProject.dll" adapterTypeName="executor://mstestadapter/v2" className="TwojeWesele.Services.Helpers.Tests.CurrencyHelperTests" name="FormatToStringTest1000" />
    </UnitTest>
    <UnitTest name="FormatToStringTest1000 (17988.455793307843,17988.46 zł)" storage="c:\projekty\mstestproject\bin\debug\netcoreapp3.1\mstestproject.dll" id="8380163d-c766-4184-b713-d0475018dc67">
      <TestCategory>
        <TestCategoryItem TestCategory="Category1000" />
      </TestCategory>
      <Execution id="32da2949-ef77-4732-a578-f7f2ba9d523b" />
      <TestMethod codeBase="C:\Projekty\MSTestProject\bin\Debug\netcoreapp3.1\MSTestProject.dll" adapterTypeName="executor://mstestadapter/v2" className="TwojeWesele.Services.Helpers.Tests.CurrencyHelperTests" name="FormatToStringTest1000" />
    </UnitTest>
    <UnitTest name="FormatToStringTest1000 (27852.532163303127,27852.53 zł)" storage="c:\projekty\mstestproject\bin\debug\netcoreapp3.1\mstestproject.dll" id="8e763720-d8dc-4658-81dc-aa85e0646bed">
      <TestCategory>
        <TestCategoryItem TestCategory="Category1000" />
      </TestCategory>
      <Execution id="0687bd91-9d3a-439e-84ec-26affd62c1bb" />
      <TestMethod codeBase="C:\Projekty\MSTestProject\bin\Debug\netcoreapp3.1\MSTestProject.dll" adapterTypeName="executor://mstestadapter/v2" className="TwojeWesele.Services.Helpers.Tests.CurrencyHelperTests" name="FormatToStringTest1000" />
    </UnitTest>
    <UnitTest name="FormatToStringTest1000 (19103.831635461574,19103.83 zł)" storage="c:\projekty\mstestproject\bin\debug\netcoreapp3.1\mstestproject.dll" id="2a0d7d86-73cd-4a9b-a526-a453f5c08a1f">
      <TestCategory>
        <TestCategoryItem TestCategory="Category1000" />
      </TestCategory>
      <Execution id="2de0bd7e-cccb-41fc-a029-65be74c8d85a" />
      <TestMethod codeBase="C:\Projekty\MSTestProject\bin\Debug\netcoreapp3.1\MSTestProject.dll" adapterTypeName="executor://mstestadapter/v2" className="TwojeWesele.Services.Helpers.Tests.CurrencyHelperTests" name="FormatToStringTest1000" />
    </UnitTest>
    <UnitTest name="FormatToStringTest1000 (4139.032615562451,4139.03 zł)" storage="c:\projekty\mstestproject\bin\debug\netcoreapp3.1\mstestproject.dll" id="fc81fa94-dbd2-4405-8a51-52778ff9dd36">
      <TestCategory>
        <TestCategoryItem TestCategory="Category1000" />
      </TestCategory>
      <Execution id="7dcf5d2d-be29-437b-8766-40fa5b236106" />
      <TestMethod codeBase="C:\Projekty\MSTestProject\bin\Debug\netcoreapp3.1\MSTestProject.dll" adapterTypeName="executor://mstestadapter/v2" className="TwojeWesele.Services.Helpers.Tests.CurrencyHelperTests" name="FormatToStringTest1000" />
    </UnitTest>
    <UnitTest name="FormatToStringTest1000 (70432.00656616595,70432.01 zł)" storage="c:\projekty\mstestproject\bin\debug\netcoreapp3.1\mstestproject.dll" id="17e2583a-e249-4042-a59c-c05a8a75a195">
      <TestCategory>
        <TestCategoryItem TestCategory="Category1000" />
      </TestCategory>
      <Execution id="fd57288a-8ae9-4fc6-b754-706010b0cf76" />
      <TestMethod codeBase="C:\Projekty\MSTestProject\bin\Debug\netcoreapp3.1\MSTestProject.dll" adapterTypeName="executor://mstestadapter/v2" className="TwojeWesele.Services.Helpers.Tests.CurrencyHelperTests" name="FormatToStringTest1000" />
    </UnitTest>
    <UnitTest name="FormatToStringTest1000 (39146.892120180135,39146.89 zł)" storage="c:\projekty\mstestproject\bin\debug\netcoreapp3.1\mstestproject.dll" id="f8b5278b-04d5-47ab-966a-6778bd679015">
      <TestCategory>
        <TestCategoryItem TestCategory="Category1000" />
      </TestCategory>
      <Execution id="c2a541ed-7c4d-4eae-992f-e1472605e6cf" />
      <TestMethod codeBase="C:\Projekty\MSTestProject\bin\Debug\netcoreapp3.1\MSTestProject.dll" adapterTypeName="executor://mstestadapter/v2" className="TwojeWesele.Services.Helpers.Tests.CurrencyHelperTests" name="FormatToStringTest1000" />
    </UnitTest>
    <UnitTest name="FormatToStringTest1000 (8095.485677032492,8095.49 zł)" storage="c:\projekty\mstestproject\bin\debug\netcoreapp3.1\mstestproject.dll" id="b700d732-8428-4247-aeb2-f7a9039f33a5">
      <TestCategory>
        <TestCategoryItem TestCategory="Category1000" />
      </TestCategory>
      <Execution id="c56163b4-27c9-414c-a7f1-574c75a7b66c" />
      <TestMethod codeBase="C:\Projekty\MSTestProject\bin\Debug\netcoreapp3.1\MSTestProject.dll" adapterTypeName="executor://mstestadapter/v2" className="TwojeWesele.Services.Helpers.Tests.CurrencyHelperTests" name="FormatToStringTest1000" />
    </UnitTest>
    <UnitTest name="FormatToStringTest1000 (33970.38965150639,33970.39 zł)" storage="c:\projekty\mstestproject\bin\debug\netcoreapp3.1\mstestproject.dll" id="7f065cb3-5958-4348-9abb-a65f05334817">
      <TestCategory>
        <TestCategoryItem TestCategory="Category1000" />
      </TestCategory>
      <Execution id="9430343e-384d-4335-8f79-bcc9d76ac3f5" />
      <TestMethod codeBase="C:\Projekty\MSTestProject\bin\Debug\netcoreapp3.1\MSTestProject.dll" adapterTypeName="executor://mstestadapter/v2" className="TwojeWesele.Services.Helpers.Tests.CurrencyHelperTests" name="FormatToStringTest1000" />
    </UnitTest>
    <UnitTest name="FormatToStringTest1000 (43858.624379632354,43858.62 zł)" storage="c:\projekty\mstestproject\bin\debug\netcoreapp3.1\mstestproject.dll" id="f342c649-34fa-4213-be17-11c0bbc06300">
      <TestCategory>
        <TestCategoryItem TestCategory="Category1000" />
      </TestCategory>
      <Execution id="1ca581f6-9234-4c9b-a1bf-dcf68e44c352" />
      <TestMethod codeBase="C:\Projekty\MSTestProject\bin\Debug\netcoreapp3.1\MSTestProject.dll" adapterTypeName="executor://mstestadapter/v2" className="TwojeWesele.Services.Helpers.Tests.CurrencyHelperTests" name="FormatToStringTest1000" />
    </UnitTest>
    <UnitTest name="FormatToStringTest1000 (3694.480496819355,3694.48 zł)" storage="c:\projekty\mstestproject\bin\debug\netcoreapp3.1\mstestproject.dll" id="be269db8-92b4-479c-a9f0-1098c229fa2f">
      <TestCategory>
        <TestCategoryItem TestCategory="Category1000" />
      </TestCategory>
      <Execution id="9e13c50f-a0f6-418e-b77b-1c8e9a8d19d4" />
      <TestMethod codeBase="C:\Projekty\MSTestProject\bin\Debug\netcoreapp3.1\MSTestProject.dll" adapterTypeName="executor://mstestadapter/v2" className="TwojeWesele.Services.Helpers.Tests.CurrencyHelperTests" name="FormatToStringTest1000" />
    </UnitTest>
    <UnitTest name="FormatToStringTest1000 (395.45790295882983,395.46 zł)" storage="c:\projekty\mstestproject\bin\debug\netcoreapp3.1\mstestproject.dll" id="fb8aca1c-43de-4332-920e-28196d1b6c9b">
      <TestCategory>
        <TestCategoryItem TestCategory="Category1000" />
      </TestCategory>
      <Execution id="0fdbabd2-659e-4a3f-b3bd-abd5505fe610" />
      <TestMethod codeBase="C:\Projekty\MSTestProject\bin\Debug\netcoreapp3.1\MSTestProject.dll" adapterTypeName="executor://mstestadapter/v2" className="TwojeWesele.Services.Helpers.Tests.CurrencyHelperTests" name="FormatToStringTest1000" />
    </UnitTest>
    <UnitTest name="FormatToStringTest1000 (801.5720517614726,801.57 zł)" storage="c:\projekty\mstestproject\bin\debug\netcoreapp3.1\mstestproject.dll" id="28e8061b-8572-4085-a850-4c314e10fbf3">
      <TestCategory>
        <TestCategoryItem TestCategory="Category1000" />
      </TestCategory>
      <Execution id="4c54d41b-781f-4ccc-82e4-db20d76c3082" />
      <TestMethod codeBase="C:\Projekty\MSTestProject\bin\Debug\netcoreapp3.1\MSTestProject.dll" adapterTypeName="executor://mstestadapter/v2" className="TwojeWesele.Services.Helpers.Tests.CurrencyHelperTests" name="FormatToStringTest1000" />
    </UnitTest>
    <UnitTest name="FormatToStringTest1000 (43799.04472166535,43799.04 zł)" storage="c:\projekty\mstestproject\bin\debug\netcoreapp3.1\mstestproject.dll" id="254da410-5107-4970-b747-8d7acd0d67f5">
      <TestCategory>
        <TestCategoryItem TestCategory="Category1000" />
      </TestCategory>
      <Execution id="2f6dda0a-6ba7-472a-923c-474333f0c9fc" />
      <TestMethod codeBase="C:\Projekty\MSTestProject\bin\Debug\netcoreapp3.1\MSTestProject.dll" adapterTypeName="executor://mstestadapter/v2" className="TwojeWesele.Services.Helpers.Tests.CurrencyHelperTests" name="FormatToStringTest1000" />
    </UnitTest>
    <UnitTest name="FormatToStringTest1000 (6262.373413993219,6262.37 zł)" storage="c:\projekty\mstestproject\bin\debug\netcoreapp3.1\mstestproject.dll" id="edb3d9ba-e010-4c56-a89b-c82d7c7fdd75">
      <TestCategory>
        <TestCategoryItem TestCategory="Category1000" />
      </TestCategory>
      <Execution id="f1532167-065e-4169-bab8-f19f08ecc481" />
      <TestMethod codeBase="C:\Projekty\MSTestProject\bin\Debug\netcoreapp3.1\MSTestProject.dll" adapterTypeName="executor://mstestadapter/v2" className="TwojeWesele.Services.Helpers.Tests.CurrencyHelperTests" name="FormatToStringTest1000" />
    </UnitTest>
    <UnitTest name="FormatToStringTest1000 (6915.421130504656,6915.42 zł)" storage="c:\projekty\mstestproject\bin\debug\netcoreapp3.1\mstestproject.dll" id="5040e3cd-3b2d-4aab-a4f2-77e63b544be9">
      <TestCategory>
        <TestCategoryItem TestCategory="Category1000" />
      </TestCategory>
      <Execution id="ea26a07d-b9ad-443a-96b5-901e14dfd8d4" />
      <TestMethod codeBase="C:\Projekty\MSTestProject\bin\Debug\netcoreapp3.1\MSTestProject.dll" adapterTypeName="executor://mstestadapter/v2" className="TwojeWesele.Services.Helpers.Tests.CurrencyHelperTests" name="FormatToStringTest1000" />
    </UnitTest>
    <UnitTest name="FormatToStringTest1000 (9867.823212210007,9867.82 zł)" storage="c:\projekty\mstestproject\bin\debug\netcoreapp3.1\mstestproject.dll" id="ca22689b-2c70-4914-b892-60521053c4f1">
      <TestCategory>
        <TestCategoryItem TestCategory="Category1000" />
      </TestCategory>
      <Execution id="0d9cc53f-e368-4075-99ef-4bc18c740c47" />
      <TestMethod codeBase="C:\Projekty\MSTestProject\bin\Debug\netcoreapp3.1\MSTestProject.dll" adapterTypeName="executor://mstestadapter/v2" className="TwojeWesele.Services.Helpers.Tests.CurrencyHelperTests" name="FormatToStringTest1000" />
    </UnitTest>
    <UnitTest name="FormatToStringTest1000 (43727.735558145556,43727.74 zł)" storage="c:\projekty\mstestproject\bin\debug\netcoreapp3.1\mstestproject.dll" id="7a47fba0-6436-4a34-8d2e-f66cd226ae89">
      <TestCategory>
        <TestCategoryItem TestCategory="Category1000" />
      </TestCategory>
      <Execution id="d7eb1a93-b906-49f1-9fc7-01ac3ce21410" />
      <TestMethod codeBase="C:\Projekty\MSTestProject\bin\Debug\netcoreapp3.1\MSTestProject.dll" adapterTypeName="executor://mstestadapter/v2" className="TwojeWesele.Services.Helpers.Tests.CurrencyHelperTests" name="FormatToStringTest1000" />
    </UnitTest>
    <UnitTest name="FormatToStringTest1000 (89093.57120939044,89093.57 zł)" storage="c:\projekty\mstestproject\bin\debug\netcoreapp3.1\mstestproject.dll" id="ffb05045-4b98-4d1c-a558-dd992f07faa6">
      <TestCategory>
        <TestCategoryItem TestCategory="Category1000" />
      </TestCategory>
      <Execution id="c84eb752-d078-4557-8aa1-401ba093a890" />
      <TestMethod codeBase="C:\Projekty\MSTestProject\bin\Debug\netcoreapp3.1\MSTestProject.dll" adapterTypeName="executor://mstestadapter/v2" className="TwojeWesele.Services.Helpers.Tests.CurrencyHelperTests" name="FormatToStringTest1000" />
    </UnitTest>
    <UnitTest name="FormatToStringTest1000 (464.74397441965715,464.74 zł)" storage="c:\projekty\mstestproject\bin\debug\netcoreapp3.1\mstestproject.dll" id="746189b5-641c-441d-b86b-176e7f5682f0">
      <TestCategory>
        <TestCategoryItem TestCategory="Category1000" />
      </TestCategory>
      <Execution id="0d8c8b27-c470-460b-ba3c-bcd150dfd784" />
      <TestMethod codeBase="C:\Projekty\MSTestProject\bin\Debug\netcoreapp3.1\MSTestProject.dll" adapterTypeName="executor://mstestadapter/v2" className="TwojeWesele.Services.Helpers.Tests.CurrencyHelperTests" name="FormatToStringTest1000" />
    </UnitTest>
    <UnitTest name="FormatToStringTest1000 (58111.21259843521,58111.21 zł)" storage="c:\projekty\mstestproject\bin\debug\netcoreapp3.1\mstestproject.dll" id="48ac011a-8b68-4498-8dc4-f82a24e31741">
      <TestCategory>
        <TestCategoryItem TestCategory="Category1000" />
      </TestCategory>
      <Execution id="3fe0c5d6-cc06-442f-b907-ab5ba4e53d64" />
      <TestMethod codeBase="C:\Projekty\MSTestProject\bin\Debug\netcoreapp3.1\MSTestProject.dll" adapterTypeName="executor://mstestadapter/v2" className="TwojeWesele.Services.Helpers.Tests.CurrencyHelperTests" name="FormatToStringTest1000" />
    </UnitTest>
    <UnitTest name="FormatToStringTest1000 (10762.501695533518,10762.50 zł)" storage="c:\projekty\mstestproject\bin\debug\netcoreapp3.1\mstestproject.dll" id="a1a3eaeb-cdc3-407f-b277-914d4d49748b">
      <TestCategory>
        <TestCategoryItem TestCategory="Category1000" />
      </TestCategory>
      <Execution id="74d79b22-9f87-43ac-a2ac-ff6ae1f4378d" />
      <TestMethod codeBase="C:\Projekty\MSTestProject\bin\Debug\netcoreapp3.1\MSTestProject.dll" adapterTypeName="executor://mstestadapter/v2" className="TwojeWesele.Services.Helpers.Tests.CurrencyHelperTests" name="FormatToStringTest1000" />
    </UnitTest>
    <UnitTest name="FormatToStringTest1000 (13681.607566007231,13681.61 zł)" storage="c:\projekty\mstestproject\bin\debug\netcoreapp3.1\mstestproject.dll" id="80df7a1d-3913-4f33-8316-c103fec5c183">
      <TestCategory>
        <TestCategoryItem TestCategory="Category1000" />
      </TestCategory>
      <Execution id="786c2f6e-9ff0-462d-ad40-70efa7028bdc" />
      <TestMethod codeBase="C:\Projekty\MSTestProject\bin\Debug\netcoreapp3.1\MSTestProject.dll" adapterTypeName="executor://mstestadapter/v2" className="TwojeWesele.Services.Helpers.Tests.CurrencyHelperTests" name="FormatToStringTest1000" />
    </UnitTest>
    <UnitTest name="FormatToStringTest1000 (32821.05661472215,32821.06 zł)" storage="c:\projekty\mstestproject\bin\debug\netcoreapp3.1\mstestproject.dll" id="4420bad0-ef77-4c0f-b8cf-d36eac025d17">
      <TestCategory>
        <TestCategoryItem TestCategory="Category1000" />
      </TestCategory>
      <Execution id="26d92d14-70b7-4f3b-9726-989ca60fd17a" />
      <TestMethod codeBase="C:\Projekty\MSTestProject\bin\Debug\netcoreapp3.1\MSTestProject.dll" adapterTypeName="executor://mstestadapter/v2" className="TwojeWesele.Services.Helpers.Tests.CurrencyHelperTests" name="FormatToStringTest1000" />
    </UnitTest>
    <UnitTest name="FormatToStringTest1000 (6352.983758103561,6352.98 zł)" storage="c:\projekty\mstestproject\bin\debug\netcoreapp3.1\mstestproject.dll" id="07952e20-14f6-45ce-9802-e6800c26f07c">
      <TestCategory>
        <TestCategoryItem TestCategory="Category1000" />
      </TestCategory>
      <Execution id="9b7f9dc4-0137-4fc5-8299-e24bbe85de61" />
      <TestMethod codeBase="C:\Projekty\MSTestProject\bin\Debug\netcoreapp3.1\MSTestProject.dll" adapterTypeName="executor://mstestadapter/v2" className="TwojeWesele.Services.Helpers.Tests.CurrencyHelperTests" name="FormatToStringTest1000" />
    </UnitTest>
    <UnitTest name="FormatToStringTest1000 (20643.69044446465,20643.69 zł)" storage="c:\projekty\mstestproject\bin\debug\netcoreapp3.1\mstestproject.dll" id="849692b3-75f9-4ee9-bdaa-ca0e8d2a5788">
      <TestCategory>
        <TestCategoryItem TestCategory="Category1000" />
      </TestCategory>
      <Execution id="b2b153c5-3fc3-44e4-aa2a-244e2abfd0ad" />
      <TestMethod codeBase="C:\Projekty\MSTestProject\bin\Debug\netcoreapp3.1\MSTestProject.dll" adapterTypeName="executor://mstestadapter/v2" className="TwojeWesele.Services.Helpers.Tests.CurrencyHelperTests" name="FormatToStringTest1000" />
    </UnitTest>
    <UnitTest name="FormatToStringTest1000 (18490.912787030877,18490.91 zł)" storage="c:\projekty\mstestproject\bin\debug\netcoreapp3.1\mstestproject.dll" id="fd8c4de1-fda6-49b7-86d2-aaa37772bbd4">
      <TestCategory>
        <TestCategoryItem TestCategory="Category1000" />
      </TestCategory>
      <Execution id="06cc7ee7-c8a4-451a-b8d5-409fd6da9e33" />
      <TestMethod codeBase="C:\Projekty\MSTestProject\bin\Debug\netcoreapp3.1\MSTestProject.dll" adapterTypeName="executor://mstestadapter/v2" className="TwojeWesele.Services.Helpers.Tests.CurrencyHelperTests" name="FormatToStringTest1000" />
    </UnitTest>
    <UnitTest name="FormatToStringTest1000 (96261.84883437205,96261.85 zł)" storage="c:\projekty\mstestproject\bin\debug\netcoreapp3.1\mstestproject.dll" id="ab667174-c002-4c1c-8215-51ccecbc3949">
      <TestCategory>
        <TestCategoryItem TestCategory="Category1000" />
      </TestCategory>
      <Execution id="dac15a5c-b379-471c-95ca-a6dfa2a234c1" />
      <TestMethod codeBase="C:\Projekty\MSTestProject\bin\Debug\netcoreapp3.1\MSTestProject.dll" adapterTypeName="executor://mstestadapter/v2" className="TwojeWesele.Services.Helpers.Tests.CurrencyHelperTests" name="FormatToStringTest1000" />
    </UnitTest>
    <UnitTest name="FormatToStringTest1000 (1011.9989482094529,1012.00 zł)" storage="c:\projekty\mstestproject\bin\debug\netcoreapp3.1\mstestproject.dll" id="c5d14bce-4c64-432a-9683-819bf2c92b9d">
      <TestCategory>
        <TestCategoryItem TestCategory="Category1000" />
      </TestCategory>
      <Execution id="34b81eb2-434e-47b3-865e-b5d813583e85" />
      <TestMethod codeBase="C:\Projekty\MSTestProject\bin\Debug\netcoreapp3.1\MSTestProject.dll" adapterTypeName="executor://mstestadapter/v2" className="TwojeWesele.Services.Helpers.Tests.CurrencyHelperTests" name="FormatToStringTest1000" />
    </UnitTest>
    <UnitTest name="FormatToStringTest1000 (9517.514896326473,9517.51 zł)" storage="c:\projekty\mstestproject\bin\debug\netcoreapp3.1\mstestproject.dll" id="dc19b3db-fe4a-45df-9987-3309037edf03">
      <TestCategory>
        <TestCategoryItem TestCategory="Category1000" />
      </TestCategory>
      <Execution id="daada6db-b86e-4bda-a5b5-a0e413b1c917" />
      <TestMethod codeBase="C:\Projekty\MSTestProject\bin\Debug\netcoreapp3.1\MSTestProject.dll" adapterTypeName="executor://mstestadapter/v2" className="TwojeWesele.Services.Helpers.Tests.CurrencyHelperTests" name="FormatToStringTest1000" />
    </UnitTest>
    <UnitTest name="FormatToStringTest1000 (46607.970025941715,46607.97 zł)" storage="c:\projekty\mstestproject\bin\debug\netcoreapp3.1\mstestproject.dll" id="1bd04f89-fee6-4034-b8c5-10da9f10053b">
      <TestCategory>
        <TestCategoryItem TestCategory="Category1000" />
      </TestCategory>
      <Execution id="2eaae056-47e2-4c8a-a2fb-ba0e7bf15e47" />
      <TestMethod codeBase="C:\Projekty\MSTestProject\bin\Debug\netcoreapp3.1\MSTestProject.dll" adapterTypeName="executor://mstestadapter/v2" className="TwojeWesele.Services.Helpers.Tests.CurrencyHelperTests" name="FormatToStringTest1000" />
    </UnitTest>
    <UnitTest name="FormatToStringTest1000 (8347.417790138823,8347.42 zł)" storage="c:\projekty\mstestproject\bin\debug\netcoreapp3.1\mstestproject.dll" id="86cfb852-e679-46ec-aa6c-acf62f86deb3">
      <TestCategory>
        <TestCategoryItem TestCategory="Category1000" />
      </TestCategory>
      <Execution id="4afc98ee-52a3-496f-9607-3723fc4abffa" />
      <TestMethod codeBase="C:\Projekty\MSTestProject\bin\Debug\netcoreapp3.1\MSTestProject.dll" adapterTypeName="executor://mstestadapter/v2" className="TwojeWesele.Services.Helpers.Tests.CurrencyHelperTests" name="FormatToStringTest1000" />
    </UnitTest>
    <UnitTest name="FormatToStringTest1000 (30126.012320622805,30126.01 zł)" storage="c:\projekty\mstestproject\bin\debug\netcoreapp3.1\mstestproject.dll" id="b4002620-d59f-4f97-84ee-4dc352f44fc2">
      <TestCategory>
        <TestCategoryItem TestCategory="Category1000" />
      </TestCategory>
      <Execution id="8e5f75fc-cab1-4435-9579-ad1692d872e8" />
      <TestMethod codeBase="C:\Projekty\MSTestProject\bin\Debug\netcoreapp3.1\MSTestProject.dll" adapterTypeName="executor://mstestadapter/v2" className="TwojeWesele.Services.Helpers.Tests.CurrencyHelperTests" name="FormatToStringTest1000" />
    </UnitTest>
    <UnitTest name="FormatToStringTest1000 (72802.68569213277,72802.69 zł)" storage="c:\projekty\mstestproject\bin\debug\netcoreapp3.1\mstestproject.dll" id="1eb228ae-9eda-47fb-a3f3-fabcd9218f7a">
      <TestCategory>
        <TestCategoryItem TestCategory="Category1000" />
      </TestCategory>
      <Execution id="8cec1ea7-6cbf-4fa1-a811-42c632ac8b0c" />
      <TestMethod codeBase="C:\Projekty\MSTestProject\bin\Debug\netcoreapp3.1\MSTestProject.dll" adapterTypeName="executor://mstestadapter/v2" className="TwojeWesele.Services.Helpers.Tests.CurrencyHelperTests" name="FormatToStringTest1000" />
    </UnitTest>
    <UnitTest name="FormatToStringTest1000 (10965.74607995746,10965.75 zł)" storage="c:\projekty\mstestproject\bin\debug\netcoreapp3.1\mstestproject.dll" id="c360e2bd-bb5f-4761-b5f0-b1fbde30f09d">
      <TestCategory>
        <TestCategoryItem TestCategory="Category1000" />
      </TestCategory>
      <Execution id="310a0d26-85ba-48be-9387-6b1c271db3b0" />
      <TestMethod codeBase="C:\Projekty\MSTestProject\bin\Debug\netcoreapp3.1\MSTestProject.dll" adapterTypeName="executor://mstestadapter/v2" className="TwojeWesele.Services.Helpers.Tests.CurrencyHelperTests" name="FormatToStringTest1000" />
    </UnitTest>
    <UnitTest name="FormatToStringTest1000 (4636.500544966897,4636.50 zł)" storage="c:\projekty\mstestproject\bin\debug\netcoreapp3.1\mstestproject.dll" id="0a18ba40-8ae0-4e3e-9043-a90a9ce87f80">
      <TestCategory>
        <TestCategoryItem TestCategory="Category1000" />
      </TestCategory>
      <Execution id="7af2da6b-caf3-487e-8393-ef5f8701ee3a" />
      <TestMethod codeBase="C:\Projekty\MSTestProject\bin\Debug\netcoreapp3.1\MSTestProject.dll" adapterTypeName="executor://mstestadapter/v2" className="TwojeWesele.Services.Helpers.Tests.CurrencyHelperTests" name="FormatToStringTest1000" />
    </UnitTest>
    <UnitTest name="FormatToStringTest1000 (4094.6752323977066,4094.68 zł)" storage="c:\projekty\mstestproject\bin\debug\netcoreapp3.1\mstestproject.dll" id="567667ee-d29e-43c1-be3e-08bd30cdd7cb">
      <TestCategory>
        <TestCategoryItem TestCategory="Category1000" />
      </TestCategory>
      <Execution id="4fafa39f-43b7-48c1-9e2f-1f40f90776da" />
      <TestMethod codeBase="C:\Projekty\MSTestProject\bin\Debug\netcoreapp3.1\MSTestProject.dll" adapterTypeName="executor://mstestadapter/v2" className="TwojeWesele.Services.Helpers.Tests.CurrencyHelperTests" name="FormatToStringTest1000" />
    </UnitTest>
    <UnitTest name="FormatToStringTest1000 (12949.590713378317,12949.59 zł)" storage="c:\projekty\mstestproject\bin\debug\netcoreapp3.1\mstestproject.dll" id="47e7b9da-43d5-4213-906d-0b7f18a11fb4">
      <TestCategory>
        <TestCategoryItem TestCategory="Category1000" />
      </TestCategory>
      <Execution id="df22279e-328b-4826-855a-8c4ff4da5cb0" />
      <TestMethod codeBase="C:\Projekty\MSTestProject\bin\Debug\netcoreapp3.1\MSTestProject.dll" adapterTypeName="executor://mstestadapter/v2" className="TwojeWesele.Services.Helpers.Tests.CurrencyHelperTests" name="FormatToStringTest1000" />
    </UnitTest>
    <UnitTest name="FormatToStringTest1000 (67380.07704875062,67380.08 zł)" storage="c:\projekty\mstestproject\bin\debug\netcoreapp3.1\mstestproject.dll" id="950bcfc2-1a59-4822-9e0e-25353bd1321e">
      <TestCategory>
        <TestCategoryItem TestCategory="Category1000" />
      </TestCategory>
      <Execution id="b092dc35-a238-45ba-9290-c77e9c2ac535" />
      <TestMethod codeBase="C:\Projekty\MSTestProject\bin\Debug\netcoreapp3.1\MSTestProject.dll" adapterTypeName="executor://mstestadapter/v2" className="TwojeWesele.Services.Helpers.Tests.CurrencyHelperTests" name="FormatToStringTest1000" />
    </UnitTest>
    <UnitTest name="FormatToStringTest1000 (4525.609305084501,4525.61 zł)" storage="c:\projekty\mstestproject\bin\debug\netcoreapp3.1\mstestproject.dll" id="4dcd6ba1-4c5a-4c62-9c68-98d35b659456">
      <TestCategory>
        <TestCategoryItem TestCategory="Category1000" />
      </TestCategory>
      <Execution id="8e3744c5-1761-48da-bb8a-96447684dcca" />
      <TestMethod codeBase="C:\Projekty\MSTestProject\bin\Debug\netcoreapp3.1\MSTestProject.dll" adapterTypeName="executor://mstestadapter/v2" className="TwojeWesele.Services.Helpers.Tests.CurrencyHelperTests" name="FormatToStringTest1000" />
    </UnitTest>
    <UnitTest name="FormatToStringTest1000 (13568.230982493717,13568.23 zł)" storage="c:\projekty\mstestproject\bin\debug\netcoreapp3.1\mstestproject.dll" id="412ac5ac-62c6-41c0-9c90-3be63c34a06f">
      <TestCategory>
        <TestCategoryItem TestCategory="Category1000" />
      </TestCategory>
      <Execution id="6b3eba31-8169-4be2-a696-0c4d4fccbb27" />
      <TestMethod codeBase="C:\Projekty\MSTestProject\bin\Debug\netcoreapp3.1\MSTestProject.dll" adapterTypeName="executor://mstestadapter/v2" className="TwojeWesele.Services.Helpers.Tests.CurrencyHelperTests" name="FormatToStringTest1000" />
    </UnitTest>
    <UnitTest name="FormatToStringTest1000 (7594.279030504766,7594.28 zł)" storage="c:\projekty\mstestproject\bin\debug\netcoreapp3.1\mstestproject.dll" id="9aaa537d-c4b7-410b-b439-89b83a2546bf">
      <TestCategory>
        <TestCategoryItem TestCategory="Category1000" />
      </TestCategory>
      <Execution id="123a1afc-8b84-4686-b7c4-bd5b2aa68b86" />
      <TestMethod codeBase="C:\Projekty\MSTestProject\bin\Debug\netcoreapp3.1\MSTestProject.dll" adapterTypeName="executor://mstestadapter/v2" className="TwojeWesele.Services.Helpers.Tests.CurrencyHelperTests" name="FormatToStringTest1000" />
    </UnitTest>
    <UnitTest name="FormatToStringTest1000 (1474.699818629166,1474.70 zł)" storage="c:\projekty\mstestproject\bin\debug\netcoreapp3.1\mstestproject.dll" id="15957cf7-35da-42c6-8f79-f4dbcc27e5c5">
      <TestCategory>
        <TestCategoryItem TestCategory="Category1000" />
      </TestCategory>
      <Execution id="912ce585-709a-4efb-accc-6576b36bfbb8" />
      <TestMethod codeBase="C:\Projekty\MSTestProject\bin\Debug\netcoreapp3.1\MSTestProject.dll" adapterTypeName="executor://mstestadapter/v2" className="TwojeWesele.Services.Helpers.Tests.CurrencyHelperTests" name="FormatToStringTest1000" />
    </UnitTest>
    <UnitTest name="FormatToStringTest1000 (5840.747097845071,5840.75 zł)" storage="c:\projekty\mstestproject\bin\debug\netcoreapp3.1\mstestproject.dll" id="f0ed4011-072b-4408-9586-9c9545292a40">
      <TestCategory>
        <TestCategoryItem TestCategory="Category1000" />
      </TestCategory>
      <Execution id="c384448d-3c0d-4694-96ea-2cb1811da9d7" />
      <TestMethod codeBase="C:\Projekty\MSTestProject\bin\Debug\netcoreapp3.1\MSTestProject.dll" adapterTypeName="executor://mstestadapter/v2" className="TwojeWesele.Services.Helpers.Tests.CurrencyHelperTests" name="FormatToStringTest1000" />
    </UnitTest>
    <UnitTest name="FormatToStringTest1000 (35.34471716840971,35.34 zł)" storage="c:\projekty\mstestproject\bin\debug\netcoreapp3.1\mstestproject.dll" id="37d87db1-f4ae-4e01-8215-48c92c938982">
      <TestCategory>
        <TestCategoryItem TestCategory="Category1000" />
      </TestCategory>
      <Execution id="36b566ab-7c9d-4fed-9373-1ad07f58cf83" />
      <TestMethod codeBase="C:\Projekty\MSTestProject\bin\Debug\netcoreapp3.1\MSTestProject.dll" adapterTypeName="executor://mstestadapter/v2" className="TwojeWesele.Services.Helpers.Tests.CurrencyHelperTests" name="FormatToStringTest1000" />
    </UnitTest>
    <UnitTest name="FormatToStringTest1000 (11175.438820935526,11175.44 zł)" storage="c:\projekty\mstestproject\bin\debug\netcoreapp3.1\mstestproject.dll" id="88d2f738-1876-4f9d-a381-caa27a1af0a1">
      <TestCategory>
        <TestCategoryItem TestCategory="Category1000" />
      </TestCategory>
      <Execution id="2c9fbce9-1d69-4800-b35c-5b04085f7aa8" />
      <TestMethod codeBase="C:\Projekty\MSTestProject\bin\Debug\netcoreapp3.1\MSTestProject.dll" adapterTypeName="executor://mstestadapter/v2" className="TwojeWesele.Services.Helpers.Tests.CurrencyHelperTests" name="FormatToStringTest1000" />
    </UnitTest>
    <UnitTest name="FormatToStringTest1000 (35714.78133482243,35714.78 zł)" storage="c:\projekty\mstestproject\bin\debug\netcoreapp3.1\mstestproject.dll" id="e12a6485-8563-4d33-b350-cf30e56ce35a">
      <TestCategory>
        <TestCategoryItem TestCategory="Category1000" />
      </TestCategory>
      <Execution id="c27145f4-a42c-4d9e-bf1a-bc8e537d02b8" />
      <TestMethod codeBase="C:\Projekty\MSTestProject\bin\Debug\netcoreapp3.1\MSTestProject.dll" adapterTypeName="executor://mstestadapter/v2" className="TwojeWesele.Services.Helpers.Tests.CurrencyHelperTests" name="FormatToStringTest1000" />
    </UnitTest>
    <UnitTest name="FormatToStringTest1000 (238.1379397484185,238.14 zł)" storage="c:\projekty\mstestproject\bin\debug\netcoreapp3.1\mstestproject.dll" id="2bd31312-78bb-4cc6-a7ea-093690e511d4">
      <TestCategory>
        <TestCategoryItem TestCategory="Category1000" />
      </TestCategory>
      <Execution id="6b4e1589-8e35-404f-acdf-1a8b9ede25a5" />
      <TestMethod codeBase="C:\Projekty\MSTestProject\bin\Debug\netcoreapp3.1\MSTestProject.dll" adapterTypeName="executor://mstestadapter/v2" className="TwojeWesele.Services.Helpers.Tests.CurrencyHelperTests" name="FormatToStringTest1000" />
    </UnitTest>
    <UnitTest name="FormatToStringTest1000 (6838.422316571894,6838.42 zł)" storage="c:\projekty\mstestproject\bin\debug\netcoreapp3.1\mstestproject.dll" id="545facbc-651d-485a-9c01-e60bcdb7cb37">
      <TestCategory>
        <TestCategoryItem TestCategory="Category1000" />
      </TestCategory>
      <Execution id="cd31bba4-b0ba-45ed-ab42-bdc03b6e69db" />
      <TestMethod codeBase="C:\Projekty\MSTestProject\bin\Debug\netcoreapp3.1\MSTestProject.dll" adapterTypeName="executor://mstestadapter/v2" className="TwojeWesele.Services.Helpers.Tests.CurrencyHelperTests" name="FormatToStringTest1000" />
    </UnitTest>
    <UnitTest name="FormatToStringTest1000 (28298.945361683585,28298.95 zł)" storage="c:\projekty\mstestproject\bin\debug\netcoreapp3.1\mstestproject.dll" id="0cb12b56-4097-4ed1-99d3-017bed08abbc">
      <TestCategory>
        <TestCategoryItem TestCategory="Category1000" />
      </TestCategory>
      <Execution id="60c3f56f-9167-4cd3-ab8e-4bfe382612d8" />
      <TestMethod codeBase="C:\Projekty\MSTestProject\bin\Debug\netcoreapp3.1\MSTestProject.dll" adapterTypeName="executor://mstestadapter/v2" className="TwojeWesele.Services.Helpers.Tests.CurrencyHelperTests" name="FormatToStringTest1000" />
    </UnitTest>
    <UnitTest name="FormatToStringTest1000 (59768.02667973611,59768.03 zł)" storage="c:\projekty\mstestproject\bin\debug\netcoreapp3.1\mstestproject.dll" id="c3bdc180-8384-4f13-b04d-5182fa7fa45e">
      <TestCategory>
        <TestCategoryItem TestCategory="Category1000" />
      </TestCategory>
      <Execution id="745bd5d7-3991-4c1c-8310-65e8d37ea6d6" />
      <TestMethod codeBase="C:\Projekty\MSTestProject\bin\Debug\netcoreapp3.1\MSTestProject.dll" adapterTypeName="executor://mstestadapter/v2" className="TwojeWesele.Services.Helpers.Tests.CurrencyHelperTests" name="FormatToStringTest1000" />
    </UnitTest>
    <UnitTest name="FormatToStringTest1000 (5254.6338787505565,5254.63 zł)" storage="c:\projekty\mstestproject\bin\debug\netcoreapp3.1\mstestproject.dll" id="3211a799-f536-4867-b30e-0858e4397502">
      <TestCategory>
        <TestCategoryItem TestCategory="Category1000" />
      </TestCategory>
      <Execution id="811e61d2-99ff-49c3-80db-f19e36a622a1" />
      <TestMethod codeBase="C:\Projekty\MSTestProject\bin\Debug\netcoreapp3.1\MSTestProject.dll" adapterTypeName="executor://mstestadapter/v2" className="TwojeWesele.Services.Helpers.Tests.CurrencyHelperTests" name="FormatToStringTest1000" />
    </UnitTest>
    <UnitTest name="FormatToStringTest1000 (75514.58914517732,75514.59 zł)" storage="c:\projekty\mstestproject\bin\debug\netcoreapp3.1\mstestproject.dll" id="14590723-1e73-4f8a-816a-b0eaff898e44">
      <TestCategory>
        <TestCategoryItem TestCategory="Category1000" />
      </TestCategory>
      <Execution id="66597b29-a3df-4bb4-841c-6500f9446d19" />
      <TestMethod codeBase="C:\Projekty\MSTestProject\bin\Debug\netcoreapp3.1\MSTestProject.dll" adapterTypeName="executor://mstestadapter/v2" className="TwojeWesele.Services.Helpers.Tests.CurrencyHelperTests" name="FormatToStringTest1000" />
    </UnitTest>
    <UnitTest name="FormatToStringTest1000 (236.20263638589657,236.20 zł)" storage="c:\projekty\mstestproject\bin\debug\netcoreapp3.1\mstestproject.dll" id="e5019dac-b11f-44c8-b794-e4ea618cd332">
      <TestCategory>
        <TestCategoryItem TestCategory="Category1000" />
      </TestCategory>
      <Execution id="c624280b-a307-4085-94ed-dd37332c3e3f" />
      <TestMethod codeBase="C:\Projekty\MSTestProject\bin\Debug\netcoreapp3.1\MSTestProject.dll" adapterTypeName="executor://mstestadapter/v2" className="TwojeWesele.Services.Helpers.Tests.CurrencyHelperTests" name="FormatToStringTest1000" />
    </UnitTest>
    <UnitTest name="FormatToStringTest1000 (4898.699005344277,4898.70 zł)" storage="c:\projekty\mstestproject\bin\debug\netcoreapp3.1\mstestproject.dll" id="db6da951-ddff-4fb7-ab30-e87b37fceeb9">
      <TestCategory>
        <TestCategoryItem TestCategory="Category1000" />
      </TestCategory>
      <Execution id="4673a6b1-c60f-4f3a-a2e5-25535c3ae08e" />
      <TestMethod codeBase="C:\Projekty\MSTestProject\bin\Debug\netcoreapp3.1\MSTestProject.dll" adapterTypeName="executor://mstestadapter/v2" className="TwojeWesele.Services.Helpers.Tests.CurrencyHelperTests" name="FormatToStringTest1000" />
    </UnitTest>
    <UnitTest name="FormatToStringTest1000 (48449.85582609189,48449.86 zł)" storage="c:\projekty\mstestproject\bin\debug\netcoreapp3.1\mstestproject.dll" id="34d9634a-03ad-40af-ab44-f83d0649bd27">
      <TestCategory>
        <TestCategoryItem TestCategory="Category1000" />
      </TestCategory>
      <Execution id="ca8246ce-e7d3-4191-a690-c0c93f26423f" />
      <TestMethod codeBase="C:\Projekty\MSTestProject\bin\Debug\netcoreapp3.1\MSTestProject.dll" adapterTypeName="executor://mstestadapter/v2" className="TwojeWesele.Services.Helpers.Tests.CurrencyHelperTests" name="FormatToStringTest1000" />
    </UnitTest>
    <UnitTest name="FormatToStringTest1000 (4121.116360678857,4121.12 zł)" storage="c:\projekty\mstestproject\bin\debug\netcoreapp3.1\mstestproject.dll" id="9a2c73f3-175f-4b6c-81d2-0f97c85ffe08">
      <TestCategory>
        <TestCategoryItem TestCategory="Category1000" />
      </TestCategory>
      <Execution id="a6a7946c-6b78-43a3-88c4-45b2c2700d23" />
      <TestMethod codeBase="C:\Projekty\MSTestProject\bin\Debug\netcoreapp3.1\MSTestProject.dll" adapterTypeName="executor://mstestadapter/v2" className="TwojeWesele.Services.Helpers.Tests.CurrencyHelperTests" name="FormatToStringTest1000" />
    </UnitTest>
    <UnitTest name="FormatToStringTest1000 (45739.569854490255,45739.57 zł)" storage="c:\projekty\mstestproject\bin\debug\netcoreapp3.1\mstestproject.dll" id="06d94465-6b4c-48ae-a9fe-f8d4efb52221">
      <TestCategory>
        <TestCategoryItem TestCategory="Category1000" />
      </TestCategory>
      <Execution id="f9ccddd2-5be1-4f2e-905e-5fb597331b7c" />
      <TestMethod codeBase="C:\Projekty\MSTestProject\bin\Debug\netcoreapp3.1\MSTestProject.dll" adapterTypeName="executor://mstestadapter/v2" className="TwojeWesele.Services.Helpers.Tests.CurrencyHelperTests" name="FormatToStringTest1000" />
    </UnitTest>
    <UnitTest name="FormatToStringTest1000 (10661.19584154207,10661.20 zł)" storage="c:\projekty\mstestproject\bin\debug\netcoreapp3.1\mstestproject.dll" id="fb992e3a-2e2e-4dd5-80f9-dde21ef323fc">
      <TestCategory>
        <TestCategoryItem TestCategory="Category1000" />
      </TestCategory>
      <Execution id="099a246a-2b61-47dd-9102-e0c15ef39068" />
      <TestMethod codeBase="C:\Projekty\MSTestProject\bin\Debug\netcoreapp3.1\MSTestProject.dll" adapterTypeName="executor://mstestadapter/v2" className="TwojeWesele.Services.Helpers.Tests.CurrencyHelperTests" name="FormatToStringTest1000" />
    </UnitTest>
    <UnitTest name="FormatToStringTest1000 (2298.0331723829886,2298.03 zł)" storage="c:\projekty\mstestproject\bin\debug\netcoreapp3.1\mstestproject.dll" id="ad78f80c-61cf-463e-b80f-f33c46ab87d7">
      <TestCategory>
        <TestCategoryItem TestCategory="Category1000" />
      </TestCategory>
      <Execution id="1cf7170f-fe4d-4a59-84ab-962c40faede3" />
      <TestMethod codeBase="C:\Projekty\MSTestProject\bin\Debug\netcoreapp3.1\MSTestProject.dll" adapterTypeName="executor://mstestadapter/v2" className="TwojeWesele.Services.Helpers.Tests.CurrencyHelperTests" name="FormatToStringTest1000" />
    </UnitTest>
    <UnitTest name="FormatToStringTest1000 (52020.805412759444,52020.81 zł)" storage="c:\projekty\mstestproject\bin\debug\netcoreapp3.1\mstestproject.dll" id="4100e00c-39f4-4ae8-8543-01f7b1db72a5">
      <TestCategory>
        <TestCategoryItem TestCategory="Category1000" />
      </TestCategory>
      <Execution id="6f8a98d2-8296-4527-9234-63b40b9d616e" />
      <TestMethod codeBase="C:\Projekty\MSTestProject\bin\Debug\netcoreapp3.1\MSTestProject.dll" adapterTypeName="executor://mstestadapter/v2" className="TwojeWesele.Services.Helpers.Tests.CurrencyHelperTests" name="FormatToStringTest1000" />
    </UnitTest>
    <UnitTest name="FormatToStringTest1000 (13574.683315038068,13574.68 zł)" storage="c:\projekty\mstestproject\bin\debug\netcoreapp3.1\mstestproject.dll" id="c1055154-f152-4423-b5bc-b2f1ba35d237">
      <TestCategory>
        <TestCategoryItem TestCategory="Category1000" />
      </TestCategory>
      <Execution id="e7fbeeff-c85e-4c57-a7a7-46b9e5a1ac97" />
      <TestMethod codeBase="C:\Projekty\MSTestProject\bin\Debug\netcoreapp3.1\MSTestProject.dll" adapterTypeName="executor://mstestadapter/v2" className="TwojeWesele.Services.Helpers.Tests.CurrencyHelperTests" name="FormatToStringTest1000" />
    </UnitTest>
    <UnitTest name="FormatToStringTest1000 (27187.549022783314,27187.55 zł)" storage="c:\projekty\mstestproject\bin\debug\netcoreapp3.1\mstestproject.dll" id="a2c14ab1-929c-475f-91b6-c26a9d2df231">
      <TestCategory>
        <TestCategoryItem TestCategory="Category1000" />
      </TestCategory>
      <Execution id="c2089633-56e9-42b5-9cff-33e1cfb6774e" />
      <TestMethod codeBase="C:\Projekty\MSTestProject\bin\Debug\netcoreapp3.1\MSTestProject.dll" adapterTypeName="executor://mstestadapter/v2" className="TwojeWesele.Services.Helpers.Tests.CurrencyHelperTests" name="FormatToStringTest1000" />
    </UnitTest>
    <UnitTest name="FormatToStringTest1000 (823.2747994560166,823.27 zł)" storage="c:\projekty\mstestproject\bin\debug\netcoreapp3.1\mstestproject.dll" id="8b73311c-baaa-4154-a8df-ffe9f7b76d5b">
      <TestCategory>
        <TestCategoryItem TestCategory="Category1000" />
      </TestCategory>
      <Execution id="53908aec-196b-4e63-8ad8-cc7a022ff3f5" />
      <TestMethod codeBase="C:\Projekty\MSTestProject\bin\Debug\netcoreapp3.1\MSTestProject.dll" adapterTypeName="executor://mstestadapter/v2" className="TwojeWesele.Services.Helpers.Tests.CurrencyHelperTests" name="FormatToStringTest1000" />
    </UnitTest>
    <UnitTest name="FormatToStringTest1000 (7789.7136237517525,7789.71 zł)" storage="c:\projekty\mstestproject\bin\debug\netcoreapp3.1\mstestproject.dll" id="aad1b9b1-f963-413a-b66a-69748f67a228">
      <TestCategory>
        <TestCategoryItem TestCategory="Category1000" />
      </TestCategory>
      <Execution id="a0d94f88-3a3c-42a2-9fdc-2a9f46a031b8" />
      <TestMethod codeBase="C:\Projekty\MSTestProject\bin\Debug\netcoreapp3.1\MSTestProject.dll" adapterTypeName="executor://mstestadapter/v2" className="TwojeWesele.Services.Helpers.Tests.CurrencyHelperTests" name="FormatToStringTest1000" />
    </UnitTest>
    <UnitTest name="FormatToStringTest1000 (50507.0104155615,50507.01 zł)" storage="c:\projekty\mstestproject\bin\debug\netcoreapp3.1\mstestproject.dll" id="18933332-dd11-474f-ac72-051cfef24f83">
      <TestCategory>
        <TestCategoryItem TestCategory="Category1000" />
      </TestCategory>
      <Execution id="db7a581e-f594-4169-9a54-34abd10cb34b" />
      <TestMethod codeBase="C:\Projekty\MSTestProject\bin\Debug\netcoreapp3.1\MSTestProject.dll" adapterTypeName="executor://mstestadapter/v2" className="TwojeWesele.Services.Helpers.Tests.CurrencyHelperTests" name="FormatToStringTest1000" />
    </UnitTest>
    <UnitTest name="FormatToStringTest1000 (20497.107923553376,20497.11 zł)" storage="c:\projekty\mstestproject\bin\debug\netcoreapp3.1\mstestproject.dll" id="1dbf8720-a787-40b6-be44-4c6b6b9372ff">
      <TestCategory>
        <TestCategoryItem TestCategory="Category1000" />
      </TestCategory>
      <Execution id="f0f268e5-e884-40a6-b6cf-60e4ffecccce" />
      <TestMethod codeBase="C:\Projekty\MSTestProject\bin\Debug\netcoreapp3.1\MSTestProject.dll" adapterTypeName="executor://mstestadapter/v2" className="TwojeWesele.Services.Helpers.Tests.CurrencyHelperTests" name="FormatToStringTest1000" />
    </UnitTest>
    <UnitTest name="FormatToStringTest1000 (11.555284778846096,11.56 zł)" storage="c:\projekty\mstestproject\bin\debug\netcoreapp3.1\mstestproject.dll" id="efc558ba-c422-4058-9bff-06f3b19c9a44">
      <TestCategory>
        <TestCategoryItem TestCategory="Category1000" />
      </TestCategory>
      <Execution id="87f9d36c-0a18-4a0c-bd16-2bb88f9d9a26" />
      <TestMethod codeBase="C:\Projekty\MSTestProject\bin\Debug\netcoreapp3.1\MSTestProject.dll" adapterTypeName="executor://mstestadapter/v2" className="TwojeWesele.Services.Helpers.Tests.CurrencyHelperTests" name="FormatToStringTest1000" />
    </UnitTest>
    <UnitTest name="FormatToStringTest1000 (72659.37876478041,72659.38 zł)" storage="c:\projekty\mstestproject\bin\debug\netcoreapp3.1\mstestproject.dll" id="c6a53a55-d22a-40d9-ab26-dacdb7e3b2e8">
      <TestCategory>
        <TestCategoryItem TestCategory="Category1000" />
      </TestCategory>
      <Execution id="06b3adab-5cc7-4e7d-8060-092a93973f96" />
      <TestMethod codeBase="C:\Projekty\MSTestProject\bin\Debug\netcoreapp3.1\MSTestProject.dll" adapterTypeName="executor://mstestadapter/v2" className="TwojeWesele.Services.Helpers.Tests.CurrencyHelperTests" name="FormatToStringTest1000" />
    </UnitTest>
    <UnitTest name="FormatToStringTest1000 (480.2082316857801,480.21 zł)" storage="c:\projekty\mstestproject\bin\debug\netcoreapp3.1\mstestproject.dll" id="6ad79b39-37fd-4561-b61f-dcad45e0739c">
      <TestCategory>
        <TestCategoryItem TestCategory="Category1000" />
      </TestCategory>
      <Execution id="f539c5d1-13b9-4c45-a07a-88838d7a4ace" />
      <TestMethod codeBase="C:\Projekty\MSTestProject\bin\Debug\netcoreapp3.1\MSTestProject.dll" adapterTypeName="executor://mstestadapter/v2" className="TwojeWesele.Services.Helpers.Tests.CurrencyHelperTests" name="FormatToStringTest1000" />
    </UnitTest>
    <UnitTest name="FormatToStringTest1000 (25288.32036814574,25288.32 zł)" storage="c:\projekty\mstestproject\bin\debug\netcoreapp3.1\mstestproject.dll" id="37854187-af41-412c-a345-89858e193e37">
      <TestCategory>
        <TestCategoryItem TestCategory="Category1000" />
      </TestCategory>
      <Execution id="56806e1f-54f2-495a-a022-79b4b1279576" />
      <TestMethod codeBase="C:\Projekty\MSTestProject\bin\Debug\netcoreapp3.1\MSTestProject.dll" adapterTypeName="executor://mstestadapter/v2" className="TwojeWesele.Services.Helpers.Tests.CurrencyHelperTests" name="FormatToStringTest1000" />
    </UnitTest>
    <UnitTest name="FormatToStringTest1000 (21328.29026726507,21328.29 zł)" storage="c:\projekty\mstestproject\bin\debug\netcoreapp3.1\mstestproject.dll" id="1176f83a-b070-4bcb-a3e3-fb7a83e9fbb7">
      <TestCategory>
        <TestCategoryItem TestCategory="Category1000" />
      </TestCategory>
      <Execution id="addd25de-362a-423f-a48f-385b66b13168" />
      <TestMethod codeBase="C:\Projekty\MSTestProject\bin\Debug\netcoreapp3.1\MSTestProject.dll" adapterTypeName="executor://mstestadapter/v2" className="TwojeWesele.Services.Helpers.Tests.CurrencyHelperTests" name="FormatToStringTest1000" />
    </UnitTest>
    <UnitTest name="FormatToStringTest1000 (15624.452361264477,15624.45 zł)" storage="c:\projekty\mstestproject\bin\debug\netcoreapp3.1\mstestproject.dll" id="689878b3-84f3-4eec-8431-c7beef5038c1">
      <TestCategory>
        <TestCategoryItem TestCategory="Category1000" />
      </TestCategory>
      <Execution id="c66c6242-58bb-4174-9dcf-e4a2545249d9" />
      <TestMethod codeBase="C:\Projekty\MSTestProject\bin\Debug\netcoreapp3.1\MSTestProject.dll" adapterTypeName="executor://mstestadapter/v2" className="TwojeWesele.Services.Helpers.Tests.CurrencyHelperTests" name="FormatToStringTest1000" />
    </UnitTest>
    <UnitTest name="FormatToStringTest1000 (8242.419043611,8242.42 zł)" storage="c:\projekty\mstestproject\bin\debug\netcoreapp3.1\mstestproject.dll" id="9fa317b0-241f-4237-9724-f9d76be077bf">
      <TestCategory>
        <TestCategoryItem TestCategory="Category1000" />
      </TestCategory>
      <Execution id="7c132d6b-cc2e-46c5-b182-3b3df437a17d" />
      <TestMethod codeBase="C:\Projekty\MSTestProject\bin\Debug\netcoreapp3.1\MSTestProject.dll" adapterTypeName="executor://mstestadapter/v2" className="TwojeWesele.Services.Helpers.Tests.CurrencyHelperTests" name="FormatToStringTest1000" />
    </UnitTest>
    <UnitTest name="FormatToStringTest1000 (17798.633951516185,17798.63 zł)" storage="c:\projekty\mstestproject\bin\debug\netcoreapp3.1\mstestproject.dll" id="f4360abb-8ed2-4e86-a9ad-b533f771e7f2">
      <TestCategory>
        <TestCategoryItem TestCategory="Category1000" />
      </TestCategory>
      <Execution id="12825a8f-13e8-470b-bd6a-6254ffcc8f5c" />
      <TestMethod codeBase="C:\Projekty\MSTestProject\bin\Debug\netcoreapp3.1\MSTestProject.dll" adapterTypeName="executor://mstestadapter/v2" className="TwojeWesele.Services.Helpers.Tests.CurrencyHelperTests" name="FormatToStringTest1000" />
    </UnitTest>
    <UnitTest name="FormatToStringTest1000 (77904.0088552246,77904.01 zł)" storage="c:\projekty\mstestproject\bin\debug\netcoreapp3.1\mstestproject.dll" id="ed1283ce-4614-4f82-80ce-474f34425197">
      <TestCategory>
        <TestCategoryItem TestCategory="Category1000" />
      </TestCategory>
      <Execution id="7adb49d3-3d14-4a5f-a263-cee4786d942e" />
      <TestMethod codeBase="C:\Projekty\MSTestProject\bin\Debug\netcoreapp3.1\MSTestProject.dll" adapterTypeName="executor://mstestadapter/v2" className="TwojeWesele.Services.Helpers.Tests.CurrencyHelperTests" name="FormatToStringTest1000" />
    </UnitTest>
    <UnitTest name="FormatToStringTest1000 (76536.95853396178,76536.96 zł)" storage="c:\projekty\mstestproject\bin\debug\netcoreapp3.1\mstestproject.dll" id="4103b9ac-0142-49ca-9af3-a0de4c9d93cf">
      <TestCategory>
        <TestCategoryItem TestCategory="Category1000" />
      </TestCategory>
      <Execution id="987e6413-1d75-4539-87ad-dcde2e4c504f" />
      <TestMethod codeBase="C:\Projekty\MSTestProject\bin\Debug\netcoreapp3.1\MSTestProject.dll" adapterTypeName="executor://mstestadapter/v2" className="TwojeWesele.Services.Helpers.Tests.CurrencyHelperTests" name="FormatToStringTest1000" />
    </UnitTest>
    <UnitTest name="FormatToStringTest1000 (10370.0107542784,10370.01 zł)" storage="c:\projekty\mstestproject\bin\debug\netcoreapp3.1\mstestproject.dll" id="677d76ca-318b-45cd-b328-4fa2281a3597">
      <TestCategory>
        <TestCategoryItem TestCategory="Category1000" />
      </TestCategory>
      <Execution id="84e2e2a1-2e2a-45bc-beb0-0b2fd39ce421" />
      <TestMethod codeBase="C:\Projekty\MSTestProject\bin\Debug\netcoreapp3.1\MSTestProject.dll" adapterTypeName="executor://mstestadapter/v2" className="TwojeWesele.Services.Helpers.Tests.CurrencyHelperTests" name="FormatToStringTest1000" />
    </UnitTest>
    <UnitTest name="FormatToStringTest1000 (19189.32381924117,19189.32 zł)" storage="c:\projekty\mstestproject\bin\debug\netcoreapp3.1\mstestproject.dll" id="3518f0f4-2e55-4ca5-a96e-4be6d0aed22a">
      <TestCategory>
        <TestCategoryItem TestCategory="Category1000" />
      </TestCategory>
      <Execution id="623a7c43-b1e6-4ca4-80d9-cc3b17345300" />
      <TestMethod codeBase="C:\Projekty\MSTestProject\bin\Debug\netcoreapp3.1\MSTestProject.dll" adapterTypeName="executor://mstestadapter/v2" className="TwojeWesele.Services.Helpers.Tests.CurrencyHelperTests" name="FormatToStringTest1000" />
    </UnitTest>
    <UnitTest name="FormatToStringTest1000 (26223.99769144412,26224.00 zł)" storage="c:\projekty\mstestproject\bin\debug\netcoreapp3.1\mstestproject.dll" id="0402074e-4ac8-43db-986d-93119e6949da">
      <TestCategory>
        <TestCategoryItem TestCategory="Category1000" />
      </TestCategory>
      <Execution id="8c9d4730-94f3-4e65-b334-8dfc029f935e" />
      <TestMethod codeBase="C:\Projekty\MSTestProject\bin\Debug\netcoreapp3.1\MSTestProject.dll" adapterTypeName="executor://mstestadapter/v2" className="TwojeWesele.Services.Helpers.Tests.CurrencyHelperTests" name="FormatToStringTest1000" />
    </UnitTest>
    <UnitTest name="FormatToStringTest1000 (803.2448148733214,803.24 zł)" storage="c:\projekty\mstestproject\bin\debug\netcoreapp3.1\mstestproject.dll" id="4848e419-0269-420e-8305-952feada37ad">
      <TestCategory>
        <TestCategoryItem TestCategory="Category1000" />
      </TestCategory>
      <Execution id="c499500e-eb55-49f1-951c-b2cd5c5967e6" />
      <TestMethod codeBase="C:\Projekty\MSTestProject\bin\Debug\netcoreapp3.1\MSTestProject.dll" adapterTypeName="executor://mstestadapter/v2" className="TwojeWesele.Services.Helpers.Tests.CurrencyHelperTests" name="FormatToStringTest1000" />
    </UnitTest>
    <UnitTest name="FormatToStringTest1000 (159.83786031922224,159.84 zł)" storage="c:\projekty\mstestproject\bin\debug\netcoreapp3.1\mstestproject.dll" id="dc6d56c8-45ab-4d15-8490-cc5b8016c956">
      <TestCategory>
        <TestCategoryItem TestCategory="Category1000" />
      </TestCategory>
      <Execution id="c2ec2d20-50a8-4ae0-9071-8408d2076e9b" />
      <TestMethod codeBase="C:\Projekty\MSTestProject\bin\Debug\netcoreapp3.1\MSTestProject.dll" adapterTypeName="executor://mstestadapter/v2" className="TwojeWesele.Services.Helpers.Tests.CurrencyHelperTests" name="FormatToStringTest1000" />
    </UnitTest>
    <UnitTest name="FormatToStringTest1000 (68174.53068551492,68174.53 zł)" storage="c:\projekty\mstestproject\bin\debug\netcoreapp3.1\mstestproject.dll" id="77c3a487-72ef-4917-b299-29d6e4af088e">
      <TestCategory>
        <TestCategoryItem TestCategory="Category1000" />
      </TestCategory>
      <Execution id="bd929ca2-cf3c-4e1d-af4c-bbee107b9c7a" />
      <TestMethod codeBase="C:\Projekty\MSTestProject\bin\Debug\netcoreapp3.1\MSTestProject.dll" adapterTypeName="executor://mstestadapter/v2" className="TwojeWesele.Services.Helpers.Tests.CurrencyHelperTests" name="FormatToStringTest1000" />
    </UnitTest>
    <UnitTest name="FormatToStringTest1000 (18023.78504577455,18023.79 zł)" storage="c:\projekty\mstestproject\bin\debug\netcoreapp3.1\mstestproject.dll" id="e4e6be1a-d84b-427a-aed5-52d586bd2907">
      <TestCategory>
        <TestCategoryItem TestCategory="Category1000" />
      </TestCategory>
      <Execution id="08c5c13c-bd02-4f9c-89ef-a239d7070170" />
      <TestMethod codeBase="C:\Projekty\MSTestProject\bin\Debug\netcoreapp3.1\MSTestProject.dll" adapterTypeName="executor://mstestadapter/v2" className="TwojeWesele.Services.Helpers.Tests.CurrencyHelperTests" name="FormatToStringTest1000" />
    </UnitTest>
    <UnitTest name="FormatToStringTest1000 (2444.4726240530017,2444.47 zł)" storage="c:\projekty\mstestproject\bin\debug\netcoreapp3.1\mstestproject.dll" id="1a554178-2206-4769-b01c-cc385a6f647f">
      <TestCategory>
        <TestCategoryItem TestCategory="Category1000" />
      </TestCategory>
      <Execution id="bcfc7097-db17-4cf7-888e-efc6b11f857b" />
      <TestMethod codeBase="C:\Projekty\MSTestProject\bin\Debug\netcoreapp3.1\MSTestProject.dll" adapterTypeName="executor://mstestadapter/v2" className="TwojeWesele.Services.Helpers.Tests.CurrencyHelperTests" name="FormatToStringTest1000" />
    </UnitTest>
    <UnitTest name="FormatToStringTest1000 (14459.57059750686,14459.57 zł)" storage="c:\projekty\mstestproject\bin\debug\netcoreapp3.1\mstestproject.dll" id="4f676484-4c49-44f2-abc4-4534295957b4">
      <TestCategory>
        <TestCategoryItem TestCategory="Category1000" />
      </TestCategory>
      <Execution id="cd3fe94f-1ec6-472b-abf4-e6b029d35c47" />
      <TestMethod codeBase="C:\Projekty\MSTestProject\bin\Debug\netcoreapp3.1\MSTestProject.dll" adapterTypeName="executor://mstestadapter/v2" className="TwojeWesele.Services.Helpers.Tests.CurrencyHelperTests" name="FormatToStringTest1000" />
    </UnitTest>
    <UnitTest name="FormatToStringTest1000 (50956.25028206606,50956.25 zł)" storage="c:\projekty\mstestproject\bin\debug\netcoreapp3.1\mstestproject.dll" id="f5039ccf-4bff-4c69-9852-049c5ebd5016">
      <TestCategory>
        <TestCategoryItem TestCategory="Category1000" />
      </TestCategory>
      <Execution id="9d1a9781-26d8-48c5-a9e6-6c276f507d1f" />
      <TestMethod codeBase="C:\Projekty\MSTestProject\bin\Debug\netcoreapp3.1\MSTestProject.dll" adapterTypeName="executor://mstestadapter/v2" className="TwojeWesele.Services.Helpers.Tests.CurrencyHelperTests" name="FormatToStringTest1000" />
    </UnitTest>
    <UnitTest name="FormatToStringTest1000 (40889.35187774214,40889.35 zł)" storage="c:\projekty\mstestproject\bin\debug\netcoreapp3.1\mstestproject.dll" id="48717589-c1cc-47a5-b52f-9973dd1ff796">
      <TestCategory>
        <TestCategoryItem TestCategory="Category1000" />
      </TestCategory>
      <Execution id="985c5ad6-a5b7-427c-983b-13e9d8f7fa01" />
      <TestMethod codeBase="C:\Projekty\MSTestProject\bin\Debug\netcoreapp3.1\MSTestProject.dll" adapterTypeName="executor://mstestadapter/v2" className="TwojeWesele.Services.Helpers.Tests.CurrencyHelperTests" name="FormatToStringTest1000" />
    </UnitTest>
    <UnitTest name="FormatToStringTest1000 (19783.413847500186,19783.41 zł)" storage="c:\projekty\mstestproject\bin\debug\netcoreapp3.1\mstestproject.dll" id="113484ae-cf7b-48e0-b300-28bce2d7fece">
      <TestCategory>
        <TestCategoryItem TestCategory="Category1000" />
      </TestCategory>
      <Execution id="38d6b22b-5b6d-489d-939f-822d74ffd1d5" />
      <TestMethod codeBase="C:\Projekty\MSTestProject\bin\Debug\netcoreapp3.1\MSTestProject.dll" adapterTypeName="executor://mstestadapter/v2" className="TwojeWesele.Services.Helpers.Tests.CurrencyHelperTests" name="FormatToStringTest1000" />
    </UnitTest>
    <UnitTest name="FormatToStringTest1000 (12610.563163818122,12610.56 zł)" storage="c:\projekty\mstestproject\bin\debug\netcoreapp3.1\mstestproject.dll" id="5a7322c6-b361-48d1-b34c-94697c00f0c2">
      <TestCategory>
        <TestCategoryItem TestCategory="Category1000" />
      </TestCategory>
      <Execution id="cd982e4d-87a5-48a3-8669-93c358256ccf" />
      <TestMethod codeBase="C:\Projekty\MSTestProject\bin\Debug\netcoreapp3.1\MSTestProject.dll" adapterTypeName="executor://mstestadapter/v2" className="TwojeWesele.Services.Helpers.Tests.CurrencyHelperTests" name="FormatToStringTest1000" />
    </UnitTest>
    <UnitTest name="FormatToStringTest1000 (2166.4103293970275,2166.41 zł)" storage="c:\projekty\mstestproject\bin\debug\netcoreapp3.1\mstestproject.dll" id="dc45465b-35d2-42bc-a4b9-567ff9d5de88">
      <TestCategory>
        <TestCategoryItem TestCategory="Category1000" />
      </TestCategory>
      <Execution id="50291c3b-0efe-4af0-9c28-25f895c98494" />
      <TestMethod codeBase="C:\Projekty\MSTestProject\bin\Debug\netcoreapp3.1\MSTestProject.dll" adapterTypeName="executor://mstestadapter/v2" className="TwojeWesele.Services.Helpers.Tests.CurrencyHelperTests" name="FormatToStringTest1000" />
    </UnitTest>
    <UnitTest name="FormatToStringTest1000 (16208.076866391615,16208.08 zł)" storage="c:\projekty\mstestproject\bin\debug\netcoreapp3.1\mstestproject.dll" id="d1cce29a-0a77-4416-84b4-aa69076577f8">
      <TestCategory>
        <TestCategoryItem TestCategory="Category1000" />
      </TestCategory>
      <Execution id="52c3df19-350d-4327-9d24-23aa414160c8" />
      <TestMethod codeBase="C:\Projekty\MSTestProject\bin\Debug\netcoreapp3.1\MSTestProject.dll" adapterTypeName="executor://mstestadapter/v2" className="TwojeWesele.Services.Helpers.Tests.CurrencyHelperTests" name="FormatToStringTest1000" />
    </UnitTest>
    <UnitTest name="FormatToStringTest1000 (28072.424637532058,28072.42 zł)" storage="c:\projekty\mstestproject\bin\debug\netcoreapp3.1\mstestproject.dll" id="1bf88082-501a-490f-a5d6-65803fb5028a">
      <TestCategory>
        <TestCategoryItem TestCategory="Category1000" />
      </TestCategory>
      <Execution id="99cabbf2-2a77-4da5-a0c1-32da4a1eb6c9" />
      <TestMethod codeBase="C:\Projekty\MSTestProject\bin\Debug\netcoreapp3.1\MSTestProject.dll" adapterTypeName="executor://mstestadapter/v2" className="TwojeWesele.Services.Helpers.Tests.CurrencyHelperTests" name="FormatToStringTest1000" />
    </UnitTest>
    <UnitTest name="FormatToStringTest1000 (19463.08761954917,19463.09 zł)" storage="c:\projekty\mstestproject\bin\debug\netcoreapp3.1\mstestproject.dll" id="13ff2ba4-8f8f-4680-b39e-3a4732de08b3">
      <TestCategory>
        <TestCategoryItem TestCategory="Category1000" />
      </TestCategory>
      <Execution id="bc9a6385-28e5-4a4e-9137-a690f18f2edf" />
      <TestMethod codeBase="C:\Projekty\MSTestProject\bin\Debug\netcoreapp3.1\MSTestProject.dll" adapterTypeName="executor://mstestadapter/v2" className="TwojeWesele.Services.Helpers.Tests.CurrencyHelperTests" name="FormatToStringTest1000" />
    </UnitTest>
    <UnitTest name="FormatToStringTest1000 (19006.315459580772,19006.32 zł)" storage="c:\projekty\mstestproject\bin\debug\netcoreapp3.1\mstestproject.dll" id="14c4e615-1308-4016-b536-db6f71028342">
      <TestCategory>
        <TestCategoryItem TestCategory="Category1000" />
      </TestCategory>
      <Execution id="8fa4d733-93f5-43a1-ac3a-59840f61b1dc" />
      <TestMethod codeBase="C:\Projekty\MSTestProject\bin\Debug\netcoreapp3.1\MSTestProject.dll" adapterTypeName="executor://mstestadapter/v2" className="TwojeWesele.Services.Helpers.Tests.CurrencyHelperTests" name="FormatToStringTest1000" />
    </UnitTest>
    <UnitTest name="FormatToStringTest1000 (115.26302841131717,115.26 zł)" storage="c:\projekty\mstestproject\bin\debug\netcoreapp3.1\mstestproject.dll" id="828c217b-a575-440f-b58c-a02339c8054d">
      <TestCategory>
        <TestCategoryItem TestCategory="Category1000" />
      </TestCategory>
      <Execution id="f1e9e497-da44-49ed-8749-6668fc560ae2" />
      <TestMethod codeBase="C:\Projekty\MSTestProject\bin\Debug\netcoreapp3.1\MSTestProject.dll" adapterTypeName="executor://mstestadapter/v2" className="TwojeWesele.Services.Helpers.Tests.CurrencyHelperTests" name="FormatToStringTest1000" />
    </UnitTest>
    <UnitTest name="FormatToStringTest1000 (6170.939441211959,6170.94 zł)" storage="c:\projekty\mstestproject\bin\debug\netcoreapp3.1\mstestproject.dll" id="1e923ab3-2032-47fe-bc35-246b83435309">
      <TestCategory>
        <TestCategoryItem TestCategory="Category1000" />
      </TestCategory>
      <Execution id="09a969a6-dea5-4d4b-b87d-f2cdad6b5e6e" />
      <TestMethod codeBase="C:\Projekty\MSTestProject\bin\Debug\netcoreapp3.1\MSTestProject.dll" adapterTypeName="executor://mstestadapter/v2" className="TwojeWesele.Services.Helpers.Tests.CurrencyHelperTests" name="FormatToStringTest1000" />
    </UnitTest>
    <UnitTest name="FormatToStringTest1000 (12202.860111308684,12202.86 zł)" storage="c:\projekty\mstestproject\bin\debug\netcoreapp3.1\mstestproject.dll" id="1d3f2eb5-4be5-4a54-9354-91d9796a78a5">
      <TestCategory>
        <TestCategoryItem TestCategory="Category1000" />
      </TestCategory>
      <Execution id="b4bcfc56-89a0-43ed-b51f-23fc64bbdae3" />
      <TestMethod codeBase="C:\Projekty\MSTestProject\bin\Debug\netcoreapp3.1\MSTestProject.dll" adapterTypeName="executor://mstestadapter/v2" className="TwojeWesele.Services.Helpers.Tests.CurrencyHelperTests" name="FormatToStringTest1000" />
    </UnitTest>
    <UnitTest name="FormatToStringTest1000 (6544.213759255695,6544.21 zł)" storage="c:\projekty\mstestproject\bin\debug\netcoreapp3.1\mstestproject.dll" id="0cc9e9a0-0111-49d8-88dc-a07fc7214996">
      <TestCategory>
        <TestCategoryItem TestCategory="Category1000" />
      </TestCategory>
      <Execution id="f7b795fb-8624-4e76-a373-7ae25a947e03" />
      <TestMethod codeBase="C:\Projekty\MSTestProject\bin\Debug\netcoreapp3.1\MSTestProject.dll" adapterTypeName="executor://mstestadapter/v2" className="TwojeWesele.Services.Helpers.Tests.CurrencyHelperTests" name="FormatToStringTest1000" />
    </UnitTest>
    <UnitTest name="FormatToStringTest1000 (79973.08417819678,79973.08 zł)" storage="c:\projekty\mstestproject\bin\debug\netcoreapp3.1\mstestproject.dll" id="8067271c-f187-47ed-95f8-de846ea8ff2d">
      <TestCategory>
        <TestCategoryItem TestCategory="Category1000" />
      </TestCategory>
      <Execution id="4398daa0-8bab-458f-998f-bbfea15ec50a" />
      <TestMethod codeBase="C:\Projekty\MSTestProject\bin\Debug\netcoreapp3.1\MSTestProject.dll" adapterTypeName="executor://mstestadapter/v2" className="TwojeWesele.Services.Helpers.Tests.CurrencyHelperTests" name="FormatToStringTest1000" />
    </UnitTest>
    <UnitTest name="FormatToStringTest1000 (30383.303633991305,30383.30 zł)" storage="c:\projekty\mstestproject\bin\debug\netcoreapp3.1\mstestproject.dll" id="cce81ad8-9ed2-4aff-8854-0fd7b8af6603">
      <TestCategory>
        <TestCategoryItem TestCategory="Category1000" />
      </TestCategory>
      <Execution id="7f908224-cc63-422f-95a4-2f491a13c553" />
      <TestMethod codeBase="C:\Projekty\MSTestProject\bin\Debug\netcoreapp3.1\MSTestProject.dll" adapterTypeName="executor://mstestadapter/v2" className="TwojeWesele.Services.Helpers.Tests.CurrencyHelperTests" name="FormatToStringTest1000" />
    </UnitTest>
    <UnitTest name="FormatToStringTest1000 (1208.1827589441941,1208.18 zł)" storage="c:\projekty\mstestproject\bin\debug\netcoreapp3.1\mstestproject.dll" id="e33d6ed8-2645-4ea7-9fb7-7d85407ffdb5">
      <TestCategory>
        <TestCategoryItem TestCategory="Category1000" />
      </TestCategory>
      <Execution id="17ec3107-2bac-4ee1-8596-7a2b11695cf9" />
      <TestMethod codeBase="C:\Projekty\MSTestProject\bin\Debug\netcoreapp3.1\MSTestProject.dll" adapterTypeName="executor://mstestadapter/v2" className="TwojeWesele.Services.Helpers.Tests.CurrencyHelperTests" name="FormatToStringTest1000" />
    </UnitTest>
    <UnitTest name="FormatToStringTest1000 (23649.104642116046,23649.10 zł)" storage="c:\projekty\mstestproject\bin\debug\netcoreapp3.1\mstestproject.dll" id="d84099a9-3aa3-4cbb-9d9c-4e4a6424ef0d">
      <TestCategory>
        <TestCategoryItem TestCategory="Category1000" />
      </TestCategory>
      <Execution id="41ffc255-d3b2-47c9-a19a-a92e3c180896" />
      <TestMethod codeBase="C:\Projekty\MSTestProject\bin\Debug\netcoreapp3.1\MSTestProject.dll" adapterTypeName="executor://mstestadapter/v2" className="TwojeWesele.Services.Helpers.Tests.CurrencyHelperTests" name="FormatToStringTest1000" />
    </UnitTest>
    <UnitTest name="FormatToStringTest1000 (67898.54481444067,67898.54 zł)" storage="c:\projekty\mstestproject\bin\debug\netcoreapp3.1\mstestproject.dll" id="57bfd96a-7107-44ea-be11-ca0106770543">
      <TestCategory>
        <TestCategoryItem TestCategory="Category1000" />
      </TestCategory>
      <Execution id="df2848d4-a0b4-4c4b-84d3-3a896b1deb02" />
      <TestMethod codeBase="C:\Projekty\MSTestProject\bin\Debug\netcoreapp3.1\MSTestProject.dll" adapterTypeName="executor://mstestadapter/v2" className="TwojeWesele.Services.Helpers.Tests.CurrencyHelperTests" name="FormatToStringTest1000" />
    </UnitTest>
    <UnitTest name="FormatToStringTest1000 (24695.917440203913,24695.92 zł)" storage="c:\projekty\mstestproject\bin\debug\netcoreapp3.1\mstestproject.dll" id="34f78da3-69f1-4f58-a3af-23580e3d9f04">
      <TestCategory>
        <TestCategoryItem TestCategory="Category1000" />
      </TestCategory>
      <Execution id="1ed6bada-a0db-43f4-ade6-8c0909f1ad9f" />
      <TestMethod codeBase="C:\Projekty\MSTestProject\bin\Debug\netcoreapp3.1\MSTestProject.dll" adapterTypeName="executor://mstestadapter/v2" className="TwojeWesele.Services.Helpers.Tests.CurrencyHelperTests" name="FormatToStringTest1000" />
    </UnitTest>
    <UnitTest name="FormatToStringTest1000 (18340.935049000167,18340.94 zł)" storage="c:\projekty\mstestproject\bin\debug\netcoreapp3.1\mstestproject.dll" id="3881ce9a-cf14-43df-9c0a-02e7d2cd294f">
      <TestCategory>
        <TestCategoryItem TestCategory="Category1000" />
      </TestCategory>
      <Execution id="cc7622ad-f639-42d1-98a1-e2e4b82f4b34" />
      <TestMethod codeBase="C:\Projekty\MSTestProject\bin\Debug\netcoreapp3.1\MSTestProject.dll" adapterTypeName="executor://mstestadapter/v2" className="TwojeWesele.Services.Helpers.Tests.CurrencyHelperTests" name="FormatToStringTest1000" />
    </UnitTest>
    <UnitTest name="FormatToStringTest1000 (485.6735566554933,485.67 zł)" storage="c:\projekty\mstestproject\bin\debug\netcoreapp3.1\mstestproject.dll" id="deaaab25-8720-4727-a9e2-4fcf1efea932">
      <TestCategory>
        <TestCategoryItem TestCategory="Category1000" />
      </TestCategory>
      <Execution id="409b18d6-2f28-44f5-a5c8-b6e00711de47" />
      <TestMethod codeBase="C:\Projekty\MSTestProject\bin\Debug\netcoreapp3.1\MSTestProject.dll" adapterTypeName="executor://mstestadapter/v2" className="TwojeWesele.Services.Helpers.Tests.CurrencyHelperTests" name="FormatToStringTest1000" />
    </UnitTest>
    <UnitTest name="FormatToStringTest1000 (38640.62766693003,38640.63 zł)" storage="c:\projekty\mstestproject\bin\debug\netcoreapp3.1\mstestproject.dll" id="59da4ca3-2025-485b-9df9-4a58d7ded76d">
      <TestCategory>
        <TestCategoryItem TestCategory="Category1000" />
      </TestCategory>
      <Execution id="a9b4b18a-651e-4185-878e-698014f02e4f" />
      <TestMethod codeBase="C:\Projekty\MSTestProject\bin\Debug\netcoreapp3.1\MSTestProject.dll" adapterTypeName="executor://mstestadapter/v2" className="TwojeWesele.Services.Helpers.Tests.CurrencyHelperTests" name="FormatToStringTest1000" />
    </UnitTest>
    <UnitTest name="FormatToStringTest1000 (5548.360986085777,5548.36 zł)" storage="c:\projekty\mstestproject\bin\debug\netcoreapp3.1\mstestproject.dll" id="88b407b2-868a-4118-aba9-2603268bacb2">
      <TestCategory>
        <TestCategoryItem TestCategory="Category1000" />
      </TestCategory>
      <Execution id="98b88797-ff17-4eeb-bdf0-d3ceb9d220b6" />
      <TestMethod codeBase="C:\Projekty\MSTestProject\bin\Debug\netcoreapp3.1\MSTestProject.dll" adapterTypeName="executor://mstestadapter/v2" className="TwojeWesele.Services.Helpers.Tests.CurrencyHelperTests" name="FormatToStringTest1000" />
    </UnitTest>
    <UnitTest name="FormatToStringTest1000 (21996.80326662576,21996.80 zł)" storage="c:\projekty\mstestproject\bin\debug\netcoreapp3.1\mstestproject.dll" id="dc782a20-e521-4c16-9ef9-5c00bd1cea59">
      <TestCategory>
        <TestCategoryItem TestCategory="Category1000" />
      </TestCategory>
      <Execution id="65baeb31-f50c-4648-84e8-327b2830b7cf" />
      <TestMethod codeBase="C:\Projekty\MSTestProject\bin\Debug\netcoreapp3.1\MSTestProject.dll" adapterTypeName="executor://mstestadapter/v2" className="TwojeWesele.Services.Helpers.Tests.CurrencyHelperTests" name="FormatToStringTest1000" />
    </UnitTest>
    <UnitTest name="FormatToStringTest1000 (10534.184353995222,10534.18 zł)" storage="c:\projekty\mstestproject\bin\debug\netcoreapp3.1\mstestproject.dll" id="98696bf1-e33e-4a6c-bf9e-ad70f6c729f8">
      <TestCategory>
        <TestCategoryItem TestCategory="Category1000" />
      </TestCategory>
      <Execution id="2ed6586b-d17c-4022-9c9e-eaf1ffc59d60" />
      <TestMethod codeBase="C:\Projekty\MSTestProject\bin\Debug\netcoreapp3.1\MSTestProject.dll" adapterTypeName="executor://mstestadapter/v2" className="TwojeWesele.Services.Helpers.Tests.CurrencyHelperTests" name="FormatToStringTest1000" />
    </UnitTest>
    <UnitTest name="FormatToStringTest1000 (32218.080508120394,32218.08 zł)" storage="c:\projekty\mstestproject\bin\debug\netcoreapp3.1\mstestproject.dll" id="7d0a8627-d725-4d1f-b7b2-15420f2d47fe">
      <TestCategory>
        <TestCategoryItem TestCategory="Category1000" />
      </TestCategory>
      <Execution id="f45093b1-d9a6-4234-bf2c-3165ddb5a517" />
      <TestMethod codeBase="C:\Projekty\MSTestProject\bin\Debug\netcoreapp3.1\MSTestProject.dll" adapterTypeName="executor://mstestadapter/v2" className="TwojeWesele.Services.Helpers.Tests.CurrencyHelperTests" name="FormatToStringTest1000" />
    </UnitTest>
    <UnitTest name="FormatToStringTest1000 (25039.088753207627,25039.09 zł)" storage="c:\projekty\mstestproject\bin\debug\netcoreapp3.1\mstestproject.dll" id="49ecdb0a-cbb2-4e42-88dd-b0cd1b00cc1c">
      <TestCategory>
        <TestCategoryItem TestCategory="Category1000" />
      </TestCategory>
      <Execution id="44fd8060-1fff-4297-8392-e8e4df1e65af" />
      <TestMethod codeBase="C:\Projekty\MSTestProject\bin\Debug\netcoreapp3.1\MSTestProject.dll" adapterTypeName="executor://mstestadapter/v2" className="TwojeWesele.Services.Helpers.Tests.CurrencyHelperTests" name="FormatToStringTest1000" />
    </UnitTest>
    <UnitTest name="FormatToStringTest1000 (12903.541202012237,12903.54 zł)" storage="c:\projekty\mstestproject\bin\debug\netcoreapp3.1\mstestproject.dll" id="a656c33e-4aeb-41ca-9fe6-0bc78c0de402">
      <TestCategory>
        <TestCategoryItem TestCategory="Category1000" />
      </TestCategory>
      <Execution id="fc54d1c8-0615-4b4a-aa00-2b77c5056999" />
      <TestMethod codeBase="C:\Projekty\MSTestProject\bin\Debug\netcoreapp3.1\MSTestProject.dll" adapterTypeName="executor://mstestadapter/v2" className="TwojeWesele.Services.Helpers.Tests.CurrencyHelperTests" name="FormatToStringTest1000" />
    </UnitTest>
    <UnitTest name="FormatToStringTest1000 (2751.3751475258614,2751.38 zł)" storage="c:\projekty\mstestproject\bin\debug\netcoreapp3.1\mstestproject.dll" id="8fbe1977-b2e1-4f95-bd5d-9a01586d03a2">
      <TestCategory>
        <TestCategoryItem TestCategory="Category1000" />
      </TestCategory>
      <Execution id="8cf15de6-334e-4996-860a-771fc27f7f6b" />
      <TestMethod codeBase="C:\Projekty\MSTestProject\bin\Debug\netcoreapp3.1\MSTestProject.dll" adapterTypeName="executor://mstestadapter/v2" className="TwojeWesele.Services.Helpers.Tests.CurrencyHelperTests" name="FormatToStringTest1000" />
    </UnitTest>
    <UnitTest name="FormatToStringTest1000 (28033.439084134738,28033.44 zł)" storage="c:\projekty\mstestproject\bin\debug\netcoreapp3.1\mstestproject.dll" id="821649df-7c05-495a-b169-782b6c7e1985">
      <TestCategory>
        <TestCategoryItem TestCategory="Category1000" />
      </TestCategory>
      <Execution id="379f50d5-c292-4354-b36c-f3b89986b95b" />
      <TestMethod codeBase="C:\Projekty\MSTestProject\bin\Debug\netcoreapp3.1\MSTestProject.dll" adapterTypeName="executor://mstestadapter/v2" className="TwojeWesele.Services.Helpers.Tests.CurrencyHelperTests" name="FormatToStringTest1000" />
    </UnitTest>
    <UnitTest name="FormatToStringTest1000 (19603.69286519321,19603.69 zł)" storage="c:\projekty\mstestproject\bin\debug\netcoreapp3.1\mstestproject.dll" id="1459fa77-eb7f-461e-a057-4e1fd40f4b17">
      <TestCategory>
        <TestCategoryItem TestCategory="Category1000" />
      </TestCategory>
      <Execution id="5bbba24c-bad6-4101-9ad6-5a377c48bc45" />
      <TestMethod codeBase="C:\Projekty\MSTestProject\bin\Debug\netcoreapp3.1\MSTestProject.dll" adapterTypeName="executor://mstestadapter/v2" className="TwojeWesele.Services.Helpers.Tests.CurrencyHelperTests" name="FormatToStringTest1000" />
    </UnitTest>
    <UnitTest name="FormatToStringTest1000 (38253.101637909705,38253.10 zł)" storage="c:\projekty\mstestproject\bin\debug\netcoreapp3.1\mstestproject.dll" id="f91f64ca-8916-4d71-9d06-1adeacd7eef1">
      <TestCategory>
        <TestCategoryItem TestCategory="Category1000" />
      </TestCategory>
      <Execution id="c186a517-6603-48a8-8540-fff9885a6833" />
      <TestMethod codeBase="C:\Projekty\MSTestProject\bin\Debug\netcoreapp3.1\MSTestProject.dll" adapterTypeName="executor://mstestadapter/v2" className="TwojeWesele.Services.Helpers.Tests.CurrencyHelperTests" name="FormatToStringTest1000" />
    </UnitTest>
    <UnitTest name="FormatToStringTest1000 (45930.2386782068,45930.24 zł)" storage="c:\projekty\mstestproject\bin\debug\netcoreapp3.1\mstestproject.dll" id="e7f910ba-2cf7-4aa0-a09b-c03151cfdff9">
      <TestCategory>
        <TestCategoryItem TestCategory="Category1000" />
      </TestCategory>
      <Execution id="0ea8f2d9-bc87-4788-8294-04ded7c53d26" />
      <TestMethod codeBase="C:\Projekty\MSTestProject\bin\Debug\netcoreapp3.1\MSTestProject.dll" adapterTypeName="executor://mstestadapter/v2" className="TwojeWesele.Services.Helpers.Tests.CurrencyHelperTests" name="FormatToStringTest1000" />
    </UnitTest>
    <UnitTest name="FormatToStringTest1000 (32632.105531036905,32632.11 zł)" storage="c:\projekty\mstestproject\bin\debug\netcoreapp3.1\mstestproject.dll" id="75604699-8291-4df1-bc19-4380528e99dd">
      <TestCategory>
        <TestCategoryItem TestCategory="Category1000" />
      </TestCategory>
      <Execution id="d2ceb950-179b-420f-901d-10efd1b5e8fc" />
      <TestMethod codeBase="C:\Projekty\MSTestProject\bin\Debug\netcoreapp3.1\MSTestProject.dll" adapterTypeName="executor://mstestadapter/v2" className="TwojeWesele.Services.Helpers.Tests.CurrencyHelperTests" name="FormatToStringTest1000" />
    </UnitTest>
    <UnitTest name="FormatToStringTest1000 (43424.45140075332,43424.45 zł)" storage="c:\projekty\mstestproject\bin\debug\netcoreapp3.1\mstestproject.dll" id="fdf702fc-7270-4ce0-b6c0-c4854f0d2816">
      <TestCategory>
        <TestCategoryItem TestCategory="Category1000" />
      </TestCategory>
      <Execution id="b09a5abd-bb40-4615-886c-69cb63595dd0" />
      <TestMethod codeBase="C:\Projekty\MSTestProject\bin\Debug\netcoreapp3.1\MSTestProject.dll" adapterTypeName="executor://mstestadapter/v2" className="TwojeWesele.Services.Helpers.Tests.CurrencyHelperTests" name="FormatToStringTest1000" />
    </UnitTest>
    <UnitTest name="FormatToStringTest1000 (22281.48592587257,22281.49 zł)" storage="c:\projekty\mstestproject\bin\debug\netcoreapp3.1\mstestproject.dll" id="b4f3df5d-22ed-4df5-943a-d516da4a11e2">
      <TestCategory>
        <TestCategoryItem TestCategory="Category1000" />
      </TestCategory>
      <Execution id="987c53ab-63b8-4611-903e-ba75ff0c9b73" />
      <TestMethod codeBase="C:\Projekty\MSTestProject\bin\Debug\netcoreapp3.1\MSTestProject.dll" adapterTypeName="executor://mstestadapter/v2" className="TwojeWesele.Services.Helpers.Tests.CurrencyHelperTests" name="FormatToStringTest1000" />
    </UnitTest>
    <UnitTest name="FormatToStringTest1000 (50339.31259969497,50339.31 zł)" storage="c:\projekty\mstestproject\bin\debug\netcoreapp3.1\mstestproject.dll" id="eccbe544-17c4-4cfa-b552-3d14441cbe17">
      <TestCategory>
        <TestCategoryItem TestCategory="Category1000" />
      </TestCategory>
      <Execution id="e1970678-fafb-49d8-bca5-2f97c8b64609" />
      <TestMethod codeBase="C:\Projekty\MSTestProject\bin\Debug\netcoreapp3.1\MSTestProject.dll" adapterTypeName="executor://mstestadapter/v2" className="TwojeWesele.Services.Helpers.Tests.CurrencyHelperTests" name="FormatToStringTest1000" />
    </UnitTest>
    <UnitTest name="FormatToStringTest1000 (55010.474927814896,55010.47 zł)" storage="c:\projekty\mstestproject\bin\debug\netcoreapp3.1\mstestproject.dll" id="9d6638d6-a8a0-4ee3-9149-9bd7343c142c">
      <TestCategory>
        <TestCategoryItem TestCategory="Category1000" />
      </TestCategory>
      <Execution id="eff850d4-aba1-43ca-8486-18328fa24ec3" />
      <TestMethod codeBase="C:\Projekty\MSTestProject\bin\Debug\netcoreapp3.1\MSTestProject.dll" adapterTypeName="executor://mstestadapter/v2" className="TwojeWesele.Services.Helpers.Tests.CurrencyHelperTests" name="FormatToStringTest1000" />
    </UnitTest>
    <UnitTest name="FormatToStringTest1000 (6466.872242818062,6466.87 zł)" storage="c:\projekty\mstestproject\bin\debug\netcoreapp3.1\mstestproject.dll" id="49a6a8d6-459e-4fc4-a9e0-8ecb78545ad5">
      <TestCategory>
        <TestCategoryItem TestCategory="Category1000" />
      </TestCategory>
      <Execution id="2f49ace1-ec71-4c55-b65b-73ef0ba2ffb5" />
      <TestMethod codeBase="C:\Projekty\MSTestProject\bin\Debug\netcoreapp3.1\MSTestProject.dll" adapterTypeName="executor://mstestadapter/v2" className="TwojeWesele.Services.Helpers.Tests.CurrencyHelperTests" name="FormatToStringTest1000" />
    </UnitTest>
    <UnitTest name="FormatToStringTest1000 (7013.601812260971,7013.60 zł)" storage="c:\projekty\mstestproject\bin\debug\netcoreapp3.1\mstestproject.dll" id="e3e391ad-a1ec-494f-928a-ffa088be7664">
      <TestCategory>
        <TestCategoryItem TestCategory="Category1000" />
      </TestCategory>
      <Execution id="bc871b11-f8de-4043-a0c1-bc82d075cb2d" />
      <TestMethod codeBase="C:\Projekty\MSTestProject\bin\Debug\netcoreapp3.1\MSTestProject.dll" adapterTypeName="executor://mstestadapter/v2" className="TwojeWesele.Services.Helpers.Tests.CurrencyHelperTests" name="FormatToStringTest1000" />
    </UnitTest>
    <UnitTest name="FormatToStringTest1000 (30722.846572104303,30722.85 zł)" storage="c:\projekty\mstestproject\bin\debug\netcoreapp3.1\mstestproject.dll" id="57c9c406-e366-4b8c-9917-eaffce0fc4c3">
      <TestCategory>
        <TestCategoryItem TestCategory="Category1000" />
      </TestCategory>
      <Execution id="ba9c078e-af8b-4976-968b-41e577ec907e" />
      <TestMethod codeBase="C:\Projekty\MSTestProject\bin\Debug\netcoreapp3.1\MSTestProject.dll" adapterTypeName="executor://mstestadapter/v2" className="TwojeWesele.Services.Helpers.Tests.CurrencyHelperTests" name="FormatToStringTest1000" />
    </UnitTest>
    <UnitTest name="FormatToStringTest1000 (9818.257405763146,9818.26 zł)" storage="c:\projekty\mstestproject\bin\debug\netcoreapp3.1\mstestproject.dll" id="3b15b255-9fad-48e9-8014-8406da3abff5">
      <TestCategory>
        <TestCategoryItem TestCategory="Category1000" />
      </TestCategory>
      <Execution id="e244459f-6071-4d35-ad1a-e68934cd3862" />
      <TestMethod codeBase="C:\Projekty\MSTestProject\bin\Debug\netcoreapp3.1\MSTestProject.dll" adapterTypeName="executor://mstestadapter/v2" className="TwojeWesele.Services.Helpers.Tests.CurrencyHelperTests" name="FormatToStringTest1000" />
    </UnitTest>
    <UnitTest name="FormatToStringTest1000 (30807.823896702295,30807.82 zł)" storage="c:\projekty\mstestproject\bin\debug\netcoreapp3.1\mstestproject.dll" id="635fada2-e801-4d5b-94f0-5982d19c8d9b">
      <TestCategory>
        <TestCategoryItem TestCategory="Category1000" />
      </TestCategory>
      <Execution id="d7c5bc6c-2f39-4eae-b24c-d109baba3c2e" />
      <TestMethod codeBase="C:\Projekty\MSTestProject\bin\Debug\netcoreapp3.1\MSTestProject.dll" adapterTypeName="executor://mstestadapter/v2" className="TwojeWesele.Services.Helpers.Tests.CurrencyHelperTests" name="FormatToStringTest1000" />
    </UnitTest>
    <UnitTest name="FormatToStringTest1000 (22678.795878462864,22678.80 zł)" storage="c:\projekty\mstestproject\bin\debug\netcoreapp3.1\mstestproject.dll" id="7aac877b-6f0c-4420-909f-5876fa6fe131">
      <TestCategory>
        <TestCategoryItem TestCategory="Category1000" />
      </TestCategory>
      <Execution id="96cb4f63-2c3b-42b6-a24c-1a2ba16cc389" />
      <TestMethod codeBase="C:\Projekty\MSTestProject\bin\Debug\netcoreapp3.1\MSTestProject.dll" adapterTypeName="executor://mstestadapter/v2" className="TwojeWesele.Services.Helpers.Tests.CurrencyHelperTests" name="FormatToStringTest1000" />
    </UnitTest>
    <UnitTest name="FormatToStringTest1000 (598.1279707877561,598.13 zł)" storage="c:\projekty\mstestproject\bin\debug\netcoreapp3.1\mstestproject.dll" id="2f672b08-23e0-4055-bec6-f62a428a7714">
      <TestCategory>
        <TestCategoryItem TestCategory="Category1000" />
      </TestCategory>
      <Execution id="08dbf583-c0e7-4009-9144-6cf6e07d7406" />
      <TestMethod codeBase="C:\Projekty\MSTestProject\bin\Debug\netcoreapp3.1\MSTestProject.dll" adapterTypeName="executor://mstestadapter/v2" className="TwojeWesele.Services.Helpers.Tests.CurrencyHelperTests" name="FormatToStringTest1000" />
    </UnitTest>
    <UnitTest name="FormatToStringTest1000 (78822.37212685234,78822.37 zł)" storage="c:\projekty\mstestproject\bin\debug\netcoreapp3.1\mstestproject.dll" id="5df16bfd-8460-48b2-9937-e574550a204e">
      <TestCategory>
        <TestCategoryItem TestCategory="Category1000" />
      </TestCategory>
      <Execution id="bebcf086-1499-4563-bacd-4f30a76def20" />
      <TestMethod codeBase="C:\Projekty\MSTestProject\bin\Debug\netcoreapp3.1\MSTestProject.dll" adapterTypeName="executor://mstestadapter/v2" className="TwojeWesele.Services.Helpers.Tests.CurrencyHelperTests" name="FormatToStringTest1000" />
    </UnitTest>
    <UnitTest name="FormatToStringTest1000 (84686.32148464039,84686.32 zł)" storage="c:\projekty\mstestproject\bin\debug\netcoreapp3.1\mstestproject.dll" id="9e06745c-c738-44f5-9dd7-9e3239c46f23">
      <TestCategory>
        <TestCategoryItem TestCategory="Category1000" />
      </TestCategory>
      <Execution id="3e35cc3c-3a86-4d59-9e70-eeee541bb586" />
      <TestMethod codeBase="C:\Projekty\MSTestProject\bin\Debug\netcoreapp3.1\MSTestProject.dll" adapterTypeName="executor://mstestadapter/v2" className="TwojeWesele.Services.Helpers.Tests.CurrencyHelperTests" name="FormatToStringTest1000" />
    </UnitTest>
    <UnitTest name="FormatToStringTest1000 (20244.692955315437,20244.69 zł)" storage="c:\projekty\mstestproject\bin\debug\netcoreapp3.1\mstestproject.dll" id="51aa97b7-d106-48ee-a70f-4be928bbf6d5">
      <TestCategory>
        <TestCategoryItem TestCategory="Category1000" />
      </TestCategory>
      <Execution id="9eddcb18-f70b-4909-94c9-8abb91dcad00" />
      <TestMethod codeBase="C:\Projekty\MSTestProject\bin\Debug\netcoreapp3.1\MSTestProject.dll" adapterTypeName="executor://mstestadapter/v2" className="TwojeWesele.Services.Helpers.Tests.CurrencyHelperTests" name="FormatToStringTest1000" />
    </UnitTest>
    <UnitTest name="FormatToStringTest1000 (34458.5406463512,34458.54 zł)" storage="c:\projekty\mstestproject\bin\debug\netcoreapp3.1\mstestproject.dll" id="1e9af74f-127b-4627-99a8-90b0b836ed0f">
      <TestCategory>
        <TestCategoryItem TestCategory="Category1000" />
      </TestCategory>
      <Execution id="b6f6dbe7-c0aa-4999-aa1d-a81767c1ad1a" />
      <TestMethod codeBase="C:\Projekty\MSTestProject\bin\Debug\netcoreapp3.1\MSTestProject.dll" adapterTypeName="executor://mstestadapter/v2" className="TwojeWesele.Services.Helpers.Tests.CurrencyHelperTests" name="FormatToStringTest1000" />
    </UnitTest>
    <UnitTest name="FormatToStringTest1000 (28579.14698705503,28579.15 zł)" storage="c:\projekty\mstestproject\bin\debug\netcoreapp3.1\mstestproject.dll" id="e2e265bd-445f-47c0-beea-85c510df5b86">
      <TestCategory>
        <TestCategoryItem TestCategory="Category1000" />
      </TestCategory>
      <Execution id="00f7cb6e-efef-4871-a718-b61754b913b8" />
      <TestMethod codeBase="C:\Projekty\MSTestProject\bin\Debug\netcoreapp3.1\MSTestProject.dll" adapterTypeName="executor://mstestadapter/v2" className="TwojeWesele.Services.Helpers.Tests.CurrencyHelperTests" name="FormatToStringTest1000" />
    </UnitTest>
    <UnitTest name="FormatToStringTest1000 (9774.341362926803,9774.34 zł)" storage="c:\projekty\mstestproject\bin\debug\netcoreapp3.1\mstestproject.dll" id="9f826fda-868b-46e5-a3ec-e6b14e952f77">
      <TestCategory>
        <TestCategoryItem TestCategory="Category1000" />
      </TestCategory>
      <Execution id="e3362268-1bd6-485d-b722-e0e933aae11c" />
      <TestMethod codeBase="C:\Projekty\MSTestProject\bin\Debug\netcoreapp3.1\MSTestProject.dll" adapterTypeName="executor://mstestadapter/v2" className="TwojeWesele.Services.Helpers.Tests.CurrencyHelperTests" name="FormatToStringTest1000" />
    </UnitTest>
    <UnitTest name="FormatToStringTest1000 (13046.352146307172,13046.35 zł)" storage="c:\projekty\mstestproject\bin\debug\netcoreapp3.1\mstestproject.dll" id="3e5a75f6-d75b-4032-97c4-15079316b338">
      <TestCategory>
        <TestCategoryItem TestCategory="Category1000" />
      </TestCategory>
      <Execution id="d8660f29-6d4a-42b7-917d-882aedafb6dd" />
      <TestMethod codeBase="C:\Projekty\MSTestProject\bin\Debug\netcoreapp3.1\MSTestProject.dll" adapterTypeName="executor://mstestadapter/v2" className="TwojeWesele.Services.Helpers.Tests.CurrencyHelperTests" name="FormatToStringTest1000" />
    </UnitTest>
    <UnitTest name="FormatToStringTest1000 (52888.48934243642,52888.49 zł)" storage="c:\projekty\mstestproject\bin\debug\netcoreapp3.1\mstestproject.dll" id="f91ff00f-444c-4d58-ad78-184b4f55c3fa">
      <TestCategory>
        <TestCategoryItem TestCategory="Category1000" />
      </TestCategory>
      <Execution id="5f2028c3-7550-4be2-b268-be65834e8b54" />
      <TestMethod codeBase="C:\Projekty\MSTestProject\bin\Debug\netcoreapp3.1\MSTestProject.dll" adapterTypeName="executor://mstestadapter/v2" className="TwojeWesele.Services.Helpers.Tests.CurrencyHelperTests" name="FormatToStringTest1000" />
    </UnitTest>
    <UnitTest name="FormatToStringTest1000 (75987.03378503352,75987.03 zł)" storage="c:\projekty\mstestproject\bin\debug\netcoreapp3.1\mstestproject.dll" id="db0ca965-e3df-4bbe-9fa6-1abddbe9e6d6">
      <TestCategory>
        <TestCategoryItem TestCategory="Category1000" />
      </TestCategory>
      <Execution id="50161360-06e0-4609-aea0-341d2ab1af32" />
      <TestMethod codeBase="C:\Projekty\MSTestProject\bin\Debug\netcoreapp3.1\MSTestProject.dll" adapterTypeName="executor://mstestadapter/v2" className="TwojeWesele.Services.Helpers.Tests.CurrencyHelperTests" name="FormatToStringTest1000" />
    </UnitTest>
    <UnitTest name="FormatToStringTest1000 (14635.510547500808,14635.51 zł)" storage="c:\projekty\mstestproject\bin\debug\netcoreapp3.1\mstestproject.dll" id="40d78432-4497-4689-b2b1-bd5ec0c00dac">
      <TestCategory>
        <TestCategoryItem TestCategory="Category1000" />
      </TestCategory>
      <Execution id="cd7b5264-4941-483d-903d-24fbf375cac2" />
      <TestMethod codeBase="C:\Projekty\MSTestProject\bin\Debug\netcoreapp3.1\MSTestProject.dll" adapterTypeName="executor://mstestadapter/v2" className="TwojeWesele.Services.Helpers.Tests.CurrencyHelperTests" name="FormatToStringTest1000" />
    </UnitTest>
    <UnitTest name="FormatToStringTest1000 (40857.08543233996,40857.09 zł)" storage="c:\projekty\mstestproject\bin\debug\netcoreapp3.1\mstestproject.dll" id="64757a34-a594-4a1c-a656-7a9805c75d36">
      <TestCategory>
        <TestCategoryItem TestCategory="Category1000" />
      </TestCategory>
      <Execution id="2059e223-53cf-444d-9f8c-786c19ac9e0e" />
      <TestMethod codeBase="C:\Projekty\MSTestProject\bin\Debug\netcoreapp3.1\MSTestProject.dll" adapterTypeName="executor://mstestadapter/v2" className="TwojeWesele.Services.Helpers.Tests.CurrencyHelperTests" name="FormatToStringTest1000" />
    </UnitTest>
    <UnitTest name="FormatToStringTest1000 (16571.355536101553,16571.36 zł)" storage="c:\projekty\mstestproject\bin\debug\netcoreapp3.1\mstestproject.dll" id="3280cab2-84f6-4b34-a5a1-fb0ba6b30173">
      <TestCategory>
        <TestCategoryItem TestCategory="Category1000" />
      </TestCategory>
      <Execution id="2c65b8d3-f089-4983-963e-52b7a91d0a71" />
      <TestMethod codeBase="C:\Projekty\MSTestProject\bin\Debug\netcoreapp3.1\MSTestProject.dll" adapterTypeName="executor://mstestadapter/v2" className="TwojeWesele.Services.Helpers.Tests.CurrencyHelperTests" name="FormatToStringTest1000" />
    </UnitTest>
    <UnitTest name="FormatToStringTest1000 (28455.229970996843,28455.23 zł)" storage="c:\projekty\mstestproject\bin\debug\netcoreapp3.1\mstestproject.dll" id="2a8fa038-8979-46bf-9d10-b6d6d042e431">
      <TestCategory>
        <TestCategoryItem TestCategory="Category1000" />
      </TestCategory>
      <Execution id="a192a30e-7258-44a4-b2ec-fca07de17223" />
      <TestMethod codeBase="C:\Projekty\MSTestProject\bin\Debug\netcoreapp3.1\MSTestProject.dll" adapterTypeName="executor://mstestadapter/v2" className="TwojeWesele.Services.Helpers.Tests.CurrencyHelperTests" name="FormatToStringTest1000" />
    </UnitTest>
    <UnitTest name="FormatToStringTest1000 (30138.55109863102,30138.55 zł)" storage="c:\projekty\mstestproject\bin\debug\netcoreapp3.1\mstestproject.dll" id="9056a7fc-1387-42fb-977e-d69f0f430fdb">
      <TestCategory>
        <TestCategoryItem TestCategory="Category1000" />
      </TestCategory>
      <Execution id="6b2a6053-c977-43e1-a8c3-302d07016dfd" />
      <TestMethod codeBase="C:\Projekty\MSTestProject\bin\Debug\netcoreapp3.1\MSTestProject.dll" adapterTypeName="executor://mstestadapter/v2" className="TwojeWesele.Services.Helpers.Tests.CurrencyHelperTests" name="FormatToStringTest1000" />
    </UnitTest>
    <UnitTest name="FormatToStringTest1000 (29362.005930638876,29362.01 zł)" storage="c:\projekty\mstestproject\bin\debug\netcoreapp3.1\mstestproject.dll" id="4f4415c9-893d-4fec-88b6-35472184349a">
      <TestCategory>
        <TestCategoryItem TestCategory="Category1000" />
      </TestCategory>
      <Execution id="0768343d-3e3e-408f-9b6f-46f8c48ee62b" />
      <TestMethod codeBase="C:\Projekty\MSTestProject\bin\Debug\netcoreapp3.1\MSTestProject.dll" adapterTypeName="executor://mstestadapter/v2" className="TwojeWesele.Services.Helpers.Tests.CurrencyHelperTests" name="FormatToStringTest1000" />
    </UnitTest>
    <UnitTest name="FormatToStringTest1000 (1664.7834932994022,1664.78 zł)" storage="c:\projekty\mstestproject\bin\debug\netcoreapp3.1\mstestproject.dll" id="e27ccd08-5fbc-400d-b08e-557a591d83a7">
      <TestCategory>
        <TestCategoryItem TestCategory="Category1000" />
      </TestCategory>
      <Execution id="cbbd5220-9c58-4210-90c4-541ac8e77cc5" />
      <TestMethod codeBase="C:\Projekty\MSTestProject\bin\Debug\netcoreapp3.1\MSTestProject.dll" adapterTypeName="executor://mstestadapter/v2" className="TwojeWesele.Services.Helpers.Tests.CurrencyHelperTests" name="FormatToStringTest1000" />
    </UnitTest>
    <UnitTest name="FormatToStringTest1000 (4715.320654313695,4715.32 zł)" storage="c:\projekty\mstestproject\bin\debug\netcoreapp3.1\mstestproject.dll" id="21479bb3-1042-4b45-9a11-946d7474a8aa">
      <TestCategory>
        <TestCategoryItem TestCategory="Category1000" />
      </TestCategory>
      <Execution id="47bad58e-90af-4ce5-9059-9a20c1e17f9a" />
      <TestMethod codeBase="C:\Projekty\MSTestProject\bin\Debug\netcoreapp3.1\MSTestProject.dll" adapterTypeName="executor://mstestadapter/v2" className="TwojeWesele.Services.Helpers.Tests.CurrencyHelperTests" name="FormatToStringTest1000" />
    </UnitTest>
    <UnitTest name="FormatToStringTest1000 (6809.40195803037,6809.40 zł)" storage="c:\projekty\mstestproject\bin\debug\netcoreapp3.1\mstestproject.dll" id="e265cd6e-5234-4be3-8e52-47b4982f80be">
      <TestCategory>
        <TestCategoryItem TestCategory="Category1000" />
      </TestCategory>
      <Execution id="6bab0dde-61e4-4d71-9fd9-d9e320a6d2fa" />
      <TestMethod codeBase="C:\Projekty\MSTestProject\bin\Debug\netcoreapp3.1\MSTestProject.dll" adapterTypeName="executor://mstestadapter/v2" className="TwojeWesele.Services.Helpers.Tests.CurrencyHelperTests" name="FormatToStringTest1000" />
    </UnitTest>
    <UnitTest name="FormatToStringTest1000 (11904.111251175456,11904.11 zł)" storage="c:\projekty\mstestproject\bin\debug\netcoreapp3.1\mstestproject.dll" id="7c163efa-7700-41b1-b90a-8dc43f47e995">
      <TestCategory>
        <TestCategoryItem TestCategory="Category1000" />
      </TestCategory>
      <Execution id="3996960f-5588-4c35-87c1-1b1ae242c758" />
      <TestMethod codeBase="C:\Projekty\MSTestProject\bin\Debug\netcoreapp3.1\MSTestProject.dll" adapterTypeName="executor://mstestadapter/v2" className="TwojeWesele.Services.Helpers.Tests.CurrencyHelperTests" name="FormatToStringTest1000" />
    </UnitTest>
    <UnitTest name="FormatToStringTest1000 (16673.5121774904,16673.51 zł)" storage="c:\projekty\mstestproject\bin\debug\netcoreapp3.1\mstestproject.dll" id="eaa187d8-ccba-4bca-8257-cad2eba7bd3a">
      <TestCategory>
        <TestCategoryItem TestCategory="Category1000" />
      </TestCategory>
      <Execution id="6e65eee4-f1ec-4bfe-b04b-1e3aae78c9a2" />
      <TestMethod codeBase="C:\Projekty\MSTestProject\bin\Debug\netcoreapp3.1\MSTestProject.dll" adapterTypeName="executor://mstestadapter/v2" className="TwojeWesele.Services.Helpers.Tests.CurrencyHelperTests" name="FormatToStringTest1000" />
    </UnitTest>
    <UnitTest name="FormatToStringTest1000 (10511.7304983189,10511.73 zł)" storage="c:\projekty\mstestproject\bin\debug\netcoreapp3.1\mstestproject.dll" id="efd69948-ddc5-4497-b135-c2cd9cd94640">
      <TestCategory>
        <TestCategoryItem TestCategory="Category1000" />
      </TestCategory>
      <Execution id="3c2788ea-420e-40b3-918d-18a87bcf5615" />
      <TestMethod codeBase="C:\Projekty\MSTestProject\bin\Debug\netcoreapp3.1\MSTestProject.dll" adapterTypeName="executor://mstestadapter/v2" className="TwojeWesele.Services.Helpers.Tests.CurrencyHelperTests" name="FormatToStringTest1000" />
    </UnitTest>
    <UnitTest name="FormatToStringTest1000 (1896.1704506483723,1896.17 zł)" storage="c:\projekty\mstestproject\bin\debug\netcoreapp3.1\mstestproject.dll" id="de7aa66a-2f9f-4c4c-b2ff-82a800b5a642">
      <TestCategory>
        <TestCategoryItem TestCategory="Category1000" />
      </TestCategory>
      <Execution id="23e629c1-34c4-49dc-81b3-7aaac9a0647e" />
      <TestMethod codeBase="C:\Projekty\MSTestProject\bin\Debug\netcoreapp3.1\MSTestProject.dll" adapterTypeName="executor://mstestadapter/v2" className="TwojeWesele.Services.Helpers.Tests.CurrencyHelperTests" name="FormatToStringTest1000" />
    </UnitTest>
    <UnitTest name="FormatToStringTest1000 (19216.446905020366,19216.45 zł)" storage="c:\projekty\mstestproject\bin\debug\netcoreapp3.1\mstestproject.dll" id="813a125e-303a-474a-a25c-dcc2761c8191">
      <TestCategory>
        <TestCategoryItem TestCategory="Category1000" />
      </TestCategory>
      <Execution id="80c72f05-8dd4-4c0c-ba03-995a807b85db" />
      <TestMethod codeBase="C:\Projekty\MSTestProject\bin\Debug\netcoreapp3.1\MSTestProject.dll" adapterTypeName="executor://mstestadapter/v2" className="TwojeWesele.Services.Helpers.Tests.CurrencyHelperTests" name="FormatToStringTest1000" />
    </UnitTest>
    <UnitTest name="FormatToStringTest1000 (15520.346099893259,15520.35 zł)" storage="c:\projekty\mstestproject\bin\debug\netcoreapp3.1\mstestproject.dll" id="dbc87ef4-cddf-4fa2-ad47-2fd9db108aa5">
      <TestCategory>
        <TestCategoryItem TestCategory="Category1000" />
      </TestCategory>
      <Execution id="f146ce4e-3e62-4176-bd54-dd54291bc9d2" />
      <TestMethod codeBase="C:\Projekty\MSTestProject\bin\Debug\netcoreapp3.1\MSTestProject.dll" adapterTypeName="executor://mstestadapter/v2" className="TwojeWesele.Services.Helpers.Tests.CurrencyHelperTests" name="FormatToStringTest1000" />
    </UnitTest>
    <UnitTest name="FormatToStringTest1000 (6665.405372488035,6665.41 zł)" storage="c:\projekty\mstestproject\bin\debug\netcoreapp3.1\mstestproject.dll" id="a115c747-4a48-4181-8f6e-eab9607bb450">
      <TestCategory>
        <TestCategoryItem TestCategory="Category1000" />
      </TestCategory>
      <Execution id="8432bf14-8095-49c8-a0dc-13564d5be826" />
      <TestMethod codeBase="C:\Projekty\MSTestProject\bin\Debug\netcoreapp3.1\MSTestProject.dll" adapterTypeName="executor://mstestadapter/v2" className="TwojeWesele.Services.Helpers.Tests.CurrencyHelperTests" name="FormatToStringTest1000" />
    </UnitTest>
    <UnitTest name="FormatToStringTest1000 (61422.228144277455,61422.23 zł)" storage="c:\projekty\mstestproject\bin\debug\netcoreapp3.1\mstestproject.dll" id="6ab88728-129d-4f8f-90d2-1a9f5033c395">
      <TestCategory>
        <TestCategoryItem TestCategory="Category1000" />
      </TestCategory>
      <Execution id="f59ae8eb-845a-4203-8b9a-0b4fe19db986" />
      <TestMethod codeBase="C:\Projekty\MSTestProject\bin\Debug\netcoreapp3.1\MSTestProject.dll" adapterTypeName="executor://mstestadapter/v2" className="TwojeWesele.Services.Helpers.Tests.CurrencyHelperTests" name="FormatToStringTest1000" />
    </UnitTest>
    <UnitTest name="FormatToStringTest1000 (48084.94422955389,48084.94 zł)" storage="c:\projekty\mstestproject\bin\debug\netcoreapp3.1\mstestproject.dll" id="d699aa98-f627-4031-be60-46419b3b1250">
      <TestCategory>
        <TestCategoryItem TestCategory="Category1000" />
      </TestCategory>
      <Execution id="fc24582f-2ccb-4b2b-a080-97f9444fda1f" />
      <TestMethod codeBase="C:\Projekty\MSTestProject\bin\Debug\netcoreapp3.1\MSTestProject.dll" adapterTypeName="executor://mstestadapter/v2" className="TwojeWesele.Services.Helpers.Tests.CurrencyHelperTests" name="FormatToStringTest1000" />
    </UnitTest>
    <UnitTest name="FormatToStringTest1000 (45955.903045959254,45955.90 zł)" storage="c:\projekty\mstestproject\bin\debug\netcoreapp3.1\mstestproject.dll" id="5b43aacf-5db0-43a3-9bfa-8ea48e37e267">
      <TestCategory>
        <TestCategoryItem TestCategory="Category1000" />
      </TestCategory>
      <Execution id="cfb71992-2be8-46b9-a471-a00bd3a47d9d" />
      <TestMethod codeBase="C:\Projekty\MSTestProject\bin\Debug\netcoreapp3.1\MSTestProject.dll" adapterTypeName="executor://mstestadapter/v2" className="TwojeWesele.Services.Helpers.Tests.CurrencyHelperTests" name="FormatToStringTest1000" />
    </UnitTest>
    <UnitTest name="FormatToStringTest1000 (66053.95451852398,66053.95 zł)" storage="c:\projekty\mstestproject\bin\debug\netcoreapp3.1\mstestproject.dll" id="a704c792-3537-444e-afdd-d9c46da98349">
      <TestCategory>
        <TestCategoryItem TestCategory="Category1000" />
      </TestCategory>
      <Execution id="ac8a59b5-bc5f-4e54-ba8d-286929fa9339" />
      <TestMethod codeBase="C:\Projekty\MSTestProject\bin\Debug\netcoreapp3.1\MSTestProject.dll" adapterTypeName="executor://mstestadapter/v2" className="TwojeWesele.Services.Helpers.Tests.CurrencyHelperTests" name="FormatToStringTest1000" />
    </UnitTest>
    <UnitTest name="FormatToStringTest1000 (4614.673205890541,4614.67 zł)" storage="c:\projekty\mstestproject\bin\debug\netcoreapp3.1\mstestproject.dll" id="c37cf3b8-42a1-4d3f-a63b-351e904802da">
      <TestCategory>
        <TestCategoryItem TestCategory="Category1000" />
      </TestCategory>
      <Execution id="419566df-d2fd-4f3e-8a0e-99a0f1a807b6" />
      <TestMethod codeBase="C:\Projekty\MSTestProject\bin\Debug\netcoreapp3.1\MSTestProject.dll" adapterTypeName="executor://mstestadapter/v2" className="TwojeWesele.Services.Helpers.Tests.CurrencyHelperTests" name="FormatToStringTest1000" />
    </UnitTest>
    <UnitTest name="FormatToStringTest1000 (8908.080586221107,8908.08 zł)" storage="c:\projekty\mstestproject\bin\debug\netcoreapp3.1\mstestproject.dll" id="aaac5167-1752-445b-a273-ed6644b7dfb6">
      <TestCategory>
        <TestCategoryItem TestCategory="Category1000" />
      </TestCategory>
      <Execution id="06519e2e-fd62-43d7-8c09-fa18c3309e2c" />
      <TestMethod codeBase="C:\Projekty\MSTestProject\bin\Debug\netcoreapp3.1\MSTestProject.dll" adapterTypeName="executor://mstestadapter/v2" className="TwojeWesele.Services.Helpers.Tests.CurrencyHelperTests" name="FormatToStringTest1000" />
    </UnitTest>
    <UnitTest name="FormatToStringTest1000 (11430.666613002619,11430.67 zł)" storage="c:\projekty\mstestproject\bin\debug\netcoreapp3.1\mstestproject.dll" id="799eedd3-53df-4ab6-abe7-027d31493eee">
      <TestCategory>
        <TestCategoryItem TestCategory="Category1000" />
      </TestCategory>
      <Execution id="948d139d-a6ce-4eb0-bc80-c5661452bb49" />
      <TestMethod codeBase="C:\Projekty\MSTestProject\bin\Debug\netcoreapp3.1\MSTestProject.dll" adapterTypeName="executor://mstestadapter/v2" className="TwojeWesele.Services.Helpers.Tests.CurrencyHelperTests" name="FormatToStringTest1000" />
    </UnitTest>
    <UnitTest name="FormatToStringTest1000 (5504.094303639184,5504.09 zł)" storage="c:\projekty\mstestproject\bin\debug\netcoreapp3.1\mstestproject.dll" id="53ae0487-e39b-4d00-b0bb-5a6c55031531">
      <TestCategory>
        <TestCategoryItem TestCategory="Category1000" />
      </TestCategory>
      <Execution id="28679db6-5048-4862-8081-57dddb628852" />
      <TestMethod codeBase="C:\Projekty\MSTestProject\bin\Debug\netcoreapp3.1\MSTestProject.dll" adapterTypeName="executor://mstestadapter/v2" className="TwojeWesele.Services.Helpers.Tests.CurrencyHelperTests" name="FormatToStringTest1000" />
    </UnitTest>
    <UnitTest name="FormatToStringTest1000 (16030.852371789913,16030.85 zł)" storage="c:\projekty\mstestproject\bin\debug\netcoreapp3.1\mstestproject.dll" id="a40fb077-a533-4a93-9db4-f8b6f7ed6af9">
      <TestCategory>
        <TestCategoryItem TestCategory="Category1000" />
      </TestCategory>
      <Execution id="ab0ee2bd-b295-4142-bcb6-e036f8eab917" />
      <TestMethod codeBase="C:\Projekty\MSTestProject\bin\Debug\netcoreapp3.1\MSTestProject.dll" adapterTypeName="executor://mstestadapter/v2" className="TwojeWesele.Services.Helpers.Tests.CurrencyHelperTests" name="FormatToStringTest1000" />
    </UnitTest>
    <UnitTest name="FormatToStringTest1000 (6213.265206352466,6213.27 zł)" storage="c:\projekty\mstestproject\bin\debug\netcoreapp3.1\mstestproject.dll" id="2bfd7029-65f2-4f1d-839a-188daf6e1655">
      <TestCategory>
        <TestCategoryItem TestCategory="Category1000" />
      </TestCategory>
      <Execution id="35cdc6eb-5c8c-4ee0-8d4d-4bbd0fd7e95e" />
      <TestMethod codeBase="C:\Projekty\MSTestProject\bin\Debug\netcoreapp3.1\MSTestProject.dll" adapterTypeName="executor://mstestadapter/v2" className="TwojeWesele.Services.Helpers.Tests.CurrencyHelperTests" name="FormatToStringTest1000" />
    </UnitTest>
    <UnitTest name="FormatToStringTest1000 (1482.3501845832682,1482.35 zł)" storage="c:\projekty\mstestproject\bin\debug\netcoreapp3.1\mstestproject.dll" id="55cfacc1-87b0-4f66-9c25-3046748c436a">
      <TestCategory>
        <TestCategoryItem TestCategory="Category1000" />
      </TestCategory>
      <Execution id="8b3aed5d-f063-420a-bcdf-309418b30cd0" />
      <TestMethod codeBase="C:\Projekty\MSTestProject\bin\Debug\netcoreapp3.1\MSTestProject.dll" adapterTypeName="executor://mstestadapter/v2" className="TwojeWesele.Services.Helpers.Tests.CurrencyHelperTests" name="FormatToStringTest1000" />
    </UnitTest>
    <UnitTest name="FormatToStringTest1000 (25908.345463821825,25908.35 zł)" storage="c:\projekty\mstestproject\bin\debug\netcoreapp3.1\mstestproject.dll" id="f1b8953b-e13b-4ebc-97bd-2ec1de07716c">
      <TestCategory>
        <TestCategoryItem TestCategory="Category1000" />
      </TestCategory>
      <Execution id="12dd21db-60ba-40d1-82e7-ab3c85d949b6" />
      <TestMethod codeBase="C:\Projekty\MSTestProject\bin\Debug\netcoreapp3.1\MSTestProject.dll" adapterTypeName="executor://mstestadapter/v2" className="TwojeWesele.Services.Helpers.Tests.CurrencyHelperTests" name="FormatToStringTest1000" />
    </UnitTest>
    <UnitTest name="FormatToStringTest1000 (40268.121943438484,40268.12 zł)" storage="c:\projekty\mstestproject\bin\debug\netcoreapp3.1\mstestproject.dll" id="be1d9531-1068-4185-928d-293e337de94e">
      <TestCategory>
        <TestCategoryItem TestCategory="Category1000" />
      </TestCategory>
      <Execution id="0b7d06cd-67de-4715-b894-f382b9872d92" />
      <TestMethod codeBase="C:\Projekty\MSTestProject\bin\Debug\netcoreapp3.1\MSTestProject.dll" adapterTypeName="executor://mstestadapter/v2" className="TwojeWesele.Services.Helpers.Tests.CurrencyHelperTests" name="FormatToStringTest1000" />
    </UnitTest>
    <UnitTest name="FormatToStringTest1000 (20012.898273490322,20012.90 zł)" storage="c:\projekty\mstestproject\bin\debug\netcoreapp3.1\mstestproject.dll" id="d6c81fe3-316f-47da-8112-3d18aa21c592">
      <TestCategory>
        <TestCategoryItem TestCategory="Category1000" />
      </TestCategory>
      <Execution id="2df8b924-d766-4055-8f4d-d696a71ec155" />
      <TestMethod codeBase="C:\Projekty\MSTestProject\bin\Debug\netcoreapp3.1\MSTestProject.dll" adapterTypeName="executor://mstestadapter/v2" className="TwojeWesele.Services.Helpers.Tests.CurrencyHelperTests" name="FormatToStringTest1000" />
    </UnitTest>
    <UnitTest name="FormatToStringTest1000 (57671.67669738675,57671.68 zł)" storage="c:\projekty\mstestproject\bin\debug\netcoreapp3.1\mstestproject.dll" id="51a0cc59-2b42-4e9b-bcbd-f8ab79cb27f9">
      <TestCategory>
        <TestCategoryItem TestCategory="Category1000" />
      </TestCategory>
      <Execution id="c9179ed3-4688-4c99-8805-28f97bb78d46" />
      <TestMethod codeBase="C:\Projekty\MSTestProject\bin\Debug\netcoreapp3.1\MSTestProject.dll" adapterTypeName="executor://mstestadapter/v2" className="TwojeWesele.Services.Helpers.Tests.CurrencyHelperTests" name="FormatToStringTest1000" />
    </UnitTest>
    <UnitTest name="FormatToStringTest1000 (81326.3340147521,81326.33 zł)" storage="c:\projekty\mstestproject\bin\debug\netcoreapp3.1\mstestproject.dll" id="7f0d9614-bc18-46b5-ad6d-af05a2345424">
      <TestCategory>
        <TestCategoryItem TestCategory="Category1000" />
      </TestCategory>
      <Execution id="c9db51de-3410-43de-a715-313ab4b69ce8" />
      <TestMethod codeBase="C:\Projekty\MSTestProject\bin\Debug\netcoreapp3.1\MSTestProject.dll" adapterTypeName="executor://mstestadapter/v2" className="TwojeWesele.Services.Helpers.Tests.CurrencyHelperTests" name="FormatToStringTest1000" />
    </UnitTest>
    <UnitTest name="FormatToStringTest1000 (4411.456718280659,4411.46 zł)" storage="c:\projekty\mstestproject\bin\debug\netcoreapp3.1\mstestproject.dll" id="83a9f4d3-b4ca-431b-9838-657c42033fd7">
      <TestCategory>
        <TestCategoryItem TestCategory="Category1000" />
      </TestCategory>
      <Execution id="f289739b-f7ea-41d3-a35c-710ce3c623ad" />
      <TestMethod codeBase="C:\Projekty\MSTestProject\bin\Debug\netcoreapp3.1\MSTestProject.dll" adapterTypeName="executor://mstestadapter/v2" className="TwojeWesele.Services.Helpers.Tests.CurrencyHelperTests" name="FormatToStringTest1000" />
    </UnitTest>
    <UnitTest name="FormatToStringTest1000 (653.4647999170537,653.46 zł)" storage="c:\projekty\mstestproject\bin\debug\netcoreapp3.1\mstestproject.dll" id="bf61fab1-5dc1-4e7f-b62f-4feabc39e862">
      <TestCategory>
        <TestCategoryItem TestCategory="Category1000" />
      </TestCategory>
      <Execution id="b333682e-b2a8-4153-9889-43a8bc368986" />
      <TestMethod codeBase="C:\Projekty\MSTestProject\bin\Debug\netcoreapp3.1\MSTestProject.dll" adapterTypeName="executor://mstestadapter/v2" className="TwojeWesele.Services.Helpers.Tests.CurrencyHelperTests" name="FormatToStringTest1000" />
    </UnitTest>
    <UnitTest name="FormatToStringTest1000 (759.247198292635,759.25 zł)" storage="c:\projekty\mstestproject\bin\debug\netcoreapp3.1\mstestproject.dll" id="24ed55a9-8d32-48d7-872b-a8504cd9a4b4">
      <TestCategory>
        <TestCategoryItem TestCategory="Category1000" />
      </TestCategory>
      <Execution id="f02d6dd6-8790-4c3a-aaea-4abe78603c29" />
      <TestMethod codeBase="C:\Projekty\MSTestProject\bin\Debug\netcoreapp3.1\MSTestProject.dll" adapterTypeName="executor://mstestadapter/v2" className="TwojeWesele.Services.Helpers.Tests.CurrencyHelperTests" name="FormatToStringTest1000" />
    </UnitTest>
    <UnitTest name="FormatToStringTest1000 (26843.15785584932,26843.16 zł)" storage="c:\projekty\mstestproject\bin\debug\netcoreapp3.1\mstestproject.dll" id="d28d8c03-bde5-4b51-bdad-6bcf6e27dcd5">
      <TestCategory>
        <TestCategoryItem TestCategory="Category1000" />
      </TestCategory>
      <Execution id="216c2621-fd49-479a-897e-ad5d7698916e" />
      <TestMethod codeBase="C:\Projekty\MSTestProject\bin\Debug\netcoreapp3.1\MSTestProject.dll" adapterTypeName="executor://mstestadapter/v2" className="TwojeWesele.Services.Helpers.Tests.CurrencyHelperTests" name="FormatToStringTest1000" />
    </UnitTest>
    <UnitTest name="FormatToStringTest1000 (9657.360676611475,9657.36 zł)" storage="c:\projekty\mstestproject\bin\debug\netcoreapp3.1\mstestproject.dll" id="561140d7-65b8-4219-872b-b01b71d2df36">
      <TestCategory>
        <TestCategoryItem TestCategory="Category1000" />
      </TestCategory>
      <Execution id="958c87b4-9008-4fd9-9d3f-67b1f75032c7" />
      <TestMethod codeBase="C:\Projekty\MSTestProject\bin\Debug\netcoreapp3.1\MSTestProject.dll" adapterTypeName="executor://mstestadapter/v2" className="TwojeWesele.Services.Helpers.Tests.CurrencyHelperTests" name="FormatToStringTest1000" />
    </UnitTest>
    <UnitTest name="FormatToStringTest1000 (96022.24851977557,96022.25 zł)" storage="c:\projekty\mstestproject\bin\debug\netcoreapp3.1\mstestproject.dll" id="c6e2df70-57e0-42a3-be45-5a5ecceaf9dd">
      <TestCategory>
        <TestCategoryItem TestCategory="Category1000" />
      </TestCategory>
      <Execution id="2993e2b8-74c0-4856-acc1-d0bcd7aca3af" />
      <TestMethod codeBase="C:\Projekty\MSTestProject\bin\Debug\netcoreapp3.1\MSTestProject.dll" adapterTypeName="executor://mstestadapter/v2" className="TwojeWesele.Services.Helpers.Tests.CurrencyHelperTests" name="FormatToStringTest1000" />
    </UnitTest>
    <UnitTest name="FormatToStringTest1000 (7370.518277515898,7370.52 zł)" storage="c:\projekty\mstestproject\bin\debug\netcoreapp3.1\mstestproject.dll" id="117dbcb3-3e70-4004-806b-e1bd8958aeda">
      <TestCategory>
        <TestCategoryItem TestCategory="Category1000" />
      </TestCategory>
      <Execution id="945869f9-15d2-44c0-abfe-377b500d1b52" />
      <TestMethod codeBase="C:\Projekty\MSTestProject\bin\Debug\netcoreapp3.1\MSTestProject.dll" adapterTypeName="executor://mstestadapter/v2" className="TwojeWesele.Services.Helpers.Tests.CurrencyHelperTests" name="FormatToStringTest1000" />
    </UnitTest>
    <UnitTest name="FormatToStringTest1000 (30034.922435005625,30034.92 zł)" storage="c:\projekty\mstestproject\bin\debug\netcoreapp3.1\mstestproject.dll" id="a780905c-091b-4991-a6f8-a624904178a8">
      <TestCategory>
        <TestCategoryItem TestCategory="Category1000" />
      </TestCategory>
      <Execution id="512f37e8-2c87-4a11-abb6-51e147c72e3b" />
      <TestMethod codeBase="C:\Projekty\MSTestProject\bin\Debug\netcoreapp3.1\MSTestProject.dll" adapterTypeName="executor://mstestadapter/v2" className="TwojeWesele.Services.Helpers.Tests.CurrencyHelperTests" name="FormatToStringTest1000" />
    </UnitTest>
    <UnitTest name="FormatToStringTest1000 (48684.26840475959,48684.27 zł)" storage="c:\projekty\mstestproject\bin\debug\netcoreapp3.1\mstestproject.dll" id="861173a0-c0bf-4ee3-aa09-3731972519d8">
      <TestCategory>
        <TestCategoryItem TestCategory="Category1000" />
      </TestCategory>
      <Execution id="d5fdbaa1-03ae-426d-b1a6-50973e76bfdb" />
      <TestMethod codeBase="C:\Projekty\MSTestProject\bin\Debug\netcoreapp3.1\MSTestProject.dll" adapterTypeName="executor://mstestadapter/v2" className="TwojeWesele.Services.Helpers.Tests.CurrencyHelperTests" name="FormatToStringTest1000" />
    </UnitTest>
    <UnitTest name="FormatToStringTest1000 (8768.816937361293,8768.82 zł)" storage="c:\projekty\mstestproject\bin\debug\netcoreapp3.1\mstestproject.dll" id="ef84f589-9ed1-4a93-a8d4-12318c34c64a">
      <TestCategory>
        <TestCategoryItem TestCategory="Category1000" />
      </TestCategory>
      <Execution id="c2eee008-fe17-4683-85a3-0ec401ad4983" />
      <TestMethod codeBase="C:\Projekty\MSTestProject\bin\Debug\netcoreapp3.1\MSTestProject.dll" adapterTypeName="executor://mstestadapter/v2" className="TwojeWesele.Services.Helpers.Tests.CurrencyHelperTests" name="FormatToStringTest1000" />
    </UnitTest>
    <UnitTest name="FormatToStringTest1000 (44065.726815678056,44065.73 zł)" storage="c:\projekty\mstestproject\bin\debug\netcoreapp3.1\mstestproject.dll" id="ece9a2ed-8755-4d1e-8747-e6e03dc231df">
      <TestCategory>
        <TestCategoryItem TestCategory="Category1000" />
      </TestCategory>
      <Execution id="b6ad796b-b416-4f0a-b9cb-3813568a8ebd" />
      <TestMethod codeBase="C:\Projekty\MSTestProject\bin\Debug\netcoreapp3.1\MSTestProject.dll" adapterTypeName="executor://mstestadapter/v2" className="TwojeWesele.Services.Helpers.Tests.CurrencyHelperTests" name="FormatToStringTest1000" />
    </UnitTest>
    <UnitTest name="FormatToStringTest1000 (19085.023282992664,19085.02 zł)" storage="c:\projekty\mstestproject\bin\debug\netcoreapp3.1\mstestproject.dll" id="a5bc5498-ed43-41df-b033-3a7381b7f623">
      <TestCategory>
        <TestCategoryItem TestCategory="Category1000" />
      </TestCategory>
      <Execution id="08684626-cd72-4799-b34f-7b517ffd7ab3" />
      <TestMethod codeBase="C:\Projekty\MSTestProject\bin\Debug\netcoreapp3.1\MSTestProject.dll" adapterTypeName="executor://mstestadapter/v2" className="TwojeWesele.Services.Helpers.Tests.CurrencyHelperTests" name="FormatToStringTest1000" />
    </UnitTest>
    <UnitTest name="FormatToStringTest1000 (39178.05988345298,39178.06 zł)" storage="c:\projekty\mstestproject\bin\debug\netcoreapp3.1\mstestproject.dll" id="6d91a45a-cbf9-4457-b641-dc753fb6cdb7">
      <TestCategory>
        <TestCategoryItem TestCategory="Category1000" />
      </TestCategory>
      <Execution id="ba74a0ff-e82b-43a8-b4d4-00179039e657" />
      <TestMethod codeBase="C:\Projekty\MSTestProject\bin\Debug\netcoreapp3.1\MSTestProject.dll" adapterTypeName="executor://mstestadapter/v2" className="TwojeWesele.Services.Helpers.Tests.CurrencyHelperTests" name="FormatToStringTest1000" />
    </UnitTest>
    <UnitTest name="FormatToStringTest1000 (1799.2562459103092,1799.26 zł)" storage="c:\projekty\mstestproject\bin\debug\netcoreapp3.1\mstestproject.dll" id="0eb280e6-9b99-42df-87e4-db0b3f849319">
      <TestCategory>
        <TestCategoryItem TestCategory="Category1000" />
      </TestCategory>
      <Execution id="a75c1e65-8e95-4227-921e-fdf93694b782" />
      <TestMethod codeBase="C:\Projekty\MSTestProject\bin\Debug\netcoreapp3.1\MSTestProject.dll" adapterTypeName="executor://mstestadapter/v2" className="TwojeWesele.Services.Helpers.Tests.CurrencyHelperTests" name="FormatToStringTest1000" />
    </UnitTest>
    <UnitTest name="FormatToStringTest1000 (30199.386730006612,30199.39 zł)" storage="c:\projekty\mstestproject\bin\debug\netcoreapp3.1\mstestproject.dll" id="48e19e5d-0be2-419a-9e9e-290cfbd3b432">
      <TestCategory>
        <TestCategoryItem TestCategory="Category1000" />
      </TestCategory>
      <Execution id="f732021f-478a-4f49-806a-82357e4a5134" />
      <TestMethod codeBase="C:\Projekty\MSTestProject\bin\Debug\netcoreapp3.1\MSTestProject.dll" adapterTypeName="executor://mstestadapter/v2" className="TwojeWesele.Services.Helpers.Tests.CurrencyHelperTests" name="FormatToStringTest1000" />
    </UnitTest>
    <UnitTest name="FormatToStringTest1000 (10495.622655484185,10495.62 zł)" storage="c:\projekty\mstestproject\bin\debug\netcoreapp3.1\mstestproject.dll" id="b314de1b-1287-4b46-8bb6-a8dbbf95e26b">
      <TestCategory>
        <TestCategoryItem TestCategory="Category1000" />
      </TestCategory>
      <Execution id="e0d55355-1530-4bf8-848f-340e4c91c2ae" />
      <TestMethod codeBase="C:\Projekty\MSTestProject\bin\Debug\netcoreapp3.1\MSTestProject.dll" adapterTypeName="executor://mstestadapter/v2" className="TwojeWesele.Services.Helpers.Tests.CurrencyHelperTests" name="FormatToStringTest1000" />
    </UnitTest>
    <UnitTest name="FormatToStringTest1000 (2409.393997763001,2409.39 zł)" storage="c:\projekty\mstestproject\bin\debug\netcoreapp3.1\mstestproject.dll" id="ac0fac6d-9395-4d24-ab4e-2a1f28e6b50d">
      <TestCategory>
        <TestCategoryItem TestCategory="Category1000" />
      </TestCategory>
      <Execution id="68fda537-980f-4e53-a348-51731166669a" />
      <TestMethod codeBase="C:\Projekty\MSTestProject\bin\Debug\netcoreapp3.1\MSTestProject.dll" adapterTypeName="executor://mstestadapter/v2" className="TwojeWesele.Services.Helpers.Tests.CurrencyHelperTests" name="FormatToStringTest1000" />
    </UnitTest>
    <UnitTest name="FormatToStringTest1000 (1662.8482664818168,1662.85 zł)" storage="c:\projekty\mstestproject\bin\debug\netcoreapp3.1\mstestproject.dll" id="d2be0735-f310-4ee7-921c-bcbb14f98e41">
      <TestCategory>
        <TestCategoryItem TestCategory="Category1000" />
      </TestCategory>
      <Execution id="754da4e1-9131-4563-9b56-e3ffd5e31071" />
      <TestMethod codeBase="C:\Projekty\MSTestProject\bin\Debug\netcoreapp3.1\MSTestProject.dll" adapterTypeName="executor://mstestadapter/v2" className="TwojeWesele.Services.Helpers.Tests.CurrencyHelperTests" name="FormatToStringTest1000" />
    </UnitTest>
    <UnitTest name="FormatToStringTest1000 (3700.029953029021,3700.03 zł)" storage="c:\projekty\mstestproject\bin\debug\netcoreapp3.1\mstestproject.dll" id="0c69b91c-13e4-42e0-8b21-033f7634ce3d">
      <TestCategory>
        <TestCategoryItem TestCategory="Category1000" />
      </TestCategory>
      <Execution id="e234b409-628b-4ade-a9ed-ee7d84e73e0f" />
      <TestMethod codeBase="C:\Projekty\MSTestProject\bin\Debug\netcoreapp3.1\MSTestProject.dll" adapterTypeName="executor://mstestadapter/v2" className="TwojeWesele.Services.Helpers.Tests.CurrencyHelperTests" name="FormatToStringTest1000" />
    </UnitTest>
    <UnitTest name="FormatToStringTest1000 (63507.32603545455,63507.33 zł)" storage="c:\projekty\mstestproject\bin\debug\netcoreapp3.1\mstestproject.dll" id="8c4b4a86-8b9c-43c3-88ae-f1eb06e43783">
      <TestCategory>
        <TestCategoryItem TestCategory="Category1000" />
      </TestCategory>
      <Execution id="007422a6-1c1e-413d-b9f2-8636e9f6f960" />
      <TestMethod codeBase="C:\Projekty\MSTestProject\bin\Debug\netcoreapp3.1\MSTestProject.dll" adapterTypeName="executor://mstestadapter/v2" className="TwojeWesele.Services.Helpers.Tests.CurrencyHelperTests" name="FormatToStringTest1000" />
    </UnitTest>
    <UnitTest name="FormatToStringTest1000 (59247.898931587064,59247.90 zł)" storage="c:\projekty\mstestproject\bin\debug\netcoreapp3.1\mstestproject.dll" id="5dce2aec-9d6a-49e2-92e9-a21f5d04e62a">
      <TestCategory>
        <TestCategoryItem TestCategory="Category1000" />
      </TestCategory>
      <Execution id="5757d88b-d547-4e73-b384-eb485ca87781" />
      <TestMethod codeBase="C:\Projekty\MSTestProject\bin\Debug\netcoreapp3.1\MSTestProject.dll" adapterTypeName="executor://mstestadapter/v2" className="TwojeWesele.Services.Helpers.Tests.CurrencyHelperTests" name="FormatToStringTest1000" />
    </UnitTest>
    <UnitTest name="FormatToStringTest1000 (904.351189922705,904.35 zł)" storage="c:\projekty\mstestproject\bin\debug\netcoreapp3.1\mstestproject.dll" id="0fb22ffc-a983-489e-ae75-f40563fba803">
      <TestCategory>
        <TestCategoryItem TestCategory="Category1000" />
      </TestCategory>
      <Execution id="f7962912-e13d-447a-9be2-27c503e6db20" />
      <TestMethod codeBase="C:\Projekty\MSTestProject\bin\Debug\netcoreapp3.1\MSTestProject.dll" adapterTypeName="executor://mstestadapter/v2" className="TwojeWesele.Services.Helpers.Tests.CurrencyHelperTests" name="FormatToStringTest1000" />
    </UnitTest>
    <UnitTest name="FormatToStringTest1000 (12091.219941106729,12091.22 zł)" storage="c:\projekty\mstestproject\bin\debug\netcoreapp3.1\mstestproject.dll" id="083b30bd-a1e3-43a9-b8a3-3c1e4618097b">
      <TestCategory>
        <TestCategoryItem TestCategory="Category1000" />
      </TestCategory>
      <Execution id="f44524c1-42b9-4e7d-9b0e-77c843601876" />
      <TestMethod codeBase="C:\Projekty\MSTestProject\bin\Debug\netcoreapp3.1\MSTestProject.dll" adapterTypeName="executor://mstestadapter/v2" className="TwojeWesele.Services.Helpers.Tests.CurrencyHelperTests" name="FormatToStringTest1000" />
    </UnitTest>
    <UnitTest name="FormatToStringTest1000 (54678.59301593089,54678.59 zł)" storage="c:\projekty\mstestproject\bin\debug\netcoreapp3.1\mstestproject.dll" id="154abde5-2fb7-4fc9-a139-7425dddc11b9">
      <TestCategory>
        <TestCategoryItem TestCategory="Category1000" />
      </TestCategory>
      <Execution id="d782b1bf-a30d-4efc-963e-66826dbd6739" />
      <TestMethod codeBase="C:\Projekty\MSTestProject\bin\Debug\netcoreapp3.1\MSTestProject.dll" adapterTypeName="executor://mstestadapter/v2" className="TwojeWesele.Services.Helpers.Tests.CurrencyHelperTests" name="FormatToStringTest1000" />
    </UnitTest>
    <UnitTest name="FormatToStringTest1000 (42767.96883676898,42767.97 zł)" storage="c:\projekty\mstestproject\bin\debug\netcoreapp3.1\mstestproject.dll" id="32238975-5cc1-478e-b385-097151c34783">
      <TestCategory>
        <TestCategoryItem TestCategory="Category1000" />
      </TestCategory>
      <Execution id="3394ec65-17c4-45d4-b5dd-950159fd0072" />
      <TestMethod codeBase="C:\Projekty\MSTestProject\bin\Debug\netcoreapp3.1\MSTestProject.dll" adapterTypeName="executor://mstestadapter/v2" className="TwojeWesele.Services.Helpers.Tests.CurrencyHelperTests" name="FormatToStringTest1000" />
    </UnitTest>
    <UnitTest name="FormatToStringTest1000 (782.6578288817116,782.66 zł)" storage="c:\projekty\mstestproject\bin\debug\netcoreapp3.1\mstestproject.dll" id="a88b26d8-00fe-4bcb-aae2-b89372deaf00">
      <TestCategory>
        <TestCategoryItem TestCategory="Category1000" />
      </TestCategory>
      <Execution id="63437e71-de48-432d-a8ec-f3d94d4e6c97" />
      <TestMethod codeBase="C:\Projekty\MSTestProject\bin\Debug\netcoreapp3.1\MSTestProject.dll" adapterTypeName="executor://mstestadapter/v2" className="TwojeWesele.Services.Helpers.Tests.CurrencyHelperTests" name="FormatToStringTest1000" />
    </UnitTest>
    <UnitTest name="FormatToStringTest1000 (3649.9254912836127,3649.93 zł)" storage="c:\projekty\mstestproject\bin\debug\netcoreapp3.1\mstestproject.dll" id="d268b14f-0b11-4b5e-8ed5-0860212862fd">
      <TestCategory>
        <TestCategoryItem TestCategory="Category1000" />
      </TestCategory>
      <Execution id="148f30c7-1524-4790-8f2a-244716ed335d" />
      <TestMethod codeBase="C:\Projekty\MSTestProject\bin\Debug\netcoreapp3.1\MSTestProject.dll" adapterTypeName="executor://mstestadapter/v2" className="TwojeWesele.Services.Helpers.Tests.CurrencyHelperTests" name="FormatToStringTest1000" />
    </UnitTest>
    <UnitTest name="FormatToStringTest1000 (12379.347974640013,12379.35 zł)" storage="c:\projekty\mstestproject\bin\debug\netcoreapp3.1\mstestproject.dll" id="4280ad47-e856-477d-b95c-b608de71fae6">
      <TestCategory>
        <TestCategoryItem TestCategory="Category1000" />
      </TestCategory>
      <Execution id="8ac2c513-2eed-48b4-843e-7f8083fb5f74" />
      <TestMethod codeBase="C:\Projekty\MSTestProject\bin\Debug\netcoreapp3.1\MSTestProject.dll" adapterTypeName="executor://mstestadapter/v2" className="TwojeWesele.Services.Helpers.Tests.CurrencyHelperTests" name="FormatToStringTest1000" />
    </UnitTest>
    <UnitTest name="FormatToStringTest1000 (96.75594581512546,96.76 zł)" storage="c:\projekty\mstestproject\bin\debug\netcoreapp3.1\mstestproject.dll" id="0aeac257-6de0-4a94-b5b5-cd8aec1631b5">
      <TestCategory>
        <TestCategoryItem TestCategory="Category1000" />
      </TestCategory>
      <Execution id="f5924446-9c1f-4be3-82fc-f2bd43a23b9a" />
      <TestMethod codeBase="C:\Projekty\MSTestProject\bin\Debug\netcoreapp3.1\MSTestProject.dll" adapterTypeName="executor://mstestadapter/v2" className="TwojeWesele.Services.Helpers.Tests.CurrencyHelperTests" name="FormatToStringTest1000" />
    </UnitTest>
    <UnitTest name="FormatToStringTest1000 (58902.704109088845,58902.70 zł)" storage="c:\projekty\mstestproject\bin\debug\netcoreapp3.1\mstestproject.dll" id="c4d2c338-04c0-41fe-8814-e52f16d6a0bb">
      <TestCategory>
        <TestCategoryItem TestCategory="Category1000" />
      </TestCategory>
      <Execution id="24963cef-16c0-480b-8468-aaead467d0a5" />
      <TestMethod codeBase="C:\Projekty\MSTestProject\bin\Debug\netcoreapp3.1\MSTestProject.dll" adapterTypeName="executor://mstestadapter/v2" className="TwojeWesele.Services.Helpers.Tests.CurrencyHelperTests" name="FormatToStringTest1000" />
    </UnitTest>
    <UnitTest name="FormatToStringTest1000 (9190.067404299076,9190.07 zł)" storage="c:\projekty\mstestproject\bin\debug\netcoreapp3.1\mstestproject.dll" id="c3548c6e-b151-4693-9f3e-dfa1db653800">
      <TestCategory>
        <TestCategoryItem TestCategory="Category1000" />
      </TestCategory>
      <Execution id="5aa78549-d802-4244-b311-9902635bb102" />
      <TestMethod codeBase="C:\Projekty\MSTestProject\bin\Debug\netcoreapp3.1\MSTestProject.dll" adapterTypeName="executor://mstestadapter/v2" className="TwojeWesele.Services.Helpers.Tests.CurrencyHelperTests" name="FormatToStringTest1000" />
    </UnitTest>
    <UnitTest name="FormatToStringTest1000 (19840.47672110632,19840.48 zł)" storage="c:\projekty\mstestproject\bin\debug\netcoreapp3.1\mstestproject.dll" id="679bb38d-b946-4b7a-a2a5-fc727895a532">
      <TestCategory>
        <TestCategoryItem TestCategory="Category1000" />
      </TestCategory>
      <Execution id="f5879775-4a27-4a5a-8861-a827e32fb542" />
      <TestMethod codeBase="C:\Projekty\MSTestProject\bin\Debug\netcoreapp3.1\MSTestProject.dll" adapterTypeName="executor://mstestadapter/v2" className="TwojeWesele.Services.Helpers.Tests.CurrencyHelperTests" name="FormatToStringTest1000" />
    </UnitTest>
    <UnitTest name="FormatToStringTest1000 (34062.88803158276,34062.89 zł)" storage="c:\projekty\mstestproject\bin\debug\netcoreapp3.1\mstestproject.dll" id="c343028f-0cd7-45e3-9341-214d7d4f686c">
      <TestCategory>
        <TestCategoryItem TestCategory="Category1000" />
      </TestCategory>
      <Execution id="abf7b282-5d7f-4ea3-9fbd-aaaa72c4de61" />
      <TestMethod codeBase="C:\Projekty\MSTestProject\bin\Debug\netcoreapp3.1\MSTestProject.dll" adapterTypeName="executor://mstestadapter/v2" className="TwojeWesele.Services.Helpers.Tests.CurrencyHelperTests" name="FormatToStringTest1000" />
    </UnitTest>
    <UnitTest name="FormatToStringTest1000 (13375.96341587415,13375.96 zł)" storage="c:\projekty\mstestproject\bin\debug\netcoreapp3.1\mstestproject.dll" id="7d50c9ea-2f6a-4a6f-b227-744e02eea3b1">
      <TestCategory>
        <TestCategoryItem TestCategory="Category1000" />
      </TestCategory>
      <Execution id="d0c42ddb-cf9c-4957-8214-73c1f7bfdeb5" />
      <TestMethod codeBase="C:\Projekty\MSTestProject\bin\Debug\netcoreapp3.1\MSTestProject.dll" adapterTypeName="executor://mstestadapter/v2" className="TwojeWesele.Services.Helpers.Tests.CurrencyHelperTests" name="FormatToStringTest1000" />
    </UnitTest>
    <UnitTest name="FormatToStringTest1000 (18032.4720825476,18032.47 zł)" storage="c:\projekty\mstestproject\bin\debug\netcoreapp3.1\mstestproject.dll" id="1356944f-1eb8-4667-b8c4-c410dc7dfbb2">
      <TestCategory>
        <TestCategoryItem TestCategory="Category1000" />
      </TestCategory>
      <Execution id="b892088c-34f7-467d-9557-6db835871ada" />
      <TestMethod codeBase="C:\Projekty\MSTestProject\bin\Debug\netcoreapp3.1\MSTestProject.dll" adapterTypeName="executor://mstestadapter/v2" className="TwojeWesele.Services.Helpers.Tests.CurrencyHelperTests" name="FormatToStringTest1000" />
    </UnitTest>
    <UnitTest name="FormatToStringTest1000 (17953.338243749615,17953.34 zł)" storage="c:\projekty\mstestproject\bin\debug\netcoreapp3.1\mstestproject.dll" id="3f8f694a-ea82-4c73-9bbe-517883b3ca19">
      <TestCategory>
        <TestCategoryItem TestCategory="Category1000" />
      </TestCategory>
      <Execution id="c6b1b9d4-93f0-43da-8fd5-83d2c545568a" />
      <TestMethod codeBase="C:\Projekty\MSTestProject\bin\Debug\netcoreapp3.1\MSTestProject.dll" adapterTypeName="executor://mstestadapter/v2" className="TwojeWesele.Services.Helpers.Tests.CurrencyHelperTests" name="FormatToStringTest1000" />
    </UnitTest>
    <UnitTest name="FormatToStringTest1000 (11118.620997698335,11118.62 zł)" storage="c:\projekty\mstestproject\bin\debug\netcoreapp3.1\mstestproject.dll" id="64c2b7a1-9dcc-4944-8465-0a947fc76a59">
      <TestCategory>
        <TestCategoryItem TestCategory="Category1000" />
      </TestCategory>
      <Execution id="3ffb7544-d21f-4365-a411-d604dd90a05c" />
      <TestMethod codeBase="C:\Projekty\MSTestProject\bin\Debug\netcoreapp3.1\MSTestProject.dll" adapterTypeName="executor://mstestadapter/v2" className="TwojeWesele.Services.Helpers.Tests.CurrencyHelperTests" name="FormatToStringTest1000" />
    </UnitTest>
    <UnitTest name="FormatToStringTest1000 (918.1842976688334,918.18 zł)" storage="c:\projekty\mstestproject\bin\debug\netcoreapp3.1\mstestproject.dll" id="94135999-21f5-44a9-8c6b-cdf84270cd68">
      <TestCategory>
        <TestCategoryItem TestCategory="Category1000" />
      </TestCategory>
      <Execution id="bfbebaac-24c3-40c0-867c-5a57a21550f6" />
      <TestMethod codeBase="C:\Projekty\MSTestProject\bin\Debug\netcoreapp3.1\MSTestProject.dll" adapterTypeName="executor://mstestadapter/v2" className="TwojeWesele.Services.Helpers.Tests.CurrencyHelperTests" name="FormatToStringTest1000" />
    </UnitTest>
    <UnitTest name="FormatToStringTest1000 (4555.538255205163,4555.54 zł)" storage="c:\projekty\mstestproject\bin\debug\netcoreapp3.1\mstestproject.dll" id="ba4fdc0b-c34d-4ac4-b693-f03583818bff">
      <TestCategory>
        <TestCategoryItem TestCategory="Category1000" />
      </TestCategory>
      <Execution id="695ea604-2e2d-4369-b3e8-58cec7b48c7a" />
      <TestMethod codeBase="C:\Projekty\MSTestProject\bin\Debug\netcoreapp3.1\MSTestProject.dll" adapterTypeName="executor://mstestadapter/v2" className="TwojeWesele.Services.Helpers.Tests.CurrencyHelperTests" name="FormatToStringTest1000" />
    </UnitTest>
    <UnitTest name="FormatToStringTest1000 (24825.207513729205,24825.21 zł)" storage="c:\projekty\mstestproject\bin\debug\netcoreapp3.1\mstestproject.dll" id="5bea4417-c020-4d7a-8dee-bb7794a3fd7a">
      <TestCategory>
        <TestCategoryItem TestCategory="Category1000" />
      </TestCategory>
      <Execution id="0c025352-106b-4150-a1d8-5f6f73f34474" />
      <TestMethod codeBase="C:\Projekty\MSTestProject\bin\Debug\netcoreapp3.1\MSTestProject.dll" adapterTypeName="executor://mstestadapter/v2" className="TwojeWesele.Services.Helpers.Tests.CurrencyHelperTests" name="FormatToStringTest1000" />
    </UnitTest>
    <UnitTest name="FormatToStringTest1000 (20237.28532723723,20237.29 zł)" storage="c:\projekty\mstestproject\bin\debug\netcoreapp3.1\mstestproject.dll" id="6a3fda69-ba19-489b-92e7-3d961cbc064a">
      <TestCategory>
        <TestCategoryItem TestCategory="Category1000" />
      </TestCategory>
      <Execution id="2640dd81-102f-4be3-90fe-ce3c1f14097b" />
      <TestMethod codeBase="C:\Projekty\MSTestProject\bin\Debug\netcoreapp3.1\MSTestProject.dll" adapterTypeName="executor://mstestadapter/v2" className="TwojeWesele.Services.Helpers.Tests.CurrencyHelperTests" name="FormatToStringTest1000" />
    </UnitTest>
    <UnitTest name="FormatToStringTest1000 (22367.991005544547,22367.99 zł)" storage="c:\projekty\mstestproject\bin\debug\netcoreapp3.1\mstestproject.dll" id="06dbfcf8-c280-476c-8b23-29aa2f53a7e0">
      <TestCategory>
        <TestCategoryItem TestCategory="Category1000" />
      </TestCategory>
      <Execution id="19c96017-f9ee-4bd0-b8fc-b924cb5fd742" />
      <TestMethod codeBase="C:\Projekty\MSTestProject\bin\Debug\netcoreapp3.1\MSTestProject.dll" adapterTypeName="executor://mstestadapter/v2" className="TwojeWesele.Services.Helpers.Tests.CurrencyHelperTests" name="FormatToStringTest1000" />
    </UnitTest>
    <UnitTest name="FormatToStringTest1000 (24308.26523149212,24308.27 zł)" storage="c:\projekty\mstestproject\bin\debug\netcoreapp3.1\mstestproject.dll" id="33b2b212-3d38-4943-ac67-6b6de0473370">
      <TestCategory>
        <TestCategoryItem TestCategory="Category1000" />
      </TestCategory>
      <Execution id="32c4431d-8d55-404a-ae0e-10689f5994bb" />
      <TestMethod codeBase="C:\Projekty\MSTestProject\bin\Debug\netcoreapp3.1\MSTestProject.dll" adapterTypeName="executor://mstestadapter/v2" className="TwojeWesele.Services.Helpers.Tests.CurrencyHelperTests" name="FormatToStringTest1000" />
    </UnitTest>
    <UnitTest name="FormatToStringTest1000 (78519.41691976106,78519.42 zł)" storage="c:\projekty\mstestproject\bin\debug\netcoreapp3.1\mstestproject.dll" id="fc4764d6-3482-49ec-9368-21f4e56e151b">
      <TestCategory>
        <TestCategoryItem TestCategory="Category1000" />
      </TestCategory>
      <Execution id="b18411f8-2a66-41d9-996a-6668ce91eb5c" />
      <TestMethod codeBase="C:\Projekty\MSTestProject\bin\Debug\netcoreapp3.1\MSTestProject.dll" adapterTypeName="executor://mstestadapter/v2" className="TwojeWesele.Services.Helpers.Tests.CurrencyHelperTests" name="FormatToStringTest1000" />
    </UnitTest>
    <UnitTest name="FormatToStringTest1000 (33251.41907856028,33251.42 zł)" storage="c:\projekty\mstestproject\bin\debug\netcoreapp3.1\mstestproject.dll" id="b830c3d4-92f4-41fe-bbe9-2f8cd88d5c69">
      <TestCategory>
        <TestCategoryItem TestCategory="Category1000" />
      </TestCategory>
      <Execution id="73bfbd8e-71c2-4657-8a5a-672390aff23d" />
      <TestMethod codeBase="C:\Projekty\MSTestProject\bin\Debug\netcoreapp3.1\MSTestProject.dll" adapterTypeName="executor://mstestadapter/v2" className="TwojeWesele.Services.Helpers.Tests.CurrencyHelperTests" name="FormatToStringTest1000" />
    </UnitTest>
    <UnitTest name="FormatToStringTest1000 (58848.60825001477,58848.61 zł)" storage="c:\projekty\mstestproject\bin\debug\netcoreapp3.1\mstestproject.dll" id="654457ec-6e9a-4534-bd11-68c2633e45f7">
      <TestCategory>
        <TestCategoryItem TestCategory="Category1000" />
      </TestCategory>
      <Execution id="7472cc84-dbbb-43c4-ab2c-8e3a06c14f38" />
      <TestMethod codeBase="C:\Projekty\MSTestProject\bin\Debug\netcoreapp3.1\MSTestProject.dll" adapterTypeName="executor://mstestadapter/v2" className="TwojeWesele.Services.Helpers.Tests.CurrencyHelperTests" name="FormatToStringTest1000" />
    </UnitTest>
    <UnitTest name="FormatToStringTest1000 (57525.72988993569,57525.73 zł)" storage="c:\projekty\mstestproject\bin\debug\netcoreapp3.1\mstestproject.dll" id="ed677477-51bc-4d27-a1a8-7f58c5fb8394">
      <TestCategory>
        <TestCategoryItem TestCategory="Category1000" />
      </TestCategory>
      <Execution id="969f54cc-86cf-4d7f-a182-1728c477a568" />
      <TestMethod codeBase="C:\Projekty\MSTestProject\bin\Debug\netcoreapp3.1\MSTestProject.dll" adapterTypeName="executor://mstestadapter/v2" className="TwojeWesele.Services.Helpers.Tests.CurrencyHelperTests" name="FormatToStringTest1000" />
    </UnitTest>
    <UnitTest name="FormatToStringTest1000 (14063.90676654871,14063.91 zł)" storage="c:\projekty\mstestproject\bin\debug\netcoreapp3.1\mstestproject.dll" id="df62407d-ba38-4c0c-ac60-5a3694ee97a7">
      <TestCategory>
        <TestCategoryItem TestCategory="Category1000" />
      </TestCategory>
      <Execution id="6a097b57-7833-4961-bae0-bbf487d6ecfa" />
      <TestMethod codeBase="C:\Projekty\MSTestProject\bin\Debug\netcoreapp3.1\MSTestProject.dll" adapterTypeName="executor://mstestadapter/v2" className="TwojeWesele.Services.Helpers.Tests.CurrencyHelperTests" name="FormatToStringTest1000" />
    </UnitTest>
    <UnitTest name="FormatToStringTest1000 (6205.946199725357,6205.95 zł)" storage="c:\projekty\mstestproject\bin\debug\netcoreapp3.1\mstestproject.dll" id="069307d5-1191-4c8b-a596-3b9d3e9222af">
      <TestCategory>
        <TestCategoryItem TestCategory="Category1000" />
      </TestCategory>
      <Execution id="15a77691-4931-4360-a733-dfe9bf4bdbd9" />
      <TestMethod codeBase="C:\Projekty\MSTestProject\bin\Debug\netcoreapp3.1\MSTestProject.dll" adapterTypeName="executor://mstestadapter/v2" className="TwojeWesele.Services.Helpers.Tests.CurrencyHelperTests" name="FormatToStringTest1000" />
    </UnitTest>
    <UnitTest name="FormatToStringTest1000 (11181.228339251702,11181.23 zł)" storage="c:\projekty\mstestproject\bin\debug\netcoreapp3.1\mstestproject.dll" id="cfff04c6-b801-48ed-9317-31a2de0e1059">
      <TestCategory>
        <TestCategoryItem TestCategory="Category1000" />
      </TestCategory>
      <Execution id="dc238224-91bd-44d2-984f-08b11188f92f" />
      <TestMethod codeBase="C:\Projekty\MSTestProject\bin\Debug\netcoreapp3.1\MSTestProject.dll" adapterTypeName="executor://mstestadapter/v2" className="TwojeWesele.Services.Helpers.Tests.CurrencyHelperTests" name="FormatToStringTest1000" />
    </UnitTest>
    <UnitTest name="FormatToStringTest1000 (11958.422287871792,11958.42 zł)" storage="c:\projekty\mstestproject\bin\debug\netcoreapp3.1\mstestproject.dll" id="a10c4edd-6cfb-48df-9d69-89326b320269">
      <TestCategory>
        <TestCategoryItem TestCategory="Category1000" />
      </TestCategory>
      <Execution id="c559423b-d268-40b1-82b4-b75bb63bcdf0" />
      <TestMethod codeBase="C:\Projekty\MSTestProject\bin\Debug\netcoreapp3.1\MSTestProject.dll" adapterTypeName="executor://mstestadapter/v2" className="TwojeWesele.Services.Helpers.Tests.CurrencyHelperTests" name="FormatToStringTest1000" />
    </UnitTest>
    <UnitTest name="FormatToStringTest1000 (31163.834562352316,31163.83 zł)" storage="c:\projekty\mstestproject\bin\debug\netcoreapp3.1\mstestproject.dll" id="a638fa14-088f-460a-9da7-8d96298f3a1b">
      <TestCategory>
        <TestCategoryItem TestCategory="Category1000" />
      </TestCategory>
      <Execution id="17d46ef1-c0ba-4eb6-93c7-323981008c9d" />
      <TestMethod codeBase="C:\Projekty\MSTestProject\bin\Debug\netcoreapp3.1\MSTestProject.dll" adapterTypeName="executor://mstestadapter/v2" className="TwojeWesele.Services.Helpers.Tests.CurrencyHelperTests" name="FormatToStringTest1000" />
    </UnitTest>
    <UnitTest name="FormatToStringTest1000 (36978.61073549213,36978.61 zł)" storage="c:\projekty\mstestproject\bin\debug\netcoreapp3.1\mstestproject.dll" id="e448080e-0791-43bd-8237-4af58e4323b2">
      <TestCategory>
        <TestCategoryItem TestCategory="Category1000" />
      </TestCategory>
      <Execution id="85a46913-ccba-457a-b625-74254d50dc3a" />
      <TestMethod codeBase="C:\Projekty\MSTestProject\bin\Debug\netcoreapp3.1\MSTestProject.dll" adapterTypeName="executor://mstestadapter/v2" className="TwojeWesele.Services.Helpers.Tests.CurrencyHelperTests" name="FormatToStringTest1000" />
    </UnitTest>
    <UnitTest name="FormatToStringTest1000 (25376.6225052097,25376.62 zł)" storage="c:\projekty\mstestproject\bin\debug\netcoreapp3.1\mstestproject.dll" id="50a90150-9f1c-4974-8ba0-57973fd756dc">
      <TestCategory>
        <TestCategoryItem TestCategory="Category1000" />
      </TestCategory>
      <Execution id="4b559313-ec5d-4dc7-aebc-bd5d038b1a9f" />
      <TestMethod codeBase="C:\Projekty\MSTestProject\bin\Debug\netcoreapp3.1\MSTestProject.dll" adapterTypeName="executor://mstestadapter/v2" className="TwojeWesele.Services.Helpers.Tests.CurrencyHelperTests" name="FormatToStringTest1000" />
    </UnitTest>
    <UnitTest name="FormatToStringTest1000 (29845.02749849345,29845.03 zł)" storage="c:\projekty\mstestproject\bin\debug\netcoreapp3.1\mstestproject.dll" id="997d5832-6c27-434f-bbe3-33e770a846b9">
      <TestCategory>
        <TestCategoryItem TestCategory="Category1000" />
      </TestCategory>
      <Execution id="14a5d204-18ac-4c1d-9a1d-4c2ef14a2610" />
      <TestMethod codeBase="C:\Projekty\MSTestProject\bin\Debug\netcoreapp3.1\MSTestProject.dll" adapterTypeName="executor://mstestadapter/v2" className="TwojeWesele.Services.Helpers.Tests.CurrencyHelperTests" name="FormatToStringTest1000" />
    </UnitTest>
    <UnitTest name="FormatToStringTest1000 (272.5621069118204,272.56 zł)" storage="c:\projekty\mstestproject\bin\debug\netcoreapp3.1\mstestproject.dll" id="dc548b26-8e6a-4615-a254-c1ea447cc93a">
      <TestCategory>
        <TestCategoryItem TestCategory="Category1000" />
      </TestCategory>
      <Execution id="d364c4d2-31f1-4050-8e2a-ab5babc9e965" />
      <TestMethod codeBase="C:\Projekty\MSTestProject\bin\Debug\netcoreapp3.1\MSTestProject.dll" adapterTypeName="executor://mstestadapter/v2" className="TwojeWesele.Services.Helpers.Tests.CurrencyHelperTests" name="FormatToStringTest1000" />
    </UnitTest>
    <UnitTest name="FormatToStringTest1000 (1741.3334432818617,1741.33 zł)" storage="c:\projekty\mstestproject\bin\debug\netcoreapp3.1\mstestproject.dll" id="74167b2a-06c3-4d3d-b573-67a6868ee8d7">
      <TestCategory>
        <TestCategoryItem TestCategory="Category1000" />
      </TestCategory>
      <Execution id="431445f4-659f-4c2f-bd23-97fd492a036e" />
      <TestMethod codeBase="C:\Projekty\MSTestProject\bin\Debug\netcoreapp3.1\MSTestProject.dll" adapterTypeName="executor://mstestadapter/v2" className="TwojeWesele.Services.Helpers.Tests.CurrencyHelperTests" name="FormatToStringTest1000" />
    </UnitTest>
    <UnitTest name="FormatToStringTest1000 (30499.08272379734,30499.08 zł)" storage="c:\projekty\mstestproject\bin\debug\netcoreapp3.1\mstestproject.dll" id="28483f5e-5af0-4981-8ff4-d0d1c61d654b">
      <TestCategory>
        <TestCategoryItem TestCategory="Category1000" />
      </TestCategory>
      <Execution id="867ef298-c7ec-47fb-a21b-231f2026ef5f" />
      <TestMethod codeBase="C:\Projekty\MSTestProject\bin\Debug\netcoreapp3.1\MSTestProject.dll" adapterTypeName="executor://mstestadapter/v2" className="TwojeWesele.Services.Helpers.Tests.CurrencyHelperTests" name="FormatToStringTest1000" />
    </UnitTest>
    <UnitTest name="FormatToStringTest1000 (26220.382477706476,26220.38 zł)" storage="c:\projekty\mstestproject\bin\debug\netcoreapp3.1\mstestproject.dll" id="128c6bd1-f01a-4785-8ddd-1f28831313f7">
      <TestCategory>
        <TestCategoryItem TestCategory="Category1000" />
      </TestCategory>
      <Execution id="95aa58ae-0fdb-42f1-9b03-d8a84a74debf" />
      <TestMethod codeBase="C:\Projekty\MSTestProject\bin\Debug\netcoreapp3.1\MSTestProject.dll" adapterTypeName="executor://mstestadapter/v2" className="TwojeWesele.Services.Helpers.Tests.CurrencyHelperTests" name="FormatToStringTest1000" />
    </UnitTest>
    <UnitTest name="FormatToStringTest1000 (22791.735381432685,22791.74 zł)" storage="c:\projekty\mstestproject\bin\debug\netcoreapp3.1\mstestproject.dll" id="4305c0eb-45ec-44ac-9933-c802eb32249b">
      <TestCategory>
        <TestCategoryItem TestCategory="Category1000" />
      </TestCategory>
      <Execution id="5631f2c3-5572-4896-a2bf-f8468294d0ae" />
      <TestMethod codeBase="C:\Projekty\MSTestProject\bin\Debug\netcoreapp3.1\MSTestProject.dll" adapterTypeName="executor://mstestadapter/v2" className="TwojeWesele.Services.Helpers.Tests.CurrencyHelperTests" name="FormatToStringTest1000" />
    </UnitTest>
    <UnitTest name="FormatToStringTest1000 (52481.07276821932,52481.07 zł)" storage="c:\projekty\mstestproject\bin\debug\netcoreapp3.1\mstestproject.dll" id="339bbbae-dedf-4707-bb12-47a65e04eb83">
      <TestCategory>
        <TestCategoryItem TestCategory="Category1000" />
      </TestCategory>
      <Execution id="78b17aee-fae6-40bc-9430-f6718e5b34b5" />
      <TestMethod codeBase="C:\Projekty\MSTestProject\bin\Debug\netcoreapp3.1\MSTestProject.dll" adapterTypeName="executor://mstestadapter/v2" className="TwojeWesele.Services.Helpers.Tests.CurrencyHelperTests" name="FormatToStringTest1000" />
    </UnitTest>
    <UnitTest name="FormatToStringTest1000 (1745.490603896552,1745.49 zł)" storage="c:\projekty\mstestproject\bin\debug\netcoreapp3.1\mstestproject.dll" id="6d85300e-e0e6-4d50-aea7-da87e649ad17">
      <TestCategory>
        <TestCategoryItem TestCategory="Category1000" />
      </TestCategory>
      <Execution id="27c246df-9f75-4c91-a71f-824b2438fca7" />
      <TestMethod codeBase="C:\Projekty\MSTestProject\bin\Debug\netcoreapp3.1\MSTestProject.dll" adapterTypeName="executor://mstestadapter/v2" className="TwojeWesele.Services.Helpers.Tests.CurrencyHelperTests" name="FormatToStringTest1000" />
    </UnitTest>
    <UnitTest name="FormatToStringTest1000 (4554.73912809777,4554.74 zł)" storage="c:\projekty\mstestproject\bin\debug\netcoreapp3.1\mstestproject.dll" id="3fb6b900-763b-4466-97c7-7d1047173a90">
      <TestCategory>
        <TestCategoryItem TestCategory="Category1000" />
      </TestCategory>
      <Execution id="c8f1d23e-8dc5-4a78-a078-1f877382afd9" />
      <TestMethod codeBase="C:\Projekty\MSTestProject\bin\Debug\netcoreapp3.1\MSTestProject.dll" adapterTypeName="executor://mstestadapter/v2" className="TwojeWesele.Services.Helpers.Tests.CurrencyHelperTests" name="FormatToStringTest1000" />
    </UnitTest>
    <UnitTest name="FormatToStringTest1000 (26515.80237687929,26515.80 zł)" storage="c:\projekty\mstestproject\bin\debug\netcoreapp3.1\mstestproject.dll" id="0cedc3e3-3df6-42a4-ba2f-7ec2c6cfe2db">
      <TestCategory>
        <TestCategoryItem TestCategory="Category1000" />
      </TestCategory>
      <Execution id="6933e02d-f919-422b-9980-265183984863" />
      <TestMethod codeBase="C:\Projekty\MSTestProject\bin\Debug\netcoreapp3.1\MSTestProject.dll" adapterTypeName="executor://mstestadapter/v2" className="TwojeWesele.Services.Helpers.Tests.CurrencyHelperTests" name="FormatToStringTest1000" />
    </UnitTest>
    <UnitTest name="FormatToStringTest1000 (21693.340115174808,21693.34 zł)" storage="c:\projekty\mstestproject\bin\debug\netcoreapp3.1\mstestproject.dll" id="f7b877cc-4a75-4de7-88f0-014f80e9a105">
      <TestCategory>
        <TestCategoryItem TestCategory="Category1000" />
      </TestCategory>
      <Execution id="a9431329-47df-47b1-8064-9907735b9132" />
      <TestMethod codeBase="C:\Projekty\MSTestProject\bin\Debug\netcoreapp3.1\MSTestProject.dll" adapterTypeName="executor://mstestadapter/v2" className="TwojeWesele.Services.Helpers.Tests.CurrencyHelperTests" name="FormatToStringTest1000" />
    </UnitTest>
    <UnitTest name="FormatToStringTest1000 (57713.01647853712,57713.02 zł)" storage="c:\projekty\mstestproject\bin\debug\netcoreapp3.1\mstestproject.dll" id="c5563dfd-148c-45ce-a50b-b52419f79e19">
      <TestCategory>
        <TestCategoryItem TestCategory="Category1000" />
      </TestCategory>
      <Execution id="1fbd4112-9231-452f-ac50-d329d6ae4581" />
      <TestMethod codeBase="C:\Projekty\MSTestProject\bin\Debug\netcoreapp3.1\MSTestProject.dll" adapterTypeName="executor://mstestadapter/v2" className="TwojeWesele.Services.Helpers.Tests.CurrencyHelperTests" name="FormatToStringTest1000" />
    </UnitTest>
    <UnitTest name="FormatToStringTest1000 (6035.818653228608,6035.82 zł)" storage="c:\projekty\mstestproject\bin\debug\netcoreapp3.1\mstestproject.dll" id="a1756b11-c494-42d3-a79d-b13a2bca6b9c">
      <TestCategory>
        <TestCategoryItem TestCategory="Category1000" />
      </TestCategory>
      <Execution id="f0966088-4021-4619-8467-229ed5e74841" />
      <TestMethod codeBase="C:\Projekty\MSTestProject\bin\Debug\netcoreapp3.1\MSTestProject.dll" adapterTypeName="executor://mstestadapter/v2" className="TwojeWesele.Services.Helpers.Tests.CurrencyHelperTests" name="FormatToStringTest1000" />
    </UnitTest>
    <UnitTest name="FormatToStringTest1000 (3341.8351759444154,3341.84 zł)" storage="c:\projekty\mstestproject\bin\debug\netcoreapp3.1\mstestproject.dll" id="7567f62b-8d46-4b2c-a899-aaacd349be3d">
      <TestCategory>
        <TestCategoryItem TestCategory="Category1000" />
      </TestCategory>
      <Execution id="4fc757aa-854e-4d34-a9ac-42342d6456f3" />
      <TestMethod codeBase="C:\Projekty\MSTestProject\bin\Debug\netcoreapp3.1\MSTestProject.dll" adapterTypeName="executor://mstestadapter/v2" className="TwojeWesele.Services.Helpers.Tests.CurrencyHelperTests" name="FormatToStringTest1000" />
    </UnitTest>
    <UnitTest name="FormatToStringTest1000 (10857.521742201186,10857.52 zł)" storage="c:\projekty\mstestproject\bin\debug\netcoreapp3.1\mstestproject.dll" id="c2967a59-99c6-4b1a-9b36-3e06ea3c59e2">
      <TestCategory>
        <TestCategoryItem TestCategory="Category1000" />
      </TestCategory>
      <Execution id="78249bb1-46ba-476b-97b6-9bcbb573d950" />
      <TestMethod codeBase="C:\Projekty\MSTestProject\bin\Debug\netcoreapp3.1\MSTestProject.dll" adapterTypeName="executor://mstestadapter/v2" className="TwojeWesele.Services.Helpers.Tests.CurrencyHelperTests" name="FormatToStringTest1000" />
    </UnitTest>
    <UnitTest name="FormatToStringTest1000 (11494.27761332238,11494.28 zł)" storage="c:\projekty\mstestproject\bin\debug\netcoreapp3.1\mstestproject.dll" id="e70f7a01-776b-4514-8ca7-73c5b717f8b3">
      <TestCategory>
        <TestCategoryItem TestCategory="Category1000" />
      </TestCategory>
      <Execution id="18766e16-0f31-4a04-8231-1b3207d3dc0b" />
      <TestMethod codeBase="C:\Projekty\MSTestProject\bin\Debug\netcoreapp3.1\MSTestProject.dll" adapterTypeName="executor://mstestadapter/v2" className="TwojeWesele.Services.Helpers.Tests.CurrencyHelperTests" name="FormatToStringTest1000" />
    </UnitTest>
    <UnitTest name="FormatToStringTest1000 (32732.81915128502,32732.82 zł)" storage="c:\projekty\mstestproject\bin\debug\netcoreapp3.1\mstestproject.dll" id="b5f23e09-2975-44c5-90d9-9d196066aeab">
      <TestCategory>
        <TestCategoryItem TestCategory="Category1000" />
      </TestCategory>
      <Execution id="33d1439b-7ec3-49c8-9933-4030eedb8cc1" />
      <TestMethod codeBase="C:\Projekty\MSTestProject\bin\Debug\netcoreapp3.1\MSTestProject.dll" adapterTypeName="executor://mstestadapter/v2" className="TwojeWesele.Services.Helpers.Tests.CurrencyHelperTests" name="FormatToStringTest1000" />
    </UnitTest>
    <UnitTest name="FormatToStringTest1000 (1687.5965557361937,1687.60 zł)" storage="c:\projekty\mstestproject\bin\debug\netcoreapp3.1\mstestproject.dll" id="4f3dd493-eadf-4cd5-b65a-3a4cb0241d23">
      <TestCategory>
        <TestCategoryItem TestCategory="Category1000" />
      </TestCategory>
      <Execution id="a79157e9-3c9d-43c2-a0c0-22f5a168b378" />
      <TestMethod codeBase="C:\Projekty\MSTestProject\bin\Debug\netcoreapp3.1\MSTestProject.dll" adapterTypeName="executor://mstestadapter/v2" className="TwojeWesele.Services.Helpers.Tests.CurrencyHelperTests" name="FormatToStringTest1000" />
    </UnitTest>
    <UnitTest name="FormatToStringTest1000 (20737.251994218328,20737.25 zł)" storage="c:\projekty\mstestproject\bin\debug\netcoreapp3.1\mstestproject.dll" id="6f9297e7-a0df-4aa1-931f-c141293b577b">
      <TestCategory>
        <TestCategoryItem TestCategory="Category1000" />
      </TestCategory>
      <Execution id="56e0ab06-fff9-4655-8a91-456487706264" />
      <TestMethod codeBase="C:\Projekty\MSTestProject\bin\Debug\netcoreapp3.1\MSTestProject.dll" adapterTypeName="executor://mstestadapter/v2" className="TwojeWesele.Services.Helpers.Tests.CurrencyHelperTests" name="FormatToStringTest1000" />
    </UnitTest>
    <UnitTest name="FormatToStringTest1000 (806.960597043373,806.96 zł)" storage="c:\projekty\mstestproject\bin\debug\netcoreapp3.1\mstestproject.dll" id="e5102e2e-d707-4c13-9ebc-c791150da93a">
      <TestCategory>
        <TestCategoryItem TestCategory="Category1000" />
      </TestCategory>
      <Execution id="e7c7342e-5aed-4869-b965-9bedc1b63e82" />
      <TestMethod codeBase="C:\Projekty\MSTestProject\bin\Debug\netcoreapp3.1\MSTestProject.dll" adapterTypeName="executor://mstestadapter/v2" className="TwojeWesele.Services.Helpers.Tests.CurrencyHelperTests" name="FormatToStringTest1000" />
    </UnitTest>
    <UnitTest name="FormatToStringTest1000 (4105.490993980081,4105.49 zł)" storage="c:\projekty\mstestproject\bin\debug\netcoreapp3.1\mstestproject.dll" id="83a6828f-d7b8-46c0-bcc6-8ee1660607e8">
      <TestCategory>
        <TestCategoryItem TestCategory="Category1000" />
      </TestCategory>
      <Execution id="4038de10-59c9-4a51-906c-623d342b1134" />
      <TestMethod codeBase="C:\Projekty\MSTestProject\bin\Debug\netcoreapp3.1\MSTestProject.dll" adapterTypeName="executor://mstestadapter/v2" className="TwojeWesele.Services.Helpers.Tests.CurrencyHelperTests" name="FormatToStringTest1000" />
    </UnitTest>
    <UnitTest name="FormatToStringTest1000 (67338.80028760935,67338.80 zł)" storage="c:\projekty\mstestproject\bin\debug\netcoreapp3.1\mstestproject.dll" id="69aed9ef-6aae-4962-a38b-6b186c624ccc">
      <TestCategory>
        <TestCategoryItem TestCategory="Category1000" />
      </TestCategory>
      <Execution id="0c1f209b-d4bc-4ffb-8521-6eabfd78a582" />
      <TestMethod codeBase="C:\Projekty\MSTestProject\bin\Debug\netcoreapp3.1\MSTestProject.dll" adapterTypeName="executor://mstestadapter/v2" className="TwojeWesele.Services.Helpers.Tests.CurrencyHelperTests" name="FormatToStringTest1000" />
    </UnitTest>
    <UnitTest name="FormatToStringTest1000 (57181.240528605056,57181.24 zł)" storage="c:\projekty\mstestproject\bin\debug\netcoreapp3.1\mstestproject.dll" id="ac039f3c-abd4-416b-9ae9-a6b94c3bfe95">
      <TestCategory>
        <TestCategoryItem TestCategory="Category1000" />
      </TestCategory>
      <Execution id="f3cb7418-ebfc-465e-b343-661ac29980f9" />
      <TestMethod codeBase="C:\Projekty\MSTestProject\bin\Debug\netcoreapp3.1\MSTestProject.dll" adapterTypeName="executor://mstestadapter/v2" className="TwojeWesele.Services.Helpers.Tests.CurrencyHelperTests" name="FormatToStringTest1000" />
    </UnitTest>
    <UnitTest name="FormatToStringTest1000 (79339.95632144621,79339.96 zł)" storage="c:\projekty\mstestproject\bin\debug\netcoreapp3.1\mstestproject.dll" id="d54d77c4-c848-4962-8113-7e4d3aa6d979">
      <TestCategory>
        <TestCategoryItem TestCategory="Category1000" />
      </TestCategory>
      <Execution id="466e0fa1-254f-4850-acf2-2727acd02bc4" />
      <TestMethod codeBase="C:\Projekty\MSTestProject\bin\Debug\netcoreapp3.1\MSTestProject.dll" adapterTypeName="executor://mstestadapter/v2" className="TwojeWesele.Services.Helpers.Tests.CurrencyHelperTests" name="FormatToStringTest1000" />
    </UnitTest>
    <UnitTest name="FormatToStringTest1000 (13453.429998117233,13453.43 zł)" storage="c:\projekty\mstestproject\bin\debug\netcoreapp3.1\mstestproject.dll" id="eb00701f-ec6e-4138-be1f-84572185e2cf">
      <TestCategory>
        <TestCategoryItem TestCategory="Category1000" />
      </TestCategory>
      <Execution id="d109a5a1-38b2-462d-907b-e508b564e0f0" />
      <TestMethod codeBase="C:\Projekty\MSTestProject\bin\Debug\netcoreapp3.1\MSTestProject.dll" adapterTypeName="executor://mstestadapter/v2" className="TwojeWesele.Services.Helpers.Tests.CurrencyHelperTests" name="FormatToStringTest1000" />
    </UnitTest>
    <UnitTest name="FormatToStringTest1000 (8499.121443388574,8499.12 zł)" storage="c:\projekty\mstestproject\bin\debug\netcoreapp3.1\mstestproject.dll" id="aff4942e-63d7-4421-84c9-e46a8c32fb94">
      <TestCategory>
        <TestCategoryItem TestCategory="Category1000" />
      </TestCategory>
      <Execution id="6e9a5c89-02bb-40f3-8f7a-005b9b42ebbb" />
      <TestMethod codeBase="C:\Projekty\MSTestProject\bin\Debug\netcoreapp3.1\MSTestProject.dll" adapterTypeName="executor://mstestadapter/v2" className="TwojeWesele.Services.Helpers.Tests.CurrencyHelperTests" name="FormatToStringTest1000" />
    </UnitTest>
    <UnitTest name="FormatToStringTest1000 (12871.381729632794,12871.38 zł)" storage="c:\projekty\mstestproject\bin\debug\netcoreapp3.1\mstestproject.dll" id="801f11f1-a94a-4737-b045-e37d403b7baf">
      <TestCategory>
        <TestCategoryItem TestCategory="Category1000" />
      </TestCategory>
      <Execution id="c8139756-9ba9-430e-9d7b-a5dd32167f2e" />
      <TestMethod codeBase="C:\Projekty\MSTestProject\bin\Debug\netcoreapp3.1\MSTestProject.dll" adapterTypeName="executor://mstestadapter/v2" className="TwojeWesele.Services.Helpers.Tests.CurrencyHelperTests" name="FormatToStringTest1000" />
    </UnitTest>
    <UnitTest name="FormatToStringTest1000 (35384.637112688106,35384.64 zł)" storage="c:\projekty\mstestproject\bin\debug\netcoreapp3.1\mstestproject.dll" id="e9fd81fe-f181-4c15-8885-da59e1ba50b4">
      <TestCategory>
        <TestCategoryItem TestCategory="Category1000" />
      </TestCategory>
      <Execution id="4058470e-2ca9-450a-9cb0-6a0f7a6b125a" />
      <TestMethod codeBase="C:\Projekty\MSTestProject\bin\Debug\netcoreapp3.1\MSTestProject.dll" adapterTypeName="executor://mstestadapter/v2" className="TwojeWesele.Services.Helpers.Tests.CurrencyHelperTests" name="FormatToStringTest1000" />
    </UnitTest>
    <UnitTest name="FormatToStringTest1000 (3431.864349926759,3431.86 zł)" storage="c:\projekty\mstestproject\bin\debug\netcoreapp3.1\mstestproject.dll" id="23f319a3-3fd8-4d80-8689-522b3ec4f3da">
      <TestCategory>
        <TestCategoryItem TestCategory="Category1000" />
      </TestCategory>
      <Execution id="32c97681-5329-47e8-a08c-3437b4966b89" />
      <TestMethod codeBase="C:\Projekty\MSTestProject\bin\Debug\netcoreapp3.1\MSTestProject.dll" adapterTypeName="executor://mstestadapter/v2" className="TwojeWesele.Services.Helpers.Tests.CurrencyHelperTests" name="FormatToStringTest1000" />
    </UnitTest>
    <UnitTest name="FormatToStringTest1000 (8542.520616738833,8542.52 zł)" storage="c:\projekty\mstestproject\bin\debug\netcoreapp3.1\mstestproject.dll" id="1a477760-2e21-4a48-ac60-30efd2b8b9f9">
      <TestCategory>
        <TestCategoryItem TestCategory="Category1000" />
      </TestCategory>
      <Execution id="6739685a-8624-4661-b787-0a747aec1ae8" />
      <TestMethod codeBase="C:\Projekty\MSTestProject\bin\Debug\netcoreapp3.1\MSTestProject.dll" adapterTypeName="executor://mstestadapter/v2" className="TwojeWesele.Services.Helpers.Tests.CurrencyHelperTests" name="FormatToStringTest1000" />
    </UnitTest>
    <UnitTest name="FormatToStringTest1000 (31300.40752580967,31300.41 zł)" storage="c:\projekty\mstestproject\bin\debug\netcoreapp3.1\mstestproject.dll" id="00de2e0c-e771-4edf-a2e8-931b7bc68189">
      <TestCategory>
        <TestCategoryItem TestCategory="Category1000" />
      </TestCategory>
      <Execution id="6de89fca-72b2-47cd-9f63-855a3504e148" />
      <TestMethod codeBase="C:\Projekty\MSTestProject\bin\Debug\netcoreapp3.1\MSTestProject.dll" adapterTypeName="executor://mstestadapter/v2" className="TwojeWesele.Services.Helpers.Tests.CurrencyHelperTests" name="FormatToStringTest1000" />
    </UnitTest>
    <UnitTest name="FormatToStringTest1000 (15337.485230751097,15337.49 zł)" storage="c:\projekty\mstestproject\bin\debug\netcoreapp3.1\mstestproject.dll" id="1dd6634d-e0d1-439d-b59e-4c8022da864c">
      <TestCategory>
        <TestCategoryItem TestCategory="Category1000" />
      </TestCategory>
      <Execution id="f0f1d64e-8a3c-45f0-8e2b-e761b1d93251" />
      <TestMethod codeBase="C:\Projekty\MSTestProject\bin\Debug\netcoreapp3.1\MSTestProject.dll" adapterTypeName="executor://mstestadapter/v2" className="TwojeWesele.Services.Helpers.Tests.CurrencyHelperTests" name="FormatToStringTest1000" />
    </UnitTest>
    <UnitTest name="FormatToStringTest1000 (44930.92203801075,44930.92 zł)" storage="c:\projekty\mstestproject\bin\debug\netcoreapp3.1\mstestproject.dll" id="29c6a06d-8371-43ef-bce7-fb9fe17686e5">
      <TestCategory>
        <TestCategoryItem TestCategory="Category1000" />
      </TestCategory>
      <Execution id="9711a421-1d5b-4610-b388-ec5079d93144" />
      <TestMethod codeBase="C:\Projekty\MSTestProject\bin\Debug\netcoreapp3.1\MSTestProject.dll" adapterTypeName="executor://mstestadapter/v2" className="TwojeWesele.Services.Helpers.Tests.CurrencyHelperTests" name="FormatToStringTest1000" />
    </UnitTest>
    <UnitTest name="FormatToStringTest1000 (65947.64520381515,65947.65 zł)" storage="c:\projekty\mstestproject\bin\debug\netcoreapp3.1\mstestproject.dll" id="a534881c-de47-49fa-b6c8-77810ee40f99">
      <TestCategory>
        <TestCategoryItem TestCategory="Category1000" />
      </TestCategory>
      <Execution id="bdb95981-46bc-4765-83d7-24cf4ddac953" />
      <TestMethod codeBase="C:\Projekty\MSTestProject\bin\Debug\netcoreapp3.1\MSTestProject.dll" adapterTypeName="executor://mstestadapter/v2" className="TwojeWesele.Services.Helpers.Tests.CurrencyHelperTests" name="FormatToStringTest1000" />
    </UnitTest>
    <UnitTest name="FormatToStringTest1000 (16210.791556035536,16210.79 zł)" storage="c:\projekty\mstestproject\bin\debug\netcoreapp3.1\mstestproject.dll" id="9f3c0d7f-29b1-402c-bfd2-67b5f244de93">
      <TestCategory>
        <TestCategoryItem TestCategory="Category1000" />
      </TestCategory>
      <Execution id="aabdc296-9117-441c-8541-a14b52db1fb8" />
      <TestMethod codeBase="C:\Projekty\MSTestProject\bin\Debug\netcoreapp3.1\MSTestProject.dll" adapterTypeName="executor://mstestadapter/v2" className="TwojeWesele.Services.Helpers.Tests.CurrencyHelperTests" name="FormatToStringTest1000" />
    </UnitTest>
    <UnitTest name="FormatToStringTest1000 (30626.373939456127,30626.37 zł)" storage="c:\projekty\mstestproject\bin\debug\netcoreapp3.1\mstestproject.dll" id="b16c16b3-e0f6-42d1-863f-f8c341e10bef">
      <TestCategory>
        <TestCategoryItem TestCategory="Category1000" />
      </TestCategory>
      <Execution id="eee1c949-0189-4dee-9a79-396dc7679b8b" />
      <TestMethod codeBase="C:\Projekty\MSTestProject\bin\Debug\netcoreapp3.1\MSTestProject.dll" adapterTypeName="executor://mstestadapter/v2" className="TwojeWesele.Services.Helpers.Tests.CurrencyHelperTests" name="FormatToStringTest1000" />
    </UnitTest>
    <UnitTest name="FormatToStringTest1000 (64124.274503948756,64124.27 zł)" storage="c:\projekty\mstestproject\bin\debug\netcoreapp3.1\mstestproject.dll" id="96dbcd62-a328-44b3-88d9-2ef5e034fefa">
      <TestCategory>
        <TestCategoryItem TestCategory="Category1000" />
      </TestCategory>
      <Execution id="f0b685ce-adb5-4541-a115-220459519071" />
      <TestMethod codeBase="C:\Projekty\MSTestProject\bin\Debug\netcoreapp3.1\MSTestProject.dll" adapterTypeName="executor://mstestadapter/v2" className="TwojeWesele.Services.Helpers.Tests.CurrencyHelperTests" name="FormatToStringTest1000" />
    </UnitTest>
    <UnitTest name="FormatToStringTest1000 (55782.67998761762,55782.68 zł)" storage="c:\projekty\mstestproject\bin\debug\netcoreapp3.1\mstestproject.dll" id="eb4f3bff-a90c-4a1d-a945-59c8c17abb38">
      <TestCategory>
        <TestCategoryItem TestCategory="Category1000" />
      </TestCategory>
      <Execution id="02cbfcba-acac-4716-8f99-8aad320f4e9d" />
      <TestMethod codeBase="C:\Projekty\MSTestProject\bin\Debug\netcoreapp3.1\MSTestProject.dll" adapterTypeName="executor://mstestadapter/v2" className="TwojeWesele.Services.Helpers.Tests.CurrencyHelperTests" name="FormatToStringTest1000" />
    </UnitTest>
    <UnitTest name="FormatToStringTest1000 (941.429400278921,941.43 zł)" storage="c:\projekty\mstestproject\bin\debug\netcoreapp3.1\mstestproject.dll" id="343b6dcc-11cf-46de-b546-6ddf583a4735">
      <TestCategory>
        <TestCategoryItem TestCategory="Category1000" />
      </TestCategory>
      <Execution id="6edd4f5e-caf7-436e-b5d0-df16808a6cc5" />
      <TestMethod codeBase="C:\Projekty\MSTestProject\bin\Debug\netcoreapp3.1\MSTestProject.dll" adapterTypeName="executor://mstestadapter/v2" className="TwojeWesele.Services.Helpers.Tests.CurrencyHelperTests" name="FormatToStringTest1000" />
    </UnitTest>
    <UnitTest name="FormatToStringTest1000 (5810.695934967462,5810.70 zł)" storage="c:\projekty\mstestproject\bin\debug\netcoreapp3.1\mstestproject.dll" id="ee124f54-47bf-4b34-9a95-483b210174f6">
      <TestCategory>
        <TestCategoryItem TestCategory="Category1000" />
      </TestCategory>
      <Execution id="6ceb356f-a0b7-437f-87ff-89b240e12d87" />
      <TestMethod codeBase="C:\Projekty\MSTestProject\bin\Debug\netcoreapp3.1\MSTestProject.dll" adapterTypeName="executor://mstestadapter/v2" className="TwojeWesele.Services.Helpers.Tests.CurrencyHelperTests" name="FormatToStringTest1000" />
    </UnitTest>
    <UnitTest name="FormatToStringTest1000 (68479.93492677805,68479.93 zł)" storage="c:\projekty\mstestproject\bin\debug\netcoreapp3.1\mstestproject.dll" id="539bb28a-5b27-484e-8c83-83b1a99030f9">
      <TestCategory>
        <TestCategoryItem TestCategory="Category1000" />
      </TestCategory>
      <Execution id="395b4d00-da3e-4ee9-a621-d742708342b5" />
      <TestMethod codeBase="C:\Projekty\MSTestProject\bin\Debug\netcoreapp3.1\MSTestProject.dll" adapterTypeName="executor://mstestadapter/v2" className="TwojeWesele.Services.Helpers.Tests.CurrencyHelperTests" name="FormatToStringTest1000" />
    </UnitTest>
    <UnitTest name="FormatToStringTest1000 (7716.571614765363,7716.57 zł)" storage="c:\projekty\mstestproject\bin\debug\netcoreapp3.1\mstestproject.dll" id="8d7645a8-9b28-4a44-ba70-e85ae7f79112">
      <TestCategory>
        <TestCategoryItem TestCategory="Category1000" />
      </TestCategory>
      <Execution id="2ed4a3a8-fd6d-4dbe-b43f-82ae58271619" />
      <TestMethod codeBase="C:\Projekty\MSTestProject\bin\Debug\netcoreapp3.1\MSTestProject.dll" adapterTypeName="executor://mstestadapter/v2" className="TwojeWesele.Services.Helpers.Tests.CurrencyHelperTests" name="FormatToStringTest1000" />
    </UnitTest>
    <UnitTest name="FormatToStringTest1000 (34084.19497795599,34084.19 zł)" storage="c:\projekty\mstestproject\bin\debug\netcoreapp3.1\mstestproject.dll" id="d28a3926-db60-4175-9951-d9495c652842">
      <TestCategory>
        <TestCategoryItem TestCategory="Category1000" />
      </TestCategory>
      <Execution id="76428967-27de-47b3-93c6-133415918a1d" />
      <TestMethod codeBase="C:\Projekty\MSTestProject\bin\Debug\netcoreapp3.1\MSTestProject.dll" adapterTypeName="executor://mstestadapter/v2" className="TwojeWesele.Services.Helpers.Tests.CurrencyHelperTests" name="FormatToStringTest1000" />
    </UnitTest>
    <UnitTest name="FormatToStringTest1000 (7726.0074454499445,7726.01 zł)" storage="c:\projekty\mstestproject\bin\debug\netcoreapp3.1\mstestproject.dll" id="ccb79950-f370-4a76-801e-e0e9137bf88c">
      <TestCategory>
        <TestCategoryItem TestCategory="Category1000" />
      </TestCategory>
      <Execution id="c1e4bf82-190e-40f9-928d-fa57adcf8744" />
      <TestMethod codeBase="C:\Projekty\MSTestProject\bin\Debug\netcoreapp3.1\MSTestProject.dll" adapterTypeName="executor://mstestadapter/v2" className="TwojeWesele.Services.Helpers.Tests.CurrencyHelperTests" name="FormatToStringTest1000" />
    </UnitTest>
    <UnitTest name="FormatToStringTest1000 (29926.595417457444,29926.60 zł)" storage="c:\projekty\mstestproject\bin\debug\netcoreapp3.1\mstestproject.dll" id="d7907b61-23ab-4598-9f50-5781af76a4a5">
      <TestCategory>
        <TestCategoryItem TestCategory="Category1000" />
      </TestCategory>
      <Execution id="2e99efd1-c105-405c-b48a-6db9c2498c4f" />
      <TestMethod codeBase="C:\Projekty\MSTestProject\bin\Debug\netcoreapp3.1\MSTestProject.dll" adapterTypeName="executor://mstestadapter/v2" className="TwojeWesele.Services.Helpers.Tests.CurrencyHelperTests" name="FormatToStringTest1000" />
    </UnitTest>
    <UnitTest name="FormatToStringTest1000 (54578.37303904275,54578.37 zł)" storage="c:\projekty\mstestproject\bin\debug\netcoreapp3.1\mstestproject.dll" id="934b4dac-901b-4dad-97f3-a0e999f50386">
      <TestCategory>
        <TestCategoryItem TestCategory="Category1000" />
      </TestCategory>
      <Execution id="248e442c-1438-47e0-84cf-1a45379165f1" />
      <TestMethod codeBase="C:\Projekty\MSTestProject\bin\Debug\netcoreapp3.1\MSTestProject.dll" adapterTypeName="executor://mstestadapter/v2" className="TwojeWesele.Services.Helpers.Tests.CurrencyHelperTests" name="FormatToStringTest1000" />
    </UnitTest>
    <UnitTest name="FormatToStringTest1000 (38614.292320713066,38614.29 zł)" storage="c:\projekty\mstestproject\bin\debug\netcoreapp3.1\mstestproject.dll" id="52690378-ace9-412e-bcae-8d8c449d7d71">
      <TestCategory>
        <TestCategoryItem TestCategory="Category1000" />
      </TestCategory>
      <Execution id="4aeae681-7ce1-4115-851a-7a0770c0eca9" />
      <TestMethod codeBase="C:\Projekty\MSTestProject\bin\Debug\netcoreapp3.1\MSTestProject.dll" adapterTypeName="executor://mstestadapter/v2" className="TwojeWesele.Services.Helpers.Tests.CurrencyHelperTests" name="FormatToStringTest1000" />
    </UnitTest>
    <UnitTest name="FormatToStringTest1000 (32262.93788198984,32262.94 zł)" storage="c:\projekty\mstestproject\bin\debug\netcoreapp3.1\mstestproject.dll" id="c54a9998-3e74-41b9-8100-3fc87182c0d5">
      <TestCategory>
        <TestCategoryItem TestCategory="Category1000" />
      </TestCategory>
      <Execution id="e062f1b7-886d-4ed2-b7d2-9850601b8c76" />
      <TestMethod codeBase="C:\Projekty\MSTestProject\bin\Debug\netcoreapp3.1\MSTestProject.dll" adapterTypeName="executor://mstestadapter/v2" className="TwojeWesele.Services.Helpers.Tests.CurrencyHelperTests" name="FormatToStringTest1000" />
    </UnitTest>
    <UnitTest name="FormatToStringTest1000 (20068.867046961965,20068.87 zł)" storage="c:\projekty\mstestproject\bin\debug\netcoreapp3.1\mstestproject.dll" id="cf4d3579-13c2-417b-8ff7-55ab9fee8e45">
      <TestCategory>
        <TestCategoryItem TestCategory="Category1000" />
      </TestCategory>
      <Execution id="11e844af-a5cd-4227-aca9-acd6e67cc69f" />
      <TestMethod codeBase="C:\Projekty\MSTestProject\bin\Debug\netcoreapp3.1\MSTestProject.dll" adapterTypeName="executor://mstestadapter/v2" className="TwojeWesele.Services.Helpers.Tests.CurrencyHelperTests" name="FormatToStringTest1000" />
    </UnitTest>
    <UnitTest name="FormatToStringTest1000 (100.45267071130345,100.45 zł)" storage="c:\projekty\mstestproject\bin\debug\netcoreapp3.1\mstestproject.dll" id="6279f5ef-970c-4378-9b60-0c6c48c35545">
      <TestCategory>
        <TestCategoryItem TestCategory="Category1000" />
      </TestCategory>
      <Execution id="cbc098c2-0a79-42a5-98b6-432d2d38f6d5" />
      <TestMethod codeBase="C:\Projekty\MSTestProject\bin\Debug\netcoreapp3.1\MSTestProject.dll" adapterTypeName="executor://mstestadapter/v2" className="TwojeWesele.Services.Helpers.Tests.CurrencyHelperTests" name="FormatToStringTest1000" />
    </UnitTest>
    <UnitTest name="FormatToStringTest1000 (24030.724859085738,24030.72 zł)" storage="c:\projekty\mstestproject\bin\debug\netcoreapp3.1\mstestproject.dll" id="0870e585-6851-4e44-949c-74d3716ca86e">
      <TestCategory>
        <TestCategoryItem TestCategory="Category1000" />
      </TestCategory>
      <Execution id="10e168ce-ca7a-4367-8e86-9b9a60b48114" />
      <TestMethod codeBase="C:\Projekty\MSTestProject\bin\Debug\netcoreapp3.1\MSTestProject.dll" adapterTypeName="executor://mstestadapter/v2" className="TwojeWesele.Services.Helpers.Tests.CurrencyHelperTests" name="FormatToStringTest1000" />
    </UnitTest>
    <UnitTest name="FormatToStringTest1000 (15396.537902579894,15396.54 zł)" storage="c:\projekty\mstestproject\bin\debug\netcoreapp3.1\mstestproject.dll" id="8b672f22-f905-4148-a38a-d1396681e075">
      <TestCategory>
        <TestCategoryItem TestCategory="Category1000" />
      </TestCategory>
      <Execution id="db4f3fe2-b22f-46da-8186-c4ec035e77bc" />
      <TestMethod codeBase="C:\Projekty\MSTestProject\bin\Debug\netcoreapp3.1\MSTestProject.dll" adapterTypeName="executor://mstestadapter/v2" className="TwojeWesele.Services.Helpers.Tests.CurrencyHelperTests" name="FormatToStringTest1000" />
    </UnitTest>
    <UnitTest name="FormatToStringTest1000 (7813.027778348433,7813.03 zł)" storage="c:\projekty\mstestproject\bin\debug\netcoreapp3.1\mstestproject.dll" id="cf669263-1d35-46cf-884c-f06fc35c3a21">
      <TestCategory>
        <TestCategoryItem TestCategory="Category1000" />
      </TestCategory>
      <Execution id="409ce627-6c98-4712-b3be-a1e6807cb07a" />
      <TestMethod codeBase="C:\Projekty\MSTestProject\bin\Debug\netcoreapp3.1\MSTestProject.dll" adapterTypeName="executor://mstestadapter/v2" className="TwojeWesele.Services.Helpers.Tests.CurrencyHelperTests" name="FormatToStringTest1000" />
    </UnitTest>
    <UnitTest name="FormatToStringTest1000 (67230.86250807665,67230.86 zł)" storage="c:\projekty\mstestproject\bin\debug\netcoreapp3.1\mstestproject.dll" id="c65ca184-e577-436d-a7ed-66f13879a1f5">
      <TestCategory>
        <TestCategoryItem TestCategory="Category1000" />
      </TestCategory>
      <Execution id="0feaa74d-f4a3-4879-89b1-c609a9956ae0" />
      <TestMethod codeBase="C:\Projekty\MSTestProject\bin\Debug\netcoreapp3.1\MSTestProject.dll" adapterTypeName="executor://mstestadapter/v2" className="TwojeWesele.Services.Helpers.Tests.CurrencyHelperTests" name="FormatToStringTest1000" />
    </UnitTest>
    <UnitTest name="FormatToStringTest1000 (16597.22844427788,16597.23 zł)" storage="c:\projekty\mstestproject\bin\debug\netcoreapp3.1\mstestproject.dll" id="a015028a-0fa8-4c8e-8f98-c7010155744e">
      <TestCategory>
        <TestCategoryItem TestCategory="Category1000" />
      </TestCategory>
      <Execution id="5f14c0a6-1f97-49a6-bd10-25ac67cf14c8" />
      <TestMethod codeBase="C:\Projekty\MSTestProject\bin\Debug\netcoreapp3.1\MSTestProject.dll" adapterTypeName="executor://mstestadapter/v2" className="TwojeWesele.Services.Helpers.Tests.CurrencyHelperTests" name="FormatToStringTest1000" />
    </UnitTest>
    <UnitTest name="FormatToStringTest1000 (66541.05112730109,66541.05 zł)" storage="c:\projekty\mstestproject\bin\debug\netcoreapp3.1\mstestproject.dll" id="f9e89d28-31ef-4d90-ae43-4bf156bd959c">
      <TestCategory>
        <TestCategoryItem TestCategory="Category1000" />
      </TestCategory>
      <Execution id="e655ff32-a66a-42c1-bb47-8a9fe3b2b1cc" />
      <TestMethod codeBase="C:\Projekty\MSTestProject\bin\Debug\netcoreapp3.1\MSTestProject.dll" adapterTypeName="executor://mstestadapter/v2" className="TwojeWesele.Services.Helpers.Tests.CurrencyHelperTests" name="FormatToStringTest1000" />
    </UnitTest>
    <UnitTest name="FormatToStringTest1000 (1739.5853778997368,1739.59 zł)" storage="c:\projekty\mstestproject\bin\debug\netcoreapp3.1\mstestproject.dll" id="a09fc50a-e2db-4c31-b64e-718925adc342">
      <TestCategory>
        <TestCategoryItem TestCategory="Category1000" />
      </TestCategory>
      <Execution id="57c72fc9-b66a-4db3-b0ae-0199d4940988" />
      <TestMethod codeBase="C:\Projekty\MSTestProject\bin\Debug\netcoreapp3.1\MSTestProject.dll" adapterTypeName="executor://mstestadapter/v2" className="TwojeWesele.Services.Helpers.Tests.CurrencyHelperTests" name="FormatToStringTest1000" />
    </UnitTest>
    <UnitTest name="FormatToStringTest1000 (50664.01951024869,50664.02 zł)" storage="c:\projekty\mstestproject\bin\debug\netcoreapp3.1\mstestproject.dll" id="3d651442-8abd-43fd-84c5-282244abadc3">
      <TestCategory>
        <TestCategoryItem TestCategory="Category1000" />
      </TestCategory>
      <Execution id="ad838350-4506-46de-bab5-ea2e3d7b0293" />
      <TestMethod codeBase="C:\Projekty\MSTestProject\bin\Debug\netcoreapp3.1\MSTestProject.dll" adapterTypeName="executor://mstestadapter/v2" className="TwojeWesele.Services.Helpers.Tests.CurrencyHelperTests" name="FormatToStringTest1000" />
    </UnitTest>
    <UnitTest name="FormatToStringTest1000 (33851.35523524618,33851.36 zł)" storage="c:\projekty\mstestproject\bin\debug\netcoreapp3.1\mstestproject.dll" id="59d92013-1fd9-4b5d-96e3-8931d94b0a87">
      <TestCategory>
        <TestCategoryItem TestCategory="Category1000" />
      </TestCategory>
      <Execution id="1fbcbb8c-499b-4126-8e6b-c1f3cdc486a3" />
      <TestMethod codeBase="C:\Projekty\MSTestProject\bin\Debug\netcoreapp3.1\MSTestProject.dll" adapterTypeName="executor://mstestadapter/v2" className="TwojeWesele.Services.Helpers.Tests.CurrencyHelperTests" name="FormatToStringTest1000" />
    </UnitTest>
    <UnitTest name="FormatToStringTest1000 (8851.904041135638,8851.90 zł)" storage="c:\projekty\mstestproject\bin\debug\netcoreapp3.1\mstestproject.dll" id="e8512b93-9c5e-483b-a774-8eced554681b">
      <TestCategory>
        <TestCategoryItem TestCategory="Category1000" />
      </TestCategory>
      <Execution id="dc7e1222-7082-4bf6-9919-3070b7d82b8a" />
      <TestMethod codeBase="C:\Projekty\MSTestProject\bin\Debug\netcoreapp3.1\MSTestProject.dll" adapterTypeName="executor://mstestadapter/v2" className="TwojeWesele.Services.Helpers.Tests.CurrencyHelperTests" name="FormatToStringTest1000" />
    </UnitTest>
    <UnitTest name="FormatToStringTest1000 (6550.421588937948,6550.42 zł)" storage="c:\projekty\mstestproject\bin\debug\netcoreapp3.1\mstestproject.dll" id="3cd975c7-40c1-4fea-9d0f-b162fd757533">
      <TestCategory>
        <TestCategoryItem TestCategory="Category1000" />
      </TestCategory>
      <Execution id="1c0f325a-d61c-4c96-a73f-5058fc2698c9" />
      <TestMethod codeBase="C:\Projekty\MSTestProject\bin\Debug\netcoreapp3.1\MSTestProject.dll" adapterTypeName="executor://mstestadapter/v2" className="TwojeWesele.Services.Helpers.Tests.CurrencyHelperTests" name="FormatToStringTest1000" />
    </UnitTest>
    <UnitTest name="FormatToStringTest1000 (5317.9582678023535,5317.96 zł)" storage="c:\projekty\mstestproject\bin\debug\netcoreapp3.1\mstestproject.dll" id="10bfa2da-2593-450f-9b36-63b1edf1ceb2">
      <TestCategory>
        <TestCategoryItem TestCategory="Category1000" />
      </TestCategory>
      <Execution id="0433bb06-daaf-4b95-b953-cfe187f41140" />
      <TestMethod codeBase="C:\Projekty\MSTestProject\bin\Debug\netcoreapp3.1\MSTestProject.dll" adapterTypeName="executor://mstestadapter/v2" className="TwojeWesele.Services.Helpers.Tests.CurrencyHelperTests" name="FormatToStringTest1000" />
    </UnitTest>
    <UnitTest name="FormatToStringTest1000 (11584.045280779732,11584.05 zł)" storage="c:\projekty\mstestproject\bin\debug\netcoreapp3.1\mstestproject.dll" id="5738b8b4-da7b-4f71-a839-2b889d580dec">
      <TestCategory>
        <TestCategoryItem TestCategory="Category1000" />
      </TestCategory>
      <Execution id="18f9a3db-e05c-43f8-ac9d-9ef26066d82c" />
      <TestMethod codeBase="C:\Projekty\MSTestProject\bin\Debug\netcoreapp3.1\MSTestProject.dll" adapterTypeName="executor://mstestadapter/v2" className="TwojeWesele.Services.Helpers.Tests.CurrencyHelperTests" name="FormatToStringTest1000" />
    </UnitTest>
    <UnitTest name="FormatToStringTest1000 (75162.39407669863,75162.39 zł)" storage="c:\projekty\mstestproject\bin\debug\netcoreapp3.1\mstestproject.dll" id="0a7e6702-7226-42a8-945f-c9204c4a2fd7">
      <TestCategory>
        <TestCategoryItem TestCategory="Category1000" />
      </TestCategory>
      <Execution id="5492125c-00db-4aea-8741-1756784bf635" />
      <TestMethod codeBase="C:\Projekty\MSTestProject\bin\Debug\netcoreapp3.1\MSTestProject.dll" adapterTypeName="executor://mstestadapter/v2" className="TwojeWesele.Services.Helpers.Tests.CurrencyHelperTests" name="FormatToStringTest1000" />
    </UnitTest>
    <UnitTest name="FormatToStringTest1000 (13206.129467931636,13206.13 zł)" storage="c:\projekty\mstestproject\bin\debug\netcoreapp3.1\mstestproject.dll" id="37ced592-13b2-400c-8d58-b88e6c5d1cef">
      <TestCategory>
        <TestCategoryItem TestCategory="Category1000" />
      </TestCategory>
      <Execution id="e0f5475e-ff9e-415f-a7ca-7adba307ecb6" />
      <TestMethod codeBase="C:\Projekty\MSTestProject\bin\Debug\netcoreapp3.1\MSTestProject.dll" adapterTypeName="executor://mstestadapter/v2" className="TwojeWesele.Services.Helpers.Tests.CurrencyHelperTests" name="FormatToStringTest1000" />
    </UnitTest>
    <UnitTest name="FormatToStringTest1000 (10457.593086045978,10457.59 zł)" storage="c:\projekty\mstestproject\bin\debug\netcoreapp3.1\mstestproject.dll" id="bdbe3a09-0336-4b8e-9e97-42132b9a8fa5">
      <TestCategory>
        <TestCategoryItem TestCategory="Category1000" />
      </TestCategory>
      <Execution id="43f25266-ae53-4fcc-8e61-6d1b41fde0b3" />
      <TestMethod codeBase="C:\Projekty\MSTestProject\bin\Debug\netcoreapp3.1\MSTestProject.dll" adapterTypeName="executor://mstestadapter/v2" className="TwojeWesele.Services.Helpers.Tests.CurrencyHelperTests" name="FormatToStringTest1000" />
    </UnitTest>
    <UnitTest name="FormatToStringTest1000 (5759.256266560991,5759.26 zł)" storage="c:\projekty\mstestproject\bin\debug\netcoreapp3.1\mstestproject.dll" id="3738263a-e375-4443-91b6-9177ed3e599a">
      <TestCategory>
        <TestCategoryItem TestCategory="Category1000" />
      </TestCategory>
      <Execution id="7d91d055-c21c-4fca-a109-d23e312edbab" />
      <TestMethod codeBase="C:\Projekty\MSTestProject\bin\Debug\netcoreapp3.1\MSTestProject.dll" adapterTypeName="executor://mstestadapter/v2" className="TwojeWesele.Services.Helpers.Tests.CurrencyHelperTests" name="FormatToStringTest1000" />
    </UnitTest>
    <UnitTest name="FormatToStringTest1000 (36969.98585167247,36969.99 zł)" storage="c:\projekty\mstestproject\bin\debug\netcoreapp3.1\mstestproject.dll" id="e5435fa6-8c51-459a-83dd-32217b86cb80">
      <TestCategory>
        <TestCategoryItem TestCategory="Category1000" />
      </TestCategory>
      <Execution id="6c1890a5-68ed-4d4a-b7f4-774c7e93a285" />
      <TestMethod codeBase="C:\Projekty\MSTestProject\bin\Debug\netcoreapp3.1\MSTestProject.dll" adapterTypeName="executor://mstestadapter/v2" className="TwojeWesele.Services.Helpers.Tests.CurrencyHelperTests" name="FormatToStringTest1000" />
    </UnitTest>
    <UnitTest name="FormatToStringTest1000 (40545.70748620001,40545.71 zł)" storage="c:\projekty\mstestproject\bin\debug\netcoreapp3.1\mstestproject.dll" id="45812514-45fc-47c3-b3dc-6842f328998d">
      <TestCategory>
        <TestCategoryItem TestCategory="Category1000" />
      </TestCategory>
      <Execution id="db731f85-521c-4d67-969d-e8cdb7fc69e3" />
      <TestMethod codeBase="C:\Projekty\MSTestProject\bin\Debug\netcoreapp3.1\MSTestProject.dll" adapterTypeName="executor://mstestadapter/v2" className="TwojeWesele.Services.Helpers.Tests.CurrencyHelperTests" name="FormatToStringTest1000" />
    </UnitTest>
    <UnitTest name="FormatToStringTest1000 (34021.1384072961,34021.14 zł)" storage="c:\projekty\mstestproject\bin\debug\netcoreapp3.1\mstestproject.dll" id="5b23b57a-2019-4b83-bdec-c459b36c0a7b">
      <TestCategory>
        <TestCategoryItem TestCategory="Category1000" />
      </TestCategory>
      <Execution id="f5c528de-c8c8-4b07-98a6-102c97855252" />
      <TestMethod codeBase="C:\Projekty\MSTestProject\bin\Debug\netcoreapp3.1\MSTestProject.dll" adapterTypeName="executor://mstestadapter/v2" className="TwojeWesele.Services.Helpers.Tests.CurrencyHelperTests" name="FormatToStringTest1000" />
    </UnitTest>
    <UnitTest name="FormatToStringTest1000 (1814.7218118955948,1814.72 zł)" storage="c:\projekty\mstestproject\bin\debug\netcoreapp3.1\mstestproject.dll" id="33879ff0-982b-4fc4-bacc-8a19761132da">
      <TestCategory>
        <TestCategoryItem TestCategory="Category1000" />
      </TestCategory>
      <Execution id="513a69dd-e89c-4b98-8663-7ac7c27e4b3a" />
      <TestMethod codeBase="C:\Projekty\MSTestProject\bin\Debug\netcoreapp3.1\MSTestProject.dll" adapterTypeName="executor://mstestadapter/v2" className="TwojeWesele.Services.Helpers.Tests.CurrencyHelperTests" name="FormatToStringTest1000" />
    </UnitTest>
    <UnitTest name="FormatToStringTest1000 (16825.83099003268,16825.83 zł)" storage="c:\projekty\mstestproject\bin\debug\netcoreapp3.1\mstestproject.dll" id="d55609db-6dce-4b85-9873-49e936b5d608">
      <TestCategory>
        <TestCategoryItem TestCategory="Category1000" />
      </TestCategory>
      <Execution id="36372537-6f45-4188-aa80-41d4dc3eb3ba" />
      <TestMethod codeBase="C:\Projekty\MSTestProject\bin\Debug\netcoreapp3.1\MSTestProject.dll" adapterTypeName="executor://mstestadapter/v2" className="TwojeWesele.Services.Helpers.Tests.CurrencyHelperTests" name="FormatToStringTest1000" />
    </UnitTest>
    <UnitTest name="FormatToStringTest1000 (5022.470719070859,5022.47 zł)" storage="c:\projekty\mstestproject\bin\debug\netcoreapp3.1\mstestproject.dll" id="d15de0c1-3fdc-4ea6-8868-d4567cafe0a1">
      <TestCategory>
        <TestCategoryItem TestCategory="Category1000" />
      </TestCategory>
      <Execution id="bba5b696-3579-4d2a-9399-8ecc647556a9" />
      <TestMethod codeBase="C:\Projekty\MSTestProject\bin\Debug\netcoreapp3.1\MSTestProject.dll" adapterTypeName="executor://mstestadapter/v2" className="TwojeWesele.Services.Helpers.Tests.CurrencyHelperTests" name="FormatToStringTest1000" />
    </UnitTest>
    <UnitTest name="FormatToStringTest1000 (14920.620598662934,14920.62 zł)" storage="c:\projekty\mstestproject\bin\debug\netcoreapp3.1\mstestproject.dll" id="d0c37d9c-5c15-4f87-ae8d-939d8d9c05d9">
      <TestCategory>
        <TestCategoryItem TestCategory="Category1000" />
      </TestCategory>
      <Execution id="d5ed39e6-9904-44a4-acf1-f84a1b399d83" />
      <TestMethod codeBase="C:\Projekty\MSTestProject\bin\Debug\netcoreapp3.1\MSTestProject.dll" adapterTypeName="executor://mstestadapter/v2" className="TwojeWesele.Services.Helpers.Tests.CurrencyHelperTests" name="FormatToStringTest1000" />
    </UnitTest>
    <UnitTest name="FormatToStringTest1000 (1952.6955147062872,1952.70 zł)" storage="c:\projekty\mstestproject\bin\debug\netcoreapp3.1\mstestproject.dll" id="53a30ee9-a880-4629-be5c-ebaa8af9f5b8">
      <TestCategory>
        <TestCategoryItem TestCategory="Category1000" />
      </TestCategory>
      <Execution id="61109ee0-2c8a-4e81-af1c-b6f1d63615af" />
      <TestMethod codeBase="C:\Projekty\MSTestProject\bin\Debug\netcoreapp3.1\MSTestProject.dll" adapterTypeName="executor://mstestadapter/v2" className="TwojeWesele.Services.Helpers.Tests.CurrencyHelperTests" name="FormatToStringTest1000" />
    </UnitTest>
    <UnitTest name="FormatToStringTest1000 (37160.85331540269,37160.85 zł)" storage="c:\projekty\mstestproject\bin\debug\netcoreapp3.1\mstestproject.dll" id="9828302c-8b49-42ba-93a0-a7c6652eba8f">
      <TestCategory>
        <TestCategoryItem TestCategory="Category1000" />
      </TestCategory>
      <Execution id="f6e89852-2319-4085-b6c1-13e871e0f94e" />
      <TestMethod codeBase="C:\Projekty\MSTestProject\bin\Debug\netcoreapp3.1\MSTestProject.dll" adapterTypeName="executor://mstestadapter/v2" className="TwojeWesele.Services.Helpers.Tests.CurrencyHelperTests" name="FormatToStringTest1000" />
    </UnitTest>
    <UnitTest name="FormatToStringTest1000 (286.92120604539343,286.92 zł)" storage="c:\projekty\mstestproject\bin\debug\netcoreapp3.1\mstestproject.dll" id="5e183043-ac35-4e8d-bbeb-78105f5e381d">
      <TestCategory>
        <TestCategoryItem TestCategory="Category1000" />
      </TestCategory>
      <Execution id="1821226f-e97c-4f40-abb0-bf2ffac8d977" />
      <TestMethod codeBase="C:\Projekty\MSTestProject\bin\Debug\netcoreapp3.1\MSTestProject.dll" adapterTypeName="executor://mstestadapter/v2" className="TwojeWesele.Services.Helpers.Tests.CurrencyHelperTests" name="FormatToStringTest1000" />
    </UnitTest>
    <UnitTest name="FormatToStringTest1000 (72703.4365723503,72703.44 zł)" storage="c:\projekty\mstestproject\bin\debug\netcoreapp3.1\mstestproject.dll" id="c9cf26c5-70bd-4cc5-932c-24343b64ebca">
      <TestCategory>
        <TestCategoryItem TestCategory="Category1000" />
      </TestCategory>
      <Execution id="c09a1cb9-0ba5-4b5b-9b23-fae3b3c85ebf" />
      <TestMethod codeBase="C:\Projekty\MSTestProject\bin\Debug\netcoreapp3.1\MSTestProject.dll" adapterTypeName="executor://mstestadapter/v2" className="TwojeWesele.Services.Helpers.Tests.CurrencyHelperTests" name="FormatToStringTest1000" />
    </UnitTest>
    <UnitTest name="FormatToStringTest1000 (15841.26419853478,15841.26 zł)" storage="c:\projekty\mstestproject\bin\debug\netcoreapp3.1\mstestproject.dll" id="d9cb157e-c2ae-41db-a080-988f64cc61f2">
      <TestCategory>
        <TestCategoryItem TestCategory="Category1000" />
      </TestCategory>
      <Execution id="304e2f0c-79c8-4a4a-bea2-24e7eea7f30f" />
      <TestMethod codeBase="C:\Projekty\MSTestProject\bin\Debug\netcoreapp3.1\MSTestProject.dll" adapterTypeName="executor://mstestadapter/v2" className="TwojeWesele.Services.Helpers.Tests.CurrencyHelperTests" name="FormatToStringTest1000" />
    </UnitTest>
    <UnitTest name="FormatToStringTest1000 (2346.9964869427477,2347.00 zł)" storage="c:\projekty\mstestproject\bin\debug\netcoreapp3.1\mstestproject.dll" id="848bdca8-d340-4b88-ae52-3d2c149eab23">
      <TestCategory>
        <TestCategoryItem TestCategory="Category1000" />
      </TestCategory>
      <Execution id="505de1de-9f37-42e9-8575-046b180f1fac" />
      <TestMethod codeBase="C:\Projekty\MSTestProject\bin\Debug\netcoreapp3.1\MSTestProject.dll" adapterTypeName="executor://mstestadapter/v2" className="TwojeWesele.Services.Helpers.Tests.CurrencyHelperTests" name="FormatToStringTest1000" />
    </UnitTest>
    <UnitTest name="FormatToStringTest1000 (2115.5076919884923,2115.51 zł)" storage="c:\projekty\mstestproject\bin\debug\netcoreapp3.1\mstestproject.dll" id="2d904054-d88b-45d7-aade-81eb18d0180f">
      <TestCategory>
        <TestCategoryItem TestCategory="Category1000" />
      </TestCategory>
      <Execution id="4f478bcf-593b-45ff-9d63-614378ee4941" />
      <TestMethod codeBase="C:\Projekty\MSTestProject\bin\Debug\netcoreapp3.1\MSTestProject.dll" adapterTypeName="executor://mstestadapter/v2" className="TwojeWesele.Services.Helpers.Tests.CurrencyHelperTests" name="FormatToStringTest1000" />
    </UnitTest>
    <UnitTest name="FormatToStringTest1000 (16129.507288814293,16129.51 zł)" storage="c:\projekty\mstestproject\bin\debug\netcoreapp3.1\mstestproject.dll" id="87f2baa7-e8d7-4b80-8436-6fe6bba67cce">
      <TestCategory>
        <TestCategoryItem TestCategory="Category1000" />
      </TestCategory>
      <Execution id="0aea2b6e-0d73-4747-ab53-30c378b77912" />
      <TestMethod codeBase="C:\Projekty\MSTestProject\bin\Debug\netcoreapp3.1\MSTestProject.dll" adapterTypeName="executor://mstestadapter/v2" className="TwojeWesele.Services.Helpers.Tests.CurrencyHelperTests" name="FormatToStringTest1000" />
    </UnitTest>
    <UnitTest name="FormatToStringTest1000 (52858.048916166204,52858.05 zł)" storage="c:\projekty\mstestproject\bin\debug\netcoreapp3.1\mstestproject.dll" id="5d6b46f2-c6e1-4c9f-8a67-a39c4561c5fe">
      <TestCategory>
        <TestCategoryItem TestCategory="Category1000" />
      </TestCategory>
      <Execution id="6b633072-ba57-49b2-bf21-d2fcc3b3646b" />
      <TestMethod codeBase="C:\Projekty\MSTestProject\bin\Debug\netcoreapp3.1\MSTestProject.dll" adapterTypeName="executor://mstestadapter/v2" className="TwojeWesele.Services.Helpers.Tests.CurrencyHelperTests" name="FormatToStringTest1000" />
    </UnitTest>
    <UnitTest name="FormatToStringTest1000 (23662.291816162084,23662.29 zł)" storage="c:\projekty\mstestproject\bin\debug\netcoreapp3.1\mstestproject.dll" id="b06d205a-b47e-4f04-b444-50e93650cef2">
      <TestCategory>
        <TestCategoryItem TestCategory="Category1000" />
      </TestCategory>
      <Execution id="1080d905-cef1-4913-99b4-73ea2e798535" />
      <TestMethod codeBase="C:\Projekty\MSTestProject\bin\Debug\netcoreapp3.1\MSTestProject.dll" adapterTypeName="executor://mstestadapter/v2" className="TwojeWesele.Services.Helpers.Tests.CurrencyHelperTests" name="FormatToStringTest1000" />
    </UnitTest>
    <UnitTest name="FormatToStringTest1000 (658.7555888573431,658.76 zł)" storage="c:\projekty\mstestproject\bin\debug\netcoreapp3.1\mstestproject.dll" id="fa58fe32-9c4f-4221-a1cc-23efbb3057c4">
      <TestCategory>
        <TestCategoryItem TestCategory="Category1000" />
      </TestCategory>
      <Execution id="9acd1490-2789-4f09-9572-40539781e918" />
      <TestMethod codeBase="C:\Projekty\MSTestProject\bin\Debug\netcoreapp3.1\MSTestProject.dll" adapterTypeName="executor://mstestadapter/v2" className="TwojeWesele.Services.Helpers.Tests.CurrencyHelperTests" name="FormatToStringTest1000" />
    </UnitTest>
    <UnitTest name="FormatToStringTest1000 (12118.31777677048,12118.32 zł)" storage="c:\projekty\mstestproject\bin\debug\netcoreapp3.1\mstestproject.dll" id="9200598c-e367-43a8-a005-1d6d101287f8">
      <TestCategory>
        <TestCategoryItem TestCategory="Category1000" />
      </TestCategory>
      <Execution id="ab9215b0-d071-4d71-8afd-b10644a11619" />
      <TestMethod codeBase="C:\Projekty\MSTestProject\bin\Debug\netcoreapp3.1\MSTestProject.dll" adapterTypeName="executor://mstestadapter/v2" className="TwojeWesele.Services.Helpers.Tests.CurrencyHelperTests" name="FormatToStringTest1000" />
    </UnitTest>
    <UnitTest name="FormatToStringTest1000 (20552.966022956633,20552.97 zł)" storage="c:\projekty\mstestproject\bin\debug\netcoreapp3.1\mstestproject.dll" id="151df31f-a273-4832-ace2-79b8ce00d5ae">
      <TestCategory>
        <TestCategoryItem TestCategory="Category1000" />
      </TestCategory>
      <Execution id="9afd6b75-d68d-4650-a1c4-d149495ffea7" />
      <TestMethod codeBase="C:\Projekty\MSTestProject\bin\Debug\netcoreapp3.1\MSTestProject.dll" adapterTypeName="executor://mstestadapter/v2" className="TwojeWesele.Services.Helpers.Tests.CurrencyHelperTests" name="FormatToStringTest1000" />
    </UnitTest>
    <UnitTest name="FormatToStringTest1000 (7458.609645228652,7458.61 zł)" storage="c:\projekty\mstestproject\bin\debug\netcoreapp3.1\mstestproject.dll" id="281f783a-e627-4ef6-b709-e34ac21791ec">
      <TestCategory>
        <TestCategoryItem TestCategory="Category1000" />
      </TestCategory>
      <Execution id="fd870182-1212-4a60-9a8c-f6037c1bd35e" />
      <TestMethod codeBase="C:\Projekty\MSTestProject\bin\Debug\netcoreapp3.1\MSTestProject.dll" adapterTypeName="executor://mstestadapter/v2" className="TwojeWesele.Services.Helpers.Tests.CurrencyHelperTests" name="FormatToStringTest1000" />
    </UnitTest>
    <UnitTest name="FormatToStringTest1000 (57564.498126061866,57564.50 zł)" storage="c:\projekty\mstestproject\bin\debug\netcoreapp3.1\mstestproject.dll" id="ba145765-269a-41d0-89ea-87b12f617e42">
      <TestCategory>
        <TestCategoryItem TestCategory="Category1000" />
      </TestCategory>
      <Execution id="cf304a0e-3dfb-4cb7-b374-423bbc6d687d" />
      <TestMethod codeBase="C:\Projekty\MSTestProject\bin\Debug\netcoreapp3.1\MSTestProject.dll" adapterTypeName="executor://mstestadapter/v2" className="TwojeWesele.Services.Helpers.Tests.CurrencyHelperTests" name="FormatToStringTest1000" />
    </UnitTest>
    <UnitTest name="FormatToStringTest1000 (1328.353302088265,1328.35 zł)" storage="c:\projekty\mstestproject\bin\debug\netcoreapp3.1\mstestproject.dll" id="4c286c67-4c54-4f38-943e-1d3afff52e41">
      <TestCategory>
        <TestCategoryItem TestCategory="Category1000" />
      </TestCategory>
      <Execution id="e174c313-87a7-4f68-a67f-2ad67783cf3c" />
      <TestMethod codeBase="C:\Projekty\MSTestProject\bin\Debug\netcoreapp3.1\MSTestProject.dll" adapterTypeName="executor://mstestadapter/v2" className="TwojeWesele.Services.Helpers.Tests.CurrencyHelperTests" name="FormatToStringTest1000" />
    </UnitTest>
    <UnitTest name="FormatToStringTest1000 (19397.344749736294,19397.34 zł)" storage="c:\projekty\mstestproject\bin\debug\netcoreapp3.1\mstestproject.dll" id="003ce9d4-4d14-4cf1-9fd3-bd178db68f10">
      <TestCategory>
        <TestCategoryItem TestCategory="Category1000" />
      </TestCategory>
      <Execution id="26d599a4-8068-4d63-a376-1a3afd765bb1" />
      <TestMethod codeBase="C:\Projekty\MSTestProject\bin\Debug\netcoreapp3.1\MSTestProject.dll" adapterTypeName="executor://mstestadapter/v2" className="TwojeWesele.Services.Helpers.Tests.CurrencyHelperTests" name="FormatToStringTest1000" />
    </UnitTest>
    <UnitTest name="FormatToStringTest1000 (15080.274618567097,15080.27 zł)" storage="c:\projekty\mstestproject\bin\debug\netcoreapp3.1\mstestproject.dll" id="9dd8a015-3327-4117-b815-3c0811aa2ece">
      <TestCategory>
        <TestCategoryItem TestCategory="Category1000" />
      </TestCategory>
      <Execution id="b39a5d8c-9f36-45a0-aedb-d30ebabc6b0c" />
      <TestMethod codeBase="C:\Projekty\MSTestProject\bin\Debug\netcoreapp3.1\MSTestProject.dll" adapterTypeName="executor://mstestadapter/v2" className="TwojeWesele.Services.Helpers.Tests.CurrencyHelperTests" name="FormatToStringTest1000" />
    </UnitTest>
    <UnitTest name="FormatToStringTest1000 (7592.950837113406,7592.95 zł)" storage="c:\projekty\mstestproject\bin\debug\netcoreapp3.1\mstestproject.dll" id="f59ef4d6-23cd-4986-ba21-0d9eb6c23760">
      <TestCategory>
        <TestCategoryItem TestCategory="Category1000" />
      </TestCategory>
      <Execution id="cac706b4-fa85-4aa3-916b-ce94337a1a12" />
      <TestMethod codeBase="C:\Projekty\MSTestProject\bin\Debug\netcoreapp3.1\MSTestProject.dll" adapterTypeName="executor://mstestadapter/v2" className="TwojeWesele.Services.Helpers.Tests.CurrencyHelperTests" name="FormatToStringTest1000" />
    </UnitTest>
    <UnitTest name="FormatToStringTest1000 (22248.263319677797,22248.26 zł)" storage="c:\projekty\mstestproject\bin\debug\netcoreapp3.1\mstestproject.dll" id="dd3f6766-b505-4a4b-998b-a70ed7bc613c">
      <TestCategory>
        <TestCategoryItem TestCategory="Category1000" />
      </TestCategory>
      <Execution id="309774be-6293-451a-afe7-949ea9c9e0e1" />
      <TestMethod codeBase="C:\Projekty\MSTestProject\bin\Debug\netcoreapp3.1\MSTestProject.dll" adapterTypeName="executor://mstestadapter/v2" className="TwojeWesele.Services.Helpers.Tests.CurrencyHelperTests" name="FormatToStringTest1000" />
    </UnitTest>
    <UnitTest name="FormatToStringTest1000 (60323.066780431225,60323.07 zł)" storage="c:\projekty\mstestproject\bin\debug\netcoreapp3.1\mstestproject.dll" id="c9aa4dab-3b77-4b10-a0b3-a3bcf667c0a7">
      <TestCategory>
        <TestCategoryItem TestCategory="Category1000" />
      </TestCategory>
      <Execution id="4978b9ac-5754-4560-bc52-a228a1b8b52a" />
      <TestMethod codeBase="C:\Projekty\MSTestProject\bin\Debug\netcoreapp3.1\MSTestProject.dll" adapterTypeName="executor://mstestadapter/v2" className="TwojeWesele.Services.Helpers.Tests.CurrencyHelperTests" name="FormatToStringTest1000" />
    </UnitTest>
    <UnitTest name="FormatToStringTest1000 (21893.78889296939,21893.79 zł)" storage="c:\projekty\mstestproject\bin\debug\netcoreapp3.1\mstestproject.dll" id="cfe1d64a-2c29-49e7-aa83-a5b115a93b12">
      <TestCategory>
        <TestCategoryItem TestCategory="Category1000" />
      </TestCategory>
      <Execution id="4692cccb-ff09-4a53-918c-37a826a9d906" />
      <TestMethod codeBase="C:\Projekty\MSTestProject\bin\Debug\netcoreapp3.1\MSTestProject.dll" adapterTypeName="executor://mstestadapter/v2" className="TwojeWesele.Services.Helpers.Tests.CurrencyHelperTests" name="FormatToStringTest1000" />
    </UnitTest>
    <UnitTest name="FormatToStringTest1000 (26468.346804109562,26468.35 zł)" storage="c:\projekty\mstestproject\bin\debug\netcoreapp3.1\mstestproject.dll" id="d2b92ab3-de60-44fb-893f-6a4bec626506">
      <TestCategory>
        <TestCategoryItem TestCategory="Category1000" />
      </TestCategory>
      <Execution id="6cfe3cc2-7589-416a-b3c5-ef2f2fde32c6" />
      <TestMethod codeBase="C:\Projekty\MSTestProject\bin\Debug\netcoreapp3.1\MSTestProject.dll" adapterTypeName="executor://mstestadapter/v2" className="TwojeWesele.Services.Helpers.Tests.CurrencyHelperTests" name="FormatToStringTest1000" />
    </UnitTest>
    <UnitTest name="FormatToStringTest1000 (22799.991836491965,22799.99 zł)" storage="c:\projekty\mstestproject\bin\debug\netcoreapp3.1\mstestproject.dll" id="1073d021-83f4-4308-9b59-b0e8d2603632">
      <TestCategory>
        <TestCategoryItem TestCategory="Category1000" />
      </TestCategory>
      <Execution id="05e439c3-cdb6-42dd-81a5-0a0fd8f5b978" />
      <TestMethod codeBase="C:\Projekty\MSTestProject\bin\Debug\netcoreapp3.1\MSTestProject.dll" adapterTypeName="executor://mstestadapter/v2" className="TwojeWesele.Services.Helpers.Tests.CurrencyHelperTests" name="FormatToStringTest1000" />
    </UnitTest>
    <UnitTest name="FormatToStringTest1000 (2216.881526520886,2216.88 zł)" storage="c:\projekty\mstestproject\bin\debug\netcoreapp3.1\mstestproject.dll" id="b2a7925c-3262-4ac9-b01d-92b326973706">
      <TestCategory>
        <TestCategoryItem TestCategory="Category1000" />
      </TestCategory>
      <Execution id="d6c83ad9-f8d4-495e-9273-fc9223e539ca" />
      <TestMethod codeBase="C:\Projekty\MSTestProject\bin\Debug\netcoreapp3.1\MSTestProject.dll" adapterTypeName="executor://mstestadapter/v2" className="TwojeWesele.Services.Helpers.Tests.CurrencyHelperTests" name="FormatToStringTest1000" />
    </UnitTest>
    <UnitTest name="FormatToStringTest1000 (835.1578487740633,835.16 zł)" storage="c:\projekty\mstestproject\bin\debug\netcoreapp3.1\mstestproject.dll" id="71a14701-fbf7-45bd-88c8-64f0ff63d632">
      <TestCategory>
        <TestCategoryItem TestCategory="Category1000" />
      </TestCategory>
      <Execution id="2a30108a-2473-4fe2-adb8-b8310ced745c" />
      <TestMethod codeBase="C:\Projekty\MSTestProject\bin\Debug\netcoreapp3.1\MSTestProject.dll" adapterTypeName="executor://mstestadapter/v2" className="TwojeWesele.Services.Helpers.Tests.CurrencyHelperTests" name="FormatToStringTest1000" />
    </UnitTest>
    <UnitTest name="FormatToStringTest1000 (4857.211933034105,4857.21 zł)" storage="c:\projekty\mstestproject\bin\debug\netcoreapp3.1\mstestproject.dll" id="387d002e-93df-4da2-b5bb-b59dbabe32ea">
      <TestCategory>
        <TestCategoryItem TestCategory="Category1000" />
      </TestCategory>
      <Execution id="a25e5f79-ded1-4d74-9122-17817cad0b1a" />
      <TestMethod codeBase="C:\Projekty\MSTestProject\bin\Debug\netcoreapp3.1\MSTestProject.dll" adapterTypeName="executor://mstestadapter/v2" className="TwojeWesele.Services.Helpers.Tests.CurrencyHelperTests" name="FormatToStringTest1000" />
    </UnitTest>
    <UnitTest name="FormatToStringTest1000 (48428.38681602682,48428.39 zł)" storage="c:\projekty\mstestproject\bin\debug\netcoreapp3.1\mstestproject.dll" id="6bc71272-b589-4ae5-907e-78c941b58c7a">
      <TestCategory>
        <TestCategoryItem TestCategory="Category1000" />
      </TestCategory>
      <Execution id="d971ada5-0e81-433c-99b2-6bc74c7de180" />
      <TestMethod codeBase="C:\Projekty\MSTestProject\bin\Debug\netcoreapp3.1\MSTestProject.dll" adapterTypeName="executor://mstestadapter/v2" className="TwojeWesele.Services.Helpers.Tests.CurrencyHelperTests" name="FormatToStringTest1000" />
    </UnitTest>
    <UnitTest name="FormatToStringTest1000 (765.778932784581,765.78 zł)" storage="c:\projekty\mstestproject\bin\debug\netcoreapp3.1\mstestproject.dll" id="e9bb2f18-fa1f-4b45-90c9-14b9dcfe67d4">
      <TestCategory>
        <TestCategoryItem TestCategory="Category1000" />
      </TestCategory>
      <Execution id="ec227197-a368-4ac3-b239-9208cefa6a64" />
      <TestMethod codeBase="C:\Projekty\MSTestProject\bin\Debug\netcoreapp3.1\MSTestProject.dll" adapterTypeName="executor://mstestadapter/v2" className="TwojeWesele.Services.Helpers.Tests.CurrencyHelperTests" name="FormatToStringTest1000" />
    </UnitTest>
    <UnitTest name="FormatToStringTest1000 (9558.453124931293,9558.45 zł)" storage="c:\projekty\mstestproject\bin\debug\netcoreapp3.1\mstestproject.dll" id="678706e9-d8e4-4675-95f5-7f1d50f1c08d">
      <TestCategory>
        <TestCategoryItem TestCategory="Category1000" />
      </TestCategory>
      <Execution id="30398e0f-3893-43b5-b2ab-8d52afb6d8a4" />
      <TestMethod codeBase="C:\Projekty\MSTestProject\bin\Debug\netcoreapp3.1\MSTestProject.dll" adapterTypeName="executor://mstestadapter/v2" className="TwojeWesele.Services.Helpers.Tests.CurrencyHelperTests" name="FormatToStringTest1000" />
    </UnitTest>
    <UnitTest name="FormatToStringTest1000 (8697.074631143862,8697.07 zł)" storage="c:\projekty\mstestproject\bin\debug\netcoreapp3.1\mstestproject.dll" id="565ca691-9a9c-4ed7-ac13-201ac79d098b">
      <TestCategory>
        <TestCategoryItem TestCategory="Category1000" />
      </TestCategory>
      <Execution id="67a1ece6-afb3-4cd8-add7-1b4e075df11d" />
      <TestMethod codeBase="C:\Projekty\MSTestProject\bin\Debug\netcoreapp3.1\MSTestProject.dll" adapterTypeName="executor://mstestadapter/v2" className="TwojeWesele.Services.Helpers.Tests.CurrencyHelperTests" name="FormatToStringTest1000" />
    </UnitTest>
    <UnitTest name="FormatToStringTest1000 (386.358918903097,386.36 zł)" storage="c:\projekty\mstestproject\bin\debug\netcoreapp3.1\mstestproject.dll" id="740f8ebb-804a-4674-bae6-1bdd020fde9b">
      <TestCategory>
        <TestCategoryItem TestCategory="Category1000" />
      </TestCategory>
      <Execution id="2e067ef4-02d7-41e4-a595-80f6ddd7f545" />
      <TestMethod codeBase="C:\Projekty\MSTestProject\bin\Debug\netcoreapp3.1\MSTestProject.dll" adapterTypeName="executor://mstestadapter/v2" className="TwojeWesele.Services.Helpers.Tests.CurrencyHelperTests" name="FormatToStringTest1000" />
    </UnitTest>
    <UnitTest name="FormatToStringTest1000 (70581.91150977784,70581.91 zł)" storage="c:\projekty\mstestproject\bin\debug\netcoreapp3.1\mstestproject.dll" id="9531b184-26e7-4a45-84a5-0650dc6e04e7">
      <TestCategory>
        <TestCategoryItem TestCategory="Category1000" />
      </TestCategory>
      <Execution id="3d1f34f9-f0bc-4ffd-9c7b-8bd591894014" />
      <TestMethod codeBase="C:\Projekty\MSTestProject\bin\Debug\netcoreapp3.1\MSTestProject.dll" adapterTypeName="executor://mstestadapter/v2" className="TwojeWesele.Services.Helpers.Tests.CurrencyHelperTests" name="FormatToStringTest1000" />
    </UnitTest>
    <UnitTest name="FormatToStringTest1000 (26858.35647848731,26858.36 zł)" storage="c:\projekty\mstestproject\bin\debug\netcoreapp3.1\mstestproject.dll" id="6ec40c52-2b48-493f-918d-ec4f85f42f6e">
      <TestCategory>
        <TestCategoryItem TestCategory="Category1000" />
      </TestCategory>
      <Execution id="1bf4b52f-17e0-490e-aadb-440a2c446f89" />
      <TestMethod codeBase="C:\Projekty\MSTestProject\bin\Debug\netcoreapp3.1\MSTestProject.dll" adapterTypeName="executor://mstestadapter/v2" className="TwojeWesele.Services.Helpers.Tests.CurrencyHelperTests" name="FormatToStringTest1000" />
    </UnitTest>
    <UnitTest name="FormatToStringTest1000 (63115.864864394935,63115.86 zł)" storage="c:\projekty\mstestproject\bin\debug\netcoreapp3.1\mstestproject.dll" id="a7151f5f-dea7-4a23-a771-5a97b1e6b48f">
      <TestCategory>
        <TestCategoryItem TestCategory="Category1000" />
      </TestCategory>
      <Execution id="286c61c7-f600-4269-851d-ed564bc12ef5" />
      <TestMethod codeBase="C:\Projekty\MSTestProject\bin\Debug\netcoreapp3.1\MSTestProject.dll" adapterTypeName="executor://mstestadapter/v2" className="TwojeWesele.Services.Helpers.Tests.CurrencyHelperTests" name="FormatToStringTest1000" />
    </UnitTest>
    <UnitTest name="FormatToStringTest1000 (25794.833624416417,25794.83 zł)" storage="c:\projekty\mstestproject\bin\debug\netcoreapp3.1\mstestproject.dll" id="fc9b61f6-8e43-4c14-b5fc-fb94608c87e8">
      <TestCategory>
        <TestCategoryItem TestCategory="Category1000" />
      </TestCategory>
      <Execution id="23e9da65-db31-42c1-9297-34ed2f744247" />
      <TestMethod codeBase="C:\Projekty\MSTestProject\bin\Debug\netcoreapp3.1\MSTestProject.dll" adapterTypeName="executor://mstestadapter/v2" className="TwojeWesele.Services.Helpers.Tests.CurrencyHelperTests" name="FormatToStringTest1000" />
    </UnitTest>
    <UnitTest name="FormatToStringTest1000 (27050.586848031067,27050.59 zł)" storage="c:\projekty\mstestproject\bin\debug\netcoreapp3.1\mstestproject.dll" id="1b61aa76-9514-4c75-8136-1d75188b98dc">
      <TestCategory>
        <TestCategoryItem TestCategory="Category1000" />
      </TestCategory>
      <Execution id="47c36be6-24d3-43f5-afbd-220d8caeb7c5" />
      <TestMethod codeBase="C:\Projekty\MSTestProject\bin\Debug\netcoreapp3.1\MSTestProject.dll" adapterTypeName="executor://mstestadapter/v2" className="TwojeWesele.Services.Helpers.Tests.CurrencyHelperTests" name="FormatToStringTest1000" />
    </UnitTest>
    <UnitTest name="FormatToStringTest1000 (6220.182014914314,6220.18 zł)" storage="c:\projekty\mstestproject\bin\debug\netcoreapp3.1\mstestproject.dll" id="a5397458-34a8-45bf-ae7f-eb5607f2e6a7">
      <TestCategory>
        <TestCategoryItem TestCategory="Category1000" />
      </TestCategory>
      <Execution id="b0f7a916-b657-4ffb-999c-03326c070ff9" />
      <TestMethod codeBase="C:\Projekty\MSTestProject\bin\Debug\netcoreapp3.1\MSTestProject.dll" adapterTypeName="executor://mstestadapter/v2" className="TwojeWesele.Services.Helpers.Tests.CurrencyHelperTests" name="FormatToStringTest1000" />
    </UnitTest>
    <UnitTest name="FormatToStringTest1000 (34060.48467268724,34060.48 zł)" storage="c:\projekty\mstestproject\bin\debug\netcoreapp3.1\mstestproject.dll" id="e3219895-eb33-4ce6-8963-007caeeec3a6">
      <TestCategory>
        <TestCategoryItem TestCategory="Category1000" />
      </TestCategory>
      <Execution id="42df3b13-aee2-452d-83cd-5f8c47c103ca" />
      <TestMethod codeBase="C:\Projekty\MSTestProject\bin\Debug\netcoreapp3.1\MSTestProject.dll" adapterTypeName="executor://mstestadapter/v2" className="TwojeWesele.Services.Helpers.Tests.CurrencyHelperTests" name="FormatToStringTest1000" />
    </UnitTest>
    <UnitTest name="FormatToStringTest1000 (15600.245951180927,15600.25 zł)" storage="c:\projekty\mstestproject\bin\debug\netcoreapp3.1\mstestproject.dll" id="c43032cd-4d6c-4b03-9cd4-168e42aa4130">
      <TestCategory>
        <TestCategoryItem TestCategory="Category1000" />
      </TestCategory>
      <Execution id="b19453fb-49b0-4cad-8326-724de4a8f72a" />
      <TestMethod codeBase="C:\Projekty\MSTestProject\bin\Debug\netcoreapp3.1\MSTestProject.dll" adapterTypeName="executor://mstestadapter/v2" className="TwojeWesele.Services.Helpers.Tests.CurrencyHelperTests" name="FormatToStringTest1000" />
    </UnitTest>
    <UnitTest name="FormatToStringTest1000 (31340.79231238914,31340.79 zł)" storage="c:\projekty\mstestproject\bin\debug\netcoreapp3.1\mstestproject.dll" id="d18b41b0-7736-4111-9d0b-9ae352a09b21">
      <TestCategory>
        <TestCategoryItem TestCategory="Category1000" />
      </TestCategory>
      <Execution id="327be68a-e561-459d-b0a1-5961182464ca" />
      <TestMethod codeBase="C:\Projekty\MSTestProject\bin\Debug\netcoreapp3.1\MSTestProject.dll" adapterTypeName="executor://mstestadapter/v2" className="TwojeWesele.Services.Helpers.Tests.CurrencyHelperTests" name="FormatToStringTest1000" />
    </UnitTest>
    <UnitTest name="FormatToStringTest1000 (22494.46807976834,22494.47 zł)" storage="c:\projekty\mstestproject\bin\debug\netcoreapp3.1\mstestproject.dll" id="1b23bd27-4b03-4009-8b26-2168c1e6ffc6">
      <TestCategory>
        <TestCategoryItem TestCategory="Category1000" />
      </TestCategory>
      <Execution id="367daad6-f5fe-45b0-b5c5-2b71629f72ac" />
      <TestMethod codeBase="C:\Projekty\MSTestProject\bin\Debug\netcoreapp3.1\MSTestProject.dll" adapterTypeName="executor://mstestadapter/v2" className="TwojeWesele.Services.Helpers.Tests.CurrencyHelperTests" name="FormatToStringTest1000" />
    </UnitTest>
    <UnitTest name="FormatToStringTest1000 (48544.390887578666,48544.39 zł)" storage="c:\projekty\mstestproject\bin\debug\netcoreapp3.1\mstestproject.dll" id="7b5bc09a-d4fb-450b-9738-1b67a47cab8e">
      <TestCategory>
        <TestCategoryItem TestCategory="Category1000" />
      </TestCategory>
      <Execution id="8a21b838-bd09-4088-aad0-db941baf42fa" />
      <TestMethod codeBase="C:\Projekty\MSTestProject\bin\Debug\netcoreapp3.1\MSTestProject.dll" adapterTypeName="executor://mstestadapter/v2" className="TwojeWesele.Services.Helpers.Tests.CurrencyHelperTests" name="FormatToStringTest1000" />
    </UnitTest>
    <UnitTest name="FormatToStringTest1000 (18786.954468002055,18786.95 zł)" storage="c:\projekty\mstestproject\bin\debug\netcoreapp3.1\mstestproject.dll" id="d38a19a5-804a-4bd4-8d48-7f34408a02b3">
      <TestCategory>
        <TestCategoryItem TestCategory="Category1000" />
      </TestCategory>
      <Execution id="ab2f3959-32bf-4c0d-ad95-bcb2379367ac" />
      <TestMethod codeBase="C:\Projekty\MSTestProject\bin\Debug\netcoreapp3.1\MSTestProject.dll" adapterTypeName="executor://mstestadapter/v2" className="TwojeWesele.Services.Helpers.Tests.CurrencyHelperTests" name="FormatToStringTest1000" />
    </UnitTest>
    <UnitTest name="FormatToStringTest1000 (10501.127379151585,10501.13 zł)" storage="c:\projekty\mstestproject\bin\debug\netcoreapp3.1\mstestproject.dll" id="62737975-f322-4a82-803a-5c7c56750393">
      <TestCategory>
        <TestCategoryItem TestCategory="Category1000" />
      </TestCategory>
      <Execution id="daeeec69-d5f4-4750-b0da-9e4159da14de" />
      <TestMethod codeBase="C:\Projekty\MSTestProject\bin\Debug\netcoreapp3.1\MSTestProject.dll" adapterTypeName="executor://mstestadapter/v2" className="TwojeWesele.Services.Helpers.Tests.CurrencyHelperTests" name="FormatToStringTest1000" />
    </UnitTest>
    <UnitTest name="FormatToStringTest1000 (6676.5680544784145,6676.57 zł)" storage="c:\projekty\mstestproject\bin\debug\netcoreapp3.1\mstestproject.dll" id="ed5d2724-3a29-4512-9b56-c1b51aa07ed6">
      <TestCategory>
        <TestCategoryItem TestCategory="Category1000" />
      </TestCategory>
      <Execution id="4b236fe5-2c87-454e-940a-46bcf79358b0" />
      <TestMethod codeBase="C:\Projekty\MSTestProject\bin\Debug\netcoreapp3.1\MSTestProject.dll" adapterTypeName="executor://mstestadapter/v2" className="TwojeWesele.Services.Helpers.Tests.CurrencyHelperTests" name="FormatToStringTest1000" />
    </UnitTest>
    <UnitTest name="FormatToStringTest1000 (74851.91547305691,74851.92 zł)" storage="c:\projekty\mstestproject\bin\debug\netcoreapp3.1\mstestproject.dll" id="82ca6ad4-a88c-4b74-a66d-ebf8aced7c09">
      <TestCategory>
        <TestCategoryItem TestCategory="Category1000" />
      </TestCategory>
      <Execution id="7af6157b-3541-4f63-9a4a-2d85c370e09a" />
      <TestMethod codeBase="C:\Projekty\MSTestProject\bin\Debug\netcoreapp3.1\MSTestProject.dll" adapterTypeName="executor://mstestadapter/v2" className="TwojeWesele.Services.Helpers.Tests.CurrencyHelperTests" name="FormatToStringTest1000" />
    </UnitTest>
    <UnitTest name="FormatToStringTest1000 (38845.74924104323,38845.75 zł)" storage="c:\projekty\mstestproject\bin\debug\netcoreapp3.1\mstestproject.dll" id="2740f2b9-10a8-4627-9ac3-ce7bb6459ac9">
      <TestCategory>
        <TestCategoryItem TestCategory="Category1000" />
      </TestCategory>
      <Execution id="346ac0e0-84ed-4eb5-9766-9c37ff14431d" />
      <TestMethod codeBase="C:\Projekty\MSTestProject\bin\Debug\netcoreapp3.1\MSTestProject.dll" adapterTypeName="executor://mstestadapter/v2" className="TwojeWesele.Services.Helpers.Tests.CurrencyHelperTests" name="FormatToStringTest1000" />
    </UnitTest>
    <UnitTest name="FormatToStringTest1000 (51408.294679657694,51408.29 zł)" storage="c:\projekty\mstestproject\bin\debug\netcoreapp3.1\mstestproject.dll" id="d3d6dbd3-4865-4de7-a8eb-e5d9b0b85783">
      <TestCategory>
        <TestCategoryItem TestCategory="Category1000" />
      </TestCategory>
      <Execution id="2efb2d1b-cc66-48f2-9db4-4a33e5babcc6" />
      <TestMethod codeBase="C:\Projekty\MSTestProject\bin\Debug\netcoreapp3.1\MSTestProject.dll" adapterTypeName="executor://mstestadapter/v2" className="TwojeWesele.Services.Helpers.Tests.CurrencyHelperTests" name="FormatToStringTest1000" />
    </UnitTest>
    <UnitTest name="FormatToStringTest1000 (21753.84773194969,21753.85 zł)" storage="c:\projekty\mstestproject\bin\debug\netcoreapp3.1\mstestproject.dll" id="a4419e7c-29ff-451d-b8ad-2a1f71c7b023">
      <TestCategory>
        <TestCategoryItem TestCategory="Category1000" />
      </TestCategory>
      <Execution id="6ef26f9c-c46d-42c6-936d-5967ed48a9a4" />
      <TestMethod codeBase="C:\Projekty\MSTestProject\bin\Debug\netcoreapp3.1\MSTestProject.dll" adapterTypeName="executor://mstestadapter/v2" className="TwojeWesele.Services.Helpers.Tests.CurrencyHelperTests" name="FormatToStringTest1000" />
    </UnitTest>
    <UnitTest name="FormatToStringTest1000 (24137.016609529506,24137.02 zł)" storage="c:\projekty\mstestproject\bin\debug\netcoreapp3.1\mstestproject.dll" id="c11b89fc-c228-4b08-91a9-8b598d85b9d7">
      <TestCategory>
        <TestCategoryItem TestCategory="Category1000" />
      </TestCategory>
      <Execution id="9f1f6ba6-3321-4649-b108-de2715c8ef23" />
      <TestMethod codeBase="C:\Projekty\MSTestProject\bin\Debug\netcoreapp3.1\MSTestProject.dll" adapterTypeName="executor://mstestadapter/v2" className="TwojeWesele.Services.Helpers.Tests.CurrencyHelperTests" name="FormatToStringTest1000" />
    </UnitTest>
    <UnitTest name="FormatToStringTest1000 (7669.3855620214645,7669.39 zł)" storage="c:\projekty\mstestproject\bin\debug\netcoreapp3.1\mstestproject.dll" id="bc143ab8-185f-4bcd-ad83-489430c64224">
      <TestCategory>
        <TestCategoryItem TestCategory="Category1000" />
      </TestCategory>
      <Execution id="7b09acb4-b8f8-4eb5-b2cd-150640488044" />
      <TestMethod codeBase="C:\Projekty\MSTestProject\bin\Debug\netcoreapp3.1\MSTestProject.dll" adapterTypeName="executor://mstestadapter/v2" className="TwojeWesele.Services.Helpers.Tests.CurrencyHelperTests" name="FormatToStringTest1000" />
    </UnitTest>
    <UnitTest name="FormatToStringTest1000 (47431.868885526375,47431.87 zł)" storage="c:\projekty\mstestproject\bin\debug\netcoreapp3.1\mstestproject.dll" id="13d7f555-8315-41d4-b3df-b13386f3c49c">
      <TestCategory>
        <TestCategoryItem TestCategory="Category1000" />
      </TestCategory>
      <Execution id="991fe181-5c40-43d6-9dfb-339db6f14b75" />
      <TestMethod codeBase="C:\Projekty\MSTestProject\bin\Debug\netcoreapp3.1\MSTestProject.dll" adapterTypeName="executor://mstestadapter/v2" className="TwojeWesele.Services.Helpers.Tests.CurrencyHelperTests" name="FormatToStringTest1000" />
    </UnitTest>
    <UnitTest name="FormatToStringTest1000 (7715.904444139406,7715.90 zł)" storage="c:\projekty\mstestproject\bin\debug\netcoreapp3.1\mstestproject.dll" id="3e99d2b4-57e4-4f97-9098-4e24acf7afbc">
      <TestCategory>
        <TestCategoryItem TestCategory="Category1000" />
      </TestCategory>
      <Execution id="9dbf1e94-75ec-4290-8289-519464987d07" />
      <TestMethod codeBase="C:\Projekty\MSTestProject\bin\Debug\netcoreapp3.1\MSTestProject.dll" adapterTypeName="executor://mstestadapter/v2" className="TwojeWesele.Services.Helpers.Tests.CurrencyHelperTests" name="FormatToStringTest1000" />
    </UnitTest>
    <UnitTest name="FormatToStringTest1000 (6429.44273095552,6429.44 zł)" storage="c:\projekty\mstestproject\bin\debug\netcoreapp3.1\mstestproject.dll" id="87c65b26-5af1-4aeb-8492-78cdd43d394b">
      <TestCategory>
        <TestCategoryItem TestCategory="Category1000" />
      </TestCategory>
      <Execution id="0a3fbbb1-ab7a-49cc-8f43-5451dcae276c" />
      <TestMethod codeBase="C:\Projekty\MSTestProject\bin\Debug\netcoreapp3.1\MSTestProject.dll" adapterTypeName="executor://mstestadapter/v2" className="TwojeWesele.Services.Helpers.Tests.CurrencyHelperTests" name="FormatToStringTest1000" />
    </UnitTest>
    <UnitTest name="FormatToStringTest1000 (7621.507806692509,7621.51 zł)" storage="c:\projekty\mstestproject\bin\debug\netcoreapp3.1\mstestproject.dll" id="599948e2-bbc9-48d7-843d-3ff9c9b7866a">
      <TestCategory>
        <TestCategoryItem TestCategory="Category1000" />
      </TestCategory>
      <Execution id="f1f3fbab-2e44-4897-b5b3-32fb8777a227" />
      <TestMethod codeBase="C:\Projekty\MSTestProject\bin\Debug\netcoreapp3.1\MSTestProject.dll" adapterTypeName="executor://mstestadapter/v2" className="TwojeWesele.Services.Helpers.Tests.CurrencyHelperTests" name="FormatToStringTest1000" />
    </UnitTest>
    <UnitTest name="FormatToStringTest1000 (1898.24149096489,1898.24 zł)" storage="c:\projekty\mstestproject\bin\debug\netcoreapp3.1\mstestproject.dll" id="7fe6027b-ab97-49e0-ae7f-e46a3421c5e0">
      <TestCategory>
        <TestCategoryItem TestCategory="Category1000" />
      </TestCategory>
      <Execution id="c2954c65-521a-4a25-82ed-7606d9c17d52" />
      <TestMethod codeBase="C:\Projekty\MSTestProject\bin\Debug\netcoreapp3.1\MSTestProject.dll" adapterTypeName="executor://mstestadapter/v2" className="TwojeWesele.Services.Helpers.Tests.CurrencyHelperTests" name="FormatToStringTest1000" />
    </UnitTest>
    <UnitTest name="FormatToStringTest1000 (10914.360814625099,10914.36 zł)" storage="c:\projekty\mstestproject\bin\debug\netcoreapp3.1\mstestproject.dll" id="63bc96ff-86ec-4652-b54c-1556faaaf179">
      <TestCategory>
        <TestCategoryItem TestCategory="Category1000" />
      </TestCategory>
      <Execution id="0c8516bb-079b-4252-a9c5-57fa315ccf57" />
      <TestMethod codeBase="C:\Projekty\MSTestProject\bin\Debug\netcoreapp3.1\MSTestProject.dll" adapterTypeName="executor://mstestadapter/v2" className="TwojeWesele.Services.Helpers.Tests.CurrencyHelperTests" name="FormatToStringTest1000" />
    </UnitTest>
    <UnitTest name="FormatToStringTest1000 (10066.059180456241,10066.06 zł)" storage="c:\projekty\mstestproject\bin\debug\netcoreapp3.1\mstestproject.dll" id="06cf226c-7175-44ca-824e-69cc9832673f">
      <TestCategory>
        <TestCategoryItem TestCategory="Category1000" />
      </TestCategory>
      <Execution id="02ac3b10-eedb-449a-b844-64cdd4e57091" />
      <TestMethod codeBase="C:\Projekty\MSTestProject\bin\Debug\netcoreapp3.1\MSTestProject.dll" adapterTypeName="executor://mstestadapter/v2" className="TwojeWesele.Services.Helpers.Tests.CurrencyHelperTests" name="FormatToStringTest1000" />
    </UnitTest>
    <UnitTest name="FormatToStringTest1000 (88489.14069749469,88489.14 zł)" storage="c:\projekty\mstestproject\bin\debug\netcoreapp3.1\mstestproject.dll" id="f34ff9c2-ef8f-4595-80d4-9d211d6b30f8">
      <TestCategory>
        <TestCategoryItem TestCategory="Category1000" />
      </TestCategory>
      <Execution id="8812f092-656c-432b-90d5-dccf2c532712" />
      <TestMethod codeBase="C:\Projekty\MSTestProject\bin\Debug\netcoreapp3.1\MSTestProject.dll" adapterTypeName="executor://mstestadapter/v2" className="TwojeWesele.Services.Helpers.Tests.CurrencyHelperTests" name="FormatToStringTest1000" />
    </UnitTest>
    <UnitTest name="FormatToStringTest1000 (10227.532692039169,10227.53 zł)" storage="c:\projekty\mstestproject\bin\debug\netcoreapp3.1\mstestproject.dll" id="7a7b14ee-2a92-4059-98f7-a0c41c364d7a">
      <TestCategory>
        <TestCategoryItem TestCategory="Category1000" />
      </TestCategory>
      <Execution id="6f6e8bc2-4d09-4173-928a-f3b7582c37ba" />
      <TestMethod codeBase="C:\Projekty\MSTestProject\bin\Debug\netcoreapp3.1\MSTestProject.dll" adapterTypeName="executor://mstestadapter/v2" className="TwojeWesele.Services.Helpers.Tests.CurrencyHelperTests" name="FormatToStringTest1000" />
    </UnitTest>
    <UnitTest name="FormatToStringTest1000 (5398.2412667191775,5398.24 zł)" storage="c:\projekty\mstestproject\bin\debug\netcoreapp3.1\mstestproject.dll" id="3892af4a-8656-42a8-8c5f-433b65529dbe">
      <TestCategory>
        <TestCategoryItem TestCategory="Category1000" />
      </TestCategory>
      <Execution id="b1e73f4d-1c3f-4935-ab0c-1c52e693d818" />
      <TestMethod codeBase="C:\Projekty\MSTestProject\bin\Debug\netcoreapp3.1\MSTestProject.dll" adapterTypeName="executor://mstestadapter/v2" className="TwojeWesele.Services.Helpers.Tests.CurrencyHelperTests" name="FormatToStringTest1000" />
    </UnitTest>
    <UnitTest name="FormatToStringTest1000 (38904.87092920806,38904.87 zł)" storage="c:\projekty\mstestproject\bin\debug\netcoreapp3.1\mstestproject.dll" id="f392aa56-ef3e-4dc9-b85f-0e5e02c882c2">
      <TestCategory>
        <TestCategoryItem TestCategory="Category1000" />
      </TestCategory>
      <Execution id="7c9c0146-fd57-4d04-ad45-4a4fe9ac2718" />
      <TestMethod codeBase="C:\Projekty\MSTestProject\bin\Debug\netcoreapp3.1\MSTestProject.dll" adapterTypeName="executor://mstestadapter/v2" className="TwojeWesele.Services.Helpers.Tests.CurrencyHelperTests" name="FormatToStringTest1000" />
    </UnitTest>
    <UnitTest name="FormatToStringTest1000 (13844.577623300524,13844.58 zł)" storage="c:\projekty\mstestproject\bin\debug\netcoreapp3.1\mstestproject.dll" id="4a0fe52d-d78e-4608-9acc-0961a8c7b73c">
      <TestCategory>
        <TestCategoryItem TestCategory="Category1000" />
      </TestCategory>
      <Execution id="0614b941-bf75-444e-aed0-5ed5c937c9b3" />
      <TestMethod codeBase="C:\Projekty\MSTestProject\bin\Debug\netcoreapp3.1\MSTestProject.dll" adapterTypeName="executor://mstestadapter/v2" className="TwojeWesele.Services.Helpers.Tests.CurrencyHelperTests" name="FormatToStringTest1000" />
    </UnitTest>
    <UnitTest name="FormatToStringTest1000 (1568.615240217473,1568.62 zł)" storage="c:\projekty\mstestproject\bin\debug\netcoreapp3.1\mstestproject.dll" id="13390adc-7d77-4360-bddb-fa86a59dfbe9">
      <TestCategory>
        <TestCategoryItem TestCategory="Category1000" />
      </TestCategory>
      <Execution id="30ff4d4a-9e94-4f6b-80f3-e2aaf28f05b2" />
      <TestMethod codeBase="C:\Projekty\MSTestProject\bin\Debug\netcoreapp3.1\MSTestProject.dll" adapterTypeName="executor://mstestadapter/v2" className="TwojeWesele.Services.Helpers.Tests.CurrencyHelperTests" name="FormatToStringTest1000" />
    </UnitTest>
    <UnitTest name="FormatToStringTest1000 (5279.315995182524,5279.32 zł)" storage="c:\projekty\mstestproject\bin\debug\netcoreapp3.1\mstestproject.dll" id="7ed71433-dbb7-4bfd-9fd5-9edd9ce8a628">
      <TestCategory>
        <TestCategoryItem TestCategory="Category1000" />
      </TestCategory>
      <Execution id="841d8369-5c7e-455f-9e35-dd86b0f3e2fe" />
      <TestMethod codeBase="C:\Projekty\MSTestProject\bin\Debug\netcoreapp3.1\MSTestProject.dll" adapterTypeName="executor://mstestadapter/v2" className="TwojeWesele.Services.Helpers.Tests.CurrencyHelperTests" name="FormatToStringTest1000" />
    </UnitTest>
    <UnitTest name="FormatToStringTest1000 (37889.10086727193,37889.10 zł)" storage="c:\projekty\mstestproject\bin\debug\netcoreapp3.1\mstestproject.dll" id="d758dffe-cce5-410e-9074-6151f36d0eb4">
      <TestCategory>
        <TestCategoryItem TestCategory="Category1000" />
      </TestCategory>
      <Execution id="50f1cb49-f731-44e6-8972-8a4fd76348a3" />
      <TestMethod codeBase="C:\Projekty\MSTestProject\bin\Debug\netcoreapp3.1\MSTestProject.dll" adapterTypeName="executor://mstestadapter/v2" className="TwojeWesele.Services.Helpers.Tests.CurrencyHelperTests" name="FormatToStringTest1000" />
    </UnitTest>
    <UnitTest name="FormatToStringTest1000 (45070.5442499493,45070.54 zł)" storage="c:\projekty\mstestproject\bin\debug\netcoreapp3.1\mstestproject.dll" id="95fd4e19-bb97-4e81-aaab-b7f668e17da2">
      <TestCategory>
        <TestCategoryItem TestCategory="Category1000" />
      </TestCategory>
      <Execution id="998f7071-5a7d-42c1-b002-09a52d15de50" />
      <TestMethod codeBase="C:\Projekty\MSTestProject\bin\Debug\netcoreapp3.1\MSTestProject.dll" adapterTypeName="executor://mstestadapter/v2" className="TwojeWesele.Services.Helpers.Tests.CurrencyHelperTests" name="FormatToStringTest1000" />
    </UnitTest>
    <UnitTest name="FormatToStringTest1000 (10527.083945901639,10527.08 zł)" storage="c:\projekty\mstestproject\bin\debug\netcoreapp3.1\mstestproject.dll" id="344f4bb5-9c8b-47df-a133-ea10d86d44ad">
      <TestCategory>
        <TestCategoryItem TestCategory="Category1000" />
      </TestCategory>
      <Execution id="7d7edc2f-1859-4ddd-aeef-a11e9ebf43c1" />
      <TestMethod codeBase="C:\Projekty\MSTestProject\bin\Debug\netcoreapp3.1\MSTestProject.dll" adapterTypeName="executor://mstestadapter/v2" className="TwojeWesele.Services.Helpers.Tests.CurrencyHelperTests" name="FormatToStringTest1000" />
    </UnitTest>
    <UnitTest name="FormatToStringTest1000 (8492.904747505161,8492.90 zł)" storage="c:\projekty\mstestproject\bin\debug\netcoreapp3.1\mstestproject.dll" id="06b4d797-2443-4e4a-9b36-d158be257d58">
      <TestCategory>
        <TestCategoryItem TestCategory="Category1000" />
      </TestCategory>
      <Execution id="abccf2ee-7d5c-4a37-8147-2f320c45661a" />
      <TestMethod codeBase="C:\Projekty\MSTestProject\bin\Debug\netcoreapp3.1\MSTestProject.dll" adapterTypeName="executor://mstestadapter/v2" className="TwojeWesele.Services.Helpers.Tests.CurrencyHelperTests" name="FormatToStringTest1000" />
    </UnitTest>
    <UnitTest name="FormatToStringTest1000 (8599.45217413616,8599.45 zł)" storage="c:\projekty\mstestproject\bin\debug\netcoreapp3.1\mstestproject.dll" id="957f9666-f2c7-4165-bdf6-dda245cf7d11">
      <TestCategory>
        <TestCategoryItem TestCategory="Category1000" />
      </TestCategory>
      <Execution id="309ee70a-2610-4f89-93a4-2da8a54b4b2d" />
      <TestMethod codeBase="C:\Projekty\MSTestProject\bin\Debug\netcoreapp3.1\MSTestProject.dll" adapterTypeName="executor://mstestadapter/v2" className="TwojeWesele.Services.Helpers.Tests.CurrencyHelperTests" name="FormatToStringTest1000" />
    </UnitTest>
    <UnitTest name="FormatToStringTest1000 (20623.53139885493,20623.53 zł)" storage="c:\projekty\mstestproject\bin\debug\netcoreapp3.1\mstestproject.dll" id="381e3b5e-7124-4a3c-a466-b04a09c0a32d">
      <TestCategory>
        <TestCategoryItem TestCategory="Category1000" />
      </TestCategory>
      <Execution id="71069e01-6c83-49da-a0ef-b1b60a4442ac" />
      <TestMethod codeBase="C:\Projekty\MSTestProject\bin\Debug\netcoreapp3.1\MSTestProject.dll" adapterTypeName="executor://mstestadapter/v2" className="TwojeWesele.Services.Helpers.Tests.CurrencyHelperTests" name="FormatToStringTest1000" />
    </UnitTest>
    <UnitTest name="FormatToStringTest1000 (48654.65723134794,48654.66 zł)" storage="c:\projekty\mstestproject\bin\debug\netcoreapp3.1\mstestproject.dll" id="f1e8ac54-f7f7-4c63-a40c-bdccebe206ea">
      <TestCategory>
        <TestCategoryItem TestCategory="Category1000" />
      </TestCategory>
      <Execution id="0ddd4a48-16d9-4687-8df6-063ae8b93ab1" />
      <TestMethod codeBase="C:\Projekty\MSTestProject\bin\Debug\netcoreapp3.1\MSTestProject.dll" adapterTypeName="executor://mstestadapter/v2" className="TwojeWesele.Services.Helpers.Tests.CurrencyHelperTests" name="FormatToStringTest1000" />
    </UnitTest>
    <UnitTest name="FormatToStringTest1000 (1108.7197928823157,1108.72 zł)" storage="c:\projekty\mstestproject\bin\debug\netcoreapp3.1\mstestproject.dll" id="b1d53516-e1c5-46a2-a4d0-8adaca78aa63">
      <TestCategory>
        <TestCategoryItem TestCategory="Category1000" />
      </TestCategory>
      <Execution id="a9ead735-970e-452a-8deb-94df85ad698b" />
      <TestMethod codeBase="C:\Projekty\MSTestProject\bin\Debug\netcoreapp3.1\MSTestProject.dll" adapterTypeName="executor://mstestadapter/v2" className="TwojeWesele.Services.Helpers.Tests.CurrencyHelperTests" name="FormatToStringTest1000" />
    </UnitTest>
    <UnitTest name="FormatToStringTest1000 (49256.47455728635,49256.47 zł)" storage="c:\projekty\mstestproject\bin\debug\netcoreapp3.1\mstestproject.dll" id="b1054dc1-1971-45dc-9152-0bb1a552e3ec">
      <TestCategory>
        <TestCategoryItem TestCategory="Category1000" />
      </TestCategory>
      <Execution id="cf722199-d9cc-4620-bfdb-9d5ef63cc380" />
      <TestMethod codeBase="C:\Projekty\MSTestProject\bin\Debug\netcoreapp3.1\MSTestProject.dll" adapterTypeName="executor://mstestadapter/v2" className="TwojeWesele.Services.Helpers.Tests.CurrencyHelperTests" name="FormatToStringTest1000" />
    </UnitTest>
    <UnitTest name="FormatToStringTest1000 (18627.604896394354,18627.60 zł)" storage="c:\projekty\mstestproject\bin\debug\netcoreapp3.1\mstestproject.dll" id="6110e0e3-cf9e-4bf4-bbf5-ac0b72cab165">
      <TestCategory>
        <TestCategoryItem TestCategory="Category1000" />
      </TestCategory>
      <Execution id="44f427d3-83aa-4285-b477-21e46b8830ac" />
      <TestMethod codeBase="C:\Projekty\MSTestProject\bin\Debug\netcoreapp3.1\MSTestProject.dll" adapterTypeName="executor://mstestadapter/v2" className="TwojeWesele.Services.Helpers.Tests.CurrencyHelperTests" name="FormatToStringTest1000" />
    </UnitTest>
    <UnitTest name="FormatToStringTest1000 (34951.47290410077,34951.47 zł)" storage="c:\projekty\mstestproject\bin\debug\netcoreapp3.1\mstestproject.dll" id="adde1f97-b78a-4d1b-badc-feaf56d9a3c2">
      <TestCategory>
        <TestCategoryItem TestCategory="Category1000" />
      </TestCategory>
      <Execution id="227d243d-1a63-41f3-9d68-f9c61e93725e" />
      <TestMethod codeBase="C:\Projekty\MSTestProject\bin\Debug\netcoreapp3.1\MSTestProject.dll" adapterTypeName="executor://mstestadapter/v2" className="TwojeWesele.Services.Helpers.Tests.CurrencyHelperTests" name="FormatToStringTest1000" />
    </UnitTest>
    <UnitTest name="FormatToStringTest1000 (15639.704937780603,15639.70 zł)" storage="c:\projekty\mstestproject\bin\debug\netcoreapp3.1\mstestproject.dll" id="6c3c93d9-6c54-419f-a68a-8aba8ec4c532">
      <TestCategory>
        <TestCategoryItem TestCategory="Category1000" />
      </TestCategory>
      <Execution id="3d1d2c4c-b84a-4793-a052-0b0250e32766" />
      <TestMethod codeBase="C:\Projekty\MSTestProject\bin\Debug\netcoreapp3.1\MSTestProject.dll" adapterTypeName="executor://mstestadapter/v2" className="TwojeWesele.Services.Helpers.Tests.CurrencyHelperTests" name="FormatToStringTest1000" />
    </UnitTest>
    <UnitTest name="FormatToStringTest1000 (13092.45389243609,13092.45 zł)" storage="c:\projekty\mstestproject\bin\debug\netcoreapp3.1\mstestproject.dll" id="320577dc-c2dc-47ff-b29a-c70b1f58ac68">
      <TestCategory>
        <TestCategoryItem TestCategory="Category1000" />
      </TestCategory>
      <Execution id="7b518c73-b92a-4fb7-9259-07508dc73d38" />
      <TestMethod codeBase="C:\Projekty\MSTestProject\bin\Debug\netcoreapp3.1\MSTestProject.dll" adapterTypeName="executor://mstestadapter/v2" className="TwojeWesele.Services.Helpers.Tests.CurrencyHelperTests" name="FormatToStringTest1000" />
    </UnitTest>
    <UnitTest name="FormatToStringTest1000 (6958.393354767186,6958.39 zł)" storage="c:\projekty\mstestproject\bin\debug\netcoreapp3.1\mstestproject.dll" id="eac6aff8-521e-423d-9a70-dbd00d6ab462">
      <TestCategory>
        <TestCategoryItem TestCategory="Category1000" />
      </TestCategory>
      <Execution id="d979f2ff-439a-4bac-a07f-d046bcda6062" />
      <TestMethod codeBase="C:\Projekty\MSTestProject\bin\Debug\netcoreapp3.1\MSTestProject.dll" adapterTypeName="executor://mstestadapter/v2" className="TwojeWesele.Services.Helpers.Tests.CurrencyHelperTests" name="FormatToStringTest1000" />
    </UnitTest>
    <UnitTest name="FormatToStringTest1000 (5978.1197194131655,5978.12 zł)" storage="c:\projekty\mstestproject\bin\debug\netcoreapp3.1\mstestproject.dll" id="f4133250-f927-44f4-a7e8-0bd61fb97eb0">
      <TestCategory>
        <TestCategoryItem TestCategory="Category1000" />
      </TestCategory>
      <Execution id="e7e73893-da14-4238-a395-6c3f5b0cb14e" />
      <TestMethod codeBase="C:\Projekty\MSTestProject\bin\Debug\netcoreapp3.1\MSTestProject.dll" adapterTypeName="executor://mstestadapter/v2" className="TwojeWesele.Services.Helpers.Tests.CurrencyHelperTests" name="FormatToStringTest1000" />
    </UnitTest>
    <UnitTest name="FormatToStringTest1000 (33245.44763357819,33245.45 zł)" storage="c:\projekty\mstestproject\bin\debug\netcoreapp3.1\mstestproject.dll" id="25da7010-7dc1-415a-b1e6-ef64067e43d7">
      <TestCategory>
        <TestCategoryItem TestCategory="Category1000" />
      </TestCategory>
      <Execution id="e48b950c-699e-49ea-bf9f-ca864460aa95" />
      <TestMethod codeBase="C:\Projekty\MSTestProject\bin\Debug\netcoreapp3.1\MSTestProject.dll" adapterTypeName="executor://mstestadapter/v2" className="TwojeWesele.Services.Helpers.Tests.CurrencyHelperTests" name="FormatToStringTest1000" />
    </UnitTest>
    <UnitTest name="FormatToStringTest1000 (70771.4436677524,70771.44 zł)" storage="c:\projekty\mstestproject\bin\debug\netcoreapp3.1\mstestproject.dll" id="3d245912-ca23-4b30-9780-06f228571e6e">
      <TestCategory>
        <TestCategoryItem TestCategory="Category1000" />
      </TestCategory>
      <Execution id="38e6a37b-305b-4a7b-a13c-29bcde5652b9" />
      <TestMethod codeBase="C:\Projekty\MSTestProject\bin\Debug\netcoreapp3.1\MSTestProject.dll" adapterTypeName="executor://mstestadapter/v2" className="TwojeWesele.Services.Helpers.Tests.CurrencyHelperTests" name="FormatToStringTest1000" />
    </UnitTest>
    <UnitTest name="FormatToStringTest1000 (24528.124092612474,24528.12 zł)" storage="c:\projekty\mstestproject\bin\debug\netcoreapp3.1\mstestproject.dll" id="f41fd7f5-f555-40c9-a9f0-e4a863a182dd">
      <TestCategory>
        <TestCategoryItem TestCategory="Category1000" />
      </TestCategory>
      <Execution id="651c5f65-b33d-400e-9a8d-0a67b6c8f51a" />
      <TestMethod codeBase="C:\Projekty\MSTestProject\bin\Debug\netcoreapp3.1\MSTestProject.dll" adapterTypeName="executor://mstestadapter/v2" className="TwojeWesele.Services.Helpers.Tests.CurrencyHelperTests" name="FormatToStringTest1000" />
    </UnitTest>
    <UnitTest name="FormatToStringTest1000 (37114.901517336206,37114.90 zł)" storage="c:\projekty\mstestproject\bin\debug\netcoreapp3.1\mstestproject.dll" id="71135d2d-21de-4809-a9e5-1fcb7191c785">
      <TestCategory>
        <TestCategoryItem TestCategory="Category1000" />
      </TestCategory>
      <Execution id="2466f498-b020-4910-91df-d84b08d0a2f7" />
      <TestMethod codeBase="C:\Projekty\MSTestProject\bin\Debug\netcoreapp3.1\MSTestProject.dll" adapterTypeName="executor://mstestadapter/v2" className="TwojeWesele.Services.Helpers.Tests.CurrencyHelperTests" name="FormatToStringTest1000" />
    </UnitTest>
    <UnitTest name="FormatToStringTest1000 (22678.643495744862,22678.64 zł)" storage="c:\projekty\mstestproject\bin\debug\netcoreapp3.1\mstestproject.dll" id="695f7616-0e7d-496d-a26e-a925ba17d216">
      <TestCategory>
        <TestCategoryItem TestCategory="Category1000" />
      </TestCategory>
      <Execution id="0363b149-db91-4323-b6e4-d4624d081276" />
      <TestMethod codeBase="C:\Projekty\MSTestProject\bin\Debug\netcoreapp3.1\MSTestProject.dll" adapterTypeName="executor://mstestadapter/v2" className="TwojeWesele.Services.Helpers.Tests.CurrencyHelperTests" name="FormatToStringTest1000" />
    </UnitTest>
    <UnitTest name="FormatToStringTest1000 (25720.27551496321,25720.28 zł)" storage="c:\projekty\mstestproject\bin\debug\netcoreapp3.1\mstestproject.dll" id="822caac9-c0f7-4622-8663-e243d2d99fda">
      <TestCategory>
        <TestCategoryItem TestCategory="Category1000" />
      </TestCategory>
      <Execution id="a7f4390d-dd2c-4e6d-861f-fd6a55ad456e" />
      <TestMethod codeBase="C:\Projekty\MSTestProject\bin\Debug\netcoreapp3.1\MSTestProject.dll" adapterTypeName="executor://mstestadapter/v2" className="TwojeWesele.Services.Helpers.Tests.CurrencyHelperTests" name="FormatToStringTest1000" />
    </UnitTest>
    <UnitTest name="FormatToStringTest1000 (45035.160883881224,45035.16 zł)" storage="c:\projekty\mstestproject\bin\debug\netcoreapp3.1\mstestproject.dll" id="63d0bafe-f51a-46a9-8965-3995c1522def">
      <TestCategory>
        <TestCategoryItem TestCategory="Category1000" />
      </TestCategory>
      <Execution id="716a52aa-691b-426b-b72b-de28578bbf44" />
      <TestMethod codeBase="C:\Projekty\MSTestProject\bin\Debug\netcoreapp3.1\MSTestProject.dll" adapterTypeName="executor://mstestadapter/v2" className="TwojeWesele.Services.Helpers.Tests.CurrencyHelperTests" name="FormatToStringTest1000" />
    </UnitTest>
    <UnitTest name="FormatToStringTest1000 (9750.134289915735,9750.13 zł)" storage="c:\projekty\mstestproject\bin\debug\netcoreapp3.1\mstestproject.dll" id="45dfd50e-a654-406f-8a7c-98d2f01331cf">
      <TestCategory>
        <TestCategoryItem TestCategory="Category1000" />
      </TestCategory>
      <Execution id="4afe9825-fd70-4d87-a11d-c158d81e17c8" />
      <TestMethod codeBase="C:\Projekty\MSTestProject\bin\Debug\netcoreapp3.1\MSTestProject.dll" adapterTypeName="executor://mstestadapter/v2" className="TwojeWesele.Services.Helpers.Tests.CurrencyHelperTests" name="FormatToStringTest1000" />
    </UnitTest>
    <UnitTest name="FormatToStringTest1000 (46590.9609819562,46590.96 zł)" storage="c:\projekty\mstestproject\bin\debug\netcoreapp3.1\mstestproject.dll" id="c7f14364-afbc-476a-be3e-41e10237a88f">
      <TestCategory>
        <TestCategoryItem TestCategory="Category1000" />
      </TestCategory>
      <Execution id="f3bf1435-e067-4f7a-ab3a-9d0181c796bc" />
      <TestMethod codeBase="C:\Projekty\MSTestProject\bin\Debug\netcoreapp3.1\MSTestProject.dll" adapterTypeName="executor://mstestadapter/v2" className="TwojeWesele.Services.Helpers.Tests.CurrencyHelperTests" name="FormatToStringTest1000" />
    </UnitTest>
    <UnitTest name="FormatToStringTest1000 (3846.644792262765,3846.64 zł)" storage="c:\projekty\mstestproject\bin\debug\netcoreapp3.1\mstestproject.dll" id="120a1f1f-4ff8-4712-941b-373108d26a84">
      <TestCategory>
        <TestCategoryItem TestCategory="Category1000" />
      </TestCategory>
      <Execution id="6e7a04ed-ce28-4bcd-bbb5-deafca93e255" />
      <TestMethod codeBase="C:\Projekty\MSTestProject\bin\Debug\netcoreapp3.1\MSTestProject.dll" adapterTypeName="executor://mstestadapter/v2" className="TwojeWesele.Services.Helpers.Tests.CurrencyHelperTests" name="FormatToStringTest1000" />
    </UnitTest>
    <UnitTest name="FormatToStringTest1000 (15591.4117417221,15591.41 zł)" storage="c:\projekty\mstestproject\bin\debug\netcoreapp3.1\mstestproject.dll" id="65aa2799-011e-41fe-a361-d9f3b4a7e52e">
      <TestCategory>
        <TestCategoryItem TestCategory="Category1000" />
      </TestCategory>
      <Execution id="c9f4f543-d7b6-4e01-8e82-6ab26ff2c7a1" />
      <TestMethod codeBase="C:\Projekty\MSTestProject\bin\Debug\netcoreapp3.1\MSTestProject.dll" adapterTypeName="executor://mstestadapter/v2" className="TwojeWesele.Services.Helpers.Tests.CurrencyHelperTests" name="FormatToStringTest1000" />
    </UnitTest>
    <UnitTest name="FormatToStringTest1000 (13455.521105358153,13455.52 zł)" storage="c:\projekty\mstestproject\bin\debug\netcoreapp3.1\mstestproject.dll" id="92dda752-e9d0-4a68-a5d8-67ea5cd0ee6f">
      <TestCategory>
        <TestCategoryItem TestCategory="Category1000" />
      </TestCategory>
      <Execution id="18a0c8c0-6828-4811-a1a8-c539d8d0563d" />
      <TestMethod codeBase="C:\Projekty\MSTestProject\bin\Debug\netcoreapp3.1\MSTestProject.dll" adapterTypeName="executor://mstestadapter/v2" className="TwojeWesele.Services.Helpers.Tests.CurrencyHelperTests" name="FormatToStringTest1000" />
    </UnitTest>
    <UnitTest name="FormatToStringTest1000 (1687.6029180025694,1687.60 zł)" storage="c:\projekty\mstestproject\bin\debug\netcoreapp3.1\mstestproject.dll" id="ad5555db-55ad-43b4-935a-5dc7bb96a1db">
      <TestCategory>
        <TestCategoryItem TestCategory="Category1000" />
      </TestCategory>
      <Execution id="c22cea60-4be2-4677-bb84-7e1816b31efc" />
      <TestMethod codeBase="C:\Projekty\MSTestProject\bin\Debug\netcoreapp3.1\MSTestProject.dll" adapterTypeName="executor://mstestadapter/v2" className="TwojeWesele.Services.Helpers.Tests.CurrencyHelperTests" name="FormatToStringTest1000" />
    </UnitTest>
    <UnitTest name="FormatToStringTest1000 (18794.859523484418,18794.86 zł)" storage="c:\projekty\mstestproject\bin\debug\netcoreapp3.1\mstestproject.dll" id="04766c6d-64f1-46f7-8ed7-a36a6c469b7f">
      <TestCategory>
        <TestCategoryItem TestCategory="Category1000" />
      </TestCategory>
      <Execution id="6cfcff7e-948e-40f0-bf5b-25d15f780a50" />
      <TestMethod codeBase="C:\Projekty\MSTestProject\bin\Debug\netcoreapp3.1\MSTestProject.dll" adapterTypeName="executor://mstestadapter/v2" className="TwojeWesele.Services.Helpers.Tests.CurrencyHelperTests" name="FormatToStringTest1000" />
    </UnitTest>
    <UnitTest name="FormatToStringTest1000 (20752.33758466334,20752.34 zł)" storage="c:\projekty\mstestproject\bin\debug\netcoreapp3.1\mstestproject.dll" id="8d997b42-2c3f-43a1-8f14-b6fce83f6b07">
      <TestCategory>
        <TestCategoryItem TestCategory="Category1000" />
      </TestCategory>
      <Execution id="0e7f6718-2c90-4eeb-b2a7-a5918555f86d" />
      <TestMethod codeBase="C:\Projekty\MSTestProject\bin\Debug\netcoreapp3.1\MSTestProject.dll" adapterTypeName="executor://mstestadapter/v2" className="TwojeWesele.Services.Helpers.Tests.CurrencyHelperTests" name="FormatToStringTest1000" />
    </UnitTest>
    <UnitTest name="FormatToStringTest1000 (31347.468987404587,31347.47 zł)" storage="c:\projekty\mstestproject\bin\debug\netcoreapp3.1\mstestproject.dll" id="b3c59766-3200-4fa2-8342-f2016144204e">
      <TestCategory>
        <TestCategoryItem TestCategory="Category1000" />
      </TestCategory>
      <Execution id="8c64c24b-0bbc-46dc-b959-45d4e9394c64" />
      <TestMethod codeBase="C:\Projekty\MSTestProject\bin\Debug\netcoreapp3.1\MSTestProject.dll" adapterTypeName="executor://mstestadapter/v2" className="TwojeWesele.Services.Helpers.Tests.CurrencyHelperTests" name="FormatToStringTest1000" />
    </UnitTest>
    <UnitTest name="FormatToStringTest1000 (56378.261944644735,56378.26 zł)" storage="c:\projekty\mstestproject\bin\debug\netcoreapp3.1\mstestproject.dll" id="242d0355-f71b-440a-a21f-0a1bf0af2e75">
      <TestCategory>
        <TestCategoryItem TestCategory="Category1000" />
      </TestCategory>
      <Execution id="f869e5db-81be-45a6-8e2f-7546a7c70851" />
      <TestMethod codeBase="C:\Projekty\MSTestProject\bin\Debug\netcoreapp3.1\MSTestProject.dll" adapterTypeName="executor://mstestadapter/v2" className="TwojeWesele.Services.Helpers.Tests.CurrencyHelperTests" name="FormatToStringTest1000" />
    </UnitTest>
    <UnitTest name="FormatToStringTest1000 (1514.6266382441981,1514.63 zł)" storage="c:\projekty\mstestproject\bin\debug\netcoreapp3.1\mstestproject.dll" id="7d02cb46-bd03-4f4f-9127-dc0b61261191">
      <TestCategory>
        <TestCategoryItem TestCategory="Category1000" />
      </TestCategory>
      <Execution id="68f52f02-9b48-49e8-9211-ff400f08cbd3" />
      <TestMethod codeBase="C:\Projekty\MSTestProject\bin\Debug\netcoreapp3.1\MSTestProject.dll" adapterTypeName="executor://mstestadapter/v2" className="TwojeWesele.Services.Helpers.Tests.CurrencyHelperTests" name="FormatToStringTest1000" />
    </UnitTest>
    <UnitTest name="FormatToStringTest1000 (34096.337879508894,34096.34 zł)" storage="c:\projekty\mstestproject\bin\debug\netcoreapp3.1\mstestproject.dll" id="8cb86609-326c-4c93-b603-eb987b4537b4">
      <TestCategory>
        <TestCategoryItem TestCategory="Category1000" />
      </TestCategory>
      <Execution id="41108a62-c587-49d5-a531-d93679a9daac" />
      <TestMethod codeBase="C:\Projekty\MSTestProject\bin\Debug\netcoreapp3.1\MSTestProject.dll" adapterTypeName="executor://mstestadapter/v2" className="TwojeWesele.Services.Helpers.Tests.CurrencyHelperTests" name="FormatToStringTest1000" />
    </UnitTest>
    <UnitTest name="FormatToStringTest1000 (12429.698213906819,12429.70 zł)" storage="c:\projekty\mstestproject\bin\debug\netcoreapp3.1\mstestproject.dll" id="8ea00849-8a52-40bc-8aac-d990c101ce0b">
      <TestCategory>
        <TestCategoryItem TestCategory="Category1000" />
      </TestCategory>
      <Execution id="92fe358c-b686-4510-8b09-59bc79857e6e" />
      <TestMethod codeBase="C:\Projekty\MSTestProject\bin\Debug\netcoreapp3.1\MSTestProject.dll" adapterTypeName="executor://mstestadapter/v2" className="TwojeWesele.Services.Helpers.Tests.CurrencyHelperTests" name="FormatToStringTest1000" />
    </UnitTest>
    <UnitTest name="FormatToStringTest1000 (44361.82678515177,44361.83 zł)" storage="c:\projekty\mstestproject\bin\debug\netcoreapp3.1\mstestproject.dll" id="cfa5b7f8-6dd3-4a8b-8f1b-3ef88e785c1a">
      <TestCategory>
        <TestCategoryItem TestCategory="Category1000" />
      </TestCategory>
      <Execution id="9f336a06-289b-48b6-b16a-52a94ab1ac24" />
      <TestMethod codeBase="C:\Projekty\MSTestProject\bin\Debug\netcoreapp3.1\MSTestProject.dll" adapterTypeName="executor://mstestadapter/v2" className="TwojeWesele.Services.Helpers.Tests.CurrencyHelperTests" name="FormatToStringTest1000" />
    </UnitTest>
    <UnitTest name="FormatToStringTest1000 (22197.731451777618,22197.73 zł)" storage="c:\projekty\mstestproject\bin\debug\netcoreapp3.1\mstestproject.dll" id="4a3698bc-c0a6-4cfa-a188-eda27b36df86">
      <TestCategory>
        <TestCategoryItem TestCategory="Category1000" />
      </TestCategory>
      <Execution id="1d9c38b5-eab2-4782-a916-718fb90279a2" />
      <TestMethod codeBase="C:\Projekty\MSTestProject\bin\Debug\netcoreapp3.1\MSTestProject.dll" adapterTypeName="executor://mstestadapter/v2" className="TwojeWesele.Services.Helpers.Tests.CurrencyHelperTests" name="FormatToStringTest1000" />
    </UnitTest>
    <UnitTest name="FormatToStringTest1000 (12221.10494323592,12221.10 zł)" storage="c:\projekty\mstestproject\bin\debug\netcoreapp3.1\mstestproject.dll" id="a784a627-0608-4cfe-aa52-c98505682137">
      <TestCategory>
        <TestCategoryItem TestCategory="Category1000" />
      </TestCategory>
      <Execution id="271ee071-d771-4524-b07a-80e1ce3ef45b" />
      <TestMethod codeBase="C:\Projekty\MSTestProject\bin\Debug\netcoreapp3.1\MSTestProject.dll" adapterTypeName="executor://mstestadapter/v2" className="TwojeWesele.Services.Helpers.Tests.CurrencyHelperTests" name="FormatToStringTest1000" />
    </UnitTest>
    <UnitTest name="FormatToStringTest1000 (10324.538670147089,10324.54 zł)" storage="c:\projekty\mstestproject\bin\debug\netcoreapp3.1\mstestproject.dll" id="eecaca17-6323-46f8-a7ab-3cc48c07871a">
      <TestCategory>
        <TestCategoryItem TestCategory="Category1000" />
      </TestCategory>
      <Execution id="1b355190-06c5-4af6-95f5-8b0b2a022be1" />
      <TestMethod codeBase="C:\Projekty\MSTestProject\bin\Debug\netcoreapp3.1\MSTestProject.dll" adapterTypeName="executor://mstestadapter/v2" className="TwojeWesele.Services.Helpers.Tests.CurrencyHelperTests" name="FormatToStringTest1000" />
    </UnitTest>
    <UnitTest name="FormatToStringTest1000 (66764.31690498316,66764.32 zł)" storage="c:\projekty\mstestproject\bin\debug\netcoreapp3.1\mstestproject.dll" id="151dcbcc-6158-406f-9473-7ac4ec22c76c">
      <TestCategory>
        <TestCategoryItem TestCategory="Category1000" />
      </TestCategory>
      <Execution id="45c57d38-559f-4fc6-ad4e-789fd37e5292" />
      <TestMethod codeBase="C:\Projekty\MSTestProject\bin\Debug\netcoreapp3.1\MSTestProject.dll" adapterTypeName="executor://mstestadapter/v2" className="TwojeWesele.Services.Helpers.Tests.CurrencyHelperTests" name="FormatToStringTest1000" />
    </UnitTest>
    <UnitTest name="FormatToStringTest1000 (45299.778512198376,45299.78 zł)" storage="c:\projekty\mstestproject\bin\debug\netcoreapp3.1\mstestproject.dll" id="f40d5a58-eeee-4e3f-b136-6b1450e406f1">
      <TestCategory>
        <TestCategoryItem TestCategory="Category1000" />
      </TestCategory>
      <Execution id="d2dcd55c-ccec-4a53-b34f-824ca07546ae" />
      <TestMethod codeBase="C:\Projekty\MSTestProject\bin\Debug\netcoreapp3.1\MSTestProject.dll" adapterTypeName="executor://mstestadapter/v2" className="TwojeWesele.Services.Helpers.Tests.CurrencyHelperTests" name="FormatToStringTest1000" />
    </UnitTest>
    <UnitTest name="FormatToStringTest1000 (4592.278577496428,4592.28 zł)" storage="c:\projekty\mstestproject\bin\debug\netcoreapp3.1\mstestproject.dll" id="8b39524b-6530-400a-997c-ebc5b8bc3381">
      <TestCategory>
        <TestCategoryItem TestCategory="Category1000" />
      </TestCategory>
      <Execution id="b10f79ab-1923-48b4-a196-e88f1ed0ae1c" />
      <TestMethod codeBase="C:\Projekty\MSTestProject\bin\Debug\netcoreapp3.1\MSTestProject.dll" adapterTypeName="executor://mstestadapter/v2" className="TwojeWesele.Services.Helpers.Tests.CurrencyHelperTests" name="FormatToStringTest1000" />
    </UnitTest>
    <UnitTest name="FormatToStringTest1000 (1073.195098933389,1073.20 zł)" storage="c:\projekty\mstestproject\bin\debug\netcoreapp3.1\mstestproject.dll" id="1907c45e-8ac7-4c2d-bf3d-d71c877d5e84">
      <TestCategory>
        <TestCategoryItem TestCategory="Category1000" />
      </TestCategory>
      <Execution id="111e389c-9f55-4408-98f1-91effd97665b" />
      <TestMethod codeBase="C:\Projekty\MSTestProject\bin\Debug\netcoreapp3.1\MSTestProject.dll" adapterTypeName="executor://mstestadapter/v2" className="TwojeWesele.Services.Helpers.Tests.CurrencyHelperTests" name="FormatToStringTest1000" />
    </UnitTest>
    <UnitTest name="FormatToStringTest1000 (26215.613055301183,26215.61 zł)" storage="c:\projekty\mstestproject\bin\debug\netcoreapp3.1\mstestproject.dll" id="5a324ca2-a3e8-4728-b16e-0ce7f548ea0e">
      <TestCategory>
        <TestCategoryItem TestCategory="Category1000" />
      </TestCategory>
      <Execution id="609466d3-16f7-459a-939c-ddaa3191e84c" />
      <TestMethod codeBase="C:\Projekty\MSTestProject\bin\Debug\netcoreapp3.1\MSTestProject.dll" adapterTypeName="executor://mstestadapter/v2" className="TwojeWesele.Services.Helpers.Tests.CurrencyHelperTests" name="FormatToStringTest1000" />
    </UnitTest>
    <UnitTest name="FormatToStringTest1000 (5961.755129208674,5961.76 zł)" storage="c:\projekty\mstestproject\bin\debug\netcoreapp3.1\mstestproject.dll" id="806aefc0-61ad-4c07-ac8b-b411441786ce">
      <TestCategory>
        <TestCategoryItem TestCategory="Category1000" />
      </TestCategory>
      <Execution id="47484538-e548-4125-87e2-81d01c7370a2" />
      <TestMethod codeBase="C:\Projekty\MSTestProject\bin\Debug\netcoreapp3.1\MSTestProject.dll" adapterTypeName="executor://mstestadapter/v2" className="TwojeWesele.Services.Helpers.Tests.CurrencyHelperTests" name="FormatToStringTest1000" />
    </UnitTest>
    <UnitTest name="FormatToStringTest1000 (2390.7596313784643,2390.76 zł)" storage="c:\projekty\mstestproject\bin\debug\netcoreapp3.1\mstestproject.dll" id="3c5b4691-5b5c-47d3-9c3c-41a6a6f2b1b2">
      <TestCategory>
        <TestCategoryItem TestCategory="Category1000" />
      </TestCategory>
      <Execution id="f0146679-21b9-46de-9931-dcf665b53ae4" />
      <TestMethod codeBase="C:\Projekty\MSTestProject\bin\Debug\netcoreapp3.1\MSTestProject.dll" adapterTypeName="executor://mstestadapter/v2" className="TwojeWesele.Services.Helpers.Tests.CurrencyHelperTests" name="FormatToStringTest1000" />
    </UnitTest>
    <UnitTest name="FormatToStringTest1000 (13503.943645929892,13503.94 zł)" storage="c:\projekty\mstestproject\bin\debug\netcoreapp3.1\mstestproject.dll" id="639aa9de-ee5d-4bdc-9b3a-06e9ea72a809">
      <TestCategory>
        <TestCategoryItem TestCategory="Category1000" />
      </TestCategory>
      <Execution id="94c89583-2e2c-4999-b867-c91c59e7409e" />
      <TestMethod codeBase="C:\Projekty\MSTestProject\bin\Debug\netcoreapp3.1\MSTestProject.dll" adapterTypeName="executor://mstestadapter/v2" className="TwojeWesele.Services.Helpers.Tests.CurrencyHelperTests" name="FormatToStringTest1000" />
    </UnitTest>
    <UnitTest name="FormatToStringTest1000 (34242.181005260056,34242.18 zł)" storage="c:\projekty\mstestproject\bin\debug\netcoreapp3.1\mstestproject.dll" id="b0b4334d-1da2-422d-b7c8-b25eff6a25e7">
      <TestCategory>
        <TestCategoryItem TestCategory="Category1000" />
      </TestCategory>
      <Execution id="19a4e3d6-72ca-4a0b-ba5f-343f003e9ead" />
      <TestMethod codeBase="C:\Projekty\MSTestProject\bin\Debug\netcoreapp3.1\MSTestProject.dll" adapterTypeName="executor://mstestadapter/v2" className="TwojeWesele.Services.Helpers.Tests.CurrencyHelperTests" name="FormatToStringTest1000" />
    </UnitTest>
    <UnitTest name="FormatToStringTest1000 (63291.50274994015,63291.50 zł)" storage="c:\projekty\mstestproject\bin\debug\netcoreapp3.1\mstestproject.dll" id="e9e92649-af8c-423d-8365-e1bd4b33cc9f">
      <TestCategory>
        <TestCategoryItem TestCategory="Category1000" />
      </TestCategory>
      <Execution id="7cc70f70-2c25-4acd-b816-c44bfa787612" />
      <TestMethod codeBase="C:\Projekty\MSTestProject\bin\Debug\netcoreapp3.1\MSTestProject.dll" adapterTypeName="executor://mstestadapter/v2" className="TwojeWesele.Services.Helpers.Tests.CurrencyHelperTests" name="FormatToStringTest1000" />
    </UnitTest>
    <UnitTest name="FormatToStringTest1000 (24570.65594858893,24570.66 zł)" storage="c:\projekty\mstestproject\bin\debug\netcoreapp3.1\mstestproject.dll" id="ec7fea72-7a43-430d-ba7f-f8109056e730">
      <TestCategory>
        <TestCategoryItem TestCategory="Category1000" />
      </TestCategory>
      <Execution id="bc2868a0-ffe3-4e45-9029-c989d452cdaa" />
      <TestMethod codeBase="C:\Projekty\MSTestProject\bin\Debug\netcoreapp3.1\MSTestProject.dll" adapterTypeName="executor://mstestadapter/v2" className="TwojeWesele.Services.Helpers.Tests.CurrencyHelperTests" name="FormatToStringTest1000" />
    </UnitTest>
    <UnitTest name="FormatToStringTest1000 (57237.252356975456,57237.25 zł)" storage="c:\projekty\mstestproject\bin\debug\netcoreapp3.1\mstestproject.dll" id="c08cd355-6dea-4581-b39b-787423d27532">
      <TestCategory>
        <TestCategoryItem TestCategory="Category1000" />
      </TestCategory>
      <Execution id="05eecd0c-4b90-4e99-a40b-dfb857e52a65" />
      <TestMethod codeBase="C:\Projekty\MSTestProject\bin\Debug\netcoreapp3.1\MSTestProject.dll" adapterTypeName="executor://mstestadapter/v2" className="TwojeWesele.Services.Helpers.Tests.CurrencyHelperTests" name="FormatToStringTest1000" />
    </UnitTest>
    <UnitTest name="FormatToStringTest1000 (51503.82905738234,51503.83 zł)" storage="c:\projekty\mstestproject\bin\debug\netcoreapp3.1\mstestproject.dll" id="5a23cae3-a709-49ba-9cd5-22a4b7e5c317">
      <TestCategory>
        <TestCategoryItem TestCategory="Category1000" />
      </TestCategory>
      <Execution id="1b720b34-8c8c-4d0a-aed4-e7099796eb24" />
      <TestMethod codeBase="C:\Projekty\MSTestProject\bin\Debug\netcoreapp3.1\MSTestProject.dll" adapterTypeName="executor://mstestadapter/v2" className="TwojeWesele.Services.Helpers.Tests.CurrencyHelperTests" name="FormatToStringTest1000" />
    </UnitTest>
    <UnitTest name="FormatToStringTest1000 (16402.16316587206,16402.16 zł)" storage="c:\projekty\mstestproject\bin\debug\netcoreapp3.1\mstestproject.dll" id="6a493e03-0c3b-4d6e-98b9-3f3108437381">
      <TestCategory>
        <TestCategoryItem TestCategory="Category1000" />
      </TestCategory>
      <Execution id="68e1ca52-668c-4916-b5be-4e323c4c49a0" />
      <TestMethod codeBase="C:\Projekty\MSTestProject\bin\Debug\netcoreapp3.1\MSTestProject.dll" adapterTypeName="executor://mstestadapter/v2" className="TwojeWesele.Services.Helpers.Tests.CurrencyHelperTests" name="FormatToStringTest1000" />
    </UnitTest>
    <UnitTest name="FormatToStringTest1000 (1860.3356292016504,1860.34 zł)" storage="c:\projekty\mstestproject\bin\debug\netcoreapp3.1\mstestproject.dll" id="2936d318-0320-4614-a1f5-a94ea2772034">
      <TestCategory>
        <TestCategoryItem TestCategory="Category1000" />
      </TestCategory>
      <Execution id="7e14f9fb-e154-43c3-9a2d-1f5482081577" />
      <TestMethod codeBase="C:\Projekty\MSTestProject\bin\Debug\netcoreapp3.1\MSTestProject.dll" adapterTypeName="executor://mstestadapter/v2" className="TwojeWesele.Services.Helpers.Tests.CurrencyHelperTests" name="FormatToStringTest1000" />
    </UnitTest>
    <UnitTest name="FormatToStringTest1000 (7396.940188290057,7396.94 zł)" storage="c:\projekty\mstestproject\bin\debug\netcoreapp3.1\mstestproject.dll" id="3b0f6d54-caef-41fb-8db5-d2ed59e9e8e6">
      <TestCategory>
        <TestCategoryItem TestCategory="Category1000" />
      </TestCategory>
      <Execution id="cc966b4f-4eef-4e3d-b087-7fb5d87df7bd" />
      <TestMethod codeBase="C:\Projekty\MSTestProject\bin\Debug\netcoreapp3.1\MSTestProject.dll" adapterTypeName="executor://mstestadapter/v2" className="TwojeWesele.Services.Helpers.Tests.CurrencyHelperTests" name="FormatToStringTest1000" />
    </UnitTest>
    <UnitTest name="FormatToStringTest1000 (60017.857676936714,60017.86 zł)" storage="c:\projekty\mstestproject\bin\debug\netcoreapp3.1\mstestproject.dll" id="f0b28fc2-dc13-480f-8c62-a029c8a2bb6a">
      <TestCategory>
        <TestCategoryItem TestCategory="Category1000" />
      </TestCategory>
      <Execution id="dad4ffba-2d99-4037-9d71-5acac05ffa98" />
      <TestMethod codeBase="C:\Projekty\MSTestProject\bin\Debug\netcoreapp3.1\MSTestProject.dll" adapterTypeName="executor://mstestadapter/v2" className="TwojeWesele.Services.Helpers.Tests.CurrencyHelperTests" name="FormatToStringTest1000" />
    </UnitTest>
    <UnitTest name="FormatToStringTest1000 (14237.13226245955,14237.13 zł)" storage="c:\projekty\mstestproject\bin\debug\netcoreapp3.1\mstestproject.dll" id="cb48db28-67e5-44a7-812c-69ffd00812a1">
      <TestCategory>
        <TestCategoryItem TestCategory="Category1000" />
      </TestCategory>
      <Execution id="f26636e7-9ce6-4fcd-af52-ed21b2c50831" />
      <TestMethod codeBase="C:\Projekty\MSTestProject\bin\Debug\netcoreapp3.1\MSTestProject.dll" adapterTypeName="executor://mstestadapter/v2" className="TwojeWesele.Services.Helpers.Tests.CurrencyHelperTests" name="FormatToStringTest1000" />
    </UnitTest>
    <UnitTest name="FormatToStringTest1000 (2435.1995505835857,2435.20 zł)" storage="c:\projekty\mstestproject\bin\debug\netcoreapp3.1\mstestproject.dll" id="1e2868bc-5388-4e0a-ae9f-dcd5a807e2de">
      <TestCategory>
        <TestCategoryItem TestCategory="Category1000" />
      </TestCategory>
      <Execution id="98a13fd8-3b59-4b19-98ef-a82455e9f501" />
      <TestMethod codeBase="C:\Projekty\MSTestProject\bin\Debug\netcoreapp3.1\MSTestProject.dll" adapterTypeName="executor://mstestadapter/v2" className="TwojeWesele.Services.Helpers.Tests.CurrencyHelperTests" name="FormatToStringTest1000" />
    </UnitTest>
    <UnitTest name="FormatToStringTest1000 (24646.322657574587,24646.32 zł)" storage="c:\projekty\mstestproject\bin\debug\netcoreapp3.1\mstestproject.dll" id="e65e0449-2f0b-43b4-aebc-04b014234afc">
      <TestCategory>
        <TestCategoryItem TestCategory="Category1000" />
      </TestCategory>
      <Execution id="3c1974ff-ca1f-405d-8ec5-1508ed278b0a" />
      <TestMethod codeBase="C:\Projekty\MSTestProject\bin\Debug\netcoreapp3.1\MSTestProject.dll" adapterTypeName="executor://mstestadapter/v2" className="TwojeWesele.Services.Helpers.Tests.CurrencyHelperTests" name="FormatToStringTest1000" />
    </UnitTest>
    <UnitTest name="FormatToStringTest1000 (24251.68593564848,24251.69 zł)" storage="c:\projekty\mstestproject\bin\debug\netcoreapp3.1\mstestproject.dll" id="5a91b710-8934-4dd4-b044-2b91848af174">
      <TestCategory>
        <TestCategoryItem TestCategory="Category1000" />
      </TestCategory>
      <Execution id="fde126c3-6214-4448-8252-d38e681098cf" />
      <TestMethod codeBase="C:\Projekty\MSTestProject\bin\Debug\netcoreapp3.1\MSTestProject.dll" adapterTypeName="executor://mstestadapter/v2" className="TwojeWesele.Services.Helpers.Tests.CurrencyHelperTests" name="FormatToStringTest1000" />
    </UnitTest>
    <UnitTest name="FormatToStringTest1000 (5566.818038455592,5566.82 zł)" storage="c:\projekty\mstestproject\bin\debug\netcoreapp3.1\mstestproject.dll" id="70e6e8e1-f29b-474e-93c8-7e8b48747425">
      <TestCategory>
        <TestCategoryItem TestCategory="Category1000" />
      </TestCategory>
      <Execution id="39965bed-1e2b-44cd-b170-addaed12b0e8" />
      <TestMethod codeBase="C:\Projekty\MSTestProject\bin\Debug\netcoreapp3.1\MSTestProject.dll" adapterTypeName="executor://mstestadapter/v2" className="TwojeWesele.Services.Helpers.Tests.CurrencyHelperTests" name="FormatToStringTest1000" />
    </UnitTest>
    <UnitTest name="FormatToStringTest1000 (675.4589376107133,675.46 zł)" storage="c:\projekty\mstestproject\bin\debug\netcoreapp3.1\mstestproject.dll" id="d7180469-4e96-4bec-bede-cc9bed78d52f">
      <TestCategory>
        <TestCategoryItem TestCategory="Category1000" />
      </TestCategory>
      <Execution id="beb215f2-dd38-4eb7-bafe-7786766ebb02" />
      <TestMethod codeBase="C:\Projekty\MSTestProject\bin\Debug\netcoreapp3.1\MSTestProject.dll" adapterTypeName="executor://mstestadapter/v2" className="TwojeWesele.Services.Helpers.Tests.CurrencyHelperTests" name="FormatToStringTest1000" />
    </UnitTest>
    <UnitTest name="FormatToStringTest1000 (2039.440966411699,2039.44 zł)" storage="c:\projekty\mstestproject\bin\debug\netcoreapp3.1\mstestproject.dll" id="8581d574-d88a-4e2d-92d7-1a98db02da48">
      <TestCategory>
        <TestCategoryItem TestCategory="Category1000" />
      </TestCategory>
      <Execution id="a3d9ddcb-643c-4bf7-acdf-e15c5a8aafc8" />
      <TestMethod codeBase="C:\Projekty\MSTestProject\bin\Debug\netcoreapp3.1\MSTestProject.dll" adapterTypeName="executor://mstestadapter/v2" className="TwojeWesele.Services.Helpers.Tests.CurrencyHelperTests" name="FormatToStringTest1000" />
    </UnitTest>
    <UnitTest name="FormatToStringTest1000 (29539.32303995328,29539.32 zł)" storage="c:\projekty\mstestproject\bin\debug\netcoreapp3.1\mstestproject.dll" id="e30f5637-b46a-4733-9f46-651ef8daad90">
      <TestCategory>
        <TestCategoryItem TestCategory="Category1000" />
      </TestCategory>
      <Execution id="a6e132be-a1dd-44d2-b7ab-45859d94cd1b" />
      <TestMethod codeBase="C:\Projekty\MSTestProject\bin\Debug\netcoreapp3.1\MSTestProject.dll" adapterTypeName="executor://mstestadapter/v2" className="TwojeWesele.Services.Helpers.Tests.CurrencyHelperTests" name="FormatToStringTest1000" />
    </UnitTest>
    <UnitTest name="FormatToStringTest1000 (41972.39431566763,41972.39 zł)" storage="c:\projekty\mstestproject\bin\debug\netcoreapp3.1\mstestproject.dll" id="76285be5-7730-4620-98e2-8923bb9a1c2c">
      <TestCategory>
        <TestCategoryItem TestCategory="Category1000" />
      </TestCategory>
      <Execution id="943f6ba3-4339-4095-a510-87505fc02273" />
      <TestMethod codeBase="C:\Projekty\MSTestProject\bin\Debug\netcoreapp3.1\MSTestProject.dll" adapterTypeName="executor://mstestadapter/v2" className="TwojeWesele.Services.Helpers.Tests.CurrencyHelperTests" name="FormatToStringTest1000" />
    </UnitTest>
    <UnitTest name="FormatToStringTest1000 (23684.695462791573,23684.70 zł)" storage="c:\projekty\mstestproject\bin\debug\netcoreapp3.1\mstestproject.dll" id="0781eb67-8311-426d-81d0-efce12991ff6">
      <TestCategory>
        <TestCategoryItem TestCategory="Category1000" />
      </TestCategory>
      <Execution id="3ea90376-17f9-46e1-b299-8b75ba849188" />
      <TestMethod codeBase="C:\Projekty\MSTestProject\bin\Debug\netcoreapp3.1\MSTestProject.dll" adapterTypeName="executor://mstestadapter/v2" className="TwojeWesele.Services.Helpers.Tests.CurrencyHelperTests" name="FormatToStringTest1000" />
    </UnitTest>
    <UnitTest name="FormatToStringTest1000 (37866.43836050967,37866.44 zł)" storage="c:\projekty\mstestproject\bin\debug\netcoreapp3.1\mstestproject.dll" id="df50bd9f-794e-4176-91ae-799314bc7885">
      <TestCategory>
        <TestCategoryItem TestCategory="Category1000" />
      </TestCategory>
      <Execution id="20396c19-be18-4ffb-8066-a796a9e177b0" />
      <TestMethod codeBase="C:\Projekty\MSTestProject\bin\Debug\netcoreapp3.1\MSTestProject.dll" adapterTypeName="executor://mstestadapter/v2" className="TwojeWesele.Services.Helpers.Tests.CurrencyHelperTests" name="FormatToStringTest1000" />
    </UnitTest>
    <UnitTest name="FormatToStringTest1000 (28502.61128259758,28502.61 zł)" storage="c:\projekty\mstestproject\bin\debug\netcoreapp3.1\mstestproject.dll" id="9a4e1a94-1138-4844-828f-c738281a530d">
      <TestCategory>
        <TestCategoryItem TestCategory="Category1000" />
      </TestCategory>
      <Execution id="ada29abd-65ad-4140-8f2b-ae825f66392f" />
      <TestMethod codeBase="C:\Projekty\MSTestProject\bin\Debug\netcoreapp3.1\MSTestProject.dll" adapterTypeName="executor://mstestadapter/v2" className="TwojeWesele.Services.Helpers.Tests.CurrencyHelperTests" name="FormatToStringTest1000" />
    </UnitTest>
    <UnitTest name="FormatToStringTest1000 (6027.66019266828,6027.66 zł)" storage="c:\projekty\mstestproject\bin\debug\netcoreapp3.1\mstestproject.dll" id="b0fb47ca-92db-47db-89fa-b76b6f8b498e">
      <TestCategory>
        <TestCategoryItem TestCategory="Category1000" />
      </TestCategory>
      <Execution id="5219115c-a3c7-490a-a066-26b48151886a" />
      <TestMethod codeBase="C:\Projekty\MSTestProject\bin\Debug\netcoreapp3.1\MSTestProject.dll" adapterTypeName="executor://mstestadapter/v2" className="TwojeWesele.Services.Helpers.Tests.CurrencyHelperTests" name="FormatToStringTest1000" />
    </UnitTest>
    <UnitTest name="FormatToStringTest1000 (40913.016669489916,40913.02 zł)" storage="c:\projekty\mstestproject\bin\debug\netcoreapp3.1\mstestproject.dll" id="4bb81632-6288-4bb5-9b61-005c1b0a43db">
      <TestCategory>
        <TestCategoryItem TestCategory="Category1000" />
      </TestCategory>
      <Execution id="5ad24f01-33ac-4ffd-be23-41303b4bc52f" />
      <TestMethod codeBase="C:\Projekty\MSTestProject\bin\Debug\netcoreapp3.1\MSTestProject.dll" adapterTypeName="executor://mstestadapter/v2" className="TwojeWesele.Services.Helpers.Tests.CurrencyHelperTests" name="FormatToStringTest1000" />
    </UnitTest>
    <UnitTest name="FormatToStringTest1000 (16190.113943164757,16190.11 zł)" storage="c:\projekty\mstestproject\bin\debug\netcoreapp3.1\mstestproject.dll" id="004b1a12-87bf-4c86-a30f-718b97bd2c17">
      <TestCategory>
        <TestCategoryItem TestCategory="Category1000" />
      </TestCategory>
      <Execution id="70b42c48-a999-418d-801b-0fac0f51c25b" />
      <TestMethod codeBase="C:\Projekty\MSTestProject\bin\Debug\netcoreapp3.1\MSTestProject.dll" adapterTypeName="executor://mstestadapter/v2" className="TwojeWesele.Services.Helpers.Tests.CurrencyHelperTests" name="FormatToStringTest1000" />
    </UnitTest>
    <UnitTest name="FormatToStringTest1000 (20249.56614074277,20249.57 zł)" storage="c:\projekty\mstestproject\bin\debug\netcoreapp3.1\mstestproject.dll" id="5ae78d06-55ae-407a-b039-67acfa595423">
      <TestCategory>
        <TestCategoryItem TestCategory="Category1000" />
      </TestCategory>
      <Execution id="976f18e5-27d6-40c7-8cd8-8a1ed346d1e4" />
      <TestMethod codeBase="C:\Projekty\MSTestProject\bin\Debug\netcoreapp3.1\MSTestProject.dll" adapterTypeName="executor://mstestadapter/v2" className="TwojeWesele.Services.Helpers.Tests.CurrencyHelperTests" name="FormatToStringTest1000" />
    </UnitTest>
    <UnitTest name="FormatToStringTest1000 (24768.25771770359,24768.26 zł)" storage="c:\projekty\mstestproject\bin\debug\netcoreapp3.1\mstestproject.dll" id="d41ce57b-fed8-4c7f-a33e-6c2f31c7bdd1">
      <TestCategory>
        <TestCategoryItem TestCategory="Category1000" />
      </TestCategory>
      <Execution id="211fc6a4-75c7-41fc-97b9-29f0836751dc" />
      <TestMethod codeBase="C:\Projekty\MSTestProject\bin\Debug\netcoreapp3.1\MSTestProject.dll" adapterTypeName="executor://mstestadapter/v2" className="TwojeWesele.Services.Helpers.Tests.CurrencyHelperTests" name="FormatToStringTest1000" />
    </UnitTest>
    <UnitTest name="FormatToStringTest1000 (4652.407073443945,4652.41 zł)" storage="c:\projekty\mstestproject\bin\debug\netcoreapp3.1\mstestproject.dll" id="84cf739a-c9a5-4132-afc0-90312cb4dd5d">
      <TestCategory>
        <TestCategoryItem TestCategory="Category1000" />
      </TestCategory>
      <Execution id="41fd3ca9-10a3-4847-bc6e-3dfa42e3903b" />
      <TestMethod codeBase="C:\Projekty\MSTestProject\bin\Debug\netcoreapp3.1\MSTestProject.dll" adapterTypeName="executor://mstestadapter/v2" className="TwojeWesele.Services.Helpers.Tests.CurrencyHelperTests" name="FormatToStringTest1000" />
    </UnitTest>
    <UnitTest name="FormatToStringTest1000 (3092.9215945624383,3092.92 zł)" storage="c:\projekty\mstestproject\bin\debug\netcoreapp3.1\mstestproject.dll" id="0fe89b76-06d2-44bd-946e-44e2e939916c">
      <TestCategory>
        <TestCategoryItem TestCategory="Category1000" />
      </TestCategory>
      <Execution id="b7a4fa07-e007-486a-9c3e-75a9200765c2" />
      <TestMethod codeBase="C:\Projekty\MSTestProject\bin\Debug\netcoreapp3.1\MSTestProject.dll" adapterTypeName="executor://mstestadapter/v2" className="TwojeWesele.Services.Helpers.Tests.CurrencyHelperTests" name="FormatToStringTest1000" />
    </UnitTest>
    <UnitTest name="FormatToStringTest1000 (37826.846755123166,37826.85 zł)" storage="c:\projekty\mstestproject\bin\debug\netcoreapp3.1\mstestproject.dll" id="7b5d2d1d-5093-4ae5-b754-0517aabdd82f">
      <TestCategory>
        <TestCategoryItem TestCategory="Category1000" />
      </TestCategory>
      <Execution id="22d856f5-9644-424d-91d1-8577b24dea23" />
      <TestMethod codeBase="C:\Projekty\MSTestProject\bin\Debug\netcoreapp3.1\MSTestProject.dll" adapterTypeName="executor://mstestadapter/v2" className="TwojeWesele.Services.Helpers.Tests.CurrencyHelperTests" name="FormatToStringTest1000" />
    </UnitTest>
    <UnitTest name="FormatToStringTest1000 (22666.13578912995,22666.14 zł)" storage="c:\projekty\mstestproject\bin\debug\netcoreapp3.1\mstestproject.dll" id="be483e46-927c-4272-901b-ad31e8cfe2e6">
      <TestCategory>
        <TestCategoryItem TestCategory="Category1000" />
      </TestCategory>
      <Execution id="3fa98da6-bd6f-4099-b517-1211d5aaa2d6" />
      <TestMethod codeBase="C:\Projekty\MSTestProject\bin\Debug\netcoreapp3.1\MSTestProject.dll" adapterTypeName="executor://mstestadapter/v2" className="TwojeWesele.Services.Helpers.Tests.CurrencyHelperTests" name="FormatToStringTest1000" />
    </UnitTest>
    <UnitTest name="FormatToStringTest1000 (9765.54450809748,9765.54 zł)" storage="c:\projekty\mstestproject\bin\debug\netcoreapp3.1\mstestproject.dll" id="ff639261-a585-4326-9236-3bfbc4dad246">
      <TestCategory>
        <TestCategoryItem TestCategory="Category1000" />
      </TestCategory>
      <Execution id="e325c46a-f331-4455-9f81-d997c10f49a9" />
      <TestMethod codeBase="C:\Projekty\MSTestProject\bin\Debug\netcoreapp3.1\MSTestProject.dll" adapterTypeName="executor://mstestadapter/v2" className="TwojeWesele.Services.Helpers.Tests.CurrencyHelperTests" name="FormatToStringTest1000" />
    </UnitTest>
    <UnitTest name="FormatToStringTest1000 (964.9678631783313,964.97 zł)" storage="c:\projekty\mstestproject\bin\debug\netcoreapp3.1\mstestproject.dll" id="4bfbe338-705e-4e6a-b9ae-ded7c1ff567c">
      <TestCategory>
        <TestCategoryItem TestCategory="Category1000" />
      </TestCategory>
      <Execution id="a95b73fe-5ab1-4eee-9477-02960eed0402" />
      <TestMethod codeBase="C:\Projekty\MSTestProject\bin\Debug\netcoreapp3.1\MSTestProject.dll" adapterTypeName="executor://mstestadapter/v2" className="TwojeWesele.Services.Helpers.Tests.CurrencyHelperTests" name="FormatToStringTest1000" />
    </UnitTest>
    <UnitTest name="FormatToStringTest1000 (29508.077101491428,29508.08 zł)" storage="c:\projekty\mstestproject\bin\debug\netcoreapp3.1\mstestproject.dll" id="5ff89ce7-309a-4105-b8e7-2e6d3808c415">
      <TestCategory>
        <TestCategoryItem TestCategory="Category1000" />
      </TestCategory>
      <Execution id="3a67846a-4880-4a09-8f67-b0949aad5adf" />
      <TestMethod codeBase="C:\Projekty\MSTestProject\bin\Debug\netcoreapp3.1\MSTestProject.dll" adapterTypeName="executor://mstestadapter/v2" className="TwojeWesele.Services.Helpers.Tests.CurrencyHelperTests" name="FormatToStringTest1000" />
    </UnitTest>
    <UnitTest name="FormatToStringTest1000 (56286.70397975702,56286.70 zł)" storage="c:\projekty\mstestproject\bin\debug\netcoreapp3.1\mstestproject.dll" id="2e642b71-098b-46cb-98c0-15d69f3ddf47">
      <TestCategory>
        <TestCategoryItem TestCategory="Category1000" />
      </TestCategory>
      <Execution id="ce2f0896-23a2-457e-adf1-063e30ab9857" />
      <TestMethod codeBase="C:\Projekty\MSTestProject\bin\Debug\netcoreapp3.1\MSTestProject.dll" adapterTypeName="executor://mstestadapter/v2" className="TwojeWesele.Services.Helpers.Tests.CurrencyHelperTests" name="FormatToStringTest1000" />
    </UnitTest>
    <UnitTest name="FormatToStringTest1000 (37614.50159416278,37614.50 zł)" storage="c:\projekty\mstestproject\bin\debug\netcoreapp3.1\mstestproject.dll" id="e8903055-79ff-4750-b913-5a18ce9eb439">
      <TestCategory>
        <TestCategoryItem TestCategory="Category1000" />
      </TestCategory>
      <Execution id="518f7ca7-c6cd-4faf-998c-3de18ea1ebfd" />
      <TestMethod codeBase="C:\Projekty\MSTestProject\bin\Debug\netcoreapp3.1\MSTestProject.dll" adapterTypeName="executor://mstestadapter/v2" className="TwojeWesele.Services.Helpers.Tests.CurrencyHelperTests" name="FormatToStringTest1000" />
    </UnitTest>
    <UnitTest name="FormatToStringTest1000 (47393.54939526671,47393.55 zł)" storage="c:\projekty\mstestproject\bin\debug\netcoreapp3.1\mstestproject.dll" id="3533013f-3ff2-4e59-88ce-bcfd9f005dde">
      <TestCategory>
        <TestCategoryItem TestCategory="Category1000" />
      </TestCategory>
      <Execution id="fd532dc6-8c58-49db-ba86-b71b52b5c2b8" />
      <TestMethod codeBase="C:\Projekty\MSTestProject\bin\Debug\netcoreapp3.1\MSTestProject.dll" adapterTypeName="executor://mstestadapter/v2" className="TwojeWesele.Services.Helpers.Tests.CurrencyHelperTests" name="FormatToStringTest1000" />
    </UnitTest>
    <UnitTest name="FormatToStringTest1000 (45445.182098106096,45445.18 zł)" storage="c:\projekty\mstestproject\bin\debug\netcoreapp3.1\mstestproject.dll" id="13b9b859-0a80-4dc7-80d9-d2781bc0da46">
      <TestCategory>
        <TestCategoryItem TestCategory="Category1000" />
      </TestCategory>
      <Execution id="123b59f7-ee87-4fab-95f1-d1dc7bffa0aa" />
      <TestMethod codeBase="C:\Projekty\MSTestProject\bin\Debug\netcoreapp3.1\MSTestProject.dll" adapterTypeName="executor://mstestadapter/v2" className="TwojeWesele.Services.Helpers.Tests.CurrencyHelperTests" name="FormatToStringTest1000" />
    </UnitTest>
    <UnitTest name="FormatToStringTest1000 (56802.303118930344,56802.30 zł)" storage="c:\projekty\mstestproject\bin\debug\netcoreapp3.1\mstestproject.dll" id="f20217ce-c4e0-4b73-a17e-e98aebed70f8">
      <TestCategory>
        <TestCategoryItem TestCategory="Category1000" />
      </TestCategory>
      <Execution id="a0aff38c-84ee-4ea0-b8cf-9167f67a7553" />
      <TestMethod codeBase="C:\Projekty\MSTestProject\bin\Debug\netcoreapp3.1\MSTestProject.dll" adapterTypeName="executor://mstestadapter/v2" className="TwojeWesele.Services.Helpers.Tests.CurrencyHelperTests" name="FormatToStringTest1000" />
    </UnitTest>
    <UnitTest name="FormatToStringTest1000 (626.135364110179,626.14 zł)" storage="c:\projekty\mstestproject\bin\debug\netcoreapp3.1\mstestproject.dll" id="29fa6695-4d5b-4351-9b56-b6e6f554ab37">
      <TestCategory>
        <TestCategoryItem TestCategory="Category1000" />
      </TestCategory>
      <Execution id="ef1578d3-7766-4f04-85c0-59746f602679" />
      <TestMethod codeBase="C:\Projekty\MSTestProject\bin\Debug\netcoreapp3.1\MSTestProject.dll" adapterTypeName="executor://mstestadapter/v2" className="TwojeWesele.Services.Helpers.Tests.CurrencyHelperTests" name="FormatToStringTest1000" />
    </UnitTest>
    <UnitTest name="FormatToStringTest1000 (43222.47958431695,43222.48 zł)" storage="c:\projekty\mstestproject\bin\debug\netcoreapp3.1\mstestproject.dll" id="7e7ecb28-7b54-4d0b-8452-05d708eace08">
      <TestCategory>
        <TestCategoryItem TestCategory="Category1000" />
      </TestCategory>
      <Execution id="ddaafa21-911b-49ce-b855-8fdd48ae0ec7" />
      <TestMethod codeBase="C:\Projekty\MSTestProject\bin\Debug\netcoreapp3.1\MSTestProject.dll" adapterTypeName="executor://mstestadapter/v2" className="TwojeWesele.Services.Helpers.Tests.CurrencyHelperTests" name="FormatToStringTest1000" />
    </UnitTest>
    <UnitTest name="FormatToStringTest1000 (1562.3173604776698,1562.32 zł)" storage="c:\projekty\mstestproject\bin\debug\netcoreapp3.1\mstestproject.dll" id="0234c137-99c1-483c-b138-74a7bb5716a4">
      <TestCategory>
        <TestCategoryItem TestCategory="Category1000" />
      </TestCategory>
      <Execution id="75897cca-7cf7-4094-955a-0e47037a8254" />
      <TestMethod codeBase="C:\Projekty\MSTestProject\bin\Debug\netcoreapp3.1\MSTestProject.dll" adapterTypeName="executor://mstestadapter/v2" className="TwojeWesele.Services.Helpers.Tests.CurrencyHelperTests" name="FormatToStringTest1000" />
    </UnitTest>
    <UnitTest name="FormatToStringTest1000 (86.89546322771136,86.90 zł)" storage="c:\projekty\mstestproject\bin\debug\netcoreapp3.1\mstestproject.dll" id="e82cfede-c959-4855-8aea-388343a8d8ce">
      <TestCategory>
        <TestCategoryItem TestCategory="Category1000" />
      </TestCategory>
      <Execution id="de092eb1-5948-4bae-af05-a0c5b3c1b0c2" />
      <TestMethod codeBase="C:\Projekty\MSTestProject\bin\Debug\netcoreapp3.1\MSTestProject.dll" adapterTypeName="executor://mstestadapter/v2" className="TwojeWesele.Services.Helpers.Tests.CurrencyHelperTests" name="FormatToStringTest1000" />
    </UnitTest>
    <UnitTest name="FormatToStringTest1000 (55457.96873490278,55457.97 zł)" storage="c:\projekty\mstestproject\bin\debug\netcoreapp3.1\mstestproject.dll" id="49338e48-43f2-4ab5-bd83-b3940e1807ea">
      <TestCategory>
        <TestCategoryItem TestCategory="Category1000" />
      </TestCategory>
      <Execution id="7c0b0842-677e-4808-87d6-f73df2173ec4" />
      <TestMethod codeBase="C:\Projekty\MSTestProject\bin\Debug\netcoreapp3.1\MSTestProject.dll" adapterTypeName="executor://mstestadapter/v2" className="TwojeWesele.Services.Helpers.Tests.CurrencyHelperTests" name="FormatToStringTest1000" />
    </UnitTest>
    <UnitTest name="FormatToStringTest1000 (4823.904478896365,4823.90 zł)" storage="c:\projekty\mstestproject\bin\debug\netcoreapp3.1\mstestproject.dll" id="2a98a720-e3a9-4419-8760-cfbd11a7040d">
      <TestCategory>
        <TestCategoryItem TestCategory="Category1000" />
      </TestCategory>
      <Execution id="61a3859e-19fa-4d06-9fa7-e929d4c8536b" />
      <TestMethod codeBase="C:\Projekty\MSTestProject\bin\Debug\netcoreapp3.1\MSTestProject.dll" adapterTypeName="executor://mstestadapter/v2" className="TwojeWesele.Services.Helpers.Tests.CurrencyHelperTests" name="FormatToStringTest1000" />
    </UnitTest>
    <UnitTest name="FormatToStringTest1000 (28992.38363400166,28992.38 zł)" storage="c:\projekty\mstestproject\bin\debug\netcoreapp3.1\mstestproject.dll" id="1edb6429-1a23-4d63-be53-22b7e38ef0ce">
      <TestCategory>
        <TestCategoryItem TestCategory="Category1000" />
      </TestCategory>
      <Execution id="fcf552e3-8f7b-48ae-8840-f04e018ab0e1" />
      <TestMethod codeBase="C:\Projekty\MSTestProject\bin\Debug\netcoreapp3.1\MSTestProject.dll" adapterTypeName="executor://mstestadapter/v2" className="TwojeWesele.Services.Helpers.Tests.CurrencyHelperTests" name="FormatToStringTest1000" />
    </UnitTest>
    <UnitTest name="FormatToStringTest1000 (635.3263313632116,635.33 zł)" storage="c:\projekty\mstestproject\bin\debug\netcoreapp3.1\mstestproject.dll" id="b0f68ad4-43d2-4f53-b06d-aa9e9f7248e1">
      <TestCategory>
        <TestCategoryItem TestCategory="Category1000" />
      </TestCategory>
      <Execution id="e427e985-95cf-4a79-b667-cfcafab9f940" />
      <TestMethod codeBase="C:\Projekty\MSTestProject\bin\Debug\netcoreapp3.1\MSTestProject.dll" adapterTypeName="executor://mstestadapter/v2" className="TwojeWesele.Services.Helpers.Tests.CurrencyHelperTests" name="FormatToStringTest1000" />
    </UnitTest>
    <UnitTest name="FormatToStringTest1000 (7050.437505805137,7050.44 zł)" storage="c:\projekty\mstestproject\bin\debug\netcoreapp3.1\mstestproject.dll" id="c344f279-6fcb-43b9-a46c-910ba2618970">
      <TestCategory>
        <TestCategoryItem TestCategory="Category1000" />
      </TestCategory>
      <Execution id="286b2514-e70f-468f-9c3c-e27ba4969b29" />
      <TestMethod codeBase="C:\Projekty\MSTestProject\bin\Debug\netcoreapp3.1\MSTestProject.dll" adapterTypeName="executor://mstestadapter/v2" className="TwojeWesele.Services.Helpers.Tests.CurrencyHelperTests" name="FormatToStringTest1000" />
    </UnitTest>
    <UnitTest name="FormatToStringTest1000 (7377.5644264340235,7377.56 zł)" storage="c:\projekty\mstestproject\bin\debug\netcoreapp3.1\mstestproject.dll" id="4535b062-9422-45f8-a788-928374abb36a">
      <TestCategory>
        <TestCategoryItem TestCategory="Category1000" />
      </TestCategory>
      <Execution id="a1eee302-d309-4072-b54b-52b3a9de458e" />
      <TestMethod codeBase="C:\Projekty\MSTestProject\bin\Debug\netcoreapp3.1\MSTestProject.dll" adapterTypeName="executor://mstestadapter/v2" className="TwojeWesele.Services.Helpers.Tests.CurrencyHelperTests" name="FormatToStringTest1000" />
    </UnitTest>
    <UnitTest name="FormatToStringTest1000 (10461.455048841171,10461.46 zł)" storage="c:\projekty\mstestproject\bin\debug\netcoreapp3.1\mstestproject.dll" id="60bc865d-de73-48ca-b314-30484c73def5">
      <TestCategory>
        <TestCategoryItem TestCategory="Category1000" />
      </TestCategory>
      <Execution id="b81e6213-76d1-4f99-a528-aeb7f60a1c96" />
      <TestMethod codeBase="C:\Projekty\MSTestProject\bin\Debug\netcoreapp3.1\MSTestProject.dll" adapterTypeName="executor://mstestadapter/v2" className="TwojeWesele.Services.Helpers.Tests.CurrencyHelperTests" name="FormatToStringTest1000" />
    </UnitTest>
    <UnitTest name="FormatToStringTest1000 (35967.54466809684,35967.54 zł)" storage="c:\projekty\mstestproject\bin\debug\netcoreapp3.1\mstestproject.dll" id="79486532-02fc-48ad-8725-08b587e01a50">
      <TestCategory>
        <TestCategoryItem TestCategory="Category1000" />
      </TestCategory>
      <Execution id="7dfac6a7-3e80-4f06-b7f5-26c1fb2ca4f4" />
      <TestMethod codeBase="C:\Projekty\MSTestProject\bin\Debug\netcoreapp3.1\MSTestProject.dll" adapterTypeName="executor://mstestadapter/v2" className="TwojeWesele.Services.Helpers.Tests.CurrencyHelperTests" name="FormatToStringTest1000" />
    </UnitTest>
    <UnitTest name="FormatToStringTest1000 (3131.5022711732904,3131.50 zł)" storage="c:\projekty\mstestproject\bin\debug\netcoreapp3.1\mstestproject.dll" id="cbee4f7e-8d8a-42b6-9f3e-acef84d1028c">
      <TestCategory>
        <TestCategoryItem TestCategory="Category1000" />
      </TestCategory>
      <Execution id="a90f2140-0acd-486c-8036-ca5a455532e6" />
      <TestMethod codeBase="C:\Projekty\MSTestProject\bin\Debug\netcoreapp3.1\MSTestProject.dll" adapterTypeName="executor://mstestadapter/v2" className="TwojeWesele.Services.Helpers.Tests.CurrencyHelperTests" name="FormatToStringTest1000" />
    </UnitTest>
    <UnitTest name="FormatToStringTest1000 (39314.52353688401,39314.52 zł)" storage="c:\projekty\mstestproject\bin\debug\netcoreapp3.1\mstestproject.dll" id="0420545d-28ca-4114-aa72-5c1ef1443e86">
      <TestCategory>
        <TestCategoryItem TestCategory="Category1000" />
      </TestCategory>
      <Execution id="6c70234b-6393-4db6-8939-3cacb7e33716" />
      <TestMethod codeBase="C:\Projekty\MSTestProject\bin\Debug\netcoreapp3.1\MSTestProject.dll" adapterTypeName="executor://mstestadapter/v2" className="TwojeWesele.Services.Helpers.Tests.CurrencyHelperTests" name="FormatToStringTest1000" />
    </UnitTest>
    <UnitTest name="FormatToStringTest1000 (69373.32129976773,69373.32 zł)" storage="c:\projekty\mstestproject\bin\debug\netcoreapp3.1\mstestproject.dll" id="367720c2-1ac0-40b2-adcf-2b1fb0c163bd">
      <TestCategory>
        <TestCategoryItem TestCategory="Category1000" />
      </TestCategory>
      <Execution id="d2d43df1-c461-41e3-85ee-6e11ce0091a5" />
      <TestMethod codeBase="C:\Projekty\MSTestProject\bin\Debug\netcoreapp3.1\MSTestProject.dll" adapterTypeName="executor://mstestadapter/v2" className="TwojeWesele.Services.Helpers.Tests.CurrencyHelperTests" name="FormatToStringTest1000" />
    </UnitTest>
    <UnitTest name="FormatToStringTest1000 (17315.72309779363,17315.72 zł)" storage="c:\projekty\mstestproject\bin\debug\netcoreapp3.1\mstestproject.dll" id="ccd3eaf6-7b7a-472d-8577-9d882ddeb0a6">
      <TestCategory>
        <TestCategoryItem TestCategory="Category1000" />
      </TestCategory>
      <Execution id="15f45d67-94fd-4f75-9d21-fd64cf6be05d" />
      <TestMethod codeBase="C:\Projekty\MSTestProject\bin\Debug\netcoreapp3.1\MSTestProject.dll" adapterTypeName="executor://mstestadapter/v2" className="TwojeWesele.Services.Helpers.Tests.CurrencyHelperTests" name="FormatToStringTest1000" />
    </UnitTest>
    <UnitTest name="FormatToStringTest1000 (7076.829971250534,7076.83 zł)" storage="c:\projekty\mstestproject\bin\debug\netcoreapp3.1\mstestproject.dll" id="6aa14c0b-17d2-4b22-9ea6-0d54da400db5">
      <TestCategory>
        <TestCategoryItem TestCategory="Category1000" />
      </TestCategory>
      <Execution id="3732564c-13e0-4de4-81e5-b3c8657ef3ff" />
      <TestMethod codeBase="C:\Projekty\MSTestProject\bin\Debug\netcoreapp3.1\MSTestProject.dll" adapterTypeName="executor://mstestadapter/v2" className="TwojeWesele.Services.Helpers.Tests.CurrencyHelperTests" name="FormatToStringTest1000" />
    </UnitTest>
    <UnitTest name="FormatToStringTest1000 (64568.131500027666,64568.13 zł)" storage="c:\projekty\mstestproject\bin\debug\netcoreapp3.1\mstestproject.dll" id="a5591bcf-a842-40c3-8eac-4f47ed9fa739">
      <TestCategory>
        <TestCategoryItem TestCategory="Category1000" />
      </TestCategory>
      <Execution id="907867cd-040b-4d53-8c0a-62fb4522bf4c" />
      <TestMethod codeBase="C:\Projekty\MSTestProject\bin\Debug\netcoreapp3.1\MSTestProject.dll" adapterTypeName="executor://mstestadapter/v2" className="TwojeWesele.Services.Helpers.Tests.CurrencyHelperTests" name="FormatToStringTest1000" />
    </UnitTest>
    <UnitTest name="FormatToStringTest1000 (66945.02904917022,66945.03 zł)" storage="c:\projekty\mstestproject\bin\debug\netcoreapp3.1\mstestproject.dll" id="35a2e21b-1bdc-4882-b1f6-a8c2cbfb0bf3">
      <TestCategory>
        <TestCategoryItem TestCategory="Category1000" />
      </TestCategory>
      <Execution id="3296b05e-bb62-40b5-a57d-a22897b4f30b" />
      <TestMethod codeBase="C:\Projekty\MSTestProject\bin\Debug\netcoreapp3.1\MSTestProject.dll" adapterTypeName="executor://mstestadapter/v2" className="TwojeWesele.Services.Helpers.Tests.CurrencyHelperTests" name="FormatToStringTest1000" />
    </UnitTest>
    <UnitTest name="FormatToStringTest1000 (7753.724411372898,7753.72 zł)" storage="c:\projekty\mstestproject\bin\debug\netcoreapp3.1\mstestproject.dll" id="758dfb73-7e97-403b-9d66-20c0246a8166">
      <TestCategory>
        <TestCategoryItem TestCategory="Category1000" />
      </TestCategory>
      <Execution id="39ba6609-654f-4df6-bb56-16db05f1032e" />
      <TestMethod codeBase="C:\Projekty\MSTestProject\bin\Debug\netcoreapp3.1\MSTestProject.dll" adapterTypeName="executor://mstestadapter/v2" className="TwojeWesele.Services.Helpers.Tests.CurrencyHelperTests" name="FormatToStringTest1000" />
    </UnitTest>
    <UnitTest name="FormatToStringTest1000 (19435.417227184127,19435.42 zł)" storage="c:\projekty\mstestproject\bin\debug\netcoreapp3.1\mstestproject.dll" id="2cef261b-fef3-4aa3-9f08-a01497424a94">
      <TestCategory>
        <TestCategoryItem TestCategory="Category1000" />
      </TestCategory>
      <Execution id="c4beb510-8a1d-4495-aa2e-0b884713f635" />
      <TestMethod codeBase="C:\Projekty\MSTestProject\bin\Debug\netcoreapp3.1\MSTestProject.dll" adapterTypeName="executor://mstestadapter/v2" className="TwojeWesele.Services.Helpers.Tests.CurrencyHelperTests" name="FormatToStringTest1000" />
    </UnitTest>
    <UnitTest name="FormatToStringTest1000 (69864.17463991146,69864.17 zł)" storage="c:\projekty\mstestproject\bin\debug\netcoreapp3.1\mstestproject.dll" id="23411f45-aeb8-4716-aeef-7c438b9aa607">
      <TestCategory>
        <TestCategoryItem TestCategory="Category1000" />
      </TestCategory>
      <Execution id="17c46f6a-30c5-4a5f-93da-4ff7ca77031a" />
      <TestMethod codeBase="C:\Projekty\MSTestProject\bin\Debug\netcoreapp3.1\MSTestProject.dll" adapterTypeName="executor://mstestadapter/v2" className="TwojeWesele.Services.Helpers.Tests.CurrencyHelperTests" name="FormatToStringTest1000" />
    </UnitTest>
    <UnitTest name="FormatToStringTest1000 (46898.00219497783,46898.00 zł)" storage="c:\projekty\mstestproject\bin\debug\netcoreapp3.1\mstestproject.dll" id="6f2ad8be-be17-4083-b6a8-e725af11afd9">
      <TestCategory>
        <TestCategoryItem TestCategory="Category1000" />
      </TestCategory>
      <Execution id="f423cb86-9e2f-4682-9f71-b1dc5eb1e0a1" />
      <TestMethod codeBase="C:\Projekty\MSTestProject\bin\Debug\netcoreapp3.1\MSTestProject.dll" adapterTypeName="executor://mstestadapter/v2" className="TwojeWesele.Services.Helpers.Tests.CurrencyHelperTests" name="FormatToStringTest1000" />
    </UnitTest>
    <UnitTest name="FormatToStringTest1000 (41008.28505327194,41008.29 zł)" storage="c:\projekty\mstestproject\bin\debug\netcoreapp3.1\mstestproject.dll" id="cc47c16b-60be-46b6-9d66-631106c400cd">
      <TestCategory>
        <TestCategoryItem TestCategory="Category1000" />
      </TestCategory>
      <Execution id="3d11c8e8-371f-487d-8781-afa8803989c3" />
      <TestMethod codeBase="C:\Projekty\MSTestProject\bin\Debug\netcoreapp3.1\MSTestProject.dll" adapterTypeName="executor://mstestadapter/v2" className="TwojeWesele.Services.Helpers.Tests.CurrencyHelperTests" name="FormatToStringTest1000" />
    </UnitTest>
    <UnitTest name="FormatToStringTest1000 (31805.23430354532,31805.23 zł)" storage="c:\projekty\mstestproject\bin\debug\netcoreapp3.1\mstestproject.dll" id="b905be49-a5cd-4869-9575-f5a4bbd30439">
      <TestCategory>
        <TestCategoryItem TestCategory="Category1000" />
      </TestCategory>
      <Execution id="1ae72f2a-ddbc-49fa-a87f-d211891a6864" />
      <TestMethod codeBase="C:\Projekty\MSTestProject\bin\Debug\netcoreapp3.1\MSTestProject.dll" adapterTypeName="executor://mstestadapter/v2" className="TwojeWesele.Services.Helpers.Tests.CurrencyHelperTests" name="FormatToStringTest1000" />
    </UnitTest>
    <UnitTest name="FormatToStringTest1000 (1181.5773122979222,1181.58 zł)" storage="c:\projekty\mstestproject\bin\debug\netcoreapp3.1\mstestproject.dll" id="345b57f2-dd6c-4fa7-8064-376bf3da5776">
      <TestCategory>
        <TestCategoryItem TestCategory="Category1000" />
      </TestCategory>
      <Execution id="68f59a8a-01fd-4a42-a00f-e31db1256e50" />
      <TestMethod codeBase="C:\Projekty\MSTestProject\bin\Debug\netcoreapp3.1\MSTestProject.dll" adapterTypeName="executor://mstestadapter/v2" className="TwojeWesele.Services.Helpers.Tests.CurrencyHelperTests" name="FormatToStringTest1000" />
    </UnitTest>
    <UnitTest name="FormatToStringTest1000 (28583.827618148098,28583.83 zł)" storage="c:\projekty\mstestproject\bin\debug\netcoreapp3.1\mstestproject.dll" id="8ba89402-5ea9-4a17-b70b-2d7b630f2fde">
      <TestCategory>
        <TestCategoryItem TestCategory="Category1000" />
      </TestCategory>
      <Execution id="227a5740-24ba-4399-9cec-c25e555f52fc" />
      <TestMethod codeBase="C:\Projekty\MSTestProject\bin\Debug\netcoreapp3.1\MSTestProject.dll" adapterTypeName="executor://mstestadapter/v2" className="TwojeWesele.Services.Helpers.Tests.CurrencyHelperTests" name="FormatToStringTest1000" />
    </UnitTest>
    <UnitTest name="FormatToStringTest1000 (74514.06270644537,74514.06 zł)" storage="c:\projekty\mstestproject\bin\debug\netcoreapp3.1\mstestproject.dll" id="94243b2a-2023-42a9-af3f-02223626b881">
      <TestCategory>
        <TestCategoryItem TestCategory="Category1000" />
      </TestCategory>
      <Execution id="ab14d301-cd19-4dc1-ae51-04e4f8c3487f" />
      <TestMethod codeBase="C:\Projekty\MSTestProject\bin\Debug\netcoreapp3.1\MSTestProject.dll" adapterTypeName="executor://mstestadapter/v2" className="TwojeWesele.Services.Helpers.Tests.CurrencyHelperTests" name="FormatToStringTest1000" />
    </UnitTest>
    <UnitTest name="FormatToStringTest1000 (7951.322730072458,7951.32 zł)" storage="c:\projekty\mstestproject\bin\debug\netcoreapp3.1\mstestproject.dll" id="4c1e64ad-d9ef-4177-8a38-e7c6b0ec77b3">
      <TestCategory>
        <TestCategoryItem TestCategory="Category1000" />
      </TestCategory>
      <Execution id="8cf73fd6-8740-4edc-85d2-cc862c1961bb" />
      <TestMethod codeBase="C:\Projekty\MSTestProject\bin\Debug\netcoreapp3.1\MSTestProject.dll" adapterTypeName="executor://mstestadapter/v2" className="TwojeWesele.Services.Helpers.Tests.CurrencyHelperTests" name="FormatToStringTest1000" />
    </UnitTest>
    <UnitTest name="FormatToStringTest1000 (158.49784791027093,158.50 zł)" storage="c:\projekty\mstestproject\bin\debug\netcoreapp3.1\mstestproject.dll" id="7c31aa45-f853-41a6-96c5-9b0fab7cd619">
      <TestCategory>
        <TestCategoryItem TestCategory="Category1000" />
      </TestCategory>
      <Execution id="fdc6bc9d-1498-4882-a81b-244910a2f529" />
      <TestMethod codeBase="C:\Projekty\MSTestProject\bin\Debug\netcoreapp3.1\MSTestProject.dll" adapterTypeName="executor://mstestadapter/v2" className="TwojeWesele.Services.Helpers.Tests.CurrencyHelperTests" name="FormatToStringTest1000" />
    </UnitTest>
    <UnitTest name="FormatToStringTest1000 (30031.89550569323,30031.90 zł)" storage="c:\projekty\mstestproject\bin\debug\netcoreapp3.1\mstestproject.dll" id="ddb03155-ca8d-41e6-8cf8-fbe29e793f10">
      <TestCategory>
        <TestCategoryItem TestCategory="Category1000" />
      </TestCategory>
      <Execution id="21d86f04-2f35-453f-b65d-bf068488dfff" />
      <TestMethod codeBase="C:\Projekty\MSTestProject\bin\Debug\netcoreapp3.1\MSTestProject.dll" adapterTypeName="executor://mstestadapter/v2" className="TwojeWesele.Services.Helpers.Tests.CurrencyHelperTests" name="FormatToStringTest1000" />
    </UnitTest>
    <UnitTest name="FormatToStringTest1000 (22017.250119325356,22017.25 zł)" storage="c:\projekty\mstestproject\bin\debug\netcoreapp3.1\mstestproject.dll" id="6ce3a868-46ea-4c48-9be2-7dafa7a45f66">
      <TestCategory>
        <TestCategoryItem TestCategory="Category1000" />
      </TestCategory>
      <Execution id="5b369deb-2aa1-4ba5-a6a3-dc6269a9c597" />
      <TestMethod codeBase="C:\Projekty\MSTestProject\bin\Debug\netcoreapp3.1\MSTestProject.dll" adapterTypeName="executor://mstestadapter/v2" className="TwojeWesele.Services.Helpers.Tests.CurrencyHelperTests" name="FormatToStringTest1000" />
    </UnitTest>
    <UnitTest name="FormatToStringTest1000 (63427.55325689332,63427.55 zł)" storage="c:\projekty\mstestproject\bin\debug\netcoreapp3.1\mstestproject.dll" id="54ef23a5-4c4b-4537-89b5-ffbfba388613">
      <TestCategory>
        <TestCategoryItem TestCategory="Category1000" />
      </TestCategory>
      <Execution id="e1432219-8039-479b-87c2-d0dde5d5dbcd" />
      <TestMethod codeBase="C:\Projekty\MSTestProject\bin\Debug\netcoreapp3.1\MSTestProject.dll" adapterTypeName="executor://mstestadapter/v2" className="TwojeWesele.Services.Helpers.Tests.CurrencyHelperTests" name="FormatToStringTest1000" />
    </UnitTest>
    <UnitTest name="FormatToStringTest1000 (44869.327020554025,44869.33 zł)" storage="c:\projekty\mstestproject\bin\debug\netcoreapp3.1\mstestproject.dll" id="8cd503f4-cad4-471e-a8f7-3ca0fe705955">
      <TestCategory>
        <TestCategoryItem TestCategory="Category1000" />
      </TestCategory>
      <Execution id="1818c7ee-a365-485a-af4e-94517950cf7e" />
      <TestMethod codeBase="C:\Projekty\MSTestProject\bin\Debug\netcoreapp3.1\MSTestProject.dll" adapterTypeName="executor://mstestadapter/v2" className="TwojeWesele.Services.Helpers.Tests.CurrencyHelperTests" name="FormatToStringTest1000" />
    </UnitTest>
    <UnitTest name="FormatToStringTest1000 (23023.74724929768,23023.75 zł)" storage="c:\projekty\mstestproject\bin\debug\netcoreapp3.1\mstestproject.dll" id="2b87c537-cfef-4550-b43e-d50d82381255">
      <TestCategory>
        <TestCategoryItem TestCategory="Category1000" />
      </TestCategory>
      <Execution id="53641d88-0a08-4e8f-a309-3d76b37a42d5" />
      <TestMethod codeBase="C:\Projekty\MSTestProject\bin\Debug\netcoreapp3.1\MSTestProject.dll" adapterTypeName="executor://mstestadapter/v2" className="TwojeWesele.Services.Helpers.Tests.CurrencyHelperTests" name="FormatToStringTest1000" />
    </UnitTest>
    <UnitTest name="FormatToStringTest1000 (16037.01783290087,16037.02 zł)" storage="c:\projekty\mstestproject\bin\debug\netcoreapp3.1\mstestproject.dll" id="45a8bbd4-a2f1-4a26-88ae-7142e326084f">
      <TestCategory>
        <TestCategoryItem TestCategory="Category1000" />
      </TestCategory>
      <Execution id="907dc535-62b9-4fa1-a38e-11d9a5f5aada" />
      <TestMethod codeBase="C:\Projekty\MSTestProject\bin\Debug\netcoreapp3.1\MSTestProject.dll" adapterTypeName="executor://mstestadapter/v2" className="TwojeWesele.Services.Helpers.Tests.CurrencyHelperTests" name="FormatToStringTest1000" />
    </UnitTest>
    <UnitTest name="FormatToStringTest1000 (8582.709131852587,8582.71 zł)" storage="c:\projekty\mstestproject\bin\debug\netcoreapp3.1\mstestproject.dll" id="1bf43a46-2b9c-4b84-b661-55c8e4f49be5">
      <TestCategory>
        <TestCategoryItem TestCategory="Category1000" />
      </TestCategory>
      <Execution id="fb5ec853-ff44-4a56-9606-37ad92c9265b" />
      <TestMethod codeBase="C:\Projekty\MSTestProject\bin\Debug\netcoreapp3.1\MSTestProject.dll" adapterTypeName="executor://mstestadapter/v2" className="TwojeWesele.Services.Helpers.Tests.CurrencyHelperTests" name="FormatToStringTest1000" />
    </UnitTest>
    <UnitTest name="FormatToStringTest1000 (66019.32414194118,66019.32 zł)" storage="c:\projekty\mstestproject\bin\debug\netcoreapp3.1\mstestproject.dll" id="f8f052c5-fcd8-4a69-9769-3f597e1583d2">
      <TestCategory>
        <TestCategoryItem TestCategory="Category1000" />
      </TestCategory>
      <Execution id="96831e50-5ff0-47f1-a162-1e35bb7a0f2f" />
      <TestMethod codeBase="C:\Projekty\MSTestProject\bin\Debug\netcoreapp3.1\MSTestProject.dll" adapterTypeName="executor://mstestadapter/v2" className="TwojeWesele.Services.Helpers.Tests.CurrencyHelperTests" name="FormatToStringTest1000" />
    </UnitTest>
    <UnitTest name="FormatToStringTest1000 (7975.276658828965,7975.28 zł)" storage="c:\projekty\mstestproject\bin\debug\netcoreapp3.1\mstestproject.dll" id="7eda40e3-0030-48f9-86af-0c172064ed3b">
      <TestCategory>
        <TestCategoryItem TestCategory="Category1000" />
      </TestCategory>
      <Execution id="d9300991-28e4-4170-a5ba-4e5bbae7b195" />
      <TestMethod codeBase="C:\Projekty\MSTestProject\bin\Debug\netcoreapp3.1\MSTestProject.dll" adapterTypeName="executor://mstestadapter/v2" className="TwojeWesele.Services.Helpers.Tests.CurrencyHelperTests" name="FormatToStringTest1000" />
    </UnitTest>
    <UnitTest name="FormatToStringTest1000 (7193.552206002898,7193.55 zł)" storage="c:\projekty\mstestproject\bin\debug\netcoreapp3.1\mstestproject.dll" id="26ae06cc-107f-4695-9120-90aa18edcbd0">
      <TestCategory>
        <TestCategoryItem TestCategory="Category1000" />
      </TestCategory>
      <Execution id="77d50187-7b53-4224-b880-fab48faea182" />
      <TestMethod codeBase="C:\Projekty\MSTestProject\bin\Debug\netcoreapp3.1\MSTestProject.dll" adapterTypeName="executor://mstestadapter/v2" className="TwojeWesele.Services.Helpers.Tests.CurrencyHelperTests" name="FormatToStringTest1000" />
    </UnitTest>
    <UnitTest name="FormatToStringTest1000 (20482.32969107308,20482.33 zł)" storage="c:\projekty\mstestproject\bin\debug\netcoreapp3.1\mstestproject.dll" id="c2706f5d-010c-43d1-b439-7518b3472d07">
      <TestCategory>
        <TestCategoryItem TestCategory="Category1000" />
      </TestCategory>
      <Execution id="f19e2a74-bd01-4407-84fc-3f9f71c03aa2" />
      <TestMethod codeBase="C:\Projekty\MSTestProject\bin\Debug\netcoreapp3.1\MSTestProject.dll" adapterTypeName="executor://mstestadapter/v2" className="TwojeWesele.Services.Helpers.Tests.CurrencyHelperTests" name="FormatToStringTest1000" />
    </UnitTest>
    <UnitTest name="FormatToStringTest1000 (36211.11038300866,36211.11 zł)" storage="c:\projekty\mstestproject\bin\debug\netcoreapp3.1\mstestproject.dll" id="7eaea38b-565d-48b1-a0d1-6e75080f3ac9">
      <TestCategory>
        <TestCategoryItem TestCategory="Category1000" />
      </TestCategory>
      <Execution id="11b696c0-2291-4352-9aae-9695ab2ff16f" />
      <TestMethod codeBase="C:\Projekty\MSTestProject\bin\Debug\netcoreapp3.1\MSTestProject.dll" adapterTypeName="executor://mstestadapter/v2" className="TwojeWesele.Services.Helpers.Tests.CurrencyHelperTests" name="FormatToStringTest1000" />
    </UnitTest>
    <UnitTest name="FormatToStringTest1000 (21602.417596116393,21602.42 zł)" storage="c:\projekty\mstestproject\bin\debug\netcoreapp3.1\mstestproject.dll" id="53401f81-5699-4be0-96dc-110b5e2a05e0">
      <TestCategory>
        <TestCategoryItem TestCategory="Category1000" />
      </TestCategory>
      <Execution id="e315f068-2ec4-4f74-8f9a-9adf721a7440" />
      <TestMethod codeBase="C:\Projekty\MSTestProject\bin\Debug\netcoreapp3.1\MSTestProject.dll" adapterTypeName="executor://mstestadapter/v2" className="TwojeWesele.Services.Helpers.Tests.CurrencyHelperTests" name="FormatToStringTest1000" />
    </UnitTest>
    <UnitTest name="FormatToStringTest1000 (9151.103070427245,9151.10 zł)" storage="c:\projekty\mstestproject\bin\debug\netcoreapp3.1\mstestproject.dll" id="0ccb97bd-d001-4e26-8210-e89b67f77e76">
      <TestCategory>
        <TestCategoryItem TestCategory="Category1000" />
      </TestCategory>
      <Execution id="48d2ef7b-57ad-45c0-9675-39f87d386cb7" />
      <TestMethod codeBase="C:\Projekty\MSTestProject\bin\Debug\netcoreapp3.1\MSTestProject.dll" adapterTypeName="executor://mstestadapter/v2" className="TwojeWesele.Services.Helpers.Tests.CurrencyHelperTests" name="FormatToStringTest1000" />
    </UnitTest>
    <UnitTest name="FormatToStringTest1000 (2292.8331871111104,2292.83 zł)" storage="c:\projekty\mstestproject\bin\debug\netcoreapp3.1\mstestproject.dll" id="11914447-b29c-4e64-93f4-e37167f08646">
      <TestCategory>
        <TestCategoryItem TestCategory="Category1000" />
      </TestCategory>
      <Execution id="e7e0e33b-712f-41de-a01c-55d01b9096c7" />
      <TestMethod codeBase="C:\Projekty\MSTestProject\bin\Debug\netcoreapp3.1\MSTestProject.dll" adapterTypeName="executor://mstestadapter/v2" className="TwojeWesele.Services.Helpers.Tests.CurrencyHelperTests" name="FormatToStringTest1000" />
    </UnitTest>
    <UnitTest name="FormatToStringTest1000 (61324.33752458279,61324.34 zł)" storage="c:\projekty\mstestproject\bin\debug\netcoreapp3.1\mstestproject.dll" id="c23752fc-130e-4818-a08f-7587cafaf508">
      <TestCategory>
        <TestCategoryItem TestCategory="Category1000" />
      </TestCategory>
      <Execution id="49268679-abb7-43a8-b202-71f91d9b166d" />
      <TestMethod codeBase="C:\Projekty\MSTestProject\bin\Debug\netcoreapp3.1\MSTestProject.dll" adapterTypeName="executor://mstestadapter/v2" className="TwojeWesele.Services.Helpers.Tests.CurrencyHelperTests" name="FormatToStringTest1000" />
    </UnitTest>
    <UnitTest name="FormatToStringTest1000 (7124.979180760672,7124.98 zł)" storage="c:\projekty\mstestproject\bin\debug\netcoreapp3.1\mstestproject.dll" id="2978e698-ace9-447f-8144-d62f4dc9337b">
      <TestCategory>
        <TestCategoryItem TestCategory="Category1000" />
      </TestCategory>
      <Execution id="add717e5-4eaa-496b-a151-7242f934fe30" />
      <TestMethod codeBase="C:\Projekty\MSTestProject\bin\Debug\netcoreapp3.1\MSTestProject.dll" adapterTypeName="executor://mstestadapter/v2" className="TwojeWesele.Services.Helpers.Tests.CurrencyHelperTests" name="FormatToStringTest1000" />
    </UnitTest>
    <UnitTest name="FormatToStringTest1000 (2339.5873176472205,2339.59 zł)" storage="c:\projekty\mstestproject\bin\debug\netcoreapp3.1\mstestproject.dll" id="7b61bdfd-2d64-4b3e-887d-a57a33d0cc3b">
      <TestCategory>
        <TestCategoryItem TestCategory="Category1000" />
      </TestCategory>
      <Execution id="a3781c2a-32da-4d72-b01d-73d6fe949e31" />
      <TestMethod codeBase="C:\Projekty\MSTestProject\bin\Debug\netcoreapp3.1\MSTestProject.dll" adapterTypeName="executor://mstestadapter/v2" className="TwojeWesele.Services.Helpers.Tests.CurrencyHelperTests" name="FormatToStringTest1000" />
    </UnitTest>
    <UnitTest name="FormatToStringTest1000 (13541.45472935096,13541.45 zł)" storage="c:\projekty\mstestproject\bin\debug\netcoreapp3.1\mstestproject.dll" id="d58d5780-b1de-44df-8237-5aa643ac193e">
      <TestCategory>
        <TestCategoryItem TestCategory="Category1000" />
      </TestCategory>
      <Execution id="65687291-ae57-4e41-a0ae-8b60ca3ea17b" />
      <TestMethod codeBase="C:\Projekty\MSTestProject\bin\Debug\netcoreapp3.1\MSTestProject.dll" adapterTypeName="executor://mstestadapter/v2" className="TwojeWesele.Services.Helpers.Tests.CurrencyHelperTests" name="FormatToStringTest1000" />
    </UnitTest>
    <UnitTest name="FormatToStringTest1000 (32213.734885384205,32213.73 zł)" storage="c:\projekty\mstestproject\bin\debug\netcoreapp3.1\mstestproject.dll" id="b615a97d-f035-4db3-90da-e69be46ad103">
      <TestCategory>
        <TestCategoryItem TestCategory="Category1000" />
      </TestCategory>
      <Execution id="d6e6110e-19fa-43aa-bb83-6ae0c32ff650" />
      <TestMethod codeBase="C:\Projekty\MSTestProject\bin\Debug\netcoreapp3.1\MSTestProject.dll" adapterTypeName="executor://mstestadapter/v2" className="TwojeWesele.Services.Helpers.Tests.CurrencyHelperTests" name="FormatToStringTest1000" />
    </UnitTest>
    <UnitTest name="FormatToStringTest1000 (25036.98767214035,25036.99 zł)" storage="c:\projekty\mstestproject\bin\debug\netcoreapp3.1\mstestproject.dll" id="1596acc6-14a6-4f6b-a64c-4c3b8cd48f60">
      <TestCategory>
        <TestCategoryItem TestCategory="Category1000" />
      </TestCategory>
      <Execution id="ad123d34-532d-413a-a605-f52d709fdf86" />
      <TestMethod codeBase="C:\Projekty\MSTestProject\bin\Debug\netcoreapp3.1\MSTestProject.dll" adapterTypeName="executor://mstestadapter/v2" className="TwojeWesele.Services.Helpers.Tests.CurrencyHelperTests" name="FormatToStringTest1000" />
    </UnitTest>
    <UnitTest name="FormatToStringTest1000 (6417.5922460628635,6417.59 zł)" storage="c:\projekty\mstestproject\bin\debug\netcoreapp3.1\mstestproject.dll" id="be407700-eba0-4399-b12c-3406fa763194">
      <TestCategory>
        <TestCategoryItem TestCategory="Category1000" />
      </TestCategory>
      <Execution id="dc6abf77-130f-4c83-9afc-364d1009bfec" />
      <TestMethod codeBase="C:\Projekty\MSTestProject\bin\Debug\netcoreapp3.1\MSTestProject.dll" adapterTypeName="executor://mstestadapter/v2" className="TwojeWesele.Services.Helpers.Tests.CurrencyHelperTests" name="FormatToStringTest1000" />
    </UnitTest>
    <UnitTest name="FormatToStringTest1000 (25272.05048361283,25272.05 zł)" storage="c:\projekty\mstestproject\bin\debug\netcoreapp3.1\mstestproject.dll" id="e1a116ab-abe2-474b-b810-c8e195c084cf">
      <TestCategory>
        <TestCategoryItem TestCategory="Category1000" />
      </TestCategory>
      <Execution id="e89e9524-490c-4703-a278-7dcccdbfcc56" />
      <TestMethod codeBase="C:\Projekty\MSTestProject\bin\Debug\netcoreapp3.1\MSTestProject.dll" adapterTypeName="executor://mstestadapter/v2" className="TwojeWesele.Services.Helpers.Tests.CurrencyHelperTests" name="FormatToStringTest1000" />
    </UnitTest>
    <UnitTest name="FormatToStringTest1000 (14100.01255469211,14100.01 zł)" storage="c:\projekty\mstestproject\bin\debug\netcoreapp3.1\mstestproject.dll" id="745aa092-a023-4f8c-8f2d-fb6421bf282d">
      <TestCategory>
        <TestCategoryItem TestCategory="Category1000" />
      </TestCategory>
      <Execution id="12b94e0e-1b77-4540-8b85-d81fa336715c" />
      <TestMethod codeBase="C:\Projekty\MSTestProject\bin\Debug\netcoreapp3.1\MSTestProject.dll" adapterTypeName="executor://mstestadapter/v2" className="TwojeWesele.Services.Helpers.Tests.CurrencyHelperTests" name="FormatToStringTest1000" />
    </UnitTest>
    <UnitTest name="FormatToStringTest1000 (748.6264857065987,748.63 zł)" storage="c:\projekty\mstestproject\bin\debug\netcoreapp3.1\mstestproject.dll" id="de812342-49d7-4f0e-83b5-497bd70ad2bd">
      <TestCategory>
        <TestCategoryItem TestCategory="Category1000" />
      </TestCategory>
      <Execution id="5e7892e3-776b-47c6-9e70-eb2b109ad08b" />
      <TestMethod codeBase="C:\Projekty\MSTestProject\bin\Debug\netcoreapp3.1\MSTestProject.dll" adapterTypeName="executor://mstestadapter/v2" className="TwojeWesele.Services.Helpers.Tests.CurrencyHelperTests" name="FormatToStringTest1000" />
    </UnitTest>
    <UnitTest name="FormatToStringTest1000 (11944.74385168531,11944.74 zł)" storage="c:\projekty\mstestproject\bin\debug\netcoreapp3.1\mstestproject.dll" id="a692d0ea-bb8c-47e6-b1d4-55012f26d5fd">
      <TestCategory>
        <TestCategoryItem TestCategory="Category1000" />
      </TestCategory>
      <Execution id="d1a417f5-dd04-4987-b47e-cf724b3552f7" />
      <TestMethod codeBase="C:\Projekty\MSTestProject\bin\Debug\netcoreapp3.1\MSTestProject.dll" adapterTypeName="executor://mstestadapter/v2" className="TwojeWesele.Services.Helpers.Tests.CurrencyHelperTests" name="FormatToStringTest1000" />
    </UnitTest>
    <UnitTest name="FormatToStringTest1000 (24566.50251371856,24566.50 zł)" storage="c:\projekty\mstestproject\bin\debug\netcoreapp3.1\mstestproject.dll" id="a3eb7614-43ea-4146-b4b8-bd59238d3f6f">
      <TestCategory>
        <TestCategoryItem TestCategory="Category1000" />
      </TestCategory>
      <Execution id="a071909b-0948-4344-9932-e2154ef4e393" />
      <TestMethod codeBase="C:\Projekty\MSTestProject\bin\Debug\netcoreapp3.1\MSTestProject.dll" adapterTypeName="executor://mstestadapter/v2" className="TwojeWesele.Services.Helpers.Tests.CurrencyHelperTests" name="FormatToStringTest1000" />
    </UnitTest>
    <UnitTest name="FormatToStringTest1000 (577.6071367564645,577.61 zł)" storage="c:\projekty\mstestproject\bin\debug\netcoreapp3.1\mstestproject.dll" id="da63d122-6366-4d2a-aba5-72a82d038176">
      <TestCategory>
        <TestCategoryItem TestCategory="Category1000" />
      </TestCategory>
      <Execution id="f74fea1e-b4e2-4061-9325-ce260c27d94c" />
      <TestMethod codeBase="C:\Projekty\MSTestProject\bin\Debug\netcoreapp3.1\MSTestProject.dll" adapterTypeName="executor://mstestadapter/v2" className="TwojeWesele.Services.Helpers.Tests.CurrencyHelperTests" name="FormatToStringTest1000" />
    </UnitTest>
    <UnitTest name="FormatToStringTest1000 (73372.53853826903,73372.54 zł)" storage="c:\projekty\mstestproject\bin\debug\netcoreapp3.1\mstestproject.dll" id="563193e2-fd43-4f61-9ca5-904872524b5e">
      <TestCategory>
        <TestCategoryItem TestCategory="Category1000" />
      </TestCategory>
      <Execution id="a8bd180d-2d92-4b40-9533-1175b01db78e" />
      <TestMethod codeBase="C:\Projekty\MSTestProject\bin\Debug\netcoreapp3.1\MSTestProject.dll" adapterTypeName="executor://mstestadapter/v2" className="TwojeWesele.Services.Helpers.Tests.CurrencyHelperTests" name="FormatToStringTest1000" />
    </UnitTest>
    <UnitTest name="FormatToStringTest1000 (11871.427211910219,11871.43 zł)" storage="c:\projekty\mstestproject\bin\debug\netcoreapp3.1\mstestproject.dll" id="9a65bcdf-01d7-4aa4-a65e-aea9d39d5c54">
      <TestCategory>
        <TestCategoryItem TestCategory="Category1000" />
      </TestCategory>
      <Execution id="80988f00-0e33-4f26-973a-e6f0db089c12" />
      <TestMethod codeBase="C:\Projekty\MSTestProject\bin\Debug\netcoreapp3.1\MSTestProject.dll" adapterTypeName="executor://mstestadapter/v2" className="TwojeWesele.Services.Helpers.Tests.CurrencyHelperTests" name="FormatToStringTest1000" />
    </UnitTest>
    <UnitTest name="FormatToStringTest1000 (591.2110872302256,591.21 zł)" storage="c:\projekty\mstestproject\bin\debug\netcoreapp3.1\mstestproject.dll" id="d4cd2bd7-2a38-4c6a-82f1-d79b494c31aa">
      <TestCategory>
        <TestCategoryItem TestCategory="Category1000" />
      </TestCategory>
      <Execution id="b9b3acba-d2f4-4657-be6b-78cdd937345c" />
      <TestMethod codeBase="C:\Projekty\MSTestProject\bin\Debug\netcoreapp3.1\MSTestProject.dll" adapterTypeName="executor://mstestadapter/v2" className="TwojeWesele.Services.Helpers.Tests.CurrencyHelperTests" name="FormatToStringTest1000" />
    </UnitTest>
    <UnitTest name="FormatToStringTest1000 (4116.417580192638,4116.42 zł)" storage="c:\projekty\mstestproject\bin\debug\netcoreapp3.1\mstestproject.dll" id="8a17b27a-346e-4e6c-af4a-740ff6f02473">
      <TestCategory>
        <TestCategoryItem TestCategory="Category1000" />
      </TestCategory>
      <Execution id="819c23eb-80ca-42a2-aa21-bda5de1573a4" />
      <TestMethod codeBase="C:\Projekty\MSTestProject\bin\Debug\netcoreapp3.1\MSTestProject.dll" adapterTypeName="executor://mstestadapter/v2" className="TwojeWesele.Services.Helpers.Tests.CurrencyHelperTests" name="FormatToStringTest1000" />
    </UnitTest>
    <UnitTest name="FormatToStringTest1000 (23980.12943509646,23980.13 zł)" storage="c:\projekty\mstestproject\bin\debug\netcoreapp3.1\mstestproject.dll" id="7de1fac4-1841-42ca-9bcf-748af8de98c4">
      <TestCategory>
        <TestCategoryItem TestCategory="Category1000" />
      </TestCategory>
      <Execution id="1182ed2d-3e92-42ad-a401-2883f0d933d2" />
      <TestMethod codeBase="C:\Projekty\MSTestProject\bin\Debug\netcoreapp3.1\MSTestProject.dll" adapterTypeName="executor://mstestadapter/v2" className="TwojeWesele.Services.Helpers.Tests.CurrencyHelperTests" name="FormatToStringTest1000" />
    </UnitTest>
    <UnitTest name="FormatToStringTest1000 (151.50737175275916,151.51 zł)" storage="c:\projekty\mstestproject\bin\debug\netcoreapp3.1\mstestproject.dll" id="08b832f6-2310-48f0-93bf-e6a51663c0f0">
      <TestCategory>
        <TestCategoryItem TestCategory="Category1000" />
      </TestCategory>
      <Execution id="0f3cfa2a-467f-487e-9204-f89342a16e26" />
      <TestMethod codeBase="C:\Projekty\MSTestProject\bin\Debug\netcoreapp3.1\MSTestProject.dll" adapterTypeName="executor://mstestadapter/v2" className="TwojeWesele.Services.Helpers.Tests.CurrencyHelperTests" name="FormatToStringTest1000" />
    </UnitTest>
    <UnitTest name="FormatToStringTest1000 (64490.52771614982,64490.53 zł)" storage="c:\projekty\mstestproject\bin\debug\netcoreapp3.1\mstestproject.dll" id="9a3a7fb2-a7e8-417d-a73b-a31ae70a7774">
      <TestCategory>
        <TestCategoryItem TestCategory="Category1000" />
      </TestCategory>
      <Execution id="a813277c-ecd9-4ef9-b221-fba60bf49ad6" />
      <TestMethod codeBase="C:\Projekty\MSTestProject\bin\Debug\netcoreapp3.1\MSTestProject.dll" adapterTypeName="executor://mstestadapter/v2" className="TwojeWesele.Services.Helpers.Tests.CurrencyHelperTests" name="FormatToStringTest1000" />
    </UnitTest>
    <UnitTest name="FormatToStringTest1000 (79388.929555234,79388.93 zł)" storage="c:\projekty\mstestproject\bin\debug\netcoreapp3.1\mstestproject.dll" id="2422bd96-6349-41c6-90cc-efd84457e3f9">
      <TestCategory>
        <TestCategoryItem TestCategory="Category1000" />
      </TestCategory>
      <Execution id="906127d6-4922-4c90-a127-eca715c9beec" />
      <TestMethod codeBase="C:\Projekty\MSTestProject\bin\Debug\netcoreapp3.1\MSTestProject.dll" adapterTypeName="executor://mstestadapter/v2" className="TwojeWesele.Services.Helpers.Tests.CurrencyHelperTests" name="FormatToStringTest1000" />
    </UnitTest>
    <UnitTest name="FormatToStringTest1000 (95353.10327693219,95353.10 zł)" storage="c:\projekty\mstestproject\bin\debug\netcoreapp3.1\mstestproject.dll" id="8e9a89f2-904f-4527-89dc-3e365f0458fd">
      <TestCategory>
        <TestCategoryItem TestCategory="Category1000" />
      </TestCategory>
      <Execution id="0d422eda-eae1-4827-bbcc-25dda8e4b598" />
      <TestMethod codeBase="C:\Projekty\MSTestProject\bin\Debug\netcoreapp3.1\MSTestProject.dll" adapterTypeName="executor://mstestadapter/v2" className="TwojeWesele.Services.Helpers.Tests.CurrencyHelperTests" name="FormatToStringTest1000" />
    </UnitTest>
    <UnitTest name="FormatToStringTest1000 (1313.0279238368514,1313.03 zł)" storage="c:\projekty\mstestproject\bin\debug\netcoreapp3.1\mstestproject.dll" id="2ec4f48b-6317-4159-8a4c-da419fd7599f">
      <TestCategory>
        <TestCategoryItem TestCategory="Category1000" />
      </TestCategory>
      <Execution id="8fe028b0-bcc6-4bc1-92a0-d027e25b2f69" />
      <TestMethod codeBase="C:\Projekty\MSTestProject\bin\Debug\netcoreapp3.1\MSTestProject.dll" adapterTypeName="executor://mstestadapter/v2" className="TwojeWesele.Services.Helpers.Tests.CurrencyHelperTests" name="FormatToStringTest1000" />
    </UnitTest>
    <UnitTest name="FormatToStringTest1000 (14719.97001409762,14719.97 zł)" storage="c:\projekty\mstestproject\bin\debug\netcoreapp3.1\mstestproject.dll" id="147d50ea-49b2-46c0-8d84-8b0962d0b944">
      <TestCategory>
        <TestCategoryItem TestCategory="Category1000" />
      </TestCategory>
      <Execution id="b83d2862-ddc6-437d-8bae-225b5fd8b1b8" />
      <TestMethod codeBase="C:\Projekty\MSTestProject\bin\Debug\netcoreapp3.1\MSTestProject.dll" adapterTypeName="executor://mstestadapter/v2" className="TwojeWesele.Services.Helpers.Tests.CurrencyHelperTests" name="FormatToStringTest1000" />
    </UnitTest>
    <UnitTest name="FormatToStringTest1000 (52810.91713865516,52810.92 zł)" storage="c:\projekty\mstestproject\bin\debug\netcoreapp3.1\mstestproject.dll" id="ab957319-f1a8-40f1-872b-11c871648ea8">
      <TestCategory>
        <TestCategoryItem TestCategory="Category1000" />
      </TestCategory>
      <Execution id="c543d718-cb01-4c71-b6ea-074e48ff15a7" />
      <TestMethod codeBase="C:\Projekty\MSTestProject\bin\Debug\netcoreapp3.1\MSTestProject.dll" adapterTypeName="executor://mstestadapter/v2" className="TwojeWesele.Services.Helpers.Tests.CurrencyHelperTests" name="FormatToStringTest1000" />
    </UnitTest>
    <UnitTest name="FormatToStringTest1000 (52032.65082931176,52032.65 zł)" storage="c:\projekty\mstestproject\bin\debug\netcoreapp3.1\mstestproject.dll" id="8d0acc72-60f8-4249-bd9e-28b4202bf432">
      <TestCategory>
        <TestCategoryItem TestCategory="Category1000" />
      </TestCategory>
      <Execution id="7a533c2f-9c44-4303-ad16-5133f20ea378" />
      <TestMethod codeBase="C:\Projekty\MSTestProject\bin\Debug\netcoreapp3.1\MSTestProject.dll" adapterTypeName="executor://mstestadapter/v2" className="TwojeWesele.Services.Helpers.Tests.CurrencyHelperTests" name="FormatToStringTest1000" />
    </UnitTest>
    <UnitTest name="FormatToStringTest1000 (9068.70019550468,9068.70 zł)" storage="c:\projekty\mstestproject\bin\debug\netcoreapp3.1\mstestproject.dll" id="5580c728-41f4-4ca1-9805-7d62029b02be">
      <TestCategory>
        <TestCategoryItem TestCategory="Category1000" />
      </TestCategory>
      <Execution id="bc80d3e4-3283-4217-9118-db29df049b12" />
      <TestMethod codeBase="C:\Projekty\MSTestProject\bin\Debug\netcoreapp3.1\MSTestProject.dll" adapterTypeName="executor://mstestadapter/v2" className="TwojeWesele.Services.Helpers.Tests.CurrencyHelperTests" name="FormatToStringTest1000" />
    </UnitTest>
    <UnitTest name="FormatToStringTest1000 (3270.482477338743,3270.48 zł)" storage="c:\projekty\mstestproject\bin\debug\netcoreapp3.1\mstestproject.dll" id="e6e7d4d9-dba8-4ec1-90bf-4016548edf5d">
      <TestCategory>
        <TestCategoryItem TestCategory="Category1000" />
      </TestCategory>
      <Execution id="03b5e880-ccac-4104-9d24-9e52b1647c04" />
      <TestMethod codeBase="C:\Projekty\MSTestProject\bin\Debug\netcoreapp3.1\MSTestProject.dll" adapterTypeName="executor://mstestadapter/v2" className="TwojeWesele.Services.Helpers.Tests.CurrencyHelperTests" name="FormatToStringTest1000" />
    </UnitTest>
    <UnitTest name="FormatToStringTest1000 (30578.687538491416,30578.69 zł)" storage="c:\projekty\mstestproject\bin\debug\netcoreapp3.1\mstestproject.dll" id="d70b7b20-f09c-4b3c-a4bf-8f35af34cc68">
      <TestCategory>
        <TestCategoryItem TestCategory="Category1000" />
      </TestCategory>
      <Execution id="5bd90f08-e1cb-4d7b-98b4-3f0c28e74593" />
      <TestMethod codeBase="C:\Projekty\MSTestProject\bin\Debug\netcoreapp3.1\MSTestProject.dll" adapterTypeName="executor://mstestadapter/v2" className="TwojeWesele.Services.Helpers.Tests.CurrencyHelperTests" name="FormatToStringTest1000" />
    </UnitTest>
    <UnitTest name="FormatToStringTest1000 (14137.400697779563,14137.40 zł)" storage="c:\projekty\mstestproject\bin\debug\netcoreapp3.1\mstestproject.dll" id="3c00b0df-d16c-43d0-9b00-21e61737aaa4">
      <TestCategory>
        <TestCategoryItem TestCategory="Category1000" />
      </TestCategory>
      <Execution id="e74e30be-59f3-4b09-a50f-8c19c3dbd3f4" />
      <TestMethod codeBase="C:\Projekty\MSTestProject\bin\Debug\netcoreapp3.1\MSTestProject.dll" adapterTypeName="executor://mstestadapter/v2" className="TwojeWesele.Services.Helpers.Tests.CurrencyHelperTests" name="FormatToStringTest1000" />
    </UnitTest>
    <UnitTest name="FormatToStringTest1000 (11022.594234092438,11022.59 zł)" storage="c:\projekty\mstestproject\bin\debug\netcoreapp3.1\mstestproject.dll" id="e93b1844-74e2-4ee6-b69d-bd9655f232d0">
      <TestCategory>
        <TestCategoryItem TestCategory="Category1000" />
      </TestCategory>
      <Execution id="4a93d548-303b-4362-a503-592a1df0def5" />
      <TestMethod codeBase="C:\Projekty\MSTestProject\bin\Debug\netcoreapp3.1\MSTestProject.dll" adapterTypeName="executor://mstestadapter/v2" className="TwojeWesele.Services.Helpers.Tests.CurrencyHelperTests" name="FormatToStringTest1000" />
    </UnitTest>
    <UnitTest name="FormatToStringTest1000 (23174.85693288448,23174.86 zł)" storage="c:\projekty\mstestproject\bin\debug\netcoreapp3.1\mstestproject.dll" id="78ccda9d-d843-4b35-8a66-47c8cd3bbd92">
      <TestCategory>
        <TestCategoryItem TestCategory="Category1000" />
      </TestCategory>
      <Execution id="e0f9005e-9120-42aa-bcf4-cb936bdc9733" />
      <TestMethod codeBase="C:\Projekty\MSTestProject\bin\Debug\netcoreapp3.1\MSTestProject.dll" adapterTypeName="executor://mstestadapter/v2" className="TwojeWesele.Services.Helpers.Tests.CurrencyHelperTests" name="FormatToStringTest1000" />
    </UnitTest>
    <UnitTest name="FormatToStringTest1000 (68011.49219071423,68011.49 zł)" storage="c:\projekty\mstestproject\bin\debug\netcoreapp3.1\mstestproject.dll" id="2544c14b-b514-4a07-9b7f-7fcd975b191e">
      <TestCategory>
        <TestCategoryItem TestCategory="Category1000" />
      </TestCategory>
      <Execution id="a1b130cc-2499-49f0-90ab-1dd9990cc287" />
      <TestMethod codeBase="C:\Projekty\MSTestProject\bin\Debug\netcoreapp3.1\MSTestProject.dll" adapterTypeName="executor://mstestadapter/v2" className="TwojeWesele.Services.Helpers.Tests.CurrencyHelperTests" name="FormatToStringTest1000" />
    </UnitTest>
    <UnitTest name="FormatToStringTest1000 (28861.97337596769,28861.97 zł)" storage="c:\projekty\mstestproject\bin\debug\netcoreapp3.1\mstestproject.dll" id="10729ca7-8fa1-42fa-a126-8338b451829a">
      <TestCategory>
        <TestCategoryItem TestCategory="Category1000" />
      </TestCategory>
      <Execution id="0955dc0a-dae2-44ed-8248-7ef378f08a9b" />
      <TestMethod codeBase="C:\Projekty\MSTestProject\bin\Debug\netcoreapp3.1\MSTestProject.dll" adapterTypeName="executor://mstestadapter/v2" className="TwojeWesele.Services.Helpers.Tests.CurrencyHelperTests" name="FormatToStringTest1000" />
    </UnitTest>
    <UnitTest name="FormatToStringTest1000 (6654.099431086378,6654.10 zł)" storage="c:\projekty\mstestproject\bin\debug\netcoreapp3.1\mstestproject.dll" id="f126804c-b8e1-4700-873b-db18e6c43be0">
      <TestCategory>
        <TestCategoryItem TestCategory="Category1000" />
      </TestCategory>
      <Execution id="a64cc9a5-6e8c-4bc4-8472-6ed8fa8e8212" />
      <TestMethod codeBase="C:\Projekty\MSTestProject\bin\Debug\netcoreapp3.1\MSTestProject.dll" adapterTypeName="executor://mstestadapter/v2" className="TwojeWesele.Services.Helpers.Tests.CurrencyHelperTests" name="FormatToStringTest1000" />
    </UnitTest>
    <UnitTest name="FormatToStringTest1000 (4648.492795337221,4648.49 zł)" storage="c:\projekty\mstestproject\bin\debug\netcoreapp3.1\mstestproject.dll" id="88018673-4899-4c10-a85a-b7de11106786">
      <TestCategory>
        <TestCategoryItem TestCategory="Category1000" />
      </TestCategory>
      <Execution id="889e15af-ac83-4b42-a94d-66a5b3b1864c" />
      <TestMethod codeBase="C:\Projekty\MSTestProject\bin\Debug\netcoreapp3.1\MSTestProject.dll" adapterTypeName="executor://mstestadapter/v2" className="TwojeWesele.Services.Helpers.Tests.CurrencyHelperTests" name="FormatToStringTest1000" />
    </UnitTest>
    <UnitTest name="FormatToStringTest1000 (7182.939759099362,7182.94 zł)" storage="c:\projekty\mstestproject\bin\debug\netcoreapp3.1\mstestproject.dll" id="3eeb8869-f55d-4527-b9c8-06b404c3d9c8">
      <TestCategory>
        <TestCategoryItem TestCategory="Category1000" />
      </TestCategory>
      <Execution id="7d74c648-9aa6-4d2e-89ed-64509b79fbc1" />
      <TestMethod codeBase="C:\Projekty\MSTestProject\bin\Debug\netcoreapp3.1\MSTestProject.dll" adapterTypeName="executor://mstestadapter/v2" className="TwojeWesele.Services.Helpers.Tests.CurrencyHelperTests" name="FormatToStringTest1000" />
    </UnitTest>
    <UnitTest name="FormatToStringTest1000 (77919.64716867341,77919.65 zł)" storage="c:\projekty\mstestproject\bin\debug\netcoreapp3.1\mstestproject.dll" id="23f10f19-0755-4f65-9f38-974b3e6339d8">
      <TestCategory>
        <TestCategoryItem TestCategory="Category1000" />
      </TestCategory>
      <Execution id="e619ac20-0adc-45b4-b9ec-75fdf1f61e47" />
      <TestMethod codeBase="C:\Projekty\MSTestProject\bin\Debug\netcoreapp3.1\MSTestProject.dll" adapterTypeName="executor://mstestadapter/v2" className="TwojeWesele.Services.Helpers.Tests.CurrencyHelperTests" name="FormatToStringTest1000" />
    </UnitTest>
    <UnitTest name="FormatToStringTest1000 (58459.03113649601,58459.03 zł)" storage="c:\projekty\mstestproject\bin\debug\netcoreapp3.1\mstestproject.dll" id="f61e50d0-2814-4202-91dd-8fb9c98de6c0">
      <TestCategory>
        <TestCategoryItem TestCategory="Category1000" />
      </TestCategory>
      <Execution id="656c9ed7-7e3a-4a81-b1ab-d7b282e8ef98" />
      <TestMethod codeBase="C:\Projekty\MSTestProject\bin\Debug\netcoreapp3.1\MSTestProject.dll" adapterTypeName="executor://mstestadapter/v2" className="TwojeWesele.Services.Helpers.Tests.CurrencyHelperTests" name="FormatToStringTest1000" />
    </UnitTest>
    <UnitTest name="FormatToStringTest1000 (13508.811787825922,13508.81 zł)" storage="c:\projekty\mstestproject\bin\debug\netcoreapp3.1\mstestproject.dll" id="5b831138-f10a-4dc6-81e4-03eb3d393ce9">
      <TestCategory>
        <TestCategoryItem TestCategory="Category1000" />
      </TestCategory>
      <Execution id="465ebb03-79b7-456a-a3a8-00a80e3242ed" />
      <TestMethod codeBase="C:\Projekty\MSTestProject\bin\Debug\netcoreapp3.1\MSTestProject.dll" adapterTypeName="executor://mstestadapter/v2" className="TwojeWesele.Services.Helpers.Tests.CurrencyHelperTests" name="FormatToStringTest1000" />
    </UnitTest>
    <UnitTest name="FormatToStringTest1000 (12187.551827252633,12187.55 zł)" storage="c:\projekty\mstestproject\bin\debug\netcoreapp3.1\mstestproject.dll" id="fcb7c1e1-c05b-4ad8-8a87-b994845ec039">
      <TestCategory>
        <TestCategoryItem TestCategory="Category1000" />
      </TestCategory>
      <Execution id="95113226-53f7-4abc-b670-4efb94356fde" />
      <TestMethod codeBase="C:\Projekty\MSTestProject\bin\Debug\netcoreapp3.1\MSTestProject.dll" adapterTypeName="executor://mstestadapter/v2" className="TwojeWesele.Services.Helpers.Tests.CurrencyHelperTests" name="FormatToStringTest1000" />
    </UnitTest>
    <UnitTest name="FormatToStringTest1000 (2975.6892256134606,2975.69 zł)" storage="c:\projekty\mstestproject\bin\debug\netcoreapp3.1\mstestproject.dll" id="f64c695a-a311-4eb8-a5f9-2121ae32e404">
      <TestCategory>
        <TestCategoryItem TestCategory="Category1000" />
      </TestCategory>
      <Execution id="b2b7d65a-c6ab-48a2-8a14-91e8a4988c5a" />
      <TestMethod codeBase="C:\Projekty\MSTestProject\bin\Debug\netcoreapp3.1\MSTestProject.dll" adapterTypeName="executor://mstestadapter/v2" className="TwojeWesele.Services.Helpers.Tests.CurrencyHelperTests" name="FormatToStringTest1000" />
    </UnitTest>
    <UnitTest name="FormatToStringTest1000 (14910.573044539697,14910.57 zł)" storage="c:\projekty\mstestproject\bin\debug\netcoreapp3.1\mstestproject.dll" id="a749f101-93a3-4646-8e0e-0979ee70c4e6">
      <TestCategory>
        <TestCategoryItem TestCategory="Category1000" />
      </TestCategory>
      <Execution id="41c2540b-5607-4dea-a83f-07257e572e99" />
      <TestMethod codeBase="C:\Projekty\MSTestProject\bin\Debug\netcoreapp3.1\MSTestProject.dll" adapterTypeName="executor://mstestadapter/v2" className="TwojeWesele.Services.Helpers.Tests.CurrencyHelperTests" name="FormatToStringTest1000" />
    </UnitTest>
    <UnitTest name="FormatToStringTest1000 (17000.070169619317,17000.07 zł)" storage="c:\projekty\mstestproject\bin\debug\netcoreapp3.1\mstestproject.dll" id="8cd012e7-992f-4e52-a86f-68aa7c9c3766">
      <TestCategory>
        <TestCategoryItem TestCategory="Category1000" />
      </TestCategory>
      <Execution id="158da862-1c4f-4be6-85e1-aec74e56756d" />
      <TestMethod codeBase="C:\Projekty\MSTestProject\bin\Debug\netcoreapp3.1\MSTestProject.dll" adapterTypeName="executor://mstestadapter/v2" className="TwojeWesele.Services.Helpers.Tests.CurrencyHelperTests" name="FormatToStringTest1000" />
    </UnitTest>
    <UnitTest name="FormatToStringTest1000 (9628.688698104437,9628.69 zł)" storage="c:\projekty\mstestproject\bin\debug\netcoreapp3.1\mstestproject.dll" id="dc94e9c1-7d31-4700-9686-8c45e885eae6">
      <TestCategory>
        <TestCategoryItem TestCategory="Category1000" />
      </TestCategory>
      <Execution id="89440581-53f3-4505-af69-c385dd22b80c" />
      <TestMethod codeBase="C:\Projekty\MSTestProject\bin\Debug\netcoreapp3.1\MSTestProject.dll" adapterTypeName="executor://mstestadapter/v2" className="TwojeWesele.Services.Helpers.Tests.CurrencyHelperTests" name="FormatToStringTest1000" />
    </UnitTest>
    <UnitTest name="FormatToStringTest1000 (63946.51014057478,63946.51 zł)" storage="c:\projekty\mstestproject\bin\debug\netcoreapp3.1\mstestproject.dll" id="84e8fee0-114e-4fb1-829f-9a259077ad32">
      <TestCategory>
        <TestCategoryItem TestCategory="Category1000" />
      </TestCategory>
      <Execution id="fd920d5f-7d20-4a79-9355-d7eca13b865e" />
      <TestMethod codeBase="C:\Projekty\MSTestProject\bin\Debug\netcoreapp3.1\MSTestProject.dll" adapterTypeName="executor://mstestadapter/v2" className="TwojeWesele.Services.Helpers.Tests.CurrencyHelperTests" name="FormatToStringTest1000" />
    </UnitTest>
    <UnitTest name="FormatToStringTest1000 (66723.3293191657,66723.33 zł)" storage="c:\projekty\mstestproject\bin\debug\netcoreapp3.1\mstestproject.dll" id="5cc6029a-5375-426a-9fa1-5515a10895c4">
      <TestCategory>
        <TestCategoryItem TestCategory="Category1000" />
      </TestCategory>
      <Execution id="4b0e9884-bac1-48e4-8960-b85e756a338b" />
      <TestMethod codeBase="C:\Projekty\MSTestProject\bin\Debug\netcoreapp3.1\MSTestProject.dll" adapterTypeName="executor://mstestadapter/v2" className="TwojeWesele.Services.Helpers.Tests.CurrencyHelperTests" name="FormatToStringTest1000" />
    </UnitTest>
    <UnitTest name="FormatToStringTest1000 (19189.813662191766,19189.81 zł)" storage="c:\projekty\mstestproject\bin\debug\netcoreapp3.1\mstestproject.dll" id="b1170b55-9884-4cfd-a222-2a9153c86e8b">
      <TestCategory>
        <TestCategoryItem TestCategory="Category1000" />
      </TestCategory>
      <Execution id="64f3d0ce-b256-4091-b181-1dbe167c553a" />
      <TestMethod codeBase="C:\Projekty\MSTestProject\bin\Debug\netcoreapp3.1\MSTestProject.dll" adapterTypeName="executor://mstestadapter/v2" className="TwojeWesele.Services.Helpers.Tests.CurrencyHelperTests" name="FormatToStringTest1000" />
    </UnitTest>
    <UnitTest name="FormatToStringTest1000 (22153.282278674324,22153.28 zł)" storage="c:\projekty\mstestproject\bin\debug\netcoreapp3.1\mstestproject.dll" id="67307c41-ec37-4413-846b-0792bdaa989a">
      <TestCategory>
        <TestCategoryItem TestCategory="Category1000" />
      </TestCategory>
      <Execution id="910e734e-e520-4fd9-bbbc-3c00ac7cb7d0" />
      <TestMethod codeBase="C:\Projekty\MSTestProject\bin\Debug\netcoreapp3.1\MSTestProject.dll" adapterTypeName="executor://mstestadapter/v2" className="TwojeWesele.Services.Helpers.Tests.CurrencyHelperTests" name="FormatToStringTest1000" />
    </UnitTest>
    <UnitTest name="FormatToStringTest1000 (26174.290999793586,26174.29 zł)" storage="c:\projekty\mstestproject\bin\debug\netcoreapp3.1\mstestproject.dll" id="20d90d87-e2ac-4a18-9864-45a120cdc50b">
      <TestCategory>
        <TestCategoryItem TestCategory="Category1000" />
      </TestCategory>
      <Execution id="057f9a44-7d3a-412a-b3b3-ab78f9a809df" />
      <TestMethod codeBase="C:\Projekty\MSTestProject\bin\Debug\netcoreapp3.1\MSTestProject.dll" adapterTypeName="executor://mstestadapter/v2" className="TwojeWesele.Services.Helpers.Tests.CurrencyHelperTests" name="FormatToStringTest1000" />
    </UnitTest>
    <UnitTest name="FormatToStringTest1000 (1325.1625259114255,1325.16 zł)" storage="c:\projekty\mstestproject\bin\debug\netcoreapp3.1\mstestproject.dll" id="f42b4ae9-9354-4f53-85b9-10f9f7941125">
      <TestCategory>
        <TestCategoryItem TestCategory="Category1000" />
      </TestCategory>
      <Execution id="f4be3f36-162a-4ebe-a0ac-ce1a66302778" />
      <TestMethod codeBase="C:\Projekty\MSTestProject\bin\Debug\netcoreapp3.1\MSTestProject.dll" adapterTypeName="executor://mstestadapter/v2" className="TwojeWesele.Services.Helpers.Tests.CurrencyHelperTests" name="FormatToStringTest1000" />
    </UnitTest>
    <UnitTest name="FormatToStringTest1000 (42728.35751444258,42728.36 zł)" storage="c:\projekty\mstestproject\bin\debug\netcoreapp3.1\mstestproject.dll" id="70557501-89da-4628-9471-a322eaad1935">
      <TestCategory>
        <TestCategoryItem TestCategory="Category1000" />
      </TestCategory>
      <Execution id="4cbc6364-1d8e-49dd-bf14-43cd49e10517" />
      <TestMethod codeBase="C:\Projekty\MSTestProject\bin\Debug\netcoreapp3.1\MSTestProject.dll" adapterTypeName="executor://mstestadapter/v2" className="TwojeWesele.Services.Helpers.Tests.CurrencyHelperTests" name="FormatToStringTest1000" />
    </UnitTest>
    <UnitTest name="FormatToStringTest1000 (49672.98901987402,49672.99 zł)" storage="c:\projekty\mstestproject\bin\debug\netcoreapp3.1\mstestproject.dll" id="dd3c3854-9581-4a51-b740-809fef2227ab">
      <TestCategory>
        <TestCategoryItem TestCategory="Category1000" />
      </TestCategory>
      <Execution id="894f6d93-75c3-4258-9762-780fc12820eb" />
      <TestMethod codeBase="C:\Projekty\MSTestProject\bin\Debug\netcoreapp3.1\MSTestProject.dll" adapterTypeName="executor://mstestadapter/v2" className="TwojeWesele.Services.Helpers.Tests.CurrencyHelperTests" name="FormatToStringTest1000" />
    </UnitTest>
    <UnitTest name="FormatToStringTest1000 (38961.459057294516,38961.46 zł)" storage="c:\projekty\mstestproject\bin\debug\netcoreapp3.1\mstestproject.dll" id="3bb839b8-94d3-408b-9d9b-20a2eabe5ef1">
      <TestCategory>
        <TestCategoryItem TestCategory="Category1000" />
      </TestCategory>
      <Execution id="26cd6888-143d-45b9-99c0-2df18e37ee77" />
      <TestMethod codeBase="C:\Projekty\MSTestProject\bin\Debug\netcoreapp3.1\MSTestProject.dll" adapterTypeName="executor://mstestadapter/v2" className="TwojeWesele.Services.Helpers.Tests.CurrencyHelperTests" name="FormatToStringTest1000" />
    </UnitTest>
    <UnitTest name="FormatToStringTest1000 (3274.481392617096,3274.48 zł)" storage="c:\projekty\mstestproject\bin\debug\netcoreapp3.1\mstestproject.dll" id="1e0095f0-6499-41eb-a9d2-47e5c8ff6b55">
      <TestCategory>
        <TestCategoryItem TestCategory="Category1000" />
      </TestCategory>
      <Execution id="20daf242-3b01-40e2-83d9-9c306ef5ccea" />
      <TestMethod codeBase="C:\Projekty\MSTestProject\bin\Debug\netcoreapp3.1\MSTestProject.dll" adapterTypeName="executor://mstestadapter/v2" className="TwojeWesele.Services.Helpers.Tests.CurrencyHelperTests" name="FormatToStringTest1000" />
    </UnitTest>
    <UnitTest name="FormatToStringTest1000 (7407.385606687696,7407.39 zł)" storage="c:\projekty\mstestproject\bin\debug\netcoreapp3.1\mstestproject.dll" id="a40d2787-581b-4408-a378-d6916c7254c0">
      <TestCategory>
        <TestCategoryItem TestCategory="Category1000" />
      </TestCategory>
      <Execution id="6efbcbe7-1569-4365-9a75-810e75df793b" />
      <TestMethod codeBase="C:\Projekty\MSTestProject\bin\Debug\netcoreapp3.1\MSTestProject.dll" adapterTypeName="executor://mstestadapter/v2" className="TwojeWesele.Services.Helpers.Tests.CurrencyHelperTests" name="FormatToStringTest1000" />
    </UnitTest>
    <UnitTest name="FormatToStringTest1000 (57809.74722876295,57809.75 zł)" storage="c:\projekty\mstestproject\bin\debug\netcoreapp3.1\mstestproject.dll" id="c37b610c-95f0-480c-8adf-08febb535b4e">
      <TestCategory>
        <TestCategoryItem TestCategory="Category1000" />
      </TestCategory>
      <Execution id="dadea65f-cada-4c00-a0b9-d3ff0067d08f" />
      <TestMethod codeBase="C:\Projekty\MSTestProject\bin\Debug\netcoreapp3.1\MSTestProject.dll" adapterTypeName="executor://mstestadapter/v2" className="TwojeWesele.Services.Helpers.Tests.CurrencyHelperTests" name="FormatToStringTest1000" />
    </UnitTest>
    <UnitTest name="FormatToStringTest1000 (59283.7670322637,59283.77 zł)" storage="c:\projekty\mstestproject\bin\debug\netcoreapp3.1\mstestproject.dll" id="983d7d9c-e0f9-4503-b6d3-9794cbddb8c1">
      <TestCategory>
        <TestCategoryItem TestCategory="Category1000" />
      </TestCategory>
      <Execution id="5374eb72-f01d-47ab-be87-4b7854a658ac" />
      <TestMethod codeBase="C:\Projekty\MSTestProject\bin\Debug\netcoreapp3.1\MSTestProject.dll" adapterTypeName="executor://mstestadapter/v2" className="TwojeWesele.Services.Helpers.Tests.CurrencyHelperTests" name="FormatToStringTest1000" />
    </UnitTest>
    <UnitTest name="FormatToStringTest1000 (41873.517751020154,41873.52 zł)" storage="c:\projekty\mstestproject\bin\debug\netcoreapp3.1\mstestproject.dll" id="74404b40-b618-46db-bf2c-6be02b73bc0c">
      <TestCategory>
        <TestCategoryItem TestCategory="Category1000" />
      </TestCategory>
      <Execution id="1a803689-d701-4afa-abb5-83d1457299aa" />
      <TestMethod codeBase="C:\Projekty\MSTestProject\bin\Debug\netcoreapp3.1\MSTestProject.dll" adapterTypeName="executor://mstestadapter/v2" className="TwojeWesele.Services.Helpers.Tests.CurrencyHelperTests" name="FormatToStringTest1000" />
    </UnitTest>
    <UnitTest name="FormatToStringTest1000 (3195.202943510936,3195.20 zł)" storage="c:\projekty\mstestproject\bin\debug\netcoreapp3.1\mstestproject.dll" id="2c627e24-ade8-4382-bcc4-1806cdbc9ce9">
      <TestCategory>
        <TestCategoryItem TestCategory="Category1000" />
      </TestCategory>
      <Execution id="f550d7b8-c99f-4a53-b35c-f4111b3a1d77" />
      <TestMethod codeBase="C:\Projekty\MSTestProject\bin\Debug\netcoreapp3.1\MSTestProject.dll" adapterTypeName="executor://mstestadapter/v2" className="TwojeWesele.Services.Helpers.Tests.CurrencyHelperTests" name="FormatToStringTest1000" />
    </UnitTest>
    <UnitTest name="FormatToStringTest1000 (14480.387652530982,14480.39 zł)" storage="c:\projekty\mstestproject\bin\debug\netcoreapp3.1\mstestproject.dll" id="5642d7c0-87b9-42ad-a31f-dce8d43c410e">
      <TestCategory>
        <TestCategoryItem TestCategory="Category1000" />
      </TestCategory>
      <Execution id="045cecc1-7bf3-4418-84fb-44c585bc8d09" />
      <TestMethod codeBase="C:\Projekty\MSTestProject\bin\Debug\netcoreapp3.1\MSTestProject.dll" adapterTypeName="executor://mstestadapter/v2" className="TwojeWesele.Services.Helpers.Tests.CurrencyHelperTests" name="FormatToStringTest1000" />
    </UnitTest>
    <UnitTest name="FormatToStringTest1000 (50009.23881716898,50009.24 zł)" storage="c:\projekty\mstestproject\bin\debug\netcoreapp3.1\mstestproject.dll" id="ad1a5e14-80ab-44ea-910d-1e05b4ec7fd3">
      <TestCategory>
        <TestCategoryItem TestCategory="Category1000" />
      </TestCategory>
      <Execution id="7ded09fc-c2b4-43f8-8387-5ab38c898407" />
      <TestMethod codeBase="C:\Projekty\MSTestProject\bin\Debug\netcoreapp3.1\MSTestProject.dll" adapterTypeName="executor://mstestadapter/v2" className="TwojeWesele.Services.Helpers.Tests.CurrencyHelperTests" name="FormatToStringTest1000" />
    </UnitTest>
    <UnitTest name="FormatToStringTest1000 (59283.48311990662,59283.48 zł)" storage="c:\projekty\mstestproject\bin\debug\netcoreapp3.1\mstestproject.dll" id="f9a5c75a-fb61-4da9-955f-a90f805c71d8">
      <TestCategory>
        <TestCategoryItem TestCategory="Category1000" />
      </TestCategory>
      <Execution id="d97ae617-c079-491c-a545-31e4cebfa46c" />
      <TestMethod codeBase="C:\Projekty\MSTestProject\bin\Debug\netcoreapp3.1\MSTestProject.dll" adapterTypeName="executor://mstestadapter/v2" className="TwojeWesele.Services.Helpers.Tests.CurrencyHelperTests" name="FormatToStringTest1000" />
    </UnitTest>
    <UnitTest name="FormatToStringTest1000 (55030.929183896136,55030.93 zł)" storage="c:\projekty\mstestproject\bin\debug\netcoreapp3.1\mstestproject.dll" id="eac2d07c-59c7-4184-b466-aa8b46b2e7d2">
      <TestCategory>
        <TestCategoryItem TestCategory="Category1000" />
      </TestCategory>
      <Execution id="d14cd1dc-ad6c-4203-b0ff-a39f37124e8c" />
      <TestMethod codeBase="C:\Projekty\MSTestProject\bin\Debug\netcoreapp3.1\MSTestProject.dll" adapterTypeName="executor://mstestadapter/v2" className="TwojeWesele.Services.Helpers.Tests.CurrencyHelperTests" name="FormatToStringTest1000" />
    </UnitTest>
    <UnitTest name="FormatToStringTest1000 (9897.705953436767,9897.71 zł)" storage="c:\projekty\mstestproject\bin\debug\netcoreapp3.1\mstestproject.dll" id="be994d76-13ce-449b-b7ac-96df97d1ad31">
      <TestCategory>
        <TestCategoryItem TestCategory="Category1000" />
      </TestCategory>
      <Execution id="d943193e-8fbe-4a51-ab2c-c3bdc8c24bef" />
      <TestMethod codeBase="C:\Projekty\MSTestProject\bin\Debug\netcoreapp3.1\MSTestProject.dll" adapterTypeName="executor://mstestadapter/v2" className="TwojeWesele.Services.Helpers.Tests.CurrencyHelperTests" name="FormatToStringTest1000" />
    </UnitTest>
    <UnitTest name="FormatToStringTest1000 (53192.79032742269,53192.79 zł)" storage="c:\projekty\mstestproject\bin\debug\netcoreapp3.1\mstestproject.dll" id="7108d375-ae5f-4593-9057-a1c8525de2c5">
      <TestCategory>
        <TestCategoryItem TestCategory="Category1000" />
      </TestCategory>
      <Execution id="bb108993-2e76-44ec-b11a-ef3ac0adf426" />
      <TestMethod codeBase="C:\Projekty\MSTestProject\bin\Debug\netcoreapp3.1\MSTestProject.dll" adapterTypeName="executor://mstestadapter/v2" className="TwojeWesele.Services.Helpers.Tests.CurrencyHelperTests" name="FormatToStringTest1000" />
    </UnitTest>
    <UnitTest name="FormatToStringTest1000 (36893.66238331593,36893.66 zł)" storage="c:\projekty\mstestproject\bin\debug\netcoreapp3.1\mstestproject.dll" id="c9e308fd-27be-4308-855b-3bb62592f3fc">
      <TestCategory>
        <TestCategoryItem TestCategory="Category1000" />
      </TestCategory>
      <Execution id="2124e9fe-0e15-4c01-8417-777c5c63fb76" />
      <TestMethod codeBase="C:\Projekty\MSTestProject\bin\Debug\netcoreapp3.1\MSTestProject.dll" adapterTypeName="executor://mstestadapter/v2" className="TwojeWesele.Services.Helpers.Tests.CurrencyHelperTests" name="FormatToStringTest1000" />
    </UnitTest>
    <UnitTest name="FormatToStringTest1000 (972.1468308629221,972.15 zł)" storage="c:\projekty\mstestproject\bin\debug\netcoreapp3.1\mstestproject.dll" id="188bf273-943b-47c0-a7d7-6a9457ef7cb0">
      <TestCategory>
        <TestCategoryItem TestCategory="Category1000" />
      </TestCategory>
      <Execution id="ecaf8927-bbe3-4154-974d-bc38e85da2e9" />
      <TestMethod codeBase="C:\Projekty\MSTestProject\bin\Debug\netcoreapp3.1\MSTestProject.dll" adapterTypeName="executor://mstestadapter/v2" className="TwojeWesele.Services.Helpers.Tests.CurrencyHelperTests" name="FormatToStringTest1000" />
    </UnitTest>
    <UnitTest name="FormatToStringTest1000 (51529.79033960206,51529.79 zł)" storage="c:\projekty\mstestproject\bin\debug\netcoreapp3.1\mstestproject.dll" id="3139249f-0a9d-4913-8887-f48e44e050c2">
      <TestCategory>
        <TestCategoryItem TestCategory="Category1000" />
      </TestCategory>
      <Execution id="691abb56-ca97-4345-8908-c060c05fcd4a" />
      <TestMethod codeBase="C:\Projekty\MSTestProject\bin\Debug\netcoreapp3.1\MSTestProject.dll" adapterTypeName="executor://mstestadapter/v2" className="TwojeWesele.Services.Helpers.Tests.CurrencyHelperTests" name="FormatToStringTest1000" />
    </UnitTest>
    <UnitTest name="FormatToStringTest1000 (29796.909338079815,29796.91 zł)" storage="c:\projekty\mstestproject\bin\debug\netcoreapp3.1\mstestproject.dll" id="a2050dcd-81da-4986-bd50-1fdefb59ace8">
      <TestCategory>
        <TestCategoryItem TestCategory="Category1000" />
      </TestCategory>
      <Execution id="0de6fed4-9b10-4401-bb61-d69595450b0a" />
      <TestMethod codeBase="C:\Projekty\MSTestProject\bin\Debug\netcoreapp3.1\MSTestProject.dll" adapterTypeName="executor://mstestadapter/v2" className="TwojeWesele.Services.Helpers.Tests.CurrencyHelperTests" name="FormatToStringTest1000" />
    </UnitTest>
    <UnitTest name="FormatToStringTest1000 (35145.379208063416,35145.38 zł)" storage="c:\projekty\mstestproject\bin\debug\netcoreapp3.1\mstestproject.dll" id="9e1b4cde-beab-4d83-a67a-121e6200b013">
      <TestCategory>
        <TestCategoryItem TestCategory="Category1000" />
      </TestCategory>
      <Execution id="98b282af-dd48-48a4-9ed5-95af39e0360c" />
      <TestMethod codeBase="C:\Projekty\MSTestProject\bin\Debug\netcoreapp3.1\MSTestProject.dll" adapterTypeName="executor://mstestadapter/v2" className="TwojeWesele.Services.Helpers.Tests.CurrencyHelperTests" name="FormatToStringTest1000" />
    </UnitTest>
    <UnitTest name="FormatToStringTest1000 (750.5106571719566,750.51 zł)" storage="c:\projekty\mstestproject\bin\debug\netcoreapp3.1\mstestproject.dll" id="c2835329-e96e-40d0-a2cb-f101c26e3ec2">
      <TestCategory>
        <TestCategoryItem TestCategory="Category1000" />
      </TestCategory>
      <Execution id="1548edc8-f1f4-4881-97c7-36c06cad8943" />
      <TestMethod codeBase="C:\Projekty\MSTestProject\bin\Debug\netcoreapp3.1\MSTestProject.dll" adapterTypeName="executor://mstestadapter/v2" className="TwojeWesele.Services.Helpers.Tests.CurrencyHelperTests" name="FormatToStringTest1000" />
    </UnitTest>
    <UnitTest name="FormatToStringTest1000 (3030.9461949132133,3030.95 zł)" storage="c:\projekty\mstestproject\bin\debug\netcoreapp3.1\mstestproject.dll" id="47c03846-2736-4efa-a607-f6201f6b72c5">
      <TestCategory>
        <TestCategoryItem TestCategory="Category1000" />
      </TestCategory>
      <Execution id="d4054770-8fbd-47f4-9359-34d7ecdcfedf" />
      <TestMethod codeBase="C:\Projekty\MSTestProject\bin\Debug\netcoreapp3.1\MSTestProject.dll" adapterTypeName="executor://mstestadapter/v2" className="TwojeWesele.Services.Helpers.Tests.CurrencyHelperTests" name="FormatToStringTest1000" />
    </UnitTest>
    <UnitTest name="FormatToStringTest1000 (33206.73122987837,33206.73 zł)" storage="c:\projekty\mstestproject\bin\debug\netcoreapp3.1\mstestproject.dll" id="603be560-8b69-4d68-9ee9-e267881a7483">
      <TestCategory>
        <TestCategoryItem TestCategory="Category1000" />
      </TestCategory>
      <Execution id="f7e20df1-7100-4c3f-be1b-8548ffd25bcc" />
      <TestMethod codeBase="C:\Projekty\MSTestProject\bin\Debug\netcoreapp3.1\MSTestProject.dll" adapterTypeName="executor://mstestadapter/v2" className="TwojeWesele.Services.Helpers.Tests.CurrencyHelperTests" name="FormatToStringTest1000" />
    </UnitTest>
    <UnitTest name="FormatToStringTest1000 (3506.8456124108498,3506.85 zł)" storage="c:\projekty\mstestproject\bin\debug\netcoreapp3.1\mstestproject.dll" id="a9a7feb2-c95b-4828-96a7-bf44a18d1fe9">
      <TestCategory>
        <TestCategoryItem TestCategory="Category1000" />
      </TestCategory>
      <Execution id="fc90c4ec-4cba-47f0-b960-439af5af1f82" />
      <TestMethod codeBase="C:\Projekty\MSTestProject\bin\Debug\netcoreapp3.1\MSTestProject.dll" adapterTypeName="executor://mstestadapter/v2" className="TwojeWesele.Services.Helpers.Tests.CurrencyHelperTests" name="FormatToStringTest1000" />
    </UnitTest>
    <UnitTest name="FormatToStringTest1000 (22291.653251342315,22291.65 zł)" storage="c:\projekty\mstestproject\bin\debug\netcoreapp3.1\mstestproject.dll" id="f30d071c-f51f-45bc-a590-8a6c4a454d77">
      <TestCategory>
        <TestCategoryItem TestCategory="Category1000" />
      </TestCategory>
      <Execution id="182dfdd1-ff17-4df0-adf7-6e7c2ff44f8f" />
      <TestMethod codeBase="C:\Projekty\MSTestProject\bin\Debug\netcoreapp3.1\MSTestProject.dll" adapterTypeName="executor://mstestadapter/v2" className="TwojeWesele.Services.Helpers.Tests.CurrencyHelperTests" name="FormatToStringTest1000" />
    </UnitTest>
    <UnitTest name="FormatToStringTest1000 (9634.398811461124,9634.40 zł)" storage="c:\projekty\mstestproject\bin\debug\netcoreapp3.1\mstestproject.dll" id="4c9406cb-0110-42ed-9ece-298d5c1843a0">
      <TestCategory>
        <TestCategoryItem TestCategory="Category1000" />
      </TestCategory>
      <Execution id="fbe44f3f-91e2-44d9-be3f-e26df29fd941" />
      <TestMethod codeBase="C:\Projekty\MSTestProject\bin\Debug\netcoreapp3.1\MSTestProject.dll" adapterTypeName="executor://mstestadapter/v2" className="TwojeWesele.Services.Helpers.Tests.CurrencyHelperTests" name="FormatToStringTest1000" />
    </UnitTest>
    <UnitTest name="FormatToStringTest1000 (3907.8681317963024,3907.87 zł)" storage="c:\projekty\mstestproject\bin\debug\netcoreapp3.1\mstestproject.dll" id="eb47714e-7007-41bf-900b-7bd3fb6356fd">
      <TestCategory>
        <TestCategoryItem TestCategory="Category1000" />
      </TestCategory>
      <Execution id="dba781ae-3f69-45a7-be7e-80066e2ee921" />
      <TestMethod codeBase="C:\Projekty\MSTestProject\bin\Debug\netcoreapp3.1\MSTestProject.dll" adapterTypeName="executor://mstestadapter/v2" className="TwojeWesele.Services.Helpers.Tests.CurrencyHelperTests" name="FormatToStringTest1000" />
    </UnitTest>
    <UnitTest name="FormatToStringTest1000 (34136.0993783046,34136.10 zł)" storage="c:\projekty\mstestproject\bin\debug\netcoreapp3.1\mstestproject.dll" id="7e95da32-0ad7-4217-933f-28dffd5ac629">
      <TestCategory>
        <TestCategoryItem TestCategory="Category1000" />
      </TestCategory>
      <Execution id="8c0bec1d-1402-4afc-838e-eb92e8c0669f" />
      <TestMethod codeBase="C:\Projekty\MSTestProject\bin\Debug\netcoreapp3.1\MSTestProject.dll" adapterTypeName="executor://mstestadapter/v2" className="TwojeWesele.Services.Helpers.Tests.CurrencyHelperTests" name="FormatToStringTest1000" />
    </UnitTest>
    <UnitTest name="FormatToStringTest1000 (26686.08488193065,26686.08 zł)" storage="c:\projekty\mstestproject\bin\debug\netcoreapp3.1\mstestproject.dll" id="479b0546-51bd-4dfa-b1a3-a20a97ae3790">
      <TestCategory>
        <TestCategoryItem TestCategory="Category1000" />
      </TestCategory>
      <Execution id="8484707d-03f3-46d8-884f-235a74bdd704" />
      <TestMethod codeBase="C:\Projekty\MSTestProject\bin\Debug\netcoreapp3.1\MSTestProject.dll" adapterTypeName="executor://mstestadapter/v2" className="TwojeWesele.Services.Helpers.Tests.CurrencyHelperTests" name="FormatToStringTest1000" />
    </UnitTest>
    <UnitTest name="FormatToStringTest1000 (4812.162927013898,4812.16 zł)" storage="c:\projekty\mstestproject\bin\debug\netcoreapp3.1\mstestproject.dll" id="69374be0-7208-47a0-80aa-5096768d460b">
      <TestCategory>
        <TestCategoryItem TestCategory="Category1000" />
      </TestCategory>
      <Execution id="525965a0-a36d-49f7-91a7-280d0d10adba" />
      <TestMethod codeBase="C:\Projekty\MSTestProject\bin\Debug\netcoreapp3.1\MSTestProject.dll" adapterTypeName="executor://mstestadapter/v2" className="TwojeWesele.Services.Helpers.Tests.CurrencyHelperTests" name="FormatToStringTest1000" />
    </UnitTest>
    <UnitTest name="FormatToStringTest1000 (85407.13428016152,85407.13 zł)" storage="c:\projekty\mstestproject\bin\debug\netcoreapp3.1\mstestproject.dll" id="58cb1d43-4a4d-422e-9dc7-cffc66b40fd4">
      <TestCategory>
        <TestCategoryItem TestCategory="Category1000" />
      </TestCategory>
      <Execution id="97f0b910-5370-4748-87dd-27493c1e1c27" />
      <TestMethod codeBase="C:\Projekty\MSTestProject\bin\Debug\netcoreapp3.1\MSTestProject.dll" adapterTypeName="executor://mstestadapter/v2" className="TwojeWesele.Services.Helpers.Tests.CurrencyHelperTests" name="FormatToStringTest1000" />
    </UnitTest>
    <UnitTest name="FormatToStringTest1000 (5507.360659962688,5507.36 zł)" storage="c:\projekty\mstestproject\bin\debug\netcoreapp3.1\mstestproject.dll" id="0f39b2c9-bb8e-4595-ab5c-06d81f40bdb3">
      <TestCategory>
        <TestCategoryItem TestCategory="Category1000" />
      </TestCategory>
      <Execution id="1be5eced-446d-4e21-b41b-0ef150dd6a32" />
      <TestMethod codeBase="C:\Projekty\MSTestProject\bin\Debug\netcoreapp3.1\MSTestProject.dll" adapterTypeName="executor://mstestadapter/v2" className="TwojeWesele.Services.Helpers.Tests.CurrencyHelperTests" name="FormatToStringTest1000" />
    </UnitTest>
    <UnitTest name="FormatToStringTest1000 (7671.0039663785155,7671.00 zł)" storage="c:\projekty\mstestproject\bin\debug\netcoreapp3.1\mstestproject.dll" id="d7c64a05-302a-451c-854e-c641fffeaa5d">
      <TestCategory>
        <TestCategoryItem TestCategory="Category1000" />
      </TestCategory>
      <Execution id="aa068ba2-445c-414b-bdbd-41774c013430" />
      <TestMethod codeBase="C:\Projekty\MSTestProject\bin\Debug\netcoreapp3.1\MSTestProject.dll" adapterTypeName="executor://mstestadapter/v2" className="TwojeWesele.Services.Helpers.Tests.CurrencyHelperTests" name="FormatToStringTest1000" />
    </UnitTest>
    <UnitTest name="FormatToStringTest1000 (60701.5177499319,60701.52 zł)" storage="c:\projekty\mstestproject\bin\debug\netcoreapp3.1\mstestproject.dll" id="e1ebb59b-d24e-4695-8ac5-643969bf1a4b">
      <TestCategory>
        <TestCategoryItem TestCategory="Category1000" />
      </TestCategory>
      <Execution id="0ec4f05b-c275-43c4-8895-696a163d6ef7" />
      <TestMethod codeBase="C:\Projekty\MSTestProject\bin\Debug\netcoreapp3.1\MSTestProject.dll" adapterTypeName="executor://mstestadapter/v2" className="TwojeWesele.Services.Helpers.Tests.CurrencyHelperTests" name="FormatToStringTest1000" />
    </UnitTest>
    <UnitTest name="FormatToStringTest1000 (27027.327683509946,27027.33 zł)" storage="c:\projekty\mstestproject\bin\debug\netcoreapp3.1\mstestproject.dll" id="75602d42-184a-414e-87e5-1950ee54a94a">
      <TestCategory>
        <TestCategoryItem TestCategory="Category1000" />
      </TestCategory>
      <Execution id="852a8b47-925c-4867-aa2d-78f29a2b5de7" />
      <TestMethod codeBase="C:\Projekty\MSTestProject\bin\Debug\netcoreapp3.1\MSTestProject.dll" adapterTypeName="executor://mstestadapter/v2" className="TwojeWesele.Services.Helpers.Tests.CurrencyHelperTests" name="FormatToStringTest1000" />
    </UnitTest>
    <UnitTest name="FormatToStringTest1000 (25990.318498101697,25990.32 zł)" storage="c:\projekty\mstestproject\bin\debug\netcoreapp3.1\mstestproject.dll" id="d7441ca2-6396-4df4-86f0-ed0777af0be9">
      <TestCategory>
        <TestCategoryItem TestCategory="Category1000" />
      </TestCategory>
      <Execution id="7c3c1b26-79af-402f-a89e-f6fc4fa695a7" />
      <TestMethod codeBase="C:\Projekty\MSTestProject\bin\Debug\netcoreapp3.1\MSTestProject.dll" adapterTypeName="executor://mstestadapter/v2" className="TwojeWesele.Services.Helpers.Tests.CurrencyHelperTests" name="FormatToStringTest1000" />
    </UnitTest>
    <UnitTest name="FormatToStringTest1000 (26529.10838037036,26529.11 zł)" storage="c:\projekty\mstestproject\bin\debug\netcoreapp3.1\mstestproject.dll" id="bbf1182b-ba81-4935-882a-9807046f5a12">
      <TestCategory>
        <TestCategoryItem TestCategory="Category1000" />
      </TestCategory>
      <Execution id="9426bd33-099a-480b-867d-8385f250070d" />
      <TestMethod codeBase="C:\Projekty\MSTestProject\bin\Debug\netcoreapp3.1\MSTestProject.dll" adapterTypeName="executor://mstestadapter/v2" className="TwojeWesele.Services.Helpers.Tests.CurrencyHelperTests" name="FormatToStringTest1000" />
    </UnitTest>
    <UnitTest name="FormatToStringTest1000 (28306.369434126827,28306.37 zł)" storage="c:\projekty\mstestproject\bin\debug\netcoreapp3.1\mstestproject.dll" id="3f793599-55c9-4c9f-80dd-c3b2a232082d">
      <TestCategory>
        <TestCategoryItem TestCategory="Category1000" />
      </TestCategory>
      <Execution id="5ec5f430-73b1-452f-a5c0-42574f304b90" />
      <TestMethod codeBase="C:\Projekty\MSTestProject\bin\Debug\netcoreapp3.1\MSTestProject.dll" adapterTypeName="executor://mstestadapter/v2" className="TwojeWesele.Services.Helpers.Tests.CurrencyHelperTests" name="FormatToStringTest1000" />
    </UnitTest>
    <UnitTest name="FormatToStringTest1000 (7569.605888796322,7569.61 zł)" storage="c:\projekty\mstestproject\bin\debug\netcoreapp3.1\mstestproject.dll" id="621b3384-7f1e-4a27-99c8-f0a5bdc48019">
      <TestCategory>
        <TestCategoryItem TestCategory="Category1000" />
      </TestCategory>
      <Execution id="23bd8592-4dcb-4d62-9d78-6bce7968fa26" />
      <TestMethod codeBase="C:\Projekty\MSTestProject\bin\Debug\netcoreapp3.1\MSTestProject.dll" adapterTypeName="executor://mstestadapter/v2" className="TwojeWesele.Services.Helpers.Tests.CurrencyHelperTests" name="FormatToStringTest1000" />
    </UnitTest>
    <UnitTest name="FormatToStringTest1000 (47964.941885361884,47964.94 zł)" storage="c:\projekty\mstestproject\bin\debug\netcoreapp3.1\mstestproject.dll" id="ee959269-c29d-46fd-8253-9ee2773fc27d">
      <TestCategory>
        <TestCategoryItem TestCategory="Category1000" />
      </TestCategory>
      <Execution id="075bb39b-d022-4a23-9f2b-28dbb68085fb" />
      <TestMethod codeBase="C:\Projekty\MSTestProject\bin\Debug\netcoreapp3.1\MSTestProject.dll" adapterTypeName="executor://mstestadapter/v2" className="TwojeWesele.Services.Helpers.Tests.CurrencyHelperTests" name="FormatToStringTest1000" />
    </UnitTest>
    <UnitTest name="FormatToStringTest1000 (17031.365705376662,17031.37 zł)" storage="c:\projekty\mstestproject\bin\debug\netcoreapp3.1\mstestproject.dll" id="6d0280f4-48b0-486b-b6f9-24749b5657bc">
      <TestCategory>
        <TestCategoryItem TestCategory="Category1000" />
      </TestCategory>
      <Execution id="1bc07490-c065-47fe-a64e-500653463b9f" />
      <TestMethod codeBase="C:\Projekty\MSTestProject\bin\Debug\netcoreapp3.1\MSTestProject.dll" adapterTypeName="executor://mstestadapter/v2" className="TwojeWesele.Services.Helpers.Tests.CurrencyHelperTests" name="FormatToStringTest1000" />
    </UnitTest>
    <UnitTest name="FormatToStringTest1000 (93775.33090185716,93775.33 zł)" storage="c:\projekty\mstestproject\bin\debug\netcoreapp3.1\mstestproject.dll" id="71015ae5-81ab-4e34-b1dc-fc37b723af1f">
      <TestCategory>
        <TestCategoryItem TestCategory="Category1000" />
      </TestCategory>
      <Execution id="1cda41a7-3f31-405c-82bc-f34d62eecf19" />
      <TestMethod codeBase="C:\Projekty\MSTestProject\bin\Debug\netcoreapp3.1\MSTestProject.dll" adapterTypeName="executor://mstestadapter/v2" className="TwojeWesele.Services.Helpers.Tests.CurrencyHelperTests" name="FormatToStringTest1000" />
    </UnitTest>
    <UnitTest name="FormatToStringTest1000 (30111.54342534372,30111.54 zł)" storage="c:\projekty\mstestproject\bin\debug\netcoreapp3.1\mstestproject.dll" id="efe843f9-14ae-4755-87a7-d02b3f3ca39d">
      <TestCategory>
        <TestCategoryItem TestCategory="Category1000" />
      </TestCategory>
      <Execution id="8fdd6612-d282-4157-b650-908ccb696665" />
      <TestMethod codeBase="C:\Projekty\MSTestProject\bin\Debug\netcoreapp3.1\MSTestProject.dll" adapterTypeName="executor://mstestadapter/v2" className="TwojeWesele.Services.Helpers.Tests.CurrencyHelperTests" name="FormatToStringTest1000" />
    </UnitTest>
    <UnitTest name="FormatToStringTest1000 (13197.65136269417,13197.65 zł)" storage="c:\projekty\mstestproject\bin\debug\netcoreapp3.1\mstestproject.dll" id="b29585e0-014f-4e8a-99f1-faeac86a6091">
      <TestCategory>
        <TestCategoryItem TestCategory="Category1000" />
      </TestCategory>
      <Execution id="a079d0dc-c377-41ea-9037-19cfaa5f8570" />
      <TestMethod codeBase="C:\Projekty\MSTestProject\bin\Debug\netcoreapp3.1\MSTestProject.dll" adapterTypeName="executor://mstestadapter/v2" className="TwojeWesele.Services.Helpers.Tests.CurrencyHelperTests" name="FormatToStringTest1000" />
    </UnitTest>
    <UnitTest name="FormatToStringTest1000 (1300.9430775404642,1300.94 zł)" storage="c:\projekty\mstestproject\bin\debug\netcoreapp3.1\mstestproject.dll" id="b22211c8-c129-479f-96ed-f70d927e6571">
      <TestCategory>
        <TestCategoryItem TestCategory="Category1000" />
      </TestCategory>
      <Execution id="a2e4c107-47d1-46bf-9d0b-d47679414876" />
      <TestMethod codeBase="C:\Projekty\MSTestProject\bin\Debug\netcoreapp3.1\MSTestProject.dll" adapterTypeName="executor://mstestadapter/v2" className="TwojeWesele.Services.Helpers.Tests.CurrencyHelperTests" name="FormatToStringTest1000" />
    </UnitTest>
    <UnitTest name="FormatToStringTest1000 (22592.465903659566,22592.47 zł)" storage="c:\projekty\mstestproject\bin\debug\netcoreapp3.1\mstestproject.dll" id="5f8d10bb-0bdb-489f-8537-2cae3011d16d">
      <TestCategory>
        <TestCategoryItem TestCategory="Category1000" />
      </TestCategory>
      <Execution id="77b4c632-8117-4d63-ad74-9adc2dccb822" />
      <TestMethod codeBase="C:\Projekty\MSTestProject\bin\Debug\netcoreapp3.1\MSTestProject.dll" adapterTypeName="executor://mstestadapter/v2" className="TwojeWesele.Services.Helpers.Tests.CurrencyHelperTests" name="FormatToStringTest1000" />
    </UnitTest>
    <UnitTest name="FormatToStringTest1000 (1669.555150571072,1669.56 zł)" storage="c:\projekty\mstestproject\bin\debug\netcoreapp3.1\mstestproject.dll" id="1730648e-7e2d-4a9a-b45c-be5b38ebc2b4">
      <TestCategory>
        <TestCategoryItem TestCategory="Category1000" />
      </TestCategory>
      <Execution id="f746211e-928f-4bed-a059-133d6adca41e" />
      <TestMethod codeBase="C:\Projekty\MSTestProject\bin\Debug\netcoreapp3.1\MSTestProject.dll" adapterTypeName="executor://mstestadapter/v2" className="TwojeWesele.Services.Helpers.Tests.CurrencyHelperTests" name="FormatToStringTest1000" />
    </UnitTest>
    <UnitTest name="FormatToStringTest1000 (35248.53555717996,35248.54 zł)" storage="c:\projekty\mstestproject\bin\debug\netcoreapp3.1\mstestproject.dll" id="f955c564-891f-43c3-af5e-433ab73c4eeb">
      <TestCategory>
        <TestCategoryItem TestCategory="Category1000" />
      </TestCategory>
      <Execution id="81c9514e-9fd9-4fa9-9088-71f6fdeaa6c6" />
      <TestMethod codeBase="C:\Projekty\MSTestProject\bin\Debug\netcoreapp3.1\MSTestProject.dll" adapterTypeName="executor://mstestadapter/v2" className="TwojeWesele.Services.Helpers.Tests.CurrencyHelperTests" name="FormatToStringTest1000" />
    </UnitTest>
    <UnitTest name="FormatToStringTest1000 (23612.114499758984,23612.11 zł)" storage="c:\projekty\mstestproject\bin\debug\netcoreapp3.1\mstestproject.dll" id="61c45964-48cd-48d9-8a4a-bf10b05848bc">
      <TestCategory>
        <TestCategoryItem TestCategory="Category1000" />
      </TestCategory>
      <Execution id="94f45742-56cc-419c-9df1-396ab21f9814" />
      <TestMethod codeBase="C:\Projekty\MSTestProject\bin\Debug\netcoreapp3.1\MSTestProject.dll" adapterTypeName="executor://mstestadapter/v2" className="TwojeWesele.Services.Helpers.Tests.CurrencyHelperTests" name="FormatToStringTest1000" />
    </UnitTest>
    <UnitTest name="FormatToStringTest1000 (54088.326214851964,54088.33 zł)" storage="c:\projekty\mstestproject\bin\debug\netcoreapp3.1\mstestproject.dll" id="20746484-53ef-480a-ac31-09dabb51f9af">
      <TestCategory>
        <TestCategoryItem TestCategory="Category1000" />
      </TestCategory>
      <Execution id="42d3bb84-2e4d-470f-9d7c-3341d2bc1f5f" />
      <TestMethod codeBase="C:\Projekty\MSTestProject\bin\Debug\netcoreapp3.1\MSTestProject.dll" adapterTypeName="executor://mstestadapter/v2" className="TwojeWesele.Services.Helpers.Tests.CurrencyHelperTests" name="FormatToStringTest1000" />
    </UnitTest>
    <UnitTest name="FormatToStringTest1000 (31391.358864880804,31391.36 zł)" storage="c:\projekty\mstestproject\bin\debug\netcoreapp3.1\mstestproject.dll" id="d88c1192-b224-4a30-96ac-c60745a93b2a">
      <TestCategory>
        <TestCategoryItem TestCategory="Category1000" />
      </TestCategory>
      <Execution id="9e64e046-748f-4ac9-b744-6252809df964" />
      <TestMethod codeBase="C:\Projekty\MSTestProject\bin\Debug\netcoreapp3.1\MSTestProject.dll" adapterTypeName="executor://mstestadapter/v2" className="TwojeWesele.Services.Helpers.Tests.CurrencyHelperTests" name="FormatToStringTest1000" />
    </UnitTest>
    <UnitTest name="FormatToStringTest1000 (87505.85936583664,87505.86 zł)" storage="c:\projekty\mstestproject\bin\debug\netcoreapp3.1\mstestproject.dll" id="4be6ac13-c32a-4cbd-8fbc-da6b9c270e53">
      <TestCategory>
        <TestCategoryItem TestCategory="Category1000" />
      </TestCategory>
      <Execution id="8fa0fecc-aafe-4f36-b799-cb7dc6dc14d8" />
      <TestMethod codeBase="C:\Projekty\MSTestProject\bin\Debug\netcoreapp3.1\MSTestProject.dll" adapterTypeName="executor://mstestadapter/v2" className="TwojeWesele.Services.Helpers.Tests.CurrencyHelperTests" name="FormatToStringTest1000" />
    </UnitTest>
    <UnitTest name="FormatToStringTest1000 (18208.8422650126,18208.84 zł)" storage="c:\projekty\mstestproject\bin\debug\netcoreapp3.1\mstestproject.dll" id="46645656-a12e-4712-ad53-7b889f8efce9">
      <TestCategory>
        <TestCategoryItem TestCategory="Category1000" />
      </TestCategory>
      <Execution id="a1bc26c4-3153-4dc5-9b92-042cc8e3b598" />
      <TestMethod codeBase="C:\Projekty\MSTestProject\bin\Debug\netcoreapp3.1\MSTestProject.dll" adapterTypeName="executor://mstestadapter/v2" className="TwojeWesele.Services.Helpers.Tests.CurrencyHelperTests" name="FormatToStringTest1000" />
    </UnitTest>
    <UnitTest name="FormatToStringTest1000 (2835.0728237931958,2835.07 zł)" storage="c:\projekty\mstestproject\bin\debug\netcoreapp3.1\mstestproject.dll" id="0e5a372d-a731-4bbc-8a4f-8b29b5f5179b">
      <TestCategory>
        <TestCategoryItem TestCategory="Category1000" />
      </TestCategory>
      <Execution id="f13227ef-8192-4868-9545-8ee27db4cd3e" />
      <TestMethod codeBase="C:\Projekty\MSTestProject\bin\Debug\netcoreapp3.1\MSTestProject.dll" adapterTypeName="executor://mstestadapter/v2" className="TwojeWesele.Services.Helpers.Tests.CurrencyHelperTests" name="FormatToStringTest1000" />
    </UnitTest>
    <UnitTest name="FormatToStringTest1000 (45887.58415794167,45887.58 zł)" storage="c:\projekty\mstestproject\bin\debug\netcoreapp3.1\mstestproject.dll" id="83f1a006-27a0-490e-a8e7-711f6870822e">
      <TestCategory>
        <TestCategoryItem TestCategory="Category1000" />
      </TestCategory>
      <Execution id="46503522-2ba4-41ce-82c7-c8d7e0eb14e9" />
      <TestMethod codeBase="C:\Projekty\MSTestProject\bin\Debug\netcoreapp3.1\MSTestProject.dll" adapterTypeName="executor://mstestadapter/v2" className="TwojeWesele.Services.Helpers.Tests.CurrencyHelperTests" name="FormatToStringTest1000" />
    </UnitTest>
    <UnitTest name="FormatToStringTest1000 (12528.413830086782,12528.41 zł)" storage="c:\projekty\mstestproject\bin\debug\netcoreapp3.1\mstestproject.dll" id="29a489aa-73a3-422a-a18c-2e64f5cfbe43">
      <TestCategory>
        <TestCategoryItem TestCategory="Category1000" />
      </TestCategory>
      <Execution id="a438bf29-28a6-43af-8be0-f0f2ce276a87" />
      <TestMethod codeBase="C:\Projekty\MSTestProject\bin\Debug\netcoreapp3.1\MSTestProject.dll" adapterTypeName="executor://mstestadapter/v2" className="TwojeWesele.Services.Helpers.Tests.CurrencyHelperTests" name="FormatToStringTest1000" />
    </UnitTest>
    <UnitTest name="FormatToStringTest1000 (33413.381276228174,33413.38 zł)" storage="c:\projekty\mstestproject\bin\debug\netcoreapp3.1\mstestproject.dll" id="305bfb8f-621b-4a8b-96d0-279300157103">
      <TestCategory>
        <TestCategoryItem TestCategory="Category1000" />
      </TestCategory>
      <Execution id="2a857a4e-8827-4871-8f93-f9c8f94ea7b9" />
      <TestMethod codeBase="C:\Projekty\MSTestProject\bin\Debug\netcoreapp3.1\MSTestProject.dll" adapterTypeName="executor://mstestadapter/v2" className="TwojeWesele.Services.Helpers.Tests.CurrencyHelperTests" name="FormatToStringTest1000" />
    </UnitTest>
    <UnitTest name="FormatToStringTest1000 (15509.637406484986,15509.64 zł)" storage="c:\projekty\mstestproject\bin\debug\netcoreapp3.1\mstestproject.dll" id="ec230f36-78de-44ca-bc76-ac369909c402">
      <TestCategory>
        <TestCategoryItem TestCategory="Category1000" />
      </TestCategory>
      <Execution id="b0f9ec08-8360-4613-9282-3a1f6ac3af05" />
      <TestMethod codeBase="C:\Projekty\MSTestProject\bin\Debug\netcoreapp3.1\MSTestProject.dll" adapterTypeName="executor://mstestadapter/v2" className="TwojeWesele.Services.Helpers.Tests.CurrencyHelperTests" name="FormatToStringTest1000" />
    </UnitTest>
    <UnitTest name="FormatToStringTest1000 (36320.770035296104,36320.77 zł)" storage="c:\projekty\mstestproject\bin\debug\netcoreapp3.1\mstestproject.dll" id="496577de-5ff6-487f-8dd5-e3a76db19474">
      <TestCategory>
        <TestCategoryItem TestCategory="Category1000" />
      </TestCategory>
      <Execution id="c537d163-737d-4f55-9323-8a4c97ded3d5" />
      <TestMethod codeBase="C:\Projekty\MSTestProject\bin\Debug\netcoreapp3.1\MSTestProject.dll" adapterTypeName="executor://mstestadapter/v2" className="TwojeWesele.Services.Helpers.Tests.CurrencyHelperTests" name="FormatToStringTest1000" />
    </UnitTest>
    <UnitTest name="FormatToStringTest1000 (8901.937138443784,8901.94 zł)" storage="c:\projekty\mstestproject\bin\debug\netcoreapp3.1\mstestproject.dll" id="9fe90b9e-a4a4-4a54-b748-a5b2136df17a">
      <TestCategory>
        <TestCategoryItem TestCategory="Category1000" />
      </TestCategory>
      <Execution id="4230f7b1-00a7-4306-a1d3-4188c42201b7" />
      <TestMethod codeBase="C:\Projekty\MSTestProject\bin\Debug\netcoreapp3.1\MSTestProject.dll" adapterTypeName="executor://mstestadapter/v2" className="TwojeWesele.Services.Helpers.Tests.CurrencyHelperTests" name="FormatToStringTest1000" />
    </UnitTest>
    <UnitTest name="FormatToStringTest1000 (27794.8671353957,27794.87 zł)" storage="c:\projekty\mstestproject\bin\debug\netcoreapp3.1\mstestproject.dll" id="f93e2cb0-b83e-4531-9fcd-f3bef6420c3b">
      <TestCategory>
        <TestCategoryItem TestCategory="Category1000" />
      </TestCategory>
      <Execution id="17c56d0b-823d-4986-bc6c-e35a84c35aeb" />
      <TestMethod codeBase="C:\Projekty\MSTestProject\bin\Debug\netcoreapp3.1\MSTestProject.dll" adapterTypeName="executor://mstestadapter/v2" className="TwojeWesele.Services.Helpers.Tests.CurrencyHelperTests" name="FormatToStringTest1000" />
    </UnitTest>
    <UnitTest name="FormatToStringTest1000 (14198.39903067723,14198.40 zł)" storage="c:\projekty\mstestproject\bin\debug\netcoreapp3.1\mstestproject.dll" id="97678a88-3931-46e6-b38a-44f6d8b9de6d">
      <TestCategory>
        <TestCategoryItem TestCategory="Category1000" />
      </TestCategory>
      <Execution id="5498f039-e355-45c7-91d7-15257b866d5e" />
      <TestMethod codeBase="C:\Projekty\MSTestProject\bin\Debug\netcoreapp3.1\MSTestProject.dll" adapterTypeName="executor://mstestadapter/v2" className="TwojeWesele.Services.Helpers.Tests.CurrencyHelperTests" name="FormatToStringTest1000" />
    </UnitTest>
    <UnitTest name="FormatToStringTest1000 (18340.8953197882,18340.90 zł)" storage="c:\projekty\mstestproject\bin\debug\netcoreapp3.1\mstestproject.dll" id="766630d4-cab1-4877-9381-eeb37fcebeca">
      <TestCategory>
        <TestCategoryItem TestCategory="Category1000" />
      </TestCategory>
      <Execution id="4c595cc2-34d3-4997-9eb3-67cbdbd57397" />
      <TestMethod codeBase="C:\Projekty\MSTestProject\bin\Debug\netcoreapp3.1\MSTestProject.dll" adapterTypeName="executor://mstestadapter/v2" className="TwojeWesele.Services.Helpers.Tests.CurrencyHelperTests" name="FormatToStringTest1000" />
    </UnitTest>
    <UnitTest name="FormatToStringTest1000 (64887.45559046951,64887.46 zł)" storage="c:\projekty\mstestproject\bin\debug\netcoreapp3.1\mstestproject.dll" id="61ae8230-5f07-4372-8c4f-c682754b95c6">
      <TestCategory>
        <TestCategoryItem TestCategory="Category1000" />
      </TestCategory>
      <Execution id="37578d4a-b13d-486b-ad39-ed6a851a9a9e" />
      <TestMethod codeBase="C:\Projekty\MSTestProject\bin\Debug\netcoreapp3.1\MSTestProject.dll" adapterTypeName="executor://mstestadapter/v2" className="TwojeWesele.Services.Helpers.Tests.CurrencyHelperTests" name="FormatToStringTest1000" />
    </UnitTest>
    <UnitTest name="FormatToStringTest1000 (22330.217605518745,22330.22 zł)" storage="c:\projekty\mstestproject\bin\debug\netcoreapp3.1\mstestproject.dll" id="1014676c-6a02-4fb3-bfd8-fe4b56f8c8cf">
      <TestCategory>
        <TestCategoryItem TestCategory="Category1000" />
      </TestCategory>
      <Execution id="f4ddeb9a-9313-4a02-86f7-7ee80fe519e3" />
      <TestMethod codeBase="C:\Projekty\MSTestProject\bin\Debug\netcoreapp3.1\MSTestProject.dll" adapterTypeName="executor://mstestadapter/v2" className="TwojeWesele.Services.Helpers.Tests.CurrencyHelperTests" name="FormatToStringTest1000" />
    </UnitTest>
    <UnitTest name="FormatToStringTest1000 (19071.681252896637,19071.68 zł)" storage="c:\projekty\mstestproject\bin\debug\netcoreapp3.1\mstestproject.dll" id="2c9ba519-dd1f-4327-94a8-0df7917d25cc">
      <TestCategory>
        <TestCategoryItem TestCategory="Category1000" />
      </TestCategory>
      <Execution id="eeeb9f3b-39db-447e-be62-106cf3732d5b" />
      <TestMethod codeBase="C:\Projekty\MSTestProject\bin\Debug\netcoreapp3.1\MSTestProject.dll" adapterTypeName="executor://mstestadapter/v2" className="TwojeWesele.Services.Helpers.Tests.CurrencyHelperTests" name="FormatToStringTest1000" />
    </UnitTest>
    <UnitTest name="FormatToStringTest1000 (8211.920994553679,8211.92 zł)" storage="c:\projekty\mstestproject\bin\debug\netcoreapp3.1\mstestproject.dll" id="ee276530-8b1e-4cc5-9bf2-d63bcbc80fed">
      <TestCategory>
        <TestCategoryItem TestCategory="Category1000" />
      </TestCategory>
      <Execution id="4d217764-7cc1-4667-bc92-5c0766cd3a96" />
      <TestMethod codeBase="C:\Projekty\MSTestProject\bin\Debug\netcoreapp3.1\MSTestProject.dll" adapterTypeName="executor://mstestadapter/v2" className="TwojeWesele.Services.Helpers.Tests.CurrencyHelperTests" name="FormatToStringTest1000" />
    </UnitTest>
    <UnitTest name="FormatToStringTest1000 (14035.12972514477,14035.13 zł)" storage="c:\projekty\mstestproject\bin\debug\netcoreapp3.1\mstestproject.dll" id="32a3c169-1f03-4d59-a77a-cf35b3087130">
      <TestCategory>
        <TestCategoryItem TestCategory="Category1000" />
      </TestCategory>
      <Execution id="749dbb5d-7851-48b9-ad63-110ba921f59a" />
      <TestMethod codeBase="C:\Projekty\MSTestProject\bin\Debug\netcoreapp3.1\MSTestProject.dll" adapterTypeName="executor://mstestadapter/v2" className="TwojeWesele.Services.Helpers.Tests.CurrencyHelperTests" name="FormatToStringTest1000" />
    </UnitTest>
    <UnitTest name="FormatToStringTest1000 (36760.171806480816,36760.17 zł)" storage="c:\projekty\mstestproject\bin\debug\netcoreapp3.1\mstestproject.dll" id="1937cca8-8247-4a97-be7a-2f94a84c94ce">
      <TestCategory>
        <TestCategoryItem TestCategory="Category1000" />
      </TestCategory>
      <Execution id="e2019743-0146-4fa6-a159-85eeae09d961" />
      <TestMethod codeBase="C:\Projekty\MSTestProject\bin\Debug\netcoreapp3.1\MSTestProject.dll" adapterTypeName="executor://mstestadapter/v2" className="TwojeWesele.Services.Helpers.Tests.CurrencyHelperTests" name="FormatToStringTest1000" />
    </UnitTest>
    <UnitTest name="FormatToStringTest1000 (9994.9471861026,9994.95 zł)" storage="c:\projekty\mstestproject\bin\debug\netcoreapp3.1\mstestproject.dll" id="f080b045-fcb5-49bf-88ad-5d1910d59e86">
      <TestCategory>
        <TestCategoryItem TestCategory="Category1000" />
      </TestCategory>
      <Execution id="3843d6ca-2935-4e16-9bf3-5db8f0c76116" />
      <TestMethod codeBase="C:\Projekty\MSTestProject\bin\Debug\netcoreapp3.1\MSTestProject.dll" adapterTypeName="executor://mstestadapter/v2" className="TwojeWesele.Services.Helpers.Tests.CurrencyHelperTests" name="FormatToStringTest1000" />
    </UnitTest>
    <UnitTest name="FormatToStringTest1000 (12308.022158465357,12308.02 zł)" storage="c:\projekty\mstestproject\bin\debug\netcoreapp3.1\mstestproject.dll" id="ca3d62f3-b466-42c1-b89a-0cd1fda5b6fc">
      <TestCategory>
        <TestCategoryItem TestCategory="Category1000" />
      </TestCategory>
      <Execution id="d0cd205a-fc98-4faa-ad57-c67b78dae7fb" />
      <TestMethod codeBase="C:\Projekty\MSTestProject\bin\Debug\netcoreapp3.1\MSTestProject.dll" adapterTypeName="executor://mstestadapter/v2" className="TwojeWesele.Services.Helpers.Tests.CurrencyHelperTests" name="FormatToStringTest1000" />
    </UnitTest>
    <UnitTest name="FormatToStringTest1000 (26133.133789601336,26133.13 zł)" storage="c:\projekty\mstestproject\bin\debug\netcoreapp3.1\mstestproject.dll" id="404bb1c9-81c9-460a-b7b5-1e37bb52c18b">
      <TestCategory>
        <TestCategoryItem TestCategory="Category1000" />
      </TestCategory>
      <Execution id="5bba2908-b595-4c2a-bcab-cbd63deb657a" />
      <TestMethod codeBase="C:\Projekty\MSTestProject\bin\Debug\netcoreapp3.1\MSTestProject.dll" adapterTypeName="executor://mstestadapter/v2" className="TwojeWesele.Services.Helpers.Tests.CurrencyHelperTests" name="FormatToStringTest1000" />
    </UnitTest>
    <UnitTest name="FormatToStringTest1000 (9754.291367935619,9754.29 zł)" storage="c:\projekty\mstestproject\bin\debug\netcoreapp3.1\mstestproject.dll" id="8ac23f32-5246-43ba-9dfe-9fb8f30c9292">
      <TestCategory>
        <TestCategoryItem TestCategory="Category1000" />
      </TestCategory>
      <Execution id="4c282813-d706-4b48-8cbb-f22f9024c755" />
      <TestMethod codeBase="C:\Projekty\MSTestProject\bin\Debug\netcoreapp3.1\MSTestProject.dll" adapterTypeName="executor://mstestadapter/v2" className="TwojeWesele.Services.Helpers.Tests.CurrencyHelperTests" name="FormatToStringTest1000" />
    </UnitTest>
    <UnitTest name="FormatToStringTest1000 (54724.71040318008,54724.71 zł)" storage="c:\projekty\mstestproject\bin\debug\netcoreapp3.1\mstestproject.dll" id="43aae864-6e6a-4376-b1c0-7c2f1e1883f3">
      <TestCategory>
        <TestCategoryItem TestCategory="Category1000" />
      </TestCategory>
      <Execution id="6aff520c-db9c-4b85-805b-959e4a0db1a7" />
      <TestMethod codeBase="C:\Projekty\MSTestProject\bin\Debug\netcoreapp3.1\MSTestProject.dll" adapterTypeName="executor://mstestadapter/v2" className="TwojeWesele.Services.Helpers.Tests.CurrencyHelperTests" name="FormatToStringTest1000" />
    </UnitTest>
    <UnitTest name="FormatToStringTest1000 (45603.90324273142,45603.90 zł)" storage="c:\projekty\mstestproject\bin\debug\netcoreapp3.1\mstestproject.dll" id="7e148e7f-00b3-4fe4-bbba-9ad316e5ae05">
      <TestCategory>
        <TestCategoryItem TestCategory="Category1000" />
      </TestCategory>
      <Execution id="bb58e7c5-512a-4540-8dbb-2eb296b7a746" />
      <TestMethod codeBase="C:\Projekty\MSTestProject\bin\Debug\netcoreapp3.1\MSTestProject.dll" adapterTypeName="executor://mstestadapter/v2" className="TwojeWesele.Services.Helpers.Tests.CurrencyHelperTests" name="FormatToStringTest1000" />
    </UnitTest>
    <UnitTest name="FormatToStringTest1000 (20116.958341299072,20116.96 zł)" storage="c:\projekty\mstestproject\bin\debug\netcoreapp3.1\mstestproject.dll" id="f229ee96-7a72-4227-a7a2-91d968d2ff45">
      <TestCategory>
        <TestCategoryItem TestCategory="Category1000" />
      </TestCategory>
      <Execution id="3a9de0af-8985-452b-877e-e30d28cef94c" />
      <TestMethod codeBase="C:\Projekty\MSTestProject\bin\Debug\netcoreapp3.1\MSTestProject.dll" adapterTypeName="executor://mstestadapter/v2" className="TwojeWesele.Services.Helpers.Tests.CurrencyHelperTests" name="FormatToStringTest1000" />
    </UnitTest>
    <UnitTest name="FormatToStringTest1000 (6752.510462437062,6752.51 zł)" storage="c:\projekty\mstestproject\bin\debug\netcoreapp3.1\mstestproject.dll" id="726bb44b-67cb-4e68-8406-2bbd7acb727d">
      <TestCategory>
        <TestCategoryItem TestCategory="Category1000" />
      </TestCategory>
      <Execution id="64548576-375c-4719-b5a2-db281edc62f4" />
      <TestMethod codeBase="C:\Projekty\MSTestProject\bin\Debug\netcoreapp3.1\MSTestProject.dll" adapterTypeName="executor://mstestadapter/v2" className="TwojeWesele.Services.Helpers.Tests.CurrencyHelperTests" name="FormatToStringTest1000" />
    </UnitTest>
    <UnitTest name="FormatToStringTest1000 (50585.83664522778,50585.84 zł)" storage="c:\projekty\mstestproject\bin\debug\netcoreapp3.1\mstestproject.dll" id="65dca4a8-b1ef-46bc-98a8-30f4019c0e7d">
      <TestCategory>
        <TestCategoryItem TestCategory="Category1000" />
      </TestCategory>
      <Execution id="47ea8f1b-6199-4c8a-b025-b7a5305d3135" />
      <TestMethod codeBase="C:\Projekty\MSTestProject\bin\Debug\netcoreapp3.1\MSTestProject.dll" adapterTypeName="executor://mstestadapter/v2" className="TwojeWesele.Services.Helpers.Tests.CurrencyHelperTests" name="FormatToStringTest1000" />
    </UnitTest>
    <UnitTest name="FormatToStringTest1000 (31971.185406704986,31971.19 zł)" storage="c:\projekty\mstestproject\bin\debug\netcoreapp3.1\mstestproject.dll" id="2124a7cd-f196-4f51-9080-59c2109de768">
      <TestCategory>
        <TestCategoryItem TestCategory="Category1000" />
      </TestCategory>
      <Execution id="48cc61db-40c9-444a-a34e-28d7c61e2c9d" />
      <TestMethod codeBase="C:\Projekty\MSTestProject\bin\Debug\netcoreapp3.1\MSTestProject.dll" adapterTypeName="executor://mstestadapter/v2" className="TwojeWesele.Services.Helpers.Tests.CurrencyHelperTests" name="FormatToStringTest1000" />
    </UnitTest>
    <UnitTest name="FormatToStringTest1000 (3503.9809179231434,3503.98 zł)" storage="c:\projekty\mstestproject\bin\debug\netcoreapp3.1\mstestproject.dll" id="8d986b9f-85ac-4900-9e0c-bb2fd9562c13">
      <TestCategory>
        <TestCategoryItem TestCategory="Category1000" />
      </TestCategory>
      <Execution id="4c4344ce-ce05-4d56-afed-039cde7aa3cc" />
      <TestMethod codeBase="C:\Projekty\MSTestProject\bin\Debug\netcoreapp3.1\MSTestProject.dll" adapterTypeName="executor://mstestadapter/v2" className="TwojeWesele.Services.Helpers.Tests.CurrencyHelperTests" name="FormatToStringTest1000" />
    </UnitTest>
    <UnitTest name="FormatToStringTest1000 (79764.77845563217,79764.78 zł)" storage="c:\projekty\mstestproject\bin\debug\netcoreapp3.1\mstestproject.dll" id="885a4e16-4170-4d41-a52b-66630962fe91">
      <TestCategory>
        <TestCategoryItem TestCategory="Category1000" />
      </TestCategory>
      <Execution id="8ba556be-18e3-454c-962d-99c2f8e0d04c" />
      <TestMethod codeBase="C:\Projekty\MSTestProject\bin\Debug\netcoreapp3.1\MSTestProject.dll" adapterTypeName="executor://mstestadapter/v2" className="TwojeWesele.Services.Helpers.Tests.CurrencyHelperTests" name="FormatToStringTest1000" />
    </UnitTest>
    <UnitTest name="FormatToStringTest1000 (25440.18371476614,25440.18 zł)" storage="c:\projekty\mstestproject\bin\debug\netcoreapp3.1\mstestproject.dll" id="6cdb1a71-a418-47e6-b6cb-a1802ebf01df">
      <TestCategory>
        <TestCategoryItem TestCategory="Category1000" />
      </TestCategory>
      <Execution id="fbf0dc35-db6d-401f-9d26-a392ef418333" />
      <TestMethod codeBase="C:\Projekty\MSTestProject\bin\Debug\netcoreapp3.1\MSTestProject.dll" adapterTypeName="executor://mstestadapter/v2" className="TwojeWesele.Services.Helpers.Tests.CurrencyHelperTests" name="FormatToStringTest1000" />
    </UnitTest>
    <UnitTest name="FormatToStringTest1000 (1614.2516601789982,1614.25 zł)" storage="c:\projekty\mstestproject\bin\debug\netcoreapp3.1\mstestproject.dll" id="9fa4a142-ac39-4913-bfa1-23960d7c3f76">
      <TestCategory>
        <TestCategoryItem TestCategory="Category1000" />
      </TestCategory>
      <Execution id="b3756ef2-2bdf-40f0-94a7-66ea6e3c4882" />
      <TestMethod codeBase="C:\Projekty\MSTestProject\bin\Debug\netcoreapp3.1\MSTestProject.dll" adapterTypeName="executor://mstestadapter/v2" className="TwojeWesele.Services.Helpers.Tests.CurrencyHelperTests" name="FormatToStringTest1000" />
    </UnitTest>
    <UnitTest name="FormatToStringTest1000 (1821.7083499085663,1821.71 zł)" storage="c:\projekty\mstestproject\bin\debug\netcoreapp3.1\mstestproject.dll" id="5fc97bfc-b912-4f29-96d1-ff3b46efe593">
      <TestCategory>
        <TestCategoryItem TestCategory="Category1000" />
      </TestCategory>
      <Execution id="6bcf1a2e-499b-4d10-9a26-e6447008cd7c" />
      <TestMethod codeBase="C:\Projekty\MSTestProject\bin\Debug\netcoreapp3.1\MSTestProject.dll" adapterTypeName="executor://mstestadapter/v2" className="TwojeWesele.Services.Helpers.Tests.CurrencyHelperTests" name="FormatToStringTest1000" />
    </UnitTest>
    <UnitTest name="FormatToStringTest1000 (13745.115971449817,13745.12 zł)" storage="c:\projekty\mstestproject\bin\debug\netcoreapp3.1\mstestproject.dll" id="ba64db1d-e3b6-48db-a3c0-2e49373f5f39">
      <TestCategory>
        <TestCategoryItem TestCategory="Category1000" />
      </TestCategory>
      <Execution id="1a918ed1-e8f9-46c3-abeb-71e4b774dca2" />
      <TestMethod codeBase="C:\Projekty\MSTestProject\bin\Debug\netcoreapp3.1\MSTestProject.dll" adapterTypeName="executor://mstestadapter/v2" className="TwojeWesele.Services.Helpers.Tests.CurrencyHelperTests" name="FormatToStringTest1000" />
    </UnitTest>
    <UnitTest name="FormatToStringTest1000 (6946.333318357977,6946.33 zł)" storage="c:\projekty\mstestproject\bin\debug\netcoreapp3.1\mstestproject.dll" id="a268d0b5-2b6d-4092-8c1a-8c0e776b8b5c">
      <TestCategory>
        <TestCategoryItem TestCategory="Category1000" />
      </TestCategory>
      <Execution id="48ff383a-ee0a-431d-abf2-62152dd4c232" />
      <TestMethod codeBase="C:\Projekty\MSTestProject\bin\Debug\netcoreapp3.1\MSTestProject.dll" adapterTypeName="executor://mstestadapter/v2" className="TwojeWesele.Services.Helpers.Tests.CurrencyHelperTests" name="FormatToStringTest1000" />
    </UnitTest>
    <UnitTest name="FormatToStringTest1000 (19796.212103914568,19796.21 zł)" storage="c:\projekty\mstestproject\bin\debug\netcoreapp3.1\mstestproject.dll" id="da47058a-6d1e-4a08-8415-381a3dd9455c">
      <TestCategory>
        <TestCategoryItem TestCategory="Category1000" />
      </TestCategory>
      <Execution id="2cd8298e-39ed-4127-baeb-4ab90235c6e9" />
      <TestMethod codeBase="C:\Projekty\MSTestProject\bin\Debug\netcoreapp3.1\MSTestProject.dll" adapterTypeName="executor://mstestadapter/v2" className="TwojeWesele.Services.Helpers.Tests.CurrencyHelperTests" name="FormatToStringTest1000" />
    </UnitTest>
    <UnitTest name="FormatToStringTest1000 (16986.338876065027,16986.34 zł)" storage="c:\projekty\mstestproject\bin\debug\netcoreapp3.1\mstestproject.dll" id="1a31a351-641b-44fc-aec7-991dec2909f7">
      <TestCategory>
        <TestCategoryItem TestCategory="Category1000" />
      </TestCategory>
      <Execution id="cf85b94b-9c96-4cd4-9508-b65d08ec0f2c" />
      <TestMethod codeBase="C:\Projekty\MSTestProject\bin\Debug\netcoreapp3.1\MSTestProject.dll" adapterTypeName="executor://mstestadapter/v2" className="TwojeWesele.Services.Helpers.Tests.CurrencyHelperTests" name="FormatToStringTest1000" />
    </UnitTest>
    <UnitTest name="FormatToStringTest1000 (14867.726341984107,14867.73 zł)" storage="c:\projekty\mstestproject\bin\debug\netcoreapp3.1\mstestproject.dll" id="aec122ff-5604-4c1d-ac97-47c3d831279e">
      <TestCategory>
        <TestCategoryItem TestCategory="Category1000" />
      </TestCategory>
      <Execution id="b51ed5f8-707c-4c2c-8338-e58a73860442" />
      <TestMethod codeBase="C:\Projekty\MSTestProject\bin\Debug\netcoreapp3.1\MSTestProject.dll" adapterTypeName="executor://mstestadapter/v2" className="TwojeWesele.Services.Helpers.Tests.CurrencyHelperTests" name="FormatToStringTest1000" />
    </UnitTest>
    <UnitTest name="FormatToStringTest1000 (1676.7913981754293,1676.79 zł)" storage="c:\projekty\mstestproject\bin\debug\netcoreapp3.1\mstestproject.dll" id="fd76795e-4ea9-4f2b-8b69-17a3779d8d3b">
      <TestCategory>
        <TestCategoryItem TestCategory="Category1000" />
      </TestCategory>
      <Execution id="41097a50-302d-4ff4-9372-a8635aef3200" />
      <TestMethod codeBase="C:\Projekty\MSTestProject\bin\Debug\netcoreapp3.1\MSTestProject.dll" adapterTypeName="executor://mstestadapter/v2" className="TwojeWesele.Services.Helpers.Tests.CurrencyHelperTests" name="FormatToStringTest1000" />
    </UnitTest>
    <UnitTest name="FormatToStringTest1000 (1613.6903705837626,1613.69 zł)" storage="c:\projekty\mstestproject\bin\debug\netcoreapp3.1\mstestproject.dll" id="f6426405-be1c-43cc-b5e9-c8c6effd4373">
      <TestCategory>
        <TestCategoryItem TestCategory="Category1000" />
      </TestCategory>
      <Execution id="b9d625f9-a8fa-4e98-be71-51d7dd3c30a2" />
      <TestMethod codeBase="C:\Projekty\MSTestProject\bin\Debug\netcoreapp3.1\MSTestProject.dll" adapterTypeName="executor://mstestadapter/v2" className="TwojeWesele.Services.Helpers.Tests.CurrencyHelperTests" name="FormatToStringTest1000" />
    </UnitTest>
    <UnitTest name="FormatToStringTest1000 (32566.30279101259,32566.30 zł)" storage="c:\projekty\mstestproject\bin\debug\netcoreapp3.1\mstestproject.dll" id="943f9140-92c5-40b6-99ff-52215bf4d3d7">
      <TestCategory>
        <TestCategoryItem TestCategory="Category1000" />
      </TestCategory>
      <Execution id="20753f66-b505-4367-b13a-92151a69aa2e" />
      <TestMethod codeBase="C:\Projekty\MSTestProject\bin\Debug\netcoreapp3.1\MSTestProject.dll" adapterTypeName="executor://mstestadapter/v2" className="TwojeWesele.Services.Helpers.Tests.CurrencyHelperTests" name="FormatToStringTest1000" />
    </UnitTest>
    <UnitTest name="FormatToStringTest1000 (15566.957545477411,15566.96 zł)" storage="c:\projekty\mstestproject\bin\debug\netcoreapp3.1\mstestproject.dll" id="8150a6fd-0246-4830-ae47-c3532d92da99">
      <TestCategory>
        <TestCategoryItem TestCategory="Category1000" />
      </TestCategory>
      <Execution id="7d395066-2653-4728-8087-44c1cd94b074" />
      <TestMethod codeBase="C:\Projekty\MSTestProject\bin\Debug\netcoreapp3.1\MSTestProject.dll" adapterTypeName="executor://mstestadapter/v2" className="TwojeWesele.Services.Helpers.Tests.CurrencyHelperTests" name="FormatToStringTest1000" />
    </UnitTest>
    <UnitTest name="FormatToStringTest1000 (88616.03808168416,88616.04 zł)" storage="c:\projekty\mstestproject\bin\debug\netcoreapp3.1\mstestproject.dll" id="578fdafb-c4d7-4a48-ba14-294ac9bd5288">
      <TestCategory>
        <TestCategoryItem TestCategory="Category1000" />
      </TestCategory>
      <Execution id="f6361df0-a7af-4383-83c7-a3bc14c4b61c" />
      <TestMethod codeBase="C:\Projekty\MSTestProject\bin\Debug\netcoreapp3.1\MSTestProject.dll" adapterTypeName="executor://mstestadapter/v2" className="TwojeWesele.Services.Helpers.Tests.CurrencyHelperTests" name="FormatToStringTest1000" />
    </UnitTest>
    <UnitTest name="FormatToStringTest1000 (2992.6161168593057,2992.62 zł)" storage="c:\projekty\mstestproject\bin\debug\netcoreapp3.1\mstestproject.dll" id="22c7c442-e880-4e54-b8da-e2ce89989cad">
      <TestCategory>
        <TestCategoryItem TestCategory="Category1000" />
      </TestCategory>
      <Execution id="0981d8da-1dac-48dc-8c89-8038165b9000" />
      <TestMethod codeBase="C:\Projekty\MSTestProject\bin\Debug\netcoreapp3.1\MSTestProject.dll" adapterTypeName="executor://mstestadapter/v2" className="TwojeWesele.Services.Helpers.Tests.CurrencyHelperTests" name="FormatToStringTest1000" />
    </UnitTest>
    <UnitTest name="FormatToStringTest1000 (30410.68214617003,30410.68 zł)" storage="c:\projekty\mstestproject\bin\debug\netcoreapp3.1\mstestproject.dll" id="61bc7806-8299-45bd-b032-4e19e4dd6999">
      <TestCategory>
        <TestCategoryItem TestCategory="Category1000" />
      </TestCategory>
      <Execution id="7b652f63-521b-4fcc-8fe5-c2ae0b2616fa" />
      <TestMethod codeBase="C:\Projekty\MSTestProject\bin\Debug\netcoreapp3.1\MSTestProject.dll" adapterTypeName="executor://mstestadapter/v2" className="TwojeWesele.Services.Helpers.Tests.CurrencyHelperTests" name="FormatToStringTest1000" />
    </UnitTest>
    <UnitTest name="FormatToStringTest1000 (17579.823312525088,17579.82 zł)" storage="c:\projekty\mstestproject\bin\debug\netcoreapp3.1\mstestproject.dll" id="2ad7bc50-d730-43e7-8494-ed4dc19c559a">
      <TestCategory>
        <TestCategoryItem TestCategory="Category1000" />
      </TestCategory>
      <Execution id="25bc62df-7ac0-4c9c-b4a8-080e91d572c5" />
      <TestMethod codeBase="C:\Projekty\MSTestProject\bin\Debug\netcoreapp3.1\MSTestProject.dll" adapterTypeName="executor://mstestadapter/v2" className="TwojeWesele.Services.Helpers.Tests.CurrencyHelperTests" name="FormatToStringTest1000" />
    </UnitTest>
    <UnitTest name="FormatToStringTest1000 (73504.44700518598,73504.45 zł)" storage="c:\projekty\mstestproject\bin\debug\netcoreapp3.1\mstestproject.dll" id="accdcd4d-3560-49f8-98e3-a63409f9bee6">
      <TestCategory>
        <TestCategoryItem TestCategory="Category1000" />
      </TestCategory>
      <Execution id="9f01940e-7824-4a37-a65e-a2b3add48a1d" />
      <TestMethod codeBase="C:\Projekty\MSTestProject\bin\Debug\netcoreapp3.1\MSTestProject.dll" adapterTypeName="executor://mstestadapter/v2" className="TwojeWesele.Services.Helpers.Tests.CurrencyHelperTests" name="FormatToStringTest1000" />
    </UnitTest>
    <UnitTest name="FormatToStringTest1000 (24024.14691439557,24024.15 zł)" storage="c:\projekty\mstestproject\bin\debug\netcoreapp3.1\mstestproject.dll" id="fbb5938e-98c2-4b8b-bab7-87df936944fc">
      <TestCategory>
        <TestCategoryItem TestCategory="Category1000" />
      </TestCategory>
      <Execution id="21b08cd4-ed2b-4266-8bff-59d5b1433af4" />
      <TestMethod codeBase="C:\Projekty\MSTestProject\bin\Debug\netcoreapp3.1\MSTestProject.dll" adapterTypeName="executor://mstestadapter/v2" className="TwojeWesele.Services.Helpers.Tests.CurrencyHelperTests" name="FormatToStringTest1000" />
    </UnitTest>
    <UnitTest name="FormatToStringTest1000 (8514.837538072763,8514.84 zł)" storage="c:\projekty\mstestproject\bin\debug\netcoreapp3.1\mstestproject.dll" id="d9eb9506-d080-4332-b4e3-a9a8081e147f">
      <TestCategory>
        <TestCategoryItem TestCategory="Category1000" />
      </TestCategory>
      <Execution id="a742d203-d778-4670-92c0-792113014713" />
      <TestMethod codeBase="C:\Projekty\MSTestProject\bin\Debug\netcoreapp3.1\MSTestProject.dll" adapterTypeName="executor://mstestadapter/v2" className="TwojeWesele.Services.Helpers.Tests.CurrencyHelperTests" name="FormatToStringTest1000" />
    </UnitTest>
    <UnitTest name="FormatToStringTest1000 (14003.84591249742,14003.85 zł)" storage="c:\projekty\mstestproject\bin\debug\netcoreapp3.1\mstestproject.dll" id="955b0e9f-5cb3-47ae-b044-a0ce8aee8983">
      <TestCategory>
        <TestCategoryItem TestCategory="Category1000" />
      </TestCategory>
      <Execution id="e57b5b59-56b4-4c93-9c02-d9173b7b0ad0" />
      <TestMethod codeBase="C:\Projekty\MSTestProject\bin\Debug\netcoreapp3.1\MSTestProject.dll" adapterTypeName="executor://mstestadapter/v2" className="TwojeWesele.Services.Helpers.Tests.CurrencyHelperTests" name="FormatToStringTest1000" />
    </UnitTest>
  </TestDefinitions>
  <TestEntries>
    <TestEntry testId="be994d76-13ce-449b-b7ac-96df97d1ad31" executionId="d943193e-8fbe-4a51-ab2c-c3bdc8c24bef" testListId="8c84fa94-04c1-424b-9868-57a2d4851a1d" />
    <TestEntry testId="25fea035-18c4-48d6-b6ef-166536728110" executionId="54dea5a9-d4a3-481a-a653-8929671a8e0b" testListId="8c84fa94-04c1-424b-9868-57a2d4851a1d" />
    <TestEntry testId="ba4fdc0b-c34d-4ac4-b693-f03583818bff" executionId="695ea604-2e2d-4369-b3e8-58cec7b48c7a" testListId="8c84fa94-04c1-424b-9868-57a2d4851a1d" />
    <TestEntry testId="0c7edbed-4334-4ae1-82eb-0a55a6b14262" executionId="24735284-3e09-4d3b-9b1b-2fbd26877962" testListId="8c84fa94-04c1-424b-9868-57a2d4851a1d" />
    <TestEntry testId="c23752fc-130e-4818-a08f-7587cafaf508" executionId="49268679-abb7-43a8-b202-71f91d9b166d" testListId="8c84fa94-04c1-424b-9868-57a2d4851a1d" />
    <TestEntry testId="99c78df2-0664-473e-8a39-33c12a15922c" executionId="4a6aefa8-651f-425d-9836-b3b1f7058c0d" testListId="8c84fa94-04c1-424b-9868-57a2d4851a1d" />
    <TestEntry testId="1462185c-2a89-43ac-a81a-a4a9dcbbeac3" executionId="d43097c7-99a0-409e-bfdc-e9eaef4ba6d7" testListId="8c84fa94-04c1-424b-9868-57a2d4851a1d" />
    <TestEntry testId="57bfd96a-7107-44ea-be11-ca0106770543" executionId="df2848d4-a0b4-4c4b-84d3-3a896b1deb02" testListId="8c84fa94-04c1-424b-9868-57a2d4851a1d" />
    <TestEntry testId="4a0fe52d-d78e-4608-9acc-0961a8c7b73c" executionId="0614b941-bf75-444e-aed0-5ed5c937c9b3" testListId="8c84fa94-04c1-424b-9868-57a2d4851a1d" />
    <TestEntry testId="6ab88728-129d-4f8f-90d2-1a9f5033c395" executionId="f59ae8eb-845a-4203-8b9a-0b4fe19db986" testListId="8c84fa94-04c1-424b-9868-57a2d4851a1d" />
    <TestEntry testId="0cc9e9a0-0111-49d8-88dc-a07fc7214996" executionId="f7b795fb-8624-4e76-a373-7ae25a947e03" testListId="8c84fa94-04c1-424b-9868-57a2d4851a1d" />
    <TestEntry testId="2740f2b9-10a8-4627-9ac3-ce7bb6459ac9" executionId="346ac0e0-84ed-4eb5-9766-9c37ff14431d" testListId="8c84fa94-04c1-424b-9868-57a2d4851a1d" />
    <TestEntry testId="f53998f7-2a95-479a-b699-e6ff5ab9f82c" executionId="6c68ab31-d9eb-4c55-bd20-570174053d48" testListId="8c84fa94-04c1-424b-9868-57a2d4851a1d" />
    <TestEntry testId="f406f563-3448-4416-a70a-d9b08f24544c" executionId="145e9925-ec49-4868-b783-a2f4b66d9152" testListId="8c84fa94-04c1-424b-9868-57a2d4851a1d" />
    <TestEntry testId="e4e6be1a-d84b-427a-aed5-52d586bd2907" executionId="08c5c13c-bd02-4f9c-89ef-a239d7070170" testListId="8c84fa94-04c1-424b-9868-57a2d4851a1d" />
    <TestEntry testId="0f39b2c9-bb8e-4595-ab5c-06d81f40bdb3" executionId="1be5eced-446d-4e21-b41b-0ef150dd6a32" testListId="8c84fa94-04c1-424b-9868-57a2d4851a1d" />
    <TestEntry testId="463c1887-78a8-4301-8cc2-0c088d7c6e0f" executionId="c4880a4d-c605-4ebd-aa75-10c3095dfeb8" testListId="8c84fa94-04c1-424b-9868-57a2d4851a1d" />
    <TestEntry testId="9fa317b0-241f-4237-9724-f9d76be077bf" executionId="7c132d6b-cc2e-46c5-b182-3b3df437a17d" testListId="8c84fa94-04c1-424b-9868-57a2d4851a1d" />
    <TestEntry testId="9a3a7fb2-a7e8-417d-a73b-a31ae70a7774" executionId="a813277c-ecd9-4ef9-b221-fba60bf49ad6" testListId="8c84fa94-04c1-424b-9868-57a2d4851a1d" />
    <TestEntry testId="13ff2ba4-8f8f-4680-b39e-3a4732de08b3" executionId="bc9a6385-28e5-4a4e-9137-a690f18f2edf" testListId="8c84fa94-04c1-424b-9868-57a2d4851a1d" />
    <TestEntry testId="9a5bd98a-8350-45bd-a0a6-00384433b6e4" executionId="b7773f1c-a1fc-40ce-a1ed-02b631018b95" testListId="8c84fa94-04c1-424b-9868-57a2d4851a1d" />
    <TestEntry testId="0c69b91c-13e4-42e0-8b21-033f7634ce3d" executionId="e234b409-628b-4ade-a9ed-ee7d84e73e0f" testListId="8c84fa94-04c1-424b-9868-57a2d4851a1d" />
    <TestEntry testId="3066d8ae-1117-4c95-aca2-c30c19b91759" executionId="a27f0607-04ce-4807-ba2c-faf3a93cc215" testListId="8c84fa94-04c1-424b-9868-57a2d4851a1d" />
    <TestEntry testId="c2706f5d-010c-43d1-b439-7518b3472d07" executionId="f19e2a74-bd01-4407-84fc-3f9f71c03aa2" testListId="8c84fa94-04c1-424b-9868-57a2d4851a1d" />
    <TestEntry testId="94135999-21f5-44a9-8c6b-cdf84270cd68" executionId="bfbebaac-24c3-40c0-867c-5a57a21550f6" testListId="8c84fa94-04c1-424b-9868-57a2d4851a1d" />
    <TestEntry testId="6e7624d0-1765-44b5-bf42-79054a4f9d41" executionId="41413422-ca58-4a1b-acd3-5a17e9b5ddea" testListId="8c84fa94-04c1-424b-9868-57a2d4851a1d" />
    <TestEntry testId="564031b8-2510-4629-b460-3f01c8708b9c" executionId="d95e3cf9-257a-44d7-88df-a24f6984c1aa" testListId="8c84fa94-04c1-424b-9868-57a2d4851a1d" />
    <TestEntry testId="8e8bbcd1-1c43-4bd6-92a9-5b4763a33f55" executionId="a4705b77-7c4c-4d9c-959f-f598c21f2e1a" testListId="8c84fa94-04c1-424b-9868-57a2d4851a1d" />
    <TestEntry testId="9d6638d6-a8a0-4ee3-9149-9bd7343c142c" executionId="eff850d4-aba1-43ca-8486-18328fa24ec3" testListId="8c84fa94-04c1-424b-9868-57a2d4851a1d" />
    <TestEntry testId="a2694865-c29f-4e69-8041-514275165686" executionId="5238bd50-44b4-4102-b487-3c9daecc8256" testListId="8c84fa94-04c1-424b-9868-57a2d4851a1d" />
    <TestEntry testId="3a8ba0ed-83cb-42d6-af9a-7e92d656d792" executionId="05295a97-e6f6-4f81-a8c4-2e49af40aa97" testListId="8c84fa94-04c1-424b-9868-57a2d4851a1d" />
    <TestEntry testId="8d16041b-48f7-41aa-81ec-5c2c6d8a83c5" executionId="51cd14bb-ab91-4c48-9761-3b444258e88a" testListId="8c84fa94-04c1-424b-9868-57a2d4851a1d" />
    <TestEntry testId="5b831138-f10a-4dc6-81e4-03eb3d393ce9" executionId="465ebb03-79b7-456a-a3a8-00a80e3242ed" testListId="8c84fa94-04c1-424b-9868-57a2d4851a1d" />
    <TestEntry testId="9cbae6b9-5daa-4722-a289-539e2e900f60" executionId="65359fc1-5cd3-4d4e-87c8-e5fce0446035" testListId="8c84fa94-04c1-424b-9868-57a2d4851a1d" />
    <TestEntry testId="8ba89402-5ea9-4a17-b70b-2d7b630f2fde" executionId="227a5740-24ba-4399-9cec-c25e555f52fc" testListId="8c84fa94-04c1-424b-9868-57a2d4851a1d" />
    <TestEntry testId="aec122ff-5604-4c1d-ac97-47c3d831279e" executionId="b51ed5f8-707c-4c2c-8338-e58a73860442" testListId="8c84fa94-04c1-424b-9868-57a2d4851a1d" />
    <TestEntry testId="eb47714e-7007-41bf-900b-7bd3fb6356fd" executionId="dba781ae-3f69-45a7-be7e-80066e2ee921" testListId="8c84fa94-04c1-424b-9868-57a2d4851a1d" />
    <TestEntry testId="031ce446-205b-4ca6-89a3-171e376f10d6" executionId="c84190d3-2056-4abc-bee1-589873452225" testListId="8c84fa94-04c1-424b-9868-57a2d4851a1d" />
    <TestEntry testId="ae7afd0d-d799-421f-ab8a-eaf4ca345a13" executionId="165944a6-432f-4b5c-ba52-b5a5de88eb62" testListId="8c84fa94-04c1-424b-9868-57a2d4851a1d" />
    <TestEntry testId="0a7e6702-7226-42a8-945f-c9204c4a2fd7" executionId="5492125c-00db-4aea-8741-1756784bf635" testListId="8c84fa94-04c1-424b-9868-57a2d4851a1d" />
    <TestEntry testId="dd3c3854-9581-4a51-b740-809fef2227ab" executionId="894f6d93-75c3-4258-9762-780fc12820eb" testListId="8c84fa94-04c1-424b-9868-57a2d4851a1d" />
    <TestEntry testId="ffd7408b-6e29-4035-b32e-7dab7fddd10d" executionId="432f335d-281f-462f-bb20-31de0d596a15" testListId="8c84fa94-04c1-424b-9868-57a2d4851a1d" />
    <TestEntry testId="78ccda9d-d843-4b35-8a66-47c8cd3bbd92" executionId="e0f9005e-9120-42aa-bcf4-cb936bdc9733" testListId="8c84fa94-04c1-424b-9868-57a2d4851a1d" />
    <TestEntry testId="5bea4417-c020-4d7a-8dee-bb7794a3fd7a" executionId="0c025352-106b-4150-a1d8-5f6f73f34474" testListId="8c84fa94-04c1-424b-9868-57a2d4851a1d" />
    <TestEntry testId="88b407b2-868a-4118-aba9-2603268bacb2" executionId="98b88797-ff17-4eeb-bdf0-d3ceb9d220b6" testListId="8c84fa94-04c1-424b-9868-57a2d4851a1d" />
    <TestEntry testId="5b43aacf-5db0-43a3-9bfa-8ea48e37e267" executionId="cfb71992-2be8-46b9-a471-a00bd3a47d9d" testListId="8c84fa94-04c1-424b-9868-57a2d4851a1d" />
    <TestEntry testId="1907c45e-8ac7-4c2d-bf3d-d71c877d5e84" executionId="111e389c-9f55-4408-98f1-91effd97665b" testListId="8c84fa94-04c1-424b-9868-57a2d4851a1d" />
    <TestEntry testId="63210f2f-172b-4eef-a3f1-d4f6bf8d4418" executionId="96fc0d9a-06ba-4322-8980-be4fea1283b3" testListId="8c84fa94-04c1-424b-9868-57a2d4851a1d" />
    <TestEntry testId="3fb6b900-763b-4466-97c7-7d1047173a90" executionId="c8f1d23e-8dc5-4a78-a078-1f877382afd9" testListId="8c84fa94-04c1-424b-9868-57a2d4851a1d" />
    <TestEntry testId="50a90150-9f1c-4974-8ba0-57973fd756dc" executionId="4b559313-ec5d-4dc7-aebc-bd5d038b1a9f" testListId="8c84fa94-04c1-424b-9868-57a2d4851a1d" />
    <TestEntry testId="ba64db1d-e3b6-48db-a3c0-2e49373f5f39" executionId="1a918ed1-e8f9-46c3-abeb-71e4b774dca2" testListId="8c84fa94-04c1-424b-9868-57a2d4851a1d" />
    <TestEntry testId="69140f5d-50ea-44b1-b112-73e2e1af25d7" executionId="9299f88f-02fe-4e9d-abe7-ae6cd639e590" testListId="8c84fa94-04c1-424b-9868-57a2d4851a1d" />
    <TestEntry testId="c37cf3b8-42a1-4d3f-a63b-351e904802da" executionId="419566df-d2fd-4f3e-8a0e-99a0f1a807b6" testListId="8c84fa94-04c1-424b-9868-57a2d4851a1d" />
    <TestEntry testId="3149a729-c38d-4378-b7e2-81d1ddc537b9" executionId="d3723398-12a9-4527-ac7d-6ca611d6df07" testListId="8c84fa94-04c1-424b-9868-57a2d4851a1d" />
    <TestEntry testId="003ce9d4-4d14-4cf1-9fd3-bd178db68f10" executionId="26d599a4-8068-4d63-a376-1a3afd765bb1" testListId="8c84fa94-04c1-424b-9868-57a2d4851a1d" />
    <TestEntry testId="437c714a-8083-4a4f-9326-c1b30c9a7680" executionId="afd6bb0f-a1a7-499d-9253-901349a1826b" testListId="8c84fa94-04c1-424b-9868-57a2d4851a1d" />
    <TestEntry testId="88018673-4899-4c10-a85a-b7de11106786" executionId="889e15af-ac83-4b42-a94d-66a5b3b1864c" testListId="8c84fa94-04c1-424b-9868-57a2d4851a1d" />
    <TestEntry testId="8cdf116e-d1ef-4c29-ae7c-25a9edd2b00c" executionId="f4763424-10ae-43e1-98c8-7e73b44dba5d" testListId="8c84fa94-04c1-424b-9868-57a2d4851a1d" />
    <TestEntry testId="b5f23e09-2975-44c5-90d9-9d196066aeab" executionId="33d1439b-7ec3-49c8-9933-4030eedb8cc1" testListId="8c84fa94-04c1-424b-9868-57a2d4851a1d" />
    <TestEntry testId="10729ca7-8fa1-42fa-a126-8338b451829a" executionId="0955dc0a-dae2-44ed-8248-7ef378f08a9b" testListId="8c84fa94-04c1-424b-9868-57a2d4851a1d" />
    <TestEntry testId="cc47c16b-60be-46b6-9d66-631106c400cd" executionId="3d11c8e8-371f-487d-8781-afa8803989c3" testListId="8c84fa94-04c1-424b-9868-57a2d4851a1d" />
    <TestEntry testId="8a17b27a-346e-4e6c-af4a-740ff6f02473" executionId="819c23eb-80ca-42a2-aa21-bda5de1573a4" testListId="8c84fa94-04c1-424b-9868-57a2d4851a1d" />
    <TestEntry testId="2a88a789-a01b-445d-be76-f0168ab95339" executionId="46f887b2-71df-45ba-aefa-da46c4a82226" testListId="8c84fa94-04c1-424b-9868-57a2d4851a1d" />
    <TestEntry testId="5f8d10bb-0bdb-489f-8537-2cae3011d16d" executionId="77b4c632-8117-4d63-ad74-9adc2dccb822" testListId="8c84fa94-04c1-424b-9868-57a2d4851a1d" />
    <TestEntry testId="cce81ad8-9ed2-4aff-8854-0fd7b8af6603" executionId="7f908224-cc63-422f-95a4-2f491a13c553" testListId="8c84fa94-04c1-424b-9868-57a2d4851a1d" />
    <TestEntry testId="ccd3eaf6-7b7a-472d-8577-9d882ddeb0a6" executionId="15f45d67-94fd-4f75-9d21-fd64cf6be05d" testListId="8c84fa94-04c1-424b-9868-57a2d4851a1d" />
    <TestEntry testId="c1105fde-6c81-430a-9ae3-68950502504a" executionId="57011f91-66e0-44cd-9de4-bc826f3ad938" testListId="8c84fa94-04c1-424b-9868-57a2d4851a1d" />
    <TestEntry testId="5e183043-ac35-4e8d-bbeb-78105f5e381d" executionId="1821226f-e97c-4f40-abb0-bf2ffac8d977" testListId="8c84fa94-04c1-424b-9868-57a2d4851a1d" />
    <TestEntry testId="c6a53a55-d22a-40d9-ab26-dacdb7e3b2e8" executionId="06b3adab-5cc7-4e7d-8060-092a93973f96" testListId="8c84fa94-04c1-424b-9868-57a2d4851a1d" />
    <TestEntry testId="2105213e-7909-46ee-bd74-c6b5de42bd37" executionId="851f3536-04fe-424f-8607-bc05f3f4e11f" testListId="8c84fa94-04c1-424b-9868-57a2d4851a1d" />
    <TestEntry testId="65dca4a8-b1ef-46bc-98a8-30f4019c0e7d" executionId="47ea8f1b-6199-4c8a-b025-b7a5305d3135" testListId="8c84fa94-04c1-424b-9868-57a2d4851a1d" />
    <TestEntry testId="b4709cb6-b16a-4367-832f-913dc9d8f873" executionId="dad74150-9c44-40d1-aed9-cc43bf66570c" testListId="8c84fa94-04c1-424b-9868-57a2d4851a1d" />
    <TestEntry testId="eba5269a-0409-4aaa-bc0c-87550a76b0ac" executionId="cfd5f45a-86dd-4781-b721-6b4fc1be1f03" testListId="8c84fa94-04c1-424b-9868-57a2d4851a1d" />
    <TestEntry testId="ec7fea72-7a43-430d-ba7f-f8109056e730" executionId="bc2868a0-ffe3-4e45-9029-c989d452cdaa" testListId="8c84fa94-04c1-424b-9868-57a2d4851a1d" />
    <TestEntry testId="f6426405-be1c-43cc-b5e9-c8c6effd4373" executionId="b9d625f9-a8fa-4e98-be71-51d7dd3c30a2" testListId="8c84fa94-04c1-424b-9868-57a2d4851a1d" />
    <TestEntry testId="7c163efa-7700-41b1-b90a-8dc43f47e995" executionId="3996960f-5588-4c35-87c1-1b1ae242c758" testListId="8c84fa94-04c1-424b-9868-57a2d4851a1d" />
    <TestEntry testId="da47058a-6d1e-4a08-8415-381a3dd9455c" executionId="2cd8298e-39ed-4127-baeb-4ab90235c6e9" testListId="8c84fa94-04c1-424b-9868-57a2d4851a1d" />
    <TestEntry testId="c4465c09-7530-4468-97b6-92c09d599cb9" executionId="02c46193-8d39-48f9-8699-ea50252a5a36" testListId="8c84fa94-04c1-424b-9868-57a2d4851a1d" />
    <TestEntry testId="2475f0ef-e85e-4d0d-884a-54eb24081735" executionId="52998c5d-6379-4d35-9c40-e70cc7b21f03" testListId="8c84fa94-04c1-424b-9868-57a2d4851a1d" />
    <TestEntry testId="9aaa537d-c4b7-410b-b439-89b83a2546bf" executionId="123a1afc-8b84-4686-b7c4-bd5b2aa68b86" testListId="8c84fa94-04c1-424b-9868-57a2d4851a1d" />
    <TestEntry testId="6aa14c0b-17d2-4b22-9ea6-0d54da400db5" executionId="3732564c-13e0-4de4-81e5-b3c8657ef3ff" testListId="8c84fa94-04c1-424b-9868-57a2d4851a1d" />
    <TestEntry testId="c11b89fc-c228-4b08-91a9-8b598d85b9d7" executionId="9f1f6ba6-3321-4649-b108-de2715c8ef23" testListId="8c84fa94-04c1-424b-9868-57a2d4851a1d" />
    <TestEntry testId="23f319a3-3fd8-4d80-8689-522b3ec4f3da" executionId="32c97681-5329-47e8-a08c-3437b4966b89" testListId="8c84fa94-04c1-424b-9868-57a2d4851a1d" />
    <TestEntry testId="c3469472-ee83-4c23-934a-6180dc5e8165" executionId="b533f607-510e-4de2-8cbf-33ace66001bc" testListId="8c84fa94-04c1-424b-9868-57a2d4851a1d" />
    <TestEntry testId="bf68736d-e507-448f-ade3-ff133ae7e11f" executionId="1d30bdfc-c760-4fe0-9181-d1af69ec8e38" testListId="8c84fa94-04c1-424b-9868-57a2d4851a1d" />
    <TestEntry testId="db7379ec-1191-4e57-9473-5f90cad40bb9" executionId="29233f07-5593-41f4-b4fa-98c9344b9ed5" testListId="8c84fa94-04c1-424b-9868-57a2d4851a1d" />
    <TestEntry testId="280c01c2-3e49-49fc-b09e-c63c8357566c" executionId="7d487436-d8c7-432b-b665-3966fa96c1c3" testListId="8c84fa94-04c1-424b-9868-57a2d4851a1d" />
    <TestEntry testId="4e67dfc3-0c06-45e8-a119-1347fe4c32a7" executionId="01d7fbd9-dd59-4a9a-99de-29f37276cc2c" testListId="8c84fa94-04c1-424b-9868-57a2d4851a1d" />
    <TestEntry testId="13390adc-7d77-4360-bddb-fa86a59dfbe9" executionId="30ff4d4a-9e94-4f6b-80f3-e2aaf28f05b2" testListId="8c84fa94-04c1-424b-9868-57a2d4851a1d" />
    <TestEntry testId="53ae0487-e39b-4d00-b0bb-5a6c55031531" executionId="28679db6-5048-4862-8081-57dddb628852" testListId="8c84fa94-04c1-424b-9868-57a2d4851a1d" />
    <TestEntry testId="e1a116ab-abe2-474b-b810-c8e195c084cf" executionId="e89e9524-490c-4703-a278-7dcccdbfcc56" testListId="8c84fa94-04c1-424b-9868-57a2d4851a1d" />
    <TestEntry testId="71a14701-fbf7-45bd-88c8-64f0ff63d632" executionId="2a30108a-2473-4fe2-adb8-b8310ced745c" testListId="8c84fa94-04c1-424b-9868-57a2d4851a1d" />
    <TestEntry testId="accdcd4d-3560-49f8-98e3-a63409f9bee6" executionId="9f01940e-7824-4a37-a65e-a2b3add48a1d" testListId="8c84fa94-04c1-424b-9868-57a2d4851a1d" />
    <TestEntry testId="c3548c6e-b151-4693-9f3e-dfa1db653800" executionId="5aa78549-d802-4244-b311-9902635bb102" testListId="8c84fa94-04c1-424b-9868-57a2d4851a1d" />
    <TestEntry testId="25d01c09-0268-4043-ac56-14ac7e251729" executionId="e465df20-c7ba-4904-89d0-923da39e9dd9" testListId="8c84fa94-04c1-424b-9868-57a2d4851a1d" />
    <TestEntry testId="48ac011a-8b68-4498-8dc4-f82a24e31741" executionId="3fe0c5d6-cc06-442f-b907-ab5ba4e53d64" testListId="8c84fa94-04c1-424b-9868-57a2d4851a1d" />
    <TestEntry testId="09ceadfb-7234-496f-80b5-29ac6fcaebf6" executionId="402d03b5-5a14-4c43-b013-97b0e88f453a" testListId="8c84fa94-04c1-424b-9868-57a2d4851a1d" />
    <TestEntry testId="279045e0-6b14-42a2-bf0b-29db343fb6d3" executionId="5500dfed-4e91-4850-a2ef-0de1dd8e9c54" testListId="8c84fa94-04c1-424b-9868-57a2d4851a1d" />
    <TestEntry testId="aff4942e-63d7-4421-84c9-e46a8c32fb94" executionId="6e9a5c89-02bb-40f3-8f7a-005b9b42ebbb" testListId="8c84fa94-04c1-424b-9868-57a2d4851a1d" />
    <TestEntry testId="80df7a1d-3913-4f33-8316-c103fec5c183" executionId="786c2f6e-9ff0-462d-ad40-70efa7028bdc" testListId="8c84fa94-04c1-424b-9868-57a2d4851a1d" />
    <TestEntry testId="eddad9cd-6718-4611-ae97-ec0610f74853" executionId="a67a3f77-ab62-44b2-bc0c-107e32c595af" testListId="8c84fa94-04c1-424b-9868-57a2d4851a1d" />
    <TestEntry testId="d5344cb2-8a45-4cc6-8a59-34a64eb78e6a" executionId="bd946208-9c20-4113-9c21-cfc060db2b10" testListId="8c84fa94-04c1-424b-9868-57a2d4851a1d" />
    <TestEntry testId="91e68fa5-6f26-4dd8-a431-f45ee48f331c" executionId="697a6f23-47df-4bba-9c8c-0aca7670d3dc" testListId="8c84fa94-04c1-424b-9868-57a2d4851a1d" />
    <TestEntry testId="eaa187d8-ccba-4bca-8257-cad2eba7bd3a" executionId="6e65eee4-f1ec-4bfe-b04b-1e3aae78c9a2" testListId="8c84fa94-04c1-424b-9868-57a2d4851a1d" />
    <TestEntry testId="fd47a9bd-f538-474f-afc4-814753fd051a" executionId="0bceab6d-4c41-4088-98d5-dd3f70d85c32" testListId="8c84fa94-04c1-424b-9868-57a2d4851a1d" />
    <TestEntry testId="5ce2c80c-2e02-49cf-8fdc-9eb14b4e2c99" executionId="69a1160b-18c2-4686-acf8-d448f818f881" testListId="8c84fa94-04c1-424b-9868-57a2d4851a1d" />
    <TestEntry testId="aad7c4d0-2b28-440b-a3ff-6574b0423b83" executionId="b6dc7b24-a436-4626-8d3c-03b5cab407d2" testListId="8c84fa94-04c1-424b-9868-57a2d4851a1d" />
    <TestEntry testId="9531b184-26e7-4a45-84a5-0650dc6e04e7" executionId="3d1f34f9-f0bc-4ffd-9c7b-8bd591894014" testListId="8c84fa94-04c1-424b-9868-57a2d4851a1d" />
    <TestEntry testId="51a0cc59-2b42-4e9b-bcbd-f8ab79cb27f9" executionId="c9179ed3-4688-4c99-8805-28f97bb78d46" testListId="8c84fa94-04c1-424b-9868-57a2d4851a1d" />
    <TestEntry testId="a7955245-78c3-4c81-bd67-cb14b5f06ba9" executionId="f0c3a369-53fd-42a1-82d6-1c828615e2bf" testListId="8c84fa94-04c1-424b-9868-57a2d4851a1d" />
    <TestEntry testId="5d3cd7e7-52a9-479d-99ea-0d1539326736" executionId="55d2b7c5-af78-4247-a4c9-82bcdd1a2fd8" testListId="8c84fa94-04c1-424b-9868-57a2d4851a1d" />
    <TestEntry testId="55f3a8bd-8114-4ceb-a700-ddc76461d06b" executionId="65581890-4786-456d-8be7-2af114b3541b" testListId="8c84fa94-04c1-424b-9868-57a2d4851a1d" />
    <TestEntry testId="3e99d2b4-57e4-4f97-9098-4e24acf7afbc" executionId="9dbf1e94-75ec-4290-8289-519464987d07" testListId="8c84fa94-04c1-424b-9868-57a2d4851a1d" />
    <TestEntry testId="d92f789c-2b3e-4e50-bce7-9bb4ab5ef8aa" executionId="dd1df2e9-dad4-4b99-b63c-3d817f3d2d8d" testListId="8c84fa94-04c1-424b-9868-57a2d4851a1d" />
    <TestEntry testId="a40fb077-a533-4a93-9db4-f8b6f7ed6af9" executionId="ab0ee2bd-b295-4142-bcb6-e036f8eab917" testListId="8c84fa94-04c1-424b-9868-57a2d4851a1d" />
    <TestEntry testId="28e8061b-8572-4085-a850-4c314e10fbf3" executionId="4c54d41b-781f-4ccc-82e4-db20d76c3082" testListId="8c84fa94-04c1-424b-9868-57a2d4851a1d" />
    <TestEntry testId="7b5bc09a-d4fb-450b-9738-1b67a47cab8e" executionId="8a21b838-bd09-4088-aad0-db941baf42fa" testListId="8c84fa94-04c1-424b-9868-57a2d4851a1d" />
    <TestEntry testId="daf19c72-5a7a-4b2e-ae42-de68cc4affba" executionId="606cec9a-5380-42db-923d-86f62d9c6002" testListId="8c84fa94-04c1-424b-9868-57a2d4851a1d" />
    <TestEntry testId="2124a7cd-f196-4f51-9080-59c2109de768" executionId="48cc61db-40c9-444a-a34e-28d7c61e2c9d" testListId="8c84fa94-04c1-424b-9868-57a2d4851a1d" />
    <TestEntry testId="db6da951-ddff-4fb7-ab30-e87b37fceeb9" executionId="4673a6b1-c60f-4f3a-a2e5-25535c3ae08e" testListId="8c84fa94-04c1-424b-9868-57a2d4851a1d" />
    <TestEntry testId="f1dd9261-0866-4d18-b71a-4676d687a65d" executionId="4a937f9f-44c8-44c2-bcfb-0cbc95c8a6c5" testListId="8c84fa94-04c1-424b-9868-57a2d4851a1d" />
    <TestEntry testId="78fc5cbb-2ef9-44c3-8978-c90a1aee6181" executionId="66c51329-1c6f-4490-88f4-0d0b3d4d660f" testListId="8c84fa94-04c1-424b-9868-57a2d4851a1d" />
    <TestEntry testId="a73eb443-94d7-418d-9e86-bfc8555366e4" executionId="b4a382f7-a8aa-43d0-a3a9-04f3e9542d0c" testListId="8c84fa94-04c1-424b-9868-57a2d4851a1d" />
    <TestEntry testId="545cceb5-c81f-441a-a7aa-efe2382685f7" executionId="02565b27-9d37-4f6c-b42e-01e8c3776624" testListId="8c84fa94-04c1-424b-9868-57a2d4851a1d" />
    <TestEntry testId="804805ce-0268-4746-9d57-b8e00dbb7864" executionId="0bf29fe7-b9ca-48a7-aa10-758da703d008" testListId="8c84fa94-04c1-424b-9868-57a2d4851a1d" />
    <TestEntry testId="d699aa98-f627-4031-be60-46419b3b1250" executionId="fc24582f-2ccb-4b2b-a080-97f9444fda1f" testListId="8c84fa94-04c1-424b-9868-57a2d4851a1d" />
    <TestEntry testId="b2a7925c-3262-4ac9-b01d-92b326973706" executionId="d6c83ad9-f8d4-495e-9273-fc9223e539ca" testListId="8c84fa94-04c1-424b-9868-57a2d4851a1d" />
    <TestEntry testId="de812342-49d7-4f0e-83b5-497bd70ad2bd" executionId="5e7892e3-776b-47c6-9e70-eb2b109ad08b" testListId="8c84fa94-04c1-424b-9868-57a2d4851a1d" />
    <TestEntry testId="496577de-5ff6-487f-8dd5-e3a76db19474" executionId="c537d163-737d-4f55-9323-8a4c97ded3d5" testListId="8c84fa94-04c1-424b-9868-57a2d4851a1d" />
    <TestEntry testId="5ac8d50f-f8ea-4d9c-ace4-8b7a637c794c" executionId="6e8b3c66-9f36-4641-95c4-ccd00f9aa735" testListId="8c84fa94-04c1-424b-9868-57a2d4851a1d" />
    <TestEntry testId="6ec9de5a-2c9b-43fb-b5b9-c605caf6d24b" executionId="f2354c2c-bc69-4209-975c-86975ae66763" testListId="8c84fa94-04c1-424b-9868-57a2d4851a1d" />
    <TestEntry testId="00de2e0c-e771-4edf-a2e8-931b7bc68189" executionId="6de89fca-72b2-47cd-9f63-855a3504e148" testListId="8c84fa94-04c1-424b-9868-57a2d4851a1d" />
    <TestEntry testId="b5425219-c79f-4ae7-bea8-7601de5db839" executionId="e0c24263-32f6-484b-88c8-f752ff1397e3" testListId="8c84fa94-04c1-424b-9868-57a2d4851a1d" />
    <TestEntry testId="dc19b3db-fe4a-45df-9987-3309037edf03" executionId="daada6db-b86e-4bda-a5b5-a0e413b1c917" testListId="8c84fa94-04c1-424b-9868-57a2d4851a1d" />
    <TestEntry testId="f4133250-f927-44f4-a7e8-0bd61fb97eb0" executionId="e7e73893-da14-4238-a395-6c3f5b0cb14e" testListId="8c84fa94-04c1-424b-9868-57a2d4851a1d" />
    <TestEntry testId="4356ac3c-aebe-459d-9618-e422348692cf" executionId="c5137584-2299-40f4-83e0-d3492068796d" testListId="8c84fa94-04c1-424b-9868-57a2d4851a1d" />
    <TestEntry testId="f57b9911-c71c-4d04-8076-683d0d4ad65f" executionId="5f3a96ea-946e-4085-bb06-3b450f09bee3" testListId="8c84fa94-04c1-424b-9868-57a2d4851a1d" />
    <TestEntry testId="c2967a59-99c6-4b1a-9b36-3e06ea3c59e2" executionId="78249bb1-46ba-476b-97b6-9bcbb573d950" testListId="8c84fa94-04c1-424b-9868-57a2d4851a1d" />
    <TestEntry testId="b418af1c-8c0b-402e-8c81-2f5e7160fac7" executionId="4494c48b-0e12-486e-8bef-b16c71df5d95" testListId="8c84fa94-04c1-424b-9868-57a2d4851a1d" />
    <TestEntry testId="0a2989f2-00b5-441d-b110-16dab99daa4a" executionId="ee59132f-b6fb-4278-972e-9486b504b458" testListId="8c84fa94-04c1-424b-9868-57a2d4851a1d" />
    <TestEntry testId="65b17ce9-3930-47b1-a959-4d0f232e8aef" executionId="48477083-cd60-49e8-8a7f-a28010e49469" testListId="8c84fa94-04c1-424b-9868-57a2d4851a1d" />
    <TestEntry testId="e6e7d4d9-dba8-4ec1-90bf-4016548edf5d" executionId="03b5e880-ccac-4104-9d24-9e52b1647c04" testListId="8c84fa94-04c1-424b-9868-57a2d4851a1d" />
    <TestEntry testId="d15de0c1-3fdc-4ea6-8868-d4567cafe0a1" executionId="bba5b696-3579-4d2a-9399-8ecc647556a9" testListId="8c84fa94-04c1-424b-9868-57a2d4851a1d" />
    <TestEntry testId="740f8ebb-804a-4674-bae6-1bdd020fde9b" executionId="2e067ef4-02d7-41e4-a595-80f6ddd7f545" testListId="8c84fa94-04c1-424b-9868-57a2d4851a1d" />
    <TestEntry testId="54ef23a5-4c4b-4537-89b5-ffbfba388613" executionId="e1432219-8039-479b-87c2-d0dde5d5dbcd" testListId="8c84fa94-04c1-424b-9868-57a2d4851a1d" />
    <TestEntry testId="568ab65c-3601-439e-957a-9b941a54b803" executionId="3d49eafa-27ac-4449-8c23-ec6dfe677423" testListId="8c84fa94-04c1-424b-9868-57a2d4851a1d" />
    <TestEntry testId="4c1e64ad-d9ef-4177-8a38-e7c6b0ec77b3" executionId="8cf73fd6-8740-4edc-85d2-cc862c1961bb" testListId="8c84fa94-04c1-424b-9868-57a2d4851a1d" />
    <TestEntry testId="b4f3df5d-22ed-4df5-943a-d516da4a11e2" executionId="987c53ab-63b8-4611-903e-ba75ff0c9b73" testListId="8c84fa94-04c1-424b-9868-57a2d4851a1d" />
    <TestEntry testId="a09fc50a-e2db-4c31-b64e-718925adc342" executionId="57c72fc9-b66a-4db3-b0ae-0199d4940988" testListId="8c84fa94-04c1-424b-9868-57a2d4851a1d" />
    <TestEntry testId="c2835329-e96e-40d0-a2cb-f101c26e3ec2" executionId="1548edc8-f1f4-4881-97c7-36c06cad8943" testListId="8c84fa94-04c1-424b-9868-57a2d4851a1d" />
    <TestEntry testId="7d50c9ea-2f6a-4a6f-b227-744e02eea3b1" executionId="d0c42ddb-cf9c-4957-8214-73c1f7bfdeb5" testListId="8c84fa94-04c1-424b-9868-57a2d4851a1d" />
    <TestEntry testId="3738263a-e375-4443-91b6-9177ed3e599a" executionId="7d91d055-c21c-4fca-a109-d23e312edbab" testListId="8c84fa94-04c1-424b-9868-57a2d4851a1d" />
    <TestEntry testId="d1c560dd-4776-4813-9d43-cf1d9ca9073f" executionId="9ccba4ca-d314-48a7-b40d-f7be2f98369f" testListId="8c84fa94-04c1-424b-9868-57a2d4851a1d" />
    <TestEntry testId="be407700-eba0-4399-b12c-3406fa763194" executionId="dc6abf77-130f-4c83-9afc-364d1009bfec" testListId="8c84fa94-04c1-424b-9868-57a2d4851a1d" />
    <TestEntry testId="35a2e21b-1bdc-4882-b1f6-a8c2cbfb0bf3" executionId="3296b05e-bb62-40b5-a57d-a22897b4f30b" testListId="8c84fa94-04c1-424b-9868-57a2d4851a1d" />
    <TestEntry testId="fbb5938e-98c2-4b8b-bab7-87df936944fc" executionId="21b08cd4-ed2b-4266-8bff-59d5b1433af4" testListId="8c84fa94-04c1-424b-9868-57a2d4851a1d" />
    <TestEntry testId="f080b045-fcb5-49bf-88ad-5d1910d59e86" executionId="3843d6ca-2935-4e16-9bf3-5db8f0c76116" testListId="8c84fa94-04c1-424b-9868-57a2d4851a1d" />
    <TestEntry testId="83f1a006-27a0-490e-a8e7-711f6870822e" executionId="46503522-2ba4-41ce-82c7-c8d7e0eb14e9" testListId="8c84fa94-04c1-424b-9868-57a2d4851a1d" />
    <TestEntry testId="74167b2a-06c3-4d3d-b573-67a6868ee8d7" executionId="431445f4-659f-4c2f-bd23-97fd492a036e" testListId="8c84fa94-04c1-424b-9868-57a2d4851a1d" />
    <TestEntry testId="5580c728-41f4-4ca1-9805-7d62029b02be" executionId="bc80d3e4-3283-4217-9118-db29df049b12" testListId="8c84fa94-04c1-424b-9868-57a2d4851a1d" />
    <TestEntry testId="7cacc733-444c-41d1-965c-cc7c9b86e12e" executionId="2cf2b031-cec4-4cbb-a089-3b130e9fb00d" testListId="8c84fa94-04c1-424b-9868-57a2d4851a1d" />
    <TestEntry testId="345b57f2-dd6c-4fa7-8064-376bf3da5776" executionId="68f59a8a-01fd-4a42-a00f-e31db1256e50" testListId="8c84fa94-04c1-424b-9868-57a2d4851a1d" />
    <TestEntry testId="df6dfdd3-4196-4838-b1f3-f26db6392623" executionId="91e36783-dcfe-40dc-8a80-59316d5b3fb7" testListId="8c84fa94-04c1-424b-9868-57a2d4851a1d" />
    <TestEntry testId="d7c64a05-302a-451c-854e-c641fffeaa5d" executionId="aa068ba2-445c-414b-bdbd-41774c013430" testListId="8c84fa94-04c1-424b-9868-57a2d4851a1d" />
    <TestEntry testId="86002dbf-5b79-4881-8e0a-28d1bb68a2e5" executionId="bad4cb8a-ef2c-4cad-813e-706b4cc1bc2b" testListId="8c84fa94-04c1-424b-9868-57a2d4851a1d" />
    <TestEntry testId="f9e89d28-31ef-4d90-ae43-4bf156bd959c" executionId="e655ff32-a66a-42c1-bb47-8a9fe3b2b1cc" testListId="8c84fa94-04c1-424b-9868-57a2d4851a1d" />
    <TestEntry testId="255de3b1-3cf3-4601-9431-5b106aaf2abb" executionId="9ed9c59d-e362-4d99-9a5a-2705e706d53d" testListId="8c84fa94-04c1-424b-9868-57a2d4851a1d" />
    <TestEntry testId="11a42536-70a7-4d05-adf8-6fd54c6eae01" executionId="3834cf5d-b864-4f82-9e08-71460687f8b7" testListId="8c84fa94-04c1-424b-9868-57a2d4851a1d" />
    <TestEntry testId="539bb28a-5b27-484e-8c83-83b1a99030f9" executionId="395b4d00-da3e-4ee9-a621-d742708342b5" testListId="8c84fa94-04c1-424b-9868-57a2d4851a1d" />
    <TestEntry testId="1014676c-6a02-4fb3-bfd8-fe4b56f8c8cf" executionId="f4ddeb9a-9313-4a02-86f7-7ee80fe519e3" testListId="8c84fa94-04c1-424b-9868-57a2d4851a1d" />
    <TestEntry testId="b4b83454-2071-4a28-a4c3-401ee1d993f9" executionId="102e1272-b20b-4ca6-8dfe-3365a388dbef" testListId="8c84fa94-04c1-424b-9868-57a2d4851a1d" />
    <TestEntry testId="ed5144b9-15c6-44f6-a7b5-43cf22e18420" executionId="979bfbb8-93ad-4e23-86b0-5ef8a3021311" testListId="8c84fa94-04c1-424b-9868-57a2d4851a1d" />
    <TestEntry testId="decd345a-87e6-4609-a978-12b2f7ebd4ca" executionId="6a39aa4c-c9d2-421a-8ea8-7d51a51e79ae" testListId="8c84fa94-04c1-424b-9868-57a2d4851a1d" />
    <TestEntry testId="5738b8b4-da7b-4f71-a839-2b889d580dec" executionId="18f9a3db-e05c-43f8-ac9d-9ef26066d82c" testListId="8c84fa94-04c1-424b-9868-57a2d4851a1d" />
    <TestEntry testId="320577dc-c2dc-47ff-b29a-c70b1f58ac68" executionId="7b518c73-b92a-4fb7-9259-07508dc73d38" testListId="8c84fa94-04c1-424b-9868-57a2d4851a1d" />
    <TestEntry testId="821649df-7c05-495a-b169-782b6c7e1985" executionId="379f50d5-c292-4354-b36c-f3b89986b95b" testListId="8c84fa94-04c1-424b-9868-57a2d4851a1d" />
    <TestEntry testId="29c6a06d-8371-43ef-bce7-fb9fe17686e5" executionId="9711a421-1d5b-4610-b388-ec5079d93144" testListId="8c84fa94-04c1-424b-9868-57a2d4851a1d" />
    <TestEntry testId="2c627e24-ade8-4382-bcc4-1806cdbc9ce9" executionId="f550d7b8-c99f-4a53-b35c-f4111b3a1d77" testListId="8c84fa94-04c1-424b-9868-57a2d4851a1d" />
    <TestEntry testId="49ecdb0a-cbb2-4e42-88dd-b0cd1b00cc1c" executionId="44fd8060-1fff-4297-8392-e8e4df1e65af" testListId="8c84fa94-04c1-424b-9868-57a2d4851a1d" />
    <TestEntry testId="5b23b57a-2019-4b83-bdec-c459b36c0a7b" executionId="f5c528de-c8c8-4b07-98a6-102c97855252" testListId="8c84fa94-04c1-424b-9868-57a2d4851a1d" />
    <TestEntry testId="ec4aab0b-0076-4771-becd-629382de1ff3" executionId="4e84bace-a63f-4679-b013-d90447d39b12" testListId="8c84fa94-04c1-424b-9868-57a2d4851a1d" />
    <TestEntry testId="848bdca8-d340-4b88-ae52-3d2c149eab23" executionId="505de1de-9f37-42e9-8575-046b180f1fac" testListId="8c84fa94-04c1-424b-9868-57a2d4851a1d" />
    <TestEntry testId="ccb79950-f370-4a76-801e-e0e9137bf88c" executionId="c1e4bf82-190e-40f9-928d-fa57adcf8744" testListId="8c84fa94-04c1-424b-9868-57a2d4851a1d" />
    <TestEntry testId="ddb03155-ca8d-41e6-8cf8-fbe29e793f10" executionId="21d86f04-2f35-453f-b65d-bf068488dfff" testListId="8c84fa94-04c1-424b-9868-57a2d4851a1d" />
    <TestEntry testId="e5102e2e-d707-4c13-9ebc-c791150da93a" executionId="e7c7342e-5aed-4869-b965-9bedc1b63e82" testListId="8c84fa94-04c1-424b-9868-57a2d4851a1d" />
    <TestEntry testId="18933332-dd11-474f-ac72-051cfef24f83" executionId="db7a581e-f594-4169-9a54-34abd10cb34b" testListId="8c84fa94-04c1-424b-9868-57a2d4851a1d" />
    <TestEntry testId="21479bb3-1042-4b45-9a11-946d7474a8aa" executionId="47bad58e-90af-4ce5-9059-9a20c1e17f9a" testListId="8c84fa94-04c1-424b-9868-57a2d4851a1d" />
    <TestEntry testId="0528e109-a891-4e70-b2c7-8238903bf741" executionId="7f4abb22-2263-4769-a9c4-85fb5f1594fa" testListId="8c84fa94-04c1-424b-9868-57a2d4851a1d" />
    <TestEntry testId="1bf43a46-2b9c-4b84-b661-55c8e4f49be5" executionId="fb5ec853-ff44-4a56-9606-37ad92c9265b" testListId="8c84fa94-04c1-424b-9868-57a2d4851a1d" />
    <TestEntry testId="3892af4a-8656-42a8-8c5f-433b65529dbe" executionId="b1e73f4d-1c3f-4935-ab0c-1c52e693d818" testListId="8c84fa94-04c1-424b-9868-57a2d4851a1d" />
    <TestEntry testId="e265cd6e-5234-4be3-8e52-47b4982f80be" executionId="6bab0dde-61e4-4d71-9fd9-d9e320a6d2fa" testListId="8c84fa94-04c1-424b-9868-57a2d4851a1d" />
    <TestEntry testId="06d94465-6b4c-48ae-a9fe-f8d4efb52221" executionId="f9ccddd2-5be1-4f2e-905e-5fb597331b7c" testListId="8c84fa94-04c1-424b-9868-57a2d4851a1d" />
    <TestEntry testId="1880b516-6b36-4451-9ff6-f612ec08861a" executionId="4efde299-eb8d-42c0-9489-d55c768941ac" testListId="8c84fa94-04c1-424b-9868-57a2d4851a1d" />
    <TestEntry testId="d38a19a5-804a-4bd4-8d48-7f34408a02b3" executionId="ab2f3959-32bf-4c0d-ad95-bcb2379367ac" testListId="8c84fa94-04c1-424b-9868-57a2d4851a1d" />
    <TestEntry testId="617cdca7-326c-46ba-b319-1d833ef798bf" executionId="16e678e2-72dc-4f76-ab5d-47cadd9c3cc7" testListId="8c84fa94-04c1-424b-9868-57a2d4851a1d" />
    <TestEntry testId="c360e2bd-bb5f-4761-b5f0-b1fbde30f09d" executionId="310a0d26-85ba-48be-9387-6b1c271db3b0" testListId="8c84fa94-04c1-424b-9868-57a2d4851a1d" />
    <TestEntry testId="3211a799-f536-4867-b30e-0858e4397502" executionId="811e61d2-99ff-49c3-80db-f19e36a622a1" testListId="8c84fa94-04c1-424b-9868-57a2d4851a1d" />
    <TestEntry testId="51aa97b7-d106-48ee-a70f-4be928bbf6d5" executionId="9eddcb18-f70b-4909-94c9-8abb91dcad00" testListId="8c84fa94-04c1-424b-9868-57a2d4851a1d" />
    <TestEntry testId="2544c14b-b514-4a07-9b7f-7fcd975b191e" executionId="a1b130cc-2499-49f0-90ab-1dd9990cc287" testListId="8c84fa94-04c1-424b-9868-57a2d4851a1d" />
    <TestEntry testId="5642d7c0-87b9-42ad-a31f-dce8d43c410e" executionId="045cecc1-7bf3-4418-84fb-44c585bc8d09" testListId="8c84fa94-04c1-424b-9868-57a2d4851a1d" />
    <TestEntry testId="565ca691-9a9c-4ed7-ac13-201ac79d098b" executionId="67a1ece6-afb3-4cd8-add7-1b4e075df11d" testListId="8c84fa94-04c1-424b-9868-57a2d4851a1d" />
    <TestEntry testId="7f065cb3-5958-4348-9abb-a65f05334817" executionId="9430343e-384d-4335-8f79-bcc9d76ac3f5" testListId="8c84fa94-04c1-424b-9868-57a2d4851a1d" />
    <TestEntry testId="7aaccbb3-9acb-4243-bfcf-fda04b0e37ce" executionId="b602ff4d-78ab-46c5-b9f9-a2d0798e8765" testListId="8c84fa94-04c1-424b-9868-57a2d4851a1d" />
    <TestEntry testId="63ad9041-e6a2-416d-b20c-ce2f3a362975" executionId="8ba88d0f-7732-4351-85ab-bb1f7c87092f" testListId="8c84fa94-04c1-424b-9868-57a2d4851a1d" />
    <TestEntry testId="344f4bb5-9c8b-47df-a133-ea10d86d44ad" executionId="7d7edc2f-1859-4ddd-aeef-a11e9ebf43c1" testListId="8c84fa94-04c1-424b-9868-57a2d4851a1d" />
    <TestEntry testId="377e06b5-fff2-4325-b6c7-b07aac296328" executionId="643786d5-02c1-4ac4-93f7-c7e3152ed213" testListId="8c84fa94-04c1-424b-9868-57a2d4851a1d" />
    <TestEntry testId="86d86090-ddcb-4f7f-9e44-f32639997353" executionId="3d0b9eb5-548d-40c2-858d-36513c34c09e" testListId="8c84fa94-04c1-424b-9868-57a2d4851a1d" />
    <TestEntry testId="746189b5-641c-441d-b86b-176e7f5682f0" executionId="0d8c8b27-c470-460b-ba3c-bcd150dfd784" testListId="8c84fa94-04c1-424b-9868-57a2d4851a1d" />
    <TestEntry testId="c3bdc180-8384-4f13-b04d-5182fa7fa45e" executionId="745bd5d7-3991-4c1c-8310-65e8d37ea6d6" testListId="8c84fa94-04c1-424b-9868-57a2d4851a1d" />
    <TestEntry testId="a5591bcf-a842-40c3-8eac-4f47ed9fa739" executionId="907867cd-040b-4d53-8c0a-62fb4522bf4c" testListId="8c84fa94-04c1-424b-9868-57a2d4851a1d" />
    <TestEntry testId="0781eb67-8311-426d-81d0-efce12991ff6" executionId="3ea90376-17f9-46e1-b299-8b75ba849188" testListId="8c84fa94-04c1-424b-9868-57a2d4851a1d" />
    <TestEntry testId="412ac5ac-62c6-41c0-9c90-3be63c34a06f" executionId="6b3eba31-8169-4be2-a696-0c4d4fccbb27" testListId="8c84fa94-04c1-424b-9868-57a2d4851a1d" />
    <TestEntry testId="d3b527d5-b61a-454f-96cd-5087e73f3e02" executionId="0036ea2d-0be2-46ca-b398-6944730010ef" testListId="8c84fa94-04c1-424b-9868-57a2d4851a1d" />
    <TestEntry testId="32a3c169-1f03-4d59-a77a-cf35b3087130" executionId="749dbb5d-7851-48b9-ad63-110ba921f59a" testListId="8c84fa94-04c1-424b-9868-57a2d4851a1d" />
    <TestEntry testId="da4c9f42-b0e4-41a8-9a8e-c24bbee22595" executionId="6dc13804-c71a-4918-9102-6535f05897f0" testListId="8c84fa94-04c1-424b-9868-57a2d4851a1d" />
    <TestEntry testId="ffb05045-4b98-4d1c-a558-dd992f07faa6" executionId="c84eb752-d078-4557-8aa1-401ba093a890" testListId="8c84fa94-04c1-424b-9868-57a2d4851a1d" />
    <TestEntry testId="e1c2be2a-91d4-4f4a-a965-4c34b3aebde7" executionId="79599191-5e14-434e-8f7a-16098a32b288" testListId="8c84fa94-04c1-424b-9868-57a2d4851a1d" />
    <TestEntry testId="8d0acc72-60f8-4249-bd9e-28b4202bf432" executionId="7a533c2f-9c44-4303-ad16-5133f20ea378" testListId="8c84fa94-04c1-424b-9868-57a2d4851a1d" />
    <TestEntry testId="ae5fa781-142b-4da4-ada0-ffb1b0445b9e" executionId="1514f791-e5c1-4f0f-bfcd-860623ed47bf" testListId="8c84fa94-04c1-424b-9868-57a2d4851a1d" />
    <TestEntry testId="604e5f8a-4d6f-4a91-9c9b-fb417bc24fe8" executionId="5eed2374-1d05-46bd-871e-695d08c4cb93" testListId="8c84fa94-04c1-424b-9868-57a2d4851a1d" />
    <TestEntry testId="ba145765-269a-41d0-89ea-87b12f617e42" executionId="cf304a0e-3dfb-4cb7-b374-423bbc6d687d" testListId="8c84fa94-04c1-424b-9868-57a2d4851a1d" />
    <TestEntry testId="96c5f7d3-a474-43c8-ac1a-84dae052dcca" executionId="ffbc4c21-4b1e-4e9c-96f4-c03503a457f3" testListId="8c84fa94-04c1-424b-9868-57a2d4851a1d" />
    <TestEntry testId="1bd04f89-fee6-4034-b8c5-10da9f10053b" executionId="2eaae056-47e2-4c8a-a2fb-ba0e7bf15e47" testListId="8c84fa94-04c1-424b-9868-57a2d4851a1d" />
    <TestEntry testId="11257b89-457a-4c47-8644-491373dc2970" executionId="f41df2ea-c12c-44b3-8804-1330ae792711" testListId="8c84fa94-04c1-424b-9868-57a2d4851a1d" />
    <TestEntry testId="b1d53516-e1c5-46a2-a4d0-8adaca78aa63" executionId="a9ead735-970e-452a-8deb-94df85ad698b" testListId="8c84fa94-04c1-424b-9868-57a2d4851a1d" />
    <TestEntry testId="e93f834d-1d48-4a6d-a542-2f0987a4415b" executionId="38511c3e-dbba-4ead-b6f7-5683bbab7766" testListId="8c84fa94-04c1-424b-9868-57a2d4851a1d" />
    <TestEntry testId="11914447-b29c-4e64-93f4-e37167f08646" executionId="e7e0e33b-712f-41de-a01c-55d01b9096c7" testListId="8c84fa94-04c1-424b-9868-57a2d4851a1d" />
    <TestEntry testId="e500d3f9-eeee-4792-9822-ef380c1ec1dd" executionId="f9bb8788-3e30-479e-93d7-8e83721d34b3" testListId="8c84fa94-04c1-424b-9868-57a2d4851a1d" />
    <TestEntry testId="6279f5ef-970c-4378-9b60-0c6c48c35545" executionId="cbc098c2-0a79-42a5-98b6-432d2d38f6d5" testListId="8c84fa94-04c1-424b-9868-57a2d4851a1d" />
    <TestEntry testId="a115c747-4a48-4181-8f6e-eab9607bb450" executionId="8432bf14-8095-49c8-a0dc-13564d5be826" testListId="8c84fa94-04c1-424b-9868-57a2d4851a1d" />
    <TestEntry testId="f34ff9c2-ef8f-4595-80d4-9d211d6b30f8" executionId="8812f092-656c-432b-90d5-dccf2c532712" testListId="8c84fa94-04c1-424b-9868-57a2d4851a1d" />
    <TestEntry testId="d3b5dce6-2787-4a22-b682-c52968cea589" executionId="97fe6c90-92ca-482c-b56d-92e4f9979973" testListId="8c84fa94-04c1-424b-9868-57a2d4851a1d" />
    <TestEntry testId="305bfb8f-621b-4a8b-96d0-279300157103" executionId="2a857a4e-8827-4871-8f93-f9c8f94ea7b9" testListId="8c84fa94-04c1-424b-9868-57a2d4851a1d" />
    <TestEntry testId="75604699-8291-4df1-bc19-4380528e99dd" executionId="d2ceb950-179b-420f-901d-10efd1b5e8fc" testListId="8c84fa94-04c1-424b-9868-57a2d4851a1d" />
    <TestEntry testId="9f087dea-1cc8-4a9a-8628-61b5c3f35809" executionId="c8bf0135-5f26-46a0-b96b-f1773e6a4b3c" testListId="8c84fa94-04c1-424b-9868-57a2d4851a1d" />
    <TestEntry testId="ea4bb609-e366-4ace-b3ac-1be4f5e53746" executionId="37c3c96a-5719-446f-aed6-d07d302471c6" testListId="8c84fa94-04c1-424b-9868-57a2d4851a1d" />
    <TestEntry testId="f41fd7f5-f555-40c9-a9f0-e4a863a182dd" executionId="651c5f65-b33d-400e-9a8d-0a67b6c8f51a" testListId="8c84fa94-04c1-424b-9868-57a2d4851a1d" />
    <TestEntry testId="fd76795e-4ea9-4f2b-8b69-17a3779d8d3b" executionId="41097a50-302d-4ff4-9372-a8635aef3200" testListId="8c84fa94-04c1-424b-9868-57a2d4851a1d" />
    <TestEntry testId="a704c792-3537-444e-afdd-d9c46da98349" executionId="ac8a59b5-bc5f-4e54-ba8d-286929fa9339" testListId="8c84fa94-04c1-424b-9868-57a2d4851a1d" />
    <TestEntry testId="2c9ba519-dd1f-4327-94a8-0df7917d25cc" executionId="eeeb9f3b-39db-447e-be62-106cf3732d5b" testListId="8c84fa94-04c1-424b-9868-57a2d4851a1d" />
    <TestEntry testId="f2ffc57b-5624-4635-9ea1-7889cd15e9fb" executionId="ff57f7b6-eb89-4609-a738-ffd7c5d5dc0e" testListId="8c84fa94-04c1-424b-9868-57a2d4851a1d" />
    <TestEntry testId="bbf1182b-ba81-4935-882a-9807046f5a12" executionId="9426bd33-099a-480b-867d-8385f250070d" testListId="8c84fa94-04c1-424b-9868-57a2d4851a1d" />
    <TestEntry testId="ed677477-51bc-4d27-a1a8-7f58c5fb8394" executionId="969f54cc-86cf-4d7f-a182-1728c477a568" testListId="8c84fa94-04c1-424b-9868-57a2d4851a1d" />
    <TestEntry testId="deb698c4-eaf2-409d-83f5-df2978079d23" executionId="b597b072-eaff-450f-aacc-7544bd28e886" testListId="8c84fa94-04c1-424b-9868-57a2d4851a1d" />
    <TestEntry testId="5a7322c6-b361-48d1-b34c-94697c00f0c2" executionId="cd982e4d-87a5-48a3-8669-93c358256ccf" testListId="8c84fa94-04c1-424b-9868-57a2d4851a1d" />
    <TestEntry testId="4bfbe338-705e-4e6a-b9ae-ded7c1ff567c" executionId="a95b73fe-5ab1-4eee-9477-02960eed0402" testListId="8c84fa94-04c1-424b-9868-57a2d4851a1d" />
    <TestEntry testId="f30d071c-f51f-45bc-a590-8a6c4a454d77" executionId="182dfdd1-ff17-4df0-adf7-6e7c2ff44f8f" testListId="8c84fa94-04c1-424b-9868-57a2d4851a1d" />
    <TestEntry testId="efc558ba-c422-4058-9bff-06f3b19c9a44" executionId="87f9d36c-0a18-4a0c-bd16-2bb88f9d9a26" testListId="8c84fa94-04c1-424b-9868-57a2d4851a1d" />
    <TestEntry testId="20d90d87-e2ac-4a18-9864-45a120cdc50b" executionId="057f9a44-7d3a-412a-b3b3-ab78f9a809df" testListId="8c84fa94-04c1-424b-9868-57a2d4851a1d" />
    <TestEntry testId="83978624-2ee7-4e8e-bff1-f2dc9ec57446" executionId="24e2ba00-5e7c-4065-8a43-04e3a18a8c31" testListId="8c84fa94-04c1-424b-9868-57a2d4851a1d" />
    <TestEntry testId="4ccf0c8a-6175-44f5-8a3f-e924f0cbc61e" executionId="5009cae9-428c-4ae7-ae48-1c60f46e0335" testListId="8c84fa94-04c1-424b-9868-57a2d4851a1d" />
    <TestEntry testId="93a2a3f2-c587-4895-97a3-d7c02a978b7a" executionId="18a40341-beec-4a0c-92d3-c5ef12b84881" testListId="8c84fa94-04c1-424b-9868-57a2d4851a1d" />
    <TestEntry testId="9a626038-1b8b-4637-895c-9201ee2ccfa3" executionId="0aa37ef6-fbdf-4cdd-856a-bc0e3cda8d2d" testListId="8c84fa94-04c1-424b-9868-57a2d4851a1d" />
    <TestEntry testId="a106025b-a401-4484-8d3a-f9f8c673ccc9" executionId="fa53797b-2bb2-40fc-bd69-6b36b9d6513c" testListId="8c84fa94-04c1-424b-9868-57a2d4851a1d" />
    <TestEntry testId="53401f81-5699-4be0-96dc-110b5e2a05e0" executionId="e315f068-2ec4-4f74-8f9a-9adf721a7440" testListId="8c84fa94-04c1-424b-9868-57a2d4851a1d" />
    <TestEntry testId="df50bd9f-794e-4176-91ae-799314bc7885" executionId="20396c19-be18-4ffb-8066-a796a9e177b0" testListId="8c84fa94-04c1-424b-9868-57a2d4851a1d" />
    <TestEntry testId="2a8fa038-8979-46bf-9d10-b6d6d042e431" executionId="a192a30e-7258-44a4-b2ec-fca07de17223" testListId="8c84fa94-04c1-424b-9868-57a2d4851a1d" />
    <TestEntry testId="6dc2af76-d788-4b61-b61a-815047bc1f22" executionId="744e5876-7e4e-4a4e-bd01-7d509b60caf6" testListId="8c84fa94-04c1-424b-9868-57a2d4851a1d" />
    <TestEntry testId="b830c3d4-92f4-41fe-bbe9-2f8cd88d5c69" executionId="73bfbd8e-71c2-4657-8a5a-672390aff23d" testListId="8c84fa94-04c1-424b-9868-57a2d4851a1d" />
    <TestEntry testId="aad1b9b1-f963-413a-b66a-69748f67a228" executionId="a0d94f88-3a3c-42a2-9fdc-2a9f46a031b8" testListId="8c84fa94-04c1-424b-9868-57a2d4851a1d" />
    <TestEntry testId="2b9ae4ea-3cbf-4156-9a42-30d1750a26c4" executionId="eec4382a-1349-4e45-9f69-3e428af11359" testListId="8c84fa94-04c1-424b-9868-57a2d4851a1d" />
    <TestEntry testId="e20cdd5c-a85b-4b12-aaa8-ef4fb3714119" executionId="08001ac5-c822-44d6-9db6-7511dee8e908" testListId="8c84fa94-04c1-424b-9868-57a2d4851a1d" />
    <TestEntry testId="6c3c93d9-6c54-419f-a68a-8aba8ec4c532" executionId="3d1d2c4c-b84a-4793-a052-0b0250e32766" testListId="8c84fa94-04c1-424b-9868-57a2d4851a1d" />
    <TestEntry testId="997d5832-6c27-434f-bbe3-33e770a846b9" executionId="14a5d204-18ac-4c1d-9a1d-4c2ef14a2610" testListId="8c84fa94-04c1-424b-9868-57a2d4851a1d" />
    <TestEntry testId="aaac5167-1752-445b-a273-ed6644b7dfb6" executionId="06519e2e-fd62-43d7-8c09-fa18c3309e2c" testListId="8c84fa94-04c1-424b-9868-57a2d4851a1d" />
    <TestEntry testId="4cbf0f0d-f903-4efc-88c5-3bbefbc02bb9" executionId="6439c353-2727-4a0d-ba81-d0837c0ecae6" testListId="8c84fa94-04c1-424b-9868-57a2d4851a1d" />
    <TestEntry testId="dc782a20-e521-4c16-9ef9-5c00bd1cea59" executionId="65baeb31-f50c-4648-84e8-327b2830b7cf" testListId="8c84fa94-04c1-424b-9868-57a2d4851a1d" />
    <TestEntry testId="b1054dc1-1971-45dc-9152-0bb1a552e3ec" executionId="cf722199-d9cc-4620-bfdb-9d5ef63cc380" testListId="8c84fa94-04c1-424b-9868-57a2d4851a1d" />
    <TestEntry testId="2a98a720-e3a9-4419-8760-cfbd11a7040d" executionId="61a3859e-19fa-4d06-9fa7-e929d4c8536b" testListId="8c84fa94-04c1-424b-9868-57a2d4851a1d" />
    <TestEntry testId="bdbe3a09-0336-4b8e-9e97-42132b9a8fa5" executionId="43f25266-ae53-4fcc-8e61-6d1b41fde0b3" testListId="8c84fa94-04c1-424b-9868-57a2d4851a1d" />
    <TestEntry testId="de7aa66a-2f9f-4c4c-b2ff-82a800b5a642" executionId="23e629c1-34c4-49dc-81b3-7aaac9a0647e" testListId="8c84fa94-04c1-424b-9868-57a2d4851a1d" />
    <TestEntry testId="e93b1844-74e2-4ee6-b69d-bd9655f232d0" executionId="4a93d548-303b-4362-a503-592a1df0def5" testListId="8c84fa94-04c1-424b-9868-57a2d4851a1d" />
    <TestEntry testId="7ccc89c4-ec55-476f-b9f5-128608cc6902" executionId="e15c3fc6-69c2-492c-b5f3-35fdfae08a19" testListId="8c84fa94-04c1-424b-9868-57a2d4851a1d" />
    <TestEntry testId="13898352-c714-4e04-b9b7-58c7e4c5fa3f" executionId="43b58d95-e8e1-46d8-94d5-0419c9d84dc6" testListId="8c84fa94-04c1-424b-9868-57a2d4851a1d" />
    <TestEntry testId="b4002620-d59f-4f97-84ee-4dc352f44fc2" executionId="8e5f75fc-cab1-4435-9579-ad1692d872e8" testListId="8c84fa94-04c1-424b-9868-57a2d4851a1d" />
    <TestEntry testId="88d2f738-1876-4f9d-a381-caa27a1af0a1" executionId="2c9fbce9-1d69-4800-b35c-5b04085f7aa8" testListId="8c84fa94-04c1-424b-9868-57a2d4851a1d" />
    <TestEntry testId="79486532-02fc-48ad-8725-08b587e01a50" executionId="7dfac6a7-3e80-4f06-b7f5-26c1fb2ca4f4" testListId="8c84fa94-04c1-424b-9868-57a2d4851a1d" />
    <TestEntry testId="d7441ca2-6396-4df4-86f0-ed0777af0be9" executionId="7c3c1b26-79af-402f-a89e-f6fc4fa695a7" testListId="8c84fa94-04c1-424b-9868-57a2d4851a1d" />
    <TestEntry testId="4c286c67-4c54-4f38-943e-1d3afff52e41" executionId="e174c313-87a7-4f68-a67f-2ad67783cf3c" testListId="8c84fa94-04c1-424b-9868-57a2d4851a1d" />
    <TestEntry testId="da63d122-6366-4d2a-aba5-72a82d038176" executionId="f74fea1e-b4e2-4061-9325-ce260c27d94c" testListId="8c84fa94-04c1-424b-9868-57a2d4851a1d" />
    <TestEntry testId="7cce7b28-4e8c-43b2-a471-5b1c9063f122" executionId="836a9ac4-0733-4d3d-8e16-cfa3ea1f1081" testListId="8c84fa94-04c1-424b-9868-57a2d4851a1d" />
    <TestEntry testId="bdd2333a-65fc-4f9c-b6d5-d6d2368f1b5a" executionId="15241089-9290-4b14-a181-83b3c8fd6599" testListId="8c84fa94-04c1-424b-9868-57a2d4851a1d" />
    <TestEntry testId="649d8802-4148-48e8-a986-d210efde4219" executionId="aa33e419-9d9a-48e3-83fd-e4ec339230d1" testListId="8c84fa94-04c1-424b-9868-57a2d4851a1d" />
    <TestEntry testId="0ccb97bd-d001-4e26-8210-e89b67f77e76" executionId="48d2ef7b-57ad-45c0-9675-39f87d386cb7" testListId="8c84fa94-04c1-424b-9868-57a2d4851a1d" />
    <TestEntry testId="ab667174-c002-4c1c-8215-51ccecbc3949" executionId="dac15a5c-b379-471c-95ca-a6dfa2a234c1" testListId="8c84fa94-04c1-424b-9868-57a2d4851a1d" />
    <TestEntry testId="8581d574-d88a-4e2d-92d7-1a98db02da48" executionId="a3d9ddcb-643c-4bf7-acdf-e15c5a8aafc8" testListId="8c84fa94-04c1-424b-9868-57a2d4851a1d" />
    <TestEntry testId="b22211c8-c129-479f-96ed-f70d927e6571" executionId="a2e4c107-47d1-46bf-9d0b-d47679414876" testListId="8c84fa94-04c1-424b-9868-57a2d4851a1d" />
    <TestEntry testId="2936d318-0320-4614-a1f5-a94ea2772034" executionId="7e14f9fb-e154-43c3-9a2d-1f5482081577" testListId="8c84fa94-04c1-424b-9868-57a2d4851a1d" />
    <TestEntry testId="aa52107a-ad06-44a2-a46d-915e8b5e655b" executionId="8c66ac77-1f56-45c0-84dd-74b987ad3e38" testListId="8c84fa94-04c1-424b-9868-57a2d4851a1d" />
    <TestEntry testId="51a88493-f1ba-41f8-b5ee-965b5903885f" executionId="ebdb36e3-5e93-4a4f-a2e8-03203f84d729" testListId="8c84fa94-04c1-424b-9868-57a2d4851a1d" />
    <TestEntry testId="a749f101-93a3-4646-8e0e-0979ee70c4e6" executionId="41c2540b-5607-4dea-a83f-07257e572e99" testListId="8c84fa94-04c1-424b-9868-57a2d4851a1d" />
    <TestEntry testId="cf669263-1d35-46cf-884c-f06fc35c3a21" executionId="409ce627-6c98-4712-b3be-a1e6807cb07a" testListId="8c84fa94-04c1-424b-9868-57a2d4851a1d" />
    <TestEntry testId="c63b2c1f-2010-462a-b341-81a8df2b0fb3" executionId="45d8f7d9-ede5-4d48-9395-c12f2a659587" testListId="8c84fa94-04c1-424b-9868-57a2d4851a1d" />
    <TestEntry testId="62737975-f322-4a82-803a-5c7c56750393" executionId="daeeec69-d5f4-4750-b0da-9e4159da14de" testListId="8c84fa94-04c1-424b-9868-57a2d4851a1d" />
    <TestEntry testId="d9eb9506-d080-4332-b4e3-a9a8081e147f" executionId="a742d203-d778-4670-92c0-792113014713" testListId="8c84fa94-04c1-424b-9868-57a2d4851a1d" />
    <TestEntry testId="7e95da32-0ad7-4217-933f-28dffd5ac629" executionId="8c0bec1d-1402-4afc-838e-eb92e8c0669f" testListId="8c84fa94-04c1-424b-9868-57a2d4851a1d" />
    <TestEntry testId="cf4d3579-13c2-417b-8ff7-55ab9fee8e45" executionId="11e844af-a5cd-4227-aca9-acd6e67cc69f" testListId="8c84fa94-04c1-424b-9868-57a2d4851a1d" />
    <TestEntry testId="d84099a9-3aa3-4cbb-9d9c-4e4a6424ef0d" executionId="41ffc255-d3b2-47c9-a19a-a92e3c180896" testListId="8c84fa94-04c1-424b-9868-57a2d4851a1d" />
    <TestEntry testId="08b832f6-2310-48f0-93bf-e6a51663c0f0" executionId="0f3cfa2a-467f-487e-9204-f89342a16e26" testListId="8c84fa94-04c1-424b-9868-57a2d4851a1d" />
    <TestEntry testId="58735b44-ccb7-4d21-9951-fd0b0a77664e" executionId="38116812-6251-44df-927e-08bb2c9395cb" testListId="8c84fa94-04c1-424b-9868-57a2d4851a1d" />
    <TestEntry testId="86cfb852-e679-46ec-aa6c-acf62f86deb3" executionId="4afc98ee-52a3-496f-9607-3723fc4abffa" testListId="8c84fa94-04c1-424b-9868-57a2d4851a1d" />
    <TestEntry testId="df62407d-ba38-4c0c-ac60-5a3694ee97a7" executionId="6a097b57-7833-4961-bae0-bbf487d6ecfa" testListId="8c84fa94-04c1-424b-9868-57a2d4851a1d" />
    <TestEntry testId="1e0095f0-6499-41eb-a9d2-47e5c8ff6b55" executionId="20daf242-3b01-40e2-83d9-9c306ef5ccea" testListId="8c84fa94-04c1-424b-9868-57a2d4851a1d" />
    <TestEntry testId="f07f18aa-ed53-4e4d-9813-f499ed0a3765" executionId="5ad04832-7461-4849-9291-8f362688163c" testListId="8c84fa94-04c1-424b-9868-57a2d4851a1d" />
    <TestEntry testId="f955c564-891f-43c3-af5e-433ab73c4eeb" executionId="81c9514e-9fd9-4fa9-9088-71f6fdeaa6c6" testListId="8c84fa94-04c1-424b-9868-57a2d4851a1d" />
    <TestEntry testId="d9cb157e-c2ae-41db-a080-988f64cc61f2" executionId="304e2f0c-79c8-4a4a-bea2-24e7eea7f30f" testListId="8c84fa94-04c1-424b-9868-57a2d4851a1d" />
    <TestEntry testId="ca13d5bc-8006-48a3-ba41-ebece4276b26" executionId="8433e00c-7fb3-4f86-a02d-dafa24127088" testListId="8c84fa94-04c1-424b-9868-57a2d4851a1d" />
    <TestEntry testId="25da7010-7dc1-415a-b1e6-ef64067e43d7" executionId="e48b950c-699e-49ea-bf9f-ca864460aa95" testListId="8c84fa94-04c1-424b-9868-57a2d4851a1d" />
    <TestEntry testId="5815cede-0a52-4bc0-889e-49a780fab309" executionId="05b24250-aa74-4982-ab06-07aa11541f73" testListId="8c84fa94-04c1-424b-9868-57a2d4851a1d" />
    <TestEntry testId="70557501-89da-4628-9471-a322eaad1935" executionId="4cbc6364-1d8e-49dd-bf14-43cd49e10517" testListId="8c84fa94-04c1-424b-9868-57a2d4851a1d" />
    <TestEntry testId="8fc2f809-9619-4416-843f-ab7767a91077" executionId="f2217027-cebb-47a7-953c-0faa622372f8" testListId="8c84fa94-04c1-424b-9868-57a2d4851a1d" />
    <TestEntry testId="d0c37d9c-5c15-4f87-ae8d-939d8d9c05d9" executionId="d5ed39e6-9904-44a4-acf1-f84a1b399d83" testListId="8c84fa94-04c1-424b-9868-57a2d4851a1d" />
    <TestEntry testId="0a18ba40-8ae0-4e3e-9043-a90a9ce87f80" executionId="7af2da6b-caf3-487e-8393-ef5f8701ee3a" testListId="8c84fa94-04c1-424b-9868-57a2d4851a1d" />
    <TestEntry testId="64757a34-a594-4a1c-a656-7a9805c75d36" executionId="2059e223-53cf-444d-9f8c-786c19ac9e0e" testListId="8c84fa94-04c1-424b-9868-57a2d4851a1d" />
    <TestEntry testId="4fdfcdec-434e-49f9-b436-5ead8ff2414f" executionId="e5201dfe-ca7d-4872-bf8c-385ac8b64493" testListId="8c84fa94-04c1-424b-9868-57a2d4851a1d" />
    <TestEntry testId="ad1a5e14-80ab-44ea-910d-1e05b4ec7fd3" executionId="7ded09fc-c2b4-43f8-8387-5ab38c898407" testListId="8c84fa94-04c1-424b-9868-57a2d4851a1d" />
    <TestEntry testId="8ea00849-8a52-40bc-8aac-d990c101ce0b" executionId="92fe358c-b686-4510-8b09-59bc79857e6e" testListId="8c84fa94-04c1-424b-9868-57a2d4851a1d" />
    <TestEntry testId="f8f052c5-fcd8-4a69-9769-3f597e1583d2" executionId="96831e50-5ff0-47f1-a162-1e35bb7a0f2f" testListId="8c84fa94-04c1-424b-9868-57a2d4851a1d" />
    <TestEntry testId="a4e3e870-b0d8-4de2-b27e-e5d1e06982b9" executionId="f9fd17eb-18d6-4f64-9cac-fc6fc6464ddd" testListId="8c84fa94-04c1-424b-9868-57a2d4851a1d" />
    <TestEntry testId="06dbfcf8-c280-476c-8b23-29aa2f53a7e0" executionId="19c96017-f9ee-4bd0-b8fc-b924cb5fd742" testListId="8c84fa94-04c1-424b-9868-57a2d4851a1d" />
    <TestEntry testId="9e1b4cde-beab-4d83-a67a-121e6200b013" executionId="98b282af-dd48-48a4-9ed5-95af39e0360c" testListId="8c84fa94-04c1-424b-9868-57a2d4851a1d" />
    <TestEntry testId="66d2fc61-368e-4d02-bfd6-6c96c1ddd2ce" executionId="67c843c6-2a7a-418f-86e5-bce8e2607f79" testListId="8c84fa94-04c1-424b-9868-57a2d4851a1d" />
    <TestEntry testId="59d92013-1fd9-4b5d-96e3-8931d94b0a87" executionId="1fbcbb8c-499b-4126-8e6b-c1f3cdc486a3" testListId="8c84fa94-04c1-424b-9868-57a2d4851a1d" />
    <TestEntry testId="7d0a8627-d725-4d1f-b7b2-15420f2d47fe" executionId="f45093b1-d9a6-4234-bf2c-3165ddb5a517" testListId="8c84fa94-04c1-424b-9868-57a2d4851a1d" />
    <TestEntry testId="151df31f-a273-4832-ace2-79b8ce00d5ae" executionId="9afd6b75-d68d-4650-a1c4-d149495ffea7" testListId="8c84fa94-04c1-424b-9868-57a2d4851a1d" />
    <TestEntry testId="1730648e-7e2d-4a9a-b45c-be5b38ebc2b4" executionId="f746211e-928f-4bed-a059-133d6adca41e" testListId="8c84fa94-04c1-424b-9868-57a2d4851a1d" />
    <TestEntry testId="bef3225d-b448-4317-bd89-bd6537d53b06" executionId="3aaa5db9-08ad-45ad-ab35-0024cc78d951" testListId="8c84fa94-04c1-424b-9868-57a2d4851a1d" />
    <TestEntry testId="ad78f80c-61cf-463e-b80f-f33c46ab87d7" executionId="1cf7170f-fe4d-4a59-84ab-962c40faede3" testListId="8c84fa94-04c1-424b-9868-57a2d4851a1d" />
    <TestEntry testId="4c9406cb-0110-42ed-9ece-298d5c1843a0" executionId="fbe44f3f-91e2-44d9-be3f-e26df29fd941" testListId="8c84fa94-04c1-424b-9868-57a2d4851a1d" />
    <TestEntry testId="48e6786d-aba9-4830-9037-bb5719673e45" executionId="f5fd2226-f171-440b-8dc2-e63dae6a245b" testListId="8c84fa94-04c1-424b-9868-57a2d4851a1d" />
    <TestEntry testId="32b4abd2-8af3-421b-8003-592d37350439" executionId="c0f7ca95-6c4c-4ec0-bd4b-367e9cf8992e" testListId="8c84fa94-04c1-424b-9868-57a2d4851a1d" />
    <TestEntry testId="679bb38d-b946-4b7a-a2a5-fc727895a532" executionId="f5879775-4a27-4a5a-8861-a827e32fb542" testListId="8c84fa94-04c1-424b-9868-57a2d4851a1d" />
    <TestEntry testId="1596acc6-14a6-4f6b-a64c-4c3b8cd48f60" executionId="ad123d34-532d-413a-a605-f52d709fdf86" testListId="8c84fa94-04c1-424b-9868-57a2d4851a1d" />
    <TestEntry testId="0fb22ffc-a983-489e-ae75-f40563fba803" executionId="f7962912-e13d-447a-9be2-27c503e6db20" testListId="8c84fa94-04c1-424b-9868-57a2d4851a1d" />
    <TestEntry testId="75dd9ff4-1514-4b96-9464-9ea2acf32cd1" executionId="61fb72ef-949f-4b4a-b7e5-1ede0606bd06" testListId="8c84fa94-04c1-424b-9868-57a2d4851a1d" />
    <TestEntry testId="339bbbae-dedf-4707-bb12-47a65e04eb83" executionId="78b17aee-fae6-40bc-9430-f6718e5b34b5" testListId="8c84fa94-04c1-424b-9868-57a2d4851a1d" />
    <TestEntry testId="f5039ccf-4bff-4c69-9852-049c5ebd5016" executionId="9d1a9781-26d8-48c5-a9e6-6c276f507d1f" testListId="8c84fa94-04c1-424b-9868-57a2d4851a1d" />
    <TestEntry testId="a780905c-091b-4991-a6f8-a624904178a8" executionId="512f37e8-2c87-4a11-abb6-51e147c72e3b" testListId="8c84fa94-04c1-424b-9868-57a2d4851a1d" />
    <TestEntry testId="7d376cca-23ad-460c-b62d-464b589f20f5" executionId="987af277-8803-4dd7-aea0-742e0b3e58f5" testListId="8c84fa94-04c1-424b-9868-57a2d4851a1d" />
    <TestEntry testId="79817e1f-04ab-46e9-a1fa-15da7f408f4b" executionId="4cc8ee7d-e458-4a1e-b5a2-51464fcfa407" testListId="8c84fa94-04c1-424b-9868-57a2d4851a1d" />
    <TestEntry testId="2422bd96-6349-41c6-90cc-efd84457e3f9" executionId="906127d6-4922-4c90-a127-eca715c9beec" testListId="8c84fa94-04c1-424b-9868-57a2d4851a1d" />
    <TestEntry testId="46fe384e-b82f-49af-aab2-6d0ad0fcf5e6" executionId="32a75169-14d8-4edd-be82-131e56975267" testListId="8c84fa94-04c1-424b-9868-57a2d4851a1d" />
    <TestEntry testId="3518f0f4-2e55-4ca5-a96e-4be6d0aed22a" executionId="623a7c43-b1e6-4ca4-80d9-cc3b17345300" testListId="8c84fa94-04c1-424b-9868-57a2d4851a1d" />
    <TestEntry testId="a9cb230d-03cf-410e-98ab-62ef444f9bcf" executionId="33c2a11e-2dbe-426a-ae5e-a9a4f1b5a402" testListId="8c84fa94-04c1-424b-9868-57a2d4851a1d" />
    <TestEntry testId="33b2b212-3d38-4943-ac67-6b6de0473370" executionId="32c4431d-8d55-404a-ae0e-10689f5994bb" testListId="8c84fa94-04c1-424b-9868-57a2d4851a1d" />
    <TestEntry testId="e8512b93-9c5e-483b-a774-8eced554681b" executionId="dc7e1222-7082-4bf6-9919-3070b7d82b8a" testListId="8c84fa94-04c1-424b-9868-57a2d4851a1d" />
    <TestEntry testId="e3219895-eb33-4ce6-8963-007caeeec3a6" executionId="42df3b13-aee2-452d-83cd-5f8c47c103ca" testListId="8c84fa94-04c1-424b-9868-57a2d4851a1d" />
    <TestEntry testId="147d50ea-49b2-46c0-8d84-8b0962d0b944" executionId="b83d2862-ddc6-437d-8bae-225b5fd8b1b8" testListId="8c84fa94-04c1-424b-9868-57a2d4851a1d" />
    <TestEntry testId="4be6ac13-c32a-4cbd-8fbc-da6b9c270e53" executionId="8fa0fecc-aafe-4f36-b799-cb7dc6dc14d8" testListId="8c84fa94-04c1-424b-9868-57a2d4851a1d" />
    <TestEntry testId="7c31aa45-f853-41a6-96c5-9b0fab7cd619" executionId="fdc6bc9d-1498-4882-a81b-244910a2f529" testListId="8c84fa94-04c1-424b-9868-57a2d4851a1d" />
    <TestEntry testId="b905be49-a5cd-4869-9575-f5a4bbd30439" executionId="1ae72f2a-ddbc-49fa-a87f-d211891a6864" testListId="8c84fa94-04c1-424b-9868-57a2d4851a1d" />
    <TestEntry testId="6f9297e7-a0df-4aa1-931f-c141293b577b" executionId="56e0ab06-fff9-4655-8a91-456487706264" testListId="8c84fa94-04c1-424b-9868-57a2d4851a1d" />
    <TestEntry testId="c54a9998-3e74-41b9-8100-3fc87182c0d5" executionId="e062f1b7-886d-4ed2-b7d2-9850601b8c76" testListId="8c84fa94-04c1-424b-9868-57a2d4851a1d" />
    <TestEntry testId="5f68c510-bed5-40b0-8754-8273e8a2525a" executionId="a16e29c0-9db7-409d-b54d-d25a34511dcc" testListId="8c84fa94-04c1-424b-9868-57a2d4851a1d" />
    <TestEntry testId="ef84f589-9ed1-4a93-a8d4-12318c34c64a" executionId="c2eee008-fe17-4683-85a3-0ec401ad4983" testListId="8c84fa94-04c1-424b-9868-57a2d4851a1d" />
    <TestEntry testId="b3c59766-3200-4fa2-8342-f2016144204e" executionId="8c64c24b-0bbc-46dc-b959-45d4e9394c64" testListId="8c84fa94-04c1-424b-9868-57a2d4851a1d" />
    <TestEntry testId="d2b92ab3-de60-44fb-893f-6a4bec626506" executionId="6cfe3cc2-7589-416a-b3c5-ef2f2fde32c6" testListId="8c84fa94-04c1-424b-9868-57a2d4851a1d" />
    <TestEntry testId="b2ebff06-52b9-40bb-a085-cd0fcfb0c28e" executionId="69afa9aa-63a3-4a3d-8947-4cb222fd0870" testListId="8c84fa94-04c1-424b-9868-57a2d4851a1d" />
    <TestEntry testId="0402074e-4ac8-43db-986d-93119e6949da" executionId="8c9d4730-94f3-4e65-b334-8dfc029f935e" testListId="8c84fa94-04c1-424b-9868-57a2d4851a1d" />
    <TestEntry testId="06cf226c-7175-44ca-824e-69cc9832673f" executionId="02ac3b10-eedb-449a-b844-64cdd4e57091" testListId="8c84fa94-04c1-424b-9868-57a2d4851a1d" />
    <TestEntry testId="4535b062-9422-45f8-a788-928374abb36a" executionId="a1eee302-d309-4072-b54b-52b3a9de458e" testListId="8c84fa94-04c1-424b-9868-57a2d4851a1d" />
    <TestEntry testId="3b15b255-9fad-48e9-8014-8406da3abff5" executionId="e244459f-6071-4d35-ad1a-e68934cd3862" testListId="8c84fa94-04c1-424b-9868-57a2d4851a1d" />
    <TestEntry testId="a6ecb290-d5a1-4271-aa92-dd5b0d8815e8" executionId="f28fb189-b6d3-4710-b760-702c55f79eb8" testListId="8c84fa94-04c1-424b-9868-57a2d4851a1d" />
    <TestEntry testId="61bc7806-8299-45bd-b032-4e19e4dd6999" executionId="7b652f63-521b-4fcc-8fe5-c2ae0b2616fa" testListId="8c84fa94-04c1-424b-9868-57a2d4851a1d" />
    <TestEntry testId="813a125e-303a-474a-a25c-dcc2761c8191" executionId="80c72f05-8dd4-4c0c-ba03-995a807b85db" testListId="8c84fa94-04c1-424b-9868-57a2d4851a1d" />
    <TestEntry testId="83d4e696-c905-4058-a4ba-039740979433" executionId="acd65e2a-808f-488b-912b-fb17d6ca0123" testListId="8c84fa94-04c1-424b-9868-57a2d4851a1d" />
    <TestEntry testId="474be0fb-984e-4d9a-88f4-de7476073b11" executionId="433cded8-de64-4c81-b6d0-52841231f240" testListId="8c84fa94-04c1-424b-9868-57a2d4851a1d" />
    <TestEntry testId="0420545d-28ca-4114-aa72-5c1ef1443e86" executionId="6c70234b-6393-4db6-8939-3cacb7e33716" testListId="8c84fa94-04c1-424b-9868-57a2d4851a1d" />
    <TestEntry testId="404bb1c9-81c9-460a-b7b5-1e37bb52c18b" executionId="5bba2908-b595-4c2a-bcab-cbd63deb657a" testListId="8c84fa94-04c1-424b-9868-57a2d4851a1d" />
    <TestEntry testId="c34c3113-2e8e-4002-a168-0fb9f9db7f5d" executionId="5f151d1c-96b9-4070-bd63-ac29577417bb" testListId="8c84fa94-04c1-424b-9868-57a2d4851a1d" />
    <TestEntry testId="06f0916f-45f2-469a-baa2-583636f1da27" executionId="95e99b22-1901-4e29-85b2-198aac6b5853" testListId="8c84fa94-04c1-424b-9868-57a2d4851a1d" />
    <TestEntry testId="2e642b71-098b-46cb-98c0-15d69f3ddf47" executionId="ce2f0896-23a2-457e-adf1-063e30ab9857" testListId="8c84fa94-04c1-424b-9868-57a2d4851a1d" />
    <TestEntry testId="dd3f6766-b505-4a4b-998b-a70ed7bc613c" executionId="309774be-6293-451a-afe7-949ea9c9e0e1" testListId="8c84fa94-04c1-424b-9868-57a2d4851a1d" />
    <TestEntry testId="ff639261-a585-4326-9236-3bfbc4dad246" executionId="e325c46a-f331-4455-9f81-d997c10f49a9" testListId="8c84fa94-04c1-424b-9868-57a2d4851a1d" />
    <TestEntry testId="f1325714-a6d0-44df-b0de-bc537107645d" executionId="8d2b084f-8340-41f7-aac2-59e08978f419" testListId="8c84fa94-04c1-424b-9868-57a2d4851a1d" />
    <TestEntry testId="438aaa98-6eb7-4e3a-8809-2059b8dfd2fc" executionId="81c790d7-44f3-47e0-85ca-35311bd2b2d7" testListId="8c84fa94-04c1-424b-9868-57a2d4851a1d" />
    <TestEntry testId="d41ce57b-fed8-4c7f-a33e-6c2f31c7bdd1" executionId="211fc6a4-75c7-41fc-97b9-29f0836751dc" testListId="8c84fa94-04c1-424b-9868-57a2d4851a1d" />
    <TestEntry testId="87a18366-af45-48b3-8efc-97c4691fb25e" executionId="3224b579-32d2-46c9-8aae-70c6e54593ed" testListId="8c84fa94-04c1-424b-9868-57a2d4851a1d" />
    <TestEntry testId="e70f7a01-776b-4514-8ca7-73c5b717f8b3" executionId="18766e16-0f31-4a04-8231-1b3207d3dc0b" testListId="8c84fa94-04c1-424b-9868-57a2d4851a1d" />
    <TestEntry testId="343b6dcc-11cf-46de-b546-6ddf583a4735" executionId="6edd4f5e-caf7-436e-b5d0-df16808a6cc5" testListId="8c84fa94-04c1-424b-9868-57a2d4851a1d" />
    <TestEntry testId="5f7255bb-7936-45ef-809f-b62ed88d6fdc" executionId="52804167-b891-4edc-9c37-7efcdab7ae18" testListId="8c84fa94-04c1-424b-9868-57a2d4851a1d" />
    <TestEntry testId="399d9acd-efaf-4b42-9295-8c1cee496a0f" executionId="ebff6d4b-4ebc-4f07-8d86-7924a30330b6" testListId="8c84fa94-04c1-424b-9868-57a2d4851a1d" />
    <TestEntry testId="1746f239-8df5-40da-bea2-690fba9f9eb8" executionId="c0c27940-3730-4a78-87cf-97edd2210e48" testListId="8c84fa94-04c1-424b-9868-57a2d4851a1d" />
    <TestEntry testId="fcb7c1e1-c05b-4ad8-8a87-b994845ec039" executionId="95113226-53f7-4abc-b670-4efb94356fde" testListId="8c84fa94-04c1-424b-9868-57a2d4851a1d" />
    <TestEntry testId="ded9ade0-db24-45c7-b63b-caf94fc1dd39" executionId="1908c016-b693-41b0-80d6-89c3c6b9c3eb" testListId="8c84fa94-04c1-424b-9868-57a2d4851a1d" />
    <TestEntry testId="63d0bafe-f51a-46a9-8965-3995c1522def" executionId="716a52aa-691b-426b-b72b-de28578bbf44" testListId="8c84fa94-04c1-424b-9868-57a2d4851a1d" />
    <TestEntry testId="6e1392c6-31f6-4207-9b05-3ef364db8257" executionId="1816e8c5-23eb-4a8e-a3e4-bc377cab8d6b" testListId="8c84fa94-04c1-424b-9868-57a2d4851a1d" />
    <TestEntry testId="4420bad0-ef77-4c0f-b8cf-d36eac025d17" executionId="26d92d14-70b7-4f3b-9726-989ca60fd17a" testListId="8c84fa94-04c1-424b-9868-57a2d4851a1d" />
    <TestEntry testId="5ae78d06-55ae-407a-b039-67acfa595423" executionId="976f18e5-27d6-40c7-8cd8-8a1ed346d1e4" testListId="8c84fa94-04c1-424b-9868-57a2d4851a1d" />
    <TestEntry testId="48717589-c1cc-47a5-b52f-9973dd1ff796" executionId="985c5ad6-a5b7-427c-983b-13e9d8f7fa01" testListId="8c84fa94-04c1-424b-9868-57a2d4851a1d" />
    <TestEntry testId="a3eb7614-43ea-4146-b4b8-bd59238d3f6f" executionId="a071909b-0948-4344-9932-e2154ef4e393" testListId="8c84fa94-04c1-424b-9868-57a2d4851a1d" />
    <TestEntry testId="70e6e8e1-f29b-474e-93c8-7e8b48747425" executionId="39965bed-1e2b-44cd-b170-addaed12b0e8" testListId="8c84fa94-04c1-424b-9868-57a2d4851a1d" />
    <TestEntry testId="bda94219-ab97-4877-b63e-06a41c60d8b8" executionId="31eb922e-8eb8-4d00-bd28-02b9f3b48ef2" testListId="8c84fa94-04c1-424b-9868-57a2d4851a1d" />
    <TestEntry testId="f91ff00f-444c-4d58-ad78-184b4f55c3fa" executionId="5f2028c3-7550-4be2-b268-be65834e8b54" testListId="8c84fa94-04c1-424b-9868-57a2d4851a1d" />
    <TestEntry testId="3c129306-0700-4dad-90af-8f95c9efc40c" executionId="13425b73-9aae-42d9-9166-ca9cfc507ab2" testListId="8c84fa94-04c1-424b-9868-57a2d4851a1d" />
    <TestEntry testId="cfa5b7f8-6dd3-4a8b-8f1b-3ef88e785c1a" executionId="9f336a06-289b-48b6-b16a-52a94ab1ac24" testListId="8c84fa94-04c1-424b-9868-57a2d4851a1d" />
    <TestEntry testId="dc7268b8-adb6-41c5-aac3-c33907f0f982" executionId="864d6f80-0cc7-4a18-8a41-a5ce378a3194" testListId="8c84fa94-04c1-424b-9868-57a2d4851a1d" />
    <TestEntry testId="3b448534-f228-479c-a2bc-6e3e6c3642e1" executionId="b662ec75-64d9-4220-9bbc-14772290ba3a" testListId="8c84fa94-04c1-424b-9868-57a2d4851a1d" />
    <TestEntry testId="c5d14bce-4c64-432a-9683-819bf2c92b9d" executionId="34b81eb2-434e-47b3-865e-b5d813583e85" testListId="8c84fa94-04c1-424b-9868-57a2d4851a1d" />
    <TestEntry testId="c49ce748-9fe9-4640-8eab-1c3114c517cb" executionId="cce9ce6f-8325-41b2-a113-5e11b72496c8" testListId="8c84fa94-04c1-424b-9868-57a2d4851a1d" />
    <TestEntry testId="a1cd7885-00af-4d78-b3b7-9ef0fff32234" executionId="d62ce87d-768c-42e4-8238-fd639750829e" testListId="8c84fa94-04c1-424b-9868-57a2d4851a1d" />
    <TestEntry testId="af2dc977-1514-4e89-8374-7d8b86314f7a" executionId="5f014d33-cd98-47a6-86b0-3b2a5e648c8b" testListId="8c84fa94-04c1-424b-9868-57a2d4851a1d" />
    <TestEntry testId="75e720a1-0263-44ca-a721-1eca21827a75" executionId="043ee42e-bca0-46d5-993e-5957eea46f92" testListId="8c84fa94-04c1-424b-9868-57a2d4851a1d" />
    <TestEntry testId="52c0c626-99ae-4e96-aff8-0282f93f5bfb" executionId="77cee166-abb3-4163-ae29-3cfa7b712e46" testListId="8c84fa94-04c1-424b-9868-57a2d4851a1d" />
    <TestEntry testId="63bc96ff-86ec-4652-b54c-1556faaaf179" executionId="0c8516bb-079b-4252-a9c5-57fa315ccf57" testListId="8c84fa94-04c1-424b-9868-57a2d4851a1d" />
    <TestEntry testId="48e19e5d-0be2-419a-9e9e-290cfbd3b432" executionId="f732021f-478a-4f49-806a-82357e4a5134" testListId="8c84fa94-04c1-424b-9868-57a2d4851a1d" />
    <TestEntry testId="75b09b59-4560-4e3a-8586-92c4e260e5b2" executionId="98a3e78a-c64a-4dd7-b1b7-d9a41dbf351e" testListId="8c84fa94-04c1-424b-9868-57a2d4851a1d" />
    <TestEntry testId="a9a7feb2-c95b-4828-96a7-bf44a18d1fe9" executionId="fc90c4ec-4cba-47f0-b960-439af5af1f82" testListId="8c84fa94-04c1-424b-9868-57a2d4851a1d" />
    <TestEntry testId="38bb9850-3cac-4fa3-92a7-da91c38e05c9" executionId="8b199c2e-e0b8-47ae-bff4-c43b855ce792" testListId="8c84fa94-04c1-424b-9868-57a2d4851a1d" />
    <TestEntry testId="38950564-7524-4b5f-9bd0-be45bbeab815" executionId="c5260cae-7b9b-4e04-abeb-305131393f2c" testListId="8c84fa94-04c1-424b-9868-57a2d4851a1d" />
    <TestEntry testId="76285be5-7730-4620-98e2-8923bb9a1c2c" executionId="943f6ba3-4339-4095-a510-87505fc02273" testListId="8c84fa94-04c1-424b-9868-57a2d4851a1d" />
    <TestEntry testId="c4d2c338-04c0-41fe-8814-e52f16d6a0bb" executionId="24963cef-16c0-480b-8468-aaead467d0a5" testListId="8c84fa94-04c1-424b-9868-57a2d4851a1d" />
    <TestEntry testId="387d002e-93df-4da2-b5bb-b59dbabe32ea" executionId="a25e5f79-ded1-4d74-9122-17817cad0b1a" testListId="8c84fa94-04c1-424b-9868-57a2d4851a1d" />
    <TestEntry testId="e261e023-a8e5-47ba-9e5c-8bdd18a375e8" executionId="6beda12e-f4c1-4b6d-834f-2f028871c1e6" testListId="8c84fa94-04c1-424b-9868-57a2d4851a1d" />
    <TestEntry testId="373d36c8-b1ef-46ba-b87b-64cbc5faef4b" executionId="e59a97c3-e221-48e0-a6bb-8fa88f73afd5" testListId="8c84fa94-04c1-424b-9868-57a2d4851a1d" />
    <TestEntry testId="8e0ae594-f321-4a23-ab1c-d72122d7d6a2" executionId="44a2ff0d-1312-45cf-969d-55739a03a296" testListId="8c84fa94-04c1-424b-9868-57a2d4851a1d" />
    <TestEntry testId="0ff23244-e4ab-40ea-9fce-0a151f26e3ff" executionId="170e794c-c7ed-49d3-bb7b-9bac575ed17c" testListId="8c84fa94-04c1-424b-9868-57a2d4851a1d" />
    <TestEntry testId="61aa5e4c-f266-43b1-afc0-364ec4b9b77e" executionId="f9f02356-fcdf-4f76-82dc-743c7b2f18e8" testListId="8c84fa94-04c1-424b-9868-57a2d4851a1d" />
    <TestEntry testId="7567f62b-8d46-4b2c-a899-aaacd349be3d" executionId="4fc757aa-854e-4d34-a9ac-42342d6456f3" testListId="8c84fa94-04c1-424b-9868-57a2d4851a1d" />
    <TestEntry testId="4d4c7bf2-165b-47b2-970e-118416dc4bab" executionId="c77c0277-e52f-4614-a0b9-b5935a1b92b8" testListId="8c84fa94-04c1-424b-9868-57a2d4851a1d" />
    <TestEntry testId="567667ee-d29e-43c1-be3e-08bd30cdd7cb" executionId="4fafa39f-43b7-48c1-9e2f-1f40f90776da" testListId="8c84fa94-04c1-424b-9868-57a2d4851a1d" />
    <TestEntry testId="801f11f1-a94a-4737-b045-e37d403b7baf" executionId="c8139756-9ba9-430e-9d7b-a5dd32167f2e" testListId="8c84fa94-04c1-424b-9868-57a2d4851a1d" />
    <TestEntry testId="e1ebb59b-d24e-4695-8ac5-643969bf1a4b" executionId="0ec4f05b-c275-43c4-8895-696a163d6ef7" testListId="8c84fa94-04c1-424b-9868-57a2d4851a1d" />
    <TestEntry testId="6a493e03-0c3b-4d6e-98b9-3f3108437381" executionId="68e1ca52-668c-4916-b5be-4e323c4c49a0" testListId="8c84fa94-04c1-424b-9868-57a2d4851a1d" />
    <TestEntry testId="9a65bcdf-01d7-4aa4-a65e-aea9d39d5c54" executionId="80988f00-0e33-4f26-973a-e6f0db089c12" testListId="8c84fa94-04c1-424b-9868-57a2d4851a1d" />
    <TestEntry testId="9a4e1a94-1138-4844-828f-c738281a530d" executionId="ada29abd-65ad-4140-8f2b-ae825f66392f" testListId="8c84fa94-04c1-424b-9868-57a2d4851a1d" />
    <TestEntry testId="8fbe1977-b2e1-4f95-bd5d-9a01586d03a2" executionId="8cf15de6-334e-4996-860a-771fc27f7f6b" testListId="8c84fa94-04c1-424b-9868-57a2d4851a1d" />
    <TestEntry testId="e3e391ad-a1ec-494f-928a-ffa088be7664" executionId="bc871b11-f8de-4043-a0c1-bc82d075cb2d" testListId="8c84fa94-04c1-424b-9868-57a2d4851a1d" />
    <TestEntry testId="e33d6ed8-2645-4ea7-9fb7-7d85407ffdb5" executionId="17ec3107-2bac-4ee1-8596-7a2b11695cf9" testListId="8c84fa94-04c1-424b-9868-57a2d4851a1d" />
    <TestEntry testId="4dcd6ba1-4c5a-4c62-9c68-98d35b659456" executionId="8e3744c5-1761-48da-bb8a-96447684dcca" testListId="8c84fa94-04c1-424b-9868-57a2d4851a1d" />
    <TestEntry testId="ca3d62f3-b466-42c1-b89a-0cd1fda5b6fc" executionId="d0cd205a-fc98-4faa-ad57-c67b78dae7fb" testListId="8c84fa94-04c1-424b-9868-57a2d4851a1d" />
    <TestEntry testId="822caac9-c0f7-4622-8663-e243d2d99fda" executionId="a7f4390d-dd2c-4e6d-861f-fd6a55ad456e" testListId="8c84fa94-04c1-424b-9868-57a2d4851a1d" />
    <TestEntry testId="b378b060-5ed6-4d51-b8b6-510ac6b436b6" executionId="1849b5eb-18b3-4da2-8be6-a0261b545e36" testListId="8c84fa94-04c1-424b-9868-57a2d4851a1d" />
    <TestEntry testId="83a9f4d3-b4ca-431b-9838-657c42033fd7" executionId="f289739b-f7ea-41d3-a35c-710ce3c623ad" testListId="8c84fa94-04c1-424b-9868-57a2d4851a1d" />
    <TestEntry testId="7fe6027b-ab97-49e0-ae7f-e46a3421c5e0" executionId="c2954c65-521a-4a25-82ed-7606d9c17d52" testListId="8c84fa94-04c1-424b-9868-57a2d4851a1d" />
    <TestEntry testId="f61e50d0-2814-4202-91dd-8fb9c98de6c0" executionId="656c9ed7-7e3a-4a81-b1ab-d7b282e8ef98" testListId="8c84fa94-04c1-424b-9868-57a2d4851a1d" />
    <TestEntry testId="6d85300e-e0e6-4d50-aea7-da87e649ad17" executionId="27c246df-9f75-4c91-a71f-824b2438fca7" testListId="8c84fa94-04c1-424b-9868-57a2d4851a1d" />
    <TestEntry testId="5a23cae3-a709-49ba-9cd5-22a4b7e5c317" executionId="1b720b34-8c8c-4d0a-aed4-e7099796eb24" testListId="8c84fa94-04c1-424b-9868-57a2d4851a1d" />
    <TestEntry testId="6f2ad8be-be17-4083-b6a8-e725af11afd9" executionId="f423cb86-9e2f-4682-9f71-b1dc5eb1e0a1" testListId="8c84fa94-04c1-424b-9868-57a2d4851a1d" />
    <TestEntry testId="8e763720-d8dc-4658-81dc-aa85e0646bed" executionId="0687bd91-9d3a-439e-84ec-26affd62c1bb" testListId="8c84fa94-04c1-424b-9868-57a2d4851a1d" />
    <TestEntry testId="5f46100e-91b8-4076-8261-8ce8e2babbc2" executionId="caebf72d-d3eb-4d9b-ab12-a3ef80d90ab4" testListId="8c84fa94-04c1-424b-9868-57a2d4851a1d" />
    <TestEntry testId="d3bc6621-6a1b-4552-a53f-a549e55ff52f" executionId="0b9ae372-b8dc-46ac-959d-7d6627137f6c" testListId="8c84fa94-04c1-424b-9868-57a2d4851a1d" />
    <TestEntry testId="4280ad47-e856-477d-b95c-b608de71fae6" executionId="8ac2c513-2eed-48b4-843e-7f8083fb5f74" testListId="8c84fa94-04c1-424b-9868-57a2d4851a1d" />
    <TestEntry testId="5a324ca2-a3e8-4728-b16e-0ce7f548ea0e" executionId="609466d3-16f7-459a-939c-ddaa3191e84c" testListId="8c84fa94-04c1-424b-9868-57a2d4851a1d" />
    <TestEntry testId="13b9b859-0a80-4dc7-80d9-d2781bc0da46" executionId="123b59f7-ee87-4fab-95f1-d1dc7bffa0aa" testListId="8c84fa94-04c1-424b-9868-57a2d4851a1d" />
    <TestEntry testId="c7f14364-afbc-476a-be3e-41e10237a88f" executionId="f3bf1435-e067-4f7a-ab3a-9d0181c796bc" testListId="8c84fa94-04c1-424b-9868-57a2d4851a1d" />
    <TestEntry testId="a2050dcd-81da-4986-bd50-1fdefb59ace8" executionId="0de6fed4-9b10-4401-bb61-d69595450b0a" testListId="8c84fa94-04c1-424b-9868-57a2d4851a1d" />
    <TestEntry testId="b29585e0-014f-4e8a-99f1-faeac86a6091" executionId="a079d0dc-c377-41ea-9037-19cfaa5f8570" testListId="8c84fa94-04c1-424b-9868-57a2d4851a1d" />
    <TestEntry testId="3eeb8869-f55d-4527-b9c8-06b404c3d9c8" executionId="7d74c648-9aa6-4d2e-89ed-64509b79fbc1" testListId="8c84fa94-04c1-424b-9868-57a2d4851a1d" />
    <TestEntry testId="7faeb978-532b-4618-8941-afb961c43da8" executionId="d661a928-6094-4c56-852b-40cad6205138" testListId="8c84fa94-04c1-424b-9868-57a2d4851a1d" />
    <TestEntry testId="61c45964-48cd-48d9-8a4a-bf10b05848bc" executionId="94f45742-56cc-419c-9df1-396ab21f9814" testListId="8c84fa94-04c1-424b-9868-57a2d4851a1d" />
    <TestEntry testId="7585d384-2e04-473e-af2e-e54e69834fd2" executionId="a5a6bacb-a838-4d51-946e-cd90def802a8" testListId="8c84fa94-04c1-424b-9868-57a2d4851a1d" />
    <TestEntry testId="0fe89b76-06d2-44bd-946e-44e2e939916c" executionId="b7a4fa07-e007-486a-9c3e-75a9200765c2" testListId="8c84fa94-04c1-424b-9868-57a2d4851a1d" />
    <TestEntry testId="37ced592-13b2-400c-8d58-b88e6c5d1cef" executionId="e0f5475e-ff9e-415f-a7ca-7adba307ecb6" testListId="8c84fa94-04c1-424b-9868-57a2d4851a1d" />
    <TestEntry testId="4c567cbe-2a6d-4aaf-bdce-f53b072a5231" executionId="e6495afd-8164-43df-8238-45b5642fbe01" testListId="8c84fa94-04c1-424b-9868-57a2d4851a1d" />
    <TestEntry testId="ac660f90-20cf-40a6-af88-a0c314f156d8" executionId="c2fef5f8-7609-4f81-b180-29279d5a9281" testListId="8c84fa94-04c1-424b-9868-57a2d4851a1d" />
    <TestEntry testId="8939ee04-013b-4cad-b98d-c1cd6e95efa7" executionId="a60179ca-34e6-49ec-a77a-044478d9787e" testListId="8c84fa94-04c1-424b-9868-57a2d4851a1d" />
    <TestEntry testId="f59ef4d6-23cd-4986-ba21-0d9eb6c23760" executionId="cac706b4-fa85-4aa3-916b-ce94337a1a12" testListId="8c84fa94-04c1-424b-9868-57a2d4851a1d" />
    <TestEntry testId="82ca6ad4-a88c-4b74-a66d-ebf8aced7c09" executionId="7af6157b-3541-4f63-9a4a-2d85c370e09a" testListId="8c84fa94-04c1-424b-9868-57a2d4851a1d" />
    <TestEntry testId="6ec40c52-2b48-493f-918d-ec4f85f42f6e" executionId="1bf4b52f-17e0-490e-aadb-440a2c446f89" testListId="8c84fa94-04c1-424b-9868-57a2d4851a1d" />
    <TestEntry testId="0870e585-6851-4e44-949c-74d3716ca86e" executionId="10e168ce-ca7a-4367-8e86-9b9a60b48114" testListId="8c84fa94-04c1-424b-9868-57a2d4851a1d" />
    <TestEntry testId="7eda40e3-0030-48f9-86af-0c172064ed3b" executionId="d9300991-28e4-4170-a5ba-4e5bbae7b195" testListId="8c84fa94-04c1-424b-9868-57a2d4851a1d" />
    <TestEntry testId="6d0280f4-48b0-486b-b6f9-24749b5657bc" executionId="1bc07490-c065-47fe-a64e-500653463b9f" testListId="8c84fa94-04c1-424b-9868-57a2d4851a1d" />
    <TestEntry testId="17453e58-1df8-4f32-983f-f4adb3e86b93" executionId="d8bd9977-a601-4006-84a0-7e80c5e53540" testListId="8c84fa94-04c1-424b-9868-57a2d4851a1d" />
    <TestEntry testId="ba4a5d75-53b5-4c76-892e-eec66e944899" executionId="c0fb1ca1-1e4a-4763-92ac-8aa006cdc1bb" testListId="8c84fa94-04c1-424b-9868-57a2d4851a1d" />
    <TestEntry testId="cbee4f7e-8d8a-42b6-9f3e-acef84d1028c" executionId="a90f2140-0acd-486c-8036-ca5a455532e6" testListId="8c84fa94-04c1-424b-9868-57a2d4851a1d" />
    <TestEntry testId="1459fa77-eb7f-461e-a057-4e1fd40f4b17" executionId="5bbba24c-bad6-4101-9ad6-5a377c48bc45" testListId="8c84fa94-04c1-424b-9868-57a2d4851a1d" />
    <TestEntry testId="a656c33e-4aeb-41ca-9fe6-0bc78c0de402" executionId="fc54d1c8-0615-4b4a-aa00-2b77c5056999" testListId="8c84fa94-04c1-424b-9868-57a2d4851a1d" />
    <TestEntry testId="a10c4edd-6cfb-48df-9d69-89326b320269" executionId="c559423b-d268-40b1-82b4-b75bb63bcdf0" testListId="8c84fa94-04c1-424b-9868-57a2d4851a1d" />
    <TestEntry testId="d28d8c03-bde5-4b51-bdad-6bcf6e27dcd5" executionId="216c2621-fd49-479a-897e-ad5d7698916e" testListId="8c84fa94-04c1-424b-9868-57a2d4851a1d" />
    <TestEntry testId="5dce2aec-9d6a-49e2-92e9-a21f5d04e62a" executionId="5757d88b-d547-4e73-b384-eb485ca87781" testListId="8c84fa94-04c1-424b-9868-57a2d4851a1d" />
    <TestEntry testId="3d651442-8abd-43fd-84c5-282244abadc3" executionId="ad838350-4506-46de-bab5-ea2e3d7b0293" testListId="8c84fa94-04c1-424b-9868-57a2d4851a1d" />
    <TestEntry testId="7e148e7f-00b3-4fe4-bbba-9ad316e5ae05" executionId="bb58e7c5-512a-4540-8dbb-2eb296b7a746" testListId="8c84fa94-04c1-424b-9868-57a2d4851a1d" />
    <TestEntry testId="f20217ce-c4e0-4b73-a17e-e98aebed70f8" executionId="a0aff38c-84ee-4ea0-b8cf-9167f67a7553" testListId="8c84fa94-04c1-424b-9868-57a2d4851a1d" />
    <TestEntry testId="4f4415c9-893d-4fec-88b6-35472184349a" executionId="0768343d-3e3e-408f-9b6f-46f8c48ee62b" testListId="8c84fa94-04c1-424b-9868-57a2d4851a1d" />
    <TestEntry testId="cb4d4545-b920-4ed1-8a47-a9345a3ba7b7" executionId="81e45ea6-f493-46c1-ba43-c55713d6d49b" testListId="8c84fa94-04c1-424b-9868-57a2d4851a1d" />
    <TestEntry testId="53a30ee9-a880-4629-be5c-ebaa8af9f5b8" executionId="61109ee0-2c8a-4e81-af1c-b6f1d63615af" testListId="8c84fa94-04c1-424b-9868-57a2d4851a1d" />
    <TestEntry testId="8a68b3f5-6e1c-4617-a56f-77aacb64f1fa" executionId="bfd70a83-6bce-47a1-b295-8eac8da43a47" testListId="8c84fa94-04c1-424b-9868-57a2d4851a1d" />
    <TestEntry testId="d7180469-4e96-4bec-bede-cc9bed78d52f" executionId="beb215f2-dd38-4eb7-bafe-7786766ebb02" testListId="8c84fa94-04c1-424b-9868-57a2d4851a1d" />
    <TestEntry testId="3280cab2-84f6-4b34-a5a1-fb0ba6b30173" executionId="2c65b8d3-f089-4983-963e-52b7a91d0a71" testListId="8c84fa94-04c1-424b-9868-57a2d4851a1d" />
    <TestEntry testId="ac0fac6d-9395-4d24-ab4e-2a1f28e6b50d" executionId="68fda537-980f-4e53-a348-51731166669a" testListId="8c84fa94-04c1-424b-9868-57a2d4851a1d" />
    <TestEntry testId="c343028f-0cd7-45e3-9341-214d7d4f686c" executionId="abf7b282-5d7f-4ea3-9fbd-aaaa72c4de61" testListId="8c84fa94-04c1-424b-9868-57a2d4851a1d" />
    <TestEntry testId="a1f060a0-2e5e-4581-9913-ce3ed27200c1" executionId="7933975c-e3b5-40c7-a7c0-b18e19f92ad1" testListId="8c84fa94-04c1-424b-9868-57a2d4851a1d" />
    <TestEntry testId="828c217b-a575-440f-b58c-a02339c8054d" executionId="f1e9e497-da44-49ed-8749-6668fc560ae2" testListId="8c84fa94-04c1-424b-9868-57a2d4851a1d" />
    <TestEntry testId="ec40da28-e372-48bd-819e-4776f9977703" executionId="2975ac84-4708-4235-9f1d-4aaabf0ecfe6" testListId="8c84fa94-04c1-424b-9868-57a2d4851a1d" />
    <TestEntry testId="d2e14c91-3f32-4d2f-9923-544b20f71dcd" executionId="e8c58c3c-79b7-494b-8f2d-c47b27aecf34" testListId="8c84fa94-04c1-424b-9868-57a2d4851a1d" />
    <TestEntry testId="726bb44b-67cb-4e68-8406-2bbd7acb727d" executionId="64548576-375c-4719-b5a2-db281edc62f4" testListId="8c84fa94-04c1-424b-9868-57a2d4851a1d" />
    <TestEntry testId="4b668949-5e5b-4349-928f-efc5b315976e" executionId="d005c2ce-8371-4a57-b8f5-237c6c340fde" testListId="8c84fa94-04c1-424b-9868-57a2d4851a1d" />
    <TestEntry testId="59bc1480-d218-4e7a-9fce-3f5d3370f257" executionId="feeb4e0e-efc1-46c9-9384-cac899d6f4c5" testListId="8c84fa94-04c1-424b-9868-57a2d4851a1d" />
    <TestEntry testId="f7b877cc-4a75-4de7-88f0-014f80e9a105" executionId="a9431329-47df-47b1-8064-9907735b9132" testListId="8c84fa94-04c1-424b-9868-57a2d4851a1d" />
    <TestEntry testId="381e3b5e-7124-4a3c-a466-b04a09c0a32d" executionId="71069e01-6c83-49da-a0ef-b1b60a4442ac" testListId="8c84fa94-04c1-424b-9868-57a2d4851a1d" />
    <TestEntry testId="3d245912-ca23-4b30-9780-06f228571e6e" executionId="38e6a37b-305b-4a7b-a13c-29bcde5652b9" testListId="8c84fa94-04c1-424b-9868-57a2d4851a1d" />
    <TestEntry testId="f229ee96-7a72-4227-a7a2-91d968d2ff45" executionId="3a9de0af-8985-452b-877e-e30d28cef94c" testListId="8c84fa94-04c1-424b-9868-57a2d4851a1d" />
    <TestEntry testId="1bc0203b-5822-46c4-8a6e-6c76c92f4228" executionId="a61f6949-7deb-4f86-b553-d82dd549c4a8" testListId="8c84fa94-04c1-424b-9868-57a2d4851a1d" />
    <TestEntry testId="1d3f2eb5-4be5-4a54-9354-91d9796a78a5" executionId="b4bcfc56-89a0-43ed-b51f-23fc64bbdae3" testListId="8c84fa94-04c1-424b-9868-57a2d4851a1d" />
    <TestEntry testId="4cbda958-d5eb-4ffe-b429-d34a4f005752" executionId="8f5daa71-510d-4455-ad3e-e769fb30b968" testListId="8c84fa94-04c1-424b-9868-57a2d4851a1d" />
    <TestEntry testId="4f3dd493-eadf-4cd5-b65a-3a4cb0241d23" executionId="a79157e9-3c9d-43c2-a0c0-22f5a168b378" testListId="8c84fa94-04c1-424b-9868-57a2d4851a1d" />
    <TestEntry testId="ee276530-8b1e-4cc5-9bf2-d63bcbc80fed" executionId="4d217764-7cc1-4667-bc92-5c0766cd3a96" testListId="8c84fa94-04c1-424b-9868-57a2d4851a1d" />
    <TestEntry testId="f0ed4011-072b-4408-9586-9c9545292a40" executionId="c384448d-3c0d-4694-96ea-2cb1811da9d7" testListId="8c84fa94-04c1-424b-9868-57a2d4851a1d" />
    <TestEntry testId="71135d2d-21de-4809-a9e5-1fcb7191c785" executionId="2466f498-b020-4910-91df-d84b08d0a2f7" testListId="8c84fa94-04c1-424b-9868-57a2d4851a1d" />
    <TestEntry testId="e872e607-49cf-44f8-b088-77073460605e" executionId="6890af73-4943-4b8e-aceb-1c73ab831b27" testListId="8c84fa94-04c1-424b-9868-57a2d4851a1d" />
    <TestEntry testId="fa58fe32-9c4f-4221-a1cc-23efbb3057c4" executionId="9acd1490-2789-4f09-9572-40539781e918" testListId="8c84fa94-04c1-424b-9868-57a2d4851a1d" />
    <TestEntry testId="004b1a12-87bf-4c86-a30f-718b97bd2c17" executionId="70b42c48-a999-418d-801b-0fac0f51c25b" testListId="8c84fa94-04c1-424b-9868-57a2d4851a1d" />
    <TestEntry testId="c08cd355-6dea-4581-b39b-787423d27532" executionId="05eecd0c-4b90-4e99-a40b-dfb857e52a65" testListId="8c84fa94-04c1-424b-9868-57a2d4851a1d" />
    <TestEntry testId="309008c6-4766-49e8-b394-11755099080d" executionId="81676296-d04f-41a7-b713-e79f62ce08d1" testListId="8c84fa94-04c1-424b-9868-57a2d4851a1d" />
    <TestEntry testId="e7e2e773-a09a-4af4-af5b-894bb0403b2d" executionId="a6f3592c-f162-4f74-96ca-dd2abff8c285" testListId="8c84fa94-04c1-424b-9868-57a2d4851a1d" />
    <TestEntry testId="fd6239a0-6441-4123-946a-5d2ac0726da2" executionId="792afd42-600b-41c2-91fd-5539014a366a" testListId="8c84fa94-04c1-424b-9868-57a2d4851a1d" />
    <TestEntry testId="9508920c-6063-4277-91e3-e4d323341ab8" executionId="35fb84b4-89bc-4dc6-b40e-313de98d63d8" testListId="8c84fa94-04c1-424b-9868-57a2d4851a1d" />
    <TestEntry testId="61036a14-d5ca-401a-b258-2b53d6ad327c" executionId="f90f8c55-e543-49d5-9672-15236a45200e" testListId="8c84fa94-04c1-424b-9868-57a2d4851a1d" />
    <TestEntry testId="120547b0-dfbd-4dda-b2d7-a97ab82d7994" executionId="c752fbac-d374-4a88-84e9-2923c49fcfd1" testListId="8c84fa94-04c1-424b-9868-57a2d4851a1d" />
    <TestEntry testId="f690cb7b-6d22-4a33-9fd1-4150a1288a85" executionId="8f3b6c49-c4bf-41a0-8806-5e4a1c7320a1" testListId="8c84fa94-04c1-424b-9868-57a2d4851a1d" />
    <TestEntry testId="f93e2cb0-b83e-4531-9fcd-f3bef6420c3b" executionId="17c56d0b-823d-4986-bc6c-e35a84c35aeb" testListId="8c84fa94-04c1-424b-9868-57a2d4851a1d" />
    <TestEntry testId="deaaab25-8720-4727-a9e2-4fcf1efea932" executionId="409b18d6-2f28-44f5-a5c8-b6e00711de47" testListId="8c84fa94-04c1-424b-9868-57a2d4851a1d" />
    <TestEntry testId="950bcfc2-1a59-4822-9e0e-25353bd1321e" executionId="b092dc35-a238-45ba-9290-c77e9c2ac535" testListId="8c84fa94-04c1-424b-9868-57a2d4851a1d" />
    <TestEntry testId="5c40948c-a37e-4b52-9ba8-8e2b094a275b" executionId="63bb68b6-9f36-4758-b222-9b2d3c5b5c7e" testListId="8c84fa94-04c1-424b-9868-57a2d4851a1d" />
    <TestEntry testId="58cb1d43-4a4d-422e-9dc7-cffc66b40fd4" executionId="97f0b910-5370-4748-87dd-27493c1e1c27" testListId="8c84fa94-04c1-424b-9868-57a2d4851a1d" />
    <TestEntry testId="799eedd3-53df-4ab6-abe7-027d31493eee" executionId="948d139d-a6ce-4eb0-bc80-c5661452bb49" testListId="8c84fa94-04c1-424b-9868-57a2d4851a1d" />
    <TestEntry testId="11bf2dc7-cb2c-4d1c-85a4-3dcbd547cb60" executionId="27c1cc26-8b69-400f-b325-5c2dfffb4b9f" testListId="8c84fa94-04c1-424b-9868-57a2d4851a1d" />
    <TestEntry testId="10434cba-ba26-45ea-884c-08c621a11355" executionId="1c72f30d-244e-434c-a716-cbcd2c19ebce" testListId="8c84fa94-04c1-424b-9868-57a2d4851a1d" />
    <TestEntry testId="4103b9ac-0142-49ca-9af3-a0de4c9d93cf" executionId="987e6413-1d75-4539-87ad-dcde2e4c504f" testListId="8c84fa94-04c1-424b-9868-57a2d4851a1d" />
    <TestEntry testId="07952e20-14f6-45ce-9802-e6800c26f07c" executionId="9b7f9dc4-0137-4fc5-8299-e24bbe85de61" testListId="8c84fa94-04c1-424b-9868-57a2d4851a1d" />
    <TestEntry testId="639aa9de-ee5d-4bdc-9b3a-06e9ea72a809" executionId="94c89583-2e2c-4999-b867-c91c59e7409e" testListId="8c84fa94-04c1-424b-9868-57a2d4851a1d" />
    <TestEntry testId="0234c137-99c1-483c-b138-74a7bb5716a4" executionId="75897cca-7cf7-4094-955a-0e47037a8254" testListId="8c84fa94-04c1-424b-9868-57a2d4851a1d" />
    <TestEntry testId="b314de1b-1287-4b46-8bb6-a8dbbf95e26b" executionId="e0d55355-1530-4bf8-848f-340e4c91c2ae" testListId="8c84fa94-04c1-424b-9868-57a2d4851a1d" />
    <TestEntry testId="2bd31312-78bb-4cc6-a7ea-093690e511d4" executionId="6b4e1589-8e35-404f-acdf-1a8b9ede25a5" testListId="8c84fa94-04c1-424b-9868-57a2d4851a1d" />
    <TestEntry testId="7d02cb46-bd03-4f4f-9127-dc0b61261191" executionId="68f52f02-9b48-49e8-9211-ff400f08cbd3" testListId="8c84fa94-04c1-424b-9868-57a2d4851a1d" />
    <TestEntry testId="5df16bfd-8460-48b2-9937-e574550a204e" executionId="bebcf086-1499-4563-bacd-4f30a76def20" testListId="8c84fa94-04c1-424b-9868-57a2d4851a1d" />
    <TestEntry testId="64c2b7a1-9dcc-4944-8465-0a947fc76a59" executionId="3ffb7544-d21f-4365-a411-d604dd90a05c" testListId="8c84fa94-04c1-424b-9868-57a2d4851a1d" />
    <TestEntry testId="0cb12b56-4097-4ed1-99d3-017bed08abbc" executionId="60c3f56f-9167-4cd3-ab8e-4bfe382612d8" testListId="8c84fa94-04c1-424b-9868-57a2d4851a1d" />
    <TestEntry testId="45dfd50e-a654-406f-8a7c-98d2f01331cf" executionId="4afe9825-fd70-4d87-a11d-c158d81e17c8" testListId="8c84fa94-04c1-424b-9868-57a2d4851a1d" />
    <TestEntry testId="3cbe518e-aa58-48ce-ae80-e79678ea3f9e" executionId="1d690cce-616f-4e9f-884c-b50f8fd2cab6" testListId="8c84fa94-04c1-424b-9868-57a2d4851a1d" />
    <TestEntry testId="a268d0b5-2b6d-4092-8c1a-8c0e776b8b5c" executionId="48ff383a-ee0a-431d-abf2-62152dd4c232" testListId="8c84fa94-04c1-424b-9868-57a2d4851a1d" />
    <TestEntry testId="20746484-53ef-480a-ac31-09dabb51f9af" executionId="42d3bb84-2e4d-470f-9d7c-3341d2bc1f5f" testListId="8c84fa94-04c1-424b-9868-57a2d4851a1d" />
    <TestEntry testId="2ec4f48b-6317-4159-8a4c-da419fd7599f" executionId="8fe028b0-bcc6-4bc1-92a0-d027e25b2f69" testListId="8c84fa94-04c1-424b-9868-57a2d4851a1d" />
    <TestEntry testId="a4419e7c-29ff-451d-b8ad-2a1f71c7b023" executionId="6ef26f9c-c46d-42c6-936d-5967ed48a9a4" testListId="8c84fa94-04c1-424b-9868-57a2d4851a1d" />
    <TestEntry testId="7aac877b-6f0c-4420-909f-5876fa6fe131" executionId="96cb4f63-2c3b-42b6-a24c-1a2ba16cc389" testListId="8c84fa94-04c1-424b-9868-57a2d4851a1d" />
    <TestEntry testId="dc45465b-35d2-42bc-a4b9-567ff9d5de88" executionId="50291c3b-0efe-4af0-9c28-25f895c98494" testListId="8c84fa94-04c1-424b-9868-57a2d4851a1d" />
    <TestEntry testId="eb00701f-ec6e-4138-be1f-84572185e2cf" executionId="d109a5a1-38b2-462d-907b-e508b564e0f0" testListId="8c84fa94-04c1-424b-9868-57a2d4851a1d" />
    <TestEntry testId="4848e419-0269-420e-8305-952feada37ad" executionId="c499500e-eb55-49f1-951c-b2cd5c5967e6" testListId="8c84fa94-04c1-424b-9868-57a2d4851a1d" />
    <TestEntry testId="e8903055-79ff-4750-b913-5a18ce9eb439" executionId="518f7ca7-c6cd-4faf-998c-3de18ea1ebfd" testListId="8c84fa94-04c1-424b-9868-57a2d4851a1d" />
    <TestEntry testId="1b23bd27-4b03-4009-8b26-2168c1e6ffc6" executionId="367daad6-f5fe-45b0-b5c5-2b71629f72ac" testListId="8c84fa94-04c1-424b-9868-57a2d4851a1d" />
    <TestEntry testId="3139249f-0a9d-4913-8887-f48e44e050c2" executionId="691abb56-ca97-4345-8908-c060c05fcd4a" testListId="8c84fa94-04c1-424b-9868-57a2d4851a1d" />
    <TestEntry testId="4bb81632-6288-4bb5-9b61-005c1b0a43db" executionId="5ad24f01-33ac-4ffd-be23-41303b4bc52f" testListId="8c84fa94-04c1-424b-9868-57a2d4851a1d" />
    <TestEntry testId="943f9140-92c5-40b6-99ff-52215bf4d3d7" executionId="20753f66-b505-4367-b13a-92151a69aa2e" testListId="8c84fa94-04c1-424b-9868-57a2d4851a1d" />
    <TestEntry testId="e9bb2f18-fa1f-4b45-90c9-14b9dcfe67d4" executionId="ec227197-a368-4ac3-b239-9208cefa6a64" testListId="8c84fa94-04c1-424b-9868-57a2d4851a1d" />
    <TestEntry testId="29fa6695-4d5b-4351-9b56-b6e6f554ab37" executionId="ef1578d3-7766-4f04-85c0-59746f602679" testListId="8c84fa94-04c1-424b-9868-57a2d4851a1d" />
    <TestEntry testId="ca3dcb98-aac9-4319-833e-3f263a3ce10c" executionId="57d44f85-8240-48b5-a270-8376201e5eee" testListId="8c84fa94-04c1-424b-9868-57a2d4851a1d" />
    <TestEntry testId="9e06745c-c738-44f5-9dd7-9e3239c46f23" executionId="3e35cc3c-3a86-4d59-9e70-eeee541bb586" testListId="8c84fa94-04c1-424b-9868-57a2d4851a1d" />
    <TestEntry testId="bf61fab1-5dc1-4e7f-b62f-4feabc39e862" executionId="b333682e-b2a8-4153-9889-43a8bc368986" testListId="8c84fa94-04c1-424b-9868-57a2d4851a1d" />
    <TestEntry testId="1e2868bc-5388-4e0a-ae9f-dcd5a807e2de" executionId="98a13fd8-3b59-4b19-98ef-a82455e9f501" testListId="8c84fa94-04c1-424b-9868-57a2d4851a1d" />
    <TestEntry testId="4a094fdc-1552-4812-8c88-b4016e2a098a" executionId="bb846f76-352c-4fa4-a62a-74f2dd435f68" testListId="8c84fa94-04c1-424b-9868-57a2d4851a1d" />
    <TestEntry testId="3df0e805-dcca-4941-a824-597555a6bb06" executionId="5e0985bf-9fc2-429e-b607-5b69af27d7a7" testListId="8c84fa94-04c1-424b-9868-57a2d4851a1d" />
    <TestEntry testId="287ed9b1-f318-4c2d-b81a-2498fd359f18" executionId="951f9385-51b6-4784-849b-abdd5f97062b" testListId="8c84fa94-04c1-424b-9868-57a2d4851a1d" />
    <TestEntry testId="d1cce29a-0a77-4416-84b4-aa69076577f8" executionId="52c3df19-350d-4327-9d24-23aa414160c8" testListId="8c84fa94-04c1-424b-9868-57a2d4851a1d" />
    <TestEntry testId="fb992e3a-2e2e-4dd5-80f9-dde21ef323fc" executionId="099a246a-2b61-47dd-9102-e0c15ef39068" testListId="8c84fa94-04c1-424b-9868-57a2d4851a1d" />
    <TestEntry testId="c29959dd-032f-4cf8-bae4-13f0d85d6850" executionId="3454da2f-2e3e-4c0a-9a94-a87ed43f5f2d" testListId="8c84fa94-04c1-424b-9868-57a2d4851a1d" />
    <TestEntry testId="151dcbcc-6158-406f-9473-7ac4ec22c76c" executionId="45c57d38-559f-4fc6-ad4e-789fd37e5292" testListId="8c84fa94-04c1-424b-9868-57a2d4851a1d" />
    <TestEntry testId="4305c0eb-45ec-44ac-9933-c802eb32249b" executionId="5631f2c3-5572-4896-a2bf-f8468294d0ae" testListId="8c84fa94-04c1-424b-9868-57a2d4851a1d" />
    <TestEntry testId="677d76ca-318b-45cd-b328-4fa2281a3597" executionId="84e2e2a1-2e2a-45bc-beb0-0b2fd39ce421" testListId="8c84fa94-04c1-424b-9868-57a2d4851a1d" />
    <TestEntry testId="254da410-5107-4970-b747-8d7acd0d67f5" executionId="2f6dda0a-6ba7-472a-923c-474333f0c9fc" testListId="8c84fa94-04c1-424b-9868-57a2d4851a1d" />
    <TestEntry testId="367720c2-1ac0-40b2-adcf-2b1fb0c163bd" executionId="d2d43df1-c461-41e3-85ee-6e11ce0091a5" testListId="8c84fa94-04c1-424b-9868-57a2d4851a1d" />
    <TestEntry testId="8d986b9f-85ac-4900-9e0c-bb2fd9562c13" executionId="4c4344ce-ce05-4d56-afed-039cde7aa3cc" testListId="8c84fa94-04c1-424b-9868-57a2d4851a1d" />
    <TestEntry testId="8cb86609-326c-4c93-b603-eb987b4537b4" executionId="41108a62-c587-49d5-a531-d93679a9daac" testListId="8c84fa94-04c1-424b-9868-57a2d4851a1d" />
    <TestEntry testId="235b7b3d-6a26-42ed-9b58-d3fde632aed1" executionId="b626edf2-ee96-4e24-aa81-1ff7ae9fd149" testListId="8c84fa94-04c1-424b-9868-57a2d4851a1d" />
    <TestEntry testId="72978b7c-c2e9-4581-81ae-7de50e34352f" executionId="733f3cc5-d6ba-4146-9472-320a51e948d2" testListId="8c84fa94-04c1-424b-9868-57a2d4851a1d" />
    <TestEntry testId="61ae8230-5f07-4372-8c4f-c682754b95c6" executionId="37578d4a-b13d-486b-ad39-ed6a851a9a9e" testListId="8c84fa94-04c1-424b-9868-57a2d4851a1d" />
    <TestEntry testId="281f783a-e627-4ef6-b709-e34ac21791ec" executionId="fd870182-1212-4a60-9a8c-f6037c1bd35e" testListId="8c84fa94-04c1-424b-9868-57a2d4851a1d" />
    <TestEntry testId="e5019dac-b11f-44c8-b794-e4ea618cd332" executionId="c624280b-a307-4085-94ed-dd37332c3e3f" testListId="8c84fa94-04c1-424b-9868-57a2d4851a1d" />
    <TestEntry testId="14590723-1e73-4f8a-816a-b0eaff898e44" executionId="66597b29-a3df-4bb4-841c-6500f9446d19" testListId="8c84fa94-04c1-424b-9868-57a2d4851a1d" />
    <TestEntry testId="73f8277a-a41b-4ee6-bd87-e9305a308a88" executionId="6ac3a913-dec2-4f3e-82e0-b16e749dda0e" testListId="8c84fa94-04c1-424b-9868-57a2d4851a1d" />
    <TestEntry testId="15289eb8-75d7-4bba-9954-59d816d1d6f2" executionId="a1e8337b-a5a6-426c-87bf-18a3105b71cd" testListId="8c84fa94-04c1-424b-9868-57a2d4851a1d" />
    <TestEntry testId="6110e0e3-cf9e-4bf4-bbf5-ac0b72cab165" executionId="44f427d3-83aa-4285-b477-21e46b8830ac" testListId="8c84fa94-04c1-424b-9868-57a2d4851a1d" />
    <TestEntry testId="201e8140-00f9-4d44-bc15-60b2e748def7" executionId="d22a1a49-2751-4677-9f7f-a60c78cb2e0c" testListId="8c84fa94-04c1-424b-9868-57a2d4851a1d" />
    <TestEntry testId="59da4ca3-2025-485b-9df9-4a58d7ded76d" executionId="a9b4b18a-651e-4185-878e-698014f02e4f" testListId="8c84fa94-04c1-424b-9868-57a2d4851a1d" />
    <TestEntry testId="d914e550-b1a9-4db3-a5d6-dadf9bb59f2e" executionId="609b118c-4f46-403c-96d2-7f204be1b6f1" testListId="8c84fa94-04c1-424b-9868-57a2d4851a1d" />
    <TestEntry testId="0cb7fdac-b90f-4da0-978d-04a6b67d64cd" executionId="2f02354a-4731-4179-8813-9449c75219c3" testListId="8c84fa94-04c1-424b-9868-57a2d4851a1d" />
    <TestEntry testId="599948e2-bbc9-48d7-843d-3ff9c9b7866a" executionId="f1f3fbab-2e44-4897-b5b3-32fb8777a227" testListId="8c84fa94-04c1-424b-9868-57a2d4851a1d" />
    <TestEntry testId="65aa2799-011e-41fe-a361-d9f3b4a7e52e" executionId="c9f4f543-d7b6-4e01-8e82-6ab26ff2c7a1" testListId="8c84fa94-04c1-424b-9868-57a2d4851a1d" />
    <TestEntry testId="9fa4a142-ac39-4913-bfa1-23960d7c3f76" executionId="b3756ef2-2bdf-40f0-94a7-66ea6e3c4882" testListId="8c84fa94-04c1-424b-9868-57a2d4851a1d" />
    <TestEntry testId="45a8bbd4-a2f1-4a26-88ae-7142e326084f" executionId="907dc535-62b9-4fa1-a38e-11d9a5f5aada" testListId="8c84fa94-04c1-424b-9868-57a2d4851a1d" />
    <TestEntry testId="8150a6fd-0246-4830-ae47-c3532d92da99" executionId="7d395066-2653-4728-8087-44c1cd94b074" testListId="8c84fa94-04c1-424b-9868-57a2d4851a1d" />
    <TestEntry testId="a534881c-de47-49fa-b6c8-77810ee40f99" executionId="bdb95981-46bc-4765-83d7-24cf4ddac953" testListId="8c84fa94-04c1-424b-9868-57a2d4851a1d" />
    <TestEntry testId="695a70f0-d6e3-4f57-a4f6-1bc154b01c30" executionId="9802ea32-3fe9-4125-b4c7-e9d874c5714b" testListId="8c84fa94-04c1-424b-9868-57a2d4851a1d" />
    <TestEntry testId="f64c695a-a311-4eb8-a5f9-2121ae32e404" executionId="b2b7d65a-c6ab-48a2-8a14-91e8a4988c5a" testListId="8c84fa94-04c1-424b-9868-57a2d4851a1d" />
    <TestEntry testId="3b2cb064-2a0a-4a9e-8c66-99e6bf6866f3" executionId="f2844798-16d0-4c2f-8cd6-125549bd6647" testListId="8c84fa94-04c1-424b-9868-57a2d4851a1d" />
    <TestEntry testId="f126804c-b8e1-4700-873b-db18e6c43be0" executionId="a64cc9a5-6e8c-4bc4-8472-6ed8fa8e8212" testListId="8c84fa94-04c1-424b-9868-57a2d4851a1d" />
    <TestEntry testId="8696dbab-7cdc-42d4-8b7e-4465c8d2b6c0" executionId="fd09980e-f51e-4802-8426-82e051c68cc6" testListId="8c84fa94-04c1-424b-9868-57a2d4851a1d" />
    <TestEntry testId="8c4b4a86-8b9c-43c3-88ae-f1eb06e43783" executionId="007422a6-1c1e-413d-b9f2-8636e9f6f960" testListId="8c84fa94-04c1-424b-9868-57a2d4851a1d" />
    <TestEntry testId="3c443f2f-2ad4-4e9a-820a-cd8c16cbb7f3" executionId="8a2a46ad-813a-4733-be96-6b9215c7ba0e" testListId="8c84fa94-04c1-424b-9868-57a2d4851a1d" />
    <TestEntry testId="84e8fee0-114e-4fb1-829f-9a259077ad32" executionId="fd920d5f-7d20-4a79-9355-d7eca13b865e" testListId="8c84fa94-04c1-424b-9868-57a2d4851a1d" />
    <TestEntry testId="73251a0c-38a3-49cb-8f78-92298d9ad89b" executionId="1a501828-f6c8-4b3d-9438-39f8afde2967" testListId="8c84fa94-04c1-424b-9868-57a2d4851a1d" />
    <TestEntry testId="128c6bd1-f01a-4785-8ddd-1f28831313f7" executionId="95aa58ae-0fdb-42f1-9b03-d8a84a74debf" testListId="8c84fa94-04c1-424b-9868-57a2d4851a1d" />
    <TestEntry testId="5040e3cd-3b2d-4aab-a4f2-77e63b544be9" executionId="ea26a07d-b9ad-443a-96b5-901e14dfd8d4" testListId="8c84fa94-04c1-424b-9868-57a2d4851a1d" />
    <TestEntry testId="9f3c0d7f-29b1-402c-bfd2-67b5f244de93" executionId="aabdc296-9117-441c-8541-a14b52db1fb8" testListId="8c84fa94-04c1-424b-9868-57a2d4851a1d" />
    <TestEntry testId="cb48db28-67e5-44a7-812c-69ffd00812a1" executionId="f26636e7-9ce6-4fcd-af52-ed21b2c50831" testListId="8c84fa94-04c1-424b-9868-57a2d4851a1d" />
    <TestEntry testId="806aefc0-61ad-4c07-ac8b-b411441786ce" executionId="47484538-e548-4125-87e2-81d01c7370a2" testListId="8c84fa94-04c1-424b-9868-57a2d4851a1d" />
    <TestEntry testId="19c6562f-cfaf-4db4-9f5b-66637ccec3d6" executionId="b753c03e-50db-4cd3-bcb4-0fc89465fb23" testListId="8c84fa94-04c1-424b-9868-57a2d4851a1d" />
    <TestEntry testId="3f8f694a-ea82-4c73-9bbe-517883b3ca19" executionId="c6b1b9d4-93f0-43da-8fd5-83d2c545568a" testListId="8c84fa94-04c1-424b-9868-57a2d4851a1d" />
    <TestEntry testId="8d997b42-2c3f-43a1-8f14-b6fce83f6b07" executionId="0e7f6718-2c90-4eeb-b2a7-a5918555f86d" testListId="8c84fa94-04c1-424b-9868-57a2d4851a1d" />
    <TestEntry testId="7108d375-ae5f-4593-9057-a1c8525de2c5" executionId="bb108993-2e76-44ec-b11a-ef3ac0adf426" testListId="8c84fa94-04c1-424b-9868-57a2d4851a1d" />
    <TestEntry testId="420f562f-4f07-4526-9489-40bd616577a0" executionId="3485509a-718c-4c6c-82f9-9d26a6286a40" testListId="8c84fa94-04c1-424b-9868-57a2d4851a1d" />
    <TestEntry testId="fb939ba1-531e-4185-9694-3571bbb64f04" executionId="b5fd6096-7fa6-4f12-bdd4-98d815946fd7" testListId="8c84fa94-04c1-424b-9868-57a2d4851a1d" />
    <TestEntry testId="87c65b26-5af1-4aeb-8492-78cdd43d394b" executionId="0a3fbbb1-ab7a-49cc-8f43-5451dcae276c" testListId="8c84fa94-04c1-424b-9868-57a2d4851a1d" />
    <TestEntry testId="104fb627-dd9b-492b-b093-f7ae6a3c76c1" executionId="fed9b20d-16f2-46ae-8afb-49054f6e9543" testListId="8c84fa94-04c1-424b-9868-57a2d4851a1d" />
    <TestEntry testId="c344f279-6fcb-43b9-a46c-910ba2618970" executionId="286b2514-e70f-468f-9c3c-e27ba4969b29" testListId="8c84fa94-04c1-424b-9868-57a2d4851a1d" />
    <TestEntry testId="78fb01ba-905d-4180-9638-16db38b47b2c" executionId="1547e421-ae4f-4546-938a-216301621f90" testListId="8c84fa94-04c1-424b-9868-57a2d4851a1d" />
    <TestEntry testId="e5435fa6-8c51-459a-83dd-32217b86cb80" executionId="6c1890a5-68ed-4d4a-b7f4-774c7e93a285" testListId="8c84fa94-04c1-424b-9868-57a2d4851a1d" />
    <TestEntry testId="e22749ee-8977-47cc-9e9b-0cac13bb26b4" executionId="958a4ce5-539d-4ab8-a0b0-712814c3bbda" testListId="8c84fa94-04c1-424b-9868-57a2d4851a1d" />
    <TestEntry testId="69a40fcc-0401-43e0-b518-419aa3b98f4d" executionId="ea6d2245-83d2-419a-b259-2f42ba5778e8" testListId="8c84fa94-04c1-424b-9868-57a2d4851a1d" />
    <TestEntry testId="2f672b08-23e0-4055-bec6-f62a428a7714" executionId="08dbf583-c0e7-4009-9144-6cf6e07d7406" testListId="8c84fa94-04c1-424b-9868-57a2d4851a1d" />
    <TestEntry testId="96dbcd62-a328-44b3-88d9-2ef5e034fefa" executionId="f0b685ce-adb5-4541-a115-220459519071" testListId="8c84fa94-04c1-424b-9868-57a2d4851a1d" />
    <TestEntry testId="67307c41-ec37-4413-846b-0792bdaa989a" executionId="910e734e-e520-4fd9-bbbc-3c00ac7cb7d0" testListId="8c84fa94-04c1-424b-9868-57a2d4851a1d" />
    <TestEntry testId="8b39524b-6530-400a-997c-ebc5b8bc3381" executionId="b10f79ab-1923-48b4-a196-e88f1ed0ae1c" testListId="8c84fa94-04c1-424b-9868-57a2d4851a1d" />
    <TestEntry testId="f1e8ac54-f7f7-4c63-a40c-bdccebe206ea" executionId="0ddd4a48-16d9-4687-8df6-063ae8b93ab1" testListId="8c84fa94-04c1-424b-9868-57a2d4851a1d" />
    <TestEntry testId="f40d5a58-eeee-4e3f-b136-6b1450e406f1" executionId="d2dcd55c-ccec-4a53-b34f-824ca07546ae" testListId="8c84fa94-04c1-424b-9868-57a2d4851a1d" />
    <TestEntry testId="1e0fb909-2a60-40e8-87da-28b681b92e8f" executionId="2ec0f482-a3ff-4cb9-94a8-abff35ec8205" testListId="8c84fa94-04c1-424b-9868-57a2d4851a1d" />
    <TestEntry testId="6c3d16ff-2a3e-4120-9fff-49a078ce241f" executionId="2bb7dcf0-3d25-4f8d-882b-8e55d9d1cb89" testListId="8c84fa94-04c1-424b-9868-57a2d4851a1d" />
    <TestEntry testId="3b0f6d54-caef-41fb-8db5-d2ed59e9e8e6" executionId="cc966b4f-4eef-4e3d-b087-7fb5d87df7bd" testListId="8c84fa94-04c1-424b-9868-57a2d4851a1d" />
    <TestEntry testId="ee124f54-47bf-4b34-9a95-483b210174f6" executionId="6ceb356f-a0b7-437f-87ff-89b240e12d87" testListId="8c84fa94-04c1-424b-9868-57a2d4851a1d" />
    <TestEntry testId="b9170ab8-f6d5-44c3-b530-9afdaa4f8406" executionId="5b239785-60f7-4e53-a574-19c1e1d6ab12" testListId="8c84fa94-04c1-424b-9868-57a2d4851a1d" />
    <TestEntry testId="97678a88-3931-46e6-b38a-44f6d8b9de6d" executionId="5498f039-e355-45c7-91d7-15257b866d5e" testListId="8c84fa94-04c1-424b-9868-57a2d4851a1d" />
    <TestEntry testId="77c3a487-72ef-4917-b299-29d6e4af088e" executionId="bd929ca2-cf3c-4e1d-af4c-bbee107b9c7a" testListId="8c84fa94-04c1-424b-9868-57a2d4851a1d" />
    <TestEntry testId="1e9af74f-127b-4627-99a8-90b0b836ed0f" executionId="b6f6dbe7-c0aa-4999-aa1d-a81767c1ad1a" testListId="8c84fa94-04c1-424b-9868-57a2d4851a1d" />
    <TestEntry testId="c4982afc-87e2-419b-abef-3a6776beb361" executionId="ec3e56c6-b297-46f3-aaf2-2dd55b5b429d" testListId="8c84fa94-04c1-424b-9868-57a2d4851a1d" />
    <TestEntry testId="57c9c406-e366-4b8c-9917-eaffce0fc4c3" executionId="ba9c078e-af8b-4976-968b-41e577ec907e" testListId="8c84fa94-04c1-424b-9868-57a2d4851a1d" />
    <TestEntry testId="a88b26d8-00fe-4bcb-aae2-b89372deaf00" executionId="63437e71-de48-432d-a8ec-f3d94d4e6c97" testListId="8c84fa94-04c1-424b-9868-57a2d4851a1d" />
    <TestEntry testId="a5397458-34a8-45bf-ae7f-eb5607f2e6a7" executionId="b0f7a916-b657-4ffb-999c-03326c070ff9" testListId="8c84fa94-04c1-424b-9868-57a2d4851a1d" />
    <TestEntry testId="ac38fd51-2e6f-4973-9989-b0862a31e4ef" executionId="821328a8-e223-4f2d-be11-1399107a595b" testListId="8c84fa94-04c1-424b-9868-57a2d4851a1d" />
    <TestEntry testId="2cef261b-fef3-4aa3-9f08-a01497424a94" executionId="c4beb510-8a1d-4495-aa2e-0b884713f635" testListId="8c84fa94-04c1-424b-9868-57a2d4851a1d" />
    <TestEntry testId="d8b36138-14b2-4f02-8d37-5bf29fce9dca" executionId="31491134-c049-4087-902e-b71ad0ed22cf" testListId="8c84fa94-04c1-424b-9868-57a2d4851a1d" />
    <TestEntry testId="e0152bab-bbd0-4fc7-8593-7e98c3b2d4a8" executionId="63922520-bcfa-4092-bc0a-ab7598b6e991" testListId="8c84fa94-04c1-424b-9868-57a2d4851a1d" />
    <TestEntry testId="7ed71433-dbb7-4bfd-9fd5-9edd9ce8a628" executionId="841d8369-5c7e-455f-9e35-dd86b0f3e2fe" testListId="8c84fa94-04c1-424b-9868-57a2d4851a1d" />
    <TestEntry testId="ee959269-c29d-46fd-8253-9ee2773fc27d" executionId="075bb39b-d022-4a23-9f2b-28dbb68085fb" testListId="8c84fa94-04c1-424b-9868-57a2d4851a1d" />
    <TestEntry testId="91741aef-18bb-4206-8c5d-25f001b59995" executionId="2caeef7b-daac-45aa-b2e3-04b832fd9e89" testListId="8c84fa94-04c1-424b-9868-57a2d4851a1d" />
    <TestEntry testId="3533013f-3ff2-4e59-88ce-bcfd9f005dde" executionId="fd532dc6-8c58-49db-ba86-b71b52b5c2b8" testListId="8c84fa94-04c1-424b-9868-57a2d4851a1d" />
    <TestEntry testId="ea838969-6e3c-4d06-98e9-a732e494ccca" executionId="fa977870-0ad7-4550-a5a8-6dfa5474f6fa" testListId="8c84fa94-04c1-424b-9868-57a2d4851a1d" />
    <TestEntry testId="60bc865d-de73-48ca-b314-30484c73def5" executionId="b81e6213-76d1-4f99-a528-aeb7f60a1c96" testListId="8c84fa94-04c1-424b-9868-57a2d4851a1d" />
    <TestEntry testId="9f826fda-868b-46e5-a3ec-e6b14e952f77" executionId="e3362268-1bd6-485d-b722-e0e933aae11c" testListId="8c84fa94-04c1-424b-9868-57a2d4851a1d" />
    <TestEntry testId="ed1283ce-4614-4f82-80ce-474f34425197" executionId="7adb49d3-3d14-4a5f-a263-cee4786d942e" testListId="8c84fa94-04c1-424b-9868-57a2d4851a1d" />
    <TestEntry testId="32238975-5cc1-478e-b385-097151c34783" executionId="3394ec65-17c4-45d4-b5dd-950159fd0072" testListId="8c84fa94-04c1-424b-9868-57a2d4851a1d" />
    <TestEntry testId="7e065601-08ba-42b6-95af-2bd02566a393" executionId="3d981207-7102-4f83-aab7-96b1f7d527ac" testListId="8c84fa94-04c1-424b-9868-57a2d4851a1d" />
    <TestEntry testId="7e7ecb28-7b54-4d0b-8452-05d708eace08" executionId="ddaafa21-911b-49ce-b855-8fdd48ae0ec7" testListId="8c84fa94-04c1-424b-9868-57a2d4851a1d" />
    <TestEntry testId="b3a0d5f9-5666-4532-9513-b5822d5934bb" executionId="3675945c-39c0-4fce-b8c6-c0a4f78c3839" testListId="8c84fa94-04c1-424b-9868-57a2d4851a1d" />
    <TestEntry testId="eecaca17-6323-46f8-a7ab-3cc48c07871a" executionId="1b355190-06c5-4af6-95f5-8b0b2a022be1" testListId="8c84fa94-04c1-424b-9868-57a2d4851a1d" />
    <TestEntry testId="52690378-ace9-412e-bcae-8d8c449d7d71" executionId="4aeae681-7ce1-4115-851a-7a0770c0eca9" testListId="8c84fa94-04c1-424b-9868-57a2d4851a1d" />
    <TestEntry testId="2978e698-ace9-447f-8144-d62f4dc9337b" executionId="add717e5-4eaa-496b-a151-7242f934fe30" testListId="8c84fa94-04c1-424b-9868-57a2d4851a1d" />
    <TestEntry testId="117dbcb3-3e70-4004-806b-e1bd8958aeda" executionId="945869f9-15d2-44c0-abfe-377b500d1b52" testListId="8c84fa94-04c1-424b-9868-57a2d4851a1d" />
    <TestEntry testId="d58d5780-b1de-44df-8237-5aa643ac193e" executionId="65687291-ae57-4e41-a0ae-8b60ca3ea17b" testListId="8c84fa94-04c1-424b-9868-57a2d4851a1d" />
    <TestEntry testId="d758dffe-cce5-410e-9074-6151f36d0eb4" executionId="50f1cb49-f731-44e6-8972-8a4fd76348a3" testListId="8c84fa94-04c1-424b-9868-57a2d4851a1d" />
    <TestEntry testId="5c136354-5768-405f-b646-22eecaef949c" executionId="4f19cd79-41e0-4d80-b3dc-cbc7cfe0d417" testListId="8c84fa94-04c1-424b-9868-57a2d4851a1d" />
    <TestEntry testId="45812514-45fc-47c3-b3dc-6842f328998d" executionId="db731f85-521c-4d67-969d-e8cdb7fc69e3" testListId="8c84fa94-04c1-424b-9868-57a2d4851a1d" />
    <TestEntry testId="33879ff0-982b-4fc4-bacc-8a19761132da" executionId="513a69dd-e89c-4b98-8663-7ac7c27e4b3a" testListId="8c84fa94-04c1-424b-9868-57a2d4851a1d" />
    <TestEntry testId="5fc97bfc-b912-4f29-96d1-ff3b46efe593" executionId="6bcf1a2e-499b-4d10-9a26-e6447008cd7c" testListId="8c84fa94-04c1-424b-9868-57a2d4851a1d" />
    <TestEntry testId="ec121817-0972-4d79-8656-274237df01ca" executionId="4a39bda5-cac9-4bb5-b381-71a2530bf792" testListId="8c84fa94-04c1-424b-9868-57a2d4851a1d" />
    <TestEntry testId="db0ca965-e3df-4bbe-9fa6-1abddbe9e6d6" executionId="50161360-06e0-4609-aea0-341d2ab1af32" testListId="8c84fa94-04c1-424b-9868-57a2d4851a1d" />
    <TestEntry testId="26ae06cc-107f-4695-9120-90aa18edcbd0" executionId="77d50187-7b53-4224-b880-fab48faea182" testListId="8c84fa94-04c1-424b-9868-57a2d4851a1d" />
    <TestEntry testId="91537d6a-704d-4c3a-9653-49efe5df08d8" executionId="d46b5ea9-c123-417a-a802-cc0f67404836" testListId="8c84fa94-04c1-424b-9868-57a2d4851a1d" />
    <TestEntry testId="7d22eeb7-c132-4263-b4fb-a8fb0860c46c" executionId="afe506ea-0b94-4ddc-ab6f-61bbd9ec7e20" testListId="8c84fa94-04c1-424b-9868-57a2d4851a1d" />
    <TestEntry testId="ac615850-ab77-4814-bbb3-39d2ee43f27b" executionId="abe90351-b904-497e-8c9a-1f296226e8ea" testListId="8c84fa94-04c1-424b-9868-57a2d4851a1d" />
    <TestEntry testId="545facbc-651d-485a-9c01-e60bcdb7cb37" executionId="cd31bba4-b0ba-45ed-ab42-bdc03b6e69db" testListId="8c84fa94-04c1-424b-9868-57a2d4851a1d" />
    <TestEntry testId="7a47fba0-6436-4a34-8d2e-f66cd226ae89" executionId="d7eb1a93-b906-49f1-9fc7-01ac3ce21410" testListId="8c84fa94-04c1-424b-9868-57a2d4851a1d" />
    <TestEntry testId="1dd6634d-e0d1-439d-b59e-4c8022da864c" executionId="f0f1d64e-8a3c-45f0-8e2b-e761b1d93251" testListId="8c84fa94-04c1-424b-9868-57a2d4851a1d" />
    <TestEntry testId="37d87db1-f4ae-4e01-8215-48c92c938982" executionId="36b566ab-7c9d-4fed-9373-1ad07f58cf83" testListId="8c84fa94-04c1-424b-9868-57a2d4851a1d" />
    <TestEntry testId="7c619a72-2024-4f21-9780-0bcc4f29c54f" executionId="82265a0f-de33-45f2-a7ae-9a35c98e8de2" testListId="8c84fa94-04c1-424b-9868-57a2d4851a1d" />
    <TestEntry testId="6cdb1a71-a418-47e6-b6cb-a1802ebf01df" executionId="fbf0dc35-db6d-401f-9d26-a392ef418333" testListId="8c84fa94-04c1-424b-9868-57a2d4851a1d" />
    <TestEntry testId="64802c60-e1ea-4c73-b795-2c34fe6d40bc" executionId="1ac6d986-5357-49bb-a934-e30ff205b261" testListId="8c84fa94-04c1-424b-9868-57a2d4851a1d" />
    <TestEntry testId="94243b2a-2023-42a9-af3f-02223626b881" executionId="ab14d301-cd19-4dc1-ae51-04e4f8c3487f" testListId="8c84fa94-04c1-424b-9868-57a2d4851a1d" />
    <TestEntry testId="2a0d7d86-73cd-4a9b-a526-a453f5c08a1f" executionId="2de0bd7e-cccb-41fc-a029-65be74c8d85a" testListId="8c84fa94-04c1-424b-9868-57a2d4851a1d" />
    <TestEntry testId="578fdafb-c4d7-4a48-ba14-294ac9bd5288" executionId="f6361df0-a7af-4383-83c7-a3bc14c4b61c" testListId="8c84fa94-04c1-424b-9868-57a2d4851a1d" />
    <TestEntry testId="f42b4ae9-9354-4f53-85b9-10f9f7941125" executionId="f4be3f36-162a-4ebe-a0ac-ce1a66302778" testListId="8c84fa94-04c1-424b-9868-57a2d4851a1d" />
    <TestEntry testId="15957cf7-35da-42c6-8f79-f4dbcc27e5c5" executionId="912ce585-709a-4efb-accc-6576b36bfbb8" testListId="8c84fa94-04c1-424b-9868-57a2d4851a1d" />
    <TestEntry testId="df11cddb-3686-4ff7-abbc-430e3ceb2984" executionId="326a5041-abd0-40ac-91d4-2a71f4fcd9cc" testListId="8c84fa94-04c1-424b-9868-57a2d4851a1d" />
    <TestEntry testId="24ed55a9-8d32-48d7-872b-a8504cd9a4b4" executionId="f02d6dd6-8790-4c3a-aaea-4abe78603c29" testListId="8c84fa94-04c1-424b-9868-57a2d4851a1d" />
    <TestEntry testId="5ff89ce7-309a-4105-b8e7-2e6d3808c415" executionId="3a67846a-4880-4a09-8f67-b0949aad5adf" testListId="8c84fa94-04c1-424b-9868-57a2d4851a1d" />
    <TestEntry testId="f1b2afbe-5686-4c67-916c-2d8444374350" executionId="12ce626f-633f-43ca-8b78-5f6444696026" testListId="8c84fa94-04c1-424b-9868-57a2d4851a1d" />
    <TestEntry testId="29ba27ee-c1ad-4d24-b8ec-561f5ca41024" executionId="e7c5a4e7-81b5-4d30-b5b5-f49e1eb6ab91" testListId="8c84fa94-04c1-424b-9868-57a2d4851a1d" />
    <TestEntry testId="49a6a8d6-459e-4fc4-a9e0-8ecb78545ad5" executionId="2f49ace1-ec71-4c55-b65b-73ef0ba2ffb5" testListId="8c84fa94-04c1-424b-9868-57a2d4851a1d" />
    <TestEntry testId="c06e007a-c141-4cc1-9e17-8bdebb63c818" executionId="0ed4fc26-ad3c-4a56-a099-da4453af68bd" testListId="8c84fa94-04c1-424b-9868-57a2d4851a1d" />
    <TestEntry testId="a638fa14-088f-460a-9da7-8d96298f3a1b" executionId="17d46ef1-c0ba-4eb6-93c7-323981008c9d" testListId="8c84fa94-04c1-424b-9868-57a2d4851a1d" />
    <TestEntry testId="9200598c-e367-43a8-a005-1d6d101287f8" executionId="ab9215b0-d071-4d71-8afd-b10644a11619" testListId="8c84fa94-04c1-424b-9868-57a2d4851a1d" />
    <TestEntry testId="40d78432-4497-4689-b2b1-bd5ec0c00dac" executionId="cd7b5264-4941-483d-903d-24fbf375cac2" testListId="8c84fa94-04c1-424b-9868-57a2d4851a1d" />
    <TestEntry testId="cfff04c6-b801-48ed-9317-31a2de0e1059" executionId="dc238224-91bd-44d2-984f-08b11188f92f" testListId="8c84fa94-04c1-424b-9868-57a2d4851a1d" />
    <TestEntry testId="71015ae5-81ab-4e34-b1dc-fc37b723af1f" executionId="1cda41a7-3f31-405c-82bc-f34d62eecf19" testListId="8c84fa94-04c1-424b-9868-57a2d4851a1d" />
    <TestEntry testId="ab957319-f1a8-40f1-872b-11c871648ea8" executionId="c543d718-cb01-4c71-b6ea-074e48ff15a7" testListId="8c84fa94-04c1-424b-9868-57a2d4851a1d" />
    <TestEntry testId="9590389e-5013-44d8-b56f-270c13232924" executionId="686b3c0f-88b0-410f-9a2c-86af8afffcd2" testListId="8c84fa94-04c1-424b-9868-57a2d4851a1d" />
    <TestEntry testId="ba29ca42-dab8-4b47-a5b4-4dd3e5033b0b" executionId="8bc99c75-4695-4bd8-a7ca-3ed69b011b66" testListId="8c84fa94-04c1-424b-9868-57a2d4851a1d" />
    <TestEntry testId="fb8aca1c-43de-4332-920e-28196d1b6c9b" executionId="0fdbabd2-659e-4a3f-b3bd-abd5505fe610" testListId="8c84fa94-04c1-424b-9868-57a2d4851a1d" />
    <TestEntry testId="649f50eb-866f-4508-8683-5b36ae96baee" executionId="c9fc1563-a85b-4aa4-8a2c-7f1bd3221141" testListId="8c84fa94-04c1-424b-9868-57a2d4851a1d" />
    <TestEntry testId="1356944f-1eb8-4667-b8c4-c410dc7dfbb2" executionId="b892088c-34f7-467d-9557-6db835871ada" testListId="8c84fa94-04c1-424b-9868-57a2d4851a1d" />
    <TestEntry testId="f8b5278b-04d5-47ab-966a-6778bd679015" executionId="c2a541ed-7c4d-4eae-992f-e1472605e6cf" testListId="8c84fa94-04c1-424b-9868-57a2d4851a1d" />
    <TestEntry testId="3c00b0df-d16c-43d0-9b00-21e61737aaa4" executionId="e74e30be-59f3-4b09-a50f-8c19c3dbd3f4" testListId="8c84fa94-04c1-424b-9868-57a2d4851a1d" />
    <TestEntry testId="92dda752-e9d0-4a68-a5d8-67ea5cd0ee6f" executionId="18a0c8c0-6828-4811-a1a8-c539d8d0563d" testListId="8c84fa94-04c1-424b-9868-57a2d4851a1d" />
    <TestEntry testId="db87c8c8-cb5a-459c-933b-0ff13d30a262" executionId="24629996-c8b0-43f0-81d0-484cf3654899" testListId="8c84fa94-04c1-424b-9868-57a2d4851a1d" />
    <TestEntry testId="fa08e95f-b5be-430b-b914-d0201a29a6e8" executionId="797b83d7-230a-406d-9d91-acbdf4478c69" testListId="8c84fa94-04c1-424b-9868-57a2d4851a1d" />
    <TestEntry testId="95fd4e19-bb97-4e81-aaab-b7f668e17da2" executionId="998f7071-5a7d-42c1-b002-09a52d15de50" testListId="8c84fa94-04c1-424b-9868-57a2d4851a1d" />
    <TestEntry testId="1bb4e6cf-d6ea-4072-8c5b-51a1068ae8b0" executionId="0ea39bee-fb50-408a-bfbb-b0cdf7b9cba6" testListId="8c84fa94-04c1-424b-9868-57a2d4851a1d" />
    <TestEntry testId="02fa555b-68ab-42ba-bf57-4b52f2d307fb" executionId="a914d0a5-4fcd-4304-871b-dbf716486afe" testListId="8c84fa94-04c1-424b-9868-57a2d4851a1d" />
    <TestEntry testId="6ba0dfb7-77f1-4100-87aa-ecd2a455c171" executionId="e25089f8-29e9-478d-8697-aa2c03f3e076" testListId="8c84fa94-04c1-424b-9868-57a2d4851a1d" />
    <TestEntry testId="242d0355-f71b-440a-a21f-0a1bf0af2e75" executionId="f869e5db-81be-45a6-8e2f-7546a7c70851" testListId="8c84fa94-04c1-424b-9868-57a2d4851a1d" />
    <TestEntry testId="c5563dfd-148c-45ce-a50b-b52419f79e19" executionId="1fbd4112-9231-452f-ac50-d329d6ae4581" testListId="8c84fa94-04c1-424b-9868-57a2d4851a1d" />
    <TestEntry testId="84cf739a-c9a5-4132-afc0-90312cb4dd5d" executionId="41fd3ca9-10a3-4847-bc6e-3dfa42e3903b" testListId="8c84fa94-04c1-424b-9868-57a2d4851a1d" />
    <TestEntry testId="853f83c7-d0a8-4c01-907b-4c376952b152" executionId="fc4be854-daa9-41cf-bb6d-4847e5e09590" testListId="8c84fa94-04c1-424b-9868-57a2d4851a1d" />
    <TestEntry testId="678706e9-d8e4-4675-95f5-7f1d50f1c08d" executionId="30398e0f-3893-43b5-b2ab-8d52afb6d8a4" testListId="8c84fa94-04c1-424b-9868-57a2d4851a1d" />
    <TestEntry testId="be1d9531-1068-4185-928d-293e337de94e" executionId="0b7d06cd-67de-4715-b894-f382b9872d92" testListId="8c84fa94-04c1-424b-9868-57a2d4851a1d" />
    <TestEntry testId="3eb2d742-5746-48f3-8c88-1e9bdc103efe" executionId="2341d267-b8e1-45a3-a0b4-0be9ffe8bd30" testListId="8c84fa94-04c1-424b-9868-57a2d4851a1d" />
    <TestEntry testId="1a477760-2e21-4a48-ac60-30efd2b8b9f9" executionId="6739685a-8624-4661-b787-0a747aec1ae8" testListId="8c84fa94-04c1-424b-9868-57a2d4851a1d" />
    <TestEntry testId="136276ba-52b5-4f48-bf20-33997b7ce710" executionId="0ea0f2a1-6898-4314-ac2c-699254a21f5e" testListId="8c84fa94-04c1-424b-9868-57a2d4851a1d" />
    <TestEntry testId="b4a2122c-599c-470c-84ac-22be2ade1260" executionId="b23b237e-5510-450c-b1e6-273717acdb8d" testListId="8c84fa94-04c1-424b-9868-57a2d4851a1d" />
    <TestEntry testId="d88c1192-b224-4a30-96ac-c60745a93b2a" executionId="9e64e046-748f-4ac9-b744-6252809df964" testListId="8c84fa94-04c1-424b-9868-57a2d4851a1d" />
    <TestEntry testId="b2975b45-10a1-42ed-9302-9a30a0c508fd" executionId="525eb716-d8c5-45cb-b984-12863405daae" testListId="8c84fa94-04c1-424b-9868-57a2d4851a1d" />
    <TestEntry testId="4100e00c-39f4-4ae8-8543-01f7b1db72a5" executionId="6f8a98d2-8296-4527-9234-63b40b9d616e" testListId="8c84fa94-04c1-424b-9868-57a2d4851a1d" />
    <TestEntry testId="1a31a351-641b-44fc-aec7-991dec2909f7" executionId="cf85b94b-9c96-4cd4-9508-b65d08ec0f2c" testListId="8c84fa94-04c1-424b-9868-57a2d4851a1d" />
    <TestEntry testId="13d7f555-8315-41d4-b3df-b13386f3c49c" executionId="991fe181-5c40-43d6-9dfb-339db6f14b75" testListId="8c84fa94-04c1-424b-9868-57a2d4851a1d" />
    <TestEntry testId="766630d4-cab1-4877-9381-eeb37fcebeca" executionId="4c595cc2-34d3-4997-9eb3-67cbdbd57397" testListId="8c84fa94-04c1-424b-9868-57a2d4851a1d" />
    <TestEntry testId="75602d42-184a-414e-87e5-1950ee54a94a" executionId="852a8b47-925c-4867-aa2d-78f29a2b5de7" testListId="8c84fa94-04c1-424b-9868-57a2d4851a1d" />
    <TestEntry testId="74404b40-b618-46db-bf2c-6be02b73bc0c" executionId="1a803689-d701-4afa-abb5-83d1457299aa" testListId="8c84fa94-04c1-424b-9868-57a2d4851a1d" />
    <TestEntry testId="d18b41b0-7736-4111-9d0b-9ae352a09b21" executionId="327be68a-e561-459d-b0a1-5961182464ca" testListId="8c84fa94-04c1-424b-9868-57a2d4851a1d" />
    <TestEntry testId="d55609db-6dce-4b85-9873-49e936b5d608" executionId="36372537-6f45-4188-aa80-41d4dc3eb3ba" testListId="8c84fa94-04c1-424b-9868-57a2d4851a1d" />
    <TestEntry testId="961ed9cf-1a02-48bf-b087-24c48a3e875e" executionId="5cb41956-46ff-4745-8e6e-de5151415534" testListId="8c84fa94-04c1-424b-9868-57a2d4851a1d" />
    <TestEntry testId="b85522e1-5bc8-4195-ad77-68d3caaf2daa" executionId="4ef3c5c6-790b-4405-a267-2cc2c2e443c0" testListId="8c84fa94-04c1-424b-9868-57a2d4851a1d" />
    <TestEntry testId="a2c8cb8c-780d-4ed1-bb47-bfa1c2efa43d" executionId="fbc60511-cb38-4b29-ad00-be651504ad8a" testListId="8c84fa94-04c1-424b-9868-57a2d4851a1d" />
    <TestEntry testId="957f9666-f2c7-4165-bdf6-dda245cf7d11" executionId="309ee70a-2610-4f89-93a4-2da8a54b4b2d" testListId="8c84fa94-04c1-424b-9868-57a2d4851a1d" />
    <TestEntry testId="edf67faf-77de-4faa-8da2-d7c41f7bb7bd" executionId="c3aca12b-b2c5-49aa-8a4b-f1ac2c0a5ed7" testListId="8c84fa94-04c1-424b-9868-57a2d4851a1d" />
    <TestEntry testId="5b1b2e4d-5761-46a2-9815-915460a8639b" executionId="3cd5fe69-2fcc-444b-90fd-601a40299326" testListId="8c84fa94-04c1-424b-9868-57a2d4851a1d" />
    <TestEntry testId="98696bf1-e33e-4a6c-bf9e-ad70f6c729f8" executionId="2ed6586b-d17c-4022-9c9e-eaf1ffc59d60" testListId="8c84fa94-04c1-424b-9868-57a2d4851a1d" />
    <TestEntry testId="d114739d-cf41-40c7-9e98-bd70e39cd350" executionId="995c9b2b-dc95-430c-9baa-367708a35e83" testListId="8c84fa94-04c1-424b-9868-57a2d4851a1d" />
    <TestEntry testId="34f78da3-69f1-4f58-a3af-23580e3d9f04" executionId="1ed6bada-a0db-43f4-ade6-8c0909f1ad9f" testListId="8c84fa94-04c1-424b-9868-57a2d4851a1d" />
    <TestEntry testId="5a91b710-8934-4dd4-b044-2b91848af174" executionId="fde126c3-6214-4448-8252-d38e681098cf" testListId="8c84fa94-04c1-424b-9868-57a2d4851a1d" />
    <TestEntry testId="b1170b55-9884-4cfd-a222-2a9153c86e8b" executionId="64f3d0ce-b256-4091-b181-1dbe167c553a" testListId="8c84fa94-04c1-424b-9868-57a2d4851a1d" />
    <TestEntry testId="02b50ae0-dd6a-4bfe-943e-793c3f331f08" executionId="8f23b768-d9a0-40e6-b13c-0c6584a0ad78" testListId="8c84fa94-04c1-424b-9868-57a2d4851a1d" />
    <TestEntry testId="745aa092-a023-4f8c-8f2d-fb6421bf282d" executionId="12b94e0e-1b77-4540-8b85-d81fa336715c" testListId="8c84fa94-04c1-424b-9868-57a2d4851a1d" />
    <TestEntry testId="a1a3eaeb-cdc3-407f-b277-914d4d49748b" executionId="74d79b22-9f87-43ac-a2ac-ff6ae1f4378d" testListId="8c84fa94-04c1-424b-9868-57a2d4851a1d" />
    <TestEntry testId="188bf273-943b-47c0-a7d7-6a9457ef7cb0" executionId="ecaf8927-bbe3-4154-974d-bc38e85da2e9" testListId="8c84fa94-04c1-424b-9868-57a2d4851a1d" />
    <TestEntry testId="cbdaab77-3e32-4a26-a6c6-1530628e0aa3" executionId="e3b64d2b-78ce-4d3f-a71e-c2b181013acf" testListId="8c84fa94-04c1-424b-9868-57a2d4851a1d" />
    <TestEntry testId="36e4dc46-1ad8-4d2a-8892-4a52fcf20bb6" executionId="c7c2b083-893b-4919-bf4a-a3439289f172" testListId="8c84fa94-04c1-424b-9868-57a2d4851a1d" />
    <TestEntry testId="23411f45-aeb8-4716-aeef-7c438b9aa607" executionId="17c46f6a-30c5-4a5f-93da-4ff7ca77031a" testListId="8c84fa94-04c1-424b-9868-57a2d4851a1d" />
    <TestEntry testId="8ac23f32-5246-43ba-9dfe-9fb8f30c9292" executionId="4c282813-d706-4b48-8cbb-f22f9024c755" testListId="8c84fa94-04c1-424b-9868-57a2d4851a1d" />
    <TestEntry testId="59c0d1ca-04ef-4575-963a-d2718e6d27fd" executionId="a313cd9a-5cb8-48f4-8b96-8c86777698ef" testListId="8c84fa94-04c1-424b-9868-57a2d4851a1d" />
    <TestEntry testId="9df62034-e61b-4983-8435-c61d8b062a16" executionId="ff68db91-87aa-4c6d-a8cc-c13171b49216" testListId="8c84fa94-04c1-424b-9868-57a2d4851a1d" />
    <TestEntry testId="150a4165-b0f8-458e-9190-cdb7a694c9ce" executionId="114f8ec2-be96-4999-97d5-638a1137c9df" testListId="8c84fa94-04c1-424b-9868-57a2d4851a1d" />
    <TestEntry testId="c37b610c-95f0-480c-8adf-08febb535b4e" executionId="dadea65f-cada-4c00-a0b9-d3ff0067d08f" testListId="8c84fa94-04c1-424b-9868-57a2d4851a1d" />
    <TestEntry testId="efd69948-ddc5-4497-b135-c2cd9cd94640" executionId="3c2788ea-420e-40b3-918d-18a87bcf5615" testListId="8c84fa94-04c1-424b-9868-57a2d4851a1d" />
    <TestEntry testId="7de1fac4-1841-42ca-9bcf-748af8de98c4" executionId="1182ed2d-3e92-42ad-a401-2883f0d933d2" testListId="8c84fa94-04c1-424b-9868-57a2d4851a1d" />
    <TestEntry testId="47f5c942-10a6-45dd-8eaa-fd548a99dd36" executionId="3a3de4f6-3c3e-40a3-aab6-c3e20b05b9ac" testListId="8c84fa94-04c1-424b-9868-57a2d4851a1d" />
    <TestEntry testId="ed5d2724-3a29-4512-9b56-c1b51aa07ed6" executionId="4b236fe5-2c87-454e-940a-46bcf79358b0" testListId="8c84fa94-04c1-424b-9868-57a2d4851a1d" />
    <TestEntry testId="083b30bd-a1e3-43a9-b8a3-3c1e4618097b" executionId="f44524c1-42b9-4e7d-9b0e-77c843601876" testListId="8c84fa94-04c1-424b-9868-57a2d4851a1d" />
    <TestEntry testId="6721118e-e829-495d-aa97-dc7e1ec8b77d" executionId="229adaea-7fa2-494a-aea0-524a198647cc" testListId="8c84fa94-04c1-424b-9868-57a2d4851a1d" />
    <TestEntry testId="e448080e-0791-43bd-8237-4af58e4323b2" executionId="85a46913-ccba-457a-b625-74254d50dc3a" testListId="8c84fa94-04c1-424b-9868-57a2d4851a1d" />
    <TestEntry testId="b0b4334d-1da2-422d-b7c8-b25eff6a25e7" executionId="19a4e3d6-72ca-4a0b-ba5f-343f003e9ead" testListId="8c84fa94-04c1-424b-9868-57a2d4851a1d" />
    <TestEntry testId="e7f910ba-2cf7-4aa0-a09b-c03151cfdff9" executionId="0ea8f2d9-bc87-4788-8294-04ded7c53d26" testListId="8c84fa94-04c1-424b-9868-57a2d4851a1d" />
    <TestEntry testId="0eb280e6-9b99-42df-87e4-db0b3f849319" executionId="a75c1e65-8e95-4227-921e-fdf93694b782" testListId="8c84fa94-04c1-424b-9868-57a2d4851a1d" />
    <TestEntry testId="ec230f36-78de-44ca-bc76-ac369909c402" executionId="b0f9ec08-8360-4613-9282-3a1f6ac3af05" testListId="8c84fa94-04c1-424b-9868-57a2d4851a1d" />
    <TestEntry testId="a2c14ab1-929c-475f-91b6-c26a9d2df231" executionId="c2089633-56e9-42b5-9cff-33e1cfb6774e" testListId="8c84fa94-04c1-424b-9868-57a2d4851a1d" />
    <TestEntry testId="b06d205a-b47e-4f04-b444-50e93650cef2" executionId="1080d905-cef1-4913-99b4-73ea2e798535" testListId="8c84fa94-04c1-424b-9868-57a2d4851a1d" />
    <TestEntry testId="2b87c537-cfef-4550-b43e-d50d82381255" executionId="53641d88-0a08-4e8f-a309-3d76b37a42d5" testListId="8c84fa94-04c1-424b-9868-57a2d4851a1d" />
    <TestEntry testId="ea8a7e31-1443-400c-a03a-5f471334a929" executionId="3764ddf4-a93d-443f-b677-436fcd7f8dc3" testListId="8c84fa94-04c1-424b-9868-57a2d4851a1d" />
    <TestEntry testId="d3d6dbd3-4865-4de7-a8eb-e5d9b0b85783" executionId="2efb2d1b-cc66-48f2-9db4-4a33e5babcc6" testListId="8c84fa94-04c1-424b-9868-57a2d4851a1d" />
    <TestEntry testId="c43032cd-4d6c-4b03-9cd4-168e42aa4130" executionId="b19453fb-49b0-4cad-8326-724de4a8f72a" testListId="8c84fa94-04c1-424b-9868-57a2d4851a1d" />
    <TestEntry testId="f1b8953b-e13b-4ebc-97bd-2ec1de07716c" executionId="12dd21db-60ba-40d1-82e7-ab3c85d949b6" testListId="8c84fa94-04c1-424b-9868-57a2d4851a1d" />
    <TestEntry testId="3c5b4691-5b5c-47d3-9c3c-41a6a6f2b1b2" executionId="f0146679-21b9-46de-9931-dcf665b53ae4" testListId="8c84fa94-04c1-424b-9868-57a2d4851a1d" />
    <TestEntry testId="5e0bf234-ea83-4113-b9a8-cc6c136c7fa0" executionId="5bf0ef90-3570-471d-9b06-2906d0f064e5" testListId="8c84fa94-04c1-424b-9868-57a2d4851a1d" />
    <TestEntry testId="2bfd7029-65f2-4f1d-839a-188daf6e1655" executionId="35cdc6eb-5c8c-4ee0-8d4d-4bbd0fd7e95e" testListId="8c84fa94-04c1-424b-9868-57a2d4851a1d" />
    <TestEntry testId="d36b962d-5e66-40d1-aaaa-9558826a7d56" executionId="41fb7ee2-a108-4475-9ed7-fbd6ff5e79cc" testListId="8c84fa94-04c1-424b-9868-57a2d4851a1d" />
    <TestEntry testId="20c02cc0-d1d4-45d2-a01b-81497408ba08" executionId="5c615571-f504-4983-87ec-de9dea057a6f" testListId="8c84fa94-04c1-424b-9868-57a2d4851a1d" />
    <TestEntry testId="0d4b8782-dffe-4938-ab5d-3830ab57a695" executionId="409cf16b-be5b-4522-955a-4324f238484f" testListId="8c84fa94-04c1-424b-9868-57a2d4851a1d" />
    <TestEntry testId="479b0546-51bd-4dfa-b1a3-a20a97ae3790" executionId="8484707d-03f3-46d8-884f-235a74bdd704" testListId="8c84fa94-04c1-424b-9868-57a2d4851a1d" />
    <TestEntry testId="2d904054-d88b-45d7-aade-81eb18d0180f" executionId="4f478bcf-593b-45ff-9d63-614378ee4941" testListId="8c84fa94-04c1-424b-9868-57a2d4851a1d" />
    <TestEntry testId="654457ec-6e9a-4534-bd11-68c2633e45f7" executionId="7472cc84-dbbb-43c4-ab2c-8e3a06c14f38" testListId="8c84fa94-04c1-424b-9868-57a2d4851a1d" />
    <TestEntry testId="a2103c45-0452-4a9e-83ac-0e783eeac957" executionId="52a568ed-a296-4ff3-9ffb-4b48672d3e1e" testListId="8c84fa94-04c1-424b-9868-57a2d4851a1d" />
    <TestEntry testId="ece9a2ed-8755-4d1e-8747-e6e03dc231df" executionId="b6ad796b-b416-4f0a-b9cb-3813568a8ebd" testListId="8c84fa94-04c1-424b-9868-57a2d4851a1d" />
    <TestEntry testId="7e146186-4652-4c26-b0c6-abc10aef3d17" executionId="30b9c1f4-5837-4934-8838-eb6d806fe973" testListId="8c84fa94-04c1-424b-9868-57a2d4851a1d" />
    <TestEntry testId="120a1f1f-4ff8-4712-941b-373108d26a84" executionId="6e7a04ed-ce28-4bcd-bbb5-deafca93e255" testListId="8c84fa94-04c1-424b-9868-57a2d4851a1d" />
    <TestEntry testId="031b228e-fba8-4d1d-a4b6-e451c07fb013" executionId="c7d80d8b-455d-432b-b4f0-b6a81f4a2542" testListId="8c84fa94-04c1-424b-9868-57a2d4851a1d" />
    <TestEntry testId="1b61aa76-9514-4c75-8136-1d75188b98dc" executionId="47c36be6-24d3-43f5-afbd-220d8caeb7c5" testListId="8c84fa94-04c1-424b-9868-57a2d4851a1d" />
    <TestEntry testId="885a4e16-4170-4d41-a52b-66630962fe91" executionId="8ba556be-18e3-454c-962d-99c2f8e0d04c" testListId="8c84fa94-04c1-424b-9868-57a2d4851a1d" />
    <TestEntry testId="0e5a372d-a731-4bbc-8a4f-8b29b5f5179b" executionId="f13227ef-8192-4868-9545-8ee27db4cd3e" testListId="8c84fa94-04c1-424b-9868-57a2d4851a1d" />
    <TestEntry testId="eac6aff8-521e-423d-9a70-dbd00d6ab462" executionId="d979f2ff-439a-4bac-a07f-d046bcda6062" testListId="8c84fa94-04c1-424b-9868-57a2d4851a1d" />
    <TestEntry testId="2d2cba8f-c4c2-46f8-8cd0-8d8c0ec646e1" executionId="d1f2ab82-c0fd-494c-acf7-b09588ab639d" testListId="8c84fa94-04c1-424b-9868-57a2d4851a1d" />
    <TestEntry testId="04766c6d-64f1-46f7-8ed7-a36a6c469b7f" executionId="6cfcff7e-948e-40f0-bf5b-25d15f780a50" testListId="8c84fa94-04c1-424b-9868-57a2d4851a1d" />
    <TestEntry testId="e30f5637-b46a-4733-9f46-651ef8daad90" executionId="a6e132be-a1dd-44d2-b7ab-45859d94cd1b" testListId="8c84fa94-04c1-424b-9868-57a2d4851a1d" />
    <TestEntry testId="8cd503f4-cad4-471e-a8f7-3ca0fe705955" executionId="1818c7ee-a365-485a-af4e-94517950cf7e" testListId="8c84fa94-04c1-424b-9868-57a2d4851a1d" />
    <TestEntry testId="e12a6485-8563-4d33-b350-cf30e56ce35a" executionId="c27145f4-a42c-4d9e-bf1a-bc8e537d02b8" testListId="8c84fa94-04c1-424b-9868-57a2d4851a1d" />
    <TestEntry testId="d1d1e8e3-b4da-459d-bc3b-b81b3321523e" executionId="aa0e06a3-7d46-424f-9127-047fdbbe92cc" testListId="8c84fa94-04c1-424b-9868-57a2d4851a1d" />
    <TestEntry testId="d70b7b20-f09c-4b3c-a4bf-8f35af34cc68" executionId="5bd90f08-e1cb-4d7b-98b4-3f0c28e74593" testListId="8c84fa94-04c1-424b-9868-57a2d4851a1d" />
    <TestEntry testId="b0fb47ca-92db-47db-89fa-b76b6f8b498e" executionId="5219115c-a3c7-490a-a066-26b48151886a" testListId="8c84fa94-04c1-424b-9868-57a2d4851a1d" />
    <TestEntry testId="f342c649-34fa-4213-be17-11c0bbc06300" executionId="1ca581f6-9234-4c9b-a1bf-dcf68e44c352" testListId="8c84fa94-04c1-424b-9868-57a2d4851a1d" />
    <TestEntry testId="37854187-af41-412c-a345-89858e193e37" executionId="56806e1f-54f2-495a-a022-79b4b1279576" testListId="8c84fa94-04c1-424b-9868-57a2d4851a1d" />
    <TestEntry testId="28483f5e-5af0-4981-8ff4-d0d1c61d654b" executionId="867ef298-c7ec-47fb-a21b-231f2026ef5f" testListId="8c84fa94-04c1-424b-9868-57a2d4851a1d" />
    <TestEntry testId="be483e46-927c-4272-901b-ad31e8cfe2e6" executionId="3fa98da6-bd6f-4099-b517-1211d5aaa2d6" testListId="8c84fa94-04c1-424b-9868-57a2d4851a1d" />
    <TestEntry testId="d2734c34-028f-4163-8071-eb1c4edccd1d" executionId="0442f01e-2837-4feb-a745-6f5a44a0f14b" testListId="8c84fa94-04c1-424b-9868-57a2d4851a1d" />
    <TestEntry testId="b837b558-2ec7-49c5-bcdd-b264c8b781a2" executionId="1e728167-2838-4c4f-a74a-1311c19367a1" testListId="8c84fa94-04c1-424b-9868-57a2d4851a1d" />
    <TestEntry testId="f1ac635b-ab77-454f-a3d6-c1ef0fc88924" executionId="93659451-ac9f-4695-933c-6c35417643b0" testListId="8c84fa94-04c1-424b-9868-57a2d4851a1d" />
    <TestEntry testId="49338e48-43f2-4ab5-bd83-b3940e1807ea" executionId="7c0b0842-677e-4808-87d6-f73df2173ec4" testListId="8c84fa94-04c1-424b-9868-57a2d4851a1d" />
    <TestEntry testId="23f10f19-0755-4f65-9f38-974b3e6339d8" executionId="e619ac20-0adc-45b4-b9ec-75fdf1f61e47" testListId="8c84fa94-04c1-424b-9868-57a2d4851a1d" />
    <TestEntry testId="29a489aa-73a3-422a-a18c-2e64f5cfbe43" executionId="a438bf29-28a6-43af-8be0-f0f2ce276a87" testListId="8c84fa94-04c1-424b-9868-57a2d4851a1d" />
    <TestEntry testId="47c03846-2736-4efa-a607-f6201f6b72c5" executionId="d4054770-8fbd-47f4-9359-34d7ecdcfedf" testListId="8c84fa94-04c1-424b-9868-57a2d4851a1d" />
    <TestEntry testId="b700d732-8428-4247-aeb2-f7a9039f33a5" executionId="c56163b4-27c9-414c-a7f1-574c75a7b66c" testListId="8c84fa94-04c1-424b-9868-57a2d4851a1d" />
    <TestEntry testId="c4488eee-442d-461f-aef2-1a41b1568739" executionId="33ea784c-fde5-4f4a-aa10-b0a40b9a47a6" testListId="8c84fa94-04c1-424b-9868-57a2d4851a1d" />
    <TestEntry testId="e10bc192-bf51-46ee-9228-1cf631dad668" executionId="dda38cb2-9dd1-4207-b369-34e4580f0ad9" testListId="8c84fa94-04c1-424b-9868-57a2d4851a1d" />
    <TestEntry testId="154abde5-2fb7-4fc9-a139-7425dddc11b9" executionId="d782b1bf-a30d-4efc-963e-66826dbd6739" testListId="8c84fa94-04c1-424b-9868-57a2d4851a1d" />
    <TestEntry testId="c9aa4dab-3b77-4b10-a0b3-a3bcf667c0a7" executionId="4978b9ac-5754-4560-bc52-a228a1b8b52a" testListId="8c84fa94-04c1-424b-9868-57a2d4851a1d" />
    <TestEntry testId="e9fd81fe-f181-4c15-8885-da59e1ba50b4" executionId="4058470e-2ca9-450a-9cb0-6a0f7a6b125a" testListId="8c84fa94-04c1-424b-9868-57a2d4851a1d" />
    <TestEntry testId="87f2baa7-e8d7-4b80-8436-6fe6bba67cce" executionId="0aea2b6e-0d73-4747-ab53-30c378b77912" testListId="8c84fa94-04c1-424b-9868-57a2d4851a1d" />
    <TestEntry testId="561140d7-65b8-4219-872b-b01b71d2df36" executionId="958c87b4-9008-4fd9-9d3f-67b1f75032c7" testListId="8c84fa94-04c1-424b-9868-57a2d4851a1d" />
    <TestEntry testId="934b4dac-901b-4dad-97f3-a0e999f50386" executionId="248e442c-1438-47e0-84cf-1a45379165f1" testListId="8c84fa94-04c1-424b-9868-57a2d4851a1d" />
    <TestEntry testId="3c6816bb-7b28-4eec-a2ec-3d331d386ca7" executionId="50db4076-c566-4f6a-ae82-5473a0b77ca8" testListId="8c84fa94-04c1-424b-9868-57a2d4851a1d" />
    <TestEntry testId="0cec38de-0e07-49c4-82a1-84af063964fe" executionId="caa7509e-0146-4142-a0c2-cd2314b35ec6" testListId="8c84fa94-04c1-424b-9868-57a2d4851a1d" />
    <TestEntry testId="cd71d92a-60db-403c-aa73-5733a595e8f2" executionId="4a990df1-b5d4-4dbf-b19e-112b44db99d1" testListId="8c84fa94-04c1-424b-9868-57a2d4851a1d" />
    <TestEntry testId="a956d777-a223-4cbb-8d78-3dab4447c8ac" executionId="91d6e4bc-d3c3-45ed-b120-edfc7d384d9e" testListId="8c84fa94-04c1-424b-9868-57a2d4851a1d" />
    <TestEntry testId="22c7c442-e880-4e54-b8da-e2ce89989cad" executionId="0981d8da-1dac-48dc-8c89-8038165b9000" testListId="8c84fa94-04c1-424b-9868-57a2d4851a1d" />
    <TestEntry testId="4a3698bc-c0a6-4cfa-a188-eda27b36df86" executionId="1d9c38b5-eab2-4782-a916-718fb90279a2" testListId="8c84fa94-04c1-424b-9868-57a2d4851a1d" />
    <TestEntry testId="c65ca184-e577-436d-a7ed-66f13879a1f5" executionId="0feaa74d-f4a3-4879-89b1-c609a9956ae0" testListId="8c84fa94-04c1-424b-9868-57a2d4851a1d" />
    <TestEntry testId="81b75eba-22cb-49d3-8949-fe93726a6770" executionId="26bee3c3-3983-4f3e-8b5d-c0253377a2c1" testListId="8c84fa94-04c1-424b-9868-57a2d4851a1d" />
    <TestEntry testId="3aa2d6f4-460d-4962-b07f-acb26cd83cab" executionId="ba09dd6b-e955-4a6c-80a1-445f2b9866ab" testListId="8c84fa94-04c1-424b-9868-57a2d4851a1d" />
    <TestEntry testId="9828302c-8b49-42ba-93a0-a7c6652eba8f" executionId="f6e89852-2319-4085-b6c1-13e871e0f94e" testListId="8c84fa94-04c1-424b-9868-57a2d4851a1d" />
    <TestEntry testId="cc564962-c665-46ce-bf23-b5fd42d77424" executionId="edd80568-fb3a-4768-97f2-63d6ce5a4db7" testListId="8c84fa94-04c1-424b-9868-57a2d4851a1d" />
    <TestEntry testId="efe843f9-14ae-4755-87a7-d02b3f3ca39d" executionId="8fdd6612-d282-4157-b650-908ccb696665" testListId="8c84fa94-04c1-424b-9868-57a2d4851a1d" />
    <TestEntry testId="14c4e615-1308-4016-b536-db6f71028342" executionId="8fa4d733-93f5-43a1-ac3a-59840f61b1dc" testListId="8c84fa94-04c1-424b-9868-57a2d4851a1d" />
    <TestEntry testId="069307d5-1191-4c8b-a596-3b9d3e9222af" executionId="15a77691-4931-4360-a733-dfe9bf4bdbd9" testListId="8c84fa94-04c1-424b-9868-57a2d4851a1d" />
    <TestEntry testId="e1cf2cbb-d553-4871-951b-4ae1218d1b94" executionId="11907e3d-fb6f-4c47-9851-1efbd52d34e8" testListId="8c84fa94-04c1-424b-9868-57a2d4851a1d" />
    <TestEntry testId="695f7616-0e7d-496d-a26e-a925ba17d216" executionId="0363b149-db91-4323-b6e4-d4624d081276" testListId="8c84fa94-04c1-424b-9868-57a2d4851a1d" />
    <TestEntry testId="b3cd79d0-8a2e-4623-ac98-ae55e0d4f5ed" executionId="07fba3b0-a943-479e-9300-5942c4ed5269" testListId="8c84fa94-04c1-424b-9868-57a2d4851a1d" />
    <TestEntry testId="4095ed4f-0414-4b1f-bad8-68c5c3504678" executionId="5e2b1d6c-0bee-4e08-846f-1a7ecc91024d" testListId="8c84fa94-04c1-424b-9868-57a2d4851a1d" />
    <TestEntry testId="5f4ecf6a-2dae-4528-ab2e-beac91501bfb" executionId="5cabaa26-0858-4cbd-b972-4211abdffc61" testListId="8c84fa94-04c1-424b-9868-57a2d4851a1d" />
    <TestEntry testId="10bfa2da-2593-450f-9b36-63b1edf1ceb2" executionId="0433bb06-daaf-4b95-b953-cfe187f41140" testListId="8c84fa94-04c1-424b-9868-57a2d4851a1d" />
    <TestEntry testId="a5bc5498-ed43-41df-b033-3a7381b7f623" executionId="08684626-cd72-4799-b34f-7b517ffd7ab3" testListId="8c84fa94-04c1-424b-9868-57a2d4851a1d" />
    <TestEntry testId="83307d93-51fa-407c-b137-3fb39b1c3020" executionId="7fd4ada3-651e-42aa-a992-539dc65a24ba" testListId="8c84fa94-04c1-424b-9868-57a2d4851a1d" />
    <TestEntry testId="d4cd2bd7-2a38-4c6a-82f1-d79b494c31aa" executionId="b9b3acba-d2f4-4657-be6b-78cdd937345c" testListId="8c84fa94-04c1-424b-9868-57a2d4851a1d" />
    <TestEntry testId="69374be0-7208-47a0-80aa-5096768d460b" executionId="525965a0-a36d-49f7-91a7-280d0d10adba" testListId="8c84fa94-04c1-424b-9868-57a2d4851a1d" />
    <TestEntry testId="d28a3926-db60-4175-9951-d9495c652842" executionId="76428967-27de-47b3-93c6-133415918a1d" testListId="8c84fa94-04c1-424b-9868-57a2d4851a1d" />
    <TestEntry testId="e16ded87-6558-4d9c-957f-6e8f8a7bb152" executionId="e7ce9cd6-8b20-4626-99a0-a0f887a5d2b4" testListId="8c84fa94-04c1-424b-9868-57a2d4851a1d" />
    <TestEntry testId="8b73311c-baaa-4154-a8df-ffe9f7b76d5b" executionId="53908aec-196b-4e63-8ad8-cc7a022ff3f5" testListId="8c84fa94-04c1-424b-9868-57a2d4851a1d" />
    <TestEntry testId="113484ae-cf7b-48e0-b300-28bce2d7fece" executionId="38d6b22b-5b6d-489d-939f-822d74ffd1d5" testListId="8c84fa94-04c1-424b-9868-57a2d4851a1d" />
    <TestEntry testId="b634e23b-8a8a-4365-8544-1ac6333880ca" executionId="e3320dfb-a262-40cf-928a-70c947abc2f0" testListId="8c84fa94-04c1-424b-9868-57a2d4851a1d" />
    <TestEntry testId="1176f83a-b070-4bcb-a3e3-fb7a83e9fbb7" executionId="addd25de-362a-423f-a48f-385b66b13168" testListId="8c84fa94-04c1-424b-9868-57a2d4851a1d" />
    <TestEntry testId="1073d021-83f4-4308-9b59-b0e8d2603632" executionId="05e439c3-cdb6-42dd-81a5-0a0fd8f5b978" testListId="8c84fa94-04c1-424b-9868-57a2d4851a1d" />
    <TestEntry testId="8380163d-c766-4184-b713-d0475018dc67" executionId="32da2949-ef77-4732-a578-f7f2ba9d523b" testListId="8c84fa94-04c1-424b-9868-57a2d4851a1d" />
    <TestEntry testId="1bf88082-501a-490f-a5d6-65803fb5028a" executionId="99cabbf2-2a77-4da5-a0c1-32da4a1eb6c9" testListId="8c84fa94-04c1-424b-9868-57a2d4851a1d" />
    <TestEntry testId="dbc87ef4-cddf-4fa2-ad47-2fd9db108aa5" executionId="f146ce4e-3e62-4176-bd54-dd54291bc9d2" testListId="8c84fa94-04c1-424b-9868-57a2d4851a1d" />
    <TestEntry testId="3e5a75f6-d75b-4032-97c4-15079316b338" executionId="d8660f29-6d4a-42b7-917d-882aedafb6dd" testListId="8c84fa94-04c1-424b-9868-57a2d4851a1d" />
    <TestEntry testId="69aed9ef-6aae-4962-a38b-6b186c624ccc" executionId="0c1f209b-d4bc-4ffb-8521-6eabfd78a582" testListId="8c84fa94-04c1-424b-9868-57a2d4851a1d" />
    <TestEntry testId="ac039f3c-abd4-416b-9ae9-a6b94c3bfe95" executionId="f3cb7418-ebfc-465e-b343-661ac29980f9" testListId="8c84fa94-04c1-424b-9868-57a2d4851a1d" />
    <TestEntry testId="5e496900-c997-4521-8462-609fd5c170f3" executionId="3e72f5b2-95fd-43f5-9934-84d0aecc002a" testListId="8c84fa94-04c1-424b-9868-57a2d4851a1d" />
    <TestEntry testId="5d6b46f2-c6e1-4c9f-8a67-a39c4561c5fe" executionId="6b633072-ba57-49b2-bf21-d2fcc3b3646b" testListId="8c84fa94-04c1-424b-9868-57a2d4851a1d" />
    <TestEntry testId="46645656-a12e-4712-ad53-7b889f8efce9" executionId="a1bc26c4-3153-4dc5-9b92-042cc8e3b598" testListId="8c84fa94-04c1-424b-9868-57a2d4851a1d" />
    <TestEntry testId="3bb839b8-94d3-408b-9d9b-20a2eabe5ef1" executionId="26cd6888-143d-45b9-99c0-2df18e37ee77" testListId="8c84fa94-04c1-424b-9868-57a2d4851a1d" />
    <TestEntry testId="36c7300b-2465-44f3-a733-4f058385a40d" executionId="0d9d81db-5a9d-4bea-a63d-a5a7cea755a8" testListId="8c84fa94-04c1-424b-9868-57a2d4851a1d" />
    <TestEntry testId="5bd9f601-59b2-40a5-9c9f-21c9bfab779a" executionId="7dd93efd-56d0-4b4f-b5d8-c9f715705fe2" testListId="8c84fa94-04c1-424b-9868-57a2d4851a1d" />
    <TestEntry testId="be269db8-92b4-479c-a9f0-1098c229fa2f" executionId="9e13c50f-a0f6-418e-b77b-1c8e9a8d19d4" testListId="8c84fa94-04c1-424b-9868-57a2d4851a1d" />
    <TestEntry testId="f392aa56-ef3e-4dc9-b85f-0e5e02c882c2" executionId="7c9c0146-fd57-4d04-ad45-4a4fe9ac2718" testListId="8c84fa94-04c1-424b-9868-57a2d4851a1d" />
    <TestEntry testId="c6e2df70-57e0-42a3-be45-5a5ecceaf9dd" executionId="2993e2b8-74c0-4856-acc1-d0bcd7aca3af" testListId="8c84fa94-04c1-424b-9868-57a2d4851a1d" />
    <TestEntry testId="e65e0449-2f0b-43b4-aebc-04b014234afc" executionId="3c1974ff-ca1f-405d-8ec5-1508ed278b0a" testListId="8c84fa94-04c1-424b-9868-57a2d4851a1d" />
    <TestEntry testId="91acab91-b0f9-42bb-a200-3cbfcfd15fe6" executionId="a144eed8-b4da-495b-85e3-ba7c679746cb" testListId="8c84fa94-04c1-424b-9868-57a2d4851a1d" />
    <TestEntry testId="635fada2-e801-4d5b-94f0-5982d19c8d9b" executionId="d7c5bc6c-2f39-4eae-b24c-d109baba3c2e" testListId="8c84fa94-04c1-424b-9868-57a2d4851a1d" />
    <TestEntry testId="2f212e2a-646a-4d5d-b2ee-e02fa930db5c" executionId="50fa51da-973a-4563-8ee6-9a528e4c9a24" testListId="8c84fa94-04c1-424b-9868-57a2d4851a1d" />
    <TestEntry testId="563193e2-fd43-4f61-9ca5-904872524b5e" executionId="a8bd180d-2d92-4b40-9533-1175b01db78e" testListId="8c84fa94-04c1-424b-9868-57a2d4851a1d" />
    <TestEntry testId="7a7b14ee-2a92-4059-98f7-a0c41c364d7a" executionId="6f6e8bc2-4d09-4173-928a-f3b7582c37ba" testListId="8c84fa94-04c1-424b-9868-57a2d4851a1d" />
    <TestEntry testId="4d0eacd6-2c87-4b0d-85d9-05ea4a06da92" executionId="5da04d48-c757-4dd2-bcec-c6dfef40aac2" testListId="8c84fa94-04c1-424b-9868-57a2d4851a1d" />
    <TestEntry testId="e229666c-8685-4840-ab3c-b96dafedc3c2" executionId="be700b20-ff60-4b65-95b1-1c1a20b20845" testListId="8c84fa94-04c1-424b-9868-57a2d4851a1d" />
    <TestEntry testId="d4f53de4-675d-4e8c-a1d1-d79d42ef845c" executionId="fa458516-8c34-42c9-bfa4-650d4dcf27b1" testListId="8c84fa94-04c1-424b-9868-57a2d4851a1d" />
    <TestEntry testId="9dd8a015-3327-4117-b815-3c0811aa2ece" executionId="b39a5d8c-9f36-45a0-aedb-d30ebabc6b0c" testListId="8c84fa94-04c1-424b-9868-57a2d4851a1d" />
    <TestEntry testId="d54d77c4-c848-4962-8113-7e4d3aa6d979" executionId="466e0fa1-254f-4850-acf2-2727acd02bc4" testListId="8c84fa94-04c1-424b-9868-57a2d4851a1d" />
    <TestEntry testId="e2e265bd-445f-47c0-beea-85c510df5b86" executionId="00f7cb6e-efef-4871-a718-b61754b913b8" testListId="8c84fa94-04c1-424b-9868-57a2d4851a1d" />
    <TestEntry testId="fc4764d6-3482-49ec-9368-21f4e56e151b" executionId="b18411f8-2a66-41d9-996a-6668ce91eb5c" testListId="8c84fa94-04c1-424b-9868-57a2d4851a1d" />
    <TestEntry testId="a7151f5f-dea7-4a23-a771-5a97b1e6b48f" executionId="286c61c7-f600-4269-851d-ed564bc12ef5" testListId="8c84fa94-04c1-424b-9868-57a2d4851a1d" />
    <TestEntry testId="fc81fa94-dbd2-4405-8a51-52778ff9dd36" executionId="7dcf5d2d-be29-437b-8766-40fa5b236106" testListId="8c84fa94-04c1-424b-9868-57a2d4851a1d" />
    <TestEntry testId="adde1f97-b78a-4d1b-badc-feaf56d9a3c2" executionId="227d243d-1a63-41f3-9d68-f9c61e93725e" testListId="8c84fa94-04c1-424b-9868-57a2d4851a1d" />
    <TestEntry testId="eccbe544-17c4-4cfa-b552-3d14441cbe17" executionId="e1970678-fafb-49d8-bca5-2f97c8b64609" testListId="8c84fa94-04c1-424b-9868-57a2d4851a1d" />
    <TestEntry testId="31cc8b98-ae8e-4661-aa4f-ff89654eb3c4" executionId="42093d55-b077-456f-a959-6c2327d0dad1" testListId="8c84fa94-04c1-424b-9868-57a2d4851a1d" />
    <TestEntry testId="7eaea38b-565d-48b1-a0d1-6e75080f3ac9" executionId="11b696c0-2291-4352-9aae-9695ab2ff16f" testListId="8c84fa94-04c1-424b-9868-57a2d4851a1d" />
    <TestEntry testId="26c5faff-5bdc-4398-a468-2bbbe11592c6" executionId="c2c972e7-b93d-4fd0-a63a-731c329c07a5" testListId="8c84fa94-04c1-424b-9868-57a2d4851a1d" />
    <TestEntry testId="b615a97d-f035-4db3-90da-e69be46ad103" executionId="d6e6110e-19fa-43aa-bb83-6ae0c32ff650" testListId="8c84fa94-04c1-424b-9868-57a2d4851a1d" />
    <TestEntry testId="7b61bdfd-2d64-4b3e-887d-a57a33d0cc3b" executionId="a3781c2a-32da-4d72-b01d-73d6fe949e31" testListId="8c84fa94-04c1-424b-9868-57a2d4851a1d" />
    <TestEntry testId="e25b4d5d-4f45-4dcc-bd45-3148df4831ca" executionId="551829b2-6f8a-4e1f-a7d6-4d0227feee61" testListId="8c84fa94-04c1-424b-9868-57a2d4851a1d" />
    <TestEntry testId="6a3fda69-ba19-489b-92e7-3d961cbc064a" executionId="2640dd81-102f-4be3-90fe-ce3c1f14097b" testListId="8c84fa94-04c1-424b-9868-57a2d4851a1d" />
    <TestEntry testId="773e99d0-e584-4973-ad07-e1ffca0d9bf3" executionId="eef70c3d-957d-442f-a22b-7e592fccacf9" testListId="8c84fa94-04c1-424b-9868-57a2d4851a1d" />
    <TestEntry testId="34d9634a-03ad-40af-ab44-f83d0649bd27" executionId="ca8246ce-e7d3-4191-a690-c0c93f26423f" testListId="8c84fa94-04c1-424b-9868-57a2d4851a1d" />
    <TestEntry testId="06b4d797-2443-4e4a-9b36-d158be257d58" executionId="abccf2ee-7d5c-4a37-8147-2f320c45661a" testListId="8c84fa94-04c1-424b-9868-57a2d4851a1d" />
    <TestEntry testId="f9a5c75a-fb61-4da9-955f-a90f805c71d8" executionId="d97ae617-c079-491c-a545-31e4cebfa46c" testListId="8c84fa94-04c1-424b-9868-57a2d4851a1d" />
    <TestEntry testId="013195f2-abff-47bc-b92e-b924e0972a61" executionId="486aa8ca-323b-4ee8-8ebf-7b514a5fa726" testListId="8c84fa94-04c1-424b-9868-57a2d4851a1d" />
    <TestEntry testId="83a6828f-d7b8-46c0-bcc6-8ee1660607e8" executionId="4038de10-59c9-4a51-906c-623d342b1134" testListId="8c84fa94-04c1-424b-9868-57a2d4851a1d" />
    <TestEntry testId="4778772c-edea-4da7-8556-a561a42606d7" executionId="4cf95e95-f3dc-44bc-8811-4f7bea9d3a43" testListId="8c84fa94-04c1-424b-9868-57a2d4851a1d" />
    <TestEntry testId="0fdb38d1-c813-4982-8fcc-c1bbcee27c01" executionId="7421572e-54b4-4623-a1d5-2f186ae2253a" testListId="8c84fa94-04c1-424b-9868-57a2d4851a1d" />
    <TestEntry testId="a1756b11-c494-42d3-a79d-b13a2bca6b9c" executionId="f0966088-4021-4619-8467-229ed5e74841" testListId="8c84fa94-04c1-424b-9868-57a2d4851a1d" />
    <TestEntry testId="842ed24d-c707-4e1a-bb37-768eac7e5e65" executionId="0405d8f5-8949-41e0-899d-0d97f886aa17" testListId="8c84fa94-04c1-424b-9868-57a2d4851a1d" />
    <TestEntry testId="689878b3-84f3-4eec-8431-c7beef5038c1" executionId="c66c6242-58bb-4174-9dcf-e4a2545249d9" testListId="8c84fa94-04c1-424b-9868-57a2d4851a1d" />
    <TestEntry testId="1e923ab3-2032-47fe-bc35-246b83435309" executionId="09a969a6-dea5-4d4b-b87d-f2cdad6b5e6e" testListId="8c84fa94-04c1-424b-9868-57a2d4851a1d" />
    <TestEntry testId="2ad7bc50-d730-43e7-8494-ed4dc19c559a" executionId="25bc62df-7ac0-4c9c-b4a8-080e91d572c5" testListId="8c84fa94-04c1-424b-9868-57a2d4851a1d" />
    <TestEntry testId="ae00b889-9506-482d-b311-4d65378d77a8" executionId="94485938-05a2-4713-a7eb-ff8ff8dbaa2f" testListId="8c84fa94-04c1-424b-9868-57a2d4851a1d" />
    <TestEntry testId="80f15178-aa41-4d46-ba27-88aa435cc3d1" executionId="529e368d-b6cd-4d5c-b72f-20bd2ca210cc" testListId="8c84fa94-04c1-424b-9868-57a2d4851a1d" />
    <TestEntry testId="b721662e-516e-4404-8a4a-fe5c014548d9" executionId="f5855e66-5207-4ee7-af62-c8a6e50bf918" testListId="8c84fa94-04c1-424b-9868-57a2d4851a1d" />
    <TestEntry testId="dc548b26-8e6a-4615-a254-c1ea447cc93a" executionId="d364c4d2-31f1-4050-8e2a-ab5babc9e965" testListId="8c84fa94-04c1-424b-9868-57a2d4851a1d" />
    <TestEntry testId="eb4f3bff-a90c-4a1d-a945-59c8c17abb38" executionId="02cbfcba-acac-4716-8f99-8aad320f4e9d" testListId="8c84fa94-04c1-424b-9868-57a2d4851a1d" />
    <TestEntry testId="472ed64c-e7af-4621-902f-1ef3ad1a4d51" executionId="b4f7f812-abf7-449f-87c8-fdcd841f6bd7" testListId="8c84fa94-04c1-424b-9868-57a2d4851a1d" />
    <TestEntry testId="1dbf8720-a787-40b6-be44-4c6b6b9372ff" executionId="f0f268e5-e884-40a6-b6cf-60e4ffecccce" testListId="8c84fa94-04c1-424b-9868-57a2d4851a1d" />
    <TestEntry testId="f7cc6d46-d112-4b98-ae4c-85468d7c5f5e" executionId="58f9e5d7-7c41-4703-be30-0f18f4d87c4e" testListId="8c84fa94-04c1-424b-9868-57a2d4851a1d" />
    <TestEntry testId="8067271c-f187-47ed-95f8-de846ea8ff2d" executionId="4398daa0-8bab-458f-998f-bbfea15ec50a" testListId="8c84fa94-04c1-424b-9868-57a2d4851a1d" />
    <TestEntry testId="55cfacc1-87b0-4f66-9c25-3046748c436a" executionId="8b3aed5d-f063-420a-bcdf-309418b30cd0" testListId="8c84fa94-04c1-424b-9868-57a2d4851a1d" />
    <TestEntry testId="861173a0-c0bf-4ee3-aa09-3731972519d8" executionId="d5fdbaa1-03ae-426d-b1a6-50973e76bfdb" testListId="8c84fa94-04c1-424b-9868-57a2d4851a1d" />
    <TestEntry testId="17e2583a-e249-4042-a59c-c05a8a75a195" executionId="fd57288a-8ae9-4fc6-b754-706010b0cf76" testListId="8c84fa94-04c1-424b-9868-57a2d4851a1d" />
    <TestEntry testId="e9e92649-af8c-423d-8365-e1bd4b33cc9f" executionId="7cc70f70-2c25-4acd-b816-c44bfa787612" testListId="8c84fa94-04c1-424b-9868-57a2d4851a1d" />
    <TestEntry testId="f91f64ca-8916-4d71-9d06-1adeacd7eef1" executionId="c186a517-6603-48a8-8540-fff9885a6833" testListId="8c84fa94-04c1-424b-9868-57a2d4851a1d" />
    <TestEntry testId="3177dbe9-b40c-442a-8480-4b10af8fcfca" executionId="98f619fd-3790-44fc-8a49-757a36fc7b6a" testListId="8c84fa94-04c1-424b-9868-57a2d4851a1d" />
    <TestEntry testId="6d91a45a-cbf9-4457-b641-dc753fb6cdb7" executionId="ba74a0ff-e82b-43a8-b4d4-00179039e657" testListId="8c84fa94-04c1-424b-9868-57a2d4851a1d" />
    <TestEntry testId="e27ccd08-5fbc-400d-b08e-557a591d83a7" executionId="cbbd5220-9c58-4210-90c4-541ac8e77cc5" testListId="8c84fa94-04c1-424b-9868-57a2d4851a1d" />
    <TestEntry testId="8e9a89f2-904f-4527-89dc-3e365f0458fd" executionId="0d422eda-eae1-4827-bbcc-25dda8e4b598" testListId="8c84fa94-04c1-424b-9868-57a2d4851a1d" />
    <TestEntry testId="7f0d9614-bc18-46b5-ad6d-af05a2345424" executionId="c9db51de-3410-43de-a715-313ab4b69ce8" testListId="8c84fa94-04c1-424b-9868-57a2d4851a1d" />
    <TestEntry testId="1a554178-2206-4769-b01c-cc385a6f647f" executionId="bcfc7097-db17-4cf7-888e-efc6b11f857b" testListId="8c84fa94-04c1-424b-9868-57a2d4851a1d" />
    <TestEntry testId="6bc71272-b589-4ae5-907e-78c941b58c7a" executionId="d971ada5-0e81-433c-99b2-6bc74c7de180" testListId="8c84fa94-04c1-424b-9868-57a2d4851a1d" />
    <TestEntry testId="758dfb73-7e97-403b-9d66-20c0246a8166" executionId="39ba6609-654f-4df6-bb56-16db05f1032e" testListId="8c84fa94-04c1-424b-9868-57a2d4851a1d" />
    <TestEntry testId="9a1552b7-dd39-4486-a354-2f1c49247045" executionId="cde9fcf6-af50-4271-9cc7-9b17c222eea1" testListId="8c84fa94-04c1-424b-9868-57a2d4851a1d" />
    <TestEntry testId="b0f68ad4-43d2-4f53-b06d-aa9e9f7248e1" executionId="e427e985-95cf-4a79-b667-cfcafab9f940" testListId="8c84fa94-04c1-424b-9868-57a2d4851a1d" />
    <TestEntry testId="ce51517a-4cb6-460d-942e-d739cc9066d6" executionId="e40e0938-b95f-4cc3-bf1c-c6f00d3cdbeb" testListId="8c84fa94-04c1-424b-9868-57a2d4851a1d" />
    <TestEntry testId="edb3d9ba-e010-4c56-a89b-c82d7c7fdd75" executionId="f1532167-065e-4169-bab8-f19f08ecc481" testListId="8c84fa94-04c1-424b-9868-57a2d4851a1d" />
    <TestEntry testId="af7cb48c-c1bb-4158-84e2-7b04c6e4c385" executionId="b1dc62be-5eec-4435-a9e2-50a0a63c10e8" testListId="8c84fa94-04c1-424b-9868-57a2d4851a1d" />
    <TestEntry testId="8146276b-6d92-4047-9aac-a98f6bbaf87a" executionId="9e8c4ad1-aeb9-4a4d-b02a-19c823bda6af" testListId="8c84fa94-04c1-424b-9868-57a2d4851a1d" />
    <TestEntry testId="ca22689b-2c70-4914-b892-60521053c4f1" executionId="0d9cc53f-e368-4075-99ef-4bc18c740c47" testListId="8c84fa94-04c1-424b-9868-57a2d4851a1d" />
    <TestEntry testId="32a5b40b-a1c6-454b-9e2b-78d9dd046a04" executionId="f664a5bd-cf80-4230-8086-af7113f29215" testListId="8c84fa94-04c1-424b-9868-57a2d4851a1d" />
    <TestEntry testId="a3655e48-ee00-40e2-b002-e273d5ad177b" executionId="ae833227-9711-4adf-8b7b-939b2c29cfd8" testListId="8c84fa94-04c1-424b-9868-57a2d4851a1d" />
    <TestEntry testId="f4360abb-8ed2-4e86-a9ad-b533f771e7f2" executionId="12825a8f-13e8-470b-bd6a-6254ffcc8f5c" testListId="8c84fa94-04c1-424b-9868-57a2d4851a1d" />
    <TestEntry testId="e99490ba-e611-4287-ba3d-4609b3c297ff" executionId="a32cb070-7c23-49e8-9177-d82bffa0c710" testListId="8c84fa94-04c1-424b-9868-57a2d4851a1d" />
    <TestEntry testId="7b5d2d1d-5093-4ae5-b754-0517aabdd82f" executionId="22d856f5-9644-424d-91d1-8577b24dea23" testListId="8c84fa94-04c1-424b-9868-57a2d4851a1d" />
    <TestEntry testId="dc94e9c1-7d31-4700-9686-8c45e885eae6" executionId="89440581-53f3-4505-af69-c385dd22b80c" testListId="8c84fa94-04c1-424b-9868-57a2d4851a1d" />
    <TestEntry testId="a784a627-0608-4cfe-aa52-c98505682137" executionId="271ee071-d771-4524-b07a-80e1ce3ef45b" testListId="8c84fa94-04c1-424b-9868-57a2d4851a1d" />
    <TestEntry testId="c1055154-f152-4423-b5bc-b2f1ba35d237" executionId="e7fbeeff-c85e-4c57-a7a7-46b9e5a1ac97" testListId="8c84fa94-04c1-424b-9868-57a2d4851a1d" />
    <TestEntry testId="955b0e9f-5cb3-47ae-b044-a0ce8aee8983" executionId="e57b5b59-56b4-4c93-9c02-d9173b7b0ad0" testListId="8c84fa94-04c1-424b-9868-57a2d4851a1d" />
    <TestEntry testId="b310d682-5d54-4c63-961b-2f1135a12b6d" executionId="5a6e0098-3b22-4401-b4f5-e8c3cbd3b229" testListId="8c84fa94-04c1-424b-9868-57a2d4851a1d" />
    <TestEntry testId="fdf702fc-7270-4ce0-b6c0-c4854f0d2816" executionId="b09a5abd-bb40-4615-886c-69cb63595dd0" testListId="8c84fa94-04c1-424b-9868-57a2d4851a1d" />
    <TestEntry testId="5cc6029a-5375-426a-9fa1-5515a10895c4" executionId="4b0e9884-bac1-48e4-8960-b85e756a338b" testListId="8c84fa94-04c1-424b-9868-57a2d4851a1d" />
    <TestEntry testId="dee466ca-e884-423e-b9dc-76db380492a3" executionId="9975b0e9-2b20-437d-936a-2bb533b379b9" testListId="8c84fa94-04c1-424b-9868-57a2d4851a1d" />
    <TestEntry testId="aa101ace-337d-42a2-9f2a-558b93455689" executionId="4730e9d0-82aa-40ac-9f93-d1ba686d6e89" testListId="8c84fa94-04c1-424b-9868-57a2d4851a1d" />
    <TestEntry testId="983d7d9c-e0f9-4503-b6d3-9794cbddb8c1" executionId="5374eb72-f01d-47ab-be87-4b7854a658ac" testListId="8c84fa94-04c1-424b-9868-57a2d4851a1d" />
    <TestEntry testId="ad5555db-55ad-43b4-935a-5dc7bb96a1db" executionId="c22cea60-4be2-4677-bb84-7e1816b31efc" testListId="8c84fa94-04c1-424b-9868-57a2d4851a1d" />
    <TestEntry testId="bc143ab8-185f-4bcd-ad83-489430c64224" executionId="7b09acb4-b8f8-4eb5-b2cd-150640488044" testListId="8c84fa94-04c1-424b-9868-57a2d4851a1d" />
    <TestEntry testId="cfe1d64a-2c29-49e7-aa83-a5b115a93b12" executionId="4692cccb-ff09-4a53-918c-37a826a9d906" testListId="8c84fa94-04c1-424b-9868-57a2d4851a1d" />
    <TestEntry testId="6ad79b39-37fd-4561-b61f-dcad45e0739c" executionId="f539c5d1-13b9-4c45-a07a-88838d7a4ace" testListId="8c84fa94-04c1-424b-9868-57a2d4851a1d" />
    <TestEntry testId="dcc55fd8-1bc3-48c1-b054-4dafbaaae13e" executionId="9946fa12-2801-4415-98df-46b0ed6e8e5a" testListId="8c84fa94-04c1-424b-9868-57a2d4851a1d" />
    <TestEntry testId="be53edf0-a3a0-47f5-903f-b861cfe75fd4" executionId="a81a8e7a-6dca-42d1-8ab3-59645d721a21" testListId="8c84fa94-04c1-424b-9868-57a2d4851a1d" />
    <TestEntry testId="4213614b-e5b4-4a9e-b3a8-577af0d76b5a" executionId="e37ae61a-bfc1-4f9a-bc5a-b492a384dc31" testListId="8c84fa94-04c1-424b-9868-57a2d4851a1d" />
    <TestEntry testId="a40d2787-581b-4408-a378-d6916c7254c0" executionId="6efbcbe7-1569-4365-9a75-810e75df793b" testListId="8c84fa94-04c1-424b-9868-57a2d4851a1d" />
    <TestEntry testId="4f676484-4c49-44f2-abc4-4534295957b4" executionId="cd3fe94f-1ec6-472b-abf4-e6b029d35c47" testListId="8c84fa94-04c1-424b-9868-57a2d4851a1d" />
    <TestEntry testId="b09cb556-032a-4d87-8004-167893d63bad" executionId="f1130559-8541-49a9-878a-8e54d171f460" testListId="8c84fa94-04c1-424b-9868-57a2d4851a1d" />
    <TestEntry testId="f79162b0-9486-484c-beab-ed73ed6d04fc" executionId="a299c3f4-5508-4867-a118-212e1170437e" testListId="8c84fa94-04c1-424b-9868-57a2d4851a1d" />
    <TestEntry testId="8f9e1dbd-efeb-47d1-932f-e1535ef9ba78" executionId="3eeed103-4e9f-44e5-a1f4-ee45593be79c" testListId="8c84fa94-04c1-424b-9868-57a2d4851a1d" />
    <TestEntry testId="dc6d56c8-45ab-4d15-8490-cc5b8016c956" executionId="c2ec2d20-50a8-4ae0-9071-8408d2076e9b" testListId="8c84fa94-04c1-424b-9868-57a2d4851a1d" />
    <TestEntry testId="d2be0735-f310-4ee7-921c-bcbb14f98e41" executionId="754da4e1-9131-4563-9b56-e3ffd5e31071" testListId="8c84fa94-04c1-424b-9868-57a2d4851a1d" />
    <TestEntry testId="1eb228ae-9eda-47fb-a3f3-fabcd9218f7a" executionId="8cec1ea7-6cbf-4fa1-a811-42c632ac8b0c" testListId="8c84fa94-04c1-424b-9868-57a2d4851a1d" />
    <TestEntry testId="849692b3-75f9-4ee9-bdaa-ca0e8d2a5788" executionId="b2b153c5-3fc3-44e4-aa2a-244e2abfd0ad" testListId="8c84fa94-04c1-424b-9868-57a2d4851a1d" />
    <TestEntry testId="47e7b9da-43d5-4213-906d-0b7f18a11fb4" executionId="df22279e-328b-4826-855a-8c4ff4da5cb0" testListId="8c84fa94-04c1-424b-9868-57a2d4851a1d" />
    <TestEntry testId="c9e308fd-27be-4308-855b-3bb62592f3fc" executionId="2124e9fe-0e15-4c01-8417-777c5c63fb76" testListId="8c84fa94-04c1-424b-9868-57a2d4851a1d" />
    <TestEntry testId="7614b5c7-bce6-4cda-9146-dee18d87538c" executionId="702af246-0ee2-4e57-9d3d-542f234668f8" testListId="8c84fa94-04c1-424b-9868-57a2d4851a1d" />
    <TestEntry testId="b16c16b3-e0f6-42d1-863f-f8c341e10bef" executionId="eee1c949-0189-4dee-9a79-396dc7679b8b" testListId="8c84fa94-04c1-424b-9868-57a2d4851a1d" />
    <TestEntry testId="43aae864-6e6a-4376-b1c0-7c2f1e1883f3" executionId="6aff520c-db9c-4b85-805b-959e4a0db1a7" testListId="8c84fa94-04c1-424b-9868-57a2d4851a1d" />
    <TestEntry testId="687d4cf7-35be-46a0-a7fc-184bbad1ebec" executionId="ab6b3faf-7c66-4ae5-974a-443b5710cb76" testListId="8c84fa94-04c1-424b-9868-57a2d4851a1d" />
    <TestEntry testId="1a517aba-b296-4b81-94b2-ec6a449b3dd2" executionId="b59cb0ce-11dd-46c9-b5e0-667be8468447" testListId="8c84fa94-04c1-424b-9868-57a2d4851a1d" />
    <TestEntry testId="72b68a62-270f-48a6-8262-5fedb41130ca" executionId="74ace3db-3a23-4c69-8966-d5db07a96994" testListId="8c84fa94-04c1-424b-9868-57a2d4851a1d" />
    <TestEntry testId="75baeaad-c462-44d0-928c-4ec09a3eafbc" executionId="63344e77-77fb-4499-8787-c4baf6b0687b" testListId="8c84fa94-04c1-424b-9868-57a2d4851a1d" />
    <TestEntry testId="9cdcd0db-dc1b-434e-9ab1-baf1a1101441" executionId="19f9dbd4-639b-4957-af09-a831b847411d" testListId="8c84fa94-04c1-424b-9868-57a2d4851a1d" />
    <TestEntry testId="f0b28fc2-dc13-480f-8c62-a029c8a2bb6a" executionId="dad4ffba-2d99-4037-9d71-5acac05ffa98" testListId="8c84fa94-04c1-424b-9868-57a2d4851a1d" />
    <TestEntry testId="3881ce9a-cf14-43df-9c0a-02e7d2cd294f" executionId="cc7622ad-f639-42d1-98a1-e2e4b82f4b34" testListId="8c84fa94-04c1-424b-9868-57a2d4851a1d" />
    <TestEntry testId="7d205142-5271-48b6-b011-0e1ea671f7cf" executionId="cb0ab316-fe5c-4b05-a979-f470e090b19b" testListId="8c84fa94-04c1-424b-9868-57a2d4851a1d" />
    <TestEntry testId="eac2d07c-59c7-4184-b466-aa8b46b2e7d2" executionId="d14cd1dc-ad6c-4203-b0ff-a39f37124e8c" testListId="8c84fa94-04c1-424b-9868-57a2d4851a1d" />
    <TestEntry testId="3f793599-55c9-4c9f-80dd-c3b2a232082d" executionId="5ec5f430-73b1-452f-a5c0-42574f304b90" testListId="8c84fa94-04c1-424b-9868-57a2d4851a1d" />
    <TestEntry testId="a692d0ea-bb8c-47e6-b1d4-55012f26d5fd" executionId="d1a417f5-dd04-4987-b47e-cf724b3552f7" testListId="8c84fa94-04c1-424b-9868-57a2d4851a1d" />
    <TestEntry testId="f516713a-6b08-473c-b5a1-e281e770821d" executionId="919c14e3-429f-4e67-b98c-0d90fd0129ec" testListId="8c84fa94-04c1-424b-9868-57a2d4851a1d" />
    <TestEntry testId="3cd975c7-40c1-4fea-9d0f-b162fd757533" executionId="1c0f325a-d61c-4c96-a73f-5058fc2698c9" testListId="8c84fa94-04c1-424b-9868-57a2d4851a1d" />
    <TestEntry testId="0b724797-cf41-425c-a523-516e0a021cbd" executionId="6e0ed6b5-adf9-4b76-831a-3cc161c2f09e" testListId="8c84fa94-04c1-424b-9868-57a2d4851a1d" />
    <TestEntry testId="1937cca8-8247-4a97-be7a-2f94a84c94ce" executionId="e2019743-0146-4fa6-a159-85eeae09d961" testListId="8c84fa94-04c1-424b-9868-57a2d4851a1d" />
    <TestEntry testId="437ef2e9-dd27-4ce2-9241-4a284be4ad82" executionId="14e438fe-56fe-4bc0-971a-b47d881db658" testListId="8c84fa94-04c1-424b-9868-57a2d4851a1d" />
    <TestEntry testId="bcb63e2a-8286-4046-a836-c0017b3f70f4" executionId="e1a7bd5d-bcfd-4674-875c-62ceda1c20aa" testListId="8c84fa94-04c1-424b-9868-57a2d4851a1d" />
    <TestEntry testId="8cd012e7-992f-4e52-a86f-68aa7c9c3766" executionId="158da862-1c4f-4be6-85e1-aec74e56756d" testListId="8c84fa94-04c1-424b-9868-57a2d4851a1d" />
    <TestEntry testId="6ce3a868-46ea-4c48-9be2-7dafa7a45f66" executionId="5b369deb-2aa1-4ba5-a6a3-dc6269a9c597" testListId="8c84fa94-04c1-424b-9868-57a2d4851a1d" />
    <TestEntry testId="fd8c4de1-fda6-49b7-86d2-aaa37772bbd4" executionId="06cc7ee7-c8a4-451a-b8d5-409fd6da9e33" testListId="8c84fa94-04c1-424b-9868-57a2d4851a1d" />
    <TestEntry testId="621b3384-7f1e-4a27-99c8-f0a5bdc48019" executionId="23bd8592-4dcb-4d62-9d78-6bce7968fa26" testListId="8c84fa94-04c1-424b-9868-57a2d4851a1d" />
    <TestEntry testId="9fe90b9e-a4a4-4a54-b748-a5b2136df17a" executionId="4230f7b1-00a7-4306-a1d3-4188c42201b7" testListId="8c84fa94-04c1-424b-9868-57a2d4851a1d" />
    <TestEntry testId="f45ef289-4272-4b11-8799-98cecf36f9ef" executionId="1ed5b0e1-08e8-4f55-baa2-406d697b5dd6" testListId="8c84fa94-04c1-424b-9868-57a2d4851a1d" />
    <TestEntry testId="27436fd1-7400-4165-aca3-5e8b1cae26ce" executionId="c1ae0cd0-8bab-4245-9465-3ae8c9b8ea52" testListId="8c84fa94-04c1-424b-9868-57a2d4851a1d" />
    <TestEntry testId="e82cfede-c959-4855-8aea-388343a8d8ce" executionId="de092eb1-5948-4bae-af05-a0c5b3c1b0c2" testListId="8c84fa94-04c1-424b-9868-57a2d4851a1d" />
    <TestEntry testId="f3a3f445-c250-4c7f-b33f-a136f2cc56bc" executionId="398a5bb6-9889-444e-b068-3eb2096bf313" testListId="8c84fa94-04c1-424b-9868-57a2d4851a1d" />
    <TestEntry testId="d7907b61-23ab-4598-9f50-5781af76a4a5" executionId="2e99efd1-c105-405c-b48a-6db9c2498c4f" testListId="8c84fa94-04c1-424b-9868-57a2d4851a1d" />
    <TestEntry testId="53e39b14-de66-4f32-b310-4ae7d7c2b6e7" executionId="548c228c-344e-4a14-9443-cb508d32c79f" testListId="8c84fa94-04c1-424b-9868-57a2d4851a1d" />
    <TestEntry testId="d6c81fe3-316f-47da-8112-3d18aa21c592" executionId="2df8b924-d766-4055-8f4d-d696a71ec155" testListId="8c84fa94-04c1-424b-9868-57a2d4851a1d" />
    <TestEntry testId="d6c9c865-1e81-4f8a-9e0b-3934a0c6836c" executionId="1c5b1a9a-049f-4d24-bc31-bf83ab2f9be4" testListId="8c84fa94-04c1-424b-9868-57a2d4851a1d" />
    <TestEntry testId="9a2c73f3-175f-4b6c-81d2-0f97c85ffe08" executionId="a6a7946c-6b78-43a3-88c4-45b2c2700d23" testListId="8c84fa94-04c1-424b-9868-57a2d4851a1d" />
    <TestEntry testId="21a0c6a2-ea1b-4447-89f9-1f0feb2d5504" executionId="e68bae95-ea54-4b9a-bd58-7e1401b4bda4" testListId="8c84fa94-04c1-424b-9868-57a2d4851a1d" />
    <TestEntry testId="55ac45ff-2785-4948-9dc2-8485128ed55d" executionId="f228510a-6060-4233-8240-befc1d30eaca" testListId="8c84fa94-04c1-424b-9868-57a2d4851a1d" />
    <TestEntry testId="29ac80a3-b7f7-40ef-8e2e-430e05ddfc51" executionId="5512e4e2-1637-4495-8b56-10db391b99ec" testListId="8c84fa94-04c1-424b-9868-57a2d4851a1d" />
    <TestEntry testId="a015028a-0fa8-4c8e-8f98-c7010155744e" executionId="5f14c0a6-1f97-49a6-bd10-25ac67cf14c8" testListId="8c84fa94-04c1-424b-9868-57a2d4851a1d" />
    <TestEntry testId="0aeac257-6de0-4a94-b5b5-cd8aec1631b5" executionId="f5924446-9c1f-4be3-82fc-f2bd43a23b9a" testListId="8c84fa94-04c1-424b-9868-57a2d4851a1d" />
    <TestEntry testId="8d7645a8-9b28-4a44-ba70-e85ae7f79112" executionId="2ed4a3a8-fd6d-4dbe-b43f-82ae58271619" testListId="8c84fa94-04c1-424b-9868-57a2d4851a1d" />
    <TestEntry testId="9056a7fc-1387-42fb-977e-d69f0f430fdb" executionId="6b2a6053-c977-43e1-a8c3-302d07016dfd" testListId="8c84fa94-04c1-424b-9868-57a2d4851a1d" />
    <TestEntry testId="0cedc3e3-3df6-42a4-ba2f-7ec2c6cfe2db" executionId="6933e02d-f919-422b-9980-265183984863" testListId="8c84fa94-04c1-424b-9868-57a2d4851a1d" />
    <TestEntry testId="d268b14f-0b11-4b5e-8ed5-0860212862fd" executionId="148f30c7-1524-4790-8f2a-244716ed335d" testListId="8c84fa94-04c1-424b-9868-57a2d4851a1d" />
    <TestEntry testId="5d39ace0-0544-4e08-8977-66c449565318" executionId="b46e9c0e-3364-4a7b-ae7b-4946337409da" testListId="8c84fa94-04c1-424b-9868-57a2d4851a1d" />
    <TestEntry testId="3ef19c46-fbe9-402a-b5a9-21449b850d60" executionId="0698f800-ed0c-4fc7-8586-a459d45bbecf" testListId="8c84fa94-04c1-424b-9868-57a2d4851a1d" />
    <TestEntry testId="1edb6429-1a23-4d63-be53-22b7e38ef0ce" executionId="fcf552e3-8f7b-48ae-8840-f04e018ab0e1" testListId="8c84fa94-04c1-424b-9868-57a2d4851a1d" />
    <TestEntry testId="c9cf26c5-70bd-4cc5-932c-24343b64ebca" executionId="c09a1cb9-0ba5-4b5b-9b23-fae3b3c85ebf" testListId="8c84fa94-04c1-424b-9868-57a2d4851a1d" />
    <TestEntry testId="fc9b61f6-8e43-4c14-b5fc-fb94608c87e8" executionId="23e9da65-db31-42c1-9297-34ed2f744247" testListId="8c84fa94-04c1-424b-9868-57a2d4851a1d" />
    <TestEntry testId="603be560-8b69-4d68-9ee9-e267881a7483" executionId="f7e20df1-7100-4c3f-be1b-8548ffd25bcc" testListId="8c84fa94-04c1-424b-9868-57a2d4851a1d" />
    <TestEntry testId="8b672f22-f905-4148-a38a-d1396681e075" executionId="db4f3fe2-b22f-46da-8186-c4ec035e77bc" testListId="8c84fa94-04c1-424b-9868-57a2d4851a1d" />
  </TestEntries>
  <TestLists>
    <TestList name="Results Not in a List" id="8c84fa94-04c1-424b-9868-57a2d4851a1d" />
    <TestList name="All Loaded Results" id="19431567-8539-422a-85d7-44ee4e166bda" />
  </TestLists>
  <ResultSummary outcome="Completed">
    <Counters total="1000" executed="1000" passed="1000" failed="0" error="0" timeout="0" aborted="0" inconclusive="0" passedButRunAborted="0" notRunnable="0" notExecuted="0" disconnected="0" warning="0" completed="0" inProgress="0" pending="0" />
  </ResultSummary>
</TestRun>