<?xml version="1.0" encoding="utf-8"?>
<TestRun id="33530b9b-fc40-4fe2-a691-362376071f4c" name="Dominik@DESKTOP-5URQ9PB 2022-06-13 21:12:18" runUser="DESKTOP-5URQ9PB\Dominik" xmlns="http://microsoft.com/schemas/VisualStudio/TeamTest/2010">
  <Times creation="2022-06-13T21:12:18.3501330+02:00" queuing="2022-06-13T21:12:18.3501331+02:00" start="2022-06-13T21:12:16.3445484+02:00" finish="2022-06-13T21:12:19.3990614+02:00" />
  <TestSettings name="default" id="e9e0a31f-09bd-446f-adbb-e24fd39bf330">
    <Deployment runDeploymentRoot="Dominik_DESKTOP-5URQ9PB_2022-06-13_21_12_18" />
  </TestSettings>
  <Results>
    <UnitTestResult executionId="35c4dc6d-9545-49c2-a0fd-6b1fc85614eb" testId="31c0a4ba-9157-4eb3-be45-542bbcb7f4c9" testName="FormatToStringTest1000 (9818.257405763146,9818.26 zł)" computerName="DESKTOP-5URQ9PB" duration="00:00:00.0000062" startTime="2022-06-13T21:12:18.5507839+02:00" endTime="2022-06-13T21:12:18.5508483+02:00" testType="13cdc9d9-ddb5-4fa4-a97d-d965ccfc6d4b" outcome="Passed" testListId="8c84fa94-04c1-424b-9868-57a2d4851a1d" relativeResultsDirectory="35c4dc6d-9545-49c2-a0fd-6b1fc85614eb" />
    <UnitTestResult executionId="9de89469-7f14-48b0-887c-9384f7f2a75e" testId="ae7a3928-0394-421a-a30d-3aa4c614f540" testName="FormatToStringTest1000 (78796.90433980194,78796.90 zł)" computerName="DESKTOP-5URQ9PB" duration="00:00:00.0000067" startTime="2022-06-13T21:12:18.3428867+02:00" endTime="2022-06-13T21:12:18.3429679+02:00" testType="13cdc9d9-ddb5-4fa4-a97d-d965ccfc6d4b" outcome="Passed" testListId="8c84fa94-04c1-424b-9868-57a2d4851a1d" relativeResultsDirectory="9de89469-7f14-48b0-887c-9384f7f2a75e" />
    <UnitTestResult executionId="9fe4ac21-bbaf-4030-87c1-5ffb4a2f68e6" testId="a5451cb5-e4ac-4bab-8d0b-53dbe8cc125c" testName="FormatToStringTest1000 (29917.15005391145,29917.15 zł)" computerName="DESKTOP-5URQ9PB" duration="00:00:00.0000062" startTime="2022-06-13T21:12:18.5443568+02:00" endTime="2022-06-13T21:12:18.5444261+02:00" testType="13cdc9d9-ddb5-4fa4-a97d-d965ccfc6d4b" outcome="Passed" testListId="8c84fa94-04c1-424b-9868-57a2d4851a1d" relativeResultsDirectory="9fe4ac21-bbaf-4030-87c1-5ffb4a2f68e6" />
    <UnitTestResult executionId="5e70fcfa-1664-44c9-bf5f-4d8b6703ecf3" testId="31d49391-0ae3-4e77-9cb3-d0d3e9361a14" testName="FormatToStringTest1000 (4555.538255205163,4555.54 zł)" computerName="DESKTOP-5URQ9PB" duration="00:00:00.0000069" startTime="2022-06-13T21:12:18.4073443+02:00" endTime="2022-06-13T21:12:18.4074237+02:00" testType="13cdc9d9-ddb5-4fa4-a97d-d965ccfc6d4b" outcome="Passed" testListId="8c84fa94-04c1-424b-9868-57a2d4851a1d" relativeResultsDirectory="5e70fcfa-1664-44c9-bf5f-4d8b6703ecf3" />
    <UnitTestResult executionId="1c854d04-8476-4530-b0e1-d42f8799a56b" testId="ed459345-bef2-4cfd-9ae5-ac5cc76d0f3f" testName="FormatToStringTest1000 (7377.5644264340235,7377.56 zł)" computerName="DESKTOP-5URQ9PB" duration="00:00:00.0000068" startTime="2022-06-13T21:12:18.5989116+02:00" endTime="2022-06-13T21:12:18.5989785+02:00" testType="13cdc9d9-ddb5-4fa4-a97d-d965ccfc6d4b" outcome="Passed" testListId="8c84fa94-04c1-424b-9868-57a2d4851a1d" relativeResultsDirectory="1c854d04-8476-4530-b0e1-d42f8799a56b" />
    <UnitTestResult executionId="38a0b549-5ae8-4549-b108-9f366f163524" testId="9a820b5b-0a47-4056-a57a-fd0f208dfffe" testName="FormatToStringTest1000 (485.6735566554933,485.67 zł)" computerName="DESKTOP-5URQ9PB" duration="00:00:00.0000063" startTime="2022-06-13T21:12:18.3425423+02:00" endTime="2022-06-13T21:12:18.3426100+02:00" testType="13cdc9d9-ddb5-4fa4-a97d-d965ccfc6d4b" outcome="Passed" testListId="8c84fa94-04c1-424b-9868-57a2d4851a1d" relativeResultsDirectory="38a0b549-5ae8-4549-b108-9f366f163524" />
    <UnitTestResult executionId="49454174-80ea-4f9a-a7f3-194de3105748" testId="e7c84da1-c237-44da-a9a8-53655ce568ca" testName="FormatToStringTest1000 (54578.37303904275,54578.37 zł)" computerName="DESKTOP-5URQ9PB" duration="00:00:00.0000065" startTime="2022-06-13T21:12:18.3877742+02:00" endTime="2022-06-13T21:12:18.3878494+02:00" testType="13cdc9d9-ddb5-4fa4-a97d-d965ccfc6d4b" outcome="Passed" testListId="8c84fa94-04c1-424b-9868-57a2d4851a1d" relativeResultsDirectory="49454174-80ea-4f9a-a7f3-194de3105748" />
    <UnitTestResult executionId="3f549903-90a2-4321-8280-c902c6892c15" testId="7013dcd1-84be-44ab-8358-7c3dc89f8246" testName="FormatToStringTest1000 (56373.35086238494,56373.35 zł)" computerName="DESKTOP-5URQ9PB" duration="00:00:00.0000063" startTime="2022-06-13T21:12:18.4076124+02:00" endTime="2022-06-13T21:12:18.4076797+02:00" testType="13cdc9d9-ddb5-4fa4-a97d-d965ccfc6d4b" outcome="Passed" testListId="8c84fa94-04c1-424b-9868-57a2d4851a1d" relativeResultsDirectory="3f549903-90a2-4321-8280-c902c6892c15" />
    <UnitTestResult executionId="784f0c80-6b32-4314-b730-39668ded79a6" testId="c1fadcf9-eb79-4f1b-b6c7-14807621203f" testName="FormatToStringTest1000 (34084.19497795599,34084.19 zł)" computerName="DESKTOP-5URQ9PB" duration="00:00:00.0000064" startTime="2022-06-13T21:12:18.6308220+02:00" endTime="2022-06-13T21:12:18.6308874+02:00" testType="13cdc9d9-ddb5-4fa4-a97d-d965ccfc6d4b" outcome="Passed" testListId="8c84fa94-04c1-424b-9868-57a2d4851a1d" relativeResultsDirectory="784f0c80-6b32-4314-b730-39668ded79a6" />
    <UnitTestResult executionId="7c25a2f8-f57a-461f-8fec-aec9fea48c16" testId="12b1ea98-46c9-4cd6-8cfb-2d20d1db8bac" testName="FormatToStringTest1000 (7370.518277515898,7370.52 zł)" computerName="DESKTOP-5URQ9PB" duration="00:00:00.0000065" startTime="2022-06-13T21:12:18.3920407+02:00" endTime="2022-06-13T21:12:18.3921086+02:00" testType="13cdc9d9-ddb5-4fa4-a97d-d965ccfc6d4b" outcome="Passed" testListId="8c84fa94-04c1-424b-9868-57a2d4851a1d" relativeResultsDirectory="7c25a2f8-f57a-461f-8fec-aec9fea48c16" />
    <UnitTestResult executionId="65ee7bdb-882e-4d35-8c60-508de31867e6" testId="42a7d192-ade7-40fd-9ec0-f74c5f95f58f" testName="FormatToStringTest1000 (6958.393354767186,6958.39 zł)" computerName="DESKTOP-5URQ9PB" duration="00:00:00.0000061" startTime="2022-06-13T21:12:18.2373042+02:00" endTime="2022-06-13T21:12:18.2373701+02:00" testType="13cdc9d9-ddb5-4fa4-a97d-d965ccfc6d4b" outcome="Passed" testListId="8c84fa94-04c1-424b-9868-57a2d4851a1d" relativeResultsDirectory="65ee7bdb-882e-4d35-8c60-508de31867e6" />
    <UnitTestResult executionId="d602fbb0-9ad7-412e-ab8b-1e81245604f0" testId="f010d9d5-fff1-4e71-9cdb-5d0caf7da034" testName="FormatToStringTest1000 (10857.521742201186,10857.52 zł)" computerName="DESKTOP-5URQ9PB" duration="00:00:00.0000068" startTime="2022-06-13T21:12:18.5696526+02:00" endTime="2022-06-13T21:12:18.5697168+02:00" testType="13cdc9d9-ddb5-4fa4-a97d-d965ccfc6d4b" outcome="Passed" testListId="8c84fa94-04c1-424b-9868-57a2d4851a1d" relativeResultsDirectory="d602fbb0-9ad7-412e-ab8b-1e81245604f0" />
    <UnitTestResult executionId="193a1dec-4ccc-40f4-aa8a-a82801cf825a" testId="8c434e17-d57e-4c24-99af-1186ea363c4e" testName="FormatToStringTest1000 (22189.78731674132,22189.79 zł)" computerName="DESKTOP-5URQ9PB" duration="00:00:00.0000380" startTime="2022-06-13T21:12:18.4912894+02:00" endTime="2022-06-13T21:12:18.4917227+02:00" testType="13cdc9d9-ddb5-4fa4-a97d-d965ccfc6d4b" outcome="Passed" testListId="8c84fa94-04c1-424b-9868-57a2d4851a1d" relativeResultsDirectory="193a1dec-4ccc-40f4-aa8a-a82801cf825a" />
    <UnitTestResult executionId="4a263d9f-0779-4496-8143-cd9daea62eac" testId="fcac6000-15c3-4205-906e-24f81172d4d1" testName="FormatToStringTest1000 (3503.9809179231434,3503.98 zł)" computerName="DESKTOP-5URQ9PB" duration="00:00:00.0000063" startTime="2022-06-13T21:12:18.4561667+02:00" endTime="2022-06-13T21:12:18.4562328+02:00" testType="13cdc9d9-ddb5-4fa4-a97d-d965ccfc6d4b" outcome="Passed" testListId="8c84fa94-04c1-424b-9868-57a2d4851a1d" relativeResultsDirectory="4a263d9f-0779-4496-8143-cd9daea62eac" />
    <UnitTestResult executionId="0795754b-59ae-412c-b62e-8f67c272421d" testId="87ce0725-5c07-4677-bc6f-d1baeadf5372" testName="FormatToStringTest1000 (16416.109736457518,16416.11 zł)" computerName="DESKTOP-5URQ9PB" duration="00:00:00.0000370" startTime="2022-06-13T21:12:18.4850209+02:00" endTime="2022-06-13T21:12:18.4854643+02:00" testType="13cdc9d9-ddb5-4fa4-a97d-d965ccfc6d4b" outcome="Passed" testListId="8c84fa94-04c1-424b-9868-57a2d4851a1d" relativeResultsDirectory="0795754b-59ae-412c-b62e-8f67c272421d" />
    <UnitTestResult executionId="d590871f-3595-4847-b270-3b96702449b2" testId="efc28623-1d0a-45d7-8343-df449d231947" testName="FormatToStringTest1000 (3907.8681317963024,3907.87 zł)" computerName="DESKTOP-5URQ9PB" duration="00:00:00.0000123" startTime="2022-06-13T21:12:18.3164527+02:00" endTime="2022-06-13T21:12:18.3166089+02:00" testType="13cdc9d9-ddb5-4fa4-a97d-d965ccfc6d4b" outcome="Passed" testListId="8c84fa94-04c1-424b-9868-57a2d4851a1d" relativeResultsDirectory="d590871f-3595-4847-b270-3b96702449b2" />
    <UnitTestResult executionId="0a20176a-24ae-42cd-bed3-100ec8db0288" testId="31dae14b-b382-4793-b956-6e0a0c54cd85" testName="FormatToStringTest1000 (14198.39903067723,14198.40 zł)" computerName="DESKTOP-5URQ9PB" duration="00:00:00.0000066" startTime="2022-06-13T21:12:18.6203431+02:00" endTime="2022-06-13T21:12:18.6204148+02:00" testType="13cdc9d9-ddb5-4fa4-a97d-d965ccfc6d4b" outcome="Passed" testListId="8c84fa94-04c1-424b-9868-57a2d4851a1d" relativeResultsDirectory="0a20176a-24ae-42cd-bed3-100ec8db0288" />
    <UnitTestResult executionId="ab8da7f0-0d39-4b27-adbc-ba47221e0938" testId="fe629cbf-5a2f-4a4e-adfe-b69b007a18fb" testName="FormatToStringTest1000 (1474.699818629166,1474.70 zł)" computerName="DESKTOP-5URQ9PB" duration="00:00:00.0000063" startTime="2022-06-13T21:12:18.6040337+02:00" endTime="2022-06-13T21:12:18.6040995+02:00" testType="13cdc9d9-ddb5-4fa4-a97d-d965ccfc6d4b" outcome="Passed" testListId="8c84fa94-04c1-424b-9868-57a2d4851a1d" relativeResultsDirectory="ab8da7f0-0d39-4b27-adbc-ba47221e0938" />
    <UnitTestResult executionId="836f3638-4381-424b-81bd-a483b4ffa487" testId="c26ed68c-f228-4b3f-9006-34517a592fd7" testName="FormatToStringTest1000 (7202.052143613367,7202.05 zł)" computerName="DESKTOP-5URQ9PB" duration="00:00:00.0000061" startTime="2022-06-13T21:12:18.5646400+02:00" endTime="2022-06-13T21:12:18.5647038+02:00" testType="13cdc9d9-ddb5-4fa4-a97d-d965ccfc6d4b" outcome="Passed" testListId="8c84fa94-04c1-424b-9868-57a2d4851a1d" relativeResultsDirectory="836f3638-4381-424b-81bd-a483b4ffa487" />
    <UnitTestResult executionId="4f5eff24-c752-4953-a570-7e8f64198bec" testId="49af5286-694a-47da-bc8c-4827a23f15e5" testName="FormatToStringTest1000 (13681.607566007231,13681.61 zł)" computerName="DESKTOP-5URQ9PB" duration="00:00:00.0000403" startTime="2022-06-13T21:12:18.4844887+02:00" endTime="2022-06-13T21:12:18.4849391+02:00" testType="13cdc9d9-ddb5-4fa4-a97d-d965ccfc6d4b" outcome="Passed" testListId="8c84fa94-04c1-424b-9868-57a2d4851a1d" relativeResultsDirectory="4f5eff24-c752-4953-a570-7e8f64198bec" />
    <UnitTestResult executionId="d99589f6-85f6-4d7d-9d75-8c565026917a" testId="06b70c64-2509-4d4f-a62d-102d0638edb2" testName="FormatToStringTest1000 (6145.531235831571,6145.53 zł)" computerName="DESKTOP-5URQ9PB" duration="00:00:00.0000062" startTime="2022-06-13T21:12:18.4018127+02:00" endTime="2022-06-13T21:12:18.4018792+02:00" testType="13cdc9d9-ddb5-4fa4-a97d-d965ccfc6d4b" outcome="Passed" testListId="8c84fa94-04c1-424b-9868-57a2d4851a1d" relativeResultsDirectory="d99589f6-85f6-4d7d-9d75-8c565026917a" />
    <UnitTestResult executionId="574ed34e-73db-41f6-b11f-7d3129b3e56d" testId="93170153-5873-4b5f-bd91-daef7cbf7a88" testName="FormatToStringTest1000 (60323.066780431225,60323.07 zł)" computerName="DESKTOP-5URQ9PB" duration="00:00:00.0000062" startTime="2022-06-13T21:12:18.3610690+02:00" endTime="2022-06-13T21:12:18.3611361+02:00" testType="13cdc9d9-ddb5-4fa4-a97d-d965ccfc6d4b" outcome="Passed" testListId="8c84fa94-04c1-424b-9868-57a2d4851a1d" relativeResultsDirectory="574ed34e-73db-41f6-b11f-7d3129b3e56d" />
    <UnitTestResult executionId="b2209069-d242-445b-9397-2d645ddf0374" testId="2c50d99e-7797-4be9-82e2-8d25cbf62850" testName="FormatToStringTest1000 (25039.088753207627,25039.09 zł)" computerName="DESKTOP-5URQ9PB" duration="00:00:00.0000512" startTime="2022-06-13T21:12:18.5016439+02:00" endTime="2022-06-13T21:12:18.5019208+02:00" testType="13cdc9d9-ddb5-4fa4-a97d-d965ccfc6d4b" outcome="Passed" testListId="8c84fa94-04c1-424b-9868-57a2d4851a1d" relativeResultsDirectory="b2209069-d242-445b-9397-2d645ddf0374" />
    <UnitTestResult executionId="b09c55e3-d36d-42c1-8074-32f3a2755761" testId="3bd4ee68-824e-4152-8c09-672bb49ecb9a" testName="FormatToStringTest1000 (38614.292320713066,38614.29 zł)" computerName="DESKTOP-5URQ9PB" duration="00:00:00.0000063" startTime="2022-06-13T21:12:18.3203051+02:00" endTime="2022-06-13T21:12:18.3203720+02:00" testType="13cdc9d9-ddb5-4fa4-a97d-d965ccfc6d4b" outcome="Passed" testListId="8c84fa94-04c1-424b-9868-57a2d4851a1d" relativeResultsDirectory="b09c55e3-d36d-42c1-8074-32f3a2755761" />
    <UnitTestResult executionId="5bb76aba-437d-4308-bfb6-51ea0c13bbf0" testId="a27f701c-c26d-4572-afa1-bdc2876bac22" testName="FormatToStringTest1000 (18340.8953197882,18340.90 zł)" computerName="DESKTOP-5URQ9PB" duration="00:00:00.0000074" startTime="2022-06-13T21:12:18.6065583+02:00" endTime="2022-06-13T21:12:18.6066335+02:00" testType="13cdc9d9-ddb5-4fa4-a97d-d965ccfc6d4b" outcome="Passed" testListId="8c84fa94-04c1-424b-9868-57a2d4851a1d" relativeResultsDirectory="5bb76aba-437d-4308-bfb6-51ea0c13bbf0" />
    <UnitTestResult executionId="abfb7651-cc0e-46d5-9e47-c83f725d28fc" testId="1ee9738a-da57-470e-a659-9dfac02a341f" testName="FormatToStringTest1000 (19363.881840787773,19363.88 zł)" computerName="DESKTOP-5URQ9PB" duration="00:00:00.0000063" startTime="2022-06-13T21:12:18.5415381+02:00" endTime="2022-06-13T21:12:18.5416041+02:00" testType="13cdc9d9-ddb5-4fa4-a97d-d965ccfc6d4b" outcome="Passed" testListId="8c84fa94-04c1-424b-9868-57a2d4851a1d" relativeResultsDirectory="abfb7651-cc0e-46d5-9e47-c83f725d28fc" />
    <UnitTestResult executionId="b2ae64a1-b365-49f5-a8d8-df970fde5f53" testId="ed85b1f9-4c29-4600-8b6f-165cf2e1aa44" testName="FormatToStringTest1000 (68770.73008707525,68770.73 zł)" computerName="DESKTOP-5URQ9PB" duration="00:00:00.0000063" startTime="2022-06-13T21:12:18.4049002+02:00" endTime="2022-06-13T21:12:18.4049674+02:00" testType="13cdc9d9-ddb5-4fa4-a97d-d965ccfc6d4b" outcome="Passed" testListId="8c84fa94-04c1-424b-9868-57a2d4851a1d" relativeResultsDirectory="b2ae64a1-b365-49f5-a8d8-df970fde5f53" />
    <UnitTestResult executionId="7029a3a9-3ac7-4693-afc8-993f4f0b03f7" testId="cc19a37f-ab27-44ad-aedc-87cbd5dd847a" testName="FormatToStringTest1000 (55457.96873490278,55457.97 zł)" computerName="DESKTOP-5URQ9PB" duration="00:00:00.0000064" startTime="2022-06-13T21:12:18.5417033+02:00" endTime="2022-06-13T21:12:18.5417679+02:00" testType="13cdc9d9-ddb5-4fa4-a97d-d965ccfc6d4b" outcome="Passed" testListId="8c84fa94-04c1-424b-9868-57a2d4851a1d" relativeResultsDirectory="7029a3a9-3ac7-4693-afc8-993f4f0b03f7" />
    <UnitTestResult executionId="ff1b03fe-516f-48a2-b981-6f260c00527b" testId="e49b9a42-8563-41ca-8ddc-29785ed1bf1b" testName="FormatToStringTest1000 (17000.070169619317,17000.07 zł)" computerName="DESKTOP-5URQ9PB" duration="00:00:00.0000064" startTime="2022-06-13T21:12:18.6251865+02:00" endTime="2022-06-13T21:12:18.6252520+02:00" testType="13cdc9d9-ddb5-4fa4-a97d-d965ccfc6d4b" outcome="Passed" testListId="8c84fa94-04c1-424b-9868-57a2d4851a1d" relativeResultsDirectory="ff1b03fe-516f-48a2-b981-6f260c00527b" />
    <UnitTestResult executionId="fe5001be-ddf1-4668-a5d9-dadc68584f0c" testId="da1f2969-d566-40c1-8d39-32c6cde4868d" testName="FormatToStringTest1000 (13337.80490493486,13337.80 zł)" computerName="DESKTOP-5URQ9PB" duration="00:00:00.0000072" startTime="2022-06-13T21:12:18.6279020+02:00" endTime="2022-06-13T21:12:18.6279689+02:00" testType="13cdc9d9-ddb5-4fa4-a97d-d965ccfc6d4b" outcome="Passed" testListId="8c84fa94-04c1-424b-9868-57a2d4851a1d" relativeResultsDirectory="fe5001be-ddf1-4668-a5d9-dadc68584f0c" />
    <UnitTestResult executionId="b684455a-c004-4e0f-ad58-34403b589db5" testId="41487f73-f2e4-4074-809d-65f2bec170a1" testName="FormatToStringTest1000 (4252.4012513842445,4252.40 zł)" computerName="DESKTOP-5URQ9PB" duration="00:00:00.0000068" startTime="2022-06-13T21:12:18.5643190+02:00" endTime="2022-06-13T21:12:18.5643843+02:00" testType="13cdc9d9-ddb5-4fa4-a97d-d965ccfc6d4b" outcome="Passed" testListId="8c84fa94-04c1-424b-9868-57a2d4851a1d" relativeResultsDirectory="b684455a-c004-4e0f-ad58-34403b589db5" />
    <UnitTestResult executionId="54279dc3-3f74-4f2c-a848-3ce11de53dd4" testId="ff840f68-6e4d-4d24-aaac-11249d2720ad" testName="FormatToStringTest1000 (57564.498126061866,57564.50 zł)" computerName="DESKTOP-5URQ9PB" duration="00:00:00.0000062" startTime="2022-06-13T21:12:18.3297884+02:00" endTime="2022-06-13T21:12:18.3298539+02:00" testType="13cdc9d9-ddb5-4fa4-a97d-d965ccfc6d4b" outcome="Passed" testListId="8c84fa94-04c1-424b-9868-57a2d4851a1d" relativeResultsDirectory="54279dc3-3f74-4f2c-a848-3ce11de53dd4" />
    <UnitTestResult executionId="da5c6c0d-40a3-4586-8bd7-a1741bc1325c" testId="12e952e3-116b-44f7-989a-7410c49dc21f" testName="FormatToStringTest1000 (7193.552206002898,7193.55 zł)" computerName="DESKTOP-5URQ9PB" duration="00:00:00.0000062" startTime="2022-06-13T21:12:18.5767778+02:00" endTime="2022-06-13T21:12:18.5768419+02:00" testType="13cdc9d9-ddb5-4fa4-a97d-d965ccfc6d4b" outcome="Passed" testListId="8c84fa94-04c1-424b-9868-57a2d4851a1d" relativeResultsDirectory="da5c6c0d-40a3-4586-8bd7-a1741bc1325c" />
    <UnitTestResult executionId="bea8b61d-8d19-4266-b0ae-d7f496427265" testId="cb7b0268-92f8-45b5-a7ce-30a4032df69b" testName="FormatToStringTest1000 (72802.68569213277,72802.69 zł)" computerName="DESKTOP-5URQ9PB" duration="00:00:00.0000078" startTime="2022-06-13T21:12:18.5871428+02:00" endTime="2022-06-13T21:12:18.5872276+02:00" testType="13cdc9d9-ddb5-4fa4-a97d-d965ccfc6d4b" outcome="Passed" testListId="8c84fa94-04c1-424b-9868-57a2d4851a1d" relativeResultsDirectory="bea8b61d-8d19-4266-b0ae-d7f496427265" />
    <UnitTestResult executionId="746e837f-e66b-4e7b-936e-d35ac04cbdc1" testId="3dd98a0d-d768-4da8-b429-4ca37ccf55d2" testName="FormatToStringTest1000 (17798.633951516185,17798.63 zł)" computerName="DESKTOP-5URQ9PB" duration="00:00:00.0000063" startTime="2022-06-13T21:12:18.4656599+02:00" endTime="2022-06-13T21:12:18.4657266+02:00" testType="13cdc9d9-ddb5-4fa4-a97d-d965ccfc6d4b" outcome="Passed" testListId="8c84fa94-04c1-424b-9868-57a2d4851a1d" relativeResultsDirectory="746e837f-e66b-4e7b-936e-d35ac04cbdc1" />
    <UnitTestResult executionId="058cc53c-00bb-4506-9e37-6c39ca3e014f" testId="506c9a57-dbb0-4e46-a095-3aea47af57d7" testName="FormatToStringTest1000 (6838.422316571894,6838.42 zł)" computerName="DESKTOP-5URQ9PB" duration="00:00:00.0000064" startTime="2022-06-13T21:12:18.3423690+02:00" endTime="2022-06-13T21:12:18.3424382+02:00" testType="13cdc9d9-ddb5-4fa4-a97d-d965ccfc6d4b" outcome="Passed" testListId="8c84fa94-04c1-424b-9868-57a2d4851a1d" relativeResultsDirectory="058cc53c-00bb-4506-9e37-6c39ca3e014f" />
    <UnitTestResult executionId="9e5cef80-527a-4635-abd6-6645d10ee49d" testId="09483425-5ec5-40a3-a2c0-edcfa4d831bc" testName="FormatToStringTest1000 (14237.13226245955,14237.13 zł)" computerName="DESKTOP-5URQ9PB" duration="00:00:00.0000065" startTime="2022-06-13T21:12:18.2815425+02:00" endTime="2022-06-13T21:12:18.2816130+02:00" testType="13cdc9d9-ddb5-4fa4-a97d-d965ccfc6d4b" outcome="Passed" testListId="8c84fa94-04c1-424b-9868-57a2d4851a1d" relativeResultsDirectory="9e5cef80-527a-4635-abd6-6645d10ee49d" />
    <UnitTestResult executionId="1dd54bbc-dddd-431e-87c3-58b2579ea7b3" testId="b3f11820-e1d4-4736-bbf4-4dbb9437dac8" testName="FormatToStringTest1000 (26515.80237687929,26515.80 zł)" computerName="DESKTOP-5URQ9PB" duration="00:00:00.0000063" startTime="2022-06-13T21:12:18.2781380+02:00" endTime="2022-06-13T21:12:18.2782035+02:00" testType="13cdc9d9-ddb5-4fa4-a97d-d965ccfc6d4b" outcome="Passed" testListId="8c84fa94-04c1-424b-9868-57a2d4851a1d" relativeResultsDirectory="1dd54bbc-dddd-431e-87c3-58b2579ea7b3" />
    <UnitTestResult executionId="79f2b378-5d1c-4f17-9ae5-a6c3727a3519" testId="59d9495a-b24b-4847-8823-de3ba644a5bb" testName="FormatToStringTest1000 (11624.834848273003,11624.83 zł)" computerName="DESKTOP-5URQ9PB" duration="00:00:00.0000061" startTime="2022-06-13T21:12:18.5108282+02:00" endTime="2022-06-13T21:12:18.5108985+02:00" testType="13cdc9d9-ddb5-4fa4-a97d-d965ccfc6d4b" outcome="Passed" testListId="8c84fa94-04c1-424b-9868-57a2d4851a1d" relativeResultsDirectory="79f2b378-5d1c-4f17-9ae5-a6c3727a3519" />
    <UnitTestResult executionId="22fb7301-5020-4420-bed7-8249512a37cf" testId="61a2e628-8e35-4385-8b2a-9f9f1b63ad04" testName="FormatToStringTest1000 (77904.0088552246,77904.01 zł)" computerName="DESKTOP-5URQ9PB" duration="00:00:00.0000067" startTime="2022-06-13T21:12:18.3097685+02:00" endTime="2022-06-13T21:12:18.3098399+02:00" testType="13cdc9d9-ddb5-4fa4-a97d-d965ccfc6d4b" outcome="Passed" testListId="8c84fa94-04c1-424b-9868-57a2d4851a1d" relativeResultsDirectory="22fb7301-5020-4420-bed7-8249512a37cf" />
    <UnitTestResult executionId="dd3cba53-6976-474f-8340-c13714d8ba8c" testId="a909536e-dad9-4015-84d5-bc49b9db7496" testName="FormatToStringTest1000 (50956.25028206606,50956.25 zł)" computerName="DESKTOP-5URQ9PB" duration="00:00:00.0000063" startTime="2022-06-13T21:12:18.3494767+02:00" endTime="2022-06-13T21:12:18.3495435+02:00" testType="13cdc9d9-ddb5-4fa4-a97d-d965ccfc6d4b" outcome="Passed" testListId="8c84fa94-04c1-424b-9868-57a2d4851a1d" relativeResultsDirectory="dd3cba53-6976-474f-8340-c13714d8ba8c" />
    <UnitTestResult executionId="5a758ad9-a519-4aac-88cc-d54d1aa1d3fc" testId="6a72148d-b7dc-470a-8725-bd7ca2a7fe77" testName="FormatToStringTest1000 (29796.909338079815,29796.91 zł)" computerName="DESKTOP-5URQ9PB" duration="00:00:00.0000073" startTime="2022-06-13T21:12:18.6302306+02:00" endTime="2022-06-13T21:12:18.6303153+02:00" testType="13cdc9d9-ddb5-4fa4-a97d-d965ccfc6d4b" outcome="Passed" testListId="8c84fa94-04c1-424b-9868-57a2d4851a1d" relativeResultsDirectory="5a758ad9-a519-4aac-88cc-d54d1aa1d3fc" />
    <UnitTestResult executionId="1ded80fc-98d6-47a8-b05e-17ce486aaf76" testId="bfb64f77-85d7-44c3-bf02-cd81606a8a39" testName="FormatToStringTest1000 (3700.029953029021,3700.03 zł)" computerName="DESKTOP-5URQ9PB" duration="00:00:00.0000063" startTime="2022-06-13T21:12:18.3710545+02:00" endTime="2022-06-13T21:12:18.3711214+02:00" testType="13cdc9d9-ddb5-4fa4-a97d-d965ccfc6d4b" outcome="Passed" testListId="8c84fa94-04c1-424b-9868-57a2d4851a1d" relativeResultsDirectory="1ded80fc-98d6-47a8-b05e-17ce486aaf76" />
    <UnitTestResult executionId="202d5b5a-6bb5-43ef-9f6c-017846c9451a" testId="5ad521ba-4ff7-4eea-ba34-3623f1376c16" testName="FormatToStringTest1000 (1568.615240217473,1568.62 zł)" computerName="DESKTOP-5URQ9PB" duration="00:00:00.0000061" startTime="2022-06-13T21:12:18.5766161+02:00" endTime="2022-06-13T21:12:18.5766803+02:00" testType="13cdc9d9-ddb5-4fa4-a97d-d965ccfc6d4b" outcome="Passed" testListId="8c84fa94-04c1-424b-9868-57a2d4851a1d" relativeResultsDirectory="202d5b5a-6bb5-43ef-9f6c-017846c9451a" />
    <UnitTestResult executionId="7e7fdd8c-0841-49ab-ba5a-97b04176c387" testId="d9ca0ba9-854e-40ef-b8cd-15a2c2dcfce6" testName="FormatToStringTest1000 (25135.10315489727,25135.10 zł)" computerName="DESKTOP-5URQ9PB" duration="00:00:00.0000064" startTime="2022-06-13T21:12:18.5591802+02:00" endTime="2022-06-13T21:12:18.5592443+02:00" testType="13cdc9d9-ddb5-4fa4-a97d-d965ccfc6d4b" outcome="Passed" testListId="8c84fa94-04c1-424b-9868-57a2d4851a1d" relativeResultsDirectory="7e7fdd8c-0841-49ab-ba5a-97b04176c387" />
    <UnitTestResult executionId="4bdb7a44-8aa8-4df0-8771-64c61db7f2a6" testId="4d4118a6-f60a-4bd8-a159-91cd43282e8f" testName="FormatToStringTest1000 (39146.635743126564,39146.64 zł)" computerName="DESKTOP-5URQ9PB" duration="00:00:00.0000091" startTime="2022-06-13T21:12:18.3292389+02:00" endTime="2022-06-13T21:12:18.3293435+02:00" testType="13cdc9d9-ddb5-4fa4-a97d-d965ccfc6d4b" outcome="Passed" testListId="8c84fa94-04c1-424b-9868-57a2d4851a1d" relativeResultsDirectory="4bdb7a44-8aa8-4df0-8771-64c61db7f2a6" />
    <UnitTestResult executionId="36ed2d15-81c9-4bfb-8261-a7d54fa863fa" testId="7b66f911-35f2-46a7-bab1-d88ef97ba159" testName="FormatToStringTest1000 (24566.50251371856,24566.50 zł)" computerName="DESKTOP-5URQ9PB" duration="00:00:00.0000067" startTime="2022-06-13T21:12:18.4744846+02:00" endTime="2022-06-13T21:12:18.4745640+02:00" testType="13cdc9d9-ddb5-4fa4-a97d-d965ccfc6d4b" outcome="Passed" testListId="8c84fa94-04c1-424b-9868-57a2d4851a1d" relativeResultsDirectory="36ed2d15-81c9-4bfb-8261-a7d54fa863fa" />
    <UnitTestResult executionId="200853e7-07f3-4ffb-9da2-9186d658451d" testId="df18e959-06f6-478a-a4ed-397c94ed036b" testName="FormatToStringTest1000 (1649.0127968480872,1649.01 zł)" computerName="DESKTOP-5URQ9PB" duration="00:00:00.0000066" startTime="2022-06-13T21:12:18.2996652+02:00" endTime="2022-06-13T21:12:18.2997443+02:00" testType="13cdc9d9-ddb5-4fa4-a97d-d965ccfc6d4b" outcome="Passed" testListId="8c84fa94-04c1-424b-9868-57a2d4851a1d" relativeResultsDirectory="200853e7-07f3-4ffb-9da2-9186d658451d" />
    <UnitTestResult executionId="8aa7b9d6-1be1-46a4-ad38-7813c3cda34f" testId="2a07ab52-41ce-4803-bc66-7dc3053afc1d" testName="FormatToStringTest1000 (35065.40267025652,35065.40 zł)" computerName="DESKTOP-5URQ9PB" duration="00:00:00.0000063" startTime="2022-06-13T21:12:18.5483775+02:00" endTime="2022-06-13T21:12:18.5484426+02:00" testType="13cdc9d9-ddb5-4fa4-a97d-d965ccfc6d4b" outcome="Passed" testListId="8c84fa94-04c1-424b-9868-57a2d4851a1d" relativeResultsDirectory="8aa7b9d6-1be1-46a4-ad38-7813c3cda34f" />
    <UnitTestResult executionId="d871cb50-11ce-404f-98a0-4b5a003b3922" testId="71a54cb3-3867-44d0-867d-0fa04da5b723" testName="FormatToStringTest1000 (40889.35187774214,40889.35 zł)" computerName="DESKTOP-5URQ9PB" duration="00:00:00.0000067" startTime="2022-06-13T21:12:18.5735505+02:00" endTime="2022-06-13T21:12:18.5736214+02:00" testType="13cdc9d9-ddb5-4fa4-a97d-d965ccfc6d4b" outcome="Passed" testListId="8c84fa94-04c1-424b-9868-57a2d4851a1d" relativeResultsDirectory="d871cb50-11ce-404f-98a0-4b5a003b3922" />
    <UnitTestResult executionId="e3404412-dcdc-4d57-bf6d-19bab6ef9c79" testId="c690685f-fdd2-4a35-9ed7-308b427fbf7c" testName="FormatToStringTest1000 (75162.39407669863,75162.39 zł)" computerName="DESKTOP-5URQ9PB" duration="00:00:00.0000062" startTime="2022-06-13T21:12:18.3563975+02:00" endTime="2022-06-13T21:12:18.3564656+02:00" testType="13cdc9d9-ddb5-4fa4-a97d-d965ccfc6d4b" outcome="Passed" testListId="8c84fa94-04c1-424b-9868-57a2d4851a1d" relativeResultsDirectory="e3404412-dcdc-4d57-bf6d-19bab6ef9c79" />
    <UnitTestResult executionId="850b7275-7eee-4f8e-829b-9475a9dd8563" testId="f2c90a54-b991-4662-9013-b0eff39229e9" testName="FormatToStringTest1000 (22281.48592587257,22281.49 zł)" computerName="DESKTOP-5URQ9PB" duration="00:00:00.0000112" startTime="2022-06-13T21:12:18.3916844+02:00" endTime="2022-06-13T21:12:18.3918312+02:00" testType="13cdc9d9-ddb5-4fa4-a97d-d965ccfc6d4b" outcome="Passed" testListId="8c84fa94-04c1-424b-9868-57a2d4851a1d" relativeResultsDirectory="850b7275-7eee-4f8e-829b-9475a9dd8563" />
    <UnitTestResult executionId="05151220-8d18-47ea-abd4-6c4df3af49da" testId="b6ae3f4c-643e-47fb-894b-e8962ab5be2a" testName="FormatToStringTest1000 (468.83385119346616,468.83 zł)" computerName="DESKTOP-5URQ9PB" duration="00:00:00.0000104" startTime="2022-06-13T21:12:18.2901327+02:00" endTime="2022-06-13T21:12:18.2902690+02:00" testType="13cdc9d9-ddb5-4fa4-a97d-d965ccfc6d4b" outcome="Passed" testListId="8c84fa94-04c1-424b-9868-57a2d4851a1d" relativeResultsDirectory="05151220-8d18-47ea-abd4-6c4df3af49da" />
    <UnitTestResult executionId="228a154e-39b6-40da-818a-9e7a31d0106e" testId="bd399a1b-be2f-4237-9b93-132e7965ae0c" testName="FormatToStringTest1000 (36969.98585167247,36969.99 zł)" computerName="DESKTOP-5URQ9PB" duration="00:00:00.0000062" startTime="2022-06-13T21:12:18.3493102+02:00" endTime="2022-06-13T21:12:18.3493762+02:00" testType="13cdc9d9-ddb5-4fa4-a97d-d965ccfc6d4b" outcome="Passed" testListId="8c84fa94-04c1-424b-9868-57a2d4851a1d" relativeResultsDirectory="228a154e-39b6-40da-818a-9e7a31d0106e" />
    <UnitTestResult executionId="644d346f-1c49-4f15-a127-4ae0d2e4fcd3" testId="b3b5c7a9-c6e2-45f6-8d64-7a12dc2ec49c" testName="FormatToStringTest1000 (47575.6421269959,47575.64 zł)" computerName="DESKTOP-5URQ9PB" duration="00:00:00.0000064" startTime="2022-06-13T21:12:18.5365423+02:00" endTime="2022-06-13T21:12:18.5366041+02:00" testType="13cdc9d9-ddb5-4fa4-a97d-d965ccfc6d4b" outcome="Passed" testListId="8c84fa94-04c1-424b-9868-57a2d4851a1d" relativeResultsDirectory="644d346f-1c49-4f15-a127-4ae0d2e4fcd3" />
    <UnitTestResult executionId="a6df8098-746c-471c-99f2-76625078600c" testId="d8ad1fc9-0c89-4329-9a27-082681d744a9" testName="FormatToStringTest1000 (26174.290999793586,26174.29 zł)" computerName="DESKTOP-5URQ9PB" duration="00:00:00.0000062" startTime="2022-06-13T21:12:18.5845373+02:00" endTime="2022-06-13T21:12:18.5846011+02:00" testType="13cdc9d9-ddb5-4fa4-a97d-d965ccfc6d4b" outcome="Passed" testListId="8c84fa94-04c1-424b-9868-57a2d4851a1d" relativeResultsDirectory="a6df8098-746c-471c-99f2-76625078600c" />
    <UnitTestResult executionId="b9f46752-224d-40a0-acf6-c86b2a25df3d" testId="48221090-2f49-4424-9edc-10d480db9cd9" testName="FormatToStringTest1000 (19796.212103914568,19796.21 zł)" computerName="DESKTOP-5URQ9PB" duration="00:00:00.0000064" startTime="2022-06-13T21:12:18.4530918+02:00" endTime="2022-06-13T21:12:18.4531585+02:00" testType="13cdc9d9-ddb5-4fa4-a97d-d965ccfc6d4b" outcome="Passed" testListId="8c84fa94-04c1-424b-9868-57a2d4851a1d" relativeResultsDirectory="b9f46752-224d-40a0-acf6-c86b2a25df3d" />
    <UnitTestResult executionId="994d2371-9c06-45be-a5c4-ab574d881d69" testId="52838469-a368-4512-ac5b-4f5358f60c33" testName="FormatToStringTest1000 (22459.530444447664,22459.53 zł)" computerName="DESKTOP-5URQ9PB" duration="00:00:00.0000077" startTime="2022-06-13T21:12:18.4527325+02:00" endTime="2022-06-13T21:12:18.4528117+02:00" testType="13cdc9d9-ddb5-4fa4-a97d-d965ccfc6d4b" outcome="Passed" testListId="8c84fa94-04c1-424b-9868-57a2d4851a1d" relativeResultsDirectory="994d2371-9c06-45be-a5c4-ab574d881d69" />
    <UnitTestResult executionId="ab1e1bb0-ec51-4460-a538-756d63d2d584" testId="27edbd8f-3f32-4a2b-af74-b568176c4ade" testName="FormatToStringTest1000 (22791.735381432685,22791.74 zł)" computerName="DESKTOP-5URQ9PB" duration="00:00:00.0000064" startTime="2022-06-13T21:12:18.3708769+02:00" endTime="2022-06-13T21:12:18.3709507+02:00" testType="13cdc9d9-ddb5-4fa4-a97d-d965ccfc6d4b" outcome="Passed" testListId="8c84fa94-04c1-424b-9868-57a2d4851a1d" relativeResultsDirectory="ab1e1bb0-ec51-4460-a538-756d63d2d584" />
    <UnitTestResult executionId="c76f5dea-692e-47c6-b478-d3e62ebad730" testId="e79ebc45-0be2-4668-9b8c-31a0eb3e9c67" testName="FormatToStringTest1000 (16427.591943671738,16427.59 zł)" computerName="DESKTOP-5URQ9PB" duration="00:00:00.0000064" startTime="2022-06-13T21:12:18.4534291+02:00" endTime="2022-06-13T21:12:18.4534952+02:00" testType="13cdc9d9-ddb5-4fa4-a97d-d965ccfc6d4b" outcome="Passed" testListId="8c84fa94-04c1-424b-9868-57a2d4851a1d" relativeResultsDirectory="c76f5dea-692e-47c6-b478-d3e62ebad730" />
    <UnitTestResult executionId="399db03d-9d7c-4fff-8616-bc64429222ca" testId="bdfabfd8-1c5e-41a2-9888-449b0255f99e" testName="FormatToStringTest1000 (765.778932784581,765.78 zł)" computerName="DESKTOP-5URQ9PB" duration="00:00:00.0000063" startTime="2022-06-13T21:12:18.4244494+02:00" endTime="2022-06-13T21:12:18.4245141+02:00" testType="13cdc9d9-ddb5-4fa4-a97d-d965ccfc6d4b" outcome="Passed" testListId="8c84fa94-04c1-424b-9868-57a2d4851a1d" relativeResultsDirectory="399db03d-9d7c-4fff-8616-bc64429222ca" />
    <UnitTestResult executionId="de5b7289-3c60-443e-88d4-7d3922954731" testId="a4b447d5-e8b9-4daa-88cc-fd9644e0c7bd" testName="FormatToStringTest1000 (31340.79231238914,31340.79 zł)" computerName="DESKTOP-5URQ9PB" duration="00:00:00.0000062" startTime="2022-06-13T21:12:18.3528215+02:00" endTime="2022-06-13T21:12:18.3528888+02:00" testType="13cdc9d9-ddb5-4fa4-a97d-d965ccfc6d4b" outcome="Passed" testListId="8c84fa94-04c1-424b-9868-57a2d4851a1d" relativeResultsDirectory="de5b7289-3c60-443e-88d4-7d3922954731" />
    <UnitTestResult executionId="f490fb73-6e4e-4540-b8e9-c920663e74ab" testId="4637ae0d-80db-48a2-ab54-939acac4831e" testName="FormatToStringTest1000 (236.20263638589657,236.20 zł)" computerName="DESKTOP-5URQ9PB" duration="00:00:00.0000064" startTime="2022-06-13T21:12:18.5230762+02:00" endTime="2022-06-13T21:12:18.5231413+02:00" testType="13cdc9d9-ddb5-4fa4-a97d-d965ccfc6d4b" outcome="Passed" testListId="8c84fa94-04c1-424b-9868-57a2d4851a1d" relativeResultsDirectory="f490fb73-6e4e-4540-b8e9-c920663e74ab" />
    <UnitTestResult executionId="da9ddd92-95b1-4387-8fb7-df645d3f5ea1" testId="29da84d3-72ae-42f7-9dd7-a317e90bfcca" testName="FormatToStringTest1000 (2435.1995505835857,2435.20 zł)" computerName="DESKTOP-5URQ9PB" duration="00:00:00.0000062" startTime="2022-06-13T21:12:18.3427993+02:00" endTime="2022-06-13T21:12:18.3428668+02:00" testType="13cdc9d9-ddb5-4fa4-a97d-d965ccfc6d4b" outcome="Passed" testListId="8c84fa94-04c1-424b-9868-57a2d4851a1d" relativeResultsDirectory="da9ddd92-95b1-4387-8fb7-df645d3f5ea1" />
    <UnitTestResult executionId="52d72dac-8ae0-4c91-8ef1-093295d01c79" testId="ec248586-d492-45f3-98f5-e5b19e0ee829" testName="FormatToStringTest1000 (38640.62766693003,38640.63 zł)" computerName="DESKTOP-5URQ9PB" duration="00:00:00.0000064" startTime="2022-06-13T21:12:18.2816321+02:00" endTime="2022-06-13T21:12:18.2816995+02:00" testType="13cdc9d9-ddb5-4fa4-a97d-d965ccfc6d4b" outcome="Passed" testListId="8c84fa94-04c1-424b-9868-57a2d4851a1d" relativeResultsDirectory="52d72dac-8ae0-4c91-8ef1-093295d01c79" />
    <UnitTestResult executionId="722fc249-801b-4e48-8449-959aedae1119" testId="80dc4830-fc94-4123-85cb-1386bb11023d" testName="FormatToStringTest1000 (33251.41907856028,33251.42 zł)" computerName="DESKTOP-5URQ9PB" duration="00:00:00.0000061" startTime="2022-06-13T21:12:18.3236724+02:00" endTime="2022-06-13T21:12:18.3237391+02:00" testType="13cdc9d9-ddb5-4fa4-a97d-d965ccfc6d4b" outcome="Passed" testListId="8c84fa94-04c1-424b-9868-57a2d4851a1d" relativeResultsDirectory="722fc249-801b-4e48-8449-959aedae1119" />
    <UnitTestResult executionId="afd54d10-99e4-4d70-a34f-ffbea9573491" testId="8caf92ad-3f51-46b1-8395-cb0210289b36" testName="FormatToStringTest1000 (32218.080508120394,32218.08 zł)" computerName="DESKTOP-5URQ9PB" duration="00:00:00.0000064" startTime="2022-06-13T21:12:18.3100543+02:00" endTime="2022-06-13T21:12:18.3101267+02:00" testType="13cdc9d9-ddb5-4fa4-a97d-d965ccfc6d4b" outcome="Passed" testListId="8c84fa94-04c1-424b-9868-57a2d4851a1d" relativeResultsDirectory="afd54d10-99e4-4d70-a34f-ffbea9573491" />
    <UnitTestResult executionId="4afbf8c2-39be-4496-bb64-9fb130083fc6" testId="b206c6d2-861c-47cc-b61d-038045833b4d" testName="FormatToStringTest1000 (7726.0074454499445,7726.01 zł)" computerName="DESKTOP-5URQ9PB" duration="00:00:00.0000063" startTime="2022-06-13T21:12:18.3846776+02:00" endTime="2022-06-13T21:12:18.3847519+02:00" testType="13cdc9d9-ddb5-4fa4-a97d-d965ccfc6d4b" outcome="Passed" testListId="8c84fa94-04c1-424b-9868-57a2d4851a1d" relativeResultsDirectory="4afbf8c2-39be-4496-bb64-9fb130083fc6" />
    <UnitTestResult executionId="c6879b19-70dd-4171-bd22-217a0deb4e68" testId="40c56ead-5430-4079-b87f-070e3c74f4b2" testName="FormatToStringTest1000 (134.1514758393874,134.15 zł)" computerName="DESKTOP-5URQ9PB" duration="00:00:00.0000061" startTime="2022-06-13T21:12:18.5392713+02:00" endTime="2022-06-13T21:12:18.5393354+02:00" testType="13cdc9d9-ddb5-4fa4-a97d-d965ccfc6d4b" outcome="Passed" testListId="8c84fa94-04c1-424b-9868-57a2d4851a1d" relativeResultsDirectory="c6879b19-70dd-4171-bd22-217a0deb4e68" />
    <UnitTestResult executionId="f2f2f7df-b34e-4333-9e55-07d64bb2d003" testId="6e3645d6-0fc4-4aac-8373-917b6f9affca" testName="FormatToStringTest1000 (41873.517751020154,41873.52 zł)" computerName="DESKTOP-5URQ9PB" duration="00:00:00.0000075" startTime="2022-06-13T21:12:18.6410500+02:00" endTime="2022-06-13T21:12:18.6411341+02:00" testType="13cdc9d9-ddb5-4fa4-a97d-d965ccfc6d4b" outcome="Passed" testListId="8c84fa94-04c1-424b-9868-57a2d4851a1d" relativeResultsDirectory="f2f2f7df-b34e-4333-9e55-07d64bb2d003" />
    <UnitTestResult executionId="90385a4c-2010-436c-80f7-e76df832b9c7" testId="ce90ed22-81da-44e5-97e9-e23cd7954f8e" testName="FormatToStringTest1000 (45070.5442499493,45070.54 zł)" computerName="DESKTOP-5URQ9PB" duration="00:00:00.0000063" startTime="2022-06-13T21:12:18.5645619+02:00" endTime="2022-06-13T21:12:18.5646235+02:00" testType="13cdc9d9-ddb5-4fa4-a97d-d965ccfc6d4b" outcome="Passed" testListId="8c84fa94-04c1-424b-9868-57a2d4851a1d" relativeResultsDirectory="90385a4c-2010-436c-80f7-e76df832b9c7" />
    <UnitTestResult executionId="07a2dbb1-16e5-44b2-8eab-a273903d3237" testId="253908ce-725c-419b-8dc9-b48b4f4a68af" testName="FormatToStringTest1000 (7716.571614765363,7716.57 zł)" computerName="DESKTOP-5URQ9PB" duration="00:00:00.0000062" startTime="2022-06-13T21:12:18.5901932+02:00" endTime="2022-06-13T21:12:18.5902572+02:00" testType="13cdc9d9-ddb5-4fa4-a97d-d965ccfc6d4b" outcome="Passed" testListId="8c84fa94-04c1-424b-9868-57a2d4851a1d" relativeResultsDirectory="07a2dbb1-16e5-44b2-8eab-a273903d3237" />
    <UnitTestResult executionId="ac7f2bf4-4666-4810-85ff-5c7c5fe2975c" testId="27704fad-3324-4096-b74b-51f55974e043" testName="FormatToStringTest1000 (37528.70144368368,37528.70 zł)" computerName="DESKTOP-5URQ9PB" duration="00:00:00.0000063" startTime="2022-06-13T21:12:18.3233346+02:00" endTime="2022-06-13T21:12:18.3234017+02:00" testType="13cdc9d9-ddb5-4fa4-a97d-d965ccfc6d4b" outcome="Passed" testListId="8c84fa94-04c1-424b-9868-57a2d4851a1d" relativeResultsDirectory="ac7f2bf4-4666-4810-85ff-5c7c5fe2975c" />
    <UnitTestResult executionId="03d9d1e9-f791-44e1-bdba-3c82c0b9df86" testId="b3aa2a32-ca75-4aa3-9f11-2e74e609044f" testName="FormatToStringTest1000 (9634.398811461124,9634.40 zł)" computerName="DESKTOP-5URQ9PB" duration="00:00:00.0000062" startTime="2022-06-13T21:12:18.5740594+02:00" endTime="2022-06-13T21:12:18.5741237+02:00" testType="13cdc9d9-ddb5-4fa4-a97d-d965ccfc6d4b" outcome="Passed" testListId="8c84fa94-04c1-424b-9868-57a2d4851a1d" relativeResultsDirectory="03d9d1e9-f791-44e1-bdba-3c82c0b9df86" />
    <UnitTestResult executionId="4ad525d0-53a4-4822-81af-b8df03db85f2" testId="00850213-5886-44e8-a24a-595bc4a68569" testName="FormatToStringTest1000 (28068.20530246394,28068.21 zł)" computerName="DESKTOP-5URQ9PB" duration="00:00:00.0000064" startTime="2022-06-13T21:12:18.4368005+02:00" endTime="2022-06-13T21:12:18.4368669+02:00" testType="13cdc9d9-ddb5-4fa4-a97d-d965ccfc6d4b" outcome="Passed" testListId="8c84fa94-04c1-424b-9868-57a2d4851a1d" relativeResultsDirectory="4ad525d0-53a4-4822-81af-b8df03db85f2" />
    <UnitTestResult executionId="05e87ccf-498f-4c20-bf07-406dc3135da8" testId="02158678-c7eb-45b4-88c0-8ad2ed0d26b4" testName="FormatToStringTest1000 (51408.294679657694,51408.29 zł)" computerName="DESKTOP-5URQ9PB" duration="00:00:00.0000112" startTime="2022-06-13T21:12:18.3604366+02:00" endTime="2022-06-13T21:12:18.3605924+02:00" testType="13cdc9d9-ddb5-4fa4-a97d-d965ccfc6d4b" outcome="Passed" testListId="8c84fa94-04c1-424b-9868-57a2d4851a1d" relativeResultsDirectory="05e87ccf-498f-4c20-bf07-406dc3135da8" />
    <UnitTestResult executionId="900f6db9-137c-44c4-9506-fe6b063a6c7a" testId="e5301248-81ed-4fcb-bcf1-685861b9638e" testName="FormatToStringTest1000 (7951.322730072458,7951.32 zł)" computerName="DESKTOP-5URQ9PB" duration="00:00:00.0000061" startTime="2022-06-13T21:12:18.3496442+02:00" endTime="2022-06-13T21:12:18.3497107+02:00" testType="13cdc9d9-ddb5-4fa4-a97d-d965ccfc6d4b" outcome="Passed" testListId="8c84fa94-04c1-424b-9868-57a2d4851a1d" relativeResultsDirectory="900f6db9-137c-44c4-9506-fe6b063a6c7a" />
    <UnitTestResult executionId="0003514d-222a-4c2a-9c42-2de80b89ea63" testId="301a6937-a9a9-447e-8e93-b09fe850ff43" testName="FormatToStringTest1000 (22330.217605518745,22330.22 zł)" computerName="DESKTOP-5URQ9PB" duration="00:00:00.0000065" startTime="2022-06-13T21:12:18.6279858+02:00" endTime="2022-06-13T21:12:18.6280509+02:00" testType="13cdc9d9-ddb5-4fa4-a97d-d965ccfc6d4b" outcome="Passed" testListId="8c84fa94-04c1-424b-9868-57a2d4851a1d" relativeResultsDirectory="0003514d-222a-4c2a-9c42-2de80b89ea63" />
    <UnitTestResult executionId="c4fb19ca-69dc-4c2d-b65b-d525c2901c8c" testId="fb469f89-3b08-4c87-8460-f90e21a3c383" testName="FormatToStringTest1000 (17875.613377604455,17875.61 zł)" computerName="DESKTOP-5URQ9PB" duration="00:00:00.0000119" startTime="2022-06-13T21:12:18.3488661+02:00" endTime="2022-06-13T21:12:18.3490216+02:00" testType="13cdc9d9-ddb5-4fa4-a97d-d965ccfc6d4b" outcome="Passed" testListId="8c84fa94-04c1-424b-9868-57a2d4851a1d" relativeResultsDirectory="c4fb19ca-69dc-4c2d-b65b-d525c2901c8c" />
    <UnitTestResult executionId="9e77b41a-ff91-4360-957e-c9592714c3f1" testId="3f1790c8-5fcf-4781-a808-9ab82f013769" testName="FormatToStringTest1000 (35905.47425787219,35905.47 zł)" computerName="DESKTOP-5URQ9PB" duration="00:00:00.0000064" startTime="2022-06-13T21:12:18.6250178+02:00" endTime="2022-06-13T21:12:18.6250848+02:00" testType="13cdc9d9-ddb5-4fa4-a97d-d965ccfc6d4b" outcome="Passed" testListId="8c84fa94-04c1-424b-9868-57a2d4851a1d" relativeResultsDirectory="9e77b41a-ff91-4360-957e-c9592714c3f1" />
    <UnitTestResult executionId="f72029eb-c6c8-4339-9c57-3719b91cf393" testId="3e4b90d6-06a3-4825-af92-0a7a306c4b3c" testName="FormatToStringTest1000 (13478.157112043891,13478.16 zł)" computerName="DESKTOP-5URQ9PB" duration="00:00:00.0000404" startTime="2022-06-13T21:12:18.5012850+02:00" endTime="2022-06-13T21:12:18.5015586+02:00" testType="13cdc9d9-ddb5-4fa4-a97d-d965ccfc6d4b" outcome="Passed" testListId="8c84fa94-04c1-424b-9868-57a2d4851a1d" relativeResultsDirectory="f72029eb-c6c8-4339-9c57-3719b91cf393" />
    <UnitTestResult executionId="17fafd3d-98b7-4745-8e38-fd47f76e5315" testId="5afad8ee-68d6-46f2-b0c7-56118e5abd01" testName="FormatToStringTest1000 (75987.03378503352,75987.03 zł)" computerName="DESKTOP-5URQ9PB" duration="00:00:00.0000062" startTime="2022-06-13T21:12:18.5590980+02:00" endTime="2022-06-13T21:12:18.5591626+02:00" testType="13cdc9d9-ddb5-4fa4-a97d-d965ccfc6d4b" outcome="Passed" testListId="8c84fa94-04c1-424b-9868-57a2d4851a1d" relativeResultsDirectory="17fafd3d-98b7-4745-8e38-fd47f76e5315" />
    <UnitTestResult executionId="73d6e284-952c-46d7-b0d7-a6fbe09fff02" testId="0dfa5828-5e11-4bda-9e08-0b5c51260a7b" testName="FormatToStringTest1000 (11.555284778846096,11.56 zł)" computerName="DESKTOP-5URQ9PB" duration="00:00:00.0000062" startTime="2022-06-13T21:12:18.5874111+02:00" endTime="2022-06-13T21:12:18.5874779+02:00" testType="13cdc9d9-ddb5-4fa4-a97d-d965ccfc6d4b" outcome="Passed" testListId="8c84fa94-04c1-424b-9868-57a2d4851a1d" relativeResultsDirectory="73d6e284-952c-46d7-b0d7-a6fbe09fff02" />
    <UnitTestResult executionId="67243a23-18ab-4776-96e6-1736d56329aa" testId="8d542d27-1f14-4901-b911-08250e81ad68" testName="FormatToStringTest1000 (66764.31690498316,66764.32 zł)" computerName="DESKTOP-5URQ9PB" duration="00:00:00.0000065" startTime="2022-06-13T21:12:18.4332263+02:00" endTime="2022-06-13T21:12:18.4332953+02:00" testType="13cdc9d9-ddb5-4fa4-a97d-d965ccfc6d4b" outcome="Passed" testListId="8c84fa94-04c1-424b-9868-57a2d4851a1d" relativeResultsDirectory="67243a23-18ab-4776-96e6-1736d56329aa" />
    <UnitTestResult executionId="6c2d338f-ac13-45e6-9c61-08529331960a" testId="f86c4d5d-bb0c-41c4-a285-d742b5c96e1e" testName="FormatToStringTest1000 (79973.08417819678,79973.08 zł)" computerName="DESKTOP-5URQ9PB" duration="00:00:00.0000063" startTime="2022-06-13T21:12:18.2371353+02:00" endTime="2022-06-13T21:12:18.2372030+02:00" testType="13cdc9d9-ddb5-4fa4-a97d-d965ccfc6d4b" outcome="Passed" testListId="8c84fa94-04c1-424b-9868-57a2d4851a1d" relativeResultsDirectory="6c2d338f-ac13-45e6-9c61-08529331960a" />
    <UnitTestResult executionId="1846f7ca-d7e1-4d0f-a846-8bbf4632ee2f" testId="3b8f11df-0c34-427b-bb66-bb0d2e74ca96" testName="FormatToStringTest1000 (12759.925747307914,12759.93 zł)" computerName="DESKTOP-5URQ9PB" duration="00:00:00.0000062" startTime="2022-06-13T21:12:18.5694064+02:00" endTime="2022-06-13T21:12:18.5694726+02:00" testType="13cdc9d9-ddb5-4fa4-a97d-d965ccfc6d4b" outcome="Passed" testListId="8c84fa94-04c1-424b-9868-57a2d4851a1d" relativeResultsDirectory="1846f7ca-d7e1-4d0f-a846-8bbf4632ee2f" />
    <UnitTestResult executionId="41b9def8-b5db-4aa0-a342-3e9650665f59" testId="3fc1c7c4-e0dd-450e-83bc-1c3997215cc4" testName="FormatToStringTest1000 (7119.076353227755,7119.08 zł)" computerName="DESKTOP-5URQ9PB" duration="00:00:00.0000092" startTime="2022-06-13T21:12:18.5102775+02:00" endTime="2022-06-13T21:12:18.5103884+02:00" testType="13cdc9d9-ddb5-4fa4-a97d-d965ccfc6d4b" outcome="Passed" testListId="8c84fa94-04c1-424b-9868-57a2d4851a1d" relativeResultsDirectory="41b9def8-b5db-4aa0-a342-3e9650665f59" />
    <UnitTestResult executionId="7b3c09c4-4ae8-4501-99b5-3893c02b4c8c" testId="83c43eba-99e9-46fd-bc63-6eefba3e9f0c" testName="FormatToStringTest1000 (15624.452361264477,15624.45 zł)" computerName="DESKTOP-5URQ9PB" duration="00:00:00.0000092" startTime="2022-06-13T21:12:18.4650905+02:00" endTime="2022-06-13T21:12:18.4652072+02:00" testType="13cdc9d9-ddb5-4fa4-a97d-d965ccfc6d4b" outcome="Passed" testListId="8c84fa94-04c1-424b-9868-57a2d4851a1d" relativeResultsDirectory="7b3c09c4-4ae8-4501-99b5-3893c02b4c8c" />
    <UnitTestResult executionId="b7e72198-50f2-4266-8438-050ca6ce4967" testId="02bf6368-b914-4403-b599-6f8b2caf09ad" testName="FormatToStringTest1000 (15414.175096961751,15414.18 zł)" computerName="DESKTOP-5URQ9PB" duration="00:00:00.0000065" startTime="2022-06-13T21:12:18.3129367+02:00" endTime="2022-06-13T21:12:18.3130110+02:00" testType="13cdc9d9-ddb5-4fa4-a97d-d965ccfc6d4b" outcome="Passed" testListId="8c84fa94-04c1-424b-9868-57a2d4851a1d" relativeResultsDirectory="b7e72198-50f2-4266-8438-050ca6ce4967" />
    <UnitTestResult executionId="4aae90f8-259e-49e9-bab3-60b882940b5a" testId="b84e5396-2ead-4287-a173-2ca5f80481f4" testName="FormatToStringTest1000 (5749.124990274722,5749.12 zł)" computerName="DESKTOP-5URQ9PB" duration="00:00:00.0000062" startTime="2022-06-13T21:12:18.5741402+02:00" endTime="2022-06-13T21:12:18.5742043+02:00" testType="13cdc9d9-ddb5-4fa4-a97d-d965ccfc6d4b" outcome="Passed" testListId="8c84fa94-04c1-424b-9868-57a2d4851a1d" relativeResultsDirectory="4aae90f8-259e-49e9-bab3-60b882940b5a" />
    <UnitTestResult executionId="e3aeefa8-40ec-45f7-bda3-957d73045d76" testId="69f0784a-7622-41ca-ad4f-0dfeec5e5bd2" testName="FormatToStringTest1000 (6915.421130504656,6915.42 zł)" computerName="DESKTOP-5URQ9PB" duration="00:00:00.0000069" startTime="2022-06-13T21:12:18.4623057+02:00" endTime="2022-06-13T21:12:18.4623731+02:00" testType="13cdc9d9-ddb5-4fa4-a97d-d965ccfc6d4b" outcome="Passed" testListId="8c84fa94-04c1-424b-9868-57a2d4851a1d" relativeResultsDirectory="e3aeefa8-40ec-45f7-bda3-957d73045d76" />
    <UnitTestResult executionId="eced43de-1650-4bbc-a101-f935faa4b585" testId="41950098-7a1e-40f5-b597-84f9f3e15946" testName="FormatToStringTest1000 (30578.687538491416,30578.69 zł)" computerName="DESKTOP-5URQ9PB" duration="00:00:00.0000068" startTime="2022-06-13T21:12:18.3874907+02:00" endTime="2022-06-13T21:12:18.3875659+02:00" testType="13cdc9d9-ddb5-4fa4-a97d-d965ccfc6d4b" outcome="Passed" testListId="8c84fa94-04c1-424b-9868-57a2d4851a1d" relativeResultsDirectory="eced43de-1650-4bbc-a101-f935faa4b585" />
    <UnitTestResult executionId="09484873-ff3f-41f8-ac8e-5a41793d30db" testId="be9eeca4-bdcd-45dc-a7a8-ece5ae877faf" testName="FormatToStringTest1000 (50413.517583300134,50413.52 zł)" computerName="DESKTOP-5URQ9PB" duration="00:00:00.0000062" startTime="2022-06-13T21:12:18.5311062+02:00" endTime="2022-06-13T21:12:18.5311705+02:00" testType="13cdc9d9-ddb5-4fa4-a97d-d965ccfc6d4b" outcome="Passed" testListId="8c84fa94-04c1-424b-9868-57a2d4851a1d" relativeResultsDirectory="09484873-ff3f-41f8-ac8e-5a41793d30db" />
    <UnitTestResult executionId="124e8b1e-7ff7-43a1-b636-062d68b49cbe" testId="b76500cd-bee7-4b80-bbec-12eeb35f96f6" testName="FormatToStringTest1000 (17031.365705376662,17031.37 zł)" computerName="DESKTOP-5URQ9PB" duration="00:00:00.0000065" startTime="2022-06-13T21:12:18.4423975+02:00" endTime="2022-06-13T21:12:18.4424658+02:00" testType="13cdc9d9-ddb5-4fa4-a97d-d965ccfc6d4b" outcome="Passed" testListId="8c84fa94-04c1-424b-9868-57a2d4851a1d" relativeResultsDirectory="124e8b1e-7ff7-43a1-b636-062d68b49cbe" />
    <UnitTestResult executionId="0f40bfd8-20d7-40ad-9ea0-0eaadce501d6" testId="f9312bd3-7f5a-42ed-819f-a6ac77fa6d70" testName="FormatToStringTest1000 (6890.028458985514,6890.03 zł)" computerName="DESKTOP-5URQ9PB" duration="00:00:00.0000064" startTime="2022-06-13T21:12:18.2904705+02:00" endTime="2022-06-13T21:12:18.2905368+02:00" testType="13cdc9d9-ddb5-4fa4-a97d-d965ccfc6d4b" outcome="Passed" testListId="8c84fa94-04c1-424b-9868-57a2d4851a1d" relativeResultsDirectory="0f40bfd8-20d7-40ad-9ea0-0eaadce501d6" />
    <UnitTestResult executionId="226d2dcb-45b0-4b26-b80d-fc0318ff95d5" testId="ddf55aea-2bac-4ecc-8fb0-0e4ef856f4bd" testName="FormatToStringTest1000 (44930.92203801075,44930.92 zł)" computerName="DESKTOP-5URQ9PB" duration="00:00:00.0000062" startTime="2022-06-13T21:12:18.6361038+02:00" endTime="2022-06-13T21:12:18.6361681+02:00" testType="13cdc9d9-ddb5-4fa4-a97d-d965ccfc6d4b" outcome="Passed" testListId="8c84fa94-04c1-424b-9868-57a2d4851a1d" relativeResultsDirectory="226d2dcb-45b0-4b26-b80d-fc0318ff95d5" />
    <UnitTestResult executionId="65890fa8-e48b-445e-b720-249c713cff55" testId="a24762cf-954c-446f-848e-c835f2c5b245" testName="FormatToStringTest1000 (47672.66266041652,47672.66 zł)" computerName="DESKTOP-5URQ9PB" duration="00:00:00.0000062" startTime="2022-06-13T21:12:18.6253519+02:00" endTime="2022-06-13T21:12:18.6254177+02:00" testType="13cdc9d9-ddb5-4fa4-a97d-d965ccfc6d4b" outcome="Passed" testListId="8c84fa94-04c1-424b-9868-57a2d4851a1d" relativeResultsDirectory="65890fa8-e48b-445e-b720-249c713cff55" />
    <UnitTestResult executionId="4cb86a0c-606b-4f63-bdb8-43e5dd17a10c" testId="5bbd9e36-32c7-4c49-aaed-dfe43746c415" testName="FormatToStringTest1000 (60299.23738666309,60299.24 zł)" computerName="DESKTOP-5URQ9PB" duration="00:00:00.0000063" startTime="2022-06-13T21:12:18.4590612+02:00" endTime="2022-06-13T21:12:18.4591280+02:00" testType="13cdc9d9-ddb5-4fa4-a97d-d965ccfc6d4b" outcome="Passed" testListId="8c84fa94-04c1-424b-9868-57a2d4851a1d" relativeResultsDirectory="4cb86a0c-606b-4f63-bdb8-43e5dd17a10c" />
    <UnitTestResult executionId="949b3ab3-bef8-46e6-8199-fbe5b57e1cc3" testId="426acac5-83a9-4324-a087-6bc6611b290e" testName="FormatToStringTest1000 (25272.05048361283,25272.05 zł)" computerName="DESKTOP-5URQ9PB" duration="00:00:00.0000068" startTime="2022-06-13T21:12:18.6017893+02:00" endTime="2022-06-13T21:12:18.6018543+02:00" testType="13cdc9d9-ddb5-4fa4-a97d-d965ccfc6d4b" outcome="Passed" testListId="8c84fa94-04c1-424b-9868-57a2d4851a1d" relativeResultsDirectory="949b3ab3-bef8-46e6-8199-fbe5b57e1cc3" />
    <UnitTestResult executionId="9cf8d43b-9384-44ac-879e-1936a0c1bddd" testId="19c176b2-9166-4089-a4f6-695dab0e26f6" testName="FormatToStringTest1000 (17252.06220983903,17252.06 zł)" computerName="DESKTOP-5URQ9PB" duration="00:00:00.0000066" startTime="2022-06-13T21:12:18.2999514+02:00" endTime="2022-06-13T21:12:18.3000285+02:00" testType="13cdc9d9-ddb5-4fa4-a97d-d965ccfc6d4b" outcome="Passed" testListId="8c84fa94-04c1-424b-9868-57a2d4851a1d" relativeResultsDirectory="9cf8d43b-9384-44ac-879e-1936a0c1bddd" />
    <UnitTestResult executionId="7511b9f3-d402-4d0f-8485-7021b24348b9" testId="06ec5f30-9d46-4c1f-a5e3-6d537e22763a" testName="FormatToStringTest1000 (806.960597043373,806.96 zł)" computerName="DESKTOP-5URQ9PB" duration="00:00:00.0000064" startTime="2022-06-13T21:12:18.5417845+02:00" endTime="2022-06-13T21:12:18.5418469+02:00" testType="13cdc9d9-ddb5-4fa4-a97d-d965ccfc6d4b" outcome="Passed" testListId="8c84fa94-04c1-424b-9868-57a2d4851a1d" relativeResultsDirectory="7511b9f3-d402-4d0f-8485-7021b24348b9" />
    <UnitTestResult executionId="252d5f0b-5137-4d38-b7a6-957a55355a62" testId="6f713ea6-9d27-441a-98aa-9b9d4b0b50d1" testName="FormatToStringTest1000 (26858.35647848731,26858.36 zł)" computerName="DESKTOP-5URQ9PB" duration="00:00:00.0000063" startTime="2022-06-13T21:12:18.5257210+02:00" endTime="2022-06-13T21:12:18.5257866+02:00" testType="13cdc9d9-ddb5-4fa4-a97d-d965ccfc6d4b" outcome="Passed" testListId="8c84fa94-04c1-424b-9868-57a2d4851a1d" relativeResultsDirectory="252d5f0b-5137-4d38-b7a6-957a55355a62" />
    <UnitTestResult executionId="f4d75f6f-de86-4648-adaa-a60ca045e3b8" testId="2a0450ef-92bd-4d53-b75c-a43997f6d696" testName="FormatToStringTest1000 (67109.22110940759,67109.22 zł)" computerName="DESKTOP-5URQ9PB" duration="00:00:00.0000071" startTime="2022-06-13T21:12:18.5866391+02:00" endTime="2022-06-13T21:12:18.5867150+02:00" testType="13cdc9d9-ddb5-4fa4-a97d-d965ccfc6d4b" outcome="Passed" testListId="8c84fa94-04c1-424b-9868-57a2d4851a1d" relativeResultsDirectory="f4d75f6f-de86-4648-adaa-a60ca045e3b8" />
    <UnitTestResult executionId="429f4169-d57b-4fd2-a2b2-f1073ed9a95c" testId="ee485395-8495-4b4a-8897-5685a0e2d097" testName="FormatToStringTest1000 (84686.32148464039,84686.32 zł)" computerName="DESKTOP-5URQ9PB" duration="00:00:00.0000068" startTime="2022-06-13T21:12:18.4459637+02:00" endTime="2022-06-13T21:12:18.4460454+02:00" testType="13cdc9d9-ddb5-4fa4-a97d-d965ccfc6d4b" outcome="Passed" testListId="8c84fa94-04c1-424b-9868-57a2d4851a1d" relativeResultsDirectory="429f4169-d57b-4fd2-a2b2-f1073ed9a95c" />
    <UnitTestResult executionId="7afa255f-6d8d-424d-949d-5654814f6293" testId="37649f97-067c-41d8-8484-b2165950bdbb" testName="FormatToStringTest1000 (9843.625240445894,9843.63 zł)" computerName="DESKTOP-5URQ9PB" duration="00:00:00.0000063" startTime="2022-06-13T21:12:18.6205197+02:00" endTime="2022-06-13T21:12:18.6205860+02:00" testType="13cdc9d9-ddb5-4fa4-a97d-d965ccfc6d4b" outcome="Passed" testListId="8c84fa94-04c1-424b-9868-57a2d4851a1d" relativeResultsDirectory="7afa255f-6d8d-424d-949d-5654814f6293" />
    <UnitTestResult executionId="256cc989-4874-490d-944b-0f8decac9a5e" testId="e0129c17-ff62-49ef-8e53-e880b9866370" testName="FormatToStringTest1000 (37889.10086727193,37889.10 zł)" computerName="DESKTOP-5URQ9PB" duration="00:00:00.0000064" startTime="2022-06-13T21:12:18.3135871+02:00" endTime="2022-06-13T21:12:18.3136603+02:00" testType="13cdc9d9-ddb5-4fa4-a97d-d965ccfc6d4b" outcome="Passed" testListId="8c84fa94-04c1-424b-9868-57a2d4851a1d" relativeResultsDirectory="256cc989-4874-490d-944b-0f8decac9a5e" />
    <UnitTestResult executionId="b3078b9f-d4a3-415a-9437-3e093e8ea076" testId="4e8fd5e3-af5f-42ae-aa01-a4c83a202043" testName="FormatToStringTest1000 (20482.32969107308,20482.33 zł)" computerName="DESKTOP-5URQ9PB" duration="00:00:00.0000064" startTime="2022-06-13T21:12:18.3382171+02:00" endTime="2022-06-13T21:12:18.3382852+02:00" testType="13cdc9d9-ddb5-4fa4-a97d-d965ccfc6d4b" outcome="Passed" testListId="8c84fa94-04c1-424b-9868-57a2d4851a1d" relativeResultsDirectory="b3078b9f-d4a3-415a-9437-3e093e8ea076" />
    <UnitTestResult executionId="87d9530d-b5c7-492b-bc14-c4af4810a2e9" testId="d210691b-1d6c-4b20-b281-f6d9cc644ea3" testName="FormatToStringTest1000 (272.5621069118204,272.56 zł)" computerName="DESKTOP-5URQ9PB" duration="00:00:00.0000063" startTime="2022-06-13T21:12:18.4716892+02:00" endTime="2022-06-13T21:12:18.4717553+02:00" testType="13cdc9d9-ddb5-4fa4-a97d-d965ccfc6d4b" outcome="Passed" testListId="8c84fa94-04c1-424b-9868-57a2d4851a1d" relativeResultsDirectory="87d9530d-b5c7-492b-bc14-c4af4810a2e9" />
    <UnitTestResult executionId="788c911b-1ed1-478a-accf-8873ef8d5c83" testId="3afc9980-ef38-4de9-aee3-2096361a7c00" testName="FormatToStringTest1000 (17232.486162219426,17232.49 zł)" computerName="DESKTOP-5URQ9PB" duration="00:00:00.0000093" startTime="2022-06-13T21:12:18.3875841+02:00" endTime="2022-06-13T21:12:18.3876636+02:00" testType="13cdc9d9-ddb5-4fa4-a97d-d965ccfc6d4b" outcome="Passed" testListId="8c84fa94-04c1-424b-9868-57a2d4851a1d" relativeResultsDirectory="788c911b-1ed1-478a-accf-8873ef8d5c83" />
    <UnitTestResult executionId="1e6baf2f-3b3f-4d55-a123-0ff74a531be9" testId="1fc4a96b-a593-4c3c-85ce-5a90023567f4" testName="FormatToStringTest1000 (21893.78889296939,21893.79 zł)" computerName="DESKTOP-5URQ9PB" duration="00:00:00.0000061" startTime="2022-06-13T21:12:18.6149143+02:00" endTime="2022-06-13T21:12:18.6149788+02:00" testType="13cdc9d9-ddb5-4fa4-a97d-d965ccfc6d4b" outcome="Passed" testListId="8c84fa94-04c1-424b-9868-57a2d4851a1d" relativeResultsDirectory="1e6baf2f-3b3f-4d55-a123-0ff74a531be9" />
    <UnitTestResult executionId="b5219269-fe2b-43f0-bca6-ecb526b980df" testId="297c0373-2354-4ce8-bf33-0c251aed79f4" testName="FormatToStringTest1000 (1676.7913981754293,1676.79 zł)" computerName="DESKTOP-5URQ9PB" duration="00:00:00.0000066" startTime="2022-06-13T21:12:18.5049664+02:00" endTime="2022-06-13T21:12:18.5050343+02:00" testType="13cdc9d9-ddb5-4fa4-a97d-d965ccfc6d4b" outcome="Passed" testListId="8c84fa94-04c1-424b-9868-57a2d4851a1d" relativeResultsDirectory="b5219269-fe2b-43f0-bca6-ecb526b980df" />
    <UnitTestResult executionId="b9e013b0-544c-42cd-93b6-457c36871dd8" testId="b7d2a247-63cf-4e4f-ae0a-8dfe173e68f1" testName="FormatToStringTest1000 (9816.961298880615,9816.96 zł)" computerName="DESKTOP-5URQ9PB" duration="00:00:00.0000064" startTime="2022-06-13T21:12:18.2777917+02:00" endTime="2022-06-13T21:12:18.2778595+02:00" testType="13cdc9d9-ddb5-4fa4-a97d-d965ccfc6d4b" outcome="Passed" testListId="8c84fa94-04c1-424b-9868-57a2d4851a1d" relativeResultsDirectory="b9e013b0-544c-42cd-93b6-457c36871dd8" />
    <UnitTestResult executionId="c4f83b58-74b4-4a76-a5f9-414d777f1dbd" testId="c4ab765b-7820-4181-afd5-105067a1bff3" testName="FormatToStringTest1000 (5504.094303639184,5504.09 zł)" computerName="DESKTOP-5URQ9PB" duration="00:00:00.0000062" startTime="2022-06-13T21:12:18.4106594+02:00" endTime="2022-06-13T21:12:18.4107267+02:00" testType="13cdc9d9-ddb5-4fa4-a97d-d965ccfc6d4b" outcome="Passed" testListId="8c84fa94-04c1-424b-9868-57a2d4851a1d" relativeResultsDirectory="c4f83b58-74b4-4a76-a5f9-414d777f1dbd" />
    <UnitTestResult executionId="94dca054-4705-4e9e-ae23-3ed44a8898e1" testId="34cb9e40-e847-4a43-bf42-d52d95f0a591" testName="FormatToStringTest1000 (8499.121443388574,8499.12 zł)" computerName="DESKTOP-5URQ9PB" duration="00:00:00.0000064" startTime="2022-06-13T21:12:18.2939426+02:00" endTime="2022-06-13T21:12:18.2940103+02:00" testType="13cdc9d9-ddb5-4fa4-a97d-d965ccfc6d4b" outcome="Passed" testListId="8c84fa94-04c1-424b-9868-57a2d4851a1d" relativeResultsDirectory="94dca054-4705-4e9e-ae23-3ed44a8898e1" />
    <UnitTestResult executionId="3704abcb-95c3-41fb-97a8-df1a04a4bcc1" testId="169297c0-df5f-483e-8a42-c51b7eb61834" testName="FormatToStringTest1000 (24825.207513729205,24825.21 zł)" computerName="DESKTOP-5URQ9PB" duration="00:00:00.0000432" startTime="2022-06-13T21:12:18.4839390+02:00" endTime="2022-06-13T21:12:18.4843997+02:00" testType="13cdc9d9-ddb5-4fa4-a97d-d965ccfc6d4b" outcome="Passed" testListId="8c84fa94-04c1-424b-9868-57a2d4851a1d" relativeResultsDirectory="3704abcb-95c3-41fb-97a8-df1a04a4bcc1" />
    <UnitTestResult executionId="8dd73236-644e-458d-82a2-b2bd61545edf" testId="0bfa80b2-bd23-4f33-a5fa-b08d201553bb" testName="FormatToStringTest1000 (8242.419043611,8242.42 zł)" computerName="DESKTOP-5URQ9PB" duration="00:00:00.0000068" startTime="2022-06-13T21:12:18.5788470+02:00" endTime="2022-06-13T21:12:18.5789216+02:00" testType="13cdc9d9-ddb5-4fa4-a97d-d965ccfc6d4b" outcome="Passed" testListId="8c84fa94-04c1-424b-9868-57a2d4851a1d" relativeResultsDirectory="8dd73236-644e-458d-82a2-b2bd61545edf" />
    <UnitTestResult executionId="98b8560b-ecc2-4f6f-b8db-8c33213545a6" testId="101a3c76-1149-4670-ba26-a650f74d264c" testName="FormatToStringTest1000 (4116.417580192638,4116.42 zł)" computerName="DESKTOP-5URQ9PB" duration="00:00:00.0000065" startTime="2022-06-13T21:12:18.4652329+02:00" endTime="2022-06-13T21:12:18.4653019+02:00" testType="13cdc9d9-ddb5-4fa4-a97d-d965ccfc6d4b" outcome="Passed" testListId="8c84fa94-04c1-424b-9868-57a2d4851a1d" relativeResultsDirectory="98b8560b-ecc2-4f6f-b8db-8c33213545a6" />
    <UnitTestResult executionId="bb016296-9c89-44dd-9d47-1b7e93077af9" testId="b836e08f-1f81-4b61-9aef-a28a7ad58d4e" testName="FormatToStringTest1000 (22533.17694295811,22533.18 zł)" computerName="DESKTOP-5URQ9PB" duration="00:00:00.0000061" startTime="2022-06-13T21:12:18.6209680+02:00" endTime="2022-06-13T21:12:18.6210334+02:00" testType="13cdc9d9-ddb5-4fa4-a97d-d965ccfc6d4b" outcome="Passed" testListId="8c84fa94-04c1-424b-9868-57a2d4851a1d" relativeResultsDirectory="bb016296-9c89-44dd-9d47-1b7e93077af9" />
    <UnitTestResult executionId="b9858168-4329-4532-b8c0-c1a4b633a845" testId="b8713d7b-36a8-4c22-bc9e-cfa1aae7ec19" testName="FormatToStringTest1000 (7076.829971250534,7076.83 zł)" computerName="DESKTOP-5URQ9PB" duration="00:00:00.0000062" startTime="2022-06-13T21:12:18.5924174+02:00" endTime="2022-06-13T21:12:18.5924815+02:00" testType="13cdc9d9-ddb5-4fa4-a97d-d965ccfc6d4b" outcome="Passed" testListId="8c84fa94-04c1-424b-9868-57a2d4851a1d" relativeResultsDirectory="b9858168-4329-4532-b8c0-c1a4b633a845" />
    <UnitTestResult executionId="d5a7798c-08f3-4ecf-bc28-44ed61c12548" testId="81220c00-a6f5-4802-951d-a54c4ae3ea51" testName="FormatToStringTest1000 (12283.48626129026,12283.49 zł)" computerName="DESKTOP-5URQ9PB" duration="00:00:00.0000063" startTime="2022-06-13T21:12:18.4108284+02:00" endTime="2022-06-13T21:12:18.4108985+02:00" testType="13cdc9d9-ddb5-4fa4-a97d-d965ccfc6d4b" outcome="Passed" testListId="8c84fa94-04c1-424b-9868-57a2d4851a1d" relativeResultsDirectory="d5a7798c-08f3-4ecf-bc28-44ed61c12548" />
    <UnitTestResult executionId="f10ceae9-17fb-4e1b-9d36-24bb68f51156" testId="79b3d00c-3a00-4dd8-9305-fc4fbb291831" testName="FormatToStringTest1000 (19208.676036795914,19208.68 zł)" computerName="DESKTOP-5URQ9PB" duration="00:00:00.0000063" startTime="2022-06-13T21:12:18.5389454+02:00" endTime="2022-06-13T21:12:18.5390109+02:00" testType="13cdc9d9-ddb5-4fa4-a97d-d965ccfc6d4b" outcome="Passed" testListId="8c84fa94-04c1-424b-9868-57a2d4851a1d" relativeResultsDirectory="f10ceae9-17fb-4e1b-9d36-24bb68f51156" />
    <UnitTestResult executionId="2b037b8a-fddb-45fc-8a9c-b5409dd6d7f7" testId="ce4e5b56-8c51-4f63-85f7-a8995684a767" testName="FormatToStringTest1000 (41008.28505327194,41008.29 zł)" computerName="DESKTOP-5URQ9PB" duration="00:00:00.0000065" startTime="2022-06-13T21:12:18.5618436+02:00" endTime="2022-06-13T21:12:18.5619145+02:00" testType="13cdc9d9-ddb5-4fa4-a97d-d965ccfc6d4b" outcome="Passed" testListId="8c84fa94-04c1-424b-9868-57a2d4851a1d" relativeResultsDirectory="2b037b8a-fddb-45fc-8a9c-b5409dd6d7f7" />
    <UnitTestResult executionId="3fdd6b65-375f-4b77-9690-835c40a8fb44" testId="a8370ce3-7f74-40d0-8b62-8db487b2836a" testName="FormatToStringTest1000 (14172.682747822573,14172.68 zł)" computerName="DESKTOP-5URQ9PB" duration="00:00:00.0000066" startTime="2022-06-13T21:12:18.2870980+02:00" endTime="2022-06-13T21:12:18.2871681+02:00" testType="13cdc9d9-ddb5-4fa4-a97d-d965ccfc6d4b" outcome="Passed" testListId="8c84fa94-04c1-424b-9868-57a2d4851a1d" relativeResultsDirectory="3fdd6b65-375f-4b77-9690-835c40a8fb44" />
    <UnitTestResult executionId="22bbb5c1-28f7-4892-a7dd-20f22e467164" testId="6efe9a4b-746d-4c6d-a63f-8d8be1460ff3" testName="FormatToStringTest1000 (577.6071367564645,577.61 zł)" computerName="DESKTOP-5URQ9PB" duration="00:00:00.0000061" startTime="2022-06-13T21:12:18.6046031+02:00" endTime="2022-06-13T21:12:18.6046674+02:00" testType="13cdc9d9-ddb5-4fa4-a97d-d965ccfc6d4b" outcome="Passed" testListId="8c84fa94-04c1-424b-9868-57a2d4851a1d" relativeResultsDirectory="22bbb5c1-28f7-4892-a7dd-20f22e467164" />
    <UnitTestResult executionId="5af89cf5-6c10-477e-9d00-7570d9534665" testId="268cea53-f6af-4bee-91a4-db02456286dd" testName="FormatToStringTest1000 (28972.23604401212,28972.24 zł)" computerName="DESKTOP-5URQ9PB" duration="00:00:00.0000063" startTime="2022-06-13T21:12:18.5190977+02:00" endTime="2022-06-13T21:12:18.5191719+02:00" testType="13cdc9d9-ddb5-4fa4-a97d-d965ccfc6d4b" outcome="Passed" testListId="8c84fa94-04c1-424b-9868-57a2d4851a1d" relativeResultsDirectory="5af89cf5-6c10-477e-9d00-7570d9534665" />
    <UnitTestResult executionId="ca004b00-18cd-4ed3-a0b7-948401b731ad" testId="425e0686-5e0c-48be-89f7-7667dea78e7a" testName="FormatToStringTest1000 (7348.947429818543,7348.95 zł)" computerName="DESKTOP-5URQ9PB" duration="00:00:00.0000063" startTime="2022-06-13T21:12:18.3777163+02:00" endTime="2022-06-13T21:12:18.3777890+02:00" testType="13cdc9d9-ddb5-4fa4-a97d-d965ccfc6d4b" outcome="Passed" testListId="8c84fa94-04c1-424b-9868-57a2d4851a1d" relativeResultsDirectory="ca004b00-18cd-4ed3-a0b7-948401b731ad" />
    <UnitTestResult executionId="82c30b11-a9dc-4a8f-99aa-ed4b43720b45" testId="bec50399-0b39-4a92-90a8-ac46c9d1fd75" testName="FormatToStringTest1000 (65204.90483536055,65204.90 zł)" computerName="DESKTOP-5URQ9PB" duration="00:00:00.0000071" startTime="2022-06-13T21:12:18.6144075+02:00" endTime="2022-06-13T21:12:18.6144841+02:00" testType="13cdc9d9-ddb5-4fa4-a97d-d965ccfc6d4b" outcome="Passed" testListId="8c84fa94-04c1-424b-9868-57a2d4851a1d" relativeResultsDirectory="82c30b11-a9dc-4a8f-99aa-ed4b43720b45" />
    <UnitTestResult executionId="75d40947-27ee-4bc4-b92b-c891a5492730" testId="302dc8ac-6e11-4f4b-a2a2-38ef8652ae09" testName="FormatToStringTest1000 (12429.698213906819,12429.70 zł)" computerName="DESKTOP-5URQ9PB" duration="00:00:00.0000066" startTime="2022-06-13T21:12:18.4269936+02:00" endTime="2022-06-13T21:12:18.4270621+02:00" testType="13cdc9d9-ddb5-4fa4-a97d-d965ccfc6d4b" outcome="Passed" testListId="8c84fa94-04c1-424b-9868-57a2d4851a1d" relativeResultsDirectory="75d40947-27ee-4bc4-b92b-c891a5492730" />
    <UnitTestResult executionId="28dfadf5-e822-4d72-8ea7-bef852c87891" testId="d87accff-69a1-4341-9511-3b5d539d49f3" testName="FormatToStringTest1000 (37589.670531794276,37589.67 zł)" computerName="DESKTOP-5URQ9PB" duration="00:00:00.0000091" startTime="2022-06-13T21:12:18.2820132+02:00" endTime="2022-06-13T21:12:18.2820862+02:00" testType="13cdc9d9-ddb5-4fa4-a97d-d965ccfc6d4b" outcome="Passed" testListId="8c84fa94-04c1-424b-9868-57a2d4851a1d" relativeResultsDirectory="28dfadf5-e822-4d72-8ea7-bef852c87891" />
    <UnitTestResult executionId="4ed2d028-d482-4784-a111-5d02b8d1fd25" testId="cd1f4757-8b20-4f46-af8e-a3fdc053cac2" testName="FormatToStringTest1000 (31315.40354898544,31315.40 zł)" computerName="DESKTOP-5URQ9PB" duration="00:00:00.0000065" startTime="2022-06-13T21:12:18.5393519+02:00" endTime="2022-06-13T21:12:18.5394161+02:00" testType="13cdc9d9-ddb5-4fa4-a97d-d965ccfc6d4b" outcome="Passed" testListId="8c84fa94-04c1-424b-9868-57a2d4851a1d" relativeResultsDirectory="4ed2d028-d482-4784-a111-5d02b8d1fd25" />
    <UnitTestResult executionId="6a944a45-50c8-45bb-9850-3008c227ab12" testId="6dc663dd-880d-4366-aa66-90b43c6c67d5" testName="FormatToStringTest1000 (16957.4523676757,16957.45 zł)" computerName="DESKTOP-5URQ9PB" duration="00:00:00.0000064" startTime="2022-06-13T21:12:18.4686162+02:00" endTime="2022-06-13T21:12:18.4686808+02:00" testType="13cdc9d9-ddb5-4fa4-a97d-d965ccfc6d4b" outcome="Passed" testListId="8c84fa94-04c1-424b-9868-57a2d4851a1d" relativeResultsDirectory="6a944a45-50c8-45bb-9850-3008c227ab12" />
    <UnitTestResult executionId="138a1343-1c31-4097-a4ea-18133c651ac0" testId="b9afde51-d6ad-4b86-ac8a-d47a69f53b18" testName="FormatToStringTest1000 (2298.0331723829886,2298.03 zł)" computerName="DESKTOP-5URQ9PB" duration="00:00:00.0000498" startTime="2022-06-13T21:12:18.4825443+02:00" endTime="2022-06-13T21:12:18.4831893+02:00" testType="13cdc9d9-ddb5-4fa4-a97d-d965ccfc6d4b" outcome="Passed" testListId="8c84fa94-04c1-424b-9868-57a2d4851a1d" relativeResultsDirectory="138a1343-1c31-4097-a4ea-18133c651ac0" />
    <UnitTestResult executionId="34338627-3c8d-4ae0-ab8a-c76edcb74992" testId="932721d2-70f6-4fe4-8b10-96f88ee65dfc" testName="FormatToStringTest1000 (28861.97337596769,28861.97 zł)" computerName="DESKTOP-5URQ9PB" duration="00:00:00.0000065" startTime="2022-06-13T21:12:18.4168681+02:00" endTime="2022-06-13T21:12:18.4169466+02:00" testType="13cdc9d9-ddb5-4fa4-a97d-d965ccfc6d4b" outcome="Passed" testListId="8c84fa94-04c1-424b-9868-57a2d4851a1d" relativeResultsDirectory="34338627-3c8d-4ae0-ab8a-c76edcb74992" />
    <UnitTestResult executionId="e06caa7b-ee3e-4503-8e04-7286e2fd425d" testId="1d850d82-b9b5-4123-8af7-c65016fb4fa0" testName="FormatToStringTest1000 (1751.7703038522834,1751.77 zł)" computerName="DESKTOP-5URQ9PB" duration="00:00:00.0000063" startTime="2022-06-13T21:12:18.4562506+02:00" endTime="2022-06-13T21:12:18.4563174+02:00" testType="13cdc9d9-ddb5-4fa4-a97d-d965ccfc6d4b" outcome="Passed" testListId="8c84fa94-04c1-424b-9868-57a2d4851a1d" relativeResultsDirectory="e06caa7b-ee3e-4503-8e04-7286e2fd425d" />
    <UnitTestResult executionId="34853dcb-5f9b-40c7-b782-ccfc8a835687" testId="d2079169-3bde-42a6-a5da-546cf7503d36" testName="FormatToStringTest1000 (24957.469502810607,24957.47 zł)" computerName="DESKTOP-5URQ9PB" duration="00:00:00.0000066" startTime="2022-06-13T21:12:18.2817171+02:00" endTime="2022-06-13T21:12:18.2817927+02:00" testType="13cdc9d9-ddb5-4fa4-a97d-d965ccfc6d4b" outcome="Passed" testListId="8c84fa94-04c1-424b-9868-57a2d4851a1d" relativeResultsDirectory="34853dcb-5f9b-40c7-b782-ccfc8a835687" />
    <UnitTestResult executionId="e3e7bc83-f2bb-4981-a66d-d9f6739f11af" testId="af47442b-c8d9-43df-95fc-b415532af584" testName="FormatToStringTest1000 (69373.32129976773,69373.32 zł)" computerName="DESKTOP-5URQ9PB" duration="00:00:00.0000063" startTime="2022-06-13T21:12:18.4532604+02:00" endTime="2022-06-13T21:12:18.4533274+02:00" testType="13cdc9d9-ddb5-4fa4-a97d-d965ccfc6d4b" outcome="Passed" testListId="8c84fa94-04c1-424b-9868-57a2d4851a1d" relativeResultsDirectory="e3e7bc83-f2bb-4981-a66d-d9f6739f11af" />
    <UnitTestResult executionId="e84c831e-00ff-42c6-925c-d6147250ae9b" testId="e21201b8-4652-40d6-9d33-27ec788664eb" testName="FormatToStringTest1000 (85407.13428016152,85407.13 zł)" computerName="DESKTOP-5URQ9PB" duration="00:00:00.0000063" startTime="2022-06-13T21:12:18.6390579+02:00" endTime="2022-06-13T21:12:18.6391229+02:00" testType="13cdc9d9-ddb5-4fa4-a97d-d965ccfc6d4b" outcome="Passed" testListId="8c84fa94-04c1-424b-9868-57a2d4851a1d" relativeResultsDirectory="e84c831e-00ff-42c6-925c-d6147250ae9b" />
    <UnitTestResult executionId="11d50bb9-ebe6-49d7-b307-d2a144f52a36" testId="f4295be3-c654-4399-99bc-0f8139373a40" testName="FormatToStringTest1000 (32863.31705269558,32863.32 zł)" computerName="DESKTOP-5URQ9PB" duration="00:00:00.0000069" startTime="2022-06-13T21:12:18.5671849+02:00" endTime="2022-06-13T21:12:18.5672503+02:00" testType="13cdc9d9-ddb5-4fa4-a97d-d965ccfc6d4b" outcome="Passed" testListId="8c84fa94-04c1-424b-9868-57a2d4851a1d" relativeResultsDirectory="11d50bb9-ebe6-49d7-b307-d2a144f52a36" />
    <UnitTestResult executionId="edef8dcd-628f-4fcd-b774-7bd5a39ce4cf" testId="428776fa-5b81-4b02-862b-c65f9b206cae" testName="FormatToStringTest1000 (21602.417596116393,21602.42 zł)" computerName="DESKTOP-5URQ9PB" duration="00:00:00.0000092" startTime="2022-06-13T21:12:18.3383893+02:00" endTime="2022-06-13T21:12:18.3384644+02:00" testType="13cdc9d9-ddb5-4fa4-a97d-d965ccfc6d4b" outcome="Passed" testListId="8c84fa94-04c1-424b-9868-57a2d4851a1d" relativeResultsDirectory="edef8dcd-628f-4fcd-b774-7bd5a39ce4cf" />
    <UnitTestResult executionId="d8680d0b-e2be-406b-b7d8-cebb118871d8" testId="dccdfae7-5782-4e77-9f7a-8f68aba561c0" testName="FormatToStringTest1000 (7191.024921368353,7191.02 zł)" computerName="DESKTOP-5URQ9PB" duration="00:00:00.0000069" startTime="2022-06-13T21:12:18.5532460+02:00" endTime="2022-06-13T21:12:18.5533216+02:00" testType="13cdc9d9-ddb5-4fa4-a97d-d965ccfc6d4b" outcome="Passed" testListId="8c84fa94-04c1-424b-9868-57a2d4851a1d" relativeResultsDirectory="d8680d0b-e2be-406b-b7d8-cebb118871d8" />
    <UnitTestResult executionId="d1d5a812-b108-40cd-ba86-de7f80aaa868" testId="589e06db-fd76-4ac0-a1ed-326a061206eb" testName="FormatToStringTest1000 (270.1894008262033,270.19 zł)" computerName="DESKTOP-5URQ9PB" duration="00:00:00.0000062" startTime="2022-06-13T21:12:18.4242824+02:00" endTime="2022-06-13T21:12:18.4243486+02:00" testType="13cdc9d9-ddb5-4fa4-a97d-d965ccfc6d4b" outcome="Passed" testListId="8c84fa94-04c1-424b-9868-57a2d4851a1d" relativeResultsDirectory="d1d5a812-b108-40cd-ba86-de7f80aaa868" />
    <UnitTestResult executionId="4a1b35a4-9fd2-47b9-bfff-7e4680846f03" testId="852f7a93-4f23-478e-843b-7b39c027066d" testName="FormatToStringTest1000 (43222.47958431695,43222.48 zł)" computerName="DESKTOP-5URQ9PB" duration="00:00:00.0000088" startTime="2022-06-13T21:12:18.3199183+02:00" endTime="2022-06-13T21:12:18.3200262+02:00" testType="13cdc9d9-ddb5-4fa4-a97d-d965ccfc6d4b" outcome="Passed" testListId="8c84fa94-04c1-424b-9868-57a2d4851a1d" relativeResultsDirectory="4a1b35a4-9fd2-47b9-bfff-7e4680846f03" />
    <UnitTestResult executionId="895c7a7e-2b00-4782-85fe-7f6a19b790b2" testId="d6a04346-154d-4594-9f23-2d5b8f4f02ce" testName="FormatToStringTest1000 (14475.498583194567,14475.50 zł)" computerName="DESKTOP-5URQ9PB" duration="00:00:00.0000062" startTime="2022-06-13T21:12:18.6070641+02:00" endTime="2022-06-13T21:12:18.6071285+02:00" testType="13cdc9d9-ddb5-4fa4-a97d-d965ccfc6d4b" outcome="Passed" testListId="8c84fa94-04c1-424b-9868-57a2d4851a1d" relativeResultsDirectory="895c7a7e-2b00-4782-85fe-7f6a19b790b2" />
    <UnitTestResult executionId="4b9a495b-fa21-40d4-bafc-28fd3686871a" testId="da98c7e6-2a13-4802-84bc-19c0477f68d4" testName="FormatToStringTest1000 (5835.26176155557,5835.26 zł)" computerName="DESKTOP-5URQ9PB" duration="00:00:00.0000064" startTime="2022-06-13T21:12:18.5107455+02:00" endTime="2022-06-13T21:12:18.5108114+02:00" testType="13cdc9d9-ddb5-4fa4-a97d-d965ccfc6d4b" outcome="Passed" testListId="8c84fa94-04c1-424b-9868-57a2d4851a1d" relativeResultsDirectory="4b9a495b-fa21-40d4-bafc-28fd3686871a" />
    <UnitTestResult executionId="cad63c7f-5abe-4d75-8e48-571ccbfa7a8a" testId="4866bf1d-4059-46b2-81c1-b95a6b9ebc1c" testName="FormatToStringTest1000 (24308.26523149212,24308.27 zł)" computerName="DESKTOP-5URQ9PB" duration="00:00:00.0000070" startTime="2022-06-13T21:12:18.6091649+02:00" endTime="2022-06-13T21:12:18.6092416+02:00" testType="13cdc9d9-ddb5-4fa4-a97d-d965ccfc6d4b" outcome="Passed" testListId="8c84fa94-04c1-424b-9868-57a2d4851a1d" relativeResultsDirectory="cad63c7f-5abe-4d75-8e48-571ccbfa7a8a" />
    <UnitTestResult executionId="addb72be-d3f8-4734-bde1-8ddda7087973" testId="709e72c4-2681-45bc-9c6c-3696ecbbff86" testName="FormatToStringTest1000 (40400.9734049295,40400.97 zł)" computerName="DESKTOP-5URQ9PB" duration="00:00:00.0000065" startTime="2022-06-13T21:12:18.3880653+02:00" endTime="2022-06-13T21:12:18.3881403+02:00" testType="13cdc9d9-ddb5-4fa4-a97d-d965ccfc6d4b" outcome="Passed" testListId="8c84fa94-04c1-424b-9868-57a2d4851a1d" relativeResultsDirectory="addb72be-d3f8-4734-bde1-8ddda7087973" />
    <UnitTestResult executionId="ee054671-7ad2-49a4-ad43-27bcd6c8cd22" testId="48bd36af-c979-44ea-bb44-65df8c35735d" testName="FormatToStringTest1000 (9754.291367935619,9754.29 zł)" computerName="DESKTOP-5URQ9PB" duration="00:00:00.0000068" startTime="2022-06-13T21:12:18.6384721+02:00" endTime="2022-06-13T21:12:18.6385395+02:00" testType="13cdc9d9-ddb5-4fa4-a97d-d965ccfc6d4b" outcome="Passed" testListId="8c84fa94-04c1-424b-9868-57a2d4851a1d" relativeResultsDirectory="ee054671-7ad2-49a4-ad43-27bcd6c8cd22" />
    <UnitTestResult executionId="9562d527-af4c-431e-b6ae-4d887f280716" testId="7e8b5b83-14aa-4b4d-a48c-c0440af37880" testName="FormatToStringTest1000 (2951.2722077329045,2951.27 zł)" computerName="DESKTOP-5URQ9PB" duration="00:00:00.0000070" startTime="2022-06-13T21:12:18.3567371+02:00" endTime="2022-06-13T21:12:18.3568049+02:00" testType="13cdc9d9-ddb5-4fa4-a97d-d965ccfc6d4b" outcome="Passed" testListId="8c84fa94-04c1-424b-9868-57a2d4851a1d" relativeResultsDirectory="9562d527-af4c-431e-b6ae-4d887f280716" />
    <UnitTestResult executionId="568523f6-fa8f-4757-ba89-564a315d7c0d" testId="78364497-1760-4f9b-b5af-3907a8b073ad" testName="FormatToStringTest1000 (15591.4117417221,15591.41 zł)" computerName="DESKTOP-5URQ9PB" duration="00:00:00.0000065" startTime="2022-06-13T21:12:18.6096691+02:00" endTime="2022-06-13T21:12:18.6097317+02:00" testType="13cdc9d9-ddb5-4fa4-a97d-d965ccfc6d4b" outcome="Passed" testListId="8c84fa94-04c1-424b-9868-57a2d4851a1d" relativeResultsDirectory="568523f6-fa8f-4757-ba89-564a315d7c0d" />
    <UnitTestResult executionId="aecb6071-aa2c-48eb-ad7a-452751389070" testId="11c87636-ece1-4ec3-8ee4-ca1c03e79f0a" testName="FormatToStringTest1000 (39146.892120180135,39146.89 zł)" computerName="DESKTOP-5URQ9PB" duration="00:00:00.0000063" startTime="2022-06-13T21:12:18.6207690+02:00" endTime="2022-06-13T21:12:18.6208343+02:00" testType="13cdc9d9-ddb5-4fa4-a97d-d965ccfc6d4b" outcome="Passed" testListId="8c84fa94-04c1-424b-9868-57a2d4851a1d" relativeResultsDirectory="aecb6071-aa2c-48eb-ad7a-452751389070" />
    <UnitTestResult executionId="5e5015d1-502f-4529-8ea1-b57e844140b2" testId="78e5610f-1cbf-4cef-8ae7-5a99334e2e46" testName="FormatToStringTest1000 (34242.181005260056,34242.18 zł)" computerName="DESKTOP-5URQ9PB" duration="00:00:00.0000063" startTime="2022-06-13T21:12:18.5253938+02:00" endTime="2022-06-13T21:12:18.5254594+02:00" testType="13cdc9d9-ddb5-4fa4-a97d-d965ccfc6d4b" outcome="Passed" testListId="8c84fa94-04c1-424b-9868-57a2d4851a1d" relativeResultsDirectory="5e5015d1-502f-4529-8ea1-b57e844140b2" />
    <UnitTestResult executionId="7654f6e6-66b3-485e-9c02-7561a4c71ec1" testId="c5f712c2-f6b0-4ac9-b19b-08cc49a04a88" testName="FormatToStringTest1000 (12308.022158465357,12308.02 zł)" computerName="DESKTOP-5URQ9PB" duration="00:00:00.0000063" startTime="2022-06-13T21:12:18.4243658+02:00" endTime="2022-06-13T21:12:18.4244322+02:00" testType="13cdc9d9-ddb5-4fa4-a97d-d965ccfc6d4b" outcome="Passed" testListId="8c84fa94-04c1-424b-9868-57a2d4851a1d" relativeResultsDirectory="7654f6e6-66b3-485e-9c02-7561a4c71ec1" />
    <UnitTestResult executionId="2d23c0b2-3550-45ab-8aed-24d606a12509" testId="a952cd0e-380a-4f58-881b-87b9b2c6b532" testName="FormatToStringTest1000 (52032.65082931176,52032.65 zł)" computerName="DESKTOP-5URQ9PB" duration="00:00:00.0000063" startTime="2022-06-13T21:12:18.6332732+02:00" endTime="2022-06-13T21:12:18.6333379+02:00" testType="13cdc9d9-ddb5-4fa4-a97d-d965ccfc6d4b" outcome="Passed" testListId="8c84fa94-04c1-424b-9868-57a2d4851a1d" relativeResultsDirectory="2d23c0b2-3550-45ab-8aed-24d606a12509" />
    <UnitTestResult executionId="87d3f924-deb8-48c8-bb62-32062cefcb9f" testId="4d4d4e6f-3588-49ee-8cca-73b768a7f893" testName="FormatToStringTest1000 (24729.333280806586,24729.33 zł)" computerName="DESKTOP-5URQ9PB" duration="00:00:00.0000062" startTime="2022-06-13T21:12:18.5134827+02:00" endTime="2022-06-13T21:12:18.5135470+02:00" testType="13cdc9d9-ddb5-4fa4-a97d-d965ccfc6d4b" outcome="Passed" testListId="8c84fa94-04c1-424b-9868-57a2d4851a1d" relativeResultsDirectory="87d3f924-deb8-48c8-bb62-32062cefcb9f" />
    <UnitTestResult executionId="29f09ccb-c5ae-4066-9c82-8b953dd45998" testId="b63f0631-3b5b-40d7-aba4-86ef902befca" testName="FormatToStringTest1000 (59768.02667973611,59768.03 zł)" computerName="DESKTOP-5URQ9PB" duration="00:00:00.0000062" startTime="2022-06-13T21:12:18.4622207+02:00" endTime="2022-06-13T21:12:18.4622877+02:00" testType="13cdc9d9-ddb5-4fa4-a97d-d965ccfc6d4b" outcome="Passed" testListId="8c84fa94-04c1-424b-9868-57a2d4851a1d" relativeResultsDirectory="29f09ccb-c5ae-4066-9c82-8b953dd45998" />
    <UnitTestResult executionId="142f120a-9785-4e62-aad3-68fb61a3a791" testId="8b1670ce-7161-4885-8bac-f73fbaccfbdd" testName="FormatToStringTest1000 (20752.33758466334,20752.34 zł)" computerName="DESKTOP-5URQ9PB" duration="00:00:00.0000063" startTime="2022-06-13T21:12:18.4044754+02:00" endTime="2022-06-13T21:12:18.4045422+02:00" testType="13cdc9d9-ddb5-4fa4-a97d-d965ccfc6d4b" outcome="Passed" testListId="8c84fa94-04c1-424b-9868-57a2d4851a1d" relativeResultsDirectory="142f120a-9785-4e62-aad3-68fb61a3a791" />
    <UnitTestResult executionId="cab8206b-911c-4753-9a1a-9c475ccb77bf" testId="0465e416-b4ba-43dd-bb9d-c4ced00ea802" testName="FormatToStringTest1000 (30031.89550569323,30031.90 zł)" computerName="DESKTOP-5URQ9PB" duration="00:00:00.0000062" startTime="2022-06-13T21:12:18.4271633+02:00" endTime="2022-06-13T21:12:18.4272302+02:00" testType="13cdc9d9-ddb5-4fa4-a97d-d965ccfc6d4b" outcome="Passed" testListId="8c84fa94-04c1-424b-9868-57a2d4851a1d" relativeResultsDirectory="cab8206b-911c-4753-9a1a-9c475ccb77bf" />
    <UnitTestResult executionId="195f2774-3bc4-458a-b0f4-8e5e253ae176" testId="486b8e71-2377-4cbc-a4e6-59ac635c8ec2" testName="FormatToStringTest1000 (28306.369434126827,28306.37 zł)" computerName="DESKTOP-5URQ9PB" duration="00:00:00.0000063" startTime="2022-06-13T21:12:18.6145021+02:00" endTime="2022-06-13T21:12:18.6145674+02:00" testType="13cdc9d9-ddb5-4fa4-a97d-d965ccfc6d4b" outcome="Passed" testListId="8c84fa94-04c1-424b-9868-57a2d4851a1d" relativeResultsDirectory="195f2774-3bc4-458a-b0f4-8e5e253ae176" />
    <UnitTestResult executionId="c580d6bb-39df-4419-a5f6-4a0acc7d5860" testId="6bd5fd0d-0894-4ea5-8bed-274811facdc3" testName="FormatToStringTest1000 (38803.03958246253,38803.04 zł)" computerName="DESKTOP-5URQ9PB" duration="00:00:00.0000065" startTime="2022-06-13T21:12:18.3606248+02:00" endTime="2022-06-13T21:12:18.3606968+02:00" testType="13cdc9d9-ddb5-4fa4-a97d-d965ccfc6d4b" outcome="Passed" testListId="8c84fa94-04c1-424b-9868-57a2d4851a1d" relativeResultsDirectory="c580d6bb-39df-4419-a5f6-4a0acc7d5860" />
    <UnitTestResult executionId="e57b74b5-a837-4159-9491-3470f9288652" testId="fc798b8c-e6d4-4a3e-9cd8-d3ab659e0b5a" testName="FormatToStringTest1000 (8514.837538072763,8514.84 zł)" computerName="DESKTOP-5URQ9PB" duration="00:00:00.0000063" startTime="2022-06-13T21:12:18.6305811+02:00" endTime="2022-06-13T21:12:18.6306454+02:00" testType="13cdc9d9-ddb5-4fa4-a97d-d965ccfc6d4b" outcome="Passed" testListId="8c84fa94-04c1-424b-9868-57a2d4851a1d" relativeResultsDirectory="e57b74b5-a837-4159-9491-3470f9288652" />
    <UnitTestResult executionId="423b9fb7-e232-464f-8f89-3f275ad3e60e" testId="8400aad2-798d-4605-b837-3e6ca994c35b" testName="FormatToStringTest1000 (13286.856387228174,13286.86 zł)" computerName="DESKTOP-5URQ9PB" duration="00:00:00.0000109" startTime="2022-06-13T21:12:18.5698265+02:00" endTime="2022-06-13T21:12:18.5699027+02:00" testType="13cdc9d9-ddb5-4fa4-a97d-d965ccfc6d4b" outcome="Passed" testListId="8c84fa94-04c1-424b-9868-57a2d4851a1d" relativeResultsDirectory="423b9fb7-e232-464f-8f89-3f275ad3e60e" />
    <UnitTestResult executionId="8fa9ed97-29c2-4bb2-b5b3-befbbb7ae007" testId="d77dde5b-d80a-4830-9a16-f86ebf7a9beb" testName="FormatToStringTest1000 (6213.265206352466,6213.27 zł)" computerName="DESKTOP-5URQ9PB" duration="00:00:00.0000064" startTime="2022-06-13T21:12:18.4074432+02:00" endTime="2022-06-13T21:12:18.4075110+02:00" testType="13cdc9d9-ddb5-4fa4-a97d-d965ccfc6d4b" outcome="Passed" testListId="8c84fa94-04c1-424b-9868-57a2d4851a1d" relativeResultsDirectory="8fa9ed97-29c2-4bb2-b5b3-befbbb7ae007" />
    <UnitTestResult executionId="ad4899a9-05d9-4d42-9f9f-fbe0d3a3de2e" testId="184a1f10-7c7f-4f7c-8e31-fd68c28a89a4" testName="FormatToStringTest1000 (29975.4018974022,29975.40 zł)" computerName="DESKTOP-5URQ9PB" duration="00:00:00.0000065" startTime="2022-06-13T21:12:18.5673482+02:00" endTime="2022-06-13T21:12:18.5674103+02:00" testType="13cdc9d9-ddb5-4fa4-a97d-d965ccfc6d4b" outcome="Passed" testListId="8c84fa94-04c1-424b-9868-57a2d4851a1d" relativeResultsDirectory="ad4899a9-05d9-4d42-9f9f-fbe0d3a3de2e" />
    <UnitTestResult executionId="fe3f4d36-f17c-4e6f-84d2-97457a026100" testId="16f49d44-97df-44ce-9381-429cd37de14d" testName="FormatToStringTest1000 (46590.9609819562,46590.96 zł)" computerName="DESKTOP-5URQ9PB" duration="00:00:00.0000064" startTime="2022-06-13T21:12:18.3671678+02:00" endTime="2022-06-13T21:12:18.3672332+02:00" testType="13cdc9d9-ddb5-4fa4-a97d-d965ccfc6d4b" outcome="Passed" testListId="8c84fa94-04c1-424b-9868-57a2d4851a1d" relativeResultsDirectory="fe3f4d36-f17c-4e6f-84d2-97457a026100" />
    <UnitTestResult executionId="3c40a9a6-5f11-486f-9c7a-635e0bec57ec" testId="5d2e5a3a-ef13-4309-9528-4fa196a66e67" testName="FormatToStringTest1000 (18424.864078561244,18424.86 zł)" computerName="DESKTOP-5URQ9PB" duration="00:00:00.0000064" startTime="2022-06-13T21:12:18.3776217+02:00" endTime="2022-06-13T21:12:18.3776988+02:00" testType="13cdc9d9-ddb5-4fa4-a97d-d965ccfc6d4b" outcome="Passed" testListId="8c84fa94-04c1-424b-9868-57a2d4851a1d" relativeResultsDirectory="3c40a9a6-5f11-486f-9c7a-635e0bec57ec" />
    <UnitTestResult executionId="873a9e5b-2b15-4431-8ac0-0bed73665a4f" testId="325a0cc9-f97a-4c63-aeb3-f80a1f1a1498" testName="FormatToStringTest1000 (52888.48934243642,52888.49 zł)" computerName="DESKTOP-5URQ9PB" duration="00:00:00.0000061" startTime="2022-06-13T21:12:18.4424833+02:00" endTime="2022-06-13T21:12:18.4425515+02:00" testType="13cdc9d9-ddb5-4fa4-a97d-d965ccfc6d4b" outcome="Passed" testListId="8c84fa94-04c1-424b-9868-57a2d4851a1d" relativeResultsDirectory="873a9e5b-2b15-4431-8ac0-0bed73665a4f" />
    <UnitTestResult executionId="eacab4ea-ca6f-4730-9d85-8d8523a69cd4" testId="13ae744a-1a5f-4dcf-9e79-1321815dbf6b" testName="FormatToStringTest1000 (67898.54481444067,67898.54 zł)" computerName="DESKTOP-5URQ9PB" duration="00:00:00.0000064" startTime="2022-06-13T21:12:18.3460680+02:00" endTime="2022-06-13T21:12:18.3461353+02:00" testType="13cdc9d9-ddb5-4fa4-a97d-d965ccfc6d4b" outcome="Passed" testListId="8c84fa94-04c1-424b-9868-57a2d4851a1d" relativeResultsDirectory="eacab4ea-ca6f-4730-9d85-8d8523a69cd4" />
    <UnitTestResult executionId="ecbb57a5-448e-4f2f-8644-b915b47391ce" testId="7d16a08c-0aca-4f43-94ea-8ce1e253ad95" testName="FormatToStringTest1000 (9097.395563790293,9097.40 zł)" computerName="DESKTOP-5URQ9PB" duration="00:00:00.0000062" startTime="2022-06-13T21:12:18.5791863+02:00" endTime="2022-06-13T21:12:18.5792509+02:00" testType="13cdc9d9-ddb5-4fa4-a97d-d965ccfc6d4b" outcome="Passed" testListId="8c84fa94-04c1-424b-9868-57a2d4851a1d" relativeResultsDirectory="ecbb57a5-448e-4f2f-8644-b915b47391ce" />
    <UnitTestResult executionId="b0033cfd-3c63-4d3d-8106-9a850b20fb66" testId="80a166c0-bd43-41f4-b001-cb21bcec96db" testName="FormatToStringTest1000 (6352.983758103561,6352.98 zł)" computerName="DESKTOP-5URQ9PB" duration="00:00:00.0000071" startTime="2022-06-13T21:12:18.5895182+02:00" endTime="2022-06-13T21:12:18.5896020+02:00" testType="13cdc9d9-ddb5-4fa4-a97d-d965ccfc6d4b" outcome="Passed" testListId="8c84fa94-04c1-424b-9868-57a2d4851a1d" relativeResultsDirectory="b0033cfd-3c63-4d3d-8106-9a850b20fb66" />
    <UnitTestResult executionId="c3478012-8a49-4f39-9768-bac85e393f48" testId="1a658070-de10-4fa5-bc99-a3c3da26ac6c" testName="FormatToStringTest1000 (30807.823896702295,30807.82 zł)" computerName="DESKTOP-5URQ9PB" duration="00:00:00.0000062" startTime="2022-06-13T21:12:18.5590168+02:00" endTime="2022-06-13T21:12:18.5590814+02:00" testType="13cdc9d9-ddb5-4fa4-a97d-d965ccfc6d4b" outcome="Passed" testListId="8c84fa94-04c1-424b-9868-57a2d4851a1d" relativeResultsDirectory="c3478012-8a49-4f39-9768-bac85e393f48" />
    <UnitTestResult executionId="2b157a08-b4f0-4465-abfb-7c0297af0bcf" testId="fab28d6f-d48a-43b8-9db0-1ddb342d2cb4" testName="FormatToStringTest1000 (395.45790295882983,395.46 zł)" computerName="DESKTOP-5URQ9PB" duration="00:00:00.0000063" startTime="2022-06-13T21:12:18.4274166+02:00" endTime="2022-06-13T21:12:18.4274838+02:00" testType="13cdc9d9-ddb5-4fa4-a97d-d965ccfc6d4b" outcome="Passed" testListId="8c84fa94-04c1-424b-9868-57a2d4851a1d" relativeResultsDirectory="2b157a08-b4f0-4465-abfb-7c0297af0bcf" />
    <UnitTestResult executionId="22a9b513-77d8-496c-8419-6ab02848fd5f" testId="1927272e-86f6-4dbe-a71a-08fd7f747bd3" testName="FormatToStringTest1000 (5611.05334835176,5611.05 zł)" computerName="DESKTOP-5URQ9PB" duration="00:00:00.0000065" startTime="2022-06-13T21:12:18.4397670+02:00" endTime="2022-06-13T21:12:18.4398315+02:00" testType="13cdc9d9-ddb5-4fa4-a97d-d965ccfc6d4b" outcome="Passed" testListId="8c84fa94-04c1-424b-9868-57a2d4851a1d" relativeResultsDirectory="22a9b513-77d8-496c-8419-6ab02848fd5f" />
    <UnitTestResult executionId="ad90bc90-4e6f-4ac1-b9af-a4ce76a604c5" testId="be251057-c7e1-4d04-a9ea-09a701191368" testName="FormatToStringTest1000 (59283.48311990662,59283.48 zł)" computerName="DESKTOP-5URQ9PB" duration="00:00:00.0000064" startTime="2022-06-13T21:12:18.3809691+02:00" endTime="2022-06-13T21:12:18.3810424+02:00" testType="13cdc9d9-ddb5-4fa4-a97d-d965ccfc6d4b" outcome="Passed" testListId="8c84fa94-04c1-424b-9868-57a2d4851a1d" relativeResultsDirectory="ad90bc90-4e6f-4ac1-b9af-a4ce76a604c5" />
    <UnitTestResult executionId="f6cf2cac-8ffe-4a1a-8bef-a3c3ab6ba11a" testId="abbc0256-ea1a-4af2-b520-c2e243ff517f" testName="FormatToStringTest1000 (5396.620088554277,5396.62 zł)" computerName="DESKTOP-5URQ9PB" duration="00:00:00.0000063" startTime="2022-06-13T21:12:18.2782206+02:00" endTime="2022-06-13T21:12:18.2782868+02:00" testType="13cdc9d9-ddb5-4fa4-a97d-d965ccfc6d4b" outcome="Passed" testListId="8c84fa94-04c1-424b-9868-57a2d4851a1d" relativeResultsDirectory="f6cf2cac-8ffe-4a1a-8bef-a3c3ab6ba11a" />
    <UnitTestResult executionId="2d5a0723-de63-405f-b30a-30bd421ab78d" testId="7e6ca772-6da2-4232-96d1-b91a3a2ef922" testName="FormatToStringTest1000 (30071.004434484523,30071.00 zł)" computerName="DESKTOP-5URQ9PB" duration="00:00:00.0000198" startTime="2022-06-13T21:12:18.3386081+02:00" endTime="2022-06-13T21:12:18.3388230+02:00" testType="13cdc9d9-ddb5-4fa4-a97d-d965ccfc6d4b" outcome="Passed" testListId="8c84fa94-04c1-424b-9868-57a2d4851a1d" relativeResultsDirectory="2d5a0723-de63-405f-b30a-30bd421ab78d" />
    <UnitTestResult executionId="2317845d-befc-4f7d-831f-aea7b1993211" testId="8d7db312-6831-4f45-8f95-e05220218b4a" testName="FormatToStringTest1000 (38076.55319665165,38076.55 zł)" computerName="DESKTOP-5URQ9PB" duration="00:00:00.0000062" startTime="2022-06-13T21:12:18.3171597+02:00" endTime="2022-06-13T21:12:18.3172260+02:00" testType="13cdc9d9-ddb5-4fa4-a97d-d965ccfc6d4b" outcome="Passed" testListId="8c84fa94-04c1-424b-9868-57a2d4851a1d" relativeResultsDirectory="2317845d-befc-4f7d-831f-aea7b1993211" />
    <UnitTestResult executionId="cd54ccd6-65fd-4d5d-bc7e-a37f79cc7888" testId="7f09cdda-a81f-40a8-9fe8-dd2991d60db1" testName="FormatToStringTest1000 (50550.645020282194,50550.65 zł)" computerName="DESKTOP-5URQ9PB" duration="00:00:00.0000403" startTime="2022-06-13T21:12:18.5002509+02:00" endTime="2022-06-13T21:12:18.5005081+02:00" testType="13cdc9d9-ddb5-4fa4-a97d-d965ccfc6d4b" outcome="Passed" testListId="8c84fa94-04c1-424b-9868-57a2d4851a1d" relativeResultsDirectory="cd54ccd6-65fd-4d5d-bc7e-a37f79cc7888" />
    <UnitTestResult executionId="caeb0070-1ab4-4f5c-a1e7-8f6725c00e8f" testId="318dc42e-d9c9-4f46-9b7e-da7265714aaa" testName="FormatToStringTest1000 (5855.75080885354,5855.75 zł)" computerName="DESKTOP-5URQ9PB" duration="00:00:00.0000070" startTime="2022-06-13T21:12:18.5486232+02:00" endTime="2022-06-13T21:12:18.5486863+02:00" testType="13cdc9d9-ddb5-4fa4-a97d-d965ccfc6d4b" outcome="Passed" testListId="8c84fa94-04c1-424b-9868-57a2d4851a1d" relativeResultsDirectory="caeb0070-1ab4-4f5c-a1e7-8f6725c00e8f" />
    <UnitTestResult executionId="a7968cfd-0b51-4c36-83b7-8d0ee6995379" testId="6c685f4f-9b61-46d1-83c1-d9487fd1a822" testName="FormatToStringTest1000 (25794.833624416417,25794.83 zł)" computerName="DESKTOP-5URQ9PB" duration="00:00:00.0000063" startTime="2022-06-13T21:12:18.5482134+02:00" endTime="2022-06-13T21:12:18.5482789+02:00" testType="13cdc9d9-ddb5-4fa4-a97d-d965ccfc6d4b" outcome="Passed" testListId="8c84fa94-04c1-424b-9868-57a2d4851a1d" relativeResultsDirectory="a7968cfd-0b51-4c36-83b7-8d0ee6995379" />
    <UnitTestResult executionId="a6b05fa9-f3b1-4243-8595-18154eb23d41" testId="37265a4d-2dc4-42f9-a6cb-bd3b9118cb45" testName="FormatToStringTest1000 (15861.139287455073,15861.14 zł)" computerName="DESKTOP-5URQ9PB" duration="00:00:00.0000065" startTime="2022-06-13T21:12:18.3881575+02:00" endTime="2022-06-13T21:12:18.3882323+02:00" testType="13cdc9d9-ddb5-4fa4-a97d-d965ccfc6d4b" outcome="Passed" testListId="8c84fa94-04c1-424b-9868-57a2d4851a1d" relativeResultsDirectory="a6b05fa9-f3b1-4243-8595-18154eb23d41" />
    <UnitTestResult executionId="111a5dc1-8bd5-4c96-99c9-b6ff126a0be7" testId="aae0a412-435c-4eb4-b43b-ff80a0c8b65b" testName="FormatToStringTest1000 (2835.0728237931958,2835.07 zł)" computerName="DESKTOP-5URQ9PB" duration="00:00:00.0000062" startTime="2022-06-13T21:12:18.5137250+02:00" endTime="2022-06-13T21:12:18.5137897+02:00" testType="13cdc9d9-ddb5-4fa4-a97d-d965ccfc6d4b" outcome="Passed" testListId="8c84fa94-04c1-424b-9868-57a2d4851a1d" relativeResultsDirectory="111a5dc1-8bd5-4c96-99c9-b6ff126a0be7" />
    <UnitTestResult executionId="101a4ceb-e7e4-4bbd-a7fb-fe877e6b46fb" testId="08a1e9bb-53f8-4a57-b474-a6a2861a127b" testName="FormatToStringTest1000 (8885.065440211942,8885.07 zł)" computerName="DESKTOP-5URQ9PB" duration="00:00:00.0000065" startTime="2022-06-13T21:12:18.4460636+02:00" endTime="2022-06-13T21:12:18.4461390+02:00" testType="13cdc9d9-ddb5-4fa4-a97d-d965ccfc6d4b" outcome="Passed" testListId="8c84fa94-04c1-424b-9868-57a2d4851a1d" relativeResultsDirectory="101a4ceb-e7e4-4bbd-a7fb-fe877e6b46fb" />
    <UnitTestResult executionId="8647b632-5d60-4f45-aa31-006c2079b7e2" testId="85c07297-96e5-4540-b76c-de147c4a97cd" testName="FormatToStringTest1000 (36760.171806480816,36760.17 zł)" computerName="DESKTOP-5URQ9PB" duration="00:00:00.0000062" startTime="2022-06-13T21:12:18.5615987+02:00" endTime="2022-06-13T21:12:18.5616638+02:00" testType="13cdc9d9-ddb5-4fa4-a97d-d965ccfc6d4b" outcome="Passed" testListId="8c84fa94-04c1-424b-9868-57a2d4851a1d" relativeResultsDirectory="8647b632-5d60-4f45-aa31-006c2079b7e2" />
    <UnitTestResult executionId="8615a464-0b5a-4bf0-8b4d-6b01bac14a8f" testId="7e2981fc-deaf-49e8-bed6-6a27d93a2c83" testName="FormatToStringTest1000 (47964.941885361884,47964.94 zł)" computerName="DESKTOP-5URQ9PB" duration="00:00:00.0000064" startTime="2022-06-13T21:12:18.3261850+02:00" endTime="2022-06-13T21:12:18.3262538+02:00" testType="13cdc9d9-ddb5-4fa4-a97d-d965ccfc6d4b" outcome="Passed" testListId="8c84fa94-04c1-424b-9868-57a2d4851a1d" relativeResultsDirectory="8615a464-0b5a-4bf0-8b4d-6b01bac14a8f" />
    <UnitTestResult executionId="f09062dc-e1c0-4bd1-a1f3-f780925d36b3" testId="8c825b83-5499-43d8-9d94-a16bb2447638" testName="FormatToStringTest1000 (26220.382477706476,26220.38 zł)" computerName="DESKTOP-5URQ9PB" duration="00:00:00.0000064" startTime="2022-06-13T21:12:18.5872468+02:00" endTime="2022-06-13T21:12:18.5873145+02:00" testType="13cdc9d9-ddb5-4fa4-a97d-d965ccfc6d4b" outcome="Passed" testListId="8c84fa94-04c1-424b-9868-57a2d4851a1d" relativeResultsDirectory="f09062dc-e1c0-4bd1-a1f3-f780925d36b3" />
    <UnitTestResult executionId="92362b74-303f-42f7-85d6-e6a909ccf5d4" testId="997c9e1d-d8b9-4a86-b753-5fba5b6630e8" testName="FormatToStringTest1000 (11494.27761332238,11494.28 zł)" computerName="DESKTOP-5URQ9PB" duration="00:00:00.0000065" startTime="2022-06-13T21:12:18.3772278+02:00" endTime="2022-06-13T21:12:18.3773065+02:00" testType="13cdc9d9-ddb5-4fa4-a97d-d965ccfc6d4b" outcome="Passed" testListId="8c84fa94-04c1-424b-9868-57a2d4851a1d" relativeResultsDirectory="92362b74-303f-42f7-85d6-e6a909ccf5d4" />
    <UnitTestResult executionId="104636c0-2756-42c3-8c3b-6f6177e649e3" testId="b9775dd9-2e70-4c50-80e9-fc748f26b037" testName="FormatToStringTest1000 (24695.917440203913,24695.92 zł)" computerName="DESKTOP-5URQ9PB" duration="00:00:00.0000410" startTime="2022-06-13T21:12:18.4992440+02:00" endTime="2022-06-13T21:12:18.4995121+02:00" testType="13cdc9d9-ddb5-4fa4-a97d-d965ccfc6d4b" outcome="Passed" testListId="8c84fa94-04c1-424b-9868-57a2d4851a1d" relativeResultsDirectory="104636c0-2756-42c3-8c3b-6f6177e649e3" />
    <UnitTestResult executionId="893041d7-0b80-41ca-b117-c13623ff148c" testId="f859d88a-40cb-4859-b08d-d215a33ff54c" testName="FormatToStringTest1000 (28987.862854782896,28987.86 zł)" computerName="DESKTOP-5URQ9PB" duration="00:00:00.0000062" startTime="2022-06-13T21:12:18.5738082+02:00" endTime="2022-06-13T21:12:18.5738733+02:00" testType="13cdc9d9-ddb5-4fa4-a97d-d965ccfc6d4b" outcome="Passed" testListId="8c84fa94-04c1-424b-9868-57a2d4851a1d" relativeResultsDirectory="893041d7-0b80-41ca-b117-c13623ff148c" />
    <UnitTestResult executionId="e2955068-b809-44d5-9e46-51ca4aab55d7" testId="e0d136dd-d590-42e4-b682-4a182fa79074" testName="FormatToStringTest1000 (14635.510547500808,14635.51 zł)" computerName="DESKTOP-5URQ9PB" duration="00:00:00.0000063" startTime="2022-06-13T21:12:18.5280069+02:00" endTime="2022-06-13T21:12:18.5280729+02:00" testType="13cdc9d9-ddb5-4fa4-a97d-d965ccfc6d4b" outcome="Passed" testListId="8c84fa94-04c1-424b-9868-57a2d4851a1d" relativeResultsDirectory="e2955068-b809-44d5-9e46-51ca4aab55d7" />
    <UnitTestResult executionId="34faeace-6b2d-4ba4-a9e9-9ed51c66a48c" testId="204b7f97-8dd4-478c-9082-ec48bb8b62d3" testName="FormatToStringTest1000 (8644.187977380207,8644.19 zł)" computerName="DESKTOP-5URQ9PB" duration="00:00:00.0000124" startTime="2022-06-13T21:12:18.5733584+02:00" endTime="2022-06-13T21:12:18.5735188+02:00" testType="13cdc9d9-ddb5-4fa4-a97d-d965ccfc6d4b" outcome="Passed" testListId="8c84fa94-04c1-424b-9868-57a2d4851a1d" relativeResultsDirectory="34faeace-6b2d-4ba4-a9e9-9ed51c66a48c" />
    <UnitTestResult executionId="983c3a14-e3a7-4e15-89fc-071d6c9e180d" testId="2bd88357-641b-4c38-bdf0-d7849c7ab109" testName="FormatToStringTest1000 (5247.779940802501,5247.78 zł)" computerName="DESKTOP-5URQ9PB" duration="00:00:00.0000063" startTime="2022-06-13T21:12:18.6386403+02:00" endTime="2022-06-13T21:12:18.6387065+02:00" testType="13cdc9d9-ddb5-4fa4-a97d-d965ccfc6d4b" outcome="Passed" testListId="8c84fa94-04c1-424b-9868-57a2d4851a1d" relativeResultsDirectory="983c3a14-e3a7-4e15-89fc-071d6c9e180d" />
    <UnitTestResult executionId="34b44701-0247-4ae1-aa35-c630b819c3be" testId="e1af7904-aa46-46a5-bed0-d95762a58273" testName="FormatToStringTest1000 (64124.274503948756,64124.27 zł)" computerName="DESKTOP-5URQ9PB" duration="00:00:00.0000063" startTime="2022-06-13T21:12:18.4047285+02:00" endTime="2022-06-13T21:12:18.4047956+02:00" testType="13cdc9d9-ddb5-4fa4-a97d-d965ccfc6d4b" outcome="Passed" testListId="8c84fa94-04c1-424b-9868-57a2d4851a1d" relativeResultsDirectory="34b44701-0247-4ae1-aa35-c630b819c3be" />
    <UnitTestResult executionId="87ac0826-180d-4e71-bd61-365da25bc081" testId="cdc02bcf-c521-4d9d-bf14-06fb93ffb357" testName="FormatToStringTest1000 (30360.993128030557,30360.99 zł)" computerName="DESKTOP-5URQ9PB" duration="00:00:00.0000061" startTime="2022-06-13T21:12:18.6357408+02:00" endTime="2022-06-13T21:12:18.6358069+02:00" testType="13cdc9d9-ddb5-4fa4-a97d-d965ccfc6d4b" outcome="Passed" testListId="8c84fa94-04c1-424b-9868-57a2d4851a1d" relativeResultsDirectory="87ac0826-180d-4e71-bd61-365da25bc081" />
    <UnitTestResult executionId="4359d943-e4ac-49f3-9072-595e4a8442e2" testId="4493994a-9a17-409a-8f4b-72cf45c9b2c9" testName="FormatToStringTest1000 (75514.58914517732,75514.59 zł)" computerName="DESKTOP-5URQ9PB" duration="00:00:00.0000066" startTime="2022-06-13T21:12:18.4172433+02:00" endTime="2022-06-13T21:12:18.4173187+02:00" testType="13cdc9d9-ddb5-4fa4-a97d-d965ccfc6d4b" outcome="Passed" testListId="8c84fa94-04c1-424b-9868-57a2d4851a1d" relativeResultsDirectory="4359d943-e4ac-49f3-9072-595e4a8442e2" />
    <UnitTestResult executionId="89715e39-1d95-4f71-b9ed-0212f47423c8" testId="ed8778c6-fdeb-461e-ae15-e9206ccc8101" testName="FormatToStringTest1000 (2718.1767171650085,2718.18 zł)" computerName="DESKTOP-5URQ9PB" duration="00:00:00.0000064" startTime="2022-06-13T21:12:18.3844894+02:00" endTime="2022-06-13T21:12:18.3845625+02:00" testType="13cdc9d9-ddb5-4fa4-a97d-d965ccfc6d4b" outcome="Passed" testListId="8c84fa94-04c1-424b-9868-57a2d4851a1d" relativeResultsDirectory="89715e39-1d95-4f71-b9ed-0212f47423c8" />
    <UnitTestResult executionId="c36a438f-c9d9-4c53-b5bc-db42e0c6503b" testId="d6c13abd-2818-40ca-8d99-f904450cf73e" testName="FormatToStringTest1000 (30722.846572104303,30722.85 zł)" computerName="DESKTOP-5URQ9PB" duration="00:00:00.0000063" startTime="2022-06-13T21:12:18.5253100+02:00" endTime="2022-06-13T21:12:18.5253757+02:00" testType="13cdc9d9-ddb5-4fa4-a97d-d965ccfc6d4b" outcome="Passed" testListId="8c84fa94-04c1-424b-9868-57a2d4851a1d" relativeResultsDirectory="c36a438f-c9d9-4c53-b5bc-db42e0c6503b" />
    <UnitTestResult executionId="a05abc9d-6265-458d-9794-0ee5fd852ee3" testId="97439035-dbc2-4d31-924f-3ad6b04cb5a7" testName="FormatToStringTest1000 (96.75594581512546,96.76 zł)" computerName="DESKTOP-5URQ9PB" duration="00:00:00.0000069" startTime="2022-06-13T21:12:18.2964407+02:00" endTime="2022-06-13T21:12:18.2965081+02:00" testType="13cdc9d9-ddb5-4fa4-a97d-d965ccfc6d4b" outcome="Passed" testListId="8c84fa94-04c1-424b-9868-57a2d4851a1d" relativeResultsDirectory="a05abc9d-6265-458d-9794-0ee5fd852ee3" />
    <UnitTestResult executionId="311ec07e-a880-4dd6-a331-369ec8caf597" testId="ce399cb6-1b64-4f5d-a37f-5aa9c03edd56" testName="FormatToStringTest1000 (49672.98901987402,49672.99 zł)" computerName="DESKTOP-5URQ9PB" duration="00:00:00.0000070" startTime="2022-06-13T21:12:18.4302072+02:00" endTime="2022-06-13T21:12:18.4302738+02:00" testType="13cdc9d9-ddb5-4fa4-a97d-d965ccfc6d4b" outcome="Passed" testListId="8c84fa94-04c1-424b-9868-57a2d4851a1d" relativeResultsDirectory="311ec07e-a880-4dd6-a331-369ec8caf597" />
    <UnitTestResult executionId="ea08811a-06d0-4615-a42f-94f13f57ec4e" testId="94066e16-a689-4da7-82fc-f9666a6566e5" testName="FormatToStringTest1000 (28192.949128067565,28192.95 zł)" computerName="DESKTOP-5URQ9PB" duration="00:00:00.0000065" startTime="2022-06-13T21:12:18.2902977+02:00" endTime="2022-06-13T21:12:18.2903675+02:00" testType="13cdc9d9-ddb5-4fa4-a97d-d965ccfc6d4b" outcome="Passed" testListId="8c84fa94-04c1-424b-9868-57a2d4851a1d" relativeResultsDirectory="ea08811a-06d0-4615-a42f-94f13f57ec4e" />
    <UnitTestResult executionId="8d50c007-145c-4441-a789-db5e289872a4" testId="9ff8a616-37b9-45bf-a5f2-bf30052d2145" testName="FormatToStringTest1000 (24768.25771770359,24768.26 zł)" computerName="DESKTOP-5URQ9PB" duration="00:00:00.0000061" startTime="2022-06-13T21:12:18.3986108+02:00" endTime="2022-06-13T21:12:18.3986776+02:00" testType="13cdc9d9-ddb5-4fa4-a97d-d965ccfc6d4b" outcome="Passed" testListId="8c84fa94-04c1-424b-9868-57a2d4851a1d" relativeResultsDirectory="8d50c007-145c-4441-a789-db5e289872a4" />
    <UnitTestResult executionId="43ee3db4-4773-4276-bbc2-bbe8be466d22" testId="608c51f4-82c1-42cf-8be0-22401e27cab0" testName="FormatToStringTest1000 (73477.18206926118,73477.18 zł)" computerName="DESKTOP-5URQ9PB" duration="00:00:00.0000065" startTime="2022-06-13T21:12:18.4333977+02:00" endTime="2022-06-13T21:12:18.4334647+02:00" testType="13cdc9d9-ddb5-4fa4-a97d-d965ccfc6d4b" outcome="Passed" testListId="8c84fa94-04c1-424b-9868-57a2d4851a1d" relativeResultsDirectory="43ee3db4-4773-4276-bbc2-bbe8be466d22" />
    <UnitTestResult executionId="66edce4c-a9f6-4560-af12-3a165a282141" testId="ded4dfaa-3791-4fac-9e07-7cbb5fb43a70" testName="FormatToStringTest1000 (7592.950837113406,7592.95 zł)" computerName="DESKTOP-5URQ9PB" duration="00:00:00.0000065" startTime="2022-06-13T21:12:18.3130288+02:00" endTime="2022-06-13T21:12:18.3131030+02:00" testType="13cdc9d9-ddb5-4fa4-a97d-d965ccfc6d4b" outcome="Passed" testListId="8c84fa94-04c1-424b-9868-57a2d4851a1d" relativeResultsDirectory="66edce4c-a9f6-4560-af12-3a165a282141" />
    <UnitTestResult executionId="b5e2bbb6-f311-4ef9-a93c-02a10828cb8d" testId="8718ca85-6597-45d0-88b9-9b25b198e6e4" testName="FormatToStringTest1000 (14017.699524653006,14017.70 zł)" computerName="DESKTOP-5URQ9PB" duration="00:00:00.0000062" startTime="2022-06-13T21:12:18.6254348+02:00" endTime="2022-06-13T21:12:18.6255001+02:00" testType="13cdc9d9-ddb5-4fa4-a97d-d965ccfc6d4b" outcome="Passed" testListId="8c84fa94-04c1-424b-9868-57a2d4851a1d" relativeResultsDirectory="b5e2bbb6-f311-4ef9-a93c-02a10828cb8d" />
    <UnitTestResult executionId="d7674d4e-ebff-46fe-a858-b0546e5bc9b3" testId="c9cf6da9-7d14-44c1-9f12-0c83bef980e8" testName="FormatToStringTest1000 (16901.497392274203,16901.50 zł)" computerName="DESKTOP-5URQ9PB" duration="00:00:00.0000063" startTime="2022-06-13T21:12:18.5165009+02:00" endTime="2022-06-13T21:12:18.5165647+02:00" testType="13cdc9d9-ddb5-4fa4-a97d-d965ccfc6d4b" outcome="Passed" testListId="8c84fa94-04c1-424b-9868-57a2d4851a1d" relativeResultsDirectory="d7674d4e-ebff-46fe-a858-b0546e5bc9b3" />
    <UnitTestResult executionId="bfbcb814-b05c-4aee-a8d7-ef755b0af5db" testId="d86eee9f-f11c-4191-b887-6775e7898057" testName="FormatToStringTest1000 (16597.22844427788,16597.23 zł)" computerName="DESKTOP-5URQ9PB" duration="00:00:00.0000067" startTime="2022-06-13T21:12:18.3422765+02:00" endTime="2022-06-13T21:12:18.3423501+02:00" testType="13cdc9d9-ddb5-4fa4-a97d-d965ccfc6d4b" outcome="Passed" testListId="8c84fa94-04c1-424b-9868-57a2d4851a1d" relativeResultsDirectory="bfbcb814-b05c-4aee-a8d7-ef755b0af5db" />
    <UnitTestResult executionId="c6342fa8-7c13-487c-8059-0a384d6e143a" testId="f6b0de7b-66fe-480b-a17e-b432de3a7d2f" testName="FormatToStringTest1000 (10370.0107542784,10370.01 zł)" computerName="DESKTOP-5URQ9PB" duration="00:00:00.0000072" startTime="2022-06-13T21:12:18.4619396+02:00" endTime="2022-06-13T21:12:18.4620312+02:00" testType="13cdc9d9-ddb5-4fa4-a97d-d965ccfc6d4b" outcome="Passed" testListId="8c84fa94-04c1-424b-9868-57a2d4851a1d" relativeResultsDirectory="c6342fa8-7c13-487c-8059-0a384d6e143a" />
    <UnitTestResult executionId="ddd09f1a-2e24-4fbf-8869-df81354af20b" testId="713ab9c4-8c52-4615-a487-e3aec0b56b45" testName="FormatToStringTest1000 (56802.303118930344,56802.30 zł)" computerName="DESKTOP-5URQ9PB" duration="00:00:00.0000068" startTime="2022-06-13T21:12:18.5186350+02:00" endTime="2022-06-13T21:12:18.5187116+02:00" testType="13cdc9d9-ddb5-4fa4-a97d-d965ccfc6d4b" outcome="Passed" testListId="8c84fa94-04c1-424b-9868-57a2d4851a1d" relativeResultsDirectory="ddd09f1a-2e24-4fbf-8869-df81354af20b" />
    <UnitTestResult executionId="fb2c6781-ffe7-44e2-ba68-e429ea4e171c" testId="4bab9bda-ed53-4c1d-b741-c24042941a95" testName="FormatToStringTest1000 (10534.184353995222,10534.18 zł)" computerName="DESKTOP-5URQ9PB" duration="00:00:00.0000064" startTime="2022-06-13T21:12:18.3169922+02:00" endTime="2022-06-13T21:12:18.3170582+02:00" testType="13cdc9d9-ddb5-4fa4-a97d-d965ccfc6d4b" outcome="Passed" testListId="8c84fa94-04c1-424b-9868-57a2d4851a1d" relativeResultsDirectory="fb2c6781-ffe7-44e2-ba68-e429ea4e171c" />
    <UnitTestResult executionId="ad41c3ce-f749-471c-9c85-c8f86f1b6798" testId="46f44090-91db-46e0-a7dc-8b1f0ca52b45" testName="FormatToStringTest1000 (2115.5076919884923,2115.51 zł)" computerName="DESKTOP-5URQ9PB" duration="00:00:00.0000069" startTime="2022-06-13T21:12:18.6072259+02:00" endTime="2022-06-13T21:12:18.6072898+02:00" testType="13cdc9d9-ddb5-4fa4-a97d-d965ccfc6d4b" outcome="Passed" testListId="8c84fa94-04c1-424b-9868-57a2d4851a1d" relativeResultsDirectory="ad41c3ce-f749-471c-9c85-c8f86f1b6798" />
    <UnitTestResult executionId="6356930f-9f19-48e1-b59c-d34f9847c0f6" testId="639e9bb2-5271-4478-9c57-5fd14845e809" testName="FormatToStringTest1000 (1860.3356292016504,1860.34 zł)" computerName="DESKTOP-5URQ9PB" duration="00:00:00.0000064" startTime="2022-06-13T21:12:18.4591455+02:00" endTime="2022-06-13T21:12:18.4592125+02:00" testType="13cdc9d9-ddb5-4fa4-a97d-d965ccfc6d4b" outcome="Passed" testListId="8c84fa94-04c1-424b-9868-57a2d4851a1d" relativeResultsDirectory="6356930f-9f19-48e1-b59c-d34f9847c0f6" />
    <UnitTestResult executionId="263496f9-600d-46d2-add5-a572aba974ab" testId="65d8fa0b-13f7-4808-b7d5-fc9358d48358" testName="FormatToStringTest1000 (20321.03715103913,20321.04 zł)" computerName="DESKTOP-5URQ9PB" duration="00:00:00.0000063" startTime="2022-06-13T21:12:18.4138164+02:00" endTime="2022-06-13T21:12:18.4138836+02:00" testType="13cdc9d9-ddb5-4fa4-a97d-d965ccfc6d4b" outcome="Passed" testListId="8c84fa94-04c1-424b-9868-57a2d4851a1d" relativeResultsDirectory="263496f9-600d-46d2-add5-a572aba974ab" />
    <UnitTestResult executionId="a2fb4cd9-041c-4a3c-9de4-25c0e150bb3e" testId="191b2a4d-db01-4c7c-9e78-c99144543ad9" testName="FormatToStringTest1000 (7458.609645228652,7458.61 zł)" computerName="DESKTOP-5URQ9PB" duration="00:00:00.0000063" startTime="2022-06-13T21:12:18.2936791+02:00" endTime="2022-06-13T21:12:18.2937450+02:00" testType="13cdc9d9-ddb5-4fa4-a97d-d965ccfc6d4b" outcome="Passed" testListId="8c84fa94-04c1-424b-9868-57a2d4851a1d" relativeResultsDirectory="a2fb4cd9-041c-4a3c-9de4-25c0e150bb3e" />
    <UnitTestResult executionId="3fdcfbc7-02c3-4e44-ae6e-5a67eed30332" testId="7e4dee7a-4833-4ea0-a4ce-aad876f2873d" testName="FormatToStringTest1000 (35248.53555717996,35248.54 zł)" computerName="DESKTOP-5URQ9PB" duration="00:00:00.0000067" startTime="2022-06-13T21:12:18.6361855+02:00" endTime="2022-06-13T21:12:18.6362541+02:00" testType="13cdc9d9-ddb5-4fa4-a97d-d965ccfc6d4b" outcome="Passed" testListId="8c84fa94-04c1-424b-9868-57a2d4851a1d" relativeResultsDirectory="3fdcfbc7-02c3-4e44-ae6e-5a67eed30332" />
    <UnitTestResult executionId="43f007c9-7f60-4685-9aca-b73b98565194" testId="948df0de-92de-4d80-9367-af2ff8fd8e09" testName="FormatToStringTest1000 (45340.017357165,45340.02 zł)" computerName="DESKTOP-5URQ9PB" duration="00:00:00.0000067" startTime="2022-06-13T21:12:18.4559143+02:00" endTime="2022-06-13T21:12:18.4559810+02:00" testType="13cdc9d9-ddb5-4fa4-a97d-d965ccfc6d4b" outcome="Passed" testListId="8c84fa94-04c1-424b-9868-57a2d4851a1d" relativeResultsDirectory="43f007c9-7f60-4685-9aca-b73b98565194" />
    <UnitTestResult executionId="a5204f9c-acf5-4b7d-9f43-c0acf6d5f0cc" testId="8b85417a-b2c5-40b1-8b4a-429479b2403e" testName="FormatToStringTest1000 (72905.64834432845,72905.65 zł)" computerName="DESKTOP-5URQ9PB" duration="00:00:00.0000090" startTime="2022-06-13T21:12:18.5587256+02:00" endTime="2022-06-13T21:12:18.5588236+02:00" testType="13cdc9d9-ddb5-4fa4-a97d-d965ccfc6d4b" outcome="Passed" testListId="8c84fa94-04c1-424b-9868-57a2d4851a1d" relativeResultsDirectory="a5204f9c-acf5-4b7d-9f43-c0acf6d5f0cc" />
    <UnitTestResult executionId="2efa803d-2503-464c-892b-bf41847e2e3b" testId="382a9bee-01df-41dd-a307-763649465e23" testName="FormatToStringTest1000 (51503.82905738234,51503.83 zł)" computerName="DESKTOP-5URQ9PB" duration="00:00:00.0000070" startTime="2022-06-13T21:12:18.3526502+02:00" endTime="2022-06-13T21:12:18.3527185+02:00" testType="13cdc9d9-ddb5-4fa4-a97d-d965ccfc6d4b" outcome="Passed" testListId="8c84fa94-04c1-424b-9868-57a2d4851a1d" relativeResultsDirectory="2efa803d-2503-464c-892b-bf41847e2e3b" />
    <UnitTestResult executionId="9e4321dd-1120-44d2-9ed0-2db3eca4248f" testId="fc50a4a4-a136-499e-b2f7-6b2b5c535921" testName="FormatToStringTest1000 (48654.65723134794,48654.66 zł)" computerName="DESKTOP-5URQ9PB" duration="00:00:00.0000065" startTime="2022-06-13T21:12:18.4013039+02:00" endTime="2022-06-13T21:12:18.4013732+02:00" testType="13cdc9d9-ddb5-4fa4-a97d-d965ccfc6d4b" outcome="Passed" testListId="8c84fa94-04c1-424b-9868-57a2d4851a1d" relativeResultsDirectory="9e4321dd-1120-44d2-9ed0-2db3eca4248f" />
    <UnitTestResult executionId="1d3d8e04-8b0a-4202-90e2-7079da9a87eb" testId="e7389cf1-5b1c-4491-bca7-f6071d4253e0" testName="FormatToStringTest1000 (32632.105531036905,32632.11 zł)" computerName="DESKTOP-5URQ9PB" duration="00:00:00.0000071" startTime="2022-06-13T21:12:18.2776049+02:00" endTime="2022-06-13T21:12:18.2776832+02:00" testType="13cdc9d9-ddb5-4fa4-a97d-d965ccfc6d4b" outcome="Passed" testListId="8c84fa94-04c1-424b-9868-57a2d4851a1d" relativeResultsDirectory="1d3d8e04-8b0a-4202-90e2-7079da9a87eb" />
    <UnitTestResult executionId="99fcc074-611f-41ca-a287-48e958fa073f" testId="8f685e8c-058e-4b7b-b2ce-db6ddff03908" testName="FormatToStringTest1000 (28502.61128259758,28502.61 zł)" computerName="DESKTOP-5URQ9PB" duration="00:00:00.0000064" startTime="2022-06-13T21:12:18.2963550+02:00" endTime="2022-06-13T21:12:18.2964232+02:00" testType="13cdc9d9-ddb5-4fa4-a97d-d965ccfc6d4b" outcome="Passed" testListId="8c84fa94-04c1-424b-9868-57a2d4851a1d" relativeResultsDirectory="99fcc074-611f-41ca-a287-48e958fa073f" />
    <UnitTestResult executionId="20408582-cb65-4513-8022-799c28aa9333" testId="9e056a60-0700-4c23-9320-36f191e2da48" testName="FormatToStringTest1000 (54088.326214851964,54088.33 zł)" computerName="DESKTOP-5URQ9PB" duration="00:00:00.0000065" startTime="2022-06-13T21:12:18.3294513+02:00" endTime="2022-06-13T21:12:18.3295184+02:00" testType="13cdc9d9-ddb5-4fa4-a97d-d965ccfc6d4b" outcome="Passed" testListId="8c84fa94-04c1-424b-9868-57a2d4851a1d" relativeResultsDirectory="20408582-cb65-4513-8022-799c28aa9333" />
    <UnitTestResult executionId="016f10ea-650e-4c7f-92f5-d5bc34d74b8e" testId="ec256f46-4c5c-4bf1-86b2-fb769a7b7f0b" testName="FormatToStringTest1000 (8492.904747505161,8492.90 zł)" computerName="DESKTOP-5URQ9PB" duration="00:00:00.0000062" startTime="2022-06-13T21:12:18.5566999+02:00" endTime="2022-06-13T21:12:18.5567641+02:00" testType="13cdc9d9-ddb5-4fa4-a97d-d965ccfc6d4b" outcome="Passed" testListId="8c84fa94-04c1-424b-9868-57a2d4851a1d" relativeResultsDirectory="016f10ea-650e-4c7f-92f5-d5bc34d74b8e" />
    <UnitTestResult executionId="4470e2a5-0d98-4512-9d02-ce6581955c14" testId="e7d2eca7-7d60-451a-980a-98c66d3b5efc" testName="FormatToStringTest1000 (115.26302841131717,115.26 zł)" computerName="DESKTOP-5URQ9PB" duration="00:00:00.0000062" startTime="2022-06-13T21:12:18.3493937+02:00" endTime="2022-06-13T21:12:18.3494596+02:00" testType="13cdc9d9-ddb5-4fa4-a97d-d965ccfc6d4b" outcome="Passed" testListId="8c84fa94-04c1-424b-9868-57a2d4851a1d" relativeResultsDirectory="4470e2a5-0d98-4512-9d02-ce6581955c14" />
    <UnitTestResult executionId="a6f94d50-3f9e-42cf-aaae-4fa7846644d6" testId="0c8f0f8b-a597-4a4c-a717-f485d03032fc" testName="FormatToStringTest1000 (4419.750844657306,4419.75 zł)" computerName="DESKTOP-5URQ9PB" duration="00:00:00.0000069" startTime="2022-06-13T21:12:18.5666808+02:00" endTime="2022-06-13T21:12:18.5667563+02:00" testType="13cdc9d9-ddb5-4fa4-a97d-d965ccfc6d4b" outcome="Passed" testListId="8c84fa94-04c1-424b-9868-57a2d4851a1d" relativeResultsDirectory="a6f94d50-3f9e-42cf-aaae-4fa7846644d6" />
    <UnitTestResult executionId="c1d39f6e-5bd4-4f9c-962a-db79fabcefbc" testId="6a5d7cd2-3dfc-442e-89a5-6f734e720e28" testName="FormatToStringTest1000 (10495.622655484185,10495.62 zł)" computerName="DESKTOP-5URQ9PB" duration="00:00:00.0000062" startTime="2022-06-13T21:12:18.5306824+02:00" endTime="2022-06-13T21:12:18.5307466+02:00" testType="13cdc9d9-ddb5-4fa4-a97d-d965ccfc6d4b" outcome="Passed" testListId="8c84fa94-04c1-424b-9868-57a2d4851a1d" relativeResultsDirectory="c1d39f6e-5bd4-4f9c-962a-db79fabcefbc" />
    <UnitTestResult executionId="cc8655ae-4f1e-4c93-8192-e1b0ed583660" testId="c6d448e2-12cc-48c8-9368-6dea6b6e1c80" testName="FormatToStringTest1000 (9079.930405251649,9079.93 zł)" computerName="DESKTOP-5URQ9PB" duration="00:00:00.0000062" startTime="2022-06-13T21:12:18.4239449+02:00" endTime="2022-06-13T21:12:18.4240119+02:00" testType="13cdc9d9-ddb5-4fa4-a97d-d965ccfc6d4b" outcome="Passed" testListId="8c84fa94-04c1-424b-9868-57a2d4851a1d" relativeResultsDirectory="cc8655ae-4f1e-4c93-8192-e1b0ed583660" />
    <UnitTestResult executionId="627def0c-b45c-4dfa-8387-d1c0f3ad7dc6" testId="58f1c58b-1e26-487e-8d34-0628f235a433" testName="FormatToStringTest1000 (26015.8311952552,26015.83 zł)" computerName="DESKTOP-5URQ9PB" duration="00:00:00.0000065" startTime="2022-06-13T21:12:18.3811584+02:00" endTime="2022-06-13T21:12:18.3812308+02:00" testType="13cdc9d9-ddb5-4fa4-a97d-d965ccfc6d4b" outcome="Passed" testListId="8c84fa94-04c1-424b-9868-57a2d4851a1d" relativeResultsDirectory="627def0c-b45c-4dfa-8387-d1c0f3ad7dc6" />
    <UnitTestResult executionId="e122a1ce-9579-4251-8d71-887c337c79c3" testId="da9284b0-d281-422c-9202-617b6a4a6a8c" testName="FormatToStringTest1000 (38904.87092920806,38904.87 zł)" computerName="DESKTOP-5URQ9PB" duration="00:00:00.0000064" startTime="2022-06-13T21:12:18.5079442+02:00" endTime="2022-06-13T21:12:18.5080104+02:00" testType="13cdc9d9-ddb5-4fa4-a97d-d965ccfc6d4b" outcome="Passed" testListId="8c84fa94-04c1-424b-9868-57a2d4851a1d" relativeResultsDirectory="e122a1ce-9579-4251-8d71-887c337c79c3" />
    <UnitTestResult executionId="292bbc27-b12c-476e-92ce-60644a132dc5" testId="23a69dc4-19c5-4c1c-b29b-c0bd46fb33ac" testName="FormatToStringTest1000 (25990.318498101697,25990.32 zł)" computerName="DESKTOP-5URQ9PB" duration="00:00:00.0000063" startTime="2022-06-13T21:12:18.2965256+02:00" endTime="2022-06-13T21:12:18.2965927+02:00" testType="13cdc9d9-ddb5-4fa4-a97d-d965ccfc6d4b" outcome="Passed" testListId="8c84fa94-04c1-424b-9868-57a2d4851a1d" relativeResultsDirectory="292bbc27-b12c-476e-92ce-60644a132dc5" />
    <UnitTestResult executionId="df62e206-c0e8-45ad-84f1-e74615527430" testId="5e24a1f1-19bb-4fe0-a704-fa0548d267d5" testName="FormatToStringTest1000 (48084.94422955389,48084.94 zł)" computerName="DESKTOP-5URQ9PB" duration="00:00:00.0000068" startTime="2022-06-13T21:12:18.4140751+02:00" endTime="2022-06-13T21:12:18.4141413+02:00" testType="13cdc9d9-ddb5-4fa4-a97d-d965ccfc6d4b" outcome="Passed" testListId="8c84fa94-04c1-424b-9868-57a2d4851a1d" relativeResultsDirectory="df62e206-c0e8-45ad-84f1-e74615527430" />
    <UnitTestResult executionId="c54e42d1-8763-4f28-8c5d-0c63506105ff" testId="0d4e2cfd-62bc-482a-a183-88d12c530b33" testName="FormatToStringTest1000 (28455.229970996843,28455.23 zł)" computerName="DESKTOP-5URQ9PB" duration="00:00:00.0000069" startTime="2022-06-13T21:12:18.5739778+02:00" endTime="2022-06-13T21:12:18.5740426+02:00" testType="13cdc9d9-ddb5-4fa4-a97d-d965ccfc6d4b" outcome="Passed" testListId="8c84fa94-04c1-424b-9868-57a2d4851a1d" relativeResultsDirectory="c54e42d1-8763-4f28-8c5d-0c63506105ff" />
    <UnitTestResult executionId="ad9027a8-329b-4cbf-b84a-0d326026ea20" testId="d604f1bc-8ba2-4de6-acd3-09298cf23f70" testName="FormatToStringTest1000 (7569.605888796322,7569.61 zł)" computerName="DESKTOP-5URQ9PB" duration="00:00:00.0000083" startTime="2022-06-13T21:12:18.5560079+02:00" endTime="2022-06-13T21:12:18.5560998+02:00" testType="13cdc9d9-ddb5-4fa4-a97d-d965ccfc6d4b" outcome="Passed" testListId="8c84fa94-04c1-424b-9868-57a2d4851a1d" relativeResultsDirectory="ad9027a8-329b-4cbf-b84a-0d326026ea20" />
    <UnitTestResult executionId="a1529971-44c8-41e8-a677-a8bc1def45af" testId="c15eec64-19dc-421d-b517-349319a174f5" testName="FormatToStringTest1000 (15841.26419853478,15841.26 zł)" computerName="DESKTOP-5URQ9PB" duration="00:00:00.0000062" startTime="2022-06-13T21:12:18.6014660+02:00" endTime="2022-06-13T21:12:18.6015308+02:00" testType="13cdc9d9-ddb5-4fa4-a97d-d965ccfc6d4b" outcome="Passed" testListId="8c84fa94-04c1-424b-9868-57a2d4851a1d" relativeResultsDirectory="a1529971-44c8-41e8-a677-a8bc1def45af" />
    <UnitTestResult executionId="f222cb78-9975-4a57-89fd-27e97497b2af" testId="14ecf93a-a91d-40ef-8b70-12fc1f0f1cf5" testName="FormatToStringTest1000 (19103.831635461574,19103.83 zł)" computerName="DESKTOP-5URQ9PB" duration="00:00:00.0000080" startTime="2022-06-13T21:12:18.4682504+02:00" endTime="2022-06-13T21:12:18.4683413+02:00" testType="13cdc9d9-ddb5-4fa4-a97d-d965ccfc6d4b" outcome="Passed" testListId="8c84fa94-04c1-424b-9868-57a2d4851a1d" relativeResultsDirectory="f222cb78-9975-4a57-89fd-27e97497b2af" />
    <UnitTestResult executionId="8e02540f-6830-47db-8b1e-edc46a907df7" testId="f275c92f-7c6a-49c4-8abc-dbb13e6ef9ba" testName="FormatToStringTest1000 (45955.903045959254,45955.90 zł)" computerName="DESKTOP-5URQ9PB" duration="00:00:00.0000062" startTime="2022-06-13T21:12:18.5485415+02:00" endTime="2022-06-13T21:12:18.5486066+02:00" testType="13cdc9d9-ddb5-4fa4-a97d-d965ccfc6d4b" outcome="Passed" testListId="8c84fa94-04c1-424b-9868-57a2d4851a1d" relativeResultsDirectory="8e02540f-6830-47db-8b1e-edc46a907df7" />
    <UnitTestResult executionId="34e31734-85c0-4ece-9458-d4b775e6e451" testId="8982b4a6-58a5-430d-809a-5442478ca356" testName="FormatToStringTest1000 (50664.01951024869,50664.02 zł)" computerName="DESKTOP-5URQ9PB" duration="00:00:00.0000062" startTime="2022-06-13T21:12:18.5284178+02:00" endTime="2022-06-13T21:12:18.5284827+02:00" testType="13cdc9d9-ddb5-4fa4-a97d-d965ccfc6d4b" outcome="Passed" testListId="8c84fa94-04c1-424b-9868-57a2d4851a1d" relativeResultsDirectory="34e31734-85c0-4ece-9458-d4b775e6e451" />
    <UnitTestResult executionId="7be93d48-d4f5-49ae-aa80-f7e219c47051" testId="bd3e567e-d69b-49f4-80dc-8532935909ef" testName="FormatToStringTest1000 (57181.240528605056,57181.24 zł)" computerName="DESKTOP-5URQ9PB" duration="00:00:00.0000064" startTime="2022-06-13T21:12:18.3951071+02:00" endTime="2022-06-13T21:12:18.3951749+02:00" testType="13cdc9d9-ddb5-4fa4-a97d-d965ccfc6d4b" outcome="Passed" testListId="8c84fa94-04c1-424b-9868-57a2d4851a1d" relativeResultsDirectory="7be93d48-d4f5-49ae-aa80-f7e219c47051" />
    <UnitTestResult executionId="cc5e44cb-8e04-4837-899e-926ea3972cf1" testId="8dbebde2-c3de-4a7f-82f2-d40f302b429f" testName="FormatToStringTest1000 (45887.58415794167,45887.58 zł)" computerName="DESKTOP-5URQ9PB" duration="00:00:00.0000061" startTime="2022-06-13T21:12:18.5162584+02:00" endTime="2022-06-13T21:12:18.5163224+02:00" testType="13cdc9d9-ddb5-4fa4-a97d-d965ccfc6d4b" outcome="Passed" testListId="8c84fa94-04c1-424b-9868-57a2d4851a1d" relativeResultsDirectory="cc5e44cb-8e04-4837-899e-926ea3972cf1" />
    <UnitTestResult executionId="b72c4211-8f0b-4e92-9f3f-ebb3e3edcd75" testId="3b4c4ed3-a146-49df-8c72-52c84ee3654a" testName="FormatToStringTest1000 (35.34471716840971,35.34 zł)" computerName="DESKTOP-5URQ9PB" duration="00:00:00.0000170" startTime="2022-06-13T21:12:18.5308459+02:00" endTime="2022-06-13T21:12:18.5309269+02:00" testType="13cdc9d9-ddb5-4fa4-a97d-d965ccfc6d4b" outcome="Passed" testListId="8c84fa94-04c1-424b-9868-57a2d4851a1d" relativeResultsDirectory="b72c4211-8f0b-4e92-9f3f-ebb3e3edcd75" />
    <UnitTestResult executionId="de40cd45-f7c4-41a5-9c72-d5bdba56db19" testId="87ffe4c7-1678-4ef5-ba8b-dbea14a1ea59" testName="FormatToStringTest1000 (28155.26504817664,28155.27 zł)" computerName="DESKTOP-5URQ9PB" duration="00:00:00.0000062" startTime="2022-06-13T21:12:18.4213968+02:00" endTime="2022-06-13T21:12:18.4214631+02:00" testType="13cdc9d9-ddb5-4fa4-a97d-d965ccfc6d4b" outcome="Passed" testListId="8c84fa94-04c1-424b-9868-57a2d4851a1d" relativeResultsDirectory="de40cd45-f7c4-41a5-9c72-d5bdba56db19" />
    <UnitTestResult executionId="f6b00c27-861b-4029-b544-80a350c9531e" testId="21ba50b2-1c16-4266-8490-f54c8816fa08" testName="FormatToStringTest1000 (20454.142628653506,20454.14 zł)" computerName="DESKTOP-5URQ9PB" duration="00:00:00.0000068" startTime="2022-06-13T21:12:18.3981898+02:00" endTime="2022-06-13T21:12:18.3982580+02:00" testType="13cdc9d9-ddb5-4fa4-a97d-d965ccfc6d4b" outcome="Passed" testListId="8c84fa94-04c1-424b-9868-57a2d4851a1d" relativeResultsDirectory="f6b00c27-861b-4029-b544-80a350c9531e" />
    <UnitTestResult executionId="1c8b8b80-1a35-41be-ac35-5a3949ec77b8" testId="aafd7180-e8b4-4ef0-b8d4-059a92c9fe72" testName="FormatToStringTest1000 (13455.521105358153,13455.52 zł)" computerName="DESKTOP-5URQ9PB" duration="00:00:00.0000062" startTime="2022-06-13T21:12:18.5764542+02:00" endTime="2022-06-13T21:12:18.5765178+02:00" testType="13cdc9d9-ddb5-4fa4-a97d-d965ccfc6d4b" outcome="Passed" testListId="8c84fa94-04c1-424b-9868-57a2d4851a1d" relativeResultsDirectory="1c8b8b80-1a35-41be-ac35-5a3949ec77b8" />
    <UnitTestResult executionId="64a56eb6-d49c-48fb-8af6-b7b18492a1fe" testId="b2d6db51-b5e9-4603-9910-3f7b5a7ebc93" testName="FormatToStringTest1000 (46803.36433423374,46803.36 zł)" computerName="DESKTOP-5URQ9PB" duration="00:00:00.0000065" startTime="2022-06-13T21:12:18.3878706+02:00" endTime="2022-06-13T21:12:18.3879524+02:00" testType="13cdc9d9-ddb5-4fa4-a97d-d965ccfc6d4b" outcome="Passed" testListId="8c84fa94-04c1-424b-9868-57a2d4851a1d" relativeResultsDirectory="64a56eb6-d49c-48fb-8af6-b7b18492a1fe" />
    <UnitTestResult executionId="a0fc594e-9b29-43e5-ab84-21c209a46c0f" testId="92fb9076-546d-4105-aa5f-8ff95cb8df70" testName="FormatToStringTest1000 (51632.87002968503,51632.87 zł)" computerName="DESKTOP-5URQ9PB" duration="00:00:00.0000063" startTime="2022-06-13T21:12:18.3741226+02:00" endTime="2022-06-13T21:12:18.3741885+02:00" testType="13cdc9d9-ddb5-4fa4-a97d-d965ccfc6d4b" outcome="Passed" testListId="8c84fa94-04c1-424b-9868-57a2d4851a1d" relativeResultsDirectory="a0fc594e-9b29-43e5-ab84-21c209a46c0f" />
    <UnitTestResult executionId="f2e3dd9f-9b8c-4580-9530-6bda4752fbda" testId="95d33c76-5070-45d0-93c3-ac5965a888be" testName="FormatToStringTest1000 (4592.278577496428,4592.28 zł)" computerName="DESKTOP-5URQ9PB" duration="00:00:00.0000063" startTime="2022-06-13T21:12:18.5615162+02:00" endTime="2022-06-13T21:12:18.5615816+02:00" testType="13cdc9d9-ddb5-4fa4-a97d-d965ccfc6d4b" outcome="Passed" testListId="8c84fa94-04c1-424b-9868-57a2d4851a1d" relativeResultsDirectory="f2e3dd9f-9b8c-4580-9530-6bda4752fbda" />
    <UnitTestResult executionId="bcc4223f-01da-45a0-af41-27c5833e57f6" testId="7ed2d7c0-2044-4ef9-98a0-91d72f2bd231" testName="FormatToStringTest1000 (20344.185360967265,20344.19 zł)" computerName="DESKTOP-5URQ9PB" duration="00:00:00.0000062" startTime="2022-06-13T21:12:18.5592610+02:00" endTime="2022-06-13T21:12:18.5593254+02:00" testType="13cdc9d9-ddb5-4fa4-a97d-d965ccfc6d4b" outcome="Passed" testListId="8c84fa94-04c1-424b-9868-57a2d4851a1d" relativeResultsDirectory="bcc4223f-01da-45a0-af41-27c5833e57f6" />
    <UnitTestResult executionId="b2045067-3b1d-4fc4-b852-b29dbd66a94a" testId="4944b39e-9b97-4e91-bcda-3b58c90dc3dc" testName="FormatToStringTest1000 (58191.92113629585,58191.92 zł)" computerName="DESKTOP-5URQ9PB" duration="00:00:00.0000062" startTime="2022-06-13T21:12:18.5281720+02:00" endTime="2022-06-13T21:12:18.5282370+02:00" testType="13cdc9d9-ddb5-4fa4-a97d-d965ccfc6d4b" outcome="Passed" testListId="8c84fa94-04c1-424b-9868-57a2d4851a1d" relativeResultsDirectory="b2045067-3b1d-4fc4-b852-b29dbd66a94a" />
    <UnitTestResult executionId="85b26eb0-16b7-4e3d-9eba-796dfafd584d" testId="943c58ff-aa4d-43f0-8a9c-894973329088" testName="FormatToStringTest1000 (7004.710832051798,7004.71 zł)" computerName="DESKTOP-5URQ9PB" duration="00:00:00.0000063" startTime="2022-06-13T21:12:18.6013013+02:00" endTime="2022-06-13T21:12:18.6013667+02:00" testType="13cdc9d9-ddb5-4fa4-a97d-d965ccfc6d4b" outcome="Passed" testListId="8c84fa94-04c1-424b-9868-57a2d4851a1d" relativeResultsDirectory="85b26eb0-16b7-4e3d-9eba-796dfafd584d" />
    <UnitTestResult executionId="acaa3281-e4a0-43c7-ae0a-9265515b2d36" testId="831aadfd-825b-49b2-8d2a-6e0c1a17f7d2" testName="FormatToStringTest1000 (73301.91270130403,73301.91 zł)" computerName="DESKTOP-5URQ9PB" duration="00:00:00.0000063" startTime="2022-06-13T21:12:18.5763725+02:00" endTime="2022-06-13T21:12:18.5764370+02:00" testType="13cdc9d9-ddb5-4fa4-a97d-d965ccfc6d4b" outcome="Passed" testListId="8c84fa94-04c1-424b-9868-57a2d4851a1d" relativeResultsDirectory="acaa3281-e4a0-43c7-ae0a-9265515b2d36" />
    <UnitTestResult executionId="9ed9d34a-97a8-4fbc-8bef-a66c80b45bd0" testId="a65249ca-8d05-46aa-9308-83c0af482b9b" testName="FormatToStringTest1000 (47437.74370917619,47437.74 zł)" computerName="DESKTOP-5URQ9PB" duration="00:00:00.0000063" startTime="2022-06-13T21:12:18.6172939+02:00" endTime="2022-06-13T21:12:18.6173585+02:00" testType="13cdc9d9-ddb5-4fa4-a97d-d965ccfc6d4b" outcome="Passed" testListId="8c84fa94-04c1-424b-9868-57a2d4851a1d" relativeResultsDirectory="9ed9d34a-97a8-4fbc-8bef-a66c80b45bd0" />
    <UnitTestResult executionId="4dab61fe-daf4-4362-998e-3dba64e75d9d" testId="5562d494-4125-4962-9f0d-217a1dac3da8" testName="FormatToStringTest1000 (15742.409864349947,15742.41 zł)" computerName="DESKTOP-5URQ9PB" duration="00:00:00.0000327" startTime="2022-06-13T21:12:18.5044376+02:00" endTime="2022-06-13T21:12:18.5046669+02:00" testType="13cdc9d9-ddb5-4fa4-a97d-d965ccfc6d4b" outcome="Passed" testListId="8c84fa94-04c1-424b-9868-57a2d4851a1d" relativeResultsDirectory="4dab61fe-daf4-4362-998e-3dba64e75d9d" />
    <UnitTestResult executionId="c516c65d-757c-4b00-9306-085aa22fd959" testId="99573c2b-e605-4e14-a590-019f75a830c2" testName="FormatToStringTest1000 (37954.34384365396,37954.34 zł)" computerName="DESKTOP-5URQ9PB" duration="00:00:00.0000069" startTime="2022-06-13T21:12:18.5814012+02:00" endTime="2022-06-13T21:12:18.5814770+02:00" testType="13cdc9d9-ddb5-4fa4-a97d-d965ccfc6d4b" outcome="Passed" testListId="8c84fa94-04c1-424b-9868-57a2d4851a1d" relativeResultsDirectory="c516c65d-757c-4b00-9306-085aa22fd959" />
    <UnitTestResult executionId="b8300110-ce73-4feb-a0f5-c9a1f323249b" testId="e93e8a9b-8d01-4a12-aa92-b79e10313837" testName="FormatToStringTest1000 (21281.64584727662,21281.65 zł)" computerName="DESKTOP-5URQ9PB" duration="00:00:00.0000084" startTime="2022-06-13T21:12:18.3636276+02:00" endTime="2022-06-13T21:12:18.3637254+02:00" testType="13cdc9d9-ddb5-4fa4-a97d-d965ccfc6d4b" outcome="Passed" testListId="8c84fa94-04c1-424b-9868-57a2d4851a1d" relativeResultsDirectory="b8300110-ce73-4feb-a0f5-c9a1f323249b" />
    <UnitTestResult executionId="545431e6-ade8-4976-9a89-34e18b075515" testId="244e4922-c00b-4037-9096-86023c6e9c63" testName="FormatToStringTest1000 (81326.3340147521,81326.33 zł)" computerName="DESKTOP-5URQ9PB" duration="00:00:00.0000064" startTime="2022-06-13T21:12:18.5873316+02:00" endTime="2022-06-13T21:12:18.5873946+02:00" testType="13cdc9d9-ddb5-4fa4-a97d-d965ccfc6d4b" outcome="Passed" testListId="8c84fa94-04c1-424b-9868-57a2d4851a1d" relativeResultsDirectory="545431e6-ade8-4976-9a89-34e18b075515" />
    <UnitTestResult executionId="a99ae97b-3515-428d-ad4e-4d17f9d79c28" testId="cc4702dc-b874-4102-8eb2-d1e8a343b099" testName="FormatToStringTest1000 (21328.29026726507,21328.29 zł)" computerName="DESKTOP-5URQ9PB" duration="00:00:00.0000063" startTime="2022-06-13T21:12:18.6092603+02:00" endTime="2022-06-13T21:12:18.6093256+02:00" testType="13cdc9d9-ddb5-4fa4-a97d-d965ccfc6d4b" outcome="Passed" testListId="8c84fa94-04c1-424b-9868-57a2d4851a1d" relativeResultsDirectory="a99ae97b-3515-428d-ad4e-4d17f9d79c28" />
    <UnitTestResult executionId="572bebfc-c081-480a-943b-5f08f118fddc" testId="d9be8d3d-33b2-4e17-ad00-69ed6cfca700" testName="FormatToStringTest1000 (36320.770035296104,36320.77 zł)" computerName="DESKTOP-5URQ9PB" duration="00:00:00.0000064" startTime="2022-06-13T21:12:18.5986555+02:00" endTime="2022-06-13T21:12:18.5987239+02:00" testType="13cdc9d9-ddb5-4fa4-a97d-d965ccfc6d4b" outcome="Passed" testListId="8c84fa94-04c1-424b-9868-57a2d4851a1d" relativeResultsDirectory="572bebfc-c081-480a-943b-5f08f118fddc" />
    <UnitTestResult executionId="ebf0c80f-e824-4496-8d76-fe96e493ca4c" testId="546e09c8-085c-4490-9674-f82e61a1904b" testName="FormatToStringTest1000 (35145.379208063416,35145.38 zł)" computerName="DESKTOP-5URQ9PB" duration="00:00:00.0000066" startTime="2022-06-13T21:12:18.3063646+02:00" endTime="2022-06-13T21:12:18.3064413+02:00" testType="13cdc9d9-ddb5-4fa4-a97d-d965ccfc6d4b" outcome="Passed" testListId="8c84fa94-04c1-424b-9868-57a2d4851a1d" relativeResultsDirectory="ebf0c80f-e824-4496-8d76-fe96e493ca4c" />
    <UnitTestResult executionId="8342bc99-deb4-4e00-bda0-d71d80cac272" testId="c686c735-f0b8-4de5-8967-5226f72f82fd" testName="FormatToStringTest1000 (3270.482477338743,3270.48 zł)" computerName="DESKTOP-5URQ9PB" duration="00:00:00.0000066" startTime="2022-06-13T21:12:18.5588448+02:00" endTime="2022-06-13T21:12:18.5589169+02:00" testType="13cdc9d9-ddb5-4fa4-a97d-d965ccfc6d4b" outcome="Passed" testListId="8c84fa94-04c1-424b-9868-57a2d4851a1d" relativeResultsDirectory="8342bc99-deb4-4e00-bda0-d71d80cac272" />
    <UnitTestResult executionId="bc0feddd-dfba-4799-9478-11c50c8ef066" testId="04bf2cf5-914f-46cf-b380-a603d8445eb4" testName="FormatToStringTest1000 (6146.91236741278,6146.91 zł)" computerName="DESKTOP-5URQ9PB" duration="00:00:00.0000066" startTime="2022-06-13T21:12:18.6173749+02:00" endTime="2022-06-13T21:12:18.6174374+02:00" testType="13cdc9d9-ddb5-4fa4-a97d-d965ccfc6d4b" outcome="Passed" testListId="8c84fa94-04c1-424b-9868-57a2d4851a1d" relativeResultsDirectory="bc0feddd-dfba-4799-9478-11c50c8ef066" />
    <UnitTestResult executionId="a9417aef-4541-4981-aa4f-a90754395cc2" testId="6f0953a8-e389-4aef-ada3-96a9f517ada6" testName="FormatToStringTest1000 (6220.182014914314,6220.18 zł)" computerName="DESKTOP-5URQ9PB" duration="00:00:00.0000062" startTime="2022-06-13T21:12:18.5307632+02:00" endTime="2022-06-13T21:12:18.5308284+02:00" testType="13cdc9d9-ddb5-4fa4-a97d-d965ccfc6d4b" outcome="Passed" testListId="8c84fa94-04c1-424b-9868-57a2d4851a1d" relativeResultsDirectory="a9417aef-4541-4981-aa4f-a90754395cc2" />
    <UnitTestResult executionId="188d981a-aec0-402e-ac01-4881d305b106" testId="1fd6d488-d979-479d-96ba-ab7e7870a9f2" testName="FormatToStringTest1000 (12577.642620996872,12577.64 zł)" computerName="DESKTOP-5URQ9PB" duration="00:00:00.0000063" startTime="2022-06-13T21:12:18.3381279+02:00" endTime="2022-06-13T21:12:18.3381988+02:00" testType="13cdc9d9-ddb5-4fa4-a97d-d965ccfc6d4b" outcome="Passed" testListId="8c84fa94-04c1-424b-9868-57a2d4851a1d" relativeResultsDirectory="188d981a-aec0-402e-ac01-4881d305b106" />
    <UnitTestResult executionId="06984b77-ac6c-4f12-bbba-9ef9f45b6f6f" testId="21e62e4a-a163-49b8-8d43-c8cc1172e097" testName="FormatToStringTest1000 (3030.9461949132133,3030.95 zł)" computerName="DESKTOP-5URQ9PB" duration="00:00:00.0000064" startTime="2022-06-13T21:12:18.4300365+02:00" endTime="2022-06-13T21:12:18.4301049+02:00" testType="13cdc9d9-ddb5-4fa4-a97d-d965ccfc6d4b" outcome="Passed" testListId="8c84fa94-04c1-424b-9868-57a2d4851a1d" relativeResultsDirectory="06984b77-ac6c-4f12-bbba-9ef9f45b6f6f" />
    <UnitTestResult executionId="557be62b-a3a6-4c4f-8141-1a2c39092938" testId="312fd8c6-17df-4280-9eea-ff3a032267c0" testName="FormatToStringTest1000 (49256.65708813195,49256.66 zł)" computerName="DESKTOP-5URQ9PB" duration="00:00:00.0000061" startTime="2022-06-13T21:12:18.5390282+02:00" endTime="2022-06-13T21:12:18.5390926+02:00" testType="13cdc9d9-ddb5-4fa4-a97d-d965ccfc6d4b" outcome="Passed" testListId="8c84fa94-04c1-424b-9868-57a2d4851a1d" relativeResultsDirectory="557be62b-a3a6-4c4f-8141-1a2c39092938" />
    <UnitTestResult executionId="c996dedc-5502-43c6-add0-ebb5f27193f6" testId="8bc09f4f-c5f7-4b4d-b9ad-c1ed23bb501b" testName="FormatToStringTest1000 (6550.421588937948,6550.42 zł)" computerName="DESKTOP-5URQ9PB" duration="00:00:00.0000061" startTime="2022-06-13T21:12:18.5819072+02:00" endTime="2022-06-13T21:12:18.5819726+02:00" testType="13cdc9d9-ddb5-4fa4-a97d-d965ccfc6d4b" outcome="Passed" testListId="8c84fa94-04c1-424b-9868-57a2d4851a1d" relativeResultsDirectory="c996dedc-5502-43c6-add0-ebb5f27193f6" />
    <UnitTestResult executionId="b1977862-5a10-4247-8594-3e6404e9d3a4" testId="50d14cd1-4514-4974-b0cf-65a97d16c794" testName="FormatToStringTest1000 (73372.53853826903,73372.54 zł)" computerName="DESKTOP-5URQ9PB" duration="00:00:00.0000064" startTime="2022-06-13T21:12:18.3743706+02:00" endTime="2022-06-13T21:12:18.3744362+02:00" testType="13cdc9d9-ddb5-4fa4-a97d-d965ccfc6d4b" outcome="Passed" testListId="8c84fa94-04c1-424b-9868-57a2d4851a1d" relativeResultsDirectory="b1977862-5a10-4247-8594-3e6404e9d3a4" />
    <UnitTestResult executionId="d3d8e460-bc4d-4e56-865e-1fa29c2d0403" testId="f728bae5-543f-41e0-880a-653c63222876" testName="FormatToStringTest1000 (50009.23881716898,50009.24 zł)" computerName="DESKTOP-5URQ9PB" duration="00:00:00.0000282" startTime="2022-06-13T21:12:18.4917970+02:00" endTime="2022-06-13T21:12:18.4921105+02:00" testType="13cdc9d9-ddb5-4fa4-a97d-d965ccfc6d4b" outcome="Passed" testListId="8c84fa94-04c1-424b-9868-57a2d4851a1d" relativeResultsDirectory="d3d8e460-bc4d-4e56-865e-1fa29c2d0403" />
    <UnitTestResult executionId="0c9ff876-777f-4922-8126-357aa36d0156" testId="4c2eddd9-fcf6-4666-9756-fa250191e3cf" testName="FormatToStringTest1000 (18023.78504577455,18023.79 zł)" computerName="DESKTOP-5URQ9PB" duration="00:00:00.0000063" startTime="2022-06-13T21:12:18.3672507+02:00" endTime="2022-06-13T21:12:18.3673179+02:00" testType="13cdc9d9-ddb5-4fa4-a97d-d965ccfc6d4b" outcome="Passed" testListId="8c84fa94-04c1-424b-9868-57a2d4851a1d" relativeResultsDirectory="0c9ff876-777f-4922-8126-357aa36d0156" />
    <UnitTestResult executionId="cf47210c-46ba-436a-8be1-1a665046d7b6" testId="7e8bd13f-7821-4d18-b243-53979f411894" testName="FormatToStringTest1000 (66723.3293191657,66723.33 zł)" computerName="DESKTOP-5URQ9PB" duration="00:00:00.0000063" startTime="2022-06-13T21:12:18.3565695+02:00" endTime="2022-06-13T21:12:18.3566352+02:00" testType="13cdc9d9-ddb5-4fa4-a97d-d965ccfc6d4b" outcome="Passed" testListId="8c84fa94-04c1-424b-9868-57a2d4851a1d" relativeResultsDirectory="cf47210c-46ba-436a-8be1-1a665046d7b6" />
    <UnitTestResult executionId="78294371-7c18-4df5-9914-296c5044eeae" testId="6fc25921-a8be-43a9-8057-65475f6f5076" testName="FormatToStringTest1000 (49416.285282306504,49416.29 zł)" computerName="DESKTOP-5URQ9PB" duration="00:00:00.0000064" startTime="2022-06-13T21:12:18.5867334+02:00" endTime="2022-06-13T21:12:18.5867988+02:00" testType="13cdc9d9-ddb5-4fa4-a97d-d965ccfc6d4b" outcome="Passed" testListId="8c84fa94-04c1-424b-9868-57a2d4851a1d" relativeResultsDirectory="78294371-7c18-4df5-9914-296c5044eeae" />
    <UnitTestResult executionId="35f4116a-9cb7-44a7-8f0c-823b9fc9e4a0" testId="183bc21c-1100-4c55-b087-522468e9be61" testName="FormatToStringTest1000 (48449.85582609189,48449.86 zł)" computerName="DESKTOP-5URQ9PB" duration="00:00:00.0000062" startTime="2022-06-13T21:12:18.5134019+02:00" endTime="2022-06-13T21:12:18.5134660+02:00" testType="13cdc9d9-ddb5-4fa4-a97d-d965ccfc6d4b" outcome="Passed" testListId="8c84fa94-04c1-424b-9868-57a2d4851a1d" relativeResultsDirectory="35f4116a-9cb7-44a7-8f0c-823b9fc9e4a0" />
    <UnitTestResult executionId="5b3d3179-1718-4326-9c8c-cf7a5668592a" testId="b76913c4-cc52-46ad-8cb4-47b30924fac4" testName="FormatToStringTest1000 (15129.433864736666,15129.43 zł)" computerName="DESKTOP-5URQ9PB" duration="00:00:00.0000060" startTime="2022-06-13T21:12:18.5819892+02:00" endTime="2022-06-13T21:12:18.5820528+02:00" testType="13cdc9d9-ddb5-4fa4-a97d-d965ccfc6d4b" outcome="Passed" testListId="8c84fa94-04c1-424b-9868-57a2d4851a1d" relativeResultsDirectory="5b3d3179-1718-4326-9c8c-cf7a5668592a" />
    <UnitTestResult executionId="382deb56-2920-46e7-8b50-912965f31553" testId="b494a90b-fc1d-4bf0-875f-50126ca2e7ba" testName="FormatToStringTest1000 (35714.78133482243,35714.78 zł)" computerName="DESKTOP-5URQ9PB" duration="00:00:00.0000063" startTime="2022-06-13T21:12:18.4110924+02:00" endTime="2022-06-13T21:12:18.4111591+02:00" testType="13cdc9d9-ddb5-4fa4-a97d-d965ccfc6d4b" outcome="Passed" testListId="8c84fa94-04c1-424b-9868-57a2d4851a1d" relativeResultsDirectory="382deb56-2920-46e7-8b50-912965f31553" />
    <UnitTestResult executionId="ac2ef14a-48ed-4892-96e3-1d20b61e2f2c" testId="59f210f4-31e2-4d16-bf93-bcf36e8d82b0" testName="FormatToStringTest1000 (67338.80028760935,67338.80 zł)" computerName="DESKTOP-5URQ9PB" duration="00:00:00.0000064" startTime="2022-06-13T21:12:18.2871863+02:00" endTime="2022-06-13T21:12:18.2872542+02:00" testType="13cdc9d9-ddb5-4fa4-a97d-d965ccfc6d4b" outcome="Passed" testListId="8c84fa94-04c1-424b-9868-57a2d4851a1d" relativeResultsDirectory="ac2ef14a-48ed-4892-96e3-1d20b61e2f2c" />
    <UnitTestResult executionId="15a486fc-d537-47b5-88ee-b6bd8e68084b" testId="ee44e449-965f-4ac2-99ff-d3d7269ed676" testName="FormatToStringTest1000 (11944.74385168531,11944.74 zł)" computerName="DESKTOP-5URQ9PB" duration="00:00:00.0000064" startTime="2022-06-13T21:12:18.6251022+02:00" endTime="2022-06-13T21:12:18.6251686+02:00" testType="13cdc9d9-ddb5-4fa4-a97d-d965ccfc6d4b" outcome="Passed" testListId="8c84fa94-04c1-424b-9868-57a2d4851a1d" relativeResultsDirectory="15a486fc-d537-47b5-88ee-b6bd8e68084b" />
    <UnitTestResult executionId="b368e804-f73f-4c75-8113-c6f53e9b7e4b" testId="a0d1276d-3b5a-411c-afaa-b07768ba9624" testName="FormatToStringTest1000 (10227.532692039169,10227.53 zł)" computerName="DESKTOP-5URQ9PB" duration="00:00:00.0000092" startTime="2022-06-13T21:12:18.3384876+02:00" endTime="2022-06-13T21:12:18.3385886+02:00" testType="13cdc9d9-ddb5-4fa4-a97d-d965ccfc6d4b" outcome="Passed" testListId="8c84fa94-04c1-424b-9868-57a2d4851a1d" relativeResultsDirectory="b368e804-f73f-4c75-8113-c6f53e9b7e4b" />
    <UnitTestResult executionId="5b8547b5-49b2-4728-95f5-e55f5e4368d6" testId="56bc093f-9265-48ef-8963-05d733018f04" testName="FormatToStringTest1000 (72659.37876478041,72659.38 zł)" computerName="DESKTOP-5URQ9PB" duration="00:00:00.0000075" startTime="2022-06-13T21:12:18.5440947+02:00" endTime="2022-06-13T21:12:18.5441744+02:00" testType="13cdc9d9-ddb5-4fa4-a97d-d965ccfc6d4b" outcome="Passed" testListId="8c84fa94-04c1-424b-9868-57a2d4851a1d" relativeResultsDirectory="5b8547b5-49b2-4728-95f5-e55f5e4368d6" />
    <UnitTestResult executionId="9a807884-f7dc-4ab6-ad24-40ffb55e978d" testId="7019c558-570b-4ebb-9247-57b66228e64a" testName="FormatToStringTest1000 (2409.393997763001,2409.39 zł)" computerName="DESKTOP-5URQ9PB" duration="00:00:00.0000061" startTime="2022-06-13T21:12:18.3263569+02:00" endTime="2022-06-13T21:12:18.3264236+02:00" testType="13cdc9d9-ddb5-4fa4-a97d-d965ccfc6d4b" outcome="Passed" testListId="8c84fa94-04c1-424b-9868-57a2d4851a1d" relativeResultsDirectory="9a807884-f7dc-4ab6-ad24-40ffb55e978d" />
    <UnitTestResult executionId="a37756e9-e45e-4363-8177-a473a2298ea1" testId="b782cb6e-2abf-4d88-b1b4-ec543e6b2232" testName="FormatToStringTest1000 (2929.267390865026,2929.27 zł)" computerName="DESKTOP-5URQ9PB" duration="00:00:00.0000069" startTime="2022-06-13T21:12:18.6012065+02:00" endTime="2022-06-13T21:12:18.6012833+02:00" testType="13cdc9d9-ddb5-4fa4-a97d-d965ccfc6d4b" outcome="Passed" testListId="8c84fa94-04c1-424b-9868-57a2d4851a1d" relativeResultsDirectory="a37756e9-e45e-4363-8177-a473a2298ea1" />
    <UnitTestResult executionId="8e42abfb-aa68-4669-bc5a-245d4199a01b" testId="a402cd88-d13e-453a-aa76-238439af7703" testName="FormatToStringTest1000 (50991.22189691114,50991.22 zł)" computerName="DESKTOP-5URQ9PB" duration="00:00:00.0000065" startTime="2022-06-13T21:12:18.3029497+02:00" endTime="2022-06-13T21:12:18.3030230+02:00" testType="13cdc9d9-ddb5-4fa4-a97d-d965ccfc6d4b" outcome="Passed" testListId="8c84fa94-04c1-424b-9868-57a2d4851a1d" relativeResultsDirectory="8e42abfb-aa68-4669-bc5a-245d4199a01b" />
    <UnitTestResult executionId="8802b030-1b6a-44c6-a0d6-b35e9b305913" testId="77472ea7-b66a-447e-b32b-fdd0111f422c" testName="FormatToStringTest1000 (16902.50568789314,16902.51 zł)" computerName="DESKTOP-5URQ9PB" duration="00:00:00.0000064" startTime="2022-06-13T21:12:18.4427383+02:00" endTime="2022-06-13T21:12:18.4428045+02:00" testType="13cdc9d9-ddb5-4fa4-a97d-d965ccfc6d4b" outcome="Passed" testListId="8c84fa94-04c1-424b-9868-57a2d4851a1d" relativeResultsDirectory="8802b030-1b6a-44c6-a0d6-b35e9b305913" />
    <UnitTestResult executionId="63561b98-a7c3-4e70-bac6-93f038563bbb" testId="f1d355c7-b139-45b6-bc3e-a9bc1a7648e6" testName="FormatToStringTest1000 (5628.028273674672,5628.03 zł)" computerName="DESKTOP-5URQ9PB" duration="00:00:00.0000064" startTime="2022-06-13T21:12:18.2369629+02:00" endTime="2022-06-13T21:12:18.2370316+02:00" testType="13cdc9d9-ddb5-4fa4-a97d-d965ccfc6d4b" outcome="Passed" testListId="8c84fa94-04c1-424b-9868-57a2d4851a1d" relativeResultsDirectory="63561b98-a7c3-4e70-bac6-93f038563bbb" />
    <UnitTestResult executionId="f8c8d2f8-7143-43c3-9aba-ece84f662d98" testId="b6be5bc4-d2f7-46b1-80ce-123bafee58a1" testName="FormatToStringTest1000 (16161.963229990548,16161.96 zł)" computerName="DESKTOP-5URQ9PB" duration="00:00:00.0000064" startTime="2022-06-13T21:12:18.5441932+02:00" endTime="2022-06-13T21:12:18.5442583+02:00" testType="13cdc9d9-ddb5-4fa4-a97d-d965ccfc6d4b" outcome="Passed" testListId="8c84fa94-04c1-424b-9868-57a2d4851a1d" relativeResultsDirectory="f8c8d2f8-7143-43c3-9aba-ece84f662d98" />
    <UnitTestResult executionId="e5fd4888-2e1e-4b03-8422-101605c2a82c" testId="0353ee04-986e-499d-97fd-33c3c0bfc83c" testName="FormatToStringTest1000 (9603.199987620208,9603.20 zł)" computerName="DESKTOP-5URQ9PB" duration="00:00:00.0000061" startTime="2022-06-13T21:12:18.6306627+02:00" endTime="2022-06-13T21:12:18.6307268+02:00" testType="13cdc9d9-ddb5-4fa4-a97d-d965ccfc6d4b" outcome="Passed" testListId="8c84fa94-04c1-424b-9868-57a2d4851a1d" relativeResultsDirectory="e5fd4888-2e1e-4b03-8422-101605c2a82c" />
    <UnitTestResult executionId="7121d854-d269-4330-ad4f-90187ba4d3cc" testId="7099ce3c-dcb9-4efd-83b9-9528c50174bb" testName="FormatToStringTest1000 (20445.11280083149,20445.11 zł)" computerName="DESKTOP-5URQ9PB" duration="00:00:00.0000062" startTime="2022-06-13T21:12:18.5737249+02:00" endTime="2022-06-13T21:12:18.5737906+02:00" testType="13cdc9d9-ddb5-4fa4-a97d-d965ccfc6d4b" outcome="Passed" testListId="8c84fa94-04c1-424b-9868-57a2d4851a1d" relativeResultsDirectory="7121d854-d269-4330-ad4f-90187ba4d3cc" />
    <UnitTestResult executionId="b9577df2-c99e-485a-b65b-19fc977374fe" testId="04fa5985-33c9-4c0e-8563-8426006ebfe5" testName="FormatToStringTest1000 (27794.8671353957,27794.87 zł)" computerName="DESKTOP-5URQ9PB" duration="00:00:00.0000072" startTime="2022-06-13T21:12:18.5506080+02:00" endTime="2022-06-13T21:12:18.5506826+02:00" testType="13cdc9d9-ddb5-4fa4-a97d-d965ccfc6d4b" outcome="Passed" testListId="8c84fa94-04c1-424b-9868-57a2d4851a1d" relativeResultsDirectory="b9577df2-c99e-485a-b65b-19fc977374fe" />
    <UnitTestResult executionId="1e41d771-bb73-4a8e-8024-70ce7231c929" testId="9209fdfe-9971-4eb4-9222-8d7e0d367fa2" testName="FormatToStringTest1000 (22248.263319677797,22248.26 zł)" computerName="DESKTOP-5URQ9PB" duration="00:00:00.0000065" startTime="2022-06-13T21:12:18.4456603+02:00" endTime="2022-06-13T21:12:18.4457416+02:00" testType="13cdc9d9-ddb5-4fa4-a97d-d965ccfc6d4b" outcome="Passed" testListId="8c84fa94-04c1-424b-9868-57a2d4851a1d" relativeResultsDirectory="1e41d771-bb73-4a8e-8024-70ce7231c929" />
    <UnitTestResult executionId="0a7f5bb8-9483-49d2-a002-6ce768c2b18d" testId="9a09c479-ff6c-4372-a163-5d644f50f3b8" testName="FormatToStringTest1000 (37160.85331540269,37160.85 zł)" computerName="DESKTOP-5URQ9PB" duration="00:00:00.0000064" startTime="2022-06-13T21:12:18.3325287+02:00" endTime="2022-06-13T21:12:18.3325976+02:00" testType="13cdc9d9-ddb5-4fa4-a97d-d965ccfc6d4b" outcome="Passed" testListId="8c84fa94-04c1-424b-9868-57a2d4851a1d" relativeResultsDirectory="0a7f5bb8-9483-49d2-a002-6ce768c2b18d" />
    <UnitTestResult executionId="9c9ca68f-94f9-4ccf-9c7c-878049d3bcc6" testId="4b01d071-2448-4d60-9334-9ca2b71dc468" testName="FormatToStringTest1000 (96261.84883437205,96261.85 zł)" computerName="DESKTOP-5URQ9PB" duration="00:00:00.0000062" startTime="2022-06-13T21:12:18.6067344+02:00" endTime="2022-06-13T21:12:18.6067984+02:00" testType="13cdc9d9-ddb5-4fa4-a97d-d965ccfc6d4b" outcome="Passed" testListId="8c84fa94-04c1-424b-9868-57a2d4851a1d" relativeResultsDirectory="9c9ca68f-94f9-4ccf-9c7c-878049d3bcc6" />
    <UnitTestResult executionId="c5cbac7b-4c58-4e26-ab54-9858154c5c02" testId="8af428f2-aac2-44bc-8ce7-7e05390728a1" testName="FormatToStringTest1000 (14003.84591249742,14003.85 zł)" computerName="DESKTOP-5URQ9PB" duration="00:00:00.0000061" startTime="2022-06-13T21:12:18.5081091+02:00" endTime="2022-06-13T21:12:18.5081740+02:00" testType="13cdc9d9-ddb5-4fa4-a97d-d965ccfc6d4b" outcome="Passed" testListId="8c84fa94-04c1-424b-9868-57a2d4851a1d" relativeResultsDirectory="c5cbac7b-4c58-4e26-ab54-9858154c5c02" />
    <UnitTestResult executionId="01cbf774-41d1-4a56-a45a-9c9e1dcef3d5" testId="6e940e1e-372e-4bc7-8ee9-c05a2e9456b8" testName="FormatToStringTest1000 (2346.9964869427477,2347.00 zł)" computerName="DESKTOP-5URQ9PB" duration="00:00:00.0000064" startTime="2022-06-13T21:12:18.4139060+02:00" endTime="2022-06-13T21:12:18.4139734+02:00" testType="13cdc9d9-ddb5-4fa4-a97d-d965ccfc6d4b" outcome="Passed" testListId="8c84fa94-04c1-424b-9868-57a2d4851a1d" relativeResultsDirectory="01cbf774-41d1-4a56-a45a-9c9e1dcef3d5" />
    <UnitTestResult executionId="314ca7d1-516c-42b2-b4df-c7bc60c0d795" testId="295f33a5-2b0b-4692-974d-7a6ee0f46f83" testName="FormatToStringTest1000 (12949.590713378317,12949.59 zł)" computerName="DESKTOP-5URQ9PB" duration="00:00:00.0000064" startTime="2022-06-13T21:12:18.2778772+02:00" endTime="2022-06-13T21:12:18.2779513+02:00" testType="13cdc9d9-ddb5-4fa4-a97d-d965ccfc6d4b" outcome="Passed" testListId="8c84fa94-04c1-424b-9868-57a2d4851a1d" relativeResultsDirectory="314ca7d1-516c-42b2-b4df-c7bc60c0d795" />
    <UnitTestResult executionId="dc129926-ff60-4bb4-a697-d8bb7757acaa" testId="8862b8fe-7f6f-49dd-8ad8-cb05bb241f65" testName="FormatToStringTest1000 (27164.0272410419,27164.03 zł)" computerName="DESKTOP-5URQ9PB" duration="00:00:00.0000066" startTime="2022-06-13T21:12:18.3950220+02:00" endTime="2022-06-13T21:12:18.3950888+02:00" testType="13cdc9d9-ddb5-4fa4-a97d-d965ccfc6d4b" outcome="Passed" testListId="8c84fa94-04c1-424b-9868-57a2d4851a1d" relativeResultsDirectory="dc129926-ff60-4bb4-a697-d8bb7757acaa" />
    <UnitTestResult executionId="e4d75cbe-4a09-4134-9429-055a2db35530" testId="a502fac2-5ade-41ef-a892-d3e200fc7d2b" testName="FormatToStringTest1000 (6752.510462437062,6752.51 zł)" computerName="DESKTOP-5URQ9PB" duration="00:00:00.0000061" startTime="2022-06-13T21:12:18.3203900+02:00" endTime="2022-06-13T21:12:18.3204559+02:00" testType="13cdc9d9-ddb5-4fa4-a97d-d965ccfc6d4b" outcome="Passed" testListId="8c84fa94-04c1-424b-9868-57a2d4851a1d" relativeResultsDirectory="e4d75cbe-4a09-4134-9429-055a2db35530" />
    <UnitTestResult executionId="bec9d790-f3fe-4695-bcaa-219d7bfa82a9" testId="017faa51-50e8-4154-8a47-b0135c69887e" testName="FormatToStringTest1000 (29926.595417457444,29926.60 zł)" computerName="DESKTOP-5URQ9PB" duration="00:00:00.0000061" startTime="2022-06-13T21:12:18.5564223+02:00" endTime="2022-06-13T21:12:18.5564880+02:00" testType="13cdc9d9-ddb5-4fa4-a97d-d965ccfc6d4b" outcome="Passed" testListId="8c84fa94-04c1-424b-9868-57a2d4851a1d" relativeResultsDirectory="bec9d790-f3fe-4695-bcaa-219d7bfa82a9" />
    <UnitTestResult executionId="0e4ad8f9-80fa-403d-8fae-788ea1d38393" testId="c55ff475-7243-4323-8da7-a295592434b7" testName="FormatToStringTest1000 (18340.935049000167,18340.94 zł)" computerName="DESKTOP-5URQ9PB" duration="00:00:00.0000062" startTime="2022-06-13T21:12:18.3462383+02:00" endTime="2022-06-13T21:12:18.3463091+02:00" testType="13cdc9d9-ddb5-4fa4-a97d-d965ccfc6d4b" outcome="Passed" testListId="8c84fa94-04c1-424b-9868-57a2d4851a1d" relativeResultsDirectory="0e4ad8f9-80fa-403d-8fae-788ea1d38393" />
    <UnitTestResult executionId="9ba19453-0409-485b-93ac-0e7f53385201" testId="cc9cd605-5c3a-4f5b-9146-abe14cb68806" testName="FormatToStringTest1000 (70432.00656616595,70432.01 zł)" computerName="DESKTOP-5URQ9PB" duration="00:00:00.0000063" startTime="2022-06-13T21:12:18.5952164+02:00" endTime="2022-06-13T21:12:18.5952805+02:00" testType="13cdc9d9-ddb5-4fa4-a97d-d965ccfc6d4b" outcome="Passed" testListId="8c84fa94-04c1-424b-9868-57a2d4851a1d" relativeResultsDirectory="9ba19453-0409-485b-93ac-0e7f53385201" />
    <UnitTestResult executionId="d42c1bcd-f162-4877-9098-643f5a1b42b3" testId="61e9ee04-1d06-4916-aa45-5c4ded9b4281" testName="FormatToStringTest1000 (30385.72086375613,30385.72 zł)" computerName="DESKTOP-5URQ9PB" duration="00:00:00.0000063" startTime="2022-06-13T21:12:18.5926596+02:00" endTime="2022-06-13T21:12:18.5927239+02:00" testType="13cdc9d9-ddb5-4fa4-a97d-d965ccfc6d4b" outcome="Passed" testListId="8c84fa94-04c1-424b-9868-57a2d4851a1d" relativeResultsDirectory="d42c1bcd-f162-4877-9098-643f5a1b42b3" />
    <UnitTestResult executionId="54e00a2a-ed64-4efd-9480-9c7ae9e8a14d" testId="3da82ec9-bd62-413b-baf0-29b607051b46" testName="FormatToStringTest1000 (8802.811382028653,8802.81 zł)" computerName="DESKTOP-5URQ9PB" duration="00:00:00.0000064" startTime="2022-06-13T21:12:18.3639267+02:00" endTime="2022-06-13T21:12:18.3639952+02:00" testType="13cdc9d9-ddb5-4fa4-a97d-d965ccfc6d4b" outcome="Passed" testListId="8c84fa94-04c1-424b-9868-57a2d4851a1d" relativeResultsDirectory="54e00a2a-ed64-4efd-9480-9c7ae9e8a14d" />
    <UnitTestResult executionId="60d1cf11-7c2c-4986-b901-7d6cddcb8700" testId="e736bfde-2a90-4153-b1d7-3ba990898be8" testName="FormatToStringTest1000 (90187.4082624374,90187.41 zł)" computerName="DESKTOP-5URQ9PB" duration="00:00:00.0000063" startTime="2022-06-13T21:12:18.6307435+02:00" endTime="2022-06-13T21:12:18.6308056+02:00" testType="13cdc9d9-ddb5-4fa4-a97d-d965ccfc6d4b" outcome="Passed" testListId="8c84fa94-04c1-424b-9868-57a2d4851a1d" relativeResultsDirectory="60d1cf11-7c2c-4986-b901-7d6cddcb8700" />
    <UnitTestResult executionId="3bccf861-000f-4e85-ab68-c55bc8bc4275" testId="a62ef21c-fe09-4c51-99ca-73df3986e379" testName="FormatToStringTest1000 (13582.47117894258,13582.47 zł)" computerName="DESKTOP-5URQ9PB" duration="00:00:00.0000064" startTime="2022-06-13T21:12:18.3331269+02:00" endTime="2022-06-13T21:12:18.3331940+02:00" testType="13cdc9d9-ddb5-4fa4-a97d-d965ccfc6d4b" outcome="Passed" testListId="8c84fa94-04c1-424b-9868-57a2d4851a1d" relativeResultsDirectory="3bccf861-000f-4e85-ab68-c55bc8bc4275" />
    <UnitTestResult executionId="687017f5-5bff-44d9-af8f-d0bcda931366" testId="b535c047-a9a3-40a1-8fd7-b4005bee4644" testName="FormatToStringTest1000 (6710.131197082871,6710.13 zł)" computerName="DESKTOP-5URQ9PB" duration="00:00:00.0000063" startTime="2022-06-13T21:12:18.6123778+02:00" endTime="2022-06-13T21:12:18.6124425+02:00" testType="13cdc9d9-ddb5-4fa4-a97d-d965ccfc6d4b" outcome="Passed" testListId="8c84fa94-04c1-424b-9868-57a2d4851a1d" relativeResultsDirectory="687017f5-5bff-44d9-af8f-d0bcda931366" />
    <UnitTestResult executionId="a59f4fdc-3ece-4b08-8f23-a26f40a84c40" testId="723bf163-2dd8-4dcf-8a86-5f5ef63620b2" testName="FormatToStringTest1000 (867.5236648356187,867.52 zł)" computerName="DESKTOP-5URQ9PB" duration="00:00:00.0000063" startTime="2022-06-13T21:12:18.5843732+02:00" endTime="2022-06-13T21:12:18.5844379+02:00" testType="13cdc9d9-ddb5-4fa4-a97d-d965ccfc6d4b" outcome="Passed" testListId="8c84fa94-04c1-424b-9868-57a2d4851a1d" relativeResultsDirectory="a59f4fdc-3ece-4b08-8f23-a26f40a84c40" />
    <UnitTestResult executionId="db19c9bc-7411-46b4-925e-f0201ff27cd7" testId="9e2c3134-7fa2-4f21-8174-c8053cd0f265" testName="FormatToStringTest1000 (6035.818653228608,6035.82 zł)" computerName="DESKTOP-5URQ9PB" duration="00:00:00.0000064" startTime="2022-06-13T21:12:18.4014776+02:00" endTime="2022-06-13T21:12:18.4015441+02:00" testType="13cdc9d9-ddb5-4fa4-a97d-d965ccfc6d4b" outcome="Passed" testListId="8c84fa94-04c1-424b-9868-57a2d4851a1d" relativeResultsDirectory="db19c9bc-7411-46b4-925e-f0201ff27cd7" />
    <UnitTestResult executionId="a8582ac3-318d-49d2-8f65-d4f1978fe507" testId="507a9ab0-6610-40ea-b92e-57dc261bbc68" testName="FormatToStringTest1000 (51300.77891898145,51300.78 zł)" computerName="DESKTOP-5URQ9PB" duration="00:00:00.0000065" startTime="2022-06-13T21:12:18.5078564+02:00" endTime="2022-06-13T21:12:18.5079271+02:00" testType="13cdc9d9-ddb5-4fa4-a97d-d965ccfc6d4b" outcome="Passed" testListId="8c84fa94-04c1-424b-9868-57a2d4851a1d" relativeResultsDirectory="a8582ac3-318d-49d2-8f65-d4f1978fe507" />
    <UnitTestResult executionId="b1c3f493-f150-47f6-bd48-7564770c294b" testId="a5828a1b-b31c-4873-8074-7a318d5be1ec" testName="FormatToStringTest1000 (9431.144757136304,9431.14 zł)" computerName="DESKTOP-5URQ9PB" duration="00:00:00.0000062" startTime="2022-06-13T21:12:18.3266189+02:00" endTime="2022-06-13T21:12:18.3266869+02:00" testType="13cdc9d9-ddb5-4fa4-a97d-d965ccfc6d4b" outcome="Passed" testListId="8c84fa94-04c1-424b-9868-57a2d4851a1d" relativeResultsDirectory="b1c3f493-f150-47f6-bd48-7564770c294b" />
    <UnitTestResult executionId="909d2473-42e3-4d2d-8901-a061eca4877a" testId="98d48beb-82a8-456c-8881-b4fae0aae179" testName="FormatToStringTest1000 (68507.83928906724,68507.84 zł)" computerName="DESKTOP-5URQ9PB" duration="00:00:00.0000062" startTime="2022-06-13T21:12:18.5948847+02:00" endTime="2022-06-13T21:12:18.5949552+02:00" testType="13cdc9d9-ddb5-4fa4-a97d-d965ccfc6d4b" outcome="Passed" testListId="8c84fa94-04c1-424b-9868-57a2d4851a1d" relativeResultsDirectory="909d2473-42e3-4d2d-8901-a061eca4877a" />
    <UnitTestResult executionId="0a25cf24-d0df-4a53-bcae-1c1c2f2ad78d" testId="ad332615-2709-441a-b042-00c8b3080780" testName="FormatToStringTest1000 (30499.08272379734,30499.08 zł)" computerName="DESKTOP-5URQ9PB" duration="00:00:00.0000063" startTime="2022-06-13T21:12:18.5616810+02:00" endTime="2022-06-13T21:12:18.5617458+02:00" testType="13cdc9d9-ddb5-4fa4-a97d-d965ccfc6d4b" outcome="Passed" testListId="8c84fa94-04c1-424b-9868-57a2d4851a1d" relativeResultsDirectory="0a25cf24-d0df-4a53-bcae-1c1c2f2ad78d" />
    <UnitTestResult executionId="13fd2a39-81ff-4fa1-a593-e64571bbea4c" testId="8a8f4703-cba9-4e6e-81db-5edac80424ec" testName="FormatToStringTest1000 (28072.424637532058,28072.42 zł)" computerName="DESKTOP-5URQ9PB" duration="00:00:00.0000063" startTime="2022-06-13T21:12:18.2874440+02:00" endTime="2022-06-13T21:12:18.2875119+02:00" testType="13cdc9d9-ddb5-4fa4-a97d-d965ccfc6d4b" outcome="Passed" testListId="8c84fa94-04c1-424b-9868-57a2d4851a1d" relativeResultsDirectory="13fd2a39-81ff-4fa1-a593-e64571bbea4c" />
    <UnitTestResult executionId="ad1fc15c-73d4-4092-aa0a-47e3e996b154" testId="bd8a7473-de50-4b79-b65b-dd1c325a0cfb" testName="FormatToStringTest1000 (32262.93788198984,32262.94 zł)" computerName="DESKTOP-5URQ9PB" duration="00:00:00.0000394" startTime="2022-06-13T21:12:18.5005768+02:00" endTime="2022-06-13T21:12:18.5008363+02:00" testType="13cdc9d9-ddb5-4fa4-a97d-d965ccfc6d4b" outcome="Passed" testListId="8c84fa94-04c1-424b-9868-57a2d4851a1d" relativeResultsDirectory="ad1fc15c-73d4-4092-aa0a-47e3e996b154" />
    <UnitTestResult executionId="69330fbd-780e-4d66-b08c-2be04e7b9385" testId="54544e15-26a0-4ea6-8888-c6266cb81bbc" testName="FormatToStringTest1000 (33413.381276228174,33413.38 zł)" computerName="DESKTOP-5URQ9PB" duration="00:00:00.0000071" startTime="2022-06-13T21:12:18.4238427+02:00" endTime="2022-06-13T21:12:18.4239257+02:00" testType="13cdc9d9-ddb5-4fa4-a97d-d965ccfc6d4b" outcome="Passed" testListId="8c84fa94-04c1-424b-9868-57a2d4851a1d" relativeResultsDirectory="69330fbd-780e-4d66-b08c-2be04e7b9385" />
    <UnitTestResult executionId="5ba207f8-88d1-4e7c-9807-5a57459db859" testId="4a21e0e2-baa6-4bc9-8f03-e0c4bce73244" testName="FormatToStringTest1000 (486.15309567942893,486.15 zł)" computerName="DESKTOP-5URQ9PB" duration="00:00:00.0000063" startTime="2022-06-13T21:12:18.4109232+02:00" endTime="2022-06-13T21:12:18.4109917+02:00" testType="13cdc9d9-ddb5-4fa4-a97d-d965ccfc6d4b" outcome="Passed" testListId="8c84fa94-04c1-424b-9868-57a2d4851a1d" relativeResultsDirectory="5ba207f8-88d1-4e7c-9807-5a57459db859" />
    <UnitTestResult executionId="5f2b9af8-d9ea-4adf-88f4-4e292c6c9e8a" testId="23cd0222-9188-4af8-b092-f0d85fd82642" testName="FormatToStringTest1000 (6820.105136090938,6820.11 zł)" computerName="DESKTOP-5URQ9PB" duration="00:00:00.0000062" startTime="2022-06-13T21:12:18.5817410+02:00" endTime="2022-06-13T21:12:18.5818051+02:00" testType="13cdc9d9-ddb5-4fa4-a97d-d965ccfc6d4b" outcome="Passed" testListId="8c84fa94-04c1-424b-9868-57a2d4851a1d" relativeResultsDirectory="5f2b9af8-d9ea-4adf-88f4-4e292c6c9e8a" />
    <UnitTestResult executionId="b18f4b4c-2ea8-4e9d-b5e6-f039412ff4f3" testId="21c846ef-d26f-4a27-890b-c96309b7a245" testName="FormatToStringTest1000 (10641.263377953444,10641.26 zł)" computerName="DESKTOP-5URQ9PB" duration="00:00:00.0000064" startTime="2022-06-13T21:12:18.3923824+02:00" endTime="2022-06-13T21:12:18.3924493+02:00" testType="13cdc9d9-ddb5-4fa4-a97d-d965ccfc6d4b" outcome="Passed" testListId="8c84fa94-04c1-424b-9868-57a2d4851a1d" relativeResultsDirectory="b18f4b4c-2ea8-4e9d-b5e6-f039412ff4f3" />
    <UnitTestResult executionId="9cca3688-6fb8-4378-92a3-0f8d84aea365" testId="bf546e26-8a09-4909-896e-2d0db111a4ab" testName="FormatToStringTest1000 (16511.26921423537,16511.27 zł)" computerName="DESKTOP-5URQ9PB" duration="00:00:00.0000068" startTime="2022-06-13T21:12:18.6118821+02:00" endTime="2022-06-13T21:12:18.6119541+02:00" testType="13cdc9d9-ddb5-4fa4-a97d-d965ccfc6d4b" outcome="Passed" testListId="8c84fa94-04c1-424b-9868-57a2d4851a1d" relativeResultsDirectory="9cca3688-6fb8-4378-92a3-0f8d84aea365" />
    <UnitTestResult executionId="aaa6149a-7878-4f5e-8a62-72f99b99eec9" testId="aa8827eb-4e50-43b9-ae88-41f7146799e6" testName="FormatToStringTest1000 (7407.385606687696,7407.39 zł)" computerName="DESKTOP-5URQ9PB" duration="00:00:00.0000064" startTime="2022-06-13T21:12:18.5052303+02:00" endTime="2022-06-13T21:12:18.5052966+02:00" testType="13cdc9d9-ddb5-4fa4-a97d-d965ccfc6d4b" outcome="Passed" testListId="8c84fa94-04c1-424b-9868-57a2d4851a1d" relativeResultsDirectory="aaa6149a-7878-4f5e-8a62-72f99b99eec9" />
    <UnitTestResult executionId="7ff4f356-f45c-4e27-a323-e2309f12d6b7" testId="a944cc49-d066-45c5-9b71-1b47775f5891" testName="FormatToStringTest1000 (2039.440966411699,2039.44 zł)" computerName="DESKTOP-5URQ9PB" duration="00:00:00.0000068" startTime="2022-06-13T21:12:18.3607162+02:00" endTime="2022-06-13T21:12:18.3607888+02:00" testType="13cdc9d9-ddb5-4fa4-a97d-d965ccfc6d4b" outcome="Passed" testListId="8c84fa94-04c1-424b-9868-57a2d4851a1d" relativeResultsDirectory="7ff4f356-f45c-4e27-a323-e2309f12d6b7" />
    <UnitTestResult executionId="2ef6f837-15e2-4de0-ac09-73d1b40a50fa" testId="66afd842-c06f-4f9c-8571-44c73500a42c" testName="FormatToStringTest1000 (14035.12972514477,14035.13 zł)" computerName="DESKTOP-5URQ9PB" duration="00:00:00.0000063" startTime="2022-06-13T21:12:18.3383032+02:00" endTime="2022-06-13T21:12:18.3383706+02:00" testType="13cdc9d9-ddb5-4fa4-a97d-d965ccfc6d4b" outcome="Passed" testListId="8c84fa94-04c1-424b-9868-57a2d4851a1d" relativeResultsDirectory="2ef6f837-15e2-4de0-ac09-73d1b40a50fa" />
    <UnitTestResult executionId="1eb7e86c-e682-4329-b091-4a3fcf1362d7" testId="4202dfd2-d5f5-4fba-8409-f522bc7b5932" testName="FormatToStringTest1000 (17845.255864087147,17845.26 zł)" computerName="DESKTOP-5URQ9PB" duration="00:00:00.0000064" startTime="2022-06-13T21:12:18.3459814+02:00" endTime="2022-06-13T21:12:18.3460498+02:00" testType="13cdc9d9-ddb5-4fa4-a97d-d965ccfc6d4b" outcome="Passed" testListId="8c84fa94-04c1-424b-9868-57a2d4851a1d" relativeResultsDirectory="1eb7e86c-e682-4329-b091-4a3fcf1362d7" />
    <UnitTestResult executionId="fe547707-3ba0-48e9-bb16-e272839fd120" testId="4113c035-e5a4-463e-83c3-8c83b16e257a" testName="FormatToStringTest1000 (16037.01783290087,16037.02 zł)" computerName="DESKTOP-5URQ9PB" duration="00:00:00.0000063" startTime="2022-06-13T21:12:18.6276488+02:00" endTime="2022-06-13T21:12:18.6277153+02:00" testType="13cdc9d9-ddb5-4fa4-a97d-d965ccfc6d4b" outcome="Passed" testListId="8c84fa94-04c1-424b-9868-57a2d4851a1d" relativeResultsDirectory="fe547707-3ba0-48e9-bb16-e272839fd120" />
    <UnitTestResult executionId="d7d7db96-b578-4f59-b95f-59c680c84286" testId="54b954f2-3ae1-45a1-8b34-0b4c7e08d07c" testName="FormatToStringTest1000 (24030.724859085738,24030.72 zł)" computerName="DESKTOP-5URQ9PB" duration="00:00:00.0000063" startTime="2022-06-13T21:12:18.5991585+02:00" endTime="2022-06-13T21:12:18.5992226+02:00" testType="13cdc9d9-ddb5-4fa4-a97d-d965ccfc6d4b" outcome="Passed" testListId="8c84fa94-04c1-424b-9868-57a2d4851a1d" relativeResultsDirectory="d7d7db96-b578-4f59-b95f-59c680c84286" />
    <UnitTestResult executionId="914afe67-342c-45cd-b9a5-9f51cdea36fa" testId="0e084840-e076-4a07-af00-471299d75df3" testName="FormatToStringTest1000 (24646.322657574587,24646.32 zł)" computerName="DESKTOP-5URQ9PB" duration="00:00:00.0000067" startTime="2022-06-13T21:12:18.4166847+02:00" endTime="2022-06-13T21:12:18.4167594+02:00" testType="13cdc9d9-ddb5-4fa4-a97d-d965ccfc6d4b" outcome="Passed" testListId="8c84fa94-04c1-424b-9868-57a2d4851a1d" relativeResultsDirectory="914afe67-342c-45cd-b9a5-9f51cdea36fa" />
    <UnitTestResult executionId="27946e20-d0ff-4e37-9224-dcf7e58d965c" testId="9d406346-5184-43b4-b200-dff97b73a57c" testName="FormatToStringTest1000 (3649.9254912836127,3649.93 zł)" computerName="DESKTOP-5URQ9PB" duration="00:00:00.0000074" startTime="2022-06-13T21:12:18.6329220+02:00" endTime="2022-06-13T21:12:18.6330060+02:00" testType="13cdc9d9-ddb5-4fa4-a97d-d965ccfc6d4b" outcome="Passed" testListId="8c84fa94-04c1-424b-9868-57a2d4851a1d" relativeResultsDirectory="27946e20-d0ff-4e37-9224-dcf7e58d965c" />
    <UnitTestResult executionId="e193a1e4-a6e5-48a2-8968-4344850a4410" testId="ec5d515c-b91d-401f-90eb-c43555ec9a8c" testName="FormatToStringTest1000 (5957.42161879941,5957.42 zł)" computerName="DESKTOP-5URQ9PB" duration="00:00:00.0000065" startTime="2022-06-13T21:12:18.5335698+02:00" endTime="2022-06-13T21:12:18.5336334+02:00" testType="13cdc9d9-ddb5-4fa4-a97d-d965ccfc6d4b" outcome="Passed" testListId="8c84fa94-04c1-424b-9868-57a2d4851a1d" relativeResultsDirectory="e193a1e4-a6e5-48a2-8968-4344850a4410" />
    <UnitTestResult executionId="6a377a82-a090-4f1f-ac03-00cfa27cff2f" testId="8d2b75cf-8b4d-45f8-8836-38d3e19f8b2a" testName="FormatToStringTest1000 (19216.446905020366,19216.45 zł)" computerName="DESKTOP-5URQ9PB" duration="00:00:00.0000062" startTime="2022-06-13T21:12:18.3202211+02:00" endTime="2022-06-13T21:12:18.3202879+02:00" testType="13cdc9d9-ddb5-4fa4-a97d-d965ccfc6d4b" outcome="Passed" testListId="8c84fa94-04c1-424b-9868-57a2d4851a1d" relativeResultsDirectory="6a377a82-a090-4f1f-ac03-00cfa27cff2f" />
    <UnitTestResult executionId="df185f14-e6ff-4584-8919-1f8f8f95d66a" testId="bd529254-6bb1-4397-b272-abed95ca02c6" testName="FormatToStringTest1000 (8851.904041135638,8851.90 zł)" computerName="DESKTOP-5URQ9PB" duration="00:00:00.0000064" startTime="2022-06-13T21:12:18.4688675+02:00" endTime="2022-06-13T21:12:18.4689399+02:00" testType="13cdc9d9-ddb5-4fa4-a97d-d965ccfc6d4b" outcome="Passed" testListId="8c84fa94-04c1-424b-9868-57a2d4851a1d" relativeResultsDirectory="df185f14-e6ff-4584-8919-1f8f8f95d66a" />
    <UnitTestResult executionId="b174f94b-d9e5-4b3d-8d13-4d96a1d2fddc" testId="301857c1-c708-47e2-b431-9d5c49570a2b" testName="FormatToStringTest1000 (30320.450517486992,30320.45 zł)" computerName="DESKTOP-5URQ9PB" duration="00:00:00.0000063" startTime="2022-06-13T21:12:18.4529216+02:00" endTime="2022-06-13T21:12:18.4529888+02:00" testType="13cdc9d9-ddb5-4fa4-a97d-d965ccfc6d4b" outcome="Passed" testListId="8c84fa94-04c1-424b-9868-57a2d4851a1d" relativeResultsDirectory="b174f94b-d9e5-4b3d-8d13-4d96a1d2fddc" />
    <UnitTestResult executionId="7ef841f2-1488-4bb3-b91f-4cb164b8de39" testId="b835c086-6bbb-4d97-a80d-70f99cd8fc48" testName="FormatToStringTest1000 (19541.10539777116,19541.11 zł)" computerName="DESKTOP-5URQ9PB" duration="00:00:00.0000064" startTime="2022-06-13T21:12:18.2903862+02:00" endTime="2022-06-13T21:12:18.2904529+02:00" testType="13cdc9d9-ddb5-4fa4-a97d-d965ccfc6d4b" outcome="Passed" testListId="8c84fa94-04c1-424b-9868-57a2d4851a1d" relativeResultsDirectory="7ef841f2-1488-4bb3-b91f-4cb164b8de39" />
    <UnitTestResult executionId="3c9dc389-0eb8-4ce9-9cca-0d82189cfc6d" testId="5e6971ed-ad4f-417e-9625-15c94fc0ff03" testName="FormatToStringTest1000 (3431.864349926759,3431.86 zł)" computerName="DESKTOP-5URQ9PB" duration="00:00:00.0000087" startTime="2022-06-13T21:12:18.5614111+02:00" endTime="2022-06-13T21:12:18.5614964+02:00" testType="13cdc9d9-ddb5-4fa4-a97d-d965ccfc6d4b" outcome="Passed" testListId="8c84fa94-04c1-424b-9868-57a2d4851a1d" relativeResultsDirectory="3c9dc389-0eb8-4ce9-9cca-0d82189cfc6d" />
    <UnitTestResult executionId="4781e939-f743-44ae-8f68-8aea58196006" testId="c0f448f2-96c0-4735-9119-12f0f84b1c6e" testName="FormatToStringTest1000 (12903.541202012237,12903.54 zł)" computerName="DESKTOP-5URQ9PB" duration="00:00:00.0000065" startTime="2022-06-13T21:12:18.3843947+02:00" endTime="2022-06-13T21:12:18.3844717+02:00" testType="13cdc9d9-ddb5-4fa4-a97d-d965ccfc6d4b" outcome="Passed" testListId="8c84fa94-04c1-424b-9868-57a2d4851a1d" relativeResultsDirectory="4781e939-f743-44ae-8f68-8aea58196006" />
    <UnitTestResult executionId="fe44a4e0-03b3-400d-abbe-73361edcdead" testId="efdd01f5-5d44-44a9-bd79-b531e2e1466e" testName="FormatToStringTest1000 (11100.829211263372,11100.83 zł)" computerName="DESKTOP-5URQ9PB" duration="00:00:00.0000067" startTime="2022-06-13T21:12:18.2819167+02:00" endTime="2022-06-13T21:12:18.2819919+02:00" testType="13cdc9d9-ddb5-4fa4-a97d-d965ccfc6d4b" outcome="Passed" testListId="8c84fa94-04c1-424b-9868-57a2d4851a1d" relativeResultsDirectory="fe44a4e0-03b3-400d-abbe-73361edcdead" />
    <UnitTestResult executionId="4ee015d1-511a-4965-a044-70b1faf659f3" testId="dcc45a87-132f-4533-a395-ec241ab67a6c" testName="FormatToStringTest1000 (8095.485677032492,8095.49 zł)" computerName="DESKTOP-5URQ9PB" duration="00:00:00.0000062" startTime="2022-06-13T21:12:18.5161782+02:00" endTime="2022-06-13T21:12:18.5162419+02:00" testType="13cdc9d9-ddb5-4fa4-a97d-d965ccfc6d4b" outcome="Passed" testListId="8c84fa94-04c1-424b-9868-57a2d4851a1d" relativeResultsDirectory="4ee015d1-511a-4965-a044-70b1faf659f3" />
    <UnitTestResult executionId="58672624-3dad-4ebe-b255-9e48aaeedda5" testId="e2434850-cbe0-4366-b710-223c7a7117b3" testName="FormatToStringTest1000 (4812.162927013898,4812.16 zł)" computerName="DESKTOP-5URQ9PB" duration="00:00:00.0000074" startTime="2022-06-13T21:12:18.3839763+02:00" endTime="2022-06-13T21:12:18.3840770+02:00" testType="13cdc9d9-ddb5-4fa4-a97d-d965ccfc6d4b" outcome="Passed" testListId="8c84fa94-04c1-424b-9868-57a2d4851a1d" relativeResultsDirectory="58672624-3dad-4ebe-b255-9e48aaeedda5" />
    <UnitTestResult executionId="45847810-a25d-408a-bff2-3d1dd86aa58d" testId="e1e600f6-f068-40fc-b183-7475aaa5be18" testName="FormatToStringTest1000 (13375.96341587415,13375.96 zł)" computerName="DESKTOP-5URQ9PB" duration="00:00:00.0000062" startTime="2022-06-13T21:12:18.5672669+02:00" endTime="2022-06-13T21:12:18.5673315+02:00" testType="13cdc9d9-ddb5-4fa4-a97d-d965ccfc6d4b" outcome="Passed" testListId="8c84fa94-04c1-424b-9868-57a2d4851a1d" relativeResultsDirectory="45847810-a25d-408a-bff2-3d1dd86aa58d" />
    <UnitTestResult executionId="408b178d-39c7-4558-8d55-b3e54f5fce1b" testId="21825956-4ef2-41f8-a428-66a977c4e93e" testName="FormatToStringTest1000 (6665.405372488035,6665.41 zł)" computerName="DESKTOP-5URQ9PB" duration="00:00:00.0000071" startTime="2022-06-13T21:12:18.4392466+02:00" endTime="2022-06-13T21:12:18.4393251+02:00" testType="13cdc9d9-ddb5-4fa4-a97d-d965ccfc6d4b" outcome="Passed" testListId="8c84fa94-04c1-424b-9868-57a2d4851a1d" relativeResultsDirectory="408b178d-39c7-4558-8d55-b3e54f5fce1b" />
    <UnitTestResult executionId="50dfec7e-8745-44c0-8fbb-b986bb367bb9" testId="beb68d7b-c0d9-42a7-b8bd-1bad4c61bb8d" testName="FormatToStringTest1000 (26843.15785584932,26843.16 zł)" computerName="DESKTOP-5URQ9PB" duration="00:00:00.0000061" startTime="2022-06-13T21:12:18.6360228+02:00" endTime="2022-06-13T21:12:18.6360871+02:00" testType="13cdc9d9-ddb5-4fa4-a97d-d965ccfc6d4b" outcome="Passed" testListId="8c84fa94-04c1-424b-9868-57a2d4851a1d" relativeResultsDirectory="50dfec7e-8745-44c0-8fbb-b986bb367bb9" />
    <UnitTestResult executionId="abc99dd5-a6f8-4a16-9da6-2ccc8fa0a1d7" testId="73489fc3-c68b-4b53-b18f-323f9b26d5f6" testName="FormatToStringTest1000 (9628.688698104437,9628.69 zł)" computerName="DESKTOP-5URQ9PB" duration="00:00:00.0000063" startTime="2022-06-13T21:12:18.5954626+02:00" endTime="2022-06-13T21:12:18.5955338+02:00" testType="13cdc9d9-ddb5-4fa4-a97d-d965ccfc6d4b" outcome="Passed" testListId="8c84fa94-04c1-424b-9868-57a2d4851a1d" relativeResultsDirectory="abc99dd5-a6f8-4a16-9da6-2ccc8fa0a1d7" />
    <UnitTestResult executionId="9e88ccf6-64e1-4c36-a4ad-ed749809cc02" testId="ec01640e-4ac0-4ecc-a516-795d555d105e" testName="FormatToStringTest1000 (6276.389386365838,6276.39 zł)" computerName="DESKTOP-5URQ9PB" duration="00:00:00.0000064" startTime="2022-06-13T21:12:18.4273316+02:00" endTime="2022-06-13T21:12:18.4273994+02:00" testType="13cdc9d9-ddb5-4fa4-a97d-d965ccfc6d4b" outcome="Passed" testListId="8c84fa94-04c1-424b-9868-57a2d4851a1d" relativeResultsDirectory="9e88ccf6-64e1-4c36-a4ad-ed749809cc02" />
    <UnitTestResult executionId="4441c415-e2e2-4014-b404-0c34d6ab2ee0" testId="49408515-c829-4898-9ae0-e3be652bbe25" testName="FormatToStringTest1000 (5287.3103648714305,5287.31 zł)" computerName="DESKTOP-5URQ9PB" duration="00:00:00.0000062" startTime="2022-06-13T21:12:18.3527366+02:00" endTime="2022-06-13T21:12:18.3528036+02:00" testType="13cdc9d9-ddb5-4fa4-a97d-d965ccfc6d4b" outcome="Passed" testListId="8c84fa94-04c1-424b-9868-57a2d4851a1d" relativeResultsDirectory="4441c415-e2e2-4014-b404-0c34d6ab2ee0" />
    <UnitTestResult executionId="c906f71e-536e-46a5-af8a-7564e277493c" testId="c7725823-548f-4da2-b9f0-3aaf21e2bbe1" testName="FormatToStringTest1000 (6205.946199725357,6205.95 zł)" computerName="DESKTOP-5URQ9PB" duration="00:00:00.0000063" startTime="2022-06-13T21:12:18.4104883+02:00" endTime="2022-06-13T21:12:18.4105573+02:00" testType="13cdc9d9-ddb5-4fa4-a97d-d965ccfc6d4b" outcome="Passed" testListId="8c84fa94-04c1-424b-9868-57a2d4851a1d" relativeResultsDirectory="c906f71e-536e-46a5-af8a-7564e277493c" />
    <UnitTestResult executionId="a502e661-60be-4139-97c1-93d07c7ddbb4" testId="d812ee77-9bab-4acb-bc9c-4aaf3d8471c0" testName="FormatToStringTest1000 (19933.78650940945,19933.79 zł)" computerName="DESKTOP-5URQ9PB" duration="00:00:00.0000062" startTime="2022-06-13T21:12:18.6044406+02:00" endTime="2022-06-13T21:12:18.6045050+02:00" testType="13cdc9d9-ddb5-4fa4-a97d-d965ccfc6d4b" outcome="Passed" testListId="8c84fa94-04c1-424b-9868-57a2d4851a1d" relativeResultsDirectory="a502e661-60be-4139-97c1-93d07c7ddbb4" />
    <UnitTestResult executionId="8e12c17c-0d77-4528-8cf4-0126d8ab5ae8" testId="1e9ce8ef-2b54-44a5-8b21-3e7dadbf7bc2" testName="FormatToStringTest1000 (10457.593086045978,10457.59 zł)" computerName="DESKTOP-5URQ9PB" duration="00:00:00.0000071" startTime="2022-06-13T21:12:18.4588728+02:00" endTime="2022-06-13T21:12:18.4589564+02:00" testType="13cdc9d9-ddb5-4fa4-a97d-d965ccfc6d4b" outcome="Passed" testListId="8c84fa94-04c1-424b-9868-57a2d4851a1d" relativeResultsDirectory="8e12c17c-0d77-4528-8cf4-0126d8ab5ae8" />
    <UnitTestResult executionId="9ec5be65-642b-4807-9e5c-d6285fb593ff" testId="ef8234b0-1003-4539-a607-7a5850cc4712" testName="FormatToStringTest1000 (7182.939759099362,7182.94 zł)" computerName="DESKTOP-5URQ9PB" duration="00:00:00.0000066" startTime="2022-06-13T21:12:18.3810657+02:00" endTime="2022-06-13T21:12:18.3811407+02:00" testType="13cdc9d9-ddb5-4fa4-a97d-d965ccfc6d4b" outcome="Passed" testListId="8c84fa94-04c1-424b-9868-57a2d4851a1d" relativeResultsDirectory="9ec5be65-642b-4807-9e5c-d6285fb593ff" />
    <UnitTestResult executionId="b4432115-6942-4487-a8c2-e545e154c732" testId="6cb1b00f-7de7-4f2d-8d09-bc1b3d6a647a" testName="FormatToStringTest1000 (23684.695462791573,23684.70 zł)" computerName="DESKTOP-5URQ9PB" duration="00:00:00.0000062" startTime="2022-06-13T21:12:18.5363795+02:00" endTime="2022-06-13T21:12:18.5364435+02:00" testType="13cdc9d9-ddb5-4fa4-a97d-d965ccfc6d4b" outcome="Passed" testListId="8c84fa94-04c1-424b-9868-57a2d4851a1d" relativeResultsDirectory="b4432115-6942-4487-a8c2-e545e154c732" />
    <UnitTestResult executionId="7d393035-3610-422e-955e-38ad72fd4f03" testId="5ef59b51-c420-45a8-8b79-6a6e2c1882ab" testName="FormatToStringTest1000 (10775.728533390784,10775.73 zł)" computerName="DESKTOP-5URQ9PB" duration="00:00:00.0000110" startTime="2022-06-13T21:12:18.4528306+02:00" endTime="2022-06-13T21:12:18.4529039+02:00" testType="13cdc9d9-ddb5-4fa4-a97d-d965ccfc6d4b" outcome="Passed" testListId="8c84fa94-04c1-424b-9868-57a2d4851a1d" relativeResultsDirectory="7d393035-3610-422e-955e-38ad72fd4f03" />
    <UnitTestResult executionId="afbf6746-73ad-4b77-854e-e37302b0110b" testId="876805c4-e844-4997-84c5-ce7e9d01abd5" testName="FormatToStringTest1000 (15509.637406484986,15509.64 zł)" computerName="DESKTOP-5URQ9PB" duration="00:00:00.0000064" startTime="2022-06-13T21:12:18.3262713+02:00" endTime="2022-06-13T21:12:18.3263388+02:00" testType="13cdc9d9-ddb5-4fa4-a97d-d965ccfc6d4b" outcome="Passed" testListId="8c84fa94-04c1-424b-9868-57a2d4851a1d" relativeResultsDirectory="afbf6746-73ad-4b77-854e-e37302b0110b" />
    <UnitTestResult executionId="08d44c06-6c6a-47c0-9089-29b2ad66bdca" testId="8e59b293-ca66-4038-9d81-0ab52d520e32" testName="FormatToStringTest1000 (19071.681252896637,19071.68 zł)" computerName="DESKTOP-5URQ9PB" duration="00:00:00.0000063" startTime="2022-06-13T21:12:18.5362127+02:00" endTime="2022-06-13T21:12:18.5362798+02:00" testType="13cdc9d9-ddb5-4fa4-a97d-d965ccfc6d4b" outcome="Passed" testListId="8c84fa94-04c1-424b-9868-57a2d4851a1d" relativeResultsDirectory="08d44c06-6c6a-47c0-9089-29b2ad66bdca" />
    <UnitTestResult executionId="0c0a3312-1556-49f9-a4d6-a4cf3ff3d9f7" testId="7ccd3611-bd04-472a-8794-30acd627dbfd" testName="FormatToStringTest1000 (22799.991836491965,22799.99 zł)" computerName="DESKTOP-5URQ9PB" duration="00:00:00.0000063" startTime="2022-06-13T21:12:18.4275854+02:00" endTime="2022-06-13T21:12:18.4276515+02:00" testType="13cdc9d9-ddb5-4fa4-a97d-d965ccfc6d4b" outcome="Passed" testListId="8c84fa94-04c1-424b-9868-57a2d4851a1d" relativeResultsDirectory="0c0a3312-1556-49f9-a4d6-a4cf3ff3d9f7" />
    <UnitTestResult executionId="817cb67f-27ee-4dac-8309-53711268954a" testId="a51a1ee5-c014-436f-a5ea-3318bf33f0e1" testName="FormatToStringTest1000 (1613.6903705837626,1613.69 zł)" computerName="DESKTOP-5URQ9PB" duration="00:00:00.0000063" startTime="2022-06-13T21:12:18.4594810+02:00" endTime="2022-06-13T21:12:18.4595475+02:00" testType="13cdc9d9-ddb5-4fa4-a97d-d965ccfc6d4b" outcome="Passed" testListId="8c84fa94-04c1-424b-9868-57a2d4851a1d" relativeResultsDirectory="817cb67f-27ee-4dac-8309-53711268954a" />
    <UnitTestResult executionId="46d7807a-96c3-4b61-84c1-d882f823fcb2" testId="68fafff9-106a-4e56-8873-280a6fc47433" testName="FormatToStringTest1000 (2901.9683054191846,2901.97 zł)" computerName="DESKTOP-5URQ9PB" duration="00:00:00.0000065" startTime="2022-06-13T21:12:18.3738672+02:00" endTime="2022-06-13T21:12:18.3739397+02:00" testType="13cdc9d9-ddb5-4fa4-a97d-d965ccfc6d4b" outcome="Passed" testListId="8c84fa94-04c1-424b-9868-57a2d4851a1d" relativeResultsDirectory="46d7807a-96c3-4b61-84c1-d882f823fcb2" />
    <UnitTestResult executionId="e60a0243-9f5a-41fe-855a-1174c4c0002e" testId="4b9c0224-0ea2-4cbf-a89e-ecdf580a6178" testName="FormatToStringTest1000 (38253.101637909705,38253.10 zł)" computerName="DESKTOP-5URQ9PB" duration="00:00:00.0000063" startTime="2022-06-13T21:12:18.5339034+02:00" endTime="2022-06-13T21:12:18.5339693+02:00" testType="13cdc9d9-ddb5-4fa4-a97d-d965ccfc6d4b" outcome="Passed" testListId="8c84fa94-04c1-424b-9868-57a2d4851a1d" relativeResultsDirectory="e60a0243-9f5a-41fe-855a-1174c4c0002e" />
    <UnitTestResult executionId="cd28542f-8f4c-4ae9-8fac-8d2640f2e2bd" testId="c78f7b10-40ac-46f8-bd8c-f25fcd4b4c00" testName="FormatToStringTest1000 (464.74397441965715,464.74 zł)" computerName="DESKTOP-5URQ9PB" duration="00:00:00.0000061" startTime="2022-06-13T21:12:18.4621361+02:00" endTime="2022-06-13T21:12:18.4622031+02:00" testType="13cdc9d9-ddb5-4fa4-a97d-d965ccfc6d4b" outcome="Passed" testListId="8c84fa94-04c1-424b-9868-57a2d4851a1d" relativeResultsDirectory="cd28542f-8f4c-4ae9-8fac-8d2640f2e2bd" />
    <UnitTestResult executionId="43e03928-ecca-4588-8218-200595107002" testId="31c1f77d-a87b-4119-986a-01dd861e037d" testName="FormatToStringTest1000 (20978.860218282258,20978.86 zł)" computerName="DESKTOP-5URQ9PB" duration="00:00:00.0000134" startTime="2022-06-13T21:12:18.3769162+02:00" endTime="2022-06-13T21:12:18.3770662+02:00" testType="13cdc9d9-ddb5-4fa4-a97d-d965ccfc6d4b" outcome="Passed" testListId="8c84fa94-04c1-424b-9868-57a2d4851a1d" relativeResultsDirectory="43e03928-ecca-4588-8218-200595107002" />
    <UnitTestResult executionId="e56a5869-07de-42b3-88aa-2aaeeeead08b" testId="b2dddcd8-5f0b-47e8-91e4-b1605e1943dd" testName="FormatToStringTest1000 (2883.637133003975,2883.64 zł)" computerName="DESKTOP-5URQ9PB" duration="00:00:00.0000061" startTime="2022-06-13T21:12:18.5694896+02:00" endTime="2022-06-13T21:12:18.5695540+02:00" testType="13cdc9d9-ddb5-4fa4-a97d-d965ccfc6d4b" outcome="Passed" testListId="8c84fa94-04c1-424b-9868-57a2d4851a1d" relativeResultsDirectory="e56a5869-07de-42b3-88aa-2aaeeeead08b" />
    <UnitTestResult executionId="7aaba0f6-6d04-4998-aac8-56c71d5019dc" testId="da67ce3a-0e78-4fef-919d-f81156972571" testName="FormatToStringTest1000 (45299.778512198376,45299.78 zł)" computerName="DESKTOP-5URQ9PB" duration="00:00:00.0000092" startTime="2022-06-13T21:12:18.5446251+02:00" endTime="2022-06-13T21:12:18.5446987+02:00" testType="13cdc9d9-ddb5-4fa4-a97d-d965ccfc6d4b" outcome="Passed" testListId="8c84fa94-04c1-424b-9868-57a2d4851a1d" relativeResultsDirectory="7aaba0f6-6d04-4998-aac8-56c71d5019dc" />
    <UnitTestResult executionId="857cd494-88e6-419f-95f0-91f2791d4cca" testId="53b2cfa9-e854-4422-ad98-0c8f5787f262" testName="FormatToStringTest1000 (68011.49219071423,68011.49 zł)" computerName="DESKTOP-5URQ9PB" duration="00:00:00.0000063" startTime="2022-06-13T21:12:18.5280896+02:00" endTime="2022-06-13T21:12:18.5281553+02:00" testType="13cdc9d9-ddb5-4fa4-a97d-d965ccfc6d4b" outcome="Passed" testListId="8c84fa94-04c1-424b-9868-57a2d4851a1d" relativeResultsDirectory="857cd494-88e6-419f-95f0-91f2791d4cca" />
    <UnitTestResult executionId="84a84407-493b-4b09-980d-a533e4b51954" testId="8c410126-1b47-44f2-b842-060baa075312" testName="FormatToStringTest1000 (782.6578288817116,782.66 zł)" computerName="DESKTOP-5URQ9PB" duration="00:00:00.0000062" startTime="2022-06-13T21:12:18.3641827+02:00" endTime="2022-06-13T21:12:18.3642507+02:00" testType="13cdc9d9-ddb5-4fa4-a97d-d965ccfc6d4b" outcome="Passed" testListId="8c84fa94-04c1-424b-9868-57a2d4851a1d" relativeResultsDirectory="84a84407-493b-4b09-980d-a533e4b51954" />
    <UnitTestResult executionId="ab54e45d-6263-4675-8a26-8b6a21e4eac5" testId="a6d76abc-2e81-4354-b427-f1e81c594cf2" testName="FormatToStringTest1000 (59283.7670322637,59283.77 zł)" computerName="DESKTOP-5URQ9PB" duration="00:00:00.0000067" startTime="2022-06-13T21:12:18.6388938+02:00" endTime="2022-06-13T21:12:18.6389583+02:00" testType="13cdc9d9-ddb5-4fa4-a97d-d965ccfc6d4b" outcome="Passed" testListId="8c84fa94-04c1-424b-9868-57a2d4851a1d" relativeResultsDirectory="ab54e45d-6263-4675-8a26-8b6a21e4eac5" />
    <UnitTestResult executionId="f8a5a79c-61b4-4945-960d-0f880af057cb" testId="59781cfe-5b80-4f78-8088-ed45a226a074" testName="FormatToStringTest1000 (88616.03808168416,88616.04 zł)" computerName="DESKTOP-5URQ9PB" duration="00:00:00.0000062" startTime="2022-06-13T21:12:18.5897041+02:00" endTime="2022-06-13T21:12:18.5897681+02:00" testType="13cdc9d9-ddb5-4fa4-a97d-d965ccfc6d4b" outcome="Passed" testListId="8c84fa94-04c1-424b-9868-57a2d4851a1d" relativeResultsDirectory="f8a5a79c-61b4-4945-960d-0f880af057cb" />
    <UnitTestResult executionId="35449a8e-b9a9-4b57-8417-cf6a7e9035f4" testId="1c979cf2-4e6a-405d-b64a-998d9e9e3f74" testName="FormatToStringTest1000 (69864.17463991146,69864.17 zł)" computerName="DESKTOP-5URQ9PB" duration="00:00:00.0000093" startTime="2022-06-13T21:12:18.3067363+02:00" endTime="2022-06-13T21:12:18.3068156+02:00" testType="13cdc9d9-ddb5-4fa4-a97d-d965ccfc6d4b" outcome="Passed" testListId="8c84fa94-04c1-424b-9868-57a2d4851a1d" relativeResultsDirectory="35449a8e-b9a9-4b57-8417-cf6a7e9035f4" />
    <UnitTestResult executionId="e5f8a3f2-38db-46fe-b1a9-cdb384f73fe9" testId="f8cf5194-bf8f-45ba-859c-59714296fa79" testName="FormatToStringTest1000 (20146.183073329827,20146.18 zł)" computerName="DESKTOP-5URQ9PB" duration="00:00:00.0000062" startTime="2022-06-13T21:12:18.3495609+02:00" endTime="2022-06-13T21:12:18.3496271+02:00" testType="13cdc9d9-ddb5-4fa4-a97d-d965ccfc6d4b" outcome="Passed" testListId="8c84fa94-04c1-424b-9868-57a2d4851a1d" relativeResultsDirectory="e5f8a3f2-38db-46fe-b1a9-cdb384f73fe9" />
    <UnitTestResult executionId="15c88411-cfb2-48f6-94db-e607ee5e049e" testId="0a209740-17fc-49a7-b6b9-7e04e29b608b" testName="FormatToStringTest1000 (9897.705953436767,9897.71 zł)" computerName="DESKTOP-5URQ9PB" duration="00:00:00.0000065" startTime="2022-06-13T21:12:18.4746867+02:00" endTime="2022-06-13T21:12:18.4747605+02:00" testType="13cdc9d9-ddb5-4fa4-a97d-d965ccfc6d4b" outcome="Passed" testListId="8c84fa94-04c1-424b-9868-57a2d4851a1d" relativeResultsDirectory="15c88411-cfb2-48f6-94db-e607ee5e049e" />
    <UnitTestResult executionId="962101e0-eba3-4365-948e-032c3e3d8bb3" testId="a2419c7c-78d8-43a8-8ecb-c5153d1d84e0" testName="FormatToStringTest1000 (16129.507288814293,16129.51 zł)" computerName="DESKTOP-5URQ9PB" duration="00:00:00.0000064" startTime="2022-06-13T21:12:18.4368840+02:00" endTime="2022-06-13T21:12:18.4369561+02:00" testType="13cdc9d9-ddb5-4fa4-a97d-d965ccfc6d4b" outcome="Passed" testListId="8c84fa94-04c1-424b-9868-57a2d4851a1d" relativeResultsDirectory="962101e0-eba3-4365-948e-032c3e3d8bb3" />
    <UnitTestResult executionId="283963a8-850d-4a5c-87c3-28cb1e46967a" testId="9cfbec4a-89c6-4005-99d4-f612d34964a0" testName="FormatToStringTest1000 (36651.05802063414,36651.06 zł)" computerName="DESKTOP-5URQ9PB" duration="00:00:00.0000065" startTime="2022-06-13T21:12:18.3132184+02:00" endTime="2022-06-13T21:12:18.3132910+02:00" testType="13cdc9d9-ddb5-4fa4-a97d-d965ccfc6d4b" outcome="Passed" testListId="8c84fa94-04c1-424b-9868-57a2d4851a1d" relativeResultsDirectory="283963a8-850d-4a5c-87c3-28cb1e46967a" />
    <UnitTestResult executionId="00c4553e-9772-4025-b587-dab965606852" testId="fdc5f530-08ca-4f38-b2b1-78e7bdf1486f" testName="FormatToStringTest1000 (19603.69286519321,19603.69 zł)" computerName="DESKTOP-5URQ9PB" duration="00:00:00.0000063" startTime="2022-06-13T21:12:18.6309098+02:00" endTime="2022-06-13T21:12:18.6309760+02:00" testType="13cdc9d9-ddb5-4fa4-a97d-d965ccfc6d4b" outcome="Passed" testListId="8c84fa94-04c1-424b-9868-57a2d4851a1d" relativeResultsDirectory="00c4553e-9772-4025-b587-dab965606852" />
    <UnitTestResult executionId="f306cd25-ae3b-47ee-a874-2259c6db4a94" testId="e4739900-00ec-4721-9524-56e71422c4d4" testName="FormatToStringTest1000 (7013.601812260971,7013.60 zł)" computerName="DESKTOP-5URQ9PB" duration="00:00:00.0000070" startTime="2022-06-13T21:12:18.6206863+02:00" endTime="2022-06-13T21:12:18.6207522+02:00" testType="13cdc9d9-ddb5-4fa4-a97d-d965ccfc6d4b" outcome="Passed" testListId="8c84fa94-04c1-424b-9868-57a2d4851a1d" relativeResultsDirectory="f306cd25-ae3b-47ee-a874-2259c6db4a94" />
    <UnitTestResult executionId="bad55626-6bff-442a-a19c-4b828a45f35e" testId="c3d28a36-4674-42f7-bbdf-1f88111349fd" testName="FormatToStringTest1000 (8013.1229931903645,8013.12 zł)" computerName="DESKTOP-5URQ9PB" duration="00:00:00.0000063" startTime="2022-06-13T21:12:18.5951344+02:00" endTime="2022-06-13T21:12:18.5951987+02:00" testType="13cdc9d9-ddb5-4fa4-a97d-d965ccfc6d4b" outcome="Passed" testListId="8c84fa94-04c1-424b-9868-57a2d4851a1d" relativeResultsDirectory="bad55626-6bff-442a-a19c-4b828a45f35e" />
    <UnitTestResult executionId="4a670f6e-1f23-4a1e-b603-3b3f46790b2c" testId="e08e7612-0263-4d47-b1fd-45f8ff72b326" testName="FormatToStringTest1000 (28583.827618148098,28583.83 zł)" computerName="DESKTOP-5URQ9PB" duration="00:00:00.0000063" startTime="2022-06-13T21:12:18.3267914+02:00" endTime="2022-06-13T21:12:18.3268592+02:00" testType="13cdc9d9-ddb5-4fa4-a97d-d965ccfc6d4b" outcome="Passed" testListId="8c84fa94-04c1-424b-9868-57a2d4851a1d" relativeResultsDirectory="4a670f6e-1f23-4a1e-b603-3b3f46790b2c" />
    <UnitTestResult executionId="cd12079d-4861-4303-9817-e1db3442f069" testId="844402a9-75d1-485b-97df-b1c879a87d08" testName="FormatToStringTest1000 (1325.1625259114255,1325.16 zł)" computerName="DESKTOP-5URQ9PB" duration="00:00:00.0000064" startTime="2022-06-13T21:12:18.5189187+02:00" endTime="2022-06-13T21:12:18.5189934+02:00" testType="13cdc9d9-ddb5-4fa4-a97d-d965ccfc6d4b" outcome="Passed" testListId="8c84fa94-04c1-424b-9868-57a2d4851a1d" relativeResultsDirectory="cd12079d-4861-4303-9817-e1db3442f069" />
    <UnitTestResult executionId="4133e02a-afc4-4b25-af4d-3d81191ce2fa" testId="f2a6d5f9-f278-4f38-93f4-1842bb424b47" testName="FormatToStringTest1000 (3270.286035661719,3270.29 zł)" computerName="DESKTOP-5URQ9PB" duration="00:00:00.0000064" startTime="2022-06-13T21:12:18.4751631+02:00" endTime="2022-06-13T21:12:18.4752365+02:00" testType="13cdc9d9-ddb5-4fa4-a97d-d965ccfc6d4b" outcome="Passed" testListId="8c84fa94-04c1-424b-9868-57a2d4851a1d" relativeResultsDirectory="4133e02a-afc4-4b25-af4d-3d81191ce2fa" />
    <UnitTestResult executionId="d7c47558-8698-42ba-8e8e-09175241d170" testId="ed8a2e3d-4f68-4cb5-a6b8-b9d544928c38" testName="FormatToStringTest1000 (40545.70748620001,40545.71 zł)" computerName="DESKTOP-5URQ9PB" duration="00:00:00.0000072" startTime="2022-06-13T21:12:18.5924980+02:00" endTime="2022-06-13T21:12:18.5925628+02:00" testType="13cdc9d9-ddb5-4fa4-a97d-d965ccfc6d4b" outcome="Passed" testListId="8c84fa94-04c1-424b-9868-57a2d4851a1d" relativeResultsDirectory="d7c47558-8698-42ba-8e8e-09175241d170" />
    <UnitTestResult executionId="6eb88f62-01cc-413a-87d0-7ae98eeeaf3e" testId="bd123154-775c-4c59-80b8-ed89b907a93d" testName="FormatToStringTest1000 (14459.57059750686,14459.57 zł)" computerName="DESKTOP-5URQ9PB" duration="00:00:00.0000066" startTime="2022-06-13T21:12:18.3842053+02:00" endTime="2022-06-13T21:12:18.3842797+02:00" testType="13cdc9d9-ddb5-4fa4-a97d-d965ccfc6d4b" outcome="Passed" testListId="8c84fa94-04c1-424b-9868-57a2d4851a1d" relativeResultsDirectory="6eb88f62-01cc-413a-87d0-7ae98eeeaf3e" />
    <UnitTestResult executionId="b0d98195-82dd-42e9-8b02-459840036f59" testId="f55dc195-dfd8-43f5-9e00-b9323fb095a2" testName="FormatToStringTest1000 (3274.481392617096,3274.48 zł)" computerName="DESKTOP-5URQ9PB" duration="00:00:00.0000070" startTime="2022-06-13T21:12:18.5251305+02:00" endTime="2022-06-13T21:12:18.5252081+02:00" testType="13cdc9d9-ddb5-4fa4-a97d-d965ccfc6d4b" outcome="Passed" testListId="8c84fa94-04c1-424b-9868-57a2d4851a1d" relativeResultsDirectory="b0d98195-82dd-42e9-8b02-459840036f59" />
    <UnitTestResult executionId="dfa4d5f3-fc9f-41bc-a3b5-2c755b96513c" testId="c73e6879-570b-4e30-acd4-42c4ce554ae5" testName="FormatToStringTest1000 (15600.245951180927,15600.25 zł)" computerName="DESKTOP-5URQ9PB" duration="00:00:00.0000064" startTime="2022-06-13T21:12:18.4502050+02:00" endTime="2022-06-13T21:12:18.4502710+02:00" testType="13cdc9d9-ddb5-4fa4-a97d-d965ccfc6d4b" outcome="Passed" testListId="8c84fa94-04c1-424b-9868-57a2d4851a1d" relativeResultsDirectory="dfa4d5f3-fc9f-41bc-a3b5-2c755b96513c" />
    <UnitTestResult executionId="94723805-ff14-44f5-800f-bc09a852b725" testId="294916bd-d523-4c2a-b0d0-6660f9b756de" testName="FormatToStringTest1000 (3646.857719214101,3646.86 zł)" computerName="DESKTOP-5URQ9PB" duration="00:00:00.0000066" startTime="2022-06-13T21:12:18.4461603+02:00" endTime="2022-06-13T21:12:18.4462334+02:00" testType="13cdc9d9-ddb5-4fa4-a97d-d965ccfc6d4b" outcome="Passed" testListId="8c84fa94-04c1-424b-9868-57a2d4851a1d" relativeResultsDirectory="94723805-ff14-44f5-800f-bc09a852b725" />
    <UnitTestResult executionId="a71afd55-826f-4725-a9a4-85a2857ae0be" testId="e6cb214d-5f5f-46b4-bb33-66c73caf543f" testName="FormatToStringTest1000 (16210.791556035536,16210.79 zł)" computerName="DESKTOP-5URQ9PB" duration="00:00:00.0000063" startTime="2022-06-13T21:12:18.5617625+02:00" endTime="2022-06-13T21:12:18.5618271+02:00" testType="13cdc9d9-ddb5-4fa4-a97d-d965ccfc6d4b" outcome="Passed" testListId="8c84fa94-04c1-424b-9868-57a2d4851a1d" relativeResultsDirectory="a71afd55-826f-4725-a9a4-85a2857ae0be" />
    <UnitTestResult executionId="e7dc3547-867e-4a96-9076-bdfb28171f88" testId="726620a7-ace4-4e52-93c9-2b516fd45424" testName="FormatToStringTest1000 (4411.456718280659,4411.46 zł)" computerName="DESKTOP-5URQ9PB" duration="00:00:00.0000062" startTime="2022-06-13T21:12:18.5135644+02:00" endTime="2022-06-13T21:12:18.5136286+02:00" testType="13cdc9d9-ddb5-4fa4-a97d-d965ccfc6d4b" outcome="Passed" testListId="8c84fa94-04c1-424b-9868-57a2d4851a1d" relativeResultsDirectory="e7dc3547-867e-4a96-9076-bdfb28171f88" />
    <UnitTestResult executionId="adcef1b4-f054-4237-a473-3ca9903e76a8" testId="c69890fa-8076-47bd-8aee-8f9911ff8361" testName="FormatToStringTest1000 (24476.442216712254,24476.44 zł)" computerName="DESKTOP-5URQ9PB" duration="00:00:00.0000067" startTime="2022-06-13T21:12:18.4748745+02:00" endTime="2022-06-13T21:12:18.4749613+02:00" testType="13cdc9d9-ddb5-4fa4-a97d-d965ccfc6d4b" outcome="Passed" testListId="8c84fa94-04c1-424b-9868-57a2d4851a1d" relativeResultsDirectory="adcef1b4-f054-4237-a473-3ca9903e76a8" />
    <UnitTestResult executionId="c3889051-6aa5-47a5-aa28-c729589600b3" testId="c1099c28-fa0c-4e0d-9600-619a1d8c66af" testName="FormatToStringTest1000 (11118.620997698335,11118.62 zł)" computerName="DESKTOP-5URQ9PB" duration="00:00:00.0000062" startTime="2022-06-13T21:12:18.4338175+02:00" endTime="2022-06-13T21:12:18.4338838+02:00" testType="13cdc9d9-ddb5-4fa4-a97d-d965ccfc6d4b" outcome="Passed" testListId="8c84fa94-04c1-424b-9868-57a2d4851a1d" relativeResultsDirectory="c3889051-6aa5-47a5-aa28-c729589600b3" />
    <UnitTestResult executionId="885417cd-633e-4ad7-be85-bb552258bd66" testId="aead43e8-db46-420a-b9b2-786a3ed8f254" testName="FormatToStringTest1000 (49037.8109120586,49037.81 zł)" computerName="DESKTOP-5URQ9PB" duration="00:00:00.0000081" startTime="2022-06-13T21:12:18.6039261+02:00" endTime="2022-06-13T21:12:18.6040143+02:00" testType="13cdc9d9-ddb5-4fa4-a97d-d965ccfc6d4b" outcome="Passed" testListId="8c84fa94-04c1-424b-9868-57a2d4851a1d" relativeResultsDirectory="885417cd-633e-4ad7-be85-bb552258bd66" />
    <UnitTestResult executionId="c33e090d-f019-4d91-af46-72242270df26" testId="f3901d1d-e32f-429b-b92f-f6e1619e2df4" testName="FormatToStringTest1000 (48428.38681602682,48428.39 zł)" computerName="DESKTOP-5URQ9PB" duration="00:00:00.0000063" startTime="2022-06-13T21:12:18.3919543+02:00" endTime="2022-06-13T21:12:18.3920227+02:00" testType="13cdc9d9-ddb5-4fa4-a97d-d965ccfc6d4b" outcome="Passed" testListId="8c84fa94-04c1-424b-9868-57a2d4851a1d" relativeResultsDirectory="c33e090d-f019-4d91-af46-72242270df26" />
    <UnitTestResult executionId="d361965d-f24f-4aff-af7c-f62656815741" testId="5f4a6fda-fb8d-4c05-bd80-377f95cf59ac" testName="FormatToStringTest1000 (29845.02749849345,29845.03 zł)" computerName="DESKTOP-5URQ9PB" duration="00:00:00.0000066" startTime="2022-06-13T21:12:18.3778149+02:00" endTime="2022-06-13T21:12:18.3778920+02:00" testType="13cdc9d9-ddb5-4fa4-a97d-d965ccfc6d4b" outcome="Passed" testListId="8c84fa94-04c1-424b-9868-57a2d4851a1d" relativeResultsDirectory="d361965d-f24f-4aff-af7c-f62656815741" />
    <UnitTestResult executionId="3c8e121f-222c-4254-9b42-5a4506a41850" testId="693d336e-a6c0-4b13-ad3e-b9d9a58e23de" testName="FormatToStringTest1000 (37.631227987646696,37.63 zł)" computerName="DESKTOP-5URQ9PB" duration="00:00:00.0000062" startTime="2022-06-13T21:12:18.5992394+02:00" endTime="2022-06-13T21:12:18.5993037+02:00" testType="13cdc9d9-ddb5-4fa4-a97d-d965ccfc6d4b" outcome="Passed" testListId="8c84fa94-04c1-424b-9868-57a2d4851a1d" relativeResultsDirectory="3c8e121f-222c-4254-9b42-5a4506a41850" />
    <UnitTestResult executionId="2c867f63-f1bb-42d7-b26c-2a54dfd369a0" testId="acf5dba0-788f-45b5-8ddb-444883b52123" testName="FormatToStringTest1000 (657.5396922647672,657.54 zł)" computerName="DESKTOP-5URQ9PB" duration="00:00:00.0000062" startTime="2022-06-13T21:12:18.4141585+02:00" endTime="2022-06-13T21:12:18.4142249+02:00" testType="13cdc9d9-ddb5-4fa4-a97d-d965ccfc6d4b" outcome="Passed" testListId="8c84fa94-04c1-424b-9868-57a2d4851a1d" relativeResultsDirectory="2c867f63-f1bb-42d7-b26c-2a54dfd369a0" />
    <UnitTestResult executionId="335b5c99-0580-4f0d-ad2b-41a6d821e6cd" testId="f8f35e93-4e41-435b-8dd0-956d7da4b229" testName="FormatToStringTest1000 (66019.32414194118,66019.32 zł)" computerName="DESKTOP-5URQ9PB" duration="00:00:00.0000102" startTime="2022-06-13T21:12:18.2869428+02:00" endTime="2022-06-13T21:12:18.2870712+02:00" testType="13cdc9d9-ddb5-4fa4-a97d-d965ccfc6d4b" outcome="Passed" testListId="8c84fa94-04c1-424b-9868-57a2d4851a1d" relativeResultsDirectory="335b5c99-0580-4f0d-ad2b-41a6d821e6cd" />
    <UnitTestResult executionId="989b43db-8e7b-4bfa-ae6f-94030a854dbd" testId="4ea397ba-53b7-42b9-886b-de0a6562d32c" testName="FormatToStringTest1000 (1884.4923513031063,1884.49 zł)" computerName="DESKTOP-5URQ9PB" duration="00:00:00.0000367" startTime="2022-06-13T21:12:18.4860315+02:00" endTime="2022-06-13T21:12:18.4864151+02:00" testType="13cdc9d9-ddb5-4fa4-a97d-d965ccfc6d4b" outcome="Passed" testListId="8c84fa94-04c1-424b-9868-57a2d4851a1d" relativeResultsDirectory="989b43db-8e7b-4bfa-ae6f-94030a854dbd" />
    <UnitTestResult executionId="a8a4ba55-e5f8-428b-8775-f4cb39777093" testId="fe314aac-60a5-472a-a45c-6005c532d32a" testName="FormatToStringTest1000 (70581.91150977784,70581.91 zł)" computerName="DESKTOP-5URQ9PB" duration="00:00:00.0000519" startTime="2022-06-13T21:12:18.4987674+02:00" endTime="2022-06-13T21:12:18.4991577+02:00" testType="13cdc9d9-ddb5-4fa4-a97d-d965ccfc6d4b" outcome="Passed" testListId="8c84fa94-04c1-424b-9868-57a2d4851a1d" relativeResultsDirectory="a8a4ba55-e5f8-428b-8775-f4cb39777093" />
    <UnitTestResult executionId="3d518868-be4f-4313-ae8b-82d473ba9946" testId="73bfb714-1a8d-45b8-ba08-18b2c9063b48" testName="FormatToStringTest1000 (23548.88067407016,23548.88 zł)" computerName="DESKTOP-5URQ9PB" duration="00:00:00.0000070" startTime="2022-06-13T21:12:18.3775161+02:00" endTime="2022-06-13T21:12:18.3776031+02:00" testType="13cdc9d9-ddb5-4fa4-a97d-d965ccfc6d4b" outcome="Passed" testListId="8c84fa94-04c1-424b-9868-57a2d4851a1d" relativeResultsDirectory="3d518868-be4f-4313-ae8b-82d473ba9946" />
    <UnitTestResult executionId="11310f13-3b70-4d27-9d81-c96bfe9d58e4" testId="b2e80109-2693-4dd1-959e-1858f34f64b4" testName="FormatToStringTest1000 (7671.0039663785155,7671.00 zł)" computerName="DESKTOP-5URQ9PB" duration="00:00:00.0000072" startTime="2022-06-13T21:12:18.5693073+02:00" endTime="2022-06-13T21:12:18.5693882+02:00" testType="13cdc9d9-ddb5-4fa4-a97d-d965ccfc6d4b" outcome="Passed" testListId="8c84fa94-04c1-424b-9868-57a2d4851a1d" relativeResultsDirectory="11310f13-3b70-4d27-9d81-c96bfe9d58e4" />
    <UnitTestResult executionId="dc766177-ecba-4bfc-a58b-f70e30ec2017" testId="3f7c0a90-e289-43b6-99e7-2c623da26eb0" testName="FormatToStringTest1000 (34060.48467268724,34060.48 zł)" computerName="DESKTOP-5URQ9PB" duration="00:00:00.0000073" startTime="2022-06-13T21:12:18.5558955+02:00" endTime="2022-06-13T21:12:18.5559836+02:00" testType="13cdc9d9-ddb5-4fa4-a97d-d965ccfc6d4b" outcome="Passed" testListId="8c84fa94-04c1-424b-9868-57a2d4851a1d" relativeResultsDirectory="dc766177-ecba-4bfc-a58b-f70e30ec2017" />
    <UnitTestResult executionId="09e8c81c-19f6-4c8d-81fd-ceeb246aa33f" testId="bfe4de60-1b09-4305-b574-d1d933df792f" testName="FormatToStringTest1000 (26133.133789601336,26133.13 zł)" computerName="DESKTOP-5URQ9PB" duration="00:00:00.0000066" startTime="2022-06-13T21:12:18.3134037+02:00" endTime="2022-06-13T21:12:18.3134791+02:00" testType="13cdc9d9-ddb5-4fa4-a97d-d965ccfc6d4b" outcome="Passed" testListId="8c84fa94-04c1-424b-9868-57a2d4851a1d" relativeResultsDirectory="09e8c81c-19f6-4c8d-81fd-ceeb246aa33f" />
    <UnitTestResult executionId="d18b6d35-80d3-4d4f-b426-a53e5f12e4c2" testId="6eed3b4c-4a67-4ec0-a778-8dc20d518588" testName="FormatToStringTest1000 (53192.79032742269,53192.79 zł)" computerName="DESKTOP-5URQ9PB" duration="00:00:00.0000073" startTime="2022-06-13T21:12:18.6356369+02:00" endTime="2022-06-13T21:12:18.6357211+02:00" testType="13cdc9d9-ddb5-4fa4-a97d-d965ccfc6d4b" outcome="Passed" testListId="8c84fa94-04c1-424b-9868-57a2d4851a1d" relativeResultsDirectory="d18b6d35-80d3-4d4f-b426-a53e5f12e4c2" />
    <UnitTestResult executionId="0912bd55-6afd-4128-b5fe-1d2acea2a962" testId="deddacef-1983-428a-bede-fcf556efa5a3" testName="FormatToStringTest1000 (32213.734885384205,32213.73 zł)" computerName="DESKTOP-5URQ9PB" duration="00:00:00.0000061" startTime="2022-06-13T21:12:18.5481296+02:00" endTime="2022-06-13T21:12:18.5481960+02:00" testType="13cdc9d9-ddb5-4fa4-a97d-d965ccfc6d4b" outcome="Passed" testListId="8c84fa94-04c1-424b-9868-57a2d4851a1d" relativeResultsDirectory="0912bd55-6afd-4128-b5fe-1d2acea2a962" />
    <UnitTestResult executionId="53926d09-0891-471f-947e-3eccb4f73e0c" testId="a11caf0d-7aae-451b-b5ba-f3656d5d3d7f" testName="FormatToStringTest1000 (4094.6752323977066,4094.68 zł)" computerName="DESKTOP-5URQ9PB" duration="00:00:00.0000062" startTime="2022-06-13T21:12:18.6389755+02:00" endTime="2022-06-13T21:12:18.6390412+02:00" testType="13cdc9d9-ddb5-4fa4-a97d-d965ccfc6d4b" outcome="Passed" testListId="8c84fa94-04c1-424b-9868-57a2d4851a1d" relativeResultsDirectory="53926d09-0891-471f-947e-3eccb4f73e0c" />
    <UnitTestResult executionId="0c417a80-2f9f-4566-932a-3d56117e2b7d" testId="93f24e74-1812-41cf-a571-d0244e36de13" testName="FormatToStringTest1000 (1562.3173604776698,1562.32 zł)" computerName="DESKTOP-5URQ9PB" duration="00:00:00.0000064" startTime="2022-06-13T21:12:18.3921269+02:00" endTime="2022-06-13T21:12:18.3921944+02:00" testType="13cdc9d9-ddb5-4fa4-a97d-d965ccfc6d4b" outcome="Passed" testListId="8c84fa94-04c1-424b-9868-57a2d4851a1d" relativeResultsDirectory="0c417a80-2f9f-4566-932a-3d56117e2b7d" />
    <UnitTestResult executionId="29ca5999-0cc7-4e58-bd46-fc35bab88706" testId="6ff09dfb-b1fe-4f0c-b7e5-aacf924b361c" testName="FormatToStringTest1000 (238.1379397484185,238.14 zł)" computerName="DESKTOP-5URQ9PB" duration="00:00:00.0000066" startTime="2022-06-13T21:12:18.3805783+02:00" endTime="2022-06-13T21:12:18.3806569+02:00" testType="13cdc9d9-ddb5-4fa4-a97d-d965ccfc6d4b" outcome="Passed" testListId="8c84fa94-04c1-424b-9868-57a2d4851a1d" relativeResultsDirectory="29ca5999-0cc7-4e58-bd46-fc35bab88706" />
    <UnitTestResult executionId="436c553d-7120-416e-81c3-35f3c45a8085" testId="9e4cd085-7153-43d1-9b64-841fd7491d57" testName="FormatToStringTest1000 (52858.048916166204,52858.05 zł)" computerName="DESKTOP-5URQ9PB" duration="00:00:00.0000069" startTime="2022-06-13T21:12:18.3095756+02:00" endTime="2022-06-13T21:12:18.3096548+02:00" testType="13cdc9d9-ddb5-4fa4-a97d-d965ccfc6d4b" outcome="Passed" testListId="8c84fa94-04c1-424b-9868-57a2d4851a1d" relativeResultsDirectory="436c553d-7120-416e-81c3-35f3c45a8085" />
    <UnitTestResult executionId="7a73a92a-c3d5-43fc-9d76-9269297826d9" testId="ed874044-f309-432e-b92b-c1ea450c9969" testName="FormatToStringTest1000 (12370.243090209198,12370.24 zł)" computerName="DESKTOP-5URQ9PB" duration="00:00:00.0000066" startTime="2022-06-13T21:12:18.4497716+02:00" endTime="2022-06-13T21:12:18.4498409+02:00" testType="13cdc9d9-ddb5-4fa4-a97d-d965ccfc6d4b" outcome="Passed" testListId="8c84fa94-04c1-424b-9868-57a2d4851a1d" relativeResultsDirectory="7a73a92a-c3d5-43fc-9d76-9269297826d9" />
    <UnitTestResult executionId="9a4300fb-09c9-4193-a2e3-efcfd30b17aa" testId="d84f53e3-4cd4-4296-b5df-dbd12e8aca89" testName="FormatToStringTest1000 (75214.75000876503,75214.75 zł)" computerName="DESKTOP-5URQ9PB" duration="00:00:00.0000070" startTime="2022-06-13T21:12:18.4362001+02:00" endTime="2022-06-13T21:12:18.4362788+02:00" testType="13cdc9d9-ddb5-4fa4-a97d-d965ccfc6d4b" outcome="Passed" testListId="8c84fa94-04c1-424b-9868-57a2d4851a1d" relativeResultsDirectory="9a4300fb-09c9-4193-a2e3-efcfd30b17aa" />
    <UnitTestResult executionId="805ec448-67c0-4efd-863d-27b53b1c0cfe" testId="f05feeeb-62fc-44a1-adeb-19a6b95a9678" testName="FormatToStringTest1000 (8908.080586221107,8908.08 zł)" computerName="DESKTOP-5URQ9PB" duration="00:00:00.0000066" startTime="2022-06-13T21:12:18.3490536+02:00" endTime="2022-06-13T21:12:18.3491226+02:00" testType="13cdc9d9-ddb5-4fa4-a97d-d965ccfc6d4b" outcome="Passed" testListId="8c84fa94-04c1-424b-9868-57a2d4851a1d" relativeResultsDirectory="805ec448-67c0-4efd-863d-27b53b1c0cfe" />
    <UnitTestResult executionId="fcc6afba-3fb5-4d63-bc20-8ad338fff6c5" testId="fab8ca3d-f57b-4fc4-a769-98adbb98bacf" testName="FormatToStringTest1000 (24251.68593564848,24251.69 zł)" computerName="DESKTOP-5URQ9PB" duration="00:00:00.0000062" startTime="2022-06-13T21:12:18.4626463+02:00" endTime="2022-06-13T21:12:18.4627141+02:00" testType="13cdc9d9-ddb5-4fa4-a97d-d965ccfc6d4b" outcome="Passed" testListId="8c84fa94-04c1-424b-9868-57a2d4851a1d" relativeResultsDirectory="fcc6afba-3fb5-4d63-bc20-8ad338fff6c5" />
    <UnitTestResult executionId="e6f1219f-2a1f-489a-bf6c-4f677fd50e87" testId="29f70c16-bbdf-433b-b213-5d717f21e6f4" testName="FormatToStringTest1000 (86.89546322771136,86.90 zł)" computerName="DESKTOP-5URQ9PB" duration="00:00:00.0000064" startTime="2022-06-13T21:12:18.2872722+02:00" endTime="2022-06-13T21:12:18.2873406+02:00" testType="13cdc9d9-ddb5-4fa4-a97d-d965ccfc6d4b" outcome="Passed" testListId="8c84fa94-04c1-424b-9868-57a2d4851a1d" relativeResultsDirectory="e6f1219f-2a1f-489a-bf6c-4f677fd50e87" />
    <UnitTestResult executionId="ef329986-2565-4ada-b0fa-485f4dd0277e" testId="da4d7b69-d440-4daf-b654-39d8ee190573" testName="FormatToStringTest1000 (1130.8119115372242,1130.81 zł)" computerName="DESKTOP-5URQ9PB" duration="00:00:00.0000062" startTime="2022-06-13T21:12:18.6280677+02:00" endTime="2022-06-13T21:12:18.6281324+02:00" testType="13cdc9d9-ddb5-4fa4-a97d-d965ccfc6d4b" outcome="Passed" testListId="8c84fa94-04c1-424b-9868-57a2d4851a1d" relativeResultsDirectory="ef329986-2565-4ada-b0fa-485f4dd0277e" />
    <UnitTestResult executionId="86d9b51e-f60a-412e-a306-cea40e920316" testId="563dd60f-bd36-4ecd-80b7-532508983710" testName="FormatToStringTest1000 (1739.5853778997368,1739.59 zł)" computerName="DESKTOP-5URQ9PB" duration="00:00:00.0000064" startTime="2022-06-13T21:12:18.3326150+02:00" endTime="2022-06-13T21:12:18.3326823+02:00" testType="13cdc9d9-ddb5-4fa4-a97d-d965ccfc6d4b" outcome="Passed" testListId="8c84fa94-04c1-424b-9868-57a2d4851a1d" relativeResultsDirectory="86d9b51e-f60a-412e-a306-cea40e920316" />
    <UnitTestResult executionId="4c2e4f89-2ea1-454d-b728-66204a265c73" testId="0c8c46aa-589b-450b-b266-303b5de32594" testName="FormatToStringTest1000 (56286.70397975702,56286.70 zł)" computerName="DESKTOP-5URQ9PB" duration="00:00:00.0000070" startTime="2022-06-13T21:12:18.5414408+02:00" endTime="2022-06-13T21:12:18.5415201+02:00" testType="13cdc9d9-ddb5-4fa4-a97d-d965ccfc6d4b" outcome="Passed" testListId="8c84fa94-04c1-424b-9868-57a2d4851a1d" relativeResultsDirectory="4c2e4f89-2ea1-454d-b728-66204a265c73" />
    <UnitTestResult executionId="ae48507c-dd7a-4ab3-b14e-8b3929541f84" testId="d09142b4-c9c1-42ad-9e34-72a5873be667" testName="FormatToStringTest1000 (14712.754747761765,14712.75 zł)" computerName="DESKTOP-5URQ9PB" duration="00:00:00.0000063" startTime="2022-06-13T21:12:18.5762907+02:00" endTime="2022-06-13T21:12:18.5763557+02:00" testType="13cdc9d9-ddb5-4fa4-a97d-d965ccfc6d4b" outcome="Passed" testListId="8c84fa94-04c1-424b-9868-57a2d4851a1d" relativeResultsDirectory="ae48507c-dd7a-4ab3-b14e-8b3929541f84" />
    <UnitTestResult executionId="f7148190-3870-4a7d-9c62-7c7014b94571" testId="93054798-9e20-489b-87a0-95044882c54e" testName="FormatToStringTest1000 (1952.6955147062872,1952.70 zł)" computerName="DESKTOP-5URQ9PB" duration="00:00:00.0000063" startTime="2022-06-13T21:12:18.4272473+02:00" endTime="2022-06-13T21:12:18.4273141+02:00" testType="13cdc9d9-ddb5-4fa4-a97d-d965ccfc6d4b" outcome="Passed" testListId="8c84fa94-04c1-424b-9868-57a2d4851a1d" relativeResultsDirectory="f7148190-3870-4a7d-9c62-7c7014b94571" />
    <UnitTestResult executionId="f3cfdab6-48f6-4343-b3d1-d75c820fdd40" testId="2110c7f7-d380-4e20-8103-fc586c3bec34" testName="FormatToStringTest1000 (1300.9430775404642,1300.94 zł)" computerName="DESKTOP-5URQ9PB" duration="00:00:00.0386204" startTime="2022-06-13T21:12:18.1719738+02:00" endTime="2022-06-13T21:12:18.2293984+02:00" testType="13cdc9d9-ddb5-4fa4-a97d-d965ccfc6d4b" outcome="Passed" testListId="8c84fa94-04c1-424b-9868-57a2d4851a1d" relativeResultsDirectory="f3cfdab6-48f6-4343-b3d1-d75c820fdd40" />
    <UnitTestResult executionId="c31edb6e-a305-4e8b-8c77-4913ad38b5aa" testId="ca0a289a-b6f5-4664-bfd1-7a18c759255a" testName="FormatToStringTest1000 (1228.101744225296,1228.10 zł)" computerName="DESKTOP-5URQ9PB" duration="00:00:00.0000062" startTime="2022-06-13T21:12:18.5366206+02:00" endTime="2022-06-13T21:12:18.5366849+02:00" testType="13cdc9d9-ddb5-4fa4-a97d-d965ccfc6d4b" outcome="Passed" testListId="8c84fa94-04c1-424b-9868-57a2d4851a1d" relativeResultsDirectory="c31edb6e-a305-4e8b-8c77-4913ad38b5aa" />
    <UnitTestResult executionId="5e14516d-77ac-489d-a436-e244ed7334ac" testId="3acfda8e-b1c4-41d0-b702-a62c6940239a" testName="FormatToStringTest1000 (34458.5406463512,34458.54 zł)" computerName="DESKTOP-5URQ9PB" duration="00:00:00.0000064" startTime="2022-06-13T21:12:18.5076070+02:00" endTime="2022-06-13T21:12:18.5076733+02:00" testType="13cdc9d9-ddb5-4fa4-a97d-d965ccfc6d4b" outcome="Passed" testListId="8c84fa94-04c1-424b-9868-57a2d4851a1d" relativeResultsDirectory="5e14516d-77ac-489d-a436-e244ed7334ac" />
    <UnitTestResult executionId="bcc435e1-5cff-4aae-9451-6c0694819d78" testId="f48e4c50-8240-4ad6-b935-877eb53ab259" testName="FormatToStringTest1000 (158.49784791027093,158.50 zł)" computerName="DESKTOP-5URQ9PB" duration="00:00:00.0000062" startTime="2022-06-13T21:12:18.3426278+02:00" endTime="2022-06-13T21:12:18.3426957+02:00" testType="13cdc9d9-ddb5-4fa4-a97d-d965ccfc6d4b" outcome="Passed" testListId="8c84fa94-04c1-424b-9868-57a2d4851a1d" relativeResultsDirectory="bcc435e1-5cff-4aae-9451-6c0694819d78" />
    <UnitTestResult executionId="7ce6ae73-aed8-458b-bb4d-7f792426d08a" testId="465414b9-7b0e-42ca-a24b-5a445120bd3c" testName="FormatToStringTest1000 (64490.52771614982,64490.53 zł)" computerName="DESKTOP-5URQ9PB" duration="00:00:00.0000067" startTime="2022-06-13T21:12:18.4336514+02:00" endTime="2022-06-13T21:12:18.4337182+02:00" testType="13cdc9d9-ddb5-4fa4-a97d-d965ccfc6d4b" outcome="Passed" testListId="8c84fa94-04c1-424b-9868-57a2d4851a1d" relativeResultsDirectory="7ce6ae73-aed8-458b-bb4d-7f792426d08a" />
    <UnitTestResult executionId="e496d488-4dbf-44f4-97d6-8722a2ebaf55" testId="e3278302-7ae3-4930-945e-7e5be923deb1" testName="FormatToStringTest1000 (27893.312729890138,27893.31 zł)" computerName="DESKTOP-5URQ9PB" duration="00:00:00.0000063" startTime="2022-06-13T21:12:18.2937621+02:00" endTime="2022-06-13T21:12:18.2938292+02:00" testType="13cdc9d9-ddb5-4fa4-a97d-d965ccfc6d4b" outcome="Passed" testListId="8c84fa94-04c1-424b-9868-57a2d4851a1d" relativeResultsDirectory="e496d488-4dbf-44f4-97d6-8722a2ebaf55" />
    <UnitTestResult executionId="00210120-bcf1-45fa-9b0a-bcfd188044fe" testId="9fe63eeb-23ef-43f4-a322-fe86ad4d470b" testName="FormatToStringTest1000 (24137.016609529506,24137.02 zł)" computerName="DESKTOP-5URQ9PB" duration="00:00:00.0000063" startTime="2022-06-13T21:12:18.5794275+02:00" endTime="2022-06-13T21:12:18.5794923+02:00" testType="13cdc9d9-ddb5-4fa4-a97d-d965ccfc6d4b" outcome="Passed" testListId="8c84fa94-04c1-424b-9868-57a2d4851a1d" relativeResultsDirectory="00210120-bcf1-45fa-9b0a-bcfd188044fe" />
    <UnitTestResult executionId="af0a4d6a-47ea-444f-8688-6824e7f3cd71" testId="37ecf31a-1bad-4990-a0ad-5d3d18ea9a74" testName="FormatToStringTest1000 (22743.19734205827,22743.20 zł)" computerName="DESKTOP-5URQ9PB" duration="00:00:00.0000111" startTime="2022-06-13T21:12:18.4011407+02:00" endTime="2022-06-13T21:12:18.4012756+02:00" testType="13cdc9d9-ddb5-4fa4-a97d-d965ccfc6d4b" outcome="Passed" testListId="8c84fa94-04c1-424b-9868-57a2d4851a1d" relativeResultsDirectory="af0a4d6a-47ea-444f-8688-6824e7f3cd71" />
    <UnitTestResult executionId="c7efe981-1f58-4f25-a18d-d52f2182efe0" testId="28591b15-2f44-45c4-a2ee-1e5b961b25a1" testName="FormatToStringTest1000 (964.9678631783313,964.97 zł)" computerName="DESKTOP-5URQ9PB" duration="00:00:00.0000065" startTime="2022-06-13T21:12:18.3812481+02:00" endTime="2022-06-13T21:12:18.3813213+02:00" testType="13cdc9d9-ddb5-4fa4-a97d-d965ccfc6d4b" outcome="Passed" testListId="8c84fa94-04c1-424b-9868-57a2d4851a1d" relativeResultsDirectory="c7efe981-1f58-4f25-a18d-d52f2182efe0" />
    <UnitTestResult executionId="14778bf2-ab90-4991-8240-b2a1bf1ac47d" testId="af947dd1-db24-4531-85d6-a593ab2eff21" testName="FormatToStringTest1000 (25288.32036814574,25288.32 zł)" computerName="DESKTOP-5URQ9PB" duration="00:00:00.0000104" startTime="2022-06-13T21:12:18.5223925+02:00" endTime="2022-06-13T21:12:18.5225335+02:00" testType="13cdc9d9-ddb5-4fa4-a97d-d965ccfc6d4b" outcome="Passed" testListId="8c84fa94-04c1-424b-9868-57a2d4851a1d" relativeResultsDirectory="14778bf2-ab90-4991-8240-b2a1bf1ac47d" />
    <UnitTestResult executionId="32c7263c-311a-41e9-bd2c-a61c7093b9be" testId="ab049d61-540b-4f2e-905e-544571e14bef" testName="FormatToStringTest1000 (16282.687804925576,16282.69 zł)" computerName="DESKTOP-5URQ9PB" duration="00:00:00.0000064" startTime="2022-06-13T21:12:18.3327838+02:00" endTime="2022-06-13T21:12:18.3328498+02:00" testType="13cdc9d9-ddb5-4fa4-a97d-d965ccfc6d4b" outcome="Passed" testListId="8c84fa94-04c1-424b-9868-57a2d4851a1d" relativeResultsDirectory="32c7263c-311a-41e9-bd2c-a61c7093b9be" />
    <UnitTestResult executionId="f7e31db8-6369-42ab-854d-bc9d273b529c" testId="222f828c-a6ae-4ecb-ab4c-8e96613edfbf" testName="FormatToStringTest1000 (59919.71489415491,59919.71 zł)" computerName="DESKTOP-5URQ9PB" duration="00:00:00.0000069" startTime="2022-06-13T21:12:18.5131213+02:00" endTime="2022-06-13T21:12:18.5132192+02:00" testType="13cdc9d9-ddb5-4fa4-a97d-d965ccfc6d4b" outcome="Passed" testListId="8c84fa94-04c1-424b-9868-57a2d4851a1d" relativeResultsDirectory="f7e31db8-6369-42ab-854d-bc9d273b529c" />
    <UnitTestResult executionId="ae13fe1d-5099-497b-adeb-9e345309af6f" testId="53949c20-f658-45ea-9449-5d07e7993853" testName="FormatToStringTest1000 (58848.60825001477,58848.61 zł)" computerName="DESKTOP-5URQ9PB" duration="00:00:00.0000073" startTime="2022-06-13T21:12:18.3025420+02:00" endTime="2022-06-13T21:12:18.3026315+02:00" testType="13cdc9d9-ddb5-4fa4-a97d-d965ccfc6d4b" outcome="Passed" testListId="8c84fa94-04c1-424b-9868-57a2d4851a1d" relativeResultsDirectory="ae13fe1d-5099-497b-adeb-9e345309af6f" />
    <UnitTestResult executionId="17d31514-a9e2-4920-b444-2a245c0b714d" testId="4f0a435a-e4e6-4d8d-a9b0-7d1a97d571a0" testName="FormatToStringTest1000 (54724.71040318008,54724.71 zł)" computerName="DESKTOP-5URQ9PB" duration="00:00:00.0000151" startTime="2022-06-13T21:12:18.3521495+02:00" endTime="2022-06-13T21:12:18.3523456+02:00" testType="13cdc9d9-ddb5-4fa4-a97d-d965ccfc6d4b" outcome="Passed" testListId="8c84fa94-04c1-424b-9868-57a2d4851a1d" relativeResultsDirectory="17d31514-a9e2-4920-b444-2a245c0b714d" />
    <UnitTestResult executionId="e1fd79db-2397-4957-8d11-a0b440b61aa4" testId="a84d6a33-40e0-4038-9c4f-4f3fd10059b1" testName="FormatToStringTest1000 (63427.55325689332,63427.55 zł)" computerName="DESKTOP-5URQ9PB" duration="00:00:00.0000064" startTime="2022-06-13T21:12:18.4718566+02:00" endTime="2022-06-13T21:12:18.4719284+02:00" testType="13cdc9d9-ddb5-4fa4-a97d-d965ccfc6d4b" outcome="Passed" testListId="8c84fa94-04c1-424b-9868-57a2d4851a1d" relativeResultsDirectory="e1fd79db-2397-4957-8d11-a0b440b61aa4" />
    <UnitTestResult executionId="51dd5581-e19e-421f-938f-cebc450f2b78" testId="4d824542-9571-4a2b-9543-0716ff1624a8" testName="FormatToStringTest1000 (61633.2671179945,61633.27 zł)" computerName="DESKTOP-5URQ9PB" duration="00:00:00.0000065" startTime="2022-06-13T21:12:18.4362976+02:00" endTime="2022-06-13T21:12:18.4363633+02:00" testType="13cdc9d9-ddb5-4fa4-a97d-d965ccfc6d4b" outcome="Passed" testListId="8c84fa94-04c1-424b-9868-57a2d4851a1d" relativeResultsDirectory="51dd5581-e19e-421f-938f-cebc450f2b78" />
    <UnitTestResult executionId="969de3fa-8fc4-4ae1-946b-7c4352324ecb" testId="dbf318b8-d140-4ca8-bf8e-f4b6f9bd07c6" testName="FormatToStringTest1000 (17990.38119827089,17990.38 zł)" computerName="DESKTOP-5URQ9PB" duration="00:00:00.0000063" startTime="2022-06-13T21:12:18.3984443+02:00" endTime="2022-06-13T21:12:18.3985102+02:00" testType="13cdc9d9-ddb5-4fa4-a97d-d965ccfc6d4b" outcome="Passed" testListId="8c84fa94-04c1-424b-9868-57a2d4851a1d" relativeResultsDirectory="969de3fa-8fc4-4ae1-946b-7c4352324ecb" />
    <UnitTestResult executionId="74edcb57-b60f-4999-8a74-31ffded6ea74" testId="4cd3f95d-4f11-4b66-8d58-8df2ff8cbd17" testName="FormatToStringTest1000 (750.5106571719566,750.51 zł)" computerName="DESKTOP-5URQ9PB" duration="00:00:00.0000061" startTime="2022-06-13T21:12:18.6095869+02:00" endTime="2022-06-13T21:12:18.6096519+02:00" testType="13cdc9d9-ddb5-4fa4-a97d-d965ccfc6d4b" outcome="Passed" testListId="8c84fa94-04c1-424b-9868-57a2d4851a1d" relativeResultsDirectory="74edcb57-b60f-4999-8a74-31ffded6ea74" />
    <UnitTestResult executionId="4a6fe278-c710-41d3-9964-bf6f88b5f760" testId="ba2ec6bc-9391-4aa9-b43b-d48cf8ea53fd" testName="FormatToStringTest1000 (66945.02904917022,66945.03 zł)" computerName="DESKTOP-5URQ9PB" duration="00:00:00.0000062" startTime="2022-06-13T21:12:18.5928205+02:00" endTime="2022-06-13T21:12:18.5928850+02:00" testType="13cdc9d9-ddb5-4fa4-a97d-d965ccfc6d4b" outcome="Passed" testListId="8c84fa94-04c1-424b-9868-57a2d4851a1d" relativeResultsDirectory="4a6fe278-c710-41d3-9964-bf6f88b5f760" />
    <UnitTestResult executionId="4a49a3b5-f093-4dd7-80aa-d5d0bee26256" testId="1ac43a8c-3af0-44e6-bb55-c8d31723c3af" testName="FormatToStringTest1000 (11871.427211910219,11871.43 zł)" computerName="DESKTOP-5URQ9PB" duration="00:00:00.0000063" startTime="2022-06-13T21:12:18.4715192+02:00" endTime="2022-06-13T21:12:18.4715868+02:00" testType="13cdc9d9-ddb5-4fa4-a97d-d965ccfc6d4b" outcome="Passed" testListId="8c84fa94-04c1-424b-9868-57a2d4851a1d" relativeResultsDirectory="4a49a3b5-f093-4dd7-80aa-d5d0bee26256" />
    <UnitTestResult executionId="cd46b925-9b68-43d4-af13-9161bc7deea5" testId="efe7401b-9d75-4a48-8bd1-7b83ca13df41" testName="FormatToStringTest1000 (30034.922435005625,30034.92 zł)" computerName="DESKTOP-5URQ9PB" duration="00:00:00.0000061" startTime="2022-06-13T21:12:18.6041980+02:00" endTime="2022-06-13T21:12:18.6042622+02:00" testType="13cdc9d9-ddb5-4fa4-a97d-d965ccfc6d4b" outcome="Passed" testListId="8c84fa94-04c1-424b-9868-57a2d4851a1d" relativeResultsDirectory="cd46b925-9b68-43d4-af13-9161bc7deea5" />
    <UnitTestResult executionId="f0a7e8b1-475d-4a23-a269-452cf63a525e" testId="300e7558-e5d8-4ef2-9bc7-c03aec61e71e" testName="FormatToStringTest1000 (4139.032615562451,4139.03 zł)" computerName="DESKTOP-5URQ9PB" duration="00:00:00.0000077" startTime="2022-06-13T21:12:18.5562239+02:00" endTime="2022-06-13T21:12:18.5563087+02:00" testType="13cdc9d9-ddb5-4fa4-a97d-d965ccfc6d4b" outcome="Passed" testListId="8c84fa94-04c1-424b-9868-57a2d4851a1d" relativeResultsDirectory="f0a7e8b1-475d-4a23-a269-452cf63a525e" />
    <UnitTestResult executionId="11040dc8-d58c-499a-b259-bbf547cc1f9d" testId="23324af9-5f94-491e-9bfd-7e9fabe1d152" testName="FormatToStringTest1000 (95071.15957335343,95071.16 zł)" computerName="DESKTOP-5URQ9PB" duration="00:00:00.0000106" startTime="2022-06-13T21:12:18.5332480+02:00" endTime="2022-06-13T21:12:18.5333737+02:00" testType="13cdc9d9-ddb5-4fa4-a97d-d965ccfc6d4b" outcome="Passed" testListId="8c84fa94-04c1-424b-9868-57a2d4851a1d" relativeResultsDirectory="11040dc8-d58c-499a-b259-bbf547cc1f9d" />
    <UnitTestResult executionId="aa3c7e19-eece-498f-98b2-bb9bc92aadf9" testId="50079a94-f1c1-4cf9-b1c9-6b51cdfbd4b0" testName="FormatToStringTest1000 (25882.451101077,25882.45 zł)" computerName="DESKTOP-5URQ9PB" duration="00:00:00.0000073" startTime="2022-06-13T21:12:18.4743843+02:00" endTime="2022-06-13T21:12:18.4744616+02:00" testType="13cdc9d9-ddb5-4fa4-a97d-d965ccfc6d4b" outcome="Passed" testListId="8c84fa94-04c1-424b-9868-57a2d4851a1d" relativeResultsDirectory="aa3c7e19-eece-498f-98b2-bb9bc92aadf9" />
    <UnitTestResult executionId="796dc6fd-a9b1-4906-b7d9-d2cfde9c410e" testId="10b0bac8-0d6e-443d-b59a-f35d773e9bdd" testName="FormatToStringTest1000 (72703.4365723503,72703.44 zł)" computerName="DESKTOP-5URQ9PB" duration="00:00:00.0000073" startTime="2022-06-13T21:12:18.4103923+02:00" endTime="2022-06-13T21:12:18.4104695+02:00" testType="13cdc9d9-ddb5-4fa4-a97d-d965ccfc6d4b" outcome="Passed" testListId="8c84fa94-04c1-424b-9868-57a2d4851a1d" relativeResultsDirectory="796dc6fd-a9b1-4906-b7d9-d2cfde9c410e" />
    <UnitTestResult executionId="9ba4a185-b4fd-41ce-ba36-2bd0e01d6296" testId="6eb2f0c3-ac6f-452e-beeb-1f2dc865c05b" testName="FormatToStringTest1000 (6946.333318357977,6946.33 zł)" computerName="DESKTOP-5URQ9PB" duration="00:00:00.0000063" startTime="2022-06-13T21:12:18.4043903+02:00" endTime="2022-06-13T21:12:18.4044577+02:00" testType="13cdc9d9-ddb5-4fa4-a97d-d965ccfc6d4b" outcome="Passed" testListId="8c84fa94-04c1-424b-9868-57a2d4851a1d" relativeResultsDirectory="9ba4a185-b4fd-41ce-ba36-2bd0e01d6296" />
    <UnitTestResult executionId="6654f227-3db2-4e65-bdab-c4db2be6cd0f" testId="6aefdce2-8599-429b-bdd6-87c0ccc30aa4" testName="FormatToStringTest1000 (4898.699005344277,4898.70 zł)" computerName="DESKTOP-5URQ9PB" duration="00:00:00.0000064" startTime="2022-06-13T21:12:18.3922123+02:00" endTime="2022-06-13T21:12:18.3922801+02:00" testType="13cdc9d9-ddb5-4fa4-a97d-d965ccfc6d4b" outcome="Passed" testListId="8c84fa94-04c1-424b-9868-57a2d4851a1d" relativeResultsDirectory="6654f227-3db2-4e65-bdab-c4db2be6cd0f" />
    <UnitTestResult executionId="e86df51a-b2f1-4d38-9321-605a3f17899e" testId="ced42134-b66e-4d8c-915b-971b1627603a" testName="FormatToStringTest1000 (32821.05661472215,32821.06 zł)" computerName="DESKTOP-5URQ9PB" duration="00:00:00.0000062" startTime="2022-06-13T21:12:18.5338143+02:00" endTime="2022-06-13T21:12:18.5338792+02:00" testType="13cdc9d9-ddb5-4fa4-a97d-d965ccfc6d4b" outcome="Passed" testListId="8c84fa94-04c1-424b-9868-57a2d4851a1d" relativeResultsDirectory="e86df51a-b2f1-4d38-9321-605a3f17899e" />
    <UnitTestResult executionId="1cec3db2-dcb4-4c92-9e7f-24cfa1e3cf0c" testId="3822cd78-2199-4753-a0bf-d527215946d9" testName="FormatToStringTest1000 (57671.67669738675,57671.68 zł)" computerName="DESKTOP-5URQ9PB" duration="00:00:00.0000064" startTime="2022-06-13T21:12:18.6066515+02:00" endTime="2022-06-13T21:12:18.6067176+02:00" testType="13cdc9d9-ddb5-4fa4-a97d-d965ccfc6d4b" outcome="Passed" testListId="8c84fa94-04c1-424b-9868-57a2d4851a1d" relativeResultsDirectory="1cec3db2-dcb4-4c92-9e7f-24cfa1e3cf0c" />
    <UnitTestResult executionId="98940dc0-bff6-4877-95a4-8586fbdebb34" testId="31dcd51d-140f-4e53-9455-64ba278424a1" testName="FormatToStringTest1000 (20643.69044446465,20643.69 zł)" computerName="DESKTOP-5URQ9PB" duration="00:00:00.0000062" startTime="2022-06-13T21:12:18.5510329+02:00" endTime="2022-06-13T21:12:18.5510971+02:00" testType="13cdc9d9-ddb5-4fa4-a97d-d965ccfc6d4b" outcome="Passed" testListId="8c84fa94-04c1-424b-9868-57a2d4851a1d" relativeResultsDirectory="98940dc0-bff6-4877-95a4-8586fbdebb34" />
    <UnitTestResult executionId="404a5408-84cd-4ef7-9804-7196eb8784ca" testId="f3cc6c6f-c068-4f75-ac43-8a14d0f043e7" testName="FormatToStringTest1000 (8542.520616738833,8542.52 zł)" computerName="DESKTOP-5URQ9PB" duration="00:00:00.0000061" startTime="2022-06-13T21:12:18.5534230+02:00" endTime="2022-06-13T21:12:18.5534872+02:00" testType="13cdc9d9-ddb5-4fa4-a97d-d965ccfc6d4b" outcome="Passed" testListId="8c84fa94-04c1-424b-9868-57a2d4851a1d" relativeResultsDirectory="404a5408-84cd-4ef7-9804-7196eb8784ca" />
    <UnitTestResult executionId="067bcf3f-728f-49b6-a8fb-7c43f2d40275" testId="1e7d30f2-dd56-4025-8ff9-5c5004eb968d" testName="FormatToStringTest1000 (23612.114499758984,23612.11 zł)" computerName="DESKTOP-5URQ9PB" duration="00:00:00.0000066" startTime="2022-06-13T21:12:18.3808653+02:00" endTime="2022-06-13T21:12:18.3809512+02:00" testType="13cdc9d9-ddb5-4fa4-a97d-d965ccfc6d4b" outcome="Passed" testListId="8c84fa94-04c1-424b-9868-57a2d4851a1d" relativeResultsDirectory="067bcf3f-728f-49b6-a8fb-7c43f2d40275" />
    <UnitTestResult executionId="fc722c7d-215d-459e-8f63-82b483fd8023" testId="ec0944aa-86d8-4e5c-b3ba-1d1fc6ed190c" testName="FormatToStringTest1000 (27050.586848031067,27050.59 zł)" computerName="DESKTOP-5URQ9PB" duration="00:00:00.0000063" startTime="2022-06-13T21:12:18.2779693+02:00" endTime="2022-06-13T21:12:18.2780363+02:00" testType="13cdc9d9-ddb5-4fa4-a97d-d965ccfc6d4b" outcome="Passed" testListId="8c84fa94-04c1-424b-9868-57a2d4851a1d" relativeResultsDirectory="fc722c7d-215d-459e-8f63-82b483fd8023" />
    <UnitTestResult executionId="0a905343-b342-4662-b655-b3914843fe65" testId="2c5cbb14-bf99-4f55-8ec4-a8588c4e6611" testName="FormatToStringTest1000 (19085.023282992664,19085.02 zł)" computerName="DESKTOP-5URQ9PB" duration="00:00:00.0000070" startTime="2022-06-13T21:12:18.5106629+02:00" endTime="2022-06-13T21:12:18.5107286+02:00" testType="13cdc9d9-ddb5-4fa4-a97d-d965ccfc6d4b" outcome="Passed" testListId="8c84fa94-04c1-424b-9868-57a2d4851a1d" relativeResultsDirectory="0a905343-b342-4662-b655-b3914843fe65" />
    <UnitTestResult executionId="521c74f4-8868-489d-85d4-ddd086ef739a" testId="8f87731f-4a94-4c20-8080-347753185cb8" testName="FormatToStringTest1000 (6864.093052674129,6864.09 zł)" computerName="DESKTOP-5URQ9PB" duration="00:00:00.0000066" startTime="2022-06-13T21:12:18.3102414+02:00" endTime="2022-06-13T21:12:18.3103192+02:00" testType="13cdc9d9-ddb5-4fa4-a97d-d965ccfc6d4b" outcome="Passed" testListId="8c84fa94-04c1-424b-9868-57a2d4851a1d" relativeResultsDirectory="521c74f4-8868-489d-85d4-ddd086ef739a" />
    <UnitTestResult executionId="7a4b6d83-4df8-4fcb-a415-bb52d120849e" testId="44230ab1-1f18-47d4-a8ad-53c2c636745d" testName="FormatToStringTest1000 (386.358918903097,386.36 zł)" computerName="DESKTOP-5URQ9PB" duration="00:00:00.0000074" startTime="2022-06-13T21:12:18.3918615+02:00" endTime="2022-06-13T21:12:18.3919354+02:00" testType="13cdc9d9-ddb5-4fa4-a97d-d965ccfc6d4b" outcome="Passed" testListId="8c84fa94-04c1-424b-9868-57a2d4851a1d" relativeResultsDirectory="7a4b6d83-4df8-4fcb-a415-bb52d120849e" />
    <UnitTestResult executionId="edf28ac6-3470-4003-af0e-f1659e0eb5b4" testId="09c2808a-aec8-4342-a21c-709a77e64008" testName="FormatToStringTest1000 (23023.74724929768,23023.75 zł)" computerName="DESKTOP-5URQ9PB" duration="00:00:00.0000064" startTime="2022-06-13T21:12:18.5053137+02:00" endTime="2022-06-13T21:12:18.5053794+02:00" testType="13cdc9d9-ddb5-4fa4-a97d-d965ccfc6d4b" outcome="Passed" testListId="8c84fa94-04c1-424b-9868-57a2d4851a1d" relativeResultsDirectory="edf28ac6-3470-4003-af0e-f1659e0eb5b4" />
    <UnitTestResult executionId="86c4d7ca-29d3-46b5-bd4b-8947559a72cd" testId="5622792f-5deb-4bf7-b4b6-3a00df3a0283" testName="FormatToStringTest1000 (16688.70569393677,16688.71 zł)" computerName="DESKTOP-5URQ9PB" duration="00:00:00.0000064" startTime="2022-06-13T21:12:18.4139907+02:00" endTime="2022-06-13T21:12:18.4140573+02:00" testType="13cdc9d9-ddb5-4fa4-a97d-d965ccfc6d4b" outcome="Passed" testListId="8c84fa94-04c1-424b-9868-57a2d4851a1d" relativeResultsDirectory="86c4d7ca-29d3-46b5-bd4b-8947559a72cd" />
    <UnitTestResult executionId="34178a79-a7e4-4c16-9c20-6c8a613afa27" testId="7663d400-a7aa-4b92-9a9d-ca9d4c999346" testName="FormatToStringTest1000 (17090.629587323234,17090.63 zł)" computerName="DESKTOP-5URQ9PB" duration="00:00:00.0000062" startTime="2022-06-13T21:12:18.3956178+02:00" endTime="2022-06-13T21:12:18.3956850+02:00" testType="13cdc9d9-ddb5-4fa4-a97d-d965ccfc6d4b" outcome="Passed" testListId="8c84fa94-04c1-424b-9868-57a2d4851a1d" relativeResultsDirectory="34178a79-a7e4-4c16-9c20-6c8a613afa27" />
    <UnitTestResult executionId="33c43d80-b323-42dd-bbb1-7ccc84e979f9" testId="f6ee664d-87e0-4d22-893f-9b3016a54b1e" testName="FormatToStringTest1000 (55782.67998761762,55782.68 zł)" computerName="DESKTOP-5URQ9PB" duration="00:00:00.0000063" startTime="2022-06-13T21:12:18.3326997+02:00" endTime="2022-06-13T21:12:18.3327658+02:00" testType="13cdc9d9-ddb5-4fa4-a97d-d965ccfc6d4b" outcome="Passed" testListId="8c84fa94-04c1-424b-9868-57a2d4851a1d" relativeResultsDirectory="33c43d80-b323-42dd-bbb1-7ccc84e979f9" />
    <UnitTestResult executionId="ebe8db83-0980-4f09-999c-15071575435e" testId="90c00857-2a55-4ca5-b646-da079219e0a0" testName="FormatToStringTest1000 (63946.51014057478,63946.51 zł)" computerName="DESKTOP-5URQ9PB" duration="00:00:00.0000063" startTime="2022-06-13T21:12:18.5160962+02:00" endTime="2022-06-13T21:12:18.5161614+02:00" testType="13cdc9d9-ddb5-4fa4-a97d-d965ccfc6d4b" outcome="Passed" testListId="8c84fa94-04c1-424b-9868-57a2d4851a1d" relativeResultsDirectory="ebe8db83-0980-4f09-999c-15071575435e" />
    <UnitTestResult executionId="e2c7d2b1-cfac-407f-9ec3-6e6acab2ee07" testId="e64813e7-4231-48fb-aa5a-5336d1ab7e75" testName="FormatToStringTest1000 (801.5720517614726,801.57 zł)" computerName="DESKTOP-5URQ9PB" duration="00:00:00.0000075" startTime="2022-06-13T21:12:18.4268965+02:00" endTime="2022-06-13T21:12:18.4269748+02:00" testType="13cdc9d9-ddb5-4fa4-a97d-d965ccfc6d4b" outcome="Passed" testListId="8c84fa94-04c1-424b-9868-57a2d4851a1d" relativeResultsDirectory="e2c7d2b1-cfac-407f-9ec3-6e6acab2ee07" />
    <UnitTestResult executionId="00d04b84-7d16-44ab-89f2-e71a0ec7bd8d" testId="64aab803-84a9-4bc6-933a-bd5a25c8be3f" testName="FormatToStringTest1000 (77919.64716867341,77919.65 zł)" computerName="DESKTOP-5URQ9PB" duration="00:00:00.0000064" startTime="2022-06-13T21:12:18.3744540+02:00" endTime="2022-06-13T21:12:18.3745198+02:00" testType="13cdc9d9-ddb5-4fa4-a97d-d965ccfc6d4b" outcome="Passed" testListId="8c84fa94-04c1-424b-9868-57a2d4851a1d" relativeResultsDirectory="00d04b84-7d16-44ab-89f2-e71a0ec7bd8d" />
    <UnitTestResult executionId="5544dccb-77ed-4e92-bcca-e17c986af751" testId="7758375e-f0e0-4e70-ba8e-3117d4c2170e" testName="FormatToStringTest1000 (2751.3751475258614,2751.38 zł)" computerName="DESKTOP-5URQ9PB" duration="00:00:00.0000062" startTime="2022-06-13T21:12:18.5925794+02:00" endTime="2022-06-13T21:12:18.5926430+02:00" testType="13cdc9d9-ddb5-4fa4-a97d-d965ccfc6d4b" outcome="Passed" testListId="8c84fa94-04c1-424b-9868-57a2d4851a1d" relativeResultsDirectory="5544dccb-77ed-4e92-bcca-e17c986af751" />
    <UnitTestResult executionId="0149f28e-e685-449f-bf9d-6622b0e87bb7" testId="d2538bcd-3ef1-41e6-8d03-f6dd22d15ade" testName="FormatToStringTest1000 (27187.549022783314,27187.55 zł)" computerName="DESKTOP-5URQ9PB" duration="00:00:00.0000070" startTime="2022-06-13T21:12:18.4560822+02:00" endTime="2022-06-13T21:12:18.4561492+02:00" testType="13cdc9d9-ddb5-4fa4-a97d-d965ccfc6d4b" outcome="Passed" testListId="8c84fa94-04c1-424b-9868-57a2d4851a1d" relativeResultsDirectory="0149f28e-e685-449f-bf9d-6622b0e87bb7" />
    <UnitTestResult executionId="e7d21a48-51f8-449b-bb98-727443685114" testId="05d3f734-6370-4e7f-904a-6db7eaff3e95" testName="FormatToStringTest1000 (27852.532163303127,27852.53 zł)" computerName="DESKTOP-5URQ9PB" duration="00:00:00.0000074" startTime="2022-06-13T21:12:18.5074163+02:00" endTime="2022-06-13T21:12:18.5075027+02:00" testType="13cdc9d9-ddb5-4fa4-a97d-d965ccfc6d4b" outcome="Passed" testListId="8c84fa94-04c1-424b-9868-57a2d4851a1d" relativeResultsDirectory="e7d21a48-51f8-449b-bb98-727443685114" />
    <UnitTestResult executionId="69fa6368-1555-4eeb-aa93-401d5071ebf8" testId="6e60d1b6-84a9-41d1-aebd-6aaa334043e1" testName="FormatToStringTest1000 (22678.643495744862,22678.64 zł)" computerName="DESKTOP-5URQ9PB" duration="00:00:00.0000064" startTime="2022-06-13T21:12:18.5444433+02:00" endTime="2022-06-13T21:12:18.5445151+02:00" testType="13cdc9d9-ddb5-4fa4-a97d-d965ccfc6d4b" outcome="Passed" testListId="8c84fa94-04c1-424b-9868-57a2d4851a1d" relativeResultsDirectory="69fa6368-1555-4eeb-aa93-401d5071ebf8" />
    <UnitTestResult executionId="c2c74c4b-69fb-4e7e-a8a8-b7a71160b4bc" testId="576b6828-fde6-4008-af21-90fe2bc559ad" testName="FormatToStringTest1000 (1549.6599114973376,1549.66 zł)" computerName="DESKTOP-5URQ9PB" duration="00:00:00.0000062" startTime="2022-06-13T21:12:18.6277328+02:00" endTime="2022-06-13T21:12:18.6277980+02:00" testType="13cdc9d9-ddb5-4fa4-a97d-d965ccfc6d4b" outcome="Passed" testListId="8c84fa94-04c1-424b-9868-57a2d4851a1d" relativeResultsDirectory="c2c74c4b-69fb-4e7e-a8a8-b7a71160b4bc" />
    <UnitTestResult executionId="1955e8ab-6ac7-4744-a878-7a0dc7bf3aa9" testId="f37f69e0-94b8-4f22-b73f-c36a4e5a7404" testName="FormatToStringTest1000 (5759.256266560991,5759.26 zł)" computerName="DESKTOP-5URQ9PB" duration="00:00:00.0000064" startTime="2022-06-13T21:12:18.4714341+02:00" endTime="2022-06-13T21:12:18.4715017+02:00" testType="13cdc9d9-ddb5-4fa4-a97d-d965ccfc6d4b" outcome="Passed" testListId="8c84fa94-04c1-424b-9868-57a2d4851a1d" relativeResultsDirectory="1955e8ab-6ac7-4744-a878-7a0dc7bf3aa9" />
    <UnitTestResult executionId="d34bfa01-e79a-414e-901a-f212a82fc60e" testId="e40679b9-d639-40bd-bfab-0ba0d653a31e" testName="FormatToStringTest1000 (28033.439084134738,28033.44 zł)" computerName="DESKTOP-5URQ9PB" duration="00:00:00.0000062" startTime="2022-06-13T21:12:18.4625617+02:00" endTime="2022-06-13T21:12:18.4626290+02:00" testType="13cdc9d9-ddb5-4fa4-a97d-d965ccfc6d4b" outcome="Passed" testListId="8c84fa94-04c1-424b-9868-57a2d4851a1d" relativeResultsDirectory="d34bfa01-e79a-414e-901a-f212a82fc60e" />
    <UnitTestResult executionId="960366e7-5e1d-4c5e-bd46-d3615d22c8ec" testId="b3a25317-b6f9-473b-a697-72ee0760116e" testName="FormatToStringTest1000 (18990.72499258012,18990.72 zł)" computerName="DESKTOP-5URQ9PB" duration="00:00:00.0000064" startTime="2022-06-13T21:12:18.3064588+02:00" endTime="2022-06-13T21:12:18.3065325+02:00" testType="13cdc9d9-ddb5-4fa4-a97d-d965ccfc6d4b" outcome="Passed" testListId="8c84fa94-04c1-424b-9868-57a2d4851a1d" relativeResultsDirectory="960366e7-5e1d-4c5e-bd46-d3615d22c8ec" />
    <UnitTestResult executionId="608d92c7-0917-414b-be7b-16829522870b" testId="9aff00c3-a3d3-4d0b-96e5-0adffc1562b6" testName="FormatToStringTest1000 (62975.496334776515,62975.50 zł)" computerName="DESKTOP-5URQ9PB" duration="00:00:00.0000063" startTime="2022-06-13T21:12:18.3066433+02:00" endTime="2022-06-13T21:12:18.3067189+02:00" testType="13cdc9d9-ddb5-4fa4-a97d-d965ccfc6d4b" outcome="Passed" testListId="8c84fa94-04c1-424b-9868-57a2d4851a1d" relativeResultsDirectory="608d92c7-0917-414b-be7b-16829522870b" />
    <UnitTestResult executionId="96a4d539-547f-4490-ac99-a90609230933" testId="40d0ac02-1eaf-4bbb-9c16-5f0004a47aae" testName="FormatToStringTest1000 (2975.6892256134606,2975.69 zł)" computerName="DESKTOP-5URQ9PB" duration="00:00:00.0000063" startTime="2022-06-13T21:12:18.4429951+02:00" endTime="2022-06-13T21:12:18.4430612+02:00" testType="13cdc9d9-ddb5-4fa4-a97d-d965ccfc6d4b" outcome="Passed" testListId="8c84fa94-04c1-424b-9868-57a2d4851a1d" relativeResultsDirectory="96a4d539-547f-4490-ac99-a90609230933" />
    <UnitTestResult executionId="37a39e98-640f-4794-8232-f7e20f6ef9be" testId="d4e1b524-2979-4239-8ba1-0da42f2ad2ff" testName="FormatToStringTest1000 (28579.14698705503,28579.15 zł)" computerName="DESKTOP-5URQ9PB" duration="00:00:00.0000064" startTime="2022-06-13T21:12:18.5310242+02:00" endTime="2022-06-13T21:12:18.5310896+02:00" testType="13cdc9d9-ddb5-4fa4-a97d-d965ccfc6d4b" outcome="Passed" testListId="8c84fa94-04c1-424b-9868-57a2d4851a1d" relativeResultsDirectory="37a39e98-640f-4794-8232-f7e20f6ef9be" />
    <UnitTestResult executionId="408e8bee-f1d9-43ac-b273-1a2285937656" testId="cf75ba87-cbb6-413a-8ca9-9227fc5ccb9d" testName="FormatToStringTest1000 (20497.107923553376,20497.11 zł)" computerName="DESKTOP-5URQ9PB" duration="00:00:00.0000062" startTime="2022-06-13T21:12:18.6045215+02:00" endTime="2022-06-13T21:12:18.6045857+02:00" testType="13cdc9d9-ddb5-4fa4-a97d-d965ccfc6d4b" outcome="Passed" testListId="8c84fa94-04c1-424b-9868-57a2d4851a1d" relativeResultsDirectory="408e8bee-f1d9-43ac-b273-1a2285937656" />
    <UnitTestResult executionId="88a8751c-84ac-4b88-a2ea-ea7ef09d43b9" testId="3e8bfae2-346c-49f5-bfc1-c71fb0e38fdc" testName="FormatToStringTest1000 (54275.73209373408,54275.73 zł)" computerName="DESKTOP-5URQ9PB" duration="00:00:00.0000062" startTime="2022-06-13T21:12:18.5901129+02:00" endTime="2022-06-13T21:12:18.5901766+02:00" testType="13cdc9d9-ddb5-4fa4-a97d-d965ccfc6d4b" outcome="Passed" testListId="8c84fa94-04c1-424b-9868-57a2d4851a1d" relativeResultsDirectory="88a8751c-84ac-4b88-a2ea-ea7ef09d43b9" />
    <UnitTestResult executionId="80a4a3ed-6aae-4dd5-b086-9f759ed1d8ab" testId="ae5994c4-f62d-43bb-a3a2-2305156e2d6a" testName="FormatToStringTest1000 (13508.811787825922,13508.81 zł)" computerName="DESKTOP-5URQ9PB" duration="00:00:00.0000070" startTime="2022-06-13T21:12:18.5896220+02:00" endTime="2022-06-13T21:12:18.5896872+02:00" testType="13cdc9d9-ddb5-4fa4-a97d-d965ccfc6d4b" outcome="Passed" testListId="8c84fa94-04c1-424b-9868-57a2d4851a1d" relativeResultsDirectory="80a4a3ed-6aae-4dd5-b086-9f759ed1d8ab" />
    <UnitTestResult executionId="3dd6f823-bfa2-487b-90a0-a4286fae0550" testId="2b2ddb29-49fb-4934-a482-c363e36ae3de" testName="FormatToStringTest1000 (20244.692955315437,20244.69 zł)" computerName="DESKTOP-5URQ9PB" duration="00:00:00.0000065" startTime="2022-06-13T21:12:18.2969541+02:00" endTime="2022-06-13T21:12:18.2970217+02:00" testType="13cdc9d9-ddb5-4fa4-a97d-d965ccfc6d4b" outcome="Passed" testListId="8c84fa94-04c1-424b-9868-57a2d4851a1d" relativeResultsDirectory="3dd6f823-bfa2-487b-90a0-a4286fae0550" />
    <UnitTestResult executionId="010913b2-8054-408a-b4d7-ba4a3c31c70b" testId="2afd9ea8-6da3-4893-a76c-955f1b25c43a" testName="FormatToStringTest1000 (39641.61351217451,39641.61 zł)" computerName="DESKTOP-5URQ9PB" duration="00:00:00.0000062" startTime="2022-06-13T21:12:18.4592305+02:00" endTime="2022-06-13T21:12:18.4592967+02:00" testType="13cdc9d9-ddb5-4fa4-a97d-d965ccfc6d4b" outcome="Passed" testListId="8c84fa94-04c1-424b-9868-57a2d4851a1d" relativeResultsDirectory="010913b2-8054-408a-b4d7-ba4a3c31c70b" />
    <UnitTestResult executionId="33c99c3e-ba76-410c-ad00-cffcf5fa3a23" testId="a3b429a8-8ea2-4ea3-b2f1-6021136a748e" testName="FormatToStringTest1000 (32216.686763396807,32216.69 zł)" computerName="DESKTOP-5URQ9PB" duration="00:00:00.0000068" startTime="2022-06-13T21:12:18.2367624+02:00" endTime="2022-06-13T21:12:18.2368426+02:00" testType="13cdc9d9-ddb5-4fa4-a97d-d965ccfc6d4b" outcome="Passed" testListId="8c84fa94-04c1-424b-9868-57a2d4851a1d" relativeResultsDirectory="33c99c3e-ba76-410c-ad00-cffcf5fa3a23" />
    <UnitTestResult executionId="8a597d09-e13d-4e7b-979e-fbc504032154" testId="7d271200-53d4-4028-bca6-0ce68b85bc48" testName="FormatToStringTest1000 (1187.8237780126854,1187.82 zł)" computerName="DESKTOP-5URQ9PB" duration="00:00:00.0000070" startTime="2022-06-13T21:12:18.5761120+02:00" endTime="2022-06-13T21:12:18.5761888+02:00" testType="13cdc9d9-ddb5-4fa4-a97d-d965ccfc6d4b" outcome="Passed" testListId="8c84fa94-04c1-424b-9868-57a2d4851a1d" relativeResultsDirectory="8a597d09-e13d-4e7b-979e-fbc504032154" />
    <UnitTestResult executionId="44871188-3cce-4898-ba4e-43f13f9a18be" testId="309389dd-d870-43df-b4eb-98f868838243" testName="FormatToStringTest1000 (16030.852371789913,16030.85 zł)" computerName="DESKTOP-5URQ9PB" duration="00:00:00.0000105" startTime="2022-06-13T21:12:18.3196646+02:00" endTime="2022-06-13T21:12:18.3197953+02:00" testType="13cdc9d9-ddb5-4fa4-a97d-d965ccfc6d4b" outcome="Passed" testListId="8c84fa94-04c1-424b-9868-57a2d4851a1d" relativeResultsDirectory="44871188-3cce-4898-ba4e-43f13f9a18be" />
    <UnitTestResult executionId="35f1adc4-6abc-452d-8c0a-724f3f3cd4fa" testId="220b6a48-e8de-47b7-bfe2-45d84deb8c52" testName="FormatToStringTest1000 (32908.76696502639,32908.77 zł)" computerName="DESKTOP-5URQ9PB" duration="00:00:00.0000114" startTime="2022-06-13T21:12:18.3638348+02:00" endTime="2022-06-13T21:12:18.3639087+02:00" testType="13cdc9d9-ddb5-4fa4-a97d-d965ccfc6d4b" outcome="Passed" testListId="8c84fa94-04c1-424b-9868-57a2d4851a1d" relativeResultsDirectory="35f1adc4-6abc-452d-8c0a-724f3f3cd4fa" />
    <UnitTestResult executionId="8715a494-2c06-49ae-9df0-ef9cf902c082" testId="9411f2e8-26a2-40ec-b1c8-04c4a3d81e65" testName="FormatToStringTest1000 (1814.7218118955948,1814.72 zł)" computerName="DESKTOP-5URQ9PB" duration="00:00:00.0000065" startTime="2022-06-13T21:12:18.6204333+02:00" endTime="2022-06-13T21:12:18.6205015+02:00" testType="13cdc9d9-ddb5-4fa4-a97d-d965ccfc6d4b" outcome="Passed" testListId="8c84fa94-04c1-424b-9868-57a2d4851a1d" relativeResultsDirectory="8715a494-2c06-49ae-9df0-ef9cf902c082" />
    <UnitTestResult executionId="00351480-1bd8-430d-b756-a0a327c51b4f" testId="3e771074-268e-473b-87fb-223c8e666c56" testName="FormatToStringTest1000 (65963.39932440939,65963.40 zł)" computerName="DESKTOP-5URQ9PB" duration="00:00:00.0000062" startTime="2022-06-13T21:12:18.6119714+02:00" endTime="2022-06-13T21:12:18.6120365+02:00" testType="13cdc9d9-ddb5-4fa4-a97d-d965ccfc6d4b" outcome="Passed" testListId="8c84fa94-04c1-424b-9868-57a2d4851a1d" relativeResultsDirectory="00351480-1bd8-430d-b756-a0a327c51b4f" />
    <UnitTestResult executionId="c0ed4285-aeb2-41a5-84c7-7b633ad19994" testId="c96fb1cd-85a5-404a-9fdf-bb780285a9f9" testName="FormatToStringTest1000 (33601.357302459124,33601.36 zł)" computerName="DESKTOP-5URQ9PB" duration="00:00:00.0000103" startTime="2022-06-13T21:12:18.6148289+02:00" endTime="2022-06-13T21:12:18.6148975+02:00" testType="13cdc9d9-ddb5-4fa4-a97d-d965ccfc6d4b" outcome="Passed" testListId="8c84fa94-04c1-424b-9868-57a2d4851a1d" relativeResultsDirectory="c0ed4285-aeb2-41a5-84c7-7b633ad19994" />
    <UnitTestResult executionId="0a46f556-d670-4815-bdd4-549345566671" testId="51c51c60-057c-40ca-b6e9-3ea5e8fdca82" testName="FormatToStringTest1000 (18490.912787030877,18490.91 zł)" computerName="DESKTOP-5URQ9PB" duration="00:00:00.0000065" startTime="2022-06-13T21:12:18.5563294+02:00" endTime="2022-06-13T21:12:18.5564046+02:00" testType="13cdc9d9-ddb5-4fa4-a97d-d965ccfc6d4b" outcome="Passed" testListId="8c84fa94-04c1-424b-9868-57a2d4851a1d" relativeResultsDirectory="0a46f556-d670-4815-bdd4-549345566671" />
    <UnitTestResult executionId="0b39d44f-3c6a-46b5-8f28-88ddf03ef7e5" testId="9f209837-efc5-4061-9a9a-53b1e6596f4b" testName="FormatToStringTest1000 (3341.8351759444154,3341.84 zł)" computerName="DESKTOP-5URQ9PB" duration="00:00:00.0000070" startTime="2022-06-13T21:12:18.4398487+02:00" endTime="2022-06-13T21:12:18.4399207+02:00" testType="13cdc9d9-ddb5-4fa4-a97d-d965ccfc6d4b" outcome="Passed" testListId="8c84fa94-04c1-424b-9868-57a2d4851a1d" relativeResultsDirectory="0b39d44f-3c6a-46b5-8f28-88ddf03ef7e5" />
    <UnitTestResult executionId="092da522-b167-439c-8e2c-b86de72d5b23" testId="6191e91d-b5e5-44de-a0db-8a4bdd59dcb9" testName="FormatToStringTest1000 (2897.9775426620513,2897.98 zł)" computerName="DESKTOP-5URQ9PB" duration="00:00:00.0000071" startTime="2022-06-13T21:12:18.5561245+02:00" endTime="2022-06-13T21:12:18.5562058+02:00" testType="13cdc9d9-ddb5-4fa4-a97d-d965ccfc6d4b" outcome="Passed" testListId="8c84fa94-04c1-424b-9868-57a2d4851a1d" relativeResultsDirectory="092da522-b167-439c-8e2c-b86de72d5b23" />
    <UnitTestResult executionId="4b76e675-79bc-468e-ad78-42c60e45a098" testId="49939f96-e73d-4d31-bc13-b94d5a7e505b" testName="FormatToStringTest1000 (32732.81915128502,32732.82 zł)" computerName="DESKTOP-5URQ9PB" duration="00:00:00.0000063" startTime="2022-06-13T21:12:18.4624757+02:00" endTime="2022-06-13T21:12:18.4625434+02:00" testType="13cdc9d9-ddb5-4fa4-a97d-d965ccfc6d4b" outcome="Passed" testListId="8c84fa94-04c1-424b-9868-57a2d4851a1d" relativeResultsDirectory="4b76e675-79bc-468e-ad78-42c60e45a098" />
    <UnitTestResult executionId="659779a7-ae97-4bb7-8476-bfbf7231a5f8" testId="80e04e6b-0cbe-4961-8603-97078d64f61a" testName="FormatToStringTest1000 (19519.4298413505,19519.43 zł)" computerName="DESKTOP-5URQ9PB" duration="00:00:00.0000066" startTime="2022-06-13T21:12:18.5927417+02:00" endTime="2022-06-13T21:12:18.5928039+02:00" testType="13cdc9d9-ddb5-4fa4-a97d-d965ccfc6d4b" outcome="Passed" testListId="8c84fa94-04c1-424b-9868-57a2d4851a1d" relativeResultsDirectory="659779a7-ae97-4bb7-8476-bfbf7231a5f8" />
    <UnitTestResult executionId="b4a422f1-cfbb-4f98-bd4b-f6c7b547147d" testId="76223a92-7017-4754-a997-0e98c4283e8b" testName="FormatToStringTest1000 (16190.113943164757,16190.11 zł)" computerName="DESKTOP-5URQ9PB" duration="00:00:00.0000064" startTime="2022-06-13T21:12:18.4393438+02:00" endTime="2022-06-13T21:12:18.4394109+02:00" testType="13cdc9d9-ddb5-4fa4-a97d-d965ccfc6d4b" outcome="Passed" testListId="8c84fa94-04c1-424b-9868-57a2d4851a1d" relativeResultsDirectory="b4a422f1-cfbb-4f98-bd4b-f6c7b547147d" />
    <UnitTestResult executionId="774f4814-9d9c-425b-b921-e0ad1afd34d5" testId="54b10282-4f42-42cd-8386-0a0b1dab41b6" testName="FormatToStringTest1000 (6654.099431086378,6654.10 zł)" computerName="DESKTOP-5URQ9PB" duration="00:00:00.0000062" startTime="2022-06-13T21:12:18.4079511+02:00" endTime="2022-06-13T21:12:18.4080175+02:00" testType="13cdc9d9-ddb5-4fa4-a97d-d965ccfc6d4b" outcome="Passed" testListId="8c84fa94-04c1-424b-9868-57a2d4851a1d" relativeResultsDirectory="774f4814-9d9c-425b-b921-e0ad1afd34d5" />
    <UnitTestResult executionId="b4dcb497-33ff-46d2-b208-db141ed00806" testId="42f46fff-2b7e-4119-988a-8d632cd2a327" testName="FormatToStringTest1000 (14100.01255469211,14100.01 zł)" computerName="DESKTOP-5URQ9PB" duration="00:00:00.0000064" startTime="2022-06-13T21:12:18.3457121+02:00" endTime="2022-06-13T21:12:18.3457799+02:00" testType="13cdc9d9-ddb5-4fa4-a97d-d965ccfc6d4b" outcome="Passed" testListId="8c84fa94-04c1-424b-9868-57a2d4851a1d" relativeResultsDirectory="b4dcb497-33ff-46d2-b208-db141ed00806" />
    <UnitTestResult executionId="e43fc107-a7ac-4b24-8156-cd2d72d3d541" testId="daf98ee6-76d4-41d7-b084-e3a1e3de0a2a" testName="FormatToStringTest1000 (56378.261944644735,56378.26 zł)" computerName="DESKTOP-5URQ9PB" duration="00:00:00.0000063" startTime="2022-06-13T21:12:18.3952775+02:00" endTime="2022-06-13T21:12:18.3953454+02:00" testType="13cdc9d9-ddb5-4fa4-a97d-d965ccfc6d4b" outcome="Passed" testListId="8c84fa94-04c1-424b-9868-57a2d4851a1d" relativeResultsDirectory="e43fc107-a7ac-4b24-8156-cd2d72d3d541" />
    <UnitTestResult executionId="74a9aff5-bf2b-4bd1-8380-8441eb0da4cc" testId="72057a1e-ba81-4de6-88d9-9ca8acd82c38" testName="FormatToStringTest1000 (40268.121943438484,40268.12 zł)" computerName="DESKTOP-5URQ9PB" duration="00:00:00.0000064" startTime="2022-06-13T21:12:18.3879704+02:00" endTime="2022-06-13T21:12:18.3880478+02:00" testType="13cdc9d9-ddb5-4fa4-a97d-d965ccfc6d4b" outcome="Passed" testListId="8c84fa94-04c1-424b-9868-57a2d4851a1d" relativeResultsDirectory="74a9aff5-bf2b-4bd1-8380-8441eb0da4cc" />
    <UnitTestResult executionId="4c5bbcef-fa41-48fe-b7af-f4cb1c256465" testId="bb6028fb-a565-4e45-aba4-9a4f3b88218b" testName="FormatToStringTest1000 (45739.569854490255,45739.57 zł)" computerName="DESKTOP-5URQ9PB" duration="00:00:00.0000062" startTime="2022-06-13T21:12:18.5842917+02:00" endTime="2022-06-13T21:12:18.5843563+02:00" testType="13cdc9d9-ddb5-4fa4-a97d-d965ccfc6d4b" outcome="Passed" testListId="8c84fa94-04c1-424b-9868-57a2d4851a1d" relativeResultsDirectory="4c5bbcef-fa41-48fe-b7af-f4cb1c256465" />
    <UnitTestResult executionId="b4e36df3-9055-4745-b69b-934509d61e72" testId="f10c6e03-1b20-4ee9-b536-5ab1347d5fc1" testName="FormatToStringTest1000 (5254.6338787505565,5254.63 zł)" computerName="DESKTOP-5URQ9PB" duration="00:00:00.0000062" startTime="2022-06-13T21:12:18.5647202+02:00" endTime="2022-06-13T21:12:18.5647855+02:00" testType="13cdc9d9-ddb5-4fa4-a97d-d965ccfc6d4b" outcome="Passed" testListId="8c84fa94-04c1-424b-9868-57a2d4851a1d" relativeResultsDirectory="b4e36df3-9055-4745-b69b-934509d61e72" />
    <UnitTestResult executionId="68e3114f-e19a-44cb-adb0-3c5f78010e2a" testId="3240fbfe-2409-4c5b-8395-5bca79c22ddd" testName="FormatToStringTest1000 (5507.360659962688,5507.36 zł)" computerName="DESKTOP-5URQ9PB" duration="00:00:00.0000062" startTime="2022-06-13T21:12:18.6146666+02:00" endTime="2022-06-13T21:12:18.6147307+02:00" testType="13cdc9d9-ddb5-4fa4-a97d-d965ccfc6d4b" outcome="Passed" testListId="8c84fa94-04c1-424b-9868-57a2d4851a1d" relativeResultsDirectory="68e3114f-e19a-44cb-adb0-3c5f78010e2a" />
    <UnitTestResult executionId="4a9e15c2-4937-470a-a01c-4ada1637351b" testId="ece3f968-f831-4410-b790-de13ac4a3faa" testName="FormatToStringTest1000 (23174.85693288448,23174.86 zł)" computerName="DESKTOP-5URQ9PB" duration="00:00:00.0000063" startTime="2022-06-13T21:12:18.4367156+02:00" endTime="2022-06-13T21:12:18.4367820+02:00" testType="13cdc9d9-ddb5-4fa4-a97d-d965ccfc6d4b" outcome="Passed" testListId="8c84fa94-04c1-424b-9868-57a2d4851a1d" relativeResultsDirectory="4a9e15c2-4937-470a-a01c-4ada1637351b" />
    <UnitTestResult executionId="31d6c8eb-4bde-4834-b683-8d4f2d32db3f" testId="a0e28808-7c01-4064-9376-62cb8ab85d4a" testName="FormatToStringTest1000 (46607.970025941715,46607.97 zł)" computerName="DESKTOP-5URQ9PB" duration="00:00:00.0000065" startTime="2022-06-13T21:12:18.4335674+02:00" endTime="2022-06-13T21:12:18.4336341+02:00" testType="13cdc9d9-ddb5-4fa4-a97d-d965ccfc6d4b" outcome="Passed" testListId="8c84fa94-04c1-424b-9868-57a2d4851a1d" relativeResultsDirectory="31d6c8eb-4bde-4834-b683-8d4f2d32db3f" />
    <UnitTestResult executionId="8df8e376-e7a5-4de5-ab05-bde2af8928ea" testId="548e681c-3e37-442d-a859-8fe48cddbd79" testName="FormatToStringTest1000 (5108.217389855635,5108.22 zł)" computerName="DESKTOP-5URQ9PB" duration="00:00:00.0000062" startTime="2022-06-13T21:12:18.4080346+02:00" endTime="2022-06-13T21:12:18.4081015+02:00" testType="13cdc9d9-ddb5-4fa4-a97d-d965ccfc6d4b" outcome="Passed" testListId="8c84fa94-04c1-424b-9868-57a2d4851a1d" relativeResultsDirectory="8df8e376-e7a5-4de5-ab05-bde2af8928ea" />
    <UnitTestResult executionId="da4e5652-e11e-459b-93bf-93f9476ace2a" testId="e1aa9c4d-fb47-4e91-86f8-4691e2d95957" testName="FormatToStringTest1000 (25036.98767214035,25036.99 zł)" computerName="DESKTOP-5URQ9PB" duration="00:00:00.0000145" startTime="2022-06-13T21:12:18.3560046+02:00" endTime="2022-06-13T21:12:18.3561814+02:00" testType="13cdc9d9-ddb5-4fa4-a97d-d965ccfc6d4b" outcome="Passed" testListId="8c84fa94-04c1-424b-9868-57a2d4851a1d" relativeResultsDirectory="da4e5652-e11e-459b-93bf-93f9476ace2a" />
    <UnitTestResult executionId="46484a46-449b-4b38-8a55-1fea067dbc28" testId="30892335-bc13-42eb-8c2e-8926c74e1e62" testName="FormatToStringTest1000 (31799.68317462815,31799.68 zł)" computerName="DESKTOP-5URQ9PB" duration="00:00:00.0000406" startTime="2022-06-13T21:12:18.4999174+02:00" endTime="2022-06-13T21:12:18.5001798+02:00" testType="13cdc9d9-ddb5-4fa4-a97d-d965ccfc6d4b" outcome="Passed" testListId="8c84fa94-04c1-424b-9868-57a2d4851a1d" relativeResultsDirectory="46484a46-449b-4b38-8a55-1fea067dbc28" />
    <UnitTestResult executionId="49adfbb7-f4c8-4a97-85c5-42e942afeb53" testId="3d45e895-4889-4f07-af8a-79c8cf1f8def" testName="FormatToStringTest1000 (9558.453124931293,9558.45 zł)" computerName="DESKTOP-5URQ9PB" duration="00:00:00.0000063" startTime="2022-06-13T21:12:18.3742876+02:00" endTime="2022-06-13T21:12:18.3743536+02:00" testType="13cdc9d9-ddb5-4fa4-a97d-d965ccfc6d4b" outcome="Passed" testListId="8c84fa94-04c1-424b-9868-57a2d4851a1d" relativeResultsDirectory="49adfbb7-f4c8-4a97-85c5-42e942afeb53" />
    <UnitTestResult executionId="f6fb39a3-c095-4edd-8e8e-4d860b6f87ce" testId="c67270e8-b432-4528-a733-3d0059da5245" testName="FormatToStringTest1000 (79.6815319544084,79.68 zł)" computerName="DESKTOP-5URQ9PB" duration="00:00:00.0000169" startTime="2022-06-13T21:12:18.2773926+02:00" endTime="2022-06-13T21:12:18.2775688+02:00" testType="13cdc9d9-ddb5-4fa4-a97d-d965ccfc6d4b" outcome="Passed" testListId="8c84fa94-04c1-424b-9868-57a2d4851a1d" relativeResultsDirectory="f6fb39a3-c095-4edd-8e8e-4d860b6f87ce" />
    <UnitTestResult executionId="a6e49211-0d21-4dc7-9000-cd57aeacc459" testId="ac2f666f-cacd-454d-bd08-b0a8a5c353c0" testName="FormatToStringTest1000 (12379.347974640013,12379.35 zł)" computerName="DESKTOP-5URQ9PB" duration="00:00:00.0000070" startTime="2022-06-13T21:12:18.6170365+02:00" endTime="2022-06-13T21:12:18.6171128+02:00" testType="13cdc9d9-ddb5-4fa4-a97d-d965ccfc6d4b" outcome="Passed" testListId="8c84fa94-04c1-424b-9868-57a2d4851a1d" relativeResultsDirectory="a6e49211-0d21-4dc7-9000-cd57aeacc459" />
    <UnitTestResult executionId="a6df8be5-0c8e-4be8-af86-bad42dc6a6ab" testId="3d576727-53bf-42d0-9f9e-7dfe4cf58d68" testName="FormatToStringTest1000 (26686.08488193065,26686.08 zł)" computerName="DESKTOP-5URQ9PB" duration="00:00:00.0000434" startTime="2022-06-13T21:12:18.5041011+02:00" endTime="2022-06-13T21:12:18.5043822+02:00" testType="13cdc9d9-ddb5-4fa4-a97d-d965ccfc6d4b" outcome="Passed" testListId="8c84fa94-04c1-424b-9868-57a2d4851a1d" relativeResultsDirectory="a6df8be5-0c8e-4be8-af86-bad42dc6a6ab" />
    <UnitTestResult executionId="b3eed814-c21f-4829-a9c9-168ed9c1983a" testId="12d4e1a5-0dba-458a-ab08-0f41189d7210" testName="FormatToStringTest1000 (12187.551827252633,12187.55 zł)" computerName="DESKTOP-5URQ9PB" duration="00:00:00.0000070" startTime="2022-06-13T21:12:18.3637468+02:00" endTime="2022-06-13T21:12:18.3638168+02:00" testType="13cdc9d9-ddb5-4fa4-a97d-d965ccfc6d4b" outcome="Passed" testListId="8c84fa94-04c1-424b-9868-57a2d4851a1d" relativeResultsDirectory="b3eed814-c21f-4829-a9c9-168ed9c1983a" />
    <UnitTestResult executionId="b4b2b4bd-ad54-46a0-9f3a-c8c735d0e3a0" testId="aa901647-0c02-4c1a-b05f-488abfb3b098" testName="FormatToStringTest1000 (76106.57198894516,76106.57 zł)" computerName="DESKTOP-5URQ9PB" duration="00:00:00.0000062" startTime="2022-06-13T21:12:18.6336003+02:00" endTime="2022-06-13T21:12:18.6336650+02:00" testType="13cdc9d9-ddb5-4fa4-a97d-d965ccfc6d4b" outcome="Passed" testListId="8c84fa94-04c1-424b-9868-57a2d4851a1d" relativeResultsDirectory="b4b2b4bd-ad54-46a0-9f3a-c8c735d0e3a0" />
    <UnitTestResult executionId="e06ae449-97e5-44d5-8902-eac392c073dc" testId="267098f5-6fe6-4e28-af35-cae2a7d752ff" testName="FormatToStringTest1000 (68174.53068551492,68174.53 zł)" computerName="DESKTOP-5URQ9PB" duration="00:00:00.0000062" startTime="2022-06-13T21:12:18.5897847+02:00" endTime="2022-06-13T21:12:18.5898485+02:00" testType="13cdc9d9-ddb5-4fa4-a97d-d965ccfc6d4b" outcome="Passed" testListId="8c84fa94-04c1-424b-9868-57a2d4851a1d" relativeResultsDirectory="e06ae449-97e5-44d5-8902-eac392c073dc" />
    <UnitTestResult executionId="a1ad5468-6c35-4ef7-9639-b2b085a58dc6" testId="97620157-6e8f-4596-bc0c-2f80c2abce99" testName="FormatToStringTest1000 (66541.05112730109,66541.05 zł)" computerName="DESKTOP-5URQ9PB" duration="00:00:00.0000069" startTime="2022-06-13T21:12:18.6333552+02:00" endTime="2022-06-13T21:12:18.6334202+02:00" testType="13cdc9d9-ddb5-4fa4-a97d-d965ccfc6d4b" outcome="Passed" testListId="8c84fa94-04c1-424b-9868-57a2d4851a1d" relativeResultsDirectory="a1ad5468-6c35-4ef7-9639-b2b085a58dc6" />
    <UnitTestResult executionId="0a6de96c-43ba-47f8-b337-a9c907bbb3d9" testId="1bcaebc4-b76e-42f7-b809-defef03c024a" testName="FormatToStringTest1000 (21728.91641959963,21728.92 zł)" computerName="DESKTOP-5URQ9PB" duration="00:00:00.0000063" startTime="2022-06-13T21:12:18.6387232+02:00" endTime="2022-06-13T21:12:18.6387887+02:00" testType="13cdc9d9-ddb5-4fa4-a97d-d965ccfc6d4b" outcome="Passed" testListId="8c84fa94-04c1-424b-9868-57a2d4851a1d" relativeResultsDirectory="0a6de96c-43ba-47f8-b337-a9c907bbb3d9" />
    <UnitTestResult executionId="1abcf9e8-08ca-490a-8bfb-fce06dfbaad5" testId="a8671060-d0cc-40c7-bdc2-db2ffe31b609" testName="FormatToStringTest1000 (40857.08543233996,40857.09 zł)" computerName="DESKTOP-5URQ9PB" duration="00:00:00.0000076" startTime="2022-06-13T21:12:18.2992835+02:00" endTime="2022-06-13T21:12:18.2993621+02:00" testType="13cdc9d9-ddb5-4fa4-a97d-d965ccfc6d4b" outcome="Passed" testListId="8c84fa94-04c1-424b-9868-57a2d4851a1d" relativeResultsDirectory="1abcf9e8-08ca-490a-8bfb-fce06dfbaad5" />
    <UnitTestResult executionId="7d8ee9fe-6177-4714-98eb-401848074955" testId="cae5deb5-4550-4489-bc26-fd26811008fd" testName="FormatToStringTest1000 (397.6461894566408,397.65 zł)" computerName="DESKTOP-5URQ9PB" duration="00:00:00.0000063" startTime="2022-06-13T21:12:18.5846988+02:00" endTime="2022-06-13T21:12:18.5847627+02:00" testType="13cdc9d9-ddb5-4fa4-a97d-d965ccfc6d4b" outcome="Passed" testListId="8c84fa94-04c1-424b-9868-57a2d4851a1d" relativeResultsDirectory="7d8ee9fe-6177-4714-98eb-401848074955" />
    <UnitTestResult executionId="b8d512c4-91ed-4e73-9d9e-68cc2c1bdc7a" testId="55f5f4cd-d69b-420f-809c-3ecc509a574c" testName="FormatToStringTest1000 (1482.3501845832682,1482.35 zł)" computerName="DESKTOP-5URQ9PB" duration="00:00:00.0000063" startTime="2022-06-13T21:12:18.5820704+02:00" endTime="2022-06-13T21:12:18.5821340+02:00" testType="13cdc9d9-ddb5-4fa4-a97d-d965ccfc6d4b" outcome="Passed" testListId="8c84fa94-04c1-424b-9868-57a2d4851a1d" relativeResultsDirectory="b8d512c4-91ed-4e73-9d9e-68cc2c1bdc7a" />
    <UnitTestResult executionId="90f1077b-67da-4049-ab13-54755c957e9c" testId="bcec5d0e-dbeb-4d91-87d1-7aa61b398ada" testName="FormatToStringTest1000 (17835.54606576988,17835.55 zł)" computerName="DESKTOP-5URQ9PB" duration="00:00:00.0000063" startTime="2022-06-13T21:12:18.3167304+02:00" endTime="2022-06-13T21:12:18.3167981+02:00" testType="13cdc9d9-ddb5-4fa4-a97d-d965ccfc6d4b" outcome="Passed" testListId="8c84fa94-04c1-424b-9868-57a2d4851a1d" relativeResultsDirectory="90f1077b-67da-4049-ab13-54755c957e9c" />
    <UnitTestResult executionId="0076e8fd-c450-4218-ba2b-9274bc76755e" testId="0477aa26-4167-4ea5-9019-be051d26a2a0" testName="FormatToStringTest1000 (22153.282278674324,22153.28 zł)" computerName="DESKTOP-5URQ9PB" duration="00:00:00.0000063" startTime="2022-06-13T21:12:18.4136494+02:00" endTime="2022-06-13T21:12:18.4137158+02:00" testType="13cdc9d9-ddb5-4fa4-a97d-d965ccfc6d4b" outcome="Passed" testListId="8c84fa94-04c1-424b-9868-57a2d4851a1d" relativeResultsDirectory="0076e8fd-c450-4218-ba2b-9274bc76755e" />
    <UnitTestResult executionId="bdab658c-17c7-4681-b90e-776d2df5ba0d" testId="ed87f447-3ffc-4ce8-91dc-ba91456db744" testName="FormatToStringTest1000 (8347.417790138823,8347.42 zł)" computerName="DESKTOP-5URQ9PB" duration="00:00:00.0000069" startTime="2022-06-13T21:12:18.5511141+02:00" endTime="2022-06-13T21:12:18.5511783+02:00" testType="13cdc9d9-ddb5-4fa4-a97d-d965ccfc6d4b" outcome="Passed" testListId="8c84fa94-04c1-424b-9868-57a2d4851a1d" relativeResultsDirectory="bdab658c-17c7-4681-b90e-776d2df5ba0d" />
    <UnitTestResult executionId="cbe6369f-edcc-46df-b653-fb3032c9cfe0" testId="291c4b5e-b78c-41e1-ae84-7890f41268ff" testName="FormatToStringTest1000 (44065.726815678056,44065.73 zł)" computerName="DESKTOP-5URQ9PB" duration="00:00:00.0000065" startTime="2022-06-13T21:12:18.3807708+02:00" endTime="2022-06-13T21:12:18.3808474+02:00" testType="13cdc9d9-ddb5-4fa4-a97d-d965ccfc6d4b" outcome="Passed" testListId="8c84fa94-04c1-424b-9868-57a2d4851a1d" relativeResultsDirectory="cbe6369f-edcc-46df-b653-fb3032c9cfe0" />
    <UnitTestResult executionId="79cb9a28-cbcd-437a-a419-54dbdb0ef497" testId="d7a737f8-6fb6-46c0-b4c0-caafa92e1bd7" testName="FormatToStringTest1000 (15822.278766386342,15822.28 zł)" computerName="DESKTOP-5URQ9PB" duration="00:00:00.0000063" startTime="2022-06-13T21:12:18.4015616+02:00" endTime="2022-06-13T21:12:18.4016278+02:00" testType="13cdc9d9-ddb5-4fa4-a97d-d965ccfc6d4b" outcome="Passed" testListId="8c84fa94-04c1-424b-9868-57a2d4851a1d" relativeResultsDirectory="79cb9a28-cbcd-437a-a419-54dbdb0ef497" />
    <UnitTestResult executionId="435cdb9b-f6d5-48aa-a4cc-4129a2178e3f" testId="19615e69-1302-4b32-b6ce-9f27393abdc1" testName="FormatToStringTest1000 (66053.95451852398,66053.95 zł)" computerName="DESKTOP-5URQ9PB" duration="00:00:00.0000065" startTime="2022-06-13T21:12:18.4498593+02:00" endTime="2022-06-13T21:12:18.4499325+02:00" testType="13cdc9d9-ddb5-4fa4-a97d-d965ccfc6d4b" outcome="Passed" testListId="8c84fa94-04c1-424b-9868-57a2d4851a1d" relativeResultsDirectory="435cdb9b-f6d5-48aa-a4cc-4129a2178e3f" />
    <UnitTestResult executionId="30d1b174-7488-4fce-855a-6a514080318b" testId="7c1fdf61-74a1-4a61-bfa6-112bfb6056f6" testName="FormatToStringTest1000 (7621.507806692509,7621.51 zł)" computerName="DESKTOP-5URQ9PB" duration="00:00:00.0000062" startTime="2022-06-13T21:12:18.4363807+02:00" endTime="2022-06-13T21:12:18.4364467+02:00" testType="13cdc9d9-ddb5-4fa4-a97d-d965ccfc6d4b" outcome="Passed" testListId="8c84fa94-04c1-424b-9868-57a2d4851a1d" relativeResultsDirectory="30d1b174-7488-4fce-855a-6a514080318b" />
    <UnitTestResult executionId="8b4e465f-7fa6-4973-b839-a4c904ec71c1" testId="b39b02d1-4d64-40e4-932e-821feb3dc3ba" testName="FormatToStringTest1000 (14910.573044539697,14910.57 zł)" computerName="DESKTOP-5URQ9PB" duration="00:00:00.0000063" startTime="2022-06-13T21:12:18.6388057+02:00" endTime="2022-06-13T21:12:18.6388714+02:00" testType="13cdc9d9-ddb5-4fa4-a97d-d965ccfc6d4b" outcome="Passed" testListId="8c84fa94-04c1-424b-9868-57a2d4851a1d" relativeResultsDirectory="8b4e465f-7fa6-4973-b839-a4c904ec71c1" />
    <UnitTestResult executionId="cb390a51-2412-4d34-b43d-671395b0fca6" testId="9ded3bf6-3950-40fd-b043-70a2387a51dc" testName="FormatToStringTest1000 (19006.315459580772,19006.32 zł)" computerName="DESKTOP-5URQ9PB" duration="00:00:00.0000062" startTime="2022-06-13T21:12:18.4396824+02:00" endTime="2022-06-13T21:12:18.4397493+02:00" testType="13cdc9d9-ddb5-4fa4-a97d-d965ccfc6d4b" outcome="Passed" testListId="8c84fa94-04c1-424b-9868-57a2d4851a1d" relativeResultsDirectory="cb390a51-2412-4d34-b43d-671395b0fca6" />
    <UnitTestResult executionId="d5459e2b-312f-433c-a65c-5140343bf71e" testId="c0ed08de-bc3c-4884-a7f5-53bf2f815911" testName="FormatToStringTest1000 (11904.111251175456,11904.11 zł)" computerName="DESKTOP-5URQ9PB" duration="00:00:00.0000063" startTime="2022-06-13T21:12:18.3564833+02:00" endTime="2022-06-13T21:12:18.3565512+02:00" testType="13cdc9d9-ddb5-4fa4-a97d-d965ccfc6d4b" outcome="Passed" testListId="8c84fa94-04c1-424b-9868-57a2d4851a1d" relativeResultsDirectory="d5459e2b-312f-433c-a65c-5140343bf71e" />
    <UnitTestResult executionId="2555cd5c-44f9-4843-91b7-883c2c6f23c1" testId="9aea9390-2f0e-431a-8829-2fc54d07663e" testName="FormatToStringTest1000 (8599.45217413616,8599.45 zł)" computerName="DESKTOP-5URQ9PB" duration="00:00:00.0000068" startTime="2022-06-13T21:12:18.3380363+02:00" endTime="2022-06-13T21:12:18.3381085+02:00" testType="13cdc9d9-ddb5-4fa4-a97d-d965ccfc6d4b" outcome="Passed" testListId="8c84fa94-04c1-424b-9868-57a2d4851a1d" relativeResultsDirectory="2555cd5c-44f9-4843-91b7-883c2c6f23c1" />
    <UnitTestResult executionId="6a8184e7-4d90-4ad6-a8d4-dc738a606dcc" testId="66c82926-4f8a-46a5-bfa0-f4f440420c36" testName="FormatToStringTest1000 (12221.10494323592,12221.10 zł)" computerName="DESKTOP-5URQ9PB" duration="00:00:00.0000064" startTime="2022-06-13T21:12:18.3172433+02:00" endTime="2022-06-13T21:12:18.3173104+02:00" testType="13cdc9d9-ddb5-4fa4-a97d-d965ccfc6d4b" outcome="Passed" testListId="8c84fa94-04c1-424b-9868-57a2d4851a1d" relativeResultsDirectory="6a8184e7-4d90-4ad6-a8d4-dc738a606dcc" />
    <UnitTestResult executionId="1caf6d46-e9d4-4f30-a094-9d6999695129" testId="41ca398c-56bb-4142-a92f-6eef61827ed3" testName="FormatToStringTest1000 (3521.3657738167635,3521.37 zł)" computerName="DESKTOP-5URQ9PB" duration="00:00:00.0000065" startTime="2022-06-13T21:12:18.2997621+02:00" endTime="2022-06-13T21:12:18.2998353+02:00" testType="13cdc9d9-ddb5-4fa4-a97d-d965ccfc6d4b" outcome="Passed" testListId="8c84fa94-04c1-424b-9868-57a2d4851a1d" relativeResultsDirectory="1caf6d46-e9d4-4f30-a094-9d6999695129" />
    <UnitTestResult executionId="2078aed1-07d2-41a0-9b9a-f6436656560a" testId="d498d154-018b-4943-8512-2ef2c67c5212" testName="FormatToStringTest1000 (823.2747994560166,823.27 zł)" computerName="DESKTOP-5URQ9PB" duration="00:00:00.0000063" startTime="2022-06-13T21:12:18.5667744+02:00" endTime="2022-06-13T21:12:18.5668392+02:00" testType="13cdc9d9-ddb5-4fa4-a97d-d965ccfc6d4b" outcome="Passed" testListId="8c84fa94-04c1-424b-9868-57a2d4851a1d" relativeResultsDirectory="2078aed1-07d2-41a0-9b9a-f6436656560a" />
    <UnitTestResult executionId="cf9be98f-af10-4b36-8c00-d110072e1222" testId="05173bd0-4878-44d7-971e-59600b131273" testName="FormatToStringTest1000 (39314.52353688401,39314.52 zł)" computerName="DESKTOP-5URQ9PB" duration="00:00:00.0000062" startTime="2022-06-13T21:12:18.5484599+02:00" endTime="2022-06-13T21:12:18.5485247+02:00" testType="13cdc9d9-ddb5-4fa4-a97d-d965ccfc6d4b" outcome="Passed" testListId="8c84fa94-04c1-424b-9868-57a2d4851a1d" relativeResultsDirectory="cf9be98f-af10-4b36-8c00-d110072e1222" />
    <UnitTestResult executionId="7676c143-dd5d-4c92-9c69-22ba1b7fe56e" testId="dc936bbb-0a67-4bde-809e-55088c0afb46" testName="FormatToStringTest1000 (14137.400697779563,14137.40 zł)" computerName="DESKTOP-5URQ9PB" duration="00:00:00.0000062" startTime="2022-06-13T21:12:18.6358237+02:00" endTime="2022-06-13T21:12:18.6358934+02:00" testType="13cdc9d9-ddb5-4fa4-a97d-d965ccfc6d4b" outcome="Passed" testListId="8c84fa94-04c1-424b-9868-57a2d4851a1d" relativeResultsDirectory="7676c143-dd5d-4c92-9c69-22ba1b7fe56e" />
    <UnitTestResult executionId="5023c863-fd8a-433b-a6b5-e06a83b0d2ff" testId="95d72d7f-8781-4ac0-8f7d-0d49ec7cd03a" testName="FormatToStringTest1000 (12831.146874380833,12831.15 zł)" computerName="DESKTOP-5URQ9PB" duration="00:00:00.0000063" startTime="2022-06-13T21:12:18.4364643+02:00" endTime="2022-06-13T21:12:18.4365308+02:00" testType="13cdc9d9-ddb5-4fa4-a97d-d965ccfc6d4b" outcome="Passed" testListId="8c84fa94-04c1-424b-9868-57a2d4851a1d" relativeResultsDirectory="5023c863-fd8a-433b-a6b5-e06a83b0d2ff" />
    <UnitTestResult executionId="f2ffdb03-3c65-47e0-b48b-bb4c9e592596" testId="51d89889-75ef-404d-a73d-7e57e97500c7" testName="FormatToStringTest1000 (33245.44763357819,33245.45 zł)" computerName="DESKTOP-5URQ9PB" duration="00:00:00.0000064" startTime="2022-06-13T21:12:18.4210595+02:00" endTime="2022-06-13T21:12:18.4211271+02:00" testType="13cdc9d9-ddb5-4fa4-a97d-d965ccfc6d4b" outcome="Passed" testListId="8c84fa94-04c1-424b-9868-57a2d4851a1d" relativeResultsDirectory="f2ffdb03-3c65-47e0-b48b-bb4c9e592596" />
    <UnitTestResult executionId="c184a3ec-b44d-46ee-8929-aa3a56655f9b" testId="3cc49a33-94ee-46bb-be82-d9565765ec00" testName="FormatToStringTest1000 (5279.315995182524,5279.32 zł)" computerName="DESKTOP-5URQ9PB" duration="00:00:00.0000607" startTime="2022-06-13T21:12:18.4803998+02:00" endTime="2022-06-13T21:12:18.4814287+02:00" testType="13cdc9d9-ddb5-4fa4-a97d-d965ccfc6d4b" outcome="Passed" testListId="8c84fa94-04c1-424b-9868-57a2d4851a1d" relativeResultsDirectory="c184a3ec-b44d-46ee-8929-aa3a56655f9b" />
    <UnitTestResult executionId="b6980acf-ecc2-4cd0-bc83-e58e0c7ca5b9" testId="8a98da07-08a6-4e54-bf3f-f779cbd75409" testName="FormatToStringTest1000 (16673.5121774904,16673.51 zł)" computerName="DESKTOP-5URQ9PB" duration="00:00:00.0000065" startTime="2022-06-13T21:12:18.4270799+02:00" endTime="2022-06-13T21:12:18.4271452+02:00" testType="13cdc9d9-ddb5-4fa4-a97d-d965ccfc6d4b" outcome="Passed" testListId="8c84fa94-04c1-424b-9868-57a2d4851a1d" relativeResultsDirectory="b6980acf-ecc2-4cd0-bc83-e58e0c7ca5b9" />
    <UnitTestResult executionId="01b8f971-cc15-400a-ba28-6faa7cf715d0" testId="04275662-31f3-48f8-a40d-753cf77d08dd" testName="FormatToStringTest1000 (19352.183340702755,19352.18 zł)" computerName="DESKTOP-5URQ9PB" duration="00:00:00.0000065" startTime="2022-06-13T21:12:18.3328672+02:00" endTime="2022-06-13T21:12:18.3329399+02:00" testType="13cdc9d9-ddb5-4fa4-a97d-d965ccfc6d4b" outcome="Passed" testListId="8c84fa94-04c1-424b-9868-57a2d4851a1d" relativeResultsDirectory="01b8f971-cc15-400a-ba28-6faa7cf715d0" />
    <UnitTestResult executionId="55968f98-8c61-4d57-8d21-38b8722abfe2" testId="58e7522f-8948-4501-a32b-c66b71b4e022" testName="FormatToStringTest1000 (63507.32603545455,63507.33 zł)" computerName="DESKTOP-5URQ9PB" duration="00:00:00.0000063" startTime="2022-06-13T21:12:18.3033166+02:00" endTime="2022-06-13T21:12:18.3033886+02:00" testType="13cdc9d9-ddb5-4fa4-a97d-d965ccfc6d4b" outcome="Passed" testListId="8c84fa94-04c1-424b-9868-57a2d4851a1d" relativeResultsDirectory="55968f98-8c61-4d57-8d21-38b8722abfe2" />
    <UnitTestResult executionId="02c3b424-8075-43b1-aff0-a560042fb8a9" testId="2f499dcb-1a5c-4f54-8976-8e2aca06c1cf" testName="FormatToStringTest1000 (3195.202943510936,3195.20 zł)" computerName="DESKTOP-5URQ9PB" duration="00:00:00.0000062" startTime="2022-06-13T21:12:18.3953631+02:00" endTime="2022-06-13T21:12:18.3954307+02:00" testType="13cdc9d9-ddb5-4fa4-a97d-d965ccfc6d4b" outcome="Passed" testListId="8c84fa94-04c1-424b-9868-57a2d4851a1d" relativeResultsDirectory="02c3b424-8075-43b1-aff0-a560042fb8a9" />
    <UnitTestResult executionId="04ae2077-7f85-4116-af8e-b7c00a531d88" testId="987f5044-911a-43cd-a6ac-267938728057" testName="FormatToStringTest1000 (9765.54450809748,9765.54 zł)" computerName="DESKTOP-5URQ9PB" duration="00:00:00.0000065" startTime="2022-06-13T21:12:18.3568227+02:00" endTime="2022-06-13T21:12:18.3568874+02:00" testType="13cdc9d9-ddb5-4fa4-a97d-d965ccfc6d4b" outcome="Passed" testListId="8c84fa94-04c1-424b-9868-57a2d4851a1d" relativeResultsDirectory="04ae2077-7f85-4116-af8e-b7c00a531d88" />
    <UnitTestResult executionId="e838fea3-4cb9-487e-943b-bfeb9ec7194c" testId="9dffaa95-d1ad-4345-9d93-c8e2eb0d10f2" testName="FormatToStringTest1000 (34062.88803158276,34062.89 zł)" computerName="DESKTOP-5URQ9PB" duration="00:00:00.0000063" startTime="2022-06-13T21:12:18.6041164+02:00" endTime="2022-06-13T21:12:18.6041813+02:00" testType="13cdc9d9-ddb5-4fa4-a97d-d965ccfc6d4b" outcome="Passed" testListId="8c84fa94-04c1-424b-9868-57a2d4851a1d" relativeResultsDirectory="e838fea3-4cb9-487e-943b-bfeb9ec7194c" />
    <UnitTestResult executionId="ce78d854-3e4c-4b1e-ab78-e810bc879ae7" testId="fb076580-f3ae-4da4-bbb6-83a1c1773921" testName="FormatToStringTest1000 (41915.7945284563,41915.79 zł)" computerName="DESKTOP-5URQ9PB" duration="00:00:00.0000063" startTime="2022-06-13T21:12:18.5593420+02:00" endTime="2022-06-13T21:12:18.5594042+02:00" testType="13cdc9d9-ddb5-4fa4-a97d-d965ccfc6d4b" outcome="Passed" testListId="8c84fa94-04c1-424b-9868-57a2d4851a1d" relativeResultsDirectory="ce78d854-3e4c-4b1e-ab78-e810bc879ae7" />
    <UnitTestResult executionId="40d2ab64-3ed8-4eff-8491-120bb026d0b6" testId="a52a53bf-614c-4fa8-8eac-149d9de10b73" testName="FormatToStringTest1000 (643.3550376181281,643.36 zł)" computerName="DESKTOP-5URQ9PB" duration="00:00:00.0000062" startTime="2022-06-13T21:12:18.5448022+02:00" endTime="2022-06-13T21:12:18.5448732+02:00" testType="13cdc9d9-ddb5-4fa4-a97d-d965ccfc6d4b" outcome="Passed" testListId="8c84fa94-04c1-424b-9868-57a2d4851a1d" relativeResultsDirectory="40d2ab64-3ed8-4eff-8491-120bb026d0b6" />
    <UnitTestResult executionId="276f2bad-882c-4bde-a06b-cd1208c3e668" testId="a2d55eb6-a0e7-4915-8fe1-3ffc10a13d34" testName="FormatToStringTest1000 (8901.937138443784,8901.94 zł)" computerName="DESKTOP-5URQ9PB" duration="00:00:00.0000063" startTime="2022-06-13T21:12:18.4717727+02:00" endTime="2022-06-13T21:12:18.4718394+02:00" testType="13cdc9d9-ddb5-4fa4-a97d-d965ccfc6d4b" outcome="Passed" testListId="8c84fa94-04c1-424b-9868-57a2d4851a1d" relativeResultsDirectory="276f2bad-882c-4bde-a06b-cd1208c3e668" />
    <UnitTestResult executionId="c9bd889c-a8f4-4529-9076-05c35557a30c" testId="21ced913-1d42-4e1e-86fd-628637e230f5" testName="FormatToStringTest1000 (20237.28532723723,20237.29 zł)" computerName="DESKTOP-5URQ9PB" duration="00:00:00.0000064" startTime="2022-06-13T21:12:18.4503736+02:00" endTime="2022-06-13T21:12:18.4504398+02:00" testType="13cdc9d9-ddb5-4fa4-a97d-d965ccfc6d4b" outcome="Passed" testListId="8c84fa94-04c1-424b-9868-57a2d4851a1d" relativeResultsDirectory="c9bd889c-a8f4-4529-9076-05c35557a30c" />
    <UnitTestResult executionId="bd2a3df4-119a-4ae5-8d92-56317829114a" testId="014aceae-f4c9-4821-9031-1b01c0de3a6f" testName="FormatToStringTest1000 (7594.279030504766,7594.28 zł)" computerName="DESKTOP-5URQ9PB" duration="00:00:00.0000062" startTime="2022-06-13T21:12:18.2905549+02:00" endTime="2022-06-13T21:12:18.2906208+02:00" testType="13cdc9d9-ddb5-4fa4-a97d-d965ccfc6d4b" outcome="Passed" testListId="8c84fa94-04c1-424b-9868-57a2d4851a1d" relativeResultsDirectory="bd2a3df4-119a-4ae5-8d92-56317829114a" />
    <UnitTestResult executionId="739789ea-6998-44c4-aba2-671f375a5727" testId="978342b8-7d3e-4493-b42a-324573b4d4c9" testName="FormatToStringTest1000 (57525.72988993569,57525.73 zł)" computerName="DESKTOP-5URQ9PB" duration="00:00:00.0000255" startTime="2022-06-13T21:12:18.4937100+02:00" endTime="2022-06-13T21:12:18.4938816+02:00" testType="13cdc9d9-ddb5-4fa4-a97d-d965ccfc6d4b" outcome="Passed" testListId="8c84fa94-04c1-424b-9868-57a2d4851a1d" relativeResultsDirectory="739789ea-6998-44c4-aba2-671f375a5727" />
    <UnitTestResult executionId="008a0b7d-733d-4764-b60e-fa86bc36affc" testId="403af0dc-cf6c-4fd7-989f-2f997b510e65" testName="FormatToStringTest1000 (19397.344749736294,19397.34 zł)" computerName="DESKTOP-5URQ9PB" duration="00:00:00.0000061" startTime="2022-06-13T21:12:18.6071450+02:00" endTime="2022-06-13T21:12:18.6072094+02:00" testType="13cdc9d9-ddb5-4fa4-a97d-d965ccfc6d4b" outcome="Passed" testListId="8c84fa94-04c1-424b-9868-57a2d4851a1d" relativeResultsDirectory="008a0b7d-733d-4764-b60e-fa86bc36affc" />
    <UnitTestResult executionId="fd0a70f6-a25d-4735-b785-654f4bb5ee9b" testId="df1e7b02-978f-4b13-89a8-654f1d95275a" testName="FormatToStringTest1000 (34096.337879508894,34096.34 zł)" computerName="DESKTOP-5URQ9PB" duration="00:00:00.0000067" startTime="2022-06-13T21:12:18.2938469+02:00" endTime="2022-06-13T21:12:18.2939249+02:00" testType="13cdc9d9-ddb5-4fa4-a97d-d965ccfc6d4b" outcome="Passed" testListId="8c84fa94-04c1-424b-9868-57a2d4851a1d" relativeResultsDirectory="fd0a70f6-a25d-4735-b785-654f4bb5ee9b" />
    <UnitTestResult executionId="0d866748-0af6-4564-9b8e-c06fdcf8bde4" testId="bbdd22c2-a384-4dd9-be67-5a7db3804e9a" testName="FormatToStringTest1000 (76751.79413498091,76751.79 zł)" computerName="DESKTOP-5URQ9PB" duration="00:00:00.0000062" startTime="2022-06-13T21:12:18.4593974+02:00" endTime="2022-06-13T21:12:18.4594636+02:00" testType="13cdc9d9-ddb5-4fa4-a97d-d965ccfc6d4b" outcome="Passed" testListId="8c84fa94-04c1-424b-9868-57a2d4851a1d" relativeResultsDirectory="0d866748-0af6-4564-9b8e-c06fdcf8bde4" />
    <UnitTestResult executionId="3f93379c-9e58-450f-8be7-600e7cbaa48c" testId="1bf8c670-855a-41ac-b60f-5de55fcffefd" testName="FormatToStringTest1000 (3303.1902076747224,3303.19 zł)" computerName="DESKTOP-5URQ9PB" duration="00:00:00.0000063" startTime="2022-06-13T21:12:18.4564197+02:00" endTime="2022-06-13T21:12:18.4564861+02:00" testType="13cdc9d9-ddb5-4fa4-a97d-d965ccfc6d4b" outcome="Passed" testListId="8c84fa94-04c1-424b-9868-57a2d4851a1d" relativeResultsDirectory="3f93379c-9e58-450f-8be7-600e7cbaa48c" />
    <UnitTestResult executionId="fe22c17e-3a96-48bb-8c55-1368c36833d5" testId="8683736a-0b23-4f9c-92bf-fca1ba29b95c" testName="FormatToStringTest1000 (21996.80326662576,21996.80 zł)" computerName="DESKTOP-5URQ9PB" duration="00:00:00.0000063" startTime="2022-06-13T21:12:18.6331914+02:00" endTime="2022-06-13T21:12:18.6332563+02:00" testType="13cdc9d9-ddb5-4fa4-a97d-d965ccfc6d4b" outcome="Passed" testListId="8c84fa94-04c1-424b-9868-57a2d4851a1d" relativeResultsDirectory="fe22c17e-3a96-48bb-8c55-1368c36833d5" />
    <UnitTestResult executionId="3dcf6206-5bc7-4aed-adcc-c210eb08c70d" testId="bc5c4173-112c-4a4d-b058-208f2b10aef3" testName="FormatToStringTest1000 (57436.33241095409,57436.33 zł)" computerName="DESKTOP-5URQ9PB" duration="00:00:00.0000071" startTime="2022-06-13T21:12:18.3980065+02:00" endTime="2022-06-13T21:12:18.3980856+02:00" testType="13cdc9d9-ddb5-4fa4-a97d-d965ccfc6d4b" outcome="Passed" testListId="8c84fa94-04c1-424b-9868-57a2d4851a1d" relativeResultsDirectory="3dcf6206-5bc7-4aed-adcc-c210eb08c70d" />
    <UnitTestResult executionId="f79d7d36-f09b-418e-baa1-e34512c64628" testId="66d79fc3-d672-4669-9dbc-fd9aba2c3ef2" testName="FormatToStringTest1000 (726.8087564975995,726.81 zł)" computerName="DESKTOP-5URQ9PB" duration="00:00:00.0000069" startTime="2022-06-13T21:12:18.2368613+02:00" endTime="2022-06-13T21:12:18.2369438+02:00" testType="13cdc9d9-ddb5-4fa4-a97d-d965ccfc6d4b" outcome="Passed" testListId="8c84fa94-04c1-424b-9868-57a2d4851a1d" relativeResultsDirectory="f79d7d36-f09b-418e-baa1-e34512c64628" />
    <UnitTestResult executionId="6c87c28f-2a73-4134-9431-bf90039f700e" testId="4d9bf30f-a551-4f43-8ca0-024dc6f7a67d" testName="FormatToStringTest1000 (6466.872242818062,6466.87 zł)" computerName="DESKTOP-5URQ9PB" duration="00:00:00.0000063" startTime="2022-06-13T21:12:18.5339858+02:00" endTime="2022-06-13T21:12:18.5340515+02:00" testType="13cdc9d9-ddb5-4fa4-a97d-d965ccfc6d4b" outcome="Passed" testListId="8c84fa94-04c1-424b-9868-57a2d4851a1d" relativeResultsDirectory="6c87c28f-2a73-4134-9431-bf90039f700e" />
    <UnitTestResult executionId="103a1607-a83d-4746-ae98-e7b475b9eb54" testId="186d8bd6-de21-4287-8bd0-99b311493daa" testName="FormatToStringTest1000 (19882.647973500494,19882.65 zł)" computerName="DESKTOP-5URQ9PB" duration="00:00:00.0000062" startTime="2022-06-13T21:12:18.5364603+02:00" endTime="2022-06-13T21:12:18.5365251+02:00" testType="13cdc9d9-ddb5-4fa4-a97d-d965ccfc6d4b" outcome="Passed" testListId="8c84fa94-04c1-424b-9868-57a2d4851a1d" relativeResultsDirectory="103a1607-a83d-4746-ae98-e7b475b9eb54" />
    <UnitTestResult executionId="d4c36793-c36d-454b-904f-22b5db7be04b" testId="d8d11de9-ae0a-4a84-a480-a4fa6a7d9cae" testName="FormatToStringTest1000 (15313.083673952653,15313.08 zł)" computerName="DESKTOP-5URQ9PB" duration="00:00:00.0000072" startTime="2022-06-13T21:12:18.4134652+02:00" endTime="2022-06-13T21:12:18.4135441+02:00" testType="13cdc9d9-ddb5-4fa4-a97d-d965ccfc6d4b" outcome="Passed" testListId="8c84fa94-04c1-424b-9868-57a2d4851a1d" relativeResultsDirectory="d4c36793-c36d-454b-904f-22b5db7be04b" />
    <UnitTestResult executionId="e4717ed8-9cfe-437e-b959-6ef45afa511c" testId="5d6d21ea-ca6c-4461-87e5-4766d3b9dfb6" testName="FormatToStringTest1000 (35967.54466809684,35967.54 zł)" computerName="DESKTOP-5URQ9PB" duration="00:00:00.0000061" startTime="2022-06-13T21:12:18.5508649+02:00" endTime="2022-06-13T21:12:18.5509350+02:00" testType="13cdc9d9-ddb5-4fa4-a97d-d965ccfc6d4b" outcome="Passed" testListId="8c84fa94-04c1-424b-9868-57a2d4851a1d" relativeResultsDirectory="e4717ed8-9cfe-437e-b959-6ef45afa511c" />
    <UnitTestResult executionId="38d51bd4-e323-42f7-8da2-7945369138d9" testId="5fee87bc-b8cf-46b0-9d39-42824f126168" testName="FormatToStringTest1000 (27942.393876474067,27942.39 zł)" computerName="DESKTOP-5URQ9PB" duration="00:00:00.0000061" startTime="2022-06-13T21:12:18.5109163+02:00" endTime="2022-06-13T21:12:18.5109813+02:00" testType="13cdc9d9-ddb5-4fa4-a97d-d965ccfc6d4b" outcome="Passed" testListId="8c84fa94-04c1-424b-9868-57a2d4851a1d" relativeResultsDirectory="38d51bd4-e323-42f7-8da2-7945369138d9" />
    <UnitTestResult executionId="3a6dd30b-8684-4e04-8968-a0ee60fdb914" testId="312f3328-aaae-4ecb-b5e3-abea16431406" testName="FormatToStringTest1000 (20623.53139885493,20623.53 zł)" computerName="DESKTOP-5URQ9PB" duration="00:00:00.0000064" startTime="2022-06-13T21:12:18.3424568+02:00" endTime="2022-06-13T21:12:18.3425247+02:00" testType="13cdc9d9-ddb5-4fa4-a97d-d965ccfc6d4b" outcome="Passed" testListId="8c84fa94-04c1-424b-9868-57a2d4851a1d" relativeResultsDirectory="3a6dd30b-8684-4e04-8968-a0ee60fdb914" />
    <UnitTestResult executionId="418c55ee-ea2d-4bfb-99e7-f149e0f9b561" testId="202c63a3-6473-4b16-bd89-7229b9c8f5f9" testName="FormatToStringTest1000 (51529.79033960206,51529.79 zł)" computerName="DESKTOP-5URQ9PB" duration="00:00:00.0000106" startTime="2022-06-13T21:12:18.6098298+02:00" endTime="2022-06-13T21:12:18.6098992+02:00" testType="13cdc9d9-ddb5-4fa4-a97d-d965ccfc6d4b" outcome="Passed" testListId="8c84fa94-04c1-424b-9868-57a2d4851a1d" relativeResultsDirectory="418c55ee-ea2d-4bfb-99e7-f149e0f9b561" />
    <UnitTestResult executionId="65666ebe-ada7-492d-b1ce-6ffd8f31be5c" testId="4e850c87-c41a-4d60-860b-6db5df402a05" testName="FormatToStringTest1000 (2963.24443391815,2963.24 zł)" computerName="DESKTOP-5URQ9PB" duration="00:00:00.0000072" startTime="2022-06-13T21:12:18.4713372+02:00" endTime="2022-06-13T21:12:18.4714150+02:00" testType="13cdc9d9-ddb5-4fa4-a97d-d965ccfc6d4b" outcome="Passed" testListId="8c84fa94-04c1-424b-9868-57a2d4851a1d" relativeResultsDirectory="65666ebe-ada7-492d-b1ce-6ffd8f31be5c" />
    <UnitTestResult executionId="12451c2b-3def-4c03-b561-92f51677abcc" testId="2076f724-8de8-40b3-92a0-20733dea5652" testName="FormatToStringTest1000 (13453.429998117233,13453.43 zł)" computerName="DESKTOP-5URQ9PB" duration="00:00:00.0000066" startTime="2022-06-13T21:12:18.5445321+02:00" endTime="2022-06-13T21:12:18.5446079+02:00" testType="13cdc9d9-ddb5-4fa4-a97d-d965ccfc6d4b" outcome="Passed" testListId="8c84fa94-04c1-424b-9868-57a2d4851a1d" relativeResultsDirectory="12451c2b-3def-4c03-b561-92f51677abcc" />
    <UnitTestResult executionId="2cd9cfef-aae1-4c17-8fb9-b4129cb6f064" testId="d3030bc6-d58f-4a5c-bead-3164750c1543" testName="FormatToStringTest1000 (30138.55109863102,30138.55 zł)" computerName="DESKTOP-5URQ9PB" duration="00:00:00.0000065" startTime="2022-06-13T21:12:18.5279217+02:00" endTime="2022-06-13T21:12:18.5279895+02:00" testType="13cdc9d9-ddb5-4fa4-a97d-d965ccfc6d4b" outcome="Passed" testListId="8c84fa94-04c1-424b-9868-57a2d4851a1d" relativeResultsDirectory="2cd9cfef-aae1-4c17-8fb9-b4129cb6f064" />
    <UnitTestResult executionId="f034244e-62e8-4666-a95b-a3192672334c" testId="75e6ef12-10aa-4ed9-a946-bd2fb08bda46" testName="FormatToStringTest1000 (748.6264857065987,748.63 zł)" computerName="DESKTOP-5URQ9PB" duration="00:00:00.0000063" startTime="2022-06-13T21:12:18.4502885+02:00" endTime="2022-06-13T21:12:18.4503555+02:00" testType="13cdc9d9-ddb5-4fa4-a97d-d965ccfc6d4b" outcome="Passed" testListId="8c84fa94-04c1-424b-9868-57a2d4851a1d" relativeResultsDirectory="f034244e-62e8-4666-a95b-a3192672334c" />
    <UnitTestResult executionId="a7e84112-4401-45f2-8ca6-748e11bbcaf7" testId="14445004-e53d-4df8-be95-81c3ce8f7e08" testName="FormatToStringTest1000 (55010.474927814896,55010.47 zł)" computerName="DESKTOP-5URQ9PB" duration="00:00:00.0000065" startTime="2022-06-13T21:12:18.5442752+02:00" endTime="2022-06-13T21:12:18.5443399+02:00" testType="13cdc9d9-ddb5-4fa4-a97d-d965ccfc6d4b" outcome="Passed" testListId="8c84fa94-04c1-424b-9868-57a2d4851a1d" relativeResultsDirectory="a7e84112-4401-45f2-8ca6-748e11bbcaf7" />
    <UnitTestResult executionId="dda6b2b3-a67b-424a-a65a-c3815a9061b7" testId="a149836a-7468-45a9-9527-d9d7d37e6160" testName="FormatToStringTest1000 (23980.12943509646,23980.13 zł)" computerName="DESKTOP-5URQ9PB" duration="00:00:00.0000069" startTime="2022-06-13T21:12:18.3295357+02:00" endTime="2022-06-13T21:12:18.3296024+02:00" testType="13cdc9d9-ddb5-4fa4-a97d-d965ccfc6d4b" outcome="Passed" testListId="8c84fa94-04c1-424b-9868-57a2d4851a1d" relativeResultsDirectory="dda6b2b3-a67b-424a-a65a-c3815a9061b7" />
    <UnitTestResult executionId="2f572303-54d8-44df-9bb8-850ff1c90c6b" testId="20637ef9-9df9-4bb8-ba49-19c0f9099a7d" testName="FormatToStringTest1000 (61324.33752458279,61324.34 zł)" computerName="DESKTOP-5URQ9PB" duration="00:00:00.0000063" startTime="2022-06-13T21:12:18.4214803+02:00" endTime="2022-06-13T21:12:18.4215467+02:00" testType="13cdc9d9-ddb5-4fa4-a97d-d965ccfc6d4b" outcome="Passed" testListId="8c84fa94-04c1-424b-9868-57a2d4851a1d" relativeResultsDirectory="2f572303-54d8-44df-9bb8-850ff1c90c6b" />
    <UnitTestResult executionId="5cc76361-d91e-42eb-8826-3ea03db3c67a" testId="d78160f1-5da6-4e3d-a7d7-4dd3e45a85b8" testName="FormatToStringTest1000 (15411.371650797022,15411.37 zł)" computerName="DESKTOP-5URQ9PB" duration="00:00:00.0000075" startTime="2022-06-13T21:12:18.3457974+02:00" endTime="2022-06-13T21:12:18.3458659+02:00" testType="13cdc9d9-ddb5-4fa4-a97d-d965ccfc6d4b" outcome="Passed" testListId="8c84fa94-04c1-424b-9868-57a2d4851a1d" relativeResultsDirectory="5cc76361-d91e-42eb-8826-3ea03db3c67a" />
    <UnitTestResult executionId="8d6b865d-c4e4-48dd-a660-be960b717497" testId="0b1e2ed9-db09-4378-954d-132e58450d48" testName="FormatToStringTest1000 (16819.974312979717,16819.97 zł)" computerName="DESKTOP-5URQ9PB" duration="00:00:00.0000064" startTime="2022-06-13T21:12:18.4213121+02:00" endTime="2022-06-13T21:12:18.4213787+02:00" testType="13cdc9d9-ddb5-4fa4-a97d-d965ccfc6d4b" outcome="Passed" testListId="8c84fa94-04c1-424b-9868-57a2d4851a1d" relativeResultsDirectory="8d6b865d-c4e4-48dd-a660-be960b717497" />
    <UnitTestResult executionId="273621c8-c524-4155-aa75-33fda83f16df" testId="2b2b5f3f-b4a3-48f2-8305-b5efc375f204" testName="FormatToStringTest1000 (19609.759296997803,19609.76 zł)" computerName="DESKTOP-5URQ9PB" duration="00:00:00.0000064" startTime="2022-06-13T21:12:18.4333134+02:00" endTime="2022-06-13T21:12:18.4333804+02:00" testType="13cdc9d9-ddb5-4fa4-a97d-d965ccfc6d4b" outcome="Passed" testListId="8c84fa94-04c1-424b-9868-57a2d4851a1d" relativeResultsDirectory="273621c8-c524-4155-aa75-33fda83f16df" />
    <UnitTestResult executionId="37b3a8db-c1a4-4f51-9266-63967054d875" testId="7c1cf04a-8831-41c9-ab82-742125a0952a" testName="FormatToStringTest1000 (1514.6266382441981,1514.63 zł)" computerName="DESKTOP-5URQ9PB" duration="00:00:00.0000065" startTime="2022-06-13T21:12:18.4167772+02:00" endTime="2022-06-13T21:12:18.4168505+02:00" testType="13cdc9d9-ddb5-4fa4-a97d-d965ccfc6d4b" outcome="Passed" testListId="8c84fa94-04c1-424b-9868-57a2d4851a1d" relativeResultsDirectory="37b3a8db-c1a4-4f51-9266-63967054d875" />
    <UnitTestResult executionId="7d148a82-b94c-4434-947b-cae31346a5bb" testId="354ca80b-414d-492c-a408-4630ab93beee" testName="FormatToStringTest1000 (25720.27551496321,25720.28 zł)" computerName="DESKTOP-5URQ9PB" duration="00:00:00.0000061" startTime="2022-06-13T21:12:18.3674197+02:00" endTime="2022-06-13T21:12:18.3674859+02:00" testType="13cdc9d9-ddb5-4fa4-a97d-d965ccfc6d4b" outcome="Passed" testListId="8c84fa94-04c1-424b-9868-57a2d4851a1d" relativeResultsDirectory="7d148a82-b94c-4434-947b-cae31346a5bb" />
    <UnitTestResult executionId="deb81f0d-420c-4ede-9986-914c142c35ca" testId="5b672aba-e7bf-46cf-906f-3ca2ec15e9c6" testName="FormatToStringTest1000 (73151.83675918348,73151.84 zł)" computerName="DESKTOP-5URQ9PB" duration="00:00:00.0000062" startTime="2022-06-13T21:12:18.6093423+02:00" endTime="2022-06-13T21:12:18.6094067+02:00" testType="13cdc9d9-ddb5-4fa4-a97d-d965ccfc6d4b" outcome="Passed" testListId="8c84fa94-04c1-424b-9868-57a2d4851a1d" relativeResultsDirectory="deb81f0d-420c-4ede-9986-914c142c35ca" />
    <UnitTestResult executionId="5bd5a3be-67ba-46e0-b4d9-d3e97d3fe5b7" testId="db9c75c2-b034-43ec-bfe3-de41326535de" testName="FormatToStringTest1000 (25116.590135570892,25116.59 zł)" computerName="DESKTOP-5URQ9PB" duration="00:00:00.0000062" startTime="2022-06-13T21:12:18.4076968+02:00" endTime="2022-06-13T21:12:18.4077632+02:00" testType="13cdc9d9-ddb5-4fa4-a97d-d965ccfc6d4b" outcome="Passed" testListId="8c84fa94-04c1-424b-9868-57a2d4851a1d" relativeResultsDirectory="5bd5a3be-67ba-46e0-b4d9-d3e97d3fe5b7" />
    <UnitTestResult executionId="8a299cfc-5ebd-4c19-b6ce-ce72230b7bce" testId="247bc942-bdf7-45b2-bfad-6281114e5876" testName="FormatToStringTest1000 (47025.6224095177,47025.62 zł)" computerName="DESKTOP-5URQ9PB" duration="00:00:00.0000065" startTime="2022-06-13T21:12:18.3712234+02:00" endTime="2022-06-13T21:12:18.3712890+02:00" testType="13cdc9d9-ddb5-4fa4-a97d-d965ccfc6d4b" outcome="Passed" testListId="8c84fa94-04c1-424b-9868-57a2d4851a1d" relativeResultsDirectory="8a299cfc-5ebd-4c19-b6ce-ce72230b7bce" />
    <UnitTestResult executionId="bf7d1465-2ad2-4cb7-bdb7-72778df6f847" testId="1d9fd834-be51-4eb3-9b65-5a0cfc623d00" testName="FormatToStringTest1000 (10914.360814625099,10914.36 zł)" computerName="DESKTOP-5URQ9PB" duration="00:00:00.0000064" startTime="2022-06-13T21:12:18.2370494+02:00" endTime="2022-06-13T21:12:18.2371176+02:00" testType="13cdc9d9-ddb5-4fa4-a97d-d965ccfc6d4b" outcome="Passed" testListId="8c84fa94-04c1-424b-9868-57a2d4851a1d" relativeResultsDirectory="bf7d1465-2ad2-4cb7-bdb7-72778df6f847" />
    <UnitTestResult executionId="1e2a8df4-228e-4299-b3c6-f11255994d7d" testId="e71a2729-da1c-4590-98ac-85f2b90be909" testName="FormatToStringTest1000 (4652.407073443945,4652.41 zł)" computerName="DESKTOP-5URQ9PB" duration="00:00:00.0000065" startTime="2022-06-13T21:12:18.4454721+02:00" endTime="2022-06-13T21:12:18.4455466+02:00" testType="13cdc9d9-ddb5-4fa4-a97d-d965ccfc6d4b" outcome="Passed" testListId="8c84fa94-04c1-424b-9868-57a2d4851a1d" relativeResultsDirectory="1e2a8df4-228e-4299-b3c6-f11255994d7d" />
    <UnitTestResult executionId="a67f2d29-91fc-4f24-a29a-b6b0271acda3" testId="bfefddf6-cd57-406c-8fad-e310eede800e" testName="FormatToStringTest1000 (36893.66238331593,36893.66 zł)" computerName="DESKTOP-5URQ9PB" duration="00:00:00.0000064" startTime="2022-06-13T21:12:18.5762071+02:00" endTime="2022-06-13T21:12:18.5762735+02:00" testType="13cdc9d9-ddb5-4fa4-a97d-d965ccfc6d4b" outcome="Passed" testListId="8c84fa94-04c1-424b-9868-57a2d4851a1d" relativeResultsDirectory="a67f2d29-91fc-4f24-a29a-b6b0271acda3" />
    <UnitTestResult executionId="eab5564f-283a-43c2-b44b-71f581080aec" testId="d66eeadf-428d-4a16-933f-a30e20304f41" testName="FormatToStringTest1000 (7753.724411372898,7753.72 zł)" computerName="DESKTOP-5URQ9PB" duration="00:00:00.0000061" startTime="2022-06-13T21:12:18.3201348+02:00" endTime="2022-06-13T21:12:18.3202033+02:00" testType="13cdc9d9-ddb5-4fa4-a97d-d965ccfc6d4b" outcome="Passed" testListId="8c84fa94-04c1-424b-9868-57a2d4851a1d" relativeResultsDirectory="eab5564f-283a-43c2-b44b-71f581080aec" />
    <UnitTestResult executionId="b338c1a7-ac52-45b3-aa62-02d93dd83887" testId="50935427-ef2e-4e3d-b6cc-8fad7405cdd2" testName="FormatToStringTest1000 (7975.276658828965,7975.28 zł)" computerName="DESKTOP-5URQ9PB" duration="00:00:00.0000064" startTime="2022-06-13T21:12:18.4683615+02:00" endTime="2022-06-13T21:12:18.4684304+02:00" testType="13cdc9d9-ddb5-4fa4-a97d-d965ccfc6d4b" outcome="Passed" testListId="8c84fa94-04c1-424b-9868-57a2d4851a1d" relativeResultsDirectory="b338c1a7-ac52-45b3-aa62-02d93dd83887" />
    <UnitTestResult executionId="24e69c4d-15eb-4f6a-88b0-53bbeb228c04" testId="a4b5ea54-7152-4485-a2ac-866e0558ded4" testName="FormatToStringTest1000 (658.7555888573431,658.76 zł)" computerName="DESKTOP-5URQ9PB" duration="00:00:00.0000063" startTime="2022-06-13T21:12:18.4395973+02:00" endTime="2022-06-13T21:12:18.4396642+02:00" testType="13cdc9d9-ddb5-4fa4-a97d-d965ccfc6d4b" outcome="Passed" testListId="8c84fa94-04c1-424b-9868-57a2d4851a1d" relativeResultsDirectory="24e69c4d-15eb-4f6a-88b0-53bbeb228c04" />
    <UnitTestResult executionId="bf5b126a-0017-4831-9f3b-45524f016a62" testId="f61d43cd-c636-45ea-894b-c16a56cdd802" testName="FormatToStringTest1000 (50644.690874327294,50644.69 zł)" computerName="DESKTOP-5URQ9PB" duration="00:00:00.0000062" startTime="2022-06-13T21:12:18.5766975+02:00" endTime="2022-06-13T21:12:18.5767612+02:00" testType="13cdc9d9-ddb5-4fa4-a97d-d965ccfc6d4b" outcome="Passed" testListId="8c84fa94-04c1-424b-9868-57a2d4851a1d" relativeResultsDirectory="bf5b126a-0017-4831-9f3b-45524f016a62" />
    <UnitTestResult executionId="09545dd4-1722-403e-a8ec-6cc15c84b0ef" testId="b687cf2b-8577-4cad-9366-0f36fad22a1f" testName="FormatToStringTest1000 (22557.09603308099,22557.10 zł)" computerName="DESKTOP-5URQ9PB" duration="00:00:00.0000064" startTime="2022-06-13T21:12:18.3982753+02:00" endTime="2022-06-13T21:12:18.3983421+02:00" testType="13cdc9d9-ddb5-4fa4-a97d-d965ccfc6d4b" outcome="Passed" testListId="8c84fa94-04c1-424b-9868-57a2d4851a1d" relativeResultsDirectory="09545dd4-1722-403e-a8ec-6cc15c84b0ef" />
    <UnitTestResult executionId="936941f1-4600-4085-96d2-25a4b6b1bab3" testId="95f2baea-8bbf-4bde-ae90-ebd0ffdd1992" testName="FormatToStringTest1000 (18786.954468002055,18786.95 zł)" computerName="DESKTOP-5URQ9PB" duration="00:00:00.0000062" startTime="2022-06-13T21:12:18.4684483+02:00" endTime="2022-06-13T21:12:18.4685156+02:00" testType="13cdc9d9-ddb5-4fa4-a97d-d965ccfc6d4b" outcome="Passed" testListId="8c84fa94-04c1-424b-9868-57a2d4851a1d" relativeResultsDirectory="936941f1-4600-4085-96d2-25a4b6b1bab3" />
    <UnitTestResult executionId="4681469f-eea6-449a-b7d2-a4999678458b" testId="1f29c418-3587-4a35-b993-d436ee381c09" testName="FormatToStringTest1000 (6676.5680544784145,6676.57 zł)" computerName="DESKTOP-5URQ9PB" duration="00:00:00.0000070" startTime="2022-06-13T21:12:18.6363501+02:00" endTime="2022-06-13T21:12:18.6364153+02:00" testType="13cdc9d9-ddb5-4fa4-a97d-d965ccfc6d4b" outcome="Passed" testListId="8c84fa94-04c1-424b-9868-57a2d4851a1d" relativeResultsDirectory="4681469f-eea6-449a-b7d2-a4999678458b" />
    <UnitTestResult executionId="1dc80f47-d7d4-4d7d-a39f-a7435f64e9f1" testId="df46ea4b-6688-4ecf-ae81-8b7d20c0f105" testName="FormatToStringTest1000 (68479.93492677805,68479.93 zł)" computerName="DESKTOP-5URQ9PB" duration="00:00:00.0000061" startTime="2022-06-13T21:12:18.6095053+02:00" endTime="2022-06-13T21:12:18.6095703+02:00" testType="13cdc9d9-ddb5-4fa4-a97d-d965ccfc6d4b" outcome="Passed" testListId="8c84fa94-04c1-424b-9868-57a2d4851a1d" relativeResultsDirectory="1dc80f47-d7d4-4d7d-a39f-a7435f64e9f1" />
    <UnitTestResult executionId="bf9289d9-c679-476a-9afa-fdab3b6cf4d4" testId="a1e4cc6e-1b5a-4b53-b23d-468085da3720" testName="FormatToStringTest1000 (14218.204344010543,14218.20 zł)" computerName="DESKTOP-5URQ9PB" duration="00:00:00.0000072" startTime="2022-06-13T21:12:18.5870073+02:00" endTime="2022-06-13T21:12:18.5871232+02:00" testType="13cdc9d9-ddb5-4fa4-a97d-d965ccfc6d4b" outcome="Passed" testListId="8c84fa94-04c1-424b-9868-57a2d4851a1d" relativeResultsDirectory="bf9289d9-c679-476a-9afa-fdab3b6cf4d4" />
    <UnitTestResult executionId="41faac12-da75-4e51-b4f2-7e79335b6a03" testId="648e8393-a6d1-488f-adf4-7319e2dca756" testName="FormatToStringTest1000 (6417.5922460628635,6417.59 zł)" computerName="DESKTOP-5URQ9PB" duration="00:00:00.0000064" startTime="2022-06-13T21:12:18.4457592+02:00" endTime="2022-06-13T21:12:18.4458333+02:00" testType="13cdc9d9-ddb5-4fa4-a97d-d965ccfc6d4b" outcome="Passed" testListId="8c84fa94-04c1-424b-9868-57a2d4851a1d" relativeResultsDirectory="41faac12-da75-4e51-b4f2-7e79335b6a03" />
    <UnitTestResult executionId="02174e1c-9883-4efe-a72b-92dde1a42390" testId="6d5a7331-6d18-45b2-8a2f-97bf093f3a0f" testName="FormatToStringTest1000 (55030.929183896136,55030.93 zł)" computerName="DESKTOP-5URQ9PB" duration="00:00:00.0000155" startTime="2022-06-13T21:12:18.3420599+02:00" endTime="2022-06-13T21:12:18.3422411+02:00" testType="13cdc9d9-ddb5-4fa4-a97d-d965ccfc6d4b" outcome="Passed" testListId="8c84fa94-04c1-424b-9868-57a2d4851a1d" relativeResultsDirectory="02174e1c-9883-4efe-a72b-92dde1a42390" />
    <UnitTestResult executionId="731bb597-680a-4204-9699-3a934c387645" testId="a4ae9481-68cf-43b0-ba98-9ed78e3fa4d5" testName="FormatToStringTest1000 (35384.637112688106,35384.64 zł)" computerName="DESKTOP-5URQ9PB" duration="00:00:00.0000064" startTime="2022-06-13T21:12:18.5594207+02:00" endTime="2022-06-13T21:12:18.5594849+02:00" testType="13cdc9d9-ddb5-4fa4-a97d-d965ccfc6d4b" outcome="Passed" testListId="8c84fa94-04c1-424b-9868-57a2d4851a1d" relativeResultsDirectory="731bb597-680a-4204-9699-3a934c387645" />
    <UnitTestResult executionId="2b60a8c5-9dd2-4354-8da5-bcb85532669d" testId="1da84b60-0fb5-4f88-afe3-ff1516101397" testName="FormatToStringTest1000 (31300.40752580967,31300.41 zł)" computerName="DESKTOP-5URQ9PB" duration="00:00:00.0000065" startTime="2022-06-13T21:12:18.2994785+02:00" endTime="2022-06-13T21:12:18.2995530+02:00" testType="13cdc9d9-ddb5-4fa4-a97d-d965ccfc6d4b" outcome="Passed" testListId="8c84fa94-04c1-424b-9868-57a2d4851a1d" relativeResultsDirectory="2b60a8c5-9dd2-4354-8da5-bcb85532669d" />
    <UnitTestResult executionId="6c57d71e-a8ed-402a-8252-cea6871c1791" testId="fb9b1bb5-6147-4de3-b9fd-d1bc322eda58" testName="FormatToStringTest1000 (9867.823212210007,9867.82 zł)" computerName="DESKTOP-5URQ9PB" duration="00:00:00.0000064" startTime="2022-06-13T21:12:18.3065536+02:00" endTime="2022-06-13T21:12:18.3066257+02:00" testType="13cdc9d9-ddb5-4fa4-a97d-d965ccfc6d4b" outcome="Passed" testListId="8c84fa94-04c1-424b-9868-57a2d4851a1d" relativeResultsDirectory="6c57d71e-a8ed-402a-8252-cea6871c1791" />
    <UnitTestResult executionId="25307544-1161-4a48-aed4-cc449cff4a79" testId="2dfe090b-7f5d-4b87-93f5-f2546724a70e" testName="FormatToStringTest1000 (480.2082316857801,480.21 zł)" computerName="DESKTOP-5URQ9PB" duration="00:00:00.0000063" startTime="2022-06-13T21:12:18.3170753+02:00" endTime="2022-06-13T21:12:18.3171421+02:00" testType="13cdc9d9-ddb5-4fa4-a97d-d965ccfc6d4b" outcome="Passed" testListId="8c84fa94-04c1-424b-9868-57a2d4851a1d" relativeResultsDirectory="25307544-1161-4a48-aed4-cc449cff4a79" />
    <UnitTestResult executionId="4d758494-4ca8-4cb8-9f7f-9159dba476e6" testId="e902fb98-5a57-4926-8efc-80ea20c3e339" testName="FormatToStringTest1000 (1898.24149096489,1898.24 zł)" computerName="DESKTOP-5URQ9PB" duration="00:00:00.0000086" startTime="2022-06-13T21:12:18.5565089+02:00" endTime="2022-06-13T21:12:18.5565973+02:00" testType="13cdc9d9-ddb5-4fa4-a97d-d965ccfc6d4b" outcome="Passed" testListId="8c84fa94-04c1-424b-9868-57a2d4851a1d" relativeResultsDirectory="4d758494-4ca8-4cb8-9f7f-9159dba476e6" />
    <UnitTestResult executionId="3e6bc292-0af8-483e-b6ea-bdb83b6b3661" testId="9dfda686-80db-4792-add4-b5d03bbf8d3b" testName="FormatToStringTest1000 (50585.83664522778,50585.84 zł)" computerName="DESKTOP-5URQ9PB" duration="00:00:00.0000063" startTime="2022-06-13T21:12:18.4559984+02:00" endTime="2022-06-13T21:12:18.4560645+02:00" testType="13cdc9d9-ddb5-4fa4-a97d-d965ccfc6d4b" outcome="Passed" testListId="8c84fa94-04c1-424b-9868-57a2d4851a1d" relativeResultsDirectory="3e6bc292-0af8-483e-b6ea-bdb83b6b3661" />
    <UnitTestResult executionId="56d8beb4-8bc8-4af0-b1b9-2a765364759a" testId="5d185915-ab39-4600-b09d-7653b1ea6747" testName="FormatToStringTest1000 (46391.661094229516,46391.66 zł)" computerName="DESKTOP-5URQ9PB" duration="00:00:00.0000070" startTime="2022-06-13T21:12:18.5793463+02:00" endTime="2022-06-13T21:12:18.5794109+02:00" testType="13cdc9d9-ddb5-4fa4-a97d-d965ccfc6d4b" outcome="Passed" testListId="8c84fa94-04c1-424b-9868-57a2d4851a1d" relativeResultsDirectory="56d8beb4-8bc8-4af0-b1b9-2a765364759a" />
    <UnitTestResult executionId="0a1e2168-b444-4d4b-a160-021c3b53d994" testId="257de555-52a1-4fb6-ade1-0f58cdb990ff" testName="FormatToStringTest1000 (20012.898273490322,20012.90 zł)" computerName="DESKTOP-5URQ9PB" duration="00:00:00.0000087" startTime="2022-06-13T21:12:18.3804397+02:00" endTime="2022-06-13T21:12:18.3805543+02:00" testType="13cdc9d9-ddb5-4fa4-a97d-d965ccfc6d4b" outcome="Passed" testListId="8c84fa94-04c1-424b-9868-57a2d4851a1d" relativeResultsDirectory="0a1e2168-b444-4d4b-a160-021c3b53d994" />
    <UnitTestResult executionId="854fdf1d-29aa-4280-9c9e-c88ef25283ca" testId="47beb8df-764a-47f9-a475-c57696d1976e" testName="FormatToStringTest1000 (47630.39193684067,47630.39 zł)" computerName="DESKTOP-5URQ9PB" duration="00:00:00.0000064" startTime="2022-06-13T21:12:18.3232498+02:00" endTime="2022-06-13T21:12:18.3233173+02:00" testType="13cdc9d9-ddb5-4fa4-a97d-d965ccfc6d4b" outcome="Passed" testListId="8c84fa94-04c1-424b-9868-57a2d4851a1d" relativeResultsDirectory="854fdf1d-29aa-4280-9c9e-c88ef25283ca" />
    <UnitTestResult executionId="5a74efec-f1c7-431d-8151-3ffacef3c173" testId="08ef955c-04d6-4e13-8c77-5776d4074c1e" testName="FormatToStringTest1000 (18627.604896394354,18627.60 zł)" computerName="DESKTOP-5URQ9PB" duration="00:00:00.0000062" startTime="2022-06-13T21:12:18.5164204+02:00" endTime="2022-06-13T21:12:18.5164843+02:00" testType="13cdc9d9-ddb5-4fa4-a97d-d965ccfc6d4b" outcome="Passed" testListId="8c84fa94-04c1-424b-9868-57a2d4851a1d" relativeResultsDirectory="5a74efec-f1c7-431d-8151-3ffacef3c173" />
    <UnitTestResult executionId="83c4d459-48f1-4a0f-8205-f2413e95a8c5" testId="63259d18-5402-4b7a-bf1d-77959cce56d5" testName="FormatToStringTest1000 (20640.678251201603,20640.68 zł)" computerName="DESKTOP-5URQ9PB" duration="00:00:00.0000063" startTime="2022-06-13T21:12:18.4654897+02:00" endTime="2022-06-13T21:12:18.4655574+02:00" testType="13cdc9d9-ddb5-4fa4-a97d-d965ccfc6d4b" outcome="Passed" testListId="8c84fa94-04c1-424b-9868-57a2d4851a1d" relativeResultsDirectory="83c4d459-48f1-4a0f-8205-f2413e95a8c5" />
    <UnitTestResult executionId="d2eb0720-8fbc-47fd-98cf-95d95b0dab23" testId="fdbf19d7-0a6b-4616-9e81-492fd76e4949" testName="FormatToStringTest1000 (5840.747097845071,5840.75 zł)" computerName="DESKTOP-5URQ9PB" duration="00:00:00.0000065" startTime="2022-06-13T21:12:18.5700194+02:00" endTime="2022-06-13T21:12:18.5700906+02:00" testType="13cdc9d9-ddb5-4fa4-a97d-d965ccfc6d4b" outcome="Passed" testListId="8c84fa94-04c1-424b-9868-57a2d4851a1d" relativeResultsDirectory="d2eb0720-8fbc-47fd-98cf-95d95b0dab23" />
    <UnitTestResult executionId="f39caf31-4905-4f3a-a52e-4ed8682d0ace" testId="01bfcb6d-a6e8-42fd-821d-c30eb7420b95" testName="FormatToStringTest1000 (1108.7197928823157,1108.72 zł)" computerName="DESKTOP-5URQ9PB" duration="00:00:00.0000063" startTime="2022-06-13T21:12:18.2906385+02:00" endTime="2022-06-13T21:12:18.2907048+02:00" testType="13cdc9d9-ddb5-4fa4-a97d-d965ccfc6d4b" outcome="Passed" testListId="8c84fa94-04c1-424b-9868-57a2d4851a1d" relativeResultsDirectory="f39caf31-4905-4f3a-a52e-4ed8682d0ace" />
    <UnitTestResult executionId="3388fd56-eddb-4623-8907-31f9d2d08cef" testId="585b5ee1-2b45-49d6-94fc-be4af9929594" testName="FormatToStringTest1000 (26215.613055301183,26215.61 zł)" computerName="DESKTOP-5URQ9PB" duration="00:00:00.0000062" startTime="2022-06-13T21:12:18.5133209+02:00" endTime="2022-06-13T21:12:18.5133855+02:00" testType="13cdc9d9-ddb5-4fa4-a97d-d965ccfc6d4b" outcome="Passed" testListId="8c84fa94-04c1-424b-9868-57a2d4851a1d" relativeResultsDirectory="3388fd56-eddb-4623-8907-31f9d2d08cef" />
    <UnitTestResult executionId="4e7717db-a77a-434f-97bc-293e0e60a87f" testId="cdf325e3-1ce2-4405-8373-8a35cb8abfd3" testName="FormatToStringTest1000 (11796.576829059317,11796.58 zł)" computerName="DESKTOP-5URQ9PB" duration="00:00:00.0000064" startTime="2022-06-13T21:12:18.5841265+02:00" endTime="2022-06-13T21:12:18.5841918+02:00" testType="13cdc9d9-ddb5-4fa4-a97d-d965ccfc6d4b" outcome="Passed" testListId="8c84fa94-04c1-424b-9868-57a2d4851a1d" relativeResultsDirectory="4e7717db-a77a-434f-97bc-293e0e60a87f" />
    <UnitTestResult executionId="da731db1-85c7-4696-b8d9-7a42920dcc64" testId="eea7d274-1892-47ad-ad94-723aa14cbff5" testName="FormatToStringTest1000 (6429.44273095552,6429.44 zł)" computerName="DESKTOP-5URQ9PB" duration="00:00:00.0000065" startTime="2022-06-13T21:12:18.4337356+02:00" endTime="2022-06-13T21:12:18.4338001+02:00" testType="13cdc9d9-ddb5-4fa4-a97d-d965ccfc6d4b" outcome="Passed" testListId="8c84fa94-04c1-424b-9868-57a2d4851a1d" relativeResultsDirectory="da731db1-85c7-4696-b8d9-7a42920dcc64" />
    <UnitTestResult executionId="3d1dcd22-1de4-47b9-8ebd-881a2050b9b4" testId="9448d5d3-1c88-46fe-9b66-78ba0973101c" testName="FormatToStringTest1000 (93775.33090185716,93775.33 zł)" computerName="DESKTOP-5URQ9PB" duration="00:00:00.0000063" startTime="2022-06-13T21:12:18.5284994+02:00" endTime="2022-06-13T21:12:18.5285644+02:00" testType="13cdc9d9-ddb5-4fa4-a97d-d965ccfc6d4b" outcome="Passed" testListId="8c84fa94-04c1-424b-9868-57a2d4851a1d" relativeResultsDirectory="3d1dcd22-1de4-47b9-8ebd-881a2050b9b4" />
    <UnitTestResult executionId="0ba369f9-eb6c-435f-b6ce-9562e279a9bc" testId="a98908a7-171e-41c5-a85b-734f6f132b45" testName="FormatToStringTest1000 (33699.13042082038,33699.13 zł)" computerName="DESKTOP-5URQ9PB" duration="00:00:00.0000076" startTime="2022-06-13T21:12:18.5304922+02:00" endTime="2022-06-13T21:12:18.5305791+02:00" testType="13cdc9d9-ddb5-4fa4-a97d-d965ccfc6d4b" outcome="Passed" testListId="8c84fa94-04c1-424b-9868-57a2d4851a1d" relativeResultsDirectory="0ba369f9-eb6c-435f-b6ce-9562e279a9bc" />
    <UnitTestResult executionId="eea6adec-cb0b-4163-8df2-ca27162752d9" testId="6cfe2abd-b170-4c26-9da6-d947b9b3dc83" testName="FormatToStringTest1000 (11958.422287871792,11958.42 zł)" computerName="DESKTOP-5URQ9PB" duration="00:00:00.0000063" startTime="2022-06-13T21:12:18.4212278+02:00" endTime="2022-06-13T21:12:18.4212948+02:00" testType="13cdc9d9-ddb5-4fa4-a97d-d965ccfc6d4b" outcome="Passed" testListId="8c84fa94-04c1-424b-9868-57a2d4851a1d" relativeResultsDirectory="eea6adec-cb0b-4163-8df2-ca27162752d9" />
    <UnitTestResult executionId="02381df2-7e35-496b-b47f-ef13030a3708" testId="dc8bdb50-fc0c-4b57-9e2b-5f326025e072" testName="FormatToStringTest1000 (24570.65594858893,24570.66 zł)" computerName="DESKTOP-5URQ9PB" duration="00:00:00.0000075" startTime="2022-06-13T21:12:18.3611534+02:00" endTime="2022-06-13T21:12:18.3612257+02:00" testType="13cdc9d9-ddb5-4fa4-a97d-d965ccfc6d4b" outcome="Passed" testListId="8c84fa94-04c1-424b-9868-57a2d4851a1d" relativeResultsDirectory="02381df2-7e35-496b-b47f-ef13030a3708" />
    <UnitTestResult executionId="21c0d8cd-eb28-4123-893e-7c34b546c8f0" testId="2611d0e5-c260-4b9e-bdf5-e6c7d113ecc5" testName="FormatToStringTest1000 (68698.01923441609,68698.02 zł)" computerName="DESKTOP-5URQ9PB" duration="00:00:00.0000063" startTime="2022-06-13T21:12:18.6176976+02:00" endTime="2022-06-13T21:12:18.6177616+02:00" testType="13cdc9d9-ddb5-4fa4-a97d-d965ccfc6d4b" outcome="Passed" testListId="8c84fa94-04c1-424b-9868-57a2d4851a1d" relativeResultsDirectory="21c0d8cd-eb28-4123-893e-7c34b546c8f0" />
    <UnitTestResult executionId="5e26ac56-1968-455f-83eb-2741e72fc801" testId="e7a9aa68-57a1-4b81-afe0-952a301003c8" testName="FormatToStringTest1000 (14867.726341984107,14867.73 zł)" computerName="DESKTOP-5URQ9PB" duration="00:00:00.0000061" startTime="2022-06-13T21:12:18.5160144+02:00" endTime="2022-06-13T21:12:18.5160796+02:00" testType="13cdc9d9-ddb5-4fa4-a97d-d965ccfc6d4b" outcome="Passed" testListId="8c84fa94-04c1-424b-9868-57a2d4851a1d" relativeResultsDirectory="5e26ac56-1968-455f-83eb-2741e72fc801" />
    <UnitTestResult executionId="48819165-3cfd-4b93-af97-d6ac208de2e8" testId="466260e7-c0e0-4641-86bd-40c7afcfd18e" testName="FormatToStringTest1000 (17098.491445727876,17098.49 zł)" computerName="DESKTOP-5URQ9PB" duration="00:00:00.0000065" startTime="2022-06-13T21:12:18.5050545+02:00" endTime="2022-06-13T21:12:18.5051214+02:00" testType="13cdc9d9-ddb5-4fa4-a97d-d965ccfc6d4b" outcome="Passed" testListId="8c84fa94-04c1-424b-9868-57a2d4851a1d" relativeResultsDirectory="48819165-3cfd-4b93-af97-d6ac208de2e8" />
    <UnitTestResult executionId="bb87deb1-fbff-4882-a36d-0e0c84a9cb4b" testId="829f18a8-7daf-4837-8958-5a4eb77154b3" testName="FormatToStringTest1000 (29508.077101491428,29508.08 zł)" computerName="DESKTOP-5URQ9PB" duration="00:00:00.0000064" startTime="2022-06-13T21:12:18.3169062+02:00" endTime="2022-06-13T21:12:18.3169746+02:00" testType="13cdc9d9-ddb5-4fa4-a97d-d965ccfc6d4b" outcome="Passed" testListId="8c84fa94-04c1-424b-9868-57a2d4851a1d" relativeResultsDirectory="bb87deb1-fbff-4882-a36d-0e0c84a9cb4b" />
    <UnitTestResult executionId="d5f6c5b4-5416-4a75-9c03-81d21fc582e8" testId="41741b61-8950-43d0-8acd-4c98c45ccddf" testName="FormatToStringTest1000 (11912.404131636213,11912.40 zł)" computerName="DESKTOP-5URQ9PB" duration="00:00:00.0000067" startTime="2022-06-13T21:12:18.3098573+02:00" endTime="2022-06-13T21:12:18.3099390+02:00" testType="13cdc9d9-ddb5-4fa4-a97d-d965ccfc6d4b" outcome="Passed" testListId="8c84fa94-04c1-424b-9868-57a2d4851a1d" relativeResultsDirectory="d5f6c5b4-5416-4a75-9c03-81d21fc582e8" />
    <UnitTestResult executionId="dac1b6b6-7f4c-4db9-a40c-de5eb4ac8add" testId="d361627c-46d7-4ab3-b89c-e7ee8ea18d10" testName="FormatToStringTest1000 (5870.791169434223,5870.79 zł)" computerName="DESKTOP-5URQ9PB" duration="00:00:00.0000062" startTime="2022-06-13T21:12:18.4245314+02:00" endTime="2022-06-13T21:12:18.4245975+02:00" testType="13cdc9d9-ddb5-4fa4-a97d-d965ccfc6d4b" outcome="Passed" testListId="8c84fa94-04c1-424b-9868-57a2d4851a1d" relativeResultsDirectory="dac1b6b6-7f4c-4db9-a40c-de5eb4ac8add" />
    <UnitTestResult executionId="f75535ef-db99-4484-95cd-5d35f724d847" testId="f916f343-8b26-43e7-a446-cdcf0ef90a79" testName="FormatToStringTest1000 (4612.32080757633,4612.32 zł)" computerName="DESKTOP-5URQ9PB" duration="00:00:00.0000062" startTime="2022-06-13T21:12:18.5952971+02:00" endTime="2022-06-13T21:12:18.5953585+02:00" testType="13cdc9d9-ddb5-4fa4-a97d-d965ccfc6d4b" outcome="Passed" testListId="8c84fa94-04c1-424b-9868-57a2d4851a1d" relativeResultsDirectory="f75535ef-db99-4484-95cd-5d35f724d847" />
    <UnitTestResult executionId="1a6b79e2-88ae-4ee5-94ce-326e08a9d830" testId="55e088e9-1291-431f-8061-9a8b980a656f" testName="FormatToStringTest1000 (1741.3334432818617,1741.33 zł)" computerName="DESKTOP-5URQ9PB" duration="00:00:00.0000063" startTime="2022-06-13T21:12:18.2966102+02:00" endTime="2022-06-13T21:12:18.2966774+02:00" testType="13cdc9d9-ddb5-4fa4-a97d-d965ccfc6d4b" outcome="Passed" testListId="8c84fa94-04c1-424b-9868-57a2d4851a1d" relativeResultsDirectory="1a6b79e2-88ae-4ee5-94ce-326e08a9d830" />
    <UnitTestResult executionId="1756d8f3-9419-4f72-afcb-b21d749cdea4" testId="b1f8a142-3548-420b-a22f-cee2f2b4e16d" testName="FormatToStringTest1000 (317.9090540706688,317.91 zł)" computerName="DESKTOP-5URQ9PB" duration="00:00:00.0000131" startTime="2022-06-13T21:12:18.3059750+02:00" endTime="2022-06-13T21:12:18.3061422+02:00" testType="13cdc9d9-ddb5-4fa4-a97d-d965ccfc6d4b" outcome="Passed" testListId="8c84fa94-04c1-424b-9868-57a2d4851a1d" relativeResultsDirectory="1756d8f3-9419-4f72-afcb-b21d749cdea4" />
    <UnitTestResult executionId="168cf80a-8f24-4393-bd0b-3e4655c32ed9" testId="1f9c67c1-ee93-4ee1-8a09-d3a1dfe5696f" testName="FormatToStringTest1000 (1687.6029180025694,1687.60 zł)" computerName="DESKTOP-5URQ9PB" duration="00:00:00.0000066" startTime="2022-06-13T21:12:18.3806754+02:00" endTime="2022-06-13T21:12:18.3807529+02:00" testType="13cdc9d9-ddb5-4fa4-a97d-d965ccfc6d4b" outcome="Passed" testListId="8c84fa94-04c1-424b-9868-57a2d4851a1d" relativeResultsDirectory="168cf80a-8f24-4393-bd0b-3e4655c32ed9" />
    <UnitTestResult executionId="a4ac8745-435e-452e-9d86-ffb4dc841dc6" testId="9fe00fce-beda-4e94-856d-6e156a465828" testName="FormatToStringTest1000 (45035.160883881224,45035.16 zł)" computerName="DESKTOP-5URQ9PB" duration="00:00:00.0000063" startTime="2022-06-13T21:12:18.2934276+02:00" endTime="2022-06-13T21:12:18.2934941+02:00" testType="13cdc9d9-ddb5-4fa4-a97d-d965ccfc6d4b" outcome="Passed" testListId="8c84fa94-04c1-424b-9868-57a2d4851a1d" relativeResultsDirectory="a4ac8745-435e-452e-9d86-ffb4dc841dc6" />
    <UnitTestResult executionId="1f8c35c6-380f-4a28-a74d-d9975a9a0454" testId="e15c8dfc-d47a-4cdf-9ec4-b078dca42618" testName="FormatToStringTest1000 (49256.47455728635,49256.47 zł)" computerName="DESKTOP-5URQ9PB" duration="00:00:00.0000063" startTime="2022-06-13T21:12:18.6304185+02:00" endTime="2022-06-13T21:12:18.6304833+02:00" testType="13cdc9d9-ddb5-4fa4-a97d-d965ccfc6d4b" outcome="Passed" testListId="8c84fa94-04c1-424b-9868-57a2d4851a1d" relativeResultsDirectory="1f8c35c6-380f-4a28-a74d-d9975a9a0454" />
    <UnitTestResult executionId="1dcfc7b0-81c2-4de0-85b7-2ab0e1e6e46e" testId="99c01d59-fefa-438f-9623-0c99c9e7488c" testName="FormatToStringTest1000 (904.351189922705,904.35 zł)" computerName="DESKTOP-5URQ9PB" duration="00:00:00.0000063" startTime="2022-06-13T21:12:18.5900337+02:00" endTime="2022-06-13T21:12:18.5900963+02:00" testType="13cdc9d9-ddb5-4fa4-a97d-d965ccfc6d4b" outcome="Passed" testListId="8c84fa94-04c1-424b-9868-57a2d4851a1d" relativeResultsDirectory="1dcfc7b0-81c2-4de0-85b7-2ab0e1e6e46e" />
    <UnitTestResult executionId="0810d21c-f813-4368-82a8-6b7a6bc027e4" testId="b1061ca0-c991-4da2-8eef-8dd3d619e647" testName="FormatToStringTest1000 (26945.125386551546,26945.13 zł)" computerName="DESKTOP-5URQ9PB" duration="00:00:00.0000062" startTime="2022-06-13T21:12:18.3235880+02:00" endTime="2022-06-13T21:12:18.3236547+02:00" testType="13cdc9d9-ddb5-4fa4-a97d-d965ccfc6d4b" outcome="Passed" testListId="8c84fa94-04c1-424b-9868-57a2d4851a1d" relativeResultsDirectory="0810d21c-f813-4368-82a8-6b7a6bc027e4" />
    <UnitTestResult executionId="0fd4dd33-a2fa-4cff-928a-637242da2899" testId="6e9dd271-1d50-48de-8ac6-4da0ba78da89" testName="FormatToStringTest1000 (38845.74924104323,38845.75 zł)" computerName="DESKTOP-5URQ9PB" duration="00:00:00.0000063" startTime="2022-06-13T21:12:18.5949729+02:00" endTime="2022-06-13T21:12:18.5950371+02:00" testType="13cdc9d9-ddb5-4fa4-a97d-d965ccfc6d4b" outcome="Passed" testListId="8c84fa94-04c1-424b-9868-57a2d4851a1d" relativeResultsDirectory="0fd4dd33-a2fa-4cff-928a-637242da2899" />
    <UnitTestResult executionId="380b3f25-baa9-4234-9027-0c96276dd58a" testId="06c77959-49e7-4fca-a881-1a1f0eea3865" testName="FormatToStringTest1000 (11430.666613002619,11430.67 zł)" computerName="DESKTOP-5URQ9PB" duration="00:00:00.0000064" startTime="2022-06-13T21:12:18.3492253+02:00" endTime="2022-06-13T21:12:18.3492922+02:00" testType="13cdc9d9-ddb5-4fa4-a97d-d965ccfc6d4b" outcome="Passed" testListId="8c84fa94-04c1-424b-9868-57a2d4851a1d" relativeResultsDirectory="380b3f25-baa9-4234-9027-0c96276dd58a" />
    <UnitTestResult executionId="56637f6d-6c47-43b0-af18-a0d1628d13f0" testId="4ed5dff5-15bd-4a99-988e-02052de3e9bc" testName="FormatToStringTest1000 (100.45267071130345,100.45 zł)" computerName="DESKTOP-5URQ9PB" duration="00:00:00.0000060" startTime="2022-06-13T21:12:18.3566524+02:00" endTime="2022-06-13T21:12:18.3567196+02:00" testType="13cdc9d9-ddb5-4fa4-a97d-d965ccfc6d4b" outcome="Passed" testListId="8c84fa94-04c1-424b-9868-57a2d4851a1d" relativeResultsDirectory="56637f6d-6c47-43b0-af18-a0d1628d13f0" />
    <UnitTestResult executionId="a6c7ff70-b528-4cae-99be-2d3bae43006f" testId="ecf5418e-a557-4bcd-9df0-7f2c8110fa8b" testName="FormatToStringTest1000 (286.92120604539343,286.92 zł)" computerName="DESKTOP-5URQ9PB" duration="00:00:00.0000065" startTime="2022-06-13T21:12:18.2777033+02:00" endTime="2022-06-13T21:12:18.2777734+02:00" testType="13cdc9d9-ddb5-4fa4-a97d-d965ccfc6d4b" outcome="Passed" testListId="8c84fa94-04c1-424b-9868-57a2d4851a1d" relativeResultsDirectory="a6c7ff70-b528-4cae-99be-2d3bae43006f" />
    <UnitTestResult executionId="725082a3-e7ea-4712-ae7e-6bfbe9b1dd22" testId="0d29cfb7-d7a2-4073-812f-972d2a55c955" testName="FormatToStringTest1000 (2937.138486199611,2937.14 zł)" computerName="DESKTOP-5URQ9PB" duration="00:00:00.0000067" startTime="2022-06-13T21:12:18.3000459+02:00" endTime="2022-06-13T21:12:18.3001247+02:00" testType="13cdc9d9-ddb5-4fa4-a97d-d965ccfc6d4b" outcome="Passed" testListId="8c84fa94-04c1-424b-9868-57a2d4851a1d" relativeResultsDirectory="725082a3-e7ea-4712-ae7e-6bfbe9b1dd22" />
    <UnitTestResult executionId="1d7d1e7c-27a6-4f26-accf-181671e591ac" testId="d3f97af1-3dcd-41c9-9fad-d9a99c5ad843" testName="FormatToStringTest1000 (7396.940188290057,7396.94 zł)" computerName="DESKTOP-5URQ9PB" duration="00:00:00.0000063" startTime="2022-06-13T21:12:18.6175348+02:00" endTime="2022-06-13T21:12:18.6175996+02:00" testType="13cdc9d9-ddb5-4fa4-a97d-d965ccfc6d4b" outcome="Passed" testListId="8c84fa94-04c1-424b-9868-57a2d4851a1d" relativeResultsDirectory="1d7d1e7c-27a6-4f26-accf-181671e591ac" />
    <UnitTestResult executionId="d1fc8a18-7544-459f-bf0e-8a03882fbf84" testId="e7ebc8ff-7741-4c55-b73f-98c419a9cbec" testName="FormatToStringTest1000 (19463.08761954917,19463.09 zł)" computerName="DESKTOP-5URQ9PB" duration="00:00:00.0000064" startTime="2022-06-13T21:12:18.4749794+02:00" endTime="2022-06-13T21:12:18.4750556+02:00" testType="13cdc9d9-ddb5-4fa4-a97d-d965ccfc6d4b" outcome="Passed" testListId="8c84fa94-04c1-424b-9868-57a2d4851a1d" relativeResultsDirectory="d1fc8a18-7544-459f-bf0e-8a03882fbf84" />
    <UnitTestResult executionId="92b13c8f-00fd-45f9-b2aa-24b1d14034d6" testId="a5eeeb56-8bb6-4283-a6f9-9b010a191f80" testName="FormatToStringTest1000 (31971.185406704986,31971.19 zł)" computerName="DESKTOP-5URQ9PB" duration="00:00:00.0000062" startTime="2022-06-13T21:12:18.4685326+02:00" endTime="2022-06-13T21:12:18.4685990+02:00" testType="13cdc9d9-ddb5-4fa4-a97d-d965ccfc6d4b" outcome="Passed" testListId="8c84fa94-04c1-424b-9868-57a2d4851a1d" relativeResultsDirectory="92b13c8f-00fd-45f9-b2aa-24b1d14034d6" />
    <UnitTestResult executionId="595801ff-9e20-484e-ba20-3f71caa4546f" testId="c3627e68-a43a-44e4-815a-58b416f6334e" testName="FormatToStringTest1000 (58111.21259843521,58111.21 zł)" computerName="DESKTOP-5URQ9PB" duration="00:00:00.0000063" startTime="2022-06-13T21:12:18.3524750+02:00" endTime="2022-06-13T21:12:18.3525446+02:00" testType="13cdc9d9-ddb5-4fa4-a97d-d965ccfc6d4b" outcome="Passed" testListId="8c84fa94-04c1-424b-9868-57a2d4851a1d" relativeResultsDirectory="595801ff-9e20-484e-ba20-3f71caa4546f" />
    <UnitTestResult executionId="aae97ef6-f74b-4203-9dc4-6b2788b7fcbc" testId="e42429df-ea16-4ca3-99d3-ecf15d942b07" testName="FormatToStringTest1000 (14719.97001409762,14719.97 zł)" computerName="DESKTOP-5URQ9PB" duration="00:00:00.0000067" startTime="2022-06-13T21:12:18.3458843+02:00" endTime="2022-06-13T21:12:18.3459628+02:00" testType="13cdc9d9-ddb5-4fa4-a97d-d965ccfc6d4b" outcome="Passed" testListId="8c84fa94-04c1-424b-9868-57a2d4851a1d" relativeResultsDirectory="aae97ef6-f74b-4203-9dc4-6b2788b7fcbc" />
    <UnitTestResult executionId="eeffabe6-48ca-4c4a-a91e-6ed2f306b7bb" testId="17875293-8923-4589-b420-6279bfdc7745" testName="FormatToStringTest1000 (2444.4726240530017,2444.47 zł)" computerName="DESKTOP-5URQ9PB" duration="00:00:00.0000060" startTime="2022-06-13T21:12:18.6069831+02:00" endTime="2022-06-13T21:12:18.6070474+02:00" testType="13cdc9d9-ddb5-4fa4-a97d-d965ccfc6d4b" outcome="Passed" testListId="8c84fa94-04c1-424b-9868-57a2d4851a1d" relativeResultsDirectory="eeffabe6-48ca-4c4a-a91e-6ed2f306b7bb" />
    <UnitTestResult executionId="269d89be-aa53-46d2-99e9-af847d9ca5b1" testId="357e1fc7-3d21-4b13-9485-cfd7a48fe9b9" testName="FormatToStringTest1000 (35784.54232617307,35784.54 zł)" computerName="DESKTOP-5URQ9PB" duration="00:00:00.0000064" startTime="2022-06-13T21:12:18.2873581+02:00" endTime="2022-06-13T21:12:18.2874257+02:00" testType="13cdc9d9-ddb5-4fa4-a97d-d965ccfc6d4b" outcome="Passed" testListId="8c84fa94-04c1-424b-9868-57a2d4851a1d" relativeResultsDirectory="269d89be-aa53-46d2-99e9-af847d9ca5b1" />
    <UnitTestResult executionId="ad577343-c62a-48be-91d4-a7f41fe92e13" testId="5bc70216-b731-44a4-a181-596127d12ab1" testName="FormatToStringTest1000 (26529.10838037036,26529.11 zł)" computerName="DESKTOP-5URQ9PB" duration="00:00:00.0000068" startTime="2022-06-13T21:12:18.6172126+02:00" endTime="2022-06-13T21:12:18.6172773+02:00" testType="13cdc9d9-ddb5-4fa4-a97d-d965ccfc6d4b" outcome="Passed" testListId="8c84fa94-04c1-424b-9868-57a2d4851a1d" relativeResultsDirectory="ad577343-c62a-48be-91d4-a7f41fe92e13" />
    <UnitTestResult executionId="5ce2b90c-0e3d-4310-ae61-c78febd4a0a6" testId="2a1b8993-a06b-427a-9811-5b04b8418c82" testName="FormatToStringTest1000 (54678.59301593089,54678.59 zł)" computerName="DESKTOP-5URQ9PB" duration="00:00:00.0000063" startTime="2022-06-13T21:12:18.5566160+02:00" endTime="2022-06-13T21:12:18.5566830+02:00" testType="13cdc9d9-ddb5-4fa4-a97d-d965ccfc6d4b" outcome="Passed" testListId="8c84fa94-04c1-424b-9868-57a2d4851a1d" relativeResultsDirectory="5ce2b90c-0e3d-4310-ae61-c78febd4a0a6" />
    <UnitTestResult executionId="0fba2a08-0d6f-4c9f-bae5-b3d203995b7a" testId="1ae5de73-ffa2-4313-a31e-4831bd91c72a" testName="FormatToStringTest1000 (29417.800422138444,29417.80 zł)" computerName="DESKTOP-5URQ9PB" duration="00:00:00.0000063" startTime="2022-06-13T21:12:18.3673359+02:00" endTime="2022-06-13T21:12:18.3674027+02:00" testType="13cdc9d9-ddb5-4fa4-a97d-d965ccfc6d4b" outcome="Passed" testListId="8c84fa94-04c1-424b-9868-57a2d4851a1d" relativeResultsDirectory="0fba2a08-0d6f-4c9f-bae5-b3d203995b7a" />
    <UnitTestResult executionId="57d5eb36-2e37-4a64-80f2-12a0e305f307" testId="183a53ed-bf4b-4416-9f6c-1ce644a1a3dd" testName="FormatToStringTest1000 (31622.81414407809,31622.81 zł)" computerName="DESKTOP-5URQ9PB" duration="00:00:00.0000062" startTime="2022-06-13T21:12:18.6122960+02:00" endTime="2022-06-13T21:12:18.6123612+02:00" testType="13cdc9d9-ddb5-4fa4-a97d-d965ccfc6d4b" outcome="Passed" testListId="8c84fa94-04c1-424b-9868-57a2d4851a1d" relativeResultsDirectory="57d5eb36-2e37-4a64-80f2-12a0e305f307" />
    <UnitTestResult executionId="175b882e-b706-471e-9649-7b1edc5f4a83" testId="cce6d798-5b9e-4db8-a68a-a364dcce6cba" testName="FormatToStringTest1000 (12118.31777677048,12118.32 zł)" computerName="DESKTOP-5URQ9PB" duration="00:00:00.0000065" startTime="2022-06-13T21:12:18.5699235+02:00" endTime="2022-06-13T21:12:18.5699931+02:00" testType="13cdc9d9-ddb5-4fa4-a97d-d965ccfc6d4b" outcome="Passed" testListId="8c84fa94-04c1-424b-9868-57a2d4851a1d" relativeResultsDirectory="175b882e-b706-471e-9649-7b1edc5f4a83" />
    <UnitTestResult executionId="446a130a-de2e-40d8-80ca-d9d0ad545b0a" testId="2b660855-cd35-434a-b04f-9b08aadb64f7" testName="FormatToStringTest1000 (9503.466049463705,9503.47 zł)" computerName="DESKTOP-5URQ9PB" duration="00:00:00.0000070" startTime="2022-06-13T21:12:18.5047701+02:00" endTime="2022-06-13T21:12:18.5048498+02:00" testType="13cdc9d9-ddb5-4fa4-a97d-d965ccfc6d4b" outcome="Passed" testListId="8c84fa94-04c1-424b-9868-57a2d4851a1d" relativeResultsDirectory="446a130a-de2e-40d8-80ca-d9d0ad545b0a" />
    <UnitTestResult executionId="a560b43b-39ff-41e6-963d-eab7ad1fc6a1" testId="860f39af-9832-40d1-867c-e7d6a52240d5" testName="FormatToStringTest1000 (57713.01647853712,57713.02 zł)" computerName="DESKTOP-5URQ9PB" duration="00:00:00.0000442" startTime="2022-06-13T21:12:18.4832968+02:00" endTime="2022-06-13T21:12:18.4838402+02:00" testType="13cdc9d9-ddb5-4fa4-a97d-d965ccfc6d4b" outcome="Passed" testListId="8c84fa94-04c1-424b-9868-57a2d4851a1d" relativeResultsDirectory="a560b43b-39ff-41e6-963d-eab7ad1fc6a1" />
    <UnitTestResult executionId="b3047c52-65f4-48b2-b6b9-c6f15ddad6ab" testId="764de168-941d-4f06-826c-1af8b6726c3d" testName="FormatToStringTest1000 (33851.35523524618,33851.36 zł)" computerName="DESKTOP-5URQ9PB" duration="00:00:00.0000072" startTime="2022-06-13T21:12:18.4657441+02:00" endTime="2022-06-13T21:12:18.4658114+02:00" testType="13cdc9d9-ddb5-4fa4-a97d-d965ccfc6d4b" outcome="Passed" testListId="8c84fa94-04c1-424b-9868-57a2d4851a1d" relativeResultsDirectory="b3047c52-65f4-48b2-b6b9-c6f15ddad6ab" />
    <UnitTestResult executionId="da92d8af-ba97-4ada-b617-88b577b0db10" testId="6e0e6900-5b05-4aae-8a04-17eb71af226c" testName="FormatToStringTest1000 (33970.38965150639,33970.39 zł)" computerName="DESKTOP-5URQ9PB" duration="00:00:00.0000063" startTime="2022-06-13T21:12:18.5670244+02:00" endTime="2022-06-13T21:12:18.5670883+02:00" testType="13cdc9d9-ddb5-4fa4-a97d-d965ccfc6d4b" outcome="Passed" testListId="8c84fa94-04c1-424b-9868-57a2d4851a1d" relativeResultsDirectory="da92d8af-ba97-4ada-b617-88b577b0db10" />
    <UnitTestResult executionId="96863817-eb8e-4e0a-b5ed-a19e8e20870b" testId="942f50d6-08a0-42f1-b698-b0cbfed4c17e" testName="FormatToStringTest1000 (36211.11038300866,36211.11 zł)" computerName="DESKTOP-5URQ9PB" duration="00:00:00.0000062" startTime="2022-06-13T21:12:18.5644007+02:00" endTime="2022-06-13T21:12:18.5644656+02:00" testType="13cdc9d9-ddb5-4fa4-a97d-d965ccfc6d4b" outcome="Passed" testListId="8c84fa94-04c1-424b-9868-57a2d4851a1d" relativeResultsDirectory="96863817-eb8e-4e0a-b5ed-a19e8e20870b" />
    <UnitTestResult executionId="bd796776-a511-48d3-927a-19e632c9995d" testId="9e19f1fc-ab34-4d59-8bed-effd4b42b3f5" testName="FormatToStringTest1000 (626.135364110179,626.14 zł)" computerName="DESKTOP-5URQ9PB" duration="00:00:00.0000067" startTime="2022-06-13T21:12:18.3529184+02:00" endTime="2022-06-13T21:12:18.3529868+02:00" testType="13cdc9d9-ddb5-4fa4-a97d-d965ccfc6d4b" outcome="Passed" testListId="8c84fa94-04c1-424b-9868-57a2d4851a1d" relativeResultsDirectory="bd796776-a511-48d3-927a-19e632c9995d" />
    <UnitTestResult executionId="2b197e2d-0ba5-4295-ad72-906e2aa8ed86" testId="bc6f5c59-2d29-4a58-86de-cf0d0df97e03" testName="FormatToStringTest1000 (74514.06270644537,74514.06 zł)" computerName="DESKTOP-5URQ9PB" duration="00:00:00.0000099" startTime="2022-06-13T21:12:18.3094196+02:00" endTime="2022-06-13T21:12:18.3095482+02:00" testType="13cdc9d9-ddb5-4fa4-a97d-d965ccfc6d4b" outcome="Passed" testListId="8c84fa94-04c1-424b-9868-57a2d4851a1d" relativeResultsDirectory="2b197e2d-0ba5-4295-ad72-906e2aa8ed86" />
    <UnitTestResult executionId="e45107e0-435e-4d1d-acac-dd828149ea22" testId="d3a9de98-45c4-4614-8f6a-61244be350ea" testName="FormatToStringTest1000 (31805.23430354532,31805.23 zł)" computerName="DESKTOP-5URQ9PB" duration="00:00:00.0000063" startTime="2022-06-13T21:12:18.5539097+02:00" endTime="2022-06-13T21:12:18.5539751+02:00" testType="13cdc9d9-ddb5-4fa4-a97d-d965ccfc6d4b" outcome="Passed" testListId="8c84fa94-04c1-424b-9868-57a2d4851a1d" relativeResultsDirectory="e45107e0-435e-4d1d-acac-dd828149ea22" />
    <UnitTestResult executionId="2ce6590a-f6e6-4140-9c56-de645bd2ef23" testId="519504b1-4408-4009-ab17-76351c12cd34" testName="FormatToStringTest1000 (19462.729986486367,19462.73 zł)" computerName="DESKTOP-5URQ9PB" duration="00:00:00.0000070" startTime="2022-06-13T21:12:18.5387631+02:00" endTime="2022-06-13T21:12:18.5388388+02:00" testType="13cdc9d9-ddb5-4fa4-a97d-d965ccfc6d4b" outcome="Passed" testListId="8c84fa94-04c1-424b-9868-57a2d4851a1d" relativeResultsDirectory="2ce6590a-f6e6-4140-9c56-de645bd2ef23" />
    <UnitTestResult executionId="f7f9d95d-1663-4b27-98e6-e498d628ac9c" testId="eb5a8279-6964-459e-8b96-8d0db23c8bab" testName="FormatToStringTest1000 (591.2110872302256,591.21 zł)" computerName="DESKTOP-5URQ9PB" duration="00:00:00.0000065" startTime="2022-06-13T21:12:18.2907221+02:00" endTime="2022-06-13T21:12:18.2907892+02:00" testType="13cdc9d9-ddb5-4fa4-a97d-d965ccfc6d4b" outcome="Passed" testListId="8c84fa94-04c1-424b-9868-57a2d4851a1d" relativeResultsDirectory="f7f9d95d-1663-4b27-98e6-e498d628ac9c" />
    <UnitTestResult executionId="daf93013-7fad-4a47-ab1f-e4c9e05e654a" testId="a542d19b-4345-4f60-8d32-20a3d32b8016" testName="FormatToStringTest1000 (22604.838218828587,22604.84 zł)" computerName="DESKTOP-5URQ9PB" duration="00:00:00.0000063" startTime="2022-06-13T21:12:18.2876152+02:00" endTime="2022-06-13T21:12:18.2876820+02:00" testType="13cdc9d9-ddb5-4fa4-a97d-d965ccfc6d4b" outcome="Passed" testListId="8c84fa94-04c1-424b-9868-57a2d4851a1d" relativeResultsDirectory="daf93013-7fad-4a47-ab1f-e4c9e05e654a" />
    <UnitTestResult executionId="6050e55f-59f8-4347-90e5-8715fd3ac48c" testId="39e1c83e-0b09-446c-83ca-880860dbb0c0" testName="FormatToStringTest1000 (9661.966055578536,9661.97 zł)" computerName="DESKTOP-5URQ9PB" duration="00:00:00.0000066" startTime="2022-06-13T21:12:18.4135632+02:00" endTime="2022-06-13T21:12:18.4136309+02:00" testType="13cdc9d9-ddb5-4fa4-a97d-d965ccfc6d4b" outcome="Passed" testListId="8c84fa94-04c1-424b-9868-57a2d4851a1d" relativeResultsDirectory="6050e55f-59f8-4347-90e5-8715fd3ac48c" />
    <UnitTestResult executionId="4b7f43e4-920f-490d-880e-2e8ea0d7cbb1" testId="1307b092-3f8a-4662-bb09-fea30b7186db" testName="FormatToStringTest1000 (1313.0279238368514,1313.03 zł)" computerName="DESKTOP-5URQ9PB" duration="00:00:00.0000063" startTime="2022-06-13T21:12:18.5537428+02:00" endTime="2022-06-13T21:12:18.5538073+02:00" testType="13cdc9d9-ddb5-4fa4-a97d-d965ccfc6d4b" outcome="Passed" testListId="8c84fa94-04c1-424b-9868-57a2d4851a1d" relativeResultsDirectory="4b7f43e4-920f-490d-880e-2e8ea0d7cbb1" />
    <UnitTestResult executionId="72f1c365-d2bd-4155-9a45-fbb5dd900436" testId="c31927ed-76f2-4f48-b1d6-87cf8004ba80" testName="FormatToStringTest1000 (1963.0091662979728,1963.01 zł)" computerName="DESKTOP-5URQ9PB" duration="00:00:00.0000064" startTime="2022-06-13T21:12:18.5736401+02:00" endTime="2022-06-13T21:12:18.5737077+02:00" testType="13cdc9d9-ddb5-4fa4-a97d-d965ccfc6d4b" outcome="Passed" testListId="8c84fa94-04c1-424b-9868-57a2d4851a1d" relativeResultsDirectory="72f1c365-d2bd-4155-9a45-fbb5dd900436" />
    <UnitTestResult executionId="7a673c1f-ad4e-4321-a497-38974b2c77f2" testId="8c511cc3-bceb-45ee-8551-bc8167a0438f" testName="FormatToStringTest1000 (79764.77845563217,79764.78 zł)" computerName="DESKTOP-5URQ9PB" duration="00:00:00.0000079" startTime="2022-06-13T21:12:18.3771020+02:00" endTime="2022-06-13T21:12:18.3772071+02:00" testType="13cdc9d9-ddb5-4fa4-a97d-d965ccfc6d4b" outcome="Passed" testListId="8c84fa94-04c1-424b-9868-57a2d4851a1d" relativeResultsDirectory="7a673c1f-ad4e-4321-a497-38974b2c77f2" />
    <UnitTestResult executionId="e182b97a-87ed-40ac-b681-19722c956f5b" testId="40abec62-30b3-4c66-847e-4a8cf36b97c9" testName="FormatToStringTest1000 (9517.514896326473,9517.51 zł)" computerName="DESKTOP-5URQ9PB" duration="00:00:00.0000063" startTime="2022-06-13T21:12:18.5191922+02:00" endTime="2022-06-13T21:12:18.5192621+02:00" testType="13cdc9d9-ddb5-4fa4-a97d-d965ccfc6d4b" outcome="Passed" testListId="8c84fa94-04c1-424b-9868-57a2d4851a1d" relativeResultsDirectory="e182b97a-87ed-40ac-b681-19722c956f5b" />
    <UnitTestResult executionId="2c5652d6-6fad-4e54-9eee-afafbbf036f6" testId="aa0308d2-eb69-4340-8eaf-7bab7ffc4532" testName="FormatToStringTest1000 (39178.05988345298,39178.06 zł)" computerName="DESKTOP-5URQ9PB" duration="00:00:00.0000066" startTime="2022-06-13T21:12:18.3027466+02:00" endTime="2022-06-13T21:12:18.3028227+02:00" testType="13cdc9d9-ddb5-4fa4-a97d-d965ccfc6d4b" outcome="Passed" testListId="8c84fa94-04c1-424b-9868-57a2d4851a1d" relativeResultsDirectory="2c5652d6-6fad-4e54-9eee-afafbbf036f6" />
    <UnitTestResult executionId="8860863d-e904-423d-bf97-8e6486dca96c" testId="57405539-b24b-448c-bffe-4507f81f2558" testName="FormatToStringTest1000 (12528.413830086782,12528.41 zł)" computerName="DESKTOP-5URQ9PB" duration="00:00:00.0000062" startTime="2022-06-13T21:12:18.4533448+02:00" endTime="2022-06-13T21:12:18.4534112+02:00" testType="13cdc9d9-ddb5-4fa4-a97d-d965ccfc6d4b" outcome="Passed" testListId="8c84fa94-04c1-424b-9868-57a2d4851a1d" relativeResultsDirectory="8860863d-e904-423d-bf97-8e6486dca96c" />
    <UnitTestResult executionId="b9555832-bda1-48d5-8056-8fe52d842abe" testId="2a8de387-1db4-443f-8560-6c5038ec5081" testName="FormatToStringTest1000 (2992.6161168593057,2992.62 zł)" computerName="DESKTOP-5URQ9PB" duration="00:00:00.0000061" startTime="2022-06-13T21:12:18.5790224+02:00" endTime="2022-06-13T21:12:18.5790872+02:00" testType="13cdc9d9-ddb5-4fa4-a97d-d965ccfc6d4b" outcome="Passed" testListId="8c84fa94-04c1-424b-9868-57a2d4851a1d" relativeResultsDirectory="b9555832-bda1-48d5-8056-8fe52d842abe" />
    <UnitTestResult executionId="f7ac0860-686c-4d22-b523-e17ae78f84f6" testId="5e9f3455-a828-4f23-81d1-72e259b25c43" testName="FormatToStringTest1000 (82228.32322510486,82228.32 zł)" computerName="DESKTOP-5URQ9PB" duration="00:00:00.0000286" startTime="2022-06-13T21:12:18.4921733+02:00" endTime="2022-06-13T21:12:18.4924782+02:00" testType="13cdc9d9-ddb5-4fa4-a97d-d965ccfc6d4b" outcome="Passed" testListId="8c84fa94-04c1-424b-9868-57a2d4851a1d" relativeResultsDirectory="f7ac0860-686c-4d22-b523-e17ae78f84f6" />
    <UnitTestResult executionId="f8e78404-2637-454e-af31-df3831b8b1cd" testId="584a3dcb-bd76-4678-8f1f-28cb556db45a" testName="FormatToStringTest1000 (13541.45472935096,13541.45 zł)" computerName="DESKTOP-5URQ9PB" duration="00:00:00.0000061" startTime="2022-06-13T21:12:18.5256395+02:00" endTime="2022-06-13T21:12:18.5257039+02:00" testType="13cdc9d9-ddb5-4fa4-a97d-d965ccfc6d4b" outcome="Passed" testListId="8c84fa94-04c1-424b-9868-57a2d4851a1d" relativeResultsDirectory="f8e78404-2637-454e-af31-df3831b8b1cd" />
    <UnitTestResult executionId="1124ded7-ef98-427f-94ff-8fbbb309c813" testId="daff2426-a709-400c-abd6-51d9ad8d41e8" testName="FormatToStringTest1000 (2166.4103293970275,2166.41 zł)" computerName="DESKTOP-5URQ9PB" duration="00:00:00.0000064" startTime="2022-06-13T21:12:18.4655754+02:00" endTime="2022-06-13T21:12:18.4656424+02:00" testType="13cdc9d9-ddb5-4fa4-a97d-d965ccfc6d4b" outcome="Passed" testListId="8c84fa94-04c1-424b-9868-57a2d4851a1d" relativeResultsDirectory="1124ded7-ef98-427f-94ff-8fbbb309c813" />
    <UnitTestResult executionId="5cf67eea-0a08-4af7-9f83-d0e126f75b93" testId="8b20d756-7710-4829-822d-dbd2dbd13066" testName="FormatToStringTest1000 (1745.490603896552,1745.49 zł)" computerName="DESKTOP-5URQ9PB" duration="00:00:00.0000064" startTime="2022-06-13T21:12:18.3562194+02:00" endTime="2022-06-13T21:12:18.3562918+02:00" testType="13cdc9d9-ddb5-4fa4-a97d-d965ccfc6d4b" outcome="Passed" testListId="8c84fa94-04c1-424b-9868-57a2d4851a1d" relativeResultsDirectory="5cf67eea-0a08-4af7-9f83-d0e126f75b93" />
    <UnitTestResult executionId="6fceec36-ac31-43c5-800b-14eea7147901" testId="9092d4ef-9cf0-4a6c-994c-d8e66dc01782" testName="FormatToStringTest1000 (4121.116360678857,4121.12 zł)" computerName="DESKTOP-5URQ9PB" duration="00:00:00.0000063" startTime="2022-06-13T21:12:18.4428217+02:00" endTime="2022-06-13T21:12:18.4428921+02:00" testType="13cdc9d9-ddb5-4fa4-a97d-d965ccfc6d4b" outcome="Passed" testListId="8c84fa94-04c1-424b-9868-57a2d4851a1d" relativeResultsDirectory="6fceec36-ac31-43c5-800b-14eea7147901" />
    <UnitTestResult executionId="60579a7e-1507-4889-b353-518b0c418a2c" testId="d76f6e3e-cd71-43cd-aa5f-d56342e69a8f" testName="FormatToStringTest1000 (27751.474436297303,27751.47 zł)" computerName="DESKTOP-5URQ9PB" duration="00:00:00.0000062" startTime="2022-06-13T21:12:18.5535037+02:00" endTime="2022-06-13T21:12:18.5535676+02:00" testType="13cdc9d9-ddb5-4fa4-a97d-d965ccfc6d4b" outcome="Passed" testListId="8c84fa94-04c1-424b-9868-57a2d4851a1d" relativeResultsDirectory="60579a7e-1507-4889-b353-518b0c418a2c" />
    <UnitTestResult executionId="98a2ed4d-8833-4df5-a9df-f49b95fc8842" testId="b4a27b5f-6820-44b1-a2a2-59bbe3bd843a" testName="FormatToStringTest1000 (57809.74722876295,57809.75 zł)" computerName="DESKTOP-5URQ9PB" duration="00:00:00.0000064" startTime="2022-06-13T21:12:18.4589762+02:00" endTime="2022-06-13T21:12:18.4590435+02:00" testType="13cdc9d9-ddb5-4fa4-a97d-d965ccfc6d4b" outcome="Passed" testListId="8c84fa94-04c1-424b-9868-57a2d4851a1d" relativeResultsDirectory="98a2ed4d-8833-4df5-a9df-f49b95fc8842" />
    <UnitTestResult executionId="e3af26e7-f52f-4e36-a008-366306646363" testId="07b4c2c8-e370-48ef-9e2c-a151d1e89790" testName="FormatToStringTest1000 (67230.86250807665,67230.86 zł)" computerName="DESKTOP-5URQ9PB" duration="00:00:00.0000110" startTime="2022-06-13T21:12:18.3229038+02:00" endTime="2022-06-13T21:12:18.3230460+02:00" testType="13cdc9d9-ddb5-4fa4-a97d-d965ccfc6d4b" outcome="Passed" testListId="8c84fa94-04c1-424b-9868-57a2d4851a1d" relativeResultsDirectory="e3af26e7-f52f-4e36-a008-366306646363" />
    <UnitTestResult executionId="6bda7493-5869-4e1b-9dc6-55fc74b9e9e0" testId="0e2503a8-025a-425f-90d5-ec4a35a81d89" testName="FormatToStringTest1000 (95353.10327693219,95353.10 zł)" computerName="DESKTOP-5URQ9PB" duration="00:00:00.0000066" startTime="2022-06-13T21:12:18.3456223+02:00" endTime="2022-06-13T21:12:18.3456939+02:00" testType="13cdc9d9-ddb5-4fa4-a97d-d965ccfc6d4b" outcome="Passed" testListId="8c84fa94-04c1-424b-9868-57a2d4851a1d" relativeResultsDirectory="6bda7493-5869-4e1b-9dc6-55fc74b9e9e0" />
    <UnitTestResult executionId="f67f116b-33ec-4ba8-846a-39ed5b365481" testId="102b1747-f3aa-4ae0-affc-641afaf5d45c" testName="FormatToStringTest1000 (29539.32303995328,29539.32 zł)" computerName="DESKTOP-5URQ9PB" duration="00:00:00.0000063" startTime="2022-06-13T21:12:18.4425690+02:00" endTime="2022-06-13T21:12:18.4426361+02:00" testType="13cdc9d9-ddb5-4fa4-a97d-d965ccfc6d4b" outcome="Passed" testListId="8c84fa94-04c1-424b-9868-57a2d4851a1d" relativeResultsDirectory="f67f116b-33ec-4ba8-846a-39ed5b365481" />
    <UnitTestResult executionId="e890bd4f-e910-42ea-b805-2446c003f785" testId="76c47212-3cd0-4ffa-837f-d400440c72d9" testName="FormatToStringTest1000 (14063.90676654871,14063.91 zł)" computerName="DESKTOP-5URQ9PB" duration="00:00:00.0000070" startTime="2022-06-13T21:12:18.5391899+02:00" endTime="2022-06-13T21:12:18.5392549+02:00" testType="13cdc9d9-ddb5-4fa4-a97d-d965ccfc6d4b" outcome="Passed" testListId="8c84fa94-04c1-424b-9868-57a2d4851a1d" relativeResultsDirectory="e890bd4f-e910-42ea-b805-2446c003f785" />
    <UnitTestResult executionId="133c7843-3829-4009-bd57-1d626befe26b" testId="1fbae925-ce1b-4d52-a675-f7c76eca9416" testName="FormatToStringTest1000 (4002.4180488374172,4002.42 zł)" computerName="DESKTOP-5URQ9PB" duration="00:00:00.0000063" startTime="2022-06-13T21:12:18.6016293+02:00" endTime="2022-06-13T21:12:18.6016927+02:00" testType="13cdc9d9-ddb5-4fa4-a97d-d965ccfc6d4b" outcome="Passed" testListId="8c84fa94-04c1-424b-9868-57a2d4851a1d" relativeResultsDirectory="133c7843-3829-4009-bd57-1d626befe26b" />
    <UnitTestResult executionId="1822df2d-7c5e-4f2c-9946-271a894c540d" testId="a418fb1c-fda1-4a05-85ab-de18d9bde6ec" testName="FormatToStringTest1000 (63291.50274994015,63291.50 zł)" computerName="DESKTOP-5URQ9PB" duration="00:00:00.0000077" startTime="2022-06-13T21:12:18.4458548+02:00" endTime="2022-06-13T21:12:18.4459414+02:00" testType="13cdc9d9-ddb5-4fa4-a97d-d965ccfc6d4b" outcome="Passed" testListId="8c84fa94-04c1-424b-9868-57a2d4851a1d" relativeResultsDirectory="1822df2d-7c5e-4f2c-9946-271a894c540d" />
    <UnitTestResult executionId="1902306e-6c7b-4fce-a70e-095649ff73af" testId="1d17fb3e-51cf-4fc0-8e07-576e040ab321" testName="FormatToStringTest1000 (30199.386730006612,30199.39 zł)" computerName="DESKTOP-5URQ9PB" duration="00:00:00.0000064" startTime="2022-06-13T21:12:18.6013842+02:00" endTime="2022-06-13T21:12:18.6014491+02:00" testType="13cdc9d9-ddb5-4fa4-a97d-d965ccfc6d4b" outcome="Passed" testListId="8c84fa94-04c1-424b-9868-57a2d4851a1d" relativeResultsDirectory="1902306e-6c7b-4fce-a70e-095649ff73af" />
    <UnitTestResult executionId="a2c6cc2b-c9fe-4f4a-bfdd-96e16b4fea4c" testId="77c196c6-1884-4ed2-a1eb-f065f665b378" testName="FormatToStringTest1000 (2505.286326204094,2505.29 zł)" computerName="DESKTOP-5URQ9PB" duration="00:00:00.0000062" startTime="2022-06-13T21:12:18.4658288+02:00" endTime="2022-06-13T21:12:18.4658953+02:00" testType="13cdc9d9-ddb5-4fa4-a97d-d965ccfc6d4b" outcome="Passed" testListId="8c84fa94-04c1-424b-9868-57a2d4851a1d" relativeResultsDirectory="a2c6cc2b-c9fe-4f4a-bfdd-96e16b4fea4c" />
    <UnitTestResult executionId="81281eca-05a4-48b4-a46b-9458b7fa1f7e" testId="bd0ae762-64c8-4353-974a-6d148682f084" testName="FormatToStringTest1000 (71554.9786298829,71554.98 zł)" computerName="DESKTOP-5URQ9PB" duration="00:00:00.0000064" startTime="2022-06-13T21:12:18.5512750+02:00" endTime="2022-06-13T21:12:18.5513370+02:00" testType="13cdc9d9-ddb5-4fa4-a97d-d965ccfc6d4b" outcome="Passed" testListId="8c84fa94-04c1-424b-9868-57a2d4851a1d" relativeResultsDirectory="81281eca-05a4-48b4-a46b-9458b7fa1f7e" />
    <UnitTestResult executionId="c6d61d63-2183-4a67-9736-fd2141a3aff2" testId="2abd9cc1-dc96-4b6f-8115-794ba8b3810c" testName="FormatToStringTest1000 (75915.01943546813,75915.02 zł)" computerName="DESKTOP-5URQ9PB" duration="00:00:00.0000062" startTime="2022-06-13T21:12:18.4107447+02:00" endTime="2022-06-13T21:12:18.4108109+02:00" testType="13cdc9d9-ddb5-4fa4-a97d-d965ccfc6d4b" outcome="Passed" testListId="8c84fa94-04c1-424b-9868-57a2d4851a1d" relativeResultsDirectory="c6d61d63-2183-4a67-9736-fd2141a3aff2" />
    <UnitTestResult executionId="c71381d5-e4c3-4a11-bcff-253b7b0a5fbc" testId="29037cb1-3b84-47e2-84cc-287cc85ede8a" testName="FormatToStringTest1000 (46898.00219497783,46898.00 zł)" computerName="DESKTOP-5URQ9PB" duration="00:00:00.0000066" startTime="2022-06-13T21:12:18.3061753+02:00" endTime="2022-06-13T21:12:18.3062517+02:00" testType="13cdc9d9-ddb5-4fa4-a97d-d965ccfc6d4b" outcome="Passed" testListId="8c84fa94-04c1-424b-9868-57a2d4851a1d" relativeResultsDirectory="c71381d5-e4c3-4a11-bcff-253b7b0a5fbc" />
    <UnitTestResult executionId="879218c1-b2ca-4d55-ab60-c880cc54b419" testId="6a3842d8-105e-45dc-9475-bddf0c3a7897" testName="FormatToStringTest1000 (1669.555150571072,1669.56 zł)" computerName="DESKTOP-5URQ9PB" duration="00:00:00.0000063" startTime="2022-06-13T21:12:18.6150765+02:00" endTime="2022-06-13T21:12:18.6151409+02:00" testType="13cdc9d9-ddb5-4fa4-a97d-d965ccfc6d4b" outcome="Passed" testListId="8c84fa94-04c1-424b-9868-57a2d4851a1d" relativeResultsDirectory="879218c1-b2ca-4d55-ab60-c880cc54b419" />
    <UnitTestResult executionId="b61f113e-135b-4d74-b118-951c82c6fb36" testId="cec69b7b-2946-4b56-a15b-2c878f2f8d5e" testName="FormatToStringTest1000 (47393.54939526671,47393.55 zł)" computerName="DESKTOP-5URQ9PB" duration="00:00:00.0000071" startTime="2022-06-13T21:12:18.4299383+02:00" endTime="2022-06-13T21:12:18.4300171+02:00" testType="13cdc9d9-ddb5-4fa4-a97d-d965ccfc6d4b" outcome="Passed" testListId="8c84fa94-04c1-424b-9868-57a2d4851a1d" relativeResultsDirectory="b61f113e-135b-4d74-b118-951c82c6fb36" />
    <UnitTestResult executionId="a4533776-2804-4d95-b29e-16c6377154d1" testId="86cc06c1-291d-4c2f-b4d1-319867c294cd" testName="FormatToStringTest1000 (3588.260979617136,3588.26 zł)" computerName="DESKTOP-5URQ9PB" duration="00:00:00.0000074" startTime="2022-06-13T21:12:18.5868990+02:00" endTime="2022-06-13T21:12:18.5869799+02:00" testType="13cdc9d9-ddb5-4fa4-a97d-d965ccfc6d4b" outcome="Passed" testListId="8c84fa94-04c1-424b-9868-57a2d4851a1d" relativeResultsDirectory="a4533776-2804-4d95-b29e-16c6377154d1" />
    <UnitTestResult executionId="78089bcf-1615-4353-9666-86ee1d81b1d7" testId="07a08e8c-3009-41d6-ad87-81799bc86b04" testName="FormatToStringTest1000 (37614.50159416278,37614.50 zł)" computerName="DESKTOP-5URQ9PB" duration="00:00:00.0000067" startTime="2022-06-13T21:12:18.6208514+02:00" endTime="2022-06-13T21:12:18.6209496+02:00" testType="13cdc9d9-ddb5-4fa4-a97d-d965ccfc6d4b" outcome="Passed" testListId="8c84fa94-04c1-424b-9868-57a2d4851a1d" relativeResultsDirectory="78089bcf-1615-4353-9666-86ee1d81b1d7" />
    <UnitTestResult executionId="00a6cc24-c772-4eb9-9b52-f48bcfb4537a" testId="59ab91de-8775-47b1-bda1-b1deb969d9bc" testName="FormatToStringTest1000 (1011.9989482094529,1012.00 zł)" computerName="DESKTOP-5URQ9PB" duration="00:00:00.0000066" startTime="2022-06-13T21:12:18.5192790+02:00" endTime="2022-06-13T21:12:18.5193497+02:00" testType="13cdc9d9-ddb5-4fa4-a97d-d965ccfc6d4b" outcome="Passed" testListId="8c84fa94-04c1-424b-9868-57a2d4851a1d" relativeResultsDirectory="00a6cc24-c772-4eb9-9b52-f48bcfb4537a" />
    <UnitTestResult executionId="d1d05a54-431b-4170-82a9-a5fd71fc8641" testId="cbfda49d-063d-436b-b2ba-2f1e8e98c27e" testName="FormatToStringTest1000 (19189.32381924117,19189.32 zł)" computerName="DESKTOP-5URQ9PB" duration="00:00:00.0000154" startTime="2022-06-13T21:12:18.3704191+02:00" endTime="2022-06-13T21:12:18.3706453+02:00" testType="13cdc9d9-ddb5-4fa4-a97d-d965ccfc6d4b" outcome="Passed" testListId="8c84fa94-04c1-424b-9868-57a2d4851a1d" relativeResultsDirectory="d1d05a54-431b-4170-82a9-a5fd71fc8641" />
    <UnitTestResult executionId="011326cd-3bba-4131-9fee-9b14eced45a3" testId="87ca59b4-3fc9-4409-a9ff-2d9e7cefd500" testName="FormatToStringTest1000 (32812.53695512634,32812.54 zł)" computerName="DESKTOP-5URQ9PB" duration="00:00:00.0000071" startTime="2022-06-13T21:12:18.4042922+02:00" endTime="2022-06-13T21:12:18.4043717+02:00" testType="13cdc9d9-ddb5-4fa4-a97d-d965ccfc6d4b" outcome="Passed" testListId="8c84fa94-04c1-424b-9868-57a2d4851a1d" relativeResultsDirectory="011326cd-3bba-4131-9fee-9b14eced45a3" />
    <UnitTestResult executionId="d5567217-7927-4d0f-a1c4-2def42cd1468" testId="0d33ab82-a7fe-4fbe-98d8-135bbf4eb4f8" testName="FormatToStringTest1000 (13197.65136269417,13197.65 zł)" computerName="DESKTOP-5URQ9PB" duration="00:00:00.0000066" startTime="2022-06-13T21:12:18.4455642+02:00" endTime="2022-06-13T21:12:18.4456401+02:00" testType="13cdc9d9-ddb5-4fa4-a97d-d965ccfc6d4b" outcome="Passed" testListId="8c84fa94-04c1-424b-9868-57a2d4851a1d" relativeResultsDirectory="d5567217-7927-4d0f-a1c4-2def42cd1468" />
    <UnitTestResult executionId="ce7c3ad1-985f-46fc-bc7f-e1620745af28" testId="96609384-8b76-4eec-8661-16664cc174b0" testName="FormatToStringTest1000 (22592.465903659566,22592.47 zł)" computerName="DESKTOP-5URQ9PB" duration="00:00:00.0000104" startTime="2022-06-13T21:12:18.3388784+02:00" endTime="2022-06-13T21:12:18.3390207+02:00" testType="13cdc9d9-ddb5-4fa4-a97d-d965ccfc6d4b" outcome="Passed" testListId="8c84fa94-04c1-424b-9868-57a2d4851a1d" relativeResultsDirectory="ce7c3ad1-985f-46fc-bc7f-e1620745af28" />
    <UnitTestResult executionId="0a717e33-d6eb-4bdc-83fe-4bb51e036a9f" testId="79178cf2-bb7b-432c-9758-853a0ce9e639" testName="FormatToStringTest1000 (5876.112133716285,5876.11 zł)" computerName="DESKTOP-5URQ9PB" duration="00:00:00.0000062" startTime="2022-06-13T21:12:18.5815770+02:00" endTime="2022-06-13T21:12:18.5816425+02:00" testType="13cdc9d9-ddb5-4fa4-a97d-d965ccfc6d4b" outcome="Passed" testListId="8c84fa94-04c1-424b-9868-57a2d4851a1d" relativeResultsDirectory="0a717e33-d6eb-4bdc-83fe-4bb51e036a9f" />
    <UnitTestResult executionId="9a2177ba-1f43-46b0-825e-13acf5a6795d" testId="ad02e253-ba42-4132-9f1f-79d433df3666" testName="FormatToStringTest1000 (89093.57120939044,89093.57 zł)" computerName="DESKTOP-5URQ9PB" duration="00:00:00.0000064" startTime="2022-06-13T21:12:18.5669424+02:00" endTime="2022-06-13T21:12:18.5670071+02:00" testType="13cdc9d9-ddb5-4fa4-a97d-d965ccfc6d4b" outcome="Passed" testListId="8c84fa94-04c1-424b-9868-57a2d4851a1d" relativeResultsDirectory="9a2177ba-1f43-46b0-825e-13acf5a6795d" />
    <UnitTestResult executionId="0014776b-58a6-4de7-925b-d9f73f2463f5" testId="b6f63470-f368-4c1e-a204-8859e33f9682" testName="FormatToStringTest1000 (22678.795878462864,22678.80 zł)" computerName="DESKTOP-5URQ9PB" duration="00:00:00.0000070" startTime="2022-06-13T21:12:18.5640594+02:00" endTime="2022-06-13T21:12:18.5641371+02:00" testType="13cdc9d9-ddb5-4fa4-a97d-d965ccfc6d4b" outcome="Passed" testListId="8c84fa94-04c1-424b-9868-57a2d4851a1d" relativeResultsDirectory="0014776b-58a6-4de7-925b-d9f73f2463f5" />
    <UnitTestResult executionId="453dc4fc-7268-48d5-a11f-814a316a881c" testId="5c7b99ea-6aa6-4337-9af7-700be5a1e41b" testName="FormatToStringTest1000 (36047.83545033672,36047.84 zł)" computerName="DESKTOP-5URQ9PB" duration="00:00:00.0000062" startTime="2022-06-13T21:12:18.5482958+02:00" endTime="2022-06-13T21:12:18.5483608+02:00" testType="13cdc9d9-ddb5-4fa4-a97d-d965ccfc6d4b" outcome="Passed" testListId="8c84fa94-04c1-424b-9868-57a2d4851a1d" relativeResultsDirectory="453dc4fc-7268-48d5-a11f-814a316a881c" />
    <UnitTestResult executionId="d4048622-3ca8-4e93-b625-92d64b82c557" testId="124e378b-a3e7-41cd-adac-2ffd544428e2" testName="FormatToStringTest1000 (54304.07738935393,54304.08 zł)" computerName="DESKTOP-5URQ9PB" duration="00:00:00.0000062" startTime="2022-06-13T21:12:18.6334368+02:00" endTime="2022-06-13T21:12:18.6335012+02:00" testType="13cdc9d9-ddb5-4fa4-a97d-d965ccfc6d4b" outcome="Passed" testListId="8c84fa94-04c1-424b-9868-57a2d4851a1d" relativeResultsDirectory="d4048622-3ca8-4e93-b625-92d64b82c557" />
    <UnitTestResult executionId="7d3e7001-aebc-4004-82e7-428e540ecac9" testId="2c224682-7f99-4a93-95a1-e4b097d2b8f3" testName="FormatToStringTest1000 (34136.0993783046,34136.10 zł)" computerName="DESKTOP-5URQ9PB" duration="00:00:00.0000064" startTime="2022-06-13T21:12:18.3609847+02:00" endTime="2022-06-13T21:12:18.3610508+02:00" testType="13cdc9d9-ddb5-4fa4-a97d-d965ccfc6d4b" outcome="Passed" testListId="8c84fa94-04c1-424b-9868-57a2d4851a1d" relativeResultsDirectory="7d3e7001-aebc-4004-82e7-428e540ecac9" />
    <UnitTestResult executionId="e6465abc-5be6-4d1b-b6f0-484d8e3d1d56" testId="d1f2bf45-77f1-4508-b30c-5d82ad09c2b7" testName="FormatToStringTest1000 (3694.480496819355,3694.48 zł)" computerName="DESKTOP-5URQ9PB" duration="00:00:00.0000062" startTime="2022-06-13T21:12:18.3563109+02:00" endTime="2022-06-13T21:12:18.3563796+02:00" testType="13cdc9d9-ddb5-4fa4-a97d-d965ccfc6d4b" outcome="Passed" testListId="8c84fa94-04c1-424b-9868-57a2d4851a1d" relativeResultsDirectory="e6465abc-5be6-4d1b-b6f0-484d8e3d1d56" />
    <UnitTestResult executionId="bbee842e-ea2b-4abd-8940-aefb66bb7b95" testId="d82e01ce-1705-4f57-9a2c-a684342355c2" testName="FormatToStringTest1000 (918.1842976688334,918.18 zł)" computerName="DESKTOP-5URQ9PB" duration="00:00:00.0000063" startTime="2022-06-13T21:12:18.2967799+02:00" endTime="2022-06-13T21:12:18.2968468+02:00" testType="13cdc9d9-ddb5-4fa4-a97d-d965ccfc6d4b" outcome="Passed" testListId="8c84fa94-04c1-424b-9868-57a2d4851a1d" relativeResultsDirectory="bbee842e-ea2b-4abd-8940-aefb66bb7b95" />
    <UnitTestResult executionId="30c7d438-4a63-4627-8fd1-03acdb19edcc" testId="2f083bbe-24fc-4852-8052-95d67ad21f07" testName="FormatToStringTest1000 (22367.991005544547,22367.99 zł)" computerName="DESKTOP-5URQ9PB" duration="00:00:00.0000063" startTime="2022-06-13T21:12:18.5255572+02:00" endTime="2022-06-13T21:12:18.5256226+02:00" testType="13cdc9d9-ddb5-4fa4-a97d-d965ccfc6d4b" outcome="Passed" testListId="8c84fa94-04c1-424b-9868-57a2d4851a1d" relativeResultsDirectory="30c7d438-4a63-4627-8fd1-03acdb19edcc" />
    <UnitTestResult executionId="b8448c35-9db9-4c56-8cf2-5f21a4a5d98c" testId="0a667d63-ff78-4607-ac7b-0f64185f8e2e" testName="FormatToStringTest1000 (52020.805412759444,52020.81 zł)" computerName="DESKTOP-5URQ9PB" duration="00:00:00.0000066" startTime="2022-06-13T21:12:18.2998563+02:00" endTime="2022-06-13T21:12:18.2999339+02:00" testType="13cdc9d9-ddb5-4fa4-a97d-d965ccfc6d4b" outcome="Passed" testListId="8c84fa94-04c1-424b-9868-57a2d4851a1d" relativeResultsDirectory="b8448c35-9db9-4c56-8cf2-5f21a4a5d98c" />
    <UnitTestResult executionId="dbd9e77e-9762-4c06-a5fb-2cdb834ac80d" testId="4dd891b5-bf40-4a52-a7e5-40416ecbe241" testName="FormatToStringTest1000 (635.3263313632116,635.33 zł)" computerName="DESKTOP-5URQ9PB" duration="00:00:00.0000132" startTime="2022-06-13T21:12:18.6201562+02:00" endTime="2022-06-13T21:12:18.6203127+02:00" testType="13cdc9d9-ddb5-4fa4-a97d-d965ccfc6d4b" outcome="Passed" testListId="8c84fa94-04c1-424b-9868-57a2d4851a1d" relativeResultsDirectory="dbd9e77e-9762-4c06-a5fb-2cdb834ac80d" />
    <UnitTestResult executionId="cd51db14-67bd-4eff-8d6f-dadd4662a23e" testId="7a20ed2a-2b83-46a7-8190-262fc815f80d" testName="FormatToStringTest1000 (6313.543884690639,6313.54 zł)" computerName="DESKTOP-5URQ9PB" duration="00:00:00.0000068" startTime="2022-06-13T21:12:18.4365480+02:00" endTime="2022-06-13T21:12:18.4366147+02:00" testType="13cdc9d9-ddb5-4fa4-a97d-d965ccfc6d4b" outcome="Passed" testListId="8c84fa94-04c1-424b-9868-57a2d4851a1d" relativeResultsDirectory="cd51db14-67bd-4eff-8d6f-dadd4662a23e" />
    <UnitTestResult executionId="7ff6f708-1e0f-4da2-9f8a-44026cd4d7f7" testId="61dbbdc1-aab6-46aa-8a99-95a1d52607b4" testName="FormatToStringTest1000 (97129.75160633575,97129.75 zł)" computerName="DESKTOP-5URQ9PB" duration="00:00:00.0000062" startTime="2022-06-13T21:12:18.3924666+02:00" endTime="2022-06-13T21:12:18.3925334+02:00" testType="13cdc9d9-ddb5-4fa4-a97d-d965ccfc6d4b" outcome="Passed" testListId="8c84fa94-04c1-424b-9868-57a2d4851a1d" relativeResultsDirectory="7ff6f708-1e0f-4da2-9f8a-44026cd4d7f7" />
    <UnitTestResult executionId="30b05416-d326-48be-9653-2a09132836d4" testId="0c24368d-8c74-4517-a8ac-840ce871e070" testName="FormatToStringTest1000 (7813.027778348433,7813.03 zł)" computerName="DESKTOP-5URQ9PB" duration="00:00:00.0000117" startTime="2022-06-13T21:12:18.5360541+02:00" endTime="2022-06-13T21:12:18.5361848+02:00" testType="13cdc9d9-ddb5-4fa4-a97d-d965ccfc6d4b" outcome="Passed" testListId="8c84fa94-04c1-424b-9868-57a2d4851a1d" relativeResultsDirectory="30b05416-d326-48be-9653-2a09132836d4" />
    <UnitTestResult executionId="9d8ae59d-ae7a-42d0-a626-b7af6a56679f" testId="33166c83-da34-4963-80bf-93d654328eab" testName="FormatToStringTest1000 (5022.470719070859,5022.47 zł)" computerName="DESKTOP-5URQ9PB" duration="00:00:00.0000064" startTime="2022-06-13T21:12:18.3922974+02:00" endTime="2022-06-13T21:12:18.3923651+02:00" testType="13cdc9d9-ddb5-4fa4-a97d-d965ccfc6d4b" outcome="Passed" testListId="8c84fa94-04c1-424b-9868-57a2d4851a1d" relativeResultsDirectory="9d8ae59d-ae7a-42d0-a626-b7af6a56679f" />
    <UnitTestResult executionId="34178d17-2c36-4fd0-aa2b-dc3309286f45" testId="3b40debc-4a7f-4896-aa64-27d04107156d" testName="FormatToStringTest1000 (75024.79122970243,75024.79 zł)" computerName="DESKTOP-5URQ9PB" duration="00:00:00.0000108" startTime="2022-06-13T21:12:18.3838333+02:00" endTime="2022-06-13T21:12:18.3839478+02:00" testType="13cdc9d9-ddb5-4fa4-a97d-d965ccfc6d4b" outcome="Passed" testListId="8c84fa94-04c1-424b-9868-57a2d4851a1d" relativeResultsDirectory="34178d17-2c36-4fd0-aa2b-dc3309286f45" />
    <UnitTestResult executionId="709ff216-b270-4a5a-af33-11090b70177a" testId="5dcd74ca-a81d-4d4c-be57-d2a1082dabb5" testName="FormatToStringTest1000 (29362.005930638876,29362.01 zł)" computerName="DESKTOP-5URQ9PB" duration="00:00:00.0000073" startTime="2022-06-13T21:12:18.3737680+02:00" endTime="2022-06-13T21:12:18.3738484+02:00" testType="13cdc9d9-ddb5-4fa4-a97d-d965ccfc6d4b" outcome="Passed" testListId="8c84fa94-04c1-424b-9868-57a2d4851a1d" relativeResultsDirectory="709ff216-b270-4a5a-af33-11090b70177a" />
    <UnitTestResult executionId="b2ab0bcc-61eb-46f5-a15a-df4dbb7dd8ff" testId="3d792722-de5b-4863-9707-923fed1c45df" testName="FormatToStringTest1000 (22494.46807976834,22494.47 zł)" computerName="DESKTOP-5URQ9PB" duration="00:00:00.0000063" startTime="2022-06-13T21:12:18.5533394+02:00" endTime="2022-06-13T21:12:18.5534060+02:00" testType="13cdc9d9-ddb5-4fa4-a97d-d965ccfc6d4b" outcome="Passed" testListId="8c84fa94-04c1-424b-9868-57a2d4851a1d" relativeResultsDirectory="b2ab0bcc-61eb-46f5-a15a-df4dbb7dd8ff" />
    <UnitTestResult executionId="6b8981e7-d7fe-4b2c-bed4-84aa08b6b6c5" testId="5012b2f1-0ddf-4f08-8e25-94026ba7d62c" testName="FormatToStringTest1000 (6809.40195803037,6809.40 zł)" computerName="DESKTOP-5URQ9PB" duration="00:00:00.0000230" startTime="2022-06-13T21:12:18.2364278+02:00" endTime="2022-06-13T21:12:18.2367216+02:00" testType="13cdc9d9-ddb5-4fa4-a97d-d965ccfc6d4b" outcome="Passed" testListId="8c84fa94-04c1-424b-9868-57a2d4851a1d" relativeResultsDirectory="6b8981e7-d7fe-4b2c-bed4-84aa08b6b6c5" />
    <UnitTestResult executionId="b1f5b166-04a9-4b25-82aa-b81ec9baf6dd" testId="b4e6c1cb-fad8-43ba-b1e7-3823854359fb" testName="FormatToStringTest1000 (19873.59831658453,19873.60 zł)" computerName="DESKTOP-5URQ9PB" duration="00:00:00.0000062" startTime="2022-06-13T21:12:18.5642372+02:00" endTime="2022-06-13T21:12:18.5643023+02:00" testType="13cdc9d9-ddb5-4fa4-a97d-d965ccfc6d4b" outcome="Passed" testListId="8c84fa94-04c1-424b-9868-57a2d4851a1d" relativeResultsDirectory="b1f5b166-04a9-4b25-82aa-b81ec9baf6dd" />
    <UnitTestResult executionId="6db269e5-3dc9-40ca-8811-285f3fa21ec9" testId="990475b5-9d2c-44d4-8b11-08c1c1fd2436" testName="FormatToStringTest1000 (45455.14554704127,45455.15 zł)" computerName="DESKTOP-5URQ9PB" duration="00:00:00.0000061" startTime="2022-06-13T21:12:18.4241980+02:00" endTime="2022-06-13T21:12:18.4242642+02:00" testType="13cdc9d9-ddb5-4fa4-a97d-d965ccfc6d4b" outcome="Passed" testListId="8c84fa94-04c1-424b-9868-57a2d4851a1d" relativeResultsDirectory="6db269e5-3dc9-40ca-8811-285f3fa21ec9" />
    <UnitTestResult executionId="cc94034e-98c1-4069-b1a0-bf5f5a15f2d2" testId="feea0124-d284-4f46-8b24-3e82bcd02319" testName="FormatToStringTest1000 (42728.35751444258,42728.36 zł)" computerName="DESKTOP-5URQ9PB" duration="00:00:00.0000061" startTime="2022-06-13T21:12:18.5816592+02:00" endTime="2022-06-13T21:12:18.5817243+02:00" testType="13cdc9d9-ddb5-4fa4-a97d-d965ccfc6d4b" outcome="Passed" testListId="8c84fa94-04c1-424b-9868-57a2d4851a1d" relativeResultsDirectory="cc94034e-98c1-4069-b1a0-bf5f5a15f2d2" />
    <UnitTestResult executionId="0ce0c5ba-f5d2-4e49-aae2-a7ee4ef71c88" testId="7b3e8685-9f03-43bd-b90a-dacea355e24e" testName="FormatToStringTest1000 (4648.492795337221,4648.49 zł)" computerName="DESKTOP-5URQ9PB" duration="00:00:00.0000070" startTime="2022-06-13T21:12:18.4240295+02:00" endTime="2022-06-13T21:12:18.4240971+02:00" testType="13cdc9d9-ddb5-4fa4-a97d-d965ccfc6d4b" outcome="Passed" testListId="8c84fa94-04c1-424b-9868-57a2d4851a1d" relativeResultsDirectory="0ce0c5ba-f5d2-4e49-aae2-a7ee4ef71c88" />
    <UnitTestResult executionId="c4c90402-8296-4465-b76f-5fa3dc7f1281" testId="59ff43fa-58cc-4a9b-96bb-64e852c58b74" testName="FormatToStringTest1000 (3846.644792262765,3846.64 zł)" computerName="DESKTOP-5URQ9PB" duration="00:00:00.0000062" startTime="2022-06-13T21:12:18.3640985+02:00" endTime="2022-06-13T21:12:18.3641653+02:00" testType="13cdc9d9-ddb5-4fa4-a97d-d965ccfc6d4b" outcome="Passed" testListId="8c84fa94-04c1-424b-9868-57a2d4851a1d" relativeResultsDirectory="c4c90402-8296-4465-b76f-5fa3dc7f1281" />
    <UnitTestResult executionId="4f142d1d-73ad-4709-ad6e-7e6266c0f27a" testId="daca779c-3d35-48e9-a2dd-880af7e19e00" testName="FormatToStringTest1000 (28992.38363400166,28992.38 zł)" computerName="DESKTOP-5URQ9PB" duration="00:00:00.0000061" startTime="2022-06-13T21:12:18.5511947+02:00" endTime="2022-06-13T21:12:18.5512586+02:00" testType="13cdc9d9-ddb5-4fa4-a97d-d965ccfc6d4b" outcome="Passed" testListId="8c84fa94-04c1-424b-9868-57a2d4851a1d" relativeResultsDirectory="4f142d1d-73ad-4709-ad6e-7e6266c0f27a" />
    <UnitTestResult executionId="9266316c-32c6-4e3b-892e-30ee9cb37f74" testId="a2d4476e-4ca7-4f50-ad93-1cb092940660" testName="FormatToStringTest1000 (12871.381729632794,12871.38 zł)" computerName="DESKTOP-5URQ9PB" duration="00:00:00.0000064" startTime="2022-06-13T21:12:18.3642682+02:00" endTime="2022-06-13T21:12:18.3643352+02:00" testType="13cdc9d9-ddb5-4fa4-a97d-d965ccfc6d4b" outcome="Passed" testListId="8c84fa94-04c1-424b-9868-57a2d4851a1d" relativeResultsDirectory="9266316c-32c6-4e3b-892e-30ee9cb37f74" />
    <UnitTestResult executionId="a26ba627-fdff-43ae-b5bc-5f875955a452" testId="b50efee6-e9a1-4d80-b0cc-68a475918274" testName="FormatToStringTest1000 (10397.404523554447,10397.40 zł)" computerName="DESKTOP-5URQ9PB" duration="00:00:00.0000064" startTime="2022-06-13T21:12:18.5333994+02:00" endTime="2022-06-13T21:12:18.5334675+02:00" testType="13cdc9d9-ddb5-4fa4-a97d-d965ccfc6d4b" outcome="Passed" testListId="8c84fa94-04c1-424b-9868-57a2d4851a1d" relativeResultsDirectory="a26ba627-fdff-43ae-b5bc-5f875955a452" />
    <UnitTestResult executionId="8627dcfa-be23-47d8-9be3-8e4af6c518cf" testId="0253e404-7c41-4b83-92e8-abe9501bbefb" testName="FormatToStringTest1000 (30626.373939456127,30626.37 zł)" computerName="DESKTOP-5URQ9PB" duration="00:00:00.0000065" startTime="2022-06-13T21:12:18.3134968+02:00" endTime="2022-06-13T21:12:18.3135698+02:00" testType="13cdc9d9-ddb5-4fa4-a97d-d965ccfc6d4b" outcome="Passed" testListId="8c84fa94-04c1-424b-9868-57a2d4851a1d" relativeResultsDirectory="8627dcfa-be23-47d8-9be3-8e4af6c518cf" />
    <UnitTestResult executionId="8d76d0ca-5efb-445e-88a5-52513ee35e3e" testId="520d0e68-bb98-4353-bbff-932cfc1e8e48" testName="FormatToStringTest1000 (5140.16338917155,5140.16 zł)" computerName="DESKTOP-5URQ9PB" duration="00:00:00.0000066" startTime="2022-06-13T21:12:18.5229933+02:00" endTime="2022-06-13T21:12:18.5230594+02:00" testType="13cdc9d9-ddb5-4fa4-a97d-d965ccfc6d4b" outcome="Passed" testListId="8c84fa94-04c1-424b-9868-57a2d4851a1d" relativeResultsDirectory="8d76d0ca-5efb-445e-88a5-52513ee35e3e" />
    <UnitTestResult executionId="ed96a9c5-0d60-4d13-ba1d-2e5777455f16" testId="749adb72-c242-4ee5-88d1-dae155683969" testName="FormatToStringTest1000 (5591.2222540617095,5591.22 zł)" computerName="DESKTOP-5URQ9PB" duration="00:00:00.0000068" startTime="2022-06-13T21:12:18.4720280+02:00" endTime="2022-06-13T21:12:18.4720944+02:00" testType="13cdc9d9-ddb5-4fa4-a97d-d965ccfc6d4b" outcome="Passed" testListId="8c84fa94-04c1-424b-9868-57a2d4851a1d" relativeResultsDirectory="ed96a9c5-0d60-4d13-ba1d-2e5777455f16" />
    <UnitTestResult executionId="f9b05b13-e614-4af1-9d44-1567a7ae97df" testId="b1d7df8d-397f-4e98-bd8f-822c855b7ca5" testName="FormatToStringTest1000 (34021.1384072961,34021.14 zł)" computerName="DESKTOP-5URQ9PB" duration="00:00:00.0000065" startTime="2022-06-13T21:12:18.6362711+02:00" endTime="2022-06-13T21:12:18.6363335+02:00" testType="13cdc9d9-ddb5-4fa4-a97d-d965ccfc6d4b" outcome="Passed" testListId="8c84fa94-04c1-424b-9868-57a2d4851a1d" relativeResultsDirectory="f9b05b13-e614-4af1-9d44-1567a7ae97df" />
    <UnitTestResult executionId="11a666a9-79f2-4df5-943d-305cd5a180c4" testId="66f7d284-d809-4f9f-a31a-a8c54768a39d" testName="FormatToStringTest1000 (43858.624379632354,43858.62 zł)" computerName="DESKTOP-5URQ9PB" duration="00:00:00.0000063" startTime="2022-06-13T21:12:18.5619311+02:00" endTime="2022-06-13T21:12:18.5619956+02:00" testType="13cdc9d9-ddb5-4fa4-a97d-d965ccfc6d4b" outcome="Passed" testListId="8c84fa94-04c1-424b-9868-57a2d4851a1d" relativeResultsDirectory="11a666a9-79f2-4df5-943d-305cd5a180c4" />
    <UnitTestResult executionId="e6128d88-f9db-474e-a450-4a1248603581" testId="4e3ddb56-2e58-4d8f-a282-0c35c3900b81" testName="FormatToStringTest1000 (6262.373413993219,6262.37 zł)" computerName="DESKTOP-5URQ9PB" duration="00:00:00.0000063" startTime="2022-06-13T21:12:18.3985275+02:00" endTime="2022-06-13T21:12:18.3985937+02:00" testType="13cdc9d9-ddb5-4fa4-a97d-d965ccfc6d4b" outcome="Passed" testListId="8c84fa94-04c1-424b-9868-57a2d4851a1d" relativeResultsDirectory="e6128d88-f9db-474e-a450-4a1248603581" />
    <UnitTestResult executionId="35edd63c-e725-4f9f-9a86-e38cc9fee51c" testId="a9f3737c-4ad9-4d8e-b71d-1f95482d0dc1" testName="FormatToStringTest1000 (41972.39431566763,41972.39 zł)" computerName="DESKTOP-5URQ9PB" duration="00:00:00.0000077" startTime="2022-06-13T21:12:18.4496432+02:00" endTime="2022-06-13T21:12:18.4497488+02:00" testType="13cdc9d9-ddb5-4fa4-a97d-d965ccfc6d4b" outcome="Passed" testListId="8c84fa94-04c1-424b-9868-57a2d4851a1d" relativeResultsDirectory="35edd63c-e725-4f9f-9a86-e38cc9fee51c" />
    <UnitTestResult executionId="004bf79d-9f81-4d2b-afd2-f3b1f905ff46" testId="3c1723f7-e57d-4c75-9f31-cea94af5859e" testName="FormatToStringTest1000 (20249.56614074277,20249.57 zł)" computerName="DESKTOP-5URQ9PB" duration="00:00:00.0000064" startTime="2022-06-13T21:12:18.3293661+02:00" endTime="2022-06-13T21:12:18.3294336+02:00" testType="13cdc9d9-ddb5-4fa4-a97d-d965ccfc6d4b" outcome="Passed" testListId="8c84fa94-04c1-424b-9868-57a2d4851a1d" relativeResultsDirectory="004bf79d-9f81-4d2b-afd2-f3b1f905ff46" />
    <UnitTestResult executionId="90bee8bb-5aa0-4ece-93bf-fdbebfc6916f" testId="79e23f94-6ed9-4e41-9335-ef41b72a6054" testName="FormatToStringTest1000 (2292.8331871111104,2292.83 zł)" computerName="DESKTOP-5URQ9PB" duration="00:00:00.0000065" startTime="2022-06-13T21:12:18.3062736+02:00" endTime="2022-06-13T21:12:18.3063471+02:00" testType="13cdc9d9-ddb5-4fa4-a97d-d965ccfc6d4b" outcome="Passed" testListId="8c84fa94-04c1-424b-9868-57a2d4851a1d" relativeResultsDirectory="90bee8bb-5aa0-4ece-93bf-fdbebfc6916f" />
    <UnitTestResult executionId="75ec10e8-e135-4399-92a9-315faca16f10" testId="85e41ec9-82e7-4635-943a-0c5c24ccefd6" testName="FormatToStringTest1000 (10965.74607995746,10965.75 zł)" computerName="DESKTOP-5URQ9PB" duration="00:00:00.0000065" startTime="2022-06-13T21:12:18.3230760+02:00" endTime="2022-06-13T21:12:18.3231455+02:00" testType="13cdc9d9-ddb5-4fa4-a97d-d965ccfc6d4b" outcome="Passed" testListId="8c84fa94-04c1-424b-9868-57a2d4851a1d" relativeResultsDirectory="75ec10e8-e135-4399-92a9-315faca16f10" />
    <UnitTestResult executionId="7a29243b-f483-43c0-b695-51ff7bfc43be" testId="5716644a-c573-4d01-be2f-d71c2e352b17" testName="FormatToStringTest1000 (545.7016866634142,545.70 zł)" computerName="DESKTOP-5URQ9PB" duration="00:00:00.0000066" startTime="2022-06-13T21:12:18.4745820+02:00" endTime="2022-06-13T21:12:18.4746689+02:00" testType="13cdc9d9-ddb5-4fa4-a97d-d965ccfc6d4b" outcome="Passed" testListId="8c84fa94-04c1-424b-9868-57a2d4851a1d" relativeResultsDirectory="7a29243b-f483-43c0-b695-51ff7bfc43be" />
    <UnitTestResult executionId="42f99df7-122c-4885-b0d5-59ef667a22f0" testId="39e8da9a-9ab9-47cd-bd3f-1a97bea65f6c" testName="FormatToStringTest1000 (50339.31259969497,50339.31 zł)" computerName="DESKTOP-5URQ9PB" duration="00:00:00.0000066" startTime="2022-06-13T21:12:18.3026540+02:00" endTime="2022-06-13T21:12:18.3027287+02:00" testType="13cdc9d9-ddb5-4fa4-a97d-d965ccfc6d4b" outcome="Passed" testListId="8c84fa94-04c1-424b-9868-57a2d4851a1d" relativeResultsDirectory="42f99df7-122c-4885-b0d5-59ef667a22f0" />
    <UnitTestResult executionId="7ef32246-3bc9-498d-b906-71174ded46b8" testId="8c68274a-6c56-4a4a-9437-75406a2ff4e5" testName="FormatToStringTest1000 (16571.355536101553,16571.36 zł)" computerName="DESKTOP-5URQ9PB" duration="00:00:00.0000064" startTime="2022-06-13T21:12:18.3298712+02:00" endTime="2022-06-13T21:12:18.3299436+02:00" testType="13cdc9d9-ddb5-4fa4-a97d-d965ccfc6d4b" outcome="Passed" testListId="8c84fa94-04c1-424b-9868-57a2d4851a1d" relativeResultsDirectory="7ef32246-3bc9-498d-b906-71174ded46b8" />
    <UnitTestResult executionId="e64278c3-d39f-4004-bd41-15ad4c30c720" testId="83c1a45d-e003-42b5-9c29-a7a33fd4d193" testName="FormatToStringTest1000 (15520.346099893259,15520.35 zł)" computerName="DESKTOP-5URQ9PB" duration="00:00:00.0000063" startTime="2022-06-13T21:12:18.5283362+02:00" endTime="2022-06-13T21:12:18.5284009+02:00" testType="13cdc9d9-ddb5-4fa4-a97d-d965ccfc6d4b" outcome="Passed" testListId="8c84fa94-04c1-424b-9868-57a2d4851a1d" relativeResultsDirectory="e64278c3-d39f-4004-bd41-15ad4c30c720" />
    <UnitTestResult executionId="3f6ba2d1-9d0e-45e7-b0f5-4a6e1610ef2a" testId="e1f4fe2f-f331-49ea-8176-7b3cf4556b7b" testName="FormatToStringTest1000 (25376.6225052097,25376.62 zł)" computerName="DESKTOP-5URQ9PB" duration="00:00:00.0000065" startTime="2022-06-13T21:12:18.4719458+02:00" endTime="2022-06-13T21:12:18.4720109+02:00" testType="13cdc9d9-ddb5-4fa4-a97d-d965ccfc6d4b" outcome="Passed" testListId="8c84fa94-04c1-424b-9868-57a2d4851a1d" relativeResultsDirectory="3f6ba2d1-9d0e-45e7-b0f5-4a6e1610ef2a" />
    <UnitTestResult executionId="0e37a4b2-a020-48f9-b2ac-d6abaec273b2" testId="b7430257-ea34-4cdb-bda7-24ebb1bac25e" testName="FormatToStringTest1000 (37561.969571757116,37561.97 zł)" computerName="DESKTOP-5URQ9PB" duration="00:00:00.0000063" startTime="2022-06-13T21:12:18.4173363+02:00" endTime="2022-06-13T21:12:18.4174098+02:00" testType="13cdc9d9-ddb5-4fa4-a97d-d965ccfc6d4b" outcome="Passed" testListId="8c84fa94-04c1-424b-9868-57a2d4851a1d" relativeResultsDirectory="0e37a4b2-a020-48f9-b2ac-d6abaec273b2" />
    <UnitTestResult executionId="f63b50ce-4008-4e05-b1e1-f2335d394dd3" testId="d5fe3090-a68c-4751-8603-6ac914ab8593" testName="FormatToStringTest1000 (47256.065730817645,47256.07 zł)" computerName="DESKTOP-5URQ9PB" duration="00:00:00.0000065" startTime="2022-06-13T21:12:18.3608982+02:00" endTime="2022-06-13T21:12:18.3609669+02:00" testType="13cdc9d9-ddb5-4fa4-a97d-d965ccfc6d4b" outcome="Passed" testListId="8c84fa94-04c1-424b-9868-57a2d4851a1d" relativeResultsDirectory="f63b50ce-4008-4e05-b1e1-f2335d394dd3" />
    <UnitTestResult executionId="7802f6e9-7050-4e4d-9b24-b0e7969b3ca1" testId="4edf6ab9-1873-4af7-be57-d3a0dfcb2f07" testName="FormatToStringTest1000 (50507.0104155615,50507.01 zł)" computerName="DESKTOP-5URQ9PB" duration="00:00:00.0000072" startTime="2022-06-13T21:12:18.6117903+02:00" endTime="2022-06-13T21:12:18.6118644+02:00" testType="13cdc9d9-ddb5-4fa4-a97d-d965ccfc6d4b" outcome="Passed" testListId="8c84fa94-04c1-424b-9868-57a2d4851a1d" relativeResultsDirectory="7802f6e9-7050-4e4d-9b24-b0e7969b3ca1" />
    <UnitTestResult executionId="a51734ea-ec95-47c7-af00-26369a41c559" testId="e6746a94-1abe-40a6-9a0f-400c78895f70" testName="FormatToStringTest1000 (9657.360676611475,9657.36 zł)" computerName="DESKTOP-5URQ9PB" duration="00:00:00.0000063" startTime="2022-06-13T21:12:18.4395133+02:00" endTime="2022-06-13T21:12:18.4395800+02:00" testType="13cdc9d9-ddb5-4fa4-a97d-d965ccfc6d4b" outcome="Passed" testListId="8c84fa94-04c1-424b-9868-57a2d4851a1d" relativeResultsDirectory="a51734ea-ec95-47c7-af00-26369a41c559" />
    <UnitTestResult executionId="a1def294-5cd8-4815-ad35-05e9cb0a9363" testId="ac0b9c73-8b35-4bb5-98f4-fadbedc771dc" testName="FormatToStringTest1000 (10527.083945901639,10527.08 zł)" computerName="DESKTOP-5URQ9PB" duration="00:00:00.0000063" startTime="2022-06-13T21:12:18.5668560+02:00" endTime="2022-06-13T21:12:18.5669257+02:00" testType="13cdc9d9-ddb5-4fa4-a97d-d965ccfc6d4b" outcome="Passed" testListId="8c84fa94-04c1-424b-9868-57a2d4851a1d" relativeResultsDirectory="a1def294-5cd8-4815-ad35-05e9cb0a9363" />
    <UnitTestResult executionId="7a29d51c-bac2-4453-9c30-737618f18e23" testId="3cadac21-2212-4e94-ad3e-671f0510d775" testName="FormatToStringTest1000 (11584.045280779732,11584.05 zł)" computerName="DESKTOP-5URQ9PB" duration="00:00:00.0000063" startTime="2022-06-13T21:12:18.5695707+02:00" endTime="2022-06-13T21:12:18.5696352+02:00" testType="13cdc9d9-ddb5-4fa4-a97d-d965ccfc6d4b" outcome="Passed" testListId="8c84fa94-04c1-424b-9868-57a2d4851a1d" relativeResultsDirectory="7a29d51c-bac2-4453-9c30-737618f18e23" />
    <UnitTestResult executionId="f07ce556-5732-4c31-b65c-851c8e39fb2f" testId="f0072207-5114-4c32-8a46-70fd3a768552" testName="FormatToStringTest1000 (32051.900532446758,32051.90 zł)" computerName="DESKTOP-5URQ9PB" duration="00:00:00.0000153" startTime="2022-06-13T21:12:18.3377842+02:00" endTime="2022-06-13T21:12:18.3379986+02:00" testType="13cdc9d9-ddb5-4fa4-a97d-d965ccfc6d4b" outcome="Passed" testListId="8c84fa94-04c1-424b-9868-57a2d4851a1d" relativeResultsDirectory="f07ce556-5732-4c31-b65c-851c8e39fb2f" />
    <UnitTestResult executionId="0d03bf85-7ea3-4499-b7b4-984b2ad021d4" testId="983ed155-0439-4464-8276-814d6a1255e9" testName="FormatToStringTest1000 (941.429400278921,941.43 zł)" computerName="DESKTOP-5URQ9PB" duration="00:00:00.0000064" startTime="2022-06-13T21:12:18.4077807+02:00" endTime="2022-06-13T21:12:18.4078448+02:00" testType="13cdc9d9-ddb5-4fa4-a97d-d965ccfc6d4b" outcome="Passed" testListId="8c84fa94-04c1-424b-9868-57a2d4851a1d" relativeResultsDirectory="0d03bf85-7ea3-4499-b7b4-984b2ad021d4" />
    <UnitTestResult executionId="1f662052-3cfa-4274-8575-0270523e06a5" testId="d2403191-2100-4569-8c57-cea61b68fb0d" testName="FormatToStringTest1000 (19500.031951036784,19500.03 zł)" computerName="DESKTOP-5URQ9PB" duration="00:00:00.0000070" startTime="2022-06-13T21:12:18.3329575+02:00" endTime="2022-06-13T21:12:18.3330249+02:00" testType="13cdc9d9-ddb5-4fa4-a97d-d965ccfc6d4b" outcome="Passed" testListId="8c84fa94-04c1-424b-9868-57a2d4851a1d" relativeResultsDirectory="1f662052-3cfa-4274-8575-0270523e06a5" />
    <UnitTestResult executionId="2f0a6346-9b65-457c-8719-9908afd0ce64" testId="fd0cfb32-8c6a-4211-a64f-8fc9bdce0f46" testName="FormatToStringTest1000 (835.1578487740633,835.16 zł)" computerName="DESKTOP-5URQ9PB" duration="00:00:00.0000487" startTime="2022-06-13T21:12:18.4945385+02:00" endTime="2022-06-13T21:12:18.4948804+02:00" testType="13cdc9d9-ddb5-4fa4-a97d-d965ccfc6d4b" outcome="Passed" testListId="8c84fa94-04c1-424b-9868-57a2d4851a1d" relativeResultsDirectory="2f0a6346-9b65-457c-8719-9908afd0ce64" />
    <UnitTestResult executionId="dea99a39-617c-4e9f-8ec9-c350ff2ee87f" testId="bdbac197-33d0-4ad1-9da3-bbfa90a752a0" testName="FormatToStringTest1000 (20527.270339210645,20527.27 zł)" computerName="DESKTOP-5URQ9PB" duration="00:00:00.0000063" startTime="2022-06-13T21:12:18.6171306+02:00" endTime="2022-06-13T21:12:18.6171957+02:00" testType="13cdc9d9-ddb5-4fa4-a97d-d965ccfc6d4b" outcome="Passed" testListId="8c84fa94-04c1-424b-9868-57a2d4851a1d" relativeResultsDirectory="dea99a39-617c-4e9f-8ec9-c350ff2ee87f" />
    <UnitTestResult executionId="d127da1e-7794-4173-a854-e1c9e6d78443" testId="77576368-7853-47cb-b454-0eea58845be8" testName="FormatToStringTest1000 (4715.320654313695,4715.32 zł)" computerName="DESKTOP-5URQ9PB" duration="00:00:00.0000062" startTime="2022-06-13T21:12:18.5080271+02:00" endTime="2022-06-13T21:12:18.5080923+02:00" testType="13cdc9d9-ddb5-4fa4-a97d-d965ccfc6d4b" outcome="Passed" testListId="8c84fa94-04c1-424b-9868-57a2d4851a1d" relativeResultsDirectory="d127da1e-7794-4173-a854-e1c9e6d78443" />
    <UnitTestResult executionId="0612586c-0a02-458c-84ca-2b80298a7f3d" testId="0dffc3da-0567-4c32-83b1-e9c5b5be6b27" testName="FormatToStringTest1000 (64568.131500027666,64568.13 zł)" computerName="DESKTOP-5URQ9PB" duration="00:00:00.0000062" startTime="2022-06-13T21:12:18.5620120+02:00" endTime="2022-06-13T21:12:18.5620764+02:00" testType="13cdc9d9-ddb5-4fa4-a97d-d965ccfc6d4b" outcome="Passed" testListId="8c84fa94-04c1-424b-9868-57a2d4851a1d" relativeResultsDirectory="0612586c-0a02-458c-84ca-2b80298a7f3d" />
    <UnitTestResult executionId="654216b7-2374-4914-b6ee-82112aa49600" testId="8327aafe-abf7-4120-8737-bc77b95eeb90" testName="FormatToStringTest1000 (64887.45559046951,64887.46 zł)" computerName="DESKTOP-5URQ9PB" duration="00:00:00.0000063" startTime="2022-06-13T21:12:18.4241145+02:00" endTime="2022-06-13T21:12:18.4241809+02:00" testType="13cdc9d9-ddb5-4fa4-a97d-d965ccfc6d4b" outcome="Passed" testListId="8c84fa94-04c1-424b-9868-57a2d4851a1d" relativeResultsDirectory="654216b7-2374-4914-b6ee-82112aa49600" />
    <UnitTestResult executionId="455795bb-66aa-45d6-94ea-259439bf99ca" testId="3daf8ab0-c878-4f55-844d-9cdc40f9ec00" testName="FormatToStringTest1000 (10762.501695533518,10762.50 zł)" computerName="DESKTOP-5URQ9PB" duration="00:00:00.0000062" startTime="2022-06-13T21:12:18.5337326+02:00" endTime="2022-06-13T21:12:18.5337976+02:00" testType="13cdc9d9-ddb5-4fa4-a97d-d965ccfc6d4b" outcome="Passed" testListId="8c84fa94-04c1-424b-9868-57a2d4851a1d" relativeResultsDirectory="455795bb-66aa-45d6-94ea-259439bf99ca" />
    <UnitTestResult executionId="b6f761b3-8c12-4f39-a689-136c43d4ae13" testId="966ee532-d79c-4d15-871b-10013f959fd0" testName="FormatToStringTest1000 (73504.44700518598,73504.45 zł)" computerName="DESKTOP-5URQ9PB" duration="00:00:00.0000062" startTime="2022-06-13T21:12:18.6385567+02:00" endTime="2022-06-13T21:12:18.6386230+02:00" testType="13cdc9d9-ddb5-4fa4-a97d-d965ccfc6d4b" outcome="Passed" testListId="8c84fa94-04c1-424b-9868-57a2d4851a1d" relativeResultsDirectory="b6f761b3-8c12-4f39-a689-136c43d4ae13" />
    <UnitTestResult executionId="b825f1f2-fc56-4d9b-8025-05160d531659" testId="c6a7aa3b-038a-4a15-b4a5-2e56d30463e0" testName="FormatToStringTest1000 (5317.9582678023535,5317.96 zł)" computerName="DESKTOP-5URQ9PB" duration="00:00:00.0000063" startTime="2022-06-13T21:12:18.5105806+02:00" endTime="2022-06-13T21:12:18.5106461+02:00" testType="13cdc9d9-ddb5-4fa4-a97d-d965ccfc6d4b" outcome="Passed" testListId="8c84fa94-04c1-424b-9868-57a2d4851a1d" relativeResultsDirectory="b825f1f2-fc56-4d9b-8025-05160d531659" />
    <UnitTestResult executionId="2304a395-809d-41c3-a941-df690ab4fc4f" testId="1e995159-755b-4878-a9ba-31b2b4a7f170" testName="FormatToStringTest1000 (11922.837782177532,11922.84 zł)" computerName="DESKTOP-5URQ9PB" duration="00:00:00.0000063" startTime="2022-06-13T21:12:18.4046439+02:00" endTime="2022-06-13T21:12:18.4047107+02:00" testType="13cdc9d9-ddb5-4fa4-a97d-d965ccfc6d4b" outcome="Passed" testListId="8c84fa94-04c1-424b-9868-57a2d4851a1d" relativeResultsDirectory="2304a395-809d-41c3-a941-df690ab4fc4f" />
    <UnitTestResult executionId="8753442a-8126-45b7-bfd6-a715dbc8306c" testId="00fcbcf3-530f-421f-8a31-426c055a1072" testName="FormatToStringTest1000 (24528.124092612474,24528.12 zł)" computerName="DESKTOP-5URQ9PB" duration="00:00:00.0000064" startTime="2022-06-13T21:12:18.3955342+02:00" endTime="2022-06-13T21:12:18.3956004+02:00" testType="13cdc9d9-ddb5-4fa4-a97d-d965ccfc6d4b" outcome="Passed" testListId="8c84fa94-04c1-424b-9868-57a2d4851a1d" relativeResultsDirectory="8753442a-8126-45b7-bfd6-a715dbc8306c" />
    <UnitTestResult executionId="68d877e0-5188-4b70-a8d8-3047ac25b5cd" testId="6f1ccb64-dbf0-455c-89e5-079c3cbb8503" testName="FormatToStringTest1000 (4614.673205890541,4614.67 zł)" computerName="DESKTOP-5URQ9PB" duration="00:00:00.0000063" startTime="2022-06-13T21:12:18.3200461+02:00" endTime="2022-06-13T21:12:18.3201174+02:00" testType="13cdc9d9-ddb5-4fa4-a97d-d965ccfc6d4b" outcome="Passed" testListId="8c84fa94-04c1-424b-9868-57a2d4851a1d" relativeResultsDirectory="68d877e0-5188-4b70-a8d8-3047ac25b5cd" />
    <UnitTestResult executionId="41a053a1-e9a2-459f-a915-03e300e6a0c4" testId="361c4a8f-a2f1-49a1-8619-87c21f83ffe5" testName="FormatToStringTest1000 (80609.94377465078,80609.94 zł)" computerName="DESKTOP-5URQ9PB" duration="00:00:00.0000067" startTime="2022-06-13T21:12:18.2818103+02:00" endTime="2022-06-13T21:12:18.2818982+02:00" testType="13cdc9d9-ddb5-4fa4-a97d-d965ccfc6d4b" outcome="Passed" testListId="8c84fa94-04c1-424b-9868-57a2d4851a1d" relativeResultsDirectory="41a053a1-e9a2-459f-a915-03e300e6a0c4" />
    <UnitTestResult executionId="47a98c98-8daa-42b7-969e-60397c620a44" testId="294812bf-cd3e-491d-a01f-ee22feb7717d" testName="FormatToStringTest1000 (44869.327020554025,44869.33 zł)" computerName="DESKTOP-5URQ9PB" duration="00:00:00.0000065" startTime="2022-06-13T21:12:18.3234200+02:00" endTime="2022-06-13T21:12:18.3234869+02:00" testType="13cdc9d9-ddb5-4fa4-a97d-d965ccfc6d4b" outcome="Passed" testListId="8c84fa94-04c1-424b-9868-57a2d4851a1d" relativeResultsDirectory="47a98c98-8daa-42b7-969e-60397c620a44" />
    <UnitTestResult executionId="acf9d9d5-909a-4674-90a2-d4f9458eb35d" testId="aff47457-b589-4e55-9dbc-d6b1af6cd088" testName="FormatToStringTest1000 (13046.352146307172,13046.35 zł)" computerName="DESKTOP-5URQ9PB" duration="00:00:00.0000062" startTime="2022-06-13T21:12:18.6120531+02:00" endTime="2022-06-13T21:12:18.6121180+02:00" testType="13cdc9d9-ddb5-4fa4-a97d-d965ccfc6d4b" outcome="Passed" testListId="8c84fa94-04c1-424b-9868-57a2d4851a1d" relativeResultsDirectory="acf9d9d5-909a-4674-90a2-d4f9458eb35d" />
    <UnitTestResult executionId="58f9720b-9102-437b-a9ce-6d9fe9cf1565" testId="7080d777-e515-40bd-9afa-2e9b0de87c7d" testName="FormatToStringTest1000 (37826.846755123166,37826.85 zł)" computerName="DESKTOP-5URQ9PB" duration="00:00:00.0000063" startTime="2022-06-13T21:12:18.5190104+02:00" endTime="2022-06-13T21:12:18.5190808+02:00" testType="13cdc9d9-ddb5-4fa4-a97d-d965ccfc6d4b" outcome="Passed" testListId="8c84fa94-04c1-424b-9868-57a2d4851a1d" relativeResultsDirectory="58f9720b-9102-437b-a9ce-6d9fe9cf1565" />
    <UnitTestResult executionId="24af2745-c4df-4460-9ade-a314c4097ef6" testId="46cc98b9-394b-4dba-8556-2e81d0846c35" testName="FormatToStringTest1000 (7891.960478953067,7891.96 zł)" computerName="DESKTOP-5URQ9PB" duration="00:00:00.0000063" startTime="2022-06-13T21:12:18.4275011+02:00" endTime="2022-06-13T21:12:18.4275674+02:00" testType="13cdc9d9-ddb5-4fa4-a97d-d965ccfc6d4b" outcome="Passed" testListId="8c84fa94-04c1-424b-9868-57a2d4851a1d" relativeResultsDirectory="24af2745-c4df-4460-9ade-a314c4097ef6" />
    <UnitTestResult executionId="188a007d-d1bf-43b1-b3cf-07ac35960096" testId="69727864-5583-4814-b3c8-da36e639c1f5" testName="FormatToStringTest1000 (5978.1197194131655,5978.12 zł)" computerName="DESKTOP-5URQ9PB" duration="00:00:00.0000063" startTime="2022-06-13T21:12:18.6206032+02:00" endTime="2022-06-13T21:12:18.6206692+02:00" testType="13cdc9d9-ddb5-4fa4-a97d-d965ccfc6d4b" outcome="Passed" testListId="8c84fa94-04c1-424b-9868-57a2d4851a1d" relativeResultsDirectory="188a007d-d1bf-43b1-b3cf-07ac35960096" />
    <UnitTestResult executionId="3278f545-a238-4505-a40e-348f10b5ef20" testId="99fcace9-e542-4efb-b86b-9f415e9e96ba" testName="FormatToStringTest1000 (4636.500544966897,4636.50 zł)" computerName="DESKTOP-5URQ9PB" duration="00:00:00.0000064" startTime="2022-06-13T21:12:18.5447155+02:00" endTime="2022-06-13T21:12:18.5447854+02:00" testType="13cdc9d9-ddb5-4fa4-a97d-d965ccfc6d4b" outcome="Passed" testListId="8c84fa94-04c1-424b-9868-57a2d4851a1d" relativeResultsDirectory="3278f545-a238-4505-a40e-348f10b5ef20" />
    <UnitTestResult executionId="8e09d031-ab8f-4556-8f79-e83ce8f68a91" testId="a46a9d34-cb01-4083-b7fd-440e5a70af53" testName="FormatToStringTest1000 (16383.352881839199,16383.35 zł)" computerName="DESKTOP-5URQ9PB" duration="00:00:00.0000066" startTime="2022-06-13T21:12:18.2993807+02:00" endTime="2022-06-13T21:12:18.2994607+02:00" testType="13cdc9d9-ddb5-4fa4-a97d-d965ccfc6d4b" outcome="Passed" testListId="8c84fa94-04c1-424b-9868-57a2d4851a1d" relativeResultsDirectory="8e09d031-ab8f-4556-8f79-e83ce8f68a91" />
    <UnitTestResult executionId="82e70b9f-20f7-4844-893b-c351fe02a398" testId="16010a3a-6ed5-4abd-ac8a-1b4f8a305a05" testName="FormatToStringTest1000 (10066.059180456241,10066.06 zł)" computerName="DESKTOP-5URQ9PB" duration="00:00:00.0000063" startTime="2022-06-13T21:12:18.5922527+02:00" endTime="2022-06-13T21:12:18.5923184+02:00" testType="13cdc9d9-ddb5-4fa4-a97d-d965ccfc6d4b" outcome="Passed" testListId="8c84fa94-04c1-424b-9868-57a2d4851a1d" relativeResultsDirectory="82e70b9f-20f7-4844-893b-c351fe02a398" />
    <UnitTestResult executionId="c56e7939-4347-41f2-9772-1c4c32e0d0e9" testId="ba03da3a-5392-4f88-b95a-1d1683f1dc88" testName="FormatToStringTest1000 (4025.728369236797,4025.73 zł)" computerName="DESKTOP-5URQ9PB" duration="00:00:00.0000102" startTime="2022-06-13T21:12:18.4330867+02:00" endTime="2022-06-13T21:12:18.4332008+02:00" testType="13cdc9d9-ddb5-4fa4-a97d-d965ccfc6d4b" outcome="Passed" testListId="8c84fa94-04c1-424b-9868-57a2d4851a1d" relativeResultsDirectory="c56e7939-4347-41f2-9772-1c4c32e0d0e9" />
    <UnitTestResult executionId="59386866-22d1-49f1-8e73-30fb6aad96b3" testId="f1bedcc3-c2ce-42f0-817a-7286d00b97c9" testName="FormatToStringTest1000 (972.1468308629221,972.15 zł)" computerName="DESKTOP-5URQ9PB" duration="00:00:00.0000063" startTime="2022-06-13T21:12:18.5109980+02:00" endTime="2022-06-13T21:12:18.5110624+02:00" testType="13cdc9d9-ddb5-4fa4-a97d-d965ccfc6d4b" outcome="Passed" testListId="8c84fa94-04c1-424b-9868-57a2d4851a1d" relativeResultsDirectory="59386866-22d1-49f1-8e73-30fb6aad96b3" />
    <UnitTestResult executionId="36dd2e61-1f79-4590-9b30-fc5b6bd9b918" testId="4f3d2786-3dd6-47e7-8e9f-acebcf216425" testName="FormatToStringTest1000 (76536.95853396178,76536.96 zł)" computerName="DESKTOP-5URQ9PB" duration="00:00:00.0000066" startTime="2022-06-13T21:12:18.4750732+02:00" endTime="2022-06-13T21:12:18.4751457+02:00" testType="13cdc9d9-ddb5-4fa4-a97d-d965ccfc6d4b" outcome="Passed" testListId="8c84fa94-04c1-424b-9868-57a2d4851a1d" relativeResultsDirectory="36dd2e61-1f79-4590-9b30-fc5b6bd9b918" />
    <UnitTestResult executionId="efa00617-b0a5-4808-b07b-b8a80765c557" testId="09644c89-25d6-4174-8986-07d911c82283" testName="FormatToStringTest1000 (9196.579612724754,9196.58 zł)" computerName="DESKTOP-5URQ9PB" duration="00:00:00.0000458" startTime="2022-06-13T21:12:18.4855483+02:00" endTime="2022-06-13T21:12:18.4859590+02:00" testType="13cdc9d9-ddb5-4fa4-a97d-d965ccfc6d4b" outcome="Passed" testListId="8c84fa94-04c1-424b-9868-57a2d4851a1d" relativeResultsDirectory="efa00617-b0a5-4808-b07b-b8a80765c557" />
    <UnitTestResult executionId="b9ce68c6-db55-424d-b8c6-d7572ed2ebc6" testId="58fa39cd-d1cd-47d3-8993-519a155a7be3" testName="FormatToStringTest1000 (19392.945535027862,19392.95 zł)" computerName="DESKTOP-5URQ9PB" duration="00:00:00.0000063" startTime="2022-06-13T21:12:18.4013917+02:00" endTime="2022-06-13T21:12:18.4014595+02:00" testType="13cdc9d9-ddb5-4fa4-a97d-d965ccfc6d4b" outcome="Passed" testListId="8c84fa94-04c1-424b-9868-57a2d4851a1d" relativeResultsDirectory="b9ce68c6-db55-424d-b8c6-d7572ed2ebc6" />
    <UnitTestResult executionId="eb7b3f2b-1df8-47b8-8957-c67f3a87985a" testId="93c49823-9ad5-43e6-a6a8-a5bac63c67a9" testName="FormatToStringTest1000 (7789.7136237517525,7789.71 zł)" computerName="DESKTOP-5URQ9PB" duration="00:00:00.0000070" startTime="2022-06-13T21:12:18.2932411+02:00" endTime="2022-06-13T21:12:18.2933225+02:00" testType="13cdc9d9-ddb5-4fa4-a97d-d965ccfc6d4b" outcome="Passed" testListId="8c84fa94-04c1-424b-9868-57a2d4851a1d" relativeResultsDirectory="eb7b3f2b-1df8-47b8-8957-c67f3a87985a" />
    <UnitTestResult executionId="dcc6092c-fa42-4562-be31-3d05c5a16906" testId="30364d54-5c75-4dee-9485-0c18dace2282" testName="FormatToStringTest1000 (10501.127379151585,10501.13 zł)" computerName="DESKTOP-5URQ9PB" duration="00:00:00.0000093" startTime="2022-06-13T21:12:18.4171502+02:00" endTime="2022-06-13T21:12:18.4172257+02:00" testType="13cdc9d9-ddb5-4fa4-a97d-d965ccfc6d4b" outcome="Passed" testListId="8c84fa94-04c1-424b-9868-57a2d4851a1d" relativeResultsDirectory="dcc6092c-fa42-4562-be31-3d05c5a16906" />
    <UnitTestResult executionId="c6d8976d-1cc5-48d5-8abd-390e58473a3a" testId="659c0cbe-6442-4264-97e7-5265b85fc21c" testName="FormatToStringTest1000 (9151.103070427245,9151.10 zł)" computerName="DESKTOP-5URQ9PB" duration="00:00:00.0000063" startTime="2022-06-13T21:12:18.6282311+02:00" endTime="2022-06-13T21:12:18.6283012+02:00" testType="13cdc9d9-ddb5-4fa4-a97d-d965ccfc6d4b" outcome="Passed" testListId="8c84fa94-04c1-424b-9868-57a2d4851a1d" relativeResultsDirectory="c6d8976d-1cc5-48d5-8abd-390e58473a3a" />
    <UnitTestResult executionId="fbf35075-ec50-4cb5-acba-8345d62d1d97" testId="6a90dc74-9389-4c01-b39f-c0a970dc5401" testName="FormatToStringTest1000 (28080.92507087669,28080.93 zł)" computerName="DESKTOP-5URQ9PB" duration="00:00:00.0000063" startTime="2022-06-13T21:12:18.6042787+02:00" endTime="2022-06-13T21:12:18.6043427+02:00" testType="13cdc9d9-ddb5-4fa4-a97d-d965ccfc6d4b" outcome="Passed" testListId="8c84fa94-04c1-424b-9868-57a2d4851a1d" relativeResultsDirectory="fbf35075-ec50-4cb5-acba-8345d62d1d97" />
    <UnitTestResult executionId="327f015e-a3a2-4e48-bbba-769573064aad" testId="b48f3a66-7cbb-4ec9-8bcd-4c3cb54363c2" testName="FormatToStringTest1000 (40241.790964380736,40241.79 zł)" computerName="DESKTOP-5URQ9PB" duration="00:00:00.0000082" startTime="2022-06-13T21:12:18.6018708+02:00" endTime="2022-06-13T21:12:18.6019512+02:00" testType="13cdc9d9-ddb5-4fa4-a97d-d965ccfc6d4b" outcome="Passed" testListId="8c84fa94-04c1-424b-9868-57a2d4851a1d" relativeResultsDirectory="327f015e-a3a2-4e48-bbba-769573064aad" />
    <UnitTestResult executionId="d6d1db11-48a8-41b5-82e4-a932948f0615" testId="7b86112c-b5d8-4687-a5bc-5f851137320c" testName="FormatToStringTest1000 (58459.03113649601,58459.03 zł)" computerName="DESKTOP-5URQ9PB" duration="00:00:00.0000064" startTime="2022-06-13T21:12:18.5226540+02:00" endTime="2022-06-13T21:12:18.5227224+02:00" testType="13cdc9d9-ddb5-4fa4-a97d-d965ccfc6d4b" outcome="Passed" testListId="8c84fa94-04c1-424b-9868-57a2d4851a1d" relativeResultsDirectory="d6d1db11-48a8-41b5-82e4-a932948f0615" />
    <UnitTestResult executionId="3ddf77c5-7a86-47a3-9adf-c4b050e2b7ba" testId="a3070f6d-b37a-428b-88ef-eeb4445b39a2" testName="FormatToStringTest1000 (4105.490993980081,4105.49 zł)" computerName="DESKTOP-5URQ9PB" duration="00:00:00.0000063" startTime="2022-06-13T21:12:18.3739574+02:00" endTime="2022-06-13T21:12:18.3740242+02:00" testType="13cdc9d9-ddb5-4fa4-a97d-d965ccfc6d4b" outcome="Passed" testListId="8c84fa94-04c1-424b-9868-57a2d4851a1d" relativeResultsDirectory="3ddf77c5-7a86-47a3-9adf-c4b050e2b7ba" />
    <UnitTestResult executionId="c5437884-0946-44b7-bad2-e2bea30191a4" testId="697ee837-2e6b-4601-94b7-233d8648a536" testName="FormatToStringTest1000 (27027.327683509946,27027.33 zł)" computerName="DESKTOP-5URQ9PB" duration="00:00:00.0000062" startTime="2022-06-13T21:12:18.3427136+02:00" endTime="2022-06-13T21:12:18.3427816+02:00" testType="13cdc9d9-ddb5-4fa4-a97d-d965ccfc6d4b" outcome="Passed" testListId="8c84fa94-04c1-424b-9868-57a2d4851a1d" relativeResultsDirectory="c5437884-0946-44b7-bad2-e2bea30191a4" />
    <UnitTestResult executionId="73e0a15b-c4e6-403c-a77c-c371bada2c99" testId="54dce0c9-c7b2-452e-b549-e35b5582f09c" testName="FormatToStringTest1000 (44677.61946778074,44677.62 zł)" computerName="DESKTOP-5URQ9PB" duration="00:00:00.0000064" startTime="2022-06-13T21:12:18.3713062+02:00" endTime="2022-06-13T21:12:18.3713731+02:00" testType="13cdc9d9-ddb5-4fa4-a97d-d965ccfc6d4b" outcome="Passed" testListId="8c84fa94-04c1-424b-9868-57a2d4851a1d" relativeResultsDirectory="73e0a15b-c4e6-403c-a77c-c371bada2c99" />
    <UnitTestResult executionId="74aecf77-a5df-4094-a3f0-64eae9539f07" testId="10ffab7b-d9ab-4b9e-a710-da758e106bf1" testName="FormatToStringTest1000 (55303.17220895699,55303.17 zł)" computerName="DESKTOP-5URQ9PB" duration="00:00:00.0000064" startTime="2022-06-13T21:12:18.3299612+02:00" endTime="2022-06-13T21:12:18.3300281+02:00" testType="13cdc9d9-ddb5-4fa4-a97d-d965ccfc6d4b" outcome="Passed" testListId="8c84fa94-04c1-424b-9868-57a2d4851a1d" relativeResultsDirectory="74aecf77-a5df-4094-a3f0-64eae9539f07" />
    <UnitTestResult executionId="6e7e89cb-7ee1-4eb5-a037-089c03cfe8a4" testId="4b25a2ee-cf8f-4859-9535-5e0491c7fbe2" testName="FormatToStringTest1000 (3131.5022711732904,3131.50 zł)" computerName="DESKTOP-5URQ9PB" duration="00:00:00.0000063" startTime="2022-06-13T21:12:18.4426534+02:00" endTime="2022-06-13T21:12:18.4427202+02:00" testType="13cdc9d9-ddb5-4fa4-a97d-d965ccfc6d4b" outcome="Passed" testListId="8c84fa94-04c1-424b-9868-57a2d4851a1d" relativeResultsDirectory="6e7e89cb-7ee1-4eb5-a037-089c03cfe8a4" />
    <UnitTestResult executionId="7a584194-dbaa-4e54-a73d-67f82616e517" testId="5a507e79-4e1d-4bf8-a7be-a99fb5d813b2" testName="FormatToStringTest1000 (10994.251866986162,10994.25 zł)" computerName="DESKTOP-5URQ9PB" duration="00:00:00.0000311" startTime="2022-06-13T21:12:18.4929364+02:00" endTime="2022-06-13T21:12:18.4932856+02:00" testType="13cdc9d9-ddb5-4fa4-a97d-d965ccfc6d4b" outcome="Passed" testListId="8c84fa94-04c1-424b-9868-57a2d4851a1d" relativeResultsDirectory="7a584194-dbaa-4e54-a73d-67f82616e517" />
    <UnitTestResult executionId="527cd9e5-9ab4-43ab-bb81-a9d2f63103be" testId="089d6899-6705-4e15-b270-0d238be9fe56" testName="FormatToStringTest1000 (78519.41691976106,78519.42 zł)" computerName="DESKTOP-5URQ9PB" duration="00:00:00.0000062" startTime="2022-06-13T21:12:18.5367830+02:00" endTime="2022-06-13T21:12:18.5368476+02:00" testType="13cdc9d9-ddb5-4fa4-a97d-d965ccfc6d4b" outcome="Passed" testListId="8c84fa94-04c1-424b-9868-57a2d4851a1d" relativeResultsDirectory="527cd9e5-9ab4-43ab-bb81-a9d2f63103be" />
    <UnitTestResult executionId="22767a6f-ffe5-4eba-9c2f-011b838c23dd" testId="a730e682-0f14-44fa-a790-4ed2d00fe3b1" testName="FormatToStringTest1000 (13414.3551766441,13414.36 zł)" computerName="DESKTOP-5URQ9PB" duration="00:00:00.0000065" startTime="2022-06-13T21:12:18.3986945+02:00" endTime="2022-06-13T21:12:18.3987599+02:00" testType="13cdc9d9-ddb5-4fa4-a97d-d965ccfc6d4b" outcome="Passed" testListId="8c84fa94-04c1-424b-9868-57a2d4851a1d" relativeResultsDirectory="22767a6f-ffe5-4eba-9c2f-011b838c23dd" />
    <UnitTestResult executionId="c8f2aaa6-d2c6-4746-a724-5e2c86bfac47" testId="d0c61eab-73b2-4605-aa27-0e005eaf077e" testName="FormatToStringTest1000 (24024.14691439557,24024.15 zł)" computerName="DESKTOP-5URQ9PB" duration="00:00:00.0000095" startTime="2022-06-13T21:12:18.3842972+02:00" endTime="2022-06-13T21:12:18.3843768+02:00" testType="13cdc9d9-ddb5-4fa4-a97d-d965ccfc6d4b" outcome="Passed" testListId="8c84fa94-04c1-424b-9868-57a2d4851a1d" relativeResultsDirectory="c8f2aaa6-d2c6-4746-a724-5e2c86bfac47" />
    <UnitTestResult executionId="e18a0a58-e351-4a2d-81da-ff3702f337a9" testId="0623724b-0764-4cb7-aa4d-2997e5943d4e" testName="FormatToStringTest1000 (3506.8456124108498,3506.85 zł)" computerName="DESKTOP-5URQ9PB" duration="00:00:00.0000094" startTime="2022-06-13T21:12:18.3323903+02:00" endTime="2022-06-13T21:12:18.3325036+02:00" testType="13cdc9d9-ddb5-4fa4-a97d-d965ccfc6d4b" outcome="Passed" testListId="8c84fa94-04c1-424b-9868-57a2d4851a1d" relativeResultsDirectory="e18a0a58-e351-4a2d-81da-ff3702f337a9" />
    <UnitTestResult executionId="fa73190a-f8f0-4854-b5e4-727c664fd22e" testId="f13c55c0-466a-46b0-b074-f9e57288d083" testName="FormatToStringTest1000 (31163.834562352316,31163.83 zł)" computerName="DESKTOP-5URQ9PB" duration="00:00:00.0000063" startTime="2022-06-13T21:12:18.5641551+02:00" endTime="2022-06-13T21:12:18.5642203+02:00" testType="13cdc9d9-ddb5-4fa4-a97d-d965ccfc6d4b" outcome="Passed" testListId="8c84fa94-04c1-424b-9868-57a2d4851a1d" relativeResultsDirectory="fa73190a-f8f0-4854-b5e4-727c664fd22e" />
    <UnitTestResult executionId="e4f7607c-ea15-479c-8f6b-a0f4fdc26463" testId="49e5230e-5308-40b9-a7a3-03a977b2f45f" testName="FormatToStringTest1000 (6105.007054037418,6105.01 zł)" computerName="DESKTOP-5URQ9PB" duration="00:00:00.0000063" startTime="2022-06-13T21:12:18.5229109+02:00" endTime="2022-06-13T21:12:18.5229766+02:00" testType="13cdc9d9-ddb5-4fa4-a97d-d965ccfc6d4b" outcome="Passed" testListId="8c84fa94-04c1-424b-9868-57a2d4851a1d" relativeResultsDirectory="e4f7607c-ea15-479c-8f6b-a0f4fdc26463" />
    <UnitTestResult executionId="3499ebbe-b732-4659-9256-6a2b6a681ee3" testId="38051980-ca1c-44db-a4a5-c06450ded6f8" testName="FormatToStringTest1000 (2339.5873176472205,2339.59 zł)" computerName="DESKTOP-5URQ9PB" duration="00:00:00.0000065" startTime="2022-06-13T21:12:18.4501211+02:00" endTime="2022-06-13T21:12:18.4501876+02:00" testType="13cdc9d9-ddb5-4fa4-a97d-d965ccfc6d4b" outcome="Passed" testListId="8c84fa94-04c1-424b-9868-57a2d4851a1d" relativeResultsDirectory="3499ebbe-b732-4659-9256-6a2b6a681ee3" />
    <UnitTestResult executionId="bc7d1cf5-91c5-4b4f-83d4-988845ddc0ba" testId="22aa3e68-bb7d-4360-8402-1f7fee7d44d6" testName="FormatToStringTest1000 (7890.044272348771,7890.04 zł)" computerName="DESKTOP-5URQ9PB" duration="00:00:00.0000061" startTime="2022-06-13T21:12:18.4687831+02:00" endTime="2022-06-13T21:12:18.4688502+02:00" testType="13cdc9d9-ddb5-4fa4-a97d-d965ccfc6d4b" outcome="Passed" testListId="8c84fa94-04c1-424b-9868-57a2d4851a1d" relativeResultsDirectory="bc7d1cf5-91c5-4b4f-83d4-988845ddc0ba" />
    <UnitTestResult executionId="32f51446-bc96-4304-9799-f7874ef069c0" testId="54f1da17-112d-4247-82cd-786e7d009780" testName="FormatToStringTest1000 (19189.813662191766,19189.81 zł)" computerName="DESKTOP-5URQ9PB" duration="00:00:00.0000075" startTime="2022-06-13T21:12:18.4207610+02:00" endTime="2022-06-13T21:12:18.4208584+02:00" testType="13cdc9d9-ddb5-4fa4-a97d-d965ccfc6d4b" outcome="Passed" testListId="8c84fa94-04c1-424b-9868-57a2d4851a1d" relativeResultsDirectory="32f51446-bc96-4304-9799-f7874ef069c0" />
    <UnitTestResult executionId="97b36273-0ff1-412f-97e0-7e249f721fd8" testId="f0527624-cde6-4511-beec-99fce4dbcb73" testName="FormatToStringTest1000 (20068.867046961965,20068.87 zł)" computerName="DESKTOP-5URQ9PB" duration="00:00:00.0000064" startTime="2022-06-13T21:12:18.5334863+02:00" endTime="2022-06-13T21:12:18.5335527+02:00" testType="13cdc9d9-ddb5-4fa4-a97d-d965ccfc6d4b" outcome="Passed" testListId="8c84fa94-04c1-424b-9868-57a2d4851a1d" relativeResultsDirectory="97b36273-0ff1-412f-97e0-7e249f721fd8" />
    <UnitTestResult executionId="dba9826f-d71b-47e2-93ae-aea80f4b9319" testId="1b6571de-4d1d-40b1-999a-e3d1a49c7a5b" testName="FormatToStringTest1000 (60701.5177499319,60701.52 zł)" computerName="DESKTOP-5URQ9PB" duration="00:00:00.0000065" startTime="2022-06-13T21:12:18.5309442+02:00" endTime="2022-06-13T21:12:18.5310076+02:00" testType="13cdc9d9-ddb5-4fa4-a97d-d965ccfc6d4b" outcome="Passed" testListId="8c84fa94-04c1-424b-9868-57a2d4851a1d" relativeResultsDirectory="dba9826f-d71b-47e2-93ae-aea80f4b9319" />
    <UnitTestResult executionId="6adeae8e-1e64-4f01-b0df-e358bf533439" testId="355a630b-8f86-432c-8cfb-3d2367cacf6e" testName="FormatToStringTest1000 (45930.2386782068,45930.24 zł)" computerName="DESKTOP-5URQ9PB" duration="00:00:00.0000066" startTime="2022-06-13T21:12:18.3133087+02:00" endTime="2022-06-13T21:12:18.3133828+02:00" testType="13cdc9d9-ddb5-4fa4-a97d-d965ccfc6d4b" outcome="Passed" testListId="8c84fa94-04c1-424b-9868-57a2d4851a1d" relativeResultsDirectory="6adeae8e-1e64-4f01-b0df-e358bf533439" />
    <UnitTestResult executionId="b3068d0f-d758-4cc9-8071-5af40525a393" testId="d2c0256f-2051-419a-b1e1-9b2004803bf8" testName="FormatToStringTest1000 (10461.455048841171,10461.46 zł)" computerName="DESKTOP-5URQ9PB" duration="00:00:00.0000062" startTime="2022-06-13T21:12:18.4137331+02:00" endTime="2022-06-13T21:12:18.4137993+02:00" testType="13cdc9d9-ddb5-4fa4-a97d-d965ccfc6d4b" outcome="Passed" testListId="8c84fa94-04c1-424b-9868-57a2d4851a1d" relativeResultsDirectory="b3068d0f-d758-4cc9-8071-5af40525a393" />
    <UnitTestResult executionId="c3a845cc-0f37-4924-8c7d-121313e7e6ab" testId="539e3779-1a00-463f-8854-8dfe642dd074" testName="FormatToStringTest1000 (11829.625994884234,11829.63 zł)" computerName="DESKTOP-5URQ9PB" duration="00:00:00.0000071" startTime="2022-06-13T21:12:18.4423004+02:00" endTime="2022-06-13T21:12:18.4423788+02:00" testType="13cdc9d9-ddb5-4fa4-a97d-d965ccfc6d4b" outcome="Passed" testListId="8c84fa94-04c1-424b-9868-57a2d4851a1d" relativeResultsDirectory="c3a845cc-0f37-4924-8c7d-121313e7e6ab" />
    <UnitTestResult executionId="bd3bde2e-51e5-440b-afc8-cfac77ce9ef5" testId="d657ff62-39e3-48cc-9708-9d75a29b83da" testName="FormatToStringTest1000 (79388.929555234,79388.93 zł)" computerName="DESKTOP-5URQ9PB" duration="00:00:00.0000064" startTime="2022-06-13T21:12:18.5792675+02:00" endTime="2022-06-13T21:12:18.5793299+02:00" testType="13cdc9d9-ddb5-4fa4-a97d-d965ccfc6d4b" outcome="Passed" testListId="8c84fa94-04c1-424b-9868-57a2d4851a1d" relativeResultsDirectory="bd3bde2e-51e5-440b-afc8-cfac77ce9ef5" />
    <UnitTestResult executionId="1c9d7814-8afe-4760-8a6d-1cc963be1e9b" testId="a2815ad6-aac8-4d1a-8e1c-5d9dd1c26580" testName="FormatToStringTest1000 (19840.47672110632,19840.48 zł)" computerName="DESKTOP-5URQ9PB" duration="00:00:00.0000066" startTime="2022-06-13T21:12:18.3608068+02:00" endTime="2022-06-13T21:12:18.3608761+02:00" testType="13cdc9d9-ddb5-4fa4-a97d-d965ccfc6d4b" outcome="Passed" testListId="8c84fa94-04c1-424b-9868-57a2d4851a1d" relativeResultsDirectory="1c9d7814-8afe-4760-8a6d-1cc963be1e9b" />
    <UnitTestResult executionId="d8d593d0-3284-474a-80d9-6f136c62e690" testId="211e8e43-d30c-4ba6-b1f0-b2983f88696b" testName="FormatToStringTest1000 (65809.35218338219,65809.35 zł)" computerName="DESKTOP-5URQ9PB" duration="00:00:00.0000063" startTime="2022-06-13T21:12:18.6145850+02:00" endTime="2022-06-13T21:12:18.6146497+02:00" testType="13cdc9d9-ddb5-4fa4-a97d-d965ccfc6d4b" outcome="Passed" testListId="8c84fa94-04c1-424b-9868-57a2d4851a1d" relativeResultsDirectory="d8d593d0-3284-474a-80d9-6f136c62e690" />
    <UnitTestResult executionId="54a85a53-2bc8-44a4-8e83-ea850eec95d7" testId="7796e2b6-08ae-40e4-a4c0-086e9475978c" testName="FormatToStringTest1000 (23662.291816162084,23662.29 zł)" computerName="DESKTOP-5URQ9PB" duration="00:00:00.0000062" startTime="2022-06-13T21:12:18.5953749+02:00" endTime="2022-06-13T21:12:18.5954458+02:00" testType="13cdc9d9-ddb5-4fa4-a97d-d965ccfc6d4b" outcome="Passed" testListId="8c84fa94-04c1-424b-9868-57a2d4851a1d" relativeResultsDirectory="54a85a53-2bc8-44a4-8e83-ea850eec95d7" />
    <UnitTestResult executionId="4fdb06f9-9e0f-4b08-a216-50bae917deaf" testId="dcbe07a3-4b6b-4702-8ccb-4a2313eec6dd" testName="FormatToStringTest1000 (17315.72309779363,17315.72 zł)" computerName="DESKTOP-5URQ9PB" duration="00:00:00.0000063" startTime="2022-06-13T21:12:18.4045603+02:00" endTime="2022-06-13T21:12:18.4046267+02:00" testType="13cdc9d9-ddb5-4fa4-a97d-d965ccfc6d4b" outcome="Passed" testListId="8c84fa94-04c1-424b-9868-57a2d4851a1d" relativeResultsDirectory="4fdb06f9-9e0f-4b08-a216-50bae917deaf" />
    <UnitTestResult executionId="8d85ca98-c91a-4c65-9084-4754221c3841" testId="e7a46a84-21df-4e08-bc0d-c2feec764f7b" testName="FormatToStringTest1000 (16637.074429372828,16637.07 zł)" computerName="DESKTOP-5URQ9PB" duration="00:00:00.0000064" startTime="2022-06-13T21:12:18.3707918+02:00" endTime="2022-06-13T21:12:18.3708594+02:00" testType="13cdc9d9-ddb5-4fa4-a97d-d965ccfc6d4b" outcome="Passed" testListId="8c84fa94-04c1-424b-9868-57a2d4851a1d" relativeResultsDirectory="8d85ca98-c91a-4c65-9084-4754221c3841" />
    <UnitTestResult executionId="5495f2dc-3d8f-4310-b562-2a4ca795b708" testId="6cab3a86-c379-4c30-82b4-3bd8832510b7" testName="FormatToStringTest1000 (29678.921519093645,29678.92 zł)" computerName="DESKTOP-5URQ9PB" duration="00:00:00.0000069" startTime="2022-06-13T21:12:18.5075217+02:00" endTime="2022-06-13T21:12:18.5075897+02:00" testType="13cdc9d9-ddb5-4fa4-a97d-d965ccfc6d4b" outcome="Passed" testListId="8c84fa94-04c1-424b-9868-57a2d4851a1d" relativeResultsDirectory="5495f2dc-3d8f-4310-b562-2a4ca795b708" />
    <UnitTestResult executionId="091c0791-08e8-4eaf-9a11-4b6b292edb3d" testId="81fbbb22-d370-4da1-895a-c4a3d7d0a154" testName="FormatToStringTest1000 (13027.93935961739,13027.94 zł)" computerName="DESKTOP-5URQ9PB" duration="00:00:00.0000064" startTime="2022-06-13T21:12:18.4563357+02:00" endTime="2022-06-13T21:12:18.4564022+02:00" testType="13cdc9d9-ddb5-4fa4-a97d-d965ccfc6d4b" outcome="Passed" testListId="8c84fa94-04c1-424b-9868-57a2d4851a1d" relativeResultsDirectory="091c0791-08e8-4eaf-9a11-4b6b292edb3d" />
    <UnitTestResult executionId="230a7555-1c52-4d5f-8c69-ba2d87a2af91" testId="ca50524e-2f19-4851-ac45-33d61bf624d8" testName="FormatToStringTest1000 (3043.6828298227315,3043.68 zł)" computerName="DESKTOP-5URQ9PB" duration="00:00:00.0000079" startTime="2022-06-13T21:12:18.6383647+02:00" endTime="2022-06-13T21:12:18.6384511+02:00" testType="13cdc9d9-ddb5-4fa4-a97d-d965ccfc6d4b" outcome="Passed" testListId="8c84fa94-04c1-424b-9868-57a2d4851a1d" relativeResultsDirectory="230a7555-1c52-4d5f-8c69-ba2d87a2af91" />
    <UnitTestResult executionId="14073afa-06ac-4e3d-a500-dc46e4e79f4b" testId="638de37c-812f-4376-ab41-32f7a2aea198" testName="FormatToStringTest1000 (6027.66019266828,6027.66 zł)" computerName="DESKTOP-5URQ9PB" duration="00:00:00.0000064" startTime="2022-06-13T21:12:18.5868159+02:00" endTime="2022-06-13T21:12:18.5868780+02:00" testType="13cdc9d9-ddb5-4fa4-a97d-d965ccfc6d4b" outcome="Passed" testListId="8c84fa94-04c1-424b-9868-57a2d4851a1d" relativeResultsDirectory="14073afa-06ac-4e3d-a500-dc46e4e79f4b" />
    <UnitTestResult executionId="273dc587-d59e-44b6-b5a2-f9f5d17a7d9d" testId="20d83be1-3b99-4afe-b676-a44fa5cc5622" testName="FormatToStringTest1000 (7124.979180760672,7124.98 zł)" computerName="DESKTOP-5URQ9PB" duration="00:00:00.0000075" startTime="2022-06-13T21:12:18.2843906+02:00" endTime="2022-06-13T21:12:18.2845051+02:00" testType="13cdc9d9-ddb5-4fa4-a97d-d965ccfc6d4b" outcome="Passed" testListId="8c84fa94-04c1-424b-9868-57a2d4851a1d" relativeResultsDirectory="273dc587-d59e-44b6-b5a2-f9f5d17a7d9d" />
    <UnitTestResult executionId="e81e170c-9b63-4cb2-8074-acfe6ebd9d32" testId="e2980adc-9be7-432c-be0f-e74ab211d40a" testName="FormatToStringTest1000 (23789.556920184546,23789.56 zł)" computerName="DESKTOP-5URQ9PB" duration="00:00:00.0000062" startTime="2022-06-13T21:12:18.6174544+02:00" endTime="2022-06-13T21:12:18.6175181+02:00" testType="13cdc9d9-ddb5-4fa4-a97d-d965ccfc6d4b" outcome="Passed" testListId="8c84fa94-04c1-424b-9868-57a2d4851a1d" relativeResultsDirectory="e81e170c-9b63-4cb2-8074-acfe6ebd9d32" />
    <UnitTestResult executionId="6f406b72-2a17-4e92-99a7-988f72996762" testId="21cfdab7-c420-4199-9b3e-03d28440ca69" testName="FormatToStringTest1000 (34145.534199603615,34145.53 zł)" computerName="DESKTOP-5URQ9PB" duration="00:00:00.0000064" startTime="2022-06-13T21:12:18.5416210+02:00" endTime="2022-06-13T21:12:18.5416857+02:00" testType="13cdc9d9-ddb5-4fa4-a97d-d965ccfc6d4b" outcome="Passed" testListId="8c84fa94-04c1-424b-9868-57a2d4851a1d" relativeResultsDirectory="6f406b72-2a17-4e92-99a7-988f72996762" />
    <UnitTestResult executionId="3d2fb121-4034-4f2d-a238-17a34019ff4a" testId="277305c4-c890-4e37-966d-dd2f7b5ddb49" testName="FormatToStringTest1000 (10511.7304983189,10511.73 zł)" computerName="DESKTOP-5URQ9PB" duration="00:00:00.0000066" startTime="2022-06-13T21:12:18.4170623+02:00" endTime="2022-06-13T21:12:18.4171331+02:00" testType="13cdc9d9-ddb5-4fa4-a97d-d965ccfc6d4b" outcome="Passed" testListId="8c84fa94-04c1-424b-9868-57a2d4851a1d" relativeResultsDirectory="3d2fb121-4034-4f2d-a238-17a34019ff4a" />
    <UnitTestResult executionId="a149f42c-5e27-405c-b21a-770eaba33ba4" testId="bd0c4e4e-9a53-4b68-97a6-43c5b17fb098" testName="FormatToStringTest1000 (18794.859523484418,18794.86 zł)" computerName="DESKTOP-5URQ9PB" duration="00:00:00.0000063" startTime="2022-06-13T21:12:18.4075287+02:00" endTime="2022-06-13T21:12:18.4075951+02:00" testType="13cdc9d9-ddb5-4fa4-a97d-d965ccfc6d4b" outcome="Passed" testListId="8c84fa94-04c1-424b-9868-57a2d4851a1d" relativeResultsDirectory="a149f42c-5e27-405c-b21a-770eaba33ba4" />
    <UnitTestResult executionId="16d8977e-0095-49ce-84f0-f0c4540acc10" testId="9d34209e-1595-4592-95ff-eaa2d7038f9d" testName="FormatToStringTest1000 (13092.45389243609,13092.45 zł)" computerName="DESKTOP-5URQ9PB" duration="00:00:00.0000075" startTime="2022-06-13T21:12:18.5985378+02:00" endTime="2022-06-13T21:12:18.5986350+02:00" testType="13cdc9d9-ddb5-4fa4-a97d-d965ccfc6d4b" outcome="Passed" testListId="8c84fa94-04c1-424b-9868-57a2d4851a1d" relativeResultsDirectory="16d8977e-0095-49ce-84f0-f0c4540acc10" />
    <UnitTestResult executionId="ec33ceb9-7dac-48be-86b2-34abf1c61985" testId="085aa7e0-18a5-4669-909e-e8a8a53d4571" testName="FormatToStringTest1000 (4554.73912809777,4554.74 zł)" computerName="DESKTOP-5URQ9PB" duration="00:00:00.0000069" startTime="2022-06-13T21:12:18.5048702+02:00" endTime="2022-06-13T21:12:18.5049462+02:00" testType="13cdc9d9-ddb5-4fa4-a97d-d965ccfc6d4b" outcome="Passed" testListId="8c84fa94-04c1-424b-9868-57a2d4851a1d" relativeResultsDirectory="ec33ceb9-7dac-48be-86b2-34abf1c61985" />
    <UnitTestResult executionId="4514eeb6-a806-4a07-b4c6-7058aa2d8b6a" testId="b06abd80-0c20-4e08-9457-865d8b680bce" testName="FormatToStringTest1000 (653.4647999170537,653.46 zł)" computerName="DESKTOP-5URQ9PB" duration="00:00:00.0000065" startTime="2022-06-13T21:12:18.3876815+02:00" endTime="2022-06-13T21:12:18.3877564+02:00" testType="13cdc9d9-ddb5-4fa4-a97d-d965ccfc6d4b" outcome="Passed" testListId="8c84fa94-04c1-424b-9868-57a2d4851a1d" relativeResultsDirectory="4514eeb6-a806-4a07-b4c6-7058aa2d8b6a" />
    <UnitTestResult executionId="f8a0de4a-fdd4-4939-a3c1-65646fad6b11" testId="1c7efb42-93ed-40ad-bb36-fe26a9cc2118" testName="FormatToStringTest1000 (7715.904444139406,7715.90 zł)" computerName="DESKTOP-5URQ9PB" duration="00:00:00.0000062" startTime="2022-06-13T21:12:18.4530073+02:00" endTime="2022-06-13T21:12:18.4530744+02:00" testType="13cdc9d9-ddb5-4fa4-a97d-d965ccfc6d4b" outcome="Passed" testListId="8c84fa94-04c1-424b-9868-57a2d4851a1d" relativeResultsDirectory="f8a0de4a-fdd4-4939-a3c1-65646fad6b11" />
    <UnitTestResult executionId="4ad28e75-776f-42f1-bb45-cf1c30839a77" testId="09f6cd9c-cf21-460c-bcb1-c0ae8ca49c82" testName="FormatToStringTest1000 (4669.392596858271,4669.39 zł)" computerName="DESKTOP-5URQ9PB" duration="00:00:00.0000061" startTime="2022-06-13T21:12:18.3669992+02:00" endTime="2022-06-13T21:12:18.3670656+02:00" testType="13cdc9d9-ddb5-4fa4-a97d-d965ccfc6d4b" outcome="Passed" testListId="8c84fa94-04c1-424b-9868-57a2d4851a1d" relativeResultsDirectory="4ad28e75-776f-42f1-bb45-cf1c30839a77" />
    <UnitTestResult executionId="11c4715c-e285-40f7-b71d-5e06f52f1c0c" testId="9da2a045-8056-4135-a59b-2194f74eb70c" testName="FormatToStringTest1000 (12091.219941106729,12091.22 zł)" computerName="DESKTOP-5URQ9PB" duration="00:00:00.0000062" startTime="2022-06-13T21:12:18.3643523+02:00" endTime="2022-06-13T21:12:18.3644186+02:00" testType="13cdc9d9-ddb5-4fa4-a97d-d965ccfc6d4b" outcome="Passed" testListId="8c84fa94-04c1-424b-9868-57a2d4851a1d" relativeResultsDirectory="11c4715c-e285-40f7-b71d-5e06f52f1c0c" />
    <UnitTestResult executionId="3f63a40e-fb6e-4898-8216-a165a2cf4799" testId="383e2b62-ebfa-444d-bcd9-2d30df72d4d8" testName="FormatToStringTest1000 (15190.097283723344,15190.10 zł)" computerName="DESKTOP-5URQ9PB" duration="00:00:00.0000063" startTime="2022-06-13T21:12:18.5899526+02:00" endTime="2022-06-13T21:12:18.5900170+02:00" testType="13cdc9d9-ddb5-4fa4-a97d-d965ccfc6d4b" outcome="Passed" testListId="8c84fa94-04c1-424b-9868-57a2d4851a1d" relativeResultsDirectory="3f63a40e-fb6e-4898-8216-a165a2cf4799" />
    <UnitTestResult executionId="f15edc00-179c-45f4-b568-9b4e9fd9daa1" testId="91bd5cce-bb7a-4230-b8f7-72db0393314b" testName="FormatToStringTest1000 (37114.901517336206,37114.90 zł)" computerName="DESKTOP-5URQ9PB" duration="00:00:00.0000064" startTime="2022-06-13T21:12:18.5842089+02:00" endTime="2022-06-13T21:12:18.5842742+02:00" testType="13cdc9d9-ddb5-4fa4-a97d-d965ccfc6d4b" outcome="Passed" testListId="8c84fa94-04c1-424b-9868-57a2d4851a1d" relativeResultsDirectory="f15edc00-179c-45f4-b568-9b4e9fd9daa1" />
    <UnitTestResult executionId="5ae389f4-3435-4bf6-8c8f-2143631e2e66" testId="120465c1-31ad-43d6-8f18-9a7216cc915e" testName="FormatToStringTest1000 (31290.71396233687,31290.71 zł)" computerName="DESKTOP-5URQ9PB" duration="00:00:00.0000065" startTime="2022-06-13T21:12:18.2995745+02:00" endTime="2022-06-13T21:12:18.2996477+02:00" testType="13cdc9d9-ddb5-4fa4-a97d-d965ccfc6d4b" outcome="Passed" testListId="8c84fa94-04c1-424b-9868-57a2d4851a1d" relativeResultsDirectory="5ae389f4-3435-4bf6-8c8f-2143631e2e66" />
    <UnitTestResult executionId="1be17919-be61-476d-b99f-a73e88456873" testId="795906f5-d2e9-4f03-a9a9-e703dc9521ab" testName="FormatToStringTest1000 (181.3640542483721,181.36 zł)" computerName="DESKTOP-5URQ9PB" duration="00:00:00.0000062" startTime="2022-06-13T21:12:18.5791038+02:00" endTime="2022-06-13T21:12:18.5791694+02:00" testType="13cdc9d9-ddb5-4fa4-a97d-d965ccfc6d4b" outcome="Passed" testListId="8c84fa94-04c1-424b-9868-57a2d4851a1d" relativeResultsDirectory="1be17919-be61-476d-b99f-a73e88456873" />
    <UnitTestResult executionId="9a88cfae-e166-496e-a534-b0be1bbf8757" testId="bb8ca96e-a53c-46a7-a197-7a039fbeb6de" testName="FormatToStringTest1000 (6170.939441211959,6170.94 zł)" computerName="DESKTOP-5URQ9PB" duration="00:00:00.0000063" startTime="2022-06-13T21:12:18.4304589+02:00" endTime="2022-06-13T21:12:18.4305250+02:00" testType="13cdc9d9-ddb5-4fa4-a97d-d965ccfc6d4b" outcome="Passed" testListId="8c84fa94-04c1-424b-9868-57a2d4851a1d" relativeResultsDirectory="9a88cfae-e166-496e-a534-b0be1bbf8757" />
    <UnitTestResult executionId="47f9d8f5-5388-4de2-be53-cea859ff2287" testId="f28aec3f-1e74-45bd-ae02-db66ba3eed8a" testName="FormatToStringTest1000 (1821.7083499085663,1821.71 zł)" computerName="DESKTOP-5URQ9PB" duration="00:00:00.0000078" startTime="2022-06-13T21:12:18.5840314+02:00" endTime="2022-06-13T21:12:18.5841088+02:00" testType="13cdc9d9-ddb5-4fa4-a97d-d965ccfc6d4b" outcome="Passed" testListId="8c84fa94-04c1-424b-9868-57a2d4851a1d" relativeResultsDirectory="47f9d8f5-5388-4de2-be53-cea859ff2287" />
    <UnitTestResult executionId="fab19c83-0860-4432-a95a-ec4e4c28f333" testId="49156276-18b1-4448-8f4c-2e6cc5833432" testName="FormatToStringTest1000 (5548.360986085777,5548.36 zł)" computerName="DESKTOP-5URQ9PB" duration="00:00:00.0000064" startTime="2022-06-13T21:12:18.5187288+02:00" endTime="2022-06-13T21:12:18.5188077+02:00" testType="13cdc9d9-ddb5-4fa4-a97d-d965ccfc6d4b" outcome="Passed" testListId="8c84fa94-04c1-424b-9868-57a2d4851a1d" relativeResultsDirectory="fab19c83-0860-4432-a95a-ec4e4c28f333" />
    <UnitTestResult executionId="f2b05a35-803b-41c0-b7ca-a677b3dbb069" testId="068fdb33-0af0-4cfd-b9a0-2309ef034e9b" testName="FormatToStringTest1000 (15639.704937780603,15639.70 zł)" computerName="DESKTOP-5URQ9PB" duration="00:00:00.0000064" startTime="2022-06-13T21:12:18.2933413+02:00" endTime="2022-06-13T21:12:18.2934093+02:00" testType="13cdc9d9-ddb5-4fa4-a97d-d965ccfc6d4b" outcome="Passed" testListId="8c84fa94-04c1-424b-9868-57a2d4851a1d" relativeResultsDirectory="f2b05a35-803b-41c0-b7ca-a677b3dbb069" />
    <UnitTestResult executionId="efb8ba40-ffbc-449d-9760-f1a81763636d" testId="56ff36b9-c7ef-4698-b4d7-79a85f9a588a" testName="FormatToStringTest1000 (9624.06628225188,9624.07 zł)" computerName="DESKTOP-5URQ9PB" duration="00:00:00.0000064" startTime="2022-06-13T21:12:18.5644822+02:00" endTime="2022-06-13T21:12:18.5645445+02:00" testType="13cdc9d9-ddb5-4fa4-a97d-d965ccfc6d4b" outcome="Passed" testListId="8c84fa94-04c1-424b-9868-57a2d4851a1d" relativeResultsDirectory="efb8ba40-ffbc-449d-9760-f1a81763636d" />
    <UnitTestResult executionId="b8a46679-8bad-4812-ab0b-02bcbcbe09ea" testId="d3d72f2a-6e74-4a16-b592-f0ebd375d5c9" testName="FormatToStringTest1000 (10324.538670147089,10324.54 zł)" computerName="DESKTOP-5URQ9PB" duration="00:00:00.0000066" startTime="2022-06-13T21:12:18.5163395+02:00" endTime="2022-06-13T21:12:18.5164038+02:00" testType="13cdc9d9-ddb5-4fa4-a97d-d965ccfc6d4b" outcome="Passed" testListId="8c84fa94-04c1-424b-9868-57a2d4851a1d" relativeResultsDirectory="b8a46679-8bad-4812-ab0b-02bcbcbe09ea" />
    <UnitTestResult executionId="3b7e1545-802d-40c3-8a52-a91fcd6b52b1" testId="c6b908a7-735b-4dea-98ab-ff0cbd837e2c" testName="FormatToStringTest1000 (46790.41011887715,46790.41 zł)" computerName="DESKTOP-5URQ9PB" duration="00:00:00.0000064" startTime="2022-06-13T21:12:18.4595646+02:00" endTime="2022-06-13T21:12:18.4596308+02:00" testType="13cdc9d9-ddb5-4fa4-a97d-d965ccfc6d4b" outcome="Passed" testListId="8c84fa94-04c1-424b-9868-57a2d4851a1d" relativeResultsDirectory="3b7e1545-802d-40c3-8a52-a91fcd6b52b1" />
    <UnitTestResult executionId="d3837963-1594-4bf8-a46a-62bf3be762b3" testId="e9a03791-0fcd-43a5-a4a7-124e2a9bfc44" testName="FormatToStringTest1000 (33206.73122987837,33206.73 zł)" computerName="DESKTOP-5URQ9PB" duration="00:00:00.0000065" startTime="2022-06-13T21:12:18.2966960+02:00" endTime="2022-06-13T21:12:18.2967628+02:00" testType="13cdc9d9-ddb5-4fa4-a97d-d965ccfc6d4b" outcome="Passed" testListId="8c84fa94-04c1-424b-9868-57a2d4851a1d" relativeResultsDirectory="d3837963-1594-4bf8-a46a-62bf3be762b3" />
    <UnitTestResult executionId="aa18be68-1093-4562-a04d-ef607eb4c6ba" testId="636f62ca-983b-454a-9a98-edb5587267db" testName="FormatToStringTest1000 (3092.9215945624383,3092.92 zł)" computerName="DESKTOP-5URQ9PB" duration="00:00:00.0000065" startTime="2022-06-13T21:12:18.5051457+02:00" endTime="2022-06-13T21:12:18.5052132+02:00" testType="13cdc9d9-ddb5-4fa4-a97d-d965ccfc6d4b" outcome="Passed" testListId="8c84fa94-04c1-424b-9868-57a2d4851a1d" relativeResultsDirectory="aa18be68-1093-4562-a04d-ef607eb4c6ba" />
    <UnitTestResult executionId="c9597806-e19e-44dd-ab96-21fbfc0a7f6c" testId="e2d7c79d-a117-4528-a3dd-08dbfb52dde5" testName="FormatToStringTest1000 (16402.16316587206,16402.16 zł)" computerName="DESKTOP-5URQ9PB" duration="00:00:00.0000064" startTime="2022-06-13T21:12:18.4499505+02:00" endTime="2022-06-13T21:12:18.4500182+02:00" testType="13cdc9d9-ddb5-4fa4-a97d-d965ccfc6d4b" outcome="Passed" testListId="8c84fa94-04c1-424b-9868-57a2d4851a1d" relativeResultsDirectory="c9597806-e19e-44dd-ab96-21fbfc0a7f6c" />
    <UnitTestResult executionId="80f8f2f3-67ae-480d-914d-94d23e3e3a6d" testId="17e1f408-4a4b-427f-aed7-c86868203d81" testName="FormatToStringTest1000 (2121.0917325211185,2121.09 zł)" computerName="DESKTOP-5URQ9PB" duration="00:00:00.0000062" startTime="2022-06-13T21:12:18.5104117+02:00" endTime="2022-06-13T21:12:18.5104799+02:00" testType="13cdc9d9-ddb5-4fa4-a97d-d965ccfc6d4b" outcome="Passed" testListId="8c84fa94-04c1-424b-9868-57a2d4851a1d" relativeResultsDirectory="80f8f2f3-67ae-480d-914d-94d23e3e3a6d" />
    <UnitTestResult executionId="5c563de4-845a-4340-969f-2565e240ddef" testId="6597b36d-4598-4d80-a533-475da8d7a1bf" testName="FormatToStringTest1000 (18596.12661189033,18596.13 zł)" computerName="DESKTOP-5URQ9PB" duration="00:00:00.0000064" startTime="2022-06-13T21:12:18.5076903+02:00" endTime="2022-06-13T21:12:18.5077560+02:00" testType="13cdc9d9-ddb5-4fa4-a97d-d965ccfc6d4b" outcome="Passed" testListId="8c84fa94-04c1-424b-9868-57a2d4851a1d" relativeResultsDirectory="5c563de4-845a-4340-969f-2565e240ddef" />
    <UnitTestResult executionId="8e00c9a7-aaad-42e9-81db-f253ad0c3d2b" testId="4c02df38-497b-4ad0-be29-aff0e4805c05" testName="FormatToStringTest1000 (11175.438820935526,11175.44 zł)" computerName="DESKTOP-5URQ9PB" duration="00:00:00.0000066" startTime="2022-06-13T21:12:18.3523805+02:00" endTime="2022-06-13T21:12:18.3524564+02:00" testType="13cdc9d9-ddb5-4fa4-a97d-d965ccfc6d4b" outcome="Passed" testListId="8c84fa94-04c1-424b-9868-57a2d4851a1d" relativeResultsDirectory="8e00c9a7-aaad-42e9-81db-f253ad0c3d2b" />
    <UnitTestResult executionId="b9b4a45a-2ba7-48ba-b0d6-d013cb3b35af" testId="039adf6d-4814-425a-a1e9-7e5e1f885b6a" testName="FormatToStringTest1000 (5810.695934967462,5810.70 zł)" computerName="DESKTOP-5URQ9PB" duration="00:00:00.0000064" startTime="2022-06-13T21:12:18.6330250+02:00" endTime="2022-06-13T21:12:18.6330915+02:00" testType="13cdc9d9-ddb5-4fa4-a97d-d965ccfc6d4b" outcome="Passed" testListId="8c84fa94-04c1-424b-9868-57a2d4851a1d" relativeResultsDirectory="b9b4a45a-2ba7-48ba-b0d6-d013cb3b35af" />
    <UnitTestResult executionId="d1e5ff98-ff02-4efc-885c-7fcbcf107519" testId="aa512779-3aaa-477e-8d7a-cdf99821abf3" testName="FormatToStringTest1000 (30410.68214617003,30410.68 zł)" computerName="DESKTOP-5URQ9PB" duration="00:00:00.0000061" startTime="2022-06-13T21:12:18.4593141+02:00" endTime="2022-06-13T21:12:18.4593804+02:00" testType="13cdc9d9-ddb5-4fa4-a97d-d965ccfc6d4b" outcome="Passed" testListId="8c84fa94-04c1-424b-9868-57a2d4851a1d" relativeResultsDirectory="d1e5ff98-ff02-4efc-885c-7fcbcf107519" />
    <UnitTestResult executionId="f6c5b4c3-cd5d-4b75-97f2-493b2da8bda5" testId="91342888-e58f-44d1-9f18-dcfd15719aa2" testName="FormatToStringTest1000 (19783.413847500186,19783.41 zł)" computerName="DESKTOP-5URQ9PB" duration="00:00:00.0000062" startTime="2022-06-13T21:12:18.6043602+02:00" endTime="2022-06-13T21:12:18.6044242+02:00" testType="13cdc9d9-ddb5-4fa4-a97d-d965ccfc6d4b" outcome="Passed" testListId="8c84fa94-04c1-424b-9868-57a2d4851a1d" relativeResultsDirectory="f6c5b4c3-cd5d-4b75-97f2-493b2da8bda5" />
    <UnitTestResult executionId="5573584c-3d2c-438f-8cf2-2345fa7e2b92" testId="e8159eb1-ff3a-4709-a9b8-d023bebac386" testName="FormatToStringTest1000 (3799.9216302064815,3799.92 zł)" computerName="DESKTOP-5URQ9PB" duration="00:00:00.0000064" startTime="2022-06-13T21:12:18.4049848+02:00" endTime="2022-06-13T21:12:18.4050518+02:00" testType="13cdc9d9-ddb5-4fa4-a97d-d965ccfc6d4b" outcome="Passed" testListId="8c84fa94-04c1-424b-9868-57a2d4851a1d" relativeResultsDirectory="5573584c-3d2c-438f-8cf2-2345fa7e2b92" />
    <UnitTestResult executionId="d185cbfe-119d-4c93-bb9d-daaf17469a3e" testId="7e27cf37-c009-4073-8650-e3b67c8e7776" testName="FormatToStringTest1000 (16986.338876065027,16986.34 zł)" computerName="DESKTOP-5URQ9PB" duration="00:00:00.0000064" startTime="2022-06-13T21:12:18.2935113+02:00" endTime="2022-06-13T21:12:18.2935779+02:00" testType="13cdc9d9-ddb5-4fa4-a97d-d965ccfc6d4b" outcome="Passed" testListId="8c84fa94-04c1-424b-9868-57a2d4851a1d" relativeResultsDirectory="d185cbfe-119d-4c93-bb9d-daaf17469a3e" />
    <UnitTestResult executionId="ed3feb61-d794-4276-a25d-f139374ca821" testId="d23cbe92-8461-4ed1-a75f-661b4c68d477" testName="FormatToStringTest1000 (13844.577623300524,13844.58 zł)" computerName="DESKTOP-5URQ9PB" duration="00:00:00.0000064" startTime="2022-06-13T21:12:18.3668230+02:00" endTime="2022-06-13T21:12:18.3668950+02:00" testType="13cdc9d9-ddb5-4fa4-a97d-d965ccfc6d4b" outcome="Passed" testListId="8c84fa94-04c1-424b-9868-57a2d4851a1d" relativeResultsDirectory="ed3feb61-d794-4276-a25d-f139374ca821" />
    <UnitTestResult executionId="c416326a-f032-4905-96be-50391e73ddf3" testId="f16f6cf5-3e6b-405e-bf73-6840d286d13a" testName="FormatToStringTest1000 (21573.45329517613,21573.45 zł)" computerName="DESKTOP-5URQ9PB" duration="00:00:00.0000064" startTime="2022-06-13T21:12:18.6335182+02:00" endTime="2022-06-13T21:12:18.6335827+02:00" testType="13cdc9d9-ddb5-4fa4-a97d-d965ccfc6d4b" outcome="Passed" testListId="8c84fa94-04c1-424b-9868-57a2d4851a1d" relativeResultsDirectory="c416326a-f032-4905-96be-50391e73ddf3" />
    <UnitTestResult executionId="65aa0089-fb12-423c-bf48-b23930310ac9" testId="55f92949-5f84-4297-b9b5-aadb0a7481d8" testName="FormatToStringTest1000 (31347.468987404587,31347.47 zł)" computerName="DESKTOP-5URQ9PB" duration="00:00:00.0000062" startTime="2022-06-13T21:12:18.6097480+02:00" endTime="2022-06-13T21:12:18.6098131+02:00" testType="13cdc9d9-ddb5-4fa4-a97d-d965ccfc6d4b" outcome="Passed" testListId="8c84fa94-04c1-424b-9868-57a2d4851a1d" relativeResultsDirectory="65aa0089-fb12-423c-bf48-b23930310ac9" />
    <UnitTestResult executionId="e181236f-2fd2-441b-bd80-46cec1350896" testId="4f21117c-85a1-4eb1-82d4-8ab4d4f9b525" testName="FormatToStringTest1000 (151.50737175275916,151.51 zł)" computerName="DESKTOP-5URQ9PB" duration="00:00:00.0000062" startTime="2022-06-13T21:12:18.6255169+02:00" endTime="2022-06-13T21:12:18.6255828+02:00" testType="13cdc9d9-ddb5-4fa4-a97d-d965ccfc6d4b" outcome="Passed" testListId="8c84fa94-04c1-424b-9868-57a2d4851a1d" relativeResultsDirectory="e181236f-2fd2-441b-bd80-46cec1350896" />
    <UnitTestResult executionId="565bc73d-6540-4ca4-8779-beb6f2453c02" testId="cbf242e6-ca02-4066-9663-767590207ffe" testName="FormatToStringTest1000 (2390.7596313784643,2390.76 zł)" computerName="DESKTOP-5URQ9PB" duration="00:00:00.0000061" startTime="2022-06-13T21:12:18.5165818+02:00" endTime="2022-06-13T21:12:18.5166453+02:00" testType="13cdc9d9-ddb5-4fa4-a97d-d965ccfc6d4b" outcome="Passed" testListId="8c84fa94-04c1-424b-9868-57a2d4851a1d" relativeResultsDirectory="565bc73d-6540-4ca4-8779-beb6f2453c02" />
    <UnitTestResult executionId="89cd2c38-651d-41c2-bb3f-d7e76c32aeda" testId="5499013d-5a24-4c64-b0b5-b559eb73d74c" testName="FormatToStringTest1000 (759.247198292635,759.25 zł)" computerName="DESKTOP-5URQ9PB" duration="00:00:00.0000068" startTime="2022-06-13T21:12:18.3841058+02:00" endTime="2022-06-13T21:12:18.3841872+02:00" testType="13cdc9d9-ddb5-4fa4-a97d-d965ccfc6d4b" outcome="Passed" testListId="8c84fa94-04c1-424b-9868-57a2d4851a1d" relativeResultsDirectory="89cd2c38-651d-41c2-bb3f-d7e76c32aeda" />
    <UnitTestResult executionId="55f37805-93b6-4b8a-90d5-84237324b62a" testId="06f23fc8-04de-429c-a28d-d1f961512b78" testName="FormatToStringTest1000 (17953.338243749615,17953.34 zł)" computerName="DESKTOP-5URQ9PB" duration="00:00:00.0000066" startTime="2022-06-13T21:12:18.3030409+02:00" endTime="2022-06-13T21:12:18.3031136+02:00" testType="13cdc9d9-ddb5-4fa4-a97d-d965ccfc6d4b" outcome="Passed" testListId="8c84fa94-04c1-424b-9868-57a2d4851a1d" relativeResultsDirectory="55f37805-93b6-4b8a-90d5-84237324b62a" />
    <UnitTestResult executionId="b2c0c063-27b1-40ed-9059-906ce7b64ac4" testId="89578746-2e33-4eec-b03c-60152e76c94b" testName="FormatToStringTest1000 (44361.82678515177,44361.83 zł)" computerName="DESKTOP-5URQ9PB" duration="00:00:00.0000063" startTime="2022-06-13T21:12:18.6121354+02:00" endTime="2022-06-13T21:12:18.6122000+02:00" testType="13cdc9d9-ddb5-4fa4-a97d-d965ccfc6d4b" outcome="Passed" testListId="8c84fa94-04c1-424b-9868-57a2d4851a1d" relativeResultsDirectory="b2c0c063-27b1-40ed-9059-906ce7b64ac4" />
    <UnitTestResult executionId="4db557fc-092e-4298-a0be-656c1883e2d6" testId="1911f1f6-e3f9-46c7-91d3-cecf0685fd9d" testName="FormatToStringTest1000 (37866.43836050967,37866.44 zł)" computerName="DESKTOP-5URQ9PB" duration="00:00:00.0000064" startTime="2022-06-13T21:12:18.4017293+02:00" endTime="2022-06-13T21:12:18.4017958+02:00" testType="13cdc9d9-ddb5-4fa4-a97d-d965ccfc6d4b" outcome="Passed" testListId="8c84fa94-04c1-424b-9868-57a2d4851a1d" relativeResultsDirectory="4db557fc-092e-4298-a0be-656c1883e2d6" />
    <UnitTestResult executionId="fe02f7c8-2a10-468b-87b0-23e08b28a3d1" testId="7c48cadf-935b-4b31-b381-8e3bf4ed05d9" testName="FormatToStringTest1000 (598.1279707877561,598.13 zł)" computerName="DESKTOP-5URQ9PB" duration="00:00:00.0000063" startTime="2022-06-13T21:12:18.5311872+02:00" endTime="2022-06-13T21:12:18.5312524+02:00" testType="13cdc9d9-ddb5-4fa4-a97d-d965ccfc6d4b" outcome="Passed" testListId="8c84fa94-04c1-424b-9868-57a2d4851a1d" relativeResultsDirectory="fe02f7c8-2a10-468b-87b0-23e08b28a3d1" />
    <UnitTestResult executionId="dc6ffc87-30f8-42ca-b235-6c8bb8fbc324" testId="76f14a27-511d-4620-a68d-6edd709ff4bb" testName="FormatToStringTest1000 (10268.547802396373,10268.55 zł)" computerName="DESKTOP-5URQ9PB" duration="00:00:00.0000065" startTime="2022-06-13T21:12:18.3031314+02:00" endTime="2022-06-13T21:12:18.3032097+02:00" testType="13cdc9d9-ddb5-4fa4-a97d-d965ccfc6d4b" outcome="Passed" testListId="8c84fa94-04c1-424b-9868-57a2d4851a1d" relativeResultsDirectory="dc6ffc87-30f8-42ca-b235-6c8bb8fbc324" />
    <UnitTestResult executionId="d8befd8a-c1f6-4e61-b44e-2291bd2447fc" testId="8eadde78-f8a0-43e8-a801-48ae6464cb17" testName="FormatToStringTest1000 (5566.818038455592,5566.82 zł)" computerName="DESKTOP-5URQ9PB" duration="00:00:00.0000064" startTime="2022-06-13T21:12:18.5507011+02:00" endTime="2022-06-13T21:12:18.5507670+02:00" testType="13cdc9d9-ddb5-4fa4-a97d-d965ccfc6d4b" outcome="Passed" testListId="8c84fa94-04c1-424b-9868-57a2d4851a1d" relativeResultsDirectory="d8befd8a-c1f6-4e61-b44e-2291bd2447fc" />
    <UnitTestResult executionId="139b7e1e-e415-4cb8-9b56-1f9ebd4f79cf" testId="ee6d24d2-1382-42e7-9944-e60e593d5d87" testName="FormatToStringTest1000 (20441.330495004695,20441.33 zł)" computerName="DESKTOP-5URQ9PB" duration="00:00:00.0000072" startTime="2022-06-13T21:12:18.3267041+02:00" endTime="2022-06-13T21:12:18.3267733+02:00" testType="13cdc9d9-ddb5-4fa4-a97d-d965ccfc6d4b" outcome="Passed" testListId="8c84fa94-04c1-424b-9868-57a2d4851a1d" relativeResultsDirectory="139b7e1e-e415-4cb8-9b56-1f9ebd4f79cf" />
    <UnitTestResult executionId="2e83b2da-0500-4f4d-82b8-583eff1131f1" testId="2170699f-45ea-4e32-b513-62b6a6f81aed" testName="FormatToStringTest1000 (58902.704109088845,58902.70 zł)" computerName="DESKTOP-5URQ9PB" duration="00:00:00.0000062" startTime="2022-06-13T21:12:18.6017091+02:00" endTime="2022-06-13T21:12:18.6017727+02:00" testType="13cdc9d9-ddb5-4fa4-a97d-d965ccfc6d4b" outcome="Passed" testListId="8c84fa94-04c1-424b-9868-57a2d4851a1d" relativeResultsDirectory="2e83b2da-0500-4f4d-82b8-583eff1131f1" />
    <UnitTestResult executionId="2955835d-7c22-4fe3-b6a9-1879b278c57f" testId="41b8ae5e-99e8-4d51-9675-f7fc157bc215" testName="FormatToStringTest1000 (26162.532683261918,26162.53 zł)" computerName="DESKTOP-5URQ9PB" duration="00:00:00.0000062" startTime="2022-06-13T21:12:18.5844548+02:00" endTime="2022-06-13T21:12:18.5845209+02:00" testType="13cdc9d9-ddb5-4fa4-a97d-d965ccfc6d4b" outcome="Passed" testListId="8c84fa94-04c1-424b-9868-57a2d4851a1d" relativeResultsDirectory="2955835d-7c22-4fe3-b6a9-1879b278c57f" />
    <UnitTestResult executionId="50c5ea23-b3b1-4359-ad17-4bf428ea73d2" testId="7d9632a1-ca0d-4266-9c2d-848f7f15c9ad" testName="FormatToStringTest1000 (23649.104642116046,23649.10 zł)" computerName="DESKTOP-5URQ9PB" duration="00:00:00.0000065" startTime="2022-06-13T21:12:18.4334826+02:00" endTime="2022-06-13T21:12:18.4335498+02:00" testType="13cdc9d9-ddb5-4fa4-a97d-d965ccfc6d4b" outcome="Passed" testListId="8c84fa94-04c1-424b-9868-57a2d4851a1d" relativeResultsDirectory="50c5ea23-b3b1-4359-ad17-4bf428ea73d2" />
    <UnitTestResult executionId="dc8c34ef-f768-4dba-bbc7-4fa19e7ec901" testId="f475e013-b1e1-44ec-b82d-deb08b685cac" testName="FormatToStringTest1000 (18208.8422650126,18208.84 zł)" computerName="DESKTOP-5URQ9PB" duration="00:00:00.0000064" startTime="2022-06-13T21:12:18.3740415+02:00" endTime="2022-06-13T21:12:18.3741054+02:00" testType="13cdc9d9-ddb5-4fa4-a97d-d965ccfc6d4b" outcome="Passed" testListId="8c84fa94-04c1-424b-9868-57a2d4851a1d" relativeResultsDirectory="dc8c34ef-f768-4dba-bbc7-4fa19e7ec901" />
    <UnitTestResult executionId="91479792-b1ae-427b-82ba-5de16d37daba" testId="d184ef5e-ef8d-4735-96ec-11140c8a00f2" testName="FormatToStringTest1000 (17988.455793307843,17988.46 zł)" computerName="DESKTOP-5URQ9PB" duration="00:00:00.0000062" startTime="2022-06-13T21:12:18.3296196+02:00" endTime="2022-06-13T21:12:18.3296864+02:00" testType="13cdc9d9-ddb5-4fa4-a97d-d965ccfc6d4b" outcome="Passed" testListId="8c84fa94-04c1-424b-9868-57a2d4851a1d" relativeResultsDirectory="91479792-b1ae-427b-82ba-5de16d37daba" />
    <UnitTestResult executionId="adbf13ac-6d7d-45fb-a7f8-cbf5abbec300" testId="490865c7-d0f5-49fc-b718-e19e7341bb2b" testName="FormatToStringTest1000 (4525.609305084501,4525.61 zł)" computerName="DESKTOP-5URQ9PB" duration="00:00:00.0000067" startTime="2022-06-13T21:12:18.5258032+02:00" endTime="2022-06-13T21:12:18.5258684+02:00" testType="13cdc9d9-ddb5-4fa4-a97d-d965ccfc6d4b" outcome="Passed" testListId="8c84fa94-04c1-424b-9868-57a2d4851a1d" relativeResultsDirectory="adbf13ac-6d7d-45fb-a7f8-cbf5abbec300" />
    <UnitTestResult executionId="e9b4b539-1d5e-45b3-997b-7e30072dd63f" testId="355aa7d6-6c8d-42e2-947b-5097b20aac0d" testName="FormatToStringTest1000 (26468.346804109562,26468.35 zł)" computerName="DESKTOP-5URQ9PB" duration="00:00:00.0000120" startTime="2022-06-13T21:12:18.3873217+02:00" endTime="2022-06-13T21:12:18.3874625+02:00" testType="13cdc9d9-ddb5-4fa4-a97d-d965ccfc6d4b" outcome="Passed" testListId="8c84fa94-04c1-424b-9868-57a2d4851a1d" relativeResultsDirectory="e9b4b539-1d5e-45b3-997b-7e30072dd63f" />
    <UnitTestResult executionId="ce5ba719-c128-49e3-b7d2-df778ac77ac6" testId="c41d25f8-241b-4202-a36f-ac6e5e4a0c15" testName="FormatToStringTest1000 (4857.211933034105,4857.21 zł)" computerName="DESKTOP-5URQ9PB" duration="00:00:00.0000063" startTime="2022-06-13T21:12:18.6303345+02:00" endTime="2022-06-13T21:12:18.6304009+02:00" testType="13cdc9d9-ddb5-4fa4-a97d-d965ccfc6d4b" outcome="Passed" testListId="8c84fa94-04c1-424b-9868-57a2d4851a1d" relativeResultsDirectory="ce5ba719-c128-49e3-b7d2-df778ac77ac6" />
    <UnitTestResult executionId="2816a216-365b-4927-af16-872fe9f5c355" testId="26a58b54-6d58-4ef5-a61a-bfdd2522e2ef" testName="FormatToStringTest1000 (27629.79121039193,27629.79 zł)" computerName="DESKTOP-5URQ9PB" duration="00:00:00.0000063" startTime="2022-06-13T21:12:18.4105749+02:00" endTime="2022-06-13T21:12:18.4106421+02:00" testType="13cdc9d9-ddb5-4fa4-a97d-d965ccfc6d4b" outcome="Passed" testListId="8c84fa94-04c1-424b-9868-57a2d4851a1d" relativeResultsDirectory="2816a216-365b-4927-af16-872fe9f5c355" />
    <UnitTestResult executionId="dc7cbddc-95b0-4957-b401-e63d276ffce3" testId="5d25d88e-cdf1-4017-9c3e-b402482b81f8" testName="FormatToStringTest1000 (13745.115971449817,13745.12 zł)" computerName="DESKTOP-5URQ9PB" duration="00:00:00.0000105" startTime="2022-06-13T21:12:18.3453844+02:00" endTime="2022-06-13T21:12:18.3455938+02:00" testType="13cdc9d9-ddb5-4fa4-a97d-d965ccfc6d4b" outcome="Passed" testListId="8c84fa94-04c1-424b-9868-57a2d4851a1d" relativeResultsDirectory="dc7cbddc-95b0-4957-b401-e63d276ffce3" />
    <UnitTestResult executionId="c57086e9-8777-4db2-aa2a-fe30295dec86" testId="9b8e922d-3846-431f-88de-aa76787f821d" testName="FormatToStringTest1000 (21785.42157155528,21785.42 zł)" computerName="DESKTOP-5URQ9PB" duration="00:00:00.0000061" startTime="2022-06-13T21:12:18.5818226+02:00" endTime="2022-06-13T21:12:18.5818864+02:00" testType="13cdc9d9-ddb5-4fa4-a97d-d965ccfc6d4b" outcome="Passed" testListId="8c84fa94-04c1-424b-9868-57a2d4851a1d" relativeResultsDirectory="c57086e9-8777-4db2-aa2a-fe30295dec86" />
    <UnitTestResult executionId="57dee2f7-5b64-46a0-b332-2428d7ad6842" testId="b5e9c566-e92e-44ac-8039-a6e809c0601b" testName="FormatToStringTest1000 (23282.56178903047,23282.56 zł)" computerName="DESKTOP-5URQ9PB" duration="00:00:00.0000066" startTime="2022-06-13T21:12:18.3670832+02:00" endTime="2022-06-13T21:12:18.3671504+02:00" testType="13cdc9d9-ddb5-4fa4-a97d-d965ccfc6d4b" outcome="Passed" testListId="8c84fa94-04c1-424b-9868-57a2d4851a1d" relativeResultsDirectory="57dee2f7-5b64-46a0-b332-2428d7ad6842" />
    <UnitTestResult executionId="547e5edb-7df8-4337-87ee-5bbe11aa0283" testId="c357649a-00e8-469b-9bdd-f95ec98e303e" testName="FormatToStringTest1000 (22197.731451777618,22197.73 zł)" computerName="DESKTOP-5URQ9PB" duration="00:00:00.0000064" startTime="2022-06-13T21:12:18.4620501+02:00" endTime="2022-06-13T21:12:18.4621184+02:00" testType="13cdc9d9-ddb5-4fa4-a97d-d965ccfc6d4b" outcome="Passed" testListId="8c84fa94-04c1-424b-9868-57a2d4851a1d" relativeResultsDirectory="547e5edb-7df8-4337-87ee-5bbe11aa0283" />
    <UnitTestResult executionId="6558e133-5922-46a3-849d-4cce6a587da3" testId="52578d67-a582-4168-a3b1-ff09d8583a6e" testName="FormatToStringTest1000 (15566.957545477411,15566.96 zł)" computerName="DESKTOP-5URQ9PB" duration="00:00:00.0000063" startTime="2022-06-13T21:12:18.3032272+02:00" endTime="2022-06-13T21:12:18.3032992+02:00" testType="13cdc9d9-ddb5-4fa4-a97d-d965ccfc6d4b" outcome="Passed" testListId="8c84fa94-04c1-424b-9868-57a2d4851a1d" relativeResultsDirectory="6558e133-5922-46a3-849d-4cce6a587da3" />
    <UnitTestResult executionId="b74ca60e-be5c-40e2-a3ae-db27a66789ce" testId="0ae686ee-74e3-4cb9-aea7-de23e1546e20" testName="FormatToStringTest1000 (1614.2516601789982,1614.25 zł)" computerName="DESKTOP-5URQ9PB" duration="00:00:00.0000063" startTime="2022-06-13T21:12:18.2908065+02:00" endTime="2022-06-13T21:12:18.2908728+02:00" testType="13cdc9d9-ddb5-4fa4-a97d-d965ccfc6d4b" outcome="Passed" testListId="8c84fa94-04c1-424b-9868-57a2d4851a1d" relativeResultsDirectory="b74ca60e-be5c-40e2-a3ae-db27a66789ce" />
    <UnitTestResult executionId="31458295-b5ab-459e-82bf-c7e7184ba47c" testId="c997933f-d445-44b8-889c-a814b8150ff4" testName="FormatToStringTest1000 (27506.397047390416,27506.40 zł)" computerName="DESKTOP-5URQ9PB" duration="00:00:00.0000062" startTime="2022-06-13T21:12:18.3461528+02:00" endTime="2022-06-13T21:12:18.3462198+02:00" testType="13cdc9d9-ddb5-4fa4-a97d-d965ccfc6d4b" outcome="Passed" testListId="8c84fa94-04c1-424b-9868-57a2d4851a1d" relativeResultsDirectory="31458295-b5ab-459e-82bf-c7e7184ba47c" />
    <UnitTestResult executionId="54d91400-dd8f-4376-ac8c-f81528e2ea0e" testId="969125a4-5400-4ab7-91c4-8726fda8ae0b" testName="FormatToStringTest1000 (13323.876109275909,13323.88 zł)" computerName="DESKTOP-5URQ9PB" duration="00:00:00.0000062" startTime="2022-06-13T21:12:18.5950536+02:00" endTime="2022-06-13T21:12:18.5951178+02:00" testType="13cdc9d9-ddb5-4fa4-a97d-d965ccfc6d4b" outcome="Passed" testListId="8c84fa94-04c1-424b-9868-57a2d4851a1d" relativeResultsDirectory="54d91400-dd8f-4376-ac8c-f81528e2ea0e" />
    <UnitTestResult executionId="e9359c20-f728-4f7d-a705-18f07d367113" testId="b9664de5-abfe-420a-8a24-b1c7e2cc1fd8" testName="FormatToStringTest1000 (4030.673117592313,4030.67 zł)" computerName="DESKTOP-5URQ9PB" duration="00:00:00.0000069" startTime="2022-06-13T21:12:18.4016452+02:00" endTime="2022-06-13T21:12:18.4017121+02:00" testType="13cdc9d9-ddb5-4fa4-a97d-d965ccfc6d4b" outcome="Passed" testListId="8c84fa94-04c1-424b-9868-57a2d4851a1d" relativeResultsDirectory="e9359c20-f728-4f7d-a705-18f07d367113" />
    <UnitTestResult executionId="6a52a80a-ec22-4175-9493-84b81f3319e3" testId="d08601f2-2611-42f5-90e0-b0275777d878" testName="FormatToStringTest1000 (17418.31302247863,17418.31 zł)" computerName="DESKTOP-5URQ9PB" duration="00:00:00.0000062" startTime="2022-06-13T21:12:18.3951926+02:00" endTime="2022-06-13T21:12:18.3952597+02:00" testType="13cdc9d9-ddb5-4fa4-a97d-d965ccfc6d4b" outcome="Passed" testListId="8c84fa94-04c1-424b-9868-57a2d4851a1d" relativeResultsDirectory="6a52a80a-ec22-4175-9493-84b81f3319e3" />
    <UnitTestResult executionId="9091084d-7685-4856-9924-070150c5cc29" testId="8385395b-15f2-4023-876b-e30cf429b329" testName="FormatToStringTest1000 (64210.358316209335,64210.36 zł)" computerName="DESKTOP-5URQ9PB" duration="00:00:00.0000066" startTime="2022-06-13T21:12:18.3099570+02:00" endTime="2022-06-13T21:12:18.3100368+02:00" testType="13cdc9d9-ddb5-4fa4-a97d-d965ccfc6d4b" outcome="Passed" testListId="8c84fa94-04c1-424b-9868-57a2d4851a1d" relativeResultsDirectory="9091084d-7685-4856-9924-070150c5cc29" />
    <UnitTestResult executionId="874ccf8d-6b69-47bf-8094-769fe420e977" testId="17ba85ab-d0f8-4c2a-8807-9e1e514dc3b7" testName="FormatToStringTest1000 (17579.823312525088,17579.82 zł)" computerName="DESKTOP-5URQ9PB" duration="00:00:00.0000062" startTime="2022-06-13T21:12:18.5394335+02:00" endTime="2022-06-13T21:12:18.5394973+02:00" testType="13cdc9d9-ddb5-4fa4-a97d-d965ccfc6d4b" outcome="Passed" testListId="8c84fa94-04c1-424b-9868-57a2d4851a1d" relativeResultsDirectory="874ccf8d-6b69-47bf-8094-769fe420e977" />
    <UnitTestResult executionId="270d39fc-f6c8-4a98-b5c7-b7ba1b23b957" testId="34249693-f86e-408c-91f4-8b0989cd3d58" testName="FormatToStringTest1000 (66284.43763489948,66284.44 zł)" computerName="DESKTOP-5URQ9PB" duration="00:00:00.0000064" startTime="2022-06-13T21:12:18.5254762+02:00" endTime="2022-06-13T21:12:18.5255408+02:00" testType="13cdc9d9-ddb5-4fa4-a97d-d965ccfc6d4b" outcome="Passed" testListId="8c84fa94-04c1-424b-9868-57a2d4851a1d" relativeResultsDirectory="270d39fc-f6c8-4a98-b5c7-b7ba1b23b957" />
    <UnitTestResult executionId="11b5a60b-ec68-49d3-9d3d-79e7a5466f3b" testId="622dc810-f279-481b-ad42-cc537e2705f8" testName="FormatToStringTest1000 (14920.620598662934,14920.62 zł)" computerName="DESKTOP-5URQ9PB" duration="00:00:00.0000061" startTime="2022-06-13T21:12:18.3530073+02:00" endTime="2022-06-13T21:12:18.3530739+02:00" testType="13cdc9d9-ddb5-4fa4-a97d-d965ccfc6d4b" outcome="Passed" testListId="8c84fa94-04c1-424b-9868-57a2d4851a1d" relativeResultsDirectory="11b5a60b-ec68-49d3-9d3d-79e7a5466f3b" />
    <UnitTestResult executionId="c9319e34-bb04-495c-9455-aebfd03d1369" testId="c88fb9d5-d3ea-4f44-9d88-8d86fe585f76" testName="FormatToStringTest1000 (11989.099505855282,11989.10 zł)" computerName="DESKTOP-5URQ9PB" duration="00:00:00.0000062" startTime="2022-06-13T21:12:18.6331085+02:00" endTime="2022-06-13T21:12:18.6331745+02:00" testType="13cdc9d9-ddb5-4fa4-a97d-d965ccfc6d4b" outcome="Passed" testListId="8c84fa94-04c1-424b-9868-57a2d4851a1d" relativeResultsDirectory="c9319e34-bb04-495c-9455-aebfd03d1369" />
    <UnitTestResult executionId="5eb35b06-d2c2-4b05-9ff9-93f970de6b2d" testId="a3bd0eff-1111-4cd6-a3f0-dc283e625979" testName="FormatToStringTest1000 (2423.6182769712145,2423.62 zł)" computerName="DESKTOP-5URQ9PB" duration="00:00:00.0000073" startTime="2022-06-13T21:12:18.5185378+02:00" endTime="2022-06-13T21:12:18.5186169+02:00" testType="13cdc9d9-ddb5-4fa4-a97d-d965ccfc6d4b" outcome="Passed" testListId="8c84fa94-04c1-424b-9868-57a2d4851a1d" relativeResultsDirectory="5eb35b06-d2c2-4b05-9ff9-93f970de6b2d" />
    <UnitTestResult executionId="785b423b-cfe9-4c3c-91c8-55ddb5723775" testId="a047f9b5-d26a-476b-8cf2-2f410ac67815" testName="FormatToStringTest1000 (16825.83099003268,16825.83 zł)" computerName="DESKTOP-5URQ9PB" duration="00:00:00.0000063" startTime="2022-06-13T21:12:18.5418635+02:00" endTime="2022-06-13T21:12:18.5419340+02:00" testType="13cdc9d9-ddb5-4fa4-a97d-d965ccfc6d4b" outcome="Passed" testListId="8c84fa94-04c1-424b-9868-57a2d4851a1d" relativeResultsDirectory="785b423b-cfe9-4c3c-91c8-55ddb5723775" />
    <UnitTestResult executionId="afb2a64c-3007-4f18-9e29-d160fc9f1f28" testId="664f42f0-a691-436b-ba7d-97ba9cf844f2" testName="FormatToStringTest1000 (8768.816937361293,8768.82 zł)" computerName="DESKTOP-5URQ9PB" duration="00:00:00.0000065" startTime="2022-06-13T21:12:18.2908947+02:00" endTime="2022-06-13T21:12:18.2909696+02:00" testType="13cdc9d9-ddb5-4fa4-a97d-d965ccfc6d4b" outcome="Passed" testListId="8c84fa94-04c1-424b-9868-57a2d4851a1d" relativeResultsDirectory="afb2a64c-3007-4f18-9e29-d160fc9f1f28" />
    <UnitTestResult executionId="b431dc95-093a-48f3-ab28-812429580032" testId="b79eacb4-1118-4b1d-98d4-5cf9379c3aea" testName="FormatToStringTest1000 (8697.074631143862,8697.07 zł)" computerName="DESKTOP-5URQ9PB" duration="00:00:00.0000075" startTime="2022-06-13T21:12:18.4165662+02:00" endTime="2022-06-13T21:12:18.4166558+02:00" testType="13cdc9d9-ddb5-4fa4-a97d-d965ccfc6d4b" outcome="Passed" testListId="8c84fa94-04c1-424b-9868-57a2d4851a1d" relativeResultsDirectory="b431dc95-093a-48f3-ab28-812429580032" />
    <UnitTestResult executionId="3cff30ac-f083-4c36-affb-a96fe9602c15" testId="4af28c6c-0ed5-420f-af49-e189dfdebf07" testName="FormatToStringTest1000 (25440.18371476614,25440.18 zł)" computerName="DESKTOP-5URQ9PB" duration="00:00:00.0000063" startTime="2022-06-13T21:12:18.3612431+02:00" endTime="2022-06-13T21:12:18.3613114+02:00" testType="13cdc9d9-ddb5-4fa4-a97d-d965ccfc6d4b" outcome="Passed" testListId="8c84fa94-04c1-424b-9868-57a2d4851a1d" relativeResultsDirectory="3cff30ac-f083-4c36-affb-a96fe9602c15" />
    <UnitTestResult executionId="8c718624-9343-47bc-ab24-210ecb21ba93" testId="9601efc3-e3a1-47c1-9837-7ec039735198" testName="FormatToStringTest1000 (70149.17842025738,70149.18 zł)" computerName="DESKTOP-5URQ9PB" duration="00:00:00.0000065" startTime="2022-06-13T21:12:18.4747816+02:00" endTime="2022-06-13T21:12:18.4748566+02:00" testType="13cdc9d9-ddb5-4fa4-a97d-d965ccfc6d4b" outcome="Passed" testListId="8c84fa94-04c1-424b-9868-57a2d4851a1d" relativeResultsDirectory="8c718624-9343-47bc-ab24-210ecb21ba93" />
    <UnitTestResult executionId="bc62c585-a4db-4380-889f-30e05c3ff186" testId="b4e8d47d-4638-49ce-943f-021c4f9a242b" testName="FormatToStringTest1000 (4539.210371735137,4539.21 zł)" computerName="DESKTOP-5URQ9PB" duration="00:00:00.0000062" startTime="2022-06-13T21:12:18.5846178+02:00" endTime="2022-06-13T21:12:18.5846816+02:00" testType="13cdc9d9-ddb5-4fa4-a97d-d965ccfc6d4b" outcome="Passed" testListId="8c84fa94-04c1-424b-9868-57a2d4851a1d" relativeResultsDirectory="bc62c585-a4db-4380-889f-30e05c3ff186" />
    <UnitTestResult executionId="231d876c-baf0-47db-8dcc-612c91d3f316" testId="a6c6a920-1097-4cf2-a265-5cf5b9aa8534" testName="FormatToStringTest1000 (159.83786031922224,159.84 zł)" computerName="DESKTOP-5URQ9PB" duration="00:00:00.0000063" startTime="2022-06-13T21:12:18.2876996+02:00" endTime="2022-06-13T21:12:18.2877659+02:00" testType="13cdc9d9-ddb5-4fa4-a97d-d965ccfc6d4b" outcome="Passed" testListId="8c84fa94-04c1-424b-9868-57a2d4851a1d" relativeResultsDirectory="231d876c-baf0-47db-8dcc-612c91d3f316" />
    <UnitTestResult executionId="568ad3cb-00e5-48fb-864d-d628c31b3c14" testId="8090cc1e-054d-4a2c-8f3a-f84ca027d2f9" testName="FormatToStringTest1000 (20116.958341299072,20116.96 zł)" computerName="DESKTOP-5URQ9PB" duration="00:00:00.0000062" startTime="2022-06-13T21:12:18.5391091+02:00" endTime="2022-06-13T21:12:18.5391734+02:00" testType="13cdc9d9-ddb5-4fa4-a97d-d965ccfc6d4b" outcome="Passed" testListId="8c84fa94-04c1-424b-9868-57a2d4851a1d" relativeResultsDirectory="568ad3cb-00e5-48fb-864d-d628c31b3c14" />
    <UnitTestResult executionId="0fd0d94d-b2f6-4cd2-8b73-e702660893d0" testId="fd49e656-f8f1-411a-b631-36daf48eebf3" testName="FormatToStringTest1000 (30111.54342534372,30111.54 zł)" computerName="DESKTOP-5URQ9PB" duration="00:00:00.0000062" startTime="2022-06-13T21:12:18.6149960+02:00" endTime="2022-06-13T21:12:18.6150600+02:00" testType="13cdc9d9-ddb5-4fa4-a97d-d965ccfc6d4b" outcome="Passed" testListId="8c84fa94-04c1-424b-9868-57a2d4851a1d" relativeResultsDirectory="0fd0d94d-b2f6-4cd2-8b73-e702660893d0" />
    <UnitTestResult executionId="89e94e8e-92ac-45c3-825c-f3137960f74a" testId="8c10a626-83d2-461c-9a4a-e97c274df50c" testName="FormatToStringTest1000 (28298.945361683585,28298.95 zł)" computerName="DESKTOP-5URQ9PB" duration="00:00:00.0000064" startTime="2022-06-13T21:12:18.4653205+02:00" endTime="2022-06-13T21:12:18.4653880+02:00" testType="13cdc9d9-ddb5-4fa4-a97d-d965ccfc6d4b" outcome="Passed" testListId="8c84fa94-04c1-424b-9868-57a2d4851a1d" relativeResultsDirectory="89e94e8e-92ac-45c3-825c-f3137960f74a" />
    <UnitTestResult executionId="8c21f81d-1198-4a13-b7a7-1869396460ab" testId="56c7830c-d4fe-4d01-8792-ea428f97eed5" testName="FormatToStringTest1000 (25084.19182667238,25084.19 zł)" computerName="DESKTOP-5URQ9PB" duration="00:00:00.0000071" startTime="2022-06-13T21:12:18.5947904+02:00" endTime="2022-06-13T21:12:18.5948669+02:00" testType="13cdc9d9-ddb5-4fa4-a97d-d965ccfc6d4b" outcome="Passed" testListId="8c84fa94-04c1-424b-9868-57a2d4851a1d" relativeResultsDirectory="8c21f81d-1198-4a13-b7a7-1869396460ab" />
    <UnitTestResult executionId="69a917b8-eb6f-403e-aeb0-35afa530e91c" testId="979ef5a1-6a5a-465b-983b-194636e3a820" testName="FormatToStringTest1000 (8582.709131852587,8582.71 zł)" computerName="DESKTOP-5URQ9PB" duration="00:00:00.0000063" startTime="2022-06-13T21:12:18.5538238+02:00" endTime="2022-06-13T21:12:18.5538878+02:00" testType="13cdc9d9-ddb5-4fa4-a97d-d965ccfc6d4b" outcome="Passed" testListId="8c84fa94-04c1-424b-9868-57a2d4851a1d" relativeResultsDirectory="69a917b8-eb6f-403e-aeb0-35afa530e91c" />
    <UnitTestResult executionId="e2c65a49-91a6-4d88-8e0d-568934bfb7a4" testId="cf7dddd0-39e0-4865-86b4-50c8eff99ea4" testName="FormatToStringTest1000 (20737.251994218328,20737.25 zł)" computerName="DESKTOP-5URQ9PB" duration="00:00:00.0000066" startTime="2022-06-13T21:12:18.3265244+02:00" endTime="2022-06-13T21:12:18.3266010+02:00" testType="13cdc9d9-ddb5-4fa4-a97d-d965ccfc6d4b" outcome="Passed" testListId="8c84fa94-04c1-424b-9868-57a2d4851a1d" relativeResultsDirectory="e2c65a49-91a6-4d88-8e0d-568934bfb7a4" />
    <UnitTestResult executionId="7b0e1d13-1a0b-4149-aeff-f901135f1b25" testId="4d2317fe-2202-493b-a0f6-8fd8e5172892" testName="FormatToStringTest1000 (13855.30239352505,13855.30 zł)" computerName="DESKTOP-5URQ9PB" duration="00:00:00.0000065" startTime="2022-06-13T21:12:18.3706870+02:00" endTime="2022-06-13T21:12:18.3707723+02:00" testType="13cdc9d9-ddb5-4fa4-a97d-d965ccfc6d4b" outcome="Passed" testListId="8c84fa94-04c1-424b-9868-57a2d4851a1d" relativeResultsDirectory="7b0e1d13-1a0b-4149-aeff-f901135f1b25" />
    <UnitTestResult executionId="640018c6-a809-49c9-a2d1-48d58eeff527" testId="1a7f1f8b-62b5-4230-b691-c41f82ebb7aa" testName="FormatToStringTest1000 (9774.341362926803,9774.34 zł)" computerName="DESKTOP-5URQ9PB" duration="00:00:00.0000062" startTime="2022-06-13T21:12:18.3297041+02:00" endTime="2022-06-13T21:12:18.3297703+02:00" testType="13cdc9d9-ddb5-4fa4-a97d-d965ccfc6d4b" outcome="Passed" testListId="8c84fa94-04c1-424b-9868-57a2d4851a1d" relativeResultsDirectory="640018c6-a809-49c9-a2d1-48d58eeff527" />
    <UnitTestResult executionId="e0363dd1-00be-4194-b071-7c3827cb9324" testId="a8e840f5-af84-4ed3-a4a3-fe15cb94ee53" testName="FormatToStringTest1000 (47163.337736466594,47163.34 zł)" computerName="DESKTOP-5URQ9PB" duration="00:00:00.0000061" startTime="2022-06-13T21:12:18.6124589+02:00" endTime="2022-06-13T21:12:18.6125232+02:00" testType="13cdc9d9-ddb5-4fa4-a97d-d965ccfc6d4b" outcome="Passed" testListId="8c84fa94-04c1-424b-9868-57a2d4851a1d" relativeResultsDirectory="e0363dd1-00be-4194-b071-7c3827cb9324" />
    <UnitTestResult executionId="100a0cf2-3bc8-41fc-9120-d604013154b5" testId="a3991968-5966-4c6f-b60a-ee798d980287" testName="FormatToStringTest1000 (22831.975917587977,22831.98 zł)" computerName="DESKTOP-5URQ9PB" duration="00:00:00.0000061" startTime="2022-06-13T21:12:18.4689582+02:00" endTime="2022-06-13T21:12:18.4690251+02:00" testType="13cdc9d9-ddb5-4fa4-a97d-d965ccfc6d4b" outcome="Passed" testListId="8c84fa94-04c1-424b-9868-57a2d4851a1d" relativeResultsDirectory="100a0cf2-3bc8-41fc-9120-d604013154b5" />
    <UnitTestResult executionId="f26b8dc8-941d-4b77-86b2-5496a9c7c3fc" testId="46bb6919-3949-43ef-9212-1db16ec548a6" testName="FormatToStringTest1000 (42555.01416107594,42555.01 zł)" computerName="DESKTOP-5URQ9PB" duration="00:00:00.0000064" startTime="2022-06-13T21:12:18.5104979+02:00" endTime="2022-06-13T21:12:18.5105637+02:00" testType="13cdc9d9-ddb5-4fa4-a97d-d965ccfc6d4b" outcome="Passed" testListId="8c84fa94-04c1-424b-9868-57a2d4851a1d" relativeResultsDirectory="f26b8dc8-941d-4b77-86b2-5496a9c7c3fc" />
    <UnitTestResult executionId="685da864-1ae0-4dd3-be36-0ee9e0153815" testId="979e2964-fddf-4aec-8dd8-14d226a43fa0" testName="FormatToStringTest1000 (63115.864864394935,63115.86 zł)" computerName="DESKTOP-5URQ9PB" duration="00:00:00.0000061" startTime="2022-06-13T21:12:18.3204731+02:00" endTime="2022-06-13T21:12:18.3205393+02:00" testType="13cdc9d9-ddb5-4fa4-a97d-d965ccfc6d4b" outcome="Passed" testListId="8c84fa94-04c1-424b-9868-57a2d4851a1d" relativeResultsDirectory="685da864-1ae0-4dd3-be36-0ee9e0153815" />
    <UnitTestResult executionId="ecfe9a32-6c1a-44e2-aefb-450fc26419c2" testId="d5ba79d0-c188-444b-b480-1dae47bf360e" testName="FormatToStringTest1000 (1751.1734380625066,1751.17 zł)" computerName="DESKTOP-5URQ9PB" duration="00:00:00.0000069" startTime="2022-06-13T21:12:18.5589343+02:00" endTime="2022-06-13T21:12:18.5590000+02:00" testType="13cdc9d9-ddb5-4fa4-a97d-d965ccfc6d4b" outcome="Passed" testListId="8c84fa94-04c1-424b-9868-57a2d4851a1d" relativeResultsDirectory="ecfe9a32-6c1a-44e2-aefb-450fc26419c2" />
    <UnitTestResult executionId="83601d82-048c-435a-929c-b1ecb251bacb" testId="7e45c999-de65-401b-b1e7-0b698ed919d5" testName="FormatToStringTest1000 (21221.884746198488,21221.88 zł)" computerName="DESKTOP-5URQ9PB" duration="00:00:00.0000072" startTime="2022-06-13T21:12:18.5305987+02:00" endTime="2022-06-13T21:12:18.5306656+02:00" testType="13cdc9d9-ddb5-4fa4-a97d-d965ccfc6d4b" outcome="Passed" testListId="8c84fa94-04c1-424b-9868-57a2d4851a1d" relativeResultsDirectory="83601d82-048c-435a-929c-b1ecb251bacb" />
    <UnitTestResult executionId="d0891311-d357-4bb5-ab8f-1d5d6ea9b783" testId="a1c2285c-ad1f-48af-aaf2-9b2b032caf9a" testName="FormatToStringTest1000 (7669.3855620214645,7669.39 zł)" computerName="DESKTOP-5URQ9PB" duration="00:00:00.0000072" startTime="2022-06-13T21:12:18.3667233+02:00" endTime="2022-06-13T21:12:18.3668040+02:00" testType="13cdc9d9-ddb5-4fa4-a97d-d965ccfc6d4b" outcome="Passed" testListId="8c84fa94-04c1-424b-9868-57a2d4851a1d" relativeResultsDirectory="d0891311-d357-4bb5-ab8f-1d5d6ea9b783" />
    <UnitTestResult executionId="072df9fe-49fa-4c5c-adf5-2d088461c844" testId="3852d392-459a-4506-9293-75ec43a3eb26" testName="FormatToStringTest1000 (30533.30031120838,30533.30 zł)" computerName="DESKTOP-5URQ9PB" duration="00:00:00.0000063" startTime="2022-06-13T21:12:18.4716049+02:00" endTime="2022-06-13T21:12:18.4716719+02:00" testType="13cdc9d9-ddb5-4fa4-a97d-d965ccfc6d4b" outcome="Passed" testListId="8c84fa94-04c1-424b-9868-57a2d4851a1d" relativeResultsDirectory="072df9fe-49fa-4c5c-adf5-2d088461c844" />
    <UnitTestResult executionId="bc16c0be-d343-4629-b4b4-0caa77ee1f61" testId="d0253fbc-f318-43e1-ba17-403751a45f74" testName="FormatToStringTest1000 (13402.882692040355,13402.88 zł)" computerName="DESKTOP-5URQ9PB" duration="00:00:00.0000062" startTime="2022-06-13T21:12:18.5814948+02:00" endTime="2022-06-13T21:12:18.5815602+02:00" testType="13cdc9d9-ddb5-4fa4-a97d-d965ccfc6d4b" outcome="Passed" testListId="8c84fa94-04c1-424b-9868-57a2d4851a1d" relativeResultsDirectory="bc16c0be-d343-4629-b4b4-0caa77ee1f61" />
    <UnitTestResult executionId="8baa1222-52c8-4398-bed2-c55d3801aee7" testId="a968d04b-3f3c-46f9-8193-f62984dc7036" testName="FormatToStringTest1000 (59247.898931587064,59247.90 zł)" computerName="DESKTOP-5URQ9PB" duration="00:00:00.0000071" startTime="2022-06-13T21:12:18.5158868+02:00" endTime="2022-06-13T21:12:18.5159959+02:00" testType="13cdc9d9-ddb5-4fa4-a97d-d965ccfc6d4b" outcome="Passed" testListId="8c84fa94-04c1-424b-9868-57a2d4851a1d" relativeResultsDirectory="8baa1222-52c8-4398-bed2-c55d3801aee7" />
    <UnitTestResult executionId="3d408b85-22c4-42e5-aed5-da39390104ff" testId="936e5a8d-e187-41fe-ac0a-d2793a43e90c" testName="FormatToStringTest1000 (75350.77330865282,75350.77 zł)" computerName="DESKTOP-5URQ9PB" duration="00:00:00.0000066" startTime="2022-06-13T21:12:18.3068332+02:00" endTime="2022-06-13T21:12:18.3069112+02:00" testType="13cdc9d9-ddb5-4fa4-a97d-d965ccfc6d4b" outcome="Passed" testListId="8c84fa94-04c1-424b-9868-57a2d4851a1d" relativeResultsDirectory="3d408b85-22c4-42e5-aed5-da39390104ff" />
    <UnitTestResult executionId="69581734-4a0c-4e20-8777-800a2f6467b5" testId="eb43510e-fd9d-4ea7-bcdd-783fea43d746" testName="FormatToStringTest1000 (10661.19584154207,10661.20 zł)" computerName="DESKTOP-5URQ9PB" duration="00:00:00.0000063" startTime="2022-06-13T21:12:18.5419513+02:00" endTime="2022-06-13T21:12:18.5420157+02:00" testType="13cdc9d9-ddb5-4fa4-a97d-d965ccfc6d4b" outcome="Passed" testListId="8c84fa94-04c1-424b-9868-57a2d4851a1d" relativeResultsDirectory="69581734-4a0c-4e20-8777-800a2f6467b5" />
    <UnitTestResult executionId="e669e686-b48e-49a7-a1df-c5f3978031b7" testId="764aaa29-8352-433b-96fa-7693ab201703" testName="FormatToStringTest1000 (52810.91713865516,52810.92 zł)" computerName="DESKTOP-5URQ9PB" duration="00:00:00.0000063" startTime="2022-06-13T21:12:18.2372204+02:00" endTime="2022-06-13T21:12:18.2372868+02:00" testType="13cdc9d9-ddb5-4fa4-a97d-d965ccfc6d4b" outcome="Passed" testListId="8c84fa94-04c1-424b-9868-57a2d4851a1d" relativeResultsDirectory="e669e686-b48e-49a7-a1df-c5f3978031b7" />
    <UnitTestResult executionId="212c9480-1832-427a-9d23-a30436f0df35" testId="d3404dd9-285c-4719-bdd7-608da0d8d1ce" testName="FormatToStringTest1000 (22017.250119325356,22017.25 zł)" computerName="DESKTOP-5URQ9PB" duration="00:00:00.0000066" startTime="2022-06-13T21:12:18.3198238+02:00" endTime="2022-06-13T21:12:18.3198920+02:00" testType="13cdc9d9-ddb5-4fa4-a97d-d965ccfc6d4b" outcome="Passed" testListId="8c84fa94-04c1-424b-9868-57a2d4851a1d" relativeResultsDirectory="212c9480-1832-427a-9d23-a30436f0df35" />
    <UnitTestResult executionId="493af7e7-ecb6-42c8-871d-9bbbdf1ca89a" testId="34ab4327-2d15-4a04-930c-e83a53917933" testName="FormatToStringTest1000 (26223.99769144412,26224.00 zł)" computerName="DESKTOP-5URQ9PB" duration="00:00:00.0000079" startTime="2022-06-13T21:12:18.3260785+02:00" endTime="2022-06-13T21:12:18.3261657+02:00" testType="13cdc9d9-ddb5-4fa4-a97d-d965ccfc6d4b" outcome="Passed" testListId="8c84fa94-04c1-424b-9868-57a2d4851a1d" relativeResultsDirectory="493af7e7-ecb6-42c8-871d-9bbbdf1ca89a" />
    <UnitTestResult executionId="ef6d3ce3-5c1b-4d69-b31f-ea3efe96af47" testId="36cb026e-9727-4c24-98d1-33dec12f592c" testName="FormatToStringTest1000 (15337.485230751097,15337.49 zł)" computerName="DESKTOP-5URQ9PB" duration="00:00:00.0000065" startTime="2022-06-13T21:12:18.4169682+02:00" endTime="2022-06-13T21:12:18.4170444+02:00" testType="13cdc9d9-ddb5-4fa4-a97d-d965ccfc6d4b" outcome="Passed" testListId="8c84fa94-04c1-424b-9868-57a2d4851a1d" relativeResultsDirectory="ef6d3ce3-5c1b-4d69-b31f-ea3efe96af47" />
    <UnitTestResult executionId="1a6c5ade-4581-439e-9549-688dd6ab23c1" testId="218369cc-38d5-471e-bc43-42570ca4c576" testName="FormatToStringTest1000 (8211.920994553679,8211.92 zł)" computerName="DESKTOP-5URQ9PB" duration="00:00:00.0000064" startTime="2022-06-13T21:12:18.4019026+02:00" endTime="2022-06-13T21:12:18.4019696+02:00" testType="13cdc9d9-ddb5-4fa4-a97d-d965ccfc6d4b" outcome="Passed" testListId="8c84fa94-04c1-424b-9868-57a2d4851a1d" relativeResultsDirectory="1a6c5ade-4581-439e-9549-688dd6ab23c1" />
    <UnitTestResult executionId="aebb6e79-258c-4faf-a220-538d6e11fe60" testId="1124f5a3-cd46-41d9-b042-b04f8ba45d72" testName="FormatToStringTest1000 (36978.61073549213,36978.61 zł)" computerName="DESKTOP-5URQ9PB" duration="00:00:00.0000062" startTime="2022-06-13T21:12:18.5620940+02:00" endTime="2022-06-13T21:12:18.5621576+02:00" testType="13cdc9d9-ddb5-4fa4-a97d-d965ccfc6d4b" outcome="Passed" testListId="8c84fa94-04c1-424b-9868-57a2d4851a1d" relativeResultsDirectory="aebb6e79-258c-4faf-a220-538d6e11fe60" />
    <UnitTestResult executionId="ed5b8912-bef5-4e86-8a37-50450f273bf3" testId="638c673d-6378-4a76-971e-f4f4f6dabbc7" testName="FormatToStringTest1000 (1896.1704506483723,1896.17 zł)" computerName="DESKTOP-5URQ9PB" duration="00:00:00.0000065" startTime="2022-06-13T21:12:18.3845837+02:00" endTime="2022-06-13T21:12:18.3846593+02:00" testType="13cdc9d9-ddb5-4fa4-a97d-d965ccfc6d4b" outcome="Passed" testListId="8c84fa94-04c1-424b-9868-57a2d4851a1d" relativeResultsDirectory="ed5b8912-bef5-4e86-8a37-50450f273bf3" />
    <UnitTestResult executionId="70ec95b9-63ea-411e-8cf9-7a90d582d51d" testId="d0cc2dfa-40f4-4b25-ad6d-8c9c71e90421" testName="FormatToStringTest1000 (42767.96883676898,42767.97 zł)" computerName="DESKTOP-5URQ9PB" duration="00:00:00.0000061" startTime="2022-06-13T21:12:18.5671050+02:00" endTime="2022-06-13T21:12:18.5671683+02:00" testType="13cdc9d9-ddb5-4fa4-a97d-d965ccfc6d4b" outcome="Passed" testListId="8c84fa94-04c1-424b-9868-57a2d4851a1d" relativeResultsDirectory="70ec95b9-63ea-411e-8cf9-7a90d582d51d" />
    <UnitTestResult executionId="b21a2d68-25cc-4e09-b65c-a0603c1f0438" testId="3f55690b-7cee-4cd6-999a-2e7344d550d3" testName="FormatToStringTest1000 (87505.85936583664,87505.86 zł)" computerName="DESKTOP-5URQ9PB" duration="00:00:00.0000063" startTime="2022-06-13T21:12:18.4654053+02:00" endTime="2022-06-13T21:12:18.4654722+02:00" testType="13cdc9d9-ddb5-4fa4-a97d-d965ccfc6d4b" outcome="Passed" testListId="8c84fa94-04c1-424b-9868-57a2d4851a1d" relativeResultsDirectory="b21a2d68-25cc-4e09-b65c-a0603c1f0438" />
    <UnitTestResult executionId="7b258764-9298-4989-b721-919a8ea7b231" testId="863ad89a-cff0-4b12-b23c-801015bbef10" testName="FormatToStringTest1000 (9068.70019550468,9068.70 zł)" computerName="DESKTOP-5URQ9PB" duration="00:00:00.0000066" startTime="2022-06-13T21:12:18.4048138+02:00" endTime="2022-06-13T21:12:18.4048782+02:00" testType="13cdc9d9-ddb5-4fa4-a97d-d965ccfc6d4b" outcome="Passed" testListId="8c84fa94-04c1-424b-9868-57a2d4851a1d" relativeResultsDirectory="7b258764-9298-4989-b721-919a8ea7b231" />
    <UnitTestResult executionId="2b2e50ad-05d2-4c72-acd3-91283e4dfa25" testId="5984945e-7df7-40f6-b518-4ac21560aa3e" testName="FormatToStringTest1000 (25908.345463821825,25908.35 zł)" computerName="DESKTOP-5URQ9PB" duration="00:00:00.0000062" startTime="2022-06-13T21:12:18.5367014+02:00" endTime="2022-06-13T21:12:18.5367666+02:00" testType="13cdc9d9-ddb5-4fa4-a97d-d965ccfc6d4b" outcome="Passed" testListId="8c84fa94-04c1-424b-9868-57a2d4851a1d" relativeResultsDirectory="2b2e50ad-05d2-4c72-acd3-91283e4dfa25" />
    <UnitTestResult executionId="920fd4c9-aa54-454f-b54c-24ccc97d7892" testId="0960a199-f16f-4c9d-8c44-d1f0e74ae117" testName="FormatToStringTest1000 (22666.13578912995,22666.14 zł)" computerName="DESKTOP-5URQ9PB" duration="00:00:00.0000164" startTime="2022-06-13T21:12:18.2821038+02:00" endTime="2022-06-13T21:12:18.2843521+02:00" testType="13cdc9d9-ddb5-4fa4-a97d-d965ccfc6d4b" outcome="Passed" testListId="8c84fa94-04c1-424b-9868-57a2d4851a1d" relativeResultsDirectory="920fd4c9-aa54-454f-b54c-24ccc97d7892" />
    <UnitTestResult executionId="12bd78c4-3ccd-4b8f-96d5-37133a8a4696" testId="d91a8c81-3e18-4c43-b08d-d363b814cfcb" testName="FormatToStringTest1000 (40556.73452524362,40556.73 zł)" computerName="DESKTOP-5URQ9PB" duration="00:00:00.0000063" startTime="2022-06-13T21:12:18.4305422+02:00" endTime="2022-06-13T21:12:18.4306085+02:00" testType="13cdc9d9-ddb5-4fa4-a97d-d965ccfc6d4b" outcome="Passed" testListId="8c84fa94-04c1-424b-9868-57a2d4851a1d" relativeResultsDirectory="12bd78c4-3ccd-4b8f-96d5-37133a8a4696" />
    <UnitTestResult executionId="820b2b51-44f5-477d-80ab-442762cc7666" testId="5cb63188-6fe6-4054-be2e-da44de193b1f" testName="FormatToStringTest1000 (41368.29672956015,41368.30 zł)" computerName="DESKTOP-5URQ9PB" duration="00:00:00.0000063" startTime="2022-06-13T21:12:18.3640134+02:00" endTime="2022-06-13T21:12:18.3640807+02:00" testType="13cdc9d9-ddb5-4fa4-a97d-d965ccfc6d4b" outcome="Passed" testListId="8c84fa94-04c1-424b-9868-57a2d4851a1d" relativeResultsDirectory="820b2b51-44f5-477d-80ab-442762cc7666" />
    <UnitTestResult executionId="64af9120-1425-4042-bcb4-74cbd56b5a15" testId="3fdaffe9-6abb-4ec6-89b8-4d88aa6f4f80" testName="FormatToStringTest1000 (45603.90324273142,45603.90 zł)" computerName="DESKTOP-5URQ9PB" duration="00:00:00.0000063" startTime="2022-06-13T21:12:18.2780538+02:00" endTime="2022-06-13T21:12:18.2781201+02:00" testType="13cdc9d9-ddb5-4fa4-a97d-d965ccfc6d4b" outcome="Passed" testListId="8c84fa94-04c1-424b-9868-57a2d4851a1d" relativeResultsDirectory="64af9120-1425-4042-bcb4-74cbd56b5a15" />
    <UnitTestResult executionId="6d184302-c538-408b-87a5-665653e670db" testId="48d2ef4c-98c7-4f09-b7a7-e16f999a0c99" testName="FormatToStringTest1000 (675.4589376107133,675.46 zł)" computerName="DESKTOP-5URQ9PB" duration="00:00:00.0000062" startTime="2022-06-13T21:12:18.6015474+02:00" endTime="2022-06-13T21:12:18.6016119+02:00" testType="13cdc9d9-ddb5-4fa4-a97d-d965ccfc6d4b" outcome="Passed" testListId="8c84fa94-04c1-424b-9868-57a2d4851a1d" relativeResultsDirectory="6d184302-c538-408b-87a5-665653e670db" />
    <UnitTestResult executionId="2162d67b-4dfb-4063-a4a2-9c83d5e34403" testId="8c98aec5-81a1-456e-9d21-9695d5c75c9b" testName="FormatToStringTest1000 (39531.95190033268,39531.95 zł)" computerName="DESKTOP-5URQ9PB" duration="00:00:00.0000063" startTime="2022-06-13T21:12:18.5420325+02:00" endTime="2022-06-13T21:12:18.5420967+02:00" testType="13cdc9d9-ddb5-4fa4-a97d-d965ccfc6d4b" outcome="Passed" testListId="8c84fa94-04c1-424b-9868-57a2d4851a1d" relativeResultsDirectory="2162d67b-4dfb-4063-a4a2-9c83d5e34403" />
    <UnitTestResult executionId="3b266869-997b-48e9-b741-521d874a7600" testId="f4114d9d-c8cb-4a97-9030-0b30edb523e2" testName="FormatToStringTest1000 (1799.2562459103092,1799.26 zł)" computerName="DESKTOP-5URQ9PB" duration="00:00:00.0000062" startTime="2022-06-13T21:12:18.4500356+02:00" endTime="2022-06-13T21:12:18.4501026+02:00" testType="13cdc9d9-ddb5-4fa4-a97d-d965ccfc6d4b" outcome="Passed" testListId="8c84fa94-04c1-424b-9868-57a2d4851a1d" relativeResultsDirectory="3b266869-997b-48e9-b741-521d874a7600" />
    <UnitTestResult executionId="07c6968e-3546-4f5b-80af-c2314be05bca" testId="7388ad4a-9a58-4c8e-996e-822d89e45ea0" testName="FormatToStringTest1000 (30020.248557890412,30020.25 zł)" computerName="DESKTOP-5URQ9PB" duration="00:00:00.0000063" startTime="2022-06-13T21:12:18.5227396+02:00" endTime="2022-06-13T21:12:18.5228051+02:00" testType="13cdc9d9-ddb5-4fa4-a97d-d965ccfc6d4b" outcome="Passed" testListId="8c84fa94-04c1-424b-9868-57a2d4851a1d" relativeResultsDirectory="07c6968e-3546-4f5b-80af-c2314be05bca" />
    <UnitTestResult executionId="5652dc90-37ab-4a82-9264-90c0607468bc" testId="b675ac00-52ec-4efb-9fd4-4b8f7eef6fcd" testName="FormatToStringTest1000 (1073.195098933389,1073.20 zł)" computerName="DESKTOP-5URQ9PB" duration="00:00:00.0000067" startTime="2022-06-13T21:12:18.5225630+02:00" endTime="2022-06-13T21:12:18.5226331+02:00" testType="13cdc9d9-ddb5-4fa4-a97d-d965ccfc6d4b" outcome="Passed" testListId="8c84fa94-04c1-424b-9868-57a2d4851a1d" relativeResultsDirectory="5652dc90-37ab-4a82-9264-90c0607468bc" />
    <UnitTestResult executionId="aeacb99c-1bd5-4e59-ad02-e475df121aac" testId="59245892-44d9-412e-b191-3b453dc624cf" testName="FormatToStringTest1000 (43424.45140075332,43424.45 zł)" computerName="DESKTOP-5URQ9PB" duration="00:00:00.0000063" startTime="2022-06-13T21:12:18.4531762+02:00" endTime="2022-06-13T21:12:18.4532429+02:00" testType="13cdc9d9-ddb5-4fa4-a97d-d965ccfc6d4b" outcome="Passed" testListId="8c84fa94-04c1-424b-9868-57a2d4851a1d" relativeResultsDirectory="aeacb99c-1bd5-4e59-ad02-e475df121aac" />
    <UnitTestResult executionId="c000fccc-b719-4172-bb60-4b602a2063d6" testId="f52ae606-c060-420b-800f-9689f8242fe6" testName="FormatToStringTest1000 (13574.683315038068,13574.68 zł)" computerName="DESKTOP-5URQ9PB" duration="00:00:00.0000063" startTime="2022-06-13T21:12:18.3525625+02:00" endTime="2022-06-13T21:12:18.3526323+02:00" testType="13cdc9d9-ddb5-4fa4-a97d-d965ccfc6d4b" outcome="Passed" testListId="8c84fa94-04c1-424b-9868-57a2d4851a1d" relativeResultsDirectory="c000fccc-b719-4172-bb60-4b602a2063d6" />
    <UnitTestResult executionId="50ce65f2-ce9d-4ab4-a769-a21fb5923265" testId="dbe986f7-f059-4017-88c3-2a801f72cdcc" testName="FormatToStringTest1000 (15396.537902579894,15396.54 zł)" computerName="DESKTOP-5URQ9PB" duration="00:00:00.0000063" startTime="2022-06-13T21:12:18.5336499+02:00" endTime="2022-06-13T21:12:18.5337158+02:00" testType="13cdc9d9-ddb5-4fa4-a97d-d965ccfc6d4b" outcome="Passed" testListId="8c84fa94-04c1-424b-9868-57a2d4851a1d" relativeResultsDirectory="50ce65f2-ce9d-4ab4-a769-a21fb5923265" />
    <UnitTestResult executionId="7cdc8642-0091-444e-a96d-3ea4df2010b8" testId="fd1e09bd-f327-4ad9-bd13-16ae3a3efbaf" testName="FormatToStringTest1000 (43727.735558145556,43727.74 zł)" computerName="DESKTOP-5URQ9PB" duration="00:00:00.0000069" startTime="2022-06-13T21:12:18.4078619+02:00" endTime="2022-06-13T21:12:18.4079335+02:00" testType="13cdc9d9-ddb5-4fa4-a97d-d965ccfc6d4b" outcome="Passed" testListId="8c84fa94-04c1-424b-9868-57a2d4851a1d" relativeResultsDirectory="7cdc8642-0091-444e-a96d-3ea4df2010b8" />
    <UnitTestResult executionId="374375ce-7f8d-40b1-9d05-f7a00bf07b9c" testId="665bc23b-ad29-4b45-bc7f-8965814464bf" testName="FormatToStringTest1000 (40913.016669489916,40913.02 zł)" computerName="DESKTOP-5URQ9PB" duration="00:00:00.0000062" startTime="2022-06-13T21:12:18.5988247+02:00" endTime="2022-06-13T21:12:18.5988943+02:00" testType="13cdc9d9-ddb5-4fa4-a97d-d965ccfc6d4b" outcome="Passed" testListId="8c84fa94-04c1-424b-9868-57a2d4851a1d" relativeResultsDirectory="374375ce-7f8d-40b1-9d05-f7a00bf07b9c" />
    <UnitTestResult executionId="29dace55-8fff-40c2-9442-cb16c8b76085" testId="b8d3bb5b-1c11-4f07-bfc9-1a3ac155b6a3" testName="FormatToStringTest1000 (47431.868885526375,47431.87 zł)" computerName="DESKTOP-5URQ9PB" duration="00:00:00.0000518" startTime="2022-06-13T21:12:18.4816501+02:00" endTime="2022-06-13T21:12:18.4823902+02:00" testType="13cdc9d9-ddb5-4fa4-a97d-d965ccfc6d4b" outcome="Passed" testListId="8c84fa94-04c1-424b-9868-57a2d4851a1d" relativeResultsDirectory="29dace55-8fff-40c2-9442-cb16c8b76085" />
    <UnitTestResult executionId="981b7e47-65cf-40db-b639-4394ffaf3290" testId="0a0f210a-e134-4100-baf3-ba7f110953d3" testName="FormatToStringTest1000 (29474.095826699442,29474.10 zł)" computerName="DESKTOP-5URQ9PB" duration="00:00:00.0000071" startTime="2022-06-13T21:12:18.6249296+02:00" endTime="2022-06-13T21:12:18.6249995+02:00" testType="13cdc9d9-ddb5-4fa4-a97d-d965ccfc6d4b" outcome="Passed" testListId="8c84fa94-04c1-424b-9868-57a2d4851a1d" relativeResultsDirectory="981b7e47-65cf-40db-b639-4394ffaf3290" />
    <UnitTestResult executionId="31b48706-7e9b-45eb-ac11-3a69d72c7d03" testId="e177d891-bd6f-4b6f-b24b-6f88dd0b4640" testName="FormatToStringTest1000 (30126.012320622805,30126.01 zł)" computerName="DESKTOP-5URQ9PB" duration="00:00:00.0000070" startTime="2022-06-13T21:12:18.3231636+02:00" endTime="2022-06-13T21:12:18.3232324+02:00" testType="13cdc9d9-ddb5-4fa4-a97d-d965ccfc6d4b" outcome="Passed" testListId="8c84fa94-04c1-424b-9868-57a2d4851a1d" relativeResultsDirectory="31b48706-7e9b-45eb-ac11-3a69d72c7d03" />
    <UnitTestResult executionId="d396eaae-23c6-4873-b304-782cc5fd24bb" testId="376b3621-112f-4fb4-b58b-b1ff713376ca" testName="FormatToStringTest1000 (5961.755129208674,5961.76 zł)" computerName="DESKTOP-5URQ9PB" duration="00:00:00.0000066" startTime="2022-06-13T21:12:18.4208797+02:00" endTime="2022-06-13T21:12:18.4209547+02:00" testType="13cdc9d9-ddb5-4fa4-a97d-d965ccfc6d4b" outcome="Passed" testListId="8c84fa94-04c1-424b-9868-57a2d4851a1d" relativeResultsDirectory="d396eaae-23c6-4873-b304-782cc5fd24bb" />
    <UnitTestResult executionId="6b3e78fa-e7ca-46db-aaff-469def70a5b8" testId="7cc13aa8-4b39-4de8-8058-02724bdb44d1" testName="FormatToStringTest1000 (10784.438152511344,10784.44 zł)" computerName="DESKTOP-5URQ9PB" duration="00:00:00.0000079" startTime="2022-06-13T21:12:18.3128164+02:00" endTime="2022-06-13T21:12:18.3129158+02:00" testType="13cdc9d9-ddb5-4fa4-a97d-d965ccfc6d4b" outcome="Passed" testListId="8c84fa94-04c1-424b-9868-57a2d4851a1d" relativeResultsDirectory="6b3e78fa-e7ca-46db-aaff-469def70a5b8" />
    <UnitTestResult executionId="f719b230-82fb-49eb-a236-88076df80d71" testId="c030048a-8150-40d7-a1e3-2af0d0a70601" testName="FormatToStringTest1000 (32359.431438434138,32359.43 zł)" computerName="DESKTOP-5URQ9PB" duration="00:00:00.0000064" startTime="2022-06-13T21:12:18.5738950+02:00" endTime="2022-06-13T21:12:18.5739609+02:00" testType="13cdc9d9-ddb5-4fa4-a97d-d965ccfc6d4b" outcome="Passed" testListId="8c84fa94-04c1-424b-9868-57a2d4851a1d" relativeResultsDirectory="f719b230-82fb-49eb-a236-88076df80d71" />
    <UnitTestResult executionId="9144c8af-6c21-49c3-9555-b5dbe0341ab4" testId="85a9c960-8e27-47cb-9cc9-b87d0ed8eaa7" testName="FormatToStringTest1000 (60017.857676936714,60017.86 zł)" computerName="DESKTOP-5URQ9PB" duration="00:00:00.0000063" startTime="2022-06-13T21:12:18.6278150+02:00" endTime="2022-06-13T21:12:18.6278801+02:00" testType="13cdc9d9-ddb5-4fa4-a97d-d965ccfc6d4b" outcome="Passed" testListId="8c84fa94-04c1-424b-9868-57a2d4851a1d" relativeResultsDirectory="9144c8af-6c21-49c3-9555-b5dbe0341ab4" />
    <UnitTestResult executionId="61a3aa06-9e6d-4667-aaf0-d95f09a0caed" testId="dbb0c6fa-a904-4f2b-ad55-605039aee987" testName="FormatToStringTest1000 (34951.47290410077,34951.47 zł)" computerName="DESKTOP-5URQ9PB" duration="00:00:00.0000061" startTime="2022-06-13T21:12:18.4306258+02:00" endTime="2022-06-13T21:12:18.4306921+02:00" testType="13cdc9d9-ddb5-4fa4-a97d-d965ccfc6d4b" outcome="Passed" testListId="8c84fa94-04c1-424b-9868-57a2d4851a1d" relativeResultsDirectory="61a3aa06-9e6d-4667-aaf0-d95f09a0caed" />
    <UnitTestResult executionId="c052eddf-5aa1-41da-b78e-9c4b454ff581" testId="2497090f-23bf-4ea5-aa19-f22cf5554b75" testName="FormatToStringTest1000 (1181.5773122979222,1181.58 zł)" computerName="DESKTOP-5URQ9PB" duration="00:00:00.0000064" startTime="2022-06-13T21:12:18.4429099+02:00" endTime="2022-06-13T21:12:18.4429772+02:00" testType="13cdc9d9-ddb5-4fa4-a97d-d965ccfc6d4b" outcome="Passed" testListId="8c84fa94-04c1-424b-9868-57a2d4851a1d" relativeResultsDirectory="c052eddf-5aa1-41da-b78e-9c4b454ff581" />
    <UnitTestResult executionId="14cff4a0-b555-4cdf-bc33-33193aa1dd98" testId="e8464516-4119-4016-a82c-e679976686fa" testName="FormatToStringTest1000 (12125.090155628086,12125.09 zł)" computerName="DESKTOP-5URQ9PB" duration="00:00:00.0000085" startTime="2022-06-13T21:12:18.3948992+02:00" endTime="2022-06-13T21:12:18.3949994+02:00" testType="13cdc9d9-ddb5-4fa4-a97d-d965ccfc6d4b" outcome="Passed" testListId="8c84fa94-04c1-424b-9868-57a2d4851a1d" relativeResultsDirectory="14cff4a0-b555-4cdf-bc33-33193aa1dd98" />
    <UnitTestResult executionId="06dcd3ea-c8da-48a5-a07b-18641c716001" testId="ecb5b86a-774f-4a59-bd5a-e475ece22761" testName="FormatToStringTest1000 (15907.394871033446,15907.39 zł)" computerName="DESKTOP-5URQ9PB" duration="00:00:00.0000062" startTime="2022-06-13T21:12:18.5136451+02:00" endTime="2022-06-13T21:12:18.5137087+02:00" testType="13cdc9d9-ddb5-4fa4-a97d-d965ccfc6d4b" outcome="Passed" testListId="8c84fa94-04c1-424b-9868-57a2d4851a1d" relativeResultsDirectory="06dcd3ea-c8da-48a5-a07b-18641c716001" />
    <UnitTestResult executionId="5f216770-4dc6-4654-a8f4-8186caee29da" testId="e68d94e3-1c8e-458d-8a7e-65dd07b9d4eb" testName="FormatToStringTest1000 (46166.38051381259,46166.38 zł)" computerName="DESKTOP-5URQ9PB" duration="00:00:00.0000064" startTime="2022-06-13T21:12:18.3981043+02:00" endTime="2022-06-13T21:12:18.3981721+02:00" testType="13cdc9d9-ddb5-4fa4-a97d-d965ccfc6d4b" outcome="Passed" testListId="8c84fa94-04c1-424b-9868-57a2d4851a1d" relativeResultsDirectory="5f216770-4dc6-4654-a8f4-8186caee29da" />
    <UnitTestResult executionId="d756f31d-a0e3-46c2-a3dd-26d44cfc3af5" testId="a8ae6e8a-006d-4944-bfff-5a31704b0653" testName="FormatToStringTest1000 (20552.966022956633,20552.97 zł)" computerName="DESKTOP-5URQ9PB" duration="00:00:00.0000064" startTime="2022-06-13T21:12:18.5077738+02:00" endTime="2022-06-13T21:12:18.5078393+02:00" testType="13cdc9d9-ddb5-4fa4-a97d-d965ccfc6d4b" outcome="Passed" testListId="8c84fa94-04c1-424b-9868-57a2d4851a1d" relativeResultsDirectory="d756f31d-a0e3-46c2-a3dd-26d44cfc3af5" />
    <UnitTestResult executionId="5fbb2a1e-b836-4c93-923e-7a274cb846ef" testId="080c8ce5-5748-491b-aa9b-d4cc0466c1d8" testName="FormatToStringTest1000 (48684.26840475959,48684.27 zł)" computerName="DESKTOP-5URQ9PB" duration="00:00:00.0000061" startTime="2022-06-13T21:12:18.5282539+02:00" endTime="2022-06-13T21:12:18.5283188+02:00" testType="13cdc9d9-ddb5-4fa4-a97d-d965ccfc6d4b" outcome="Passed" testListId="8c84fa94-04c1-424b-9868-57a2d4851a1d" relativeResultsDirectory="5fbb2a1e-b836-4c93-923e-7a274cb846ef" />
    <UnitTestResult executionId="c666200b-2764-4dc6-9cbe-3833978e8d20" testId="4595e60e-b4f4-4831-a25d-8ef54cc1668a" testName="FormatToStringTest1000 (78822.37212685234,78822.37 zł)" computerName="DESKTOP-5URQ9PB" duration="00:00:00.0000063" startTime="2022-06-13T21:12:18.2968641+02:00" endTime="2022-06-13T21:12:18.2969366+02:00" testType="13cdc9d9-ddb5-4fa4-a97d-d965ccfc6d4b" outcome="Passed" testListId="8c84fa94-04c1-424b-9868-57a2d4851a1d" relativeResultsDirectory="c666200b-2764-4dc6-9cbe-3833978e8d20" />
    <UnitTestResult executionId="dc59e07a-30f5-4586-bd5c-81dcc43e4987" testId="fb27d7d9-a024-4666-a737-2b079232de71" testName="FormatToStringTest1000 (42383.08993972982,42383.09 zł)" computerName="DESKTOP-5URQ9PB" duration="00:00:00.0000282" startTime="2022-06-13T21:12:18.4933538+02:00" endTime="2022-06-13T21:12:18.4936487+02:00" testType="13cdc9d9-ddb5-4fa4-a97d-d965ccfc6d4b" outcome="Passed" testListId="8c84fa94-04c1-424b-9868-57a2d4851a1d" relativeResultsDirectory="dc59e07a-30f5-4586-bd5c-81dcc43e4987" />
    <UnitTestResult executionId="37120d29-680d-4ae8-a976-77ededbee450" testId="43a4351a-31aa-401a-a072-5a484fa085b5" testName="FormatToStringTest1000 (26885.71162707904,26885.71 zł)" computerName="DESKTOP-5URQ9PB" duration="00:00:00.0000063" startTime="2022-06-13T21:12:18.3168157+02:00" endTime="2022-06-13T21:12:18.3168829+02:00" testType="13cdc9d9-ddb5-4fa4-a97d-d965ccfc6d4b" outcome="Passed" testListId="8c84fa94-04c1-424b-9868-57a2d4851a1d" relativeResultsDirectory="37120d29-680d-4ae8-a976-77ededbee450" />
    <UnitTestResult executionId="ee19e0a9-b143-467d-8a3b-5403cc677465" testId="3e6dee2f-f3a8-4bff-b337-6bfda55388b5" testName="FormatToStringTest1000 (6057.842750804426,6057.84 zł)" computerName="DESKTOP-5URQ9PB" duration="00:00:00.0000065" startTime="2022-06-13T21:12:18.3235041+02:00" endTime="2022-06-13T21:12:18.3235706+02:00" testType="13cdc9d9-ddb5-4fa4-a97d-d965ccfc6d4b" outcome="Passed" testListId="8c84fa94-04c1-424b-9868-57a2d4851a1d" relativeResultsDirectory="ee19e0a9-b143-467d-8a3b-5403cc677465" />
    <UnitTestResult executionId="a778036c-7cf0-45d2-8d30-00e512657482" testId="ac82f188-310a-4d47-b1b1-52cca60b4bb3" testName="FormatToStringTest1000 (31391.358864880804,31391.36 zł)" computerName="DESKTOP-5URQ9PB" duration="00:00:00.0000063" startTime="2022-06-13T21:12:18.5923360+02:00" endTime="2022-06-13T21:12:18.5924006+02:00" testType="13cdc9d9-ddb5-4fa4-a97d-d965ccfc6d4b" outcome="Passed" testListId="8c84fa94-04c1-424b-9868-57a2d4851a1d" relativeResultsDirectory="a778036c-7cf0-45d2-8d30-00e512657482" />
    <UnitTestResult executionId="1562d360-3385-4b85-9086-3bee0ced5c20" testId="ffa3fe40-810b-4317-ae43-4937e3eed347" testName="FormatToStringTest1000 (16388.556189478633,16388.56 zł)" computerName="DESKTOP-5URQ9PB" duration="00:00:00.0000065" startTime="2022-06-13T21:12:18.5697334+02:00" endTime="2022-06-13T21:12:18.5698082+02:00" testType="13cdc9d9-ddb5-4fa4-a97d-d965ccfc6d4b" outcome="Passed" testListId="8c84fa94-04c1-424b-9868-57a2d4851a1d" relativeResultsDirectory="1562d360-3385-4b85-9086-3bee0ced5c20" />
    <UnitTestResult executionId="0bb93db9-db62-4b3d-9529-081c3245837f" testId="21c45844-9fc1-48ad-b3c0-052a04577301" testName="FormatToStringTest1000 (31424.298858482067,31424.30 zł)" computerName="DESKTOP-5URQ9PB" duration="00:00:00.0000351" startTime="2022-06-13T21:12:18.4925440+02:00" endTime="2022-06-13T21:12:18.4928686+02:00" testType="13cdc9d9-ddb5-4fa4-a97d-d965ccfc6d4b" outcome="Passed" testListId="8c84fa94-04c1-424b-9868-57a2d4851a1d" relativeResultsDirectory="0bb93db9-db62-4b3d-9529-081c3245837f" />
    <UnitTestResult executionId="60910cde-2c97-4017-83df-bb82b4644209" testId="55a7c084-8482-49e4-9b44-ffaf3d02eb98" testName="FormatToStringTest1000 (15080.274618567097,15080.27 zł)" computerName="DESKTOP-5URQ9PB" duration="00:00:00.0000108" startTime="2022-06-13T21:12:18.4453626+02:00" endTime="2022-06-13T21:12:18.4454531+02:00" testType="13cdc9d9-ddb5-4fa4-a97d-d965ccfc6d4b" outcome="Passed" testListId="8c84fa94-04c1-424b-9868-57a2d4851a1d" relativeResultsDirectory="60910cde-2c97-4017-83df-bb82b4644209" />
    <UnitTestResult executionId="9d807c45-43d0-4305-930f-207498fea560" testId="3ec309cb-c8eb-4437-b04c-e88a64e85655" testName="FormatToStringTest1000 (38961.459057294516,38961.46 zł)" computerName="DESKTOP-5URQ9PB" duration="00:00:00.0000063" startTime="2022-06-13T21:12:18.4209742+02:00" endTime="2022-06-13T21:12:18.4210419+02:00" testType="13cdc9d9-ddb5-4fa4-a97d-d965ccfc6d4b" outcome="Passed" testListId="8c84fa94-04c1-424b-9868-57a2d4851a1d" relativeResultsDirectory="9d807c45-43d0-4305-930f-207498fea560" />
    <UnitTestResult executionId="a0a7b54e-6ce7-4c81-9384-99d0b6c485f4" testId="673ec862-5f00-4496-9607-756f338acaaa" testName="FormatToStringTest1000 (74851.91547305691,74851.92 zł)" computerName="DESKTOP-5URQ9PB" duration="00:00:00.0000062" startTime="2022-06-13T21:12:18.5989954+02:00" endTime="2022-06-13T21:12:18.5990598+02:00" testType="13cdc9d9-ddb5-4fa4-a97d-d965ccfc6d4b" outcome="Passed" testListId="8c84fa94-04c1-424b-9868-57a2d4851a1d" relativeResultsDirectory="a0a7b54e-6ce7-4c81-9384-99d0b6c485f4" />
    <UnitTestResult executionId="7047cac7-eedc-4e23-b760-1574f3185a59" testId="f6606a26-b7ad-43e5-aab7-c2e228697566" testName="FormatToStringTest1000 (61422.228144277455,61422.23 zł)" computerName="DESKTOP-5URQ9PB" duration="00:00:00.0000070" startTime="2022-06-13T21:12:18.5362971+02:00" endTime="2022-06-13T21:12:18.5363627+02:00" testType="13cdc9d9-ddb5-4fa4-a97d-d965ccfc6d4b" outcome="Passed" testListId="8c84fa94-04c1-424b-9868-57a2d4851a1d" relativeResultsDirectory="7047cac7-eedc-4e23-b760-1574f3185a59" />
    <UnitTestResult executionId="5516bd40-dae7-483b-9a2e-63c69353a222" testId="70b84b80-e683-4ba2-a51a-acdbe2334f04" testName="FormatToStringTest1000 (11022.594234092438,11022.59 zł)" computerName="DESKTOP-5URQ9PB" duration="00:00:00.0000062" startTime="2022-06-13T21:12:18.4110096+02:00" endTime="2022-06-13T21:12:18.4110751+02:00" testType="13cdc9d9-ddb5-4fa4-a97d-d965ccfc6d4b" outcome="Passed" testListId="8c84fa94-04c1-424b-9868-57a2d4851a1d" relativeResultsDirectory="5516bd40-dae7-483b-9a2e-63c69353a222" />
    <UnitTestResult executionId="564a444c-6451-417a-814c-8b4ec23272d4" testId="2c9a209f-1f09-4caa-9992-c15403f3f276" testName="FormatToStringTest1000 (5398.2412667191775,5398.24 zł)" computerName="DESKTOP-5URQ9PB" duration="00:00:00.0000062" startTime="2022-06-13T21:12:18.6069013+02:00" endTime="2022-06-13T21:12:18.6069665+02:00" testType="13cdc9d9-ddb5-4fa4-a97d-d965ccfc6d4b" outcome="Passed" testListId="8c84fa94-04c1-424b-9868-57a2d4851a1d" relativeResultsDirectory="564a444c-6451-417a-814c-8b4ec23272d4" />
    <UnitTestResult executionId="ef49e7d9-1d68-4ae5-9571-498b0b80d064" testId="f5b31719-eb56-45a5-b852-35cf086c4f43" testName="FormatToStringTest1000 (13568.230982493717,13568.23 zł)" computerName="DESKTOP-5URQ9PB" duration="00:00:00.0000664" startTime="2022-06-13T21:12:18.4939438+02:00" endTime="2022-06-13T21:12:18.4944189+02:00" testType="13cdc9d9-ddb5-4fa4-a97d-d965ccfc6d4b" outcome="Passed" testListId="8c84fa94-04c1-424b-9868-57a2d4851a1d" relativeResultsDirectory="ef49e7d9-1d68-4ae5-9571-498b0b80d064" />
    <UnitTestResult executionId="4dfb0600-62a2-4d3b-9f72-aac750290245" testId="33aeb28b-679a-47d6-bdea-fec86ed45346" testName="FormatToStringTest1000 (70771.4436677524,70771.44 zł)" computerName="DESKTOP-5URQ9PB" duration="00:00:00.0000068" startTime="2022-06-13T21:12:18.3101441+02:00" endTime="2022-06-13T21:12:18.3102201+02:00" testType="13cdc9d9-ddb5-4fa4-a97d-d965ccfc6d4b" outcome="Passed" testListId="8c84fa94-04c1-424b-9868-57a2d4851a1d" relativeResultsDirectory="4dfb0600-62a2-4d3b-9f72-aac750290245" />
    <UnitTestResult executionId="0a98675f-197d-4cd6-9e75-60b62af98c72" testId="b72c585e-548e-4315-9a58-fda539197360" testName="FormatToStringTest1000 (65947.64520381515,65947.65 zł)" computerName="DESKTOP-5URQ9PB" duration="00:00:00.0000063" startTime="2022-06-13T21:12:18.4686989+02:00" endTime="2022-06-13T21:12:18.4687658+02:00" testType="13cdc9d9-ddb5-4fa4-a97d-d965ccfc6d4b" outcome="Passed" testListId="8c84fa94-04c1-424b-9868-57a2d4851a1d" relativeResultsDirectory="0a98675f-197d-4cd6-9e75-60b62af98c72" />
    <UnitTestResult executionId="c9c89880-ee57-4b08-889d-5394f8f3dce7" testId="b4c91e41-996a-49b9-8d52-f181e53659e8" testName="FormatToStringTest1000 (6323.24079469882,6323.24 zł)" computerName="DESKTOP-5URQ9PB" duration="00:00:00.0000069" startTime="2022-06-13T21:12:18.3742061+02:00" endTime="2022-06-13T21:12:18.3742706+02:00" testType="13cdc9d9-ddb5-4fa4-a97d-d965ccfc6d4b" outcome="Passed" testListId="8c84fa94-04c1-424b-9868-57a2d4851a1d" relativeResultsDirectory="c9c89880-ee57-4b08-889d-5394f8f3dce7" />
    <UnitTestResult executionId="3fb83ad5-542a-4072-ae73-74b8f9c355ba" testId="3ca912f1-c415-4dae-a55b-a3c8fcedc27d" testName="FormatToStringTest1000 (12641.700665183225,12641.70 zł)" computerName="DESKTOP-5URQ9PB" duration="00:00:00.0000065" startTime="2022-06-13T21:12:18.3774194+02:00" endTime="2022-06-13T21:12:18.3774981+02:00" testType="13cdc9d9-ddb5-4fa4-a97d-d965ccfc6d4b" outcome="Passed" testListId="8c84fa94-04c1-424b-9868-57a2d4851a1d" relativeResultsDirectory="3fb83ad5-542a-4072-ae73-74b8f9c355ba" />
    <UnitTestResult executionId="cbfee2dc-e8bc-475b-8e38-16283b9a1603" testId="a68e2ba0-2229-4ad2-99b7-b997586e3efa" testName="FormatToStringTest1000 (26207.03715363659,26207.04 zł)" computerName="DESKTOP-5URQ9PB" duration="00:00:00.0000064" startTime="2022-06-13T21:12:18.3491407+02:00" endTime="2022-06-13T21:12:18.3492079+02:00" testType="13cdc9d9-ddb5-4fa4-a97d-d965ccfc6d4b" outcome="Passed" testListId="8c84fa94-04c1-424b-9868-57a2d4851a1d" relativeResultsDirectory="cbfee2dc-e8bc-475b-8e38-16283b9a1603" />
    <UnitTestResult executionId="5b457c38-b18c-4bc3-a055-a64eb126afec" testId="177f5120-e5ad-4d7a-80a4-191903a144cb" testName="FormatToStringTest1000 (6266.232005888704,6266.23 zł)" computerName="DESKTOP-5URQ9PB" duration="00:00:00.0000109" startTime="2022-06-13T21:12:18.5188249+02:00" endTime="2022-06-13T21:12:18.5189015+02:00" testType="13cdc9d9-ddb5-4fa4-a97d-d965ccfc6d4b" outcome="Passed" testListId="8c84fa94-04c1-424b-9868-57a2d4851a1d" relativeResultsDirectory="5b457c38-b18c-4bc3-a055-a64eb126afec" />
    <UnitTestResult executionId="ba5cb1ca-ab81-4e29-861a-60637a103bfd" testId="cadfc0b1-89ec-4e69-9395-1e5ca7ce41c3" testName="FormatToStringTest1000 (14480.387652530982,14480.39 zł)" computerName="DESKTOP-5URQ9PB" duration="00:00:00.0000065" startTime="2022-06-13T21:12:18.3709684+02:00" endTime="2022-06-13T21:12:18.3710354+02:00" testType="13cdc9d9-ddb5-4fa4-a97d-d965ccfc6d4b" outcome="Passed" testListId="8c84fa94-04c1-424b-9868-57a2d4851a1d" relativeResultsDirectory="ba5cb1ca-ab81-4e29-861a-60637a103bfd" />
    <UnitTestResult executionId="9a93db1c-1265-4538-8930-2ef507c976a8" testId="8d81499e-69f2-4b0b-b45c-72f47a054e99" testName="FormatToStringTest1000 (79339.95632144621,79339.96 zł)" computerName="DESKTOP-5URQ9PB" duration="00:00:00.0000063" startTime="2022-06-13T21:12:18.6281502+02:00" endTime="2022-06-13T21:12:18.6282143+02:00" testType="13cdc9d9-ddb5-4fa4-a97d-d965ccfc6d4b" outcome="Passed" testListId="8c84fa94-04c1-424b-9868-57a2d4851a1d" relativeResultsDirectory="9a93db1c-1265-4538-8930-2ef507c976a8" />
    <UnitTestResult executionId="dc3d6f27-cf7e-4322-a52a-24cf1d986937" testId="16fbaa8c-bff4-4f1e-8836-157a35a46cda" testName="FormatToStringTest1000 (6102.4120417453405,6102.41 zł)" computerName="DESKTOP-5URQ9PB" duration="00:00:00.0000063" startTime="2022-06-13T21:12:18.6252693+02:00" endTime="2022-06-13T21:12:18.6253349+02:00" testType="13cdc9d9-ddb5-4fa4-a97d-d965ccfc6d4b" outcome="Passed" testListId="8c84fa94-04c1-424b-9868-57a2d4851a1d" relativeResultsDirectory="dc3d6f27-cf7e-4322-a52a-24cf1d986937" />
    <UnitTestResult executionId="b9d18e95-88de-4245-a71d-6bdc21036b09" testId="1f44e463-55e2-453b-ac75-2ca1f3d7ab2b" testName="FormatToStringTest1000 (12610.563163818122,12610.56 zł)" computerName="DESKTOP-5URQ9PB" duration="00:00:00.0000063" startTime="2022-06-13T21:12:18.5987415+02:00" endTime="2022-06-13T21:12:18.5988075+02:00" testType="13cdc9d9-ddb5-4fa4-a97d-d965ccfc6d4b" outcome="Passed" testListId="8c84fa94-04c1-424b-9868-57a2d4851a1d" relativeResultsDirectory="b9d18e95-88de-4245-a71d-6bdc21036b09" />
    <UnitTestResult executionId="8eaf7183-cc7e-4d81-b2c2-689dd0b23a27" testId="bd7d0e51-ca43-4f41-8c1a-9ab513015744" testName="FormatToStringTest1000 (1662.8482664818168,1662.85 zł)" computerName="DESKTOP-5URQ9PB" duration="00:00:00.0000082" startTime="2022-06-13T21:12:18.5278084+02:00" endTime="2022-06-13T21:12:18.5279004+02:00" testType="13cdc9d9-ddb5-4fa4-a97d-d965ccfc6d4b" outcome="Passed" testListId="8c84fa94-04c1-424b-9868-57a2d4851a1d" relativeResultsDirectory="8eaf7183-cc7e-4d81-b2c2-689dd0b23a27" />
    <UnitTestResult executionId="637dc233-435e-4ac3-a9ee-642ff2819351" testId="766be101-217c-4f33-bc0d-a91fa561c6fc" testName="FormatToStringTest1000 (88584.97010041306,88584.97 zł)" computerName="DESKTOP-5URQ9PB" duration="00:00:00.0000063" startTime="2022-06-13T21:12:18.4302910+02:00" endTime="2022-06-13T21:12:18.4303572+02:00" testType="13cdc9d9-ddb5-4fa4-a97d-d965ccfc6d4b" outcome="Passed" testListId="8c84fa94-04c1-424b-9868-57a2d4851a1d" relativeResultsDirectory="637dc233-435e-4ac3-a9ee-642ff2819351" />
    <UnitTestResult executionId="ff33a48f-e887-4990-a147-3690fb2de894" testId="9211f74f-4b41-476e-9907-e9866a09df83" testName="FormatToStringTest1000 (13503.943645929892,13503.94 zł)" computerName="DESKTOP-5URQ9PB" duration="00:00:00.0000064" startTime="2022-06-13T21:12:18.3131208+02:00" endTime="2022-06-13T21:12:18.3132008+02:00" testType="13cdc9d9-ddb5-4fa4-a97d-d965ccfc6d4b" outcome="Passed" testListId="8c84fa94-04c1-424b-9868-57a2d4851a1d" relativeResultsDirectory="ff33a48f-e887-4990-a147-3690fb2de894" />
    <UnitTestResult executionId="5bf2176d-52bd-4794-9b0b-82d99059d058" testId="11cc7e62-75f6-47e3-b955-49a52bfaaac3" testName="FormatToStringTest1000 (740.3213011405064,740.32 zł)" computerName="DESKTOP-5URQ9PB" duration="00:00:00.0000070" startTime="2022-06-13T21:12:18.2875305+02:00" endTime="2022-06-13T21:12:18.2875975+02:00" testType="13cdc9d9-ddb5-4fa4-a97d-d965ccfc6d4b" outcome="Passed" testListId="8c84fa94-04c1-424b-9868-57a2d4851a1d" relativeResultsDirectory="5bf2176d-52bd-4794-9b0b-82d99059d058" />
    <UnitTestResult executionId="c0973dbe-c96f-41c4-b3f6-814cca9533b9" testId="ac363ecc-0104-4cb7-97d0-e00e35cdbc2f" testName="FormatToStringTest1000 (19210.519530370144,19210.52 zł)" computerName="DESKTOP-5URQ9PB" duration="00:00:00.0000064" startTime="2022-06-13T21:12:18.5138063+02:00" endTime="2022-06-13T21:12:18.5138711+02:00" testType="13cdc9d9-ddb5-4fa4-a97d-d965ccfc6d4b" outcome="Passed" testListId="8c84fa94-04c1-424b-9868-57a2d4851a1d" relativeResultsDirectory="c0973dbe-c96f-41c4-b3f6-814cca9533b9" />
    <UnitTestResult executionId="cd1873d1-5284-45b7-bc35-efdc0ffbdd42" testId="ab11b960-aa5e-4766-ab5a-360822fd7e9d" testName="FormatToStringTest1000 (3477.860963622509,3477.86 zł)" computerName="DESKTOP-5URQ9PB" duration="00:00:00.0000062" startTime="2022-06-13T21:12:18.5765347+02:00" endTime="2022-06-13T21:12:18.5765994+02:00" testType="13cdc9d9-ddb5-4fa4-a97d-d965ccfc6d4b" outcome="Passed" testListId="8c84fa94-04c1-424b-9868-57a2d4851a1d" relativeResultsDirectory="cd1873d1-5284-45b7-bc35-efdc0ffbdd42" />
    <UnitTestResult executionId="1b41b73e-4834-474a-a9a3-c238bfae4620" testId="431a11bf-0d2c-4869-996f-4262eeca9b7a" testName="FormatToStringTest1000 (45445.182098106096,45445.18 zł)" computerName="DESKTOP-5URQ9PB" duration="00:00:00.0000064" startTime="2022-06-13T21:12:18.3983592+02:00" endTime="2022-06-13T21:12:18.3984259+02:00" testType="13cdc9d9-ddb5-4fa4-a97d-d965ccfc6d4b" outcome="Passed" testListId="8c84fa94-04c1-424b-9868-57a2d4851a1d" relativeResultsDirectory="1b41b73e-4834-474a-a9a3-c238bfae4620" />
    <UnitTestResult executionId="a9276870-facc-46f5-8c39-e69f2929e234" testId="eb6ade89-70fd-46d7-9352-badfe55ff228" testName="FormatToStringTest1000 (43799.04472166535,43799.04 zł)" computerName="DESKTOP-5URQ9PB" duration="00:00:00.0000064" startTime="2022-06-13T21:12:18.4303747+02:00" endTime="2022-06-13T21:12:18.4304409+02:00" testType="13cdc9d9-ddb5-4fa4-a97d-d965ccfc6d4b" outcome="Passed" testListId="8c84fa94-04c1-424b-9868-57a2d4851a1d" relativeResultsDirectory="a9276870-facc-46f5-8c39-e69f2929e234" />
    <UnitTestResult executionId="2608940d-089d-4542-8f5b-dec92d671af8" testId="fc4f57a2-9fbe-45f7-9bf6-7d33c6deb8c1" testName="FormatToStringTest1000 (736.7398243680316,736.74 zł)" computerName="DESKTOP-5URQ9PB" duration="00:00:00.0000063" startTime="2022-06-13T21:12:18.2935949+02:00" endTime="2022-06-13T21:12:18.2936618+02:00" testType="13cdc9d9-ddb5-4fa4-a97d-d965ccfc6d4b" outcome="Passed" testListId="8c84fa94-04c1-424b-9868-57a2d4851a1d" relativeResultsDirectory="2608940d-089d-4542-8f5b-dec92d671af8" />
    <UnitTestResult executionId="e9a30678-70dd-4097-ad0b-39cc80039ba1" testId="a37a7bbd-ef42-4a5b-86ba-488fbb5475a1" testName="FormatToStringTest1000 (10174.652801423637,10174.65 zł)" computerName="DESKTOP-5URQ9PB" duration="00:00:00.0000063" startTime="2022-06-13T21:12:18.5132376+02:00" endTime="2022-06-13T21:12:18.5133035+02:00" testType="13cdc9d9-ddb5-4fa4-a97d-d965ccfc6d4b" outcome="Passed" testListId="8c84fa94-04c1-424b-9868-57a2d4851a1d" relativeResultsDirectory="e9a30678-70dd-4097-ad0b-39cc80039ba1" />
    <UnitTestResult executionId="011d0141-c163-488d-bb98-04e035700ffc" testId="fdfb58a2-f56d-4f6e-8c89-765a700bef74" testName="FormatToStringTest1000 (11181.228339251702,11181.23 zł)" computerName="DESKTOP-5URQ9PB" duration="00:00:00.0000068" startTime="2022-06-13T21:12:18.6359380+02:00" endTime="2022-06-13T21:12:18.6360059+02:00" testType="13cdc9d9-ddb5-4fa4-a97d-d965ccfc6d4b" outcome="Passed" testListId="8c84fa94-04c1-424b-9868-57a2d4851a1d" relativeResultsDirectory="011d0141-c163-488d-bb98-04e035700ffc" />
    <UnitTestResult executionId="f31e1dcf-2379-4692-901e-52c277c48a16" testId="0033e482-5638-4419-ab7f-9e1023672cc0" testName="FormatToStringTest1000 (88489.14069749469,88489.14 zł)" computerName="DESKTOP-5URQ9PB" duration="00:00:00.0000073" startTime="2022-06-13T21:12:18.6275510+02:00" endTime="2022-06-13T21:12:18.6276303+02:00" testType="13cdc9d9-ddb5-4fa4-a97d-d965ccfc6d4b" outcome="Passed" testListId="8c84fa94-04c1-424b-9868-57a2d4851a1d" relativeResultsDirectory="f31e1dcf-2379-4692-901e-52c277c48a16" />
    <UnitTestResult executionId="960f0ec2-e49a-4f7e-b379-76c4851d6873" testId="90b72656-522b-46e0-888d-77316cf0164f" testName="FormatToStringTest1000 (7050.437505805137,7050.44 zł)" computerName="DESKTOP-5URQ9PB" duration="00:00:00.0000064" startTime="2022-06-13T21:12:18.3330422+02:00" endTime="2022-06-13T21:12:18.3331096+02:00" testType="13cdc9d9-ddb5-4fa4-a97d-d965ccfc6d4b" outcome="Passed" testListId="8c84fa94-04c1-424b-9868-57a2d4851a1d" relativeResultsDirectory="960f0ec2-e49a-4f7e-b379-76c4851d6873" />
    <UnitTestResult executionId="f5c1e606-b4e6-4a51-ad3e-f736d85c7949" testId="b6d2e3c9-b577-4c46-ac12-92c2315a5359" testName="FormatToStringTest1000 (9750.134289915735,9750.13 zł)" computerName="DESKTOP-5URQ9PB" duration="00:00:00.0000062" startTime="2022-06-13T21:12:18.5509518+02:00" endTime="2022-06-13T21:12:18.5510163+02:00" testType="13cdc9d9-ddb5-4fa4-a97d-d965ccfc6d4b" outcome="Passed" testListId="8c84fa94-04c1-424b-9868-57a2d4851a1d" relativeResultsDirectory="f5c1e606-b4e6-4a51-ad3e-f736d85c7949" />
    <UnitTestResult executionId="ecaed26d-1a7d-417d-9dec-3ae38e2f5049" testId="ed60fba7-fad1-435f-bf83-8428b547f440" testName="FormatToStringTest1000 (13206.129467931636,13206.13 zł)" computerName="DESKTOP-5URQ9PB" duration="00:00:00.0000064" startTime="2022-06-13T21:12:18.5252262+02:00" endTime="2022-06-13T21:12:18.5252930+02:00" testType="13cdc9d9-ddb5-4fa4-a97d-d965ccfc6d4b" outcome="Passed" testListId="8c84fa94-04c1-424b-9868-57a2d4851a1d" relativeResultsDirectory="ecaed26d-1a7d-417d-9dec-3ae38e2f5049" />
    <UnitTestResult executionId="5563931a-b18b-4e24-9429-56e00c428e2f" testId="6588d19c-88d3-452b-90d3-94fa640e4cfd" testName="FormatToStringTest1000 (1687.5965557361937,1687.60 zł)" computerName="DESKTOP-5URQ9PB" duration="00:00:00.0000071" startTime="2022-06-13T21:12:18.4558048+02:00" endTime="2022-06-13T21:12:18.4558834+02:00" testType="13cdc9d9-ddb5-4fa4-a97d-d965ccfc6d4b" outcome="Passed" testListId="8c84fa94-04c1-424b-9868-57a2d4851a1d" relativeResultsDirectory="5563931a-b18b-4e24-9429-56e00c428e2f" />
    <UnitTestResult executionId="f5e0d14e-0048-4598-a078-8526faaf9b2b" testId="9b4ac483-6e77-426b-98ea-8a719725d688" testName="FormatToStringTest1000 (74152.7503934562,74152.75 zł)" computerName="DESKTOP-5URQ9PB" duration="00:00:00.0000066" startTime="2022-06-13T21:12:18.4211449+02:00" endTime="2022-06-13T21:12:18.4212103+02:00" testType="13cdc9d9-ddb5-4fa4-a97d-d965ccfc6d4b" outcome="Passed" testListId="8c84fa94-04c1-424b-9868-57a2d4851a1d" relativeResultsDirectory="f5e0d14e-0048-4598-a078-8526faaf9b2b" />
    <UnitTestResult executionId="41cf3480-458c-4a49-90b6-57fb80b74272" testId="acd224c3-ccdf-4d2f-ada8-3ad0537fb411" testName="FormatToStringTest1000 (803.2448148733214,803.24 zł)" computerName="DESKTOP-5URQ9PB" duration="00:00:00.0000062" startTime="2022-06-13T21:12:18.6094233+02:00" endTime="2022-06-13T21:12:18.6094888+02:00" testType="13cdc9d9-ddb5-4fa4-a97d-d965ccfc6d4b" outcome="Passed" testListId="8c84fa94-04c1-424b-9868-57a2d4851a1d" relativeResultsDirectory="41cf3480-458c-4a49-90b6-57fb80b74272" />
    <UnitTestResult executionId="42693344-d37c-47d3-851e-e641cc0d7c9f" testId="76a76ffb-410d-44f5-ba5d-0d97a1e882db" testName="FormatToStringTest1000 (40035.54711080787,40035.55 zł)" computerName="DESKTOP-5URQ9PB" duration="00:00:00.0000061" startTime="2022-06-13T21:12:18.3669137+02:00" endTime="2022-06-13T21:12:18.3669816+02:00" testType="13cdc9d9-ddb5-4fa4-a97d-d965ccfc6d4b" outcome="Passed" testListId="8c84fa94-04c1-424b-9868-57a2d4851a1d" relativeResultsDirectory="42693344-d37c-47d3-851e-e641cc0d7c9f" />
    <UnitTestResult executionId="87b4875b-ebd4-47c3-bc89-a64e5f7f77b0" testId="b432f7e4-d25e-4019-b336-57c457701389" testName="FormatToStringTest1000 (1208.1827589441941,1208.18 zł)" computerName="DESKTOP-5URQ9PB" duration="00:00:00.0000071" startTime="2022-06-13T21:12:18.2962588+02:00" endTime="2022-06-13T21:12:18.2963364+02:00" testType="13cdc9d9-ddb5-4fa4-a97d-d965ccfc6d4b" outcome="Passed" testListId="8c84fa94-04c1-424b-9868-57a2d4851a1d" relativeResultsDirectory="87b4875b-ebd4-47c3-bc89-a64e5f7f77b0" />
    <UnitTestResult executionId="bcc3ba28-a8e2-43c9-ac84-e31b551f826e" testId="870d02c4-c002-4f5b-8279-0c7f37fbb4eb" testName="FormatToStringTest1000 (21693.340115174808,21693.34 zł)" computerName="DESKTOP-5URQ9PB" duration="00:00:00.0000063" startTime="2022-06-13T21:12:18.4623906+02:00" endTime="2022-06-13T21:12:18.4624583+02:00" testType="13cdc9d9-ddb5-4fa4-a97d-d965ccfc6d4b" outcome="Passed" testListId="8c84fa94-04c1-424b-9868-57a2d4851a1d" relativeResultsDirectory="bcc3ba28-a8e2-43c9-ac84-e31b551f826e" />
    <UnitTestResult executionId="3d8ad8f9-d855-427a-a954-4139490698a3" testId="298364a0-c715-4bbf-b105-498ce262a81c" testName="FormatToStringTest1000 (1328.353302088265,1328.35 zł)" computerName="DESKTOP-5URQ9PB" duration="00:00:00.0000063" startTime="2022-06-13T21:12:18.4366322+02:00" endTime="2022-06-13T21:12:18.4366984+02:00" testType="13cdc9d9-ddb5-4fa4-a97d-d965ccfc6d4b" outcome="Passed" testListId="8c84fa94-04c1-424b-9868-57a2d4851a1d" relativeResultsDirectory="3d8ad8f9-d855-427a-a954-4139490698a3" />
    <UnitTestResult executionId="13436795-2124-4ded-b6fb-d67b454fb7bb" testId="ca4736ae-2eb8-4adb-9280-a56552bc0b95" testName="FormatToStringTest1000 (9190.067404299076,9190.07 zł)" computerName="DESKTOP-5URQ9PB" duration="00:00:00.0000062" startTime="2022-06-13T21:12:18.5990766+02:00" endTime="2022-06-13T21:12:18.5991413+02:00" testType="13cdc9d9-ddb5-4fa4-a97d-d965ccfc6d4b" outcome="Passed" testListId="8c84fa94-04c1-424b-9868-57a2d4851a1d" relativeResultsDirectory="13436795-2124-4ded-b6fb-d67b454fb7bb" />
    <UnitTestResult executionId="503ca700-e18a-47e8-8fcd-686f285cd3e0" testId="d4cd086f-422d-4d22-8166-cfc21e856e76" testName="FormatToStringTest1000 (19435.417227184127,19435.42 zł)" computerName="DESKTOP-5URQ9PB" duration="00:00:00.0000063" startTime="2022-06-13T21:12:18.4565034+02:00" endTime="2022-06-13T21:12:18.4565704+02:00" testType="13cdc9d9-ddb5-4fa4-a97d-d965ccfc6d4b" outcome="Passed" testListId="8c84fa94-04c1-424b-9868-57a2d4851a1d" relativeResultsDirectory="503ca700-e18a-47e8-8fcd-686f285cd3e0" />
    <UnitTestResult executionId="ee0fdc4f-184e-4089-aa5d-5af9dc3c1de7" testId="ed4a3294-69c3-4809-a471-ea7524f3c07d" testName="FormatToStringTest1000 (67380.07704875062,67380.08 zł)" computerName="DESKTOP-5URQ9PB" duration="00:00:00.0000063" startTime="2022-06-13T21:12:18.3954483+02:00" endTime="2022-06-13T21:12:18.3955161+02:00" testType="13cdc9d9-ddb5-4fa4-a97d-d965ccfc6d4b" outcome="Passed" testListId="8c84fa94-04c1-424b-9868-57a2d4851a1d" relativeResultsDirectory="ee0fdc4f-184e-4089-aa5d-5af9dc3c1de7" />
    <UnitTestResult executionId="18ef4317-15c3-4a73-b178-2f2edc8cc54e" testId="24b7c06d-70dc-424f-a6d5-123dd4cdf1ce" testName="FormatToStringTest1000 (44499.288016808816,44499.29 zł)" computerName="DESKTOP-5URQ9PB" duration="00:00:00.0000064" startTime="2022-06-13T21:12:18.4399384+02:00" endTime="2022-06-13T21:12:18.4400051+02:00" testType="13cdc9d9-ddb5-4fa4-a97d-d965ccfc6d4b" outcome="Passed" testListId="8c84fa94-04c1-424b-9868-57a2d4851a1d" relativeResultsDirectory="18ef4317-15c3-4a73-b178-2f2edc8cc54e" />
    <UnitTestResult executionId="f76f3de4-9af1-4865-abaa-bd07dd8df764" testId="7d996d40-2e81-47eb-a994-e0262fd09b7c" testName="FormatToStringTest1000 (6544.213759255695,6544.21 zł)" computerName="DESKTOP-5URQ9PB" duration="00:00:00.0000071" startTime="2022-06-13T21:12:18.5921582+02:00" endTime="2022-06-13T21:12:18.5922349+02:00" testType="13cdc9d9-ddb5-4fa4-a97d-d965ccfc6d4b" outcome="Passed" testListId="8c84fa94-04c1-424b-9868-57a2d4851a1d" relativeResultsDirectory="f76f3de4-9af1-4865-abaa-bd07dd8df764" />
    <UnitTestResult executionId="eeab1c12-b1c5-4ed6-bd50-dfc0f1009e3e" testId="2285dad9-1384-4415-9d1d-c5790fb5e8d8" testName="FormatToStringTest1000 (21753.84773194969,21753.85 zł)" computerName="DESKTOP-5URQ9PB" duration="00:00:00.0000062" startTime="2022-06-13T21:12:18.3264408+02:00" endTime="2022-06-13T21:12:18.3265070+02:00" testType="13cdc9d9-ddb5-4fa4-a97d-d965ccfc6d4b" outcome="Passed" testListId="8c84fa94-04c1-424b-9868-57a2d4851a1d" relativeResultsDirectory="eeab1c12-b1c5-4ed6-bd50-dfc0f1009e3e" />
    <UnitTestResult executionId="91d0ac9d-be93-44fd-a346-54a92e371d80" testId="faeeb037-8609-4d3a-b734-a47db31706ea" testName="FormatToStringTest1000 (9994.9471861026,9994.95 zł)" computerName="DESKTOP-5URQ9PB" duration="00:00:00.0000066" startTime="2022-06-13T21:12:18.3773303+02:00" endTime="2022-06-13T21:12:18.3774019+02:00" testType="13cdc9d9-ddb5-4fa4-a97d-d965ccfc6d4b" outcome="Passed" testListId="8c84fa94-04c1-424b-9868-57a2d4851a1d" relativeResultsDirectory="91d0ac9d-be93-44fd-a346-54a92e371d80" />
    <UnitTestResult executionId="620594e8-2a71-4511-9df8-4795c301cf9d" testId="ee42fa62-633c-40ac-9ec9-48f2dbbc3825" testName="FormatToStringTest1000 (57237.252356975456,57237.25 zł)" computerName="DESKTOP-5URQ9PB" duration="00:00:00.0000062" startTime="2022-06-13T21:12:18.6176161+02:00" endTime="2022-06-13T21:12:18.6176810+02:00" testType="13cdc9d9-ddb5-4fa4-a97d-d965ccfc6d4b" outcome="Passed" testListId="8c84fa94-04c1-424b-9868-57a2d4851a1d" relativeResultsDirectory="620594e8-2a71-4511-9df8-4795c301cf9d" />
    <UnitTestResult executionId="3bbb99ac-5070-4d35-a3c6-b8ef7417e502" testId="e26a967a-d3b7-4e2e-8dcc-8b9bf724245f" testName="FormatToStringTest1000 (22291.653251342315,22291.65 zł)" computerName="DESKTOP-5URQ9PB" duration="00:00:00.0000082" startTime="2022-06-13T21:12:18.2814198+02:00" endTime="2022-06-13T21:12:18.2815206+02:00" testType="13cdc9d9-ddb5-4fa4-a97d-d965ccfc6d4b" outcome="Passed" testListId="8c84fa94-04c1-424b-9868-57a2d4851a1d" relativeResultsDirectory="3bbb99ac-5070-4d35-a3c6-b8ef7417e502" />
    <UnitTestResult executionId="488c0952-f1fd-40b7-bca4-6c2077e2ee89" testId="6732100a-b1ed-4728-a8d8-9324f8493102" testName="FormatToStringTest1000 (52481.07276821932,52481.07 zł)" computerName="DESKTOP-5URQ9PB" duration="00:00:00.0000062" startTime="2022-06-13T21:12:18.5480441+02:00" endTime="2022-06-13T21:12:18.5481120+02:00" testType="13cdc9d9-ddb5-4fa4-a97d-d965ccfc6d4b" outcome="Passed" testListId="8c84fa94-04c1-424b-9868-57a2d4851a1d" relativeResultsDirectory="488c0952-f1fd-40b7-bca4-6c2077e2ee89" />
    <UnitTestResult executionId="e37d55c7-858d-4d4a-98fd-9f3027a47c07" testId="0ea0a5ce-aec0-4f5b-be58-568456e03244" testName="FormatToStringTest1000 (21961.272673999552,21961.27 zł)" computerName="DESKTOP-5URQ9PB" duration="00:00:00.0000066" startTime="2022-06-13T21:12:18.3028404+02:00" endTime="2022-06-13T21:12:18.3029284+02:00" testType="13cdc9d9-ddb5-4fa4-a97d-d965ccfc6d4b" outcome="Passed" testListId="8c84fa94-04c1-424b-9868-57a2d4851a1d" relativeResultsDirectory="e37d55c7-858d-4d4a-98fd-9f3027a47c07" />
    <UnitTestResult executionId="0773fd29-ceb1-4cc4-9161-3f9fcafd5d47" testId="dc838dc5-9c57-4e3b-98a0-de6d51e2d076" testName="FormatToStringTest1000 (1994.0983933439006,1994.10 zł)" computerName="DESKTOP-5URQ9PB" duration="00:00:00.0000063" startTime="2022-06-13T21:12:18.6147476+02:00" endTime="2022-06-13T21:12:18.6148122+02:00" testType="13cdc9d9-ddb5-4fa4-a97d-d965ccfc6d4b" outcome="Passed" testListId="8c84fa94-04c1-424b-9868-57a2d4851a1d" relativeResultsDirectory="0773fd29-ceb1-4cc4-9161-3f9fcafd5d47" />
    <UnitTestResult executionId="b9cfe1ec-510f-41a5-b141-047be00a6553" testId="85dde619-71ab-44d7-b2d4-4d5b376254ce" testName="FormatToStringTest1000 (12202.860111308684,12202.86 zł)" computerName="DESKTOP-5URQ9PB" duration="00:00:00.0000065" startTime="2022-06-13T21:12:18.4394293+02:00" endTime="2022-06-13T21:12:18.4394959+02:00" testType="13cdc9d9-ddb5-4fa4-a97d-d965ccfc6d4b" outcome="Passed" testListId="8c84fa94-04c1-424b-9868-57a2d4851a1d" relativeResultsDirectory="b9cfe1ec-510f-41a5-b141-047be00a6553" />
    <UnitTestResult executionId="cbc11e29-cd84-4dd5-be5e-2c30e2f67e77" testId="25244a4a-3c28-4c93-adf9-a46b1b64ba31" testName="FormatToStringTest1000 (4823.904478896365,4823.90 zł)" computerName="DESKTOP-5URQ9PB" duration="00:00:00.0000064" startTime="2022-06-13T21:12:18.5388571+02:00" endTime="2022-06-13T21:12:18.5389282+02:00" testType="13cdc9d9-ddb5-4fa4-a97d-d965ccfc6d4b" outcome="Passed" testListId="8c84fa94-04c1-424b-9868-57a2d4851a1d" relativeResultsDirectory="cbc11e29-cd84-4dd5-be5e-2c30e2f67e77" />
    <UnitTestResult executionId="cbd5d47e-939b-43b3-a158-eeefc06a8ff1" testId="f0cae9ff-2d2d-4750-8445-60ef23115d3a" testName="FormatToStringTest1000 (11157.981051815665,11157.98 zł)" computerName="DESKTOP-5URQ9PB" duration="00:00:00.0000064" startTime="2022-06-13T21:12:18.4301224+02:00" endTime="2022-06-13T21:12:18.4301898+02:00" testType="13cdc9d9-ddb5-4fa4-a97d-d965ccfc6d4b" outcome="Passed" testListId="8c84fa94-04c1-424b-9868-57a2d4851a1d" relativeResultsDirectory="cbd5d47e-939b-43b3-a158-eeefc06a8ff1" />
    <UnitTestResult executionId="2aac9a1a-532b-4bf8-b798-870f74b50c7a" testId="22d83b77-5c22-4d10-8a14-bf7a3e5c4608" testName="FormatToStringTest1000 (38402.8293406753,38402.83 zł)" computerName="DESKTOP-5URQ9PB" duration="00:00:00.0000063" startTime="2022-06-13T21:12:18.5536648+02:00" endTime="2022-06-13T21:12:18.5537264+02:00" testType="13cdc9d9-ddb5-4fa4-a97d-d965ccfc6d4b" outcome="Passed" testListId="8c84fa94-04c1-424b-9868-57a2d4851a1d" relativeResultsDirectory="2aac9a1a-532b-4bf8-b798-870f74b50c7a" />
    <UnitTestResult executionId="c8e03f6a-985c-4562-a2f8-f35121d1dfee" testId="f5ee0a23-4426-4a6d-b3d1-245d5e2b14eb" testName="FormatToStringTest1000 (18032.4720825476,18032.47 zł)" computerName="DESKTOP-5URQ9PB" duration="00:00:00.0000064" startTime="2022-06-13T21:12:18.6122166+02:00" endTime="2022-06-13T21:12:18.6122791+02:00" testType="13cdc9d9-ddb5-4fa4-a97d-d965ccfc6d4b" outcome="Passed" testListId="8c84fa94-04c1-424b-9868-57a2d4851a1d" relativeResultsDirectory="c8e03f6a-985c-4562-a2f8-f35121d1dfee" />
    <UnitTestResult executionId="1043039f-0d08-4a03-8472-af1b09a70bef" testId="f218c34a-a7f3-4559-be94-0a3d3f0c02f4" testName="FormatToStringTest1000 (743.047944508981,743.05 zł)" computerName="DESKTOP-5URQ9PB" duration="00:00:00.0000449" startTime="2022-06-13T21:12:18.5009538+02:00" endTime="2022-06-13T21:12:18.5012162+02:00" testType="13cdc9d9-ddb5-4fa4-a97d-d965ccfc6d4b" outcome="Passed" testListId="8c84fa94-04c1-424b-9868-57a2d4851a1d" relativeResultsDirectory="1043039f-0d08-4a03-8472-af1b09a70bef" />
    <UnitTestResult executionId="1df239c0-80f7-4d37-a7a9-c7f0c388998d" testId="49f2ebcb-6522-4d2f-bca9-3ce216cf8f65" testName="FormatToStringTest1000 (30383.303633991305,30383.30 zł)" computerName="DESKTOP-5URQ9PB" duration="00:00:00.0000063" startTime="2022-06-13T21:12:18.6068157+02:00" endTime="2022-06-13T21:12:18.6068799+02:00" testType="13cdc9d9-ddb5-4fa4-a97d-d965ccfc6d4b" outcome="Passed" testListId="8c84fa94-04c1-424b-9868-57a2d4851a1d" relativeResultsDirectory="1df239c0-80f7-4d37-a7a9-c7f0c388998d" />
    <UnitTestResult executionId="48c06c45-686c-4d00-8ced-42d0c11070bc" testId="4b79da38-1a83-4db5-977a-5f1a67068bbb" testName="FormatToStringTest1000 (15669.698889610218,15669.70 zł)" computerName="DESKTOP-5URQ9PB" duration="00:00:00.0000070" startTime="2022-06-13T21:12:18.5787524+02:00" endTime="2022-06-13T21:12:18.5788290+02:00" testType="13cdc9d9-ddb5-4fa4-a97d-d965ccfc6d4b" outcome="Passed" testListId="8c84fa94-04c1-424b-9868-57a2d4851a1d" relativeResultsDirectory="48c06c45-686c-4d00-8ced-42d0c11070bc" />
    <UnitTestResult executionId="39b13184-319c-469c-b6ce-9ee5576e9478" testId="871a054a-a22f-44fd-bd73-df8fce339079" testName="FormatToStringTest1000 (37387.37521261972,37387.38 zł)" computerName="DESKTOP-5URQ9PB" duration="00:00:00.0000096" startTime="2022-06-13T21:12:18.5478936+02:00" endTime="2022-06-13T21:12:18.5480186+02:00" testType="13cdc9d9-ddb5-4fa4-a97d-d965ccfc6d4b" outcome="Passed" testListId="8c84fa94-04c1-424b-9868-57a2d4851a1d" relativeResultsDirectory="39b13184-319c-469c-b6ce-9ee5576e9478" />
    <UnitTestResult executionId="a75eda11-3a12-491f-8a1c-106b59f070cc" testId="b3b4eadd-43e2-444f-8fab-a551ab71bf9f" testName="FormatToStringTest1000 (48544.390887578666,48544.39 zł)" computerName="DESKTOP-5URQ9PB" duration="00:00:00.0000394" startTime="2022-06-13T21:12:18.4995825+02:00" endTime="2022-06-13T21:12:18.4998409+02:00" testType="13cdc9d9-ddb5-4fa4-a97d-d965ccfc6d4b" outcome="Passed" testListId="8c84fa94-04c1-424b-9868-57a2d4851a1d" relativeResultsDirectory="a75eda11-3a12-491f-8a1c-106b59f070cc" />
    <UnitTestResult executionId="2c486bcb-213a-4584-8f52-46837636d23f" testId="96dc8df8-ddf7-424a-a9ea-a601df4d4b7e" testName="FormatToStringTest1000 (16208.076866391615,16208.08 zł)" computerName="DESKTOP-5URQ9PB" duration="00:00:00.0000123" startTime="2022-06-13T21:12:18.6247363+02:00" endTime="2022-06-13T21:12:18.6248987+02:00" testType="13cdc9d9-ddb5-4fa4-a97d-d965ccfc6d4b" outcome="Passed" testListId="8c84fa94-04c1-424b-9868-57a2d4851a1d" relativeResultsDirectory="2c486bcb-213a-4584-8f52-46837636d23f" />
    <UnitTestResult executionId="365d28e0-dae0-4514-add7-af709f595546" testId="480e1243-c79d-41e3-a19e-36d571484c6f" testName="FormatToStringTest1000 (2216.881526520886,2216.88 zł)" computerName="DESKTOP-5URQ9PB" duration="00:00:00.0000061" startTime="2022-06-13T21:12:18.5421133+02:00" endTime="2022-06-13T21:12:18.5421785+02:00" testType="13cdc9d9-ddb5-4fa4-a97d-d965ccfc6d4b" outcome="Passed" testListId="8c84fa94-04c1-424b-9868-57a2d4851a1d" relativeResultsDirectory="365d28e0-dae0-4514-add7-af709f595546" />
    <UnitTestResult executionId="1d552df4-39d8-4524-af33-a6f924d3aec7" testId="322e1084-f9f5-403b-b334-d4410d4c47fc" testName="FormatToStringTest1000 (32566.30279101259,32566.30 zł)" computerName="DESKTOP-5URQ9PB" duration="00:00:00.0000064" startTime="2022-06-13T21:12:18.3166414+02:00" endTime="2022-06-13T21:12:18.3167118+02:00" testType="13cdc9d9-ddb5-4fa4-a97d-d965ccfc6d4b" outcome="Passed" testListId="8c84fa94-04c1-424b-9868-57a2d4851a1d" relativeResultsDirectory="1d552df4-39d8-4524-af33-a6f924d3aec7" />
    <UnitTestResult executionId="d634fb54-a417-4529-892a-4b74c2f8ab51" testId="6b95d069-4ceb-450d-8aff-da024b7ab610" testName="FormatToStringTest1000 (96022.24851977557,96022.25 zł)" computerName="DESKTOP-5URQ9PB" duration="00:00:00.0000062" startTime="2022-06-13T21:12:18.5535847+02:00" endTime="2022-06-13T21:12:18.5536484+02:00" testType="13cdc9d9-ddb5-4fa4-a97d-d965ccfc6d4b" outcome="Passed" testListId="8c84fa94-04c1-424b-9868-57a2d4851a1d" relativeResultsDirectory="d634fb54-a417-4529-892a-4b74c2f8ab51" />
    <UnitTestResult executionId="9ee0f1b2-9888-4a93-a7a2-ac7f83a8c14b" testId="2f573f48-9528-4b23-ac8b-d810d2d7b2f5" testName="FormatToStringTest1000 (4919.073526169674,4919.07 zł)" computerName="DESKTOP-5URQ9PB" duration="00:00:00.0000062" startTime="2022-06-13T21:12:18.3711388+02:00" endTime="2022-06-13T21:12:18.3712060+02:00" testType="13cdc9d9-ddb5-4fa4-a97d-d965ccfc6d4b" outcome="Passed" testListId="8c84fa94-04c1-424b-9868-57a2d4851a1d" relativeResultsDirectory="9ee0f1b2-9888-4a93-a7a2-ac7f83a8c14b" />
    <UnitTestResult executionId="93d8c515-16e2-4d0f-b8fe-c4630b1eb4a7" testId="62aaca97-292d-4114-b715-ab96bac402b4" testName="FormatToStringTest1000 (23120.169499649743,23120.17 zł)" computerName="DESKTOP-5URQ9PB" duration="00:00:00.0000064" startTime="2022-06-13T21:12:18.5898658+02:00" endTime="2022-06-13T21:12:18.5899357+02:00" testType="13cdc9d9-ddb5-4fa4-a97d-d965ccfc6d4b" outcome="Passed" testListId="8c84fa94-04c1-424b-9868-57a2d4851a1d" relativeResultsDirectory="93d8c515-16e2-4d0f-b8fe-c4630b1eb4a7" />
    <UnitTestResult executionId="9ff0d3ff-5a70-4b97-a865-02f53495c192" testId="384b2828-5e4b-42ed-800e-f606bf83d174" testName="FormatToStringTest1000 (17455.15807988595,17455.16 zł)" computerName="DESKTOP-5URQ9PB" duration="00:00:00.0000064" startTime="2022-06-13T21:12:18.5789398+02:00" endTime="2022-06-13T21:12:18.5790057+02:00" testType="13cdc9d9-ddb5-4fa4-a97d-d965ccfc6d4b" outcome="Passed" testListId="8c84fa94-04c1-424b-9868-57a2d4851a1d" relativeResultsDirectory="9ff0d3ff-5a70-4b97-a865-02f53495c192" />
    <UnitTestResult executionId="c1977c6a-6923-4c02-b3a1-bf243ed0fb2b" testId="9eea985d-caff-4139-82d3-674db4b94be1" testName="FormatToStringTest1000 (9928.477822322622,9928.48 zł)" computerName="DESKTOP-5URQ9PB" duration="00:00:00.0000062" startTime="2022-06-13T21:12:18.5231588+02:00" endTime="2022-06-13T21:12:18.5232225+02:00" testType="13cdc9d9-ddb5-4fa4-a97d-d965ccfc6d4b" outcome="Passed" testListId="8c84fa94-04c1-424b-9868-57a2d4851a1d" relativeResultsDirectory="c1977c6a-6923-4c02-b3a1-bf243ed0fb2b" />
    <UnitTestResult executionId="9618da75-b0df-49aa-91f8-82fb7ed5725f" testId="cdf18114-84cb-4fc0-a18c-5f2a4766ebe4" testName="FormatToStringTest1000 (1664.7834932994022,1664.78 zł)" computerName="DESKTOP-5URQ9PB" duration="00:00:00.0000061" startTime="2022-06-13T21:12:18.6305002+02:00" endTime="2022-06-13T21:12:18.6305643+02:00" testType="13cdc9d9-ddb5-4fa4-a97d-d965ccfc6d4b" outcome="Passed" testListId="8c84fa94-04c1-424b-9868-57a2d4851a1d" relativeResultsDirectory="9618da75-b0df-49aa-91f8-82fb7ed5725f" />
    <UnitTestResult executionId="98df6523-c746-4dd3-b778-9874107d2045" testId="811322e4-b967-47b5-9083-fc7aebdf3b33" testName="FormatToStringTest1000 (6173.0243155793405,6173.02 zł)" computerName="DESKTOP-5URQ9PB" duration="00:00:00.0000063" startTime="2022-06-13T21:12:18.5228221+02:00" endTime="2022-06-13T21:12:18.5228874+02:00" testType="13cdc9d9-ddb5-4fa4-a97d-d965ccfc6d4b" outcome="Passed" testListId="8c84fa94-04c1-424b-9868-57a2d4851a1d" relativeResultsDirectory="98df6523-c746-4dd3-b778-9874107d2045" />
    <UnitTestResult executionId="2d04ceba-5bca-4f94-a364-04b0d7f69336" testId="38c8eb99-88e7-4506-87a2-8a2a0ee16a80" testName="FormatToStringTest1000 (41876.979471482795,41876.98 zł)" computerName="DESKTOP-5URQ9PB" duration="00:00:00.0000065" startTime="2022-06-13T21:12:18.3096731+02:00" endTime="2022-06-13T21:12:18.3097477+02:00" testType="13cdc9d9-ddb5-4fa4-a97d-d965ccfc6d4b" outcome="Passed" testListId="8c84fa94-04c1-424b-9868-57a2d4851a1d" relativeResultsDirectory="2d04ceba-5bca-4f94-a364-04b0d7f69336" />
  </Results>
  <TestDefinitions>
    <UnitTest name="FormatToStringTest1000 (1994.0983933439006,1994.10 zł)" storage="c:\projekty\mstestproject\bin\debug\netcoreapp3.1\mstestproject.dll" id="dc838dc5-9c57-4e3b-98a0-de6d51e2d076">
      <TestCategory>
        <TestCategoryItem TestCategory="Category1000" />
      </TestCategory>
      <Execution id="0773fd29-ceb1-4cc4-9161-3f9fcafd5d47" />
      <TestMethod codeBase="C:\Projekty\MSTestProject\bin\Debug\netcoreapp3.1\MSTestProject.dll" adapterTypeName="executor://mstestadapter/v2" className="TwojeWesele.Services.Helpers.Tests.CurrencyHelperTests" name="FormatToStringTest1000" />
    </UnitTest>
    <UnitTest name="FormatToStringTest1000 (77919.64716867341,77919.65 zł)" storage="c:\projekty\mstestproject\bin\debug\netcoreapp3.1\mstestproject.dll" id="64aab803-84a9-4bc6-933a-bd5a25c8be3f">
      <TestCategory>
        <TestCategoryItem TestCategory="Category1000" />
      </TestCategory>
      <Execution id="00d04b84-7d16-44ab-89f2-e71a0ec7bd8d" />
      <TestMethod codeBase="C:\Projekty\MSTestProject\bin\Debug\netcoreapp3.1\MSTestProject.dll" adapterTypeName="executor://mstestadapter/v2" className="TwojeWesele.Services.Helpers.Tests.CurrencyHelperTests" name="FormatToStringTest1000" />
    </UnitTest>
    <UnitTest name="FormatToStringTest1000 (2346.9964869427477,2347.00 zł)" storage="c:\projekty\mstestproject\bin\debug\netcoreapp3.1\mstestproject.dll" id="6e940e1e-372e-4bc7-8ee9-c05a2e9456b8">
      <TestCategory>
        <TestCategoryItem TestCategory="Category1000" />
      </TestCategory>
      <Execution id="01cbf774-41d1-4a56-a45a-9c9e1dcef3d5" />
      <TestMethod codeBase="C:\Projekty\MSTestProject\bin\Debug\netcoreapp3.1\MSTestProject.dll" adapterTypeName="executor://mstestadapter/v2" className="TwojeWesele.Services.Helpers.Tests.CurrencyHelperTests" name="FormatToStringTest1000" />
    </UnitTest>
    <UnitTest name="FormatToStringTest1000 (20640.678251201603,20640.68 zł)" storage="c:\projekty\mstestproject\bin\debug\netcoreapp3.1\mstestproject.dll" id="63259d18-5402-4b7a-bf1d-77959cce56d5">
      <TestCategory>
        <TestCategoryItem TestCategory="Category1000" />
      </TestCategory>
      <Execution id="83c4d459-48f1-4a0f-8205-f2413e95a8c5" />
      <TestMethod codeBase="C:\Projekty\MSTestProject\bin\Debug\netcoreapp3.1\MSTestProject.dll" adapterTypeName="executor://mstestadapter/v2" className="TwojeWesele.Services.Helpers.Tests.CurrencyHelperTests" name="FormatToStringTest1000" />
    </UnitTest>
    <UnitTest name="FormatToStringTest1000 (759.247198292635,759.25 zł)" storage="c:\projekty\mstestproject\bin\debug\netcoreapp3.1\mstestproject.dll" id="5499013d-5a24-4c64-b0b5-b559eb73d74c">
      <TestCategory>
        <TestCategoryItem TestCategory="Category1000" />
      </TestCategory>
      <Execution id="89cd2c38-651d-41c2-bb3f-d7e76c32aeda" />
      <TestMethod codeBase="C:\Projekty\MSTestProject\bin\Debug\netcoreapp3.1\MSTestProject.dll" adapterTypeName="executor://mstestadapter/v2" className="TwojeWesele.Services.Helpers.Tests.CurrencyHelperTests" name="FormatToStringTest1000" />
    </UnitTest>
    <UnitTest name="FormatToStringTest1000 (24137.016609529506,24137.02 zł)" storage="c:\projekty\mstestproject\bin\debug\netcoreapp3.1\mstestproject.dll" id="9fe63eeb-23ef-43f4-a322-fe86ad4d470b">
      <TestCategory>
        <TestCategoryItem TestCategory="Category1000" />
      </TestCategory>
      <Execution id="00210120-bcf1-45fa-9b0a-bcfd188044fe" />
      <TestMethod codeBase="C:\Projekty\MSTestProject\bin\Debug\netcoreapp3.1\MSTestProject.dll" adapterTypeName="executor://mstestadapter/v2" className="TwojeWesele.Services.Helpers.Tests.CurrencyHelperTests" name="FormatToStringTest1000" />
    </UnitTest>
    <UnitTest name="FormatToStringTest1000 (4614.673205890541,4614.67 zł)" storage="c:\projekty\mstestproject\bin\debug\netcoreapp3.1\mstestproject.dll" id="6f1ccb64-dbf0-455c-89e5-079c3cbb8503">
      <TestCategory>
        <TestCategoryItem TestCategory="Category1000" />
      </TestCategory>
      <Execution id="68d877e0-5188-4b70-a8d8-3047ac25b5cd" />
      <TestMethod codeBase="C:\Projekty\MSTestProject\bin\Debug\netcoreapp3.1\MSTestProject.dll" adapterTypeName="executor://mstestadapter/v2" className="TwojeWesele.Services.Helpers.Tests.CurrencyHelperTests" name="FormatToStringTest1000" />
    </UnitTest>
    <UnitTest name="FormatToStringTest1000 (23120.169499649743,23120.17 zł)" storage="c:\projekty\mstestproject\bin\debug\netcoreapp3.1\mstestproject.dll" id="62aaca97-292d-4114-b715-ab96bac402b4">
      <TestCategory>
        <TestCategoryItem TestCategory="Category1000" />
      </TestCategory>
      <Execution id="93d8c515-16e2-4d0f-b8fe-c4630b1eb4a7" />
      <TestMethod codeBase="C:\Projekty\MSTestProject\bin\Debug\netcoreapp3.1\MSTestProject.dll" adapterTypeName="executor://mstestadapter/v2" className="TwojeWesele.Services.Helpers.Tests.CurrencyHelperTests" name="FormatToStringTest1000" />
    </UnitTest>
    <UnitTest name="FormatToStringTest1000 (41368.29672956015,41368.30 zł)" storage="c:\projekty\mstestproject\bin\debug\netcoreapp3.1\mstestproject.dll" id="5cb63188-6fe6-4054-be2e-da44de193b1f">
      <TestCategory>
        <TestCategoryItem TestCategory="Category1000" />
      </TestCategory>
      <Execution id="820b2b51-44f5-477d-80ab-442762cc7666" />
      <TestMethod codeBase="C:\Projekty\MSTestProject\bin\Debug\netcoreapp3.1\MSTestProject.dll" adapterTypeName="executor://mstestadapter/v2" className="TwojeWesele.Services.Helpers.Tests.CurrencyHelperTests" name="FormatToStringTest1000" />
    </UnitTest>
    <UnitTest name="FormatToStringTest1000 (30383.303633991305,30383.30 zł)" storage="c:\projekty\mstestproject\bin\debug\netcoreapp3.1\mstestproject.dll" id="49f2ebcb-6522-4d2f-bca9-3ce216cf8f65">
      <TestCategory>
        <TestCategoryItem TestCategory="Category1000" />
      </TestCategory>
      <Execution id="1df239c0-80f7-4d37-a7a9-c7f0c388998d" />
      <TestMethod codeBase="C:\Projekty\MSTestProject\bin\Debug\netcoreapp3.1\MSTestProject.dll" adapterTypeName="executor://mstestadapter/v2" className="TwojeWesele.Services.Helpers.Tests.CurrencyHelperTests" name="FormatToStringTest1000" />
    </UnitTest>
    <UnitTest name="FormatToStringTest1000 (50664.01951024869,50664.02 zł)" storage="c:\projekty\mstestproject\bin\debug\netcoreapp3.1\mstestproject.dll" id="8982b4a6-58a5-430d-809a-5442478ca356">
      <TestCategory>
        <TestCategoryItem TestCategory="Category1000" />
      </TestCategory>
      <Execution id="34e31734-85c0-4ece-9458-d4b775e6e451" />
      <TestMethod codeBase="C:\Projekty\MSTestProject\bin\Debug\netcoreapp3.1\MSTestProject.dll" adapterTypeName="executor://mstestadapter/v2" className="TwojeWesele.Services.Helpers.Tests.CurrencyHelperTests" name="FormatToStringTest1000" />
    </UnitTest>
    <UnitTest name="FormatToStringTest1000 (964.9678631783313,964.97 zł)" storage="c:\projekty\mstestproject\bin\debug\netcoreapp3.1\mstestproject.dll" id="28591b15-2f44-45c4-a2ee-1e5b961b25a1">
      <TestCategory>
        <TestCategoryItem TestCategory="Category1000" />
      </TestCategory>
      <Execution id="c7efe981-1f58-4f25-a18d-d52f2182efe0" />
      <TestMethod codeBase="C:\Projekty\MSTestProject\bin\Debug\netcoreapp3.1\MSTestProject.dll" adapterTypeName="executor://mstestadapter/v2" className="TwojeWesele.Services.Helpers.Tests.CurrencyHelperTests" name="FormatToStringTest1000" />
    </UnitTest>
    <UnitTest name="FormatToStringTest1000 (16402.16316587206,16402.16 zł)" storage="c:\projekty\mstestproject\bin\debug\netcoreapp3.1\mstestproject.dll" id="e2d7c79d-a117-4528-a3dd-08dbfb52dde5">
      <TestCategory>
        <TestCategoryItem TestCategory="Category1000" />
      </TestCategory>
      <Execution id="c9597806-e19e-44dd-ab96-21fbfc0a7f6c" />
      <TestMethod codeBase="C:\Projekty\MSTestProject\bin\Debug\netcoreapp3.1\MSTestProject.dll" adapterTypeName="executor://mstestadapter/v2" className="TwojeWesele.Services.Helpers.Tests.CurrencyHelperTests" name="FormatToStringTest1000" />
    </UnitTest>
    <UnitTest name="FormatToStringTest1000 (65947.64520381515,65947.65 zł)" storage="c:\projekty\mstestproject\bin\debug\netcoreapp3.1\mstestproject.dll" id="b72c585e-548e-4315-9a58-fda539197360">
      <TestCategory>
        <TestCategoryItem TestCategory="Category1000" />
      </TestCategory>
      <Execution id="0a98675f-197d-4cd6-9e75-60b62af98c72" />
      <TestMethod codeBase="C:\Projekty\MSTestProject\bin\Debug\netcoreapp3.1\MSTestProject.dll" adapterTypeName="executor://mstestadapter/v2" className="TwojeWesele.Services.Helpers.Tests.CurrencyHelperTests" name="FormatToStringTest1000" />
    </UnitTest>
    <UnitTest name="FormatToStringTest1000 (50009.23881716898,50009.24 zł)" storage="c:\projekty\mstestproject\bin\debug\netcoreapp3.1\mstestproject.dll" id="f728bae5-543f-41e0-880a-653c63222876">
      <TestCategory>
        <TestCategoryItem TestCategory="Category1000" />
      </TestCategory>
      <Execution id="d3d8e460-bc4d-4e56-865e-1fa29c2d0403" />
      <TestMethod codeBase="C:\Projekty\MSTestProject\bin\Debug\netcoreapp3.1\MSTestProject.dll" adapterTypeName="executor://mstestadapter/v2" className="TwojeWesele.Services.Helpers.Tests.CurrencyHelperTests" name="FormatToStringTest1000" />
    </UnitTest>
    <UnitTest name="FormatToStringTest1000 (31347.468987404587,31347.47 zł)" storage="c:\projekty\mstestproject\bin\debug\netcoreapp3.1\mstestproject.dll" id="55f92949-5f84-4297-b9b5-aadb0a7481d8">
      <TestCategory>
        <TestCategoryItem TestCategory="Category1000" />
      </TestCategory>
      <Execution id="65aa0089-fb12-423c-bf48-b23930310ac9" />
      <TestMethod codeBase="C:\Projekty\MSTestProject\bin\Debug\netcoreapp3.1\MSTestProject.dll" adapterTypeName="executor://mstestadapter/v2" className="TwojeWesele.Services.Helpers.Tests.CurrencyHelperTests" name="FormatToStringTest1000" />
    </UnitTest>
    <UnitTest name="FormatToStringTest1000 (17000.070169619317,17000.07 zł)" storage="c:\projekty\mstestproject\bin\debug\netcoreapp3.1\mstestproject.dll" id="e49b9a42-8563-41ca-8ddc-29785ed1bf1b">
      <TestCategory>
        <TestCategoryItem TestCategory="Category1000" />
      </TestCategory>
      <Execution id="ff1b03fe-516f-48a2-b981-6f260c00527b" />
      <TestMethod codeBase="C:\Projekty\MSTestProject\bin\Debug\netcoreapp3.1\MSTestProject.dll" adapterTypeName="executor://mstestadapter/v2" className="TwojeWesele.Services.Helpers.Tests.CurrencyHelperTests" name="FormatToStringTest1000" />
    </UnitTest>
    <UnitTest name="FormatToStringTest1000 (66723.3293191657,66723.33 zł)" storage="c:\projekty\mstestproject\bin\debug\netcoreapp3.1\mstestproject.dll" id="7e8bd13f-7821-4d18-b243-53979f411894">
      <TestCategory>
        <TestCategoryItem TestCategory="Category1000" />
      </TestCategory>
      <Execution id="cf47210c-46ba-436a-8be1-1a665046d7b6" />
      <TestMethod codeBase="C:\Projekty\MSTestProject\bin\Debug\netcoreapp3.1\MSTestProject.dll" adapterTypeName="executor://mstestadapter/v2" className="TwojeWesele.Services.Helpers.Tests.CurrencyHelperTests" name="FormatToStringTest1000" />
    </UnitTest>
    <UnitTest name="FormatToStringTest1000 (22291.653251342315,22291.65 zł)" storage="c:\projekty\mstestproject\bin\debug\netcoreapp3.1\mstestproject.dll" id="e26a967a-d3b7-4e2e-8dcc-8b9bf724245f">
      <TestCategory>
        <TestCategoryItem TestCategory="Category1000" />
      </TestCategory>
      <Execution id="3bbb99ac-5070-4d35-a3c6-b8ef7417e502" />
      <TestMethod codeBase="C:\Projekty\MSTestProject\bin\Debug\netcoreapp3.1\MSTestProject.dll" adapterTypeName="executor://mstestadapter/v2" className="TwojeWesele.Services.Helpers.Tests.CurrencyHelperTests" name="FormatToStringTest1000" />
    </UnitTest>
    <UnitTest name="FormatToStringTest1000 (904.351189922705,904.35 zł)" storage="c:\projekty\mstestproject\bin\debug\netcoreapp3.1\mstestproject.dll" id="99c01d59-fefa-438f-9623-0c99c9e7488c">
      <TestCategory>
        <TestCategoryItem TestCategory="Category1000" />
      </TestCategory>
      <Execution id="1dcfc7b0-81c2-4de0-85b7-2ab0e1e6e46e" />
      <TestMethod codeBase="C:\Projekty\MSTestProject\bin\Debug\netcoreapp3.1\MSTestProject.dll" adapterTypeName="executor://mstestadapter/v2" className="TwojeWesele.Services.Helpers.Tests.CurrencyHelperTests" name="FormatToStringTest1000" />
    </UnitTest>
    <UnitTest name="FormatToStringTest1000 (44499.288016808816,44499.29 zł)" storage="c:\projekty\mstestproject\bin\debug\netcoreapp3.1\mstestproject.dll" id="24b7c06d-70dc-424f-a6d5-123dd4cdf1ce">
      <TestCategory>
        <TestCategoryItem TestCategory="Category1000" />
      </TestCategory>
      <Execution id="18ef4317-15c3-4a73-b178-2f2edc8cc54e" />
      <TestMethod codeBase="C:\Projekty\MSTestProject\bin\Debug\netcoreapp3.1\MSTestProject.dll" adapterTypeName="executor://mstestadapter/v2" className="TwojeWesele.Services.Helpers.Tests.CurrencyHelperTests" name="FormatToStringTest1000" />
    </UnitTest>
    <UnitTest name="FormatToStringTest1000 (5504.094303639184,5504.09 zł)" storage="c:\projekty\mstestproject\bin\debug\netcoreapp3.1\mstestproject.dll" id="c4ab765b-7820-4181-afd5-105067a1bff3">
      <TestCategory>
        <TestCategoryItem TestCategory="Category1000" />
      </TestCategory>
      <Execution id="c4f83b58-74b4-4a76-a5f9-414d777f1dbd" />
      <TestMethod codeBase="C:\Projekty\MSTestProject\bin\Debug\netcoreapp3.1\MSTestProject.dll" adapterTypeName="executor://mstestadapter/v2" className="TwojeWesele.Services.Helpers.Tests.CurrencyHelperTests" name="FormatToStringTest1000" />
    </UnitTest>
    <UnitTest name="FormatToStringTest1000 (64568.131500027666,64568.13 zł)" storage="c:\projekty\mstestproject\bin\debug\netcoreapp3.1\mstestproject.dll" id="0dffc3da-0567-4c32-83b1-e9c5b5be6b27">
      <TestCategory>
        <TestCategoryItem TestCategory="Category1000" />
      </TestCategory>
      <Execution id="0612586c-0a02-458c-84ca-2b80298a7f3d" />
      <TestMethod codeBase="C:\Projekty\MSTestProject\bin\Debug\netcoreapp3.1\MSTestProject.dll" adapterTypeName="executor://mstestadapter/v2" className="TwojeWesele.Services.Helpers.Tests.CurrencyHelperTests" name="FormatToStringTest1000" />
    </UnitTest>
    <UnitTest name="FormatToStringTest1000 (42555.01416107594,42555.01 zł)" storage="c:\projekty\mstestproject\bin\debug\netcoreapp3.1\mstestproject.dll" id="46bb6919-3949-43ef-9212-1db16ec548a6">
      <TestCategory>
        <TestCategoryItem TestCategory="Category1000" />
      </TestCategory>
      <Execution id="f26b8dc8-941d-4b77-86b2-5496a9c7c3fc" />
      <TestMethod codeBase="C:\Projekty\MSTestProject\bin\Debug\netcoreapp3.1\MSTestProject.dll" adapterTypeName="executor://mstestadapter/v2" className="TwojeWesele.Services.Helpers.Tests.CurrencyHelperTests" name="FormatToStringTest1000" />
    </UnitTest>
    <UnitTest name="FormatToStringTest1000 (468.83385119346616,468.83 zł)" storage="c:\projekty\mstestproject\bin\debug\netcoreapp3.1\mstestproject.dll" id="b6ae3f4c-643e-47fb-894b-e8962ab5be2a">
      <TestCategory>
        <TestCategoryItem TestCategory="Category1000" />
      </TestCategory>
      <Execution id="05151220-8d18-47ea-abd4-6c4df3af49da" />
      <TestMethod codeBase="C:\Projekty\MSTestProject\bin\Debug\netcoreapp3.1\MSTestProject.dll" adapterTypeName="executor://mstestadapter/v2" className="TwojeWesele.Services.Helpers.Tests.CurrencyHelperTests" name="FormatToStringTest1000" />
    </UnitTest>
    <UnitTest name="FormatToStringTest1000 (88616.03808168416,88616.04 zł)" storage="c:\projekty\mstestproject\bin\debug\netcoreapp3.1\mstestproject.dll" id="59781cfe-5b80-4f78-8088-ed45a226a074">
      <TestCategory>
        <TestCategoryItem TestCategory="Category1000" />
      </TestCategory>
      <Execution id="f8a5a79c-61b4-4945-960d-0f880af057cb" />
      <TestMethod codeBase="C:\Projekty\MSTestProject\bin\Debug\netcoreapp3.1\MSTestProject.dll" adapterTypeName="executor://mstestadapter/v2" className="TwojeWesele.Services.Helpers.Tests.CurrencyHelperTests" name="FormatToStringTest1000" />
    </UnitTest>
    <UnitTest name="FormatToStringTest1000 (15520.346099893259,15520.35 zł)" storage="c:\projekty\mstestproject\bin\debug\netcoreapp3.1\mstestproject.dll" id="83c1a45d-e003-42b5-9c29-a7a33fd4d193">
      <TestCategory>
        <TestCategoryItem TestCategory="Category1000" />
      </TestCategory>
      <Execution id="e64278c3-d39f-4004-bd41-15ad4c30c720" />
      <TestMethod codeBase="C:\Projekty\MSTestProject\bin\Debug\netcoreapp3.1\MSTestProject.dll" adapterTypeName="executor://mstestadapter/v2" className="TwojeWesele.Services.Helpers.Tests.CurrencyHelperTests" name="FormatToStringTest1000" />
    </UnitTest>
    <UnitTest name="FormatToStringTest1000 (64490.52771614982,64490.53 zł)" storage="c:\projekty\mstestproject\bin\debug\netcoreapp3.1\mstestproject.dll" id="465414b9-7b0e-42ca-a24b-5a445120bd3c">
      <TestCategory>
        <TestCategoryItem TestCategory="Category1000" />
      </TestCategory>
      <Execution id="7ce6ae73-aed8-458b-bb4d-7f792426d08a" />
      <TestMethod codeBase="C:\Projekty\MSTestProject\bin\Debug\netcoreapp3.1\MSTestProject.dll" adapterTypeName="executor://mstestadapter/v2" className="TwojeWesele.Services.Helpers.Tests.CurrencyHelperTests" name="FormatToStringTest1000" />
    </UnitTest>
    <UnitTest name="FormatToStringTest1000 (22367.991005544547,22367.99 zł)" storage="c:\projekty\mstestproject\bin\debug\netcoreapp3.1\mstestproject.dll" id="2f083bbe-24fc-4852-8052-95d67ad21f07">
      <TestCategory>
        <TestCategoryItem TestCategory="Category1000" />
      </TestCategory>
      <Execution id="30c7d438-4a63-4627-8fd1-03acdb19edcc" />
      <TestMethod codeBase="C:\Projekty\MSTestProject\bin\Debug\netcoreapp3.1\MSTestProject.dll" adapterTypeName="executor://mstestadapter/v2" className="TwojeWesele.Services.Helpers.Tests.CurrencyHelperTests" name="FormatToStringTest1000" />
    </UnitTest>
    <UnitTest name="FormatToStringTest1000 (30533.30031120838,30533.30 zł)" storage="c:\projekty\mstestproject\bin\debug\netcoreapp3.1\mstestproject.dll" id="3852d392-459a-4506-9293-75ec43a3eb26">
      <TestCategory>
        <TestCategoryItem TestCategory="Category1000" />
      </TestCategory>
      <Execution id="072df9fe-49fa-4c5c-adf5-2d088461c844" />
      <TestMethod codeBase="C:\Projekty\MSTestProject\bin\Debug\netcoreapp3.1\MSTestProject.dll" adapterTypeName="executor://mstestadapter/v2" className="TwojeWesele.Services.Helpers.Tests.CurrencyHelperTests" name="FormatToStringTest1000" />
    </UnitTest>
    <UnitTest name="FormatToStringTest1000 (23023.74724929768,23023.75 zł)" storage="c:\projekty\mstestproject\bin\debug\netcoreapp3.1\mstestproject.dll" id="09c2808a-aec8-4342-a21c-709a77e64008">
      <TestCategory>
        <TestCategoryItem TestCategory="Category1000" />
      </TestCategory>
      <Execution id="edf28ac6-3470-4003-af0e-f1659e0eb5b4" />
      <TestMethod codeBase="C:\Projekty\MSTestProject\bin\Debug\netcoreapp3.1\MSTestProject.dll" adapterTypeName="executor://mstestadapter/v2" className="TwojeWesele.Services.Helpers.Tests.CurrencyHelperTests" name="FormatToStringTest1000" />
    </UnitTest>
    <UnitTest name="FormatToStringTest1000 (48654.65723134794,48654.66 zł)" storage="c:\projekty\mstestproject\bin\debug\netcoreapp3.1\mstestproject.dll" id="fc50a4a4-a136-499e-b2f7-6b2b5c535921">
      <TestCategory>
        <TestCategoryItem TestCategory="Category1000" />
      </TestCategory>
      <Execution id="9e4321dd-1120-44d2-9ed0-2db3eca4248f" />
      <TestMethod codeBase="C:\Projekty\MSTestProject\bin\Debug\netcoreapp3.1\MSTestProject.dll" adapterTypeName="executor://mstestadapter/v2" className="TwojeWesele.Services.Helpers.Tests.CurrencyHelperTests" name="FormatToStringTest1000" />
    </UnitTest>
    <UnitTest name="FormatToStringTest1000 (66053.95451852398,66053.95 zł)" storage="c:\projekty\mstestproject\bin\debug\netcoreapp3.1\mstestproject.dll" id="19615e69-1302-4b32-b6ce-9f27393abdc1">
      <TestCategory>
        <TestCategoryItem TestCategory="Category1000" />
      </TestCategory>
      <Execution id="435cdb9b-f6d5-48aa-a4cc-4129a2178e3f" />
      <TestMethod codeBase="C:\Projekty\MSTestProject\bin\Debug\netcoreapp3.1\MSTestProject.dll" adapterTypeName="executor://mstestadapter/v2" className="TwojeWesele.Services.Helpers.Tests.CurrencyHelperTests" name="FormatToStringTest1000" />
    </UnitTest>
    <UnitTest name="FormatToStringTest1000 (36893.66238331593,36893.66 zł)" storage="c:\projekty\mstestproject\bin\debug\netcoreapp3.1\mstestproject.dll" id="bfefddf6-cd57-406c-8fad-e310eede800e">
      <TestCategory>
        <TestCategoryItem TestCategory="Category1000" />
      </TestCategory>
      <Execution id="a67f2d29-91fc-4f24-a29a-b6b0271acda3" />
      <TestMethod codeBase="C:\Projekty\MSTestProject\bin\Debug\netcoreapp3.1\MSTestProject.dll" adapterTypeName="executor://mstestadapter/v2" className="TwojeWesele.Services.Helpers.Tests.CurrencyHelperTests" name="FormatToStringTest1000" />
    </UnitTest>
    <UnitTest name="FormatToStringTest1000 (11989.099505855282,11989.10 zł)" storage="c:\projekty\mstestproject\bin\debug\netcoreapp3.1\mstestproject.dll" id="c88fb9d5-d3ea-4f44-9d88-8d86fe585f76">
      <TestCategory>
        <TestCategoryItem TestCategory="Category1000" />
      </TestCategory>
      <Execution id="c9319e34-bb04-495c-9455-aebfd03d1369" />
      <TestMethod codeBase="C:\Projekty\MSTestProject\bin\Debug\netcoreapp3.1\MSTestProject.dll" adapterTypeName="executor://mstestadapter/v2" className="TwojeWesele.Services.Helpers.Tests.CurrencyHelperTests" name="FormatToStringTest1000" />
    </UnitTest>
    <UnitTest name="FormatToStringTest1000 (52810.91713865516,52810.92 zł)" storage="c:\projekty\mstestproject\bin\debug\netcoreapp3.1\mstestproject.dll" id="764aaa29-8352-433b-96fa-7693ab201703">
      <TestCategory>
        <TestCategoryItem TestCategory="Category1000" />
      </TestCategory>
      <Execution id="e669e686-b48e-49a7-a1df-c5f3978031b7" />
      <TestMethod codeBase="C:\Projekty\MSTestProject\bin\Debug\netcoreapp3.1\MSTestProject.dll" adapterTypeName="executor://mstestadapter/v2" className="TwojeWesele.Services.Helpers.Tests.CurrencyHelperTests" name="FormatToStringTest1000" />
    </UnitTest>
    <UnitTest name="FormatToStringTest1000 (22678.643495744862,22678.64 zł)" storage="c:\projekty\mstestproject\bin\debug\netcoreapp3.1\mstestproject.dll" id="6e60d1b6-84a9-41d1-aebd-6aaa334043e1">
      <TestCategory>
        <TestCategoryItem TestCategory="Category1000" />
      </TestCategory>
      <Execution id="69fa6368-1555-4eeb-aa93-401d5071ebf8" />
      <TestMethod codeBase="C:\Projekty\MSTestProject\bin\Debug\netcoreapp3.1\MSTestProject.dll" adapterTypeName="executor://mstestadapter/v2" className="TwojeWesele.Services.Helpers.Tests.CurrencyHelperTests" name="FormatToStringTest1000" />
    </UnitTest>
    <UnitTest name="FormatToStringTest1000 (36760.171806480816,36760.17 zł)" storage="c:\projekty\mstestproject\bin\debug\netcoreapp3.1\mstestproject.dll" id="85c07297-96e5-4540-b76c-de147c4a97cd">
      <TestCategory>
        <TestCategoryItem TestCategory="Category1000" />
      </TestCategory>
      <Execution id="8647b632-5d60-4f45-aa31-006c2079b7e2" />
      <TestMethod codeBase="C:\Projekty\MSTestProject\bin\Debug\netcoreapp3.1\MSTestProject.dll" adapterTypeName="executor://mstestadapter/v2" className="TwojeWesele.Services.Helpers.Tests.CurrencyHelperTests" name="FormatToStringTest1000" />
    </UnitTest>
    <UnitTest name="FormatToStringTest1000 (30111.54342534372,30111.54 zł)" storage="c:\projekty\mstestproject\bin\debug\netcoreapp3.1\mstestproject.dll" id="fd49e656-f8f1-411a-b631-36daf48eebf3">
      <TestCategory>
        <TestCategoryItem TestCategory="Category1000" />
      </TestCategory>
      <Execution id="0fd0d94d-b2f6-4cd2-8b73-e702660893d0" />
      <TestMethod codeBase="C:\Projekty\MSTestProject\bin\Debug\netcoreapp3.1\MSTestProject.dll" adapterTypeName="executor://mstestadapter/v2" className="TwojeWesele.Services.Helpers.Tests.CurrencyHelperTests" name="FormatToStringTest1000" />
    </UnitTest>
    <UnitTest name="FormatToStringTest1000 (48449.85582609189,48449.86 zł)" storage="c:\projekty\mstestproject\bin\debug\netcoreapp3.1\mstestproject.dll" id="183bc21c-1100-4c55-b087-522468e9be61">
      <TestCategory>
        <TestCategoryItem TestCategory="Category1000" />
      </TestCategory>
      <Execution id="35f4116a-9cb7-44a7-8f0c-823b9fc9e4a0" />
      <TestMethod codeBase="C:\Projekty\MSTestProject\bin\Debug\netcoreapp3.1\MSTestProject.dll" adapterTypeName="executor://mstestadapter/v2" className="TwojeWesele.Services.Helpers.Tests.CurrencyHelperTests" name="FormatToStringTest1000" />
    </UnitTest>
    <UnitTest name="FormatToStringTest1000 (28992.38363400166,28992.38 zł)" storage="c:\projekty\mstestproject\bin\debug\netcoreapp3.1\mstestproject.dll" id="daca779c-3d35-48e9-a2dd-880af7e19e00">
      <TestCategory>
        <TestCategoryItem TestCategory="Category1000" />
      </TestCategory>
      <Execution id="4f142d1d-73ad-4709-ad6e-7e6266c0f27a" />
      <TestMethod codeBase="C:\Projekty\MSTestProject\bin\Debug\netcoreapp3.1\MSTestProject.dll" adapterTypeName="executor://mstestadapter/v2" className="TwojeWesele.Services.Helpers.Tests.CurrencyHelperTests" name="FormatToStringTest1000" />
    </UnitTest>
    <UnitTest name="FormatToStringTest1000 (11922.837782177532,11922.84 zł)" storage="c:\projekty\mstestproject\bin\debug\netcoreapp3.1\mstestproject.dll" id="1e995159-755b-4878-a9ba-31b2b4a7f170">
      <TestCategory>
        <TestCategoryItem TestCategory="Category1000" />
      </TestCategory>
      <Execution id="2304a395-809d-41c3-a941-df690ab4fc4f" />
      <TestMethod codeBase="C:\Projekty\MSTestProject\bin\Debug\netcoreapp3.1\MSTestProject.dll" adapterTypeName="executor://mstestadapter/v2" className="TwojeWesele.Services.Helpers.Tests.CurrencyHelperTests" name="FormatToStringTest1000" />
    </UnitTest>
    <UnitTest name="FormatToStringTest1000 (28987.862854782896,28987.86 zł)" storage="c:\projekty\mstestproject\bin\debug\netcoreapp3.1\mstestproject.dll" id="f859d88a-40cb-4859-b08d-d215a33ff54c">
      <TestCategory>
        <TestCategoryItem TestCategory="Category1000" />
      </TestCategory>
      <Execution id="893041d7-0b80-41ca-b117-c13623ff148c" />
      <TestMethod codeBase="C:\Projekty\MSTestProject\bin\Debug\netcoreapp3.1\MSTestProject.dll" adapterTypeName="executor://mstestadapter/v2" className="TwojeWesele.Services.Helpers.Tests.CurrencyHelperTests" name="FormatToStringTest1000" />
    </UnitTest>
    <UnitTest name="FormatToStringTest1000 (386.358918903097,386.36 zł)" storage="c:\projekty\mstestproject\bin\debug\netcoreapp3.1\mstestproject.dll" id="44230ab1-1f18-47d4-a8ad-53c2c636745d">
      <TestCategory>
        <TestCategoryItem TestCategory="Category1000" />
      </TestCategory>
      <Execution id="7a4b6d83-4df8-4fcb-a415-bb52d120849e" />
      <TestMethod codeBase="C:\Projekty\MSTestProject\bin\Debug\netcoreapp3.1\MSTestProject.dll" adapterTypeName="executor://mstestadapter/v2" className="TwojeWesele.Services.Helpers.Tests.CurrencyHelperTests" name="FormatToStringTest1000" />
    </UnitTest>
    <UnitTest name="FormatToStringTest1000 (25272.05048361283,25272.05 zł)" storage="c:\projekty\mstestproject\bin\debug\netcoreapp3.1\mstestproject.dll" id="426acac5-83a9-4324-a087-6bc6611b290e">
      <TestCategory>
        <TestCategoryItem TestCategory="Category1000" />
      </TestCategory>
      <Execution id="949b3ab3-bef8-46e6-8199-fbe5b57e1cc3" />
      <TestMethod codeBase="C:\Projekty\MSTestProject\bin\Debug\netcoreapp3.1\MSTestProject.dll" adapterTypeName="executor://mstestadapter/v2" className="TwojeWesele.Services.Helpers.Tests.CurrencyHelperTests" name="FormatToStringTest1000" />
    </UnitTest>
    <UnitTest name="FormatToStringTest1000 (10397.404523554447,10397.40 zł)" storage="c:\projekty\mstestproject\bin\debug\netcoreapp3.1\mstestproject.dll" id="b50efee6-e9a1-4d80-b0cc-68a475918274">
      <TestCategory>
        <TestCategoryItem TestCategory="Category1000" />
      </TestCategory>
      <Execution id="a26ba627-fdff-43ae-b5bc-5f875955a452" />
      <TestMethod codeBase="C:\Projekty\MSTestProject\bin\Debug\netcoreapp3.1\MSTestProject.dll" adapterTypeName="executor://mstestadapter/v2" className="TwojeWesele.Services.Helpers.Tests.CurrencyHelperTests" name="FormatToStringTest1000" />
    </UnitTest>
    <UnitTest name="FormatToStringTest1000 (4121.116360678857,4121.12 zł)" storage="c:\projekty\mstestproject\bin\debug\netcoreapp3.1\mstestproject.dll" id="9092d4ef-9cf0-4a6c-994c-d8e66dc01782">
      <TestCategory>
        <TestCategoryItem TestCategory="Category1000" />
      </TestCategory>
      <Execution id="6fceec36-ac31-43c5-800b-14eea7147901" />
      <TestMethod codeBase="C:\Projekty\MSTestProject\bin\Debug\netcoreapp3.1\MSTestProject.dll" adapterTypeName="executor://mstestadapter/v2" className="TwojeWesele.Services.Helpers.Tests.CurrencyHelperTests" name="FormatToStringTest1000" />
    </UnitTest>
    <UnitTest name="FormatToStringTest1000 (3431.864349926759,3431.86 zł)" storage="c:\projekty\mstestproject\bin\debug\netcoreapp3.1\mstestproject.dll" id="5e6971ed-ad4f-417e-9625-15c94fc0ff03">
      <TestCategory>
        <TestCategoryItem TestCategory="Category1000" />
      </TestCategory>
      <Execution id="3c9dc389-0eb8-4ce9-9cca-0d82189cfc6d" />
      <TestMethod codeBase="C:\Projekty\MSTestProject\bin\Debug\netcoreapp3.1\MSTestProject.dll" adapterTypeName="executor://mstestadapter/v2" className="TwojeWesele.Services.Helpers.Tests.CurrencyHelperTests" name="FormatToStringTest1000" />
    </UnitTest>
    <UnitTest name="FormatToStringTest1000 (34096.337879508894,34096.34 zł)" storage="c:\projekty\mstestproject\bin\debug\netcoreapp3.1\mstestproject.dll" id="df1e7b02-978f-4b13-89a8-654f1d95275a">
      <TestCategory>
        <TestCategoryItem TestCategory="Category1000" />
      </TestCategory>
      <Execution id="fd0a70f6-a25d-4735-b785-654f4bb5ee9b" />
      <TestMethod codeBase="C:\Projekty\MSTestProject\bin\Debug\netcoreapp3.1\MSTestProject.dll" adapterTypeName="executor://mstestadapter/v2" className="TwojeWesele.Services.Helpers.Tests.CurrencyHelperTests" name="FormatToStringTest1000" />
    </UnitTest>
    <UnitTest name="FormatToStringTest1000 (50507.0104155615,50507.01 zł)" storage="c:\projekty\mstestproject\bin\debug\netcoreapp3.1\mstestproject.dll" id="4edf6ab9-1873-4af7-be57-d3a0dfcb2f07">
      <TestCategory>
        <TestCategoryItem TestCategory="Category1000" />
      </TestCategory>
      <Execution id="7802f6e9-7050-4e4d-9b24-b0e7969b3ca1" />
      <TestMethod codeBase="C:\Projekty\MSTestProject\bin\Debug\netcoreapp3.1\MSTestProject.dll" adapterTypeName="executor://mstestadapter/v2" className="TwojeWesele.Services.Helpers.Tests.CurrencyHelperTests" name="FormatToStringTest1000" />
    </UnitTest>
    <UnitTest name="FormatToStringTest1000 (1011.9989482094529,1012.00 zł)" storage="c:\projekty\mstestproject\bin\debug\netcoreapp3.1\mstestproject.dll" id="59ab91de-8775-47b1-bda1-b1deb969d9bc">
      <TestCategory>
        <TestCategoryItem TestCategory="Category1000" />
      </TestCategory>
      <Execution id="00a6cc24-c772-4eb9-9b52-f48bcfb4537a" />
      <TestMethod codeBase="C:\Projekty\MSTestProject\bin\Debug\netcoreapp3.1\MSTestProject.dll" adapterTypeName="executor://mstestadapter/v2" className="TwojeWesele.Services.Helpers.Tests.CurrencyHelperTests" name="FormatToStringTest1000" />
    </UnitTest>
    <UnitTest name="FormatToStringTest1000 (58111.21259843521,58111.21 zł)" storage="c:\projekty\mstestproject\bin\debug\netcoreapp3.1\mstestproject.dll" id="c3627e68-a43a-44e4-815a-58b416f6334e">
      <TestCategory>
        <TestCategoryItem TestCategory="Category1000" />
      </TestCategory>
      <Execution id="595801ff-9e20-484e-ba20-3f71caa4546f" />
      <TestMethod codeBase="C:\Projekty\MSTestProject\bin\Debug\netcoreapp3.1\MSTestProject.dll" adapterTypeName="executor://mstestadapter/v2" className="TwojeWesele.Services.Helpers.Tests.CurrencyHelperTests" name="FormatToStringTest1000" />
    </UnitTest>
    <UnitTest name="FormatToStringTest1000 (42728.35751444258,42728.36 zł)" storage="c:\projekty\mstestproject\bin\debug\netcoreapp3.1\mstestproject.dll" id="feea0124-d284-4f46-8b24-3e82bcd02319">
      <TestCategory>
        <TestCategoryItem TestCategory="Category1000" />
      </TestCategory>
      <Execution id="cc94034e-98c1-4069-b1a0-bf5f5a15f2d2" />
      <TestMethod codeBase="C:\Projekty\MSTestProject\bin\Debug\netcoreapp3.1\MSTestProject.dll" adapterTypeName="executor://mstestadapter/v2" className="TwojeWesele.Services.Helpers.Tests.CurrencyHelperTests" name="FormatToStringTest1000" />
    </UnitTest>
    <UnitTest name="FormatToStringTest1000 (55782.67998761762,55782.68 zł)" storage="c:\projekty\mstestproject\bin\debug\netcoreapp3.1\mstestproject.dll" id="f6ee664d-87e0-4d22-893f-9b3016a54b1e">
      <TestCategory>
        <TestCategoryItem TestCategory="Category1000" />
      </TestCategory>
      <Execution id="33c43d80-b323-42dd-bbb1-7ccc84e979f9" />
      <TestMethod codeBase="C:\Projekty\MSTestProject\bin\Debug\netcoreapp3.1\MSTestProject.dll" adapterTypeName="executor://mstestadapter/v2" className="TwojeWesele.Services.Helpers.Tests.CurrencyHelperTests" name="FormatToStringTest1000" />
    </UnitTest>
    <UnitTest name="FormatToStringTest1000 (50339.31259969497,50339.31 zł)" storage="c:\projekty\mstestproject\bin\debug\netcoreapp3.1\mstestproject.dll" id="39e8da9a-9ab9-47cd-bd3f-1a97bea65f6c">
      <TestCategory>
        <TestCategoryItem TestCategory="Category1000" />
      </TestCategory>
      <Execution id="42f99df7-122c-4885-b0d5-59ef667a22f0" />
      <TestMethod codeBase="C:\Projekty\MSTestProject\bin\Debug\netcoreapp3.1\MSTestProject.dll" adapterTypeName="executor://mstestadapter/v2" className="TwojeWesele.Services.Helpers.Tests.CurrencyHelperTests" name="FormatToStringTest1000" />
    </UnitTest>
    <UnitTest name="FormatToStringTest1000 (26529.10838037036,26529.11 zł)" storage="c:\projekty\mstestproject\bin\debug\netcoreapp3.1\mstestproject.dll" id="5bc70216-b731-44a4-a181-596127d12ab1">
      <TestCategory>
        <TestCategoryItem TestCategory="Category1000" />
      </TestCategory>
      <Execution id="ad577343-c62a-48be-91d4-a7f41fe92e13" />
      <TestMethod codeBase="C:\Projekty\MSTestProject\bin\Debug\netcoreapp3.1\MSTestProject.dll" adapterTypeName="executor://mstestadapter/v2" className="TwojeWesele.Services.Helpers.Tests.CurrencyHelperTests" name="FormatToStringTest1000" />
    </UnitTest>
    <UnitTest name="FormatToStringTest1000 (29474.095826699442,29474.10 zł)" storage="c:\projekty\mstestproject\bin\debug\netcoreapp3.1\mstestproject.dll" id="0a0f210a-e134-4100-baf3-ba7f110953d3">
      <TestCategory>
        <TestCategoryItem TestCategory="Category1000" />
      </TestCategory>
      <Execution id="981b7e47-65cf-40db-b639-4394ffaf3290" />
      <TestMethod codeBase="C:\Projekty\MSTestProject\bin\Debug\netcoreapp3.1\MSTestProject.dll" adapterTypeName="executor://mstestadapter/v2" className="TwojeWesele.Services.Helpers.Tests.CurrencyHelperTests" name="FormatToStringTest1000" />
    </UnitTest>
    <UnitTest name="FormatToStringTest1000 (19392.945535027862,19392.95 zł)" storage="c:\projekty\mstestproject\bin\debug\netcoreapp3.1\mstestproject.dll" id="58fa39cd-d1cd-47d3-8993-519a155a7be3">
      <TestCategory>
        <TestCategoryItem TestCategory="Category1000" />
      </TestCategory>
      <Execution id="b9ce68c6-db55-424d-b8c6-d7572ed2ebc6" />
      <TestMethod codeBase="C:\Projekty\MSTestProject\bin\Debug\netcoreapp3.1\MSTestProject.dll" adapterTypeName="executor://mstestadapter/v2" className="TwojeWesele.Services.Helpers.Tests.CurrencyHelperTests" name="FormatToStringTest1000" />
    </UnitTest>
    <UnitTest name="FormatToStringTest1000 (11912.404131636213,11912.40 zł)" storage="c:\projekty\mstestproject\bin\debug\netcoreapp3.1\mstestproject.dll" id="41741b61-8950-43d0-8acd-4c98c45ccddf">
      <TestCategory>
        <TestCategoryItem TestCategory="Category1000" />
      </TestCategory>
      <Execution id="d5f6c5b4-5416-4a75-9c03-81d21fc582e8" />
      <TestMethod codeBase="C:\Projekty\MSTestProject\bin\Debug\netcoreapp3.1\MSTestProject.dll" adapterTypeName="executor://mstestadapter/v2" className="TwojeWesele.Services.Helpers.Tests.CurrencyHelperTests" name="FormatToStringTest1000" />
    </UnitTest>
    <UnitTest name="FormatToStringTest1000 (28080.92507087669,28080.93 zł)" storage="c:\projekty\mstestproject\bin\debug\netcoreapp3.1\mstestproject.dll" id="6a90dc74-9389-4c01-b39f-c0a970dc5401">
      <TestCategory>
        <TestCategoryItem TestCategory="Category1000" />
      </TestCategory>
      <Execution id="fbf35075-ec50-4cb5-acba-8345d62d1d97" />
      <TestMethod codeBase="C:\Projekty\MSTestProject\bin\Debug\netcoreapp3.1\MSTestProject.dll" adapterTypeName="executor://mstestadapter/v2" className="TwojeWesele.Services.Helpers.Tests.CurrencyHelperTests" name="FormatToStringTest1000" />
    </UnitTest>
    <UnitTest name="FormatToStringTest1000 (71554.9786298829,71554.98 zł)" storage="c:\projekty\mstestproject\bin\debug\netcoreapp3.1\mstestproject.dll" id="bd0ae762-64c8-4353-974a-6d148682f084">
      <TestCategory>
        <TestCategoryItem TestCategory="Category1000" />
      </TestCategory>
      <Execution id="81281eca-05a4-48b4-a46b-9458b7fa1f7e" />
      <TestMethod codeBase="C:\Projekty\MSTestProject\bin\Debug\netcoreapp3.1\MSTestProject.dll" adapterTypeName="executor://mstestadapter/v2" className="TwojeWesele.Services.Helpers.Tests.CurrencyHelperTests" name="FormatToStringTest1000" />
    </UnitTest>
    <UnitTest name="FormatToStringTest1000 (14459.57059750686,14459.57 zł)" storage="c:\projekty\mstestproject\bin\debug\netcoreapp3.1\mstestproject.dll" id="bd123154-775c-4c59-80b8-ed89b907a93d">
      <TestCategory>
        <TestCategoryItem TestCategory="Category1000" />
      </TestCategory>
      <Execution id="6eb88f62-01cc-413a-87d0-7ae98eeeaf3e" />
      <TestMethod codeBase="C:\Projekty\MSTestProject\bin\Debug\netcoreapp3.1\MSTestProject.dll" adapterTypeName="executor://mstestadapter/v2" className="TwojeWesele.Services.Helpers.Tests.CurrencyHelperTests" name="FormatToStringTest1000" />
    </UnitTest>
    <UnitTest name="FormatToStringTest1000 (66019.32414194118,66019.32 zł)" storage="c:\projekty\mstestproject\bin\debug\netcoreapp3.1\mstestproject.dll" id="f8f35e93-4e41-435b-8dd0-956d7da4b229">
      <TestCategory>
        <TestCategoryItem TestCategory="Category1000" />
      </TestCategory>
      <Execution id="335b5c99-0580-4f0d-ad2b-41a6d821e6cd" />
      <TestMethod codeBase="C:\Projekty\MSTestProject\bin\Debug\netcoreapp3.1\MSTestProject.dll" adapterTypeName="executor://mstestadapter/v2" className="TwojeWesele.Services.Helpers.Tests.CurrencyHelperTests" name="FormatToStringTest1000" />
    </UnitTest>
    <UnitTest name="FormatToStringTest1000 (20752.33758466334,20752.34 zł)" storage="c:\projekty\mstestproject\bin\debug\netcoreapp3.1\mstestproject.dll" id="8b1670ce-7161-4885-8bac-f73fbaccfbdd">
      <TestCategory>
        <TestCategoryItem TestCategory="Category1000" />
      </TestCategory>
      <Execution id="142f120a-9785-4e62-aad3-68fb61a3a791" />
      <TestMethod codeBase="C:\Projekty\MSTestProject\bin\Debug\netcoreapp3.1\MSTestProject.dll" adapterTypeName="executor://mstestadapter/v2" className="TwojeWesele.Services.Helpers.Tests.CurrencyHelperTests" name="FormatToStringTest1000" />
    </UnitTest>
    <UnitTest name="FormatToStringTest1000 (52020.805412759444,52020.81 zł)" storage="c:\projekty\mstestproject\bin\debug\netcoreapp3.1\mstestproject.dll" id="0a667d63-ff78-4607-ac7b-0f64185f8e2e">
      <TestCategory>
        <TestCategoryItem TestCategory="Category1000" />
      </TestCategory>
      <Execution id="b8448c35-9db9-4c56-8cf2-5f21a4a5d98c" />
      <TestMethod codeBase="C:\Projekty\MSTestProject\bin\Debug\netcoreapp3.1\MSTestProject.dll" adapterTypeName="executor://mstestadapter/v2" className="TwojeWesele.Services.Helpers.Tests.CurrencyHelperTests" name="FormatToStringTest1000" />
    </UnitTest>
    <UnitTest name="FormatToStringTest1000 (1963.0091662979728,1963.01 zł)" storage="c:\projekty\mstestproject\bin\debug\netcoreapp3.1\mstestproject.dll" id="c31927ed-76f2-4f48-b1d6-87cf8004ba80">
      <TestCategory>
        <TestCategoryItem TestCategory="Category1000" />
      </TestCategory>
      <Execution id="72f1c365-d2bd-4155-9a45-fbb5dd900436" />
      <TestMethod codeBase="C:\Projekty\MSTestProject\bin\Debug\netcoreapp3.1\MSTestProject.dll" adapterTypeName="executor://mstestadapter/v2" className="TwojeWesele.Services.Helpers.Tests.CurrencyHelperTests" name="FormatToStringTest1000" />
    </UnitTest>
    <UnitTest name="FormatToStringTest1000 (17835.54606576988,17835.55 zł)" storage="c:\projekty\mstestproject\bin\debug\netcoreapp3.1\mstestproject.dll" id="bcec5d0e-dbeb-4d91-87d1-7aa61b398ada">
      <TestCategory>
        <TestCategoryItem TestCategory="Category1000" />
      </TestCategory>
      <Execution id="90f1077b-67da-4049-ab13-54755c957e9c" />
      <TestMethod codeBase="C:\Projekty\MSTestProject\bin\Debug\netcoreapp3.1\MSTestProject.dll" adapterTypeName="executor://mstestadapter/v2" className="TwojeWesele.Services.Helpers.Tests.CurrencyHelperTests" name="FormatToStringTest1000" />
    </UnitTest>
    <UnitTest name="FormatToStringTest1000 (87505.85936583664,87505.86 zł)" storage="c:\projekty\mstestproject\bin\debug\netcoreapp3.1\mstestproject.dll" id="3f55690b-7cee-4cd6-999a-2e7344d550d3">
      <TestCategory>
        <TestCategoryItem TestCategory="Category1000" />
      </TestCategory>
      <Execution id="b21a2d68-25cc-4e09-b65c-a0603c1f0438" />
      <TestMethod codeBase="C:\Projekty\MSTestProject\bin\Debug\netcoreapp3.1\MSTestProject.dll" adapterTypeName="executor://mstestadapter/v2" className="TwojeWesele.Services.Helpers.Tests.CurrencyHelperTests" name="FormatToStringTest1000" />
    </UnitTest>
    <UnitTest name="FormatToStringTest1000 (19216.446905020366,19216.45 zł)" storage="c:\projekty\mstestproject\bin\debug\netcoreapp3.1\mstestproject.dll" id="8d2b75cf-8b4d-45f8-8836-38d3e19f8b2a">
      <TestCategory>
        <TestCategoryItem TestCategory="Category1000" />
      </TestCategory>
      <Execution id="6a377a82-a090-4f1f-ac03-00cfa27cff2f" />
      <TestMethod codeBase="C:\Projekty\MSTestProject\bin\Debug\netcoreapp3.1\MSTestProject.dll" adapterTypeName="executor://mstestadapter/v2" className="TwojeWesele.Services.Helpers.Tests.CurrencyHelperTests" name="FormatToStringTest1000" />
    </UnitTest>
    <UnitTest name="FormatToStringTest1000 (30360.993128030557,30360.99 zł)" storage="c:\projekty\mstestproject\bin\debug\netcoreapp3.1\mstestproject.dll" id="cdc02bcf-c521-4d9d-bf14-06fb93ffb357">
      <TestCategory>
        <TestCategoryItem TestCategory="Category1000" />
      </TestCategory>
      <Execution id="87ac0826-180d-4e71-bd61-365da25bc081" />
      <TestMethod codeBase="C:\Projekty\MSTestProject\bin\Debug\netcoreapp3.1\MSTestProject.dll" adapterTypeName="executor://mstestadapter/v2" className="TwojeWesele.Services.Helpers.Tests.CurrencyHelperTests" name="FormatToStringTest1000" />
    </UnitTest>
    <UnitTest name="FormatToStringTest1000 (6654.099431086378,6654.10 zł)" storage="c:\projekty\mstestproject\bin\debug\netcoreapp3.1\mstestproject.dll" id="54b10282-4f42-42cd-8386-0a0b1dab41b6">
      <TestCategory>
        <TestCategoryItem TestCategory="Category1000" />
      </TestCategory>
      <Execution id="774f4814-9d9c-425b-b921-e0ad1afd34d5" />
      <TestMethod codeBase="C:\Projekty\MSTestProject\bin\Debug\netcoreapp3.1\MSTestProject.dll" adapterTypeName="executor://mstestadapter/v2" className="TwojeWesele.Services.Helpers.Tests.CurrencyHelperTests" name="FormatToStringTest1000" />
    </UnitTest>
    <UnitTest name="FormatToStringTest1000 (21328.29026726507,21328.29 zł)" storage="c:\projekty\mstestproject\bin\debug\netcoreapp3.1\mstestproject.dll" id="cc4702dc-b874-4102-8eb2-d1e8a343b099">
      <TestCategory>
        <TestCategoryItem TestCategory="Category1000" />
      </TestCategory>
      <Execution id="a99ae97b-3515-428d-ad4e-4d17f9d79c28" />
      <TestMethod codeBase="C:\Projekty\MSTestProject\bin\Debug\netcoreapp3.1\MSTestProject.dll" adapterTypeName="executor://mstestadapter/v2" className="TwojeWesele.Services.Helpers.Tests.CurrencyHelperTests" name="FormatToStringTest1000" />
    </UnitTest>
    <UnitTest name="FormatToStringTest1000 (68507.83928906724,68507.84 zł)" storage="c:\projekty\mstestproject\bin\debug\netcoreapp3.1\mstestproject.dll" id="98d48beb-82a8-456c-8881-b4fae0aae179">
      <TestCategory>
        <TestCategoryItem TestCategory="Category1000" />
      </TestCategory>
      <Execution id="909d2473-42e3-4d2d-8901-a061eca4877a" />
      <TestMethod codeBase="C:\Projekty\MSTestProject\bin\Debug\netcoreapp3.1\MSTestProject.dll" adapterTypeName="executor://mstestadapter/v2" className="TwojeWesele.Services.Helpers.Tests.CurrencyHelperTests" name="FormatToStringTest1000" />
    </UnitTest>
    <UnitTest name="FormatToStringTest1000 (11829.625994884234,11829.63 zł)" storage="c:\projekty\mstestproject\bin\debug\netcoreapp3.1\mstestproject.dll" id="539e3779-1a00-463f-8854-8dfe642dd074">
      <TestCategory>
        <TestCategoryItem TestCategory="Category1000" />
      </TestCategory>
      <Execution id="c3a845cc-0f37-4924-8c7d-121313e7e6ab" />
      <TestMethod codeBase="C:\Projekty\MSTestProject\bin\Debug\netcoreapp3.1\MSTestProject.dll" adapterTypeName="executor://mstestadapter/v2" className="TwojeWesele.Services.Helpers.Tests.CurrencyHelperTests" name="FormatToStringTest1000" />
    </UnitTest>
    <UnitTest name="FormatToStringTest1000 (84686.32148464039,84686.32 zł)" storage="c:\projekty\mstestproject\bin\debug\netcoreapp3.1\mstestproject.dll" id="ee485395-8495-4b4a-8897-5685a0e2d097">
      <TestCategory>
        <TestCategoryItem TestCategory="Category1000" />
      </TestCategory>
      <Execution id="429f4169-d57b-4fd2-a2b2-f1073ed9a95c" />
      <TestMethod codeBase="C:\Projekty\MSTestProject\bin\Debug\netcoreapp3.1\MSTestProject.dll" adapterTypeName="executor://mstestadapter/v2" className="TwojeWesele.Services.Helpers.Tests.CurrencyHelperTests" name="FormatToStringTest1000" />
    </UnitTest>
    <UnitTest name="FormatToStringTest1000 (19352.183340702755,19352.18 zł)" storage="c:\projekty\mstestproject\bin\debug\netcoreapp3.1\mstestproject.dll" id="04275662-31f3-48f8-a40d-753cf77d08dd">
      <TestCategory>
        <TestCategoryItem TestCategory="Category1000" />
      </TestCategory>
      <Execution id="01b8f971-cc15-400a-ba28-6faa7cf715d0" />
      <TestMethod codeBase="C:\Projekty\MSTestProject\bin\Debug\netcoreapp3.1\MSTestProject.dll" adapterTypeName="executor://mstestadapter/v2" className="TwojeWesele.Services.Helpers.Tests.CurrencyHelperTests" name="FormatToStringTest1000" />
    </UnitTest>
    <UnitTest name="FormatToStringTest1000 (25440.18371476614,25440.18 zł)" storage="c:\projekty\mstestproject\bin\debug\netcoreapp3.1\mstestproject.dll" id="4af28c6c-0ed5-420f-af49-e189dfdebf07">
      <TestCategory>
        <TestCategoryItem TestCategory="Category1000" />
      </TestCategory>
      <Execution id="3cff30ac-f083-4c36-affb-a96fe9602c15" />
      <TestMethod codeBase="C:\Projekty\MSTestProject\bin\Debug\netcoreapp3.1\MSTestProject.dll" adapterTypeName="executor://mstestadapter/v2" className="TwojeWesele.Services.Helpers.Tests.CurrencyHelperTests" name="FormatToStringTest1000" />
    </UnitTest>
    <UnitTest name="FormatToStringTest1000 (8514.837538072763,8514.84 zł)" storage="c:\projekty\mstestproject\bin\debug\netcoreapp3.1\mstestproject.dll" id="fc798b8c-e6d4-4a3e-9cd8-d3ab659e0b5a">
      <TestCategory>
        <TestCategoryItem TestCategory="Category1000" />
      </TestCategory>
      <Execution id="e57b74b5-a837-4159-9491-3470f9288652" />
      <TestMethod codeBase="C:\Projekty\MSTestProject\bin\Debug\netcoreapp3.1\MSTestProject.dll" adapterTypeName="executor://mstestadapter/v2" className="TwojeWesele.Services.Helpers.Tests.CurrencyHelperTests" name="FormatToStringTest1000" />
    </UnitTest>
    <UnitTest name="FormatToStringTest1000 (4139.032615562451,4139.03 zł)" storage="c:\projekty\mstestproject\bin\debug\netcoreapp3.1\mstestproject.dll" id="300e7558-e5d8-4ef2-9bc7-c03aec61e71e">
      <TestCategory>
        <TestCategoryItem TestCategory="Category1000" />
      </TestCategory>
      <Execution id="f0a7e8b1-475d-4a23-a269-452cf63a525e" />
      <TestMethod codeBase="C:\Projekty\MSTestProject\bin\Debug\netcoreapp3.1\MSTestProject.dll" adapterTypeName="executor://mstestadapter/v2" className="TwojeWesele.Services.Helpers.Tests.CurrencyHelperTests" name="FormatToStringTest1000" />
    </UnitTest>
    <UnitTest name="FormatToStringTest1000 (25990.318498101697,25990.32 zł)" storage="c:\projekty\mstestproject\bin\debug\netcoreapp3.1\mstestproject.dll" id="23a69dc4-19c5-4c1c-b29b-c0bd46fb33ac">
      <TestCategory>
        <TestCategoryItem TestCategory="Category1000" />
      </TestCategory>
      <Execution id="292bbc27-b12c-476e-92ce-60644a132dc5" />
      <TestMethod codeBase="C:\Projekty\MSTestProject\bin\Debug\netcoreapp3.1\MSTestProject.dll" adapterTypeName="executor://mstestadapter/v2" className="TwojeWesele.Services.Helpers.Tests.CurrencyHelperTests" name="FormatToStringTest1000" />
    </UnitTest>
    <UnitTest name="FormatToStringTest1000 (5961.755129208674,5961.76 zł)" storage="c:\projekty\mstestproject\bin\debug\netcoreapp3.1\mstestproject.dll" id="376b3621-112f-4fb4-b58b-b1ff713376ca">
      <TestCategory>
        <TestCategoryItem TestCategory="Category1000" />
      </TestCategory>
      <Execution id="d396eaae-23c6-4873-b304-782cc5fd24bb" />
      <TestMethod codeBase="C:\Projekty\MSTestProject\bin\Debug\netcoreapp3.1\MSTestProject.dll" adapterTypeName="executor://mstestadapter/v2" className="TwojeWesele.Services.Helpers.Tests.CurrencyHelperTests" name="FormatToStringTest1000" />
    </UnitTest>
    <UnitTest name="FormatToStringTest1000 (57809.74722876295,57809.75 zł)" storage="c:\projekty\mstestproject\bin\debug\netcoreapp3.1\mstestproject.dll" id="b4a27b5f-6820-44b1-a2a2-59bbe3bd843a">
      <TestCategory>
        <TestCategoryItem TestCategory="Category1000" />
      </TestCategory>
      <Execution id="98a2ed4d-8833-4df5-a9df-f49b95fc8842" />
      <TestMethod codeBase="C:\Projekty\MSTestProject\bin\Debug\netcoreapp3.1\MSTestProject.dll" adapterTypeName="executor://mstestadapter/v2" className="TwojeWesele.Services.Helpers.Tests.CurrencyHelperTests" name="FormatToStringTest1000" />
    </UnitTest>
    <UnitTest name="FormatToStringTest1000 (60701.5177499319,60701.52 zł)" storage="c:\projekty\mstestproject\bin\debug\netcoreapp3.1\mstestproject.dll" id="1b6571de-4d1d-40b1-999a-e3d1a49c7a5b">
      <TestCategory>
        <TestCategoryItem TestCategory="Category1000" />
      </TestCategory>
      <Execution id="dba9826f-d71b-47e2-93ae-aea80f4b9319" />
      <TestMethod codeBase="C:\Projekty\MSTestProject\bin\Debug\netcoreapp3.1\MSTestProject.dll" adapterTypeName="executor://mstestadapter/v2" className="TwojeWesele.Services.Helpers.Tests.CurrencyHelperTests" name="FormatToStringTest1000" />
    </UnitTest>
    <UnitTest name="FormatToStringTest1000 (9750.134289915735,9750.13 zł)" storage="c:\projekty\mstestproject\bin\debug\netcoreapp3.1\mstestproject.dll" id="b6d2e3c9-b577-4c46-ac12-92c2315a5359">
      <TestCategory>
        <TestCategoryItem TestCategory="Category1000" />
      </TestCategory>
      <Execution id="f5c1e606-b4e6-4a51-ad3e-f736d85c7949" />
      <TestMethod codeBase="C:\Projekty\MSTestProject\bin\Debug\netcoreapp3.1\MSTestProject.dll" adapterTypeName="executor://mstestadapter/v2" className="TwojeWesele.Services.Helpers.Tests.CurrencyHelperTests" name="FormatToStringTest1000" />
    </UnitTest>
    <UnitTest name="FormatToStringTest1000 (13844.577623300524,13844.58 zł)" storage="c:\projekty\mstestproject\bin\debug\netcoreapp3.1\mstestproject.dll" id="d23cbe92-8461-4ed1-a75f-661b4c68d477">
      <TestCategory>
        <TestCategoryItem TestCategory="Category1000" />
      </TestCategory>
      <Execution id="ed3feb61-d794-4276-a25d-f139374ca821" />
      <TestMethod codeBase="C:\Projekty\MSTestProject\bin\Debug\netcoreapp3.1\MSTestProject.dll" adapterTypeName="executor://mstestadapter/v2" className="TwojeWesele.Services.Helpers.Tests.CurrencyHelperTests" name="FormatToStringTest1000" />
    </UnitTest>
    <UnitTest name="FormatToStringTest1000 (5759.256266560991,5759.26 zł)" storage="c:\projekty\mstestproject\bin\debug\netcoreapp3.1\mstestproject.dll" id="f37f69e0-94b8-4f22-b73f-c36a4e5a7404">
      <TestCategory>
        <TestCategoryItem TestCategory="Category1000" />
      </TestCategory>
      <Execution id="1955e8ab-6ac7-4744-a878-7a0dc7bf3aa9" />
      <TestMethod codeBase="C:\Projekty\MSTestProject\bin\Debug\netcoreapp3.1\MSTestProject.dll" adapterTypeName="executor://mstestadapter/v2" className="TwojeWesele.Services.Helpers.Tests.CurrencyHelperTests" name="FormatToStringTest1000" />
    </UnitTest>
    <UnitTest name="FormatToStringTest1000 (33206.73122987837,33206.73 zł)" storage="c:\projekty\mstestproject\bin\debug\netcoreapp3.1\mstestproject.dll" id="e9a03791-0fcd-43a5-a4a7-124e2a9bfc44">
      <TestCategory>
        <TestCategoryItem TestCategory="Category1000" />
      </TestCategory>
      <Execution id="d3837963-1594-4bf8-a46a-62bf3be762b3" />
      <TestMethod codeBase="C:\Projekty\MSTestProject\bin\Debug\netcoreapp3.1\MSTestProject.dll" adapterTypeName="executor://mstestadapter/v2" className="TwojeWesele.Services.Helpers.Tests.CurrencyHelperTests" name="FormatToStringTest1000" />
    </UnitTest>
    <UnitTest name="FormatToStringTest1000 (63507.32603545455,63507.33 zł)" storage="c:\projekty\mstestproject\bin\debug\netcoreapp3.1\mstestproject.dll" id="58e7522f-8948-4501-a32b-c66b71b4e022">
      <TestCategory>
        <TestCategoryItem TestCategory="Category1000" />
      </TestCategory>
      <Execution id="55968f98-8c61-4d57-8d21-38b8722abfe2" />
      <TestMethod codeBase="C:\Projekty\MSTestProject\bin\Debug\netcoreapp3.1\MSTestProject.dll" adapterTypeName="executor://mstestadapter/v2" className="TwojeWesele.Services.Helpers.Tests.CurrencyHelperTests" name="FormatToStringTest1000" />
    </UnitTest>
    <UnitTest name="FormatToStringTest1000 (1130.8119115372242,1130.81 zł)" storage="c:\projekty\mstestproject\bin\debug\netcoreapp3.1\mstestproject.dll" id="da4d7b69-d440-4daf-b654-39d8ee190573">
      <TestCategory>
        <TestCategoryItem TestCategory="Category1000" />
      </TestCategory>
      <Execution id="ef329986-2565-4ada-b0fa-485f4dd0277e" />
      <TestMethod codeBase="C:\Projekty\MSTestProject\bin\Debug\netcoreapp3.1\MSTestProject.dll" adapterTypeName="executor://mstestadapter/v2" className="TwojeWesele.Services.Helpers.Tests.CurrencyHelperTests" name="FormatToStringTest1000" />
    </UnitTest>
    <UnitTest name="FormatToStringTest1000 (15624.452361264477,15624.45 zł)" storage="c:\projekty\mstestproject\bin\debug\netcoreapp3.1\mstestproject.dll" id="83c43eba-99e9-46fd-bc63-6eefba3e9f0c">
      <TestCategory>
        <TestCategoryItem TestCategory="Category1000" />
      </TestCategory>
      <Execution id="7b3c09c4-4ae8-4501-99b5-3893c02b4c8c" />
      <TestMethod codeBase="C:\Projekty\MSTestProject\bin\Debug\netcoreapp3.1\MSTestProject.dll" adapterTypeName="executor://mstestadapter/v2" className="TwojeWesele.Services.Helpers.Tests.CurrencyHelperTests" name="FormatToStringTest1000" />
    </UnitTest>
    <UnitTest name="FormatToStringTest1000 (10501.127379151585,10501.13 zł)" storage="c:\projekty\mstestproject\bin\debug\netcoreapp3.1\mstestproject.dll" id="30364d54-5c75-4dee-9485-0c18dace2282">
      <TestCategory>
        <TestCategoryItem TestCategory="Category1000" />
      </TestCategory>
      <Execution id="dcc6092c-fa42-4562-be31-3d05c5a16906" />
      <TestMethod codeBase="C:\Projekty\MSTestProject\bin\Debug\netcoreapp3.1\MSTestProject.dll" adapterTypeName="executor://mstestadapter/v2" className="TwojeWesele.Services.Helpers.Tests.CurrencyHelperTests" name="FormatToStringTest1000" />
    </UnitTest>
    <UnitTest name="FormatToStringTest1000 (75915.01943546813,75915.02 zł)" storage="c:\projekty\mstestproject\bin\debug\netcoreapp3.1\mstestproject.dll" id="2abd9cc1-dc96-4b6f-8115-794ba8b3810c">
      <TestCategory>
        <TestCategoryItem TestCategory="Category1000" />
      </TestCategory>
      <Execution id="c6d61d63-2183-4a67-9736-fd2141a3aff2" />
      <TestMethod codeBase="C:\Projekty\MSTestProject\bin\Debug\netcoreapp3.1\MSTestProject.dll" adapterTypeName="executor://mstestadapter/v2" className="TwojeWesele.Services.Helpers.Tests.CurrencyHelperTests" name="FormatToStringTest1000" />
    </UnitTest>
    <UnitTest name="FormatToStringTest1000 (480.2082316857801,480.21 zł)" storage="c:\projekty\mstestproject\bin\debug\netcoreapp3.1\mstestproject.dll" id="2dfe090b-7f5d-4b87-93f5-f2546724a70e">
      <TestCategory>
        <TestCategoryItem TestCategory="Category1000" />
      </TestCategory>
      <Execution id="25307544-1161-4a48-aed4-cc449cff4a79" />
      <TestMethod codeBase="C:\Projekty\MSTestProject\bin\Debug\netcoreapp3.1\MSTestProject.dll" adapterTypeName="executor://mstestadapter/v2" className="TwojeWesele.Services.Helpers.Tests.CurrencyHelperTests" name="FormatToStringTest1000" />
    </UnitTest>
    <UnitTest name="FormatToStringTest1000 (14475.498583194567,14475.50 zł)" storage="c:\projekty\mstestproject\bin\debug\netcoreapp3.1\mstestproject.dll" id="d6a04346-154d-4594-9f23-2d5b8f4f02ce">
      <TestCategory>
        <TestCategoryItem TestCategory="Category1000" />
      </TestCategory>
      <Execution id="895c7a7e-2b00-4782-85fe-7f6a19b790b2" />
      <TestMethod codeBase="C:\Projekty\MSTestProject\bin\Debug\netcoreapp3.1\MSTestProject.dll" adapterTypeName="executor://mstestadapter/v2" className="TwojeWesele.Services.Helpers.Tests.CurrencyHelperTests" name="FormatToStringTest1000" />
    </UnitTest>
    <UnitTest name="FormatToStringTest1000 (56378.261944644735,56378.26 zł)" storage="c:\projekty\mstestproject\bin\debug\netcoreapp3.1\mstestproject.dll" id="daf98ee6-76d4-41d7-b084-e3a1e3de0a2a">
      <TestCategory>
        <TestCategoryItem TestCategory="Category1000" />
      </TestCategory>
      <Execution id="e43fc107-a7ac-4b24-8156-cd2d72d3d541" />
      <TestMethod codeBase="C:\Projekty\MSTestProject\bin\Debug\netcoreapp3.1\MSTestProject.dll" adapterTypeName="executor://mstestadapter/v2" className="TwojeWesele.Services.Helpers.Tests.CurrencyHelperTests" name="FormatToStringTest1000" />
    </UnitTest>
    <UnitTest name="FormatToStringTest1000 (9994.9471861026,9994.95 zł)" storage="c:\projekty\mstestproject\bin\debug\netcoreapp3.1\mstestproject.dll" id="faeeb037-8609-4d3a-b734-a47db31706ea">
      <TestCategory>
        <TestCategoryItem TestCategory="Category1000" />
      </TestCategory>
      <Execution id="91d0ac9d-be93-44fd-a346-54a92e371d80" />
      <TestMethod codeBase="C:\Projekty\MSTestProject\bin\Debug\netcoreapp3.1\MSTestProject.dll" adapterTypeName="executor://mstestadapter/v2" className="TwojeWesele.Services.Helpers.Tests.CurrencyHelperTests" name="FormatToStringTest1000" />
    </UnitTest>
    <UnitTest name="FormatToStringTest1000 (16511.26921423537,16511.27 zł)" storage="c:\projekty\mstestproject\bin\debug\netcoreapp3.1\mstestproject.dll" id="bf546e26-8a09-4909-896e-2d0db111a4ab">
      <TestCategory>
        <TestCategoryItem TestCategory="Category1000" />
      </TestCategory>
      <Execution id="9cca3688-6fb8-4378-92a3-0f8d84aea365" />
      <TestMethod codeBase="C:\Projekty\MSTestProject\bin\Debug\netcoreapp3.1\MSTestProject.dll" adapterTypeName="executor://mstestadapter/v2" className="TwojeWesele.Services.Helpers.Tests.CurrencyHelperTests" name="FormatToStringTest1000" />
    </UnitTest>
    <UnitTest name="FormatToStringTest1000 (14867.726341984107,14867.73 zł)" storage="c:\projekty\mstestproject\bin\debug\netcoreapp3.1\mstestproject.dll" id="e7a9aa68-57a1-4b81-afe0-952a301003c8">
      <TestCategory>
        <TestCategoryItem TestCategory="Category1000" />
      </TestCategory>
      <Execution id="5e26ac56-1968-455f-83eb-2741e72fc801" />
      <TestMethod codeBase="C:\Projekty\MSTestProject\bin\Debug\netcoreapp3.1\MSTestProject.dll" adapterTypeName="executor://mstestadapter/v2" className="TwojeWesele.Services.Helpers.Tests.CurrencyHelperTests" name="FormatToStringTest1000" />
    </UnitTest>
    <UnitTest name="FormatToStringTest1000 (918.1842976688334,918.18 zł)" storage="c:\projekty\mstestproject\bin\debug\netcoreapp3.1\mstestproject.dll" id="d82e01ce-1705-4f57-9a2c-a684342355c2">
      <TestCategory>
        <TestCategoryItem TestCategory="Category1000" />
      </TestCategory>
      <Execution id="bbee842e-ea2b-4abd-8940-aefb66bb7b95" />
      <TestMethod codeBase="C:\Projekty\MSTestProject\bin\Debug\netcoreapp3.1\MSTestProject.dll" adapterTypeName="executor://mstestadapter/v2" className="TwojeWesele.Services.Helpers.Tests.CurrencyHelperTests" name="FormatToStringTest1000" />
    </UnitTest>
    <UnitTest name="FormatToStringTest1000 (32213.734885384205,32213.73 zł)" storage="c:\projekty\mstestproject\bin\debug\netcoreapp3.1\mstestproject.dll" id="deddacef-1983-428a-bede-fcf556efa5a3">
      <TestCategory>
        <TestCategoryItem TestCategory="Category1000" />
      </TestCategory>
      <Execution id="0912bd55-6afd-4128-b5fe-1d2acea2a962" />
      <TestMethod codeBase="C:\Projekty\MSTestProject\bin\Debug\netcoreapp3.1\MSTestProject.dll" adapterTypeName="executor://mstestadapter/v2" className="TwojeWesele.Services.Helpers.Tests.CurrencyHelperTests" name="FormatToStringTest1000" />
    </UnitTest>
    <UnitTest name="FormatToStringTest1000 (6550.421588937948,6550.42 zł)" storage="c:\projekty\mstestproject\bin\debug\netcoreapp3.1\mstestproject.dll" id="8bc09f4f-c5f7-4b4d-b9ad-c1ed23bb501b">
      <TestCategory>
        <TestCategoryItem TestCategory="Category1000" />
      </TestCategory>
      <Execution id="c996dedc-5502-43c6-add0-ebb5f27193f6" />
      <TestMethod codeBase="C:\Projekty\MSTestProject\bin\Debug\netcoreapp3.1\MSTestProject.dll" adapterTypeName="executor://mstestadapter/v2" className="TwojeWesele.Services.Helpers.Tests.CurrencyHelperTests" name="FormatToStringTest1000" />
    </UnitTest>
    <UnitTest name="FormatToStringTest1000 (1898.24149096489,1898.24 zł)" storage="c:\projekty\mstestproject\bin\debug\netcoreapp3.1\mstestproject.dll" id="e902fb98-5a57-4926-8efc-80ea20c3e339">
      <TestCategory>
        <TestCategoryItem TestCategory="Category1000" />
      </TestCategory>
      <Execution id="4d758494-4ca8-4cb8-9f7f-9159dba476e6" />
      <TestMethod codeBase="C:\Projekty\MSTestProject\bin\Debug\netcoreapp3.1\MSTestProject.dll" adapterTypeName="executor://mstestadapter/v2" className="TwojeWesele.Services.Helpers.Tests.CurrencyHelperTests" name="FormatToStringTest1000" />
    </UnitTest>
    <UnitTest name="FormatToStringTest1000 (61633.2671179945,61633.27 zł)" storage="c:\projekty\mstestproject\bin\debug\netcoreapp3.1\mstestproject.dll" id="4d824542-9571-4a2b-9543-0716ff1624a8">
      <TestCategory>
        <TestCategoryItem TestCategory="Category1000" />
      </TestCategory>
      <Execution id="51dd5581-e19e-421f-938f-cebc450f2b78" />
      <TestMethod codeBase="C:\Projekty\MSTestProject\bin\Debug\netcoreapp3.1\MSTestProject.dll" adapterTypeName="executor://mstestadapter/v2" className="TwojeWesele.Services.Helpers.Tests.CurrencyHelperTests" name="FormatToStringTest1000" />
    </UnitTest>
    <UnitTest name="FormatToStringTest1000 (21728.91641959963,21728.92 zł)" storage="c:\projekty\mstestproject\bin\debug\netcoreapp3.1\mstestproject.dll" id="1bcaebc4-b76e-42f7-b809-defef03c024a">
      <TestCategory>
        <TestCategoryItem TestCategory="Category1000" />
      </TestCategory>
      <Execution id="0a6de96c-43ba-47f8-b337-a9c907bbb3d9" />
      <TestMethod codeBase="C:\Projekty\MSTestProject\bin\Debug\netcoreapp3.1\MSTestProject.dll" adapterTypeName="executor://mstestadapter/v2" className="TwojeWesele.Services.Helpers.Tests.CurrencyHelperTests" name="FormatToStringTest1000" />
    </UnitTest>
    <UnitTest name="FormatToStringTest1000 (16902.50568789314,16902.51 zł)" storage="c:\projekty\mstestproject\bin\debug\netcoreapp3.1\mstestproject.dll" id="77472ea7-b66a-447e-b32b-fdd0111f422c">
      <TestCategory>
        <TestCategoryItem TestCategory="Category1000" />
      </TestCategory>
      <Execution id="8802b030-1b6a-44c6-a0d6-b35e9b305913" />
      <TestMethod codeBase="C:\Projekty\MSTestProject\bin\Debug\netcoreapp3.1\MSTestProject.dll" adapterTypeName="executor://mstestadapter/v2" className="TwojeWesele.Services.Helpers.Tests.CurrencyHelperTests" name="FormatToStringTest1000" />
    </UnitTest>
    <UnitTest name="FormatToStringTest1000 (17455.15807988595,17455.16 zł)" storage="c:\projekty\mstestproject\bin\debug\netcoreapp3.1\mstestproject.dll" id="384b2828-5e4b-42ed-800e-f606bf83d174">
      <TestCategory>
        <TestCategoryItem TestCategory="Category1000" />
      </TestCategory>
      <Execution id="9ff0d3ff-5a70-4b97-a865-02f53495c192" />
      <TestMethod codeBase="C:\Projekty\MSTestProject\bin\Debug\netcoreapp3.1\MSTestProject.dll" adapterTypeName="executor://mstestadapter/v2" className="TwojeWesele.Services.Helpers.Tests.CurrencyHelperTests" name="FormatToStringTest1000" />
    </UnitTest>
    <UnitTest name="FormatToStringTest1000 (28972.23604401212,28972.24 zł)" storage="c:\projekty\mstestproject\bin\debug\netcoreapp3.1\mstestproject.dll" id="268cea53-f6af-4bee-91a4-db02456286dd">
      <TestCategory>
        <TestCategoryItem TestCategory="Category1000" />
      </TestCategory>
      <Execution id="5af89cf5-6c10-477e-9d00-7570d9534665" />
      <TestMethod codeBase="C:\Projekty\MSTestProject\bin\Debug\netcoreapp3.1\MSTestProject.dll" adapterTypeName="executor://mstestadapter/v2" className="TwojeWesele.Services.Helpers.Tests.CurrencyHelperTests" name="FormatToStringTest1000" />
    </UnitTest>
    <UnitTest name="FormatToStringTest1000 (24308.26523149212,24308.27 zł)" storage="c:\projekty\mstestproject\bin\debug\netcoreapp3.1\mstestproject.dll" id="4866bf1d-4059-46b2-81c1-b95a6b9ebc1c">
      <TestCategory>
        <TestCategoryItem TestCategory="Category1000" />
      </TestCategory>
      <Execution id="cad63c7f-5abe-4d75-8e48-571ccbfa7a8a" />
      <TestMethod codeBase="C:\Projekty\MSTestProject\bin\Debug\netcoreapp3.1\MSTestProject.dll" adapterTypeName="executor://mstestadapter/v2" className="TwojeWesele.Services.Helpers.Tests.CurrencyHelperTests" name="FormatToStringTest1000" />
    </UnitTest>
    <UnitTest name="FormatToStringTest1000 (2444.4726240530017,2444.47 zł)" storage="c:\projekty\mstestproject\bin\debug\netcoreapp3.1\mstestproject.dll" id="17875293-8923-4589-b420-6279bfdc7745">
      <TestCategory>
        <TestCategoryItem TestCategory="Category1000" />
      </TestCategory>
      <Execution id="eeffabe6-48ca-4c4a-a91e-6ed2f306b7bb" />
      <TestMethod codeBase="C:\Projekty\MSTestProject\bin\Debug\netcoreapp3.1\MSTestProject.dll" adapterTypeName="executor://mstestadapter/v2" className="TwojeWesele.Services.Helpers.Tests.CurrencyHelperTests" name="FormatToStringTest1000" />
    </UnitTest>
    <UnitTest name="FormatToStringTest1000 (21996.80326662576,21996.80 zł)" storage="c:\projekty\mstestproject\bin\debug\netcoreapp3.1\mstestproject.dll" id="8683736a-0b23-4f9c-92bf-fca1ba29b95c">
      <TestCategory>
        <TestCategoryItem TestCategory="Category1000" />
      </TestCategory>
      <Execution id="fe22c17e-3a96-48bb-8c55-1368c36833d5" />
      <TestMethod codeBase="C:\Projekty\MSTestProject\bin\Debug\netcoreapp3.1\MSTestProject.dll" adapterTypeName="executor://mstestadapter/v2" className="TwojeWesele.Services.Helpers.Tests.CurrencyHelperTests" name="FormatToStringTest1000" />
    </UnitTest>
    <UnitTest name="FormatToStringTest1000 (33245.44763357819,33245.45 zł)" storage="c:\projekty\mstestproject\bin\debug\netcoreapp3.1\mstestproject.dll" id="51d89889-75ef-404d-a73d-7e57e97500c7">
      <TestCategory>
        <TestCategoryItem TestCategory="Category1000" />
      </TestCategory>
      <Execution id="f2ffdb03-3c65-47e0-b48b-bb4c9e592596" />
      <TestMethod codeBase="C:\Projekty\MSTestProject\bin\Debug\netcoreapp3.1\MSTestProject.dll" adapterTypeName="executor://mstestadapter/v2" className="TwojeWesele.Services.Helpers.Tests.CurrencyHelperTests" name="FormatToStringTest1000" />
    </UnitTest>
    <UnitTest name="FormatToStringTest1000 (10461.455048841171,10461.46 zł)" storage="c:\projekty\mstestproject\bin\debug\netcoreapp3.1\mstestproject.dll" id="d2c0256f-2051-419a-b1e1-9b2004803bf8">
      <TestCategory>
        <TestCategoryItem TestCategory="Category1000" />
      </TestCategory>
      <Execution id="b3068d0f-d758-4cc9-8071-5af40525a393" />
      <TestMethod codeBase="C:\Projekty\MSTestProject\bin\Debug\netcoreapp3.1\MSTestProject.dll" adapterTypeName="executor://mstestadapter/v2" className="TwojeWesele.Services.Helpers.Tests.CurrencyHelperTests" name="FormatToStringTest1000" />
    </UnitTest>
    <UnitTest name="FormatToStringTest1000 (17232.486162219426,17232.49 zł)" storage="c:\projekty\mstestproject\bin\debug\netcoreapp3.1\mstestproject.dll" id="3afc9980-ef38-4de9-aee3-2096361a7c00">
      <TestCategory>
        <TestCategoryItem TestCategory="Category1000" />
      </TestCategory>
      <Execution id="788c911b-1ed1-478a-accf-8873ef8d5c83" />
      <TestMethod codeBase="C:\Projekty\MSTestProject\bin\Debug\netcoreapp3.1\MSTestProject.dll" adapterTypeName="executor://mstestadapter/v2" className="TwojeWesele.Services.Helpers.Tests.CurrencyHelperTests" name="FormatToStringTest1000" />
    </UnitTest>
    <UnitTest name="FormatToStringTest1000 (40857.08543233996,40857.09 zł)" storage="c:\projekty\mstestproject\bin\debug\netcoreapp3.1\mstestproject.dll" id="a8671060-d0cc-40c7-bdc2-db2ffe31b609">
      <TestCategory>
        <TestCategoryItem TestCategory="Category1000" />
      </TestCategory>
      <Execution id="1abcf9e8-08ca-490a-8bfb-fce06dfbaad5" />
      <TestMethod codeBase="C:\Projekty\MSTestProject\bin\Debug\netcoreapp3.1\MSTestProject.dll" adapterTypeName="executor://mstestadapter/v2" className="TwojeWesele.Services.Helpers.Tests.CurrencyHelperTests" name="FormatToStringTest1000" />
    </UnitTest>
    <UnitTest name="FormatToStringTest1000 (72703.4365723503,72703.44 zł)" storage="c:\projekty\mstestproject\bin\debug\netcoreapp3.1\mstestproject.dll" id="10b0bac8-0d6e-443d-b59a-f35d773e9bdd">
      <TestCategory>
        <TestCategoryItem TestCategory="Category1000" />
      </TestCategory>
      <Execution id="796dc6fd-a9b1-4906-b7d9-d2cfde9c410e" />
      <TestMethod codeBase="C:\Projekty\MSTestProject\bin\Debug\netcoreapp3.1\MSTestProject.dll" adapterTypeName="executor://mstestadapter/v2" className="TwojeWesele.Services.Helpers.Tests.CurrencyHelperTests" name="FormatToStringTest1000" />
    </UnitTest>
    <UnitTest name="FormatToStringTest1000 (39531.95190033268,39531.95 zł)" storage="c:\projekty\mstestproject\bin\debug\netcoreapp3.1\mstestproject.dll" id="8c98aec5-81a1-456e-9d21-9695d5c75c9b">
      <TestCategory>
        <TestCategoryItem TestCategory="Category1000" />
      </TestCategory>
      <Execution id="2162d67b-4dfb-4063-a4a2-9c83d5e34403" />
      <TestMethod codeBase="C:\Projekty\MSTestProject\bin\Debug\netcoreapp3.1\MSTestProject.dll" adapterTypeName="executor://mstestadapter/v2" className="TwojeWesele.Services.Helpers.Tests.CurrencyHelperTests" name="FormatToStringTest1000" />
    </UnitTest>
    <UnitTest name="FormatToStringTest1000 (11022.594234092438,11022.59 zł)" storage="c:\projekty\mstestproject\bin\debug\netcoreapp3.1\mstestproject.dll" id="70b84b80-e683-4ba2-a51a-acdbe2334f04">
      <TestCategory>
        <TestCategoryItem TestCategory="Category1000" />
      </TestCategory>
      <Execution id="5516bd40-dae7-483b-9a2e-63c69353a222" />
      <TestMethod codeBase="C:\Projekty\MSTestProject\bin\Debug\netcoreapp3.1\MSTestProject.dll" adapterTypeName="executor://mstestadapter/v2" className="TwojeWesele.Services.Helpers.Tests.CurrencyHelperTests" name="FormatToStringTest1000" />
    </UnitTest>
    <UnitTest name="FormatToStringTest1000 (8211.920994553679,8211.92 zł)" storage="c:\projekty\mstestproject\bin\debug\netcoreapp3.1\mstestproject.dll" id="218369cc-38d5-471e-bc43-42570ca4c576">
      <TestCategory>
        <TestCategoryItem TestCategory="Category1000" />
      </TestCategory>
      <Execution id="1a6c5ade-4581-439e-9549-688dd6ab23c1" />
      <TestMethod codeBase="C:\Projekty\MSTestProject\bin\Debug\netcoreapp3.1\MSTestProject.dll" adapterTypeName="executor://mstestadapter/v2" className="TwojeWesele.Services.Helpers.Tests.CurrencyHelperTests" name="FormatToStringTest1000" />
    </UnitTest>
    <UnitTest name="FormatToStringTest1000 (9774.341362926803,9774.34 zł)" storage="c:\projekty\mstestproject\bin\debug\netcoreapp3.1\mstestproject.dll" id="1a7f1f8b-62b5-4230-b691-c41f82ebb7aa">
      <TestCategory>
        <TestCategoryItem TestCategory="Category1000" />
      </TestCategory>
      <Execution id="640018c6-a809-49c9-a2d1-48d58eeff527" />
      <TestMethod codeBase="C:\Projekty\MSTestProject\bin\Debug\netcoreapp3.1\MSTestProject.dll" adapterTypeName="executor://mstestadapter/v2" className="TwojeWesele.Services.Helpers.Tests.CurrencyHelperTests" name="FormatToStringTest1000" />
    </UnitTest>
    <UnitTest name="FormatToStringTest1000 (16208.076866391615,16208.08 zł)" storage="c:\projekty\mstestproject\bin\debug\netcoreapp3.1\mstestproject.dll" id="96dc8df8-ddf7-424a-a9ea-a601df4d4b7e">
      <TestCategory>
        <TestCategoryItem TestCategory="Category1000" />
      </TestCategory>
      <Execution id="2c486bcb-213a-4584-8f52-46837636d23f" />
      <TestMethod codeBase="C:\Projekty\MSTestProject\bin\Debug\netcoreapp3.1\MSTestProject.dll" adapterTypeName="executor://mstestadapter/v2" className="TwojeWesele.Services.Helpers.Tests.CurrencyHelperTests" name="FormatToStringTest1000" />
    </UnitTest>
    <UnitTest name="FormatToStringTest1000 (8242.419043611,8242.42 zł)" storage="c:\projekty\mstestproject\bin\debug\netcoreapp3.1\mstestproject.dll" id="0bfa80b2-bd23-4f33-a5fa-b08d201553bb">
      <TestCategory>
        <TestCategoryItem TestCategory="Category1000" />
      </TestCategory>
      <Execution id="8dd73236-644e-458d-82a2-b2bd61545edf" />
      <TestMethod codeBase="C:\Projekty\MSTestProject\bin\Debug\netcoreapp3.1\MSTestProject.dll" adapterTypeName="executor://mstestadapter/v2" className="TwojeWesele.Services.Helpers.Tests.CurrencyHelperTests" name="FormatToStringTest1000" />
    </UnitTest>
    <UnitTest name="FormatToStringTest1000 (7119.076353227755,7119.08 zł)" storage="c:\projekty\mstestproject\bin\debug\netcoreapp3.1\mstestproject.dll" id="3fc1c7c4-e0dd-450e-83bc-1c3997215cc4">
      <TestCategory>
        <TestCategoryItem TestCategory="Category1000" />
      </TestCategory>
      <Execution id="41b9def8-b5db-4aa0-a342-3e9650665f59" />
      <TestMethod codeBase="C:\Projekty\MSTestProject\bin\Debug\netcoreapp3.1\MSTestProject.dll" adapterTypeName="executor://mstestadapter/v2" className="TwojeWesele.Services.Helpers.Tests.CurrencyHelperTests" name="FormatToStringTest1000" />
    </UnitTest>
    <UnitTest name="FormatToStringTest1000 (96.75594581512546,96.76 zł)" storage="c:\projekty\mstestproject\bin\debug\netcoreapp3.1\mstestproject.dll" id="97439035-dbc2-4d31-924f-3ad6b04cb5a7">
      <TestCategory>
        <TestCategoryItem TestCategory="Category1000" />
      </TestCategory>
      <Execution id="a05abc9d-6265-458d-9794-0ee5fd852ee3" />
      <TestMethod codeBase="C:\Projekty\MSTestProject\bin\Debug\netcoreapp3.1\MSTestProject.dll" adapterTypeName="executor://mstestadapter/v2" className="TwojeWesele.Services.Helpers.Tests.CurrencyHelperTests" name="FormatToStringTest1000" />
    </UnitTest>
    <UnitTest name="FormatToStringTest1000 (13337.80490493486,13337.80 zł)" storage="c:\projekty\mstestproject\bin\debug\netcoreapp3.1\mstestproject.dll" id="da1f2969-d566-40c1-8d39-32c6cde4868d">
      <TestCategory>
        <TestCategoryItem TestCategory="Category1000" />
      </TestCategory>
      <Execution id="fe5001be-ddf1-4668-a5d9-dadc68584f0c" />
      <TestMethod codeBase="C:\Projekty\MSTestProject\bin\Debug\netcoreapp3.1\MSTestProject.dll" adapterTypeName="executor://mstestadapter/v2" className="TwojeWesele.Services.Helpers.Tests.CurrencyHelperTests" name="FormatToStringTest1000" />
    </UnitTest>
    <UnitTest name="FormatToStringTest1000 (2992.6161168593057,2992.62 zł)" storage="c:\projekty\mstestproject\bin\debug\netcoreapp3.1\mstestproject.dll" id="2a8de387-1db4-443f-8560-6c5038ec5081">
      <TestCategory>
        <TestCategoryItem TestCategory="Category1000" />
      </TestCategory>
      <Execution id="b9555832-bda1-48d5-8056-8fe52d842abe" />
      <TestMethod codeBase="C:\Projekty\MSTestProject\bin\Debug\netcoreapp3.1\MSTestProject.dll" adapterTypeName="executor://mstestadapter/v2" className="TwojeWesele.Services.Helpers.Tests.CurrencyHelperTests" name="FormatToStringTest1000" />
    </UnitTest>
    <UnitTest name="FormatToStringTest1000 (6220.182014914314,6220.18 zł)" storage="c:\projekty\mstestproject\bin\debug\netcoreapp3.1\mstestproject.dll" id="6f0953a8-e389-4aef-ada3-96a9f517ada6">
      <TestCategory>
        <TestCategoryItem TestCategory="Category1000" />
      </TestCategory>
      <Execution id="a9417aef-4541-4981-aa4f-a90754395cc2" />
      <TestMethod codeBase="C:\Projekty\MSTestProject\bin\Debug\netcoreapp3.1\MSTestProject.dll" adapterTypeName="executor://mstestadapter/v2" className="TwojeWesele.Services.Helpers.Tests.CurrencyHelperTests" name="FormatToStringTest1000" />
    </UnitTest>
    <UnitTest name="FormatToStringTest1000 (34242.181005260056,34242.18 zł)" storage="c:\projekty\mstestproject\bin\debug\netcoreapp3.1\mstestproject.dll" id="78e5610f-1cbf-4cef-8ae7-5a99334e2e46">
      <TestCategory>
        <TestCategoryItem TestCategory="Category1000" />
      </TestCategory>
      <Execution id="5e5015d1-502f-4529-8ea1-b57e844140b2" />
      <TestMethod codeBase="C:\Projekty\MSTestProject\bin\Debug\netcoreapp3.1\MSTestProject.dll" adapterTypeName="executor://mstestadapter/v2" className="TwojeWesele.Services.Helpers.Tests.CurrencyHelperTests" name="FormatToStringTest1000" />
    </UnitTest>
    <UnitTest name="FormatToStringTest1000 (7182.939759099362,7182.94 zł)" storage="c:\projekty\mstestproject\bin\debug\netcoreapp3.1\mstestproject.dll" id="ef8234b0-1003-4539-a607-7a5850cc4712">
      <TestCategory>
        <TestCategoryItem TestCategory="Category1000" />
      </TestCategory>
      <Execution id="9ec5be65-642b-4807-9e5c-d6285fb593ff" />
      <TestMethod codeBase="C:\Projekty\MSTestProject\bin\Debug\netcoreapp3.1\MSTestProject.dll" adapterTypeName="executor://mstestadapter/v2" className="TwojeWesele.Services.Helpers.Tests.CurrencyHelperTests" name="FormatToStringTest1000" />
    </UnitTest>
    <UnitTest name="FormatToStringTest1000 (24768.25771770359,24768.26 zł)" storage="c:\projekty\mstestproject\bin\debug\netcoreapp3.1\mstestproject.dll" id="9ff8a616-37b9-45bf-a5f2-bf30052d2145">
      <TestCategory>
        <TestCategoryItem TestCategory="Category1000" />
      </TestCategory>
      <Execution id="8d50c007-145c-4441-a789-db5e289872a4" />
      <TestMethod codeBase="C:\Projekty\MSTestProject\bin\Debug\netcoreapp3.1\MSTestProject.dll" adapterTypeName="executor://mstestadapter/v2" className="TwojeWesele.Services.Helpers.Tests.CurrencyHelperTests" name="FormatToStringTest1000" />
    </UnitTest>
    <UnitTest name="FormatToStringTest1000 (26686.08488193065,26686.08 zł)" storage="c:\projekty\mstestproject\bin\debug\netcoreapp3.1\mstestproject.dll" id="3d576727-53bf-42d0-9f9e-7dfe4cf58d68">
      <TestCategory>
        <TestCategoryItem TestCategory="Category1000" />
      </TestCategory>
      <Execution id="a6df8be5-0c8e-4be8-af86-bad42dc6a6ab" />
      <TestMethod codeBase="C:\Projekty\MSTestProject\bin\Debug\netcoreapp3.1\MSTestProject.dll" adapterTypeName="executor://mstestadapter/v2" className="TwojeWesele.Services.Helpers.Tests.CurrencyHelperTests" name="FormatToStringTest1000" />
    </UnitTest>
    <UnitTest name="FormatToStringTest1000 (13027.93935961739,13027.94 zł)" storage="c:\projekty\mstestproject\bin\debug\netcoreapp3.1\mstestproject.dll" id="81fbbb22-d370-4da1-895a-c4a3d7d0a154">
      <TestCategory>
        <TestCategoryItem TestCategory="Category1000" />
      </TestCategory>
      <Execution id="091c0791-08e8-4eaf-9a11-4b6b292edb3d" />
      <TestMethod codeBase="C:\Projekty\MSTestProject\bin\Debug\netcoreapp3.1\MSTestProject.dll" adapterTypeName="executor://mstestadapter/v2" className="TwojeWesele.Services.Helpers.Tests.CurrencyHelperTests" name="FormatToStringTest1000" />
    </UnitTest>
    <UnitTest name="FormatToStringTest1000 (806.960597043373,806.96 zł)" storage="c:\projekty\mstestproject\bin\debug\netcoreapp3.1\mstestproject.dll" id="06ec5f30-9d46-4c1f-a5e3-6d537e22763a">
      <TestCategory>
        <TestCategoryItem TestCategory="Category1000" />
      </TestCategory>
      <Execution id="7511b9f3-d402-4d0f-8485-7021b24348b9" />
      <TestMethod codeBase="C:\Projekty\MSTestProject\bin\Debug\netcoreapp3.1\MSTestProject.dll" adapterTypeName="executor://mstestadapter/v2" className="TwojeWesele.Services.Helpers.Tests.CurrencyHelperTests" name="FormatToStringTest1000" />
    </UnitTest>
    <UnitTest name="FormatToStringTest1000 (36978.61073549213,36978.61 zł)" storage="c:\projekty\mstestproject\bin\debug\netcoreapp3.1\mstestproject.dll" id="1124f5a3-cd46-41d9-b042-b04f8ba45d72">
      <TestCategory>
        <TestCategoryItem TestCategory="Category1000" />
      </TestCategory>
      <Execution id="aebb6e79-258c-4faf-a220-538d6e11fe60" />
      <TestMethod codeBase="C:\Projekty\MSTestProject\bin\Debug\netcoreapp3.1\MSTestProject.dll" adapterTypeName="executor://mstestadapter/v2" className="TwojeWesele.Services.Helpers.Tests.CurrencyHelperTests" name="FormatToStringTest1000" />
    </UnitTest>
    <UnitTest name="FormatToStringTest1000 (13855.30239352505,13855.30 zł)" storage="c:\projekty\mstestproject\bin\debug\netcoreapp3.1\mstestproject.dll" id="4d2317fe-2202-493b-a0f6-8fd8e5172892">
      <TestCategory>
        <TestCategoryItem TestCategory="Category1000" />
      </TestCategory>
      <Execution id="7b0e1d13-1a0b-4149-aeff-f901135f1b25" />
      <TestMethod codeBase="C:\Projekty\MSTestProject\bin\Debug\netcoreapp3.1\MSTestProject.dll" adapterTypeName="executor://mstestadapter/v2" className="TwojeWesele.Services.Helpers.Tests.CurrencyHelperTests" name="FormatToStringTest1000" />
    </UnitTest>
    <UnitTest name="FormatToStringTest1000 (4411.456718280659,4411.46 zł)" storage="c:\projekty\mstestproject\bin\debug\netcoreapp3.1\mstestproject.dll" id="726620a7-ace4-4e52-93c9-2b516fd45424">
      <TestCategory>
        <TestCategoryItem TestCategory="Category1000" />
      </TestCategory>
      <Execution id="e7dc3547-867e-4a96-9076-bdfb28171f88" />
      <TestMethod codeBase="C:\Projekty\MSTestProject\bin\Debug\netcoreapp3.1\MSTestProject.dll" adapterTypeName="executor://mstestadapter/v2" className="TwojeWesele.Services.Helpers.Tests.CurrencyHelperTests" name="FormatToStringTest1000" />
    </UnitTest>
    <UnitTest name="FormatToStringTest1000 (15742.409864349947,15742.41 zł)" storage="c:\projekty\mstestproject\bin\debug\netcoreapp3.1\mstestproject.dll" id="5562d494-4125-4962-9f0d-217a1dac3da8">
      <TestCategory>
        <TestCategoryItem TestCategory="Category1000" />
      </TestCategory>
      <Execution id="4dab61fe-daf4-4362-998e-3dba64e75d9d" />
      <TestMethod codeBase="C:\Projekty\MSTestProject\bin\Debug\netcoreapp3.1\MSTestProject.dll" adapterTypeName="executor://mstestadapter/v2" className="TwojeWesele.Services.Helpers.Tests.CurrencyHelperTests" name="FormatToStringTest1000" />
    </UnitTest>
    <UnitTest name="FormatToStringTest1000 (50550.645020282194,50550.65 zł)" storage="c:\projekty\mstestproject\bin\debug\netcoreapp3.1\mstestproject.dll" id="7f09cdda-a81f-40a8-9fe8-dd2991d60db1">
      <TestCategory>
        <TestCategoryItem TestCategory="Category1000" />
      </TestCategory>
      <Execution id="cd54ccd6-65fd-4d5d-bc7e-a37f79cc7888" />
      <TestMethod codeBase="C:\Projekty\MSTestProject\bin\Debug\netcoreapp3.1\MSTestProject.dll" adapterTypeName="executor://mstestadapter/v2" className="TwojeWesele.Services.Helpers.Tests.CurrencyHelperTests" name="FormatToStringTest1000" />
    </UnitTest>
    <UnitTest name="FormatToStringTest1000 (75214.75000876503,75214.75 zł)" storage="c:\projekty\mstestproject\bin\debug\netcoreapp3.1\mstestproject.dll" id="d84f53e3-4cd4-4296-b5df-dbd12e8aca89">
      <TestCategory>
        <TestCategoryItem TestCategory="Category1000" />
      </TestCategory>
      <Execution id="9a4300fb-09c9-4193-a2e3-efcfd30b17aa" />
      <TestMethod codeBase="C:\Projekty\MSTestProject\bin\Debug\netcoreapp3.1\MSTestProject.dll" adapterTypeName="executor://mstestadapter/v2" className="TwojeWesele.Services.Helpers.Tests.CurrencyHelperTests" name="FormatToStringTest1000" />
    </UnitTest>
    <UnitTest name="FormatToStringTest1000 (11118.620997698335,11118.62 zł)" storage="c:\projekty\mstestproject\bin\debug\netcoreapp3.1\mstestproject.dll" id="c1099c28-fa0c-4e0d-9600-619a1d8c66af">
      <TestCategory>
        <TestCategoryItem TestCategory="Category1000" />
      </TestCategory>
      <Execution id="c3889051-6aa5-47a5-aa28-c729589600b3" />
      <TestMethod codeBase="C:\Projekty\MSTestProject\bin\Debug\netcoreapp3.1\MSTestProject.dll" adapterTypeName="executor://mstestadapter/v2" className="TwojeWesele.Services.Helpers.Tests.CurrencyHelperTests" name="FormatToStringTest1000" />
    </UnitTest>
    <UnitTest name="FormatToStringTest1000 (24957.469502810607,24957.47 zł)" storage="c:\projekty\mstestproject\bin\debug\netcoreapp3.1\mstestproject.dll" id="d2079169-3bde-42a6-a5da-546cf7503d36">
      <TestCategory>
        <TestCategoryItem TestCategory="Category1000" />
      </TestCategory>
      <Execution id="34853dcb-5f9b-40c7-b782-ccfc8a835687" />
      <TestMethod codeBase="C:\Projekty\MSTestProject\bin\Debug\netcoreapp3.1\MSTestProject.dll" adapterTypeName="executor://mstestadapter/v2" className="TwojeWesele.Services.Helpers.Tests.CurrencyHelperTests" name="FormatToStringTest1000" />
    </UnitTest>
    <UnitTest name="FormatToStringTest1000 (26174.290999793586,26174.29 zł)" storage="c:\projekty\mstestproject\bin\debug\netcoreapp3.1\mstestproject.dll" id="d8ad1fc9-0c89-4329-9a27-082681d744a9">
      <TestCategory>
        <TestCategoryItem TestCategory="Category1000" />
      </TestCategory>
      <Execution id="a6df8098-746c-471c-99f2-76625078600c" />
      <TestMethod codeBase="C:\Projekty\MSTestProject\bin\Debug\netcoreapp3.1\MSTestProject.dll" adapterTypeName="executor://mstestadapter/v2" className="TwojeWesele.Services.Helpers.Tests.CurrencyHelperTests" name="FormatToStringTest1000" />
    </UnitTest>
    <UnitTest name="FormatToStringTest1000 (3092.9215945624383,3092.92 zł)" storage="c:\projekty\mstestproject\bin\debug\netcoreapp3.1\mstestproject.dll" id="636f62ca-983b-454a-9a98-edb5587267db">
      <TestCategory>
        <TestCategoryItem TestCategory="Category1000" />
      </TestCategory>
      <Execution id="aa18be68-1093-4562-a04d-ef607eb4c6ba" />
      <TestMethod codeBase="C:\Projekty\MSTestProject\bin\Debug\netcoreapp3.1\MSTestProject.dll" adapterTypeName="executor://mstestadapter/v2" className="TwojeWesele.Services.Helpers.Tests.CurrencyHelperTests" name="FormatToStringTest1000" />
    </UnitTest>
    <UnitTest name="FormatToStringTest1000 (19463.08761954917,19463.09 zł)" storage="c:\projekty\mstestproject\bin\debug\netcoreapp3.1\mstestproject.dll" id="e7ebc8ff-7741-4c55-b73f-98c419a9cbec">
      <TestCategory>
        <TestCategoryItem TestCategory="Category1000" />
      </TestCategory>
      <Execution id="d1fc8a18-7544-459f-bf0e-8a03882fbf84" />
      <TestMethod codeBase="C:\Projekty\MSTestProject\bin\Debug\netcoreapp3.1\MSTestProject.dll" adapterTypeName="executor://mstestadapter/v2" className="TwojeWesele.Services.Helpers.Tests.CurrencyHelperTests" name="FormatToStringTest1000" />
    </UnitTest>
    <UnitTest name="FormatToStringTest1000 (25039.088753207627,25039.09 zł)" storage="c:\projekty\mstestproject\bin\debug\netcoreapp3.1\mstestproject.dll" id="2c50d99e-7797-4be9-82e2-8d25cbf62850">
      <TestCategory>
        <TestCategoryItem TestCategory="Category1000" />
      </TestCategory>
      <Execution id="b2209069-d242-445b-9397-2d645ddf0374" />
      <TestMethod codeBase="C:\Projekty\MSTestProject\bin\Debug\netcoreapp3.1\MSTestProject.dll" adapterTypeName="executor://mstestadapter/v2" className="TwojeWesele.Services.Helpers.Tests.CurrencyHelperTests" name="FormatToStringTest1000" />
    </UnitTest>
    <UnitTest name="FormatToStringTest1000 (59283.48311990662,59283.48 zł)" storage="c:\projekty\mstestproject\bin\debug\netcoreapp3.1\mstestproject.dll" id="be251057-c7e1-4d04-a9ea-09a701191368">
      <TestCategory>
        <TestCategoryItem TestCategory="Category1000" />
      </TestCategory>
      <Execution id="ad90bc90-4e6f-4ac1-b9af-a4ce76a604c5" />
      <TestMethod codeBase="C:\Projekty\MSTestProject\bin\Debug\netcoreapp3.1\MSTestProject.dll" adapterTypeName="executor://mstestadapter/v2" className="TwojeWesele.Services.Helpers.Tests.CurrencyHelperTests" name="FormatToStringTest1000" />
    </UnitTest>
    <UnitTest name="FormatToStringTest1000 (16190.113943164757,16190.11 zł)" storage="c:\projekty\mstestproject\bin\debug\netcoreapp3.1\mstestproject.dll" id="76223a92-7017-4754-a997-0e98c4283e8b">
      <TestCategory>
        <TestCategoryItem TestCategory="Category1000" />
      </TestCategory>
      <Execution id="b4a422f1-cfbb-4f98-bd4b-f6c7b547147d" />
      <TestMethod codeBase="C:\Projekty\MSTestProject\bin\Debug\netcoreapp3.1\MSTestProject.dll" adapterTypeName="executor://mstestadapter/v2" className="TwojeWesele.Services.Helpers.Tests.CurrencyHelperTests" name="FormatToStringTest1000" />
    </UnitTest>
    <UnitTest name="FormatToStringTest1000 (78796.90433980194,78796.90 zł)" storage="c:\projekty\mstestproject\bin\debug\netcoreapp3.1\mstestproject.dll" id="ae7a3928-0394-421a-a30d-3aa4c614f540">
      <TestCategory>
        <TestCategoryItem TestCategory="Category1000" />
      </TestCategory>
      <Execution id="9de89469-7f14-48b0-887c-9384f7f2a75e" />
      <TestMethod codeBase="C:\Projekty\MSTestProject\bin\Debug\netcoreapp3.1\MSTestProject.dll" adapterTypeName="executor://mstestadapter/v2" className="TwojeWesele.Services.Helpers.Tests.CurrencyHelperTests" name="FormatToStringTest1000" />
    </UnitTest>
    <UnitTest name="FormatToStringTest1000 (4715.320654313695,4715.32 zł)" storage="c:\projekty\mstestproject\bin\debug\netcoreapp3.1\mstestproject.dll" id="77576368-7853-47cb-b454-0eea58845be8">
      <TestCategory>
        <TestCategoryItem TestCategory="Category1000" />
      </TestCategory>
      <Execution id="d127da1e-7794-4173-a854-e1c9e6d78443" />
      <TestMethod codeBase="C:\Projekty\MSTestProject\bin\Debug\netcoreapp3.1\MSTestProject.dll" adapterTypeName="executor://mstestadapter/v2" className="TwojeWesele.Services.Helpers.Tests.CurrencyHelperTests" name="FormatToStringTest1000" />
    </UnitTest>
    <UnitTest name="FormatToStringTest1000 (3846.644792262765,3846.64 zł)" storage="c:\projekty\mstestproject\bin\debug\netcoreapp3.1\mstestproject.dll" id="59ff43fa-58cc-4a9b-96bb-64e852c58b74">
      <TestCategory>
        <TestCategoryItem TestCategory="Category1000" />
      </TestCategory>
      <Execution id="c4c90402-8296-4465-b76f-5fa3dc7f1281" />
      <TestMethod codeBase="C:\Projekty\MSTestProject\bin\Debug\netcoreapp3.1\MSTestProject.dll" adapterTypeName="executor://mstestadapter/v2" className="TwojeWesele.Services.Helpers.Tests.CurrencyHelperTests" name="FormatToStringTest1000" />
    </UnitTest>
    <UnitTest name="FormatToStringTest1000 (6890.028458985514,6890.03 zł)" storage="c:\projekty\mstestproject\bin\debug\netcoreapp3.1\mstestproject.dll" id="f9312bd3-7f5a-42ed-819f-a6ac77fa6d70">
      <TestCategory>
        <TestCategoryItem TestCategory="Category1000" />
      </TestCategory>
      <Execution id="0f40bfd8-20d7-40ad-9ea0-0eaadce501d6" />
      <TestMethod codeBase="C:\Projekty\MSTestProject\bin\Debug\netcoreapp3.1\MSTestProject.dll" adapterTypeName="executor://mstestadapter/v2" className="TwojeWesele.Services.Helpers.Tests.CurrencyHelperTests" name="FormatToStringTest1000" />
    </UnitTest>
    <UnitTest name="FormatToStringTest1000 (38845.74924104323,38845.75 zł)" storage="c:\projekty\mstestproject\bin\debug\netcoreapp3.1\mstestproject.dll" id="6e9dd271-1d50-48de-8ac6-4da0ba78da89">
      <TestCategory>
        <TestCategoryItem TestCategory="Category1000" />
      </TestCategory>
      <Execution id="0fd4dd33-a2fa-4cff-928a-637242da2899" />
      <TestMethod codeBase="C:\Projekty\MSTestProject\bin\Debug\netcoreapp3.1\MSTestProject.dll" adapterTypeName="executor://mstestadapter/v2" className="TwojeWesele.Services.Helpers.Tests.CurrencyHelperTests" name="FormatToStringTest1000" />
    </UnitTest>
    <UnitTest name="FormatToStringTest1000 (13046.352146307172,13046.35 zł)" storage="c:\projekty\mstestproject\bin\debug\netcoreapp3.1\mstestproject.dll" id="aff47457-b589-4e55-9dbc-d6b1af6cd088">
      <TestCategory>
        <TestCategoryItem TestCategory="Category1000" />
      </TestCategory>
      <Execution id="acf9d9d5-909a-4674-90a2-d4f9458eb35d" />
      <TestMethod codeBase="C:\Projekty\MSTestProject\bin\Debug\netcoreapp3.1\MSTestProject.dll" adapterTypeName="executor://mstestadapter/v2" className="TwojeWesele.Services.Helpers.Tests.CurrencyHelperTests" name="FormatToStringTest1000" />
    </UnitTest>
    <UnitTest name="FormatToStringTest1000 (35967.54466809684,35967.54 zł)" storage="c:\projekty\mstestproject\bin\debug\netcoreapp3.1\mstestproject.dll" id="5d6d21ea-ca6c-4461-87e5-4766d3b9dfb6">
      <TestCategory>
        <TestCategoryItem TestCategory="Category1000" />
      </TestCategory>
      <Execution id="e4717ed8-9cfe-437e-b959-6ef45afa511c" />
      <TestMethod codeBase="C:\Projekty\MSTestProject\bin\Debug\netcoreapp3.1\MSTestProject.dll" adapterTypeName="executor://mstestadapter/v2" className="TwojeWesele.Services.Helpers.Tests.CurrencyHelperTests" name="FormatToStringTest1000" />
    </UnitTest>
    <UnitTest name="FormatToStringTest1000 (16825.83099003268,16825.83 zł)" storage="c:\projekty\mstestproject\bin\debug\netcoreapp3.1\mstestproject.dll" id="a047f9b5-d26a-476b-8cf2-2f410ac67815">
      <TestCategory>
        <TestCategoryItem TestCategory="Category1000" />
      </TestCategory>
      <Execution id="785b423b-cfe9-4c3c-91c8-55ddb5723775" />
      <TestMethod codeBase="C:\Projekty\MSTestProject\bin\Debug\netcoreapp3.1\MSTestProject.dll" adapterTypeName="executor://mstestadapter/v2" className="TwojeWesele.Services.Helpers.Tests.CurrencyHelperTests" name="FormatToStringTest1000" />
    </UnitTest>
    <UnitTest name="FormatToStringTest1000 (65963.39932440939,65963.40 zł)" storage="c:\projekty\mstestproject\bin\debug\netcoreapp3.1\mstestproject.dll" id="3e771074-268e-473b-87fb-223c8e666c56">
      <TestCategory>
        <TestCategoryItem TestCategory="Category1000" />
      </TestCategory>
      <Execution id="00351480-1bd8-430d-b756-a0a327c51b4f" />
      <TestMethod codeBase="C:\Projekty\MSTestProject\bin\Debug\netcoreapp3.1\MSTestProject.dll" adapterTypeName="executor://mstestadapter/v2" className="TwojeWesele.Services.Helpers.Tests.CurrencyHelperTests" name="FormatToStringTest1000" />
    </UnitTest>
    <UnitTest name="FormatToStringTest1000 (27629.79121039193,27629.79 zł)" storage="c:\projekty\mstestproject\bin\debug\netcoreapp3.1\mstestproject.dll" id="26a58b54-6d58-4ef5-a61a-bfdd2522e2ef">
      <TestCategory>
        <TestCategoryItem TestCategory="Category1000" />
      </TestCategory>
      <Execution id="2816a216-365b-4927-af16-872fe9f5c355" />
      <TestMethod codeBase="C:\Projekty\MSTestProject\bin\Debug\netcoreapp3.1\MSTestProject.dll" adapterTypeName="executor://mstestadapter/v2" className="TwojeWesele.Services.Helpers.Tests.CurrencyHelperTests" name="FormatToStringTest1000" />
    </UnitTest>
    <UnitTest name="FormatToStringTest1000 (3270.286035661719,3270.29 zł)" storage="c:\projekty\mstestproject\bin\debug\netcoreapp3.1\mstestproject.dll" id="f2a6d5f9-f278-4f38-93f4-1842bb424b47">
      <TestCategory>
        <TestCategoryItem TestCategory="Category1000" />
      </TestCategory>
      <Execution id="4133e02a-afc4-4b25-af4d-3d81191ce2fa" />
      <TestMethod codeBase="C:\Projekty\MSTestProject\bin\Debug\netcoreapp3.1\MSTestProject.dll" adapterTypeName="executor://mstestadapter/v2" className="TwojeWesele.Services.Helpers.Tests.CurrencyHelperTests" name="FormatToStringTest1000" />
    </UnitTest>
    <UnitTest name="FormatToStringTest1000 (9151.103070427245,9151.10 zł)" storage="c:\projekty\mstestproject\bin\debug\netcoreapp3.1\mstestproject.dll" id="659c0cbe-6442-4264-97e7-5265b85fc21c">
      <TestCategory>
        <TestCategoryItem TestCategory="Category1000" />
      </TestCategory>
      <Execution id="c6d8976d-1cc5-48d5-8abd-390e58473a3a" />
      <TestMethod codeBase="C:\Projekty\MSTestProject\bin\Debug\netcoreapp3.1\MSTestProject.dll" adapterTypeName="executor://mstestadapter/v2" className="TwojeWesele.Services.Helpers.Tests.CurrencyHelperTests" name="FormatToStringTest1000" />
    </UnitTest>
    <UnitTest name="FormatToStringTest1000 (6170.939441211959,6170.94 zł)" storage="c:\projekty\mstestproject\bin\debug\netcoreapp3.1\mstestproject.dll" id="bb8ca96e-a53c-46a7-a197-7a039fbeb6de">
      <TestCategory>
        <TestCategoryItem TestCategory="Category1000" />
      </TestCategory>
      <Execution id="9a88cfae-e166-496e-a534-b0be1bbf8757" />
      <TestMethod codeBase="C:\Projekty\MSTestProject\bin\Debug\netcoreapp3.1\MSTestProject.dll" adapterTypeName="executor://mstestadapter/v2" className="TwojeWesele.Services.Helpers.Tests.CurrencyHelperTests" name="FormatToStringTest1000" />
    </UnitTest>
    <UnitTest name="FormatToStringTest1000 (32863.31705269558,32863.32 zł)" storage="c:\projekty\mstestproject\bin\debug\netcoreapp3.1\mstestproject.dll" id="f4295be3-c654-4399-99bc-0f8139373a40">
      <TestCategory>
        <TestCategoryItem TestCategory="Category1000" />
      </TestCategory>
      <Execution id="11d50bb9-ebe6-49d7-b307-d2a144f52a36" />
      <TestMethod codeBase="C:\Projekty\MSTestProject\bin\Debug\netcoreapp3.1\MSTestProject.dll" adapterTypeName="executor://mstestadapter/v2" className="TwojeWesele.Services.Helpers.Tests.CurrencyHelperTests" name="FormatToStringTest1000" />
    </UnitTest>
    <UnitTest name="FormatToStringTest1000 (20552.966022956633,20552.97 zł)" storage="c:\projekty\mstestproject\bin\debug\netcoreapp3.1\mstestproject.dll" id="a8ae6e8a-006d-4944-bfff-5a31704b0653">
      <TestCategory>
        <TestCategoryItem TestCategory="Category1000" />
      </TestCategory>
      <Execution id="d756f31d-a0e3-46c2-a3dd-26d44cfc3af5" />
      <TestMethod codeBase="C:\Projekty\MSTestProject\bin\Debug\netcoreapp3.1\MSTestProject.dll" adapterTypeName="executor://mstestadapter/v2" className="TwojeWesele.Services.Helpers.Tests.CurrencyHelperTests" name="FormatToStringTest1000" />
    </UnitTest>
    <UnitTest name="FormatToStringTest1000 (29975.4018974022,29975.40 zł)" storage="c:\projekty\mstestproject\bin\debug\netcoreapp3.1\mstestproject.dll" id="184a1f10-7c7f-4f7c-8e31-fd68c28a89a4">
      <TestCategory>
        <TestCategoryItem TestCategory="Category1000" />
      </TestCategory>
      <Execution id="ad4899a9-05d9-4d42-9f9f-fbe0d3a3de2e" />
      <TestMethod codeBase="C:\Projekty\MSTestProject\bin\Debug\netcoreapp3.1\MSTestProject.dll" adapterTypeName="executor://mstestadapter/v2" className="TwojeWesele.Services.Helpers.Tests.CurrencyHelperTests" name="FormatToStringTest1000" />
    </UnitTest>
    <UnitTest name="FormatToStringTest1000 (20344.185360967265,20344.19 zł)" storage="c:\projekty\mstestproject\bin\debug\netcoreapp3.1\mstestproject.dll" id="7ed2d7c0-2044-4ef9-98a0-91d72f2bd231">
      <TestCategory>
        <TestCategoryItem TestCategory="Category1000" />
      </TestCategory>
      <Execution id="bcc4223f-01da-45a0-af41-27c5833e57f6" />
      <TestMethod codeBase="C:\Projekty\MSTestProject\bin\Debug\netcoreapp3.1\MSTestProject.dll" adapterTypeName="executor://mstestadapter/v2" className="TwojeWesele.Services.Helpers.Tests.CurrencyHelperTests" name="FormatToStringTest1000" />
    </UnitTest>
    <UnitTest name="FormatToStringTest1000 (2121.0917325211185,2121.09 zł)" storage="c:\projekty\mstestproject\bin\debug\netcoreapp3.1\mstestproject.dll" id="17e1f408-4a4b-427f-aed7-c86868203d81">
      <TestCategory>
        <TestCategoryItem TestCategory="Category1000" />
      </TestCategory>
      <Execution id="80f8f2f3-67ae-480d-914d-94d23e3e3a6d" />
      <TestMethod codeBase="C:\Projekty\MSTestProject\bin\Debug\netcoreapp3.1\MSTestProject.dll" adapterTypeName="executor://mstestadapter/v2" className="TwojeWesele.Services.Helpers.Tests.CurrencyHelperTests" name="FormatToStringTest1000" />
    </UnitTest>
    <UnitTest name="FormatToStringTest1000 (17418.31302247863,17418.31 zł)" storage="c:\projekty\mstestproject\bin\debug\netcoreapp3.1\mstestproject.dll" id="d08601f2-2611-42f5-90e0-b0275777d878">
      <TestCategory>
        <TestCategoryItem TestCategory="Category1000" />
      </TestCategory>
      <Execution id="6a52a80a-ec22-4175-9493-84b81f3319e3" />
      <TestMethod codeBase="C:\Projekty\MSTestProject\bin\Debug\netcoreapp3.1\MSTestProject.dll" adapterTypeName="executor://mstestadapter/v2" className="TwojeWesele.Services.Helpers.Tests.CurrencyHelperTests" name="FormatToStringTest1000" />
    </UnitTest>
    <UnitTest name="FormatToStringTest1000 (28033.439084134738,28033.44 zł)" storage="c:\projekty\mstestproject\bin\debug\netcoreapp3.1\mstestproject.dll" id="e40679b9-d639-40bd-bfab-0ba0d653a31e">
      <TestCategory>
        <TestCategoryItem TestCategory="Category1000" />
      </TestCategory>
      <Execution id="d34bfa01-e79a-414e-901a-f212a82fc60e" />
      <TestMethod codeBase="C:\Projekty\MSTestProject\bin\Debug\netcoreapp3.1\MSTestProject.dll" adapterTypeName="executor://mstestadapter/v2" className="TwojeWesele.Services.Helpers.Tests.CurrencyHelperTests" name="FormatToStringTest1000" />
    </UnitTest>
    <UnitTest name="FormatToStringTest1000 (27852.532163303127,27852.53 zł)" storage="c:\projekty\mstestproject\bin\debug\netcoreapp3.1\mstestproject.dll" id="05d3f734-6370-4e7f-904a-6db7eaff3e95">
      <TestCategory>
        <TestCategoryItem TestCategory="Category1000" />
      </TestCategory>
      <Execution id="e7d21a48-51f8-449b-bb98-727443685114" />
      <TestMethod codeBase="C:\Projekty\MSTestProject\bin\Debug\netcoreapp3.1\MSTestProject.dll" adapterTypeName="executor://mstestadapter/v2" className="TwojeWesele.Services.Helpers.Tests.CurrencyHelperTests" name="FormatToStringTest1000" />
    </UnitTest>
    <UnitTest name="FormatToStringTest1000 (47256.065730817645,47256.07 zł)" storage="c:\projekty\mstestproject\bin\debug\netcoreapp3.1\mstestproject.dll" id="d5fe3090-a68c-4751-8603-6ac914ab8593">
      <TestCategory>
        <TestCategoryItem TestCategory="Category1000" />
      </TestCategory>
      <Execution id="f63b50ce-4008-4e05-b1e1-f2335d394dd3" />
      <TestMethod codeBase="C:\Projekty\MSTestProject\bin\Debug\netcoreapp3.1\MSTestProject.dll" adapterTypeName="executor://mstestadapter/v2" className="TwojeWesele.Services.Helpers.Tests.CurrencyHelperTests" name="FormatToStringTest1000" />
    </UnitTest>
    <UnitTest name="FormatToStringTest1000 (5978.1197194131655,5978.12 zł)" storage="c:\projekty\mstestproject\bin\debug\netcoreapp3.1\mstestproject.dll" id="69727864-5583-4814-b3c8-da36e639c1f5">
      <TestCategory>
        <TestCategoryItem TestCategory="Category1000" />
      </TestCategory>
      <Execution id="188a007d-d1bf-43b1-b3cf-07ac35960096" />
      <TestMethod codeBase="C:\Projekty\MSTestProject\bin\Debug\netcoreapp3.1\MSTestProject.dll" adapterTypeName="executor://mstestadapter/v2" className="TwojeWesele.Services.Helpers.Tests.CurrencyHelperTests" name="FormatToStringTest1000" />
    </UnitTest>
    <UnitTest name="FormatToStringTest1000 (19189.32381924117,19189.32 zł)" storage="c:\projekty\mstestproject\bin\debug\netcoreapp3.1\mstestproject.dll" id="cbfda49d-063d-436b-b2ba-2f1e8e98c27e">
      <TestCategory>
        <TestCategoryItem TestCategory="Category1000" />
      </TestCategory>
      <Execution id="d1d05a54-431b-4170-82a9-a5fd71fc8641" />
      <TestMethod codeBase="C:\Projekty\MSTestProject\bin\Debug\netcoreapp3.1\MSTestProject.dll" adapterTypeName="executor://mstestadapter/v2" className="TwojeWesele.Services.Helpers.Tests.CurrencyHelperTests" name="FormatToStringTest1000" />
    </UnitTest>
    <UnitTest name="FormatToStringTest1000 (3303.1902076747224,3303.19 zł)" storage="c:\projekty\mstestproject\bin\debug\netcoreapp3.1\mstestproject.dll" id="1bf8c670-855a-41ac-b60f-5de55fcffefd">
      <TestCategory>
        <TestCategoryItem TestCategory="Category1000" />
      </TestCategory>
      <Execution id="3f93379c-9e58-450f-8be7-600e7cbaa48c" />
      <TestMethod codeBase="C:\Projekty\MSTestProject\bin\Debug\netcoreapp3.1\MSTestProject.dll" adapterTypeName="executor://mstestadapter/v2" className="TwojeWesele.Services.Helpers.Tests.CurrencyHelperTests" name="FormatToStringTest1000" />
    </UnitTest>
    <UnitTest name="FormatToStringTest1000 (10641.263377953444,10641.26 zł)" storage="c:\projekty\mstestproject\bin\debug\netcoreapp3.1\mstestproject.dll" id="21c846ef-d26f-4a27-890b-c96309b7a245">
      <TestCategory>
        <TestCategoryItem TestCategory="Category1000" />
      </TestCategory>
      <Execution id="b18f4b4c-2ea8-4e9d-b5e6-f039412ff4f3" />
      <TestMethod codeBase="C:\Projekty\MSTestProject\bin\Debug\netcoreapp3.1\MSTestProject.dll" adapterTypeName="executor://mstestadapter/v2" className="TwojeWesele.Services.Helpers.Tests.CurrencyHelperTests" name="FormatToStringTest1000" />
    </UnitTest>
    <UnitTest name="FormatToStringTest1000 (10227.532692039169,10227.53 zł)" storage="c:\projekty\mstestproject\bin\debug\netcoreapp3.1\mstestproject.dll" id="a0d1276d-3b5a-411c-afaa-b07768ba9624">
      <TestCategory>
        <TestCategoryItem TestCategory="Category1000" />
      </TestCategory>
      <Execution id="b368e804-f73f-4c75-8113-c6f53e9b7e4b" />
      <TestMethod codeBase="C:\Projekty\MSTestProject\bin\Debug\netcoreapp3.1\MSTestProject.dll" adapterTypeName="executor://mstestadapter/v2" className="TwojeWesele.Services.Helpers.Tests.CurrencyHelperTests" name="FormatToStringTest1000" />
    </UnitTest>
    <UnitTest name="FormatToStringTest1000 (14100.01255469211,14100.01 zł)" storage="c:\projekty\mstestproject\bin\debug\netcoreapp3.1\mstestproject.dll" id="42f46fff-2b7e-4119-988a-8d632cd2a327">
      <TestCategory>
        <TestCategoryItem TestCategory="Category1000" />
      </TestCategory>
      <Execution id="b4dcb497-33ff-46d2-b208-db141ed00806" />
      <TestMethod codeBase="C:\Projekty\MSTestProject\bin\Debug\netcoreapp3.1\MSTestProject.dll" adapterTypeName="executor://mstestadapter/v2" className="TwojeWesele.Services.Helpers.Tests.CurrencyHelperTests" name="FormatToStringTest1000" />
    </UnitTest>
    <UnitTest name="FormatToStringTest1000 (39146.635743126564,39146.64 zł)" storage="c:\projekty\mstestproject\bin\debug\netcoreapp3.1\mstestproject.dll" id="4d4118a6-f60a-4bd8-a159-91cd43282e8f">
      <TestCategory>
        <TestCategoryItem TestCategory="Category1000" />
      </TestCategory>
      <Execution id="4bdb7a44-8aa8-4df0-8771-64c61db7f2a6" />
      <TestMethod codeBase="C:\Projekty\MSTestProject\bin\Debug\netcoreapp3.1\MSTestProject.dll" adapterTypeName="executor://mstestadapter/v2" className="TwojeWesele.Services.Helpers.Tests.CurrencyHelperTests" name="FormatToStringTest1000" />
    </UnitTest>
    <UnitTest name="FormatToStringTest1000 (26133.133789601336,26133.13 zł)" storage="c:\projekty\mstestproject\bin\debug\netcoreapp3.1\mstestproject.dll" id="bfe4de60-1b09-4305-b574-d1d933df792f">
      <TestCategory>
        <TestCategoryItem TestCategory="Category1000" />
      </TestCategory>
      <Execution id="09e8c81c-19f6-4c8d-81fd-ceeb246aa33f" />
      <TestMethod codeBase="C:\Projekty\MSTestProject\bin\Debug\netcoreapp3.1\MSTestProject.dll" adapterTypeName="executor://mstestadapter/v2" className="TwojeWesele.Services.Helpers.Tests.CurrencyHelperTests" name="FormatToStringTest1000" />
    </UnitTest>
    <UnitTest name="FormatToStringTest1000 (1687.6029180025694,1687.60 zł)" storage="c:\projekty\mstestproject\bin\debug\netcoreapp3.1\mstestproject.dll" id="1f9c67c1-ee93-4ee1-8a09-d3a1dfe5696f">
      <TestCategory>
        <TestCategoryItem TestCategory="Category1000" />
      </TestCategory>
      <Execution id="168cf80a-8f24-4393-bd0b-3e4655c32ed9" />
      <TestMethod codeBase="C:\Projekty\MSTestProject\bin\Debug\netcoreapp3.1\MSTestProject.dll" adapterTypeName="executor://mstestadapter/v2" className="TwojeWesele.Services.Helpers.Tests.CurrencyHelperTests" name="FormatToStringTest1000" />
    </UnitTest>
    <UnitTest name="FormatToStringTest1000 (20012.898273490322,20012.90 zł)" storage="c:\projekty\mstestproject\bin\debug\netcoreapp3.1\mstestproject.dll" id="257de555-52a1-4fb6-ade1-0f58cdb990ff">
      <TestCategory>
        <TestCategoryItem TestCategory="Category1000" />
      </TestCategory>
      <Execution id="0a1e2168-b444-4d4b-a160-021c3b53d994" />
      <TestMethod codeBase="C:\Projekty\MSTestProject\bin\Debug\netcoreapp3.1\MSTestProject.dll" adapterTypeName="executor://mstestadapter/v2" className="TwojeWesele.Services.Helpers.Tests.CurrencyHelperTests" name="FormatToStringTest1000" />
    </UnitTest>
    <UnitTest name="FormatToStringTest1000 (270.1894008262033,270.19 zł)" storage="c:\projekty\mstestproject\bin\debug\netcoreapp3.1\mstestproject.dll" id="589e06db-fd76-4ac0-a1ed-326a061206eb">
      <TestCategory>
        <TestCategoryItem TestCategory="Category1000" />
      </TestCategory>
      <Execution id="d1d5a812-b108-40cd-ba86-de7f80aaa868" />
      <TestMethod codeBase="C:\Projekty\MSTestProject\bin\Debug\netcoreapp3.1\MSTestProject.dll" adapterTypeName="executor://mstestadapter/v2" className="TwojeWesele.Services.Helpers.Tests.CurrencyHelperTests" name="FormatToStringTest1000" />
    </UnitTest>
    <UnitTest name="FormatToStringTest1000 (38614.292320713066,38614.29 zł)" storage="c:\projekty\mstestproject\bin\debug\netcoreapp3.1\mstestproject.dll" id="3bd4ee68-824e-4152-8c09-672bb49ecb9a">
      <TestCategory>
        <TestCategoryItem TestCategory="Category1000" />
      </TestCategory>
      <Execution id="b09c55e3-d36d-42c1-8074-32f3a2755761" />
      <TestMethod codeBase="C:\Projekty\MSTestProject\bin\Debug\netcoreapp3.1\MSTestProject.dll" adapterTypeName="executor://mstestadapter/v2" className="TwojeWesele.Services.Helpers.Tests.CurrencyHelperTests" name="FormatToStringTest1000" />
    </UnitTest>
    <UnitTest name="FormatToStringTest1000 (65809.35218338219,65809.35 zł)" storage="c:\projekty\mstestproject\bin\debug\netcoreapp3.1\mstestproject.dll" id="211e8e43-d30c-4ba6-b1f0-b2983f88696b">
      <TestCategory>
        <TestCategoryItem TestCategory="Category1000" />
      </TestCategory>
      <Execution id="d8d593d0-3284-474a-80d9-6f136c62e690" />
      <TestMethod codeBase="C:\Projekty\MSTestProject\bin\Debug\netcoreapp3.1\MSTestProject.dll" adapterTypeName="executor://mstestadapter/v2" className="TwojeWesele.Services.Helpers.Tests.CurrencyHelperTests" name="FormatToStringTest1000" />
    </UnitTest>
    <UnitTest name="FormatToStringTest1000 (74152.7503934562,74152.75 zł)" storage="c:\projekty\mstestproject\bin\debug\netcoreapp3.1\mstestproject.dll" id="9b4ac483-6e77-426b-98ea-8a719725d688">
      <TestCategory>
        <TestCategoryItem TestCategory="Category1000" />
      </TestCategory>
      <Execution id="f5e0d14e-0048-4598-a078-8526faaf9b2b" />
      <TestMethod codeBase="C:\Projekty\MSTestProject\bin\Debug\netcoreapp3.1\MSTestProject.dll" adapterTypeName="executor://mstestadapter/v2" className="TwojeWesele.Services.Helpers.Tests.CurrencyHelperTests" name="FormatToStringTest1000" />
    </UnitTest>
    <UnitTest name="FormatToStringTest1000 (28861.97337596769,28861.97 zł)" storage="c:\projekty\mstestproject\bin\debug\netcoreapp3.1\mstestproject.dll" id="932721d2-70f6-4fe4-8b10-96f88ee65dfc">
      <TestCategory>
        <TestCategoryItem TestCategory="Category1000" />
      </TestCategory>
      <Execution id="34338627-3c8d-4ae0-ab8a-c76edcb74992" />
      <TestMethod codeBase="C:\Projekty\MSTestProject\bin\Debug\netcoreapp3.1\MSTestProject.dll" adapterTypeName="executor://mstestadapter/v2" className="TwojeWesele.Services.Helpers.Tests.CurrencyHelperTests" name="FormatToStringTest1000" />
    </UnitTest>
    <UnitTest name="FormatToStringTest1000 (16986.338876065027,16986.34 zł)" storage="c:\projekty\mstestproject\bin\debug\netcoreapp3.1\mstestproject.dll" id="7e27cf37-c009-4073-8650-e3b67c8e7776">
      <TestCategory>
        <TestCategoryItem TestCategory="Category1000" />
      </TestCategory>
      <Execution id="d185cbfe-119d-4c93-bb9d-daaf17469a3e" />
      <TestMethod codeBase="C:\Projekty\MSTestProject\bin\Debug\netcoreapp3.1\MSTestProject.dll" adapterTypeName="executor://mstestadapter/v2" className="TwojeWesele.Services.Helpers.Tests.CurrencyHelperTests" name="FormatToStringTest1000" />
    </UnitTest>
    <UnitTest name="FormatToStringTest1000 (6838.422316571894,6838.42 zł)" storage="c:\projekty\mstestproject\bin\debug\netcoreapp3.1\mstestproject.dll" id="506c9a57-dbb0-4e46-a095-3aea47af57d7">
      <TestCategory>
        <TestCategoryItem TestCategory="Category1000" />
      </TestCategory>
      <Execution id="058cc53c-00bb-4506-9e37-6c39ca3e014f" />
      <TestMethod codeBase="C:\Projekty\MSTestProject\bin\Debug\netcoreapp3.1\MSTestProject.dll" adapterTypeName="executor://mstestadapter/v2" className="TwojeWesele.Services.Helpers.Tests.CurrencyHelperTests" name="FormatToStringTest1000" />
    </UnitTest>
    <UnitTest name="FormatToStringTest1000 (61324.33752458279,61324.34 zł)" storage="c:\projekty\mstestproject\bin\debug\netcoreapp3.1\mstestproject.dll" id="20637ef9-9df9-4bb8-ba49-19c0f9099a7d">
      <TestCategory>
        <TestCategoryItem TestCategory="Category1000" />
      </TestCategory>
      <Execution id="2f572303-54d8-44df-9bb8-850ff1c90c6b" />
      <TestMethod codeBase="C:\Projekty\MSTestProject\bin\Debug\netcoreapp3.1\MSTestProject.dll" adapterTypeName="executor://mstestadapter/v2" className="TwojeWesele.Services.Helpers.Tests.CurrencyHelperTests" name="FormatToStringTest1000" />
    </UnitTest>
    <UnitTest name="FormatToStringTest1000 (5140.16338917155,5140.16 zł)" storage="c:\projekty\mstestproject\bin\debug\netcoreapp3.1\mstestproject.dll" id="520d0e68-bb98-4353-bbff-932cfc1e8e48">
      <TestCategory>
        <TestCategoryItem TestCategory="Category1000" />
      </TestCategory>
      <Execution id="8d76d0ca-5efb-445e-88a5-52513ee35e3e" />
      <TestMethod codeBase="C:\Projekty\MSTestProject\bin\Debug\netcoreapp3.1\MSTestProject.dll" adapterTypeName="executor://mstestadapter/v2" className="TwojeWesele.Services.Helpers.Tests.CurrencyHelperTests" name="FormatToStringTest1000" />
    </UnitTest>
    <UnitTest name="FormatToStringTest1000 (3043.6828298227315,3043.68 zł)" storage="c:\projekty\mstestproject\bin\debug\netcoreapp3.1\mstestproject.dll" id="ca50524e-2f19-4851-ac45-33d61bf624d8">
      <TestCategory>
        <TestCategoryItem TestCategory="Category1000" />
      </TestCategory>
      <Execution id="230a7555-1c52-4d5f-8c69-ba2d87a2af91" />
      <TestMethod codeBase="C:\Projekty\MSTestProject\bin\Debug\netcoreapp3.1\MSTestProject.dll" adapterTypeName="executor://mstestadapter/v2" className="TwojeWesele.Services.Helpers.Tests.CurrencyHelperTests" name="FormatToStringTest1000" />
    </UnitTest>
    <UnitTest name="FormatToStringTest1000 (7370.518277515898,7370.52 zł)" storage="c:\projekty\mstestproject\bin\debug\netcoreapp3.1\mstestproject.dll" id="12b1ea98-46c9-4cd6-8cfb-2d20d1db8bac">
      <TestCategory>
        <TestCategoryItem TestCategory="Category1000" />
      </TestCategory>
      <Execution id="7c25a2f8-f57a-461f-8fec-aec9fea48c16" />
      <TestMethod codeBase="C:\Projekty\MSTestProject\bin\Debug\netcoreapp3.1\MSTestProject.dll" adapterTypeName="executor://mstestadapter/v2" className="TwojeWesele.Services.Helpers.Tests.CurrencyHelperTests" name="FormatToStringTest1000" />
    </UnitTest>
    <UnitTest name="FormatToStringTest1000 (4857.211933034105,4857.21 zł)" storage="c:\projekty\mstestproject\bin\debug\netcoreapp3.1\mstestproject.dll" id="c41d25f8-241b-4202-a36f-ac6e5e4a0c15">
      <TestCategory>
        <TestCategoryItem TestCategory="Category1000" />
      </TestCategory>
      <Execution id="ce5ba719-c128-49e3-b7d2-df778ac77ac6" />
      <TestMethod codeBase="C:\Projekty\MSTestProject\bin\Debug\netcoreapp3.1\MSTestProject.dll" adapterTypeName="executor://mstestadapter/v2" className="TwojeWesele.Services.Helpers.Tests.CurrencyHelperTests" name="FormatToStringTest1000" />
    </UnitTest>
    <UnitTest name="FormatToStringTest1000 (40400.9734049295,40400.97 zł)" storage="c:\projekty\mstestproject\bin\debug\netcoreapp3.1\mstestproject.dll" id="709e72c4-2681-45bc-9c6c-3696ecbbff86">
      <TestCategory>
        <TestCategoryItem TestCategory="Category1000" />
      </TestCategory>
      <Execution id="addb72be-d3f8-4734-bde1-8ddda7087973" />
      <TestMethod codeBase="C:\Projekty\MSTestProject\bin\Debug\netcoreapp3.1\MSTestProject.dll" adapterTypeName="executor://mstestadapter/v2" className="TwojeWesele.Services.Helpers.Tests.CurrencyHelperTests" name="FormatToStringTest1000" />
    </UnitTest>
    <UnitTest name="FormatToStringTest1000 (19071.681252896637,19071.68 zł)" storage="c:\projekty\mstestproject\bin\debug\netcoreapp3.1\mstestproject.dll" id="8e59b293-ca66-4038-9d81-0ab52d520e32">
      <TestCategory>
        <TestCategoryItem TestCategory="Category1000" />
      </TestCategory>
      <Execution id="08d44c06-6c6a-47c0-9089-29b2ad66bdca" />
      <TestMethod codeBase="C:\Projekty\MSTestProject\bin\Debug\netcoreapp3.1\MSTestProject.dll" adapterTypeName="executor://mstestadapter/v2" className="TwojeWesele.Services.Helpers.Tests.CurrencyHelperTests" name="FormatToStringTest1000" />
    </UnitTest>
    <UnitTest name="FormatToStringTest1000 (45445.182098106096,45445.18 zł)" storage="c:\projekty\mstestproject\bin\debug\netcoreapp3.1\mstestproject.dll" id="431a11bf-0d2c-4869-996f-4262eeca9b7a">
      <TestCategory>
        <TestCategoryItem TestCategory="Category1000" />
      </TestCategory>
      <Execution id="1b41b73e-4834-474a-a9a3-c238bfae4620" />
      <TestMethod codeBase="C:\Projekty\MSTestProject\bin\Debug\netcoreapp3.1\MSTestProject.dll" adapterTypeName="executor://mstestadapter/v2" className="TwojeWesele.Services.Helpers.Tests.CurrencyHelperTests" name="FormatToStringTest1000" />
    </UnitTest>
    <UnitTest name="FormatToStringTest1000 (29417.800422138444,29417.80 zł)" storage="c:\projekty\mstestproject\bin\debug\netcoreapp3.1\mstestproject.dll" id="1ae5de73-ffa2-4313-a31e-4831bd91c72a">
      <TestCategory>
        <TestCategoryItem TestCategory="Category1000" />
      </TestCategory>
      <Execution id="0fba2a08-0d6f-4c9f-bae5-b3d203995b7a" />
      <TestMethod codeBase="C:\Projekty\MSTestProject\bin\Debug\netcoreapp3.1\MSTestProject.dll" adapterTypeName="executor://mstestadapter/v2" className="TwojeWesele.Services.Helpers.Tests.CurrencyHelperTests" name="FormatToStringTest1000" />
    </UnitTest>
    <UnitTest name="FormatToStringTest1000 (7396.940188290057,7396.94 zł)" storage="c:\projekty\mstestproject\bin\debug\netcoreapp3.1\mstestproject.dll" id="d3f97af1-3dcd-41c9-9fad-d9a99c5ad843">
      <TestCategory>
        <TestCategoryItem TestCategory="Category1000" />
      </TestCategory>
      <Execution id="1d7d1e7c-27a6-4f26-accf-181671e591ac" />
      <TestMethod codeBase="C:\Projekty\MSTestProject\bin\Debug\netcoreapp3.1\MSTestProject.dll" adapterTypeName="executor://mstestadapter/v2" className="TwojeWesele.Services.Helpers.Tests.CurrencyHelperTests" name="FormatToStringTest1000" />
    </UnitTest>
    <UnitTest name="FormatToStringTest1000 (10775.728533390784,10775.73 zł)" storage="c:\projekty\mstestproject\bin\debug\netcoreapp3.1\mstestproject.dll" id="5ef59b51-c420-45a8-8b79-6a6e2c1882ab">
      <TestCategory>
        <TestCategoryItem TestCategory="Category1000" />
      </TestCategory>
      <Execution id="7d393035-3610-422e-955e-38ad72fd4f03" />
      <TestMethod codeBase="C:\Projekty\MSTestProject\bin\Debug\netcoreapp3.1\MSTestProject.dll" adapterTypeName="executor://mstestadapter/v2" className="TwojeWesele.Services.Helpers.Tests.CurrencyHelperTests" name="FormatToStringTest1000" />
    </UnitTest>
    <UnitTest name="FormatToStringTest1000 (3646.857719214101,3646.86 zł)" storage="c:\projekty\mstestproject\bin\debug\netcoreapp3.1\mstestproject.dll" id="294916bd-d523-4c2a-b0d0-6660f9b756de">
      <TestCategory>
        <TestCategoryItem TestCategory="Category1000" />
      </TestCategory>
      <Execution id="94723805-ff14-44f5-800f-bc09a852b725" />
      <TestMethod codeBase="C:\Projekty\MSTestProject\bin\Debug\netcoreapp3.1\MSTestProject.dll" adapterTypeName="executor://mstestadapter/v2" className="TwojeWesele.Services.Helpers.Tests.CurrencyHelperTests" name="FormatToStringTest1000" />
    </UnitTest>
    <UnitTest name="FormatToStringTest1000 (24030.724859085738,24030.72 zł)" storage="c:\projekty\mstestproject\bin\debug\netcoreapp3.1\mstestproject.dll" id="54b954f2-3ae1-45a1-8b34-0b4c7e08d07c">
      <TestCategory>
        <TestCategoryItem TestCategory="Category1000" />
      </TestCategory>
      <Execution id="d7d7db96-b578-4f59-b95f-59c680c84286" />
      <TestMethod codeBase="C:\Projekty\MSTestProject\bin\Debug\netcoreapp3.1\MSTestProject.dll" adapterTypeName="executor://mstestadapter/v2" className="TwojeWesele.Services.Helpers.Tests.CurrencyHelperTests" name="FormatToStringTest1000" />
    </UnitTest>
    <UnitTest name="FormatToStringTest1000 (7050.437505805137,7050.44 zł)" storage="c:\projekty\mstestproject\bin\debug\netcoreapp3.1\mstestproject.dll" id="90b72656-522b-46e0-888d-77316cf0164f">
      <TestCategory>
        <TestCategoryItem TestCategory="Category1000" />
      </TestCategory>
      <Execution id="960f0ec2-e49a-4f7e-b379-76c4851d6873" />
      <TestMethod codeBase="C:\Projekty\MSTestProject\bin\Debug\netcoreapp3.1\MSTestProject.dll" adapterTypeName="executor://mstestadapter/v2" className="TwojeWesele.Services.Helpers.Tests.CurrencyHelperTests" name="FormatToStringTest1000" />
    </UnitTest>
    <UnitTest name="FormatToStringTest1000 (18340.935049000167,18340.94 zł)" storage="c:\projekty\mstestproject\bin\debug\netcoreapp3.1\mstestproject.dll" id="c55ff475-7243-4323-8da7-a295592434b7">
      <TestCategory>
        <TestCategoryItem TestCategory="Category1000" />
      </TestCategory>
      <Execution id="0e4ad8f9-80fa-403d-8fae-788ea1d38393" />
      <TestMethod codeBase="C:\Projekty\MSTestProject\bin\Debug\netcoreapp3.1\MSTestProject.dll" adapterTypeName="executor://mstestadapter/v2" className="TwojeWesele.Services.Helpers.Tests.CurrencyHelperTests" name="FormatToStringTest1000" />
    </UnitTest>
    <UnitTest name="FormatToStringTest1000 (17953.338243749615,17953.34 zł)" storage="c:\projekty\mstestproject\bin\debug\netcoreapp3.1\mstestproject.dll" id="06f23fc8-04de-429c-a28d-d1f961512b78">
      <TestCategory>
        <TestCategoryItem TestCategory="Category1000" />
      </TestCategory>
      <Execution id="55f37805-93b6-4b8a-90d5-84237324b62a" />
      <TestMethod codeBase="C:\Projekty\MSTestProject\bin\Debug\netcoreapp3.1\MSTestProject.dll" adapterTypeName="executor://mstestadapter/v2" className="TwojeWesele.Services.Helpers.Tests.CurrencyHelperTests" name="FormatToStringTest1000" />
    </UnitTest>
    <UnitTest name="FormatToStringTest1000 (34136.0993783046,34136.10 zł)" storage="c:\projekty\mstestproject\bin\debug\netcoreapp3.1\mstestproject.dll" id="2c224682-7f99-4a93-95a1-e4b097d2b8f3">
      <TestCategory>
        <TestCategoryItem TestCategory="Category1000" />
      </TestCategory>
      <Execution id="7d3e7001-aebc-4004-82e7-428e540ecac9" />
      <TestMethod codeBase="C:\Projekty\MSTestProject\bin\Debug\netcoreapp3.1\MSTestProject.dll" adapterTypeName="executor://mstestadapter/v2" className="TwojeWesele.Services.Helpers.Tests.CurrencyHelperTests" name="FormatToStringTest1000" />
    </UnitTest>
    <UnitTest name="FormatToStringTest1000 (24695.917440203913,24695.92 zł)" storage="c:\projekty\mstestproject\bin\debug\netcoreapp3.1\mstestproject.dll" id="b9775dd9-2e70-4c50-80e9-fc748f26b037">
      <TestCategory>
        <TestCategoryItem TestCategory="Category1000" />
      </TestCategory>
      <Execution id="104636c0-2756-42c3-8c3b-6f6177e649e3" />
      <TestMethod codeBase="C:\Projekty\MSTestProject\bin\Debug\netcoreapp3.1\MSTestProject.dll" adapterTypeName="executor://mstestadapter/v2" className="TwojeWesele.Services.Helpers.Tests.CurrencyHelperTests" name="FormatToStringTest1000" />
    </UnitTest>
    <UnitTest name="FormatToStringTest1000 (17579.823312525088,17579.82 zł)" storage="c:\projekty\mstestproject\bin\debug\netcoreapp3.1\mstestproject.dll" id="17ba85ab-d0f8-4c2a-8807-9e1e514dc3b7">
      <TestCategory>
        <TestCategoryItem TestCategory="Category1000" />
      </TestCategory>
      <Execution id="874ccf8d-6b69-47bf-8094-769fe420e977" />
      <TestMethod codeBase="C:\Projekty\MSTestProject\bin\Debug\netcoreapp3.1\MSTestProject.dll" adapterTypeName="executor://mstestadapter/v2" className="TwojeWesele.Services.Helpers.Tests.CurrencyHelperTests" name="FormatToStringTest1000" />
    </UnitTest>
    <UnitTest name="FormatToStringTest1000 (25720.27551496321,25720.28 zł)" storage="c:\projekty\mstestproject\bin\debug\netcoreapp3.1\mstestproject.dll" id="354ca80b-414d-492c-a408-4630ab93beee">
      <TestCategory>
        <TestCategoryItem TestCategory="Category1000" />
      </TestCategory>
      <Execution id="7d148a82-b94c-4434-947b-cae31346a5bb" />
      <TestMethod codeBase="C:\Projekty\MSTestProject\bin\Debug\netcoreapp3.1\MSTestProject.dll" adapterTypeName="executor://mstestadapter/v2" className="TwojeWesele.Services.Helpers.Tests.CurrencyHelperTests" name="FormatToStringTest1000" />
    </UnitTest>
    <UnitTest name="FormatToStringTest1000 (5591.2222540617095,5591.22 zł)" storage="c:\projekty\mstestproject\bin\debug\netcoreapp3.1\mstestproject.dll" id="749adb72-c242-4ee5-88d1-dae155683969">
      <TestCategory>
        <TestCategoryItem TestCategory="Category1000" />
      </TestCategory>
      <Execution id="ed96a9c5-0d60-4d13-ba1d-2e5777455f16" />
      <TestMethod codeBase="C:\Projekty\MSTestProject\bin\Debug\netcoreapp3.1\MSTestProject.dll" adapterTypeName="executor://mstestadapter/v2" className="TwojeWesele.Services.Helpers.Tests.CurrencyHelperTests" name="FormatToStringTest1000" />
    </UnitTest>
    <UnitTest name="FormatToStringTest1000 (40241.790964380736,40241.79 zł)" storage="c:\projekty\mstestproject\bin\debug\netcoreapp3.1\mstestproject.dll" id="b48f3a66-7cbb-4ec9-8bcd-4c3cb54363c2">
      <TestCategory>
        <TestCategoryItem TestCategory="Category1000" />
      </TestCategory>
      <Execution id="327f015e-a3a2-4e48-bbba-769573064aad" />
      <TestMethod codeBase="C:\Projekty\MSTestProject\bin\Debug\netcoreapp3.1\MSTestProject.dll" adapterTypeName="executor://mstestadapter/v2" className="TwojeWesele.Services.Helpers.Tests.CurrencyHelperTests" name="FormatToStringTest1000" />
    </UnitTest>
    <UnitTest name="FormatToStringTest1000 (40268.121943438484,40268.12 zł)" storage="c:\projekty\mstestproject\bin\debug\netcoreapp3.1\mstestproject.dll" id="72057a1e-ba81-4de6-88d9-9ca8acd82c38">
      <TestCategory>
        <TestCategoryItem TestCategory="Category1000" />
      </TestCategory>
      <Execution id="74a9aff5-bf2b-4bd1-8380-8441eb0da4cc" />
      <TestMethod codeBase="C:\Projekty\MSTestProject\bin\Debug\netcoreapp3.1\MSTestProject.dll" adapterTypeName="executor://mstestadapter/v2" className="TwojeWesele.Services.Helpers.Tests.CurrencyHelperTests" name="FormatToStringTest1000" />
    </UnitTest>
    <UnitTest name="FormatToStringTest1000 (10174.652801423637,10174.65 zł)" storage="c:\projekty\mstestproject\bin\debug\netcoreapp3.1\mstestproject.dll" id="a37a7bbd-ef42-4a5b-86ba-488fbb5475a1">
      <TestCategory>
        <TestCategoryItem TestCategory="Category1000" />
      </TestCategory>
      <Execution id="e9a30678-70dd-4097-ad0b-39cc80039ba1" />
      <TestMethod codeBase="C:\Projekty\MSTestProject\bin\Debug\netcoreapp3.1\MSTestProject.dll" adapterTypeName="executor://mstestadapter/v2" className="TwojeWesele.Services.Helpers.Tests.CurrencyHelperTests" name="FormatToStringTest1000" />
    </UnitTest>
    <UnitTest name="FormatToStringTest1000 (21893.78889296939,21893.79 zł)" storage="c:\projekty\mstestproject\bin\debug\netcoreapp3.1\mstestproject.dll" id="1fc4a96b-a593-4c3c-85ce-5a90023567f4">
      <TestCategory>
        <TestCategoryItem TestCategory="Category1000" />
      </TestCategory>
      <Execution id="1e6baf2f-3b3f-4d55-a123-0ff74a531be9" />
      <TestMethod codeBase="C:\Projekty\MSTestProject\bin\Debug\netcoreapp3.1\MSTestProject.dll" adapterTypeName="executor://mstestadapter/v2" className="TwojeWesele.Services.Helpers.Tests.CurrencyHelperTests" name="FormatToStringTest1000" />
    </UnitTest>
    <UnitTest name="FormatToStringTest1000 (13402.882692040355,13402.88 zł)" storage="c:\projekty\mstestproject\bin\debug\netcoreapp3.1\mstestproject.dll" id="d0253fbc-f318-43e1-ba17-403751a45f74">
      <TestCategory>
        <TestCategoryItem TestCategory="Category1000" />
      </TestCategory>
      <Execution id="bc16c0be-d343-4629-b4b4-0caa77ee1f61" />
      <TestMethod codeBase="C:\Projekty\MSTestProject\bin\Debug\netcoreapp3.1\MSTestProject.dll" adapterTypeName="executor://mstestadapter/v2" className="TwojeWesele.Services.Helpers.Tests.CurrencyHelperTests" name="FormatToStringTest1000" />
    </UnitTest>
    <UnitTest name="FormatToStringTest1000 (2339.5873176472205,2339.59 zł)" storage="c:\projekty\mstestproject\bin\debug\netcoreapp3.1\mstestproject.dll" id="38051980-ca1c-44db-a4a5-c06450ded6f8">
      <TestCategory>
        <TestCategoryItem TestCategory="Category1000" />
      </TestCategory>
      <Execution id="3499ebbe-b732-4659-9256-6a2b6a681ee3" />
      <TestMethod codeBase="C:\Projekty\MSTestProject\bin\Debug\netcoreapp3.1\MSTestProject.dll" adapterTypeName="executor://mstestadapter/v2" className="TwojeWesele.Services.Helpers.Tests.CurrencyHelperTests" name="FormatToStringTest1000" />
    </UnitTest>
    <UnitTest name="FormatToStringTest1000 (5279.315995182524,5279.32 zł)" storage="c:\projekty\mstestproject\bin\debug\netcoreapp3.1\mstestproject.dll" id="3cc49a33-94ee-46bb-be82-d9565765ec00">
      <TestCategory>
        <TestCategoryItem TestCategory="Category1000" />
      </TestCategory>
      <Execution id="c184a3ec-b44d-46ee-8929-aa3a56655f9b" />
      <TestMethod codeBase="C:\Projekty\MSTestProject\bin\Debug\netcoreapp3.1\MSTestProject.dll" adapterTypeName="executor://mstestadapter/v2" className="TwojeWesele.Services.Helpers.Tests.CurrencyHelperTests" name="FormatToStringTest1000" />
    </UnitTest>
    <UnitTest name="FormatToStringTest1000 (22604.838218828587,22604.84 zł)" storage="c:\projekty\mstestproject\bin\debug\netcoreapp3.1\mstestproject.dll" id="a542d19b-4345-4f60-8d32-20a3d32b8016">
      <TestCategory>
        <TestCategoryItem TestCategory="Category1000" />
      </TestCategory>
      <Execution id="daf93013-7fad-4a47-ab1f-e4c9e05e654a" />
      <TestMethod codeBase="C:\Projekty\MSTestProject\bin\Debug\netcoreapp3.1\MSTestProject.dll" adapterTypeName="executor://mstestadapter/v2" className="TwojeWesele.Services.Helpers.Tests.CurrencyHelperTests" name="FormatToStringTest1000" />
    </UnitTest>
    <UnitTest name="FormatToStringTest1000 (72905.64834432845,72905.65 zł)" storage="c:\projekty\mstestproject\bin\debug\netcoreapp3.1\mstestproject.dll" id="8b85417a-b2c5-40b1-8b4a-429479b2403e">
      <TestCategory>
        <TestCategoryItem TestCategory="Category1000" />
      </TestCategory>
      <Execution id="a5204f9c-acf5-4b7d-9f43-c0acf6d5f0cc" />
      <TestMethod codeBase="C:\Projekty\MSTestProject\bin\Debug\netcoreapp3.1\MSTestProject.dll" adapterTypeName="executor://mstestadapter/v2" className="TwojeWesele.Services.Helpers.Tests.CurrencyHelperTests" name="FormatToStringTest1000" />
    </UnitTest>
    <UnitTest name="FormatToStringTest1000 (45603.90324273142,45603.90 zł)" storage="c:\projekty\mstestproject\bin\debug\netcoreapp3.1\mstestproject.dll" id="3fdaffe9-6abb-4ec6-89b8-4d88aa6f4f80">
      <TestCategory>
        <TestCategoryItem TestCategory="Category1000" />
      </TestCategory>
      <Execution id="64af9120-1425-4042-bcb4-74cbd56b5a15" />
      <TestMethod codeBase="C:\Projekty\MSTestProject\bin\Debug\netcoreapp3.1\MSTestProject.dll" adapterTypeName="executor://mstestadapter/v2" className="TwojeWesele.Services.Helpers.Tests.CurrencyHelperTests" name="FormatToStringTest1000" />
    </UnitTest>
    <UnitTest name="FormatToStringTest1000 (7671.0039663785155,7671.00 zł)" storage="c:\projekty\mstestproject\bin\debug\netcoreapp3.1\mstestproject.dll" id="b2e80109-2693-4dd1-959e-1858f34f64b4">
      <TestCategory>
        <TestCategoryItem TestCategory="Category1000" />
      </TestCategory>
      <Execution id="11310f13-3b70-4d27-9d81-c96bfe9d58e4" />
      <TestMethod codeBase="C:\Projekty\MSTestProject\bin\Debug\netcoreapp3.1\MSTestProject.dll" adapterTypeName="executor://mstestadapter/v2" className="TwojeWesele.Services.Helpers.Tests.CurrencyHelperTests" name="FormatToStringTest1000" />
    </UnitTest>
    <UnitTest name="FormatToStringTest1000 (35714.78133482243,35714.78 zł)" storage="c:\projekty\mstestproject\bin\debug\netcoreapp3.1\mstestproject.dll" id="b494a90b-fc1d-4bf0-875f-50126ca2e7ba">
      <TestCategory>
        <TestCategoryItem TestCategory="Category1000" />
      </TestCategory>
      <Execution id="382deb56-2920-46e7-8b50-912965f31553" />
      <TestMethod codeBase="C:\Projekty\MSTestProject\bin\Debug\netcoreapp3.1\MSTestProject.dll" adapterTypeName="executor://mstestadapter/v2" className="TwojeWesele.Services.Helpers.Tests.CurrencyHelperTests" name="FormatToStringTest1000" />
    </UnitTest>
    <UnitTest name="FormatToStringTest1000 (7621.507806692509,7621.51 zł)" storage="c:\projekty\mstestproject\bin\debug\netcoreapp3.1\mstestproject.dll" id="7c1fdf61-74a1-4a61-bfa6-112bfb6056f6">
      <TestCategory>
        <TestCategoryItem TestCategory="Category1000" />
      </TestCategory>
      <Execution id="30d1b174-7488-4fce-855a-6a514080318b" />
      <TestMethod codeBase="C:\Projekty\MSTestProject\bin\Debug\netcoreapp3.1\MSTestProject.dll" adapterTypeName="executor://mstestadapter/v2" className="TwojeWesele.Services.Helpers.Tests.CurrencyHelperTests" name="FormatToStringTest1000" />
    </UnitTest>
    <UnitTest name="FormatToStringTest1000 (6352.983758103561,6352.98 zł)" storage="c:\projekty\mstestproject\bin\debug\netcoreapp3.1\mstestproject.dll" id="80a166c0-bd43-41f4-b001-cb21bcec96db">
      <TestCategory>
        <TestCategoryItem TestCategory="Category1000" />
      </TestCategory>
      <Execution id="b0033cfd-3c63-4d3d-8106-9a850b20fb66" />
      <TestMethod codeBase="C:\Projekty\MSTestProject\bin\Debug\netcoreapp3.1\MSTestProject.dll" adapterTypeName="executor://mstestadapter/v2" className="TwojeWesele.Services.Helpers.Tests.CurrencyHelperTests" name="FormatToStringTest1000" />
    </UnitTest>
    <UnitTest name="FormatToStringTest1000 (14635.510547500808,14635.51 zł)" storage="c:\projekty\mstestproject\bin\debug\netcoreapp3.1\mstestproject.dll" id="e0d136dd-d590-42e4-b682-4a182fa79074">
      <TestCategory>
        <TestCategoryItem TestCategory="Category1000" />
      </TestCategory>
      <Execution id="e2955068-b809-44d5-9e46-51ca4aab55d7" />
      <TestMethod codeBase="C:\Projekty\MSTestProject\bin\Debug\netcoreapp3.1\MSTestProject.dll" adapterTypeName="executor://mstestadapter/v2" className="TwojeWesele.Services.Helpers.Tests.CurrencyHelperTests" name="FormatToStringTest1000" />
    </UnitTest>
    <UnitTest name="FormatToStringTest1000 (12949.590713378317,12949.59 zł)" storage="c:\projekty\mstestproject\bin\debug\netcoreapp3.1\mstestproject.dll" id="295f33a5-2b0b-4692-974d-7a6ee0f46f83">
      <TestCategory>
        <TestCategoryItem TestCategory="Category1000" />
      </TestCategory>
      <Execution id="314ca7d1-516c-42b2-b4df-c7bc60c0d795" />
      <TestMethod codeBase="C:\Projekty\MSTestProject\bin\Debug\netcoreapp3.1\MSTestProject.dll" adapterTypeName="executor://mstestadapter/v2" className="TwojeWesele.Services.Helpers.Tests.CurrencyHelperTests" name="FormatToStringTest1000" />
    </UnitTest>
    <UnitTest name="FormatToStringTest1000 (22533.17694295811,22533.18 zł)" storage="c:\projekty\mstestproject\bin\debug\netcoreapp3.1\mstestproject.dll" id="b836e08f-1f81-4b61-9aef-a28a7ad58d4e">
      <TestCategory>
        <TestCategoryItem TestCategory="Category1000" />
      </TestCategory>
      <Execution id="bb016296-9c89-44dd-9d47-1b7e93077af9" />
      <TestMethod codeBase="C:\Projekty\MSTestProject\bin\Debug\netcoreapp3.1\MSTestProject.dll" adapterTypeName="executor://mstestadapter/v2" className="TwojeWesele.Services.Helpers.Tests.CurrencyHelperTests" name="FormatToStringTest1000" />
    </UnitTest>
    <UnitTest name="FormatToStringTest1000 (37954.34384365396,37954.34 zł)" storage="c:\projekty\mstestproject\bin\debug\netcoreapp3.1\mstestproject.dll" id="99573c2b-e605-4e14-a590-019f75a830c2">
      <TestCategory>
        <TestCategoryItem TestCategory="Category1000" />
      </TestCategory>
      <Execution id="c516c65d-757c-4b00-9306-085aa22fd959" />
      <TestMethod codeBase="C:\Projekty\MSTestProject\bin\Debug\netcoreapp3.1\MSTestProject.dll" adapterTypeName="executor://mstestadapter/v2" className="TwojeWesele.Services.Helpers.Tests.CurrencyHelperTests" name="FormatToStringTest1000" />
    </UnitTest>
    <UnitTest name="FormatToStringTest1000 (27050.586848031067,27050.59 zł)" storage="c:\projekty\mstestproject\bin\debug\netcoreapp3.1\mstestproject.dll" id="ec0944aa-86d8-4e5c-b3ba-1d1fc6ed190c">
      <TestCategory>
        <TestCategoryItem TestCategory="Category1000" />
      </TestCategory>
      <Execution id="fc722c7d-215d-459e-8f63-82b483fd8023" />
      <TestMethod codeBase="C:\Projekty\MSTestProject\bin\Debug\netcoreapp3.1\MSTestProject.dll" adapterTypeName="executor://mstestadapter/v2" className="TwojeWesele.Services.Helpers.Tests.CurrencyHelperTests" name="FormatToStringTest1000" />
    </UnitTest>
    <UnitTest name="FormatToStringTest1000 (63427.55325689332,63427.55 zł)" storage="c:\projekty\mstestproject\bin\debug\netcoreapp3.1\mstestproject.dll" id="a84d6a33-40e0-4038-9c4f-4f3fd10059b1">
      <TestCategory>
        <TestCategoryItem TestCategory="Category1000" />
      </TestCategory>
      <Execution id="e1fd79db-2397-4957-8d11-a0b440b61aa4" />
      <TestMethod codeBase="C:\Projekty\MSTestProject\bin\Debug\netcoreapp3.1\MSTestProject.dll" adapterTypeName="executor://mstestadapter/v2" className="TwojeWesele.Services.Helpers.Tests.CurrencyHelperTests" name="FormatToStringTest1000" />
    </UnitTest>
    <UnitTest name="FormatToStringTest1000 (43727.735558145556,43727.74 zł)" storage="c:\projekty\mstestproject\bin\debug\netcoreapp3.1\mstestproject.dll" id="fd1e09bd-f327-4ad9-bd13-16ae3a3efbaf">
      <TestCategory>
        <TestCategoryItem TestCategory="Category1000" />
      </TestCategory>
      <Execution id="7cdc8642-0091-444e-a96d-3ea4df2010b8" />
      <TestMethod codeBase="C:\Projekty\MSTestProject\bin\Debug\netcoreapp3.1\MSTestProject.dll" adapterTypeName="executor://mstestadapter/v2" className="TwojeWesele.Services.Helpers.Tests.CurrencyHelperTests" name="FormatToStringTest1000" />
    </UnitTest>
    <UnitTest name="FormatToStringTest1000 (66945.02904917022,66945.03 zł)" storage="c:\projekty\mstestproject\bin\debug\netcoreapp3.1\mstestproject.dll" id="ba2ec6bc-9391-4aa9-b43b-d48cf8ea53fd">
      <TestCategory>
        <TestCategoryItem TestCategory="Category1000" />
      </TestCategory>
      <Execution id="4a6fe278-c710-41d3-9964-bf6f88b5f760" />
      <TestMethod codeBase="C:\Projekty\MSTestProject\bin\Debug\netcoreapp3.1\MSTestProject.dll" adapterTypeName="executor://mstestadapter/v2" className="TwojeWesele.Services.Helpers.Tests.CurrencyHelperTests" name="FormatToStringTest1000" />
    </UnitTest>
    <UnitTest name="FormatToStringTest1000 (1181.5773122979222,1181.58 zł)" storage="c:\projekty\mstestproject\bin\debug\netcoreapp3.1\mstestproject.dll" id="2497090f-23bf-4ea5-aa19-f22cf5554b75">
      <TestCategory>
        <TestCategoryItem TestCategory="Category1000" />
      </TestCategory>
      <Execution id="c052eddf-5aa1-41da-b78e-9c4b454ff581" />
      <TestMethod codeBase="C:\Projekty\MSTestProject\bin\Debug\netcoreapp3.1\MSTestProject.dll" adapterTypeName="executor://mstestadapter/v2" className="TwojeWesele.Services.Helpers.Tests.CurrencyHelperTests" name="FormatToStringTest1000" />
    </UnitTest>
    <UnitTest name="FormatToStringTest1000 (2298.0331723829886,2298.03 zł)" storage="c:\projekty\mstestproject\bin\debug\netcoreapp3.1\mstestproject.dll" id="b9afde51-d6ad-4b86-ac8a-d47a69f53b18">
      <TestCategory>
        <TestCategoryItem TestCategory="Category1000" />
      </TestCategory>
      <Execution id="138a1343-1c31-4097-a4ea-18133c651ac0" />
      <TestMethod codeBase="C:\Projekty\MSTestProject\bin\Debug\netcoreapp3.1\MSTestProject.dll" adapterTypeName="executor://mstestadapter/v2" className="TwojeWesele.Services.Helpers.Tests.CurrencyHelperTests" name="FormatToStringTest1000" />
    </UnitTest>
    <UnitTest name="FormatToStringTest1000 (23174.85693288448,23174.86 zł)" storage="c:\projekty\mstestproject\bin\debug\netcoreapp3.1\mstestproject.dll" id="ece3f968-f831-4410-b790-de13ac4a3faa">
      <TestCategory>
        <TestCategoryItem TestCategory="Category1000" />
      </TestCategory>
      <Execution id="4a9e15c2-4937-470a-a01c-4ada1637351b" />
      <TestMethod codeBase="C:\Projekty\MSTestProject\bin\Debug\netcoreapp3.1\MSTestProject.dll" adapterTypeName="executor://mstestadapter/v2" className="TwojeWesele.Services.Helpers.Tests.CurrencyHelperTests" name="FormatToStringTest1000" />
    </UnitTest>
    <UnitTest name="FormatToStringTest1000 (643.3550376181281,643.36 zł)" storage="c:\projekty\mstestproject\bin\debug\netcoreapp3.1\mstestproject.dll" id="a52a53bf-614c-4fa8-8eac-149d9de10b73">
      <TestCategory>
        <TestCategoryItem TestCategory="Category1000" />
      </TestCategory>
      <Execution id="40d2ab64-3ed8-4eff-8491-120bb026d0b6" />
      <TestMethod codeBase="C:\Projekty\MSTestProject\bin\Debug\netcoreapp3.1\MSTestProject.dll" adapterTypeName="executor://mstestadapter/v2" className="TwojeWesele.Services.Helpers.Tests.CurrencyHelperTests" name="FormatToStringTest1000" />
    </UnitTest>
    <UnitTest name="FormatToStringTest1000 (7789.7136237517525,7789.71 zł)" storage="c:\projekty\mstestproject\bin\debug\netcoreapp3.1\mstestproject.dll" id="93c49823-9ad5-43e6-a6a8-a5bac63c67a9">
      <TestCategory>
        <TestCategoryItem TestCategory="Category1000" />
      </TestCategory>
      <Execution id="eb7b3f2b-1df8-47b8-8957-c67f3a87985a" />
      <TestMethod codeBase="C:\Projekty\MSTestProject\bin\Debug\netcoreapp3.1\MSTestProject.dll" adapterTypeName="executor://mstestadapter/v2" className="TwojeWesele.Services.Helpers.Tests.CurrencyHelperTests" name="FormatToStringTest1000" />
    </UnitTest>
    <UnitTest name="FormatToStringTest1000 (52888.48934243642,52888.49 zł)" storage="c:\projekty\mstestproject\bin\debug\netcoreapp3.1\mstestproject.dll" id="325a0cc9-f97a-4c63-aeb3-f80a1f1a1498">
      <TestCategory>
        <TestCategoryItem TestCategory="Category1000" />
      </TestCategory>
      <Execution id="873a9e5b-2b15-4431-8ac0-0bed73665a4f" />
      <TestMethod codeBase="C:\Projekty\MSTestProject\bin\Debug\netcoreapp3.1\MSTestProject.dll" adapterTypeName="executor://mstestadapter/v2" className="TwojeWesele.Services.Helpers.Tests.CurrencyHelperTests" name="FormatToStringTest1000" />
    </UnitTest>
    <UnitTest name="FormatToStringTest1000 (6946.333318357977,6946.33 zł)" storage="c:\projekty\mstestproject\bin\debug\netcoreapp3.1\mstestproject.dll" id="6eb2f0c3-ac6f-452e-beeb-1f2dc865c05b">
      <TestCategory>
        <TestCategoryItem TestCategory="Category1000" />
      </TestCategory>
      <Execution id="9ba4a185-b4fd-41ce-ba36-2bd0e01d6296" />
      <TestMethod codeBase="C:\Projekty\MSTestProject\bin\Debug\netcoreapp3.1\MSTestProject.dll" adapterTypeName="executor://mstestadapter/v2" className="TwojeWesele.Services.Helpers.Tests.CurrencyHelperTests" name="FormatToStringTest1000" />
    </UnitTest>
    <UnitTest name="FormatToStringTest1000 (14480.387652530982,14480.39 zł)" storage="c:\projekty\mstestproject\bin\debug\netcoreapp3.1\mstestproject.dll" id="cadfc0b1-89ec-4e69-9395-1e5ca7ce41c3">
      <TestCategory>
        <TestCategoryItem TestCategory="Category1000" />
      </TestCategory>
      <Execution id="ba5cb1ca-ab81-4e29-861a-60637a103bfd" />
      <TestMethod codeBase="C:\Projekty\MSTestProject\bin\Debug\netcoreapp3.1\MSTestProject.dll" adapterTypeName="executor://mstestadapter/v2" className="TwojeWesele.Services.Helpers.Tests.CurrencyHelperTests" name="FormatToStringTest1000" />
    </UnitTest>
    <UnitTest name="FormatToStringTest1000 (26945.125386551546,26945.13 zł)" storage="c:\projekty\mstestproject\bin\debug\netcoreapp3.1\mstestproject.dll" id="b1061ca0-c991-4da2-8eef-8dd3d619e647">
      <TestCategory>
        <TestCategoryItem TestCategory="Category1000" />
      </TestCategory>
      <Execution id="0810d21c-f813-4368-82a8-6b7a6bc027e4" />
      <TestMethod codeBase="C:\Projekty\MSTestProject\bin\Debug\netcoreapp3.1\MSTestProject.dll" adapterTypeName="executor://mstestadapter/v2" className="TwojeWesele.Services.Helpers.Tests.CurrencyHelperTests" name="FormatToStringTest1000" />
    </UnitTest>
    <UnitTest name="FormatToStringTest1000 (52032.65082931176,52032.65 zł)" storage="c:\projekty\mstestproject\bin\debug\netcoreapp3.1\mstestproject.dll" id="a952cd0e-380a-4f58-881b-87b9b2c6b532">
      <TestCategory>
        <TestCategoryItem TestCategory="Category1000" />
      </TestCategory>
      <Execution id="2d23c0b2-3550-45ab-8aed-24d606a12509" />
      <TestMethod codeBase="C:\Projekty\MSTestProject\bin\Debug\netcoreapp3.1\MSTestProject.dll" adapterTypeName="executor://mstestadapter/v2" className="TwojeWesele.Services.Helpers.Tests.CurrencyHelperTests" name="FormatToStringTest1000" />
    </UnitTest>
    <UnitTest name="FormatToStringTest1000 (16383.352881839199,16383.35 zł)" storage="c:\projekty\mstestproject\bin\debug\netcoreapp3.1\mstestproject.dll" id="a46a9d34-cb01-4083-b7fd-440e5a70af53">
      <TestCategory>
        <TestCategoryItem TestCategory="Category1000" />
      </TestCategory>
      <Execution id="8e09d031-ab8f-4556-8f79-e83ce8f68a91" />
      <TestMethod codeBase="C:\Projekty\MSTestProject\bin\Debug\netcoreapp3.1\MSTestProject.dll" adapterTypeName="executor://mstestadapter/v2" className="TwojeWesele.Services.Helpers.Tests.CurrencyHelperTests" name="FormatToStringTest1000" />
    </UnitTest>
    <UnitTest name="FormatToStringTest1000 (14719.97001409762,14719.97 zł)" storage="c:\projekty\mstestproject\bin\debug\netcoreapp3.1\mstestproject.dll" id="e42429df-ea16-4ca3-99d3-ecf15d942b07">
      <TestCategory>
        <TestCategoryItem TestCategory="Category1000" />
      </TestCategory>
      <Execution id="aae97ef6-f74b-4203-9dc4-6b2788b7fcbc" />
      <TestMethod codeBase="C:\Projekty\MSTestProject\bin\Debug\netcoreapp3.1\MSTestProject.dll" adapterTypeName="executor://mstestadapter/v2" className="TwojeWesele.Services.Helpers.Tests.CurrencyHelperTests" name="FormatToStringTest1000" />
    </UnitTest>
    <UnitTest name="FormatToStringTest1000 (22281.48592587257,22281.49 zł)" storage="c:\projekty\mstestproject\bin\debug\netcoreapp3.1\mstestproject.dll" id="f2c90a54-b991-4662-9013-b0eff39229e9">
      <TestCategory>
        <TestCategoryItem TestCategory="Category1000" />
      </TestCategory>
      <Execution id="850b7275-7eee-4f8e-829b-9475a9dd8563" />
      <TestMethod codeBase="C:\Projekty\MSTestProject\bin\Debug\netcoreapp3.1\MSTestProject.dll" adapterTypeName="executor://mstestadapter/v2" className="TwojeWesele.Services.Helpers.Tests.CurrencyHelperTests" name="FormatToStringTest1000" />
    </UnitTest>
    <UnitTest name="FormatToStringTest1000 (36320.770035296104,36320.77 zł)" storage="c:\projekty\mstestproject\bin\debug\netcoreapp3.1\mstestproject.dll" id="d9be8d3d-33b2-4e17-ad00-69ed6cfca700">
      <TestCategory>
        <TestCategoryItem TestCategory="Category1000" />
      </TestCategory>
      <Execution id="572bebfc-c081-480a-943b-5f08f118fddc" />
      <TestMethod codeBase="C:\Projekty\MSTestProject\bin\Debug\netcoreapp3.1\MSTestProject.dll" adapterTypeName="executor://mstestadapter/v2" className="TwojeWesele.Services.Helpers.Tests.CurrencyHelperTests" name="FormatToStringTest1000" />
    </UnitTest>
    <UnitTest name="FormatToStringTest1000 (19840.47672110632,19840.48 zł)" storage="c:\projekty\mstestproject\bin\debug\netcoreapp3.1\mstestproject.dll" id="a2815ad6-aac8-4d1a-8e1c-5d9dd1c26580">
      <TestCategory>
        <TestCategoryItem TestCategory="Category1000" />
      </TestCategory>
      <Execution id="1c9d7814-8afe-4760-8a6d-1cc963be1e9b" />
      <TestMethod codeBase="C:\Projekty\MSTestProject\bin\Debug\netcoreapp3.1\MSTestProject.dll" adapterTypeName="executor://mstestadapter/v2" className="TwojeWesele.Services.Helpers.Tests.CurrencyHelperTests" name="FormatToStringTest1000" />
    </UnitTest>
    <UnitTest name="FormatToStringTest1000 (69864.17463991146,69864.17 zł)" storage="c:\projekty\mstestproject\bin\debug\netcoreapp3.1\mstestproject.dll" id="1c979cf2-4e6a-405d-b64a-998d9e9e3f74">
      <TestCategory>
        <TestCategoryItem TestCategory="Category1000" />
      </TestCategory>
      <Execution id="35449a8e-b9a9-4b57-8417-cf6a7e9035f4" />
      <TestMethod codeBase="C:\Projekty\MSTestProject\bin\Debug\netcoreapp3.1\MSTestProject.dll" adapterTypeName="executor://mstestadapter/v2" className="TwojeWesele.Services.Helpers.Tests.CurrencyHelperTests" name="FormatToStringTest1000" />
    </UnitTest>
    <UnitTest name="FormatToStringTest1000 (35384.637112688106,35384.64 zł)" storage="c:\projekty\mstestproject\bin\debug\netcoreapp3.1\mstestproject.dll" id="a4ae9481-68cf-43b0-ba98-9ed78e3fa4d5">
      <TestCategory>
        <TestCategoryItem TestCategory="Category1000" />
      </TestCategory>
      <Execution id="731bb597-680a-4204-9699-3a934c387645" />
      <TestMethod codeBase="C:\Projekty\MSTestProject\bin\Debug\netcoreapp3.1\MSTestProject.dll" adapterTypeName="executor://mstestadapter/v2" className="TwojeWesele.Services.Helpers.Tests.CurrencyHelperTests" name="FormatToStringTest1000" />
    </UnitTest>
    <UnitTest name="FormatToStringTest1000 (76106.57198894516,76106.57 zł)" storage="c:\projekty\mstestproject\bin\debug\netcoreapp3.1\mstestproject.dll" id="aa901647-0c02-4c1a-b05f-488abfb3b098">
      <TestCategory>
        <TestCategoryItem TestCategory="Category1000" />
      </TestCategory>
      <Execution id="b4b2b4bd-ad54-46a0-9f3a-c8c735d0e3a0" />
      <TestMethod codeBase="C:\Projekty\MSTestProject\bin\Debug\netcoreapp3.1\MSTestProject.dll" adapterTypeName="executor://mstestadapter/v2" className="TwojeWesele.Services.Helpers.Tests.CurrencyHelperTests" name="FormatToStringTest1000" />
    </UnitTest>
    <UnitTest name="FormatToStringTest1000 (1300.9430775404642,1300.94 zł)" storage="c:\projekty\mstestproject\bin\debug\netcoreapp3.1\mstestproject.dll" id="2110c7f7-d380-4e20-8103-fc586c3bec34">
      <TestCategory>
        <TestCategoryItem TestCategory="Category1000" />
      </TestCategory>
      <Execution id="f3cfdab6-48f6-4343-b3d1-d75c820fdd40" />
      <TestMethod codeBase="C:\Projekty\MSTestProject\bin\Debug\netcoreapp3.1\MSTestProject.dll" adapterTypeName="executor://mstestadapter/v2" className="TwojeWesele.Services.Helpers.Tests.CurrencyHelperTests" name="FormatToStringTest1000" />
    </UnitTest>
    <UnitTest name="FormatToStringTest1000 (1884.4923513031063,1884.49 zł)" storage="c:\projekty\mstestproject\bin\debug\netcoreapp3.1\mstestproject.dll" id="4ea397ba-53b7-42b9-886b-de0a6562d32c">
      <TestCategory>
        <TestCategoryItem TestCategory="Category1000" />
      </TestCategory>
      <Execution id="989b43db-8e7b-4bfa-ae6f-94030a854dbd" />
      <TestMethod codeBase="C:\Projekty\MSTestProject\bin\Debug\netcoreapp3.1\MSTestProject.dll" adapterTypeName="executor://mstestadapter/v2" className="TwojeWesele.Services.Helpers.Tests.CurrencyHelperTests" name="FormatToStringTest1000" />
    </UnitTest>
    <UnitTest name="FormatToStringTest1000 (14237.13226245955,14237.13 zł)" storage="c:\projekty\mstestproject\bin\debug\netcoreapp3.1\mstestproject.dll" id="09483425-5ec5-40a3-a2c0-edcfa4d831bc">
      <TestCategory>
        <TestCategoryItem TestCategory="Category1000" />
      </TestCategory>
      <Execution id="9e5cef80-527a-4635-abd6-6645d10ee49d" />
      <TestMethod codeBase="C:\Projekty\MSTestProject\bin\Debug\netcoreapp3.1\MSTestProject.dll" adapterTypeName="executor://mstestadapter/v2" className="TwojeWesele.Services.Helpers.Tests.CurrencyHelperTests" name="FormatToStringTest1000" />
    </UnitTest>
    <UnitTest name="FormatToStringTest1000 (15907.394871033446,15907.39 zł)" storage="c:\projekty\mstestproject\bin\debug\netcoreapp3.1\mstestproject.dll" id="ecb5b86a-774f-4a59-bd5a-e475ece22761">
      <TestCategory>
        <TestCategoryItem TestCategory="Category1000" />
      </TestCategory>
      <Execution id="06dcd3ea-c8da-48a5-a07b-18641c716001" />
      <TestMethod codeBase="C:\Projekty\MSTestProject\bin\Debug\netcoreapp3.1\MSTestProject.dll" adapterTypeName="executor://mstestadapter/v2" className="TwojeWesele.Services.Helpers.Tests.CurrencyHelperTests" name="FormatToStringTest1000" />
    </UnitTest>
    <UnitTest name="FormatToStringTest1000 (4105.490993980081,4105.49 zł)" storage="c:\projekty\mstestproject\bin\debug\netcoreapp3.1\mstestproject.dll" id="a3070f6d-b37a-428b-88ef-eeb4445b39a2">
      <TestCategory>
        <TestCategoryItem TestCategory="Category1000" />
      </TestCategory>
      <Execution id="3ddf77c5-7a86-47a3-9adf-c4b050e2b7ba" />
      <TestMethod codeBase="C:\Projekty\MSTestProject\bin\Debug\netcoreapp3.1\MSTestProject.dll" adapterTypeName="executor://mstestadapter/v2" className="TwojeWesele.Services.Helpers.Tests.CurrencyHelperTests" name="FormatToStringTest1000" />
    </UnitTest>
    <UnitTest name="FormatToStringTest1000 (5398.2412667191775,5398.24 zł)" storage="c:\projekty\mstestproject\bin\debug\netcoreapp3.1\mstestproject.dll" id="2c9a209f-1f09-4caa-9992-c15403f3f276">
      <TestCategory>
        <TestCategoryItem TestCategory="Category1000" />
      </TestCategory>
      <Execution id="564a444c-6451-417a-814c-8b4ec23272d4" />
      <TestMethod codeBase="C:\Projekty\MSTestProject\bin\Debug\netcoreapp3.1\MSTestProject.dll" adapterTypeName="executor://mstestadapter/v2" className="TwojeWesele.Services.Helpers.Tests.CurrencyHelperTests" name="FormatToStringTest1000" />
    </UnitTest>
    <UnitTest name="FormatToStringTest1000 (9558.453124931293,9558.45 zł)" storage="c:\projekty\mstestproject\bin\debug\netcoreapp3.1\mstestproject.dll" id="3d45e895-4889-4f07-af8a-79c8cf1f8def">
      <TestCategory>
        <TestCategoryItem TestCategory="Category1000" />
      </TestCategory>
      <Execution id="49adfbb7-f4c8-4a97-85c5-42e942afeb53" />
      <TestMethod codeBase="C:\Projekty\MSTestProject\bin\Debug\netcoreapp3.1\MSTestProject.dll" adapterTypeName="executor://mstestadapter/v2" className="TwojeWesele.Services.Helpers.Tests.CurrencyHelperTests" name="FormatToStringTest1000" />
    </UnitTest>
    <UnitTest name="FormatToStringTest1000 (56373.35086238494,56373.35 zł)" storage="c:\projekty\mstestproject\bin\debug\netcoreapp3.1\mstestproject.dll" id="7013dcd1-84be-44ab-8358-7c3dc89f8246">
      <TestCategory>
        <TestCategoryItem TestCategory="Category1000" />
      </TestCategory>
      <Execution id="3f549903-90a2-4321-8280-c902c6892c15" />
      <TestMethod codeBase="C:\Projekty\MSTestProject\bin\Debug\netcoreapp3.1\MSTestProject.dll" adapterTypeName="executor://mstestadapter/v2" className="TwojeWesele.Services.Helpers.Tests.CurrencyHelperTests" name="FormatToStringTest1000" />
    </UnitTest>
    <UnitTest name="FormatToStringTest1000 (7076.829971250534,7076.83 zł)" storage="c:\projekty\mstestproject\bin\debug\netcoreapp3.1\mstestproject.dll" id="b8713d7b-36a8-4c22-bc9e-cfa1aae7ec19">
      <TestCategory>
        <TestCategoryItem TestCategory="Category1000" />
      </TestCategory>
      <Execution id="b9858168-4329-4532-b8c0-c1a4b633a845" />
      <TestMethod codeBase="C:\Projekty\MSTestProject\bin\Debug\netcoreapp3.1\MSTestProject.dll" adapterTypeName="executor://mstestadapter/v2" className="TwojeWesele.Services.Helpers.Tests.CurrencyHelperTests" name="FormatToStringTest1000" />
    </UnitTest>
    <UnitTest name="FormatToStringTest1000 (4669.392596858271,4669.39 zł)" storage="c:\projekty\mstestproject\bin\debug\netcoreapp3.1\mstestproject.dll" id="09f6cd9c-cf21-460c-bcb1-c0ae8ca49c82">
      <TestCategory>
        <TestCategoryItem TestCategory="Category1000" />
      </TestCategory>
      <Execution id="4ad28e75-776f-42f1-bb45-cf1c30839a77" />
      <TestMethod codeBase="C:\Projekty\MSTestProject\bin\Debug\netcoreapp3.1\MSTestProject.dll" adapterTypeName="executor://mstestadapter/v2" className="TwojeWesele.Services.Helpers.Tests.CurrencyHelperTests" name="FormatToStringTest1000" />
    </UnitTest>
    <UnitTest name="FormatToStringTest1000 (54275.73209373408,54275.73 zł)" storage="c:\projekty\mstestproject\bin\debug\netcoreapp3.1\mstestproject.dll" id="3e8bfae2-346c-49f5-bfc1-c71fb0e38fdc">
      <TestCategory>
        <TestCategoryItem TestCategory="Category1000" />
      </TestCategory>
      <Execution id="88a8751c-84ac-4b88-a2ea-ea7ef09d43b9" />
      <TestMethod codeBase="C:\Projekty\MSTestProject\bin\Debug\netcoreapp3.1\MSTestProject.dll" adapterTypeName="executor://mstestadapter/v2" className="TwojeWesele.Services.Helpers.Tests.CurrencyHelperTests" name="FormatToStringTest1000" />
    </UnitTest>
    <UnitTest name="FormatToStringTest1000 (51632.87002968503,51632.87 zł)" storage="c:\projekty\mstestproject\bin\debug\netcoreapp3.1\mstestproject.dll" id="92fb9076-546d-4105-aa5f-8ff95cb8df70">
      <TestCategory>
        <TestCategoryItem TestCategory="Category1000" />
      </TestCategory>
      <Execution id="a0fc594e-9b29-43e5-ab84-21c209a46c0f" />
      <TestMethod codeBase="C:\Projekty\MSTestProject\bin\Debug\netcoreapp3.1\MSTestProject.dll" adapterTypeName="executor://mstestadapter/v2" className="TwojeWesele.Services.Helpers.Tests.CurrencyHelperTests" name="FormatToStringTest1000" />
    </UnitTest>
    <UnitTest name="FormatToStringTest1000 (9431.144757136304,9431.14 zł)" storage="c:\projekty\mstestproject\bin\debug\netcoreapp3.1\mstestproject.dll" id="a5828a1b-b31c-4873-8074-7a318d5be1ec">
      <TestCategory>
        <TestCategoryItem TestCategory="Category1000" />
      </TestCategory>
      <Execution id="b1c3f493-f150-47f6-bd48-7564770c294b" />
      <TestMethod codeBase="C:\Projekty\MSTestProject\bin\Debug\netcoreapp3.1\MSTestProject.dll" adapterTypeName="executor://mstestadapter/v2" className="TwojeWesele.Services.Helpers.Tests.CurrencyHelperTests" name="FormatToStringTest1000" />
    </UnitTest>
    <UnitTest name="FormatToStringTest1000 (76751.79413498091,76751.79 zł)" storage="c:\projekty\mstestproject\bin\debug\netcoreapp3.1\mstestproject.dll" id="bbdd22c2-a384-4dd9-be67-5a7db3804e9a">
      <TestCategory>
        <TestCategoryItem TestCategory="Category1000" />
      </TestCategory>
      <Execution id="0d866748-0af6-4564-9b8e-c06fdcf8bde4" />
      <TestMethod codeBase="C:\Projekty\MSTestProject\bin\Debug\netcoreapp3.1\MSTestProject.dll" adapterTypeName="executor://mstestadapter/v2" className="TwojeWesele.Services.Helpers.Tests.CurrencyHelperTests" name="FormatToStringTest1000" />
    </UnitTest>
    <UnitTest name="FormatToStringTest1000 (1814.7218118955948,1814.72 zł)" storage="c:\projekty\mstestproject\bin\debug\netcoreapp3.1\mstestproject.dll" id="9411f2e8-26a2-40ec-b1c8-04c4a3d81e65">
      <TestCategory>
        <TestCategoryItem TestCategory="Category1000" />
      </TestCategory>
      <Execution id="8715a494-2c06-49ae-9df0-ef9cf902c082" />
      <TestMethod codeBase="C:\Projekty\MSTestProject\bin\Debug\netcoreapp3.1\MSTestProject.dll" adapterTypeName="executor://mstestadapter/v2" className="TwojeWesele.Services.Helpers.Tests.CurrencyHelperTests" name="FormatToStringTest1000" />
    </UnitTest>
    <UnitTest name="FormatToStringTest1000 (26215.613055301183,26215.61 zł)" storage="c:\projekty\mstestproject\bin\debug\netcoreapp3.1\mstestproject.dll" id="585b5ee1-2b45-49d6-94fc-be4af9929594">
      <TestCategory>
        <TestCategoryItem TestCategory="Category1000" />
      </TestCategory>
      <Execution id="3388fd56-eddb-4623-8907-31f9d2d08cef" />
      <TestMethod codeBase="C:\Projekty\MSTestProject\bin\Debug\netcoreapp3.1\MSTestProject.dll" adapterTypeName="executor://mstestadapter/v2" className="TwojeWesele.Services.Helpers.Tests.CurrencyHelperTests" name="FormatToStringTest1000" />
    </UnitTest>
    <UnitTest name="FormatToStringTest1000 (28306.369434126827,28306.37 zł)" storage="c:\projekty\mstestproject\bin\debug\netcoreapp3.1\mstestproject.dll" id="486b8e71-2377-4cbc-a4e6-59ac635c8ec2">
      <TestCategory>
        <TestCategoryItem TestCategory="Category1000" />
      </TestCategory>
      <Execution id="195f2774-3bc4-458a-b0f4-8e5e253ae176" />
      <TestMethod codeBase="C:\Projekty\MSTestProject\bin\Debug\netcoreapp3.1\MSTestProject.dll" adapterTypeName="executor://mstestadapter/v2" className="TwojeWesele.Services.Helpers.Tests.CurrencyHelperTests" name="FormatToStringTest1000" />
    </UnitTest>
    <UnitTest name="FormatToStringTest1000 (41873.517751020154,41873.52 zł)" storage="c:\projekty\mstestproject\bin\debug\netcoreapp3.1\mstestproject.dll" id="6e3645d6-0fc4-4aac-8373-917b6f9affca">
      <TestCategory>
        <TestCategoryItem TestCategory="Category1000" />
      </TestCategory>
      <Execution id="f2f2f7df-b34e-4333-9e55-07d64bb2d003" />
      <TestMethod codeBase="C:\Projekty\MSTestProject\bin\Debug\netcoreapp3.1\MSTestProject.dll" adapterTypeName="executor://mstestadapter/v2" className="TwojeWesele.Services.Helpers.Tests.CurrencyHelperTests" name="FormatToStringTest1000" />
    </UnitTest>
    <UnitTest name="FormatToStringTest1000 (1514.6266382441981,1514.63 zł)" storage="c:\projekty\mstestproject\bin\debug\netcoreapp3.1\mstestproject.dll" id="7c1cf04a-8831-41c9-ab82-742125a0952a">
      <TestCategory>
        <TestCategoryItem TestCategory="Category1000" />
      </TestCategory>
      <Execution id="37b3a8db-c1a4-4f51-9266-63967054d875" />
      <TestMethod codeBase="C:\Projekty\MSTestProject\bin\Debug\netcoreapp3.1\MSTestProject.dll" adapterTypeName="executor://mstestadapter/v2" className="TwojeWesele.Services.Helpers.Tests.CurrencyHelperTests" name="FormatToStringTest1000" />
    </UnitTest>
    <UnitTest name="FormatToStringTest1000 (4030.673117592313,4030.67 zł)" storage="c:\projekty\mstestproject\bin\debug\netcoreapp3.1\mstestproject.dll" id="b9664de5-abfe-420a-8a24-b1c7e2cc1fd8">
      <TestCategory>
        <TestCategoryItem TestCategory="Category1000" />
      </TestCategory>
      <Execution id="e9359c20-f728-4f7d-a705-18f07d367113" />
      <TestMethod codeBase="C:\Projekty\MSTestProject\bin\Debug\netcoreapp3.1\MSTestProject.dll" adapterTypeName="executor://mstestadapter/v2" className="TwojeWesele.Services.Helpers.Tests.CurrencyHelperTests" name="FormatToStringTest1000" />
    </UnitTest>
    <UnitTest name="FormatToStringTest1000 (56802.303118930344,56802.30 zł)" storage="c:\projekty\mstestproject\bin\debug\netcoreapp3.1\mstestproject.dll" id="713ab9c4-8c52-4615-a487-e3aec0b56b45">
      <TestCategory>
        <TestCategoryItem TestCategory="Category1000" />
      </TestCategory>
      <Execution id="ddd09f1a-2e24-4fbf-8869-df81354af20b" />
      <TestMethod codeBase="C:\Projekty\MSTestProject\bin\Debug\netcoreapp3.1\MSTestProject.dll" adapterTypeName="executor://mstestadapter/v2" className="TwojeWesele.Services.Helpers.Tests.CurrencyHelperTests" name="FormatToStringTest1000" />
    </UnitTest>
    <UnitTest name="FormatToStringTest1000 (12118.31777677048,12118.32 zł)" storage="c:\projekty\mstestproject\bin\debug\netcoreapp3.1\mstestproject.dll" id="cce6d798-5b9e-4db8-a68a-a364dcce6cba">
      <TestCategory>
        <TestCategoryItem TestCategory="Category1000" />
      </TestCategory>
      <Execution id="175b882e-b706-471e-9649-7b1edc5f4a83" />
      <TestMethod codeBase="C:\Projekty\MSTestProject\bin\Debug\netcoreapp3.1\MSTestProject.dll" adapterTypeName="executor://mstestadapter/v2" className="TwojeWesele.Services.Helpers.Tests.CurrencyHelperTests" name="FormatToStringTest1000" />
    </UnitTest>
    <UnitTest name="FormatToStringTest1000 (17031.365705376662,17031.37 zł)" storage="c:\projekty\mstestproject\bin\debug\netcoreapp3.1\mstestproject.dll" id="b76500cd-bee7-4b80-bbec-12eeb35f96f6">
      <TestCategory>
        <TestCategoryItem TestCategory="Category1000" />
      </TestCategory>
      <Execution id="124e8b1e-7ff7-43a1-b636-062d68b49cbe" />
      <TestMethod codeBase="C:\Projekty\MSTestProject\bin\Debug\netcoreapp3.1\MSTestProject.dll" adapterTypeName="executor://mstestadapter/v2" className="TwojeWesele.Services.Helpers.Tests.CurrencyHelperTests" name="FormatToStringTest1000" />
    </UnitTest>
    <UnitTest name="FormatToStringTest1000 (21602.417596116393,21602.42 zł)" storage="c:\projekty\mstestproject\bin\debug\netcoreapp3.1\mstestproject.dll" id="428776fa-5b81-4b02-862b-c65f9b206cae">
      <TestCategory>
        <TestCategoryItem TestCategory="Category1000" />
      </TestCategory>
      <Execution id="edef8dcd-628f-4fcd-b774-7bd5a39ce4cf" />
      <TestMethod codeBase="C:\Projekty\MSTestProject\bin\Debug\netcoreapp3.1\MSTestProject.dll" adapterTypeName="executor://mstestadapter/v2" className="TwojeWesele.Services.Helpers.Tests.CurrencyHelperTests" name="FormatToStringTest1000" />
    </UnitTest>
    <UnitTest name="FormatToStringTest1000 (750.5106571719566,750.51 zł)" storage="c:\projekty\mstestproject\bin\debug\netcoreapp3.1\mstestproject.dll" id="4cd3f95d-4f11-4b66-8d58-8df2ff8cbd17">
      <TestCategory>
        <TestCategoryItem TestCategory="Category1000" />
      </TestCategory>
      <Execution id="74edcb57-b60f-4999-8a74-31ffded6ea74" />
      <TestMethod codeBase="C:\Projekty\MSTestProject\bin\Debug\netcoreapp3.1\MSTestProject.dll" adapterTypeName="executor://mstestadapter/v2" className="TwojeWesele.Services.Helpers.Tests.CurrencyHelperTests" name="FormatToStringTest1000" />
    </UnitTest>
    <UnitTest name="FormatToStringTest1000 (236.20263638589657,236.20 zł)" storage="c:\projekty\mstestproject\bin\debug\netcoreapp3.1\mstestproject.dll" id="4637ae0d-80db-48a2-ab54-939acac4831e">
      <TestCategory>
        <TestCategoryItem TestCategory="Category1000" />
      </TestCategory>
      <Execution id="f490fb73-6e4e-4540-b8e9-c920663e74ab" />
      <TestMethod codeBase="C:\Projekty\MSTestProject\bin\Debug\netcoreapp3.1\MSTestProject.dll" adapterTypeName="executor://mstestadapter/v2" className="TwojeWesele.Services.Helpers.Tests.CurrencyHelperTests" name="FormatToStringTest1000" />
    </UnitTest>
    <UnitTest name="FormatToStringTest1000 (1860.3356292016504,1860.34 zł)" storage="c:\projekty\mstestproject\bin\debug\netcoreapp3.1\mstestproject.dll" id="639e9bb2-5271-4478-9c57-5fd14845e809">
      <TestCategory>
        <TestCategoryItem TestCategory="Category1000" />
      </TestCategory>
      <Execution id="6356930f-9f19-48e1-b59c-d34f9847c0f6" />
      <TestMethod codeBase="C:\Projekty\MSTestProject\bin\Debug\netcoreapp3.1\MSTestProject.dll" adapterTypeName="executor://mstestadapter/v2" className="TwojeWesele.Services.Helpers.Tests.CurrencyHelperTests" name="FormatToStringTest1000" />
    </UnitTest>
    <UnitTest name="FormatToStringTest1000 (28072.424637532058,28072.42 zł)" storage="c:\projekty\mstestproject\bin\debug\netcoreapp3.1\mstestproject.dll" id="8a8f4703-cba9-4e6e-81db-5edac80424ec">
      <TestCategory>
        <TestCategoryItem TestCategory="Category1000" />
      </TestCategory>
      <Execution id="13fd2a39-81ff-4fa1-a593-e64571bbea4c" />
      <TestMethod codeBase="C:\Projekty\MSTestProject\bin\Debug\netcoreapp3.1\MSTestProject.dll" adapterTypeName="executor://mstestadapter/v2" className="TwojeWesele.Services.Helpers.Tests.CurrencyHelperTests" name="FormatToStringTest1000" />
    </UnitTest>
    <UnitTest name="FormatToStringTest1000 (19189.813662191766,19189.81 zł)" storage="c:\projekty\mstestproject\bin\debug\netcoreapp3.1\mstestproject.dll" id="54f1da17-112d-4247-82cd-786e7d009780">
      <TestCategory>
        <TestCategoryItem TestCategory="Category1000" />
      </TestCategory>
      <Execution id="32f51446-bc96-4304-9799-f7874ef069c0" />
      <TestMethod codeBase="C:\Projekty\MSTestProject\bin\Debug\netcoreapp3.1\MSTestProject.dll" adapterTypeName="executor://mstestadapter/v2" className="TwojeWesele.Services.Helpers.Tests.CurrencyHelperTests" name="FormatToStringTest1000" />
    </UnitTest>
    <UnitTest name="FormatToStringTest1000 (5254.6338787505565,5254.63 zł)" storage="c:\projekty\mstestproject\bin\debug\netcoreapp3.1\mstestproject.dll" id="f10c6e03-1b20-4ee9-b536-5ab1347d5fc1">
      <TestCategory>
        <TestCategoryItem TestCategory="Category1000" />
      </TestCategory>
      <Execution id="b4e36df3-9055-4745-b69b-934509d61e72" />
      <TestMethod codeBase="C:\Projekty\MSTestProject\bin\Debug\netcoreapp3.1\MSTestProject.dll" adapterTypeName="executor://mstestadapter/v2" className="TwojeWesele.Services.Helpers.Tests.CurrencyHelperTests" name="FormatToStringTest1000" />
    </UnitTest>
    <UnitTest name="FormatToStringTest1000 (10324.538670147089,10324.54 zł)" storage="c:\projekty\mstestproject\bin\debug\netcoreapp3.1\mstestproject.dll" id="d3d72f2a-6e74-4a16-b592-f0ebd375d5c9">
      <TestCategory>
        <TestCategoryItem TestCategory="Category1000" />
      </TestCategory>
      <Execution id="b8a46679-8bad-4812-ab0b-02bcbcbe09ea" />
      <TestMethod codeBase="C:\Projekty\MSTestProject\bin\Debug\netcoreapp3.1\MSTestProject.dll" adapterTypeName="executor://mstestadapter/v2" className="TwojeWesele.Services.Helpers.Tests.CurrencyHelperTests" name="FormatToStringTest1000" />
    </UnitTest>
    <UnitTest name="FormatToStringTest1000 (33413.381276228174,33413.38 zł)" storage="c:\projekty\mstestproject\bin\debug\netcoreapp3.1\mstestproject.dll" id="54544e15-26a0-4ea6-8888-c6266cb81bbc">
      <TestCategory>
        <TestCategoryItem TestCategory="Category1000" />
      </TestCategory>
      <Execution id="69330fbd-780e-4d66-b08c-2be04e7b9385" />
      <TestMethod codeBase="C:\Projekty\MSTestProject\bin\Debug\netcoreapp3.1\MSTestProject.dll" adapterTypeName="executor://mstestadapter/v2" className="TwojeWesele.Services.Helpers.Tests.CurrencyHelperTests" name="FormatToStringTest1000" />
    </UnitTest>
    <UnitTest name="FormatToStringTest1000 (55030.929183896136,55030.93 zł)" storage="c:\projekty\mstestproject\bin\debug\netcoreapp3.1\mstestproject.dll" id="6d5a7331-6d18-45b2-8a2f-97bf093f3a0f">
      <TestCategory>
        <TestCategoryItem TestCategory="Category1000" />
      </TestCategory>
      <Execution id="02174e1c-9883-4efe-a72b-92dde1a42390" />
      <TestMethod codeBase="C:\Projekty\MSTestProject\bin\Debug\netcoreapp3.1\MSTestProject.dll" adapterTypeName="executor://mstestadapter/v2" className="TwojeWesele.Services.Helpers.Tests.CurrencyHelperTests" name="FormatToStringTest1000" />
    </UnitTest>
    <UnitTest name="FormatToStringTest1000 (46590.9609819562,46590.96 zł)" storage="c:\projekty\mstestproject\bin\debug\netcoreapp3.1\mstestproject.dll" id="16f49d44-97df-44ce-9381-429cd37de14d">
      <TestCategory>
        <TestCategoryItem TestCategory="Category1000" />
      </TestCategory>
      <Execution id="fe3f4d36-f17c-4e6f-84d2-97457a026100" />
      <TestMethod codeBase="C:\Projekty\MSTestProject\bin\Debug\netcoreapp3.1\MSTestProject.dll" adapterTypeName="executor://mstestadapter/v2" className="TwojeWesele.Services.Helpers.Tests.CurrencyHelperTests" name="FormatToStringTest1000" />
    </UnitTest>
    <UnitTest name="FormatToStringTest1000 (9661.966055578536,9661.97 zł)" storage="c:\projekty\mstestproject\bin\debug\netcoreapp3.1\mstestproject.dll" id="39e1c83e-0b09-446c-83ca-880860dbb0c0">
      <TestCategory>
        <TestCategoryItem TestCategory="Category1000" />
      </TestCategory>
      <Execution id="6050e55f-59f8-4347-90e5-8715fd3ac48c" />
      <TestMethod codeBase="C:\Projekty\MSTestProject\bin\Debug\netcoreapp3.1\MSTestProject.dll" adapterTypeName="executor://mstestadapter/v2" className="TwojeWesele.Services.Helpers.Tests.CurrencyHelperTests" name="FormatToStringTest1000" />
    </UnitTest>
    <UnitTest name="FormatToStringTest1000 (46898.00219497783,46898.00 zł)" storage="c:\projekty\mstestproject\bin\debug\netcoreapp3.1\mstestproject.dll" id="29037cb1-3b84-47e2-84cc-287cc85ede8a">
      <TestCategory>
        <TestCategoryItem TestCategory="Category1000" />
      </TestCategory>
      <Execution id="c71381d5-e4c3-4a11-bcff-253b7b0a5fbc" />
      <TestMethod codeBase="C:\Projekty\MSTestProject\bin\Debug\netcoreapp3.1\MSTestProject.dll" adapterTypeName="executor://mstestadapter/v2" className="TwojeWesele.Services.Helpers.Tests.CurrencyHelperTests" name="FormatToStringTest1000" />
    </UnitTest>
    <UnitTest name="FormatToStringTest1000 (2435.1995505835857,2435.20 zł)" storage="c:\projekty\mstestproject\bin\debug\netcoreapp3.1\mstestproject.dll" id="29da84d3-72ae-42f7-9dd7-a317e90bfcca">
      <TestCategory>
        <TestCategoryItem TestCategory="Category1000" />
      </TestCategory>
      <Execution id="da9ddd92-95b1-4387-8fb7-df645d3f5ea1" />
      <TestMethod codeBase="C:\Projekty\MSTestProject\bin\Debug\netcoreapp3.1\MSTestProject.dll" adapterTypeName="executor://mstestadapter/v2" className="TwojeWesele.Services.Helpers.Tests.CurrencyHelperTests" name="FormatToStringTest1000" />
    </UnitTest>
    <UnitTest name="FormatToStringTest1000 (31971.185406704986,31971.19 zł)" storage="c:\projekty\mstestproject\bin\debug\netcoreapp3.1\mstestproject.dll" id="a5eeeb56-8bb6-4283-a6f9-9b010a191f80">
      <TestCategory>
        <TestCategoryItem TestCategory="Category1000" />
      </TestCategory>
      <Execution id="92b13c8f-00fd-45f9-b2aa-24b1d14034d6" />
      <TestMethod codeBase="C:\Projekty\MSTestProject\bin\Debug\netcoreapp3.1\MSTestProject.dll" adapterTypeName="executor://mstestadapter/v2" className="TwojeWesele.Services.Helpers.Tests.CurrencyHelperTests" name="FormatToStringTest1000" />
    </UnitTest>
    <UnitTest name="FormatToStringTest1000 (272.5621069118204,272.56 zł)" storage="c:\projekty\mstestproject\bin\debug\netcoreapp3.1\mstestproject.dll" id="d210691b-1d6c-4b20-b281-f6d9cc644ea3">
      <TestCategory>
        <TestCategoryItem TestCategory="Category1000" />
      </TestCategory>
      <Execution id="87d9530d-b5c7-492b-bc14-c4af4810a2e9" />
      <TestMethod codeBase="C:\Projekty\MSTestProject\bin\Debug\netcoreapp3.1\MSTestProject.dll" adapterTypeName="executor://mstestadapter/v2" className="TwojeWesele.Services.Helpers.Tests.CurrencyHelperTests" name="FormatToStringTest1000" />
    </UnitTest>
    <UnitTest name="FormatToStringTest1000 (100.45267071130345,100.45 zł)" storage="c:\projekty\mstestproject\bin\debug\netcoreapp3.1\mstestproject.dll" id="4ed5dff5-15bd-4a99-988e-02052de3e9bc">
      <TestCategory>
        <TestCategoryItem TestCategory="Category1000" />
      </TestCategory>
      <Execution id="56637f6d-6c47-43b0-af18-a0d1628d13f0" />
      <TestMethod codeBase="C:\Projekty\MSTestProject\bin\Debug\netcoreapp3.1\MSTestProject.dll" adapterTypeName="executor://mstestadapter/v2" className="TwojeWesele.Services.Helpers.Tests.CurrencyHelperTests" name="FormatToStringTest1000" />
    </UnitTest>
    <UnitTest name="FormatToStringTest1000 (22017.250119325356,22017.25 zł)" storage="c:\projekty\mstestproject\bin\debug\netcoreapp3.1\mstestproject.dll" id="d3404dd9-285c-4719-bdd7-608da0d8d1ce">
      <TestCategory>
        <TestCategoryItem TestCategory="Category1000" />
      </TestCategory>
      <Execution id="212c9480-1832-427a-9d23-a30436f0df35" />
      <TestMethod codeBase="C:\Projekty\MSTestProject\bin\Debug\netcoreapp3.1\MSTestProject.dll" adapterTypeName="executor://mstestadapter/v2" className="TwojeWesele.Services.Helpers.Tests.CurrencyHelperTests" name="FormatToStringTest1000" />
    </UnitTest>
    <UnitTest name="FormatToStringTest1000 (6820.105136090938,6820.11 zł)" storage="c:\projekty\mstestproject\bin\debug\netcoreapp3.1\mstestproject.dll" id="23cd0222-9188-4af8-b092-f0d85fd82642">
      <TestCategory>
        <TestCategoryItem TestCategory="Category1000" />
      </TestCategory>
      <Execution id="5f2b9af8-d9ea-4adf-88f4-4e292c6c9e8a" />
      <TestMethod codeBase="C:\Projekty\MSTestProject\bin\Debug\netcoreapp3.1\MSTestProject.dll" adapterTypeName="executor://mstestadapter/v2" className="TwojeWesele.Services.Helpers.Tests.CurrencyHelperTests" name="FormatToStringTest1000" />
    </UnitTest>
    <UnitTest name="FormatToStringTest1000 (159.83786031922224,159.84 zł)" storage="c:\projekty\mstestproject\bin\debug\netcoreapp3.1\mstestproject.dll" id="a6c6a920-1097-4cf2-a265-5cf5b9aa8534">
      <TestCategory>
        <TestCategoryItem TestCategory="Category1000" />
      </TestCategory>
      <Execution id="231d876c-baf0-47db-8dcc-612c91d3f316" />
      <TestMethod codeBase="C:\Projekty\MSTestProject\bin\Debug\netcoreapp3.1\MSTestProject.dll" adapterTypeName="executor://mstestadapter/v2" className="TwojeWesele.Services.Helpers.Tests.CurrencyHelperTests" name="FormatToStringTest1000" />
    </UnitTest>
    <UnitTest name="FormatToStringTest1000 (7951.322730072458,7951.32 zł)" storage="c:\projekty\mstestproject\bin\debug\netcoreapp3.1\mstestproject.dll" id="e5301248-81ed-4fcb-bcf1-685861b9638e">
      <TestCategory>
        <TestCategoryItem TestCategory="Category1000" />
      </TestCategory>
      <Execution id="900f6db9-137c-44c4-9506-fe6b063a6c7a" />
      <TestMethod codeBase="C:\Projekty\MSTestProject\bin\Debug\netcoreapp3.1\MSTestProject.dll" adapterTypeName="executor://mstestadapter/v2" className="TwojeWesele.Services.Helpers.Tests.CurrencyHelperTests" name="FormatToStringTest1000" />
    </UnitTest>
    <UnitTest name="FormatToStringTest1000 (23612.114499758984,23612.11 zł)" storage="c:\projekty\mstestproject\bin\debug\netcoreapp3.1\mstestproject.dll" id="1e7d30f2-dd56-4025-8ff9-5c5004eb968d">
      <TestCategory>
        <TestCategoryItem TestCategory="Category1000" />
      </TestCategory>
      <Execution id="067bcf3f-728f-49b6-a8fb-7c43f2d40275" />
      <TestMethod codeBase="C:\Projekty\MSTestProject\bin\Debug\netcoreapp3.1\MSTestProject.dll" adapterTypeName="executor://mstestadapter/v2" className="TwojeWesele.Services.Helpers.Tests.CurrencyHelperTests" name="FormatToStringTest1000" />
    </UnitTest>
    <UnitTest name="FormatToStringTest1000 (18208.8422650126,18208.84 zł)" storage="c:\projekty\mstestproject\bin\debug\netcoreapp3.1\mstestproject.dll" id="f475e013-b1e1-44ec-b82d-deb08b685cac">
      <TestCategory>
        <TestCategoryItem TestCategory="Category1000" />
      </TestCategory>
      <Execution id="dc8c34ef-f768-4dba-bbc7-4fa19e7ec901" />
      <TestMethod codeBase="C:\Projekty\MSTestProject\bin\Debug\netcoreapp3.1\MSTestProject.dll" adapterTypeName="executor://mstestadapter/v2" className="TwojeWesele.Services.Helpers.Tests.CurrencyHelperTests" name="FormatToStringTest1000" />
    </UnitTest>
    <UnitTest name="FormatToStringTest1000 (11904.111251175456,11904.11 zł)" storage="c:\projekty\mstestproject\bin\debug\netcoreapp3.1\mstestproject.dll" id="c0ed08de-bc3c-4884-a7f5-53bf2f815911">
      <TestCategory>
        <TestCategoryItem TestCategory="Category1000" />
      </TestCategory>
      <Execution id="d5459e2b-312f-433c-a65c-5140343bf71e" />
      <TestMethod codeBase="C:\Projekty\MSTestProject\bin\Debug\netcoreapp3.1\MSTestProject.dll" adapterTypeName="executor://mstestadapter/v2" className="TwojeWesele.Services.Helpers.Tests.CurrencyHelperTests" name="FormatToStringTest1000" />
    </UnitTest>
    <UnitTest name="FormatToStringTest1000 (19603.69286519321,19603.69 zł)" storage="c:\projekty\mstestproject\bin\debug\netcoreapp3.1\mstestproject.dll" id="fdc5f530-08ca-4f38-b2b1-78e7bdf1486f">
      <TestCategory>
        <TestCategoryItem TestCategory="Category1000" />
      </TestCategory>
      <Execution id="00c4553e-9772-4025-b587-dab965606852" />
      <TestMethod codeBase="C:\Projekty\MSTestProject\bin\Debug\netcoreapp3.1\MSTestProject.dll" adapterTypeName="executor://mstestadapter/v2" className="TwojeWesele.Services.Helpers.Tests.CurrencyHelperTests" name="FormatToStringTest1000" />
    </UnitTest>
    <UnitTest name="FormatToStringTest1000 (28455.229970996843,28455.23 zł)" storage="c:\projekty\mstestproject\bin\debug\netcoreapp3.1\mstestproject.dll" id="0d4e2cfd-62bc-482a-a183-88d12c530b33">
      <TestCategory>
        <TestCategoryItem TestCategory="Category1000" />
      </TestCategory>
      <Execution id="c54e42d1-8763-4f28-8c5d-0c63506105ff" />
      <TestMethod codeBase="C:\Projekty\MSTestProject\bin\Debug\netcoreapp3.1\MSTestProject.dll" adapterTypeName="executor://mstestadapter/v2" className="TwojeWesele.Services.Helpers.Tests.CurrencyHelperTests" name="FormatToStringTest1000" />
    </UnitTest>
    <UnitTest name="FormatToStringTest1000 (38402.8293406753,38402.83 zł)" storage="c:\projekty\mstestproject\bin\debug\netcoreapp3.1\mstestproject.dll" id="22d83b77-5c22-4d10-8a14-bf7a3e5c4608">
      <TestCategory>
        <TestCategoryItem TestCategory="Category1000" />
      </TestCategory>
      <Execution id="2aac9a1a-532b-4bf8-b798-870f74b50c7a" />
      <TestMethod codeBase="C:\Projekty\MSTestProject\bin\Debug\netcoreapp3.1\MSTestProject.dll" adapterTypeName="executor://mstestadapter/v2" className="TwojeWesele.Services.Helpers.Tests.CurrencyHelperTests" name="FormatToStringTest1000" />
    </UnitTest>
    <UnitTest name="FormatToStringTest1000 (13574.683315038068,13574.68 zł)" storage="c:\projekty\mstestproject\bin\debug\netcoreapp3.1\mstestproject.dll" id="f52ae606-c060-420b-800f-9689f8242fe6">
      <TestCategory>
        <TestCategoryItem TestCategory="Category1000" />
      </TestCategory>
      <Execution id="c000fccc-b719-4172-bb60-4b602a2063d6" />
      <TestMethod codeBase="C:\Projekty\MSTestProject\bin\Debug\netcoreapp3.1\MSTestProject.dll" adapterTypeName="executor://mstestadapter/v2" className="TwojeWesele.Services.Helpers.Tests.CurrencyHelperTests" name="FormatToStringTest1000" />
    </UnitTest>
    <UnitTest name="FormatToStringTest1000 (10370.0107542784,10370.01 zł)" storage="c:\projekty\mstestproject\bin\debug\netcoreapp3.1\mstestproject.dll" id="f6b0de7b-66fe-480b-a17e-b432de3a7d2f">
      <TestCategory>
        <TestCategoryItem TestCategory="Category1000" />
      </TestCategory>
      <Execution id="c6342fa8-7c13-487c-8059-0a384d6e143a" />
      <TestMethod codeBase="C:\Projekty\MSTestProject\bin\Debug\netcoreapp3.1\MSTestProject.dll" adapterTypeName="executor://mstestadapter/v2" className="TwojeWesele.Services.Helpers.Tests.CurrencyHelperTests" name="FormatToStringTest1000" />
    </UnitTest>
    <UnitTest name="FormatToStringTest1000 (972.1468308629221,972.15 zł)" storage="c:\projekty\mstestproject\bin\debug\netcoreapp3.1\mstestproject.dll" id="f1bedcc3-c2ce-42f0-817a-7286d00b97c9">
      <TestCategory>
        <TestCategoryItem TestCategory="Category1000" />
      </TestCategory>
      <Execution id="59386866-22d1-49f1-8e73-30fb6aad96b3" />
      <TestMethod codeBase="C:\Projekty\MSTestProject\bin\Debug\netcoreapp3.1\MSTestProject.dll" adapterTypeName="executor://mstestadapter/v2" className="TwojeWesele.Services.Helpers.Tests.CurrencyHelperTests" name="FormatToStringTest1000" />
    </UnitTest>
    <UnitTest name="FormatToStringTest1000 (46790.41011887715,46790.41 zł)" storage="c:\projekty\mstestproject\bin\debug\netcoreapp3.1\mstestproject.dll" id="c6b908a7-735b-4dea-98ab-ff0cbd837e2c">
      <TestCategory>
        <TestCategoryItem TestCategory="Category1000" />
      </TestCategory>
      <Execution id="3b7e1545-802d-40c3-8a52-a91fcd6b52b1" />
      <TestMethod codeBase="C:\Projekty\MSTestProject\bin\Debug\netcoreapp3.1\MSTestProject.dll" adapterTypeName="executor://mstestadapter/v2" className="TwojeWesele.Services.Helpers.Tests.CurrencyHelperTests" name="FormatToStringTest1000" />
    </UnitTest>
    <UnitTest name="FormatToStringTest1000 (23980.12943509646,23980.13 zł)" storage="c:\projekty\mstestproject\bin\debug\netcoreapp3.1\mstestproject.dll" id="a149836a-7468-45a9-9527-d9d7d37e6160">
      <TestCategory>
        <TestCategoryItem TestCategory="Category1000" />
      </TestCategory>
      <Execution id="dda6b2b3-a67b-424a-a65a-c3815a9061b7" />
      <TestMethod codeBase="C:\Projekty\MSTestProject\bin\Debug\netcoreapp3.1\MSTestProject.dll" adapterTypeName="executor://mstestadapter/v2" className="TwojeWesele.Services.Helpers.Tests.CurrencyHelperTests" name="FormatToStringTest1000" />
    </UnitTest>
    <UnitTest name="FormatToStringTest1000 (79.6815319544084,79.68 zł)" storage="c:\projekty\mstestproject\bin\debug\netcoreapp3.1\mstestproject.dll" id="c67270e8-b432-4528-a733-3d0059da5245">
      <TestCategory>
        <TestCategoryItem TestCategory="Category1000" />
      </TestCategory>
      <Execution id="f6fb39a3-c095-4edd-8e8e-4d860b6f87ce" />
      <TestMethod codeBase="C:\Projekty\MSTestProject\bin\Debug\netcoreapp3.1\MSTestProject.dll" adapterTypeName="executor://mstestadapter/v2" className="TwojeWesele.Services.Helpers.Tests.CurrencyHelperTests" name="FormatToStringTest1000" />
    </UnitTest>
    <UnitTest name="FormatToStringTest1000 (28583.827618148098,28583.83 zł)" storage="c:\projekty\mstestproject\bin\debug\netcoreapp3.1\mstestproject.dll" id="e08e7612-0263-4d47-b1fd-45f8ff72b326">
      <TestCategory>
        <TestCategoryItem TestCategory="Category1000" />
      </TestCategory>
      <Execution id="4a670f6e-1f23-4a1e-b603-3b3f46790b2c" />
      <TestMethod codeBase="C:\Projekty\MSTestProject\bin\Debug\netcoreapp3.1\MSTestProject.dll" adapterTypeName="executor://mstestadapter/v2" className="TwojeWesele.Services.Helpers.Tests.CurrencyHelperTests" name="FormatToStringTest1000" />
    </UnitTest>
    <UnitTest name="FormatToStringTest1000 (30138.55109863102,30138.55 zł)" storage="c:\projekty\mstestproject\bin\debug\netcoreapp3.1\mstestproject.dll" id="d3030bc6-d58f-4a5c-bead-3164750c1543">
      <TestCategory>
        <TestCategoryItem TestCategory="Category1000" />
      </TestCategory>
      <Execution id="2cd9cfef-aae1-4c17-8fb9-b4129cb6f064" />
      <TestMethod codeBase="C:\Projekty\MSTestProject\bin\Debug\netcoreapp3.1\MSTestProject.dll" adapterTypeName="executor://mstestadapter/v2" className="TwojeWesele.Services.Helpers.Tests.CurrencyHelperTests" name="FormatToStringTest1000" />
    </UnitTest>
    <UnitTest name="FormatToStringTest1000 (54088.326214851964,54088.33 zł)" storage="c:\projekty\mstestproject\bin\debug\netcoreapp3.1\mstestproject.dll" id="9e056a60-0700-4c23-9320-36f191e2da48">
      <TestCategory>
        <TestCategoryItem TestCategory="Category1000" />
      </TestCategory>
      <Execution id="20408582-cb65-4513-8022-799c28aa9333" />
      <TestMethod codeBase="C:\Projekty\MSTestProject\bin\Debug\netcoreapp3.1\MSTestProject.dll" adapterTypeName="executor://mstestadapter/v2" className="TwojeWesele.Services.Helpers.Tests.CurrencyHelperTests" name="FormatToStringTest1000" />
    </UnitTest>
    <UnitTest name="FormatToStringTest1000 (4525.609305084501,4525.61 zł)" storage="c:\projekty\mstestproject\bin\debug\netcoreapp3.1\mstestproject.dll" id="490865c7-d0f5-49fc-b718-e19e7341bb2b">
      <TestCategory>
        <TestCategoryItem TestCategory="Category1000" />
      </TestCategory>
      <Execution id="adbf13ac-6d7d-45fb-a7f8-cbf5abbec300" />
      <TestMethod codeBase="C:\Projekty\MSTestProject\bin\Debug\netcoreapp3.1\MSTestProject.dll" adapterTypeName="executor://mstestadapter/v2" className="TwojeWesele.Services.Helpers.Tests.CurrencyHelperTests" name="FormatToStringTest1000" />
    </UnitTest>
    <UnitTest name="FormatToStringTest1000 (6262.373413993219,6262.37 zł)" storage="c:\projekty\mstestproject\bin\debug\netcoreapp3.1\mstestproject.dll" id="4e3ddb56-2e58-4d8f-a282-0c35c3900b81">
      <TestCategory>
        <TestCategoryItem TestCategory="Category1000" />
      </TestCategory>
      <Execution id="e6128d88-f9db-474e-a450-4a1248603581" />
      <TestMethod codeBase="C:\Projekty\MSTestProject\bin\Debug\netcoreapp3.1\MSTestProject.dll" adapterTypeName="executor://mstestadapter/v2" className="TwojeWesele.Services.Helpers.Tests.CurrencyHelperTests" name="FormatToStringTest1000" />
    </UnitTest>
    <UnitTest name="FormatToStringTest1000 (5108.217389855635,5108.22 zł)" storage="c:\projekty\mstestproject\bin\debug\netcoreapp3.1\mstestproject.dll" id="548e681c-3e37-442d-a859-8fe48cddbd79">
      <TestCategory>
        <TestCategoryItem TestCategory="Category1000" />
      </TestCategory>
      <Execution id="8df8e376-e7a5-4de5-ab05-bde2af8928ea" />
      <TestMethod codeBase="C:\Projekty\MSTestProject\bin\Debug\netcoreapp3.1\MSTestProject.dll" adapterTypeName="executor://mstestadapter/v2" className="TwojeWesele.Services.Helpers.Tests.CurrencyHelperTests" name="FormatToStringTest1000" />
    </UnitTest>
    <UnitTest name="FormatToStringTest1000 (7975.276658828965,7975.28 zł)" storage="c:\projekty\mstestproject\bin\debug\netcoreapp3.1\mstestproject.dll" id="50935427-ef2e-4e3d-b6cc-8fad7405cdd2">
      <TestCategory>
        <TestCategoryItem TestCategory="Category1000" />
      </TestCategory>
      <Execution id="b338c1a7-ac52-45b3-aa62-02d93dd83887" />
      <TestMethod codeBase="C:\Projekty\MSTestProject\bin\Debug\netcoreapp3.1\MSTestProject.dll" adapterTypeName="executor://mstestadapter/v2" className="TwojeWesele.Services.Helpers.Tests.CurrencyHelperTests" name="FormatToStringTest1000" />
    </UnitTest>
    <UnitTest name="FormatToStringTest1000 (73477.18206926118,73477.18 zł)" storage="c:\projekty\mstestproject\bin\debug\netcoreapp3.1\mstestproject.dll" id="608c51f4-82c1-42cf-8be0-22401e27cab0">
      <TestCategory>
        <TestCategoryItem TestCategory="Category1000" />
      </TestCategory>
      <Execution id="43ee3db4-4773-4276-bbc2-bbe8be466d22" />
      <TestMethod codeBase="C:\Projekty\MSTestProject\bin\Debug\netcoreapp3.1\MSTestProject.dll" adapterTypeName="executor://mstestadapter/v2" className="TwojeWesele.Services.Helpers.Tests.CurrencyHelperTests" name="FormatToStringTest1000" />
    </UnitTest>
    <UnitTest name="FormatToStringTest1000 (2039.440966411699,2039.44 zł)" storage="c:\projekty\mstestproject\bin\debug\netcoreapp3.1\mstestproject.dll" id="a944cc49-d066-45c5-9b71-1b47775f5891">
      <TestCategory>
        <TestCategoryItem TestCategory="Category1000" />
      </TestCategory>
      <Execution id="7ff4f356-f45c-4e27-a323-e2309f12d6b7" />
      <TestMethod codeBase="C:\Projekty\MSTestProject\bin\Debug\netcoreapp3.1\MSTestProject.dll" adapterTypeName="executor://mstestadapter/v2" className="TwojeWesele.Services.Helpers.Tests.CurrencyHelperTests" name="FormatToStringTest1000" />
    </UnitTest>
    <UnitTest name="FormatToStringTest1000 (47025.6224095177,47025.62 zł)" storage="c:\projekty\mstestproject\bin\debug\netcoreapp3.1\mstestproject.dll" id="247bc942-bdf7-45b2-bfad-6281114e5876">
      <TestCategory>
        <TestCategoryItem TestCategory="Category1000" />
      </TestCategory>
      <Execution id="8a299cfc-5ebd-4c19-b6ce-ce72230b7bce" />
      <TestMethod codeBase="C:\Projekty\MSTestProject\bin\Debug\netcoreapp3.1\MSTestProject.dll" adapterTypeName="executor://mstestadapter/v2" className="TwojeWesele.Services.Helpers.Tests.CurrencyHelperTests" name="FormatToStringTest1000" />
    </UnitTest>
    <UnitTest name="FormatToStringTest1000 (1952.6955147062872,1952.70 zł)" storage="c:\projekty\mstestproject\bin\debug\netcoreapp3.1\mstestproject.dll" id="93054798-9e20-489b-87a0-95044882c54e">
      <TestCategory>
        <TestCategoryItem TestCategory="Category1000" />
      </TestCategory>
      <Execution id="f7148190-3870-4a7d-9c62-7c7014b94571" />
      <TestMethod codeBase="C:\Projekty\MSTestProject\bin\Debug\netcoreapp3.1\MSTestProject.dll" adapterTypeName="executor://mstestadapter/v2" className="TwojeWesele.Services.Helpers.Tests.CurrencyHelperTests" name="FormatToStringTest1000" />
    </UnitTest>
    <UnitTest name="FormatToStringTest1000 (14910.573044539697,14910.57 zł)" storage="c:\projekty\mstestproject\bin\debug\netcoreapp3.1\mstestproject.dll" id="b39b02d1-4d64-40e4-932e-821feb3dc3ba">
      <TestCategory>
        <TestCategoryItem TestCategory="Category1000" />
      </TestCategory>
      <Execution id="8b4e465f-7fa6-4973-b839-a4c904ec71c1" />
      <TestMethod codeBase="C:\Projekty\MSTestProject\bin\Debug\netcoreapp3.1\MSTestProject.dll" adapterTypeName="executor://mstestadapter/v2" className="TwojeWesele.Services.Helpers.Tests.CurrencyHelperTests" name="FormatToStringTest1000" />
    </UnitTest>
    <UnitTest name="FormatToStringTest1000 (2951.2722077329045,2951.27 zł)" storage="c:\projekty\mstestproject\bin\debug\netcoreapp3.1\mstestproject.dll" id="7e8b5b83-14aa-4b4d-a48c-c0440af37880">
      <TestCategory>
        <TestCategoryItem TestCategory="Category1000" />
      </TestCategory>
      <Execution id="9562d527-af4c-431e-b6ae-4d887f280716" />
      <TestMethod codeBase="C:\Projekty\MSTestProject\bin\Debug\netcoreapp3.1\MSTestProject.dll" adapterTypeName="executor://mstestadapter/v2" className="TwojeWesele.Services.Helpers.Tests.CurrencyHelperTests" name="FormatToStringTest1000" />
    </UnitTest>
    <UnitTest name="FormatToStringTest1000 (2505.286326204094,2505.29 zł)" storage="c:\projekty\mstestproject\bin\debug\netcoreapp3.1\mstestproject.dll" id="77c196c6-1884-4ed2-a1eb-f065f665b378">
      <TestCategory>
        <TestCategoryItem TestCategory="Category1000" />
      </TestCategory>
      <Execution id="a2c6cc2b-c9fe-4f4a-bfdd-96e16b4fea4c" />
      <TestMethod codeBase="C:\Projekty\MSTestProject\bin\Debug\netcoreapp3.1\MSTestProject.dll" adapterTypeName="executor://mstestadapter/v2" className="TwojeWesele.Services.Helpers.Tests.CurrencyHelperTests" name="FormatToStringTest1000" />
    </UnitTest>
    <UnitTest name="FormatToStringTest1000 (12125.090155628086,12125.09 zł)" storage="c:\projekty\mstestproject\bin\debug\netcoreapp3.1\mstestproject.dll" id="e8464516-4119-4016-a82c-e679976686fa">
      <TestCategory>
        <TestCategoryItem TestCategory="Category1000" />
      </TestCategory>
      <Execution id="14cff4a0-b555-4cdf-bc33-33193aa1dd98" />
      <TestMethod codeBase="C:\Projekty\MSTestProject\bin\Debug\netcoreapp3.1\MSTestProject.dll" adapterTypeName="executor://mstestadapter/v2" className="TwojeWesele.Services.Helpers.Tests.CurrencyHelperTests" name="FormatToStringTest1000" />
    </UnitTest>
    <UnitTest name="FormatToStringTest1000 (39178.05988345298,39178.06 zł)" storage="c:\projekty\mstestproject\bin\debug\netcoreapp3.1\mstestproject.dll" id="aa0308d2-eb69-4340-8eaf-7bab7ffc4532">
      <TestCategory>
        <TestCategoryItem TestCategory="Category1000" />
      </TestCategory>
      <Execution id="2c5652d6-6fad-4e54-9eee-afafbbf036f6" />
      <TestMethod codeBase="C:\Projekty\MSTestProject\bin\Debug\netcoreapp3.1\MSTestProject.dll" adapterTypeName="executor://mstestadapter/v2" className="TwojeWesele.Services.Helpers.Tests.CurrencyHelperTests" name="FormatToStringTest1000" />
    </UnitTest>
    <UnitTest name="FormatToStringTest1000 (67109.22110940759,67109.22 zł)" storage="c:\projekty\mstestproject\bin\debug\netcoreapp3.1\mstestproject.dll" id="2a0450ef-92bd-4d53-b75c-a43997f6d696">
      <TestCategory>
        <TestCategoryItem TestCategory="Category1000" />
      </TestCategory>
      <Execution id="f4d75f6f-de86-4648-adaa-a60ca045e3b8" />
      <TestMethod codeBase="C:\Projekty\MSTestProject\bin\Debug\netcoreapp3.1\MSTestProject.dll" adapterTypeName="executor://mstestadapter/v2" className="TwojeWesele.Services.Helpers.Tests.CurrencyHelperTests" name="FormatToStringTest1000" />
    </UnitTest>
    <UnitTest name="FormatToStringTest1000 (15822.278766386342,15822.28 zł)" storage="c:\projekty\mstestproject\bin\debug\netcoreapp3.1\mstestproject.dll" id="d7a737f8-6fb6-46c0-b4c0-caafa92e1bd7">
      <TestCategory>
        <TestCategoryItem TestCategory="Category1000" />
      </TestCategory>
      <Execution id="79cb9a28-cbcd-437a-a419-54dbdb0ef497" />
      <TestMethod codeBase="C:\Projekty\MSTestProject\bin\Debug\netcoreapp3.1\MSTestProject.dll" adapterTypeName="executor://mstestadapter/v2" className="TwojeWesele.Services.Helpers.Tests.CurrencyHelperTests" name="FormatToStringTest1000" />
    </UnitTest>
    <UnitTest name="FormatToStringTest1000 (6429.44273095552,6429.44 zł)" storage="c:\projekty\mstestproject\bin\debug\netcoreapp3.1\mstestproject.dll" id="eea7d274-1892-47ad-ad94-723aa14cbff5">
      <TestCategory>
        <TestCategoryItem TestCategory="Category1000" />
      </TestCategory>
      <Execution id="da731db1-85c7-4696-b8d9-7a42920dcc64" />
      <TestMethod codeBase="C:\Projekty\MSTestProject\bin\Debug\netcoreapp3.1\MSTestProject.dll" adapterTypeName="executor://mstestadapter/v2" className="TwojeWesele.Services.Helpers.Tests.CurrencyHelperTests" name="FormatToStringTest1000" />
    </UnitTest>
    <UnitTest name="FormatToStringTest1000 (9503.466049463705,9503.47 zł)" storage="c:\projekty\mstestproject\bin\debug\netcoreapp3.1\mstestproject.dll" id="2b660855-cd35-434a-b04f-9b08aadb64f7">
      <TestCategory>
        <TestCategoryItem TestCategory="Category1000" />
      </TestCategory>
      <Execution id="446a130a-de2e-40d8-80ca-d9d0ad545b0a" />
      <TestMethod codeBase="C:\Projekty\MSTestProject\bin\Debug\netcoreapp3.1\MSTestProject.dll" adapterTypeName="executor://mstestadapter/v2" className="TwojeWesele.Services.Helpers.Tests.CurrencyHelperTests" name="FormatToStringTest1000" />
    </UnitTest>
    <UnitTest name="FormatToStringTest1000 (38904.87092920806,38904.87 zł)" storage="c:\projekty\mstestproject\bin\debug\netcoreapp3.1\mstestproject.dll" id="da9284b0-d281-422c-9202-617b6a4a6a8c">
      <TestCategory>
        <TestCategoryItem TestCategory="Category1000" />
      </TestCategory>
      <Execution id="e122a1ce-9579-4251-8d71-887c337c79c3" />
      <TestMethod codeBase="C:\Projekty\MSTestProject\bin\Debug\netcoreapp3.1\MSTestProject.dll" adapterTypeName="executor://mstestadapter/v2" className="TwojeWesele.Services.Helpers.Tests.CurrencyHelperTests" name="FormatToStringTest1000" />
    </UnitTest>
    <UnitTest name="FormatToStringTest1000 (88584.97010041306,88584.97 zł)" storage="c:\projekty\mstestproject\bin\debug\netcoreapp3.1\mstestproject.dll" id="766be101-217c-4f33-bc0d-a91fa561c6fc">
      <TestCategory>
        <TestCategoryItem TestCategory="Category1000" />
      </TestCategory>
      <Execution id="637dc233-435e-4ac3-a9ee-642ff2819351" />
      <TestMethod codeBase="C:\Projekty\MSTestProject\bin\Debug\netcoreapp3.1\MSTestProject.dll" adapterTypeName="executor://mstestadapter/v2" className="TwojeWesele.Services.Helpers.Tests.CurrencyHelperTests" name="FormatToStringTest1000" />
    </UnitTest>
    <UnitTest name="FormatToStringTest1000 (6958.393354767186,6958.39 zł)" storage="c:\projekty\mstestproject\bin\debug\netcoreapp3.1\mstestproject.dll" id="42a7d192-ade7-40fd-9ec0-f74c5f95f58f">
      <TestCategory>
        <TestCategoryItem TestCategory="Category1000" />
      </TestCategory>
      <Execution id="65ee7bdb-882e-4d35-8c60-508de31867e6" />
      <TestMethod codeBase="C:\Projekty\MSTestProject\bin\Debug\netcoreapp3.1\MSTestProject.dll" adapterTypeName="executor://mstestadapter/v2" className="TwojeWesele.Services.Helpers.Tests.CurrencyHelperTests" name="FormatToStringTest1000" />
    </UnitTest>
    <UnitTest name="FormatToStringTest1000 (57713.01647853712,57713.02 zł)" storage="c:\projekty\mstestproject\bin\debug\netcoreapp3.1\mstestproject.dll" id="860f39af-9832-40d1-867c-e7d6a52240d5">
      <TestCategory>
        <TestCategoryItem TestCategory="Category1000" />
      </TestCategory>
      <Execution id="a560b43b-39ff-41e6-963d-eab7ad1fc6a1" />
      <TestMethod codeBase="C:\Projekty\MSTestProject\bin\Debug\netcoreapp3.1\MSTestProject.dll" adapterTypeName="executor://mstestadapter/v2" className="TwojeWesele.Services.Helpers.Tests.CurrencyHelperTests" name="FormatToStringTest1000" />
    </UnitTest>
    <UnitTest name="FormatToStringTest1000 (151.50737175275916,151.51 zł)" storage="c:\projekty\mstestproject\bin\debug\netcoreapp3.1\mstestproject.dll" id="4f21117c-85a1-4eb1-82d4-8ab4d4f9b525">
      <TestCategory>
        <TestCategoryItem TestCategory="Category1000" />
      </TestCategory>
      <Execution id="e181236f-2fd2-441b-bd80-46cec1350896" />
      <TestMethod codeBase="C:\Projekty\MSTestProject\bin\Debug\netcoreapp3.1\MSTestProject.dll" adapterTypeName="executor://mstestadapter/v2" className="TwojeWesele.Services.Helpers.Tests.CurrencyHelperTests" name="FormatToStringTest1000" />
    </UnitTest>
    <UnitTest name="FormatToStringTest1000 (31424.298858482067,31424.30 zł)" storage="c:\projekty\mstestproject\bin\debug\netcoreapp3.1\mstestproject.dll" id="21c45844-9fc1-48ad-b3c0-052a04577301">
      <TestCategory>
        <TestCategoryItem TestCategory="Category1000" />
      </TestCategory>
      <Execution id="0bb93db9-db62-4b3d-9529-081c3245837f" />
      <TestMethod codeBase="C:\Projekty\MSTestProject\bin\Debug\netcoreapp3.1\MSTestProject.dll" adapterTypeName="executor://mstestadapter/v2" className="TwojeWesele.Services.Helpers.Tests.CurrencyHelperTests" name="FormatToStringTest1000" />
    </UnitTest>
    <UnitTest name="FormatToStringTest1000 (13478.157112043891,13478.16 zł)" storage="c:\projekty\mstestproject\bin\debug\netcoreapp3.1\mstestproject.dll" id="3e4b90d6-06a3-4825-af92-0a7a306c4b3c">
      <TestCategory>
        <TestCategoryItem TestCategory="Category1000" />
      </TestCategory>
      <Execution id="f72029eb-c6c8-4339-9c57-3719b91cf393" />
      <TestMethod codeBase="C:\Projekty\MSTestProject\bin\Debug\netcoreapp3.1\MSTestProject.dll" adapterTypeName="executor://mstestadapter/v2" className="TwojeWesele.Services.Helpers.Tests.CurrencyHelperTests" name="FormatToStringTest1000" />
    </UnitTest>
    <UnitTest name="FormatToStringTest1000 (51408.294679657694,51408.29 zł)" storage="c:\projekty\mstestproject\bin\debug\netcoreapp3.1\mstestproject.dll" id="02158678-c7eb-45b4-88c0-8ad2ed0d26b4">
      <TestCategory>
        <TestCategoryItem TestCategory="Category1000" />
      </TestCategory>
      <Execution id="05e87ccf-498f-4c20-bf07-406dc3135da8" />
      <TestMethod codeBase="C:\Projekty\MSTestProject\bin\Debug\netcoreapp3.1\MSTestProject.dll" adapterTypeName="executor://mstestadapter/v2" className="TwojeWesele.Services.Helpers.Tests.CurrencyHelperTests" name="FormatToStringTest1000" />
    </UnitTest>
    <UnitTest name="FormatToStringTest1000 (45340.017357165,45340.02 zł)" storage="c:\projekty\mstestproject\bin\debug\netcoreapp3.1\mstestproject.dll" id="948df0de-92de-4d80-9367-af2ff8fd8e09">
      <TestCategory>
        <TestCategoryItem TestCategory="Category1000" />
      </TestCategory>
      <Execution id="43f007c9-7f60-4685-9aca-b73b98565194" />
      <TestMethod codeBase="C:\Projekty\MSTestProject\bin\Debug\netcoreapp3.1\MSTestProject.dll" adapterTypeName="executor://mstestadapter/v2" className="TwojeWesele.Services.Helpers.Tests.CurrencyHelperTests" name="FormatToStringTest1000" />
    </UnitTest>
    <UnitTest name="FormatToStringTest1000 (1741.3334432818617,1741.33 zł)" storage="c:\projekty\mstestproject\bin\debug\netcoreapp3.1\mstestproject.dll" id="55e088e9-1291-431f-8061-9a8b980a656f">
      <TestCategory>
        <TestCategoryItem TestCategory="Category1000" />
      </TestCategory>
      <Execution id="1a6b79e2-88ae-4ee5-94ce-326e08a9d830" />
      <TestMethod codeBase="C:\Projekty\MSTestProject\bin\Debug\netcoreapp3.1\MSTestProject.dll" adapterTypeName="executor://mstestadapter/v2" className="TwojeWesele.Services.Helpers.Tests.CurrencyHelperTests" name="FormatToStringTest1000" />
    </UnitTest>
    <UnitTest name="FormatToStringTest1000 (29926.595417457444,29926.60 zł)" storage="c:\projekty\mstestproject\bin\debug\netcoreapp3.1\mstestproject.dll" id="017faa51-50e8-4154-8a47-b0135c69887e">
      <TestCategory>
        <TestCategoryItem TestCategory="Category1000" />
      </TestCategory>
      <Execution id="bec9d790-f3fe-4695-bcaa-219d7bfa82a9" />
      <TestMethod codeBase="C:\Projekty\MSTestProject\bin\Debug\netcoreapp3.1\MSTestProject.dll" adapterTypeName="executor://mstestadapter/v2" className="TwojeWesele.Services.Helpers.Tests.CurrencyHelperTests" name="FormatToStringTest1000" />
    </UnitTest>
    <UnitTest name="FormatToStringTest1000 (23684.695462791573,23684.70 zł)" storage="c:\projekty\mstestproject\bin\debug\netcoreapp3.1\mstestproject.dll" id="6cb1b00f-7de7-4f2d-8d09-bc1b3d6a647a">
      <TestCategory>
        <TestCategoryItem TestCategory="Category1000" />
      </TestCategory>
      <Execution id="b4432115-6942-4487-a8c2-e545e154c732" />
      <TestMethod codeBase="C:\Projekty\MSTestProject\bin\Debug\netcoreapp3.1\MSTestProject.dll" adapterTypeName="executor://mstestadapter/v2" className="TwojeWesele.Services.Helpers.Tests.CurrencyHelperTests" name="FormatToStringTest1000" />
    </UnitTest>
    <UnitTest name="FormatToStringTest1000 (4636.500544966897,4636.50 zł)" storage="c:\projekty\mstestproject\bin\debug\netcoreapp3.1\mstestproject.dll" id="99fcace9-e542-4efb-b86b-9f415e9e96ba">
      <TestCategory>
        <TestCategoryItem TestCategory="Category1000" />
      </TestCategory>
      <Execution id="3278f545-a238-4505-a40e-348f10b5ef20" />
      <TestMethod codeBase="C:\Projekty\MSTestProject\bin\Debug\netcoreapp3.1\MSTestProject.dll" adapterTypeName="executor://mstestadapter/v2" className="TwojeWesele.Services.Helpers.Tests.CurrencyHelperTests" name="FormatToStringTest1000" />
    </UnitTest>
    <UnitTest name="FormatToStringTest1000 (9657.360676611475,9657.36 zł)" storage="c:\projekty\mstestproject\bin\debug\netcoreapp3.1\mstestproject.dll" id="e6746a94-1abe-40a6-9a0f-400c78895f70">
      <TestCategory>
        <TestCategoryItem TestCategory="Category1000" />
      </TestCategory>
      <Execution id="a51734ea-ec95-47c7-af00-26369a41c559" />
      <TestMethod codeBase="C:\Projekty\MSTestProject\bin\Debug\netcoreapp3.1\MSTestProject.dll" adapterTypeName="executor://mstestadapter/v2" className="TwojeWesele.Services.Helpers.Tests.CurrencyHelperTests" name="FormatToStringTest1000" />
    </UnitTest>
    <UnitTest name="FormatToStringTest1000 (32216.686763396807,32216.69 zł)" storage="c:\projekty\mstestproject\bin\debug\netcoreapp3.1\mstestproject.dll" id="a3b429a8-8ea2-4ea3-b2f1-6021136a748e">
      <TestCategory>
        <TestCategoryItem TestCategory="Category1000" />
      </TestCategory>
      <Execution id="33c99c3e-ba76-410c-ad00-cffcf5fa3a23" />
      <TestMethod codeBase="C:\Projekty\MSTestProject\bin\Debug\netcoreapp3.1\MSTestProject.dll" adapterTypeName="executor://mstestadapter/v2" className="TwojeWesele.Services.Helpers.Tests.CurrencyHelperTests" name="FormatToStringTest1000" />
    </UnitTest>
    <UnitTest name="FormatToStringTest1000 (68174.53068551492,68174.53 zł)" storage="c:\projekty\mstestproject\bin\debug\netcoreapp3.1\mstestproject.dll" id="267098f5-6fe6-4e28-af35-cae2a7d752ff">
      <TestCategory>
        <TestCategoryItem TestCategory="Category1000" />
      </TestCategory>
      <Execution id="e06ae449-97e5-44d5-8902-eac392c073dc" />
      <TestMethod codeBase="C:\Projekty\MSTestProject\bin\Debug\netcoreapp3.1\MSTestProject.dll" adapterTypeName="executor://mstestadapter/v2" className="TwojeWesele.Services.Helpers.Tests.CurrencyHelperTests" name="FormatToStringTest1000" />
    </UnitTest>
    <UnitTest name="FormatToStringTest1000 (41876.979471482795,41876.98 zł)" storage="c:\projekty\mstestproject\bin\debug\netcoreapp3.1\mstestproject.dll" id="38c8eb99-88e7-4506-87a2-8a2a0ee16a80">
      <TestCategory>
        <TestCategoryItem TestCategory="Category1000" />
      </TestCategory>
      <Execution id="2d04ceba-5bca-4f94-a364-04b0d7f69336" />
      <TestMethod codeBase="C:\Projekty\MSTestProject\bin\Debug\netcoreapp3.1\MSTestProject.dll" adapterTypeName="executor://mstestadapter/v2" className="TwojeWesele.Services.Helpers.Tests.CurrencyHelperTests" name="FormatToStringTest1000" />
    </UnitTest>
    <UnitTest name="FormatToStringTest1000 (44065.726815678056,44065.73 zł)" storage="c:\projekty\mstestproject\bin\debug\netcoreapp3.1\mstestproject.dll" id="291c4b5e-b78c-41e1-ae84-7890f41268ff">
      <TestCategory>
        <TestCategoryItem TestCategory="Category1000" />
      </TestCategory>
      <Execution id="cbe6369f-edcc-46df-b653-fb3032c9cfe0" />
      <TestMethod codeBase="C:\Projekty\MSTestProject\bin\Debug\netcoreapp3.1\MSTestProject.dll" adapterTypeName="executor://mstestadapter/v2" className="TwojeWesele.Services.Helpers.Tests.CurrencyHelperTests" name="FormatToStringTest1000" />
    </UnitTest>
    <UnitTest name="FormatToStringTest1000 (44361.82678515177,44361.83 zł)" storage="c:\projekty\mstestproject\bin\debug\netcoreapp3.1\mstestproject.dll" id="89578746-2e33-4eec-b03c-60152e76c94b">
      <TestCategory>
        <TestCategoryItem TestCategory="Category1000" />
      </TestCategory>
      <Execution id="b2c0c063-27b1-40ed-9059-906ce7b64ac4" />
      <TestMethod codeBase="C:\Projekty\MSTestProject\bin\Debug\netcoreapp3.1\MSTestProject.dll" adapterTypeName="executor://mstestadapter/v2" className="TwojeWesele.Services.Helpers.Tests.CurrencyHelperTests" name="FormatToStringTest1000" />
    </UnitTest>
    <UnitTest name="FormatToStringTest1000 (24729.333280806586,24729.33 zł)" storage="c:\projekty\mstestproject\bin\debug\netcoreapp3.1\mstestproject.dll" id="4d4d4e6f-3588-49ee-8cca-73b768a7f893">
      <TestCategory>
        <TestCategoryItem TestCategory="Category1000" />
      </TestCategory>
      <Execution id="87d3f924-deb8-48c8-bb62-32062cefcb9f" />
      <TestMethod codeBase="C:\Projekty\MSTestProject\bin\Debug\netcoreapp3.1\MSTestProject.dll" adapterTypeName="executor://mstestadapter/v2" className="TwojeWesele.Services.Helpers.Tests.CurrencyHelperTests" name="FormatToStringTest1000" />
    </UnitTest>
    <UnitTest name="FormatToStringTest1000 (68011.49219071423,68011.49 zł)" storage="c:\projekty\mstestproject\bin\debug\netcoreapp3.1\mstestproject.dll" id="53b2cfa9-e854-4422-ad98-0c8f5787f262">
      <TestCategory>
        <TestCategoryItem TestCategory="Category1000" />
      </TestCategory>
      <Execution id="857cd494-88e6-419f-95f0-91f2791d4cca" />
      <TestMethod codeBase="C:\Projekty\MSTestProject\bin\Debug\netcoreapp3.1\MSTestProject.dll" adapterTypeName="executor://mstestadapter/v2" className="TwojeWesele.Services.Helpers.Tests.CurrencyHelperTests" name="FormatToStringTest1000" />
    </UnitTest>
    <UnitTest name="FormatToStringTest1000 (32218.080508120394,32218.08 zł)" storage="c:\projekty\mstestproject\bin\debug\netcoreapp3.1\mstestproject.dll" id="8caf92ad-3f51-46b1-8395-cb0210289b36">
      <TestCategory>
        <TestCategoryItem TestCategory="Category1000" />
      </TestCategory>
      <Execution id="afd54d10-99e4-4d70-a34f-ffbea9573491" />
      <TestMethod codeBase="C:\Projekty\MSTestProject\bin\Debug\netcoreapp3.1\MSTestProject.dll" adapterTypeName="executor://mstestadapter/v2" className="TwojeWesele.Services.Helpers.Tests.CurrencyHelperTests" name="FormatToStringTest1000" />
    </UnitTest>
    <UnitTest name="FormatToStringTest1000 (12528.413830086782,12528.41 zł)" storage="c:\projekty\mstestproject\bin\debug\netcoreapp3.1\mstestproject.dll" id="57405539-b24b-448c-bffe-4507f81f2558">
      <TestCategory>
        <TestCategoryItem TestCategory="Category1000" />
      </TestCategory>
      <Execution id="8860863d-e904-423d-bf97-8e6486dca96c" />
      <TestMethod codeBase="C:\Projekty\MSTestProject\bin\Debug\netcoreapp3.1\MSTestProject.dll" adapterTypeName="executor://mstestadapter/v2" className="TwojeWesele.Services.Helpers.Tests.CurrencyHelperTests" name="FormatToStringTest1000" />
    </UnitTest>
    <UnitTest name="FormatToStringTest1000 (7669.3855620214645,7669.39 zł)" storage="c:\projekty\mstestproject\bin\debug\netcoreapp3.1\mstestproject.dll" id="a1c2285c-ad1f-48af-aaf2-9b2b032caf9a">
      <TestCategory>
        <TestCategoryItem TestCategory="Category1000" />
      </TestCategory>
      <Execution id="d0891311-d357-4bb5-ab8f-1d5d6ea9b783" />
      <TestMethod codeBase="C:\Projekty\MSTestProject\bin\Debug\netcoreapp3.1\MSTestProject.dll" adapterTypeName="executor://mstestadapter/v2" className="TwojeWesele.Services.Helpers.Tests.CurrencyHelperTests" name="FormatToStringTest1000" />
    </UnitTest>
    <UnitTest name="FormatToStringTest1000 (867.5236648356187,867.52 zł)" storage="c:\projekty\mstestproject\bin\debug\netcoreapp3.1\mstestproject.dll" id="723bf163-2dd8-4dcf-8a86-5f5ef63620b2">
      <TestCategory>
        <TestCategoryItem TestCategory="Category1000" />
      </TestCategory>
      <Execution id="a59f4fdc-3ece-4b08-8f23-a26f40a84c40" />
      <TestMethod codeBase="C:\Projekty\MSTestProject\bin\Debug\netcoreapp3.1\MSTestProject.dll" adapterTypeName="executor://mstestadapter/v2" className="TwojeWesele.Services.Helpers.Tests.CurrencyHelperTests" name="FormatToStringTest1000" />
    </UnitTest>
    <UnitTest name="FormatToStringTest1000 (45955.903045959254,45955.90 zł)" storage="c:\projekty\mstestproject\bin\debug\netcoreapp3.1\mstestproject.dll" id="f275c92f-7c6a-49c4-8abc-dbb13e6ef9ba">
      <TestCategory>
        <TestCategoryItem TestCategory="Category1000" />
      </TestCategory>
      <Execution id="8e02540f-6830-47db-8b1e-edc46a907df7" />
      <TestMethod codeBase="C:\Projekty\MSTestProject\bin\Debug\netcoreapp3.1\MSTestProject.dll" adapterTypeName="executor://mstestadapter/v2" className="TwojeWesele.Services.Helpers.Tests.CurrencyHelperTests" name="FormatToStringTest1000" />
    </UnitTest>
    <UnitTest name="FormatToStringTest1000 (34951.47290410077,34951.47 zł)" storage="c:\projekty\mstestproject\bin\debug\netcoreapp3.1\mstestproject.dll" id="dbb0c6fa-a904-4f2b-ad55-605039aee987">
      <TestCategory>
        <TestCategoryItem TestCategory="Category1000" />
      </TestCategory>
      <Execution id="61a3aa06-9e6d-4667-aaf0-d95f09a0caed" />
      <TestMethod codeBase="C:\Projekty\MSTestProject\bin\Debug\netcoreapp3.1\MSTestProject.dll" adapterTypeName="executor://mstestadapter/v2" className="TwojeWesele.Services.Helpers.Tests.CurrencyHelperTests" name="FormatToStringTest1000" />
    </UnitTest>
    <UnitTest name="FormatToStringTest1000 (48544.390887578666,48544.39 zł)" storage="c:\projekty\mstestproject\bin\debug\netcoreapp3.1\mstestproject.dll" id="b3b4eadd-43e2-444f-8fab-a551ab71bf9f">
      <TestCategory>
        <TestCategoryItem TestCategory="Category1000" />
      </TestCategory>
      <Execution id="a75eda11-3a12-491f-8a1c-106b59f070cc" />
      <TestMethod codeBase="C:\Projekty\MSTestProject\bin\Debug\netcoreapp3.1\MSTestProject.dll" adapterTypeName="executor://mstestadapter/v2" className="TwojeWesele.Services.Helpers.Tests.CurrencyHelperTests" name="FormatToStringTest1000" />
    </UnitTest>
    <UnitTest name="FormatToStringTest1000 (3274.481392617096,3274.48 zł)" storage="c:\projekty\mstestproject\bin\debug\netcoreapp3.1\mstestproject.dll" id="f55dc195-dfd8-43f5-9e00-b9323fb095a2">
      <TestCategory>
        <TestCategoryItem TestCategory="Category1000" />
      </TestCategory>
      <Execution id="b0d98195-82dd-42e9-8b02-459840036f59" />
      <TestMethod codeBase="C:\Projekty\MSTestProject\bin\Debug\netcoreapp3.1\MSTestProject.dll" adapterTypeName="executor://mstestadapter/v2" className="TwojeWesele.Services.Helpers.Tests.CurrencyHelperTests" name="FormatToStringTest1000" />
    </UnitTest>
    <UnitTest name="FormatToStringTest1000 (11494.27761332238,11494.28 zł)" storage="c:\projekty\mstestproject\bin\debug\netcoreapp3.1\mstestproject.dll" id="997c9e1d-d8b9-4a86-b753-5fba5b6630e8">
      <TestCategory>
        <TestCategoryItem TestCategory="Category1000" />
      </TestCategory>
      <Execution id="92362b74-303f-42f7-85d6-e6a909ccf5d4" />
      <TestMethod codeBase="C:\Projekty\MSTestProject\bin\Debug\netcoreapp3.1\MSTestProject.dll" adapterTypeName="executor://mstestadapter/v2" className="TwojeWesele.Services.Helpers.Tests.CurrencyHelperTests" name="FormatToStringTest1000" />
    </UnitTest>
    <UnitTest name="FormatToStringTest1000 (2835.0728237931958,2835.07 zł)" storage="c:\projekty\mstestproject\bin\debug\netcoreapp3.1\mstestproject.dll" id="aae0a412-435c-4eb4-b43b-ff80a0c8b65b">
      <TestCategory>
        <TestCategoryItem TestCategory="Category1000" />
      </TestCategory>
      <Execution id="111a5dc1-8bd5-4c96-99c9-b6ff126a0be7" />
      <TestMethod codeBase="C:\Projekty\MSTestProject\bin\Debug\netcoreapp3.1\MSTestProject.dll" adapterTypeName="executor://mstestadapter/v2" className="TwojeWesele.Services.Helpers.Tests.CurrencyHelperTests" name="FormatToStringTest1000" />
    </UnitTest>
    <UnitTest name="FormatToStringTest1000 (28192.949128067565,28192.95 zł)" storage="c:\projekty\mstestproject\bin\debug\netcoreapp3.1\mstestproject.dll" id="94066e16-a689-4da7-82fc-f9666a6566e5">
      <TestCategory>
        <TestCategoryItem TestCategory="Category1000" />
      </TestCategory>
      <Execution id="ea08811a-06d0-4615-a42f-94f13f57ec4e" />
      <TestMethod codeBase="C:\Projekty\MSTestProject\bin\Debug\netcoreapp3.1\MSTestProject.dll" adapterTypeName="executor://mstestadapter/v2" className="TwojeWesele.Services.Helpers.Tests.CurrencyHelperTests" name="FormatToStringTest1000" />
    </UnitTest>
    <UnitTest name="FormatToStringTest1000 (54578.37303904275,54578.37 zł)" storage="c:\projekty\mstestproject\bin\debug\netcoreapp3.1\mstestproject.dll" id="e7c84da1-c237-44da-a9a8-53655ce568ca">
      <TestCategory>
        <TestCategoryItem TestCategory="Category1000" />
      </TestCategory>
      <Execution id="49454174-80ea-4f9a-a7f3-194de3105748" />
      <TestMethod codeBase="C:\Projekty\MSTestProject\bin\Debug\netcoreapp3.1\MSTestProject.dll" adapterTypeName="executor://mstestadapter/v2" className="TwojeWesele.Services.Helpers.Tests.CurrencyHelperTests" name="FormatToStringTest1000" />
    </UnitTest>
    <UnitTest name="FormatToStringTest1000 (11871.427211910219,11871.43 zł)" storage="c:\projekty\mstestproject\bin\debug\netcoreapp3.1\mstestproject.dll" id="1ac43a8c-3af0-44e6-bb55-c8d31723c3af">
      <TestCategory>
        <TestCategoryItem TestCategory="Category1000" />
      </TestCategory>
      <Execution id="4a49a3b5-f093-4dd7-80aa-d5d0bee26256" />
      <TestMethod codeBase="C:\Projekty\MSTestProject\bin\Debug\netcoreapp3.1\MSTestProject.dll" adapterTypeName="executor://mstestadapter/v2" className="TwojeWesele.Services.Helpers.Tests.CurrencyHelperTests" name="FormatToStringTest1000" />
    </UnitTest>
    <UnitTest name="FormatToStringTest1000 (26207.03715363659,26207.04 zł)" storage="c:\projekty\mstestproject\bin\debug\netcoreapp3.1\mstestproject.dll" id="a68e2ba0-2229-4ad2-99b7-b997586e3efa">
      <TestCategory>
        <TestCategoryItem TestCategory="Category1000" />
      </TestCategory>
      <Execution id="cbfee2dc-e8bc-475b-8e38-16283b9a1603" />
      <TestMethod codeBase="C:\Projekty\MSTestProject\bin\Debug\netcoreapp3.1\MSTestProject.dll" adapterTypeName="executor://mstestadapter/v2" className="TwojeWesele.Services.Helpers.Tests.CurrencyHelperTests" name="FormatToStringTest1000" />
    </UnitTest>
    <UnitTest name="FormatToStringTest1000 (1669.555150571072,1669.56 zł)" storage="c:\projekty\mstestproject\bin\debug\netcoreapp3.1\mstestproject.dll" id="6a3842d8-105e-45dc-9475-bddf0c3a7897">
      <TestCategory>
        <TestCategoryItem TestCategory="Category1000" />
      </TestCategory>
      <Execution id="879218c1-b2ca-4d55-ab60-c880cc54b419" />
      <TestMethod codeBase="C:\Projekty\MSTestProject\bin\Debug\netcoreapp3.1\MSTestProject.dll" adapterTypeName="executor://mstestadapter/v2" className="TwojeWesele.Services.Helpers.Tests.CurrencyHelperTests" name="FormatToStringTest1000" />
    </UnitTest>
    <UnitTest name="FormatToStringTest1000 (20527.270339210645,20527.27 zł)" storage="c:\projekty\mstestproject\bin\debug\netcoreapp3.1\mstestproject.dll" id="bdbac197-33d0-4ad1-9da3-bbfa90a752a0">
      <TestCategory>
        <TestCategoryItem TestCategory="Category1000" />
      </TestCategory>
      <Execution id="dea99a39-617c-4e9f-8ec9-c350ff2ee87f" />
      <TestMethod codeBase="C:\Projekty\MSTestProject\bin\Debug\netcoreapp3.1\MSTestProject.dll" adapterTypeName="executor://mstestadapter/v2" className="TwojeWesele.Services.Helpers.Tests.CurrencyHelperTests" name="FormatToStringTest1000" />
    </UnitTest>
    <UnitTest name="FormatToStringTest1000 (22197.731451777618,22197.73 zł)" storage="c:\projekty\mstestproject\bin\debug\netcoreapp3.1\mstestproject.dll" id="c357649a-00e8-469b-9bdd-f95ec98e303e">
      <TestCategory>
        <TestCategoryItem TestCategory="Category1000" />
      </TestCategory>
      <Execution id="547e5edb-7df8-4337-87ee-5bbe11aa0283" />
      <TestMethod codeBase="C:\Projekty\MSTestProject\bin\Debug\netcoreapp3.1\MSTestProject.dll" adapterTypeName="executor://mstestadapter/v2" className="TwojeWesele.Services.Helpers.Tests.CurrencyHelperTests" name="FormatToStringTest1000" />
    </UnitTest>
    <UnitTest name="FormatToStringTest1000 (4648.492795337221,4648.49 zł)" storage="c:\projekty\mstestproject\bin\debug\netcoreapp3.1\mstestproject.dll" id="7b3e8685-9f03-43bd-b90a-dacea355e24e">
      <TestCategory>
        <TestCategoryItem TestCategory="Category1000" />
      </TestCategory>
      <Execution id="0ce0c5ba-f5d2-4e49-aae2-a7ee4ef71c88" />
      <TestMethod codeBase="C:\Projekty\MSTestProject\bin\Debug\netcoreapp3.1\MSTestProject.dll" adapterTypeName="executor://mstestadapter/v2" className="TwojeWesele.Services.Helpers.Tests.CurrencyHelperTests" name="FormatToStringTest1000" />
    </UnitTest>
    <UnitTest name="FormatToStringTest1000 (70771.4436677524,70771.44 zł)" storage="c:\projekty\mstestproject\bin\debug\netcoreapp3.1\mstestproject.dll" id="33aeb28b-679a-47d6-bdea-fec86ed45346">
      <TestCategory>
        <TestCategoryItem TestCategory="Category1000" />
      </TestCategory>
      <Execution id="4dfb0600-62a2-4d3b-9f72-aac750290245" />
      <TestMethod codeBase="C:\Projekty\MSTestProject\bin\Debug\netcoreapp3.1\MSTestProject.dll" adapterTypeName="executor://mstestadapter/v2" className="TwojeWesele.Services.Helpers.Tests.CurrencyHelperTests" name="FormatToStringTest1000" />
    </UnitTest>
    <UnitTest name="FormatToStringTest1000 (19541.10539777116,19541.11 zł)" storage="c:\projekty\mstestproject\bin\debug\netcoreapp3.1\mstestproject.dll" id="b835c086-6bbb-4d97-a80d-70f99cd8fc48">
      <TestCategory>
        <TestCategoryItem TestCategory="Category1000" />
      </TestCategory>
      <Execution id="7ef841f2-1488-4bb3-b91f-4cb164b8de39" />
      <TestMethod codeBase="C:\Projekty\MSTestProject\bin\Debug\netcoreapp3.1\MSTestProject.dll" adapterTypeName="executor://mstestadapter/v2" className="TwojeWesele.Services.Helpers.Tests.CurrencyHelperTests" name="FormatToStringTest1000" />
    </UnitTest>
    <UnitTest name="FormatToStringTest1000 (5566.818038455592,5566.82 zł)" storage="c:\projekty\mstestproject\bin\debug\netcoreapp3.1\mstestproject.dll" id="8eadde78-f8a0-43e8-a801-48ae6464cb17">
      <TestCategory>
        <TestCategoryItem TestCategory="Category1000" />
      </TestCategory>
      <Execution id="d8befd8a-c1f6-4e61-b44e-2291bd2447fc" />
      <TestMethod codeBase="C:\Projekty\MSTestProject\bin\Debug\netcoreapp3.1\MSTestProject.dll" adapterTypeName="executor://mstestadapter/v2" className="TwojeWesele.Services.Helpers.Tests.CurrencyHelperTests" name="FormatToStringTest1000" />
    </UnitTest>
    <UnitTest name="FormatToStringTest1000 (40035.54711080787,40035.55 zł)" storage="c:\projekty\mstestproject\bin\debug\netcoreapp3.1\mstestproject.dll" id="76a76ffb-410d-44f5-ba5d-0d97a1e882db">
      <TestCategory>
        <TestCategoryItem TestCategory="Category1000" />
      </TestCategory>
      <Execution id="42693344-d37c-47d3-851e-e641cc0d7c9f" />
      <TestMethod codeBase="C:\Projekty\MSTestProject\bin\Debug\netcoreapp3.1\MSTestProject.dll" adapterTypeName="executor://mstestadapter/v2" className="TwojeWesele.Services.Helpers.Tests.CurrencyHelperTests" name="FormatToStringTest1000" />
    </UnitTest>
    <UnitTest name="FormatToStringTest1000 (40556.73452524362,40556.73 zł)" storage="c:\projekty\mstestproject\bin\debug\netcoreapp3.1\mstestproject.dll" id="d91a8c81-3e18-4c43-b08d-d363b814cfcb">
      <TestCategory>
        <TestCategoryItem TestCategory="Category1000" />
      </TestCategory>
      <Execution id="12bd78c4-3ccd-4b8f-96d5-37133a8a4696" />
      <TestMethod codeBase="C:\Projekty\MSTestProject\bin\Debug\netcoreapp3.1\MSTestProject.dll" adapterTypeName="executor://mstestadapter/v2" className="TwojeWesele.Services.Helpers.Tests.CurrencyHelperTests" name="FormatToStringTest1000" />
    </UnitTest>
    <UnitTest name="FormatToStringTest1000 (13745.115971449817,13745.12 zł)" storage="c:\projekty\mstestproject\bin\debug\netcoreapp3.1\mstestproject.dll" id="5d25d88e-cdf1-4017-9c3e-b402482b81f8">
      <TestCategory>
        <TestCategoryItem TestCategory="Category1000" />
      </TestCategory>
      <Execution id="dc7cbddc-95b0-4957-b401-e63d276ffce3" />
      <TestMethod codeBase="C:\Projekty\MSTestProject\bin\Debug\netcoreapp3.1\MSTestProject.dll" adapterTypeName="executor://mstestadapter/v2" className="TwojeWesele.Services.Helpers.Tests.CurrencyHelperTests" name="FormatToStringTest1000" />
    </UnitTest>
    <UnitTest name="FormatToStringTest1000 (15591.4117417221,15591.41 zł)" storage="c:\projekty\mstestproject\bin\debug\netcoreapp3.1\mstestproject.dll" id="78364497-1760-4f9b-b5af-3907a8b073ad">
      <TestCategory>
        <TestCategoryItem TestCategory="Category1000" />
      </TestCategory>
      <Execution id="568523f6-fa8f-4757-ba89-564a315d7c0d" />
      <TestMethod codeBase="C:\Projekty\MSTestProject\bin\Debug\netcoreapp3.1\MSTestProject.dll" adapterTypeName="executor://mstestadapter/v2" className="TwojeWesele.Services.Helpers.Tests.CurrencyHelperTests" name="FormatToStringTest1000" />
    </UnitTest>
    <UnitTest name="FormatToStringTest1000 (37114.901517336206,37114.90 zł)" storage="c:\projekty\mstestproject\bin\debug\netcoreapp3.1\mstestproject.dll" id="91bd5cce-bb7a-4230-b8f7-72db0393314b">
      <TestCategory>
        <TestCategoryItem TestCategory="Category1000" />
      </TestCategory>
      <Execution id="f15edc00-179c-45f4-b568-9b4e9fd9daa1" />
      <TestMethod codeBase="C:\Projekty\MSTestProject\bin\Debug\netcoreapp3.1\MSTestProject.dll" adapterTypeName="executor://mstestadapter/v2" className="TwojeWesele.Services.Helpers.Tests.CurrencyHelperTests" name="FormatToStringTest1000" />
    </UnitTest>
    <UnitTest name="FormatToStringTest1000 (15414.175096961751,15414.18 zł)" storage="c:\projekty\mstestproject\bin\debug\netcoreapp3.1\mstestproject.dll" id="02bf6368-b914-4403-b599-6f8b2caf09ad">
      <TestCategory>
        <TestCategoryItem TestCategory="Category1000" />
      </TestCategory>
      <Execution id="b7e72198-50f2-4266-8438-050ca6ce4967" />
      <TestMethod codeBase="C:\Projekty\MSTestProject\bin\Debug\netcoreapp3.1\MSTestProject.dll" adapterTypeName="executor://mstestadapter/v2" className="TwojeWesele.Services.Helpers.Tests.CurrencyHelperTests" name="FormatToStringTest1000" />
    </UnitTest>
    <UnitTest name="FormatToStringTest1000 (57436.33241095409,57436.33 zł)" storage="c:\projekty\mstestproject\bin\debug\netcoreapp3.1\mstestproject.dll" id="bc5c4173-112c-4a4d-b058-208f2b10aef3">
      <TestCategory>
        <TestCategoryItem TestCategory="Category1000" />
      </TestCategory>
      <Execution id="3dcf6206-5bc7-4aed-adcc-c210eb08c70d" />
      <TestMethod codeBase="C:\Projekty\MSTestProject\bin\Debug\netcoreapp3.1\MSTestProject.dll" adapterTypeName="executor://mstestadapter/v2" className="TwojeWesele.Services.Helpers.Tests.CurrencyHelperTests" name="FormatToStringTest1000" />
    </UnitTest>
    <UnitTest name="FormatToStringTest1000 (20146.183073329827,20146.18 zł)" storage="c:\projekty\mstestproject\bin\debug\netcoreapp3.1\mstestproject.dll" id="f8cf5194-bf8f-45ba-859c-59714296fa79">
      <TestCategory>
        <TestCategoryItem TestCategory="Category1000" />
      </TestCategory>
      <Execution id="e5f8a3f2-38db-46fe-b1a9-cdb384f73fe9" />
      <TestMethod codeBase="C:\Projekty\MSTestProject\bin\Debug\netcoreapp3.1\MSTestProject.dll" adapterTypeName="executor://mstestadapter/v2" className="TwojeWesele.Services.Helpers.Tests.CurrencyHelperTests" name="FormatToStringTest1000" />
    </UnitTest>
    <UnitTest name="FormatToStringTest1000 (20249.56614074277,20249.57 zł)" storage="c:\projekty\mstestproject\bin\debug\netcoreapp3.1\mstestproject.dll" id="3c1723f7-e57d-4c75-9f31-cea94af5859e">
      <TestCategory>
        <TestCategoryItem TestCategory="Category1000" />
      </TestCategory>
      <Execution id="004bf79d-9f81-4d2b-afd2-f3b1f905ff46" />
      <TestMethod codeBase="C:\Projekty\MSTestProject\bin\Debug\netcoreapp3.1\MSTestProject.dll" adapterTypeName="executor://mstestadapter/v2" className="TwojeWesele.Services.Helpers.Tests.CurrencyHelperTests" name="FormatToStringTest1000" />
    </UnitTest>
    <UnitTest name="FormatToStringTest1000 (11157.981051815665,11157.98 zł)" storage="c:\projekty\mstestproject\bin\debug\netcoreapp3.1\mstestproject.dll" id="f0cae9ff-2d2d-4750-8445-60ef23115d3a">
      <TestCategory>
        <TestCategoryItem TestCategory="Category1000" />
      </TestCategory>
      <Execution id="cbd5d47e-939b-43b3-a158-eeefc06a8ff1" />
      <TestMethod codeBase="C:\Projekty\MSTestProject\bin\Debug\netcoreapp3.1\MSTestProject.dll" adapterTypeName="executor://mstestadapter/v2" className="TwojeWesele.Services.Helpers.Tests.CurrencyHelperTests" name="FormatToStringTest1000" />
    </UnitTest>
    <UnitTest name="FormatToStringTest1000 (42767.96883676898,42767.97 zł)" storage="c:\projekty\mstestproject\bin\debug\netcoreapp3.1\mstestproject.dll" id="d0cc2dfa-40f4-4b25-ad6d-8c9c71e90421">
      <TestCategory>
        <TestCategoryItem TestCategory="Category1000" />
      </TestCategory>
      <Execution id="70ec95b9-63ea-411e-8cf9-7a90d582d51d" />
      <TestMethod codeBase="C:\Projekty\MSTestProject\bin\Debug\netcoreapp3.1\MSTestProject.dll" adapterTypeName="executor://mstestadapter/v2" className="TwojeWesele.Services.Helpers.Tests.CurrencyHelperTests" name="FormatToStringTest1000" />
    </UnitTest>
    <UnitTest name="FormatToStringTest1000 (9765.54450809748,9765.54 zł)" storage="c:\projekty\mstestproject\bin\debug\netcoreapp3.1\mstestproject.dll" id="987f5044-911a-43cd-a6ac-267938728057">
      <TestCategory>
        <TestCategoryItem TestCategory="Category1000" />
      </TestCategory>
      <Execution id="04ae2077-7f85-4116-af8e-b7c00a531d88" />
      <TestMethod codeBase="C:\Projekty\MSTestProject\bin\Debug\netcoreapp3.1\MSTestProject.dll" adapterTypeName="executor://mstestadapter/v2" className="TwojeWesele.Services.Helpers.Tests.CurrencyHelperTests" name="FormatToStringTest1000" />
    </UnitTest>
    <UnitTest name="FormatToStringTest1000 (13323.876109275909,13323.88 zł)" storage="c:\projekty\mstestproject\bin\debug\netcoreapp3.1\mstestproject.dll" id="969125a4-5400-4ab7-91c4-8726fda8ae0b">
      <TestCategory>
        <TestCategoryItem TestCategory="Category1000" />
      </TestCategory>
      <Execution id="54d91400-dd8f-4376-ac8c-f81528e2ea0e" />
      <TestMethod codeBase="C:\Projekty\MSTestProject\bin\Debug\netcoreapp3.1\MSTestProject.dll" adapterTypeName="executor://mstestadapter/v2" className="TwojeWesele.Services.Helpers.Tests.CurrencyHelperTests" name="FormatToStringTest1000" />
    </UnitTest>
    <UnitTest name="FormatToStringTest1000 (30020.248557890412,30020.25 zł)" storage="c:\projekty\mstestproject\bin\debug\netcoreapp3.1\mstestproject.dll" id="7388ad4a-9a58-4c8e-996e-822d89e45ea0">
      <TestCategory>
        <TestCategoryItem TestCategory="Category1000" />
      </TestCategory>
      <Execution id="07c6968e-3546-4f5b-80af-c2314be05bca" />
      <TestMethod codeBase="C:\Projekty\MSTestProject\bin\Debug\netcoreapp3.1\MSTestProject.dll" adapterTypeName="executor://mstestadapter/v2" className="TwojeWesele.Services.Helpers.Tests.CurrencyHelperTests" name="FormatToStringTest1000" />
    </UnitTest>
    <UnitTest name="FormatToStringTest1000 (82228.32322510486,82228.32 zł)" storage="c:\projekty\mstestproject\bin\debug\netcoreapp3.1\mstestproject.dll" id="5e9f3455-a828-4f23-81d1-72e259b25c43">
      <TestCategory>
        <TestCategoryItem TestCategory="Category1000" />
      </TestCategory>
      <Execution id="f7ac0860-686c-4d22-b523-e17ae78f84f6" />
      <TestMethod codeBase="C:\Projekty\MSTestProject\bin\Debug\netcoreapp3.1\MSTestProject.dll" adapterTypeName="executor://mstestadapter/v2" className="TwojeWesele.Services.Helpers.Tests.CurrencyHelperTests" name="FormatToStringTest1000" />
    </UnitTest>
    <UnitTest name="FormatToStringTest1000 (16210.791556035536,16210.79 zł)" storage="c:\projekty\mstestproject\bin\debug\netcoreapp3.1\mstestproject.dll" id="e6cb214d-5f5f-46b4-bb33-66c73caf543f">
      <TestCategory>
        <TestCategoryItem TestCategory="Category1000" />
      </TestCategory>
      <Execution id="a71afd55-826f-4725-a9a4-85a2857ae0be" />
      <TestMethod codeBase="C:\Projekty\MSTestProject\bin\Debug\netcoreapp3.1\MSTestProject.dll" adapterTypeName="executor://mstestadapter/v2" className="TwojeWesele.Services.Helpers.Tests.CurrencyHelperTests" name="FormatToStringTest1000" />
    </UnitTest>
    <UnitTest name="FormatToStringTest1000 (22592.465903659566,22592.47 zł)" storage="c:\projekty\mstestproject\bin\debug\netcoreapp3.1\mstestproject.dll" id="96609384-8b76-4eec-8661-16664cc174b0">
      <TestCategory>
        <TestCategoryItem TestCategory="Category1000" />
      </TestCategory>
      <Execution id="ce7c3ad1-985f-46fc-bc7f-e1620745af28" />
      <TestMethod codeBase="C:\Projekty\MSTestProject\bin\Debug\netcoreapp3.1\MSTestProject.dll" adapterTypeName="executor://mstestadapter/v2" className="TwojeWesele.Services.Helpers.Tests.CurrencyHelperTests" name="FormatToStringTest1000" />
    </UnitTest>
    <UnitTest name="FormatToStringTest1000 (736.7398243680316,736.74 zł)" storage="c:\projekty\mstestproject\bin\debug\netcoreapp3.1\mstestproject.dll" id="fc4f57a2-9fbe-45f7-9bf6-7d33c6deb8c1">
      <TestCategory>
        <TestCategoryItem TestCategory="Category1000" />
      </TestCategory>
      <Execution id="2608940d-089d-4542-8f5b-dec92d671af8" />
      <TestMethod codeBase="C:\Projekty\MSTestProject\bin\Debug\netcoreapp3.1\MSTestProject.dll" adapterTypeName="executor://mstestadapter/v2" className="TwojeWesele.Services.Helpers.Tests.CurrencyHelperTests" name="FormatToStringTest1000" />
    </UnitTest>
    <UnitTest name="FormatToStringTest1000 (31622.81414407809,31622.81 zł)" storage="c:\projekty\mstestproject\bin\debug\netcoreapp3.1\mstestproject.dll" id="183a53ed-bf4b-4416-9f6c-1ce644a1a3dd">
      <TestCategory>
        <TestCategoryItem TestCategory="Category1000" />
      </TestCategory>
      <Execution id="57d5eb36-2e37-4a64-80f2-12a0e305f307" />
      <TestMethod codeBase="C:\Projekty\MSTestProject\bin\Debug\netcoreapp3.1\MSTestProject.dll" adapterTypeName="executor://mstestadapter/v2" className="TwojeWesele.Services.Helpers.Tests.CurrencyHelperTests" name="FormatToStringTest1000" />
    </UnitTest>
    <UnitTest name="FormatToStringTest1000 (43222.47958431695,43222.48 zł)" storage="c:\projekty\mstestproject\bin\debug\netcoreapp3.1\mstestproject.dll" id="852f7a93-4f23-478e-843b-7b39c027066d">
      <TestCategory>
        <TestCategoryItem TestCategory="Category1000" />
      </TestCategory>
      <Execution id="4a1b35a4-9fd2-47b9-bfff-7e4680846f03" />
      <TestMethod codeBase="C:\Projekty\MSTestProject\bin\Debug\netcoreapp3.1\MSTestProject.dll" adapterTypeName="executor://mstestadapter/v2" className="TwojeWesele.Services.Helpers.Tests.CurrencyHelperTests" name="FormatToStringTest1000" />
    </UnitTest>
    <UnitTest name="FormatToStringTest1000 (31391.358864880804,31391.36 zł)" storage="c:\projekty\mstestproject\bin\debug\netcoreapp3.1\mstestproject.dll" id="ac82f188-310a-4d47-b1b1-52cca60b4bb3">
      <TestCategory>
        <TestCategoryItem TestCategory="Category1000" />
      </TestCategory>
      <Execution id="a778036c-7cf0-45d2-8d30-00e512657482" />
      <TestMethod codeBase="C:\Projekty\MSTestProject\bin\Debug\netcoreapp3.1\MSTestProject.dll" adapterTypeName="executor://mstestadapter/v2" className="TwojeWesele.Services.Helpers.Tests.CurrencyHelperTests" name="FormatToStringTest1000" />
    </UnitTest>
    <UnitTest name="FormatToStringTest1000 (57181.240528605056,57181.24 zł)" storage="c:\projekty\mstestproject\bin\debug\netcoreapp3.1\mstestproject.dll" id="bd3e567e-d69b-49f4-80dc-8532935909ef">
      <TestCategory>
        <TestCategoryItem TestCategory="Category1000" />
      </TestCategory>
      <Execution id="7be93d48-d4f5-49ae-aa80-f7e219c47051" />
      <TestMethod codeBase="C:\Projekty\MSTestProject\bin\Debug\netcoreapp3.1\MSTestProject.dll" adapterTypeName="executor://mstestadapter/v2" className="TwojeWesele.Services.Helpers.Tests.CurrencyHelperTests" name="FormatToStringTest1000" />
    </UnitTest>
    <UnitTest name="FormatToStringTest1000 (19609.759296997803,19609.76 zł)" storage="c:\projekty\mstestproject\bin\debug\netcoreapp3.1\mstestproject.dll" id="2b2b5f3f-b4a3-48f2-8305-b5efc375f204">
      <TestCategory>
        <TestCategoryItem TestCategory="Category1000" />
      </TestCategory>
      <Execution id="273621c8-c524-4155-aa75-33fda83f16df" />
      <TestMethod codeBase="C:\Projekty\MSTestProject\bin\Debug\netcoreapp3.1\MSTestProject.dll" adapterTypeName="executor://mstestadapter/v2" className="TwojeWesele.Services.Helpers.Tests.CurrencyHelperTests" name="FormatToStringTest1000" />
    </UnitTest>
    <UnitTest name="FormatToStringTest1000 (24024.14691439557,24024.15 zł)" storage="c:\projekty\mstestproject\bin\debug\netcoreapp3.1\mstestproject.dll" id="d0c61eab-73b2-4605-aa27-0e005eaf077e">
      <TestCategory>
        <TestCategoryItem TestCategory="Category1000" />
      </TestCategory>
      <Execution id="c8f2aaa6-d2c6-4746-a724-5e2c86bfac47" />
      <TestMethod codeBase="C:\Projekty\MSTestProject\bin\Debug\netcoreapp3.1\MSTestProject.dll" adapterTypeName="executor://mstestadapter/v2" className="TwojeWesele.Services.Helpers.Tests.CurrencyHelperTests" name="FormatToStringTest1000" />
    </UnitTest>
    <UnitTest name="FormatToStringTest1000 (2901.9683054191846,2901.97 zł)" storage="c:\projekty\mstestproject\bin\debug\netcoreapp3.1\mstestproject.dll" id="68fafff9-106a-4e56-8873-280a6fc47433">
      <TestCategory>
        <TestCategoryItem TestCategory="Category1000" />
      </TestCategory>
      <Execution id="46d7807a-96c3-4b61-84c1-d882f823fcb2" />
      <TestMethod codeBase="C:\Projekty\MSTestProject\bin\Debug\netcoreapp3.1\MSTestProject.dll" adapterTypeName="executor://mstestadapter/v2" className="TwojeWesele.Services.Helpers.Tests.CurrencyHelperTests" name="FormatToStringTest1000" />
    </UnitTest>
    <UnitTest name="FormatToStringTest1000 (6466.872242818062,6466.87 zł)" storage="c:\projekty\mstestproject\bin\debug\netcoreapp3.1\mstestproject.dll" id="4d9bf30f-a551-4f43-8ca0-024dc6f7a67d">
      <TestCategory>
        <TestCategoryItem TestCategory="Category1000" />
      </TestCategory>
      <Execution id="6c87c28f-2a73-4134-9431-bf90039f700e" />
      <TestMethod codeBase="C:\Projekty\MSTestProject\bin\Debug\netcoreapp3.1\MSTestProject.dll" adapterTypeName="executor://mstestadapter/v2" className="TwojeWesele.Services.Helpers.Tests.CurrencyHelperTests" name="FormatToStringTest1000" />
    </UnitTest>
    <UnitTest name="FormatToStringTest1000 (37614.50159416278,37614.50 zł)" storage="c:\projekty\mstestproject\bin\debug\netcoreapp3.1\mstestproject.dll" id="07a08e8c-3009-41d6-ad87-81799bc86b04">
      <TestCategory>
        <TestCategoryItem TestCategory="Category1000" />
      </TestCategory>
      <Execution id="78089bcf-1615-4353-9666-86ee1d81b1d7" />
      <TestMethod codeBase="C:\Projekty\MSTestProject\bin\Debug\netcoreapp3.1\MSTestProject.dll" adapterTypeName="executor://mstestadapter/v2" className="TwojeWesele.Services.Helpers.Tests.CurrencyHelperTests" name="FormatToStringTest1000" />
    </UnitTest>
    <UnitTest name="FormatToStringTest1000 (6313.543884690639,6313.54 zł)" storage="c:\projekty\mstestproject\bin\debug\netcoreapp3.1\mstestproject.dll" id="7a20ed2a-2b83-46a7-8190-262fc815f80d">
      <TestCategory>
        <TestCategoryItem TestCategory="Category1000" />
      </TestCategory>
      <Execution id="cd51db14-67bd-4eff-8d6f-dadd4662a23e" />
      <TestMethod codeBase="C:\Projekty\MSTestProject\bin\Debug\netcoreapp3.1\MSTestProject.dll" adapterTypeName="executor://mstestadapter/v2" className="TwojeWesele.Services.Helpers.Tests.CurrencyHelperTests" name="FormatToStringTest1000" />
    </UnitTest>
    <UnitTest name="FormatToStringTest1000 (743.047944508981,743.05 zł)" storage="c:\projekty\mstestproject\bin\debug\netcoreapp3.1\mstestproject.dll" id="f218c34a-a7f3-4559-be94-0a3d3f0c02f4">
      <TestCategory>
        <TestCategoryItem TestCategory="Category1000" />
      </TestCategory>
      <Execution id="1043039f-0d08-4a03-8472-af1b09a70bef" />
      <TestMethod codeBase="C:\Projekty\MSTestProject\bin\Debug\netcoreapp3.1\MSTestProject.dll" adapterTypeName="executor://mstestadapter/v2" className="TwojeWesele.Services.Helpers.Tests.CurrencyHelperTests" name="FormatToStringTest1000" />
    </UnitTest>
    <UnitTest name="FormatToStringTest1000 (2216.881526520886,2216.88 zł)" storage="c:\projekty\mstestproject\bin\debug\netcoreapp3.1\mstestproject.dll" id="480e1243-c79d-41e3-a19e-36d571484c6f">
      <TestCategory>
        <TestCategoryItem TestCategory="Category1000" />
      </TestCategory>
      <Execution id="365d28e0-dae0-4514-add7-af709f595546" />
      <TestMethod codeBase="C:\Projekty\MSTestProject\bin\Debug\netcoreapp3.1\MSTestProject.dll" adapterTypeName="executor://mstestadapter/v2" className="TwojeWesele.Services.Helpers.Tests.CurrencyHelperTests" name="FormatToStringTest1000" />
    </UnitTest>
    <UnitTest name="FormatToStringTest1000 (12370.243090209198,12370.24 zł)" storage="c:\projekty\mstestproject\bin\debug\netcoreapp3.1\mstestproject.dll" id="ed874044-f309-432e-b92b-c1ea450c9969">
      <TestCategory>
        <TestCategoryItem TestCategory="Category1000" />
      </TestCategory>
      <Execution id="7a73a92a-c3d5-43fc-9d76-9269297826d9" />
      <TestMethod codeBase="C:\Projekty\MSTestProject\bin\Debug\netcoreapp3.1\MSTestProject.dll" adapterTypeName="executor://mstestadapter/v2" className="TwojeWesele.Services.Helpers.Tests.CurrencyHelperTests" name="FormatToStringTest1000" />
    </UnitTest>
    <UnitTest name="FormatToStringTest1000 (37826.846755123166,37826.85 zł)" storage="c:\projekty\mstestproject\bin\debug\netcoreapp3.1\mstestproject.dll" id="7080d777-e515-40bd-9afa-2e9b0de87c7d">
      <TestCategory>
        <TestCategoryItem TestCategory="Category1000" />
      </TestCategory>
      <Execution id="58f9720b-9102-437b-a9ce-6d9fe9cf1565" />
      <TestMethod codeBase="C:\Projekty\MSTestProject\bin\Debug\netcoreapp3.1\MSTestProject.dll" adapterTypeName="executor://mstestadapter/v2" className="TwojeWesele.Services.Helpers.Tests.CurrencyHelperTests" name="FormatToStringTest1000" />
    </UnitTest>
    <UnitTest name="FormatToStringTest1000 (6915.421130504656,6915.42 zł)" storage="c:\projekty\mstestproject\bin\debug\netcoreapp3.1\mstestproject.dll" id="69f0784a-7622-41ca-ad4f-0dfeec5e5bd2">
      <TestCategory>
        <TestCategoryItem TestCategory="Category1000" />
      </TestCategory>
      <Execution id="e3aeefa8-40ec-45f7-bda3-957d73045d76" />
      <TestMethod codeBase="C:\Projekty\MSTestProject\bin\Debug\netcoreapp3.1\MSTestProject.dll" adapterTypeName="executor://mstestadapter/v2" className="TwojeWesele.Services.Helpers.Tests.CurrencyHelperTests" name="FormatToStringTest1000" />
    </UnitTest>
    <UnitTest name="FormatToStringTest1000 (30199.386730006612,30199.39 zł)" storage="c:\projekty\mstestproject\bin\debug\netcoreapp3.1\mstestproject.dll" id="1d17fb3e-51cf-4fc0-8e07-576e040ab321">
      <TestCategory>
        <TestCategoryItem TestCategory="Category1000" />
      </TestCategory>
      <Execution id="1902306e-6c7b-4fce-a70e-095649ff73af" />
      <TestMethod codeBase="C:\Projekty\MSTestProject\bin\Debug\netcoreapp3.1\MSTestProject.dll" adapterTypeName="executor://mstestadapter/v2" className="TwojeWesele.Services.Helpers.Tests.CurrencyHelperTests" name="FormatToStringTest1000" />
    </UnitTest>
    <UnitTest name="FormatToStringTest1000 (20237.28532723723,20237.29 zł)" storage="c:\projekty\mstestproject\bin\debug\netcoreapp3.1\mstestproject.dll" id="21ced913-1d42-4e1e-86fd-628637e230f5">
      <TestCategory>
        <TestCategoryItem TestCategory="Category1000" />
      </TestCategory>
      <Execution id="c9bd889c-a8f4-4529-9076-05c35557a30c" />
      <TestMethod codeBase="C:\Projekty\MSTestProject\bin\Debug\netcoreapp3.1\MSTestProject.dll" adapterTypeName="executor://mstestadapter/v2" className="TwojeWesele.Services.Helpers.Tests.CurrencyHelperTests" name="FormatToStringTest1000" />
    </UnitTest>
    <UnitTest name="FormatToStringTest1000 (9897.705953436767,9897.71 zł)" storage="c:\projekty\mstestproject\bin\debug\netcoreapp3.1\mstestproject.dll" id="0a209740-17fc-49a7-b6b9-7e04e29b608b">
      <TestCategory>
        <TestCategoryItem TestCategory="Category1000" />
      </TestCategory>
      <Execution id="15c88411-cfb2-48f6-94db-e607ee5e049e" />
      <TestMethod codeBase="C:\Projekty\MSTestProject\bin\Debug\netcoreapp3.1\MSTestProject.dll" adapterTypeName="executor://mstestadapter/v2" className="TwojeWesele.Services.Helpers.Tests.CurrencyHelperTests" name="FormatToStringTest1000" />
    </UnitTest>
    <UnitTest name="FormatToStringTest1000 (8768.816937361293,8768.82 zł)" storage="c:\projekty\mstestproject\bin\debug\netcoreapp3.1\mstestproject.dll" id="664f42f0-a691-436b-ba7d-97ba9cf844f2">
      <TestCategory>
        <TestCategoryItem TestCategory="Category1000" />
      </TestCategory>
      <Execution id="afb2a64c-3007-4f18-9e29-d160fc9f1f28" />
      <TestMethod codeBase="C:\Projekty\MSTestProject\bin\Debug\netcoreapp3.1\MSTestProject.dll" adapterTypeName="executor://mstestadapter/v2" className="TwojeWesele.Services.Helpers.Tests.CurrencyHelperTests" name="FormatToStringTest1000" />
    </UnitTest>
    <UnitTest name="FormatToStringTest1000 (18032.4720825476,18032.47 zł)" storage="c:\projekty\mstestproject\bin\debug\netcoreapp3.1\mstestproject.dll" id="f5ee0a23-4426-4a6d-b3d1-245d5e2b14eb">
      <TestCategory>
        <TestCategoryItem TestCategory="Category1000" />
      </TestCategory>
      <Execution id="c8e03f6a-985c-4562-a2f8-f35121d1dfee" />
      <TestMethod codeBase="C:\Projekty\MSTestProject\bin\Debug\netcoreapp3.1\MSTestProject.dll" adapterTypeName="executor://mstestadapter/v2" className="TwojeWesele.Services.Helpers.Tests.CurrencyHelperTests" name="FormatToStringTest1000" />
    </UnitTest>
    <UnitTest name="FormatToStringTest1000 (22459.530444447664,22459.53 zł)" storage="c:\projekty\mstestproject\bin\debug\netcoreapp3.1\mstestproject.dll" id="52838469-a368-4512-ac5b-4f5358f60c33">
      <TestCategory>
        <TestCategoryItem TestCategory="Category1000" />
      </TestCategory>
      <Execution id="994d2371-9c06-45be-a5c4-ab574d881d69" />
      <TestMethod codeBase="C:\Projekty\MSTestProject\bin\Debug\netcoreapp3.1\MSTestProject.dll" adapterTypeName="executor://mstestadapter/v2" className="TwojeWesele.Services.Helpers.Tests.CurrencyHelperTests" name="FormatToStringTest1000" />
    </UnitTest>
    <UnitTest name="FormatToStringTest1000 (30031.89550569323,30031.90 zł)" storage="c:\projekty\mstestproject\bin\debug\netcoreapp3.1\mstestproject.dll" id="0465e416-b4ba-43dd-bb9d-c4ced00ea802">
      <TestCategory>
        <TestCategoryItem TestCategory="Category1000" />
      </TestCategory>
      <Execution id="cab8206b-911c-4753-9a1a-9c475ccb77bf" />
      <TestMethod codeBase="C:\Projekty\MSTestProject\bin\Debug\netcoreapp3.1\MSTestProject.dll" adapterTypeName="executor://mstestadapter/v2" className="TwojeWesele.Services.Helpers.Tests.CurrencyHelperTests" name="FormatToStringTest1000" />
    </UnitTest>
    <UnitTest name="FormatToStringTest1000 (19103.831635461574,19103.83 zł)" storage="c:\projekty\mstestproject\bin\debug\netcoreapp3.1\mstestproject.dll" id="14ecf93a-a91d-40ef-8b70-12fc1f0f1cf5">
      <TestCategory>
        <TestCategoryItem TestCategory="Category1000" />
      </TestCategory>
      <Execution id="f222cb78-9975-4a57-89fd-27e97497b2af" />
      <TestMethod codeBase="C:\Projekty\MSTestProject\bin\Debug\netcoreapp3.1\MSTestProject.dll" adapterTypeName="executor://mstestadapter/v2" className="TwojeWesele.Services.Helpers.Tests.CurrencyHelperTests" name="FormatToStringTest1000" />
    </UnitTest>
    <UnitTest name="FormatToStringTest1000 (657.5396922647672,657.54 zł)" storage="c:\projekty\mstestproject\bin\debug\netcoreapp3.1\mstestproject.dll" id="acf5dba0-788f-45b5-8ddb-444883b52123">
      <TestCategory>
        <TestCategoryItem TestCategory="Category1000" />
      </TestCategory>
      <Execution id="2c867f63-f1bb-42d7-b26c-2a54dfd369a0" />
      <TestMethod codeBase="C:\Projekty\MSTestProject\bin\Debug\netcoreapp3.1\MSTestProject.dll" adapterTypeName="executor://mstestadapter/v2" className="TwojeWesele.Services.Helpers.Tests.CurrencyHelperTests" name="FormatToStringTest1000" />
    </UnitTest>
    <UnitTest name="FormatToStringTest1000 (32632.105531036905,32632.11 zł)" storage="c:\projekty\mstestproject\bin\debug\netcoreapp3.1\mstestproject.dll" id="e7389cf1-5b1c-4491-bca7-f6071d4253e0">
      <TestCategory>
        <TestCategoryItem TestCategory="Category1000" />
      </TestCategory>
      <Execution id="1d3d8e04-8b0a-4202-90e2-7079da9a87eb" />
      <TestMethod codeBase="C:\Projekty\MSTestProject\bin\Debug\netcoreapp3.1\MSTestProject.dll" adapterTypeName="executor://mstestadapter/v2" className="TwojeWesele.Services.Helpers.Tests.CurrencyHelperTests" name="FormatToStringTest1000" />
    </UnitTest>
    <UnitTest name="FormatToStringTest1000 (14063.90676654871,14063.91 zł)" storage="c:\projekty\mstestproject\bin\debug\netcoreapp3.1\mstestproject.dll" id="76c47212-3cd0-4ffa-837f-d400440c72d9">
      <TestCategory>
        <TestCategoryItem TestCategory="Category1000" />
      </TestCategory>
      <Execution id="e890bd4f-e910-42ea-b805-2446c003f785" />
      <TestMethod codeBase="C:\Projekty\MSTestProject\bin\Debug\netcoreapp3.1\MSTestProject.dll" adapterTypeName="executor://mstestadapter/v2" className="TwojeWesele.Services.Helpers.Tests.CurrencyHelperTests" name="FormatToStringTest1000" />
    </UnitTest>
    <UnitTest name="FormatToStringTest1000 (75162.39407669863,75162.39 zł)" storage="c:\projekty\mstestproject\bin\debug\netcoreapp3.1\mstestproject.dll" id="c690685f-fdd2-4a35-9ed7-308b427fbf7c">
      <TestCategory>
        <TestCategoryItem TestCategory="Category1000" />
      </TestCategory>
      <Execution id="e3404412-dcdc-4d57-bf6d-19bab6ef9c79" />
      <TestMethod codeBase="C:\Projekty\MSTestProject\bin\Debug\netcoreapp3.1\MSTestProject.dll" adapterTypeName="executor://mstestadapter/v2" className="TwojeWesele.Services.Helpers.Tests.CurrencyHelperTests" name="FormatToStringTest1000" />
    </UnitTest>
    <UnitTest name="FormatToStringTest1000 (95353.10327693219,95353.10 zł)" storage="c:\projekty\mstestproject\bin\debug\netcoreapp3.1\mstestproject.dll" id="0e2503a8-025a-425f-90d5-ec4a35a81d89">
      <TestCategory>
        <TestCategoryItem TestCategory="Category1000" />
      </TestCategory>
      <Execution id="6bda7493-5869-4e1b-9dc6-55fc74b9e9e0" />
      <TestMethod codeBase="C:\Projekty\MSTestProject\bin\Debug\netcoreapp3.1\MSTestProject.dll" adapterTypeName="executor://mstestadapter/v2" className="TwojeWesele.Services.Helpers.Tests.CurrencyHelperTests" name="FormatToStringTest1000" />
    </UnitTest>
    <UnitTest name="FormatToStringTest1000 (37589.670531794276,37589.67 zł)" storage="c:\projekty\mstestproject\bin\debug\netcoreapp3.1\mstestproject.dll" id="d87accff-69a1-4341-9511-3b5d539d49f3">
      <TestCategory>
        <TestCategoryItem TestCategory="Category1000" />
      </TestCategory>
      <Execution id="28dfadf5-e822-4d72-8ea7-bef852c87891" />
      <TestMethod codeBase="C:\Projekty\MSTestProject\bin\Debug\netcoreapp3.1\MSTestProject.dll" adapterTypeName="executor://mstestadapter/v2" className="TwojeWesele.Services.Helpers.Tests.CurrencyHelperTests" name="FormatToStringTest1000" />
    </UnitTest>
    <UnitTest name="FormatToStringTest1000 (50991.22189691114,50991.22 zł)" storage="c:\projekty\mstestproject\bin\debug\netcoreapp3.1\mstestproject.dll" id="a402cd88-d13e-453a-aa76-238439af7703">
      <TestCategory>
        <TestCategoryItem TestCategory="Category1000" />
      </TestCategory>
      <Execution id="8e42abfb-aa68-4669-bc5a-245d4199a01b" />
      <TestMethod codeBase="C:\Projekty\MSTestProject\bin\Debug\netcoreapp3.1\MSTestProject.dll" adapterTypeName="executor://mstestadapter/v2" className="TwojeWesele.Services.Helpers.Tests.CurrencyHelperTests" name="FormatToStringTest1000" />
    </UnitTest>
    <UnitTest name="FormatToStringTest1000 (21573.45329517613,21573.45 zł)" storage="c:\projekty\mstestproject\bin\debug\netcoreapp3.1\mstestproject.dll" id="f16f6cf5-3e6b-405e-bf73-6840d286d13a">
      <TestCategory>
        <TestCategoryItem TestCategory="Category1000" />
      </TestCategory>
      <Execution id="c416326a-f032-4905-96be-50391e73ddf3" />
      <TestMethod codeBase="C:\Projekty\MSTestProject\bin\Debug\netcoreapp3.1\MSTestProject.dll" adapterTypeName="executor://mstestadapter/v2" className="TwojeWesele.Services.Helpers.Tests.CurrencyHelperTests" name="FormatToStringTest1000" />
    </UnitTest>
    <UnitTest name="FormatToStringTest1000 (7458.609645228652,7458.61 zł)" storage="c:\projekty\mstestproject\bin\debug\netcoreapp3.1\mstestproject.dll" id="191b2a4d-db01-4c7c-9e78-c99144543ad9">
      <TestCategory>
        <TestCategoryItem TestCategory="Category1000" />
      </TestCategory>
      <Execution id="a2fb4cd9-041c-4a3c-9de4-25c0e150bb3e" />
      <TestMethod codeBase="C:\Projekty\MSTestProject\bin\Debug\netcoreapp3.1\MSTestProject.dll" adapterTypeName="executor://mstestadapter/v2" className="TwojeWesele.Services.Helpers.Tests.CurrencyHelperTests" name="FormatToStringTest1000" />
    </UnitTest>
    <UnitTest name="FormatToStringTest1000 (5835.26176155557,5835.26 zł)" storage="c:\projekty\mstestproject\bin\debug\netcoreapp3.1\mstestproject.dll" id="da98c7e6-2a13-4802-84bc-19c0477f68d4">
      <TestCategory>
        <TestCategoryItem TestCategory="Category1000" />
      </TestCategory>
      <Execution id="4b9a495b-fa21-40d4-bafc-28fd3686871a" />
      <TestMethod codeBase="C:\Projekty\MSTestProject\bin\Debug\netcoreapp3.1\MSTestProject.dll" adapterTypeName="executor://mstestadapter/v2" className="TwojeWesele.Services.Helpers.Tests.CurrencyHelperTests" name="FormatToStringTest1000" />
    </UnitTest>
    <UnitTest name="FormatToStringTest1000 (6665.405372488035,6665.41 zł)" storage="c:\projekty\mstestproject\bin\debug\netcoreapp3.1\mstestproject.dll" id="21825956-4ef2-41f8-a428-66a977c4e93e">
      <TestCategory>
        <TestCategoryItem TestCategory="Category1000" />
      </TestCategory>
      <Execution id="408b178d-39c7-4558-8d55-b3e54f5fce1b" />
      <TestMethod codeBase="C:\Projekty\MSTestProject\bin\Debug\netcoreapp3.1\MSTestProject.dll" adapterTypeName="executor://mstestadapter/v2" className="TwojeWesele.Services.Helpers.Tests.CurrencyHelperTests" name="FormatToStringTest1000" />
    </UnitTest>
    <UnitTest name="FormatToStringTest1000 (6676.5680544784145,6676.57 zł)" storage="c:\projekty\mstestproject\bin\debug\netcoreapp3.1\mstestproject.dll" id="1f29c418-3587-4a35-b993-d436ee381c09">
      <TestCategory>
        <TestCategoryItem TestCategory="Category1000" />
      </TestCategory>
      <Execution id="4681469f-eea6-449a-b7d2-a4999678458b" />
      <TestMethod codeBase="C:\Projekty\MSTestProject\bin\Debug\netcoreapp3.1\MSTestProject.dll" adapterTypeName="executor://mstestadapter/v2" className="TwojeWesele.Services.Helpers.Tests.CurrencyHelperTests" name="FormatToStringTest1000" />
    </UnitTest>
    <UnitTest name="FormatToStringTest1000 (20321.03715103913,20321.04 zł)" storage="c:\projekty\mstestproject\bin\debug\netcoreapp3.1\mstestproject.dll" id="65d8fa0b-13f7-4808-b7d5-fc9358d48358">
      <TestCategory>
        <TestCategoryItem TestCategory="Category1000" />
      </TestCategory>
      <Execution id="263496f9-600d-46d2-add5-a572aba974ab" />
      <TestMethod codeBase="C:\Projekty\MSTestProject\bin\Debug\netcoreapp3.1\MSTestProject.dll" adapterTypeName="executor://mstestadapter/v2" className="TwojeWesele.Services.Helpers.Tests.CurrencyHelperTests" name="FormatToStringTest1000" />
    </UnitTest>
    <UnitTest name="FormatToStringTest1000 (1751.7703038522834,1751.77 zł)" storage="c:\projekty\mstestproject\bin\debug\netcoreapp3.1\mstestproject.dll" id="1d850d82-b9b5-4123-8af7-c65016fb4fa0">
      <TestCategory>
        <TestCategoryItem TestCategory="Category1000" />
      </TestCategory>
      <Execution id="e06caa7b-ee3e-4503-8e04-7286e2fd425d" />
      <TestMethod codeBase="C:\Projekty\MSTestProject\bin\Debug\netcoreapp3.1\MSTestProject.dll" adapterTypeName="executor://mstestadapter/v2" className="TwojeWesele.Services.Helpers.Tests.CurrencyHelperTests" name="FormatToStringTest1000" />
    </UnitTest>
    <UnitTest name="FormatToStringTest1000 (12221.10494323592,12221.10 zł)" storage="c:\projekty\mstestproject\bin\debug\netcoreapp3.1\mstestproject.dll" id="66c82926-4f8a-46a5-bfa0-f4f440420c36">
      <TestCategory>
        <TestCategoryItem TestCategory="Category1000" />
      </TestCategory>
      <Execution id="6a8184e7-4d90-4ad6-a8d4-dc738a606dcc" />
      <TestMethod codeBase="C:\Projekty\MSTestProject\bin\Debug\netcoreapp3.1\MSTestProject.dll" adapterTypeName="executor://mstestadapter/v2" className="TwojeWesele.Services.Helpers.Tests.CurrencyHelperTests" name="FormatToStringTest1000" />
    </UnitTest>
    <UnitTest name="FormatToStringTest1000 (17988.455793307843,17988.46 zł)" storage="c:\projekty\mstestproject\bin\debug\netcoreapp3.1\mstestproject.dll" id="d184ef5e-ef8d-4735-96ec-11140c8a00f2">
      <TestCategory>
        <TestCategoryItem TestCategory="Category1000" />
      </TestCategory>
      <Execution id="91479792-b1ae-427b-82ba-5de16d37daba" />
      <TestMethod codeBase="C:\Projekty\MSTestProject\bin\Debug\netcoreapp3.1\MSTestProject.dll" adapterTypeName="executor://mstestadapter/v2" className="TwojeWesele.Services.Helpers.Tests.CurrencyHelperTests" name="FormatToStringTest1000" />
    </UnitTest>
    <UnitTest name="FormatToStringTest1000 (21961.272673999552,21961.27 zł)" storage="c:\projekty\mstestproject\bin\debug\netcoreapp3.1\mstestproject.dll" id="0ea0a5ce-aec0-4f5b-be58-568456e03244">
      <TestCategory>
        <TestCategoryItem TestCategory="Category1000" />
      </TestCategory>
      <Execution id="e37d55c7-858d-4d4a-98fd-9f3027a47c07" />
      <TestMethod codeBase="C:\Projekty\MSTestProject\bin\Debug\netcoreapp3.1\MSTestProject.dll" adapterTypeName="executor://mstestadapter/v2" className="TwojeWesele.Services.Helpers.Tests.CurrencyHelperTests" name="FormatToStringTest1000" />
    </UnitTest>
    <UnitTest name="FormatToStringTest1000 (30034.922435005625,30034.92 zł)" storage="c:\projekty\mstestproject\bin\debug\netcoreapp3.1\mstestproject.dll" id="efe7401b-9d75-4a48-8bd1-7b83ca13df41">
      <TestCategory>
        <TestCategoryItem TestCategory="Category1000" />
      </TestCategory>
      <Execution id="cd46b925-9b68-43d4-af13-9161bc7deea5" />
      <TestMethod codeBase="C:\Projekty\MSTestProject\bin\Debug\netcoreapp3.1\MSTestProject.dll" adapterTypeName="executor://mstestadapter/v2" className="TwojeWesele.Services.Helpers.Tests.CurrencyHelperTests" name="FormatToStringTest1000" />
    </UnitTest>
    <UnitTest name="FormatToStringTest1000 (20441.330495004695,20441.33 zł)" storage="c:\projekty\mstestproject\bin\debug\netcoreapp3.1\mstestproject.dll" id="ee6d24d2-1382-42e7-9944-e60e593d5d87">
      <TestCategory>
        <TestCategoryItem TestCategory="Category1000" />
      </TestCategory>
      <Execution id="139b7e1e-e415-4cb8-9b56-1f9ebd4f79cf" />
      <TestMethod codeBase="C:\Projekty\MSTestProject\bin\Debug\netcoreapp3.1\MSTestProject.dll" adapterTypeName="executor://mstestadapter/v2" className="TwojeWesele.Services.Helpers.Tests.CurrencyHelperTests" name="FormatToStringTest1000" />
    </UnitTest>
    <UnitTest name="FormatToStringTest1000 (15396.537902579894,15396.54 zł)" storage="c:\projekty\mstestproject\bin\debug\netcoreapp3.1\mstestproject.dll" id="dbe986f7-f059-4017-88c3-2a801f72cdcc">
      <TestCategory>
        <TestCategoryItem TestCategory="Category1000" />
      </TestCategory>
      <Execution id="50ce65f2-ce9d-4ab4-a769-a21fb5923265" />
      <TestMethod codeBase="C:\Projekty\MSTestProject\bin\Debug\netcoreapp3.1\MSTestProject.dll" adapterTypeName="executor://mstestadapter/v2" className="TwojeWesele.Services.Helpers.Tests.CurrencyHelperTests" name="FormatToStringTest1000" />
    </UnitTest>
    <UnitTest name="FormatToStringTest1000 (12871.381729632794,12871.38 zł)" storage="c:\projekty\mstestproject\bin\debug\netcoreapp3.1\mstestproject.dll" id="a2d4476e-4ca7-4f50-ad93-1cb092940660">
      <TestCategory>
        <TestCategoryItem TestCategory="Category1000" />
      </TestCategory>
      <Execution id="9266316c-32c6-4e3b-892e-30ee9cb37f74" />
      <TestMethod codeBase="C:\Projekty\MSTestProject\bin\Debug\netcoreapp3.1\MSTestProject.dll" adapterTypeName="executor://mstestadapter/v2" className="TwojeWesele.Services.Helpers.Tests.CurrencyHelperTests" name="FormatToStringTest1000" />
    </UnitTest>
    <UnitTest name="FormatToStringTest1000 (60299.23738666309,60299.24 zł)" storage="c:\projekty\mstestproject\bin\debug\netcoreapp3.1\mstestproject.dll" id="5bbd9e36-32c7-4c49-aaed-dfe43746c415">
      <TestCategory>
        <TestCategoryItem TestCategory="Category1000" />
      </TestCategory>
      <Execution id="4cb86a0c-606b-4f63-bdb8-43e5dd17a10c" />
      <TestMethod codeBase="C:\Projekty\MSTestProject\bin\Debug\netcoreapp3.1\MSTestProject.dll" adapterTypeName="executor://mstestadapter/v2" className="TwojeWesele.Services.Helpers.Tests.CurrencyHelperTests" name="FormatToStringTest1000" />
    </UnitTest>
    <UnitTest name="FormatToStringTest1000 (22678.795878462864,22678.80 zł)" storage="c:\projekty\mstestproject\bin\debug\netcoreapp3.1\mstestproject.dll" id="b6f63470-f368-4c1e-a204-8859e33f9682">
      <TestCategory>
        <TestCategoryItem TestCategory="Category1000" />
      </TestCategory>
      <Execution id="0014776b-58a6-4de7-925b-d9f73f2463f5" />
      <TestMethod codeBase="C:\Projekty\MSTestProject\bin\Debug\netcoreapp3.1\MSTestProject.dll" adapterTypeName="executor://mstestadapter/v2" className="TwojeWesele.Services.Helpers.Tests.CurrencyHelperTests" name="FormatToStringTest1000" />
    </UnitTest>
    <UnitTest name="FormatToStringTest1000 (28068.20530246394,28068.21 zł)" storage="c:\projekty\mstestproject\bin\debug\netcoreapp3.1\mstestproject.dll" id="00850213-5886-44e8-a24a-595bc4a68569">
      <TestCategory>
        <TestCategoryItem TestCategory="Category1000" />
      </TestCategory>
      <Execution id="4ad525d0-53a4-4822-81af-b8df03db85f2" />
      <TestMethod codeBase="C:\Projekty\MSTestProject\bin\Debug\netcoreapp3.1\MSTestProject.dll" adapterTypeName="executor://mstestadapter/v2" className="TwojeWesele.Services.Helpers.Tests.CurrencyHelperTests" name="FormatToStringTest1000" />
    </UnitTest>
    <UnitTest name="FormatToStringTest1000 (6864.093052674129,6864.09 zł)" storage="c:\projekty\mstestproject\bin\debug\netcoreapp3.1\mstestproject.dll" id="8f87731f-4a94-4c20-8080-347753185cb8">
      <TestCategory>
        <TestCategoryItem TestCategory="Category1000" />
      </TestCategory>
      <Execution id="521c74f4-8868-489d-85d4-ddd086ef739a" />
      <TestMethod codeBase="C:\Projekty\MSTestProject\bin\Debug\netcoreapp3.1\MSTestProject.dll" adapterTypeName="executor://mstestadapter/v2" className="TwojeWesele.Services.Helpers.Tests.CurrencyHelperTests" name="FormatToStringTest1000" />
    </UnitTest>
    <UnitTest name="FormatToStringTest1000 (158.49784791027093,158.50 zł)" storage="c:\projekty\mstestproject\bin\debug\netcoreapp3.1\mstestproject.dll" id="f48e4c50-8240-4ad6-b935-877eb53ab259">
      <TestCategory>
        <TestCategoryItem TestCategory="Category1000" />
      </TestCategory>
      <Execution id="bcc435e1-5cff-4aae-9451-6c0694819d78" />
      <TestMethod codeBase="C:\Projekty\MSTestProject\bin\Debug\netcoreapp3.1\MSTestProject.dll" adapterTypeName="executor://mstestadapter/v2" className="TwojeWesele.Services.Helpers.Tests.CurrencyHelperTests" name="FormatToStringTest1000" />
    </UnitTest>
    <UnitTest name="FormatToStringTest1000 (3694.480496819355,3694.48 zł)" storage="c:\projekty\mstestproject\bin\debug\netcoreapp3.1\mstestproject.dll" id="d1f2bf45-77f1-4508-b30c-5d82ad09c2b7">
      <TestCategory>
        <TestCategoryItem TestCategory="Category1000" />
      </TestCategory>
      <Execution id="e6465abc-5be6-4d1b-b6f0-484d8e3d1d56" />
      <TestMethod codeBase="C:\Projekty\MSTestProject\bin\Debug\netcoreapp3.1\MSTestProject.dll" adapterTypeName="executor://mstestadapter/v2" className="TwojeWesele.Services.Helpers.Tests.CurrencyHelperTests" name="FormatToStringTest1000" />
    </UnitTest>
    <UnitTest name="FormatToStringTest1000 (1676.7913981754293,1676.79 zł)" storage="c:\projekty\mstestproject\bin\debug\netcoreapp3.1\mstestproject.dll" id="297c0373-2354-4ce8-bf33-0c251aed79f4">
      <TestCategory>
        <TestCategoryItem TestCategory="Category1000" />
      </TestCategory>
      <Execution id="b5219269-fe2b-43f0-bca6-ecb526b980df" />
      <TestMethod codeBase="C:\Projekty\MSTestProject\bin\Debug\netcoreapp3.1\MSTestProject.dll" adapterTypeName="executor://mstestadapter/v2" className="TwojeWesele.Services.Helpers.Tests.CurrencyHelperTests" name="FormatToStringTest1000" />
    </UnitTest>
    <UnitTest name="FormatToStringTest1000 (16637.074429372828,16637.07 zł)" storage="c:\projekty\mstestproject\bin\debug\netcoreapp3.1\mstestproject.dll" id="e7a46a84-21df-4e08-bc0d-c2feec764f7b">
      <TestCategory>
        <TestCategoryItem TestCategory="Category1000" />
      </TestCategory>
      <Execution id="8d85ca98-c91a-4c65-9084-4754221c3841" />
      <TestMethod codeBase="C:\Projekty\MSTestProject\bin\Debug\netcoreapp3.1\MSTestProject.dll" adapterTypeName="executor://mstestadapter/v2" className="TwojeWesele.Services.Helpers.Tests.CurrencyHelperTests" name="FormatToStringTest1000" />
    </UnitTest>
    <UnitTest name="FormatToStringTest1000 (11181.228339251702,11181.23 zł)" storage="c:\projekty\mstestproject\bin\debug\netcoreapp3.1\mstestproject.dll" id="fdfb58a2-f56d-4f6e-8c89-765a700bef74">
      <TestCategory>
        <TestCategoryItem TestCategory="Category1000" />
      </TestCategory>
      <Execution id="011d0141-c163-488d-bb98-04e035700ffc" />
      <TestMethod codeBase="C:\Projekty\MSTestProject\bin\Debug\netcoreapp3.1\MSTestProject.dll" adapterTypeName="executor://mstestadapter/v2" className="TwojeWesele.Services.Helpers.Tests.CurrencyHelperTests" name="FormatToStringTest1000" />
    </UnitTest>
    <UnitTest name="FormatToStringTest1000 (58902.704109088845,58902.70 zł)" storage="c:\projekty\mstestproject\bin\debug\netcoreapp3.1\mstestproject.dll" id="2170699f-45ea-4e32-b513-62b6a6f81aed">
      <TestCategory>
        <TestCategoryItem TestCategory="Category1000" />
      </TestCategory>
      <Execution id="2e83b2da-0500-4f4d-82b8-583eff1131f1" />
      <TestMethod codeBase="C:\Projekty\MSTestProject\bin\Debug\netcoreapp3.1\MSTestProject.dll" adapterTypeName="executor://mstestadapter/v2" className="TwojeWesele.Services.Helpers.Tests.CurrencyHelperTests" name="FormatToStringTest1000" />
    </UnitTest>
    <UnitTest name="FormatToStringTest1000 (37889.10086727193,37889.10 zł)" storage="c:\projekty\mstestproject\bin\debug\netcoreapp3.1\mstestproject.dll" id="e0129c17-ff62-49ef-8e53-e880b9866370">
      <TestCategory>
        <TestCategoryItem TestCategory="Category1000" />
      </TestCategory>
      <Execution id="256cc989-4874-490d-944b-0f8decac9a5e" />
      <TestMethod codeBase="C:\Projekty\MSTestProject\bin\Debug\netcoreapp3.1\MSTestProject.dll" adapterTypeName="executor://mstestadapter/v2" className="TwojeWesele.Services.Helpers.Tests.CurrencyHelperTests" name="FormatToStringTest1000" />
    </UnitTest>
    <UnitTest name="FormatToStringTest1000 (17315.72309779363,17315.72 zł)" storage="c:\projekty\mstestproject\bin\debug\netcoreapp3.1\mstestproject.dll" id="dcbe07a3-4b6b-4702-8ccb-4a2313eec6dd">
      <TestCategory>
        <TestCategoryItem TestCategory="Category1000" />
      </TestCategory>
      <Execution id="4fdb06f9-9e0f-4b08-a216-50bae917deaf" />
      <TestMethod codeBase="C:\Projekty\MSTestProject\bin\Debug\netcoreapp3.1\MSTestProject.dll" adapterTypeName="executor://mstestadapter/v2" className="TwojeWesele.Services.Helpers.Tests.CurrencyHelperTests" name="FormatToStringTest1000" />
    </UnitTest>
    <UnitTest name="FormatToStringTest1000 (17990.38119827089,17990.38 zł)" storage="c:\projekty\mstestproject\bin\debug\netcoreapp3.1\mstestproject.dll" id="dbf318b8-d140-4ca8-bf8e-f4b6f9bd07c6">
      <TestCategory>
        <TestCategoryItem TestCategory="Category1000" />
      </TestCategory>
      <Execution id="969de3fa-8fc4-4ae1-946b-7c4352324ecb" />
      <TestMethod codeBase="C:\Projekty\MSTestProject\bin\Debug\netcoreapp3.1\MSTestProject.dll" adapterTypeName="executor://mstestadapter/v2" className="TwojeWesele.Services.Helpers.Tests.CurrencyHelperTests" name="FormatToStringTest1000" />
    </UnitTest>
    <UnitTest name="FormatToStringTest1000 (5855.75080885354,5855.75 zł)" storage="c:\projekty\mstestproject\bin\debug\netcoreapp3.1\mstestproject.dll" id="318dc42e-d9c9-4f46-9b7e-da7265714aaa">
      <TestCategory>
        <TestCategoryItem TestCategory="Category1000" />
      </TestCategory>
      <Execution id="caeb0070-1ab4-4f5c-a1e7-8f6725c00e8f" />
      <TestMethod codeBase="C:\Projekty\MSTestProject\bin\Debug\netcoreapp3.1\MSTestProject.dll" adapterTypeName="executor://mstestadapter/v2" className="TwojeWesele.Services.Helpers.Tests.CurrencyHelperTests" name="FormatToStringTest1000" />
    </UnitTest>
    <UnitTest name="FormatToStringTest1000 (20643.69044446465,20643.69 zł)" storage="c:\projekty\mstestproject\bin\debug\netcoreapp3.1\mstestproject.dll" id="31dcd51d-140f-4e53-9455-64ba278424a1">
      <TestCategory>
        <TestCategoryItem TestCategory="Category1000" />
      </TestCategory>
      <Execution id="98940dc0-bff6-4877-95a4-8586fbdebb34" />
      <TestMethod codeBase="C:\Projekty\MSTestProject\bin\Debug\netcoreapp3.1\MSTestProject.dll" adapterTypeName="executor://mstestadapter/v2" className="TwojeWesele.Services.Helpers.Tests.CurrencyHelperTests" name="FormatToStringTest1000" />
    </UnitTest>
    <UnitTest name="FormatToStringTest1000 (48684.26840475959,48684.27 zł)" storage="c:\projekty\mstestproject\bin\debug\netcoreapp3.1\mstestproject.dll" id="080c8ce5-5748-491b-aa9b-d4cc0466c1d8">
      <TestCategory>
        <TestCategoryItem TestCategory="Category1000" />
      </TestCategory>
      <Execution id="5fbb2a1e-b836-4c93-923e-7a274cb846ef" />
      <TestMethod codeBase="C:\Projekty\MSTestProject\bin\Debug\netcoreapp3.1\MSTestProject.dll" adapterTypeName="executor://mstestadapter/v2" className="TwojeWesele.Services.Helpers.Tests.CurrencyHelperTests" name="FormatToStringTest1000" />
    </UnitTest>
    <UnitTest name="FormatToStringTest1000 (30626.373939456127,30626.37 zł)" storage="c:\projekty\mstestproject\bin\debug\netcoreapp3.1\mstestproject.dll" id="0253e404-7c41-4b83-92e8-abe9501bbefb">
      <TestCategory>
        <TestCategoryItem TestCategory="Category1000" />
      </TestCategory>
      <Execution id="8627dcfa-be23-47d8-9be3-8e4af6c518cf" />
      <TestMethod codeBase="C:\Projekty\MSTestProject\bin\Debug\netcoreapp3.1\MSTestProject.dll" adapterTypeName="executor://mstestadapter/v2" className="TwojeWesele.Services.Helpers.Tests.CurrencyHelperTests" name="FormatToStringTest1000" />
    </UnitTest>
    <UnitTest name="FormatToStringTest1000 (8697.074631143862,8697.07 zł)" storage="c:\projekty\mstestproject\bin\debug\netcoreapp3.1\mstestproject.dll" id="b79eacb4-1118-4b1d-98d4-5cf9379c3aea">
      <TestCategory>
        <TestCategoryItem TestCategory="Category1000" />
      </TestCategory>
      <Execution id="b431dc95-093a-48f3-ab28-812429580032" />
      <TestMethod codeBase="C:\Projekty\MSTestProject\bin\Debug\netcoreapp3.1\MSTestProject.dll" adapterTypeName="executor://mstestadapter/v2" className="TwojeWesele.Services.Helpers.Tests.CurrencyHelperTests" name="FormatToStringTest1000" />
    </UnitTest>
    <UnitTest name="FormatToStringTest1000 (9068.70019550468,9068.70 zł)" storage="c:\projekty\mstestproject\bin\debug\netcoreapp3.1\mstestproject.dll" id="863ad89a-cff0-4b12-b23c-801015bbef10">
      <TestCategory>
        <TestCategoryItem TestCategory="Category1000" />
      </TestCategory>
      <Execution id="7b258764-9298-4989-b721-919a8ea7b231" />
      <TestMethod codeBase="C:\Projekty\MSTestProject\bin\Debug\netcoreapp3.1\MSTestProject.dll" adapterTypeName="executor://mstestadapter/v2" className="TwojeWesele.Services.Helpers.Tests.CurrencyHelperTests" name="FormatToStringTest1000" />
    </UnitTest>
    <UnitTest name="FormatToStringTest1000 (20068.867046961965,20068.87 zł)" storage="c:\projekty\mstestproject\bin\debug\netcoreapp3.1\mstestproject.dll" id="f0527624-cde6-4511-beec-99fce4dbcb73">
      <TestCategory>
        <TestCategoryItem TestCategory="Category1000" />
      </TestCategory>
      <Execution id="97b36273-0ff1-412f-97e0-7e249f721fd8" />
      <TestMethod codeBase="C:\Projekty\MSTestProject\bin\Debug\netcoreapp3.1\MSTestProject.dll" adapterTypeName="executor://mstestadapter/v2" className="TwojeWesele.Services.Helpers.Tests.CurrencyHelperTests" name="FormatToStringTest1000" />
    </UnitTest>
    <UnitTest name="FormatToStringTest1000 (5957.42161879941,5957.42 zł)" storage="c:\projekty\mstestproject\bin\debug\netcoreapp3.1\mstestproject.dll" id="ec5d515c-b91d-401f-90eb-c43555ec9a8c">
      <TestCategory>
        <TestCategoryItem TestCategory="Category1000" />
      </TestCategory>
      <Execution id="e193a1e4-a6e5-48a2-8968-4344850a4410" />
      <TestMethod codeBase="C:\Projekty\MSTestProject\bin\Debug\netcoreapp3.1\MSTestProject.dll" adapterTypeName="executor://mstestadapter/v2" className="TwojeWesele.Services.Helpers.Tests.CurrencyHelperTests" name="FormatToStringTest1000" />
    </UnitTest>
    <UnitTest name="FormatToStringTest1000 (6213.265206352466,6213.27 zł)" storage="c:\projekty\mstestproject\bin\debug\netcoreapp3.1\mstestproject.dll" id="d77dde5b-d80a-4830-9a16-f86ebf7a9beb">
      <TestCategory>
        <TestCategoryItem TestCategory="Category1000" />
      </TestCategory>
      <Execution id="8fa9ed97-29c2-4bb2-b5b3-befbbb7ae007" />
      <TestMethod codeBase="C:\Projekty\MSTestProject\bin\Debug\netcoreapp3.1\MSTestProject.dll" adapterTypeName="executor://mstestadapter/v2" className="TwojeWesele.Services.Helpers.Tests.CurrencyHelperTests" name="FormatToStringTest1000" />
    </UnitTest>
    <UnitTest name="FormatToStringTest1000 (96261.84883437205,96261.85 zł)" storage="c:\projekty\mstestproject\bin\debug\netcoreapp3.1\mstestproject.dll" id="4b01d071-2448-4d60-9334-9ca2b71dc468">
      <TestCategory>
        <TestCategoryItem TestCategory="Category1000" />
      </TestCategory>
      <Execution id="9c9ca68f-94f9-4ccf-9c7c-878049d3bcc6" />
      <TestMethod codeBase="C:\Projekty\MSTestProject\bin\Debug\netcoreapp3.1\MSTestProject.dll" adapterTypeName="executor://mstestadapter/v2" className="TwojeWesele.Services.Helpers.Tests.CurrencyHelperTests" name="FormatToStringTest1000" />
    </UnitTest>
    <UnitTest name="FormatToStringTest1000 (4554.73912809777,4554.74 zł)" storage="c:\projekty\mstestproject\bin\debug\netcoreapp3.1\mstestproject.dll" id="085aa7e0-18a5-4669-909e-e8a8a53d4571">
      <TestCategory>
        <TestCategoryItem TestCategory="Category1000" />
      </TestCategory>
      <Execution id="ec33ceb9-7dac-48be-86b2-34abf1c61985" />
      <TestMethod codeBase="C:\Projekty\MSTestProject\bin\Debug\netcoreapp3.1\MSTestProject.dll" adapterTypeName="executor://mstestadapter/v2" className="TwojeWesele.Services.Helpers.Tests.CurrencyHelperTests" name="FormatToStringTest1000" />
    </UnitTest>
    <UnitTest name="FormatToStringTest1000 (6809.40195803037,6809.40 zł)" storage="c:\projekty\mstestproject\bin\debug\netcoreapp3.1\mstestproject.dll" id="5012b2f1-0ddf-4f08-8e25-94026ba7d62c">
      <TestCategory>
        <TestCategoryItem TestCategory="Category1000" />
      </TestCategory>
      <Execution id="6b8981e7-d7fe-4b2c-bed4-84aa08b6b6c5" />
      <TestMethod codeBase="C:\Projekty\MSTestProject\bin\Debug\netcoreapp3.1\MSTestProject.dll" adapterTypeName="executor://mstestadapter/v2" className="TwojeWesele.Services.Helpers.Tests.CurrencyHelperTests" name="FormatToStringTest1000" />
    </UnitTest>
    <UnitTest name="FormatToStringTest1000 (801.5720517614726,801.57 zł)" storage="c:\projekty\mstestproject\bin\debug\netcoreapp3.1\mstestproject.dll" id="e64813e7-4231-48fb-aa5a-5336d1ab7e75">
      <TestCategory>
        <TestCategoryItem TestCategory="Category1000" />
      </TestCategory>
      <Execution id="e2c7d2b1-cfac-407f-9ec3-6e6acab2ee07" />
      <TestMethod codeBase="C:\Projekty\MSTestProject\bin\Debug\netcoreapp3.1\MSTestProject.dll" adapterTypeName="executor://mstestadapter/v2" className="TwojeWesele.Services.Helpers.Tests.CurrencyHelperTests" name="FormatToStringTest1000" />
    </UnitTest>
    <UnitTest name="FormatToStringTest1000 (823.2747994560166,823.27 zł)" storage="c:\projekty\mstestproject\bin\debug\netcoreapp3.1\mstestproject.dll" id="d498d154-018b-4943-8512-2ef2c67c5212">
      <TestCategory>
        <TestCategoryItem TestCategory="Category1000" />
      </TestCategory>
      <Execution id="2078aed1-07d2-41a0-9b9a-f6436656560a" />
      <TestMethod codeBase="C:\Projekty\MSTestProject\bin\Debug\netcoreapp3.1\MSTestProject.dll" adapterTypeName="executor://mstestadapter/v2" className="TwojeWesele.Services.Helpers.Tests.CurrencyHelperTests" name="FormatToStringTest1000" />
    </UnitTest>
    <UnitTest name="FormatToStringTest1000 (13582.47117894258,13582.47 zł)" storage="c:\projekty\mstestproject\bin\debug\netcoreapp3.1\mstestproject.dll" id="a62ef21c-fe09-4c51-99ca-73df3986e379">
      <TestCategory>
        <TestCategoryItem TestCategory="Category1000" />
      </TestCategory>
      <Execution id="3bccf861-000f-4e85-ab68-c55bc8bc4275" />
      <TestMethod codeBase="C:\Projekty\MSTestProject\bin\Debug\netcoreapp3.1\MSTestProject.dll" adapterTypeName="executor://mstestadapter/v2" className="TwojeWesele.Services.Helpers.Tests.CurrencyHelperTests" name="FormatToStringTest1000" />
    </UnitTest>
    <UnitTest name="FormatToStringTest1000 (1739.5853778997368,1739.59 zł)" storage="c:\projekty\mstestproject\bin\debug\netcoreapp3.1\mstestproject.dll" id="563dd60f-bd36-4ecd-80b7-532508983710">
      <TestCategory>
        <TestCategoryItem TestCategory="Category1000" />
      </TestCategory>
      <Execution id="86d9b51e-f60a-412e-a306-cea40e920316" />
      <TestMethod codeBase="C:\Projekty\MSTestProject\bin\Debug\netcoreapp3.1\MSTestProject.dll" adapterTypeName="executor://mstestadapter/v2" className="TwojeWesele.Services.Helpers.Tests.CurrencyHelperTests" name="FormatToStringTest1000" />
    </UnitTest>
    <UnitTest name="FormatToStringTest1000 (12091.219941106729,12091.22 zł)" storage="c:\projekty\mstestproject\bin\debug\netcoreapp3.1\mstestproject.dll" id="9da2a045-8056-4135-a59b-2194f74eb70c">
      <TestCategory>
        <TestCategoryItem TestCategory="Category1000" />
      </TestCategory>
      <Execution id="11c4715c-e285-40f7-b71d-5e06f52f1c0c" />
      <TestMethod codeBase="C:\Projekty\MSTestProject\bin\Debug\netcoreapp3.1\MSTestProject.dll" adapterTypeName="executor://mstestadapter/v2" className="TwojeWesele.Services.Helpers.Tests.CurrencyHelperTests" name="FormatToStringTest1000" />
    </UnitTest>
    <UnitTest name="FormatToStringTest1000 (88489.14069749469,88489.14 zł)" storage="c:\projekty\mstestproject\bin\debug\netcoreapp3.1\mstestproject.dll" id="0033e482-5638-4419-ab7f-9e1023672cc0">
      <TestCategory>
        <TestCategoryItem TestCategory="Category1000" />
      </TestCategory>
      <Execution id="f31e1dcf-2379-4692-901e-52c277c48a16" />
      <TestMethod codeBase="C:\Projekty\MSTestProject\bin\Debug\netcoreapp3.1\MSTestProject.dll" adapterTypeName="executor://mstestadapter/v2" className="TwojeWesele.Services.Helpers.Tests.CurrencyHelperTests" name="FormatToStringTest1000" />
    </UnitTest>
    <UnitTest name="FormatToStringTest1000 (35145.379208063416,35145.38 zł)" storage="c:\projekty\mstestproject\bin\debug\netcoreapp3.1\mstestproject.dll" id="546e09c8-085c-4490-9674-f82e61a1904b">
      <TestCategory>
        <TestCategoryItem TestCategory="Category1000" />
      </TestCategory>
      <Execution id="ebf0c80f-e824-4496-8d76-fe96e493ca4c" />
      <TestMethod codeBase="C:\Projekty\MSTestProject\bin\Debug\netcoreapp3.1\MSTestProject.dll" adapterTypeName="executor://mstestadapter/v2" className="TwojeWesele.Services.Helpers.Tests.CurrencyHelperTests" name="FormatToStringTest1000" />
    </UnitTest>
    <UnitTest name="FormatToStringTest1000 (9843.625240445894,9843.63 zł)" storage="c:\projekty\mstestproject\bin\debug\netcoreapp3.1\mstestproject.dll" id="37649f97-067c-41d8-8484-b2165950bdbb">
      <TestCategory>
        <TestCategoryItem TestCategory="Category1000" />
      </TestCategory>
      <Execution id="7afa255f-6d8d-424d-949d-5654814f6293" />
      <TestMethod codeBase="C:\Projekty\MSTestProject\bin\Debug\netcoreapp3.1\MSTestProject.dll" adapterTypeName="executor://mstestadapter/v2" className="TwojeWesele.Services.Helpers.Tests.CurrencyHelperTests" name="FormatToStringTest1000" />
    </UnitTest>
    <UnitTest name="FormatToStringTest1000 (34060.48467268724,34060.48 zł)" storage="c:\projekty\mstestproject\bin\debug\netcoreapp3.1\mstestproject.dll" id="3f7c0a90-e289-43b6-99e7-2c623da26eb0">
      <TestCategory>
        <TestCategoryItem TestCategory="Category1000" />
      </TestCategory>
      <Execution id="dc766177-ecba-4bfc-a58b-f70e30ec2017" />
      <TestMethod codeBase="C:\Projekty\MSTestProject\bin\Debug\netcoreapp3.1\MSTestProject.dll" adapterTypeName="executor://mstestadapter/v2" className="TwojeWesele.Services.Helpers.Tests.CurrencyHelperTests" name="FormatToStringTest1000" />
    </UnitTest>
    <UnitTest name="FormatToStringTest1000 (9190.067404299076,9190.07 zł)" storage="c:\projekty\mstestproject\bin\debug\netcoreapp3.1\mstestproject.dll" id="ca4736ae-2eb8-4adb-9280-a56552bc0b95">
      <TestCategory>
        <TestCategoryItem TestCategory="Category1000" />
      </TestCategory>
      <Execution id="13436795-2124-4ded-b6fb-d67b454fb7bb" />
      <TestMethod codeBase="C:\Projekty\MSTestProject\bin\Debug\netcoreapp3.1\MSTestProject.dll" adapterTypeName="executor://mstestadapter/v2" className="TwojeWesele.Services.Helpers.Tests.CurrencyHelperTests" name="FormatToStringTest1000" />
    </UnitTest>
    <UnitTest name="FormatToStringTest1000 (3270.482477338743,3270.48 zł)" storage="c:\projekty\mstestproject\bin\debug\netcoreapp3.1\mstestproject.dll" id="c686c735-f0b8-4de5-8967-5226f72f82fd">
      <TestCategory>
        <TestCategoryItem TestCategory="Category1000" />
      </TestCategory>
      <Execution id="8342bc99-deb4-4e00-bda0-d71d80cac272" />
      <TestMethod codeBase="C:\Projekty\MSTestProject\bin\Debug\netcoreapp3.1\MSTestProject.dll" adapterTypeName="executor://mstestadapter/v2" className="TwojeWesele.Services.Helpers.Tests.CurrencyHelperTests" name="FormatToStringTest1000" />
    </UnitTest>
    <UnitTest name="FormatToStringTest1000 (15509.637406484986,15509.64 zł)" storage="c:\projekty\mstestproject\bin\debug\netcoreapp3.1\mstestproject.dll" id="876805c4-e844-4997-84c5-ce7e9d01abd5">
      <TestCategory>
        <TestCategoryItem TestCategory="Category1000" />
      </TestCategory>
      <Execution id="afbf6746-73ad-4b77-854e-e37302b0110b" />
      <TestMethod codeBase="C:\Projekty\MSTestProject\bin\Debug\netcoreapp3.1\MSTestProject.dll" adapterTypeName="executor://mstestadapter/v2" className="TwojeWesele.Services.Helpers.Tests.CurrencyHelperTests" name="FormatToStringTest1000" />
    </UnitTest>
    <UnitTest name="FormatToStringTest1000 (7753.724411372898,7753.72 zł)" storage="c:\projekty\mstestproject\bin\debug\netcoreapp3.1\mstestproject.dll" id="d66eeadf-428d-4a16-933f-a30e20304f41">
      <TestCategory>
        <TestCategoryItem TestCategory="Category1000" />
      </TestCategory>
      <Execution id="eab5564f-283a-43c2-b44b-71f581080aec" />
      <TestMethod codeBase="C:\Projekty\MSTestProject\bin\Debug\netcoreapp3.1\MSTestProject.dll" adapterTypeName="executor://mstestadapter/v2" className="TwojeWesele.Services.Helpers.Tests.CurrencyHelperTests" name="FormatToStringTest1000" />
    </UnitTest>
    <UnitTest name="FormatToStringTest1000 (6205.946199725357,6205.95 zł)" storage="c:\projekty\mstestproject\bin\debug\netcoreapp3.1\mstestproject.dll" id="c7725823-548f-4da2-b9f0-3aaf21e2bbe1">
      <TestCategory>
        <TestCategoryItem TestCategory="Category1000" />
      </TestCategory>
      <Execution id="c906f71e-536e-46a5-af8a-7564e277493c" />
      <TestMethod codeBase="C:\Projekty\MSTestProject\bin\Debug\netcoreapp3.1\MSTestProject.dll" adapterTypeName="executor://mstestadapter/v2" className="TwojeWesele.Services.Helpers.Tests.CurrencyHelperTests" name="FormatToStringTest1000" />
    </UnitTest>
    <UnitTest name="FormatToStringTest1000 (90187.4082624374,90187.41 zł)" storage="c:\projekty\mstestproject\bin\debug\netcoreapp3.1\mstestproject.dll" id="e736bfde-2a90-4153-b1d7-3ba990898be8">
      <TestCategory>
        <TestCategoryItem TestCategory="Category1000" />
      </TestCategory>
      <Execution id="60d1cf11-7c2c-4986-b901-7d6cddcb8700" />
      <TestMethod codeBase="C:\Projekty\MSTestProject\bin\Debug\netcoreapp3.1\MSTestProject.dll" adapterTypeName="executor://mstestadapter/v2" className="TwojeWesele.Services.Helpers.Tests.CurrencyHelperTests" name="FormatToStringTest1000" />
    </UnitTest>
    <UnitTest name="FormatToStringTest1000 (27027.327683509946,27027.33 zł)" storage="c:\projekty\mstestproject\bin\debug\netcoreapp3.1\mstestproject.dll" id="697ee837-2e6b-4601-94b7-233d8648a536">
      <TestCategory>
        <TestCategoryItem TestCategory="Category1000" />
      </TestCategory>
      <Execution id="c5437884-0946-44b7-bad2-e2bea30191a4" />
      <TestMethod codeBase="C:\Projekty\MSTestProject\bin\Debug\netcoreapp3.1\MSTestProject.dll" adapterTypeName="executor://mstestadapter/v2" className="TwojeWesele.Services.Helpers.Tests.CurrencyHelperTests" name="FormatToStringTest1000" />
    </UnitTest>
    <UnitTest name="FormatToStringTest1000 (42383.08993972982,42383.09 zł)" storage="c:\projekty\mstestproject\bin\debug\netcoreapp3.1\mstestproject.dll" id="fb27d7d9-a024-4666-a737-2b079232de71">
      <TestCategory>
        <TestCategoryItem TestCategory="Category1000" />
      </TestCategory>
      <Execution id="dc59e07a-30f5-4586-bd5c-81dcc43e4987" />
      <TestMethod codeBase="C:\Projekty\MSTestProject\bin\Debug\netcoreapp3.1\MSTestProject.dll" adapterTypeName="executor://mstestadapter/v2" className="TwojeWesele.Services.Helpers.Tests.CurrencyHelperTests" name="FormatToStringTest1000" />
    </UnitTest>
    <UnitTest name="FormatToStringTest1000 (32051.900532446758,32051.90 zł)" storage="c:\projekty\mstestproject\bin\debug\netcoreapp3.1\mstestproject.dll" id="f0072207-5114-4c32-8a46-70fd3a768552">
      <TestCategory>
        <TestCategoryItem TestCategory="Category1000" />
      </TestCategory>
      <Execution id="f07ce556-5732-4c31-b65c-851c8e39fb2f" />
      <TestMethod codeBase="C:\Projekty\MSTestProject\bin\Debug\netcoreapp3.1\MSTestProject.dll" adapterTypeName="executor://mstestadapter/v2" className="TwojeWesele.Services.Helpers.Tests.CurrencyHelperTests" name="FormatToStringTest1000" />
    </UnitTest>
    <UnitTest name="FormatToStringTest1000 (7407.385606687696,7407.39 zł)" storage="c:\projekty\mstestproject\bin\debug\netcoreapp3.1\mstestproject.dll" id="aa8827eb-4e50-43b9-ae88-41f7146799e6">
      <TestCategory>
        <TestCategoryItem TestCategory="Category1000" />
      </TestCategory>
      <Execution id="aaa6149a-7878-4f5e-8a62-72f99b99eec9" />
      <TestMethod codeBase="C:\Projekty\MSTestProject\bin\Debug\netcoreapp3.1\MSTestProject.dll" adapterTypeName="executor://mstestadapter/v2" className="TwojeWesele.Services.Helpers.Tests.CurrencyHelperTests" name="FormatToStringTest1000" />
    </UnitTest>
    <UnitTest name="FormatToStringTest1000 (13375.96341587415,13375.96 zł)" storage="c:\projekty\mstestproject\bin\debug\netcoreapp3.1\mstestproject.dll" id="e1e600f6-f068-40fc-b183-7475aaa5be18">
      <TestCategory>
        <TestCategoryItem TestCategory="Category1000" />
      </TestCategory>
      <Execution id="45847810-a25d-408a-bff2-3d1dd86aa58d" />
      <TestMethod codeBase="C:\Projekty\MSTestProject\bin\Debug\netcoreapp3.1\MSTestProject.dll" adapterTypeName="executor://mstestadapter/v2" className="TwojeWesele.Services.Helpers.Tests.CurrencyHelperTests" name="FormatToStringTest1000" />
    </UnitTest>
    <UnitTest name="FormatToStringTest1000 (14198.39903067723,14198.40 zł)" storage="c:\projekty\mstestproject\bin\debug\netcoreapp3.1\mstestproject.dll" id="31dae14b-b382-4793-b956-6e0a0c54cd85">
      <TestCategory>
        <TestCategoryItem TestCategory="Category1000" />
      </TestCategory>
      <Execution id="0a20176a-24ae-42cd-bed3-100ec8db0288" />
      <TestMethod codeBase="C:\Projekty\MSTestProject\bin\Debug\netcoreapp3.1\MSTestProject.dll" adapterTypeName="executor://mstestadapter/v2" className="TwojeWesele.Services.Helpers.Tests.CurrencyHelperTests" name="FormatToStringTest1000" />
    </UnitTest>
    <UnitTest name="FormatToStringTest1000 (2751.3751475258614,2751.38 zł)" storage="c:\projekty\mstestproject\bin\debug\netcoreapp3.1\mstestproject.dll" id="7758375e-f0e0-4e70-ba8e-3117d4c2170e">
      <TestCategory>
        <TestCategoryItem TestCategory="Category1000" />
      </TestCategory>
      <Execution id="5544dccb-77ed-4e92-bcca-e17c986af751" />
      <TestMethod codeBase="C:\Projekty\MSTestProject\bin\Debug\netcoreapp3.1\MSTestProject.dll" adapterTypeName="executor://mstestadapter/v2" className="TwojeWesele.Services.Helpers.Tests.CurrencyHelperTests" name="FormatToStringTest1000" />
    </UnitTest>
    <UnitTest name="FormatToStringTest1000 (3588.260979617136,3588.26 zł)" storage="c:\projekty\mstestproject\bin\debug\netcoreapp3.1\mstestproject.dll" id="86cc06c1-291d-4c2f-b4d1-319867c294cd">
      <TestCategory>
        <TestCategoryItem TestCategory="Category1000" />
      </TestCategory>
      <Execution id="a4533776-2804-4d95-b29e-16c6377154d1" />
      <TestMethod codeBase="C:\Projekty\MSTestProject\bin\Debug\netcoreapp3.1\MSTestProject.dll" adapterTypeName="executor://mstestadapter/v2" className="TwojeWesele.Services.Helpers.Tests.CurrencyHelperTests" name="FormatToStringTest1000" />
    </UnitTest>
    <UnitTest name="FormatToStringTest1000 (16673.5121774904,16673.51 zł)" storage="c:\projekty\mstestproject\bin\debug\netcoreapp3.1\mstestproject.dll" id="8a98da07-08a6-4e54-bf3f-f779cbd75409">
      <TestCategory>
        <TestCategoryItem TestCategory="Category1000" />
      </TestCategory>
      <Execution id="b6980acf-ecc2-4cd0-bc83-e58e0c7ca5b9" />
      <TestMethod codeBase="C:\Projekty\MSTestProject\bin\Debug\netcoreapp3.1\MSTestProject.dll" adapterTypeName="executor://mstestadapter/v2" className="TwojeWesele.Services.Helpers.Tests.CurrencyHelperTests" name="FormatToStringTest1000" />
    </UnitTest>
    <UnitTest name="FormatToStringTest1000 (26468.346804109562,26468.35 zł)" storage="c:\projekty\mstestproject\bin\debug\netcoreapp3.1\mstestproject.dll" id="355aa7d6-6c8d-42e2-947b-5097b20aac0d">
      <TestCategory>
        <TestCategoryItem TestCategory="Category1000" />
      </TestCategory>
      <Execution id="e9b4b539-1d5e-45b3-997b-7e30072dd63f" />
      <TestMethod codeBase="C:\Projekty\MSTestProject\bin\Debug\netcoreapp3.1\MSTestProject.dll" adapterTypeName="executor://mstestadapter/v2" className="TwojeWesele.Services.Helpers.Tests.CurrencyHelperTests" name="FormatToStringTest1000" />
    </UnitTest>
    <UnitTest name="FormatToStringTest1000 (93775.33090185716,93775.33 zł)" storage="c:\projekty\mstestproject\bin\debug\netcoreapp3.1\mstestproject.dll" id="9448d5d3-1c88-46fe-9b66-78ba0973101c">
      <TestCategory>
        <TestCategoryItem TestCategory="Category1000" />
      </TestCategory>
      <Execution id="3d1dcd22-1de4-47b9-8ebd-881a2050b9b4" />
      <TestMethod codeBase="C:\Projekty\MSTestProject\bin\Debug\netcoreapp3.1\MSTestProject.dll" adapterTypeName="executor://mstestadapter/v2" className="TwojeWesele.Services.Helpers.Tests.CurrencyHelperTests" name="FormatToStringTest1000" />
    </UnitTest>
    <UnitTest name="FormatToStringTest1000 (25288.32036814574,25288.32 zł)" storage="c:\projekty\mstestproject\bin\debug\netcoreapp3.1\mstestproject.dll" id="af947dd1-db24-4531-85d6-a593ab2eff21">
      <TestCategory>
        <TestCategoryItem TestCategory="Category1000" />
      </TestCategory>
      <Execution id="14778bf2-ab90-4991-8240-b2a1bf1ac47d" />
      <TestMethod codeBase="C:\Projekty\MSTestProject\bin\Debug\netcoreapp3.1\MSTestProject.dll" adapterTypeName="executor://mstestadapter/v2" className="TwojeWesele.Services.Helpers.Tests.CurrencyHelperTests" name="FormatToStringTest1000" />
    </UnitTest>
    <UnitTest name="FormatToStringTest1000 (55457.96873490278,55457.97 zł)" storage="c:\projekty\mstestproject\bin\debug\netcoreapp3.1\mstestproject.dll" id="cc19a37f-ab27-44ad-aedc-87cbd5dd847a">
      <TestCategory>
        <TestCategoryItem TestCategory="Category1000" />
      </TestCategory>
      <Execution id="7029a3a9-3ac7-4693-afc8-993f4f0b03f7" />
      <TestMethod codeBase="C:\Projekty\MSTestProject\bin\Debug\netcoreapp3.1\MSTestProject.dll" adapterTypeName="executor://mstestadapter/v2" className="TwojeWesele.Services.Helpers.Tests.CurrencyHelperTests" name="FormatToStringTest1000" />
    </UnitTest>
    <UnitTest name="FormatToStringTest1000 (6145.531235831571,6145.53 zł)" storage="c:\projekty\mstestproject\bin\debug\netcoreapp3.1\mstestproject.dll" id="06b70c64-2509-4d4f-a62d-102d0638edb2">
      <TestCategory>
        <TestCategoryItem TestCategory="Category1000" />
      </TestCategory>
      <Execution id="d99589f6-85f6-4d7d-9d75-8c565026917a" />
      <TestMethod codeBase="C:\Projekty\MSTestProject\bin\Debug\netcoreapp3.1\MSTestProject.dll" adapterTypeName="executor://mstestadapter/v2" className="TwojeWesele.Services.Helpers.Tests.CurrencyHelperTests" name="FormatToStringTest1000" />
    </UnitTest>
    <UnitTest name="FormatToStringTest1000 (14218.204344010543,14218.20 zł)" storage="c:\projekty\mstestproject\bin\debug\netcoreapp3.1\mstestproject.dll" id="a1e4cc6e-1b5a-4b53-b23d-468085da3720">
      <TestCategory>
        <TestCategoryItem TestCategory="Category1000" />
      </TestCategory>
      <Execution id="bf9289d9-c679-476a-9afa-fdab3b6cf4d4" />
      <TestMethod codeBase="C:\Projekty\MSTestProject\bin\Debug\netcoreapp3.1\MSTestProject.dll" adapterTypeName="executor://mstestadapter/v2" className="TwojeWesele.Services.Helpers.Tests.CurrencyHelperTests" name="FormatToStringTest1000" />
    </UnitTest>
    <UnitTest name="FormatToStringTest1000 (6035.818653228608,6035.82 zł)" storage="c:\projekty\mstestproject\bin\debug\netcoreapp3.1\mstestproject.dll" id="9e2c3134-7fa2-4f21-8174-c8053cd0f265">
      <TestCategory>
        <TestCategoryItem TestCategory="Category1000" />
      </TestCategory>
      <Execution id="db19c9bc-7411-46b4-925e-f0201ff27cd7" />
      <TestMethod codeBase="C:\Projekty\MSTestProject\bin\Debug\netcoreapp3.1\MSTestProject.dll" adapterTypeName="executor://mstestadapter/v2" className="TwojeWesele.Services.Helpers.Tests.CurrencyHelperTests" name="FormatToStringTest1000" />
    </UnitTest>
    <UnitTest name="FormatToStringTest1000 (25036.98767214035,25036.99 zł)" storage="c:\projekty\mstestproject\bin\debug\netcoreapp3.1\mstestproject.dll" id="e1aa9c4d-fb47-4e91-86f8-4691e2d95957">
      <TestCategory>
        <TestCategoryItem TestCategory="Category1000" />
      </TestCategory>
      <Execution id="da4e5652-e11e-459b-93bf-93f9476ace2a" />
      <TestMethod codeBase="C:\Projekty\MSTestProject\bin\Debug\netcoreapp3.1\MSTestProject.dll" adapterTypeName="executor://mstestadapter/v2" className="TwojeWesele.Services.Helpers.Tests.CurrencyHelperTests" name="FormatToStringTest1000" />
    </UnitTest>
    <UnitTest name="FormatToStringTest1000 (9079.930405251649,9079.93 zł)" storage="c:\projekty\mstestproject\bin\debug\netcoreapp3.1\mstestproject.dll" id="c6d448e2-12cc-48c8-9368-6dea6b6e1c80">
      <TestCategory>
        <TestCategoryItem TestCategory="Category1000" />
      </TestCategory>
      <Execution id="cc8655ae-4f1e-4c93-8192-e1b0ed583660" />
      <TestMethod codeBase="C:\Projekty\MSTestProject\bin\Debug\netcoreapp3.1\MSTestProject.dll" adapterTypeName="executor://mstestadapter/v2" className="TwojeWesele.Services.Helpers.Tests.CurrencyHelperTests" name="FormatToStringTest1000" />
    </UnitTest>
    <UnitTest name="FormatToStringTest1000 (44869.327020554025,44869.33 zł)" storage="c:\projekty\mstestproject\bin\debug\netcoreapp3.1\mstestproject.dll" id="294812bf-cd3e-491d-a01f-ee22feb7717d">
      <TestCategory>
        <TestCategoryItem TestCategory="Category1000" />
      </TestCategory>
      <Execution id="47a98c98-8daa-42b7-969e-60397c620a44" />
      <TestMethod codeBase="C:\Projekty\MSTestProject\bin\Debug\netcoreapp3.1\MSTestProject.dll" adapterTypeName="executor://mstestadapter/v2" className="TwojeWesele.Services.Helpers.Tests.CurrencyHelperTests" name="FormatToStringTest1000" />
    </UnitTest>
    <UnitTest name="FormatToStringTest1000 (12283.48626129026,12283.49 zł)" storage="c:\projekty\mstestproject\bin\debug\netcoreapp3.1\mstestproject.dll" id="81220c00-a6f5-4802-951d-a54c4ae3ea51">
      <TestCategory>
        <TestCategoryItem TestCategory="Category1000" />
      </TestCategory>
      <Execution id="d5a7798c-08f3-4ecf-bc28-44ed61c12548" />
      <TestMethod codeBase="C:\Projekty\MSTestProject\bin\Debug\netcoreapp3.1\MSTestProject.dll" adapterTypeName="executor://mstestadapter/v2" className="TwojeWesele.Services.Helpers.Tests.CurrencyHelperTests" name="FormatToStringTest1000" />
    </UnitTest>
    <UnitTest name="FormatToStringTest1000 (115.26302841131717,115.26 zł)" storage="c:\projekty\mstestproject\bin\debug\netcoreapp3.1\mstestproject.dll" id="e7d2eca7-7d60-451a-980a-98c66d3b5efc">
      <TestCategory>
        <TestCategoryItem TestCategory="Category1000" />
      </TestCategory>
      <Execution id="4470e2a5-0d98-4512-9d02-ce6581955c14" />
      <TestMethod codeBase="C:\Projekty\MSTestProject\bin\Debug\netcoreapp3.1\MSTestProject.dll" adapterTypeName="executor://mstestadapter/v2" className="TwojeWesele.Services.Helpers.Tests.CurrencyHelperTests" name="FormatToStringTest1000" />
    </UnitTest>
    <UnitTest name="FormatToStringTest1000 (24476.442216712254,24476.44 zł)" storage="c:\projekty\mstestproject\bin\debug\netcoreapp3.1\mstestproject.dll" id="c69890fa-8076-47bd-8aee-8f9911ff8361">
      <TestCategory>
        <TestCategoryItem TestCategory="Category1000" />
      </TestCategory>
      <Execution id="adcef1b4-f054-4237-a473-3ca9903e76a8" />
      <TestMethod codeBase="C:\Projekty\MSTestProject\bin\Debug\netcoreapp3.1\MSTestProject.dll" adapterTypeName="executor://mstestadapter/v2" className="TwojeWesele.Services.Helpers.Tests.CurrencyHelperTests" name="FormatToStringTest1000" />
    </UnitTest>
    <UnitTest name="FormatToStringTest1000 (4898.699005344277,4898.70 zł)" storage="c:\projekty\mstestproject\bin\debug\netcoreapp3.1\mstestproject.dll" id="6aefdce2-8599-429b-bdd6-87c0ccc30aa4">
      <TestCategory>
        <TestCategoryItem TestCategory="Category1000" />
      </TestCategory>
      <Execution id="6654f227-3db2-4e65-bdab-c4db2be6cd0f" />
      <TestMethod codeBase="C:\Projekty\MSTestProject\bin\Debug\netcoreapp3.1\MSTestProject.dll" adapterTypeName="executor://mstestadapter/v2" className="TwojeWesele.Services.Helpers.Tests.CurrencyHelperTests" name="FormatToStringTest1000" />
    </UnitTest>
    <UnitTest name="FormatToStringTest1000 (3799.9216302064815,3799.92 zł)" storage="c:\projekty\mstestproject\bin\debug\netcoreapp3.1\mstestproject.dll" id="e8159eb1-ff3a-4709-a9b8-d023bebac386">
      <TestCategory>
        <TestCategoryItem TestCategory="Category1000" />
      </TestCategory>
      <Execution id="5573584c-3d2c-438f-8cf2-2345fa7e2b92" />
      <TestMethod codeBase="C:\Projekty\MSTestProject\bin\Debug\netcoreapp3.1\MSTestProject.dll" adapterTypeName="executor://mstestadapter/v2" className="TwojeWesele.Services.Helpers.Tests.CurrencyHelperTests" name="FormatToStringTest1000" />
    </UnitTest>
    <UnitTest name="FormatToStringTest1000 (11.555284778846096,11.56 zł)" storage="c:\projekty\mstestproject\bin\debug\netcoreapp3.1\mstestproject.dll" id="0dfa5828-5e11-4bda-9e08-0b5c51260a7b">
      <TestCategory>
        <TestCategoryItem TestCategory="Category1000" />
      </TestCategory>
      <Execution id="73d6e284-952c-46d7-b0d7-a6fbe09fff02" />
      <TestMethod codeBase="C:\Projekty\MSTestProject\bin\Debug\netcoreapp3.1\MSTestProject.dll" adapterTypeName="executor://mstestadapter/v2" className="TwojeWesele.Services.Helpers.Tests.CurrencyHelperTests" name="FormatToStringTest1000" />
    </UnitTest>
    <UnitTest name="FormatToStringTest1000 (11796.576829059317,11796.58 zł)" storage="c:\projekty\mstestproject\bin\debug\netcoreapp3.1\mstestproject.dll" id="cdf325e3-1ce2-4405-8373-8a35cb8abfd3">
      <TestCategory>
        <TestCategoryItem TestCategory="Category1000" />
      </TestCategory>
      <Execution id="4e7717db-a77a-434f-97bc-293e0e60a87f" />
      <TestMethod codeBase="C:\Projekty\MSTestProject\bin\Debug\netcoreapp3.1\MSTestProject.dll" adapterTypeName="executor://mstestadapter/v2" className="TwojeWesele.Services.Helpers.Tests.CurrencyHelperTests" name="FormatToStringTest1000" />
    </UnitTest>
    <UnitTest name="FormatToStringTest1000 (57525.72988993569,57525.73 zł)" storage="c:\projekty\mstestproject\bin\debug\netcoreapp3.1\mstestproject.dll" id="978342b8-7d3e-4493-b42a-324573b4d4c9">
      <TestCategory>
        <TestCategoryItem TestCategory="Category1000" />
      </TestCategory>
      <Execution id="739789ea-6998-44c4-aba2-671f375a5727" />
      <TestMethod codeBase="C:\Projekty\MSTestProject\bin\Debug\netcoreapp3.1\MSTestProject.dll" adapterTypeName="executor://mstestadapter/v2" className="TwojeWesele.Services.Helpers.Tests.CurrencyHelperTests" name="FormatToStringTest1000" />
    </UnitTest>
    <UnitTest name="FormatToStringTest1000 (9603.199987620208,9603.20 zł)" storage="c:\projekty\mstestproject\bin\debug\netcoreapp3.1\mstestproject.dll" id="0353ee04-986e-499d-97fd-33c3c0bfc83c">
      <TestCategory>
        <TestCategoryItem TestCategory="Category1000" />
      </TestCategory>
      <Execution id="e5fd4888-2e1e-4b03-8422-101605c2a82c" />
      <TestMethod codeBase="C:\Projekty\MSTestProject\bin\Debug\netcoreapp3.1\MSTestProject.dll" adapterTypeName="executor://mstestadapter/v2" className="TwojeWesele.Services.Helpers.Tests.CurrencyHelperTests" name="FormatToStringTest1000" />
    </UnitTest>
    <UnitTest name="FormatToStringTest1000 (635.3263313632116,635.33 zł)" storage="c:\projekty\mstestproject\bin\debug\netcoreapp3.1\mstestproject.dll" id="4dd891b5-bf40-4a52-a7e5-40416ecbe241">
      <TestCategory>
        <TestCategoryItem TestCategory="Category1000" />
      </TestCategory>
      <Execution id="dbd9e77e-9762-4c06-a5fb-2cdb834ac80d" />
      <TestMethod codeBase="C:\Projekty\MSTestProject\bin\Debug\netcoreapp3.1\MSTestProject.dll" adapterTypeName="executor://mstestadapter/v2" className="TwojeWesele.Services.Helpers.Tests.CurrencyHelperTests" name="FormatToStringTest1000" />
    </UnitTest>
    <UnitTest name="FormatToStringTest1000 (22557.09603308099,22557.10 zł)" storage="c:\projekty\mstestproject\bin\debug\netcoreapp3.1\mstestproject.dll" id="b687cf2b-8577-4cad-9366-0f36fad22a1f">
      <TestCategory>
        <TestCategoryItem TestCategory="Category1000" />
      </TestCategory>
      <Execution id="09545dd4-1722-403e-a8ec-6cc15c84b0ef" />
      <TestMethod codeBase="C:\Projekty\MSTestProject\bin\Debug\netcoreapp3.1\MSTestProject.dll" adapterTypeName="executor://mstestadapter/v2" className="TwojeWesele.Services.Helpers.Tests.CurrencyHelperTests" name="FormatToStringTest1000" />
    </UnitTest>
    <UnitTest name="FormatToStringTest1000 (13568.230982493717,13568.23 zł)" storage="c:\projekty\mstestproject\bin\debug\netcoreapp3.1\mstestproject.dll" id="f5b31719-eb56-45a5-b852-35cf086c4f43">
      <TestCategory>
        <TestCategoryItem TestCategory="Category1000" />
      </TestCategory>
      <Execution id="ef49e7d9-1d68-4ae5-9571-498b0b80d064" />
      <TestMethod codeBase="C:\Projekty\MSTestProject\bin\Debug\netcoreapp3.1\MSTestProject.dll" adapterTypeName="executor://mstestadapter/v2" className="TwojeWesele.Services.Helpers.Tests.CurrencyHelperTests" name="FormatToStringTest1000" />
    </UnitTest>
    <UnitTest name="FormatToStringTest1000 (51300.77891898145,51300.78 zł)" storage="c:\projekty\mstestproject\bin\debug\netcoreapp3.1\mstestproject.dll" id="507a9ab0-6610-40ea-b92e-57dc261bbc68">
      <TestCategory>
        <TestCategoryItem TestCategory="Category1000" />
      </TestCategory>
      <Execution id="a8582ac3-318d-49d2-8f65-d4f1978fe507" />
      <TestMethod codeBase="C:\Projekty\MSTestProject\bin\Debug\netcoreapp3.1\MSTestProject.dll" adapterTypeName="executor://mstestadapter/v2" className="TwojeWesele.Services.Helpers.Tests.CurrencyHelperTests" name="FormatToStringTest1000" />
    </UnitTest>
    <UnitTest name="FormatToStringTest1000 (1108.7197928823157,1108.72 zł)" storage="c:\projekty\mstestproject\bin\debug\netcoreapp3.1\mstestproject.dll" id="01bfcb6d-a6e8-42fd-821d-c30eb7420b95">
      <TestCategory>
        <TestCategoryItem TestCategory="Category1000" />
      </TestCategory>
      <Execution id="f39caf31-4905-4f3a-a52e-4ed8682d0ace" />
      <TestMethod codeBase="C:\Projekty\MSTestProject\bin\Debug\netcoreapp3.1\MSTestProject.dll" adapterTypeName="executor://mstestadapter/v2" className="TwojeWesele.Services.Helpers.Tests.CurrencyHelperTests" name="FormatToStringTest1000" />
    </UnitTest>
    <UnitTest name="FormatToStringTest1000 (37561.969571757116,37561.97 zł)" storage="c:\projekty\mstestproject\bin\debug\netcoreapp3.1\mstestproject.dll" id="b7430257-ea34-4cdb-bda7-24ebb1bac25e">
      <TestCategory>
        <TestCategoryItem TestCategory="Category1000" />
      </TestCategory>
      <Execution id="0e37a4b2-a020-48f9-b2ac-d6abaec273b2" />
      <TestMethod codeBase="C:\Projekty\MSTestProject\bin\Debug\netcoreapp3.1\MSTestProject.dll" adapterTypeName="executor://mstestadapter/v2" className="TwojeWesele.Services.Helpers.Tests.CurrencyHelperTests" name="FormatToStringTest1000" />
    </UnitTest>
    <UnitTest name="FormatToStringTest1000 (46607.970025941715,46607.97 zł)" storage="c:\projekty\mstestproject\bin\debug\netcoreapp3.1\mstestproject.dll" id="a0e28808-7c01-4064-9376-62cb8ab85d4a">
      <TestCategory>
        <TestCategoryItem TestCategory="Category1000" />
      </TestCategory>
      <Execution id="31d6c8eb-4bde-4834-b683-8d4f2d32db3f" />
      <TestMethod codeBase="C:\Projekty\MSTestProject\bin\Debug\netcoreapp3.1\MSTestProject.dll" adapterTypeName="executor://mstestadapter/v2" className="TwojeWesele.Services.Helpers.Tests.CurrencyHelperTests" name="FormatToStringTest1000" />
    </UnitTest>
    <UnitTest name="FormatToStringTest1000 (26843.15785584932,26843.16 zł)" storage="c:\projekty\mstestproject\bin\debug\netcoreapp3.1\mstestproject.dll" id="beb68d7b-c0d9-42a7-b8bd-1bad4c61bb8d">
      <TestCategory>
        <TestCategoryItem TestCategory="Category1000" />
      </TestCategory>
      <Execution id="50dfec7e-8745-44c0-8fbb-b986bb367bb9" />
      <TestMethod codeBase="C:\Projekty\MSTestProject\bin\Debug\netcoreapp3.1\MSTestProject.dll" adapterTypeName="executor://mstestadapter/v2" className="TwojeWesele.Services.Helpers.Tests.CurrencyHelperTests" name="FormatToStringTest1000" />
    </UnitTest>
    <UnitTest name="FormatToStringTest1000 (27893.312729890138,27893.31 zł)" storage="c:\projekty\mstestproject\bin\debug\netcoreapp3.1\mstestproject.dll" id="e3278302-7ae3-4930-945e-7e5be923deb1">
      <TestCategory>
        <TestCategoryItem TestCategory="Category1000" />
      </TestCategory>
      <Execution id="e496d488-4dbf-44f4-97d6-8722a2ebaf55" />
      <TestMethod codeBase="C:\Projekty\MSTestProject\bin\Debug\netcoreapp3.1\MSTestProject.dll" adapterTypeName="executor://mstestadapter/v2" className="TwojeWesele.Services.Helpers.Tests.CurrencyHelperTests" name="FormatToStringTest1000" />
    </UnitTest>
    <UnitTest name="FormatToStringTest1000 (18596.12661189033,18596.13 zł)" storage="c:\projekty\mstestproject\bin\debug\netcoreapp3.1\mstestproject.dll" id="6597b36d-4598-4d80-a533-475da8d7a1bf">
      <TestCategory>
        <TestCategoryItem TestCategory="Category1000" />
      </TestCategory>
      <Execution id="5c563de4-845a-4340-969f-2565e240ddef" />
      <TestMethod codeBase="C:\Projekty\MSTestProject\bin\Debug\netcoreapp3.1\MSTestProject.dll" adapterTypeName="executor://mstestadapter/v2" className="TwojeWesele.Services.Helpers.Tests.CurrencyHelperTests" name="FormatToStringTest1000" />
    </UnitTest>
    <UnitTest name="FormatToStringTest1000 (29362.005930638876,29362.01 zł)" storage="c:\projekty\mstestproject\bin\debug\netcoreapp3.1\mstestproject.dll" id="5dcd74ca-a81d-4d4c-be57-d2a1082dabb5">
      <TestCategory>
        <TestCategoryItem TestCategory="Category1000" />
      </TestCategory>
      <Execution id="709ff216-b270-4a5a-af33-11090b70177a" />
      <TestMethod codeBase="C:\Projekty\MSTestProject\bin\Debug\netcoreapp3.1\MSTestProject.dll" adapterTypeName="executor://mstestadapter/v2" className="TwojeWesele.Services.Helpers.Tests.CurrencyHelperTests" name="FormatToStringTest1000" />
    </UnitTest>
    <UnitTest name="FormatToStringTest1000 (57671.67669738675,57671.68 zł)" storage="c:\projekty\mstestproject\bin\debug\netcoreapp3.1\mstestproject.dll" id="3822cd78-2199-4753-a0bf-d527215946d9">
      <TestCategory>
        <TestCategoryItem TestCategory="Category1000" />
      </TestCategory>
      <Execution id="1cec3db2-dcb4-4c92-9e7f-24cfa1e3cf0c" />
      <TestMethod codeBase="C:\Projekty\MSTestProject\bin\Debug\netcoreapp3.1\MSTestProject.dll" adapterTypeName="executor://mstestadapter/v2" className="TwojeWesele.Services.Helpers.Tests.CurrencyHelperTests" name="FormatToStringTest1000" />
    </UnitTest>
    <UnitTest name="FormatToStringTest1000 (30410.68214617003,30410.68 zł)" storage="c:\projekty\mstestproject\bin\debug\netcoreapp3.1\mstestproject.dll" id="aa512779-3aaa-477e-8d7a-cdf99821abf3">
      <TestCategory>
        <TestCategoryItem TestCategory="Category1000" />
      </TestCategory>
      <Execution id="d1e5ff98-ff02-4efc-885c-7fcbcf107519" />
      <TestMethod codeBase="C:\Projekty\MSTestProject\bin\Debug\netcoreapp3.1\MSTestProject.dll" adapterTypeName="executor://mstestadapter/v2" className="TwojeWesele.Services.Helpers.Tests.CurrencyHelperTests" name="FormatToStringTest1000" />
    </UnitTest>
    <UnitTest name="FormatToStringTest1000 (25908.345463821825,25908.35 zł)" storage="c:\projekty\mstestproject\bin\debug\netcoreapp3.1\mstestproject.dll" id="5984945e-7df7-40f6-b518-4ac21560aa3e">
      <TestCategory>
        <TestCategoryItem TestCategory="Category1000" />
      </TestCategory>
      <Execution id="2b2e50ad-05d2-4c72-acd3-91283e4dfa25" />
      <TestMethod codeBase="C:\Projekty\MSTestProject\bin\Debug\netcoreapp3.1\MSTestProject.dll" adapterTypeName="executor://mstestadapter/v2" className="TwojeWesele.Services.Helpers.Tests.CurrencyHelperTests" name="FormatToStringTest1000" />
    </UnitTest>
    <UnitTest name="FormatToStringTest1000 (2423.6182769712145,2423.62 zł)" storage="c:\projekty\mstestproject\bin\debug\netcoreapp3.1\mstestproject.dll" id="a3bd0eff-1111-4cd6-a3f0-dc283e625979">
      <TestCategory>
        <TestCategoryItem TestCategory="Category1000" />
      </TestCategory>
      <Execution id="5eb35b06-d2c2-4b05-9ff9-93f970de6b2d" />
      <TestMethod codeBase="C:\Projekty\MSTestProject\bin\Debug\netcoreapp3.1\MSTestProject.dll" adapterTypeName="executor://mstestadapter/v2" className="TwojeWesele.Services.Helpers.Tests.CurrencyHelperTests" name="FormatToStringTest1000" />
    </UnitTest>
    <UnitTest name="FormatToStringTest1000 (13541.45472935096,13541.45 zł)" storage="c:\projekty\mstestproject\bin\debug\netcoreapp3.1\mstestproject.dll" id="584a3dcb-bd76-4678-8f1f-28cb556db45a">
      <TestCategory>
        <TestCategoryItem TestCategory="Category1000" />
      </TestCategory>
      <Execution id="f8e78404-2637-454e-af31-df3831b8b1cd" />
      <TestMethod codeBase="C:\Projekty\MSTestProject\bin\Debug\netcoreapp3.1\MSTestProject.dll" adapterTypeName="executor://mstestadapter/v2" className="TwojeWesele.Services.Helpers.Tests.CurrencyHelperTests" name="FormatToStringTest1000" />
    </UnitTest>
    <UnitTest name="FormatToStringTest1000 (33699.13042082038,33699.13 zł)" storage="c:\projekty\mstestproject\bin\debug\netcoreapp3.1\mstestproject.dll" id="a98908a7-171e-41c5-a85b-734f6f132b45">
      <TestCategory>
        <TestCategoryItem TestCategory="Category1000" />
      </TestCategory>
      <Execution id="0ba369f9-eb6c-435f-b6ce-9562e279a9bc" />
      <TestMethod codeBase="C:\Projekty\MSTestProject\bin\Debug\netcoreapp3.1\MSTestProject.dll" adapterTypeName="executor://mstestadapter/v2" className="TwojeWesele.Services.Helpers.Tests.CurrencyHelperTests" name="FormatToStringTest1000" />
    </UnitTest>
    <UnitTest name="FormatToStringTest1000 (17090.629587323234,17090.63 zł)" storage="c:\projekty\mstestproject\bin\debug\netcoreapp3.1\mstestproject.dll" id="7663d400-a7aa-4b92-9a9d-ca9d4c999346">
      <TestCategory>
        <TestCategoryItem TestCategory="Category1000" />
      </TestCategory>
      <Execution id="34178a79-a7e4-4c16-9c20-6c8a613afa27" />
      <TestMethod codeBase="C:\Projekty\MSTestProject\bin\Debug\netcoreapp3.1\MSTestProject.dll" adapterTypeName="executor://mstestadapter/v2" className="TwojeWesele.Services.Helpers.Tests.CurrencyHelperTests" name="FormatToStringTest1000" />
    </UnitTest>
    <UnitTest name="FormatToStringTest1000 (79973.08417819678,79973.08 zł)" storage="c:\projekty\mstestproject\bin\debug\netcoreapp3.1\mstestproject.dll" id="f86c4d5d-bb0c-41c4-a285-d742b5c96e1e">
      <TestCategory>
        <TestCategoryItem TestCategory="Category1000" />
      </TestCategory>
      <Execution id="6c2d338f-ac13-45e6-9c61-08529331960a" />
      <TestMethod codeBase="C:\Projekty\MSTestProject\bin\Debug\netcoreapp3.1\MSTestProject.dll" adapterTypeName="executor://mstestadapter/v2" className="TwojeWesele.Services.Helpers.Tests.CurrencyHelperTests" name="FormatToStringTest1000" />
    </UnitTest>
    <UnitTest name="FormatToStringTest1000 (8908.080586221107,8908.08 zł)" storage="c:\projekty\mstestproject\bin\debug\netcoreapp3.1\mstestproject.dll" id="f05feeeb-62fc-44a1-adeb-19a6b95a9678">
      <TestCategory>
        <TestCategoryItem TestCategory="Category1000" />
      </TestCategory>
      <Execution id="805ec448-67c0-4efd-863d-27b53b1c0cfe" />
      <TestMethod codeBase="C:\Projekty\MSTestProject\bin\Debug\netcoreapp3.1\MSTestProject.dll" adapterTypeName="executor://mstestadapter/v2" className="TwojeWesele.Services.Helpers.Tests.CurrencyHelperTests" name="FormatToStringTest1000" />
    </UnitTest>
    <UnitTest name="FormatToStringTest1000 (1649.0127968480872,1649.01 zł)" storage="c:\projekty\mstestproject\bin\debug\netcoreapp3.1\mstestproject.dll" id="df18e959-06f6-478a-a4ed-397c94ed036b">
      <TestCategory>
        <TestCategoryItem TestCategory="Category1000" />
      </TestCategory>
      <Execution id="200853e7-07f3-4ffb-9da2-9186d658451d" />
      <TestMethod codeBase="C:\Projekty\MSTestProject\bin\Debug\netcoreapp3.1\MSTestProject.dll" adapterTypeName="executor://mstestadapter/v2" className="TwojeWesele.Services.Helpers.Tests.CurrencyHelperTests" name="FormatToStringTest1000" />
    </UnitTest>
    <UnitTest name="FormatToStringTest1000 (15129.433864736666,15129.43 zł)" storage="c:\projekty\mstestproject\bin\debug\netcoreapp3.1\mstestproject.dll" id="b76913c4-cc52-46ad-8cb4-47b30924fac4">
      <TestCategory>
        <TestCategoryItem TestCategory="Category1000" />
      </TestCategory>
      <Execution id="5b3d3179-1718-4326-9c8c-cf7a5668592a" />
      <TestMethod codeBase="C:\Projekty\MSTestProject\bin\Debug\netcoreapp3.1\MSTestProject.dll" adapterTypeName="executor://mstestadapter/v2" className="TwojeWesele.Services.Helpers.Tests.CurrencyHelperTests" name="FormatToStringTest1000" />
    </UnitTest>
    <UnitTest name="FormatToStringTest1000 (10457.593086045978,10457.59 zł)" storage="c:\projekty\mstestproject\bin\debug\netcoreapp3.1\mstestproject.dll" id="1e9ce8ef-2b54-44a5-8b21-3e7dadbf7bc2">
      <TestCategory>
        <TestCategoryItem TestCategory="Category1000" />
      </TestCategory>
      <Execution id="8e12c17c-0d77-4528-8cf4-0126d8ab5ae8" />
      <TestMethod codeBase="C:\Projekty\MSTestProject\bin\Debug\netcoreapp3.1\MSTestProject.dll" adapterTypeName="executor://mstestadapter/v2" className="TwojeWesele.Services.Helpers.Tests.CurrencyHelperTests" name="FormatToStringTest1000" />
    </UnitTest>
    <UnitTest name="FormatToStringTest1000 (32359.431438434138,32359.43 zł)" storage="c:\projekty\mstestproject\bin\debug\netcoreapp3.1\mstestproject.dll" id="c030048a-8150-40d7-a1e3-2af0d0a70601">
      <TestCategory>
        <TestCategoryItem TestCategory="Category1000" />
      </TestCategory>
      <Execution id="f719b230-82fb-49eb-a236-88076df80d71" />
      <TestMethod codeBase="C:\Projekty\MSTestProject\bin\Debug\netcoreapp3.1\MSTestProject.dll" adapterTypeName="executor://mstestadapter/v2" className="TwojeWesele.Services.Helpers.Tests.CurrencyHelperTests" name="FormatToStringTest1000" />
    </UnitTest>
    <UnitTest name="FormatToStringTest1000 (8095.485677032492,8095.49 zł)" storage="c:\projekty\mstestproject\bin\debug\netcoreapp3.1\mstestproject.dll" id="dcc45a87-132f-4533-a395-ec241ab67a6c">
      <TestCategory>
        <TestCategoryItem TestCategory="Category1000" />
      </TestCategory>
      <Execution id="4ee015d1-511a-4965-a044-70b1faf659f3" />
      <TestMethod codeBase="C:\Projekty\MSTestProject\bin\Debug\netcoreapp3.1\MSTestProject.dll" adapterTypeName="executor://mstestadapter/v2" className="TwojeWesele.Services.Helpers.Tests.CurrencyHelperTests" name="FormatToStringTest1000" />
    </UnitTest>
    <UnitTest name="FormatToStringTest1000 (17798.633951516185,17798.63 zł)" storage="c:\projekty\mstestproject\bin\debug\netcoreapp3.1\mstestproject.dll" id="3dd98a0d-d768-4da8-b429-4ca37ccf55d2">
      <TestCategory>
        <TestCategoryItem TestCategory="Category1000" />
      </TestCategory>
      <Execution id="746e837f-e66b-4e7b-936e-d35ac04cbdc1" />
      <TestMethod codeBase="C:\Projekty\MSTestProject\bin\Debug\netcoreapp3.1\MSTestProject.dll" adapterTypeName="executor://mstestadapter/v2" className="TwojeWesele.Services.Helpers.Tests.CurrencyHelperTests" name="FormatToStringTest1000" />
    </UnitTest>
    <UnitTest name="FormatToStringTest1000 (24528.124092612474,24528.12 zł)" storage="c:\projekty\mstestproject\bin\debug\netcoreapp3.1\mstestproject.dll" id="00fcbcf3-530f-421f-8a31-426c055a1072">
      <TestCategory>
        <TestCategoryItem TestCategory="Category1000" />
      </TestCategory>
      <Execution id="8753442a-8126-45b7-bfd6-a715dbc8306c" />
      <TestMethod codeBase="C:\Projekty\MSTestProject\bin\Debug\netcoreapp3.1\MSTestProject.dll" adapterTypeName="executor://mstestadapter/v2" className="TwojeWesele.Services.Helpers.Tests.CurrencyHelperTests" name="FormatToStringTest1000" />
    </UnitTest>
    <UnitTest name="FormatToStringTest1000 (1896.1704506483723,1896.17 zł)" storage="c:\projekty\mstestproject\bin\debug\netcoreapp3.1\mstestproject.dll" id="638c673d-6378-4a76-971e-f4f4f6dabbc7">
      <TestCategory>
        <TestCategoryItem TestCategory="Category1000" />
      </TestCategory>
      <Execution id="ed5b8912-bef5-4e86-8a37-50450f273bf3" />
      <TestMethod codeBase="C:\Projekty\MSTestProject\bin\Debug\netcoreapp3.1\MSTestProject.dll" adapterTypeName="executor://mstestadapter/v2" className="TwojeWesele.Services.Helpers.Tests.CurrencyHelperTests" name="FormatToStringTest1000" />
    </UnitTest>
    <UnitTest name="FormatToStringTest1000 (34458.5406463512,34458.54 zł)" storage="c:\projekty\mstestproject\bin\debug\netcoreapp3.1\mstestproject.dll" id="3acfda8e-b1c4-41d0-b702-a62c6940239a">
      <TestCategory>
        <TestCategoryItem TestCategory="Category1000" />
      </TestCategory>
      <Execution id="5e14516d-77ac-489d-a436-e244ed7334ac" />
      <TestMethod codeBase="C:\Projekty\MSTestProject\bin\Debug\netcoreapp3.1\MSTestProject.dll" adapterTypeName="executor://mstestadapter/v2" className="TwojeWesele.Services.Helpers.Tests.CurrencyHelperTests" name="FormatToStringTest1000" />
    </UnitTest>
    <UnitTest name="FormatToStringTest1000 (13286.856387228174,13286.86 zł)" storage="c:\projekty\mstestproject\bin\debug\netcoreapp3.1\mstestproject.dll" id="8400aad2-798d-4605-b837-3e6ca994c35b">
      <TestCategory>
        <TestCategoryItem TestCategory="Category1000" />
      </TestCategory>
      <Execution id="423b9fb7-e232-464f-8f89-3f275ad3e60e" />
      <TestMethod codeBase="C:\Projekty\MSTestProject\bin\Debug\netcoreapp3.1\MSTestProject.dll" adapterTypeName="executor://mstestadapter/v2" className="TwojeWesele.Services.Helpers.Tests.CurrencyHelperTests" name="FormatToStringTest1000" />
    </UnitTest>
    <UnitTest name="FormatToStringTest1000 (59247.898931587064,59247.90 zł)" storage="c:\projekty\mstestproject\bin\debug\netcoreapp3.1\mstestproject.dll" id="a968d04b-3f3c-46f9-8193-f62984dc7036">
      <TestCategory>
        <TestCategoryItem TestCategory="Category1000" />
      </TestCategory>
      <Execution id="8baa1222-52c8-4398-bed2-c55d3801aee7" />
      <TestMethod codeBase="C:\Projekty\MSTestProject\bin\Debug\netcoreapp3.1\MSTestProject.dll" adapterTypeName="executor://mstestadapter/v2" className="TwojeWesele.Services.Helpers.Tests.CurrencyHelperTests" name="FormatToStringTest1000" />
    </UnitTest>
    <UnitTest name="FormatToStringTest1000 (12759.925747307914,12759.93 zł)" storage="c:\projekty\mstestproject\bin\debug\netcoreapp3.1\mstestproject.dll" id="3b8f11df-0c34-427b-bb66-bb0d2e74ca96">
      <TestCategory>
        <TestCategoryItem TestCategory="Category1000" />
      </TestCategory>
      <Execution id="1846f7ca-d7e1-4d0f-a846-8bbf4632ee2f" />
      <TestMethod codeBase="C:\Projekty\MSTestProject\bin\Debug\netcoreapp3.1\MSTestProject.dll" adapterTypeName="executor://mstestadapter/v2" className="TwojeWesele.Services.Helpers.Tests.CurrencyHelperTests" name="FormatToStringTest1000" />
    </UnitTest>
    <UnitTest name="FormatToStringTest1000 (10534.184353995222,10534.18 zł)" storage="c:\projekty\mstestproject\bin\debug\netcoreapp3.1\mstestproject.dll" id="4bab9bda-ed53-4c1d-b741-c24042941a95">
      <TestCategory>
        <TestCategoryItem TestCategory="Category1000" />
      </TestCategory>
      <Execution id="fb2c6781-ffe7-44e2-ba68-e429ea4e171c" />
      <TestMethod codeBase="C:\Projekty\MSTestProject\bin\Debug\netcoreapp3.1\MSTestProject.dll" adapterTypeName="executor://mstestadapter/v2" className="TwojeWesele.Services.Helpers.Tests.CurrencyHelperTests" name="FormatToStringTest1000" />
    </UnitTest>
    <UnitTest name="FormatToStringTest1000 (66764.31690498316,66764.32 zł)" storage="c:\projekty\mstestproject\bin\debug\netcoreapp3.1\mstestproject.dll" id="8d542d27-1f14-4901-b911-08250e81ad68">
      <TestCategory>
        <TestCategoryItem TestCategory="Category1000" />
      </TestCategory>
      <Execution id="67243a23-18ab-4776-96e6-1736d56329aa" />
      <TestMethod codeBase="C:\Projekty\MSTestProject\bin\Debug\netcoreapp3.1\MSTestProject.dll" adapterTypeName="executor://mstestadapter/v2" className="TwojeWesele.Services.Helpers.Tests.CurrencyHelperTests" name="FormatToStringTest1000" />
    </UnitTest>
    <UnitTest name="FormatToStringTest1000 (4025.728369236797,4025.73 zł)" storage="c:\projekty\mstestproject\bin\debug\netcoreapp3.1\mstestproject.dll" id="ba03da3a-5392-4f88-b95a-1d1683f1dc88">
      <TestCategory>
        <TestCategoryItem TestCategory="Category1000" />
      </TestCategory>
      <Execution id="c56e7939-4347-41f2-9772-1c4c32e0d0e9" />
      <TestMethod codeBase="C:\Projekty\MSTestProject\bin\Debug\netcoreapp3.1\MSTestProject.dll" adapterTypeName="executor://mstestadapter/v2" className="TwojeWesele.Services.Helpers.Tests.CurrencyHelperTests" name="FormatToStringTest1000" />
    </UnitTest>
    <UnitTest name="FormatToStringTest1000 (49037.8109120586,49037.81 zł)" storage="c:\projekty\mstestproject\bin\debug\netcoreapp3.1\mstestproject.dll" id="aead43e8-db46-420a-b9b2-786a3ed8f254">
      <TestCategory>
        <TestCategoryItem TestCategory="Category1000" />
      </TestCategory>
      <Execution id="885417cd-633e-4ad7-be85-bb552258bd66" />
      <TestMethod codeBase="C:\Projekty\MSTestProject\bin\Debug\netcoreapp3.1\MSTestProject.dll" adapterTypeName="executor://mstestadapter/v2" className="TwojeWesele.Services.Helpers.Tests.CurrencyHelperTests" name="FormatToStringTest1000" />
    </UnitTest>
    <UnitTest name="FormatToStringTest1000 (73151.83675918348,73151.84 zł)" storage="c:\projekty\mstestproject\bin\debug\netcoreapp3.1\mstestproject.dll" id="5b672aba-e7bf-46cf-906f-3ca2ec15e9c6">
      <TestCategory>
        <TestCategoryItem TestCategory="Category1000" />
      </TestCategory>
      <Execution id="deb81f0d-420c-4ede-9986-914c142c35ca" />
      <TestMethod codeBase="C:\Projekty\MSTestProject\bin\Debug\netcoreapp3.1\MSTestProject.dll" adapterTypeName="executor://mstestadapter/v2" className="TwojeWesele.Services.Helpers.Tests.CurrencyHelperTests" name="FormatToStringTest1000" />
    </UnitTest>
    <UnitTest name="FormatToStringTest1000 (11624.834848273003,11624.83 zł)" storage="c:\projekty\mstestproject\bin\debug\netcoreapp3.1\mstestproject.dll" id="59d9495a-b24b-4847-8823-de3ba644a5bb">
      <TestCategory>
        <TestCategoryItem TestCategory="Category1000" />
      </TestCategory>
      <Execution id="79f2b378-5d1c-4f17-9ae5-a6c3727a3519" />
      <TestMethod codeBase="C:\Projekty\MSTestProject\bin\Debug\netcoreapp3.1\MSTestProject.dll" adapterTypeName="executor://mstestadapter/v2" className="TwojeWesele.Services.Helpers.Tests.CurrencyHelperTests" name="FormatToStringTest1000" />
    </UnitTest>
    <UnitTest name="FormatToStringTest1000 (395.45790295882983,395.46 zł)" storage="c:\projekty\mstestproject\bin\debug\netcoreapp3.1\mstestproject.dll" id="fab28d6f-d48a-43b8-9db0-1ddb342d2cb4">
      <TestCategory>
        <TestCategoryItem TestCategory="Category1000" />
      </TestCategory>
      <Execution id="2b157a08-b4f0-4465-abfb-7c0297af0bcf" />
      <TestMethod codeBase="C:\Projekty\MSTestProject\bin\Debug\netcoreapp3.1\MSTestProject.dll" adapterTypeName="executor://mstestadapter/v2" className="TwojeWesele.Services.Helpers.Tests.CurrencyHelperTests" name="FormatToStringTest1000" />
    </UnitTest>
    <UnitTest name="FormatToStringTest1000 (21753.84773194969,21753.85 zł)" storage="c:\projekty\mstestproject\bin\debug\netcoreapp3.1\mstestproject.dll" id="2285dad9-1384-4415-9d1d-c5790fb5e8d8">
      <TestCategory>
        <TestCategoryItem TestCategory="Category1000" />
      </TestCategory>
      <Execution id="eeab1c12-b1c5-4ed6-bd50-dfc0f1009e3e" />
      <TestMethod codeBase="C:\Projekty\MSTestProject\bin\Debug\netcoreapp3.1\MSTestProject.dll" adapterTypeName="executor://mstestadapter/v2" className="TwojeWesele.Services.Helpers.Tests.CurrencyHelperTests" name="FormatToStringTest1000" />
    </UnitTest>
    <UnitTest name="FormatToStringTest1000 (79388.929555234,79388.93 zł)" storage="c:\projekty\mstestproject\bin\debug\netcoreapp3.1\mstestproject.dll" id="d657ff62-39e3-48cc-9708-9d75a29b83da">
      <TestCategory>
        <TestCategoryItem TestCategory="Category1000" />
      </TestCategory>
      <Execution id="bd3bde2e-51e5-440b-afc8-cfac77ce9ef5" />
      <TestMethod codeBase="C:\Projekty\MSTestProject\bin\Debug\netcoreapp3.1\MSTestProject.dll" adapterTypeName="executor://mstestadapter/v2" className="TwojeWesele.Services.Helpers.Tests.CurrencyHelperTests" name="FormatToStringTest1000" />
    </UnitTest>
    <UnitTest name="FormatToStringTest1000 (5870.791169434223,5870.79 zł)" storage="c:\projekty\mstestproject\bin\debug\netcoreapp3.1\mstestproject.dll" id="d361627c-46d7-4ab3-b89c-e7ee8ea18d10">
      <TestCategory>
        <TestCategoryItem TestCategory="Category1000" />
      </TestCategory>
      <Execution id="dac1b6b6-7f4c-4db9-a40c-de5eb4ac8add" />
      <TestMethod codeBase="C:\Projekty\MSTestProject\bin\Debug\netcoreapp3.1\MSTestProject.dll" adapterTypeName="executor://mstestadapter/v2" className="TwojeWesele.Services.Helpers.Tests.CurrencyHelperTests" name="FormatToStringTest1000" />
    </UnitTest>
    <UnitTest name="FormatToStringTest1000 (16819.974312979717,16819.97 zł)" storage="c:\projekty\mstestproject\bin\debug\netcoreapp3.1\mstestproject.dll" id="0b1e2ed9-db09-4378-954d-132e58450d48">
      <TestCategory>
        <TestCategoryItem TestCategory="Category1000" />
      </TestCategory>
      <Execution id="8d6b865d-c4e4-48dd-a660-be960b717497" />
      <TestMethod codeBase="C:\Projekty\MSTestProject\bin\Debug\netcoreapp3.1\MSTestProject.dll" adapterTypeName="executor://mstestadapter/v2" className="TwojeWesele.Services.Helpers.Tests.CurrencyHelperTests" name="FormatToStringTest1000" />
    </UnitTest>
    <UnitTest name="FormatToStringTest1000 (10066.059180456241,10066.06 zł)" storage="c:\projekty\mstestproject\bin\debug\netcoreapp3.1\mstestproject.dll" id="16010a3a-6ed5-4abd-ac8a-1b4f8a305a05">
      <TestCategory>
        <TestCategoryItem TestCategory="Category1000" />
      </TestCategory>
      <Execution id="82e70b9f-20f7-4844-893b-c351fe02a398" />
      <TestMethod codeBase="C:\Projekty\MSTestProject\bin\Debug\netcoreapp3.1\MSTestProject.dll" adapterTypeName="executor://mstestadapter/v2" className="TwojeWesele.Services.Helpers.Tests.CurrencyHelperTests" name="FormatToStringTest1000" />
    </UnitTest>
    <UnitTest name="FormatToStringTest1000 (75987.03378503352,75987.03 zł)" storage="c:\projekty\mstestproject\bin\debug\netcoreapp3.1\mstestproject.dll" id="5afad8ee-68d6-46f2-b0c7-56118e5abd01">
      <TestCategory>
        <TestCategoryItem TestCategory="Category1000" />
      </TestCategory>
      <Execution id="17fafd3d-98b7-4745-8e38-fd47f76e5315" />
      <TestMethod codeBase="C:\Projekty\MSTestProject\bin\Debug\netcoreapp3.1\MSTestProject.dll" adapterTypeName="executor://mstestadapter/v2" className="TwojeWesele.Services.Helpers.Tests.CurrencyHelperTests" name="FormatToStringTest1000" />
    </UnitTest>
    <UnitTest name="FormatToStringTest1000 (75514.58914517732,75514.59 zł)" storage="c:\projekty\mstestproject\bin\debug\netcoreapp3.1\mstestproject.dll" id="4493994a-9a17-409a-8f4b-72cf45c9b2c9">
      <TestCategory>
        <TestCategoryItem TestCategory="Category1000" />
      </TestCategory>
      <Execution id="4359d943-e4ac-49f3-9072-595e4a8442e2" />
      <TestMethod codeBase="C:\Projekty\MSTestProject\bin\Debug\netcoreapp3.1\MSTestProject.dll" adapterTypeName="executor://mstestadapter/v2" className="TwojeWesele.Services.Helpers.Tests.CurrencyHelperTests" name="FormatToStringTest1000" />
    </UnitTest>
    <UnitTest name="FormatToStringTest1000 (56286.70397975702,56286.70 zł)" storage="c:\projekty\mstestproject\bin\debug\netcoreapp3.1\mstestproject.dll" id="0c8c46aa-589b-450b-b266-303b5de32594">
      <TestCategory>
        <TestCategoryItem TestCategory="Category1000" />
      </TestCategory>
      <Execution id="4c2e4f89-2ea1-454d-b728-66204a265c73" />
      <TestMethod codeBase="C:\Projekty\MSTestProject\bin\Debug\netcoreapp3.1\MSTestProject.dll" adapterTypeName="executor://mstestadapter/v2" className="TwojeWesele.Services.Helpers.Tests.CurrencyHelperTests" name="FormatToStringTest1000" />
    </UnitTest>
    <UnitTest name="FormatToStringTest1000 (49256.47455728635,49256.47 zł)" storage="c:\projekty\mstestproject\bin\debug\netcoreapp3.1\mstestproject.dll" id="e15c8dfc-d47a-4cdf-9ec4-b078dca42618">
      <TestCategory>
        <TestCategoryItem TestCategory="Category1000" />
      </TestCategory>
      <Execution id="1f8c35c6-380f-4a28-a74d-d9975a9a0454" />
      <TestMethod codeBase="C:\Projekty\MSTestProject\bin\Debug\netcoreapp3.1\MSTestProject.dll" adapterTypeName="executor://mstestadapter/v2" className="TwojeWesele.Services.Helpers.Tests.CurrencyHelperTests" name="FormatToStringTest1000" />
    </UnitTest>
    <UnitTest name="FormatToStringTest1000 (7004.710832051798,7004.71 zł)" storage="c:\projekty\mstestproject\bin\debug\netcoreapp3.1\mstestproject.dll" id="943c58ff-aa4d-43f0-8a9c-894973329088">
      <TestCategory>
        <TestCategoryItem TestCategory="Category1000" />
      </TestCategory>
      <Execution id="85b26eb0-16b7-4e3d-9eba-796dfafd584d" />
      <TestMethod codeBase="C:\Projekty\MSTestProject\bin\Debug\netcoreapp3.1\MSTestProject.dll" adapterTypeName="executor://mstestadapter/v2" className="TwojeWesele.Services.Helpers.Tests.CurrencyHelperTests" name="FormatToStringTest1000" />
    </UnitTest>
    <UnitTest name="FormatToStringTest1000 (45070.5442499493,45070.54 zł)" storage="c:\projekty\mstestproject\bin\debug\netcoreapp3.1\mstestproject.dll" id="ce90ed22-81da-44e5-97e9-e23cd7954f8e">
      <TestCategory>
        <TestCategoryItem TestCategory="Category1000" />
      </TestCategory>
      <Execution id="90385a4c-2010-436c-80f7-e76df832b9c7" />
      <TestMethod codeBase="C:\Projekty\MSTestProject\bin\Debug\netcoreapp3.1\MSTestProject.dll" adapterTypeName="executor://mstestadapter/v2" className="TwojeWesele.Services.Helpers.Tests.CurrencyHelperTests" name="FormatToStringTest1000" />
    </UnitTest>
    <UnitTest name="FormatToStringTest1000 (7348.947429818543,7348.95 zł)" storage="c:\projekty\mstestproject\bin\debug\netcoreapp3.1\mstestproject.dll" id="425e0686-5e0c-48be-89f7-7667dea78e7a">
      <TestCategory>
        <TestCategoryItem TestCategory="Category1000" />
      </TestCategory>
      <Execution id="ca004b00-18cd-4ed3-a0b7-948401b731ad" />
      <TestMethod codeBase="C:\Projekty\MSTestProject\bin\Debug\netcoreapp3.1\MSTestProject.dll" adapterTypeName="executor://mstestadapter/v2" className="TwojeWesele.Services.Helpers.Tests.CurrencyHelperTests" name="FormatToStringTest1000" />
    </UnitTest>
    <UnitTest name="FormatToStringTest1000 (19435.417227184127,19435.42 zł)" storage="c:\projekty\mstestproject\bin\debug\netcoreapp3.1\mstestproject.dll" id="d4cd086f-422d-4d22-8166-cfc21e856e76">
      <TestCategory>
        <TestCategoryItem TestCategory="Category1000" />
      </TestCategory>
      <Execution id="503ca700-e18a-47e8-8fcd-686f285cd3e0" />
      <TestMethod codeBase="C:\Projekty\MSTestProject\bin\Debug\netcoreapp3.1\MSTestProject.dll" adapterTypeName="executor://mstestadapter/v2" className="TwojeWesele.Services.Helpers.Tests.CurrencyHelperTests" name="FormatToStringTest1000" />
    </UnitTest>
    <UnitTest name="FormatToStringTest1000 (67898.54481444067,67898.54 zł)" storage="c:\projekty\mstestproject\bin\debug\netcoreapp3.1\mstestproject.dll" id="13ae744a-1a5f-4dcf-9e79-1321815dbf6b">
      <TestCategory>
        <TestCategoryItem TestCategory="Category1000" />
      </TestCategory>
      <Execution id="eacab4ea-ca6f-4730-9d85-8d8523a69cd4" />
      <TestMethod codeBase="C:\Projekty\MSTestProject\bin\Debug\netcoreapp3.1\MSTestProject.dll" adapterTypeName="executor://mstestadapter/v2" className="TwojeWesele.Services.Helpers.Tests.CurrencyHelperTests" name="FormatToStringTest1000" />
    </UnitTest>
    <UnitTest name="FormatToStringTest1000 (7715.904444139406,7715.90 zł)" storage="c:\projekty\mstestproject\bin\debug\netcoreapp3.1\mstestproject.dll" id="1c7efb42-93ed-40ad-bb36-fe26a9cc2118">
      <TestCategory>
        <TestCategoryItem TestCategory="Category1000" />
      </TestCategory>
      <Execution id="f8a0de4a-fdd4-4939-a3c1-65646fad6b11" />
      <TestMethod codeBase="C:\Projekty\MSTestProject\bin\Debug\netcoreapp3.1\MSTestProject.dll" adapterTypeName="executor://mstestadapter/v2" className="TwojeWesele.Services.Helpers.Tests.CurrencyHelperTests" name="FormatToStringTest1000" />
    </UnitTest>
    <UnitTest name="FormatToStringTest1000 (63115.864864394935,63115.86 zł)" storage="c:\projekty\mstestproject\bin\debug\netcoreapp3.1\mstestproject.dll" id="979e2964-fddf-4aec-8dd8-14d226a43fa0">
      <TestCategory>
        <TestCategoryItem TestCategory="Category1000" />
      </TestCategory>
      <Execution id="685da864-1ae0-4dd3-be36-0ee9e0153815" />
      <TestMethod codeBase="C:\Projekty\MSTestProject\bin\Debug\netcoreapp3.1\MSTestProject.dll" adapterTypeName="executor://mstestadapter/v2" className="TwojeWesele.Services.Helpers.Tests.CurrencyHelperTests" name="FormatToStringTest1000" />
    </UnitTest>
    <UnitTest name="FormatToStringTest1000 (486.15309567942893,486.15 zł)" storage="c:\projekty\mstestproject\bin\debug\netcoreapp3.1\mstestproject.dll" id="4a21e0e2-baa6-4bc9-8f03-e0c4bce73244">
      <TestCategory>
        <TestCategoryItem TestCategory="Category1000" />
      </TestCategory>
      <Execution id="5ba207f8-88d1-4e7c-9807-5a57459db859" />
      <TestMethod codeBase="C:\Projekty\MSTestProject\bin\Debug\netcoreapp3.1\MSTestProject.dll" adapterTypeName="executor://mstestadapter/v2" className="TwojeWesele.Services.Helpers.Tests.CurrencyHelperTests" name="FormatToStringTest1000" />
    </UnitTest>
    <UnitTest name="FormatToStringTest1000 (13453.429998117233,13453.43 zł)" storage="c:\projekty\mstestproject\bin\debug\netcoreapp3.1\mstestproject.dll" id="2076f724-8de8-40b3-92a0-20733dea5652">
      <TestCategory>
        <TestCategoryItem TestCategory="Category1000" />
      </TestCategory>
      <Execution id="12451c2b-3def-4c03-b561-92f51677abcc" />
      <TestMethod codeBase="C:\Projekty\MSTestProject\bin\Debug\netcoreapp3.1\MSTestProject.dll" adapterTypeName="executor://mstestadapter/v2" className="TwojeWesele.Services.Helpers.Tests.CurrencyHelperTests" name="FormatToStringTest1000" />
    </UnitTest>
    <UnitTest name="FormatToStringTest1000 (16597.22844427788,16597.23 zł)" storage="c:\projekty\mstestproject\bin\debug\netcoreapp3.1\mstestproject.dll" id="d86eee9f-f11c-4191-b887-6775e7898057">
      <TestCategory>
        <TestCategoryItem TestCategory="Category1000" />
      </TestCategory>
      <Execution id="bfbcb814-b05c-4aee-a8d7-ef755b0af5db" />
      <TestMethod codeBase="C:\Projekty\MSTestProject\bin\Debug\netcoreapp3.1\MSTestProject.dll" adapterTypeName="executor://mstestadapter/v2" className="TwojeWesele.Services.Helpers.Tests.CurrencyHelperTests" name="FormatToStringTest1000" />
    </UnitTest>
    <UnitTest name="FormatToStringTest1000 (31163.834562352316,31163.83 zł)" storage="c:\projekty\mstestproject\bin\debug\netcoreapp3.1\mstestproject.dll" id="f13c55c0-466a-46b0-b074-f9e57288d083">
      <TestCategory>
        <TestCategoryItem TestCategory="Category1000" />
      </TestCategory>
      <Execution id="fa73190a-f8f0-4854-b5e4-727c664fd22e" />
      <TestMethod codeBase="C:\Projekty\MSTestProject\bin\Debug\netcoreapp3.1\MSTestProject.dll" adapterTypeName="executor://mstestadapter/v2" className="TwojeWesele.Services.Helpers.Tests.CurrencyHelperTests" name="FormatToStringTest1000" />
    </UnitTest>
    <UnitTest name="FormatToStringTest1000 (17098.491445727876,17098.49 zł)" storage="c:\projekty\mstestproject\bin\debug\netcoreapp3.1\mstestproject.dll" id="466260e7-c0e0-4641-86bd-40c7afcfd18e">
      <TestCategory>
        <TestCategoryItem TestCategory="Category1000" />
      </TestCategory>
      <Execution id="48819165-3cfd-4b93-af97-d6ac208de2e8" />
      <TestMethod codeBase="C:\Projekty\MSTestProject\bin\Debug\netcoreapp3.1\MSTestProject.dll" adapterTypeName="executor://mstestadapter/v2" className="TwojeWesele.Services.Helpers.Tests.CurrencyHelperTests" name="FormatToStringTest1000" />
    </UnitTest>
    <UnitTest name="FormatToStringTest1000 (10784.438152511344,10784.44 zł)" storage="c:\projekty\mstestproject\bin\debug\netcoreapp3.1\mstestproject.dll" id="7cc13aa8-4b39-4de8-8058-02724bdb44d1">
      <TestCategory>
        <TestCategoryItem TestCategory="Category1000" />
      </TestCategory>
      <Execution id="6b3e78fa-e7ca-46db-aaff-469def70a5b8" />
      <TestMethod codeBase="C:\Projekty\MSTestProject\bin\Debug\netcoreapp3.1\MSTestProject.dll" adapterTypeName="executor://mstestadapter/v2" className="TwojeWesele.Services.Helpers.Tests.CurrencyHelperTests" name="FormatToStringTest1000" />
    </UnitTest>
    <UnitTest name="FormatToStringTest1000 (24646.322657574587,24646.32 zł)" storage="c:\projekty\mstestproject\bin\debug\netcoreapp3.1\mstestproject.dll" id="0e084840-e076-4a07-af00-471299d75df3">
      <TestCategory>
        <TestCategoryItem TestCategory="Category1000" />
      </TestCategory>
      <Execution id="914afe67-342c-45cd-b9a5-9f51cdea36fa" />
      <TestMethod codeBase="C:\Projekty\MSTestProject\bin\Debug\netcoreapp3.1\MSTestProject.dll" adapterTypeName="executor://mstestadapter/v2" className="TwojeWesele.Services.Helpers.Tests.CurrencyHelperTests" name="FormatToStringTest1000" />
    </UnitTest>
    <UnitTest name="FormatToStringTest1000 (8901.937138443784,8901.94 zł)" storage="c:\projekty\mstestproject\bin\debug\netcoreapp3.1\mstestproject.dll" id="a2d55eb6-a0e7-4915-8fe1-3ffc10a13d34">
      <TestCategory>
        <TestCategoryItem TestCategory="Category1000" />
      </TestCategory>
      <Execution id="276f2bad-882c-4bde-a06b-cd1208c3e668" />
      <TestMethod codeBase="C:\Projekty\MSTestProject\bin\Debug\netcoreapp3.1\MSTestProject.dll" adapterTypeName="executor://mstestadapter/v2" className="TwojeWesele.Services.Helpers.Tests.CurrencyHelperTests" name="FormatToStringTest1000" />
    </UnitTest>
    <UnitTest name="FormatToStringTest1000 (16129.507288814293,16129.51 zł)" storage="c:\projekty\mstestproject\bin\debug\netcoreapp3.1\mstestproject.dll" id="a2419c7c-78d8-43a8-8ecb-c5153d1d84e0">
      <TestCategory>
        <TestCategoryItem TestCategory="Category1000" />
      </TestCategory>
      <Execution id="962101e0-eba3-4365-948e-032c3e3d8bb3" />
      <TestMethod codeBase="C:\Projekty\MSTestProject\bin\Debug\netcoreapp3.1\MSTestProject.dll" adapterTypeName="executor://mstestadapter/v2" className="TwojeWesele.Services.Helpers.Tests.CurrencyHelperTests" name="FormatToStringTest1000" />
    </UnitTest>
    <UnitTest name="FormatToStringTest1000 (12610.563163818122,12610.56 zł)" storage="c:\projekty\mstestproject\bin\debug\netcoreapp3.1\mstestproject.dll" id="1f44e463-55e2-453b-ac75-2ca1f3d7ab2b">
      <TestCategory>
        <TestCategoryItem TestCategory="Category1000" />
      </TestCategory>
      <Execution id="b9d18e95-88de-4245-a71d-6bdc21036b09" />
      <TestMethod codeBase="C:\Projekty\MSTestProject\bin\Debug\netcoreapp3.1\MSTestProject.dll" adapterTypeName="executor://mstestadapter/v2" className="TwojeWesele.Services.Helpers.Tests.CurrencyHelperTests" name="FormatToStringTest1000" />
    </UnitTest>
    <UnitTest name="FormatToStringTest1000 (47393.54939526671,47393.55 zł)" storage="c:\projekty\mstestproject\bin\debug\netcoreapp3.1\mstestproject.dll" id="cec69b7b-2946-4b56-a15b-2c878f2f8d5e">
      <TestCategory>
        <TestCategoryItem TestCategory="Category1000" />
      </TestCategory>
      <Execution id="b61f113e-135b-4d74-b118-951c82c6fb36" />
      <TestMethod codeBase="C:\Projekty\MSTestProject\bin\Debug\netcoreapp3.1\MSTestProject.dll" adapterTypeName="executor://mstestadapter/v2" className="TwojeWesele.Services.Helpers.Tests.CurrencyHelperTests" name="FormatToStringTest1000" />
    </UnitTest>
    <UnitTest name="FormatToStringTest1000 (32566.30279101259,32566.30 zł)" storage="c:\projekty\mstestproject\bin\debug\netcoreapp3.1\mstestproject.dll" id="322e1084-f9f5-403b-b334-d4410d4c47fc">
      <TestCategory>
        <TestCategoryItem TestCategory="Category1000" />
      </TestCategory>
      <Execution id="1d552df4-39d8-4524-af33-a6f924d3aec7" />
      <TestMethod codeBase="C:\Projekty\MSTestProject\bin\Debug\netcoreapp3.1\MSTestProject.dll" adapterTypeName="executor://mstestadapter/v2" className="TwojeWesele.Services.Helpers.Tests.CurrencyHelperTests" name="FormatToStringTest1000" />
    </UnitTest>
    <UnitTest name="FormatToStringTest1000 (49256.65708813195,49256.66 zł)" storage="c:\projekty\mstestproject\bin\debug\netcoreapp3.1\mstestproject.dll" id="312fd8c6-17df-4280-9eea-ff3a032267c0">
      <TestCategory>
        <TestCategoryItem TestCategory="Category1000" />
      </TestCategory>
      <Execution id="557be62b-a3a6-4c4f-8141-1a2c39092938" />
      <TestMethod codeBase="C:\Projekty\MSTestProject\bin\Debug\netcoreapp3.1\MSTestProject.dll" adapterTypeName="executor://mstestadapter/v2" className="TwojeWesele.Services.Helpers.Tests.CurrencyHelperTests" name="FormatToStringTest1000" />
    </UnitTest>
    <UnitTest name="FormatToStringTest1000 (38253.101637909705,38253.10 zł)" storage="c:\projekty\mstestproject\bin\debug\netcoreapp3.1\mstestproject.dll" id="4b9c0224-0ea2-4cbf-a89e-ecdf580a6178">
      <TestCategory>
        <TestCategoryItem TestCategory="Category1000" />
      </TestCategory>
      <Execution id="e60a0243-9f5a-41fe-855a-1174c4c0002e" />
      <TestMethod codeBase="C:\Projekty\MSTestProject\bin\Debug\netcoreapp3.1\MSTestProject.dll" adapterTypeName="executor://mstestadapter/v2" className="TwojeWesele.Services.Helpers.Tests.CurrencyHelperTests" name="FormatToStringTest1000" />
    </UnitTest>
    <UnitTest name="FormatToStringTest1000 (68479.93492677805,68479.93 zł)" storage="c:\projekty\mstestproject\bin\debug\netcoreapp3.1\mstestproject.dll" id="df46ea4b-6688-4ecf-ae81-8b7d20c0f105">
      <TestCategory>
        <TestCategoryItem TestCategory="Category1000" />
      </TestCategory>
      <Execution id="1dc80f47-d7d4-4d7d-a39f-a7435f64e9f1" />
      <TestMethod codeBase="C:\Projekty\MSTestProject\bin\Debug\netcoreapp3.1\MSTestProject.dll" adapterTypeName="executor://mstestadapter/v2" className="TwojeWesele.Services.Helpers.Tests.CurrencyHelperTests" name="FormatToStringTest1000" />
    </UnitTest>
    <UnitTest name="FormatToStringTest1000 (54304.07738935393,54304.08 zł)" storage="c:\projekty\mstestproject\bin\debug\netcoreapp3.1\mstestproject.dll" id="124e378b-a3e7-41cd-adac-2ffd544428e2">
      <TestCategory>
        <TestCategoryItem TestCategory="Category1000" />
      </TestCategory>
      <Execution id="d4048622-3ca8-4e93-b625-92d64b82c557" />
      <TestMethod codeBase="C:\Projekty\MSTestProject\bin\Debug\netcoreapp3.1\MSTestProject.dll" adapterTypeName="executor://mstestadapter/v2" className="TwojeWesele.Services.Helpers.Tests.CurrencyHelperTests" name="FormatToStringTest1000" />
    </UnitTest>
    <UnitTest name="FormatToStringTest1000 (1562.3173604776698,1562.32 zł)" storage="c:\projekty\mstestproject\bin\debug\netcoreapp3.1\mstestproject.dll" id="93f24e74-1812-41cf-a571-d0244e36de13">
      <TestCategory>
        <TestCategoryItem TestCategory="Category1000" />
      </TestCategory>
      <Execution id="0c417a80-2f9f-4566-932a-3d56117e2b7d" />
      <TestMethod codeBase="C:\Projekty\MSTestProject\bin\Debug\netcoreapp3.1\MSTestProject.dll" adapterTypeName="executor://mstestadapter/v2" className="TwojeWesele.Services.Helpers.Tests.CurrencyHelperTests" name="FormatToStringTest1000" />
    </UnitTest>
    <UnitTest name="FormatToStringTest1000 (6323.24079469882,6323.24 zł)" storage="c:\projekty\mstestproject\bin\debug\netcoreapp3.1\mstestproject.dll" id="b4c91e41-996a-49b9-8d52-f181e53659e8">
      <TestCategory>
        <TestCategoryItem TestCategory="Category1000" />
      </TestCategory>
      <Execution id="c9c89880-ee57-4b08-889d-5394f8f3dce7" />
      <TestMethod codeBase="C:\Projekty\MSTestProject\bin\Debug\netcoreapp3.1\MSTestProject.dll" adapterTypeName="executor://mstestadapter/v2" className="TwojeWesele.Services.Helpers.Tests.CurrencyHelperTests" name="FormatToStringTest1000" />
    </UnitTest>
    <UnitTest name="FormatToStringTest1000 (53192.79032742269,53192.79 zł)" storage="c:\projekty\mstestproject\bin\debug\netcoreapp3.1\mstestproject.dll" id="6eed3b4c-4a67-4ec0-a778-8dc20d518588">
      <TestCategory>
        <TestCategoryItem TestCategory="Category1000" />
      </TestCategory>
      <Execution id="d18b6d35-80d3-4d4f-b426-a53e5f12e4c2" />
      <TestMethod codeBase="C:\Projekty\MSTestProject\bin\Debug\netcoreapp3.1\MSTestProject.dll" adapterTypeName="executor://mstestadapter/v2" className="TwojeWesele.Services.Helpers.Tests.CurrencyHelperTests" name="FormatToStringTest1000" />
    </UnitTest>
    <UnitTest name="FormatToStringTest1000 (79339.95632144621,79339.96 zł)" storage="c:\projekty\mstestproject\bin\debug\netcoreapp3.1\mstestproject.dll" id="8d81499e-69f2-4b0b-b45c-72f47a054e99">
      <TestCategory>
        <TestCategoryItem TestCategory="Category1000" />
      </TestCategory>
      <Execution id="9a93db1c-1265-4538-8930-2ef507c976a8" />
      <TestMethod codeBase="C:\Projekty\MSTestProject\bin\Debug\netcoreapp3.1\MSTestProject.dll" adapterTypeName="executor://mstestadapter/v2" className="TwojeWesele.Services.Helpers.Tests.CurrencyHelperTests" name="FormatToStringTest1000" />
    </UnitTest>
    <UnitTest name="FormatToStringTest1000 (6146.91236741278,6146.91 zł)" storage="c:\projekty\mstestproject\bin\debug\netcoreapp3.1\mstestproject.dll" id="04bf2cf5-914f-46cf-b380-a603d8445eb4">
      <TestCategory>
        <TestCategoryItem TestCategory="Category1000" />
      </TestCategory>
      <Execution id="bc0feddd-dfba-4799-9478-11c50c8ef066" />
      <TestMethod codeBase="C:\Projekty\MSTestProject\bin\Debug\netcoreapp3.1\MSTestProject.dll" adapterTypeName="executor://mstestadapter/v2" className="TwojeWesele.Services.Helpers.Tests.CurrencyHelperTests" name="FormatToStringTest1000" />
    </UnitTest>
    <UnitTest name="FormatToStringTest1000 (4555.538255205163,4555.54 zł)" storage="c:\projekty\mstestproject\bin\debug\netcoreapp3.1\mstestproject.dll" id="31d49391-0ae3-4e77-9cb3-d0d3e9361a14">
      <TestCategory>
        <TestCategoryItem TestCategory="Category1000" />
      </TestCategory>
      <Execution id="5e70fcfa-1664-44c9-bf5f-4d8b6703ecf3" />
      <TestMethod codeBase="C:\Projekty\MSTestProject\bin\Debug\netcoreapp3.1\MSTestProject.dll" adapterTypeName="executor://mstestadapter/v2" className="TwojeWesele.Services.Helpers.Tests.CurrencyHelperTests" name="FormatToStringTest1000" />
    </UnitTest>
    <UnitTest name="FormatToStringTest1000 (40913.016669489916,40913.02 zł)" storage="c:\projekty\mstestproject\bin\debug\netcoreapp3.1\mstestproject.dll" id="665bc23b-ad29-4b45-bc7f-8965814464bf">
      <TestCategory>
        <TestCategoryItem TestCategory="Category1000" />
      </TestCategory>
      <Execution id="374375ce-7f8d-40b1-9d05-f7a00bf07b9c" />
      <TestMethod codeBase="C:\Projekty\MSTestProject\bin\Debug\netcoreapp3.1\MSTestProject.dll" adapterTypeName="executor://mstestadapter/v2" className="TwojeWesele.Services.Helpers.Tests.CurrencyHelperTests" name="FormatToStringTest1000" />
    </UnitTest>
    <UnitTest name="FormatToStringTest1000 (74514.06270644537,74514.06 zł)" storage="c:\projekty\mstestproject\bin\debug\netcoreapp3.1\mstestproject.dll" id="bc6f5c59-2d29-4a58-86de-cf0d0df97e03">
      <TestCategory>
        <TestCategoryItem TestCategory="Category1000" />
      </TestCategory>
      <Execution id="2b197e2d-0ba5-4295-ad72-906e2aa8ed86" />
      <TestMethod codeBase="C:\Projekty\MSTestProject\bin\Debug\netcoreapp3.1\MSTestProject.dll" adapterTypeName="executor://mstestadapter/v2" className="TwojeWesele.Services.Helpers.Tests.CurrencyHelperTests" name="FormatToStringTest1000" />
    </UnitTest>
    <UnitTest name="FormatToStringTest1000 (47431.868885526375,47431.87 zł)" storage="c:\projekty\mstestproject\bin\debug\netcoreapp3.1\mstestproject.dll" id="b8d3bb5b-1c11-4f07-bfc9-1a3ac155b6a3">
      <TestCategory>
        <TestCategoryItem TestCategory="Category1000" />
      </TestCategory>
      <Execution id="29dace55-8fff-40c2-9442-cb16c8b76085" />
      <TestMethod codeBase="C:\Projekty\MSTestProject\bin\Debug\netcoreapp3.1\MSTestProject.dll" adapterTypeName="executor://mstestadapter/v2" className="TwojeWesele.Services.Helpers.Tests.CurrencyHelperTests" name="FormatToStringTest1000" />
    </UnitTest>
    <UnitTest name="FormatToStringTest1000 (3700.029953029021,3700.03 zł)" storage="c:\projekty\mstestproject\bin\debug\netcoreapp3.1\mstestproject.dll" id="bfb64f77-85d7-44c3-bf02-cd81606a8a39">
      <TestCategory>
        <TestCategoryItem TestCategory="Category1000" />
      </TestCategory>
      <Execution id="1ded80fc-98d6-47a8-b05e-17ce486aaf76" />
      <TestMethod codeBase="C:\Projekty\MSTestProject\bin\Debug\netcoreapp3.1\MSTestProject.dll" adapterTypeName="executor://mstestadapter/v2" className="TwojeWesele.Services.Helpers.Tests.CurrencyHelperTests" name="FormatToStringTest1000" />
    </UnitTest>
    <UnitTest name="FormatToStringTest1000 (21693.340115174808,21693.34 zł)" storage="c:\projekty\mstestproject\bin\debug\netcoreapp3.1\mstestproject.dll" id="870d02c4-c002-4f5b-8279-0c7f37fbb4eb">
      <TestCategory>
        <TestCategoryItem TestCategory="Category1000" />
      </TestCategory>
      <Execution id="bcc3ba28-a8e2-43c9-ac84-e31b551f826e" />
      <TestMethod codeBase="C:\Projekty\MSTestProject\bin\Debug\netcoreapp3.1\MSTestProject.dll" adapterTypeName="executor://mstestadapter/v2" className="TwojeWesele.Services.Helpers.Tests.CurrencyHelperTests" name="FormatToStringTest1000" />
    </UnitTest>
    <UnitTest name="FormatToStringTest1000 (63291.50274994015,63291.50 zł)" storage="c:\projekty\mstestproject\bin\debug\netcoreapp3.1\mstestproject.dll" id="a418fb1c-fda1-4a05-85ab-de18d9bde6ec">
      <TestCategory>
        <TestCategoryItem TestCategory="Category1000" />
      </TestCategory>
      <Execution id="1822df2d-7c5e-4f2c-9946-271a894c540d" />
      <TestMethod codeBase="C:\Projekty\MSTestProject\bin\Debug\netcoreapp3.1\MSTestProject.dll" adapterTypeName="executor://mstestadapter/v2" className="TwojeWesele.Services.Helpers.Tests.CurrencyHelperTests" name="FormatToStringTest1000" />
    </UnitTest>
    <UnitTest name="FormatToStringTest1000 (43424.45140075332,43424.45 zł)" storage="c:\projekty\mstestproject\bin\debug\netcoreapp3.1\mstestproject.dll" id="59245892-44d9-412e-b191-3b453dc624cf">
      <TestCategory>
        <TestCategoryItem TestCategory="Category1000" />
      </TestCategory>
      <Execution id="aeacb99c-1bd5-4e59-ad02-e475df121aac" />
      <TestMethod codeBase="C:\Projekty\MSTestProject\bin\Debug\netcoreapp3.1\MSTestProject.dll" adapterTypeName="executor://mstestadapter/v2" className="TwojeWesele.Services.Helpers.Tests.CurrencyHelperTests" name="FormatToStringTest1000" />
    </UnitTest>
    <UnitTest name="FormatToStringTest1000 (47163.337736466594,47163.34 zł)" storage="c:\projekty\mstestproject\bin\debug\netcoreapp3.1\mstestproject.dll" id="a8e840f5-af84-4ed3-a4a3-fe15cb94ee53">
      <TestCategory>
        <TestCategoryItem TestCategory="Category1000" />
      </TestCategory>
      <Execution id="e0363dd1-00be-4194-b071-7c3827cb9324" />
      <TestMethod codeBase="C:\Projekty\MSTestProject\bin\Debug\netcoreapp3.1\MSTestProject.dll" adapterTypeName="executor://mstestadapter/v2" className="TwojeWesele.Services.Helpers.Tests.CurrencyHelperTests" name="FormatToStringTest1000" />
    </UnitTest>
    <UnitTest name="FormatToStringTest1000 (1073.195098933389,1073.20 zł)" storage="c:\projekty\mstestproject\bin\debug\netcoreapp3.1\mstestproject.dll" id="b675ac00-52ec-4efb-9fd4-4b8f7eef6fcd">
      <TestCategory>
        <TestCategoryItem TestCategory="Category1000" />
      </TestCategory>
      <Execution id="5652dc90-37ab-4a82-9264-90c0607468bc" />
      <TestMethod codeBase="C:\Projekty\MSTestProject\bin\Debug\netcoreapp3.1\MSTestProject.dll" adapterTypeName="executor://mstestadapter/v2" className="TwojeWesele.Services.Helpers.Tests.CurrencyHelperTests" name="FormatToStringTest1000" />
    </UnitTest>
    <UnitTest name="FormatToStringTest1000 (78822.37212685234,78822.37 zł)" storage="c:\projekty\mstestproject\bin\debug\netcoreapp3.1\mstestproject.dll" id="4595e60e-b4f4-4831-a25d-8ef54cc1668a">
      <TestCategory>
        <TestCategoryItem TestCategory="Category1000" />
      </TestCategory>
      <Execution id="c666200b-2764-4dc6-9cbe-3833978e8d20" />
      <TestMethod codeBase="C:\Projekty\MSTestProject\bin\Debug\netcoreapp3.1\MSTestProject.dll" adapterTypeName="executor://mstestadapter/v2" className="TwojeWesele.Services.Helpers.Tests.CurrencyHelperTests" name="FormatToStringTest1000" />
    </UnitTest>
    <UnitTest name="FormatToStringTest1000 (1474.699818629166,1474.70 zł)" storage="c:\projekty\mstestproject\bin\debug\netcoreapp3.1\mstestproject.dll" id="fe629cbf-5a2f-4a4e-adfe-b69b007a18fb">
      <TestCategory>
        <TestCategoryItem TestCategory="Category1000" />
      </TestCategory>
      <Execution id="ab8da7f0-0d39-4b27-adbc-ba47221e0938" />
      <TestMethod codeBase="C:\Projekty\MSTestProject\bin\Debug\netcoreapp3.1\MSTestProject.dll" adapterTypeName="executor://mstestadapter/v2" className="TwojeWesele.Services.Helpers.Tests.CurrencyHelperTests" name="FormatToStringTest1000" />
    </UnitTest>
    <UnitTest name="FormatToStringTest1000 (37160.85331540269,37160.85 zł)" storage="c:\projekty\mstestproject\bin\debug\netcoreapp3.1\mstestproject.dll" id="9a09c479-ff6c-4372-a163-5d644f50f3b8">
      <TestCategory>
        <TestCategoryItem TestCategory="Category1000" />
      </TestCategory>
      <Execution id="0a7f5bb8-9483-49d2-a002-6ce768c2b18d" />
      <TestMethod codeBase="C:\Projekty\MSTestProject\bin\Debug\netcoreapp3.1\MSTestProject.dll" adapterTypeName="executor://mstestadapter/v2" className="TwojeWesele.Services.Helpers.Tests.CurrencyHelperTests" name="FormatToStringTest1000" />
    </UnitTest>
    <UnitTest name="FormatToStringTest1000 (3521.3657738167635,3521.37 zł)" storage="c:\projekty\mstestproject\bin\debug\netcoreapp3.1\mstestproject.dll" id="41ca398c-56bb-4142-a92f-6eef61827ed3">
      <TestCategory>
        <TestCategoryItem TestCategory="Category1000" />
      </TestCategory>
      <Execution id="1caf6d46-e9d4-4f30-a094-9d6999695129" />
      <TestMethod codeBase="C:\Projekty\MSTestProject\bin\Debug\netcoreapp3.1\MSTestProject.dll" adapterTypeName="executor://mstestadapter/v2" className="TwojeWesele.Services.Helpers.Tests.CurrencyHelperTests" name="FormatToStringTest1000" />
    </UnitTest>
    <UnitTest name="FormatToStringTest1000 (18794.859523484418,18794.86 zł)" storage="c:\projekty\mstestproject\bin\debug\netcoreapp3.1\mstestproject.dll" id="bd0c4e4e-9a53-4b68-97a6-43c5b17fb098">
      <TestCategory>
        <TestCategoryItem TestCategory="Category1000" />
      </TestCategory>
      <Execution id="a149f42c-5e27-405c-b21a-770eaba33ba4" />
      <TestMethod codeBase="C:\Projekty\MSTestProject\bin\Debug\netcoreapp3.1\MSTestProject.dll" adapterTypeName="executor://mstestadapter/v2" className="TwojeWesele.Services.Helpers.Tests.CurrencyHelperTests" name="FormatToStringTest1000" />
    </UnitTest>
    <UnitTest name="FormatToStringTest1000 (21785.42157155528,21785.42 zł)" storage="c:\projekty\mstestproject\bin\debug\netcoreapp3.1\mstestproject.dll" id="9b8e922d-3846-431f-88de-aa76787f821d">
      <TestCategory>
        <TestCategoryItem TestCategory="Category1000" />
      </TestCategory>
      <Execution id="c57086e9-8777-4db2-aa2a-fe30295dec86" />
      <TestMethod codeBase="C:\Projekty\MSTestProject\bin\Debug\netcoreapp3.1\MSTestProject.dll" adapterTypeName="executor://mstestadapter/v2" className="TwojeWesele.Services.Helpers.Tests.CurrencyHelperTests" name="FormatToStringTest1000" />
    </UnitTest>
    <UnitTest name="FormatToStringTest1000 (35.34471716840971,35.34 zł)" storage="c:\projekty\mstestproject\bin\debug\netcoreapp3.1\mstestproject.dll" id="3b4c4ed3-a146-49df-8c72-52c84ee3654a">
      <TestCategory>
        <TestCategoryItem TestCategory="Category1000" />
      </TestCategory>
      <Execution id="b72c4211-8f0b-4e92-9f3f-ebb3e3edcd75" />
      <TestMethod codeBase="C:\Projekty\MSTestProject\bin\Debug\netcoreapp3.1\MSTestProject.dll" adapterTypeName="executor://mstestadapter/v2" className="TwojeWesele.Services.Helpers.Tests.CurrencyHelperTests" name="FormatToStringTest1000" />
    </UnitTest>
    <UnitTest name="FormatToStringTest1000 (80609.94377465078,80609.94 zł)" storage="c:\projekty\mstestproject\bin\debug\netcoreapp3.1\mstestproject.dll" id="361c4a8f-a2f1-49a1-8619-87c21f83ffe5">
      <TestCategory>
        <TestCategoryItem TestCategory="Category1000" />
      </TestCategory>
      <Execution id="41a053a1-e9a2-459f-a915-03e300e6a0c4" />
      <TestMethod codeBase="C:\Projekty\MSTestProject\bin\Debug\netcoreapp3.1\MSTestProject.dll" adapterTypeName="executor://mstestadapter/v2" className="TwojeWesele.Services.Helpers.Tests.CurrencyHelperTests" name="FormatToStringTest1000" />
    </UnitTest>
    <UnitTest name="FormatToStringTest1000 (73372.53853826903,73372.54 zł)" storage="c:\projekty\mstestproject\bin\debug\netcoreapp3.1\mstestproject.dll" id="50d14cd1-4514-4974-b0cf-65a97d16c794">
      <TestCategory>
        <TestCategoryItem TestCategory="Category1000" />
      </TestCategory>
      <Execution id="b1977862-5a10-4247-8594-3e6404e9d3a4" />
      <TestMethod codeBase="C:\Projekty\MSTestProject\bin\Debug\netcoreapp3.1\MSTestProject.dll" adapterTypeName="executor://mstestadapter/v2" className="TwojeWesele.Services.Helpers.Tests.CurrencyHelperTests" name="FormatToStringTest1000" />
    </UnitTest>
    <UnitTest name="FormatToStringTest1000 (37866.43836050967,37866.44 zł)" storage="c:\projekty\mstestproject\bin\debug\netcoreapp3.1\mstestproject.dll" id="1911f1f6-e3f9-46c7-91d3-cecf0685fd9d">
      <TestCategory>
        <TestCategoryItem TestCategory="Category1000" />
      </TestCategory>
      <Execution id="4db557fc-092e-4298-a0be-656c1883e2d6" />
      <TestMethod codeBase="C:\Projekty\MSTestProject\bin\Debug\netcoreapp3.1\MSTestProject.dll" adapterTypeName="executor://mstestadapter/v2" className="TwojeWesele.Services.Helpers.Tests.CurrencyHelperTests" name="FormatToStringTest1000" />
    </UnitTest>
    <UnitTest name="FormatToStringTest1000 (13206.129467931636,13206.13 zł)" storage="c:\projekty\mstestproject\bin\debug\netcoreapp3.1\mstestproject.dll" id="ed60fba7-fad1-435f-bf83-8428b547f440">
      <TestCategory>
        <TestCategoryItem TestCategory="Category1000" />
      </TestCategory>
      <Execution id="ecaed26d-1a7d-417d-9dec-3ae38e2f5049" />
      <TestMethod codeBase="C:\Projekty\MSTestProject\bin\Debug\netcoreapp3.1\MSTestProject.dll" adapterTypeName="executor://mstestadapter/v2" className="TwojeWesele.Services.Helpers.Tests.CurrencyHelperTests" name="FormatToStringTest1000" />
    </UnitTest>
    <UnitTest name="FormatToStringTest1000 (12202.860111308684,12202.86 zł)" storage="c:\projekty\mstestproject\bin\debug\netcoreapp3.1\mstestproject.dll" id="85dde619-71ab-44d7-b2d4-4d5b376254ce">
      <TestCategory>
        <TestCategoryItem TestCategory="Category1000" />
      </TestCategory>
      <Execution id="b9cfe1ec-510f-41a5-b141-047be00a6553" />
      <TestMethod codeBase="C:\Projekty\MSTestProject\bin\Debug\netcoreapp3.1\MSTestProject.dll" adapterTypeName="executor://mstestadapter/v2" className="TwojeWesele.Services.Helpers.Tests.CurrencyHelperTests" name="FormatToStringTest1000" />
    </UnitTest>
    <UnitTest name="FormatToStringTest1000 (35905.47425787219,35905.47 zł)" storage="c:\projekty\mstestproject\bin\debug\netcoreapp3.1\mstestproject.dll" id="3f1790c8-5fcf-4781-a808-9ab82f013769">
      <TestCategory>
        <TestCategoryItem TestCategory="Category1000" />
      </TestCategory>
      <Execution id="9e77b41a-ff91-4360-957e-c9592714c3f1" />
      <TestMethod codeBase="C:\Projekty\MSTestProject\bin\Debug\netcoreapp3.1\MSTestProject.dll" adapterTypeName="executor://mstestadapter/v2" className="TwojeWesele.Services.Helpers.Tests.CurrencyHelperTests" name="FormatToStringTest1000" />
    </UnitTest>
    <UnitTest name="FormatToStringTest1000 (19462.729986486367,19462.73 zł)" storage="c:\projekty\mstestproject\bin\debug\netcoreapp3.1\mstestproject.dll" id="519504b1-4408-4009-ab17-76351c12cd34">
      <TestCategory>
        <TestCategoryItem TestCategory="Category1000" />
      </TestCategory>
      <Execution id="2ce6590a-f6e6-4140-9c56-de645bd2ef23" />
      <TestMethod codeBase="C:\Projekty\MSTestProject\bin\Debug\netcoreapp3.1\MSTestProject.dll" adapterTypeName="executor://mstestadapter/v2" className="TwojeWesele.Services.Helpers.Tests.CurrencyHelperTests" name="FormatToStringTest1000" />
    </UnitTest>
    <UnitTest name="FormatToStringTest1000 (803.2448148733214,803.24 zł)" storage="c:\projekty\mstestproject\bin\debug\netcoreapp3.1\mstestproject.dll" id="acd224c3-ccdf-4d2f-ada8-3ad0537fb411">
      <TestCategory>
        <TestCategoryItem TestCategory="Category1000" />
      </TestCategory>
      <Execution id="41cf3480-458c-4a49-90b6-57fb80b74272" />
      <TestMethod codeBase="C:\Projekty\MSTestProject\bin\Debug\netcoreapp3.1\MSTestProject.dll" adapterTypeName="executor://mstestadapter/v2" className="TwojeWesele.Services.Helpers.Tests.CurrencyHelperTests" name="FormatToStringTest1000" />
    </UnitTest>
    <UnitTest name="FormatToStringTest1000 (397.6461894566408,397.65 zł)" storage="c:\projekty\mstestproject\bin\debug\netcoreapp3.1\mstestproject.dll" id="cae5deb5-4550-4489-bc26-fd26811008fd">
      <TestCategory>
        <TestCategoryItem TestCategory="Category1000" />
      </TestCategory>
      <Execution id="7d8ee9fe-6177-4714-98eb-401848074955" />
      <TestMethod codeBase="C:\Projekty\MSTestProject\bin\Debug\netcoreapp3.1\MSTestProject.dll" adapterTypeName="executor://mstestadapter/v2" className="TwojeWesele.Services.Helpers.Tests.CurrencyHelperTests" name="FormatToStringTest1000" />
    </UnitTest>
    <UnitTest name="FormatToStringTest1000 (96022.24851977557,96022.25 zł)" storage="c:\projekty\mstestproject\bin\debug\netcoreapp3.1\mstestproject.dll" id="6b95d069-4ceb-450d-8aff-da024b7ab610">
      <TestCategory>
        <TestCategoryItem TestCategory="Category1000" />
      </TestCategory>
      <Execution id="d634fb54-a417-4529-892a-4b74c2f8ab51" />
      <TestMethod codeBase="C:\Projekty\MSTestProject\bin\Debug\netcoreapp3.1\MSTestProject.dll" adapterTypeName="executor://mstestadapter/v2" className="TwojeWesele.Services.Helpers.Tests.CurrencyHelperTests" name="FormatToStringTest1000" />
    </UnitTest>
    <UnitTest name="FormatToStringTest1000 (16161.963229990548,16161.96 zł)" storage="c:\projekty\mstestproject\bin\debug\netcoreapp3.1\mstestproject.dll" id="b6be5bc4-d2f7-46b1-80ce-123bafee58a1">
      <TestCategory>
        <TestCategoryItem TestCategory="Category1000" />
      </TestCategory>
      <Execution id="f8c8d2f8-7143-43c3-9aba-ece84f662d98" />
      <TestMethod codeBase="C:\Projekty\MSTestProject\bin\Debug\netcoreapp3.1\MSTestProject.dll" adapterTypeName="executor://mstestadapter/v2" className="TwojeWesele.Services.Helpers.Tests.CurrencyHelperTests" name="FormatToStringTest1000" />
    </UnitTest>
    <UnitTest name="FormatToStringTest1000 (7890.044272348771,7890.04 zł)" storage="c:\projekty\mstestproject\bin\debug\netcoreapp3.1\mstestproject.dll" id="22aa3e68-bb7d-4360-8402-1f7fee7d44d6">
      <TestCategory>
        <TestCategoryItem TestCategory="Category1000" />
      </TestCategory>
      <Execution id="bc7d1cf5-91c5-4b4f-83d4-988845ddc0ba" />
      <TestMethod codeBase="C:\Projekty\MSTestProject\bin\Debug\netcoreapp3.1\MSTestProject.dll" adapterTypeName="executor://mstestadapter/v2" className="TwojeWesele.Services.Helpers.Tests.CurrencyHelperTests" name="FormatToStringTest1000" />
    </UnitTest>
    <UnitTest name="FormatToStringTest1000 (29508.077101491428,29508.08 zł)" storage="c:\projekty\mstestproject\bin\debug\netcoreapp3.1\mstestproject.dll" id="829f18a8-7daf-4837-8958-5a4eb77154b3">
      <TestCategory>
        <TestCategoryItem TestCategory="Category1000" />
      </TestCategory>
      <Execution id="bb87deb1-fbff-4882-a36d-0e0c84a9cb4b" />
      <TestMethod codeBase="C:\Projekty\MSTestProject\bin\Debug\netcoreapp3.1\MSTestProject.dll" adapterTypeName="executor://mstestadapter/v2" className="TwojeWesele.Services.Helpers.Tests.CurrencyHelperTests" name="FormatToStringTest1000" />
    </UnitTest>
    <UnitTest name="FormatToStringTest1000 (57237.252356975456,57237.25 zł)" storage="c:\projekty\mstestproject\bin\debug\netcoreapp3.1\mstestproject.dll" id="ee42fa62-633c-40ac-9ec9-48f2dbbc3825">
      <TestCategory>
        <TestCategoryItem TestCategory="Category1000" />
      </TestCategory>
      <Execution id="620594e8-2a71-4511-9df8-4795c301cf9d" />
      <TestMethod codeBase="C:\Projekty\MSTestProject\bin\Debug\netcoreapp3.1\MSTestProject.dll" adapterTypeName="executor://mstestadapter/v2" className="TwojeWesele.Services.Helpers.Tests.CurrencyHelperTests" name="FormatToStringTest1000" />
    </UnitTest>
    <UnitTest name="FormatToStringTest1000 (1687.5965557361937,1687.60 zł)" storage="c:\projekty\mstestproject\bin\debug\netcoreapp3.1\mstestproject.dll" id="6588d19c-88d3-452b-90d3-94fa640e4cfd">
      <TestCategory>
        <TestCategoryItem TestCategory="Category1000" />
      </TestCategory>
      <Execution id="5563931a-b18b-4e24-9429-56e00c428e2f" />
      <TestMethod codeBase="C:\Projekty\MSTestProject\bin\Debug\netcoreapp3.1\MSTestProject.dll" adapterTypeName="executor://mstestadapter/v2" className="TwojeWesele.Services.Helpers.Tests.CurrencyHelperTests" name="FormatToStringTest1000" />
    </UnitTest>
    <UnitTest name="FormatToStringTest1000 (2718.1767171650085,2718.18 zł)" storage="c:\projekty\mstestproject\bin\debug\netcoreapp3.1\mstestproject.dll" id="ed8778c6-fdeb-461e-ae15-e9206ccc8101">
      <TestCategory>
        <TestCategoryItem TestCategory="Category1000" />
      </TestCategory>
      <Execution id="89715e39-1d95-4f71-b9ed-0212f47423c8" />
      <TestMethod codeBase="C:\Projekty\MSTestProject\bin\Debug\netcoreapp3.1\MSTestProject.dll" adapterTypeName="executor://mstestadapter/v2" className="TwojeWesele.Services.Helpers.Tests.CurrencyHelperTests" name="FormatToStringTest1000" />
    </UnitTest>
    <UnitTest name="FormatToStringTest1000 (89093.57120939044,89093.57 zł)" storage="c:\projekty\mstestproject\bin\debug\netcoreapp3.1\mstestproject.dll" id="ad02e253-ba42-4132-9f1f-79d433df3666">
      <TestCategory>
        <TestCategoryItem TestCategory="Category1000" />
      </TestCategory>
      <Execution id="9a2177ba-1f43-46b0-825e-13acf5a6795d" />
      <TestMethod codeBase="C:\Projekty\MSTestProject\bin\Debug\netcoreapp3.1\MSTestProject.dll" adapterTypeName="executor://mstestadapter/v2" className="TwojeWesele.Services.Helpers.Tests.CurrencyHelperTests" name="FormatToStringTest1000" />
    </UnitTest>
    <UnitTest name="FormatToStringTest1000 (26515.80237687929,26515.80 zł)" storage="c:\projekty\mstestproject\bin\debug\netcoreapp3.1\mstestproject.dll" id="b3f11820-e1d4-4736-bbf4-4dbb9437dac8">
      <TestCategory>
        <TestCategoryItem TestCategory="Category1000" />
      </TestCategory>
      <Execution id="1dd54bbc-dddd-431e-87c3-58b2579ea7b3" />
      <TestMethod codeBase="C:\Projekty\MSTestProject\bin\Debug\netcoreapp3.1\MSTestProject.dll" adapterTypeName="executor://mstestadapter/v2" className="TwojeWesele.Services.Helpers.Tests.CurrencyHelperTests" name="FormatToStringTest1000" />
    </UnitTest>
    <UnitTest name="FormatToStringTest1000 (11175.438820935526,11175.44 zł)" storage="c:\projekty\mstestproject\bin\debug\netcoreapp3.1\mstestproject.dll" id="4c02df38-497b-4ad0-be29-aff0e4805c05">
      <TestCategory>
        <TestCategoryItem TestCategory="Category1000" />
      </TestCategory>
      <Execution id="8e00c9a7-aaad-42e9-81db-f253ad0c3d2b" />
      <TestMethod codeBase="C:\Projekty\MSTestProject\bin\Debug\netcoreapp3.1\MSTestProject.dll" adapterTypeName="executor://mstestadapter/v2" className="TwojeWesele.Services.Helpers.Tests.CurrencyHelperTests" name="FormatToStringTest1000" />
    </UnitTest>
    <UnitTest name="FormatToStringTest1000 (20497.107923553376,20497.11 zł)" storage="c:\projekty\mstestproject\bin\debug\netcoreapp3.1\mstestproject.dll" id="cf75ba87-cbb6-413a-8ca9-9227fc5ccb9d">
      <TestCategory>
        <TestCategoryItem TestCategory="Category1000" />
      </TestCategory>
      <Execution id="408e8bee-f1d9-43ac-b273-1a2285937656" />
      <TestMethod codeBase="C:\Projekty\MSTestProject\bin\Debug\netcoreapp3.1\MSTestProject.dll" adapterTypeName="executor://mstestadapter/v2" className="TwojeWesele.Services.Helpers.Tests.CurrencyHelperTests" name="FormatToStringTest1000" />
    </UnitTest>
    <UnitTest name="FormatToStringTest1000 (577.6071367564645,577.61 zł)" storage="c:\projekty\mstestproject\bin\debug\netcoreapp3.1\mstestproject.dll" id="6efe9a4b-746d-4c6d-a63f-8d8be1460ff3">
      <TestCategory>
        <TestCategoryItem TestCategory="Category1000" />
      </TestCategory>
      <Execution id="22bbb5c1-28f7-4892-a7dd-20f22e467164" />
      <TestMethod codeBase="C:\Projekty\MSTestProject\bin\Debug\netcoreapp3.1\MSTestProject.dll" adapterTypeName="executor://mstestadapter/v2" className="TwojeWesele.Services.Helpers.Tests.CurrencyHelperTests" name="FormatToStringTest1000" />
    </UnitTest>
    <UnitTest name="FormatToStringTest1000 (12831.146874380833,12831.15 zł)" storage="c:\projekty\mstestproject\bin\debug\netcoreapp3.1\mstestproject.dll" id="95d72d7f-8781-4ac0-8f7d-0d49ec7cd03a">
      <TestCategory>
        <TestCategoryItem TestCategory="Category1000" />
      </TestCategory>
      <Execution id="5023c863-fd8a-433b-a6b5-e06a83b0d2ff" />
      <TestMethod codeBase="C:\Projekty\MSTestProject\bin\Debug\netcoreapp3.1\MSTestProject.dll" adapterTypeName="executor://mstestadapter/v2" className="TwojeWesele.Services.Helpers.Tests.CurrencyHelperTests" name="FormatToStringTest1000" />
    </UnitTest>
    <UnitTest name="FormatToStringTest1000 (835.1578487740633,835.16 zł)" storage="c:\projekty\mstestproject\bin\debug\netcoreapp3.1\mstestproject.dll" id="fd0cfb32-8c6a-4211-a64f-8fc9bdce0f46">
      <TestCategory>
        <TestCategoryItem TestCategory="Category1000" />
      </TestCategory>
      <Execution id="2f0a6346-9b65-457c-8719-9908afd0ce64" />
      <TestMethod codeBase="C:\Projekty\MSTestProject\bin\Debug\netcoreapp3.1\MSTestProject.dll" adapterTypeName="executor://mstestadapter/v2" className="TwojeWesele.Services.Helpers.Tests.CurrencyHelperTests" name="FormatToStringTest1000" />
    </UnitTest>
    <UnitTest name="FormatToStringTest1000 (50413.517583300134,50413.52 zł)" storage="c:\projekty\mstestproject\bin\debug\netcoreapp3.1\mstestproject.dll" id="be9eeca4-bdcd-45dc-a7a8-ece5ae877faf">
      <TestCategory>
        <TestCategoryItem TestCategory="Category1000" />
      </TestCategory>
      <Execution id="09484873-ff3f-41f8-ac8e-5a41793d30db" />
      <TestMethod codeBase="C:\Projekty\MSTestProject\bin\Debug\netcoreapp3.1\MSTestProject.dll" adapterTypeName="executor://mstestadapter/v2" className="TwojeWesele.Services.Helpers.Tests.CurrencyHelperTests" name="FormatToStringTest1000" />
    </UnitTest>
    <UnitTest name="FormatToStringTest1000 (16427.591943671738,16427.59 zł)" storage="c:\projekty\mstestproject\bin\debug\netcoreapp3.1\mstestproject.dll" id="e79ebc45-0be2-4668-9b8c-31a0eb3e9c67">
      <TestCategory>
        <TestCategoryItem TestCategory="Category1000" />
      </TestCategory>
      <Execution id="c76f5dea-692e-47c6-b478-d3e62ebad730" />
      <TestMethod codeBase="C:\Projekty\MSTestProject\bin\Debug\netcoreapp3.1\MSTestProject.dll" adapterTypeName="executor://mstestadapter/v2" className="TwojeWesele.Services.Helpers.Tests.CurrencyHelperTests" name="FormatToStringTest1000" />
    </UnitTest>
    <UnitTest name="FormatToStringTest1000 (7202.052143613367,7202.05 zł)" storage="c:\projekty\mstestproject\bin\debug\netcoreapp3.1\mstestproject.dll" id="c26ed68c-f228-4b3f-9006-34517a592fd7">
      <TestCategory>
        <TestCategoryItem TestCategory="Category1000" />
      </TestCategory>
      <Execution id="836f3638-4381-424b-81bd-a483b4ffa487" />
      <TestMethod codeBase="C:\Projekty\MSTestProject\bin\Debug\netcoreapp3.1\MSTestProject.dll" adapterTypeName="executor://mstestadapter/v2" className="TwojeWesele.Services.Helpers.Tests.CurrencyHelperTests" name="FormatToStringTest1000" />
    </UnitTest>
    <UnitTest name="FormatToStringTest1000 (941.429400278921,941.43 zł)" storage="c:\projekty\mstestproject\bin\debug\netcoreapp3.1\mstestproject.dll" id="983ed155-0439-4464-8276-814d6a1255e9">
      <TestCategory>
        <TestCategoryItem TestCategory="Category1000" />
      </TestCategory>
      <Execution id="0d03bf85-7ea3-4499-b7b4-984b2ad021d4" />
      <TestMethod codeBase="C:\Projekty\MSTestProject\bin\Debug\netcoreapp3.1\MSTestProject.dll" adapterTypeName="executor://mstestadapter/v2" className="TwojeWesele.Services.Helpers.Tests.CurrencyHelperTests" name="FormatToStringTest1000" />
    </UnitTest>
    <UnitTest name="FormatToStringTest1000 (20623.53139885493,20623.53 zł)" storage="c:\projekty\mstestproject\bin\debug\netcoreapp3.1\mstestproject.dll" id="312f3328-aaae-4ecb-b5e3-abea16431406">
      <TestCategory>
        <TestCategoryItem TestCategory="Category1000" />
      </TestCategory>
      <Execution id="3a6dd30b-8684-4e04-8968-a0ee60fdb914" />
      <TestMethod codeBase="C:\Projekty\MSTestProject\bin\Debug\netcoreapp3.1\MSTestProject.dll" adapterTypeName="executor://mstestadapter/v2" className="TwojeWesele.Services.Helpers.Tests.CurrencyHelperTests" name="FormatToStringTest1000" />
    </UnitTest>
    <UnitTest name="FormatToStringTest1000 (47575.6421269959,47575.64 zł)" storage="c:\projekty\mstestproject\bin\debug\netcoreapp3.1\mstestproject.dll" id="b3b5c7a9-c6e2-45f6-8d64-7a12dc2ec49c">
      <TestCategory>
        <TestCategoryItem TestCategory="Category1000" />
      </TestCategory>
      <Execution id="644d346f-1c49-4f15-a127-4ae0d2e4fcd3" />
      <TestMethod codeBase="C:\Projekty\MSTestProject\bin\Debug\netcoreapp3.1\MSTestProject.dll" adapterTypeName="executor://mstestadapter/v2" className="TwojeWesele.Services.Helpers.Tests.CurrencyHelperTests" name="FormatToStringTest1000" />
    </UnitTest>
    <UnitTest name="FormatToStringTest1000 (69373.32129976773,69373.32 zł)" storage="c:\projekty\mstestproject\bin\debug\netcoreapp3.1\mstestproject.dll" id="af47442b-c8d9-43df-95fc-b415532af584">
      <TestCategory>
        <TestCategoryItem TestCategory="Category1000" />
      </TestCategory>
      <Execution id="e3e7bc83-f2bb-4981-a66d-d9f6739f11af" />
      <TestMethod codeBase="C:\Projekty\MSTestProject\bin\Debug\netcoreapp3.1\MSTestProject.dll" adapterTypeName="executor://mstestadapter/v2" className="TwojeWesele.Services.Helpers.Tests.CurrencyHelperTests" name="FormatToStringTest1000" />
    </UnitTest>
    <UnitTest name="FormatToStringTest1000 (15337.485230751097,15337.49 zł)" storage="c:\projekty\mstestproject\bin\debug\netcoreapp3.1\mstestproject.dll" id="36cb026e-9727-4c24-98d1-33dec12f592c">
      <TestCategory>
        <TestCategoryItem TestCategory="Category1000" />
      </TestCategory>
      <Execution id="ef6d3ce3-5c1b-4d69-b31f-ea3efe96af47" />
      <TestMethod codeBase="C:\Projekty\MSTestProject\bin\Debug\netcoreapp3.1\MSTestProject.dll" adapterTypeName="executor://mstestadapter/v2" className="TwojeWesele.Services.Helpers.Tests.CurrencyHelperTests" name="FormatToStringTest1000" />
    </UnitTest>
    <UnitTest name="FormatToStringTest1000 (38640.62766693003,38640.63 zł)" storage="c:\projekty\mstestproject\bin\debug\netcoreapp3.1\mstestproject.dll" id="ec248586-d492-45f3-98f5-e5b19e0ee829">
      <TestCategory>
        <TestCategoryItem TestCategory="Category1000" />
      </TestCategory>
      <Execution id="52d72dac-8ae0-4c91-8ef1-093295d01c79" />
      <TestMethod codeBase="C:\Projekty\MSTestProject\bin\Debug\netcoreapp3.1\MSTestProject.dll" adapterTypeName="executor://mstestadapter/v2" className="TwojeWesele.Services.Helpers.Tests.CurrencyHelperTests" name="FormatToStringTest1000" />
    </UnitTest>
    <UnitTest name="FormatToStringTest1000 (9818.257405763146,9818.26 zł)" storage="c:\projekty\mstestproject\bin\debug\netcoreapp3.1\mstestproject.dll" id="31c0a4ba-9157-4eb3-be45-542bbcb7f4c9">
      <TestCategory>
        <TestCategoryItem TestCategory="Category1000" />
      </TestCategory>
      <Execution id="35c4dc6d-9545-49c2-a0fd-6b1fc85614eb" />
      <TestMethod codeBase="C:\Projekty\MSTestProject\bin\Debug\netcoreapp3.1\MSTestProject.dll" adapterTypeName="executor://mstestadapter/v2" className="TwojeWesele.Services.Helpers.Tests.CurrencyHelperTests" name="FormatToStringTest1000" />
    </UnitTest>
    <UnitTest name="FormatToStringTest1000 (45299.778512198376,45299.78 zł)" storage="c:\projekty\mstestproject\bin\debug\netcoreapp3.1\mstestproject.dll" id="da67ce3a-0e78-4fef-919d-f81156972571">
      <TestCategory>
        <TestCategoryItem TestCategory="Category1000" />
      </TestCategory>
      <Execution id="7aaba0f6-6d04-4998-aac8-56c71d5019dc" />
      <TestMethod codeBase="C:\Projekty\MSTestProject\bin\Debug\netcoreapp3.1\MSTestProject.dll" adapterTypeName="executor://mstestadapter/v2" className="TwojeWesele.Services.Helpers.Tests.CurrencyHelperTests" name="FormatToStringTest1000" />
    </UnitTest>
    <UnitTest name="FormatToStringTest1000 (4592.278577496428,4592.28 zł)" storage="c:\projekty\mstestproject\bin\debug\netcoreapp3.1\mstestproject.dll" id="95d33c76-5070-45d0-93c3-ac5965a888be">
      <TestCategory>
        <TestCategoryItem TestCategory="Category1000" />
      </TestCategory>
      <Execution id="f2e3dd9f-9b8c-4580-9530-6bda4752fbda" />
      <TestMethod codeBase="C:\Projekty\MSTestProject\bin\Debug\netcoreapp3.1\MSTestProject.dll" adapterTypeName="executor://mstestadapter/v2" className="TwojeWesele.Services.Helpers.Tests.CurrencyHelperTests" name="FormatToStringTest1000" />
    </UnitTest>
    <UnitTest name="FormatToStringTest1000 (4812.162927013898,4812.16 zł)" storage="c:\projekty\mstestproject\bin\debug\netcoreapp3.1\mstestproject.dll" id="e2434850-cbe0-4366-b710-223c7a7117b3">
      <TestCategory>
        <TestCategoryItem TestCategory="Category1000" />
      </TestCategory>
      <Execution id="58672624-3dad-4ebe-b255-9e48aaeedda5" />
      <TestMethod codeBase="C:\Projekty\MSTestProject\bin\Debug\netcoreapp3.1\MSTestProject.dll" adapterTypeName="executor://mstestadapter/v2" className="TwojeWesele.Services.Helpers.Tests.CurrencyHelperTests" name="FormatToStringTest1000" />
    </UnitTest>
    <UnitTest name="FormatToStringTest1000 (2937.138486199611,2937.14 zł)" storage="c:\projekty\mstestproject\bin\debug\netcoreapp3.1\mstestproject.dll" id="0d29cfb7-d7a2-4073-812f-972d2a55c955">
      <TestCategory>
        <TestCategoryItem TestCategory="Category1000" />
      </TestCategory>
      <Execution id="725082a3-e7ea-4712-ae7e-6bfbe9b1dd22" />
      <TestMethod codeBase="C:\Projekty\MSTestProject\bin\Debug\netcoreapp3.1\MSTestProject.dll" adapterTypeName="executor://mstestadapter/v2" className="TwojeWesele.Services.Helpers.Tests.CurrencyHelperTests" name="FormatToStringTest1000" />
    </UnitTest>
    <UnitTest name="FormatToStringTest1000 (55010.474927814896,55010.47 zł)" storage="c:\projekty\mstestproject\bin\debug\netcoreapp3.1\mstestproject.dll" id="14445004-e53d-4df8-be95-81c3ce8f7e08">
      <TestCategory>
        <TestCategoryItem TestCategory="Category1000" />
      </TestCategory>
      <Execution id="a7e84112-4401-45f2-8ca6-748e11bbcaf7" />
      <TestMethod codeBase="C:\Projekty\MSTestProject\bin\Debug\netcoreapp3.1\MSTestProject.dll" adapterTypeName="executor://mstestadapter/v2" className="TwojeWesele.Services.Helpers.Tests.CurrencyHelperTests" name="FormatToStringTest1000" />
    </UnitTest>
    <UnitTest name="FormatToStringTest1000 (6752.510462437062,6752.51 zł)" storage="c:\projekty\mstestproject\bin\debug\netcoreapp3.1\mstestproject.dll" id="a502fac2-5ade-41ef-a892-d3e200fc7d2b">
      <TestCategory>
        <TestCategoryItem TestCategory="Category1000" />
      </TestCategory>
      <Execution id="e4d75cbe-4a09-4134-9429-055a2db35530" />
      <TestMethod codeBase="C:\Projekty\MSTestProject\bin\Debug\netcoreapp3.1\MSTestProject.dll" adapterTypeName="executor://mstestadapter/v2" className="TwojeWesele.Services.Helpers.Tests.CurrencyHelperTests" name="FormatToStringTest1000" />
    </UnitTest>
    <UnitTest name="FormatToStringTest1000 (15411.371650797022,15411.37 zł)" storage="c:\projekty\mstestproject\bin\debug\netcoreapp3.1\mstestproject.dll" id="d78160f1-5da6-4e3d-a7d7-4dd3e45a85b8">
      <TestCategory>
        <TestCategoryItem TestCategory="Category1000" />
      </TestCategory>
      <Execution id="5cc76361-d91e-42eb-8826-3ea03db3c67a" />
      <TestMethod codeBase="C:\Projekty\MSTestProject\bin\Debug\netcoreapp3.1\MSTestProject.dll" adapterTypeName="executor://mstestadapter/v2" className="TwojeWesele.Services.Helpers.Tests.CurrencyHelperTests" name="FormatToStringTest1000" />
    </UnitTest>
    <UnitTest name="FormatToStringTest1000 (35248.53555717996,35248.54 zł)" storage="c:\projekty\mstestproject\bin\debug\netcoreapp3.1\mstestproject.dll" id="7e4dee7a-4833-4ea0-a4ce-aad876f2873d">
      <TestCategory>
        <TestCategoryItem TestCategory="Category1000" />
      </TestCategory>
      <Execution id="3fdcfbc7-02c3-4e44-ae6e-5a67eed30332" />
      <TestMethod codeBase="C:\Projekty\MSTestProject\bin\Debug\netcoreapp3.1\MSTestProject.dll" adapterTypeName="executor://mstestadapter/v2" className="TwojeWesele.Services.Helpers.Tests.CurrencyHelperTests" name="FormatToStringTest1000" />
    </UnitTest>
    <UnitTest name="FormatToStringTest1000 (30320.450517486992,30320.45 zł)" storage="c:\projekty\mstestproject\bin\debug\netcoreapp3.1\mstestproject.dll" id="301857c1-c708-47e2-b431-9d5c49570a2b">
      <TestCategory>
        <TestCategoryItem TestCategory="Category1000" />
      </TestCategory>
      <Execution id="b174f94b-d9e5-4b3d-8d13-4d96a1d2fddc" />
      <TestMethod codeBase="C:\Projekty\MSTestProject\bin\Debug\netcoreapp3.1\MSTestProject.dll" adapterTypeName="executor://mstestadapter/v2" className="TwojeWesele.Services.Helpers.Tests.CurrencyHelperTests" name="FormatToStringTest1000" />
    </UnitTest>
    <UnitTest name="FormatToStringTest1000 (49672.98901987402,49672.99 zł)" storage="c:\projekty\mstestproject\bin\debug\netcoreapp3.1\mstestproject.dll" id="ce399cb6-1b64-4f5d-a37f-5aa9c03edd56">
      <TestCategory>
        <TestCategoryItem TestCategory="Category1000" />
      </TestCategory>
      <Execution id="311ec07e-a880-4dd6-a331-369ec8caf597" />
      <TestMethod codeBase="C:\Projekty\MSTestProject\bin\Debug\netcoreapp3.1\MSTestProject.dll" adapterTypeName="executor://mstestadapter/v2" className="TwojeWesele.Services.Helpers.Tests.CurrencyHelperTests" name="FormatToStringTest1000" />
    </UnitTest>
    <UnitTest name="FormatToStringTest1000 (16282.687804925576,16282.69 zł)" storage="c:\projekty\mstestproject\bin\debug\netcoreapp3.1\mstestproject.dll" id="ab049d61-540b-4f2e-905e-544571e14bef">
      <TestCategory>
        <TestCategoryItem TestCategory="Category1000" />
      </TestCategory>
      <Execution id="32c7263c-311a-41e9-bd2c-a61c7093b9be" />
      <TestMethod codeBase="C:\Projekty\MSTestProject\bin\Debug\netcoreapp3.1\MSTestProject.dll" adapterTypeName="executor://mstestadapter/v2" className="TwojeWesele.Services.Helpers.Tests.CurrencyHelperTests" name="FormatToStringTest1000" />
    </UnitTest>
    <UnitTest name="FormatToStringTest1000 (9624.06628225188,9624.07 zł)" storage="c:\projekty\mstestproject\bin\debug\netcoreapp3.1\mstestproject.dll" id="56ff36b9-c7ef-4698-b4d7-79a85f9a588a">
      <TestCategory>
        <TestCategoryItem TestCategory="Category1000" />
      </TestCategory>
      <Execution id="efb8ba40-ffbc-449d-9760-f1a81763636d" />
      <TestMethod codeBase="C:\Projekty\MSTestProject\bin\Debug\netcoreapp3.1\MSTestProject.dll" adapterTypeName="executor://mstestadapter/v2" className="TwojeWesele.Services.Helpers.Tests.CurrencyHelperTests" name="FormatToStringTest1000" />
    </UnitTest>
    <UnitTest name="FormatToStringTest1000 (27751.474436297303,27751.47 zł)" storage="c:\projekty\mstestproject\bin\debug\netcoreapp3.1\mstestproject.dll" id="d76f6e3e-cd71-43cd-aa5f-d56342e69a8f">
      <TestCategory>
        <TestCategoryItem TestCategory="Category1000" />
      </TestCategory>
      <Execution id="60579a7e-1507-4889-b353-518b0c418a2c" />
      <TestMethod codeBase="C:\Projekty\MSTestProject\bin\Debug\netcoreapp3.1\MSTestProject.dll" adapterTypeName="executor://mstestadapter/v2" className="TwojeWesele.Services.Helpers.Tests.CurrencyHelperTests" name="FormatToStringTest1000" />
    </UnitTest>
    <UnitTest name="FormatToStringTest1000 (65204.90483536055,65204.90 zł)" storage="c:\projekty\mstestproject\bin\debug\netcoreapp3.1\mstestproject.dll" id="bec50399-0b39-4a92-90a8-ac46c9d1fd75">
      <TestCategory>
        <TestCategoryItem TestCategory="Category1000" />
      </TestCategory>
      <Execution id="82c30b11-a9dc-4a8f-99aa-ed4b43720b45" />
      <TestMethod codeBase="C:\Projekty\MSTestProject\bin\Debug\netcoreapp3.1\MSTestProject.dll" adapterTypeName="executor://mstestadapter/v2" className="TwojeWesele.Services.Helpers.Tests.CurrencyHelperTests" name="FormatToStringTest1000" />
    </UnitTest>
    <UnitTest name="FormatToStringTest1000 (6417.5922460628635,6417.59 zł)" storage="c:\projekty\mstestproject\bin\debug\netcoreapp3.1\mstestproject.dll" id="648e8393-a6d1-488f-adf4-7319e2dca756">
      <TestCategory>
        <TestCategoryItem TestCategory="Category1000" />
      </TestCategory>
      <Execution id="41faac12-da75-4e51-b4f2-7e79335b6a03" />
      <TestMethod codeBase="C:\Projekty\MSTestProject\bin\Debug\netcoreapp3.1\MSTestProject.dll" adapterTypeName="executor://mstestadapter/v2" className="TwojeWesele.Services.Helpers.Tests.CurrencyHelperTests" name="FormatToStringTest1000" />
    </UnitTest>
    <UnitTest name="FormatToStringTest1000 (74851.91547305691,74851.92 zł)" storage="c:\projekty\mstestproject\bin\debug\netcoreapp3.1\mstestproject.dll" id="673ec862-5f00-4496-9607-756f338acaaa">
      <TestCategory>
        <TestCategoryItem TestCategory="Category1000" />
      </TestCategory>
      <Execution id="a0a7b54e-6ce7-4c81-9384-99d0b6c485f4" />
      <TestMethod codeBase="C:\Projekty\MSTestProject\bin\Debug\netcoreapp3.1\MSTestProject.dll" adapterTypeName="executor://mstestadapter/v2" className="TwojeWesele.Services.Helpers.Tests.CurrencyHelperTests" name="FormatToStringTest1000" />
    </UnitTest>
    <UnitTest name="FormatToStringTest1000 (3907.8681317963024,3907.87 zł)" storage="c:\projekty\mstestproject\bin\debug\netcoreapp3.1\mstestproject.dll" id="efc28623-1d0a-45d7-8343-df449d231947">
      <TestCategory>
        <TestCategoryItem TestCategory="Category1000" />
      </TestCategory>
      <Execution id="d590871f-3595-4847-b270-3b96702449b2" />
      <TestMethod codeBase="C:\Projekty\MSTestProject\bin\Debug\netcoreapp3.1\MSTestProject.dll" adapterTypeName="executor://mstestadapter/v2" className="TwojeWesele.Services.Helpers.Tests.CurrencyHelperTests" name="FormatToStringTest1000" />
    </UnitTest>
    <UnitTest name="FormatToStringTest1000 (8582.709131852587,8582.71 zł)" storage="c:\projekty\mstestproject\bin\debug\netcoreapp3.1\mstestproject.dll" id="979ef5a1-6a5a-465b-983b-194636e3a820">
      <TestCategory>
        <TestCategoryItem TestCategory="Category1000" />
      </TestCategory>
      <Execution id="69a917b8-eb6f-403e-aeb0-35afa530e91c" />
      <TestMethod codeBase="C:\Projekty\MSTestProject\bin\Debug\netcoreapp3.1\MSTestProject.dll" adapterTypeName="executor://mstestadapter/v2" className="TwojeWesele.Services.Helpers.Tests.CurrencyHelperTests" name="FormatToStringTest1000" />
    </UnitTest>
    <UnitTest name="FormatToStringTest1000 (3131.5022711732904,3131.50 zł)" storage="c:\projekty\mstestproject\bin\debug\netcoreapp3.1\mstestproject.dll" id="4b25a2ee-cf8f-4859-9535-5e0491c7fbe2">
      <TestCategory>
        <TestCategoryItem TestCategory="Category1000" />
      </TestCategory>
      <Execution id="6e7e89cb-7ee1-4eb5-a037-089c03cfe8a4" />
      <TestMethod codeBase="C:\Projekty\MSTestProject\bin\Debug\netcoreapp3.1\MSTestProject.dll" adapterTypeName="executor://mstestadapter/v2" className="TwojeWesele.Services.Helpers.Tests.CurrencyHelperTests" name="FormatToStringTest1000" />
    </UnitTest>
    <UnitTest name="FormatToStringTest1000 (47630.39193684067,47630.39 zł)" storage="c:\projekty\mstestproject\bin\debug\netcoreapp3.1\mstestproject.dll" id="47beb8df-764a-47f9-a475-c57696d1976e">
      <TestCategory>
        <TestCategoryItem TestCategory="Category1000" />
      </TestCategory>
      <Execution id="854fdf1d-29aa-4280-9c9e-c88ef25283ca" />
      <TestMethod codeBase="C:\Projekty\MSTestProject\bin\Debug\netcoreapp3.1\MSTestProject.dll" adapterTypeName="executor://mstestadapter/v2" className="TwojeWesele.Services.Helpers.Tests.CurrencyHelperTests" name="FormatToStringTest1000" />
    </UnitTest>
    <UnitTest name="FormatToStringTest1000 (67338.80028760935,67338.80 zł)" storage="c:\projekty\mstestproject\bin\debug\netcoreapp3.1\mstestproject.dll" id="59f210f4-31e2-4d16-bf93-bcf36e8d82b0">
      <TestCategory>
        <TestCategoryItem TestCategory="Category1000" />
      </TestCategory>
      <Execution id="ac2ef14a-48ed-4892-96e3-1d20b61e2f2c" />
      <TestMethod codeBase="C:\Projekty\MSTestProject\bin\Debug\netcoreapp3.1\MSTestProject.dll" adapterTypeName="executor://mstestadapter/v2" className="TwojeWesele.Services.Helpers.Tests.CurrencyHelperTests" name="FormatToStringTest1000" />
    </UnitTest>
    <UnitTest name="FormatToStringTest1000 (9517.514896326473,9517.51 zł)" storage="c:\projekty\mstestproject\bin\debug\netcoreapp3.1\mstestproject.dll" id="40abec62-30b3-4c66-847e-4a8cf36b97c9">
      <TestCategory>
        <TestCategoryItem TestCategory="Category1000" />
      </TestCategory>
      <Execution id="e182b97a-87ed-40ac-b681-19722c956f5b" />
      <TestMethod codeBase="C:\Projekty\MSTestProject\bin\Debug\netcoreapp3.1\MSTestProject.dll" adapterTypeName="executor://mstestadapter/v2" className="TwojeWesele.Services.Helpers.Tests.CurrencyHelperTests" name="FormatToStringTest1000" />
    </UnitTest>
    <UnitTest name="FormatToStringTest1000 (21281.64584727662,21281.65 zł)" storage="c:\projekty\mstestproject\bin\debug\netcoreapp3.1\mstestproject.dll" id="e93e8a9b-8d01-4a12-aa92-b79e10313837">
      <TestCategory>
        <TestCategoryItem TestCategory="Category1000" />
      </TestCategory>
      <Execution id="b8300110-ce73-4feb-a0f5-c9a1f323249b" />
      <TestMethod codeBase="C:\Projekty\MSTestProject\bin\Debug\netcoreapp3.1\MSTestProject.dll" adapterTypeName="executor://mstestadapter/v2" className="TwojeWesele.Services.Helpers.Tests.CurrencyHelperTests" name="FormatToStringTest1000" />
    </UnitTest>
    <UnitTest name="FormatToStringTest1000 (72659.37876478041,72659.38 zł)" storage="c:\projekty\mstestproject\bin\debug\netcoreapp3.1\mstestproject.dll" id="56bc093f-9265-48ef-8963-05d733018f04">
      <TestCategory>
        <TestCategoryItem TestCategory="Category1000" />
      </TestCategory>
      <Execution id="5b8547b5-49b2-4728-95f5-e55f5e4368d6" />
      <TestMethod codeBase="C:\Projekty\MSTestProject\bin\Debug\netcoreapp3.1\MSTestProject.dll" adapterTypeName="executor://mstestadapter/v2" className="TwojeWesele.Services.Helpers.Tests.CurrencyHelperTests" name="FormatToStringTest1000" />
    </UnitTest>
    <UnitTest name="FormatToStringTest1000 (29796.909338079815,29796.91 zł)" storage="c:\projekty\mstestproject\bin\debug\netcoreapp3.1\mstestproject.dll" id="6a72148d-b7dc-470a-8725-bd7ca2a7fe77">
      <TestCategory>
        <TestCategoryItem TestCategory="Category1000" />
      </TestCategory>
      <Execution id="5a758ad9-a519-4aac-88cc-d54d1aa1d3fc" />
      <TestMethod codeBase="C:\Projekty\MSTestProject\bin\Debug\netcoreapp3.1\MSTestProject.dll" adapterTypeName="executor://mstestadapter/v2" className="TwojeWesele.Services.Helpers.Tests.CurrencyHelperTests" name="FormatToStringTest1000" />
    </UnitTest>
    <UnitTest name="FormatToStringTest1000 (10914.360814625099,10914.36 zł)" storage="c:\projekty\mstestproject\bin\debug\netcoreapp3.1\mstestproject.dll" id="1d9fd834-be51-4eb3-9b65-5a0cfc623d00">
      <TestCategory>
        <TestCategoryItem TestCategory="Category1000" />
      </TestCategory>
      <Execution id="bf7d1465-2ad2-4cb7-bdb7-72778df6f847" />
      <TestMethod codeBase="C:\Projekty\MSTestProject\bin\Debug\netcoreapp3.1\MSTestProject.dll" adapterTypeName="executor://mstestadapter/v2" className="TwojeWesele.Services.Helpers.Tests.CurrencyHelperTests" name="FormatToStringTest1000" />
    </UnitTest>
    <UnitTest name="FormatToStringTest1000 (13455.521105358153,13455.52 zł)" storage="c:\projekty\mstestproject\bin\debug\netcoreapp3.1\mstestproject.dll" id="aafd7180-e8b4-4ef0-b8d4-059a92c9fe72">
      <TestCategory>
        <TestCategoryItem TestCategory="Category1000" />
      </TestCategory>
      <Execution id="1c8b8b80-1a35-41be-ac35-5a3949ec77b8" />
      <TestMethod codeBase="C:\Projekty\MSTestProject\bin\Debug\netcoreapp3.1\MSTestProject.dll" adapterTypeName="executor://mstestadapter/v2" className="TwojeWesele.Services.Helpers.Tests.CurrencyHelperTests" name="FormatToStringTest1000" />
    </UnitTest>
    <UnitTest name="FormatToStringTest1000 (24570.65594858893,24570.66 zł)" storage="c:\projekty\mstestproject\bin\debug\netcoreapp3.1\mstestproject.dll" id="dc8bdb50-fc0c-4b57-9e2b-5f326025e072">
      <TestCategory>
        <TestCategoryItem TestCategory="Category1000" />
      </TestCategory>
      <Execution id="02381df2-7e35-496b-b47f-ef13030a3708" />
      <TestMethod codeBase="C:\Projekty\MSTestProject\bin\Debug\netcoreapp3.1\MSTestProject.dll" adapterTypeName="executor://mstestadapter/v2" className="TwojeWesele.Services.Helpers.Tests.CurrencyHelperTests" name="FormatToStringTest1000" />
    </UnitTest>
    <UnitTest name="FormatToStringTest1000 (626.135364110179,626.14 zł)" storage="c:\projekty\mstestproject\bin\debug\netcoreapp3.1\mstestproject.dll" id="9e19f1fc-ab34-4d59-8bed-effd4b42b3f5">
      <TestCategory>
        <TestCategoryItem TestCategory="Category1000" />
      </TestCategory>
      <Execution id="bd796776-a511-48d3-927a-19e632c9995d" />
      <TestMethod codeBase="C:\Projekty\MSTestProject\bin\Debug\netcoreapp3.1\MSTestProject.dll" adapterTypeName="executor://mstestadapter/v2" className="TwojeWesele.Services.Helpers.Tests.CurrencyHelperTests" name="FormatToStringTest1000" />
    </UnitTest>
    <UnitTest name="FormatToStringTest1000 (1751.1734380625066,1751.17 zł)" storage="c:\projekty\mstestproject\bin\debug\netcoreapp3.1\mstestproject.dll" id="d5ba79d0-c188-444b-b480-1dae47bf360e">
      <TestCategory>
        <TestCategoryItem TestCategory="Category1000" />
      </TestCategory>
      <Execution id="ecfe9a32-6c1a-44e2-aefb-450fc26419c2" />
      <TestMethod codeBase="C:\Projekty\MSTestProject\bin\Debug\netcoreapp3.1\MSTestProject.dll" adapterTypeName="executor://mstestadapter/v2" className="TwojeWesele.Services.Helpers.Tests.CurrencyHelperTests" name="FormatToStringTest1000" />
    </UnitTest>
    <UnitTest name="FormatToStringTest1000 (4652.407073443945,4652.41 zł)" storage="c:\projekty\mstestproject\bin\debug\netcoreapp3.1\mstestproject.dll" id="e71a2729-da1c-4590-98ac-85f2b90be909">
      <TestCategory>
        <TestCategoryItem TestCategory="Category1000" />
      </TestCategory>
      <Execution id="1e2a8df4-228e-4299-b3c6-f11255994d7d" />
      <TestMethod codeBase="C:\Projekty\MSTestProject\bin\Debug\netcoreapp3.1\MSTestProject.dll" adapterTypeName="executor://mstestadapter/v2" className="TwojeWesele.Services.Helpers.Tests.CurrencyHelperTests" name="FormatToStringTest1000" />
    </UnitTest>
    <UnitTest name="FormatToStringTest1000 (238.1379397484185,238.14 zł)" storage="c:\projekty\mstestproject\bin\debug\netcoreapp3.1\mstestproject.dll" id="6ff09dfb-b1fe-4f0c-b7e5-aacf924b361c">
      <TestCategory>
        <TestCategoryItem TestCategory="Category1000" />
      </TestCategory>
      <Execution id="29ca5999-0cc7-4e58-bd46-fc35bab88706" />
      <TestMethod codeBase="C:\Projekty\MSTestProject\bin\Debug\netcoreapp3.1\MSTestProject.dll" adapterTypeName="executor://mstestadapter/v2" className="TwojeWesele.Services.Helpers.Tests.CurrencyHelperTests" name="FormatToStringTest1000" />
    </UnitTest>
    <UnitTest name="FormatToStringTest1000 (10857.521742201186,10857.52 zł)" storage="c:\projekty\mstestproject\bin\debug\netcoreapp3.1\mstestproject.dll" id="f010d9d5-fff1-4e71-9cdb-5d0caf7da034">
      <TestCategory>
        <TestCategoryItem TestCategory="Category1000" />
      </TestCategory>
      <Execution id="d602fbb0-9ad7-412e-ab8b-1e81245604f0" />
      <TestMethod codeBase="C:\Projekty\MSTestProject\bin\Debug\netcoreapp3.1\MSTestProject.dll" adapterTypeName="executor://mstestadapter/v2" className="TwojeWesele.Services.Helpers.Tests.CurrencyHelperTests" name="FormatToStringTest1000" />
    </UnitTest>
    <UnitTest name="FormatToStringTest1000 (22743.19734205827,22743.20 zł)" storage="c:\projekty\mstestproject\bin\debug\netcoreapp3.1\mstestproject.dll" id="37ecf31a-1bad-4990-a0ad-5d3d18ea9a74">
      <TestCategory>
        <TestCategoryItem TestCategory="Category1000" />
      </TestCategory>
      <Execution id="af0a4d6a-47ea-444f-8688-6824e7f3cd71" />
      <TestMethod codeBase="C:\Projekty\MSTestProject\bin\Debug\netcoreapp3.1\MSTestProject.dll" adapterTypeName="executor://mstestadapter/v2" className="TwojeWesele.Services.Helpers.Tests.CurrencyHelperTests" name="FormatToStringTest1000" />
    </UnitTest>
    <UnitTest name="FormatToStringTest1000 (36047.83545033672,36047.84 zł)" storage="c:\projekty\mstestproject\bin\debug\netcoreapp3.1\mstestproject.dll" id="5c7b99ea-6aa6-4337-9af7-700be5a1e41b">
      <TestCategory>
        <TestCategoryItem TestCategory="Category1000" />
      </TestCategory>
      <Execution id="453dc4fc-7268-48d5-a11f-814a316a881c" />
      <TestMethod codeBase="C:\Projekty\MSTestProject\bin\Debug\netcoreapp3.1\MSTestProject.dll" adapterTypeName="executor://mstestadapter/v2" className="TwojeWesele.Services.Helpers.Tests.CurrencyHelperTests" name="FormatToStringTest1000" />
    </UnitTest>
    <UnitTest name="FormatToStringTest1000 (51503.82905738234,51503.83 zł)" storage="c:\projekty\mstestproject\bin\debug\netcoreapp3.1\mstestproject.dll" id="382a9bee-01df-41dd-a307-763649465e23">
      <TestCategory>
        <TestCategoryItem TestCategory="Category1000" />
      </TestCategory>
      <Execution id="2efa803d-2503-464c-892b-bf41847e2e3b" />
      <TestMethod codeBase="C:\Projekty\MSTestProject\bin\Debug\netcoreapp3.1\MSTestProject.dll" adapterTypeName="executor://mstestadapter/v2" className="TwojeWesele.Services.Helpers.Tests.CurrencyHelperTests" name="FormatToStringTest1000" />
    </UnitTest>
    <UnitTest name="FormatToStringTest1000 (1568.615240217473,1568.62 zł)" storage="c:\projekty\mstestproject\bin\debug\netcoreapp3.1\mstestproject.dll" id="5ad521ba-4ff7-4eea-ba34-3623f1376c16">
      <TestCategory>
        <TestCategoryItem TestCategory="Category1000" />
      </TestCategory>
      <Execution id="202d5b5a-6bb5-43ef-9f6c-017846c9451a" />
      <TestMethod codeBase="C:\Projekty\MSTestProject\bin\Debug\netcoreapp3.1\MSTestProject.dll" adapterTypeName="executor://mstestadapter/v2" className="TwojeWesele.Services.Helpers.Tests.CurrencyHelperTests" name="FormatToStringTest1000" />
    </UnitTest>
    <UnitTest name="FormatToStringTest1000 (72802.68569213277,72802.69 zł)" storage="c:\projekty\mstestproject\bin\debug\netcoreapp3.1\mstestproject.dll" id="cb7b0268-92f8-45b5-a7ce-30a4032df69b">
      <TestCategory>
        <TestCategoryItem TestCategory="Category1000" />
      </TestCategory>
      <Execution id="bea8b61d-8d19-4266-b0ae-d7f496427265" />
      <TestMethod codeBase="C:\Projekty\MSTestProject\bin\Debug\netcoreapp3.1\MSTestProject.dll" adapterTypeName="executor://mstestadapter/v2" className="TwojeWesele.Services.Helpers.Tests.CurrencyHelperTests" name="FormatToStringTest1000" />
    </UnitTest>
    <UnitTest name="FormatToStringTest1000 (46166.38051381259,46166.38 zł)" storage="c:\projekty\mstestproject\bin\debug\netcoreapp3.1\mstestproject.dll" id="e68d94e3-1c8e-458d-8a7e-65dd07b9d4eb">
      <TestCategory>
        <TestCategoryItem TestCategory="Category1000" />
      </TestCategory>
      <Execution id="5f216770-4dc6-4654-a8f4-8186caee29da" />
      <TestMethod codeBase="C:\Projekty\MSTestProject\bin\Debug\netcoreapp3.1\MSTestProject.dll" adapterTypeName="executor://mstestadapter/v2" className="TwojeWesele.Services.Helpers.Tests.CurrencyHelperTests" name="FormatToStringTest1000" />
    </UnitTest>
    <UnitTest name="FormatToStringTest1000 (12641.700665183225,12641.70 zł)" storage="c:\projekty\mstestproject\bin\debug\netcoreapp3.1\mstestproject.dll" id="3ca912f1-c415-4dae-a55b-a3c8fcedc27d">
      <TestCategory>
        <TestCategoryItem TestCategory="Category1000" />
      </TestCategory>
      <Execution id="3fb83ad5-542a-4072-ae73-74b8f9c355ba" />
      <TestMethod codeBase="C:\Projekty\MSTestProject\bin\Debug\netcoreapp3.1\MSTestProject.dll" adapterTypeName="executor://mstestadapter/v2" className="TwojeWesele.Services.Helpers.Tests.CurrencyHelperTests" name="FormatToStringTest1000" />
    </UnitTest>
    <UnitTest name="FormatToStringTest1000 (10495.622655484185,10495.62 zł)" storage="c:\projekty\mstestproject\bin\debug\netcoreapp3.1\mstestproject.dll" id="6a5d7cd2-3dfc-442e-89a5-6f734e720e28">
      <TestCategory>
        <TestCategoryItem TestCategory="Category1000" />
      </TestCategory>
      <Execution id="c1d39f6e-5bd4-4f9c-962a-db79fabcefbc" />
      <TestMethod codeBase="C:\Projekty\MSTestProject\bin\Debug\netcoreapp3.1\MSTestProject.dll" adapterTypeName="executor://mstestadapter/v2" className="TwojeWesele.Services.Helpers.Tests.CurrencyHelperTests" name="FormatToStringTest1000" />
    </UnitTest>
    <UnitTest name="FormatToStringTest1000 (39314.52353688401,39314.52 zł)" storage="c:\projekty\mstestproject\bin\debug\netcoreapp3.1\mstestproject.dll" id="05173bd0-4878-44d7-971e-59600b131273">
      <TestCategory>
        <TestCategoryItem TestCategory="Category1000" />
      </TestCategory>
      <Execution id="cf9be98f-af10-4b36-8c00-d110072e1222" />
      <TestMethod codeBase="C:\Projekty\MSTestProject\bin\Debug\netcoreapp3.1\MSTestProject.dll" adapterTypeName="executor://mstestadapter/v2" className="TwojeWesele.Services.Helpers.Tests.CurrencyHelperTests" name="FormatToStringTest1000" />
    </UnitTest>
    <UnitTest name="FormatToStringTest1000 (23282.56178903047,23282.56 zł)" storage="c:\projekty\mstestproject\bin\debug\netcoreapp3.1\mstestproject.dll" id="b5e9c566-e92e-44ac-8039-a6e809c0601b">
      <TestCategory>
        <TestCategoryItem TestCategory="Category1000" />
      </TestCategory>
      <Execution id="57dee2f7-5b64-46a0-b332-2428d7ad6842" />
      <TestMethod codeBase="C:\Projekty\MSTestProject\bin\Debug\netcoreapp3.1\MSTestProject.dll" adapterTypeName="executor://mstestadapter/v2" className="TwojeWesele.Services.Helpers.Tests.CurrencyHelperTests" name="FormatToStringTest1000" />
    </UnitTest>
    <UnitTest name="FormatToStringTest1000 (6710.131197082871,6710.13 zł)" storage="c:\projekty\mstestproject\bin\debug\netcoreapp3.1\mstestproject.dll" id="b535c047-a9a3-40a1-8fd7-b4005bee4644">
      <TestCategory>
        <TestCategoryItem TestCategory="Category1000" />
      </TestCategory>
      <Execution id="687017f5-5bff-44d9-af8f-d0bcda931366" />
      <TestMethod codeBase="C:\Projekty\MSTestProject\bin\Debug\netcoreapp3.1\MSTestProject.dll" adapterTypeName="executor://mstestadapter/v2" className="TwojeWesele.Services.Helpers.Tests.CurrencyHelperTests" name="FormatToStringTest1000" />
    </UnitTest>
    <UnitTest name="FormatToStringTest1000 (2115.5076919884923,2115.51 zł)" storage="c:\projekty\mstestproject\bin\debug\netcoreapp3.1\mstestproject.dll" id="46f44090-91db-46e0-a7dc-8b1f0ca52b45">
      <TestCategory>
        <TestCategoryItem TestCategory="Category1000" />
      </TestCategory>
      <Execution id="ad41c3ce-f749-471c-9c85-c8f86f1b6798" />
      <TestMethod codeBase="C:\Projekty\MSTestProject\bin\Debug\netcoreapp3.1\MSTestProject.dll" adapterTypeName="executor://mstestadapter/v2" className="TwojeWesele.Services.Helpers.Tests.CurrencyHelperTests" name="FormatToStringTest1000" />
    </UnitTest>
    <UnitTest name="FormatToStringTest1000 (14003.84591249742,14003.85 zł)" storage="c:\projekty\mstestproject\bin\debug\netcoreapp3.1\mstestproject.dll" id="8af428f2-aac2-44bc-8ce7-7e05390728a1">
      <TestCategory>
        <TestCategoryItem TestCategory="Category1000" />
      </TestCategory>
      <Execution id="c5cbac7b-4c58-4e26-ab54-9858154c5c02" />
      <TestMethod codeBase="C:\Projekty\MSTestProject\bin\Debug\netcoreapp3.1\MSTestProject.dll" adapterTypeName="executor://mstestadapter/v2" className="TwojeWesele.Services.Helpers.Tests.CurrencyHelperTests" name="FormatToStringTest1000" />
    </UnitTest>
    <UnitTest name="FormatToStringTest1000 (7013.601812260971,7013.60 zł)" storage="c:\projekty\mstestproject\bin\debug\netcoreapp3.1\mstestproject.dll" id="e4739900-00ec-4721-9524-56e71422c4d4">
      <TestCategory>
        <TestCategoryItem TestCategory="Category1000" />
      </TestCategory>
      <Execution id="f306cd25-ae3b-47ee-a874-2259c6db4a94" />
      <TestMethod codeBase="C:\Projekty\MSTestProject\bin\Debug\netcoreapp3.1\MSTestProject.dll" adapterTypeName="executor://mstestadapter/v2" className="TwojeWesele.Services.Helpers.Tests.CurrencyHelperTests" name="FormatToStringTest1000" />
    </UnitTest>
    <UnitTest name="FormatToStringTest1000 (34084.19497795599,34084.19 zł)" storage="c:\projekty\mstestproject\bin\debug\netcoreapp3.1\mstestproject.dll" id="c1fadcf9-eb79-4f1b-b6c7-14807621203f">
      <TestCategory>
        <TestCategoryItem TestCategory="Category1000" />
      </TestCategory>
      <Execution id="784f0c80-6b32-4314-b730-39668ded79a6" />
      <TestMethod codeBase="C:\Projekty\MSTestProject\bin\Debug\netcoreapp3.1\MSTestProject.dll" adapterTypeName="executor://mstestadapter/v2" className="TwojeWesele.Services.Helpers.Tests.CurrencyHelperTests" name="FormatToStringTest1000" />
    </UnitTest>
    <UnitTest name="FormatToStringTest1000 (6276.389386365838,6276.39 zł)" storage="c:\projekty\mstestproject\bin\debug\netcoreapp3.1\mstestproject.dll" id="ec01640e-4ac0-4ecc-a516-795d555d105e">
      <TestCategory>
        <TestCategoryItem TestCategory="Category1000" />
      </TestCategory>
      <Execution id="9e88ccf6-64e1-4c36-a4ad-ed749809cc02" />
      <TestMethod codeBase="C:\Projekty\MSTestProject\bin\Debug\netcoreapp3.1\MSTestProject.dll" adapterTypeName="executor://mstestadapter/v2" className="TwojeWesele.Services.Helpers.Tests.CurrencyHelperTests" name="FormatToStringTest1000" />
    </UnitTest>
    <UnitTest name="FormatToStringTest1000 (28579.14698705503,28579.15 zł)" storage="c:\projekty\mstestproject\bin\debug\netcoreapp3.1\mstestproject.dll" id="d4e1b524-2979-4239-8ba1-0da42f2ad2ff">
      <TestCategory>
        <TestCategoryItem TestCategory="Category1000" />
      </TestCategory>
      <Execution id="37a39e98-640f-4794-8232-f7e20f6ef9be" />
      <TestMethod codeBase="C:\Projekty\MSTestProject\bin\Debug\netcoreapp3.1\MSTestProject.dll" adapterTypeName="executor://mstestadapter/v2" className="TwojeWesele.Services.Helpers.Tests.CurrencyHelperTests" name="FormatToStringTest1000" />
    </UnitTest>
    <UnitTest name="FormatToStringTest1000 (31315.40354898544,31315.40 zł)" storage="c:\projekty\mstestproject\bin\debug\netcoreapp3.1\mstestproject.dll" id="cd1f4757-8b20-4f46-af8e-a3fdc053cac2">
      <TestCategory>
        <TestCategoryItem TestCategory="Category1000" />
      </TestCategory>
      <Execution id="4ed2d028-d482-4784-a111-5d02b8d1fd25" />
      <TestMethod codeBase="C:\Projekty\MSTestProject\bin\Debug\netcoreapp3.1\MSTestProject.dll" adapterTypeName="executor://mstestadapter/v2" className="TwojeWesele.Services.Helpers.Tests.CurrencyHelperTests" name="FormatToStringTest1000" />
    </UnitTest>
    <UnitTest name="FormatToStringTest1000 (16037.01783290087,16037.02 zł)" storage="c:\projekty\mstestproject\bin\debug\netcoreapp3.1\mstestproject.dll" id="4113c035-e5a4-463e-83c3-8c83b16e257a">
      <TestCategory>
        <TestCategoryItem TestCategory="Category1000" />
      </TestCategory>
      <Execution id="fe547707-3ba0-48e9-bb16-e272839fd120" />
      <TestMethod codeBase="C:\Projekty\MSTestProject\bin\Debug\netcoreapp3.1\MSTestProject.dll" adapterTypeName="executor://mstestadapter/v2" className="TwojeWesele.Services.Helpers.Tests.CurrencyHelperTests" name="FormatToStringTest1000" />
    </UnitTest>
    <UnitTest name="FormatToStringTest1000 (17875.613377604455,17875.61 zł)" storage="c:\projekty\mstestproject\bin\debug\netcoreapp3.1\mstestproject.dll" id="fb469f89-3b08-4c87-8460-f90e21a3c383">
      <TestCategory>
        <TestCategoryItem TestCategory="Category1000" />
      </TestCategory>
      <Execution id="c4fb19ca-69dc-4c2d-b65b-d525c2901c8c" />
      <TestMethod codeBase="C:\Projekty\MSTestProject\bin\Debug\netcoreapp3.1\MSTestProject.dll" adapterTypeName="executor://mstestadapter/v2" className="TwojeWesele.Services.Helpers.Tests.CurrencyHelperTests" name="FormatToStringTest1000" />
    </UnitTest>
    <UnitTest name="FormatToStringTest1000 (64887.45559046951,64887.46 zł)" storage="c:\projekty\mstestproject\bin\debug\netcoreapp3.1\mstestproject.dll" id="8327aafe-abf7-4120-8737-bc77b95eeb90">
      <TestCategory>
        <TestCategoryItem TestCategory="Category1000" />
      </TestCategory>
      <Execution id="654216b7-2374-4914-b6ee-82112aa49600" />
      <TestMethod codeBase="C:\Projekty\MSTestProject\bin\Debug\netcoreapp3.1\MSTestProject.dll" adapterTypeName="executor://mstestadapter/v2" className="TwojeWesele.Services.Helpers.Tests.CurrencyHelperTests" name="FormatToStringTest1000" />
    </UnitTest>
    <UnitTest name="FormatToStringTest1000 (23789.556920184546,23789.56 zł)" storage="c:\projekty\mstestproject\bin\debug\netcoreapp3.1\mstestproject.dll" id="e2980adc-9be7-432c-be0f-e74ab211d40a">
      <TestCategory>
        <TestCategoryItem TestCategory="Category1000" />
      </TestCategory>
      <Execution id="e81e170c-9b63-4cb2-8074-acfe6ebd9d32" />
      <TestMethod codeBase="C:\Projekty\MSTestProject\bin\Debug\netcoreapp3.1\MSTestProject.dll" adapterTypeName="executor://mstestadapter/v2" className="TwojeWesele.Services.Helpers.Tests.CurrencyHelperTests" name="FormatToStringTest1000" />
    </UnitTest>
    <UnitTest name="FormatToStringTest1000 (39146.892120180135,39146.89 zł)" storage="c:\projekty\mstestproject\bin\debug\netcoreapp3.1\mstestproject.dll" id="11c87636-ece1-4ec3-8ee4-ca1c03e79f0a">
      <TestCategory>
        <TestCategoryItem TestCategory="Category1000" />
      </TestCategory>
      <Execution id="aecb6071-aa2c-48eb-ad7a-452751389070" />
      <TestMethod codeBase="C:\Projekty\MSTestProject\bin\Debug\netcoreapp3.1\MSTestProject.dll" adapterTypeName="executor://mstestadapter/v2" className="TwojeWesele.Services.Helpers.Tests.CurrencyHelperTests" name="FormatToStringTest1000" />
    </UnitTest>
    <UnitTest name="FormatToStringTest1000 (47672.66266041652,47672.66 zł)" storage="c:\projekty\mstestproject\bin\debug\netcoreapp3.1\mstestproject.dll" id="a24762cf-954c-446f-848e-c835f2c5b245">
      <TestCategory>
        <TestCategoryItem TestCategory="Category1000" />
      </TestCategory>
      <Execution id="65890fa8-e48b-445e-b720-249c713cff55" />
      <TestMethod codeBase="C:\Projekty\MSTestProject\bin\Debug\netcoreapp3.1\MSTestProject.dll" adapterTypeName="executor://mstestadapter/v2" className="TwojeWesele.Services.Helpers.Tests.CurrencyHelperTests" name="FormatToStringTest1000" />
    </UnitTest>
    <UnitTest name="FormatToStringTest1000 (31340.79231238914,31340.79 zł)" storage="c:\projekty\mstestproject\bin\debug\netcoreapp3.1\mstestproject.dll" id="a4b447d5-e8b9-4daa-88cc-fd9644e0c7bd">
      <TestCategory>
        <TestCategoryItem TestCategory="Category1000" />
      </TestCategory>
      <Execution id="de5b7289-3c60-443e-88d4-7d3922954731" />
      <TestMethod codeBase="C:\Projekty\MSTestProject\bin\Debug\netcoreapp3.1\MSTestProject.dll" adapterTypeName="executor://mstestadapter/v2" className="TwojeWesele.Services.Helpers.Tests.CurrencyHelperTests" name="FormatToStringTest1000" />
    </UnitTest>
    <UnitTest name="FormatToStringTest1000 (13508.811787825922,13508.81 zł)" storage="c:\projekty\mstestproject\bin\debug\netcoreapp3.1\mstestproject.dll" id="ae5994c4-f62d-43bb-a3a2-2305156e2d6a">
      <TestCategory>
        <TestCategoryItem TestCategory="Category1000" />
      </TestCategory>
      <Execution id="80a4a3ed-6aae-4dd5-b086-9f759ed1d8ab" />
      <TestMethod codeBase="C:\Projekty\MSTestProject\bin\Debug\netcoreapp3.1\MSTestProject.dll" adapterTypeName="executor://mstestadapter/v2" className="TwojeWesele.Services.Helpers.Tests.CurrencyHelperTests" name="FormatToStringTest1000" />
    </UnitTest>
    <UnitTest name="FormatToStringTest1000 (97129.75160633575,97129.75 zł)" storage="c:\projekty\mstestproject\bin\debug\netcoreapp3.1\mstestproject.dll" id="61dbbdc1-aab6-46aa-8a99-95a1d52607b4">
      <TestCategory>
        <TestCategoryItem TestCategory="Category1000" />
      </TestCategory>
      <Execution id="7ff6f708-1e0f-4da2-9f8a-44026cd4d7f7" />
      <TestMethod codeBase="C:\Projekty\MSTestProject\bin\Debug\netcoreapp3.1\MSTestProject.dll" adapterTypeName="executor://mstestadapter/v2" className="TwojeWesele.Services.Helpers.Tests.CurrencyHelperTests" name="FormatToStringTest1000" />
    </UnitTest>
    <UnitTest name="FormatToStringTest1000 (77904.0088552246,77904.01 zł)" storage="c:\projekty\mstestproject\bin\debug\netcoreapp3.1\mstestproject.dll" id="61a2e628-8e35-4385-8b2a-9f9f1b63ad04">
      <TestCategory>
        <TestCategoryItem TestCategory="Category1000" />
      </TestCategory>
      <Execution id="22fb7301-5020-4420-bed7-8249512a37cf" />
      <TestMethod codeBase="C:\Projekty\MSTestProject\bin\Debug\netcoreapp3.1\MSTestProject.dll" adapterTypeName="executor://mstestadapter/v2" className="TwojeWesele.Services.Helpers.Tests.CurrencyHelperTests" name="FormatToStringTest1000" />
    </UnitTest>
    <UnitTest name="FormatToStringTest1000 (28155.26504817664,28155.27 zł)" storage="c:\projekty\mstestproject\bin\debug\netcoreapp3.1\mstestproject.dll" id="87ffe4c7-1678-4ef5-ba8b-dbea14a1ea59">
      <TestCategory>
        <TestCategoryItem TestCategory="Category1000" />
      </TestCategory>
      <Execution id="de40cd45-f7c4-41a5-9c72-d5bdba56db19" />
      <TestMethod codeBase="C:\Projekty\MSTestProject\bin\Debug\netcoreapp3.1\MSTestProject.dll" adapterTypeName="executor://mstestadapter/v2" className="TwojeWesele.Services.Helpers.Tests.CurrencyHelperTests" name="FormatToStringTest1000" />
    </UnitTest>
    <UnitTest name="FormatToStringTest1000 (8347.417790138823,8347.42 zł)" storage="c:\projekty\mstestproject\bin\debug\netcoreapp3.1\mstestproject.dll" id="ed87f447-3ffc-4ce8-91dc-ba91456db744">
      <TestCategory>
        <TestCategoryItem TestCategory="Category1000" />
      </TestCategory>
      <Execution id="bdab658c-17c7-4681-b90e-776d2df5ba0d" />
      <TestMethod codeBase="C:\Projekty\MSTestProject\bin\Debug\netcoreapp3.1\MSTestProject.dll" adapterTypeName="executor://mstestadapter/v2" className="TwojeWesele.Services.Helpers.Tests.CurrencyHelperTests" name="FormatToStringTest1000" />
    </UnitTest>
    <UnitTest name="FormatToStringTest1000 (47964.941885361884,47964.94 zł)" storage="c:\projekty\mstestproject\bin\debug\netcoreapp3.1\mstestproject.dll" id="7e2981fc-deaf-49e8-bed6-6a27d93a2c83">
      <TestCategory>
        <TestCategoryItem TestCategory="Category1000" />
      </TestCategory>
      <Execution id="8615a464-0b5a-4bf0-8b4d-6b01bac14a8f" />
      <TestMethod codeBase="C:\Projekty\MSTestProject\bin\Debug\netcoreapp3.1\MSTestProject.dll" adapterTypeName="executor://mstestadapter/v2" className="TwojeWesele.Services.Helpers.Tests.CurrencyHelperTests" name="FormatToStringTest1000" />
    </UnitTest>
    <UnitTest name="FormatToStringTest1000 (46391.661094229516,46391.66 zł)" storage="c:\projekty\mstestproject\bin\debug\netcoreapp3.1\mstestproject.dll" id="5d185915-ab39-4600-b09d-7653b1ea6747">
      <TestCategory>
        <TestCategoryItem TestCategory="Category1000" />
      </TestCategory>
      <Execution id="56d8beb4-8bc8-4af0-b1b9-2a765364759a" />
      <TestMethod codeBase="C:\Projekty\MSTestProject\bin\Debug\netcoreapp3.1\MSTestProject.dll" adapterTypeName="executor://mstestadapter/v2" className="TwojeWesele.Services.Helpers.Tests.CurrencyHelperTests" name="FormatToStringTest1000" />
    </UnitTest>
    <UnitTest name="FormatToStringTest1000 (14712.754747761765,14712.75 zł)" storage="c:\projekty\mstestproject\bin\debug\netcoreapp3.1\mstestproject.dll" id="d09142b4-c9c1-42ad-9e34-72a5873be667">
      <TestCategory>
        <TestCategoryItem TestCategory="Category1000" />
      </TestCategory>
      <Execution id="ae48507c-dd7a-4ab3-b14e-8b3929541f84" />
      <TestMethod codeBase="C:\Projekty\MSTestProject\bin\Debug\netcoreapp3.1\MSTestProject.dll" adapterTypeName="executor://mstestadapter/v2" className="TwojeWesele.Services.Helpers.Tests.CurrencyHelperTests" name="FormatToStringTest1000" />
    </UnitTest>
    <UnitTest name="FormatToStringTest1000 (70581.91150977784,70581.91 zł)" storage="c:\projekty\mstestproject\bin\debug\netcoreapp3.1\mstestproject.dll" id="fe314aac-60a5-472a-a45c-6005c532d32a">
      <TestCategory>
        <TestCategoryItem TestCategory="Category1000" />
      </TestCategory>
      <Execution id="a8a4ba55-e5f8-428b-8775-f4cb39777093" />
      <TestMethod codeBase="C:\Projekty\MSTestProject\bin\Debug\netcoreapp3.1\MSTestProject.dll" adapterTypeName="executor://mstestadapter/v2" className="TwojeWesele.Services.Helpers.Tests.CurrencyHelperTests" name="FormatToStringTest1000" />
    </UnitTest>
    <UnitTest name="FormatToStringTest1000 (20116.958341299072,20116.96 zł)" storage="c:\projekty\mstestproject\bin\debug\netcoreapp3.1\mstestproject.dll" id="8090cc1e-054d-4a2c-8f3a-f84ca027d2f9">
      <TestCategory>
        <TestCategoryItem TestCategory="Category1000" />
      </TestCategory>
      <Execution id="568ad3cb-00e5-48fb-864d-d628c31b3c14" />
      <TestMethod codeBase="C:\Projekty\MSTestProject\bin\Debug\netcoreapp3.1\MSTestProject.dll" adapterTypeName="executor://mstestadapter/v2" className="TwojeWesele.Services.Helpers.Tests.CurrencyHelperTests" name="FormatToStringTest1000" />
    </UnitTest>
    <UnitTest name="FormatToStringTest1000 (2975.6892256134606,2975.69 zł)" storage="c:\projekty\mstestproject\bin\debug\netcoreapp3.1\mstestproject.dll" id="40d0ac02-1eaf-4bbb-9c16-5f0004a47aae">
      <TestCategory>
        <TestCategoryItem TestCategory="Category1000" />
      </TestCategory>
      <Execution id="96a4d539-547f-4490-ac99-a90609230933" />
      <TestMethod codeBase="C:\Projekty\MSTestProject\bin\Debug\netcoreapp3.1\MSTestProject.dll" adapterTypeName="executor://mstestadapter/v2" className="TwojeWesele.Services.Helpers.Tests.CurrencyHelperTests" name="FormatToStringTest1000" />
    </UnitTest>
    <UnitTest name="FormatToStringTest1000 (18340.8953197882,18340.90 zł)" storage="c:\projekty\mstestproject\bin\debug\netcoreapp3.1\mstestproject.dll" id="a27f701c-c26d-4572-afa1-bdc2876bac22">
      <TestCategory>
        <TestCategoryItem TestCategory="Category1000" />
      </TestCategory>
      <Execution id="5bb76aba-437d-4308-bfb6-51ea0c13bbf0" />
      <TestMethod codeBase="C:\Projekty\MSTestProject\bin\Debug\netcoreapp3.1\MSTestProject.dll" adapterTypeName="executor://mstestadapter/v2" className="TwojeWesele.Services.Helpers.Tests.CurrencyHelperTests" name="FormatToStringTest1000" />
    </UnitTest>
    <UnitTest name="FormatToStringTest1000 (32732.81915128502,32732.82 zł)" storage="c:\projekty\mstestproject\bin\debug\netcoreapp3.1\mstestproject.dll" id="49939f96-e73d-4d31-bc13-b94d5a7e505b">
      <TestCategory>
        <TestCategoryItem TestCategory="Category1000" />
      </TestCategory>
      <Execution id="4b76e675-79bc-468e-ad78-42c60e45a098" />
      <TestMethod codeBase="C:\Projekty\MSTestProject\bin\Debug\netcoreapp3.1\MSTestProject.dll" adapterTypeName="executor://mstestadapter/v2" className="TwojeWesele.Services.Helpers.Tests.CurrencyHelperTests" name="FormatToStringTest1000" />
    </UnitTest>
    <UnitTest name="FormatToStringTest1000 (32262.93788198984,32262.94 zł)" storage="c:\projekty\mstestproject\bin\debug\netcoreapp3.1\mstestproject.dll" id="bd8a7473-de50-4b79-b65b-dd1c325a0cfb">
      <TestCategory>
        <TestCategoryItem TestCategory="Category1000" />
      </TestCategory>
      <Execution id="ad1fc15c-73d4-4092-aa0a-47e3e996b154" />
      <TestMethod codeBase="C:\Projekty\MSTestProject\bin\Debug\netcoreapp3.1\MSTestProject.dll" adapterTypeName="executor://mstestadapter/v2" className="TwojeWesele.Services.Helpers.Tests.CurrencyHelperTests" name="FormatToStringTest1000" />
    </UnitTest>
    <UnitTest name="FormatToStringTest1000 (19933.78650940945,19933.79 zł)" storage="c:\projekty\mstestproject\bin\debug\netcoreapp3.1\mstestproject.dll" id="d812ee77-9bab-4acb-bc9c-4aaf3d8471c0">
      <TestCategory>
        <TestCategoryItem TestCategory="Category1000" />
      </TestCategory>
      <Execution id="a502e661-60be-4139-97c1-93d07c7ddbb4" />
      <TestMethod codeBase="C:\Projekty\MSTestProject\bin\Debug\netcoreapp3.1\MSTestProject.dll" adapterTypeName="executor://mstestadapter/v2" className="TwojeWesele.Services.Helpers.Tests.CurrencyHelperTests" name="FormatToStringTest1000" />
    </UnitTest>
    <UnitTest name="FormatToStringTest1000 (2166.4103293970275,2166.41 zł)" storage="c:\projekty\mstestproject\bin\debug\netcoreapp3.1\mstestproject.dll" id="daff2426-a709-400c-abd6-51d9ad8d41e8">
      <TestCategory>
        <TestCategoryItem TestCategory="Category1000" />
      </TestCategory>
      <Execution id="1124ded7-ef98-427f-94ff-8fbbb309c813" />
      <TestMethod codeBase="C:\Projekty\MSTestProject\bin\Debug\netcoreapp3.1\MSTestProject.dll" adapterTypeName="executor://mstestadapter/v2" className="TwojeWesele.Services.Helpers.Tests.CurrencyHelperTests" name="FormatToStringTest1000" />
    </UnitTest>
    <UnitTest name="FormatToStringTest1000 (52858.048916166204,52858.05 zł)" storage="c:\projekty\mstestproject\bin\debug\netcoreapp3.1\mstestproject.dll" id="9e4cd085-7153-43d1-9b64-841fd7491d57">
      <TestCategory>
        <TestCategoryItem TestCategory="Category1000" />
      </TestCategory>
      <Execution id="436c553d-7120-416e-81c3-35f3c45a8085" />
      <TestMethod codeBase="C:\Projekty\MSTestProject\bin\Debug\netcoreapp3.1\MSTestProject.dll" adapterTypeName="executor://mstestadapter/v2" className="TwojeWesele.Services.Helpers.Tests.CurrencyHelperTests" name="FormatToStringTest1000" />
    </UnitTest>
    <UnitTest name="FormatToStringTest1000 (19006.315459580772,19006.32 zł)" storage="c:\projekty\mstestproject\bin\debug\netcoreapp3.1\mstestproject.dll" id="9ded3bf6-3950-40fd-b043-70a2387a51dc">
      <TestCategory>
        <TestCategoryItem TestCategory="Category1000" />
      </TestCategory>
      <Execution id="cb390a51-2412-4d34-b43d-671395b0fca6" />
      <TestMethod codeBase="C:\Projekty\MSTestProject\bin\Debug\netcoreapp3.1\MSTestProject.dll" adapterTypeName="executor://mstestadapter/v2" className="TwojeWesele.Services.Helpers.Tests.CurrencyHelperTests" name="FormatToStringTest1000" />
    </UnitTest>
    <UnitTest name="FormatToStringTest1000 (9628.688698104437,9628.69 zł)" storage="c:\projekty\mstestproject\bin\debug\netcoreapp3.1\mstestproject.dll" id="73489fc3-c68b-4b53-b18f-323f9b26d5f6">
      <TestCategory>
        <TestCategoryItem TestCategory="Category1000" />
      </TestCategory>
      <Execution id="abc99dd5-a6f8-4a16-9da6-2ccc8fa0a1d7" />
      <TestMethod codeBase="C:\Projekty\MSTestProject\bin\Debug\netcoreapp3.1\MSTestProject.dll" adapterTypeName="executor://mstestadapter/v2" className="TwojeWesele.Services.Helpers.Tests.CurrencyHelperTests" name="FormatToStringTest1000" />
    </UnitTest>
    <UnitTest name="FormatToStringTest1000 (38076.55319665165,38076.55 zł)" storage="c:\projekty\mstestproject\bin\debug\netcoreapp3.1\mstestproject.dll" id="8d7db312-6831-4f45-8f95-e05220218b4a">
      <TestCategory>
        <TestCategoryItem TestCategory="Category1000" />
      </TestCategory>
      <Execution id="2317845d-befc-4f7d-831f-aea7b1993211" />
      <TestMethod codeBase="C:\Projekty\MSTestProject\bin\Debug\netcoreapp3.1\MSTestProject.dll" adapterTypeName="executor://mstestadapter/v2" className="TwojeWesele.Services.Helpers.Tests.CurrencyHelperTests" name="FormatToStringTest1000" />
    </UnitTest>
    <UnitTest name="FormatToStringTest1000 (9196.579612724754,9196.58 zł)" storage="c:\projekty\mstestproject\bin\debug\netcoreapp3.1\mstestproject.dll" id="09644c89-25d6-4174-8986-07d911c82283">
      <TestCategory>
        <TestCategoryItem TestCategory="Category1000" />
      </TestCategory>
      <Execution id="efa00617-b0a5-4808-b07b-b8a80765c557" />
      <TestMethod codeBase="C:\Projekty\MSTestProject\bin\Debug\netcoreapp3.1\MSTestProject.dll" adapterTypeName="executor://mstestadapter/v2" className="TwojeWesele.Services.Helpers.Tests.CurrencyHelperTests" name="FormatToStringTest1000" />
    </UnitTest>
    <UnitTest name="FormatToStringTest1000 (7191.024921368353,7191.02 zł)" storage="c:\projekty\mstestproject\bin\debug\netcoreapp3.1\mstestproject.dll" id="dccdfae7-5782-4e77-9f7a-8f68aba561c0">
      <TestCategory>
        <TestCategoryItem TestCategory="Category1000" />
      </TestCategory>
      <Execution id="d8680d0b-e2be-406b-b7d8-cebb118871d8" />
      <TestMethod codeBase="C:\Projekty\MSTestProject\bin\Debug\netcoreapp3.1\MSTestProject.dll" adapterTypeName="executor://mstestadapter/v2" className="TwojeWesele.Services.Helpers.Tests.CurrencyHelperTests" name="FormatToStringTest1000" />
    </UnitTest>
    <UnitTest name="FormatToStringTest1000 (8499.121443388574,8499.12 zł)" storage="c:\projekty\mstestproject\bin\debug\netcoreapp3.1\mstestproject.dll" id="34cb9e40-e847-4a43-bf42-d52d95f0a591">
      <TestCategory>
        <TestCategoryItem TestCategory="Category1000" />
      </TestCategory>
      <Execution id="94dca054-4705-4e9e-ae23-3ed44a8898e1" />
      <TestMethod codeBase="C:\Projekty\MSTestProject\bin\Debug\netcoreapp3.1\MSTestProject.dll" adapterTypeName="executor://mstestadapter/v2" className="TwojeWesele.Services.Helpers.Tests.CurrencyHelperTests" name="FormatToStringTest1000" />
    </UnitTest>
    <UnitTest name="FormatToStringTest1000 (18424.864078561244,18424.86 zł)" storage="c:\projekty\mstestproject\bin\debug\netcoreapp3.1\mstestproject.dll" id="5d2e5a3a-ef13-4309-9528-4fa196a66e67">
      <TestCategory>
        <TestCategoryItem TestCategory="Category1000" />
      </TestCategory>
      <Execution id="3c40a9a6-5f11-486f-9c7a-635e0bec57ec" />
      <TestMethod codeBase="C:\Projekty\MSTestProject\bin\Debug\netcoreapp3.1\MSTestProject.dll" adapterTypeName="executor://mstestadapter/v2" className="TwojeWesele.Services.Helpers.Tests.CurrencyHelperTests" name="FormatToStringTest1000" />
    </UnitTest>
    <UnitTest name="FormatToStringTest1000 (37.631227987646696,37.63 zł)" storage="c:\projekty\mstestproject\bin\debug\netcoreapp3.1\mstestproject.dll" id="693d336e-a6c0-4b13-ad3e-b9d9a58e23de">
      <TestCategory>
        <TestCategoryItem TestCategory="Category1000" />
      </TestCategory>
      <Execution id="3c8e121f-222c-4254-9b42-5a4506a41850" />
      <TestMethod codeBase="C:\Projekty\MSTestProject\bin\Debug\netcoreapp3.1\MSTestProject.dll" adapterTypeName="executor://mstestadapter/v2" className="TwojeWesele.Services.Helpers.Tests.CurrencyHelperTests" name="FormatToStringTest1000" />
    </UnitTest>
    <UnitTest name="FormatToStringTest1000 (7891.960478953067,7891.96 zł)" storage="c:\projekty\mstestproject\bin\debug\netcoreapp3.1\mstestproject.dll" id="46cc98b9-394b-4dba-8556-2e81d0846c35">
      <TestCategory>
        <TestCategoryItem TestCategory="Category1000" />
      </TestCategory>
      <Execution id="24af2745-c4df-4460-9ade-a314c4097ef6" />
      <TestMethod codeBase="C:\Projekty\MSTestProject\bin\Debug\netcoreapp3.1\MSTestProject.dll" adapterTypeName="executor://mstestadapter/v2" className="TwojeWesele.Services.Helpers.Tests.CurrencyHelperTests" name="FormatToStringTest1000" />
    </UnitTest>
    <UnitTest name="FormatToStringTest1000 (9634.398811461124,9634.40 zł)" storage="c:\projekty\mstestproject\bin\debug\netcoreapp3.1\mstestproject.dll" id="b3aa2a32-ca75-4aa3-9f11-2e74e609044f">
      <TestCategory>
        <TestCategoryItem TestCategory="Category1000" />
      </TestCategory>
      <Execution id="03d9d1e9-f791-44e1-bdba-3c82c0b9df86" />
      <TestMethod codeBase="C:\Projekty\MSTestProject\bin\Debug\netcoreapp3.1\MSTestProject.dll" adapterTypeName="executor://mstestadapter/v2" className="TwojeWesele.Services.Helpers.Tests.CurrencyHelperTests" name="FormatToStringTest1000" />
    </UnitTest>
    <UnitTest name="FormatToStringTest1000 (1313.0279238368514,1313.03 zł)" storage="c:\projekty\mstestproject\bin\debug\netcoreapp3.1\mstestproject.dll" id="1307b092-3f8a-4662-bb09-fea30b7186db">
      <TestCategory>
        <TestCategoryItem TestCategory="Category1000" />
      </TestCategory>
      <Execution id="4b7f43e4-920f-490d-880e-2e8ea0d7cbb1" />
      <TestMethod codeBase="C:\Projekty\MSTestProject\bin\Debug\netcoreapp3.1\MSTestProject.dll" adapterTypeName="executor://mstestadapter/v2" className="TwojeWesele.Services.Helpers.Tests.CurrencyHelperTests" name="FormatToStringTest1000" />
    </UnitTest>
    <UnitTest name="FormatToStringTest1000 (64124.274503948756,64124.27 zł)" storage="c:\projekty\mstestproject\bin\debug\netcoreapp3.1\mstestproject.dll" id="e1af7904-aa46-46a5-bed0-d95762a58273">
      <TestCategory>
        <TestCategoryItem TestCategory="Category1000" />
      </TestCategory>
      <Execution id="34b44701-0247-4ae1-aa35-c630b819c3be" />
      <TestMethod codeBase="C:\Projekty\MSTestProject\bin\Debug\netcoreapp3.1\MSTestProject.dll" adapterTypeName="executor://mstestadapter/v2" className="TwojeWesele.Services.Helpers.Tests.CurrencyHelperTests" name="FormatToStringTest1000" />
    </UnitTest>
    <UnitTest name="FormatToStringTest1000 (78519.41691976106,78519.42 zł)" storage="c:\projekty\mstestproject\bin\debug\netcoreapp3.1\mstestproject.dll" id="089d6899-6705-4e15-b270-0d238be9fe56">
      <TestCategory>
        <TestCategoryItem TestCategory="Category1000" />
      </TestCategory>
      <Execution id="527cd9e5-9ab4-43ab-bb81-a9d2f63103be" />
      <TestMethod codeBase="C:\Projekty\MSTestProject\bin\Debug\netcoreapp3.1\MSTestProject.dll" adapterTypeName="executor://mstestadapter/v2" className="TwojeWesele.Services.Helpers.Tests.CurrencyHelperTests" name="FormatToStringTest1000" />
    </UnitTest>
    <UnitTest name="FormatToStringTest1000 (26162.532683261918,26162.53 zł)" storage="c:\projekty\mstestproject\bin\debug\netcoreapp3.1\mstestproject.dll" id="41b8ae5e-99e8-4d51-9675-f7fc157bc215">
      <TestCategory>
        <TestCategoryItem TestCategory="Category1000" />
      </TestCategory>
      <Execution id="2955835d-7c22-4fe3-b6a9-1879b278c57f" />
      <TestMethod codeBase="C:\Projekty\MSTestProject\bin\Debug\netcoreapp3.1\MSTestProject.dll" adapterTypeName="executor://mstestadapter/v2" className="TwojeWesele.Services.Helpers.Tests.CurrencyHelperTests" name="FormatToStringTest1000" />
    </UnitTest>
    <UnitTest name="FormatToStringTest1000 (726.8087564975995,726.81 zł)" storage="c:\projekty\mstestproject\bin\debug\netcoreapp3.1\mstestproject.dll" id="66d79fc3-d672-4669-9dbc-fd9aba2c3ef2">
      <TestCategory>
        <TestCategoryItem TestCategory="Category1000" />
      </TestCategory>
      <Execution id="f79d7d36-f09b-418e-baa1-e34512c64628" />
      <TestMethod codeBase="C:\Projekty\MSTestProject\bin\Debug\netcoreapp3.1\MSTestProject.dll" adapterTypeName="executor://mstestadapter/v2" className="TwojeWesele.Services.Helpers.Tests.CurrencyHelperTests" name="FormatToStringTest1000" />
    </UnitTest>
    <UnitTest name="FormatToStringTest1000 (20482.32969107308,20482.33 zł)" storage="c:\projekty\mstestproject\bin\debug\netcoreapp3.1\mstestproject.dll" id="4e8fd5e3-af5f-42ae-aa01-a4c83a202043">
      <TestCategory>
        <TestCategoryItem TestCategory="Category1000" />
      </TestCategory>
      <Execution id="b3078b9f-d4a3-415a-9437-3e093e8ea076" />
      <TestMethod codeBase="C:\Projekty\MSTestProject\bin\Debug\netcoreapp3.1\MSTestProject.dll" adapterTypeName="executor://mstestadapter/v2" className="TwojeWesele.Services.Helpers.Tests.CurrencyHelperTests" name="FormatToStringTest1000" />
    </UnitTest>
    <UnitTest name="FormatToStringTest1000 (9928.477822322622,9928.48 zł)" storage="c:\projekty\mstestproject\bin\debug\netcoreapp3.1\mstestproject.dll" id="9eea985d-caff-4139-82d3-674db4b94be1">
      <TestCategory>
        <TestCategoryItem TestCategory="Category1000" />
      </TestCategory>
      <Execution id="c1977c6a-6923-4c02-b3a1-bf243ed0fb2b" />
      <TestMethod codeBase="C:\Projekty\MSTestProject\bin\Debug\netcoreapp3.1\MSTestProject.dll" adapterTypeName="executor://mstestadapter/v2" className="TwojeWesele.Services.Helpers.Tests.CurrencyHelperTests" name="FormatToStringTest1000" />
    </UnitTest>
    <UnitTest name="FormatToStringTest1000 (50585.83664522778,50585.84 zł)" storage="c:\projekty\mstestproject\bin\debug\netcoreapp3.1\mstestproject.dll" id="9dfda686-80db-4792-add4-b5d03bbf8d3b">
      <TestCategory>
        <TestCategoryItem TestCategory="Category1000" />
      </TestCategory>
      <Execution id="3e6bc292-0af8-483e-b6ea-bdb83b6b3661" />
      <TestMethod codeBase="C:\Projekty\MSTestProject\bin\Debug\netcoreapp3.1\MSTestProject.dll" adapterTypeName="executor://mstestadapter/v2" className="TwojeWesele.Services.Helpers.Tests.CurrencyHelperTests" name="FormatToStringTest1000" />
    </UnitTest>
    <UnitTest name="FormatToStringTest1000 (22189.78731674132,22189.79 zł)" storage="c:\projekty\mstestproject\bin\debug\netcoreapp3.1\mstestproject.dll" id="8c434e17-d57e-4c24-99af-1186ea363c4e">
      <TestCategory>
        <TestCategoryItem TestCategory="Category1000" />
      </TestCategory>
      <Execution id="193a1dec-4ccc-40f4-aa8a-a82801cf825a" />
      <TestMethod codeBase="C:\Projekty\MSTestProject\bin\Debug\netcoreapp3.1\MSTestProject.dll" adapterTypeName="executor://mstestadapter/v2" className="TwojeWesele.Services.Helpers.Tests.CurrencyHelperTests" name="FormatToStringTest1000" />
    </UnitTest>
    <UnitTest name="FormatToStringTest1000 (59919.71489415491,59919.71 zł)" storage="c:\projekty\mstestproject\bin\debug\netcoreapp3.1\mstestproject.dll" id="222f828c-a6ae-4ecb-ab4c-8e96613edfbf">
      <TestCategory>
        <TestCategoryItem TestCategory="Category1000" />
      </TestCategory>
      <Execution id="f7e31db8-6369-42ab-854d-bc9d273b529c" />
      <TestMethod codeBase="C:\Projekty\MSTestProject\bin\Debug\netcoreapp3.1\MSTestProject.dll" adapterTypeName="executor://mstestadapter/v2" className="TwojeWesele.Services.Helpers.Tests.CurrencyHelperTests" name="FormatToStringTest1000" />
    </UnitTest>
    <UnitTest name="FormatToStringTest1000 (5022.470719070859,5022.47 zł)" storage="c:\projekty\mstestproject\bin\debug\netcoreapp3.1\mstestproject.dll" id="33166c83-da34-4963-80bf-93d654328eab">
      <TestCategory>
        <TestCategoryItem TestCategory="Category1000" />
      </TestCategory>
      <Execution id="9d8ae59d-ae7a-42d0-a626-b7af6a56679f" />
      <TestMethod codeBase="C:\Projekty\MSTestProject\bin\Debug\netcoreapp3.1\MSTestProject.dll" adapterTypeName="executor://mstestadapter/v2" className="TwojeWesele.Services.Helpers.Tests.CurrencyHelperTests" name="FormatToStringTest1000" />
    </UnitTest>
    <UnitTest name="FormatToStringTest1000 (7569.605888796322,7569.61 zł)" storage="c:\projekty\mstestproject\bin\debug\netcoreapp3.1\mstestproject.dll" id="d604f1bc-8ba2-4de6-acd3-09298cf23f70">
      <TestCategory>
        <TestCategoryItem TestCategory="Category1000" />
      </TestCategory>
      <Execution id="ad9027a8-329b-4cbf-b84a-0d326026ea20" />
      <TestMethod codeBase="C:\Projekty\MSTestProject\bin\Debug\netcoreapp3.1\MSTestProject.dll" adapterTypeName="executor://mstestadapter/v2" className="TwojeWesele.Services.Helpers.Tests.CurrencyHelperTests" name="FormatToStringTest1000" />
    </UnitTest>
    <UnitTest name="FormatToStringTest1000 (8644.187977380207,8644.19 zł)" storage="c:\projekty\mstestproject\bin\debug\netcoreapp3.1\mstestproject.dll" id="204b7f97-8dd4-478c-9082-ec48bb8b62d3">
      <TestCategory>
        <TestCategoryItem TestCategory="Category1000" />
      </TestCategory>
      <Execution id="34faeace-6b2d-4ba4-a9e9-9ed51c66a48c" />
      <TestMethod codeBase="C:\Projekty\MSTestProject\bin\Debug\netcoreapp3.1\MSTestProject.dll" adapterTypeName="executor://mstestadapter/v2" className="TwojeWesele.Services.Helpers.Tests.CurrencyHelperTests" name="FormatToStringTest1000" />
    </UnitTest>
    <UnitTest name="FormatToStringTest1000 (73504.44700518598,73504.45 zł)" storage="c:\projekty\mstestproject\bin\debug\netcoreapp3.1\mstestproject.dll" id="966ee532-d79c-4d15-871b-10013f959fd0">
      <TestCategory>
        <TestCategoryItem TestCategory="Category1000" />
      </TestCategory>
      <Execution id="b6f761b3-8c12-4f39-a689-136c43d4ae13" />
      <TestMethod codeBase="C:\Projekty\MSTestProject\bin\Debug\netcoreapp3.1\MSTestProject.dll" adapterTypeName="executor://mstestadapter/v2" className="TwojeWesele.Services.Helpers.Tests.CurrencyHelperTests" name="FormatToStringTest1000" />
    </UnitTest>
    <UnitTest name="FormatToStringTest1000 (2883.637133003975,2883.64 zł)" storage="c:\projekty\mstestproject\bin\debug\netcoreapp3.1\mstestproject.dll" id="b2dddcd8-5f0b-47e8-91e4-b1605e1943dd">
      <TestCategory>
        <TestCategoryItem TestCategory="Category1000" />
      </TestCategory>
      <Execution id="e56a5869-07de-42b3-88aa-2aaeeeead08b" />
      <TestMethod codeBase="C:\Projekty\MSTestProject\bin\Debug\netcoreapp3.1\MSTestProject.dll" adapterTypeName="executor://mstestadapter/v2" className="TwojeWesele.Services.Helpers.Tests.CurrencyHelperTests" name="FormatToStringTest1000" />
    </UnitTest>
    <UnitTest name="FormatToStringTest1000 (12903.541202012237,12903.54 zł)" storage="c:\projekty\mstestproject\bin\debug\netcoreapp3.1\mstestproject.dll" id="c0f448f2-96c0-4735-9119-12f0f84b1c6e">
      <TestCategory>
        <TestCategoryItem TestCategory="Category1000" />
      </TestCategory>
      <Execution id="4781e939-f743-44ae-8f68-8aea58196006" />
      <TestMethod codeBase="C:\Projekty\MSTestProject\bin\Debug\netcoreapp3.1\MSTestProject.dll" adapterTypeName="executor://mstestadapter/v2" className="TwojeWesele.Services.Helpers.Tests.CurrencyHelperTests" name="FormatToStringTest1000" />
    </UnitTest>
    <UnitTest name="FormatToStringTest1000 (4116.417580192638,4116.42 zł)" storage="c:\projekty\mstestproject\bin\debug\netcoreapp3.1\mstestproject.dll" id="101a3c76-1149-4670-ba26-a650f74d264c">
      <TestCategory>
        <TestCategoryItem TestCategory="Category1000" />
      </TestCategory>
      <Execution id="98b8560b-ecc2-4f6f-b8db-8c33213545a6" />
      <TestMethod codeBase="C:\Projekty\MSTestProject\bin\Debug\netcoreapp3.1\MSTestProject.dll" adapterTypeName="executor://mstestadapter/v2" className="TwojeWesele.Services.Helpers.Tests.CurrencyHelperTests" name="FormatToStringTest1000" />
    </UnitTest>
    <UnitTest name="FormatToStringTest1000 (20978.860218282258,20978.86 zł)" storage="c:\projekty\mstestproject\bin\debug\netcoreapp3.1\mstestproject.dll" id="31c1f77d-a87b-4119-986a-01dd861e037d">
      <TestCategory>
        <TestCategoryItem TestCategory="Category1000" />
      </TestCategory>
      <Execution id="43e03928-ecca-4588-8218-200595107002" />
      <TestMethod codeBase="C:\Projekty\MSTestProject\bin\Debug\netcoreapp3.1\MSTestProject.dll" adapterTypeName="executor://mstestadapter/v2" className="TwojeWesele.Services.Helpers.Tests.CurrencyHelperTests" name="FormatToStringTest1000" />
    </UnitTest>
    <UnitTest name="FormatToStringTest1000 (19796.212103914568,19796.21 zł)" storage="c:\projekty\mstestproject\bin\debug\netcoreapp3.1\mstestproject.dll" id="48221090-2f49-4424-9edc-10d480db9cd9">
      <TestCategory>
        <TestCategoryItem TestCategory="Category1000" />
      </TestCategory>
      <Execution id="b9f46752-224d-40a0-acf6-c86b2a25df3d" />
      <TestMethod codeBase="C:\Projekty\MSTestProject\bin\Debug\netcoreapp3.1\MSTestProject.dll" adapterTypeName="executor://mstestadapter/v2" className="TwojeWesele.Services.Helpers.Tests.CurrencyHelperTests" name="FormatToStringTest1000" />
    </UnitTest>
    <UnitTest name="FormatToStringTest1000 (76536.95853396178,76536.96 zł)" storage="c:\projekty\mstestproject\bin\debug\netcoreapp3.1\mstestproject.dll" id="4f3d2786-3dd6-47e7-8e9f-acebcf216425">
      <TestCategory>
        <TestCategoryItem TestCategory="Category1000" />
      </TestCategory>
      <Execution id="36dd2e61-1f79-4590-9b30-fc5b6bd9b918" />
      <TestMethod codeBase="C:\Projekty\MSTestProject\bin\Debug\netcoreapp3.1\MSTestProject.dll" adapterTypeName="executor://mstestadapter/v2" className="TwojeWesele.Services.Helpers.Tests.CurrencyHelperTests" name="FormatToStringTest1000" />
    </UnitTest>
    <UnitTest name="FormatToStringTest1000 (4539.210371735137,4539.21 zł)" storage="c:\projekty\mstestproject\bin\debug\netcoreapp3.1\mstestproject.dll" id="b4e8d47d-4638-49ce-943f-021c4f9a242b">
      <TestCategory>
        <TestCategoryItem TestCategory="Category1000" />
      </TestCategory>
      <Execution id="bc62c585-a4db-4380-889f-30e05c3ff186" />
      <TestMethod codeBase="C:\Projekty\MSTestProject\bin\Debug\netcoreapp3.1\MSTestProject.dll" adapterTypeName="executor://mstestadapter/v2" className="TwojeWesele.Services.Helpers.Tests.CurrencyHelperTests" name="FormatToStringTest1000" />
    </UnitTest>
    <UnitTest name="FormatToStringTest1000 (8542.520616738833,8542.52 zł)" storage="c:\projekty\mstestproject\bin\debug\netcoreapp3.1\mstestproject.dll" id="f3cc6c6f-c068-4f75-ac43-8a14d0f043e7">
      <TestCategory>
        <TestCategoryItem TestCategory="Category1000" />
      </TestCategory>
      <Execution id="404a5408-84cd-4ef7-9804-7196eb8784ca" />
      <TestMethod codeBase="C:\Projekty\MSTestProject\bin\Debug\netcoreapp3.1\MSTestProject.dll" adapterTypeName="executor://mstestadapter/v2" className="TwojeWesele.Services.Helpers.Tests.CurrencyHelperTests" name="FormatToStringTest1000" />
    </UnitTest>
    <UnitTest name="FormatToStringTest1000 (1613.6903705837626,1613.69 zł)" storage="c:\projekty\mstestproject\bin\debug\netcoreapp3.1\mstestproject.dll" id="a51a1ee5-c014-436f-a5ea-3318bf33f0e1">
      <TestCategory>
        <TestCategoryItem TestCategory="Category1000" />
      </TestCategory>
      <Execution id="817cb67f-27ee-4dac-8309-53711268954a" />
      <TestMethod codeBase="C:\Projekty\MSTestProject\bin\Debug\netcoreapp3.1\MSTestProject.dll" adapterTypeName="executor://mstestadapter/v2" className="TwojeWesele.Services.Helpers.Tests.CurrencyHelperTests" name="FormatToStringTest1000" />
    </UnitTest>
    <UnitTest name="FormatToStringTest1000 (25116.590135570892,25116.59 zł)" storage="c:\projekty\mstestproject\bin\debug\netcoreapp3.1\mstestproject.dll" id="db9c75c2-b034-43ec-bfe3-de41326535de">
      <TestCategory>
        <TestCategoryItem TestCategory="Category1000" />
      </TestCategory>
      <Execution id="5bd5a3be-67ba-46e0-b4d9-d3e97d3fe5b7" />
      <TestMethod codeBase="C:\Projekty\MSTestProject\bin\Debug\netcoreapp3.1\MSTestProject.dll" adapterTypeName="executor://mstestadapter/v2" className="TwojeWesele.Services.Helpers.Tests.CurrencyHelperTests" name="FormatToStringTest1000" />
    </UnitTest>
    <UnitTest name="FormatToStringTest1000 (60017.857676936714,60017.86 zł)" storage="c:\projekty\mstestproject\bin\debug\netcoreapp3.1\mstestproject.dll" id="85a9c960-8e27-47cb-9cc9-b87d0ed8eaa7">
      <TestCategory>
        <TestCategoryItem TestCategory="Category1000" />
      </TestCategory>
      <Execution id="9144c8af-6c21-49c3-9555-b5dbe0341ab4" />
      <TestMethod codeBase="C:\Projekty\MSTestProject\bin\Debug\netcoreapp3.1\MSTestProject.dll" adapterTypeName="executor://mstestadapter/v2" className="TwojeWesele.Services.Helpers.Tests.CurrencyHelperTests" name="FormatToStringTest1000" />
    </UnitTest>
    <UnitTest name="FormatToStringTest1000 (36651.05802063414,36651.06 zł)" storage="c:\projekty\mstestproject\bin\debug\netcoreapp3.1\mstestproject.dll" id="9cfbec4a-89c6-4005-99d4-f612d34964a0">
      <TestCategory>
        <TestCategoryItem TestCategory="Category1000" />
      </TestCategory>
      <Execution id="283963a8-850d-4a5c-87c3-28cb1e46967a" />
      <TestMethod codeBase="C:\Projekty\MSTestProject\bin\Debug\netcoreapp3.1\MSTestProject.dll" adapterTypeName="executor://mstestadapter/v2" className="TwojeWesele.Services.Helpers.Tests.CurrencyHelperTests" name="FormatToStringTest1000" />
    </UnitTest>
    <UnitTest name="FormatToStringTest1000 (70149.17842025738,70149.18 zł)" storage="c:\projekty\mstestproject\bin\debug\netcoreapp3.1\mstestproject.dll" id="9601efc3-e3a1-47c1-9837-7ec039735198">
      <TestCategory>
        <TestCategoryItem TestCategory="Category1000" />
      </TestCategory>
      <Execution id="8c718624-9343-47bc-ab24-210ecb21ba93" />
      <TestMethod codeBase="C:\Projekty\MSTestProject\bin\Debug\netcoreapp3.1\MSTestProject.dll" adapterTypeName="executor://mstestadapter/v2" className="TwojeWesele.Services.Helpers.Tests.CurrencyHelperTests" name="FormatToStringTest1000" />
    </UnitTest>
    <UnitTest name="FormatToStringTest1000 (15841.26419853478,15841.26 zł)" storage="c:\projekty\mstestproject\bin\debug\netcoreapp3.1\mstestproject.dll" id="c15eec64-19dc-421d-b517-349319a174f5">
      <TestCategory>
        <TestCategoryItem TestCategory="Category1000" />
      </TestCategory>
      <Execution id="a1529971-44c8-41e8-a677-a8bc1def45af" />
      <TestMethod codeBase="C:\Projekty\MSTestProject\bin\Debug\netcoreapp3.1\MSTestProject.dll" adapterTypeName="executor://mstestadapter/v2" className="TwojeWesele.Services.Helpers.Tests.CurrencyHelperTests" name="FormatToStringTest1000" />
    </UnitTest>
    <UnitTest name="FormatToStringTest1000 (2897.9775426620513,2897.98 zł)" storage="c:\projekty\mstestproject\bin\debug\netcoreapp3.1\mstestproject.dll" id="6191e91d-b5e5-44de-a0db-8a4bdd59dcb9">
      <TestCategory>
        <TestCategoryItem TestCategory="Category1000" />
      </TestCategory>
      <Execution id="092da522-b167-439c-8e2c-b86de72d5b23" />
      <TestMethod codeBase="C:\Projekty\MSTestProject\bin\Debug\netcoreapp3.1\MSTestProject.dll" adapterTypeName="executor://mstestadapter/v2" className="TwojeWesele.Services.Helpers.Tests.CurrencyHelperTests" name="FormatToStringTest1000" />
    </UnitTest>
    <UnitTest name="FormatToStringTest1000 (1664.7834932994022,1664.78 zł)" storage="c:\projekty\mstestproject\bin\debug\netcoreapp3.1\mstestproject.dll" id="cdf18114-84cb-4fc0-a18c-5f2a4766ebe4">
      <TestCategory>
        <TestCategoryItem TestCategory="Category1000" />
      </TestCategory>
      <Execution id="9618da75-b0df-49aa-91f8-82fb7ed5725f" />
      <TestMethod codeBase="C:\Projekty\MSTestProject\bin\Debug\netcoreapp3.1\MSTestProject.dll" adapterTypeName="executor://mstestadapter/v2" className="TwojeWesele.Services.Helpers.Tests.CurrencyHelperTests" name="FormatToStringTest1000" />
    </UnitTest>
    <UnitTest name="FormatToStringTest1000 (13414.3551766441,13414.36 zł)" storage="c:\projekty\mstestproject\bin\debug\netcoreapp3.1\mstestproject.dll" id="a730e682-0f14-44fa-a790-4ed2d00fe3b1">
      <TestCategory>
        <TestCategoryItem TestCategory="Category1000" />
      </TestCategory>
      <Execution id="22767a6f-ffe5-4eba-9c2f-011b838c23dd" />
      <TestMethod codeBase="C:\Projekty\MSTestProject\bin\Debug\netcoreapp3.1\MSTestProject.dll" adapterTypeName="executor://mstestadapter/v2" className="TwojeWesele.Services.Helpers.Tests.CurrencyHelperTests" name="FormatToStringTest1000" />
    </UnitTest>
    <UnitTest name="FormatToStringTest1000 (2929.267390865026,2929.27 zł)" storage="c:\projekty\mstestproject\bin\debug\netcoreapp3.1\mstestproject.dll" id="b782cb6e-2abf-4d88-b1b4-ec543e6b2232">
      <TestCategory>
        <TestCategoryItem TestCategory="Category1000" />
      </TestCategory>
      <Execution id="a37756e9-e45e-4363-8177-a473a2298ea1" />
      <TestMethod codeBase="C:\Projekty\MSTestProject\bin\Debug\netcoreapp3.1\MSTestProject.dll" adapterTypeName="executor://mstestadapter/v2" className="TwojeWesele.Services.Helpers.Tests.CurrencyHelperTests" name="FormatToStringTest1000" />
    </UnitTest>
    <UnitTest name="FormatToStringTest1000 (52481.07276821932,52481.07 zł)" storage="c:\projekty\mstestproject\bin\debug\netcoreapp3.1\mstestproject.dll" id="6732100a-b1ed-4728-a8d8-9324f8493102">
      <TestCategory>
        <TestCategoryItem TestCategory="Category1000" />
      </TestCategory>
      <Execution id="488c0952-f1fd-40b7-bca4-6c2077e2ee89" />
      <TestMethod codeBase="C:\Projekty\MSTestProject\bin\Debug\netcoreapp3.1\MSTestProject.dll" adapterTypeName="executor://mstestadapter/v2" className="TwojeWesele.Services.Helpers.Tests.CurrencyHelperTests" name="FormatToStringTest1000" />
    </UnitTest>
    <UnitTest name="FormatToStringTest1000 (67380.07704875062,67380.08 zł)" storage="c:\projekty\mstestproject\bin\debug\netcoreapp3.1\mstestproject.dll" id="ed4a3294-69c3-4809-a471-ea7524f3c07d">
      <TestCategory>
        <TestCategoryItem TestCategory="Category1000" />
      </TestCategory>
      <Execution id="ee0fdc4f-184e-4089-aa5d-5af9dc3c1de7" />
      <TestMethod codeBase="C:\Projekty\MSTestProject\bin\Debug\netcoreapp3.1\MSTestProject.dll" adapterTypeName="executor://mstestadapter/v2" className="TwojeWesele.Services.Helpers.Tests.CurrencyHelperTests" name="FormatToStringTest1000" />
    </UnitTest>
    <UnitTest name="FormatToStringTest1000 (24825.207513729205,24825.21 zł)" storage="c:\projekty\mstestproject\bin\debug\netcoreapp3.1\mstestproject.dll" id="169297c0-df5f-483e-8a42-c51b7eb61834">
      <TestCategory>
        <TestCategoryItem TestCategory="Category1000" />
      </TestCategory>
      <Execution id="3704abcb-95c3-41fb-97a8-df1a04a4bcc1" />
      <TestMethod codeBase="C:\Projekty\MSTestProject\bin\Debug\netcoreapp3.1\MSTestProject.dll" adapterTypeName="executor://mstestadapter/v2" className="TwojeWesele.Services.Helpers.Tests.CurrencyHelperTests" name="FormatToStringTest1000" />
    </UnitTest>
    <UnitTest name="FormatToStringTest1000 (46803.36433423374,46803.36 zł)" storage="c:\projekty\mstestproject\bin\debug\netcoreapp3.1\mstestproject.dll" id="b2d6db51-b5e9-4603-9910-3f7b5a7ebc93">
      <TestCategory>
        <TestCategoryItem TestCategory="Category1000" />
      </TestCategory>
      <Execution id="64a56eb6-d49c-48fb-8af6-b7b18492a1fe" />
      <TestMethod codeBase="C:\Projekty\MSTestProject\bin\Debug\netcoreapp3.1\MSTestProject.dll" adapterTypeName="executor://mstestadapter/v2" className="TwojeWesele.Services.Helpers.Tests.CurrencyHelperTests" name="FormatToStringTest1000" />
    </UnitTest>
    <UnitTest name="FormatToStringTest1000 (18990.72499258012,18990.72 zł)" storage="c:\projekty\mstestproject\bin\debug\netcoreapp3.1\mstestproject.dll" id="b3a25317-b6f9-473b-a697-72ee0760116e">
      <TestCategory>
        <TestCategoryItem TestCategory="Category1000" />
      </TestCategory>
      <Execution id="960366e7-5e1d-4c5e-bd46-d3615d22c8ec" />
      <TestMethod codeBase="C:\Projekty\MSTestProject\bin\Debug\netcoreapp3.1\MSTestProject.dll" adapterTypeName="executor://mstestadapter/v2" className="TwojeWesele.Services.Helpers.Tests.CurrencyHelperTests" name="FormatToStringTest1000" />
    </UnitTest>
    <UnitTest name="FormatToStringTest1000 (22799.991836491965,22799.99 zł)" storage="c:\projekty\mstestproject\bin\debug\netcoreapp3.1\mstestproject.dll" id="7ccd3611-bd04-472a-8794-30acd627dbfd">
      <TestCategory>
        <TestCategoryItem TestCategory="Category1000" />
      </TestCategory>
      <Execution id="0c0a3312-1556-49f9-a4d6-a4cf3ff3d9f7" />
      <TestMethod codeBase="C:\Projekty\MSTestProject\bin\Debug\netcoreapp3.1\MSTestProject.dll" adapterTypeName="executor://mstestadapter/v2" className="TwojeWesele.Services.Helpers.Tests.CurrencyHelperTests" name="FormatToStringTest1000" />
    </UnitTest>
    <UnitTest name="FormatToStringTest1000 (23548.88067407016,23548.88 zł)" storage="c:\projekty\mstestproject\bin\debug\netcoreapp3.1\mstestproject.dll" id="73bfb714-1a8d-45b8-ba08-18b2c9063b48">
      <TestCategory>
        <TestCategoryItem TestCategory="Category1000" />
      </TestCategory>
      <Execution id="3d518868-be4f-4313-ae8b-82d473ba9946" />
      <TestMethod codeBase="C:\Projekty\MSTestProject\bin\Debug\netcoreapp3.1\MSTestProject.dll" adapterTypeName="executor://mstestadapter/v2" className="TwojeWesele.Services.Helpers.Tests.CurrencyHelperTests" name="FormatToStringTest1000" />
    </UnitTest>
    <UnitTest name="FormatToStringTest1000 (25882.451101077,25882.45 zł)" storage="c:\projekty\mstestproject\bin\debug\netcoreapp3.1\mstestproject.dll" id="50079a94-f1c1-4cf9-b1c9-6b51cdfbd4b0">
      <TestCategory>
        <TestCategoryItem TestCategory="Category1000" />
      </TestCategory>
      <Execution id="aa3c7e19-eece-498f-98b2-bb9bc92aadf9" />
      <TestMethod codeBase="C:\Projekty\MSTestProject\bin\Debug\netcoreapp3.1\MSTestProject.dll" adapterTypeName="executor://mstestadapter/v2" className="TwojeWesele.Services.Helpers.Tests.CurrencyHelperTests" name="FormatToStringTest1000" />
    </UnitTest>
    <UnitTest name="FormatToStringTest1000 (73301.91270130403,73301.91 zł)" storage="c:\projekty\mstestproject\bin\debug\netcoreapp3.1\mstestproject.dll" id="831aadfd-825b-49b2-8d2a-6e0c1a17f7d2">
      <TestCategory>
        <TestCategoryItem TestCategory="Category1000" />
      </TestCategory>
      <Execution id="acaa3281-e4a0-43c7-ae0a-9265515b2d36" />
      <TestMethod codeBase="C:\Projekty\MSTestProject\bin\Debug\netcoreapp3.1\MSTestProject.dll" adapterTypeName="executor://mstestadapter/v2" className="TwojeWesele.Services.Helpers.Tests.CurrencyHelperTests" name="FormatToStringTest1000" />
    </UnitTest>
    <UnitTest name="FormatToStringTest1000 (75350.77330865282,75350.77 zł)" storage="c:\projekty\mstestproject\bin\debug\netcoreapp3.1\mstestproject.dll" id="936e5a8d-e187-41fe-ac0a-d2793a43e90c">
      <TestCategory>
        <TestCategoryItem TestCategory="Category1000" />
      </TestCategory>
      <Execution id="3d408b85-22c4-42e5-aed5-da39390104ff" />
      <TestMethod codeBase="C:\Projekty\MSTestProject\bin\Debug\netcoreapp3.1\MSTestProject.dll" adapterTypeName="executor://mstestadapter/v2" className="TwojeWesele.Services.Helpers.Tests.CurrencyHelperTests" name="FormatToStringTest1000" />
    </UnitTest>
    <UnitTest name="FormatToStringTest1000 (2963.24443391815,2963.24 zł)" storage="c:\projekty\mstestproject\bin\debug\netcoreapp3.1\mstestproject.dll" id="4e850c87-c41a-4d60-860b-6db5df402a05">
      <TestCategory>
        <TestCategoryItem TestCategory="Category1000" />
      </TestCategory>
      <Execution id="65666ebe-ada7-492d-b1ce-6ffd8f31be5c" />
      <TestMethod codeBase="C:\Projekty\MSTestProject\bin\Debug\netcoreapp3.1\MSTestProject.dll" adapterTypeName="executor://mstestadapter/v2" className="TwojeWesele.Services.Helpers.Tests.CurrencyHelperTests" name="FormatToStringTest1000" />
    </UnitTest>
    <UnitTest name="FormatToStringTest1000 (13681.607566007231,13681.61 zł)" storage="c:\projekty\mstestproject\bin\debug\netcoreapp3.1\mstestproject.dll" id="49af5286-694a-47da-bc8c-4827a23f15e5">
      <TestCategory>
        <TestCategoryItem TestCategory="Category1000" />
      </TestCategory>
      <Execution id="4f5eff24-c752-4953-a570-7e8f64198bec" />
      <TestMethod codeBase="C:\Projekty\MSTestProject\bin\Debug\netcoreapp3.1\MSTestProject.dll" adapterTypeName="executor://mstestadapter/v2" className="TwojeWesele.Services.Helpers.Tests.CurrencyHelperTests" name="FormatToStringTest1000" />
    </UnitTest>
    <UnitTest name="FormatToStringTest1000 (3341.8351759444154,3341.84 zł)" storage="c:\projekty\mstestproject\bin\debug\netcoreapp3.1\mstestproject.dll" id="9f209837-efc5-4061-9a9a-53b1e6596f4b">
      <TestCategory>
        <TestCategoryItem TestCategory="Category1000" />
      </TestCategory>
      <Execution id="0b39d44f-3c6a-46b5-8f28-88ddf03ef7e5" />
      <TestMethod codeBase="C:\Projekty\MSTestProject\bin\Debug\netcoreapp3.1\MSTestProject.dll" adapterTypeName="executor://mstestadapter/v2" className="TwojeWesele.Services.Helpers.Tests.CurrencyHelperTests" name="FormatToStringTest1000" />
    </UnitTest>
    <UnitTest name="FormatToStringTest1000 (16571.355536101553,16571.36 zł)" storage="c:\projekty\mstestproject\bin\debug\netcoreapp3.1\mstestproject.dll" id="8c68274a-6c56-4a4a-9437-75406a2ff4e5">
      <TestCategory>
        <TestCategoryItem TestCategory="Category1000" />
      </TestCategory>
      <Execution id="7ef32246-3bc9-498d-b906-71174ded46b8" />
      <TestMethod codeBase="C:\Projekty\MSTestProject\bin\Debug\netcoreapp3.1\MSTestProject.dll" adapterTypeName="executor://mstestadapter/v2" className="TwojeWesele.Services.Helpers.Tests.CurrencyHelperTests" name="FormatToStringTest1000" />
    </UnitTest>
    <UnitTest name="FormatToStringTest1000 (27506.397047390416,27506.40 zł)" storage="c:\projekty\mstestproject\bin\debug\netcoreapp3.1\mstestproject.dll" id="c997933f-d445-44b8-889c-a814b8150ff4">
      <TestCategory>
        <TestCategoryItem TestCategory="Category1000" />
      </TestCategory>
      <Execution id="31458295-b5ab-459e-82bf-c7e7184ba47c" />
      <TestMethod codeBase="C:\Projekty\MSTestProject\bin\Debug\netcoreapp3.1\MSTestProject.dll" adapterTypeName="executor://mstestadapter/v2" className="TwojeWesele.Services.Helpers.Tests.CurrencyHelperTests" name="FormatToStringTest1000" />
    </UnitTest>
    <UnitTest name="FormatToStringTest1000 (49416.285282306504,49416.29 zł)" storage="c:\projekty\mstestproject\bin\debug\netcoreapp3.1\mstestproject.dll" id="6fc25921-a8be-43a9-8057-65475f6f5076">
      <TestCategory>
        <TestCategoryItem TestCategory="Category1000" />
      </TestCategory>
      <Execution id="78294371-7c18-4df5-9914-296c5044eeae" />
      <TestMethod codeBase="C:\Projekty\MSTestProject\bin\Debug\netcoreapp3.1\MSTestProject.dll" adapterTypeName="executor://mstestadapter/v2" className="TwojeWesele.Services.Helpers.Tests.CurrencyHelperTests" name="FormatToStringTest1000" />
    </UnitTest>
    <UnitTest name="FormatToStringTest1000 (6105.007054037418,6105.01 zł)" storage="c:\projekty\mstestproject\bin\debug\netcoreapp3.1\mstestproject.dll" id="49e5230e-5308-40b9-a7a3-03a977b2f45f">
      <TestCategory>
        <TestCategoryItem TestCategory="Category1000" />
      </TestCategory>
      <Execution id="e4f7607c-ea15-479c-8f6b-a0f4fdc26463" />
      <TestMethod codeBase="C:\Projekty\MSTestProject\bin\Debug\netcoreapp3.1\MSTestProject.dll" adapterTypeName="executor://mstestadapter/v2" className="TwojeWesele.Services.Helpers.Tests.CurrencyHelperTests" name="FormatToStringTest1000" />
    </UnitTest>
    <UnitTest name="FormatToStringTest1000 (44930.92203801075,44930.92 zł)" storage="c:\projekty\mstestproject\bin\debug\netcoreapp3.1\mstestproject.dll" id="ddf55aea-2bac-4ecc-8fb0-0e4ef856f4bd">
      <TestCategory>
        <TestCategoryItem TestCategory="Category1000" />
      </TestCategory>
      <Execution id="226d2dcb-45b0-4b26-b80d-fc0318ff95d5" />
      <TestMethod codeBase="C:\Projekty\MSTestProject\bin\Debug\netcoreapp3.1\MSTestProject.dll" adapterTypeName="executor://mstestadapter/v2" className="TwojeWesele.Services.Helpers.Tests.CurrencyHelperTests" name="FormatToStringTest1000" />
    </UnitTest>
    <UnitTest name="FormatToStringTest1000 (26885.71162707904,26885.71 zł)" storage="c:\projekty\mstestproject\bin\debug\netcoreapp3.1\mstestproject.dll" id="43a4351a-31aa-401a-a072-5a484fa085b5">
      <TestCategory>
        <TestCategoryItem TestCategory="Category1000" />
      </TestCategory>
      <Execution id="37120d29-680d-4ae8-a976-77ededbee450" />
      <TestMethod codeBase="C:\Projekty\MSTestProject\bin\Debug\netcoreapp3.1\MSTestProject.dll" adapterTypeName="executor://mstestadapter/v2" className="TwojeWesele.Services.Helpers.Tests.CurrencyHelperTests" name="FormatToStringTest1000" />
    </UnitTest>
    <UnitTest name="FormatToStringTest1000 (5396.620088554277,5396.62 zł)" storage="c:\projekty\mstestproject\bin\debug\netcoreapp3.1\mstestproject.dll" id="abbc0256-ea1a-4af2-b520-c2e243ff517f">
      <TestCategory>
        <TestCategoryItem TestCategory="Category1000" />
      </TestCategory>
      <Execution id="f6cf2cac-8ffe-4a1a-8bef-a3c3ab6ba11a" />
      <TestMethod codeBase="C:\Projekty\MSTestProject\bin\Debug\netcoreapp3.1\MSTestProject.dll" adapterTypeName="executor://mstestadapter/v2" className="TwojeWesele.Services.Helpers.Tests.CurrencyHelperTests" name="FormatToStringTest1000" />
    </UnitTest>
    <UnitTest name="FormatToStringTest1000 (81326.3340147521,81326.33 zł)" storage="c:\projekty\mstestproject\bin\debug\netcoreapp3.1\mstestproject.dll" id="244e4922-c00b-4037-9096-86023c6e9c63">
      <TestCategory>
        <TestCategoryItem TestCategory="Category1000" />
      </TestCategory>
      <Execution id="545431e6-ade8-4976-9a89-34e18b075515" />
      <TestMethod codeBase="C:\Projekty\MSTestProject\bin\Debug\netcoreapp3.1\MSTestProject.dll" adapterTypeName="executor://mstestadapter/v2" className="TwojeWesele.Services.Helpers.Tests.CurrencyHelperTests" name="FormatToStringTest1000" />
    </UnitTest>
    <UnitTest name="FormatToStringTest1000 (9097.395563790293,9097.40 zł)" storage="c:\projekty\mstestproject\bin\debug\netcoreapp3.1\mstestproject.dll" id="7d16a08c-0aca-4f43-94ea-8ce1e253ad95">
      <TestCategory>
        <TestCategoryItem TestCategory="Category1000" />
      </TestCategory>
      <Execution id="ecbb57a5-448e-4f2f-8644-b915b47391ce" />
      <TestMethod codeBase="C:\Projekty\MSTestProject\bin\Debug\netcoreapp3.1\MSTestProject.dll" adapterTypeName="executor://mstestadapter/v2" className="TwojeWesele.Services.Helpers.Tests.CurrencyHelperTests" name="FormatToStringTest1000" />
    </UnitTest>
    <UnitTest name="FormatToStringTest1000 (7716.571614765363,7716.57 zł)" storage="c:\projekty\mstestproject\bin\debug\netcoreapp3.1\mstestproject.dll" id="253908ce-725c-419b-8dc9-b48b4f4a68af">
      <TestCategory>
        <TestCategoryItem TestCategory="Category1000" />
      </TestCategory>
      <Execution id="07a2dbb1-16e5-44b2-8eab-a273903d3237" />
      <TestMethod codeBase="C:\Projekty\MSTestProject\bin\Debug\netcoreapp3.1\MSTestProject.dll" adapterTypeName="executor://mstestadapter/v2" className="TwojeWesele.Services.Helpers.Tests.CurrencyHelperTests" name="FormatToStringTest1000" />
    </UnitTest>
    <UnitTest name="FormatToStringTest1000 (11584.045280779732,11584.05 zł)" storage="c:\projekty\mstestproject\bin\debug\netcoreapp3.1\mstestproject.dll" id="3cadac21-2212-4e94-ad3e-671f0510d775">
      <TestCategory>
        <TestCategoryItem TestCategory="Category1000" />
      </TestCategory>
      <Execution id="7a29d51c-bac2-4453-9c30-737618f18e23" />
      <TestMethod codeBase="C:\Projekty\MSTestProject\bin\Debug\netcoreapp3.1\MSTestProject.dll" adapterTypeName="executor://mstestadapter/v2" className="TwojeWesele.Services.Helpers.Tests.CurrencyHelperTests" name="FormatToStringTest1000" />
    </UnitTest>
    <UnitTest name="FormatToStringTest1000 (20454.142628653506,20454.14 zł)" storage="c:\projekty\mstestproject\bin\debug\netcoreapp3.1\mstestproject.dll" id="21ba50b2-1c16-4266-8490-f54c8816fa08">
      <TestCategory>
        <TestCategoryItem TestCategory="Category1000" />
      </TestCategory>
      <Execution id="f6b00c27-861b-4029-b544-80a350c9531e" />
      <TestMethod codeBase="C:\Projekty\MSTestProject\bin\Debug\netcoreapp3.1\MSTestProject.dll" adapterTypeName="executor://mstestadapter/v2" className="TwojeWesele.Services.Helpers.Tests.CurrencyHelperTests" name="FormatToStringTest1000" />
    </UnitTest>
    <UnitTest name="FormatToStringTest1000 (598.1279707877561,598.13 zł)" storage="c:\projekty\mstestproject\bin\debug\netcoreapp3.1\mstestproject.dll" id="7c48cadf-935b-4b31-b381-8e3bf4ed05d9">
      <TestCategory>
        <TestCategoryItem TestCategory="Category1000" />
      </TestCategory>
      <Execution id="fe02f7c8-2a10-468b-87b0-23e08b28a3d1" />
      <TestMethod codeBase="C:\Projekty\MSTestProject\bin\Debug\netcoreapp3.1\MSTestProject.dll" adapterTypeName="executor://mstestadapter/v2" className="TwojeWesele.Services.Helpers.Tests.CurrencyHelperTests" name="FormatToStringTest1000" />
    </UnitTest>
    <UnitTest name="FormatToStringTest1000 (16388.556189478633,16388.56 zł)" storage="c:\projekty\mstestproject\bin\debug\netcoreapp3.1\mstestproject.dll" id="ffa3fe40-810b-4317-ae43-4937e3eed347">
      <TestCategory>
        <TestCategoryItem TestCategory="Category1000" />
      </TestCategory>
      <Execution id="1562d360-3385-4b85-9086-3bee0ced5c20" />
      <TestMethod codeBase="C:\Projekty\MSTestProject\bin\Debug\netcoreapp3.1\MSTestProject.dll" adapterTypeName="executor://mstestadapter/v2" className="TwojeWesele.Services.Helpers.Tests.CurrencyHelperTests" name="FormatToStringTest1000" />
    </UnitTest>
    <UnitTest name="FormatToStringTest1000 (1549.6599114973376,1549.66 zł)" storage="c:\projekty\mstestproject\bin\debug\netcoreapp3.1\mstestproject.dll" id="576b6828-fde6-4008-af21-90fe2bc559ad">
      <TestCategory>
        <TestCategoryItem TestCategory="Category1000" />
      </TestCategory>
      <Execution id="c2c74c4b-69fb-4e7e-a8a8-b7a71160b4bc" />
      <TestMethod codeBase="C:\Projekty\MSTestProject\bin\Debug\netcoreapp3.1\MSTestProject.dll" adapterTypeName="executor://mstestadapter/v2" className="TwojeWesele.Services.Helpers.Tests.CurrencyHelperTests" name="FormatToStringTest1000" />
    </UnitTest>
    <UnitTest name="FormatToStringTest1000 (18023.78504577455,18023.79 zł)" storage="c:\projekty\mstestproject\bin\debug\netcoreapp3.1\mstestproject.dll" id="4c2eddd9-fcf6-4666-9756-fa250191e3cf">
      <TestCategory>
        <TestCategoryItem TestCategory="Category1000" />
      </TestCategory>
      <Execution id="0c9ff876-777f-4922-8126-357aa36d0156" />
      <TestMethod codeBase="C:\Projekty\MSTestProject\bin\Debug\netcoreapp3.1\MSTestProject.dll" adapterTypeName="executor://mstestadapter/v2" className="TwojeWesele.Services.Helpers.Tests.CurrencyHelperTests" name="FormatToStringTest1000" />
    </UnitTest>
    <UnitTest name="FormatToStringTest1000 (1325.1625259114255,1325.16 zł)" storage="c:\projekty\mstestproject\bin\debug\netcoreapp3.1\mstestproject.dll" id="844402a9-75d1-485b-97df-b1c879a87d08">
      <TestCategory>
        <TestCategoryItem TestCategory="Category1000" />
      </TestCategory>
      <Execution id="cd12079d-4861-4303-9817-e1db3442f069" />
      <TestMethod codeBase="C:\Projekty\MSTestProject\bin\Debug\netcoreapp3.1\MSTestProject.dll" adapterTypeName="executor://mstestadapter/v2" className="TwojeWesele.Services.Helpers.Tests.CurrencyHelperTests" name="FormatToStringTest1000" />
    </UnitTest>
    <UnitTest name="FormatToStringTest1000 (30722.846572104303,30722.85 zł)" storage="c:\projekty\mstestproject\bin\debug\netcoreapp3.1\mstestproject.dll" id="d6c13abd-2818-40ca-8d99-f904450cf73e">
      <TestCategory>
        <TestCategoryItem TestCategory="Category1000" />
      </TestCategory>
      <Execution id="c36a438f-c9d9-4c53-b5bc-db42e0c6503b" />
      <TestMethod codeBase="C:\Projekty\MSTestProject\bin\Debug\netcoreapp3.1\MSTestProject.dll" adapterTypeName="executor://mstestadapter/v2" className="TwojeWesele.Services.Helpers.Tests.CurrencyHelperTests" name="FormatToStringTest1000" />
    </UnitTest>
    <UnitTest name="FormatToStringTest1000 (3503.9809179231434,3503.98 zł)" storage="c:\projekty\mstestproject\bin\debug\netcoreapp3.1\mstestproject.dll" id="fcac6000-15c3-4205-906e-24f81172d4d1">
      <TestCategory>
        <TestCategoryItem TestCategory="Category1000" />
      </TestCategory>
      <Execution id="4a263d9f-0779-4496-8143-cd9daea62eac" />
      <TestMethod codeBase="C:\Projekty\MSTestProject\bin\Debug\netcoreapp3.1\MSTestProject.dll" adapterTypeName="executor://mstestadapter/v2" className="TwojeWesele.Services.Helpers.Tests.CurrencyHelperTests" name="FormatToStringTest1000" />
    </UnitTest>
    <UnitTest name="FormatToStringTest1000 (34145.534199603615,34145.53 zł)" storage="c:\projekty\mstestproject\bin\debug\netcoreapp3.1\mstestproject.dll" id="21cfdab7-c420-4199-9b3e-03d28440ca69">
      <TestCategory>
        <TestCategoryItem TestCategory="Category1000" />
      </TestCategory>
      <Execution id="6f406b72-2a17-4e92-99a7-988f72996762" />
      <TestMethod codeBase="C:\Projekty\MSTestProject\bin\Debug\netcoreapp3.1\MSTestProject.dll" adapterTypeName="executor://mstestadapter/v2" className="TwojeWesele.Services.Helpers.Tests.CurrencyHelperTests" name="FormatToStringTest1000" />
    </UnitTest>
    <UnitTest name="FormatToStringTest1000 (12577.642620996872,12577.64 zł)" storage="c:\projekty\mstestproject\bin\debug\netcoreapp3.1\mstestproject.dll" id="1fd6d488-d979-479d-96ba-ab7e7870a9f2">
      <TestCategory>
        <TestCategoryItem TestCategory="Category1000" />
      </TestCategory>
      <Execution id="188d981a-aec0-402e-ac01-4881d305b106" />
      <TestMethod codeBase="C:\Projekty\MSTestProject\bin\Debug\netcoreapp3.1\MSTestProject.dll" adapterTypeName="executor://mstestadapter/v2" className="TwojeWesele.Services.Helpers.Tests.CurrencyHelperTests" name="FormatToStringTest1000" />
    </UnitTest>
    <UnitTest name="FormatToStringTest1000 (15566.957545477411,15566.96 zł)" storage="c:\projekty\mstestproject\bin\debug\netcoreapp3.1\mstestproject.dll" id="52578d67-a582-4168-a3b1-ff09d8583a6e">
      <TestCategory>
        <TestCategoryItem TestCategory="Category1000" />
      </TestCategory>
      <Execution id="6558e133-5922-46a3-849d-4cce6a587da3" />
      <TestMethod codeBase="C:\Projekty\MSTestProject\bin\Debug\netcoreapp3.1\MSTestProject.dll" adapterTypeName="executor://mstestadapter/v2" className="TwojeWesele.Services.Helpers.Tests.CurrencyHelperTests" name="FormatToStringTest1000" />
    </UnitTest>
    <UnitTest name="FormatToStringTest1000 (748.6264857065987,748.63 zł)" storage="c:\projekty\mstestproject\bin\debug\netcoreapp3.1\mstestproject.dll" id="75e6ef12-10aa-4ed9-a946-bd2fb08bda46">
      <TestCategory>
        <TestCategoryItem TestCategory="Category1000" />
      </TestCategory>
      <Execution id="f034244e-62e8-4666-a95b-a3192672334c" />
      <TestMethod codeBase="C:\Projekty\MSTestProject\bin\Debug\netcoreapp3.1\MSTestProject.dll" adapterTypeName="executor://mstestadapter/v2" className="TwojeWesele.Services.Helpers.Tests.CurrencyHelperTests" name="FormatToStringTest1000" />
    </UnitTest>
    <UnitTest name="FormatToStringTest1000 (10527.083945901639,10527.08 zł)" storage="c:\projekty\mstestproject\bin\debug\netcoreapp3.1\mstestproject.dll" id="ac0b9c73-8b35-4bb5-98f4-fadbedc771dc">
      <TestCategory>
        <TestCategoryItem TestCategory="Category1000" />
      </TestCategory>
      <Execution id="a1def294-5cd8-4815-ad35-05e9cb0a9363" />
      <TestMethod codeBase="C:\Projekty\MSTestProject\bin\Debug\netcoreapp3.1\MSTestProject.dll" adapterTypeName="executor://mstestadapter/v2" className="TwojeWesele.Services.Helpers.Tests.CurrencyHelperTests" name="FormatToStringTest1000" />
    </UnitTest>
    <UnitTest name="FormatToStringTest1000 (22831.975917587977,22831.98 zł)" storage="c:\projekty\mstestproject\bin\debug\netcoreapp3.1\mstestproject.dll" id="a3991968-5966-4c6f-b60a-ee798d980287">
      <TestCategory>
        <TestCategoryItem TestCategory="Category1000" />
      </TestCategory>
      <Execution id="100a0cf2-3bc8-41fc-9120-d604013154b5" />
      <TestMethod codeBase="C:\Projekty\MSTestProject\bin\Debug\netcoreapp3.1\MSTestProject.dll" adapterTypeName="executor://mstestadapter/v2" className="TwojeWesele.Services.Helpers.Tests.CurrencyHelperTests" name="FormatToStringTest1000" />
    </UnitTest>
    <UnitTest name="FormatToStringTest1000 (54724.71040318008,54724.71 zł)" storage="c:\projekty\mstestproject\bin\debug\netcoreapp3.1\mstestproject.dll" id="4f0a435a-e4e6-4d8d-a9b0-7d1a97d571a0">
      <TestCategory>
        <TestCategoryItem TestCategory="Category1000" />
      </TestCategory>
      <Execution id="17d31514-a9e2-4920-b444-2a245c0b714d" />
      <TestMethod codeBase="C:\Projekty\MSTestProject\bin\Debug\netcoreapp3.1\MSTestProject.dll" adapterTypeName="executor://mstestadapter/v2" className="TwojeWesele.Services.Helpers.Tests.CurrencyHelperTests" name="FormatToStringTest1000" />
    </UnitTest>
    <UnitTest name="FormatToStringTest1000 (3477.860963622509,3477.86 zł)" storage="c:\projekty\mstestproject\bin\debug\netcoreapp3.1\mstestproject.dll" id="ab11b960-aa5e-4766-ab5a-360822fd7e9d">
      <TestCategory>
        <TestCategoryItem TestCategory="Category1000" />
      </TestCategory>
      <Execution id="cd1873d1-5284-45b7-bc35-efdc0ffbdd42" />
      <TestMethod codeBase="C:\Projekty\MSTestProject\bin\Debug\netcoreapp3.1\MSTestProject.dll" adapterTypeName="executor://mstestadapter/v2" className="TwojeWesele.Services.Helpers.Tests.CurrencyHelperTests" name="FormatToStringTest1000" />
    </UnitTest>
    <UnitTest name="FormatToStringTest1000 (36211.11038300866,36211.11 zł)" storage="c:\projekty\mstestproject\bin\debug\netcoreapp3.1\mstestproject.dll" id="942f50d6-08a0-42f1-b698-b0cbfed4c17e">
      <TestCategory>
        <TestCategoryItem TestCategory="Category1000" />
      </TestCategory>
      <Execution id="96863817-eb8e-4e0a-b5ed-a19e8e20870b" />
      <TestMethod codeBase="C:\Projekty\MSTestProject\bin\Debug\netcoreapp3.1\MSTestProject.dll" adapterTypeName="executor://mstestadapter/v2" className="TwojeWesele.Services.Helpers.Tests.CurrencyHelperTests" name="FormatToStringTest1000" />
    </UnitTest>
    <UnitTest name="FormatToStringTest1000 (11430.666613002619,11430.67 zł)" storage="c:\projekty\mstestproject\bin\debug\netcoreapp3.1\mstestproject.dll" id="06c77959-49e7-4fca-a881-1a1f0eea3865">
      <TestCategory>
        <TestCategoryItem TestCategory="Category1000" />
      </TestCategory>
      <Execution id="380b3f25-baa9-4234-9027-0c96276dd58a" />
      <TestMethod codeBase="C:\Projekty\MSTestProject\bin\Debug\netcoreapp3.1\MSTestProject.dll" adapterTypeName="executor://mstestadapter/v2" className="TwojeWesele.Services.Helpers.Tests.CurrencyHelperTests" name="FormatToStringTest1000" />
    </UnitTest>
    <UnitTest name="FormatToStringTest1000 (8492.904747505161,8492.90 zł)" storage="c:\projekty\mstestproject\bin\debug\netcoreapp3.1\mstestproject.dll" id="ec256f46-4c5c-4bf1-86b2-fb769a7b7f0b">
      <TestCategory>
        <TestCategoryItem TestCategory="Category1000" />
      </TestCategory>
      <Execution id="016f10ea-650e-4c7f-92f5-d5bc34d74b8e" />
      <TestMethod codeBase="C:\Projekty\MSTestProject\bin\Debug\netcoreapp3.1\MSTestProject.dll" adapterTypeName="executor://mstestadapter/v2" className="TwojeWesele.Services.Helpers.Tests.CurrencyHelperTests" name="FormatToStringTest1000" />
    </UnitTest>
    <UnitTest name="FormatToStringTest1000 (181.3640542483721,181.36 zł)" storage="c:\projekty\mstestproject\bin\debug\netcoreapp3.1\mstestproject.dll" id="795906f5-d2e9-4f03-a9a9-e703dc9521ab">
      <TestCategory>
        <TestCategoryItem TestCategory="Category1000" />
      </TestCategory>
      <Execution id="1be17919-be61-476d-b99f-a73e88456873" />
      <TestMethod codeBase="C:\Projekty\MSTestProject\bin\Debug\netcoreapp3.1\MSTestProject.dll" adapterTypeName="executor://mstestadapter/v2" className="TwojeWesele.Services.Helpers.Tests.CurrencyHelperTests" name="FormatToStringTest1000" />
    </UnitTest>
    <UnitTest name="FormatToStringTest1000 (4094.6752323977066,4094.68 zł)" storage="c:\projekty\mstestproject\bin\debug\netcoreapp3.1\mstestproject.dll" id="a11caf0d-7aae-451b-b5ba-f3656d5d3d7f">
      <TestCategory>
        <TestCategoryItem TestCategory="Category1000" />
      </TestCategory>
      <Execution id="53926d09-0891-471f-947e-3eccb4f73e0c" />
      <TestMethod codeBase="C:\Projekty\MSTestProject\bin\Debug\netcoreapp3.1\MSTestProject.dll" adapterTypeName="executor://mstestadapter/v2" className="TwojeWesele.Services.Helpers.Tests.CurrencyHelperTests" name="FormatToStringTest1000" />
    </UnitTest>
    <UnitTest name="FormatToStringTest1000 (40889.35187774214,40889.35 zł)" storage="c:\projekty\mstestproject\bin\debug\netcoreapp3.1\mstestproject.dll" id="71a54cb3-3867-44d0-867d-0fa04da5b723">
      <TestCategory>
        <TestCategoryItem TestCategory="Category1000" />
      </TestCategory>
      <Execution id="d871cb50-11ce-404f-98a0-4b5a003b3922" />
      <TestMethod codeBase="C:\Projekty\MSTestProject\bin\Debug\netcoreapp3.1\MSTestProject.dll" adapterTypeName="executor://mstestadapter/v2" className="TwojeWesele.Services.Helpers.Tests.CurrencyHelperTests" name="FormatToStringTest1000" />
    </UnitTest>
    <UnitTest name="FormatToStringTest1000 (19210.519530370144,19210.52 zł)" storage="c:\projekty\mstestproject\bin\debug\netcoreapp3.1\mstestproject.dll" id="ac363ecc-0104-4cb7-97d0-e00e35cdbc2f">
      <TestCategory>
        <TestCategoryItem TestCategory="Category1000" />
      </TestCategory>
      <Execution id="c0973dbe-c96f-41c4-b3f6-814cca9533b9" />
      <TestMethod codeBase="C:\Projekty\MSTestProject\bin\Debug\netcoreapp3.1\MSTestProject.dll" adapterTypeName="executor://mstestadapter/v2" className="TwojeWesele.Services.Helpers.Tests.CurrencyHelperTests" name="FormatToStringTest1000" />
    </UnitTest>
    <UnitTest name="FormatToStringTest1000 (11100.829211263372,11100.83 zł)" storage="c:\projekty\mstestproject\bin\debug\netcoreapp3.1\mstestproject.dll" id="efdd01f5-5d44-44a9-bd79-b531e2e1466e">
      <TestCategory>
        <TestCategoryItem TestCategory="Category1000" />
      </TestCategory>
      <Execution id="fe44a4e0-03b3-400d-abbe-73361edcdead" />
      <TestMethod codeBase="C:\Projekty\MSTestProject\bin\Debug\netcoreapp3.1\MSTestProject.dll" adapterTypeName="executor://mstestadapter/v2" className="TwojeWesele.Services.Helpers.Tests.CurrencyHelperTests" name="FormatToStringTest1000" />
    </UnitTest>
    <UnitTest name="FormatToStringTest1000 (1228.101744225296,1228.10 zł)" storage="c:\projekty\mstestproject\bin\debug\netcoreapp3.1\mstestproject.dll" id="ca0a289a-b6f5-4664-bfd1-7a18c759255a">
      <TestCategory>
        <TestCategoryItem TestCategory="Category1000" />
      </TestCategory>
      <Execution id="c31edb6e-a305-4e8b-8c77-4913ad38b5aa" />
      <TestMethod codeBase="C:\Projekty\MSTestProject\bin\Debug\netcoreapp3.1\MSTestProject.dll" adapterTypeName="executor://mstestadapter/v2" className="TwojeWesele.Services.Helpers.Tests.CurrencyHelperTests" name="FormatToStringTest1000" />
    </UnitTest>
    <UnitTest name="FormatToStringTest1000 (17252.06220983903,17252.06 zł)" storage="c:\projekty\mstestproject\bin\debug\netcoreapp3.1\mstestproject.dll" id="19c176b2-9166-4089-a4f6-695dab0e26f6">
      <TestCategory>
        <TestCategoryItem TestCategory="Category1000" />
      </TestCategory>
      <Execution id="9cf8d43b-9384-44ac-879e-1936a0c1bddd" />
      <TestMethod codeBase="C:\Projekty\MSTestProject\bin\Debug\netcoreapp3.1\MSTestProject.dll" adapterTypeName="executor://mstestadapter/v2" className="TwojeWesele.Services.Helpers.Tests.CurrencyHelperTests" name="FormatToStringTest1000" />
    </UnitTest>
    <UnitTest name="FormatToStringTest1000 (30385.72086375613,30385.72 zł)" storage="c:\projekty\mstestproject\bin\debug\netcoreapp3.1\mstestproject.dll" id="61e9ee04-1d06-4916-aa45-5c4ded9b4281">
      <TestCategory>
        <TestCategoryItem TestCategory="Category1000" />
      </TestCategory>
      <Execution id="d42c1bcd-f162-4877-9098-643f5a1b42b3" />
      <TestMethod codeBase="C:\Projekty\MSTestProject\bin\Debug\netcoreapp3.1\MSTestProject.dll" adapterTypeName="executor://mstestadapter/v2" className="TwojeWesele.Services.Helpers.Tests.CurrencyHelperTests" name="FormatToStringTest1000" />
    </UnitTest>
    <UnitTest name="FormatToStringTest1000 (29678.921519093645,29678.92 zł)" storage="c:\projekty\mstestproject\bin\debug\netcoreapp3.1\mstestproject.dll" id="6cab3a86-c379-4c30-82b4-3bd8832510b7">
      <TestCategory>
        <TestCategoryItem TestCategory="Category1000" />
      </TestCategory>
      <Execution id="5495f2dc-3d8f-4310-b562-2a4ca795b708" />
      <TestMethod codeBase="C:\Projekty\MSTestProject\bin\Debug\netcoreapp3.1\MSTestProject.dll" adapterTypeName="executor://mstestadapter/v2" className="TwojeWesele.Services.Helpers.Tests.CurrencyHelperTests" name="FormatToStringTest1000" />
    </UnitTest>
    <UnitTest name="FormatToStringTest1000 (16901.497392274203,16901.50 zł)" storage="c:\projekty\mstestproject\bin\debug\netcoreapp3.1\mstestproject.dll" id="c9cf6da9-7d14-44c1-9f12-0c83bef980e8">
      <TestCategory>
        <TestCategoryItem TestCategory="Category1000" />
      </TestCategory>
      <Execution id="d7674d4e-ebff-46fe-a858-b0546e5bc9b3" />
      <TestMethod codeBase="C:\Projekty\MSTestProject\bin\Debug\netcoreapp3.1\MSTestProject.dll" adapterTypeName="executor://mstestadapter/v2" className="TwojeWesele.Services.Helpers.Tests.CurrencyHelperTests" name="FormatToStringTest1000" />
    </UnitTest>
    <UnitTest name="FormatToStringTest1000 (9754.291367935619,9754.29 zł)" storage="c:\projekty\mstestproject\bin\debug\netcoreapp3.1\mstestproject.dll" id="48bd36af-c979-44ea-bb44-65df8c35735d">
      <TestCategory>
        <TestCategoryItem TestCategory="Category1000" />
      </TestCategory>
      <Execution id="ee054671-7ad2-49a4-ad43-27bcd6c8cd22" />
      <TestMethod codeBase="C:\Projekty\MSTestProject\bin\Debug\netcoreapp3.1\MSTestProject.dll" adapterTypeName="executor://mstestadapter/v2" className="TwojeWesele.Services.Helpers.Tests.CurrencyHelperTests" name="FormatToStringTest1000" />
    </UnitTest>
    <UnitTest name="FormatToStringTest1000 (41915.7945284563,41915.79 zł)" storage="c:\projekty\mstestproject\bin\debug\netcoreapp3.1\mstestproject.dll" id="fb076580-f3ae-4da4-bbb6-83a1c1773921">
      <TestCategory>
        <TestCategoryItem TestCategory="Category1000" />
      </TestCategory>
      <Execution id="ce78d854-3e4c-4b1e-ab78-e810bc879ae7" />
      <TestMethod codeBase="C:\Projekty\MSTestProject\bin\Debug\netcoreapp3.1\MSTestProject.dll" adapterTypeName="executor://mstestadapter/v2" className="TwojeWesele.Services.Helpers.Tests.CurrencyHelperTests" name="FormatToStringTest1000" />
    </UnitTest>
    <UnitTest name="FormatToStringTest1000 (2409.393997763001,2409.39 zł)" storage="c:\projekty\mstestproject\bin\debug\netcoreapp3.1\mstestproject.dll" id="7019c558-570b-4ebb-9247-57b66228e64a">
      <TestCategory>
        <TestCategoryItem TestCategory="Category1000" />
      </TestCategory>
      <Execution id="9a807884-f7dc-4ab6-ad24-40ffb55e978d" />
      <TestMethod codeBase="C:\Projekty\MSTestProject\bin\Debug\netcoreapp3.1\MSTestProject.dll" adapterTypeName="executor://mstestadapter/v2" className="TwojeWesele.Services.Helpers.Tests.CurrencyHelperTests" name="FormatToStringTest1000" />
    </UnitTest>
    <UnitTest name="FormatToStringTest1000 (64210.358316209335,64210.36 zł)" storage="c:\projekty\mstestproject\bin\debug\netcoreapp3.1\mstestproject.dll" id="8385395b-15f2-4023-876b-e30cf429b329">
      <TestCategory>
        <TestCategoryItem TestCategory="Category1000" />
      </TestCategory>
      <Execution id="9091084d-7685-4856-9924-070150c5cc29" />
      <TestMethod codeBase="C:\Projekty\MSTestProject\bin\Debug\netcoreapp3.1\MSTestProject.dll" adapterTypeName="executor://mstestadapter/v2" className="TwojeWesele.Services.Helpers.Tests.CurrencyHelperTests" name="FormatToStringTest1000" />
    </UnitTest>
    <UnitTest name="FormatToStringTest1000 (464.74397441965715,464.74 zł)" storage="c:\projekty\mstestproject\bin\debug\netcoreapp3.1\mstestproject.dll" id="c78f7b10-40ac-46f8-bd8c-f25fcd4b4c00">
      <TestCategory>
        <TestCategoryItem TestCategory="Category1000" />
      </TestCategory>
      <Execution id="cd28542f-8f4c-4ae9-8fac-8d2640f2e2bd" />
      <TestMethod codeBase="C:\Projekty\MSTestProject\bin\Debug\netcoreapp3.1\MSTestProject.dll" adapterTypeName="executor://mstestadapter/v2" className="TwojeWesele.Services.Helpers.Tests.CurrencyHelperTests" name="FormatToStringTest1000" />
    </UnitTest>
    <UnitTest name="FormatToStringTest1000 (45739.569854490255,45739.57 zł)" storage="c:\projekty\mstestproject\bin\debug\netcoreapp3.1\mstestproject.dll" id="bb6028fb-a565-4e45-aba4-9a4f3b88218b">
      <TestCategory>
        <TestCategoryItem TestCategory="Category1000" />
      </TestCategory>
      <Execution id="4c5bbcef-fa41-48fe-b7af-f4cb1c256465" />
      <TestMethod codeBase="C:\Projekty\MSTestProject\bin\Debug\netcoreapp3.1\MSTestProject.dll" adapterTypeName="executor://mstestadapter/v2" className="TwojeWesele.Services.Helpers.Tests.CurrencyHelperTests" name="FormatToStringTest1000" />
    </UnitTest>
    <UnitTest name="FormatToStringTest1000 (29917.15005391145,29917.15 zł)" storage="c:\projekty\mstestproject\bin\debug\netcoreapp3.1\mstestproject.dll" id="a5451cb5-e4ac-4bab-8d0b-53dbe8cc125c">
      <TestCategory>
        <TestCategoryItem TestCategory="Category1000" />
      </TestCategory>
      <Execution id="9fe4ac21-bbaf-4030-87c1-5ffb4a2f68e6" />
      <TestMethod codeBase="C:\Projekty\MSTestProject\bin\Debug\netcoreapp3.1\MSTestProject.dll" adapterTypeName="executor://mstestadapter/v2" className="TwojeWesele.Services.Helpers.Tests.CurrencyHelperTests" name="FormatToStringTest1000" />
    </UnitTest>
    <UnitTest name="FormatToStringTest1000 (6544.213759255695,6544.21 zł)" storage="c:\projekty\mstestproject\bin\debug\netcoreapp3.1\mstestproject.dll" id="7d996d40-2e81-47eb-a994-e0262fd09b7c">
      <TestCategory>
        <TestCategoryItem TestCategory="Category1000" />
      </TestCategory>
      <Execution id="f76f3de4-9af1-4865-abaa-bd07dd8df764" />
      <TestMethod codeBase="C:\Projekty\MSTestProject\bin\Debug\netcoreapp3.1\MSTestProject.dll" adapterTypeName="executor://mstestadapter/v2" className="TwojeWesele.Services.Helpers.Tests.CurrencyHelperTests" name="FormatToStringTest1000" />
    </UnitTest>
    <UnitTest name="FormatToStringTest1000 (22248.263319677797,22248.26 zł)" storage="c:\projekty\mstestproject\bin\debug\netcoreapp3.1\mstestproject.dll" id="9209fdfe-9971-4eb4-9222-8d7e0d367fa2">
      <TestCategory>
        <TestCategoryItem TestCategory="Category1000" />
      </TestCategory>
      <Execution id="1e41d771-bb73-4a8e-8024-70ce7231c929" />
      <TestMethod codeBase="C:\Projekty\MSTestProject\bin\Debug\netcoreapp3.1\MSTestProject.dll" adapterTypeName="executor://mstestadapter/v2" className="TwojeWesele.Services.Helpers.Tests.CurrencyHelperTests" name="FormatToStringTest1000" />
    </UnitTest>
    <UnitTest name="FormatToStringTest1000 (58848.60825001477,58848.61 zł)" storage="c:\projekty\mstestproject\bin\debug\netcoreapp3.1\mstestproject.dll" id="53949c20-f658-45ea-9449-5d07e7993853">
      <TestCategory>
        <TestCategoryItem TestCategory="Category1000" />
      </TestCategory>
      <Execution id="ae13fe1d-5099-497b-adeb-9e345309af6f" />
      <TestMethod codeBase="C:\Projekty\MSTestProject\bin\Debug\netcoreapp3.1\MSTestProject.dll" adapterTypeName="executor://mstestadapter/v2" className="TwojeWesele.Services.Helpers.Tests.CurrencyHelperTests" name="FormatToStringTest1000" />
    </UnitTest>
    <UnitTest name="FormatToStringTest1000 (44677.61946778074,44677.62 zł)" storage="c:\projekty\mstestproject\bin\debug\netcoreapp3.1\mstestproject.dll" id="54dce0c9-c7b2-452e-b549-e35b5582f09c">
      <TestCategory>
        <TestCategoryItem TestCategory="Category1000" />
      </TestCategory>
      <Execution id="73e0a15b-c4e6-403c-a77c-c371bada2c99" />
      <TestMethod codeBase="C:\Projekty\MSTestProject\bin\Debug\netcoreapp3.1\MSTestProject.dll" adapterTypeName="executor://mstestadapter/v2" className="TwojeWesele.Services.Helpers.Tests.CurrencyHelperTests" name="FormatToStringTest1000" />
    </UnitTest>
    <UnitTest name="FormatToStringTest1000 (48428.38681602682,48428.39 zł)" storage="c:\projekty\mstestproject\bin\debug\netcoreapp3.1\mstestproject.dll" id="f3901d1d-e32f-429b-b92f-f6e1619e2df4">
      <TestCategory>
        <TestCategoryItem TestCategory="Category1000" />
      </TestCategory>
      <Execution id="c33e090d-f019-4d91-af46-72242270df26" />
      <TestMethod codeBase="C:\Projekty\MSTestProject\bin\Debug\netcoreapp3.1\MSTestProject.dll" adapterTypeName="executor://mstestadapter/v2" className="TwojeWesele.Services.Helpers.Tests.CurrencyHelperTests" name="FormatToStringTest1000" />
    </UnitTest>
    <UnitTest name="FormatToStringTest1000 (782.6578288817116,782.66 zł)" storage="c:\projekty\mstestproject\bin\debug\netcoreapp3.1\mstestproject.dll" id="8c410126-1b47-44f2-b842-060baa075312">
      <TestCategory>
        <TestCategoryItem TestCategory="Category1000" />
      </TestCategory>
      <Execution id="84a84407-493b-4b09-980d-a533e4b51954" />
      <TestMethod codeBase="C:\Projekty\MSTestProject\bin\Debug\netcoreapp3.1\MSTestProject.dll" adapterTypeName="executor://mstestadapter/v2" className="TwojeWesele.Services.Helpers.Tests.CurrencyHelperTests" name="FormatToStringTest1000" />
    </UnitTest>
    <UnitTest name="FormatToStringTest1000 (86.89546322771136,86.90 zł)" storage="c:\projekty\mstestproject\bin\debug\netcoreapp3.1\mstestproject.dll" id="29f70c16-bbdf-433b-b213-5d717f21e6f4">
      <TestCategory>
        <TestCategoryItem TestCategory="Category1000" />
      </TestCategory>
      <Execution id="e6f1219f-2a1f-489a-bf6c-4f677fd50e87" />
      <TestMethod codeBase="C:\Projekty\MSTestProject\bin\Debug\netcoreapp3.1\MSTestProject.dll" adapterTypeName="executor://mstestadapter/v2" className="TwojeWesele.Services.Helpers.Tests.CurrencyHelperTests" name="FormatToStringTest1000" />
    </UnitTest>
    <UnitTest name="FormatToStringTest1000 (12187.551827252633,12187.55 zł)" storage="c:\projekty\mstestproject\bin\debug\netcoreapp3.1\mstestproject.dll" id="12d4e1a5-0dba-458a-ab08-0f41189d7210">
      <TestCategory>
        <TestCategoryItem TestCategory="Category1000" />
      </TestCategory>
      <Execution id="b3eed814-c21f-4829-a9c9-168ed9c1983a" />
      <TestMethod codeBase="C:\Projekty\MSTestProject\bin\Debug\netcoreapp3.1\MSTestProject.dll" adapterTypeName="executor://mstestadapter/v2" className="TwojeWesele.Services.Helpers.Tests.CurrencyHelperTests" name="FormatToStringTest1000" />
    </UnitTest>
    <UnitTest name="FormatToStringTest1000 (3030.9461949132133,3030.95 zł)" storage="c:\projekty\mstestproject\bin\debug\netcoreapp3.1\mstestproject.dll" id="21e62e4a-a163-49b8-8d43-c8cc1172e097">
      <TestCategory>
        <TestCategoryItem TestCategory="Category1000" />
      </TestCategory>
      <Execution id="06984b77-ac6c-4f12-bbba-9ef9f45b6f6f" />
      <TestMethod codeBase="C:\Projekty\MSTestProject\bin\Debug\netcoreapp3.1\MSTestProject.dll" adapterTypeName="executor://mstestadapter/v2" className="TwojeWesele.Services.Helpers.Tests.CurrencyHelperTests" name="FormatToStringTest1000" />
    </UnitTest>
    <UnitTest name="FormatToStringTest1000 (58191.92113629585,58191.92 zł)" storage="c:\projekty\mstestproject\bin\debug\netcoreapp3.1\mstestproject.dll" id="4944b39e-9b97-4e91-bcda-3b58c90dc3dc">
      <TestCategory>
        <TestCategoryItem TestCategory="Category1000" />
      </TestCategory>
      <Execution id="b2045067-3b1d-4fc4-b852-b29dbd66a94a" />
      <TestMethod codeBase="C:\Projekty\MSTestProject\bin\Debug\netcoreapp3.1\MSTestProject.dll" adapterTypeName="executor://mstestadapter/v2" className="TwojeWesele.Services.Helpers.Tests.CurrencyHelperTests" name="FormatToStringTest1000" />
    </UnitTest>
    <UnitTest name="FormatToStringTest1000 (33601.357302459124,33601.36 zł)" storage="c:\projekty\mstestproject\bin\debug\netcoreapp3.1\mstestproject.dll" id="c96fb1cd-85a5-404a-9fdf-bb780285a9f9">
      <TestCategory>
        <TestCategoryItem TestCategory="Category1000" />
      </TestCategory>
      <Execution id="c0ed4285-aeb2-41a5-84c7-7b633ad19994" />
      <TestMethod codeBase="C:\Projekty\MSTestProject\bin\Debug\netcoreapp3.1\MSTestProject.dll" adapterTypeName="executor://mstestadapter/v2" className="TwojeWesele.Services.Helpers.Tests.CurrencyHelperTests" name="FormatToStringTest1000" />
    </UnitTest>
    <UnitTest name="FormatToStringTest1000 (32821.05661472215,32821.06 zł)" storage="c:\projekty\mstestproject\bin\debug\netcoreapp3.1\mstestproject.dll" id="ced42134-b66e-4d8c-915b-971b1627603a">
      <TestCategory>
        <TestCategoryItem TestCategory="Category1000" />
      </TestCategory>
      <Execution id="e86df51a-b2f1-4d38-9321-605a3f17899e" />
      <TestMethod codeBase="C:\Projekty\MSTestProject\bin\Debug\netcoreapp3.1\MSTestProject.dll" adapterTypeName="executor://mstestadapter/v2" className="TwojeWesele.Services.Helpers.Tests.CurrencyHelperTests" name="FormatToStringTest1000" />
    </UnitTest>
    <UnitTest name="FormatToStringTest1000 (55303.17220895699,55303.17 zł)" storage="c:\projekty\mstestproject\bin\debug\netcoreapp3.1\mstestproject.dll" id="10ffab7b-d9ab-4b9e-a710-da758e106bf1">
      <TestCategory>
        <TestCategoryItem TestCategory="Category1000" />
      </TestCategory>
      <Execution id="74aecf77-a5df-4094-a3f0-64eae9539f07" />
      <TestMethod codeBase="C:\Projekty\MSTestProject\bin\Debug\netcoreapp3.1\MSTestProject.dll" adapterTypeName="executor://mstestadapter/v2" className="TwojeWesele.Services.Helpers.Tests.CurrencyHelperTests" name="FormatToStringTest1000" />
    </UnitTest>
    <UnitTest name="FormatToStringTest1000 (68770.73008707525,68770.73 zł)" storage="c:\projekty\mstestproject\bin\debug\netcoreapp3.1\mstestproject.dll" id="ed85b1f9-4c29-4600-8b6f-165cf2e1aa44">
      <TestCategory>
        <TestCategoryItem TestCategory="Category1000" />
      </TestCategory>
      <Execution id="b2ae64a1-b365-49f5-a8d8-df970fde5f53" />
      <TestMethod codeBase="C:\Projekty\MSTestProject\bin\Debug\netcoreapp3.1\MSTestProject.dll" adapterTypeName="executor://mstestadapter/v2" className="TwojeWesele.Services.Helpers.Tests.CurrencyHelperTests" name="FormatToStringTest1000" />
    </UnitTest>
    <UnitTest name="FormatToStringTest1000 (1799.2562459103092,1799.26 zł)" storage="c:\projekty\mstestproject\bin\debug\netcoreapp3.1\mstestproject.dll" id="f4114d9d-c8cb-4a97-9030-0b30edb523e2">
      <TestCategory>
        <TestCategoryItem TestCategory="Category1000" />
      </TestCategory>
      <Execution id="3b266869-997b-48e9-b741-521d874a7600" />
      <TestMethod codeBase="C:\Projekty\MSTestProject\bin\Debug\netcoreapp3.1\MSTestProject.dll" adapterTypeName="executor://mstestadapter/v2" className="TwojeWesele.Services.Helpers.Tests.CurrencyHelperTests" name="FormatToStringTest1000" />
    </UnitTest>
    <UnitTest name="FormatToStringTest1000 (9867.823212210007,9867.82 zł)" storage="c:\projekty\mstestproject\bin\debug\netcoreapp3.1\mstestproject.dll" id="fb9b1bb5-6147-4de3-b9fd-d1bc322eda58">
      <TestCategory>
        <TestCategoryItem TestCategory="Category1000" />
      </TestCategory>
      <Execution id="6c57d71e-a8ed-402a-8252-cea6871c1791" />
      <TestMethod codeBase="C:\Projekty\MSTestProject\bin\Debug\netcoreapp3.1\MSTestProject.dll" adapterTypeName="executor://mstestadapter/v2" className="TwojeWesele.Services.Helpers.Tests.CurrencyHelperTests" name="FormatToStringTest1000" />
    </UnitTest>
    <UnitTest name="FormatToStringTest1000 (15669.698889610218,15669.70 zł)" storage="c:\projekty\mstestproject\bin\debug\netcoreapp3.1\mstestproject.dll" id="4b79da38-1a83-4db5-977a-5f1a67068bbb">
      <TestCategory>
        <TestCategoryItem TestCategory="Category1000" />
      </TestCategory>
      <Execution id="48c06c45-686c-4d00-8ced-42d0c11070bc" />
      <TestMethod codeBase="C:\Projekty\MSTestProject\bin\Debug\netcoreapp3.1\MSTestProject.dll" adapterTypeName="executor://mstestadapter/v2" className="TwojeWesele.Services.Helpers.Tests.CurrencyHelperTests" name="FormatToStringTest1000" />
    </UnitTest>
    <UnitTest name="FormatToStringTest1000 (31300.40752580967,31300.41 zł)" storage="c:\projekty\mstestproject\bin\debug\netcoreapp3.1\mstestproject.dll" id="1da84b60-0fb5-4f88-afe3-ff1516101397">
      <TestCategory>
        <TestCategoryItem TestCategory="Category1000" />
      </TestCategory>
      <Execution id="2b60a8c5-9dd2-4354-8da5-bcb85532669d" />
      <TestMethod codeBase="C:\Projekty\MSTestProject\bin\Debug\netcoreapp3.1\MSTestProject.dll" adapterTypeName="executor://mstestadapter/v2" className="TwojeWesele.Services.Helpers.Tests.CurrencyHelperTests" name="FormatToStringTest1000" />
    </UnitTest>
    <UnitTest name="FormatToStringTest1000 (33851.35523524618,33851.36 zł)" storage="c:\projekty\mstestproject\bin\debug\netcoreapp3.1\mstestproject.dll" id="764de168-941d-4f06-826c-1af8b6726c3d">
      <TestCategory>
        <TestCategoryItem TestCategory="Category1000" />
      </TestCategory>
      <Execution id="b3047c52-65f4-48b2-b6b9-c6f15ddad6ab" />
      <TestMethod codeBase="C:\Projekty\MSTestProject\bin\Debug\netcoreapp3.1\MSTestProject.dll" adapterTypeName="executor://mstestadapter/v2" className="TwojeWesele.Services.Helpers.Tests.CurrencyHelperTests" name="FormatToStringTest1000" />
    </UnitTest>
    <UnitTest name="FormatToStringTest1000 (8013.1229931903645,8013.12 zł)" storage="c:\projekty\mstestproject\bin\debug\netcoreapp3.1\mstestproject.dll" id="c3d28a36-4674-42f7-bbdf-1f88111349fd">
      <TestCategory>
        <TestCategoryItem TestCategory="Category1000" />
      </TestCategory>
      <Execution id="bad55626-6bff-442a-a19c-4b828a45f35e" />
      <TestMethod codeBase="C:\Projekty\MSTestProject\bin\Debug\netcoreapp3.1\MSTestProject.dll" adapterTypeName="executor://mstestadapter/v2" className="TwojeWesele.Services.Helpers.Tests.CurrencyHelperTests" name="FormatToStringTest1000" />
    </UnitTest>
    <UnitTest name="FormatToStringTest1000 (5507.360659962688,5507.36 zł)" storage="c:\projekty\mstestproject\bin\debug\netcoreapp3.1\mstestproject.dll" id="3240fbfe-2409-4c5b-8395-5bca79c22ddd">
      <TestCategory>
        <TestCategoryItem TestCategory="Category1000" />
      </TestCategory>
      <Execution id="68e3114f-e19a-44cb-adb0-3c5f78010e2a" />
      <TestMethod codeBase="C:\Projekty\MSTestProject\bin\Debug\netcoreapp3.1\MSTestProject.dll" adapterTypeName="executor://mstestadapter/v2" className="TwojeWesele.Services.Helpers.Tests.CurrencyHelperTests" name="FormatToStringTest1000" />
    </UnitTest>
    <UnitTest name="FormatToStringTest1000 (79764.77845563217,79764.78 zł)" storage="c:\projekty\mstestproject\bin\debug\netcoreapp3.1\mstestproject.dll" id="8c511cc3-bceb-45ee-8551-bc8167a0438f">
      <TestCategory>
        <TestCategoryItem TestCategory="Category1000" />
      </TestCategory>
      <Execution id="7a673c1f-ad4e-4321-a497-38974b2c77f2" />
      <TestMethod codeBase="C:\Projekty\MSTestProject\bin\Debug\netcoreapp3.1\MSTestProject.dll" adapterTypeName="executor://mstestadapter/v2" className="TwojeWesele.Services.Helpers.Tests.CurrencyHelperTests" name="FormatToStringTest1000" />
    </UnitTest>
    <UnitTest name="FormatToStringTest1000 (61422.228144277455,61422.23 zł)" storage="c:\projekty\mstestproject\bin\debug\netcoreapp3.1\mstestproject.dll" id="f6606a26-b7ad-43e5-aab7-c2e228697566">
      <TestCategory>
        <TestCategoryItem TestCategory="Category1000" />
      </TestCategory>
      <Execution id="7047cac7-eedc-4e23-b760-1574f3185a59" />
      <TestMethod codeBase="C:\Projekty\MSTestProject\bin\Debug\netcoreapp3.1\MSTestProject.dll" adapterTypeName="executor://mstestadapter/v2" className="TwojeWesele.Services.Helpers.Tests.CurrencyHelperTests" name="FormatToStringTest1000" />
    </UnitTest>
    <UnitTest name="FormatToStringTest1000 (66284.43763489948,66284.44 zł)" storage="c:\projekty\mstestproject\bin\debug\netcoreapp3.1\mstestproject.dll" id="34249693-f86e-408c-91f4-8b0989cd3d58">
      <TestCategory>
        <TestCategoryItem TestCategory="Category1000" />
      </TestCategory>
      <Execution id="270d39fc-f6c8-4a98-b5c7-b7ba1b23b957" />
      <TestMethod codeBase="C:\Projekty\MSTestProject\bin\Debug\netcoreapp3.1\MSTestProject.dll" adapterTypeName="executor://mstestadapter/v2" className="TwojeWesele.Services.Helpers.Tests.CurrencyHelperTests" name="FormatToStringTest1000" />
    </UnitTest>
    <UnitTest name="FormatToStringTest1000 (32812.53695512634,32812.54 zł)" storage="c:\projekty\mstestproject\bin\debug\netcoreapp3.1\mstestproject.dll" id="87ca59b4-3fc9-4409-a9ff-2d9e7cefd500">
      <TestCategory>
        <TestCategoryItem TestCategory="Category1000" />
      </TestCategory>
      <Execution id="011326cd-3bba-4131-9fee-9b14eced45a3" />
      <TestMethod codeBase="C:\Projekty\MSTestProject\bin\Debug\netcoreapp3.1\MSTestProject.dll" adapterTypeName="executor://mstestadapter/v2" className="TwojeWesele.Services.Helpers.Tests.CurrencyHelperTests" name="FormatToStringTest1000" />
    </UnitTest>
    <UnitTest name="FormatToStringTest1000 (3506.8456124108498,3506.85 zł)" storage="c:\projekty\mstestproject\bin\debug\netcoreapp3.1\mstestproject.dll" id="0623724b-0764-4cb7-aa4d-2997e5943d4e">
      <TestCategory>
        <TestCategoryItem TestCategory="Category1000" />
      </TestCategory>
      <Execution id="e18a0a58-e351-4a2d-81da-ff3702f337a9" />
      <TestMethod codeBase="C:\Projekty\MSTestProject\bin\Debug\netcoreapp3.1\MSTestProject.dll" adapterTypeName="executor://mstestadapter/v2" className="TwojeWesele.Services.Helpers.Tests.CurrencyHelperTests" name="FormatToStringTest1000" />
    </UnitTest>
    <UnitTest name="FormatToStringTest1000 (6102.4120417453405,6102.41 zł)" storage="c:\projekty\mstestproject\bin\debug\netcoreapp3.1\mstestproject.dll" id="16fbaa8c-bff4-4f1e-8836-157a35a46cda">
      <TestCategory>
        <TestCategoryItem TestCategory="Category1000" />
      </TestCategory>
      <Execution id="dc3d6f27-cf7e-4322-a52a-24cf1d986937" />
      <TestMethod codeBase="C:\Projekty\MSTestProject\bin\Debug\netcoreapp3.1\MSTestProject.dll" adapterTypeName="executor://mstestadapter/v2" className="TwojeWesele.Services.Helpers.Tests.CurrencyHelperTests" name="FormatToStringTest1000" />
    </UnitTest>
    <UnitTest name="FormatToStringTest1000 (675.4589376107133,675.46 zł)" storage="c:\projekty\mstestproject\bin\debug\netcoreapp3.1\mstestproject.dll" id="48d2ef4c-98c7-4f09-b7a7-e16f999a0c99">
      <TestCategory>
        <TestCategoryItem TestCategory="Category1000" />
      </TestCategory>
      <Execution id="6d184302-c538-408b-87a5-665653e670db" />
      <TestMethod codeBase="C:\Projekty\MSTestProject\bin\Debug\netcoreapp3.1\MSTestProject.dll" adapterTypeName="executor://mstestadapter/v2" className="TwojeWesele.Services.Helpers.Tests.CurrencyHelperTests" name="FormatToStringTest1000" />
    </UnitTest>
    <UnitTest name="FormatToStringTest1000 (43799.04472166535,43799.04 zł)" storage="c:\projekty\mstestproject\bin\debug\netcoreapp3.1\mstestproject.dll" id="eb6ade89-70fd-46d7-9352-badfe55ff228">
      <TestCategory>
        <TestCategoryItem TestCategory="Category1000" />
      </TestCategory>
      <Execution id="a9276870-facc-46f5-8c39-e69f2929e234" />
      <TestMethod codeBase="C:\Projekty\MSTestProject\bin\Debug\netcoreapp3.1\MSTestProject.dll" adapterTypeName="executor://mstestadapter/v2" className="TwojeWesele.Services.Helpers.Tests.CurrencyHelperTests" name="FormatToStringTest1000" />
    </UnitTest>
    <UnitTest name="FormatToStringTest1000 (10994.251866986162,10994.25 zł)" storage="c:\projekty\mstestproject\bin\debug\netcoreapp3.1\mstestproject.dll" id="5a507e79-4e1d-4bf8-a7be-a99fb5d813b2">
      <TestCategory>
        <TestCategoryItem TestCategory="Category1000" />
      </TestCategory>
      <Execution id="7a584194-dbaa-4e54-a73d-67f82616e517" />
      <TestMethod codeBase="C:\Projekty\MSTestProject\bin\Debug\netcoreapp3.1\MSTestProject.dll" adapterTypeName="executor://mstestadapter/v2" className="TwojeWesele.Services.Helpers.Tests.CurrencyHelperTests" name="FormatToStringTest1000" />
    </UnitTest>
    <UnitTest name="FormatToStringTest1000 (39641.61351217451,39641.61 zł)" storage="c:\projekty\mstestproject\bin\debug\netcoreapp3.1\mstestproject.dll" id="2afd9ea8-6da3-4893-a76c-955f1b25c43a">
      <TestCategory>
        <TestCategoryItem TestCategory="Category1000" />
      </TestCategory>
      <Execution id="010913b2-8054-408a-b4d7-ba4a3c31c70b" />
      <TestMethod codeBase="C:\Projekty\MSTestProject\bin\Debug\netcoreapp3.1\MSTestProject.dll" adapterTypeName="executor://mstestadapter/v2" className="TwojeWesele.Services.Helpers.Tests.CurrencyHelperTests" name="FormatToStringTest1000" />
    </UnitTest>
    <UnitTest name="FormatToStringTest1000 (9816.961298880615,9816.96 zł)" storage="c:\projekty\mstestproject\bin\debug\netcoreapp3.1\mstestproject.dll" id="b7d2a247-63cf-4e4f-ae0a-8dfe173e68f1">
      <TestCategory>
        <TestCategoryItem TestCategory="Category1000" />
      </TestCategory>
      <Execution id="b9e013b0-544c-42cd-93b6-457c36871dd8" />
      <TestMethod codeBase="C:\Projekty\MSTestProject\bin\Debug\netcoreapp3.1\MSTestProject.dll" adapterTypeName="executor://mstestadapter/v2" className="TwojeWesele.Services.Helpers.Tests.CurrencyHelperTests" name="FormatToStringTest1000" />
    </UnitTest>
    <UnitTest name="FormatToStringTest1000 (11958.422287871792,11958.42 zł)" storage="c:\projekty\mstestproject\bin\debug\netcoreapp3.1\mstestproject.dll" id="6cfe2abd-b170-4c26-9da6-d947b9b3dc83">
      <TestCategory>
        <TestCategoryItem TestCategory="Category1000" />
      </TestCategory>
      <Execution id="eea6adec-cb0b-4163-8df2-ca27162752d9" />
      <TestMethod codeBase="C:\Projekty\MSTestProject\bin\Debug\netcoreapp3.1\MSTestProject.dll" adapterTypeName="executor://mstestadapter/v2" className="TwojeWesele.Services.Helpers.Tests.CurrencyHelperTests" name="FormatToStringTest1000" />
    </UnitTest>
    <UnitTest name="FormatToStringTest1000 (25376.6225052097,25376.62 zł)" storage="c:\projekty\mstestproject\bin\debug\netcoreapp3.1\mstestproject.dll" id="e1f4fe2f-f331-49ea-8176-7b3cf4556b7b">
      <TestCategory>
        <TestCategoryItem TestCategory="Category1000" />
      </TestCategory>
      <Execution id="3f6ba2d1-9d0e-45e7-b0f5-4a6e1610ef2a" />
      <TestMethod codeBase="C:\Projekty\MSTestProject\bin\Debug\netcoreapp3.1\MSTestProject.dll" adapterTypeName="executor://mstestadapter/v2" className="TwojeWesele.Services.Helpers.Tests.CurrencyHelperTests" name="FormatToStringTest1000" />
    </UnitTest>
    <UnitTest name="FormatToStringTest1000 (317.9090540706688,317.91 zł)" storage="c:\projekty\mstestproject\bin\debug\netcoreapp3.1\mstestproject.dll" id="b1f8a142-3548-420b-a22f-cee2f2b4e16d">
      <TestCategory>
        <TestCategoryItem TestCategory="Category1000" />
      </TestCategory>
      <Execution id="1756d8f3-9419-4f72-afcb-b21d749cdea4" />
      <TestMethod codeBase="C:\Projekty\MSTestProject\bin\Debug\netcoreapp3.1\MSTestProject.dll" adapterTypeName="executor://mstestadapter/v2" className="TwojeWesele.Services.Helpers.Tests.CurrencyHelperTests" name="FormatToStringTest1000" />
    </UnitTest>
    <UnitTest name="FormatToStringTest1000 (22330.217605518745,22330.22 zł)" storage="c:\projekty\mstestproject\bin\debug\netcoreapp3.1\mstestproject.dll" id="301a6937-a9a9-447e-8e93-b09fe850ff43">
      <TestCategory>
        <TestCategoryItem TestCategory="Category1000" />
      </TestCategory>
      <Execution id="0003514d-222a-4c2a-9c42-2de80b89ea63" />
      <TestMethod codeBase="C:\Projekty\MSTestProject\bin\Debug\netcoreapp3.1\MSTestProject.dll" adapterTypeName="executor://mstestadapter/v2" className="TwojeWesele.Services.Helpers.Tests.CurrencyHelperTests" name="FormatToStringTest1000" />
    </UnitTest>
    <UnitTest name="FormatToStringTest1000 (5287.3103648714305,5287.31 zł)" storage="c:\projekty\mstestproject\bin\debug\netcoreapp3.1\mstestproject.dll" id="49408515-c829-4898-9ae0-e3be652bbe25">
      <TestCategory>
        <TestCategoryItem TestCategory="Category1000" />
      </TestCategory>
      <Execution id="4441c415-e2e2-4014-b404-0c34d6ab2ee0" />
      <TestMethod codeBase="C:\Projekty\MSTestProject\bin\Debug\netcoreapp3.1\MSTestProject.dll" adapterTypeName="executor://mstestadapter/v2" className="TwojeWesele.Services.Helpers.Tests.CurrencyHelperTests" name="FormatToStringTest1000" />
    </UnitTest>
    <UnitTest name="FormatToStringTest1000 (15639.704937780603,15639.70 zł)" storage="c:\projekty\mstestproject\bin\debug\netcoreapp3.1\mstestproject.dll" id="068fdb33-0af0-4cfd-b9a0-2309ef034e9b">
      <TestCategory>
        <TestCategoryItem TestCategory="Category1000" />
      </TestCategory>
      <Execution id="f2b05a35-803b-41c0-b7ca-a677b3dbb069" />
      <TestMethod codeBase="C:\Projekty\MSTestProject\bin\Debug\netcoreapp3.1\MSTestProject.dll" adapterTypeName="executor://mstestadapter/v2" className="TwojeWesele.Services.Helpers.Tests.CurrencyHelperTests" name="FormatToStringTest1000" />
    </UnitTest>
    <UnitTest name="FormatToStringTest1000 (31290.71396233687,31290.71 zł)" storage="c:\projekty\mstestproject\bin\debug\netcoreapp3.1\mstestproject.dll" id="120465c1-31ad-43d6-8f18-9a7216cc915e">
      <TestCategory>
        <TestCategoryItem TestCategory="Category1000" />
      </TestCategory>
      <Execution id="5ae389f4-3435-4bf6-8c8f-2143631e2e66" />
      <TestMethod codeBase="C:\Projekty\MSTestProject\bin\Debug\netcoreapp3.1\MSTestProject.dll" adapterTypeName="executor://mstestadapter/v2" className="TwojeWesele.Services.Helpers.Tests.CurrencyHelperTests" name="FormatToStringTest1000" />
    </UnitTest>
    <UnitTest name="FormatToStringTest1000 (5317.9582678023535,5317.96 zł)" storage="c:\projekty\mstestproject\bin\debug\netcoreapp3.1\mstestproject.dll" id="c6a7aa3b-038a-4a15-b4a5-2e56d30463e0">
      <TestCategory>
        <TestCategoryItem TestCategory="Category1000" />
      </TestCategory>
      <Execution id="b825f1f2-fc56-4d9b-8025-05160d531659" />
      <TestMethod codeBase="C:\Projekty\MSTestProject\bin\Debug\netcoreapp3.1\MSTestProject.dll" adapterTypeName="executor://mstestadapter/v2" className="TwojeWesele.Services.Helpers.Tests.CurrencyHelperTests" name="FormatToStringTest1000" />
    </UnitTest>
    <UnitTest name="FormatToStringTest1000 (62975.496334776515,62975.50 zł)" storage="c:\projekty\mstestproject\bin\debug\netcoreapp3.1\mstestproject.dll" id="9aff00c3-a3d3-4d0b-96e5-0adffc1562b6">
      <TestCategory>
        <TestCategoryItem TestCategory="Category1000" />
      </TestCategory>
      <Execution id="608d92c7-0917-414b-be7b-16829522870b" />
      <TestMethod codeBase="C:\Projekty\MSTestProject\bin\Debug\netcoreapp3.1\MSTestProject.dll" adapterTypeName="executor://mstestadapter/v2" className="TwojeWesele.Services.Helpers.Tests.CurrencyHelperTests" name="FormatToStringTest1000" />
    </UnitTest>
    <UnitTest name="FormatToStringTest1000 (28502.61128259758,28502.61 zł)" storage="c:\projekty\mstestproject\bin\debug\netcoreapp3.1\mstestproject.dll" id="8f685e8c-058e-4b7b-b2ce-db6ddff03908">
      <TestCategory>
        <TestCategoryItem TestCategory="Category1000" />
      </TestCategory>
      <Execution id="99fcc074-611f-41ca-a287-48e958fa073f" />
      <TestMethod codeBase="C:\Projekty\MSTestProject\bin\Debug\netcoreapp3.1\MSTestProject.dll" adapterTypeName="executor://mstestadapter/v2" className="TwojeWesele.Services.Helpers.Tests.CurrencyHelperTests" name="FormatToStringTest1000" />
    </UnitTest>
    <UnitTest name="FormatToStringTest1000 (18627.604896394354,18627.60 zł)" storage="c:\projekty\mstestproject\bin\debug\netcoreapp3.1\mstestproject.dll" id="08ef955c-04d6-4e13-8c77-5776d4074c1e">
      <TestCategory>
        <TestCategoryItem TestCategory="Category1000" />
      </TestCategory>
      <Execution id="5a74efec-f1c7-431d-8151-3ffacef3c173" />
      <TestMethod codeBase="C:\Projekty\MSTestProject\bin\Debug\netcoreapp3.1\MSTestProject.dll" adapterTypeName="executor://mstestadapter/v2" className="TwojeWesele.Services.Helpers.Tests.CurrencyHelperTests" name="FormatToStringTest1000" />
    </UnitTest>
    <UnitTest name="FormatToStringTest1000 (11944.74385168531,11944.74 zł)" storage="c:\projekty\mstestproject\bin\debug\netcoreapp3.1\mstestproject.dll" id="ee44e449-965f-4ac2-99ff-d3d7269ed676">
      <TestCategory>
        <TestCategoryItem TestCategory="Category1000" />
      </TestCategory>
      <Execution id="15a486fc-d537-47b5-88ee-b6bd8e68084b" />
      <TestMethod codeBase="C:\Projekty\MSTestProject\bin\Debug\netcoreapp3.1\MSTestProject.dll" adapterTypeName="executor://mstestadapter/v2" className="TwojeWesele.Services.Helpers.Tests.CurrencyHelperTests" name="FormatToStringTest1000" />
    </UnitTest>
    <UnitTest name="FormatToStringTest1000 (20737.251994218328,20737.25 zł)" storage="c:\projekty\mstestproject\bin\debug\netcoreapp3.1\mstestproject.dll" id="cf7dddd0-39e0-4865-86b4-50c8eff99ea4">
      <TestCategory>
        <TestCategoryItem TestCategory="Category1000" />
      </TestCategory>
      <Execution id="e2c65a49-91a6-4d88-8e0d-568934bfb7a4" />
      <TestMethod codeBase="C:\Projekty\MSTestProject\bin\Debug\netcoreapp3.1\MSTestProject.dll" adapterTypeName="executor://mstestadapter/v2" className="TwojeWesele.Services.Helpers.Tests.CurrencyHelperTests" name="FormatToStringTest1000" />
    </UnitTest>
    <UnitTest name="FormatToStringTest1000 (1187.8237780126854,1187.82 zł)" storage="c:\projekty\mstestproject\bin\debug\netcoreapp3.1\mstestproject.dll" id="7d271200-53d4-4028-bca6-0ce68b85bc48">
      <TestCategory>
        <TestCategoryItem TestCategory="Category1000" />
      </TestCategory>
      <Execution id="8a597d09-e13d-4e7b-979e-fbc504032154" />
      <TestMethod codeBase="C:\Projekty\MSTestProject\bin\Debug\netcoreapp3.1\MSTestProject.dll" adapterTypeName="executor://mstestadapter/v2" className="TwojeWesele.Services.Helpers.Tests.CurrencyHelperTests" name="FormatToStringTest1000" />
    </UnitTest>
    <UnitTest name="FormatToStringTest1000 (18490.912787030877,18490.91 zł)" storage="c:\projekty\mstestproject\bin\debug\netcoreapp3.1\mstestproject.dll" id="51c51c60-057c-40ca-b6e9-3ea5e8fdca82">
      <TestCategory>
        <TestCategoryItem TestCategory="Category1000" />
      </TestCategory>
      <Execution id="0a46f556-d670-4815-bdd4-549345566671" />
      <TestMethod codeBase="C:\Projekty\MSTestProject\bin\Debug\netcoreapp3.1\MSTestProject.dll" adapterTypeName="executor://mstestadapter/v2" className="TwojeWesele.Services.Helpers.Tests.CurrencyHelperTests" name="FormatToStringTest1000" />
    </UnitTest>
    <UnitTest name="FormatToStringTest1000 (19882.647973500494,19882.65 zł)" storage="c:\projekty\mstestproject\bin\debug\netcoreapp3.1\mstestproject.dll" id="186d8bd6-de21-4287-8bd0-99b311493daa">
      <TestCategory>
        <TestCategoryItem TestCategory="Category1000" />
      </TestCategory>
      <Execution id="103a1607-a83d-4746-ae98-e7b475b9eb54" />
      <TestMethod codeBase="C:\Projekty\MSTestProject\bin\Debug\netcoreapp3.1\MSTestProject.dll" adapterTypeName="executor://mstestadapter/v2" className="TwojeWesele.Services.Helpers.Tests.CurrencyHelperTests" name="FormatToStringTest1000" />
    </UnitTest>
    <UnitTest name="FormatToStringTest1000 (13092.45389243609,13092.45 zł)" storage="c:\projekty\mstestproject\bin\debug\netcoreapp3.1\mstestproject.dll" id="9d34209e-1595-4592-95ff-eaa2d7038f9d">
      <TestCategory>
        <TestCategoryItem TestCategory="Category1000" />
      </TestCategory>
      <Execution id="16d8977e-0095-49ce-84f0-f0c4540acc10" />
      <TestMethod codeBase="C:\Projekty\MSTestProject\bin\Debug\netcoreapp3.1\MSTestProject.dll" adapterTypeName="executor://mstestadapter/v2" className="TwojeWesele.Services.Helpers.Tests.CurrencyHelperTests" name="FormatToStringTest1000" />
    </UnitTest>
    <UnitTest name="FormatToStringTest1000 (3195.202943510936,3195.20 zł)" storage="c:\projekty\mstestproject\bin\debug\netcoreapp3.1\mstestproject.dll" id="2f499dcb-1a5c-4f54-8976-8e2aca06c1cf">
      <TestCategory>
        <TestCategoryItem TestCategory="Category1000" />
      </TestCategory>
      <Execution id="02c3b424-8075-43b1-aff0-a560042fb8a9" />
      <TestMethod codeBase="C:\Projekty\MSTestProject\bin\Debug\netcoreapp3.1\MSTestProject.dll" adapterTypeName="executor://mstestadapter/v2" className="TwojeWesele.Services.Helpers.Tests.CurrencyHelperTests" name="FormatToStringTest1000" />
    </UnitTest>
    <UnitTest name="FormatToStringTest1000 (5810.695934967462,5810.70 zł)" storage="c:\projekty\mstestproject\bin\debug\netcoreapp3.1\mstestproject.dll" id="039adf6d-4814-425a-a1e9-7e5e1f885b6a">
      <TestCategory>
        <TestCategoryItem TestCategory="Category1000" />
      </TestCategory>
      <Execution id="b9b4a45a-2ba7-48ba-b0d6-d013cb3b35af" />
      <TestMethod codeBase="C:\Projekty\MSTestProject\bin\Debug\netcoreapp3.1\MSTestProject.dll" adapterTypeName="executor://mstestadapter/v2" className="TwojeWesele.Services.Helpers.Tests.CurrencyHelperTests" name="FormatToStringTest1000" />
    </UnitTest>
    <UnitTest name="FormatToStringTest1000 (26220.382477706476,26220.38 zł)" storage="c:\projekty\mstestproject\bin\debug\netcoreapp3.1\mstestproject.dll" id="8c825b83-5499-43d8-9d94-a16bb2447638">
      <TestCategory>
        <TestCategoryItem TestCategory="Category1000" />
      </TestCategory>
      <Execution id="f09062dc-e1c0-4bd1-a1f3-f780925d36b3" />
      <TestMethod codeBase="C:\Projekty\MSTestProject\bin\Debug\netcoreapp3.1\MSTestProject.dll" adapterTypeName="executor://mstestadapter/v2" className="TwojeWesele.Services.Helpers.Tests.CurrencyHelperTests" name="FormatToStringTest1000" />
    </UnitTest>
    <UnitTest name="FormatToStringTest1000 (8599.45217413616,8599.45 zł)" storage="c:\projekty\mstestproject\bin\debug\netcoreapp3.1\mstestproject.dll" id="9aea9390-2f0e-431a-8829-2fc54d07663e">
      <TestCategory>
        <TestCategoryItem TestCategory="Category1000" />
      </TestCategory>
      <Execution id="2555cd5c-44f9-4843-91b7-883c2c6f23c1" />
      <TestMethod codeBase="C:\Projekty\MSTestProject\bin\Debug\netcoreapp3.1\MSTestProject.dll" adapterTypeName="executor://mstestadapter/v2" className="TwojeWesele.Services.Helpers.Tests.CurrencyHelperTests" name="FormatToStringTest1000" />
    </UnitTest>
    <UnitTest name="FormatToStringTest1000 (5548.360986085777,5548.36 zł)" storage="c:\projekty\mstestproject\bin\debug\netcoreapp3.1\mstestproject.dll" id="49156276-18b1-4448-8f4c-2e6cc5833432">
      <TestCategory>
        <TestCategoryItem TestCategory="Category1000" />
      </TestCategory>
      <Execution id="fab19c83-0860-4432-a95a-ec4e4c28f333" />
      <TestMethod codeBase="C:\Projekty\MSTestProject\bin\Debug\netcoreapp3.1\MSTestProject.dll" adapterTypeName="executor://mstestadapter/v2" className="TwojeWesele.Services.Helpers.Tests.CurrencyHelperTests" name="FormatToStringTest1000" />
    </UnitTest>
    <UnitTest name="FormatToStringTest1000 (30499.08272379734,30499.08 zł)" storage="c:\projekty\mstestproject\bin\debug\netcoreapp3.1\mstestproject.dll" id="ad332615-2709-441a-b042-00c8b3080780">
      <TestCategory>
        <TestCategoryItem TestCategory="Category1000" />
      </TestCategory>
      <Execution id="0a25cf24-d0df-4a53-bcae-1c1c2f2ad78d" />
      <TestMethod codeBase="C:\Projekty\MSTestProject\bin\Debug\netcoreapp3.1\MSTestProject.dll" adapterTypeName="executor://mstestadapter/v2" className="TwojeWesele.Services.Helpers.Tests.CurrencyHelperTests" name="FormatToStringTest1000" />
    </UnitTest>
    <UnitTest name="FormatToStringTest1000 (1328.353302088265,1328.35 zł)" storage="c:\projekty\mstestproject\bin\debug\netcoreapp3.1\mstestproject.dll" id="298364a0-c715-4bbf-b105-498ce262a81c">
      <TestCategory>
        <TestCategoryItem TestCategory="Category1000" />
      </TestCategory>
      <Execution id="3d8ad8f9-d855-427a-a954-4139490698a3" />
      <TestMethod codeBase="C:\Projekty\MSTestProject\bin\Debug\netcoreapp3.1\MSTestProject.dll" adapterTypeName="executor://mstestadapter/v2" className="TwojeWesele.Services.Helpers.Tests.CurrencyHelperTests" name="FormatToStringTest1000" />
    </UnitTest>
    <UnitTest name="FormatToStringTest1000 (1614.2516601789982,1614.25 zł)" storage="c:\projekty\mstestproject\bin\debug\netcoreapp3.1\mstestproject.dll" id="0ae686ee-74e3-4cb9-aea7-de23e1546e20">
      <TestCategory>
        <TestCategoryItem TestCategory="Category1000" />
      </TestCategory>
      <Execution id="b74ca60e-be5c-40e2-a3ae-db27a66789ce" />
      <TestMethod codeBase="C:\Projekty\MSTestProject\bin\Debug\netcoreapp3.1\MSTestProject.dll" adapterTypeName="executor://mstestadapter/v2" className="TwojeWesele.Services.Helpers.Tests.CurrencyHelperTests" name="FormatToStringTest1000" />
    </UnitTest>
    <UnitTest name="FormatToStringTest1000 (2390.7596313784643,2390.76 zł)" storage="c:\projekty\mstestproject\bin\debug\netcoreapp3.1\mstestproject.dll" id="cbf242e6-ca02-4066-9663-767590207ffe">
      <TestCategory>
        <TestCategoryItem TestCategory="Category1000" />
      </TestCategory>
      <Execution id="565bc73d-6540-4ca4-8779-beb6f2453c02" />
      <TestMethod codeBase="C:\Projekty\MSTestProject\bin\Debug\netcoreapp3.1\MSTestProject.dll" adapterTypeName="executor://mstestadapter/v2" className="TwojeWesele.Services.Helpers.Tests.CurrencyHelperTests" name="FormatToStringTest1000" />
    </UnitTest>
    <UnitTest name="FormatToStringTest1000 (15600.245951180927,15600.25 zł)" storage="c:\projekty\mstestproject\bin\debug\netcoreapp3.1\mstestproject.dll" id="c73e6879-570b-4e30-acd4-42c4ce554ae5">
      <TestCategory>
        <TestCategoryItem TestCategory="Category1000" />
      </TestCategory>
      <Execution id="dfa4d5f3-fc9f-41bc-a3b5-2c755b96513c" />
      <TestMethod codeBase="C:\Projekty\MSTestProject\bin\Debug\netcoreapp3.1\MSTestProject.dll" adapterTypeName="executor://mstestadapter/v2" className="TwojeWesele.Services.Helpers.Tests.CurrencyHelperTests" name="FormatToStringTest1000" />
    </UnitTest>
    <UnitTest name="FormatToStringTest1000 (4919.073526169674,4919.07 zł)" storage="c:\projekty\mstestproject\bin\debug\netcoreapp3.1\mstestproject.dll" id="2f573f48-9528-4b23-ac8b-d810d2d7b2f5">
      <TestCategory>
        <TestCategoryItem TestCategory="Category1000" />
      </TestCategory>
      <Execution id="9ee0f1b2-9888-4a93-a7a2-ac7f83a8c14b" />
      <TestMethod codeBase="C:\Projekty\MSTestProject\bin\Debug\netcoreapp3.1\MSTestProject.dll" adapterTypeName="executor://mstestadapter/v2" className="TwojeWesele.Services.Helpers.Tests.CurrencyHelperTests" name="FormatToStringTest1000" />
    </UnitTest>
    <UnitTest name="FormatToStringTest1000 (10268.547802396373,10268.55 zł)" storage="c:\projekty\mstestproject\bin\debug\netcoreapp3.1\mstestproject.dll" id="76f14a27-511d-4620-a68d-6edd709ff4bb">
      <TestCategory>
        <TestCategoryItem TestCategory="Category1000" />
      </TestCategory>
      <Execution id="dc6ffc87-30f8-42ca-b235-6c8bb8fbc324" />
      <TestMethod codeBase="C:\Projekty\MSTestProject\bin\Debug\netcoreapp3.1\MSTestProject.dll" adapterTypeName="executor://mstestadapter/v2" className="TwojeWesele.Services.Helpers.Tests.CurrencyHelperTests" name="FormatToStringTest1000" />
    </UnitTest>
    <UnitTest name="FormatToStringTest1000 (20244.692955315437,20244.69 zł)" storage="c:\projekty\mstestproject\bin\debug\netcoreapp3.1\mstestproject.dll" id="2b2ddb29-49fb-4934-a482-c363e36ae3de">
      <TestCategory>
        <TestCategoryItem TestCategory="Category1000" />
      </TestCategory>
      <Execution id="3dd6f823-bfa2-487b-90a0-a4286fae0550" />
      <TestMethod codeBase="C:\Projekty\MSTestProject\bin\Debug\netcoreapp3.1\MSTestProject.dll" adapterTypeName="executor://mstestadapter/v2" className="TwojeWesele.Services.Helpers.Tests.CurrencyHelperTests" name="FormatToStringTest1000" />
    </UnitTest>
    <UnitTest name="FormatToStringTest1000 (5749.124990274722,5749.12 zł)" storage="c:\projekty\mstestproject\bin\debug\netcoreapp3.1\mstestproject.dll" id="b84e5396-2ead-4287-a173-2ca5f80481f4">
      <TestCategory>
        <TestCategoryItem TestCategory="Category1000" />
      </TestCategory>
      <Execution id="4aae90f8-259e-49e9-bab3-60b882940b5a" />
      <TestMethod codeBase="C:\Projekty\MSTestProject\bin\Debug\netcoreapp3.1\MSTestProject.dll" adapterTypeName="executor://mstestadapter/v2" className="TwojeWesele.Services.Helpers.Tests.CurrencyHelperTests" name="FormatToStringTest1000" />
    </UnitTest>
    <UnitTest name="FormatToStringTest1000 (31799.68317462815,31799.68 zł)" storage="c:\projekty\mstestproject\bin\debug\netcoreapp3.1\mstestproject.dll" id="30892335-bc13-42eb-8c2e-8926c74e1e62">
      <TestCategory>
        <TestCategoryItem TestCategory="Category1000" />
      </TestCategory>
      <Execution id="46484a46-449b-4b38-8a55-1fea067dbc28" />
      <TestMethod codeBase="C:\Projekty\MSTestProject\bin\Debug\netcoreapp3.1\MSTestProject.dll" adapterTypeName="executor://mstestadapter/v2" className="TwojeWesele.Services.Helpers.Tests.CurrencyHelperTests" name="FormatToStringTest1000" />
    </UnitTest>
    <UnitTest name="FormatToStringTest1000 (16688.70569393677,16688.71 zł)" storage="c:\projekty\mstestproject\bin\debug\netcoreapp3.1\mstestproject.dll" id="5622792f-5deb-4bf7-b4b6-3a00df3a0283">
      <TestCategory>
        <TestCategoryItem TestCategory="Category1000" />
      </TestCategory>
      <Execution id="86c4d7ca-29d3-46b5-bd4b-8947559a72cd" />
      <TestMethod codeBase="C:\Projekty\MSTestProject\bin\Debug\netcoreapp3.1\MSTestProject.dll" adapterTypeName="executor://mstestadapter/v2" className="TwojeWesele.Services.Helpers.Tests.CurrencyHelperTests" name="FormatToStringTest1000" />
    </UnitTest>
    <UnitTest name="FormatToStringTest1000 (60323.066780431225,60323.07 zł)" storage="c:\projekty\mstestproject\bin\debug\netcoreapp3.1\mstestproject.dll" id="93170153-5873-4b5f-bd91-daef7cbf7a88">
      <TestCategory>
        <TestCategoryItem TestCategory="Category1000" />
      </TestCategory>
      <Execution id="574ed34e-73db-41f6-b11f-7d3129b3e56d" />
      <TestMethod codeBase="C:\Projekty\MSTestProject\bin\Debug\netcoreapp3.1\MSTestProject.dll" adapterTypeName="executor://mstestadapter/v2" className="TwojeWesele.Services.Helpers.Tests.CurrencyHelperTests" name="FormatToStringTest1000" />
    </UnitTest>
    <UnitTest name="FormatToStringTest1000 (30578.687538491416,30578.69 zł)" storage="c:\projekty\mstestproject\bin\debug\netcoreapp3.1\mstestproject.dll" id="41950098-7a1e-40f5-b597-84f9f3e15946">
      <TestCategory>
        <TestCategoryItem TestCategory="Category1000" />
      </TestCategory>
      <Execution id="eced43de-1650-4bbc-a101-f935faa4b585" />
      <TestMethod codeBase="C:\Projekty\MSTestProject\bin\Debug\netcoreapp3.1\MSTestProject.dll" adapterTypeName="executor://mstestadapter/v2" className="TwojeWesele.Services.Helpers.Tests.CurrencyHelperTests" name="FormatToStringTest1000" />
    </UnitTest>
    <UnitTest name="FormatToStringTest1000 (10762.501695533518,10762.50 zł)" storage="c:\projekty\mstestproject\bin\debug\netcoreapp3.1\mstestproject.dll" id="3daf8ab0-c878-4f55-844d-9cdc40f9ec00">
      <TestCategory>
        <TestCategoryItem TestCategory="Category1000" />
      </TestCategory>
      <Execution id="455795bb-66aa-45d6-94ea-259439bf99ca" />
      <TestMethod codeBase="C:\Projekty\MSTestProject\bin\Debug\netcoreapp3.1\MSTestProject.dll" adapterTypeName="executor://mstestadapter/v2" className="TwojeWesele.Services.Helpers.Tests.CurrencyHelperTests" name="FormatToStringTest1000" />
    </UnitTest>
    <UnitTest name="FormatToStringTest1000 (7193.552206002898,7193.55 zł)" storage="c:\projekty\mstestproject\bin\debug\netcoreapp3.1\mstestproject.dll" id="12e952e3-116b-44f7-989a-7410c49dc21f">
      <TestCategory>
        <TestCategoryItem TestCategory="Category1000" />
      </TestCategory>
      <Execution id="da5c6c0d-40a3-4586-8bd7-a1741bc1325c" />
      <TestMethod codeBase="C:\Projekty\MSTestProject\bin\Debug\netcoreapp3.1\MSTestProject.dll" adapterTypeName="executor://mstestadapter/v2" className="TwojeWesele.Services.Helpers.Tests.CurrencyHelperTests" name="FormatToStringTest1000" />
    </UnitTest>
    <UnitTest name="FormatToStringTest1000 (16957.4523676757,16957.45 zł)" storage="c:\projekty\mstestproject\bin\debug\netcoreapp3.1\mstestproject.dll" id="6dc663dd-880d-4366-aa66-90b43c6c67d5">
      <TestCategory>
        <TestCategoryItem TestCategory="Category1000" />
      </TestCategory>
      <Execution id="6a944a45-50c8-45bb-9850-3008c227ab12" />
      <TestMethod codeBase="C:\Projekty\MSTestProject\bin\Debug\netcoreapp3.1\MSTestProject.dll" adapterTypeName="executor://mstestadapter/v2" className="TwojeWesele.Services.Helpers.Tests.CurrencyHelperTests" name="FormatToStringTest1000" />
    </UnitTest>
    <UnitTest name="FormatToStringTest1000 (66541.05112730109,66541.05 zł)" storage="c:\projekty\mstestproject\bin\debug\netcoreapp3.1\mstestproject.dll" id="97620157-6e8f-4596-bc0c-2f80c2abce99">
      <TestCategory>
        <TestCategoryItem TestCategory="Category1000" />
      </TestCategory>
      <Execution id="a1ad5468-6c35-4ef7-9639-b2b085a58dc6" />
      <TestMethod codeBase="C:\Projekty\MSTestProject\bin\Debug\netcoreapp3.1\MSTestProject.dll" adapterTypeName="executor://mstestadapter/v2" className="TwojeWesele.Services.Helpers.Tests.CurrencyHelperTests" name="FormatToStringTest1000" />
    </UnitTest>
    <UnitTest name="FormatToStringTest1000 (34021.1384072961,34021.14 zł)" storage="c:\projekty\mstestproject\bin\debug\netcoreapp3.1\mstestproject.dll" id="b1d7df8d-397f-4e98-bd8f-822c855b7ca5">
      <TestCategory>
        <TestCategoryItem TestCategory="Category1000" />
      </TestCategory>
      <Execution id="f9b05b13-e614-4af1-9d44-1567a7ae97df" />
      <TestMethod codeBase="C:\Projekty\MSTestProject\bin\Debug\netcoreapp3.1\MSTestProject.dll" adapterTypeName="executor://mstestadapter/v2" className="TwojeWesele.Services.Helpers.Tests.CurrencyHelperTests" name="FormatToStringTest1000" />
    </UnitTest>
    <UnitTest name="FormatToStringTest1000 (27187.549022783314,27187.55 zł)" storage="c:\projekty\mstestproject\bin\debug\netcoreapp3.1\mstestproject.dll" id="d2538bcd-3ef1-41e6-8d03-f6dd22d15ade">
      <TestCategory>
        <TestCategoryItem TestCategory="Category1000" />
      </TestCategory>
      <Execution id="0149f28e-e685-449f-bf9d-6622b0e87bb7" />
      <TestMethod codeBase="C:\Projekty\MSTestProject\bin\Debug\netcoreapp3.1\MSTestProject.dll" adapterTypeName="executor://mstestadapter/v2" className="TwojeWesele.Services.Helpers.Tests.CurrencyHelperTests" name="FormatToStringTest1000" />
    </UnitTest>
    <UnitTest name="FormatToStringTest1000 (134.1514758393874,134.15 zł)" storage="c:\projekty\mstestproject\bin\debug\netcoreapp3.1\mstestproject.dll" id="40c56ead-5430-4079-b87f-070e3c74f4b2">
      <TestCategory>
        <TestCategoryItem TestCategory="Category1000" />
      </TestCategory>
      <Execution id="c6879b19-70dd-4171-bd22-217a0deb4e68" />
      <TestMethod codeBase="C:\Projekty\MSTestProject\bin\Debug\netcoreapp3.1\MSTestProject.dll" adapterTypeName="executor://mstestadapter/v2" className="TwojeWesele.Services.Helpers.Tests.CurrencyHelperTests" name="FormatToStringTest1000" />
    </UnitTest>
    <UnitTest name="FormatToStringTest1000 (26015.8311952552,26015.83 zł)" storage="c:\projekty\mstestproject\bin\debug\netcoreapp3.1\mstestproject.dll" id="58f1c58b-1e26-487e-8d34-0628f235a433">
      <TestCategory>
        <TestCategoryItem TestCategory="Category1000" />
      </TestCategory>
      <Execution id="627def0c-b45c-4dfa-8387-d1c0f3ad7dc6" />
      <TestMethod codeBase="C:\Projekty\MSTestProject\bin\Debug\netcoreapp3.1\MSTestProject.dll" adapterTypeName="executor://mstestadapter/v2" className="TwojeWesele.Services.Helpers.Tests.CurrencyHelperTests" name="FormatToStringTest1000" />
    </UnitTest>
    <UnitTest name="FormatToStringTest1000 (67230.86250807665,67230.86 zł)" storage="c:\projekty\mstestproject\bin\debug\netcoreapp3.1\mstestproject.dll" id="07b4c2c8-e370-48ef-9e2c-a151d1e89790">
      <TestCategory>
        <TestCategoryItem TestCategory="Category1000" />
      </TestCategory>
      <Execution id="e3af26e7-f52f-4e36-a008-366306646363" />
      <TestMethod codeBase="C:\Projekty\MSTestProject\bin\Debug\netcoreapp3.1\MSTestProject.dll" adapterTypeName="executor://mstestadapter/v2" className="TwojeWesele.Services.Helpers.Tests.CurrencyHelperTests" name="FormatToStringTest1000" />
    </UnitTest>
    <UnitTest name="FormatToStringTest1000 (1662.8482664818168,1662.85 zł)" storage="c:\projekty\mstestproject\bin\debug\netcoreapp3.1\mstestproject.dll" id="bd7d0e51-ca43-4f41-8c1a-9ab513015744">
      <TestCategory>
        <TestCategoryItem TestCategory="Category1000" />
      </TestCategory>
      <Execution id="8eaf7183-cc7e-4d81-b2c2-689dd0b23a27" />
      <TestMethod codeBase="C:\Projekty\MSTestProject\bin\Debug\netcoreapp3.1\MSTestProject.dll" adapterTypeName="executor://mstestadapter/v2" className="TwojeWesele.Services.Helpers.Tests.CurrencyHelperTests" name="FormatToStringTest1000" />
    </UnitTest>
    <UnitTest name="FormatToStringTest1000 (30071.004434484523,30071.00 zł)" storage="c:\projekty\mstestproject\bin\debug\netcoreapp3.1\mstestproject.dll" id="7e6ca772-6da2-4232-96d1-b91a3a2ef922">
      <TestCategory>
        <TestCategoryItem TestCategory="Category1000" />
      </TestCategory>
      <Execution id="2d5a0723-de63-405f-b30a-30bd421ab78d" />
      <TestMethod codeBase="C:\Projekty\MSTestProject\bin\Debug\netcoreapp3.1\MSTestProject.dll" adapterTypeName="executor://mstestadapter/v2" className="TwojeWesele.Services.Helpers.Tests.CurrencyHelperTests" name="FormatToStringTest1000" />
    </UnitTest>
    <UnitTest name="FormatToStringTest1000 (765.778932784581,765.78 zł)" storage="c:\projekty\mstestproject\bin\debug\netcoreapp3.1\mstestproject.dll" id="bdfabfd8-1c5e-41a2-9888-449b0255f99e">
      <TestCategory>
        <TestCategoryItem TestCategory="Category1000" />
      </TestCategory>
      <Execution id="399db03d-9d7c-4fff-8616-bc64429222ca" />
      <TestMethod codeBase="C:\Projekty\MSTestProject\bin\Debug\netcoreapp3.1\MSTestProject.dll" adapterTypeName="executor://mstestadapter/v2" className="TwojeWesele.Services.Helpers.Tests.CurrencyHelperTests" name="FormatToStringTest1000" />
    </UnitTest>
    <UnitTest name="FormatToStringTest1000 (24251.68593564848,24251.69 zł)" storage="c:\projekty\mstestproject\bin\debug\netcoreapp3.1\mstestproject.dll" id="fab8ca3d-f57b-4fc4-a769-98adbb98bacf">
      <TestCategory>
        <TestCategoryItem TestCategory="Category1000" />
      </TestCategory>
      <Execution id="fcc6afba-3fb5-4d63-bc20-8ad338fff6c5" />
      <TestMethod codeBase="C:\Projekty\MSTestProject\bin\Debug\netcoreapp3.1\MSTestProject.dll" adapterTypeName="executor://mstestadapter/v2" className="TwojeWesele.Services.Helpers.Tests.CurrencyHelperTests" name="FormatToStringTest1000" />
    </UnitTest>
    <UnitTest name="FormatToStringTest1000 (4252.4012513842445,4252.40 zł)" storage="c:\projekty\mstestproject\bin\debug\netcoreapp3.1\mstestproject.dll" id="41487f73-f2e4-4074-809d-65f2bec170a1">
      <TestCategory>
        <TestCategoryItem TestCategory="Category1000" />
      </TestCategory>
      <Execution id="b684455a-c004-4e0f-ad58-34403b589db5" />
      <TestMethod codeBase="C:\Projekty\MSTestProject\bin\Debug\netcoreapp3.1\MSTestProject.dll" adapterTypeName="executor://mstestadapter/v2" className="TwojeWesele.Services.Helpers.Tests.CurrencyHelperTests" name="FormatToStringTest1000" />
    </UnitTest>
    <UnitTest name="FormatToStringTest1000 (50644.690874327294,50644.69 zł)" storage="c:\projekty\mstestproject\bin\debug\netcoreapp3.1\mstestproject.dll" id="f61d43cd-c636-45ea-894b-c16a56cdd802">
      <TestCategory>
        <TestCategoryItem TestCategory="Category1000" />
      </TestCategory>
      <Execution id="bf5b126a-0017-4831-9f3b-45524f016a62" />
      <TestMethod codeBase="C:\Projekty\MSTestProject\bin\Debug\netcoreapp3.1\MSTestProject.dll" adapterTypeName="executor://mstestadapter/v2" className="TwojeWesele.Services.Helpers.Tests.CurrencyHelperTests" name="FormatToStringTest1000" />
    </UnitTest>
    <UnitTest name="FormatToStringTest1000 (47437.74370917619,47437.74 zł)" storage="c:\projekty\mstestproject\bin\debug\netcoreapp3.1\mstestproject.dll" id="a65249ca-8d05-46aa-9308-83c0af482b9b">
      <TestCategory>
        <TestCategoryItem TestCategory="Category1000" />
      </TestCategory>
      <Execution id="9ed9d34a-97a8-4fbc-8bef-a66c80b45bd0" />
      <TestMethod codeBase="C:\Projekty\MSTestProject\bin\Debug\netcoreapp3.1\MSTestProject.dll" adapterTypeName="executor://mstestadapter/v2" className="TwojeWesele.Services.Helpers.Tests.CurrencyHelperTests" name="FormatToStringTest1000" />
    </UnitTest>
    <UnitTest name="FormatToStringTest1000 (15080.274618567097,15080.27 zł)" storage="c:\projekty\mstestproject\bin\debug\netcoreapp3.1\mstestproject.dll" id="55a7c084-8482-49e4-9b44-ffaf3d02eb98">
      <TestCategory>
        <TestCategoryItem TestCategory="Category1000" />
      </TestCategory>
      <Execution id="60910cde-2c97-4017-83df-bb82b4644209" />
      <TestMethod codeBase="C:\Projekty\MSTestProject\bin\Debug\netcoreapp3.1\MSTestProject.dll" adapterTypeName="executor://mstestadapter/v2" className="TwojeWesele.Services.Helpers.Tests.CurrencyHelperTests" name="FormatToStringTest1000" />
    </UnitTest>
    <UnitTest name="FormatToStringTest1000 (658.7555888573431,658.76 zł)" storage="c:\projekty\mstestproject\bin\debug\netcoreapp3.1\mstestproject.dll" id="a4b5ea54-7152-4485-a2ac-866e0558ded4">
      <TestCategory>
        <TestCategoryItem TestCategory="Category1000" />
      </TestCategory>
      <Execution id="24e69c4d-15eb-4f6a-88b0-53bbeb228c04" />
      <TestMethod codeBase="C:\Projekty\MSTestProject\bin\Debug\netcoreapp3.1\MSTestProject.dll" adapterTypeName="executor://mstestadapter/v2" className="TwojeWesele.Services.Helpers.Tests.CurrencyHelperTests" name="FormatToStringTest1000" />
    </UnitTest>
    <UnitTest name="FormatToStringTest1000 (5611.05334835176,5611.05 zł)" storage="c:\projekty\mstestproject\bin\debug\netcoreapp3.1\mstestproject.dll" id="1927272e-86f6-4dbe-a71a-08fd7f747bd3">
      <TestCategory>
        <TestCategoryItem TestCategory="Category1000" />
      </TestCategory>
      <Execution id="22a9b513-77d8-496c-8419-6ab02848fd5f" />
      <TestMethod codeBase="C:\Projekty\MSTestProject\bin\Debug\netcoreapp3.1\MSTestProject.dll" adapterTypeName="executor://mstestadapter/v2" className="TwojeWesele.Services.Helpers.Tests.CurrencyHelperTests" name="FormatToStringTest1000" />
    </UnitTest>
    <UnitTest name="FormatToStringTest1000 (25084.19182667238,25084.19 zł)" storage="c:\projekty\mstestproject\bin\debug\netcoreapp3.1\mstestproject.dll" id="56c7830c-d4fe-4d01-8792-ea428f97eed5">
      <TestCategory>
        <TestCategoryItem TestCategory="Category1000" />
      </TestCategory>
      <Execution id="8c21f81d-1198-4a13-b7a7-1869396460ab" />
      <TestMethod codeBase="C:\Projekty\MSTestProject\bin\Debug\netcoreapp3.1\MSTestProject.dll" adapterTypeName="executor://mstestadapter/v2" className="TwojeWesele.Services.Helpers.Tests.CurrencyHelperTests" name="FormatToStringTest1000" />
    </UnitTest>
    <UnitTest name="FormatToStringTest1000 (18786.954468002055,18786.95 zł)" storage="c:\projekty\mstestproject\bin\debug\netcoreapp3.1\mstestproject.dll" id="95f2baea-8bbf-4bde-ae90-ebd0ffdd1992">
      <TestCategory>
        <TestCategoryItem TestCategory="Category1000" />
      </TestCategory>
      <Execution id="936941f1-4600-4085-96d2-25a4b6b1bab3" />
      <TestMethod codeBase="C:\Projekty\MSTestProject\bin\Debug\netcoreapp3.1\MSTestProject.dll" adapterTypeName="executor://mstestadapter/v2" className="TwojeWesele.Services.Helpers.Tests.CurrencyHelperTests" name="FormatToStringTest1000" />
    </UnitTest>
    <UnitTest name="FormatToStringTest1000 (1482.3501845832682,1482.35 zł)" storage="c:\projekty\mstestproject\bin\debug\netcoreapp3.1\mstestproject.dll" id="55f5f4cd-d69b-420f-809c-3ecc509a574c">
      <TestCategory>
        <TestCategoryItem TestCategory="Category1000" />
      </TestCategory>
      <Execution id="b8d512c4-91ed-4e73-9d9e-68cc2c1bdc7a" />
      <TestMethod codeBase="C:\Projekty\MSTestProject\bin\Debug\netcoreapp3.1\MSTestProject.dll" adapterTypeName="executor://mstestadapter/v2" className="TwojeWesele.Services.Helpers.Tests.CurrencyHelperTests" name="FormatToStringTest1000" />
    </UnitTest>
    <UnitTest name="FormatToStringTest1000 (14137.400697779563,14137.40 zł)" storage="c:\projekty\mstestproject\bin\debug\netcoreapp3.1\mstestproject.dll" id="dc936bbb-0a67-4bde-809e-55088c0afb46">
      <TestCategory>
        <TestCategoryItem TestCategory="Category1000" />
      </TestCategory>
      <Execution id="7676c143-dd5d-4c92-9c69-22ba1b7fe56e" />
      <TestMethod codeBase="C:\Projekty\MSTestProject\bin\Debug\netcoreapp3.1\MSTestProject.dll" adapterTypeName="executor://mstestadapter/v2" className="TwojeWesele.Services.Helpers.Tests.CurrencyHelperTests" name="FormatToStringTest1000" />
    </UnitTest>
    <UnitTest name="FormatToStringTest1000 (26858.35647848731,26858.36 zł)" storage="c:\projekty\mstestproject\bin\debug\netcoreapp3.1\mstestproject.dll" id="6f713ea6-9d27-441a-98aa-9b9d4b0b50d1">
      <TestCategory>
        <TestCategoryItem TestCategory="Category1000" />
      </TestCategory>
      <Execution id="252d5f0b-5137-4d38-b7a6-957a55355a62" />
      <TestMethod codeBase="C:\Projekty\MSTestProject\bin\Debug\netcoreapp3.1\MSTestProject.dll" adapterTypeName="executor://mstestadapter/v2" className="TwojeWesele.Services.Helpers.Tests.CurrencyHelperTests" name="FormatToStringTest1000" />
    </UnitTest>
    <UnitTest name="FormatToStringTest1000 (40545.70748620001,40545.71 zł)" storage="c:\projekty\mstestproject\bin\debug\netcoreapp3.1\mstestproject.dll" id="ed8a2e3d-4f68-4cb5-a6b8-b9d544928c38">
      <TestCategory>
        <TestCategoryItem TestCategory="Category1000" />
      </TestCategory>
      <Execution id="d7c47558-8698-42ba-8e8e-09175241d170" />
      <TestMethod codeBase="C:\Projekty\MSTestProject\bin\Debug\netcoreapp3.1\MSTestProject.dll" adapterTypeName="executor://mstestadapter/v2" className="TwojeWesele.Services.Helpers.Tests.CurrencyHelperTests" name="FormatToStringTest1000" />
    </UnitTest>
    <UnitTest name="FormatToStringTest1000 (58459.03113649601,58459.03 zł)" storage="c:\projekty\mstestproject\bin\debug\netcoreapp3.1\mstestproject.dll" id="7b86112c-b5d8-4687-a5bc-5f851137320c">
      <TestCategory>
        <TestCategoryItem TestCategory="Category1000" />
      </TestCategory>
      <Execution id="d6d1db11-48a8-41b5-82e4-a932948f0615" />
      <TestMethod codeBase="C:\Projekty\MSTestProject\bin\Debug\netcoreapp3.1\MSTestProject.dll" adapterTypeName="executor://mstestadapter/v2" className="TwojeWesele.Services.Helpers.Tests.CurrencyHelperTests" name="FormatToStringTest1000" />
    </UnitTest>
    <UnitTest name="FormatToStringTest1000 (37387.37521261972,37387.38 zł)" storage="c:\projekty\mstestproject\bin\debug\netcoreapp3.1\mstestproject.dll" id="871a054a-a22f-44fd-bd73-df8fce339079">
      <TestCategory>
        <TestCategoryItem TestCategory="Category1000" />
      </TestCategory>
      <Execution id="39b13184-319c-469c-b6ce-9ee5576e9478" />
      <TestMethod codeBase="C:\Projekty\MSTestProject\bin\Debug\netcoreapp3.1\MSTestProject.dll" adapterTypeName="executor://mstestadapter/v2" className="TwojeWesele.Services.Helpers.Tests.CurrencyHelperTests" name="FormatToStringTest1000" />
    </UnitTest>
    <UnitTest name="FormatToStringTest1000 (14920.620598662934,14920.62 zł)" storage="c:\projekty\mstestproject\bin\debug\netcoreapp3.1\mstestproject.dll" id="622dc810-f279-481b-ad42-cc537e2705f8">
      <TestCategory>
        <TestCategoryItem TestCategory="Category1000" />
      </TestCategory>
      <Execution id="11b5a60b-ec68-49d3-9d3d-79e7a5466f3b" />
      <TestMethod codeBase="C:\Projekty\MSTestProject\bin\Debug\netcoreapp3.1\MSTestProject.dll" adapterTypeName="executor://mstestadapter/v2" className="TwojeWesele.Services.Helpers.Tests.CurrencyHelperTests" name="FormatToStringTest1000" />
    </UnitTest>
    <UnitTest name="FormatToStringTest1000 (63946.51014057478,63946.51 zł)" storage="c:\projekty\mstestproject\bin\debug\netcoreapp3.1\mstestproject.dll" id="90c00857-2a55-4ca5-b646-da079219e0a0">
      <TestCategory>
        <TestCategoryItem TestCategory="Category1000" />
      </TestCategory>
      <Execution id="ebe8db83-0980-4f09-999c-15071575435e" />
      <TestMethod codeBase="C:\Projekty\MSTestProject\bin\Debug\netcoreapp3.1\MSTestProject.dll" adapterTypeName="executor://mstestadapter/v2" className="TwojeWesele.Services.Helpers.Tests.CurrencyHelperTests" name="FormatToStringTest1000" />
    </UnitTest>
    <UnitTest name="FormatToStringTest1000 (653.4647999170537,653.46 zł)" storage="c:\projekty\mstestproject\bin\debug\netcoreapp3.1\mstestproject.dll" id="b06abd80-0c20-4e08-9457-865d8b680bce">
      <TestCategory>
        <TestCategoryItem TestCategory="Category1000" />
      </TestCategory>
      <Execution id="4514eeb6-a806-4a07-b4c6-7058aa2d8b6a" />
      <TestMethod codeBase="C:\Projekty\MSTestProject\bin\Debug\netcoreapp3.1\MSTestProject.dll" adapterTypeName="executor://mstestadapter/v2" className="TwojeWesele.Services.Helpers.Tests.CurrencyHelperTests" name="FormatToStringTest1000" />
    </UnitTest>
    <UnitTest name="FormatToStringTest1000 (22666.13578912995,22666.14 zł)" storage="c:\projekty\mstestproject\bin\debug\netcoreapp3.1\mstestproject.dll" id="0960a199-f16f-4c9d-8c44-d1f0e74ae117">
      <TestCategory>
        <TestCategoryItem TestCategory="Category1000" />
      </TestCategory>
      <Execution id="920fd4c9-aa54-454f-b54c-24ccc97d7892" />
      <TestMethod codeBase="C:\Projekty\MSTestProject\bin\Debug\netcoreapp3.1\MSTestProject.dll" adapterTypeName="executor://mstestadapter/v2" className="TwojeWesele.Services.Helpers.Tests.CurrencyHelperTests" name="FormatToStringTest1000" />
    </UnitTest>
    <UnitTest name="FormatToStringTest1000 (48084.94422955389,48084.94 zł)" storage="c:\projekty\mstestproject\bin\debug\netcoreapp3.1\mstestproject.dll" id="5e24a1f1-19bb-4fe0-a704-fa0548d267d5">
      <TestCategory>
        <TestCategoryItem TestCategory="Category1000" />
      </TestCategory>
      <Execution id="df62e206-c0e8-45ad-84f1-e74615527430" />
      <TestMethod codeBase="C:\Projekty\MSTestProject\bin\Debug\netcoreapp3.1\MSTestProject.dll" adapterTypeName="executor://mstestadapter/v2" className="TwojeWesele.Services.Helpers.Tests.CurrencyHelperTests" name="FormatToStringTest1000" />
    </UnitTest>
    <UnitTest name="FormatToStringTest1000 (7726.0074454499445,7726.01 zł)" storage="c:\projekty\mstestproject\bin\debug\netcoreapp3.1\mstestproject.dll" id="b206c6d2-861c-47cc-b61d-038045833b4d">
      <TestCategory>
        <TestCategoryItem TestCategory="Category1000" />
      </TestCategory>
      <Execution id="4afbf8c2-39be-4496-bb64-9fb130083fc6" />
      <TestMethod codeBase="C:\Projekty\MSTestProject\bin\Debug\netcoreapp3.1\MSTestProject.dll" adapterTypeName="executor://mstestadapter/v2" className="TwojeWesele.Services.Helpers.Tests.CurrencyHelperTests" name="FormatToStringTest1000" />
    </UnitTest>
    <UnitTest name="FormatToStringTest1000 (95071.15957335343,95071.16 zł)" storage="c:\projekty\mstestproject\bin\debug\netcoreapp3.1\mstestproject.dll" id="23324af9-5f94-491e-9bfd-7e9fabe1d152">
      <TestCategory>
        <TestCategoryItem TestCategory="Category1000" />
      </TestCategory>
      <Execution id="11040dc8-d58c-499a-b259-bbf547cc1f9d" />
      <TestMethod codeBase="C:\Projekty\MSTestProject\bin\Debug\netcoreapp3.1\MSTestProject.dll" adapterTypeName="executor://mstestadapter/v2" className="TwojeWesele.Services.Helpers.Tests.CurrencyHelperTests" name="FormatToStringTest1000" />
    </UnitTest>
    <UnitTest name="FormatToStringTest1000 (17845.255864087147,17845.26 zł)" storage="c:\projekty\mstestproject\bin\debug\netcoreapp3.1\mstestproject.dll" id="4202dfd2-d5f5-4fba-8409-f522bc7b5932">
      <TestCategory>
        <TestCategoryItem TestCategory="Category1000" />
      </TestCategory>
      <Execution id="1eb7e86c-e682-4329-b091-4a3fcf1362d7" />
      <TestMethod codeBase="C:\Projekty\MSTestProject\bin\Debug\netcoreapp3.1\MSTestProject.dll" adapterTypeName="executor://mstestadapter/v2" className="TwojeWesele.Services.Helpers.Tests.CurrencyHelperTests" name="FormatToStringTest1000" />
    </UnitTest>
    <UnitTest name="FormatToStringTest1000 (22494.46807976834,22494.47 zł)" storage="c:\projekty\mstestproject\bin\debug\netcoreapp3.1\mstestproject.dll" id="3d792722-de5b-4863-9707-923fed1c45df">
      <TestCategory>
        <TestCategoryItem TestCategory="Category1000" />
      </TestCategory>
      <Execution id="b2ab0bcc-61eb-46f5-a15a-df4dbb7dd8ff" />
      <TestMethod codeBase="C:\Projekty\MSTestProject\bin\Debug\netcoreapp3.1\MSTestProject.dll" adapterTypeName="executor://mstestadapter/v2" className="TwojeWesele.Services.Helpers.Tests.CurrencyHelperTests" name="FormatToStringTest1000" />
    </UnitTest>
    <UnitTest name="FormatToStringTest1000 (45930.2386782068,45930.24 zł)" storage="c:\projekty\mstestproject\bin\debug\netcoreapp3.1\mstestproject.dll" id="355a630b-8f86-432c-8cfb-3d2367cacf6e">
      <TestCategory>
        <TestCategoryItem TestCategory="Category1000" />
      </TestCategory>
      <Execution id="6adeae8e-1e64-4f01-b0df-e358bf533439" />
      <TestMethod codeBase="C:\Projekty\MSTestProject\bin\Debug\netcoreapp3.1\MSTestProject.dll" adapterTypeName="executor://mstestadapter/v2" className="TwojeWesele.Services.Helpers.Tests.CurrencyHelperTests" name="FormatToStringTest1000" />
    </UnitTest>
    <UnitTest name="FormatToStringTest1000 (7377.5644264340235,7377.56 zł)" storage="c:\projekty\mstestproject\bin\debug\netcoreapp3.1\mstestproject.dll" id="ed459345-bef2-4cfd-9ae5-ac5cc76d0f3f">
      <TestCategory>
        <TestCategoryItem TestCategory="Category1000" />
      </TestCategory>
      <Execution id="1c854d04-8476-4530-b0e1-d42f8799a56b" />
      <TestMethod codeBase="C:\Projekty\MSTestProject\bin\Debug\netcoreapp3.1\MSTestProject.dll" adapterTypeName="executor://mstestadapter/v2" className="TwojeWesele.Services.Helpers.Tests.CurrencyHelperTests" name="FormatToStringTest1000" />
    </UnitTest>
    <UnitTest name="FormatToStringTest1000 (286.92120604539343,286.92 zł)" storage="c:\projekty\mstestproject\bin\debug\netcoreapp3.1\mstestproject.dll" id="ecf5418e-a557-4bcd-9df0-7f2c8110fa8b">
      <TestCategory>
        <TestCategoryItem TestCategory="Category1000" />
      </TestCategory>
      <Execution id="a6c7ff70-b528-4cae-99be-2d3bae43006f" />
      <TestMethod codeBase="C:\Projekty\MSTestProject\bin\Debug\netcoreapp3.1\MSTestProject.dll" adapterTypeName="executor://mstestadapter/v2" className="TwojeWesele.Services.Helpers.Tests.CurrencyHelperTests" name="FormatToStringTest1000" />
    </UnitTest>
    <UnitTest name="FormatToStringTest1000 (7813.027778348433,7813.03 zł)" storage="c:\projekty\mstestproject\bin\debug\netcoreapp3.1\mstestproject.dll" id="0c24368d-8c74-4517-a8ac-840ce871e070">
      <TestCategory>
        <TestCategoryItem TestCategory="Category1000" />
      </TestCategory>
      <Execution id="30b05416-d326-48be-9653-2a09132836d4" />
      <TestMethod codeBase="C:\Projekty\MSTestProject\bin\Debug\netcoreapp3.1\MSTestProject.dll" adapterTypeName="executor://mstestadapter/v2" className="TwojeWesele.Services.Helpers.Tests.CurrencyHelperTests" name="FormatToStringTest1000" />
    </UnitTest>
    <UnitTest name="FormatToStringTest1000 (3649.9254912836127,3649.93 zł)" storage="c:\projekty\mstestproject\bin\debug\netcoreapp3.1\mstestproject.dll" id="9d406346-5184-43b4-b200-dff97b73a57c">
      <TestCategory>
        <TestCategoryItem TestCategory="Category1000" />
      </TestCategory>
      <Execution id="27946e20-d0ff-4e37-9224-dcf7e58d965c" />
      <TestMethod codeBase="C:\Projekty\MSTestProject\bin\Debug\netcoreapp3.1\MSTestProject.dll" adapterTypeName="executor://mstestadapter/v2" className="TwojeWesele.Services.Helpers.Tests.CurrencyHelperTests" name="FormatToStringTest1000" />
    </UnitTest>
    <UnitTest name="FormatToStringTest1000 (6266.232005888704,6266.23 zł)" storage="c:\projekty\mstestproject\bin\debug\netcoreapp3.1\mstestproject.dll" id="177f5120-e5ad-4d7a-80a4-191903a144cb">
      <TestCategory>
        <TestCategoryItem TestCategory="Category1000" />
      </TestCategory>
      <Execution id="5b457c38-b18c-4bc3-a055-a64eb126afec" />
      <TestMethod codeBase="C:\Projekty\MSTestProject\bin\Debug\netcoreapp3.1\MSTestProject.dll" adapterTypeName="executor://mstestadapter/v2" className="TwojeWesele.Services.Helpers.Tests.CurrencyHelperTests" name="FormatToStringTest1000" />
    </UnitTest>
    <UnitTest name="FormatToStringTest1000 (16030.852371789913,16030.85 zł)" storage="c:\projekty\mstestproject\bin\debug\netcoreapp3.1\mstestproject.dll" id="309389dd-d870-43df-b4eb-98f868838243">
      <TestCategory>
        <TestCategoryItem TestCategory="Category1000" />
      </TestCategory>
      <Execution id="44871188-3cce-4898-ba4e-43f13f9a18be" />
      <TestMethod codeBase="C:\Projekty\MSTestProject\bin\Debug\netcoreapp3.1\MSTestProject.dll" adapterTypeName="executor://mstestadapter/v2" className="TwojeWesele.Services.Helpers.Tests.CurrencyHelperTests" name="FormatToStringTest1000" />
    </UnitTest>
    <UnitTest name="FormatToStringTest1000 (32908.76696502639,32908.77 zł)" storage="c:\projekty\mstestproject\bin\debug\netcoreapp3.1\mstestproject.dll" id="220b6a48-e8de-47b7-bfe2-45d84deb8c52">
      <TestCategory>
        <TestCategoryItem TestCategory="Category1000" />
      </TestCategory>
      <Execution id="35f1adc4-6abc-452d-8c0a-724f3f3cd4fa" />
      <TestMethod codeBase="C:\Projekty\MSTestProject\bin\Debug\netcoreapp3.1\MSTestProject.dll" adapterTypeName="executor://mstestadapter/v2" className="TwojeWesele.Services.Helpers.Tests.CurrencyHelperTests" name="FormatToStringTest1000" />
    </UnitTest>
    <UnitTest name="FormatToStringTest1000 (1208.1827589441941,1208.18 zł)" storage="c:\projekty\mstestproject\bin\debug\netcoreapp3.1\mstestproject.dll" id="b432f7e4-d25e-4019-b336-57c457701389">
      <TestCategory>
        <TestCategoryItem TestCategory="Category1000" />
      </TestCategory>
      <Execution id="87b4875b-ebd4-47c3-bc89-a64e5f7f77b0" />
      <TestMethod codeBase="C:\Projekty\MSTestProject\bin\Debug\netcoreapp3.1\MSTestProject.dll" adapterTypeName="executor://mstestadapter/v2" className="TwojeWesele.Services.Helpers.Tests.CurrencyHelperTests" name="FormatToStringTest1000" />
    </UnitTest>
    <UnitTest name="FormatToStringTest1000 (485.6735566554933,485.67 zł)" storage="c:\projekty\mstestproject\bin\debug\netcoreapp3.1\mstestproject.dll" id="9a820b5b-0a47-4056-a57a-fd0f208dfffe">
      <TestCategory>
        <TestCategoryItem TestCategory="Category1000" />
      </TestCategory>
      <Execution id="38a0b549-5ae8-4549-b108-9f366f163524" />
      <TestMethod codeBase="C:\Projekty\MSTestProject\bin\Debug\netcoreapp3.1\MSTestProject.dll" adapterTypeName="executor://mstestadapter/v2" className="TwojeWesele.Services.Helpers.Tests.CurrencyHelperTests" name="FormatToStringTest1000" />
    </UnitTest>
    <UnitTest name="FormatToStringTest1000 (6057.842750804426,6057.84 zł)" storage="c:\projekty\mstestproject\bin\debug\netcoreapp3.1\mstestproject.dll" id="3e6dee2f-f3a8-4bff-b337-6bfda55388b5">
      <TestCategory>
        <TestCategoryItem TestCategory="Category1000" />
      </TestCategory>
      <Execution id="ee19e0a9-b143-467d-8a3b-5403cc677465" />
      <TestMethod codeBase="C:\Projekty\MSTestProject\bin\Debug\netcoreapp3.1\MSTestProject.dll" adapterTypeName="executor://mstestadapter/v2" className="TwojeWesele.Services.Helpers.Tests.CurrencyHelperTests" name="FormatToStringTest1000" />
    </UnitTest>
    <UnitTest name="FormatToStringTest1000 (27164.0272410419,27164.03 zł)" storage="c:\projekty\mstestproject\bin\debug\netcoreapp3.1\mstestproject.dll" id="8862b8fe-7f6f-49dd-8ad8-cb05bb241f65">
      <TestCategory>
        <TestCategoryItem TestCategory="Category1000" />
      </TestCategory>
      <Execution id="dc129926-ff60-4bb4-a697-d8bb7757acaa" />
      <TestMethod codeBase="C:\Projekty\MSTestProject\bin\Debug\netcoreapp3.1\MSTestProject.dll" adapterTypeName="executor://mstestadapter/v2" className="TwojeWesele.Services.Helpers.Tests.CurrencyHelperTests" name="FormatToStringTest1000" />
    </UnitTest>
    <UnitTest name="FormatToStringTest1000 (85407.13428016152,85407.13 zł)" storage="c:\projekty\mstestproject\bin\debug\netcoreapp3.1\mstestproject.dll" id="e21201b8-4652-40d6-9d33-27ec788664eb">
      <TestCategory>
        <TestCategoryItem TestCategory="Category1000" />
      </TestCategory>
      <Execution id="e84c831e-00ff-42c6-925c-d6147250ae9b" />
      <TestMethod codeBase="C:\Projekty\MSTestProject\bin\Debug\netcoreapp3.1\MSTestProject.dll" adapterTypeName="executor://mstestadapter/v2" className="TwojeWesele.Services.Helpers.Tests.CurrencyHelperTests" name="FormatToStringTest1000" />
    </UnitTest>
    <UnitTest name="FormatToStringTest1000 (8802.811382028653,8802.81 zł)" storage="c:\projekty\mstestproject\bin\debug\netcoreapp3.1\mstestproject.dll" id="3da82ec9-bd62-413b-baf0-29b607051b46">
      <TestCategory>
        <TestCategoryItem TestCategory="Category1000" />
      </TestCategory>
      <Execution id="54e00a2a-ed64-4efd-9480-9c7ae9e8a14d" />
      <TestMethod codeBase="C:\Projekty\MSTestProject\bin\Debug\netcoreapp3.1\MSTestProject.dll" adapterTypeName="executor://mstestadapter/v2" className="TwojeWesele.Services.Helpers.Tests.CurrencyHelperTests" name="FormatToStringTest1000" />
    </UnitTest>
    <UnitTest name="FormatToStringTest1000 (23649.104642116046,23649.10 zł)" storage="c:\projekty\mstestproject\bin\debug\netcoreapp3.1\mstestproject.dll" id="7d9632a1-ca0d-4266-9c2d-848f7f15c9ad">
      <TestCategory>
        <TestCategoryItem TestCategory="Category1000" />
      </TestCategory>
      <Execution id="50c5ea23-b3b1-4359-ad17-4bf428ea73d2" />
      <TestMethod codeBase="C:\Projekty\MSTestProject\bin\Debug\netcoreapp3.1\MSTestProject.dll" adapterTypeName="executor://mstestadapter/v2" className="TwojeWesele.Services.Helpers.Tests.CurrencyHelperTests" name="FormatToStringTest1000" />
    </UnitTest>
    <UnitTest name="FormatToStringTest1000 (19783.413847500186,19783.41 zł)" storage="c:\projekty\mstestproject\bin\debug\netcoreapp3.1\mstestproject.dll" id="91342888-e58f-44d1-9f18-dcfd15719aa2">
      <TestCategory>
        <TestCategoryItem TestCategory="Category1000" />
      </TestCategory>
      <Execution id="f6c5b4c3-cd5d-4b75-97f2-493b2da8bda5" />
      <TestMethod codeBase="C:\Projekty\MSTestProject\bin\Debug\netcoreapp3.1\MSTestProject.dll" adapterTypeName="executor://mstestadapter/v2" className="TwojeWesele.Services.Helpers.Tests.CurrencyHelperTests" name="FormatToStringTest1000" />
    </UnitTest>
    <UnitTest name="FormatToStringTest1000 (14035.12972514477,14035.13 zł)" storage="c:\projekty\mstestproject\bin\debug\netcoreapp3.1\mstestproject.dll" id="66afd842-c06f-4f9c-8571-44c73500a42c">
      <TestCategory>
        <TestCategoryItem TestCategory="Category1000" />
      </TestCategory>
      <Execution id="2ef6f837-15e2-4de0-ac09-73d1b40a50fa" />
      <TestMethod codeBase="C:\Projekty\MSTestProject\bin\Debug\netcoreapp3.1\MSTestProject.dll" adapterTypeName="executor://mstestadapter/v2" className="TwojeWesele.Services.Helpers.Tests.CurrencyHelperTests" name="FormatToStringTest1000" />
    </UnitTest>
    <UnitTest name="FormatToStringTest1000 (51529.79033960206,51529.79 zł)" storage="c:\projekty\mstestproject\bin\debug\netcoreapp3.1\mstestproject.dll" id="202c63a3-6473-4b16-bd89-7229b9c8f5f9">
      <TestCategory>
        <TestCategoryItem TestCategory="Category1000" />
      </TestCategory>
      <Execution id="418c55ee-ea2d-4bfb-99e7-f149e0f9b561" />
      <TestMethod codeBase="C:\Projekty\MSTestProject\bin\Debug\netcoreapp3.1\MSTestProject.dll" adapterTypeName="executor://mstestadapter/v2" className="TwojeWesele.Services.Helpers.Tests.CurrencyHelperTests" name="FormatToStringTest1000" />
    </UnitTest>
    <UnitTest name="FormatToStringTest1000 (27942.393876474067,27942.39 zł)" storage="c:\projekty\mstestproject\bin\debug\netcoreapp3.1\mstestproject.dll" id="5fee87bc-b8cf-46b0-9d39-42824f126168">
      <TestCategory>
        <TestCategoryItem TestCategory="Category1000" />
      </TestCategory>
      <Execution id="38d51bd4-e323-42f7-8da2-7945369138d9" />
      <TestMethod codeBase="C:\Projekty\MSTestProject\bin\Debug\netcoreapp3.1\MSTestProject.dll" adapterTypeName="executor://mstestadapter/v2" className="TwojeWesele.Services.Helpers.Tests.CurrencyHelperTests" name="FormatToStringTest1000" />
    </UnitTest>
    <UnitTest name="FormatToStringTest1000 (30807.823896702295,30807.82 zł)" storage="c:\projekty\mstestproject\bin\debug\netcoreapp3.1\mstestproject.dll" id="1a658070-de10-4fa5-bc99-a3c3da26ac6c">
      <TestCategory>
        <TestCategoryItem TestCategory="Category1000" />
      </TestCategory>
      <Execution id="c3478012-8a49-4f39-9768-bac85e393f48" />
      <TestMethod codeBase="C:\Projekty\MSTestProject\bin\Debug\netcoreapp3.1\MSTestProject.dll" adapterTypeName="executor://mstestadapter/v2" className="TwojeWesele.Services.Helpers.Tests.CurrencyHelperTests" name="FormatToStringTest1000" />
    </UnitTest>
    <UnitTest name="FormatToStringTest1000 (68698.01923441609,68698.02 zł)" storage="c:\projekty\mstestproject\bin\debug\netcoreapp3.1\mstestproject.dll" id="2611d0e5-c260-4b9e-bdf5-e6c7d113ecc5">
      <TestCategory>
        <TestCategoryItem TestCategory="Category1000" />
      </TestCategory>
      <Execution id="21c0d8cd-eb28-4123-893e-7c34b546c8f0" />
      <TestMethod codeBase="C:\Projekty\MSTestProject\bin\Debug\netcoreapp3.1\MSTestProject.dll" adapterTypeName="executor://mstestadapter/v2" className="TwojeWesele.Services.Helpers.Tests.CurrencyHelperTests" name="FormatToStringTest1000" />
    </UnitTest>
    <UnitTest name="FormatToStringTest1000 (16416.109736457518,16416.11 zł)" storage="c:\projekty\mstestproject\bin\debug\netcoreapp3.1\mstestproject.dll" id="87ce0725-5c07-4677-bc6f-d1baeadf5372">
      <TestCategory>
        <TestCategoryItem TestCategory="Category1000" />
      </TestCategory>
      <Execution id="0795754b-59ae-412c-b62e-8f67c272421d" />
      <TestMethod codeBase="C:\Projekty\MSTestProject\bin\Debug\netcoreapp3.1\MSTestProject.dll" adapterTypeName="executor://mstestadapter/v2" className="TwojeWesele.Services.Helpers.Tests.CurrencyHelperTests" name="FormatToStringTest1000" />
    </UnitTest>
    <UnitTest name="FormatToStringTest1000 (12379.347974640013,12379.35 zł)" storage="c:\projekty\mstestproject\bin\debug\netcoreapp3.1\mstestproject.dll" id="ac2f666f-cacd-454d-bd08-b0a8a5c353c0">
      <TestCategory>
        <TestCategoryItem TestCategory="Category1000" />
      </TestCategory>
      <Execution id="a6e49211-0d21-4dc7-9000-cd57aeacc459" />
      <TestMethod codeBase="C:\Projekty\MSTestProject\bin\Debug\netcoreapp3.1\MSTestProject.dll" adapterTypeName="executor://mstestadapter/v2" className="TwojeWesele.Services.Helpers.Tests.CurrencyHelperTests" name="FormatToStringTest1000" />
    </UnitTest>
    <UnitTest name="FormatToStringTest1000 (41008.28505327194,41008.29 zł)" storage="c:\projekty\mstestproject\bin\debug\netcoreapp3.1\mstestproject.dll" id="ce4e5b56-8c51-4f63-85f7-a8995684a767">
      <TestCategory>
        <TestCategoryItem TestCategory="Category1000" />
      </TestCategory>
      <Execution id="2b037b8a-fddb-45fc-8a9c-b5409dd6d7f7" />
      <TestMethod codeBase="C:\Projekty\MSTestProject\bin\Debug\netcoreapp3.1\MSTestProject.dll" adapterTypeName="executor://mstestadapter/v2" className="TwojeWesele.Services.Helpers.Tests.CurrencyHelperTests" name="FormatToStringTest1000" />
    </UnitTest>
    <UnitTest name="FormatToStringTest1000 (45455.14554704127,45455.15 zł)" storage="c:\projekty\mstestproject\bin\debug\netcoreapp3.1\mstestproject.dll" id="990475b5-9d2c-44d4-8b11-08c1c1fd2436">
      <TestCategory>
        <TestCategoryItem TestCategory="Category1000" />
      </TestCategory>
      <Execution id="6db269e5-3dc9-40ca-8811-285f3fa21ec9" />
      <TestMethod codeBase="C:\Projekty\MSTestProject\bin\Debug\netcoreapp3.1\MSTestProject.dll" adapterTypeName="executor://mstestadapter/v2" className="TwojeWesele.Services.Helpers.Tests.CurrencyHelperTests" name="FormatToStringTest1000" />
    </UnitTest>
    <UnitTest name="FormatToStringTest1000 (22153.282278674324,22153.28 zł)" storage="c:\projekty\mstestproject\bin\debug\netcoreapp3.1\mstestproject.dll" id="0477aa26-4167-4ea5-9019-be051d26a2a0">
      <TestCategory>
        <TestCategoryItem TestCategory="Category1000" />
      </TestCategory>
      <Execution id="0076e8fd-c450-4218-ba2b-9274bc76755e" />
      <TestMethod codeBase="C:\Projekty\MSTestProject\bin\Debug\netcoreapp3.1\MSTestProject.dll" adapterTypeName="executor://mstestadapter/v2" className="TwojeWesele.Services.Helpers.Tests.CurrencyHelperTests" name="FormatToStringTest1000" />
    </UnitTest>
    <UnitTest name="FormatToStringTest1000 (740.3213011405064,740.32 zł)" storage="c:\projekty\mstestproject\bin\debug\netcoreapp3.1\mstestproject.dll" id="11cc7e62-75f6-47e3-b955-49a52bfaaac3">
      <TestCategory>
        <TestCategoryItem TestCategory="Category1000" />
      </TestCategory>
      <Execution id="5bf2176d-52bd-4794-9b0b-82d99059d058" />
      <TestMethod codeBase="C:\Projekty\MSTestProject\bin\Debug\netcoreapp3.1\MSTestProject.dll" adapterTypeName="executor://mstestadapter/v2" className="TwojeWesele.Services.Helpers.Tests.CurrencyHelperTests" name="FormatToStringTest1000" />
    </UnitTest>
    <UnitTest name="FormatToStringTest1000 (14017.699524653006,14017.70 zł)" storage="c:\projekty\mstestproject\bin\debug\netcoreapp3.1\mstestproject.dll" id="8718ca85-6597-45d0-88b9-9b25b198e6e4">
      <TestCategory>
        <TestCategoryItem TestCategory="Category1000" />
      </TestCategory>
      <Execution id="b5e2bbb6-f311-4ef9-a93c-02a10828cb8d" />
      <TestMethod codeBase="C:\Projekty\MSTestProject\bin\Debug\netcoreapp3.1\MSTestProject.dll" adapterTypeName="executor://mstestadapter/v2" className="TwojeWesele.Services.Helpers.Tests.CurrencyHelperTests" name="FormatToStringTest1000" />
    </UnitTest>
    <UnitTest name="FormatToStringTest1000 (10965.74607995746,10965.75 zł)" storage="c:\projekty\mstestproject\bin\debug\netcoreapp3.1\mstestproject.dll" id="85e41ec9-82e7-4635-943a-0c5c24ccefd6">
      <TestCategory>
        <TestCategoryItem TestCategory="Category1000" />
      </TestCategory>
      <Execution id="75ec10e8-e135-4399-92a9-315faca16f10" />
      <TestMethod codeBase="C:\Projekty\MSTestProject\bin\Debug\netcoreapp3.1\MSTestProject.dll" adapterTypeName="executor://mstestadapter/v2" className="TwojeWesele.Services.Helpers.Tests.CurrencyHelperTests" name="FormatToStringTest1000" />
    </UnitTest>
    <UnitTest name="FormatToStringTest1000 (6027.66019266828,6027.66 zł)" storage="c:\projekty\mstestproject\bin\debug\netcoreapp3.1\mstestproject.dll" id="638de37c-812f-4376-ab41-32f7a2aea198">
      <TestCategory>
        <TestCategoryItem TestCategory="Category1000" />
      </TestCategory>
      <Execution id="14073afa-06ac-4e3d-a500-dc46e4e79f4b" />
      <TestMethod codeBase="C:\Projekty\MSTestProject\bin\Debug\netcoreapp3.1\MSTestProject.dll" adapterTypeName="executor://mstestadapter/v2" className="TwojeWesele.Services.Helpers.Tests.CurrencyHelperTests" name="FormatToStringTest1000" />
    </UnitTest>
    <UnitTest name="FormatToStringTest1000 (70432.00656616595,70432.01 zł)" storage="c:\projekty\mstestproject\bin\debug\netcoreapp3.1\mstestproject.dll" id="cc9cd605-5c3a-4f5b-9146-abe14cb68806">
      <TestCategory>
        <TestCategoryItem TestCategory="Category1000" />
      </TestCategory>
      <Execution id="9ba19453-0409-485b-93ac-0e7f53385201" />
      <TestMethod codeBase="C:\Projekty\MSTestProject\bin\Debug\netcoreapp3.1\MSTestProject.dll" adapterTypeName="executor://mstestadapter/v2" className="TwojeWesele.Services.Helpers.Tests.CurrencyHelperTests" name="FormatToStringTest1000" />
    </UnitTest>
    <UnitTest name="FormatToStringTest1000 (57564.498126061866,57564.50 zł)" storage="c:\projekty\mstestproject\bin\debug\netcoreapp3.1\mstestproject.dll" id="ff840f68-6e4d-4d24-aaac-11249d2720ad">
      <TestCategory>
        <TestCategoryItem TestCategory="Category1000" />
      </TestCategory>
      <Execution id="54279dc3-3f74-4f2c-a848-3ce11de53dd4" />
      <TestMethod codeBase="C:\Projekty\MSTestProject\bin\Debug\netcoreapp3.1\MSTestProject.dll" adapterTypeName="executor://mstestadapter/v2" className="TwojeWesele.Services.Helpers.Tests.CurrencyHelperTests" name="FormatToStringTest1000" />
    </UnitTest>
    <UnitTest name="FormatToStringTest1000 (6173.0243155793405,6173.02 zł)" storage="c:\projekty\mstestproject\bin\debug\netcoreapp3.1\mstestproject.dll" id="811322e4-b967-47b5-9083-fc7aebdf3b33">
      <TestCategory>
        <TestCategoryItem TestCategory="Category1000" />
      </TestCategory>
      <Execution id="98df6523-c746-4dd3-b778-9874107d2045" />
      <TestMethod codeBase="C:\Projekty\MSTestProject\bin\Debug\netcoreapp3.1\MSTestProject.dll" adapterTypeName="executor://mstestadapter/v2" className="TwojeWesele.Services.Helpers.Tests.CurrencyHelperTests" name="FormatToStringTest1000" />
    </UnitTest>
    <UnitTest name="FormatToStringTest1000 (15313.083673952653,15313.08 zł)" storage="c:\projekty\mstestproject\bin\debug\netcoreapp3.1\mstestproject.dll" id="d8d11de9-ae0a-4a84-a480-a4fa6a7d9cae">
      <TestCategory>
        <TestCategoryItem TestCategory="Category1000" />
      </TestCategory>
      <Execution id="d4c36793-c36d-454b-904f-22b5db7be04b" />
      <TestMethod codeBase="C:\Projekty\MSTestProject\bin\Debug\netcoreapp3.1\MSTestProject.dll" adapterTypeName="executor://mstestadapter/v2" className="TwojeWesele.Services.Helpers.Tests.CurrencyHelperTests" name="FormatToStringTest1000" />
    </UnitTest>
    <UnitTest name="FormatToStringTest1000 (5247.779940802501,5247.78 zł)" storage="c:\projekty\mstestproject\bin\debug\netcoreapp3.1\mstestproject.dll" id="2bd88357-641b-4c38-bdf0-d7849c7ab109">
      <TestCategory>
        <TestCategoryItem TestCategory="Category1000" />
      </TestCategory>
      <Execution id="983c3a14-e3a7-4e15-89fc-071d6c9e180d" />
      <TestMethod codeBase="C:\Projekty\MSTestProject\bin\Debug\netcoreapp3.1\MSTestProject.dll" adapterTypeName="executor://mstestadapter/v2" className="TwojeWesele.Services.Helpers.Tests.CurrencyHelperTests" name="FormatToStringTest1000" />
    </UnitTest>
    <UnitTest name="FormatToStringTest1000 (37528.70144368368,37528.70 zł)" storage="c:\projekty\mstestproject\bin\debug\netcoreapp3.1\mstestproject.dll" id="27704fad-3324-4096-b74b-51f55974e043">
      <TestCategory>
        <TestCategoryItem TestCategory="Category1000" />
      </TestCategory>
      <Execution id="ac7f2bf4-4666-4810-85ff-5c7c5fe2975c" />
      <TestMethod codeBase="C:\Projekty\MSTestProject\bin\Debug\netcoreapp3.1\MSTestProject.dll" adapterTypeName="executor://mstestadapter/v2" className="TwojeWesele.Services.Helpers.Tests.CurrencyHelperTests" name="FormatToStringTest1000" />
    </UnitTest>
    <UnitTest name="FormatToStringTest1000 (26223.99769144412,26224.00 zł)" storage="c:\projekty\mstestproject\bin\debug\netcoreapp3.1\mstestproject.dll" id="34ab4327-2d15-4a04-930c-e83a53917933">
      <TestCategory>
        <TestCategoryItem TestCategory="Category1000" />
      </TestCategory>
      <Execution id="493af7e7-ecb6-42c8-871d-9bbbdf1ca89a" />
      <TestMethod codeBase="C:\Projekty\MSTestProject\bin\Debug\netcoreapp3.1\MSTestProject.dll" adapterTypeName="executor://mstestadapter/v2" className="TwojeWesele.Services.Helpers.Tests.CurrencyHelperTests" name="FormatToStringTest1000" />
    </UnitTest>
    <UnitTest name="FormatToStringTest1000 (33251.41907856028,33251.42 zł)" storage="c:\projekty\mstestproject\bin\debug\netcoreapp3.1\mstestproject.dll" id="80dc4830-fc94-4123-85cb-1386bb11023d">
      <TestCategory>
        <TestCategoryItem TestCategory="Category1000" />
      </TestCategory>
      <Execution id="722fc249-801b-4e48-8449-959aedae1119" />
      <TestMethod codeBase="C:\Projekty\MSTestProject\bin\Debug\netcoreapp3.1\MSTestProject.dll" adapterTypeName="executor://mstestadapter/v2" className="TwojeWesele.Services.Helpers.Tests.CurrencyHelperTests" name="FormatToStringTest1000" />
    </UnitTest>
    <UnitTest name="FormatToStringTest1000 (545.7016866634142,545.70 zł)" storage="c:\projekty\mstestproject\bin\debug\netcoreapp3.1\mstestproject.dll" id="5716644a-c573-4d01-be2f-d71c2e352b17">
      <TestCategory>
        <TestCategoryItem TestCategory="Category1000" />
      </TestCategory>
      <Execution id="7a29243b-f483-43c0-b695-51ff7bfc43be" />
      <TestMethod codeBase="C:\Projekty\MSTestProject\bin\Debug\netcoreapp3.1\MSTestProject.dll" adapterTypeName="executor://mstestadapter/v2" className="TwojeWesele.Services.Helpers.Tests.CurrencyHelperTests" name="FormatToStringTest1000" />
    </UnitTest>
    <UnitTest name="FormatToStringTest1000 (59768.02667973611,59768.03 zł)" storage="c:\projekty\mstestproject\bin\debug\netcoreapp3.1\mstestproject.dll" id="b63f0631-3b5b-40d7-aba4-86ef902befca">
      <TestCategory>
        <TestCategoryItem TestCategory="Category1000" />
      </TestCategory>
      <Execution id="29f09ccb-c5ae-4066-9c82-8b953dd45998" />
      <TestMethod codeBase="C:\Projekty\MSTestProject\bin\Debug\netcoreapp3.1\MSTestProject.dll" adapterTypeName="executor://mstestadapter/v2" className="TwojeWesele.Services.Helpers.Tests.CurrencyHelperTests" name="FormatToStringTest1000" />
    </UnitTest>
    <UnitTest name="FormatToStringTest1000 (30126.012320622805,30126.01 zł)" storage="c:\projekty\mstestproject\bin\debug\netcoreapp3.1\mstestproject.dll" id="e177d891-bd6f-4b6f-b24b-6f88dd0b4640">
      <TestCategory>
        <TestCategoryItem TestCategory="Category1000" />
      </TestCategory>
      <Execution id="31b48706-7e9b-45eb-ac11-3a69d72c7d03" />
      <TestMethod codeBase="C:\Projekty\MSTestProject\bin\Debug\netcoreapp3.1\MSTestProject.dll" adapterTypeName="executor://mstestadapter/v2" className="TwojeWesele.Services.Helpers.Tests.CurrencyHelperTests" name="FormatToStringTest1000" />
    </UnitTest>
    <UnitTest name="FormatToStringTest1000 (12308.022158465357,12308.02 zł)" storage="c:\projekty\mstestproject\bin\debug\netcoreapp3.1\mstestproject.dll" id="c5f712c2-f6b0-4ac9-b19b-08cc49a04a88">
      <TestCategory>
        <TestCategoryItem TestCategory="Category1000" />
      </TestCategory>
      <Execution id="7654f6e6-66b3-485e-9c02-7561a4c71ec1" />
      <TestMethod codeBase="C:\Projekty\MSTestProject\bin\Debug\netcoreapp3.1\MSTestProject.dll" adapterTypeName="executor://mstestadapter/v2" className="TwojeWesele.Services.Helpers.Tests.CurrencyHelperTests" name="FormatToStringTest1000" />
    </UnitTest>
    <UnitTest name="FormatToStringTest1000 (19873.59831658453,19873.60 zł)" storage="c:\projekty\mstestproject\bin\debug\netcoreapp3.1\mstestproject.dll" id="b4e6c1cb-fad8-43ba-b1e7-3823854359fb">
      <TestCategory>
        <TestCategoryItem TestCategory="Category1000" />
      </TestCategory>
      <Execution id="b1f5b166-04a9-4b25-82aa-b81ec9baf6dd" />
      <TestMethod codeBase="C:\Projekty\MSTestProject\bin\Debug\netcoreapp3.1\MSTestProject.dll" adapterTypeName="executor://mstestadapter/v2" className="TwojeWesele.Services.Helpers.Tests.CurrencyHelperTests" name="FormatToStringTest1000" />
    </UnitTest>
    <UnitTest name="FormatToStringTest1000 (7594.279030504766,7594.28 zł)" storage="c:\projekty\mstestproject\bin\debug\netcoreapp3.1\mstestproject.dll" id="014aceae-f4c9-4821-9031-1b01c0de3a6f">
      <TestCategory>
        <TestCategoryItem TestCategory="Category1000" />
      </TestCategory>
      <Execution id="bd2a3df4-119a-4ae5-8d92-56317829114a" />
      <TestMethod codeBase="C:\Projekty\MSTestProject\bin\Debug\netcoreapp3.1\MSTestProject.dll" adapterTypeName="executor://mstestadapter/v2" className="TwojeWesele.Services.Helpers.Tests.CurrencyHelperTests" name="FormatToStringTest1000" />
    </UnitTest>
    <UnitTest name="FormatToStringTest1000 (8851.904041135638,8851.90 zł)" storage="c:\projekty\mstestproject\bin\debug\netcoreapp3.1\mstestproject.dll" id="bd529254-6bb1-4397-b272-abed95ca02c6">
      <TestCategory>
        <TestCategoryItem TestCategory="Category1000" />
      </TestCategory>
      <Execution id="df185f14-e6ff-4584-8919-1f8f8f95d66a" />
      <TestMethod codeBase="C:\Projekty\MSTestProject\bin\Debug\netcoreapp3.1\MSTestProject.dll" adapterTypeName="executor://mstestadapter/v2" className="TwojeWesele.Services.Helpers.Tests.CurrencyHelperTests" name="FormatToStringTest1000" />
    </UnitTest>
    <UnitTest name="FormatToStringTest1000 (8885.065440211942,8885.07 zł)" storage="c:\projekty\mstestproject\bin\debug\netcoreapp3.1\mstestproject.dll" id="08a1e9bb-53f8-4a57-b474-a6a2861a127b">
      <TestCategory>
        <TestCategoryItem TestCategory="Category1000" />
      </TestCategory>
      <Execution id="101a4ceb-e7e4-4bbd-a7fb-fe877e6b46fb" />
      <TestMethod codeBase="C:\Projekty\MSTestProject\bin\Debug\netcoreapp3.1\MSTestProject.dll" adapterTypeName="executor://mstestadapter/v2" className="TwojeWesele.Services.Helpers.Tests.CurrencyHelperTests" name="FormatToStringTest1000" />
    </UnitTest>
    <UnitTest name="FormatToStringTest1000 (34062.88803158276,34062.89 zł)" storage="c:\projekty\mstestproject\bin\debug\netcoreapp3.1\mstestproject.dll" id="9dffaa95-d1ad-4345-9d93-c8e2eb0d10f2">
      <TestCategory>
        <TestCategoryItem TestCategory="Category1000" />
      </TestCategory>
      <Execution id="e838fea3-4cb9-487e-943b-bfeb9ec7194c" />
      <TestMethod codeBase="C:\Projekty\MSTestProject\bin\Debug\netcoreapp3.1\MSTestProject.dll" adapterTypeName="executor://mstestadapter/v2" className="TwojeWesele.Services.Helpers.Tests.CurrencyHelperTests" name="FormatToStringTest1000" />
    </UnitTest>
    <UnitTest name="FormatToStringTest1000 (591.2110872302256,591.21 zł)" storage="c:\projekty\mstestproject\bin\debug\netcoreapp3.1\mstestproject.dll" id="eb5a8279-6964-459e-8b96-8d0db23c8bab">
      <TestCategory>
        <TestCategoryItem TestCategory="Category1000" />
      </TestCategory>
      <Execution id="f7f9d95d-1663-4b27-98e6-e498d628ac9c" />
      <TestMethod codeBase="C:\Projekty\MSTestProject\bin\Debug\netcoreapp3.1\MSTestProject.dll" adapterTypeName="executor://mstestadapter/v2" className="TwojeWesele.Services.Helpers.Tests.CurrencyHelperTests" name="FormatToStringTest1000" />
    </UnitTest>
    <UnitTest name="FormatToStringTest1000 (19363.881840787773,19363.88 zł)" storage="c:\projekty\mstestproject\bin\debug\netcoreapp3.1\mstestproject.dll" id="1ee9738a-da57-470e-a659-9dfac02a341f">
      <TestCategory>
        <TestCategoryItem TestCategory="Category1000" />
      </TestCategory>
      <Execution id="abfb7651-cc0e-46d5-9e47-c83f725d28fc" />
      <TestMethod codeBase="C:\Projekty\MSTestProject\bin\Debug\netcoreapp3.1\MSTestProject.dll" adapterTypeName="executor://mstestadapter/v2" className="TwojeWesele.Services.Helpers.Tests.CurrencyHelperTests" name="FormatToStringTest1000" />
    </UnitTest>
    <UnitTest name="FormatToStringTest1000 (38803.03958246253,38803.04 zł)" storage="c:\projekty\mstestproject\bin\debug\netcoreapp3.1\mstestproject.dll" id="6bd5fd0d-0894-4ea5-8bed-274811facdc3">
      <TestCategory>
        <TestCategoryItem TestCategory="Category1000" />
      </TestCategory>
      <Execution id="c580d6bb-39df-4419-a5f6-4a0acc7d5860" />
      <TestMethod codeBase="C:\Projekty\MSTestProject\bin\Debug\netcoreapp3.1\MSTestProject.dll" adapterTypeName="executor://mstestadapter/v2" className="TwojeWesele.Services.Helpers.Tests.CurrencyHelperTests" name="FormatToStringTest1000" />
    </UnitTest>
    <UnitTest name="FormatToStringTest1000 (7124.979180760672,7124.98 zł)" storage="c:\projekty\mstestproject\bin\debug\netcoreapp3.1\mstestproject.dll" id="20d83be1-3b99-4afe-b676-a44fa5cc5622">
      <TestCategory>
        <TestCategoryItem TestCategory="Category1000" />
      </TestCategory>
      <Execution id="273dc587-d59e-44b6-b5a2-f9f5d17a7d9d" />
      <TestMethod codeBase="C:\Projekty\MSTestProject\bin\Debug\netcoreapp3.1\MSTestProject.dll" adapterTypeName="executor://mstestadapter/v2" className="TwojeWesele.Services.Helpers.Tests.CurrencyHelperTests" name="FormatToStringTest1000" />
    </UnitTest>
    <UnitTest name="FormatToStringTest1000 (25794.833624416417,25794.83 zł)" storage="c:\projekty\mstestproject\bin\debug\netcoreapp3.1\mstestproject.dll" id="6c685f4f-9b61-46d1-83c1-d9487fd1a822">
      <TestCategory>
        <TestCategoryItem TestCategory="Category1000" />
      </TestCategory>
      <Execution id="a7968cfd-0b51-4c36-83b7-8d0ee6995379" />
      <TestMethod codeBase="C:\Projekty\MSTestProject\bin\Debug\netcoreapp3.1\MSTestProject.dll" adapterTypeName="executor://mstestadapter/v2" className="TwojeWesele.Services.Helpers.Tests.CurrencyHelperTests" name="FormatToStringTest1000" />
    </UnitTest>
    <UnitTest name="FormatToStringTest1000 (1745.490603896552,1745.49 zł)" storage="c:\projekty\mstestproject\bin\debug\netcoreapp3.1\mstestproject.dll" id="8b20d756-7710-4829-822d-dbd2dbd13066">
      <TestCategory>
        <TestCategoryItem TestCategory="Category1000" />
      </TestCategory>
      <Execution id="5cf67eea-0a08-4af7-9f83-d0e126f75b93" />
      <TestMethod codeBase="C:\Projekty\MSTestProject\bin\Debug\netcoreapp3.1\MSTestProject.dll" adapterTypeName="executor://mstestadapter/v2" className="TwojeWesele.Services.Helpers.Tests.CurrencyHelperTests" name="FormatToStringTest1000" />
    </UnitTest>
    <UnitTest name="FormatToStringTest1000 (43858.624379632354,43858.62 zł)" storage="c:\projekty\mstestproject\bin\debug\netcoreapp3.1\mstestproject.dll" id="66f7d284-d809-4f9f-a31a-a8c54768a39d">
      <TestCategory>
        <TestCategoryItem TestCategory="Category1000" />
      </TestCategory>
      <Execution id="11a666a9-79f2-4df5-943d-305cd5a180c4" />
      <TestMethod codeBase="C:\Projekty\MSTestProject\bin\Debug\netcoreapp3.1\MSTestProject.dll" adapterTypeName="executor://mstestadapter/v2" className="TwojeWesele.Services.Helpers.Tests.CurrencyHelperTests" name="FormatToStringTest1000" />
    </UnitTest>
    <UnitTest name="FormatToStringTest1000 (5628.028273674672,5628.03 zł)" storage="c:\projekty\mstestproject\bin\debug\netcoreapp3.1\mstestproject.dll" id="f1d355c7-b139-45b6-bc3e-a9bc1a7648e6">
      <TestCategory>
        <TestCategoryItem TestCategory="Category1000" />
      </TestCategory>
      <Execution id="63561b98-a7c3-4e70-bac6-93f038563bbb" />
      <TestMethod codeBase="C:\Projekty\MSTestProject\bin\Debug\netcoreapp3.1\MSTestProject.dll" adapterTypeName="executor://mstestadapter/v2" className="TwojeWesele.Services.Helpers.Tests.CurrencyHelperTests" name="FormatToStringTest1000" />
    </UnitTest>
    <UnitTest name="FormatToStringTest1000 (15861.139287455073,15861.14 zł)" storage="c:\projekty\mstestproject\bin\debug\netcoreapp3.1\mstestproject.dll" id="37265a4d-2dc4-42f9-a6cb-bd3b9118cb45">
      <TestCategory>
        <TestCategoryItem TestCategory="Category1000" />
      </TestCategory>
      <Execution id="a6b05fa9-f3b1-4243-8595-18154eb23d41" />
      <TestMethod codeBase="C:\Projekty\MSTestProject\bin\Debug\netcoreapp3.1\MSTestProject.dll" adapterTypeName="executor://mstestadapter/v2" className="TwojeWesele.Services.Helpers.Tests.CurrencyHelperTests" name="FormatToStringTest1000" />
    </UnitTest>
    <UnitTest name="FormatToStringTest1000 (50956.25028206606,50956.25 zł)" storage="c:\projekty\mstestproject\bin\debug\netcoreapp3.1\mstestproject.dll" id="a909536e-dad9-4015-84d5-bc49b9db7496">
      <TestCategory>
        <TestCategoryItem TestCategory="Category1000" />
      </TestCategory>
      <Execution id="dd3cba53-6976-474f-8340-c13714d8ba8c" />
      <TestMethod codeBase="C:\Projekty\MSTestProject\bin\Debug\netcoreapp3.1\MSTestProject.dll" adapterTypeName="executor://mstestadapter/v2" className="TwojeWesele.Services.Helpers.Tests.CurrencyHelperTests" name="FormatToStringTest1000" />
    </UnitTest>
    <UnitTest name="FormatToStringTest1000 (36969.98585167247,36969.99 zł)" storage="c:\projekty\mstestproject\bin\debug\netcoreapp3.1\mstestproject.dll" id="bd399a1b-be2f-4237-9b93-132e7965ae0c">
      <TestCategory>
        <TestCategoryItem TestCategory="Category1000" />
      </TestCategory>
      <Execution id="228a154e-39b6-40da-818a-9e7a31d0106e" />
      <TestMethod codeBase="C:\Projekty\MSTestProject\bin\Debug\netcoreapp3.1\MSTestProject.dll" adapterTypeName="executor://mstestadapter/v2" className="TwojeWesele.Services.Helpers.Tests.CurrencyHelperTests" name="FormatToStringTest1000" />
    </UnitTest>
    <UnitTest name="FormatToStringTest1000 (75024.79122970243,75024.79 zł)" storage="c:\projekty\mstestproject\bin\debug\netcoreapp3.1\mstestproject.dll" id="3b40debc-4a7f-4896-aa64-27d04107156d">
      <TestCategory>
        <TestCategoryItem TestCategory="Category1000" />
      </TestCategory>
      <Execution id="34178d17-2c36-4fd0-aa2b-dc3309286f45" />
      <TestMethod codeBase="C:\Projekty\MSTestProject\bin\Debug\netcoreapp3.1\MSTestProject.dll" adapterTypeName="executor://mstestadapter/v2" className="TwojeWesele.Services.Helpers.Tests.CurrencyHelperTests" name="FormatToStringTest1000" />
    </UnitTest>
    <UnitTest name="FormatToStringTest1000 (41972.39431566763,41972.39 zł)" storage="c:\projekty\mstestproject\bin\debug\netcoreapp3.1\mstestproject.dll" id="a9f3737c-4ad9-4d8e-b71d-1f95482d0dc1">
      <TestCategory>
        <TestCategoryItem TestCategory="Category1000" />
      </TestCategory>
      <Execution id="35edd63c-e725-4f9f-9a86-e38cc9fee51c" />
      <TestMethod codeBase="C:\Projekty\MSTestProject\bin\Debug\netcoreapp3.1\MSTestProject.dll" adapterTypeName="executor://mstestadapter/v2" className="TwojeWesele.Services.Helpers.Tests.CurrencyHelperTests" name="FormatToStringTest1000" />
    </UnitTest>
    <UnitTest name="FormatToStringTest1000 (13503.943645929892,13503.94 zł)" storage="c:\projekty\mstestproject\bin\debug\netcoreapp3.1\mstestproject.dll" id="9211f74f-4b41-476e-9907-e9866a09df83">
      <TestCategory>
        <TestCategoryItem TestCategory="Category1000" />
      </TestCategory>
      <Execution id="ff33a48f-e887-4990-a147-3690fb2de894" />
      <TestMethod codeBase="C:\Projekty\MSTestProject\bin\Debug\netcoreapp3.1\MSTestProject.dll" adapterTypeName="executor://mstestadapter/v2" className="TwojeWesele.Services.Helpers.Tests.CurrencyHelperTests" name="FormatToStringTest1000" />
    </UnitTest>
    <UnitTest name="FormatToStringTest1000 (20445.11280083149,20445.11 zł)" storage="c:\projekty\mstestproject\bin\debug\netcoreapp3.1\mstestproject.dll" id="7099ce3c-dcb9-4efd-83b9-9528c50174bb">
      <TestCategory>
        <TestCategoryItem TestCategory="Category1000" />
      </TestCategory>
      <Execution id="7121d854-d269-4330-ad4f-90187ba4d3cc" />
      <TestMethod codeBase="C:\Projekty\MSTestProject\bin\Debug\netcoreapp3.1\MSTestProject.dll" adapterTypeName="executor://mstestadapter/v2" className="TwojeWesele.Services.Helpers.Tests.CurrencyHelperTests" name="FormatToStringTest1000" />
    </UnitTest>
    <UnitTest name="FormatToStringTest1000 (29845.02749849345,29845.03 zł)" storage="c:\projekty\mstestproject\bin\debug\netcoreapp3.1\mstestproject.dll" id="5f4a6fda-fb8d-4c05-bd80-377f95cf59ac">
      <TestCategory>
        <TestCategoryItem TestCategory="Category1000" />
      </TestCategory>
      <Execution id="d361965d-f24f-4aff-af7c-f62656815741" />
      <TestMethod codeBase="C:\Projekty\MSTestProject\bin\Debug\netcoreapp3.1\MSTestProject.dll" adapterTypeName="executor://mstestadapter/v2" className="TwojeWesele.Services.Helpers.Tests.CurrencyHelperTests" name="FormatToStringTest1000" />
    </UnitTest>
    <UnitTest name="FormatToStringTest1000 (4419.750844657306,4419.75 zł)" storage="c:\projekty\mstestproject\bin\debug\netcoreapp3.1\mstestproject.dll" id="0c8f0f8b-a597-4a4c-a717-f485d03032fc">
      <TestCategory>
        <TestCategoryItem TestCategory="Category1000" />
      </TestCategory>
      <Execution id="a6f94d50-3f9e-42cf-aaae-4fa7846644d6" />
      <TestMethod codeBase="C:\Projekty\MSTestProject\bin\Debug\netcoreapp3.1\MSTestProject.dll" adapterTypeName="executor://mstestadapter/v2" className="TwojeWesele.Services.Helpers.Tests.CurrencyHelperTests" name="FormatToStringTest1000" />
    </UnitTest>
    <UnitTest name="FormatToStringTest1000 (19208.676036795914,19208.68 zł)" storage="c:\projekty\mstestproject\bin\debug\netcoreapp3.1\mstestproject.dll" id="79b3d00c-3a00-4dd8-9305-fc4fbb291831">
      <TestCategory>
        <TestCategoryItem TestCategory="Category1000" />
      </TestCategory>
      <Execution id="f10ceae9-17fb-4e1b-9d36-24bb68f51156" />
      <TestMethod codeBase="C:\Projekty\MSTestProject\bin\Debug\netcoreapp3.1\MSTestProject.dll" adapterTypeName="executor://mstestadapter/v2" className="TwojeWesele.Services.Helpers.Tests.CurrencyHelperTests" name="FormatToStringTest1000" />
    </UnitTest>
    <UnitTest name="FormatToStringTest1000 (7592.950837113406,7592.95 zł)" storage="c:\projekty\mstestproject\bin\debug\netcoreapp3.1\mstestproject.dll" id="ded4dfaa-3791-4fac-9e07-7cbb5fb43a70">
      <TestCategory>
        <TestCategoryItem TestCategory="Category1000" />
      </TestCategory>
      <Execution id="66edce4c-a9f6-4560-af12-3a165a282141" />
      <TestMethod codeBase="C:\Projekty\MSTestProject\bin\Debug\netcoreapp3.1\MSTestProject.dll" adapterTypeName="executor://mstestadapter/v2" className="TwojeWesele.Services.Helpers.Tests.CurrencyHelperTests" name="FormatToStringTest1000" />
    </UnitTest>
    <UnitTest name="FormatToStringTest1000 (27794.8671353957,27794.87 zł)" storage="c:\projekty\mstestproject\bin\debug\netcoreapp3.1\mstestproject.dll" id="04fa5985-33c9-4c0e-8563-8426006ebfe5">
      <TestCategory>
        <TestCategoryItem TestCategory="Category1000" />
      </TestCategory>
      <Execution id="b9577df2-c99e-485a-b65b-19fc977374fe" />
      <TestMethod codeBase="C:\Projekty\MSTestProject\bin\Debug\netcoreapp3.1\MSTestProject.dll" adapterTypeName="executor://mstestadapter/v2" className="TwojeWesele.Services.Helpers.Tests.CurrencyHelperTests" name="FormatToStringTest1000" />
    </UnitTest>
    <UnitTest name="FormatToStringTest1000 (13197.65136269417,13197.65 zł)" storage="c:\projekty\mstestproject\bin\debug\netcoreapp3.1\mstestproject.dll" id="0d33ab82-a7fe-4fbe-98d8-135bbf4eb4f8">
      <TestCategory>
        <TestCategoryItem TestCategory="Category1000" />
      </TestCategory>
      <Execution id="d5567217-7927-4d0f-a1c4-2def42cd1468" />
      <TestMethod codeBase="C:\Projekty\MSTestProject\bin\Debug\netcoreapp3.1\MSTestProject.dll" adapterTypeName="executor://mstestadapter/v2" className="TwojeWesele.Services.Helpers.Tests.CurrencyHelperTests" name="FormatToStringTest1000" />
    </UnitTest>
    <UnitTest name="FormatToStringTest1000 (14172.682747822573,14172.68 zł)" storage="c:\projekty\mstestproject\bin\debug\netcoreapp3.1\mstestproject.dll" id="a8370ce3-7f74-40d0-8b62-8db487b2836a">
      <TestCategory>
        <TestCategoryItem TestCategory="Category1000" />
      </TestCategory>
      <Execution id="3fdd6b65-375f-4b77-9690-835c40a8fb44" />
      <TestMethod codeBase="C:\Projekty\MSTestProject\bin\Debug\netcoreapp3.1\MSTestProject.dll" adapterTypeName="executor://mstestadapter/v2" className="TwojeWesele.Services.Helpers.Tests.CurrencyHelperTests" name="FormatToStringTest1000" />
    </UnitTest>
    <UnitTest name="FormatToStringTest1000 (29539.32303995328,29539.32 zł)" storage="c:\projekty\mstestproject\bin\debug\netcoreapp3.1\mstestproject.dll" id="102b1747-f3aa-4ae0-affc-641afaf5d45c">
      <TestCategory>
        <TestCategoryItem TestCategory="Category1000" />
      </TestCategory>
      <Execution id="f67f116b-33ec-4ba8-846a-39ed5b365481" />
      <TestMethod codeBase="C:\Projekty\MSTestProject\bin\Debug\netcoreapp3.1\MSTestProject.dll" adapterTypeName="executor://mstestadapter/v2" className="TwojeWesele.Services.Helpers.Tests.CurrencyHelperTests" name="FormatToStringTest1000" />
    </UnitTest>
    <UnitTest name="FormatToStringTest1000 (59283.7670322637,59283.77 zł)" storage="c:\projekty\mstestproject\bin\debug\netcoreapp3.1\mstestproject.dll" id="a6d76abc-2e81-4354-b427-f1e81c594cf2">
      <TestCategory>
        <TestCategoryItem TestCategory="Category1000" />
      </TestCategory>
      <Execution id="ab54e45d-6263-4675-8a26-8b6a21e4eac5" />
      <TestMethod codeBase="C:\Projekty\MSTestProject\bin\Debug\netcoreapp3.1\MSTestProject.dll" adapterTypeName="executor://mstestadapter/v2" className="TwojeWesele.Services.Helpers.Tests.CurrencyHelperTests" name="FormatToStringTest1000" />
    </UnitTest>
    <UnitTest name="FormatToStringTest1000 (35065.40267025652,35065.40 zł)" storage="c:\projekty\mstestproject\bin\debug\netcoreapp3.1\mstestproject.dll" id="2a07ab52-41ce-4803-bc66-7dc3053afc1d">
      <TestCategory>
        <TestCategoryItem TestCategory="Category1000" />
      </TestCategory>
      <Execution id="8aa7b9d6-1be1-46a4-ad38-7813c3cda34f" />
      <TestMethod codeBase="C:\Projekty\MSTestProject\bin\Debug\netcoreapp3.1\MSTestProject.dll" adapterTypeName="executor://mstestadapter/v2" className="TwojeWesele.Services.Helpers.Tests.CurrencyHelperTests" name="FormatToStringTest1000" />
    </UnitTest>
    <UnitTest name="FormatToStringTest1000 (2292.8331871111104,2292.83 zł)" storage="c:\projekty\mstestproject\bin\debug\netcoreapp3.1\mstestproject.dll" id="79e23f94-6ed9-4e41-9335-ef41b72a6054">
      <TestCategory>
        <TestCategoryItem TestCategory="Category1000" />
      </TestCategory>
      <Execution id="90bee8bb-5aa0-4ece-93bf-fdbebfc6916f" />
      <TestMethod codeBase="C:\Projekty\MSTestProject\bin\Debug\netcoreapp3.1\MSTestProject.dll" adapterTypeName="executor://mstestadapter/v2" className="TwojeWesele.Services.Helpers.Tests.CurrencyHelperTests" name="FormatToStringTest1000" />
    </UnitTest>
    <UnitTest name="FormatToStringTest1000 (4823.904478896365,4823.90 zł)" storage="c:\projekty\mstestproject\bin\debug\netcoreapp3.1\mstestproject.dll" id="25244a4a-3c28-4c93-adf9-a46b1b64ba31">
      <TestCategory>
        <TestCategoryItem TestCategory="Category1000" />
      </TestCategory>
      <Execution id="cbc11e29-cd84-4dd5-be5e-2c30e2f67e77" />
      <TestMethod codeBase="C:\Projekty\MSTestProject\bin\Debug\netcoreapp3.1\MSTestProject.dll" adapterTypeName="executor://mstestadapter/v2" className="TwojeWesele.Services.Helpers.Tests.CurrencyHelperTests" name="FormatToStringTest1000" />
    </UnitTest>
    <UnitTest name="FormatToStringTest1000 (15190.097283723344,15190.10 zł)" storage="c:\projekty\mstestproject\bin\debug\netcoreapp3.1\mstestproject.dll" id="383e2b62-ebfa-444d-bcd9-2d30df72d4d8">
      <TestCategory>
        <TestCategoryItem TestCategory="Category1000" />
      </TestCategory>
      <Execution id="3f63a40e-fb6e-4898-8216-a165a2cf4799" />
      <TestMethod codeBase="C:\Projekty\MSTestProject\bin\Debug\netcoreapp3.1\MSTestProject.dll" adapterTypeName="executor://mstestadapter/v2" className="TwojeWesele.Services.Helpers.Tests.CurrencyHelperTests" name="FormatToStringTest1000" />
    </UnitTest>
    <UnitTest name="FormatToStringTest1000 (4612.32080757633,4612.32 zł)" storage="c:\projekty\mstestproject\bin\debug\netcoreapp3.1\mstestproject.dll" id="f916f343-8b26-43e7-a446-cdcf0ef90a79">
      <TestCategory>
        <TestCategoryItem TestCategory="Category1000" />
      </TestCategory>
      <Execution id="f75535ef-db99-4484-95cd-5d35f724d847" />
      <TestMethod codeBase="C:\Projekty\MSTestProject\bin\Debug\netcoreapp3.1\MSTestProject.dll" adapterTypeName="executor://mstestadapter/v2" className="TwojeWesele.Services.Helpers.Tests.CurrencyHelperTests" name="FormatToStringTest1000" />
    </UnitTest>
    <UnitTest name="FormatToStringTest1000 (45887.58415794167,45887.58 zł)" storage="c:\projekty\mstestproject\bin\debug\netcoreapp3.1\mstestproject.dll" id="8dbebde2-c3de-4a7f-82f2-d40f302b429f">
      <TestCategory>
        <TestCategoryItem TestCategory="Category1000" />
      </TestCategory>
      <Execution id="cc5e44cb-8e04-4837-899e-926ea3972cf1" />
      <TestMethod codeBase="C:\Projekty\MSTestProject\bin\Debug\netcoreapp3.1\MSTestProject.dll" adapterTypeName="executor://mstestadapter/v2" className="TwojeWesele.Services.Helpers.Tests.CurrencyHelperTests" name="FormatToStringTest1000" />
    </UnitTest>
    <UnitTest name="FormatToStringTest1000 (38961.459057294516,38961.46 zł)" storage="c:\projekty\mstestproject\bin\debug\netcoreapp3.1\mstestproject.dll" id="3ec309cb-c8eb-4437-b04c-e88a64e85655">
      <TestCategory>
        <TestCategoryItem TestCategory="Category1000" />
      </TestCategory>
      <Execution id="9d807c45-43d0-4305-930f-207498fea560" />
      <TestMethod codeBase="C:\Projekty\MSTestProject\bin\Debug\netcoreapp3.1\MSTestProject.dll" adapterTypeName="executor://mstestadapter/v2" className="TwojeWesele.Services.Helpers.Tests.CurrencyHelperTests" name="FormatToStringTest1000" />
    </UnitTest>
    <UnitTest name="FormatToStringTest1000 (19085.023282992664,19085.02 zł)" storage="c:\projekty\mstestproject\bin\debug\netcoreapp3.1\mstestproject.dll" id="2c5cbb14-bf99-4f55-8ec4-a8588c4e6611">
      <TestCategory>
        <TestCategoryItem TestCategory="Category1000" />
      </TestCategory>
      <Execution id="0a905343-b342-4662-b655-b3914843fe65" />
      <TestMethod codeBase="C:\Projekty\MSTestProject\bin\Debug\netcoreapp3.1\MSTestProject.dll" adapterTypeName="executor://mstestadapter/v2" className="TwojeWesele.Services.Helpers.Tests.CurrencyHelperTests" name="FormatToStringTest1000" />
    </UnitTest>
    <UnitTest name="FormatToStringTest1000 (19500.031951036784,19500.03 zł)" storage="c:\projekty\mstestproject\bin\debug\netcoreapp3.1\mstestproject.dll" id="d2403191-2100-4569-8c57-cea61b68fb0d">
      <TestCategory>
        <TestCategoryItem TestCategory="Category1000" />
      </TestCategory>
      <Execution id="1f662052-3cfa-4274-8575-0270523e06a5" />
      <TestMethod codeBase="C:\Projekty\MSTestProject\bin\Debug\netcoreapp3.1\MSTestProject.dll" adapterTypeName="executor://mstestadapter/v2" className="TwojeWesele.Services.Helpers.Tests.CurrencyHelperTests" name="FormatToStringTest1000" />
    </UnitTest>
    <UnitTest name="FormatToStringTest1000 (28298.945361683585,28298.95 zł)" storage="c:\projekty\mstestproject\bin\debug\netcoreapp3.1\mstestproject.dll" id="8c10a626-83d2-461c-9a4a-e97c274df50c">
      <TestCategory>
        <TestCategoryItem TestCategory="Category1000" />
      </TestCategory>
      <Execution id="89e94e8e-92ac-45c3-825c-f3137960f74a" />
      <TestMethod codeBase="C:\Projekty\MSTestProject\bin\Debug\netcoreapp3.1\MSTestProject.dll" adapterTypeName="executor://mstestadapter/v2" className="TwojeWesele.Services.Helpers.Tests.CurrencyHelperTests" name="FormatToStringTest1000" />
    </UnitTest>
    <UnitTest name="FormatToStringTest1000 (4002.4180488374172,4002.42 zł)" storage="c:\projekty\mstestproject\bin\debug\netcoreapp3.1\mstestproject.dll" id="1fbae925-ce1b-4d52-a675-f7c76eca9416">
      <TestCategory>
        <TestCategoryItem TestCategory="Category1000" />
      </TestCategory>
      <Execution id="133c7843-3829-4009-bd57-1d626befe26b" />
      <TestMethod codeBase="C:\Projekty\MSTestProject\bin\Debug\netcoreapp3.1\MSTestProject.dll" adapterTypeName="executor://mstestadapter/v2" className="TwojeWesele.Services.Helpers.Tests.CurrencyHelperTests" name="FormatToStringTest1000" />
    </UnitTest>
    <UnitTest name="FormatToStringTest1000 (21221.884746198488,21221.88 zł)" storage="c:\projekty\mstestproject\bin\debug\netcoreapp3.1\mstestproject.dll" id="7e45c999-de65-401b-b1e7-0b698ed919d5">
      <TestCategory>
        <TestCategoryItem TestCategory="Category1000" />
      </TestCategory>
      <Execution id="83601d82-048c-435a-929c-b1ecb251bacb" />
      <TestMethod codeBase="C:\Projekty\MSTestProject\bin\Debug\netcoreapp3.1\MSTestProject.dll" adapterTypeName="executor://mstestadapter/v2" className="TwojeWesele.Services.Helpers.Tests.CurrencyHelperTests" name="FormatToStringTest1000" />
    </UnitTest>
    <UnitTest name="FormatToStringTest1000 (23662.291816162084,23662.29 zł)" storage="c:\projekty\mstestproject\bin\debug\netcoreapp3.1\mstestproject.dll" id="7796e2b6-08ae-40e4-a4c0-086e9475978c">
      <TestCategory>
        <TestCategoryItem TestCategory="Category1000" />
      </TestCategory>
      <Execution id="54a85a53-2bc8-44a4-8e83-ea850eec95d7" />
      <TestMethod codeBase="C:\Projekty\MSTestProject\bin\Debug\netcoreapp3.1\MSTestProject.dll" adapterTypeName="executor://mstestadapter/v2" className="TwojeWesele.Services.Helpers.Tests.CurrencyHelperTests" name="FormatToStringTest1000" />
    </UnitTest>
    <UnitTest name="FormatToStringTest1000 (22791.735381432685,22791.74 zł)" storage="c:\projekty\mstestproject\bin\debug\netcoreapp3.1\mstestproject.dll" id="27edbd8f-3f32-4a2b-af74-b568176c4ade">
      <TestCategory>
        <TestCategoryItem TestCategory="Category1000" />
      </TestCategory>
      <Execution id="ab1e1bb0-ec51-4460-a538-756d63d2d584" />
      <TestMethod codeBase="C:\Projekty\MSTestProject\bin\Debug\netcoreapp3.1\MSTestProject.dll" adapterTypeName="executor://mstestadapter/v2" className="TwojeWesele.Services.Helpers.Tests.CurrencyHelperTests" name="FormatToStringTest1000" />
    </UnitTest>
    <UnitTest name="FormatToStringTest1000 (33970.38965150639,33970.39 zł)" storage="c:\projekty\mstestproject\bin\debug\netcoreapp3.1\mstestproject.dll" id="6e0e6900-5b05-4aae-8a04-17eb71af226c">
      <TestCategory>
        <TestCategoryItem TestCategory="Category1000" />
      </TestCategory>
      <Execution id="da92d8af-ba97-4ada-b617-88b577b0db10" />
      <TestMethod codeBase="C:\Projekty\MSTestProject\bin\Debug\netcoreapp3.1\MSTestProject.dll" adapterTypeName="executor://mstestadapter/v2" className="TwojeWesele.Services.Helpers.Tests.CurrencyHelperTests" name="FormatToStringTest1000" />
    </UnitTest>
    <UnitTest name="FormatToStringTest1000 (19519.4298413505,19519.43 zł)" storage="c:\projekty\mstestproject\bin\debug\netcoreapp3.1\mstestproject.dll" id="80e04e6b-0cbe-4961-8603-97078d64f61a">
      <TestCategory>
        <TestCategoryItem TestCategory="Category1000" />
      </TestCategory>
      <Execution id="659779a7-ae97-4bb7-8476-bfbf7231a5f8" />
      <TestMethod codeBase="C:\Projekty\MSTestProject\bin\Debug\netcoreapp3.1\MSTestProject.dll" adapterTypeName="executor://mstestadapter/v2" className="TwojeWesele.Services.Helpers.Tests.CurrencyHelperTests" name="FormatToStringTest1000" />
    </UnitTest>
    <UnitTest name="FormatToStringTest1000 (24566.50251371856,24566.50 zł)" storage="c:\projekty\mstestproject\bin\debug\netcoreapp3.1\mstestproject.dll" id="7b66f911-35f2-46a7-bab1-d88ef97ba159">
      <TestCategory>
        <TestCategoryItem TestCategory="Category1000" />
      </TestCategory>
      <Execution id="36ed2d15-81c9-4bfb-8261-a7d54fa863fa" />
      <TestMethod codeBase="C:\Projekty\MSTestProject\bin\Debug\netcoreapp3.1\MSTestProject.dll" adapterTypeName="executor://mstestadapter/v2" className="TwojeWesele.Services.Helpers.Tests.CurrencyHelperTests" name="FormatToStringTest1000" />
    </UnitTest>
    <UnitTest name="FormatToStringTest1000 (12429.698213906819,12429.70 zł)" storage="c:\projekty\mstestproject\bin\debug\netcoreapp3.1\mstestproject.dll" id="302dc8ac-6e11-4f4b-a2a2-38ef8652ae09">
      <TestCategory>
        <TestCategoryItem TestCategory="Category1000" />
      </TestCategory>
      <Execution id="75d40947-27ee-4bc4-b92b-c891a5492730" />
      <TestMethod codeBase="C:\Projekty\MSTestProject\bin\Debug\netcoreapp3.1\MSTestProject.dll" adapterTypeName="executor://mstestadapter/v2" className="TwojeWesele.Services.Helpers.Tests.CurrencyHelperTests" name="FormatToStringTest1000" />
    </UnitTest>
    <UnitTest name="FormatToStringTest1000 (19397.344749736294,19397.34 zł)" storage="c:\projekty\mstestproject\bin\debug\netcoreapp3.1\mstestproject.dll" id="403af0dc-cf6c-4fd7-989f-2f997b510e65">
      <TestCategory>
        <TestCategoryItem TestCategory="Category1000" />
      </TestCategory>
      <Execution id="008a0b7d-733d-4764-b60e-fa86bc36affc" />
      <TestMethod codeBase="C:\Projekty\MSTestProject\bin\Debug\netcoreapp3.1\MSTestProject.dll" adapterTypeName="executor://mstestadapter/v2" className="TwojeWesele.Services.Helpers.Tests.CurrencyHelperTests" name="FormatToStringTest1000" />
    </UnitTest>
    <UnitTest name="FormatToStringTest1000 (5840.747097845071,5840.75 zł)" storage="c:\projekty\mstestproject\bin\debug\netcoreapp3.1\mstestproject.dll" id="fdbf19d7-0a6b-4616-9e81-492fd76e4949">
      <TestCategory>
        <TestCategoryItem TestCategory="Category1000" />
      </TestCategory>
      <Execution id="d2eb0720-8fbc-47fd-98cf-95d95b0dab23" />
      <TestMethod codeBase="C:\Projekty\MSTestProject\bin\Debug\netcoreapp3.1\MSTestProject.dll" adapterTypeName="executor://mstestadapter/v2" className="TwojeWesele.Services.Helpers.Tests.CurrencyHelperTests" name="FormatToStringTest1000" />
    </UnitTest>
    <UnitTest name="FormatToStringTest1000 (35784.54232617307,35784.54 zł)" storage="c:\projekty\mstestproject\bin\debug\netcoreapp3.1\mstestproject.dll" id="357e1fc7-3d21-4b13-9485-cfd7a48fe9b9">
      <TestCategory>
        <TestCategoryItem TestCategory="Category1000" />
      </TestCategory>
      <Execution id="269d89be-aa53-46d2-99e9-af847d9ca5b1" />
      <TestMethod codeBase="C:\Projekty\MSTestProject\bin\Debug\netcoreapp3.1\MSTestProject.dll" adapterTypeName="executor://mstestadapter/v2" className="TwojeWesele.Services.Helpers.Tests.CurrencyHelperTests" name="FormatToStringTest1000" />
    </UnitTest>
    <UnitTest name="FormatToStringTest1000 (45035.160883881224,45035.16 zł)" storage="c:\projekty\mstestproject\bin\debug\netcoreapp3.1\mstestproject.dll" id="9fe00fce-beda-4e94-856d-6e156a465828">
      <TestCategory>
        <TestCategoryItem TestCategory="Category1000" />
      </TestCategory>
      <Execution id="a4ac8745-435e-452e-9d86-ffb4dc841dc6" />
      <TestMethod codeBase="C:\Projekty\MSTestProject\bin\Debug\netcoreapp3.1\MSTestProject.dll" adapterTypeName="executor://mstestadapter/v2" className="TwojeWesele.Services.Helpers.Tests.CurrencyHelperTests" name="FormatToStringTest1000" />
    </UnitTest>
    <UnitTest name="FormatToStringTest1000 (31805.23430354532,31805.23 zł)" storage="c:\projekty\mstestproject\bin\debug\netcoreapp3.1\mstestproject.dll" id="d3a9de98-45c4-4614-8f6a-61244be350ea">
      <TestCategory>
        <TestCategoryItem TestCategory="Category1000" />
      </TestCategory>
      <Execution id="e45107e0-435e-4d1d-acac-dd828149ea22" />
      <TestMethod codeBase="C:\Projekty\MSTestProject\bin\Debug\netcoreapp3.1\MSTestProject.dll" adapterTypeName="executor://mstestadapter/v2" className="TwojeWesele.Services.Helpers.Tests.CurrencyHelperTests" name="FormatToStringTest1000" />
    </UnitTest>
    <UnitTest name="FormatToStringTest1000 (5876.112133716285,5876.11 zł)" storage="c:\projekty\mstestproject\bin\debug\netcoreapp3.1\mstestproject.dll" id="79178cf2-bb7b-432c-9758-853a0ce9e639">
      <TestCategory>
        <TestCategoryItem TestCategory="Category1000" />
      </TestCategory>
      <Execution id="0a717e33-d6eb-4bdc-83fe-4bb51e036a9f" />
      <TestMethod codeBase="C:\Projekty\MSTestProject\bin\Debug\netcoreapp3.1\MSTestProject.dll" adapterTypeName="executor://mstestadapter/v2" className="TwojeWesele.Services.Helpers.Tests.CurrencyHelperTests" name="FormatToStringTest1000" />
    </UnitTest>
    <UnitTest name="FormatToStringTest1000 (10511.7304983189,10511.73 zł)" storage="c:\projekty\mstestproject\bin\debug\netcoreapp3.1\mstestproject.dll" id="277305c4-c890-4e37-966d-dd2f7b5ddb49">
      <TestCategory>
        <TestCategoryItem TestCategory="Category1000" />
      </TestCategory>
      <Execution id="3d2fb121-4034-4f2d-a238-17a34019ff4a" />
      <TestMethod codeBase="C:\Projekty\MSTestProject\bin\Debug\netcoreapp3.1\MSTestProject.dll" adapterTypeName="executor://mstestadapter/v2" className="TwojeWesele.Services.Helpers.Tests.CurrencyHelperTests" name="FormatToStringTest1000" />
    </UnitTest>
    <UnitTest name="FormatToStringTest1000 (54678.59301593089,54678.59 zł)" storage="c:\projekty\mstestproject\bin\debug\netcoreapp3.1\mstestproject.dll" id="2a1b8993-a06b-427a-9811-5b04b8418c82">
      <TestCategory>
        <TestCategoryItem TestCategory="Category1000" />
      </TestCategory>
      <Execution id="5ce2b90c-0e3d-4310-ae61-c78febd4a0a6" />
      <TestMethod codeBase="C:\Projekty\MSTestProject\bin\Debug\netcoreapp3.1\MSTestProject.dll" adapterTypeName="executor://mstestadapter/v2" className="TwojeWesele.Services.Helpers.Tests.CurrencyHelperTests" name="FormatToStringTest1000" />
    </UnitTest>
    <UnitTest name="FormatToStringTest1000 (1821.7083499085663,1821.71 zł)" storage="c:\projekty\mstestproject\bin\debug\netcoreapp3.1\mstestproject.dll" id="f28aec3f-1e74-45bd-ae02-db66ba3eed8a">
      <TestCategory>
        <TestCategoryItem TestCategory="Category1000" />
      </TestCategory>
      <Execution id="47f9d8f5-5388-4de2-be53-cea859ff2287" />
      <TestMethod codeBase="C:\Projekty\MSTestProject\bin\Debug\netcoreapp3.1\MSTestProject.dll" adapterTypeName="executor://mstestadapter/v2" className="TwojeWesele.Services.Helpers.Tests.CurrencyHelperTests" name="FormatToStringTest1000" />
    </UnitTest>
    <UnitTest name="FormatToStringTest1000 (25135.10315489727,25135.10 zł)" storage="c:\projekty\mstestproject\bin\debug\netcoreapp3.1\mstestproject.dll" id="d9ca0ba9-854e-40ef-b8cd-15a2c2dcfce6">
      <TestCategory>
        <TestCategoryItem TestCategory="Category1000" />
      </TestCategory>
      <Execution id="7e7fdd8c-0841-49ab-ba5a-97b04176c387" />
      <TestMethod codeBase="C:\Projekty\MSTestProject\bin\Debug\netcoreapp3.1\MSTestProject.dll" adapterTypeName="executor://mstestadapter/v2" className="TwojeWesele.Services.Helpers.Tests.CurrencyHelperTests" name="FormatToStringTest1000" />
    </UnitTest>
    <UnitTest name="FormatToStringTest1000 (10661.19584154207,10661.20 zł)" storage="c:\projekty\mstestproject\bin\debug\netcoreapp3.1\mstestproject.dll" id="eb43510e-fd9d-4ea7-bcdd-783fea43d746">
      <TestCategory>
        <TestCategoryItem TestCategory="Category1000" />
      </TestCategory>
      <Execution id="69581734-4a0c-4e20-8777-800a2f6467b5" />
      <TestMethod codeBase="C:\Projekty\MSTestProject\bin\Debug\netcoreapp3.1\MSTestProject.dll" adapterTypeName="executor://mstestadapter/v2" className="TwojeWesele.Services.Helpers.Tests.CurrencyHelperTests" name="FormatToStringTest1000" />
    </UnitTest>
  </TestDefinitions>
  <TestEntries>
    <TestEntry testId="31c0a4ba-9157-4eb3-be45-542bbcb7f4c9" executionId="35c4dc6d-9545-49c2-a0fd-6b1fc85614eb" testListId="8c84fa94-04c1-424b-9868-57a2d4851a1d" />
    <TestEntry testId="ae7a3928-0394-421a-a30d-3aa4c614f540" executionId="9de89469-7f14-48b0-887c-9384f7f2a75e" testListId="8c84fa94-04c1-424b-9868-57a2d4851a1d" />
    <TestEntry testId="a5451cb5-e4ac-4bab-8d0b-53dbe8cc125c" executionId="9fe4ac21-bbaf-4030-87c1-5ffb4a2f68e6" testListId="8c84fa94-04c1-424b-9868-57a2d4851a1d" />
    <TestEntry testId="31d49391-0ae3-4e77-9cb3-d0d3e9361a14" executionId="5e70fcfa-1664-44c9-bf5f-4d8b6703ecf3" testListId="8c84fa94-04c1-424b-9868-57a2d4851a1d" />
    <TestEntry testId="ed459345-bef2-4cfd-9ae5-ac5cc76d0f3f" executionId="1c854d04-8476-4530-b0e1-d42f8799a56b" testListId="8c84fa94-04c1-424b-9868-57a2d4851a1d" />
    <TestEntry testId="9a820b5b-0a47-4056-a57a-fd0f208dfffe" executionId="38a0b549-5ae8-4549-b108-9f366f163524" testListId="8c84fa94-04c1-424b-9868-57a2d4851a1d" />
    <TestEntry testId="e7c84da1-c237-44da-a9a8-53655ce568ca" executionId="49454174-80ea-4f9a-a7f3-194de3105748" testListId="8c84fa94-04c1-424b-9868-57a2d4851a1d" />
    <TestEntry testId="7013dcd1-84be-44ab-8358-7c3dc89f8246" executionId="3f549903-90a2-4321-8280-c902c6892c15" testListId="8c84fa94-04c1-424b-9868-57a2d4851a1d" />
    <TestEntry testId="c1fadcf9-eb79-4f1b-b6c7-14807621203f" executionId="784f0c80-6b32-4314-b730-39668ded79a6" testListId="8c84fa94-04c1-424b-9868-57a2d4851a1d" />
    <TestEntry testId="12b1ea98-46c9-4cd6-8cfb-2d20d1db8bac" executionId="7c25a2f8-f57a-461f-8fec-aec9fea48c16" testListId="8c84fa94-04c1-424b-9868-57a2d4851a1d" />
    <TestEntry testId="42a7d192-ade7-40fd-9ec0-f74c5f95f58f" executionId="65ee7bdb-882e-4d35-8c60-508de31867e6" testListId="8c84fa94-04c1-424b-9868-57a2d4851a1d" />
    <TestEntry testId="f010d9d5-fff1-4e71-9cdb-5d0caf7da034" executionId="d602fbb0-9ad7-412e-ab8b-1e81245604f0" testListId="8c84fa94-04c1-424b-9868-57a2d4851a1d" />
    <TestEntry testId="8c434e17-d57e-4c24-99af-1186ea363c4e" executionId="193a1dec-4ccc-40f4-aa8a-a82801cf825a" testListId="8c84fa94-04c1-424b-9868-57a2d4851a1d" />
    <TestEntry testId="fcac6000-15c3-4205-906e-24f81172d4d1" executionId="4a263d9f-0779-4496-8143-cd9daea62eac" testListId="8c84fa94-04c1-424b-9868-57a2d4851a1d" />
    <TestEntry testId="87ce0725-5c07-4677-bc6f-d1baeadf5372" executionId="0795754b-59ae-412c-b62e-8f67c272421d" testListId="8c84fa94-04c1-424b-9868-57a2d4851a1d" />
    <TestEntry testId="efc28623-1d0a-45d7-8343-df449d231947" executionId="d590871f-3595-4847-b270-3b96702449b2" testListId="8c84fa94-04c1-424b-9868-57a2d4851a1d" />
    <TestEntry testId="31dae14b-b382-4793-b956-6e0a0c54cd85" executionId="0a20176a-24ae-42cd-bed3-100ec8db0288" testListId="8c84fa94-04c1-424b-9868-57a2d4851a1d" />
    <TestEntry testId="fe629cbf-5a2f-4a4e-adfe-b69b007a18fb" executionId="ab8da7f0-0d39-4b27-adbc-ba47221e0938" testListId="8c84fa94-04c1-424b-9868-57a2d4851a1d" />
    <TestEntry testId="c26ed68c-f228-4b3f-9006-34517a592fd7" executionId="836f3638-4381-424b-81bd-a483b4ffa487" testListId="8c84fa94-04c1-424b-9868-57a2d4851a1d" />
    <TestEntry testId="49af5286-694a-47da-bc8c-4827a23f15e5" executionId="4f5eff24-c752-4953-a570-7e8f64198bec" testListId="8c84fa94-04c1-424b-9868-57a2d4851a1d" />
    <TestEntry testId="06b70c64-2509-4d4f-a62d-102d0638edb2" executionId="d99589f6-85f6-4d7d-9d75-8c565026917a" testListId="8c84fa94-04c1-424b-9868-57a2d4851a1d" />
    <TestEntry testId="93170153-5873-4b5f-bd91-daef7cbf7a88" executionId="574ed34e-73db-41f6-b11f-7d3129b3e56d" testListId="8c84fa94-04c1-424b-9868-57a2d4851a1d" />
    <TestEntry testId="2c50d99e-7797-4be9-82e2-8d25cbf62850" executionId="b2209069-d242-445b-9397-2d645ddf0374" testListId="8c84fa94-04c1-424b-9868-57a2d4851a1d" />
    <TestEntry testId="3bd4ee68-824e-4152-8c09-672bb49ecb9a" executionId="b09c55e3-d36d-42c1-8074-32f3a2755761" testListId="8c84fa94-04c1-424b-9868-57a2d4851a1d" />
    <TestEntry testId="a27f701c-c26d-4572-afa1-bdc2876bac22" executionId="5bb76aba-437d-4308-bfb6-51ea0c13bbf0" testListId="8c84fa94-04c1-424b-9868-57a2d4851a1d" />
    <TestEntry testId="1ee9738a-da57-470e-a659-9dfac02a341f" executionId="abfb7651-cc0e-46d5-9e47-c83f725d28fc" testListId="8c84fa94-04c1-424b-9868-57a2d4851a1d" />
    <TestEntry testId="ed85b1f9-4c29-4600-8b6f-165cf2e1aa44" executionId="b2ae64a1-b365-49f5-a8d8-df970fde5f53" testListId="8c84fa94-04c1-424b-9868-57a2d4851a1d" />
    <TestEntry testId="cc19a37f-ab27-44ad-aedc-87cbd5dd847a" executionId="7029a3a9-3ac7-4693-afc8-993f4f0b03f7" testListId="8c84fa94-04c1-424b-9868-57a2d4851a1d" />
    <TestEntry testId="e49b9a42-8563-41ca-8ddc-29785ed1bf1b" executionId="ff1b03fe-516f-48a2-b981-6f260c00527b" testListId="8c84fa94-04c1-424b-9868-57a2d4851a1d" />
    <TestEntry testId="da1f2969-d566-40c1-8d39-32c6cde4868d" executionId="fe5001be-ddf1-4668-a5d9-dadc68584f0c" testListId="8c84fa94-04c1-424b-9868-57a2d4851a1d" />
    <TestEntry testId="41487f73-f2e4-4074-809d-65f2bec170a1" executionId="b684455a-c004-4e0f-ad58-34403b589db5" testListId="8c84fa94-04c1-424b-9868-57a2d4851a1d" />
    <TestEntry testId="ff840f68-6e4d-4d24-aaac-11249d2720ad" executionId="54279dc3-3f74-4f2c-a848-3ce11de53dd4" testListId="8c84fa94-04c1-424b-9868-57a2d4851a1d" />
    <TestEntry testId="12e952e3-116b-44f7-989a-7410c49dc21f" executionId="da5c6c0d-40a3-4586-8bd7-a1741bc1325c" testListId="8c84fa94-04c1-424b-9868-57a2d4851a1d" />
    <TestEntry testId="cb7b0268-92f8-45b5-a7ce-30a4032df69b" executionId="bea8b61d-8d19-4266-b0ae-d7f496427265" testListId="8c84fa94-04c1-424b-9868-57a2d4851a1d" />
    <TestEntry testId="3dd98a0d-d768-4da8-b429-4ca37ccf55d2" executionId="746e837f-e66b-4e7b-936e-d35ac04cbdc1" testListId="8c84fa94-04c1-424b-9868-57a2d4851a1d" />
    <TestEntry testId="506c9a57-dbb0-4e46-a095-3aea47af57d7" executionId="058cc53c-00bb-4506-9e37-6c39ca3e014f" testListId="8c84fa94-04c1-424b-9868-57a2d4851a1d" />
    <TestEntry testId="09483425-5ec5-40a3-a2c0-edcfa4d831bc" executionId="9e5cef80-527a-4635-abd6-6645d10ee49d" testListId="8c84fa94-04c1-424b-9868-57a2d4851a1d" />
    <TestEntry testId="b3f11820-e1d4-4736-bbf4-4dbb9437dac8" executionId="1dd54bbc-dddd-431e-87c3-58b2579ea7b3" testListId="8c84fa94-04c1-424b-9868-57a2d4851a1d" />
    <TestEntry testId="59d9495a-b24b-4847-8823-de3ba644a5bb" executionId="79f2b378-5d1c-4f17-9ae5-a6c3727a3519" testListId="8c84fa94-04c1-424b-9868-57a2d4851a1d" />
    <TestEntry testId="61a2e628-8e35-4385-8b2a-9f9f1b63ad04" executionId="22fb7301-5020-4420-bed7-8249512a37cf" testListId="8c84fa94-04c1-424b-9868-57a2d4851a1d" />
    <TestEntry testId="a909536e-dad9-4015-84d5-bc49b9db7496" executionId="dd3cba53-6976-474f-8340-c13714d8ba8c" testListId="8c84fa94-04c1-424b-9868-57a2d4851a1d" />
    <TestEntry testId="6a72148d-b7dc-470a-8725-bd7ca2a7fe77" executionId="5a758ad9-a519-4aac-88cc-d54d1aa1d3fc" testListId="8c84fa94-04c1-424b-9868-57a2d4851a1d" />
    <TestEntry testId="bfb64f77-85d7-44c3-bf02-cd81606a8a39" executionId="1ded80fc-98d6-47a8-b05e-17ce486aaf76" testListId="8c84fa94-04c1-424b-9868-57a2d4851a1d" />
    <TestEntry testId="5ad521ba-4ff7-4eea-ba34-3623f1376c16" executionId="202d5b5a-6bb5-43ef-9f6c-017846c9451a" testListId="8c84fa94-04c1-424b-9868-57a2d4851a1d" />
    <TestEntry testId="d9ca0ba9-854e-40ef-b8cd-15a2c2dcfce6" executionId="7e7fdd8c-0841-49ab-ba5a-97b04176c387" testListId="8c84fa94-04c1-424b-9868-57a2d4851a1d" />
    <TestEntry testId="4d4118a6-f60a-4bd8-a159-91cd43282e8f" executionId="4bdb7a44-8aa8-4df0-8771-64c61db7f2a6" testListId="8c84fa94-04c1-424b-9868-57a2d4851a1d" />
    <TestEntry testId="7b66f911-35f2-46a7-bab1-d88ef97ba159" executionId="36ed2d15-81c9-4bfb-8261-a7d54fa863fa" testListId="8c84fa94-04c1-424b-9868-57a2d4851a1d" />
    <TestEntry testId="df18e959-06f6-478a-a4ed-397c94ed036b" executionId="200853e7-07f3-4ffb-9da2-9186d658451d" testListId="8c84fa94-04c1-424b-9868-57a2d4851a1d" />
    <TestEntry testId="2a07ab52-41ce-4803-bc66-7dc3053afc1d" executionId="8aa7b9d6-1be1-46a4-ad38-7813c3cda34f" testListId="8c84fa94-04c1-424b-9868-57a2d4851a1d" />
    <TestEntry testId="71a54cb3-3867-44d0-867d-0fa04da5b723" executionId="d871cb50-11ce-404f-98a0-4b5a003b3922" testListId="8c84fa94-04c1-424b-9868-57a2d4851a1d" />
    <TestEntry testId="c690685f-fdd2-4a35-9ed7-308b427fbf7c" executionId="e3404412-dcdc-4d57-bf6d-19bab6ef9c79" testListId="8c84fa94-04c1-424b-9868-57a2d4851a1d" />
    <TestEntry testId="f2c90a54-b991-4662-9013-b0eff39229e9" executionId="850b7275-7eee-4f8e-829b-9475a9dd8563" testListId="8c84fa94-04c1-424b-9868-57a2d4851a1d" />
    <TestEntry testId="b6ae3f4c-643e-47fb-894b-e8962ab5be2a" executionId="05151220-8d18-47ea-abd4-6c4df3af49da" testListId="8c84fa94-04c1-424b-9868-57a2d4851a1d" />
    <TestEntry testId="bd399a1b-be2f-4237-9b93-132e7965ae0c" executionId="228a154e-39b6-40da-818a-9e7a31d0106e" testListId="8c84fa94-04c1-424b-9868-57a2d4851a1d" />
    <TestEntry testId="b3b5c7a9-c6e2-45f6-8d64-7a12dc2ec49c" executionId="644d346f-1c49-4f15-a127-4ae0d2e4fcd3" testListId="8c84fa94-04c1-424b-9868-57a2d4851a1d" />
    <TestEntry testId="d8ad1fc9-0c89-4329-9a27-082681d744a9" executionId="a6df8098-746c-471c-99f2-76625078600c" testListId="8c84fa94-04c1-424b-9868-57a2d4851a1d" />
    <TestEntry testId="48221090-2f49-4424-9edc-10d480db9cd9" executionId="b9f46752-224d-40a0-acf6-c86b2a25df3d" testListId="8c84fa94-04c1-424b-9868-57a2d4851a1d" />
    <TestEntry testId="52838469-a368-4512-ac5b-4f5358f60c33" executionId="994d2371-9c06-45be-a5c4-ab574d881d69" testListId="8c84fa94-04c1-424b-9868-57a2d4851a1d" />
    <TestEntry testId="27edbd8f-3f32-4a2b-af74-b568176c4ade" executionId="ab1e1bb0-ec51-4460-a538-756d63d2d584" testListId="8c84fa94-04c1-424b-9868-57a2d4851a1d" />
    <TestEntry testId="e79ebc45-0be2-4668-9b8c-31a0eb3e9c67" executionId="c76f5dea-692e-47c6-b478-d3e62ebad730" testListId="8c84fa94-04c1-424b-9868-57a2d4851a1d" />
    <TestEntry testId="bdfabfd8-1c5e-41a2-9888-449b0255f99e" executionId="399db03d-9d7c-4fff-8616-bc64429222ca" testListId="8c84fa94-04c1-424b-9868-57a2d4851a1d" />
    <TestEntry testId="a4b447d5-e8b9-4daa-88cc-fd9644e0c7bd" executionId="de5b7289-3c60-443e-88d4-7d3922954731" testListId="8c84fa94-04c1-424b-9868-57a2d4851a1d" />
    <TestEntry testId="4637ae0d-80db-48a2-ab54-939acac4831e" executionId="f490fb73-6e4e-4540-b8e9-c920663e74ab" testListId="8c84fa94-04c1-424b-9868-57a2d4851a1d" />
    <TestEntry testId="29da84d3-72ae-42f7-9dd7-a317e90bfcca" executionId="da9ddd92-95b1-4387-8fb7-df645d3f5ea1" testListId="8c84fa94-04c1-424b-9868-57a2d4851a1d" />
    <TestEntry testId="ec248586-d492-45f3-98f5-e5b19e0ee829" executionId="52d72dac-8ae0-4c91-8ef1-093295d01c79" testListId="8c84fa94-04c1-424b-9868-57a2d4851a1d" />
    <TestEntry testId="80dc4830-fc94-4123-85cb-1386bb11023d" executionId="722fc249-801b-4e48-8449-959aedae1119" testListId="8c84fa94-04c1-424b-9868-57a2d4851a1d" />
    <TestEntry testId="8caf92ad-3f51-46b1-8395-cb0210289b36" executionId="afd54d10-99e4-4d70-a34f-ffbea9573491" testListId="8c84fa94-04c1-424b-9868-57a2d4851a1d" />
    <TestEntry testId="b206c6d2-861c-47cc-b61d-038045833b4d" executionId="4afbf8c2-39be-4496-bb64-9fb130083fc6" testListId="8c84fa94-04c1-424b-9868-57a2d4851a1d" />
    <TestEntry testId="40c56ead-5430-4079-b87f-070e3c74f4b2" executionId="c6879b19-70dd-4171-bd22-217a0deb4e68" testListId="8c84fa94-04c1-424b-9868-57a2d4851a1d" />
    <TestEntry testId="6e3645d6-0fc4-4aac-8373-917b6f9affca" executionId="f2f2f7df-b34e-4333-9e55-07d64bb2d003" testListId="8c84fa94-04c1-424b-9868-57a2d4851a1d" />
    <TestEntry testId="ce90ed22-81da-44e5-97e9-e23cd7954f8e" executionId="90385a4c-2010-436c-80f7-e76df832b9c7" testListId="8c84fa94-04c1-424b-9868-57a2d4851a1d" />
    <TestEntry testId="253908ce-725c-419b-8dc9-b48b4f4a68af" executionId="07a2dbb1-16e5-44b2-8eab-a273903d3237" testListId="8c84fa94-04c1-424b-9868-57a2d4851a1d" />
    <TestEntry testId="27704fad-3324-4096-b74b-51f55974e043" executionId="ac7f2bf4-4666-4810-85ff-5c7c5fe2975c" testListId="8c84fa94-04c1-424b-9868-57a2d4851a1d" />
    <TestEntry testId="b3aa2a32-ca75-4aa3-9f11-2e74e609044f" executionId="03d9d1e9-f791-44e1-bdba-3c82c0b9df86" testListId="8c84fa94-04c1-424b-9868-57a2d4851a1d" />
    <TestEntry testId="00850213-5886-44e8-a24a-595bc4a68569" executionId="4ad525d0-53a4-4822-81af-b8df03db85f2" testListId="8c84fa94-04c1-424b-9868-57a2d4851a1d" />
    <TestEntry testId="02158678-c7eb-45b4-88c0-8ad2ed0d26b4" executionId="05e87ccf-498f-4c20-bf07-406dc3135da8" testListId="8c84fa94-04c1-424b-9868-57a2d4851a1d" />
    <TestEntry testId="e5301248-81ed-4fcb-bcf1-685861b9638e" executionId="900f6db9-137c-44c4-9506-fe6b063a6c7a" testListId="8c84fa94-04c1-424b-9868-57a2d4851a1d" />
    <TestEntry testId="301a6937-a9a9-447e-8e93-b09fe850ff43" executionId="0003514d-222a-4c2a-9c42-2de80b89ea63" testListId="8c84fa94-04c1-424b-9868-57a2d4851a1d" />
    <TestEntry testId="fb469f89-3b08-4c87-8460-f90e21a3c383" executionId="c4fb19ca-69dc-4c2d-b65b-d525c2901c8c" testListId="8c84fa94-04c1-424b-9868-57a2d4851a1d" />
    <TestEntry testId="3f1790c8-5fcf-4781-a808-9ab82f013769" executionId="9e77b41a-ff91-4360-957e-c9592714c3f1" testListId="8c84fa94-04c1-424b-9868-57a2d4851a1d" />
    <TestEntry testId="3e4b90d6-06a3-4825-af92-0a7a306c4b3c" executionId="f72029eb-c6c8-4339-9c57-3719b91cf393" testListId="8c84fa94-04c1-424b-9868-57a2d4851a1d" />
    <TestEntry testId="5afad8ee-68d6-46f2-b0c7-56118e5abd01" executionId="17fafd3d-98b7-4745-8e38-fd47f76e5315" testListId="8c84fa94-04c1-424b-9868-57a2d4851a1d" />
    <TestEntry testId="0dfa5828-5e11-4bda-9e08-0b5c51260a7b" executionId="73d6e284-952c-46d7-b0d7-a6fbe09fff02" testListId="8c84fa94-04c1-424b-9868-57a2d4851a1d" />
    <TestEntry testId="8d542d27-1f14-4901-b911-08250e81ad68" executionId="67243a23-18ab-4776-96e6-1736d56329aa" testListId="8c84fa94-04c1-424b-9868-57a2d4851a1d" />
    <TestEntry testId="f86c4d5d-bb0c-41c4-a285-d742b5c96e1e" executionId="6c2d338f-ac13-45e6-9c61-08529331960a" testListId="8c84fa94-04c1-424b-9868-57a2d4851a1d" />
    <TestEntry testId="3b8f11df-0c34-427b-bb66-bb0d2e74ca96" executionId="1846f7ca-d7e1-4d0f-a846-8bbf4632ee2f" testListId="8c84fa94-04c1-424b-9868-57a2d4851a1d" />
    <TestEntry testId="3fc1c7c4-e0dd-450e-83bc-1c3997215cc4" executionId="41b9def8-b5db-4aa0-a342-3e9650665f59" testListId="8c84fa94-04c1-424b-9868-57a2d4851a1d" />
    <TestEntry testId="83c43eba-99e9-46fd-bc63-6eefba3e9f0c" executionId="7b3c09c4-4ae8-4501-99b5-3893c02b4c8c" testListId="8c84fa94-04c1-424b-9868-57a2d4851a1d" />
    <TestEntry testId="02bf6368-b914-4403-b599-6f8b2caf09ad" executionId="b7e72198-50f2-4266-8438-050ca6ce4967" testListId="8c84fa94-04c1-424b-9868-57a2d4851a1d" />
    <TestEntry testId="b84e5396-2ead-4287-a173-2ca5f80481f4" executionId="4aae90f8-259e-49e9-bab3-60b882940b5a" testListId="8c84fa94-04c1-424b-9868-57a2d4851a1d" />
    <TestEntry testId="69f0784a-7622-41ca-ad4f-0dfeec5e5bd2" executionId="e3aeefa8-40ec-45f7-bda3-957d73045d76" testListId="8c84fa94-04c1-424b-9868-57a2d4851a1d" />
    <TestEntry testId="41950098-7a1e-40f5-b597-84f9f3e15946" executionId="eced43de-1650-4bbc-a101-f935faa4b585" testListId="8c84fa94-04c1-424b-9868-57a2d4851a1d" />
    <TestEntry testId="be9eeca4-bdcd-45dc-a7a8-ece5ae877faf" executionId="09484873-ff3f-41f8-ac8e-5a41793d30db" testListId="8c84fa94-04c1-424b-9868-57a2d4851a1d" />
    <TestEntry testId="b76500cd-bee7-4b80-bbec-12eeb35f96f6" executionId="124e8b1e-7ff7-43a1-b636-062d68b49cbe" testListId="8c84fa94-04c1-424b-9868-57a2d4851a1d" />
    <TestEntry testId="f9312bd3-7f5a-42ed-819f-a6ac77fa6d70" executionId="0f40bfd8-20d7-40ad-9ea0-0eaadce501d6" testListId="8c84fa94-04c1-424b-9868-57a2d4851a1d" />
    <TestEntry testId="ddf55aea-2bac-4ecc-8fb0-0e4ef856f4bd" executionId="226d2dcb-45b0-4b26-b80d-fc0318ff95d5" testListId="8c84fa94-04c1-424b-9868-57a2d4851a1d" />
    <TestEntry testId="a24762cf-954c-446f-848e-c835f2c5b245" executionId="65890fa8-e48b-445e-b720-249c713cff55" testListId="8c84fa94-04c1-424b-9868-57a2d4851a1d" />
    <TestEntry testId="5bbd9e36-32c7-4c49-aaed-dfe43746c415" executionId="4cb86a0c-606b-4f63-bdb8-43e5dd17a10c" testListId="8c84fa94-04c1-424b-9868-57a2d4851a1d" />
    <TestEntry testId="426acac5-83a9-4324-a087-6bc6611b290e" executionId="949b3ab3-bef8-46e6-8199-fbe5b57e1cc3" testListId="8c84fa94-04c1-424b-9868-57a2d4851a1d" />
    <TestEntry testId="19c176b2-9166-4089-a4f6-695dab0e26f6" executionId="9cf8d43b-9384-44ac-879e-1936a0c1bddd" testListId="8c84fa94-04c1-424b-9868-57a2d4851a1d" />
    <TestEntry testId="06ec5f30-9d46-4c1f-a5e3-6d537e22763a" executionId="7511b9f3-d402-4d0f-8485-7021b24348b9" testListId="8c84fa94-04c1-424b-9868-57a2d4851a1d" />
    <TestEntry testId="6f713ea6-9d27-441a-98aa-9b9d4b0b50d1" executionId="252d5f0b-5137-4d38-b7a6-957a55355a62" testListId="8c84fa94-04c1-424b-9868-57a2d4851a1d" />
    <TestEntry testId="2a0450ef-92bd-4d53-b75c-a43997f6d696" executionId="f4d75f6f-de86-4648-adaa-a60ca045e3b8" testListId="8c84fa94-04c1-424b-9868-57a2d4851a1d" />
    <TestEntry testId="ee485395-8495-4b4a-8897-5685a0e2d097" executionId="429f4169-d57b-4fd2-a2b2-f1073ed9a95c" testListId="8c84fa94-04c1-424b-9868-57a2d4851a1d" />
    <TestEntry testId="37649f97-067c-41d8-8484-b2165950bdbb" executionId="7afa255f-6d8d-424d-949d-5654814f6293" testListId="8c84fa94-04c1-424b-9868-57a2d4851a1d" />
    <TestEntry testId="e0129c17-ff62-49ef-8e53-e880b9866370" executionId="256cc989-4874-490d-944b-0f8decac9a5e" testListId="8c84fa94-04c1-424b-9868-57a2d4851a1d" />
    <TestEntry testId="4e8fd5e3-af5f-42ae-aa01-a4c83a202043" executionId="b3078b9f-d4a3-415a-9437-3e093e8ea076" testListId="8c84fa94-04c1-424b-9868-57a2d4851a1d" />
    <TestEntry testId="d210691b-1d6c-4b20-b281-f6d9cc644ea3" executionId="87d9530d-b5c7-492b-bc14-c4af4810a2e9" testListId="8c84fa94-04c1-424b-9868-57a2d4851a1d" />
    <TestEntry testId="3afc9980-ef38-4de9-aee3-2096361a7c00" executionId="788c911b-1ed1-478a-accf-8873ef8d5c83" testListId="8c84fa94-04c1-424b-9868-57a2d4851a1d" />
    <TestEntry testId="1fc4a96b-a593-4c3c-85ce-5a90023567f4" executionId="1e6baf2f-3b3f-4d55-a123-0ff74a531be9" testListId="8c84fa94-04c1-424b-9868-57a2d4851a1d" />
    <TestEntry testId="297c0373-2354-4ce8-bf33-0c251aed79f4" executionId="b5219269-fe2b-43f0-bca6-ecb526b980df" testListId="8c84fa94-04c1-424b-9868-57a2d4851a1d" />
    <TestEntry testId="b7d2a247-63cf-4e4f-ae0a-8dfe173e68f1" executionId="b9e013b0-544c-42cd-93b6-457c36871dd8" testListId="8c84fa94-04c1-424b-9868-57a2d4851a1d" />
    <TestEntry testId="c4ab765b-7820-4181-afd5-105067a1bff3" executionId="c4f83b58-74b4-4a76-a5f9-414d777f1dbd" testListId="8c84fa94-04c1-424b-9868-57a2d4851a1d" />
    <TestEntry testId="34cb9e40-e847-4a43-bf42-d52d95f0a591" executionId="94dca054-4705-4e9e-ae23-3ed44a8898e1" testListId="8c84fa94-04c1-424b-9868-57a2d4851a1d" />
    <TestEntry testId="169297c0-df5f-483e-8a42-c51b7eb61834" executionId="3704abcb-95c3-41fb-97a8-df1a04a4bcc1" testListId="8c84fa94-04c1-424b-9868-57a2d4851a1d" />
    <TestEntry testId="0bfa80b2-bd23-4f33-a5fa-b08d201553bb" executionId="8dd73236-644e-458d-82a2-b2bd61545edf" testListId="8c84fa94-04c1-424b-9868-57a2d4851a1d" />
    <TestEntry testId="101a3c76-1149-4670-ba26-a650f74d264c" executionId="98b8560b-ecc2-4f6f-b8db-8c33213545a6" testListId="8c84fa94-04c1-424b-9868-57a2d4851a1d" />
    <TestEntry testId="b836e08f-1f81-4b61-9aef-a28a7ad58d4e" executionId="bb016296-9c89-44dd-9d47-1b7e93077af9" testListId="8c84fa94-04c1-424b-9868-57a2d4851a1d" />
    <TestEntry testId="b8713d7b-36a8-4c22-bc9e-cfa1aae7ec19" executionId="b9858168-4329-4532-b8c0-c1a4b633a845" testListId="8c84fa94-04c1-424b-9868-57a2d4851a1d" />
    <TestEntry testId="81220c00-a6f5-4802-951d-a54c4ae3ea51" executionId="d5a7798c-08f3-4ecf-bc28-44ed61c12548" testListId="8c84fa94-04c1-424b-9868-57a2d4851a1d" />
    <TestEntry testId="79b3d00c-3a00-4dd8-9305-fc4fbb291831" executionId="f10ceae9-17fb-4e1b-9d36-24bb68f51156" testListId="8c84fa94-04c1-424b-9868-57a2d4851a1d" />
    <TestEntry testId="ce4e5b56-8c51-4f63-85f7-a8995684a767" executionId="2b037b8a-fddb-45fc-8a9c-b5409dd6d7f7" testListId="8c84fa94-04c1-424b-9868-57a2d4851a1d" />
    <TestEntry testId="a8370ce3-7f74-40d0-8b62-8db487b2836a" executionId="3fdd6b65-375f-4b77-9690-835c40a8fb44" testListId="8c84fa94-04c1-424b-9868-57a2d4851a1d" />
    <TestEntry testId="6efe9a4b-746d-4c6d-a63f-8d8be1460ff3" executionId="22bbb5c1-28f7-4892-a7dd-20f22e467164" testListId="8c84fa94-04c1-424b-9868-57a2d4851a1d" />
    <TestEntry testId="268cea53-f6af-4bee-91a4-db02456286dd" executionId="5af89cf5-6c10-477e-9d00-7570d9534665" testListId="8c84fa94-04c1-424b-9868-57a2d4851a1d" />
    <TestEntry testId="425e0686-5e0c-48be-89f7-7667dea78e7a" executionId="ca004b00-18cd-4ed3-a0b7-948401b731ad" testListId="8c84fa94-04c1-424b-9868-57a2d4851a1d" />
    <TestEntry testId="bec50399-0b39-4a92-90a8-ac46c9d1fd75" executionId="82c30b11-a9dc-4a8f-99aa-ed4b43720b45" testListId="8c84fa94-04c1-424b-9868-57a2d4851a1d" />
    <TestEntry testId="302dc8ac-6e11-4f4b-a2a2-38ef8652ae09" executionId="75d40947-27ee-4bc4-b92b-c891a5492730" testListId="8c84fa94-04c1-424b-9868-57a2d4851a1d" />
    <TestEntry testId="d87accff-69a1-4341-9511-3b5d539d49f3" executionId="28dfadf5-e822-4d72-8ea7-bef852c87891" testListId="8c84fa94-04c1-424b-9868-57a2d4851a1d" />
    <TestEntry testId="cd1f4757-8b20-4f46-af8e-a3fdc053cac2" executionId="4ed2d028-d482-4784-a111-5d02b8d1fd25" testListId="8c84fa94-04c1-424b-9868-57a2d4851a1d" />
    <TestEntry testId="6dc663dd-880d-4366-aa66-90b43c6c67d5" executionId="6a944a45-50c8-45bb-9850-3008c227ab12" testListId="8c84fa94-04c1-424b-9868-57a2d4851a1d" />
    <TestEntry testId="b9afde51-d6ad-4b86-ac8a-d47a69f53b18" executionId="138a1343-1c31-4097-a4ea-18133c651ac0" testListId="8c84fa94-04c1-424b-9868-57a2d4851a1d" />
    <TestEntry testId="932721d2-70f6-4fe4-8b10-96f88ee65dfc" executionId="34338627-3c8d-4ae0-ab8a-c76edcb74992" testListId="8c84fa94-04c1-424b-9868-57a2d4851a1d" />
    <TestEntry testId="1d850d82-b9b5-4123-8af7-c65016fb4fa0" executionId="e06caa7b-ee3e-4503-8e04-7286e2fd425d" testListId="8c84fa94-04c1-424b-9868-57a2d4851a1d" />
    <TestEntry testId="d2079169-3bde-42a6-a5da-546cf7503d36" executionId="34853dcb-5f9b-40c7-b782-ccfc8a835687" testListId="8c84fa94-04c1-424b-9868-57a2d4851a1d" />
    <TestEntry testId="af47442b-c8d9-43df-95fc-b415532af584" executionId="e3e7bc83-f2bb-4981-a66d-d9f6739f11af" testListId="8c84fa94-04c1-424b-9868-57a2d4851a1d" />
    <TestEntry testId="e21201b8-4652-40d6-9d33-27ec788664eb" executionId="e84c831e-00ff-42c6-925c-d6147250ae9b" testListId="8c84fa94-04c1-424b-9868-57a2d4851a1d" />
    <TestEntry testId="f4295be3-c654-4399-99bc-0f8139373a40" executionId="11d50bb9-ebe6-49d7-b307-d2a144f52a36" testListId="8c84fa94-04c1-424b-9868-57a2d4851a1d" />
    <TestEntry testId="428776fa-5b81-4b02-862b-c65f9b206cae" executionId="edef8dcd-628f-4fcd-b774-7bd5a39ce4cf" testListId="8c84fa94-04c1-424b-9868-57a2d4851a1d" />
    <TestEntry testId="dccdfae7-5782-4e77-9f7a-8f68aba561c0" executionId="d8680d0b-e2be-406b-b7d8-cebb118871d8" testListId="8c84fa94-04c1-424b-9868-57a2d4851a1d" />
    <TestEntry testId="589e06db-fd76-4ac0-a1ed-326a061206eb" executionId="d1d5a812-b108-40cd-ba86-de7f80aaa868" testListId="8c84fa94-04c1-424b-9868-57a2d4851a1d" />
    <TestEntry testId="852f7a93-4f23-478e-843b-7b39c027066d" executionId="4a1b35a4-9fd2-47b9-bfff-7e4680846f03" testListId="8c84fa94-04c1-424b-9868-57a2d4851a1d" />
    <TestEntry testId="d6a04346-154d-4594-9f23-2d5b8f4f02ce" executionId="895c7a7e-2b00-4782-85fe-7f6a19b790b2" testListId="8c84fa94-04c1-424b-9868-57a2d4851a1d" />
    <TestEntry testId="da98c7e6-2a13-4802-84bc-19c0477f68d4" executionId="4b9a495b-fa21-40d4-bafc-28fd3686871a" testListId="8c84fa94-04c1-424b-9868-57a2d4851a1d" />
    <TestEntry testId="4866bf1d-4059-46b2-81c1-b95a6b9ebc1c" executionId="cad63c7f-5abe-4d75-8e48-571ccbfa7a8a" testListId="8c84fa94-04c1-424b-9868-57a2d4851a1d" />
    <TestEntry testId="709e72c4-2681-45bc-9c6c-3696ecbbff86" executionId="addb72be-d3f8-4734-bde1-8ddda7087973" testListId="8c84fa94-04c1-424b-9868-57a2d4851a1d" />
    <TestEntry testId="48bd36af-c979-44ea-bb44-65df8c35735d" executionId="ee054671-7ad2-49a4-ad43-27bcd6c8cd22" testListId="8c84fa94-04c1-424b-9868-57a2d4851a1d" />
    <TestEntry testId="7e8b5b83-14aa-4b4d-a48c-c0440af37880" executionId="9562d527-af4c-431e-b6ae-4d887f280716" testListId="8c84fa94-04c1-424b-9868-57a2d4851a1d" />
    <TestEntry testId="78364497-1760-4f9b-b5af-3907a8b073ad" executionId="568523f6-fa8f-4757-ba89-564a315d7c0d" testListId="8c84fa94-04c1-424b-9868-57a2d4851a1d" />
    <TestEntry testId="11c87636-ece1-4ec3-8ee4-ca1c03e79f0a" executionId="aecb6071-aa2c-48eb-ad7a-452751389070" testListId="8c84fa94-04c1-424b-9868-57a2d4851a1d" />
    <TestEntry testId="78e5610f-1cbf-4cef-8ae7-5a99334e2e46" executionId="5e5015d1-502f-4529-8ea1-b57e844140b2" testListId="8c84fa94-04c1-424b-9868-57a2d4851a1d" />
    <TestEntry testId="c5f712c2-f6b0-4ac9-b19b-08cc49a04a88" executionId="7654f6e6-66b3-485e-9c02-7561a4c71ec1" testListId="8c84fa94-04c1-424b-9868-57a2d4851a1d" />
    <TestEntry testId="a952cd0e-380a-4f58-881b-87b9b2c6b532" executionId="2d23c0b2-3550-45ab-8aed-24d606a12509" testListId="8c84fa94-04c1-424b-9868-57a2d4851a1d" />
    <TestEntry testId="4d4d4e6f-3588-49ee-8cca-73b768a7f893" executionId="87d3f924-deb8-48c8-bb62-32062cefcb9f" testListId="8c84fa94-04c1-424b-9868-57a2d4851a1d" />
    <TestEntry testId="b63f0631-3b5b-40d7-aba4-86ef902befca" executionId="29f09ccb-c5ae-4066-9c82-8b953dd45998" testListId="8c84fa94-04c1-424b-9868-57a2d4851a1d" />
    <TestEntry testId="8b1670ce-7161-4885-8bac-f73fbaccfbdd" executionId="142f120a-9785-4e62-aad3-68fb61a3a791" testListId="8c84fa94-04c1-424b-9868-57a2d4851a1d" />
    <TestEntry testId="0465e416-b4ba-43dd-bb9d-c4ced00ea802" executionId="cab8206b-911c-4753-9a1a-9c475ccb77bf" testListId="8c84fa94-04c1-424b-9868-57a2d4851a1d" />
    <TestEntry testId="486b8e71-2377-4cbc-a4e6-59ac635c8ec2" executionId="195f2774-3bc4-458a-b0f4-8e5e253ae176" testListId="8c84fa94-04c1-424b-9868-57a2d4851a1d" />
    <TestEntry testId="6bd5fd0d-0894-4ea5-8bed-274811facdc3" executionId="c580d6bb-39df-4419-a5f6-4a0acc7d5860" testListId="8c84fa94-04c1-424b-9868-57a2d4851a1d" />
    <TestEntry testId="fc798b8c-e6d4-4a3e-9cd8-d3ab659e0b5a" executionId="e57b74b5-a837-4159-9491-3470f9288652" testListId="8c84fa94-04c1-424b-9868-57a2d4851a1d" />
    <TestEntry testId="8400aad2-798d-4605-b837-3e6ca994c35b" executionId="423b9fb7-e232-464f-8f89-3f275ad3e60e" testListId="8c84fa94-04c1-424b-9868-57a2d4851a1d" />
    <TestEntry testId="d77dde5b-d80a-4830-9a16-f86ebf7a9beb" executionId="8fa9ed97-29c2-4bb2-b5b3-befbbb7ae007" testListId="8c84fa94-04c1-424b-9868-57a2d4851a1d" />
    <TestEntry testId="184a1f10-7c7f-4f7c-8e31-fd68c28a89a4" executionId="ad4899a9-05d9-4d42-9f9f-fbe0d3a3de2e" testListId="8c84fa94-04c1-424b-9868-57a2d4851a1d" />
    <TestEntry testId="16f49d44-97df-44ce-9381-429cd37de14d" executionId="fe3f4d36-f17c-4e6f-84d2-97457a026100" testListId="8c84fa94-04c1-424b-9868-57a2d4851a1d" />
    <TestEntry testId="5d2e5a3a-ef13-4309-9528-4fa196a66e67" executionId="3c40a9a6-5f11-486f-9c7a-635e0bec57ec" testListId="8c84fa94-04c1-424b-9868-57a2d4851a1d" />
    <TestEntry testId="325a0cc9-f97a-4c63-aeb3-f80a1f1a1498" executionId="873a9e5b-2b15-4431-8ac0-0bed73665a4f" testListId="8c84fa94-04c1-424b-9868-57a2d4851a1d" />
    <TestEntry testId="13ae744a-1a5f-4dcf-9e79-1321815dbf6b" executionId="eacab4ea-ca6f-4730-9d85-8d8523a69cd4" testListId="8c84fa94-04c1-424b-9868-57a2d4851a1d" />
    <TestEntry testId="7d16a08c-0aca-4f43-94ea-8ce1e253ad95" executionId="ecbb57a5-448e-4f2f-8644-b915b47391ce" testListId="8c84fa94-04c1-424b-9868-57a2d4851a1d" />
    <TestEntry testId="80a166c0-bd43-41f4-b001-cb21bcec96db" executionId="b0033cfd-3c63-4d3d-8106-9a850b20fb66" testListId="8c84fa94-04c1-424b-9868-57a2d4851a1d" />
    <TestEntry testId="1a658070-de10-4fa5-bc99-a3c3da26ac6c" executionId="c3478012-8a49-4f39-9768-bac85e393f48" testListId="8c84fa94-04c1-424b-9868-57a2d4851a1d" />
    <TestEntry testId="fab28d6f-d48a-43b8-9db0-1ddb342d2cb4" executionId="2b157a08-b4f0-4465-abfb-7c0297af0bcf" testListId="8c84fa94-04c1-424b-9868-57a2d4851a1d" />
    <TestEntry testId="1927272e-86f6-4dbe-a71a-08fd7f747bd3" executionId="22a9b513-77d8-496c-8419-6ab02848fd5f" testListId="8c84fa94-04c1-424b-9868-57a2d4851a1d" />
    <TestEntry testId="be251057-c7e1-4d04-a9ea-09a701191368" executionId="ad90bc90-4e6f-4ac1-b9af-a4ce76a604c5" testListId="8c84fa94-04c1-424b-9868-57a2d4851a1d" />
    <TestEntry testId="abbc0256-ea1a-4af2-b520-c2e243ff517f" executionId="f6cf2cac-8ffe-4a1a-8bef-a3c3ab6ba11a" testListId="8c84fa94-04c1-424b-9868-57a2d4851a1d" />
    <TestEntry testId="7e6ca772-6da2-4232-96d1-b91a3a2ef922" executionId="2d5a0723-de63-405f-b30a-30bd421ab78d" testListId="8c84fa94-04c1-424b-9868-57a2d4851a1d" />
    <TestEntry testId="8d7db312-6831-4f45-8f95-e05220218b4a" executionId="2317845d-befc-4f7d-831f-aea7b1993211" testListId="8c84fa94-04c1-424b-9868-57a2d4851a1d" />
    <TestEntry testId="7f09cdda-a81f-40a8-9fe8-dd2991d60db1" executionId="cd54ccd6-65fd-4d5d-bc7e-a37f79cc7888" testListId="8c84fa94-04c1-424b-9868-57a2d4851a1d" />
    <TestEntry testId="318dc42e-d9c9-4f46-9b7e-da7265714aaa" executionId="caeb0070-1ab4-4f5c-a1e7-8f6725c00e8f" testListId="8c84fa94-04c1-424b-9868-57a2d4851a1d" />
    <TestEntry testId="6c685f4f-9b61-46d1-83c1-d9487fd1a822" executionId="a7968cfd-0b51-4c36-83b7-8d0ee6995379" testListId="8c84fa94-04c1-424b-9868-57a2d4851a1d" />
    <TestEntry testId="37265a4d-2dc4-42f9-a6cb-bd3b9118cb45" executionId="a6b05fa9-f3b1-4243-8595-18154eb23d41" testListId="8c84fa94-04c1-424b-9868-57a2d4851a1d" />
    <TestEntry testId="aae0a412-435c-4eb4-b43b-ff80a0c8b65b" executionId="111a5dc1-8bd5-4c96-99c9-b6ff126a0be7" testListId="8c84fa94-04c1-424b-9868-57a2d4851a1d" />
    <TestEntry testId="08a1e9bb-53f8-4a57-b474-a6a2861a127b" executionId="101a4ceb-e7e4-4bbd-a7fb-fe877e6b46fb" testListId="8c84fa94-04c1-424b-9868-57a2d4851a1d" />
    <TestEntry testId="85c07297-96e5-4540-b76c-de147c4a97cd" executionId="8647b632-5d60-4f45-aa31-006c2079b7e2" testListId="8c84fa94-04c1-424b-9868-57a2d4851a1d" />
    <TestEntry testId="7e2981fc-deaf-49e8-bed6-6a27d93a2c83" executionId="8615a464-0b5a-4bf0-8b4d-6b01bac14a8f" testListId="8c84fa94-04c1-424b-9868-57a2d4851a1d" />
    <TestEntry testId="8c825b83-5499-43d8-9d94-a16bb2447638" executionId="f09062dc-e1c0-4bd1-a1f3-f780925d36b3" testListId="8c84fa94-04c1-424b-9868-57a2d4851a1d" />
    <TestEntry testId="997c9e1d-d8b9-4a86-b753-5fba5b6630e8" executionId="92362b74-303f-42f7-85d6-e6a909ccf5d4" testListId="8c84fa94-04c1-424b-9868-57a2d4851a1d" />
    <TestEntry testId="b9775dd9-2e70-4c50-80e9-fc748f26b037" executionId="104636c0-2756-42c3-8c3b-6f6177e649e3" testListId="8c84fa94-04c1-424b-9868-57a2d4851a1d" />
    <TestEntry testId="f859d88a-40cb-4859-b08d-d215a33ff54c" executionId="893041d7-0b80-41ca-b117-c13623ff148c" testListId="8c84fa94-04c1-424b-9868-57a2d4851a1d" />
    <TestEntry testId="e0d136dd-d590-42e4-b682-4a182fa79074" executionId="e2955068-b809-44d5-9e46-51ca4aab55d7" testListId="8c84fa94-04c1-424b-9868-57a2d4851a1d" />
    <TestEntry testId="204b7f97-8dd4-478c-9082-ec48bb8b62d3" executionId="34faeace-6b2d-4ba4-a9e9-9ed51c66a48c" testListId="8c84fa94-04c1-424b-9868-57a2d4851a1d" />
    <TestEntry testId="2bd88357-641b-4c38-bdf0-d7849c7ab109" executionId="983c3a14-e3a7-4e15-89fc-071d6c9e180d" testListId="8c84fa94-04c1-424b-9868-57a2d4851a1d" />
    <TestEntry testId="e1af7904-aa46-46a5-bed0-d95762a58273" executionId="34b44701-0247-4ae1-aa35-c630b819c3be" testListId="8c84fa94-04c1-424b-9868-57a2d4851a1d" />
    <TestEntry testId="cdc02bcf-c521-4d9d-bf14-06fb93ffb357" executionId="87ac0826-180d-4e71-bd61-365da25bc081" testListId="8c84fa94-04c1-424b-9868-57a2d4851a1d" />
    <TestEntry testId="4493994a-9a17-409a-8f4b-72cf45c9b2c9" executionId="4359d943-e4ac-49f3-9072-595e4a8442e2" testListId="8c84fa94-04c1-424b-9868-57a2d4851a1d" />
    <TestEntry testId="ed8778c6-fdeb-461e-ae15-e9206ccc8101" executionId="89715e39-1d95-4f71-b9ed-0212f47423c8" testListId="8c84fa94-04c1-424b-9868-57a2d4851a1d" />
    <TestEntry testId="d6c13abd-2818-40ca-8d99-f904450cf73e" executionId="c36a438f-c9d9-4c53-b5bc-db42e0c6503b" testListId="8c84fa94-04c1-424b-9868-57a2d4851a1d" />
    <TestEntry testId="97439035-dbc2-4d31-924f-3ad6b04cb5a7" executionId="a05abc9d-6265-458d-9794-0ee5fd852ee3" testListId="8c84fa94-04c1-424b-9868-57a2d4851a1d" />
    <TestEntry testId="ce399cb6-1b64-4f5d-a37f-5aa9c03edd56" executionId="311ec07e-a880-4dd6-a331-369ec8caf597" testListId="8c84fa94-04c1-424b-9868-57a2d4851a1d" />
    <TestEntry testId="94066e16-a689-4da7-82fc-f9666a6566e5" executionId="ea08811a-06d0-4615-a42f-94f13f57ec4e" testListId="8c84fa94-04c1-424b-9868-57a2d4851a1d" />
    <TestEntry testId="9ff8a616-37b9-45bf-a5f2-bf30052d2145" executionId="8d50c007-145c-4441-a789-db5e289872a4" testListId="8c84fa94-04c1-424b-9868-57a2d4851a1d" />
    <TestEntry testId="608c51f4-82c1-42cf-8be0-22401e27cab0" executionId="43ee3db4-4773-4276-bbc2-bbe8be466d22" testListId="8c84fa94-04c1-424b-9868-57a2d4851a1d" />
    <TestEntry testId="ded4dfaa-3791-4fac-9e07-7cbb5fb43a70" executionId="66edce4c-a9f6-4560-af12-3a165a282141" testListId="8c84fa94-04c1-424b-9868-57a2d4851a1d" />
    <TestEntry testId="8718ca85-6597-45d0-88b9-9b25b198e6e4" executionId="b5e2bbb6-f311-4ef9-a93c-02a10828cb8d" testListId="8c84fa94-04c1-424b-9868-57a2d4851a1d" />
    <TestEntry testId="c9cf6da9-7d14-44c1-9f12-0c83bef980e8" executionId="d7674d4e-ebff-46fe-a858-b0546e5bc9b3" testListId="8c84fa94-04c1-424b-9868-57a2d4851a1d" />
    <TestEntry testId="d86eee9f-f11c-4191-b887-6775e7898057" executionId="bfbcb814-b05c-4aee-a8d7-ef755b0af5db" testListId="8c84fa94-04c1-424b-9868-57a2d4851a1d" />
    <TestEntry testId="f6b0de7b-66fe-480b-a17e-b432de3a7d2f" executionId="c6342fa8-7c13-487c-8059-0a384d6e143a" testListId="8c84fa94-04c1-424b-9868-57a2d4851a1d" />
    <TestEntry testId="713ab9c4-8c52-4615-a487-e3aec0b56b45" executionId="ddd09f1a-2e24-4fbf-8869-df81354af20b" testListId="8c84fa94-04c1-424b-9868-57a2d4851a1d" />
    <TestEntry testId="4bab9bda-ed53-4c1d-b741-c24042941a95" executionId="fb2c6781-ffe7-44e2-ba68-e429ea4e171c" testListId="8c84fa94-04c1-424b-9868-57a2d4851a1d" />
    <TestEntry testId="46f44090-91db-46e0-a7dc-8b1f0ca52b45" executionId="ad41c3ce-f749-471c-9c85-c8f86f1b6798" testListId="8c84fa94-04c1-424b-9868-57a2d4851a1d" />
    <TestEntry testId="639e9bb2-5271-4478-9c57-5fd14845e809" executionId="6356930f-9f19-48e1-b59c-d34f9847c0f6" testListId="8c84fa94-04c1-424b-9868-57a2d4851a1d" />
    <TestEntry testId="65d8fa0b-13f7-4808-b7d5-fc9358d48358" executionId="263496f9-600d-46d2-add5-a572aba974ab" testListId="8c84fa94-04c1-424b-9868-57a2d4851a1d" />
    <TestEntry testId="191b2a4d-db01-4c7c-9e78-c99144543ad9" executionId="a2fb4cd9-041c-4a3c-9de4-25c0e150bb3e" testListId="8c84fa94-04c1-424b-9868-57a2d4851a1d" />
    <TestEntry testId="7e4dee7a-4833-4ea0-a4ce-aad876f2873d" executionId="3fdcfbc7-02c3-4e44-ae6e-5a67eed30332" testListId="8c84fa94-04c1-424b-9868-57a2d4851a1d" />
    <TestEntry testId="948df0de-92de-4d80-9367-af2ff8fd8e09" executionId="43f007c9-7f60-4685-9aca-b73b98565194" testListId="8c84fa94-04c1-424b-9868-57a2d4851a1d" />
    <TestEntry testId="8b85417a-b2c5-40b1-8b4a-429479b2403e" executionId="a5204f9c-acf5-4b7d-9f43-c0acf6d5f0cc" testListId="8c84fa94-04c1-424b-9868-57a2d4851a1d" />
    <TestEntry testId="382a9bee-01df-41dd-a307-763649465e23" executionId="2efa803d-2503-464c-892b-bf41847e2e3b" testListId="8c84fa94-04c1-424b-9868-57a2d4851a1d" />
    <TestEntry testId="fc50a4a4-a136-499e-b2f7-6b2b5c535921" executionId="9e4321dd-1120-44d2-9ed0-2db3eca4248f" testListId="8c84fa94-04c1-424b-9868-57a2d4851a1d" />
    <TestEntry testId="e7389cf1-5b1c-4491-bca7-f6071d4253e0" executionId="1d3d8e04-8b0a-4202-90e2-7079da9a87eb" testListId="8c84fa94-04c1-424b-9868-57a2d4851a1d" />
    <TestEntry testId="8f685e8c-058e-4b7b-b2ce-db6ddff03908" executionId="99fcc074-611f-41ca-a287-48e958fa073f" testListId="8c84fa94-04c1-424b-9868-57a2d4851a1d" />
    <TestEntry testId="9e056a60-0700-4c23-9320-36f191e2da48" executionId="20408582-cb65-4513-8022-799c28aa9333" testListId="8c84fa94-04c1-424b-9868-57a2d4851a1d" />
    <TestEntry testId="ec256f46-4c5c-4bf1-86b2-fb769a7b7f0b" executionId="016f10ea-650e-4c7f-92f5-d5bc34d74b8e" testListId="8c84fa94-04c1-424b-9868-57a2d4851a1d" />
    <TestEntry testId="e7d2eca7-7d60-451a-980a-98c66d3b5efc" executionId="4470e2a5-0d98-4512-9d02-ce6581955c14" testListId="8c84fa94-04c1-424b-9868-57a2d4851a1d" />
    <TestEntry testId="0c8f0f8b-a597-4a4c-a717-f485d03032fc" executionId="a6f94d50-3f9e-42cf-aaae-4fa7846644d6" testListId="8c84fa94-04c1-424b-9868-57a2d4851a1d" />
    <TestEntry testId="6a5d7cd2-3dfc-442e-89a5-6f734e720e28" executionId="c1d39f6e-5bd4-4f9c-962a-db79fabcefbc" testListId="8c84fa94-04c1-424b-9868-57a2d4851a1d" />
    <TestEntry testId="c6d448e2-12cc-48c8-9368-6dea6b6e1c80" executionId="cc8655ae-4f1e-4c93-8192-e1b0ed583660" testListId="8c84fa94-04c1-424b-9868-57a2d4851a1d" />
    <TestEntry testId="58f1c58b-1e26-487e-8d34-0628f235a433" executionId="627def0c-b45c-4dfa-8387-d1c0f3ad7dc6" testListId="8c84fa94-04c1-424b-9868-57a2d4851a1d" />
    <TestEntry testId="da9284b0-d281-422c-9202-617b6a4a6a8c" executionId="e122a1ce-9579-4251-8d71-887c337c79c3" testListId="8c84fa94-04c1-424b-9868-57a2d4851a1d" />
    <TestEntry testId="23a69dc4-19c5-4c1c-b29b-c0bd46fb33ac" executionId="292bbc27-b12c-476e-92ce-60644a132dc5" testListId="8c84fa94-04c1-424b-9868-57a2d4851a1d" />
    <TestEntry testId="5e24a1f1-19bb-4fe0-a704-fa0548d267d5" executionId="df62e206-c0e8-45ad-84f1-e74615527430" testListId="8c84fa94-04c1-424b-9868-57a2d4851a1d" />
    <TestEntry testId="0d4e2cfd-62bc-482a-a183-88d12c530b33" executionId="c54e42d1-8763-4f28-8c5d-0c63506105ff" testListId="8c84fa94-04c1-424b-9868-57a2d4851a1d" />
    <TestEntry testId="d604f1bc-8ba2-4de6-acd3-09298cf23f70" executionId="ad9027a8-329b-4cbf-b84a-0d326026ea20" testListId="8c84fa94-04c1-424b-9868-57a2d4851a1d" />
    <TestEntry testId="c15eec64-19dc-421d-b517-349319a174f5" executionId="a1529971-44c8-41e8-a677-a8bc1def45af" testListId="8c84fa94-04c1-424b-9868-57a2d4851a1d" />
    <TestEntry testId="14ecf93a-a91d-40ef-8b70-12fc1f0f1cf5" executionId="f222cb78-9975-4a57-89fd-27e97497b2af" testListId="8c84fa94-04c1-424b-9868-57a2d4851a1d" />
    <TestEntry testId="f275c92f-7c6a-49c4-8abc-dbb13e6ef9ba" executionId="8e02540f-6830-47db-8b1e-edc46a907df7" testListId="8c84fa94-04c1-424b-9868-57a2d4851a1d" />
    <TestEntry testId="8982b4a6-58a5-430d-809a-5442478ca356" executionId="34e31734-85c0-4ece-9458-d4b775e6e451" testListId="8c84fa94-04c1-424b-9868-57a2d4851a1d" />
    <TestEntry testId="bd3e567e-d69b-49f4-80dc-8532935909ef" executionId="7be93d48-d4f5-49ae-aa80-f7e219c47051" testListId="8c84fa94-04c1-424b-9868-57a2d4851a1d" />
    <TestEntry testId="8dbebde2-c3de-4a7f-82f2-d40f302b429f" executionId="cc5e44cb-8e04-4837-899e-926ea3972cf1" testListId="8c84fa94-04c1-424b-9868-57a2d4851a1d" />
    <TestEntry testId="3b4c4ed3-a146-49df-8c72-52c84ee3654a" executionId="b72c4211-8f0b-4e92-9f3f-ebb3e3edcd75" testListId="8c84fa94-04c1-424b-9868-57a2d4851a1d" />
    <TestEntry testId="87ffe4c7-1678-4ef5-ba8b-dbea14a1ea59" executionId="de40cd45-f7c4-41a5-9c72-d5bdba56db19" testListId="8c84fa94-04c1-424b-9868-57a2d4851a1d" />
    <TestEntry testId="21ba50b2-1c16-4266-8490-f54c8816fa08" executionId="f6b00c27-861b-4029-b544-80a350c9531e" testListId="8c84fa94-04c1-424b-9868-57a2d4851a1d" />
    <TestEntry testId="aafd7180-e8b4-4ef0-b8d4-059a92c9fe72" executionId="1c8b8b80-1a35-41be-ac35-5a3949ec77b8" testListId="8c84fa94-04c1-424b-9868-57a2d4851a1d" />
    <TestEntry testId="b2d6db51-b5e9-4603-9910-3f7b5a7ebc93" executionId="64a56eb6-d49c-48fb-8af6-b7b18492a1fe" testListId="8c84fa94-04c1-424b-9868-57a2d4851a1d" />
    <TestEntry testId="92fb9076-546d-4105-aa5f-8ff95cb8df70" executionId="a0fc594e-9b29-43e5-ab84-21c209a46c0f" testListId="8c84fa94-04c1-424b-9868-57a2d4851a1d" />
    <TestEntry testId="95d33c76-5070-45d0-93c3-ac5965a888be" executionId="f2e3dd9f-9b8c-4580-9530-6bda4752fbda" testListId="8c84fa94-04c1-424b-9868-57a2d4851a1d" />
    <TestEntry testId="7ed2d7c0-2044-4ef9-98a0-91d72f2bd231" executionId="bcc4223f-01da-45a0-af41-27c5833e57f6" testListId="8c84fa94-04c1-424b-9868-57a2d4851a1d" />
    <TestEntry testId="4944b39e-9b97-4e91-bcda-3b58c90dc3dc" executionId="b2045067-3b1d-4fc4-b852-b29dbd66a94a" testListId="8c84fa94-04c1-424b-9868-57a2d4851a1d" />
    <TestEntry testId="943c58ff-aa4d-43f0-8a9c-894973329088" executionId="85b26eb0-16b7-4e3d-9eba-796dfafd584d" testListId="8c84fa94-04c1-424b-9868-57a2d4851a1d" />
    <TestEntry testId="831aadfd-825b-49b2-8d2a-6e0c1a17f7d2" executionId="acaa3281-e4a0-43c7-ae0a-9265515b2d36" testListId="8c84fa94-04c1-424b-9868-57a2d4851a1d" />
    <TestEntry testId="a65249ca-8d05-46aa-9308-83c0af482b9b" executionId="9ed9d34a-97a8-4fbc-8bef-a66c80b45bd0" testListId="8c84fa94-04c1-424b-9868-57a2d4851a1d" />
    <TestEntry testId="5562d494-4125-4962-9f0d-217a1dac3da8" executionId="4dab61fe-daf4-4362-998e-3dba64e75d9d" testListId="8c84fa94-04c1-424b-9868-57a2d4851a1d" />
    <TestEntry testId="99573c2b-e605-4e14-a590-019f75a830c2" executionId="c516c65d-757c-4b00-9306-085aa22fd959" testListId="8c84fa94-04c1-424b-9868-57a2d4851a1d" />
    <TestEntry testId="e93e8a9b-8d01-4a12-aa92-b79e10313837" executionId="b8300110-ce73-4feb-a0f5-c9a1f323249b" testListId="8c84fa94-04c1-424b-9868-57a2d4851a1d" />
    <TestEntry testId="244e4922-c00b-4037-9096-86023c6e9c63" executionId="545431e6-ade8-4976-9a89-34e18b075515" testListId="8c84fa94-04c1-424b-9868-57a2d4851a1d" />
    <TestEntry testId="cc4702dc-b874-4102-8eb2-d1e8a343b099" executionId="a99ae97b-3515-428d-ad4e-4d17f9d79c28" testListId="8c84fa94-04c1-424b-9868-57a2d4851a1d" />
    <TestEntry testId="d9be8d3d-33b2-4e17-ad00-69ed6cfca700" executionId="572bebfc-c081-480a-943b-5f08f118fddc" testListId="8c84fa94-04c1-424b-9868-57a2d4851a1d" />
    <TestEntry testId="546e09c8-085c-4490-9674-f82e61a1904b" executionId="ebf0c80f-e824-4496-8d76-fe96e493ca4c" testListId="8c84fa94-04c1-424b-9868-57a2d4851a1d" />
    <TestEntry testId="c686c735-f0b8-4de5-8967-5226f72f82fd" executionId="8342bc99-deb4-4e00-bda0-d71d80cac272" testListId="8c84fa94-04c1-424b-9868-57a2d4851a1d" />
    <TestEntry testId="04bf2cf5-914f-46cf-b380-a603d8445eb4" executionId="bc0feddd-dfba-4799-9478-11c50c8ef066" testListId="8c84fa94-04c1-424b-9868-57a2d4851a1d" />
    <TestEntry testId="6f0953a8-e389-4aef-ada3-96a9f517ada6" executionId="a9417aef-4541-4981-aa4f-a90754395cc2" testListId="8c84fa94-04c1-424b-9868-57a2d4851a1d" />
    <TestEntry testId="1fd6d488-d979-479d-96ba-ab7e7870a9f2" executionId="188d981a-aec0-402e-ac01-4881d305b106" testListId="8c84fa94-04c1-424b-9868-57a2d4851a1d" />
    <TestEntry testId="21e62e4a-a163-49b8-8d43-c8cc1172e097" executionId="06984b77-ac6c-4f12-bbba-9ef9f45b6f6f" testListId="8c84fa94-04c1-424b-9868-57a2d4851a1d" />
    <TestEntry testId="312fd8c6-17df-4280-9eea-ff3a032267c0" executionId="557be62b-a3a6-4c4f-8141-1a2c39092938" testListId="8c84fa94-04c1-424b-9868-57a2d4851a1d" />
    <TestEntry testId="8bc09f4f-c5f7-4b4d-b9ad-c1ed23bb501b" executionId="c996dedc-5502-43c6-add0-ebb5f27193f6" testListId="8c84fa94-04c1-424b-9868-57a2d4851a1d" />
    <TestEntry testId="50d14cd1-4514-4974-b0cf-65a97d16c794" executionId="b1977862-5a10-4247-8594-3e6404e9d3a4" testListId="8c84fa94-04c1-424b-9868-57a2d4851a1d" />
    <TestEntry testId="f728bae5-543f-41e0-880a-653c63222876" executionId="d3d8e460-bc4d-4e56-865e-1fa29c2d0403" testListId="8c84fa94-04c1-424b-9868-57a2d4851a1d" />
    <TestEntry testId="4c2eddd9-fcf6-4666-9756-fa250191e3cf" executionId="0c9ff876-777f-4922-8126-357aa36d0156" testListId="8c84fa94-04c1-424b-9868-57a2d4851a1d" />
    <TestEntry testId="7e8bd13f-7821-4d18-b243-53979f411894" executionId="cf47210c-46ba-436a-8be1-1a665046d7b6" testListId="8c84fa94-04c1-424b-9868-57a2d4851a1d" />
    <TestEntry testId="6fc25921-a8be-43a9-8057-65475f6f5076" executionId="78294371-7c18-4df5-9914-296c5044eeae" testListId="8c84fa94-04c1-424b-9868-57a2d4851a1d" />
    <TestEntry testId="183bc21c-1100-4c55-b087-522468e9be61" executionId="35f4116a-9cb7-44a7-8f0c-823b9fc9e4a0" testListId="8c84fa94-04c1-424b-9868-57a2d4851a1d" />
    <TestEntry testId="b76913c4-cc52-46ad-8cb4-47b30924fac4" executionId="5b3d3179-1718-4326-9c8c-cf7a5668592a" testListId="8c84fa94-04c1-424b-9868-57a2d4851a1d" />
    <TestEntry testId="b494a90b-fc1d-4bf0-875f-50126ca2e7ba" executionId="382deb56-2920-46e7-8b50-912965f31553" testListId="8c84fa94-04c1-424b-9868-57a2d4851a1d" />
    <TestEntry testId="59f210f4-31e2-4d16-bf93-bcf36e8d82b0" executionId="ac2ef14a-48ed-4892-96e3-1d20b61e2f2c" testListId="8c84fa94-04c1-424b-9868-57a2d4851a1d" />
    <TestEntry testId="ee44e449-965f-4ac2-99ff-d3d7269ed676" executionId="15a486fc-d537-47b5-88ee-b6bd8e68084b" testListId="8c84fa94-04c1-424b-9868-57a2d4851a1d" />
    <TestEntry testId="a0d1276d-3b5a-411c-afaa-b07768ba9624" executionId="b368e804-f73f-4c75-8113-c6f53e9b7e4b" testListId="8c84fa94-04c1-424b-9868-57a2d4851a1d" />
    <TestEntry testId="56bc093f-9265-48ef-8963-05d733018f04" executionId="5b8547b5-49b2-4728-95f5-e55f5e4368d6" testListId="8c84fa94-04c1-424b-9868-57a2d4851a1d" />
    <TestEntry testId="7019c558-570b-4ebb-9247-57b66228e64a" executionId="9a807884-f7dc-4ab6-ad24-40ffb55e978d" testListId="8c84fa94-04c1-424b-9868-57a2d4851a1d" />
    <TestEntry testId="b782cb6e-2abf-4d88-b1b4-ec543e6b2232" executionId="a37756e9-e45e-4363-8177-a473a2298ea1" testListId="8c84fa94-04c1-424b-9868-57a2d4851a1d" />
    <TestEntry testId="a402cd88-d13e-453a-aa76-238439af7703" executionId="8e42abfb-aa68-4669-bc5a-245d4199a01b" testListId="8c84fa94-04c1-424b-9868-57a2d4851a1d" />
    <TestEntry testId="77472ea7-b66a-447e-b32b-fdd0111f422c" executionId="8802b030-1b6a-44c6-a0d6-b35e9b305913" testListId="8c84fa94-04c1-424b-9868-57a2d4851a1d" />
    <TestEntry testId="f1d355c7-b139-45b6-bc3e-a9bc1a7648e6" executionId="63561b98-a7c3-4e70-bac6-93f038563bbb" testListId="8c84fa94-04c1-424b-9868-57a2d4851a1d" />
    <TestEntry testId="b6be5bc4-d2f7-46b1-80ce-123bafee58a1" executionId="f8c8d2f8-7143-43c3-9aba-ece84f662d98" testListId="8c84fa94-04c1-424b-9868-57a2d4851a1d" />
    <TestEntry testId="0353ee04-986e-499d-97fd-33c3c0bfc83c" executionId="e5fd4888-2e1e-4b03-8422-101605c2a82c" testListId="8c84fa94-04c1-424b-9868-57a2d4851a1d" />
    <TestEntry testId="7099ce3c-dcb9-4efd-83b9-9528c50174bb" executionId="7121d854-d269-4330-ad4f-90187ba4d3cc" testListId="8c84fa94-04c1-424b-9868-57a2d4851a1d" />
    <TestEntry testId="04fa5985-33c9-4c0e-8563-8426006ebfe5" executionId="b9577df2-c99e-485a-b65b-19fc977374fe" testListId="8c84fa94-04c1-424b-9868-57a2d4851a1d" />
    <TestEntry testId="9209fdfe-9971-4eb4-9222-8d7e0d367fa2" executionId="1e41d771-bb73-4a8e-8024-70ce7231c929" testListId="8c84fa94-04c1-424b-9868-57a2d4851a1d" />
    <TestEntry testId="9a09c479-ff6c-4372-a163-5d644f50f3b8" executionId="0a7f5bb8-9483-49d2-a002-6ce768c2b18d" testListId="8c84fa94-04c1-424b-9868-57a2d4851a1d" />
    <TestEntry testId="4b01d071-2448-4d60-9334-9ca2b71dc468" executionId="9c9ca68f-94f9-4ccf-9c7c-878049d3bcc6" testListId="8c84fa94-04c1-424b-9868-57a2d4851a1d" />
    <TestEntry testId="8af428f2-aac2-44bc-8ce7-7e05390728a1" executionId="c5cbac7b-4c58-4e26-ab54-9858154c5c02" testListId="8c84fa94-04c1-424b-9868-57a2d4851a1d" />
    <TestEntry testId="6e940e1e-372e-4bc7-8ee9-c05a2e9456b8" executionId="01cbf774-41d1-4a56-a45a-9c9e1dcef3d5" testListId="8c84fa94-04c1-424b-9868-57a2d4851a1d" />
    <TestEntry testId="295f33a5-2b0b-4692-974d-7a6ee0f46f83" executionId="314ca7d1-516c-42b2-b4df-c7bc60c0d795" testListId="8c84fa94-04c1-424b-9868-57a2d4851a1d" />
    <TestEntry testId="8862b8fe-7f6f-49dd-8ad8-cb05bb241f65" executionId="dc129926-ff60-4bb4-a697-d8bb7757acaa" testListId="8c84fa94-04c1-424b-9868-57a2d4851a1d" />
    <TestEntry testId="a502fac2-5ade-41ef-a892-d3e200fc7d2b" executionId="e4d75cbe-4a09-4134-9429-055a2db35530" testListId="8c84fa94-04c1-424b-9868-57a2d4851a1d" />
    <TestEntry testId="017faa51-50e8-4154-8a47-b0135c69887e" executionId="bec9d790-f3fe-4695-bcaa-219d7bfa82a9" testListId="8c84fa94-04c1-424b-9868-57a2d4851a1d" />
    <TestEntry testId="c55ff475-7243-4323-8da7-a295592434b7" executionId="0e4ad8f9-80fa-403d-8fae-788ea1d38393" testListId="8c84fa94-04c1-424b-9868-57a2d4851a1d" />
    <TestEntry testId="cc9cd605-5c3a-4f5b-9146-abe14cb68806" executionId="9ba19453-0409-485b-93ac-0e7f53385201" testListId="8c84fa94-04c1-424b-9868-57a2d4851a1d" />
    <TestEntry testId="61e9ee04-1d06-4916-aa45-5c4ded9b4281" executionId="d42c1bcd-f162-4877-9098-643f5a1b42b3" testListId="8c84fa94-04c1-424b-9868-57a2d4851a1d" />
    <TestEntry testId="3da82ec9-bd62-413b-baf0-29b607051b46" executionId="54e00a2a-ed64-4efd-9480-9c7ae9e8a14d" testListId="8c84fa94-04c1-424b-9868-57a2d4851a1d" />
    <TestEntry testId="e736bfde-2a90-4153-b1d7-3ba990898be8" executionId="60d1cf11-7c2c-4986-b901-7d6cddcb8700" testListId="8c84fa94-04c1-424b-9868-57a2d4851a1d" />
    <TestEntry testId="a62ef21c-fe09-4c51-99ca-73df3986e379" executionId="3bccf861-000f-4e85-ab68-c55bc8bc4275" testListId="8c84fa94-04c1-424b-9868-57a2d4851a1d" />
    <TestEntry testId="b535c047-a9a3-40a1-8fd7-b4005bee4644" executionId="687017f5-5bff-44d9-af8f-d0bcda931366" testListId="8c84fa94-04c1-424b-9868-57a2d4851a1d" />
    <TestEntry testId="723bf163-2dd8-4dcf-8a86-5f5ef63620b2" executionId="a59f4fdc-3ece-4b08-8f23-a26f40a84c40" testListId="8c84fa94-04c1-424b-9868-57a2d4851a1d" />
    <TestEntry testId="9e2c3134-7fa2-4f21-8174-c8053cd0f265" executionId="db19c9bc-7411-46b4-925e-f0201ff27cd7" testListId="8c84fa94-04c1-424b-9868-57a2d4851a1d" />
    <TestEntry testId="507a9ab0-6610-40ea-b92e-57dc261bbc68" executionId="a8582ac3-318d-49d2-8f65-d4f1978fe507" testListId="8c84fa94-04c1-424b-9868-57a2d4851a1d" />
    <TestEntry testId="a5828a1b-b31c-4873-8074-7a318d5be1ec" executionId="b1c3f493-f150-47f6-bd48-7564770c294b" testListId="8c84fa94-04c1-424b-9868-57a2d4851a1d" />
    <TestEntry testId="98d48beb-82a8-456c-8881-b4fae0aae179" executionId="909d2473-42e3-4d2d-8901-a061eca4877a" testListId="8c84fa94-04c1-424b-9868-57a2d4851a1d" />
    <TestEntry testId="ad332615-2709-441a-b042-00c8b3080780" executionId="0a25cf24-d0df-4a53-bcae-1c1c2f2ad78d" testListId="8c84fa94-04c1-424b-9868-57a2d4851a1d" />
    <TestEntry testId="8a8f4703-cba9-4e6e-81db-5edac80424ec" executionId="13fd2a39-81ff-4fa1-a593-e64571bbea4c" testListId="8c84fa94-04c1-424b-9868-57a2d4851a1d" />
    <TestEntry testId="bd8a7473-de50-4b79-b65b-dd1c325a0cfb" executionId="ad1fc15c-73d4-4092-aa0a-47e3e996b154" testListId="8c84fa94-04c1-424b-9868-57a2d4851a1d" />
    <TestEntry testId="54544e15-26a0-4ea6-8888-c6266cb81bbc" executionId="69330fbd-780e-4d66-b08c-2be04e7b9385" testListId="8c84fa94-04c1-424b-9868-57a2d4851a1d" />
    <TestEntry testId="4a21e0e2-baa6-4bc9-8f03-e0c4bce73244" executionId="5ba207f8-88d1-4e7c-9807-5a57459db859" testListId="8c84fa94-04c1-424b-9868-57a2d4851a1d" />
    <TestEntry testId="23cd0222-9188-4af8-b092-f0d85fd82642" executionId="5f2b9af8-d9ea-4adf-88f4-4e292c6c9e8a" testListId="8c84fa94-04c1-424b-9868-57a2d4851a1d" />
    <TestEntry testId="21c846ef-d26f-4a27-890b-c96309b7a245" executionId="b18f4b4c-2ea8-4e9d-b5e6-f039412ff4f3" testListId="8c84fa94-04c1-424b-9868-57a2d4851a1d" />
    <TestEntry testId="bf546e26-8a09-4909-896e-2d0db111a4ab" executionId="9cca3688-6fb8-4378-92a3-0f8d84aea365" testListId="8c84fa94-04c1-424b-9868-57a2d4851a1d" />
    <TestEntry testId="aa8827eb-4e50-43b9-ae88-41f7146799e6" executionId="aaa6149a-7878-4f5e-8a62-72f99b99eec9" testListId="8c84fa94-04c1-424b-9868-57a2d4851a1d" />
    <TestEntry testId="a944cc49-d066-45c5-9b71-1b47775f5891" executionId="7ff4f356-f45c-4e27-a323-e2309f12d6b7" testListId="8c84fa94-04c1-424b-9868-57a2d4851a1d" />
    <TestEntry testId="66afd842-c06f-4f9c-8571-44c73500a42c" executionId="2ef6f837-15e2-4de0-ac09-73d1b40a50fa" testListId="8c84fa94-04c1-424b-9868-57a2d4851a1d" />
    <TestEntry testId="4202dfd2-d5f5-4fba-8409-f522bc7b5932" executionId="1eb7e86c-e682-4329-b091-4a3fcf1362d7" testListId="8c84fa94-04c1-424b-9868-57a2d4851a1d" />
    <TestEntry testId="4113c035-e5a4-463e-83c3-8c83b16e257a" executionId="fe547707-3ba0-48e9-bb16-e272839fd120" testListId="8c84fa94-04c1-424b-9868-57a2d4851a1d" />
    <TestEntry testId="54b954f2-3ae1-45a1-8b34-0b4c7e08d07c" executionId="d7d7db96-b578-4f59-b95f-59c680c84286" testListId="8c84fa94-04c1-424b-9868-57a2d4851a1d" />
    <TestEntry testId="0e084840-e076-4a07-af00-471299d75df3" executionId="914afe67-342c-45cd-b9a5-9f51cdea36fa" testListId="8c84fa94-04c1-424b-9868-57a2d4851a1d" />
    <TestEntry testId="9d406346-5184-43b4-b200-dff97b73a57c" executionId="27946e20-d0ff-4e37-9224-dcf7e58d965c" testListId="8c84fa94-04c1-424b-9868-57a2d4851a1d" />
    <TestEntry testId="ec5d515c-b91d-401f-90eb-c43555ec9a8c" executionId="e193a1e4-a6e5-48a2-8968-4344850a4410" testListId="8c84fa94-04c1-424b-9868-57a2d4851a1d" />
    <TestEntry testId="8d2b75cf-8b4d-45f8-8836-38d3e19f8b2a" executionId="6a377a82-a090-4f1f-ac03-00cfa27cff2f" testListId="8c84fa94-04c1-424b-9868-57a2d4851a1d" />
    <TestEntry testId="bd529254-6bb1-4397-b272-abed95ca02c6" executionId="df185f14-e6ff-4584-8919-1f8f8f95d66a" testListId="8c84fa94-04c1-424b-9868-57a2d4851a1d" />
    <TestEntry testId="301857c1-c708-47e2-b431-9d5c49570a2b" executionId="b174f94b-d9e5-4b3d-8d13-4d96a1d2fddc" testListId="8c84fa94-04c1-424b-9868-57a2d4851a1d" />
    <TestEntry testId="b835c086-6bbb-4d97-a80d-70f99cd8fc48" executionId="7ef841f2-1488-4bb3-b91f-4cb164b8de39" testListId="8c84fa94-04c1-424b-9868-57a2d4851a1d" />
    <TestEntry testId="5e6971ed-ad4f-417e-9625-15c94fc0ff03" executionId="3c9dc389-0eb8-4ce9-9cca-0d82189cfc6d" testListId="8c84fa94-04c1-424b-9868-57a2d4851a1d" />
    <TestEntry testId="c0f448f2-96c0-4735-9119-12f0f84b1c6e" executionId="4781e939-f743-44ae-8f68-8aea58196006" testListId="8c84fa94-04c1-424b-9868-57a2d4851a1d" />
    <TestEntry testId="efdd01f5-5d44-44a9-bd79-b531e2e1466e" executionId="fe44a4e0-03b3-400d-abbe-73361edcdead" testListId="8c84fa94-04c1-424b-9868-57a2d4851a1d" />
    <TestEntry testId="dcc45a87-132f-4533-a395-ec241ab67a6c" executionId="4ee015d1-511a-4965-a044-70b1faf659f3" testListId="8c84fa94-04c1-424b-9868-57a2d4851a1d" />
    <TestEntry testId="e2434850-cbe0-4366-b710-223c7a7117b3" executionId="58672624-3dad-4ebe-b255-9e48aaeedda5" testListId="8c84fa94-04c1-424b-9868-57a2d4851a1d" />
    <TestEntry testId="e1e600f6-f068-40fc-b183-7475aaa5be18" executionId="45847810-a25d-408a-bff2-3d1dd86aa58d" testListId="8c84fa94-04c1-424b-9868-57a2d4851a1d" />
    <TestEntry testId="21825956-4ef2-41f8-a428-66a977c4e93e" executionId="408b178d-39c7-4558-8d55-b3e54f5fce1b" testListId="8c84fa94-04c1-424b-9868-57a2d4851a1d" />
    <TestEntry testId="beb68d7b-c0d9-42a7-b8bd-1bad4c61bb8d" executionId="50dfec7e-8745-44c0-8fbb-b986bb367bb9" testListId="8c84fa94-04c1-424b-9868-57a2d4851a1d" />
    <TestEntry testId="73489fc3-c68b-4b53-b18f-323f9b26d5f6" executionId="abc99dd5-a6f8-4a16-9da6-2ccc8fa0a1d7" testListId="8c84fa94-04c1-424b-9868-57a2d4851a1d" />
    <TestEntry testId="ec01640e-4ac0-4ecc-a516-795d555d105e" executionId="9e88ccf6-64e1-4c36-a4ad-ed749809cc02" testListId="8c84fa94-04c1-424b-9868-57a2d4851a1d" />
    <TestEntry testId="49408515-c829-4898-9ae0-e3be652bbe25" executionId="4441c415-e2e2-4014-b404-0c34d6ab2ee0" testListId="8c84fa94-04c1-424b-9868-57a2d4851a1d" />
    <TestEntry testId="c7725823-548f-4da2-b9f0-3aaf21e2bbe1" executionId="c906f71e-536e-46a5-af8a-7564e277493c" testListId="8c84fa94-04c1-424b-9868-57a2d4851a1d" />
    <TestEntry testId="d812ee77-9bab-4acb-bc9c-4aaf3d8471c0" executionId="a502e661-60be-4139-97c1-93d07c7ddbb4" testListId="8c84fa94-04c1-424b-9868-57a2d4851a1d" />
    <TestEntry testId="1e9ce8ef-2b54-44a5-8b21-3e7dadbf7bc2" executionId="8e12c17c-0d77-4528-8cf4-0126d8ab5ae8" testListId="8c84fa94-04c1-424b-9868-57a2d4851a1d" />
    <TestEntry testId="ef8234b0-1003-4539-a607-7a5850cc4712" executionId="9ec5be65-642b-4807-9e5c-d6285fb593ff" testListId="8c84fa94-04c1-424b-9868-57a2d4851a1d" />
    <TestEntry testId="6cb1b00f-7de7-4f2d-8d09-bc1b3d6a647a" executionId="b4432115-6942-4487-a8c2-e545e154c732" testListId="8c84fa94-04c1-424b-9868-57a2d4851a1d" />
    <TestEntry testId="5ef59b51-c420-45a8-8b79-6a6e2c1882ab" executionId="7d393035-3610-422e-955e-38ad72fd4f03" testListId="8c84fa94-04c1-424b-9868-57a2d4851a1d" />
    <TestEntry testId="876805c4-e844-4997-84c5-ce7e9d01abd5" executionId="afbf6746-73ad-4b77-854e-e37302b0110b" testListId="8c84fa94-04c1-424b-9868-57a2d4851a1d" />
    <TestEntry testId="8e59b293-ca66-4038-9d81-0ab52d520e32" executionId="08d44c06-6c6a-47c0-9089-29b2ad66bdca" testListId="8c84fa94-04c1-424b-9868-57a2d4851a1d" />
    <TestEntry testId="7ccd3611-bd04-472a-8794-30acd627dbfd" executionId="0c0a3312-1556-49f9-a4d6-a4cf3ff3d9f7" testListId="8c84fa94-04c1-424b-9868-57a2d4851a1d" />
    <TestEntry testId="a51a1ee5-c014-436f-a5ea-3318bf33f0e1" executionId="817cb67f-27ee-4dac-8309-53711268954a" testListId="8c84fa94-04c1-424b-9868-57a2d4851a1d" />
    <TestEntry testId="68fafff9-106a-4e56-8873-280a6fc47433" executionId="46d7807a-96c3-4b61-84c1-d882f823fcb2" testListId="8c84fa94-04c1-424b-9868-57a2d4851a1d" />
    <TestEntry testId="4b9c0224-0ea2-4cbf-a89e-ecdf580a6178" executionId="e60a0243-9f5a-41fe-855a-1174c4c0002e" testListId="8c84fa94-04c1-424b-9868-57a2d4851a1d" />
    <TestEntry testId="c78f7b10-40ac-46f8-bd8c-f25fcd4b4c00" executionId="cd28542f-8f4c-4ae9-8fac-8d2640f2e2bd" testListId="8c84fa94-04c1-424b-9868-57a2d4851a1d" />
    <TestEntry testId="31c1f77d-a87b-4119-986a-01dd861e037d" executionId="43e03928-ecca-4588-8218-200595107002" testListId="8c84fa94-04c1-424b-9868-57a2d4851a1d" />
    <TestEntry testId="b2dddcd8-5f0b-47e8-91e4-b1605e1943dd" executionId="e56a5869-07de-42b3-88aa-2aaeeeead08b" testListId="8c84fa94-04c1-424b-9868-57a2d4851a1d" />
    <TestEntry testId="da67ce3a-0e78-4fef-919d-f81156972571" executionId="7aaba0f6-6d04-4998-aac8-56c71d5019dc" testListId="8c84fa94-04c1-424b-9868-57a2d4851a1d" />
    <TestEntry testId="53b2cfa9-e854-4422-ad98-0c8f5787f262" executionId="857cd494-88e6-419f-95f0-91f2791d4cca" testListId="8c84fa94-04c1-424b-9868-57a2d4851a1d" />
    <TestEntry testId="8c410126-1b47-44f2-b842-060baa075312" executionId="84a84407-493b-4b09-980d-a533e4b51954" testListId="8c84fa94-04c1-424b-9868-57a2d4851a1d" />
    <TestEntry testId="a6d76abc-2e81-4354-b427-f1e81c594cf2" executionId="ab54e45d-6263-4675-8a26-8b6a21e4eac5" testListId="8c84fa94-04c1-424b-9868-57a2d4851a1d" />
    <TestEntry testId="59781cfe-5b80-4f78-8088-ed45a226a074" executionId="f8a5a79c-61b4-4945-960d-0f880af057cb" testListId="8c84fa94-04c1-424b-9868-57a2d4851a1d" />
    <TestEntry testId="1c979cf2-4e6a-405d-b64a-998d9e9e3f74" executionId="35449a8e-b9a9-4b57-8417-cf6a7e9035f4" testListId="8c84fa94-04c1-424b-9868-57a2d4851a1d" />
    <TestEntry testId="f8cf5194-bf8f-45ba-859c-59714296fa79" executionId="e5f8a3f2-38db-46fe-b1a9-cdb384f73fe9" testListId="8c84fa94-04c1-424b-9868-57a2d4851a1d" />
    <TestEntry testId="0a209740-17fc-49a7-b6b9-7e04e29b608b" executionId="15c88411-cfb2-48f6-94db-e607ee5e049e" testListId="8c84fa94-04c1-424b-9868-57a2d4851a1d" />
    <TestEntry testId="a2419c7c-78d8-43a8-8ecb-c5153d1d84e0" executionId="962101e0-eba3-4365-948e-032c3e3d8bb3" testListId="8c84fa94-04c1-424b-9868-57a2d4851a1d" />
    <TestEntry testId="9cfbec4a-89c6-4005-99d4-f612d34964a0" executionId="283963a8-850d-4a5c-87c3-28cb1e46967a" testListId="8c84fa94-04c1-424b-9868-57a2d4851a1d" />
    <TestEntry testId="fdc5f530-08ca-4f38-b2b1-78e7bdf1486f" executionId="00c4553e-9772-4025-b587-dab965606852" testListId="8c84fa94-04c1-424b-9868-57a2d4851a1d" />
    <TestEntry testId="e4739900-00ec-4721-9524-56e71422c4d4" executionId="f306cd25-ae3b-47ee-a874-2259c6db4a94" testListId="8c84fa94-04c1-424b-9868-57a2d4851a1d" />
    <TestEntry testId="c3d28a36-4674-42f7-bbdf-1f88111349fd" executionId="bad55626-6bff-442a-a19c-4b828a45f35e" testListId="8c84fa94-04c1-424b-9868-57a2d4851a1d" />
    <TestEntry testId="e08e7612-0263-4d47-b1fd-45f8ff72b326" executionId="4a670f6e-1f23-4a1e-b603-3b3f46790b2c" testListId="8c84fa94-04c1-424b-9868-57a2d4851a1d" />
    <TestEntry testId="844402a9-75d1-485b-97df-b1c879a87d08" executionId="cd12079d-4861-4303-9817-e1db3442f069" testListId="8c84fa94-04c1-424b-9868-57a2d4851a1d" />
    <TestEntry testId="f2a6d5f9-f278-4f38-93f4-1842bb424b47" executionId="4133e02a-afc4-4b25-af4d-3d81191ce2fa" testListId="8c84fa94-04c1-424b-9868-57a2d4851a1d" />
    <TestEntry testId="ed8a2e3d-4f68-4cb5-a6b8-b9d544928c38" executionId="d7c47558-8698-42ba-8e8e-09175241d170" testListId="8c84fa94-04c1-424b-9868-57a2d4851a1d" />
    <TestEntry testId="bd123154-775c-4c59-80b8-ed89b907a93d" executionId="6eb88f62-01cc-413a-87d0-7ae98eeeaf3e" testListId="8c84fa94-04c1-424b-9868-57a2d4851a1d" />
    <TestEntry testId="f55dc195-dfd8-43f5-9e00-b9323fb095a2" executionId="b0d98195-82dd-42e9-8b02-459840036f59" testListId="8c84fa94-04c1-424b-9868-57a2d4851a1d" />
    <TestEntry testId="c73e6879-570b-4e30-acd4-42c4ce554ae5" executionId="dfa4d5f3-fc9f-41bc-a3b5-2c755b96513c" testListId="8c84fa94-04c1-424b-9868-57a2d4851a1d" />
    <TestEntry testId="294916bd-d523-4c2a-b0d0-6660f9b756de" executionId="94723805-ff14-44f5-800f-bc09a852b725" testListId="8c84fa94-04c1-424b-9868-57a2d4851a1d" />
    <TestEntry testId="e6cb214d-5f5f-46b4-bb33-66c73caf543f" executionId="a71afd55-826f-4725-a9a4-85a2857ae0be" testListId="8c84fa94-04c1-424b-9868-57a2d4851a1d" />
    <TestEntry testId="726620a7-ace4-4e52-93c9-2b516fd45424" executionId="e7dc3547-867e-4a96-9076-bdfb28171f88" testListId="8c84fa94-04c1-424b-9868-57a2d4851a1d" />
    <TestEntry testId="c69890fa-8076-47bd-8aee-8f9911ff8361" executionId="adcef1b4-f054-4237-a473-3ca9903e76a8" testListId="8c84fa94-04c1-424b-9868-57a2d4851a1d" />
    <TestEntry testId="c1099c28-fa0c-4e0d-9600-619a1d8c66af" executionId="c3889051-6aa5-47a5-aa28-c729589600b3" testListId="8c84fa94-04c1-424b-9868-57a2d4851a1d" />
    <TestEntry testId="aead43e8-db46-420a-b9b2-786a3ed8f254" executionId="885417cd-633e-4ad7-be85-bb552258bd66" testListId="8c84fa94-04c1-424b-9868-57a2d4851a1d" />
    <TestEntry testId="f3901d1d-e32f-429b-b92f-f6e1619e2df4" executionId="c33e090d-f019-4d91-af46-72242270df26" testListId="8c84fa94-04c1-424b-9868-57a2d4851a1d" />
    <TestEntry testId="5f4a6fda-fb8d-4c05-bd80-377f95cf59ac" executionId="d361965d-f24f-4aff-af7c-f62656815741" testListId="8c84fa94-04c1-424b-9868-57a2d4851a1d" />
    <TestEntry testId="693d336e-a6c0-4b13-ad3e-b9d9a58e23de" executionId="3c8e121f-222c-4254-9b42-5a4506a41850" testListId="8c84fa94-04c1-424b-9868-57a2d4851a1d" />
    <TestEntry testId="acf5dba0-788f-45b5-8ddb-444883b52123" executionId="2c867f63-f1bb-42d7-b26c-2a54dfd369a0" testListId="8c84fa94-04c1-424b-9868-57a2d4851a1d" />
    <TestEntry testId="f8f35e93-4e41-435b-8dd0-956d7da4b229" executionId="335b5c99-0580-4f0d-ad2b-41a6d821e6cd" testListId="8c84fa94-04c1-424b-9868-57a2d4851a1d" />
    <TestEntry testId="4ea397ba-53b7-42b9-886b-de0a6562d32c" executionId="989b43db-8e7b-4bfa-ae6f-94030a854dbd" testListId="8c84fa94-04c1-424b-9868-57a2d4851a1d" />
    <TestEntry testId="fe314aac-60a5-472a-a45c-6005c532d32a" executionId="a8a4ba55-e5f8-428b-8775-f4cb39777093" testListId="8c84fa94-04c1-424b-9868-57a2d4851a1d" />
    <TestEntry testId="73bfb714-1a8d-45b8-ba08-18b2c9063b48" executionId="3d518868-be4f-4313-ae8b-82d473ba9946" testListId="8c84fa94-04c1-424b-9868-57a2d4851a1d" />
    <TestEntry testId="b2e80109-2693-4dd1-959e-1858f34f64b4" executionId="11310f13-3b70-4d27-9d81-c96bfe9d58e4" testListId="8c84fa94-04c1-424b-9868-57a2d4851a1d" />
    <TestEntry testId="3f7c0a90-e289-43b6-99e7-2c623da26eb0" executionId="dc766177-ecba-4bfc-a58b-f70e30ec2017" testListId="8c84fa94-04c1-424b-9868-57a2d4851a1d" />
    <TestEntry testId="bfe4de60-1b09-4305-b574-d1d933df792f" executionId="09e8c81c-19f6-4c8d-81fd-ceeb246aa33f" testListId="8c84fa94-04c1-424b-9868-57a2d4851a1d" />
    <TestEntry testId="6eed3b4c-4a67-4ec0-a778-8dc20d518588" executionId="d18b6d35-80d3-4d4f-b426-a53e5f12e4c2" testListId="8c84fa94-04c1-424b-9868-57a2d4851a1d" />
    <TestEntry testId="deddacef-1983-428a-bede-fcf556efa5a3" executionId="0912bd55-6afd-4128-b5fe-1d2acea2a962" testListId="8c84fa94-04c1-424b-9868-57a2d4851a1d" />
    <TestEntry testId="a11caf0d-7aae-451b-b5ba-f3656d5d3d7f" executionId="53926d09-0891-471f-947e-3eccb4f73e0c" testListId="8c84fa94-04c1-424b-9868-57a2d4851a1d" />
    <TestEntry testId="93f24e74-1812-41cf-a571-d0244e36de13" executionId="0c417a80-2f9f-4566-932a-3d56117e2b7d" testListId="8c84fa94-04c1-424b-9868-57a2d4851a1d" />
    <TestEntry testId="6ff09dfb-b1fe-4f0c-b7e5-aacf924b361c" executionId="29ca5999-0cc7-4e58-bd46-fc35bab88706" testListId="8c84fa94-04c1-424b-9868-57a2d4851a1d" />
    <TestEntry testId="9e4cd085-7153-43d1-9b64-841fd7491d57" executionId="436c553d-7120-416e-81c3-35f3c45a8085" testListId="8c84fa94-04c1-424b-9868-57a2d4851a1d" />
    <TestEntry testId="ed874044-f309-432e-b92b-c1ea450c9969" executionId="7a73a92a-c3d5-43fc-9d76-9269297826d9" testListId="8c84fa94-04c1-424b-9868-57a2d4851a1d" />
    <TestEntry testId="d84f53e3-4cd4-4296-b5df-dbd12e8aca89" executionId="9a4300fb-09c9-4193-a2e3-efcfd30b17aa" testListId="8c84fa94-04c1-424b-9868-57a2d4851a1d" />
    <TestEntry testId="f05feeeb-62fc-44a1-adeb-19a6b95a9678" executionId="805ec448-67c0-4efd-863d-27b53b1c0cfe" testListId="8c84fa94-04c1-424b-9868-57a2d4851a1d" />
    <TestEntry testId="fab8ca3d-f57b-4fc4-a769-98adbb98bacf" executionId="fcc6afba-3fb5-4d63-bc20-8ad338fff6c5" testListId="8c84fa94-04c1-424b-9868-57a2d4851a1d" />
    <TestEntry testId="29f70c16-bbdf-433b-b213-5d717f21e6f4" executionId="e6f1219f-2a1f-489a-bf6c-4f677fd50e87" testListId="8c84fa94-04c1-424b-9868-57a2d4851a1d" />
    <TestEntry testId="da4d7b69-d440-4daf-b654-39d8ee190573" executionId="ef329986-2565-4ada-b0fa-485f4dd0277e" testListId="8c84fa94-04c1-424b-9868-57a2d4851a1d" />
    <TestEntry testId="563dd60f-bd36-4ecd-80b7-532508983710" executionId="86d9b51e-f60a-412e-a306-cea40e920316" testListId="8c84fa94-04c1-424b-9868-57a2d4851a1d" />
    <TestEntry testId="0c8c46aa-589b-450b-b266-303b5de32594" executionId="4c2e4f89-2ea1-454d-b728-66204a265c73" testListId="8c84fa94-04c1-424b-9868-57a2d4851a1d" />
    <TestEntry testId="d09142b4-c9c1-42ad-9e34-72a5873be667" executionId="ae48507c-dd7a-4ab3-b14e-8b3929541f84" testListId="8c84fa94-04c1-424b-9868-57a2d4851a1d" />
    <TestEntry testId="93054798-9e20-489b-87a0-95044882c54e" executionId="f7148190-3870-4a7d-9c62-7c7014b94571" testListId="8c84fa94-04c1-424b-9868-57a2d4851a1d" />
    <TestEntry testId="2110c7f7-d380-4e20-8103-fc586c3bec34" executionId="f3cfdab6-48f6-4343-b3d1-d75c820fdd40" testListId="8c84fa94-04c1-424b-9868-57a2d4851a1d" />
    <TestEntry testId="ca0a289a-b6f5-4664-bfd1-7a18c759255a" executionId="c31edb6e-a305-4e8b-8c77-4913ad38b5aa" testListId="8c84fa94-04c1-424b-9868-57a2d4851a1d" />
    <TestEntry testId="3acfda8e-b1c4-41d0-b702-a62c6940239a" executionId="5e14516d-77ac-489d-a436-e244ed7334ac" testListId="8c84fa94-04c1-424b-9868-57a2d4851a1d" />
    <TestEntry testId="f48e4c50-8240-4ad6-b935-877eb53ab259" executionId="bcc435e1-5cff-4aae-9451-6c0694819d78" testListId="8c84fa94-04c1-424b-9868-57a2d4851a1d" />
    <TestEntry testId="465414b9-7b0e-42ca-a24b-5a445120bd3c" executionId="7ce6ae73-aed8-458b-bb4d-7f792426d08a" testListId="8c84fa94-04c1-424b-9868-57a2d4851a1d" />
    <TestEntry testId="e3278302-7ae3-4930-945e-7e5be923deb1" executionId="e496d488-4dbf-44f4-97d6-8722a2ebaf55" testListId="8c84fa94-04c1-424b-9868-57a2d4851a1d" />
    <TestEntry testId="9fe63eeb-23ef-43f4-a322-fe86ad4d470b" executionId="00210120-bcf1-45fa-9b0a-bcfd188044fe" testListId="8c84fa94-04c1-424b-9868-57a2d4851a1d" />
    <TestEntry testId="37ecf31a-1bad-4990-a0ad-5d3d18ea9a74" executionId="af0a4d6a-47ea-444f-8688-6824e7f3cd71" testListId="8c84fa94-04c1-424b-9868-57a2d4851a1d" />
    <TestEntry testId="28591b15-2f44-45c4-a2ee-1e5b961b25a1" executionId="c7efe981-1f58-4f25-a18d-d52f2182efe0" testListId="8c84fa94-04c1-424b-9868-57a2d4851a1d" />
    <TestEntry testId="af947dd1-db24-4531-85d6-a593ab2eff21" executionId="14778bf2-ab90-4991-8240-b2a1bf1ac47d" testListId="8c84fa94-04c1-424b-9868-57a2d4851a1d" />
    <TestEntry testId="ab049d61-540b-4f2e-905e-544571e14bef" executionId="32c7263c-311a-41e9-bd2c-a61c7093b9be" testListId="8c84fa94-04c1-424b-9868-57a2d4851a1d" />
    <TestEntry testId="222f828c-a6ae-4ecb-ab4c-8e96613edfbf" executionId="f7e31db8-6369-42ab-854d-bc9d273b529c" testListId="8c84fa94-04c1-424b-9868-57a2d4851a1d" />
    <TestEntry testId="53949c20-f658-45ea-9449-5d07e7993853" executionId="ae13fe1d-5099-497b-adeb-9e345309af6f" testListId="8c84fa94-04c1-424b-9868-57a2d4851a1d" />
    <TestEntry testId="4f0a435a-e4e6-4d8d-a9b0-7d1a97d571a0" executionId="17d31514-a9e2-4920-b444-2a245c0b714d" testListId="8c84fa94-04c1-424b-9868-57a2d4851a1d" />
    <TestEntry testId="a84d6a33-40e0-4038-9c4f-4f3fd10059b1" executionId="e1fd79db-2397-4957-8d11-a0b440b61aa4" testListId="8c84fa94-04c1-424b-9868-57a2d4851a1d" />
    <TestEntry testId="4d824542-9571-4a2b-9543-0716ff1624a8" executionId="51dd5581-e19e-421f-938f-cebc450f2b78" testListId="8c84fa94-04c1-424b-9868-57a2d4851a1d" />
    <TestEntry testId="dbf318b8-d140-4ca8-bf8e-f4b6f9bd07c6" executionId="969de3fa-8fc4-4ae1-946b-7c4352324ecb" testListId="8c84fa94-04c1-424b-9868-57a2d4851a1d" />
    <TestEntry testId="4cd3f95d-4f11-4b66-8d58-8df2ff8cbd17" executionId="74edcb57-b60f-4999-8a74-31ffded6ea74" testListId="8c84fa94-04c1-424b-9868-57a2d4851a1d" />
    <TestEntry testId="ba2ec6bc-9391-4aa9-b43b-d48cf8ea53fd" executionId="4a6fe278-c710-41d3-9964-bf6f88b5f760" testListId="8c84fa94-04c1-424b-9868-57a2d4851a1d" />
    <TestEntry testId="1ac43a8c-3af0-44e6-bb55-c8d31723c3af" executionId="4a49a3b5-f093-4dd7-80aa-d5d0bee26256" testListId="8c84fa94-04c1-424b-9868-57a2d4851a1d" />
    <TestEntry testId="efe7401b-9d75-4a48-8bd1-7b83ca13df41" executionId="cd46b925-9b68-43d4-af13-9161bc7deea5" testListId="8c84fa94-04c1-424b-9868-57a2d4851a1d" />
    <TestEntry testId="300e7558-e5d8-4ef2-9bc7-c03aec61e71e" executionId="f0a7e8b1-475d-4a23-a269-452cf63a525e" testListId="8c84fa94-04c1-424b-9868-57a2d4851a1d" />
    <TestEntry testId="23324af9-5f94-491e-9bfd-7e9fabe1d152" executionId="11040dc8-d58c-499a-b259-bbf547cc1f9d" testListId="8c84fa94-04c1-424b-9868-57a2d4851a1d" />
    <TestEntry testId="50079a94-f1c1-4cf9-b1c9-6b51cdfbd4b0" executionId="aa3c7e19-eece-498f-98b2-bb9bc92aadf9" testListId="8c84fa94-04c1-424b-9868-57a2d4851a1d" />
    <TestEntry testId="10b0bac8-0d6e-443d-b59a-f35d773e9bdd" executionId="796dc6fd-a9b1-4906-b7d9-d2cfde9c410e" testListId="8c84fa94-04c1-424b-9868-57a2d4851a1d" />
    <TestEntry testId="6eb2f0c3-ac6f-452e-beeb-1f2dc865c05b" executionId="9ba4a185-b4fd-41ce-ba36-2bd0e01d6296" testListId="8c84fa94-04c1-424b-9868-57a2d4851a1d" />
    <TestEntry testId="6aefdce2-8599-429b-bdd6-87c0ccc30aa4" executionId="6654f227-3db2-4e65-bdab-c4db2be6cd0f" testListId="8c84fa94-04c1-424b-9868-57a2d4851a1d" />
    <TestEntry testId="ced42134-b66e-4d8c-915b-971b1627603a" executionId="e86df51a-b2f1-4d38-9321-605a3f17899e" testListId="8c84fa94-04c1-424b-9868-57a2d4851a1d" />
    <TestEntry testId="3822cd78-2199-4753-a0bf-d527215946d9" executionId="1cec3db2-dcb4-4c92-9e7f-24cfa1e3cf0c" testListId="8c84fa94-04c1-424b-9868-57a2d4851a1d" />
    <TestEntry testId="31dcd51d-140f-4e53-9455-64ba278424a1" executionId="98940dc0-bff6-4877-95a4-8586fbdebb34" testListId="8c84fa94-04c1-424b-9868-57a2d4851a1d" />
    <TestEntry testId="f3cc6c6f-c068-4f75-ac43-8a14d0f043e7" executionId="404a5408-84cd-4ef7-9804-7196eb8784ca" testListId="8c84fa94-04c1-424b-9868-57a2d4851a1d" />
    <TestEntry testId="1e7d30f2-dd56-4025-8ff9-5c5004eb968d" executionId="067bcf3f-728f-49b6-a8fb-7c43f2d40275" testListId="8c84fa94-04c1-424b-9868-57a2d4851a1d" />
    <TestEntry testId="ec0944aa-86d8-4e5c-b3ba-1d1fc6ed190c" executionId="fc722c7d-215d-459e-8f63-82b483fd8023" testListId="8c84fa94-04c1-424b-9868-57a2d4851a1d" />
    <TestEntry testId="2c5cbb14-bf99-4f55-8ec4-a8588c4e6611" executionId="0a905343-b342-4662-b655-b3914843fe65" testListId="8c84fa94-04c1-424b-9868-57a2d4851a1d" />
    <TestEntry testId="8f87731f-4a94-4c20-8080-347753185cb8" executionId="521c74f4-8868-489d-85d4-ddd086ef739a" testListId="8c84fa94-04c1-424b-9868-57a2d4851a1d" />
    <TestEntry testId="44230ab1-1f18-47d4-a8ad-53c2c636745d" executionId="7a4b6d83-4df8-4fcb-a415-bb52d120849e" testListId="8c84fa94-04c1-424b-9868-57a2d4851a1d" />
    <TestEntry testId="09c2808a-aec8-4342-a21c-709a77e64008" executionId="edf28ac6-3470-4003-af0e-f1659e0eb5b4" testListId="8c84fa94-04c1-424b-9868-57a2d4851a1d" />
    <TestEntry testId="5622792f-5deb-4bf7-b4b6-3a00df3a0283" executionId="86c4d7ca-29d3-46b5-bd4b-8947559a72cd" testListId="8c84fa94-04c1-424b-9868-57a2d4851a1d" />
    <TestEntry testId="7663d400-a7aa-4b92-9a9d-ca9d4c999346" executionId="34178a79-a7e4-4c16-9c20-6c8a613afa27" testListId="8c84fa94-04c1-424b-9868-57a2d4851a1d" />
    <TestEntry testId="f6ee664d-87e0-4d22-893f-9b3016a54b1e" executionId="33c43d80-b323-42dd-bbb1-7ccc84e979f9" testListId="8c84fa94-04c1-424b-9868-57a2d4851a1d" />
    <TestEntry testId="90c00857-2a55-4ca5-b646-da079219e0a0" executionId="ebe8db83-0980-4f09-999c-15071575435e" testListId="8c84fa94-04c1-424b-9868-57a2d4851a1d" />
    <TestEntry testId="e64813e7-4231-48fb-aa5a-5336d1ab7e75" executionId="e2c7d2b1-cfac-407f-9ec3-6e6acab2ee07" testListId="8c84fa94-04c1-424b-9868-57a2d4851a1d" />
    <TestEntry testId="64aab803-84a9-4bc6-933a-bd5a25c8be3f" executionId="00d04b84-7d16-44ab-89f2-e71a0ec7bd8d" testListId="8c84fa94-04c1-424b-9868-57a2d4851a1d" />
    <TestEntry testId="7758375e-f0e0-4e70-ba8e-3117d4c2170e" executionId="5544dccb-77ed-4e92-bcca-e17c986af751" testListId="8c84fa94-04c1-424b-9868-57a2d4851a1d" />
    <TestEntry testId="d2538bcd-3ef1-41e6-8d03-f6dd22d15ade" executionId="0149f28e-e685-449f-bf9d-6622b0e87bb7" testListId="8c84fa94-04c1-424b-9868-57a2d4851a1d" />
    <TestEntry testId="05d3f734-6370-4e7f-904a-6db7eaff3e95" executionId="e7d21a48-51f8-449b-bb98-727443685114" testListId="8c84fa94-04c1-424b-9868-57a2d4851a1d" />
    <TestEntry testId="6e60d1b6-84a9-41d1-aebd-6aaa334043e1" executionId="69fa6368-1555-4eeb-aa93-401d5071ebf8" testListId="8c84fa94-04c1-424b-9868-57a2d4851a1d" />
    <TestEntry testId="576b6828-fde6-4008-af21-90fe2bc559ad" executionId="c2c74c4b-69fb-4e7e-a8a8-b7a71160b4bc" testListId="8c84fa94-04c1-424b-9868-57a2d4851a1d" />
    <TestEntry testId="f37f69e0-94b8-4f22-b73f-c36a4e5a7404" executionId="1955e8ab-6ac7-4744-a878-7a0dc7bf3aa9" testListId="8c84fa94-04c1-424b-9868-57a2d4851a1d" />
    <TestEntry testId="e40679b9-d639-40bd-bfab-0ba0d653a31e" executionId="d34bfa01-e79a-414e-901a-f212a82fc60e" testListId="8c84fa94-04c1-424b-9868-57a2d4851a1d" />
    <TestEntry testId="b3a25317-b6f9-473b-a697-72ee0760116e" executionId="960366e7-5e1d-4c5e-bd46-d3615d22c8ec" testListId="8c84fa94-04c1-424b-9868-57a2d4851a1d" />
    <TestEntry testId="9aff00c3-a3d3-4d0b-96e5-0adffc1562b6" executionId="608d92c7-0917-414b-be7b-16829522870b" testListId="8c84fa94-04c1-424b-9868-57a2d4851a1d" />
    <TestEntry testId="40d0ac02-1eaf-4bbb-9c16-5f0004a47aae" executionId="96a4d539-547f-4490-ac99-a90609230933" testListId="8c84fa94-04c1-424b-9868-57a2d4851a1d" />
    <TestEntry testId="d4e1b524-2979-4239-8ba1-0da42f2ad2ff" executionId="37a39e98-640f-4794-8232-f7e20f6ef9be" testListId="8c84fa94-04c1-424b-9868-57a2d4851a1d" />
    <TestEntry testId="cf75ba87-cbb6-413a-8ca9-9227fc5ccb9d" executionId="408e8bee-f1d9-43ac-b273-1a2285937656" testListId="8c84fa94-04c1-424b-9868-57a2d4851a1d" />
    <TestEntry testId="3e8bfae2-346c-49f5-bfc1-c71fb0e38fdc" executionId="88a8751c-84ac-4b88-a2ea-ea7ef09d43b9" testListId="8c84fa94-04c1-424b-9868-57a2d4851a1d" />
    <TestEntry testId="ae5994c4-f62d-43bb-a3a2-2305156e2d6a" executionId="80a4a3ed-6aae-4dd5-b086-9f759ed1d8ab" testListId="8c84fa94-04c1-424b-9868-57a2d4851a1d" />
    <TestEntry testId="2b2ddb29-49fb-4934-a482-c363e36ae3de" executionId="3dd6f823-bfa2-487b-90a0-a4286fae0550" testListId="8c84fa94-04c1-424b-9868-57a2d4851a1d" />
    <TestEntry testId="2afd9ea8-6da3-4893-a76c-955f1b25c43a" executionId="010913b2-8054-408a-b4d7-ba4a3c31c70b" testListId="8c84fa94-04c1-424b-9868-57a2d4851a1d" />
    <TestEntry testId="a3b429a8-8ea2-4ea3-b2f1-6021136a748e" executionId="33c99c3e-ba76-410c-ad00-cffcf5fa3a23" testListId="8c84fa94-04c1-424b-9868-57a2d4851a1d" />
    <TestEntry testId="7d271200-53d4-4028-bca6-0ce68b85bc48" executionId="8a597d09-e13d-4e7b-979e-fbc504032154" testListId="8c84fa94-04c1-424b-9868-57a2d4851a1d" />
    <TestEntry testId="309389dd-d870-43df-b4eb-98f868838243" executionId="44871188-3cce-4898-ba4e-43f13f9a18be" testListId="8c84fa94-04c1-424b-9868-57a2d4851a1d" />
    <TestEntry testId="220b6a48-e8de-47b7-bfe2-45d84deb8c52" executionId="35f1adc4-6abc-452d-8c0a-724f3f3cd4fa" testListId="8c84fa94-04c1-424b-9868-57a2d4851a1d" />
    <TestEntry testId="9411f2e8-26a2-40ec-b1c8-04c4a3d81e65" executionId="8715a494-2c06-49ae-9df0-ef9cf902c082" testListId="8c84fa94-04c1-424b-9868-57a2d4851a1d" />
    <TestEntry testId="3e771074-268e-473b-87fb-223c8e666c56" executionId="00351480-1bd8-430d-b756-a0a327c51b4f" testListId="8c84fa94-04c1-424b-9868-57a2d4851a1d" />
    <TestEntry testId="c96fb1cd-85a5-404a-9fdf-bb780285a9f9" executionId="c0ed4285-aeb2-41a5-84c7-7b633ad19994" testListId="8c84fa94-04c1-424b-9868-57a2d4851a1d" />
    <TestEntry testId="51c51c60-057c-40ca-b6e9-3ea5e8fdca82" executionId="0a46f556-d670-4815-bdd4-549345566671" testListId="8c84fa94-04c1-424b-9868-57a2d4851a1d" />
    <TestEntry testId="9f209837-efc5-4061-9a9a-53b1e6596f4b" executionId="0b39d44f-3c6a-46b5-8f28-88ddf03ef7e5" testListId="8c84fa94-04c1-424b-9868-57a2d4851a1d" />
    <TestEntry testId="6191e91d-b5e5-44de-a0db-8a4bdd59dcb9" executionId="092da522-b167-439c-8e2c-b86de72d5b23" testListId="8c84fa94-04c1-424b-9868-57a2d4851a1d" />
    <TestEntry testId="49939f96-e73d-4d31-bc13-b94d5a7e505b" executionId="4b76e675-79bc-468e-ad78-42c60e45a098" testListId="8c84fa94-04c1-424b-9868-57a2d4851a1d" />
    <TestEntry testId="80e04e6b-0cbe-4961-8603-97078d64f61a" executionId="659779a7-ae97-4bb7-8476-bfbf7231a5f8" testListId="8c84fa94-04c1-424b-9868-57a2d4851a1d" />
    <TestEntry testId="76223a92-7017-4754-a997-0e98c4283e8b" executionId="b4a422f1-cfbb-4f98-bd4b-f6c7b547147d" testListId="8c84fa94-04c1-424b-9868-57a2d4851a1d" />
    <TestEntry testId="54b10282-4f42-42cd-8386-0a0b1dab41b6" executionId="774f4814-9d9c-425b-b921-e0ad1afd34d5" testListId="8c84fa94-04c1-424b-9868-57a2d4851a1d" />
    <TestEntry testId="42f46fff-2b7e-4119-988a-8d632cd2a327" executionId="b4dcb497-33ff-46d2-b208-db141ed00806" testListId="8c84fa94-04c1-424b-9868-57a2d4851a1d" />
    <TestEntry testId="daf98ee6-76d4-41d7-b084-e3a1e3de0a2a" executionId="e43fc107-a7ac-4b24-8156-cd2d72d3d541" testListId="8c84fa94-04c1-424b-9868-57a2d4851a1d" />
    <TestEntry testId="72057a1e-ba81-4de6-88d9-9ca8acd82c38" executionId="74a9aff5-bf2b-4bd1-8380-8441eb0da4cc" testListId="8c84fa94-04c1-424b-9868-57a2d4851a1d" />
    <TestEntry testId="bb6028fb-a565-4e45-aba4-9a4f3b88218b" executionId="4c5bbcef-fa41-48fe-b7af-f4cb1c256465" testListId="8c84fa94-04c1-424b-9868-57a2d4851a1d" />
    <TestEntry testId="f10c6e03-1b20-4ee9-b536-5ab1347d5fc1" executionId="b4e36df3-9055-4745-b69b-934509d61e72" testListId="8c84fa94-04c1-424b-9868-57a2d4851a1d" />
    <TestEntry testId="3240fbfe-2409-4c5b-8395-5bca79c22ddd" executionId="68e3114f-e19a-44cb-adb0-3c5f78010e2a" testListId="8c84fa94-04c1-424b-9868-57a2d4851a1d" />
    <TestEntry testId="ece3f968-f831-4410-b790-de13ac4a3faa" executionId="4a9e15c2-4937-470a-a01c-4ada1637351b" testListId="8c84fa94-04c1-424b-9868-57a2d4851a1d" />
    <TestEntry testId="a0e28808-7c01-4064-9376-62cb8ab85d4a" executionId="31d6c8eb-4bde-4834-b683-8d4f2d32db3f" testListId="8c84fa94-04c1-424b-9868-57a2d4851a1d" />
    <TestEntry testId="548e681c-3e37-442d-a859-8fe48cddbd79" executionId="8df8e376-e7a5-4de5-ab05-bde2af8928ea" testListId="8c84fa94-04c1-424b-9868-57a2d4851a1d" />
    <TestEntry testId="e1aa9c4d-fb47-4e91-86f8-4691e2d95957" executionId="da4e5652-e11e-459b-93bf-93f9476ace2a" testListId="8c84fa94-04c1-424b-9868-57a2d4851a1d" />
    <TestEntry testId="30892335-bc13-42eb-8c2e-8926c74e1e62" executionId="46484a46-449b-4b38-8a55-1fea067dbc28" testListId="8c84fa94-04c1-424b-9868-57a2d4851a1d" />
    <TestEntry testId="3d45e895-4889-4f07-af8a-79c8cf1f8def" executionId="49adfbb7-f4c8-4a97-85c5-42e942afeb53" testListId="8c84fa94-04c1-424b-9868-57a2d4851a1d" />
    <TestEntry testId="c67270e8-b432-4528-a733-3d0059da5245" executionId="f6fb39a3-c095-4edd-8e8e-4d860b6f87ce" testListId="8c84fa94-04c1-424b-9868-57a2d4851a1d" />
    <TestEntry testId="ac2f666f-cacd-454d-bd08-b0a8a5c353c0" executionId="a6e49211-0d21-4dc7-9000-cd57aeacc459" testListId="8c84fa94-04c1-424b-9868-57a2d4851a1d" />
    <TestEntry testId="3d576727-53bf-42d0-9f9e-7dfe4cf58d68" executionId="a6df8be5-0c8e-4be8-af86-bad42dc6a6ab" testListId="8c84fa94-04c1-424b-9868-57a2d4851a1d" />
    <TestEntry testId="12d4e1a5-0dba-458a-ab08-0f41189d7210" executionId="b3eed814-c21f-4829-a9c9-168ed9c1983a" testListId="8c84fa94-04c1-424b-9868-57a2d4851a1d" />
    <TestEntry testId="aa901647-0c02-4c1a-b05f-488abfb3b098" executionId="b4b2b4bd-ad54-46a0-9f3a-c8c735d0e3a0" testListId="8c84fa94-04c1-424b-9868-57a2d4851a1d" />
    <TestEntry testId="267098f5-6fe6-4e28-af35-cae2a7d752ff" executionId="e06ae449-97e5-44d5-8902-eac392c073dc" testListId="8c84fa94-04c1-424b-9868-57a2d4851a1d" />
    <TestEntry testId="97620157-6e8f-4596-bc0c-2f80c2abce99" executionId="a1ad5468-6c35-4ef7-9639-b2b085a58dc6" testListId="8c84fa94-04c1-424b-9868-57a2d4851a1d" />
    <TestEntry testId="1bcaebc4-b76e-42f7-b809-defef03c024a" executionId="0a6de96c-43ba-47f8-b337-a9c907bbb3d9" testListId="8c84fa94-04c1-424b-9868-57a2d4851a1d" />
    <TestEntry testId="a8671060-d0cc-40c7-bdc2-db2ffe31b609" executionId="1abcf9e8-08ca-490a-8bfb-fce06dfbaad5" testListId="8c84fa94-04c1-424b-9868-57a2d4851a1d" />
    <TestEntry testId="cae5deb5-4550-4489-bc26-fd26811008fd" executionId="7d8ee9fe-6177-4714-98eb-401848074955" testListId="8c84fa94-04c1-424b-9868-57a2d4851a1d" />
    <TestEntry testId="55f5f4cd-d69b-420f-809c-3ecc509a574c" executionId="b8d512c4-91ed-4e73-9d9e-68cc2c1bdc7a" testListId="8c84fa94-04c1-424b-9868-57a2d4851a1d" />
    <TestEntry testId="bcec5d0e-dbeb-4d91-87d1-7aa61b398ada" executionId="90f1077b-67da-4049-ab13-54755c957e9c" testListId="8c84fa94-04c1-424b-9868-57a2d4851a1d" />
    <TestEntry testId="0477aa26-4167-4ea5-9019-be051d26a2a0" executionId="0076e8fd-c450-4218-ba2b-9274bc76755e" testListId="8c84fa94-04c1-424b-9868-57a2d4851a1d" />
    <TestEntry testId="ed87f447-3ffc-4ce8-91dc-ba91456db744" executionId="bdab658c-17c7-4681-b90e-776d2df5ba0d" testListId="8c84fa94-04c1-424b-9868-57a2d4851a1d" />
    <TestEntry testId="291c4b5e-b78c-41e1-ae84-7890f41268ff" executionId="cbe6369f-edcc-46df-b653-fb3032c9cfe0" testListId="8c84fa94-04c1-424b-9868-57a2d4851a1d" />
    <TestEntry testId="d7a737f8-6fb6-46c0-b4c0-caafa92e1bd7" executionId="79cb9a28-cbcd-437a-a419-54dbdb0ef497" testListId="8c84fa94-04c1-424b-9868-57a2d4851a1d" />
    <TestEntry testId="19615e69-1302-4b32-b6ce-9f27393abdc1" executionId="435cdb9b-f6d5-48aa-a4cc-4129a2178e3f" testListId="8c84fa94-04c1-424b-9868-57a2d4851a1d" />
    <TestEntry testId="7c1fdf61-74a1-4a61-bfa6-112bfb6056f6" executionId="30d1b174-7488-4fce-855a-6a514080318b" testListId="8c84fa94-04c1-424b-9868-57a2d4851a1d" />
    <TestEntry testId="b39b02d1-4d64-40e4-932e-821feb3dc3ba" executionId="8b4e465f-7fa6-4973-b839-a4c904ec71c1" testListId="8c84fa94-04c1-424b-9868-57a2d4851a1d" />
    <TestEntry testId="9ded3bf6-3950-40fd-b043-70a2387a51dc" executionId="cb390a51-2412-4d34-b43d-671395b0fca6" testListId="8c84fa94-04c1-424b-9868-57a2d4851a1d" />
    <TestEntry testId="c0ed08de-bc3c-4884-a7f5-53bf2f815911" executionId="d5459e2b-312f-433c-a65c-5140343bf71e" testListId="8c84fa94-04c1-424b-9868-57a2d4851a1d" />
    <TestEntry testId="9aea9390-2f0e-431a-8829-2fc54d07663e" executionId="2555cd5c-44f9-4843-91b7-883c2c6f23c1" testListId="8c84fa94-04c1-424b-9868-57a2d4851a1d" />
    <TestEntry testId="66c82926-4f8a-46a5-bfa0-f4f440420c36" executionId="6a8184e7-4d90-4ad6-a8d4-dc738a606dcc" testListId="8c84fa94-04c1-424b-9868-57a2d4851a1d" />
    <TestEntry testId="41ca398c-56bb-4142-a92f-6eef61827ed3" executionId="1caf6d46-e9d4-4f30-a094-9d6999695129" testListId="8c84fa94-04c1-424b-9868-57a2d4851a1d" />
    <TestEntry testId="d498d154-018b-4943-8512-2ef2c67c5212" executionId="2078aed1-07d2-41a0-9b9a-f6436656560a" testListId="8c84fa94-04c1-424b-9868-57a2d4851a1d" />
    <TestEntry testId="05173bd0-4878-44d7-971e-59600b131273" executionId="cf9be98f-af10-4b36-8c00-d110072e1222" testListId="8c84fa94-04c1-424b-9868-57a2d4851a1d" />
    <TestEntry testId="dc936bbb-0a67-4bde-809e-55088c0afb46" executionId="7676c143-dd5d-4c92-9c69-22ba1b7fe56e" testListId="8c84fa94-04c1-424b-9868-57a2d4851a1d" />
    <TestEntry testId="95d72d7f-8781-4ac0-8f7d-0d49ec7cd03a" executionId="5023c863-fd8a-433b-a6b5-e06a83b0d2ff" testListId="8c84fa94-04c1-424b-9868-57a2d4851a1d" />
    <TestEntry testId="51d89889-75ef-404d-a73d-7e57e97500c7" executionId="f2ffdb03-3c65-47e0-b48b-bb4c9e592596" testListId="8c84fa94-04c1-424b-9868-57a2d4851a1d" />
    <TestEntry testId="3cc49a33-94ee-46bb-be82-d9565765ec00" executionId="c184a3ec-b44d-46ee-8929-aa3a56655f9b" testListId="8c84fa94-04c1-424b-9868-57a2d4851a1d" />
    <TestEntry testId="8a98da07-08a6-4e54-bf3f-f779cbd75409" executionId="b6980acf-ecc2-4cd0-bc83-e58e0c7ca5b9" testListId="8c84fa94-04c1-424b-9868-57a2d4851a1d" />
    <TestEntry testId="04275662-31f3-48f8-a40d-753cf77d08dd" executionId="01b8f971-cc15-400a-ba28-6faa7cf715d0" testListId="8c84fa94-04c1-424b-9868-57a2d4851a1d" />
    <TestEntry testId="58e7522f-8948-4501-a32b-c66b71b4e022" executionId="55968f98-8c61-4d57-8d21-38b8722abfe2" testListId="8c84fa94-04c1-424b-9868-57a2d4851a1d" />
    <TestEntry testId="2f499dcb-1a5c-4f54-8976-8e2aca06c1cf" executionId="02c3b424-8075-43b1-aff0-a560042fb8a9" testListId="8c84fa94-04c1-424b-9868-57a2d4851a1d" />
    <TestEntry testId="987f5044-911a-43cd-a6ac-267938728057" executionId="04ae2077-7f85-4116-af8e-b7c00a531d88" testListId="8c84fa94-04c1-424b-9868-57a2d4851a1d" />
    <TestEntry testId="9dffaa95-d1ad-4345-9d93-c8e2eb0d10f2" executionId="e838fea3-4cb9-487e-943b-bfeb9ec7194c" testListId="8c84fa94-04c1-424b-9868-57a2d4851a1d" />
    <TestEntry testId="fb076580-f3ae-4da4-bbb6-83a1c1773921" executionId="ce78d854-3e4c-4b1e-ab78-e810bc879ae7" testListId="8c84fa94-04c1-424b-9868-57a2d4851a1d" />
    <TestEntry testId="a52a53bf-614c-4fa8-8eac-149d9de10b73" executionId="40d2ab64-3ed8-4eff-8491-120bb026d0b6" testListId="8c84fa94-04c1-424b-9868-57a2d4851a1d" />
    <TestEntry testId="a2d55eb6-a0e7-4915-8fe1-3ffc10a13d34" executionId="276f2bad-882c-4bde-a06b-cd1208c3e668" testListId="8c84fa94-04c1-424b-9868-57a2d4851a1d" />
    <TestEntry testId="21ced913-1d42-4e1e-86fd-628637e230f5" executionId="c9bd889c-a8f4-4529-9076-05c35557a30c" testListId="8c84fa94-04c1-424b-9868-57a2d4851a1d" />
    <TestEntry testId="014aceae-f4c9-4821-9031-1b01c0de3a6f" executionId="bd2a3df4-119a-4ae5-8d92-56317829114a" testListId="8c84fa94-04c1-424b-9868-57a2d4851a1d" />
    <TestEntry testId="978342b8-7d3e-4493-b42a-324573b4d4c9" executionId="739789ea-6998-44c4-aba2-671f375a5727" testListId="8c84fa94-04c1-424b-9868-57a2d4851a1d" />
    <TestEntry testId="403af0dc-cf6c-4fd7-989f-2f997b510e65" executionId="008a0b7d-733d-4764-b60e-fa86bc36affc" testListId="8c84fa94-04c1-424b-9868-57a2d4851a1d" />
    <TestEntry testId="df1e7b02-978f-4b13-89a8-654f1d95275a" executionId="fd0a70f6-a25d-4735-b785-654f4bb5ee9b" testListId="8c84fa94-04c1-424b-9868-57a2d4851a1d" />
    <TestEntry testId="bbdd22c2-a384-4dd9-be67-5a7db3804e9a" executionId="0d866748-0af6-4564-9b8e-c06fdcf8bde4" testListId="8c84fa94-04c1-424b-9868-57a2d4851a1d" />
    <TestEntry testId="1bf8c670-855a-41ac-b60f-5de55fcffefd" executionId="3f93379c-9e58-450f-8be7-600e7cbaa48c" testListId="8c84fa94-04c1-424b-9868-57a2d4851a1d" />
    <TestEntry testId="8683736a-0b23-4f9c-92bf-fca1ba29b95c" executionId="fe22c17e-3a96-48bb-8c55-1368c36833d5" testListId="8c84fa94-04c1-424b-9868-57a2d4851a1d" />
    <TestEntry testId="bc5c4173-112c-4a4d-b058-208f2b10aef3" executionId="3dcf6206-5bc7-4aed-adcc-c210eb08c70d" testListId="8c84fa94-04c1-424b-9868-57a2d4851a1d" />
    <TestEntry testId="66d79fc3-d672-4669-9dbc-fd9aba2c3ef2" executionId="f79d7d36-f09b-418e-baa1-e34512c64628" testListId="8c84fa94-04c1-424b-9868-57a2d4851a1d" />
    <TestEntry testId="4d9bf30f-a551-4f43-8ca0-024dc6f7a67d" executionId="6c87c28f-2a73-4134-9431-bf90039f700e" testListId="8c84fa94-04c1-424b-9868-57a2d4851a1d" />
    <TestEntry testId="186d8bd6-de21-4287-8bd0-99b311493daa" executionId="103a1607-a83d-4746-ae98-e7b475b9eb54" testListId="8c84fa94-04c1-424b-9868-57a2d4851a1d" />
    <TestEntry testId="d8d11de9-ae0a-4a84-a480-a4fa6a7d9cae" executionId="d4c36793-c36d-454b-904f-22b5db7be04b" testListId="8c84fa94-04c1-424b-9868-57a2d4851a1d" />
    <TestEntry testId="5d6d21ea-ca6c-4461-87e5-4766d3b9dfb6" executionId="e4717ed8-9cfe-437e-b959-6ef45afa511c" testListId="8c84fa94-04c1-424b-9868-57a2d4851a1d" />
    <TestEntry testId="5fee87bc-b8cf-46b0-9d39-42824f126168" executionId="38d51bd4-e323-42f7-8da2-7945369138d9" testListId="8c84fa94-04c1-424b-9868-57a2d4851a1d" />
    <TestEntry testId="312f3328-aaae-4ecb-b5e3-abea16431406" executionId="3a6dd30b-8684-4e04-8968-a0ee60fdb914" testListId="8c84fa94-04c1-424b-9868-57a2d4851a1d" />
    <TestEntry testId="202c63a3-6473-4b16-bd89-7229b9c8f5f9" executionId="418c55ee-ea2d-4bfb-99e7-f149e0f9b561" testListId="8c84fa94-04c1-424b-9868-57a2d4851a1d" />
    <TestEntry testId="4e850c87-c41a-4d60-860b-6db5df402a05" executionId="65666ebe-ada7-492d-b1ce-6ffd8f31be5c" testListId="8c84fa94-04c1-424b-9868-57a2d4851a1d" />
    <TestEntry testId="2076f724-8de8-40b3-92a0-20733dea5652" executionId="12451c2b-3def-4c03-b561-92f51677abcc" testListId="8c84fa94-04c1-424b-9868-57a2d4851a1d" />
    <TestEntry testId="d3030bc6-d58f-4a5c-bead-3164750c1543" executionId="2cd9cfef-aae1-4c17-8fb9-b4129cb6f064" testListId="8c84fa94-04c1-424b-9868-57a2d4851a1d" />
    <TestEntry testId="75e6ef12-10aa-4ed9-a946-bd2fb08bda46" executionId="f034244e-62e8-4666-a95b-a3192672334c" testListId="8c84fa94-04c1-424b-9868-57a2d4851a1d" />
    <TestEntry testId="14445004-e53d-4df8-be95-81c3ce8f7e08" executionId="a7e84112-4401-45f2-8ca6-748e11bbcaf7" testListId="8c84fa94-04c1-424b-9868-57a2d4851a1d" />
    <TestEntry testId="a149836a-7468-45a9-9527-d9d7d37e6160" executionId="dda6b2b3-a67b-424a-a65a-c3815a9061b7" testListId="8c84fa94-04c1-424b-9868-57a2d4851a1d" />
    <TestEntry testId="20637ef9-9df9-4bb8-ba49-19c0f9099a7d" executionId="2f572303-54d8-44df-9bb8-850ff1c90c6b" testListId="8c84fa94-04c1-424b-9868-57a2d4851a1d" />
    <TestEntry testId="d78160f1-5da6-4e3d-a7d7-4dd3e45a85b8" executionId="5cc76361-d91e-42eb-8826-3ea03db3c67a" testListId="8c84fa94-04c1-424b-9868-57a2d4851a1d" />
    <TestEntry testId="0b1e2ed9-db09-4378-954d-132e58450d48" executionId="8d6b865d-c4e4-48dd-a660-be960b717497" testListId="8c84fa94-04c1-424b-9868-57a2d4851a1d" />
    <TestEntry testId="2b2b5f3f-b4a3-48f2-8305-b5efc375f204" executionId="273621c8-c524-4155-aa75-33fda83f16df" testListId="8c84fa94-04c1-424b-9868-57a2d4851a1d" />
    <TestEntry testId="7c1cf04a-8831-41c9-ab82-742125a0952a" executionId="37b3a8db-c1a4-4f51-9266-63967054d875" testListId="8c84fa94-04c1-424b-9868-57a2d4851a1d" />
    <TestEntry testId="354ca80b-414d-492c-a408-4630ab93beee" executionId="7d148a82-b94c-4434-947b-cae31346a5bb" testListId="8c84fa94-04c1-424b-9868-57a2d4851a1d" />
    <TestEntry testId="5b672aba-e7bf-46cf-906f-3ca2ec15e9c6" executionId="deb81f0d-420c-4ede-9986-914c142c35ca" testListId="8c84fa94-04c1-424b-9868-57a2d4851a1d" />
    <TestEntry testId="db9c75c2-b034-43ec-bfe3-de41326535de" executionId="5bd5a3be-67ba-46e0-b4d9-d3e97d3fe5b7" testListId="8c84fa94-04c1-424b-9868-57a2d4851a1d" />
    <TestEntry testId="247bc942-bdf7-45b2-bfad-6281114e5876" executionId="8a299cfc-5ebd-4c19-b6ce-ce72230b7bce" testListId="8c84fa94-04c1-424b-9868-57a2d4851a1d" />
    <TestEntry testId="1d9fd834-be51-4eb3-9b65-5a0cfc623d00" executionId="bf7d1465-2ad2-4cb7-bdb7-72778df6f847" testListId="8c84fa94-04c1-424b-9868-57a2d4851a1d" />
    <TestEntry testId="e71a2729-da1c-4590-98ac-85f2b90be909" executionId="1e2a8df4-228e-4299-b3c6-f11255994d7d" testListId="8c84fa94-04c1-424b-9868-57a2d4851a1d" />
    <TestEntry testId="bfefddf6-cd57-406c-8fad-e310eede800e" executionId="a67f2d29-91fc-4f24-a29a-b6b0271acda3" testListId="8c84fa94-04c1-424b-9868-57a2d4851a1d" />
    <TestEntry testId="d66eeadf-428d-4a16-933f-a30e20304f41" executionId="eab5564f-283a-43c2-b44b-71f581080aec" testListId="8c84fa94-04c1-424b-9868-57a2d4851a1d" />
    <TestEntry testId="50935427-ef2e-4e3d-b6cc-8fad7405cdd2" executionId="b338c1a7-ac52-45b3-aa62-02d93dd83887" testListId="8c84fa94-04c1-424b-9868-57a2d4851a1d" />
    <TestEntry testId="a4b5ea54-7152-4485-a2ac-866e0558ded4" executionId="24e69c4d-15eb-4f6a-88b0-53bbeb228c04" testListId="8c84fa94-04c1-424b-9868-57a2d4851a1d" />
    <TestEntry testId="f61d43cd-c636-45ea-894b-c16a56cdd802" executionId="bf5b126a-0017-4831-9f3b-45524f016a62" testListId="8c84fa94-04c1-424b-9868-57a2d4851a1d" />
    <TestEntry testId="b687cf2b-8577-4cad-9366-0f36fad22a1f" executionId="09545dd4-1722-403e-a8ec-6cc15c84b0ef" testListId="8c84fa94-04c1-424b-9868-57a2d4851a1d" />
    <TestEntry testId="95f2baea-8bbf-4bde-ae90-ebd0ffdd1992" executionId="936941f1-4600-4085-96d2-25a4b6b1bab3" testListId="8c84fa94-04c1-424b-9868-57a2d4851a1d" />
    <TestEntry testId="1f29c418-3587-4a35-b993-d436ee381c09" executionId="4681469f-eea6-449a-b7d2-a4999678458b" testListId="8c84fa94-04c1-424b-9868-57a2d4851a1d" />
    <TestEntry testId="df46ea4b-6688-4ecf-ae81-8b7d20c0f105" executionId="1dc80f47-d7d4-4d7d-a39f-a7435f64e9f1" testListId="8c84fa94-04c1-424b-9868-57a2d4851a1d" />
    <TestEntry testId="a1e4cc6e-1b5a-4b53-b23d-468085da3720" executionId="bf9289d9-c679-476a-9afa-fdab3b6cf4d4" testListId="8c84fa94-04c1-424b-9868-57a2d4851a1d" />
    <TestEntry testId="648e8393-a6d1-488f-adf4-7319e2dca756" executionId="41faac12-da75-4e51-b4f2-7e79335b6a03" testListId="8c84fa94-04c1-424b-9868-57a2d4851a1d" />
    <TestEntry testId="6d5a7331-6d18-45b2-8a2f-97bf093f3a0f" executionId="02174e1c-9883-4efe-a72b-92dde1a42390" testListId="8c84fa94-04c1-424b-9868-57a2d4851a1d" />
    <TestEntry testId="a4ae9481-68cf-43b0-ba98-9ed78e3fa4d5" executionId="731bb597-680a-4204-9699-3a934c387645" testListId="8c84fa94-04c1-424b-9868-57a2d4851a1d" />
    <TestEntry testId="1da84b60-0fb5-4f88-afe3-ff1516101397" executionId="2b60a8c5-9dd2-4354-8da5-bcb85532669d" testListId="8c84fa94-04c1-424b-9868-57a2d4851a1d" />
    <TestEntry testId="fb9b1bb5-6147-4de3-b9fd-d1bc322eda58" executionId="6c57d71e-a8ed-402a-8252-cea6871c1791" testListId="8c84fa94-04c1-424b-9868-57a2d4851a1d" />
    <TestEntry testId="2dfe090b-7f5d-4b87-93f5-f2546724a70e" executionId="25307544-1161-4a48-aed4-cc449cff4a79" testListId="8c84fa94-04c1-424b-9868-57a2d4851a1d" />
    <TestEntry testId="e902fb98-5a57-4926-8efc-80ea20c3e339" executionId="4d758494-4ca8-4cb8-9f7f-9159dba476e6" testListId="8c84fa94-04c1-424b-9868-57a2d4851a1d" />
    <TestEntry testId="9dfda686-80db-4792-add4-b5d03bbf8d3b" executionId="3e6bc292-0af8-483e-b6ea-bdb83b6b3661" testListId="8c84fa94-04c1-424b-9868-57a2d4851a1d" />
    <TestEntry testId="5d185915-ab39-4600-b09d-7653b1ea6747" executionId="56d8beb4-8bc8-4af0-b1b9-2a765364759a" testListId="8c84fa94-04c1-424b-9868-57a2d4851a1d" />
    <TestEntry testId="257de555-52a1-4fb6-ade1-0f58cdb990ff" executionId="0a1e2168-b444-4d4b-a160-021c3b53d994" testListId="8c84fa94-04c1-424b-9868-57a2d4851a1d" />
    <TestEntry testId="47beb8df-764a-47f9-a475-c57696d1976e" executionId="854fdf1d-29aa-4280-9c9e-c88ef25283ca" testListId="8c84fa94-04c1-424b-9868-57a2d4851a1d" />
    <TestEntry testId="08ef955c-04d6-4e13-8c77-5776d4074c1e" executionId="5a74efec-f1c7-431d-8151-3ffacef3c173" testListId="8c84fa94-04c1-424b-9868-57a2d4851a1d" />
    <TestEntry testId="63259d18-5402-4b7a-bf1d-77959cce56d5" executionId="83c4d459-48f1-4a0f-8205-f2413e95a8c5" testListId="8c84fa94-04c1-424b-9868-57a2d4851a1d" />
    <TestEntry testId="fdbf19d7-0a6b-4616-9e81-492fd76e4949" executionId="d2eb0720-8fbc-47fd-98cf-95d95b0dab23" testListId="8c84fa94-04c1-424b-9868-57a2d4851a1d" />
    <TestEntry testId="01bfcb6d-a6e8-42fd-821d-c30eb7420b95" executionId="f39caf31-4905-4f3a-a52e-4ed8682d0ace" testListId="8c84fa94-04c1-424b-9868-57a2d4851a1d" />
    <TestEntry testId="585b5ee1-2b45-49d6-94fc-be4af9929594" executionId="3388fd56-eddb-4623-8907-31f9d2d08cef" testListId="8c84fa94-04c1-424b-9868-57a2d4851a1d" />
    <TestEntry testId="cdf325e3-1ce2-4405-8373-8a35cb8abfd3" executionId="4e7717db-a77a-434f-97bc-293e0e60a87f" testListId="8c84fa94-04c1-424b-9868-57a2d4851a1d" />
    <TestEntry testId="eea7d274-1892-47ad-ad94-723aa14cbff5" executionId="da731db1-85c7-4696-b8d9-7a42920dcc64" testListId="8c84fa94-04c1-424b-9868-57a2d4851a1d" />
    <TestEntry testId="9448d5d3-1c88-46fe-9b66-78ba0973101c" executionId="3d1dcd22-1de4-47b9-8ebd-881a2050b9b4" testListId="8c84fa94-04c1-424b-9868-57a2d4851a1d" />
    <TestEntry testId="a98908a7-171e-41c5-a85b-734f6f132b45" executionId="0ba369f9-eb6c-435f-b6ce-9562e279a9bc" testListId="8c84fa94-04c1-424b-9868-57a2d4851a1d" />
    <TestEntry testId="6cfe2abd-b170-4c26-9da6-d947b9b3dc83" executionId="eea6adec-cb0b-4163-8df2-ca27162752d9" testListId="8c84fa94-04c1-424b-9868-57a2d4851a1d" />
    <TestEntry testId="dc8bdb50-fc0c-4b57-9e2b-5f326025e072" executionId="02381df2-7e35-496b-b47f-ef13030a3708" testListId="8c84fa94-04c1-424b-9868-57a2d4851a1d" />
    <TestEntry testId="2611d0e5-c260-4b9e-bdf5-e6c7d113ecc5" executionId="21c0d8cd-eb28-4123-893e-7c34b546c8f0" testListId="8c84fa94-04c1-424b-9868-57a2d4851a1d" />
    <TestEntry testId="e7a9aa68-57a1-4b81-afe0-952a301003c8" executionId="5e26ac56-1968-455f-83eb-2741e72fc801" testListId="8c84fa94-04c1-424b-9868-57a2d4851a1d" />
    <TestEntry testId="466260e7-c0e0-4641-86bd-40c7afcfd18e" executionId="48819165-3cfd-4b93-af97-d6ac208de2e8" testListId="8c84fa94-04c1-424b-9868-57a2d4851a1d" />
    <TestEntry testId="829f18a8-7daf-4837-8958-5a4eb77154b3" executionId="bb87deb1-fbff-4882-a36d-0e0c84a9cb4b" testListId="8c84fa94-04c1-424b-9868-57a2d4851a1d" />
    <TestEntry testId="41741b61-8950-43d0-8acd-4c98c45ccddf" executionId="d5f6c5b4-5416-4a75-9c03-81d21fc582e8" testListId="8c84fa94-04c1-424b-9868-57a2d4851a1d" />
    <TestEntry testId="d361627c-46d7-4ab3-b89c-e7ee8ea18d10" executionId="dac1b6b6-7f4c-4db9-a40c-de5eb4ac8add" testListId="8c84fa94-04c1-424b-9868-57a2d4851a1d" />
    <TestEntry testId="f916f343-8b26-43e7-a446-cdcf0ef90a79" executionId="f75535ef-db99-4484-95cd-5d35f724d847" testListId="8c84fa94-04c1-424b-9868-57a2d4851a1d" />
    <TestEntry testId="55e088e9-1291-431f-8061-9a8b980a656f" executionId="1a6b79e2-88ae-4ee5-94ce-326e08a9d830" testListId="8c84fa94-04c1-424b-9868-57a2d4851a1d" />
    <TestEntry testId="b1f8a142-3548-420b-a22f-cee2f2b4e16d" executionId="1756d8f3-9419-4f72-afcb-b21d749cdea4" testListId="8c84fa94-04c1-424b-9868-57a2d4851a1d" />
    <TestEntry testId="1f9c67c1-ee93-4ee1-8a09-d3a1dfe5696f" executionId="168cf80a-8f24-4393-bd0b-3e4655c32ed9" testListId="8c84fa94-04c1-424b-9868-57a2d4851a1d" />
    <TestEntry testId="9fe00fce-beda-4e94-856d-6e156a465828" executionId="a4ac8745-435e-452e-9d86-ffb4dc841dc6" testListId="8c84fa94-04c1-424b-9868-57a2d4851a1d" />
    <TestEntry testId="e15c8dfc-d47a-4cdf-9ec4-b078dca42618" executionId="1f8c35c6-380f-4a28-a74d-d9975a9a0454" testListId="8c84fa94-04c1-424b-9868-57a2d4851a1d" />
    <TestEntry testId="99c01d59-fefa-438f-9623-0c99c9e7488c" executionId="1dcfc7b0-81c2-4de0-85b7-2ab0e1e6e46e" testListId="8c84fa94-04c1-424b-9868-57a2d4851a1d" />
    <TestEntry testId="b1061ca0-c991-4da2-8eef-8dd3d619e647" executionId="0810d21c-f813-4368-82a8-6b7a6bc027e4" testListId="8c84fa94-04c1-424b-9868-57a2d4851a1d" />
    <TestEntry testId="6e9dd271-1d50-48de-8ac6-4da0ba78da89" executionId="0fd4dd33-a2fa-4cff-928a-637242da2899" testListId="8c84fa94-04c1-424b-9868-57a2d4851a1d" />
    <TestEntry testId="06c77959-49e7-4fca-a881-1a1f0eea3865" executionId="380b3f25-baa9-4234-9027-0c96276dd58a" testListId="8c84fa94-04c1-424b-9868-57a2d4851a1d" />
    <TestEntry testId="4ed5dff5-15bd-4a99-988e-02052de3e9bc" executionId="56637f6d-6c47-43b0-af18-a0d1628d13f0" testListId="8c84fa94-04c1-424b-9868-57a2d4851a1d" />
    <TestEntry testId="ecf5418e-a557-4bcd-9df0-7f2c8110fa8b" executionId="a6c7ff70-b528-4cae-99be-2d3bae43006f" testListId="8c84fa94-04c1-424b-9868-57a2d4851a1d" />
    <TestEntry testId="0d29cfb7-d7a2-4073-812f-972d2a55c955" executionId="725082a3-e7ea-4712-ae7e-6bfbe9b1dd22" testListId="8c84fa94-04c1-424b-9868-57a2d4851a1d" />
    <TestEntry testId="d3f97af1-3dcd-41c9-9fad-d9a99c5ad843" executionId="1d7d1e7c-27a6-4f26-accf-181671e591ac" testListId="8c84fa94-04c1-424b-9868-57a2d4851a1d" />
    <TestEntry testId="e7ebc8ff-7741-4c55-b73f-98c419a9cbec" executionId="d1fc8a18-7544-459f-bf0e-8a03882fbf84" testListId="8c84fa94-04c1-424b-9868-57a2d4851a1d" />
    <TestEntry testId="a5eeeb56-8bb6-4283-a6f9-9b010a191f80" executionId="92b13c8f-00fd-45f9-b2aa-24b1d14034d6" testListId="8c84fa94-04c1-424b-9868-57a2d4851a1d" />
    <TestEntry testId="c3627e68-a43a-44e4-815a-58b416f6334e" executionId="595801ff-9e20-484e-ba20-3f71caa4546f" testListId="8c84fa94-04c1-424b-9868-57a2d4851a1d" />
    <TestEntry testId="e42429df-ea16-4ca3-99d3-ecf15d942b07" executionId="aae97ef6-f74b-4203-9dc4-6b2788b7fcbc" testListId="8c84fa94-04c1-424b-9868-57a2d4851a1d" />
    <TestEntry testId="17875293-8923-4589-b420-6279bfdc7745" executionId="eeffabe6-48ca-4c4a-a91e-6ed2f306b7bb" testListId="8c84fa94-04c1-424b-9868-57a2d4851a1d" />
    <TestEntry testId="357e1fc7-3d21-4b13-9485-cfd7a48fe9b9" executionId="269d89be-aa53-46d2-99e9-af847d9ca5b1" testListId="8c84fa94-04c1-424b-9868-57a2d4851a1d" />
    <TestEntry testId="5bc70216-b731-44a4-a181-596127d12ab1" executionId="ad577343-c62a-48be-91d4-a7f41fe92e13" testListId="8c84fa94-04c1-424b-9868-57a2d4851a1d" />
    <TestEntry testId="2a1b8993-a06b-427a-9811-5b04b8418c82" executionId="5ce2b90c-0e3d-4310-ae61-c78febd4a0a6" testListId="8c84fa94-04c1-424b-9868-57a2d4851a1d" />
    <TestEntry testId="1ae5de73-ffa2-4313-a31e-4831bd91c72a" executionId="0fba2a08-0d6f-4c9f-bae5-b3d203995b7a" testListId="8c84fa94-04c1-424b-9868-57a2d4851a1d" />
    <TestEntry testId="183a53ed-bf4b-4416-9f6c-1ce644a1a3dd" executionId="57d5eb36-2e37-4a64-80f2-12a0e305f307" testListId="8c84fa94-04c1-424b-9868-57a2d4851a1d" />
    <TestEntry testId="cce6d798-5b9e-4db8-a68a-a364dcce6cba" executionId="175b882e-b706-471e-9649-7b1edc5f4a83" testListId="8c84fa94-04c1-424b-9868-57a2d4851a1d" />
    <TestEntry testId="2b660855-cd35-434a-b04f-9b08aadb64f7" executionId="446a130a-de2e-40d8-80ca-d9d0ad545b0a" testListId="8c84fa94-04c1-424b-9868-57a2d4851a1d" />
    <TestEntry testId="860f39af-9832-40d1-867c-e7d6a52240d5" executionId="a560b43b-39ff-41e6-963d-eab7ad1fc6a1" testListId="8c84fa94-04c1-424b-9868-57a2d4851a1d" />
    <TestEntry testId="764de168-941d-4f06-826c-1af8b6726c3d" executionId="b3047c52-65f4-48b2-b6b9-c6f15ddad6ab" testListId="8c84fa94-04c1-424b-9868-57a2d4851a1d" />
    <TestEntry testId="6e0e6900-5b05-4aae-8a04-17eb71af226c" executionId="da92d8af-ba97-4ada-b617-88b577b0db10" testListId="8c84fa94-04c1-424b-9868-57a2d4851a1d" />
    <TestEntry testId="942f50d6-08a0-42f1-b698-b0cbfed4c17e" executionId="96863817-eb8e-4e0a-b5ed-a19e8e20870b" testListId="8c84fa94-04c1-424b-9868-57a2d4851a1d" />
    <TestEntry testId="9e19f1fc-ab34-4d59-8bed-effd4b42b3f5" executionId="bd796776-a511-48d3-927a-19e632c9995d" testListId="8c84fa94-04c1-424b-9868-57a2d4851a1d" />
    <TestEntry testId="bc6f5c59-2d29-4a58-86de-cf0d0df97e03" executionId="2b197e2d-0ba5-4295-ad72-906e2aa8ed86" testListId="8c84fa94-04c1-424b-9868-57a2d4851a1d" />
    <TestEntry testId="d3a9de98-45c4-4614-8f6a-61244be350ea" executionId="e45107e0-435e-4d1d-acac-dd828149ea22" testListId="8c84fa94-04c1-424b-9868-57a2d4851a1d" />
    <TestEntry testId="519504b1-4408-4009-ab17-76351c12cd34" executionId="2ce6590a-f6e6-4140-9c56-de645bd2ef23" testListId="8c84fa94-04c1-424b-9868-57a2d4851a1d" />
    <TestEntry testId="eb5a8279-6964-459e-8b96-8d0db23c8bab" executionId="f7f9d95d-1663-4b27-98e6-e498d628ac9c" testListId="8c84fa94-04c1-424b-9868-57a2d4851a1d" />
    <TestEntry testId="a542d19b-4345-4f60-8d32-20a3d32b8016" executionId="daf93013-7fad-4a47-ab1f-e4c9e05e654a" testListId="8c84fa94-04c1-424b-9868-57a2d4851a1d" />
    <TestEntry testId="39e1c83e-0b09-446c-83ca-880860dbb0c0" executionId="6050e55f-59f8-4347-90e5-8715fd3ac48c" testListId="8c84fa94-04c1-424b-9868-57a2d4851a1d" />
    <TestEntry testId="1307b092-3f8a-4662-bb09-fea30b7186db" executionId="4b7f43e4-920f-490d-880e-2e8ea0d7cbb1" testListId="8c84fa94-04c1-424b-9868-57a2d4851a1d" />
    <TestEntry testId="c31927ed-76f2-4f48-b1d6-87cf8004ba80" executionId="72f1c365-d2bd-4155-9a45-fbb5dd900436" testListId="8c84fa94-04c1-424b-9868-57a2d4851a1d" />
    <TestEntry testId="8c511cc3-bceb-45ee-8551-bc8167a0438f" executionId="7a673c1f-ad4e-4321-a497-38974b2c77f2" testListId="8c84fa94-04c1-424b-9868-57a2d4851a1d" />
    <TestEntry testId="40abec62-30b3-4c66-847e-4a8cf36b97c9" executionId="e182b97a-87ed-40ac-b681-19722c956f5b" testListId="8c84fa94-04c1-424b-9868-57a2d4851a1d" />
    <TestEntry testId="aa0308d2-eb69-4340-8eaf-7bab7ffc4532" executionId="2c5652d6-6fad-4e54-9eee-afafbbf036f6" testListId="8c84fa94-04c1-424b-9868-57a2d4851a1d" />
    <TestEntry testId="57405539-b24b-448c-bffe-4507f81f2558" executionId="8860863d-e904-423d-bf97-8e6486dca96c" testListId="8c84fa94-04c1-424b-9868-57a2d4851a1d" />
    <TestEntry testId="2a8de387-1db4-443f-8560-6c5038ec5081" executionId="b9555832-bda1-48d5-8056-8fe52d842abe" testListId="8c84fa94-04c1-424b-9868-57a2d4851a1d" />
    <TestEntry testId="5e9f3455-a828-4f23-81d1-72e259b25c43" executionId="f7ac0860-686c-4d22-b523-e17ae78f84f6" testListId="8c84fa94-04c1-424b-9868-57a2d4851a1d" />
    <TestEntry testId="584a3dcb-bd76-4678-8f1f-28cb556db45a" executionId="f8e78404-2637-454e-af31-df3831b8b1cd" testListId="8c84fa94-04c1-424b-9868-57a2d4851a1d" />
    <TestEntry testId="daff2426-a709-400c-abd6-51d9ad8d41e8" executionId="1124ded7-ef98-427f-94ff-8fbbb309c813" testListId="8c84fa94-04c1-424b-9868-57a2d4851a1d" />
    <TestEntry testId="8b20d756-7710-4829-822d-dbd2dbd13066" executionId="5cf67eea-0a08-4af7-9f83-d0e126f75b93" testListId="8c84fa94-04c1-424b-9868-57a2d4851a1d" />
    <TestEntry testId="9092d4ef-9cf0-4a6c-994c-d8e66dc01782" executionId="6fceec36-ac31-43c5-800b-14eea7147901" testListId="8c84fa94-04c1-424b-9868-57a2d4851a1d" />
    <TestEntry testId="d76f6e3e-cd71-43cd-aa5f-d56342e69a8f" executionId="60579a7e-1507-4889-b353-518b0c418a2c" testListId="8c84fa94-04c1-424b-9868-57a2d4851a1d" />
    <TestEntry testId="b4a27b5f-6820-44b1-a2a2-59bbe3bd843a" executionId="98a2ed4d-8833-4df5-a9df-f49b95fc8842" testListId="8c84fa94-04c1-424b-9868-57a2d4851a1d" />
    <TestEntry testId="07b4c2c8-e370-48ef-9e2c-a151d1e89790" executionId="e3af26e7-f52f-4e36-a008-366306646363" testListId="8c84fa94-04c1-424b-9868-57a2d4851a1d" />
    <TestEntry testId="0e2503a8-025a-425f-90d5-ec4a35a81d89" executionId="6bda7493-5869-4e1b-9dc6-55fc74b9e9e0" testListId="8c84fa94-04c1-424b-9868-57a2d4851a1d" />
    <TestEntry testId="102b1747-f3aa-4ae0-affc-641afaf5d45c" executionId="f67f116b-33ec-4ba8-846a-39ed5b365481" testListId="8c84fa94-04c1-424b-9868-57a2d4851a1d" />
    <TestEntry testId="76c47212-3cd0-4ffa-837f-d400440c72d9" executionId="e890bd4f-e910-42ea-b805-2446c003f785" testListId="8c84fa94-04c1-424b-9868-57a2d4851a1d" />
    <TestEntry testId="1fbae925-ce1b-4d52-a675-f7c76eca9416" executionId="133c7843-3829-4009-bd57-1d626befe26b" testListId="8c84fa94-04c1-424b-9868-57a2d4851a1d" />
    <TestEntry testId="a418fb1c-fda1-4a05-85ab-de18d9bde6ec" executionId="1822df2d-7c5e-4f2c-9946-271a894c540d" testListId="8c84fa94-04c1-424b-9868-57a2d4851a1d" />
    <TestEntry testId="1d17fb3e-51cf-4fc0-8e07-576e040ab321" executionId="1902306e-6c7b-4fce-a70e-095649ff73af" testListId="8c84fa94-04c1-424b-9868-57a2d4851a1d" />
    <TestEntry testId="77c196c6-1884-4ed2-a1eb-f065f665b378" executionId="a2c6cc2b-c9fe-4f4a-bfdd-96e16b4fea4c" testListId="8c84fa94-04c1-424b-9868-57a2d4851a1d" />
    <TestEntry testId="bd0ae762-64c8-4353-974a-6d148682f084" executionId="81281eca-05a4-48b4-a46b-9458b7fa1f7e" testListId="8c84fa94-04c1-424b-9868-57a2d4851a1d" />
    <TestEntry testId="2abd9cc1-dc96-4b6f-8115-794ba8b3810c" executionId="c6d61d63-2183-4a67-9736-fd2141a3aff2" testListId="8c84fa94-04c1-424b-9868-57a2d4851a1d" />
    <TestEntry testId="29037cb1-3b84-47e2-84cc-287cc85ede8a" executionId="c71381d5-e4c3-4a11-bcff-253b7b0a5fbc" testListId="8c84fa94-04c1-424b-9868-57a2d4851a1d" />
    <TestEntry testId="6a3842d8-105e-45dc-9475-bddf0c3a7897" executionId="879218c1-b2ca-4d55-ab60-c880cc54b419" testListId="8c84fa94-04c1-424b-9868-57a2d4851a1d" />
    <TestEntry testId="cec69b7b-2946-4b56-a15b-2c878f2f8d5e" executionId="b61f113e-135b-4d74-b118-951c82c6fb36" testListId="8c84fa94-04c1-424b-9868-57a2d4851a1d" />
    <TestEntry testId="86cc06c1-291d-4c2f-b4d1-319867c294cd" executionId="a4533776-2804-4d95-b29e-16c6377154d1" testListId="8c84fa94-04c1-424b-9868-57a2d4851a1d" />
    <TestEntry testId="07a08e8c-3009-41d6-ad87-81799bc86b04" executionId="78089bcf-1615-4353-9666-86ee1d81b1d7" testListId="8c84fa94-04c1-424b-9868-57a2d4851a1d" />
    <TestEntry testId="59ab91de-8775-47b1-bda1-b1deb969d9bc" executionId="00a6cc24-c772-4eb9-9b52-f48bcfb4537a" testListId="8c84fa94-04c1-424b-9868-57a2d4851a1d" />
    <TestEntry testId="cbfda49d-063d-436b-b2ba-2f1e8e98c27e" executionId="d1d05a54-431b-4170-82a9-a5fd71fc8641" testListId="8c84fa94-04c1-424b-9868-57a2d4851a1d" />
    <TestEntry testId="87ca59b4-3fc9-4409-a9ff-2d9e7cefd500" executionId="011326cd-3bba-4131-9fee-9b14eced45a3" testListId="8c84fa94-04c1-424b-9868-57a2d4851a1d" />
    <TestEntry testId="0d33ab82-a7fe-4fbe-98d8-135bbf4eb4f8" executionId="d5567217-7927-4d0f-a1c4-2def42cd1468" testListId="8c84fa94-04c1-424b-9868-57a2d4851a1d" />
    <TestEntry testId="96609384-8b76-4eec-8661-16664cc174b0" executionId="ce7c3ad1-985f-46fc-bc7f-e1620745af28" testListId="8c84fa94-04c1-424b-9868-57a2d4851a1d" />
    <TestEntry testId="79178cf2-bb7b-432c-9758-853a0ce9e639" executionId="0a717e33-d6eb-4bdc-83fe-4bb51e036a9f" testListId="8c84fa94-04c1-424b-9868-57a2d4851a1d" />
    <TestEntry testId="ad02e253-ba42-4132-9f1f-79d433df3666" executionId="9a2177ba-1f43-46b0-825e-13acf5a6795d" testListId="8c84fa94-04c1-424b-9868-57a2d4851a1d" />
    <TestEntry testId="b6f63470-f368-4c1e-a204-8859e33f9682" executionId="0014776b-58a6-4de7-925b-d9f73f2463f5" testListId="8c84fa94-04c1-424b-9868-57a2d4851a1d" />
    <TestEntry testId="5c7b99ea-6aa6-4337-9af7-700be5a1e41b" executionId="453dc4fc-7268-48d5-a11f-814a316a881c" testListId="8c84fa94-04c1-424b-9868-57a2d4851a1d" />
    <TestEntry testId="124e378b-a3e7-41cd-adac-2ffd544428e2" executionId="d4048622-3ca8-4e93-b625-92d64b82c557" testListId="8c84fa94-04c1-424b-9868-57a2d4851a1d" />
    <TestEntry testId="2c224682-7f99-4a93-95a1-e4b097d2b8f3" executionId="7d3e7001-aebc-4004-82e7-428e540ecac9" testListId="8c84fa94-04c1-424b-9868-57a2d4851a1d" />
    <TestEntry testId="d1f2bf45-77f1-4508-b30c-5d82ad09c2b7" executionId="e6465abc-5be6-4d1b-b6f0-484d8e3d1d56" testListId="8c84fa94-04c1-424b-9868-57a2d4851a1d" />
    <TestEntry testId="d82e01ce-1705-4f57-9a2c-a684342355c2" executionId="bbee842e-ea2b-4abd-8940-aefb66bb7b95" testListId="8c84fa94-04c1-424b-9868-57a2d4851a1d" />
    <TestEntry testId="2f083bbe-24fc-4852-8052-95d67ad21f07" executionId="30c7d438-4a63-4627-8fd1-03acdb19edcc" testListId="8c84fa94-04c1-424b-9868-57a2d4851a1d" />
    <TestEntry testId="0a667d63-ff78-4607-ac7b-0f64185f8e2e" executionId="b8448c35-9db9-4c56-8cf2-5f21a4a5d98c" testListId="8c84fa94-04c1-424b-9868-57a2d4851a1d" />
    <TestEntry testId="4dd891b5-bf40-4a52-a7e5-40416ecbe241" executionId="dbd9e77e-9762-4c06-a5fb-2cdb834ac80d" testListId="8c84fa94-04c1-424b-9868-57a2d4851a1d" />
    <TestEntry testId="7a20ed2a-2b83-46a7-8190-262fc815f80d" executionId="cd51db14-67bd-4eff-8d6f-dadd4662a23e" testListId="8c84fa94-04c1-424b-9868-57a2d4851a1d" />
    <TestEntry testId="61dbbdc1-aab6-46aa-8a99-95a1d52607b4" executionId="7ff6f708-1e0f-4da2-9f8a-44026cd4d7f7" testListId="8c84fa94-04c1-424b-9868-57a2d4851a1d" />
    <TestEntry testId="0c24368d-8c74-4517-a8ac-840ce871e070" executionId="30b05416-d326-48be-9653-2a09132836d4" testListId="8c84fa94-04c1-424b-9868-57a2d4851a1d" />
    <TestEntry testId="33166c83-da34-4963-80bf-93d654328eab" executionId="9d8ae59d-ae7a-42d0-a626-b7af6a56679f" testListId="8c84fa94-04c1-424b-9868-57a2d4851a1d" />
    <TestEntry testId="3b40debc-4a7f-4896-aa64-27d04107156d" executionId="34178d17-2c36-4fd0-aa2b-dc3309286f45" testListId="8c84fa94-04c1-424b-9868-57a2d4851a1d" />
    <TestEntry testId="5dcd74ca-a81d-4d4c-be57-d2a1082dabb5" executionId="709ff216-b270-4a5a-af33-11090b70177a" testListId="8c84fa94-04c1-424b-9868-57a2d4851a1d" />
    <TestEntry testId="3d792722-de5b-4863-9707-923fed1c45df" executionId="b2ab0bcc-61eb-46f5-a15a-df4dbb7dd8ff" testListId="8c84fa94-04c1-424b-9868-57a2d4851a1d" />
    <TestEntry testId="5012b2f1-0ddf-4f08-8e25-94026ba7d62c" executionId="6b8981e7-d7fe-4b2c-bed4-84aa08b6b6c5" testListId="8c84fa94-04c1-424b-9868-57a2d4851a1d" />
    <TestEntry testId="b4e6c1cb-fad8-43ba-b1e7-3823854359fb" executionId="b1f5b166-04a9-4b25-82aa-b81ec9baf6dd" testListId="8c84fa94-04c1-424b-9868-57a2d4851a1d" />
    <TestEntry testId="990475b5-9d2c-44d4-8b11-08c1c1fd2436" executionId="6db269e5-3dc9-40ca-8811-285f3fa21ec9" testListId="8c84fa94-04c1-424b-9868-57a2d4851a1d" />
    <TestEntry testId="feea0124-d284-4f46-8b24-3e82bcd02319" executionId="cc94034e-98c1-4069-b1a0-bf5f5a15f2d2" testListId="8c84fa94-04c1-424b-9868-57a2d4851a1d" />
    <TestEntry testId="7b3e8685-9f03-43bd-b90a-dacea355e24e" executionId="0ce0c5ba-f5d2-4e49-aae2-a7ee4ef71c88" testListId="8c84fa94-04c1-424b-9868-57a2d4851a1d" />
    <TestEntry testId="59ff43fa-58cc-4a9b-96bb-64e852c58b74" executionId="c4c90402-8296-4465-b76f-5fa3dc7f1281" testListId="8c84fa94-04c1-424b-9868-57a2d4851a1d" />
    <TestEntry testId="daca779c-3d35-48e9-a2dd-880af7e19e00" executionId="4f142d1d-73ad-4709-ad6e-7e6266c0f27a" testListId="8c84fa94-04c1-424b-9868-57a2d4851a1d" />
    <TestEntry testId="a2d4476e-4ca7-4f50-ad93-1cb092940660" executionId="9266316c-32c6-4e3b-892e-30ee9cb37f74" testListId="8c84fa94-04c1-424b-9868-57a2d4851a1d" />
    <TestEntry testId="b50efee6-e9a1-4d80-b0cc-68a475918274" executionId="a26ba627-fdff-43ae-b5bc-5f875955a452" testListId="8c84fa94-04c1-424b-9868-57a2d4851a1d" />
    <TestEntry testId="0253e404-7c41-4b83-92e8-abe9501bbefb" executionId="8627dcfa-be23-47d8-9be3-8e4af6c518cf" testListId="8c84fa94-04c1-424b-9868-57a2d4851a1d" />
    <TestEntry testId="520d0e68-bb98-4353-bbff-932cfc1e8e48" executionId="8d76d0ca-5efb-445e-88a5-52513ee35e3e" testListId="8c84fa94-04c1-424b-9868-57a2d4851a1d" />
    <TestEntry testId="749adb72-c242-4ee5-88d1-dae155683969" executionId="ed96a9c5-0d60-4d13-ba1d-2e5777455f16" testListId="8c84fa94-04c1-424b-9868-57a2d4851a1d" />
    <TestEntry testId="b1d7df8d-397f-4e98-bd8f-822c855b7ca5" executionId="f9b05b13-e614-4af1-9d44-1567a7ae97df" testListId="8c84fa94-04c1-424b-9868-57a2d4851a1d" />
    <TestEntry testId="66f7d284-d809-4f9f-a31a-a8c54768a39d" executionId="11a666a9-79f2-4df5-943d-305cd5a180c4" testListId="8c84fa94-04c1-424b-9868-57a2d4851a1d" />
    <TestEntry testId="4e3ddb56-2e58-4d8f-a282-0c35c3900b81" executionId="e6128d88-f9db-474e-a450-4a1248603581" testListId="8c84fa94-04c1-424b-9868-57a2d4851a1d" />
    <TestEntry testId="a9f3737c-4ad9-4d8e-b71d-1f95482d0dc1" executionId="35edd63c-e725-4f9f-9a86-e38cc9fee51c" testListId="8c84fa94-04c1-424b-9868-57a2d4851a1d" />
    <TestEntry testId="3c1723f7-e57d-4c75-9f31-cea94af5859e" executionId="004bf79d-9f81-4d2b-afd2-f3b1f905ff46" testListId="8c84fa94-04c1-424b-9868-57a2d4851a1d" />
    <TestEntry testId="79e23f94-6ed9-4e41-9335-ef41b72a6054" executionId="90bee8bb-5aa0-4ece-93bf-fdbebfc6916f" testListId="8c84fa94-04c1-424b-9868-57a2d4851a1d" />
    <TestEntry testId="85e41ec9-82e7-4635-943a-0c5c24ccefd6" executionId="75ec10e8-e135-4399-92a9-315faca16f10" testListId="8c84fa94-04c1-424b-9868-57a2d4851a1d" />
    <TestEntry testId="5716644a-c573-4d01-be2f-d71c2e352b17" executionId="7a29243b-f483-43c0-b695-51ff7bfc43be" testListId="8c84fa94-04c1-424b-9868-57a2d4851a1d" />
    <TestEntry testId="39e8da9a-9ab9-47cd-bd3f-1a97bea65f6c" executionId="42f99df7-122c-4885-b0d5-59ef667a22f0" testListId="8c84fa94-04c1-424b-9868-57a2d4851a1d" />
    <TestEntry testId="8c68274a-6c56-4a4a-9437-75406a2ff4e5" executionId="7ef32246-3bc9-498d-b906-71174ded46b8" testListId="8c84fa94-04c1-424b-9868-57a2d4851a1d" />
    <TestEntry testId="83c1a45d-e003-42b5-9c29-a7a33fd4d193" executionId="e64278c3-d39f-4004-bd41-15ad4c30c720" testListId="8c84fa94-04c1-424b-9868-57a2d4851a1d" />
    <TestEntry testId="e1f4fe2f-f331-49ea-8176-7b3cf4556b7b" executionId="3f6ba2d1-9d0e-45e7-b0f5-4a6e1610ef2a" testListId="8c84fa94-04c1-424b-9868-57a2d4851a1d" />
    <TestEntry testId="b7430257-ea34-4cdb-bda7-24ebb1bac25e" executionId="0e37a4b2-a020-48f9-b2ac-d6abaec273b2" testListId="8c84fa94-04c1-424b-9868-57a2d4851a1d" />
    <TestEntry testId="d5fe3090-a68c-4751-8603-6ac914ab8593" executionId="f63b50ce-4008-4e05-b1e1-f2335d394dd3" testListId="8c84fa94-04c1-424b-9868-57a2d4851a1d" />
    <TestEntry testId="4edf6ab9-1873-4af7-be57-d3a0dfcb2f07" executionId="7802f6e9-7050-4e4d-9b24-b0e7969b3ca1" testListId="8c84fa94-04c1-424b-9868-57a2d4851a1d" />
    <TestEntry testId="e6746a94-1abe-40a6-9a0f-400c78895f70" executionId="a51734ea-ec95-47c7-af00-26369a41c559" testListId="8c84fa94-04c1-424b-9868-57a2d4851a1d" />
    <TestEntry testId="ac0b9c73-8b35-4bb5-98f4-fadbedc771dc" executionId="a1def294-5cd8-4815-ad35-05e9cb0a9363" testListId="8c84fa94-04c1-424b-9868-57a2d4851a1d" />
    <TestEntry testId="3cadac21-2212-4e94-ad3e-671f0510d775" executionId="7a29d51c-bac2-4453-9c30-737618f18e23" testListId="8c84fa94-04c1-424b-9868-57a2d4851a1d" />
    <TestEntry testId="f0072207-5114-4c32-8a46-70fd3a768552" executionId="f07ce556-5732-4c31-b65c-851c8e39fb2f" testListId="8c84fa94-04c1-424b-9868-57a2d4851a1d" />
    <TestEntry testId="983ed155-0439-4464-8276-814d6a1255e9" executionId="0d03bf85-7ea3-4499-b7b4-984b2ad021d4" testListId="8c84fa94-04c1-424b-9868-57a2d4851a1d" />
    <TestEntry testId="d2403191-2100-4569-8c57-cea61b68fb0d" executionId="1f662052-3cfa-4274-8575-0270523e06a5" testListId="8c84fa94-04c1-424b-9868-57a2d4851a1d" />
    <TestEntry testId="fd0cfb32-8c6a-4211-a64f-8fc9bdce0f46" executionId="2f0a6346-9b65-457c-8719-9908afd0ce64" testListId="8c84fa94-04c1-424b-9868-57a2d4851a1d" />
    <TestEntry testId="bdbac197-33d0-4ad1-9da3-bbfa90a752a0" executionId="dea99a39-617c-4e9f-8ec9-c350ff2ee87f" testListId="8c84fa94-04c1-424b-9868-57a2d4851a1d" />
    <TestEntry testId="77576368-7853-47cb-b454-0eea58845be8" executionId="d127da1e-7794-4173-a854-e1c9e6d78443" testListId="8c84fa94-04c1-424b-9868-57a2d4851a1d" />
    <TestEntry testId="0dffc3da-0567-4c32-83b1-e9c5b5be6b27" executionId="0612586c-0a02-458c-84ca-2b80298a7f3d" testListId="8c84fa94-04c1-424b-9868-57a2d4851a1d" />
    <TestEntry testId="8327aafe-abf7-4120-8737-bc77b95eeb90" executionId="654216b7-2374-4914-b6ee-82112aa49600" testListId="8c84fa94-04c1-424b-9868-57a2d4851a1d" />
    <TestEntry testId="3daf8ab0-c878-4f55-844d-9cdc40f9ec00" executionId="455795bb-66aa-45d6-94ea-259439bf99ca" testListId="8c84fa94-04c1-424b-9868-57a2d4851a1d" />
    <TestEntry testId="966ee532-d79c-4d15-871b-10013f959fd0" executionId="b6f761b3-8c12-4f39-a689-136c43d4ae13" testListId="8c84fa94-04c1-424b-9868-57a2d4851a1d" />
    <TestEntry testId="c6a7aa3b-038a-4a15-b4a5-2e56d30463e0" executionId="b825f1f2-fc56-4d9b-8025-05160d531659" testListId="8c84fa94-04c1-424b-9868-57a2d4851a1d" />
    <TestEntry testId="1e995159-755b-4878-a9ba-31b2b4a7f170" executionId="2304a395-809d-41c3-a941-df690ab4fc4f" testListId="8c84fa94-04c1-424b-9868-57a2d4851a1d" />
    <TestEntry testId="00fcbcf3-530f-421f-8a31-426c055a1072" executionId="8753442a-8126-45b7-bfd6-a715dbc8306c" testListId="8c84fa94-04c1-424b-9868-57a2d4851a1d" />
    <TestEntry testId="6f1ccb64-dbf0-455c-89e5-079c3cbb8503" executionId="68d877e0-5188-4b70-a8d8-3047ac25b5cd" testListId="8c84fa94-04c1-424b-9868-57a2d4851a1d" />
    <TestEntry testId="361c4a8f-a2f1-49a1-8619-87c21f83ffe5" executionId="41a053a1-e9a2-459f-a915-03e300e6a0c4" testListId="8c84fa94-04c1-424b-9868-57a2d4851a1d" />
    <TestEntry testId="294812bf-cd3e-491d-a01f-ee22feb7717d" executionId="47a98c98-8daa-42b7-969e-60397c620a44" testListId="8c84fa94-04c1-424b-9868-57a2d4851a1d" />
    <TestEntry testId="aff47457-b589-4e55-9dbc-d6b1af6cd088" executionId="acf9d9d5-909a-4674-90a2-d4f9458eb35d" testListId="8c84fa94-04c1-424b-9868-57a2d4851a1d" />
    <TestEntry testId="7080d777-e515-40bd-9afa-2e9b0de87c7d" executionId="58f9720b-9102-437b-a9ce-6d9fe9cf1565" testListId="8c84fa94-04c1-424b-9868-57a2d4851a1d" />
    <TestEntry testId="46cc98b9-394b-4dba-8556-2e81d0846c35" executionId="24af2745-c4df-4460-9ade-a314c4097ef6" testListId="8c84fa94-04c1-424b-9868-57a2d4851a1d" />
    <TestEntry testId="69727864-5583-4814-b3c8-da36e639c1f5" executionId="188a007d-d1bf-43b1-b3cf-07ac35960096" testListId="8c84fa94-04c1-424b-9868-57a2d4851a1d" />
    <TestEntry testId="99fcace9-e542-4efb-b86b-9f415e9e96ba" executionId="3278f545-a238-4505-a40e-348f10b5ef20" testListId="8c84fa94-04c1-424b-9868-57a2d4851a1d" />
    <TestEntry testId="a46a9d34-cb01-4083-b7fd-440e5a70af53" executionId="8e09d031-ab8f-4556-8f79-e83ce8f68a91" testListId="8c84fa94-04c1-424b-9868-57a2d4851a1d" />
    <TestEntry testId="16010a3a-6ed5-4abd-ac8a-1b4f8a305a05" executionId="82e70b9f-20f7-4844-893b-c351fe02a398" testListId="8c84fa94-04c1-424b-9868-57a2d4851a1d" />
    <TestEntry testId="ba03da3a-5392-4f88-b95a-1d1683f1dc88" executionId="c56e7939-4347-41f2-9772-1c4c32e0d0e9" testListId="8c84fa94-04c1-424b-9868-57a2d4851a1d" />
    <TestEntry testId="f1bedcc3-c2ce-42f0-817a-7286d00b97c9" executionId="59386866-22d1-49f1-8e73-30fb6aad96b3" testListId="8c84fa94-04c1-424b-9868-57a2d4851a1d" />
    <TestEntry testId="4f3d2786-3dd6-47e7-8e9f-acebcf216425" executionId="36dd2e61-1f79-4590-9b30-fc5b6bd9b918" testListId="8c84fa94-04c1-424b-9868-57a2d4851a1d" />
    <TestEntry testId="09644c89-25d6-4174-8986-07d911c82283" executionId="efa00617-b0a5-4808-b07b-b8a80765c557" testListId="8c84fa94-04c1-424b-9868-57a2d4851a1d" />
    <TestEntry testId="58fa39cd-d1cd-47d3-8993-519a155a7be3" executionId="b9ce68c6-db55-424d-b8c6-d7572ed2ebc6" testListId="8c84fa94-04c1-424b-9868-57a2d4851a1d" />
    <TestEntry testId="93c49823-9ad5-43e6-a6a8-a5bac63c67a9" executionId="eb7b3f2b-1df8-47b8-8957-c67f3a87985a" testListId="8c84fa94-04c1-424b-9868-57a2d4851a1d" />
    <TestEntry testId="30364d54-5c75-4dee-9485-0c18dace2282" executionId="dcc6092c-fa42-4562-be31-3d05c5a16906" testListId="8c84fa94-04c1-424b-9868-57a2d4851a1d" />
    <TestEntry testId="659c0cbe-6442-4264-97e7-5265b85fc21c" executionId="c6d8976d-1cc5-48d5-8abd-390e58473a3a" testListId="8c84fa94-04c1-424b-9868-57a2d4851a1d" />
    <TestEntry testId="6a90dc74-9389-4c01-b39f-c0a970dc5401" executionId="fbf35075-ec50-4cb5-acba-8345d62d1d97" testListId="8c84fa94-04c1-424b-9868-57a2d4851a1d" />
    <TestEntry testId="b48f3a66-7cbb-4ec9-8bcd-4c3cb54363c2" executionId="327f015e-a3a2-4e48-bbba-769573064aad" testListId="8c84fa94-04c1-424b-9868-57a2d4851a1d" />
    <TestEntry testId="7b86112c-b5d8-4687-a5bc-5f851137320c" executionId="d6d1db11-48a8-41b5-82e4-a932948f0615" testListId="8c84fa94-04c1-424b-9868-57a2d4851a1d" />
    <TestEntry testId="a3070f6d-b37a-428b-88ef-eeb4445b39a2" executionId="3ddf77c5-7a86-47a3-9adf-c4b050e2b7ba" testListId="8c84fa94-04c1-424b-9868-57a2d4851a1d" />
    <TestEntry testId="697ee837-2e6b-4601-94b7-233d8648a536" executionId="c5437884-0946-44b7-bad2-e2bea30191a4" testListId="8c84fa94-04c1-424b-9868-57a2d4851a1d" />
    <TestEntry testId="54dce0c9-c7b2-452e-b549-e35b5582f09c" executionId="73e0a15b-c4e6-403c-a77c-c371bada2c99" testListId="8c84fa94-04c1-424b-9868-57a2d4851a1d" />
    <TestEntry testId="10ffab7b-d9ab-4b9e-a710-da758e106bf1" executionId="74aecf77-a5df-4094-a3f0-64eae9539f07" testListId="8c84fa94-04c1-424b-9868-57a2d4851a1d" />
    <TestEntry testId="4b25a2ee-cf8f-4859-9535-5e0491c7fbe2" executionId="6e7e89cb-7ee1-4eb5-a037-089c03cfe8a4" testListId="8c84fa94-04c1-424b-9868-57a2d4851a1d" />
    <TestEntry testId="5a507e79-4e1d-4bf8-a7be-a99fb5d813b2" executionId="7a584194-dbaa-4e54-a73d-67f82616e517" testListId="8c84fa94-04c1-424b-9868-57a2d4851a1d" />
    <TestEntry testId="089d6899-6705-4e15-b270-0d238be9fe56" executionId="527cd9e5-9ab4-43ab-bb81-a9d2f63103be" testListId="8c84fa94-04c1-424b-9868-57a2d4851a1d" />
    <TestEntry testId="a730e682-0f14-44fa-a790-4ed2d00fe3b1" executionId="22767a6f-ffe5-4eba-9c2f-011b838c23dd" testListId="8c84fa94-04c1-424b-9868-57a2d4851a1d" />
    <TestEntry testId="d0c61eab-73b2-4605-aa27-0e005eaf077e" executionId="c8f2aaa6-d2c6-4746-a724-5e2c86bfac47" testListId="8c84fa94-04c1-424b-9868-57a2d4851a1d" />
    <TestEntry testId="0623724b-0764-4cb7-aa4d-2997e5943d4e" executionId="e18a0a58-e351-4a2d-81da-ff3702f337a9" testListId="8c84fa94-04c1-424b-9868-57a2d4851a1d" />
    <TestEntry testId="f13c55c0-466a-46b0-b074-f9e57288d083" executionId="fa73190a-f8f0-4854-b5e4-727c664fd22e" testListId="8c84fa94-04c1-424b-9868-57a2d4851a1d" />
    <TestEntry testId="49e5230e-5308-40b9-a7a3-03a977b2f45f" executionId="e4f7607c-ea15-479c-8f6b-a0f4fdc26463" testListId="8c84fa94-04c1-424b-9868-57a2d4851a1d" />
    <TestEntry testId="38051980-ca1c-44db-a4a5-c06450ded6f8" executionId="3499ebbe-b732-4659-9256-6a2b6a681ee3" testListId="8c84fa94-04c1-424b-9868-57a2d4851a1d" />
    <TestEntry testId="22aa3e68-bb7d-4360-8402-1f7fee7d44d6" executionId="bc7d1cf5-91c5-4b4f-83d4-988845ddc0ba" testListId="8c84fa94-04c1-424b-9868-57a2d4851a1d" />
    <TestEntry testId="54f1da17-112d-4247-82cd-786e7d009780" executionId="32f51446-bc96-4304-9799-f7874ef069c0" testListId="8c84fa94-04c1-424b-9868-57a2d4851a1d" />
    <TestEntry testId="f0527624-cde6-4511-beec-99fce4dbcb73" executionId="97b36273-0ff1-412f-97e0-7e249f721fd8" testListId="8c84fa94-04c1-424b-9868-57a2d4851a1d" />
    <TestEntry testId="1b6571de-4d1d-40b1-999a-e3d1a49c7a5b" executionId="dba9826f-d71b-47e2-93ae-aea80f4b9319" testListId="8c84fa94-04c1-424b-9868-57a2d4851a1d" />
    <TestEntry testId="355a630b-8f86-432c-8cfb-3d2367cacf6e" executionId="6adeae8e-1e64-4f01-b0df-e358bf533439" testListId="8c84fa94-04c1-424b-9868-57a2d4851a1d" />
    <TestEntry testId="d2c0256f-2051-419a-b1e1-9b2004803bf8" executionId="b3068d0f-d758-4cc9-8071-5af40525a393" testListId="8c84fa94-04c1-424b-9868-57a2d4851a1d" />
    <TestEntry testId="539e3779-1a00-463f-8854-8dfe642dd074" executionId="c3a845cc-0f37-4924-8c7d-121313e7e6ab" testListId="8c84fa94-04c1-424b-9868-57a2d4851a1d" />
    <TestEntry testId="d657ff62-39e3-48cc-9708-9d75a29b83da" executionId="bd3bde2e-51e5-440b-afc8-cfac77ce9ef5" testListId="8c84fa94-04c1-424b-9868-57a2d4851a1d" />
    <TestEntry testId="a2815ad6-aac8-4d1a-8e1c-5d9dd1c26580" executionId="1c9d7814-8afe-4760-8a6d-1cc963be1e9b" testListId="8c84fa94-04c1-424b-9868-57a2d4851a1d" />
    <TestEntry testId="211e8e43-d30c-4ba6-b1f0-b2983f88696b" executionId="d8d593d0-3284-474a-80d9-6f136c62e690" testListId="8c84fa94-04c1-424b-9868-57a2d4851a1d" />
    <TestEntry testId="7796e2b6-08ae-40e4-a4c0-086e9475978c" executionId="54a85a53-2bc8-44a4-8e83-ea850eec95d7" testListId="8c84fa94-04c1-424b-9868-57a2d4851a1d" />
    <TestEntry testId="dcbe07a3-4b6b-4702-8ccb-4a2313eec6dd" executionId="4fdb06f9-9e0f-4b08-a216-50bae917deaf" testListId="8c84fa94-04c1-424b-9868-57a2d4851a1d" />
    <TestEntry testId="e7a46a84-21df-4e08-bc0d-c2feec764f7b" executionId="8d85ca98-c91a-4c65-9084-4754221c3841" testListId="8c84fa94-04c1-424b-9868-57a2d4851a1d" />
    <TestEntry testId="6cab3a86-c379-4c30-82b4-3bd8832510b7" executionId="5495f2dc-3d8f-4310-b562-2a4ca795b708" testListId="8c84fa94-04c1-424b-9868-57a2d4851a1d" />
    <TestEntry testId="81fbbb22-d370-4da1-895a-c4a3d7d0a154" executionId="091c0791-08e8-4eaf-9a11-4b6b292edb3d" testListId="8c84fa94-04c1-424b-9868-57a2d4851a1d" />
    <TestEntry testId="ca50524e-2f19-4851-ac45-33d61bf624d8" executionId="230a7555-1c52-4d5f-8c69-ba2d87a2af91" testListId="8c84fa94-04c1-424b-9868-57a2d4851a1d" />
    <TestEntry testId="638de37c-812f-4376-ab41-32f7a2aea198" executionId="14073afa-06ac-4e3d-a500-dc46e4e79f4b" testListId="8c84fa94-04c1-424b-9868-57a2d4851a1d" />
    <TestEntry testId="20d83be1-3b99-4afe-b676-a44fa5cc5622" executionId="273dc587-d59e-44b6-b5a2-f9f5d17a7d9d" testListId="8c84fa94-04c1-424b-9868-57a2d4851a1d" />
    <TestEntry testId="e2980adc-9be7-432c-be0f-e74ab211d40a" executionId="e81e170c-9b63-4cb2-8074-acfe6ebd9d32" testListId="8c84fa94-04c1-424b-9868-57a2d4851a1d" />
    <TestEntry testId="21cfdab7-c420-4199-9b3e-03d28440ca69" executionId="6f406b72-2a17-4e92-99a7-988f72996762" testListId="8c84fa94-04c1-424b-9868-57a2d4851a1d" />
    <TestEntry testId="277305c4-c890-4e37-966d-dd2f7b5ddb49" executionId="3d2fb121-4034-4f2d-a238-17a34019ff4a" testListId="8c84fa94-04c1-424b-9868-57a2d4851a1d" />
    <TestEntry testId="bd0c4e4e-9a53-4b68-97a6-43c5b17fb098" executionId="a149f42c-5e27-405c-b21a-770eaba33ba4" testListId="8c84fa94-04c1-424b-9868-57a2d4851a1d" />
    <TestEntry testId="9d34209e-1595-4592-95ff-eaa2d7038f9d" executionId="16d8977e-0095-49ce-84f0-f0c4540acc10" testListId="8c84fa94-04c1-424b-9868-57a2d4851a1d" />
    <TestEntry testId="085aa7e0-18a5-4669-909e-e8a8a53d4571" executionId="ec33ceb9-7dac-48be-86b2-34abf1c61985" testListId="8c84fa94-04c1-424b-9868-57a2d4851a1d" />
    <TestEntry testId="b06abd80-0c20-4e08-9457-865d8b680bce" executionId="4514eeb6-a806-4a07-b4c6-7058aa2d8b6a" testListId="8c84fa94-04c1-424b-9868-57a2d4851a1d" />
    <TestEntry testId="1c7efb42-93ed-40ad-bb36-fe26a9cc2118" executionId="f8a0de4a-fdd4-4939-a3c1-65646fad6b11" testListId="8c84fa94-04c1-424b-9868-57a2d4851a1d" />
    <TestEntry testId="09f6cd9c-cf21-460c-bcb1-c0ae8ca49c82" executionId="4ad28e75-776f-42f1-bb45-cf1c30839a77" testListId="8c84fa94-04c1-424b-9868-57a2d4851a1d" />
    <TestEntry testId="9da2a045-8056-4135-a59b-2194f74eb70c" executionId="11c4715c-e285-40f7-b71d-5e06f52f1c0c" testListId="8c84fa94-04c1-424b-9868-57a2d4851a1d" />
    <TestEntry testId="383e2b62-ebfa-444d-bcd9-2d30df72d4d8" executionId="3f63a40e-fb6e-4898-8216-a165a2cf4799" testListId="8c84fa94-04c1-424b-9868-57a2d4851a1d" />
    <TestEntry testId="91bd5cce-bb7a-4230-b8f7-72db0393314b" executionId="f15edc00-179c-45f4-b568-9b4e9fd9daa1" testListId="8c84fa94-04c1-424b-9868-57a2d4851a1d" />
    <TestEntry testId="120465c1-31ad-43d6-8f18-9a7216cc915e" executionId="5ae389f4-3435-4bf6-8c8f-2143631e2e66" testListId="8c84fa94-04c1-424b-9868-57a2d4851a1d" />
    <TestEntry testId="795906f5-d2e9-4f03-a9a9-e703dc9521ab" executionId="1be17919-be61-476d-b99f-a73e88456873" testListId="8c84fa94-04c1-424b-9868-57a2d4851a1d" />
    <TestEntry testId="bb8ca96e-a53c-46a7-a197-7a039fbeb6de" executionId="9a88cfae-e166-496e-a534-b0be1bbf8757" testListId="8c84fa94-04c1-424b-9868-57a2d4851a1d" />
    <TestEntry testId="f28aec3f-1e74-45bd-ae02-db66ba3eed8a" executionId="47f9d8f5-5388-4de2-be53-cea859ff2287" testListId="8c84fa94-04c1-424b-9868-57a2d4851a1d" />
    <TestEntry testId="49156276-18b1-4448-8f4c-2e6cc5833432" executionId="fab19c83-0860-4432-a95a-ec4e4c28f333" testListId="8c84fa94-04c1-424b-9868-57a2d4851a1d" />
    <TestEntry testId="068fdb33-0af0-4cfd-b9a0-2309ef034e9b" executionId="f2b05a35-803b-41c0-b7ca-a677b3dbb069" testListId="8c84fa94-04c1-424b-9868-57a2d4851a1d" />
    <TestEntry testId="56ff36b9-c7ef-4698-b4d7-79a85f9a588a" executionId="efb8ba40-ffbc-449d-9760-f1a81763636d" testListId="8c84fa94-04c1-424b-9868-57a2d4851a1d" />
    <TestEntry testId="d3d72f2a-6e74-4a16-b592-f0ebd375d5c9" executionId="b8a46679-8bad-4812-ab0b-02bcbcbe09ea" testListId="8c84fa94-04c1-424b-9868-57a2d4851a1d" />
    <TestEntry testId="c6b908a7-735b-4dea-98ab-ff0cbd837e2c" executionId="3b7e1545-802d-40c3-8a52-a91fcd6b52b1" testListId="8c84fa94-04c1-424b-9868-57a2d4851a1d" />
    <TestEntry testId="e9a03791-0fcd-43a5-a4a7-124e2a9bfc44" executionId="d3837963-1594-4bf8-a46a-62bf3be762b3" testListId="8c84fa94-04c1-424b-9868-57a2d4851a1d" />
    <TestEntry testId="636f62ca-983b-454a-9a98-edb5587267db" executionId="aa18be68-1093-4562-a04d-ef607eb4c6ba" testListId="8c84fa94-04c1-424b-9868-57a2d4851a1d" />
    <TestEntry testId="e2d7c79d-a117-4528-a3dd-08dbfb52dde5" executionId="c9597806-e19e-44dd-ab96-21fbfc0a7f6c" testListId="8c84fa94-04c1-424b-9868-57a2d4851a1d" />
    <TestEntry testId="17e1f408-4a4b-427f-aed7-c86868203d81" executionId="80f8f2f3-67ae-480d-914d-94d23e3e3a6d" testListId="8c84fa94-04c1-424b-9868-57a2d4851a1d" />
    <TestEntry testId="6597b36d-4598-4d80-a533-475da8d7a1bf" executionId="5c563de4-845a-4340-969f-2565e240ddef" testListId="8c84fa94-04c1-424b-9868-57a2d4851a1d" />
    <TestEntry testId="4c02df38-497b-4ad0-be29-aff0e4805c05" executionId="8e00c9a7-aaad-42e9-81db-f253ad0c3d2b" testListId="8c84fa94-04c1-424b-9868-57a2d4851a1d" />
    <TestEntry testId="039adf6d-4814-425a-a1e9-7e5e1f885b6a" executionId="b9b4a45a-2ba7-48ba-b0d6-d013cb3b35af" testListId="8c84fa94-04c1-424b-9868-57a2d4851a1d" />
    <TestEntry testId="aa512779-3aaa-477e-8d7a-cdf99821abf3" executionId="d1e5ff98-ff02-4efc-885c-7fcbcf107519" testListId="8c84fa94-04c1-424b-9868-57a2d4851a1d" />
    <TestEntry testId="91342888-e58f-44d1-9f18-dcfd15719aa2" executionId="f6c5b4c3-cd5d-4b75-97f2-493b2da8bda5" testListId="8c84fa94-04c1-424b-9868-57a2d4851a1d" />
    <TestEntry testId="e8159eb1-ff3a-4709-a9b8-d023bebac386" executionId="5573584c-3d2c-438f-8cf2-2345fa7e2b92" testListId="8c84fa94-04c1-424b-9868-57a2d4851a1d" />
    <TestEntry testId="7e27cf37-c009-4073-8650-e3b67c8e7776" executionId="d185cbfe-119d-4c93-bb9d-daaf17469a3e" testListId="8c84fa94-04c1-424b-9868-57a2d4851a1d" />
    <TestEntry testId="d23cbe92-8461-4ed1-a75f-661b4c68d477" executionId="ed3feb61-d794-4276-a25d-f139374ca821" testListId="8c84fa94-04c1-424b-9868-57a2d4851a1d" />
    <TestEntry testId="f16f6cf5-3e6b-405e-bf73-6840d286d13a" executionId="c416326a-f032-4905-96be-50391e73ddf3" testListId="8c84fa94-04c1-424b-9868-57a2d4851a1d" />
    <TestEntry testId="55f92949-5f84-4297-b9b5-aadb0a7481d8" executionId="65aa0089-fb12-423c-bf48-b23930310ac9" testListId="8c84fa94-04c1-424b-9868-57a2d4851a1d" />
    <TestEntry testId="4f21117c-85a1-4eb1-82d4-8ab4d4f9b525" executionId="e181236f-2fd2-441b-bd80-46cec1350896" testListId="8c84fa94-04c1-424b-9868-57a2d4851a1d" />
    <TestEntry testId="cbf242e6-ca02-4066-9663-767590207ffe" executionId="565bc73d-6540-4ca4-8779-beb6f2453c02" testListId="8c84fa94-04c1-424b-9868-57a2d4851a1d" />
    <TestEntry testId="5499013d-5a24-4c64-b0b5-b559eb73d74c" executionId="89cd2c38-651d-41c2-bb3f-d7e76c32aeda" testListId="8c84fa94-04c1-424b-9868-57a2d4851a1d" />
    <TestEntry testId="06f23fc8-04de-429c-a28d-d1f961512b78" executionId="55f37805-93b6-4b8a-90d5-84237324b62a" testListId="8c84fa94-04c1-424b-9868-57a2d4851a1d" />
    <TestEntry testId="89578746-2e33-4eec-b03c-60152e76c94b" executionId="b2c0c063-27b1-40ed-9059-906ce7b64ac4" testListId="8c84fa94-04c1-424b-9868-57a2d4851a1d" />
    <TestEntry testId="1911f1f6-e3f9-46c7-91d3-cecf0685fd9d" executionId="4db557fc-092e-4298-a0be-656c1883e2d6" testListId="8c84fa94-04c1-424b-9868-57a2d4851a1d" />
    <TestEntry testId="7c48cadf-935b-4b31-b381-8e3bf4ed05d9" executionId="fe02f7c8-2a10-468b-87b0-23e08b28a3d1" testListId="8c84fa94-04c1-424b-9868-57a2d4851a1d" />
    <TestEntry testId="76f14a27-511d-4620-a68d-6edd709ff4bb" executionId="dc6ffc87-30f8-42ca-b235-6c8bb8fbc324" testListId="8c84fa94-04c1-424b-9868-57a2d4851a1d" />
    <TestEntry testId="8eadde78-f8a0-43e8-a801-48ae6464cb17" executionId="d8befd8a-c1f6-4e61-b44e-2291bd2447fc" testListId="8c84fa94-04c1-424b-9868-57a2d4851a1d" />
    <TestEntry testId="ee6d24d2-1382-42e7-9944-e60e593d5d87" executionId="139b7e1e-e415-4cb8-9b56-1f9ebd4f79cf" testListId="8c84fa94-04c1-424b-9868-57a2d4851a1d" />
    <TestEntry testId="2170699f-45ea-4e32-b513-62b6a6f81aed" executionId="2e83b2da-0500-4f4d-82b8-583eff1131f1" testListId="8c84fa94-04c1-424b-9868-57a2d4851a1d" />
    <TestEntry testId="41b8ae5e-99e8-4d51-9675-f7fc157bc215" executionId="2955835d-7c22-4fe3-b6a9-1879b278c57f" testListId="8c84fa94-04c1-424b-9868-57a2d4851a1d" />
    <TestEntry testId="7d9632a1-ca0d-4266-9c2d-848f7f15c9ad" executionId="50c5ea23-b3b1-4359-ad17-4bf428ea73d2" testListId="8c84fa94-04c1-424b-9868-57a2d4851a1d" />
    <TestEntry testId="f475e013-b1e1-44ec-b82d-deb08b685cac" executionId="dc8c34ef-f768-4dba-bbc7-4fa19e7ec901" testListId="8c84fa94-04c1-424b-9868-57a2d4851a1d" />
    <TestEntry testId="d184ef5e-ef8d-4735-96ec-11140c8a00f2" executionId="91479792-b1ae-427b-82ba-5de16d37daba" testListId="8c84fa94-04c1-424b-9868-57a2d4851a1d" />
    <TestEntry testId="490865c7-d0f5-49fc-b718-e19e7341bb2b" executionId="adbf13ac-6d7d-45fb-a7f8-cbf5abbec300" testListId="8c84fa94-04c1-424b-9868-57a2d4851a1d" />
    <TestEntry testId="355aa7d6-6c8d-42e2-947b-5097b20aac0d" executionId="e9b4b539-1d5e-45b3-997b-7e30072dd63f" testListId="8c84fa94-04c1-424b-9868-57a2d4851a1d" />
    <TestEntry testId="c41d25f8-241b-4202-a36f-ac6e5e4a0c15" executionId="ce5ba719-c128-49e3-b7d2-df778ac77ac6" testListId="8c84fa94-04c1-424b-9868-57a2d4851a1d" />
    <TestEntry testId="26a58b54-6d58-4ef5-a61a-bfdd2522e2ef" executionId="2816a216-365b-4927-af16-872fe9f5c355" testListId="8c84fa94-04c1-424b-9868-57a2d4851a1d" />
    <TestEntry testId="5d25d88e-cdf1-4017-9c3e-b402482b81f8" executionId="dc7cbddc-95b0-4957-b401-e63d276ffce3" testListId="8c84fa94-04c1-424b-9868-57a2d4851a1d" />
    <TestEntry testId="9b8e922d-3846-431f-88de-aa76787f821d" executionId="c57086e9-8777-4db2-aa2a-fe30295dec86" testListId="8c84fa94-04c1-424b-9868-57a2d4851a1d" />
    <TestEntry testId="b5e9c566-e92e-44ac-8039-a6e809c0601b" executionId="57dee2f7-5b64-46a0-b332-2428d7ad6842" testListId="8c84fa94-04c1-424b-9868-57a2d4851a1d" />
    <TestEntry testId="c357649a-00e8-469b-9bdd-f95ec98e303e" executionId="547e5edb-7df8-4337-87ee-5bbe11aa0283" testListId="8c84fa94-04c1-424b-9868-57a2d4851a1d" />
    <TestEntry testId="52578d67-a582-4168-a3b1-ff09d8583a6e" executionId="6558e133-5922-46a3-849d-4cce6a587da3" testListId="8c84fa94-04c1-424b-9868-57a2d4851a1d" />
    <TestEntry testId="0ae686ee-74e3-4cb9-aea7-de23e1546e20" executionId="b74ca60e-be5c-40e2-a3ae-db27a66789ce" testListId="8c84fa94-04c1-424b-9868-57a2d4851a1d" />
    <TestEntry testId="c997933f-d445-44b8-889c-a814b8150ff4" executionId="31458295-b5ab-459e-82bf-c7e7184ba47c" testListId="8c84fa94-04c1-424b-9868-57a2d4851a1d" />
    <TestEntry testId="969125a4-5400-4ab7-91c4-8726fda8ae0b" executionId="54d91400-dd8f-4376-ac8c-f81528e2ea0e" testListId="8c84fa94-04c1-424b-9868-57a2d4851a1d" />
    <TestEntry testId="b9664de5-abfe-420a-8a24-b1c7e2cc1fd8" executionId="e9359c20-f728-4f7d-a705-18f07d367113" testListId="8c84fa94-04c1-424b-9868-57a2d4851a1d" />
    <TestEntry testId="d08601f2-2611-42f5-90e0-b0275777d878" executionId="6a52a80a-ec22-4175-9493-84b81f3319e3" testListId="8c84fa94-04c1-424b-9868-57a2d4851a1d" />
    <TestEntry testId="8385395b-15f2-4023-876b-e30cf429b329" executionId="9091084d-7685-4856-9924-070150c5cc29" testListId="8c84fa94-04c1-424b-9868-57a2d4851a1d" />
    <TestEntry testId="17ba85ab-d0f8-4c2a-8807-9e1e514dc3b7" executionId="874ccf8d-6b69-47bf-8094-769fe420e977" testListId="8c84fa94-04c1-424b-9868-57a2d4851a1d" />
    <TestEntry testId="34249693-f86e-408c-91f4-8b0989cd3d58" executionId="270d39fc-f6c8-4a98-b5c7-b7ba1b23b957" testListId="8c84fa94-04c1-424b-9868-57a2d4851a1d" />
    <TestEntry testId="622dc810-f279-481b-ad42-cc537e2705f8" executionId="11b5a60b-ec68-49d3-9d3d-79e7a5466f3b" testListId="8c84fa94-04c1-424b-9868-57a2d4851a1d" />
    <TestEntry testId="c88fb9d5-d3ea-4f44-9d88-8d86fe585f76" executionId="c9319e34-bb04-495c-9455-aebfd03d1369" testListId="8c84fa94-04c1-424b-9868-57a2d4851a1d" />
    <TestEntry testId="a3bd0eff-1111-4cd6-a3f0-dc283e625979" executionId="5eb35b06-d2c2-4b05-9ff9-93f970de6b2d" testListId="8c84fa94-04c1-424b-9868-57a2d4851a1d" />
    <TestEntry testId="a047f9b5-d26a-476b-8cf2-2f410ac67815" executionId="785b423b-cfe9-4c3c-91c8-55ddb5723775" testListId="8c84fa94-04c1-424b-9868-57a2d4851a1d" />
    <TestEntry testId="664f42f0-a691-436b-ba7d-97ba9cf844f2" executionId="afb2a64c-3007-4f18-9e29-d160fc9f1f28" testListId="8c84fa94-04c1-424b-9868-57a2d4851a1d" />
    <TestEntry testId="b79eacb4-1118-4b1d-98d4-5cf9379c3aea" executionId="b431dc95-093a-48f3-ab28-812429580032" testListId="8c84fa94-04c1-424b-9868-57a2d4851a1d" />
    <TestEntry testId="4af28c6c-0ed5-420f-af49-e189dfdebf07" executionId="3cff30ac-f083-4c36-affb-a96fe9602c15" testListId="8c84fa94-04c1-424b-9868-57a2d4851a1d" />
    <TestEntry testId="9601efc3-e3a1-47c1-9837-7ec039735198" executionId="8c718624-9343-47bc-ab24-210ecb21ba93" testListId="8c84fa94-04c1-424b-9868-57a2d4851a1d" />
    <TestEntry testId="b4e8d47d-4638-49ce-943f-021c4f9a242b" executionId="bc62c585-a4db-4380-889f-30e05c3ff186" testListId="8c84fa94-04c1-424b-9868-57a2d4851a1d" />
    <TestEntry testId="a6c6a920-1097-4cf2-a265-5cf5b9aa8534" executionId="231d876c-baf0-47db-8dcc-612c91d3f316" testListId="8c84fa94-04c1-424b-9868-57a2d4851a1d" />
    <TestEntry testId="8090cc1e-054d-4a2c-8f3a-f84ca027d2f9" executionId="568ad3cb-00e5-48fb-864d-d628c31b3c14" testListId="8c84fa94-04c1-424b-9868-57a2d4851a1d" />
    <TestEntry testId="fd49e656-f8f1-411a-b631-36daf48eebf3" executionId="0fd0d94d-b2f6-4cd2-8b73-e702660893d0" testListId="8c84fa94-04c1-424b-9868-57a2d4851a1d" />
    <TestEntry testId="8c10a626-83d2-461c-9a4a-e97c274df50c" executionId="89e94e8e-92ac-45c3-825c-f3137960f74a" testListId="8c84fa94-04c1-424b-9868-57a2d4851a1d" />
    <TestEntry testId="56c7830c-d4fe-4d01-8792-ea428f97eed5" executionId="8c21f81d-1198-4a13-b7a7-1869396460ab" testListId="8c84fa94-04c1-424b-9868-57a2d4851a1d" />
    <TestEntry testId="979ef5a1-6a5a-465b-983b-194636e3a820" executionId="69a917b8-eb6f-403e-aeb0-35afa530e91c" testListId="8c84fa94-04c1-424b-9868-57a2d4851a1d" />
    <TestEntry testId="cf7dddd0-39e0-4865-86b4-50c8eff99ea4" executionId="e2c65a49-91a6-4d88-8e0d-568934bfb7a4" testListId="8c84fa94-04c1-424b-9868-57a2d4851a1d" />
    <TestEntry testId="4d2317fe-2202-493b-a0f6-8fd8e5172892" executionId="7b0e1d13-1a0b-4149-aeff-f901135f1b25" testListId="8c84fa94-04c1-424b-9868-57a2d4851a1d" />
    <TestEntry testId="1a7f1f8b-62b5-4230-b691-c41f82ebb7aa" executionId="640018c6-a809-49c9-a2d1-48d58eeff527" testListId="8c84fa94-04c1-424b-9868-57a2d4851a1d" />
    <TestEntry testId="a8e840f5-af84-4ed3-a4a3-fe15cb94ee53" executionId="e0363dd1-00be-4194-b071-7c3827cb9324" testListId="8c84fa94-04c1-424b-9868-57a2d4851a1d" />
    <TestEntry testId="a3991968-5966-4c6f-b60a-ee798d980287" executionId="100a0cf2-3bc8-41fc-9120-d604013154b5" testListId="8c84fa94-04c1-424b-9868-57a2d4851a1d" />
    <TestEntry testId="46bb6919-3949-43ef-9212-1db16ec548a6" executionId="f26b8dc8-941d-4b77-86b2-5496a9c7c3fc" testListId="8c84fa94-04c1-424b-9868-57a2d4851a1d" />
    <TestEntry testId="979e2964-fddf-4aec-8dd8-14d226a43fa0" executionId="685da864-1ae0-4dd3-be36-0ee9e0153815" testListId="8c84fa94-04c1-424b-9868-57a2d4851a1d" />
    <TestEntry testId="d5ba79d0-c188-444b-b480-1dae47bf360e" executionId="ecfe9a32-6c1a-44e2-aefb-450fc26419c2" testListId="8c84fa94-04c1-424b-9868-57a2d4851a1d" />
    <TestEntry testId="7e45c999-de65-401b-b1e7-0b698ed919d5" executionId="83601d82-048c-435a-929c-b1ecb251bacb" testListId="8c84fa94-04c1-424b-9868-57a2d4851a1d" />
    <TestEntry testId="a1c2285c-ad1f-48af-aaf2-9b2b032caf9a" executionId="d0891311-d357-4bb5-ab8f-1d5d6ea9b783" testListId="8c84fa94-04c1-424b-9868-57a2d4851a1d" />
    <TestEntry testId="3852d392-459a-4506-9293-75ec43a3eb26" executionId="072df9fe-49fa-4c5c-adf5-2d088461c844" testListId="8c84fa94-04c1-424b-9868-57a2d4851a1d" />
    <TestEntry testId="d0253fbc-f318-43e1-ba17-403751a45f74" executionId="bc16c0be-d343-4629-b4b4-0caa77ee1f61" testListId="8c84fa94-04c1-424b-9868-57a2d4851a1d" />
    <TestEntry testId="a968d04b-3f3c-46f9-8193-f62984dc7036" executionId="8baa1222-52c8-4398-bed2-c55d3801aee7" testListId="8c84fa94-04c1-424b-9868-57a2d4851a1d" />
    <TestEntry testId="936e5a8d-e187-41fe-ac0a-d2793a43e90c" executionId="3d408b85-22c4-42e5-aed5-da39390104ff" testListId="8c84fa94-04c1-424b-9868-57a2d4851a1d" />
    <TestEntry testId="eb43510e-fd9d-4ea7-bcdd-783fea43d746" executionId="69581734-4a0c-4e20-8777-800a2f6467b5" testListId="8c84fa94-04c1-424b-9868-57a2d4851a1d" />
    <TestEntry testId="764aaa29-8352-433b-96fa-7693ab201703" executionId="e669e686-b48e-49a7-a1df-c5f3978031b7" testListId="8c84fa94-04c1-424b-9868-57a2d4851a1d" />
    <TestEntry testId="d3404dd9-285c-4719-bdd7-608da0d8d1ce" executionId="212c9480-1832-427a-9d23-a30436f0df35" testListId="8c84fa94-04c1-424b-9868-57a2d4851a1d" />
    <TestEntry testId="34ab4327-2d15-4a04-930c-e83a53917933" executionId="493af7e7-ecb6-42c8-871d-9bbbdf1ca89a" testListId="8c84fa94-04c1-424b-9868-57a2d4851a1d" />
    <TestEntry testId="36cb026e-9727-4c24-98d1-33dec12f592c" executionId="ef6d3ce3-5c1b-4d69-b31f-ea3efe96af47" testListId="8c84fa94-04c1-424b-9868-57a2d4851a1d" />
    <TestEntry testId="218369cc-38d5-471e-bc43-42570ca4c576" executionId="1a6c5ade-4581-439e-9549-688dd6ab23c1" testListId="8c84fa94-04c1-424b-9868-57a2d4851a1d" />
    <TestEntry testId="1124f5a3-cd46-41d9-b042-b04f8ba45d72" executionId="aebb6e79-258c-4faf-a220-538d6e11fe60" testListId="8c84fa94-04c1-424b-9868-57a2d4851a1d" />
    <TestEntry testId="638c673d-6378-4a76-971e-f4f4f6dabbc7" executionId="ed5b8912-bef5-4e86-8a37-50450f273bf3" testListId="8c84fa94-04c1-424b-9868-57a2d4851a1d" />
    <TestEntry testId="d0cc2dfa-40f4-4b25-ad6d-8c9c71e90421" executionId="70ec95b9-63ea-411e-8cf9-7a90d582d51d" testListId="8c84fa94-04c1-424b-9868-57a2d4851a1d" />
    <TestEntry testId="3f55690b-7cee-4cd6-999a-2e7344d550d3" executionId="b21a2d68-25cc-4e09-b65c-a0603c1f0438" testListId="8c84fa94-04c1-424b-9868-57a2d4851a1d" />
    <TestEntry testId="863ad89a-cff0-4b12-b23c-801015bbef10" executionId="7b258764-9298-4989-b721-919a8ea7b231" testListId="8c84fa94-04c1-424b-9868-57a2d4851a1d" />
    <TestEntry testId="5984945e-7df7-40f6-b518-4ac21560aa3e" executionId="2b2e50ad-05d2-4c72-acd3-91283e4dfa25" testListId="8c84fa94-04c1-424b-9868-57a2d4851a1d" />
    <TestEntry testId="0960a199-f16f-4c9d-8c44-d1f0e74ae117" executionId="920fd4c9-aa54-454f-b54c-24ccc97d7892" testListId="8c84fa94-04c1-424b-9868-57a2d4851a1d" />
    <TestEntry testId="d91a8c81-3e18-4c43-b08d-d363b814cfcb" executionId="12bd78c4-3ccd-4b8f-96d5-37133a8a4696" testListId="8c84fa94-04c1-424b-9868-57a2d4851a1d" />
    <TestEntry testId="5cb63188-6fe6-4054-be2e-da44de193b1f" executionId="820b2b51-44f5-477d-80ab-442762cc7666" testListId="8c84fa94-04c1-424b-9868-57a2d4851a1d" />
    <TestEntry testId="3fdaffe9-6abb-4ec6-89b8-4d88aa6f4f80" executionId="64af9120-1425-4042-bcb4-74cbd56b5a15" testListId="8c84fa94-04c1-424b-9868-57a2d4851a1d" />
    <TestEntry testId="48d2ef4c-98c7-4f09-b7a7-e16f999a0c99" executionId="6d184302-c538-408b-87a5-665653e670db" testListId="8c84fa94-04c1-424b-9868-57a2d4851a1d" />
    <TestEntry testId="8c98aec5-81a1-456e-9d21-9695d5c75c9b" executionId="2162d67b-4dfb-4063-a4a2-9c83d5e34403" testListId="8c84fa94-04c1-424b-9868-57a2d4851a1d" />
    <TestEntry testId="f4114d9d-c8cb-4a97-9030-0b30edb523e2" executionId="3b266869-997b-48e9-b741-521d874a7600" testListId="8c84fa94-04c1-424b-9868-57a2d4851a1d" />
    <TestEntry testId="7388ad4a-9a58-4c8e-996e-822d89e45ea0" executionId="07c6968e-3546-4f5b-80af-c2314be05bca" testListId="8c84fa94-04c1-424b-9868-57a2d4851a1d" />
    <TestEntry testId="b675ac00-52ec-4efb-9fd4-4b8f7eef6fcd" executionId="5652dc90-37ab-4a82-9264-90c0607468bc" testListId="8c84fa94-04c1-424b-9868-57a2d4851a1d" />
    <TestEntry testId="59245892-44d9-412e-b191-3b453dc624cf" executionId="aeacb99c-1bd5-4e59-ad02-e475df121aac" testListId="8c84fa94-04c1-424b-9868-57a2d4851a1d" />
    <TestEntry testId="f52ae606-c060-420b-800f-9689f8242fe6" executionId="c000fccc-b719-4172-bb60-4b602a2063d6" testListId="8c84fa94-04c1-424b-9868-57a2d4851a1d" />
    <TestEntry testId="dbe986f7-f059-4017-88c3-2a801f72cdcc" executionId="50ce65f2-ce9d-4ab4-a769-a21fb5923265" testListId="8c84fa94-04c1-424b-9868-57a2d4851a1d" />
    <TestEntry testId="fd1e09bd-f327-4ad9-bd13-16ae3a3efbaf" executionId="7cdc8642-0091-444e-a96d-3ea4df2010b8" testListId="8c84fa94-04c1-424b-9868-57a2d4851a1d" />
    <TestEntry testId="665bc23b-ad29-4b45-bc7f-8965814464bf" executionId="374375ce-7f8d-40b1-9d05-f7a00bf07b9c" testListId="8c84fa94-04c1-424b-9868-57a2d4851a1d" />
    <TestEntry testId="b8d3bb5b-1c11-4f07-bfc9-1a3ac155b6a3" executionId="29dace55-8fff-40c2-9442-cb16c8b76085" testListId="8c84fa94-04c1-424b-9868-57a2d4851a1d" />
    <TestEntry testId="0a0f210a-e134-4100-baf3-ba7f110953d3" executionId="981b7e47-65cf-40db-b639-4394ffaf3290" testListId="8c84fa94-04c1-424b-9868-57a2d4851a1d" />
    <TestEntry testId="e177d891-bd6f-4b6f-b24b-6f88dd0b4640" executionId="31b48706-7e9b-45eb-ac11-3a69d72c7d03" testListId="8c84fa94-04c1-424b-9868-57a2d4851a1d" />
    <TestEntry testId="376b3621-112f-4fb4-b58b-b1ff713376ca" executionId="d396eaae-23c6-4873-b304-782cc5fd24bb" testListId="8c84fa94-04c1-424b-9868-57a2d4851a1d" />
    <TestEntry testId="7cc13aa8-4b39-4de8-8058-02724bdb44d1" executionId="6b3e78fa-e7ca-46db-aaff-469def70a5b8" testListId="8c84fa94-04c1-424b-9868-57a2d4851a1d" />
    <TestEntry testId="c030048a-8150-40d7-a1e3-2af0d0a70601" executionId="f719b230-82fb-49eb-a236-88076df80d71" testListId="8c84fa94-04c1-424b-9868-57a2d4851a1d" />
    <TestEntry testId="85a9c960-8e27-47cb-9cc9-b87d0ed8eaa7" executionId="9144c8af-6c21-49c3-9555-b5dbe0341ab4" testListId="8c84fa94-04c1-424b-9868-57a2d4851a1d" />
    <TestEntry testId="dbb0c6fa-a904-4f2b-ad55-605039aee987" executionId="61a3aa06-9e6d-4667-aaf0-d95f09a0caed" testListId="8c84fa94-04c1-424b-9868-57a2d4851a1d" />
    <TestEntry testId="2497090f-23bf-4ea5-aa19-f22cf5554b75" executionId="c052eddf-5aa1-41da-b78e-9c4b454ff581" testListId="8c84fa94-04c1-424b-9868-57a2d4851a1d" />
    <TestEntry testId="e8464516-4119-4016-a82c-e679976686fa" executionId="14cff4a0-b555-4cdf-bc33-33193aa1dd98" testListId="8c84fa94-04c1-424b-9868-57a2d4851a1d" />
    <TestEntry testId="ecb5b86a-774f-4a59-bd5a-e475ece22761" executionId="06dcd3ea-c8da-48a5-a07b-18641c716001" testListId="8c84fa94-04c1-424b-9868-57a2d4851a1d" />
    <TestEntry testId="e68d94e3-1c8e-458d-8a7e-65dd07b9d4eb" executionId="5f216770-4dc6-4654-a8f4-8186caee29da" testListId="8c84fa94-04c1-424b-9868-57a2d4851a1d" />
    <TestEntry testId="a8ae6e8a-006d-4944-bfff-5a31704b0653" executionId="d756f31d-a0e3-46c2-a3dd-26d44cfc3af5" testListId="8c84fa94-04c1-424b-9868-57a2d4851a1d" />
    <TestEntry testId="080c8ce5-5748-491b-aa9b-d4cc0466c1d8" executionId="5fbb2a1e-b836-4c93-923e-7a274cb846ef" testListId="8c84fa94-04c1-424b-9868-57a2d4851a1d" />
    <TestEntry testId="4595e60e-b4f4-4831-a25d-8ef54cc1668a" executionId="c666200b-2764-4dc6-9cbe-3833978e8d20" testListId="8c84fa94-04c1-424b-9868-57a2d4851a1d" />
    <TestEntry testId="fb27d7d9-a024-4666-a737-2b079232de71" executionId="dc59e07a-30f5-4586-bd5c-81dcc43e4987" testListId="8c84fa94-04c1-424b-9868-57a2d4851a1d" />
    <TestEntry testId="43a4351a-31aa-401a-a072-5a484fa085b5" executionId="37120d29-680d-4ae8-a976-77ededbee450" testListId="8c84fa94-04c1-424b-9868-57a2d4851a1d" />
    <TestEntry testId="3e6dee2f-f3a8-4bff-b337-6bfda55388b5" executionId="ee19e0a9-b143-467d-8a3b-5403cc677465" testListId="8c84fa94-04c1-424b-9868-57a2d4851a1d" />
    <TestEntry testId="ac82f188-310a-4d47-b1b1-52cca60b4bb3" executionId="a778036c-7cf0-45d2-8d30-00e512657482" testListId="8c84fa94-04c1-424b-9868-57a2d4851a1d" />
    <TestEntry testId="ffa3fe40-810b-4317-ae43-4937e3eed347" executionId="1562d360-3385-4b85-9086-3bee0ced5c20" testListId="8c84fa94-04c1-424b-9868-57a2d4851a1d" />
    <TestEntry testId="21c45844-9fc1-48ad-b3c0-052a04577301" executionId="0bb93db9-db62-4b3d-9529-081c3245837f" testListId="8c84fa94-04c1-424b-9868-57a2d4851a1d" />
    <TestEntry testId="55a7c084-8482-49e4-9b44-ffaf3d02eb98" executionId="60910cde-2c97-4017-83df-bb82b4644209" testListId="8c84fa94-04c1-424b-9868-57a2d4851a1d" />
    <TestEntry testId="3ec309cb-c8eb-4437-b04c-e88a64e85655" executionId="9d807c45-43d0-4305-930f-207498fea560" testListId="8c84fa94-04c1-424b-9868-57a2d4851a1d" />
    <TestEntry testId="673ec862-5f00-4496-9607-756f338acaaa" executionId="a0a7b54e-6ce7-4c81-9384-99d0b6c485f4" testListId="8c84fa94-04c1-424b-9868-57a2d4851a1d" />
    <TestEntry testId="f6606a26-b7ad-43e5-aab7-c2e228697566" executionId="7047cac7-eedc-4e23-b760-1574f3185a59" testListId="8c84fa94-04c1-424b-9868-57a2d4851a1d" />
    <TestEntry testId="70b84b80-e683-4ba2-a51a-acdbe2334f04" executionId="5516bd40-dae7-483b-9a2e-63c69353a222" testListId="8c84fa94-04c1-424b-9868-57a2d4851a1d" />
    <TestEntry testId="2c9a209f-1f09-4caa-9992-c15403f3f276" executionId="564a444c-6451-417a-814c-8b4ec23272d4" testListId="8c84fa94-04c1-424b-9868-57a2d4851a1d" />
    <TestEntry testId="f5b31719-eb56-45a5-b852-35cf086c4f43" executionId="ef49e7d9-1d68-4ae5-9571-498b0b80d064" testListId="8c84fa94-04c1-424b-9868-57a2d4851a1d" />
    <TestEntry testId="33aeb28b-679a-47d6-bdea-fec86ed45346" executionId="4dfb0600-62a2-4d3b-9f72-aac750290245" testListId="8c84fa94-04c1-424b-9868-57a2d4851a1d" />
    <TestEntry testId="b72c585e-548e-4315-9a58-fda539197360" executionId="0a98675f-197d-4cd6-9e75-60b62af98c72" testListId="8c84fa94-04c1-424b-9868-57a2d4851a1d" />
    <TestEntry testId="b4c91e41-996a-49b9-8d52-f181e53659e8" executionId="c9c89880-ee57-4b08-889d-5394f8f3dce7" testListId="8c84fa94-04c1-424b-9868-57a2d4851a1d" />
    <TestEntry testId="3ca912f1-c415-4dae-a55b-a3c8fcedc27d" executionId="3fb83ad5-542a-4072-ae73-74b8f9c355ba" testListId="8c84fa94-04c1-424b-9868-57a2d4851a1d" />
    <TestEntry testId="a68e2ba0-2229-4ad2-99b7-b997586e3efa" executionId="cbfee2dc-e8bc-475b-8e38-16283b9a1603" testListId="8c84fa94-04c1-424b-9868-57a2d4851a1d" />
    <TestEntry testId="177f5120-e5ad-4d7a-80a4-191903a144cb" executionId="5b457c38-b18c-4bc3-a055-a64eb126afec" testListId="8c84fa94-04c1-424b-9868-57a2d4851a1d" />
    <TestEntry testId="cadfc0b1-89ec-4e69-9395-1e5ca7ce41c3" executionId="ba5cb1ca-ab81-4e29-861a-60637a103bfd" testListId="8c84fa94-04c1-424b-9868-57a2d4851a1d" />
    <TestEntry testId="8d81499e-69f2-4b0b-b45c-72f47a054e99" executionId="9a93db1c-1265-4538-8930-2ef507c976a8" testListId="8c84fa94-04c1-424b-9868-57a2d4851a1d" />
    <TestEntry testId="16fbaa8c-bff4-4f1e-8836-157a35a46cda" executionId="dc3d6f27-cf7e-4322-a52a-24cf1d986937" testListId="8c84fa94-04c1-424b-9868-57a2d4851a1d" />
    <TestEntry testId="1f44e463-55e2-453b-ac75-2ca1f3d7ab2b" executionId="b9d18e95-88de-4245-a71d-6bdc21036b09" testListId="8c84fa94-04c1-424b-9868-57a2d4851a1d" />
    <TestEntry testId="bd7d0e51-ca43-4f41-8c1a-9ab513015744" executionId="8eaf7183-cc7e-4d81-b2c2-689dd0b23a27" testListId="8c84fa94-04c1-424b-9868-57a2d4851a1d" />
    <TestEntry testId="766be101-217c-4f33-bc0d-a91fa561c6fc" executionId="637dc233-435e-4ac3-a9ee-642ff2819351" testListId="8c84fa94-04c1-424b-9868-57a2d4851a1d" />
    <TestEntry testId="9211f74f-4b41-476e-9907-e9866a09df83" executionId="ff33a48f-e887-4990-a147-3690fb2de894" testListId="8c84fa94-04c1-424b-9868-57a2d4851a1d" />
    <TestEntry testId="11cc7e62-75f6-47e3-b955-49a52bfaaac3" executionId="5bf2176d-52bd-4794-9b0b-82d99059d058" testListId="8c84fa94-04c1-424b-9868-57a2d4851a1d" />
    <TestEntry testId="ac363ecc-0104-4cb7-97d0-e00e35cdbc2f" executionId="c0973dbe-c96f-41c4-b3f6-814cca9533b9" testListId="8c84fa94-04c1-424b-9868-57a2d4851a1d" />
    <TestEntry testId="ab11b960-aa5e-4766-ab5a-360822fd7e9d" executionId="cd1873d1-5284-45b7-bc35-efdc0ffbdd42" testListId="8c84fa94-04c1-424b-9868-57a2d4851a1d" />
    <TestEntry testId="431a11bf-0d2c-4869-996f-4262eeca9b7a" executionId="1b41b73e-4834-474a-a9a3-c238bfae4620" testListId="8c84fa94-04c1-424b-9868-57a2d4851a1d" />
    <TestEntry testId="eb6ade89-70fd-46d7-9352-badfe55ff228" executionId="a9276870-facc-46f5-8c39-e69f2929e234" testListId="8c84fa94-04c1-424b-9868-57a2d4851a1d" />
    <TestEntry testId="fc4f57a2-9fbe-45f7-9bf6-7d33c6deb8c1" executionId="2608940d-089d-4542-8f5b-dec92d671af8" testListId="8c84fa94-04c1-424b-9868-57a2d4851a1d" />
    <TestEntry testId="a37a7bbd-ef42-4a5b-86ba-488fbb5475a1" executionId="e9a30678-70dd-4097-ad0b-39cc80039ba1" testListId="8c84fa94-04c1-424b-9868-57a2d4851a1d" />
    <TestEntry testId="fdfb58a2-f56d-4f6e-8c89-765a700bef74" executionId="011d0141-c163-488d-bb98-04e035700ffc" testListId="8c84fa94-04c1-424b-9868-57a2d4851a1d" />
    <TestEntry testId="0033e482-5638-4419-ab7f-9e1023672cc0" executionId="f31e1dcf-2379-4692-901e-52c277c48a16" testListId="8c84fa94-04c1-424b-9868-57a2d4851a1d" />
    <TestEntry testId="90b72656-522b-46e0-888d-77316cf0164f" executionId="960f0ec2-e49a-4f7e-b379-76c4851d6873" testListId="8c84fa94-04c1-424b-9868-57a2d4851a1d" />
    <TestEntry testId="b6d2e3c9-b577-4c46-ac12-92c2315a5359" executionId="f5c1e606-b4e6-4a51-ad3e-f736d85c7949" testListId="8c84fa94-04c1-424b-9868-57a2d4851a1d" />
    <TestEntry testId="ed60fba7-fad1-435f-bf83-8428b547f440" executionId="ecaed26d-1a7d-417d-9dec-3ae38e2f5049" testListId="8c84fa94-04c1-424b-9868-57a2d4851a1d" />
    <TestEntry testId="6588d19c-88d3-452b-90d3-94fa640e4cfd" executionId="5563931a-b18b-4e24-9429-56e00c428e2f" testListId="8c84fa94-04c1-424b-9868-57a2d4851a1d" />
    <TestEntry testId="9b4ac483-6e77-426b-98ea-8a719725d688" executionId="f5e0d14e-0048-4598-a078-8526faaf9b2b" testListId="8c84fa94-04c1-424b-9868-57a2d4851a1d" />
    <TestEntry testId="acd224c3-ccdf-4d2f-ada8-3ad0537fb411" executionId="41cf3480-458c-4a49-90b6-57fb80b74272" testListId="8c84fa94-04c1-424b-9868-57a2d4851a1d" />
    <TestEntry testId="76a76ffb-410d-44f5-ba5d-0d97a1e882db" executionId="42693344-d37c-47d3-851e-e641cc0d7c9f" testListId="8c84fa94-04c1-424b-9868-57a2d4851a1d" />
    <TestEntry testId="b432f7e4-d25e-4019-b336-57c457701389" executionId="87b4875b-ebd4-47c3-bc89-a64e5f7f77b0" testListId="8c84fa94-04c1-424b-9868-57a2d4851a1d" />
    <TestEntry testId="870d02c4-c002-4f5b-8279-0c7f37fbb4eb" executionId="bcc3ba28-a8e2-43c9-ac84-e31b551f826e" testListId="8c84fa94-04c1-424b-9868-57a2d4851a1d" />
    <TestEntry testId="298364a0-c715-4bbf-b105-498ce262a81c" executionId="3d8ad8f9-d855-427a-a954-4139490698a3" testListId="8c84fa94-04c1-424b-9868-57a2d4851a1d" />
    <TestEntry testId="ca4736ae-2eb8-4adb-9280-a56552bc0b95" executionId="13436795-2124-4ded-b6fb-d67b454fb7bb" testListId="8c84fa94-04c1-424b-9868-57a2d4851a1d" />
    <TestEntry testId="d4cd086f-422d-4d22-8166-cfc21e856e76" executionId="503ca700-e18a-47e8-8fcd-686f285cd3e0" testListId="8c84fa94-04c1-424b-9868-57a2d4851a1d" />
    <TestEntry testId="ed4a3294-69c3-4809-a471-ea7524f3c07d" executionId="ee0fdc4f-184e-4089-aa5d-5af9dc3c1de7" testListId="8c84fa94-04c1-424b-9868-57a2d4851a1d" />
    <TestEntry testId="24b7c06d-70dc-424f-a6d5-123dd4cdf1ce" executionId="18ef4317-15c3-4a73-b178-2f2edc8cc54e" testListId="8c84fa94-04c1-424b-9868-57a2d4851a1d" />
    <TestEntry testId="7d996d40-2e81-47eb-a994-e0262fd09b7c" executionId="f76f3de4-9af1-4865-abaa-bd07dd8df764" testListId="8c84fa94-04c1-424b-9868-57a2d4851a1d" />
    <TestEntry testId="2285dad9-1384-4415-9d1d-c5790fb5e8d8" executionId="eeab1c12-b1c5-4ed6-bd50-dfc0f1009e3e" testListId="8c84fa94-04c1-424b-9868-57a2d4851a1d" />
    <TestEntry testId="faeeb037-8609-4d3a-b734-a47db31706ea" executionId="91d0ac9d-be93-44fd-a346-54a92e371d80" testListId="8c84fa94-04c1-424b-9868-57a2d4851a1d" />
    <TestEntry testId="ee42fa62-633c-40ac-9ec9-48f2dbbc3825" executionId="620594e8-2a71-4511-9df8-4795c301cf9d" testListId="8c84fa94-04c1-424b-9868-57a2d4851a1d" />
    <TestEntry testId="e26a967a-d3b7-4e2e-8dcc-8b9bf724245f" executionId="3bbb99ac-5070-4d35-a3c6-b8ef7417e502" testListId="8c84fa94-04c1-424b-9868-57a2d4851a1d" />
    <TestEntry testId="6732100a-b1ed-4728-a8d8-9324f8493102" executionId="488c0952-f1fd-40b7-bca4-6c2077e2ee89" testListId="8c84fa94-04c1-424b-9868-57a2d4851a1d" />
    <TestEntry testId="0ea0a5ce-aec0-4f5b-be58-568456e03244" executionId="e37d55c7-858d-4d4a-98fd-9f3027a47c07" testListId="8c84fa94-04c1-424b-9868-57a2d4851a1d" />
    <TestEntry testId="dc838dc5-9c57-4e3b-98a0-de6d51e2d076" executionId="0773fd29-ceb1-4cc4-9161-3f9fcafd5d47" testListId="8c84fa94-04c1-424b-9868-57a2d4851a1d" />
    <TestEntry testId="85dde619-71ab-44d7-b2d4-4d5b376254ce" executionId="b9cfe1ec-510f-41a5-b141-047be00a6553" testListId="8c84fa94-04c1-424b-9868-57a2d4851a1d" />
    <TestEntry testId="25244a4a-3c28-4c93-adf9-a46b1b64ba31" executionId="cbc11e29-cd84-4dd5-be5e-2c30e2f67e77" testListId="8c84fa94-04c1-424b-9868-57a2d4851a1d" />
    <TestEntry testId="f0cae9ff-2d2d-4750-8445-60ef23115d3a" executionId="cbd5d47e-939b-43b3-a158-eeefc06a8ff1" testListId="8c84fa94-04c1-424b-9868-57a2d4851a1d" />
    <TestEntry testId="22d83b77-5c22-4d10-8a14-bf7a3e5c4608" executionId="2aac9a1a-532b-4bf8-b798-870f74b50c7a" testListId="8c84fa94-04c1-424b-9868-57a2d4851a1d" />
    <TestEntry testId="f5ee0a23-4426-4a6d-b3d1-245d5e2b14eb" executionId="c8e03f6a-985c-4562-a2f8-f35121d1dfee" testListId="8c84fa94-04c1-424b-9868-57a2d4851a1d" />
    <TestEntry testId="f218c34a-a7f3-4559-be94-0a3d3f0c02f4" executionId="1043039f-0d08-4a03-8472-af1b09a70bef" testListId="8c84fa94-04c1-424b-9868-57a2d4851a1d" />
    <TestEntry testId="49f2ebcb-6522-4d2f-bca9-3ce216cf8f65" executionId="1df239c0-80f7-4d37-a7a9-c7f0c388998d" testListId="8c84fa94-04c1-424b-9868-57a2d4851a1d" />
    <TestEntry testId="4b79da38-1a83-4db5-977a-5f1a67068bbb" executionId="48c06c45-686c-4d00-8ced-42d0c11070bc" testListId="8c84fa94-04c1-424b-9868-57a2d4851a1d" />
    <TestEntry testId="871a054a-a22f-44fd-bd73-df8fce339079" executionId="39b13184-319c-469c-b6ce-9ee5576e9478" testListId="8c84fa94-04c1-424b-9868-57a2d4851a1d" />
    <TestEntry testId="b3b4eadd-43e2-444f-8fab-a551ab71bf9f" executionId="a75eda11-3a12-491f-8a1c-106b59f070cc" testListId="8c84fa94-04c1-424b-9868-57a2d4851a1d" />
    <TestEntry testId="96dc8df8-ddf7-424a-a9ea-a601df4d4b7e" executionId="2c486bcb-213a-4584-8f52-46837636d23f" testListId="8c84fa94-04c1-424b-9868-57a2d4851a1d" />
    <TestEntry testId="480e1243-c79d-41e3-a19e-36d571484c6f" executionId="365d28e0-dae0-4514-add7-af709f595546" testListId="8c84fa94-04c1-424b-9868-57a2d4851a1d" />
    <TestEntry testId="322e1084-f9f5-403b-b334-d4410d4c47fc" executionId="1d552df4-39d8-4524-af33-a6f924d3aec7" testListId="8c84fa94-04c1-424b-9868-57a2d4851a1d" />
    <TestEntry testId="6b95d069-4ceb-450d-8aff-da024b7ab610" executionId="d634fb54-a417-4529-892a-4b74c2f8ab51" testListId="8c84fa94-04c1-424b-9868-57a2d4851a1d" />
    <TestEntry testId="2f573f48-9528-4b23-ac8b-d810d2d7b2f5" executionId="9ee0f1b2-9888-4a93-a7a2-ac7f83a8c14b" testListId="8c84fa94-04c1-424b-9868-57a2d4851a1d" />
    <TestEntry testId="62aaca97-292d-4114-b715-ab96bac402b4" executionId="93d8c515-16e2-4d0f-b8fe-c4630b1eb4a7" testListId="8c84fa94-04c1-424b-9868-57a2d4851a1d" />
    <TestEntry testId="384b2828-5e4b-42ed-800e-f606bf83d174" executionId="9ff0d3ff-5a70-4b97-a865-02f53495c192" testListId="8c84fa94-04c1-424b-9868-57a2d4851a1d" />
    <TestEntry testId="9eea985d-caff-4139-82d3-674db4b94be1" executionId="c1977c6a-6923-4c02-b3a1-bf243ed0fb2b" testListId="8c84fa94-04c1-424b-9868-57a2d4851a1d" />
    <TestEntry testId="cdf18114-84cb-4fc0-a18c-5f2a4766ebe4" executionId="9618da75-b0df-49aa-91f8-82fb7ed5725f" testListId="8c84fa94-04c1-424b-9868-57a2d4851a1d" />
    <TestEntry testId="811322e4-b967-47b5-9083-fc7aebdf3b33" executionId="98df6523-c746-4dd3-b778-9874107d2045" testListId="8c84fa94-04c1-424b-9868-57a2d4851a1d" />
    <TestEntry testId="38c8eb99-88e7-4506-87a2-8a2a0ee16a80" executionId="2d04ceba-5bca-4f94-a364-04b0d7f69336" testListId="8c84fa94-04c1-424b-9868-57a2d4851a1d" />
  </TestEntries>
  <TestLists>
    <TestList name="Results Not in a List" id="8c84fa94-04c1-424b-9868-57a2d4851a1d" />
    <TestList name="All Loaded Results" id="19431567-8539-422a-85d7-44ee4e166bda" />
  </TestLists>
  <ResultSummary outcome="Completed">
    <Counters total="1000" executed="1000" passed="1000" failed="0" error="0" timeout="0" aborted="0" inconclusive="0" passedButRunAborted="0" notRunnable="0" notExecuted="0" disconnected="0" warning="0" completed="0" inProgress="0" pending="0" />
  </ResultSummary>
</TestRun>