<?xml version="1.0" encoding="utf-8"?>
<TestRun id="8b24039d-2cd3-4da9-9a9a-d43ed75f4036" name="Dominik@DESKTOP-5URQ9PB 2022-06-13 21:12:02" runUser="DESKTOP-5URQ9PB\Dominik" xmlns="http://microsoft.com/schemas/VisualStudio/TeamTest/2010">
  <Times creation="2022-06-13T21:12:02.0252736+02:00" queuing="2022-06-13T21:12:02.0252739+02:00" start="2022-06-13T21:12:00.0026573+02:00" finish="2022-06-13T21:12:03.0726690+02:00" />
  <TestSettings name="default" id="27653fdc-76aa-40e0-9880-b0f0ba4674ed">
    <Deployment runDeploymentRoot="Dominik_DESKTOP-5URQ9PB_2022-06-13_21_12_02" />
  </TestSettings>
  <Results>
    <UnitTestResult executionId="e59e89e1-e128-489b-9e14-18a101e458c8" testId="4f209283-1605-4fc9-a1ea-36af17008757" testName="FormatToStringTest1000 (31799.68317462815,31799.68 zł)" computerName="DESKTOP-5URQ9PB" duration="00:00:00.0000477" startTime="2022-06-13T21:12:02.1797109+02:00" endTime="2022-06-13T21:12:02.1802403+02:00" testType="13cdc9d9-ddb5-4fa4-a97d-d965ccfc6d4b" outcome="Passed" testListId="8c84fa94-04c1-424b-9868-57a2d4851a1d" relativeResultsDirectory="e59e89e1-e128-489b-9e14-18a101e458c8" />
    <UnitTestResult executionId="7aad139b-fe02-4b03-9b44-3aa48c25162f" testId="81326c4e-2e82-46ed-b2a6-4e7970beff22" testName="FormatToStringTest1000 (79764.77845563217,79764.78 zł)" computerName="DESKTOP-5URQ9PB" duration="00:00:00.0000069" startTime="2022-06-13T21:12:02.0571680+02:00" endTime="2022-06-13T21:12:02.0572522+02:00" testType="13cdc9d9-ddb5-4fa4-a97d-d965ccfc6d4b" outcome="Passed" testListId="8c84fa94-04c1-424b-9868-57a2d4851a1d" relativeResultsDirectory="7aad139b-fe02-4b03-9b44-3aa48c25162f" />
    <UnitTestResult executionId="db2fc1bf-ab27-41be-a8ae-48ebadb2baa5" testId="6ea0ff70-7e39-4be0-b7e4-d75ac0014912" testName="FormatToStringTest1000 (750.5106571719566,750.51 zł)" computerName="DESKTOP-5URQ9PB" duration="00:00:00.0000060" startTime="2022-06-13T21:12:02.2719935+02:00" endTime="2022-06-13T21:12:02.2720581+02:00" testType="13cdc9d9-ddb5-4fa4-a97d-d965ccfc6d4b" outcome="Passed" testListId="8c84fa94-04c1-424b-9868-57a2d4851a1d" relativeResultsDirectory="db2fc1bf-ab27-41be-a8ae-48ebadb2baa5" />
    <UnitTestResult executionId="64661a6b-4fa5-4aa6-9735-5c77cf2274d8" testId="1f1f6da9-b471-4ffd-97ad-95c33aee1e00" testName="FormatToStringTest1000 (63427.55325689332,63427.55 zł)" computerName="DESKTOP-5URQ9PB" duration="00:00:00.0000062" startTime="2022-06-13T21:12:02.1544703+02:00" endTime="2022-06-13T21:12:02.1545369+02:00" testType="13cdc9d9-ddb5-4fa4-a97d-d965ccfc6d4b" outcome="Passed" testListId="8c84fa94-04c1-424b-9868-57a2d4851a1d" relativeResultsDirectory="64661a6b-4fa5-4aa6-9735-5c77cf2274d8" />
    <UnitTestResult executionId="95fb3548-790b-4e05-a66e-021f7914f9f1" testId="7c7b6bb4-729d-4a7a-8711-5f67c0061b49" testName="FormatToStringTest1000 (19006.315459580772,19006.32 zł)" computerName="DESKTOP-5URQ9PB" duration="00:00:00.0000062" startTime="2022-06-13T21:12:02.1209907+02:00" endTime="2022-06-13T21:12:02.1210576+02:00" testType="13cdc9d9-ddb5-4fa4-a97d-d965ccfc6d4b" outcome="Passed" testListId="8c84fa94-04c1-424b-9868-57a2d4851a1d" relativeResultsDirectory="95fb3548-790b-4e05-a66e-021f7914f9f1" />
    <UnitTestResult executionId="f6d8dabd-8146-44c5-813e-c8b9686dc97b" testId="a40d5b17-f55c-4f0a-a8d8-32a37dd2e9ca" testName="FormatToStringTest1000 (1821.7083499085663,1821.71 zł)" computerName="DESKTOP-5URQ9PB" duration="00:00:00.0000072" startTime="2022-06-13T21:12:02.2520394+02:00" endTime="2022-06-13T21:12:02.2521217+02:00" testType="13cdc9d9-ddb5-4fa4-a97d-d965ccfc6d4b" outcome="Passed" testListId="8c84fa94-04c1-424b-9868-57a2d4851a1d" relativeResultsDirectory="f6d8dabd-8146-44c5-813e-c8b9686dc97b" />
    <UnitTestResult executionId="3757457c-61d4-43ab-9398-a5117aaade79" testId="fd0090ef-069b-4038-8b79-bc5a41ddedb5" testName="FormatToStringTest1000 (5749.124990274722,5749.12 zł)" computerName="DESKTOP-5URQ9PB" duration="00:00:00.0000063" startTime="2022-06-13T21:12:02.2445343+02:00" endTime="2022-06-13T21:12:02.2445993+02:00" testType="13cdc9d9-ddb5-4fa4-a97d-d965ccfc6d4b" outcome="Passed" testListId="8c84fa94-04c1-424b-9868-57a2d4851a1d" relativeResultsDirectory="3757457c-61d4-43ab-9398-a5117aaade79" />
    <UnitTestResult executionId="0cff1d9f-80e2-4f08-8293-ed0f6b204f85" testId="e0c0f274-5933-4fb6-8625-9d715a7fb7d9" testName="FormatToStringTest1000 (1745.490603896552,1745.49 zł)" computerName="DESKTOP-5URQ9PB" duration="00:00:00.0000069" startTime="2022-06-13T21:12:02.0369854+02:00" endTime="2022-06-13T21:12:02.0370545+02:00" testType="13cdc9d9-ddb5-4fa4-a97d-d965ccfc6d4b" outcome="Passed" testListId="8c84fa94-04c1-424b-9868-57a2d4851a1d" relativeResultsDirectory="0cff1d9f-80e2-4f08-8293-ed0f6b204f85" />
    <UnitTestResult executionId="8f723ce0-24cc-4c76-85c7-476df822367c" testId="5d0d4f1d-2cf5-4944-8cd1-62be06b968bc" testName="FormatToStringTest1000 (51529.79033960206,51529.79 zł)" computerName="DESKTOP-5URQ9PB" duration="00:00:00.0000070" startTime="2022-06-13T21:12:02.2722487+02:00" endTime="2022-06-13T21:12:02.2723390+02:00" testType="13cdc9d9-ddb5-4fa4-a97d-d965ccfc6d4b" outcome="Passed" testListId="8c84fa94-04c1-424b-9868-57a2d4851a1d" relativeResultsDirectory="8f723ce0-24cc-4c76-85c7-476df822367c" />
    <UnitTestResult executionId="1935350f-ff67-4a3e-94dc-ef7190742e23" testId="d6113f06-17ab-441a-abd6-0da37e68a9f9" testName="FormatToStringTest1000 (486.15309567942893,486.15 zł)" computerName="DESKTOP-5URQ9PB" duration="00:00:00.0000063" startTime="2022-06-13T21:12:02.0908793+02:00" endTime="2022-06-13T21:12:02.0909462+02:00" testType="13cdc9d9-ddb5-4fa4-a97d-d965ccfc6d4b" outcome="Passed" testListId="8c84fa94-04c1-424b-9868-57a2d4851a1d" relativeResultsDirectory="1935350f-ff67-4a3e-94dc-ef7190742e23" />
    <UnitTestResult executionId="2d3d25f2-caec-4893-9abe-7754986b9ff9" testId="f17d9aff-a552-41c5-804e-6e2cb5aaaedb" testName="FormatToStringTest1000 (22197.731451777618,22197.73 zł)" computerName="DESKTOP-5URQ9PB" duration="00:00:00.0000069" startTime="2022-06-13T21:12:02.1441868+02:00" endTime="2022-06-13T21:12:02.1442649+02:00" testType="13cdc9d9-ddb5-4fa4-a97d-d965ccfc6d4b" outcome="Passed" testListId="8c84fa94-04c1-424b-9868-57a2d4851a1d" relativeResultsDirectory="2d3d25f2-caec-4893-9abe-7754986b9ff9" />
    <UnitTestResult executionId="e4c8e18e-73e8-4740-a3c0-603357f7a64d" testId="a74cccdd-ea7c-49d3-aab1-c7be6e4119d1" testName="FormatToStringTest1000 (5108.217389855635,5108.22 zł)" computerName="DESKTOP-5URQ9PB" duration="00:00:00.0000070" startTime="2022-06-13T21:12:02.0879383+02:00" endTime="2022-06-13T21:12:02.0880050+02:00" testType="13cdc9d9-ddb5-4fa4-a97d-d965ccfc6d4b" outcome="Passed" testListId="8c84fa94-04c1-424b-9868-57a2d4851a1d" relativeResultsDirectory="e4c8e18e-73e8-4740-a3c0-603357f7a64d" />
    <UnitTestResult executionId="682f7d1f-9ec4-47c5-b1fa-c0be0cc04083" testId="fa060fa4-778b-45a0-abe8-0aa56a016b9e" testName="FormatToStringTest1000 (22494.46807976834,22494.47 zł)" computerName="DESKTOP-5URQ9PB" duration="00:00:00.0000062" startTime="2022-06-13T21:12:02.2283408+02:00" endTime="2022-06-13T21:12:02.2284078+02:00" testType="13cdc9d9-ddb5-4fa4-a97d-d965ccfc6d4b" outcome="Passed" testListId="8c84fa94-04c1-424b-9868-57a2d4851a1d" relativeResultsDirectory="682f7d1f-9ec4-47c5-b1fa-c0be0cc04083" />
    <UnitTestResult executionId="d70b8d43-dfc5-4e93-ad16-10358580a1e0" testId="b44f04c8-d01e-4312-8337-f012cd5aa84a" testName="FormatToStringTest1000 (1474.699818629166,1474.70 zł)" computerName="DESKTOP-5URQ9PB" duration="00:00:00.0000063" startTime="2022-06-13T21:12:02.2676515+02:00" endTime="2022-06-13T21:12:02.2677169+02:00" testType="13cdc9d9-ddb5-4fa4-a97d-d965ccfc6d4b" outcome="Passed" testListId="8c84fa94-04c1-424b-9868-57a2d4851a1d" relativeResultsDirectory="d70b8d43-dfc5-4e93-ad16-10358580a1e0" />
    <UnitTestResult executionId="4526febb-b309-422c-ba03-4c98ffbef6eb" testId="28a87896-4af9-4c0c-b724-3f48e163fcee" testName="FormatToStringTest1000 (55303.17220895699,55303.17 zł)" computerName="DESKTOP-5URQ9PB" duration="00:00:00.0000064" startTime="2022-06-13T21:12:02.0132477+02:00" endTime="2022-06-13T21:12:02.0133161+02:00" testType="13cdc9d9-ddb5-4fa4-a97d-d965ccfc6d4b" outcome="Passed" testListId="8c84fa94-04c1-424b-9868-57a2d4851a1d" relativeResultsDirectory="4526febb-b309-422c-ba03-4c98ffbef6eb" />
    <UnitTestResult executionId="59fe4a68-2bc1-482c-9e32-9d46e6965b0c" testId="8138a58f-cfda-4167-853c-1b4de9ffdc8f" testName="FormatToStringTest1000 (941.429400278921,941.43 zł)" computerName="DESKTOP-5URQ9PB" duration="00:00:00.0000064" startTime="2022-06-13T21:12:02.0876866+02:00" endTime="2022-06-13T21:12:02.0877525+02:00" testType="13cdc9d9-ddb5-4fa4-a97d-d965ccfc6d4b" outcome="Passed" testListId="8c84fa94-04c1-424b-9868-57a2d4851a1d" relativeResultsDirectory="59fe4a68-2bc1-482c-9e32-9d46e6965b0c" />
    <UnitTestResult executionId="ba0e2fbe-d8f5-4704-87d6-cb7822c571b7" testId="32a45b46-008e-426d-993d-ecd03c25b770" testName="FormatToStringTest1000 (47672.66266041652,47672.66 zł)" computerName="DESKTOP-5URQ9PB" duration="00:00:00.0000061" startTime="2022-06-13T21:12:02.2842790+02:00" endTime="2022-06-13T21:12:02.2843449+02:00" testType="13cdc9d9-ddb5-4fa4-a97d-d965ccfc6d4b" outcome="Passed" testListId="8c84fa94-04c1-424b-9868-57a2d4851a1d" relativeResultsDirectory="ba0e2fbe-d8f5-4704-87d6-cb7822c571b7" />
    <UnitTestResult executionId="7661b121-107b-4a14-a1a3-d0c0669ccfa7" testId="a465695c-9515-40fa-955e-4980bb64ff2b" testName="FormatToStringTest1000 (86.89546322771136,86.90 zł)" computerName="DESKTOP-5URQ9PB" duration="00:00:00.0000063" startTime="2022-06-13T21:12:01.9640882+02:00" endTime="2022-06-13T21:12:01.9641576+02:00" testType="13cdc9d9-ddb5-4fa4-a97d-d965ccfc6d4b" outcome="Passed" testListId="8c84fa94-04c1-424b-9868-57a2d4851a1d" relativeResultsDirectory="7661b121-107b-4a14-a1a3-d0c0669ccfa7" />
    <UnitTestResult executionId="91e3a729-e023-4c91-ad1c-a28b572fb54c" testId="0d3e182f-5075-4c8b-baeb-3e2fa035f4df" testName="FormatToStringTest1000 (27027.327683509946,27027.33 zł)" computerName="DESKTOP-5URQ9PB" duration="00:00:00.0000062" startTime="2022-06-13T21:12:02.0247849+02:00" endTime="2022-06-13T21:12:02.0248523+02:00" testType="13cdc9d9-ddb5-4fa4-a97d-d965ccfc6d4b" outcome="Passed" testListId="8c84fa94-04c1-424b-9868-57a2d4851a1d" relativeResultsDirectory="91e3a729-e023-4c91-ad1c-a28b572fb54c" />
    <UnitTestResult executionId="cfeac924-b8ea-4b70-ac8e-ea9611956ecf" testId="adbc1a7a-ca94-4150-90a0-1f616b423b98" testName="FormatToStringTest1000 (675.4589376107133,675.46 zł)" computerName="DESKTOP-5URQ9PB" duration="00:00:00.0000060" startTime="2022-06-13T21:12:02.2659098+02:00" endTime="2022-06-13T21:12:02.2659741+02:00" testType="13cdc9d9-ddb5-4fa4-a97d-d965ccfc6d4b" outcome="Passed" testListId="8c84fa94-04c1-424b-9868-57a2d4851a1d" relativeResultsDirectory="cfeac924-b8ea-4b70-ac8e-ea9611956ecf" />
    <UnitTestResult executionId="44eea710-5727-4614-ae57-85fadfa70bb2" testId="0669b762-ae52-4670-8419-e6eff78eda6d" testName="FormatToStringTest1000 (20737.251994218328,20737.25 zł)" computerName="DESKTOP-5URQ9PB" duration="00:00:00.0000064" startTime="2022-06-13T21:12:02.0097951+02:00" endTime="2022-06-13T21:12:02.0098622+02:00" testType="13cdc9d9-ddb5-4fa4-a97d-d965ccfc6d4b" outcome="Passed" testListId="8c84fa94-04c1-424b-9868-57a2d4851a1d" relativeResultsDirectory="44eea710-5727-4614-ae57-85fadfa70bb2" />
    <UnitTestResult executionId="0216e1d9-b478-4a5b-838d-c14187c64f58" testId="e8a6e62e-97ba-4df2-918d-9f52ed1d3dab" testName="FormatToStringTest1000 (59283.48311990662,59283.48 zł)" computerName="DESKTOP-5URQ9PB" duration="00:00:00.0000066" startTime="2022-06-13T21:12:02.0608946+02:00" endTime="2022-06-13T21:12:02.0609681+02:00" testType="13cdc9d9-ddb5-4fa4-a97d-d965ccfc6d4b" outcome="Passed" testListId="8c84fa94-04c1-424b-9868-57a2d4851a1d" relativeResultsDirectory="0216e1d9-b478-4a5b-838d-c14187c64f58" />
    <UnitTestResult executionId="8dbeac2d-3b4e-436a-99e4-1f4aaa87111e" testId="2ff86583-bea5-4fbf-945b-00d39f866c35" testName="FormatToStringTest1000 (39178.05988345298,39178.06 zł)" computerName="DESKTOP-5URQ9PB" duration="00:00:00.0000172" startTime="2022-06-13T21:12:01.9823394+02:00" endTime="2022-06-13T21:12:01.9824587+02:00" testType="13cdc9d9-ddb5-4fa4-a97d-d965ccfc6d4b" outcome="Passed" testListId="8c84fa94-04c1-424b-9868-57a2d4851a1d" relativeResultsDirectory="8dbeac2d-3b4e-436a-99e4-1f4aaa87111e" />
    <UnitTestResult executionId="efcb5377-6a71-430d-a1e3-240b6493ee12" testId="ea68c6d8-4c29-415d-8c50-e18d3f061bfe" testName="FormatToStringTest1000 (66541.05112730109,66541.05 zł)" computerName="DESKTOP-5URQ9PB" duration="00:00:00.0000068" startTime="2022-06-13T21:12:02.2905583+02:00" endTime="2022-06-13T21:12:02.2906229+02:00" testType="13cdc9d9-ddb5-4fa4-a97d-d965ccfc6d4b" outcome="Passed" testListId="8c84fa94-04c1-424b-9868-57a2d4851a1d" relativeResultsDirectory="efcb5377-6a71-430d-a1e3-240b6493ee12" />
    <UnitTestResult executionId="6467f843-0dce-4247-8a1c-c983c76cba61" testId="557d02a9-5140-463f-a300-4b95cdf2c4bc" testName="FormatToStringTest1000 (65809.35218338219,65809.35 zł)" computerName="DESKTOP-5URQ9PB" duration="00:00:00.0000061" startTime="2022-06-13T21:12:02.2759006+02:00" endTime="2022-06-13T21:12:02.2759658+02:00" testType="13cdc9d9-ddb5-4fa4-a97d-d965ccfc6d4b" outcome="Passed" testListId="8c84fa94-04c1-424b-9868-57a2d4851a1d" relativeResultsDirectory="6467f843-0dce-4247-8a1c-c983c76cba61" />
    <UnitTestResult executionId="70b5a7f3-5f5e-4403-9400-a3463ab1ccb8" testId="db2e774e-59b7-4d17-8992-3373bd11385f" testName="FormatToStringTest1000 (19609.759296997803,19609.76 zł)" computerName="DESKTOP-5URQ9PB" duration="00:00:00.0000063" startTime="2022-06-13T21:12:02.1136861+02:00" endTime="2022-06-13T21:12:02.1137533+02:00" testType="13cdc9d9-ddb5-4fa4-a97d-d965ccfc6d4b" outcome="Passed" testListId="8c84fa94-04c1-424b-9868-57a2d4851a1d" relativeResultsDirectory="70b5a7f3-5f5e-4403-9400-a3463ab1ccb8" />
    <UnitTestResult executionId="f0d5f010-bede-4b6b-ad3e-0bf4c2adf09c" testId="d2bb160a-57ef-4477-8461-1dc7847087e6" testName="FormatToStringTest1000 (238.1379397484185,238.14 zł)" computerName="DESKTOP-5URQ9PB" duration="00:00:00.0000075" startTime="2022-06-13T21:12:02.0605133+02:00" endTime="2022-06-13T21:12:02.0605922+02:00" testType="13cdc9d9-ddb5-4fa4-a97d-d965ccfc6d4b" outcome="Passed" testListId="8c84fa94-04c1-424b-9868-57a2d4851a1d" relativeResultsDirectory="f0d5f010-bede-4b6b-ad3e-0bf4c2adf09c" />
    <UnitTestResult executionId="4b3cf068-784d-4d3b-a032-ca7a34f7b2fe" testId="64b6064c-8ec7-492d-9f4a-231070982ce0" testName="FormatToStringTest1000 (635.3263313632116,635.33 zł)" computerName="DESKTOP-5URQ9PB" duration="00:00:00.0000083" startTime="2022-06-13T21:12:02.2798086+02:00" endTime="2022-06-13T21:12:02.2798906+02:00" testType="13cdc9d9-ddb5-4fa4-a97d-d965ccfc6d4b" outcome="Passed" testListId="8c84fa94-04c1-424b-9868-57a2d4851a1d" relativeResultsDirectory="4b3cf068-784d-4d3b-a032-ca7a34f7b2fe" />
    <UnitTestResult executionId="4bc32072-0d55-4f5f-9dfc-c17238064213" testId="af61f99f-a913-485c-b3eb-66e9f57fb41c" testName="FormatToStringTest1000 (28033.439084134738,28033.44 zł)" computerName="DESKTOP-5URQ9PB" duration="00:00:00.0000061" startTime="2022-06-13T21:12:02.1447076+02:00" endTime="2022-06-13T21:12:02.1447741+02:00" testType="13cdc9d9-ddb5-4fa4-a97d-d965ccfc6d4b" outcome="Passed" testListId="8c84fa94-04c1-424b-9868-57a2d4851a1d" relativeResultsDirectory="4bc32072-0d55-4f5f-9dfc-c17238064213" />
    <UnitTestResult executionId="2d078e5b-d369-4641-8eab-ec9074a9259a" testId="d33778c0-5a53-4e86-bbe8-ce1dc1c642b2" testName="FormatToStringTest1000 (24308.26523149212,24308.27 zł)" computerName="DESKTOP-5URQ9PB" duration="00:00:00.0000072" startTime="2022-06-13T21:12:02.2715705+02:00" endTime="2022-06-13T21:12:02.2716493+02:00" testType="13cdc9d9-ddb5-4fa4-a97d-d965ccfc6d4b" outcome="Passed" testListId="8c84fa94-04c1-424b-9868-57a2d4851a1d" relativeResultsDirectory="2d078e5b-d369-4641-8eab-ec9074a9259a" />
    <UnitTestResult executionId="03684f74-0f7f-4018-bb53-467cc9e8bee2" testId="6d755d59-3b34-409e-806c-2ed220e17d08" testName="FormatToStringTest1000 (40400.9734049295,40400.97 zł)" computerName="DESKTOP-5URQ9PB" duration="00:00:00.0000068" startTime="2022-06-13T21:12:02.0677720+02:00" endTime="2022-06-13T21:12:02.0678430+02:00" testType="13cdc9d9-ddb5-4fa4-a97d-d965ccfc6d4b" outcome="Passed" testListId="8c84fa94-04c1-424b-9868-57a2d4851a1d" relativeResultsDirectory="03684f74-0f7f-4018-bb53-467cc9e8bee2" />
    <UnitTestResult executionId="24168dfd-031e-45f6-979c-68d5adf876b5" testId="bc27e27b-2cd6-4cc4-8db3-a134f3133539" testName="FormatToStringTest1000 (8644.187977380207,8644.19 zł)" computerName="DESKTOP-5URQ9PB" duration="00:00:00.0000132" startTime="2022-06-13T21:12:02.2437538+02:00" endTime="2022-06-13T21:12:02.2439143+02:00" testType="13cdc9d9-ddb5-4fa4-a97d-d965ccfc6d4b" outcome="Passed" testListId="8c84fa94-04c1-424b-9868-57a2d4851a1d" relativeResultsDirectory="24168dfd-031e-45f6-979c-68d5adf876b5" />
    <UnitTestResult executionId="d94b9e38-cab0-455e-adf9-8b3e4910f9bb" testId="1dcc1c2f-9bc9-4d2f-86b5-d06420121e0b" testName="FormatToStringTest1000 (4539.210371735137,4539.21 zł)" computerName="DESKTOP-5URQ9PB" duration="00:00:00.0000062" startTime="2022-06-13T21:12:02.2526348+02:00" endTime="2022-06-13T21:12:02.2526987+02:00" testType="13cdc9d9-ddb5-4fa4-a97d-d965ccfc6d4b" outcome="Passed" testListId="8c84fa94-04c1-424b-9868-57a2d4851a1d" relativeResultsDirectory="d94b9e38-cab0-455e-adf9-8b3e4910f9bb" />
    <UnitTestResult executionId="4fff2fde-8b6d-4252-9245-d445ffaa1c64" testId="05c0a85a-29e8-48f1-9ad1-649d7b1ea291" testName="FormatToStringTest1000 (17953.338243749615,17953.34 zł)" computerName="DESKTOP-5URQ9PB" duration="00:00:00.0000085" startTime="2022-06-13T21:12:01.9827646+02:00" endTime="2022-06-13T21:12:01.9828676+02:00" testType="13cdc9d9-ddb5-4fa4-a97d-d965ccfc6d4b" outcome="Passed" testListId="8c84fa94-04c1-424b-9868-57a2d4851a1d" relativeResultsDirectory="4fff2fde-8b6d-4252-9245-d445ffaa1c64" />
    <UnitTestResult executionId="846b13b5-6958-46b2-a106-b0defe6f9e07" testId="bb5013cb-7d18-4425-8ae6-4a08d3a3b5bc" testName="FormatToStringTest1000 (6544.213759255695,6544.21 zł)" computerName="DESKTOP-5URQ9PB" duration="00:00:00.0000072" startTime="2022-06-13T21:12:02.2582861+02:00" endTime="2022-06-13T21:12:02.2583645+02:00" testType="13cdc9d9-ddb5-4fa4-a97d-d965ccfc6d4b" outcome="Passed" testListId="8c84fa94-04c1-424b-9868-57a2d4851a1d" relativeResultsDirectory="846b13b5-6958-46b2-a106-b0defe6f9e07" />
    <UnitTestResult executionId="63da131b-8b5a-4564-a92f-ede3035cad3b" testId="2cc81609-af64-406d-8f49-cc135149320f" testName="FormatToStringTest1000 (3846.644792262765,3846.64 zł)" computerName="DESKTOP-5URQ9PB" duration="00:00:00.0000062" startTime="2022-06-13T21:12:02.0448965+02:00" endTime="2022-06-13T21:12:02.0449636+02:00" testType="13cdc9d9-ddb5-4fa4-a97d-d965ccfc6d4b" outcome="Passed" testListId="8c84fa94-04c1-424b-9868-57a2d4851a1d" relativeResultsDirectory="63da131b-8b5a-4564-a92f-ede3035cad3b" />
    <UnitTestResult executionId="83735fb4-cc86-4308-8a53-6925c6eed664" testId="3b6b2e55-e5ea-49ce-ac96-210344a0558a" testName="FormatToStringTest1000 (19210.519530370144,19210.52 zł)" computerName="DESKTOP-5URQ9PB" duration="00:00:00.0000063" startTime="2022-06-13T21:12:02.1961562+02:00" endTime="2022-06-13T21:12:02.1962226+02:00" testType="13cdc9d9-ddb5-4fa4-a97d-d965ccfc6d4b" outcome="Passed" testListId="8c84fa94-04c1-424b-9868-57a2d4851a1d" relativeResultsDirectory="83735fb4-cc86-4308-8a53-6925c6eed664" />
    <UnitTestResult executionId="d1104c0b-cd32-4494-adfe-a86c0a52823a" testId="59225e1a-25d9-4ec8-96ac-b805780fdc2c" testName="FormatToStringTest1000 (14017.699524653006,14017.70 zł)" computerName="DESKTOP-5URQ9PB" duration="00:00:00.0000063" startTime="2022-06-13T21:12:02.2843619+02:00" endTime="2022-06-13T21:12:02.2844264+02:00" testType="13cdc9d9-ddb5-4fa4-a97d-d965ccfc6d4b" outcome="Passed" testListId="8c84fa94-04c1-424b-9868-57a2d4851a1d" relativeResultsDirectory="d1104c0b-cd32-4494-adfe-a86c0a52823a" />
    <UnitTestResult executionId="63c6452b-fb44-474c-b754-fd72e16ef63f" testId="de7fc788-c64e-4bf9-a138-ad9906e6f8d5" testName="FormatToStringTest1000 (45955.903045959254,45955.90 zł)" computerName="DESKTOP-5URQ9PB" duration="00:00:00.0000063" startTime="2022-06-13T21:12:02.2244923+02:00" endTime="2022-06-13T21:12:02.2245566+02:00" testType="13cdc9d9-ddb5-4fa4-a97d-d965ccfc6d4b" outcome="Passed" testListId="8c84fa94-04c1-424b-9868-57a2d4851a1d" relativeResultsDirectory="63c6452b-fb44-474c-b754-fd72e16ef63f" />
    <UnitTestResult executionId="dd5128f4-95c4-4a84-913f-1e0eeb9f2d61" testId="3d54f353-eb58-4bbb-970c-ea31b5937237" testName="FormatToStringTest1000 (1649.0127968480872,1649.01 zł)" computerName="DESKTOP-5URQ9PB" duration="00:00:00.0000067" startTime="2022-06-13T21:12:01.9770991+02:00" endTime="2022-06-13T21:12:01.9771831+02:00" testType="13cdc9d9-ddb5-4fa4-a97d-d965ccfc6d4b" outcome="Passed" testListId="8c84fa94-04c1-424b-9868-57a2d4851a1d" relativeResultsDirectory="dd5128f4-95c4-4a84-913f-1e0eeb9f2d61" />
    <UnitTestResult executionId="abf8ec9d-4ece-47fb-b560-5ca811414046" testId="b3db0c1f-7d6d-422e-908d-5a887e11d0f5" testName="FormatToStringTest1000 (70771.4436677524,70771.44 zł)" computerName="DESKTOP-5URQ9PB" duration="00:00:00.0000068" startTime="2022-06-13T21:12:01.9933407+02:00" endTime="2022-06-13T21:12:01.9934120+02:00" testType="13cdc9d9-ddb5-4fa4-a97d-d965ccfc6d4b" outcome="Passed" testListId="8c84fa94-04c1-424b-9868-57a2d4851a1d" relativeResultsDirectory="abf8ec9d-4ece-47fb-b560-5ca811414046" />
    <UnitTestResult executionId="32fa6ecb-13f4-4359-b8d2-4317217eb4d2" testId="f6cde040-fa37-4ab2-8baa-512badb0a566" testName="FormatToStringTest1000 (50956.25028206606,50956.25 zł)" computerName="DESKTOP-5URQ9PB" duration="00:00:00.0000064" startTime="2022-06-13T21:12:02.0312105+02:00" endTime="2022-06-13T21:12:02.0312937+02:00" testType="13cdc9d9-ddb5-4fa4-a97d-d965ccfc6d4b" outcome="Passed" testListId="8c84fa94-04c1-424b-9868-57a2d4851a1d" relativeResultsDirectory="32fa6ecb-13f4-4359-b8d2-4317217eb4d2" />
    <UnitTestResult executionId="a7434908-1f9f-4d57-bad1-a3b3a54e1012" testId="5c67f8c9-81ca-463b-bb9c-6ccbbea9b291" testName="FormatToStringTest1000 (18023.78504577455,18023.79 zł)" computerName="DESKTOP-5URQ9PB" duration="00:00:00.0000069" startTime="2022-06-13T21:12:02.0480783+02:00" endTime="2022-06-13T21:12:02.0481452+02:00" testType="13cdc9d9-ddb5-4fa4-a97d-d965ccfc6d4b" outcome="Passed" testListId="8c84fa94-04c1-424b-9868-57a2d4851a1d" relativeResultsDirectory="a7434908-1f9f-4d57-bad1-a3b3a54e1012" />
    <UnitTestResult executionId="73848e8e-8ee6-40c8-88a5-0c0cda269b79" testId="c1fd5630-76ca-481a-b45b-13df0c047387" testName="FormatToStringTest1000 (56373.35086238494,56373.35 zł)" computerName="DESKTOP-5URQ9PB" duration="00:00:00.0000064" startTime="2022-06-13T21:12:02.0875176+02:00" endTime="2022-06-13T21:12:02.0875844+02:00" testType="13cdc9d9-ddb5-4fa4-a97d-d965ccfc6d4b" outcome="Passed" testListId="8c84fa94-04c1-424b-9868-57a2d4851a1d" relativeResultsDirectory="73848e8e-8ee6-40c8-88a5-0c0cda269b79" />
    <UnitTestResult executionId="6bf22f43-c273-4e55-a934-bead5e9017d3" testId="29a43b83-0fa3-41b3-a3bb-518a10fcf816" testName="FormatToStringTest1000 (33245.44763357819,33245.45 zł)" computerName="DESKTOP-5URQ9PB" duration="00:00:00.0000063" startTime="2022-06-13T21:12:02.1012159+02:00" endTime="2022-06-13T21:12:02.1012888+02:00" testType="13cdc9d9-ddb5-4fa4-a97d-d965ccfc6d4b" outcome="Passed" testListId="8c84fa94-04c1-424b-9868-57a2d4851a1d" relativeResultsDirectory="6bf22f43-c273-4e55-a934-bead5e9017d3" />
    <UnitTestResult executionId="f8034362-3a54-437a-9421-14a35b9d353d" testId="87e2fa89-eacd-463d-ab50-fba1150ac455" testName="FormatToStringTest1000 (21573.45329517613,21573.45 zł)" computerName="DESKTOP-5URQ9PB" duration="00:00:00.0000061" startTime="2022-06-13T21:12:02.2907195+02:00" endTime="2022-06-13T21:12:02.2907837+02:00" testType="13cdc9d9-ddb5-4fa4-a97d-d965ccfc6d4b" outcome="Passed" testListId="8c84fa94-04c1-424b-9868-57a2d4851a1d" relativeResultsDirectory="f8034362-3a54-437a-9421-14a35b9d353d" />
    <UnitTestResult executionId="8d38ab00-ca92-41a8-a431-da22b18ed2dd" testId="abd6b416-91cb-4322-81c1-f88a7abbc796" testName="FormatToStringTest1000 (27893.312729890138,27893.31 zł)" computerName="DESKTOP-5URQ9PB" duration="00:00:00.0000063" startTime="2022-06-13T21:12:01.9706108+02:00" endTime="2022-06-13T21:12:01.9706784+02:00" testType="13cdc9d9-ddb5-4fa4-a97d-d965ccfc6d4b" outcome="Passed" testListId="8c84fa94-04c1-424b-9868-57a2d4851a1d" relativeResultsDirectory="8d38ab00-ca92-41a8-a431-da22b18ed2dd" />
    <UnitTestResult executionId="0c55f255-9220-4f2a-9a8a-9e4f7852e4ed" testId="fef58c8b-0bb9-4aad-9652-67750b62e22a" testName="FormatToStringTest1000 (657.5396922647672,657.54 zł)" computerName="DESKTOP-5URQ9PB" duration="00:00:00.0000063" startTime="2022-06-13T21:12:02.0941737+02:00" endTime="2022-06-13T21:12:02.0942460+02:00" testType="13cdc9d9-ddb5-4fa4-a97d-d965ccfc6d4b" outcome="Passed" testListId="8c84fa94-04c1-424b-9868-57a2d4851a1d" relativeResultsDirectory="0c55f255-9220-4f2a-9a8a-9e4f7852e4ed" />
    <UnitTestResult executionId="4b98f7c1-8195-432c-85d0-b1717ef808f2" testId="fc819454-1d04-44ce-906f-26bc4647c09c" testName="FormatToStringTest1000 (14712.754747761765,14712.75 zł)" computerName="DESKTOP-5URQ9PB" duration="00:00:00.0000061" startTime="2022-06-13T21:12:02.2461346+02:00" endTime="2022-06-13T21:12:02.2461998+02:00" testType="13cdc9d9-ddb5-4fa4-a97d-d965ccfc6d4b" outcome="Passed" testListId="8c84fa94-04c1-424b-9868-57a2d4851a1d" relativeResultsDirectory="4b98f7c1-8195-432c-85d0-b1717ef808f2" />
    <UnitTestResult executionId="4ffbfea0-1260-432f-9dac-b140feff1853" testId="b1fc2ff7-546c-4e2a-aca9-c703ad9e0751" testName="FormatToStringTest1000 (2901.9683054191846,2901.97 zł)" computerName="DESKTOP-5URQ9PB" duration="00:00:00.0000063" startTime="2022-06-13T21:12:02.0538520+02:00" endTime="2022-06-13T21:12:02.0539201+02:00" testType="13cdc9d9-ddb5-4fa4-a97d-d965ccfc6d4b" outcome="Passed" testListId="8c84fa94-04c1-424b-9868-57a2d4851a1d" relativeResultsDirectory="4ffbfea0-1260-432f-9dac-b140feff1853" />
    <UnitTestResult executionId="a5d66627-d914-41ae-b10e-953100d86c12" testId="363bc344-f7d9-4882-9aab-b3e4ca5b0ce6" testName="FormatToStringTest1000 (14475.498583194567,14475.50 zł)" computerName="DESKTOP-5URQ9PB" duration="00:00:00.0000060" startTime="2022-06-13T21:12:02.2700639+02:00" endTime="2022-06-13T21:12:02.2701284+02:00" testType="13cdc9d9-ddb5-4fa4-a97d-d965ccfc6d4b" outcome="Passed" testListId="8c84fa94-04c1-424b-9868-57a2d4851a1d" relativeResultsDirectory="a5d66627-d914-41ae-b10e-953100d86c12" />
    <UnitTestResult executionId="3afc9501-c4f7-47a5-98f4-9ec30dccf937" testId="9588cd24-e0dc-4e1d-9fa9-7956cc8e7f3a" testName="FormatToStringTest1000 (3030.9461949132133,3030.95 zł)" computerName="DESKTOP-5URQ9PB" duration="00:00:00.0000065" startTime="2022-06-13T21:12:02.1105032+02:00" endTime="2022-06-13T21:12:02.1105719+02:00" testType="13cdc9d9-ddb5-4fa4-a97d-d965ccfc6d4b" outcome="Passed" testListId="8c84fa94-04c1-424b-9868-57a2d4851a1d" relativeResultsDirectory="3afc9501-c4f7-47a5-98f4-9ec30dccf937" />
    <UnitTestResult executionId="36b223c7-118e-4dbd-9cc5-ad9b343e11d8" testId="21f05c71-98b9-4a38-95f4-13242a8c82c9" testName="FormatToStringTest1000 (10461.455048841171,10461.46 zł)" computerName="DESKTOP-5URQ9PB" duration="00:00:00.0000064" startTime="2022-06-13T21:12:02.0937509+02:00" endTime="2022-06-13T21:12:02.0938178+02:00" testType="13cdc9d9-ddb5-4fa4-a97d-d965ccfc6d4b" outcome="Passed" testListId="8c84fa94-04c1-424b-9868-57a2d4851a1d" relativeResultsDirectory="36b223c7-118e-4dbd-9cc5-ad9b343e11d8" />
    <UnitTestResult executionId="f60bd0c1-dc24-4057-a01a-b03f1fd811d2" testId="b52dd752-1183-44d3-b203-30931d038347" testName="FormatToStringTest1000 (10914.360814625099,10914.36 zł)" computerName="DESKTOP-5URQ9PB" duration="00:00:00.0000061" startTime="2022-06-13T21:12:01.9117922+02:00" endTime="2022-06-13T21:12:01.9118602+02:00" testType="13cdc9d9-ddb5-4fa4-a97d-d965ccfc6d4b" outcome="Passed" testListId="8c84fa94-04c1-424b-9868-57a2d4851a1d" relativeResultsDirectory="f60bd0c1-dc24-4057-a01a-b03f1fd811d2" />
    <UnitTestResult executionId="f30b47f0-0e26-4878-bef4-9b062f4a3e67" testId="8351a547-3ea7-4d5c-afa1-6328808298b4" testName="FormatToStringTest1000 (28992.38363400166,28992.38 zł)" computerName="DESKTOP-5URQ9PB" duration="00:00:00.0000062" startTime="2022-06-13T21:12:02.2267218+02:00" endTime="2022-06-13T21:12:02.2267861+02:00" testType="13cdc9d9-ddb5-4fa4-a97d-d965ccfc6d4b" outcome="Passed" testListId="8c84fa94-04c1-424b-9868-57a2d4851a1d" relativeResultsDirectory="f30b47f0-0e26-4878-bef4-9b062f4a3e67" />
    <UnitTestResult executionId="e2c6b094-1e0e-4284-bf69-1c205bf6eaee" testId="95f2e438-00c9-4794-99aa-37c45fb246bd" testName="FormatToStringTest1000 (11022.594234092438,11022.59 zł)" computerName="DESKTOP-5URQ9PB" duration="00:00:00.0000062" startTime="2022-06-13T21:12:02.0909636+02:00" endTime="2022-06-13T21:12:02.0910302+02:00" testType="13cdc9d9-ddb5-4fa4-a97d-d965ccfc6d4b" outcome="Passed" testListId="8c84fa94-04c1-424b-9868-57a2d4851a1d" relativeResultsDirectory="e2c6b094-1e0e-4284-bf69-1c205bf6eaee" />
    <UnitTestResult executionId="b6fda4e2-3c36-49a7-b528-9a395444bccb" testId="54465e8b-0c3d-4ae5-9849-8830c460555b" testName="FormatToStringTest1000 (10227.532692039169,10227.53 zł)" computerName="DESKTOP-5URQ9PB" duration="00:00:00.0000062" startTime="2022-06-13T21:12:02.0214866+02:00" endTime="2022-06-13T21:12:02.0215538+02:00" testType="13cdc9d9-ddb5-4fa4-a97d-d965ccfc6d4b" outcome="Passed" testListId="8c84fa94-04c1-424b-9868-57a2d4851a1d" relativeResultsDirectory="b6fda4e2-3c36-49a7-b528-9a395444bccb" />
    <UnitTestResult executionId="c183d3b5-3900-456a-984a-98890d2d878b" testId="c390ac86-4641-409a-8bd6-24210b74422b" testName="FormatToStringTest1000 (21281.64584727662,21281.65 zł)" computerName="DESKTOP-5URQ9PB" duration="00:00:00.0000072" startTime="2022-06-13T21:12:02.0444466+02:00" endTime="2022-06-13T21:12:02.0445337+02:00" testType="13cdc9d9-ddb5-4fa4-a97d-d965ccfc6d4b" outcome="Passed" testListId="8c84fa94-04c1-424b-9868-57a2d4851a1d" relativeResultsDirectory="c183d3b5-3900-456a-984a-98890d2d878b" />
    <UnitTestResult executionId="2ddc0249-001c-4981-a1ac-fe8ae94c6260" testId="834ae33b-d5b5-42c0-97f6-df3ad2ba5f34" testName="FormatToStringTest1000 (28583.827618148098,28583.83 zł)" computerName="DESKTOP-5URQ9PB" duration="00:00:00.0000064" startTime="2022-06-13T21:12:02.0100483+02:00" endTime="2022-06-13T21:12:02.0101155+02:00" testType="13cdc9d9-ddb5-4fa4-a97d-d965ccfc6d4b" outcome="Passed" testListId="8c84fa94-04c1-424b-9868-57a2d4851a1d" relativeResultsDirectory="2ddc0249-001c-4981-a1ac-fe8ae94c6260" />
    <UnitTestResult executionId="a81f5736-c859-46bc-a919-afd54c370fb4" testId="6e20b3bc-cf00-4ae0-a940-f26ac2f432cd" testName="FormatToStringTest1000 (9750.134289915735,9750.13 zł)" computerName="DESKTOP-5URQ9PB" duration="00:00:00.0000062" startTime="2022-06-13T21:12:02.2264789+02:00" endTime="2022-06-13T21:12:02.2265431+02:00" testType="13cdc9d9-ddb5-4fa4-a97d-d965ccfc6d4b" outcome="Passed" testListId="8c84fa94-04c1-424b-9868-57a2d4851a1d" relativeResultsDirectory="a81f5736-c859-46bc-a919-afd54c370fb4" />
    <UnitTestResult executionId="0a6effb5-c18a-49c5-bab5-52c4bae8d0ed" testId="f1f5b119-e05e-4385-8c1d-2e833f0ec53b" testName="FormatToStringTest1000 (47630.39193684067,47630.39 zł)" computerName="DESKTOP-5URQ9PB" duration="00:00:00.0000065" startTime="2022-06-13T21:12:02.0064388+02:00" endTime="2022-06-13T21:12:02.0065073+02:00" testType="13cdc9d9-ddb5-4fa4-a97d-d965ccfc6d4b" outcome="Passed" testListId="8c84fa94-04c1-424b-9868-57a2d4851a1d" relativeResultsDirectory="0a6effb5-c18a-49c5-bab5-52c4bae8d0ed" />
    <UnitTestResult executionId="5b8c011a-489d-40d5-a485-8894a1a69d5d" testId="c2590f7c-a212-4f91-923e-518ec826ee7a" testName="FormatToStringTest1000 (20497.107923553376,20497.11 zł)" computerName="DESKTOP-5URQ9PB" duration="00:00:00.0000060" startTime="2022-06-13T21:12:02.2681396+02:00" endTime="2022-06-13T21:12:02.2682035+02:00" testType="13cdc9d9-ddb5-4fa4-a97d-d965ccfc6d4b" outcome="Passed" testListId="8c84fa94-04c1-424b-9868-57a2d4851a1d" relativeResultsDirectory="5b8c011a-489d-40d5-a485-8894a1a69d5d" />
    <UnitTestResult executionId="7892857a-1d5f-4102-b23a-bad95a5f7d6c" testId="cdfb4a45-22f7-47d3-a35b-a5268c9e101a" testName="FormatToStringTest1000 (16210.791556035536,16210.79 zł)" computerName="DESKTOP-5URQ9PB" duration="00:00:00.0000063" startTime="2022-06-13T21:12:02.2346178+02:00" endTime="2022-06-13T21:12:02.2346824+02:00" testType="13cdc9d9-ddb5-4fa4-a97d-d965ccfc6d4b" outcome="Passed" testListId="8c84fa94-04c1-424b-9868-57a2d4851a1d" relativeResultsDirectory="7892857a-1d5f-4102-b23a-bad95a5f7d6c" />
    <UnitTestResult executionId="30e38221-85b9-4d6c-b986-87df4f68e18f" testId="c421d140-2983-484d-97dc-f43fb9794bc5" testName="FormatToStringTest1000 (6820.105136090938,6820.11 zł)" computerName="DESKTOP-5URQ9PB" duration="00:00:00.0000060" startTime="2022-06-13T21:12:02.2503738+02:00" endTime="2022-06-13T21:12:02.2504380+02:00" testType="13cdc9d9-ddb5-4fa4-a97d-d965ccfc6d4b" outcome="Passed" testListId="8c84fa94-04c1-424b-9868-57a2d4851a1d" relativeResultsDirectory="30e38221-85b9-4d6c-b986-87df4f68e18f" />
    <UnitTestResult executionId="552115fc-f888-4591-81e6-eb34e8be695e" testId="28545007-d462-432f-9488-88040ee33fd0" testName="FormatToStringTest1000 (13478.157112043891,13478.16 zł)" computerName="DESKTOP-5URQ9PB" duration="00:00:00.0000462" startTime="2022-06-13T21:12:02.1820217+02:00" endTime="2022-06-13T21:12:02.1822959+02:00" testType="13cdc9d9-ddb5-4fa4-a97d-d965ccfc6d4b" outcome="Passed" testListId="8c84fa94-04c1-424b-9868-57a2d4851a1d" relativeResultsDirectory="552115fc-f888-4591-81e6-eb34e8be695e" />
    <UnitTestResult executionId="6dc901f8-c41c-488f-ab10-84d1a24faba1" testId="cb563442-be53-4519-8472-e76d20092fb7" testName="FormatToStringTest1000 (1562.3173604776698,1562.32 zł)" computerName="DESKTOP-5URQ9PB" duration="00:00:00.0000062" startTime="2022-06-13T21:12:02.0717731+02:00" endTime="2022-06-13T21:12:02.0718403+02:00" testType="13cdc9d9-ddb5-4fa4-a97d-d965ccfc6d4b" outcome="Passed" testListId="8c84fa94-04c1-424b-9868-57a2d4851a1d" relativeResultsDirectory="6dc901f8-c41c-488f-ab10-84d1a24faba1" />
    <UnitTestResult executionId="caefb56e-b167-467b-aacb-e20ca3159f64" testId="4cf0f32f-1cad-434c-ac41-b5e883db6b5c" testName="FormatToStringTest1000 (67898.54481444067,67898.54 zł)" computerName="DESKTOP-5URQ9PB" duration="00:00:00.0000061" startTime="2022-06-13T21:12:02.0280136+02:00" endTime="2022-06-13T21:12:02.0280801+02:00" testType="13cdc9d9-ddb5-4fa4-a97d-d965ccfc6d4b" outcome="Passed" testListId="8c84fa94-04c1-424b-9868-57a2d4851a1d" relativeResultsDirectory="caefb56e-b167-467b-aacb-e20ca3159f64" />
    <UnitTestResult executionId="ac22c9e3-e8f7-413e-8740-6f8f187caec6" testId="d644c0e1-5257-4f6e-b204-fc7049032fac" testName="FormatToStringTest1000 (8499.121443388574,8499.12 zł)" computerName="DESKTOP-5URQ9PB" duration="00:00:00.0000064" startTime="2022-06-13T21:12:01.9707799+02:00" endTime="2022-06-13T21:12:01.9708518+02:00" testType="13cdc9d9-ddb5-4fa4-a97d-d965ccfc6d4b" outcome="Passed" testListId="8c84fa94-04c1-424b-9868-57a2d4851a1d" relativeResultsDirectory="ac22c9e3-e8f7-413e-8740-6f8f187caec6" />
    <UnitTestResult executionId="1095db1e-2f6f-4c7f-93d6-e31bebfd8295" testId="1591ef6b-d0ee-4a30-92f5-18662bc40a0b" testName="FormatToStringTest1000 (16637.074429372828,16637.07 zł)" computerName="DESKTOP-5URQ9PB" duration="00:00:00.0000062" startTime="2022-06-13T21:12:02.0508335+02:00" endTime="2022-06-13T21:12:02.0508999+02:00" testType="13cdc9d9-ddb5-4fa4-a97d-d965ccfc6d4b" outcome="Passed" testListId="8c84fa94-04c1-424b-9868-57a2d4851a1d" relativeResultsDirectory="1095db1e-2f6f-4c7f-93d6-e31bebfd8295" />
    <UnitTestResult executionId="c7a2757d-527c-4555-bb0e-2809b581bd24" testId="97d0abb2-3078-4186-88e9-5b5ca33b71ec" testName="FormatToStringTest1000 (67380.07704875062,67380.08 zł)" computerName="DESKTOP-5URQ9PB" duration="00:00:00.0000072" startTime="2022-06-13T21:12:02.0750302+02:00" endTime="2022-06-13T21:12:02.0750982+02:00" testType="13cdc9d9-ddb5-4fa4-a97d-d965ccfc6d4b" outcome="Passed" testListId="8c84fa94-04c1-424b-9868-57a2d4851a1d" relativeResultsDirectory="c7a2757d-527c-4555-bb0e-2809b581bd24" />
    <UnitTestResult executionId="06c7b2b8-9d8b-4665-970c-a05457facbfc" testId="a79aa402-fa73-4466-a1ae-85a6c8dafb82" testName="FormatToStringTest1000 (19189.32381924117,19189.32 zł)" computerName="DESKTOP-5URQ9PB" duration="00:00:00.0000071" startTime="2022-06-13T21:12:02.0506479+02:00" endTime="2022-06-13T21:12:02.0507277+02:00" testType="13cdc9d9-ddb5-4fa4-a97d-d965ccfc6d4b" outcome="Passed" testListId="8c84fa94-04c1-424b-9868-57a2d4851a1d" relativeResultsDirectory="06c7b2b8-9d8b-4665-970c-a05457facbfc" />
    <UnitTestResult executionId="8373fe24-8d3f-4c62-a37f-54076647d130" testId="7b8f1e7d-da60-49c4-9e47-cc59c9286a80" testName="FormatToStringTest1000 (38253.101637909705,38253.10 zł)" computerName="DESKTOP-5URQ9PB" duration="00:00:00.0000062" startTime="2022-06-13T21:12:02.2126001+02:00" endTime="2022-06-13T21:12:02.2126652+02:00" testType="13cdc9d9-ddb5-4fa4-a97d-d965ccfc6d4b" outcome="Passed" testListId="8c84fa94-04c1-424b-9868-57a2d4851a1d" relativeResultsDirectory="8373fe24-8d3f-4c62-a37f-54076647d130" />
    <UnitTestResult executionId="b9b35ef0-4aca-4073-9a1e-c7636877802a" testId="198d9815-24ea-4083-94d0-6503bbebbb32" testName="FormatToStringTest1000 (33251.41907856028,33251.42 zł)" computerName="DESKTOP-5URQ9PB" duration="00:00:00.0000063" startTime="2022-06-13T21:12:02.0068666+02:00" endTime="2022-06-13T21:12:02.0069343+02:00" testType="13cdc9d9-ddb5-4fa4-a97d-d965ccfc6d4b" outcome="Passed" testListId="8c84fa94-04c1-424b-9868-57a2d4851a1d" relativeResultsDirectory="b9b35ef0-4aca-4073-9a1e-c7636877802a" />
    <UnitTestResult executionId="ac8f67b5-0955-412e-9fcf-1055764e1195" testId="a38647dd-9c8b-4a5d-8b22-df9b7597b608" testName="FormatToStringTest1000 (64124.274503948756,64124.27 zł)" computerName="DESKTOP-5URQ9PB" duration="00:00:00.0000063" startTime="2022-06-13T21:12:02.0844960+02:00" endTime="2022-06-13T21:12:02.0845628+02:00" testType="13cdc9d9-ddb5-4fa4-a97d-d965ccfc6d4b" outcome="Passed" testListId="8c84fa94-04c1-424b-9868-57a2d4851a1d" relativeResultsDirectory="ac8f67b5-0955-412e-9fcf-1055764e1195" />
    <UnitTestResult executionId="b3ca75aa-c26f-4e9b-9382-a1b04b7bbeb1" testId="0d957147-b9f8-4351-8d36-755ba423bf8d" testName="FormatToStringTest1000 (56286.70397975702,56286.70 zł)" computerName="DESKTOP-5URQ9PB" duration="00:00:00.0000072" startTime="2022-06-13T21:12:02.2183702+02:00" endTime="2022-06-13T21:12:02.2184527+02:00" testType="13cdc9d9-ddb5-4fa4-a97d-d965ccfc6d4b" outcome="Passed" testListId="8c84fa94-04c1-424b-9868-57a2d4851a1d" relativeResultsDirectory="b3ca75aa-c26f-4e9b-9382-a1b04b7bbeb1" />
    <UnitTestResult executionId="5338a15f-6909-48b8-a75e-f13f091acefe" testId="e4024793-c8b2-4654-9c33-20dcc86a0215" testName="FormatToStringTest1000 (68479.93492677805,68479.93 zł)" computerName="DESKTOP-5URQ9PB" duration="00:00:00.0000062" startTime="2022-06-13T21:12:02.2719123+02:00" endTime="2022-06-13T21:12:02.2719770+02:00" testType="13cdc9d9-ddb5-4fa4-a97d-d965ccfc6d4b" outcome="Passed" testListId="8c84fa94-04c1-424b-9868-57a2d4851a1d" relativeResultsDirectory="5338a15f-6909-48b8-a75e-f13f091acefe" />
    <UnitTestResult executionId="e0bce663-3a15-4628-b98b-305082ba0ec5" testId="ede27801-7a8c-445c-8708-ae941a756600" testName="FormatToStringTest1000 (26515.80237687929,26515.80 zł)" computerName="DESKTOP-5URQ9PB" duration="00:00:00.0000063" startTime="2022-06-13T21:12:01.9538092+02:00" endTime="2022-06-13T21:12:01.9538770+02:00" testType="13cdc9d9-ddb5-4fa4-a97d-d965ccfc6d4b" outcome="Passed" testListId="8c84fa94-04c1-424b-9868-57a2d4851a1d" relativeResultsDirectory="e0bce663-3a15-4628-b98b-305082ba0ec5" />
    <UnitTestResult executionId="23388128-4507-46f4-94ad-7e208a466b09" testId="65c1a6c3-72e7-4643-a9fa-dd9f1a77adf3" testName="FormatToStringTest1000 (54724.71040318008,54724.71 zł)" computerName="DESKTOP-5URQ9PB" duration="00:00:00.0000086" startTime="2022-06-13T21:12:02.0338027+02:00" endTime="2022-06-13T21:12:02.0339013+02:00" testType="13cdc9d9-ddb5-4fa4-a97d-d965ccfc6d4b" outcome="Passed" testListId="8c84fa94-04c1-424b-9868-57a2d4851a1d" relativeResultsDirectory="23388128-4507-46f4-94ad-7e208a466b09" />
    <UnitTestResult executionId="33549581-79dc-423c-b822-7dafb5ec6bb6" testId="b6885a2c-51a0-4443-83bf-6b04fdc1a283" testName="FormatToStringTest1000 (806.960597043373,806.96 zł)" computerName="DESKTOP-5URQ9PB" duration="00:00:00.0000067" startTime="2022-06-13T21:12:02.2187170+02:00" endTime="2022-06-13T21:12:02.2187829+02:00" testType="13cdc9d9-ddb5-4fa4-a97d-d965ccfc6d4b" outcome="Passed" testListId="8c84fa94-04c1-424b-9868-57a2d4851a1d" relativeResultsDirectory="33549581-79dc-423c-b822-7dafb5ec6bb6" />
    <UnitTestResult executionId="dc4cce0a-ced2-4fd4-ba0a-ed035a29ade6" testId="c44bbccf-0d38-4e14-917c-a3eb3d497183" testName="FormatToStringTest1000 (50991.22189691114,50991.22 zł)" computerName="DESKTOP-5URQ9PB" duration="00:00:00.0000096" startTime="2022-06-13T21:12:01.9826210+02:00" endTime="2022-06-13T21:12:01.9827335+02:00" testType="13cdc9d9-ddb5-4fa4-a97d-d965ccfc6d4b" outcome="Passed" testListId="8c84fa94-04c1-424b-9868-57a2d4851a1d" relativeResultsDirectory="dc4cce0a-ced2-4fd4-ba0a-ed035a29ade6" />
    <UnitTestResult executionId="fe8be9bd-db67-4b68-b53c-5701afeef905" testId="e10f56f0-621c-489f-bb57-c9056e2fe2e8" testName="FormatToStringTest1000 (643.3550376181281,643.36 zł)" computerName="DESKTOP-5URQ9PB" duration="00:00:00.0000065" startTime="2022-06-13T21:12:02.2211914+02:00" endTime="2022-06-13T21:12:02.2212760+02:00" testType="13cdc9d9-ddb5-4fa4-a97d-d965ccfc6d4b" outcome="Passed" testListId="8c84fa94-04c1-424b-9868-57a2d4851a1d" relativeResultsDirectory="fe8be9bd-db67-4b68-b53c-5701afeef905" />
    <UnitTestResult executionId="c0102b66-47f4-4ebb-9d03-2d5f289c48cf" testId="6440da7d-d474-4bf9-b396-62b3b3ea4a69" testName="FormatToStringTest1000 (9774.341362926803,9774.34 zł)" computerName="DESKTOP-5URQ9PB" duration="00:00:00.0000069" startTime="2022-06-13T21:12:02.0129864+02:00" endTime="2022-06-13T21:12:02.0130540+02:00" testType="13cdc9d9-ddb5-4fa4-a97d-d965ccfc6d4b" outcome="Passed" testListId="8c84fa94-04c1-424b-9868-57a2d4851a1d" relativeResultsDirectory="c0102b66-47f4-4ebb-9d03-2d5f289c48cf" />
    <UnitTestResult executionId="dbc190b9-e46f-432b-85cd-6975725359c7" testId="d89a7fee-372d-4639-9565-0efb727124e9" testName="FormatToStringTest1000 (21753.84773194969,21753.85 zł)" computerName="DESKTOP-5URQ9PB" duration="00:00:00.0000063" startTime="2022-06-13T21:12:02.0097101+02:00" endTime="2022-06-13T21:12:02.0097768+02:00" testType="13cdc9d9-ddb5-4fa4-a97d-d965ccfc6d4b" outcome="Passed" testListId="8c84fa94-04c1-424b-9868-57a2d4851a1d" relativeResultsDirectory="dbc190b9-e46f-432b-85cd-6975725359c7" />
    <UnitTestResult executionId="a53b91db-322d-40cc-addc-16671acb44e8" testId="e38d9f57-dff3-424e-af4c-90641582ea62" testName="FormatToStringTest1000 (15080.274618567097,15080.27 zł)" computerName="DESKTOP-5URQ9PB" duration="00:00:00.0000073" startTime="2022-06-13T21:12:02.1268704+02:00" endTime="2022-06-13T21:12:02.1269577+02:00" testType="13cdc9d9-ddb5-4fa4-a97d-d965ccfc6d4b" outcome="Passed" testListId="8c84fa94-04c1-424b-9868-57a2d4851a1d" relativeResultsDirectory="a53b91db-322d-40cc-addc-16671acb44e8" />
    <UnitTestResult executionId="73ee2b5d-4be2-46aa-af9f-053790bc2970" testId="c5e5caac-2c50-43a1-8b31-5df9fcf41d17" testName="FormatToStringTest1000 (7753.724411372898,7753.72 zł)" computerName="DESKTOP-5URQ9PB" duration="00:00:00.0000063" startTime="2022-06-13T21:12:02.0033406+02:00" endTime="2022-06-13T21:12:02.0034082+02:00" testType="13cdc9d9-ddb5-4fa4-a97d-d965ccfc6d4b" outcome="Passed" testListId="8c84fa94-04c1-424b-9868-57a2d4851a1d" relativeResultsDirectory="73ee2b5d-4be2-46aa-af9f-053790bc2970" />
    <UnitTestResult executionId="efa5936e-5f61-4df9-ab84-2f05017220df" testId="e588fde1-7b3b-4429-8e8d-a57f4a6db9bf" testName="FormatToStringTest1000 (23684.695462791573,23684.70 zł)" computerName="DESKTOP-5URQ9PB" duration="00:00:00.0000062" startTime="2022-06-13T21:12:02.2144199+02:00" endTime="2022-06-13T21:12:02.2144859+02:00" testType="13cdc9d9-ddb5-4fa4-a97d-d965ccfc6d4b" outcome="Passed" testListId="8c84fa94-04c1-424b-9868-57a2d4851a1d" relativeResultsDirectory="efa5936e-5f61-4df9-ab84-2f05017220df" />
    <UnitTestResult executionId="ef381127-2a10-4b42-bbae-02a88e9d21a3" testId="f96948a0-ee00-4b3a-96e6-59f894b9820e" testName="FormatToStringTest1000 (14635.510547500808,14635.51 zł)" computerName="DESKTOP-5URQ9PB" duration="00:00:00.0000064" startTime="2022-06-13T21:12:02.2077714+02:00" endTime="2022-06-13T21:12:02.2078368+02:00" testType="13cdc9d9-ddb5-4fa4-a97d-d965ccfc6d4b" outcome="Passed" testListId="8c84fa94-04c1-424b-9868-57a2d4851a1d" relativeResultsDirectory="ef381127-2a10-4b42-bbae-02a88e9d21a3" />
    <UnitTestResult executionId="b571a6fc-09c7-4e84-9318-8b383fc46fe2" testId="0504f3b1-e555-4e15-a570-f866ff60f12f" testName="FormatToStringTest1000 (8908.080586221107,8908.08 zł)" computerName="DESKTOP-5URQ9PB" duration="00:00:00.0000065" startTime="2022-06-13T21:12:02.0307829+02:00" endTime="2022-06-13T21:12:02.0308524+02:00" testType="13cdc9d9-ddb5-4fa4-a97d-d965ccfc6d4b" outcome="Passed" testListId="8c84fa94-04c1-424b-9868-57a2d4851a1d" relativeResultsDirectory="b571a6fc-09c7-4e84-9318-8b383fc46fe2" />
    <UnitTestResult executionId="09fd3e32-c07c-4ea3-861f-73e67f31a2c1" testId="9b8310e4-d48a-48ee-83f8-eb76378a7d38" testName="FormatToStringTest1000 (15841.26419853478,15841.26 zł)" computerName="DESKTOP-5URQ9PB" duration="00:00:00.0000061" startTime="2022-06-13T21:12:02.2658287+02:00" endTime="2022-06-13T21:12:02.2658932+02:00" testType="13cdc9d9-ddb5-4fa4-a97d-d965ccfc6d4b" outcome="Passed" testListId="8c84fa94-04c1-424b-9868-57a2d4851a1d" relativeResultsDirectory="09fd3e32-c07c-4ea3-861f-73e67f31a2c1" />
    <UnitTestResult executionId="462a9dc4-dc1e-4aea-a3d1-f349ee48ccd5" testId="80f458dd-a5f9-4da2-bfee-3ba55fea6f7c" testName="FormatToStringTest1000 (73504.44700518598,73504.45 zł)" computerName="DESKTOP-5URQ9PB" duration="00:00:00.0000062" startTime="2022-06-13T21:12:02.2942828+02:00" endTime="2022-06-13T21:12:02.2943477+02:00" testType="13cdc9d9-ddb5-4fa4-a97d-d965ccfc6d4b" outcome="Passed" testListId="8c84fa94-04c1-424b-9868-57a2d4851a1d" relativeResultsDirectory="462a9dc4-dc1e-4aea-a3d1-f349ee48ccd5" />
    <UnitTestResult executionId="13203199-0279-49f0-957f-1899dc1dbbb2" testId="fb4a4e2f-fe1c-4a03-8303-0706f92bdc43" testName="FormatToStringTest1000 (47163.337736466594,47163.34 zł)" computerName="DESKTOP-5URQ9PB" duration="00:00:00.0000062" startTime="2022-06-13T21:12:02.2743468+02:00" endTime="2022-06-13T21:12:02.2744111+02:00" testType="13cdc9d9-ddb5-4fa4-a97d-d965ccfc6d4b" outcome="Passed" testListId="8c84fa94-04c1-424b-9868-57a2d4851a1d" relativeResultsDirectory="13203199-0279-49f0-957f-1899dc1dbbb2" />
    <UnitTestResult executionId="eb175e5d-21b3-43a7-bf17-576e1b05da07" testId="d8586e5f-092b-41ec-96d9-a1d99a94c6da" testName="FormatToStringTest1000 (18208.8422650126,18208.84 zł)" computerName="DESKTOP-5URQ9PB" duration="00:00:00.0000065" startTime="2022-06-13T21:12:02.0540224+02:00" endTime="2022-06-13T21:12:02.0540874+02:00" testType="13cdc9d9-ddb5-4fa4-a97d-d965ccfc6d4b" outcome="Passed" testListId="8c84fa94-04c1-424b-9868-57a2d4851a1d" relativeResultsDirectory="eb175e5d-21b3-43a7-bf17-576e1b05da07" />
    <UnitTestResult executionId="a4c2bbd2-718b-4b38-80d8-db17c67cbf89" testId="1f8fdf83-e047-44c6-bffd-b8715f545cbd" testName="FormatToStringTest1000 (15907.394871033446,15907.39 zł)" computerName="DESKTOP-5URQ9PB" duration="00:00:00.0000063" startTime="2022-06-13T21:12:02.1959885+02:00" endTime="2022-06-13T21:12:02.1960555+02:00" testType="13cdc9d9-ddb5-4fa4-a97d-d965ccfc6d4b" outcome="Passed" testListId="8c84fa94-04c1-424b-9868-57a2d4851a1d" relativeResultsDirectory="a4c2bbd2-718b-4b38-80d8-db17c67cbf89" />
    <UnitTestResult executionId="8ea45ada-3f0a-487d-b2d7-7037b77323ce" testId="2644e8a0-5ffa-4c29-a8ef-1da4354c40c0" testName="FormatToStringTest1000 (3195.202943510936,3195.20 zł)" computerName="DESKTOP-5URQ9PB" duration="00:00:00.0000062" startTime="2022-06-13T21:12:02.0749465+02:00" endTime="2022-06-13T21:12:02.0750131+02:00" testType="13cdc9d9-ddb5-4fa4-a97d-d965ccfc6d4b" outcome="Passed" testListId="8c84fa94-04c1-424b-9868-57a2d4851a1d" relativeResultsDirectory="8ea45ada-3f0a-487d-b2d7-7037b77323ce" />
    <UnitTestResult executionId="ab020362-4a9a-4f58-9d87-c77ba2cac968" testId="76c551f8-f63c-4508-86be-ffe6c25df042" testName="FormatToStringTest1000 (5566.818038455592,5566.82 zł)" computerName="DESKTOP-5URQ9PB" duration="00:00:00.0000066" startTime="2022-06-13T21:12:02.2262130+02:00" endTime="2022-06-13T21:12:02.2262971+02:00" testType="13cdc9d9-ddb5-4fa4-a97d-d965ccfc6d4b" outcome="Passed" testListId="8c84fa94-04c1-424b-9868-57a2d4851a1d" relativeResultsDirectory="ab020362-4a9a-4f58-9d87-c77ba2cac968" />
    <UnitTestResult executionId="31fc8084-f8bd-4af6-a951-356e174945e8" testId="3cb1aa17-8e23-469b-b530-c3bd3a927622" testName="FormatToStringTest1000 (66284.43763489948,66284.44 zł)" computerName="DESKTOP-5URQ9PB" duration="00:00:00.0000062" startTime="2022-06-13T21:12:02.2058509+02:00" endTime="2022-06-13T21:12:02.2059164+02:00" testType="13cdc9d9-ddb5-4fa4-a97d-d965ccfc6d4b" outcome="Passed" testListId="8c84fa94-04c1-424b-9868-57a2d4851a1d" relativeResultsDirectory="31fc8084-f8bd-4af6-a951-356e174945e8" />
    <UnitTestResult executionId="3bde7ec2-3dac-40ed-93bd-e986cc30b949" testId="13230bf5-cee3-4e2b-b12f-b3420cba1d40" testName="FormatToStringTest1000 (6890.028458985514,6890.03 zł)" computerName="DESKTOP-5URQ9PB" duration="00:00:00.0000074" startTime="2022-06-13T21:12:01.9671881+02:00" endTime="2022-06-13T21:12:01.9672623+02:00" testType="13cdc9d9-ddb5-4fa4-a97d-d965ccfc6d4b" outcome="Passed" testListId="8c84fa94-04c1-424b-9868-57a2d4851a1d" relativeResultsDirectory="3bde7ec2-3dac-40ed-93bd-e986cc30b949" />
    <UnitTestResult executionId="d600593a-427e-46ed-acc7-c24bc35e2248" testId="bb010c9d-7789-4c6a-96ce-4ea705ef1bd8" testName="FormatToStringTest1000 (9843.625240445894,9843.63 zł)" computerName="DESKTOP-5URQ9PB" duration="00:00:00.0000060" startTime="2022-06-13T21:12:02.2800746+02:00" endTime="2022-06-13T21:12:02.2801385+02:00" testType="13cdc9d9-ddb5-4fa4-a97d-d965ccfc6d4b" outcome="Passed" testListId="8c84fa94-04c1-424b-9868-57a2d4851a1d" relativeResultsDirectory="d600593a-427e-46ed-acc7-c24bc35e2248" />
    <UnitTestResult executionId="cf216291-bce6-4a3f-8161-59b8747f05fc" testId="1ef0b0c0-eb74-4def-9e92-57f80a31c7b0" testName="FormatToStringTest1000 (28080.92507087669,28080.93 zł)" computerName="DESKTOP-5URQ9PB" duration="00:00:00.0000061" startTime="2022-06-13T21:12:02.2678960+02:00" endTime="2022-06-13T21:12:02.2679606+02:00" testType="13cdc9d9-ddb5-4fa4-a97d-d965ccfc6d4b" outcome="Passed" testListId="8c84fa94-04c1-424b-9868-57a2d4851a1d" relativeResultsDirectory="cf216291-bce6-4a3f-8161-59b8747f05fc" />
    <UnitTestResult executionId="fe20843c-7862-42ac-9172-4142061dd449" testId="4017cde1-1465-48cb-ae00-2c398559e6b6" testName="FormatToStringTest1000 (38904.87092920806,38904.87 zł)" computerName="DESKTOP-5URQ9PB" duration="00:00:00.0000068" startTime="2022-06-13T21:12:02.1912223+02:00" endTime="2022-06-13T21:12:02.1913039+02:00" testType="13cdc9d9-ddb5-4fa4-a97d-d965ccfc6d4b" outcome="Passed" testListId="8c84fa94-04c1-424b-9868-57a2d4851a1d" relativeResultsDirectory="fe20843c-7862-42ac-9172-4142061dd449" />
    <UnitTestResult executionId="9d4ccf1c-8f2c-40f6-8252-df5fc58583d0" testId="41e46c3e-f54c-40a6-ac1d-701d6a5cce1f" testName="FormatToStringTest1000 (35384.637112688106,35384.64 zł)" computerName="DESKTOP-5URQ9PB" duration="00:00:00.0000061" startTime="2022-06-13T21:12:02.2329417+02:00" endTime="2022-06-13T21:12:02.2330062+02:00" testType="13cdc9d9-ddb5-4fa4-a97d-d965ccfc6d4b" outcome="Passed" testListId="8c84fa94-04c1-424b-9868-57a2d4851a1d" relativeResultsDirectory="9d4ccf1c-8f2c-40f6-8252-df5fc58583d0" />
    <UnitTestResult executionId="dd68369e-4b85-4fec-9d13-257e454bf33d" testId="3a654ade-f811-4e15-bfb7-6beff751b6e2" testName="FormatToStringTest1000 (19189.813662191766,19189.81 zł)" computerName="DESKTOP-5URQ9PB" duration="00:00:00.0000084" startTime="2022-06-13T21:12:02.1009103+02:00" endTime="2022-06-13T21:12:02.1010186+02:00" testType="13cdc9d9-ddb5-4fa4-a97d-d965ccfc6d4b" outcome="Passed" testListId="8c84fa94-04c1-424b-9868-57a2d4851a1d" relativeResultsDirectory="dd68369e-4b85-4fec-9d13-257e454bf33d" />
    <UnitTestResult executionId="11282d7e-8c1a-4ce7-8d75-f0c9898bb87f" testId="9ef888bf-35d7-44e2-b6c2-2b7f6e8926ae" testName="FormatToStringTest1000 (25084.19182667238,25084.19 zł)" computerName="DESKTOP-5URQ9PB" duration="00:00:00.0000072" startTime="2022-06-13T21:12:02.2603022+02:00" endTime="2022-06-13T21:12:02.2603818+02:00" testType="13cdc9d9-ddb5-4fa4-a97d-d965ccfc6d4b" outcome="Passed" testListId="8c84fa94-04c1-424b-9868-57a2d4851a1d" relativeResultsDirectory="11282d7e-8c1a-4ce7-8d75-f0c9898bb87f" />
    <UnitTestResult executionId="e80206fe-8951-403b-9069-bb248bd30af5" testId="13b3f83b-ad74-4972-879e-e8c931166952" testName="FormatToStringTest1000 (5855.75080885354,5855.75 zł)" computerName="DESKTOP-5URQ9PB" duration="00:00:00.0000066" startTime="2022-06-13T21:12:02.2245730+02:00" endTime="2022-06-13T21:12:02.2246403+02:00" testType="13cdc9d9-ddb5-4fa4-a97d-d965ccfc6d4b" outcome="Passed" testListId="8c84fa94-04c1-424b-9868-57a2d4851a1d" relativeResultsDirectory="e80206fe-8951-403b-9069-bb248bd30af5" />
    <UnitTestResult executionId="68734026-fb07-4a46-8b69-9f2d869273ee" testId="1b6b1cca-b133-4027-afb7-61c2e1a1c2e5" testName="FormatToStringTest1000 (14459.57059750686,14459.57 zł)" computerName="DESKTOP-5URQ9PB" duration="00:00:00.0000095" startTime="2022-06-13T21:12:02.0640542+02:00" endTime="2022-06-13T21:12:02.0641317+02:00" testType="13cdc9d9-ddb5-4fa4-a97d-d965ccfc6d4b" outcome="Passed" testListId="8c84fa94-04c1-424b-9868-57a2d4851a1d" relativeResultsDirectory="68734026-fb07-4a46-8b69-9f2d869273ee" />
    <UnitTestResult executionId="39203892-40df-414c-94d1-ceabd1d58e9b" testId="4cd22eaf-c539-4f50-8481-14bc9d651bb9" testName="FormatToStringTest1000 (2883.637133003975,2883.64 zł)" computerName="DESKTOP-5URQ9PB" duration="00:00:00.0000084" startTime="2022-06-13T21:12:02.2405715+02:00" endTime="2022-06-13T21:12:02.2406646+02:00" testType="13cdc9d9-ddb5-4fa4-a97d-d965ccfc6d4b" outcome="Passed" testListId="8c84fa94-04c1-424b-9868-57a2d4851a1d" relativeResultsDirectory="39203892-40df-414c-94d1-ceabd1d58e9b" />
    <UnitTestResult executionId="6c9104a1-d6b8-4fdb-861a-7b25642437dd" testId="18bb7e1d-cb12-4f11-a944-1582893adf02" testName="FormatToStringTest1000 (50507.0104155615,50507.01 zł)" computerName="DESKTOP-5URQ9PB" duration="00:00:00.0000085" startTime="2022-06-13T21:12:02.2736525+02:00" endTime="2022-06-13T21:12:02.2737472+02:00" testType="13cdc9d9-ddb5-4fa4-a97d-d965ccfc6d4b" outcome="Passed" testListId="8c84fa94-04c1-424b-9868-57a2d4851a1d" relativeResultsDirectory="6c9104a1-d6b8-4fdb-861a-7b25642437dd" />
    <UnitTestResult executionId="0fbf7cf3-0b37-4d8c-ab84-571aea89d892" testId="0d40df73-a660-440a-ae56-5601c004586d" testName="FormatToStringTest1000 (7592.950837113406,7592.95 zł)" computerName="DESKTOP-5URQ9PB" duration="00:00:00.0000066" startTime="2022-06-13T21:12:01.9962859+02:00" endTime="2022-06-13T21:12:01.9963596+02:00" testType="13cdc9d9-ddb5-4fa4-a97d-d965ccfc6d4b" outcome="Passed" testListId="8c84fa94-04c1-424b-9868-57a2d4851a1d" relativeResultsDirectory="0fbf7cf3-0b37-4d8c-ab84-571aea89d892" />
    <UnitTestResult executionId="7ec198ce-9e50-4a08-9cf8-2e3d591ac826" testId="eac855d5-56f9-417e-8fbd-f9e1859e2e9d" testName="FormatToStringTest1000 (11624.834848273003,11624.83 zł)" computerName="DESKTOP-5URQ9PB" duration="00:00:00.0000062" startTime="2022-06-13T21:12:02.1935678+02:00" endTime="2022-06-13T21:12:02.1936342+02:00" testType="13cdc9d9-ddb5-4fa4-a97d-d965ccfc6d4b" outcome="Passed" testListId="8c84fa94-04c1-424b-9868-57a2d4851a1d" relativeResultsDirectory="7ec198ce-9e50-4a08-9cf8-2e3d591ac826" />
    <UnitTestResult executionId="712c89e3-46da-4157-805a-258a44e5174a" testId="329a2531-2f24-45cd-9893-ced9f1b759b7" testName="FormatToStringTest1000 (31805.23430354532,31805.23 zł)" computerName="DESKTOP-5URQ9PB" duration="00:00:00.0000064" startTime="2022-06-13T21:12:02.2289093+02:00" endTime="2022-06-13T21:12:02.2289741+02:00" testType="13cdc9d9-ddb5-4fa4-a97d-d965ccfc6d4b" outcome="Passed" testListId="8c84fa94-04c1-424b-9868-57a2d4851a1d" relativeResultsDirectory="712c89e3-46da-4157-805a-258a44e5174a" />
    <UnitTestResult executionId="8694ad08-393a-44b3-87d1-e934402556ee" testId="46dd1d29-616b-4328-8262-8c7d04f39169" testName="FormatToStringTest1000 (14719.97001409762,14719.97 zł)" computerName="DESKTOP-5URQ9PB" duration="00:00:00.0000062" startTime="2022-06-13T21:12:02.0278435+02:00" endTime="2022-06-13T21:12:02.0279108+02:00" testType="13cdc9d9-ddb5-4fa4-a97d-d965ccfc6d4b" outcome="Passed" testListId="8c84fa94-04c1-424b-9868-57a2d4851a1d" relativeResultsDirectory="8694ad08-393a-44b3-87d1-e934402556ee" />
    <UnitTestResult executionId="9bd505c7-bdf6-498d-9f0e-bf78ff5ff28c" testId="36c1eb05-6c9a-4c3d-b4f0-fd305d0088dd" testName="FormatToStringTest1000 (40241.790964380736,40241.79 zł)" computerName="DESKTOP-5URQ9PB" duration="00:00:00.0000062" startTime="2022-06-13T21:12:02.2662397+02:00" endTime="2022-06-13T21:12:02.2663050+02:00" testType="13cdc9d9-ddb5-4fa4-a97d-d965ccfc6d4b" outcome="Passed" testListId="8c84fa94-04c1-424b-9868-57a2d4851a1d" relativeResultsDirectory="9bd505c7-bdf6-498d-9f0e-bf78ff5ff28c" />
    <UnitTestResult executionId="d116c706-c161-4dd2-8989-4a0d7e18b82e" testId="b4b7f55f-ea0e-45d1-b701-3952b2a424a0" testName="FormatToStringTest1000 (31340.79231238914,31340.79 zł)" computerName="DESKTOP-5URQ9PB" duration="00:00:00.0000063" startTime="2022-06-13T21:12:02.0343564+02:00" endTime="2022-06-13T21:12:02.0344228+02:00" testType="13cdc9d9-ddb5-4fa4-a97d-d965ccfc6d4b" outcome="Passed" testListId="8c84fa94-04c1-424b-9868-57a2d4851a1d" relativeResultsDirectory="d116c706-c161-4dd2-8989-4a0d7e18b82e" />
    <UnitTestResult executionId="1254bbfd-40cf-4def-929e-b0738a90be5f" testId="4b079e76-39a8-41d8-abcf-420d5696d1e5" testName="FormatToStringTest1000 (2390.7596313784643,2390.76 zł)" computerName="DESKTOP-5URQ9PB" duration="00:00:00.0000062" startTime="2022-06-13T21:12:02.1983979+02:00" endTime="2022-06-13T21:12:02.1984637+02:00" testType="13cdc9d9-ddb5-4fa4-a97d-d965ccfc6d4b" outcome="Passed" testListId="8c84fa94-04c1-424b-9868-57a2d4851a1d" relativeResultsDirectory="1254bbfd-40cf-4def-929e-b0738a90be5f" />
    <UnitTestResult executionId="9975ca4e-8f28-4ec3-b256-3283b1892feb" testId="b88855e6-98ed-4e81-9338-3bb6d13bd827" testName="FormatToStringTest1000 (7891.960478953067,7891.96 zł)" computerName="DESKTOP-5URQ9PB" duration="00:00:00.0000062" startTime="2022-06-13T21:12:02.1078774+02:00" endTime="2022-06-13T21:12:02.1079454+02:00" testType="13cdc9d9-ddb5-4fa4-a97d-d965ccfc6d4b" outcome="Passed" testListId="8c84fa94-04c1-424b-9868-57a2d4851a1d" relativeResultsDirectory="9975ca4e-8f28-4ec3-b256-3283b1892feb" />
    <UnitTestResult executionId="8e5f3c16-88cc-428f-a644-d92c741e57df" testId="7595a04b-115c-4b9c-837a-2f6fc9232d02" testName="FormatToStringTest1000 (9628.688698104437,9628.69 zł)" computerName="DESKTOP-5URQ9PB" duration="00:00:00.0000063" startTime="2022-06-13T21:12:02.2609739+02:00" endTime="2022-06-13T21:12:02.2610443+02:00" testType="13cdc9d9-ddb5-4fa4-a97d-d965ccfc6d4b" outcome="Passed" testListId="8c84fa94-04c1-424b-9868-57a2d4851a1d" relativeResultsDirectory="8e5f3c16-88cc-428f-a644-d92c741e57df" />
    <UnitTestResult executionId="5371db93-6bb7-4f2e-8caf-65e49d31981e" testId="a407e49b-f78b-4d0d-ad8a-455a82b2b80e" testName="FormatToStringTest1000 (13574.683315038068,13574.68 zł)" computerName="DESKTOP-5URQ9PB" duration="00:00:00.0000062" startTime="2022-06-13T21:12:02.0340955+02:00" endTime="2022-06-13T21:12:02.0341631+02:00" testType="13cdc9d9-ddb5-4fa4-a97d-d965ccfc6d4b" outcome="Passed" testListId="8c84fa94-04c1-424b-9868-57a2d4851a1d" relativeResultsDirectory="5371db93-6bb7-4f2e-8caf-65e49d31981e" />
    <UnitTestResult executionId="b8e7deca-9635-4ad9-9b3e-b66a18b57cb4" testId="efe89ed6-8cd9-49b5-bd16-1bbd3141c6bb" testName="FormatToStringTest1000 (726.8087564975995,726.81 zł)" computerName="DESKTOP-5URQ9PB" duration="00:00:00.0000072" startTime="2022-06-13T21:12:01.9116161+02:00" endTime="2022-06-13T21:12:01.9116869+02:00" testType="13cdc9d9-ddb5-4fa4-a97d-d965ccfc6d4b" outcome="Passed" testListId="8c84fa94-04c1-424b-9868-57a2d4851a1d" relativeResultsDirectory="b8e7deca-9635-4ad9-9b3e-b66a18b57cb4" />
    <UnitTestResult executionId="66fec02b-0244-446f-8458-c50c46a3530a" testId="c6853c77-19e5-4f2b-8d03-8b11bc86cce9" testName="FormatToStringTest1000 (76106.57198894516,76106.57 zł)" computerName="DESKTOP-5URQ9PB" duration="00:00:00.0000062" startTime="2022-06-13T21:12:02.2908011+02:00" endTime="2022-06-13T21:12:02.2908649+02:00" testType="13cdc9d9-ddb5-4fa4-a97d-d965ccfc6d4b" outcome="Passed" testListId="8c84fa94-04c1-424b-9868-57a2d4851a1d" relativeResultsDirectory="66fec02b-0244-446f-8458-c50c46a3530a" />
    <UnitTestResult executionId="522a1285-fd7f-451d-a9e4-30f8ed8dd115" testId="fc90f527-4391-4a83-9f19-0ee1ec518c49" testName="FormatToStringTest1000 (30807.823896702295,30807.82 zł)" computerName="DESKTOP-5URQ9PB" duration="00:00:00.0000063" startTime="2022-06-13T21:12:02.2325368+02:00" endTime="2022-06-13T21:12:02.2326016+02:00" testType="13cdc9d9-ddb5-4fa4-a97d-d965ccfc6d4b" outcome="Passed" testListId="8c84fa94-04c1-424b-9868-57a2d4851a1d" relativeResultsDirectory="522a1285-fd7f-451d-a9e4-30f8ed8dd115" />
    <UnitTestResult executionId="aaf2a397-6996-4adb-9fe8-24ec1db5206f" testId="eedcf34d-4862-4478-9ad5-26f162e88e50" testName="FormatToStringTest1000 (74851.91547305691,74851.92 zł)" computerName="DESKTOP-5URQ9PB" duration="00:00:00.0000063" startTime="2022-06-13T21:12:02.2639239+02:00" endTime="2022-06-13T21:12:02.2639896+02:00" testType="13cdc9d9-ddb5-4fa4-a97d-d965ccfc6d4b" outcome="Passed" testListId="8c84fa94-04c1-424b-9868-57a2d4851a1d" relativeResultsDirectory="aaf2a397-6996-4adb-9fe8-24ec1db5206f" />
    <UnitTestResult executionId="75102339-0d74-4a56-acbc-94a711025c79" testId="c31d744f-9466-419e-bfbd-31dc528770da" testName="FormatToStringTest1000 (904.351189922705,904.35 zł)" computerName="DESKTOP-5URQ9PB" duration="00:00:00.0000063" startTime="2022-06-13T21:12:02.2567576+02:00" endTime="2022-06-13T21:12:02.2568210+02:00" testType="13cdc9d9-ddb5-4fa4-a97d-d965ccfc6d4b" outcome="Passed" testListId="8c84fa94-04c1-424b-9868-57a2d4851a1d" relativeResultsDirectory="75102339-0d74-4a56-acbc-94a711025c79" />
    <UnitTestResult executionId="144f1c75-10d2-4f3b-9329-0f10ecc09404" testId="8625d62c-4268-4be7-bbd4-af16cada08fd" testName="FormatToStringTest1000 (77904.0088552246,77904.01 zł)" computerName="DESKTOP-5URQ9PB" duration="00:00:00.0000066" startTime="2022-06-13T21:12:01.9929628+02:00" endTime="2022-06-13T21:12:01.9930376+02:00" testType="13cdc9d9-ddb5-4fa4-a97d-d965ccfc6d4b" outcome="Passed" testListId="8c84fa94-04c1-424b-9868-57a2d4851a1d" relativeResultsDirectory="144f1c75-10d2-4f3b-9329-0f10ecc09404" />
    <UnitTestResult executionId="6168cfd2-47d9-4e13-9292-7a653cc5e819" testId="fe7de03f-3fa9-4c58-8df3-a01e980428ae" testName="FormatToStringTest1000 (8492.904747505161,8492.90 zł)" computerName="DESKTOP-5URQ9PB" duration="00:00:00.0000062" startTime="2022-06-13T21:12:02.2309404+02:00" endTime="2022-06-13T21:12:02.2310046+02:00" testType="13cdc9d9-ddb5-4fa4-a97d-d965ccfc6d4b" outcome="Passed" testListId="8c84fa94-04c1-424b-9868-57a2d4851a1d" relativeResultsDirectory="6168cfd2-47d9-4e13-9292-7a653cc5e819" />
    <UnitTestResult executionId="a8de7a6f-6f18-45a3-acbf-9f072a59ee52" testId="23740af3-20c4-4597-8f0e-d233b66c6817" testName="FormatToStringTest1000 (14237.13226245955,14237.13 zł)" computerName="DESKTOP-5URQ9PB" duration="00:00:00.0000063" startTime="2022-06-13T21:12:01.9572803+02:00" endTime="2022-06-13T21:12:01.9573530+02:00" testType="13cdc9d9-ddb5-4fa4-a97d-d965ccfc6d4b" outcome="Passed" testListId="8c84fa94-04c1-424b-9868-57a2d4851a1d" relativeResultsDirectory="a8de7a6f-6f18-45a3-acbf-9f072a59ee52" />
    <UnitTestResult executionId="45e6990f-e45f-43ae-b762-364231436aa4" testId="898e30aa-4d99-47f0-832e-37e4dd3603f8" testName="FormatToStringTest1000 (25039.088753207627,25039.09 zł)" computerName="DESKTOP-5URQ9PB" duration="00:00:00.0000400" startTime="2022-06-13T21:12:02.1823687+02:00" endTime="2022-06-13T21:12:02.1826396+02:00" testType="13cdc9d9-ddb5-4fa4-a97d-d965ccfc6d4b" outcome="Passed" testListId="8c84fa94-04c1-424b-9868-57a2d4851a1d" relativeResultsDirectory="45e6990f-e45f-43ae-b762-364231436aa4" />
    <UnitTestResult executionId="fb2a85da-6084-49d7-bc4c-34b2c03099fd" testId="d3b5bd0e-7fdd-41d9-9f9a-8ac08a2e3ea5" testName="FormatToStringTest1000 (75350.77330865282,75350.77 zł)" computerName="DESKTOP-5URQ9PB" duration="00:00:00.0000130" startTime="2022-06-13T21:12:01.9884955+02:00" endTime="2022-06-13T21:12:01.9886065+02:00" testType="13cdc9d9-ddb5-4fa4-a97d-d965ccfc6d4b" outcome="Passed" testListId="8c84fa94-04c1-424b-9868-57a2d4851a1d" relativeResultsDirectory="fb2a85da-6084-49d7-bc4c-34b2c03099fd" />
    <UnitTestResult executionId="1a145c97-02fe-40d1-a9aa-7a9407cd7a0a" testId="1730d2a9-925e-4149-bc1c-6b92aaf28491" testName="FormatToStringTest1000 (7013.601812260971,7013.60 zł)" computerName="DESKTOP-5URQ9PB" duration="00:00:00.0000061" startTime="2022-06-13T21:12:02.2802416+02:00" endTime="2022-06-13T21:12:02.2803080+02:00" testType="13cdc9d9-ddb5-4fa4-a97d-d965ccfc6d4b" outcome="Passed" testListId="8c84fa94-04c1-424b-9868-57a2d4851a1d" relativeResultsDirectory="1a145c97-02fe-40d1-a9aa-7a9407cd7a0a" />
    <UnitTestResult executionId="7a1c5309-4966-4ace-8f4c-d511604ad737" testId="c318c962-73fa-4455-bae7-7f9a6cd12e77" testName="FormatToStringTest1000 (66723.3293191657,66723.33 zł)" computerName="DESKTOP-5URQ9PB" duration="00:00:00.0000065" startTime="2022-06-13T21:12:02.0373323+02:00" endTime="2022-06-13T21:12:02.0373976+02:00" testType="13cdc9d9-ddb5-4fa4-a97d-d965ccfc6d4b" outcome="Passed" testListId="8c84fa94-04c1-424b-9868-57a2d4851a1d" relativeResultsDirectory="7a1c5309-4966-4ace-8f4c-d511604ad737" />
    <UnitTestResult executionId="11cf0996-6947-49d0-be25-ce33c7d092d7" testId="342ecf99-271f-4d7d-b4f7-7ca97f82a98e" testName="FormatToStringTest1000 (6313.543884690639,6313.54 zł)" computerName="DESKTOP-5URQ9PB" duration="00:00:00.0000076" startTime="2022-06-13T21:12:02.1173240+02:00" endTime="2022-06-13T21:12:02.1174066+02:00" testType="13cdc9d9-ddb5-4fa4-a97d-d965ccfc6d4b" outcome="Passed" testListId="8c84fa94-04c1-424b-9868-57a2d4851a1d" relativeResultsDirectory="11cf0996-6947-49d0-be25-ce33c7d092d7" />
    <UnitTestResult executionId="f1ccfe76-ca53-49a7-b121-73701585f203" testId="4558a149-343d-4dd4-bb18-9b9a9d15f06a" testName="FormatToStringTest1000 (3503.9809179231434,3503.98 zł)" computerName="DESKTOP-5URQ9PB" duration="00:00:00.0000113" startTime="2022-06-13T21:12:02.1381668+02:00" endTime="2022-06-13T21:12:02.1382424+02:00" testType="13cdc9d9-ddb5-4fa4-a97d-d965ccfc6d4b" outcome="Passed" testListId="8c84fa94-04c1-424b-9868-57a2d4851a1d" relativeResultsDirectory="f1ccfe76-ca53-49a7-b121-73701585f203" />
    <UnitTestResult executionId="43b722cc-206a-4a50-8019-64619f15edbe" testId="fa37c915-7762-4e94-96c2-ab4b35a486c6" testName="FormatToStringTest1000 (57713.01647853712,57713.02 zł)" computerName="DESKTOP-5URQ9PB" duration="00:00:00.0000063" startTime="2022-06-13T21:12:02.1617385+02:00" endTime="2022-06-13T21:12:02.1618074+02:00" testType="13cdc9d9-ddb5-4fa4-a97d-d965ccfc6d4b" outcome="Passed" testListId="8c84fa94-04c1-424b-9868-57a2d4851a1d" relativeResultsDirectory="43b722cc-206a-4a50-8019-64619f15edbe" />
    <UnitTestResult executionId="769a178c-1d75-4c1b-af3d-62466784374d" testId="25b40c14-8dce-427d-930d-8d9388be9067" testName="FormatToStringTest1000 (66019.32414194118,66019.32 zł)" computerName="DESKTOP-5URQ9PB" duration="00:00:00.0000119" startTime="2022-06-13T21:12:01.9637443+02:00" endTime="2022-06-13T21:12:01.9638798+02:00" testType="13cdc9d9-ddb5-4fa4-a97d-d965ccfc6d4b" outcome="Passed" testListId="8c84fa94-04c1-424b-9868-57a2d4851a1d" relativeResultsDirectory="769a178c-1d75-4c1b-af3d-62466784374d" />
    <UnitTestResult executionId="94b8c78a-a787-458d-aa11-0e01185c2c8e" testId="8ebc5967-970c-4b8b-8dd1-d94a4bc62f2a" testName="FormatToStringTest1000 (15313.083673952653,15313.08 zł)" computerName="DESKTOP-5URQ9PB" duration="00:00:00.0000072" startTime="2022-06-13T21:12:02.0934770+02:00" endTime="2022-06-13T21:12:02.0935603+02:00" testType="13cdc9d9-ddb5-4fa4-a97d-d965ccfc6d4b" outcome="Passed" testListId="8c84fa94-04c1-424b-9868-57a2d4851a1d" relativeResultsDirectory="94b8c78a-a787-458d-aa11-0e01185c2c8e" />
    <UnitTestResult executionId="024595aa-aa5a-4832-b85d-eda9f6aa6e74" testId="3fce350d-034a-4b18-b777-d9132fe2fb46" testName="FormatToStringTest1000 (6266.232005888704,6266.23 zł)" computerName="DESKTOP-5URQ9PB" duration="00:00:00.0000066" startTime="2022-06-13T21:12:02.2001215+02:00" endTime="2022-06-13T21:12:02.2002008+02:00" testType="13cdc9d9-ddb5-4fa4-a97d-d965ccfc6d4b" outcome="Passed" testListId="8c84fa94-04c1-424b-9868-57a2d4851a1d" relativeResultsDirectory="024595aa-aa5a-4832-b85d-eda9f6aa6e74" />
    <UnitTestResult executionId="f2443e6b-3c51-4649-9f79-6816b283c0bb" testId="f287012f-8810-4da8-bfd1-66c50d45f3e8" testName="FormatToStringTest1000 (1073.195098933389,1073.20 zł)" computerName="DESKTOP-5URQ9PB" duration="00:00:00.0000067" startTime="2022-06-13T21:12:02.2034169+02:00" endTime="2022-06-13T21:12:02.2034887+02:00" testType="13cdc9d9-ddb5-4fa4-a97d-d965ccfc6d4b" outcome="Passed" testListId="8c84fa94-04c1-424b-9868-57a2d4851a1d" relativeResultsDirectory="f2443e6b-3c51-4649-9f79-6816b283c0bb" />
    <UnitTestResult executionId="f06cb014-cbc0-41ea-9181-905b8530caf8" testId="9cd96e32-e078-4a33-bb87-8e2afea47fc8" testName="FormatToStringTest1000 (16208.076866391615,16208.08 zł)" computerName="DESKTOP-5URQ9PB" duration="00:00:00.0000143" startTime="2022-06-13T21:12:02.2836351+02:00" endTime="2022-06-13T21:12:02.2838185+02:00" testType="13cdc9d9-ddb5-4fa4-a97d-d965ccfc6d4b" outcome="Passed" testListId="8c84fa94-04c1-424b-9868-57a2d4851a1d" relativeResultsDirectory="f06cb014-cbc0-41ea-9181-905b8530caf8" />
    <UnitTestResult executionId="b5975a7f-070a-4835-8c25-7111e335309a" testId="3ea7502c-13cb-4c97-9b21-3493e9cbb3e2" testName="FormatToStringTest1000 (19796.212103914568,19796.21 zł)" computerName="DESKTOP-5URQ9PB" duration="00:00:00.0000062" startTime="2022-06-13T21:12:02.1350240+02:00" endTime="2022-06-13T21:12:02.1350906+02:00" testType="13cdc9d9-ddb5-4fa4-a97d-d965ccfc6d4b" outcome="Passed" testListId="8c84fa94-04c1-424b-9868-57a2d4851a1d" relativeResultsDirectory="b5975a7f-070a-4835-8c25-7111e335309a" />
    <UnitTestResult executionId="67a997b2-e71b-4ef2-be4d-1c17e97d06d7" testId="89627097-6ac7-44e9-adee-9d2857e49e10" testName="FormatToStringTest1000 (68770.73008707525,68770.73 zł)" computerName="DESKTOP-5URQ9PB" duration="00:00:00.0000063" startTime="2022-06-13T21:12:02.0846621+02:00" endTime="2022-06-13T21:12:02.0847287+02:00" testType="13cdc9d9-ddb5-4fa4-a97d-d965ccfc6d4b" outcome="Passed" testListId="8c84fa94-04c1-424b-9868-57a2d4851a1d" relativeResultsDirectory="67a997b2-e71b-4ef2-be4d-1c17e97d06d7" />
    <UnitTestResult executionId="d01c14fc-4616-41fa-97c3-793b0c7c4273" testId="4d048020-5c59-43d1-8935-d521e555cbbc" testName="FormatToStringTest1000 (30126.012320622805,30126.01 zł)" computerName="DESKTOP-5URQ9PB" duration="00:00:00.0000064" startTime="2022-06-13T21:12:02.0063523+02:00" endTime="2022-06-13T21:12:02.0064212+02:00" testType="13cdc9d9-ddb5-4fa4-a97d-d965ccfc6d4b" outcome="Passed" testListId="8c84fa94-04c1-424b-9868-57a2d4851a1d" relativeResultsDirectory="d01c14fc-4616-41fa-97c3-793b0c7c4273" />
    <UnitTestResult executionId="3911c2d4-581f-438d-96c7-4f315fd25449" testId="afd70dcd-6b7e-440b-a116-333c18671505" testName="FormatToStringTest1000 (40268.121943438484,40268.12 zł)" computerName="DESKTOP-5URQ9PB" duration="00:00:00.0000064" startTime="2022-06-13T21:12:02.0676779+02:00" endTime="2022-06-13T21:12:02.0677546+02:00" testType="13cdc9d9-ddb5-4fa4-a97d-d965ccfc6d4b" outcome="Passed" testListId="8c84fa94-04c1-424b-9868-57a2d4851a1d" relativeResultsDirectory="3911c2d4-581f-438d-96c7-4f315fd25449" />
    <UnitTestResult executionId="ed771ad6-8f49-4a83-8662-f52556283fdf" testId="f91a2f13-6560-4aed-a940-3b9d1df394a4" testName="FormatToStringTest1000 (22153.282278674324,22153.28 zł)" computerName="DESKTOP-5URQ9PB" duration="00:00:00.0000063" startTime="2022-06-13T21:12:02.0936661+02:00" endTime="2022-06-13T21:12:02.0937334+02:00" testType="13cdc9d9-ddb5-4fa4-a97d-d965ccfc6d4b" outcome="Passed" testListId="8c84fa94-04c1-424b-9868-57a2d4851a1d" relativeResultsDirectory="ed771ad6-8f49-4a83-8662-f52556283fdf" />
    <UnitTestResult executionId="c55fc98f-ab87-4dc5-bc81-6f997be1cd07" testId="cfc462a7-d350-4f16-ae35-ee4ef7443d0c" testName="FormatToStringTest1000 (16282.687804925576,16282.69 zł)" computerName="DESKTOP-5URQ9PB" duration="00:00:00.0000062" startTime="2022-06-13T21:12:02.0161087+02:00" endTime="2022-06-13T21:12:02.0161761+02:00" testType="13cdc9d9-ddb5-4fa4-a97d-d965ccfc6d4b" outcome="Passed" testListId="8c84fa94-04c1-424b-9868-57a2d4851a1d" relativeResultsDirectory="c55fc98f-ab87-4dc5-bc81-6f997be1cd07" />
    <UnitTestResult executionId="8668e1fb-cead-4a61-8388-26b21594e225" testId="a288a202-ce96-4d93-8663-9a343c531df3" testName="FormatToStringTest1000 (9818.257405763146,9818.26 zł)" computerName="DESKTOP-5URQ9PB" duration="00:00:00.0000064" startTime="2022-06-13T21:12:02.2263147+02:00" endTime="2022-06-13T21:12:02.2263806+02:00" testType="13cdc9d9-ddb5-4fa4-a97d-d965ccfc6d4b" outcome="Passed" testListId="8c84fa94-04c1-424b-9868-57a2d4851a1d" relativeResultsDirectory="8668e1fb-cead-4a61-8388-26b21594e225" />
    <UnitTestResult executionId="7268295c-19f8-4b38-bf28-3fcd45bcf973" testId="22ba7aee-db37-4f13-a554-41195a644039" testName="FormatToStringTest1000 (28579.14698705503,28579.15 zł)" computerName="DESKTOP-5URQ9PB" duration="00:00:00.0000082" startTime="2022-06-13T21:12:02.2101941+02:00" endTime="2022-06-13T21:12:02.2102724+02:00" testType="13cdc9d9-ddb5-4fa4-a97d-d965ccfc6d4b" outcome="Passed" testListId="8c84fa94-04c1-424b-9868-57a2d4851a1d" relativeResultsDirectory="7268295c-19f8-4b38-bf28-3fcd45bcf973" />
    <UnitTestResult executionId="bef1ea77-69c7-4b6d-b7ec-d7b862111cb0" testId="cbf00f24-7eff-438c-b579-bbab6c88e6b2" testName="FormatToStringTest1000 (26220.382477706476,26220.38 zł)" computerName="DESKTOP-5URQ9PB" duration="00:00:00.0000063" startTime="2022-06-13T21:12:02.2545647+02:00" endTime="2022-06-13T21:12:02.2546294+02:00" testType="13cdc9d9-ddb5-4fa4-a97d-d965ccfc6d4b" outcome="Passed" testListId="8c84fa94-04c1-424b-9868-57a2d4851a1d" relativeResultsDirectory="bef1ea77-69c7-4b6d-b7ec-d7b862111cb0" />
    <UnitTestResult executionId="d4b7364a-3ee7-4018-857a-23f26a8a2064" testId="bcd9303e-a5e2-449c-ade9-32918de8cd35" testName="FormatToStringTest1000 (653.4647999170537,653.46 zł)" computerName="DESKTOP-5URQ9PB" duration="00:00:00.0000065" startTime="2022-06-13T21:12:02.0673981+02:00" endTime="2022-06-13T21:12:02.0674725+02:00" testType="13cdc9d9-ddb5-4fa4-a97d-d965ccfc6d4b" outcome="Passed" testListId="8c84fa94-04c1-424b-9868-57a2d4851a1d" relativeResultsDirectory="d4b7364a-3ee7-4018-857a-23f26a8a2064" />
    <UnitTestResult executionId="e4232dd4-0b7d-461c-bac6-9e37e422b7b0" testId="8cbc10fb-1893-4257-8ff6-37ab15d5922c" testName="FormatToStringTest1000 (16673.5121774904,16673.51 zł)" computerName="DESKTOP-5URQ9PB" duration="00:00:00.0000066" startTime="2022-06-13T21:12:02.1074507+02:00" endTime="2022-06-13T21:12:02.1075162+02:00" testType="13cdc9d9-ddb5-4fa4-a97d-d965ccfc6d4b" outcome="Passed" testListId="8c84fa94-04c1-424b-9868-57a2d4851a1d" relativeResultsDirectory="e4232dd4-0b7d-461c-bac6-9e37e422b7b0" />
    <UnitTestResult executionId="f133910f-5969-4c19-9026-b66ff099aae9" testId="14526b7b-f5d9-4b6c-af79-e8d317962e05" testName="FormatToStringTest1000 (10661.19584154207,10661.20 zł)" computerName="DESKTOP-5URQ9PB" duration="00:00:00.0000063" startTime="2022-06-13T21:12:02.2188825+02:00" endTime="2022-06-13T21:12:02.2189478+02:00" testType="13cdc9d9-ddb5-4fa4-a97d-d965ccfc6d4b" outcome="Passed" testListId="8c84fa94-04c1-424b-9868-57a2d4851a1d" relativeResultsDirectory="f133910f-5969-4c19-9026-b66ff099aae9" />
    <UnitTestResult executionId="5823e896-1f7b-4fb6-8f38-edf01cebe9ef" testId="286a7db6-3f81-48f3-a912-9e710e2c8398" testName="FormatToStringTest1000 (9517.514896326473,9517.51 zł)" computerName="DESKTOP-5URQ9PB" duration="00:00:00.0000064" startTime="2022-06-13T21:12:02.2005025+02:00" endTime="2022-06-13T21:12:02.2005752+02:00" testType="13cdc9d9-ddb5-4fa4-a97d-d965ccfc6d4b" outcome="Passed" testListId="8c84fa94-04c1-424b-9868-57a2d4851a1d" relativeResultsDirectory="5823e896-1f7b-4fb6-8f38-edf01cebe9ef" />
    <UnitTestResult executionId="b0503b5b-2d45-47e8-82ee-0ac8fd95d90f" testId="2e94fabb-1f98-40b8-a3e5-ffde738b647a" testName="FormatToStringTest1000 (14910.573044539697,14910.57 zł)" computerName="DESKTOP-5URQ9PB" duration="00:00:00.0000061" startTime="2022-06-13T21:12:02.2945263+02:00" endTime="2022-06-13T21:12:02.2945955+02:00" testType="13cdc9d9-ddb5-4fa4-a97d-d965ccfc6d4b" outcome="Passed" testListId="8c84fa94-04c1-424b-9868-57a2d4851a1d" relativeResultsDirectory="b0503b5b-2d45-47e8-82ee-0ac8fd95d90f" />
    <UnitTestResult executionId="40adb613-2101-4cfb-b879-b45def66b057" testId="2f4d8b51-59de-46f3-b2d5-4e42e5f2f3a7" testName="FormatToStringTest1000 (32566.30279101259,32566.30 zł)" computerName="DESKTOP-5URQ9PB" duration="00:00:00.0000065" startTime="2022-06-13T21:12:01.9998639+02:00" endTime="2022-06-13T21:12:01.9999339+02:00" testType="13cdc9d9-ddb5-4fa4-a97d-d965ccfc6d4b" outcome="Passed" testListId="8c84fa94-04c1-424b-9868-57a2d4851a1d" relativeResultsDirectory="40adb613-2101-4cfb-b879-b45def66b057" />
    <UnitTestResult executionId="22d4695b-c670-47f1-bcb9-2e2b3e367a21" testId="18e63c48-244c-4b99-8f4d-90607d49e94a" testName="FormatToStringTest1000 (6276.389386365838,6276.39 zł)" computerName="DESKTOP-5URQ9PB" duration="00:00:00.0000063" startTime="2022-06-13T21:12:02.1077076+02:00" endTime="2022-06-13T21:12:02.1077751+02:00" testType="13cdc9d9-ddb5-4fa4-a97d-d965ccfc6d4b" outcome="Passed" testListId="8c84fa94-04c1-424b-9868-57a2d4851a1d" relativeResultsDirectory="22d4695b-c670-47f1-bcb9-2e2b3e367a21" />
    <UnitTestResult executionId="63553a04-3c93-4c3b-8867-cc3e86478677" testId="95411216-e8f2-4db3-8c22-4956db17797e" testName="FormatToStringTest1000 (10527.083945901639,10527.08 zł)" computerName="DESKTOP-5URQ9PB" duration="00:00:00.0000062" startTime="2022-06-13T21:12:02.2384554+02:00" endTime="2022-06-13T21:12:02.2385199+02:00" testType="13cdc9d9-ddb5-4fa4-a97d-d965ccfc6d4b" outcome="Passed" testListId="8c84fa94-04c1-424b-9868-57a2d4851a1d" relativeResultsDirectory="63553a04-3c93-4c3b-8867-cc3e86478677" />
    <UnitTestResult executionId="53710537-ffbe-4cee-a6ad-e4b13ae22b79" testId="d868c728-7d2e-40d8-8e4d-dccd45dcdaf9" testName="FormatToStringTest1000 (54578.37303904275,54578.37 zł)" computerName="DESKTOP-5URQ9PB" duration="00:00:00.0000064" startTime="2022-06-13T21:12:02.0674936+02:00" endTime="2022-06-13T21:12:02.0675664+02:00" testType="13cdc9d9-ddb5-4fa4-a97d-d965ccfc6d4b" outcome="Passed" testListId="8c84fa94-04c1-424b-9868-57a2d4851a1d" relativeResultsDirectory="53710537-ffbe-4cee-a6ad-e4b13ae22b79" />
    <UnitTestResult executionId="95917158-de1d-4388-bf43-4db2ed97a0a3" testId="b1949c69-5f1c-4f06-a08c-7458c6f744c4" testName="FormatToStringTest1000 (6057.842750804426,6057.84 zł)" computerName="DESKTOP-5URQ9PB" duration="00:00:00.0000064" startTime="2022-06-13T21:12:02.0066955+02:00" endTime="2022-06-13T21:12:02.0067631+02:00" testType="13cdc9d9-ddb5-4fa4-a97d-d965ccfc6d4b" outcome="Passed" testListId="8c84fa94-04c1-424b-9868-57a2d4851a1d" relativeResultsDirectory="95917158-de1d-4388-bf43-4db2ed97a0a3" />
    <UnitTestResult executionId="aa61d88c-80ae-4d07-a2b5-36448aa40340" testId="b3fce82a-9233-4862-946d-201379ef3f41" testName="FormatToStringTest1000 (158.49784791027093,158.50 zł)" computerName="DESKTOP-5URQ9PB" duration="00:00:00.0000062" startTime="2022-06-13T21:12:02.0247001+02:00" endTime="2022-06-13T21:12:02.0247675+02:00" testType="13cdc9d9-ddb5-4fa4-a97d-d965ccfc6d4b" outcome="Passed" testListId="8c84fa94-04c1-424b-9868-57a2d4851a1d" relativeResultsDirectory="aa61d88c-80ae-4d07-a2b5-36448aa40340" />
    <UnitTestResult executionId="c01f40bc-2160-4859-b8a4-9f5c5aed5df8" testId="05baa531-50ad-4e94-8b9d-98fc03ac3605" testName="FormatToStringTest1000 (39314.52353688401,39314.52 zł)" computerName="DESKTOP-5URQ9PB" duration="00:00:00.0000063" startTime="2022-06-13T21:12:02.2244111+02:00" endTime="2022-06-13T21:12:02.2244758+02:00" testType="13cdc9d9-ddb5-4fa4-a97d-d965ccfc6d4b" outcome="Passed" testListId="8c84fa94-04c1-424b-9868-57a2d4851a1d" relativeResultsDirectory="c01f40bc-2160-4859-b8a4-9f5c5aed5df8" />
    <UnitTestResult executionId="1ad72e93-0aa8-427e-87a5-f77058b1dc1f" testId="36450131-081f-4a35-952a-12202f6ee998" testName="FormatToStringTest1000 (23282.56178903047,23282.56 zł)" computerName="DESKTOP-5URQ9PB" duration="00:00:00.0000062" startTime="2022-06-13T21:12:02.0479107+02:00" endTime="2022-06-13T21:12:02.0479779+02:00" testType="13cdc9d9-ddb5-4fa4-a97d-d965ccfc6d4b" outcome="Passed" testListId="8c84fa94-04c1-424b-9868-57a2d4851a1d" relativeResultsDirectory="1ad72e93-0aa8-427e-87a5-f77058b1dc1f" />
    <UnitTestResult executionId="47631273-eadf-4f0a-a3ee-05380c636734" testId="bd9b93e2-429c-42b5-a753-4d9ec9e054da" testName="FormatToStringTest1000 (42728.35751444258,42728.36 zł)" computerName="DESKTOP-5URQ9PB" duration="00:00:00.0000062" startTime="2022-06-13T21:12:02.2502928+02:00" endTime="2022-06-13T21:12:02.2503576+02:00" testType="13cdc9d9-ddb5-4fa4-a97d-d965ccfc6d4b" outcome="Passed" testListId="8c84fa94-04c1-424b-9868-57a2d4851a1d" relativeResultsDirectory="47631273-eadf-4f0a-a3ee-05380c636734" />
    <UnitTestResult executionId="0e0901b1-f439-4e3f-bd77-b7d5c602f7b9" testId="5fd14552-fc0c-424a-ab6e-3d955d0b12f0" testName="FormatToStringTest1000 (40556.73452524362,40556.73 zł)" computerName="DESKTOP-5URQ9PB" duration="00:00:00.0000061" startTime="2022-06-13T21:12:02.1110126+02:00" endTime="2022-06-13T21:12:02.1110789+02:00" testType="13cdc9d9-ddb5-4fa4-a97d-d965ccfc6d4b" outcome="Passed" testListId="8c84fa94-04c1-424b-9868-57a2d4851a1d" relativeResultsDirectory="0e0901b1-f439-4e3f-bd77-b7d5c602f7b9" />
    <UnitTestResult executionId="a2626858-7619-4876-90c5-e2849d816af7" testId="c5d5c190-a247-48ea-b781-07d43c097047" testName="FormatToStringTest1000 (30031.89550569323,30031.90 zł)" computerName="DESKTOP-5URQ9PB" duration="00:00:00.0000062" startTime="2022-06-13T21:12:02.1075335+02:00" endTime="2022-06-13T21:12:02.1076050+02:00" testType="13cdc9d9-ddb5-4fa4-a97d-d965ccfc6d4b" outcome="Passed" testListId="8c84fa94-04c1-424b-9868-57a2d4851a1d" relativeResultsDirectory="a2626858-7619-4876-90c5-e2849d816af7" />
    <UnitTestResult executionId="7516f101-5e44-4828-9cb2-abf36d226d45" testId="69b71ade-75a3-4336-9bd8-31d05fdeada6" testName="FormatToStringTest1000 (16190.113943164757,16190.11 zł)" computerName="DESKTOP-5URQ9PB" duration="00:00:00.0000073" startTime="2022-06-13T21:12:02.1206449+02:00" endTime="2022-06-13T21:12:02.1207161+02:00" testType="13cdc9d9-ddb5-4fa4-a97d-d965ccfc6d4b" outcome="Passed" testListId="8c84fa94-04c1-424b-9868-57a2d4851a1d" relativeResultsDirectory="7516f101-5e44-4828-9cb2-abf36d226d45" />
    <UnitTestResult executionId="a74934b5-1c1c-46d2-b545-aec712279ee3" testId="dc5f3c9f-9f91-42bd-aa69-c08e4470fbf8" testName="FormatToStringTest1000 (78822.37212685234,78822.37 zł)" computerName="DESKTOP-5URQ9PB" duration="00:00:00.0000063" startTime="2022-06-13T21:12:01.9738886+02:00" endTime="2022-06-13T21:12:01.9739555+02:00" testType="13cdc9d9-ddb5-4fa4-a97d-d965ccfc6d4b" outcome="Passed" testListId="8c84fa94-04c1-424b-9868-57a2d4851a1d" relativeResultsDirectory="a74934b5-1c1c-46d2-b545-aec712279ee3" />
    <UnitTestResult executionId="08886adf-4376-42d8-bb50-58646ffbffd2" testId="b22a4053-3a46-486a-8be0-338081f7cd3a" testName="FormatToStringTest1000 (47964.941885361884,47964.94 zł)" computerName="DESKTOP-5URQ9PB" duration="00:00:00.0000064" startTime="2022-06-13T21:12:02.0094524+02:00" endTime="2022-06-13T21:12:02.0095213+02:00" testType="13cdc9d9-ddb5-4fa4-a97d-d965ccfc6d4b" outcome="Passed" testListId="8c84fa94-04c1-424b-9868-57a2d4851a1d" relativeResultsDirectory="08886adf-4376-42d8-bb50-58646ffbffd2" />
    <UnitTestResult executionId="74507ebf-0b36-4cd7-bb38-fbdd5a71be22" testId="1e918bc3-2fdf-4879-b1ae-3ff22009fdec" testName="FormatToStringTest1000 (15337.485230751097,15337.49 zł)" computerName="DESKTOP-5URQ9PB" duration="00:00:00.0000066" startTime="2022-06-13T21:12:02.0970296+02:00" endTime="2022-06-13T21:12:02.0971059+02:00" testType="13cdc9d9-ddb5-4fa4-a97d-d965ccfc6d4b" outcome="Passed" testListId="8c84fa94-04c1-424b-9868-57a2d4851a1d" relativeResultsDirectory="74507ebf-0b36-4cd7-bb38-fbdd5a71be22" />
    <UnitTestResult executionId="99b360ef-9711-42bf-8e1d-a75cfcfeede1" testId="b92f2522-611c-4320-9e97-2c52aae8c171" testName="FormatToStringTest1000 (96261.84883437205,96261.85 zł)" computerName="DESKTOP-5URQ9PB" duration="00:00:00.0000062" startTime="2022-06-13T21:12:02.2697385+02:00" endTime="2022-06-13T21:12:02.2698034+02:00" testType="13cdc9d9-ddb5-4fa4-a97d-d965ccfc6d4b" outcome="Passed" testListId="8c84fa94-04c1-424b-9868-57a2d4851a1d" relativeResultsDirectory="99b360ef-9711-42bf-8e1d-a75cfcfeede1" />
    <UnitTestResult executionId="b0e7c13b-0f1e-4a77-a14a-f008022a9aa4" testId="d122b208-560f-4a7e-beb6-d944d19fce95" testName="FormatToStringTest1000 (11944.74385168531,11944.74 zł)" computerName="DESKTOP-5URQ9PB" duration="00:00:00.0000062" startTime="2022-06-13T21:12:02.2840244+02:00" endTime="2022-06-13T21:12:02.2840896+02:00" testType="13cdc9d9-ddb5-4fa4-a97d-d965ccfc6d4b" outcome="Passed" testListId="8c84fa94-04c1-424b-9868-57a2d4851a1d" relativeResultsDirectory="b0e7c13b-0f1e-4a77-a14a-f008022a9aa4" />
    <UnitTestResult executionId="f06698d1-a1d1-40cf-9df0-982eda9fc1a8" testId="7b7303e5-b0d6-4149-ac26-de31bf1e655f" testName="FormatToStringTest1000 (270.1894008262033,270.19 zł)" computerName="DESKTOP-5URQ9PB" duration="00:00:00.0000062" startTime="2022-06-13T21:12:02.1045515+02:00" endTime="2022-06-13T21:12:02.1046190+02:00" testType="13cdc9d9-ddb5-4fa4-a97d-d965ccfc6d4b" outcome="Passed" testListId="8c84fa94-04c1-424b-9868-57a2d4851a1d" relativeResultsDirectory="f06698d1-a1d1-40cf-9df0-982eda9fc1a8" />
    <UnitTestResult executionId="0a2c494a-7a0d-48dd-9c83-633e9a61cfc4" testId="6e7bd36e-5485-4f7e-9137-30caf78f6729" testName="FormatToStringTest1000 (1751.7703038522834,1751.77 zł)" computerName="DESKTOP-5URQ9PB" duration="00:00:00.0000070" startTime="2022-06-13T21:12:02.1382610+02:00" endTime="2022-06-13T21:12:02.1383310+02:00" testType="13cdc9d9-ddb5-4fa4-a97d-d965ccfc6d4b" outcome="Passed" testListId="8c84fa94-04c1-424b-9868-57a2d4851a1d" relativeResultsDirectory="0a2c494a-7a0d-48dd-9c83-633e9a61cfc4" />
    <UnitTestResult executionId="d7d3b516-1d4e-4bbb-9c76-9d8abdad0f07" testId="79f95441-2490-4168-9b3a-ee58deb1eb56" testName="FormatToStringTest1000 (15639.704937780603,15639.70 zł)" computerName="DESKTOP-5URQ9PB" duration="00:00:00.0000066" startTime="2022-06-13T21:12:01.9701761+02:00" endTime="2022-06-13T21:12:01.9702508+02:00" testType="13cdc9d9-ddb5-4fa4-a97d-d965ccfc6d4b" outcome="Passed" testListId="8c84fa94-04c1-424b-9868-57a2d4851a1d" relativeResultsDirectory="d7d3b516-1d4e-4bbb-9c76-9d8abdad0f07" />
    <UnitTestResult executionId="431c916e-91af-4ee5-9f0c-6e636ff2c43d" testId="341c0153-7a71-49a7-a532-847010fdf0e3" testName="FormatToStringTest1000 (16597.22844427788,16597.23 zł)" computerName="DESKTOP-5URQ9PB" duration="00:00:00.0000063" startTime="2022-06-13T21:12:02.0243489+02:00" endTime="2022-06-13T21:12:02.0244189+02:00" testType="13cdc9d9-ddb5-4fa4-a97d-d965ccfc6d4b" outcome="Passed" testListId="8c84fa94-04c1-424b-9868-57a2d4851a1d" relativeResultsDirectory="431c916e-91af-4ee5-9f0c-6e636ff2c43d" />
    <UnitTestResult executionId="032586ef-1f6e-4c9c-afee-e8ea9f248986" testId="cd71313a-121c-420b-93e1-85ca3f5d4de2" testName="FormatToStringTest1000 (23980.12943509646,23980.13 zł)" computerName="DESKTOP-5URQ9PB" duration="00:00:00.0000063" startTime="2022-06-13T21:12:02.0128146+02:00" endTime="2022-06-13T21:12:02.0128829+02:00" testType="13cdc9d9-ddb5-4fa4-a97d-d965ccfc6d4b" outcome="Passed" testListId="8c84fa94-04c1-424b-9868-57a2d4851a1d" relativeResultsDirectory="032586ef-1f6e-4c9c-afee-e8ea9f248986" />
    <UnitTestResult executionId="ff9a4253-898f-43d8-8d4a-fea65a68a2ca" testId="30e8cfe8-2f46-4707-b375-2735cf000ce7" testName="FormatToStringTest1000 (23174.85693288448,23174.86 zł)" computerName="DESKTOP-5URQ9PB" duration="00:00:00.0000072" startTime="2022-06-13T21:12:02.1175833+02:00" endTime="2022-06-13T21:12:02.1176675+02:00" testType="13cdc9d9-ddb5-4fa4-a97d-d965ccfc6d4b" outcome="Passed" testListId="8c84fa94-04c1-424b-9868-57a2d4851a1d" relativeResultsDirectory="ff9a4253-898f-43d8-8d4a-fea65a68a2ca" />
    <UnitTestResult executionId="eb885495-cd20-4fb5-948a-392d7aff64f8" testId="efd2cb9f-7f36-473e-b2f7-879eef8eca1b" testName="FormatToStringTest1000 (7621.507806692509,7621.51 zł)" computerName="DESKTOP-5URQ9PB" duration="00:00:00.0000076" startTime="2022-06-13T21:12:02.1170912+02:00" endTime="2022-06-13T21:12:02.1171884+02:00" testType="13cdc9d9-ddb5-4fa4-a97d-d965ccfc6d4b" outcome="Passed" testListId="8c84fa94-04c1-424b-9868-57a2d4851a1d" relativeResultsDirectory="eb885495-cd20-4fb5-948a-392d7aff64f8" />
    <UnitTestResult executionId="5681b6a9-89cd-4711-93f5-9effa46cfd22" testId="91ef3155-4fec-44f8-b20b-88c95d45ffa5" testName="FormatToStringTest1000 (2292.8331871111104,2292.83 zł)" computerName="DESKTOP-5URQ9PB" duration="00:00:00.0000096" startTime="2022-06-13T21:12:01.9876458+02:00" endTime="2022-06-13T21:12:01.9877569+02:00" testType="13cdc9d9-ddb5-4fa4-a97d-d965ccfc6d4b" outcome="Passed" testListId="8c84fa94-04c1-424b-9868-57a2d4851a1d" relativeResultsDirectory="5681b6a9-89cd-4711-93f5-9effa46cfd22" />
    <UnitTestResult executionId="f3a5244f-cc4f-41a2-8e18-357ae8416f22" testId="30965426-8c85-4952-966a-9726fd855154" testName="FormatToStringTest1000 (12759.925747307914,12759.93 zł)" computerName="DESKTOP-5URQ9PB" duration="00:00:00.0000088" startTime="2022-06-13T21:12:02.2404491+02:00" endTime="2022-06-13T21:12:02.2405438+02:00" testType="13cdc9d9-ddb5-4fa4-a97d-d965ccfc6d4b" outcome="Passed" testListId="8c84fa94-04c1-424b-9868-57a2d4851a1d" relativeResultsDirectory="f3a5244f-cc4f-41a2-8e18-357ae8416f22" />
    <UnitTestResult executionId="67420dd3-7464-4e04-a7b0-2dac00bb0a4f" testId="69f61375-420c-4ea3-bcbb-298ca464d78b" testName="FormatToStringTest1000 (658.7555888573431,658.76 zł)" computerName="DESKTOP-5URQ9PB" duration="00:00:00.0000065" startTime="2022-06-13T21:12:02.1209058+02:00" endTime="2022-06-13T21:12:02.1209730+02:00" testType="13cdc9d9-ddb5-4fa4-a97d-d965ccfc6d4b" outcome="Passed" testListId="8c84fa94-04c1-424b-9868-57a2d4851a1d" relativeResultsDirectory="67420dd3-7464-4e04-a7b0-2dac00bb0a4f" />
    <UnitTestResult executionId="4b030bdf-60e6-4b92-8781-7d06fddd8f02" testId="4b44540a-24da-44cf-9aee-e9454f9a51e2" testName="FormatToStringTest1000 (39531.95190033268,39531.95 zł)" computerName="DESKTOP-5URQ9PB" duration="00:00:00.0000062" startTime="2022-06-13T21:12:02.2189644+02:00" endTime="2022-06-13T21:12:02.2190294+02:00" testType="13cdc9d9-ddb5-4fa4-a97d-d965ccfc6d4b" outcome="Passed" testListId="8c84fa94-04c1-424b-9868-57a2d4851a1d" relativeResultsDirectory="4b030bdf-60e6-4b92-8781-7d06fddd8f02" />
    <UnitTestResult executionId="e0fa9cad-b826-414c-88fd-690ce1a4105c" testId="d10f5225-83f1-4678-bfdd-417bdf1a8264" testName="FormatToStringTest1000 (61633.2671179945,61633.27 zł)" computerName="DESKTOP-5URQ9PB" duration="00:00:00.0000071" startTime="2022-06-13T21:12:02.1169981+02:00" endTime="2022-06-13T21:12:02.1170710+02:00" testType="13cdc9d9-ddb5-4fa4-a97d-d965ccfc6d4b" outcome="Passed" testListId="8c84fa94-04c1-424b-9868-57a2d4851a1d" relativeResultsDirectory="e0fa9cad-b826-414c-88fd-690ce1a4105c" />
    <UnitTestResult executionId="de82c464-0280-4332-bf09-b7da6869cd33" testId="b2ff75d8-d882-4ae2-96be-d5135f20ab0b" testName="FormatToStringTest1000 (30034.922435005625,30034.92 zł)" computerName="DESKTOP-5URQ9PB" duration="00:00:00.0000064" startTime="2022-06-13T21:12:02.2678151+02:00" endTime="2022-06-13T21:12:02.2678798+02:00" testType="13cdc9d9-ddb5-4fa4-a97d-d965ccfc6d4b" outcome="Passed" testListId="8c84fa94-04c1-424b-9868-57a2d4851a1d" relativeResultsDirectory="de82c464-0280-4332-bf09-b7da6869cd33" />
    <UnitTestResult executionId="ce23edf2-3ba8-46c8-b727-a132a595ebaa" testId="5e61b013-3c48-41a9-a1f5-7107aff8ad9d" testName="FormatToStringTest1000 (867.5236648356187,867.52 zł)" computerName="DESKTOP-5URQ9PB" duration="00:00:00.0000061" startTime="2022-06-13T21:12:02.2523925+02:00" endTime="2022-06-13T21:12:02.2524569+02:00" testType="13cdc9d9-ddb5-4fa4-a97d-d965ccfc6d4b" outcome="Passed" testListId="8c84fa94-04c1-424b-9868-57a2d4851a1d" relativeResultsDirectory="ce23edf2-3ba8-46c8-b727-a132a595ebaa" />
    <UnitTestResult executionId="9c8014f0-58bf-427b-b06b-9e619a93c5f1" testId="b624eb1d-69e9-48ac-8f96-2000ef208ba1" testName="FormatToStringTest1000 (19392.945535027862,19392.95 zł)" computerName="DESKTOP-5URQ9PB" duration="00:00:00.0000063" startTime="2022-06-13T21:12:02.0809609+02:00" endTime="2022-06-13T21:12:02.0810279+02:00" testType="13cdc9d9-ddb5-4fa4-a97d-d965ccfc6d4b" outcome="Passed" testListId="8c84fa94-04c1-424b-9868-57a2d4851a1d" relativeResultsDirectory="9c8014f0-58bf-427b-b06b-9e619a93c5f1" />
    <UnitTestResult executionId="ac7dd983-1e86-4e57-9cc5-5eacb4212914" testId="6f9c8fd9-17c1-4971-918d-a85371e37dd0" testName="FormatToStringTest1000 (45887.58415794167,45887.58 zł)" computerName="DESKTOP-5URQ9PB" duration="00:00:00.0000062" startTime="2022-06-13T21:12:02.1980600+02:00" endTime="2022-06-13T21:12:02.1981260+02:00" testType="13cdc9d9-ddb5-4fa4-a97d-d965ccfc6d4b" outcome="Passed" testListId="8c84fa94-04c1-424b-9868-57a2d4851a1d" relativeResultsDirectory="ac7dd983-1e86-4e57-9cc5-5eacb4212914" />
    <UnitTestResult executionId="9a3fe74c-3f38-4bb6-80f9-97bb60d1a624" testId="8d2a9a76-c546-42a4-9172-9e01a39c6023" testName="FormatToStringTest1000 (20482.32969107308,20482.33 zł)" computerName="DESKTOP-5URQ9PB" duration="00:00:00.0000063" startTime="2022-06-13T21:12:02.0212201+02:00" endTime="2022-06-13T21:12:02.0212960+02:00" testType="13cdc9d9-ddb5-4fa4-a97d-d965ccfc6d4b" outcome="Passed" testListId="8c84fa94-04c1-424b-9868-57a2d4851a1d" relativeResultsDirectory="9a3fe74c-3f38-4bb6-80f9-97bb60d1a624" />
    <UnitTestResult executionId="c5a82ca3-8a7b-4e00-9c29-e84c62b4a303" testId="78d3d14f-d9a5-469b-8b7b-d60868d7dbc3" testName="FormatToStringTest1000 (66053.95451852398,66053.95 zł)" computerName="DESKTOP-5URQ9PB" duration="00:00:00.0000125" startTime="2022-06-13T21:12:02.1314331+02:00" endTime="2022-06-13T21:12:02.1315309+02:00" testType="13cdc9d9-ddb5-4fa4-a97d-d965ccfc6d4b" outcome="Passed" testListId="8c84fa94-04c1-424b-9868-57a2d4851a1d" relativeResultsDirectory="c5a82ca3-8a7b-4e00-9c29-e84c62b4a303" />
    <UnitTestResult executionId="0e37c826-73b6-49c5-8ca4-966a7dc26668" testId="e8d76ca3-d672-4e28-8147-50bdae79959e" testName="FormatToStringTest1000 (29539.32303995328,29539.32 zł)" computerName="DESKTOP-5URQ9PB" duration="00:00:00.0000063" startTime="2022-06-13T21:12:02.1239647+02:00" endTime="2022-06-13T21:12:02.1240327+02:00" testType="13cdc9d9-ddb5-4fa4-a97d-d965ccfc6d4b" outcome="Passed" testListId="8c84fa94-04c1-424b-9868-57a2d4851a1d" relativeResultsDirectory="0e37c826-73b6-49c5-8ca4-966a7dc26668" />
    <UnitTestResult executionId="d85b0bcd-0e17-4e79-a071-f994d5bca7db" testId="07b98da2-cb7b-48b0-a2c2-72674ba5b609" testName="FormatToStringTest1000 (48449.85582609189,48449.86 zł)" computerName="DESKTOP-5URQ9PB" duration="00:00:00.0000062" startTime="2022-06-13T21:12:02.1957372+02:00" endTime="2022-06-13T21:12:02.1958041+02:00" testType="13cdc9d9-ddb5-4fa4-a97d-d965ccfc6d4b" outcome="Passed" testListId="8c84fa94-04c1-424b-9868-57a2d4851a1d" relativeResultsDirectory="d85b0bcd-0e17-4e79-a071-f994d5bca7db" />
    <UnitTestResult executionId="ab4a21d7-99c6-4831-a9df-beebb263ddd8" testId="d78c29ba-95ff-4ed4-9206-f31923510b50" testName="FormatToStringTest1000 (3043.6828298227315,3043.68 zł)" computerName="DESKTOP-5URQ9PB" duration="00:00:00.0000071" startTime="2022-06-13T21:12:02.2940988+02:00" endTime="2022-06-13T21:12:02.2941764+02:00" testType="13cdc9d9-ddb5-4fa4-a97d-d965ccfc6d4b" outcome="Passed" testListId="8c84fa94-04c1-424b-9868-57a2d4851a1d" relativeResultsDirectory="ab4a21d7-99c6-4831-a9df-beebb263ddd8" />
    <UnitTestResult executionId="96af2c1e-a8c9-45ce-a9ba-3c73c39a996b" testId="a431b849-9164-40cf-9d82-e1ccb2e3c584" testName="FormatToStringTest1000 (1739.5853778997368,1739.59 zł)" computerName="DESKTOP-5URQ9PB" duration="00:00:00.0000061" startTime="2022-06-13T21:12:02.0159387+02:00" endTime="2022-06-13T21:12:02.0160058+02:00" testType="13cdc9d9-ddb5-4fa4-a97d-d965ccfc6d4b" outcome="Passed" testListId="8c84fa94-04c1-424b-9868-57a2d4851a1d" relativeResultsDirectory="96af2c1e-a8c9-45ce-a9ba-3c73c39a996b" />
    <UnitTestResult executionId="ad7c5447-9dc5-4513-94c9-20673531f318" testId="fb46b642-2d3c-4852-821d-82a88fb980df" testName="FormatToStringTest1000 (5140.16338917155,5140.16 zł)" computerName="DESKTOP-5URQ9PB" duration="00:00:00.0000065" startTime="2022-06-13T21:12:02.2038486+02:00" endTime="2022-06-13T21:12:02.2039160+02:00" testType="13cdc9d9-ddb5-4fa4-a97d-d965ccfc6d4b" outcome="Passed" testListId="8c84fa94-04c1-424b-9868-57a2d4851a1d" relativeResultsDirectory="ad7c5447-9dc5-4513-94c9-20673531f318" />
    <UnitTestResult executionId="50ff2f09-2e29-4bfe-bc4a-fbf1b17b8a3b" testId="44f9d854-4806-45b8-b077-39442b7de214" testName="FormatToStringTest1000 (27852.532163303127,27852.53 zł)" computerName="DESKTOP-5URQ9PB" duration="00:00:00.0000495" startTime="2022-06-13T21:12:02.1900829+02:00" endTime="2022-06-13T21:12:02.1904251+02:00" testType="13cdc9d9-ddb5-4fa4-a97d-d965ccfc6d4b" outcome="Passed" testListId="8c84fa94-04c1-424b-9868-57a2d4851a1d" relativeResultsDirectory="50ff2f09-2e29-4bfe-bc4a-fbf1b17b8a3b" />
    <UnitTestResult executionId="8de51934-d496-4b5e-afce-e66ea925e187" testId="f784cb91-5e97-4514-b741-f96f50b2670a" testName="FormatToStringTest1000 (1549.6599114973376,1549.66 zł)" computerName="DESKTOP-5URQ9PB" duration="00:00:00.0000061" startTime="2022-06-13T21:12:02.2860442+02:00" endTime="2022-06-13T21:12:02.2861091+02:00" testType="13cdc9d9-ddb5-4fa4-a97d-d965ccfc6d4b" outcome="Passed" testListId="8c84fa94-04c1-424b-9868-57a2d4851a1d" relativeResultsDirectory="8de51934-d496-4b5e-afce-e66ea925e187" />
    <UnitTestResult executionId="67b9e0c5-1060-4170-ae9e-dacd011a6713" testId="6b8cb8a0-d174-40cb-9c73-1e866081b546" testName="FormatToStringTest1000 (1994.0983933439006,1994.10 zł)" computerName="DESKTOP-5URQ9PB" duration="00:00:00.0000062" startTime="2022-06-13T21:12:02.2760645+02:00" endTime="2022-06-13T21:12:02.2761300+02:00" testType="13cdc9d9-ddb5-4fa4-a97d-d965ccfc6d4b" outcome="Passed" testListId="8c84fa94-04c1-424b-9868-57a2d4851a1d" relativeResultsDirectory="67b9e0c5-1060-4170-ae9e-dacd011a6713" />
    <UnitTestResult executionId="9e15ff8b-4ce5-4a55-9af5-c17b3e635598" testId="8ff0a39c-b7f1-4309-a6dc-6aa214bf64b0" testName="FormatToStringTest1000 (20643.69044446465,20643.69 zł)" computerName="DESKTOP-5URQ9PB" duration="00:00:00.0000062" startTime="2022-06-13T21:12:02.2265596+02:00" endTime="2022-06-13T21:12:02.2266240+02:00" testType="13cdc9d9-ddb5-4fa4-a97d-d965ccfc6d4b" outcome="Passed" testListId="8c84fa94-04c1-424b-9868-57a2d4851a1d" relativeResultsDirectory="9e15ff8b-4ce5-4a55-9af5-c17b3e635598" />
    <UnitTestResult executionId="1b1b173e-9bc6-4629-b9ca-ef6c0c79076d" testId="10ad7550-f76c-4572-8d65-fe4fd902b36d" testName="FormatToStringTest1000 (11175.438820935526,11175.44 zł)" computerName="DESKTOP-5URQ9PB" duration="00:00:00.0000064" startTime="2022-06-13T21:12:02.0339246+02:00" endTime="2022-06-13T21:12:02.0339934+02:00" testType="13cdc9d9-ddb5-4fa4-a97d-d965ccfc6d4b" outcome="Passed" testListId="8c84fa94-04c1-424b-9868-57a2d4851a1d" relativeResultsDirectory="1b1b173e-9bc6-4629-b9ca-ef6c0c79076d" />
    <UnitTestResult executionId="9c775dda-07a8-4fa3-a698-3c6199baaa7c" testId="302235d6-21eb-4d15-901d-8d2be6ba3977" testName="FormatToStringTest1000 (7050.437505805137,7050.44 zł)" computerName="DESKTOP-5URQ9PB" duration="00:00:00.0000063" startTime="2022-06-13T21:12:02.0163822+02:00" endTime="2022-06-13T21:12:02.0164497+02:00" testType="13cdc9d9-ddb5-4fa4-a97d-d965ccfc6d4b" outcome="Passed" testListId="8c84fa94-04c1-424b-9868-57a2d4851a1d" relativeResultsDirectory="9c775dda-07a8-4fa3-a698-3c6199baaa7c" />
    <UnitTestResult executionId="19830331-2f3d-4b17-9913-3981003275d8" testId="fc70f60e-7936-46fc-84ae-e825f4bb260c" testName="FormatToStringTest1000 (70432.00656616595,70432.01 zł)" computerName="DESKTOP-5URQ9PB" duration="00:00:00.0000062" startTime="2022-06-13T21:12:02.2607255+02:00" endTime="2022-06-13T21:12:02.2607891+02:00" testType="13cdc9d9-ddb5-4fa4-a97d-d965ccfc6d4b" outcome="Passed" testListId="8c84fa94-04c1-424b-9868-57a2d4851a1d" relativeResultsDirectory="19830331-2f3d-4b17-9913-3981003275d8" />
    <UnitTestResult executionId="1fc09d30-332c-4b2f-9b30-2500737339f2" testId="1e8588e3-165f-4eb9-b098-c2934329cb18" testName="FormatToStringTest1000 (68507.83928906724,68507.84 zł)" computerName="DESKTOP-5URQ9PB" duration="00:00:00.0000061" startTime="2022-06-13T21:12:02.2603997+02:00" endTime="2022-06-13T21:12:02.2604650+02:00" testType="13cdc9d9-ddb5-4fa4-a97d-d965ccfc6d4b" outcome="Passed" testListId="8c84fa94-04c1-424b-9868-57a2d4851a1d" relativeResultsDirectory="1fc09d30-332c-4b2f-9b30-2500737339f2" />
    <UnitTestResult executionId="2e8b79fd-5a6b-4462-a2c6-428832ecd6ac" testId="b8cd239f-a89d-44b7-876f-0917f62aea36" testName="FormatToStringTest1000 (63946.51014057478,63946.51 zł)" computerName="DESKTOP-5URQ9PB" duration="00:00:00.0000062" startTime="2022-06-13T21:12:02.1978927+02:00" endTime="2022-06-13T21:12:02.1979589+02:00" testType="13cdc9d9-ddb5-4fa4-a97d-d965ccfc6d4b" outcome="Passed" testListId="8c84fa94-04c1-424b-9868-57a2d4851a1d" relativeResultsDirectory="2e8b79fd-5a6b-4462-a2c6-428832ecd6ac" />
    <UnitTestResult executionId="47c5087d-33c1-4c89-8cf9-9a6cb45b1ad3" testId="6a914d97-6d1e-423b-9bcd-251c9db1c39c" testName="FormatToStringTest1000 (12831.146874380833,12831.15 zł)" computerName="DESKTOP-5URQ9PB" duration="00:00:00.0000086" startTime="2022-06-13T21:12:02.1172119+02:00" endTime="2022-06-13T21:12:02.1173043+02:00" testType="13cdc9d9-ddb5-4fa4-a97d-d965ccfc6d4b" outcome="Passed" testListId="8c84fa94-04c1-424b-9868-57a2d4851a1d" relativeResultsDirectory="47c5087d-33c1-4c89-8cf9-9a6cb45b1ad3" />
    <UnitTestResult executionId="7e460521-49a8-479b-b218-c773550113c2" testId="f4e19b79-ada9-4f38-a4d7-ebae2ec794d0" testName="FormatToStringTest1000 (286.92120604539343,286.92 zł)" computerName="DESKTOP-5URQ9PB" duration="00:00:00.0000064" startTime="2022-06-13T21:12:01.9533689+02:00" endTime="2022-06-13T21:12:01.9534398+02:00" testType="13cdc9d9-ddb5-4fa4-a97d-d965ccfc6d4b" outcome="Passed" testListId="8c84fa94-04c1-424b-9868-57a2d4851a1d" relativeResultsDirectory="7e460521-49a8-479b-b218-c773550113c2" />
    <UnitTestResult executionId="cc02f014-14e2-4a0b-a05f-bb4bf0c5b1a5" testId="99a7fe4c-d4ee-4d9b-9749-5d9424cd79bc" testName="FormatToStringTest1000 (85407.13428016152,85407.13 zł)" computerName="DESKTOP-5URQ9PB" duration="00:00:00.0000062" startTime="2022-06-13T21:12:02.2947739+02:00" endTime="2022-06-13T21:12:02.2948387+02:00" testType="13cdc9d9-ddb5-4fa4-a97d-d965ccfc6d4b" outcome="Passed" testListId="8c84fa94-04c1-424b-9868-57a2d4851a1d" relativeResultsDirectory="cc02f014-14e2-4a0b-a05f-bb4bf0c5b1a5" />
    <UnitTestResult executionId="329c84ed-af42-4f09-934b-f8eb07bdf3f8" testId="b3d3222a-7e70-46d0-814b-dd7afbbaac17" testName="FormatToStringTest1000 (45035.160883881224,45035.16 zł)" computerName="DESKTOP-5URQ9PB" duration="00:00:00.0000063" startTime="2022-06-13T21:12:01.9702694+02:00" endTime="2022-06-13T21:12:01.9703372+02:00" testType="13cdc9d9-ddb5-4fa4-a97d-d965ccfc6d4b" outcome="Passed" testListId="8c84fa94-04c1-424b-9868-57a2d4851a1d" relativeResultsDirectory="329c84ed-af42-4f09-934b-f8eb07bdf3f8" />
    <UnitTestResult executionId="ed3202fb-1151-435f-b9b6-123236af4e5d" testId="71215eae-7f25-43d3-b2a9-9eeb688c05cb" testName="FormatToStringTest1000 (46803.36433423374,46803.36 zł)" computerName="DESKTOP-5URQ9PB" duration="00:00:00.0000067" startTime="2022-06-13T21:12:02.0675841+02:00" endTime="2022-06-13T21:12:02.0676605+02:00" testType="13cdc9d9-ddb5-4fa4-a97d-d965ccfc6d4b" outcome="Passed" testListId="8c84fa94-04c1-424b-9868-57a2d4851a1d" relativeResultsDirectory="ed3202fb-1151-435f-b9b6-123236af4e5d" />
    <UnitTestResult executionId="3bb121ad-cf4a-4c86-8f62-afeafc19d221" testId="4ebd5983-1e94-4648-afa6-b58c36a36ed3" testName="FormatToStringTest1000 (1482.3501845832682,1482.35 zł)" computerName="DESKTOP-5URQ9PB" duration="00:00:00.0000060" startTime="2022-06-13T21:12:02.2506977+02:00" endTime="2022-06-13T21:12:02.2507619+02:00" testType="13cdc9d9-ddb5-4fa4-a97d-d965ccfc6d4b" outcome="Passed" testListId="8c84fa94-04c1-424b-9868-57a2d4851a1d" relativeResultsDirectory="3bb121ad-cf4a-4c86-8f62-afeafc19d221" />
    <UnitTestResult executionId="9dab8354-8f23-4331-8ca4-d96ea7678d84" testId="a91cc4a8-e812-43b6-af91-1200f3eb62e7" testName="FormatToStringTest1000 (28155.26504817664,28155.27 zł)" computerName="DESKTOP-5URQ9PB" duration="00:00:00.0000063" startTime="2022-06-13T21:12:02.1015574+02:00" endTime="2022-06-13T21:12:02.1016239+02:00" testType="13cdc9d9-ddb5-4fa4-a97d-d965ccfc6d4b" outcome="Passed" testListId="8c84fa94-04c1-424b-9868-57a2d4851a1d" relativeResultsDirectory="9dab8354-8f23-4331-8ca4-d96ea7678d84" />
    <UnitTestResult executionId="82698e69-1b5b-4046-b5ea-45e5d021b1ad" testId="8e5aa61e-a240-4703-b63c-52894beada8c" testName="FormatToStringTest1000 (19603.69286519321,19603.69 zł)" computerName="DESKTOP-5URQ9PB" duration="00:00:00.0000062" startTime="2022-06-13T21:12:02.2887331+02:00" endTime="2022-06-13T21:12:02.2887975+02:00" testType="13cdc9d9-ddb5-4fa4-a97d-d965ccfc6d4b" outcome="Passed" testListId="8c84fa94-04c1-424b-9868-57a2d4851a1d" relativeResultsDirectory="82698e69-1b5b-4046-b5ea-45e5d021b1ad" />
    <UnitTestResult executionId="003471f3-81f0-4b35-9be5-4c1463e66c96" testId="230b7a74-95a7-4e0a-8a7c-982efc896d3d" testName="FormatToStringTest1000 (1896.1704506483723,1896.17 zł)" computerName="DESKTOP-5URQ9PB" duration="00:00:00.0000064" startTime="2022-06-13T21:12:02.0644346+02:00" endTime="2022-06-13T21:12:02.0645109+02:00" testType="13cdc9d9-ddb5-4fa4-a97d-d965ccfc6d4b" outcome="Passed" testListId="8c84fa94-04c1-424b-9868-57a2d4851a1d" relativeResultsDirectory="003471f3-81f0-4b35-9be5-4c1463e66c96" />
    <UnitTestResult executionId="a7962179-38e2-4b6a-8fd5-4f3305562ac9" testId="010924b7-4bc2-412b-a1dc-757a5936f140" testName="FormatToStringTest1000 (7716.571614765363,7716.57 zł)" computerName="DESKTOP-5URQ9PB" duration="00:00:00.0000061" startTime="2022-06-13T21:12:02.2569188+02:00" endTime="2022-06-13T21:12:02.2569830+02:00" testType="13cdc9d9-ddb5-4fa4-a97d-d965ccfc6d4b" outcome="Passed" testListId="8c84fa94-04c1-424b-9868-57a2d4851a1d" relativeResultsDirectory="a7962179-38e2-4b6a-8fd5-4f3305562ac9" />
    <UnitTestResult executionId="8e03f23c-63df-4f4f-a31e-060d637a5489" testId="5cb59387-fef5-4b00-bb8d-abd3f2617691" testName="FormatToStringTest1000 (4555.538255205163,4555.54 zł)" computerName="DESKTOP-5URQ9PB" duration="00:00:00.0000085" startTime="2022-06-13T21:12:02.0872293+02:00" endTime="2022-06-13T21:12:02.0873231+02:00" testType="13cdc9d9-ddb5-4fa4-a97d-d965ccfc6d4b" outcome="Passed" testListId="8c84fa94-04c1-424b-9868-57a2d4851a1d" relativeResultsDirectory="8e03f23c-63df-4f4f-a31e-060d637a5489" />
    <UnitTestResult executionId="89ccfa21-9142-4a19-ad9d-f1e8b155a94a" testId="3a53de9c-2ccd-4aaf-907b-ef2a3d1d4c6d" testName="FormatToStringTest1000 (8582.709131852587,8582.71 zł)" computerName="DESKTOP-5URQ9PB" duration="00:00:00.0000061" startTime="2022-06-13T21:12:02.2288294+02:00" endTime="2022-06-13T21:12:02.2288929+02:00" testType="13cdc9d9-ddb5-4fa4-a97d-d965ccfc6d4b" outcome="Passed" testListId="8c84fa94-04c1-424b-9868-57a2d4851a1d" relativeResultsDirectory="89ccfa21-9142-4a19-ad9d-f1e8b155a94a" />
    <UnitTestResult executionId="8e4e6715-6ed9-407b-ab3f-6a4ec4562428" testId="a6e9e1a5-528b-473b-89fd-3da9857c6a63" testName="FormatToStringTest1000 (743.047944508981,743.05 zł)" computerName="DESKTOP-5URQ9PB" duration="00:00:00.0000405" startTime="2022-06-13T21:12:02.1816798+02:00" endTime="2022-06-13T21:12:02.1819479+02:00" testType="13cdc9d9-ddb5-4fa4-a97d-d965ccfc6d4b" outcome="Passed" testListId="8c84fa94-04c1-424b-9868-57a2d4851a1d" relativeResultsDirectory="8e4e6715-6ed9-407b-ab3f-6a4ec4562428" />
    <UnitTestResult executionId="0dba200f-32ba-48a3-8624-ab93027f9e20" testId="92f8f8d5-ae9a-40fb-9525-e0372e3db241" testName="FormatToStringTest1000 (1187.8237780126854,1187.82 zł)" computerName="DESKTOP-5URQ9PB" duration="00:00:00.0000088" startTime="2022-06-13T21:12:02.2459338+02:00" endTime="2022-06-13T21:12:02.2460289+02:00" testType="13cdc9d9-ddb5-4fa4-a97d-d965ccfc6d4b" outcome="Passed" testListId="8c84fa94-04c1-424b-9868-57a2d4851a1d" relativeResultsDirectory="0dba200f-32ba-48a3-8624-ab93027f9e20" />
    <UnitTestResult executionId="2136b9ea-9e93-43b1-9fbf-f1fde74e0095" testId="d6b4d8c9-c175-4c03-8b78-eec661280725" testName="FormatToStringTest1000 (31424.298858482067,31424.30 zł)" computerName="DESKTOP-5URQ9PB" duration="00:00:00.0000469" startTime="2022-06-13T21:12:02.1720163+02:00" endTime="2022-06-13T21:12:02.1725755+02:00" testType="13cdc9d9-ddb5-4fa4-a97d-d965ccfc6d4b" outcome="Passed" testListId="8c84fa94-04c1-424b-9868-57a2d4851a1d" relativeResultsDirectory="2136b9ea-9e93-43b1-9fbf-f1fde74e0095" />
    <UnitTestResult executionId="860ab805-55cc-44a0-99d5-0a7e1d38299f" testId="9a7eacdf-b83d-4373-9b3a-26df553a34b4" testName="FormatToStringTest1000 (50009.23881716898,50009.24 zł)" computerName="DESKTOP-5URQ9PB" duration="00:00:00.0000519" startTime="2022-06-13T21:12:02.1703881+02:00" endTime="2022-06-13T21:12:02.1711100+02:00" testType="13cdc9d9-ddb5-4fa4-a97d-d965ccfc6d4b" outcome="Passed" testListId="8c84fa94-04c1-424b-9868-57a2d4851a1d" relativeResultsDirectory="860ab805-55cc-44a0-99d5-0a7e1d38299f" />
    <UnitTestResult executionId="1d96a176-863a-4418-abcd-6ff6b1f1fab0" testId="b3eca086-80ec-470f-908c-1757ee1001ad" testName="FormatToStringTest1000 (15411.371650797022,15411.37 zł)" computerName="DESKTOP-5URQ9PB" duration="00:00:00.0000063" startTime="2022-06-13T21:12:02.0277590+02:00" endTime="2022-06-13T21:12:02.0278264+02:00" testType="13cdc9d9-ddb5-4fa4-a97d-d965ccfc6d4b" outcome="Passed" testListId="8c84fa94-04c1-424b-9868-57a2d4851a1d" relativeResultsDirectory="1d96a176-863a-4418-abcd-6ff6b1f1fab0" />
    <UnitTestResult executionId="8923f30f-7ae8-4323-bde7-3860379b248b" testId="b6e31be5-eede-4165-9432-7e63b19f2dd1" testName="FormatToStringTest1000 (30722.846572104303,30722.85 zł)" computerName="DESKTOP-5URQ9PB" duration="00:00:00.0000063" startTime="2022-06-13T21:12:02.2056845+02:00" endTime="2022-06-13T21:12:02.2057509+02:00" testType="13cdc9d9-ddb5-4fa4-a97d-d965ccfc6d4b" outcome="Passed" testListId="8c84fa94-04c1-424b-9868-57a2d4851a1d" relativeResultsDirectory="8923f30f-7ae8-4323-bde7-3860379b248b" />
    <UnitTestResult executionId="acda10ce-a986-4569-94ca-1e8c7044fee9" testId="48070389-31cd-43d4-9a30-35a4fc1ad7d4" testName="FormatToStringTest1000 (59247.898931587064,59247.90 zł)" computerName="DESKTOP-5URQ9PB" duration="00:00:00.0000082" startTime="2022-06-13T21:12:02.1977014+02:00" endTime="2022-06-13T21:12:02.1977882+02:00" testType="13cdc9d9-ddb5-4fa4-a97d-d965ccfc6d4b" outcome="Passed" testListId="8c84fa94-04c1-424b-9868-57a2d4851a1d" relativeResultsDirectory="acda10ce-a986-4569-94ca-1e8c7044fee9" />
    <UnitTestResult executionId="8741b272-0559-4654-bb27-71ba76e18361" testId="266f6a9f-0eb9-4d8a-916d-a40cd58c55e2" testName="FormatToStringTest1000 (29975.4018974022,29975.40 zł)" computerName="DESKTOP-5URQ9PB" duration="00:00:00.0000064" startTime="2022-06-13T21:12:02.2389426+02:00" endTime="2022-06-13T21:12:02.2390048+02:00" testType="13cdc9d9-ddb5-4fa4-a97d-d965ccfc6d4b" outcome="Passed" testListId="8c84fa94-04c1-424b-9868-57a2d4851a1d" relativeResultsDirectory="8741b272-0559-4654-bb27-71ba76e18361" />
    <UnitTestResult executionId="744cb74f-20b2-4799-8f6f-93dc753bd889" testId="1002d29f-5f11-413b-8253-17511aacc3ee" testName="FormatToStringTest1000 (9928.477822322622,9928.48 zł)" computerName="DESKTOP-5URQ9PB" duration="00:00:00.0000063" startTime="2022-06-13T21:12:02.2040171+02:00" endTime="2022-06-13T21:12:02.2040836+02:00" testType="13cdc9d9-ddb5-4fa4-a97d-d965ccfc6d4b" outcome="Passed" testListId="8c84fa94-04c1-424b-9868-57a2d4851a1d" relativeResultsDirectory="744cb74f-20b2-4799-8f6f-93dc753bd889" />
    <UnitTestResult executionId="fca3c281-88b2-4cf5-bdd8-41f70d9e18dc" testId="db12f165-c38e-4adb-bd04-458febc58f1f" testName="FormatToStringTest1000 (11157.981051815665,11157.98 zł)" computerName="DESKTOP-5URQ9PB" duration="00:00:00.0000062" startTime="2022-06-13T21:12:02.1105896+02:00" endTime="2022-06-13T21:12:02.1106577+02:00" testType="13cdc9d9-ddb5-4fa4-a97d-d965ccfc6d4b" outcome="Passed" testListId="8c84fa94-04c1-424b-9868-57a2d4851a1d" relativeResultsDirectory="fca3c281-88b2-4cf5-bdd8-41f70d9e18dc" />
    <UnitTestResult executionId="e4c9aed2-6a1f-4664-bad3-eeabb808c081" testId="088f64f1-3837-4350-8a46-56ef7ffc4a86" testName="FormatToStringTest1000 (6466.872242818062,6466.87 zł)" computerName="DESKTOP-5URQ9PB" duration="00:00:00.0000062" startTime="2022-06-13T21:12:02.2126816+02:00" endTime="2022-06-13T21:12:02.2127465+02:00" testType="13cdc9d9-ddb5-4fa4-a97d-d965ccfc6d4b" outcome="Passed" testListId="8c84fa94-04c1-424b-9868-57a2d4851a1d" relativeResultsDirectory="e4c9aed2-6a1f-4664-bad3-eeabb808c081" />
    <UnitTestResult executionId="be849762-0b26-40b0-8902-9d99de97c2fd" testId="87244843-4805-49e3-9ea7-985466bdf622" testName="FormatToStringTest1000 (3270.286035661719,3270.29 zł)" computerName="DESKTOP-5URQ9PB" duration="00:00:00.0000075" startTime="2022-06-13T21:12:02.1578169+02:00" endTime="2022-06-13T21:12:02.1578975+02:00" testType="13cdc9d9-ddb5-4fa4-a97d-d965ccfc6d4b" outcome="Passed" testListId="8c84fa94-04c1-424b-9868-57a2d4851a1d" relativeResultsDirectory="be849762-0b26-40b0-8902-9d99de97c2fd" />
    <UnitTestResult executionId="99df5b96-9ecb-4274-adb3-1a1a877396f6" testId="9f3cdfae-ceff-4cde-9211-78ad83bdb935" testName="FormatToStringTest1000 (4094.6752323977066,4094.68 zł)" computerName="DESKTOP-5URQ9PB" duration="00:00:00.0000062" startTime="2022-06-13T21:12:02.2946927+02:00" endTime="2022-06-13T21:12:02.2947572+02:00" testType="13cdc9d9-ddb5-4fa4-a97d-d965ccfc6d4b" outcome="Passed" testListId="8c84fa94-04c1-424b-9868-57a2d4851a1d" relativeResultsDirectory="99df5b96-9ecb-4274-adb3-1a1a877396f6" />
    <UnitTestResult executionId="d4d02f8c-fdd2-49c7-b2b5-23cef5bfa592" testId="ebd971ed-a05b-4bef-b040-a525198a822e" testName="FormatToStringTest1000 (1614.2516601789982,1614.25 zł)" computerName="DESKTOP-5URQ9PB" duration="00:00:00.0000062" startTime="2022-06-13T21:12:01.9675371+02:00" endTime="2022-06-13T21:12:01.9676039+02:00" testType="13cdc9d9-ddb5-4fa4-a97d-d965ccfc6d4b" outcome="Passed" testListId="8c84fa94-04c1-424b-9868-57a2d4851a1d" relativeResultsDirectory="d4d02f8c-fdd2-49c7-b2b5-23cef5bfa592" />
    <UnitTestResult executionId="b013bb3f-92a6-45d7-b653-45add959ee05" testId="0b66093e-7829-4bcb-aa0a-ec64e35ca80c" testName="FormatToStringTest1000 (1313.0279238368514,1313.03 zł)" computerName="DESKTOP-5URQ9PB" duration="00:00:00.0000060" startTime="2022-06-13T21:12:02.2287482+02:00" endTime="2022-06-13T21:12:02.2288122+02:00" testType="13cdc9d9-ddb5-4fa4-a97d-d965ccfc6d4b" outcome="Passed" testListId="8c84fa94-04c1-424b-9868-57a2d4851a1d" relativeResultsDirectory="b013bb3f-92a6-45d7-b653-45add959ee05" />
    <UnitTestResult executionId="a0076091-1331-453b-bc94-08a8a8116ff0" testId="e38c6b59-855f-4be0-a3f6-4f32b2b09384" testName="FormatToStringTest1000 (7951.322730072458,7951.32 zł)" computerName="DESKTOP-5URQ9PB" duration="00:00:00.0000070" startTime="2022-06-13T21:12:02.0313951+02:00" endTime="2022-06-13T21:12:02.0314621+02:00" testType="13cdc9d9-ddb5-4fa4-a97d-d965ccfc6d4b" outcome="Passed" testListId="8c84fa94-04c1-424b-9868-57a2d4851a1d" relativeResultsDirectory="a0076091-1331-453b-bc94-08a8a8116ff0" />
    <UnitTestResult executionId="59340098-5821-4521-b007-0ac69fc869e2" testId="8de363eb-8129-4f32-a321-6c692bfe5684" testName="FormatToStringTest1000 (15624.452361264477,15624.45 zł)" computerName="DESKTOP-5URQ9PB" duration="00:00:00.0000142" startTime="2022-06-13T21:12:02.1473675+02:00" endTime="2022-06-13T21:12:02.1475474+02:00" testType="13cdc9d9-ddb5-4fa4-a97d-d965ccfc6d4b" outcome="Passed" testListId="8c84fa94-04c1-424b-9868-57a2d4851a1d" relativeResultsDirectory="59340098-5821-4521-b007-0ac69fc869e2" />
    <UnitTestResult executionId="e33a88fb-8e61-4887-baa2-273e263f374e" testId="76b34fab-9748-4a2d-8e8e-27e6199d3ee7" testName="FormatToStringTest1000 (57181.240528605056,57181.24 zł)" computerName="DESKTOP-5URQ9PB" duration="00:00:00.0000063" startTime="2022-06-13T21:12:02.0746911+02:00" endTime="2022-06-13T21:12:02.0747585+02:00" testType="13cdc9d9-ddb5-4fa4-a97d-d965ccfc6d4b" outcome="Passed" testListId="8c84fa94-04c1-424b-9868-57a2d4851a1d" relativeResultsDirectory="e33a88fb-8e61-4887-baa2-273e263f374e" />
    <UnitTestResult executionId="7dd94867-4d66-413f-854e-bfd558242c61" testId="abe7d7e4-d1d1-499f-8965-83863b5b22ac" testName="FormatToStringTest1000 (100.45267071130345,100.45 zł)" computerName="DESKTOP-5URQ9PB" duration="00:00:00.0000062" startTime="2022-06-13T21:12:02.0374146+02:00" endTime="2022-06-13T21:12:02.0374814+02:00" testType="13cdc9d9-ddb5-4fa4-a97d-d965ccfc6d4b" outcome="Passed" testListId="8c84fa94-04c1-424b-9868-57a2d4851a1d" relativeResultsDirectory="7dd94867-4d66-413f-854e-bfd558242c61" />
    <UnitTestResult executionId="e60c51e0-fb2c-412e-88dd-e7266ac66579" testId="bc2e7aee-152a-4e50-ac9c-92ec0700ea46" testName="FormatToStringTest1000 (5870.791169434223,5870.79 zł)" computerName="DESKTOP-5URQ9PB" duration="00:00:00.0000063" startTime="2022-06-13T21:12:02.1048054+02:00" endTime="2022-06-13T21:12:02.1048726+02:00" testType="13cdc9d9-ddb5-4fa4-a97d-d965ccfc6d4b" outcome="Passed" testListId="8c84fa94-04c1-424b-9868-57a2d4851a1d" relativeResultsDirectory="e60c51e0-fb2c-412e-88dd-e7266ac66579" />
    <UnitTestResult executionId="817f5680-83be-4196-b1b9-1b59a6725a89" testId="23b22286-944f-47f3-8886-a9e3a68f57ac" testName="FormatToStringTest1000 (26223.99769144412,26224.00 zł)" computerName="DESKTOP-5URQ9PB" duration="00:00:00.0000091" startTime="2022-06-13T21:12:02.0093112+02:00" endTime="2022-06-13T21:12:02.0094277+02:00" testType="13cdc9d9-ddb5-4fa4-a97d-d965ccfc6d4b" outcome="Passed" testListId="8c84fa94-04c1-424b-9868-57a2d4851a1d" relativeResultsDirectory="817f5680-83be-4196-b1b9-1b59a6725a89" />
    <UnitTestResult executionId="c4d85222-18b9-40d5-97df-f86d05155fcf" testId="acbd9fa2-aaee-47c7-8f7b-ba5837a3a9f1" testName="FormatToStringTest1000 (5876.112133716285,5876.11 zł)" computerName="DESKTOP-5URQ9PB" duration="00:00:00.0000062" startTime="2022-06-13T21:12:02.2502057+02:00" endTime="2022-06-13T21:12:02.2502761+02:00" testType="13cdc9d9-ddb5-4fa4-a97d-d965ccfc6d4b" outcome="Passed" testListId="8c84fa94-04c1-424b-9868-57a2d4851a1d" relativeResultsDirectory="c4d85222-18b9-40d5-97df-f86d05155fcf" />
    <UnitTestResult executionId="4ba548ac-fa10-4226-abf1-cba314516535" testId="bbfc922c-5991-4a8a-b208-7f8e7e4b2652" testName="FormatToStringTest1000 (32051.900532446758,32051.90 zł)" computerName="DESKTOP-5URQ9PB" duration="00:00:00.0000122" startTime="2022-06-13T21:12:02.0208415+02:00" endTime="2022-06-13T21:12:02.0210117+02:00" testType="13cdc9d9-ddb5-4fa4-a97d-d965ccfc6d4b" outcome="Passed" testListId="8c84fa94-04c1-424b-9868-57a2d4851a1d" relativeResultsDirectory="4ba548ac-fa10-4226-abf1-cba314516535" />
    <UnitTestResult executionId="3739148e-b2c4-4b18-9fe5-352608e6b39d" testId="94419810-b906-4f5e-b8ec-64afd8a6faaf" testName="FormatToStringTest1000 (28502.61128259758,28502.61 zł)" computerName="DESKTOP-5URQ9PB" duration="00:00:00.0000063" startTime="2022-06-13T21:12:01.9733753+02:00" endTime="2022-06-13T21:12:01.9734445+02:00" testType="13cdc9d9-ddb5-4fa4-a97d-d965ccfc6d4b" outcome="Passed" testListId="8c84fa94-04c1-424b-9868-57a2d4851a1d" relativeResultsDirectory="3739148e-b2c4-4b18-9fe5-352608e6b39d" />
    <UnitTestResult executionId="37d83158-d069-4c0a-98ca-d119e487cc54" testId="57e253cc-19ae-470d-8bb7-b5a41693a64f" testName="FormatToStringTest1000 (58459.03113649601,58459.03 zł)" computerName="DESKTOP-5URQ9PB" duration="00:00:00.0000065" startTime="2022-06-13T21:12:02.2035102+02:00" endTime="2022-06-13T21:12:02.2035792+02:00" testType="13cdc9d9-ddb5-4fa4-a97d-d965ccfc6d4b" outcome="Passed" testListId="8c84fa94-04c1-424b-9868-57a2d4851a1d" relativeResultsDirectory="37d83158-d069-4c0a-98ca-d119e487cc54" />
    <UnitTestResult executionId="ce89ed69-fbd5-495e-a7b0-71b32354f42a" testId="2f9dc192-4534-401a-bdbb-d5d261830ce1" testName="FormatToStringTest1000 (14920.620598662934,14920.62 zł)" computerName="DESKTOP-5URQ9PB" duration="00:00:00.0000062" startTime="2022-06-13T21:12:02.0345214+02:00" endTime="2022-06-13T21:12:02.0345874+02:00" testType="13cdc9d9-ddb5-4fa4-a97d-d965ccfc6d4b" outcome="Passed" testListId="8c84fa94-04c1-424b-9868-57a2d4851a1d" relativeResultsDirectory="ce89ed69-fbd5-495e-a7b0-71b32354f42a" />
    <UnitTestResult executionId="b70a446c-3c85-42e2-afcc-985771f51e51" testId="01a7ab9c-2e54-4005-b3fe-a5934aa14de9" testName="FormatToStringTest1000 (24566.50251371856,24566.50 zł)" computerName="DESKTOP-5URQ9PB" duration="00:00:00.0000066" startTime="2022-06-13T21:12:02.1571455+02:00" endTime="2022-06-13T21:12:02.1572214+02:00" testType="13cdc9d9-ddb5-4fa4-a97d-d965ccfc6d4b" outcome="Passed" testListId="8c84fa94-04c1-424b-9868-57a2d4851a1d" relativeResultsDirectory="b70a446c-3c85-42e2-afcc-985771f51e51" />
    <UnitTestResult executionId="0048fee4-58c6-4e11-b254-6cbce633d552" testId="f897b982-08a6-49c1-b5c3-c57b1ef58444" testName="FormatToStringTest1000 (16825.83099003268,16825.83 zł)" computerName="DESKTOP-5URQ9PB" duration="00:00:00.0000063" startTime="2022-06-13T21:12:02.2187997+02:00" endTime="2022-06-13T21:12:02.2188650+02:00" testType="13cdc9d9-ddb5-4fa4-a97d-d965ccfc6d4b" outcome="Passed" testListId="8c84fa94-04c1-424b-9868-57a2d4851a1d" relativeResultsDirectory="0048fee4-58c6-4e11-b254-6cbce633d552" />
    <UnitTestResult executionId="c602fc22-0057-42aa-aefd-ca41a97ac1f4" testId="31ed0f9e-0ba8-499a-a820-156acb2d21e9" testName="FormatToStringTest1000 (73372.53853826903,73372.54 zł)" computerName="DESKTOP-5URQ9PB" duration="00:00:00.0000062" startTime="2022-06-13T21:12:02.0543955+02:00" endTime="2022-06-13T21:12:02.0544636+02:00" testType="13cdc9d9-ddb5-4fa4-a97d-d965ccfc6d4b" outcome="Passed" testListId="8c84fa94-04c1-424b-9868-57a2d4851a1d" relativeResultsDirectory="c602fc22-0057-42aa-aefd-ca41a97ac1f4" />
    <UnitTestResult executionId="bc40b962-43a7-4c8d-8b0f-1659789f2308" testId="f83e0eea-bc66-439b-a1ac-8fadd5001605" testName="FormatToStringTest1000 (2121.0917325211185,2121.09 zł)" computerName="DESKTOP-5URQ9PB" duration="00:00:00.0000063" startTime="2022-06-13T21:12:02.1931388+02:00" endTime="2022-06-13T21:12:02.1932068+02:00" testType="13cdc9d9-ddb5-4fa4-a97d-d965ccfc6d4b" outcome="Passed" testListId="8c84fa94-04c1-424b-9868-57a2d4851a1d" relativeResultsDirectory="bc40b962-43a7-4c8d-8b0f-1659789f2308" />
    <UnitTestResult executionId="f4b0d595-1b29-4346-9d2e-724aaab29f0b" testId="414fb045-7c25-41cc-b345-4bbef9d87ffe" testName="FormatToStringTest1000 (10066.059180456241,10066.06 zł)" computerName="DESKTOP-5URQ9PB" duration="00:00:00.0000061" startTime="2022-06-13T21:12:02.2583826+02:00" endTime="2022-06-13T21:12:02.2584489+02:00" testType="13cdc9d9-ddb5-4fa4-a97d-d965ccfc6d4b" outcome="Passed" testListId="8c84fa94-04c1-424b-9868-57a2d4851a1d" relativeResultsDirectory="f4b0d595-1b29-4346-9d2e-724aaab29f0b" />
    <UnitTestResult executionId="595e53f5-d58b-4b62-aba0-51d78b8b938b" testId="9aaebfbf-6c1e-4a73-896a-f10916b90378" testName="FormatToStringTest1000 (36978.61073549213,36978.61 zł)" computerName="DESKTOP-5URQ9PB" duration="00:00:00.0000062" startTime="2022-06-13T21:12:02.2349409+02:00" endTime="2022-06-13T21:12:02.2350044+02:00" testType="13cdc9d9-ddb5-4fa4-a97d-d965ccfc6d4b" outcome="Passed" testListId="8c84fa94-04c1-424b-9868-57a2d4851a1d" relativeResultsDirectory="595e53f5-d58b-4b62-aba0-51d78b8b938b" />
    <UnitTestResult executionId="2920fbbf-68a8-4d81-a3b9-3ba332507bbd" testId="6ebdc4ce-8f7a-4c88-8420-af57a5a8ef42" testName="FormatToStringTest1000 (9097.395563790293,9097.40 zł)" computerName="DESKTOP-5URQ9PB" duration="00:00:00.0000063" startTime="2022-06-13T21:12:02.2484374+02:00" endTime="2022-06-13T21:12:02.2485026+02:00" testType="13cdc9d9-ddb5-4fa4-a97d-d965ccfc6d4b" outcome="Passed" testListId="8c84fa94-04c1-424b-9868-57a2d4851a1d" relativeResultsDirectory="2920fbbf-68a8-4d81-a3b9-3ba332507bbd" />
    <UnitTestResult executionId="7bcd021e-4659-4993-a429-97ff52feb700" testId="04f77753-4fc6-43f3-9bbe-063c856d6799" testName="FormatToStringTest1000 (31391.358864880804,31391.36 zł)" computerName="DESKTOP-5URQ9PB" duration="00:00:00.0000062" startTime="2022-06-13T21:12:02.2584663+02:00" endTime="2022-06-13T21:12:02.2585311+02:00" testType="13cdc9d9-ddb5-4fa4-a97d-d965ccfc6d4b" outcome="Passed" testListId="8c84fa94-04c1-424b-9868-57a2d4851a1d" relativeResultsDirectory="7bcd021e-4659-4993-a429-97ff52feb700" />
    <UnitTestResult executionId="270ccf3a-fba1-4f1d-8613-7b2b36003e52" testId="f70ca482-7f62-4a8f-b463-893f686a94a8" testName="FormatToStringTest1000 (61324.33752458279,61324.34 zł)" computerName="DESKTOP-5URQ9PB" duration="00:00:00.0000062" startTime="2022-06-13T21:12:02.1016413+02:00" endTime="2022-06-13T21:12:02.1017084+02:00" testType="13cdc9d9-ddb5-4fa4-a97d-d965ccfc6d4b" outcome="Passed" testListId="8c84fa94-04c1-424b-9868-57a2d4851a1d" relativeResultsDirectory="270ccf3a-fba1-4f1d-8613-7b2b36003e52" />
    <UnitTestResult executionId="ce298d93-7a27-49cf-acf4-e9c837bc3f8b" testId="97d7278f-d230-4a43-8c29-51410d578b3f" testName="FormatToStringTest1000 (12528.413830086782,12528.41 zł)" computerName="DESKTOP-5URQ9PB" duration="00:00:00.0000063" startTime="2022-06-13T21:12:02.1352882+02:00" endTime="2022-06-13T21:12:02.1353568+02:00" testType="13cdc9d9-ddb5-4fa4-a97d-d965ccfc6d4b" outcome="Passed" testListId="8c84fa94-04c1-424b-9868-57a2d4851a1d" relativeResultsDirectory="ce298d93-7a27-49cf-acf4-e9c837bc3f8b" />
    <UnitTestResult executionId="70985b9f-eee9-4e79-8f7d-0107cd4a7554" testId="4f072418-dd1b-4f6c-908b-338e1ba2a9e3" testName="FormatToStringTest1000 (2409.393997763001,2409.39 zł)" computerName="DESKTOP-5URQ9PB" duration="00:00:00.0000063" startTime="2022-06-13T21:12:02.0096244+02:00" endTime="2022-06-13T21:12:02.0096923+02:00" testType="13cdc9d9-ddb5-4fa4-a97d-d965ccfc6d4b" outcome="Passed" testListId="8c84fa94-04c1-424b-9868-57a2d4851a1d" relativeResultsDirectory="70985b9f-eee9-4e79-8f7d-0107cd4a7554" />
    <UnitTestResult executionId="53334ae8-e35e-4d9a-b6c6-210211eaf4df" testId="04a2baa1-5c84-44bf-ad3a-22413215c5f9" testName="FormatToStringTest1000 (12577.642620996872,12577.64 zł)" computerName="DESKTOP-5URQ9PB" duration="00:00:00.0000064" startTime="2022-06-13T21:12:02.0211332+02:00" endTime="2022-06-13T21:12:02.0212022+02:00" testType="13cdc9d9-ddb5-4fa4-a97d-d965ccfc6d4b" outcome="Passed" testListId="8c84fa94-04c1-424b-9868-57a2d4851a1d" relativeResultsDirectory="53334ae8-e35e-4d9a-b6c6-210211eaf4df" />
    <UnitTestResult executionId="6af034ab-d3c5-467b-a36e-46111644dd5a" testId="6fae3469-b374-4acb-91d9-6ae38d8209e0" testName="FormatToStringTest1000 (151.50737175275916,151.51 zł)" computerName="DESKTOP-5URQ9PB" duration="00:00:00.0000060" startTime="2022-06-13T21:12:02.2844428+02:00" endTime="2022-06-13T21:12:02.2845068+02:00" testType="13cdc9d9-ddb5-4fa4-a97d-d965ccfc6d4b" outcome="Passed" testListId="8c84fa94-04c1-424b-9868-57a2d4851a1d" relativeResultsDirectory="6af034ab-d3c5-467b-a36e-46111644dd5a" />
    <UnitTestResult executionId="d011e538-e9cc-47e4-b0f9-8cd4b122d86a" testId="97256360-98b5-45b0-a58f-ccdf8ed67392" testName="FormatToStringTest1000 (11430.666613002619,11430.67 zł)" computerName="DESKTOP-5URQ9PB" duration="00:00:00.0000063" startTime="2022-06-13T21:12:02.0309565+02:00" endTime="2022-06-13T21:12:02.0310236+02:00" testType="13cdc9d9-ddb5-4fa4-a97d-d965ccfc6d4b" outcome="Passed" testListId="8c84fa94-04c1-424b-9868-57a2d4851a1d" relativeResultsDirectory="d011e538-e9cc-47e4-b0f9-8cd4b122d86a" />
    <UnitTestResult executionId="62e763e7-2c33-43ca-ae2f-7b9785dfa191" testId="197f5ed0-0d28-46bf-87e4-ebf60635892a" testName="FormatToStringTest1000 (4636.500544966897,4636.50 zł)" computerName="DESKTOP-5URQ9PB" duration="00:00:00.0000068" startTime="2022-06-13T21:12:02.2210828+02:00" endTime="2022-06-13T21:12:02.2211742+02:00" testType="13cdc9d9-ddb5-4fa4-a97d-d965ccfc6d4b" outcome="Passed" testListId="8c84fa94-04c1-424b-9868-57a2d4851a1d" relativeResultsDirectory="62e763e7-2c33-43ca-ae2f-7b9785dfa191" />
    <UnitTestResult executionId="b343eb19-bde8-41a2-8b08-2719f517cb3e" testId="de801f46-1a63-4121-88d3-f61a1421860f" testName="FormatToStringTest1000 (30199.386730006612,30199.39 zł)" computerName="DESKTOP-5URQ9PB" duration="00:00:00.0000061" startTime="2022-06-13T21:12:02.2657472+02:00" endTime="2022-06-13T21:12:02.2658121+02:00" testType="13cdc9d9-ddb5-4fa4-a97d-d965ccfc6d4b" outcome="Passed" testListId="8c84fa94-04c1-424b-9868-57a2d4851a1d" relativeResultsDirectory="b343eb19-bde8-41a2-8b08-2719f517cb3e" />
    <UnitTestResult executionId="3c60cc14-6ffe-4759-ae53-abf073ee7dab" testId="acbe2299-5d58-4c91-8edd-e9d6ce4b3371" testName="FormatToStringTest1000 (40913.016669489916,40913.02 zł)" computerName="DESKTOP-5URQ9PB" duration="00:00:00.0000063" startTime="2022-06-13T21:12:02.2637585+02:00" endTime="2022-06-13T21:12:02.2638241+02:00" testType="13cdc9d9-ddb5-4fa4-a97d-d965ccfc6d4b" outcome="Passed" testListId="8c84fa94-04c1-424b-9868-57a2d4851a1d" relativeResultsDirectory="3c60cc14-6ffe-4759-ae53-abf073ee7dab" />
    <UnitTestResult executionId="27effe8d-9847-45d0-95e0-27f703893850" testId="74089c1f-fef8-4ba1-ad28-2f211378e0a5" testName="FormatToStringTest1000 (21785.42157155528,21785.42 zł)" computerName="DESKTOP-5URQ9PB" duration="00:00:00.0000061" startTime="2022-06-13T21:12:02.2504551+02:00" endTime="2022-06-13T21:12:02.2505194+02:00" testType="13cdc9d9-ddb5-4fa4-a97d-d965ccfc6d4b" outcome="Passed" testListId="8c84fa94-04c1-424b-9868-57a2d4851a1d" relativeResultsDirectory="27effe8d-9847-45d0-95e0-27f703893850" />
    <UnitTestResult executionId="c734af29-3c18-444b-b674-ef6a70ed6635" testId="b6c8d0ee-48eb-476f-b850-c4b0233e432d" testName="FormatToStringTest1000 (26015.8311952552,26015.83 zł)" computerName="DESKTOP-5URQ9PB" duration="00:00:00.0000067" startTime="2022-06-13T21:12:02.0610800+02:00" endTime="2022-06-13T21:12:02.0611518+02:00" testType="13cdc9d9-ddb5-4fa4-a97d-d965ccfc6d4b" outcome="Passed" testListId="8c84fa94-04c1-424b-9868-57a2d4851a1d" relativeResultsDirectory="c734af29-3c18-444b-b674-ef6a70ed6635" />
    <UnitTestResult executionId="50f35b84-bfbf-44f0-a763-99e106abf0a4" testId="e25f76cd-1234-4d8a-80be-e9995092ce0c" testName="FormatToStringTest1000 (43222.47958431695,43222.48 zł)" computerName="DESKTOP-5URQ9PB" duration="00:00:00.0000122" startTime="2022-06-13T21:12:02.0031607+02:00" endTime="2022-06-13T21:12:02.0032352+02:00" testType="13cdc9d9-ddb5-4fa4-a97d-d965ccfc6d4b" outcome="Passed" testListId="8c84fa94-04c1-424b-9868-57a2d4851a1d" relativeResultsDirectory="50f35b84-bfbf-44f0-a763-99e106abf0a4" />
    <UnitTestResult executionId="e7e71275-9d18-4a19-afc2-b8bd48914b65" testId="e5b69b93-a452-4537-868e-16bb50920535" testName="FormatToStringTest1000 (49037.8109120586,49037.81 zł)" computerName="DESKTOP-5URQ9PB" duration="00:00:00.0000073" startTime="2022-06-13T21:12:02.2675586+02:00" endTime="2022-06-13T21:12:02.2676337+02:00" testType="13cdc9d9-ddb5-4fa4-a97d-d965ccfc6d4b" outcome="Passed" testListId="8c84fa94-04c1-424b-9868-57a2d4851a1d" relativeResultsDirectory="e7e71275-9d18-4a19-afc2-b8bd48914b65" />
    <UnitTestResult executionId="55e932ad-7017-4dba-8db4-7acff45693c5" testId="657f78aa-5173-45e6-bd2c-691b74d6c268" testName="FormatToStringTest1000 (45455.14554704127,45455.15 zł)" computerName="DESKTOP-5URQ9PB" duration="00:00:00.0000068" startTime="2022-06-13T21:12:02.1044654+02:00" endTime="2022-06-13T21:12:02.1045335+02:00" testType="13cdc9d9-ddb5-4fa4-a97d-d965ccfc6d4b" outcome="Passed" testListId="8c84fa94-04c1-424b-9868-57a2d4851a1d" relativeResultsDirectory="55e932ad-7017-4dba-8db4-7acff45693c5" />
    <UnitTestResult executionId="a5ba5cb1-9b9f-4c2b-9625-99f0cbae9424" testId="4a856875-6e49-4093-a1cd-633b16511232" testName="FormatToStringTest1000 (4525.609305084501,4525.61 zł)" computerName="DESKTOP-5URQ9PB" duration="00:00:00.0000063" startTime="2022-06-13T21:12:02.2061821+02:00" endTime="2022-06-13T21:12:02.2062545+02:00" testType="13cdc9d9-ddb5-4fa4-a97d-d965ccfc6d4b" outcome="Passed" testListId="8c84fa94-04c1-424b-9868-57a2d4851a1d" relativeResultsDirectory="a5ba5cb1-9b9f-4c2b-9625-99f0cbae9424" />
    <UnitTestResult executionId="5c3fe967-012d-4488-8156-e780c978314e" testId="10ab9688-295d-4c1c-b031-30b642c5924a" testName="FormatToStringTest1000 (765.778932784581,765.78 zł)" computerName="DESKTOP-5URQ9PB" duration="00:00:00.0000066" startTime="2022-06-13T21:12:02.1047230+02:00" endTime="2022-06-13T21:12:02.1047881+02:00" testType="13cdc9d9-ddb5-4fa4-a97d-d965ccfc6d4b" outcome="Passed" testListId="8c84fa94-04c1-424b-9868-57a2d4851a1d" relativeResultsDirectory="5c3fe967-012d-4488-8156-e780c978314e" />
    <UnitTestResult executionId="6eba1cd0-d8b7-4d73-a3b6-3428428877a3" testId="02f7b60e-6707-4489-965c-f4af5b32b5cb" testName="FormatToStringTest1000 (15520.346099893259,15520.35 zł)" computerName="DESKTOP-5URQ9PB" duration="00:00:00.0000067" startTime="2022-06-13T21:12:02.2081000+02:00" endTime="2022-06-13T21:12:02.2081655+02:00" testType="13cdc9d9-ddb5-4fa4-a97d-d965ccfc6d4b" outcome="Passed" testListId="8c84fa94-04c1-424b-9868-57a2d4851a1d" relativeResultsDirectory="6eba1cd0-d8b7-4d73-a3b6-3428428877a3" />
    <UnitTestResult executionId="609dbe7e-f5ee-4500-ab4a-ae8fe7688280" testId="28612dea-ba91-4e07-b346-b04e8c490d25" testName="FormatToStringTest1000 (88584.97010041306,88584.97 zł)" computerName="DESKTOP-5URQ9PB" duration="00:00:00.0000064" startTime="2022-06-13T21:12:02.1107598+02:00" endTime="2022-06-13T21:12:02.1108270+02:00" testType="13cdc9d9-ddb5-4fa4-a97d-d965ccfc6d4b" outcome="Passed" testListId="8c84fa94-04c1-424b-9868-57a2d4851a1d" relativeResultsDirectory="609dbe7e-f5ee-4500-ab4a-ae8fe7688280" />
    <UnitTestResult executionId="0effe813-ce16-42c1-9f95-8545b86b80bc" testId="e12fb1c6-1142-459f-b355-91301216af0c" testName="FormatToStringTest1000 (37589.670531794276,37589.67 zł)" computerName="DESKTOP-5URQ9PB" duration="00:00:00.0000064" startTime="2022-06-13T21:12:01.9577427+02:00" endTime="2022-06-13T21:12:01.9578164+02:00" testType="13cdc9d9-ddb5-4fa4-a97d-d965ccfc6d4b" outcome="Passed" testListId="8c84fa94-04c1-424b-9868-57a2d4851a1d" relativeResultsDirectory="0effe813-ce16-42c1-9f95-8545b86b80bc" />
    <UnitTestResult executionId="f3369124-3a61-4ddb-bf4b-af2a7f955bef" testId="39bc1721-5500-4b54-88e4-43449c64f599" testName="FormatToStringTest1000 (6946.333318357977,6946.33 zł)" computerName="DESKTOP-5URQ9PB" duration="00:00:00.0000063" startTime="2022-06-13T21:12:02.0841355+02:00" endTime="2022-06-13T21:12:02.0842036+02:00" testType="13cdc9d9-ddb5-4fa4-a97d-d965ccfc6d4b" outcome="Passed" testListId="8c84fa94-04c1-424b-9868-57a2d4851a1d" relativeResultsDirectory="f3369124-3a61-4ddb-bf4b-af2a7f955bef" />
    <UnitTestResult executionId="2d7dd5c3-1484-49e6-9b16-651d7b36530c" testId="3fd16f0a-cd30-4cca-bf89-618b85f62ea5" testName="FormatToStringTest1000 (42767.96883676898,42767.97 zł)" computerName="DESKTOP-5URQ9PB" duration="00:00:00.0000062" startTime="2022-06-13T21:12:02.2386992+02:00" endTime="2022-06-13T21:12:02.2387638+02:00" testType="13cdc9d9-ddb5-4fa4-a97d-d965ccfc6d4b" outcome="Passed" testListId="8c84fa94-04c1-424b-9868-57a2d4851a1d" relativeResultsDirectory="2d7dd5c3-1484-49e6-9b16-651d7b36530c" />
    <UnitTestResult executionId="bb1c04a9-14e6-484a-a4b5-573f20fe5424" testId="1f91d535-8fb1-4cce-a2c8-6914c2a52a84" testName="FormatToStringTest1000 (34242.181005260056,34242.18 zł)" computerName="DESKTOP-5URQ9PB" duration="00:00:00.0000062" startTime="2022-06-13T21:12:02.2057682+02:00" endTime="2022-06-13T21:12:02.2058339+02:00" testType="13cdc9d9-ddb5-4fa4-a97d-d965ccfc6d4b" outcome="Passed" testListId="8c84fa94-04c1-424b-9868-57a2d4851a1d" relativeResultsDirectory="bb1c04a9-14e6-484a-a4b5-573f20fe5424" />
    <UnitTestResult executionId="f294c7a0-1bd5-44b1-b30b-c58ea26bf235" testId="aaa711ec-1013-491c-aefb-f6f6f146f1b4" testName="FormatToStringTest1000 (18627.604896394354,18627.60 zł)" computerName="DESKTOP-5URQ9PB" duration="00:00:00.0000062" startTime="2022-06-13T21:12:02.1982261+02:00" endTime="2022-06-13T21:12:02.1982978+02:00" testType="13cdc9d9-ddb5-4fa4-a97d-d965ccfc6d4b" outcome="Passed" testListId="8c84fa94-04c1-424b-9868-57a2d4851a1d" relativeResultsDirectory="f294c7a0-1bd5-44b1-b30b-c58ea26bf235" />
    <UnitTestResult executionId="59be3afc-d7bf-461d-a31b-2478af0bb748" testId="c483b979-0547-4678-a76a-bb42b39bc024" testName="FormatToStringTest1000 (28455.229970996843,28455.23 zł)" computerName="DESKTOP-5URQ9PB" duration="00:00:00.0000062" startTime="2022-06-13T21:12:02.2443704+02:00" endTime="2022-06-13T21:12:02.2444361+02:00" testType="13cdc9d9-ddb5-4fa4-a97d-d965ccfc6d4b" outcome="Passed" testListId="8c84fa94-04c1-424b-9868-57a2d4851a1d" relativeResultsDirectory="59be3afc-d7bf-461d-a31b-2478af0bb748" />
    <UnitTestResult executionId="13dd8990-67ac-4eca-b141-1971ef2255e0" testId="efd033e6-39c7-464e-8a2f-8320eaa048ee" testName="FormatToStringTest1000 (48084.94422955389,48084.94 zł)" computerName="DESKTOP-5URQ9PB" duration="00:00:00.0000061" startTime="2022-06-13T21:12:02.0940897+02:00" endTime="2022-06-13T21:12:02.0941564+02:00" testType="13cdc9d9-ddb5-4fa4-a97d-d965ccfc6d4b" outcome="Passed" testListId="8c84fa94-04c1-424b-9868-57a2d4851a1d" relativeResultsDirectory="13dd8990-67ac-4eca-b141-1971ef2255e0" />
    <UnitTestResult executionId="c19e641f-4078-4069-ba71-ad9015a6eeac" testId="49b596a1-8459-4c75-98ba-945f04e46e77" testName="FormatToStringTest1000 (45739.569854490255,45739.57 zł)" computerName="DESKTOP-5URQ9PB" duration="00:00:00.0000062" startTime="2022-06-13T21:12:02.2523118+02:00" endTime="2022-06-13T21:12:02.2523759+02:00" testType="13cdc9d9-ddb5-4fa4-a97d-d965ccfc6d4b" outcome="Passed" testListId="8c84fa94-04c1-424b-9868-57a2d4851a1d" relativeResultsDirectory="c19e641f-4078-4069-ba71-ad9015a6eeac" />
    <UnitTestResult executionId="7cc0825e-e3a3-4200-a3f4-31cd8e290e6e" testId="5513d2db-29ae-4317-8c01-37737b6f735b" testName="FormatToStringTest1000 (1130.8119115372242,1130.81 zł)" computerName="DESKTOP-5URQ9PB" duration="00:00:00.0000062" startTime="2022-06-13T21:12:02.2864074+02:00" endTime="2022-06-13T21:12:02.2864719+02:00" testType="13cdc9d9-ddb5-4fa4-a97d-d965ccfc6d4b" outcome="Passed" testListId="8c84fa94-04c1-424b-9868-57a2d4851a1d" relativeResultsDirectory="7cc0825e-e3a3-4200-a3f4-31cd8e290e6e" />
    <UnitTestResult executionId="86d05cf5-02f7-4a05-9755-df1575c257ca" testId="c3a282e9-e368-4c11-8e4a-9e9123683004" testName="FormatToStringTest1000 (32732.81915128502,32732.82 zł)" computerName="DESKTOP-5URQ9PB" duration="00:00:00.0000067" startTime="2022-06-13T21:12:02.1446234+02:00" endTime="2022-06-13T21:12:02.1446905+02:00" testType="13cdc9d9-ddb5-4fa4-a97d-d965ccfc6d4b" outcome="Passed" testListId="8c84fa94-04c1-424b-9868-57a2d4851a1d" relativeResultsDirectory="86d05cf5-02f7-4a05-9755-df1575c257ca" />
    <UnitTestResult executionId="fadf221f-e890-4bbb-b733-a21f96d8fb74" testId="7444e319-52f1-42fb-9eea-12d70cfedb68" testName="FormatToStringTest1000 (30320.450517486992,30320.45 zł)" computerName="DESKTOP-5URQ9PB" duration="00:00:00.0000069" startTime="2022-06-13T21:12:02.1348546+02:00" endTime="2022-06-13T21:12:02.1349233+02:00" testType="13cdc9d9-ddb5-4fa4-a97d-d965ccfc6d4b" outcome="Passed" testListId="8c84fa94-04c1-424b-9868-57a2d4851a1d" relativeResultsDirectory="fadf221f-e890-4bbb-b733-a21f96d8fb74" />
    <UnitTestResult executionId="9154024e-400a-4134-87f2-bdbaa1e93dd2" testId="f044b47f-e5f5-4802-b065-4cffaf66d98a" testName="FormatToStringTest1000 (2963.24443391815,2963.24 zł)" computerName="DESKTOP-5URQ9PB" duration="00:00:00.0000074" startTime="2022-06-13T21:12:02.1539340+02:00" endTime="2022-06-13T21:12:02.1540133+02:00" testType="13cdc9d9-ddb5-4fa4-a97d-d965ccfc6d4b" outcome="Passed" testListId="8c84fa94-04c1-424b-9868-57a2d4851a1d" relativeResultsDirectory="9154024e-400a-4134-87f2-bdbaa1e93dd2" />
    <UnitTestResult executionId="040f1c84-4fc6-48b7-851a-0d42d8d9ad3c" testId="7a0a2588-cf03-42a5-8c5f-9ed3430f606d" testName="FormatToStringTest1000 (2937.138486199611,2937.14 zł)" computerName="DESKTOP-5URQ9PB" duration="00:00:00.0000080" startTime="2022-06-13T21:12:01.9775722+02:00" endTime="2022-06-13T21:12:01.9776807+02:00" testType="13cdc9d9-ddb5-4fa4-a97d-d965ccfc6d4b" outcome="Passed" testListId="8c84fa94-04c1-424b-9868-57a2d4851a1d" relativeResultsDirectory="040f1c84-4fc6-48b7-851a-0d42d8d9ad3c" />
    <UnitTestResult executionId="350d480b-e2ca-4376-96ba-3fda8a060259" testId="a8c920d9-8883-4d67-95c8-d84448b6cfcc" testName="FormatToStringTest1000 (37.631227987646696,37.63 zł)" computerName="DESKTOP-5URQ9PB" duration="00:00:00.0000066" startTime="2022-06-13T21:12:02.2641708+02:00" endTime="2022-06-13T21:12:02.2642413+02:00" testType="13cdc9d9-ddb5-4fa4-a97d-d965ccfc6d4b" outcome="Passed" testListId="8c84fa94-04c1-424b-9868-57a2d4851a1d" relativeResultsDirectory="350d480b-e2ca-4376-96ba-3fda8a060259" />
    <UnitTestResult executionId="194a5df5-8f76-455b-9df4-de494966f66b" testId="3cf0aa5a-aa4f-4f22-8808-42629c026912" testName="FormatToStringTest1000 (2346.9964869427477,2347.00 zł)" computerName="DESKTOP-5URQ9PB" duration="00:00:00.0000062" startTime="2022-06-13T21:12:02.0939205+02:00" endTime="2022-06-13T21:12:02.0939875+02:00" testType="13cdc9d9-ddb5-4fa4-a97d-d965ccfc6d4b" outcome="Passed" testListId="8c84fa94-04c1-424b-9868-57a2d4851a1d" relativeResultsDirectory="194a5df5-8f76-455b-9df4-de494966f66b" />
    <UnitTestResult executionId="92aa3583-2e1f-458d-b95f-5ad76981e15b" testId="817e54af-056c-4a9d-a9d5-5c69abac1ce3" testName="FormatToStringTest1000 (14198.39903067723,14198.40 zł)" computerName="DESKTOP-5URQ9PB" duration="00:00:00.0000062" startTime="2022-06-13T21:12:02.2799093+02:00" endTime="2022-06-13T21:12:02.2799755+02:00" testType="13cdc9d9-ddb5-4fa4-a97d-d965ccfc6d4b" outcome="Passed" testListId="8c84fa94-04c1-424b-9868-57a2d4851a1d" relativeResultsDirectory="92aa3583-2e1f-458d-b95f-5ad76981e15b" />
    <UnitTestResult executionId="9d389642-563c-44d9-8716-bde72f548fc0" testId="62d2e74c-7e5b-4cb7-9ef7-c52c3f89a21c" testName="FormatToStringTest1000 (14137.400697779563,14137.40 zł)" computerName="DESKTOP-5URQ9PB" duration="00:00:00.0000062" startTime="2022-06-13T21:12:02.2923015+02:00" endTime="2022-06-13T21:12:02.2923665+02:00" testType="13cdc9d9-ddb5-4fa4-a97d-d965ccfc6d4b" outcome="Passed" testListId="8c84fa94-04c1-424b-9868-57a2d4851a1d" relativeResultsDirectory="9d389642-563c-44d9-8716-bde72f548fc0" />
    <UnitTestResult executionId="f2695bfe-2360-4d22-bfde-66aef8dd9ba5" testId="58bc8865-55b5-4227-beb5-53224067d8f1" testName="FormatToStringTest1000 (26174.290999793586,26174.29 zł)" computerName="DESKTOP-5URQ9PB" duration="00:00:00.0000062" startTime="2022-06-13T21:12:02.2525546+02:00" endTime="2022-06-13T21:12:02.2526184+02:00" testType="13cdc9d9-ddb5-4fa4-a97d-d965ccfc6d4b" outcome="Passed" testListId="8c84fa94-04c1-424b-9868-57a2d4851a1d" relativeResultsDirectory="f2695bfe-2360-4d22-bfde-66aef8dd9ba5" />
    <UnitTestResult executionId="d8f20b4f-8aa7-4059-8c52-fa71254e08d1" testId="bd3e97f1-666a-43ed-948e-f80259c2b566" testName="FormatToStringTest1000 (11584.045280779732,11584.05 zł)" computerName="DESKTOP-5URQ9PB" duration="00:00:00.0000084" startTime="2022-06-13T21:12:02.2406893+02:00" endTime="2022-06-13T21:12:02.2407840+02:00" testType="13cdc9d9-ddb5-4fa4-a97d-d965ccfc6d4b" outcome="Passed" testListId="8c84fa94-04c1-424b-9868-57a2d4851a1d" relativeResultsDirectory="d8f20b4f-8aa7-4059-8c52-fa71254e08d1" />
    <UnitTestResult executionId="1d7244e0-c356-44fa-983a-74e75fcd135e" testId="649853a8-7de8-416f-8328-154af7620c18" testName="FormatToStringTest1000 (272.5621069118204,272.56 zł)" computerName="DESKTOP-5URQ9PB" duration="00:00:00.0000062" startTime="2022-06-13T21:12:02.1543007+02:00" endTime="2022-06-13T21:12:02.1543682+02:00" testType="13cdc9d9-ddb5-4fa4-a97d-d965ccfc6d4b" outcome="Passed" testListId="8c84fa94-04c1-424b-9868-57a2d4851a1d" relativeResultsDirectory="1d7244e0-c356-44fa-983a-74e75fcd135e" />
    <UnitTestResult executionId="5ea7ba29-3351-4c1c-b67a-6973b5e0a5d6" testId="65786145-bd11-4912-b697-b3de55eea709" testName="FormatToStringTest1000 (10495.622655484185,10495.62 zł)" computerName="DESKTOP-5URQ9PB" duration="00:00:00.0000061" startTime="2022-06-13T21:12:02.2098640+02:00" endTime="2022-06-13T21:12:02.2099301+02:00" testType="13cdc9d9-ddb5-4fa4-a97d-d965ccfc6d4b" outcome="Passed" testListId="8c84fa94-04c1-424b-9868-57a2d4851a1d" relativeResultsDirectory="5ea7ba29-3351-4c1c-b67a-6973b5e0a5d6" />
    <UnitTestResult executionId="d99cfba8-802c-4833-8a2f-c6a851b8f2cb" testId="38c23d6c-86a2-44c7-891f-f3e15589a8e8" testName="FormatToStringTest1000 (30578.687538491416,30578.69 zł)" computerName="DESKTOP-5URQ9PB" duration="00:00:00.0000068" startTime="2022-06-13T21:12:02.0672050+02:00" endTime="2022-06-13T21:12:02.0672853+02:00" testType="13cdc9d9-ddb5-4fa4-a97d-d965ccfc6d4b" outcome="Passed" testListId="8c84fa94-04c1-424b-9868-57a2d4851a1d" relativeResultsDirectory="d99cfba8-802c-4833-8a2f-c6a851b8f2cb" />
    <UnitTestResult executionId="87a3f8ca-9f75-4f27-9758-5c2180e2a105" testId="181d88bc-d826-4310-b01a-3ab3ddb0db85" testName="FormatToStringTest1000 (4252.4012513842445,4252.40 zł)" computerName="DESKTOP-5URQ9PB" duration="00:00:00.0000073" startTime="2022-06-13T21:12:02.2365312+02:00" endTime="2022-06-13T21:12:02.2365979+02:00" testType="13cdc9d9-ddb5-4fa4-a97d-d965ccfc6d4b" outcome="Passed" testListId="8c84fa94-04c1-424b-9868-57a2d4851a1d" relativeResultsDirectory="87a3f8ca-9f75-4f27-9758-5c2180e2a105" />
    <UnitTestResult executionId="99921af2-434f-49dd-ab2b-bdb96d42165f" testId="ca73d96c-8e17-4f05-a38e-9369c5a34672" testName="FormatToStringTest1000 (35714.78133482243,35714.78 zł)" computerName="DESKTOP-5URQ9PB" duration="00:00:00.0000063" startTime="2022-06-13T21:12:02.0910473+02:00" endTime="2022-06-13T21:12:02.0911138+02:00" testType="13cdc9d9-ddb5-4fa4-a97d-d965ccfc6d4b" outcome="Passed" testListId="8c84fa94-04c1-424b-9868-57a2d4851a1d" relativeResultsDirectory="99921af2-434f-49dd-ab2b-bdb96d42165f" />
    <UnitTestResult executionId="989a0f87-e0fa-4548-b3ca-0ab4d504cd54" testId="7c001fdf-76a7-4972-864f-a6bd6a669964" testName="FormatToStringTest1000 (63291.50274994015,63291.50 zł)" computerName="DESKTOP-5URQ9PB" duration="00:00:00.0000067" startTime="2022-06-13T21:12:02.1273644+02:00" endTime="2022-06-13T21:12:02.1274380+02:00" testType="13cdc9d9-ddb5-4fa4-a97d-d965ccfc6d4b" outcome="Passed" testListId="8c84fa94-04c1-424b-9868-57a2d4851a1d" relativeResultsDirectory="989a0f87-e0fa-4548-b3ca-0ab4d504cd54" />
    <UnitTestResult executionId="5139c1e5-a86d-4bd4-b2dd-349f0f51c160" testId="06284805-5142-4239-8f47-2bae7eb0e4d4" testName="FormatToStringTest1000 (9754.291367935619,9754.29 zł)" computerName="DESKTOP-5URQ9PB" duration="00:00:00.0000064" startTime="2022-06-13T21:12:02.2941949+02:00" endTime="2022-06-13T21:12:02.2942658+02:00" testType="13cdc9d9-ddb5-4fa4-a97d-d965ccfc6d4b" outcome="Passed" testListId="8c84fa94-04c1-424b-9868-57a2d4851a1d" relativeResultsDirectory="5139c1e5-a86d-4bd4-b2dd-349f0f51c160" />
    <UnitTestResult executionId="d39b0dc0-34b5-44a5-8d56-a863d35d4346" testId="c62f10bd-3ba4-4020-adcc-ed84edf51bab" testName="FormatToStringTest1000 (47256.065730817645,47256.07 zł)" computerName="DESKTOP-5URQ9PB" duration="00:00:00.0000064" startTime="2022-06-13T21:12:02.0416316+02:00" endTime="2022-06-13T21:12:02.0416992+02:00" testType="13cdc9d9-ddb5-4fa4-a97d-d965ccfc6d4b" outcome="Passed" testListId="8c84fa94-04c1-424b-9868-57a2d4851a1d" relativeResultsDirectory="d39b0dc0-34b5-44a5-8d56-a863d35d4346" />
    <UnitTestResult executionId="f4153659-9e7b-4fb8-a140-27a73a67f2a7" testId="e955dd49-6958-426e-83f9-add8f6ee0471" testName="FormatToStringTest1000 (9079.930405251649,9079.93 zł)" computerName="DESKTOP-5URQ9PB" duration="00:00:00.0000065" startTime="2022-06-13T21:12:02.1042002+02:00" endTime="2022-06-13T21:12:02.1042764+02:00" testType="13cdc9d9-ddb5-4fa4-a97d-d965ccfc6d4b" outcome="Passed" testListId="8c84fa94-04c1-424b-9868-57a2d4851a1d" relativeResultsDirectory="f4153659-9e7b-4fb8-a140-27a73a67f2a7" />
    <UnitTestResult executionId="20a67fe0-de64-499c-b71d-f2975d12dfbd" testId="08523a04-b4df-4976-8ac7-ccc5b2b429fe" testName="FormatToStringTest1000 (28192.949128067565,28192.95 zł)" computerName="DESKTOP-5URQ9PB" duration="00:00:00.0000064" startTime="2022-06-13T21:12:01.9670161+02:00" endTime="2022-06-13T21:12:01.9670845+02:00" testType="13cdc9d9-ddb5-4fa4-a97d-d965ccfc6d4b" outcome="Passed" testListId="8c84fa94-04c1-424b-9868-57a2d4851a1d" relativeResultsDirectory="20a67fe0-de64-499c-b71d-f2975d12dfbd" />
    <UnitTestResult executionId="9a767662-1a09-41cc-9ea8-0fad68ea63cf" testId="3d234f34-fa13-4374-8bc1-67ad3e4cbb5e" testName="FormatToStringTest1000 (20441.330495004695,20441.33 zł)" computerName="DESKTOP-5URQ9PB" duration="00:00:00.0000068" startTime="2022-06-13T21:12:02.0099630+02:00" endTime="2022-06-13T21:12:02.0100310+02:00" testType="13cdc9d9-ddb5-4fa4-a97d-d965ccfc6d4b" outcome="Passed" testListId="8c84fa94-04c1-424b-9868-57a2d4851a1d" relativeResultsDirectory="9a767662-1a09-41cc-9ea8-0fad68ea63cf" />
    <UnitTestResult executionId="07df7705-fcb8-4493-93ce-13ef14ce26e7" testId="4b2788b1-dbff-4187-91a3-8b62fa857d3a" testName="FormatToStringTest1000 (74514.06270644537,74514.06 zł)" computerName="DESKTOP-5URQ9PB" duration="00:00:00.0000135" startTime="2022-06-13T21:12:01.9925448+02:00" endTime="2022-06-13T21:12:01.9927348+02:00" testType="13cdc9d9-ddb5-4fa4-a97d-d965ccfc6d4b" outcome="Passed" testListId="8c84fa94-04c1-424b-9868-57a2d4851a1d" relativeResultsDirectory="07df7705-fcb8-4493-93ce-13ef14ce26e7" />
    <UnitTestResult executionId="5ed7af13-ac22-4149-88b1-41ed8ad01f4e" testId="c3982acd-3ffc-481e-87ce-8f58bbd5b8da" testName="FormatToStringTest1000 (3646.857719214101,3646.86 zł)" computerName="DESKTOP-5URQ9PB" duration="00:00:00.0000064" startTime="2022-06-13T21:12:02.1276432+02:00" endTime="2022-06-13T21:12:02.1277166+02:00" testType="13cdc9d9-ddb5-4fa4-a97d-d965ccfc6d4b" outcome="Passed" testListId="8c84fa94-04c1-424b-9868-57a2d4851a1d" relativeResultsDirectory="5ed7af13-ac22-4149-88b1-41ed8ad01f4e" />
    <UnitTestResult executionId="d92f9946-8002-4773-9343-f6c7721bed96" testId="98ba146e-39f5-4376-837b-5883af31b1c1" testName="FormatToStringTest1000 (24476.442216712254,24476.44 zł)" computerName="DESKTOP-5URQ9PB" duration="00:00:00.0000064" startTime="2022-06-13T21:12:02.1575385+02:00" endTime="2022-06-13T21:12:02.1576126+02:00" testType="13cdc9d9-ddb5-4fa4-a97d-d965ccfc6d4b" outcome="Passed" testListId="8c84fa94-04c1-424b-9868-57a2d4851a1d" relativeResultsDirectory="d92f9946-8002-4773-9343-f6c7721bed96" />
    <UnitTestResult executionId="172a065a-0415-4f3b-ac9b-592a92621382" testId="1c388926-ae72-48f0-9db0-73c1ed4235c6" testName="FormatToStringTest1000 (48428.38681602682,48428.39 zł)" computerName="DESKTOP-5URQ9PB" duration="00:00:00.0000064" startTime="2022-06-13T21:12:02.0716029+02:00" endTime="2022-06-13T21:12:02.0716707+02:00" testType="13cdc9d9-ddb5-4fa4-a97d-d965ccfc6d4b" outcome="Passed" testListId="8c84fa94-04c1-424b-9868-57a2d4851a1d" relativeResultsDirectory="172a065a-0415-4f3b-ac9b-592a92621382" />
    <UnitTestResult executionId="5cf8d4fb-29d1-4fb2-a80d-98e4366540f6" testId="8c6d7ff5-d3f1-4711-93b7-243b63df86d2" testName="FormatToStringTest1000 (28072.424637532058,28072.42 zł)" computerName="DESKTOP-5URQ9PB" duration="00:00:00.0000064" startTime="2022-06-13T21:12:01.9642679+02:00" endTime="2022-06-13T21:12:01.9643376+02:00" testType="13cdc9d9-ddb5-4fa4-a97d-d965ccfc6d4b" outcome="Passed" testListId="8c84fa94-04c1-424b-9868-57a2d4851a1d" relativeResultsDirectory="5cf8d4fb-29d1-4fb2-a80d-98e4366540f6" />
    <UnitTestResult executionId="5f05a8ac-fc97-4753-b3dd-ae2931c4375f" testId="246f3049-0885-43a1-91d2-99f865450d27" testName="FormatToStringTest1000 (32863.31705269558,32863.32 zł)" computerName="DESKTOP-5URQ9PB" duration="00:00:00.0000062" startTime="2022-06-13T21:12:02.2387800+02:00" endTime="2022-06-13T21:12:02.2388451+02:00" testType="13cdc9d9-ddb5-4fa4-a97d-d965ccfc6d4b" outcome="Passed" testListId="8c84fa94-04c1-424b-9868-57a2d4851a1d" relativeResultsDirectory="5f05a8ac-fc97-4753-b3dd-ae2931c4375f" />
    <UnitTestResult executionId="ae989cac-6099-4e54-9981-0cba7cb13d12" testId="83d8327d-b663-414f-8131-323946a5f10d" testName="FormatToStringTest1000 (4121.116360678857,4121.12 zł)" computerName="DESKTOP-5URQ9PB" duration="00:00:00.0000067" startTime="2022-06-13T21:12:02.1242215+02:00" endTime="2022-06-13T21:12:02.1242996+02:00" testType="13cdc9d9-ddb5-4fa4-a97d-d965ccfc6d4b" outcome="Passed" testListId="8c84fa94-04c1-424b-9868-57a2d4851a1d" relativeResultsDirectory="ae989cac-6099-4e54-9981-0cba7cb13d12" />
    <UnitTestResult executionId="53357e15-85c6-4aed-815a-1ea1990ede1d" testId="b6ac60e0-7f35-4cd6-9fca-f3f3a7a6b1b0" testName="FormatToStringTest1000 (30499.08272379734,30499.08 zł)" computerName="DESKTOP-5URQ9PB" duration="00:00:00.0000066" startTime="2022-06-13T21:12:02.2345327+02:00" endTime="2022-06-13T21:12:02.2346015+02:00" testType="13cdc9d9-ddb5-4fa4-a97d-d965ccfc6d4b" outcome="Passed" testListId="8c84fa94-04c1-424b-9868-57a2d4851a1d" relativeResultsDirectory="53357e15-85c6-4aed-815a-1ea1990ede1d" />
    <UnitTestResult executionId="c6349fd3-e6fd-4e6d-9843-eac86298e31f" testId="eb9cdfaf-66cf-45c4-90cd-002f0608ce91" testName="FormatToStringTest1000 (134.1514758393874,134.15 zł)" computerName="DESKTOP-5URQ9PB" duration="00:00:00.0000062" startTime="2022-06-13T21:12:02.2168144+02:00" endTime="2022-06-13T21:12:02.2168839+02:00" testType="13cdc9d9-ddb5-4fa4-a97d-d965ccfc6d4b" outcome="Passed" testListId="8c84fa94-04c1-424b-9868-57a2d4851a1d" relativeResultsDirectory="c6349fd3-e6fd-4e6d-9843-eac86298e31f" />
    <UnitTestResult executionId="be16f5ab-4263-4c91-ae3c-209cc1285d7a" testId="b0545bf7-3be2-424d-8c43-38512d294a59" testName="FormatToStringTest1000 (73301.91270130403,73301.91 zł)" computerName="DESKTOP-5URQ9PB" duration="00:00:00.0000062" startTime="2022-06-13T21:12:02.2462164+02:00" endTime="2022-06-13T21:12:02.2462879+02:00" testType="13cdc9d9-ddb5-4fa4-a97d-d965ccfc6d4b" outcome="Passed" testListId="8c84fa94-04c1-424b-9868-57a2d4851a1d" relativeResultsDirectory="be16f5ab-4263-4c91-ae3c-209cc1285d7a" />
    <UnitTestResult executionId="830c39ba-1598-434a-bd0e-d50298c9fe57" testId="0dbd9e23-5db4-4f09-8cd5-3c90682a6ee3" testName="FormatToStringTest1000 (6027.66019266828,6027.66 zł)" computerName="DESKTOP-5URQ9PB" duration="00:00:00.0000064" startTime="2022-06-13T21:12:02.2542386+02:00" endTime="2022-06-13T21:12:02.2543020+02:00" testType="13cdc9d9-ddb5-4fa4-a97d-d965ccfc6d4b" outcome="Passed" testListId="8c84fa94-04c1-424b-9868-57a2d4851a1d" relativeResultsDirectory="830c39ba-1598-434a-bd0e-d50298c9fe57" />
    <UnitTestResult executionId="43f94596-96db-4517-80f3-c1e22839fab9" testId="d648aecb-314c-4ae4-a983-438259c60d5b" testName="FormatToStringTest1000 (6323.24079469882,6323.24 zł)" computerName="DESKTOP-5URQ9PB" duration="00:00:00.0000077" startTime="2022-06-13T21:12:02.0541890+02:00" endTime="2022-06-13T21:12:02.0542642+02:00" testType="13cdc9d9-ddb5-4fa4-a97d-d965ccfc6d4b" outcome="Passed" testListId="8c84fa94-04c1-424b-9868-57a2d4851a1d" relativeResultsDirectory="43f94596-96db-4517-80f3-c1e22839fab9" />
    <UnitTestResult executionId="af95c953-1d3b-4e7e-b073-cf81dde80950" testId="ac7c20d1-2b7e-4a7d-be20-27a0026731b9" testName="FormatToStringTest1000 (11922.837782177532,11922.84 zł)" computerName="DESKTOP-5URQ9PB" duration="00:00:00.0000063" startTime="2022-06-13T21:12:02.0844107+02:00" endTime="2022-06-13T21:12:02.0844778+02:00" testType="13cdc9d9-ddb5-4fa4-a97d-d965ccfc6d4b" outcome="Passed" testListId="8c84fa94-04c1-424b-9868-57a2d4851a1d" relativeResultsDirectory="af95c953-1d3b-4e7e-b073-cf81dde80950" />
    <UnitTestResult executionId="c71783f2-9b1d-4d27-a078-4a726e752b3e" testId="a13f3051-940c-420f-8572-2fa9da0103cb" testName="FormatToStringTest1000 (18424.864078561244,18424.86 zł)" computerName="DESKTOP-5URQ9PB" duration="00:00:00.0000064" startTime="2022-06-13T21:12:02.0576463+02:00" endTime="2022-06-13T21:12:02.0577200+02:00" testType="13cdc9d9-ddb5-4fa4-a97d-d965ccfc6d4b" outcome="Passed" testListId="8c84fa94-04c1-424b-9868-57a2d4851a1d" relativeResultsDirectory="c71783f2-9b1d-4d27-a078-4a726e752b3e" />
    <UnitTestResult executionId="537aa1dc-774b-4964-b519-2ae528826e19" testId="1233d17d-68dc-482e-83ce-a46dbf301fe6" testName="FormatToStringTest1000 (30626.373939456127,30626.37 zł)" computerName="DESKTOP-5URQ9PB" duration="00:00:00.0000064" startTime="2022-06-13T21:12:01.9967515+02:00" endTime="2022-06-13T21:12:01.9968252+02:00" testType="13cdc9d9-ddb5-4fa4-a97d-d965ccfc6d4b" outcome="Passed" testListId="8c84fa94-04c1-424b-9868-57a2d4851a1d" relativeResultsDirectory="537aa1dc-774b-4964-b519-2ae528826e19" />
    <UnitTestResult executionId="84692565-99a0-4c33-bdab-cc75c30a0629" testId="96698d1c-c780-4e13-81ae-fe2dcc2fec56" testName="FormatToStringTest1000 (39146.892120180135,39146.89 zł)" computerName="DESKTOP-5URQ9PB" duration="00:00:00.0000062" startTime="2022-06-13T21:12:02.2803245+02:00" endTime="2022-06-13T21:12:02.2803889+02:00" testType="13cdc9d9-ddb5-4fa4-a97d-d965ccfc6d4b" outcome="Passed" testListId="8c84fa94-04c1-424b-9868-57a2d4851a1d" relativeResultsDirectory="84692565-99a0-4c33-bdab-cc75c30a0629" />
    <UnitTestResult executionId="2417d37b-9a98-421a-8b06-f8642c0dfd91" testId="a7bda2fb-6bc9-4e16-bb20-fea4327d4510" testName="FormatToStringTest1000 (7569.605888796322,7569.61 zł)" computerName="DESKTOP-5URQ9PB" duration="00:00:00.0000063" startTime="2022-06-13T21:12:02.2303703+02:00" endTime="2022-06-13T21:12:02.2304365+02:00" testType="13cdc9d9-ddb5-4fa4-a97d-d965ccfc6d4b" outcome="Passed" testListId="8c84fa94-04c1-424b-9868-57a2d4851a1d" relativeResultsDirectory="2417d37b-9a98-421a-8b06-f8642c0dfd91" />
    <UnitTestResult executionId="15f242c1-fb00-42f8-9eb4-ceffac4ba1ae" testId="1e2bf472-e2dc-42cc-95e6-aac972c199d2" testName="FormatToStringTest1000 (13541.45472935096,13541.45 zł)" computerName="DESKTOP-5URQ9PB" duration="00:00:00.0000061" startTime="2022-06-13T21:12:02.2060165+02:00" endTime="2022-06-13T21:12:02.2060821+02:00" testType="13cdc9d9-ddb5-4fa4-a97d-d965ccfc6d4b" outcome="Passed" testListId="8c84fa94-04c1-424b-9868-57a2d4851a1d" relativeResultsDirectory="15f242c1-fb00-42f8-9eb4-ceffac4ba1ae" />
    <UnitTestResult executionId="4795cfb1-aa02-4058-98b0-df5c92297f05" testId="ec0474ea-5249-4ef7-8a82-3c68fae6790c" testName="FormatToStringTest1000 (1181.5773122979222,1181.58 zł)" computerName="DESKTOP-5URQ9PB" duration="00:00:00.0000063" startTime="2022-06-13T21:12:02.1243183+02:00" endTime="2022-06-13T21:12:02.1243851+02:00" testType="13cdc9d9-ddb5-4fa4-a97d-d965ccfc6d4b" outcome="Passed" testListId="8c84fa94-04c1-424b-9868-57a2d4851a1d" relativeResultsDirectory="4795cfb1-aa02-4058-98b0-df5c92297f05" />
    <UnitTestResult executionId="7b16eac1-a7cc-4b86-9073-0f53968b8688" testId="fbe35323-c717-4015-83b7-e8165ccc1fa1" testName="FormatToStringTest1000 (27187.549022783314,27187.55 zł)" computerName="DESKTOP-5URQ9PB" duration="00:00:00.0000063" startTime="2022-06-13T21:12:02.1380818+02:00" endTime="2022-06-13T21:12:02.1381495+02:00" testType="13cdc9d9-ddb5-4fa4-a97d-d965ccfc6d4b" outcome="Passed" testListId="8c84fa94-04c1-424b-9868-57a2d4851a1d" relativeResultsDirectory="7b16eac1-a7cc-4b86-9073-0f53968b8688" />
    <UnitTestResult executionId="23e3b6e4-be74-4f58-a156-52fd703080b2" testId="976196be-88de-4a27-90bf-2b8249533006" testName="FormatToStringTest1000 (27942.393876474067,27942.39 zł)" computerName="DESKTOP-5URQ9PB" duration="00:00:00.0000061" startTime="2022-06-13T21:12:02.1936517+02:00" endTime="2022-06-13T21:12:02.1937172+02:00" testType="13cdc9d9-ddb5-4fa4-a97d-d965ccfc6d4b" outcome="Passed" testListId="8c84fa94-04c1-424b-9868-57a2d4851a1d" relativeResultsDirectory="23e3b6e4-be74-4f58-a156-52fd703080b2" />
    <UnitTestResult executionId="3261f133-e310-4d4e-909f-953740b60c4c" testId="74122a7f-43e1-4faf-ae9a-7485633a66c5" testName="FormatToStringTest1000 (50550.645020282194,50550.65 zł)" computerName="DESKTOP-5URQ9PB" duration="00:00:00.0000485" startTime="2022-06-13T21:12:02.1803424+02:00" endTime="2022-06-13T21:12:02.1809286+02:00" testType="13cdc9d9-ddb5-4fa4-a97d-d965ccfc6d4b" outcome="Passed" testListId="8c84fa94-04c1-424b-9868-57a2d4851a1d" relativeResultsDirectory="3261f133-e310-4d4e-909f-953740b60c4c" />
    <UnitTestResult executionId="f0dfdc6c-e94e-41a4-a8f6-67b0ec5609cc" testId="79f1376c-6d7a-4a7a-9153-0bcab2591b76" testName="FormatToStringTest1000 (12370.243090209198,12370.24 zł)" computerName="DESKTOP-5URQ9PB" duration="00:00:00.0000091" startTime="2022-06-13T21:12:02.1312875+02:00" endTime="2022-06-13T21:12:02.1313997+02:00" testType="13cdc9d9-ddb5-4fa4-a97d-d965ccfc6d4b" outcome="Passed" testListId="8c84fa94-04c1-424b-9868-57a2d4851a1d" relativeResultsDirectory="f0dfdc6c-e94e-41a4-a8f6-67b0ec5609cc" />
    <UnitTestResult executionId="98c7f23c-a9d4-4a6f-bc6b-de84a643cf8d" testId="23a9f755-0d88-4b87-be57-b9affd073079" testName="FormatToStringTest1000 (26885.71162707904,26885.71 zł)" computerName="DESKTOP-5URQ9PB" duration="00:00:00.0000067" startTime="2022-06-13T21:12:02.0000374+02:00" endTime="2022-06-13T21:12:02.0001052+02:00" testType="13cdc9d9-ddb5-4fa4-a97d-d965ccfc6d4b" outcome="Passed" testListId="8c84fa94-04c1-424b-9868-57a2d4851a1d" relativeResultsDirectory="98c7f23c-a9d4-4a6f-bc6b-de84a643cf8d" />
    <UnitTestResult executionId="673ba9ab-3518-4e0f-84ff-8e10531628e9" testId="882c9db3-5fdb-470e-878a-41b0847e0969" testName="FormatToStringTest1000 (10268.547802396373,10268.55 zł)" computerName="DESKTOP-5URQ9PB" duration="00:00:00.0000091" startTime="2022-06-13T21:12:01.9828924+02:00" endTime="2022-06-13T21:12:01.9829989+02:00" testType="13cdc9d9-ddb5-4fa4-a97d-d965ccfc6d4b" outcome="Passed" testListId="8c84fa94-04c1-424b-9868-57a2d4851a1d" relativeResultsDirectory="673ba9ab-3518-4e0f-84ff-8e10531628e9" />
    <UnitTestResult executionId="4cffd06d-ea3e-4286-910c-a37b8465b951" testId="79e3cf6a-9665-42f2-87a3-eb5e8739f54c" testName="FormatToStringTest1000 (17990.38119827089,17990.38 zł)" computerName="DESKTOP-5URQ9PB" duration="00:00:00.0000062" startTime="2022-06-13T21:12:02.0780955+02:00" endTime="2022-06-13T21:12:02.0781630+02:00" testType="13cdc9d9-ddb5-4fa4-a97d-d965ccfc6d4b" outcome="Passed" testListId="8c84fa94-04c1-424b-9868-57a2d4851a1d" relativeResultsDirectory="4cffd06d-ea3e-4286-910c-a37b8465b951" />
    <UnitTestResult executionId="31338f30-d770-4725-8ac6-d64ea5e1f960" testId="6cefe2c6-f3c7-4eb8-badb-87f4a122e357" testName="FormatToStringTest1000 (20012.898273490322,20012.90 zł)" computerName="DESKTOP-5URQ9PB" duration="00:00:00.0000073" startTime="2022-06-13T21:12:02.0604083+02:00" endTime="2022-06-13T21:12:02.0604946+02:00" testType="13cdc9d9-ddb5-4fa4-a97d-d965ccfc6d4b" outcome="Passed" testListId="8c84fa94-04c1-424b-9868-57a2d4851a1d" relativeResultsDirectory="31338f30-d770-4725-8ac6-d64ea5e1f960" />
    <UnitTestResult executionId="e4cbe3d4-d84b-4964-ab2e-28e85afd5d4a" testId="7f5a04cf-7088-48bf-921a-1ff811a15dec" testName="FormatToStringTest1000 (1568.615240217473,1568.62 zł)" computerName="DESKTOP-5URQ9PB" duration="00:00:00.0000061" startTime="2022-06-13T21:12:02.2464680+02:00" endTime="2022-06-13T21:12:02.2465323+02:00" testType="13cdc9d9-ddb5-4fa4-a97d-d965ccfc6d4b" outcome="Passed" testListId="8c84fa94-04c1-424b-9868-57a2d4851a1d" relativeResultsDirectory="e4cbe3d4-d84b-4964-ab2e-28e85afd5d4a" />
    <UnitTestResult executionId="c35cdc19-012c-4b6c-bcd4-01ac18996750" testId="80596164-3dfb-4e0d-beaf-04a2ae9330dd" testName="FormatToStringTest1000 (66945.02904917022,66945.03 zł)" computerName="DESKTOP-5URQ9PB" duration="00:00:00.0000061" startTime="2022-06-13T21:12:02.2589526+02:00" endTime="2022-06-13T21:12:02.2590167+02:00" testType="13cdc9d9-ddb5-4fa4-a97d-d965ccfc6d4b" outcome="Passed" testListId="8c84fa94-04c1-424b-9868-57a2d4851a1d" relativeResultsDirectory="c35cdc19-012c-4b6c-bcd4-01ac18996750" />
    <UnitTestResult executionId="42bb820d-9c1b-4a6f-8dfb-5db30a18d50e" testId="b5996d86-9467-4f5f-9d97-61ef35463470" testName="FormatToStringTest1000 (6665.405372488035,6665.41 zł)" computerName="DESKTOP-5URQ9PB" duration="00:00:00.0000077" startTime="2022-06-13T21:12:02.1205369+02:00" endTime="2022-06-13T21:12:02.1206247+02:00" testType="13cdc9d9-ddb5-4fa4-a97d-d965ccfc6d4b" outcome="Passed" testListId="8c84fa94-04c1-424b-9868-57a2d4851a1d" relativeResultsDirectory="42bb820d-9c1b-4a6f-8dfb-5db30a18d50e" />
    <UnitTestResult executionId="35677623-9a60-4cd3-a6ff-a3294c8068a6" testId="158f55e2-37b4-45c6-bbbd-39af1afae59c" testName="FormatToStringTest1000 (58902.704109088845,58902.70 zł)" computerName="DESKTOP-5URQ9PB" duration="00:00:00.0000062" startTime="2022-06-13T21:12:02.2660729+02:00" endTime="2022-06-13T21:12:02.2661368+02:00" testType="13cdc9d9-ddb5-4fa4-a97d-d965ccfc6d4b" outcome="Passed" testListId="8c84fa94-04c1-424b-9868-57a2d4851a1d" relativeResultsDirectory="35677623-9a60-4cd3-a6ff-a3294c8068a6" />
    <UnitTestResult executionId="39b8865a-3033-4d3b-be3b-6341f69f0ac8" testId="6f2cac52-79d4-495f-9a3b-3105165e5fe0" testName="FormatToStringTest1000 (3700.029953029021,3700.03 zł)" computerName="DESKTOP-5URQ9PB" duration="00:00:00.0000063" startTime="2022-06-13T21:12:02.0510859+02:00" endTime="2022-06-13T21:12:02.0511527+02:00" testType="13cdc9d9-ddb5-4fa4-a97d-d965ccfc6d4b" outcome="Passed" testListId="8c84fa94-04c1-424b-9868-57a2d4851a1d" relativeResultsDirectory="39b8865a-3033-4d3b-be3b-6341f69f0ac8" />
    <UnitTestResult executionId="fb1002b1-eae2-490b-98d5-3e7d5ec89bb8" testId="3125999a-6dbd-4eb3-9ea3-e1e8c1841c18" testName="FormatToStringTest1000 (468.83385119346616,468.83 zł)" computerName="DESKTOP-5URQ9PB" duration="00:00:00.0000072" startTime="2022-06-13T21:12:01.9669162+02:00" endTime="2022-06-13T21:12:01.9669967+02:00" testType="13cdc9d9-ddb5-4fa4-a97d-d965ccfc6d4b" outcome="Passed" testListId="8c84fa94-04c1-424b-9868-57a2d4851a1d" relativeResultsDirectory="fb1002b1-eae2-490b-98d5-3e7d5ec89bb8" />
    <UnitTestResult executionId="6f3a537a-1687-4153-929d-074c42b491a8" testId="1ae8555c-9e44-4c18-89fe-1104231f1809" testName="FormatToStringTest1000 (10397.404523554447,10397.40 zł)" computerName="DESKTOP-5URQ9PB" duration="00:00:00.0000064" startTime="2022-06-13T21:12:02.2120936+02:00" endTime="2022-06-13T21:12:02.2121614+02:00" testType="13cdc9d9-ddb5-4fa4-a97d-d965ccfc6d4b" outcome="Passed" testListId="8c84fa94-04c1-424b-9868-57a2d4851a1d" relativeResultsDirectory="6f3a537a-1687-4153-929d-074c42b491a8" />
    <UnitTestResult executionId="af2cadde-b3f0-4f2d-b0ad-5a7a488c64ce" testId="0cbd94e1-8d2f-4abe-b800-443d6d58cdc7" testName="FormatToStringTest1000 (6102.4120417453405,6102.41 zł)" computerName="DESKTOP-5URQ9PB" duration="00:00:00.0000064" startTime="2022-06-13T21:12:02.2841895+02:00" endTime="2022-06-13T21:12:02.2842622+02:00" testType="13cdc9d9-ddb5-4fa4-a97d-d965ccfc6d4b" outcome="Passed" testListId="8c84fa94-04c1-424b-9868-57a2d4851a1d" relativeResultsDirectory="af2cadde-b3f0-4f2d-b0ad-5a7a488c64ce" />
    <UnitTestResult executionId="feb47571-4c89-4e1d-b40c-f08e1633f423" testId="0d19cc4e-cbe1-411f-849b-d07479d11de0" testName="FormatToStringTest1000 (22248.263319677797,22248.26 zł)" computerName="DESKTOP-5URQ9PB" duration="00:00:00.0000114" startTime="2022-06-13T21:12:02.1271634+02:00" endTime="2022-06-13T21:12:02.1272478+02:00" testType="13cdc9d9-ddb5-4fa4-a97d-d965ccfc6d4b" outcome="Passed" testListId="8c84fa94-04c1-424b-9868-57a2d4851a1d" relativeResultsDirectory="feb47571-4c89-4e1d-b40c-f08e1633f423" />
    <UnitTestResult executionId="37c3b0ea-6b46-4760-8caa-f341ad9b5a88" testId="89dc4075-41cd-4e3a-8e56-c5ca9b7ef66c" testName="FormatToStringTest1000 (17090.629587323234,17090.63 zł)" computerName="DESKTOP-5URQ9PB" duration="00:00:00.0000065" startTime="2022-06-13T21:12:02.0751997+02:00" endTime="2022-06-13T21:12:02.0752721+02:00" testType="13cdc9d9-ddb5-4fa4-a97d-d965ccfc6d4b" outcome="Passed" testListId="8c84fa94-04c1-424b-9868-57a2d4851a1d" relativeResultsDirectory="37c3b0ea-6b46-4760-8caa-f341ad9b5a88" />
    <UnitTestResult executionId="2956de43-d83f-4ef9-a476-ecf1887327b3" testId="4130c1a5-8ade-4b83-ae5f-5eb3b96dab4b" testName="FormatToStringTest1000 (7669.3855620214645,7669.39 zł)" computerName="DESKTOP-5URQ9PB" duration="00:00:00.0000071" startTime="2022-06-13T21:12:02.0475564+02:00" endTime="2022-06-13T21:12:02.0476362+02:00" testType="13cdc9d9-ddb5-4fa4-a97d-d965ccfc6d4b" outcome="Passed" testListId="8c84fa94-04c1-424b-9868-57a2d4851a1d" relativeResultsDirectory="2956de43-d83f-4ef9-a476-ecf1887327b3" />
    <UnitTestResult executionId="06a1bc52-4b82-46a7-b049-41ff33f200d5" testId="57050ed3-b320-4444-a6ac-e7c82270ce3f" testName="FormatToStringTest1000 (75514.58914517732,75514.59 zł)" computerName="DESKTOP-5URQ9PB" duration="00:00:00.0000065" startTime="2022-06-13T21:12:02.0973121+02:00" endTime="2022-06-13T21:12:02.0973854+02:00" testType="13cdc9d9-ddb5-4fa4-a97d-d965ccfc6d4b" outcome="Passed" testListId="8c84fa94-04c1-424b-9868-57a2d4851a1d" relativeResultsDirectory="06a1bc52-4b82-46a7-b049-41ff33f200d5" />
    <UnitTestResult executionId="87c76352-8bf5-412c-94da-49fec5badecd" testId="7782ab4b-481d-4e3e-98cb-cf66dbbe8df6" testName="FormatToStringTest1000 (6958.393354767186,6958.39 zł)" computerName="DESKTOP-5URQ9PB" duration="00:00:00.0000062" startTime="2022-06-13T21:12:01.9120474+02:00" endTime="2022-06-13T21:12:01.9121148+02:00" testType="13cdc9d9-ddb5-4fa4-a97d-d965ccfc6d4b" outcome="Passed" testListId="8c84fa94-04c1-424b-9868-57a2d4851a1d" relativeResultsDirectory="87c76352-8bf5-412c-94da-49fec5badecd" />
    <UnitTestResult executionId="7eb84252-2ca8-42e7-a3c9-a065a1f97464" testId="88a3c0ff-9435-4788-819e-983e79fcd6a6" testName="FormatToStringTest1000 (3799.9216302064815,3799.92 zł)" computerName="DESKTOP-5URQ9PB" duration="00:00:00.0000062" startTime="2022-06-13T21:12:02.0847469+02:00" endTime="2022-06-13T21:12:02.0848138+02:00" testType="13cdc9d9-ddb5-4fa4-a97d-d965ccfc6d4b" outcome="Passed" testListId="8c84fa94-04c1-424b-9868-57a2d4851a1d" relativeResultsDirectory="7eb84252-2ca8-42e7-a3c9-a065a1f97464" />
    <UnitTestResult executionId="3a765db0-b0dc-4fd0-a64e-0926e441e406" testId="8bfa74c6-e6ca-417c-9ae8-efc8a0f7114e" testName="FormatToStringTest1000 (57564.498126061866,57564.50 zł)" computerName="DESKTOP-5URQ9PB" duration="00:00:00.0000062" startTime="2022-06-13T21:12:02.0130716+02:00" endTime="2022-06-13T21:12:02.0131388+02:00" testType="13cdc9d9-ddb5-4fa4-a97d-d965ccfc6d4b" outcome="Passed" testListId="8c84fa94-04c1-424b-9868-57a2d4851a1d" relativeResultsDirectory="3a765db0-b0dc-4fd0-a64e-0926e441e406" />
    <UnitTestResult executionId="c8478858-f1a7-4140-a94d-e0d9b8ca169f" testId="6a34398b-bee2-4711-9c6e-f3f71ea4a07c" testName="FormatToStringTest1000 (3303.1902076747224,3303.19 zł)" computerName="DESKTOP-5URQ9PB" duration="00:00:00.0000063" startTime="2022-06-13T21:12:02.1384329+02:00" endTime="2022-06-13T21:12:02.1385000+02:00" testType="13cdc9d9-ddb5-4fa4-a97d-d965ccfc6d4b" outcome="Passed" testListId="8c84fa94-04c1-424b-9868-57a2d4851a1d" relativeResultsDirectory="c8478858-f1a7-4140-a94d-e0d9b8ca169f" />
    <UnitTestResult executionId="825d7aec-5fcf-42ba-93bc-80c8e2b42269" testId="69fa5a64-5970-4216-8132-df0dc7d2c32b" testName="FormatToStringTest1000 (6146.91236741278,6146.91 zł)" computerName="DESKTOP-5URQ9PB" duration="00:00:00.0000063" startTime="2022-06-13T21:12:02.2781309+02:00" endTime="2022-06-13T21:12:02.2781936+02:00" testType="13cdc9d9-ddb5-4fa4-a97d-d965ccfc6d4b" outcome="Passed" testListId="8c84fa94-04c1-424b-9868-57a2d4851a1d" relativeResultsDirectory="825d7aec-5fcf-42ba-93bc-80c8e2b42269" />
    <UnitTestResult executionId="a3c8b083-abdb-43b2-9a1f-1bf531a90a8d" testId="3d60350f-0a96-471f-90ae-8771c17d02ef" testName="FormatToStringTest1000 (31971.185406704986,31971.19 zł)" computerName="DESKTOP-5URQ9PB" duration="00:00:00.0000069" startTime="2022-06-13T21:12:02.1509965+02:00" endTime="2022-06-13T21:12:02.1510768+02:00" testType="13cdc9d9-ddb5-4fa4-a97d-d965ccfc6d4b" outcome="Passed" testListId="8c84fa94-04c1-424b-9868-57a2d4851a1d" relativeResultsDirectory="a3c8b083-abdb-43b2-9a1f-1bf531a90a8d" />
    <UnitTestResult executionId="12c11119-e6d1-41e5-abfb-3a6ef3757527" testId="48e618a0-aa4a-47d7-9418-07b13787c74a" testName="FormatToStringTest1000 (21996.80326662576,21996.80 zł)" computerName="DESKTOP-5URQ9PB" duration="00:00:00.0000062" startTime="2022-06-13T21:12:02.2903963+02:00" endTime="2022-06-13T21:12:02.2904606+02:00" testType="13cdc9d9-ddb5-4fa4-a97d-d965ccfc6d4b" outcome="Passed" testListId="8c84fa94-04c1-424b-9868-57a2d4851a1d" relativeResultsDirectory="12c11119-e6d1-41e5-abfb-3a6ef3757527" />
    <UnitTestResult executionId="37b0200e-a92f-42ee-a30d-d6f8ef7fb733" testId="5c2c865e-3bc6-4dbd-8664-dd74c36bae5a" testName="FormatToStringTest1000 (57671.67669738675,57671.68 zł)" computerName="DESKTOP-5URQ9PB" duration="00:00:00.0000062" startTime="2022-06-13T21:12:02.2696554+02:00" endTime="2022-06-13T21:12:02.2697216+02:00" testType="13cdc9d9-ddb5-4fa4-a97d-d965ccfc6d4b" outcome="Passed" testListId="8c84fa94-04c1-424b-9868-57a2d4851a1d" relativeResultsDirectory="37b0200e-a92f-42ee-a30d-d6f8ef7fb733" />
    <UnitTestResult executionId="d344fbfa-566e-4e68-bf70-7503f9f76945" testId="e09a7814-76b6-452e-ae6f-de96b380affa" testName="FormatToStringTest1000 (19352.183340702755,19352.18 zł)" computerName="DESKTOP-5URQ9PB" duration="00:00:00.0000065" startTime="2022-06-13T21:12:02.0161935+02:00" endTime="2022-06-13T21:12:02.0162786+02:00" testType="13cdc9d9-ddb5-4fa4-a97d-d965ccfc6d4b" outcome="Passed" testListId="8c84fa94-04c1-424b-9868-57a2d4851a1d" relativeResultsDirectory="d344fbfa-566e-4e68-bf70-7503f9f76945" />
    <UnitTestResult executionId="dcd561f8-5c51-45ab-94d5-370b9c9d8947" testId="49ad06af-8164-49b0-9064-f562bd5b3223" testName="FormatToStringTest1000 (5810.695934967462,5810.70 zł)" computerName="DESKTOP-5URQ9PB" duration="00:00:00.0000062" startTime="2022-06-13T21:12:02.2902311+02:00" endTime="2022-06-13T21:12:02.2902975+02:00" testType="13cdc9d9-ddb5-4fa4-a97d-d965ccfc6d4b" outcome="Passed" testListId="8c84fa94-04c1-424b-9868-57a2d4851a1d" relativeResultsDirectory="dcd561f8-5c51-45ab-94d5-370b9c9d8947" />
    <UnitTestResult executionId="f17841ee-ebc3-4967-97ab-0e94e028f043" testId="9d967bc2-ff73-4bd8-b4b9-875cec497ebc" testName="FormatToStringTest1000 (44499.288016808816,44499.29 zł)" computerName="DESKTOP-5URQ9PB" duration="00:00:00.0000067" startTime="2022-06-13T21:12:02.1212587+02:00" endTime="2022-06-13T21:12:02.1213327+02:00" testType="13cdc9d9-ddb5-4fa4-a97d-d965ccfc6d4b" outcome="Passed" testListId="8c84fa94-04c1-424b-9868-57a2d4851a1d" relativeResultsDirectory="f17841ee-ebc3-4967-97ab-0e94e028f043" />
    <UnitTestResult executionId="980facf9-6472-467b-8690-757d5f8289cd" testId="e25f6e6a-d745-44cf-bc6a-881ff0414499" testName="FormatToStringTest1000 (5835.26176155557,5835.26 zł)" computerName="DESKTOP-5URQ9PB" duration="00:00:00.0000064" startTime="2022-06-13T21:12:02.1934838+02:00" endTime="2022-06-13T21:12:02.1935508+02:00" testType="13cdc9d9-ddb5-4fa4-a97d-d965ccfc6d4b" outcome="Passed" testListId="8c84fa94-04c1-424b-9868-57a2d4851a1d" relativeResultsDirectory="980facf9-6472-467b-8690-757d5f8289cd" />
    <UnitTestResult executionId="89f024be-5975-41e0-8f98-d8c9b1875627" testId="6d757762-247d-45e4-851b-c6cea1b602e5" testName="FormatToStringTest1000 (44361.82678515177,44361.83 zł)" computerName="DESKTOP-5URQ9PB" duration="00:00:00.0000062" startTime="2022-06-13T21:12:02.2740172+02:00" endTime="2022-06-13T21:12:02.2740810+02:00" testType="13cdc9d9-ddb5-4fa4-a97d-d965ccfc6d4b" outcome="Passed" testListId="8c84fa94-04c1-424b-9868-57a2d4851a1d" relativeResultsDirectory="89f024be-5975-41e0-8f98-d8c9b1875627" />
    <UnitTestResult executionId="7f46cc5e-511d-41b6-8761-d1638830fcc7" testId="66430f0a-9e7f-41a7-929e-21c1a2cbc97c" testName="FormatToStringTest1000 (41915.7945284563,41915.79 zł)" computerName="DESKTOP-5URQ9PB" duration="00:00:00.0000064" startTime="2022-06-13T21:12:02.2328626+02:00" endTime="2022-06-13T21:12:02.2329247+02:00" testType="13cdc9d9-ddb5-4fa4-a97d-d965ccfc6d4b" outcome="Passed" testListId="8c84fa94-04c1-424b-9868-57a2d4851a1d" relativeResultsDirectory="7f46cc5e-511d-41b6-8761-d1638830fcc7" />
    <UnitTestResult executionId="279c6a62-7968-4bf2-8431-c1526f31c586" testId="58a447b4-78f1-40c5-aa16-40ee329b4f83" testName="FormatToStringTest1000 (28972.23604401212,28972.24 zł)" computerName="DESKTOP-5URQ9PB" duration="00:00:00.0000063" startTime="2022-06-13T21:12:02.2004063+02:00" endTime="2022-06-13T21:12:02.2004795+02:00" testType="13cdc9d9-ddb5-4fa4-a97d-d965ccfc6d4b" outcome="Passed" testListId="8c84fa94-04c1-424b-9868-57a2d4851a1d" relativeResultsDirectory="279c6a62-7968-4bf2-8431-c1526f31c586" />
    <UnitTestResult executionId="ebe52d07-9503-413e-b3e6-6d89725f24a4" testId="902722e3-f462-4a1f-a47c-11356af72449" testName="FormatToStringTest1000 (7726.0074454499445,7726.01 zł)" computerName="DESKTOP-5URQ9PB" duration="00:00:00.0000066" startTime="2022-06-13T21:12:02.0645286+02:00" endTime="2022-06-13T21:12:02.0646050+02:00" testType="13cdc9d9-ddb5-4fa4-a97d-d965ccfc6d4b" outcome="Passed" testListId="8c84fa94-04c1-424b-9868-57a2d4851a1d" relativeResultsDirectory="ebe52d07-9503-413e-b3e6-6d89725f24a4" />
    <UnitTestResult executionId="1fdc58f7-4473-4cb9-9a56-51e2f8706f71" testId="3405b01e-8e60-4bc4-9341-8578e7d966ec" testName="FormatToStringTest1000 (43799.04472166535,43799.04 zł)" computerName="DESKTOP-5URQ9PB" duration="00:00:00.0000069" startTime="2022-06-13T21:12:02.1108454+02:00" endTime="2022-06-13T21:12:02.1109118+02:00" testType="13cdc9d9-ddb5-4fa4-a97d-d965ccfc6d4b" outcome="Passed" testListId="8c84fa94-04c1-424b-9868-57a2d4851a1d" relativeResultsDirectory="1fdc58f7-4473-4cb9-9a56-51e2f8706f71" />
    <UnitTestResult executionId="5fb03038-e645-41f8-ac5d-795d9e2577b4" testId="8da4f470-4dcd-4678-873c-78f3c795ed35" testName="FormatToStringTest1000 (13414.3551766441,13414.36 zł)" computerName="DESKTOP-5URQ9PB" duration="00:00:00.0000067" startTime="2022-06-13T21:12:02.0783571+02:00" endTime="2022-06-13T21:12:02.0784227+02:00" testType="13cdc9d9-ddb5-4fa4-a97d-d965ccfc6d4b" outcome="Passed" testListId="8c84fa94-04c1-424b-9868-57a2d4851a1d" relativeResultsDirectory="5fb03038-e645-41f8-ac5d-795d9e2577b4" />
    <UnitTestResult executionId="d4c79cff-a694-4521-9400-8b9ba4d6cfb9" testId="6970f415-6b79-408f-ba93-d94080d1c17a" testName="FormatToStringTest1000 (22604.838218828587,22604.84 zł)" computerName="DESKTOP-5URQ9PB" duration="00:00:00.0000064" startTime="2022-06-13T21:12:01.9644405+02:00" endTime="2022-06-13T21:12:01.9645090+02:00" testType="13cdc9d9-ddb5-4fa4-a97d-d965ccfc6d4b" outcome="Passed" testListId="8c84fa94-04c1-424b-9868-57a2d4851a1d" relativeResultsDirectory="d4c79cff-a694-4521-9400-8b9ba4d6cfb9" />
    <UnitTestResult executionId="ef052e3b-cb3b-4726-84a9-5a54e70f05bc" testId="9dbc243b-2d3a-4ca5-803d-d28d3d510be1" testName="FormatToStringTest1000 (52858.048916166204,52858.05 zł)" computerName="DESKTOP-5URQ9PB" duration="00:00:00.0000069" startTime="2022-06-13T21:12:01.9927714+02:00" endTime="2022-06-13T21:12:01.9928479+02:00" testType="13cdc9d9-ddb5-4fa4-a97d-d965ccfc6d4b" outcome="Passed" testListId="8c84fa94-04c1-424b-9868-57a2d4851a1d" relativeResultsDirectory="ef052e3b-cb3b-4726-84a9-5a54e70f05bc" />
    <UnitTestResult executionId="b69dbbaf-5812-4d05-a558-7db6fffabaf5" testId="7bd2360e-313a-49f9-a30e-2a890085e446" testName="FormatToStringTest1000 (11796.576829059317,11796.58 zł)" computerName="DESKTOP-5URQ9PB" duration="00:00:00.0000061" startTime="2022-06-13T21:12:02.2521402+02:00" endTime="2022-06-13T21:12:02.2522060+02:00" testType="13cdc9d9-ddb5-4fa4-a97d-d965ccfc6d4b" outcome="Passed" testListId="8c84fa94-04c1-424b-9868-57a2d4851a1d" relativeResultsDirectory="b69dbbaf-5812-4d05-a558-7db6fffabaf5" />
    <UnitTestResult executionId="d261ba17-b8d0-44e8-953c-082334c27e0b" testId="eb4b4910-ba80-4487-93ad-fd2678b33f6d" testName="FormatToStringTest1000 (58191.92113629585,58191.92 zł)" computerName="DESKTOP-5URQ9PB" duration="00:00:00.0000060" startTime="2022-06-13T21:12:02.2079361+02:00" endTime="2022-06-13T21:12:02.2080008+02:00" testType="13cdc9d9-ddb5-4fa4-a97d-d965ccfc6d4b" outcome="Passed" testListId="8c84fa94-04c1-424b-9868-57a2d4851a1d" relativeResultsDirectory="d261ba17-b8d0-44e8-953c-082334c27e0b" />
    <UnitTestResult executionId="dc301f57-607c-40eb-8d79-af8086ed2159" testId="df278790-18a3-4496-9f48-ee3d8a4b8366" testName="FormatToStringTest1000 (53192.79032742269,53192.79 zł)" computerName="DESKTOP-5URQ9PB" duration="00:00:00.0000072" startTime="2022-06-13T21:12:02.2921180+02:00" endTime="2022-06-13T21:12:02.2921960+02:00" testType="13cdc9d9-ddb5-4fa4-a97d-d965ccfc6d4b" outcome="Passed" testListId="8c84fa94-04c1-424b-9868-57a2d4851a1d" relativeResultsDirectory="dc301f57-607c-40eb-8d79-af8086ed2159" />
    <UnitTestResult executionId="2f7bda70-3b37-4929-84a1-da0872213558" testId="e9cb223b-0f66-4b14-a83a-07712e43b1e4" testName="FormatToStringTest1000 (31347.468987404587,31347.47 zł)" computerName="DESKTOP-5URQ9PB" duration="00:00:00.0000061" startTime="2022-06-13T21:12:02.2721536+02:00" endTime="2022-06-13T21:12:02.2722179+02:00" testType="13cdc9d9-ddb5-4fa4-a97d-d965ccfc6d4b" outcome="Passed" testListId="8c84fa94-04c1-424b-9868-57a2d4851a1d" relativeResultsDirectory="2f7bda70-3b37-4929-84a1-da0872213558" />
    <UnitTestResult executionId="ff2e8232-ec25-42b2-afd1-f5895bfe8456" testId="131e4d59-4882-4b56-b0f4-e18f58ff992e" testName="FormatToStringTest1000 (46391.661094229516,46391.66 zł)" computerName="DESKTOP-5URQ9PB" duration="00:00:00.0000070" startTime="2022-06-13T21:12:02.2485980+02:00" endTime="2022-06-13T21:12:02.2486628+02:00" testType="13cdc9d9-ddb5-4fa4-a97d-d965ccfc6d4b" outcome="Passed" testListId="8c84fa94-04c1-424b-9868-57a2d4851a1d" relativeResultsDirectory="ff2e8232-ec25-42b2-afd1-f5895bfe8456" />
    <UnitTestResult executionId="dd60d31c-900d-4a19-b505-9ea5fd9d20c8" testId="284cbafe-66e8-4298-b2d1-178c2891794c" testName="FormatToStringTest1000 (90187.4082624374,90187.41 zł)" computerName="DESKTOP-5URQ9PB" duration="00:00:00.0000064" startTime="2022-06-13T21:12:02.2885708+02:00" endTime="2022-06-13T21:12:02.2886341+02:00" testType="13cdc9d9-ddb5-4fa4-a97d-d965ccfc6d4b" outcome="Passed" testListId="8c84fa94-04c1-424b-9868-57a2d4851a1d" relativeResultsDirectory="dd60d31c-900d-4a19-b505-9ea5fd9d20c8" />
    <UnitTestResult executionId="4dc488e9-043d-4775-8acf-cc779f128003" testId="eb6e168a-4bcd-4bf1-b783-8b30e438f8e2" testName="FormatToStringTest1000 (19085.023282992664,19085.02 zł)" computerName="DESKTOP-5URQ9PB" duration="00:00:00.0000061" startTime="2022-06-13T21:12:02.1933995+02:00" endTime="2022-06-13T21:12:02.1934664+02:00" testType="13cdc9d9-ddb5-4fa4-a97d-d965ccfc6d4b" outcome="Passed" testListId="8c84fa94-04c1-424b-9868-57a2d4851a1d" relativeResultsDirectory="4dc488e9-043d-4775-8acf-cc779f128003" />
    <UnitTestResult executionId="f40790c0-fb84-4461-ad8f-1408eb5de848" testId="c0c57970-039d-4bdd-a688-8f399505a208" testName="FormatToStringTest1000 (2505.286326204094,2505.29 zł)" computerName="DESKTOP-5URQ9PB" duration="00:00:00.0000070" startTime="2022-06-13T21:12:02.1481766+02:00" endTime="2022-06-13T21:12:02.1482540+02:00" testType="13cdc9d9-ddb5-4fa4-a97d-d965ccfc6d4b" outcome="Passed" testListId="8c84fa94-04c1-424b-9868-57a2d4851a1d" relativeResultsDirectory="f40790c0-fb84-4461-ad8f-1408eb5de848" />
    <UnitTestResult executionId="4a456e6c-44a2-454f-82ef-1da66a4f710a" testId="fe5c0a8f-796d-43c5-8cd6-c11fa336f344" testName="FormatToStringTest1000 (14100.01255469211,14100.01 zł)" computerName="DESKTOP-5URQ9PB" duration="00:00:00.0000062" startTime="2022-06-13T21:12:02.0276735+02:00" endTime="2022-06-13T21:12:02.0277415+02:00" testType="13cdc9d9-ddb5-4fa4-a97d-d965ccfc6d4b" outcome="Passed" testListId="8c84fa94-04c1-424b-9868-57a2d4851a1d" relativeResultsDirectory="4a456e6c-44a2-454f-82ef-1da66a4f710a" />
    <UnitTestResult executionId="d3cfa9cd-0ac0-4f92-af56-6f038788046b" testId="ed04d2dd-37a7-465a-a0f5-c5e56d913cb6" testName="FormatToStringTest1000 (13337.80490493486,13337.80 zł)" computerName="DESKTOP-5URQ9PB" duration="00:00:00.0000072" startTime="2022-06-13T21:12:02.2862064+02:00" endTime="2022-06-13T21:12:02.2863086+02:00" testType="13cdc9d9-ddb5-4fa4-a97d-d965ccfc6d4b" outcome="Passed" testListId="8c84fa94-04c1-424b-9868-57a2d4851a1d" relativeResultsDirectory="d3cfa9cd-0ac0-4f92-af56-6f038788046b" />
    <UnitTestResult executionId="2164ac77-4302-4fdb-a1a2-25878bebf754" testId="0a480d12-eea0-4c84-8eae-e1fc7e3a03f3" testName="FormatToStringTest1000 (11912.404131636213,11912.40 zł)" computerName="DESKTOP-5URQ9PB" duration="00:00:00.0000065" startTime="2022-06-13T21:12:01.9930555+02:00" endTime="2022-06-13T21:12:01.9931290+02:00" testType="13cdc9d9-ddb5-4fa4-a97d-d965ccfc6d4b" outcome="Passed" testListId="8c84fa94-04c1-424b-9868-57a2d4851a1d" relativeResultsDirectory="2164ac77-4302-4fdb-a1a2-25878bebf754" />
    <UnitTestResult executionId="5e828f2e-0b2a-4d2d-9f95-84d1b342a583" testId="6a7b8c20-257e-413c-91f8-4424bfc44d40" testName="FormatToStringTest1000 (6809.40195803037,6809.40 zł)" computerName="DESKTOP-5URQ9PB" duration="00:00:00.0000223" startTime="2022-06-13T21:12:01.9111733+02:00" endTime="2022-06-13T21:12:01.9114741+02:00" testType="13cdc9d9-ddb5-4fa4-a97d-d965ccfc6d4b" outcome="Passed" testListId="8c84fa94-04c1-424b-9868-57a2d4851a1d" relativeResultsDirectory="5e828f2e-0b2a-4d2d-9f95-84d1b342a583" />
    <UnitTestResult executionId="03d2f414-87b0-4a1b-9a06-636258e91203" testId="b3ed2640-f671-41b1-ae33-15f9579d7549" testName="FormatToStringTest1000 (26529.10838037036,26529.11 zł)" computerName="DESKTOP-5URQ9PB" duration="00:00:00.0000072" startTime="2022-06-13T21:12:02.2779667+02:00" endTime="2022-06-13T21:12:02.2780326+02:00" testType="13cdc9d9-ddb5-4fa4-a97d-d965ccfc6d4b" outcome="Passed" testListId="8c84fa94-04c1-424b-9868-57a2d4851a1d" relativeResultsDirectory="03d2f414-87b0-4a1b-9a06-636258e91203" />
    <UnitTestResult executionId="60baaaa6-bf16-4977-a712-a8d865f1aeb6" testId="93dec656-5558-498b-b439-4da806c8b590" testName="FormatToStringTest1000 (5254.6338787505565,5254.63 zł)" computerName="DESKTOP-5URQ9PB" duration="00:00:00.0000061" startTime="2022-06-13T21:12:02.2369354+02:00" endTime="2022-06-13T21:12:02.2370004+02:00" testType="13cdc9d9-ddb5-4fa4-a97d-d965ccfc6d4b" outcome="Passed" testListId="8c84fa94-04c1-424b-9868-57a2d4851a1d" relativeResultsDirectory="60baaaa6-bf16-4977-a712-a8d865f1aeb6" />
    <UnitTestResult executionId="0e9e0df9-95e0-4f39-b9a7-078ed4d2c7be" testId="c75a5734-798a-4246-90cf-97e21e218fe2" testName="FormatToStringTest1000 (12202.860111308684,12202.86 zł)" computerName="DESKTOP-5URQ9PB" duration="00:00:00.0000064" startTime="2022-06-13T21:12:02.1207342+02:00" endTime="2022-06-13T21:12:02.1208023+02:00" testType="13cdc9d9-ddb5-4fa4-a97d-d965ccfc6d4b" outcome="Passed" testListId="8c84fa94-04c1-424b-9868-57a2d4851a1d" relativeResultsDirectory="0e9e0df9-95e0-4f39-b9a7-078ed4d2c7be" />
    <UnitTestResult executionId="e225212f-408c-4dce-92aa-4354c977e555" testId="ae674558-465c-4384-ad1f-fea598e4c0e4" testName="FormatToStringTest1000 (10534.184353995222,10534.18 zł)" computerName="DESKTOP-5URQ9PB" duration="00:00:00.0000063" startTime="2022-06-13T21:12:02.0002079+02:00" endTime="2022-06-13T21:12:02.0002805+02:00" testType="13cdc9d9-ddb5-4fa4-a97d-d965ccfc6d4b" outcome="Passed" testListId="8c84fa94-04c1-424b-9868-57a2d4851a1d" relativeResultsDirectory="e225212f-408c-4dce-92aa-4354c977e555" />
    <UnitTestResult executionId="809336a3-d64d-44ed-97e4-8e02a901c31e" testId="5ca98c08-53c4-46fe-a364-4bbc0bd43017" testName="FormatToStringTest1000 (37114.901517336206,37114.90 zł)" computerName="DESKTOP-5URQ9PB" duration="00:00:00.0000063" startTime="2022-06-13T21:12:02.2522229+02:00" endTime="2022-06-13T21:12:02.2522945+02:00" testType="13cdc9d9-ddb5-4fa4-a97d-d965ccfc6d4b" outcome="Passed" testListId="8c84fa94-04c1-424b-9868-57a2d4851a1d" relativeResultsDirectory="809336a3-d64d-44ed-97e4-8e02a901c31e" />
    <UnitTestResult executionId="f5eb17c7-1761-4293-81d9-4d712f2051c8" testId="e7154f5e-b28c-4253-a0ea-626f1b8cd050" testName="FormatToStringTest1000 (2039.440966411699,2039.44 zł)" computerName="DESKTOP-5URQ9PB" duration="00:00:00.0000064" startTime="2022-06-13T21:12:02.0414595+02:00" endTime="2022-06-13T21:12:02.0415286+02:00" testType="13cdc9d9-ddb5-4fa4-a97d-d965ccfc6d4b" outcome="Passed" testListId="8c84fa94-04c1-424b-9868-57a2d4851a1d" relativeResultsDirectory="f5eb17c7-1761-4293-81d9-4d712f2051c8" />
    <UnitTestResult executionId="08284cf9-9115-478c-8061-079317904321" testId="de8fae19-07b7-49b3-afaa-3ad73b37d8ef" testName="FormatToStringTest1000 (24570.65594858893,24570.66 zł)" computerName="DESKTOP-5URQ9PB" duration="00:00:00.0000062" startTime="2022-06-13T21:12:02.0418852+02:00" endTime="2022-06-13T21:12:02.0419528+02:00" testType="13cdc9d9-ddb5-4fa4-a97d-d965ccfc6d4b" outcome="Passed" testListId="8c84fa94-04c1-424b-9868-57a2d4851a1d" relativeResultsDirectory="08284cf9-9115-478c-8061-079317904321" />
    <UnitTestResult executionId="3476d56a-d26f-41c6-af86-adebc0fcede1" testId="adb97d6b-4837-46b0-9208-51037c47c8f7" testName="FormatToStringTest1000 (13453.429998117233,13453.43 zł)" computerName="DESKTOP-5URQ9PB" duration="00:00:00.0000064" startTime="2022-06-13T21:12:02.2208975+02:00" endTime="2022-06-13T21:12:02.2209753+02:00" testType="13cdc9d9-ddb5-4fa4-a97d-d965ccfc6d4b" outcome="Passed" testListId="8c84fa94-04c1-424b-9868-57a2d4851a1d" relativeResultsDirectory="3476d56a-d26f-41c6-af86-adebc0fcede1" />
    <UnitTestResult executionId="571e231f-9a29-45b7-b6df-1ba2abb09653" testId="09c47e9f-24ca-42fb-a8de-78eef25a969e" testName="FormatToStringTest1000 (72659.37876478041,72659.38 zł)" computerName="DESKTOP-5URQ9PB" duration="00:00:00.0000070" startTime="2022-06-13T21:12:02.2204518+02:00" endTime="2022-06-13T21:12:02.2205320+02:00" testType="13cdc9d9-ddb5-4fa4-a97d-d965ccfc6d4b" outcome="Passed" testListId="8c84fa94-04c1-424b-9868-57a2d4851a1d" relativeResultsDirectory="571e231f-9a29-45b7-b6df-1ba2abb09653" />
    <UnitTestResult executionId="df43ddd3-61ae-4e52-9e21-cd11a4f28d83" testId="ee28e8ed-d931-4630-8e77-2c63c85dfbbb" testName="FormatToStringTest1000 (15742.409864349947,15742.41 zł)" computerName="DESKTOP-5URQ9PB" duration="00:00:00.0000406" startTime="2022-06-13T21:12:02.1861094+02:00" endTime="2022-06-13T21:12:02.1863953+02:00" testType="13cdc9d9-ddb5-4fa4-a97d-d965ccfc6d4b" outcome="Passed" testListId="8c84fa94-04c1-424b-9868-57a2d4851a1d" relativeResultsDirectory="df43ddd3-61ae-4e52-9e21-cd11a4f28d83" />
    <UnitTestResult executionId="8d9821e8-79d6-4535-9da4-235d76ea4a7a" testId="9d4cdf70-0a47-41a6-834e-65af0510d89f" testName="FormatToStringTest1000 (16986.338876065027,16986.34 zł)" computerName="DESKTOP-5URQ9PB" duration="00:00:00.0000063" startTime="2022-06-13T21:12:01.9703546+02:00" endTime="2022-06-13T21:12:01.9704220+02:00" testType="13cdc9d9-ddb5-4fa4-a97d-d965ccfc6d4b" outcome="Passed" testListId="8c84fa94-04c1-424b-9868-57a2d4851a1d" relativeResultsDirectory="8d9821e8-79d6-4535-9da4-235d76ea4a7a" />
    <UnitTestResult executionId="01f39edf-6103-4626-a39e-5cb60c725d13" testId="462acf88-3741-4489-9128-fe6710fa79d7" testName="FormatToStringTest1000 (19500.031951036784,19500.03 zł)" computerName="DESKTOP-5URQ9PB" duration="00:00:00.0000063" startTime="2022-06-13T21:12:02.0162962+02:00" endTime="2022-06-13T21:12:02.0163647+02:00" testType="13cdc9d9-ddb5-4fa4-a97d-d965ccfc6d4b" outcome="Passed" testListId="8c84fa94-04c1-424b-9868-57a2d4851a1d" relativeResultsDirectory="01f39edf-6103-4626-a39e-5cb60c725d13" />
    <UnitTestResult executionId="739c651b-49b9-44f6-a7c6-a00936c77eb1" testId="279f6eb0-70a6-493d-b3be-338ec865c878" testName="FormatToStringTest1000 (22557.09603308099,22557.10 zł)" computerName="DESKTOP-5URQ9PB" duration="00:00:00.0000064" startTime="2022-06-13T21:12:02.0779249+02:00" endTime="2022-06-13T21:12:02.0779929+02:00" testType="13cdc9d9-ddb5-4fa4-a97d-d965ccfc6d4b" outcome="Passed" testListId="8c84fa94-04c1-424b-9868-57a2d4851a1d" relativeResultsDirectory="739c651b-49b9-44f6-a7c6-a00936c77eb1" />
    <UnitTestResult executionId="118ec4c4-d1e5-4aa6-9842-7f17ab2500fd" testId="918351e7-a26d-4e17-ae97-83f3f076a79f" testName="FormatToStringTest1000 (45299.778512198376,45299.78 zł)" computerName="DESKTOP-5URQ9PB" duration="00:00:00.0000064" startTime="2022-06-13T21:12:02.2209957+02:00" endTime="2022-06-13T21:12:02.2210663+02:00" testType="13cdc9d9-ddb5-4fa4-a97d-d965ccfc6d4b" outcome="Passed" testListId="8c84fa94-04c1-424b-9868-57a2d4851a1d" relativeResultsDirectory="118ec4c4-d1e5-4aa6-9842-7f17ab2500fd" />
    <UnitTestResult executionId="6549fd9f-bf8e-471d-a5a6-c355a9d771fc" testId="39b5817f-4a29-44fd-8c7e-74637214aa49" testName="FormatToStringTest1000 (57809.74722876295,57809.75 zł)" computerName="DESKTOP-5URQ9PB" duration="00:00:00.0000067" startTime="2022-06-13T21:12:02.1410521+02:00" endTime="2022-06-13T21:12:02.1411207+02:00" testType="13cdc9d9-ddb5-4fa4-a97d-d965ccfc6d4b" outcome="Passed" testListId="8c84fa94-04c1-424b-9868-57a2d4851a1d" relativeResultsDirectory="6549fd9f-bf8e-471d-a5a6-c355a9d771fc" />
    <UnitTestResult executionId="257b62fe-ee8c-4e77-8aea-9ea5d7849a4b" testId="35449853-b0b6-4cdf-ab13-ff9a703170c2" testName="FormatToStringTest1000 (56378.261944644735,56378.26 zł)" computerName="DESKTOP-5URQ9PB" duration="00:00:00.0000063" startTime="2022-06-13T21:12:02.0748617+02:00" endTime="2022-06-13T21:12:02.0749289+02:00" testType="13cdc9d9-ddb5-4fa4-a97d-d965ccfc6d4b" outcome="Passed" testListId="8c84fa94-04c1-424b-9868-57a2d4851a1d" relativeResultsDirectory="257b62fe-ee8c-4e77-8aea-9ea5d7849a4b" />
    <UnitTestResult executionId="f0dde134-bcf5-4aed-8c05-d472ee9a9099" testId="cc71cbd0-5ba3-4d42-bb59-abbbd7eabc73" testName="FormatToStringTest1000 (6145.531235831571,6145.53 zł)" computerName="DESKTOP-5URQ9PB" duration="00:00:00.0000067" startTime="2022-06-13T21:12:02.0813875+02:00" endTime="2022-06-13T21:12:02.0814544+02:00" testType="13cdc9d9-ddb5-4fa4-a97d-d965ccfc6d4b" outcome="Passed" testListId="8c84fa94-04c1-424b-9868-57a2d4851a1d" relativeResultsDirectory="f0dde134-bcf5-4aed-8c05-d472ee9a9099" />
    <UnitTestResult executionId="1511f6e1-48ff-4b0f-a597-56d58b07beee" testId="1561a0c0-84f4-4876-9027-8e236e1cf8da" testName="FormatToStringTest1000 (31315.40354898544,31315.40 zł)" computerName="DESKTOP-5URQ9PB" duration="00:00:00.0000062" startTime="2022-06-13T21:12:02.2169002+02:00" endTime="2022-06-13T21:12:02.2169649+02:00" testType="13cdc9d9-ddb5-4fa4-a97d-d965ccfc6d4b" outcome="Passed" testListId="8c84fa94-04c1-424b-9868-57a2d4851a1d" relativeResultsDirectory="1511f6e1-48ff-4b0f-a597-56d58b07beee" />
    <UnitTestResult executionId="8b8883c2-4e78-420a-b13c-c7b396534c75" testId="a658e3bf-8b95-4f76-ac53-d99e8b7dd7e4" testName="FormatToStringTest1000 (21602.417596116393,21602.42 zł)" computerName="DESKTOP-5URQ9PB" duration="00:00:00.0000063" startTime="2022-06-13T21:12:02.0214006+02:00" endTime="2022-06-13T21:12:02.0214689+02:00" testType="13cdc9d9-ddb5-4fa4-a97d-d965ccfc6d4b" outcome="Passed" testListId="8c84fa94-04c1-424b-9868-57a2d4851a1d" relativeResultsDirectory="8b8883c2-4e78-420a-b13c-c7b396534c75" />
    <UnitTestResult executionId="4df1c6e1-1d77-4cb8-9a3b-5686c5de3f50" testId="74ad2bd7-f0f3-4113-88c3-3355575a66aa" testName="FormatToStringTest1000 (36651.05802063414,36651.06 zł)" computerName="DESKTOP-5URQ9PB" duration="00:00:00.0000097" startTime="2022-06-13T21:12:01.9964721+02:00" endTime="2022-06-13T21:12:01.9965492+02:00" testType="13cdc9d9-ddb5-4fa4-a97d-d965ccfc6d4b" outcome="Passed" testListId="8c84fa94-04c1-424b-9868-57a2d4851a1d" relativeResultsDirectory="4df1c6e1-1d77-4cb8-9a3b-5686c5de3f50" />
    <UnitTestResult executionId="0b887d79-5832-4144-9984-21afa3ea69e6" testId="2d54667a-fd8a-403e-8914-38d6a920f380" testName="FormatToStringTest1000 (33601.357302459124,33601.36 zł)" computerName="DESKTOP-5URQ9PB" duration="00:00:00.0000064" startTime="2022-06-13T21:12:02.2761470+02:00" endTime="2022-06-13T21:12:02.2762123+02:00" testType="13cdc9d9-ddb5-4fa4-a97d-d965ccfc6d4b" outcome="Passed" testListId="8c84fa94-04c1-424b-9868-57a2d4851a1d" relativeResultsDirectory="0b887d79-5832-4144-9984-21afa3ea69e6" />
    <UnitTestResult executionId="5c8ffee0-89e4-4e42-9a27-aec4698f5d55" testId="6b7f3f95-5278-49ca-a2cd-9477a2c5baee" testName="FormatToStringTest1000 (46898.00219497783,46898.00 zł)" computerName="DESKTOP-5URQ9PB" duration="00:00:00.0000095" startTime="2022-06-13T21:12:01.9875062+02:00" endTime="2022-06-13T21:12:01.9876192+02:00" testType="13cdc9d9-ddb5-4fa4-a97d-d965ccfc6d4b" outcome="Passed" testListId="8c84fa94-04c1-424b-9868-57a2d4851a1d" relativeResultsDirectory="5c8ffee0-89e4-4e42-9a27-aec4698f5d55" />
    <UnitTestResult executionId="b80b7036-25c2-4662-b7d2-74f4d4282ee1" testId="65e5ba83-9542-489d-ba25-0582614cd514" testName="FormatToStringTest1000 (25036.98767214035,25036.99 zł)" computerName="DESKTOP-5URQ9PB" duration="00:00:00.0000071" startTime="2022-06-13T21:12:02.0368862+02:00" endTime="2022-06-13T21:12:02.0369667+02:00" testType="13cdc9d9-ddb5-4fa4-a97d-d965ccfc6d4b" outcome="Passed" testListId="8c84fa94-04c1-424b-9868-57a2d4851a1d" relativeResultsDirectory="b80b7036-25c2-4662-b7d2-74f4d4282ee1" />
    <UnitTestResult executionId="3760389e-3283-487b-8920-a175493fd167" testId="7054bf0a-da10-4638-af70-74ea3778cb10" testName="FormatToStringTest1000 (3341.8351759444154,3341.84 zł)" computerName="DESKTOP-5URQ9PB" duration="00:00:00.0000061" startTime="2022-06-13T21:12:02.1211573+02:00" endTime="2022-06-13T21:12:02.1212256+02:00" testType="13cdc9d9-ddb5-4fa4-a97d-d965ccfc6d4b" outcome="Passed" testListId="8c84fa94-04c1-424b-9868-57a2d4851a1d" relativeResultsDirectory="3760389e-3283-487b-8920-a175493fd167" />
    <UnitTestResult executionId="9d2b8878-2905-477c-b9f8-34f0df4b75c4" testId="059ad0e5-7969-4edd-a9dc-a6cbb9ed7af0" testName="FormatToStringTest1000 (480.2082316857801,480.21 zł)" computerName="DESKTOP-5URQ9PB" duration="00:00:00.0000064" startTime="2022-06-13T21:12:02.0002989+02:00" endTime="2022-06-13T21:12:02.0003656+02:00" testType="13cdc9d9-ddb5-4fa4-a97d-d965ccfc6d4b" outcome="Passed" testListId="8c84fa94-04c1-424b-9868-57a2d4851a1d" relativeResultsDirectory="9d2b8878-2905-477c-b9f8-34f0df4b75c4" />
    <UnitTestResult executionId="4366dca4-6ad8-4db0-a403-2189986a1549" testId="2638754f-59de-44ed-826a-62655e267567" testName="FormatToStringTest1000 (43424.45140075332,43424.45 zł)" computerName="DESKTOP-5URQ9PB" duration="00:00:00.0000064" startTime="2022-06-13T21:12:02.1351090+02:00" endTime="2022-06-13T21:12:02.1351757+02:00" testType="13cdc9d9-ddb5-4fa4-a97d-d965ccfc6d4b" outcome="Passed" testListId="8c84fa94-04c1-424b-9868-57a2d4851a1d" relativeResultsDirectory="4366dca4-6ad8-4db0-a403-2189986a1549" />
    <UnitTestResult executionId="075eeb1c-b56b-4896-bcbb-7e26547c0977" testId="a5e1e46b-d776-4b31-9ad7-b645ae232178" testName="FormatToStringTest1000 (27164.0272410419,27164.03 zł)" computerName="DESKTOP-5URQ9PB" duration="00:00:00.0000069" startTime="2022-06-13T21:12:02.0746075+02:00" endTime="2022-06-13T21:12:02.0746736+02:00" testType="13cdc9d9-ddb5-4fa4-a97d-d965ccfc6d4b" outcome="Passed" testListId="8c84fa94-04c1-424b-9868-57a2d4851a1d" relativeResultsDirectory="075eeb1c-b56b-4896-bcbb-7e26547c0977" />
    <UnitTestResult executionId="65315034-d3db-4059-9053-c4d3ef08f198" testId="b08b5eb1-a4c9-4dde-a9b0-a13c08682f5b" testName="FormatToStringTest1000 (1799.2562459103092,1799.26 zł)" computerName="DESKTOP-5URQ9PB" duration="00:00:00.0000062" startTime="2022-06-13T21:12:02.1316460+02:00" endTime="2022-06-13T21:12:02.1317148+02:00" testType="13cdc9d9-ddb5-4fa4-a97d-d965ccfc6d4b" outcome="Passed" testListId="8c84fa94-04c1-424b-9868-57a2d4851a1d" relativeResultsDirectory="65315034-d3db-4059-9053-c4d3ef08f198" />
    <UnitTestResult executionId="5afb3242-ba66-4a3e-a548-8b8a89c2dab7" testId="d01aa470-31d9-40d3-bbfe-c04bb670151a" testName="FormatToStringTest1000 (12125.090155628086,12125.09 zł)" computerName="DESKTOP-5URQ9PB" duration="00:00:00.0000070" startTime="2022-06-13T21:12:02.0745072+02:00" endTime="2022-06-13T21:12:02.0745879+02:00" testType="13cdc9d9-ddb5-4fa4-a97d-d965ccfc6d4b" outcome="Passed" testListId="8c84fa94-04c1-424b-9868-57a2d4851a1d" relativeResultsDirectory="5afb3242-ba66-4a3e-a548-8b8a89c2dab7" />
    <UnitTestResult executionId="5226af89-e31f-45f9-80ac-58550df91ea9" testId="a2207393-d33f-4deb-9965-364fc25a1017" testName="FormatToStringTest1000 (55030.929183896136,55030.93 zł)" computerName="DESKTOP-5URQ9PB" duration="00:00:00.0000112" startTime="2022-06-13T21:12:02.0241822+02:00" endTime="2022-06-13T21:12:02.0243197+02:00" testType="13cdc9d9-ddb5-4fa4-a97d-d965ccfc6d4b" outcome="Passed" testListId="8c84fa94-04c1-424b-9868-57a2d4851a1d" relativeResultsDirectory="5226af89-e31f-45f9-80ac-58550df91ea9" />
    <UnitTestResult executionId="87c1528a-8fbd-4067-aa01-9358f9a9cd05" testId="70962866-2f26-4ae4-ae29-e4247f729b23" testName="FormatToStringTest1000 (6170.939441211959,6170.94 zł)" computerName="DESKTOP-5URQ9PB" duration="00:00:00.0000062" startTime="2022-06-13T21:12:02.1109289+02:00" endTime="2022-06-13T21:12:02.1109955+02:00" testType="13cdc9d9-ddb5-4fa4-a97d-d965ccfc6d4b" outcome="Passed" testListId="8c84fa94-04c1-424b-9868-57a2d4851a1d" relativeResultsDirectory="87c1528a-8fbd-4067-aa01-9358f9a9cd05" />
    <UnitTestResult executionId="3316f894-0880-4b9d-9fdc-df6eed7cfd58" testId="825c4da7-c96a-4a40-8b7e-d663723f29b7" testName="FormatToStringTest1000 (71554.9786298829,71554.98 zł)" computerName="DESKTOP-5URQ9PB" duration="00:00:00.0000063" startTime="2022-06-13T21:12:02.2268025+02:00" endTime="2022-06-13T21:12:02.2268645+02:00" testType="13cdc9d9-ddb5-4fa4-a97d-d965ccfc6d4b" outcome="Passed" testListId="8c84fa94-04c1-424b-9868-57a2d4851a1d" relativeResultsDirectory="3316f894-0880-4b9d-9fdc-df6eed7cfd58" />
    <UnitTestResult executionId="3ed1cdc7-d25a-4a70-a0a5-baaee1e01778" testId="c5743bb7-f1af-4742-a9d2-e10cddf317e1" testName="FormatToStringTest1000 (41876.979471482795,41876.98 zł)" computerName="DESKTOP-5URQ9PB" duration="00:00:00.0000067" startTime="2022-06-13T21:12:01.9928662+02:00" endTime="2022-06-13T21:12:01.9929450+02:00" testType="13cdc9d9-ddb5-4fa4-a97d-d965ccfc6d4b" outcome="Passed" testListId="8c84fa94-04c1-424b-9868-57a2d4851a1d" relativeResultsDirectory="3ed1cdc7-d25a-4a70-a0a5-baaee1e01778" />
    <UnitTestResult executionId="d4520d72-e413-4d3d-80bb-924763c8e817" testId="f52284c2-a600-4624-9d58-02c711135543" testName="FormatToStringTest1000 (8768.816937361293,8768.82 zł)" computerName="DESKTOP-5URQ9PB" duration="00:00:00.0000063" startTime="2022-06-13T21:12:01.9676212+02:00" endTime="2022-06-13T21:12:01.9676891+02:00" testType="13cdc9d9-ddb5-4fa4-a97d-d965ccfc6d4b" outcome="Passed" testListId="8c84fa94-04c1-424b-9868-57a2d4851a1d" relativeResultsDirectory="d4520d72-e413-4d3d-80bb-924763c8e817" />
    <UnitTestResult executionId="684e7031-2d09-44f4-a402-78c338638477" testId="13ff460b-2557-4cf0-93eb-fe073b28fadf" testName="FormatToStringTest1000 (56802.303118930344,56802.30 zł)" computerName="DESKTOP-5URQ9PB" duration="00:00:00.0000064" startTime="2022-06-13T21:12:02.1999413+02:00" endTime="2022-06-13T21:12:02.2000087+02:00" testType="13cdc9d9-ddb5-4fa4-a97d-d965ccfc6d4b" outcome="Passed" testListId="8c84fa94-04c1-424b-9868-57a2d4851a1d" relativeResultsDirectory="684e7031-2d09-44f4-a402-78c338638477" />
    <UnitTestResult executionId="77651acd-d48b-49e7-a6d4-062227ce9e09" testId="4eec9c66-89ef-4e08-9d37-dabc3901c6d4" testName="FormatToStringTest1000 (13027.93935961739,13027.94 zł)" computerName="DESKTOP-5URQ9PB" duration="00:00:00.0000064" startTime="2022-06-13T21:12:02.1383483+02:00" endTime="2022-06-13T21:12:02.1384153+02:00" testType="13cdc9d9-ddb5-4fa4-a97d-d965ccfc6d4b" outcome="Passed" testListId="8c84fa94-04c1-424b-9868-57a2d4851a1d" relativeResultsDirectory="77651acd-d48b-49e7-a6d4-062227ce9e09" />
    <UnitTestResult executionId="b7f98d8c-fb50-4ac1-a8c2-73422f4ea67e" testId="a710b90c-a8ab-443f-ae34-c798eb137905" testName="FormatToStringTest1000 (22592.465903659566,22592.47 zł)" computerName="DESKTOP-5URQ9PB" duration="00:00:00.0000063" startTime="2022-06-13T21:12:02.0216613+02:00" endTime="2022-06-13T21:12:02.0217286+02:00" testType="13cdc9d9-ddb5-4fa4-a97d-d965ccfc6d4b" outcome="Passed" testListId="8c84fa94-04c1-424b-9868-57a2d4851a1d" relativeResultsDirectory="b7f98d8c-fb50-4ac1-a8c2-73422f4ea67e" />
    <UnitTestResult executionId="30baa33b-0084-4f2e-baf3-914f8b2c29bd" testId="fc4baa01-560a-460a-8319-8b12fdd895ad" testName="FormatToStringTest1000 (72703.4365723503,72703.44 zł)" computerName="DESKTOP-5URQ9PB" duration="00:00:00.0000076" startTime="2022-06-13T21:12:02.0903534+02:00" endTime="2022-06-13T21:12:02.0904315+02:00" testType="13cdc9d9-ddb5-4fa4-a97d-d965ccfc6d4b" outcome="Passed" testListId="8c84fa94-04c1-424b-9868-57a2d4851a1d" relativeResultsDirectory="30baa33b-0084-4f2e-baf3-914f8b2c29bd" />
    <UnitTestResult executionId="2f7c9ed1-e4ba-4302-aa03-7d962d898af4" testId="282f7b84-9adf-4ab6-86c5-b3dcbe56faad" testName="FormatToStringTest1000 (9765.54450809748,9765.54 zł)" computerName="DESKTOP-5URQ9PB" duration="00:00:00.0000066" startTime="2022-06-13T21:12:02.0375826+02:00" endTime="2022-06-13T21:12:02.0376475+02:00" testType="13cdc9d9-ddb5-4fa4-a97d-d965ccfc6d4b" outcome="Passed" testListId="8c84fa94-04c1-424b-9868-57a2d4851a1d" relativeResultsDirectory="2f7c9ed1-e4ba-4302-aa03-7d962d898af4" />
    <UnitTestResult executionId="6e304b30-b804-4a3b-9263-db7ff161344d" testId="6a56befc-f419-47d9-b51a-d22583c8e843" testName="FormatToStringTest1000 (65947.64520381515,65947.65 zł)" computerName="DESKTOP-5URQ9PB" duration="00:00:00.0000080" startTime="2022-06-13T21:12:02.1511794+02:00" endTime="2022-06-13T21:12:02.1512656+02:00" testType="13cdc9d9-ddb5-4fa4-a97d-d965ccfc6d4b" outcome="Passed" testListId="8c84fa94-04c1-424b-9868-57a2d4851a1d" relativeResultsDirectory="6e304b30-b804-4a3b-9263-db7ff161344d" />
    <UnitTestResult executionId="afb3524d-e8aa-4ee8-abb9-0d3f92366ea7" testId="19a5a6e6-4f57-4bb6-97d3-9ec997071c3e" testName="FormatToStringTest1000 (51503.82905738234,51503.83 zł)" computerName="DESKTOP-5URQ9PB" duration="00:00:00.0000064" startTime="2022-06-13T21:12:02.0341806+02:00" endTime="2022-06-13T21:12:02.0342532+02:00" testType="13cdc9d9-ddb5-4fa4-a97d-d965ccfc6d4b" outcome="Passed" testListId="8c84fa94-04c1-424b-9868-57a2d4851a1d" relativeResultsDirectory="afb3524d-e8aa-4ee8-abb9-0d3f92366ea7" />
    <UnitTestResult executionId="2fb19b2e-adf3-42d0-8c28-03c6720771dc" testId="ef499007-1dae-4156-864b-1c4eb96d9519" testName="FormatToStringTest1000 (12187.551827252633,12187.55 zł)" computerName="DESKTOP-5URQ9PB" duration="00:00:00.0000062" startTime="2022-06-13T21:12:02.0445541+02:00" endTime="2022-06-13T21:12:02.0446224+02:00" testType="13cdc9d9-ddb5-4fa4-a97d-d965ccfc6d4b" outcome="Passed" testListId="8c84fa94-04c1-424b-9868-57a2d4851a1d" relativeResultsDirectory="2fb19b2e-adf3-42d0-8c28-03c6720771dc" />
    <UnitTestResult executionId="38297813-59d5-41a8-87cb-4a6f15ff0de4" testId="eafe97a0-cf4e-4f7b-bbae-8819ad7c69c3" testName="FormatToStringTest1000 (29678.921519093645,29678.92 zł)" computerName="DESKTOP-5URQ9PB" duration="00:00:00.0000327" startTime="2022-06-13T21:12:02.1904886+02:00" endTime="2022-06-13T21:12:02.1907326+02:00" testType="13cdc9d9-ddb5-4fa4-a97d-d965ccfc6d4b" outcome="Passed" testListId="8c84fa94-04c1-424b-9868-57a2d4851a1d" relativeResultsDirectory="38297813-59d5-41a8-87cb-4a6f15ff0de4" />
    <UnitTestResult executionId="7c8ba956-fce9-4f97-894e-4a76dfcd2816" testId="bc14a7b6-17dd-4a60-8a1c-5de27ece1964" testName="FormatToStringTest1000 (4554.73912809777,4554.74 zł)" computerName="DESKTOP-5URQ9PB" duration="00:00:00.0000420" startTime="2022-06-13T21:12:02.1868120+02:00" endTime="2022-06-13T21:12:02.1870727+02:00" testType="13cdc9d9-ddb5-4fa4-a97d-d965ccfc6d4b" outcome="Passed" testListId="8c84fa94-04c1-424b-9868-57a2d4851a1d" relativeResultsDirectory="7c8ba956-fce9-4f97-894e-4a76dfcd2816" />
    <UnitTestResult executionId="e0c9fa82-bdb5-4767-9cf4-97c05646f840" testId="5a97622f-8e40-44c3-900c-230300656e7a" testName="FormatToStringTest1000 (36969.98585167247,36969.99 zł)" computerName="DESKTOP-5URQ9PB" duration="00:00:00.0000061" startTime="2022-06-13T21:12:02.0310409+02:00" endTime="2022-06-13T21:12:02.0311083+02:00" testType="13cdc9d9-ddb5-4fa4-a97d-d965ccfc6d4b" outcome="Passed" testListId="8c84fa94-04c1-424b-9868-57a2d4851a1d" relativeResultsDirectory="e0c9fa82-bdb5-4767-9cf4-97c05646f840" />
    <UnitTestResult executionId="b5f22df1-e250-4059-8eda-28b45806da29" testId="4a6aca32-d0d9-4c47-9ee5-214044728ceb" testName="FormatToStringTest1000 (65963.39932440939,65963.40 zł)" computerName="DESKTOP-5URQ9PB" duration="00:00:00.0000062" startTime="2022-06-13T21:12:02.2738534+02:00" endTime="2022-06-13T21:12:02.2739185+02:00" testType="13cdc9d9-ddb5-4fa4-a97d-d965ccfc6d4b" outcome="Passed" testListId="8c84fa94-04c1-424b-9868-57a2d4851a1d" relativeResultsDirectory="b5f22df1-e250-4059-8eda-28b45806da29" />
    <UnitTestResult executionId="873fb4f9-3d0b-4cbe-be27-bfb43f74bda7" testId="f6cd0cd2-cbe0-4656-9e66-d5fcec8e428c" testName="FormatToStringTest1000 (12283.48626129026,12283.49 zł)" computerName="DESKTOP-5URQ9PB" duration="00:00:00.0000063" startTime="2022-06-13T21:12:02.0907943+02:00" endTime="2022-06-13T21:12:02.0908613+02:00" testType="13cdc9d9-ddb5-4fa4-a97d-d965ccfc6d4b" outcome="Passed" testListId="8c84fa94-04c1-424b-9868-57a2d4851a1d" relativeResultsDirectory="873fb4f9-3d0b-4cbe-be27-bfb43f74bda7" />
    <UnitTestResult executionId="59bde99d-9966-4130-a248-5358d5a3ecae" testId="a429c5da-0b7d-4ea1-b9b2-e767479eced3" testName="FormatToStringTest1000 (75214.75000876503,75214.75 zł)" computerName="DESKTOP-5URQ9PB" duration="00:00:00.0000115" startTime="2022-06-13T21:12:02.1168050+02:00" endTime="2022-06-13T21:12:02.1169610+02:00" testType="13cdc9d9-ddb5-4fa4-a97d-d965ccfc6d4b" outcome="Passed" testListId="8c84fa94-04c1-424b-9868-57a2d4851a1d" relativeResultsDirectory="59bde99d-9966-4130-a248-5358d5a3ecae" />
    <UnitTestResult executionId="b7ade362-bac2-48ba-a288-fbeb6bacc2fd" testId="0991ebea-f8c9-4a70-817d-162226f3f9c0" testName="FormatToStringTest1000 (8885.065440211942,8885.07 zł)" computerName="DESKTOP-5URQ9PB" duration="00:00:00.0000066" startTime="2022-06-13T21:12:02.1275520+02:00" endTime="2022-06-13T21:12:02.1276255+02:00" testType="13cdc9d9-ddb5-4fa4-a97d-d965ccfc6d4b" outcome="Passed" testListId="8c84fa94-04c1-424b-9868-57a2d4851a1d" relativeResultsDirectory="b7ade362-bac2-48ba-a288-fbeb6bacc2fd" />
    <UnitTestResult executionId="11a9da72-34c8-44b6-8807-2385caa8c45b" testId="49d5ef97-22b4-4fba-b783-237ed0622b0c" testName="FormatToStringTest1000 (4919.073526169674,4919.07 zł)" computerName="DESKTOP-5URQ9PB" duration="00:00:00.0000065" startTime="2022-06-13T21:12:02.0511697+02:00" endTime="2022-06-13T21:12:02.0512417+02:00" testType="13cdc9d9-ddb5-4fa4-a97d-d965ccfc6d4b" outcome="Passed" testListId="8c84fa94-04c1-424b-9868-57a2d4851a1d" relativeResultsDirectory="11a9da72-34c8-44b6-8807-2385caa8c45b" />
    <UnitTestResult executionId="625ec6dc-f764-481e-9683-65099a0672bd" testId="d2cc2f1f-8a1f-4115-a0c6-e227b6905a63" testName="FormatToStringTest1000 (24695.917440203913,24695.92 zł)" computerName="DESKTOP-5URQ9PB" duration="00:00:00.0000696" startTime="2022-06-13T21:12:02.1781428+02:00" endTime="2022-06-13T21:12:02.1788362+02:00" testType="13cdc9d9-ddb5-4fa4-a97d-d965ccfc6d4b" outcome="Passed" testListId="8c84fa94-04c1-424b-9868-57a2d4851a1d" relativeResultsDirectory="625ec6dc-f764-481e-9683-65099a0672bd" />
    <UnitTestResult executionId="856a0d8a-fd7e-4f5e-8a5a-a9cf558ac068" testId="77b19859-253b-44dd-a910-eccce1faee0a" testName="FormatToStringTest1000 (3477.860963622509,3477.86 zł)" computerName="DESKTOP-5URQ9PB" duration="00:00:00.0000061" startTime="2022-06-13T21:12:02.2463874+02:00" endTime="2022-06-13T21:12:02.2464518+02:00" testType="13cdc9d9-ddb5-4fa4-a97d-d965ccfc6d4b" outcome="Passed" testListId="8c84fa94-04c1-424b-9868-57a2d4851a1d" relativeResultsDirectory="856a0d8a-fd7e-4f5e-8a5a-a9cf558ac068" />
    <UnitTestResult executionId="0a469631-9996-403f-a178-f95b3010ac32" testId="be396768-3125-47ec-935f-9fcc9f2f2348" testName="FormatToStringTest1000 (67338.80028760935,67338.80 zł)" computerName="DESKTOP-5URQ9PB" duration="00:00:00.0000065" startTime="2022-06-13T21:12:01.9639991+02:00" endTime="2022-06-13T21:12:01.9640694+02:00" testType="13cdc9d9-ddb5-4fa4-a97d-d965ccfc6d4b" outcome="Passed" testListId="8c84fa94-04c1-424b-9868-57a2d4851a1d" relativeResultsDirectory="0a469631-9996-403f-a178-f95b3010ac32" />
    <UnitTestResult executionId="77edc2c6-b249-4252-b87c-df50abd72845" testId="41796565-f034-4e49-8c79-57af834f42a9" testName="FormatToStringTest1000 (15509.637406484986,15509.64 zł)" computerName="DESKTOP-5URQ9PB" duration="00:00:00.0000063" startTime="2022-06-13T21:12:02.0095398+02:00" endTime="2022-06-13T21:12:02.0096072+02:00" testType="13cdc9d9-ddb5-4fa4-a97d-d965ccfc6d4b" outcome="Passed" testListId="8c84fa94-04c1-424b-9868-57a2d4851a1d" relativeResultsDirectory="77edc2c6-b249-4252-b87c-df50abd72845" />
    <UnitTestResult executionId="22b16bd8-00bf-471f-80c7-93fcb4a6c05a" testId="952a04d4-ef8d-474c-9550-f49cfcf8d11a" testName="FormatToStringTest1000 (5611.05334835176,5611.05 zł)" computerName="DESKTOP-5URQ9PB" duration="00:00:00.0000063" startTime="2022-06-13T21:12:02.1210749+02:00" endTime="2022-06-13T21:12:02.1211399+02:00" testType="13cdc9d9-ddb5-4fa4-a97d-d965ccfc6d4b" outcome="Passed" testListId="8c84fa94-04c1-424b-9868-57a2d4851a1d" relativeResultsDirectory="22b16bd8-00bf-471f-80c7-93fcb4a6c05a" />
    <UnitTestResult executionId="aa20d8f0-b001-4570-8169-0c8b22bff056" testId="f2c830bc-b35a-497a-a3ef-23bfba70f19c" testName="FormatToStringTest1000 (55010.474927814896,55010.47 zł)" computerName="DESKTOP-5URQ9PB" duration="00:00:00.0000062" startTime="2022-06-13T21:12:02.2206378+02:00" endTime="2022-06-13T21:12:02.2207026+02:00" testType="13cdc9d9-ddb5-4fa4-a97d-d965ccfc6d4b" outcome="Passed" testListId="8c84fa94-04c1-424b-9868-57a2d4851a1d" relativeResultsDirectory="aa20d8f0-b001-4570-8169-0c8b22bff056" />
    <UnitTestResult executionId="9a291c88-1516-473d-8b17-ac36a88ed5c0" testId="f4c128de-df9c-4419-8b8a-94081f5d5721" testName="FormatToStringTest1000 (6710.131197082871,6710.13 zł)" computerName="DESKTOP-5URQ9PB" duration="00:00:00.0000064" startTime="2022-06-13T21:12:02.2742650+02:00" endTime="2022-06-13T21:12:02.2743303+02:00" testType="13cdc9d9-ddb5-4fa4-a97d-d965ccfc6d4b" outcome="Passed" testListId="8c84fa94-04c1-424b-9868-57a2d4851a1d" relativeResultsDirectory="9a291c88-1516-473d-8b17-ac36a88ed5c0" />
    <UnitTestResult executionId="93d94580-a3fa-4147-8090-c622da2e649a" testId="fb528569-b600-4fca-9283-fa012f8978e0" testName="FormatToStringTest1000 (14003.84591249742,14003.85 zł)" computerName="DESKTOP-5URQ9PB" duration="00:00:00.0000063" startTime="2022-06-13T21:12:02.1914073+02:00" endTime="2022-06-13T21:12:02.1914740+02:00" testType="13cdc9d9-ddb5-4fa4-a97d-d965ccfc6d4b" outcome="Passed" testListId="8c84fa94-04c1-424b-9868-57a2d4851a1d" relativeResultsDirectory="93d94580-a3fa-4147-8090-c622da2e649a" />
    <UnitTestResult executionId="fa632ce1-31f8-49b1-b711-45afd2307488" testId="d5a5e31e-ed27-449d-b83e-83da293af6c6" testName="FormatToStringTest1000 (24251.68593564848,24251.69 zł)" computerName="DESKTOP-5URQ9PB" duration="00:00:00.0000063" startTime="2022-06-13T21:12:02.1447912+02:00" endTime="2022-06-13T21:12:02.1448582+02:00" testType="13cdc9d9-ddb5-4fa4-a97d-d965ccfc6d4b" outcome="Passed" testListId="8c84fa94-04c1-424b-9868-57a2d4851a1d" relativeResultsDirectory="fa632ce1-31f8-49b1-b711-45afd2307488" />
    <UnitTestResult executionId="5423ec39-d046-44a2-a487-7b4e77515267" testId="88384186-fa12-4afd-8630-dba5e629b5ff" testName="FormatToStringTest1000 (395.45790295882983,395.46 zł)" computerName="DESKTOP-5URQ9PB" duration="00:00:00.0000062" startTime="2022-06-13T21:12:02.1077927+02:00" endTime="2022-06-13T21:12:02.1078601+02:00" testType="13cdc9d9-ddb5-4fa4-a97d-d965ccfc6d4b" outcome="Passed" testListId="8c84fa94-04c1-424b-9868-57a2d4851a1d" relativeResultsDirectory="5423ec39-d046-44a2-a487-7b4e77515267" />
    <UnitTestResult executionId="bc54e2c8-e7c9-4b0c-b8e9-dc3a2a1e04df" testId="465fe532-2b2b-457a-8803-4e2f7ef3405a" testName="FormatToStringTest1000 (6213.265206352466,6213.27 zł)" computerName="DESKTOP-5URQ9PB" duration="00:00:00.0000065" startTime="2022-06-13T21:12:02.0873451+02:00" endTime="2022-06-13T21:12:02.0874140+02:00" testType="13cdc9d9-ddb5-4fa4-a97d-d965ccfc6d4b" outcome="Passed" testListId="8c84fa94-04c1-424b-9868-57a2d4851a1d" relativeResultsDirectory="bc54e2c8-e7c9-4b0c-b8e9-dc3a2a1e04df" />
    <UnitTestResult executionId="f9bfe31a-97aa-4ea8-afad-76c3d5827ebb" testId="41b2ab7d-5657-4a5f-84be-94b55b65a692" testName="FormatToStringTest1000 (464.74397441965715,464.74 zł)" computerName="DESKTOP-5URQ9PB" duration="00:00:00.0000065" startTime="2022-06-13T21:12:02.1442836+02:00" endTime="2022-06-13T21:12:02.1443519+02:00" testType="13cdc9d9-ddb5-4fa4-a97d-d965ccfc6d4b" outcome="Passed" testListId="8c84fa94-04c1-424b-9868-57a2d4851a1d" relativeResultsDirectory="f9bfe31a-97aa-4ea8-afad-76c3d5827ebb" />
    <UnitTestResult executionId="e354d3c7-9f03-4ff0-b2ae-16f6e27a75d4" testId="ddd54b62-2798-4a42-a234-daf304734a87" testName="FormatToStringTest1000 (59768.02667973611,59768.03 zł)" computerName="DESKTOP-5URQ9PB" duration="00:00:00.0000062" startTime="2022-06-13T21:12:02.1443696+02:00" endTime="2022-06-13T21:12:02.1444371+02:00" testType="13cdc9d9-ddb5-4fa4-a97d-d965ccfc6d4b" outcome="Passed" testListId="8c84fa94-04c1-424b-9868-57a2d4851a1d" relativeResultsDirectory="e354d3c7-9f03-4ff0-b2ae-16f6e27a75d4" />
    <UnitTestResult executionId="1093cf01-d3d6-4f85-9b23-cf60a40494f8" testId="3024428f-e19a-4f1a-8c2e-c3f9b3864938" testName="FormatToStringTest1000 (11904.111251175456,11904.11 zł)" computerName="DESKTOP-5URQ9PB" duration="00:00:00.0000063" startTime="2022-06-13T21:12:02.0372468+02:00" endTime="2022-06-13T21:12:02.0373149+02:00" testType="13cdc9d9-ddb5-4fa4-a97d-d965ccfc6d4b" outcome="Passed" testListId="8c84fa94-04c1-424b-9868-57a2d4851a1d" relativeResultsDirectory="1093cf01-d3d6-4f85-9b23-cf60a40494f8" />
    <UnitTestResult executionId="7dae944f-b15c-40a7-a9a1-a6d06aa0561c" testId="453de8a0-c2a5-46c7-9d24-0eff611129d2" testName="FormatToStringTest1000 (78519.41691976106,78519.42 zł)" computerName="DESKTOP-5URQ9PB" duration="00:00:00.0000064" startTime="2022-06-13T21:12:02.2148348+02:00" endTime="2022-06-13T21:12:02.2149011+02:00" testType="13cdc9d9-ddb5-4fa4-a97d-d965ccfc6d4b" outcome="Passed" testListId="8c84fa94-04c1-424b-9868-57a2d4851a1d" relativeResultsDirectory="7dae944f-b15c-40a7-a9a1-a6d06aa0561c" />
    <UnitTestResult executionId="6d67baf7-849a-4924-80de-e1c132f14c33" testId="9f0d5bb0-28c9-4190-869b-acd80e8624cc" testName="FormatToStringTest1000 (42383.08993972982,42383.09 zł)" computerName="DESKTOP-5URQ9PB" duration="00:00:00.0000363" startTime="2022-06-13T21:12:02.1732503+02:00" endTime="2022-06-13T21:12:02.1737047+02:00" testType="13cdc9d9-ddb5-4fa4-a97d-d965ccfc6d4b" outcome="Passed" testListId="8c84fa94-04c1-424b-9868-57a2d4851a1d" relativeResultsDirectory="6d67baf7-849a-4924-80de-e1c132f14c33" />
    <UnitTestResult executionId="8e316ef4-25f0-4a64-a770-8a4515b49c86" testId="ed8fcd64-a15f-4e77-aaf1-4b7be5903fb9" testName="FormatToStringTest1000 (5591.2222540617095,5591.22 zł)" computerName="DESKTOP-5URQ9PB" duration="00:00:00.0000063" startTime="2022-06-13T21:12:02.1546367+02:00" endTime="2022-06-13T21:12:02.1547036+02:00" testType="13cdc9d9-ddb5-4fa4-a97d-d965ccfc6d4b" outcome="Passed" testListId="8c84fa94-04c1-424b-9868-57a2d4851a1d" relativeResultsDirectory="8e316ef4-25f0-4a64-a770-8a4515b49c86" />
    <UnitTestResult executionId="71644217-a818-4dfa-a25b-4d9dde71182d" testId="402c8b32-c164-4cfa-8c92-58c73bf2e997" testName="FormatToStringTest1000 (801.5720517614726,801.57 zł)" computerName="DESKTOP-5URQ9PB" duration="00:00:00.0000074" startTime="2022-06-13T21:12:02.1072560+02:00" endTime="2022-06-13T21:12:02.1073422+02:00" testType="13cdc9d9-ddb5-4fa4-a97d-d965ccfc6d4b" outcome="Passed" testListId="8c84fa94-04c1-424b-9868-57a2d4851a1d" relativeResultsDirectory="71644217-a818-4dfa-a25b-4d9dde71182d" />
    <UnitTestResult executionId="2d9e94e3-3667-4896-be2e-bbdf59a1482d" testId="aff0b951-ec6c-450b-9710-e21fa98945f1" testName="FormatToStringTest1000 (1300.9430775404642,1300.94 zł)" computerName="DESKTOP-5URQ9PB" duration="00:00:00.0374412" startTime="2022-06-13T21:12:01.8499525+02:00" endTime="2022-06-13T21:12:01.9043145+02:00" testType="13cdc9d9-ddb5-4fa4-a97d-d965ccfc6d4b" outcome="Passed" testListId="8c84fa94-04c1-424b-9868-57a2d4851a1d" relativeResultsDirectory="2d9e94e3-3667-4896-be2e-bbdf59a1482d" />
    <UnitTestResult executionId="0985b672-6c44-47c1-af65-d35542ca2763" testId="dbbf1175-0082-423d-a500-cecf4bef0db6" testName="FormatToStringTest1000 (3521.3657738167635,3521.37 zł)" computerName="DESKTOP-5URQ9PB" duration="00:00:00.0000067" startTime="2022-06-13T21:12:01.9772016+02:00" endTime="2022-06-13T21:12:01.9772900+02:00" testType="13cdc9d9-ddb5-4fa4-a97d-d965ccfc6d4b" outcome="Passed" testListId="8c84fa94-04c1-424b-9868-57a2d4851a1d" relativeResultsDirectory="0985b672-6c44-47c1-af65-d35542ca2763" />
    <UnitTestResult executionId="eea23990-e71a-4a22-8efe-34bab3a164b8" testId="42535d34-ea01-4004-a3d5-22baefe9d4b8" testName="FormatToStringTest1000 (13046.352146307172,13046.35 zł)" computerName="DESKTOP-5URQ9PB" duration="00:00:00.0000062" startTime="2022-06-13T21:12:02.2739350+02:00" endTime="2022-06-13T21:12:02.2739996+02:00" testType="13cdc9d9-ddb5-4fa4-a97d-d965ccfc6d4b" outcome="Passed" testListId="8c84fa94-04c1-424b-9868-57a2d4851a1d" relativeResultsDirectory="eea23990-e71a-4a22-8efe-34bab3a164b8" />
    <UnitTestResult executionId="5c9971da-034f-4537-901d-a6dd20bbcca2" testId="b0188344-4778-4bed-886a-5762f21892b1" testName="FormatToStringTest1000 (24137.016609529506,24137.02 zł)" computerName="DESKTOP-5URQ9PB" duration="00:00:00.0000062" startTime="2022-06-13T21:12:02.2486791+02:00" endTime="2022-06-13T21:12:02.2487441+02:00" testType="13cdc9d9-ddb5-4fa4-a97d-d965ccfc6d4b" outcome="Passed" testListId="8c84fa94-04c1-424b-9868-57a2d4851a1d" relativeResultsDirectory="5c9971da-034f-4537-901d-a6dd20bbcca2" />
    <UnitTestResult executionId="7aed74ed-27ee-40e0-90a2-e2d6ab151159" testId="3aae3955-c141-4fa8-9840-66c2c526158b" testName="FormatToStringTest1000 (17455.15807988595,17455.16 zł)" computerName="DESKTOP-5URQ9PB" duration="00:00:00.0000064" startTime="2022-06-13T21:12:02.2481855+02:00" endTime="2022-06-13T21:12:02.2482566+02:00" testType="13cdc9d9-ddb5-4fa4-a97d-d965ccfc6d4b" outcome="Passed" testListId="8c84fa94-04c1-424b-9868-57a2d4851a1d" relativeResultsDirectory="7aed74ed-27ee-40e0-90a2-e2d6ab151159" />
    <UnitTestResult executionId="1076d92d-eea0-498b-a205-94849b7e10ad" testId="02ebe6e0-4adb-4675-8781-4790db159e76" testName="FormatToStringTest1000 (2929.267390865026,2929.27 zł)" computerName="DESKTOP-5URQ9PB" duration="00:00:00.0000075" startTime="2022-06-13T21:12:02.2655538+02:00" endTime="2022-06-13T21:12:02.2656437+02:00" testType="13cdc9d9-ddb5-4fa4-a97d-d965ccfc6d4b" outcome="Passed" testListId="8c84fa94-04c1-424b-9868-57a2d4851a1d" relativeResultsDirectory="1076d92d-eea0-498b-a205-94849b7e10ad" />
    <UnitTestResult executionId="09978e1e-034c-4299-a751-b7eaa93a2d3d" testId="36ad5a88-52a7-439d-a61d-5a9be12d1fdf" testName="FormatToStringTest1000 (7396.940188290057,7396.94 zł)" computerName="DESKTOP-5URQ9PB" duration="00:00:00.0000062" startTime="2022-06-13T21:12:02.2782990+02:00" endTime="2022-06-13T21:12:02.2783637+02:00" testType="13cdc9d9-ddb5-4fa4-a97d-d965ccfc6d4b" outcome="Passed" testListId="8c84fa94-04c1-424b-9868-57a2d4851a1d" relativeResultsDirectory="09978e1e-034c-4299-a751-b7eaa93a2d3d" />
    <UnitTestResult executionId="1b1cb259-0970-4cb5-aa95-e1d3f1301164" testId="b0ff49d3-11a3-48b6-9816-301928032e78" testName="FormatToStringTest1000 (626.135364110179,626.14 zł)" computerName="DESKTOP-5URQ9PB" duration="00:00:00.0000066" startTime="2022-06-13T21:12:02.0344399+02:00" endTime="2022-06-13T21:12:02.0345044+02:00" testType="13cdc9d9-ddb5-4fa4-a97d-d965ccfc6d4b" outcome="Passed" testListId="8c84fa94-04c1-424b-9868-57a2d4851a1d" relativeResultsDirectory="1b1cb259-0970-4cb5-aa95-e1d3f1301164" />
    <UnitTestResult executionId="abd16d5b-578c-4846-8be9-496f0e3246de" testId="01583e7f-8bc3-41d8-8cf2-f37df7c4feda" testName="FormatToStringTest1000 (48654.65723134794,48654.66 zł)" computerName="DESKTOP-5URQ9PB" duration="00:00:00.0000064" startTime="2022-06-13T21:12:02.0808740+02:00" endTime="2022-06-13T21:12:02.0809424+02:00" testType="13cdc9d9-ddb5-4fa4-a97d-d965ccfc6d4b" outcome="Passed" testListId="8c84fa94-04c1-424b-9868-57a2d4851a1d" relativeResultsDirectory="abd16d5b-578c-4846-8be9-496f0e3246de" />
    <UnitTestResult executionId="01302fc9-96f3-440b-a304-ce0dfca87d21" testId="f0c7f4bb-dbc9-459f-a683-622415a59b22" testName="FormatToStringTest1000 (9634.398811461124,9634.40 zł)" computerName="DESKTOP-5URQ9PB" duration="00:00:00.0000062" startTime="2022-06-13T21:12:02.2444526+02:00" endTime="2022-06-13T21:12:02.2445176+02:00" testType="13cdc9d9-ddb5-4fa4-a97d-d965ccfc6d4b" outcome="Passed" testListId="8c84fa94-04c1-424b-9868-57a2d4851a1d" relativeResultsDirectory="01302fc9-96f3-440b-a304-ce0dfca87d21" />
    <UnitTestResult executionId="df31edb9-6003-4d1b-9337-7c5889a84771" testId="01054d9c-48b2-4cec-8804-6f761284e3ae" testName="FormatToStringTest1000 (14035.12972514477,14035.13 zł)" computerName="DESKTOP-5URQ9PB" duration="00:00:00.0000072" startTime="2022-06-13T21:12:02.0213139+02:00" endTime="2022-06-13T21:12:02.0213826+02:00" testType="13cdc9d9-ddb5-4fa4-a97d-d965ccfc6d4b" outcome="Passed" testListId="8c84fa94-04c1-424b-9868-57a2d4851a1d" relativeResultsDirectory="df31edb9-6003-4d1b-9337-7c5889a84771" />
    <UnitTestResult executionId="f249c828-2355-4e23-ab31-58d6298afb79" testId="2deb44fa-2e54-4507-89a0-febfcea9e7f1" testName="FormatToStringTest1000 (782.6578288817116,782.66 zł)" computerName="DESKTOP-5URQ9PB" duration="00:00:00.0000063" startTime="2022-06-13T21:12:02.0449819+02:00" endTime="2022-06-13T21:12:02.0450483+02:00" testType="13cdc9d9-ddb5-4fa4-a97d-d965ccfc6d4b" outcome="Passed" testListId="8c84fa94-04c1-424b-9868-57a2d4851a1d" relativeResultsDirectory="f249c828-2355-4e23-ab31-58d6298afb79" />
    <UnitTestResult executionId="78fb986a-2005-4d61-b39b-5ea7801ec595" testId="c469455d-ad3a-4dca-b24b-9bef77adf4ed" testName="FormatToStringTest1000 (16161.963229990548,16161.96 zł)" computerName="DESKTOP-5URQ9PB" duration="00:00:00.0000062" startTime="2022-06-13T21:12:02.2205507+02:00" endTime="2022-06-13T21:12:02.2206209+02:00" testType="13cdc9d9-ddb5-4fa4-a97d-d965ccfc6d4b" outcome="Passed" testListId="8c84fa94-04c1-424b-9868-57a2d4851a1d" relativeResultsDirectory="78fb986a-2005-4d61-b39b-5ea7801ec595" />
    <UnitTestResult executionId="3c153771-e034-4a3b-ad12-73a8f7d854fa" testId="5af8fdc6-25cd-468e-9bc4-585f92d7726c" testName="FormatToStringTest1000 (35145.379208063416,35145.38 zł)" computerName="DESKTOP-5URQ9PB" duration="00:00:00.0000091" startTime="2022-06-13T21:12:01.9877891+02:00" endTime="2022-06-13T21:12:01.9878984+02:00" testType="13cdc9d9-ddb5-4fa4-a97d-d965ccfc6d4b" outcome="Passed" testListId="8c84fa94-04c1-424b-9868-57a2d4851a1d" relativeResultsDirectory="3c153771-e034-4a3b-ad12-73a8f7d854fa" />
    <UnitTestResult executionId="2a19b9f1-dcb1-4f11-8f20-c9f3c4c181da" testId="b265bc08-8564-423c-8201-8450c41f06c2" testName="FormatToStringTest1000 (1662.8482664818168,1662.85 zł)" computerName="DESKTOP-5URQ9PB" duration="00:00:00.0000073" startTime="2022-06-13T21:12:02.2075867+02:00" endTime="2022-06-13T21:12:02.2076684+02:00" testType="13cdc9d9-ddb5-4fa4-a97d-d965ccfc6d4b" outcome="Passed" testListId="8c84fa94-04c1-424b-9868-57a2d4851a1d" relativeResultsDirectory="2a19b9f1-dcb1-4f11-8f20-c9f3c4c181da" />
    <UnitTestResult executionId="126bc724-295a-4cdc-b382-a0088ee7095d" testId="907ce7ac-63bb-4b5c-b08d-842ead4f94c8" testName="FormatToStringTest1000 (4648.492795337221,4648.49 zł)" computerName="DESKTOP-5URQ9PB" duration="00:00:00.0000063" startTime="2022-06-13T21:12:02.1042945+02:00" endTime="2022-06-13T21:12:02.1043631+02:00" testType="13cdc9d9-ddb5-4fa4-a97d-d965ccfc6d4b" outcome="Passed" testListId="8c84fa94-04c1-424b-9868-57a2d4851a1d" relativeResultsDirectory="126bc724-295a-4cdc-b382-a0088ee7095d" />
    <UnitTestResult executionId="cf920681-0806-4d69-a5c4-5b3b40680d20" testId="d4850733-1275-41cf-a47d-263861d96bbd" testName="FormatToStringTest1000 (317.9090540706688,317.91 zł)" computerName="DESKTOP-5URQ9PB" duration="00:00:00.0000234" startTime="2022-06-13T21:12:01.9872403+02:00" endTime="2022-06-13T21:12:01.9874563+02:00" testType="13cdc9d9-ddb5-4fa4-a97d-d965ccfc6d4b" outcome="Passed" testListId="8c84fa94-04c1-424b-9868-57a2d4851a1d" relativeResultsDirectory="cf920681-0806-4d69-a5c4-5b3b40680d20" />
    <UnitTestResult executionId="9dffd3f9-d6ce-4aba-82cf-797042093994" testId="7a991983-413c-45c0-8b2e-4f1ca7328e53" testName="FormatToStringTest1000 (22678.643495744862,22678.64 zł)" computerName="DESKTOP-5URQ9PB" duration="00:00:00.0000064" startTime="2022-06-13T21:12:02.2208106+02:00" endTime="2022-06-13T21:12:02.2208809+02:00" testType="13cdc9d9-ddb5-4fa4-a97d-d965ccfc6d4b" outcome="Passed" testListId="8c84fa94-04c1-424b-9868-57a2d4851a1d" relativeResultsDirectory="9dffd3f9-d6ce-4aba-82cf-797042093994" />
    <UnitTestResult executionId="bd98cf4f-794d-4c3f-828a-8c32e003ed02" testId="0ad19d43-685c-4554-8857-f66bd862915c" testName="FormatToStringTest1000 (58111.21259843521,58111.21 zł)" computerName="DESKTOP-5URQ9PB" duration="00:00:00.0000063" startTime="2022-06-13T21:12:02.0340111+02:00" endTime="2022-06-13T21:12:02.0340780+02:00" testType="13cdc9d9-ddb5-4fa4-a97d-d965ccfc6d4b" outcome="Passed" testListId="8c84fa94-04c1-424b-9868-57a2d4851a1d" relativeResultsDirectory="bd98cf4f-794d-4c3f-828a-8c32e003ed02" />
    <UnitTestResult executionId="f7927258-9627-4493-a31f-75115b10515a" testId="4b616091-2bad-45ad-8ea0-236d587c927a" testName="FormatToStringTest1000 (28298.945361683585,28298.95 zł)" computerName="DESKTOP-5URQ9PB" duration="00:00:00.0000063" startTime="2022-06-13T21:12:02.1476696+02:00" endTime="2022-06-13T21:12:02.1477366+02:00" testType="13cdc9d9-ddb5-4fa4-a97d-d965ccfc6d4b" outcome="Passed" testListId="8c84fa94-04c1-424b-9868-57a2d4851a1d" relativeResultsDirectory="f7927258-9627-4493-a31f-75115b10515a" />
    <UnitTestResult executionId="5fe9f03c-0fdc-4aa0-ad27-5813056431f7" testId="23ac4bb0-a158-4421-8d31-47598e272bf4" testName="FormatToStringTest1000 (18990.72499258012,18990.72 zł)" computerName="DESKTOP-5URQ9PB" duration="00:00:00.0000090" startTime="2022-06-13T21:12:01.9879247+02:00" endTime="2022-06-13T21:12:01.9880374+02:00" testType="13cdc9d9-ddb5-4fa4-a97d-d965ccfc6d4b" outcome="Passed" testListId="8c84fa94-04c1-424b-9868-57a2d4851a1d" relativeResultsDirectory="5fe9f03c-0fdc-4aa0-ad27-5813056431f7" />
    <UnitTestResult executionId="0ad80d60-e737-406a-b340-5d23c29f339a" testId="83c593e1-4c64-411e-a1a0-c5cd8f0f81b6" testName="FormatToStringTest1000 (3270.482477338743,3270.48 zł)" computerName="DESKTOP-5URQ9PB" duration="00:00:00.0000064" startTime="2022-06-13T21:12:02.2323728+02:00" endTime="2022-06-13T21:12:02.2324385+02:00" testType="13cdc9d9-ddb5-4fa4-a97d-d965ccfc6d4b" outcome="Passed" testListId="8c84fa94-04c1-424b-9868-57a2d4851a1d" relativeResultsDirectory="0ad80d60-e737-406a-b340-5d23c29f339a" />
    <UnitTestResult executionId="9d3d3b19-2560-4960-b6e8-ef3f87f80db6" testId="c5420c94-dd51-4175-862c-b0aea3cdd707" testName="FormatToStringTest1000 (8542.520616738833,8542.52 zł)" computerName="DESKTOP-5URQ9PB" duration="00:00:00.0000062" startTime="2022-06-13T21:12:02.2284249+02:00" endTime="2022-06-13T21:12:02.2284900+02:00" testType="13cdc9d9-ddb5-4fa4-a97d-d965ccfc6d4b" outcome="Passed" testListId="8c84fa94-04c1-424b-9868-57a2d4851a1d" relativeResultsDirectory="9d3d3b19-2560-4960-b6e8-ef3f87f80db6" />
    <UnitTestResult executionId="849c96df-1b56-4bef-bb80-0e7cc7bf19ae" testId="f74359f0-82a3-4e69-aaac-adefb11fe8a3" testName="FormatToStringTest1000 (835.1578487740633,835.16 zł)" computerName="DESKTOP-5URQ9PB" duration="00:00:00.0000349" startTime="2022-06-13T21:12:02.1748497+02:00" endTime="2022-06-13T21:12:02.1752277+02:00" testType="13cdc9d9-ddb5-4fa4-a97d-d965ccfc6d4b" outcome="Passed" testListId="8c84fa94-04c1-424b-9868-57a2d4851a1d" relativeResultsDirectory="849c96df-1b56-4bef-bb80-0e7cc7bf19ae" />
    <UnitTestResult executionId="a0f54aba-145b-4f87-b6b0-896139278a38" testId="b509f4ae-493d-4fe7-af8e-f219628a6a4e" testName="FormatToStringTest1000 (79388.929555234,79388.93 zł)" computerName="DESKTOP-5URQ9PB" duration="00:00:00.0000066" startTime="2022-06-13T21:12:02.2485191+02:00" endTime="2022-06-13T21:12:02.2485816+02:00" testType="13cdc9d9-ddb5-4fa4-a97d-d965ccfc6d4b" outcome="Passed" testListId="8c84fa94-04c1-424b-9868-57a2d4851a1d" relativeResultsDirectory="a0f54aba-145b-4f87-b6b0-896139278a38" />
    <UnitTestResult executionId="aff9d158-8338-4366-8788-6a1265211d48" testId="75fcdcb5-ba25-4fe7-bd33-6f18b08d5639" testName="FormatToStringTest1000 (29926.595417457444,29926.60 zł)" computerName="DESKTOP-5URQ9PB" duration="00:00:00.0000062" startTime="2022-06-13T21:12:02.2306984+02:00" endTime="2022-06-13T21:12:02.2307636+02:00" testType="13cdc9d9-ddb5-4fa4-a97d-d965ccfc6d4b" outcome="Passed" testListId="8c84fa94-04c1-424b-9868-57a2d4851a1d" relativeResultsDirectory="aff9d158-8338-4366-8788-6a1265211d48" />
    <UnitTestResult executionId="ffb8cf7a-0cae-4373-a667-e678fd630e48" testId="4620cd58-d924-424f-b891-2c44a8744823" testName="FormatToStringTest1000 (29474.095826699442,29474.10 zł)" computerName="DESKTOP-5URQ9PB" duration="00:00:00.0000071" startTime="2022-06-13T21:12:02.2838536+02:00" endTime="2022-06-13T21:12:02.2839237+02:00" testType="13cdc9d9-ddb5-4fa4-a97d-d965ccfc6d4b" outcome="Passed" testListId="8c84fa94-04c1-424b-9868-57a2d4851a1d" relativeResultsDirectory="ffb8cf7a-0cae-4373-a667-e678fd630e48" />
    <UnitTestResult executionId="ab3d66fe-00ac-463f-a5c5-a62d4f68a137" testId="f2354bbe-8e01-4382-8469-8c017055bb7c" testName="FormatToStringTest1000 (24528.124092612474,24528.12 zł)" computerName="DESKTOP-5URQ9PB" duration="00:00:00.0000064" startTime="2022-06-13T21:12:02.0751156+02:00" endTime="2022-06-13T21:12:02.0751825+02:00" testType="13cdc9d9-ddb5-4fa4-a97d-d965ccfc6d4b" outcome="Passed" testListId="8c84fa94-04c1-424b-9868-57a2d4851a1d" relativeResultsDirectory="ab3d66fe-00ac-463f-a5c5-a62d4f68a137" />
    <UnitTestResult executionId="87583ac5-0ebb-4140-bfa0-94968f64b611" testId="afa66f9f-6306-46d8-9936-535e2dc7455c" testName="FormatToStringTest1000 (22367.991005544547,22367.99 zł)" computerName="DESKTOP-5URQ9PB" duration="00:00:00.0000061" startTime="2022-06-13T21:12:02.2059336+02:00" endTime="2022-06-13T21:12:02.2059991+02:00" testType="13cdc9d9-ddb5-4fa4-a97d-d965ccfc6d4b" outcome="Passed" testListId="8c84fa94-04c1-424b-9868-57a2d4851a1d" relativeResultsDirectory="87583ac5-0ebb-4140-bfa0-94968f64b611" />
    <UnitTestResult executionId="efe8e08e-7d47-4473-a8c8-3e94a05475ae" testId="767536a5-3f43-4301-a2f9-3f2b53e1fb45" testName="FormatToStringTest1000 (25288.32036814574,25288.32 zł)" computerName="DESKTOP-5URQ9PB" duration="00:00:00.0000113" startTime="2022-06-13T21:12:02.2032084+02:00" endTime="2022-06-13T21:12:02.2033834+02:00" testType="13cdc9d9-ddb5-4fa4-a97d-d965ccfc6d4b" outcome="Passed" testListId="8c84fa94-04c1-424b-9868-57a2d4851a1d" relativeResultsDirectory="efe8e08e-7d47-4473-a8c8-3e94a05475ae" />
    <UnitTestResult executionId="326d32e5-db8a-4354-894d-c38ea4798c4b" testId="89100a2c-0ba6-4b81-8373-5ec3df1356de" testName="FormatToStringTest1000 (33970.38965150639,33970.39 zł)" computerName="DESKTOP-5URQ9PB" duration="00:00:00.0000063" startTime="2022-06-13T21:12:02.2386183+02:00" endTime="2022-06-13T21:12:02.2386826+02:00" testType="13cdc9d9-ddb5-4fa4-a97d-d965ccfc6d4b" outcome="Passed" testListId="8c84fa94-04c1-424b-9868-57a2d4851a1d" relativeResultsDirectory="326d32e5-db8a-4354-894d-c38ea4798c4b" />
    <UnitTestResult executionId="89e77d8f-1aec-466c-b3ce-0886400813bb" testId="83f7b4de-ed84-4815-a96b-93e2daa9b292" testName="FormatToStringTest1000 (12429.698213906819,12429.70 zł)" computerName="DESKTOP-5URQ9PB" duration="00:00:00.0000066" startTime="2022-06-13T21:12:02.1073629+02:00" endTime="2022-06-13T21:12:02.1074323+02:00" testType="13cdc9d9-ddb5-4fa4-a97d-d965ccfc6d4b" outcome="Passed" testListId="8c84fa94-04c1-424b-9868-57a2d4851a1d" relativeResultsDirectory="89e77d8f-1aec-466c-b3ce-0886400813bb" />
    <UnitTestResult executionId="86a46b82-4f46-44f7-a385-fc05dc2fd170" testId="13838353-c409-437f-b88b-18f6c70d5523" testName="FormatToStringTest1000 (5961.755129208674,5961.76 zł)" computerName="DESKTOP-5URQ9PB" duration="00:00:00.0000063" startTime="2022-06-13T21:12:02.1010423+02:00" endTime="2022-06-13T21:12:02.1011118+02:00" testType="13cdc9d9-ddb5-4fa4-a97d-d965ccfc6d4b" outcome="Passed" testListId="8c84fa94-04c1-424b-9868-57a2d4851a1d" relativeResultsDirectory="86a46b82-4f46-44f7-a385-fc05dc2fd170" />
    <UnitTestResult executionId="dad3f054-0395-4a44-8215-68b826c25f60" testId="85140935-a597-4d58-9c10-fcb3255e24c9" testName="FormatToStringTest1000 (20244.692955315437,20244.69 zł)" computerName="DESKTOP-5URQ9PB" duration="00:00:00.0000061" startTime="2022-06-13T21:12:01.9739726+02:00" endTime="2022-06-13T21:12:01.9740397+02:00" testType="13cdc9d9-ddb5-4fa4-a97d-d965ccfc6d4b" outcome="Passed" testListId="8c84fa94-04c1-424b-9868-57a2d4851a1d" relativeResultsDirectory="dad3f054-0395-4a44-8215-68b826c25f60" />
    <UnitTestResult executionId="bcce7ee7-ab53-42c0-aa01-21c2f4a2da71" testId="4d7aeca4-c612-476d-a094-40557f0ca8c8" testName="FormatToStringTest1000 (23662.291816162084,23662.29 zł)" computerName="DESKTOP-5URQ9PB" duration="00:00:00.0000063" startTime="2022-06-13T21:12:02.2608838+02:00" endTime="2022-06-13T21:12:02.2609571+02:00" testType="13cdc9d9-ddb5-4fa4-a97d-d965ccfc6d4b" outcome="Passed" testListId="8c84fa94-04c1-424b-9868-57a2d4851a1d" relativeResultsDirectory="bcce7ee7-ab53-42c0-aa01-21c2f4a2da71" />
    <UnitTestResult executionId="51c8e95a-5e5a-47d9-a93b-f192a47d0d87" testId="b3ec176a-de5b-40b4-9e43-0a27b1067ff7" testName="FormatToStringTest1000 (17418.31302247863,17418.31 zł)" computerName="DESKTOP-5URQ9PB" duration="00:00:00.0000062" startTime="2022-06-13T21:12:02.0747762+02:00" endTime="2022-06-13T21:12:02.0748437+02:00" testType="13cdc9d9-ddb5-4fa4-a97d-d965ccfc6d4b" outcome="Passed" testListId="8c84fa94-04c1-424b-9868-57a2d4851a1d" relativeResultsDirectory="51c8e95a-5e5a-47d9-a93b-f192a47d0d87" />
    <UnitTestResult executionId="6b3157d8-eb54-4722-8574-8d8bea45ffb3" testId="6ada5bdd-5882-4531-b6af-f8c3faa61ba5" testName="FormatToStringTest1000 (17000.070169619317,17000.07 zł)" computerName="DESKTOP-5URQ9PB" duration="00:00:00.0000062" startTime="2022-06-13T21:12:02.2841072+02:00" endTime="2022-06-13T21:12:02.2841724+02:00" testType="13cdc9d9-ddb5-4fa4-a97d-d965ccfc6d4b" outcome="Passed" testListId="8c84fa94-04c1-424b-9868-57a2d4851a1d" relativeResultsDirectory="6b3157d8-eb54-4722-8574-8d8bea45ffb3" />
    <UnitTestResult executionId="9fbcdc7a-ee8f-4d93-838d-a7c0856f83a1" testId="3293e391-8716-4ae8-b494-84500ea0729b" testName="FormatToStringTest1000 (964.9678631783313,964.97 zł)" computerName="DESKTOP-5URQ9PB" duration="00:00:00.0000069" startTime="2022-06-13T21:12:02.0611727+02:00" endTime="2022-06-13T21:12:02.0612631+02:00" testType="13cdc9d9-ddb5-4fa4-a97d-d965ccfc6d4b" outcome="Passed" testListId="8c84fa94-04c1-424b-9868-57a2d4851a1d" relativeResultsDirectory="9fbcdc7a-ee8f-4d93-838d-a7c0856f83a1" />
    <UnitTestResult executionId="32c82449-c811-43f0-adf0-065b52051094" testId="0b1ba838-882f-420f-b7d7-80b0f0ebdda2" testName="FormatToStringTest1000 (19519.4298413505,19519.43 zł)" computerName="DESKTOP-5URQ9PB" duration="00:00:00.0000062" startTime="2022-06-13T21:12:02.2588744+02:00" endTime="2022-06-13T21:12:02.2589364+02:00" testType="13cdc9d9-ddb5-4fa4-a97d-d965ccfc6d4b" outcome="Passed" testListId="8c84fa94-04c1-424b-9868-57a2d4851a1d" relativeResultsDirectory="32c82449-c811-43f0-adf0-065b52051094" />
    <UnitTestResult executionId="3db25830-aa55-4164-84a8-c2b12ebf9b7a" testId="2c4db837-20fb-4489-9505-1418dcbf6292" testName="FormatToStringTest1000 (9431.144757136304,9431.14 zł)" computerName="DESKTOP-5URQ9PB" duration="00:00:00.0000062" startTime="2022-06-13T21:12:02.0098794+02:00" endTime="2022-06-13T21:12:02.0099460+02:00" testType="13cdc9d9-ddb5-4fa4-a97d-d965ccfc6d4b" outcome="Passed" testListId="8c84fa94-04c1-424b-9868-57a2d4851a1d" relativeResultsDirectory="3db25830-aa55-4164-84a8-c2b12ebf9b7a" />
    <UnitTestResult executionId="74cd82fc-e847-416e-9d50-9fb01fa96852" testId="c4b52408-80be-46ce-a37c-be67cd6af101" testName="FormatToStringTest1000 (12949.590713378317,12949.59 zł)" computerName="DESKTOP-5URQ9PB" duration="00:00:00.0000064" startTime="2022-06-13T21:12:01.9535497+02:00" endTime="2022-06-13T21:12:01.9536191+02:00" testType="13cdc9d9-ddb5-4fa4-a97d-d965ccfc6d4b" outcome="Passed" testListId="8c84fa94-04c1-424b-9868-57a2d4851a1d" relativeResultsDirectory="74cd82fc-e847-416e-9d50-9fb01fa96852" />
    <UnitTestResult executionId="1b288dd6-26db-49f9-955e-db86da8b3b9f" testId="bc44c7b9-a3aa-468e-a42f-1716c1ce2228" testName="FormatToStringTest1000 (8347.417790138823,8347.42 zł)" computerName="DESKTOP-5URQ9PB" duration="00:00:00.0000067" startTime="2022-06-13T21:12:02.2266406+02:00" endTime="2022-06-13T21:12:02.2267055+02:00" testType="13cdc9d9-ddb5-4fa4-a97d-d965ccfc6d4b" outcome="Passed" testListId="8c84fa94-04c1-424b-9868-57a2d4851a1d" relativeResultsDirectory="1b288dd6-26db-49f9-955e-db86da8b3b9f" />
    <UnitTestResult executionId="09103832-d9a0-49c5-8a59-46ba1c10a9d5" testId="dc56e640-8bb2-4340-9c06-84df318743d4" testName="FormatToStringTest1000 (89093.57120939044,89093.57 zł)" computerName="DESKTOP-5URQ9PB" duration="00:00:00.0000062" startTime="2022-06-13T21:12:02.2385364+02:00" endTime="2022-06-13T21:12:02.2386007+02:00" testType="13cdc9d9-ddb5-4fa4-a97d-d965ccfc6d4b" outcome="Passed" testListId="8c84fa94-04c1-424b-9868-57a2d4851a1d" relativeResultsDirectory="09103832-d9a0-49c5-8a59-46ba1c10a9d5" />
    <UnitTestResult executionId="2cd725a5-bf02-421a-a016-81483ee05cfc" testId="771c74fb-52a9-4f54-974a-edc79f87be94" testName="FormatToStringTest1000 (23612.114499758984,23612.11 zł)" computerName="DESKTOP-5URQ9PB" duration="00:00:00.0000065" startTime="2022-06-13T21:12:02.0607999+02:00" endTime="2022-06-13T21:12:02.0608734+02:00" testType="13cdc9d9-ddb5-4fa4-a97d-d965ccfc6d4b" outcome="Passed" testListId="8c84fa94-04c1-424b-9868-57a2d4851a1d" relativeResultsDirectory="2cd725a5-bf02-421a-a016-81483ee05cfc" />
    <UnitTestResult executionId="3cd58429-2104-47aa-873a-2ef1621fc2ff" testId="df21e364-9b71-4f7f-ab3c-9b2c5141b296" testName="FormatToStringTest1000 (37954.34384365396,37954.34 zł)" computerName="DESKTOP-5URQ9PB" duration="00:00:00.0000072" startTime="2022-06-13T21:12:02.2500242+02:00" endTime="2022-06-13T21:12:02.2501054+02:00" testType="13cdc9d9-ddb5-4fa4-a97d-d965ccfc6d4b" outcome="Passed" testListId="8c84fa94-04c1-424b-9868-57a2d4851a1d" relativeResultsDirectory="3cd58429-2104-47aa-873a-2ef1621fc2ff" />
    <UnitTestResult executionId="e489cda2-4b86-4371-a88e-a9e1bbf106f2" testId="0e7e0d53-efed-47b2-b44a-127a9140083b" testName="FormatToStringTest1000 (59919.71489415491,59919.71 zł)" computerName="DESKTOP-5URQ9PB" duration="00:00:00.0000104" startTime="2022-06-13T21:12:02.1954151+02:00" endTime="2022-06-13T21:12:02.1955421+02:00" testType="13cdc9d9-ddb5-4fa4-a97d-d965ccfc6d4b" outcome="Passed" testListId="8c84fa94-04c1-424b-9868-57a2d4851a1d" relativeResultsDirectory="e489cda2-4b86-4371-a88e-a9e1bbf106f2" />
    <UnitTestResult executionId="07405bce-4615-4648-a9ee-572c87c1593d" testId="e383f0d6-5772-4618-9c9c-5e60e4c82702" testName="FormatToStringTest1000 (13508.811787825922,13508.81 zł)" computerName="DESKTOP-5URQ9PB" duration="00:00:00.0000072" startTime="2022-06-13T21:12:02.2561743+02:00" endTime="2022-06-13T21:12:02.2562455+02:00" testType="13cdc9d9-ddb5-4fa4-a97d-d965ccfc6d4b" outcome="Passed" testListId="8c84fa94-04c1-424b-9868-57a2d4851a1d" relativeResultsDirectory="07405bce-4615-4648-a9ee-572c87c1593d" />
    <UnitTestResult executionId="95628c2d-0649-4f33-9728-274479522359" testId="fc9e8d9f-d9a6-4f00-bd37-1338f866679a" testName="FormatToStringTest1000 (37387.37521261972,37387.38 zł)" computerName="DESKTOP-5URQ9PB" duration="00:00:00.0000110" startTime="2022-06-13T21:12:02.2237898+02:00" endTime="2022-06-13T21:12:02.2239489+02:00" testType="13cdc9d9-ddb5-4fa4-a97d-d965ccfc6d4b" outcome="Passed" testListId="8c84fa94-04c1-424b-9868-57a2d4851a1d" relativeResultsDirectory="95628c2d-0649-4f33-9728-274479522359" />
    <UnitTestResult executionId="2128b6ed-b526-4e83-af55-140f1a729366" testId="b3bbb3af-375d-4e6f-aa7d-1ad47989fa40" testName="FormatToStringTest1000 (25990.318498101697,25990.32 zł)" computerName="DESKTOP-5URQ9PB" duration="00:00:00.0000064" startTime="2022-06-13T21:12:01.9735481+02:00" endTime="2022-06-13T21:12:01.9736160+02:00" testType="13cdc9d9-ddb5-4fa4-a97d-d965ccfc6d4b" outcome="Passed" testListId="8c84fa94-04c1-424b-9868-57a2d4851a1d" relativeResultsDirectory="2128b6ed-b526-4e83-af55-140f1a729366" />
    <UnitTestResult executionId="87922711-9c1e-4735-af9c-b6a4044f3faa" testId="648aef6e-411d-4769-aff2-b478257055e2" testName="FormatToStringTest1000 (22533.17694295811,22533.18 zł)" computerName="DESKTOP-5URQ9PB" duration="00:00:00.0000077" startTime="2022-06-13T21:12:02.2804877+02:00" endTime="2022-06-13T21:12:02.2805564+02:00" testType="13cdc9d9-ddb5-4fa4-a97d-d965ccfc6d4b" outcome="Passed" testListId="8c84fa94-04c1-424b-9868-57a2d4851a1d" relativeResultsDirectory="87922711-9c1e-4735-af9c-b6a4044f3faa" />
    <UnitTestResult executionId="6a9e40b4-f973-4c42-b4fd-e25a46f5e1e9" testId="7abc6cde-233c-4dfd-8181-81bc5709c568" testName="FormatToStringTest1000 (34136.0993783046,34136.10 zł)" computerName="DESKTOP-5URQ9PB" duration="00:00:00.0000070" startTime="2022-06-13T21:12:02.0417170+02:00" endTime="2022-06-13T21:12:02.0417828+02:00" testType="13cdc9d9-ddb5-4fa4-a97d-d965ccfc6d4b" outcome="Passed" testListId="8c84fa94-04c1-424b-9868-57a2d4851a1d" relativeResultsDirectory="6a9e40b4-f973-4c42-b4fd-e25a46f5e1e9" />
    <UnitTestResult executionId="7b7d1f13-d96a-4fc6-a090-91168bdab136" testId="c5143763-f29b-4fa6-b330-d6da043e0611" testName="FormatToStringTest1000 (9816.961298880615,9816.96 zł)" computerName="DESKTOP-5URQ9PB" duration="00:00:00.0000063" startTime="2022-06-13T21:12:01.9534584+02:00" endTime="2022-06-13T21:12:01.9535267+02:00" testType="13cdc9d9-ddb5-4fa4-a97d-d965ccfc6d4b" outcome="Passed" testListId="8c84fa94-04c1-424b-9868-57a2d4851a1d" relativeResultsDirectory="7b7d1f13-d96a-4fc6-a090-91168bdab136" />
    <UnitTestResult executionId="b64a7d35-6713-4c52-8914-7f5ce23e819f" testId="29cff2f7-3b20-4d7e-a031-8e4b693f061e" testName="FormatToStringTest1000 (32812.53695512634,32812.54 zł)" computerName="DESKTOP-5URQ9PB" duration="00:00:00.0000118" startTime="2022-06-13T21:12:02.0839556+02:00" endTime="2022-06-13T21:12:02.0841047+02:00" testType="13cdc9d9-ddb5-4fa4-a97d-d965ccfc6d4b" outcome="Passed" testListId="8c84fa94-04c1-424b-9868-57a2d4851a1d" relativeResultsDirectory="b64a7d35-6713-4c52-8914-7f5ce23e819f" />
    <UnitTestResult executionId="050b8694-1cf1-4738-a132-60b3825ea42d" testId="9ec7b163-5e71-407a-bf02-2f04730d0f6a" testName="FormatToStringTest1000 (34096.337879508894,34096.34 zł)" computerName="DESKTOP-5URQ9PB" duration="00:00:00.0000062" startTime="2022-06-13T21:12:01.9706956+02:00" endTime="2022-06-13T21:12:01.9707627+02:00" testType="13cdc9d9-ddb5-4fa4-a97d-d965ccfc6d4b" outcome="Passed" testListId="8c84fa94-04c1-424b-9868-57a2d4851a1d" relativeResultsDirectory="050b8694-1cf1-4738-a132-60b3825ea42d" />
    <UnitTestResult executionId="8630c37c-d4f7-4d94-99ee-2bfa1704f15c" testId="3dd0ec9f-f354-46ab-8248-58a16a914c10" testName="FormatToStringTest1000 (33699.13042082038,33699.13 zł)" computerName="DESKTOP-5URQ9PB" duration="00:00:00.0000070" startTime="2022-06-13T21:12:02.2096812+02:00" endTime="2022-06-13T21:12:02.2097612+02:00" testType="13cdc9d9-ddb5-4fa4-a97d-d965ccfc6d4b" outcome="Passed" testListId="8c84fa94-04c1-424b-9868-57a2d4851a1d" relativeResultsDirectory="8630c37c-d4f7-4d94-99ee-2bfa1704f15c" />
    <UnitTestResult executionId="29967cd6-e7fd-4640-898c-181822733811" testId="f62f0ba8-00d8-425e-8139-bf1005d869da" testName="FormatToStringTest1000 (24825.207513729205,24825.21 zł)" computerName="DESKTOP-5URQ9PB" duration="00:00:00.0000062" startTime="2022-06-13T21:12:02.1618249+02:00" endTime="2022-06-13T21:12:02.1618919+02:00" testType="13cdc9d9-ddb5-4fa4-a97d-d965ccfc6d4b" outcome="Passed" testListId="8c84fa94-04c1-424b-9868-57a2d4851a1d" relativeResultsDirectory="29967cd6-e7fd-4640-898c-181822733811" />
    <UnitTestResult executionId="92b871c7-9058-42f8-90fc-55e7c8cf1776" testId="5025028f-f357-4d5b-9209-77c77c78ade9" testName="FormatToStringTest1000 (27050.586848031067,27050.59 zł)" computerName="DESKTOP-5URQ9PB" duration="00:00:00.0000064" startTime="2022-06-13T21:12:01.9536370+02:00" endTime="2022-06-13T21:12:01.9537047+02:00" testType="13cdc9d9-ddb5-4fa4-a97d-d965ccfc6d4b" outcome="Passed" testListId="8c84fa94-04c1-424b-9868-57a2d4851a1d" relativeResultsDirectory="92b871c7-9058-42f8-90fc-55e7c8cf1776" />
    <UnitTestResult executionId="3fe7bca4-8f51-4962-a7c5-7ef9d68ec61e" testId="21611d5b-e840-4b92-baba-7627c660e8fc" testName="FormatToStringTest1000 (13855.30239352505,13855.30 zł)" computerName="DESKTOP-5URQ9PB" duration="00:00:00.0000066" startTime="2022-06-13T21:12:02.0507468+02:00" endTime="2022-06-13T21:12:02.0508159+02:00" testType="13cdc9d9-ddb5-4fa4-a97d-d965ccfc6d4b" outcome="Passed" testListId="8c84fa94-04c1-424b-9868-57a2d4851a1d" relativeResultsDirectory="3fe7bca4-8f51-4962-a7c5-7ef9d68ec61e" />
    <UnitTestResult executionId="0b015585-a1a6-4786-bbf4-b098a2ad0b9c" testId="42c069d5-9797-45e9-9718-21e813e511a1" testName="FormatToStringTest1000 (1613.6903705837626,1613.69 zł)" computerName="DESKTOP-5URQ9PB" duration="00:00:00.0000062" startTime="2022-06-13T21:12:02.1415760+02:00" endTime="2022-06-13T21:12:02.1416427+02:00" testType="13cdc9d9-ddb5-4fa4-a97d-d965ccfc6d4b" outcome="Passed" testListId="8c84fa94-04c1-424b-9868-57a2d4851a1d" relativeResultsDirectory="0b015585-a1a6-4786-bbf4-b098a2ad0b9c" />
    <UnitTestResult executionId="864ec788-53c9-4cc8-b0cb-b58273a75520" testId="5660f2ca-1700-4527-8b51-cae21444f917" testName="FormatToStringTest1000 (25116.590135570892,25116.59 zł)" computerName="DESKTOP-5URQ9PB" duration="00:00:00.0000063" startTime="2022-06-13T21:12:02.0876018+02:00" endTime="2022-06-13T21:12:02.0876691+02:00" testType="13cdc9d9-ddb5-4fa4-a97d-d965ccfc6d4b" outcome="Passed" testListId="8c84fa94-04c1-424b-9868-57a2d4851a1d" relativeResultsDirectory="864ec788-53c9-4cc8-b0cb-b58273a75520" />
    <UnitTestResult executionId="ec71fae9-4867-4097-8f29-181899d111bb" testId="adbc9a70-44ff-4a9a-bb73-5a8b97f8963c" testName="FormatToStringTest1000 (20752.33758466334,20752.34 zł)" computerName="DESKTOP-5URQ9PB" duration="00:00:00.0000069" startTime="2022-06-13T21:12:02.0842213+02:00" endTime="2022-06-13T21:12:02.0843064+02:00" testType="13cdc9d9-ddb5-4fa4-a97d-d965ccfc6d4b" outcome="Passed" testListId="8c84fa94-04c1-424b-9868-57a2d4851a1d" relativeResultsDirectory="ec71fae9-4867-4097-8f29-181899d111bb" />
    <UnitTestResult executionId="1ddeb04a-80c3-43dc-80c1-2a3329782f34" testId="4ba4c663-7b32-4e30-979b-4e661cffe78e" testName="FormatToStringTest1000 (79339.95632144621,79339.96 zł)" computerName="DESKTOP-5URQ9PB" duration="00:00:00.0000062" startTime="2022-06-13T21:12:02.2864894+02:00" endTime="2022-06-13T21:12:02.2865538+02:00" testType="13cdc9d9-ddb5-4fa4-a97d-d965ccfc6d4b" outcome="Passed" testListId="8c84fa94-04c1-424b-9868-57a2d4851a1d" relativeResultsDirectory="1ddeb04a-80c3-43dc-80c1-2a3329782f34" />
    <UnitTestResult executionId="98d22ee0-face-4b20-9107-d482a8d1d00d" testId="0227337b-2bf1-47e2-a882-d2e507b7d12a" testName="FormatToStringTest1000 (22666.13578912995,22666.14 zł)" computerName="DESKTOP-5URQ9PB" duration="00:00:00.0000065" startTime="2022-06-13T21:12:01.9578340+02:00" endTime="2022-06-13T21:12:01.9579157+02:00" testType="13cdc9d9-ddb5-4fa4-a97d-d965ccfc6d4b" outcome="Passed" testListId="8c84fa94-04c1-424b-9868-57a2d4851a1d" relativeResultsDirectory="98d22ee0-face-4b20-9107-d482a8d1d00d" />
    <UnitTestResult executionId="8f9b3fd8-3e72-4ad8-b8b3-f933627f8000" testId="164e65ab-0183-4722-bd47-4229dae3db70" testName="FormatToStringTest1000 (50413.517583300134,50413.52 zł)" computerName="DESKTOP-5URQ9PB" duration="00:00:00.0000090" startTime="2022-06-13T21:12:02.2102968+02:00" endTime="2022-06-13T21:12:02.2103997+02:00" testType="13cdc9d9-ddb5-4fa4-a97d-d965ccfc6d4b" outcome="Passed" testListId="8c84fa94-04c1-424b-9868-57a2d4851a1d" relativeResultsDirectory="8f9b3fd8-3e72-4ad8-b8b3-f933627f8000" />
    <UnitTestResult executionId="0deb5b01-bec2-4152-a01a-290e365d3d41" testId="3cc34cd3-bac4-4909-8e56-f8b0f1b40e38" testName="FormatToStringTest1000 (10775.728533390784,10775.73 zł)" computerName="DESKTOP-5URQ9PB" duration="00:00:00.0000062" startTime="2022-06-13T21:12:02.1347674+02:00" endTime="2022-06-13T21:12:02.1348362+02:00" testType="13cdc9d9-ddb5-4fa4-a97d-d965ccfc6d4b" outcome="Passed" testListId="8c84fa94-04c1-424b-9868-57a2d4851a1d" relativeResultsDirectory="0deb5b01-bec2-4152-a01a-290e365d3d41" />
    <UnitTestResult executionId="43e89ea1-7cb2-4710-b7a3-5db459a65d59" testId="eae31370-9a61-43ef-b8a9-1bf061532599" testName="FormatToStringTest1000 (16571.355536101553,16571.36 zł)" computerName="DESKTOP-5URQ9PB" duration="00:00:00.0000063" startTime="2022-06-13T21:12:02.0131561+02:00" endTime="2022-06-13T21:12:02.0132290+02:00" testType="13cdc9d9-ddb5-4fa4-a97d-d965ccfc6d4b" outcome="Passed" testListId="8c84fa94-04c1-424b-9868-57a2d4851a1d" relativeResultsDirectory="43e89ea1-7cb2-4710-b7a3-5db459a65d59" />
    <UnitTestResult executionId="31cf959f-deab-432b-b84c-61fe59907b13" testId="7b6dda8d-205e-49f7-854a-7540429f1c71" testName="FormatToStringTest1000 (37528.70144368368,37528.70 zł)" computerName="DESKTOP-5URQ9PB" duration="00:00:00.0000070" startTime="2022-06-13T21:12:02.0065245+02:00" endTime="2022-06-13T21:12:02.0065926+02:00" testType="13cdc9d9-ddb5-4fa4-a97d-d965ccfc6d4b" outcome="Passed" testListId="8c84fa94-04c1-424b-9868-57a2d4851a1d" relativeResultsDirectory="31cf959f-deab-432b-b84c-61fe59907b13" />
    <UnitTestResult executionId="d8ae1ad0-626a-4fe5-9f5d-5fa1cd70416d" testId="ab468f55-7643-48be-a7b9-fea904f24644" testName="FormatToStringTest1000 (19873.59831658453,19873.60 zł)" computerName="DESKTOP-5URQ9PB" duration="00:00:00.0000061" startTime="2022-06-13T21:12:02.2364492+02:00" endTime="2022-06-13T21:12:02.2365148+02:00" testType="13cdc9d9-ddb5-4fa4-a97d-d965ccfc6d4b" outcome="Passed" testListId="8c84fa94-04c1-424b-9868-57a2d4851a1d" relativeResultsDirectory="d8ae1ad0-626a-4fe5-9f5d-5fa1cd70416d" />
    <UnitTestResult executionId="8a6d91f7-f256-4a17-892a-1593f14c10b8" testId="542e64f8-794c-44ba-80dc-d082bcb6fdcc" testName="FormatToStringTest1000 (23023.74724929768,23023.75 zł)" computerName="DESKTOP-5URQ9PB" duration="00:00:00.0000287" startTime="2022-06-13T21:12:02.1881064+02:00" endTime="2022-06-13T21:12:02.1882974+02:00" testType="13cdc9d9-ddb5-4fa4-a97d-d965ccfc6d4b" outcome="Passed" testListId="8c84fa94-04c1-424b-9868-57a2d4851a1d" relativeResultsDirectory="8a6d91f7-f256-4a17-892a-1593f14c10b8" />
    <UnitTestResult executionId="da0a510b-2aef-4a41-8788-0cc0137ad243" testId="98b22d34-e59c-426e-bea4-7afbde80aee2" testName="FormatToStringTest1000 (47025.6224095177,47025.62 zł)" computerName="DESKTOP-5URQ9PB" duration="00:00:00.0000064" startTime="2022-06-13T21:12:02.0512604+02:00" endTime="2022-06-13T21:12:02.0513256+02:00" testType="13cdc9d9-ddb5-4fa4-a97d-d965ccfc6d4b" outcome="Passed" testListId="8c84fa94-04c1-424b-9868-57a2d4851a1d" relativeResultsDirectory="da0a510b-2aef-4a41-8788-0cc0137ad243" />
    <UnitTestResult executionId="97ed366c-7b04-41e7-8ab3-6db0ff973eba" testId="28cf9bae-e125-4d42-86f7-f99128fac5b2" testName="FormatToStringTest1000 (79.6815319544084,79.68 zł)" computerName="DESKTOP-5URQ9PB" duration="00:00:00.0000178" startTime="2022-06-13T21:12:01.9530498+02:00" endTime="2022-06-13T21:12:01.9532231+02:00" testType="13cdc9d9-ddb5-4fa4-a97d-d965ccfc6d4b" outcome="Passed" testListId="8c84fa94-04c1-424b-9868-57a2d4851a1d" relativeResultsDirectory="97ed366c-7b04-41e7-8ab3-6db0ff973eba" />
    <UnitTestResult executionId="7ea2d43b-10e1-4ab7-9ec5-53d4d8c9033c" testId="46d8155e-7b18-45c4-8b8b-45d212093b18" testName="FormatToStringTest1000 (27506.397047390416,27506.40 zł)" computerName="DESKTOP-5URQ9PB" duration="00:00:00.0000060" startTime="2022-06-13T21:12:02.0280974+02:00" endTime="2022-06-13T21:12:02.0281648+02:00" testType="13cdc9d9-ddb5-4fa4-a97d-d965ccfc6d4b" outcome="Passed" testListId="8c84fa94-04c1-424b-9868-57a2d4851a1d" relativeResultsDirectory="7ea2d43b-10e1-4ab7-9ec5-53d4d8c9033c" />
    <UnitTestResult executionId="3d61f290-6dbf-4761-82b0-94b104d4bb4b" testId="849fef2e-73fb-4cc4-be4b-870d3eda4cc1" testName="FormatToStringTest1000 (19397.344749736294,19397.34 zł)" computerName="DESKTOP-5URQ9PB" duration="00:00:00.0000063" startTime="2022-06-13T21:12:02.2701449+02:00" endTime="2022-06-13T21:12:02.2702094+02:00" testType="13cdc9d9-ddb5-4fa4-a97d-d965ccfc6d4b" outcome="Passed" testListId="8c84fa94-04c1-424b-9868-57a2d4851a1d" relativeResultsDirectory="3d61f290-6dbf-4761-82b0-94b104d4bb4b" />
    <UnitTestResult executionId="9b8a2bd5-20b2-431f-a238-b59f1f2d31aa" testId="a79daff4-725d-46d5-a1e5-bf250ea04703" testName="FormatToStringTest1000 (44677.61946778074,44677.62 zł)" computerName="DESKTOP-5URQ9PB" duration="00:00:00.0000061" startTime="2022-06-13T21:12:02.0513429+02:00" endTime="2022-06-13T21:12:02.0514094+02:00" testType="13cdc9d9-ddb5-4fa4-a97d-d965ccfc6d4b" outcome="Passed" testListId="8c84fa94-04c1-424b-9868-57a2d4851a1d" relativeResultsDirectory="9b8a2bd5-20b2-431f-a238-b59f1f2d31aa" />
    <UnitTestResult executionId="1048b4c1-8bfc-46ca-8853-06a570f2e8d6" testId="b7b99342-e4f5-46b8-b40a-8efa1d600613" testName="FormatToStringTest1000 (2835.0728237931958,2835.07 zł)" computerName="DESKTOP-5URQ9PB" duration="00:00:00.0000063" startTime="2022-06-13T21:12:02.1960724+02:00" endTime="2022-06-13T21:12:02.1961394+02:00" testType="13cdc9d9-ddb5-4fa4-a97d-d965ccfc6d4b" outcome="Passed" testListId="8c84fa94-04c1-424b-9868-57a2d4851a1d" relativeResultsDirectory="1048b4c1-8bfc-46ca-8853-06a570f2e8d6" />
    <UnitTestResult executionId="5d3af3e2-4750-4db7-96fc-d4f6ff8ab827" testId="b0d1c656-4d0a-49ea-bf1c-f4b226dc0349" testName="FormatToStringTest1000 (23120.169499649743,23120.17 zł)" computerName="DESKTOP-5URQ9PB" duration="00:00:00.0000067" startTime="2022-06-13T21:12:02.2565741+02:00" endTime="2022-06-13T21:12:02.2566570+02:00" testType="13cdc9d9-ddb5-4fa4-a97d-d965ccfc6d4b" outcome="Passed" testListId="8c84fa94-04c1-424b-9868-57a2d4851a1d" relativeResultsDirectory="5d3af3e2-4750-4db7-96fc-d4f6ff8ab827" />
    <UnitTestResult executionId="454deb9f-6b34-4d0d-b44d-1faadfbe24d2" testId="3a662620-6307-4d78-9a03-5d9a8575ec2c" testName="FormatToStringTest1000 (26215.613055301183,26215.61 zł)" computerName="DESKTOP-5URQ9PB" duration="00:00:00.0000068" startTime="2022-06-13T21:12:02.1956530+02:00" endTime="2022-06-13T21:12:02.1957205+02:00" testType="13cdc9d9-ddb5-4fa4-a97d-d965ccfc6d4b" outcome="Passed" testListId="8c84fa94-04c1-424b-9868-57a2d4851a1d" relativeResultsDirectory="454deb9f-6b34-4d0d-b44d-1faadfbe24d2" />
    <UnitTestResult executionId="be652eff-90fe-47d4-8d63-711df854002a" testId="941dc640-74d3-45b6-bc8c-a4bd682506f8" testName="FormatToStringTest1000 (95353.10327693219,95353.10 zł)" computerName="DESKTOP-5URQ9PB" duration="00:00:00.0000064" startTime="2022-06-13T21:12:02.0275872+02:00" endTime="2022-06-13T21:12:02.0276559+02:00" testType="13cdc9d9-ddb5-4fa4-a97d-d965ccfc6d4b" outcome="Passed" testListId="8c84fa94-04c1-424b-9868-57a2d4851a1d" relativeResultsDirectory="be652eff-90fe-47d4-8d63-711df854002a" />
    <UnitTestResult executionId="b03a135c-aa47-4e17-b758-96d93c04b28e" testId="1a3bb2df-6aee-4734-b7bb-a21d47b8c964" testName="FormatToStringTest1000 (3506.8456124108498,3506.85 zł)" computerName="DESKTOP-5URQ9PB" duration="00:00:00.0000094" startTime="2022-06-13T21:12:02.0157148+02:00" endTime="2022-06-13T21:12:02.0158254+02:00" testType="13cdc9d9-ddb5-4fa4-a97d-d965ccfc6d4b" outcome="Passed" testListId="8c84fa94-04c1-424b-9868-57a2d4851a1d" relativeResultsDirectory="b03a135c-aa47-4e17-b758-96d93c04b28e" />
    <UnitTestResult executionId="540c9b50-e8de-4c91-b3c8-bd69f09e18d0" testId="2c8aaa1e-ba17-4831-a4c2-4989e1097d2a" testName="FormatToStringTest1000 (16030.852371789913,16030.85 zł)" computerName="DESKTOP-5URQ9PB" duration="00:00:00.0000093" startTime="2022-06-13T21:12:02.0029311+02:00" endTime="2022-06-13T21:12:02.0030459+02:00" testType="13cdc9d9-ddb5-4fa4-a97d-d965ccfc6d4b" outcome="Passed" testListId="8c84fa94-04c1-424b-9868-57a2d4851a1d" relativeResultsDirectory="540c9b50-e8de-4c91-b3c8-bd69f09e18d0" />
    <UnitTestResult executionId="132d9f24-2ca4-4028-8258-5ff17fab4854" testId="700546f2-2a31-4bb4-94f9-1923a0975a40" testName="FormatToStringTest1000 (18596.12661189033,18596.13 zł)" computerName="DESKTOP-5URQ9PB" duration="00:00:00.0000065" startTime="2022-06-13T21:12:02.1909405+02:00" endTime="2022-06-13T21:12:02.1910124+02:00" testType="13cdc9d9-ddb5-4fa4-a97d-d965ccfc6d4b" outcome="Passed" testListId="8c84fa94-04c1-424b-9868-57a2d4851a1d" relativeResultsDirectory="132d9f24-2ca4-4028-8258-5ff17fab4854" />
    <UnitTestResult executionId="a1ce919d-88a6-4094-99a3-e1e5d83acaaf" testId="f805aea4-74e3-415e-96c9-949e9373fe6a" testName="FormatToStringTest1000 (28306.369434126827,28306.37 zł)" computerName="DESKTOP-5URQ9PB" duration="00:00:00.0000064" startTime="2022-06-13T21:12:02.2758167+02:00" endTime="2022-06-13T21:12:02.2758832+02:00" testType="13cdc9d9-ddb5-4fa4-a97d-d965ccfc6d4b" outcome="Passed" testListId="8c84fa94-04c1-424b-9868-57a2d4851a1d" relativeResultsDirectory="a1ce919d-88a6-4094-99a3-e1e5d83acaaf" />
    <UnitTestResult executionId="61e163d6-91bf-4d3d-a867-bb40d0ced285" testId="b97c4047-059f-4f68-8725-1c75925c896c" testName="FormatToStringTest1000 (58848.60825001477,58848.61 zł)" computerName="DESKTOP-5URQ9PB" duration="00:00:00.0000164" startTime="2022-06-13T21:12:01.9819135+02:00" endTime="2022-06-13T21:12:01.9821359+02:00" testType="13cdc9d9-ddb5-4fa4-a97d-d965ccfc6d4b" outcome="Passed" testListId="8c84fa94-04c1-424b-9868-57a2d4851a1d" relativeResultsDirectory="61e163d6-91bf-4d3d-a867-bb40d0ced285" />
    <UnitTestResult executionId="6ff108de-5021-4606-9df2-bb9e54064d7e" testId="4757d308-3a4f-488c-9f9c-8b307e2ca805" testName="FormatToStringTest1000 (1884.4923513031063,1884.49 zł)" computerName="DESKTOP-5URQ9PB" duration="00:00:00.0000077" startTime="2022-06-13T21:12:02.1621642+02:00" endTime="2022-06-13T21:12:02.1622414+02:00" testType="13cdc9d9-ddb5-4fa4-a97d-d965ccfc6d4b" outcome="Passed" testListId="8c84fa94-04c1-424b-9868-57a2d4851a1d" relativeResultsDirectory="6ff108de-5021-4606-9df2-bb9e54064d7e" />
    <UnitTestResult executionId="75e64760-dfc9-4eb1-aa86-6054f2af453b" testId="ae86d7ad-3488-42b8-a42a-b47b493a2581" testName="FormatToStringTest1000 (15669.698889610218,15669.70 zł)" computerName="DESKTOP-5URQ9PB" duration="00:00:00.0000074" startTime="2022-06-13T21:12:02.2479938+02:00" endTime="2022-06-13T21:12:02.2480776+02:00" testType="13cdc9d9-ddb5-4fa4-a97d-d965ccfc6d4b" outcome="Passed" testListId="8c84fa94-04c1-424b-9868-57a2d4851a1d" relativeResultsDirectory="75e64760-dfc9-4eb1-aa86-6054f2af453b" />
    <UnitTestResult executionId="b3547b30-392d-41d7-8930-ac593545d7a8" testId="8890e7b7-f482-4e20-80f8-b3f99845f768" testName="FormatToStringTest1000 (10501.127379151585,10501.13 zł)" computerName="DESKTOP-5URQ9PB" duration="00:00:00.0000065" startTime="2022-06-13T21:12:02.0972161+02:00" endTime="2022-06-13T21:12:02.0972947+02:00" testType="13cdc9d9-ddb5-4fa4-a97d-d965ccfc6d4b" outcome="Passed" testListId="8c84fa94-04c1-424b-9868-57a2d4851a1d" relativeResultsDirectory="b3547b30-392d-41d7-8930-ac593545d7a8" />
    <UnitTestResult executionId="0ca1e1d4-878e-4b13-a813-34bf6484d57c" testId="32ade40f-5876-462a-bd44-9e04a83dc9b3" testName="FormatToStringTest1000 (32218.080508120394,32218.08 zł)" computerName="DESKTOP-5URQ9PB" duration="00:00:00.0000092" startTime="2022-06-13T21:12:01.9932464+02:00" endTime="2022-06-13T21:12:01.9933234+02:00" testType="13cdc9d9-ddb5-4fa4-a97d-d965ccfc6d4b" outcome="Passed" testListId="8c84fa94-04c1-424b-9868-57a2d4851a1d" relativeResultsDirectory="0ca1e1d4-878e-4b13-a813-34bf6484d57c" />
    <UnitTestResult executionId="6343464d-c6a8-49ae-8b53-65d6de06bf3b" testId="b0d885ff-e64f-41be-8fe9-2a855f9cb210" testName="FormatToStringTest1000 (50644.690874327294,50644.69 zł)" computerName="DESKTOP-5URQ9PB" duration="00:00:00.0000061" startTime="2022-06-13T21:12:02.2465494+02:00" endTime="2022-06-13T21:12:02.2466139+02:00" testType="13cdc9d9-ddb5-4fa4-a97d-d965ccfc6d4b" outcome="Passed" testListId="8c84fa94-04c1-424b-9868-57a2d4851a1d" relativeResultsDirectory="6343464d-c6a8-49ae-8b53-65d6de06bf3b" />
    <UnitTestResult executionId="ce4060d8-c333-4b8e-8bcc-9d0c9798c1d9" testId="41e69a69-6a95-4073-8148-783bdb8bd98e" testName="FormatToStringTest1000 (27751.474436297303,27751.47 zł)" computerName="DESKTOP-5URQ9PB" duration="00:00:00.0000061" startTime="2022-06-13T21:12:02.2285063+02:00" endTime="2022-06-13T21:12:02.2285713+02:00" testType="13cdc9d9-ddb5-4fa4-a97d-d965ccfc6d4b" outcome="Passed" testListId="8c84fa94-04c1-424b-9868-57a2d4851a1d" relativeResultsDirectory="ce4060d8-c333-4b8e-8bcc-9d0c9798c1d9" />
    <UnitTestResult executionId="e8f7bc24-730a-410d-8d3d-4c048bf06e66" testId="407e6b99-b7a9-4dd6-aa92-0c5e628ae328" testName="FormatToStringTest1000 (6352.983758103561,6352.98 zł)" computerName="DESKTOP-5URQ9PB" duration="00:00:00.0000070" startTime="2022-06-13T21:12:02.2560798+02:00" endTime="2022-06-13T21:12:02.2561565+02:00" testType="13cdc9d9-ddb5-4fa4-a97d-d965ccfc6d4b" outcome="Passed" testListId="8c84fa94-04c1-424b-9868-57a2d4851a1d" relativeResultsDirectory="e8f7bc24-730a-410d-8d3d-4c048bf06e66" />
    <UnitTestResult executionId="23a8b209-eb63-457d-b7ee-358d2a922028" testId="95ce6294-5c49-4a19-94e9-5e3bb3f59ef4" testName="FormatToStringTest1000 (48684.26840475959,48684.27 zł)" computerName="DESKTOP-5URQ9PB" duration="00:00:00.0000061" startTime="2022-06-13T21:12:02.2080175+02:00" endTime="2022-06-13T21:12:02.2080831+02:00" testType="13cdc9d9-ddb5-4fa4-a97d-d965ccfc6d4b" outcome="Passed" testListId="8c84fa94-04c1-424b-9868-57a2d4851a1d" relativeResultsDirectory="23a8b209-eb63-457d-b7ee-358d2a922028" />
    <UnitTestResult executionId="8f9b76b3-eb29-4f67-aed0-21f458eb04cf" testId="a36ec53b-d743-4358-9926-31deab3593eb" testName="FormatToStringTest1000 (1676.7913981754293,1676.79 zł)" computerName="DESKTOP-5URQ9PB" duration="00:00:00.0000311" startTime="2022-06-13T21:12:02.1871460+02:00" endTime="2022-06-13T21:12:02.1873866+02:00" testType="13cdc9d9-ddb5-4fa4-a97d-d965ccfc6d4b" outcome="Passed" testListId="8c84fa94-04c1-424b-9868-57a2d4851a1d" relativeResultsDirectory="8f9b76b3-eb29-4f67-aed0-21f458eb04cf" />
    <UnitTestResult executionId="a0c75238-bf43-4eec-b175-1fb8bf716d25" testId="6d90d0d9-731a-42a6-9a00-40515c80268c" testName="FormatToStringTest1000 (16511.26921423537,16511.27 zł)" computerName="DESKTOP-5URQ9PB" duration="00:00:00.0000063" startTime="2022-06-13T21:12:02.2737690+02:00" endTime="2022-06-13T21:12:02.2738363+02:00" testType="13cdc9d9-ddb5-4fa4-a97d-d965ccfc6d4b" outcome="Passed" testListId="8c84fa94-04c1-424b-9868-57a2d4851a1d" relativeResultsDirectory="a0c75238-bf43-4eec-b175-1fb8bf716d25" />
    <UnitTestResult executionId="a5887870-fd46-43ef-85ea-211cb723c21d" testId="2e6e8669-d90c-40b6-ae73-6d3c5cacf2c8" testName="FormatToStringTest1000 (41368.29672956015,41368.30 zł)" computerName="DESKTOP-5URQ9PB" duration="00:00:00.0000062" startTime="2022-06-13T21:12:02.0448115+02:00" endTime="2022-06-13T21:12:02.0448787+02:00" testType="13cdc9d9-ddb5-4fa4-a97d-d965ccfc6d4b" outcome="Passed" testListId="8c84fa94-04c1-424b-9868-57a2d4851a1d" relativeResultsDirectory="a5887870-fd46-43ef-85ea-211cb723c21d" />
    <UnitTestResult executionId="62de78a4-e24b-4eaa-91c0-768221c68a44" testId="406dcc56-4dee-4146-9755-4bc5b53fde88" testName="FormatToStringTest1000 (35065.40267025652,35065.40 zł)" computerName="DESKTOP-5URQ9PB" duration="00:00:00.0000064" startTime="2022-06-13T21:12:02.2243284+02:00" endTime="2022-06-13T21:12:02.2243936+02:00" testType="13cdc9d9-ddb5-4fa4-a97d-d965ccfc6d4b" outcome="Passed" testListId="8c84fa94-04c1-424b-9868-57a2d4851a1d" relativeResultsDirectory="62de78a4-e24b-4eaa-91c0-768221c68a44" />
    <UnitTestResult executionId="b02a107d-6327-48ee-9847-675a1cb0c289" testId="6cde19db-3d0f-4c7c-94af-e67df9634973" testName="FormatToStringTest1000 (736.7398243680316,736.74 zł)" computerName="DESKTOP-5URQ9PB" duration="00:00:00.0000062" startTime="2022-06-13T21:12:01.9704406+02:00" endTime="2022-06-13T21:12:01.9705088+02:00" testType="13cdc9d9-ddb5-4fa4-a97d-d965ccfc6d4b" outcome="Passed" testListId="8c84fa94-04c1-424b-9868-57a2d4851a1d" relativeResultsDirectory="b02a107d-6327-48ee-9847-675a1cb0c289" />
    <UnitTestResult executionId="53b7bd73-70f9-4156-8b62-70a076f50d1c" testId="705947c9-f9cf-4e0c-9ca2-d7596c513db2" testName="FormatToStringTest1000 (46607.970025941715,46607.97 zł)" computerName="DESKTOP-5URQ9PB" duration="00:00:00.0000062" startTime="2022-06-13T21:12:02.1139395+02:00" endTime="2022-06-13T21:12:02.1140066+02:00" testType="13cdc9d9-ddb5-4fa4-a97d-d965ccfc6d4b" outcome="Passed" testListId="8c84fa94-04c1-424b-9868-57a2d4851a1d" relativeResultsDirectory="53b7bd73-70f9-4156-8b62-70a076f50d1c" />
    <UnitTestResult executionId="0d445e7d-0a94-424e-98ce-0e9484b886cb" testId="9984a5e7-7512-4385-a6b2-c8f31373fb60" testName="FormatToStringTest1000 (43727.735558145556,43727.74 zł)" computerName="DESKTOP-5URQ9PB" duration="00:00:00.0000063" startTime="2022-06-13T21:12:02.0877698+02:00" endTime="2022-06-13T21:12:02.0878363+02:00" testType="13cdc9d9-ddb5-4fa4-a97d-d965ccfc6d4b" outcome="Passed" testListId="8c84fa94-04c1-424b-9868-57a2d4851a1d" relativeResultsDirectory="0d445e7d-0a94-424e-98ce-0e9484b886cb" />
    <UnitTestResult executionId="ed22193f-2762-4dd7-b962-a1b0f405bcf8" testId="d307a61c-d035-466b-8182-1d7504a495ea" testName="FormatToStringTest1000 (20454.142628653506,20454.14 zł)" computerName="DESKTOP-5URQ9PB" duration="00:00:00.0000063" startTime="2022-06-13T21:12:02.0778395+02:00" endTime="2022-06-13T21:12:02.0779074+02:00" testType="13cdc9d9-ddb5-4fa4-a97d-d965ccfc6d4b" outcome="Passed" testListId="8c84fa94-04c1-424b-9868-57a2d4851a1d" relativeResultsDirectory="ed22193f-2762-4dd7-b962-a1b0f405bcf8" />
    <UnitTestResult executionId="749b49d9-cb26-4e3c-8369-21461680b8aa" testId="443ca9c7-bc68-42b7-b2c2-b436c0096365" testName="FormatToStringTest1000 (45340.017357165,45340.02 zł)" computerName="DESKTOP-5URQ9PB" duration="00:00:00.0000067" startTime="2022-06-13T21:12:02.1379120+02:00" endTime="2022-06-13T21:12:02.1379786+02:00" testType="13cdc9d9-ddb5-4fa4-a97d-d965ccfc6d4b" outcome="Passed" testListId="8c84fa94-04c1-424b-9868-57a2d4851a1d" relativeResultsDirectory="749b49d9-cb26-4e3c-8369-21461680b8aa" />
    <UnitTestResult executionId="2de85c99-39c1-469e-a169-8a9e90d3665e" testId="469808b1-c092-428c-936d-876ceacda71d" testName="FormatToStringTest1000 (7890.044272348771,7890.04 zł)" computerName="DESKTOP-5URQ9PB" duration="00:00:00.0000064" startTime="2022-06-13T21:12:02.1512846+02:00" endTime="2022-06-13T21:12:02.1513544+02:00" testType="13cdc9d9-ddb5-4fa4-a97d-d965ccfc6d4b" outcome="Passed" testListId="8c84fa94-04c1-424b-9868-57a2d4851a1d" relativeResultsDirectory="2de85c99-39c1-469e-a169-8a9e90d3665e" />
    <UnitTestResult executionId="a59163bd-5931-4566-af10-69752529a5fc" testId="601c6f46-3cdd-48cc-a202-91f19cdf3bb3" testName="FormatToStringTest1000 (11958.422287871792,11958.42 zł)" computerName="DESKTOP-5URQ9PB" duration="00:00:00.0000061" startTime="2022-06-13T21:12:02.1013890+02:00" endTime="2022-06-13T21:12:02.1014553+02:00" testType="13cdc9d9-ddb5-4fa4-a97d-d965ccfc6d4b" outcome="Passed" testListId="8c84fa94-04c1-424b-9868-57a2d4851a1d" relativeResultsDirectory="a59163bd-5931-4566-af10-69752529a5fc" />
    <UnitTestResult executionId="b663c350-02c9-4409-963f-1e0c8c05002c" testId="b17c6e1b-3571-4a4a-9618-308923139e95" testName="FormatToStringTest1000 (77919.64716867341,77919.65 zł)" computerName="DESKTOP-5URQ9PB" duration="00:00:00.0000063" startTime="2022-06-13T21:12:02.0544816+02:00" endTime="2022-06-13T21:12:02.0545491+02:00" testType="13cdc9d9-ddb5-4fa4-a97d-d965ccfc6d4b" outcome="Passed" testListId="8c84fa94-04c1-424b-9868-57a2d4851a1d" relativeResultsDirectory="b663c350-02c9-4409-963f-1e0c8c05002c" />
    <UnitTestResult executionId="8320eeb2-bca4-410b-a805-f9febf9b0246" testId="176d41ae-ec56-4902-88de-54fd721b4eb0" testName="FormatToStringTest1000 (39146.635743126564,39146.64 zł)" computerName="DESKTOP-5URQ9PB" duration="00:00:00.0000087" startTime="2022-06-13T21:12:02.0125108+02:00" endTime="2022-06-13T21:12:02.0126163+02:00" testType="13cdc9d9-ddb5-4fa4-a97d-d965ccfc6d4b" outcome="Passed" testListId="8c84fa94-04c1-424b-9868-57a2d4851a1d" relativeResultsDirectory="8320eeb2-bca4-410b-a805-f9febf9b0246" />
    <UnitTestResult executionId="6c2445c0-490f-4bc3-9a41-4f1b5c70c446" testId="3248c394-96bd-4f59-a6c5-7453650f8bc3" testName="FormatToStringTest1000 (20623.53139885493,20623.53 zł)" computerName="DESKTOP-5URQ9PB" duration="00:00:00.0000064" startTime="2022-06-13T21:12:02.0245240+02:00" endTime="2022-06-13T21:12:02.0245958+02:00" testType="13cdc9d9-ddb5-4fa4-a97d-d965ccfc6d4b" outcome="Passed" testListId="8c84fa94-04c1-424b-9868-57a2d4851a1d" relativeResultsDirectory="6c2445c0-490f-4bc3-9a41-4f1b5c70c446" />
    <UnitTestResult executionId="41524429-e91f-40c6-8148-6f92c97cc113" testId="bd570aa6-0000-4483-b75c-902b0e5edab8" testName="FormatToStringTest1000 (32632.105531036905,32632.11 zł)" computerName="DESKTOP-5URQ9PB" duration="00:00:00.0000070" startTime="2022-06-13T21:12:01.9532665+02:00" endTime="2022-06-13T21:12:01.9533490+02:00" testType="13cdc9d9-ddb5-4fa4-a97d-d965ccfc6d4b" outcome="Passed" testListId="8c84fa94-04c1-424b-9868-57a2d4851a1d" relativeResultsDirectory="41524429-e91f-40c6-8148-6f92c97cc113" />
    <UnitTestResult executionId="6aa34db4-1d12-48bc-a9e9-7c4b6e784e85" testId="e12db668-d181-450a-9a71-3609011b804c" testName="FormatToStringTest1000 (5398.2412667191775,5398.24 zł)" computerName="DESKTOP-5URQ9PB" duration="00:00:00.0000063" startTime="2022-06-13T21:12:02.2699008+02:00" endTime="2022-06-13T21:12:02.2699660+02:00" testType="13cdc9d9-ddb5-4fa4-a97d-d965ccfc6d4b" outcome="Passed" testListId="8c84fa94-04c1-424b-9868-57a2d4851a1d" relativeResultsDirectory="6aa34db4-1d12-48bc-a9e9-7c4b6e784e85" />
    <UnitTestResult executionId="f09dded3-172d-4110-a0fc-c4768b3f16c0" testId="c4bd3144-ccbf-49b2-8100-051a0b1776cd" testName="FormatToStringTest1000 (12308.022158465357,12308.02 zł)" computerName="DESKTOP-5URQ9PB" duration="00:00:00.0000062" startTime="2022-06-13T21:12:02.1046371+02:00" endTime="2022-06-13T21:12:02.1047047+02:00" testType="13cdc9d9-ddb5-4fa4-a97d-d965ccfc6d4b" outcome="Passed" testListId="8c84fa94-04c1-424b-9868-57a2d4851a1d" relativeResultsDirectory="f09dded3-172d-4110-a0fc-c4768b3f16c0" />
    <UnitTestResult executionId="979ab9ef-16e4-4c2e-9c34-3b44c0d99204" testId="38247f40-ae52-4d13-a72b-df1cfdfe3ea8" testName="FormatToStringTest1000 (20116.958341299072,20116.96 zł)" computerName="DESKTOP-5URQ9PB" duration="00:00:00.0000062" startTime="2022-06-13T21:12:02.2166438+02:00" endTime="2022-06-13T21:12:02.2167085+02:00" testType="13cdc9d9-ddb5-4fa4-a97d-d965ccfc6d4b" outcome="Passed" testListId="8c84fa94-04c1-424b-9868-57a2d4851a1d" relativeResultsDirectory="979ab9ef-16e4-4c2e-9c34-3b44c0d99204" />
    <UnitTestResult executionId="d533172f-c99c-4f38-b868-2652d9311873" testId="a4f73da7-4e79-4af4-b52d-a78b4993360d" testName="FormatToStringTest1000 (55457.96873490278,55457.97 zł)" computerName="DESKTOP-5URQ9PB" duration="00:00:00.0000068" startTime="2022-06-13T21:12:02.2186350+02:00" endTime="2022-06-13T21:12:02.2187004+02:00" testType="13cdc9d9-ddb5-4fa4-a97d-d965ccfc6d4b" outcome="Passed" testListId="8c84fa94-04c1-424b-9868-57a2d4851a1d" relativeResultsDirectory="d533172f-c99c-4f38-b868-2652d9311873" />
    <UnitTestResult executionId="51fb5fc6-c2ec-4e7c-91d8-fcba3edab78c" testId="b102a236-a38e-4ee7-93c4-add08c6fe474" testName="FormatToStringTest1000 (18032.4720825476,18032.47 zł)" computerName="DESKTOP-5URQ9PB" duration="00:00:00.0000064" startTime="2022-06-13T21:12:02.2740980+02:00" endTime="2022-06-13T21:12:02.2741601+02:00" testType="13cdc9d9-ddb5-4fa4-a97d-d965ccfc6d4b" outcome="Passed" testListId="8c84fa94-04c1-424b-9868-57a2d4851a1d" relativeResultsDirectory="51fb5fc6-c2ec-4e7c-91d8-fcba3edab78c" />
    <UnitTestResult executionId="aa375a92-111f-4195-8516-9ffec4d13e2e" testId="c06886c9-2c18-4b4c-9321-373ad18c6222" testName="FormatToStringTest1000 (36760.171806480816,36760.17 zł)" computerName="DESKTOP-5URQ9PB" duration="00:00:00.0000061" startTime="2022-06-13T21:12:02.2344510+02:00" endTime="2022-06-13T21:12:02.2345155+02:00" testType="13cdc9d9-ddb5-4fa4-a97d-d965ccfc6d4b" outcome="Passed" testListId="8c84fa94-04c1-424b-9868-57a2d4851a1d" relativeResultsDirectory="aa375a92-111f-4195-8516-9ffec4d13e2e" />
    <UnitTestResult executionId="f6e1a26a-271f-4f58-b38b-5e46b8ff5086" testId="c500ce11-59ae-4b43-90ec-2e9fa70e0499" testName="FormatToStringTest1000 (4030.673117592313,4030.67 zł)" computerName="DESKTOP-5URQ9PB" duration="00:00:00.0000063" startTime="2022-06-13T21:12:02.0812142+02:00" endTime="2022-06-13T21:12:02.0812865+02:00" testType="13cdc9d9-ddb5-4fa4-a97d-d965ccfc6d4b" outcome="Passed" testListId="8c84fa94-04c1-424b-9868-57a2d4851a1d" relativeResultsDirectory="f6e1a26a-271f-4f58-b38b-5e46b8ff5086" />
    <UnitTestResult executionId="16bd22c7-e695-4ed3-89f5-2cac766eb485" testId="6ef8b99b-7268-42f7-a868-c3b826a50a21" testName="FormatToStringTest1000 (20978.860218282258,20978.86 zł)" computerName="DESKTOP-5URQ9PB" duration="00:00:00.0000120" startTime="2022-06-13T21:12:02.0569868+02:00" endTime="2022-06-13T21:12:02.0571387+02:00" testType="13cdc9d9-ddb5-4fa4-a97d-d965ccfc6d4b" outcome="Passed" testListId="8c84fa94-04c1-424b-9868-57a2d4851a1d" relativeResultsDirectory="16bd22c7-e695-4ed3-89f5-2cac766eb485" />
    <UnitTestResult executionId="92fc3178-7ece-4831-bb2e-6d06d06fd4bf" testId="f9db76c2-e8f4-4101-a367-a6878da7073c" testName="FormatToStringTest1000 (32908.76696502639,32908.77 zł)" computerName="DESKTOP-5URQ9PB" duration="00:00:00.0000063" startTime="2022-06-13T21:12:02.0446404+02:00" endTime="2022-06-13T21:12:02.0447082+02:00" testType="13cdc9d9-ddb5-4fa4-a97d-d965ccfc6d4b" outcome="Passed" testListId="8c84fa94-04c1-424b-9868-57a2d4851a1d" relativeResultsDirectory="92fc3178-7ece-4831-bb2e-6d06d06fd4bf" />
    <UnitTestResult executionId="3549f664-0616-455c-8de4-44805293ca96" testId="2330c838-c317-4a78-a9fa-9eca50cd7c4a" testName="FormatToStringTest1000 (35967.54466809684,35967.54 zł)" computerName="DESKTOP-5URQ9PB" duration="00:00:00.0000062" startTime="2022-06-13T21:12:02.2263971+02:00" endTime="2022-06-13T21:12:02.2264614+02:00" testType="13cdc9d9-ddb5-4fa4-a97d-d965ccfc6d4b" outcome="Passed" testListId="8c84fa94-04c1-424b-9868-57a2d4851a1d" relativeResultsDirectory="3549f664-0616-455c-8de4-44805293ca96" />
    <UnitTestResult executionId="a4fd4276-7c59-4e90-8600-feef29d37404" testId="af035a6a-c37b-41ca-8ad3-6ebebe404b26" testName="FormatToStringTest1000 (4669.392596858271,4669.39 zł)" computerName="DESKTOP-5URQ9PB" duration="00:00:00.0000064" startTime="2022-06-13T21:12:02.0478264+02:00" endTime="2022-06-13T21:12:02.0478934+02:00" testType="13cdc9d9-ddb5-4fa4-a97d-d965ccfc6d4b" outcome="Passed" testListId="8c84fa94-04c1-424b-9868-57a2d4851a1d" relativeResultsDirectory="a4fd4276-7c59-4e90-8600-feef29d37404" />
    <UnitTestResult executionId="711b49d4-3810-4b3d-aa67-eb2bfc23e036" testId="266aeb76-3a51-4887-baef-a81605d52fe8" testName="FormatToStringTest1000 (17579.823312525088,17579.82 zł)" computerName="DESKTOP-5URQ9PB" duration="00:00:00.0000061" startTime="2022-06-13T21:12:02.2169818+02:00" endTime="2022-06-13T21:12:02.2170457+02:00" testType="13cdc9d9-ddb5-4fa4-a97d-d965ccfc6d4b" outcome="Passed" testListId="8c84fa94-04c1-424b-9868-57a2d4851a1d" relativeResultsDirectory="711b49d4-3810-4b3d-aa67-eb2bfc23e036" />
    <UnitTestResult executionId="d6369d88-5477-4d67-ab37-8d11306a9b8e" testId="7f304b73-6386-4008-ab9e-1e66e459b960" testName="FormatToStringTest1000 (7202.052143613367,7202.05 zł)" computerName="DESKTOP-5URQ9PB" duration="00:00:00.0000061" startTime="2022-06-13T21:12:02.2368549+02:00" endTime="2022-06-13T21:12:02.2369191+02:00" testType="13cdc9d9-ddb5-4fa4-a97d-d965ccfc6d4b" outcome="Passed" testListId="8c84fa94-04c1-424b-9868-57a2d4851a1d" relativeResultsDirectory="d6369d88-5477-4d67-ab37-8d11306a9b8e" />
    <UnitTestResult executionId="4a054ee1-89e0-48a7-8a04-982b351d024a" testId="5739f847-c839-407c-83b7-112754248bbc" testName="FormatToStringTest1000 (12221.10494323592,12221.10 zł)" computerName="DESKTOP-5URQ9PB" duration="00:00:00.0000063" startTime="2022-06-13T21:12:02.0004675+02:00" endTime="2022-06-13T21:12:02.0005348+02:00" testType="13cdc9d9-ddb5-4fa4-a97d-d965ccfc6d4b" outcome="Passed" testListId="8c84fa94-04c1-424b-9868-57a2d4851a1d" relativeResultsDirectory="4a054ee1-89e0-48a7-8a04-982b351d024a" />
    <UnitTestResult executionId="f279b64e-9101-4138-83cf-56efeda4f203" testId="3a10defb-7022-49e6-a747-f5c870812a1a" testName="FormatToStringTest1000 (5628.028273674672,5628.03 zł)" computerName="DESKTOP-5URQ9PB" duration="00:00:00.0000065" startTime="2022-06-13T21:12:01.9117049+02:00" endTime="2022-06-13T21:12:01.9117740+02:00" testType="13cdc9d9-ddb5-4fa4-a97d-d965ccfc6d4b" outcome="Passed" testListId="8c84fa94-04c1-424b-9868-57a2d4851a1d" relativeResultsDirectory="f279b64e-9101-4138-83cf-56efeda4f203" />
    <UnitTestResult executionId="3d278c07-d384-4ff5-b70f-960073590779" testId="c4d3b389-84fd-4efd-a579-f01bdb3d9e81" testName="FormatToStringTest1000 (28068.20530246394,28068.21 zł)" computerName="DESKTOP-5URQ9PB" duration="00:00:00.0000134" startTime="2022-06-13T21:12:02.1177531+02:00" endTime="2022-06-13T21:12:02.1179299+02:00" testType="13cdc9d9-ddb5-4fa4-a97d-d965ccfc6d4b" outcome="Passed" testListId="8c84fa94-04c1-424b-9868-57a2d4851a1d" relativeResultsDirectory="3d278c07-d384-4ff5-b70f-960073590779" />
    <UnitTestResult executionId="c4a9e814-918d-4f46-b7ca-ca877afacbdc" testId="e93918b4-bc81-491d-80be-df23530cb3a0" testName="FormatToStringTest1000 (12641.700665183225,12641.70 zł)" computerName="DESKTOP-5URQ9PB" duration="00:00:00.0000065" startTime="2022-06-13T21:12:02.0574565+02:00" endTime="2022-06-13T21:12:02.0575363+02:00" testType="13cdc9d9-ddb5-4fa4-a97d-d965ccfc6d4b" outcome="Passed" testListId="8c84fa94-04c1-424b-9868-57a2d4851a1d" relativeResultsDirectory="c4a9e814-918d-4f46-b7ca-ca877afacbdc" />
    <UnitTestResult executionId="a7b0ef2c-3f67-4998-b038-677188c1f8f5" testId="572f0d84-cee4-47e7-993b-628e40ed0cac" testName="FormatToStringTest1000 (41873.517751020154,41873.52 zł)" computerName="DESKTOP-5URQ9PB" duration="00:00:00.0000071" startTime="2022-06-13T21:12:02.2961123+02:00" endTime="2022-06-13T21:12:02.2961914+02:00" testType="13cdc9d9-ddb5-4fa4-a97d-d965ccfc6d4b" outcome="Passed" testListId="8c84fa94-04c1-424b-9868-57a2d4851a1d" relativeResultsDirectory="a7b0ef2c-3f67-4998-b038-677188c1f8f5" />
    <UnitTestResult executionId="998c891b-ad5f-4b6c-adc8-d7b77d454702" testId="23b98461-a5e4-43a9-be62-065bc49c3231" testName="FormatToStringTest1000 (30410.68214617003,30410.68 zł)" computerName="DESKTOP-5URQ9PB" duration="00:00:00.0000062" startTime="2022-06-13T21:12:02.1414079+02:00" endTime="2022-06-13T21:12:02.1414749+02:00" testType="13cdc9d9-ddb5-4fa4-a97d-d965ccfc6d4b" outcome="Passed" testListId="8c84fa94-04c1-424b-9868-57a2d4851a1d" relativeResultsDirectory="998c891b-ad5f-4b6c-adc8-d7b77d454702" />
    <UnitTestResult executionId="58ad6177-9732-40ef-bb56-0af21804f25b" testId="163433d2-2efb-41a8-8d8a-a953008b187d" testName="FormatToStringTest1000 (24957.469502810607,24957.47 zł)" computerName="DESKTOP-5URQ9PB" duration="00:00:00.0000062" startTime="2022-06-13T21:12:01.9574570+02:00" endTime="2022-06-13T21:12:01.9575250+02:00" testType="13cdc9d9-ddb5-4fa4-a97d-d965ccfc6d4b" outcome="Passed" testListId="8c84fa94-04c1-424b-9868-57a2d4851a1d" relativeResultsDirectory="58ad6177-9732-40ef-bb56-0af21804f25b" />
    <UnitTestResult executionId="fa05cb82-daa4-4eef-81a4-152ba773286c" testId="116c9029-7a14-4e4a-98f5-8ecb199b4c0b" testName="FormatToStringTest1000 (20146.183073329827,20146.18 zł)" computerName="DESKTOP-5URQ9PB" duration="00:00:00.0000063" startTime="2022-06-13T21:12:02.0313114+02:00" endTime="2022-06-13T21:12:02.0313779+02:00" testType="13cdc9d9-ddb5-4fa4-a97d-d965ccfc6d4b" outcome="Passed" testListId="8c84fa94-04c1-424b-9868-57a2d4851a1d" relativeResultsDirectory="fa05cb82-daa4-4eef-81a4-152ba773286c" />
    <UnitTestResult executionId="15b2fd37-5b86-4af9-8c52-f9ab79ec2724" testId="20f4e2b0-957c-4f10-90ba-5058ae8438d1" testName="FormatToStringTest1000 (26945.125386551546,26945.13 zł)" computerName="DESKTOP-5URQ9PB" duration="00:00:00.0000063" startTime="2022-06-13T21:12:02.0067816+02:00" endTime="2022-06-13T21:12:02.0068491+02:00" testType="13cdc9d9-ddb5-4fa4-a97d-d965ccfc6d4b" outcome="Passed" testListId="8c84fa94-04c1-424b-9868-57a2d4851a1d" relativeResultsDirectory="15b2fd37-5b86-4af9-8c52-f9ab79ec2724" />
    <UnitTestResult executionId="1fb3cae8-3151-4930-b392-7c7cb6b4d0e1" testId="e0d0e724-9d62-4c6e-983f-1f45fa56aa07" testName="FormatToStringTest1000 (16402.16316587206,16402.16 zł)" computerName="DESKTOP-5URQ9PB" duration="00:00:00.0000067" startTime="2022-06-13T21:12:02.1315531+02:00" endTime="2022-06-13T21:12:02.1316281+02:00" testType="13cdc9d9-ddb5-4fa4-a97d-d965ccfc6d4b" outcome="Passed" testListId="8c84fa94-04c1-424b-9868-57a2d4851a1d" relativeResultsDirectory="1fb3cae8-3151-4930-b392-7c7cb6b4d0e1" />
    <UnitTestResult executionId="d527d001-1b4e-48fc-a1e1-df7a319c7562" testId="84104110-c10a-4898-bb9f-638a1895b71b" testName="FormatToStringTest1000 (20344.185360967265,20344.19 zł)" computerName="DESKTOP-5URQ9PB" duration="00:00:00.0000062" startTime="2022-06-13T21:12:02.2327808+02:00" endTime="2022-06-13T21:12:02.2328461+02:00" testType="13cdc9d9-ddb5-4fa4-a97d-d965ccfc6d4b" outcome="Passed" testListId="8c84fa94-04c1-424b-9868-57a2d4851a1d" relativeResultsDirectory="d527d001-1b4e-48fc-a1e1-df7a319c7562" />
    <UnitTestResult executionId="0fc955cb-8895-4c64-b746-9229cc5ed5eb" testId="68870210-1e80-4475-b414-9b940351b7f2" testName="FormatToStringTest1000 (31622.81414407809,31622.81 zł)" computerName="DESKTOP-5URQ9PB" duration="00:00:00.0000061" startTime="2022-06-13T21:12:02.2741765+02:00" endTime="2022-06-13T21:12:02.2742477+02:00" testType="13cdc9d9-ddb5-4fa4-a97d-d965ccfc6d4b" outcome="Passed" testListId="8c84fa94-04c1-424b-9868-57a2d4851a1d" relativeResultsDirectory="0fc955cb-8895-4c64-b746-9229cc5ed5eb" />
    <UnitTestResult executionId="903b9113-fc6d-4e85-93e8-7f2e7cf00eb9" testId="94bf65dc-0d99-44e2-982d-a9099131c7fd" testName="FormatToStringTest1000 (21328.29026726507,21328.29 zł)" computerName="DESKTOP-5URQ9PB" duration="00:00:00.0000061" startTime="2022-06-13T21:12:02.2716683+02:00" endTime="2022-06-13T21:12:02.2717341+02:00" testType="13cdc9d9-ddb5-4fa4-a97d-d965ccfc6d4b" outcome="Passed" testListId="8c84fa94-04c1-424b-9868-57a2d4851a1d" relativeResultsDirectory="903b9113-fc6d-4e85-93e8-7f2e7cf00eb9" />
    <UnitTestResult executionId="dea4b986-5250-495e-8e11-cc694bae891c" testId="6cc6f569-f9d9-4b5b-a658-e0952f94ab18" testName="FormatToStringTest1000 (5759.256266560991,5759.26 zł)" computerName="DESKTOP-5URQ9PB" duration="00:00:00.0000064" startTime="2022-06-13T21:12:02.1540320+02:00" endTime="2022-06-13T21:12:02.1541004+02:00" testType="13cdc9d9-ddb5-4fa4-a97d-d965ccfc6d4b" outcome="Passed" testListId="8c84fa94-04c1-424b-9868-57a2d4851a1d" relativeResultsDirectory="dea4b986-5250-495e-8e11-cc694bae891c" />
    <UnitTestResult executionId="bbd11d00-9c27-4009-9021-717d44d381aa" testId="e28a67a4-f40c-4108-8293-436943e32e6f" testName="FormatToStringTest1000 (28861.97337596769,28861.97 zł)" computerName="DESKTOP-5URQ9PB" duration="00:00:00.0000066" startTime="2022-06-13T21:12:02.0969396+02:00" endTime="2022-06-13T21:12:02.0970123+02:00" testType="13cdc9d9-ddb5-4fa4-a97d-d965ccfc6d4b" outcome="Passed" testListId="8c84fa94-04c1-424b-9868-57a2d4851a1d" relativeResultsDirectory="bbd11d00-9c27-4009-9021-717d44d381aa" />
    <UnitTestResult executionId="9bdd936b-f3d0-4c70-96aa-e2e2fed24b8c" testId="df5bf3c3-f9bc-4f77-ac1e-650cd290b9a0" testName="FormatToStringTest1000 (39641.61351217451,39641.61 zł)" computerName="DESKTOP-5URQ9PB" duration="00:00:00.0000062" startTime="2022-06-13T21:12:02.1413227+02:00" endTime="2022-06-13T21:12:02.1413905+02:00" testType="13cdc9d9-ddb5-4fa4-a97d-d965ccfc6d4b" outcome="Passed" testListId="8c84fa94-04c1-424b-9868-57a2d4851a1d" relativeResultsDirectory="9bdd936b-f3d0-4c70-96aa-e2e2fed24b8c" />
    <UnitTestResult executionId="0dc853e9-98b7-4419-9c7b-0f31cfa1347e" testId="859779cd-47de-4a21-8836-3a741dec2ed5" testName="FormatToStringTest1000 (2115.5076919884923,2115.51 zł)" computerName="DESKTOP-5URQ9PB" duration="00:00:00.0000069" startTime="2022-06-13T21:12:02.2702260+02:00" endTime="2022-06-13T21:12:02.2702966+02:00" testType="13cdc9d9-ddb5-4fa4-a97d-d965ccfc6d4b" outcome="Passed" testListId="8c84fa94-04c1-424b-9868-57a2d4851a1d" relativeResultsDirectory="0dc853e9-98b7-4419-9c7b-0f31cfa1347e" />
    <UnitTestResult executionId="a1e7db87-2e49-4773-9437-1baa7f1f4871" testId="ebf2fc77-01d8-40e4-8d66-9a7fa06d5db7" testName="FormatToStringTest1000 (75915.01943546813,75915.02 zł)" computerName="DESKTOP-5URQ9PB" duration="00:00:00.0000064" startTime="2022-06-13T21:12:02.0907094+02:00" endTime="2022-06-13T21:12:02.0907767+02:00" testType="13cdc9d9-ddb5-4fa4-a97d-d965ccfc6d4b" outcome="Passed" testListId="8c84fa94-04c1-424b-9868-57a2d4851a1d" relativeResultsDirectory="a1e7db87-2e49-4773-9437-1baa7f1f4871" />
    <UnitTestResult executionId="9f259e8a-4d45-408a-b840-36b949913c1d" testId="9c67d58d-d52e-41db-924b-8bcc958bec86" testName="FormatToStringTest1000 (41008.28505327194,41008.29 zł)" computerName="DESKTOP-5URQ9PB" duration="00:00:00.0000063" startTime="2022-06-13T21:12:02.2346987+02:00" endTime="2022-06-13T21:12:02.2347636+02:00" testType="13cdc9d9-ddb5-4fa4-a97d-d965ccfc6d4b" outcome="Passed" testListId="8c84fa94-04c1-424b-9868-57a2d4851a1d" relativeResultsDirectory="9f259e8a-4d45-408a-b840-36b949913c1d" />
    <UnitTestResult executionId="ee62220d-d3cc-4bdb-bc38-52516028faf6" testId="b3732730-6017-4ea0-a523-4cffbe272b8a" testName="FormatToStringTest1000 (6429.44273095552,6429.44 zł)" computerName="DESKTOP-5URQ9PB" duration="00:00:00.0000063" startTime="2022-06-13T21:12:02.1141078+02:00" endTime="2022-06-13T21:12:02.1141724+02:00" testType="13cdc9d9-ddb5-4fa4-a97d-d965ccfc6d4b" outcome="Passed" testListId="8c84fa94-04c1-424b-9868-57a2d4851a1d" relativeResultsDirectory="ee62220d-d3cc-4bdb-bc38-52516028faf6" />
    <UnitTestResult executionId="4d1d36bb-8abf-4b36-a968-62d61a6cfce9" testId="cfdf8242-b324-4ad5-8adb-9ce78aa3a4af" testName="FormatToStringTest1000 (4898.699005344277,4898.70 zł)" computerName="DESKTOP-5URQ9PB" duration="00:00:00.0000062" startTime="2022-06-13T21:12:02.0718580+02:00" endTime="2022-06-13T21:12:02.0719257+02:00" testType="13cdc9d9-ddb5-4fa4-a97d-d965ccfc6d4b" outcome="Passed" testListId="8c84fa94-04c1-424b-9868-57a2d4851a1d" relativeResultsDirectory="4d1d36bb-8abf-4b36-a968-62d61a6cfce9" />
    <UnitTestResult executionId="bd0675a4-b642-4dfe-a65c-afc528c788e7" testId="ea439642-6abf-42ce-87f9-d6a71aa5083b" testName="FormatToStringTest1000 (17031.365705376662,17031.37 zł)" computerName="DESKTOP-5URQ9PB" duration="00:00:00.0000064" startTime="2022-06-13T21:12:02.1237923+02:00" endTime="2022-06-13T21:12:02.1238608+02:00" testType="13cdc9d9-ddb5-4fa4-a97d-d965ccfc6d4b" outcome="Passed" testListId="8c84fa94-04c1-424b-9868-57a2d4851a1d" relativeResultsDirectory="bd0675a4-b642-4dfe-a65c-afc528c788e7" />
    <UnitTestResult executionId="21433c10-c2dc-4396-a3f6-35f425f73036" testId="7d2b347f-9ec7-4c6e-aadb-0b918197d2f3" testName="FormatToStringTest1000 (24024.14691439557,24024.15 zł)" computerName="DESKTOP-5URQ9PB" duration="00:00:00.0000066" startTime="2022-06-13T21:12:02.0641491+02:00" endTime="2022-06-13T21:12:02.0642305+02:00" testType="13cdc9d9-ddb5-4fa4-a97d-d965ccfc6d4b" outcome="Passed" testListId="8c84fa94-04c1-424b-9868-57a2d4851a1d" relativeResultsDirectory="21433c10-c2dc-4396-a3f6-35f425f73036" />
    <UnitTestResult executionId="45b3c129-8f47-41f0-86bb-225bcdbc7f33" testId="c65cd80a-7a8c-4015-861d-f5a16c628a7d" testName="FormatToStringTest1000 (45070.5442499493,45070.54 zł)" computerName="DESKTOP-5URQ9PB" duration="00:00:00.0000062" startTime="2022-06-13T21:12:02.2367759+02:00" endTime="2022-06-13T21:12:02.2368382+02:00" testType="13cdc9d9-ddb5-4fa4-a97d-d965ccfc6d4b" outcome="Passed" testListId="8c84fa94-04c1-424b-9868-57a2d4851a1d" relativeResultsDirectory="45b3c129-8f47-41f0-86bb-225bcdbc7f33" />
    <UnitTestResult executionId="d69c3b29-a922-4c33-b346-fb389bac09e7" testId="adbe27ae-bbc1-4dcd-b708-a309d5f4933a" testName="FormatToStringTest1000 (20249.56614074277,20249.57 zł)" computerName="DESKTOP-5URQ9PB" duration="00:00:00.0000063" startTime="2022-06-13T21:12:02.0126414+02:00" endTime="2022-06-13T21:12:02.0127102+02:00" testType="13cdc9d9-ddb5-4fa4-a97d-d965ccfc6d4b" outcome="Passed" testListId="8c84fa94-04c1-424b-9868-57a2d4851a1d" relativeResultsDirectory="d69c3b29-a922-4c33-b346-fb389bac09e7" />
    <UnitTestResult executionId="ddd1bead-719f-47d2-87f0-b5e6eda67a16" testId="6cb560da-0650-40ed-aef6-c8612e7172de" testName="FormatToStringTest1000 (11829.625994884234,11829.63 zł)" computerName="DESKTOP-5URQ9PB" duration="00:00:00.0000073" startTime="2022-06-13T21:12:02.1236904+02:00" endTime="2022-06-13T21:12:02.1237732+02:00" testType="13cdc9d9-ddb5-4fa4-a97d-d965ccfc6d4b" outcome="Passed" testListId="8c84fa94-04c1-424b-9868-57a2d4851a1d" relativeResultsDirectory="ddd1bead-719f-47d2-87f0-b5e6eda67a16" />
    <UnitTestResult executionId="72060f65-bc1d-4294-bc92-4f974d6770f2" testId="2c7a6fbd-2f6e-4f30-9133-caf878f90ed2" testName="FormatToStringTest1000 (19783.413847500186,19783.41 zł)" computerName="DESKTOP-5URQ9PB" duration="00:00:00.0000066" startTime="2022-06-13T21:12:02.2679772+02:00" endTime="2022-06-13T21:12:02.2680421+02:00" testType="13cdc9d9-ddb5-4fa4-a97d-d965ccfc6d4b" outcome="Passed" testListId="8c84fa94-04c1-424b-9868-57a2d4851a1d" relativeResultsDirectory="72060f65-bc1d-4294-bc92-4f974d6770f2" />
    <UnitTestResult executionId="f11a6784-6d71-443b-97da-bf03a06b187c" testId="6ed1b0c9-12e6-4a76-b411-f64acd066ac1" testName="FormatToStringTest1000 (9657.360676611475,9657.36 zł)" computerName="DESKTOP-5URQ9PB" duration="00:00:00.0000062" startTime="2022-06-13T21:12:02.1208200+02:00" endTime="2022-06-13T21:12:02.1208874+02:00" testType="13cdc9d9-ddb5-4fa4-a97d-d965ccfc6d4b" outcome="Passed" testListId="8c84fa94-04c1-424b-9868-57a2d4851a1d" relativeResultsDirectory="f11a6784-6d71-443b-97da-bf03a06b187c" />
    <UnitTestResult executionId="ba588b0f-024d-4546-8840-7947fffad9c3" testId="bd5dcee1-c04a-430a-98f5-6e3d8877f164" testName="FormatToStringTest1000 (17252.06220983903,17252.06 zł)" computerName="DESKTOP-5URQ9PB" duration="00:00:00.0000093" startTime="2022-06-13T21:12:01.9774313+02:00" endTime="2022-06-13T21:12:01.9775455+02:00" testType="13cdc9d9-ddb5-4fa4-a97d-d965ccfc6d4b" outcome="Passed" testListId="8c84fa94-04c1-424b-9868-57a2d4851a1d" relativeResultsDirectory="ba588b0f-024d-4546-8840-7947fffad9c3" />
    <UnitTestResult executionId="25846d98-82a5-4d1c-9a24-61a4e589c439" testId="8af43166-a896-4a1a-b01c-65446320deee" testName="FormatToStringTest1000 (10641.263377953444,10641.26 zł)" computerName="DESKTOP-5URQ9PB" duration="00:00:00.0000062" startTime="2022-06-13T21:12:02.0720273+02:00" endTime="2022-06-13T21:12:02.0720946+02:00" testType="13cdc9d9-ddb5-4fa4-a97d-d965ccfc6d4b" outcome="Passed" testListId="8c84fa94-04c1-424b-9868-57a2d4851a1d" relativeResultsDirectory="25846d98-82a5-4d1c-9a24-61a4e589c439" />
    <UnitTestResult executionId="9fc2794b-cefb-43e4-820c-e898f3deeff8" testId="b1bf74d7-16ab-4681-9e18-e1fa1f0fca8b" testName="FormatToStringTest1000 (3694.480496819355,3694.48 zł)" computerName="DESKTOP-5URQ9PB" duration="00:00:00.0000062" startTime="2022-06-13T21:12:02.0370720+02:00" endTime="2022-06-13T21:12:02.0371397+02:00" testType="13cdc9d9-ddb5-4fa4-a97d-d965ccfc6d4b" outcome="Passed" testListId="8c84fa94-04c1-424b-9868-57a2d4851a1d" relativeResultsDirectory="9fc2794b-cefb-43e4-820c-e898f3deeff8" />
    <UnitTestResult executionId="2e5c54b3-f69d-4b3e-b755-c0b7077fc3f4" testId="83c13735-0e99-446e-86db-dcbb67c84e72" testName="FormatToStringTest1000 (20068.867046961965,20068.87 zł)" computerName="DESKTOP-5URQ9PB" duration="00:00:00.0000065" startTime="2022-06-13T21:12:02.2121795+02:00" endTime="2022-06-13T21:12:02.2122518+02:00" testType="13cdc9d9-ddb5-4fa4-a97d-d965ccfc6d4b" outcome="Passed" testListId="8c84fa94-04c1-424b-9868-57a2d4851a1d" relativeResultsDirectory="2e5c54b3-f69d-4b3e-b755-c0b7077fc3f4" />
    <UnitTestResult executionId="39c6702c-36d8-4a37-b2c3-e6762494444a" testId="c60a5e6e-4368-486b-834f-764992305121" testName="FormatToStringTest1000 (17798.633951516185,17798.63 zł)" computerName="DESKTOP-5URQ9PB" duration="00:00:00.0000062" startTime="2022-06-13T21:12:02.1480075+02:00" endTime="2022-06-13T21:12:02.1480740+02:00" testType="13cdc9d9-ddb5-4fa4-a97d-d965ccfc6d4b" outcome="Passed" testListId="8c84fa94-04c1-424b-9868-57a2d4851a1d" relativeResultsDirectory="39c6702c-36d8-4a37-b2c3-e6762494444a" />
    <UnitTestResult executionId="25f1ed7b-dea9-48cf-9a6c-864b21287025" testId="cfd7b546-5eb5-4adb-adea-89e60ad25098" testName="FormatToStringTest1000 (15600.245951180927,15600.25 zł)" computerName="DESKTOP-5URQ9PB" duration="00:00:00.0000061" startTime="2022-06-13T21:12:02.1318187+02:00" endTime="2022-06-13T21:12:02.1318853+02:00" testType="13cdc9d9-ddb5-4fa4-a97d-d965ccfc6d4b" outcome="Passed" testListId="8c84fa94-04c1-424b-9868-57a2d4851a1d" relativeResultsDirectory="25f1ed7b-dea9-48cf-9a6c-864b21287025" />
    <UnitTestResult executionId="110fe3f4-ba6b-4ea7-ac8c-77f4502bdf31" testId="8609bc49-d93f-4247-974e-ac8144ae65d3" testName="FormatToStringTest1000 (13582.47117894258,13582.47 zł)" computerName="DESKTOP-5URQ9PB" duration="00:00:00.0000072" startTime="2022-06-13T21:12:02.0164671+02:00" endTime="2022-06-13T21:12:02.0165357+02:00" testType="13cdc9d9-ddb5-4fa4-a97d-d965ccfc6d4b" outcome="Passed" testListId="8c84fa94-04c1-424b-9868-57a2d4851a1d" relativeResultsDirectory="110fe3f4-ba6b-4ea7-ac8c-77f4502bdf31" />
    <UnitTestResult executionId="ade05e9e-e628-4040-81a8-7a037617ef1a" testId="26480853-d153-4667-8001-1c10d3ef9f8b" testName="FormatToStringTest1000 (30071.004434484523,30071.00 zł)" computerName="DESKTOP-5URQ9PB" duration="00:00:00.0000064" startTime="2022-06-13T21:12:02.0215725+02:00" endTime="2022-06-13T21:12:02.0216440+02:00" testType="13cdc9d9-ddb5-4fa4-a97d-d965ccfc6d4b" outcome="Passed" testListId="8c84fa94-04c1-424b-9868-57a2d4851a1d" relativeResultsDirectory="ade05e9e-e628-4040-81a8-7a037617ef1a" />
    <UnitTestResult executionId="5daf37a8-b62a-46f7-b2b4-c14d5b81ab59" testId="a6bfa9fd-e1a1-40a4-a169-65fd5139bf08" testName="FormatToStringTest1000 (823.2747994560166,823.27 zł)" computerName="DESKTOP-5URQ9PB" duration="00:00:00.0000068" startTime="2022-06-13T21:12:02.2383731+02:00" endTime="2022-06-13T21:12:02.2384385+02:00" testType="13cdc9d9-ddb5-4fa4-a97d-d965ccfc6d4b" outcome="Passed" testListId="8c84fa94-04c1-424b-9868-57a2d4851a1d" relativeResultsDirectory="5daf37a8-b62a-46f7-b2b4-c14d5b81ab59" />
    <UnitTestResult executionId="28f9afb4-aa22-417f-9821-838feff74718" testId="f3dee165-fae6-44ad-ba51-1ec26fbe09ab" testName="FormatToStringTest1000 (972.1468308629221,972.15 zł)" computerName="DESKTOP-5URQ9PB" duration="00:00:00.0000062" startTime="2022-06-13T21:12:02.1937342+02:00" endTime="2022-06-13T21:12:02.1938004+02:00" testType="13cdc9d9-ddb5-4fa4-a97d-d965ccfc6d4b" outcome="Passed" testListId="8c84fa94-04c1-424b-9868-57a2d4851a1d" relativeResultsDirectory="28f9afb4-aa22-417f-9821-838feff74718" />
    <UnitTestResult executionId="30739896-d259-40db-853f-e29a1a6def95" testId="c570ebce-cf9d-4f40-a3d2-23da93591ac6" testName="FormatToStringTest1000 (97129.75160633575,97129.75 zł)" computerName="DESKTOP-5URQ9PB" duration="00:00:00.0000062" startTime="2022-06-13T21:12:02.0721118+02:00" endTime="2022-06-13T21:12:02.0721796+02:00" testType="13cdc9d9-ddb5-4fa4-a97d-d965ccfc6d4b" outcome="Passed" testListId="8c84fa94-04c1-424b-9868-57a2d4851a1d" relativeResultsDirectory="30739896-d259-40db-853f-e29a1a6def95" />
    <UnitTestResult executionId="c3beec0a-a162-473f-94ad-cdd6112a2b32" testId="c0490fd4-1038-45a3-8453-5966652bd251" testName="FormatToStringTest1000 (10784.438152511344,10784.44 zł)" computerName="DESKTOP-5URQ9PB" duration="00:00:00.0000090" startTime="2022-06-13T21:12:01.9960484+02:00" endTime="2022-06-13T21:12:01.9961590+02:00" testType="13cdc9d9-ddb5-4fa4-a97d-d965ccfc6d4b" outcome="Passed" testListId="8c84fa94-04c1-424b-9868-57a2d4851a1d" relativeResultsDirectory="c3beec0a-a162-473f-94ad-cdd6112a2b32" />
    <UnitTestResult executionId="b435b078-6b4c-46fc-9032-91681ec005d7" testId="6d74f127-2bc1-4dd5-ad57-12669eb51300" testName="FormatToStringTest1000 (4116.417580192638,4116.42 zł)" computerName="DESKTOP-5URQ9PB" duration="00:00:00.0000064" startTime="2022-06-13T21:12:02.1475808+02:00" endTime="2022-06-13T21:12:02.1476515+02:00" testType="13cdc9d9-ddb5-4fa4-a97d-d965ccfc6d4b" outcome="Passed" testListId="8c84fa94-04c1-424b-9868-57a2d4851a1d" relativeResultsDirectory="b435b078-6b4c-46fc-9032-91681ec005d7" />
    <UnitTestResult executionId="fd49c956-f2ce-49ff-b70a-588652fad3e9" testId="dc46b883-d2e3-4088-b861-a8e195b16513" testName="FormatToStringTest1000 (16819.974312979717,16819.97 zł)" computerName="DESKTOP-5URQ9PB" duration="00:00:00.0000062" startTime="2022-06-13T21:12:02.1014726+02:00" endTime="2022-06-13T21:12:02.1015403+02:00" testType="13cdc9d9-ddb5-4fa4-a97d-d965ccfc6d4b" outcome="Passed" testListId="8c84fa94-04c1-424b-9868-57a2d4851a1d" relativeResultsDirectory="fd49c956-f2ce-49ff-b70a-588652fad3e9" />
    <UnitTestResult executionId="0d819a40-ca6a-4a6c-a1a0-fcaaf271885f" testId="8d28c93b-e642-4462-9a70-386b77da95db" testName="FormatToStringTest1000 (34021.1384072961,34021.14 zł)" computerName="DESKTOP-5URQ9PB" duration="00:00:00.0000062" startTime="2022-06-13T21:12:02.2927066+02:00" endTime="2022-06-13T21:12:02.2927690+02:00" testType="13cdc9d9-ddb5-4fa4-a97d-d965ccfc6d4b" outcome="Passed" testListId="8c84fa94-04c1-424b-9868-57a2d4851a1d" relativeResultsDirectory="0d819a40-ca6a-4a6c-a1a0-fcaaf271885f" />
    <UnitTestResult executionId="6e3d4ea4-4cb2-4afc-9d4a-e52f57786f09" testId="ba65e657-47ec-453a-94ad-77ca82e9696d" testName="FormatToStringTest1000 (115.26302841131717,115.26 zł)" computerName="DESKTOP-5URQ9PB" duration="00:00:00.0000062" startTime="2022-06-13T21:12:02.0311257+02:00" endTime="2022-06-13T21:12:02.0311926+02:00" testType="13cdc9d9-ddb5-4fa4-a97d-d965ccfc6d4b" outcome="Passed" testListId="8c84fa94-04c1-424b-9868-57a2d4851a1d" relativeResultsDirectory="6e3d4ea4-4cb2-4afc-9d4a-e52f57786f09" />
    <UnitTestResult executionId="cf483522-b2fe-43bb-8160-5be7a95e69bf" testId="f80ef7a5-0fc2-4198-8898-9622f203287b" testName="FormatToStringTest1000 (2718.1767171650085,2718.18 zł)" computerName="DESKTOP-5URQ9PB" duration="00:00:00.0000064" startTime="2022-06-13T21:12:02.0643437+02:00" endTime="2022-06-13T21:12:02.0644169+02:00" testType="13cdc9d9-ddb5-4fa4-a97d-d965ccfc6d4b" outcome="Passed" testListId="8c84fa94-04c1-424b-9868-57a2d4851a1d" relativeResultsDirectory="cf483522-b2fe-43bb-8160-5be7a95e69bf" />
    <UnitTestResult executionId="2b2c7dd2-d0e4-40bc-bc13-0f0516675201" testId="357c5b3a-3ab6-47c8-9d21-0fbb074d6f08" testName="FormatToStringTest1000 (14867.726341984107,14867.73 zł)" computerName="DESKTOP-5URQ9PB" duration="00:00:00.0000064" startTime="2022-06-13T21:12:02.1978074+02:00" endTime="2022-06-13T21:12:02.1978755+02:00" testType="13cdc9d9-ddb5-4fa4-a97d-d965ccfc6d4b" outcome="Passed" testListId="8c84fa94-04c1-424b-9868-57a2d4851a1d" relativeResultsDirectory="2b2c7dd2-d0e4-40bc-bc13-0f0516675201" />
    <UnitTestResult executionId="724f8017-e8f9-475d-b679-0f5c3b9d1974" testId="7f4e0041-83f6-4624-97dd-e979bbe8ac84" testName="FormatToStringTest1000 (9190.067404299076,9190.07 zł)" computerName="DESKTOP-5URQ9PB" duration="00:00:00.0000063" startTime="2022-06-13T21:12:02.2640063+02:00" endTime="2022-06-13T21:12:02.2640717+02:00" testType="13cdc9d9-ddb5-4fa4-a97d-d965ccfc6d4b" outcome="Passed" testListId="8c84fa94-04c1-424b-9868-57a2d4851a1d" relativeResultsDirectory="724f8017-e8f9-475d-b679-0f5c3b9d1974" />
    <UnitTestResult executionId="afbe26fa-829f-41dd-ae1a-e619a6d5380d" testId="535408e3-71ce-4248-be7a-4d1fe6298d01" testName="FormatToStringTest1000 (61422.228144277455,61422.23 zł)" computerName="DESKTOP-5URQ9PB" duration="00:00:00.0000071" startTime="2022-06-13T21:12:02.2143365+02:00" endTime="2022-06-13T21:12:02.2144028+02:00" testType="13cdc9d9-ddb5-4fa4-a97d-d965ccfc6d4b" outcome="Passed" testListId="8c84fa94-04c1-424b-9868-57a2d4851a1d" relativeResultsDirectory="afbe26fa-829f-41dd-ae1a-e619a6d5380d" />
    <UnitTestResult executionId="870d80c5-cba2-43e7-bc05-eaf430916c6f" testId="23887f41-b406-4b44-9cb1-66eeb3f74bb3" testName="FormatToStringTest1000 (6417.5922460628635,6417.59 zł)" computerName="DESKTOP-5URQ9PB" duration="00:00:00.0000065" startTime="2022-06-13T21:12:02.1272660+02:00" endTime="2022-06-13T21:12:02.1273463+02:00" testType="13cdc9d9-ddb5-4fa4-a97d-d965ccfc6d4b" outcome="Passed" testListId="8c84fa94-04c1-424b-9868-57a2d4851a1d" relativeResultsDirectory="870d80c5-cba2-43e7-bc05-eaf430916c6f" />
    <UnitTestResult executionId="152ce6f1-3f79-432f-b7c4-5118c78426d7" testId="676be7de-de87-441f-b8cd-f0a9f32486cb" testName="FormatToStringTest1000 (36320.770035296104,36320.77 zł)" computerName="DESKTOP-5URQ9PB" duration="00:00:00.0000063" startTime="2022-06-13T21:12:02.2635882+02:00" endTime="2022-06-13T21:12:02.2636567+02:00" testType="13cdc9d9-ddb5-4fa4-a97d-d965ccfc6d4b" outcome="Passed" testListId="8c84fa94-04c1-424b-9868-57a2d4851a1d" relativeResultsDirectory="152ce6f1-3f79-432f-b7c4-5118c78426d7" />
    <UnitTestResult executionId="8264e61a-d9ba-4ff1-94b7-bf3caf2357c9" testId="0a82462f-cfe5-4955-899f-13b44a7dc1ce" testName="FormatToStringTest1000 (14480.387652530982,14480.39 zł)" computerName="DESKTOP-5URQ9PB" duration="00:00:00.0000063" startTime="2022-06-13T21:12:02.0510019+02:00" endTime="2022-06-13T21:12:02.0510684+02:00" testType="13cdc9d9-ddb5-4fa4-a97d-d965ccfc6d4b" outcome="Passed" testListId="8c84fa94-04c1-424b-9868-57a2d4851a1d" relativeResultsDirectory="8264e61a-d9ba-4ff1-94b7-bf3caf2357c9" />
    <UnitTestResult executionId="70d86e70-afde-4998-8de0-0c114a55a7a1" testId="630c6a7f-8ad6-4620-b9cd-ab298319ec44" testName="FormatToStringTest1000 (1664.7834932994022,1664.78 zł)" computerName="DESKTOP-5URQ9PB" duration="00:00:00.0000072" startTime="2022-06-13T21:12:02.2882801+02:00" endTime="2022-06-13T21:12:02.2883762+02:00" testType="13cdc9d9-ddb5-4fa4-a97d-d965ccfc6d4b" outcome="Passed" testListId="8c84fa94-04c1-424b-9868-57a2d4851a1d" relativeResultsDirectory="70d86e70-afde-4998-8de0-0c114a55a7a1" />
    <UnitTestResult executionId="a74f0f1b-86c8-4c26-8ef0-56b4046a2608" testId="d6bd2450-53ae-4736-990d-c3c5b756c7a1" testName="FormatToStringTest1000 (10324.538670147089,10324.54 zł)" computerName="DESKTOP-5URQ9PB" duration="00:00:00.0000061" startTime="2022-06-13T21:12:02.1981430+02:00" endTime="2022-06-13T21:12:02.1982094+02:00" testType="13cdc9d9-ddb5-4fa4-a97d-d965ccfc6d4b" outcome="Passed" testListId="8c84fa94-04c1-424b-9868-57a2d4851a1d" relativeResultsDirectory="a74f0f1b-86c8-4c26-8ef0-56b4046a2608" />
    <UnitTestResult executionId="6d056168-9e3a-4121-9d12-c0722594c3c3" testId="e0e653d4-271d-40b0-971b-1484d9d16cbf" testName="FormatToStringTest1000 (12903.541202012237,12903.54 zł)" computerName="DESKTOP-5URQ9PB" duration="00:00:00.0000064" startTime="2022-06-13T21:12:02.0642486+02:00" endTime="2022-06-13T21:12:02.0643228+02:00" testType="13cdc9d9-ddb5-4fa4-a97d-d965ccfc6d4b" outcome="Passed" testListId="8c84fa94-04c1-424b-9868-57a2d4851a1d" relativeResultsDirectory="6d056168-9e3a-4121-9d12-c0722594c3c3" />
    <UnitTestResult executionId="1745f4c3-bb6a-40a3-9cdd-c55a42c7ca4c" testId="eb00ea55-c389-4515-b561-fcafe1f298fa" testName="FormatToStringTest1000 (13681.607566007231,13681.61 zł)" computerName="DESKTOP-5URQ9PB" duration="00:00:00.0000063" startTime="2022-06-13T21:12:02.1619106+02:00" endTime="2022-06-13T21:12:02.1619778+02:00" testType="13cdc9d9-ddb5-4fa4-a97d-d965ccfc6d4b" outcome="Passed" testListId="8c84fa94-04c1-424b-9868-57a2d4851a1d" relativeResultsDirectory="1745f4c3-bb6a-40a3-9cdd-c55a42c7ca4c" />
    <UnitTestResult executionId="62b890af-ec18-445e-90ec-cbf4876cb9f3" testId="9f819303-dffc-4c55-a0f2-a47b740ede96" testName="FormatToStringTest1000 (9994.9471861026,9994.95 zł)" computerName="DESKTOP-5URQ9PB" duration="00:00:00.0000069" startTime="2022-06-13T21:12:02.0573663+02:00" endTime="2022-06-13T21:12:02.0574390+02:00" testType="13cdc9d9-ddb5-4fa4-a97d-d965ccfc6d4b" outcome="Passed" testListId="8c84fa94-04c1-424b-9868-57a2d4851a1d" relativeResultsDirectory="62b890af-ec18-445e-90ec-cbf4876cb9f3" />
    <UnitTestResult executionId="5d3a3981-7ae7-4fef-a06c-e095a3714caf" testId="547d48f1-0ad4-46da-96ca-51c4264c8089" testName="FormatToStringTest1000 (2975.6892256134606,2975.69 zł)" computerName="DESKTOP-5URQ9PB" duration="00:00:00.0000061" startTime="2022-06-13T21:12:02.1244023+02:00" endTime="2022-06-13T21:12:02.1244692+02:00" testType="13cdc9d9-ddb5-4fa4-a97d-d965ccfc6d4b" outcome="Passed" testListId="8c84fa94-04c1-424b-9868-57a2d4851a1d" relativeResultsDirectory="5d3a3981-7ae7-4fef-a06c-e095a3714caf" />
    <UnitTestResult executionId="980fe077-99e8-4c78-aa0c-73136a46958e" testId="d3af94e5-ef2b-4b4a-9895-93106cf3212d" testName="FormatToStringTest1000 (21961.272673999552,21961.27 zł)" computerName="DESKTOP-5URQ9PB" duration="00:00:00.0000087" startTime="2022-06-13T21:12:01.9824857+02:00" endTime="2022-06-13T21:12:01.9825954+02:00" testType="13cdc9d9-ddb5-4fa4-a97d-d965ccfc6d4b" outcome="Passed" testListId="8c84fa94-04c1-424b-9868-57a2d4851a1d" relativeResultsDirectory="980fe077-99e8-4c78-aa0c-73136a46958e" />
    <UnitTestResult executionId="231c4678-42ac-405a-8be0-f428c6289bfe" testId="512cef74-7efb-44f1-be10-c5817df07fb2" testName="FormatToStringTest1000 (29362.005930638876,29362.01 zł)" computerName="DESKTOP-5URQ9PB" duration="00:00:00.0000073" startTime="2022-06-13T21:12:02.0537508+02:00" endTime="2022-06-13T21:12:02.0538330+02:00" testType="13cdc9d9-ddb5-4fa4-a97d-d965ccfc6d4b" outcome="Passed" testListId="8c84fa94-04c1-424b-9868-57a2d4851a1d" relativeResultsDirectory="231c4678-42ac-405a-8be0-f428c6289bfe" />
    <UnitTestResult executionId="e6c90841-cf4c-49ae-8e32-596b4f798b53" testId="b1494e00-9ed8-44fc-b255-262675f82b22" testName="FormatToStringTest1000 (72905.64834432845,72905.65 zł)" computerName="DESKTOP-5URQ9PB" duration="00:00:00.0000071" startTime="2022-06-13T21:12:02.2322767+02:00" endTime="2022-06-13T21:12:02.2323547+02:00" testType="13cdc9d9-ddb5-4fa4-a97d-d965ccfc6d4b" outcome="Passed" testListId="8c84fa94-04c1-424b-9868-57a2d4851a1d" relativeResultsDirectory="e6c90841-cf4c-49ae-8e32-596b4f798b53" />
    <UnitTestResult executionId="e325aaac-4517-422e-9a47-9ed5f039542d" testId="85c6f201-76b4-40e4-a3b9-ee5881a118b5" testName="FormatToStringTest1000 (11100.829211263372,11100.83 zł)" computerName="DESKTOP-5URQ9PB" duration="00:00:00.0000065" startTime="2022-06-13T21:12:01.9576510+02:00" endTime="2022-06-13T21:12:01.9577252+02:00" testType="13cdc9d9-ddb5-4fa4-a97d-d965ccfc6d4b" outcome="Passed" testListId="8c84fa94-04c1-424b-9868-57a2d4851a1d" relativeResultsDirectory="e325aaac-4517-422e-9a47-9ed5f039542d" />
    <UnitTestResult executionId="3479d456-e742-473f-9845-d84f75516cd6" testId="39a7fb42-fd6b-4b31-838e-c9a00e209a2c" testName="FormatToStringTest1000 (64210.358316209335,64210.36 zł)" computerName="DESKTOP-5URQ9PB" duration="00:00:00.0000066" startTime="2022-06-13T21:12:01.9931466+02:00" endTime="2022-06-13T21:12:01.9932231+02:00" testType="13cdc9d9-ddb5-4fa4-a97d-d965ccfc6d4b" outcome="Passed" testListId="8c84fa94-04c1-424b-9868-57a2d4851a1d" relativeResultsDirectory="3479d456-e742-473f-9845-d84f75516cd6" />
    <UnitTestResult executionId="6eb7eef3-217b-410d-bd9a-f5f98d8be200" testId="998549f0-e82d-4357-b519-24dd2bbb5b19" testName="FormatToStringTest1000 (50339.31259969497,50339.31 zł)" computerName="DESKTOP-5URQ9PB" duration="00:00:00.0000094" startTime="2022-06-13T21:12:01.9821792+02:00" endTime="2022-06-13T21:12:01.9823054+02:00" testType="13cdc9d9-ddb5-4fa4-a97d-d965ccfc6d4b" outcome="Passed" testListId="8c84fa94-04c1-424b-9868-57a2d4851a1d" relativeResultsDirectory="6eb7eef3-217b-410d-bd9a-f5f98d8be200" />
    <UnitTestResult executionId="075857eb-6a0e-4313-8318-3d72aea829e5" testId="5726b124-ab1d-47fa-98de-8cd3d2e86348" testName="FormatToStringTest1000 (5548.360986085777,5548.36 zł)" computerName="DESKTOP-5URQ9PB" duration="00:00:00.0000064" startTime="2022-06-13T21:12:02.2000262+02:00" endTime="2022-06-13T21:12:02.2001042+02:00" testType="13cdc9d9-ddb5-4fa4-a97d-d965ccfc6d4b" outcome="Passed" testListId="8c84fa94-04c1-424b-9868-57a2d4851a1d" relativeResultsDirectory="075857eb-6a0e-4313-8318-3d72aea829e5" />
    <UnitTestResult executionId="b3f20ccb-146f-4d4f-bf1a-b716cf24ee71" testId="ba0282e0-84c6-4cf4-9d19-f80127bf7aa6" testName="FormatToStringTest1000 (48544.390887578666,48544.39 zł)" computerName="DESKTOP-5URQ9PB" duration="00:00:00.0000478" startTime="2022-06-13T21:12:02.1790020+02:00" endTime="2022-06-13T21:12:02.1795900+02:00" testType="13cdc9d9-ddb5-4fa4-a97d-d965ccfc6d4b" outcome="Passed" testListId="8c84fa94-04c1-424b-9868-57a2d4851a1d" relativeResultsDirectory="b3f20ccb-146f-4d4f-bf1a-b716cf24ee71" />
    <UnitTestResult executionId="0f823141-9256-483f-94e3-cb196c91c250" testId="70fbebdf-894b-46d8-810a-a334a308b7bb" testName="FormatToStringTest1000 (21693.340115174808,21693.34 zł)" computerName="DESKTOP-5URQ9PB" duration="00:00:00.0000062" startTime="2022-06-13T21:12:02.1445387+02:00" endTime="2022-06-13T21:12:02.1446062+02:00" testType="13cdc9d9-ddb5-4fa4-a97d-d965ccfc6d4b" outcome="Passed" testListId="8c84fa94-04c1-424b-9868-57a2d4851a1d" relativeResultsDirectory="0f823141-9256-483f-94e3-cb196c91c250" />
    <UnitTestResult executionId="47f0b789-e41c-4360-b090-7db7bebbc39d" testId="e9143dbb-ac98-404c-a13a-3c3c801dd1f6" testName="FormatToStringTest1000 (1208.1827589441941,1208.18 zł)" computerName="DESKTOP-5URQ9PB" duration="00:00:00.0000088" startTime="2022-06-13T21:12:01.9732481+02:00" endTime="2022-06-13T21:12:01.9733514+02:00" testType="13cdc9d9-ddb5-4fa4-a97d-d965ccfc6d4b" outcome="Passed" testListId="8c84fa94-04c1-424b-9868-57a2d4851a1d" relativeResultsDirectory="47f0b789-e41c-4360-b090-7db7bebbc39d" />
    <UnitTestResult executionId="e2343963-4c5c-4f2a-a0d6-e02c5d85f5b1" testId="9dc6d363-2f71-45de-bd13-cb7bbbf942cb" testName="FormatToStringTest1000 (37889.10086727193,37889.10 zł)" computerName="DESKTOP-5URQ9PB" duration="00:00:00.0000064" startTime="2022-06-13T21:12:01.9968429+02:00" endTime="2022-06-13T21:12:01.9969164+02:00" testType="13cdc9d9-ddb5-4fa4-a97d-d965ccfc6d4b" outcome="Passed" testListId="8c84fa94-04c1-424b-9868-57a2d4851a1d" relativeResultsDirectory="e2343963-4c5c-4f2a-a0d6-e02c5d85f5b1" />
    <UnitTestResult executionId="250e53e8-9155-4d40-9202-10de70b79166" testId="2c37b4bc-8d28-41c3-a3da-c340ba40de77" testName="FormatToStringTest1000 (13323.876109275909,13323.88 zł)" computerName="DESKTOP-5URQ9PB" duration="00:00:00.0000062" startTime="2022-06-13T21:12:02.2605635+02:00" endTime="2022-06-13T21:12:02.2606278+02:00" testType="13cdc9d9-ddb5-4fa4-a97d-d965ccfc6d4b" outcome="Passed" testListId="8c84fa94-04c1-424b-9868-57a2d4851a1d" relativeResultsDirectory="250e53e8-9155-4d40-9202-10de70b79166" />
    <UnitTestResult executionId="70cbcf8b-3fab-442c-a0ad-39d2b1d61695" testId="c07cbaa6-238d-4ff9-8911-57dd5b71a45c" testName="FormatToStringTest1000 (49256.65708813195,49256.66 zł)" computerName="DESKTOP-5URQ9PB" duration="00:00:00.0000062" startTime="2022-06-13T21:12:02.2165626+02:00" endTime="2022-06-13T21:12:02.2166271+02:00" testType="13cdc9d9-ddb5-4fa4-a97d-d965ccfc6d4b" outcome="Passed" testListId="8c84fa94-04c1-424b-9868-57a2d4851a1d" relativeResultsDirectory="70cbcf8b-3fab-442c-a0ad-39d2b1d61695" />
    <UnitTestResult executionId="45a9e964-9a89-4b2e-8bc8-6390482473a4" testId="72cbe45a-68f5-48d7-bc01-879de912aeb5" testName="FormatToStringTest1000 (75024.79122970243,75024.79 zł)" computerName="DESKTOP-5URQ9PB" duration="00:00:00.0000075" startTime="2022-06-13T21:12:02.0637564+02:00" endTime="2022-06-13T21:12:02.0638503+02:00" testType="13cdc9d9-ddb5-4fa4-a97d-d965ccfc6d4b" outcome="Passed" testListId="8c84fa94-04c1-424b-9868-57a2d4851a1d" relativeResultsDirectory="45a9e964-9a89-4b2e-8bc8-6390482473a4" />
    <UnitTestResult executionId="873b1b5c-b3e4-475a-b66f-3d1cbf6230e6" testId="59f646ea-d774-4e8f-b6dc-416b015cc1a2" testName="FormatToStringTest1000 (3649.9254912836127,3649.93 zł)" computerName="DESKTOP-5URQ9PB" duration="00:00:00.0000076" startTime="2022-06-13T21:12:02.2901224+02:00" endTime="2022-06-13T21:12:02.2902083+02:00" testType="13cdc9d9-ddb5-4fa4-a97d-d965ccfc6d4b" outcome="Passed" testListId="8c84fa94-04c1-424b-9868-57a2d4851a1d" relativeResultsDirectory="873b1b5c-b3e4-475a-b66f-3d1cbf6230e6" />
    <UnitTestResult executionId="0e2f2b9f-39bf-4b4c-a7df-6fa9500fd1cd" testId="94a6c958-3de0-4a12-8d74-14118511e084" testName="FormatToStringTest1000 (6864.093052674129,6864.09 zł)" computerName="DESKTOP-5URQ9PB" duration="00:00:00.0000066" startTime="2022-06-13T21:12:01.9934295+02:00" endTime="2022-06-13T21:12:01.9935080+02:00" testType="13cdc9d9-ddb5-4fa4-a97d-d965ccfc6d4b" outcome="Passed" testListId="8c84fa94-04c1-424b-9868-57a2d4851a1d" relativeResultsDirectory="0e2f2b9f-39bf-4b4c-a7df-6fa9500fd1cd" />
    <UnitTestResult executionId="d7d6ea27-6555-4f9a-9abc-d10e1af7a1bb" testId="51fa9a55-682b-4c91-b511-75dcfac9c2d4" testName="FormatToStringTest1000 (2751.3751475258614,2751.38 zł)" computerName="DESKTOP-5URQ9PB" duration="00:00:00.0000061" startTime="2022-06-13T21:12:02.2587138+02:00" endTime="2022-06-13T21:12:02.2587775+02:00" testType="13cdc9d9-ddb5-4fa4-a97d-d965ccfc6d4b" outcome="Passed" testListId="8c84fa94-04c1-424b-9868-57a2d4851a1d" relativeResultsDirectory="d7d6ea27-6555-4f9a-9abc-d10e1af7a1bb" />
    <UnitTestResult executionId="8d1e6564-ecfa-4c5c-a4a3-9c32912d9415" testId="54eb7676-e25c-46a5-9d0f-0c2dd1f0a7fb" testName="FormatToStringTest1000 (8514.837538072763,8514.84 zł)" computerName="DESKTOP-5URQ9PB" duration="00:00:00.0000065" startTime="2022-06-13T21:12:02.2883970+02:00" endTime="2022-06-13T21:12:02.2884664+02:00" testType="13cdc9d9-ddb5-4fa4-a97d-d965ccfc6d4b" outcome="Passed" testListId="8c84fa94-04c1-424b-9868-57a2d4851a1d" relativeResultsDirectory="8d1e6564-ecfa-4c5c-a4a3-9c32912d9415" />
    <UnitTestResult executionId="b36b6ebc-d4d6-4fba-b06d-5905f32f38de" testId="4ace5b29-0d8e-446b-84e5-ea7cf3aee00d" testName="FormatToStringTest1000 (34060.48467268724,34060.48 zł)" computerName="DESKTOP-5URQ9PB" duration="00:00:00.0000077" startTime="2022-06-13T21:12:02.2302666+02:00" endTime="2022-06-13T21:12:02.2303515+02:00" testType="13cdc9d9-ddb5-4fa4-a97d-d965ccfc6d4b" outcome="Passed" testListId="8c84fa94-04c1-424b-9868-57a2d4851a1d" relativeResultsDirectory="b36b6ebc-d4d6-4fba-b06d-5905f32f38de" />
    <UnitTestResult executionId="b7482178-735c-4dd9-928b-03a7d6a43f98" testId="77f8a4ab-1edc-45d2-b538-8bd60f02ea3f" testName="FormatToStringTest1000 (17988.455793307843,17988.46 zł)" computerName="DESKTOP-5URQ9PB" duration="00:00:00.0000063" startTime="2022-06-13T21:12:02.0129004+02:00" endTime="2022-06-13T21:12:02.0129680+02:00" testType="13cdc9d9-ddb5-4fa4-a97d-d965ccfc6d4b" outcome="Passed" testListId="8c84fa94-04c1-424b-9868-57a2d4851a1d" relativeResultsDirectory="b7482178-735c-4dd9-928b-03a7d6a43f98" />
    <UnitTestResult executionId="18e45f6c-397f-4960-b94e-dc56d18e73d9" testId="2abfd4af-68a6-44d9-8972-e0fd81aa32b1" testName="FormatToStringTest1000 (49256.47455728635,49256.47 zł)" computerName="DESKTOP-5URQ9PB" duration="00:00:00.0000073" startTime="2022-06-13T21:12:02.2881801+02:00" endTime="2022-06-13T21:12:02.2882584+02:00" testType="13cdc9d9-ddb5-4fa4-a97d-d965ccfc6d4b" outcome="Passed" testListId="8c84fa94-04c1-424b-9868-57a2d4851a1d" relativeResultsDirectory="18e45f6c-397f-4960-b94e-dc56d18e73d9" />
    <UnitTestResult executionId="376abcc0-e9a2-42fe-8dc6-2b1d8b23146a" testId="7407a058-9fd5-4565-a2b6-17716aed7993" testName="FormatToStringTest1000 (32216.686763396807,32216.69 zł)" computerName="DESKTOP-5URQ9PB" duration="00:00:00.0000069" startTime="2022-06-13T21:12:01.9115168+02:00" endTime="2022-06-13T21:12:01.9115977+02:00" testType="13cdc9d9-ddb5-4fa4-a97d-d965ccfc6d4b" outcome="Passed" testListId="8c84fa94-04c1-424b-9868-57a2d4851a1d" relativeResultsDirectory="376abcc0-e9a2-42fe-8dc6-2b1d8b23146a" />
    <UnitTestResult executionId="44477418-fd01-4ce8-9a3e-f396950143cc" testId="713c8665-6dce-4640-a48f-c5d88053a7af" testName="FormatToStringTest1000 (44065.726815678056,44065.73 zł)" computerName="DESKTOP-5URQ9PB" duration="00:00:00.0000066" startTime="2022-06-13T21:12:02.0607083+02:00" endTime="2022-06-13T21:12:02.0607824+02:00" testType="13cdc9d9-ddb5-4fa4-a97d-d965ccfc6d4b" outcome="Passed" testListId="8c84fa94-04c1-424b-9868-57a2d4851a1d" relativeResultsDirectory="44477418-fd01-4ce8-9a3e-f396950143cc" />
    <UnitTestResult executionId="d1d038c4-6555-4960-9c4a-4e05cb53396b" testId="bf9974fb-fbca-4163-991c-c7a9c0fbbcab" testName="FormatToStringTest1000 (34084.19497795599,34084.19 zł)" computerName="DESKTOP-5URQ9PB" duration="00:00:00.0000062" startTime="2022-06-13T21:12:02.2886504+02:00" endTime="2022-06-13T21:12:02.2887165+02:00" testType="13cdc9d9-ddb5-4fa4-a97d-d965ccfc6d4b" outcome="Passed" testListId="8c84fa94-04c1-424b-9868-57a2d4851a1d" relativeResultsDirectory="d1d038c4-6555-4960-9c4a-4e05cb53396b" />
    <UnitTestResult executionId="11afc021-0790-4de6-a90d-377df13db325" testId="b217c3d8-9d60-4c04-b4c1-04c34d552291" testName="FormatToStringTest1000 (22799.991836491965,22799.99 zł)" computerName="DESKTOP-5URQ9PB" duration="00:00:00.0000064" startTime="2022-06-13T21:12:02.1079628+02:00" endTime="2022-06-13T21:12:02.1080292+02:00" testType="13cdc9d9-ddb5-4fa4-a97d-d965ccfc6d4b" outcome="Passed" testListId="8c84fa94-04c1-424b-9868-57a2d4851a1d" relativeResultsDirectory="11afc021-0790-4de6-a90d-377df13db325" />
    <UnitTestResult executionId="c2c66f42-4631-42bf-ac32-fa3f95a9354d" testId="3b8a39e5-e810-4f96-a235-8e3f5dceeb6e" testName="FormatToStringTest1000 (69864.17463991146,69864.17 zł)" computerName="DESKTOP-5URQ9PB" duration="00:00:00.0000096" startTime="2022-06-13T21:12:01.9883486+02:00" endTime="2022-06-13T21:12:01.9884634+02:00" testType="13cdc9d9-ddb5-4fa4-a97d-d965ccfc6d4b" outcome="Passed" testListId="8c84fa94-04c1-424b-9868-57a2d4851a1d" relativeResultsDirectory="c2c66f42-4631-42bf-ac32-fa3f95a9354d" />
    <UnitTestResult executionId="bfdc2e88-885c-4099-8c8d-5b66e8c33471" testId="ecafdff4-b4f4-4bb4-b6ab-861e21393c7c" testName="FormatToStringTest1000 (22281.48592587257,22281.49 zł)" computerName="DESKTOP-5URQ9PB" duration="00:00:00.0000087" startTime="2022-06-13T21:12:02.0713691+02:00" endTime="2022-06-13T21:12:02.0714902+02:00" testType="13cdc9d9-ddb5-4fa4-a97d-d965ccfc6d4b" outcome="Passed" testListId="8c84fa94-04c1-424b-9868-57a2d4851a1d" relativeResultsDirectory="bfdc2e88-885c-4099-8c8d-5b66e8c33471" />
    <UnitTestResult executionId="a908e001-a3d5-4a9d-91de-e8b592fda2cc" testId="765fa88a-fd67-4b3a-8a32-6c641a5fa0c0" testName="FormatToStringTest1000 (30360.993128030557,30360.99 zł)" computerName="DESKTOP-5URQ9PB" duration="00:00:00.0000063" startTime="2022-06-13T21:12:02.2922138+02:00" endTime="2022-06-13T21:12:02.2922848+02:00" testType="13cdc9d9-ddb5-4fa4-a97d-d965ccfc6d4b" outcome="Passed" testListId="8c84fa94-04c1-424b-9868-57a2d4851a1d" relativeResultsDirectory="a908e001-a3d5-4a9d-91de-e8b592fda2cc" />
    <UnitTestResult executionId="60c2c142-c195-4a6b-9121-53c1dbcc4ade" testId="1855ee85-2ae7-47d8-b031-56fbf6387259" testName="FormatToStringTest1000 (37614.50159416278,37614.50 zł)" computerName="DESKTOP-5URQ9PB" duration="00:00:00.0000062" startTime="2022-06-13T21:12:02.2804052+02:00" endTime="2022-06-13T21:12:02.2804703+02:00" testType="13cdc9d9-ddb5-4fa4-a97d-d965ccfc6d4b" outcome="Passed" testListId="8c84fa94-04c1-424b-9868-57a2d4851a1d" relativeResultsDirectory="60c2c142-c195-4a6b-9121-53c1dbcc4ade" />
    <UnitTestResult executionId="491cc042-b748-425c-80ea-460ec49607a8" testId="83097c7e-56b6-46ad-9ce5-3b07e4c9fd7b" testName="FormatToStringTest1000 (78796.90433980194,78796.90 zł)" computerName="DESKTOP-5URQ9PB" duration="00:00:00.0000063" startTime="2022-06-13T21:12:02.0249563+02:00" endTime="2022-06-13T21:12:02.0250236+02:00" testType="13cdc9d9-ddb5-4fa4-a97d-d965ccfc6d4b" outcome="Passed" testListId="8c84fa94-04c1-424b-9868-57a2d4851a1d" relativeResultsDirectory="491cc042-b748-425c-80ea-460ec49607a8" />
    <UnitTestResult executionId="24977c77-b4a7-49bf-9d7a-47fad0a1e321" testId="1bd33577-b4c2-441f-99aa-142c330f7b53" testName="FormatToStringTest1000 (27794.8671353957,27794.87 zł)" computerName="DESKTOP-5URQ9PB" duration="00:00:00.0000082" startTime="2022-06-13T21:12:02.2261040+02:00" endTime="2022-06-13T21:12:02.2261917+02:00" testType="13cdc9d9-ddb5-4fa4-a97d-d965ccfc6d4b" outcome="Passed" testListId="8c84fa94-04c1-424b-9868-57a2d4851a1d" relativeResultsDirectory="24977c77-b4a7-49bf-9d7a-47fad0a1e321" />
    <UnitTestResult executionId="d81fa121-3223-4a8e-a9ff-b55110588df8" testId="85f6ff40-8146-433e-b59d-3be7f9fb5d77" testName="FormatToStringTest1000 (5957.42161879941,5957.42 zł)" computerName="DESKTOP-5URQ9PB" duration="00:00:00.0000066" startTime="2022-06-13T21:12:02.2122686+02:00" endTime="2022-06-13T21:12:02.2123351+02:00" testType="13cdc9d9-ddb5-4fa4-a97d-d965ccfc6d4b" outcome="Passed" testListId="8c84fa94-04c1-424b-9868-57a2d4851a1d" relativeResultsDirectory="d81fa121-3223-4a8e-a9ff-b55110588df8" />
    <UnitTestResult executionId="77687775-a85e-45ba-8685-2be40dd256ab" testId="18cb3ed6-dc82-49b5-bdf1-43484b144623" testName="FormatToStringTest1000 (1011.9989482094529,1012.00 zł)" computerName="DESKTOP-5URQ9PB" duration="00:00:00.0000064" startTime="2022-06-13T21:12:02.2005923+02:00" endTime="2022-06-13T21:12:02.2006659+02:00" testType="13cdc9d9-ddb5-4fa4-a97d-d965ccfc6d4b" outcome="Passed" testListId="8c84fa94-04c1-424b-9868-57a2d4851a1d" relativeResultsDirectory="77687775-a85e-45ba-8685-2be40dd256ab" />
    <UnitTestResult executionId="f5d185ab-cdfb-4281-b358-12516ac14f00" testId="0971a820-c64b-452e-942c-40dec9e8f3e5" testName="FormatToStringTest1000 (5279.315995182524,5279.32 zł)" computerName="DESKTOP-5URQ9PB" duration="00:00:00.0000109" startTime="2022-06-13T21:12:02.1613888+02:00" endTime="2022-06-13T21:12:02.1615316+02:00" testType="13cdc9d9-ddb5-4fa4-a97d-d965ccfc6d4b" outcome="Passed" testListId="8c84fa94-04c1-424b-9868-57a2d4851a1d" relativeResultsDirectory="f5d185ab-cdfb-4281-b358-12516ac14f00" />
    <UnitTestResult executionId="9bbabadd-2001-4254-88e3-f7d79e7ff0e8" testId="2e548687-133d-4897-9f88-05daa95cc955" testName="FormatToStringTest1000 (2166.4103293970275,2166.41 zł)" computerName="DESKTOP-5URQ9PB" duration="00:00:00.0000063" startTime="2022-06-13T21:12:02.1479227+02:00" endTime="2022-06-13T21:12:02.1479899+02:00" testType="13cdc9d9-ddb5-4fa4-a97d-d965ccfc6d4b" outcome="Passed" testListId="8c84fa94-04c1-424b-9868-57a2d4851a1d" relativeResultsDirectory="9bbabadd-2001-4254-88e3-f7d79e7ff0e8" />
    <UnitTestResult executionId="6ebb23e4-ec36-4969-a400-bb1fc1dd30bd" testId="74806400-0bce-4199-b2a9-48e64c206502" testName="FormatToStringTest1000 (3588.260979617136,3588.26 zł)" computerName="DESKTOP-5URQ9PB" duration="00:00:00.0000061" startTime="2022-06-13T21:12:02.2543188+02:00" endTime="2022-06-13T21:12:02.2543843+02:00" testType="13cdc9d9-ddb5-4fa4-a97d-d965ccfc6d4b" outcome="Passed" testListId="8c84fa94-04c1-424b-9868-57a2d4851a1d" relativeResultsDirectory="6ebb23e4-ec36-4969-a400-bb1fc1dd30bd" />
    <UnitTestResult executionId="f774f6b5-20ce-4216-93bb-9ffdd4bf2379" testId="39264b37-ccf0-46e3-82bd-35ee7ae34e02" testName="FormatToStringTest1000 (52020.805412759444,52020.81 zł)" computerName="DESKTOP-5URQ9PB" duration="00:00:00.0000081" startTime="2022-06-13T21:12:01.9773089+02:00" endTime="2022-06-13T21:12:01.9773999+02:00" testType="13cdc9d9-ddb5-4fa4-a97d-d965ccfc6d4b" outcome="Passed" testListId="8c84fa94-04c1-424b-9868-57a2d4851a1d" relativeResultsDirectory="f774f6b5-20ce-4216-93bb-9ffdd4bf2379" />
    <UnitTestResult executionId="a7b7219f-aaaf-459e-876c-6a2b3c99e046" testId="f70c7033-b0e8-46ce-bc16-b73b973e3319" testName="FormatToStringTest1000 (26162.532683261918,26162.53 zł)" computerName="DESKTOP-5URQ9PB" duration="00:00:00.0000060" startTime="2022-06-13T21:12:02.2524734+02:00" endTime="2022-06-13T21:12:02.2525381+02:00" testType="13cdc9d9-ddb5-4fa4-a97d-d965ccfc6d4b" outcome="Passed" testListId="8c84fa94-04c1-424b-9868-57a2d4851a1d" relativeResultsDirectory="a7b7219f-aaaf-459e-876c-6a2b3c99e046" />
    <UnitTestResult executionId="cb548c7d-8929-4843-9d6f-de70479bd39f" testId="9a077951-b24a-449b-8d9d-b045b77dea2d" testName="FormatToStringTest1000 (55782.67998761762,55782.68 zł)" computerName="DESKTOP-5URQ9PB" duration="00:00:00.0000063" startTime="2022-06-13T21:12:02.0160240+02:00" endTime="2022-06-13T21:12:02.0160914+02:00" testType="13cdc9d9-ddb5-4fa4-a97d-d965ccfc6d4b" outcome="Passed" testListId="8c84fa94-04c1-424b-9868-57a2d4851a1d" relativeResultsDirectory="cb548c7d-8929-4843-9d6f-de70479bd39f" />
    <UnitTestResult executionId="a280ddbc-8fcd-4626-a20e-0e7af89089dd" testId="04fb3c29-8b94-42e7-8a0d-6ba2e6a03730" testName="FormatToStringTest1000 (37160.85331540269,37160.85 zł)" computerName="DESKTOP-5URQ9PB" duration="00:00:00.0000064" startTime="2022-06-13T21:12:02.0158512+02:00" endTime="2022-06-13T21:12:02.0159205+02:00" testType="13cdc9d9-ddb5-4fa4-a97d-d965ccfc6d4b" outcome="Passed" testListId="8c84fa94-04c1-424b-9868-57a2d4851a1d" relativeResultsDirectory="a280ddbc-8fcd-4626-a20e-0e7af89089dd" />
    <UnitTestResult executionId="128a0b00-3117-41d7-86aa-bae08f313039" testId="3c7e422c-aa9f-4ed5-a870-9f6241071511" testName="FormatToStringTest1000 (1687.6029180025694,1687.60 zł)" computerName="DESKTOP-5URQ9PB" duration="00:00:00.0000068" startTime="2022-06-13T21:12:02.0606099+02:00" endTime="2022-06-13T21:12:02.0606898+02:00" testType="13cdc9d9-ddb5-4fa4-a97d-d965ccfc6d4b" outcome="Passed" testListId="8c84fa94-04c1-424b-9868-57a2d4851a1d" relativeResultsDirectory="128a0b00-3117-41d7-86aa-bae08f313039" />
    <UnitTestResult executionId="cbbdc1f2-97a0-4333-a201-c8953c5ee548" testId="5b18a678-156a-4e16-a3cc-83c73a432281" testName="FormatToStringTest1000 (19216.446905020366,19216.45 zł)" computerName="DESKTOP-5URQ9PB" duration="00:00:00.0000062" startTime="2022-06-13T21:12:02.0034257+02:00" endTime="2022-06-13T21:12:02.0034930+02:00" testType="13cdc9d9-ddb5-4fa4-a97d-d965ccfc6d4b" outcome="Passed" testListId="8c84fa94-04c1-424b-9868-57a2d4851a1d" relativeResultsDirectory="cbbdc1f2-97a0-4333-a201-c8953c5ee548" />
    <UnitTestResult executionId="c202ae01-21ea-479d-99ae-b69f65b460c7" testId="baa53fb9-1d27-49a4-94fe-026b35fea906" testName="FormatToStringTest1000 (21893.78889296939,21893.79 zł)" computerName="DESKTOP-5URQ9PB" duration="00:00:00.0000062" startTime="2022-06-13T21:12:02.2762350+02:00" endTime="2022-06-13T21:12:02.2763012+02:00" testType="13cdc9d9-ddb5-4fa4-a97d-d965ccfc6d4b" outcome="Passed" testListId="8c84fa94-04c1-424b-9868-57a2d4851a1d" relativeResultsDirectory="c202ae01-21ea-479d-99ae-b69f65b460c7" />
    <UnitTestResult executionId="2c40ebde-061d-4cad-80cd-893d0deac827" testId="af5e1983-90d8-49a7-8d71-53bfa31e8412" testName="FormatToStringTest1000 (397.6461894566408,397.65 zł)" computerName="DESKTOP-5URQ9PB" duration="00:00:00.0000070" startTime="2022-06-13T21:12:02.2527151+02:00" endTime="2022-06-13T21:12:02.2527799+02:00" testType="13cdc9d9-ddb5-4fa4-a97d-d965ccfc6d4b" outcome="Passed" testListId="8c84fa94-04c1-424b-9868-57a2d4851a1d" relativeResultsDirectory="2c40ebde-061d-4cad-80cd-893d0deac827" />
    <UnitTestResult executionId="f0863459-e60d-4021-88cd-6a320b979028" testId="0bc9ef8c-5063-4941-a6fc-e49f4ba49e08" testName="FormatToStringTest1000 (13745.115971449817,13745.12 zł)" computerName="DESKTOP-5URQ9PB" duration="00:00:00.0000093" startTime="2022-06-13T21:12:02.0274464+02:00" endTime="2022-06-13T21:12:02.0275623+02:00" testType="13cdc9d9-ddb5-4fa4-a97d-d965ccfc6d4b" outcome="Passed" testListId="8c84fa94-04c1-424b-9868-57a2d4851a1d" relativeResultsDirectory="f0863459-e60d-4021-88cd-6a320b979028" />
    <UnitTestResult executionId="791909e6-8afc-444d-8336-80ce62e2d7d1" testId="bfb54cf5-f8c1-4525-94d9-d07ee41d93f1" testName="FormatToStringTest1000 (7124.979180760672,7124.98 zł)" computerName="DESKTOP-5URQ9PB" duration="00:00:00.0000178" startTime="2022-06-13T21:12:01.9579338+02:00" endTime="2022-06-13T21:12:01.9612378+02:00" testType="13cdc9d9-ddb5-4fa4-a97d-d965ccfc6d4b" outcome="Passed" testListId="8c84fa94-04c1-424b-9868-57a2d4851a1d" relativeResultsDirectory="791909e6-8afc-444d-8336-80ce62e2d7d1" />
    <UnitTestResult executionId="e559366d-a771-473b-a7bf-efa08d891cf2" testId="603d91c9-eaa7-42c4-a172-d121b5a0eec9" testName="FormatToStringTest1000 (29845.02749849345,29845.03 zł)" computerName="DESKTOP-5URQ9PB" duration="00:00:00.0000067" startTime="2022-06-13T21:12:02.0578314+02:00" endTime="2022-06-13T21:12:02.0579083+02:00" testType="13cdc9d9-ddb5-4fa4-a97d-d965ccfc6d4b" outcome="Passed" testListId="8c84fa94-04c1-424b-9868-57a2d4851a1d" relativeResultsDirectory="e559366d-a771-473b-a7bf-efa08d891cf2" />
    <UnitTestResult executionId="c558c2bd-9739-445f-b30f-449cf98466b9" testId="5362fa5a-9280-4cfc-9327-4be6244ddbb6" testName="FormatToStringTest1000 (16383.352881839199,16383.35 zł)" computerName="DESKTOP-5URQ9PB" duration="00:00:00.0000069" startTime="2022-06-13T21:12:01.9768062+02:00" endTime="2022-06-13T21:12:01.9768886+02:00" testType="13cdc9d9-ddb5-4fa4-a97d-d965ccfc6d4b" outcome="Passed" testListId="8c84fa94-04c1-424b-9868-57a2d4851a1d" relativeResultsDirectory="c558c2bd-9739-445f-b30f-449cf98466b9" />
    <UnitTestResult executionId="f332f00c-0eff-43bf-b311-3f99d3c928b8" testId="eb863053-f839-4722-9098-5eda237181cf" testName="FormatToStringTest1000 (35248.53555717996,35248.54 zł)" computerName="DESKTOP-5URQ9PB" duration="00:00:00.0000062" startTime="2022-06-13T21:12:02.2926260+02:00" endTime="2022-06-13T21:12:02.2926901+02:00" testType="13cdc9d9-ddb5-4fa4-a97d-d965ccfc6d4b" outcome="Passed" testListId="8c84fa94-04c1-424b-9868-57a2d4851a1d" relativeResultsDirectory="f332f00c-0eff-43bf-b311-3f99d3c928b8" />
    <UnitTestResult executionId="e40b0160-1883-445a-89dc-56f0da8b0f24" testId="120c19e3-d64e-493a-bdb2-bec63c370fc2" testName="FormatToStringTest1000 (34145.534199603615,34145.53 zł)" computerName="DESKTOP-5URQ9PB" duration="00:00:00.0000060" startTime="2022-06-13T21:12:02.2185535+02:00" endTime="2022-06-13T21:12:02.2186186+02:00" testType="13cdc9d9-ddb5-4fa4-a97d-d965ccfc6d4b" outcome="Passed" testListId="8c84fa94-04c1-424b-9868-57a2d4851a1d" relativeResultsDirectory="e40b0160-1883-445a-89dc-56f0da8b0f24" />
    <UnitTestResult executionId="63789266-adb4-4f2c-a918-92c492c33997" testId="78fa336f-792a-43f8-acba-6d191e224da3" testName="FormatToStringTest1000 (7671.0039663785155,7671.00 zł)" computerName="DESKTOP-5URQ9PB" duration="00:00:00.0000104" startTime="2022-06-13T21:12:02.2402987+02:00" endTime="2022-06-13T21:12:02.2404181+02:00" testType="13cdc9d9-ddb5-4fa4-a97d-d965ccfc6d4b" outcome="Passed" testListId="8c84fa94-04c1-424b-9868-57a2d4851a1d" relativeResultsDirectory="63789266-adb4-4f2c-a918-92c492c33997" />
    <UnitTestResult executionId="efddc791-ed7f-4399-9aeb-d070c9c6cff5" testId="426d6a9e-be1f-4d3a-b5a6-460553bbd9c8" testName="FormatToStringTest1000 (26207.03715363659,26207.04 zł)" computerName="DESKTOP-5URQ9PB" duration="00:00:00.0000063" startTime="2022-06-13T21:12:02.0308705+02:00" endTime="2022-06-13T21:12:02.0309386+02:00" testType="13cdc9d9-ddb5-4fa4-a97d-d965ccfc6d4b" outcome="Passed" testListId="8c84fa94-04c1-424b-9868-57a2d4851a1d" relativeResultsDirectory="efddc791-ed7f-4399-9aeb-d070c9c6cff5" />
    <UnitTestResult executionId="6ae90a7c-9fac-4a1b-904c-ee541e37bf6b" testId="a45bcffc-b4f8-408b-b851-c0c2c5fac79a" testName="FormatToStringTest1000 (2216.881526520886,2216.88 zł)" computerName="DESKTOP-5URQ9PB" duration="00:00:00.0000062" startTime="2022-06-13T21:12:02.2190458+02:00" endTime="2022-06-13T21:12:02.2191113+02:00" testType="13cdc9d9-ddb5-4fa4-a97d-d965ccfc6d4b" outcome="Passed" testListId="8c84fa94-04c1-424b-9868-57a2d4851a1d" relativeResultsDirectory="6ae90a7c-9fac-4a1b-904c-ee541e37bf6b" />
    <UnitTestResult executionId="908c083b-1042-49f5-aa6a-daf45317d7c2" testId="b6cc8699-30a6-4677-bc82-252f7163a536" testName="FormatToStringTest1000 (33206.73122987837,33206.73 zł)" computerName="DESKTOP-5URQ9PB" duration="00:00:00.0000062" startTime="2022-06-13T21:12:01.9737182+02:00" endTime="2022-06-13T21:12:01.9737858+02:00" testType="13cdc9d9-ddb5-4fa4-a97d-d965ccfc6d4b" outcome="Passed" testListId="8c84fa94-04c1-424b-9868-57a2d4851a1d" relativeResultsDirectory="908c083b-1042-49f5-aa6a-daf45317d7c2" />
    <UnitTestResult executionId="c0875e39-9874-4390-b2c7-db6636997c19" testId="53676b6d-5034-4dd5-b018-033eb351c61f" testName="FormatToStringTest1000 (3907.8681317963024,3907.87 zł)" computerName="DESKTOP-5URQ9PB" duration="00:00:00.0000086" startTime="2022-06-13T21:12:01.9997265+02:00" endTime="2022-06-13T21:12:01.9998386+02:00" testType="13cdc9d9-ddb5-4fa4-a97d-d965ccfc6d4b" outcome="Passed" testListId="8c84fa94-04c1-424b-9868-57a2d4851a1d" relativeResultsDirectory="c0875e39-9874-4390-b2c7-db6636997c19" />
    <UnitTestResult executionId="dda3a1f1-fb0d-42c8-8d25-2e0a79657c3a" testId="b73dbd78-2285-4f99-9ecf-40488e1e809c" testName="FormatToStringTest1000 (59283.7670322637,59283.77 zł)" computerName="DESKTOP-5URQ9PB" duration="00:00:00.0000064" startTime="2022-06-13T21:12:02.2946127+02:00" endTime="2022-06-13T21:12:02.2946758+02:00" testType="13cdc9d9-ddb5-4fa4-a97d-d965ccfc6d4b" outcome="Passed" testListId="8c84fa94-04c1-424b-9868-57a2d4851a1d" relativeResultsDirectory="dda3a1f1-fb0d-42c8-8d25-2e0a79657c3a" />
    <UnitTestResult executionId="9a0bcd77-c457-489f-bdc9-643f8d98284c" testId="31e77a40-d7d0-4c47-8006-8e1381fddf04" testName="FormatToStringTest1000 (22189.78731674132,22189.79 zł)" computerName="DESKTOP-5URQ9PB" duration="00:00:00.0000618" startTime="2022-06-13T21:12:02.1691794+02:00" endTime="2022-06-13T21:12:02.1701689+02:00" testType="13cdc9d9-ddb5-4fa4-a97d-d965ccfc6d4b" outcome="Passed" testListId="8c84fa94-04c1-424b-9868-57a2d4851a1d" relativeResultsDirectory="9a0bcd77-c457-489f-bdc9-643f8d98284c" />
    <UnitTestResult executionId="8e321b19-085f-413f-83e9-6c1d39900e2a" testId="e0614913-c91e-4402-bd00-a8536c4ccf1e" testName="FormatToStringTest1000 (36047.83545033672,36047.84 zł)" computerName="DESKTOP-5URQ9PB" duration="00:00:00.0000063" startTime="2022-06-13T21:12:02.2242456+02:00" endTime="2022-06-13T21:12:02.2243117+02:00" testType="13cdc9d9-ddb5-4fa4-a97d-d965ccfc6d4b" outcome="Passed" testListId="8c84fa94-04c1-424b-9868-57a2d4851a1d" relativeResultsDirectory="8e321b19-085f-413f-83e9-6c1d39900e2a" />
    <UnitTestResult executionId="b437c85b-cfca-449b-a62c-28eae0915674" testId="cf0b2c5a-0113-4c30-97e1-a2594b20ae75" testName="FormatToStringTest1000 (11494.27761332238,11494.28 zł)" computerName="DESKTOP-5URQ9PB" duration="00:00:00.0000065" startTime="2022-06-13T21:12:02.0572748+02:00" endTime="2022-06-13T21:12:02.0573487+02:00" testType="13cdc9d9-ddb5-4fa4-a97d-d965ccfc6d4b" outcome="Passed" testListId="8c84fa94-04c1-424b-9868-57a2d4851a1d" relativeResultsDirectory="b437c85b-cfca-449b-a62c-28eae0915674" />
    <UnitTestResult executionId="da7376e8-3148-4d13-a3c1-ab1bec5bc413" testId="64097486-e3d2-487f-90ee-904e18d8d5e1" testName="FormatToStringTest1000 (19462.729986486367,19462.73 zł)" computerName="DESKTOP-5URQ9PB" duration="00:00:00.0000080" startTime="2022-06-13T21:12:02.2162840+02:00" endTime="2022-06-13T21:12:02.2163774+02:00" testType="13cdc9d9-ddb5-4fa4-a97d-d965ccfc6d4b" outcome="Passed" testListId="8c84fa94-04c1-424b-9868-57a2d4851a1d" relativeResultsDirectory="da7376e8-3148-4d13-a3c1-ab1bec5bc413" />
    <UnitTestResult executionId="bbb4cfad-3438-4f7a-90a3-c08f2ac48c46" testId="f72fbe25-4c7b-4bfa-954f-6601568d6786" testName="FormatToStringTest1000 (16957.4523676757,16957.45 zł)" computerName="DESKTOP-5URQ9PB" duration="00:00:00.0000066" startTime="2022-06-13T21:12:02.1510952+02:00" endTime="2022-06-13T21:12:02.1511619+02:00" testType="13cdc9d9-ddb5-4fa4-a97d-d965ccfc6d4b" outcome="Passed" testListId="8c84fa94-04c1-424b-9868-57a2d4851a1d" relativeResultsDirectory="bbb4cfad-3438-4f7a-90a3-c08f2ac48c46" />
    <UnitTestResult executionId="379f11cd-4b87-4e05-8fbb-49c1a19bbb2f" testId="c4b6aebe-d178-40ba-99d7-0d9c5bff1586" testName="FormatToStringTest1000 (51408.294679657694,51408.29 zł)" computerName="DESKTOP-5URQ9PB" duration="00:00:00.0000136" startTime="2022-06-13T21:12:02.0411485+02:00" endTime="2022-06-13T21:12:02.0413361+02:00" testType="13cdc9d9-ddb5-4fa4-a97d-d965ccfc6d4b" outcome="Passed" testListId="8c84fa94-04c1-424b-9868-57a2d4851a1d" relativeResultsDirectory="379f11cd-4b87-4e05-8fbb-49c1a19bbb2f" />
    <UnitTestResult executionId="127cb936-fcf7-4509-9f37-f06869c7f155" testId="ecb1e961-fbfd-4877-9dff-ce9d881103ff" testName="FormatToStringTest1000 (18786.954468002055,18786.95 zł)" computerName="DESKTOP-5URQ9PB" duration="00:00:00.0000073" startTime="2022-06-13T21:12:02.1508979+02:00" endTime="2022-06-13T21:12:02.1509721+02:00" testType="13cdc9d9-ddb5-4fa4-a97d-d965ccfc6d4b" outcome="Passed" testListId="8c84fa94-04c1-424b-9868-57a2d4851a1d" relativeResultsDirectory="127cb936-fcf7-4509-9f37-f06869c7f155" />
    <UnitTestResult executionId="50a4bdb9-648e-4c53-8c35-c40045c7930a" testId="48f6a7ac-a835-4c7d-86ef-d6845a3ab706" testName="FormatToStringTest1000 (72802.68569213277,72802.69 zł)" computerName="DESKTOP-5URQ9PB" duration="00:00:00.0000062" startTime="2022-06-13T21:12:02.2544831+02:00" endTime="2022-06-13T21:12:02.2545479+02:00" testType="13cdc9d9-ddb5-4fa4-a97d-d965ccfc6d4b" outcome="Passed" testListId="8c84fa94-04c1-424b-9868-57a2d4851a1d" relativeResultsDirectory="50a4bdb9-648e-4c53-8c35-c40045c7930a" />
    <UnitTestResult executionId="d35a8981-f459-4447-93be-d5e3fdc7175b" testId="cce2c0ad-e4b9-49eb-97dc-d48bba103918" testName="FormatToStringTest1000 (25272.05048361283,25272.05 zł)" computerName="DESKTOP-5URQ9PB" duration="00:00:00.0000061" startTime="2022-06-13T21:12:02.2661529+02:00" endTime="2022-06-13T21:12:02.2662178+02:00" testType="13cdc9d9-ddb5-4fa4-a97d-d965ccfc6d4b" outcome="Passed" testListId="8c84fa94-04c1-424b-9868-57a2d4851a1d" relativeResultsDirectory="d35a8981-f459-4447-93be-d5e3fdc7175b" />
    <UnitTestResult executionId="6c9f21c1-ec5d-4b05-ae13-950736ed862e" testId="7e13c2eb-4005-4b11-a472-25cde9dd4be7" testName="FormatToStringTest1000 (60299.23738666309,60299.24 zł)" computerName="DESKTOP-5URQ9PB" duration="00:00:00.0000063" startTime="2022-06-13T21:12:02.1411382+02:00" endTime="2022-06-13T21:12:02.1412054+02:00" testType="13cdc9d9-ddb5-4fa4-a97d-d965ccfc6d4b" outcome="Passed" testListId="8c84fa94-04c1-424b-9868-57a2d4851a1d" relativeResultsDirectory="6c9f21c1-ec5d-4b05-ae13-950736ed862e" />
    <UnitTestResult executionId="8a0cb1ce-fd72-4cdf-a7bd-defab15a9361" testId="e75d9d4f-bf80-4fb5-bef7-b2a11b56a848" testName="FormatToStringTest1000 (12379.347974640013,12379.35 zł)" computerName="DESKTOP-5URQ9PB" duration="00:00:00.0000081" startTime="2022-06-13T21:12:02.2777653+02:00" endTime="2022-06-13T21:12:02.2778618+02:00" testType="13cdc9d9-ddb5-4fa4-a97d-d965ccfc6d4b" outcome="Passed" testListId="8c84fa94-04c1-424b-9868-57a2d4851a1d" relativeResultsDirectory="8a0cb1ce-fd72-4cdf-a7bd-defab15a9361" />
    <UnitTestResult executionId="d7a9376c-6138-442d-86e0-2bd313fde8d6" testId="fe764d61-855a-48ec-b55e-48e8a428319e" testName="FormatToStringTest1000 (81326.3340147521,81326.33 zł)" computerName="DESKTOP-5URQ9PB" duration="00:00:00.0000064" startTime="2022-06-13T21:12:02.2546459+02:00" endTime="2022-06-13T21:12:02.2547090+02:00" testType="13cdc9d9-ddb5-4fa4-a97d-d965ccfc6d4b" outcome="Passed" testListId="8c84fa94-04c1-424b-9868-57a2d4851a1d" relativeResultsDirectory="d7a9376c-6138-442d-86e0-2bd313fde8d6" />
    <UnitTestResult executionId="e23a3a5d-e715-472d-b996-582a97765a66" testId="6e65ed36-9db9-451d-83cb-1d2cc0ddad82" testName="FormatToStringTest1000 (1898.24149096489,1898.24 zł)" computerName="DESKTOP-5URQ9PB" duration="00:00:00.0000063" startTime="2022-06-13T21:12:02.2307802+02:00" endTime="2022-06-13T21:12:02.2308430+02:00" testType="13cdc9d9-ddb5-4fa4-a97d-d965ccfc6d4b" outcome="Passed" testListId="8c84fa94-04c1-424b-9868-57a2d4851a1d" relativeResultsDirectory="e23a3a5d-e715-472d-b996-582a97765a66" />
    <UnitTestResult executionId="a4e040cd-85a7-4d9f-82ad-bacb1981ded7" testId="33bae8e6-890e-42be-93d8-8557458472d7" testName="FormatToStringTest1000 (13568.230982493717,13568.23 zł)" computerName="DESKTOP-5URQ9PB" duration="00:00:00.0000357" startTime="2022-06-13T21:12:02.1743779+02:00" endTime="2022-06-13T21:12:02.1747754+02:00" testType="13cdc9d9-ddb5-4fa4-a97d-d965ccfc6d4b" outcome="Passed" testListId="8c84fa94-04c1-424b-9868-57a2d4851a1d" relativeResultsDirectory="a4e040cd-85a7-4d9f-82ad-bacb1981ded7" />
    <UnitTestResult executionId="66aeb793-5f7d-44ee-98fb-34bbac074648" testId="bccdb770-080f-41c6-ae0a-2abde1a73024" testName="FormatToStringTest1000 (32359.431438434138,32359.43 zł)" computerName="DESKTOP-5URQ9PB" duration="00:00:00.0000062" startTime="2022-06-13T21:12:02.2442887+02:00" endTime="2022-06-13T21:12:02.2443538+02:00" testType="13cdc9d9-ddb5-4fa4-a97d-d965ccfc6d4b" outcome="Passed" testListId="8c84fa94-04c1-424b-9868-57a2d4851a1d" relativeResultsDirectory="66aeb793-5f7d-44ee-98fb-34bbac074648" />
    <UnitTestResult executionId="b824c66e-6250-44d9-8b02-0e3c9b8e620c" testId="fdcf27c3-de1b-4491-ad05-4ef391c5639d" testName="FormatToStringTest1000 (5840.747097845071,5840.75 zł)" computerName="DESKTOP-5URQ9PB" duration="00:00:00.0000067" startTime="2022-06-13T21:12:02.2412180+02:00" endTime="2022-06-13T21:12:02.2412982+02:00" testType="13cdc9d9-ddb5-4fa4-a97d-d965ccfc6d4b" outcome="Passed" testListId="8c84fa94-04c1-424b-9868-57a2d4851a1d" relativeResultsDirectory="b824c66e-6250-44d9-8b02-0e3c9b8e620c" />
    <UnitTestResult executionId="ffe67033-752c-417e-8055-54bd519e445a" testId="5a6e0af8-f7fc-4a7c-b7ba-53dd3ff99cb5" testName="FormatToStringTest1000 (63115.864864394935,63115.86 zł)" computerName="DESKTOP-5URQ9PB" duration="00:00:00.0000061" startTime="2022-06-13T21:12:02.0036858+02:00" endTime="2022-06-13T21:12:02.0037529+02:00" testType="13cdc9d9-ddb5-4fa4-a97d-d965ccfc6d4b" outcome="Passed" testListId="8c84fa94-04c1-424b-9868-57a2d4851a1d" relativeResultsDirectory="ffe67033-752c-417e-8055-54bd519e445a" />
    <UnitTestResult executionId="af94ff3b-647c-4389-8d74-39da493f159d" testId="1441b8a5-72e7-42dd-8a35-eee781c39879" testName="FormatToStringTest1000 (1741.3334432818617,1741.33 zł)" computerName="DESKTOP-5URQ9PB" duration="00:00:00.0000069" startTime="2022-06-13T21:12:01.9736331+02:00" endTime="2022-06-13T21:12:01.9737009+02:00" testType="13cdc9d9-ddb5-4fa4-a97d-d965ccfc6d4b" outcome="Passed" testListId="8c84fa94-04c1-424b-9868-57a2d4851a1d" relativeResultsDirectory="af94ff3b-647c-4389-8d74-39da493f159d" />
    <UnitTestResult executionId="b9588587-b7d2-4da4-be39-6e3924c84184" testId="9ecd7de4-bde1-4047-a500-f64047b6aada" testName="FormatToStringTest1000 (23548.88067407016,23548.88 zł)" computerName="DESKTOP-5URQ9PB" duration="00:00:00.0000065" startTime="2022-06-13T21:12:02.0575542+02:00" endTime="2022-06-13T21:12:02.0576287+02:00" testType="13cdc9d9-ddb5-4fa4-a97d-d965ccfc6d4b" outcome="Passed" testListId="8c84fa94-04c1-424b-9868-57a2d4851a1d" relativeResultsDirectory="b9588587-b7d2-4da4-be39-6e3924c84184" />
    <UnitTestResult executionId="1d3c81ca-787e-47a7-b00d-db8b950f8aa7" testId="e45f76e0-3ebc-4d49-aa16-2b0f62b2dc74" testName="FormatToStringTest1000 (5396.620088554277,5396.62 zł)" computerName="DESKTOP-5URQ9PB" duration="00:00:00.0000060" startTime="2022-06-13T21:12:01.9538946+02:00" endTime="2022-06-13T21:12:01.9539616+02:00" testType="13cdc9d9-ddb5-4fa4-a97d-d965ccfc6d4b" outcome="Passed" testListId="8c84fa94-04c1-424b-9868-57a2d4851a1d" relativeResultsDirectory="1d3c81ca-787e-47a7-b00d-db8b950f8aa7" />
    <UnitTestResult executionId="0b667bfb-a18b-45ac-be90-042163606650" testId="26be97ce-b95d-42ff-84c6-d0c3226083ec" testName="FormatToStringTest1000 (76536.95853396178,76536.96 zł)" computerName="DESKTOP-5URQ9PB" duration="00:00:00.0000064" startTime="2022-06-13T21:12:02.1577262+02:00" endTime="2022-06-13T21:12:02.1577994+02:00" testType="13cdc9d9-ddb5-4fa4-a97d-d965ccfc6d4b" outcome="Passed" testListId="8c84fa94-04c1-424b-9868-57a2d4851a1d" relativeResultsDirectory="0b667bfb-a18b-45ac-be90-042163606650" />
    <UnitTestResult executionId="8ab30e67-0543-454f-942d-b37316b43fe5" testId="d89a75fb-1183-426c-bd87-f11bdfaabc15" testName="FormatToStringTest1000 (73477.18206926118,73477.18 zł)" computerName="DESKTOP-5URQ9PB" duration="00:00:00.0000063" startTime="2022-06-13T21:12:02.1137713+02:00" endTime="2022-06-13T21:12:02.1138380+02:00" testType="13cdc9d9-ddb5-4fa4-a97d-d965ccfc6d4b" outcome="Passed" testListId="8c84fa94-04c1-424b-9868-57a2d4851a1d" relativeResultsDirectory="8ab30e67-0543-454f-942d-b37316b43fe5" />
    <UnitTestResult executionId="1587009c-5e8c-4c59-89c7-c1df4da030fb" testId="8bc17b22-a8aa-4b82-84f9-f2065eb2cad5" testName="FormatToStringTest1000 (75162.39407669863,75162.39 zł)" computerName="DESKTOP-5URQ9PB" duration="00:00:00.0000062" startTime="2022-06-13T21:12:02.0371570+02:00" endTime="2022-06-13T21:12:02.0372240+02:00" testType="13cdc9d9-ddb5-4fa4-a97d-d965ccfc6d4b" outcome="Passed" testListId="8c84fa94-04c1-424b-9868-57a2d4851a1d" relativeResultsDirectory="1587009c-5e8c-4c59-89c7-c1df4da030fb" />
    <UnitTestResult executionId="58855cac-6301-4bdf-a4be-dcc9fabe8cee" testId="436d87a8-553d-4e44-8698-04e287a6f537" testName="FormatToStringTest1000 (13092.45389243609,13092.45 zł)" computerName="DESKTOP-5URQ9PB" duration="00:00:00.0000097" startTime="2022-06-13T21:12:02.2634294+02:00" endTime="2022-06-13T21:12:02.2635592+02:00" testType="13cdc9d9-ddb5-4fa4-a97d-d965ccfc6d4b" outcome="Passed" testListId="8c84fa94-04c1-424b-9868-57a2d4851a1d" relativeResultsDirectory="58855cac-6301-4bdf-a4be-dcc9fabe8cee" />
    <UnitTestResult executionId="b1e4f22e-b4f5-404f-9748-d4e3ca6c0d11" testId="e52b2415-b34f-49d7-91ac-fee515aa462c" testName="FormatToStringTest1000 (30533.30031120838,30533.30 zł)" computerName="DESKTOP-5URQ9PB" duration="00:00:00.0000068" startTime="2022-06-13T21:12:02.1542034+02:00" endTime="2022-06-13T21:12:02.1542825+02:00" testType="13cdc9d9-ddb5-4fa4-a97d-d965ccfc6d4b" outcome="Passed" testListId="8c84fa94-04c1-424b-9868-57a2d4851a1d" relativeResultsDirectory="b1e4f22e-b4f5-404f-9748-d4e3ca6c0d11" />
    <UnitTestResult executionId="e6c5d9d5-1657-4f10-8941-39606fb4c01c" testId="59d2328d-6dd2-4cd0-834d-0e2341e86398" testName="FormatToStringTest1000 (29508.077101491428,29508.08 zł)" computerName="DESKTOP-5URQ9PB" duration="00:00:00.0000062" startTime="2022-06-13T21:12:02.0001224+02:00" endTime="2022-06-13T21:12:02.0001903+02:00" testType="13cdc9d9-ddb5-4fa4-a97d-d965ccfc6d4b" outcome="Passed" testListId="8c84fa94-04c1-424b-9868-57a2d4851a1d" relativeResultsDirectory="e6c5d9d5-1657-4f10-8941-39606fb4c01c" />
    <UnitTestResult executionId="2e5a5e89-03a0-4c2f-ad57-0aa790660022" testId="4f6edaea-7d3b-48cc-9e23-ce58411dd672" testName="FormatToStringTest1000 (7193.552206002898,7193.55 zł)" computerName="DESKTOP-5URQ9PB" duration="00:00:00.0000062" startTime="2022-06-13T21:12:02.2466304+02:00" endTime="2022-06-13T21:12:02.2466948+02:00" testType="13cdc9d9-ddb5-4fa4-a97d-d965ccfc6d4b" outcome="Passed" testListId="8c84fa94-04c1-424b-9868-57a2d4851a1d" relativeResultsDirectory="2e5a5e89-03a0-4c2f-ad57-0aa790660022" />
    <UnitTestResult executionId="fd331061-9d0c-4280-94d4-b5f1e89c4f0d" testId="afe2777a-8a6b-4c89-9fe8-b5ad48597043" testName="FormatToStringTest1000 (70149.17842025738,70149.18 zł)" computerName="DESKTOP-5URQ9PB" duration="00:00:00.0000066" startTime="2022-06-13T21:12:02.1574474+02:00" endTime="2022-06-13T21:12:02.1575208+02:00" testType="13cdc9d9-ddb5-4fa4-a97d-d965ccfc6d4b" outcome="Passed" testListId="8c84fa94-04c1-424b-9868-57a2d4851a1d" relativeResultsDirectory="fd331061-9d0c-4280-94d4-b5f1e89c4f0d" />
    <UnitTestResult executionId="93373e5a-cfec-43f9-b983-8e0c89dfd0a9" testId="6952a48f-1e9a-4eee-b58e-0bfc4a444371" testName="FormatToStringTest1000 (44930.92203801075,44930.92 zł)" computerName="DESKTOP-5URQ9PB" duration="00:00:00.0000062" startTime="2022-06-13T21:12:02.2925451+02:00" endTime="2022-06-13T21:12:02.2926091+02:00" testType="13cdc9d9-ddb5-4fa4-a97d-d965ccfc6d4b" outcome="Passed" testListId="8c84fa94-04c1-424b-9868-57a2d4851a1d" relativeResultsDirectory="93373e5a-cfec-43f9-b983-8e0c89dfd0a9" />
    <UnitTestResult executionId="c0633ae4-aa47-4f1a-a0f3-f7a73d2d6c69" testId="5601ae1b-a98a-453c-8dd0-cbeb8b7fb09a" testName="FormatToStringTest1000 (5247.779940802501,5247.78 zł)" computerName="DESKTOP-5URQ9PB" duration="00:00:00.0000060" startTime="2022-06-13T21:12:02.2943642+02:00" endTime="2022-06-13T21:12:02.2944286+02:00" testType="13cdc9d9-ddb5-4fa4-a97d-d965ccfc6d4b" outcome="Passed" testListId="8c84fa94-04c1-424b-9868-57a2d4851a1d" relativeResultsDirectory="c0633ae4-aa47-4f1a-a0f3-f7a73d2d6c69" />
    <UnitTestResult executionId="de700d65-21bd-423b-a6bb-eda5b91babf6" testId="966aa80e-1501-40c6-bb75-de0e38ddea6e" testName="FormatToStringTest1000 (54304.07738935393,54304.08 zł)" computerName="DESKTOP-5URQ9PB" duration="00:00:00.0000061" startTime="2022-06-13T21:12:02.2906394+02:00" endTime="2022-06-13T21:12:02.2907032+02:00" testType="13cdc9d9-ddb5-4fa4-a97d-d965ccfc6d4b" outcome="Passed" testListId="8c84fa94-04c1-424b-9868-57a2d4851a1d" relativeResultsDirectory="de700d65-21bd-423b-a6bb-eda5b91babf6" />
    <UnitTestResult executionId="2ef96f16-12d9-49a7-9765-ff3637abe7a0" testId="cb3f2eec-8227-4606-8017-ed52afafc9bd" testName="FormatToStringTest1000 (26843.15785584932,26843.16 zł)" computerName="DESKTOP-5URQ9PB" duration="00:00:00.0000062" startTime="2022-06-13T21:12:02.2924649+02:00" endTime="2022-06-13T21:12:02.2925289+02:00" testType="13cdc9d9-ddb5-4fa4-a97d-d965ccfc6d4b" outcome="Passed" testListId="8c84fa94-04c1-424b-9868-57a2d4851a1d" relativeResultsDirectory="2ef96f16-12d9-49a7-9765-ff3637abe7a0" />
    <UnitTestResult executionId="cb8d5f0b-70ab-4cfb-abb5-6df7ae5f1b2e" testId="a1732cbb-cb40-475c-8b13-00a7f05b5fb7" testName="FormatToStringTest1000 (34062.88803158276,34062.89 zł)" computerName="DESKTOP-5URQ9PB" duration="00:00:00.0000062" startTime="2022-06-13T21:12:02.2677335+02:00" endTime="2022-06-13T21:12:02.2677985+02:00" testType="13cdc9d9-ddb5-4fa4-a97d-d965ccfc6d4b" outcome="Passed" testListId="8c84fa94-04c1-424b-9868-57a2d4851a1d" relativeResultsDirectory="cb8d5f0b-70ab-4cfb-abb5-6df7ae5f1b2e" />
    <UnitTestResult executionId="de642a9f-9c32-464c-bf7e-db30db932b04" testId="bcc9e0f4-5b09-434f-9bd4-c71134e0ea25" testName="FormatToStringTest1000 (1687.5965557361937,1687.60 zł)" computerName="DESKTOP-5URQ9PB" duration="00:00:00.0000074" startTime="2022-06-13T21:12:02.1378109+02:00" endTime="2022-06-13T21:12:02.1378928+02:00" testType="13cdc9d9-ddb5-4fa4-a97d-d965ccfc6d4b" outcome="Passed" testListId="8c84fa94-04c1-424b-9868-57a2d4851a1d" relativeResultsDirectory="de642a9f-9c32-464c-bf7e-db30db932b04" />
    <UnitTestResult executionId="f0c94343-80f4-42d5-b749-29a5f8dece0c" testId="002d7fbb-df44-4e0f-b118-b045e2278514" testName="FormatToStringTest1000 (73151.83675918348,73151.84 zł)" computerName="DESKTOP-5URQ9PB" duration="00:00:00.0000061" startTime="2022-06-13T21:12:02.2717506+02:00" endTime="2022-06-13T21:12:02.2718152+02:00" testType="13cdc9d9-ddb5-4fa4-a97d-d965ccfc6d4b" outcome="Passed" testListId="8c84fa94-04c1-424b-9868-57a2d4851a1d" relativeResultsDirectory="f0c94343-80f4-42d5-b749-29a5f8dece0c" />
    <UnitTestResult executionId="c3adb6b4-bee4-40d2-a4ad-b027265b2122" testId="ab7d26f3-f336-4c71-be10-ae431df4bdf6" testName="FormatToStringTest1000 (7182.939759099362,7182.94 zł)" computerName="DESKTOP-5URQ9PB" duration="00:00:00.0000065" startTime="2022-06-13T21:12:02.0609856+02:00" endTime="2022-06-13T21:12:02.0610624+02:00" testType="13cdc9d9-ddb5-4fa4-a97d-d965ccfc6d4b" outcome="Passed" testListId="8c84fa94-04c1-424b-9868-57a2d4851a1d" relativeResultsDirectory="c3adb6b4-bee4-40d2-a4ad-b027265b2122" />
    <UnitTestResult executionId="10d374b3-3950-432f-a3cf-b3a824717f33" testId="b458f67c-39f4-45c5-90da-3d321a0dafd6" testName="FormatToStringTest1000 (19840.47672110632,19840.48 zł)" computerName="DESKTOP-5URQ9PB" duration="00:00:00.0000064" startTime="2022-06-13T21:12:02.0415463+02:00" endTime="2022-06-13T21:12:02.0416142+02:00" testType="13cdc9d9-ddb5-4fa4-a97d-d965ccfc6d4b" outcome="Passed" testListId="8c84fa94-04c1-424b-9868-57a2d4851a1d" relativeResultsDirectory="10d374b3-3950-432f-a3cf-b3a824717f33" />
    <UnitTestResult executionId="794c1470-3cfc-4048-a32a-28179bb0d806" testId="d0249385-378c-4864-8ef3-7de4458f74ed" testName="FormatToStringTest1000 (40889.35187774214,40889.35 zł)" computerName="DESKTOP-5URQ9PB" duration="00:00:00.0000066" startTime="2022-06-13T21:12:02.2439456+02:00" endTime="2022-06-13T21:12:02.2440151+02:00" testType="13cdc9d9-ddb5-4fa4-a97d-d965ccfc6d4b" outcome="Passed" testListId="8c84fa94-04c1-424b-9868-57a2d4851a1d" relativeResultsDirectory="794c1470-3cfc-4048-a32a-28179bb0d806" />
    <UnitTestResult executionId="ba0e5b20-1b32-4192-93ce-9946f6371a4f" testId="4a93766b-7c56-4f93-883c-6d16d9f504f6" testName="FormatToStringTest1000 (87505.85936583664,87505.86 zł)" computerName="DESKTOP-5URQ9PB" duration="00:00:00.0000062" startTime="2022-06-13T21:12:02.1477538+02:00" endTime="2022-06-13T21:12:02.1478209+02:00" testType="13cdc9d9-ddb5-4fa4-a97d-d965ccfc6d4b" outcome="Passed" testListId="8c84fa94-04c1-424b-9868-57a2d4851a1d" relativeResultsDirectory="ba0e5b20-1b32-4192-93ce-9946f6371a4f" />
    <UnitTestResult executionId="98e3387f-5540-4c44-945d-8fad5c0c5adf" testId="45b4bb7a-e44a-41b3-9ee8-5a4d4ed062fc" testName="FormatToStringTest1000 (9068.70019550468,9068.70 zł)" computerName="DESKTOP-5URQ9PB" duration="00:00:00.0000066" startTime="2022-06-13T21:12:02.0845804+02:00" endTime="2022-06-13T21:12:02.0846450+02:00" testType="13cdc9d9-ddb5-4fa4-a97d-d965ccfc6d4b" outcome="Passed" testListId="8c84fa94-04c1-424b-9868-57a2d4851a1d" relativeResultsDirectory="98e3387f-5540-4c44-945d-8fad5c0c5adf" />
    <UnitTestResult executionId="5681e012-f952-4c04-a058-de06f188514d" testId="d01468f5-594d-44bf-83bf-ff752dd15a6e" testName="FormatToStringTest1000 (8901.937138443784,8901.94 zł)" computerName="DESKTOP-5URQ9PB" duration="00:00:00.0000063" startTime="2022-06-13T21:12:02.1543866+02:00" endTime="2022-06-13T21:12:02.1544532+02:00" testType="13cdc9d9-ddb5-4fa4-a97d-d965ccfc6d4b" outcome="Passed" testListId="8c84fa94-04c1-424b-9868-57a2d4851a1d" relativeResultsDirectory="5681e012-f952-4c04-a058-de06f188514d" />
    <UnitTestResult executionId="7c3b0112-b447-45ec-b10d-25477e2bbdc4" testId="0d4827f4-7524-4845-af0b-a102f4e0adc6" testName="FormatToStringTest1000 (19463.08761954917,19463.09 zł)" computerName="DESKTOP-5URQ9PB" duration="00:00:00.0000065" startTime="2022-06-13T21:12:02.1576358+02:00" endTime="2022-06-13T21:12:02.1577090+02:00" testType="13cdc9d9-ddb5-4fa4-a97d-d965ccfc6d4b" outcome="Passed" testListId="8c84fa94-04c1-424b-9868-57a2d4851a1d" relativeResultsDirectory="7c3b0112-b447-45ec-b10d-25477e2bbdc4" />
    <UnitTestResult executionId="ab71b149-5892-4e48-b3f0-17e56462b317" testId="99d5d463-6269-4d5f-8e4f-9341be05244f" testName="FormatToStringTest1000 (11871.427211910219,11871.43 zł)" computerName="DESKTOP-5URQ9PB" duration="00:00:00.0000070" startTime="2022-06-13T21:12:02.1541180+02:00" endTime="2022-06-13T21:12:02.1541859+02:00" testType="13cdc9d9-ddb5-4fa4-a97d-d965ccfc6d4b" outcome="Passed" testListId="8c84fa94-04c1-424b-9868-57a2d4851a1d" relativeResultsDirectory="ab71b149-5892-4e48-b3f0-17e56462b317" />
    <UnitTestResult executionId="3d0e6db0-5177-4933-8df7-df5a5423ab6d" testId="fd735f16-e632-4e3d-b068-785eb62ceff5" testName="FormatToStringTest1000 (16902.50568789314,16902.51 zł)" computerName="DESKTOP-5URQ9PB" duration="00:00:00.0000063" startTime="2022-06-13T21:12:02.1241356+02:00" endTime="2022-06-13T21:12:02.1242028+02:00" testType="13cdc9d9-ddb5-4fa4-a97d-d965ccfc6d4b" outcome="Passed" testListId="8c84fa94-04c1-424b-9868-57a2d4851a1d" relativeResultsDirectory="3d0e6db0-5177-4933-8df7-df5a5423ab6d" />
    <UnitTestResult executionId="5de7b3ad-6d4b-4732-aaac-d52d9bd429ad" testId="0b238139-d941-4a84-bd86-bfcf9ccc2b3c" testName="FormatToStringTest1000 (3131.5022711732904,3131.50 zł)" computerName="DESKTOP-5URQ9PB" duration="00:00:00.0000062" startTime="2022-06-13T21:12:02.1240502+02:00" endTime="2022-06-13T21:12:02.1241181+02:00" testType="13cdc9d9-ddb5-4fa4-a97d-d965ccfc6d4b" outcome="Passed" testListId="8c84fa94-04c1-424b-9868-57a2d4851a1d" relativeResultsDirectory="5de7b3ad-6d4b-4732-aaac-d52d9bd429ad" />
    <UnitTestResult executionId="44986417-44be-4e7e-86d4-1331633ab6f0" testId="a83941a5-a8d4-4684-9147-42b5f8e9baa8" testName="FormatToStringTest1000 (13455.521105358153,13455.52 zł)" computerName="DESKTOP-5URQ9PB" duration="00:00:00.0000068" startTime="2022-06-13T21:12:02.2463046+02:00" endTime="2022-06-13T21:12:02.2463710+02:00" testType="13cdc9d9-ddb5-4fa4-a97d-d965ccfc6d4b" outcome="Passed" testListId="8c84fa94-04c1-424b-9868-57a2d4851a1d" relativeResultsDirectory="44986417-44be-4e7e-86d4-1331633ab6f0" />
    <UnitTestResult executionId="db8eeffb-5b16-4cf3-a46e-6cf8cf44c15f" testId="afbf2d2f-c171-4ba7-af27-17ca3a6c5129" testName="FormatToStringTest1000 (6220.182014914314,6220.18 zł)" computerName="DESKTOP-5URQ9PB" duration="00:00:00.0000061" startTime="2022-06-13T21:12:02.2099467+02:00" endTime="2022-06-13T21:12:02.2100126+02:00" testType="13cdc9d9-ddb5-4fa4-a97d-d965ccfc6d4b" outcome="Passed" testListId="8c84fa94-04c1-424b-9868-57a2d4851a1d" relativeResultsDirectory="db8eeffb-5b16-4cf3-a46e-6cf8cf44c15f" />
    <UnitTestResult executionId="b5eafef5-bbd8-4bd5-b1c3-6887d692861a" testId="bdb3e34a-1d7a-4013-843d-dbfcbf622446" testName="FormatToStringTest1000 (6262.373413993219,6262.37 zł)" computerName="DESKTOP-5URQ9PB" duration="00:00:00.0000064" startTime="2022-06-13T21:12:02.0781803+02:00" endTime="2022-06-13T21:12:02.0782538+02:00" testType="13cdc9d9-ddb5-4fa4-a97d-d965ccfc6d4b" outcome="Passed" testListId="8c84fa94-04c1-424b-9868-57a2d4851a1d" relativeResultsDirectory="b5eafef5-bbd8-4bd5-b1c3-6887d692861a" />
    <UnitTestResult executionId="b518c81a-c525-48b3-9080-bb00f8288410" testId="482fc63a-0926-492c-b959-30383eed9e85" testName="FormatToStringTest1000 (30020.248557890412,30020.25 zł)" computerName="DESKTOP-5URQ9PB" duration="00:00:00.0000063" startTime="2022-06-13T21:12:02.2035975+02:00" endTime="2022-06-13T21:12:02.2036644+02:00" testType="13cdc9d9-ddb5-4fa4-a97d-d965ccfc6d4b" outcome="Passed" testListId="8c84fa94-04c1-424b-9868-57a2d4851a1d" relativeResultsDirectory="b518c81a-c525-48b3-9080-bb00f8288410" />
    <UnitTestResult executionId="36a02dbb-0a26-4463-9d3c-6836f4991321" testId="f621286e-f5e1-46d6-a23c-806479d33727" testName="FormatToStringTest1000 (9897.705953436767,9897.71 zł)" computerName="DESKTOP-5URQ9PB" duration="00:00:00.0000093" startTime="2022-06-13T21:12:02.1573564+02:00" endTime="2022-06-13T21:12:02.1574297+02:00" testType="13cdc9d9-ddb5-4fa4-a97d-d965ccfc6d4b" outcome="Passed" testListId="8c84fa94-04c1-424b-9868-57a2d4851a1d" relativeResultsDirectory="36a02dbb-0a26-4463-9d3c-6836f4991321" />
    <UnitTestResult executionId="4c946c4c-24ac-4acf-a71d-18ec626d62a9" testId="549f8a07-deee-46b6-aa6c-601498b2a640" testName="FormatToStringTest1000 (75987.03378503352,75987.03 zł)" computerName="DESKTOP-5URQ9PB" duration="00:00:00.0000061" startTime="2022-06-13T21:12:02.2326179+02:00" endTime="2022-06-13T21:12:02.2326825+02:00" testType="13cdc9d9-ddb5-4fa4-a97d-d965ccfc6d4b" outcome="Passed" testListId="8c84fa94-04c1-424b-9868-57a2d4851a1d" relativeResultsDirectory="4c946c4c-24ac-4acf-a71d-18ec626d62a9" />
    <UnitTestResult executionId="03b82993-130b-438a-98c4-419f1580b203" testId="a6b43231-60cc-4fb5-b277-5fee3f11a788" testName="FormatToStringTest1000 (17315.72309779363,17315.72 zł)" computerName="DESKTOP-5URQ9PB" duration="00:00:00.0000064" startTime="2022-06-13T21:12:02.0843245+02:00" endTime="2022-06-13T21:12:02.0843932+02:00" testType="13cdc9d9-ddb5-4fa4-a97d-d965ccfc6d4b" outcome="Passed" testListId="8c84fa94-04c1-424b-9868-57a2d4851a1d" relativeResultsDirectory="03b82993-130b-438a-98c4-419f1580b203" />
    <UnitTestResult executionId="fffeabbe-0855-4c6a-a249-1022e79d5b7c" testId="82245e61-9f0d-430d-b071-cf30be796ee4" testName="FormatToStringTest1000 (19103.831635461574,19103.83 zł)" computerName="DESKTOP-5URQ9PB" duration="00:00:00.0000116" startTime="2022-06-13T21:12:02.1506543+02:00" endTime="2022-06-13T21:12:02.1507845+02:00" testType="13cdc9d9-ddb5-4fa4-a97d-d965ccfc6d4b" outcome="Passed" testListId="8c84fa94-04c1-424b-9868-57a2d4851a1d" relativeResultsDirectory="fffeabbe-0855-4c6a-a249-1022e79d5b7c" />
    <UnitTestResult executionId="a952943c-bd47-437d-bc7e-d8da91c692cb" testId="4cb2ecc7-443b-42b5-b4e2-89bcffb20a0a" testName="FormatToStringTest1000 (1963.0091662979728,1963.01 zł)" computerName="DESKTOP-5URQ9PB" duration="00:00:00.0000064" startTime="2022-06-13T21:12:02.2440333+02:00" endTime="2022-06-13T21:12:02.2440995+02:00" testType="13cdc9d9-ddb5-4fa4-a97d-d965ccfc6d4b" outcome="Passed" testListId="8c84fa94-04c1-424b-9868-57a2d4851a1d" relativeResultsDirectory="a952943c-bd47-437d-bc7e-d8da91c692cb" />
    <UnitTestResult executionId="8cd657b7-10d5-46f5-af34-12719b8758b8" testId="9019ad75-c3cc-4b8d-bb1d-02e4a9678bc6" testName="FormatToStringTest1000 (1228.101744225296,1228.10 zł)" computerName="DESKTOP-5URQ9PB" duration="00:00:00.0000064" startTime="2022-06-13T21:12:02.2146685+02:00" endTime="2022-06-13T21:12:02.2147348+02:00" testType="13cdc9d9-ddb5-4fa4-a97d-d965ccfc6d4b" outcome="Passed" testListId="8c84fa94-04c1-424b-9868-57a2d4851a1d" relativeResultsDirectory="8cd657b7-10d5-46f5-af34-12719b8758b8" />
    <UnitTestResult executionId="35cd2711-6b45-48f4-93fe-b75a6be48ec9" testId="b640b262-d11b-4772-a701-8d2b39817ab8" testName="FormatToStringTest1000 (1514.6266382441981,1514.63 zł)" computerName="DESKTOP-5URQ9PB" duration="00:00:00.0000064" startTime="2022-06-13T21:12:02.0968446+02:00" endTime="2022-06-13T21:12:02.0969186+02:00" testType="13cdc9d9-ddb5-4fa4-a97d-d965ccfc6d4b" outcome="Passed" testListId="8c84fa94-04c1-424b-9868-57a2d4851a1d" relativeResultsDirectory="35cd2711-6b45-48f4-93fe-b75a6be48ec9" />
    <UnitTestResult executionId="3ec63ef9-3ca6-4148-b502-d2c51fc5ca6a" testId="aafbaa31-574f-4128-8925-157c1d65f26d" testName="FormatToStringTest1000 (10965.74607995746,10965.75 zł)" computerName="DESKTOP-5URQ9PB" duration="00:00:00.0000070" startTime="2022-06-13T21:12:02.0062473+02:00" endTime="2022-06-13T21:12:02.0063333+02:00" testType="13cdc9d9-ddb5-4fa4-a97d-d965ccfc6d4b" outcome="Passed" testListId="8c84fa94-04c1-424b-9868-57a2d4851a1d" relativeResultsDirectory="3ec63ef9-3ca6-4148-b502-d2c51fc5ca6a" />
    <UnitTestResult executionId="284c75a8-8cad-4d14-a6bd-d4d065597a4c" testId="b10f48f6-ccff-4393-861a-3b39199bdf6c" testName="FormatToStringTest1000 (52481.07276821932,52481.07 zł)" computerName="DESKTOP-5URQ9PB" duration="00:00:00.0000065" startTime="2022-06-13T21:12:02.2239811+02:00" endTime="2022-06-13T21:12:02.2240505+02:00" testType="13cdc9d9-ddb5-4fa4-a97d-d965ccfc6d4b" outcome="Passed" testListId="8c84fa94-04c1-424b-9868-57a2d4851a1d" relativeResultsDirectory="284c75a8-8cad-4d14-a6bd-d4d065597a4c" />
    <UnitTestResult executionId="96ff8a25-f13b-4d4b-9b5d-68831d5aeb2d" testId="66c19f99-afbd-4157-bf7f-666974967513" testName="FormatToStringTest1000 (31300.40752580967,31300.41 zł)" computerName="DESKTOP-5URQ9PB" duration="00:00:00.0000067" startTime="2022-06-13T21:12:01.9769112+02:00" endTime="2022-06-13T21:12:01.9769875+02:00" testType="13cdc9d9-ddb5-4fa4-a97d-d965ccfc6d4b" outcome="Passed" testListId="8c84fa94-04c1-424b-9868-57a2d4851a1d" relativeResultsDirectory="96ff8a25-f13b-4d4b-9b5d-68831d5aeb2d" />
    <UnitTestResult executionId="ac124d79-97a7-4a29-ad08-ea9875ba593d" testId="e5b9b572-f097-446f-90d2-b419a98c5cef" testName="FormatToStringTest1000 (32262.93788198984,32262.94 zł)" computerName="DESKTOP-5URQ9PB" duration="00:00:00.0000444" startTime="2022-06-13T21:12:02.1810414+02:00" endTime="2022-06-13T21:12:02.1815787+02:00" testType="13cdc9d9-ddb5-4fa4-a97d-d965ccfc6d4b" outcome="Passed" testListId="8c84fa94-04c1-424b-9868-57a2d4851a1d" relativeResultsDirectory="ac124d79-97a7-4a29-ad08-ea9875ba593d" />
    <UnitTestResult executionId="c4551ba2-58c6-42ec-a1f2-a188b7ddc566" testId="5541290e-f837-4ef6-b0df-087dbdacfb6f" testName="FormatToStringTest1000 (16416.109736457518,16416.11 zł)" computerName="DESKTOP-5URQ9PB" duration="00:00:00.0000063" startTime="2022-06-13T21:12:02.1619949+02:00" endTime="2022-06-13T21:12:02.1620619+02:00" testType="13cdc9d9-ddb5-4fa4-a97d-d965ccfc6d4b" outcome="Passed" testListId="8c84fa94-04c1-424b-9868-57a2d4851a1d" relativeResultsDirectory="c4551ba2-58c6-42ec-a1f2-a188b7ddc566" />
    <UnitTestResult executionId="d8da264d-bd19-4b76-a49f-1b9ba3d3a8b6" testId="8fb7eb54-cb7f-4de6-b7bb-046184a9c802" testName="FormatToStringTest1000 (64490.52771614982,64490.53 zł)" computerName="DESKTOP-5URQ9PB" duration="00:00:00.0000062" startTime="2022-06-13T21:12:02.1140240+02:00" endTime="2022-06-13T21:12:02.1140906+02:00" testType="13cdc9d9-ddb5-4fa4-a97d-d965ccfc6d4b" outcome="Passed" testListId="8c84fa94-04c1-424b-9868-57a2d4851a1d" relativeResultsDirectory="d8da264d-bd19-4b76-a49f-1b9ba3d3a8b6" />
    <UnitTestResult executionId="fcd7edb0-371e-495b-a713-24ab327b11d7" testId="8f3ca970-079c-4179-b748-e7d71462e31a" testName="FormatToStringTest1000 (4139.032615562451,4139.03 zł)" computerName="DESKTOP-5URQ9PB" duration="00:00:00.0000063" startTime="2022-06-13T21:12:02.2305361+02:00" endTime="2022-06-13T21:12:02.2306008+02:00" testType="13cdc9d9-ddb5-4fa4-a97d-d965ccfc6d4b" outcome="Passed" testListId="8c84fa94-04c1-424b-9868-57a2d4851a1d" relativeResultsDirectory="fcd7edb0-371e-495b-a713-24ab327b11d7" />
    <UnitTestResult executionId="0c8fe4c9-89c0-4aa2-a06a-63f2a71a15df" testId="1fab7c2c-66a7-4c00-8557-6fd359b245df" testName="FormatToStringTest1000 (1952.6955147062872,1952.70 zł)" computerName="DESKTOP-5URQ9PB" duration="00:00:00.0000062" startTime="2022-06-13T21:12:02.1076224+02:00" endTime="2022-06-13T21:12:02.1076894+02:00" testType="13cdc9d9-ddb5-4fa4-a97d-d965ccfc6d4b" outcome="Passed" testListId="8c84fa94-04c1-424b-9868-57a2d4851a1d" relativeResultsDirectory="0c8fe4c9-89c0-4aa2-a06a-63f2a71a15df" />
    <UnitTestResult executionId="78b7387b-b206-4c1f-a352-5430a191204a" testId="73c91720-08c4-45d4-a925-ff7675f200f9" testName="FormatToStringTest1000 (52888.48934243642,52888.49 zł)" computerName="DESKTOP-5URQ9PB" duration="00:00:00.0000064" startTime="2022-06-13T21:12:02.1238790+02:00" endTime="2022-06-13T21:12:02.1239472+02:00" testType="13cdc9d9-ddb5-4fa4-a97d-d965ccfc6d4b" outcome="Passed" testListId="8c84fa94-04c1-424b-9868-57a2d4851a1d" relativeResultsDirectory="78b7387b-b206-4c1f-a352-5430a191204a" />
    <UnitTestResult executionId="83d316bb-2d52-4e2a-a1e4-ab91c669ac77" testId="b9ea7969-3168-4f7b-a920-5472166ab61e" testName="FormatToStringTest1000 (15129.433864736666,15129.43 zł)" computerName="DESKTOP-5URQ9PB" duration="00:00:00.0000061" startTime="2022-06-13T21:12:02.2506161+02:00" endTime="2022-06-13T21:12:02.2506806+02:00" testType="13cdc9d9-ddb5-4fa4-a97d-d965ccfc6d4b" outcome="Passed" testListId="8c84fa94-04c1-424b-9868-57a2d4851a1d" relativeResultsDirectory="83d316bb-2d52-4e2a-a1e4-ab91c669ac77" />
    <UnitTestResult executionId="ace7434f-929e-452a-a787-4f4c928a1927" testId="49d73898-6db5-44b1-aa94-a212122a724d" testName="FormatToStringTest1000 (20237.28532723723,20237.29 zł)" computerName="DESKTOP-5URQ9PB" duration="00:00:00.0000062" startTime="2022-06-13T21:12:02.1319904+02:00" endTime="2022-06-13T21:12:02.1320589+02:00" testType="13cdc9d9-ddb5-4fa4-a97d-d965ccfc6d4b" outcome="Passed" testListId="8c84fa94-04c1-424b-9868-57a2d4851a1d" relativeResultsDirectory="ace7434f-929e-452a-a787-4f4c928a1927" />
    <UnitTestResult executionId="ca659649-43be-4925-ac63-93bad9780acf" testId="f3808780-6f0e-4829-b850-6edf4c8765ee" testName="FormatToStringTest1000 (27629.79121039193,27629.79 zł)" computerName="DESKTOP-5URQ9PB" duration="00:00:00.0000062" startTime="2022-06-13T21:12:02.0905363+02:00" endTime="2022-06-13T21:12:02.0906074+02:00" testType="13cdc9d9-ddb5-4fa4-a97d-d965ccfc6d4b" outcome="Passed" testListId="8c84fa94-04c1-424b-9868-57a2d4851a1d" relativeResultsDirectory="ca659649-43be-4925-ac63-93bad9780acf" />
    <UnitTestResult executionId="cf8d0103-a01f-4b99-944b-0ca2b604689d" testId="c52ec274-4d67-4d2d-8540-3204dc7e459d" testName="FormatToStringTest1000 (22330.217605518745,22330.22 zł)" computerName="DESKTOP-5URQ9PB" duration="00:00:00.0000063" startTime="2022-06-13T21:12:02.2863259+02:00" endTime="2022-06-13T21:12:02.2863908+02:00" testType="13cdc9d9-ddb5-4fa4-a97d-d965ccfc6d4b" outcome="Passed" testListId="8c84fa94-04c1-424b-9868-57a2d4851a1d" relativeResultsDirectory="cf8d0103-a01f-4b99-944b-0ca2b604689d" />
    <UnitTestResult executionId="c6a7c266-876b-4b24-a970-653593191af7" testId="4fe80ab9-08b8-4a38-a536-0fc3663c73cb" testName="FormatToStringTest1000 (24030.724859085738,24030.72 zł)" computerName="DESKTOP-5URQ9PB" duration="00:00:00.0000064" startTime="2022-06-13T21:12:02.2640891+02:00" endTime="2022-06-13T21:12:02.2641544+02:00" testType="13cdc9d9-ddb5-4fa4-a97d-d965ccfc6d4b" outcome="Passed" testListId="8c84fa94-04c1-424b-9868-57a2d4851a1d" relativeResultsDirectory="c6a7c266-876b-4b24-a970-653593191af7" />
    <UnitTestResult executionId="70af7f22-d00a-4e40-9ecc-0d9a3a519cf6" testId="86da3a9d-ca9e-426f-87d2-d1ec56b3bcec" testName="FormatToStringTest1000 (7407.385606687696,7407.39 zł)" computerName="DESKTOP-5URQ9PB" duration="00:00:00.0000255" startTime="2022-06-13T21:12:02.1878833+02:00" endTime="2022-06-13T21:12:02.1880556+02:00" testType="13cdc9d9-ddb5-4fa4-a97d-d965ccfc6d4b" outcome="Passed" testListId="8c84fa94-04c1-424b-9868-57a2d4851a1d" relativeResultsDirectory="70af7f22-d00a-4e40-9ecc-0d9a3a519cf6" />
    <UnitTestResult executionId="8dde9a5e-ffb1-4ffd-8afa-36df6755c33b" testId="82b18d4c-820e-4f22-be8f-7d121af2f0df" testName="FormatToStringTest1000 (15414.175096961751,15414.18 zł)" computerName="DESKTOP-5URQ9PB" duration="00:00:00.0000069" startTime="2022-06-13T21:12:01.9961827+02:00" endTime="2022-06-13T21:12:01.9962643+02:00" testType="13cdc9d9-ddb5-4fa4-a97d-d965ccfc6d4b" outcome="Passed" testListId="8c84fa94-04c1-424b-9868-57a2d4851a1d" relativeResultsDirectory="8dde9a5e-ffb1-4ffd-8afa-36df6755c33b" />
    <UnitTestResult executionId="c4667077-3ed5-48f2-9469-13b9494f2ed2" testId="004c7d8e-063c-4836-8732-c6e34b670567" testName="FormatToStringTest1000 (5504.094303639184,5504.09 zł)" computerName="DESKTOP-5URQ9PB" duration="00:00:00.0000062" startTime="2022-06-13T21:12:02.0906247+02:00" endTime="2022-06-13T21:12:02.0906920+02:00" testType="13cdc9d9-ddb5-4fa4-a97d-d965ccfc6d4b" outcome="Passed" testListId="8c84fa94-04c1-424b-9868-57a2d4851a1d" relativeResultsDirectory="c4667077-3ed5-48f2-9469-13b9494f2ed2" />
    <UnitTestResult executionId="bc7a56d7-9901-4ecf-ab2b-72fa5e5d9088" testId="8c321e3c-2328-44d5-b8aa-a8741c24546c" testName="FormatToStringTest1000 (6752.510462437062,6752.51 zł)" computerName="DESKTOP-5URQ9PB" duration="00:00:00.0000063" startTime="2022-06-13T21:12:02.0035979+02:00" endTime="2022-06-13T21:12:02.0036687+02:00" testType="13cdc9d9-ddb5-4fa4-a97d-d965ccfc6d4b" outcome="Passed" testListId="8c84fa94-04c1-424b-9868-57a2d4851a1d" relativeResultsDirectory="bc7a56d7-9901-4ecf-ab2b-72fa5e5d9088" />
    <UnitTestResult executionId="1745fa49-4b56-4b3e-896b-1f22f409dc7e" testId="48552515-a847-4f2c-a82f-dccec133bd8a" testName="FormatToStringTest1000 (23789.556920184546,23789.56 zł)" computerName="DESKTOP-5URQ9PB" duration="00:00:00.0000062" startTime="2022-06-13T21:12:02.2782108+02:00" endTime="2022-06-13T21:12:02.2782824+02:00" testType="13cdc9d9-ddb5-4fa4-a97d-d965ccfc6d4b" outcome="Passed" testListId="8c84fa94-04c1-424b-9868-57a2d4851a1d" relativeResultsDirectory="1745fa49-4b56-4b3e-896b-1f22f409dc7e" />
    <UnitTestResult executionId="168a9f3a-c293-44f8-82ef-4ef83caffcae" testId="295fc17c-b9f5-4a59-a7dc-36d4097bcc45" testName="FormatToStringTest1000 (88616.03808168416,88616.04 zł)" computerName="DESKTOP-5URQ9PB" duration="00:00:00.0000203" startTime="2022-06-13T21:12:02.2562673+02:00" endTime="2022-06-13T21:12:02.2564050+02:00" testType="13cdc9d9-ddb5-4fa4-a97d-d965ccfc6d4b" outcome="Passed" testListId="8c84fa94-04c1-424b-9868-57a2d4851a1d" relativeResultsDirectory="168a9f3a-c293-44f8-82ef-4ef83caffcae" />
    <UnitTestResult executionId="5c403c8a-c929-4f20-b4ea-239f706847f3" testId="241f0c98-f8a4-4e56-a810-d3a566398183" testName="FormatToStringTest1000 (38614.292320713066,38614.29 zł)" computerName="DESKTOP-5URQ9PB" duration="00:00:00.0000063" startTime="2022-06-13T21:12:02.0035103+02:00" endTime="2022-06-13T21:12:02.0035789+02:00" testType="13cdc9d9-ddb5-4fa4-a97d-d965ccfc6d4b" outcome="Passed" testListId="8c84fa94-04c1-424b-9868-57a2d4851a1d" relativeResultsDirectory="5c403c8a-c929-4f20-b4ea-239f706847f3" />
    <UnitTestResult executionId="d5c96f2a-d150-4c82-b993-3dce9f293f87" testId="075c9273-9a8c-483a-aae2-a5b48e005015" testName="FormatToStringTest1000 (22459.530444447664,22459.53 zł)" computerName="DESKTOP-5URQ9PB" duration="00:00:00.0000109" startTime="2022-06-13T21:12:02.1345936+02:00" endTime="2022-06-13T21:12:02.1347389+02:00" testType="13cdc9d9-ddb5-4fa4-a97d-d965ccfc6d4b" outcome="Passed" testListId="8c84fa94-04c1-424b-9868-57a2d4851a1d" relativeResultsDirectory="d5c96f2a-d150-4c82-b993-3dce9f293f87" />
    <UnitTestResult executionId="5811a6c8-f5e9-4fb4-b284-192660c519de" testId="a7746ed8-be9b-4c6c-9931-8835fd11e09a" testName="FormatToStringTest1000 (35905.47425787219,35905.47 zł)" computerName="DESKTOP-5URQ9PB" duration="00:00:00.0000062" startTime="2022-06-13T21:12:02.2839418+02:00" endTime="2022-06-13T21:12:02.2840076+02:00" testType="13cdc9d9-ddb5-4fa4-a97d-d965ccfc6d4b" outcome="Passed" testListId="8c84fa94-04c1-424b-9868-57a2d4851a1d" relativeResultsDirectory="5811a6c8-f5e9-4fb4-b284-192660c519de" />
    <UnitTestResult executionId="893fe982-0f98-45f1-85f2-c4bc324a4cc4" testId="1ffd1e99-6f47-452a-9eed-e94fbee14e6e" testName="FormatToStringTest1000 (96022.24851977557,96022.25 zł)" computerName="DESKTOP-5URQ9PB" duration="00:00:00.0000061" startTime="2022-06-13T21:12:02.2285886+02:00" endTime="2022-06-13T21:12:02.2286528+02:00" testType="13cdc9d9-ddb5-4fa4-a97d-d965ccfc6d4b" outcome="Passed" testListId="8c84fa94-04c1-424b-9868-57a2d4851a1d" relativeResultsDirectory="893fe982-0f98-45f1-85f2-c4bc324a4cc4" />
    <UnitTestResult executionId="0a88c943-4911-44eb-a02c-9b56a6f64d59" testId="17997240-599a-4a11-9350-db3caa3c8f17" testName="FormatToStringTest1000 (50664.01951024869,50664.02 zł)" computerName="DESKTOP-5URQ9PB" duration="00:00:00.0000064" startTime="2022-06-13T21:12:02.2081822+02:00" endTime="2022-06-13T21:12:02.2082529+02:00" testType="13cdc9d9-ddb5-4fa4-a97d-d965ccfc6d4b" outcome="Passed" testListId="8c84fa94-04c1-424b-9868-57a2d4851a1d" relativeResultsDirectory="0a88c943-4911-44eb-a02c-9b56a6f64d59" />
    <UnitTestResult executionId="0ee88e91-5339-4b19-bdb4-2fe189390451" testId="e683a3aa-fb34-46af-8b28-073b009a9bba" testName="FormatToStringTest1000 (19435.417227184127,19435.42 zł)" computerName="DESKTOP-5URQ9PB" duration="00:00:00.0000063" startTime="2022-06-13T21:12:02.1385179+02:00" endTime="2022-06-13T21:12:02.1385849+02:00" testType="13cdc9d9-ddb5-4fa4-a97d-d965ccfc6d4b" outcome="Passed" testListId="8c84fa94-04c1-424b-9868-57a2d4851a1d" relativeResultsDirectory="0ee88e91-5339-4b19-bdb4-2fe189390451" />
    <UnitTestResult executionId="2b8ac7c2-a5f0-4c7c-be40-9e2cda87736a" testId="e1bda78f-6040-49a9-9690-2664e002b24e" testName="FormatToStringTest1000 (8802.811382028653,8802.81 zł)" computerName="DESKTOP-5URQ9PB" duration="00:00:00.0000064" startTime="2022-06-13T21:12:02.0447264+02:00" endTime="2022-06-13T21:12:02.0447940+02:00" testType="13cdc9d9-ddb5-4fa4-a97d-d965ccfc6d4b" outcome="Passed" testListId="8c84fa94-04c1-424b-9868-57a2d4851a1d" relativeResultsDirectory="2b8ac7c2-a5f0-4c7c-be40-9e2cda87736a" />
    <UnitTestResult executionId="bc4ce94e-bdc9-42a1-8ad3-2e2295e29ad6" testId="d0d118eb-dd56-4d00-a299-79ca8fa595b9" testName="FormatToStringTest1000 (14218.204344010543,14218.20 zł)" computerName="DESKTOP-5URQ9PB" duration="00:00:00.0000062" startTime="2022-06-13T21:12:02.2544013+02:00" endTime="2022-06-13T21:12:02.2544663+02:00" testType="13cdc9d9-ddb5-4fa4-a97d-d965ccfc6d4b" outcome="Passed" testListId="8c84fa94-04c1-424b-9868-57a2d4851a1d" relativeResultsDirectory="bc4ce94e-bdc9-42a1-8ad3-2e2295e29ad6" />
    <UnitTestResult executionId="94162e80-9c83-4985-8976-053077cdc8a4" testId="f832a3ad-c3db-45cd-ae2f-2b3eba68e1e8" testName="FormatToStringTest1000 (15396.537902579894,15396.54 zł)" computerName="DESKTOP-5URQ9PB" duration="00:00:00.0000061" startTime="2022-06-13T21:12:02.2123520+02:00" endTime="2022-06-13T21:12:02.2124187+02:00" testType="13cdc9d9-ddb5-4fa4-a97d-d965ccfc6d4b" outcome="Passed" testListId="8c84fa94-04c1-424b-9868-57a2d4851a1d" relativeResultsDirectory="94162e80-9c83-4985-8976-053077cdc8a4" />
    <UnitTestResult executionId="3d031e61-dc1b-43a9-8613-42dcba497cbe" testId="3464f623-106a-4d7d-85ba-0f992b67fbdb" testName="FormatToStringTest1000 (79973.08417819678,79973.08 zł)" computerName="DESKTOP-5URQ9PB" duration="00:00:00.0000063" startTime="2022-06-13T21:12:01.9118786+02:00" endTime="2022-06-13T21:12:01.9119455+02:00" testType="13cdc9d9-ddb5-4fa4-a97d-d965ccfc6d4b" outcome="Passed" testListId="8c84fa94-04c1-424b-9868-57a2d4851a1d" relativeResultsDirectory="3d031e61-dc1b-43a9-8613-42dcba497cbe" />
    <UnitTestResult executionId="6fdf32f1-8807-4345-ae35-1fc9ebd79213" testId="0a4084eb-e334-4876-81ae-e042f3a92221" testName="FormatToStringTest1000 (36211.11038300866,36211.11 zł)" computerName="DESKTOP-5URQ9PB" duration="00:00:00.0000061" startTime="2022-06-13T21:12:02.2366144+02:00" endTime="2022-06-13T21:12:02.2366793+02:00" testType="13cdc9d9-ddb5-4fa4-a97d-d965ccfc6d4b" outcome="Passed" testListId="8c84fa94-04c1-424b-9868-57a2d4851a1d" relativeResultsDirectory="6fdf32f1-8807-4345-ae35-1fc9ebd79213" />
    <UnitTestResult executionId="da4cb7d3-d56e-474b-b36a-13bfddbfcd98" testId="dff37c6f-dadb-4f99-a3c8-45e7f568100b" testName="FormatToStringTest1000 (4105.490993980081,4105.49 zł)" computerName="DESKTOP-5URQ9PB" duration="00:00:00.0000063" startTime="2022-06-13T21:12:02.0539382+02:00" endTime="2022-06-13T21:12:02.0540053+02:00" testType="13cdc9d9-ddb5-4fa4-a97d-d965ccfc6d4b" outcome="Passed" testListId="8c84fa94-04c1-424b-9868-57a2d4851a1d" relativeResultsDirectory="da4cb7d3-d56e-474b-b36a-13bfddbfcd98" />
    <UnitTestResult executionId="96e02ac0-20fa-49a2-b999-156a4c56dfdd" testId="5dca7c2e-66a7-4033-bc0b-cc532fe54f6e" testName="FormatToStringTest1000 (31290.71396233687,31290.71 zł)" computerName="DESKTOP-5URQ9PB" duration="00:00:00.0000066" startTime="2022-06-13T21:12:01.9770054+02:00" endTime="2022-06-13T21:12:01.9770812+02:00" testType="13cdc9d9-ddb5-4fa4-a97d-d965ccfc6d4b" outcome="Passed" testListId="8c84fa94-04c1-424b-9868-57a2d4851a1d" relativeResultsDirectory="96e02ac0-20fa-49a2-b999-156a4c56dfdd" />
    <UnitTestResult executionId="0df34596-b13b-45ab-bea1-463f2add7202" testId="c0c52051-1c34-4a8b-9559-f99998c13a75" testName="FormatToStringTest1000 (34458.5406463512,34458.54 zł)" computerName="DESKTOP-5URQ9PB" duration="00:00:00.0000071" startTime="2022-06-13T21:12:02.1908465+02:00" endTime="2022-06-13T21:12:02.1909204+02:00" testType="13cdc9d9-ddb5-4fa4-a97d-d965ccfc6d4b" outcome="Passed" testListId="8c84fa94-04c1-424b-9868-57a2d4851a1d" relativeResultsDirectory="0df34596-b13b-45ab-bea1-463f2add7202" />
    <UnitTestResult executionId="08bfac46-58c3-4a1f-914d-af59a1815cab" testId="c4a9d547-d071-44e6-92f9-65e5054c5044" testName="FormatToStringTest1000 (54275.73209373408,54275.73 zł)" computerName="DESKTOP-5URQ9PB" duration="00:00:00.0000062" startTime="2022-06-13T21:12:02.2568376+02:00" endTime="2022-06-13T21:12:02.2569022+02:00" testType="13cdc9d9-ddb5-4fa4-a97d-d965ccfc6d4b" outcome="Passed" testListId="8c84fa94-04c1-424b-9868-57a2d4851a1d" relativeResultsDirectory="08bfac46-58c3-4a1f-914d-af59a1815cab" />
    <UnitTestResult executionId="5c599fd7-2d92-4674-802d-e067c8c54960" testId="b8485734-eea7-47dc-b3f5-3d4f5bf6ba4f" testName="FormatToStringTest1000 (25376.6225052097,25376.62 zł)" computerName="DESKTOP-5URQ9PB" duration="00:00:00.0000064" startTime="2022-06-13T21:12:02.1545541+02:00" endTime="2022-06-13T21:12:02.1546192+02:00" testType="13cdc9d9-ddb5-4fa4-a97d-d965ccfc6d4b" outcome="Passed" testListId="8c84fa94-04c1-424b-9868-57a2d4851a1d" relativeResultsDirectory="5c599fd7-2d92-4674-802d-e067c8c54960" />
    <UnitTestResult executionId="57e2ae9b-411b-48e1-ac06-e62d8b1f2f00" testId="eaa3b4d6-d828-4b9c-8e95-ebd9b2c965d5" testName="FormatToStringTest1000 (15591.4117417221,15591.41 zł)" computerName="DESKTOP-5URQ9PB" duration="00:00:00.0000070" startTime="2022-06-13T21:12:02.2720752+02:00" endTime="2022-06-13T21:12:02.2721372+02:00" testType="13cdc9d9-ddb5-4fa4-a97d-d965ccfc6d4b" outcome="Passed" testListId="8c84fa94-04c1-424b-9868-57a2d4851a1d" relativeResultsDirectory="57e2ae9b-411b-48e1-ac06-e62d8b1f2f00" />
    <UnitTestResult executionId="a7f6cf0a-7090-47e5-b963-b482c7aebb47" testId="245bcab3-8a35-4760-b817-0565f4311aa8" testName="FormatToStringTest1000 (68698.01923441609,68698.02 zł)" computerName="DESKTOP-5URQ9PB" duration="00:00:00.0000062" startTime="2022-06-13T21:12:02.2784619+02:00" endTime="2022-06-13T21:12:02.2785263+02:00" testType="13cdc9d9-ddb5-4fa4-a97d-d965ccfc6d4b" outcome="Passed" testListId="8c84fa94-04c1-424b-9868-57a2d4851a1d" relativeResultsDirectory="a7f6cf0a-7090-47e5-b963-b482c7aebb47" />
    <UnitTestResult executionId="7639ecca-90c3-4f7b-8a1a-5832ba9e3397" testId="4c532f88-0f4e-4b7b-8c5b-a27325467749" testName="FormatToStringTest1000 (46166.38051381259,46166.38 zł)" computerName="DESKTOP-5URQ9PB" duration="00:00:00.0000064" startTime="2022-06-13T21:12:02.0777516+02:00" endTime="2022-06-13T21:12:02.0778216+02:00" testType="13cdc9d9-ddb5-4fa4-a97d-d965ccfc6d4b" outcome="Passed" testListId="8c84fa94-04c1-424b-9868-57a2d4851a1d" relativeResultsDirectory="7639ecca-90c3-4f7b-8a1a-5832ba9e3397" />
    <UnitTestResult executionId="810d112f-4982-4f80-9986-e4cb42b3d031" testId="10cedb61-1182-48a7-aad2-09a8f64d81c9" testName="FormatToStringTest1000 (50585.83664522778,50585.84 zł)" computerName="DESKTOP-5URQ9PB" duration="00:00:00.0000064" startTime="2022-06-13T21:12:02.1379961+02:00" endTime="2022-06-13T21:12:02.1380637+02:00" testType="13cdc9d9-ddb5-4fa4-a97d-d965ccfc6d4b" outcome="Passed" testListId="8c84fa94-04c1-424b-9868-57a2d4851a1d" relativeResultsDirectory="810d112f-4982-4f80-9986-e4cb42b3d031" />
    <UnitTestResult executionId="32b91d36-2ddc-4b1b-aa5c-ac4da2fde1b8" testId="fdde2818-211e-4ec5-ab77-4ae1422334b3" testName="FormatToStringTest1000 (11181.228339251702,11181.23 zł)" computerName="DESKTOP-5URQ9PB" duration="00:00:00.0000062" startTime="2022-06-13T21:12:02.2923840+02:00" endTime="2022-06-13T21:12:02.2924483+02:00" testType="13cdc9d9-ddb5-4fa4-a97d-d965ccfc6d4b" outcome="Passed" testListId="8c84fa94-04c1-424b-9868-57a2d4851a1d" relativeResultsDirectory="32b91d36-2ddc-4b1b-aa5c-ac4da2fde1b8" />
    <UnitTestResult executionId="5636516e-e82d-4646-9b7d-22f267a82129" testId="b9989a6f-002c-4fd7-994c-d7075accddf3" testName="FormatToStringTest1000 (67109.22110940759,67109.22 zł)" computerName="DESKTOP-5URQ9PB" duration="00:00:00.0000075" startTime="2022-06-13T21:12:02.2540477+02:00" endTime="2022-06-13T21:12:02.2541307+02:00" testType="13cdc9d9-ddb5-4fa4-a97d-d965ccfc6d4b" outcome="Passed" testListId="8c84fa94-04c1-424b-9868-57a2d4851a1d" relativeResultsDirectory="5636516e-e82d-4646-9b7d-22f267a82129" />
    <UnitTestResult executionId="df5adfe1-cad1-41a7-8838-1d6600c6fbc9" testId="27c07257-7317-4c41-99d3-94db634e8b0a" testName="FormatToStringTest1000 (6205.946199725357,6205.95 zł)" computerName="DESKTOP-5URQ9PB" duration="00:00:00.0000064" startTime="2022-06-13T21:12:02.0904512+02:00" endTime="2022-06-13T21:12:02.0905187+02:00" testType="13cdc9d9-ddb5-4fa4-a97d-d965ccfc6d4b" outcome="Passed" testListId="8c84fa94-04c1-424b-9868-57a2d4851a1d" relativeResultsDirectory="df5adfe1-cad1-41a7-8838-1d6600c6fbc9" />
    <UnitTestResult executionId="f739bf3a-697d-48b7-b49d-98020a8dec0b" testId="0679f577-c8ec-4236-9a42-540bc9956ef5" testName="FormatToStringTest1000 (57436.33241095409,57436.33 zł)" computerName="DESKTOP-5URQ9PB" duration="00:00:00.0000078" startTime="2022-06-13T21:12:02.0776404+02:00" endTime="2022-06-13T21:12:02.0777301+02:00" testType="13cdc9d9-ddb5-4fa4-a97d-d965ccfc6d4b" outcome="Passed" testListId="8c84fa94-04c1-424b-9868-57a2d4851a1d" relativeResultsDirectory="f739bf3a-697d-48b7-b49d-98020a8dec0b" />
    <UnitTestResult executionId="a4f7f538-c7aa-40dd-b56c-e601d437882c" testId="697cb2ac-df9b-4f9d-9217-0cab952479af" testName="FormatToStringTest1000 (22743.19734205827,22743.20 zł)" computerName="DESKTOP-5URQ9PB" duration="00:00:00.0000075" startTime="2022-06-13T21:12:02.0807659+02:00" endTime="2022-06-13T21:12:02.0808531+02:00" testType="13cdc9d9-ddb5-4fa4-a97d-d965ccfc6d4b" outcome="Passed" testListId="8c84fa94-04c1-424b-9868-57a2d4851a1d" relativeResultsDirectory="a4f7f538-c7aa-40dd-b56c-e601d437882c" />
    <UnitTestResult executionId="1c28d487-01b5-4d6b-a90a-b77a9c38c236" testId="3c84153a-795c-4beb-8007-cf1b4c9317a6" testName="FormatToStringTest1000 (76751.79413498091,76751.79 zł)" computerName="DESKTOP-5URQ9PB" duration="00:00:00.0000061" startTime="2022-06-13T21:12:02.1414928+02:00" endTime="2022-06-13T21:12:02.1415589+02:00" testType="13cdc9d9-ddb5-4fa4-a97d-d965ccfc6d4b" outcome="Passed" testListId="8c84fa94-04c1-424b-9868-57a2d4851a1d" relativeResultsDirectory="1c28d487-01b5-4d6b-a90a-b77a9c38c236" />
    <UnitTestResult executionId="0260c6e9-b651-4a3c-a109-40551425ec53" testId="3403a566-f7d9-4916-abe4-cb50257da60b" testName="FormatToStringTest1000 (6035.818653228608,6035.82 zł)" computerName="DESKTOP-5URQ9PB" duration="00:00:00.0000063" startTime="2022-06-13T21:12:02.0810453+02:00" endTime="2022-06-13T21:12:02.0811122+02:00" testType="13cdc9d9-ddb5-4fa4-a97d-d965ccfc6d4b" outcome="Passed" testListId="8c84fa94-04c1-424b-9868-57a2d4851a1d" relativeResultsDirectory="0260c6e9-b651-4a3c-a109-40551425ec53" />
    <UnitTestResult executionId="d49efb7b-9f11-4f12-85ad-d0e55bd4ddc2" testId="dff2c45e-fb4f-4436-bf4f-ab016caf2fa3" testName="FormatToStringTest1000 (70581.91150977784,70581.91 zł)" computerName="DESKTOP-5URQ9PB" duration="00:00:00.0000419" startTime="2022-06-13T21:12:02.1776012+02:00" endTime="2022-06-13T21:12:02.1780622+02:00" testType="13cdc9d9-ddb5-4fa4-a97d-d965ccfc6d4b" outcome="Passed" testListId="8c84fa94-04c1-424b-9868-57a2d4851a1d" relativeResultsDirectory="d49efb7b-9f11-4f12-85ad-d0e55bd4ddc2" />
    <UnitTestResult executionId="2d7f568e-bc5f-4af1-939f-2911984a59d2" testId="24ed54dd-a47d-4eb1-b9ee-d337cedeff2b" testName="FormatToStringTest1000 (45445.182098106096,45445.18 zł)" computerName="DESKTOP-5URQ9PB" duration="00:00:00.0000063" startTime="2022-06-13T21:12:02.0780109+02:00" endTime="2022-06-13T21:12:02.0780780+02:00" testType="13cdc9d9-ddb5-4fa4-a97d-d965ccfc6d4b" outcome="Passed" testListId="8c84fa94-04c1-424b-9868-57a2d4851a1d" relativeResultsDirectory="2d7f568e-bc5f-4af1-939f-2911984a59d2" />
    <UnitTestResult executionId="49743025-52d7-482c-add7-ee10838490b6" testId="d1dc3b8c-1ad5-4856-ba23-7125dac0954e" testName="FormatToStringTest1000 (40857.08543233996,40857.09 zł)" computerName="DESKTOP-5URQ9PB" duration="00:00:00.0000136" startTime="2022-06-13T21:12:01.9765961+02:00" endTime="2022-06-13T21:12:01.9767687+02:00" testType="13cdc9d9-ddb5-4fa4-a97d-d965ccfc6d4b" outcome="Passed" testListId="8c84fa94-04c1-424b-9868-57a2d4851a1d" relativeResultsDirectory="49743025-52d7-482c-add7-ee10838490b6" />
    <UnitTestResult executionId="e8343a2f-4997-455d-953a-db7c83c089e2" testId="bbffd503-59b9-4836-b6ae-c57ef32a6d8a" testName="FormatToStringTest1000 (4652.407073443945,4652.41 zł)" computerName="DESKTOP-5URQ9PB" duration="00:00:00.0000064" startTime="2022-06-13T21:12:02.1269765+02:00" endTime="2022-06-13T21:12:02.1270514+02:00" testType="13cdc9d9-ddb5-4fa4-a97d-d965ccfc6d4b" outcome="Passed" testListId="8c84fa94-04c1-424b-9868-57a2d4851a1d" relativeResultsDirectory="e8343a2f-4997-455d-953a-db7c83c089e2" />
    <UnitTestResult executionId="66f54146-df5f-4f59-ac5f-00d8cd6302bb" testId="82f3935c-650d-4389-a228-e0a8ea14e87b" testName="FormatToStringTest1000 (13197.65136269417,13197.65 zł)" computerName="DESKTOP-5URQ9PB" duration="00:00:00.0000090" startTime="2022-06-13T21:12:02.1270690+02:00" endTime="2022-06-13T21:12:02.1271457+02:00" testType="13cdc9d9-ddb5-4fa4-a97d-d965ccfc6d4b" outcome="Passed" testListId="8c84fa94-04c1-424b-9868-57a2d4851a1d" relativeResultsDirectory="66f54146-df5f-4f59-ac5f-00d8cd6302bb" />
    <UnitTestResult executionId="64783eee-db79-42c2-ba1c-d109717d2268" testId="652bb59a-0042-4e72-ab27-f85ac7d97981" testName="FormatToStringTest1000 (40545.70748620001,40545.71 zł)" computerName="DESKTOP-5URQ9PB" duration="00:00:00.0000062" startTime="2022-06-13T21:12:02.2586327+02:00" endTime="2022-06-13T21:12:02.2586974+02:00" testType="13cdc9d9-ddb5-4fa4-a97d-d965ccfc6d4b" outcome="Passed" testListId="8c84fa94-04c1-424b-9868-57a2d4851a1d" relativeResultsDirectory="64783eee-db79-42c2-ba1c-d109717d2268" />
    <UnitTestResult executionId="063ce21b-8abf-436d-921f-793ec762dfde" testId="3e46b5ea-b852-437c-9a61-cbf4f64c1c3f" testName="FormatToStringTest1000 (13286.856387228174,13286.86 zł)" computerName="DESKTOP-5URQ9PB" duration="00:00:00.0000066" startTime="2022-06-13T21:12:02.2410312+02:00" endTime="2022-06-13T21:12:02.2411040+02:00" testType="13cdc9d9-ddb5-4fa4-a97d-d965ccfc6d4b" outcome="Passed" testListId="8c84fa94-04c1-424b-9868-57a2d4851a1d" relativeResultsDirectory="063ce21b-8abf-436d-921f-793ec762dfde" />
    <UnitTestResult executionId="19a6064b-de47-4935-b03e-24485e18c2be" testId="9ff1f4b7-870c-401b-8fc6-ba5e738223f5" testName="FormatToStringTest1000 (10994.251866986162,10994.25 zł)" computerName="DESKTOP-5URQ9PB" duration="00:00:00.0000424" startTime="2022-06-13T21:12:02.1726737+02:00" endTime="2022-06-13T21:12:02.1731500+02:00" testType="13cdc9d9-ddb5-4fa4-a97d-d965ccfc6d4b" outcome="Passed" testListId="8c84fa94-04c1-424b-9868-57a2d4851a1d" relativeResultsDirectory="19a6064b-de47-4935-b03e-24485e18c2be" />
    <UnitTestResult executionId="7d35532c-3084-4038-9876-63a6d47c45f4" testId="bd210f45-2767-47cd-96db-c5182a926418" testName="FormatToStringTest1000 (740.3213011405064,740.32 zł)" computerName="DESKTOP-5URQ9PB" duration="00:00:00.0000062" startTime="2022-06-13T21:12:01.9643551+02:00" endTime="2022-06-13T21:12:01.9644231+02:00" testType="13cdc9d9-ddb5-4fa4-a97d-d965ccfc6d4b" outcome="Passed" testListId="8c84fa94-04c1-424b-9868-57a2d4851a1d" relativeResultsDirectory="7d35532c-3084-4038-9876-63a6d47c45f4" />
    <UnitTestResult executionId="ebaa47ba-1a77-40d9-9214-e8ae5eef0aa2" testId="748eaf94-ba0d-4b51-9f93-a615a06b99bf" testName="FormatToStringTest1000 (2298.0331723829886,2298.03 zł)" computerName="DESKTOP-5URQ9PB" duration="00:00:00.0000074" startTime="2022-06-13T21:12:02.1616515+02:00" endTime="2022-06-13T21:12:02.1617210+02:00" testType="13cdc9d9-ddb5-4fa4-a97d-d965ccfc6d4b" outcome="Passed" testListId="8c84fa94-04c1-424b-9868-57a2d4851a1d" relativeResultsDirectory="ebaa47ba-1a77-40d9-9214-e8ae5eef0aa2" />
    <UnitTestResult executionId="17aa6408-8e44-4119-b6b9-4b9c214f97d1" testId="990718d7-1983-4ca4-944c-6b822eb8b66a" testName="FormatToStringTest1000 (7119.076353227755,7119.08 zł)" computerName="DESKTOP-5URQ9PB" duration="00:00:00.0000074" startTime="2022-06-13T21:12:02.1930323+02:00" endTime="2022-06-13T21:12:02.1931196+02:00" testType="13cdc9d9-ddb5-4fa4-a97d-d965ccfc6d4b" outcome="Passed" testListId="8c84fa94-04c1-424b-9868-57a2d4851a1d" relativeResultsDirectory="17aa6408-8e44-4119-b6b9-4b9c214f97d1" />
    <UnitTestResult executionId="80b9d18d-d5cc-4b70-a1f3-4e46d9f118ad" testId="2d622d49-ba39-4fdd-8cb5-0330574b0827" testName="FormatToStringTest1000 (38402.8293406753,38402.83 zł)" computerName="DESKTOP-5URQ9PB" duration="00:00:00.0000063" startTime="2022-06-13T21:12:02.2286694+02:00" endTime="2022-06-13T21:12:02.2287318+02:00" testType="13cdc9d9-ddb5-4fa4-a97d-d965ccfc6d4b" outcome="Passed" testListId="8c84fa94-04c1-424b-9868-57a2d4851a1d" relativeResultsDirectory="80b9d18d-d5cc-4b70-a1f3-4e46d9f118ad" />
    <UnitTestResult executionId="8a293ca3-0412-4258-8a9c-eee1573708da" testId="e01495b3-e446-407d-ac3c-84672b749675" testName="FormatToStringTest1000 (82228.32322510486,82228.32 zł)" computerName="DESKTOP-5URQ9PB" duration="00:00:00.0000643" startTime="2022-06-13T21:12:02.1712703+02:00" endTime="2022-06-13T21:12:02.1719066+02:00" testType="13cdc9d9-ddb5-4fa4-a97d-d965ccfc6d4b" outcome="Passed" testListId="8c84fa94-04c1-424b-9868-57a2d4851a1d" relativeResultsDirectory="8a293ca3-0412-4258-8a9c-eee1573708da" />
    <UnitTestResult executionId="e40577f4-4c87-4cbc-9bdb-cf9e72804067" testId="ba03705a-4d92-4e50-b197-2a1d20e7b756" testName="FormatToStringTest1000 (18794.859523484418,18794.86 zł)" computerName="DESKTOP-5URQ9PB" duration="00:00:00.0000065" startTime="2022-06-13T21:12:02.0874317+02:00" endTime="2022-06-13T21:12:02.0874995+02:00" testType="13cdc9d9-ddb5-4fa4-a97d-d965ccfc6d4b" outcome="Passed" testListId="8c84fa94-04c1-424b-9868-57a2d4851a1d" relativeResultsDirectory="e40577f4-4c87-4cbc-9bdb-cf9e72804067" />
    <UnitTestResult executionId="b88c3e70-d995-4a1e-996e-7e70762e377c" testId="e4edc6f9-79fb-4090-b60a-65d309fff360" testName="FormatToStringTest1000 (37866.43836050967,37866.44 zł)" computerName="DESKTOP-5URQ9PB" duration="00:00:00.0000062" startTime="2022-06-13T21:12:02.0813039+02:00" endTime="2022-06-13T21:12:02.0813704+02:00" testType="13cdc9d9-ddb5-4fa4-a97d-d965ccfc6d4b" outcome="Passed" testListId="8c84fa94-04c1-424b-9868-57a2d4851a1d" relativeResultsDirectory="b88c3e70-d995-4a1e-996e-7e70762e377c" />
    <UnitTestResult executionId="d103c4ee-d756-42c2-8183-0244bcbdc2e2" testId="05172cbf-d1fa-44cd-a02b-bc875c1f95db" testName="FormatToStringTest1000 (26686.08488193065,26686.08 zł)" computerName="DESKTOP-5URQ9PB" duration="00:00:00.0000485" startTime="2022-06-13T21:12:02.1856574+02:00" endTime="2022-06-13T21:12:02.1860186+02:00" testType="13cdc9d9-ddb5-4fa4-a97d-d965ccfc6d4b" outcome="Passed" testListId="8c84fa94-04c1-424b-9868-57a2d4851a1d" relativeResultsDirectory="d103c4ee-d756-42c2-8183-0244bcbdc2e2" />
    <UnitTestResult executionId="0c12f1c4-a76b-4101-8bce-9e0d25c43d94" testId="d4bfd9fa-0df3-438f-a9fd-7b0226a3207d" testName="FormatToStringTest1000 (22017.250119325356,22017.25 zł)" computerName="DESKTOP-5URQ9PB" duration="00:00:00.0000070" startTime="2022-06-13T21:12:02.0030729+02:00" endTime="2022-06-13T21:12:02.0031428+02:00" testType="13cdc9d9-ddb5-4fa4-a97d-d965ccfc6d4b" outcome="Passed" testListId="8c84fa94-04c1-424b-9868-57a2d4851a1d" relativeResultsDirectory="0c12f1c4-a76b-4101-8bce-9e0d25c43d94" />
    <UnitTestResult executionId="6c3fdebc-351b-4c3d-a3e7-b51ee9615687" testId="12ef18f9-9b47-416b-ae7d-02dce99d3fdd" testName="FormatToStringTest1000 (10762.501695533518,10762.50 zł)" computerName="DESKTOP-5URQ9PB" duration="00:00:00.0000061" startTime="2022-06-13T21:12:02.2124354+02:00" endTime="2022-06-13T21:12:02.2125010+02:00" testType="13cdc9d9-ddb5-4fa4-a97d-d965ccfc6d4b" outcome="Passed" testListId="8c84fa94-04c1-424b-9868-57a2d4851a1d" relativeResultsDirectory="6c3fdebc-351b-4c3d-a3e7-b51ee9615687" />
    <UnitTestResult executionId="c737aeb6-387a-469f-8460-fb47f8531894" testId="9c53e77e-c9a3-4ea6-b0a2-8e59f3b9288a" testName="FormatToStringTest1000 (386.358918903097,386.36 zł)" computerName="DESKTOP-5URQ9PB" duration="00:00:00.0000067" startTime="2022-06-13T21:12:02.0715164+02:00" endTime="2022-06-13T21:12:02.0715843+02:00" testType="13cdc9d9-ddb5-4fa4-a97d-d965ccfc6d4b" outcome="Passed" testListId="8c84fa94-04c1-424b-9868-57a2d4851a1d" relativeResultsDirectory="c737aeb6-387a-469f-8460-fb47f8531894" />
    <UnitTestResult executionId="9428dc96-2eaf-4788-a028-1261495e79d9" testId="a55b7c60-193d-4203-a3ed-4104a1e2f88b" testName="FormatToStringTest1000 (159.83786031922224,159.84 zł)" computerName="DESKTOP-5URQ9PB" duration="00:00:00.0000061" startTime="2022-06-13T21:12:01.9645271+02:00" endTime="2022-06-13T21:12:01.9645947+02:00" testType="13cdc9d9-ddb5-4fa4-a97d-d965ccfc6d4b" outcome="Passed" testListId="8c84fa94-04c1-424b-9868-57a2d4851a1d" relativeResultsDirectory="9428dc96-2eaf-4788-a028-1261495e79d9" />
    <UnitTestResult executionId="535445d1-89bc-4601-83e7-616a43632602" testId="a2982d6d-e5e7-4b18-b4dc-3959c709a3fa" testName="FormatToStringTest1000 (16901.497392274203,16901.50 zł)" computerName="DESKTOP-5URQ9PB" duration="00:00:00.0000062" startTime="2022-06-13T21:12:02.1983146+02:00" endTime="2022-06-13T21:12:02.1983806+02:00" testType="13cdc9d9-ddb5-4fa4-a97d-d965ccfc6d4b" outcome="Passed" testListId="8c84fa94-04c1-424b-9868-57a2d4851a1d" relativeResultsDirectory="535445d1-89bc-4601-83e7-616a43632602" />
    <UnitTestResult executionId="d09a9b71-16f1-4032-a1f7-0a12f90154db" testId="f5e63490-30b1-4262-8dcc-d359e273a6bd" testName="FormatToStringTest1000 (4857.211933034105,4857.21 zł)" computerName="DESKTOP-5URQ9PB" duration="00:00:00.0000064" startTime="2022-06-13T21:12:02.2880947+02:00" endTime="2022-06-13T21:12:02.2881619+02:00" testType="13cdc9d9-ddb5-4fa4-a97d-d965ccfc6d4b" outcome="Passed" testListId="8c84fa94-04c1-424b-9868-57a2d4851a1d" relativeResultsDirectory="d09a9b71-16f1-4032-a1f7-0a12f90154db" />
    <UnitTestResult executionId="1f87b7d2-8c20-4c03-93a2-7254729b1780" testId="65c35227-a9dc-4a19-8e71-a3622e00f562" testName="FormatToStringTest1000 (21728.91641959963,21728.92 zł)" computerName="DESKTOP-5URQ9PB" duration="00:00:00.0000062" startTime="2022-06-13T21:12:02.2944449+02:00" endTime="2022-06-13T21:12:02.2945098+02:00" testType="13cdc9d9-ddb5-4fa4-a97d-d965ccfc6d4b" outcome="Passed" testListId="8c84fa94-04c1-424b-9868-57a2d4851a1d" relativeResultsDirectory="1f87b7d2-8c20-4c03-93a2-7254729b1780" />
    <UnitTestResult executionId="f95bb7bb-07d4-4b59-bc97-6a893688ba50" testId="17486283-b475-4f34-87e1-386c1a66fa50" testName="FormatToStringTest1000 (8242.419043611,8242.42 zł)" computerName="DESKTOP-5URQ9PB" duration="00:00:00.0000065" startTime="2022-06-13T21:12:02.2480966+02:00" endTime="2022-06-13T21:12:02.2481673+02:00" testType="13cdc9d9-ddb5-4fa4-a97d-d965ccfc6d4b" outcome="Passed" testListId="8c84fa94-04c1-424b-9868-57a2d4851a1d" relativeResultsDirectory="f95bb7bb-07d4-4b59-bc97-6a893688ba50" />
    <UnitTestResult executionId="6b78bcbf-2336-485d-91cc-f149946ce860" testId="a314c471-9733-4ad7-96d8-111c06ed5d30" testName="FormatToStringTest1000 (15190.097283723344,15190.10 zł)" computerName="DESKTOP-5URQ9PB" duration="00:00:00.0000062" startTime="2022-06-13T21:12:02.2566749+02:00" endTime="2022-06-13T21:12:02.2567408+02:00" testType="13cdc9d9-ddb5-4fa4-a97d-d965ccfc6d4b" outcome="Passed" testListId="8c84fa94-04c1-424b-9868-57a2d4851a1d" relativeResultsDirectory="6b78bcbf-2336-485d-91cc-f149946ce860" />
    <UnitTestResult executionId="cf2f68cd-962c-4e3a-a3f2-8b79b54bbd9d" testId="52e1efee-e932-4526-9b63-ef6be8e3d149" testName="FormatToStringTest1000 (545.7016866634142,545.70 zł)" computerName="DESKTOP-5URQ9PB" duration="00:00:00.0000069" startTime="2022-06-13T21:12:02.1572465+02:00" endTime="2022-06-13T21:12:02.1573348+02:00" testType="13cdc9d9-ddb5-4fa4-a97d-d965ccfc6d4b" outcome="Passed" testListId="8c84fa94-04c1-424b-9868-57a2d4851a1d" relativeResultsDirectory="cf2f68cd-962c-4e3a-a3f2-8b79b54bbd9d" />
    <UnitTestResult executionId="bd11992e-299e-4f86-8eec-09eea3fd3abc" testId="07a479c3-5b4b-4768-b4c9-7c0d2c4e01ef" testName="FormatToStringTest1000 (34951.47290410077,34951.47 zł)" computerName="DESKTOP-5URQ9PB" duration="00:00:00.0000062" startTime="2022-06-13T21:12:02.1110970+02:00" endTime="2022-06-13T21:12:02.1111634+02:00" testType="13cdc9d9-ddb5-4fa4-a97d-d965ccfc6d4b" outcome="Passed" testListId="8c84fa94-04c1-424b-9868-57a2d4851a1d" relativeResultsDirectory="bd11992e-299e-4f86-8eec-09eea3fd3abc" />
    <UnitTestResult executionId="fdc691cd-d5f9-4adc-a0d7-5bf836990756" testId="dffa461a-af8f-4c1e-8e6c-e411bf67e342" testName="FormatToStringTest1000 (44869.327020554025,44869.33 zł)" computerName="DESKTOP-5URQ9PB" duration="00:00:00.0000063" startTime="2022-06-13T21:12:02.0066100+02:00" endTime="2022-06-13T21:12:02.0066782+02:00" testType="13cdc9d9-ddb5-4fa4-a97d-d965ccfc6d4b" outcome="Passed" testListId="8c84fa94-04c1-424b-9868-57a2d4851a1d" relativeResultsDirectory="fdc691cd-d5f9-4adc-a0d7-5bf836990756" />
    <UnitTestResult executionId="ee294f10-c20d-40ce-b5a4-2778c14f9261" testId="6e5e69d4-40b8-458f-8044-41b7404ed108" testName="FormatToStringTest1000 (4612.32080757633,4612.32 zł)" computerName="DESKTOP-5URQ9PB" duration="00:00:00.0000061" startTime="2022-06-13T21:12:02.2608055+02:00" endTime="2022-06-13T21:12:02.2608676+02:00" testType="13cdc9d9-ddb5-4fa4-a97d-d965ccfc6d4b" outcome="Passed" testListId="8c84fa94-04c1-424b-9868-57a2d4851a1d" relativeResultsDirectory="ee294f10-c20d-40ce-b5a4-2778c14f9261" />
    <UnitTestResult executionId="2236b0c6-12b4-40a7-a75f-ae1f675b84d6" testId="1e09859b-7e78-4a68-a64e-aa357327e48c" testName="FormatToStringTest1000 (1325.1625259114255,1325.16 zł)" computerName="DESKTOP-5URQ9PB" duration="00:00:00.0000064" startTime="2022-06-13T21:12:02.2002182+02:00" endTime="2022-06-13T21:12:02.2003002+02:00" testType="13cdc9d9-ddb5-4fa4-a97d-d965ccfc6d4b" outcome="Passed" testListId="8c84fa94-04c1-424b-9868-57a2d4851a1d" relativeResultsDirectory="2236b0c6-12b4-40a7-a75f-ae1f675b84d6" />
    <UnitTestResult executionId="826b4556-51b5-4fb3-b2bf-0ce377b19628" testId="a2510ad6-85f5-4859-823a-debe6baf8cfc" testName="FormatToStringTest1000 (12610.563163818122,12610.56 zł)" computerName="DESKTOP-5URQ9PB" duration="00:00:00.0000064" startTime="2022-06-13T21:12:02.2636753+02:00" endTime="2022-06-13T21:12:02.2637414+02:00" testType="13cdc9d9-ddb5-4fa4-a97d-d965ccfc6d4b" outcome="Passed" testListId="8c84fa94-04c1-424b-9868-57a2d4851a1d" relativeResultsDirectory="826b4556-51b5-4fb3-b2bf-0ce377b19628" />
    <UnitTestResult executionId="29ebdfbe-9097-49f6-9697-e07d5a263228" testId="f08d6db6-b519-4dbf-83c3-a27c978af668" testName="FormatToStringTest1000 (2423.6182769712145,2423.62 zł)" computerName="DESKTOP-5URQ9PB" duration="00:00:00.0000071" startTime="2022-06-13T21:12:02.1998416+02:00" endTime="2022-06-13T21:12:02.1999220+02:00" testType="13cdc9d9-ddb5-4fa4-a97d-d965ccfc6d4b" outcome="Passed" testListId="8c84fa94-04c1-424b-9868-57a2d4851a1d" relativeResultsDirectory="29ebdfbe-9097-49f6-9697-e07d5a263228" />
    <UnitTestResult executionId="920d607a-c9c0-48d6-8434-a0820aecff4a" testId="539c2241-9968-4ba8-a43d-c63db1771068" testName="FormatToStringTest1000 (67230.86250807665,67230.86 zł)" computerName="DESKTOP-5URQ9PB" duration="00:00:00.0000092" startTime="2022-06-13T21:12:02.0061126+02:00" endTime="2022-06-13T21:12:02.0062163+02:00" testType="13cdc9d9-ddb5-4fa4-a97d-d965ccfc6d4b" outcome="Passed" testListId="8c84fa94-04c1-424b-9868-57a2d4851a1d" relativeResultsDirectory="920d607a-c9c0-48d6-8434-a0820aecff4a" />
    <UnitTestResult executionId="9c343cb0-b7cd-4b15-a099-dce6a419dc2b" testId="1fd4eed7-3c5d-47e8-a6a3-1b2d6d42e675" testName="FormatToStringTest1000 (66764.31690498316,66764.32 zł)" computerName="DESKTOP-5URQ9PB" duration="00:00:00.0000063" startTime="2022-06-13T21:12:02.1136007+02:00" endTime="2022-06-13T21:12:02.1136686+02:00" testType="13cdc9d9-ddb5-4fa4-a97d-d965ccfc6d4b" outcome="Passed" testListId="8c84fa94-04c1-424b-9868-57a2d4851a1d" relativeResultsDirectory="9c343cb0-b7cd-4b15-a099-dce6a419dc2b" />
    <UnitTestResult executionId="747a7ebf-d11b-4dba-9a16-31ba148185c4" testId="8670a44d-4e8d-4662-99fd-705392b9be96" testName="FormatToStringTest1000 (591.2110872302256,591.21 zł)" computerName="DESKTOP-5URQ9PB" duration="00:00:00.0000063" startTime="2022-06-13T21:12:01.9674525+02:00" endTime="2022-06-13T21:12:01.9675196+02:00" testType="13cdc9d9-ddb5-4fa4-a97d-d965ccfc6d4b" outcome="Passed" testListId="8c84fa94-04c1-424b-9868-57a2d4851a1d" relativeResultsDirectory="747a7ebf-d11b-4dba-9a16-31ba148185c4" />
    <UnitTestResult executionId="d86b2714-29df-4223-8f49-f47bebd55b09" testId="7569eed1-786f-492c-81c2-be3386d05fd3" testName="FormatToStringTest1000 (64568.131500027666,64568.13 zł)" computerName="DESKTOP-5URQ9PB" duration="00:00:00.0000062" startTime="2022-06-13T21:12:02.2348602+02:00" endTime="2022-06-13T21:12:02.2349240+02:00" testType="13cdc9d9-ddb5-4fa4-a97d-d965ccfc6d4b" outcome="Passed" testListId="8c84fa94-04c1-424b-9868-57a2d4851a1d" relativeResultsDirectory="d86b2714-29df-4223-8f49-f47bebd55b09" />
    <UnitTestResult executionId="b6bab50b-e35e-430d-9732-16fd9f2c1869" testId="bea61a21-3acc-4afc-a12a-1fa2bf964b9d" testName="FormatToStringTest1000 (63507.32603545455,63507.33 zł)" computerName="DESKTOP-5URQ9PB" duration="00:00:00.0000088" startTime="2022-06-13T21:12:01.9831649+02:00" endTime="2022-06-13T21:12:01.9832804+02:00" testType="13cdc9d9-ddb5-4fa4-a97d-d965ccfc6d4b" outcome="Passed" testListId="8c84fa94-04c1-424b-9868-57a2d4851a1d" relativeResultsDirectory="b6bab50b-e35e-430d-9732-16fd9f2c1869" />
    <UnitTestResult executionId="655ce113-bd77-4ad6-97a5-05a89017ff1c" testId="75fe441b-5f02-45e7-b4e7-bd07ef700738" testName="FormatToStringTest1000 (26858.35647848731,26858.36 zł)" computerName="DESKTOP-5URQ9PB" duration="00:00:00.0000062" startTime="2022-06-13T21:12:02.2060991+02:00" endTime="2022-06-13T21:12:02.2061653+02:00" testType="13cdc9d9-ddb5-4fa4-a97d-d965ccfc6d4b" outcome="Passed" testListId="8c84fa94-04c1-424b-9868-57a2d4851a1d" relativeResultsDirectory="655ce113-bd77-4ad6-97a5-05a89017ff1c" />
    <UnitTestResult executionId="975ab19a-30ab-47f8-b998-c5eaa65f0d37" testId="c8d85f38-8871-4453-ad23-085cb139a4e2" testName="FormatToStringTest1000 (8211.920994553679,8211.92 zł)" computerName="DESKTOP-5URQ9PB" duration="00:00:00.0000062" startTime="2022-06-13T21:12:02.0814718+02:00" endTime="2022-06-13T21:12:02.0815382+02:00" testType="13cdc9d9-ddb5-4fa4-a97d-d965ccfc6d4b" outcome="Passed" testListId="8c84fa94-04c1-424b-9868-57a2d4851a1d" relativeResultsDirectory="975ab19a-30ab-47f8-b998-c5eaa65f0d37" />
    <UnitTestResult executionId="a0097eea-5b39-44d5-9201-297a2a98699e" testId="9dc4e5a2-a9f0-426e-a963-df8fed382ddb" testName="FormatToStringTest1000 (7594.279030504766,7594.28 zł)" computerName="DESKTOP-5URQ9PB" duration="00:00:00.0000063" startTime="2022-06-13T21:12:01.9672802+02:00" endTime="2022-06-13T21:12:01.9673487+02:00" testType="13cdc9d9-ddb5-4fa4-a97d-d965ccfc6d4b" outcome="Passed" testListId="8c84fa94-04c1-424b-9868-57a2d4851a1d" relativeResultsDirectory="a0097eea-5b39-44d5-9201-297a2a98699e" />
    <UnitTestResult executionId="76a6969e-bda7-4585-9c95-d57558546fe7" testId="40d94632-457d-4816-99a9-ed1d1c8339b5" testName="FormatToStringTest1000 (60323.066780431225,60323.07 zł)" computerName="DESKTOP-5URQ9PB" duration="00:00:00.0000063" startTime="2022-06-13T21:12:02.0418002+02:00" endTime="2022-06-13T21:12:02.0418675+02:00" testType="13cdc9d9-ddb5-4fa4-a97d-d965ccfc6d4b" outcome="Passed" testListId="8c84fa94-04c1-424b-9868-57a2d4851a1d" relativeResultsDirectory="76a6969e-bda7-4585-9c95-d57558546fe7" />
    <UnitTestResult executionId="d957df80-4f6f-43ae-8538-89152ed7c78f" testId="80a527fd-b27c-464c-8567-8fc5d65aa5f8" testName="FormatToStringTest1000 (24768.25771770359,24768.26 zł)" computerName="DESKTOP-5URQ9PB" duration="00:00:00.0000062" startTime="2022-06-13T21:12:02.0782721+02:00" endTime="2022-06-13T21:12:02.0783398+02:00" testType="13cdc9d9-ddb5-4fa4-a97d-d965ccfc6d4b" outcome="Passed" testListId="8c84fa94-04c1-424b-9868-57a2d4851a1d" relativeResultsDirectory="d957df80-4f6f-43ae-8538-89152ed7c78f" />
    <UnitTestResult executionId="ba690a66-3eae-4e92-86b0-f3ce2bec630c" testId="e1735f81-82da-4e5d-9b31-3f87014a0cec" testName="FormatToStringTest1000 (485.6735566554933,485.67 zł)" computerName="DESKTOP-5URQ9PB" duration="00:00:00.0000062" startTime="2022-06-13T21:12:02.0246136+02:00" endTime="2022-06-13T21:12:02.0246818+02:00" testType="13cdc9d9-ddb5-4fa4-a97d-d965ccfc6d4b" outcome="Passed" testListId="8c84fa94-04c1-424b-9868-57a2d4851a1d" relativeResultsDirectory="ba690a66-3eae-4e92-86b0-f3ce2bec630c" />
    <UnitTestResult executionId="4edb389b-be1b-41d4-ab85-f79550fdbb83" testId="814d043c-281a-493b-9d52-4a600f3b9e70" testName="FormatToStringTest1000 (43858.624379632354,43858.62 zł)" computerName="DESKTOP-5URQ9PB" duration="00:00:00.0000062" startTime="2022-06-13T21:12:02.2347799+02:00" endTime="2022-06-13T21:12:02.2348441+02:00" testType="13cdc9d9-ddb5-4fa4-a97d-d965ccfc6d4b" outcome="Passed" testListId="8c84fa94-04c1-424b-9868-57a2d4851a1d" relativeResultsDirectory="4edb389b-be1b-41d4-ab85-f79550fdbb83" />
    <UnitTestResult executionId="c860ef34-e01b-457f-b354-4636f96e2e9f" testId="8c659a41-142e-4d20-8caf-c45a223aef36" testName="FormatToStringTest1000 (7004.710832051798,7004.71 zł)" computerName="DESKTOP-5URQ9PB" duration="00:00:00.0000062" startTime="2022-06-13T21:12:02.2656637+02:00" endTime="2022-06-13T21:12:02.2657297+02:00" testType="13cdc9d9-ddb5-4fa4-a97d-d965ccfc6d4b" outcome="Passed" testListId="8c84fa94-04c1-424b-9868-57a2d4851a1d" relativeResultsDirectory="c860ef34-e01b-457f-b354-4636f96e2e9f" />
    <UnitTestResult executionId="cca09ca0-0c86-4325-b804-61bbf2c401f3" testId="7675b39f-79b0-4128-b00c-bfc57847942d" testName="FormatToStringTest1000 (35784.54232617307,35784.54 zł)" computerName="DESKTOP-5URQ9PB" duration="00:00:00.0000066" startTime="2022-06-13T21:12:01.9641753+02:00" endTime="2022-06-13T21:12:01.9642497+02:00" testType="13cdc9d9-ddb5-4fa4-a97d-d965ccfc6d4b" outcome="Passed" testListId="8c84fa94-04c1-424b-9868-57a2d4851a1d" relativeResultsDirectory="cca09ca0-0c86-4325-b804-61bbf2c401f3" />
    <UnitTestResult executionId="5e0fe29c-2d03-4f6e-b700-b158cd9a7fcc" testId="e0869fef-d50b-463c-91b4-87a6601784ec" testName="FormatToStringTest1000 (80609.94377465078,80609.94 zł)" computerName="DESKTOP-5URQ9PB" duration="00:00:00.0000065" startTime="2022-06-13T21:12:01.9575512+02:00" endTime="2022-06-13T21:12:01.9576296+02:00" testType="13cdc9d9-ddb5-4fa4-a97d-d965ccfc6d4b" outcome="Passed" testListId="8c84fa94-04c1-424b-9868-57a2d4851a1d" relativeResultsDirectory="5e0fe29c-2d03-4f6e-b700-b158cd9a7fcc" />
    <UnitTestResult executionId="1f209c37-6320-444f-91fb-6f9198130f05" testId="32e9b99e-bbd9-4ad0-8b25-58835048646b" testName="FormatToStringTest1000 (577.6071367564645,577.61 zł)" computerName="DESKTOP-5URQ9PB" duration="00:00:00.0000064" startTime="2022-06-13T21:12:02.2682210+02:00" endTime="2022-06-13T21:12:02.2682910+02:00" testType="13cdc9d9-ddb5-4fa4-a97d-d965ccfc6d4b" outcome="Passed" testListId="8c84fa94-04c1-424b-9868-57a2d4851a1d" relativeResultsDirectory="1f209c37-6320-444f-91fb-6f9198130f05" />
    <UnitTestResult executionId="e1d11d9d-6a5f-43a3-a507-bc860055f856" testId="c5e436ef-905f-43ff-b155-14079a086f63" testName="FormatToStringTest1000 (16129.507288814293,16129.51 zł)" computerName="DESKTOP-5URQ9PB" duration="00:00:00.0000067" startTime="2022-06-13T21:12:02.1179583+02:00" endTime="2022-06-13T21:12:02.1180311+02:00" testType="13cdc9d9-ddb5-4fa4-a97d-d965ccfc6d4b" outcome="Passed" testListId="8c84fa94-04c1-424b-9868-57a2d4851a1d" relativeResultsDirectory="e1d11d9d-6a5f-43a3-a507-bc860055f856" />
    <UnitTestResult executionId="09207cc1-d445-4364-b0e1-38e144bc3dbf" testId="8d0638d9-4877-49c6-bbdb-f9a383e67cf8" testName="FormatToStringTest1000 (74152.7503934562,74152.75 zł)" computerName="DESKTOP-5URQ9PB" duration="00:00:00.0000066" startTime="2022-06-13T21:12:02.1013071+02:00" endTime="2022-06-13T21:12:02.1013716+02:00" testType="13cdc9d9-ddb5-4fa4-a97d-d965ccfc6d4b" outcome="Passed" testListId="8c84fa94-04c1-424b-9868-57a2d4851a1d" relativeResultsDirectory="09207cc1-d445-4364-b0e1-38e144bc3dbf" />
    <UnitTestResult executionId="aeb264d8-5a64-42bf-9171-8e4fdb2e15d6" testId="9dc43f5e-518c-4d8a-9ec9-bb2f1ec57a95" testName="FormatToStringTest1000 (6838.422316571894,6838.42 zł)" computerName="DESKTOP-5URQ9PB" duration="00:00:00.0000063" startTime="2022-06-13T21:12:02.0244383+02:00" endTime="2022-06-13T21:12:02.0245062+02:00" testType="13cdc9d9-ddb5-4fa4-a97d-d965ccfc6d4b" outcome="Passed" testListId="8c84fa94-04c1-424b-9868-57a2d4851a1d" relativeResultsDirectory="aeb264d8-5a64-42bf-9171-8e4fdb2e15d6" />
    <UnitTestResult executionId="1c66dc73-e63f-42a9-933f-45c5a05a25ed" testId="c672def8-48a3-4358-8cb1-10861e9fc6f2" testName="FormatToStringTest1000 (4419.750844657306,4419.75 zł)" computerName="DESKTOP-5URQ9PB" duration="00:00:00.0000076" startTime="2022-06-13T21:12:02.2382717+02:00" endTime="2022-06-13T21:12:02.2383539+02:00" testType="13cdc9d9-ddb5-4fa4-a97d-d965ccfc6d4b" outcome="Passed" testListId="8c84fa94-04c1-424b-9868-57a2d4851a1d" relativeResultsDirectory="1c66dc73-e63f-42a9-933f-45c5a05a25ed" />
    <UnitTestResult executionId="7aa9598e-ba87-4eea-aad9-f4c8496527d2" testId="4049910f-95dc-433d-98c7-5e1bb83223f8" testName="FormatToStringTest1000 (7789.7136237517525,7789.71 zł)" computerName="DESKTOP-5URQ9PB" duration="00:00:00.0000086" startTime="2022-06-13T21:12:01.9700468+02:00" endTime="2022-06-13T21:12:01.9701517+02:00" testType="13cdc9d9-ddb5-4fa4-a97d-d965ccfc6d4b" outcome="Passed" testListId="8c84fa94-04c1-424b-9868-57a2d4851a1d" relativeResultsDirectory="7aa9598e-ba87-4eea-aad9-f4c8496527d2" />
    <UnitTestResult executionId="d7463200-571b-4dde-86b5-3078dfffb961" testId="906d8043-8455-4716-9bcc-517d4a635153" testName="FormatToStringTest1000 (37826.846755123166,37826.85 zł)" computerName="DESKTOP-5URQ9PB" duration="00:00:00.0000063" startTime="2022-06-13T21:12:02.2003175+02:00" endTime="2022-06-13T21:12:02.2003893+02:00" testType="13cdc9d9-ddb5-4fa4-a97d-d965ccfc6d4b" outcome="Passed" testListId="8c84fa94-04c1-424b-9868-57a2d4851a1d" relativeResultsDirectory="d7463200-571b-4dde-86b5-3078dfffb961" />
    <UnitTestResult executionId="9cc67ecd-95c6-49c4-abfb-4853899c1755" testId="e26c2298-fe93-4adf-a4a0-fc63530eef5c" testName="FormatToStringTest1000 (25882.451101077,25882.45 zł)" computerName="DESKTOP-5URQ9PB" duration="00:00:00.0000079" startTime="2022-06-13T21:12:02.1570481+02:00" endTime="2022-06-13T21:12:02.1571267+02:00" testType="13cdc9d9-ddb5-4fa4-a97d-d965ccfc6d4b" outcome="Passed" testListId="8c84fa94-04c1-424b-9868-57a2d4851a1d" relativeResultsDirectory="9cc67ecd-95c6-49c4-abfb-4853899c1755" />
    <UnitTestResult executionId="dcfb8c4a-a49e-408c-b31d-9e24db89a774" testId="dff83b3c-3cfb-42db-aa7e-fbfff69ad7b6" testName="FormatToStringTest1000 (9503.466049463705,9503.47 zł)" computerName="DESKTOP-5URQ9PB" duration="00:00:00.0000409" startTime="2022-06-13T21:12:02.1864718+02:00" endTime="2022-06-13T21:12:02.1867415+02:00" testType="13cdc9d9-ddb5-4fa4-a97d-d965ccfc6d4b" outcome="Passed" testListId="8c84fa94-04c1-424b-9868-57a2d4851a1d" relativeResultsDirectory="dcfb8c4a-a49e-408c-b31d-9e24db89a774" />
    <UnitTestResult executionId="e79513eb-0456-408d-bd0a-45a280171b04" testId="0b64e6df-a459-4cbd-ad07-55b7790ed1c4" testName="FormatToStringTest1000 (20445.11280083149,20445.11 zł)" computerName="DESKTOP-5URQ9PB" duration="00:00:00.0000061" startTime="2022-06-13T21:12:02.2441163+02:00" endTime="2022-06-13T21:12:02.2441822+02:00" testType="13cdc9d9-ddb5-4fa4-a97d-d965ccfc6d4b" outcome="Passed" testListId="8c84fa94-04c1-424b-9868-57a2d4851a1d" relativeResultsDirectory="e79513eb-0456-408d-bd0a-45a280171b04" />
    <UnitTestResult executionId="12e58ab9-6c20-4bbf-bb45-f78956770688" testId="943526ff-4cf5-4d00-9239-620ca7bd3e3b" testName="FormatToStringTest1000 (18340.935049000167,18340.94 zł)" computerName="DESKTOP-5URQ9PB" duration="00:00:00.0000065" startTime="2022-06-13T21:12:02.0281830+02:00" endTime="2022-06-13T21:12:02.0282553+02:00" testType="13cdc9d9-ddb5-4fa4-a97d-d965ccfc6d4b" outcome="Passed" testListId="8c84fa94-04c1-424b-9868-57a2d4851a1d" relativeResultsDirectory="12e58ab9-6c20-4bbf-bb45-f78956770688" />
    <UnitTestResult executionId="e08fb697-abdf-48c7-823f-f94b7415e60c" testId="6b72ce3b-3445-45a0-9631-84397951a204" testName="FormatToStringTest1000 (9661.966055578536,9661.97 zł)" computerName="DESKTOP-5URQ9PB" duration="00:00:00.0000068" startTime="2022-06-13T21:12:02.0935802+02:00" endTime="2022-06-13T21:12:02.0936484+02:00" testType="13cdc9d9-ddb5-4fa4-a97d-d965ccfc6d4b" outcome="Passed" testListId="8c84fa94-04c1-424b-9868-57a2d4851a1d" relativeResultsDirectory="e08fb697-abdf-48c7-823f-f94b7415e60c" />
    <UnitTestResult executionId="439e94c5-74b1-4fae-adb0-c01a00a33ed0" testId="af7df8e3-90b6-4a75-ac73-2b8b84840e12" testName="FormatToStringTest1000 (7076.829971250534,7076.83 zł)" computerName="DESKTOP-5URQ9PB" duration="00:00:00.0000061" startTime="2022-06-13T21:12:02.2585477+02:00" endTime="2022-06-13T21:12:02.2586165+02:00" testType="13cdc9d9-ddb5-4fa4-a97d-d965ccfc6d4b" outcome="Passed" testListId="8c84fa94-04c1-424b-9868-57a2d4851a1d" relativeResultsDirectory="439e94c5-74b1-4fae-adb0-c01a00a33ed0" />
    <UnitTestResult executionId="fdec2f64-c707-4bd3-98b7-de189187745b" testId="80eb4a87-0b2a-435a-8ac2-4defeef7a240" testName="FormatToStringTest1000 (16388.556189478633,16388.56 zł)" computerName="DESKTOP-5URQ9PB" duration="00:00:00.0000069" startTime="2022-06-13T21:12:02.2409333+02:00" endTime="2022-06-13T21:12:02.2410139+02:00" testType="13cdc9d9-ddb5-4fa4-a97d-d965ccfc6d4b" outcome="Passed" testListId="8c84fa94-04c1-424b-9868-57a2d4851a1d" relativeResultsDirectory="fdec2f64-c707-4bd3-98b7-de189187745b" />
    <UnitTestResult executionId="449ad50c-e8a7-48d3-9189-6450ca92aca7" testId="ddbca515-21e8-40c4-9eba-eda8af6ff635" testName="FormatToStringTest1000 (918.1842976688334,918.18 zł)" computerName="DESKTOP-5URQ9PB" duration="00:00:00.0000062" startTime="2022-06-13T21:12:01.9738032+02:00" endTime="2022-06-13T21:12:01.9738704+02:00" testType="13cdc9d9-ddb5-4fa4-a97d-d965ccfc6d4b" outcome="Passed" testListId="8c84fa94-04c1-424b-9868-57a2d4851a1d" relativeResultsDirectory="449ad50c-e8a7-48d3-9189-6450ca92aca7" />
    <UnitTestResult executionId="6d017bda-28ae-4b78-90a3-a426e258d39a" testId="fa05fcb4-5402-404c-ac37-aab75c2132e4" testName="FormatToStringTest1000 (8851.904041135638,8851.90 zł)" computerName="DESKTOP-5URQ9PB" duration="00:00:00.0000063" startTime="2022-06-13T21:12:02.1513721+02:00" endTime="2022-06-13T21:12:02.1514390+02:00" testType="13cdc9d9-ddb5-4fa4-a97d-d965ccfc6d4b" outcome="Passed" testListId="8c84fa94-04c1-424b-9868-57a2d4851a1d" relativeResultsDirectory="6d017bda-28ae-4b78-90a3-a426e258d39a" />
    <UnitTestResult executionId="d60d22d6-73ed-4fec-85ca-944911f64f04" testId="cdce85cd-21a4-44d5-9344-8e7dde53851c" testName="FormatToStringTest1000 (25720.27551496321,25720.28 zł)" computerName="DESKTOP-5URQ9PB" duration="00:00:00.0000064" startTime="2022-06-13T21:12:02.0482509+02:00" endTime="2022-06-13T21:12:02.0483186+02:00" testType="13cdc9d9-ddb5-4fa4-a97d-d965ccfc6d4b" outcome="Passed" testListId="8c84fa94-04c1-424b-9868-57a2d4851a1d" relativeResultsDirectory="d60d22d6-73ed-4fec-85ca-944911f64f04" />
    <UnitTestResult executionId="8b5f0fcf-499d-4209-9be7-e89d4d390b5e" testId="047e737e-bc59-438e-83bb-cdf1eb0f4254" testName="FormatToStringTest1000 (40035.54711080787,40035.55 zł)" computerName="DESKTOP-5URQ9PB" duration="00:00:00.0000063" startTime="2022-06-13T21:12:02.0477418+02:00" endTime="2022-06-13T21:12:02.0478089+02:00" testType="13cdc9d9-ddb5-4fa4-a97d-d965ccfc6d4b" outcome="Passed" testListId="8c84fa94-04c1-424b-9868-57a2d4851a1d" relativeResultsDirectory="8b5f0fcf-499d-4209-9be7-e89d4d390b5e" />
    <UnitTestResult executionId="f0a0ea42-f27a-483a-a35b-0ad40f187c9d" testId="e15df95b-0e49-4a6c-8db5-34a475912feb" testName="FormatToStringTest1000 (759.247198292635,759.25 zł)" computerName="DESKTOP-5URQ9PB" duration="00:00:00.0000068" startTime="2022-06-13T21:12:02.0639639+02:00" endTime="2022-06-13T21:12:02.0640368+02:00" testType="13cdc9d9-ddb5-4fa4-a97d-d965ccfc6d4b" outcome="Passed" testListId="8c84fa94-04c1-424b-9868-57a2d4851a1d" relativeResultsDirectory="f0a0ea42-f27a-483a-a35b-0ad40f187c9d" />
    <UnitTestResult executionId="15554fdc-5b8f-4180-b182-181fd349442a" testId="df04f1ba-dd7c-4208-b211-12dca90cc761" testName="FormatToStringTest1000 (68174.53068551492,68174.53 zł)" computerName="DESKTOP-5URQ9PB" duration="00:00:00.0000097" startTime="2022-06-13T21:12:02.2564558+02:00" endTime="2022-06-13T21:12:02.2565469+02:00" testType="13cdc9d9-ddb5-4fa4-a97d-d965ccfc6d4b" outcome="Passed" testListId="8c84fa94-04c1-424b-9868-57a2d4851a1d" relativeResultsDirectory="15554fdc-5b8f-4180-b182-181fd349442a" />
    <UnitTestResult executionId="9be561b7-fde8-4534-9a5d-b0e33ab0e341" testId="1862cf66-bd70-4bc2-a4f3-ba8bb3828dbf" testName="FormatToStringTest1000 (51300.77891898145,51300.78 zł)" computerName="DESKTOP-5URQ9PB" duration="00:00:00.0000065" startTime="2022-06-13T21:12:02.1911284+02:00" endTime="2022-06-13T21:12:02.1911970+02:00" testType="13cdc9d9-ddb5-4fa4-a97d-d965ccfc6d4b" outcome="Passed" testListId="8c84fa94-04c1-424b-9868-57a2d4851a1d" relativeResultsDirectory="9be561b7-fde8-4534-9a5d-b0e33ab0e341" />
    <UnitTestResult executionId="0239d434-6005-4a6b-82b5-160b359506f0" testId="2881e44d-8f13-4487-8e4e-d1fd37c7d0f5" testName="FormatToStringTest1000 (19071.681252896637,19071.68 zł)" computerName="DESKTOP-5URQ9PB" duration="00:00:00.0000064" startTime="2022-06-13T21:12:02.2142510+02:00" endTime="2022-06-13T21:12:02.2143193+02:00" testType="13cdc9d9-ddb5-4fa4-a97d-d965ccfc6d4b" outcome="Passed" testListId="8c84fa94-04c1-424b-9868-57a2d4851a1d" relativeResultsDirectory="0239d434-6005-4a6b-82b5-160b359506f0" />
    <UnitTestResult executionId="6499dc9b-6adf-4ff3-a1c0-d3751823c9f9" testId="24dbb426-5294-4681-a6c8-2ddb23807b60" testName="FormatToStringTest1000 (84686.32148464039,84686.32 zł)" computerName="DESKTOP-5URQ9PB" duration="00:00:00.0000064" startTime="2022-06-13T21:12:02.1274556+02:00" endTime="2022-06-13T21:12:02.1275286+02:00" testType="13cdc9d9-ddb5-4fa4-a97d-d965ccfc6d4b" outcome="Passed" testListId="8c84fa94-04c1-424b-9868-57a2d4851a1d" relativeResultsDirectory="6499dc9b-6adf-4ff3-a1c0-d3751823c9f9" />
    <UnitTestResult executionId="7b224e4f-303c-4a42-8ff4-68242863b327" testId="74cc5a42-295a-4c4a-8ddc-54eb3fa19ffa" testName="FormatToStringTest1000 (47575.6421269959,47575.64 zł)" computerName="DESKTOP-5URQ9PB" duration="00:00:00.0000065" startTime="2022-06-13T21:12:02.2145856+02:00" endTime="2022-06-13T21:12:02.2146516+02:00" testType="13cdc9d9-ddb5-4fa4-a97d-d965ccfc6d4b" outcome="Passed" testListId="8c84fa94-04c1-424b-9868-57a2d4851a1d" relativeResultsDirectory="7b224e4f-303c-4a42-8ff4-68242863b327" />
    <UnitTestResult executionId="c7fe3ba6-92eb-4035-a2c7-acf2cc2174c1" testId="cf8ea72d-6d15-4585-8c4a-6fd414233c85" testName="FormatToStringTest1000 (2992.6161168593057,2992.62 zł)" computerName="DESKTOP-5URQ9PB" duration="00:00:00.0000062" startTime="2022-06-13T21:12:02.2482736+02:00" endTime="2022-06-13T21:12:02.2483391+02:00" testType="13cdc9d9-ddb5-4fa4-a97d-d965ccfc6d4b" outcome="Passed" testListId="8c84fa94-04c1-424b-9868-57a2d4851a1d" relativeResultsDirectory="c7fe3ba6-92eb-4035-a2c7-acf2cc2174c1" />
    <UnitTestResult executionId="01c4dec2-2117-4ba1-87ad-6b3bc20713a8" testId="fdef418e-b8f6-46c4-ad9d-45cf77c123d4" testName="FormatToStringTest1000 (4025.728369236797,4025.73 zł)" computerName="DESKTOP-5URQ9PB" duration="00:00:00.0000071" startTime="2022-06-13T21:12:02.1135009+02:00" endTime="2022-06-13T21:12:02.1135818+02:00" testType="13cdc9d9-ddb5-4fa4-a97d-d965ccfc6d4b" outcome="Passed" testListId="8c84fa94-04c1-424b-9868-57a2d4851a1d" relativeResultsDirectory="01c4dec2-2117-4ba1-87ad-6b3bc20713a8" />
    <UnitTestResult executionId="eef9dc88-e314-433f-89d7-003e93eb854b" testId="8741d421-363a-410f-84ae-dc29bf4790db" testName="FormatToStringTest1000 (2444.4726240530017,2444.47 zł)" computerName="DESKTOP-5URQ9PB" duration="00:00:00.0000061" startTime="2022-06-13T21:12:02.2699824+02:00" endTime="2022-06-13T21:12:02.2700468+02:00" testType="13cdc9d9-ddb5-4fa4-a97d-d965ccfc6d4b" outcome="Passed" testListId="8c84fa94-04c1-424b-9868-57a2d4851a1d" relativeResultsDirectory="eef9dc88-e314-433f-89d7-003e93eb854b" />
    <UnitTestResult executionId="4eca838a-ffd1-4792-bed9-58a829f52e74" testId="2c1ee17c-c0c8-4483-9bee-1049713f9df6" testName="FormatToStringTest1000 (1860.3356292016504,1860.34 zł)" computerName="DESKTOP-5URQ9PB" duration="00:00:00.0000067" startTime="2022-06-13T21:12:02.1412253+02:00" endTime="2022-06-13T21:12:02.1413046+02:00" testType="13cdc9d9-ddb5-4fa4-a97d-d965ccfc6d4b" outcome="Passed" testListId="8c84fa94-04c1-424b-9868-57a2d4851a1d" relativeResultsDirectory="4eca838a-ffd1-4792-bed9-58a829f52e74" />
    <UnitTestResult executionId="a0a38391-e332-4a8f-9e89-87f1a9578bf3" testId="72b8736d-f24b-4e46-b66e-b3001a4f05de" testName="FormatToStringTest1000 (30385.72086375613,30385.72 zł)" computerName="DESKTOP-5URQ9PB" duration="00:00:00.0000062" startTime="2022-06-13T21:12:02.2587937+02:00" endTime="2022-06-13T21:12:02.2588570+02:00" testType="13cdc9d9-ddb5-4fa4-a97d-d965ccfc6d4b" outcome="Passed" testListId="8c84fa94-04c1-424b-9868-57a2d4851a1d" relativeResultsDirectory="a0a38391-e332-4a8f-9e89-87f1a9578bf3" />
    <UnitTestResult executionId="0b9aa4cb-b76c-41de-bbf0-139d6b35c64c" testId="5b6c2479-b694-452b-b106-6a9bea7f2b70" testName="FormatToStringTest1000 (26133.133789601336,26133.13 zł)" computerName="DESKTOP-5URQ9PB" duration="00:00:00.0000063" startTime="2022-06-13T21:12:01.9966551+02:00" endTime="2022-06-13T21:12:01.9967284+02:00" testType="13cdc9d9-ddb5-4fa4-a97d-d965ccfc6d4b" outcome="Passed" testListId="8c84fa94-04c1-424b-9868-57a2d4851a1d" relativeResultsDirectory="0b9aa4cb-b76c-41de-bbf0-139d6b35c64c" />
    <UnitTestResult executionId="3f1ec9c6-6769-411f-b3e4-774705907455" testId="7b4f4376-48dc-4f7c-8fc5-74b52ce6b848" testName="FormatToStringTest1000 (14172.682747822573,14172.68 zł)" computerName="DESKTOP-5URQ9PB" duration="00:00:00.0000065" startTime="2022-06-13T21:12:01.9639081+02:00" endTime="2022-06-13T21:12:01.9639802+02:00" testType="13cdc9d9-ddb5-4fa4-a97d-d965ccfc6d4b" outcome="Passed" testListId="8c84fa94-04c1-424b-9868-57a2d4851a1d" relativeResultsDirectory="3f1ec9c6-6769-411f-b3e4-774705907455" />
    <UnitTestResult executionId="75fad5a4-441c-4b12-92c6-4da738e5a3f8" testId="4c8026f8-8c41-4f6a-a338-ad5777d55e38" testName="FormatToStringTest1000 (47437.74370917619,47437.74 zł)" computerName="DESKTOP-5URQ9PB" duration="00:00:00.0000061" startTime="2022-06-13T21:12:02.2780494+02:00" endTime="2022-06-13T21:12:02.2781143+02:00" testType="13cdc9d9-ddb5-4fa4-a97d-d965ccfc6d4b" outcome="Passed" testListId="8c84fa94-04c1-424b-9868-57a2d4851a1d" relativeResultsDirectory="75fad5a4-441c-4b12-92c6-4da738e5a3f8" />
    <UnitTestResult executionId="93a74422-9f8c-4493-be73-6798b77791cf" testId="f24471e5-befd-445c-a155-207db2853abc" testName="FormatToStringTest1000 (14063.90676654871,14063.91 zł)" computerName="DESKTOP-5URQ9PB" duration="00:00:00.0000136" startTime="2022-06-13T21:12:02.2167251+02:00" endTime="2022-06-13T21:12:02.2167977+02:00" testType="13cdc9d9-ddb5-4fa4-a97d-d965ccfc6d4b" outcome="Passed" testListId="8c84fa94-04c1-424b-9868-57a2d4851a1d" relativeResultsDirectory="93a74422-9f8c-4493-be73-6798b77791cf" />
    <UnitTestResult executionId="82be5f4a-a5b1-4978-ad27-d6aae8fc4f78" testId="f3d859ff-478d-4b36-b81a-5208cb5c80cb" testName="FormatToStringTest1000 (95071.15957335343,95071.16 zł)" computerName="DESKTOP-5URQ9PB" duration="00:00:00.0000105" startTime="2022-06-13T21:12:02.2119452+02:00" endTime="2022-06-13T21:12:02.2120691+02:00" testType="13cdc9d9-ddb5-4fa4-a97d-d965ccfc6d4b" outcome="Passed" testListId="8c84fa94-04c1-424b-9868-57a2d4851a1d" relativeResultsDirectory="82be5f4a-a5b1-4978-ad27-d6aae8fc4f78" />
    <UnitTestResult executionId="98990b1a-bf83-489b-972f-fdea9842559b" testId="120cc0ee-b124-43e9-9984-c826cd6fca22" testName="FormatToStringTest1000 (9151.103070427245,9151.10 zł)" computerName="DESKTOP-5URQ9PB" duration="00:00:00.0000062" startTime="2022-06-13T21:12:02.2865704+02:00" endTime="2022-06-13T21:12:02.2866349+02:00" testType="13cdc9d9-ddb5-4fa4-a97d-d965ccfc6d4b" outcome="Passed" testListId="8c84fa94-04c1-424b-9868-57a2d4851a1d" relativeResultsDirectory="98990b1a-bf83-489b-972f-fdea9842559b" />
    <UnitTestResult executionId="4763d23b-b809-4bd6-8ba9-5d3751625adb" testId="e9712a5a-4025-47f7-bbd8-fb35605b2a4e" testName="FormatToStringTest1000 (25135.10315489727,25135.10 zł)" computerName="DESKTOP-5URQ9PB" duration="00:00:00.0000062" startTime="2022-06-13T21:12:02.2326997+02:00" endTime="2022-06-13T21:12:02.2327643+02:00" testType="13cdc9d9-ddb5-4fa4-a97d-d965ccfc6d4b" outcome="Passed" testListId="8c84fa94-04c1-424b-9868-57a2d4851a1d" relativeResultsDirectory="4763d23b-b809-4bd6-8ba9-5d3751625adb" />
    <UnitTestResult executionId="759f8ea0-53c0-4371-a752-d55e7ed23146" testId="18eae62d-3c0c-4e68-86c1-b327dfda0329" testName="FormatToStringTest1000 (1814.7218118955948,1814.72 zł)" computerName="DESKTOP-5URQ9PB" duration="00:00:00.0000062" startTime="2022-06-13T21:12:02.2799925+02:00" endTime="2022-06-13T21:12:02.2800574+02:00" testType="13cdc9d9-ddb5-4fa4-a97d-d965ccfc6d4b" outcome="Passed" testListId="8c84fa94-04c1-424b-9868-57a2d4851a1d" relativeResultsDirectory="759f8ea0-53c0-4371-a752-d55e7ed23146" />
    <UnitTestResult executionId="a388ae8b-ea0d-4350-a3db-867302bde335" testId="a4a6e886-1532-4150-8819-680a1888eec4" testName="FormatToStringTest1000 (13402.882692040355,13402.88 zł)" computerName="DESKTOP-5URQ9PB" duration="00:00:00.0000062" startTime="2022-06-13T21:12:02.2501234+02:00" endTime="2022-06-13T21:12:02.2501888+02:00" testType="13cdc9d9-ddb5-4fa4-a97d-d965ccfc6d4b" outcome="Passed" testListId="8c84fa94-04c1-424b-9868-57a2d4851a1d" relativeResultsDirectory="a388ae8b-ea0d-4350-a3db-867302bde335" />
    <UnitTestResult executionId="35ed273c-c4e5-4a4c-9352-97583555cb76" testId="14be6cab-ab35-4a2d-bff7-cf759dc37f6a" testName="FormatToStringTest1000 (598.1279707877561,598.13 zł)" computerName="DESKTOP-5URQ9PB" duration="00:00:00.0000067" startTime="2022-06-13T21:12:02.2104191+02:00" endTime="2022-06-13T21:12:02.2104992+02:00" testType="13cdc9d9-ddb5-4fa4-a97d-d965ccfc6d4b" outcome="Passed" testListId="8c84fa94-04c1-424b-9868-57a2d4851a1d" relativeResultsDirectory="35ed273c-c4e5-4a4c-9352-97583555cb76" />
    <UnitTestResult executionId="6975f7b2-ab43-439e-bb6d-9b4bd80dfa56" testId="7b95677c-f9df-4e4a-8374-df223a2a7498" testName="FormatToStringTest1000 (7458.609645228652,7458.61 zł)" computerName="DESKTOP-5URQ9PB" duration="00:00:00.0000063" startTime="2022-06-13T21:12:01.9705263+02:00" endTime="2022-06-13T21:12:01.9705934+02:00" testType="13cdc9d9-ddb5-4fa4-a97d-d965ccfc6d4b" outcome="Passed" testListId="8c84fa94-04c1-424b-9868-57a2d4851a1d" relativeResultsDirectory="6975f7b2-ab43-439e-bb6d-9b4bd80dfa56" />
    <UnitTestResult executionId="a091ed68-ee69-4130-a2fc-b3cf9b1e534e" testId="dd61fa16-2c32-4196-9d2c-4c01be02f62b" testName="FormatToStringTest1000 (17232.486162219426,17232.49 zł)" computerName="DESKTOP-5URQ9PB" duration="00:00:00.0000065" startTime="2022-06-13T21:12:02.0673035+02:00" endTime="2022-06-13T21:12:02.0673804+02:00" testType="13cdc9d9-ddb5-4fa4-a97d-d965ccfc6d4b" outcome="Passed" testListId="8c84fa94-04c1-424b-9868-57a2d4851a1d" relativeResultsDirectory="a091ed68-ee69-4130-a2fc-b3cf9b1e534e" />
    <UnitTestResult executionId="5cf2c13e-ffe6-4a98-973a-3ebccdd60be0" testId="c20cda81-06bc-48a1-9070-020790ed0ed6" testName="FormatToStringTest1000 (1328.353302088265,1328.35 zł)" computerName="DESKTOP-5URQ9PB" duration="00:00:00.0000095" startTime="2022-06-13T21:12:02.1174254+02:00" endTime="2022-06-13T21:12:02.1175603+02:00" testType="13cdc9d9-ddb5-4fa4-a97d-d965ccfc6d4b" outcome="Passed" testListId="8c84fa94-04c1-424b-9868-57a2d4851a1d" relativeResultsDirectory="5cf2c13e-ffe6-4a98-973a-3ebccdd60be0" />
    <UnitTestResult executionId="378eff92-b961-49aa-86da-ce03dcf22021" testId="4b0ceead-ec8c-422c-9253-cd088c8d6d6c" testName="FormatToStringTest1000 (7348.947429818543,7348.95 zł)" computerName="DESKTOP-5URQ9PB" duration="00:00:00.0000064" startTime="2022-06-13T21:12:02.0577410+02:00" endTime="2022-06-13T21:12:02.0578139+02:00" testType="13cdc9d9-ddb5-4fa4-a97d-d965ccfc6d4b" outcome="Passed" testListId="8c84fa94-04c1-424b-9868-57a2d4851a1d" relativeResultsDirectory="378eff92-b961-49aa-86da-ce03dcf22021" />
    <UnitTestResult executionId="9e96266b-1174-4d1f-a523-a80dc4e72253" testId="d05a55b1-7c7b-4889-9de9-3ed430ff74de" testName="FormatToStringTest1000 (22831.975917587977,22831.98 zł)" computerName="DESKTOP-5URQ9PB" duration="00:00:00.0000061" startTime="2022-06-13T21:12:02.1514562+02:00" endTime="2022-06-13T21:12:02.1515231+02:00" testType="13cdc9d9-ddb5-4fa4-a97d-d965ccfc6d4b" outcome="Passed" testListId="8c84fa94-04c1-424b-9868-57a2d4851a1d" relativeResultsDirectory="9e96266b-1174-4d1f-a523-a80dc4e72253" />
    <UnitTestResult executionId="e13026a0-362b-42ef-b6fc-e46a8cbf9cb9" testId="fd15e29d-5b8c-4e94-acd7-7feb4c0543b6" testName="FormatToStringTest1000 (24646.322657574587,24646.32 zł)" computerName="DESKTOP-5URQ9PB" duration="00:00:00.0000066" startTime="2022-06-13T21:12:02.0967487+02:00" endTime="2022-06-13T21:12:02.0968268+02:00" testType="13cdc9d9-ddb5-4fa4-a97d-d965ccfc6d4b" outcome="Passed" testListId="8c84fa94-04c1-424b-9868-57a2d4851a1d" relativeResultsDirectory="e13026a0-362b-42ef-b6fc-e46a8cbf9cb9" />
    <UnitTestResult executionId="da5fb83d-cc4e-49f1-87ca-0b5f19a5c5da" testId="3111a31f-e05f-445b-9d99-7a392e236e10" testName="FormatToStringTest1000 (9603.199987620208,9603.20 zł)" computerName="DESKTOP-5URQ9PB" duration="00:00:00.0000065" startTime="2022-06-13T21:12:02.2884843+02:00" endTime="2022-06-13T21:12:02.2885544+02:00" testType="13cdc9d9-ddb5-4fa4-a97d-d965ccfc6d4b" outcome="Passed" testListId="8c84fa94-04c1-424b-9868-57a2d4851a1d" relativeResultsDirectory="da5fb83d-cc4e-49f1-87ca-0b5f19a5c5da" />
    <UnitTestResult executionId="1130202c-eecb-4969-a33a-d814063659c5" testId="43beab25-fef9-4971-a973-97b937c187d6" testName="FormatToStringTest1000 (15566.957545477411,15566.96 zł)" computerName="DESKTOP-5URQ9PB" duration="00:00:00.0000089" startTime="2022-06-13T21:12:01.9830238+02:00" endTime="2022-06-13T21:12:01.9831394+02:00" testType="13cdc9d9-ddb5-4fa4-a97d-d965ccfc6d4b" outcome="Passed" testListId="8c84fa94-04c1-424b-9868-57a2d4851a1d" relativeResultsDirectory="1130202c-eecb-4969-a33a-d814063659c5" />
    <UnitTestResult executionId="370f7bf9-f4f4-45e6-8957-01871c5bbab6" testId="0fda51ca-453a-4448-8449-d99175a4bda3" testName="FormatToStringTest1000 (65204.90483536055,65204.90 zł)" computerName="DESKTOP-5URQ9PB" duration="00:00:00.0000077" startTime="2022-06-13T21:12:02.2757045+02:00" endTime="2022-06-13T21:12:02.2757954+02:00" testType="13cdc9d9-ddb5-4fa4-a97d-d965ccfc6d4b" outcome="Passed" testListId="8c84fa94-04c1-424b-9868-57a2d4851a1d" relativeResultsDirectory="370f7bf9-f4f4-45e6-8957-01871c5bbab6" />
    <UnitTestResult executionId="67d56bd4-455c-4379-86d9-15858082ff4e" testId="4662076a-acfb-46b9-864f-9f81dafd78de" testName="FormatToStringTest1000 (20321.03715103913,20321.04 zł)" computerName="DESKTOP-5URQ9PB" duration="00:00:00.0000062" startTime="2022-06-13T21:12:02.0938358+02:00" endTime="2022-06-13T21:12:02.0939028+02:00" testType="13cdc9d9-ddb5-4fa4-a97d-d965ccfc6d4b" outcome="Passed" testListId="8c84fa94-04c1-424b-9868-57a2d4851a1d" relativeResultsDirectory="67d56bd4-455c-4379-86d9-15858082ff4e" />
    <UnitTestResult executionId="5604b53d-a4ab-4746-9dde-f431bef7f653" testId="b960bc18-0e62-4796-98c4-f1e34b9fec2a" testName="FormatToStringTest1000 (38961.459057294516,38961.46 zł)" computerName="DESKTOP-5URQ9PB" duration="00:00:00.0000062" startTime="2022-06-13T21:12:02.1011302+02:00" endTime="2022-06-13T21:12:02.1011984+02:00" testType="13cdc9d9-ddb5-4fa4-a97d-d965ccfc6d4b" outcome="Passed" testListId="8c84fa94-04c1-424b-9868-57a2d4851a1d" relativeResultsDirectory="5604b53d-a4ab-4746-9dde-f431bef7f653" />
    <UnitTestResult executionId="4e4e7665-b38d-4d11-954f-7aa56a0bf030" testId="7e310906-3d3b-441a-a5af-de76cb9b33cd" testName="FormatToStringTest1000 (8013.1229931903645,8013.12 zł)" computerName="DESKTOP-5URQ9PB" duration="00:00:00.0000062" startTime="2022-06-13T21:12:02.2606442+02:00" endTime="2022-06-13T21:12:02.2607083+02:00" testType="13cdc9d9-ddb5-4fa4-a97d-d965ccfc6d4b" outcome="Passed" testListId="8c84fa94-04c1-424b-9868-57a2d4851a1d" relativeResultsDirectory="4e4e7665-b38d-4d11-954f-7aa56a0bf030" />
    <UnitTestResult executionId="0145c47f-fd61-4db8-8ed1-10738a4cc4da" testId="64e91763-3bb6-43c9-a86b-77a8d0653084" testName="FormatToStringTest1000 (181.3640542483721,181.36 zł)" computerName="DESKTOP-5URQ9PB" duration="00:00:00.0000061" startTime="2022-06-13T21:12:02.2483557+02:00" endTime="2022-06-13T21:12:02.2484198+02:00" testType="13cdc9d9-ddb5-4fa4-a97d-d965ccfc6d4b" outcome="Passed" testListId="8c84fa94-04c1-424b-9868-57a2d4851a1d" relativeResultsDirectory="0145c47f-fd61-4db8-8ed1-10738a4cc4da" />
    <UnitTestResult executionId="fe13ca6f-9600-47e0-9c79-68f7dc4682c3" testId="5f86b68b-221c-4151-bb3f-9dd7d5fb546b" testName="FormatToStringTest1000 (4614.673205890541,4614.67 zł)" computerName="DESKTOP-5URQ9PB" duration="00:00:00.0000064" startTime="2022-06-13T21:12:02.0032535+02:00" endTime="2022-06-13T21:12:02.0033224+02:00" testType="13cdc9d9-ddb5-4fa4-a97d-d965ccfc6d4b" outcome="Passed" testListId="8c84fa94-04c1-424b-9868-57a2d4851a1d" relativeResultsDirectory="fe13ca6f-9600-47e0-9c79-68f7dc4682c3" />
    <UnitTestResult executionId="5f12d875-1884-4f25-a0a9-a04db889313a" testId="6e9d8167-98ca-4888-a7ff-c29ee2f6b6e9" testName="FormatToStringTest1000 (17098.491445727876,17098.49 zł)" computerName="DESKTOP-5URQ9PB" duration="00:00:00.0000273" startTime="2022-06-13T21:12:02.1874357+02:00" endTime="2022-06-13T21:12:02.1876149+02:00" testType="13cdc9d9-ddb5-4fa4-a97d-d965ccfc6d4b" outcome="Passed" testListId="8c84fa94-04c1-424b-9868-57a2d4851a1d" relativeResultsDirectory="5f12d875-1884-4f25-a0a9-a04db889313a" />
    <UnitTestResult executionId="2397af56-839b-4e16-953d-deabf1fed063" testId="9f97b48d-93a8-4cb6-a9d6-ada37dd1d82e" testName="FormatToStringTest1000 (19541.10539777116,19541.11 zł)" computerName="DESKTOP-5URQ9PB" duration="00:00:00.0000063" startTime="2022-06-13T21:12:01.9671023+02:00" endTime="2022-06-13T21:12:01.9671705+02:00" testType="13cdc9d9-ddb5-4fa4-a97d-d965ccfc6d4b" outcome="Passed" testListId="8c84fa94-04c1-424b-9868-57a2d4851a1d" relativeResultsDirectory="2397af56-839b-4e16-953d-deabf1fed063" />
    <UnitTestResult executionId="fb1a0068-60db-4b0d-be40-fba6c7bd9453" testId="6e5b924c-bcca-48ec-b63a-05ff7cb1de18" testName="FormatToStringTest1000 (30138.55109863102,30138.55 zł)" computerName="DESKTOP-5URQ9PB" duration="00:00:00.0000065" startTime="2022-06-13T21:12:02.2076876+02:00" endTime="2022-06-13T21:12:02.2077543+02:00" testType="13cdc9d9-ddb5-4fa4-a97d-d965ccfc6d4b" outcome="Passed" testListId="8c84fa94-04c1-424b-9868-57a2d4851a1d" relativeResultsDirectory="fb1a0068-60db-4b0d-be40-fba6c7bd9453" />
    <UnitTestResult executionId="9df14b61-8ec0-4d21-9479-dd237ebd6545" testId="2c4c7568-1732-45bf-87cd-f19166ede6c5" testName="FormatToStringTest1000 (24729.333280806586,24729.33 zł)" computerName="DESKTOP-5URQ9PB" duration="00:00:00.0000061" startTime="2022-06-13T21:12:02.1958210+02:00" endTime="2022-06-13T21:12:02.1958876+02:00" testType="13cdc9d9-ddb5-4fa4-a97d-d965ccfc6d4b" outcome="Passed" testListId="8c84fa94-04c1-424b-9868-57a2d4851a1d" relativeResultsDirectory="9df14b61-8ec0-4d21-9479-dd237ebd6545" />
    <UnitTestResult executionId="dd9a30a4-c5cf-4c10-91de-13e2e505d06b" testId="dfc9f4d6-4f84-4bc4-82f8-bda1f16d4d15" testName="FormatToStringTest1000 (7191.024921368353,7191.02 zł)" computerName="DESKTOP-5URQ9PB" duration="00:00:00.0000106" startTime="2022-06-13T21:12:02.2281772+02:00" endTime="2022-06-13T21:12:02.2283127+02:00" testType="13cdc9d9-ddb5-4fa4-a97d-d965ccfc6d4b" outcome="Passed" testListId="8c84fa94-04c1-424b-9868-57a2d4851a1d" relativeResultsDirectory="dd9a30a4-c5cf-4c10-91de-13e2e505d06b" />
    <UnitTestResult executionId="f97df87d-5cc0-49c7-975f-3cf043c4fac7" testId="6052aa61-ddcf-439f-9d88-13d25adc9a50" testName="FormatToStringTest1000 (10174.652801423637,10174.65 zł)" computerName="DESKTOP-5URQ9PB" duration="00:00:00.0000063" startTime="2022-06-13T21:12:02.1955676+02:00" endTime="2022-06-13T21:12:02.1956357+02:00" testType="13cdc9d9-ddb5-4fa4-a97d-d965ccfc6d4b" outcome="Passed" testListId="8c84fa94-04c1-424b-9868-57a2d4851a1d" relativeResultsDirectory="f97df87d-5cc0-49c7-975f-3cf043c4fac7" />
    <UnitTestResult executionId="69f3055d-b540-4d23-beb8-a4e8c3e5c4e7" testId="239724d5-2e71-4701-b7f8-9061aec274ea" testName="FormatToStringTest1000 (96.75594581512546,96.76 zł)" computerName="DESKTOP-5URQ9PB" duration="00:00:00.0000064" startTime="2022-06-13T21:12:01.9734623+02:00" endTime="2022-06-13T21:12:01.9735302+02:00" testType="13cdc9d9-ddb5-4fa4-a97d-d965ccfc6d4b" outcome="Passed" testListId="8c84fa94-04c1-424b-9868-57a2d4851a1d" relativeResultsDirectory="69f3055d-b540-4d23-beb8-a4e8c3e5c4e7" />
    <UnitTestResult executionId="46ed084f-5104-4d7a-906f-0db462778698" testId="1ae0264a-14ab-4e8a-825b-ad906f752b0f" testName="FormatToStringTest1000 (6654.099431086378,6654.10 zł)" computerName="DESKTOP-5URQ9PB" duration="00:00:00.0000063" startTime="2022-06-13T21:12:02.0878533+02:00" endTime="2022-06-13T21:12:02.0879204+02:00" testType="13cdc9d9-ddb5-4fa4-a97d-d965ccfc6d4b" outcome="Passed" testListId="8c84fa94-04c1-424b-9868-57a2d4851a1d" relativeResultsDirectory="46ed084f-5104-4d7a-906f-0db462778698" />
    <UnitTestResult executionId="759ed144-6e4d-4b78-be95-6bb3fc57c6a8" testId="c3743bcf-3e22-4091-8d86-18b5327263ce" testName="FormatToStringTest1000 (17845.255864087147,17845.26 zł)" computerName="DESKTOP-5URQ9PB" duration="00:00:00.0000069" startTime="2022-06-13T21:12:02.0279282+02:00" endTime="2022-06-13T21:12:02.0279961+02:00" testType="13cdc9d9-ddb5-4fa4-a97d-d965ccfc6d4b" outcome="Passed" testListId="8c84fa94-04c1-424b-9868-57a2d4851a1d" relativeResultsDirectory="759ed144-6e4d-4b78-be95-6bb3fc57c6a8" />
    <UnitTestResult executionId="26deeef0-6629-41e6-8404-d053802c2ffd" testId="c4cd086b-756b-4f76-baac-844dbf34803f" testName="FormatToStringTest1000 (69373.32129976773,69373.32 zł)" computerName="DESKTOP-5URQ9PB" duration="00:00:00.0000068" startTime="2022-06-13T21:12:02.1351930+02:00" endTime="2022-06-13T21:12:02.1352699+02:00" testType="13cdc9d9-ddb5-4fa4-a97d-d965ccfc6d4b" outcome="Passed" testListId="8c84fa94-04c1-424b-9868-57a2d4851a1d" relativeResultsDirectory="26deeef0-6629-41e6-8404-d053802c2ffd" />
    <UnitTestResult executionId="df9d2ee0-97fd-490e-861b-38e11e176436" testId="9c76dd48-d3dc-4cb0-aebd-81dc49514bc8" testName="FormatToStringTest1000 (16427.591943671738,16427.59 zł)" computerName="DESKTOP-5URQ9PB" duration="00:00:00.0000062" startTime="2022-06-13T21:12:02.1353743+02:00" endTime="2022-06-13T21:12:02.1354407+02:00" testType="13cdc9d9-ddb5-4fa4-a97d-d965ccfc6d4b" outcome="Passed" testListId="8c84fa94-04c1-424b-9868-57a2d4851a1d" relativeResultsDirectory="df9d2ee0-97fd-490e-861b-38e11e176436" />
    <UnitTestResult executionId="e6700919-c008-4345-bb46-3b798012f55e" testId="b85fda6f-e055-4b6f-b5e2-90543776dfe3" testName="FormatToStringTest1000 (6676.5680544784145,6676.57 zł)" computerName="DESKTOP-5URQ9PB" duration="00:00:00.0000070" startTime="2022-06-13T21:12:02.2927850+02:00" endTime="2022-06-13T21:12:02.2928497+02:00" testType="13cdc9d9-ddb5-4fa4-a97d-d965ccfc6d4b" outcome="Passed" testListId="8c84fa94-04c1-424b-9868-57a2d4851a1d" relativeResultsDirectory="e6700919-c008-4345-bb46-3b798012f55e" />
    <UnitTestResult executionId="116da194-bdcf-4475-bd38-8149ab0e0b25" testId="1ac6217f-c5ea-4898-b29b-3504d366e612" testName="FormatToStringTest1000 (45930.2386782068,45930.24 zł)" computerName="DESKTOP-5URQ9PB" duration="00:00:00.0000066" startTime="2022-06-13T21:12:01.9965672+02:00" endTime="2022-06-13T21:12:01.9966375+02:00" testType="13cdc9d9-ddb5-4fa4-a97d-d965ccfc6d4b" outcome="Passed" testListId="8c84fa94-04c1-424b-9868-57a2d4851a1d" relativeResultsDirectory="116da194-bdcf-4475-bd38-8149ab0e0b25" />
    <UnitTestResult executionId="70021534-3543-4246-8e89-ed1c42241a64" testId="60851193-42cd-4ea7-bf33-fb80a3514343" testName="FormatToStringTest1000 (52810.91713865516,52810.92 zł)" computerName="DESKTOP-5URQ9PB" duration="00:00:00.0000063" startTime="2022-06-13T21:12:01.9119628+02:00" endTime="2022-06-13T21:12:01.9120299+02:00" testType="13cdc9d9-ddb5-4fa4-a97d-d965ccfc6d4b" outcome="Passed" testListId="8c84fa94-04c1-424b-9868-57a2d4851a1d" relativeResultsDirectory="70021534-3543-4246-8e89-ed1c42241a64" />
    <UnitTestResult executionId="50aba506-ff1e-470f-adea-7eb6fa51ce4a" testId="7a0227a9-44b9-43c9-afec-52883a509b24" testName="FormatToStringTest1000 (54088.326214851964,54088.33 zł)" computerName="DESKTOP-5URQ9PB" duration="00:00:00.0000064" startTime="2022-06-13T21:12:02.0127282+02:00" endTime="2022-06-13T21:12:02.0127973+02:00" testType="13cdc9d9-ddb5-4fa4-a97d-d965ccfc6d4b" outcome="Passed" testListId="8c84fa94-04c1-424b-9868-57a2d4851a1d" relativeResultsDirectory="50aba506-ff1e-470f-adea-7eb6fa51ce4a" />
    <UnitTestResult executionId="47e33767-1dfd-4f6f-b175-fd9cf4645b4c" testId="408538b0-832d-4e09-bcb6-eed42e052db5" testName="FormatToStringTest1000 (22291.653251342315,22291.65 zł)" computerName="DESKTOP-5URQ9PB" duration="00:00:00.0000080" startTime="2022-06-13T21:12:01.9571614+02:00" endTime="2022-06-13T21:12:01.9572596+02:00" testType="13cdc9d9-ddb5-4fa4-a97d-d965ccfc6d4b" outcome="Passed" testListId="8c84fa94-04c1-424b-9868-57a2d4851a1d" relativeResultsDirectory="47e33767-1dfd-4f6f-b175-fd9cf4645b4c" />
    <UnitTestResult executionId="7a14fb4d-14d6-4884-86a3-53816cee11d5" testId="9e8f2b2f-2473-4a02-90c7-bb95574ac30e" testName="FormatToStringTest1000 (236.20263638589657,236.20 zł)" computerName="DESKTOP-5URQ9PB" duration="00:00:00.0000062" startTime="2022-06-13T21:12:02.2039332+02:00" endTime="2022-06-13T21:12:02.2039994+02:00" testType="13cdc9d9-ddb5-4fa4-a97d-d965ccfc6d4b" outcome="Passed" testListId="8c84fa94-04c1-424b-9868-57a2d4851a1d" relativeResultsDirectory="7a14fb4d-14d6-4884-86a3-53816cee11d5" />
    <UnitTestResult executionId="a8796ca1-bd80-4618-879e-3834c98056c0" testId="95fc1b5c-e359-47a5-8c9a-cc368eebe1c2" testName="FormatToStringTest1000 (6915.421130504656,6915.42 zł)" computerName="DESKTOP-5URQ9PB" duration="00:00:00.0000063" startTime="2022-06-13T21:12:02.1444545+02:00" endTime="2022-06-13T21:12:02.1445213+02:00" testType="13cdc9d9-ddb5-4fa4-a97d-d965ccfc6d4b" outcome="Passed" testListId="8c84fa94-04c1-424b-9868-57a2d4851a1d" relativeResultsDirectory="a8796ca1-bd80-4618-879e-3834c98056c0" />
    <UnitTestResult executionId="141e0ba3-1833-4e92-82fa-b22bcb1f0964" testId="53676b5c-8371-45e9-b6f4-389074b53922" testName="FormatToStringTest1000 (20552.966022956633,20552.97 zł)" computerName="DESKTOP-5URQ9PB" duration="00:00:00.0000064" startTime="2022-06-13T21:12:02.1910327+02:00" endTime="2022-06-13T21:12:02.1911085+02:00" testType="13cdc9d9-ddb5-4fa4-a97d-d965ccfc6d4b" outcome="Passed" testListId="8c84fa94-04c1-424b-9868-57a2d4851a1d" relativeResultsDirectory="141e0ba3-1833-4e92-82fa-b22bcb1f0964" />
    <UnitTestResult executionId="a2cd9b7b-1d53-4f82-a1bf-7b14ec4f7e08" testId="b8f5e559-b8b5-4268-9a0b-871843b5bcca" testName="FormatToStringTest1000 (19208.676036795914,19208.68 zł)" computerName="DESKTOP-5URQ9PB" duration="00:00:00.0000062" startTime="2022-06-13T21:12:02.2164802+02:00" endTime="2022-06-13T21:12:02.2165452+02:00" testType="13cdc9d9-ddb5-4fa4-a97d-d965ccfc6d4b" outcome="Passed" testListId="8c84fa94-04c1-424b-9868-57a2d4851a1d" relativeResultsDirectory="a2cd9b7b-1d53-4f82-a1bf-7b14ec4f7e08" />
    <UnitTestResult executionId="35f2c99f-f15c-4f3c-a501-b5ee220ebb24" testId="57d77502-79ff-4e0c-bc7b-8b62260d97f8" testName="FormatToStringTest1000 (3431.864349926759,3431.86 zł)" computerName="DESKTOP-5URQ9PB" duration="00:00:00.0000079" startTime="2022-06-13T21:12:02.2342709+02:00" endTime="2022-06-13T21:12:02.2343496+02:00" testType="13cdc9d9-ddb5-4fa4-a97d-d965ccfc6d4b" outcome="Passed" testListId="8c84fa94-04c1-424b-9868-57a2d4851a1d" relativeResultsDirectory="35f2c99f-f15c-4f3c-a501-b5ee220ebb24" />
    <UnitTestResult executionId="75b2e431-f991-45ff-b11d-335c2d42e0a5" testId="2bde3f43-0fa9-4097-ad32-b71cf2b75533" testName="FormatToStringTest1000 (1669.555150571072,1669.56 zł)" computerName="DESKTOP-5URQ9PB" duration="00:00:00.0000061" startTime="2022-06-13T21:12:02.2764006+02:00" endTime="2022-06-13T21:12:02.2764659+02:00" testType="13cdc9d9-ddb5-4fa4-a97d-d965ccfc6d4b" outcome="Passed" testListId="8c84fa94-04c1-424b-9868-57a2d4851a1d" relativeResultsDirectory="75b2e431-f991-45ff-b11d-335c2d42e0a5" />
    <UnitTestResult executionId="87e9a6fc-6af9-44e1-a44c-04fec1f21bbb" testId="e8e18aba-de11-467f-9936-c2e1219b767e" testName="FormatToStringTest1000 (35.34471716840971,35.34 zł)" computerName="DESKTOP-5URQ9PB" duration="00:00:00.0000061" startTime="2022-06-13T21:12:02.2100299+02:00" endTime="2022-06-13T21:12:02.2100950+02:00" testType="13cdc9d9-ddb5-4fa4-a97d-d965ccfc6d4b" outcome="Passed" testListId="8c84fa94-04c1-424b-9868-57a2d4851a1d" relativeResultsDirectory="87e9a6fc-6af9-44e1-a44c-04fec1f21bbb" />
    <UnitTestResult executionId="4b9f3797-ffe6-4856-986c-3dd4d0a12eb6" testId="641f1c76-01e0-4b16-8d8f-f1a8aa35168b" testName="FormatToStringTest1000 (25440.18371476614,25440.18 zł)" computerName="DESKTOP-5URQ9PB" duration="00:00:00.0000064" startTime="2022-06-13T21:12:02.0419711+02:00" endTime="2022-06-13T21:12:02.0420382+02:00" testType="13cdc9d9-ddb5-4fa4-a97d-d965ccfc6d4b" outcome="Passed" testListId="8c84fa94-04c1-424b-9868-57a2d4851a1d" relativeResultsDirectory="4b9f3797-ffe6-4856-986c-3dd4d0a12eb6" />
    <UnitTestResult executionId="f5716734-8822-4a25-bc1e-6ef5567765e1" testId="a49019bd-702c-493c-828c-228bdd5ba8ce" testName="FormatToStringTest1000 (803.2448148733214,803.24 zł)" computerName="DESKTOP-5URQ9PB" duration="00:00:00.0000061" startTime="2022-06-13T21:12:02.2718317+02:00" endTime="2022-06-13T21:12:02.2718961+02:00" testType="13cdc9d9-ddb5-4fa4-a97d-d965ccfc6d4b" outcome="Passed" testListId="8c84fa94-04c1-424b-9868-57a2d4851a1d" relativeResultsDirectory="f5716734-8822-4a25-bc1e-6ef5567765e1" />
    <UnitTestResult executionId="a6c20ba1-9e29-4f17-8cf9-d6e1332db494" testId="070b04fa-228b-4eb6-bf20-68403c27e8a2" testName="FormatToStringTest1000 (2435.1995505835857,2435.20 zł)" computerName="DESKTOP-5URQ9PB" duration="00:00:00.0000062" startTime="2022-06-13T21:12:02.0248699+02:00" endTime="2022-06-13T21:12:02.0249383+02:00" testType="13cdc9d9-ddb5-4fa4-a97d-d965ccfc6d4b" outcome="Passed" testListId="8c84fa94-04c1-424b-9868-57a2d4851a1d" relativeResultsDirectory="a6c20ba1-9e29-4f17-8cf9-d6e1332db494" />
    <UnitTestResult executionId="a6f73805-241e-4f50-97c0-3f119896007b" testId="87d1b8c8-08e7-4442-bd88-c1284fce5b31" testName="FormatToStringTest1000 (33851.35523524618,33851.36 zł)" computerName="DESKTOP-5URQ9PB" duration="00:00:00.0000062" startTime="2022-06-13T21:12:02.1480923+02:00" endTime="2022-06-13T21:12:02.1481592+02:00" testType="13cdc9d9-ddb5-4fa4-a97d-d965ccfc6d4b" outcome="Passed" testListId="8c84fa94-04c1-424b-9868-57a2d4851a1d" relativeResultsDirectory="a6f73805-241e-4f50-97c0-3f119896007b" />
    <UnitTestResult executionId="4718c711-e147-43e8-ab9c-a00a5bffaad8" testId="0ce8fb84-34bb-4d05-a453-3e85620fb666" testName="FormatToStringTest1000 (9624.06628225188,9624.07 zł)" computerName="DESKTOP-5URQ9PB" duration="00:00:00.0000063" startTime="2022-06-13T21:12:02.2366957+02:00" endTime="2022-06-13T21:12:02.2367585+02:00" testType="13cdc9d9-ddb5-4fa4-a97d-d965ccfc6d4b" outcome="Passed" testListId="8c84fa94-04c1-424b-9868-57a2d4851a1d" relativeResultsDirectory="4718c711-e147-43e8-ab9c-a00a5bffaad8" />
    <UnitTestResult executionId="90970925-942b-4cf6-8ae2-445929b9e266" testId="c989bc0f-c62b-4b3e-a81f-26db6e0ba821" testName="FormatToStringTest1000 (46790.41011887715,46790.41 zł)" computerName="DESKTOP-5URQ9PB" duration="00:00:00.0000063" startTime="2022-06-13T21:12:02.1416598+02:00" endTime="2022-06-13T21:12:02.1417269+02:00" testType="13cdc9d9-ddb5-4fa4-a97d-d965ccfc6d4b" outcome="Passed" testListId="8c84fa94-04c1-424b-9868-57a2d4851a1d" relativeResultsDirectory="90970925-942b-4cf6-8ae2-445929b9e266" />
    <UnitTestResult executionId="50d232e2-d2aa-42d4-adac-84a8b52810cf" testId="b7d574aa-8fb7-432b-8bf1-d6a81f40bfc2" testName="FormatToStringTest1000 (12118.31777677048,12118.32 zł)" computerName="DESKTOP-5URQ9PB" duration="00:00:00.0000064" startTime="2022-06-13T21:12:02.2411251+02:00" endTime="2022-06-13T21:12:02.2412011+02:00" testType="13cdc9d9-ddb5-4fa4-a97d-d965ccfc6d4b" outcome="Passed" testListId="8c84fa94-04c1-424b-9868-57a2d4851a1d" relativeResultsDirectory="50d232e2-d2aa-42d4-adac-84a8b52810cf" />
    <UnitTestResult executionId="ef9ac249-1502-4c9a-8853-ad4d38904620" testId="96caa9f6-684f-4239-8cb9-07fba0520d45" testName="FormatToStringTest1000 (8599.45217413616,8599.45 zł)" computerName="DESKTOP-5URQ9PB" duration="00:00:00.0000068" startTime="2022-06-13T21:12:02.0210439+02:00" endTime="2022-06-13T21:12:02.0211136+02:00" testType="13cdc9d9-ddb5-4fa4-a97d-d965ccfc6d4b" outcome="Passed" testListId="8c84fa94-04c1-424b-9868-57a2d4851a1d" relativeResultsDirectory="ef9ac249-1502-4c9a-8853-ad4d38904620" />
    <UnitTestResult executionId="4765e576-5f52-4d36-ab62-c9502c4d6419" testId="6f266e08-ac63-42ac-8d55-21b95f6231a1" testName="FormatToStringTest1000 (52032.65082931176,52032.65 zł)" computerName="DESKTOP-5URQ9PB" duration="00:00:00.0000061" startTime="2022-06-13T21:12:02.2904772+02:00" endTime="2022-06-13T21:12:02.2905416+02:00" testType="13cdc9d9-ddb5-4fa4-a97d-d965ccfc6d4b" outcome="Passed" testListId="8c84fa94-04c1-424b-9868-57a2d4851a1d" relativeResultsDirectory="4765e576-5f52-4d36-ab62-c9502c4d6419" />
    <UnitTestResult executionId="5d57be99-cd2b-4d3e-9fa2-afe2fddfd10b" testId="3afc5ec1-089f-461f-855a-dc503d03ec96" testName="FormatToStringTest1000 (18490.912787030877,18490.91 zł)" computerName="DESKTOP-5URQ9PB" duration="00:00:00.0000061" startTime="2022-06-13T21:12:02.2306172+02:00" endTime="2022-06-13T21:12:02.2306819+02:00" testType="13cdc9d9-ddb5-4fa4-a97d-d965ccfc6d4b" outcome="Passed" testListId="8c84fa94-04c1-424b-9868-57a2d4851a1d" relativeResultsDirectory="5d57be99-cd2b-4d3e-9fa2-afe2fddfd10b" />
    <UnitTestResult executionId="4f4185fc-c3b3-4e29-ab99-aa98a5f9d1ee" testId="650a1e95-eedd-4cb4-819a-370212ca1b6f" testName="FormatToStringTest1000 (5978.1197194131655,5978.12 zł)" computerName="DESKTOP-5URQ9PB" duration="00:00:00.0000062" startTime="2022-06-13T21:12:02.2801550+02:00" endTime="2022-06-13T21:12:02.2802193+02:00" testType="13cdc9d9-ddb5-4fa4-a97d-d965ccfc6d4b" outcome="Passed" testListId="8c84fa94-04c1-424b-9868-57a2d4851a1d" relativeResultsDirectory="4f4185fc-c3b3-4e29-ab99-aa98a5f9d1ee" />
    <UnitTestResult executionId="012c59aa-db46-45b1-9a6b-7bf748a6950c" testId="451ccafe-ff5f-4c5d-91d1-b67540243f4d" testName="FormatToStringTest1000 (7370.518277515898,7370.52 zł)" computerName="DESKTOP-5URQ9PB" duration="00:00:00.0000071" startTime="2022-06-13T21:12:02.0716880+02:00" endTime="2022-06-13T21:12:02.0717560+02:00" testType="13cdc9d9-ddb5-4fa4-a97d-d965ccfc6d4b" outcome="Passed" testListId="8c84fa94-04c1-424b-9868-57a2d4851a1d" relativeResultsDirectory="012c59aa-db46-45b1-9a6b-7bf748a6950c" />
    <UnitTestResult executionId="0400a1bf-b51c-483c-9e35-918f47ba72b5" testId="c601bc2a-e3de-4c0d-895d-dbfe6c104b9c" testName="FormatToStringTest1000 (88489.14069749469,88489.14 zł)" computerName="DESKTOP-5URQ9PB" duration="00:00:00.0000081" startTime="2022-06-13T21:12:02.2858493+02:00" endTime="2022-06-13T21:12:02.2859393+02:00" testType="13cdc9d9-ddb5-4fa4-a97d-d965ccfc6d4b" outcome="Passed" testListId="8c84fa94-04c1-424b-9868-57a2d4851a1d" relativeResultsDirectory="0400a1bf-b51c-483c-9e35-918f47ba72b5" />
    <UnitTestResult executionId="497cb951-3d2a-4157-bba9-aca37880a361" testId="d499abd8-5e04-4661-a95e-be72c64a1370" testName="FormatToStringTest1000 (16688.70569393677,16688.71 zł)" computerName="DESKTOP-5URQ9PB" duration="00:00:00.0000063" startTime="2022-06-13T21:12:02.0940048+02:00" endTime="2022-06-13T21:12:02.0940724+02:00" testType="13cdc9d9-ddb5-4fa4-a97d-d965ccfc6d4b" outcome="Passed" testListId="8c84fa94-04c1-424b-9868-57a2d4851a1d" relativeResultsDirectory="497cb951-3d2a-4157-bba9-aca37880a361" />
    <UnitTestResult executionId="0a2bb5ba-f761-49c9-ba2b-d2df2f317888" testId="314a7504-afd0-4fea-842d-0793b48115f8" testName="FormatToStringTest1000 (49416.285282306504,49416.29 zł)" computerName="DESKTOP-5URQ9PB" duration="00:00:00.0000064" startTime="2022-06-13T21:12:02.2541503+02:00" endTime="2022-06-13T21:12:02.2542159+02:00" testType="13cdc9d9-ddb5-4fa4-a97d-d965ccfc6d4b" outcome="Passed" testListId="8c84fa94-04c1-424b-9868-57a2d4851a1d" relativeResultsDirectory="0a2bb5ba-f761-49c9-ba2b-d2df2f317888" />
    <UnitTestResult executionId="c67b4c22-4439-40c3-9765-56c94180ffff" testId="a89fdd26-172a-46af-975c-b3f7ddc6201a" testName="FormatToStringTest1000 (22791.735381432685,22791.74 zł)" computerName="DESKTOP-5URQ9PB" duration="00:00:00.0000062" startTime="2022-06-13T21:12:02.0509173+02:00" endTime="2022-06-13T21:12:02.0509840+02:00" testType="13cdc9d9-ddb5-4fa4-a97d-d965ccfc6d4b" outcome="Passed" testListId="8c84fa94-04c1-424b-9868-57a2d4851a1d" relativeResultsDirectory="c67b4c22-4439-40c3-9765-56c94180ffff" />
    <UnitTestResult executionId="87a735cd-2843-44bb-a49c-37b39f46b0b4" testId="670c0587-f548-443e-a6a7-307db7c9ed9d" testName="FormatToStringTest1000 (60017.857676936714,60017.86 zł)" computerName="DESKTOP-5URQ9PB" duration="00:00:00.0000062" startTime="2022-06-13T21:12:02.2861256+02:00" endTime="2022-06-13T21:12:02.2861899+02:00" testType="13cdc9d9-ddb5-4fa4-a97d-d965ccfc6d4b" outcome="Passed" testListId="8c84fa94-04c1-424b-9868-57a2d4851a1d" relativeResultsDirectory="87a735cd-2843-44bb-a49c-37b39f46b0b4" />
    <UnitTestResult executionId="9b73b823-205a-41fe-b0ec-1be20f55d1c4" testId="a6803147-3e16-4a10-88fb-f40c71026b79" testName="FormatToStringTest1000 (5507.360659962688,5507.36 zł)" computerName="DESKTOP-5URQ9PB" duration="00:00:00.0000062" startTime="2022-06-13T21:12:02.2759824+02:00" endTime="2022-06-13T21:12:02.2760477+02:00" testType="13cdc9d9-ddb5-4fa4-a97d-d965ccfc6d4b" outcome="Passed" testListId="8c84fa94-04c1-424b-9868-57a2d4851a1d" relativeResultsDirectory="9b73b823-205a-41fe-b0ec-1be20f55d1c4" />
    <UnitTestResult executionId="6700ae06-2c79-40dc-9a70-c2205df6d68a" testId="6f1b0a3b-bbc3-41aa-bbca-ff62e6ff0f53" testName="FormatToStringTest1000 (9867.823212210007,9867.82 zł)" computerName="DESKTOP-5URQ9PB" duration="00:00:00.0000088" startTime="2022-06-13T21:12:01.9880640+02:00" endTime="2022-06-13T21:12:01.9881798+02:00" testType="13cdc9d9-ddb5-4fa4-a97d-d965ccfc6d4b" outcome="Passed" testListId="8c84fa94-04c1-424b-9868-57a2d4851a1d" relativeResultsDirectory="6700ae06-2c79-40dc-9a70-c2205df6d68a" />
    <UnitTestResult executionId="8e44d49f-66af-40ed-9e02-5ec430658223" testId="d224e6c9-06c3-4efb-876f-f2cc9e69f3ec" testName="FormatToStringTest1000 (51632.87002968503,51632.87 zł)" computerName="DESKTOP-5URQ9PB" duration="00:00:00.0000063" startTime="2022-06-13T21:12:02.0541044+02:00" endTime="2022-06-13T21:12:02.0541718+02:00" testType="13cdc9d9-ddb5-4fa4-a97d-d965ccfc6d4b" outcome="Passed" testListId="8c84fa94-04c1-424b-9868-57a2d4851a1d" relativeResultsDirectory="8e44d49f-66af-40ed-9e02-5ec430658223" />
    <UnitTestResult executionId="670466ce-6a64-4286-8938-1c151e54e5e9" testId="7db20eeb-5488-4677-96d7-40aa8e9e9e4d" testName="FormatToStringTest1000 (47393.54939526671,47393.55 zł)" computerName="DESKTOP-5URQ9PB" duration="00:00:00.0000071" startTime="2022-06-13T21:12:02.1104014+02:00" endTime="2022-06-13T21:12:02.1104837+02:00" testType="13cdc9d9-ddb5-4fa4-a97d-d965ccfc6d4b" outcome="Passed" testListId="8c84fa94-04c1-424b-9868-57a2d4851a1d" relativeResultsDirectory="670466ce-6a64-4286-8938-1c151e54e5e9" />
    <UnitTestResult executionId="37e66ef9-4ae4-4a37-b245-a6a0166f09aa" testId="f0c08f70-3478-4945-8383-5c007d70011b" testName="FormatToStringTest1000 (93775.33090185716,93775.33 zł)" computerName="DESKTOP-5URQ9PB" duration="00:00:00.0000063" startTime="2022-06-13T21:12:02.2082699+02:00" endTime="2022-06-13T21:12:02.2083357+02:00" testType="13cdc9d9-ddb5-4fa4-a97d-d965ccfc6d4b" outcome="Passed" testListId="8c84fa94-04c1-424b-9868-57a2d4851a1d" relativeResultsDirectory="37e66ef9-4ae4-4a37-b245-a6a0166f09aa" />
    <UnitTestResult executionId="81c3a4e3-3853-4c81-8179-0028d87e116f" testId="4df41c66-f723-465a-a4a9-8756933315be" testName="FormatToStringTest1000 (13206.129467931636,13206.13 zł)" computerName="DESKTOP-5URQ9PB" duration="00:00:00.0000062" startTime="2022-06-13T21:12:02.2055998+02:00" endTime="2022-06-13T21:12:02.2056671+02:00" testType="13cdc9d9-ddb5-4fa4-a97d-d965ccfc6d4b" outcome="Passed" testListId="8c84fa94-04c1-424b-9868-57a2d4851a1d" relativeResultsDirectory="81c3a4e3-3853-4c81-8179-0028d87e116f" />
    <UnitTestResult executionId="c042c7b6-5cd2-4f0a-9e31-64a9617d10f7" testId="1b090866-fdc4-4c27-89d7-e85be5d2a199" testName="FormatToStringTest1000 (30111.54342534372,30111.54 zł)" computerName="DESKTOP-5URQ9PB" duration="00:00:00.0000061" startTime="2022-06-13T21:12:02.2763186+02:00" endTime="2022-06-13T21:12:02.2763840+02:00" testType="13cdc9d9-ddb5-4fa4-a97d-d965ccfc6d4b" outcome="Passed" testListId="8c84fa94-04c1-424b-9868-57a2d4851a1d" relativeResultsDirectory="c042c7b6-5cd2-4f0a-9e31-64a9617d10f7" />
    <UnitTestResult executionId="bd754555-4279-4794-a848-ebcac37cd184" testId="5c95ac24-4bb6-405e-ad6b-0a711d94a825" testName="FormatToStringTest1000 (20640.678251201603,20640.68 zł)" computerName="DESKTOP-5URQ9PB" duration="00:00:00.0000062" startTime="2022-06-13T21:12:02.1478386+02:00" endTime="2022-06-13T21:12:02.1479054+02:00" testType="13cdc9d9-ddb5-4fa4-a97d-d965ccfc6d4b" outcome="Passed" testListId="8c84fa94-04c1-424b-9868-57a2d4851a1d" relativeResultsDirectory="bd754555-4279-4794-a848-ebcac37cd184" />
    <UnitTestResult executionId="f360f2cb-d00a-4eeb-8c02-4c730edeef81" testId="805048a1-f135-4bda-a5a0-aab52818db00" testName="FormatToStringTest1000 (5287.3103648714305,5287.31 zł)" computerName="DESKTOP-5URQ9PB" duration="00:00:00.0000062" startTime="2022-06-13T21:12:02.0342712+02:00" endTime="2022-06-13T21:12:02.0343383+02:00" testType="13cdc9d9-ddb5-4fa4-a97d-d965ccfc6d4b" outcome="Passed" testListId="8c84fa94-04c1-424b-9868-57a2d4851a1d" relativeResultsDirectory="f360f2cb-d00a-4eeb-8c02-4c730edeef81" />
    <UnitTestResult executionId="85a0e9e6-a881-40ec-9b94-3e1043fa0968" testId="e3bef169-db3c-4648-8ba7-f6efd36be0ec" testName="FormatToStringTest1000 (23649.104642116046,23649.10 zł)" computerName="DESKTOP-5URQ9PB" duration="00:00:00.0000062" startTime="2022-06-13T21:12:02.1138555+02:00" endTime="2022-06-13T21:12:02.1139220+02:00" testType="13cdc9d9-ddb5-4fa4-a97d-d965ccfc6d4b" outcome="Passed" testListId="8c84fa94-04c1-424b-9868-57a2d4851a1d" relativeResultsDirectory="85a0e9e6-a881-40ec-9b94-3e1043fa0968" />
    <UnitTestResult executionId="291124e5-c3f5-451c-8c9f-eb08d9d3d038" testId="1211b8ee-cab6-45ae-90eb-249d5c508895" testName="FormatToStringTest1000 (32821.05661472215,32821.06 zł)" computerName="DESKTOP-5URQ9PB" duration="00:00:00.0000061" startTime="2022-06-13T21:12:02.2125174+02:00" endTime="2022-06-13T21:12:02.2125830+02:00" testType="13cdc9d9-ddb5-4fa4-a97d-d965ccfc6d4b" outcome="Passed" testListId="8c84fa94-04c1-424b-9868-57a2d4851a1d" relativeResultsDirectory="291124e5-c3f5-451c-8c9f-eb08d9d3d038" />
    <UnitTestResult executionId="4dc1cfd1-d0b7-4a17-b3a9-17e5ddfd7ee8" testId="f3f04d05-a71b-475e-80fb-7898a5e8b799" testName="FormatToStringTest1000 (38845.74924104323,38845.75 zł)" computerName="DESKTOP-5URQ9PB" duration="00:00:00.0000069" startTime="2022-06-13T21:12:02.2604817+02:00" endTime="2022-06-13T21:12:02.2605470+02:00" testType="13cdc9d9-ddb5-4fa4-a97d-d965ccfc6d4b" outcome="Passed" testListId="8c84fa94-04c1-424b-9868-57a2d4851a1d" relativeResultsDirectory="4dc1cfd1-d0b7-4a17-b3a9-17e5ddfd7ee8" />
    <UnitTestResult executionId="cd7e368a-62f4-4b7b-9c06-4e68bb78f6f1" testId="482a851f-fa30-4411-af38-f47933862c68" testName="FormatToStringTest1000 (17875.613377604455,17875.61 zł)" computerName="DESKTOP-5URQ9PB" duration="00:00:00.0000097" startTime="2022-06-13T21:12:02.0306297+02:00" endTime="2022-06-13T21:12:02.0307559+02:00" testType="13cdc9d9-ddb5-4fa4-a97d-d965ccfc6d4b" outcome="Passed" testListId="8c84fa94-04c1-424b-9868-57a2d4851a1d" relativeResultsDirectory="cd7e368a-62f4-4b7b-9c06-4e68bb78f6f1" />
    <UnitTestResult executionId="6233931f-a147-4c2d-9439-f4d446d9cce1" testId="66dceb52-256b-4618-875c-9c89b8df6857" testName="FormatToStringTest1000 (22678.795878462864,22678.80 zł)" computerName="DESKTOP-5URQ9PB" duration="00:00:00.0000069" startTime="2022-06-13T21:12:02.2362718+02:00" endTime="2022-06-13T21:12:02.2363484+02:00" testType="13cdc9d9-ddb5-4fa4-a97d-d965ccfc6d4b" outcome="Passed" testListId="8c84fa94-04c1-424b-9868-57a2d4851a1d" relativeResultsDirectory="6233931f-a147-4c2d-9439-f4d446d9cce1" />
    <UnitTestResult executionId="2eb5bb38-8c70-4ccb-bf00-22bc489e85c0" testId="83aa48bb-6641-4642-b945-2fe5772258d9" testName="FormatToStringTest1000 (12091.219941106729,12091.22 zł)" computerName="DESKTOP-5URQ9PB" duration="00:00:00.0000063" startTime="2022-06-13T21:12:02.0451502+02:00" endTime="2022-06-13T21:12:02.0452184+02:00" testType="13cdc9d9-ddb5-4fa4-a97d-d965ccfc6d4b" outcome="Passed" testListId="8c84fa94-04c1-424b-9868-57a2d4851a1d" relativeResultsDirectory="2eb5bb38-8c70-4ccb-bf00-22bc489e85c0" />
    <UnitTestResult executionId="4f66a27a-d9c1-497d-8002-57a86c280c1e" testId="6539918d-0628-464d-badb-dd7ae5c998b8" testName="FormatToStringTest1000 (1108.7197928823157,1108.72 zł)" computerName="DESKTOP-5URQ9PB" duration="00:00:00.0000062" startTime="2022-06-13T21:12:01.9673664+02:00" endTime="2022-06-13T21:12:01.9674343+02:00" testType="13cdc9d9-ddb5-4fa4-a97d-d965ccfc6d4b" outcome="Passed" testListId="8c84fa94-04c1-424b-9868-57a2d4851a1d" relativeResultsDirectory="4f66a27a-d9c1-497d-8002-57a86c280c1e" />
    <UnitTestResult executionId="2c50ad54-1dd2-4684-808c-e32170247884" testId="bff6e525-40a2-42f9-8b65-acc38b8ec03b" testName="FormatToStringTest1000 (15822.278766386342,15822.28 zł)" computerName="DESKTOP-5URQ9PB" duration="00:00:00.0000061" startTime="2022-06-13T21:12:02.0811296+02:00" endTime="2022-06-13T21:12:02.0811967+02:00" testType="13cdc9d9-ddb5-4fa4-a97d-d965ccfc6d4b" outcome="Passed" testListId="8c84fa94-04c1-424b-9868-57a2d4851a1d" relativeResultsDirectory="2c50ad54-1dd2-4684-808c-e32170247884" />
    <UnitTestResult executionId="d29d9374-a156-488e-a839-efac089669b6" testId="defc6c6c-431a-415f-8caf-17cafd3fd679" testName="FormatToStringTest1000 (748.6264857065987,748.63 zł)" computerName="DESKTOP-5URQ9PB" duration="00:00:00.0000061" startTime="2022-06-13T21:12:02.1319044+02:00" endTime="2022-06-13T21:12:02.1319726+02:00" testType="13cdc9d9-ddb5-4fa4-a97d-d965ccfc6d4b" outcome="Passed" testListId="8c84fa94-04c1-424b-9868-57a2d4851a1d" relativeResultsDirectory="d29d9374-a156-488e-a839-efac089669b6" />
    <UnitTestResult executionId="a5e955fa-3023-4c99-ae7e-e46c0617e346" testId="8983446a-ecb8-45db-8bcb-607065f10541" testName="FormatToStringTest1000 (57525.72988993569,57525.73 zł)" computerName="DESKTOP-5URQ9PB" duration="00:00:00.0000464" startTime="2022-06-13T21:12:02.1737873+02:00" endTime="2022-06-13T21:12:02.1742870+02:00" testType="13cdc9d9-ddb5-4fa4-a97d-d965ccfc6d4b" outcome="Passed" testListId="8c84fa94-04c1-424b-9868-57a2d4851a1d" relativeResultsDirectory="a5e955fa-3023-4c99-ae7e-e46c0617e346" />
    <UnitTestResult executionId="f024711b-7408-4d96-9f7d-f73c70d11762" testId="1136bf6b-076e-402a-8eae-0d8ab7f6a009" testName="FormatToStringTest1000 (21221.884746198488,21221.88 zł)" computerName="DESKTOP-5URQ9PB" duration="00:00:00.0000061" startTime="2022-06-13T21:12:02.2097795+02:00" endTime="2022-06-13T21:12:02.2098470+02:00" testType="13cdc9d9-ddb5-4fa4-a97d-d965ccfc6d4b" outcome="Passed" testListId="8c84fa94-04c1-424b-9868-57a2d4851a1d" relativeResultsDirectory="f024711b-7408-4d96-9f7d-f73c70d11762" />
    <UnitTestResult executionId="242383a9-d08d-4a94-8d78-55b64113c246" testId="19cbba82-bb9b-4f00-ac3a-50dcb811b4b1" testName="FormatToStringTest1000 (10457.593086045978,10457.59 zł)" computerName="DESKTOP-5URQ9PB" duration="00:00:00.0000072" startTime="2022-06-13T21:12:02.1409511+02:00" endTime="2022-06-13T21:12:02.1410335+02:00" testType="13cdc9d9-ddb5-4fa4-a97d-d965ccfc6d4b" outcome="Passed" testListId="8c84fa94-04c1-424b-9868-57a2d4851a1d" relativeResultsDirectory="242383a9-d08d-4a94-8d78-55b64113c246" />
    <UnitTestResult executionId="bc0811f5-dd1b-421b-a990-11a5a49174aa" testId="4a1583c6-7752-4157-8bcb-86164eabe848" testName="FormatToStringTest1000 (68011.49219071423,68011.49 zł)" computerName="DESKTOP-5URQ9PB" duration="00:00:00.0000061" startTime="2022-06-13T21:12:02.2078536+02:00" endTime="2022-06-13T21:12:02.2079193+02:00" testType="13cdc9d9-ddb5-4fa4-a97d-d965ccfc6d4b" outcome="Passed" testListId="8c84fa94-04c1-424b-9868-57a2d4851a1d" relativeResultsDirectory="bc0811f5-dd1b-421b-a990-11a5a49174aa" />
    <UnitTestResult executionId="9b156330-1617-470b-9eb7-fd1095ffb556" testId="31b0f172-fdbf-4f6f-b833-f968e555023c" testName="FormatToStringTest1000 (11118.620997698335,11118.62 zł)" computerName="DESKTOP-5URQ9PB" duration="00:00:00.0000071" startTime="2022-06-13T21:12:02.1141896+02:00" endTime="2022-06-13T21:12:02.1142617+02:00" testType="13cdc9d9-ddb5-4fa4-a97d-d965ccfc6d4b" outcome="Passed" testListId="8c84fa94-04c1-424b-9868-57a2d4851a1d" relativeResultsDirectory="9b156330-1617-470b-9eb7-fd1095ffb556" />
    <UnitTestResult executionId="5685c2e6-07cc-41b0-af99-ea7fb7bf529b" testId="0471e78f-1e39-44bd-92e9-db6d8f4f065f" testName="FormatToStringTest1000 (7813.027778348433,7813.03 zł)" computerName="DESKTOP-5URQ9PB" duration="00:00:00.0000082" startTime="2022-06-13T21:12:02.2141379+02:00" endTime="2022-06-13T21:12:02.2142261+02:00" testType="13cdc9d9-ddb5-4fa4-a97d-d965ccfc6d4b" outcome="Passed" testListId="8c84fa94-04c1-424b-9868-57a2d4851a1d" relativeResultsDirectory="5685c2e6-07cc-41b0-af99-ea7fb7bf529b" />
    <UnitTestResult executionId="47efe8cc-f4e7-42ca-8e46-412c37c299ab" testId="c4b9538e-d11b-4409-b827-3dc1004b129f" testName="FormatToStringTest1000 (33413.381276228174,33413.38 zł)" computerName="DESKTOP-5URQ9PB" duration="00:00:00.0000088" startTime="2022-06-13T21:12:02.1040753+02:00" endTime="2022-06-13T21:12:02.1041763+02:00" testType="13cdc9d9-ddb5-4fa4-a97d-d965ccfc6d4b" outcome="Passed" testListId="8c84fa94-04c1-424b-9868-57a2d4851a1d" relativeResultsDirectory="47efe8cc-f4e7-42ca-8e46-412c37c299ab" />
    <UnitTestResult executionId="96a55125-bce9-41bd-a80b-1e3b9396664d" testId="5d51f6c6-232e-4e2a-91b7-03a05c889f47" testName="FormatToStringTest1000 (4592.278577496428,4592.28 zł)" computerName="DESKTOP-5URQ9PB" duration="00:00:00.0000064" startTime="2022-06-13T21:12:02.2343678+02:00" endTime="2022-06-13T21:12:02.2344340+02:00" testType="13cdc9d9-ddb5-4fa4-a97d-d965ccfc6d4b" outcome="Passed" testListId="8c84fa94-04c1-424b-9868-57a2d4851a1d" relativeResultsDirectory="96a55125-bce9-41bd-a80b-1e3b9396664d" />
    <UnitTestResult executionId="70416e48-e62f-4472-8ce2-bfbd21a6cdcc" testId="12f9d1bf-ad7c-4da8-9032-69235340b574" testName="FormatToStringTest1000 (5317.9582678023535,5317.96 zł)" computerName="DESKTOP-5URQ9PB" duration="00:00:00.0000062" startTime="2022-06-13T21:12:02.1933157+02:00" endTime="2022-06-13T21:12:02.1933825+02:00" testType="13cdc9d9-ddb5-4fa4-a97d-d965ccfc6d4b" outcome="Passed" testListId="8c84fa94-04c1-424b-9868-57a2d4851a1d" relativeResultsDirectory="70416e48-e62f-4472-8ce2-bfbd21a6cdcc" />
    <UnitTestResult executionId="460c0896-3e49-4f38-ba74-b3090fe74621" testId="7d3bfbba-f5c8-45ab-a6d6-917d986f3bf5" testName="FormatToStringTest1000 (7377.5644264340235,7377.56 zł)" computerName="DESKTOP-5URQ9PB" duration="00:00:00.0000071" startTime="2022-06-13T21:12:02.2638408+02:00" endTime="2022-06-13T21:12:02.2639075+02:00" testType="13cdc9d9-ddb5-4fa4-a97d-d965ccfc6d4b" outcome="Passed" testListId="8c84fa94-04c1-424b-9868-57a2d4851a1d" relativeResultsDirectory="460c0896-3e49-4f38-ba74-b3090fe74621" />
    <UnitTestResult executionId="80140337-bc45-4f8b-9b73-5f53c475a879" testId="00ff764d-3bb9-48ea-9035-e3ce1cf989a1" testName="FormatToStringTest1000 (19882.647973500494,19882.65 zł)" computerName="DESKTOP-5URQ9PB" duration="00:00:00.0000061" startTime="2022-06-13T21:12:02.2145028+02:00" endTime="2022-06-13T21:12:02.2145681+02:00" testType="13cdc9d9-ddb5-4fa4-a97d-d965ccfc6d4b" outcome="Passed" testListId="8c84fa94-04c1-424b-9868-57a2d4851a1d" relativeResultsDirectory="80140337-bc45-4f8b-9b73-5f53c475a879" />
    <UnitTestResult executionId="d6cfe0f8-28fa-4619-bc1e-18f383361d61" testId="8b1e162d-0f18-4945-aff8-96d39d4c2c34" testName="FormatToStringTest1000 (26468.346804109562,26468.35 zł)" computerName="DESKTOP-5URQ9PB" duration="00:00:00.0000074" startTime="2022-06-13T21:12:02.0670881+02:00" endTime="2022-06-13T21:12:02.0671800+02:00" testType="13cdc9d9-ddb5-4fa4-a97d-d965ccfc6d4b" outcome="Passed" testListId="8c84fa94-04c1-424b-9868-57a2d4851a1d" relativeResultsDirectory="d6cfe0f8-28fa-4619-bc1e-18f383361d61" />
    <UnitTestResult executionId="113bab9c-403d-4a79-9242-d9b4fc6bae32" testId="b9e3573f-cf40-4aa3-a0d3-3aad48195303" testName="FormatToStringTest1000 (13375.96341587415,13375.96 zł)" computerName="DESKTOP-5URQ9PB" duration="00:00:00.0000062" startTime="2022-06-13T21:12:02.2388615+02:00" endTime="2022-06-13T21:12:02.2389262+02:00" testType="13cdc9d9-ddb5-4fa4-a97d-d965ccfc6d4b" outcome="Passed" testListId="8c84fa94-04c1-424b-9868-57a2d4851a1d" relativeResultsDirectory="113bab9c-403d-4a79-9242-d9b4fc6bae32" />
    <UnitTestResult executionId="2fe9b5b8-31ca-42a6-8e27-b2ea07745906" testId="73c09bfb-6a6b-4703-843a-58b7135694d5" testName="FormatToStringTest1000 (2339.5873176472205,2339.59 zł)" computerName="DESKTOP-5URQ9PB" duration="00:00:00.0000062" startTime="2022-06-13T21:12:02.1317329+02:00" endTime="2022-06-13T21:12:02.1318012+02:00" testType="13cdc9d9-ddb5-4fa4-a97d-d965ccfc6d4b" outcome="Passed" testListId="8c84fa94-04c1-424b-9868-57a2d4851a1d" relativeResultsDirectory="2fe9b5b8-31ca-42a6-8e27-b2ea07745906" />
    <UnitTestResult executionId="771c8ba5-76e6-42c2-ba0a-381129f6edae" testId="61ba36c3-1683-4a4c-82b4-16baa5d5ff7e" testName="FormatToStringTest1000 (4823.904478896365,4823.90 zł)" computerName="DESKTOP-5URQ9PB" duration="00:00:00.0000064" startTime="2022-06-13T21:12:02.2163973+02:00" endTime="2022-06-13T21:12:02.2164632+02:00" testType="13cdc9d9-ddb5-4fa4-a97d-d965ccfc6d4b" outcome="Passed" testListId="8c84fa94-04c1-424b-9868-57a2d4851a1d" relativeResultsDirectory="771c8ba5-76e6-42c2-ba0a-381129f6edae" />
    <UnitTestResult executionId="b158a2f3-9175-4200-b6c2-e832289e2cc1" testId="d975b46b-9634-4f9c-a5fd-ba0d7b501055" testName="FormatToStringTest1000 (60701.5177499319,60701.52 zł)" computerName="DESKTOP-5URQ9PB" duration="00:00:00.0000064" startTime="2022-06-13T21:12:02.2101117+02:00" endTime="2022-06-13T21:12:02.2101773+02:00" testType="13cdc9d9-ddb5-4fa4-a97d-d965ccfc6d4b" outcome="Passed" testListId="8c84fa94-04c1-424b-9868-57a2d4851a1d" relativeResultsDirectory="b158a2f3-9175-4200-b6c2-e832289e2cc1" />
    <UnitTestResult executionId="3381e009-b0dc-4390-93e9-b91cbc9c9f49" testId="0e6790ce-ee7e-4c29-a028-7c09c279f068" testName="FormatToStringTest1000 (20527.270339210645,20527.27 zł)" computerName="DESKTOP-5URQ9PB" duration="00:00:00.0000066" startTime="2022-06-13T21:12:02.2778833+02:00" endTime="2022-06-13T21:12:02.2779497+02:00" testType="13cdc9d9-ddb5-4fa4-a97d-d965ccfc6d4b" outcome="Passed" testListId="8c84fa94-04c1-424b-9868-57a2d4851a1d" relativeResultsDirectory="3381e009-b0dc-4390-93e9-b91cbc9c9f49" />
    <UnitTestResult executionId="5519cd11-2bc5-4e68-88b6-e5fee2ed0be2" testId="e0107b52-dc2f-4e71-821b-8f4fbc4d6797" testName="FormatToStringTest1000 (64887.45559046951,64887.46 zł)" computerName="DESKTOP-5URQ9PB" duration="00:00:00.0000062" startTime="2022-06-13T21:12:02.1043806+02:00" endTime="2022-06-13T21:12:02.1044481+02:00" testType="13cdc9d9-ddb5-4fa4-a97d-d965ccfc6d4b" outcome="Passed" testListId="8c84fa94-04c1-424b-9868-57a2d4851a1d" relativeResultsDirectory="5519cd11-2bc5-4e68-88b6-e5fee2ed0be2" />
    <UnitTestResult executionId="b1b1d365-d69c-45d5-a98e-94234c0d159e" testId="886c0239-a823-4a21-9ca8-8afaa473a144" testName="FormatToStringTest1000 (25794.833624416417,25794.83 zł)" computerName="DESKTOP-5URQ9PB" duration="00:00:00.0000071" startTime="2022-06-13T21:12:02.2241573+02:00" endTime="2022-06-13T21:12:02.2242230+02:00" testType="13cdc9d9-ddb5-4fa4-a97d-d965ccfc6d4b" outcome="Passed" testListId="8c84fa94-04c1-424b-9868-57a2d4851a1d" relativeResultsDirectory="b1b1d365-d69c-45d5-a98e-94234c0d159e" />
    <UnitTestResult executionId="e351efdd-33b8-423e-8ad6-592d1ee700dd" testId="684529a0-92c7-4dc5-915c-213564af74fd" testName="FormatToStringTest1000 (15861.139287455073,15861.14 zł)" computerName="DESKTOP-5URQ9PB" duration="00:00:00.0000065" startTime="2022-06-13T21:12:02.0678605+02:00" endTime="2022-06-13T21:12:02.0679337+02:00" testType="13cdc9d9-ddb5-4fa4-a97d-d965ccfc6d4b" outcome="Passed" testListId="8c84fa94-04c1-424b-9868-57a2d4851a1d" relativeResultsDirectory="e351efdd-33b8-423e-8ad6-592d1ee700dd" />
    <UnitTestResult executionId="36561662-e93a-49f4-bf63-3e7bf7ae034a" testId="91f63584-6002-4f7b-9c99-70d44ca549c7" testName="FormatToStringTest1000 (38076.55319665165,38076.55 zł)" computerName="DESKTOP-5URQ9PB" duration="00:00:00.0000062" startTime="2022-06-13T21:12:02.0003831+02:00" endTime="2022-06-13T21:12:02.0004501+02:00" testType="13cdc9d9-ddb5-4fa4-a97d-d965ccfc6d4b" outcome="Passed" testListId="8c84fa94-04c1-424b-9868-57a2d4851a1d" relativeResultsDirectory="36561662-e93a-49f4-bf63-3e7bf7ae034a" />
    <UnitTestResult executionId="6e836785-1b43-4e39-9b33-adf5a3a5daf0" testId="d7201452-f89f-4a65-8f99-4fbbde4a666a" testName="FormatToStringTest1000 (28987.862854782896,28987.86 zł)" computerName="DESKTOP-5URQ9PB" duration="00:00:00.0000064" startTime="2022-06-13T21:12:02.2441998+02:00" endTime="2022-06-13T21:12:02.2442719+02:00" testType="13cdc9d9-ddb5-4fa4-a97d-d965ccfc6d4b" outcome="Passed" testListId="8c84fa94-04c1-424b-9868-57a2d4851a1d" relativeResultsDirectory="6e836785-1b43-4e39-9b33-adf5a3a5daf0" />
    <UnitTestResult executionId="866cae1c-be4c-48e4-9fd3-c6e97e0de2fd" testId="02087a1c-1f3c-4a9b-a7d1-4ba16a313209" testName="FormatToStringTest1000 (5022.470719070859,5022.47 zł)" computerName="DESKTOP-5URQ9PB" duration="00:00:00.0000062" startTime="2022-06-13T21:12:02.0719437+02:00" endTime="2022-06-13T21:12:02.0720099+02:00" testType="13cdc9d9-ddb5-4fa4-a97d-d965ccfc6d4b" outcome="Passed" testListId="8c84fa94-04c1-424b-9868-57a2d4851a1d" relativeResultsDirectory="866cae1c-be4c-48e4-9fd3-c6e97e0de2fd" />
    <UnitTestResult executionId="8fe2ba2a-6d4d-4b85-a730-8cca66f87876" testId="67e8afed-ca9d-4fe2-bb1c-3e9abe5f4ff4" testName="FormatToStringTest1000 (30383.303633991305,30383.30 zł)" computerName="DESKTOP-5URQ9PB" duration="00:00:00.0000061" startTime="2022-06-13T21:12:02.2698203+02:00" endTime="2022-06-13T21:12:02.2698845+02:00" testType="13cdc9d9-ddb5-4fa4-a97d-d965ccfc6d4b" outcome="Passed" testListId="8c84fa94-04c1-424b-9868-57a2d4851a1d" relativeResultsDirectory="8fe2ba2a-6d4d-4b85-a730-8cca66f87876" />
    <UnitTestResult executionId="92bdadd2-ea0e-4390-aca8-daeecd30b3e4" testId="317d6e9e-b7ff-489f-b143-658a2f31b9eb" testName="FormatToStringTest1000 (8095.485677032492,8095.49 zł)" computerName="DESKTOP-5URQ9PB" duration="00:00:00.0000063" startTime="2022-06-13T21:12:02.1979765+02:00" endTime="2022-06-13T21:12:02.1980431+02:00" testType="13cdc9d9-ddb5-4fa4-a97d-d965ccfc6d4b" outcome="Passed" testListId="8c84fa94-04c1-424b-9868-57a2d4851a1d" relativeResultsDirectory="92bdadd2-ea0e-4390-aca8-daeecd30b3e4" />
    <UnitTestResult executionId="a2f7a745-f88b-4c85-9407-64b653f40f10" testId="2348797d-9a00-417f-9631-d24c69c6638f" testName="FormatToStringTest1000 (9558.453124931293,9558.45 zł)" computerName="DESKTOP-5URQ9PB" duration="00:00:00.0000071" startTime="2022-06-13T21:12:02.0542959+02:00" endTime="2022-06-13T21:12:02.0543766+02:00" testType="13cdc9d9-ddb5-4fa4-a97d-d965ccfc6d4b" outcome="Passed" testListId="8c84fa94-04c1-424b-9868-57a2d4851a1d" relativeResultsDirectory="a2f7a745-f88b-4c85-9407-64b653f40f10" />
    <UnitTestResult executionId="4866d913-3d1d-4fd2-9d9c-1038e350516e" testId="5800c543-8d54-4674-ba7e-d8c5b4b1a01b" testName="FormatToStringTest1000 (49672.98901987402,49672.99 zł)" computerName="DESKTOP-5URQ9PB" duration="00:00:00.0000064" startTime="2022-06-13T21:12:02.1106752+02:00" endTime="2022-06-13T21:12:02.1107426+02:00" testType="13cdc9d9-ddb5-4fa4-a97d-d965ccfc6d4b" outcome="Passed" testListId="8c84fa94-04c1-424b-9868-57a2d4851a1d" relativeResultsDirectory="4866d913-3d1d-4fd2-9d9c-1038e350516e" />
    <UnitTestResult executionId="36de9ea1-8c58-43cd-9a2f-4cd0b8a97738" testId="db898642-71a2-4e15-9eb1-937662f5647c" testName="FormatToStringTest1000 (4411.456718280659,4411.46 zł)" computerName="DESKTOP-5URQ9PB" duration="00:00:00.0000061" startTime="2022-06-13T21:12:02.1959055+02:00" endTime="2022-06-13T21:12:02.1959717+02:00" testType="13cdc9d9-ddb5-4fa4-a97d-d965ccfc6d4b" outcome="Passed" testListId="8c84fa94-04c1-424b-9868-57a2d4851a1d" relativeResultsDirectory="36de9ea1-8c58-43cd-9a2f-4cd0b8a97738" />
    <UnitTestResult executionId="7d2409f7-55a0-4aec-a6cc-b539b6535b03" testId="d463c7bc-8c24-4b6c-a861-f9d51ded3655" testName="FormatToStringTest1000 (6173.0243155793405,6173.02 zł)" computerName="DESKTOP-5URQ9PB" duration="00:00:00.0000061" startTime="2022-06-13T21:12:02.2036815+02:00" endTime="2022-06-13T21:12:02.2037474+02:00" testType="13cdc9d9-ddb5-4fa4-a97d-d965ccfc6d4b" outcome="Passed" testListId="8c84fa94-04c1-424b-9868-57a2d4851a1d" relativeResultsDirectory="7d2409f7-55a0-4aec-a6cc-b539b6535b03" />
    <UnitTestResult executionId="85077947-5ade-4dd4-82da-0b3a72b3a04c" testId="595284b3-3d10-4411-95fc-796ed3d6887a" testName="FormatToStringTest1000 (46590.9609819562,46590.96 zł)" computerName="DESKTOP-5URQ9PB" duration="00:00:00.0000065" startTime="2022-06-13T21:12:02.0479956+02:00" endTime="2022-06-13T21:12:02.0480607+02:00" testType="13cdc9d9-ddb5-4fa4-a97d-d965ccfc6d4b" outcome="Passed" testListId="8c84fa94-04c1-424b-9868-57a2d4851a1d" relativeResultsDirectory="85077947-5ade-4dd4-82da-0b3a72b3a04c" />
    <UnitTestResult executionId="f16d6085-9d37-4246-bbc0-e0f972a45812" testId="6e14db0a-d154-4b0b-afbf-d1c767e2bebe" testName="FormatToStringTest1000 (42555.01416107594,42555.01 zł)" computerName="DESKTOP-5URQ9PB" duration="00:00:00.0000064" startTime="2022-06-13T21:12:02.1932249+02:00" endTime="2022-06-13T21:12:02.1932982+02:00" testType="13cdc9d9-ddb5-4fa4-a97d-d965ccfc6d4b" outcome="Passed" testListId="8c84fa94-04c1-424b-9868-57a2d4851a1d" relativeResultsDirectory="f16d6085-9d37-4246-bbc0-e0f972a45812" />
    <UnitTestResult executionId="d1ebbf07-1b96-4536-8b94-84561455832c" testId="3773a691-8f5d-4dab-bdf8-8573a94849a2" testName="FormatToStringTest1000 (7975.276658828965,7975.28 zł)" computerName="DESKTOP-5URQ9PB" duration="00:00:00.0000062" startTime="2022-06-13T21:12:02.1508118+02:00" endTime="2022-06-13T21:12:02.1508797+02:00" testType="13cdc9d9-ddb5-4fa4-a97d-d965ccfc6d4b" outcome="Passed" testListId="8c84fa94-04c1-424b-9868-57a2d4851a1d" relativeResultsDirectory="d1ebbf07-1b96-4536-8b94-84561455832c" />
    <UnitTestResult executionId="3950be5b-feea-45d8-ab98-6517555d50b4" testId="35c9f445-39c8-49c4-8d61-90ea322f156d" testName="FormatToStringTest1000 (57237.252356975456,57237.25 zł)" computerName="DESKTOP-5URQ9PB" duration="00:00:00.0000062" startTime="2022-06-13T21:12:02.2783804+02:00" endTime="2022-06-13T21:12:02.2784455+02:00" testType="13cdc9d9-ddb5-4fa4-a97d-d965ccfc6d4b" outcome="Passed" testListId="8c84fa94-04c1-424b-9868-57a2d4851a1d" relativeResultsDirectory="3950be5b-feea-45d8-ab98-6517555d50b4" />
    <UnitTestResult executionId="d6e176ed-d282-4159-ba6f-7a8f652ad965" testId="c0e65dad-1cdc-4d07-a899-e4d6cc464d79" testName="FormatToStringTest1000 (4812.162927013898,4812.16 zł)" computerName="DESKTOP-5URQ9PB" duration="00:00:00.0000065" startTime="2022-06-13T21:12:02.0638701+02:00" endTime="2022-06-13T21:12:02.0639459+02:00" testType="13cdc9d9-ddb5-4fa4-a97d-d965ccfc6d4b" outcome="Passed" testListId="8c84fa94-04c1-424b-9868-57a2d4851a1d" relativeResultsDirectory="d6e176ed-d282-4159-ba6f-7a8f652ad965" />
    <UnitTestResult executionId="d3e46353-aa70-4a16-b753-4553512b0c56" testId="8eecec2f-8d31-4c1d-9c1d-2bd2f5f6c7b1" testName="FormatToStringTest1000 (13503.943645929892,13503.94 zł)" computerName="DESKTOP-5URQ9PB" duration="00:00:00.0000065" startTime="2022-06-13T21:12:01.9963774+02:00" endTime="2022-06-13T21:12:01.9964544+02:00" testType="13cdc9d9-ddb5-4fa4-a97d-d965ccfc6d4b" outcome="Passed" testListId="8c84fa94-04c1-424b-9868-57a2d4851a1d" relativeResultsDirectory="d3e46353-aa70-4a16-b753-4553512b0c56" />
    <UnitTestResult executionId="76a27366-a17a-4af1-ace8-59657d21605c" testId="ae0b8749-748c-4ccc-91f1-436957ee1651" testName="FormatToStringTest1000 (29796.909338079815,29796.91 zł)" computerName="DESKTOP-5URQ9PB" duration="00:00:00.0000099" startTime="2022-06-13T21:12:02.2879625+02:00" endTime="2022-06-13T21:12:02.2880707+02:00" testType="13cdc9d9-ddb5-4fa4-a97d-d965ccfc6d4b" outcome="Passed" testListId="8c84fa94-04c1-424b-9868-57a2d4851a1d" relativeResultsDirectory="76a27366-a17a-4af1-ace8-59657d21605c" />
    <UnitTestResult executionId="6811fef0-a399-4f3a-9fc8-b9b4a9c4d36a" testId="08d34e31-a337-4f70-8564-719a5d5f2605" testName="FormatToStringTest1000 (19933.78650940945,19933.79 zł)" computerName="DESKTOP-5URQ9PB" duration="00:00:00.0000062" startTime="2022-06-13T21:12:02.2680585+02:00" endTime="2022-06-13T21:12:02.2681229+02:00" testType="13cdc9d9-ddb5-4fa4-a97d-d965ccfc6d4b" outcome="Passed" testListId="8c84fa94-04c1-424b-9868-57a2d4851a1d" relativeResultsDirectory="6811fef0-a399-4f3a-9fc8-b9b4a9c4d36a" />
    <UnitTestResult executionId="52067c23-675d-4045-9c24-21c517f5d177" testId="d8a5592b-79c0-4070-b261-470dfd6762b6" testName="FormatToStringTest1000 (31163.834562352316,31163.83 zł)" computerName="DESKTOP-5URQ9PB" duration="00:00:00.0000064" startTime="2022-06-13T21:12:02.2363667+02:00" endTime="2022-06-13T21:12:02.2364321+02:00" testType="13cdc9d9-ddb5-4fa4-a97d-d965ccfc6d4b" outcome="Passed" testListId="8c84fa94-04c1-424b-9868-57a2d4851a1d" relativeResultsDirectory="52067c23-675d-4045-9c24-21c517f5d177" />
    <UnitTestResult executionId="f370d770-0db4-4704-abf7-fdccf765e96e" testId="cf0614b2-7acc-4fc8-bd6a-fa377f7b5d41" testName="FormatToStringTest1000 (37561.969571757116,37561.97 zł)" computerName="DESKTOP-5URQ9PB" duration="00:00:00.0000065" startTime="2022-06-13T21:12:02.0974089+02:00" endTime="2022-06-13T21:12:02.0974822+02:00" testType="13cdc9d9-ddb5-4fa4-a97d-d965ccfc6d4b" outcome="Passed" testListId="8c84fa94-04c1-424b-9868-57a2d4851a1d" relativeResultsDirectory="f370d770-0db4-4704-abf7-fdccf765e96e" />
    <UnitTestResult executionId="2fc332a5-e82c-4910-93cc-6b5edf15de9b" testId="12fd8f5a-c8ec-48cf-b0d4-9efaa9a7dd63" testName="FormatToStringTest1000 (2897.9775426620513,2897.98 zł)" computerName="DESKTOP-5URQ9PB" duration="00:00:00.0000060" startTime="2022-06-13T21:12:02.2304544+02:00" endTime="2022-06-13T21:12:02.2305195+02:00" testType="13cdc9d9-ddb5-4fa4-a97d-d965ccfc6d4b" outcome="Passed" testListId="8c84fa94-04c1-424b-9868-57a2d4851a1d" relativeResultsDirectory="2fc332a5-e82c-4910-93cc-6b5edf15de9b" />
    <UnitTestResult executionId="690b8ac0-a9d8-4ee4-b1a4-3e92533414f2" testId="915e9dc4-9021-4ab6-9f66-e0649c9d8c5a" testName="FormatToStringTest1000 (29917.15005391145,29917.15 zł)" computerName="DESKTOP-5URQ9PB" duration="00:00:00.0000064" startTime="2022-06-13T21:12:02.2207192+02:00" endTime="2022-06-13T21:12:02.2207908+02:00" testType="13cdc9d9-ddb5-4fa4-a97d-d965ccfc6d4b" outcome="Passed" testListId="8c84fa94-04c1-424b-9868-57a2d4851a1d" relativeResultsDirectory="690b8ac0-a9d8-4ee4-b1a4-3e92533414f2" />
    <UnitTestResult executionId="a26693dd-6c2a-4785-ac25-2b53c601b083" testId="ca13a67a-e091-45ef-af0a-88406dd7108f" testName="FormatToStringTest1000 (4715.320654313695,4715.32 zł)" computerName="DESKTOP-5URQ9PB" duration="00:00:00.0000062" startTime="2022-06-13T21:12:02.1913225+02:00" endTime="2022-06-13T21:12:02.1913902+02:00" testType="13cdc9d9-ddb5-4fa4-a97d-d965ccfc6d4b" outcome="Passed" testListId="8c84fa94-04c1-424b-9868-57a2d4851a1d" relativeResultsDirectory="a26693dd-6c2a-4785-ac25-2b53c601b083" />
    <UnitTestResult executionId="c67f7353-edb6-4c06-8f37-ea68e26399ba" testId="08af24ad-b3ce-47d6-b260-3fb1fdd96dd3" testName="FormatToStringTest1000 (47431.868885526375,47431.87 zł)" computerName="DESKTOP-5URQ9PB" duration="00:00:00.0000065" startTime="2022-06-13T21:12:02.1615613+02:00" endTime="2022-06-13T21:12:02.1616327+02:00" testType="13cdc9d9-ddb5-4fa4-a97d-d965ccfc6d4b" outcome="Passed" testListId="8c84fa94-04c1-424b-9868-57a2d4851a1d" relativeResultsDirectory="c67f7353-edb6-4c06-8f37-ea68e26399ba" />
    <UnitTestResult executionId="309405c0-d986-4aa5-9935-257dc53c459e" testId="dffe7862-badd-4ad8-991a-8d59b40be895" testName="FormatToStringTest1000 (45603.90324273142,45603.90 zł)" computerName="DESKTOP-5URQ9PB" duration="00:00:00.0000062" startTime="2022-06-13T21:12:01.9537226+02:00" endTime="2022-06-13T21:12:01.9537915+02:00" testType="13cdc9d9-ddb5-4fa4-a97d-d965ccfc6d4b" outcome="Passed" testListId="8c84fa94-04c1-424b-9868-57a2d4851a1d" relativeResultsDirectory="309405c0-d986-4aa5-9935-257dc53c459e" />
    <UnitTestResult executionId="d27a6f00-3e0a-43b1-8b52-7a3981755ce5" testId="57edb86a-67b6-4f0e-a5a7-3a2c4015dce4" testName="FormatToStringTest1000 (10511.7304983189,10511.73 zł)" computerName="DESKTOP-5URQ9PB" duration="00:00:00.0000067" startTime="2022-06-13T21:12:02.0971237+02:00" endTime="2022-06-13T21:12:02.0971985+02:00" testType="13cdc9d9-ddb5-4fa4-a97d-d965ccfc6d4b" outcome="Passed" testListId="8c84fa94-04c1-424b-9868-57a2d4851a1d" relativeResultsDirectory="d27a6f00-3e0a-43b1-8b52-7a3981755ce5" />
    <UnitTestResult executionId="cee8ec2a-bf10-4e80-8d49-fdbd70157f5d" testId="62a029de-9add-4b41-a709-724f596906d0" testName="FormatToStringTest1000 (19363.881840787773,19363.88 zł)" computerName="DESKTOP-5URQ9PB" duration="00:00:00.0000063" startTime="2022-06-13T21:12:02.2184708+02:00" endTime="2022-06-13T21:12:02.2185367+02:00" testType="13cdc9d9-ddb5-4fa4-a97d-d965ccfc6d4b" outcome="Passed" testListId="8c84fa94-04c1-424b-9868-57a2d4851a1d" relativeResultsDirectory="cee8ec2a-bf10-4e80-8d49-fdbd70157f5d" />
    <UnitTestResult executionId="ee8317cf-54df-41f6-bbc7-d0b2d9f03303" testId="055e4ebd-678a-4b55-bdf3-6255f0bff5a0" testName="FormatToStringTest1000 (16037.01783290087,16037.02 zł)" computerName="DESKTOP-5URQ9PB" duration="00:00:00.0000061" startTime="2022-06-13T21:12:02.2859604+02:00" endTime="2022-06-13T21:12:02.2860266+02:00" testType="13cdc9d9-ddb5-4fa4-a97d-d965ccfc6d4b" outcome="Passed" testListId="8c84fa94-04c1-424b-9868-57a2d4851a1d" relativeResultsDirectory="ee8317cf-54df-41f6-bbc7-d0b2d9f03303" />
    <UnitTestResult executionId="f4c4dcb9-9b11-48e9-b08c-260f2b8afa67" testId="35250efb-9dc4-4c1a-9914-1cf08ded69a0" testName="FormatToStringTest1000 (10370.0107542784,10370.01 zł)" computerName="DESKTOP-5URQ9PB" duration="00:00:00.0000074" startTime="2022-06-13T21:12:02.1440869+02:00" endTime="2022-06-13T21:12:02.1441671+02:00" testType="13cdc9d9-ddb5-4fa4-a97d-d965ccfc6d4b" outcome="Passed" testListId="8c84fa94-04c1-424b-9868-57a2d4851a1d" relativeResultsDirectory="f4c4dcb9-9b11-48e9-b08c-260f2b8afa67" />
    <UnitTestResult executionId="aad9b76c-9bb9-4b22-bdb5-c41994b07a37" testId="99bdc7f3-a58c-467a-9782-36d9d55ae733" testName="FormatToStringTest1000 (6550.421588937948,6550.42 zł)" computerName="DESKTOP-5URQ9PB" duration="00:00:00.0000061" startTime="2022-06-13T21:12:02.2505357+02:00" endTime="2022-06-13T21:12:02.2505999+02:00" testType="13cdc9d9-ddb5-4fa4-a97d-d965ccfc6d4b" outcome="Passed" testListId="8c84fa94-04c1-424b-9868-57a2d4851a1d" relativeResultsDirectory="aad9b76c-9bb9-4b22-bdb5-c41994b07a37" />
    <UnitTestResult executionId="1494ab3c-f74f-42d6-b93b-6278e184006d" testId="24e23fa0-b7fa-4083-9a68-7e42afef0872" testName="FormatToStringTest1000 (9196.579612724754,9196.58 zł)" computerName="DESKTOP-5URQ9PB" duration="00:00:00.0000061" startTime="2022-06-13T21:12:02.1620793+02:00" endTime="2022-06-13T21:12:02.1621469+02:00" testType="13cdc9d9-ddb5-4fa4-a97d-d965ccfc6d4b" outcome="Passed" testListId="8c84fa94-04c1-424b-9868-57a2d4851a1d" relativeResultsDirectory="1494ab3c-f74f-42d6-b93b-6278e184006d" />
    <UnitTestResult executionId="61d72cb8-c128-4e0f-ae17-e2292da78a6b" testId="5eaa6e65-9947-46b8-b496-ff3469e93e40" testName="FormatToStringTest1000 (6105.007054037418,6105.01 zł)" computerName="DESKTOP-5URQ9PB" duration="00:00:00.0000069" startTime="2022-06-13T21:12:02.2037646+02:00" endTime="2022-06-13T21:12:02.2038314+02:00" testType="13cdc9d9-ddb5-4fa4-a97d-d965ccfc6d4b" outcome="Passed" testListId="8c84fa94-04c1-424b-9868-57a2d4851a1d" relativeResultsDirectory="61d72cb8-c128-4e0f-ae17-e2292da78a6b" />
    <UnitTestResult executionId="5f068a93-ef1a-4351-a2f8-7ceedb1b8bb4" testId="b9f3295b-e2af-454f-bd51-58277b1b0447" testName="FormatToStringTest1000 (12871.381729632794,12871.38 zł)" computerName="DESKTOP-5URQ9PB" duration="00:00:00.0000064" startTime="2022-06-13T21:12:02.0450656+02:00" endTime="2022-06-13T21:12:02.0451327+02:00" testType="13cdc9d9-ddb5-4fa4-a97d-d965ccfc6d4b" outcome="Passed" testListId="8c84fa94-04c1-424b-9868-57a2d4851a1d" relativeResultsDirectory="5f068a93-ef1a-4351-a2f8-7ceedb1b8bb4" />
    <UnitTestResult executionId="3a9b86d6-fa61-4e9d-80b2-c44d84086ec3" testId="7ef64f16-26bd-487d-b309-5ff251f399fe" testName="FormatToStringTest1000 (7715.904444139406,7715.90 zł)" computerName="DESKTOP-5URQ9PB" duration="00:00:00.0000062" startTime="2022-06-13T21:12:02.1349406+02:00" endTime="2022-06-13T21:12:02.1350070+02:00" testType="13cdc9d9-ddb5-4fa4-a97d-d965ccfc6d4b" outcome="Passed" testListId="8c84fa94-04c1-424b-9868-57a2d4851a1d" relativeResultsDirectory="3a9b86d6-fa61-4e9d-80b2-c44d84086ec3" />
    <UnitTestResult executionId="f861d3fa-56c8-46e6-949e-f64d133f9d25" testId="a1431160-1327-44e0-b7da-e7cc28afd9e7" testName="FormatToStringTest1000 (4002.4180488374172,4002.42 zł)" computerName="DESKTOP-5URQ9PB" duration="00:00:00.0000062" startTime="2022-06-13T21:12:02.2659917+02:00" endTime="2022-06-13T21:12:02.2660565+02:00" testType="13cdc9d9-ddb5-4fa4-a97d-d965ccfc6d4b" outcome="Passed" testListId="8c84fa94-04c1-424b-9868-57a2d4851a1d" relativeResultsDirectory="f861d3fa-56c8-46e6-949e-f64d133f9d25" />
    <UnitTestResult executionId="20a553b4-66d7-4877-a496-07c885df020d" testId="d5c4c3b8-20e6-4f88-8e74-6dce95831b4c" testName="FormatToStringTest1000 (54678.59301593089,54678.59 zł)" computerName="DESKTOP-5URQ9PB" duration="00:00:00.0000067" startTime="2022-06-13T21:12:02.2308592+02:00" endTime="2022-06-13T21:12:02.2309239+02:00" testType="13cdc9d9-ddb5-4fa4-a97d-d965ccfc6d4b" outcome="Passed" testListId="8c84fa94-04c1-424b-9868-57a2d4851a1d" relativeResultsDirectory="20a553b4-66d7-4877-a496-07c885df020d" />
    <UnitTestResult executionId="65c889ef-63e2-473d-b698-aa4f9265a0d2" testId="4d1143ba-357a-4bb8-bf3f-ece0a8dca1b2" testName="FormatToStringTest1000 (11989.099505855282,11989.10 zł)" computerName="DESKTOP-5URQ9PB" duration="00:00:00.0000062" startTime="2022-06-13T21:12:02.2903144+02:00" endTime="2022-06-13T21:12:02.2903799+02:00" testType="13cdc9d9-ddb5-4fa4-a97d-d965ccfc6d4b" outcome="Passed" testListId="8c84fa94-04c1-424b-9868-57a2d4851a1d" relativeResultsDirectory="65c889ef-63e2-473d-b698-aa4f9265a0d2" />
    <UnitTestResult executionId="571aa730-951d-4ea9-8588-0c029c09781f" testId="5a74179c-6967-4441-af66-13043a57eefe" testName="FormatToStringTest1000 (3274.481392617096,3274.48 zł)" computerName="DESKTOP-5URQ9PB" duration="00:00:00.0000072" startTime="2022-06-13T21:12:02.2054843+02:00" endTime="2022-06-13T21:12:02.2055772+02:00" testType="13cdc9d9-ddb5-4fa4-a97d-d965ccfc6d4b" outcome="Passed" testListId="8c84fa94-04c1-424b-9868-57a2d4851a1d" relativeResultsDirectory="571aa730-951d-4ea9-8588-0c029c09781f" />
    <UnitTestResult executionId="e43855bd-edd9-4c95-92b6-3ffe2123e27d" testId="e473ae57-ca40-4422-b21d-195e1fd2b611" testName="FormatToStringTest1000 (41972.39431566763,41972.39 zł)" computerName="DESKTOP-5URQ9PB" duration="00:00:00.0000091" startTime="2022-06-13T21:12:02.1311434+02:00" endTime="2022-06-13T21:12:02.1312581+02:00" testType="13cdc9d9-ddb5-4fa4-a97d-d965ccfc6d4b" outcome="Passed" testListId="8c84fa94-04c1-424b-9868-57a2d4851a1d" relativeResultsDirectory="e43855bd-edd9-4c95-92b6-3ffe2123e27d" />
    <UnitTestResult executionId="65ee5f53-1352-47d1-989a-959ba63f485b" testId="00c03b00-4ce6-4455-b34b-146d713e53f0" testName="FormatToStringTest1000 (11.555284778846096,11.56 zł)" computerName="DESKTOP-5URQ9PB" duration="00:00:00.0000062" startTime="2022-06-13T21:12:02.2547254+02:00" endTime="2022-06-13T21:12:02.2547904+02:00" testType="13cdc9d9-ddb5-4fa4-a97d-d965ccfc6d4b" outcome="Passed" testListId="8c84fa94-04c1-424b-9868-57a2d4851a1d" relativeResultsDirectory="65ee5f53-1352-47d1-989a-959ba63f485b" />
    <UnitTestResult executionId="200ffd31-9b31-4301-84f2-ca0d5974c576" testId="ddcb5cd8-42f7-4ab8-b08d-b2b345a54945" testName="FormatToStringTest1000 (18340.8953197882,18340.90 zł)" computerName="DESKTOP-5URQ9PB" duration="00:00:00.0000074" startTime="2022-06-13T21:12:02.2695580+02:00" endTime="2022-06-13T21:12:02.2696366+02:00" testType="13cdc9d9-ddb5-4fa4-a97d-d965ccfc6d4b" outcome="Passed" testListId="8c84fa94-04c1-424b-9868-57a2d4851a1d" relativeResultsDirectory="200ffd31-9b31-4301-84f2-ca0d5974c576" />
    <UnitTestResult executionId="f1cce31c-ef91-453b-baba-59ecc83b38aa" testId="0bf9b333-bf7b-4963-b60e-a94e3f61da3a" testName="FormatToStringTest1000 (10857.521742201186,10857.52 zł)" computerName="DESKTOP-5URQ9PB" duration="00:00:00.0000106" startTime="2022-06-13T21:12:02.2408085+02:00" endTime="2022-06-13T21:12:02.2409087+02:00" testType="13cdc9d9-ddb5-4fa4-a97d-d965ccfc6d4b" outcome="Passed" testListId="8c84fa94-04c1-424b-9868-57a2d4851a1d" relativeResultsDirectory="f1cce31c-ef91-453b-baba-59ecc83b38aa" />
    <UnitTestResult executionId="25721061-735c-415f-b90c-bfa5e5aca1bb" testId="96e86200-db07-4636-854d-ed1ffc8ac2e4" testName="FormatToStringTest1000 (32213.734885384205,32213.73 zł)" computerName="DESKTOP-5URQ9PB" duration="00:00:00.0000065" startTime="2022-06-13T21:12:02.2240717+02:00" endTime="2022-06-13T21:12:02.2241394+02:00" testType="13cdc9d9-ddb5-4fa4-a97d-d965ccfc6d4b" outcome="Passed" testListId="8c84fa94-04c1-424b-9868-57a2d4851a1d" relativeResultsDirectory="25721061-735c-415f-b90c-bfa5e5aca1bb" />
    <UnitTestResult executionId="ed218278-7155-4fa4-ac69-5484daaa2857" testId="fb1054b5-75c9-4028-9fb8-2b719b8ff64a" testName="FormatToStringTest1000 (3092.9215945624383,3092.92 zł)" computerName="DESKTOP-5URQ9PB" duration="00:00:00.0000269" startTime="2022-06-13T21:12:02.1876609+02:00" endTime="2022-06-13T21:12:02.1878359+02:00" testType="13cdc9d9-ddb5-4fa4-a97d-d965ccfc6d4b" outcome="Passed" testListId="8c84fa94-04c1-424b-9868-57a2d4851a1d" relativeResultsDirectory="ed218278-7155-4fa4-ac69-5484daaa2857" />
    <UnitTestResult executionId="0480d4d1-6f56-4c1a-a72f-f69099357332" testId="82f7a44b-1611-4313-b9c4-90bff99134fb" testName="FormatToStringTest1000 (1751.1734380625066,1751.17 zł)" computerName="DESKTOP-5URQ9PB" duration="00:00:00.0000061" startTime="2022-06-13T21:12:02.2324553+02:00" endTime="2022-06-13T21:12:02.2325203+02:00" testType="13cdc9d9-ddb5-4fa4-a97d-d965ccfc6d4b" outcome="Passed" testListId="8c84fa94-04c1-424b-9868-57a2d4851a1d" relativeResultsDirectory="0480d4d1-6f56-4c1a-a72f-f69099357332" />
    <UnitTestResult executionId="9a327625-3c00-4273-99ab-9068c858ecd1" testId="2916b22d-2b74-46a0-8933-828bb2a9246c" testName="FormatToStringTest1000 (38803.03958246253,38803.04 zł)" computerName="DESKTOP-5URQ9PB" duration="00:00:00.0000067" startTime="2022-06-13T21:12:02.0413701+02:00" endTime="2022-06-13T21:12:02.0414408+02:00" testType="13cdc9d9-ddb5-4fa4-a97d-d965ccfc6d4b" outcome="Passed" testListId="8c84fa94-04c1-424b-9868-57a2d4851a1d" relativeResultsDirectory="9a327625-3c00-4273-99ab-9068c858ecd1" />
    <UnitTestResult executionId="1b691fd3-0e83-47e6-bef5-49a6a9fdb26a" testId="25554797-4f79-49b7-8130-b47d676a1286" testName="FormatToStringTest1000 (17835.54606576988,17835.55 zł)" computerName="DESKTOP-5URQ9PB" duration="00:00:00.0000062" startTime="2022-06-13T21:12:01.9999525+02:00" endTime="2022-06-13T21:12:02.0000200+02:00" testType="13cdc9d9-ddb5-4fa4-a97d-d965ccfc6d4b" outcome="Passed" testListId="8c84fa94-04c1-424b-9868-57a2d4851a1d" relativeResultsDirectory="1b691fd3-0e83-47e6-bef5-49a6a9fdb26a" />
    <UnitTestResult executionId="22de2f2e-e848-45b6-818c-4b9a578a7a67" testId="b700e2fb-1037-4503-b789-8d6dd3dc3e7d" testName="FormatToStringTest1000 (29417.800422138444,29417.80 zł)" computerName="DESKTOP-5URQ9PB" duration="00:00:00.0000105" startTime="2022-06-13T21:12:02.0481624+02:00" endTime="2022-06-13T21:12:02.0482334+02:00" testType="13cdc9d9-ddb5-4fa4-a97d-d965ccfc6d4b" outcome="Passed" testListId="8c84fa94-04c1-424b-9868-57a2d4851a1d" relativeResultsDirectory="22de2f2e-e848-45b6-818c-4b9a578a7a67" />
    <UnitTestResult executionId="8208bc9c-4752-4bee-b9a3-456aa2b5418a" testId="aabf744c-2581-4e80-810d-47bdbc3287ac" testName="FormatToStringTest1000 (36893.66238331593,36893.66 zł)" computerName="DESKTOP-5URQ9PB" duration="00:00:00.0000062" startTime="2022-06-13T21:12:02.2460503+02:00" endTime="2022-06-13T21:12:02.2461177+02:00" testType="13cdc9d9-ddb5-4fa4-a97d-d965ccfc6d4b" outcome="Passed" testListId="8c84fa94-04c1-424b-9868-57a2d4851a1d" relativeResultsDirectory="8208bc9c-4752-4bee-b9a3-456aa2b5418a" />
    <UnitTestResult executionId="9e0a3b72-700e-4d23-a230-866b3f48328b" testId="d8080937-d5e9-4f81-a4e9-2125df3389b2" testName="FormatToStringTest1000 (25908.345463821825,25908.35 zł)" computerName="DESKTOP-5URQ9PB" duration="00:00:00.0000064" startTime="2022-06-13T21:12:02.2147513+02:00" endTime="2022-06-13T21:12:02.2148181+02:00" testType="13cdc9d9-ddb5-4fa4-a97d-d965ccfc6d4b" outcome="Passed" testListId="8c84fa94-04c1-424b-9868-57a2d4851a1d" relativeResultsDirectory="9e0a3b72-700e-4d23-a230-866b3f48328b" />
    <UnitTestResult executionId="fd6522c3-ae5d-4655-8854-2632615cdde0" testId="17d8a753-931c-498f-9484-5a44990a82dd" testName="FormatToStringTest1000 (62975.496334776515,62975.50 zł)" computerName="DESKTOP-5URQ9PB" duration="00:00:00.0000093" startTime="2022-06-13T21:12:01.9882060+02:00" endTime="2022-06-13T21:12:01.9883224+02:00" testType="13cdc9d9-ddb5-4fa4-a97d-d965ccfc6d4b" outcome="Passed" testListId="8c84fa94-04c1-424b-9868-57a2d4851a1d" relativeResultsDirectory="fd6522c3-ae5d-4655-8854-2632615cdde0" />
    <UnitTestResult executionId="1be11c2b-95ce-4dc9-9963-b65b94a53734" testId="c226e268-a841-48a7-ad83-8d1c43ca1135" testName="FormatToStringTest1000 (38640.62766693003,38640.63 zł)" computerName="DESKTOP-5URQ9PB" duration="00:00:00.0000065" startTime="2022-06-13T21:12:01.9573709+02:00" endTime="2022-06-13T21:12:01.9574394+02:00" testType="13cdc9d9-ddb5-4fa4-a97d-d965ccfc6d4b" outcome="Passed" testListId="8c84fa94-04c1-424b-9868-57a2d4851a1d" relativeResultsDirectory="1be11c2b-95ce-4dc9-9963-b65b94a53734" />
    <UnitTestResult executionId="c9bcd9b0-8649-46b0-b1b1-76422ca720aa" testId="90092835-d720-4075-9f37-604864bbf1ec" testName="FormatToStringTest1000 (8697.074631143862,8697.07 zł)" computerName="DESKTOP-5URQ9PB" duration="00:00:00.0000073" startTime="2022-06-13T21:12:02.0966410+02:00" endTime="2022-06-13T21:12:02.0967294+02:00" testType="13cdc9d9-ddb5-4fa4-a97d-d965ccfc6d4b" outcome="Passed" testListId="8c84fa94-04c1-424b-9868-57a2d4851a1d" relativeResultsDirectory="c9bcd9b0-8649-46b0-b1b1-76422ca720aa" />
    <UnitTestResult executionId="0d7ead16-cade-40dc-86e0-155f0d3de444" testId="07712a72-6e67-4d7b-ac8e-25e0b7a89951" testName="FormatToStringTest1000 (2951.2722077329045,2951.27 zł)" computerName="DESKTOP-5URQ9PB" duration="00:00:00.0000064" startTime="2022-06-13T21:12:02.0374986+02:00" endTime="2022-06-13T21:12:02.0375656+02:00" testType="13cdc9d9-ddb5-4fa4-a97d-d965ccfc6d4b" outcome="Passed" testListId="8c84fa94-04c1-424b-9868-57a2d4851a1d" relativeResultsDirectory="0d7ead16-cade-40dc-86e0-155f0d3de444" />
    <UnitTestResult executionId="5ae8043d-398d-477b-b99f-7a5f08e27bb3" testId="f88801a9-c735-46b8-96bc-0acd76344363" testName="FormatToStringTest1000 (13844.577623300524,13844.58 zł)" computerName="DESKTOP-5URQ9PB" duration="00:00:00.0000065" startTime="2022-06-13T21:12:02.0476559+02:00" endTime="2022-06-13T21:12:02.0477242+02:00" testType="13cdc9d9-ddb5-4fa4-a97d-d965ccfc6d4b" outcome="Passed" testListId="8c84fa94-04c1-424b-9868-57a2d4851a1d" relativeResultsDirectory="5ae8043d-398d-477b-b99f-7a5f08e27bb3" />
  </Results>
  <TestDefinitions>
    <UnitTest name="FormatToStringTest1000 (52020.805412759444,52020.81 zł)" storage="c:\projekty\mstestproject\bin\debug\netcoreapp3.1\mstestproject.dll" id="39264b37-ccf0-46e3-82bd-35ee7ae34e02">
      <TestCategory>
        <TestCategoryItem TestCategory="Category1000" />
      </TestCategory>
      <Execution id="f774f6b5-20ce-4216-93bb-9ffdd4bf2379" />
      <TestMethod codeBase="C:\Projekty\MSTestProject\bin\Debug\netcoreapp3.1\MSTestProject.dll" adapterTypeName="executor://mstestadapter/v2" className="TwojeWesele.Services.Helpers.Tests.CurrencyHelperTests" name="FormatToStringTest1000" />
    </UnitTest>
    <UnitTest name="FormatToStringTest1000 (6323.24079469882,6323.24 zł)" storage="c:\projekty\mstestproject\bin\debug\netcoreapp3.1\mstestproject.dll" id="d648aecb-314c-4ae4-a983-438259c60d5b">
      <TestCategory>
        <TestCategoryItem TestCategory="Category1000" />
      </TestCategory>
      <Execution id="43f94596-96db-4517-80f3-c1e22839fab9" />
      <TestMethod codeBase="C:\Projekty\MSTestProject\bin\Debug\netcoreapp3.1\MSTestProject.dll" adapterTypeName="executor://mstestadapter/v2" className="TwojeWesele.Services.Helpers.Tests.CurrencyHelperTests" name="FormatToStringTest1000" />
    </UnitTest>
    <UnitTest name="FormatToStringTest1000 (19882.647973500494,19882.65 zł)" storage="c:\projekty\mstestproject\bin\debug\netcoreapp3.1\mstestproject.dll" id="00ff764d-3bb9-48ea-9035-e3ce1cf989a1">
      <TestCategory>
        <TestCategoryItem TestCategory="Category1000" />
      </TestCategory>
      <Execution id="80140337-bc45-4f8b-9b73-5f53c475a879" />
      <TestMethod codeBase="C:\Projekty\MSTestProject\bin\Debug\netcoreapp3.1\MSTestProject.dll" adapterTypeName="executor://mstestadapter/v2" className="TwojeWesele.Services.Helpers.Tests.CurrencyHelperTests" name="FormatToStringTest1000" />
    </UnitTest>
    <UnitTest name="FormatToStringTest1000 (50507.0104155615,50507.01 zł)" storage="c:\projekty\mstestproject\bin\debug\netcoreapp3.1\mstestproject.dll" id="18bb7e1d-cb12-4f11-a944-1582893adf02">
      <TestCategory>
        <TestCategoryItem TestCategory="Category1000" />
      </TestCategory>
      <Execution id="6c9104a1-d6b8-4fdb-861a-7b25642437dd" />
      <TestMethod codeBase="C:\Projekty\MSTestProject\bin\Debug\netcoreapp3.1\MSTestProject.dll" adapterTypeName="executor://mstestadapter/v2" className="TwojeWesele.Services.Helpers.Tests.CurrencyHelperTests" name="FormatToStringTest1000" />
    </UnitTest>
    <UnitTest name="FormatToStringTest1000 (3649.9254912836127,3649.93 zł)" storage="c:\projekty\mstestproject\bin\debug\netcoreapp3.1\mstestproject.dll" id="59f646ea-d774-4e8f-b6dc-416b015cc1a2">
      <TestCategory>
        <TestCategoryItem TestCategory="Category1000" />
      </TestCategory>
      <Execution id="873b1b5c-b3e4-475a-b66f-3d1cbf6230e6" />
      <TestMethod codeBase="C:\Projekty\MSTestProject\bin\Debug\netcoreapp3.1\MSTestProject.dll" adapterTypeName="executor://mstestadapter/v2" className="TwojeWesele.Services.Helpers.Tests.CurrencyHelperTests" name="FormatToStringTest1000" />
    </UnitTest>
    <UnitTest name="FormatToStringTest1000 (48428.38681602682,48428.39 zł)" storage="c:\projekty\mstestproject\bin\debug\netcoreapp3.1\mstestproject.dll" id="1c388926-ae72-48f0-9db0-73c1ed4235c6">
      <TestCategory>
        <TestCategoryItem TestCategory="Category1000" />
      </TestCategory>
      <Execution id="172a065a-0415-4f3b-ac9b-592a92621382" />
      <TestMethod codeBase="C:\Projekty\MSTestProject\bin\Debug\netcoreapp3.1\MSTestProject.dll" adapterTypeName="executor://mstestadapter/v2" className="TwojeWesele.Services.Helpers.Tests.CurrencyHelperTests" name="FormatToStringTest1000" />
    </UnitTest>
    <UnitTest name="FormatToStringTest1000 (15907.394871033446,15907.39 zł)" storage="c:\projekty\mstestproject\bin\debug\netcoreapp3.1\mstestproject.dll" id="1f8fdf83-e047-44c6-bffd-b8715f545cbd">
      <TestCategory>
        <TestCategoryItem TestCategory="Category1000" />
      </TestCategory>
      <Execution id="a4c2bbd2-718b-4b38-80d8-db17c67cbf89" />
      <TestMethod codeBase="C:\Projekty\MSTestProject\bin\Debug\netcoreapp3.1\MSTestProject.dll" adapterTypeName="executor://mstestadapter/v2" className="TwojeWesele.Services.Helpers.Tests.CurrencyHelperTests" name="FormatToStringTest1000" />
    </UnitTest>
    <UnitTest name="FormatToStringTest1000 (51503.82905738234,51503.83 zł)" storage="c:\projekty\mstestproject\bin\debug\netcoreapp3.1\mstestproject.dll" id="19a5a6e6-4f57-4bb6-97d3-9ec997071c3e">
      <TestCategory>
        <TestCategoryItem TestCategory="Category1000" />
      </TestCategory>
      <Execution id="afb3524d-e8aa-4ee8-abb9-0d3f92366ea7" />
      <TestMethod codeBase="C:\Projekty\MSTestProject\bin\Debug\netcoreapp3.1\MSTestProject.dll" adapterTypeName="executor://mstestadapter/v2" className="TwojeWesele.Services.Helpers.Tests.CurrencyHelperTests" name="FormatToStringTest1000" />
    </UnitTest>
    <UnitTest name="FormatToStringTest1000 (19873.59831658453,19873.60 zł)" storage="c:\projekty\mstestproject\bin\debug\netcoreapp3.1\mstestproject.dll" id="ab468f55-7643-48be-a7b9-fea904f24644">
      <TestCategory>
        <TestCategoryItem TestCategory="Category1000" />
      </TestCategory>
      <Execution id="d8ae1ad0-626a-4fe5-9f5d-5fa1cd70416d" />
      <TestMethod codeBase="C:\Projekty\MSTestProject\bin\Debug\netcoreapp3.1\MSTestProject.dll" adapterTypeName="executor://mstestadapter/v2" className="TwojeWesele.Services.Helpers.Tests.CurrencyHelperTests" name="FormatToStringTest1000" />
    </UnitTest>
    <UnitTest name="FormatToStringTest1000 (46898.00219497783,46898.00 zł)" storage="c:\projekty\mstestproject\bin\debug\netcoreapp3.1\mstestproject.dll" id="6b7f3f95-5278-49ca-a2cd-9477a2c5baee">
      <TestCategory>
        <TestCategoryItem TestCategory="Category1000" />
      </TestCategory>
      <Execution id="5c8ffee0-89e4-4e42-9a27-aec4698f5d55" />
      <TestMethod codeBase="C:\Projekty\MSTestProject\bin\Debug\netcoreapp3.1\MSTestProject.dll" adapterTypeName="executor://mstestadapter/v2" className="TwojeWesele.Services.Helpers.Tests.CurrencyHelperTests" name="FormatToStringTest1000" />
    </UnitTest>
    <UnitTest name="FormatToStringTest1000 (24137.016609529506,24137.02 zł)" storage="c:\projekty\mstestproject\bin\debug\netcoreapp3.1\mstestproject.dll" id="b0188344-4778-4bed-886a-5762f21892b1">
      <TestCategory>
        <TestCategoryItem TestCategory="Category1000" />
      </TestCategory>
      <Execution id="5c9971da-034f-4537-901d-a6dd20bbcca2" />
      <TestMethod codeBase="C:\Projekty\MSTestProject\bin\Debug\netcoreapp3.1\MSTestProject.dll" adapterTypeName="executor://mstestadapter/v2" className="TwojeWesele.Services.Helpers.Tests.CurrencyHelperTests" name="FormatToStringTest1000" />
    </UnitTest>
    <UnitTest name="FormatToStringTest1000 (56286.70397975702,56286.70 zł)" storage="c:\projekty\mstestproject\bin\debug\netcoreapp3.1\mstestproject.dll" id="0d957147-b9f8-4351-8d36-755ba423bf8d">
      <TestCategory>
        <TestCategoryItem TestCategory="Category1000" />
      </TestCategory>
      <Execution id="b3ca75aa-c26f-4e9b-9382-a1b04b7bbeb1" />
      <TestMethod codeBase="C:\Projekty\MSTestProject\bin\Debug\netcoreapp3.1\MSTestProject.dll" adapterTypeName="executor://mstestadapter/v2" className="TwojeWesele.Services.Helpers.Tests.CurrencyHelperTests" name="FormatToStringTest1000" />
    </UnitTest>
    <UnitTest name="FormatToStringTest1000 (47630.39193684067,47630.39 zł)" storage="c:\projekty\mstestproject\bin\debug\netcoreapp3.1\mstestproject.dll" id="f1f5b119-e05e-4385-8c1d-2e833f0ec53b">
      <TestCategory>
        <TestCategoryItem TestCategory="Category1000" />
      </TestCategory>
      <Execution id="0a6effb5-c18a-49c5-bab5-52c4bae8d0ed" />
      <TestMethod codeBase="C:\Projekty\MSTestProject\bin\Debug\netcoreapp3.1\MSTestProject.dll" adapterTypeName="executor://mstestadapter/v2" className="TwojeWesele.Services.Helpers.Tests.CurrencyHelperTests" name="FormatToStringTest1000" />
    </UnitTest>
    <UnitTest name="FormatToStringTest1000 (23789.556920184546,23789.56 zł)" storage="c:\projekty\mstestproject\bin\debug\netcoreapp3.1\mstestproject.dll" id="48552515-a847-4f2c-a82f-dccec133bd8a">
      <TestCategory>
        <TestCategoryItem TestCategory="Category1000" />
      </TestCategory>
      <Execution id="1745fa49-4b56-4b3e-896b-1f22f409dc7e" />
      <TestMethod codeBase="C:\Projekty\MSTestProject\bin\Debug\netcoreapp3.1\MSTestProject.dll" adapterTypeName="executor://mstestadapter/v2" className="TwojeWesele.Services.Helpers.Tests.CurrencyHelperTests" name="FormatToStringTest1000" />
    </UnitTest>
    <UnitTest name="FormatToStringTest1000 (56373.35086238494,56373.35 zł)" storage="c:\projekty\mstestproject\bin\debug\netcoreapp3.1\mstestproject.dll" id="c1fd5630-76ca-481a-b45b-13df0c047387">
      <TestCategory>
        <TestCategoryItem TestCategory="Category1000" />
      </TestCategory>
      <Execution id="73848e8e-8ee6-40c8-88a5-0c0cda269b79" />
      <TestMethod codeBase="C:\Projekty\MSTestProject\bin\Debug\netcoreapp3.1\MSTestProject.dll" adapterTypeName="executor://mstestadapter/v2" className="TwojeWesele.Services.Helpers.Tests.CurrencyHelperTests" name="FormatToStringTest1000" />
    </UnitTest>
    <UnitTest name="FormatToStringTest1000 (95353.10327693219,95353.10 zł)" storage="c:\projekty\mstestproject\bin\debug\netcoreapp3.1\mstestproject.dll" id="941dc640-74d3-45b6-bc8c-a4bd682506f8">
      <TestCategory>
        <TestCategoryItem TestCategory="Category1000" />
      </TestCategory>
      <Execution id="be652eff-90fe-47d4-8d63-711df854002a" />
      <TestMethod codeBase="C:\Projekty\MSTestProject\bin\Debug\netcoreapp3.1\MSTestProject.dll" adapterTypeName="executor://mstestadapter/v2" className="TwojeWesele.Services.Helpers.Tests.CurrencyHelperTests" name="FormatToStringTest1000" />
    </UnitTest>
    <UnitTest name="FormatToStringTest1000 (3477.860963622509,3477.86 zł)" storage="c:\projekty\mstestproject\bin\debug\netcoreapp3.1\mstestproject.dll" id="77b19859-253b-44dd-a910-eccce1faee0a">
      <TestCategory>
        <TestCategoryItem TestCategory="Category1000" />
      </TestCategory>
      <Execution id="856a0d8a-fd7e-4f5e-8a5a-a9cf558ac068" />
      <TestMethod codeBase="C:\Projekty\MSTestProject\bin\Debug\netcoreapp3.1\MSTestProject.dll" adapterTypeName="executor://mstestadapter/v2" className="TwojeWesele.Services.Helpers.Tests.CurrencyHelperTests" name="FormatToStringTest1000" />
    </UnitTest>
    <UnitTest name="FormatToStringTest1000 (1884.4923513031063,1884.49 zł)" storage="c:\projekty\mstestproject\bin\debug\netcoreapp3.1\mstestproject.dll" id="4757d308-3a4f-488c-9f9c-8b307e2ca805">
      <TestCategory>
        <TestCategoryItem TestCategory="Category1000" />
      </TestCategory>
      <Execution id="6ff108de-5021-4606-9df2-bb9e54064d7e" />
      <TestMethod codeBase="C:\Projekty\MSTestProject\bin\Debug\netcoreapp3.1\MSTestProject.dll" adapterTypeName="executor://mstestadapter/v2" className="TwojeWesele.Services.Helpers.Tests.CurrencyHelperTests" name="FormatToStringTest1000" />
    </UnitTest>
    <UnitTest name="FormatToStringTest1000 (88584.97010041306,88584.97 zł)" storage="c:\projekty\mstestproject\bin\debug\netcoreapp3.1\mstestproject.dll" id="28612dea-ba91-4e07-b346-b04e8c490d25">
      <TestCategory>
        <TestCategoryItem TestCategory="Category1000" />
      </TestCategory>
      <Execution id="609dbe7e-f5ee-4500-ab4a-ae8fe7688280" />
      <TestMethod codeBase="C:\Projekty\MSTestProject\bin\Debug\netcoreapp3.1\MSTestProject.dll" adapterTypeName="executor://mstestadapter/v2" className="TwojeWesele.Services.Helpers.Tests.CurrencyHelperTests" name="FormatToStringTest1000" />
    </UnitTest>
    <UnitTest name="FormatToStringTest1000 (18627.604896394354,18627.60 zł)" storage="c:\projekty\mstestproject\bin\debug\netcoreapp3.1\mstestproject.dll" id="aaa711ec-1013-491c-aefb-f6f6f146f1b4">
      <TestCategory>
        <TestCategoryItem TestCategory="Category1000" />
      </TestCategory>
      <Execution id="f294c7a0-1bd5-44b1-b30b-c58ea26bf235" />
      <TestMethod codeBase="C:\Projekty\MSTestProject\bin\Debug\netcoreapp3.1\MSTestProject.dll" adapterTypeName="executor://mstestadapter/v2" className="TwojeWesele.Services.Helpers.Tests.CurrencyHelperTests" name="FormatToStringTest1000" />
    </UnitTest>
    <UnitTest name="FormatToStringTest1000 (25039.088753207627,25039.09 zł)" storage="c:\projekty\mstestproject\bin\debug\netcoreapp3.1\mstestproject.dll" id="898e30aa-4d99-47f0-832e-37e4dd3603f8">
      <TestCategory>
        <TestCategoryItem TestCategory="Category1000" />
      </TestCategory>
      <Execution id="45e6990f-e45f-43ae-b762-364231436aa4" />
      <TestMethod codeBase="C:\Projekty\MSTestProject\bin\Debug\netcoreapp3.1\MSTestProject.dll" adapterTypeName="executor://mstestadapter/v2" className="TwojeWesele.Services.Helpers.Tests.CurrencyHelperTests" name="FormatToStringTest1000" />
    </UnitTest>
    <UnitTest name="FormatToStringTest1000 (7975.276658828965,7975.28 zł)" storage="c:\projekty\mstestproject\bin\debug\netcoreapp3.1\mstestproject.dll" id="3773a691-8f5d-4dab-bdf8-8573a94849a2">
      <TestCategory>
        <TestCategoryItem TestCategory="Category1000" />
      </TestCategory>
      <Execution id="d1ebbf07-1b96-4536-8b94-84561455832c" />
      <TestMethod codeBase="C:\Projekty\MSTestProject\bin\Debug\netcoreapp3.1\MSTestProject.dll" adapterTypeName="executor://mstestadapter/v2" className="TwojeWesele.Services.Helpers.Tests.CurrencyHelperTests" name="FormatToStringTest1000" />
    </UnitTest>
    <UnitTest name="FormatToStringTest1000 (28972.23604401212,28972.24 zł)" storage="c:\projekty\mstestproject\bin\debug\netcoreapp3.1\mstestproject.dll" id="58a447b4-78f1-40c5-aa16-40ee329b4f83">
      <TestCategory>
        <TestCategoryItem TestCategory="Category1000" />
      </TestCategory>
      <Execution id="279c6a62-7968-4bf2-8431-c1526f31c586" />
      <TestMethod codeBase="C:\Projekty\MSTestProject\bin\Debug\netcoreapp3.1\MSTestProject.dll" adapterTypeName="executor://mstestadapter/v2" className="TwojeWesele.Services.Helpers.Tests.CurrencyHelperTests" name="FormatToStringTest1000" />
    </UnitTest>
    <UnitTest name="FormatToStringTest1000 (30410.68214617003,30410.68 zł)" storage="c:\projekty\mstestproject\bin\debug\netcoreapp3.1\mstestproject.dll" id="23b98461-a5e4-43a9-be62-065bc49c3231">
      <TestCategory>
        <TestCategoryItem TestCategory="Category1000" />
      </TestCategory>
      <Execution id="998c891b-ad5f-4b6c-adc8-d7b77d454702" />
      <TestMethod codeBase="C:\Projekty\MSTestProject\bin\Debug\netcoreapp3.1\MSTestProject.dll" adapterTypeName="executor://mstestadapter/v2" className="TwojeWesele.Services.Helpers.Tests.CurrencyHelperTests" name="FormatToStringTest1000" />
    </UnitTest>
    <UnitTest name="FormatToStringTest1000 (8851.904041135638,8851.90 zł)" storage="c:\projekty\mstestproject\bin\debug\netcoreapp3.1\mstestproject.dll" id="fa05fcb4-5402-404c-ac37-aab75c2132e4">
      <TestCategory>
        <TestCategoryItem TestCategory="Category1000" />
      </TestCategory>
      <Execution id="6d017bda-28ae-4b78-90a3-a426e258d39a" />
      <TestMethod codeBase="C:\Projekty\MSTestProject\bin\Debug\netcoreapp3.1\MSTestProject.dll" adapterTypeName="executor://mstestadapter/v2" className="TwojeWesele.Services.Helpers.Tests.CurrencyHelperTests" name="FormatToStringTest1000" />
    </UnitTest>
    <UnitTest name="FormatToStringTest1000 (64210.358316209335,64210.36 zł)" storage="c:\projekty\mstestproject\bin\debug\netcoreapp3.1\mstestproject.dll" id="39a7fb42-fd6b-4b31-838e-c9a00e209a2c">
      <TestCategory>
        <TestCategoryItem TestCategory="Category1000" />
      </TestCategory>
      <Execution id="3479d456-e742-473f-9845-d84f75516cd6" />
      <TestMethod codeBase="C:\Projekty\MSTestProject\bin\Debug\netcoreapp3.1\MSTestProject.dll" adapterTypeName="executor://mstestadapter/v2" className="TwojeWesele.Services.Helpers.Tests.CurrencyHelperTests" name="FormatToStringTest1000" />
    </UnitTest>
    <UnitTest name="FormatToStringTest1000 (43424.45140075332,43424.45 zł)" storage="c:\projekty\mstestproject\bin\debug\netcoreapp3.1\mstestproject.dll" id="2638754f-59de-44ed-826a-62655e267567">
      <TestCategory>
        <TestCategoryItem TestCategory="Category1000" />
      </TestCategory>
      <Execution id="4366dca4-6ad8-4db0-a403-2189986a1549" />
      <TestMethod codeBase="C:\Projekty\MSTestProject\bin\Debug\netcoreapp3.1\MSTestProject.dll" adapterTypeName="executor://mstestadapter/v2" className="TwojeWesele.Services.Helpers.Tests.CurrencyHelperTests" name="FormatToStringTest1000" />
    </UnitTest>
    <UnitTest name="FormatToStringTest1000 (3131.5022711732904,3131.50 zł)" storage="c:\projekty\mstestproject\bin\debug\netcoreapp3.1\mstestproject.dll" id="0b238139-d941-4a84-bd86-bfcf9ccc2b3c">
      <TestCategory>
        <TestCategoryItem TestCategory="Category1000" />
      </TestCategory>
      <Execution id="5de7b3ad-6d4b-4732-aaac-d52d9bd429ad" />
      <TestMethod codeBase="C:\Projekty\MSTestProject\bin\Debug\netcoreapp3.1\MSTestProject.dll" adapterTypeName="executor://mstestadapter/v2" className="TwojeWesele.Services.Helpers.Tests.CurrencyHelperTests" name="FormatToStringTest1000" />
    </UnitTest>
    <UnitTest name="FormatToStringTest1000 (21693.340115174808,21693.34 zł)" storage="c:\projekty\mstestproject\bin\debug\netcoreapp3.1\mstestproject.dll" id="70fbebdf-894b-46d8-810a-a334a308b7bb">
      <TestCategory>
        <TestCategoryItem TestCategory="Category1000" />
      </TestCategory>
      <Execution id="0f823141-9256-483f-94e3-cb196c91c250" />
      <TestMethod codeBase="C:\Projekty\MSTestProject\bin\Debug\netcoreapp3.1\MSTestProject.dll" adapterTypeName="executor://mstestadapter/v2" className="TwojeWesele.Services.Helpers.Tests.CurrencyHelperTests" name="FormatToStringTest1000" />
    </UnitTest>
    <UnitTest name="FormatToStringTest1000 (12949.590713378317,12949.59 zł)" storage="c:\projekty\mstestproject\bin\debug\netcoreapp3.1\mstestproject.dll" id="c4b52408-80be-46ce-a37c-be67cd6af101">
      <TestCategory>
        <TestCategoryItem TestCategory="Category1000" />
      </TestCategory>
      <Execution id="74cd82fc-e847-416e-9d50-9fb01fa96852" />
      <TestMethod codeBase="C:\Projekty\MSTestProject\bin\Debug\netcoreapp3.1\MSTestProject.dll" adapterTypeName="executor://mstestadapter/v2" className="TwojeWesele.Services.Helpers.Tests.CurrencyHelperTests" name="FormatToStringTest1000" />
    </UnitTest>
    <UnitTest name="FormatToStringTest1000 (20321.03715103913,20321.04 zł)" storage="c:\projekty\mstestproject\bin\debug\netcoreapp3.1\mstestproject.dll" id="4662076a-acfb-46b9-864f-9f81dafd78de">
      <TestCategory>
        <TestCategoryItem TestCategory="Category1000" />
      </TestCategory>
      <Execution id="67d56bd4-455c-4379-86d9-15858082ff4e" />
      <TestMethod codeBase="C:\Projekty\MSTestProject\bin\Debug\netcoreapp3.1\MSTestProject.dll" adapterTypeName="executor://mstestadapter/v2" className="TwojeWesele.Services.Helpers.Tests.CurrencyHelperTests" name="FormatToStringTest1000" />
    </UnitTest>
    <UnitTest name="FormatToStringTest1000 (74851.91547305691,74851.92 zł)" storage="c:\projekty\mstestproject\bin\debug\netcoreapp3.1\mstestproject.dll" id="eedcf34d-4862-4478-9ad5-26f162e88e50">
      <TestCategory>
        <TestCategoryItem TestCategory="Category1000" />
      </TestCategory>
      <Execution id="aaf2a397-6996-4adb-9fe8-24ec1db5206f" />
      <TestMethod codeBase="C:\Projekty\MSTestProject\bin\Debug\netcoreapp3.1\MSTestProject.dll" adapterTypeName="executor://mstestadapter/v2" className="TwojeWesele.Services.Helpers.Tests.CurrencyHelperTests" name="FormatToStringTest1000" />
    </UnitTest>
    <UnitTest name="FormatToStringTest1000 (23612.114499758984,23612.11 zł)" storage="c:\projekty\mstestproject\bin\debug\netcoreapp3.1\mstestproject.dll" id="771c74fb-52a9-4f54-974a-edc79f87be94">
      <TestCategory>
        <TestCategoryItem TestCategory="Category1000" />
      </TestCategory>
      <Execution id="2cd725a5-bf02-421a-a016-81483ee05cfc" />
      <TestMethod codeBase="C:\Projekty\MSTestProject\bin\Debug\netcoreapp3.1\MSTestProject.dll" adapterTypeName="executor://mstestadapter/v2" className="TwojeWesele.Services.Helpers.Tests.CurrencyHelperTests" name="FormatToStringTest1000" />
    </UnitTest>
    <UnitTest name="FormatToStringTest1000 (49256.47455728635,49256.47 zł)" storage="c:\projekty\mstestproject\bin\debug\netcoreapp3.1\mstestproject.dll" id="2abfd4af-68a6-44d9-8972-e0fd81aa32b1">
      <TestCategory>
        <TestCategoryItem TestCategory="Category1000" />
      </TestCategory>
      <Execution id="18e45f6c-397f-4960-b94e-dc56d18e73d9" />
      <TestMethod codeBase="C:\Projekty\MSTestProject\bin\Debug\netcoreapp3.1\MSTestProject.dll" adapterTypeName="executor://mstestadapter/v2" className="TwojeWesele.Services.Helpers.Tests.CurrencyHelperTests" name="FormatToStringTest1000" />
    </UnitTest>
    <UnitTest name="FormatToStringTest1000 (73504.44700518598,73504.45 zł)" storage="c:\projekty\mstestproject\bin\debug\netcoreapp3.1\mstestproject.dll" id="80f458dd-a5f9-4da2-bfee-3ba55fea6f7c">
      <TestCategory>
        <TestCategoryItem TestCategory="Category1000" />
      </TestCategory>
      <Execution id="462a9dc4-dc1e-4aea-a3d1-f349ee48ccd5" />
      <TestMethod codeBase="C:\Projekty\MSTestProject\bin\Debug\netcoreapp3.1\MSTestProject.dll" adapterTypeName="executor://mstestadapter/v2" className="TwojeWesele.Services.Helpers.Tests.CurrencyHelperTests" name="FormatToStringTest1000" />
    </UnitTest>
    <UnitTest name="FormatToStringTest1000 (38803.03958246253,38803.04 zł)" storage="c:\projekty\mstestproject\bin\debug\netcoreapp3.1\mstestproject.dll" id="2916b22d-2b74-46a0-8933-828bb2a9246c">
      <TestCategory>
        <TestCategoryItem TestCategory="Category1000" />
      </TestCategory>
      <Execution id="9a327625-3c00-4273-99ab-9068c858ecd1" />
      <TestMethod codeBase="C:\Projekty\MSTestProject\bin\Debug\netcoreapp3.1\MSTestProject.dll" adapterTypeName="executor://mstestadapter/v2" className="TwojeWesele.Services.Helpers.Tests.CurrencyHelperTests" name="FormatToStringTest1000" />
    </UnitTest>
    <UnitTest name="FormatToStringTest1000 (8768.816937361293,8768.82 zł)" storage="c:\projekty\mstestproject\bin\debug\netcoreapp3.1\mstestproject.dll" id="f52284c2-a600-4624-9d58-02c711135543">
      <TestCategory>
        <TestCategoryItem TestCategory="Category1000" />
      </TestCategory>
      <Execution id="d4520d72-e413-4d3d-80bb-924763c8e817" />
      <TestMethod codeBase="C:\Projekty\MSTestProject\bin\Debug\netcoreapp3.1\MSTestProject.dll" adapterTypeName="executor://mstestadapter/v2" className="TwojeWesele.Services.Helpers.Tests.CurrencyHelperTests" name="FormatToStringTest1000" />
    </UnitTest>
    <UnitTest name="FormatToStringTest1000 (1482.3501845832682,1482.35 zł)" storage="c:\projekty\mstestproject\bin\debug\netcoreapp3.1\mstestproject.dll" id="4ebd5983-1e94-4648-afa6-b58c36a36ed3">
      <TestCategory>
        <TestCategoryItem TestCategory="Category1000" />
      </TestCategory>
      <Execution id="3bb121ad-cf4a-4c86-8f62-afeafc19d221" />
      <TestMethod codeBase="C:\Projekty\MSTestProject\bin\Debug\netcoreapp3.1\MSTestProject.dll" adapterTypeName="executor://mstestadapter/v2" className="TwojeWesele.Services.Helpers.Tests.CurrencyHelperTests" name="FormatToStringTest1000" />
    </UnitTest>
    <UnitTest name="FormatToStringTest1000 (32262.93788198984,32262.94 zł)" storage="c:\projekty\mstestproject\bin\debug\netcoreapp3.1\mstestproject.dll" id="e5b9b572-f097-446f-90d2-b419a98c5cef">
      <TestCategory>
        <TestCategoryItem TestCategory="Category1000" />
      </TestCategory>
      <Execution id="ac124d79-97a7-4a29-ad08-ea9875ba593d" />
      <TestMethod codeBase="C:\Projekty\MSTestProject\bin\Debug\netcoreapp3.1\MSTestProject.dll" adapterTypeName="executor://mstestadapter/v2" className="TwojeWesele.Services.Helpers.Tests.CurrencyHelperTests" name="FormatToStringTest1000" />
    </UnitTest>
    <UnitTest name="FormatToStringTest1000 (12221.10494323592,12221.10 zł)" storage="c:\projekty\mstestproject\bin\debug\netcoreapp3.1\mstestproject.dll" id="5739f847-c839-407c-83b7-112754248bbc">
      <TestCategory>
        <TestCategoryItem TestCategory="Category1000" />
      </TestCategory>
      <Execution id="4a054ee1-89e0-48a7-8a04-982b351d024a" />
      <TestMethod codeBase="C:\Projekty\MSTestProject\bin\Debug\netcoreapp3.1\MSTestProject.dll" adapterTypeName="executor://mstestadapter/v2" className="TwojeWesele.Services.Helpers.Tests.CurrencyHelperTests" name="FormatToStringTest1000" />
    </UnitTest>
    <UnitTest name="FormatToStringTest1000 (37866.43836050967,37866.44 zł)" storage="c:\projekty\mstestproject\bin\debug\netcoreapp3.1\mstestproject.dll" id="e4edc6f9-79fb-4090-b60a-65d309fff360">
      <TestCategory>
        <TestCategoryItem TestCategory="Category1000" />
      </TestCategory>
      <Execution id="b88c3e70-d995-4a1e-996e-7e70762e377c" />
      <TestMethod codeBase="C:\Projekty\MSTestProject\bin\Debug\netcoreapp3.1\MSTestProject.dll" adapterTypeName="executor://mstestadapter/v2" className="TwojeWesele.Services.Helpers.Tests.CurrencyHelperTests" name="FormatToStringTest1000" />
    </UnitTest>
    <UnitTest name="FormatToStringTest1000 (5870.791169434223,5870.79 zł)" storage="c:\projekty\mstestproject\bin\debug\netcoreapp3.1\mstestproject.dll" id="bc2e7aee-152a-4e50-ac9c-92ec0700ea46">
      <TestCategory>
        <TestCategoryItem TestCategory="Category1000" />
      </TestCategory>
      <Execution id="e60c51e0-fb2c-412e-88dd-e7266ac66579" />
      <TestMethod codeBase="C:\Projekty\MSTestProject\bin\Debug\netcoreapp3.1\MSTestProject.dll" adapterTypeName="executor://mstestadapter/v2" className="TwojeWesele.Services.Helpers.Tests.CurrencyHelperTests" name="FormatToStringTest1000" />
    </UnitTest>
    <UnitTest name="FormatToStringTest1000 (17988.455793307843,17988.46 zł)" storage="c:\projekty\mstestproject\bin\debug\netcoreapp3.1\mstestproject.dll" id="77f8a4ab-1edc-45d2-b538-8bd60f02ea3f">
      <TestCategory>
        <TestCategoryItem TestCategory="Category1000" />
      </TestCategory>
      <Execution id="b7482178-735c-4dd9-928b-03a7d6a43f98" />
      <TestMethod codeBase="C:\Projekty\MSTestProject\bin\Debug\netcoreapp3.1\MSTestProject.dll" adapterTypeName="executor://mstestadapter/v2" className="TwojeWesele.Services.Helpers.Tests.CurrencyHelperTests" name="FormatToStringTest1000" />
    </UnitTest>
    <UnitTest name="FormatToStringTest1000 (20482.32969107308,20482.33 zł)" storage="c:\projekty\mstestproject\bin\debug\netcoreapp3.1\mstestproject.dll" id="8d2a9a76-c546-42a4-9172-9e01a39c6023">
      <TestCategory>
        <TestCategoryItem TestCategory="Category1000" />
      </TestCategory>
      <Execution id="9a3fe74c-3f38-4bb6-80f9-97bb60d1a624" />
      <TestMethod codeBase="C:\Projekty\MSTestProject\bin\Debug\netcoreapp3.1\MSTestProject.dll" adapterTypeName="executor://mstestadapter/v2" className="TwojeWesele.Services.Helpers.Tests.CurrencyHelperTests" name="FormatToStringTest1000" />
    </UnitTest>
    <UnitTest name="FormatToStringTest1000 (19006.315459580772,19006.32 zł)" storage="c:\projekty\mstestproject\bin\debug\netcoreapp3.1\mstestproject.dll" id="7c7b6bb4-729d-4a7a-8711-5f67c0061b49">
      <TestCategory>
        <TestCategoryItem TestCategory="Category1000" />
      </TestCategory>
      <Execution id="95fb3548-790b-4e05-a66e-021f7914f9f1" />
      <TestMethod codeBase="C:\Projekty\MSTestProject\bin\Debug\netcoreapp3.1\MSTestProject.dll" adapterTypeName="executor://mstestadapter/v2" className="TwojeWesele.Services.Helpers.Tests.CurrencyHelperTests" name="FormatToStringTest1000" />
    </UnitTest>
    <UnitTest name="FormatToStringTest1000 (35905.47425787219,35905.47 zł)" storage="c:\projekty\mstestproject\bin\debug\netcoreapp3.1\mstestproject.dll" id="a7746ed8-be9b-4c6c-9931-8835fd11e09a">
      <TestCategory>
        <TestCategoryItem TestCategory="Category1000" />
      </TestCategory>
      <Execution id="5811a6c8-f5e9-4fb4-b284-192660c519de" />
      <TestMethod codeBase="C:\Projekty\MSTestProject\bin\Debug\netcoreapp3.1\MSTestProject.dll" adapterTypeName="executor://mstestadapter/v2" className="TwojeWesele.Services.Helpers.Tests.CurrencyHelperTests" name="FormatToStringTest1000" />
    </UnitTest>
    <UnitTest name="FormatToStringTest1000 (37589.670531794276,37589.67 zł)" storage="c:\projekty\mstestproject\bin\debug\netcoreapp3.1\mstestproject.dll" id="e12fb1c6-1142-459f-b355-91301216af0c">
      <TestCategory>
        <TestCategoryItem TestCategory="Category1000" />
      </TestCategory>
      <Execution id="0effe813-ce16-42c1-9f95-8545b86b80bc" />
      <TestMethod codeBase="C:\Projekty\MSTestProject\bin\Debug\netcoreapp3.1\MSTestProject.dll" adapterTypeName="executor://mstestadapter/v2" className="TwojeWesele.Services.Helpers.Tests.CurrencyHelperTests" name="FormatToStringTest1000" />
    </UnitTest>
    <UnitTest name="FormatToStringTest1000 (6027.66019266828,6027.66 zł)" storage="c:\projekty\mstestproject\bin\debug\netcoreapp3.1\mstestproject.dll" id="0dbd9e23-5db4-4f09-8cd5-3c90682a6ee3">
      <TestCategory>
        <TestCategoryItem TestCategory="Category1000" />
      </TestCategory>
      <Execution id="830c39ba-1598-434a-bd0e-d50298c9fe57" />
      <TestMethod codeBase="C:\Projekty\MSTestProject\bin\Debug\netcoreapp3.1\MSTestProject.dll" adapterTypeName="executor://mstestadapter/v2" className="TwojeWesele.Services.Helpers.Tests.CurrencyHelperTests" name="FormatToStringTest1000" />
    </UnitTest>
    <UnitTest name="FormatToStringTest1000 (21753.84773194969,21753.85 zł)" storage="c:\projekty\mstestproject\bin\debug\netcoreapp3.1\mstestproject.dll" id="d89a7fee-372d-4639-9565-0efb727124e9">
      <TestCategory>
        <TestCategoryItem TestCategory="Category1000" />
      </TestCategory>
      <Execution id="dbc190b9-e46f-432b-85cd-6975725359c7" />
      <TestMethod codeBase="C:\Projekty\MSTestProject\bin\Debug\netcoreapp3.1\MSTestProject.dll" adapterTypeName="executor://mstestadapter/v2" className="TwojeWesele.Services.Helpers.Tests.CurrencyHelperTests" name="FormatToStringTest1000" />
    </UnitTest>
    <UnitTest name="FormatToStringTest1000 (6213.265206352466,6213.27 zł)" storage="c:\projekty\mstestproject\bin\debug\netcoreapp3.1\mstestproject.dll" id="465fe532-2b2b-457a-8803-4e2f7ef3405a">
      <TestCategory>
        <TestCategoryItem TestCategory="Category1000" />
      </TestCategory>
      <Execution id="bc54e2c8-e7c9-4b0c-b8e9-dc3a2a1e04df" />
      <TestMethod codeBase="C:\Projekty\MSTestProject\bin\Debug\netcoreapp3.1\MSTestProject.dll" adapterTypeName="executor://mstestadapter/v2" className="TwojeWesele.Services.Helpers.Tests.CurrencyHelperTests" name="FormatToStringTest1000" />
    </UnitTest>
    <UnitTest name="FormatToStringTest1000 (1799.2562459103092,1799.26 zł)" storage="c:\projekty\mstestproject\bin\debug\netcoreapp3.1\mstestproject.dll" id="b08b5eb1-a4c9-4dde-a9b0-a13c08682f5b">
      <TestCategory>
        <TestCategoryItem TestCategory="Category1000" />
      </TestCategory>
      <Execution id="65315034-d3db-4059-9053-c4d3ef08f198" />
      <TestMethod codeBase="C:\Projekty\MSTestProject\bin\Debug\netcoreapp3.1\MSTestProject.dll" adapterTypeName="executor://mstestadapter/v2" className="TwojeWesele.Services.Helpers.Tests.CurrencyHelperTests" name="FormatToStringTest1000" />
    </UnitTest>
    <UnitTest name="FormatToStringTest1000 (4116.417580192638,4116.42 zł)" storage="c:\projekty\mstestproject\bin\debug\netcoreapp3.1\mstestproject.dll" id="6d74f127-2bc1-4dd5-ad57-12669eb51300">
      <TestCategory>
        <TestCategoryItem TestCategory="Category1000" />
      </TestCategory>
      <Execution id="b435b078-6b4c-46fc-9032-91681ec005d7" />
      <TestMethod codeBase="C:\Projekty\MSTestProject\bin\Debug\netcoreapp3.1\MSTestProject.dll" adapterTypeName="executor://mstestadapter/v2" className="TwojeWesele.Services.Helpers.Tests.CurrencyHelperTests" name="FormatToStringTest1000" />
    </UnitTest>
    <UnitTest name="FormatToStringTest1000 (2166.4103293970275,2166.41 zł)" storage="c:\projekty\mstestproject\bin\debug\netcoreapp3.1\mstestproject.dll" id="2e548687-133d-4897-9f88-05daa95cc955">
      <TestCategory>
        <TestCategoryItem TestCategory="Category1000" />
      </TestCategory>
      <Execution id="9bbabadd-2001-4254-88e3-f7d79e7ff0e8" />
      <TestMethod codeBase="C:\Projekty\MSTestProject\bin\Debug\netcoreapp3.1\MSTestProject.dll" adapterTypeName="executor://mstestadapter/v2" className="TwojeWesele.Services.Helpers.Tests.CurrencyHelperTests" name="FormatToStringTest1000" />
    </UnitTest>
    <UnitTest name="FormatToStringTest1000 (71554.9786298829,71554.98 zł)" storage="c:\projekty\mstestproject\bin\debug\netcoreapp3.1\mstestproject.dll" id="825c4da7-c96a-4a40-8b7e-d663723f29b7">
      <TestCategory>
        <TestCategoryItem TestCategory="Category1000" />
      </TestCategory>
      <Execution id="3316f894-0880-4b9d-9fdc-df6eed7cfd58" />
      <TestMethod codeBase="C:\Projekty\MSTestProject\bin\Debug\netcoreapp3.1\MSTestProject.dll" adapterTypeName="executor://mstestadapter/v2" className="TwojeWesele.Services.Helpers.Tests.CurrencyHelperTests" name="FormatToStringTest1000" />
    </UnitTest>
    <UnitTest name="FormatToStringTest1000 (85407.13428016152,85407.13 zł)" storage="c:\projekty\mstestproject\bin\debug\netcoreapp3.1\mstestproject.dll" id="99a7fe4c-d4ee-4d9b-9749-5d9424cd79bc">
      <TestCategory>
        <TestCategoryItem TestCategory="Category1000" />
      </TestCategory>
      <Execution id="cc02f014-14e2-4a0b-a05f-bb4bf0c5b1a5" />
      <TestMethod codeBase="C:\Projekty\MSTestProject\bin\Debug\netcoreapp3.1\MSTestProject.dll" adapterTypeName="executor://mstestadapter/v2" className="TwojeWesele.Services.Helpers.Tests.CurrencyHelperTests" name="FormatToStringTest1000" />
    </UnitTest>
    <UnitTest name="FormatToStringTest1000 (6466.872242818062,6466.87 zł)" storage="c:\projekty\mstestproject\bin\debug\netcoreapp3.1\mstestproject.dll" id="088f64f1-3837-4350-8a46-56ef7ffc4a86">
      <TestCategory>
        <TestCategoryItem TestCategory="Category1000" />
      </TestCategory>
      <Execution id="e4c9aed2-6a1f-4664-bad3-eeabb808c081" />
      <TestMethod codeBase="C:\Projekty\MSTestProject\bin\Debug\netcoreapp3.1\MSTestProject.dll" adapterTypeName="executor://mstestadapter/v2" className="TwojeWesele.Services.Helpers.Tests.CurrencyHelperTests" name="FormatToStringTest1000" />
    </UnitTest>
    <UnitTest name="FormatToStringTest1000 (11904.111251175456,11904.11 zł)" storage="c:\projekty\mstestproject\bin\debug\netcoreapp3.1\mstestproject.dll" id="3024428f-e19a-4f1a-8c2e-c3f9b3864938">
      <TestCategory>
        <TestCategoryItem TestCategory="Category1000" />
      </TestCategory>
      <Execution id="1093cf01-d3d6-4f85-9b23-cf60a40494f8" />
      <TestMethod codeBase="C:\Projekty\MSTestProject\bin\Debug\netcoreapp3.1\MSTestProject.dll" adapterTypeName="executor://mstestadapter/v2" className="TwojeWesele.Services.Helpers.Tests.CurrencyHelperTests" name="FormatToStringTest1000" />
    </UnitTest>
    <UnitTest name="FormatToStringTest1000 (2423.6182769712145,2423.62 zł)" storage="c:\projekty\mstestproject\bin\debug\netcoreapp3.1\mstestproject.dll" id="f08d6db6-b519-4dbf-83c3-a27c978af668">
      <TestCategory>
        <TestCategoryItem TestCategory="Category1000" />
      </TestCategory>
      <Execution id="29ebdfbe-9097-49f6-9697-e07d5a263228" />
      <TestMethod codeBase="C:\Projekty\MSTestProject\bin\Debug\netcoreapp3.1\MSTestProject.dll" adapterTypeName="executor://mstestadapter/v2" className="TwojeWesele.Services.Helpers.Tests.CurrencyHelperTests" name="FormatToStringTest1000" />
    </UnitTest>
    <UnitTest name="FormatToStringTest1000 (18340.8953197882,18340.90 zł)" storage="c:\projekty\mstestproject\bin\debug\netcoreapp3.1\mstestproject.dll" id="ddcb5cd8-42f7-4ab8-b08d-b2b345a54945">
      <TestCategory>
        <TestCategoryItem TestCategory="Category1000" />
      </TestCategory>
      <Execution id="200ffd31-9b31-4301-84f2-ca0d5974c576" />
      <TestMethod codeBase="C:\Projekty\MSTestProject\bin\Debug\netcoreapp3.1\MSTestProject.dll" adapterTypeName="executor://mstestadapter/v2" className="TwojeWesele.Services.Helpers.Tests.CurrencyHelperTests" name="FormatToStringTest1000" />
    </UnitTest>
    <UnitTest name="FormatToStringTest1000 (26945.125386551546,26945.13 zł)" storage="c:\projekty\mstestproject\bin\debug\netcoreapp3.1\mstestproject.dll" id="20f4e2b0-957c-4f10-90ba-5058ae8438d1">
      <TestCategory>
        <TestCategoryItem TestCategory="Category1000" />
      </TestCategory>
      <Execution id="15b2fd37-5b86-4af9-8c52-f9ab79ec2724" />
      <TestMethod codeBase="C:\Projekty\MSTestProject\bin\Debug\netcoreapp3.1\MSTestProject.dll" adapterTypeName="executor://mstestadapter/v2" className="TwojeWesele.Services.Helpers.Tests.CurrencyHelperTests" name="FormatToStringTest1000" />
    </UnitTest>
    <UnitTest name="FormatToStringTest1000 (14218.204344010543,14218.20 zł)" storage="c:\projekty\mstestproject\bin\debug\netcoreapp3.1\mstestproject.dll" id="d0d118eb-dd56-4d00-a299-79ca8fa595b9">
      <TestCategory>
        <TestCategoryItem TestCategory="Category1000" />
      </TestCategory>
      <Execution id="bc4ce94e-bdc9-42a1-8ad3-2e2295e29ad6" />
      <TestMethod codeBase="C:\Projekty\MSTestProject\bin\Debug\netcoreapp3.1\MSTestProject.dll" adapterTypeName="executor://mstestadapter/v2" className="TwojeWesele.Services.Helpers.Tests.CurrencyHelperTests" name="FormatToStringTest1000" />
    </UnitTest>
    <UnitTest name="FormatToStringTest1000 (76536.95853396178,76536.96 zł)" storage="c:\projekty\mstestproject\bin\debug\netcoreapp3.1\mstestproject.dll" id="26be97ce-b95d-42ff-84c6-d0c3226083ec">
      <TestCategory>
        <TestCategoryItem TestCategory="Category1000" />
      </TestCategory>
      <Execution id="0b667bfb-a18b-45ac-be90-042163606650" />
      <TestMethod codeBase="C:\Projekty\MSTestProject\bin\Debug\netcoreapp3.1\MSTestProject.dll" adapterTypeName="executor://mstestadapter/v2" className="TwojeWesele.Services.Helpers.Tests.CurrencyHelperTests" name="FormatToStringTest1000" />
    </UnitTest>
    <UnitTest name="FormatToStringTest1000 (1860.3356292016504,1860.34 zł)" storage="c:\projekty\mstestproject\bin\debug\netcoreapp3.1\mstestproject.dll" id="2c1ee17c-c0c8-4483-9bee-1049713f9df6">
      <TestCategory>
        <TestCategoryItem TestCategory="Category1000" />
      </TestCategory>
      <Execution id="4eca838a-ffd1-4792-bed9-58a829f52e74" />
      <TestMethod codeBase="C:\Projekty\MSTestProject\bin\Debug\netcoreapp3.1\MSTestProject.dll" adapterTypeName="executor://mstestadapter/v2" className="TwojeWesele.Services.Helpers.Tests.CurrencyHelperTests" name="FormatToStringTest1000" />
    </UnitTest>
    <UnitTest name="FormatToStringTest1000 (30199.386730006612,30199.39 zł)" storage="c:\projekty\mstestproject\bin\debug\netcoreapp3.1\mstestproject.dll" id="de801f46-1a63-4121-88d3-f61a1421860f">
      <TestCategory>
        <TestCategoryItem TestCategory="Category1000" />
      </TestCategory>
      <Execution id="b343eb19-bde8-41a2-8b08-2719f517cb3e" />
      <TestMethod codeBase="C:\Projekty\MSTestProject\bin\Debug\netcoreapp3.1\MSTestProject.dll" adapterTypeName="executor://mstestadapter/v2" className="TwojeWesele.Services.Helpers.Tests.CurrencyHelperTests" name="FormatToStringTest1000" />
    </UnitTest>
    <UnitTest name="FormatToStringTest1000 (30034.922435005625,30034.92 zł)" storage="c:\projekty\mstestproject\bin\debug\netcoreapp3.1\mstestproject.dll" id="b2ff75d8-d882-4ae2-96be-d5135f20ab0b">
      <TestCategory>
        <TestCategoryItem TestCategory="Category1000" />
      </TestCategory>
      <Execution id="de82c464-0280-4332-bf09-b7da6869cd33" />
      <TestMethod codeBase="C:\Projekty\MSTestProject\bin\Debug\netcoreapp3.1\MSTestProject.dll" adapterTypeName="executor://mstestadapter/v2" className="TwojeWesele.Services.Helpers.Tests.CurrencyHelperTests" name="FormatToStringTest1000" />
    </UnitTest>
    <UnitTest name="FormatToStringTest1000 (41876.979471482795,41876.98 zł)" storage="c:\projekty\mstestproject\bin\debug\netcoreapp3.1\mstestproject.dll" id="c5743bb7-f1af-4742-a9d2-e10cddf317e1">
      <TestCategory>
        <TestCategoryItem TestCategory="Category1000" />
      </TestCategory>
      <Execution id="3ed1cdc7-d25a-4a70-a0a5-baaee1e01778" />
      <TestMethod codeBase="C:\Projekty\MSTestProject\bin\Debug\netcoreapp3.1\MSTestProject.dll" adapterTypeName="executor://mstestadapter/v2" className="TwojeWesele.Services.Helpers.Tests.CurrencyHelperTests" name="FormatToStringTest1000" />
    </UnitTest>
    <UnitTest name="FormatToStringTest1000 (65947.64520381515,65947.65 zł)" storage="c:\projekty\mstestproject\bin\debug\netcoreapp3.1\mstestproject.dll" id="6a56befc-f419-47d9-b51a-d22583c8e843">
      <TestCategory>
        <TestCategoryItem TestCategory="Category1000" />
      </TestCategory>
      <Execution id="6e304b30-b804-4a3b-9263-db7ff161344d" />
      <TestMethod codeBase="C:\Projekty\MSTestProject\bin\Debug\netcoreapp3.1\MSTestProject.dll" adapterTypeName="executor://mstestadapter/v2" className="TwojeWesele.Services.Helpers.Tests.CurrencyHelperTests" name="FormatToStringTest1000" />
    </UnitTest>
    <UnitTest name="FormatToStringTest1000 (486.15309567942893,486.15 zł)" storage="c:\projekty\mstestproject\bin\debug\netcoreapp3.1\mstestproject.dll" id="d6113f06-17ab-441a-abd6-0da37e68a9f9">
      <TestCategory>
        <TestCategoryItem TestCategory="Category1000" />
      </TestCategory>
      <Execution id="1935350f-ff67-4a3e-94dc-ef7190742e23" />
      <TestMethod codeBase="C:\Projekty\MSTestProject\bin\Debug\netcoreapp3.1\MSTestProject.dll" adapterTypeName="executor://mstestadapter/v2" className="TwojeWesele.Services.Helpers.Tests.CurrencyHelperTests" name="FormatToStringTest1000" />
    </UnitTest>
    <UnitTest name="FormatToStringTest1000 (6820.105136090938,6820.11 zł)" storage="c:\projekty\mstestproject\bin\debug\netcoreapp3.1\mstestproject.dll" id="c421d140-2983-484d-97dc-f43fb9794bc5">
      <TestCategory>
        <TestCategoryItem TestCategory="Category1000" />
      </TestCategory>
      <Execution id="30e38221-85b9-4d6c-b986-87df4f68e18f" />
      <TestMethod codeBase="C:\Projekty\MSTestProject\bin\Debug\netcoreapp3.1\MSTestProject.dll" adapterTypeName="executor://mstestadapter/v2" className="TwojeWesele.Services.Helpers.Tests.CurrencyHelperTests" name="FormatToStringTest1000" />
    </UnitTest>
    <UnitTest name="FormatToStringTest1000 (238.1379397484185,238.14 zł)" storage="c:\projekty\mstestproject\bin\debug\netcoreapp3.1\mstestproject.dll" id="d2bb160a-57ef-4477-8461-1dc7847087e6">
      <TestCategory>
        <TestCategoryItem TestCategory="Category1000" />
      </TestCategory>
      <Execution id="f0d5f010-bede-4b6b-ad3e-0bf4c2adf09c" />
      <TestMethod codeBase="C:\Projekty\MSTestProject\bin\Debug\netcoreapp3.1\MSTestProject.dll" adapterTypeName="executor://mstestadapter/v2" className="TwojeWesele.Services.Helpers.Tests.CurrencyHelperTests" name="FormatToStringTest1000" />
    </UnitTest>
    <UnitTest name="FormatToStringTest1000 (1328.353302088265,1328.35 zł)" storage="c:\projekty\mstestproject\bin\debug\netcoreapp3.1\mstestproject.dll" id="c20cda81-06bc-48a1-9070-020790ed0ed6">
      <TestCategory>
        <TestCategoryItem TestCategory="Category1000" />
      </TestCategory>
      <Execution id="5cf2c13e-ffe6-4a98-973a-3ebccdd60be0" />
      <TestMethod codeBase="C:\Projekty\MSTestProject\bin\Debug\netcoreapp3.1\MSTestProject.dll" adapterTypeName="executor://mstestadapter/v2" className="TwojeWesele.Services.Helpers.Tests.CurrencyHelperTests" name="FormatToStringTest1000" />
    </UnitTest>
    <UnitTest name="FormatToStringTest1000 (20344.185360967265,20344.19 zł)" storage="c:\projekty\mstestproject\bin\debug\netcoreapp3.1\mstestproject.dll" id="84104110-c10a-4898-bb9f-638a1895b71b">
      <TestCategory>
        <TestCategoryItem TestCategory="Category1000" />
      </TestCategory>
      <Execution id="d527d001-1b4e-48fc-a1e1-df7a319c7562" />
      <TestMethod codeBase="C:\Projekty\MSTestProject\bin\Debug\netcoreapp3.1\MSTestProject.dll" adapterTypeName="executor://mstestadapter/v2" className="TwojeWesele.Services.Helpers.Tests.CurrencyHelperTests" name="FormatToStringTest1000" />
    </UnitTest>
    <UnitTest name="FormatToStringTest1000 (29796.909338079815,29796.91 zł)" storage="c:\projekty\mstestproject\bin\debug\netcoreapp3.1\mstestproject.dll" id="ae0b8749-748c-4ccc-91f1-436957ee1651">
      <TestCategory>
        <TestCategoryItem TestCategory="Category1000" />
      </TestCategory>
      <Execution id="76a27366-a17a-4af1-ace8-59657d21605c" />
      <TestMethod codeBase="C:\Projekty\MSTestProject\bin\Debug\netcoreapp3.1\MSTestProject.dll" adapterTypeName="executor://mstestadapter/v2" className="TwojeWesele.Services.Helpers.Tests.CurrencyHelperTests" name="FormatToStringTest1000" />
    </UnitTest>
    <UnitTest name="FormatToStringTest1000 (14100.01255469211,14100.01 zł)" storage="c:\projekty\mstestproject\bin\debug\netcoreapp3.1\mstestproject.dll" id="fe5c0a8f-796d-43c5-8cd6-c11fa336f344">
      <TestCategory>
        <TestCategoryItem TestCategory="Category1000" />
      </TestCategory>
      <Execution id="4a456e6c-44a2-454f-82ef-1da66a4f710a" />
      <TestMethod codeBase="C:\Projekty\MSTestProject\bin\Debug\netcoreapp3.1\MSTestProject.dll" adapterTypeName="executor://mstestadapter/v2" className="TwojeWesele.Services.Helpers.Tests.CurrencyHelperTests" name="FormatToStringTest1000" />
    </UnitTest>
    <UnitTest name="FormatToStringTest1000 (44361.82678515177,44361.83 zł)" storage="c:\projekty\mstestproject\bin\debug\netcoreapp3.1\mstestproject.dll" id="6d757762-247d-45e4-851b-c6cea1b602e5">
      <TestCategory>
        <TestCategoryItem TestCategory="Category1000" />
      </TestCategory>
      <Execution id="89f024be-5975-41e0-8f98-d8c9b1875627" />
      <TestMethod codeBase="C:\Projekty\MSTestProject\bin\Debug\netcoreapp3.1\MSTestProject.dll" adapterTypeName="executor://mstestadapter/v2" className="TwojeWesele.Services.Helpers.Tests.CurrencyHelperTests" name="FormatToStringTest1000" />
    </UnitTest>
    <UnitTest name="FormatToStringTest1000 (34951.47290410077,34951.47 zł)" storage="c:\projekty\mstestproject\bin\debug\netcoreapp3.1\mstestproject.dll" id="07a479c3-5b4b-4768-b4c9-7c0d2c4e01ef">
      <TestCategory>
        <TestCategoryItem TestCategory="Category1000" />
      </TestCategory>
      <Execution id="bd11992e-299e-4f86-8eec-09eea3fd3abc" />
      <TestMethod codeBase="C:\Projekty\MSTestProject\bin\Debug\netcoreapp3.1\MSTestProject.dll" adapterTypeName="executor://mstestadapter/v2" className="TwojeWesele.Services.Helpers.Tests.CurrencyHelperTests" name="FormatToStringTest1000" />
    </UnitTest>
    <UnitTest name="FormatToStringTest1000 (12187.551827252633,12187.55 zł)" storage="c:\projekty\mstestproject\bin\debug\netcoreapp3.1\mstestproject.dll" id="ef499007-1dae-4156-864b-1c4eb96d9519">
      <TestCategory>
        <TestCategoryItem TestCategory="Category1000" />
      </TestCategory>
      <Execution id="2fb19b2e-adf3-42d0-8c28-03c6720771dc" />
      <TestMethod codeBase="C:\Projekty\MSTestProject\bin\Debug\netcoreapp3.1\MSTestProject.dll" adapterTypeName="executor://mstestadapter/v2" className="TwojeWesele.Services.Helpers.Tests.CurrencyHelperTests" name="FormatToStringTest1000" />
    </UnitTest>
    <UnitTest name="FormatToStringTest1000 (8697.074631143862,8697.07 zł)" storage="c:\projekty\mstestproject\bin\debug\netcoreapp3.1\mstestproject.dll" id="90092835-d720-4075-9f37-604864bbf1ec">
      <TestCategory>
        <TestCategoryItem TestCategory="Category1000" />
      </TestCategory>
      <Execution id="c9bcd9b0-8649-46b0-b1b1-76422ca720aa" />
      <TestMethod codeBase="C:\Projekty\MSTestProject\bin\Debug\netcoreapp3.1\MSTestProject.dll" adapterTypeName="executor://mstestadapter/v2" className="TwojeWesele.Services.Helpers.Tests.CurrencyHelperTests" name="FormatToStringTest1000" />
    </UnitTest>
    <UnitTest name="FormatToStringTest1000 (28298.945361683585,28298.95 zł)" storage="c:\projekty\mstestproject\bin\debug\netcoreapp3.1\mstestproject.dll" id="4b616091-2bad-45ad-8ea0-236d587c927a">
      <TestCategory>
        <TestCategoryItem TestCategory="Category1000" />
      </TestCategory>
      <Execution id="f7927258-9627-4493-a31f-75115b10515a" />
      <TestMethod codeBase="C:\Projekty\MSTestProject\bin\Debug\netcoreapp3.1\MSTestProject.dll" adapterTypeName="executor://mstestadapter/v2" className="TwojeWesele.Services.Helpers.Tests.CurrencyHelperTests" name="FormatToStringTest1000" />
    </UnitTest>
    <UnitTest name="FormatToStringTest1000 (8013.1229931903645,8013.12 zł)" storage="c:\projekty\mstestproject\bin\debug\netcoreapp3.1\mstestproject.dll" id="7e310906-3d3b-441a-a5af-de76cb9b33cd">
      <TestCategory>
        <TestCategoryItem TestCategory="Category1000" />
      </TestCategory>
      <Execution id="4e4e7665-b38d-4d11-954f-7aa56a0bf030" />
      <TestMethod codeBase="C:\Projekty\MSTestProject\bin\Debug\netcoreapp3.1\MSTestProject.dll" adapterTypeName="executor://mstestadapter/v2" className="TwojeWesele.Services.Helpers.Tests.CurrencyHelperTests" name="FormatToStringTest1000" />
    </UnitTest>
    <UnitTest name="FormatToStringTest1000 (13453.429998117233,13453.43 zł)" storage="c:\projekty\mstestproject\bin\debug\netcoreapp3.1\mstestproject.dll" id="adb97d6b-4837-46b0-9208-51037c47c8f7">
      <TestCategory>
        <TestCategoryItem TestCategory="Category1000" />
      </TestCategory>
      <Execution id="3476d56a-d26f-41c6-af86-adebc0fcede1" />
      <TestMethod codeBase="C:\Projekty\MSTestProject\bin\Debug\netcoreapp3.1\MSTestProject.dll" adapterTypeName="executor://mstestadapter/v2" className="TwojeWesele.Services.Helpers.Tests.CurrencyHelperTests" name="FormatToStringTest1000" />
    </UnitTest>
    <UnitTest name="FormatToStringTest1000 (13455.521105358153,13455.52 zł)" storage="c:\projekty\mstestproject\bin\debug\netcoreapp3.1\mstestproject.dll" id="a83941a5-a8d4-4684-9147-42b5f8e9baa8">
      <TestCategory>
        <TestCategoryItem TestCategory="Category1000" />
      </TestCategory>
      <Execution id="44986417-44be-4e7e-86d4-1331633ab6f0" />
      <TestMethod codeBase="C:\Projekty\MSTestProject\bin\Debug\netcoreapp3.1\MSTestProject.dll" adapterTypeName="executor://mstestadapter/v2" className="TwojeWesele.Services.Helpers.Tests.CurrencyHelperTests" name="FormatToStringTest1000" />
    </UnitTest>
    <UnitTest name="FormatToStringTest1000 (45035.160883881224,45035.16 zł)" storage="c:\projekty\mstestproject\bin\debug\netcoreapp3.1\mstestproject.dll" id="b3d3222a-7e70-46d0-814b-dd7afbbaac17">
      <TestCategory>
        <TestCategoryItem TestCategory="Category1000" />
      </TestCategory>
      <Execution id="329c84ed-af42-4f09-934b-f8eb07bdf3f8" />
      <TestMethod codeBase="C:\Projekty\MSTestProject\bin\Debug\netcoreapp3.1\MSTestProject.dll" adapterTypeName="executor://mstestadapter/v2" className="TwojeWesele.Services.Helpers.Tests.CurrencyHelperTests" name="FormatToStringTest1000" />
    </UnitTest>
    <UnitTest name="FormatToStringTest1000 (13414.3551766441,13414.36 zł)" storage="c:\projekty\mstestproject\bin\debug\netcoreapp3.1\mstestproject.dll" id="8da4f470-4dcd-4678-873c-78f3c795ed35">
      <TestCategory>
        <TestCategoryItem TestCategory="Category1000" />
      </TestCategory>
      <Execution id="5fb03038-e645-41f8-ac5d-795d9e2577b4" />
      <TestMethod codeBase="C:\Projekty\MSTestProject\bin\Debug\netcoreapp3.1\MSTestProject.dll" adapterTypeName="executor://mstestadapter/v2" className="TwojeWesele.Services.Helpers.Tests.CurrencyHelperTests" name="FormatToStringTest1000" />
    </UnitTest>
    <UnitTest name="FormatToStringTest1000 (11922.837782177532,11922.84 zł)" storage="c:\projekty\mstestproject\bin\debug\netcoreapp3.1\mstestproject.dll" id="ac7c20d1-2b7e-4a7d-be20-27a0026731b9">
      <TestCategory>
        <TestCategoryItem TestCategory="Category1000" />
      </TestCategory>
      <Execution id="af95c953-1d3b-4e7e-b073-cf81dde80950" />
      <TestMethod codeBase="C:\Projekty\MSTestProject\bin\Debug\netcoreapp3.1\MSTestProject.dll" adapterTypeName="executor://mstestadapter/v2" className="TwojeWesele.Services.Helpers.Tests.CurrencyHelperTests" name="FormatToStringTest1000" />
    </UnitTest>
    <UnitTest name="FormatToStringTest1000 (7377.5644264340235,7377.56 zł)" storage="c:\projekty\mstestproject\bin\debug\netcoreapp3.1\mstestproject.dll" id="7d3bfbba-f5c8-45ab-a6d6-917d986f3bf5">
      <TestCategory>
        <TestCategoryItem TestCategory="Category1000" />
      </TestCategory>
      <Execution id="460c0896-3e49-4f38-ba74-b3090fe74621" />
      <TestMethod codeBase="C:\Projekty\MSTestProject\bin\Debug\netcoreapp3.1\MSTestProject.dll" adapterTypeName="executor://mstestadapter/v2" className="TwojeWesele.Services.Helpers.Tests.CurrencyHelperTests" name="FormatToStringTest1000" />
    </UnitTest>
    <UnitTest name="FormatToStringTest1000 (17835.54606576988,17835.55 zł)" storage="c:\projekty\mstestproject\bin\debug\netcoreapp3.1\mstestproject.dll" id="25554797-4f79-49b7-8130-b47d676a1286">
      <TestCategory>
        <TestCategoryItem TestCategory="Category1000" />
      </TestCategory>
      <Execution id="1b691fd3-0e83-47e6-bef5-49a6a9fdb26a" />
      <TestMethod codeBase="C:\Projekty\MSTestProject\bin\Debug\netcoreapp3.1\MSTestProject.dll" adapterTypeName="executor://mstestadapter/v2" className="TwojeWesele.Services.Helpers.Tests.CurrencyHelperTests" name="FormatToStringTest1000" />
    </UnitTest>
    <UnitTest name="FormatToStringTest1000 (54724.71040318008,54724.71 zł)" storage="c:\projekty\mstestproject\bin\debug\netcoreapp3.1\mstestproject.dll" id="65c1a6c3-72e7-4643-a9fa-dd9f1a77adf3">
      <TestCategory>
        <TestCategoryItem TestCategory="Category1000" />
      </TestCategory>
      <Execution id="23388128-4507-46f4-94ad-7e208a466b09" />
      <TestMethod codeBase="C:\Projekty\MSTestProject\bin\Debug\netcoreapp3.1\MSTestProject.dll" adapterTypeName="executor://mstestadapter/v2" className="TwojeWesele.Services.Helpers.Tests.CurrencyHelperTests" name="FormatToStringTest1000" />
    </UnitTest>
    <UnitTest name="FormatToStringTest1000 (15591.4117417221,15591.41 zł)" storage="c:\projekty\mstestproject\bin\debug\netcoreapp3.1\mstestproject.dll" id="eaa3b4d6-d828-4b9c-8e95-ebd9b2c965d5">
      <TestCategory>
        <TestCategoryItem TestCategory="Category1000" />
      </TestCategory>
      <Execution id="57e2ae9b-411b-48e1-ac06-e62d8b1f2f00" />
      <TestMethod codeBase="C:\Projekty\MSTestProject\bin\Debug\netcoreapp3.1\MSTestProject.dll" adapterTypeName="executor://mstestadapter/v2" className="TwojeWesele.Services.Helpers.Tests.CurrencyHelperTests" name="FormatToStringTest1000" />
    </UnitTest>
    <UnitTest name="FormatToStringTest1000 (272.5621069118204,272.56 zł)" storage="c:\projekty\mstestproject\bin\debug\netcoreapp3.1\mstestproject.dll" id="649853a8-7de8-416f-8328-154af7620c18">
      <TestCategory>
        <TestCategoryItem TestCategory="Category1000" />
      </TestCategory>
      <Execution id="1d7244e0-c356-44fa-983a-74e75fcd135e" />
      <TestMethod codeBase="C:\Projekty\MSTestProject\bin\Debug\netcoreapp3.1\MSTestProject.dll" adapterTypeName="executor://mstestadapter/v2" className="TwojeWesele.Services.Helpers.Tests.CurrencyHelperTests" name="FormatToStringTest1000" />
    </UnitTest>
    <UnitTest name="FormatToStringTest1000 (37528.70144368368,37528.70 zł)" storage="c:\projekty\mstestproject\bin\debug\netcoreapp3.1\mstestproject.dll" id="7b6dda8d-205e-49f7-854a-7540429f1c71">
      <TestCategory>
        <TestCategoryItem TestCategory="Category1000" />
      </TestCategory>
      <Execution id="31cf959f-deab-432b-b84c-61fe59907b13" />
      <TestMethod codeBase="C:\Projekty\MSTestProject\bin\Debug\netcoreapp3.1\MSTestProject.dll" adapterTypeName="executor://mstestadapter/v2" className="TwojeWesele.Services.Helpers.Tests.CurrencyHelperTests" name="FormatToStringTest1000" />
    </UnitTest>
    <UnitTest name="FormatToStringTest1000 (15411.371650797022,15411.37 zł)" storage="c:\projekty\mstestproject\bin\debug\netcoreapp3.1\mstestproject.dll" id="b3eca086-80ec-470f-908c-1757ee1001ad">
      <TestCategory>
        <TestCategoryItem TestCategory="Category1000" />
      </TestCategory>
      <Execution id="1d96a176-863a-4418-abcd-6ff6b1f1fab0" />
      <TestMethod codeBase="C:\Projekty\MSTestProject\bin\Debug\netcoreapp3.1\MSTestProject.dll" adapterTypeName="executor://mstestadapter/v2" className="TwojeWesele.Services.Helpers.Tests.CurrencyHelperTests" name="FormatToStringTest1000" />
    </UnitTest>
    <UnitTest name="FormatToStringTest1000 (65963.39932440939,65963.40 zł)" storage="c:\projekty\mstestproject\bin\debug\netcoreapp3.1\mstestproject.dll" id="4a6aca32-d0d9-4c47-9ee5-214044728ceb">
      <TestCategory>
        <TestCategoryItem TestCategory="Category1000" />
      </TestCategory>
      <Execution id="b5f22df1-e250-4059-8eda-28b45806da29" />
      <TestMethod codeBase="C:\Projekty\MSTestProject\bin\Debug\netcoreapp3.1\MSTestProject.dll" adapterTypeName="executor://mstestadapter/v2" className="TwojeWesele.Services.Helpers.Tests.CurrencyHelperTests" name="FormatToStringTest1000" />
    </UnitTest>
    <UnitTest name="FormatToStringTest1000 (1300.9430775404642,1300.94 zł)" storage="c:\projekty\mstestproject\bin\debug\netcoreapp3.1\mstestproject.dll" id="aff0b951-ec6c-450b-9710-e21fa98945f1">
      <TestCategory>
        <TestCategoryItem TestCategory="Category1000" />
      </TestCategory>
      <Execution id="2d9e94e3-3667-4896-be2e-bbdf59a1482d" />
      <TestMethod codeBase="C:\Projekty\MSTestProject\bin\Debug\netcoreapp3.1\MSTestProject.dll" adapterTypeName="executor://mstestadapter/v2" className="TwojeWesele.Services.Helpers.Tests.CurrencyHelperTests" name="FormatToStringTest1000" />
    </UnitTest>
    <UnitTest name="FormatToStringTest1000 (22592.465903659566,22592.47 zł)" storage="c:\projekty\mstestproject\bin\debug\netcoreapp3.1\mstestproject.dll" id="a710b90c-a8ab-443f-ae34-c798eb137905">
      <TestCategory>
        <TestCategoryItem TestCategory="Category1000" />
      </TestCategory>
      <Execution id="b7f98d8c-fb50-4ac1-a8c2-73422f4ea67e" />
      <TestMethod codeBase="C:\Projekty\MSTestProject\bin\Debug\netcoreapp3.1\MSTestProject.dll" adapterTypeName="executor://mstestadapter/v2" className="TwojeWesele.Services.Helpers.Tests.CurrencyHelperTests" name="FormatToStringTest1000" />
    </UnitTest>
    <UnitTest name="FormatToStringTest1000 (6173.0243155793405,6173.02 zł)" storage="c:\projekty\mstestproject\bin\debug\netcoreapp3.1\mstestproject.dll" id="d463c7bc-8c24-4b6c-a861-f9d51ded3655">
      <TestCategory>
        <TestCategoryItem TestCategory="Category1000" />
      </TestCategory>
      <Execution id="7d2409f7-55a0-4aec-a6cc-b539b6535b03" />
      <TestMethod codeBase="C:\Projekty\MSTestProject\bin\Debug\netcoreapp3.1\MSTestProject.dll" adapterTypeName="executor://mstestadapter/v2" className="TwojeWesele.Services.Helpers.Tests.CurrencyHelperTests" name="FormatToStringTest1000" />
    </UnitTest>
    <UnitTest name="FormatToStringTest1000 (2115.5076919884923,2115.51 zł)" storage="c:\projekty\mstestproject\bin\debug\netcoreapp3.1\mstestproject.dll" id="859779cd-47de-4a21-8836-3a741dec2ed5">
      <TestCategory>
        <TestCategoryItem TestCategory="Category1000" />
      </TestCategory>
      <Execution id="0dc853e9-98b7-4419-9c7b-0f31cfa1347e" />
      <TestMethod codeBase="C:\Projekty\MSTestProject\bin\Debug\netcoreapp3.1\MSTestProject.dll" adapterTypeName="executor://mstestadapter/v2" className="TwojeWesele.Services.Helpers.Tests.CurrencyHelperTests" name="FormatToStringTest1000" />
    </UnitTest>
    <UnitTest name="FormatToStringTest1000 (10227.532692039169,10227.53 zł)" storage="c:\projekty\mstestproject\bin\debug\netcoreapp3.1\mstestproject.dll" id="54465e8b-0c3d-4ae5-9849-8830c460555b">
      <TestCategory>
        <TestCategoryItem TestCategory="Category1000" />
      </TestCategory>
      <Execution id="b6fda4e2-3c36-49a7-b528-9a395444bccb" />
      <TestMethod codeBase="C:\Projekty\MSTestProject\bin\Debug\netcoreapp3.1\MSTestProject.dll" adapterTypeName="executor://mstestadapter/v2" className="TwojeWesele.Services.Helpers.Tests.CurrencyHelperTests" name="FormatToStringTest1000" />
    </UnitTest>
    <UnitTest name="FormatToStringTest1000 (58848.60825001477,58848.61 zł)" storage="c:\projekty\mstestproject\bin\debug\netcoreapp3.1\mstestproject.dll" id="b97c4047-059f-4f68-8725-1c75925c896c">
      <TestCategory>
        <TestCategoryItem TestCategory="Category1000" />
      </TestCategory>
      <Execution id="61e163d6-91bf-4d3d-a867-bb40d0ced285" />
      <TestMethod codeBase="C:\Projekty\MSTestProject\bin\Debug\netcoreapp3.1\MSTestProject.dll" adapterTypeName="executor://mstestadapter/v2" className="TwojeWesele.Services.Helpers.Tests.CurrencyHelperTests" name="FormatToStringTest1000" />
    </UnitTest>
    <UnitTest name="FormatToStringTest1000 (485.6735566554933,485.67 zł)" storage="c:\projekty\mstestproject\bin\debug\netcoreapp3.1\mstestproject.dll" id="e1735f81-82da-4e5d-9b31-3f87014a0cec">
      <TestCategory>
        <TestCategoryItem TestCategory="Category1000" />
      </TestCategory>
      <Execution id="ba690a66-3eae-4e92-86b0-f3ce2bec630c" />
      <TestMethod codeBase="C:\Projekty\MSTestProject\bin\Debug\netcoreapp3.1\MSTestProject.dll" adapterTypeName="executor://mstestadapter/v2" className="TwojeWesele.Services.Helpers.Tests.CurrencyHelperTests" name="FormatToStringTest1000" />
    </UnitTest>
    <UnitTest name="FormatToStringTest1000 (736.7398243680316,736.74 zł)" storage="c:\projekty\mstestproject\bin\debug\netcoreapp3.1\mstestproject.dll" id="6cde19db-3d0f-4c7c-94af-e67df9634973">
      <TestCategory>
        <TestCategoryItem TestCategory="Category1000" />
      </TestCategory>
      <Execution id="b02a107d-6327-48ee-9847-675a1cb0c289" />
      <TestMethod codeBase="C:\Projekty\MSTestProject\bin\Debug\netcoreapp3.1\MSTestProject.dll" adapterTypeName="executor://mstestadapter/v2" className="TwojeWesele.Services.Helpers.Tests.CurrencyHelperTests" name="FormatToStringTest1000" />
    </UnitTest>
    <UnitTest name="FormatToStringTest1000 (25990.318498101697,25990.32 zł)" storage="c:\projekty\mstestproject\bin\debug\netcoreapp3.1\mstestproject.dll" id="b3bbb3af-375d-4e6f-aa7d-1ad47989fa40">
      <TestCategory>
        <TestCategoryItem TestCategory="Category1000" />
      </TestCategory>
      <Execution id="2128b6ed-b526-4e83-af55-140f1a729366" />
      <TestMethod codeBase="C:\Projekty\MSTestProject\bin\Debug\netcoreapp3.1\MSTestProject.dll" adapterTypeName="executor://mstestadapter/v2" className="TwojeWesele.Services.Helpers.Tests.CurrencyHelperTests" name="FormatToStringTest1000" />
    </UnitTest>
    <UnitTest name="FormatToStringTest1000 (34084.19497795599,34084.19 zł)" storage="c:\projekty\mstestproject\bin\debug\netcoreapp3.1\mstestproject.dll" id="bf9974fb-fbca-4163-991c-c7a9c0fbbcab">
      <TestCategory>
        <TestCategoryItem TestCategory="Category1000" />
      </TestCategory>
      <Execution id="d1d038c4-6555-4960-9c4a-4e05cb53396b" />
      <TestMethod codeBase="C:\Projekty\MSTestProject\bin\Debug\netcoreapp3.1\MSTestProject.dll" adapterTypeName="executor://mstestadapter/v2" className="TwojeWesele.Services.Helpers.Tests.CurrencyHelperTests" name="FormatToStringTest1000" />
    </UnitTest>
    <UnitTest name="FormatToStringTest1000 (10268.547802396373,10268.55 zł)" storage="c:\projekty\mstestproject\bin\debug\netcoreapp3.1\mstestproject.dll" id="882c9db3-5fdb-470e-878a-41b0847e0969">
      <TestCategory>
        <TestCategoryItem TestCategory="Category1000" />
      </TestCategory>
      <Execution id="673ba9ab-3518-4e0f-84ff-8e10531628e9" />
      <TestMethod codeBase="C:\Projekty\MSTestProject\bin\Debug\netcoreapp3.1\MSTestProject.dll" adapterTypeName="executor://mstestadapter/v2" className="TwojeWesele.Services.Helpers.Tests.CurrencyHelperTests" name="FormatToStringTest1000" />
    </UnitTest>
    <UnitTest name="FormatToStringTest1000 (17990.38119827089,17990.38 zł)" storage="c:\projekty\mstestproject\bin\debug\netcoreapp3.1\mstestproject.dll" id="79e3cf6a-9665-42f2-87a3-eb5e8739f54c">
      <TestCategory>
        <TestCategoryItem TestCategory="Category1000" />
      </TestCategory>
      <Execution id="4cffd06d-ea3e-4286-910c-a37b8465b951" />
      <TestMethod codeBase="C:\Projekty\MSTestProject\bin\Debug\netcoreapp3.1\MSTestProject.dll" adapterTypeName="executor://mstestadapter/v2" className="TwojeWesele.Services.Helpers.Tests.CurrencyHelperTests" name="FormatToStringTest1000" />
    </UnitTest>
    <UnitTest name="FormatToStringTest1000 (37954.34384365396,37954.34 zł)" storage="c:\projekty\mstestproject\bin\debug\netcoreapp3.1\mstestproject.dll" id="df21e364-9b71-4f7f-ab3c-9b2c5141b296">
      <TestCategory>
        <TestCategoryItem TestCategory="Category1000" />
      </TestCategory>
      <Execution id="3cd58429-2104-47aa-873a-2ef1621fc2ff" />
      <TestMethod codeBase="C:\Projekty\MSTestProject\bin\Debug\netcoreapp3.1\MSTestProject.dll" adapterTypeName="executor://mstestadapter/v2" className="TwojeWesele.Services.Helpers.Tests.CurrencyHelperTests" name="FormatToStringTest1000" />
    </UnitTest>
    <UnitTest name="FormatToStringTest1000 (12641.700665183225,12641.70 zł)" storage="c:\projekty\mstestproject\bin\debug\netcoreapp3.1\mstestproject.dll" id="e93918b4-bc81-491d-80be-df23530cb3a0">
      <TestCategory>
        <TestCategoryItem TestCategory="Category1000" />
      </TestCategory>
      <Execution id="c4a9e814-918d-4f46-b7ca-ca877afacbdc" />
      <TestMethod codeBase="C:\Projekty\MSTestProject\bin\Debug\netcoreapp3.1\MSTestProject.dll" adapterTypeName="executor://mstestadapter/v2" className="TwojeWesele.Services.Helpers.Tests.CurrencyHelperTests" name="FormatToStringTest1000" />
    </UnitTest>
    <UnitTest name="FormatToStringTest1000 (1994.0983933439006,1994.10 zł)" storage="c:\projekty\mstestproject\bin\debug\netcoreapp3.1\mstestproject.dll" id="6b8cb8a0-d174-40cb-9c73-1e866081b546">
      <TestCategory>
        <TestCategoryItem TestCategory="Category1000" />
      </TestCategory>
      <Execution id="67b9e0c5-1060-4170-ae9e-dacd011a6713" />
      <TestMethod codeBase="C:\Projekty\MSTestProject\bin\Debug\netcoreapp3.1\MSTestProject.dll" adapterTypeName="executor://mstestadapter/v2" className="TwojeWesele.Services.Helpers.Tests.CurrencyHelperTests" name="FormatToStringTest1000" />
    </UnitTest>
    <UnitTest name="FormatToStringTest1000 (13337.80490493486,13337.80 zł)" storage="c:\projekty\mstestproject\bin\debug\netcoreapp3.1\mstestproject.dll" id="ed04d2dd-37a7-465a-a0f5-c5e56d913cb6">
      <TestCategory>
        <TestCategoryItem TestCategory="Category1000" />
      </TestCategory>
      <Execution id="d3cfa9cd-0ac0-4f92-af56-6f038788046b" />
      <TestMethod codeBase="C:\Projekty\MSTestProject\bin\Debug\netcoreapp3.1\MSTestProject.dll" adapterTypeName="executor://mstestadapter/v2" className="TwojeWesele.Services.Helpers.Tests.CurrencyHelperTests" name="FormatToStringTest1000" />
    </UnitTest>
    <UnitTest name="FormatToStringTest1000 (52888.48934243642,52888.49 zł)" storage="c:\projekty\mstestproject\bin\debug\netcoreapp3.1\mstestproject.dll" id="73c91720-08c4-45d4-a925-ff7675f200f9">
      <TestCategory>
        <TestCategoryItem TestCategory="Category1000" />
      </TestCategory>
      <Execution id="78b7387b-b206-4c1f-a352-5430a191204a" />
      <TestMethod codeBase="C:\Projekty\MSTestProject\bin\Debug\netcoreapp3.1\MSTestProject.dll" adapterTypeName="executor://mstestadapter/v2" className="TwojeWesele.Services.Helpers.Tests.CurrencyHelperTests" name="FormatToStringTest1000" />
    </UnitTest>
    <UnitTest name="FormatToStringTest1000 (39146.892120180135,39146.89 zł)" storage="c:\projekty\mstestproject\bin\debug\netcoreapp3.1\mstestproject.dll" id="96698d1c-c780-4e13-81ae-fe2dcc2fec56">
      <TestCategory>
        <TestCategoryItem TestCategory="Category1000" />
      </TestCategory>
      <Execution id="84692565-99a0-4c33-bdab-cc75c30a0629" />
      <TestMethod codeBase="C:\Projekty\MSTestProject\bin\Debug\netcoreapp3.1\MSTestProject.dll" adapterTypeName="executor://mstestadapter/v2" className="TwojeWesele.Services.Helpers.Tests.CurrencyHelperTests" name="FormatToStringTest1000" />
    </UnitTest>
    <UnitTest name="FormatToStringTest1000 (7004.710832051798,7004.71 zł)" storage="c:\projekty\mstestproject\bin\debug\netcoreapp3.1\mstestproject.dll" id="8c659a41-142e-4d20-8caf-c45a223aef36">
      <TestCategory>
        <TestCategoryItem TestCategory="Category1000" />
      </TestCategory>
      <Execution id="c860ef34-e01b-457f-b354-4636f96e2e9f" />
      <TestMethod codeBase="C:\Projekty\MSTestProject\bin\Debug\netcoreapp3.1\MSTestProject.dll" adapterTypeName="executor://mstestadapter/v2" className="TwojeWesele.Services.Helpers.Tests.CurrencyHelperTests" name="FormatToStringTest1000" />
    </UnitTest>
    <UnitTest name="FormatToStringTest1000 (545.7016866634142,545.70 zł)" storage="c:\projekty\mstestproject\bin\debug\netcoreapp3.1\mstestproject.dll" id="52e1efee-e932-4526-9b63-ef6be8e3d149">
      <TestCategory>
        <TestCategoryItem TestCategory="Category1000" />
      </TestCategory>
      <Execution id="cf2f68cd-962c-4e3a-a3f2-8b79b54bbd9d" />
      <TestMethod codeBase="C:\Projekty\MSTestProject\bin\Debug\netcoreapp3.1\MSTestProject.dll" adapterTypeName="executor://mstestadapter/v2" className="TwojeWesele.Services.Helpers.Tests.CurrencyHelperTests" name="FormatToStringTest1000" />
    </UnitTest>
    <UnitTest name="FormatToStringTest1000 (16957.4523676757,16957.45 zł)" storage="c:\projekty\mstestproject\bin\debug\netcoreapp3.1\mstestproject.dll" id="f72fbe25-4c7b-4bfa-954f-6601568d6786">
      <TestCategory>
        <TestCategoryItem TestCategory="Category1000" />
      </TestCategory>
      <Execution id="bbb4cfad-3438-4f7a-90a3-c08f2ac48c46" />
      <TestMethod codeBase="C:\Projekty\MSTestProject\bin\Debug\netcoreapp3.1\MSTestProject.dll" adapterTypeName="executor://mstestadapter/v2" className="TwojeWesele.Services.Helpers.Tests.CurrencyHelperTests" name="FormatToStringTest1000" />
    </UnitTest>
    <UnitTest name="FormatToStringTest1000 (58111.21259843521,58111.21 zł)" storage="c:\projekty\mstestproject\bin\debug\netcoreapp3.1\mstestproject.dll" id="0ad19d43-685c-4554-8857-f66bd862915c">
      <TestCategory>
        <TestCategoryItem TestCategory="Category1000" />
      </TestCategory>
      <Execution id="bd98cf4f-794d-4c3f-828a-8c32e003ed02" />
      <TestMethod codeBase="C:\Projekty\MSTestProject\bin\Debug\netcoreapp3.1\MSTestProject.dll" adapterTypeName="executor://mstestadapter/v2" className="TwojeWesele.Services.Helpers.Tests.CurrencyHelperTests" name="FormatToStringTest1000" />
    </UnitTest>
    <UnitTest name="FormatToStringTest1000 (28583.827618148098,28583.83 zł)" storage="c:\projekty\mstestproject\bin\debug\netcoreapp3.1\mstestproject.dll" id="834ae33b-d5b5-42c0-97f6-df3ad2ba5f34">
      <TestCategory>
        <TestCategoryItem TestCategory="Category1000" />
      </TestCategory>
      <Execution id="2ddc0249-001c-4981-a1ac-fe8ae94c6260" />
      <TestMethod codeBase="C:\Projekty\MSTestProject\bin\Debug\netcoreapp3.1\MSTestProject.dll" adapterTypeName="executor://mstestadapter/v2" className="TwojeWesele.Services.Helpers.Tests.CurrencyHelperTests" name="FormatToStringTest1000" />
    </UnitTest>
    <UnitTest name="FormatToStringTest1000 (2718.1767171650085,2718.18 zł)" storage="c:\projekty\mstestproject\bin\debug\netcoreapp3.1\mstestproject.dll" id="f80ef7a5-0fc2-4198-8898-9622f203287b">
      <TestCategory>
        <TestCategoryItem TestCategory="Category1000" />
      </TestCategory>
      <Execution id="cf483522-b2fe-43bb-8160-5be7a95e69bf" />
      <TestMethod codeBase="C:\Projekty\MSTestProject\bin\Debug\netcoreapp3.1\MSTestProject.dll" adapterTypeName="executor://mstestadapter/v2" className="TwojeWesele.Services.Helpers.Tests.CurrencyHelperTests" name="FormatToStringTest1000" />
    </UnitTest>
    <UnitTest name="FormatToStringTest1000 (22459.530444447664,22459.53 zł)" storage="c:\projekty\mstestproject\bin\debug\netcoreapp3.1\mstestproject.dll" id="075c9273-9a8c-483a-aae2-a5b48e005015">
      <TestCategory>
        <TestCategoryItem TestCategory="Category1000" />
      </TestCategory>
      <Execution id="d5c96f2a-d150-4c82-b993-3dce9f293f87" />
      <TestMethod codeBase="C:\Projekty\MSTestProject\bin\Debug\netcoreapp3.1\MSTestProject.dll" adapterTypeName="executor://mstestadapter/v2" className="TwojeWesele.Services.Helpers.Tests.CurrencyHelperTests" name="FormatToStringTest1000" />
    </UnitTest>
    <UnitTest name="FormatToStringTest1000 (11912.404131636213,11912.40 zł)" storage="c:\projekty\mstestproject\bin\debug\netcoreapp3.1\mstestproject.dll" id="0a480d12-eea0-4c84-8eae-e1fc7e3a03f3">
      <TestCategory>
        <TestCategoryItem TestCategory="Category1000" />
      </TestCategory>
      <Execution id="2164ac77-4302-4fdb-a1a2-25878bebf754" />
      <TestMethod codeBase="C:\Projekty\MSTestProject\bin\Debug\netcoreapp3.1\MSTestProject.dll" adapterTypeName="executor://mstestadapter/v2" className="TwojeWesele.Services.Helpers.Tests.CurrencyHelperTests" name="FormatToStringTest1000" />
    </UnitTest>
    <UnitTest name="FormatToStringTest1000 (6266.232005888704,6266.23 zł)" storage="c:\projekty\mstestproject\bin\debug\netcoreapp3.1\mstestproject.dll" id="3fce350d-034a-4b18-b777-d9132fe2fb46">
      <TestCategory>
        <TestCategoryItem TestCategory="Category1000" />
      </TestCategory>
      <Execution id="024595aa-aa5a-4832-b85d-eda9f6aa6e74" />
      <TestMethod codeBase="C:\Projekty\MSTestProject\bin\Debug\netcoreapp3.1\MSTestProject.dll" adapterTypeName="executor://mstestadapter/v2" className="TwojeWesele.Services.Helpers.Tests.CurrencyHelperTests" name="FormatToStringTest1000" />
    </UnitTest>
    <UnitTest name="FormatToStringTest1000 (19085.023282992664,19085.02 zł)" storage="c:\projekty\mstestproject\bin\debug\netcoreapp3.1\mstestproject.dll" id="eb6e168a-4bcd-4bf1-b783-8b30e438f8e2">
      <TestCategory>
        <TestCategoryItem TestCategory="Category1000" />
      </TestCategory>
      <Execution id="4dc488e9-043d-4775-8acf-cc779f128003" />
      <TestMethod codeBase="C:\Projekty\MSTestProject\bin\Debug\netcoreapp3.1\MSTestProject.dll" adapterTypeName="executor://mstestadapter/v2" className="TwojeWesele.Services.Helpers.Tests.CurrencyHelperTests" name="FormatToStringTest1000" />
    </UnitTest>
    <UnitTest name="FormatToStringTest1000 (18032.4720825476,18032.47 zł)" storage="c:\projekty\mstestproject\bin\debug\netcoreapp3.1\mstestproject.dll" id="b102a236-a38e-4ee7-93c4-add08c6fe474">
      <TestCategory>
        <TestCategoryItem TestCategory="Category1000" />
      </TestCategory>
      <Execution id="51fb5fc6-c2ec-4e7c-91d8-fcba3edab78c" />
      <TestMethod codeBase="C:\Projekty\MSTestProject\bin\Debug\netcoreapp3.1\MSTestProject.dll" adapterTypeName="executor://mstestadapter/v2" className="TwojeWesele.Services.Helpers.Tests.CurrencyHelperTests" name="FormatToStringTest1000" />
    </UnitTest>
    <UnitTest name="FormatToStringTest1000 (72659.37876478041,72659.38 zł)" storage="c:\projekty\mstestproject\bin\debug\netcoreapp3.1\mstestproject.dll" id="09c47e9f-24ca-42fb-a8de-78eef25a969e">
      <TestCategory>
        <TestCategoryItem TestCategory="Category1000" />
      </TestCategory>
      <Execution id="571e231f-9a29-45b7-b6df-1ba2abb09653" />
      <TestMethod codeBase="C:\Projekty\MSTestProject\bin\Debug\netcoreapp3.1\MSTestProject.dll" adapterTypeName="executor://mstestadapter/v2" className="TwojeWesele.Services.Helpers.Tests.CurrencyHelperTests" name="FormatToStringTest1000" />
    </UnitTest>
    <UnitTest name="FormatToStringTest1000 (27164.0272410419,27164.03 zł)" storage="c:\projekty\mstestproject\bin\debug\netcoreapp3.1\mstestproject.dll" id="a5e1e46b-d776-4b31-9ad7-b645ae232178">
      <TestCategory>
        <TestCategoryItem TestCategory="Category1000" />
      </TestCategory>
      <Execution id="075eeb1c-b56b-4896-bcbb-7e26547c0977" />
      <TestMethod codeBase="C:\Projekty\MSTestProject\bin\Debug\netcoreapp3.1\MSTestProject.dll" adapterTypeName="executor://mstestadapter/v2" className="TwojeWesele.Services.Helpers.Tests.CurrencyHelperTests" name="FormatToStringTest1000" />
    </UnitTest>
    <UnitTest name="FormatToStringTest1000 (63946.51014057478,63946.51 zł)" storage="c:\projekty\mstestproject\bin\debug\netcoreapp3.1\mstestproject.dll" id="b8cd239f-a89d-44b7-876f-0917f62aea36">
      <TestCategory>
        <TestCategoryItem TestCategory="Category1000" />
      </TestCategory>
      <Execution id="2e8b79fd-5a6b-4462-a2c6-428832ecd6ac" />
      <TestMethod codeBase="C:\Projekty\MSTestProject\bin\Debug\netcoreapp3.1\MSTestProject.dll" adapterTypeName="executor://mstestadapter/v2" className="TwojeWesele.Services.Helpers.Tests.CurrencyHelperTests" name="FormatToStringTest1000" />
    </UnitTest>
    <UnitTest name="FormatToStringTest1000 (26133.133789601336,26133.13 zł)" storage="c:\projekty\mstestproject\bin\debug\netcoreapp3.1\mstestproject.dll" id="5b6c2479-b694-452b-b106-6a9bea7f2b70">
      <TestCategory>
        <TestCategoryItem TestCategory="Category1000" />
      </TestCategory>
      <Execution id="0b9aa4cb-b76c-41de-bbf0-139d6b35c64c" />
      <TestMethod codeBase="C:\Projekty\MSTestProject\bin\Debug\netcoreapp3.1\MSTestProject.dll" adapterTypeName="executor://mstestadapter/v2" className="TwojeWesele.Services.Helpers.Tests.CurrencyHelperTests" name="FormatToStringTest1000" />
    </UnitTest>
    <UnitTest name="FormatToStringTest1000 (3303.1902076747224,3303.19 zł)" storage="c:\projekty\mstestproject\bin\debug\netcoreapp3.1\mstestproject.dll" id="6a34398b-bee2-4711-9c6e-f3f71ea4a07c">
      <TestCategory>
        <TestCategoryItem TestCategory="Category1000" />
      </TestCategory>
      <Execution id="c8478858-f1a7-4140-a94d-e0d9b8ca169f" />
      <TestMethod codeBase="C:\Projekty\MSTestProject\bin\Debug\netcoreapp3.1\MSTestProject.dll" adapterTypeName="executor://mstestadapter/v2" className="TwojeWesele.Services.Helpers.Tests.CurrencyHelperTests" name="FormatToStringTest1000" />
    </UnitTest>
    <UnitTest name="FormatToStringTest1000 (26223.99769144412,26224.00 zł)" storage="c:\projekty\mstestproject\bin\debug\netcoreapp3.1\mstestproject.dll" id="23b22286-944f-47f3-8886-a9e3a68f57ac">
      <TestCategory>
        <TestCategoryItem TestCategory="Category1000" />
      </TestCategory>
      <Execution id="817f5680-83be-4196-b1b9-1b59a6725a89" />
      <TestMethod codeBase="C:\Projekty\MSTestProject\bin\Debug\netcoreapp3.1\MSTestProject.dll" adapterTypeName="executor://mstestadapter/v2" className="TwojeWesele.Services.Helpers.Tests.CurrencyHelperTests" name="FormatToStringTest1000" />
    </UnitTest>
    <UnitTest name="FormatToStringTest1000 (21961.272673999552,21961.27 zł)" storage="c:\projekty\mstestproject\bin\debug\netcoreapp3.1\mstestproject.dll" id="d3af94e5-ef2b-4b4a-9895-93106cf3212d">
      <TestCategory>
        <TestCategoryItem TestCategory="Category1000" />
      </TestCategory>
      <Execution id="980fe077-99e8-4c78-aa0c-73136a46958e" />
      <TestMethod codeBase="C:\Projekty\MSTestProject\bin\Debug\netcoreapp3.1\MSTestProject.dll" adapterTypeName="executor://mstestadapter/v2" className="TwojeWesele.Services.Helpers.Tests.CurrencyHelperTests" name="FormatToStringTest1000" />
    </UnitTest>
    <UnitTest name="FormatToStringTest1000 (2121.0917325211185,2121.09 zł)" storage="c:\projekty\mstestproject\bin\debug\netcoreapp3.1\mstestproject.dll" id="f83e0eea-bc66-439b-a1ac-8fadd5001605">
      <TestCategory>
        <TestCategoryItem TestCategory="Category1000" />
      </TestCategory>
      <Execution id="bc40b962-43a7-4c8d-8b0f-1659789f2308" />
      <TestMethod codeBase="C:\Projekty\MSTestProject\bin\Debug\netcoreapp3.1\MSTestProject.dll" adapterTypeName="executor://mstestadapter/v2" className="TwojeWesele.Services.Helpers.Tests.CurrencyHelperTests" name="FormatToStringTest1000" />
    </UnitTest>
    <UnitTest name="FormatToStringTest1000 (7569.605888796322,7569.61 zł)" storage="c:\projekty\mstestproject\bin\debug\netcoreapp3.1\mstestproject.dll" id="a7bda2fb-6bc9-4e16-bb20-fea4327d4510">
      <TestCategory>
        <TestCategoryItem TestCategory="Category1000" />
      </TestCategory>
      <Execution id="2417d37b-9a98-421a-8b06-f8642c0dfd91" />
      <TestMethod codeBase="C:\Projekty\MSTestProject\bin\Debug\netcoreapp3.1\MSTestProject.dll" adapterTypeName="executor://mstestadapter/v2" className="TwojeWesele.Services.Helpers.Tests.CurrencyHelperTests" name="FormatToStringTest1000" />
    </UnitTest>
    <UnitTest name="FormatToStringTest1000 (25794.833624416417,25794.83 zł)" storage="c:\projekty\mstestproject\bin\debug\netcoreapp3.1\mstestproject.dll" id="886c0239-a823-4a21-9ca8-8afaa473a144">
      <TestCategory>
        <TestCategoryItem TestCategory="Category1000" />
      </TestCategory>
      <Execution id="b1b1d365-d69c-45d5-a98e-94234c0d159e" />
      <TestMethod codeBase="C:\Projekty\MSTestProject\bin\Debug\netcoreapp3.1\MSTestProject.dll" adapterTypeName="executor://mstestadapter/v2" className="TwojeWesele.Services.Helpers.Tests.CurrencyHelperTests" name="FormatToStringTest1000" />
    </UnitTest>
    <UnitTest name="FormatToStringTest1000 (58191.92113629585,58191.92 zł)" storage="c:\projekty\mstestproject\bin\debug\netcoreapp3.1\mstestproject.dll" id="eb4b4910-ba80-4487-93ad-fd2678b33f6d">
      <TestCategory>
        <TestCategoryItem TestCategory="Category1000" />
      </TestCategory>
      <Execution id="d261ba17-b8d0-44e8-953c-082334c27e0b" />
      <TestMethod codeBase="C:\Projekty\MSTestProject\bin\Debug\netcoreapp3.1\MSTestProject.dll" adapterTypeName="executor://mstestadapter/v2" className="TwojeWesele.Services.Helpers.Tests.CurrencyHelperTests" name="FormatToStringTest1000" />
    </UnitTest>
    <UnitTest name="FormatToStringTest1000 (12370.243090209198,12370.24 zł)" storage="c:\projekty\mstestproject\bin\debug\netcoreapp3.1\mstestproject.dll" id="79f1376c-6d7a-4a7a-9153-0bcab2591b76">
      <TestCategory>
        <TestCategoryItem TestCategory="Category1000" />
      </TestCategory>
      <Execution id="f0dfdc6c-e94e-41a4-a8f6-67b0ec5609cc" />
      <TestMethod codeBase="C:\Projekty\MSTestProject\bin\Debug\netcoreapp3.1\MSTestProject.dll" adapterTypeName="executor://mstestadapter/v2" className="TwojeWesele.Services.Helpers.Tests.CurrencyHelperTests" name="FormatToStringTest1000" />
    </UnitTest>
    <UnitTest name="FormatToStringTest1000 (21281.64584727662,21281.65 zł)" storage="c:\projekty\mstestproject\bin\debug\netcoreapp3.1\mstestproject.dll" id="c390ac86-4641-409a-8bd6-24210b74422b">
      <TestCategory>
        <TestCategoryItem TestCategory="Category1000" />
      </TestCategory>
      <Execution id="c183d3b5-3900-456a-984a-98890d2d878b" />
      <TestMethod codeBase="C:\Projekty\MSTestProject\bin\Debug\netcoreapp3.1\MSTestProject.dll" adapterTypeName="executor://mstestadapter/v2" className="TwojeWesele.Services.Helpers.Tests.CurrencyHelperTests" name="FormatToStringTest1000" />
    </UnitTest>
    <UnitTest name="FormatToStringTest1000 (12759.925747307914,12759.93 zł)" storage="c:\projekty\mstestproject\bin\debug\netcoreapp3.1\mstestproject.dll" id="30965426-8c85-4952-966a-9726fd855154">
      <TestCategory>
        <TestCategoryItem TestCategory="Category1000" />
      </TestCategory>
      <Execution id="f3a5244f-cc4f-41a2-8e18-357ae8416f22" />
      <TestMethod codeBase="C:\Projekty\MSTestProject\bin\Debug\netcoreapp3.1\MSTestProject.dll" adapterTypeName="executor://mstestadapter/v2" className="TwojeWesele.Services.Helpers.Tests.CurrencyHelperTests" name="FormatToStringTest1000" />
    </UnitTest>
    <UnitTest name="FormatToStringTest1000 (748.6264857065987,748.63 zł)" storage="c:\projekty\mstestproject\bin\debug\netcoreapp3.1\mstestproject.dll" id="defc6c6c-431a-415f-8caf-17cafd3fd679">
      <TestCategory>
        <TestCategoryItem TestCategory="Category1000" />
      </TestCategory>
      <Execution id="d29d9374-a156-488e-a839-efac089669b6" />
      <TestMethod codeBase="C:\Projekty\MSTestProject\bin\Debug\netcoreapp3.1\MSTestProject.dll" adapterTypeName="executor://mstestadapter/v2" className="TwojeWesele.Services.Helpers.Tests.CurrencyHelperTests" name="FormatToStringTest1000" />
    </UnitTest>
    <UnitTest name="FormatToStringTest1000 (11.555284778846096,11.56 zł)" storage="c:\projekty\mstestproject\bin\debug\netcoreapp3.1\mstestproject.dll" id="00c03b00-4ce6-4455-b34b-146d713e53f0">
      <TestCategory>
        <TestCategoryItem TestCategory="Category1000" />
      </TestCategory>
      <Execution id="65ee5f53-1352-47d1-989a-959ba63f485b" />
      <TestMethod codeBase="C:\Projekty\MSTestProject\bin\Debug\netcoreapp3.1\MSTestProject.dll" adapterTypeName="executor://mstestadapter/v2" className="TwojeWesele.Services.Helpers.Tests.CurrencyHelperTests" name="FormatToStringTest1000" />
    </UnitTest>
    <UnitTest name="FormatToStringTest1000 (38614.292320713066,38614.29 zł)" storage="c:\projekty\mstestproject\bin\debug\netcoreapp3.1\mstestproject.dll" id="241f0c98-f8a4-4e56-a810-d3a566398183">
      <TestCategory>
        <TestCategoryItem TestCategory="Category1000" />
      </TestCategory>
      <Execution id="5c403c8a-c929-4f20-b4ea-239f706847f3" />
      <TestMethod codeBase="C:\Projekty\MSTestProject\bin\Debug\netcoreapp3.1\MSTestProject.dll" adapterTypeName="executor://mstestadapter/v2" className="TwojeWesele.Services.Helpers.Tests.CurrencyHelperTests" name="FormatToStringTest1000" />
    </UnitTest>
    <UnitTest name="FormatToStringTest1000 (480.2082316857801,480.21 zł)" storage="c:\projekty\mstestproject\bin\debug\netcoreapp3.1\mstestproject.dll" id="059ad0e5-7969-4edd-a9dc-a6cbb9ed7af0">
      <TestCategory>
        <TestCategoryItem TestCategory="Category1000" />
      </TestCategory>
      <Execution id="9d2b8878-2905-477c-b9f8-34f0df4b75c4" />
      <TestMethod codeBase="C:\Projekty\MSTestProject\bin\Debug\netcoreapp3.1\MSTestProject.dll" adapterTypeName="executor://mstestadapter/v2" className="TwojeWesele.Services.Helpers.Tests.CurrencyHelperTests" name="FormatToStringTest1000" />
    </UnitTest>
    <UnitTest name="FormatToStringTest1000 (30031.89550569323,30031.90 zł)" storage="c:\projekty\mstestproject\bin\debug\netcoreapp3.1\mstestproject.dll" id="c5d5c190-a247-48ea-b781-07d43c097047">
      <TestCategory>
        <TestCategoryItem TestCategory="Category1000" />
      </TestCategory>
      <Execution id="a2626858-7619-4876-90c5-e2849d816af7" />
      <TestMethod codeBase="C:\Projekty\MSTestProject\bin\Debug\netcoreapp3.1\MSTestProject.dll" adapterTypeName="executor://mstestadapter/v2" className="TwojeWesele.Services.Helpers.Tests.CurrencyHelperTests" name="FormatToStringTest1000" />
    </UnitTest>
    <UnitTest name="FormatToStringTest1000 (59768.02667973611,59768.03 zł)" storage="c:\projekty\mstestproject\bin\debug\netcoreapp3.1\mstestproject.dll" id="ddd54b62-2798-4a42-a234-daf304734a87">
      <TestCategory>
        <TestCategoryItem TestCategory="Category1000" />
      </TestCategory>
      <Execution id="e354d3c7-9f03-4ff0-b2ae-16f6e27a75d4" />
      <TestMethod codeBase="C:\Projekty\MSTestProject\bin\Debug\netcoreapp3.1\MSTestProject.dll" adapterTypeName="executor://mstestadapter/v2" className="TwojeWesele.Services.Helpers.Tests.CurrencyHelperTests" name="FormatToStringTest1000" />
    </UnitTest>
    <UnitTest name="FormatToStringTest1000 (41915.7945284563,41915.79 zł)" storage="c:\projekty\mstestproject\bin\debug\netcoreapp3.1\mstestproject.dll" id="66430f0a-9e7f-41a7-929e-21c1a2cbc97c">
      <TestCategory>
        <TestCategoryItem TestCategory="Category1000" />
      </TestCategory>
      <Execution id="7f46cc5e-511d-41b6-8761-d1638830fcc7" />
      <TestMethod codeBase="C:\Projekty\MSTestProject\bin\Debug\netcoreapp3.1\MSTestProject.dll" adapterTypeName="executor://mstestadapter/v2" className="TwojeWesele.Services.Helpers.Tests.CurrencyHelperTests" name="FormatToStringTest1000" />
    </UnitTest>
    <UnitTest name="FormatToStringTest1000 (66764.31690498316,66764.32 zł)" storage="c:\projekty\mstestproject\bin\debug\netcoreapp3.1\mstestproject.dll" id="1fd4eed7-3c5d-47e8-a6a3-1b2d6d42e675">
      <TestCategory>
        <TestCategoryItem TestCategory="Category1000" />
      </TestCategory>
      <Execution id="9c343cb0-b7cd-4b15-a099-dce6a419dc2b" />
      <TestMethod codeBase="C:\Projekty\MSTestProject\bin\Debug\netcoreapp3.1\MSTestProject.dll" adapterTypeName="executor://mstestadapter/v2" className="TwojeWesele.Services.Helpers.Tests.CurrencyHelperTests" name="FormatToStringTest1000" />
    </UnitTest>
    <UnitTest name="FormatToStringTest1000 (2937.138486199611,2937.14 zł)" storage="c:\projekty\mstestproject\bin\debug\netcoreapp3.1\mstestproject.dll" id="7a0a2588-cf03-42a5-8c5f-9ed3430f606d">
      <TestCategory>
        <TestCategoryItem TestCategory="Category1000" />
      </TestCategory>
      <Execution id="040f1c84-4fc6-48b7-851a-0d42d8d9ad3c" />
      <TestMethod codeBase="C:\Projekty\MSTestProject\bin\Debug\netcoreapp3.1\MSTestProject.dll" adapterTypeName="executor://mstestadapter/v2" className="TwojeWesele.Services.Helpers.Tests.CurrencyHelperTests" name="FormatToStringTest1000" />
    </UnitTest>
    <UnitTest name="FormatToStringTest1000 (81326.3340147521,81326.33 zł)" storage="c:\projekty\mstestproject\bin\debug\netcoreapp3.1\mstestproject.dll" id="fe764d61-855a-48ec-b55e-48e8a428319e">
      <TestCategory>
        <TestCategoryItem TestCategory="Category1000" />
      </TestCategory>
      <Execution id="d7a9376c-6138-442d-86e0-2bd313fde8d6" />
      <TestMethod codeBase="C:\Projekty\MSTestProject\bin\Debug\netcoreapp3.1\MSTestProject.dll" adapterTypeName="executor://mstestadapter/v2" className="TwojeWesele.Services.Helpers.Tests.CurrencyHelperTests" name="FormatToStringTest1000" />
    </UnitTest>
    <UnitTest name="FormatToStringTest1000 (5396.620088554277,5396.62 zł)" storage="c:\projekty\mstestproject\bin\debug\netcoreapp3.1\mstestproject.dll" id="e45f76e0-3ebc-4d49-aa16-2b0f62b2dc74">
      <TestCategory>
        <TestCategoryItem TestCategory="Category1000" />
      </TestCategory>
      <Execution id="1d3c81ca-787e-47a7-b00d-db8b950f8aa7" />
      <TestMethod codeBase="C:\Projekty\MSTestProject\bin\Debug\netcoreapp3.1\MSTestProject.dll" adapterTypeName="executor://mstestadapter/v2" className="TwojeWesele.Services.Helpers.Tests.CurrencyHelperTests" name="FormatToStringTest1000" />
    </UnitTest>
    <UnitTest name="FormatToStringTest1000 (2951.2722077329045,2951.27 zł)" storage="c:\projekty\mstestproject\bin\debug\netcoreapp3.1\mstestproject.dll" id="07712a72-6e67-4d7b-ac8e-25e0b7a89951">
      <TestCategory>
        <TestCategoryItem TestCategory="Category1000" />
      </TestCategory>
      <Execution id="0d7ead16-cade-40dc-86e0-155f0d3de444" />
      <TestMethod codeBase="C:\Projekty\MSTestProject\bin\Debug\netcoreapp3.1\MSTestProject.dll" adapterTypeName="executor://mstestadapter/v2" className="TwojeWesele.Services.Helpers.Tests.CurrencyHelperTests" name="FormatToStringTest1000" />
    </UnitTest>
    <UnitTest name="FormatToStringTest1000 (16030.852371789913,16030.85 zł)" storage="c:\projekty\mstestproject\bin\debug\netcoreapp3.1\mstestproject.dll" id="2c8aaa1e-ba17-4831-a4c2-4989e1097d2a">
      <TestCategory>
        <TestCategoryItem TestCategory="Category1000" />
      </TestCategory>
      <Execution id="540c9b50-e8de-4c91-b3c8-bd69f09e18d0" />
      <TestMethod codeBase="C:\Projekty\MSTestProject\bin\Debug\netcoreapp3.1\MSTestProject.dll" adapterTypeName="executor://mstestadapter/v2" className="TwojeWesele.Services.Helpers.Tests.CurrencyHelperTests" name="FormatToStringTest1000" />
    </UnitTest>
    <UnitTest name="FormatToStringTest1000 (63427.55325689332,63427.55 zł)" storage="c:\projekty\mstestproject\bin\debug\netcoreapp3.1\mstestproject.dll" id="1f1f6da9-b471-4ffd-97ad-95c33aee1e00">
      <TestCategory>
        <TestCategoryItem TestCategory="Category1000" />
      </TestCategory>
      <Execution id="64661a6b-4fa5-4aa6-9735-5c77cf2274d8" />
      <TestMethod codeBase="C:\Projekty\MSTestProject\bin\Debug\netcoreapp3.1\MSTestProject.dll" adapterTypeName="executor://mstestadapter/v2" className="TwojeWesele.Services.Helpers.Tests.CurrencyHelperTests" name="FormatToStringTest1000" />
    </UnitTest>
    <UnitTest name="FormatToStringTest1000 (25272.05048361283,25272.05 zł)" storage="c:\projekty\mstestproject\bin\debug\netcoreapp3.1\mstestproject.dll" id="cce2c0ad-e4b9-49eb-97dc-d48bba103918">
      <TestCategory>
        <TestCategoryItem TestCategory="Category1000" />
      </TestCategory>
      <Execution id="d35a8981-f459-4447-93be-d5e3fdc7175b" />
      <TestMethod codeBase="C:\Projekty\MSTestProject\bin\Debug\netcoreapp3.1\MSTestProject.dll" adapterTypeName="executor://mstestadapter/v2" className="TwojeWesele.Services.Helpers.Tests.CurrencyHelperTests" name="FormatToStringTest1000" />
    </UnitTest>
    <UnitTest name="FormatToStringTest1000 (6550.421588937948,6550.42 zł)" storage="c:\projekty\mstestproject\bin\debug\netcoreapp3.1\mstestproject.dll" id="99bdc7f3-a58c-467a-9782-36d9d55ae733">
      <TestCategory>
        <TestCategoryItem TestCategory="Category1000" />
      </TestCategory>
      <Execution id="aad9b76c-9bb9-4b22-bdb5-c41994b07a37" />
      <TestMethod codeBase="C:\Projekty\MSTestProject\bin\Debug\netcoreapp3.1\MSTestProject.dll" adapterTypeName="executor://mstestadapter/v2" className="TwojeWesele.Services.Helpers.Tests.CurrencyHelperTests" name="FormatToStringTest1000" />
    </UnitTest>
    <UnitTest name="FormatToStringTest1000 (25135.10315489727,25135.10 zł)" storage="c:\projekty\mstestproject\bin\debug\netcoreapp3.1\mstestproject.dll" id="e9712a5a-4025-47f7-bbd8-fb35605b2a4e">
      <TestCategory>
        <TestCategoryItem TestCategory="Category1000" />
      </TestCategory>
      <Execution id="4763d23b-b809-4bd6-8ba9-5d3751625adb" />
      <TestMethod codeBase="C:\Projekty\MSTestProject\bin\Debug\netcoreapp3.1\MSTestProject.dll" adapterTypeName="executor://mstestadapter/v2" className="TwojeWesele.Services.Helpers.Tests.CurrencyHelperTests" name="FormatToStringTest1000" />
    </UnitTest>
    <UnitTest name="FormatToStringTest1000 (1649.0127968480872,1649.01 zł)" storage="c:\projekty\mstestproject\bin\debug\netcoreapp3.1\mstestproject.dll" id="3d54f353-eb58-4bbb-970c-ea31b5937237">
      <TestCategory>
        <TestCategoryItem TestCategory="Category1000" />
      </TestCategory>
      <Execution id="dd5128f4-95c4-4a84-913f-1e0eeb9f2d61" />
      <TestMethod codeBase="C:\Projekty\MSTestProject\bin\Debug\netcoreapp3.1\MSTestProject.dll" adapterTypeName="executor://mstestadapter/v2" className="TwojeWesele.Services.Helpers.Tests.CurrencyHelperTests" name="FormatToStringTest1000" />
    </UnitTest>
    <UnitTest name="FormatToStringTest1000 (4105.490993980081,4105.49 zł)" storage="c:\projekty\mstestproject\bin\debug\netcoreapp3.1\mstestproject.dll" id="dff37c6f-dadb-4f99-a3c8-45e7f568100b">
      <TestCategory>
        <TestCategoryItem TestCategory="Category1000" />
      </TestCategory>
      <Execution id="da4cb7d3-d56e-474b-b36a-13bfddbfcd98" />
      <TestMethod codeBase="C:\Projekty\MSTestProject\bin\Debug\netcoreapp3.1\MSTestProject.dll" adapterTypeName="executor://mstestadapter/v2" className="TwojeWesele.Services.Helpers.Tests.CurrencyHelperTests" name="FormatToStringTest1000" />
    </UnitTest>
    <UnitTest name="FormatToStringTest1000 (7715.904444139406,7715.90 zł)" storage="c:\projekty\mstestproject\bin\debug\netcoreapp3.1\mstestproject.dll" id="7ef64f16-26bd-487d-b309-5ff251f399fe">
      <TestCategory>
        <TestCategoryItem TestCategory="Category1000" />
      </TestCategory>
      <Execution id="3a9b86d6-fa61-4e9d-80b2-c44d84086ec3" />
      <TestMethod codeBase="C:\Projekty\MSTestProject\bin\Debug\netcoreapp3.1\MSTestProject.dll" adapterTypeName="executor://mstestadapter/v2" className="TwojeWesele.Services.Helpers.Tests.CurrencyHelperTests" name="FormatToStringTest1000" />
    </UnitTest>
    <UnitTest name="FormatToStringTest1000 (10534.184353995222,10534.18 zł)" storage="c:\projekty\mstestproject\bin\debug\netcoreapp3.1\mstestproject.dll" id="ae674558-465c-4384-ad1f-fea598e4c0e4">
      <TestCategory>
        <TestCategoryItem TestCategory="Category1000" />
      </TestCategory>
      <Execution id="e225212f-408c-4dce-92aa-4354c977e555" />
      <TestMethod codeBase="C:\Projekty\MSTestProject\bin\Debug\netcoreapp3.1\MSTestProject.dll" adapterTypeName="executor://mstestadapter/v2" className="TwojeWesele.Services.Helpers.Tests.CurrencyHelperTests" name="FormatToStringTest1000" />
    </UnitTest>
    <UnitTest name="FormatToStringTest1000 (17579.823312525088,17579.82 zł)" storage="c:\projekty\mstestproject\bin\debug\netcoreapp3.1\mstestproject.dll" id="266aeb76-3a51-4887-baef-a81605d52fe8">
      <TestCategory>
        <TestCategoryItem TestCategory="Category1000" />
      </TestCategory>
      <Execution id="711b49d4-3810-4b3d-aa67-eb2bfc23e036" />
      <TestMethod codeBase="C:\Projekty\MSTestProject\bin\Debug\netcoreapp3.1\MSTestProject.dll" adapterTypeName="executor://mstestadapter/v2" className="TwojeWesele.Services.Helpers.Tests.CurrencyHelperTests" name="FormatToStringTest1000" />
    </UnitTest>
    <UnitTest name="FormatToStringTest1000 (13681.607566007231,13681.61 zł)" storage="c:\projekty\mstestproject\bin\debug\netcoreapp3.1\mstestproject.dll" id="eb00ea55-c389-4515-b561-fcafe1f298fa">
      <TestCategory>
        <TestCategoryItem TestCategory="Category1000" />
      </TestCategory>
      <Execution id="1745f4c3-bb6a-40a3-9cdd-c55a42c7ca4c" />
      <TestMethod codeBase="C:\Projekty\MSTestProject\bin\Debug\netcoreapp3.1\MSTestProject.dll" adapterTypeName="executor://mstestadapter/v2" className="TwojeWesele.Services.Helpers.Tests.CurrencyHelperTests" name="FormatToStringTest1000" />
    </UnitTest>
    <UnitTest name="FormatToStringTest1000 (45455.14554704127,45455.15 zł)" storage="c:\projekty\mstestproject\bin\debug\netcoreapp3.1\mstestproject.dll" id="657f78aa-5173-45e6-bd2c-691b74d6c268">
      <TestCategory>
        <TestCategoryItem TestCategory="Category1000" />
      </TestCategory>
      <Execution id="55e932ad-7017-4dba-8db4-7acff45693c5" />
      <TestMethod codeBase="C:\Projekty\MSTestProject\bin\Debug\netcoreapp3.1\MSTestProject.dll" adapterTypeName="executor://mstestadapter/v2" className="TwojeWesele.Services.Helpers.Tests.CurrencyHelperTests" name="FormatToStringTest1000" />
    </UnitTest>
    <UnitTest name="FormatToStringTest1000 (9196.579612724754,9196.58 zł)" storage="c:\projekty\mstestproject\bin\debug\netcoreapp3.1\mstestproject.dll" id="24e23fa0-b7fa-4083-9a68-7e42afef0872">
      <TestCategory>
        <TestCategoryItem TestCategory="Category1000" />
      </TestCategory>
      <Execution id="1494ab3c-f74f-42d6-b93b-6278e184006d" />
      <TestMethod codeBase="C:\Projekty\MSTestProject\bin\Debug\netcoreapp3.1\MSTestProject.dll" adapterTypeName="executor://mstestadapter/v2" className="TwojeWesele.Services.Helpers.Tests.CurrencyHelperTests" name="FormatToStringTest1000" />
    </UnitTest>
    <UnitTest name="FormatToStringTest1000 (47431.868885526375,47431.87 zł)" storage="c:\projekty\mstestproject\bin\debug\netcoreapp3.1\mstestproject.dll" id="08af24ad-b3ce-47d6-b260-3fb1fdd96dd3">
      <TestCategory>
        <TestCategoryItem TestCategory="Category1000" />
      </TestCategory>
      <Execution id="c67f7353-edb6-4c06-8f37-ea68e26399ba" />
      <TestMethod codeBase="C:\Projekty\MSTestProject\bin\Debug\netcoreapp3.1\MSTestProject.dll" adapterTypeName="executor://mstestadapter/v2" className="TwojeWesele.Services.Helpers.Tests.CurrencyHelperTests" name="FormatToStringTest1000" />
    </UnitTest>
    <UnitTest name="FormatToStringTest1000 (657.5396922647672,657.54 zł)" storage="c:\projekty\mstestproject\bin\debug\netcoreapp3.1\mstestproject.dll" id="fef58c8b-0bb9-4aad-9652-67750b62e22a">
      <TestCategory>
        <TestCategoryItem TestCategory="Category1000" />
      </TestCategory>
      <Execution id="0c55f255-9220-4f2a-9a8a-9e4f7852e4ed" />
      <TestMethod codeBase="C:\Projekty\MSTestProject\bin\Debug\netcoreapp3.1\MSTestProject.dll" adapterTypeName="executor://mstestadapter/v2" className="TwojeWesele.Services.Helpers.Tests.CurrencyHelperTests" name="FormatToStringTest1000" />
    </UnitTest>
    <UnitTest name="FormatToStringTest1000 (30578.687538491416,30578.69 zł)" storage="c:\projekty\mstestproject\bin\debug\netcoreapp3.1\mstestproject.dll" id="38c23d6c-86a2-44c7-891f-f3e15589a8e8">
      <TestCategory>
        <TestCategoryItem TestCategory="Category1000" />
      </TestCategory>
      <Execution id="d99cfba8-802c-4833-8a2f-c6a851b8f2cb" />
      <TestMethod codeBase="C:\Projekty\MSTestProject\bin\Debug\netcoreapp3.1\MSTestProject.dll" adapterTypeName="executor://mstestadapter/v2" className="TwojeWesele.Services.Helpers.Tests.CurrencyHelperTests" name="FormatToStringTest1000" />
    </UnitTest>
    <UnitTest name="FormatToStringTest1000 (22831.975917587977,22831.98 zł)" storage="c:\projekty\mstestproject\bin\debug\netcoreapp3.1\mstestproject.dll" id="d05a55b1-7c7b-4889-9de9-3ed430ff74de">
      <TestCategory>
        <TestCategoryItem TestCategory="Category1000" />
      </TestCategory>
      <Execution id="9e96266b-1174-4d1f-a523-a80dc4e72253" />
      <TestMethod codeBase="C:\Projekty\MSTestProject\bin\Debug\netcoreapp3.1\MSTestProject.dll" adapterTypeName="executor://mstestadapter/v2" className="TwojeWesele.Services.Helpers.Tests.CurrencyHelperTests" name="FormatToStringTest1000" />
    </UnitTest>
    <UnitTest name="FormatToStringTest1000 (1739.5853778997368,1739.59 zł)" storage="c:\projekty\mstestproject\bin\debug\netcoreapp3.1\mstestproject.dll" id="a431b849-9164-40cf-9d82-e1ccb2e3c584">
      <TestCategory>
        <TestCategoryItem TestCategory="Category1000" />
      </TestCategory>
      <Execution id="96af2c1e-a8c9-45ce-a9ba-3c73c39a996b" />
      <TestMethod codeBase="C:\Projekty\MSTestProject\bin\Debug\netcoreapp3.1\MSTestProject.dll" adapterTypeName="executor://mstestadapter/v2" className="TwojeWesele.Services.Helpers.Tests.CurrencyHelperTests" name="FormatToStringTest1000" />
    </UnitTest>
    <UnitTest name="FormatToStringTest1000 (8885.065440211942,8885.07 zł)" storage="c:\projekty\mstestproject\bin\debug\netcoreapp3.1\mstestproject.dll" id="0991ebea-f8c9-4a70-817d-162226f3f9c0">
      <TestCategory>
        <TestCategoryItem TestCategory="Category1000" />
      </TestCategory>
      <Execution id="b7ade362-bac2-48ba-a288-fbeb6bacc2fd" />
      <TestMethod codeBase="C:\Projekty\MSTestProject\bin\Debug\netcoreapp3.1\MSTestProject.dll" adapterTypeName="executor://mstestadapter/v2" className="TwojeWesele.Services.Helpers.Tests.CurrencyHelperTests" name="FormatToStringTest1000" />
    </UnitTest>
    <UnitTest name="FormatToStringTest1000 (17455.15807988595,17455.16 zł)" storage="c:\projekty\mstestproject\bin\debug\netcoreapp3.1\mstestproject.dll" id="3aae3955-c141-4fa8-9840-66c2c526158b">
      <TestCategory>
        <TestCategoryItem TestCategory="Category1000" />
      </TestCategory>
      <Execution id="7aed74ed-27ee-40e0-90a2-e2d6ab151159" />
      <TestMethod codeBase="C:\Projekty\MSTestProject\bin\Debug\netcoreapp3.1\MSTestProject.dll" adapterTypeName="executor://mstestadapter/v2" className="TwojeWesele.Services.Helpers.Tests.CurrencyHelperTests" name="FormatToStringTest1000" />
    </UnitTest>
    <UnitTest name="FormatToStringTest1000 (16208.076866391615,16208.08 zł)" storage="c:\projekty\mstestproject\bin\debug\netcoreapp3.1\mstestproject.dll" id="9cd96e32-e078-4a33-bb87-8e2afea47fc8">
      <TestCategory>
        <TestCategoryItem TestCategory="Category1000" />
      </TestCategory>
      <Execution id="f06cb014-cbc0-41ea-9181-905b8530caf8" />
      <TestMethod codeBase="C:\Projekty\MSTestProject\bin\Debug\netcoreapp3.1\MSTestProject.dll" adapterTypeName="executor://mstestadapter/v2" className="TwojeWesele.Services.Helpers.Tests.CurrencyHelperTests" name="FormatToStringTest1000" />
    </UnitTest>
    <UnitTest name="FormatToStringTest1000 (30020.248557890412,30020.25 zł)" storage="c:\projekty\mstestproject\bin\debug\netcoreapp3.1\mstestproject.dll" id="482fc63a-0926-492c-b959-30383eed9e85">
      <TestCategory>
        <TestCategoryItem TestCategory="Category1000" />
      </TestCategory>
      <Execution id="b518c81a-c525-48b3-9080-bb00f8288410" />
      <TestMethod codeBase="C:\Projekty\MSTestProject\bin\Debug\netcoreapp3.1\MSTestProject.dll" adapterTypeName="executor://mstestadapter/v2" className="TwojeWesele.Services.Helpers.Tests.CurrencyHelperTests" name="FormatToStringTest1000" />
    </UnitTest>
    <UnitTest name="FormatToStringTest1000 (3846.644792262765,3846.64 zł)" storage="c:\projekty\mstestproject\bin\debug\netcoreapp3.1\mstestproject.dll" id="2cc81609-af64-406d-8f49-cc135149320f">
      <TestCategory>
        <TestCategoryItem TestCategory="Category1000" />
      </TestCategory>
      <Execution id="63da131b-8b5a-4564-a92f-ede3035cad3b" />
      <TestMethod codeBase="C:\Projekty\MSTestProject\bin\Debug\netcoreapp3.1\MSTestProject.dll" adapterTypeName="executor://mstestadapter/v2" className="TwojeWesele.Services.Helpers.Tests.CurrencyHelperTests" name="FormatToStringTest1000" />
    </UnitTest>
    <UnitTest name="FormatToStringTest1000 (7669.3855620214645,7669.39 zł)" storage="c:\projekty\mstestproject\bin\debug\netcoreapp3.1\mstestproject.dll" id="4130c1a5-8ade-4b83-ae5f-5eb3b96dab4b">
      <TestCategory>
        <TestCategoryItem TestCategory="Category1000" />
      </TestCategory>
      <Execution id="2956de43-d83f-4ef9-a476-ecf1887327b3" />
      <TestMethod codeBase="C:\Projekty\MSTestProject\bin\Debug\netcoreapp3.1\MSTestProject.dll" adapterTypeName="executor://mstestadapter/v2" className="TwojeWesele.Services.Helpers.Tests.CurrencyHelperTests" name="FormatToStringTest1000" />
    </UnitTest>
    <UnitTest name="FormatToStringTest1000 (12610.563163818122,12610.56 zł)" storage="c:\projekty\mstestproject\bin\debug\netcoreapp3.1\mstestproject.dll" id="a2510ad6-85f5-4859-823a-debe6baf8cfc">
      <TestCategory>
        <TestCategoryItem TestCategory="Category1000" />
      </TestCategory>
      <Execution id="826b4556-51b5-4fb3-b2bf-0ce377b19628" />
      <TestMethod codeBase="C:\Projekty\MSTestProject\bin\Debug\netcoreapp3.1\MSTestProject.dll" adapterTypeName="executor://mstestadapter/v2" className="TwojeWesele.Services.Helpers.Tests.CurrencyHelperTests" name="FormatToStringTest1000" />
    </UnitTest>
    <UnitTest name="FormatToStringTest1000 (88616.03808168416,88616.04 zł)" storage="c:\projekty\mstestproject\bin\debug\netcoreapp3.1\mstestproject.dll" id="295fc17c-b9f5-4a59-a7dc-36d4097bcc45">
      <TestCategory>
        <TestCategoryItem TestCategory="Category1000" />
      </TestCategory>
      <Execution id="168a9f3a-c293-44f8-82ef-4ef83caffcae" />
      <TestMethod codeBase="C:\Projekty\MSTestProject\bin\Debug\netcoreapp3.1\MSTestProject.dll" adapterTypeName="executor://mstestadapter/v2" className="TwojeWesele.Services.Helpers.Tests.CurrencyHelperTests" name="FormatToStringTest1000" />
    </UnitTest>
    <UnitTest name="FormatToStringTest1000 (16902.50568789314,16902.51 zł)" storage="c:\projekty\mstestproject\bin\debug\netcoreapp3.1\mstestproject.dll" id="fd735f16-e632-4e3d-b068-785eb62ceff5">
      <TestCategory>
        <TestCategoryItem TestCategory="Category1000" />
      </TestCategory>
      <Execution id="3d0e6db0-5177-4933-8df7-df5a5423ab6d" />
      <TestMethod codeBase="C:\Projekty\MSTestProject\bin\Debug\netcoreapp3.1\MSTestProject.dll" adapterTypeName="executor://mstestadapter/v2" className="TwojeWesele.Services.Helpers.Tests.CurrencyHelperTests" name="FormatToStringTest1000" />
    </UnitTest>
    <UnitTest name="FormatToStringTest1000 (22604.838218828587,22604.84 zł)" storage="c:\projekty\mstestproject\bin\debug\netcoreapp3.1\mstestproject.dll" id="6970f415-6b79-408f-ba93-d94080d1c17a">
      <TestCategory>
        <TestCategoryItem TestCategory="Category1000" />
      </TestCategory>
      <Execution id="d4c79cff-a694-4521-9400-8b9ba4d6cfb9" />
      <TestMethod codeBase="C:\Projekty\MSTestProject\bin\Debug\netcoreapp3.1\MSTestProject.dll" adapterTypeName="executor://mstestadapter/v2" className="TwojeWesele.Services.Helpers.Tests.CurrencyHelperTests" name="FormatToStringTest1000" />
    </UnitTest>
    <UnitTest name="FormatToStringTest1000 (32908.76696502639,32908.77 zł)" storage="c:\projekty\mstestproject\bin\debug\netcoreapp3.1\mstestproject.dll" id="f9db76c2-e8f4-4101-a367-a6878da7073c">
      <TestCategory>
        <TestCategoryItem TestCategory="Category1000" />
      </TestCategory>
      <Execution id="92fc3178-7ece-4831-bb2e-6d06d06fd4bf" />
      <TestMethod codeBase="C:\Projekty\MSTestProject\bin\Debug\netcoreapp3.1\MSTestProject.dll" adapterTypeName="executor://mstestadapter/v2" className="TwojeWesele.Services.Helpers.Tests.CurrencyHelperTests" name="FormatToStringTest1000" />
    </UnitTest>
    <UnitTest name="FormatToStringTest1000 (75987.03378503352,75987.03 zł)" storage="c:\projekty\mstestproject\bin\debug\netcoreapp3.1\mstestproject.dll" id="549f8a07-deee-46b6-aa6c-601498b2a640">
      <TestCategory>
        <TestCategoryItem TestCategory="Category1000" />
      </TestCategory>
      <Execution id="4c946c4c-24ac-4acf-a71d-18ec626d62a9" />
      <TestMethod codeBase="C:\Projekty\MSTestProject\bin\Debug\netcoreapp3.1\MSTestProject.dll" adapterTypeName="executor://mstestadapter/v2" className="TwojeWesele.Services.Helpers.Tests.CurrencyHelperTests" name="FormatToStringTest1000" />
    </UnitTest>
    <UnitTest name="FormatToStringTest1000 (31622.81414407809,31622.81 zł)" storage="c:\projekty\mstestproject\bin\debug\netcoreapp3.1\mstestproject.dll" id="68870210-1e80-4475-b414-9b940351b7f2">
      <TestCategory>
        <TestCategoryItem TestCategory="Category1000" />
      </TestCategory>
      <Execution id="0fc955cb-8895-4c64-b746-9229cc5ed5eb" />
      <TestMethod codeBase="C:\Projekty\MSTestProject\bin\Debug\netcoreapp3.1\MSTestProject.dll" adapterTypeName="executor://mstestadapter/v2" className="TwojeWesele.Services.Helpers.Tests.CurrencyHelperTests" name="FormatToStringTest1000" />
    </UnitTest>
    <UnitTest name="FormatToStringTest1000 (28579.14698705503,28579.15 zł)" storage="c:\projekty\mstestproject\bin\debug\netcoreapp3.1\mstestproject.dll" id="22ba7aee-db37-4f13-a554-41195a644039">
      <TestCategory>
        <TestCategoryItem TestCategory="Category1000" />
      </TestCategory>
      <Execution id="7268295c-19f8-4b38-bf28-3fcd45bcf973" />
      <TestMethod codeBase="C:\Projekty\MSTestProject\bin\Debug\netcoreapp3.1\MSTestProject.dll" adapterTypeName="executor://mstestadapter/v2" className="TwojeWesele.Services.Helpers.Tests.CurrencyHelperTests" name="FormatToStringTest1000" />
    </UnitTest>
    <UnitTest name="FormatToStringTest1000 (20752.33758466334,20752.34 zł)" storage="c:\projekty\mstestproject\bin\debug\netcoreapp3.1\mstestproject.dll" id="adbc9a70-44ff-4a9a-bb73-5a8b97f8963c">
      <TestCategory>
        <TestCategoryItem TestCategory="Category1000" />
      </TestCategory>
      <Execution id="ec71fae9-4867-4097-8f29-181899d111bb" />
      <TestMethod codeBase="C:\Projekty\MSTestProject\bin\Debug\netcoreapp3.1\MSTestProject.dll" adapterTypeName="executor://mstestadapter/v2" className="TwojeWesele.Services.Helpers.Tests.CurrencyHelperTests" name="FormatToStringTest1000" />
    </UnitTest>
    <UnitTest name="FormatToStringTest1000 (30138.55109863102,30138.55 zł)" storage="c:\projekty\mstestproject\bin\debug\netcoreapp3.1\mstestproject.dll" id="6e5b924c-bcca-48ec-b63a-05ff7cb1de18">
      <TestCategory>
        <TestCategoryItem TestCategory="Category1000" />
      </TestCategory>
      <Execution id="fb1a0068-60db-4b0d-be40-fba6c7bd9453" />
      <TestMethod codeBase="C:\Projekty\MSTestProject\bin\Debug\netcoreapp3.1\MSTestProject.dll" adapterTypeName="executor://mstestadapter/v2" className="TwojeWesele.Services.Helpers.Tests.CurrencyHelperTests" name="FormatToStringTest1000" />
    </UnitTest>
    <UnitTest name="FormatToStringTest1000 (6417.5922460628635,6417.59 zł)" storage="c:\projekty\mstestproject\bin\debug\netcoreapp3.1\mstestproject.dll" id="23887f41-b406-4b44-9cb1-66eeb3f74bb3">
      <TestCategory>
        <TestCategoryItem TestCategory="Category1000" />
      </TestCategory>
      <Execution id="870d80c5-cba2-43e7-bc05-eaf430916c6f" />
      <TestMethod codeBase="C:\Projekty\MSTestProject\bin\Debug\netcoreapp3.1\MSTestProject.dll" adapterTypeName="executor://mstestadapter/v2" className="TwojeWesele.Services.Helpers.Tests.CurrencyHelperTests" name="FormatToStringTest1000" />
    </UnitTest>
    <UnitTest name="FormatToStringTest1000 (16819.974312979717,16819.97 zł)" storage="c:\projekty\mstestproject\bin\debug\netcoreapp3.1\mstestproject.dll" id="dc46b883-d2e3-4088-b861-a8e195b16513">
      <TestCategory>
        <TestCategoryItem TestCategory="Category1000" />
      </TestCategory>
      <Execution id="fd49c956-f2ce-49ff-b70a-588652fad3e9" />
      <TestMethod codeBase="C:\Projekty\MSTestProject\bin\Debug\netcoreapp3.1\MSTestProject.dll" adapterTypeName="executor://mstestadapter/v2" className="TwojeWesele.Services.Helpers.Tests.CurrencyHelperTests" name="FormatToStringTest1000" />
    </UnitTest>
    <UnitTest name="FormatToStringTest1000 (9097.395563790293,9097.40 zł)" storage="c:\projekty\mstestproject\bin\debug\netcoreapp3.1\mstestproject.dll" id="6ebdc4ce-8f7a-4c88-8420-af57a5a8ef42">
      <TestCategory>
        <TestCategoryItem TestCategory="Category1000" />
      </TestCategory>
      <Execution id="2920fbbf-68a8-4d81-a3b9-3ba332507bbd" />
      <TestMethod codeBase="C:\Projekty\MSTestProject\bin\Debug\netcoreapp3.1\MSTestProject.dll" adapterTypeName="executor://mstestadapter/v2" className="TwojeWesele.Services.Helpers.Tests.CurrencyHelperTests" name="FormatToStringTest1000" />
    </UnitTest>
    <UnitTest name="FormatToStringTest1000 (15742.409864349947,15742.41 zł)" storage="c:\projekty\mstestproject\bin\debug\netcoreapp3.1\mstestproject.dll" id="ee28e8ed-d931-4630-8e77-2c63c85dfbbb">
      <TestCategory>
        <TestCategoryItem TestCategory="Category1000" />
      </TestCategory>
      <Execution id="df43ddd3-61ae-4e52-9e21-cd11a4f28d83" />
      <TestMethod codeBase="C:\Projekty\MSTestProject\bin\Debug\netcoreapp3.1\MSTestProject.dll" adapterTypeName="executor://mstestadapter/v2" className="TwojeWesele.Services.Helpers.Tests.CurrencyHelperTests" name="FormatToStringTest1000" />
    </UnitTest>
    <UnitTest name="FormatToStringTest1000 (39641.61351217451,39641.61 zł)" storage="c:\projekty\mstestproject\bin\debug\netcoreapp3.1\mstestproject.dll" id="df5bf3c3-f9bc-4f77-ac1e-650cd290b9a0">
      <TestCategory>
        <TestCategoryItem TestCategory="Category1000" />
      </TestCategory>
      <Execution id="9bdd936b-f3d0-4c70-96aa-e2e2fed24b8c" />
      <TestMethod codeBase="C:\Projekty\MSTestProject\bin\Debug\netcoreapp3.1\MSTestProject.dll" adapterTypeName="executor://mstestadapter/v2" className="TwojeWesele.Services.Helpers.Tests.CurrencyHelperTests" name="FormatToStringTest1000" />
    </UnitTest>
    <UnitTest name="FormatToStringTest1000 (67338.80028760935,67338.80 zł)" storage="c:\projekty\mstestproject\bin\debug\netcoreapp3.1\mstestproject.dll" id="be396768-3125-47ec-935f-9fcc9f2f2348">
      <TestCategory>
        <TestCategoryItem TestCategory="Category1000" />
      </TestCategory>
      <Execution id="0a469631-9996-403f-a178-f95b3010ac32" />
      <TestMethod codeBase="C:\Projekty\MSTestProject\bin\Debug\netcoreapp3.1\MSTestProject.dll" adapterTypeName="executor://mstestadapter/v2" className="TwojeWesele.Services.Helpers.Tests.CurrencyHelperTests" name="FormatToStringTest1000" />
    </UnitTest>
    <UnitTest name="FormatToStringTest1000 (9634.398811461124,9634.40 zł)" storage="c:\projekty\mstestproject\bin\debug\netcoreapp3.1\mstestproject.dll" id="f0c7f4bb-dbc9-459f-a683-622415a59b22">
      <TestCategory>
        <TestCategoryItem TestCategory="Category1000" />
      </TestCategory>
      <Execution id="01302fc9-96f3-440b-a304-ce0dfca87d21" />
      <TestMethod codeBase="C:\Projekty\MSTestProject\bin\Debug\netcoreapp3.1\MSTestProject.dll" adapterTypeName="executor://mstestadapter/v2" className="TwojeWesele.Services.Helpers.Tests.CurrencyHelperTests" name="FormatToStringTest1000" />
    </UnitTest>
    <UnitTest name="FormatToStringTest1000 (1751.7703038522834,1751.77 zł)" storage="c:\projekty\mstestproject\bin\debug\netcoreapp3.1\mstestproject.dll" id="6e7bd36e-5485-4f7e-9137-30caf78f6729">
      <TestCategory>
        <TestCategoryItem TestCategory="Category1000" />
      </TestCategory>
      <Execution id="0a2c494a-7a0d-48dd-9c83-633e9a61cfc4" />
      <TestMethod codeBase="C:\Projekty\MSTestProject\bin\Debug\netcoreapp3.1\MSTestProject.dll" adapterTypeName="executor://mstestadapter/v2" className="TwojeWesele.Services.Helpers.Tests.CurrencyHelperTests" name="FormatToStringTest1000" />
    </UnitTest>
    <UnitTest name="FormatToStringTest1000 (10914.360814625099,10914.36 zł)" storage="c:\projekty\mstestproject\bin\debug\netcoreapp3.1\mstestproject.dll" id="b52dd752-1183-44d3-b203-30931d038347">
      <TestCategory>
        <TestCategoryItem TestCategory="Category1000" />
      </TestCategory>
      <Execution id="f60bd0c1-dc24-4057-a01a-b03f1fd811d2" />
      <TestMethod codeBase="C:\Projekty\MSTestProject\bin\Debug\netcoreapp3.1\MSTestProject.dll" adapterTypeName="executor://mstestadapter/v2" className="TwojeWesele.Services.Helpers.Tests.CurrencyHelperTests" name="FormatToStringTest1000" />
    </UnitTest>
    <UnitTest name="FormatToStringTest1000 (16688.70569393677,16688.71 zł)" storage="c:\projekty\mstestproject\bin\debug\netcoreapp3.1\mstestproject.dll" id="d499abd8-5e04-4661-a95e-be72c64a1370">
      <TestCategory>
        <TestCategoryItem TestCategory="Category1000" />
      </TestCategory>
      <Execution id="497cb951-3d2a-4157-bba9-aca37880a361" />
      <TestMethod codeBase="C:\Projekty\MSTestProject\bin\Debug\netcoreapp3.1\MSTestProject.dll" adapterTypeName="executor://mstestadapter/v2" className="TwojeWesele.Services.Helpers.Tests.CurrencyHelperTests" name="FormatToStringTest1000" />
    </UnitTest>
    <UnitTest name="FormatToStringTest1000 (11181.228339251702,11181.23 zł)" storage="c:\projekty\mstestproject\bin\debug\netcoreapp3.1\mstestproject.dll" id="fdde2818-211e-4ec5-ab77-4ae1422334b3">
      <TestCategory>
        <TestCategoryItem TestCategory="Category1000" />
      </TestCategory>
      <Execution id="32b91d36-2ddc-4b1b-aa5c-ac4da2fde1b8" />
      <TestMethod codeBase="C:\Projekty\MSTestProject\bin\Debug\netcoreapp3.1\MSTestProject.dll" adapterTypeName="executor://mstestadapter/v2" className="TwojeWesele.Services.Helpers.Tests.CurrencyHelperTests" name="FormatToStringTest1000" />
    </UnitTest>
    <UnitTest name="FormatToStringTest1000 (9657.360676611475,9657.36 zł)" storage="c:\projekty\mstestproject\bin\debug\netcoreapp3.1\mstestproject.dll" id="6ed1b0c9-12e6-4a76-b411-f64acd066ac1">
      <TestCategory>
        <TestCategoryItem TestCategory="Category1000" />
      </TestCategory>
      <Execution id="f11a6784-6d71-443b-97da-bf03a06b187c" />
      <TestMethod codeBase="C:\Projekty\MSTestProject\bin\Debug\netcoreapp3.1\MSTestProject.dll" adapterTypeName="executor://mstestadapter/v2" className="TwojeWesele.Services.Helpers.Tests.CurrencyHelperTests" name="FormatToStringTest1000" />
    </UnitTest>
    <UnitTest name="FormatToStringTest1000 (31347.468987404587,31347.47 zł)" storage="c:\projekty\mstestproject\bin\debug\netcoreapp3.1\mstestproject.dll" id="e9cb223b-0f66-4b14-a83a-07712e43b1e4">
      <TestCategory>
        <TestCategoryItem TestCategory="Category1000" />
      </TestCategory>
      <Execution id="2f7bda70-3b37-4929-84a1-da0872213558" />
      <TestMethod codeBase="C:\Projekty\MSTestProject\bin\Debug\netcoreapp3.1\MSTestProject.dll" adapterTypeName="executor://mstestadapter/v2" className="TwojeWesele.Services.Helpers.Tests.CurrencyHelperTests" name="FormatToStringTest1000" />
    </UnitTest>
    <UnitTest name="FormatToStringTest1000 (801.5720517614726,801.57 zł)" storage="c:\projekty\mstestproject\bin\debug\netcoreapp3.1\mstestproject.dll" id="402c8b32-c164-4cfa-8c92-58c73bf2e997">
      <TestCategory>
        <TestCategoryItem TestCategory="Category1000" />
      </TestCategory>
      <Execution id="71644217-a818-4dfa-a25b-4d9dde71182d" />
      <TestMethod codeBase="C:\Projekty\MSTestProject\bin\Debug\netcoreapp3.1\MSTestProject.dll" adapterTypeName="executor://mstestadapter/v2" className="TwojeWesele.Services.Helpers.Tests.CurrencyHelperTests" name="FormatToStringTest1000" />
    </UnitTest>
    <UnitTest name="FormatToStringTest1000 (33413.381276228174,33413.38 zł)" storage="c:\projekty\mstestproject\bin\debug\netcoreapp3.1\mstestproject.dll" id="c4b9538e-d11b-4409-b827-3dc1004b129f">
      <TestCategory>
        <TestCategoryItem TestCategory="Category1000" />
      </TestCategory>
      <Execution id="47efe8cc-f4e7-42ca-8e46-412c37c299ab" />
      <TestMethod codeBase="C:\Projekty\MSTestProject\bin\Debug\netcoreapp3.1\MSTestProject.dll" adapterTypeName="executor://mstestadapter/v2" className="TwojeWesele.Services.Helpers.Tests.CurrencyHelperTests" name="FormatToStringTest1000" />
    </UnitTest>
    <UnitTest name="FormatToStringTest1000 (43222.47958431695,43222.48 zł)" storage="c:\projekty\mstestproject\bin\debug\netcoreapp3.1\mstestproject.dll" id="e25f76cd-1234-4d8a-80be-e9995092ce0c">
      <TestCategory>
        <TestCategoryItem TestCategory="Category1000" />
      </TestCategory>
      <Execution id="50f35b84-bfbf-44f0-a763-99e106abf0a4" />
      <TestMethod codeBase="C:\Projekty\MSTestProject\bin\Debug\netcoreapp3.1\MSTestProject.dll" adapterTypeName="executor://mstestadapter/v2" className="TwojeWesele.Services.Helpers.Tests.CurrencyHelperTests" name="FormatToStringTest1000" />
    </UnitTest>
    <UnitTest name="FormatToStringTest1000 (17031.365705376662,17031.37 zł)" storage="c:\projekty\mstestproject\bin\debug\netcoreapp3.1\mstestproject.dll" id="ea439642-6abf-42ce-87f9-d6a71aa5083b">
      <TestCategory>
        <TestCategoryItem TestCategory="Category1000" />
      </TestCategory>
      <Execution id="bd0675a4-b642-4dfe-a65c-afc528c788e7" />
      <TestMethod codeBase="C:\Projekty\MSTestProject\bin\Debug\netcoreapp3.1\MSTestProject.dll" adapterTypeName="executor://mstestadapter/v2" className="TwojeWesele.Services.Helpers.Tests.CurrencyHelperTests" name="FormatToStringTest1000" />
    </UnitTest>
    <UnitTest name="FormatToStringTest1000 (47672.66266041652,47672.66 zł)" storage="c:\projekty\mstestproject\bin\debug\netcoreapp3.1\mstestproject.dll" id="32a45b46-008e-426d-993d-ecd03c25b770">
      <TestCategory>
        <TestCategoryItem TestCategory="Category1000" />
      </TestCategory>
      <Execution id="ba0e2fbe-d8f5-4704-87d6-cb7822c571b7" />
      <TestMethod codeBase="C:\Projekty\MSTestProject\bin\Debug\netcoreapp3.1\MSTestProject.dll" adapterTypeName="executor://mstestadapter/v2" className="TwojeWesele.Services.Helpers.Tests.CurrencyHelperTests" name="FormatToStringTest1000" />
    </UnitTest>
    <UnitTest name="FormatToStringTest1000 (4252.4012513842445,4252.40 zł)" storage="c:\projekty\mstestproject\bin\debug\netcoreapp3.1\mstestproject.dll" id="181d88bc-d826-4310-b01a-3ab3ddb0db85">
      <TestCategory>
        <TestCategoryItem TestCategory="Category1000" />
      </TestCategory>
      <Execution id="87a3f8ca-9f75-4f27-9758-5c2180e2a105" />
      <TestMethod codeBase="C:\Projekty\MSTestProject\bin\Debug\netcoreapp3.1\MSTestProject.dll" adapterTypeName="executor://mstestadapter/v2" className="TwojeWesele.Services.Helpers.Tests.CurrencyHelperTests" name="FormatToStringTest1000" />
    </UnitTest>
    <UnitTest name="FormatToStringTest1000 (54088.326214851964,54088.33 zł)" storage="c:\projekty\mstestproject\bin\debug\netcoreapp3.1\mstestproject.dll" id="7a0227a9-44b9-43c9-afec-52883a509b24">
      <TestCategory>
        <TestCategoryItem TestCategory="Category1000" />
      </TestCategory>
      <Execution id="50aba506-ff1e-470f-adea-7eb6fa51ce4a" />
      <TestMethod codeBase="C:\Projekty\MSTestProject\bin\Debug\netcoreapp3.1\MSTestProject.dll" adapterTypeName="executor://mstestadapter/v2" className="TwojeWesele.Services.Helpers.Tests.CurrencyHelperTests" name="FormatToStringTest1000" />
    </UnitTest>
    <UnitTest name="FormatToStringTest1000 (2929.267390865026,2929.27 zł)" storage="c:\projekty\mstestproject\bin\debug\netcoreapp3.1\mstestproject.dll" id="02ebe6e0-4adb-4675-8781-4790db159e76">
      <TestCategory>
        <TestCategoryItem TestCategory="Category1000" />
      </TestCategory>
      <Execution id="1076d92d-eea0-498b-a205-94849b7e10ad" />
      <TestMethod codeBase="C:\Projekty\MSTestProject\bin\Debug\netcoreapp3.1\MSTestProject.dll" adapterTypeName="executor://mstestadapter/v2" className="TwojeWesele.Services.Helpers.Tests.CurrencyHelperTests" name="FormatToStringTest1000" />
    </UnitTest>
    <UnitTest name="FormatToStringTest1000 (12091.219941106729,12091.22 zł)" storage="c:\projekty\mstestproject\bin\debug\netcoreapp3.1\mstestproject.dll" id="83aa48bb-6641-4642-b945-2fe5772258d9">
      <TestCategory>
        <TestCategoryItem TestCategory="Category1000" />
      </TestCategory>
      <Execution id="2eb5bb38-8c70-4ccb-bf00-22bc489e85c0" />
      <TestMethod codeBase="C:\Projekty\MSTestProject\bin\Debug\netcoreapp3.1\MSTestProject.dll" adapterTypeName="executor://mstestadapter/v2" className="TwojeWesele.Services.Helpers.Tests.CurrencyHelperTests" name="FormatToStringTest1000" />
    </UnitTest>
    <UnitTest name="FormatToStringTest1000 (57671.67669738675,57671.68 zł)" storage="c:\projekty\mstestproject\bin\debug\netcoreapp3.1\mstestproject.dll" id="5c2c865e-3bc6-4dbd-8664-dd74c36bae5a">
      <TestCategory>
        <TestCategoryItem TestCategory="Category1000" />
      </TestCategory>
      <Execution id="37b0200e-a92f-42ee-a30d-d6f8ef7fb733" />
      <TestMethod codeBase="C:\Projekty\MSTestProject\bin\Debug\netcoreapp3.1\MSTestProject.dll" adapterTypeName="executor://mstestadapter/v2" className="TwojeWesele.Services.Helpers.Tests.CurrencyHelperTests" name="FormatToStringTest1000" />
    </UnitTest>
    <UnitTest name="FormatToStringTest1000 (158.49784791027093,158.50 zł)" storage="c:\projekty\mstestproject\bin\debug\netcoreapp3.1\mstestproject.dll" id="b3fce82a-9233-4862-946d-201379ef3f41">
      <TestCategory>
        <TestCategoryItem TestCategory="Category1000" />
      </TestCategory>
      <Execution id="aa61d88c-80ae-4d07-a2b5-36448aa40340" />
      <TestMethod codeBase="C:\Projekty\MSTestProject\bin\Debug\netcoreapp3.1\MSTestProject.dll" adapterTypeName="executor://mstestadapter/v2" className="TwojeWesele.Services.Helpers.Tests.CurrencyHelperTests" name="FormatToStringTest1000" />
    </UnitTest>
    <UnitTest name="FormatToStringTest1000 (5504.094303639184,5504.09 zł)" storage="c:\projekty\mstestproject\bin\debug\netcoreapp3.1\mstestproject.dll" id="004c7d8e-063c-4836-8732-c6e34b670567">
      <TestCategory>
        <TestCategoryItem TestCategory="Category1000" />
      </TestCategory>
      <Execution id="c4667077-3ed5-48f2-9469-13b9494f2ed2" />
      <TestMethod codeBase="C:\Projekty\MSTestProject\bin\Debug\netcoreapp3.1\MSTestProject.dll" adapterTypeName="executor://mstestadapter/v2" className="TwojeWesele.Services.Helpers.Tests.CurrencyHelperTests" name="FormatToStringTest1000" />
    </UnitTest>
    <UnitTest name="FormatToStringTest1000 (21728.91641959963,21728.92 zł)" storage="c:\projekty\mstestproject\bin\debug\netcoreapp3.1\mstestproject.dll" id="65c35227-a9dc-4a19-8e71-a3622e00f562">
      <TestCategory>
        <TestCategoryItem TestCategory="Category1000" />
      </TestCategory>
      <Execution id="1f87b7d2-8c20-4c03-93a2-7254729b1780" />
      <TestMethod codeBase="C:\Projekty\MSTestProject\bin\Debug\netcoreapp3.1\MSTestProject.dll" adapterTypeName="executor://mstestadapter/v2" className="TwojeWesele.Services.Helpers.Tests.CurrencyHelperTests" name="FormatToStringTest1000" />
    </UnitTest>
    <UnitTest name="FormatToStringTest1000 (57713.01647853712,57713.02 zł)" storage="c:\projekty\mstestproject\bin\debug\netcoreapp3.1\mstestproject.dll" id="fa37c915-7762-4e94-96c2-ab4b35a486c6">
      <TestCategory>
        <TestCategoryItem TestCategory="Category1000" />
      </TestCategory>
      <Execution id="43b722cc-206a-4a50-8019-64619f15edbe" />
      <TestMethod codeBase="C:\Projekty\MSTestProject\bin\Debug\netcoreapp3.1\MSTestProject.dll" adapterTypeName="executor://mstestadapter/v2" className="TwojeWesele.Services.Helpers.Tests.CurrencyHelperTests" name="FormatToStringTest1000" />
    </UnitTest>
    <UnitTest name="FormatToStringTest1000 (3907.8681317963024,3907.87 zł)" storage="c:\projekty\mstestproject\bin\debug\netcoreapp3.1\mstestproject.dll" id="53676b6d-5034-4dd5-b018-033eb351c61f">
      <TestCategory>
        <TestCategoryItem TestCategory="Category1000" />
      </TestCategory>
      <Execution id="c0875e39-9874-4390-b2c7-db6636997c19" />
      <TestMethod codeBase="C:\Projekty\MSTestProject\bin\Debug\netcoreapp3.1\MSTestProject.dll" adapterTypeName="executor://mstestadapter/v2" className="TwojeWesele.Services.Helpers.Tests.CurrencyHelperTests" name="FormatToStringTest1000" />
    </UnitTest>
    <UnitTest name="FormatToStringTest1000 (5317.9582678023535,5317.96 zł)" storage="c:\projekty\mstestproject\bin\debug\netcoreapp3.1\mstestproject.dll" id="12f9d1bf-ad7c-4da8-9032-69235340b574">
      <TestCategory>
        <TestCategoryItem TestCategory="Category1000" />
      </TestCategory>
      <Execution id="70416e48-e62f-4472-8ce2-bfbd21a6cdcc" />
      <TestMethod codeBase="C:\Projekty\MSTestProject\bin\Debug\netcoreapp3.1\MSTestProject.dll" adapterTypeName="executor://mstestadapter/v2" className="TwojeWesele.Services.Helpers.Tests.CurrencyHelperTests" name="FormatToStringTest1000" />
    </UnitTest>
    <UnitTest name="FormatToStringTest1000 (1228.101744225296,1228.10 zł)" storage="c:\projekty\mstestproject\bin\debug\netcoreapp3.1\mstestproject.dll" id="9019ad75-c3cc-4b8d-bb1d-02e4a9678bc6">
      <TestCategory>
        <TestCategoryItem TestCategory="Category1000" />
      </TestCategory>
      <Execution id="8cd657b7-10d5-46f5-af34-12719b8758b8" />
      <TestMethod codeBase="C:\Projekty\MSTestProject\bin\Debug\netcoreapp3.1\MSTestProject.dll" adapterTypeName="executor://mstestadapter/v2" className="TwojeWesele.Services.Helpers.Tests.CurrencyHelperTests" name="FormatToStringTest1000" />
    </UnitTest>
    <UnitTest name="FormatToStringTest1000 (1952.6955147062872,1952.70 zł)" storage="c:\projekty\mstestproject\bin\debug\netcoreapp3.1\mstestproject.dll" id="1fab7c2c-66a7-4c00-8557-6fd359b245df">
      <TestCategory>
        <TestCategoryItem TestCategory="Category1000" />
      </TestCategory>
      <Execution id="0c8fe4c9-89c0-4aa2-a06a-63f2a71a15df" />
      <TestMethod codeBase="C:\Projekty\MSTestProject\bin\Debug\netcoreapp3.1\MSTestProject.dll" adapterTypeName="executor://mstestadapter/v2" className="TwojeWesele.Services.Helpers.Tests.CurrencyHelperTests" name="FormatToStringTest1000" />
    </UnitTest>
    <UnitTest name="FormatToStringTest1000 (3700.029953029021,3700.03 zł)" storage="c:\projekty\mstestproject\bin\debug\netcoreapp3.1\mstestproject.dll" id="6f2cac52-79d4-495f-9a3b-3105165e5fe0">
      <TestCategory>
        <TestCategoryItem TestCategory="Category1000" />
      </TestCategory>
      <Execution id="39b8865a-3033-4d3b-be3b-6341f69f0ac8" />
      <TestMethod codeBase="C:\Projekty\MSTestProject\bin\Debug\netcoreapp3.1\MSTestProject.dll" adapterTypeName="executor://mstestadapter/v2" className="TwojeWesele.Services.Helpers.Tests.CurrencyHelperTests" name="FormatToStringTest1000" />
    </UnitTest>
    <UnitTest name="FormatToStringTest1000 (5611.05334835176,5611.05 zł)" storage="c:\projekty\mstestproject\bin\debug\netcoreapp3.1\mstestproject.dll" id="952a04d4-ef8d-474c-9550-f49cfcf8d11a">
      <TestCategory>
        <TestCategoryItem TestCategory="Category1000" />
      </TestCategory>
      <Execution id="22b16bd8-00bf-471f-80c7-93fcb4a6c05a" />
      <TestMethod codeBase="C:\Projekty\MSTestProject\bin\Debug\netcoreapp3.1\MSTestProject.dll" adapterTypeName="executor://mstestadapter/v2" className="TwojeWesele.Services.Helpers.Tests.CurrencyHelperTests" name="FormatToStringTest1000" />
    </UnitTest>
    <UnitTest name="FormatToStringTest1000 (26468.346804109562,26468.35 zł)" storage="c:\projekty\mstestproject\bin\debug\netcoreapp3.1\mstestproject.dll" id="8b1e162d-0f18-4945-aff8-96d39d4c2c34">
      <TestCategory>
        <TestCategoryItem TestCategory="Category1000" />
      </TestCategory>
      <Execution id="d6cfe0f8-28fa-4619-bc1e-18f383361d61" />
      <TestMethod codeBase="C:\Projekty\MSTestProject\bin\Debug\netcoreapp3.1\MSTestProject.dll" adapterTypeName="executor://mstestadapter/v2" className="TwojeWesele.Services.Helpers.Tests.CurrencyHelperTests" name="FormatToStringTest1000" />
    </UnitTest>
    <UnitTest name="FormatToStringTest1000 (51300.77891898145,51300.78 zł)" storage="c:\projekty\mstestproject\bin\debug\netcoreapp3.1\mstestproject.dll" id="1862cf66-bd70-4bc2-a4f3-ba8bb3828dbf">
      <TestCategory>
        <TestCategoryItem TestCategory="Category1000" />
      </TestCategory>
      <Execution id="9be561b7-fde8-4534-9a5d-b0e33ab0e341" />
      <TestMethod codeBase="C:\Projekty\MSTestProject\bin\Debug\netcoreapp3.1\MSTestProject.dll" adapterTypeName="executor://mstestadapter/v2" className="TwojeWesele.Services.Helpers.Tests.CurrencyHelperTests" name="FormatToStringTest1000" />
    </UnitTest>
    <UnitTest name="FormatToStringTest1000 (17098.491445727876,17098.49 zł)" storage="c:\projekty\mstestproject\bin\debug\netcoreapp3.1\mstestproject.dll" id="6e9d8167-98ca-4888-a7ff-c29ee2f6b6e9">
      <TestCategory>
        <TestCategoryItem TestCategory="Category1000" />
      </TestCategory>
      <Execution id="5f12d875-1884-4f25-a0a9-a04db889313a" />
      <TestMethod codeBase="C:\Projekty\MSTestProject\bin\Debug\netcoreapp3.1\MSTestProject.dll" adapterTypeName="executor://mstestadapter/v2" className="TwojeWesele.Services.Helpers.Tests.CurrencyHelperTests" name="FormatToStringTest1000" />
    </UnitTest>
    <UnitTest name="FormatToStringTest1000 (12577.642620996872,12577.64 zł)" storage="c:\projekty\mstestproject\bin\debug\netcoreapp3.1\mstestproject.dll" id="04a2baa1-5c84-44bf-ad3a-22413215c5f9">
      <TestCategory>
        <TestCategoryItem TestCategory="Category1000" />
      </TestCategory>
      <Execution id="53334ae8-e35e-4d9a-b6c6-210211eaf4df" />
      <TestMethod codeBase="C:\Projekty\MSTestProject\bin\Debug\netcoreapp3.1\MSTestProject.dll" adapterTypeName="executor://mstestadapter/v2" className="TwojeWesele.Services.Helpers.Tests.CurrencyHelperTests" name="FormatToStringTest1000" />
    </UnitTest>
    <UnitTest name="FormatToStringTest1000 (15841.26419853478,15841.26 zł)" storage="c:\projekty\mstestproject\bin\debug\netcoreapp3.1\mstestproject.dll" id="9b8310e4-d48a-48ee-83f8-eb76378a7d38">
      <TestCategory>
        <TestCategoryItem TestCategory="Category1000" />
      </TestCategory>
      <Execution id="09fd3e32-c07c-4ea3-861f-73e67f31a2c1" />
      <TestMethod codeBase="C:\Projekty\MSTestProject\bin\Debug\netcoreapp3.1\MSTestProject.dll" adapterTypeName="executor://mstestadapter/v2" className="TwojeWesele.Services.Helpers.Tests.CurrencyHelperTests" name="FormatToStringTest1000" />
    </UnitTest>
    <UnitTest name="FormatToStringTest1000 (24729.333280806586,24729.33 zł)" storage="c:\projekty\mstestproject\bin\debug\netcoreapp3.1\mstestproject.dll" id="2c4c7568-1732-45bf-87cd-f19166ede6c5">
      <TestCategory>
        <TestCategoryItem TestCategory="Category1000" />
      </TestCategory>
      <Execution id="9df14b61-8ec0-4d21-9479-dd237ebd6545" />
      <TestMethod codeBase="C:\Projekty\MSTestProject\bin\Debug\netcoreapp3.1\MSTestProject.dll" adapterTypeName="executor://mstestadapter/v2" className="TwojeWesele.Services.Helpers.Tests.CurrencyHelperTests" name="FormatToStringTest1000" />
    </UnitTest>
    <UnitTest name="FormatToStringTest1000 (5978.1197194131655,5978.12 zł)" storage="c:\projekty\mstestproject\bin\debug\netcoreapp3.1\mstestproject.dll" id="650a1e95-eedd-4cb4-819a-370212ca1b6f">
      <TestCategory>
        <TestCategoryItem TestCategory="Category1000" />
      </TestCategory>
      <Execution id="4f4185fc-c3b3-4e29-ab99-aa98a5f9d1ee" />
      <TestMethod codeBase="C:\Projekty\MSTestProject\bin\Debug\netcoreapp3.1\MSTestProject.dll" adapterTypeName="executor://mstestadapter/v2" className="TwojeWesele.Services.Helpers.Tests.CurrencyHelperTests" name="FormatToStringTest1000" />
    </UnitTest>
    <UnitTest name="FormatToStringTest1000 (28068.20530246394,28068.21 zł)" storage="c:\projekty\mstestproject\bin\debug\netcoreapp3.1\mstestproject.dll" id="c4d3b389-84fd-4efd-a579-f01bdb3d9e81">
      <TestCategory>
        <TestCategoryItem TestCategory="Category1000" />
      </TestCategory>
      <Execution id="3d278c07-d384-4ff5-b70f-960073590779" />
      <TestMethod codeBase="C:\Projekty\MSTestProject\bin\Debug\netcoreapp3.1\MSTestProject.dll" adapterTypeName="executor://mstestadapter/v2" className="TwojeWesele.Services.Helpers.Tests.CurrencyHelperTests" name="FormatToStringTest1000" />
    </UnitTest>
    <UnitTest name="FormatToStringTest1000 (9867.823212210007,9867.82 zł)" storage="c:\projekty\mstestproject\bin\debug\netcoreapp3.1\mstestproject.dll" id="6f1b0a3b-bbc3-41aa-bbca-ff62e6ff0f53">
      <TestCategory>
        <TestCategoryItem TestCategory="Category1000" />
      </TestCategory>
      <Execution id="6700ae06-2c79-40dc-9a70-c2205df6d68a" />
      <TestMethod codeBase="C:\Projekty\MSTestProject\bin\Debug\netcoreapp3.1\MSTestProject.dll" adapterTypeName="executor://mstestadapter/v2" className="TwojeWesele.Services.Helpers.Tests.CurrencyHelperTests" name="FormatToStringTest1000" />
    </UnitTest>
    <UnitTest name="FormatToStringTest1000 (782.6578288817116,782.66 zł)" storage="c:\projekty\mstestproject\bin\debug\netcoreapp3.1\mstestproject.dll" id="2deb44fa-2e54-4507-89a0-febfcea9e7f1">
      <TestCategory>
        <TestCategoryItem TestCategory="Category1000" />
      </TestCategory>
      <Execution id="f249c828-2355-4e23-ab31-58d6298afb79" />
      <TestMethod codeBase="C:\Projekty\MSTestProject\bin\Debug\netcoreapp3.1\MSTestProject.dll" adapterTypeName="executor://mstestadapter/v2" className="TwojeWesele.Services.Helpers.Tests.CurrencyHelperTests" name="FormatToStringTest1000" />
    </UnitTest>
    <UnitTest name="FormatToStringTest1000 (37160.85331540269,37160.85 zł)" storage="c:\projekty\mstestproject\bin\debug\netcoreapp3.1\mstestproject.dll" id="04fb3c29-8b94-42e7-8a0d-6ba2e6a03730">
      <TestCategory>
        <TestCategoryItem TestCategory="Category1000" />
      </TestCategory>
      <Execution id="a280ddbc-8fcd-4626-a20e-0e7af89089dd" />
      <TestMethod codeBase="C:\Projekty\MSTestProject\bin\Debug\netcoreapp3.1\MSTestProject.dll" adapterTypeName="executor://mstestadapter/v2" className="TwojeWesele.Services.Helpers.Tests.CurrencyHelperTests" name="FormatToStringTest1000" />
    </UnitTest>
    <UnitTest name="FormatToStringTest1000 (23282.56178903047,23282.56 zł)" storage="c:\projekty\mstestproject\bin\debug\netcoreapp3.1\mstestproject.dll" id="36450131-081f-4a35-952a-12202f6ee998">
      <TestCategory>
        <TestCategoryItem TestCategory="Category1000" />
      </TestCategory>
      <Execution id="1ad72e93-0aa8-427e-87a5-f77058b1dc1f" />
      <TestMethod codeBase="C:\Projekty\MSTestProject\bin\Debug\netcoreapp3.1\MSTestProject.dll" adapterTypeName="executor://mstestadapter/v2" className="TwojeWesele.Services.Helpers.Tests.CurrencyHelperTests" name="FormatToStringTest1000" />
    </UnitTest>
    <UnitTest name="FormatToStringTest1000 (23548.88067407016,23548.88 zł)" storage="c:\projekty\mstestproject\bin\debug\netcoreapp3.1\mstestproject.dll" id="9ecd7de4-bde1-4047-a500-f64047b6aada">
      <TestCategory>
        <TestCategoryItem TestCategory="Category1000" />
      </TestCategory>
      <Execution id="b9588587-b7d2-4da4-be39-6e3924c84184" />
      <TestMethod codeBase="C:\Projekty\MSTestProject\bin\Debug\netcoreapp3.1\MSTestProject.dll" adapterTypeName="executor://mstestadapter/v2" className="TwojeWesele.Services.Helpers.Tests.CurrencyHelperTests" name="FormatToStringTest1000" />
    </UnitTest>
    <UnitTest name="FormatToStringTest1000 (44869.327020554025,44869.33 zł)" storage="c:\projekty\mstestproject\bin\debug\netcoreapp3.1\mstestproject.dll" id="dffa461a-af8f-4c1e-8e6c-e411bf67e342">
      <TestCategory>
        <TestCategoryItem TestCategory="Category1000" />
      </TestCategory>
      <Execution id="fdc691cd-d5f9-4adc-a0d7-5bf836990756" />
      <TestMethod codeBase="C:\Projekty\MSTestProject\bin\Debug\netcoreapp3.1\MSTestProject.dll" adapterTypeName="executor://mstestadapter/v2" className="TwojeWesele.Services.Helpers.Tests.CurrencyHelperTests" name="FormatToStringTest1000" />
    </UnitTest>
    <UnitTest name="FormatToStringTest1000 (1613.6903705837626,1613.69 zł)" storage="c:\projekty\mstestproject\bin\debug\netcoreapp3.1\mstestproject.dll" id="42c069d5-9797-45e9-9718-21e813e511a1">
      <TestCategory>
        <TestCategoryItem TestCategory="Category1000" />
      </TestCategory>
      <Execution id="0b015585-a1a6-4786-bbf4-b098a2ad0b9c" />
      <TestMethod codeBase="C:\Projekty\MSTestProject\bin\Debug\netcoreapp3.1\MSTestProject.dll" adapterTypeName="executor://mstestadapter/v2" className="TwojeWesele.Services.Helpers.Tests.CurrencyHelperTests" name="FormatToStringTest1000" />
    </UnitTest>
    <UnitTest name="FormatToStringTest1000 (61422.228144277455,61422.23 zł)" storage="c:\projekty\mstestproject\bin\debug\netcoreapp3.1\mstestproject.dll" id="535408e3-71ce-4248-be7a-4d1fe6298d01">
      <TestCategory>
        <TestCategoryItem TestCategory="Category1000" />
      </TestCategory>
      <Execution id="afbe26fa-829f-41dd-ae1a-e619a6d5380d" />
      <TestMethod codeBase="C:\Projekty\MSTestProject\bin\Debug\netcoreapp3.1\MSTestProject.dll" adapterTypeName="executor://mstestadapter/v2" className="TwojeWesele.Services.Helpers.Tests.CurrencyHelperTests" name="FormatToStringTest1000" />
    </UnitTest>
    <UnitTest name="FormatToStringTest1000 (82228.32322510486,82228.32 zł)" storage="c:\projekty\mstestproject\bin\debug\netcoreapp3.1\mstestproject.dll" id="e01495b3-e446-407d-ac3c-84672b749675">
      <TestCategory>
        <TestCategoryItem TestCategory="Category1000" />
      </TestCategory>
      <Execution id="8a293ca3-0412-4258-8a9c-eee1573708da" />
      <TestMethod codeBase="C:\Projekty\MSTestProject\bin\Debug\netcoreapp3.1\MSTestProject.dll" adapterTypeName="executor://mstestadapter/v2" className="TwojeWesele.Services.Helpers.Tests.CurrencyHelperTests" name="FormatToStringTest1000" />
    </UnitTest>
    <UnitTest name="FormatToStringTest1000 (13323.876109275909,13323.88 zł)" storage="c:\projekty\mstestproject\bin\debug\netcoreapp3.1\mstestproject.dll" id="2c37b4bc-8d28-41c3-a3da-c340ba40de77">
      <TestCategory>
        <TestCategoryItem TestCategory="Category1000" />
      </TestCategory>
      <Execution id="250e53e8-9155-4d40-9202-10de70b79166" />
      <TestMethod codeBase="C:\Projekty\MSTestProject\bin\Debug\netcoreapp3.1\MSTestProject.dll" adapterTypeName="executor://mstestadapter/v2" className="TwojeWesele.Services.Helpers.Tests.CurrencyHelperTests" name="FormatToStringTest1000" />
    </UnitTest>
    <UnitTest name="FormatToStringTest1000 (464.74397441965715,464.74 zł)" storage="c:\projekty\mstestproject\bin\debug\netcoreapp3.1\mstestproject.dll" id="41b2ab7d-5657-4a5f-84be-94b55b65a692">
      <TestCategory>
        <TestCategoryItem TestCategory="Category1000" />
      </TestCategory>
      <Execution id="f9bfe31a-97aa-4ea8-afad-76c3d5827ebb" />
      <TestMethod codeBase="C:\Projekty\MSTestProject\bin\Debug\netcoreapp3.1\MSTestProject.dll" adapterTypeName="executor://mstestadapter/v2" className="TwojeWesele.Services.Helpers.Tests.CurrencyHelperTests" name="FormatToStringTest1000" />
    </UnitTest>
    <UnitTest name="FormatToStringTest1000 (21785.42157155528,21785.42 zł)" storage="c:\projekty\mstestproject\bin\debug\netcoreapp3.1\mstestproject.dll" id="74089c1f-fef8-4ba1-ad28-2f211378e0a5">
      <TestCategory>
        <TestCategoryItem TestCategory="Category1000" />
      </TestCategory>
      <Execution id="27effe8d-9847-45d0-95e0-27f703893850" />
      <TestMethod codeBase="C:\Projekty\MSTestProject\bin\Debug\netcoreapp3.1\MSTestProject.dll" adapterTypeName="executor://mstestadapter/v2" className="TwojeWesele.Services.Helpers.Tests.CurrencyHelperTests" name="FormatToStringTest1000" />
    </UnitTest>
    <UnitTest name="FormatToStringTest1000 (31315.40354898544,31315.40 zł)" storage="c:\projekty\mstestproject\bin\debug\netcoreapp3.1\mstestproject.dll" id="1561a0c0-84f4-4876-9027-8e236e1cf8da">
      <TestCategory>
        <TestCategoryItem TestCategory="Category1000" />
      </TestCategory>
      <Execution id="1511f6e1-48ff-4b0f-a597-56d58b07beee" />
      <TestMethod codeBase="C:\Projekty\MSTestProject\bin\Debug\netcoreapp3.1\MSTestProject.dll" adapterTypeName="executor://mstestadapter/v2" className="TwojeWesele.Services.Helpers.Tests.CurrencyHelperTests" name="FormatToStringTest1000" />
    </UnitTest>
    <UnitTest name="FormatToStringTest1000 (79388.929555234,79388.93 zł)" storage="c:\projekty\mstestproject\bin\debug\netcoreapp3.1\mstestproject.dll" id="b509f4ae-493d-4fe7-af8e-f219628a6a4e">
      <TestCategory>
        <TestCategoryItem TestCategory="Category1000" />
      </TestCategory>
      <Execution id="a0f54aba-145b-4f87-b6b0-896139278a38" />
      <TestMethod codeBase="C:\Projekty\MSTestProject\bin\Debug\netcoreapp3.1\MSTestProject.dll" adapterTypeName="executor://mstestadapter/v2" className="TwojeWesele.Services.Helpers.Tests.CurrencyHelperTests" name="FormatToStringTest1000" />
    </UnitTest>
    <UnitTest name="FormatToStringTest1000 (26843.15785584932,26843.16 zł)" storage="c:\projekty\mstestproject\bin\debug\netcoreapp3.1\mstestproject.dll" id="cb3f2eec-8227-4606-8017-ed52afafc9bd">
      <TestCategory>
        <TestCategoryItem TestCategory="Category1000" />
      </TestCategory>
      <Execution id="2ef96f16-12d9-49a7-9765-ff3637abe7a0" />
      <TestMethod codeBase="C:\Projekty\MSTestProject\bin\Debug\netcoreapp3.1\MSTestProject.dll" adapterTypeName="executor://mstestadapter/v2" className="TwojeWesele.Services.Helpers.Tests.CurrencyHelperTests" name="FormatToStringTest1000" />
    </UnitTest>
    <UnitTest name="FormatToStringTest1000 (19103.831635461574,19103.83 zł)" storage="c:\projekty\mstestproject\bin\debug\netcoreapp3.1\mstestproject.dll" id="82245e61-9f0d-430d-b071-cf30be796ee4">
      <TestCategory>
        <TestCategoryItem TestCategory="Category1000" />
      </TestCategory>
      <Execution id="fffeabbe-0855-4c6a-a249-1022e79d5b7c" />
      <TestMethod codeBase="C:\Projekty\MSTestProject\bin\Debug\netcoreapp3.1\MSTestProject.dll" adapterTypeName="executor://mstestadapter/v2" className="TwojeWesele.Services.Helpers.Tests.CurrencyHelperTests" name="FormatToStringTest1000" />
    </UnitTest>
    <UnitTest name="FormatToStringTest1000 (33851.35523524618,33851.36 zł)" storage="c:\projekty\mstestproject\bin\debug\netcoreapp3.1\mstestproject.dll" id="87d1b8c8-08e7-4442-bd88-c1284fce5b31">
      <TestCategory>
        <TestCategoryItem TestCategory="Category1000" />
      </TestCategory>
      <Execution id="a6f73805-241e-4f50-97c0-3f119896007b" />
      <TestMethod codeBase="C:\Projekty\MSTestProject\bin\Debug\netcoreapp3.1\MSTestProject.dll" adapterTypeName="executor://mstestadapter/v2" className="TwojeWesele.Services.Helpers.Tests.CurrencyHelperTests" name="FormatToStringTest1000" />
    </UnitTest>
    <UnitTest name="FormatToStringTest1000 (34060.48467268724,34060.48 zł)" storage="c:\projekty\mstestproject\bin\debug\netcoreapp3.1\mstestproject.dll" id="4ace5b29-0d8e-446b-84e5-ea7cf3aee00d">
      <TestCategory>
        <TestCategoryItem TestCategory="Category1000" />
      </TestCategory>
      <Execution id="b36b6ebc-d4d6-4fba-b06d-5905f32f38de" />
      <TestMethod codeBase="C:\Projekty\MSTestProject\bin\Debug\netcoreapp3.1\MSTestProject.dll" adapterTypeName="executor://mstestadapter/v2" className="TwojeWesele.Services.Helpers.Tests.CurrencyHelperTests" name="FormatToStringTest1000" />
    </UnitTest>
    <UnitTest name="FormatToStringTest1000 (12125.090155628086,12125.09 zł)" storage="c:\projekty\mstestproject\bin\debug\netcoreapp3.1\mstestproject.dll" id="d01aa470-31d9-40d3-bbfe-c04bb670151a">
      <TestCategory>
        <TestCategoryItem TestCategory="Category1000" />
      </TestCategory>
      <Execution id="5afb3242-ba66-4a3e-a548-8b8a89c2dab7" />
      <TestMethod codeBase="C:\Projekty\MSTestProject\bin\Debug\netcoreapp3.1\MSTestProject.dll" adapterTypeName="executor://mstestadapter/v2" className="TwojeWesele.Services.Helpers.Tests.CurrencyHelperTests" name="FormatToStringTest1000" />
    </UnitTest>
    <UnitTest name="FormatToStringTest1000 (13574.683315038068,13574.68 zł)" storage="c:\projekty\mstestproject\bin\debug\netcoreapp3.1\mstestproject.dll" id="a407e49b-f78b-4d0d-ad8a-455a82b2b80e">
      <TestCategory>
        <TestCategoryItem TestCategory="Category1000" />
      </TestCategory>
      <Execution id="5371db93-6bb7-4f2e-8caf-65e49d31981e" />
      <TestMethod codeBase="C:\Projekty\MSTestProject\bin\Debug\netcoreapp3.1\MSTestProject.dll" adapterTypeName="executor://mstestadapter/v2" className="TwojeWesele.Services.Helpers.Tests.CurrencyHelperTests" name="FormatToStringTest1000" />
    </UnitTest>
    <UnitTest name="FormatToStringTest1000 (4669.392596858271,4669.39 zł)" storage="c:\projekty\mstestproject\bin\debug\netcoreapp3.1\mstestproject.dll" id="af035a6a-c37b-41ca-8ad3-6ebebe404b26">
      <TestCategory>
        <TestCategoryItem TestCategory="Category1000" />
      </TestCategory>
      <Execution id="a4fd4276-7c59-4e90-8600-feef29d37404" />
      <TestMethod codeBase="C:\Projekty\MSTestProject\bin\Debug\netcoreapp3.1\MSTestProject.dll" adapterTypeName="executor://mstestadapter/v2" className="TwojeWesele.Services.Helpers.Tests.CurrencyHelperTests" name="FormatToStringTest1000" />
    </UnitTest>
    <UnitTest name="FormatToStringTest1000 (41972.39431566763,41972.39 zł)" storage="c:\projekty\mstestproject\bin\debug\netcoreapp3.1\mstestproject.dll" id="e473ae57-ca40-4422-b21d-195e1fd2b611">
      <TestCategory>
        <TestCategoryItem TestCategory="Category1000" />
      </TestCategory>
      <Execution id="e43855bd-edd9-4c95-92b6-3ffe2123e27d" />
      <TestMethod codeBase="C:\Projekty\MSTestProject\bin\Debug\netcoreapp3.1\MSTestProject.dll" adapterTypeName="executor://mstestadapter/v2" className="TwojeWesele.Services.Helpers.Tests.CurrencyHelperTests" name="FormatToStringTest1000" />
    </UnitTest>
    <UnitTest name="FormatToStringTest1000 (87505.85936583664,87505.86 zł)" storage="c:\projekty\mstestproject\bin\debug\netcoreapp3.1\mstestproject.dll" id="4a93766b-7c56-4f93-883c-6d16d9f504f6">
      <TestCategory>
        <TestCategoryItem TestCategory="Category1000" />
      </TestCategory>
      <Execution id="ba0e5b20-1b32-4192-93ce-9946f6371a4f" />
      <TestMethod codeBase="C:\Projekty\MSTestProject\bin\Debug\netcoreapp3.1\MSTestProject.dll" adapterTypeName="executor://mstestadapter/v2" className="TwojeWesele.Services.Helpers.Tests.CurrencyHelperTests" name="FormatToStringTest1000" />
    </UnitTest>
    <UnitTest name="FormatToStringTest1000 (36978.61073549213,36978.61 zł)" storage="c:\projekty\mstestproject\bin\debug\netcoreapp3.1\mstestproject.dll" id="9aaebfbf-6c1e-4a73-896a-f10916b90378">
      <TestCategory>
        <TestCategoryItem TestCategory="Category1000" />
      </TestCategory>
      <Execution id="595e53f5-d58b-4b62-aba0-51d78b8b938b" />
      <TestMethod codeBase="C:\Projekty\MSTestProject\bin\Debug\netcoreapp3.1\MSTestProject.dll" adapterTypeName="executor://mstestadapter/v2" className="TwojeWesele.Services.Helpers.Tests.CurrencyHelperTests" name="FormatToStringTest1000" />
    </UnitTest>
    <UnitTest name="FormatToStringTest1000 (22533.17694295811,22533.18 zł)" storage="c:\projekty\mstestproject\bin\debug\netcoreapp3.1\mstestproject.dll" id="648aef6e-411d-4769-aff2-b478257055e2">
      <TestCategory>
        <TestCategoryItem TestCategory="Category1000" />
      </TestCategory>
      <Execution id="87922711-9c1e-4735-af9c-b6a4044f3faa" />
      <TestMethod codeBase="C:\Projekty\MSTestProject\bin\Debug\netcoreapp3.1\MSTestProject.dll" adapterTypeName="executor://mstestadapter/v2" className="TwojeWesele.Services.Helpers.Tests.CurrencyHelperTests" name="FormatToStringTest1000" />
    </UnitTest>
    <UnitTest name="FormatToStringTest1000 (58902.704109088845,58902.70 zł)" storage="c:\projekty\mstestproject\bin\debug\netcoreapp3.1\mstestproject.dll" id="158f55e2-37b4-45c6-bbbd-39af1afae59c">
      <TestCategory>
        <TestCategoryItem TestCategory="Category1000" />
      </TestCategory>
      <Execution id="35677623-9a60-4cd3-a6ff-a3294c8068a6" />
      <TestMethod codeBase="C:\Projekty\MSTestProject\bin\Debug\netcoreapp3.1\MSTestProject.dll" adapterTypeName="executor://mstestadapter/v2" className="TwojeWesele.Services.Helpers.Tests.CurrencyHelperTests" name="FormatToStringTest1000" />
    </UnitTest>
    <UnitTest name="FormatToStringTest1000 (10784.438152511344,10784.44 zł)" storage="c:\projekty\mstestproject\bin\debug\netcoreapp3.1\mstestproject.dll" id="c0490fd4-1038-45a3-8453-5966652bd251">
      <TestCategory>
        <TestCategoryItem TestCategory="Category1000" />
      </TestCategory>
      <Execution id="c3beec0a-a162-473f-94ad-cdd6112a2b32" />
      <TestMethod codeBase="C:\Projekty\MSTestProject\bin\Debug\netcoreapp3.1\MSTestProject.dll" adapterTypeName="executor://mstestadapter/v2" className="TwojeWesele.Services.Helpers.Tests.CurrencyHelperTests" name="FormatToStringTest1000" />
    </UnitTest>
    <UnitTest name="FormatToStringTest1000 (16673.5121774904,16673.51 zł)" storage="c:\projekty\mstestproject\bin\debug\netcoreapp3.1\mstestproject.dll" id="8cbc10fb-1893-4257-8ff6-37ab15d5922c">
      <TestCategory>
        <TestCategoryItem TestCategory="Category1000" />
      </TestCategory>
      <Execution id="e4232dd4-0b7d-461c-bac6-9e37e422b7b0" />
      <TestMethod codeBase="C:\Projekty\MSTestProject\bin\Debug\netcoreapp3.1\MSTestProject.dll" adapterTypeName="executor://mstestadapter/v2" className="TwojeWesele.Services.Helpers.Tests.CurrencyHelperTests" name="FormatToStringTest1000" />
    </UnitTest>
    <UnitTest name="FormatToStringTest1000 (66284.43763489948,66284.44 zł)" storage="c:\projekty\mstestproject\bin\debug\netcoreapp3.1\mstestproject.dll" id="3cb1aa17-8e23-469b-b530-c3bd3a927622">
      <TestCategory>
        <TestCategoryItem TestCategory="Category1000" />
      </TestCategory>
      <Execution id="31fc8084-f8bd-4af6-a951-356e174945e8" />
      <TestMethod codeBase="C:\Projekty\MSTestProject\bin\Debug\netcoreapp3.1\MSTestProject.dll" adapterTypeName="executor://mstestadapter/v2" className="TwojeWesele.Services.Helpers.Tests.CurrencyHelperTests" name="FormatToStringTest1000" />
    </UnitTest>
    <UnitTest name="FormatToStringTest1000 (13541.45472935096,13541.45 zł)" storage="c:\projekty\mstestproject\bin\debug\netcoreapp3.1\mstestproject.dll" id="1e2bf472-e2dc-42cc-95e6-aac972c199d2">
      <TestCategory>
        <TestCategoryItem TestCategory="Category1000" />
      </TestCategory>
      <Execution id="15f242c1-fb00-42f8-9eb4-ceffac4ba1ae" />
      <TestMethod codeBase="C:\Projekty\MSTestProject\bin\Debug\netcoreapp3.1\MSTestProject.dll" adapterTypeName="executor://mstestadapter/v2" className="TwojeWesele.Services.Helpers.Tests.CurrencyHelperTests" name="FormatToStringTest1000" />
    </UnitTest>
    <UnitTest name="FormatToStringTest1000 (14137.400697779563,14137.40 zł)" storage="c:\projekty\mstestproject\bin\debug\netcoreapp3.1\mstestproject.dll" id="62d2e74c-7e5b-4cb7-9ef7-c52c3f89a21c">
      <TestCategory>
        <TestCategoryItem TestCategory="Category1000" />
      </TestCategory>
      <Execution id="9d389642-563c-44d9-8716-bde72f548fc0" />
      <TestMethod codeBase="C:\Projekty\MSTestProject\bin\Debug\netcoreapp3.1\MSTestProject.dll" adapterTypeName="executor://mstestadapter/v2" className="TwojeWesele.Services.Helpers.Tests.CurrencyHelperTests" name="FormatToStringTest1000" />
    </UnitTest>
    <UnitTest name="FormatToStringTest1000 (11100.829211263372,11100.83 zł)" storage="c:\projekty\mstestproject\bin\debug\netcoreapp3.1\mstestproject.dll" id="85c6f201-76b4-40e4-a3b9-ee5881a118b5">
      <TestCategory>
        <TestCategoryItem TestCategory="Category1000" />
      </TestCategory>
      <Execution id="e325aaac-4517-422e-9a47-9ed5f039542d" />
      <TestMethod codeBase="C:\Projekty\MSTestProject\bin\Debug\netcoreapp3.1\MSTestProject.dll" adapterTypeName="executor://mstestadapter/v2" className="TwojeWesele.Services.Helpers.Tests.CurrencyHelperTests" name="FormatToStringTest1000" />
    </UnitTest>
    <UnitTest name="FormatToStringTest1000 (653.4647999170537,653.46 zł)" storage="c:\projekty\mstestproject\bin\debug\netcoreapp3.1\mstestproject.dll" id="bcd9303e-a5e2-449c-ade9-32918de8cd35">
      <TestCategory>
        <TestCategoryItem TestCategory="Category1000" />
      </TestCategory>
      <Execution id="d4b7364a-3ee7-4018-857a-23f26a8a2064" />
      <TestMethod codeBase="C:\Projekty\MSTestProject\bin\Debug\netcoreapp3.1\MSTestProject.dll" adapterTypeName="executor://mstestadapter/v2" className="TwojeWesele.Services.Helpers.Tests.CurrencyHelperTests" name="FormatToStringTest1000" />
    </UnitTest>
    <UnitTest name="FormatToStringTest1000 (66053.95451852398,66053.95 zł)" storage="c:\projekty\mstestproject\bin\debug\netcoreapp3.1\mstestproject.dll" id="78d3d14f-d9a5-469b-8b7b-d60868d7dbc3">
      <TestCategory>
        <TestCategoryItem TestCategory="Category1000" />
      </TestCategory>
      <Execution id="c5a82ca3-8a7b-4e00-9c29-e84c62b4a303" />
      <TestMethod codeBase="C:\Projekty\MSTestProject\bin\Debug\netcoreapp3.1\MSTestProject.dll" adapterTypeName="executor://mstestadapter/v2" className="TwojeWesele.Services.Helpers.Tests.CurrencyHelperTests" name="FormatToStringTest1000" />
    </UnitTest>
    <UnitTest name="FormatToStringTest1000 (4592.278577496428,4592.28 zł)" storage="c:\projekty\mstestproject\bin\debug\netcoreapp3.1\mstestproject.dll" id="5d51f6c6-232e-4e2a-91b7-03a05c889f47">
      <TestCategory>
        <TestCategoryItem TestCategory="Category1000" />
      </TestCategory>
      <Execution id="96a55125-bce9-41bd-a80b-1e3b9396664d" />
      <TestMethod codeBase="C:\Projekty\MSTestProject\bin\Debug\netcoreapp3.1\MSTestProject.dll" adapterTypeName="executor://mstestadapter/v2" className="TwojeWesele.Services.Helpers.Tests.CurrencyHelperTests" name="FormatToStringTest1000" />
    </UnitTest>
    <UnitTest name="FormatToStringTest1000 (70432.00656616595,70432.01 zł)" storage="c:\projekty\mstestproject\bin\debug\netcoreapp3.1\mstestproject.dll" id="fc70f60e-7936-46fc-84ae-e825f4bb260c">
      <TestCategory>
        <TestCategoryItem TestCategory="Category1000" />
      </TestCategory>
      <Execution id="19830331-2f3d-4b17-9913-3981003275d8" />
      <TestMethod codeBase="C:\Projekty\MSTestProject\bin\Debug\netcoreapp3.1\MSTestProject.dll" adapterTypeName="executor://mstestadapter/v2" className="TwojeWesele.Services.Helpers.Tests.CurrencyHelperTests" name="FormatToStringTest1000" />
    </UnitTest>
    <UnitTest name="FormatToStringTest1000 (32632.105531036905,32632.11 zł)" storage="c:\projekty\mstestproject\bin\debug\netcoreapp3.1\mstestproject.dll" id="bd570aa6-0000-4483-b75c-902b0e5edab8">
      <TestCategory>
        <TestCategoryItem TestCategory="Category1000" />
      </TestCategory>
      <Execution id="41524429-e91f-40c6-8148-6f92c97cc113" />
      <TestMethod codeBase="C:\Projekty\MSTestProject\bin\Debug\netcoreapp3.1\MSTestProject.dll" adapterTypeName="executor://mstestadapter/v2" className="TwojeWesele.Services.Helpers.Tests.CurrencyHelperTests" name="FormatToStringTest1000" />
    </UnitTest>
    <UnitTest name="FormatToStringTest1000 (5591.2222540617095,5591.22 zł)" storage="c:\projekty\mstestproject\bin\debug\netcoreapp3.1\mstestproject.dll" id="ed8fcd64-a15f-4e77-aaf1-4b7be5903fb9">
      <TestCategory>
        <TestCategoryItem TestCategory="Category1000" />
      </TestCategory>
      <Execution id="8e316ef4-25f0-4a64-a770-8a4515b49c86" />
      <TestMethod codeBase="C:\Projekty\MSTestProject\bin\Debug\netcoreapp3.1\MSTestProject.dll" adapterTypeName="executor://mstestadapter/v2" className="TwojeWesele.Services.Helpers.Tests.CurrencyHelperTests" name="FormatToStringTest1000" />
    </UnitTest>
    <UnitTest name="FormatToStringTest1000 (14172.682747822573,14172.68 zł)" storage="c:\projekty\mstestproject\bin\debug\netcoreapp3.1\mstestproject.dll" id="7b4f4376-48dc-4f7c-8fc5-74b52ce6b848">
      <TestCategory>
        <TestCategoryItem TestCategory="Category1000" />
      </TestCategory>
      <Execution id="3f1ec9c6-6769-411f-b3e4-774705907455" />
      <TestMethod codeBase="C:\Projekty\MSTestProject\bin\Debug\netcoreapp3.1\MSTestProject.dll" adapterTypeName="executor://mstestadapter/v2" className="TwojeWesele.Services.Helpers.Tests.CurrencyHelperTests" name="FormatToStringTest1000" />
    </UnitTest>
    <UnitTest name="FormatToStringTest1000 (4612.32080757633,4612.32 zł)" storage="c:\projekty\mstestproject\bin\debug\netcoreapp3.1\mstestproject.dll" id="6e5e69d4-40b8-458f-8044-41b7404ed108">
      <TestCategory>
        <TestCategoryItem TestCategory="Category1000" />
      </TestCategory>
      <Execution id="ee294f10-c20d-40ce-b5a4-2778c14f9261" />
      <TestMethod codeBase="C:\Projekty\MSTestProject\bin\Debug\netcoreapp3.1\MSTestProject.dll" adapterTypeName="executor://mstestadapter/v2" className="TwojeWesele.Services.Helpers.Tests.CurrencyHelperTests" name="FormatToStringTest1000" />
    </UnitTest>
    <UnitTest name="FormatToStringTest1000 (22197.731451777618,22197.73 zł)" storage="c:\projekty\mstestproject\bin\debug\netcoreapp3.1\mstestproject.dll" id="f17d9aff-a552-41c5-804e-6e2cb5aaaedb">
      <TestCategory>
        <TestCategoryItem TestCategory="Category1000" />
      </TestCategory>
      <Execution id="2d3d25f2-caec-4893-9abe-7754986b9ff9" />
      <TestMethod codeBase="C:\Projekty\MSTestProject\bin\Debug\netcoreapp3.1\MSTestProject.dll" adapterTypeName="executor://mstestadapter/v2" className="TwojeWesele.Services.Helpers.Tests.CurrencyHelperTests" name="FormatToStringTest1000" />
    </UnitTest>
    <UnitTest name="FormatToStringTest1000 (35784.54232617307,35784.54 zł)" storage="c:\projekty\mstestproject\bin\debug\netcoreapp3.1\mstestproject.dll" id="7675b39f-79b0-4128-b00c-bfc57847942d">
      <TestCategory>
        <TestCategoryItem TestCategory="Category1000" />
      </TestCategory>
      <Execution id="cca09ca0-0c86-4325-b804-61bbf2c401f3" />
      <TestMethod codeBase="C:\Projekty\MSTestProject\bin\Debug\netcoreapp3.1\MSTestProject.dll" adapterTypeName="executor://mstestadapter/v2" className="TwojeWesele.Services.Helpers.Tests.CurrencyHelperTests" name="FormatToStringTest1000" />
    </UnitTest>
    <UnitTest name="FormatToStringTest1000 (30722.846572104303,30722.85 zł)" storage="c:\projekty\mstestproject\bin\debug\netcoreapp3.1\mstestproject.dll" id="b6e31be5-eede-4165-9432-7e63b19f2dd1">
      <TestCategory>
        <TestCategoryItem TestCategory="Category1000" />
      </TestCategory>
      <Execution id="8923f30f-7ae8-4323-bde7-3860379b248b" />
      <TestMethod codeBase="C:\Projekty\MSTestProject\bin\Debug\netcoreapp3.1\MSTestProject.dll" adapterTypeName="executor://mstestadapter/v2" className="TwojeWesele.Services.Helpers.Tests.CurrencyHelperTests" name="FormatToStringTest1000" />
    </UnitTest>
    <UnitTest name="FormatToStringTest1000 (31163.834562352316,31163.83 zł)" storage="c:\projekty\mstestproject\bin\debug\netcoreapp3.1\mstestproject.dll" id="d8a5592b-79c0-4070-b261-470dfd6762b6">
      <TestCategory>
        <TestCategoryItem TestCategory="Category1000" />
      </TestCategory>
      <Execution id="52067c23-675d-4045-9c24-21c517f5d177" />
      <TestMethod codeBase="C:\Projekty\MSTestProject\bin\Debug\netcoreapp3.1\MSTestProject.dll" adapterTypeName="executor://mstestadapter/v2" className="TwojeWesele.Services.Helpers.Tests.CurrencyHelperTests" name="FormatToStringTest1000" />
    </UnitTest>
    <UnitTest name="FormatToStringTest1000 (25116.590135570892,25116.59 zł)" storage="c:\projekty\mstestproject\bin\debug\netcoreapp3.1\mstestproject.dll" id="5660f2ca-1700-4527-8b51-cae21444f917">
      <TestCategory>
        <TestCategoryItem TestCategory="Category1000" />
      </TestCategory>
      <Execution id="864ec788-53c9-4cc8-b0cb-b58273a75520" />
      <TestMethod codeBase="C:\Projekty\MSTestProject\bin\Debug\netcoreapp3.1\MSTestProject.dll" adapterTypeName="executor://mstestadapter/v2" className="TwojeWesele.Services.Helpers.Tests.CurrencyHelperTests" name="FormatToStringTest1000" />
    </UnitTest>
    <UnitTest name="FormatToStringTest1000 (26174.290999793586,26174.29 zł)" storage="c:\projekty\mstestproject\bin\debug\netcoreapp3.1\mstestproject.dll" id="58bc8865-55b5-4227-beb5-53224067d8f1">
      <TestCategory>
        <TestCategoryItem TestCategory="Category1000" />
      </TestCategory>
      <Execution id="f2695bfe-2360-4d22-bfde-66aef8dd9ba5" />
      <TestMethod codeBase="C:\Projekty\MSTestProject\bin\Debug\netcoreapp3.1\MSTestProject.dll" adapterTypeName="executor://mstestadapter/v2" className="TwojeWesele.Services.Helpers.Tests.CurrencyHelperTests" name="FormatToStringTest1000" />
    </UnitTest>
    <UnitTest name="FormatToStringTest1000 (64887.45559046951,64887.46 zł)" storage="c:\projekty\mstestproject\bin\debug\netcoreapp3.1\mstestproject.dll" id="e0107b52-dc2f-4e71-821b-8f4fbc4d6797">
      <TestCategory>
        <TestCategoryItem TestCategory="Category1000" />
      </TestCategory>
      <Execution id="5519cd11-2bc5-4e68-88b6-e5fee2ed0be2" />
      <TestMethod codeBase="C:\Projekty\MSTestProject\bin\Debug\netcoreapp3.1\MSTestProject.dll" adapterTypeName="executor://mstestadapter/v2" className="TwojeWesele.Services.Helpers.Tests.CurrencyHelperTests" name="FormatToStringTest1000" />
    </UnitTest>
    <UnitTest name="FormatToStringTest1000 (44930.92203801075,44930.92 zł)" storage="c:\projekty\mstestproject\bin\debug\netcoreapp3.1\mstestproject.dll" id="6952a48f-1e9a-4eee-b58e-0bfc4a444371">
      <TestCategory>
        <TestCategoryItem TestCategory="Category1000" />
      </TestCategory>
      <Execution id="93373e5a-cfec-43f9-b983-8e0c89dfd0a9" />
      <TestMethod codeBase="C:\Projekty\MSTestProject\bin\Debug\netcoreapp3.1\MSTestProject.dll" adapterTypeName="executor://mstestadapter/v2" className="TwojeWesele.Services.Helpers.Tests.CurrencyHelperTests" name="FormatToStringTest1000" />
    </UnitTest>
    <UnitTest name="FormatToStringTest1000 (35145.379208063416,35145.38 zł)" storage="c:\projekty\mstestproject\bin\debug\netcoreapp3.1\mstestproject.dll" id="5af8fdc6-25cd-468e-9bc4-585f92d7726c">
      <TestCategory>
        <TestCategoryItem TestCategory="Category1000" />
      </TestCategory>
      <Execution id="3c153771-e034-4a3b-ad12-73a8f7d854fa" />
      <TestMethod codeBase="C:\Projekty\MSTestProject\bin\Debug\netcoreapp3.1\MSTestProject.dll" adapterTypeName="executor://mstestadapter/v2" className="TwojeWesele.Services.Helpers.Tests.CurrencyHelperTests" name="FormatToStringTest1000" />
    </UnitTest>
    <UnitTest name="FormatToStringTest1000 (14035.12972514477,14035.13 zł)" storage="c:\projekty\mstestproject\bin\debug\netcoreapp3.1\mstestproject.dll" id="01054d9c-48b2-4cec-8804-6f761284e3ae">
      <TestCategory>
        <TestCategoryItem TestCategory="Category1000" />
      </TestCategory>
      <Execution id="df31edb9-6003-4d1b-9337-7c5889a84771" />
      <TestMethod codeBase="C:\Projekty\MSTestProject\bin\Debug\netcoreapp3.1\MSTestProject.dll" adapterTypeName="executor://mstestadapter/v2" className="TwojeWesele.Services.Helpers.Tests.CurrencyHelperTests" name="FormatToStringTest1000" />
    </UnitTest>
    <UnitTest name="FormatToStringTest1000 (3503.9809179231434,3503.98 zł)" storage="c:\projekty\mstestproject\bin\debug\netcoreapp3.1\mstestproject.dll" id="4558a149-343d-4dd4-bb18-9b9a9d15f06a">
      <TestCategory>
        <TestCategoryItem TestCategory="Category1000" />
      </TestCategory>
      <Execution id="f1ccfe76-ca53-49a7-b121-73701585f203" />
      <TestMethod codeBase="C:\Projekty\MSTestProject\bin\Debug\netcoreapp3.1\MSTestProject.dll" adapterTypeName="executor://mstestadapter/v2" className="TwojeWesele.Services.Helpers.Tests.CurrencyHelperTests" name="FormatToStringTest1000" />
    </UnitTest>
    <UnitTest name="FormatToStringTest1000 (62975.496334776515,62975.50 zł)" storage="c:\projekty\mstestproject\bin\debug\netcoreapp3.1\mstestproject.dll" id="17d8a753-931c-498f-9484-5a44990a82dd">
      <TestCategory>
        <TestCategoryItem TestCategory="Category1000" />
      </TestCategory>
      <Execution id="fd6522c3-ae5d-4655-8854-2632615cdde0" />
      <TestMethod codeBase="C:\Projekty\MSTestProject\bin\Debug\netcoreapp3.1\MSTestProject.dll" adapterTypeName="executor://mstestadapter/v2" className="TwojeWesele.Services.Helpers.Tests.CurrencyHelperTests" name="FormatToStringTest1000" />
    </UnitTest>
    <UnitTest name="FormatToStringTest1000 (19210.519530370144,19210.52 zł)" storage="c:\projekty\mstestproject\bin\debug\netcoreapp3.1\mstestproject.dll" id="3b6b2e55-e5ea-49ce-ac96-210344a0558a">
      <TestCategory>
        <TestCategoryItem TestCategory="Category1000" />
      </TestCategory>
      <Execution id="83735fb4-cc86-4308-8a53-6925c6eed664" />
      <TestMethod codeBase="C:\Projekty\MSTestProject\bin\Debug\netcoreapp3.1\MSTestProject.dll" adapterTypeName="executor://mstestadapter/v2" className="TwojeWesele.Services.Helpers.Tests.CurrencyHelperTests" name="FormatToStringTest1000" />
    </UnitTest>
    <UnitTest name="FormatToStringTest1000 (66541.05112730109,66541.05 zł)" storage="c:\projekty\mstestproject\bin\debug\netcoreapp3.1\mstestproject.dll" id="ea68c6d8-4c29-415d-8c50-e18d3f061bfe">
      <TestCategory>
        <TestCategoryItem TestCategory="Category1000" />
      </TestCategory>
      <Execution id="efcb5377-6a71-430d-a1e3-240b6493ee12" />
      <TestMethod codeBase="C:\Projekty\MSTestProject\bin\Debug\netcoreapp3.1\MSTestProject.dll" adapterTypeName="executor://mstestadapter/v2" className="TwojeWesele.Services.Helpers.Tests.CurrencyHelperTests" name="FormatToStringTest1000" />
    </UnitTest>
    <UnitTest name="FormatToStringTest1000 (6946.333318357977,6946.33 zł)" storage="c:\projekty\mstestproject\bin\debug\netcoreapp3.1\mstestproject.dll" id="39bc1721-5500-4b54-88e4-43449c64f599">
      <TestCategory>
        <TestCategoryItem TestCategory="Category1000" />
      </TestCategory>
      <Execution id="f3369124-3a61-4ddb-bf4b-af2a7f955bef" />
      <TestMethod codeBase="C:\Projekty\MSTestProject\bin\Debug\netcoreapp3.1\MSTestProject.dll" adapterTypeName="executor://mstestadapter/v2" className="TwojeWesele.Services.Helpers.Tests.CurrencyHelperTests" name="FormatToStringTest1000" />
    </UnitTest>
    <UnitTest name="FormatToStringTest1000 (60701.5177499319,60701.52 zł)" storage="c:\projekty\mstestproject\bin\debug\netcoreapp3.1\mstestproject.dll" id="d975b46b-9634-4f9c-a5fd-ba0d7b501055">
      <TestCategory>
        <TestCategoryItem TestCategory="Category1000" />
      </TestCategory>
      <Execution id="b158a2f3-9175-4200-b6c2-e832289e2cc1" />
      <TestMethod codeBase="C:\Projekty\MSTestProject\bin\Debug\netcoreapp3.1\MSTestProject.dll" adapterTypeName="executor://mstestadapter/v2" className="TwojeWesele.Services.Helpers.Tests.CurrencyHelperTests" name="FormatToStringTest1000" />
    </UnitTest>
    <UnitTest name="FormatToStringTest1000 (32359.431438434138,32359.43 zł)" storage="c:\projekty\mstestproject\bin\debug\netcoreapp3.1\mstestproject.dll" id="bccdb770-080f-41c6-ae0a-2abde1a73024">
      <TestCategory>
        <TestCategoryItem TestCategory="Category1000" />
      </TestCategory>
      <Execution id="66aeb793-5f7d-44ee-98fb-34bbac074648" />
      <TestMethod codeBase="C:\Projekty\MSTestProject\bin\Debug\netcoreapp3.1\MSTestProject.dll" adapterTypeName="executor://mstestadapter/v2" className="TwojeWesele.Services.Helpers.Tests.CurrencyHelperTests" name="FormatToStringTest1000" />
    </UnitTest>
    <UnitTest name="FormatToStringTest1000 (36969.98585167247,36969.99 zł)" storage="c:\projekty\mstestproject\bin\debug\netcoreapp3.1\mstestproject.dll" id="5a97622f-8e40-44c3-900c-230300656e7a">
      <TestCategory>
        <TestCategoryItem TestCategory="Category1000" />
      </TestCategory>
      <Execution id="e0c9fa82-bdb5-4767-9cf4-97c05646f840" />
      <TestMethod codeBase="C:\Projekty\MSTestProject\bin\Debug\netcoreapp3.1\MSTestProject.dll" adapterTypeName="executor://mstestadapter/v2" className="TwojeWesele.Services.Helpers.Tests.CurrencyHelperTests" name="FormatToStringTest1000" />
    </UnitTest>
    <UnitTest name="FormatToStringTest1000 (10495.622655484185,10495.62 zł)" storage="c:\projekty\mstestproject\bin\debug\netcoreapp3.1\mstestproject.dll" id="65786145-bd11-4912-b697-b3de55eea709">
      <TestCategory>
        <TestCategoryItem TestCategory="Category1000" />
      </TestCategory>
      <Execution id="5ea7ba29-3351-4c1c-b67a-6973b5e0a5d6" />
      <TestMethod codeBase="C:\Projekty\MSTestProject\bin\Debug\netcoreapp3.1\MSTestProject.dll" adapterTypeName="executor://mstestadapter/v2" className="TwojeWesele.Services.Helpers.Tests.CurrencyHelperTests" name="FormatToStringTest1000" />
    </UnitTest>
    <UnitTest name="FormatToStringTest1000 (4539.210371735137,4539.21 zł)" storage="c:\projekty\mstestproject\bin\debug\netcoreapp3.1\mstestproject.dll" id="1dcc1c2f-9bc9-4d2f-86b5-d06420121e0b">
      <TestCategory>
        <TestCategoryItem TestCategory="Category1000" />
      </TestCategory>
      <Execution id="d94b9e38-cab0-455e-adf9-8b3e4910f9bb" />
      <TestMethod codeBase="C:\Projekty\MSTestProject\bin\Debug\netcoreapp3.1\MSTestProject.dll" adapterTypeName="executor://mstestadapter/v2" className="TwojeWesele.Services.Helpers.Tests.CurrencyHelperTests" name="FormatToStringTest1000" />
    </UnitTest>
    <UnitTest name="FormatToStringTest1000 (73477.18206926118,73477.18 zł)" storage="c:\projekty\mstestproject\bin\debug\netcoreapp3.1\mstestproject.dll" id="d89a75fb-1183-426c-bd87-f11bdfaabc15">
      <TestCategory>
        <TestCategoryItem TestCategory="Category1000" />
      </TestCategory>
      <Execution id="8ab30e67-0543-454f-942d-b37316b43fe5" />
      <TestMethod codeBase="C:\Projekty\MSTestProject\bin\Debug\netcoreapp3.1\MSTestProject.dll" adapterTypeName="executor://mstestadapter/v2" className="TwojeWesele.Services.Helpers.Tests.CurrencyHelperTests" name="FormatToStringTest1000" />
    </UnitTest>
    <UnitTest name="FormatToStringTest1000 (45070.5442499493,45070.54 zł)" storage="c:\projekty\mstestproject\bin\debug\netcoreapp3.1\mstestproject.dll" id="c65cd80a-7a8c-4015-861d-f5a16c628a7d">
      <TestCategory>
        <TestCategoryItem TestCategory="Category1000" />
      </TestCategory>
      <Execution id="45b3c129-8f47-41f0-86bb-225bcdbc7f33" />
      <TestMethod codeBase="C:\Projekty\MSTestProject\bin\Debug\netcoreapp3.1\MSTestProject.dll" adapterTypeName="executor://mstestadapter/v2" className="TwojeWesele.Services.Helpers.Tests.CurrencyHelperTests" name="FormatToStringTest1000" />
    </UnitTest>
    <UnitTest name="FormatToStringTest1000 (1814.7218118955948,1814.72 zł)" storage="c:\projekty\mstestproject\bin\debug\netcoreapp3.1\mstestproject.dll" id="18eae62d-3c0c-4e68-86c1-b327dfda0329">
      <TestCategory>
        <TestCategoryItem TestCategory="Category1000" />
      </TestCategory>
      <Execution id="759f8ea0-53c0-4371-a752-d55e7ed23146" />
      <TestMethod codeBase="C:\Projekty\MSTestProject\bin\Debug\netcoreapp3.1\MSTestProject.dll" adapterTypeName="executor://mstestadapter/v2" className="TwojeWesele.Services.Helpers.Tests.CurrencyHelperTests" name="FormatToStringTest1000" />
    </UnitTest>
    <UnitTest name="FormatToStringTest1000 (16637.074429372828,16637.07 zł)" storage="c:\projekty\mstestproject\bin\debug\netcoreapp3.1\mstestproject.dll" id="1591ef6b-d0ee-4a30-92f5-18662bc40a0b">
      <TestCategory>
        <TestCategoryItem TestCategory="Category1000" />
      </TestCategory>
      <Execution id="1095db1e-2f6f-4c7f-93d6-e31bebfd8295" />
      <TestMethod codeBase="C:\Projekty\MSTestProject\bin\Debug\netcoreapp3.1\MSTestProject.dll" adapterTypeName="executor://mstestadapter/v2" className="TwojeWesele.Services.Helpers.Tests.CurrencyHelperTests" name="FormatToStringTest1000" />
    </UnitTest>
    <UnitTest name="FormatToStringTest1000 (16210.791556035536,16210.79 zł)" storage="c:\projekty\mstestproject\bin\debug\netcoreapp3.1\mstestproject.dll" id="cdfb4a45-22f7-47d3-a35b-a5268c9e101a">
      <TestCategory>
        <TestCategoryItem TestCategory="Category1000" />
      </TestCategory>
      <Execution id="7892857a-1d5f-4102-b23a-bad95a5f7d6c" />
      <TestMethod codeBase="C:\Projekty\MSTestProject\bin\Debug\netcoreapp3.1\MSTestProject.dll" adapterTypeName="executor://mstestadapter/v2" className="TwojeWesele.Services.Helpers.Tests.CurrencyHelperTests" name="FormatToStringTest1000" />
    </UnitTest>
    <UnitTest name="FormatToStringTest1000 (40241.790964380736,40241.79 zł)" storage="c:\projekty\mstestproject\bin\debug\netcoreapp3.1\mstestproject.dll" id="36c1eb05-6c9a-4c3d-b4f0-fd305d0088dd">
      <TestCategory>
        <TestCategoryItem TestCategory="Category1000" />
      </TestCategory>
      <Execution id="9bd505c7-bdf6-498d-9f0e-bf78ff5ff28c" />
      <TestMethod codeBase="C:\Projekty\MSTestProject\bin\Debug\netcoreapp3.1\MSTestProject.dll" adapterTypeName="executor://mstestadapter/v2" className="TwojeWesele.Services.Helpers.Tests.CurrencyHelperTests" name="FormatToStringTest1000" />
    </UnitTest>
    <UnitTest name="FormatToStringTest1000 (22743.19734205827,22743.20 zł)" storage="c:\projekty\mstestproject\bin\debug\netcoreapp3.1\mstestproject.dll" id="697cb2ac-df9b-4f9d-9217-0cab952479af">
      <TestCategory>
        <TestCategoryItem TestCategory="Category1000" />
      </TestCategory>
      <Execution id="a4f7f538-c7aa-40dd-b56c-e601d437882c" />
      <TestMethod codeBase="C:\Projekty\MSTestProject\bin\Debug\netcoreapp3.1\MSTestProject.dll" adapterTypeName="executor://mstestadapter/v2" className="TwojeWesele.Services.Helpers.Tests.CurrencyHelperTests" name="FormatToStringTest1000" />
    </UnitTest>
    <UnitTest name="FormatToStringTest1000 (47025.6224095177,47025.62 zł)" storage="c:\projekty\mstestproject\bin\debug\netcoreapp3.1\mstestproject.dll" id="98b22d34-e59c-426e-bea4-7afbde80aee2">
      <TestCategory>
        <TestCategoryItem TestCategory="Category1000" />
      </TestCategory>
      <Execution id="da0a510b-2aef-4a41-8788-0cc0137ad243" />
      <TestMethod codeBase="C:\Projekty\MSTestProject\bin\Debug\netcoreapp3.1\MSTestProject.dll" adapterTypeName="executor://mstestadapter/v2" className="TwojeWesele.Services.Helpers.Tests.CurrencyHelperTests" name="FormatToStringTest1000" />
    </UnitTest>
    <UnitTest name="FormatToStringTest1000 (27506.397047390416,27506.40 zł)" storage="c:\projekty\mstestproject\bin\debug\netcoreapp3.1\mstestproject.dll" id="46d8155e-7b18-45c4-8b8b-45d212093b18">
      <TestCategory>
        <TestCategoryItem TestCategory="Category1000" />
      </TestCategory>
      <Execution id="7ea2d43b-10e1-4ab7-9ec5-53d4d8c9033c" />
      <TestMethod codeBase="C:\Projekty\MSTestProject\bin\Debug\netcoreapp3.1\MSTestProject.dll" adapterTypeName="executor://mstestadapter/v2" className="TwojeWesele.Services.Helpers.Tests.CurrencyHelperTests" name="FormatToStringTest1000" />
    </UnitTest>
    <UnitTest name="FormatToStringTest1000 (36211.11038300866,36211.11 zł)" storage="c:\projekty\mstestproject\bin\debug\netcoreapp3.1\mstestproject.dll" id="0a4084eb-e334-4876-81ae-e042f3a92221">
      <TestCategory>
        <TestCategoryItem TestCategory="Category1000" />
      </TestCategory>
      <Execution id="6fdf32f1-8807-4345-ae35-1fc9ebd79213" />
      <TestMethod codeBase="C:\Projekty\MSTestProject\bin\Debug\netcoreapp3.1\MSTestProject.dll" adapterTypeName="executor://mstestadapter/v2" className="TwojeWesele.Services.Helpers.Tests.CurrencyHelperTests" name="FormatToStringTest1000" />
    </UnitTest>
    <UnitTest name="FormatToStringTest1000 (17875.613377604455,17875.61 zł)" storage="c:\projekty\mstestproject\bin\debug\netcoreapp3.1\mstestproject.dll" id="482a851f-fa30-4411-af38-f47933862c68">
      <TestCategory>
        <TestCategoryItem TestCategory="Category1000" />
      </TestCategory>
      <Execution id="cd7e368a-62f4-4b7b-9c06-4e68bb78f6f1" />
      <TestMethod codeBase="C:\Projekty\MSTestProject\bin\Debug\netcoreapp3.1\MSTestProject.dll" adapterTypeName="executor://mstestadapter/v2" className="TwojeWesele.Services.Helpers.Tests.CurrencyHelperTests" name="FormatToStringTest1000" />
    </UnitTest>
    <UnitTest name="FormatToStringTest1000 (6654.099431086378,6654.10 zł)" storage="c:\projekty\mstestproject\bin\debug\netcoreapp3.1\mstestproject.dll" id="1ae0264a-14ab-4e8a-825b-ad906f752b0f">
      <TestCategory>
        <TestCategoryItem TestCategory="Category1000" />
      </TestCategory>
      <Execution id="46ed084f-5104-4d7a-906f-0db462778698" />
      <TestMethod codeBase="C:\Projekty\MSTestProject\bin\Debug\netcoreapp3.1\MSTestProject.dll" adapterTypeName="executor://mstestadapter/v2" className="TwojeWesele.Services.Helpers.Tests.CurrencyHelperTests" name="FormatToStringTest1000" />
    </UnitTest>
    <UnitTest name="FormatToStringTest1000 (11157.981051815665,11157.98 zł)" storage="c:\projekty\mstestproject\bin\debug\netcoreapp3.1\mstestproject.dll" id="db12f165-c38e-4adb-bd04-458febc58f1f">
      <TestCategory>
        <TestCategoryItem TestCategory="Category1000" />
      </TestCategory>
      <Execution id="fca3c281-88b2-4cf5-bdd8-41f70d9e18dc" />
      <TestMethod codeBase="C:\Projekty\MSTestProject\bin\Debug\netcoreapp3.1\MSTestProject.dll" adapterTypeName="executor://mstestadapter/v2" className="TwojeWesele.Services.Helpers.Tests.CurrencyHelperTests" name="FormatToStringTest1000" />
    </UnitTest>
    <UnitTest name="FormatToStringTest1000 (7407.385606687696,7407.39 zł)" storage="c:\projekty\mstestproject\bin\debug\netcoreapp3.1\mstestproject.dll" id="86da3a9d-ca9e-426f-87d2-d1ec56b3bcec">
      <TestCategory>
        <TestCategoryItem TestCategory="Category1000" />
      </TestCategory>
      <Execution id="70af7f22-d00a-4e40-9ecc-0d9a3a519cf6" />
      <TestMethod codeBase="C:\Projekty\MSTestProject\bin\Debug\netcoreapp3.1\MSTestProject.dll" adapterTypeName="executor://mstestadapter/v2" className="TwojeWesele.Services.Helpers.Tests.CurrencyHelperTests" name="FormatToStringTest1000" />
    </UnitTest>
    <UnitTest name="FormatToStringTest1000 (45299.778512198376,45299.78 zł)" storage="c:\projekty\mstestproject\bin\debug\netcoreapp3.1\mstestproject.dll" id="918351e7-a26d-4e17-ae97-83f3f076a79f">
      <TestCategory>
        <TestCategoryItem TestCategory="Category1000" />
      </TestCategory>
      <Execution id="118ec4c4-d1e5-4aa6-9842-7f17ab2500fd" />
      <TestMethod codeBase="C:\Projekty\MSTestProject\bin\Debug\netcoreapp3.1\MSTestProject.dll" adapterTypeName="executor://mstestadapter/v2" className="TwojeWesele.Services.Helpers.Tests.CurrencyHelperTests" name="FormatToStringTest1000" />
    </UnitTest>
    <UnitTest name="FormatToStringTest1000 (72703.4365723503,72703.44 zł)" storage="c:\projekty\mstestproject\bin\debug\netcoreapp3.1\mstestproject.dll" id="fc4baa01-560a-460a-8319-8b12fdd895ad">
      <TestCategory>
        <TestCategoryItem TestCategory="Category1000" />
      </TestCategory>
      <Execution id="30baa33b-0084-4f2e-baf3-914f8b2c29bd" />
      <TestMethod codeBase="C:\Projekty\MSTestProject\bin\Debug\netcoreapp3.1\MSTestProject.dll" adapterTypeName="executor://mstestadapter/v2" className="TwojeWesele.Services.Helpers.Tests.CurrencyHelperTests" name="FormatToStringTest1000" />
    </UnitTest>
    <UnitTest name="FormatToStringTest1000 (1108.7197928823157,1108.72 zł)" storage="c:\projekty\mstestproject\bin\debug\netcoreapp3.1\mstestproject.dll" id="6539918d-0628-464d-badb-dd7ae5c998b8">
      <TestCategory>
        <TestCategoryItem TestCategory="Category1000" />
      </TestCategory>
      <Execution id="4f66a27a-d9c1-497d-8002-57a86c280c1e" />
      <TestMethod codeBase="C:\Projekty\MSTestProject\bin\Debug\netcoreapp3.1\MSTestProject.dll" adapterTypeName="executor://mstestadapter/v2" className="TwojeWesele.Services.Helpers.Tests.CurrencyHelperTests" name="FormatToStringTest1000" />
    </UnitTest>
    <UnitTest name="FormatToStringTest1000 (22799.991836491965,22799.99 zł)" storage="c:\projekty\mstestproject\bin\debug\netcoreapp3.1\mstestproject.dll" id="b217c3d8-9d60-4c04-b4c1-04c34d552291">
      <TestCategory>
        <TestCategoryItem TestCategory="Category1000" />
      </TestCategory>
      <Execution id="11afc021-0790-4de6-a90d-377df13db325" />
      <TestMethod codeBase="C:\Projekty\MSTestProject\bin\Debug\netcoreapp3.1\MSTestProject.dll" adapterTypeName="executor://mstestadapter/v2" className="TwojeWesele.Services.Helpers.Tests.CurrencyHelperTests" name="FormatToStringTest1000" />
    </UnitTest>
    <UnitTest name="FormatToStringTest1000 (5810.695934967462,5810.70 zł)" storage="c:\projekty\mstestproject\bin\debug\netcoreapp3.1\mstestproject.dll" id="49ad06af-8164-49b0-9064-f562bd5b3223">
      <TestCategory>
        <TestCategoryItem TestCategory="Category1000" />
      </TestCategory>
      <Execution id="dcd561f8-5c51-45ab-94d5-370b9c9d8947" />
      <TestMethod codeBase="C:\Projekty\MSTestProject\bin\Debug\netcoreapp3.1\MSTestProject.dll" adapterTypeName="executor://mstestadapter/v2" className="TwojeWesele.Services.Helpers.Tests.CurrencyHelperTests" name="FormatToStringTest1000" />
    </UnitTest>
    <UnitTest name="FormatToStringTest1000 (75162.39407669863,75162.39 zł)" storage="c:\projekty\mstestproject\bin\debug\netcoreapp3.1\mstestproject.dll" id="8bc17b22-a8aa-4b82-84f9-f2065eb2cad5">
      <TestCategory>
        <TestCategoryItem TestCategory="Category1000" />
      </TestCategory>
      <Execution id="1587009c-5e8c-4c59-89c7-c1df4da030fb" />
      <TestMethod codeBase="C:\Projekty\MSTestProject\bin\Debug\netcoreapp3.1\MSTestProject.dll" adapterTypeName="executor://mstestadapter/v2" className="TwojeWesele.Services.Helpers.Tests.CurrencyHelperTests" name="FormatToStringTest1000" />
    </UnitTest>
    <UnitTest name="FormatToStringTest1000 (14017.699524653006,14017.70 zł)" storage="c:\projekty\mstestproject\bin\debug\netcoreapp3.1\mstestproject.dll" id="59225e1a-25d9-4ec8-96ac-b805780fdc2c">
      <TestCategory>
        <TestCategoryItem TestCategory="Category1000" />
      </TestCategory>
      <Execution id="d1104c0b-cd32-4494-adfe-a86c0a52823a" />
      <TestMethod codeBase="C:\Projekty\MSTestProject\bin\Debug\netcoreapp3.1\MSTestProject.dll" adapterTypeName="executor://mstestadapter/v2" className="TwojeWesele.Services.Helpers.Tests.CurrencyHelperTests" name="FormatToStringTest1000" />
    </UnitTest>
    <UnitTest name="FormatToStringTest1000 (60017.857676936714,60017.86 zł)" storage="c:\projekty\mstestproject\bin\debug\netcoreapp3.1\mstestproject.dll" id="670c0587-f548-443e-a6a7-307db7c9ed9d">
      <TestCategory>
        <TestCategoryItem TestCategory="Category1000" />
      </TestCategory>
      <Execution id="87a735cd-2843-44bb-a49c-37b39f46b0b4" />
      <TestMethod codeBase="C:\Projekty\MSTestProject\bin\Debug\netcoreapp3.1\MSTestProject.dll" adapterTypeName="executor://mstestadapter/v2" className="TwojeWesele.Services.Helpers.Tests.CurrencyHelperTests" name="FormatToStringTest1000" />
    </UnitTest>
    <UnitTest name="FormatToStringTest1000 (9603.199987620208,9603.20 zł)" storage="c:\projekty\mstestproject\bin\debug\netcoreapp3.1\mstestproject.dll" id="3111a31f-e05f-445b-9d99-7a392e236e10">
      <TestCategory>
        <TestCategoryItem TestCategory="Category1000" />
      </TestCategory>
      <Execution id="da5fb83d-cc4e-49f1-87ca-0b5f19a5c5da" />
      <TestMethod codeBase="C:\Projekty\MSTestProject\bin\Debug\netcoreapp3.1\MSTestProject.dll" adapterTypeName="executor://mstestadapter/v2" className="TwojeWesele.Services.Helpers.Tests.CurrencyHelperTests" name="FormatToStringTest1000" />
    </UnitTest>
    <UnitTest name="FormatToStringTest1000 (2963.24443391815,2963.24 zł)" storage="c:\projekty\mstestproject\bin\debug\netcoreapp3.1\mstestproject.dll" id="f044b47f-e5f5-4802-b065-4cffaf66d98a">
      <TestCategory>
        <TestCategoryItem TestCategory="Category1000" />
      </TestCategory>
      <Execution id="9154024e-400a-4134-87f2-bdbaa1e93dd2" />
      <TestMethod codeBase="C:\Projekty\MSTestProject\bin\Debug\netcoreapp3.1\MSTestProject.dll" adapterTypeName="executor://mstestadapter/v2" className="TwojeWesele.Services.Helpers.Tests.CurrencyHelperTests" name="FormatToStringTest1000" />
    </UnitTest>
    <UnitTest name="FormatToStringTest1000 (904.351189922705,904.35 zł)" storage="c:\projekty\mstestproject\bin\debug\netcoreapp3.1\mstestproject.dll" id="c31d744f-9466-419e-bfbd-31dc528770da">
      <TestCategory>
        <TestCategoryItem TestCategory="Category1000" />
      </TestCategory>
      <Execution id="75102339-0d74-4a56-acbc-94a711025c79" />
      <TestMethod codeBase="C:\Projekty\MSTestProject\bin\Debug\netcoreapp3.1\MSTestProject.dll" adapterTypeName="executor://mstestadapter/v2" className="TwojeWesele.Services.Helpers.Tests.CurrencyHelperTests" name="FormatToStringTest1000" />
    </UnitTest>
    <UnitTest name="FormatToStringTest1000 (33245.44763357819,33245.45 zł)" storage="c:\projekty\mstestproject\bin\debug\netcoreapp3.1\mstestproject.dll" id="29a43b83-0fa3-41b3-a3bb-518a10fcf816">
      <TestCategory>
        <TestCategoryItem TestCategory="Category1000" />
      </TestCategory>
      <Execution id="6bf22f43-c273-4e55-a934-bead5e9017d3" />
      <TestMethod codeBase="C:\Projekty\MSTestProject\bin\Debug\netcoreapp3.1\MSTestProject.dll" adapterTypeName="executor://mstestadapter/v2" className="TwojeWesele.Services.Helpers.Tests.CurrencyHelperTests" name="FormatToStringTest1000" />
    </UnitTest>
    <UnitTest name="FormatToStringTest1000 (13286.856387228174,13286.86 zł)" storage="c:\projekty\mstestproject\bin\debug\netcoreapp3.1\mstestproject.dll" id="3e46b5ea-b852-437c-9a61-cbf4f64c1c3f">
      <TestCategory>
        <TestCategoryItem TestCategory="Category1000" />
      </TestCategory>
      <Execution id="063ce21b-8abf-436d-921f-793ec762dfde" />
      <TestMethod codeBase="C:\Projekty\MSTestProject\bin\Debug\netcoreapp3.1\MSTestProject.dll" adapterTypeName="executor://mstestadapter/v2" className="TwojeWesele.Services.Helpers.Tests.CurrencyHelperTests" name="FormatToStringTest1000" />
    </UnitTest>
    <UnitTest name="FormatToStringTest1000 (28502.61128259758,28502.61 zł)" storage="c:\projekty\mstestproject\bin\debug\netcoreapp3.1\mstestproject.dll" id="94419810-b906-4f5e-b8ec-64afd8a6faaf">
      <TestCategory>
        <TestCategoryItem TestCategory="Category1000" />
      </TestCategory>
      <Execution id="3739148e-b2c4-4b18-9fe5-352608e6b39d" />
      <TestMethod codeBase="C:\Projekty\MSTestProject\bin\Debug\netcoreapp3.1\MSTestProject.dll" adapterTypeName="executor://mstestadapter/v2" className="TwojeWesele.Services.Helpers.Tests.CurrencyHelperTests" name="FormatToStringTest1000" />
    </UnitTest>
    <UnitTest name="FormatToStringTest1000 (635.3263313632116,635.33 zł)" storage="c:\projekty\mstestproject\bin\debug\netcoreapp3.1\mstestproject.dll" id="64b6064c-8ec7-492d-9f4a-231070982ce0">
      <TestCategory>
        <TestCategoryItem TestCategory="Category1000" />
      </TestCategory>
      <Execution id="4b3cf068-784d-4d3b-a032-ca7a34f7b2fe" />
      <TestMethod codeBase="C:\Projekty\MSTestProject\bin\Debug\netcoreapp3.1\MSTestProject.dll" adapterTypeName="executor://mstestadapter/v2" className="TwojeWesele.Services.Helpers.Tests.CurrencyHelperTests" name="FormatToStringTest1000" />
    </UnitTest>
    <UnitTest name="FormatToStringTest1000 (1073.195098933389,1073.20 zł)" storage="c:\projekty\mstestproject\bin\debug\netcoreapp3.1\mstestproject.dll" id="f287012f-8810-4da8-bfd1-66c50d45f3e8">
      <TestCategory>
        <TestCategoryItem TestCategory="Category1000" />
      </TestCategory>
      <Execution id="f2443e6b-3c51-4649-9f79-6816b283c0bb" />
      <TestMethod codeBase="C:\Projekty\MSTestProject\bin\Debug\netcoreapp3.1\MSTestProject.dll" adapterTypeName="executor://mstestadapter/v2" className="TwojeWesele.Services.Helpers.Tests.CurrencyHelperTests" name="FormatToStringTest1000" />
    </UnitTest>
    <UnitTest name="FormatToStringTest1000 (2835.0728237931958,2835.07 zł)" storage="c:\projekty\mstestproject\bin\debug\netcoreapp3.1\mstestproject.dll" id="b7b99342-e4f5-46b8-b40a-8efa1d600613">
      <TestCategory>
        <TestCategoryItem TestCategory="Category1000" />
      </TestCategory>
      <Execution id="1048b4c1-8bfc-46ca-8853-06a570f2e8d6" />
      <TestMethod codeBase="C:\Projekty\MSTestProject\bin\Debug\netcoreapp3.1\MSTestProject.dll" adapterTypeName="executor://mstestadapter/v2" className="TwojeWesele.Services.Helpers.Tests.CurrencyHelperTests" name="FormatToStringTest1000" />
    </UnitTest>
    <UnitTest name="FormatToStringTest1000 (26015.8311952552,26015.83 zł)" storage="c:\projekty\mstestproject\bin\debug\netcoreapp3.1\mstestproject.dll" id="b6c8d0ee-48eb-476f-b850-c4b0233e432d">
      <TestCategory>
        <TestCategoryItem TestCategory="Category1000" />
      </TestCategory>
      <Execution id="c734af29-3c18-444b-b674-ef6a70ed6635" />
      <TestMethod codeBase="C:\Projekty\MSTestProject\bin\Debug\netcoreapp3.1\MSTestProject.dll" adapterTypeName="executor://mstestadapter/v2" className="TwojeWesele.Services.Helpers.Tests.CurrencyHelperTests" name="FormatToStringTest1000" />
    </UnitTest>
    <UnitTest name="FormatToStringTest1000 (20068.867046961965,20068.87 zł)" storage="c:\projekty\mstestproject\bin\debug\netcoreapp3.1\mstestproject.dll" id="83c13735-0e99-446e-86db-dcbb67c84e72">
      <TestCategory>
        <TestCategoryItem TestCategory="Category1000" />
      </TestCategory>
      <Execution id="2e5c54b3-f69d-4b3e-b755-c0b7077fc3f4" />
      <TestMethod codeBase="C:\Projekty\MSTestProject\bin\Debug\netcoreapp3.1\MSTestProject.dll" adapterTypeName="executor://mstestadapter/v2" className="TwojeWesele.Services.Helpers.Tests.CurrencyHelperTests" name="FormatToStringTest1000" />
    </UnitTest>
    <UnitTest name="FormatToStringTest1000 (13855.30239352505,13855.30 zł)" storage="c:\projekty\mstestproject\bin\debug\netcoreapp3.1\mstestproject.dll" id="21611d5b-e840-4b92-baba-7627c660e8fc">
      <TestCategory>
        <TestCategoryItem TestCategory="Category1000" />
      </TestCategory>
      <Execution id="3fe7bca4-8f51-4962-a7c5-7ef9d68ec61e" />
      <TestMethod codeBase="C:\Projekty\MSTestProject\bin\Debug\netcoreapp3.1\MSTestProject.dll" adapterTypeName="executor://mstestadapter/v2" className="TwojeWesele.Services.Helpers.Tests.CurrencyHelperTests" name="FormatToStringTest1000" />
    </UnitTest>
    <UnitTest name="FormatToStringTest1000 (6105.007054037418,6105.01 zł)" storage="c:\projekty\mstestproject\bin\debug\netcoreapp3.1\mstestproject.dll" id="5eaa6e65-9947-46b8-b496-ff3469e93e40">
      <TestCategory>
        <TestCategoryItem TestCategory="Category1000" />
      </TestCategory>
      <Execution id="61d72cb8-c128-4e0f-ae17-e2292da78a6b" />
      <TestMethod codeBase="C:\Projekty\MSTestProject\bin\Debug\netcoreapp3.1\MSTestProject.dll" adapterTypeName="executor://mstestadapter/v2" className="TwojeWesele.Services.Helpers.Tests.CurrencyHelperTests" name="FormatToStringTest1000" />
    </UnitTest>
    <UnitTest name="FormatToStringTest1000 (26162.532683261918,26162.53 zł)" storage="c:\projekty\mstestproject\bin\debug\netcoreapp3.1\mstestproject.dll" id="f70c7033-b0e8-46ce-bc16-b73b973e3319">
      <TestCategory>
        <TestCategoryItem TestCategory="Category1000" />
      </TestCategory>
      <Execution id="a7b7219f-aaaf-459e-876c-6a2b3c99e046" />
      <TestMethod codeBase="C:\Projekty\MSTestProject\bin\Debug\netcoreapp3.1\MSTestProject.dll" adapterTypeName="executor://mstestadapter/v2" className="TwojeWesele.Services.Helpers.Tests.CurrencyHelperTests" name="FormatToStringTest1000" />
    </UnitTest>
    <UnitTest name="FormatToStringTest1000 (32566.30279101259,32566.30 zł)" storage="c:\projekty\mstestproject\bin\debug\netcoreapp3.1\mstestproject.dll" id="2f4d8b51-59de-46f3-b2d5-4e42e5f2f3a7">
      <TestCategory>
        <TestCategoryItem TestCategory="Category1000" />
      </TestCategory>
      <Execution id="40adb613-2101-4cfb-b879-b45def66b057" />
      <TestMethod codeBase="C:\Projekty\MSTestProject\bin\Debug\netcoreapp3.1\MSTestProject.dll" adapterTypeName="executor://mstestadapter/v2" className="TwojeWesele.Services.Helpers.Tests.CurrencyHelperTests" name="FormatToStringTest1000" />
    </UnitTest>
    <UnitTest name="FormatToStringTest1000 (47163.337736466594,47163.34 zł)" storage="c:\projekty\mstestproject\bin\debug\netcoreapp3.1\mstestproject.dll" id="fb4a4e2f-fe1c-4a03-8303-0706f92bdc43">
      <TestCategory>
        <TestCategoryItem TestCategory="Category1000" />
      </TestCategory>
      <Execution id="13203199-0279-49f0-957f-1899dc1dbbb2" />
      <TestMethod codeBase="C:\Projekty\MSTestProject\bin\Debug\netcoreapp3.1\MSTestProject.dll" adapterTypeName="executor://mstestadapter/v2" className="TwojeWesele.Services.Helpers.Tests.CurrencyHelperTests" name="FormatToStringTest1000" />
    </UnitTest>
    <UnitTest name="FormatToStringTest1000 (7716.571614765363,7716.57 zł)" storage="c:\projekty\mstestproject\bin\debug\netcoreapp3.1\mstestproject.dll" id="010924b7-4bc2-412b-a1dc-757a5936f140">
      <TestCategory>
        <TestCategoryItem TestCategory="Category1000" />
      </TestCategory>
      <Execution id="a7962179-38e2-4b6a-8fd5-4f3305562ac9" />
      <TestMethod codeBase="C:\Projekty\MSTestProject\bin\Debug\netcoreapp3.1\MSTestProject.dll" adapterTypeName="executor://mstestadapter/v2" className="TwojeWesele.Services.Helpers.Tests.CurrencyHelperTests" name="FormatToStringTest1000" />
    </UnitTest>
    <UnitTest name="FormatToStringTest1000 (32213.734885384205,32213.73 zł)" storage="c:\projekty\mstestproject\bin\debug\netcoreapp3.1\mstestproject.dll" id="96e86200-db07-4636-854d-ed1ffc8ac2e4">
      <TestCategory>
        <TestCategoryItem TestCategory="Category1000" />
      </TestCategory>
      <Execution id="25721061-735c-415f-b90c-bfa5e5aca1bb" />
      <TestMethod codeBase="C:\Projekty\MSTestProject\bin\Debug\netcoreapp3.1\MSTestProject.dll" adapterTypeName="executor://mstestadapter/v2" className="TwojeWesele.Services.Helpers.Tests.CurrencyHelperTests" name="FormatToStringTest1000" />
    </UnitTest>
    <UnitTest name="FormatToStringTest1000 (13375.96341587415,13375.96 zł)" storage="c:\projekty\mstestproject\bin\debug\netcoreapp3.1\mstestproject.dll" id="b9e3573f-cf40-4aa3-a0d3-3aad48195303">
      <TestCategory>
        <TestCategoryItem TestCategory="Category1000" />
      </TestCategory>
      <Execution id="113bab9c-403d-4a79-9242-d9b4fc6bae32" />
      <TestMethod codeBase="C:\Projekty\MSTestProject\bin\Debug\netcoreapp3.1\MSTestProject.dll" adapterTypeName="executor://mstestadapter/v2" className="TwojeWesele.Services.Helpers.Tests.CurrencyHelperTests" name="FormatToStringTest1000" />
    </UnitTest>
    <UnitTest name="FormatToStringTest1000 (59919.71489415491,59919.71 zł)" storage="c:\projekty\mstestproject\bin\debug\netcoreapp3.1\mstestproject.dll" id="0e7e0d53-efed-47b2-b44a-127a9140083b">
      <TestCategory>
        <TestCategoryItem TestCategory="Category1000" />
      </TestCategory>
      <Execution id="e489cda2-4b86-4371-a88e-a9e1bbf106f2" />
      <TestMethod codeBase="C:\Projekty\MSTestProject\bin\Debug\netcoreapp3.1\MSTestProject.dll" adapterTypeName="executor://mstestadapter/v2" className="TwojeWesele.Services.Helpers.Tests.CurrencyHelperTests" name="FormatToStringTest1000" />
    </UnitTest>
    <UnitTest name="FormatToStringTest1000 (8599.45217413616,8599.45 zł)" storage="c:\projekty\mstestproject\bin\debug\netcoreapp3.1\mstestproject.dll" id="96caa9f6-684f-4239-8cb9-07fba0520d45">
      <TestCategory>
        <TestCategoryItem TestCategory="Category1000" />
      </TestCategory>
      <Execution id="ef9ac249-1502-4c9a-8853-ad4d38904620" />
      <TestMethod codeBase="C:\Projekty\MSTestProject\bin\Debug\netcoreapp3.1\MSTestProject.dll" adapterTypeName="executor://mstestadapter/v2" className="TwojeWesele.Services.Helpers.Tests.CurrencyHelperTests" name="FormatToStringTest1000" />
    </UnitTest>
    <UnitTest name="FormatToStringTest1000 (45930.2386782068,45930.24 zł)" storage="c:\projekty\mstestproject\bin\debug\netcoreapp3.1\mstestproject.dll" id="1ac6217f-c5ea-4898-b29b-3504d366e612">
      <TestCategory>
        <TestCategoryItem TestCategory="Category1000" />
      </TestCategory>
      <Execution id="116da194-bdcf-4475-bd38-8149ab0e0b25" />
      <TestMethod codeBase="C:\Projekty\MSTestProject\bin\Debug\netcoreapp3.1\MSTestProject.dll" adapterTypeName="executor://mstestadapter/v2" className="TwojeWesele.Services.Helpers.Tests.CurrencyHelperTests" name="FormatToStringTest1000" />
    </UnitTest>
    <UnitTest name="FormatToStringTest1000 (64490.52771614982,64490.53 zł)" storage="c:\projekty\mstestproject\bin\debug\netcoreapp3.1\mstestproject.dll" id="8fb7eb54-cb7f-4de6-b7bb-046184a9c802">
      <TestCategory>
        <TestCategoryItem TestCategory="Category1000" />
      </TestCategory>
      <Execution id="d8da264d-bd19-4b76-a49f-1b9ba3d3a8b6" />
      <TestMethod codeBase="C:\Projekty\MSTestProject\bin\Debug\netcoreapp3.1\MSTestProject.dll" adapterTypeName="executor://mstestadapter/v2" className="TwojeWesele.Services.Helpers.Tests.CurrencyHelperTests" name="FormatToStringTest1000" />
    </UnitTest>
    <UnitTest name="FormatToStringTest1000 (22494.46807976834,22494.47 zł)" storage="c:\projekty\mstestproject\bin\debug\netcoreapp3.1\mstestproject.dll" id="fa060fa4-778b-45a0-abe8-0aa56a016b9e">
      <TestCategory>
        <TestCategoryItem TestCategory="Category1000" />
      </TestCategory>
      <Execution id="682f7d1f-9ec4-47c5-b1fa-c0be0cc04083" />
      <TestMethod codeBase="C:\Projekty\MSTestProject\bin\Debug\netcoreapp3.1\MSTestProject.dll" adapterTypeName="executor://mstestadapter/v2" className="TwojeWesele.Services.Helpers.Tests.CurrencyHelperTests" name="FormatToStringTest1000" />
    </UnitTest>
    <UnitTest name="FormatToStringTest1000 (16597.22844427788,16597.23 zł)" storage="c:\projekty\mstestproject\bin\debug\netcoreapp3.1\mstestproject.dll" id="341c0153-7a71-49a7-a532-847010fdf0e3">
      <TestCategory>
        <TestCategoryItem TestCategory="Category1000" />
      </TestCategory>
      <Execution id="431c916e-91af-4ee5-9f0c-6e636ff2c43d" />
      <TestMethod codeBase="C:\Projekty\MSTestProject\bin\Debug\netcoreapp3.1\MSTestProject.dll" adapterTypeName="executor://mstestadapter/v2" className="TwojeWesele.Services.Helpers.Tests.CurrencyHelperTests" name="FormatToStringTest1000" />
    </UnitTest>
    <UnitTest name="FormatToStringTest1000 (1514.6266382441981,1514.63 zł)" storage="c:\projekty\mstestproject\bin\debug\netcoreapp3.1\mstestproject.dll" id="b640b262-d11b-4772-a701-8d2b39817ab8">
      <TestCategory>
        <TestCategoryItem TestCategory="Category1000" />
      </TestCategory>
      <Execution id="35cd2711-6b45-48f4-93fe-b75a6be48ec9" />
      <TestMethod codeBase="C:\Projekty\MSTestProject\bin\Debug\netcoreapp3.1\MSTestProject.dll" adapterTypeName="executor://mstestadapter/v2" className="TwojeWesele.Services.Helpers.Tests.CurrencyHelperTests" name="FormatToStringTest1000" />
    </UnitTest>
    <UnitTest name="FormatToStringTest1000 (30071.004434484523,30071.00 zł)" storage="c:\projekty\mstestproject\bin\debug\netcoreapp3.1\mstestproject.dll" id="26480853-d153-4667-8001-1c10d3ef9f8b">
      <TestCategory>
        <TestCategoryItem TestCategory="Category1000" />
      </TestCategory>
      <Execution id="ade05e9e-e628-4040-81a8-7a037617ef1a" />
      <TestMethod codeBase="C:\Projekty\MSTestProject\bin\Debug\netcoreapp3.1\MSTestProject.dll" adapterTypeName="executor://mstestadapter/v2" className="TwojeWesele.Services.Helpers.Tests.CurrencyHelperTests" name="FormatToStringTest1000" />
    </UnitTest>
    <UnitTest name="FormatToStringTest1000 (8242.419043611,8242.42 zł)" storage="c:\projekty\mstestproject\bin\debug\netcoreapp3.1\mstestproject.dll" id="17486283-b475-4f34-87e1-386c1a66fa50">
      <TestCategory>
        <TestCategoryItem TestCategory="Category1000" />
      </TestCategory>
      <Execution id="f95bb7bb-07d4-4b59-bc97-6a893688ba50" />
      <TestMethod codeBase="C:\Projekty\MSTestProject\bin\Debug\netcoreapp3.1\MSTestProject.dll" adapterTypeName="executor://mstestadapter/v2" className="TwojeWesele.Services.Helpers.Tests.CurrencyHelperTests" name="FormatToStringTest1000" />
    </UnitTest>
    <UnitTest name="FormatToStringTest1000 (1568.615240217473,1568.62 zł)" storage="c:\projekty\mstestproject\bin\debug\netcoreapp3.1\mstestproject.dll" id="7f5a04cf-7088-48bf-921a-1ff811a15dec">
      <TestCategory>
        <TestCategoryItem TestCategory="Category1000" />
      </TestCategory>
      <Execution id="e4cbe3d4-d84b-4964-ab2e-28e85afd5d4a" />
      <TestMethod codeBase="C:\Projekty\MSTestProject\bin\Debug\netcoreapp3.1\MSTestProject.dll" adapterTypeName="executor://mstestadapter/v2" className="TwojeWesele.Services.Helpers.Tests.CurrencyHelperTests" name="FormatToStringTest1000" />
    </UnitTest>
    <UnitTest name="FormatToStringTest1000 (19462.729986486367,19462.73 zł)" storage="c:\projekty\mstestproject\bin\debug\netcoreapp3.1\mstestproject.dll" id="64097486-e3d2-487f-90ee-904e18d8d5e1">
      <TestCategory>
        <TestCategoryItem TestCategory="Category1000" />
      </TestCategory>
      <Execution id="da7376e8-3148-4d13-a3c1-ab1bec5bc413" />
      <TestMethod codeBase="C:\Projekty\MSTestProject\bin\Debug\netcoreapp3.1\MSTestProject.dll" adapterTypeName="executor://mstestadapter/v2" className="TwojeWesele.Services.Helpers.Tests.CurrencyHelperTests" name="FormatToStringTest1000" />
    </UnitTest>
    <UnitTest name="FormatToStringTest1000 (9151.103070427245,9151.10 zł)" storage="c:\projekty\mstestproject\bin\debug\netcoreapp3.1\mstestproject.dll" id="120cc0ee-b124-43e9-9984-c826cd6fca22">
      <TestCategory>
        <TestCategoryItem TestCategory="Category1000" />
      </TestCategory>
      <Execution id="98990b1a-bf83-489b-972f-fdea9842559b" />
      <TestMethod codeBase="C:\Projekty\MSTestProject\bin\Debug\netcoreapp3.1\MSTestProject.dll" adapterTypeName="executor://mstestadapter/v2" className="TwojeWesele.Services.Helpers.Tests.CurrencyHelperTests" name="FormatToStringTest1000" />
    </UnitTest>
    <UnitTest name="FormatToStringTest1000 (397.6461894566408,397.65 zł)" storage="c:\projekty\mstestproject\bin\debug\netcoreapp3.1\mstestproject.dll" id="af5e1983-90d8-49a7-8d71-53bfa31e8412">
      <TestCategory>
        <TestCategoryItem TestCategory="Category1000" />
      </TestCategory>
      <Execution id="2c40ebde-061d-4cad-80cd-893d0deac827" />
      <TestMethod codeBase="C:\Projekty\MSTestProject\bin\Debug\netcoreapp3.1\MSTestProject.dll" adapterTypeName="executor://mstestadapter/v2" className="TwojeWesele.Services.Helpers.Tests.CurrencyHelperTests" name="FormatToStringTest1000" />
    </UnitTest>
    <UnitTest name="FormatToStringTest1000 (69864.17463991146,69864.17 zł)" storage="c:\projekty\mstestproject\bin\debug\netcoreapp3.1\mstestproject.dll" id="3b8a39e5-e810-4f96-a235-8e3f5dceeb6e">
      <TestCategory>
        <TestCategoryItem TestCategory="Category1000" />
      </TestCategory>
      <Execution id="c2c66f42-4631-42bf-ac32-fa3f95a9354d" />
      <TestMethod codeBase="C:\Projekty\MSTestProject\bin\Debug\netcoreapp3.1\MSTestProject.dll" adapterTypeName="executor://mstestadapter/v2" className="TwojeWesele.Services.Helpers.Tests.CurrencyHelperTests" name="FormatToStringTest1000" />
    </UnitTest>
    <UnitTest name="FormatToStringTest1000 (6035.818653228608,6035.82 zł)" storage="c:\projekty\mstestproject\bin\debug\netcoreapp3.1\mstestproject.dll" id="3403a566-f7d9-4916-abe4-cb50257da60b">
      <TestCategory>
        <TestCategoryItem TestCategory="Category1000" />
      </TestCategory>
      <Execution id="0260c6e9-b651-4a3c-a109-40551425ec53" />
      <TestMethod codeBase="C:\Projekty\MSTestProject\bin\Debug\netcoreapp3.1\MSTestProject.dll" adapterTypeName="executor://mstestadapter/v2" className="TwojeWesele.Services.Helpers.Tests.CurrencyHelperTests" name="FormatToStringTest1000" />
    </UnitTest>
    <UnitTest name="FormatToStringTest1000 (10857.521742201186,10857.52 zł)" storage="c:\projekty\mstestproject\bin\debug\netcoreapp3.1\mstestproject.dll" id="0bf9b333-bf7b-4963-b60e-a94e3f61da3a">
      <TestCategory>
        <TestCategoryItem TestCategory="Category1000" />
      </TestCategory>
      <Execution id="f1cce31c-ef91-453b-baba-59ecc83b38aa" />
      <TestMethod codeBase="C:\Projekty\MSTestProject\bin\Debug\netcoreapp3.1\MSTestProject.dll" adapterTypeName="executor://mstestadapter/v2" className="TwojeWesele.Services.Helpers.Tests.CurrencyHelperTests" name="FormatToStringTest1000" />
    </UnitTest>
    <UnitTest name="FormatToStringTest1000 (5855.75080885354,5855.75 zł)" storage="c:\projekty\mstestproject\bin\debug\netcoreapp3.1\mstestproject.dll" id="13b3f83b-ad74-4972-879e-e8c931166952">
      <TestCategory>
        <TestCategoryItem TestCategory="Category1000" />
      </TestCategory>
      <Execution id="e80206fe-8951-403b-9069-bb248bd30af5" />
      <TestMethod codeBase="C:\Projekty\MSTestProject\bin\Debug\netcoreapp3.1\MSTestProject.dll" adapterTypeName="executor://mstestadapter/v2" className="TwojeWesele.Services.Helpers.Tests.CurrencyHelperTests" name="FormatToStringTest1000" />
    </UnitTest>
    <UnitTest name="FormatToStringTest1000 (49416.285282306504,49416.29 zł)" storage="c:\projekty\mstestproject\bin\debug\netcoreapp3.1\mstestproject.dll" id="314a7504-afd0-4fea-842d-0793b48115f8">
      <TestCategory>
        <TestCategoryItem TestCategory="Category1000" />
      </TestCategory>
      <Execution id="0a2bb5ba-f761-49c9-ba2b-d2df2f317888" />
      <TestMethod codeBase="C:\Projekty\MSTestProject\bin\Debug\netcoreapp3.1\MSTestProject.dll" adapterTypeName="executor://mstestadapter/v2" className="TwojeWesele.Services.Helpers.Tests.CurrencyHelperTests" name="FormatToStringTest1000" />
    </UnitTest>
    <UnitTest name="FormatToStringTest1000 (2992.6161168593057,2992.62 zł)" storage="c:\projekty\mstestproject\bin\debug\netcoreapp3.1\mstestproject.dll" id="cf8ea72d-6d15-4585-8c4a-6fd414233c85">
      <TestCategory>
        <TestCategoryItem TestCategory="Category1000" />
      </TestCategory>
      <Execution id="c7fe3ba6-92eb-4035-a2c7-acf2cc2174c1" />
      <TestMethod codeBase="C:\Projekty\MSTestProject\bin\Debug\netcoreapp3.1\MSTestProject.dll" adapterTypeName="executor://mstestadapter/v2" className="TwojeWesele.Services.Helpers.Tests.CurrencyHelperTests" name="FormatToStringTest1000" />
    </UnitTest>
    <UnitTest name="FormatToStringTest1000 (4139.032615562451,4139.03 zł)" storage="c:\projekty\mstestproject\bin\debug\netcoreapp3.1\mstestproject.dll" id="8f3ca970-079c-4179-b748-e7d71462e31a">
      <TestCategory>
        <TestCategoryItem TestCategory="Category1000" />
      </TestCategory>
      <Execution id="fcd7edb0-371e-495b-a713-24ab327b11d7" />
      <TestMethod codeBase="C:\Projekty\MSTestProject\bin\Debug\netcoreapp3.1\MSTestProject.dll" adapterTypeName="executor://mstestadapter/v2" className="TwojeWesele.Services.Helpers.Tests.CurrencyHelperTests" name="FormatToStringTest1000" />
    </UnitTest>
    <UnitTest name="FormatToStringTest1000 (78796.90433980194,78796.90 zł)" storage="c:\projekty\mstestproject\bin\debug\netcoreapp3.1\mstestproject.dll" id="83097c7e-56b6-46ad-9ce5-3b07e4c9fd7b">
      <TestCategory>
        <TestCategoryItem TestCategory="Category1000" />
      </TestCategory>
      <Execution id="491cc042-b748-425c-80ea-460ec49607a8" />
      <TestMethod codeBase="C:\Projekty\MSTestProject\bin\Debug\netcoreapp3.1\MSTestProject.dll" adapterTypeName="executor://mstestadapter/v2" className="TwojeWesele.Services.Helpers.Tests.CurrencyHelperTests" name="FormatToStringTest1000" />
    </UnitTest>
    <UnitTest name="FormatToStringTest1000 (3270.482477338743,3270.48 zł)" storage="c:\projekty\mstestproject\bin\debug\netcoreapp3.1\mstestproject.dll" id="83c593e1-4c64-411e-a1a0-c5cd8f0f81b6">
      <TestCategory>
        <TestCategoryItem TestCategory="Category1000" />
      </TestCategory>
      <Execution id="0ad80d60-e737-406a-b340-5d23c29f339a" />
      <TestMethod codeBase="C:\Projekty\MSTestProject\bin\Debug\netcoreapp3.1\MSTestProject.dll" adapterTypeName="executor://mstestadapter/v2" className="TwojeWesele.Services.Helpers.Tests.CurrencyHelperTests" name="FormatToStringTest1000" />
    </UnitTest>
    <UnitTest name="FormatToStringTest1000 (97129.75160633575,97129.75 zł)" storage="c:\projekty\mstestproject\bin\debug\netcoreapp3.1\mstestproject.dll" id="c570ebce-cf9d-4f40-a3d2-23da93591ac6">
      <TestCategory>
        <TestCategoryItem TestCategory="Category1000" />
      </TestCategory>
      <Execution id="30739896-d259-40db-853f-e29a1a6def95" />
      <TestMethod codeBase="C:\Projekty\MSTestProject\bin\Debug\netcoreapp3.1\MSTestProject.dll" adapterTypeName="executor://mstestadapter/v2" className="TwojeWesele.Services.Helpers.Tests.CurrencyHelperTests" name="FormatToStringTest1000" />
    </UnitTest>
    <UnitTest name="FormatToStringTest1000 (29362.005930638876,29362.01 zł)" storage="c:\projekty\mstestproject\bin\debug\netcoreapp3.1\mstestproject.dll" id="512cef74-7efb-44f1-be10-c5817df07fb2">
      <TestCategory>
        <TestCategoryItem TestCategory="Category1000" />
      </TestCategory>
      <Execution id="231c4678-42ac-405a-8be0-f428c6289bfe" />
      <TestMethod codeBase="C:\Projekty\MSTestProject\bin\Debug\netcoreapp3.1\MSTestProject.dll" adapterTypeName="executor://mstestadapter/v2" className="TwojeWesele.Services.Helpers.Tests.CurrencyHelperTests" name="FormatToStringTest1000" />
    </UnitTest>
    <UnitTest name="FormatToStringTest1000 (68507.83928906724,68507.84 zł)" storage="c:\projekty\mstestproject\bin\debug\netcoreapp3.1\mstestproject.dll" id="1e8588e3-165f-4eb9-b098-c2934329cb18">
      <TestCategory>
        <TestCategoryItem TestCategory="Category1000" />
      </TestCategory>
      <Execution id="1fc09d30-332c-4b2f-9b30-2500737339f2" />
      <TestMethod codeBase="C:\Projekty\MSTestProject\bin\Debug\netcoreapp3.1\MSTestProject.dll" adapterTypeName="executor://mstestadapter/v2" className="TwojeWesele.Services.Helpers.Tests.CurrencyHelperTests" name="FormatToStringTest1000" />
    </UnitTest>
    <UnitTest name="FormatToStringTest1000 (56378.261944644735,56378.26 zł)" storage="c:\projekty\mstestproject\bin\debug\netcoreapp3.1\mstestproject.dll" id="35449853-b0b6-4cdf-ab13-ff9a703170c2">
      <TestCategory>
        <TestCategoryItem TestCategory="Category1000" />
      </TestCategory>
      <Execution id="257b62fe-ee8c-4e77-8aea-9ea5d7849a4b" />
      <TestMethod codeBase="C:\Projekty\MSTestProject\bin\Debug\netcoreapp3.1\MSTestProject.dll" adapterTypeName="executor://mstestadapter/v2" className="TwojeWesele.Services.Helpers.Tests.CurrencyHelperTests" name="FormatToStringTest1000" />
    </UnitTest>
    <UnitTest name="FormatToStringTest1000 (50339.31259969497,50339.31 zł)" storage="c:\projekty\mstestproject\bin\debug\netcoreapp3.1\mstestproject.dll" id="998549f0-e82d-4357-b519-24dd2bbb5b19">
      <TestCategory>
        <TestCategoryItem TestCategory="Category1000" />
      </TestCategory>
      <Execution id="6eb7eef3-217b-410d-bd9a-f5f98d8be200" />
      <TestMethod codeBase="C:\Projekty\MSTestProject\bin\Debug\netcoreapp3.1\MSTestProject.dll" adapterTypeName="executor://mstestadapter/v2" className="TwojeWesele.Services.Helpers.Tests.CurrencyHelperTests" name="FormatToStringTest1000" />
    </UnitTest>
    <UnitTest name="FormatToStringTest1000 (19541.10539777116,19541.11 zł)" storage="c:\projekty\mstestproject\bin\debug\netcoreapp3.1\mstestproject.dll" id="9f97b48d-93a8-4cb6-a9d6-ada37dd1d82e">
      <TestCategory>
        <TestCategoryItem TestCategory="Category1000" />
      </TestCategory>
      <Execution id="2397af56-839b-4e16-953d-deabf1fed063" />
      <TestMethod codeBase="C:\Projekty\MSTestProject\bin\Debug\netcoreapp3.1\MSTestProject.dll" adapterTypeName="executor://mstestadapter/v2" className="TwojeWesele.Services.Helpers.Tests.CurrencyHelperTests" name="FormatToStringTest1000" />
    </UnitTest>
    <UnitTest name="FormatToStringTest1000 (6958.393354767186,6958.39 zł)" storage="c:\projekty\mstestproject\bin\debug\netcoreapp3.1\mstestproject.dll" id="7782ab4b-481d-4e3e-98cb-cf66dbbe8df6">
      <TestCategory>
        <TestCategoryItem TestCategory="Category1000" />
      </TestCategory>
      <Execution id="87c76352-8bf5-412c-94da-49fec5badecd" />
      <TestMethod codeBase="C:\Projekty\MSTestProject\bin\Debug\netcoreapp3.1\MSTestProject.dll" adapterTypeName="executor://mstestadapter/v2" className="TwojeWesele.Services.Helpers.Tests.CurrencyHelperTests" name="FormatToStringTest1000" />
    </UnitTest>
    <UnitTest name="FormatToStringTest1000 (2435.1995505835857,2435.20 zł)" storage="c:\projekty\mstestproject\bin\debug\netcoreapp3.1\mstestproject.dll" id="070b04fa-228b-4eb6-bf20-68403c27e8a2">
      <TestCategory>
        <TestCategoryItem TestCategory="Category1000" />
      </TestCategory>
      <Execution id="a6c20ba1-9e29-4f17-8cf9-d6e1332db494" />
      <TestMethod codeBase="C:\Projekty\MSTestProject\bin\Debug\netcoreapp3.1\MSTestProject.dll" adapterTypeName="executor://mstestadapter/v2" className="TwojeWesele.Services.Helpers.Tests.CurrencyHelperTests" name="FormatToStringTest1000" />
    </UnitTest>
    <UnitTest name="FormatToStringTest1000 (75350.77330865282,75350.77 zł)" storage="c:\projekty\mstestproject\bin\debug\netcoreapp3.1\mstestproject.dll" id="d3b5bd0e-7fdd-41d9-9f9a-8ac08a2e3ea5">
      <TestCategory>
        <TestCategoryItem TestCategory="Category1000" />
      </TestCategory>
      <Execution id="fb2a85da-6084-49d7-bc4c-34b2c03099fd" />
      <TestMethod codeBase="C:\Projekty\MSTestProject\bin\Debug\netcoreapp3.1\MSTestProject.dll" adapterTypeName="executor://mstestadapter/v2" className="TwojeWesele.Services.Helpers.Tests.CurrencyHelperTests" name="FormatToStringTest1000" />
    </UnitTest>
    <UnitTest name="FormatToStringTest1000 (50991.22189691114,50991.22 zł)" storage="c:\projekty\mstestproject\bin\debug\netcoreapp3.1\mstestproject.dll" id="c44bbccf-0d38-4e14-917c-a3eb3d497183">
      <TestCategory>
        <TestCategoryItem TestCategory="Category1000" />
      </TestCategory>
      <Execution id="dc4cce0a-ced2-4fd4-ba0a-ed035a29ade6" />
      <TestMethod codeBase="C:\Projekty\MSTestProject\bin\Debug\netcoreapp3.1\MSTestProject.dll" adapterTypeName="executor://mstestadapter/v2" className="TwojeWesele.Services.Helpers.Tests.CurrencyHelperTests" name="FormatToStringTest1000" />
    </UnitTest>
    <UnitTest name="FormatToStringTest1000 (42383.08993972982,42383.09 zł)" storage="c:\projekty\mstestproject\bin\debug\netcoreapp3.1\mstestproject.dll" id="9f0d5bb0-28c9-4190-869b-acd80e8624cc">
      <TestCategory>
        <TestCategoryItem TestCategory="Category1000" />
      </TestCategory>
      <Execution id="6d67baf7-849a-4924-80de-e1c132f14c33" />
      <TestMethod codeBase="C:\Projekty\MSTestProject\bin\Debug\netcoreapp3.1\MSTestProject.dll" adapterTypeName="executor://mstestadapter/v2" className="TwojeWesele.Services.Helpers.Tests.CurrencyHelperTests" name="FormatToStringTest1000" />
    </UnitTest>
    <UnitTest name="FormatToStringTest1000 (5628.028273674672,5628.03 zł)" storage="c:\projekty\mstestproject\bin\debug\netcoreapp3.1\mstestproject.dll" id="3a10defb-7022-49e6-a747-f5c870812a1a">
      <TestCategory>
        <TestCategoryItem TestCategory="Category1000" />
      </TestCategory>
      <Execution id="f279b64e-9101-4138-83cf-56efeda4f203" />
      <TestMethod codeBase="C:\Projekty\MSTestProject\bin\Debug\netcoreapp3.1\MSTestProject.dll" adapterTypeName="executor://mstestadapter/v2" className="TwojeWesele.Services.Helpers.Tests.CurrencyHelperTests" name="FormatToStringTest1000" />
    </UnitTest>
    <UnitTest name="FormatToStringTest1000 (236.20263638589657,236.20 zł)" storage="c:\projekty\mstestproject\bin\debug\netcoreapp3.1\mstestproject.dll" id="9e8f2b2f-2473-4a02-90c7-bb95574ac30e">
      <TestCategory>
        <TestCategoryItem TestCategory="Category1000" />
      </TestCategory>
      <Execution id="7a14fb4d-14d6-4884-86a3-53816cee11d5" />
      <TestMethod codeBase="C:\Projekty\MSTestProject\bin\Debug\netcoreapp3.1\MSTestProject.dll" adapterTypeName="executor://mstestadapter/v2" className="TwojeWesele.Services.Helpers.Tests.CurrencyHelperTests" name="FormatToStringTest1000" />
    </UnitTest>
    <UnitTest name="FormatToStringTest1000 (74514.06270644537,74514.06 zł)" storage="c:\projekty\mstestproject\bin\debug\netcoreapp3.1\mstestproject.dll" id="4b2788b1-dbff-4187-91a3-8b62fa857d3a">
      <TestCategory>
        <TestCategoryItem TestCategory="Category1000" />
      </TestCategory>
      <Execution id="07df7705-fcb8-4493-93ce-13ef14ce26e7" />
      <TestMethod codeBase="C:\Projekty\MSTestProject\bin\Debug\netcoreapp3.1\MSTestProject.dll" adapterTypeName="executor://mstestadapter/v2" className="TwojeWesele.Services.Helpers.Tests.CurrencyHelperTests" name="FormatToStringTest1000" />
    </UnitTest>
    <UnitTest name="FormatToStringTest1000 (7119.076353227755,7119.08 zł)" storage="c:\projekty\mstestproject\bin\debug\netcoreapp3.1\mstestproject.dll" id="990718d7-1983-4ca4-944c-6b822eb8b66a">
      <TestCategory>
        <TestCategoryItem TestCategory="Category1000" />
      </TestCategory>
      <Execution id="17aa6408-8e44-4119-b6b9-4b9c214f97d1" />
      <TestMethod codeBase="C:\Projekty\MSTestProject\bin\Debug\netcoreapp3.1\MSTestProject.dll" adapterTypeName="executor://mstestadapter/v2" className="TwojeWesele.Services.Helpers.Tests.CurrencyHelperTests" name="FormatToStringTest1000" />
    </UnitTest>
    <UnitTest name="FormatToStringTest1000 (50550.645020282194,50550.65 zł)" storage="c:\projekty\mstestproject\bin\debug\netcoreapp3.1\mstestproject.dll" id="74122a7f-43e1-4faf-ae9a-7485633a66c5">
      <TestCategory>
        <TestCategoryItem TestCategory="Category1000" />
      </TestCategory>
      <Execution id="3261f133-e310-4d4e-909f-953740b60c4c" />
      <TestMethod codeBase="C:\Projekty\MSTestProject\bin\Debug\netcoreapp3.1\MSTestProject.dll" adapterTypeName="executor://mstestadapter/v2" className="TwojeWesele.Services.Helpers.Tests.CurrencyHelperTests" name="FormatToStringTest1000" />
    </UnitTest>
    <UnitTest name="FormatToStringTest1000 (39314.52353688401,39314.52 zł)" storage="c:\projekty\mstestproject\bin\debug\netcoreapp3.1\mstestproject.dll" id="05baa531-50ad-4e94-8b9d-98fc03ac3605">
      <TestCategory>
        <TestCategoryItem TestCategory="Category1000" />
      </TestCategory>
      <Execution id="c01f40bc-2160-4859-b8a4-9f5c5aed5df8" />
      <TestMethod codeBase="C:\Projekty\MSTestProject\bin\Debug\netcoreapp3.1\MSTestProject.dll" adapterTypeName="executor://mstestadapter/v2" className="TwojeWesele.Services.Helpers.Tests.CurrencyHelperTests" name="FormatToStringTest1000" />
    </UnitTest>
    <UnitTest name="FormatToStringTest1000 (19216.446905020366,19216.45 zł)" storage="c:\projekty\mstestproject\bin\debug\netcoreapp3.1\mstestproject.dll" id="5b18a678-156a-4e16-a3cc-83c73a432281">
      <TestCategory>
        <TestCategoryItem TestCategory="Category1000" />
      </TestCategory>
      <Execution id="cbbdc1f2-97a0-4333-a201-c8953c5ee548" />
      <TestMethod codeBase="C:\Projekty\MSTestProject\bin\Debug\netcoreapp3.1\MSTestProject.dll" adapterTypeName="executor://mstestadapter/v2" className="TwojeWesele.Services.Helpers.Tests.CurrencyHelperTests" name="FormatToStringTest1000" />
    </UnitTest>
    <UnitTest name="FormatToStringTest1000 (55010.474927814896,55010.47 zł)" storage="c:\projekty\mstestproject\bin\debug\netcoreapp3.1\mstestproject.dll" id="f2c830bc-b35a-497a-a3ef-23bfba70f19c">
      <TestCategory>
        <TestCategoryItem TestCategory="Category1000" />
      </TestCategory>
      <Execution id="aa20d8f0-b001-4570-8169-0c8b22bff056" />
      <TestMethod codeBase="C:\Projekty\MSTestProject\bin\Debug\netcoreapp3.1\MSTestProject.dll" adapterTypeName="executor://mstestadapter/v2" className="TwojeWesele.Services.Helpers.Tests.CurrencyHelperTests" name="FormatToStringTest1000" />
    </UnitTest>
    <UnitTest name="FormatToStringTest1000 (28992.38363400166,28992.38 zł)" storage="c:\projekty\mstestproject\bin\debug\netcoreapp3.1\mstestproject.dll" id="8351a547-3ea7-4d5c-afa1-6328808298b4">
      <TestCategory>
        <TestCategoryItem TestCategory="Category1000" />
      </TestCategory>
      <Execution id="f30b47f0-0e26-4878-bef4-9b062f4a3e67" />
      <TestMethod codeBase="C:\Projekty\MSTestProject\bin\Debug\netcoreapp3.1\MSTestProject.dll" adapterTypeName="executor://mstestadapter/v2" className="TwojeWesele.Services.Helpers.Tests.CurrencyHelperTests" name="FormatToStringTest1000" />
    </UnitTest>
    <UnitTest name="FormatToStringTest1000 (803.2448148733214,803.24 zł)" storage="c:\projekty\mstestproject\bin\debug\netcoreapp3.1\mstestproject.dll" id="a49019bd-702c-493c-828c-228bdd5ba8ce">
      <TestCategory>
        <TestCategoryItem TestCategory="Category1000" />
      </TestCategory>
      <Execution id="f5716734-8822-4a25-bc1e-6ef5567765e1" />
      <TestMethod codeBase="C:\Projekty\MSTestProject\bin\Debug\netcoreapp3.1\MSTestProject.dll" adapterTypeName="executor://mstestadapter/v2" className="TwojeWesele.Services.Helpers.Tests.CurrencyHelperTests" name="FormatToStringTest1000" />
    </UnitTest>
    <UnitTest name="FormatToStringTest1000 (54678.59301593089,54678.59 zł)" storage="c:\projekty\mstestproject\bin\debug\netcoreapp3.1\mstestproject.dll" id="d5c4c3b8-20e6-4f88-8e74-6dce95831b4c">
      <TestCategory>
        <TestCategoryItem TestCategory="Category1000" />
      </TestCategory>
      <Execution id="20a553b4-66d7-4877-a496-07c885df020d" />
      <TestMethod codeBase="C:\Projekty\MSTestProject\bin\Debug\netcoreapp3.1\MSTestProject.dll" adapterTypeName="executor://mstestadapter/v2" className="TwojeWesele.Services.Helpers.Tests.CurrencyHelperTests" name="FormatToStringTest1000" />
    </UnitTest>
    <UnitTest name="FormatToStringTest1000 (19363.881840787773,19363.88 zł)" storage="c:\projekty\mstestproject\bin\debug\netcoreapp3.1\mstestproject.dll" id="62a029de-9add-4b41-a709-724f596906d0">
      <TestCategory>
        <TestCategoryItem TestCategory="Category1000" />
      </TestCategory>
      <Execution id="cee8ec2a-bf10-4e80-8d49-fdbd70157f5d" />
      <TestMethod codeBase="C:\Projekty\MSTestProject\bin\Debug\netcoreapp3.1\MSTestProject.dll" adapterTypeName="executor://mstestadapter/v2" className="TwojeWesele.Services.Helpers.Tests.CurrencyHelperTests" name="FormatToStringTest1000" />
    </UnitTest>
    <UnitTest name="FormatToStringTest1000 (18786.954468002055,18786.95 zł)" storage="c:\projekty\mstestproject\bin\debug\netcoreapp3.1\mstestproject.dll" id="ecb1e961-fbfd-4877-9dff-ce9d881103ff">
      <TestCategory>
        <TestCategoryItem TestCategory="Category1000" />
      </TestCategory>
      <Execution id="127cb936-fcf7-4509-9f37-f06869c7f155" />
      <TestMethod codeBase="C:\Projekty\MSTestProject\bin\Debug\netcoreapp3.1\MSTestProject.dll" adapterTypeName="executor://mstestadapter/v2" className="TwojeWesele.Services.Helpers.Tests.CurrencyHelperTests" name="FormatToStringTest1000" />
    </UnitTest>
    <UnitTest name="FormatToStringTest1000 (7182.939759099362,7182.94 zł)" storage="c:\projekty\mstestproject\bin\debug\netcoreapp3.1\mstestproject.dll" id="ab7d26f3-f336-4c71-be10-ae431df4bdf6">
      <TestCategory>
        <TestCategoryItem TestCategory="Category1000" />
      </TestCategory>
      <Execution id="c3adb6b4-bee4-40d2-a4ad-b027265b2122" />
      <TestMethod codeBase="C:\Projekty\MSTestProject\bin\Debug\netcoreapp3.1\MSTestProject.dll" adapterTypeName="executor://mstestadapter/v2" className="TwojeWesele.Services.Helpers.Tests.CurrencyHelperTests" name="FormatToStringTest1000" />
    </UnitTest>
    <UnitTest name="FormatToStringTest1000 (7202.052143613367,7202.05 zł)" storage="c:\projekty\mstestproject\bin\debug\netcoreapp3.1\mstestproject.dll" id="7f304b73-6386-4008-ab9e-1e66e459b960">
      <TestCategory>
        <TestCategoryItem TestCategory="Category1000" />
      </TestCategory>
      <Execution id="d6369d88-5477-4d67-ab37-8d11306a9b8e" />
      <TestMethod codeBase="C:\Projekty\MSTestProject\bin\Debug\netcoreapp3.1\MSTestProject.dll" adapterTypeName="executor://mstestadapter/v2" className="TwojeWesele.Services.Helpers.Tests.CurrencyHelperTests" name="FormatToStringTest1000" />
    </UnitTest>
    <UnitTest name="FormatToStringTest1000 (4002.4180488374172,4002.42 zł)" storage="c:\projekty\mstestproject\bin\debug\netcoreapp3.1\mstestproject.dll" id="a1431160-1327-44e0-b7da-e7cc28afd9e7">
      <TestCategory>
        <TestCategoryItem TestCategory="Category1000" />
      </TestCategory>
      <Execution id="f861d3fa-56c8-46e6-949e-f64d133f9d25" />
      <TestMethod codeBase="C:\Projekty\MSTestProject\bin\Debug\netcoreapp3.1\MSTestProject.dll" adapterTypeName="executor://mstestadapter/v2" className="TwojeWesele.Services.Helpers.Tests.CurrencyHelperTests" name="FormatToStringTest1000" />
    </UnitTest>
    <UnitTest name="FormatToStringTest1000 (6544.213759255695,6544.21 zł)" storage="c:\projekty\mstestproject\bin\debug\netcoreapp3.1\mstestproject.dll" id="bb5013cb-7d18-4425-8ae6-4a08d3a3b5bc">
      <TestCategory>
        <TestCategoryItem TestCategory="Category1000" />
      </TestCategory>
      <Execution id="846b13b5-6958-46b2-a106-b0defe6f9e07" />
      <TestMethod codeBase="C:\Projekty\MSTestProject\bin\Debug\netcoreapp3.1\MSTestProject.dll" adapterTypeName="executor://mstestadapter/v2" className="TwojeWesele.Services.Helpers.Tests.CurrencyHelperTests" name="FormatToStringTest1000" />
    </UnitTest>
    <UnitTest name="FormatToStringTest1000 (1669.555150571072,1669.56 zł)" storage="c:\projekty\mstestproject\bin\debug\netcoreapp3.1\mstestproject.dll" id="2bde3f43-0fa9-4097-ad32-b71cf2b75533">
      <TestCategory>
        <TestCategoryItem TestCategory="Category1000" />
      </TestCategory>
      <Execution id="75b2e431-f991-45ff-b11d-335c2d42e0a5" />
      <TestMethod codeBase="C:\Projekty\MSTestProject\bin\Debug\netcoreapp3.1\MSTestProject.dll" adapterTypeName="executor://mstestadapter/v2" className="TwojeWesele.Services.Helpers.Tests.CurrencyHelperTests" name="FormatToStringTest1000" />
    </UnitTest>
    <UnitTest name="FormatToStringTest1000 (50009.23881716898,50009.24 zł)" storage="c:\projekty\mstestproject\bin\debug\netcoreapp3.1\mstestproject.dll" id="9a7eacdf-b83d-4373-9b3a-26df553a34b4">
      <TestCategory>
        <TestCategoryItem TestCategory="Category1000" />
      </TestCategory>
      <Execution id="860ab805-55cc-44a0-99d5-0a7e1d38299f" />
      <TestMethod codeBase="C:\Projekty\MSTestProject\bin\Debug\netcoreapp3.1\MSTestProject.dll" adapterTypeName="executor://mstestadapter/v2" className="TwojeWesele.Services.Helpers.Tests.CurrencyHelperTests" name="FormatToStringTest1000" />
    </UnitTest>
    <UnitTest name="FormatToStringTest1000 (9431.144757136304,9431.14 zł)" storage="c:\projekty\mstestproject\bin\debug\netcoreapp3.1\mstestproject.dll" id="2c4db837-20fb-4489-9505-1418dcbf6292">
      <TestCategory>
        <TestCategoryItem TestCategory="Category1000" />
      </TestCategory>
      <Execution id="3db25830-aa55-4164-84a8-c2b12ebf9b7a" />
      <TestMethod codeBase="C:\Projekty\MSTestProject\bin\Debug\netcoreapp3.1\MSTestProject.dll" adapterTypeName="executor://mstestadapter/v2" className="TwojeWesele.Services.Helpers.Tests.CurrencyHelperTests" name="FormatToStringTest1000" />
    </UnitTest>
    <UnitTest name="FormatToStringTest1000 (47575.6421269959,47575.64 zł)" storage="c:\projekty\mstestproject\bin\debug\netcoreapp3.1\mstestproject.dll" id="74cc5a42-295a-4c4a-8ddc-54eb3fa19ffa">
      <TestCategory>
        <TestCategoryItem TestCategory="Category1000" />
      </TestCategory>
      <Execution id="7b224e4f-303c-4a42-8ff4-68242863b327" />
      <TestMethod codeBase="C:\Projekty\MSTestProject\bin\Debug\netcoreapp3.1\MSTestProject.dll" adapterTypeName="executor://mstestadapter/v2" className="TwojeWesele.Services.Helpers.Tests.CurrencyHelperTests" name="FormatToStringTest1000" />
    </UnitTest>
    <UnitTest name="FormatToStringTest1000 (6313.543884690639,6313.54 zł)" storage="c:\projekty\mstestproject\bin\debug\netcoreapp3.1\mstestproject.dll" id="342ecf99-271f-4d7d-b4f7-7ca97f82a98e">
      <TestCategory>
        <TestCategoryItem TestCategory="Category1000" />
      </TestCategory>
      <Execution id="11cf0996-6947-49d0-be25-ce33c7d092d7" />
      <TestMethod codeBase="C:\Projekty\MSTestProject\bin\Debug\netcoreapp3.1\MSTestProject.dll" adapterTypeName="executor://mstestadapter/v2" className="TwojeWesele.Services.Helpers.Tests.CurrencyHelperTests" name="FormatToStringTest1000" />
    </UnitTest>
    <UnitTest name="FormatToStringTest1000 (44677.61946778074,44677.62 zł)" storage="c:\projekty\mstestproject\bin\debug\netcoreapp3.1\mstestproject.dll" id="a79daff4-725d-46d5-a1e5-bf250ea04703">
      <TestCategory>
        <TestCategoryItem TestCategory="Category1000" />
      </TestCategory>
      <Execution id="9b8a2bd5-20b2-431f-a238-b59f1f2d31aa" />
      <TestMethod codeBase="C:\Projekty\MSTestProject\bin\Debug\netcoreapp3.1\MSTestProject.dll" adapterTypeName="executor://mstestadapter/v2" className="TwojeWesele.Services.Helpers.Tests.CurrencyHelperTests" name="FormatToStringTest1000" />
    </UnitTest>
    <UnitTest name="FormatToStringTest1000 (32732.81915128502,32732.82 zł)" storage="c:\projekty\mstestproject\bin\debug\netcoreapp3.1\mstestproject.dll" id="c3a282e9-e368-4c11-8e4a-9e9123683004">
      <TestCategory>
        <TestCategoryItem TestCategory="Category1000" />
      </TestCategory>
      <Execution id="86d05cf5-02f7-4a05-9755-df1575c257ca" />
      <TestMethod codeBase="C:\Projekty\MSTestProject\bin\Debug\netcoreapp3.1\MSTestProject.dll" adapterTypeName="executor://mstestadapter/v2" className="TwojeWesele.Services.Helpers.Tests.CurrencyHelperTests" name="FormatToStringTest1000" />
    </UnitTest>
    <UnitTest name="FormatToStringTest1000 (10461.455048841171,10461.46 zł)" storage="c:\projekty\mstestproject\bin\debug\netcoreapp3.1\mstestproject.dll" id="21f05c71-98b9-4a38-95f4-13242a8c82c9">
      <TestCategory>
        <TestCategoryItem TestCategory="Category1000" />
      </TestCategory>
      <Execution id="36b223c7-118e-4dbd-9cc5-ad9b343e11d8" />
      <TestMethod codeBase="C:\Projekty\MSTestProject\bin\Debug\netcoreapp3.1\MSTestProject.dll" adapterTypeName="executor://mstestadapter/v2" className="TwojeWesele.Services.Helpers.Tests.CurrencyHelperTests" name="FormatToStringTest1000" />
    </UnitTest>
    <UnitTest name="FormatToStringTest1000 (40556.73452524362,40556.73 zł)" storage="c:\projekty\mstestproject\bin\debug\netcoreapp3.1\mstestproject.dll" id="5fd14552-fc0c-424a-ab6e-3d955d0b12f0">
      <TestCategory>
        <TestCategoryItem TestCategory="Category1000" />
      </TestCategory>
      <Execution id="0e0901b1-f439-4e3f-bd77-b7d5c602f7b9" />
      <TestMethod codeBase="C:\Projekty\MSTestProject\bin\Debug\netcoreapp3.1\MSTestProject.dll" adapterTypeName="executor://mstestadapter/v2" className="TwojeWesele.Services.Helpers.Tests.CurrencyHelperTests" name="FormatToStringTest1000" />
    </UnitTest>
    <UnitTest name="FormatToStringTest1000 (1687.5965557361937,1687.60 zł)" storage="c:\projekty\mstestproject\bin\debug\netcoreapp3.1\mstestproject.dll" id="bcc9e0f4-5b09-434f-9bd4-c71134e0ea25">
      <TestCategory>
        <TestCategoryItem TestCategory="Category1000" />
      </TestCategory>
      <Execution id="de642a9f-9c32-464c-bf7e-db30db932b04" />
      <TestMethod codeBase="C:\Projekty\MSTestProject\bin\Debug\netcoreapp3.1\MSTestProject.dll" adapterTypeName="executor://mstestadapter/v2" className="TwojeWesele.Services.Helpers.Tests.CurrencyHelperTests" name="FormatToStringTest1000" />
    </UnitTest>
    <UnitTest name="FormatToStringTest1000 (34021.1384072961,34021.14 zł)" storage="c:\projekty\mstestproject\bin\debug\netcoreapp3.1\mstestproject.dll" id="8d28c93b-e642-4462-9a70-386b77da95db">
      <TestCategory>
        <TestCategoryItem TestCategory="Category1000" />
      </TestCategory>
      <Execution id="0d819a40-ca6a-4a6c-a1a0-fcaaf271885f" />
      <TestMethod codeBase="C:\Projekty\MSTestProject\bin\Debug\netcoreapp3.1\MSTestProject.dll" adapterTypeName="executor://mstestadapter/v2" className="TwojeWesele.Services.Helpers.Tests.CurrencyHelperTests" name="FormatToStringTest1000" />
    </UnitTest>
    <UnitTest name="FormatToStringTest1000 (9765.54450809748,9765.54 zł)" storage="c:\projekty\mstestproject\bin\debug\netcoreapp3.1\mstestproject.dll" id="282f7b84-9adf-4ab6-86c5-b3dcbe56faad">
      <TestCategory>
        <TestCategoryItem TestCategory="Category1000" />
      </TestCategory>
      <Execution id="2f7c9ed1-e4ba-4302-aa03-7d962d898af4" />
      <TestMethod codeBase="C:\Projekty\MSTestProject\bin\Debug\netcoreapp3.1\MSTestProject.dll" adapterTypeName="executor://mstestadapter/v2" className="TwojeWesele.Services.Helpers.Tests.CurrencyHelperTests" name="FormatToStringTest1000" />
    </UnitTest>
    <UnitTest name="FormatToStringTest1000 (4030.673117592313,4030.67 zł)" storage="c:\projekty\mstestproject\bin\debug\netcoreapp3.1\mstestproject.dll" id="c500ce11-59ae-4b43-90ec-2e9fa70e0499">
      <TestCategory>
        <TestCategoryItem TestCategory="Category1000" />
      </TestCategory>
      <Execution id="f6e1a26a-271f-4f58-b38b-5e46b8ff5086" />
      <TestMethod codeBase="C:\Projekty\MSTestProject\bin\Debug\netcoreapp3.1\MSTestProject.dll" adapterTypeName="executor://mstestadapter/v2" className="TwojeWesele.Services.Helpers.Tests.CurrencyHelperTests" name="FormatToStringTest1000" />
    </UnitTest>
    <UnitTest name="FormatToStringTest1000 (15566.957545477411,15566.96 zł)" storage="c:\projekty\mstestproject\bin\debug\netcoreapp3.1\mstestproject.dll" id="43beab25-fef9-4971-a973-97b937c187d6">
      <TestCategory>
        <TestCategoryItem TestCategory="Category1000" />
      </TestCategory>
      <Execution id="1130202c-eecb-4969-a33a-d814063659c5" />
      <TestMethod codeBase="C:\Projekty\MSTestProject\bin\Debug\netcoreapp3.1\MSTestProject.dll" adapterTypeName="executor://mstestadapter/v2" className="TwojeWesele.Services.Helpers.Tests.CurrencyHelperTests" name="FormatToStringTest1000" />
    </UnitTest>
    <UnitTest name="FormatToStringTest1000 (6429.44273095552,6429.44 zł)" storage="c:\projekty\mstestproject\bin\debug\netcoreapp3.1\mstestproject.dll" id="b3732730-6017-4ea0-a523-4cffbe272b8a">
      <TestCategory>
        <TestCategoryItem TestCategory="Category1000" />
      </TestCategory>
      <Execution id="ee62220d-d3cc-4bdb-bc38-52516028faf6" />
      <TestMethod codeBase="C:\Projekty\MSTestProject\bin\Debug\netcoreapp3.1\MSTestProject.dll" adapterTypeName="executor://mstestadapter/v2" className="TwojeWesele.Services.Helpers.Tests.CurrencyHelperTests" name="FormatToStringTest1000" />
    </UnitTest>
    <UnitTest name="FormatToStringTest1000 (8514.837538072763,8514.84 zł)" storage="c:\projekty\mstestproject\bin\debug\netcoreapp3.1\mstestproject.dll" id="54eb7676-e25c-46a5-9d0f-0c2dd1f0a7fb">
      <TestCategory>
        <TestCategoryItem TestCategory="Category1000" />
      </TestCategory>
      <Execution id="8d1e6564-ecfa-4c5c-a4a3-9c32912d9415" />
      <TestMethod codeBase="C:\Projekty\MSTestProject\bin\Debug\netcoreapp3.1\MSTestProject.dll" adapterTypeName="executor://mstestadapter/v2" className="TwojeWesele.Services.Helpers.Tests.CurrencyHelperTests" name="FormatToStringTest1000" />
    </UnitTest>
    <UnitTest name="FormatToStringTest1000 (18208.8422650126,18208.84 zł)" storage="c:\projekty\mstestproject\bin\debug\netcoreapp3.1\mstestproject.dll" id="d8586e5f-092b-41ec-96d9-a1d99a94c6da">
      <TestCategory>
        <TestCategoryItem TestCategory="Category1000" />
      </TestCategory>
      <Execution id="eb175e5d-21b3-43a7-bf17-576e1b05da07" />
      <TestMethod codeBase="C:\Projekty\MSTestProject\bin\Debug\netcoreapp3.1\MSTestProject.dll" adapterTypeName="executor://mstestadapter/v2" className="TwojeWesele.Services.Helpers.Tests.CurrencyHelperTests" name="FormatToStringTest1000" />
    </UnitTest>
    <UnitTest name="FormatToStringTest1000 (3270.286035661719,3270.29 zł)" storage="c:\projekty\mstestproject\bin\debug\netcoreapp3.1\mstestproject.dll" id="87244843-4805-49e3-9ea7-985466bdf622">
      <TestCategory>
        <TestCategoryItem TestCategory="Category1000" />
      </TestCategory>
      <Execution id="be849762-0b26-40b0-8902-9d99de97c2fd" />
      <TestMethod codeBase="C:\Projekty\MSTestProject\bin\Debug\netcoreapp3.1\MSTestProject.dll" adapterTypeName="executor://mstestadapter/v2" className="TwojeWesele.Services.Helpers.Tests.CurrencyHelperTests" name="FormatToStringTest1000" />
    </UnitTest>
    <UnitTest name="FormatToStringTest1000 (30383.303633991305,30383.30 zł)" storage="c:\projekty\mstestproject\bin\debug\netcoreapp3.1\mstestproject.dll" id="67e8afed-ca9d-4fe2-bb1c-3e9abe5f4ff4">
      <TestCategory>
        <TestCategoryItem TestCategory="Category1000" />
      </TestCategory>
      <Execution id="8fe2ba2a-6d4d-4b85-a730-8cca66f87876" />
      <TestMethod codeBase="C:\Projekty\MSTestProject\bin\Debug\netcoreapp3.1\MSTestProject.dll" adapterTypeName="executor://mstestadapter/v2" className="TwojeWesele.Services.Helpers.Tests.CurrencyHelperTests" name="FormatToStringTest1000" />
    </UnitTest>
    <UnitTest name="FormatToStringTest1000 (24476.442216712254,24476.44 zł)" storage="c:\projekty\mstestproject\bin\debug\netcoreapp3.1\mstestproject.dll" id="98ba146e-39f5-4376-837b-5883af31b1c1">
      <TestCategory>
        <TestCategoryItem TestCategory="Category1000" />
      </TestCategory>
      <Execution id="d92f9946-8002-4773-9343-f6c7721bed96" />
      <TestMethod codeBase="C:\Projekty\MSTestProject\bin\Debug\netcoreapp3.1\MSTestProject.dll" adapterTypeName="executor://mstestadapter/v2" className="TwojeWesele.Services.Helpers.Tests.CurrencyHelperTests" name="FormatToStringTest1000" />
    </UnitTest>
    <UnitTest name="FormatToStringTest1000 (13582.47117894258,13582.47 zł)" storage="c:\projekty\mstestproject\bin\debug\netcoreapp3.1\mstestproject.dll" id="8609bc49-d93f-4247-974e-ac8144ae65d3">
      <TestCategory>
        <TestCategoryItem TestCategory="Category1000" />
      </TestCategory>
      <Execution id="110fe3f4-ba6b-4ea7-ac8c-77f4502bdf31" />
      <TestMethod codeBase="C:\Projekty\MSTestProject\bin\Debug\netcoreapp3.1\MSTestProject.dll" adapterTypeName="executor://mstestadapter/v2" className="TwojeWesele.Services.Helpers.Tests.CurrencyHelperTests" name="FormatToStringTest1000" />
    </UnitTest>
    <UnitTest name="FormatToStringTest1000 (9843.625240445894,9843.63 zł)" storage="c:\projekty\mstestproject\bin\debug\netcoreapp3.1\mstestproject.dll" id="bb010c9d-7789-4c6a-96ce-4ea705ef1bd8">
      <TestCategory>
        <TestCategoryItem TestCategory="Category1000" />
      </TestCategory>
      <Execution id="d600593a-427e-46ed-acc7-c24bc35e2248" />
      <TestMethod codeBase="C:\Projekty\MSTestProject\bin\Debug\netcoreapp3.1\MSTestProject.dll" adapterTypeName="executor://mstestadapter/v2" className="TwojeWesele.Services.Helpers.Tests.CurrencyHelperTests" name="FormatToStringTest1000" />
    </UnitTest>
    <UnitTest name="FormatToStringTest1000 (54304.07738935393,54304.08 zł)" storage="c:\projekty\mstestproject\bin\debug\netcoreapp3.1\mstestproject.dll" id="966aa80e-1501-40c6-bb75-de0e38ddea6e">
      <TestCategory>
        <TestCategoryItem TestCategory="Category1000" />
      </TestCategory>
      <Execution id="de700d65-21bd-423b-a6bb-eda5b91babf6" />
      <TestMethod codeBase="C:\Projekty\MSTestProject\bin\Debug\netcoreapp3.1\MSTestProject.dll" adapterTypeName="executor://mstestadapter/v2" className="TwojeWesele.Services.Helpers.Tests.CurrencyHelperTests" name="FormatToStringTest1000" />
    </UnitTest>
    <UnitTest name="FormatToStringTest1000 (19397.344749736294,19397.34 zł)" storage="c:\projekty\mstestproject\bin\debug\netcoreapp3.1\mstestproject.dll" id="849fef2e-73fb-4cc4-be4b-870d3eda4cc1">
      <TestCategory>
        <TestCategoryItem TestCategory="Category1000" />
      </TestCategory>
      <Execution id="3d61f290-6dbf-4761-82b0-94b104d4bb4b" />
      <TestMethod codeBase="C:\Projekty\MSTestProject\bin\Debug\netcoreapp3.1\MSTestProject.dll" adapterTypeName="executor://mstestadapter/v2" className="TwojeWesele.Services.Helpers.Tests.CurrencyHelperTests" name="FormatToStringTest1000" />
    </UnitTest>
    <UnitTest name="FormatToStringTest1000 (4636.500544966897,4636.50 zł)" storage="c:\projekty\mstestproject\bin\debug\netcoreapp3.1\mstestproject.dll" id="197f5ed0-0d28-46bf-87e4-ebf60635892a">
      <TestCategory>
        <TestCategoryItem TestCategory="Category1000" />
      </TestCategory>
      <Execution id="62e763e7-2c33-43ca-ae2f-7b9785dfa191" />
      <TestMethod codeBase="C:\Projekty\MSTestProject\bin\Debug\netcoreapp3.1\MSTestProject.dll" adapterTypeName="executor://mstestadapter/v2" className="TwojeWesele.Services.Helpers.Tests.CurrencyHelperTests" name="FormatToStringTest1000" />
    </UnitTest>
    <UnitTest name="FormatToStringTest1000 (28072.424637532058,28072.42 zł)" storage="c:\projekty\mstestproject\bin\debug\netcoreapp3.1\mstestproject.dll" id="8c6d7ff5-d3f1-4711-93b7-243b63df86d2">
      <TestCategory>
        <TestCategoryItem TestCategory="Category1000" />
      </TestCategory>
      <Execution id="5cf8d4fb-29d1-4fb2-a80d-98e4366540f6" />
      <TestMethod codeBase="C:\Projekty\MSTestProject\bin\Debug\netcoreapp3.1\MSTestProject.dll" adapterTypeName="executor://mstestadapter/v2" className="TwojeWesele.Services.Helpers.Tests.CurrencyHelperTests" name="FormatToStringTest1000" />
    </UnitTest>
    <UnitTest name="FormatToStringTest1000 (7076.829971250534,7076.83 zł)" storage="c:\projekty\mstestproject\bin\debug\netcoreapp3.1\mstestproject.dll" id="af7df8e3-90b6-4a75-ac73-2b8b84840e12">
      <TestCategory>
        <TestCategoryItem TestCategory="Category1000" />
      </TestCategory>
      <Execution id="439e94c5-74b1-4fae-adb0-c01a00a33ed0" />
      <TestMethod codeBase="C:\Projekty\MSTestProject\bin\Debug\netcoreapp3.1\MSTestProject.dll" adapterTypeName="executor://mstestadapter/v2" className="TwojeWesele.Services.Helpers.Tests.CurrencyHelperTests" name="FormatToStringTest1000" />
    </UnitTest>
    <UnitTest name="FormatToStringTest1000 (44499.288016808816,44499.29 zł)" storage="c:\projekty\mstestproject\bin\debug\netcoreapp3.1\mstestproject.dll" id="9d967bc2-ff73-4bd8-b4b9-875cec497ebc">
      <TestCategory>
        <TestCategoryItem TestCategory="Category1000" />
      </TestCategory>
      <Execution id="f17841ee-ebc3-4967-97ab-0e94e028f043" />
      <TestMethod codeBase="C:\Projekty\MSTestProject\bin\Debug\netcoreapp3.1\MSTestProject.dll" adapterTypeName="executor://mstestadapter/v2" className="TwojeWesele.Services.Helpers.Tests.CurrencyHelperTests" name="FormatToStringTest1000" />
    </UnitTest>
    <UnitTest name="FormatToStringTest1000 (5961.755129208674,5961.76 zł)" storage="c:\projekty\mstestproject\bin\debug\netcoreapp3.1\mstestproject.dll" id="13838353-c409-437f-b88b-18f6c70d5523">
      <TestCategory>
        <TestCategoryItem TestCategory="Category1000" />
      </TestCategory>
      <Execution id="86a46b82-4f46-44f7-a385-fc05dc2fd170" />
      <TestMethod codeBase="C:\Projekty\MSTestProject\bin\Debug\netcoreapp3.1\MSTestProject.dll" adapterTypeName="executor://mstestadapter/v2" className="TwojeWesele.Services.Helpers.Tests.CurrencyHelperTests" name="FormatToStringTest1000" />
    </UnitTest>
    <UnitTest name="FormatToStringTest1000 (22330.217605518745,22330.22 zł)" storage="c:\projekty\mstestproject\bin\debug\netcoreapp3.1\mstestproject.dll" id="c52ec274-4d67-4d2d-8540-3204dc7e459d">
      <TestCategory>
        <TestCategoryItem TestCategory="Category1000" />
      </TestCategory>
      <Execution id="cf8d0103-a01f-4b99-944b-0ca2b604689d" />
      <TestMethod codeBase="C:\Projekty\MSTestProject\bin\Debug\netcoreapp3.1\MSTestProject.dll" adapterTypeName="executor://mstestadapter/v2" className="TwojeWesele.Services.Helpers.Tests.CurrencyHelperTests" name="FormatToStringTest1000" />
    </UnitTest>
    <UnitTest name="FormatToStringTest1000 (9079.930405251649,9079.93 zł)" storage="c:\projekty\mstestproject\bin\debug\netcoreapp3.1\mstestproject.dll" id="e955dd49-6958-426e-83f9-add8f6ee0471">
      <TestCategory>
        <TestCategoryItem TestCategory="Category1000" />
      </TestCategory>
      <Execution id="f4153659-9e7b-4fb8-a140-27a73a67f2a7" />
      <TestMethod codeBase="C:\Projekty\MSTestProject\bin\Debug\netcoreapp3.1\MSTestProject.dll" adapterTypeName="executor://mstestadapter/v2" className="TwojeWesele.Services.Helpers.Tests.CurrencyHelperTests" name="FormatToStringTest1000" />
    </UnitTest>
    <UnitTest name="FormatToStringTest1000 (26207.03715363659,26207.04 zł)" storage="c:\projekty\mstestproject\bin\debug\netcoreapp3.1\mstestproject.dll" id="426d6a9e-be1f-4d3a-b5a6-460553bbd9c8">
      <TestCategory>
        <TestCategoryItem TestCategory="Category1000" />
      </TestCategory>
      <Execution id="efddc791-ed7f-4399-9aeb-d070c9c6cff5" />
      <TestMethod codeBase="C:\Projekty\MSTestProject\bin\Debug\netcoreapp3.1\MSTestProject.dll" adapterTypeName="executor://mstestadapter/v2" className="TwojeWesele.Services.Helpers.Tests.CurrencyHelperTests" name="FormatToStringTest1000" />
    </UnitTest>
    <UnitTest name="FormatToStringTest1000 (7594.279030504766,7594.28 zł)" storage="c:\projekty\mstestproject\bin\debug\netcoreapp3.1\mstestproject.dll" id="9dc4e5a2-a9f0-426e-a963-df8fed382ddb">
      <TestCategory>
        <TestCategoryItem TestCategory="Category1000" />
      </TestCategory>
      <Execution id="a0097eea-5b39-44d5-9201-297a2a98699e" />
      <TestMethod codeBase="C:\Projekty\MSTestProject\bin\Debug\netcoreapp3.1\MSTestProject.dll" adapterTypeName="executor://mstestadapter/v2" className="TwojeWesele.Services.Helpers.Tests.CurrencyHelperTests" name="FormatToStringTest1000" />
    </UnitTest>
    <UnitTest name="FormatToStringTest1000 (77904.0088552246,77904.01 zł)" storage="c:\projekty\mstestproject\bin\debug\netcoreapp3.1\mstestproject.dll" id="8625d62c-4268-4be7-bbd4-af16cada08fd">
      <TestCategory>
        <TestCategoryItem TestCategory="Category1000" />
      </TestCategory>
      <Execution id="144f1c75-10d2-4f3b-9329-0f10ecc09404" />
      <TestMethod codeBase="C:\Projekty\MSTestProject\bin\Debug\netcoreapp3.1\MSTestProject.dll" adapterTypeName="executor://mstestadapter/v2" className="TwojeWesele.Services.Helpers.Tests.CurrencyHelperTests" name="FormatToStringTest1000" />
    </UnitTest>
    <UnitTest name="FormatToStringTest1000 (13027.93935961739,13027.94 zł)" storage="c:\projekty\mstestproject\bin\debug\netcoreapp3.1\mstestproject.dll" id="4eec9c66-89ef-4e08-9d37-dabc3901c6d4">
      <TestCategory>
        <TestCategoryItem TestCategory="Category1000" />
      </TestCategory>
      <Execution id="77651acd-d48b-49e7-a6d4-062227ce9e09" />
      <TestMethod codeBase="C:\Projekty\MSTestProject\bin\Debug\netcoreapp3.1\MSTestProject.dll" adapterTypeName="executor://mstestadapter/v2" className="TwojeWesele.Services.Helpers.Tests.CurrencyHelperTests" name="FormatToStringTest1000" />
    </UnitTest>
    <UnitTest name="FormatToStringTest1000 (181.3640542483721,181.36 zł)" storage="c:\projekty\mstestproject\bin\debug\netcoreapp3.1\mstestproject.dll" id="64e91763-3bb6-43c9-a86b-77a8d0653084">
      <TestCategory>
        <TestCategoryItem TestCategory="Category1000" />
      </TestCategory>
      <Execution id="0145c47f-fd61-4db8-8ed1-10738a4cc4da" />
      <TestMethod codeBase="C:\Projekty\MSTestProject\bin\Debug\netcoreapp3.1\MSTestProject.dll" adapterTypeName="executor://mstestadapter/v2" className="TwojeWesele.Services.Helpers.Tests.CurrencyHelperTests" name="FormatToStringTest1000" />
    </UnitTest>
    <UnitTest name="FormatToStringTest1000 (3341.8351759444154,3341.84 zł)" storage="c:\projekty\mstestproject\bin\debug\netcoreapp3.1\mstestproject.dll" id="7054bf0a-da10-4638-af70-74ea3778cb10">
      <TestCategory>
        <TestCategoryItem TestCategory="Category1000" />
      </TestCategory>
      <Execution id="3760389e-3283-487b-8920-a175493fd167" />
      <TestMethod codeBase="C:\Projekty\MSTestProject\bin\Debug\netcoreapp3.1\MSTestProject.dll" adapterTypeName="executor://mstestadapter/v2" className="TwojeWesele.Services.Helpers.Tests.CurrencyHelperTests" name="FormatToStringTest1000" />
    </UnitTest>
    <UnitTest name="FormatToStringTest1000 (41873.517751020154,41873.52 zł)" storage="c:\projekty\mstestproject\bin\debug\netcoreapp3.1\mstestproject.dll" id="572f0d84-cee4-47e7-993b-628e40ed0cac">
      <TestCategory>
        <TestCategoryItem TestCategory="Category1000" />
      </TestCategory>
      <Execution id="a7b0ef2c-3f67-4998-b038-677188c1f8f5" />
      <TestMethod codeBase="C:\Projekty\MSTestProject\bin\Debug\netcoreapp3.1\MSTestProject.dll" adapterTypeName="executor://mstestadapter/v2" className="TwojeWesele.Services.Helpers.Tests.CurrencyHelperTests" name="FormatToStringTest1000" />
    </UnitTest>
    <UnitTest name="FormatToStringTest1000 (317.9090540706688,317.91 zł)" storage="c:\projekty\mstestproject\bin\debug\netcoreapp3.1\mstestproject.dll" id="d4850733-1275-41cf-a47d-263861d96bbd">
      <TestCategory>
        <TestCategoryItem TestCategory="Category1000" />
      </TestCategory>
      <Execution id="cf920681-0806-4d69-a5c4-5b3b40680d20" />
      <TestMethod codeBase="C:\Projekty\MSTestProject\bin\Debug\netcoreapp3.1\MSTestProject.dll" adapterTypeName="executor://mstestadapter/v2" className="TwojeWesele.Services.Helpers.Tests.CurrencyHelperTests" name="FormatToStringTest1000" />
    </UnitTest>
    <UnitTest name="FormatToStringTest1000 (31290.71396233687,31290.71 zł)" storage="c:\projekty\mstestproject\bin\debug\netcoreapp3.1\mstestproject.dll" id="5dca7c2e-66a7-4033-bc0b-cc532fe54f6e">
      <TestCategory>
        <TestCategoryItem TestCategory="Category1000" />
      </TestCategory>
      <Execution id="96e02ac0-20fa-49a2-b999-156a4c56dfdd" />
      <TestMethod codeBase="C:\Projekty\MSTestProject\bin\Debug\netcoreapp3.1\MSTestProject.dll" adapterTypeName="executor://mstestadapter/v2" className="TwojeWesele.Services.Helpers.Tests.CurrencyHelperTests" name="FormatToStringTest1000" />
    </UnitTest>
    <UnitTest name="FormatToStringTest1000 (20454.142628653506,20454.14 zł)" storage="c:\projekty\mstestproject\bin\debug\netcoreapp3.1\mstestproject.dll" id="d307a61c-d035-466b-8182-1d7504a495ea">
      <TestCategory>
        <TestCategoryItem TestCategory="Category1000" />
      </TestCategory>
      <Execution id="ed22193f-2762-4dd7-b962-a1b0f405bcf8" />
      <TestMethod codeBase="C:\Projekty\MSTestProject\bin\Debug\netcoreapp3.1\MSTestProject.dll" adapterTypeName="executor://mstestadapter/v2" className="TwojeWesele.Services.Helpers.Tests.CurrencyHelperTests" name="FormatToStringTest1000" />
    </UnitTest>
    <UnitTest name="FormatToStringTest1000 (20237.28532723723,20237.29 zł)" storage="c:\projekty\mstestproject\bin\debug\netcoreapp3.1\mstestproject.dll" id="49d73898-6db5-44b1-aa94-a212122a724d">
      <TestCategory>
        <TestCategoryItem TestCategory="Category1000" />
      </TestCategory>
      <Execution id="ace7434f-929e-452a-a787-4f4c928a1927" />
      <TestMethod codeBase="C:\Projekty\MSTestProject\bin\Debug\netcoreapp3.1\MSTestProject.dll" adapterTypeName="executor://mstestadapter/v2" className="TwojeWesele.Services.Helpers.Tests.CurrencyHelperTests" name="FormatToStringTest1000" />
    </UnitTest>
    <UnitTest name="FormatToStringTest1000 (78519.41691976106,78519.42 zł)" storage="c:\projekty\mstestproject\bin\debug\netcoreapp3.1\mstestproject.dll" id="453de8a0-c2a5-46c7-9d24-0eff611129d2">
      <TestCategory>
        <TestCategoryItem TestCategory="Category1000" />
      </TestCategory>
      <Execution id="7dae944f-b15c-40a7-a9a1-a6d06aa0561c" />
      <TestMethod codeBase="C:\Projekty\MSTestProject\bin\Debug\netcoreapp3.1\MSTestProject.dll" adapterTypeName="executor://mstestadapter/v2" className="TwojeWesele.Services.Helpers.Tests.CurrencyHelperTests" name="FormatToStringTest1000" />
    </UnitTest>
    <UnitTest name="FormatToStringTest1000 (4652.407073443945,4652.41 zł)" storage="c:\projekty\mstestproject\bin\debug\netcoreapp3.1\mstestproject.dll" id="bbffd503-59b9-4836-b6ae-c57ef32a6d8a">
      <TestCategory>
        <TestCategoryItem TestCategory="Category1000" />
      </TestCategory>
      <Execution id="e8343a2f-4997-455d-953a-db7c83c089e2" />
      <TestMethod codeBase="C:\Projekty\MSTestProject\bin\Debug\netcoreapp3.1\MSTestProject.dll" adapterTypeName="executor://mstestadapter/v2" className="TwojeWesele.Services.Helpers.Tests.CurrencyHelperTests" name="FormatToStringTest1000" />
    </UnitTest>
    <UnitTest name="FormatToStringTest1000 (24528.124092612474,24528.12 zł)" storage="c:\projekty\mstestproject\bin\debug\netcoreapp3.1\mstestproject.dll" id="f2354bbe-8e01-4382-8469-8c017055bb7c">
      <TestCategory>
        <TestCategoryItem TestCategory="Category1000" />
      </TestCategory>
      <Execution id="ab3d66fe-00ac-463f-a5c5-a62d4f68a137" />
      <TestMethod codeBase="C:\Projekty\MSTestProject\bin\Debug\netcoreapp3.1\MSTestProject.dll" adapterTypeName="executor://mstestadapter/v2" className="TwojeWesele.Services.Helpers.Tests.CurrencyHelperTests" name="FormatToStringTest1000" />
    </UnitTest>
    <UnitTest name="FormatToStringTest1000 (10457.593086045978,10457.59 zł)" storage="c:\projekty\mstestproject\bin\debug\netcoreapp3.1\mstestproject.dll" id="19cbba82-bb9b-4f00-ac3a-50dcb811b4b1">
      <TestCategory>
        <TestCategoryItem TestCategory="Category1000" />
      </TestCategory>
      <Execution id="242383a9-d08d-4a94-8d78-55b64113c246" />
      <TestMethod codeBase="C:\Projekty\MSTestProject\bin\Debug\netcoreapp3.1\MSTestProject.dll" adapterTypeName="executor://mstestadapter/v2" className="TwojeWesele.Services.Helpers.Tests.CurrencyHelperTests" name="FormatToStringTest1000" />
    </UnitTest>
    <UnitTest name="FormatToStringTest1000 (23120.169499649743,23120.17 zł)" storage="c:\projekty\mstestproject\bin\debug\netcoreapp3.1\mstestproject.dll" id="b0d1c656-4d0a-49ea-bf1c-f4b226dc0349">
      <TestCategory>
        <TestCategoryItem TestCategory="Category1000" />
      </TestCategory>
      <Execution id="5d3af3e2-4750-4db7-96fc-d4f6ff8ab827" />
      <TestMethod codeBase="C:\Projekty\MSTestProject\bin\Debug\netcoreapp3.1\MSTestProject.dll" adapterTypeName="executor://mstestadapter/v2" className="TwojeWesele.Services.Helpers.Tests.CurrencyHelperTests" name="FormatToStringTest1000" />
    </UnitTest>
    <UnitTest name="FormatToStringTest1000 (4812.162927013898,4812.16 zł)" storage="c:\projekty\mstestproject\bin\debug\netcoreapp3.1\mstestproject.dll" id="c0e65dad-1cdc-4d07-a899-e4d6cc464d79">
      <TestCategory>
        <TestCategoryItem TestCategory="Category1000" />
      </TestCategory>
      <Execution id="d6e176ed-d282-4159-ba6f-7a8f652ad965" />
      <TestMethod codeBase="C:\Projekty\MSTestProject\bin\Debug\netcoreapp3.1\MSTestProject.dll" adapterTypeName="executor://mstestadapter/v2" className="TwojeWesele.Services.Helpers.Tests.CurrencyHelperTests" name="FormatToStringTest1000" />
    </UnitTest>
    <UnitTest name="FormatToStringTest1000 (20527.270339210645,20527.27 zł)" storage="c:\projekty\mstestproject\bin\debug\netcoreapp3.1\mstestproject.dll" id="0e6790ce-ee7e-4c29-a028-7c09c279f068">
      <TestCategory>
        <TestCategoryItem TestCategory="Category1000" />
      </TestCategory>
      <Execution id="3381e009-b0dc-4390-93e9-b91cbc9c9f49" />
      <TestMethod codeBase="C:\Projekty\MSTestProject\bin\Debug\netcoreapp3.1\MSTestProject.dll" adapterTypeName="executor://mstestadapter/v2" className="TwojeWesele.Services.Helpers.Tests.CurrencyHelperTests" name="FormatToStringTest1000" />
    </UnitTest>
    <UnitTest name="FormatToStringTest1000 (67109.22110940759,67109.22 zł)" storage="c:\projekty\mstestproject\bin\debug\netcoreapp3.1\mstestproject.dll" id="b9989a6f-002c-4fd7-994c-d7075accddf3">
      <TestCategory>
        <TestCategoryItem TestCategory="Category1000" />
      </TestCategory>
      <Execution id="5636516e-e82d-4646-9b7d-22f267a82129" />
      <TestMethod codeBase="C:\Projekty\MSTestProject\bin\Debug\netcoreapp3.1\MSTestProject.dll" adapterTypeName="executor://mstestadapter/v2" className="TwojeWesele.Services.Helpers.Tests.CurrencyHelperTests" name="FormatToStringTest1000" />
    </UnitTest>
    <UnitTest name="FormatToStringTest1000 (22678.643495744862,22678.64 zł)" storage="c:\projekty\mstestproject\bin\debug\netcoreapp3.1\mstestproject.dll" id="7a991983-413c-45c0-8b2e-4f1ca7328e53">
      <TestCategory>
        <TestCategoryItem TestCategory="Category1000" />
      </TestCategory>
      <Execution id="9dffd3f9-d6ce-4aba-82cf-797042093994" />
      <TestMethod codeBase="C:\Projekty\MSTestProject\bin\Debug\netcoreapp3.1\MSTestProject.dll" adapterTypeName="executor://mstestadapter/v2" className="TwojeWesele.Services.Helpers.Tests.CurrencyHelperTests" name="FormatToStringTest1000" />
    </UnitTest>
    <UnitTest name="FormatToStringTest1000 (28306.369434126827,28306.37 zł)" storage="c:\projekty\mstestproject\bin\debug\netcoreapp3.1\mstestproject.dll" id="f805aea4-74e3-415e-96c9-949e9373fe6a">
      <TestCategory>
        <TestCategoryItem TestCategory="Category1000" />
      </TestCategory>
      <Execution id="a1ce919d-88a6-4094-99a3-e1e5d83acaaf" />
      <TestMethod codeBase="C:\Projekty\MSTestProject\bin\Debug\netcoreapp3.1\MSTestProject.dll" adapterTypeName="executor://mstestadapter/v2" className="TwojeWesele.Services.Helpers.Tests.CurrencyHelperTests" name="FormatToStringTest1000" />
    </UnitTest>
    <UnitTest name="FormatToStringTest1000 (15600.245951180927,15600.25 zł)" storage="c:\projekty\mstestproject\bin\debug\netcoreapp3.1\mstestproject.dll" id="cfd7b546-5eb5-4adb-adea-89e60ad25098">
      <TestCategory>
        <TestCategoryItem TestCategory="Category1000" />
      </TestCategory>
      <Execution id="25f1ed7b-dea9-48cf-9a6c-864b21287025" />
      <TestMethod codeBase="C:\Projekty\MSTestProject\bin\Debug\netcoreapp3.1\MSTestProject.dll" adapterTypeName="executor://mstestadapter/v2" className="TwojeWesele.Services.Helpers.Tests.CurrencyHelperTests" name="FormatToStringTest1000" />
    </UnitTest>
    <UnitTest name="FormatToStringTest1000 (5108.217389855635,5108.22 zł)" storage="c:\projekty\mstestproject\bin\debug\netcoreapp3.1\mstestproject.dll" id="a74cccdd-ea7c-49d3-aab1-c7be6e4119d1">
      <TestCategory>
        <TestCategoryItem TestCategory="Category1000" />
      </TestCategory>
      <Execution id="e4c8e18e-73e8-4740-a3c0-603357f7a64d" />
      <TestMethod codeBase="C:\Projekty\MSTestProject\bin\Debug\netcoreapp3.1\MSTestProject.dll" adapterTypeName="executor://mstestadapter/v2" className="TwojeWesele.Services.Helpers.Tests.CurrencyHelperTests" name="FormatToStringTest1000" />
    </UnitTest>
    <UnitTest name="FormatToStringTest1000 (10527.083945901639,10527.08 zł)" storage="c:\projekty\mstestproject\bin\debug\netcoreapp3.1\mstestproject.dll" id="95411216-e8f2-4db3-8c22-4956db17797e">
      <TestCategory>
        <TestCategoryItem TestCategory="Category1000" />
      </TestCategory>
      <Execution id="63553a04-3c93-4c3b-8867-cc3e86478677" />
      <TestMethod codeBase="C:\Projekty\MSTestProject\bin\Debug\netcoreapp3.1\MSTestProject.dll" adapterTypeName="executor://mstestadapter/v2" className="TwojeWesele.Services.Helpers.Tests.CurrencyHelperTests" name="FormatToStringTest1000" />
    </UnitTest>
    <UnitTest name="FormatToStringTest1000 (29917.15005391145,29917.15 zł)" storage="c:\projekty\mstestproject\bin\debug\netcoreapp3.1\mstestproject.dll" id="915e9dc4-9021-4ab6-9f66-e0649c9d8c5a">
      <TestCategory>
        <TestCategoryItem TestCategory="Category1000" />
      </TestCategory>
      <Execution id="690b8ac0-a9d8-4ee4-b1a4-3e92533414f2" />
      <TestMethod codeBase="C:\Projekty\MSTestProject\bin\Debug\netcoreapp3.1\MSTestProject.dll" adapterTypeName="executor://mstestadapter/v2" className="TwojeWesele.Services.Helpers.Tests.CurrencyHelperTests" name="FormatToStringTest1000" />
    </UnitTest>
    <UnitTest name="FormatToStringTest1000 (14910.573044539697,14910.57 zł)" storage="c:\projekty\mstestproject\bin\debug\netcoreapp3.1\mstestproject.dll" id="2e94fabb-1f98-40b8-a3e5-ffde738b647a">
      <TestCategory>
        <TestCategoryItem TestCategory="Category1000" />
      </TestCategory>
      <Execution id="b0503b5b-2d45-47e8-82ee-0ac8fd95d90f" />
      <TestMethod codeBase="C:\Projekty\MSTestProject\bin\Debug\netcoreapp3.1\MSTestProject.dll" adapterTypeName="executor://mstestadapter/v2" className="TwojeWesele.Services.Helpers.Tests.CurrencyHelperTests" name="FormatToStringTest1000" />
    </UnitTest>
    <UnitTest name="FormatToStringTest1000 (45955.903045959254,45955.90 zł)" storage="c:\projekty\mstestproject\bin\debug\netcoreapp3.1\mstestproject.dll" id="de7fc788-c64e-4bf9-a138-ad9906e6f8d5">
      <TestCategory>
        <TestCategoryItem TestCategory="Category1000" />
      </TestCategory>
      <Execution id="63c6452b-fb44-474c-b754-fd72e16ef63f" />
      <TestMethod codeBase="C:\Projekty\MSTestProject\bin\Debug\netcoreapp3.1\MSTestProject.dll" adapterTypeName="executor://mstestadapter/v2" className="TwojeWesele.Services.Helpers.Tests.CurrencyHelperTests" name="FormatToStringTest1000" />
    </UnitTest>
    <UnitTest name="FormatToStringTest1000 (28192.949128067565,28192.95 zł)" storage="c:\projekty\mstestproject\bin\debug\netcoreapp3.1\mstestproject.dll" id="08523a04-b4df-4976-8ac7-ccc5b2b429fe">
      <TestCategory>
        <TestCategoryItem TestCategory="Category1000" />
      </TestCategory>
      <Execution id="20a67fe0-de64-499c-b71d-f2975d12dfbd" />
      <TestMethod codeBase="C:\Projekty\MSTestProject\bin\Debug\netcoreapp3.1\MSTestProject.dll" adapterTypeName="executor://mstestadapter/v2" className="TwojeWesele.Services.Helpers.Tests.CurrencyHelperTests" name="FormatToStringTest1000" />
    </UnitTest>
    <UnitTest name="FormatToStringTest1000 (18490.912787030877,18490.91 zł)" storage="c:\projekty\mstestproject\bin\debug\netcoreapp3.1\mstestproject.dll" id="3afc5ec1-089f-461f-855a-dc503d03ec96">
      <TestCategory>
        <TestCategoryItem TestCategory="Category1000" />
      </TestCategory>
      <Execution id="5d57be99-cd2b-4d3e-9fa2-afe2fddfd10b" />
      <TestMethod codeBase="C:\Projekty\MSTestProject\bin\Debug\netcoreapp3.1\MSTestProject.dll" adapterTypeName="executor://mstestadapter/v2" className="TwojeWesele.Services.Helpers.Tests.CurrencyHelperTests" name="FormatToStringTest1000" />
    </UnitTest>
    <UnitTest name="FormatToStringTest1000 (27751.474436297303,27751.47 zł)" storage="c:\projekty\mstestproject\bin\debug\netcoreapp3.1\mstestproject.dll" id="41e69a69-6a95-4073-8148-783bdb8bd98e">
      <TestCategory>
        <TestCategoryItem TestCategory="Category1000" />
      </TestCategory>
      <Execution id="ce4060d8-c333-4b8e-8bcc-9d0c9798c1d9" />
      <TestMethod codeBase="C:\Projekty\MSTestProject\bin\Debug\netcoreapp3.1\MSTestProject.dll" adapterTypeName="executor://mstestadapter/v2" className="TwojeWesele.Services.Helpers.Tests.CurrencyHelperTests" name="FormatToStringTest1000" />
    </UnitTest>
    <UnitTest name="FormatToStringTest1000 (27893.312729890138,27893.31 zł)" storage="c:\projekty\mstestproject\bin\debug\netcoreapp3.1\mstestproject.dll" id="abd6b416-91cb-4322-81c1-f88a7abbc796">
      <TestCategory>
        <TestCategoryItem TestCategory="Category1000" />
      </TestCategory>
      <Execution id="8d38ab00-ca92-41a8-a431-da22b18ed2dd" />
      <TestMethod codeBase="C:\Projekty\MSTestProject\bin\Debug\netcoreapp3.1\MSTestProject.dll" adapterTypeName="executor://mstestadapter/v2" className="TwojeWesele.Services.Helpers.Tests.CurrencyHelperTests" name="FormatToStringTest1000" />
    </UnitTest>
    <UnitTest name="FormatToStringTest1000 (9503.466049463705,9503.47 zł)" storage="c:\projekty\mstestproject\bin\debug\netcoreapp3.1\mstestproject.dll" id="dff83b3c-3cfb-42db-aa7e-fbfff69ad7b6">
      <TestCategory>
        <TestCategoryItem TestCategory="Category1000" />
      </TestCategory>
      <Execution id="dcfb8c4a-a49e-408c-b31d-9e24db89a774" />
      <TestMethod codeBase="C:\Projekty\MSTestProject\bin\Debug\netcoreapp3.1\MSTestProject.dll" adapterTypeName="executor://mstestadapter/v2" className="TwojeWesele.Services.Helpers.Tests.CurrencyHelperTests" name="FormatToStringTest1000" />
    </UnitTest>
    <UnitTest name="FormatToStringTest1000 (33206.73122987837,33206.73 zł)" storage="c:\projekty\mstestproject\bin\debug\netcoreapp3.1\mstestproject.dll" id="b6cc8699-30a6-4677-bc82-252f7163a536">
      <TestCategory>
        <TestCategoryItem TestCategory="Category1000" />
      </TestCategory>
      <Execution id="908c083b-1042-49f5-aa6a-daf45317d7c2" />
      <TestMethod codeBase="C:\Projekty\MSTestProject\bin\Debug\netcoreapp3.1\MSTestProject.dll" adapterTypeName="executor://mstestadapter/v2" className="TwojeWesele.Services.Helpers.Tests.CurrencyHelperTests" name="FormatToStringTest1000" />
    </UnitTest>
    <UnitTest name="FormatToStringTest1000 (60323.066780431225,60323.07 zł)" storage="c:\projekty\mstestproject\bin\debug\netcoreapp3.1\mstestproject.dll" id="40d94632-457d-4816-99a9-ed1d1c8339b5">
      <TestCategory>
        <TestCategoryItem TestCategory="Category1000" />
      </TestCategory>
      <Execution id="76a6969e-bda7-4585-9c95-d57558546fe7" />
      <TestMethod codeBase="C:\Projekty\MSTestProject\bin\Debug\netcoreapp3.1\MSTestProject.dll" adapterTypeName="executor://mstestadapter/v2" className="TwojeWesele.Services.Helpers.Tests.CurrencyHelperTests" name="FormatToStringTest1000" />
    </UnitTest>
    <UnitTest name="FormatToStringTest1000 (9994.9471861026,9994.95 zł)" storage="c:\projekty\mstestproject\bin\debug\netcoreapp3.1\mstestproject.dll" id="9f819303-dffc-4c55-a0f2-a47b740ede96">
      <TestCategory>
        <TestCategoryItem TestCategory="Category1000" />
      </TestCategory>
      <Execution id="62b890af-ec18-445e-90ec-cbf4876cb9f3" />
      <TestMethod codeBase="C:\Projekty\MSTestProject\bin\Debug\netcoreapp3.1\MSTestProject.dll" adapterTypeName="executor://mstestadapter/v2" className="TwojeWesele.Services.Helpers.Tests.CurrencyHelperTests" name="FormatToStringTest1000" />
    </UnitTest>
    <UnitTest name="FormatToStringTest1000 (4025.728369236797,4025.73 zł)" storage="c:\projekty\mstestproject\bin\debug\netcoreapp3.1\mstestproject.dll" id="fdef418e-b8f6-46c4-ad9d-45cf77c123d4">
      <TestCategory>
        <TestCategoryItem TestCategory="Category1000" />
      </TestCategory>
      <Execution id="01c4dec2-2117-4ba1-87ad-6b3bc20713a8" />
      <TestMethod codeBase="C:\Projekty\MSTestProject\bin\Debug\netcoreapp3.1\MSTestProject.dll" adapterTypeName="executor://mstestadapter/v2" className="TwojeWesele.Services.Helpers.Tests.CurrencyHelperTests" name="FormatToStringTest1000" />
    </UnitTest>
    <UnitTest name="FormatToStringTest1000 (26215.613055301183,26215.61 zł)" storage="c:\projekty\mstestproject\bin\debug\netcoreapp3.1\mstestproject.dll" id="3a662620-6307-4d78-9a03-5d9a8575ec2c">
      <TestCategory>
        <TestCategoryItem TestCategory="Category1000" />
      </TestCategory>
      <Execution id="454deb9f-6b34-4d0d-b44d-1faadfbe24d2" />
      <TestMethod codeBase="C:\Projekty\MSTestProject\bin\Debug\netcoreapp3.1\MSTestProject.dll" adapterTypeName="executor://mstestadapter/v2" className="TwojeWesele.Services.Helpers.Tests.CurrencyHelperTests" name="FormatToStringTest1000" />
    </UnitTest>
    <UnitTest name="FormatToStringTest1000 (15396.537902579894,15396.54 zł)" storage="c:\projekty\mstestproject\bin\debug\netcoreapp3.1\mstestproject.dll" id="f832a3ad-c3db-45cd-ae2f-2b3eba68e1e8">
      <TestCategory>
        <TestCategoryItem TestCategory="Category1000" />
      </TestCategory>
      <Execution id="94162e80-9c83-4985-8976-053077cdc8a4" />
      <TestMethod codeBase="C:\Projekty\MSTestProject\bin\Debug\netcoreapp3.1\MSTestProject.dll" adapterTypeName="executor://mstestadapter/v2" className="TwojeWesele.Services.Helpers.Tests.CurrencyHelperTests" name="FormatToStringTest1000" />
    </UnitTest>
    <UnitTest name="FormatToStringTest1000 (4614.673205890541,4614.67 zł)" storage="c:\projekty\mstestproject\bin\debug\netcoreapp3.1\mstestproject.dll" id="5f86b68b-221c-4151-bb3f-9dd7d5fb546b">
      <TestCategory>
        <TestCategoryItem TestCategory="Category1000" />
      </TestCategory>
      <Execution id="fe13ca6f-9600-47e0-9c79-68f7dc4682c3" />
      <TestMethod codeBase="C:\Projekty\MSTestProject\bin\Debug\netcoreapp3.1\MSTestProject.dll" adapterTypeName="executor://mstestadapter/v2" className="TwojeWesele.Services.Helpers.Tests.CurrencyHelperTests" name="FormatToStringTest1000" />
    </UnitTest>
    <UnitTest name="FormatToStringTest1000 (80609.94377465078,80609.94 zł)" storage="c:\projekty\mstestproject\bin\debug\netcoreapp3.1\mstestproject.dll" id="e0869fef-d50b-463c-91b4-87a6601784ec">
      <TestCategory>
        <TestCategoryItem TestCategory="Category1000" />
      </TestCategory>
      <Execution id="5e0fe29c-2d03-4f6e-b700-b158cd9a7fcc" />
      <TestMethod codeBase="C:\Projekty\MSTestProject\bin\Debug\netcoreapp3.1\MSTestProject.dll" adapterTypeName="executor://mstestadapter/v2" className="TwojeWesele.Services.Helpers.Tests.CurrencyHelperTests" name="FormatToStringTest1000" />
    </UnitTest>
    <UnitTest name="FormatToStringTest1000 (1751.1734380625066,1751.17 zł)" storage="c:\projekty\mstestproject\bin\debug\netcoreapp3.1\mstestproject.dll" id="82f7a44b-1611-4313-b9c4-90bff99134fb">
      <TestCategory>
        <TestCategoryItem TestCategory="Category1000" />
      </TestCategory>
      <Execution id="0480d4d1-6f56-4c1a-a72f-f69099357332" />
      <TestMethod codeBase="C:\Projekty\MSTestProject\bin\Debug\netcoreapp3.1\MSTestProject.dll" adapterTypeName="executor://mstestadapter/v2" className="TwojeWesele.Services.Helpers.Tests.CurrencyHelperTests" name="FormatToStringTest1000" />
    </UnitTest>
    <UnitTest name="FormatToStringTest1000 (48654.65723134794,48654.66 zł)" storage="c:\projekty\mstestproject\bin\debug\netcoreapp3.1\mstestproject.dll" id="01583e7f-8bc3-41d8-8cf2-f37df7c4feda">
      <TestCategory>
        <TestCategoryItem TestCategory="Category1000" />
      </TestCategory>
      <Execution id="abd16d5b-578c-4846-8be9-496f0e3246de" />
      <TestMethod codeBase="C:\Projekty\MSTestProject\bin\Debug\netcoreapp3.1\MSTestProject.dll" adapterTypeName="executor://mstestadapter/v2" className="TwojeWesele.Services.Helpers.Tests.CurrencyHelperTests" name="FormatToStringTest1000" />
    </UnitTest>
    <UnitTest name="FormatToStringTest1000 (11829.625994884234,11829.63 zł)" storage="c:\projekty\mstestproject\bin\debug\netcoreapp3.1\mstestproject.dll" id="6cb560da-0650-40ed-aef6-c8612e7172de">
      <TestCategory>
        <TestCategoryItem TestCategory="Category1000" />
      </TestCategory>
      <Execution id="ddd1bead-719f-47d2-87f0-b5e6eda67a16" />
      <TestMethod codeBase="C:\Projekty\MSTestProject\bin\Debug\netcoreapp3.1\MSTestProject.dll" adapterTypeName="executor://mstestadapter/v2" className="TwojeWesele.Services.Helpers.Tests.CurrencyHelperTests" name="FormatToStringTest1000" />
    </UnitTest>
    <UnitTest name="FormatToStringTest1000 (7671.0039663785155,7671.00 zł)" storage="c:\projekty\mstestproject\bin\debug\netcoreapp3.1\mstestproject.dll" id="78fa336f-792a-43f8-acba-6d191e224da3">
      <TestCategory>
        <TestCategoryItem TestCategory="Category1000" />
      </TestCategory>
      <Execution id="63789266-adb4-4f2c-a918-92c492c33997" />
      <TestMethod codeBase="C:\Projekty\MSTestProject\bin\Debug\netcoreapp3.1\MSTestProject.dll" adapterTypeName="executor://mstestadapter/v2" className="TwojeWesele.Services.Helpers.Tests.CurrencyHelperTests" name="FormatToStringTest1000" />
    </UnitTest>
    <UnitTest name="FormatToStringTest1000 (56802.303118930344,56802.30 zł)" storage="c:\projekty\mstestproject\bin\debug\netcoreapp3.1\mstestproject.dll" id="13ff460b-2557-4cf0-93eb-fe073b28fadf">
      <TestCategory>
        <TestCategoryItem TestCategory="Category1000" />
      </TestCategory>
      <Execution id="684e7031-2d09-44f4-a402-78c338638477" />
      <TestMethod codeBase="C:\Projekty\MSTestProject\bin\Debug\netcoreapp3.1\MSTestProject.dll" adapterTypeName="executor://mstestadapter/v2" className="TwojeWesele.Services.Helpers.Tests.CurrencyHelperTests" name="FormatToStringTest1000" />
    </UnitTest>
    <UnitTest name="FormatToStringTest1000 (11796.576829059317,11796.58 zł)" storage="c:\projekty\mstestproject\bin\debug\netcoreapp3.1\mstestproject.dll" id="7bd2360e-313a-49f9-a30e-2a890085e446">
      <TestCategory>
        <TestCategoryItem TestCategory="Category1000" />
      </TestCategory>
      <Execution id="b69dbbaf-5812-4d05-a558-7db6fffabaf5" />
      <TestMethod codeBase="C:\Projekty\MSTestProject\bin\Debug\netcoreapp3.1\MSTestProject.dll" adapterTypeName="executor://mstestadapter/v2" className="TwojeWesele.Services.Helpers.Tests.CurrencyHelperTests" name="FormatToStringTest1000" />
    </UnitTest>
    <UnitTest name="FormatToStringTest1000 (21893.78889296939,21893.79 zł)" storage="c:\projekty\mstestproject\bin\debug\netcoreapp3.1\mstestproject.dll" id="baa53fb9-1d27-49a4-94fe-026b35fea906">
      <TestCategory>
        <TestCategoryItem TestCategory="Category1000" />
      </TestCategory>
      <Execution id="c202ae01-21ea-479d-99ae-b69f65b460c7" />
      <TestMethod codeBase="C:\Projekty\MSTestProject\bin\Debug\netcoreapp3.1\MSTestProject.dll" adapterTypeName="executor://mstestadapter/v2" className="TwojeWesele.Services.Helpers.Tests.CurrencyHelperTests" name="FormatToStringTest1000" />
    </UnitTest>
    <UnitTest name="FormatToStringTest1000 (26858.35647848731,26858.36 zł)" storage="c:\projekty\mstestproject\bin\debug\netcoreapp3.1\mstestproject.dll" id="75fe441b-5f02-45e7-b4e7-bd07ef700738">
      <TestCategory>
        <TestCategoryItem TestCategory="Category1000" />
      </TestCategory>
      <Execution id="655ce113-bd77-4ad6-97a5-05a89017ff1c" />
      <TestMethod codeBase="C:\Projekty\MSTestProject\bin\Debug\netcoreapp3.1\MSTestProject.dll" adapterTypeName="executor://mstestadapter/v2" className="TwojeWesele.Services.Helpers.Tests.CurrencyHelperTests" name="FormatToStringTest1000" />
    </UnitTest>
    <UnitTest name="FormatToStringTest1000 (16129.507288814293,16129.51 zł)" storage="c:\projekty\mstestproject\bin\debug\netcoreapp3.1\mstestproject.dll" id="c5e436ef-905f-43ff-b155-14079a086f63">
      <TestCategory>
        <TestCategoryItem TestCategory="Category1000" />
      </TestCategory>
      <Execution id="e1d11d9d-6a5f-43a3-a507-bc860055f856" />
      <TestMethod codeBase="C:\Projekty\MSTestProject\bin\Debug\netcoreapp3.1\MSTestProject.dll" adapterTypeName="executor://mstestadapter/v2" className="TwojeWesele.Services.Helpers.Tests.CurrencyHelperTests" name="FormatToStringTest1000" />
    </UnitTest>
    <UnitTest name="FormatToStringTest1000 (24825.207513729205,24825.21 zł)" storage="c:\projekty\mstestproject\bin\debug\netcoreapp3.1\mstestproject.dll" id="f62f0ba8-00d8-425e-8139-bf1005d869da">
      <TestCategory>
        <TestCategoryItem TestCategory="Category1000" />
      </TestCategory>
      <Execution id="29967cd6-e7fd-4640-898c-181822733811" />
      <TestMethod codeBase="C:\Projekty\MSTestProject\bin\Debug\netcoreapp3.1\MSTestProject.dll" adapterTypeName="executor://mstestadapter/v2" className="TwojeWesele.Services.Helpers.Tests.CurrencyHelperTests" name="FormatToStringTest1000" />
    </UnitTest>
    <UnitTest name="FormatToStringTest1000 (40889.35187774214,40889.35 zł)" storage="c:\projekty\mstestproject\bin\debug\netcoreapp3.1\mstestproject.dll" id="d0249385-378c-4864-8ef3-7de4458f74ed">
      <TestCategory>
        <TestCategoryItem TestCategory="Category1000" />
      </TestCategory>
      <Execution id="794c1470-3cfc-4048-a32a-28179bb0d806" />
      <TestMethod codeBase="C:\Projekty\MSTestProject\bin\Debug\netcoreapp3.1\MSTestProject.dll" adapterTypeName="executor://mstestadapter/v2" className="TwojeWesele.Services.Helpers.Tests.CurrencyHelperTests" name="FormatToStringTest1000" />
    </UnitTest>
    <UnitTest name="FormatToStringTest1000 (4919.073526169674,4919.07 zł)" storage="c:\projekty\mstestproject\bin\debug\netcoreapp3.1\mstestproject.dll" id="49d5ef97-22b4-4fba-b783-237ed0622b0c">
      <TestCategory>
        <TestCategoryItem TestCategory="Category1000" />
      </TestCategory>
      <Execution id="11a9da72-34c8-44b6-8807-2385caa8c45b" />
      <TestMethod codeBase="C:\Projekty\MSTestProject\bin\Debug\netcoreapp3.1\MSTestProject.dll" adapterTypeName="executor://mstestadapter/v2" className="TwojeWesele.Services.Helpers.Tests.CurrencyHelperTests" name="FormatToStringTest1000" />
    </UnitTest>
    <UnitTest name="FormatToStringTest1000 (2292.8331871111104,2292.83 zł)" storage="c:\projekty\mstestproject\bin\debug\netcoreapp3.1\mstestproject.dll" id="91ef3155-4fec-44f8-b20b-88c95d45ffa5">
      <TestCategory>
        <TestCategoryItem TestCategory="Category1000" />
      </TestCategory>
      <Execution id="5681b6a9-89cd-4711-93f5-9effa46cfd22" />
      <TestMethod codeBase="C:\Projekty\MSTestProject\bin\Debug\netcoreapp3.1\MSTestProject.dll" adapterTypeName="executor://mstestadapter/v2" className="TwojeWesele.Services.Helpers.Tests.CurrencyHelperTests" name="FormatToStringTest1000" />
    </UnitTest>
    <UnitTest name="FormatToStringTest1000 (675.4589376107133,675.46 zł)" storage="c:\projekty\mstestproject\bin\debug\netcoreapp3.1\mstestproject.dll" id="adbc1a7a-ca94-4150-90a0-1f616b423b98">
      <TestCategory>
        <TestCategoryItem TestCategory="Category1000" />
      </TestCategory>
      <Execution id="cfeac924-b8ea-4b70-ac8e-ea9611956ecf" />
      <TestMethod codeBase="C:\Projekty\MSTestProject\bin\Debug\netcoreapp3.1\MSTestProject.dll" adapterTypeName="executor://mstestadapter/v2" className="TwojeWesele.Services.Helpers.Tests.CurrencyHelperTests" name="FormatToStringTest1000" />
    </UnitTest>
    <UnitTest name="FormatToStringTest1000 (15624.452361264477,15624.45 zł)" storage="c:\projekty\mstestproject\bin\debug\netcoreapp3.1\mstestproject.dll" id="8de363eb-8129-4f32-a321-6c692bfe5684">
      <TestCategory>
        <TestCategoryItem TestCategory="Category1000" />
      </TestCategory>
      <Execution id="59340098-5821-4521-b007-0ac69fc869e2" />
      <TestMethod codeBase="C:\Projekty\MSTestProject\bin\Debug\netcoreapp3.1\MSTestProject.dll" adapterTypeName="executor://mstestadapter/v2" className="TwojeWesele.Services.Helpers.Tests.CurrencyHelperTests" name="FormatToStringTest1000" />
    </UnitTest>
    <UnitTest name="FormatToStringTest1000 (32863.31705269558,32863.32 zł)" storage="c:\projekty\mstestproject\bin\debug\netcoreapp3.1\mstestproject.dll" id="246f3049-0885-43a1-91d2-99f865450d27">
      <TestCategory>
        <TestCategoryItem TestCategory="Category1000" />
      </TestCategory>
      <Execution id="5f05a8ac-fc97-4753-b3dd-ae2931c4375f" />
      <TestMethod codeBase="C:\Projekty\MSTestProject\bin\Debug\netcoreapp3.1\MSTestProject.dll" adapterTypeName="executor://mstestadapter/v2" className="TwojeWesele.Services.Helpers.Tests.CurrencyHelperTests" name="FormatToStringTest1000" />
    </UnitTest>
    <UnitTest name="FormatToStringTest1000 (9517.514896326473,9517.51 zł)" storage="c:\projekty\mstestproject\bin\debug\netcoreapp3.1\mstestproject.dll" id="286a7db6-3f81-48f3-a912-9e710e2c8398">
      <TestCategory>
        <TestCategoryItem TestCategory="Category1000" />
      </TestCategory>
      <Execution id="5823e896-1f7b-4fb6-8f38-edf01cebe9ef" />
      <TestMethod codeBase="C:\Projekty\MSTestProject\bin\Debug\netcoreapp3.1\MSTestProject.dll" adapterTypeName="executor://mstestadapter/v2" className="TwojeWesele.Services.Helpers.Tests.CurrencyHelperTests" name="FormatToStringTest1000" />
    </UnitTest>
    <UnitTest name="FormatToStringTest1000 (3799.9216302064815,3799.92 zł)" storage="c:\projekty\mstestproject\bin\debug\netcoreapp3.1\mstestproject.dll" id="88a3c0ff-9435-4788-819e-983e79fcd6a6">
      <TestCategory>
        <TestCategoryItem TestCategory="Category1000" />
      </TestCategory>
      <Execution id="7eb84252-2ca8-42e7-a3c9-a065a1f97464" />
      <TestMethod codeBase="C:\Projekty\MSTestProject\bin\Debug\netcoreapp3.1\MSTestProject.dll" adapterTypeName="executor://mstestadapter/v2" className="TwojeWesele.Services.Helpers.Tests.CurrencyHelperTests" name="FormatToStringTest1000" />
    </UnitTest>
    <UnitTest name="FormatToStringTest1000 (6170.939441211959,6170.94 zł)" storage="c:\projekty\mstestproject\bin\debug\netcoreapp3.1\mstestproject.dll" id="70962866-2f26-4ae4-ae29-e4247f729b23">
      <TestCategory>
        <TestCategoryItem TestCategory="Category1000" />
      </TestCategory>
      <Execution id="87c1528a-8fbd-4067-aa01-9358f9a9cd05" />
      <TestMethod codeBase="C:\Projekty\MSTestProject\bin\Debug\netcoreapp3.1\MSTestProject.dll" adapterTypeName="executor://mstestadapter/v2" className="TwojeWesele.Services.Helpers.Tests.CurrencyHelperTests" name="FormatToStringTest1000" />
    </UnitTest>
    <UnitTest name="FormatToStringTest1000 (36651.05802063414,36651.06 zł)" storage="c:\projekty\mstestproject\bin\debug\netcoreapp3.1\mstestproject.dll" id="74ad2bd7-f0f3-4113-88c3-3355575a66aa">
      <TestCategory>
        <TestCategoryItem TestCategory="Category1000" />
      </TestCategory>
      <Execution id="4df1c6e1-1d77-4cb8-9a3b-5686c5de3f50" />
      <TestMethod codeBase="C:\Projekty\MSTestProject\bin\Debug\netcoreapp3.1\MSTestProject.dll" adapterTypeName="executor://mstestadapter/v2" className="TwojeWesele.Services.Helpers.Tests.CurrencyHelperTests" name="FormatToStringTest1000" />
    </UnitTest>
    <UnitTest name="FormatToStringTest1000 (26515.80237687929,26515.80 zł)" storage="c:\projekty\mstestproject\bin\debug\netcoreapp3.1\mstestproject.dll" id="ede27801-7a8c-445c-8708-ae941a756600">
      <TestCategory>
        <TestCategoryItem TestCategory="Category1000" />
      </TestCategory>
      <Execution id="e0bce663-3a15-4628-b98b-305082ba0ec5" />
      <TestMethod codeBase="C:\Projekty\MSTestProject\bin\Debug\netcoreapp3.1\MSTestProject.dll" adapterTypeName="executor://mstestadapter/v2" className="TwojeWesele.Services.Helpers.Tests.CurrencyHelperTests" name="FormatToStringTest1000" />
    </UnitTest>
    <UnitTest name="FormatToStringTest1000 (7370.518277515898,7370.52 zł)" storage="c:\projekty\mstestproject\bin\debug\netcoreapp3.1\mstestproject.dll" id="451ccafe-ff5f-4c5d-91d1-b67540243f4d">
      <TestCategory>
        <TestCategoryItem TestCategory="Category1000" />
      </TestCategory>
      <Execution id="012c59aa-db46-45b1-9a6b-7bf748a6950c" />
      <TestMethod codeBase="C:\Projekty\MSTestProject\bin\Debug\netcoreapp3.1\MSTestProject.dll" adapterTypeName="executor://mstestadapter/v2" className="TwojeWesele.Services.Helpers.Tests.CurrencyHelperTests" name="FormatToStringTest1000" />
    </UnitTest>
    <UnitTest name="FormatToStringTest1000 (27187.549022783314,27187.55 zł)" storage="c:\projekty\mstestproject\bin\debug\netcoreapp3.1\mstestproject.dll" id="fbe35323-c717-4015-83b7-e8165ccc1fa1">
      <TestCategory>
        <TestCategoryItem TestCategory="Category1000" />
      </TestCategory>
      <Execution id="7b16eac1-a7cc-4b86-9073-0f53968b8688" />
      <TestMethod codeBase="C:\Projekty\MSTestProject\bin\Debug\netcoreapp3.1\MSTestProject.dll" adapterTypeName="executor://mstestadapter/v2" className="TwojeWesele.Services.Helpers.Tests.CurrencyHelperTests" name="FormatToStringTest1000" />
    </UnitTest>
    <UnitTest name="FormatToStringTest1000 (22367.991005544547,22367.99 zł)" storage="c:\projekty\mstestproject\bin\debug\netcoreapp3.1\mstestproject.dll" id="afa66f9f-6306-46d8-9936-535e2dc7455c">
      <TestCategory>
        <TestCategoryItem TestCategory="Category1000" />
      </TestCategory>
      <Execution id="87583ac5-0ebb-4140-bfa0-94968f64b611" />
      <TestMethod codeBase="C:\Projekty\MSTestProject\bin\Debug\netcoreapp3.1\MSTestProject.dll" adapterTypeName="executor://mstestadapter/v2" className="TwojeWesele.Services.Helpers.Tests.CurrencyHelperTests" name="FormatToStringTest1000" />
    </UnitTest>
    <UnitTest name="FormatToStringTest1000 (2883.637133003975,2883.64 zł)" storage="c:\projekty\mstestproject\bin\debug\netcoreapp3.1\mstestproject.dll" id="4cd22eaf-c539-4f50-8481-14bc9d651bb9">
      <TestCategory>
        <TestCategoryItem TestCategory="Category1000" />
      </TestCategory>
      <Execution id="39203892-40df-414c-94d1-ceabd1d58e9b" />
      <TestMethod codeBase="C:\Projekty\MSTestProject\bin\Debug\netcoreapp3.1\MSTestProject.dll" adapterTypeName="executor://mstestadapter/v2" className="TwojeWesele.Services.Helpers.Tests.CurrencyHelperTests" name="FormatToStringTest1000" />
    </UnitTest>
    <UnitTest name="FormatToStringTest1000 (964.9678631783313,964.97 zł)" storage="c:\projekty\mstestproject\bin\debug\netcoreapp3.1\mstestproject.dll" id="3293e391-8716-4ae8-b494-84500ea0729b">
      <TestCategory>
        <TestCategoryItem TestCategory="Category1000" />
      </TestCategory>
      <Execution id="9fbcdc7a-ee8f-4d93-838d-a7c0856f83a1" />
      <TestMethod codeBase="C:\Projekty\MSTestProject\bin\Debug\netcoreapp3.1\MSTestProject.dll" adapterTypeName="executor://mstestadapter/v2" className="TwojeWesele.Services.Helpers.Tests.CurrencyHelperTests" name="FormatToStringTest1000" />
    </UnitTest>
    <UnitTest name="FormatToStringTest1000 (31340.79231238914,31340.79 zł)" storage="c:\projekty\mstestproject\bin\debug\netcoreapp3.1\mstestproject.dll" id="b4b7f55f-ea0e-45d1-b701-3952b2a424a0">
      <TestCategory>
        <TestCategoryItem TestCategory="Category1000" />
      </TestCategory>
      <Execution id="d116c706-c161-4dd2-8989-4a0d7e18b82e" />
      <TestMethod codeBase="C:\Projekty\MSTestProject\bin\Debug\netcoreapp3.1\MSTestProject.dll" adapterTypeName="executor://mstestadapter/v2" className="TwojeWesele.Services.Helpers.Tests.CurrencyHelperTests" name="FormatToStringTest1000" />
    </UnitTest>
    <UnitTest name="FormatToStringTest1000 (25908.345463821825,25908.35 zł)" storage="c:\projekty\mstestproject\bin\debug\netcoreapp3.1\mstestproject.dll" id="d8080937-d5e9-4f81-a4e9-2125df3389b2">
      <TestCategory>
        <TestCategoryItem TestCategory="Category1000" />
      </TestCategory>
      <Execution id="9e0a3b72-700e-4d23-a230-866b3f48328b" />
      <TestMethod codeBase="C:\Projekty\MSTestProject\bin\Debug\netcoreapp3.1\MSTestProject.dll" adapterTypeName="executor://mstestadapter/v2" className="TwojeWesele.Services.Helpers.Tests.CurrencyHelperTests" name="FormatToStringTest1000" />
    </UnitTest>
    <UnitTest name="FormatToStringTest1000 (44065.726815678056,44065.73 zł)" storage="c:\projekty\mstestproject\bin\debug\netcoreapp3.1\mstestproject.dll" id="713c8665-6dce-4640-a48f-c5d88053a7af">
      <TestCategory>
        <TestCategoryItem TestCategory="Category1000" />
      </TestCategory>
      <Execution id="44477418-fd01-4ce8-9a3e-f396950143cc" />
      <TestMethod codeBase="C:\Projekty\MSTestProject\bin\Debug\netcoreapp3.1\MSTestProject.dll" adapterTypeName="executor://mstestadapter/v2" className="TwojeWesele.Services.Helpers.Tests.CurrencyHelperTests" name="FormatToStringTest1000" />
    </UnitTest>
    <UnitTest name="FormatToStringTest1000 (16388.556189478633,16388.56 zł)" storage="c:\projekty\mstestproject\bin\debug\netcoreapp3.1\mstestproject.dll" id="80eb4a87-0b2a-435a-8ac2-4defeef7a240">
      <TestCategory>
        <TestCategoryItem TestCategory="Category1000" />
      </TestCategory>
      <Execution id="fdec2f64-c707-4bd3-98b7-de189187745b" />
      <TestMethod codeBase="C:\Projekty\MSTestProject\bin\Debug\netcoreapp3.1\MSTestProject.dll" adapterTypeName="executor://mstestadapter/v2" className="TwojeWesele.Services.Helpers.Tests.CurrencyHelperTests" name="FormatToStringTest1000" />
    </UnitTest>
    <UnitTest name="FormatToStringTest1000 (25084.19182667238,25084.19 zł)" storage="c:\projekty\mstestproject\bin\debug\netcoreapp3.1\mstestproject.dll" id="9ef888bf-35d7-44e2-b6c2-2b7f6e8926ae">
      <TestCategory>
        <TestCategoryItem TestCategory="Category1000" />
      </TestCategory>
      <Execution id="11282d7e-8c1a-4ce7-8d75-f0c9898bb87f" />
      <TestMethod codeBase="C:\Projekty\MSTestProject\bin\Debug\netcoreapp3.1\MSTestProject.dll" adapterTypeName="executor://mstestadapter/v2" className="TwojeWesele.Services.Helpers.Tests.CurrencyHelperTests" name="FormatToStringTest1000" />
    </UnitTest>
    <UnitTest name="FormatToStringTest1000 (28033.439084134738,28033.44 zł)" storage="c:\projekty\mstestproject\bin\debug\netcoreapp3.1\mstestproject.dll" id="af61f99f-a913-485c-b3eb-66e9f57fb41c">
      <TestCategory>
        <TestCategoryItem TestCategory="Category1000" />
      </TestCategory>
      <Execution id="4bc32072-0d55-4f5f-9dfc-c17238064213" />
      <TestMethod codeBase="C:\Projekty\MSTestProject\bin\Debug\netcoreapp3.1\MSTestProject.dll" adapterTypeName="executor://mstestadapter/v2" className="TwojeWesele.Services.Helpers.Tests.CurrencyHelperTests" name="FormatToStringTest1000" />
    </UnitTest>
    <UnitTest name="FormatToStringTest1000 (1963.0091662979728,1963.01 zł)" storage="c:\projekty\mstestproject\bin\debug\netcoreapp3.1\mstestproject.dll" id="4cb2ecc7-443b-42b5-b4e2-89bcffb20a0a">
      <TestCategory>
        <TestCategoryItem TestCategory="Category1000" />
      </TestCategory>
      <Execution id="a952943c-bd47-437d-bc7e-d8da91c692cb" />
      <TestMethod codeBase="C:\Projekty\MSTestProject\bin\Debug\netcoreapp3.1\MSTestProject.dll" adapterTypeName="executor://mstestadapter/v2" className="TwojeWesele.Services.Helpers.Tests.CurrencyHelperTests" name="FormatToStringTest1000" />
    </UnitTest>
    <UnitTest name="FormatToStringTest1000 (95071.15957335343,95071.16 zł)" storage="c:\projekty\mstestproject\bin\debug\netcoreapp3.1\mstestproject.dll" id="f3d859ff-478d-4b36-b81a-5208cb5c80cb">
      <TestCategory>
        <TestCategoryItem TestCategory="Category1000" />
      </TestCategory>
      <Execution id="82be5f4a-a5b1-4978-ad27-d6aae8fc4f78" />
      <TestMethod codeBase="C:\Projekty\MSTestProject\bin\Debug\netcoreapp3.1\MSTestProject.dll" adapterTypeName="executor://mstestadapter/v2" className="TwojeWesele.Services.Helpers.Tests.CurrencyHelperTests" name="FormatToStringTest1000" />
    </UnitTest>
    <UnitTest name="FormatToStringTest1000 (22666.13578912995,22666.14 zł)" storage="c:\projekty\mstestproject\bin\debug\netcoreapp3.1\mstestproject.dll" id="0227337b-2bf1-47e2-a882-d2e507b7d12a">
      <TestCategory>
        <TestCategoryItem TestCategory="Category1000" />
      </TestCategory>
      <Execution id="98d22ee0-face-4b20-9107-d482a8d1d00d" />
      <TestMethod codeBase="C:\Projekty\MSTestProject\bin\Debug\netcoreapp3.1\MSTestProject.dll" adapterTypeName="executor://mstestadapter/v2" className="TwojeWesele.Services.Helpers.Tests.CurrencyHelperTests" name="FormatToStringTest1000" />
    </UnitTest>
    <UnitTest name="FormatToStringTest1000 (18023.78504577455,18023.79 zł)" storage="c:\projekty\mstestproject\bin\debug\netcoreapp3.1\mstestproject.dll" id="5c67f8c9-81ca-463b-bb9c-6ccbbea9b291">
      <TestCategory>
        <TestCategoryItem TestCategory="Category1000" />
      </TestCategory>
      <Execution id="a7434908-1f9f-4d57-bad1-a3b3a54e1012" />
      <TestMethod codeBase="C:\Projekty\MSTestProject\bin\Debug\netcoreapp3.1\MSTestProject.dll" adapterTypeName="executor://mstestadapter/v2" className="TwojeWesele.Services.Helpers.Tests.CurrencyHelperTests" name="FormatToStringTest1000" />
    </UnitTest>
    <UnitTest name="FormatToStringTest1000 (17232.486162219426,17232.49 zł)" storage="c:\projekty\mstestproject\bin\debug\netcoreapp3.1\mstestproject.dll" id="dd61fa16-2c32-4196-9d2c-4c01be02f62b">
      <TestCategory>
        <TestCategoryItem TestCategory="Category1000" />
      </TestCategory>
      <Execution id="a091ed68-ee69-4130-a2fc-b3cf9b1e534e" />
      <TestMethod codeBase="C:\Projekty\MSTestProject\bin\Debug\netcoreapp3.1\MSTestProject.dll" adapterTypeName="executor://mstestadapter/v2" className="TwojeWesele.Services.Helpers.Tests.CurrencyHelperTests" name="FormatToStringTest1000" />
    </UnitTest>
    <UnitTest name="FormatToStringTest1000 (37114.901517336206,37114.90 zł)" storage="c:\projekty\mstestproject\bin\debug\netcoreapp3.1\mstestproject.dll" id="5ca98c08-53c4-46fe-a364-4bbc0bd43017">
      <TestCategory>
        <TestCategoryItem TestCategory="Category1000" />
      </TestCategory>
      <Execution id="809336a3-d64d-44ed-97e4-8e02a901c31e" />
      <TestMethod codeBase="C:\Projekty\MSTestProject\bin\Debug\netcoreapp3.1\MSTestProject.dll" adapterTypeName="executor://mstestadapter/v2" className="TwojeWesele.Services.Helpers.Tests.CurrencyHelperTests" name="FormatToStringTest1000" />
    </UnitTest>
    <UnitTest name="FormatToStringTest1000 (17090.629587323234,17090.63 zł)" storage="c:\projekty\mstestproject\bin\debug\netcoreapp3.1\mstestproject.dll" id="89dc4075-41cd-4e3a-8e56-c5ca9b7ef66c">
      <TestCategory>
        <TestCategoryItem TestCategory="Category1000" />
      </TestCategory>
      <Execution id="37c3b0ea-6b46-4760-8caa-f341ad9b5a88" />
      <TestMethod codeBase="C:\Projekty\MSTestProject\bin\Debug\netcoreapp3.1\MSTestProject.dll" adapterTypeName="executor://mstestadapter/v2" className="TwojeWesele.Services.Helpers.Tests.CurrencyHelperTests" name="FormatToStringTest1000" />
    </UnitTest>
    <UnitTest name="FormatToStringTest1000 (21328.29026726507,21328.29 zł)" storage="c:\projekty\mstestproject\bin\debug\netcoreapp3.1\mstestproject.dll" id="94bf65dc-0d99-44e2-982d-a9099131c7fd">
      <TestCategory>
        <TestCategoryItem TestCategory="Category1000" />
      </TestCategory>
      <Execution id="903b9113-fc6d-4e85-93e8-7f2e7cf00eb9" />
      <TestMethod codeBase="C:\Projekty\MSTestProject\bin\Debug\netcoreapp3.1\MSTestProject.dll" adapterTypeName="executor://mstestadapter/v2" className="TwojeWesele.Services.Helpers.Tests.CurrencyHelperTests" name="FormatToStringTest1000" />
    </UnitTest>
    <UnitTest name="FormatToStringTest1000 (45739.569854490255,45739.57 zł)" storage="c:\projekty\mstestproject\bin\debug\netcoreapp3.1\mstestproject.dll" id="49b596a1-8459-4c75-98ba-945f04e46e77">
      <TestCategory>
        <TestCategoryItem TestCategory="Category1000" />
      </TestCategory>
      <Execution id="c19e641f-4078-4069-ba71-ad9015a6eeac" />
      <TestMethod codeBase="C:\Projekty\MSTestProject\bin\Debug\netcoreapp3.1\MSTestProject.dll" adapterTypeName="executor://mstestadapter/v2" className="TwojeWesele.Services.Helpers.Tests.CurrencyHelperTests" name="FormatToStringTest1000" />
    </UnitTest>
    <UnitTest name="FormatToStringTest1000 (48684.26840475959,48684.27 zł)" storage="c:\projekty\mstestproject\bin\debug\netcoreapp3.1\mstestproject.dll" id="95ce6294-5c49-4a19-94e9-5e3bb3f59ef4">
      <TestCategory>
        <TestCategoryItem TestCategory="Category1000" />
      </TestCategory>
      <Execution id="23a8b209-eb63-457d-b7ee-358d2a922028" />
      <TestMethod codeBase="C:\Projekty\MSTestProject\bin\Debug\netcoreapp3.1\MSTestProject.dll" adapterTypeName="executor://mstestadapter/v2" className="TwojeWesele.Services.Helpers.Tests.CurrencyHelperTests" name="FormatToStringTest1000" />
    </UnitTest>
    <UnitTest name="FormatToStringTest1000 (20978.860218282258,20978.86 zł)" storage="c:\projekty\mstestproject\bin\debug\netcoreapp3.1\mstestproject.dll" id="6ef8b99b-7268-42f7-a868-c3b826a50a21">
      <TestCategory>
        <TestCategoryItem TestCategory="Category1000" />
      </TestCategory>
      <Execution id="16bd22c7-e695-4ed3-89f5-2cac766eb485" />
      <TestMethod codeBase="C:\Projekty\MSTestProject\bin\Debug\netcoreapp3.1\MSTestProject.dll" adapterTypeName="executor://mstestadapter/v2" className="TwojeWesele.Services.Helpers.Tests.CurrencyHelperTests" name="FormatToStringTest1000" />
    </UnitTest>
    <UnitTest name="FormatToStringTest1000 (75915.01943546813,75915.02 zł)" storage="c:\projekty\mstestproject\bin\debug\netcoreapp3.1\mstestproject.dll" id="ebf2fc77-01d8-40e4-8d66-9a7fa06d5db7">
      <TestCategory>
        <TestCategoryItem TestCategory="Category1000" />
      </TestCategory>
      <Execution id="a1e7db87-2e49-4773-9437-1baa7f1f4871" />
      <TestMethod codeBase="C:\Projekty\MSTestProject\bin\Debug\netcoreapp3.1\MSTestProject.dll" adapterTypeName="executor://mstestadapter/v2" className="TwojeWesele.Services.Helpers.Tests.CurrencyHelperTests" name="FormatToStringTest1000" />
    </UnitTest>
    <UnitTest name="FormatToStringTest1000 (14480.387652530982,14480.39 zł)" storage="c:\projekty\mstestproject\bin\debug\netcoreapp3.1\mstestproject.dll" id="0a82462f-cfe5-4955-899f-13b44a7dc1ce">
      <TestCategory>
        <TestCategoryItem TestCategory="Category1000" />
      </TestCategory>
      <Execution id="8264e61a-d9ba-4ff1-94b7-bf3caf2357c9" />
      <TestMethod codeBase="C:\Projekty\MSTestProject\bin\Debug\netcoreapp3.1\MSTestProject.dll" adapterTypeName="executor://mstestadapter/v2" className="TwojeWesele.Services.Helpers.Tests.CurrencyHelperTests" name="FormatToStringTest1000" />
    </UnitTest>
    <UnitTest name="FormatToStringTest1000 (79.6815319544084,79.68 zł)" storage="c:\projekty\mstestproject\bin\debug\netcoreapp3.1\mstestproject.dll" id="28cf9bae-e125-4d42-86f7-f99128fac5b2">
      <TestCategory>
        <TestCategoryItem TestCategory="Category1000" />
      </TestCategory>
      <Execution id="97ed366c-7b04-41e7-8ab3-6db0ff973eba" />
      <TestMethod codeBase="C:\Projekty\MSTestProject\bin\Debug\netcoreapp3.1\MSTestProject.dll" adapterTypeName="executor://mstestadapter/v2" className="TwojeWesele.Services.Helpers.Tests.CurrencyHelperTests" name="FormatToStringTest1000" />
    </UnitTest>
    <UnitTest name="FormatToStringTest1000 (8347.417790138823,8347.42 zł)" storage="c:\projekty\mstestproject\bin\debug\netcoreapp3.1\mstestproject.dll" id="bc44c7b9-a3aa-468e-a42f-1716c1ce2228">
      <TestCategory>
        <TestCategoryItem TestCategory="Category1000" />
      </TestCategory>
      <Execution id="1b288dd6-26db-49f9-955e-db86da8b3b9f" />
      <TestMethod codeBase="C:\Projekty\MSTestProject\bin\Debug\netcoreapp3.1\MSTestProject.dll" adapterTypeName="executor://mstestadapter/v2" className="TwojeWesele.Services.Helpers.Tests.CurrencyHelperTests" name="FormatToStringTest1000" />
    </UnitTest>
    <UnitTest name="FormatToStringTest1000 (6057.842750804426,6057.84 zł)" storage="c:\projekty\mstestproject\bin\debug\netcoreapp3.1\mstestproject.dll" id="b1949c69-5f1c-4f06-a08c-7458c6f744c4">
      <TestCategory>
        <TestCategoryItem TestCategory="Category1000" />
      </TestCategory>
      <Execution id="95917158-de1d-4388-bf43-4db2ed97a0a3" />
      <TestMethod codeBase="C:\Projekty\MSTestProject\bin\Debug\netcoreapp3.1\MSTestProject.dll" adapterTypeName="executor://mstestadapter/v2" className="TwojeWesele.Services.Helpers.Tests.CurrencyHelperTests" name="FormatToStringTest1000" />
    </UnitTest>
    <UnitTest name="FormatToStringTest1000 (52858.048916166204,52858.05 zł)" storage="c:\projekty\mstestproject\bin\debug\netcoreapp3.1\mstestproject.dll" id="9dbc243b-2d3a-4ca5-803d-d28d3d510be1">
      <TestCategory>
        <TestCategoryItem TestCategory="Category1000" />
      </TestCategory>
      <Execution id="ef052e3b-cb3b-4726-84a9-5a54e70f05bc" />
      <TestMethod codeBase="C:\Projekty\MSTestProject\bin\Debug\netcoreapp3.1\MSTestProject.dll" adapterTypeName="executor://mstestadapter/v2" className="TwojeWesele.Services.Helpers.Tests.CurrencyHelperTests" name="FormatToStringTest1000" />
    </UnitTest>
    <UnitTest name="FormatToStringTest1000 (8582.709131852587,8582.71 zł)" storage="c:\projekty\mstestproject\bin\debug\netcoreapp3.1\mstestproject.dll" id="3a53de9c-2ccd-4aaf-907b-ef2a3d1d4c6d">
      <TestCategory>
        <TestCategoryItem TestCategory="Category1000" />
      </TestCategory>
      <Execution id="89ccfa21-9142-4a19-ad9d-f1e8b155a94a" />
      <TestMethod codeBase="C:\Projekty\MSTestProject\bin\Debug\netcoreapp3.1\MSTestProject.dll" adapterTypeName="executor://mstestadapter/v2" className="TwojeWesele.Services.Helpers.Tests.CurrencyHelperTests" name="FormatToStringTest1000" />
    </UnitTest>
    <UnitTest name="FormatToStringTest1000 (31424.298858482067,31424.30 zł)" storage="c:\projekty\mstestproject\bin\debug\netcoreapp3.1\mstestproject.dll" id="d6b4d8c9-c175-4c03-8b78-eec661280725">
      <TestCategory>
        <TestCategoryItem TestCategory="Category1000" />
      </TestCategory>
      <Execution id="2136b9ea-9e93-43b1-9fbf-f1fde74e0095" />
      <TestMethod codeBase="C:\Projekty\MSTestProject\bin\Debug\netcoreapp3.1\MSTestProject.dll" adapterTypeName="executor://mstestadapter/v2" className="TwojeWesele.Services.Helpers.Tests.CurrencyHelperTests" name="FormatToStringTest1000" />
    </UnitTest>
    <UnitTest name="FormatToStringTest1000 (79764.77845563217,79764.78 zł)" storage="c:\projekty\mstestproject\bin\debug\netcoreapp3.1\mstestproject.dll" id="81326c4e-2e82-46ed-b2a6-4e7970beff22">
      <TestCategory>
        <TestCategoryItem TestCategory="Category1000" />
      </TestCategory>
      <Execution id="7aad139b-fe02-4b03-9b44-3aa48c25162f" />
      <TestMethod codeBase="C:\Projekty\MSTestProject\bin\Debug\netcoreapp3.1\MSTestProject.dll" adapterTypeName="executor://mstestadapter/v2" className="TwojeWesele.Services.Helpers.Tests.CurrencyHelperTests" name="FormatToStringTest1000" />
    </UnitTest>
    <UnitTest name="FormatToStringTest1000 (386.358918903097,386.36 zł)" storage="c:\projekty\mstestproject\bin\debug\netcoreapp3.1\mstestproject.dll" id="9c53e77e-c9a3-4ea6-b0a2-8e59f3b9288a">
      <TestCategory>
        <TestCategoryItem TestCategory="Category1000" />
      </TestCategory>
      <Execution id="c737aeb6-387a-469f-8460-fb47f8531894" />
      <TestMethod codeBase="C:\Projekty\MSTestProject\bin\Debug\netcoreapp3.1\MSTestProject.dll" adapterTypeName="executor://mstestadapter/v2" className="TwojeWesele.Services.Helpers.Tests.CurrencyHelperTests" name="FormatToStringTest1000" />
    </UnitTest>
    <UnitTest name="FormatToStringTest1000 (14063.90676654871,14063.91 zł)" storage="c:\projekty\mstestproject\bin\debug\netcoreapp3.1\mstestproject.dll" id="f24471e5-befd-445c-a155-207db2853abc">
      <TestCategory>
        <TestCategoryItem TestCategory="Category1000" />
      </TestCategory>
      <Execution id="93a74422-9f8c-4493-be73-6798b77791cf" />
      <TestMethod codeBase="C:\Projekty\MSTestProject\bin\Debug\netcoreapp3.1\MSTestProject.dll" adapterTypeName="executor://mstestadapter/v2" className="TwojeWesele.Services.Helpers.Tests.CurrencyHelperTests" name="FormatToStringTest1000" />
    </UnitTest>
    <UnitTest name="FormatToStringTest1000 (9628.688698104437,9628.69 zł)" storage="c:\projekty\mstestproject\bin\debug\netcoreapp3.1\mstestproject.dll" id="7595a04b-115c-4b9c-837a-2f6fc9232d02">
      <TestCategory>
        <TestCategoryItem TestCategory="Category1000" />
      </TestCategory>
      <Execution id="8e5f3c16-88cc-428f-a644-d92c741e57df" />
      <TestMethod codeBase="C:\Projekty\MSTestProject\bin\Debug\netcoreapp3.1\MSTestProject.dll" adapterTypeName="executor://mstestadapter/v2" className="TwojeWesele.Services.Helpers.Tests.CurrencyHelperTests" name="FormatToStringTest1000" />
    </UnitTest>
    <UnitTest name="FormatToStringTest1000 (6102.4120417453405,6102.41 zł)" storage="c:\projekty\mstestproject\bin\debug\netcoreapp3.1\mstestproject.dll" id="0cbd94e1-8d2f-4abe-b800-443d6d58cdc7">
      <TestCategory>
        <TestCategoryItem TestCategory="Category1000" />
      </TestCategory>
      <Execution id="af2cadde-b3f0-4f2d-b0ad-5a7a488c64ce" />
      <TestMethod codeBase="C:\Projekty\MSTestProject\bin\Debug\netcoreapp3.1\MSTestProject.dll" adapterTypeName="executor://mstestadapter/v2" className="TwojeWesele.Services.Helpers.Tests.CurrencyHelperTests" name="FormatToStringTest1000" />
    </UnitTest>
    <UnitTest name="FormatToStringTest1000 (27852.532163303127,27852.53 zł)" storage="c:\projekty\mstestproject\bin\debug\netcoreapp3.1\mstestproject.dll" id="44f9d854-4806-45b8-b077-39442b7de214">
      <TestCategory>
        <TestCategoryItem TestCategory="Category1000" />
      </TestCategory>
      <Execution id="50ff2f09-2e29-4bfe-bc4a-fbf1b17b8a3b" />
      <TestMethod codeBase="C:\Projekty\MSTestProject\bin\Debug\netcoreapp3.1\MSTestProject.dll" adapterTypeName="executor://mstestadapter/v2" className="TwojeWesele.Services.Helpers.Tests.CurrencyHelperTests" name="FormatToStringTest1000" />
    </UnitTest>
    <UnitTest name="FormatToStringTest1000 (726.8087564975995,726.81 zł)" storage="c:\projekty\mstestproject\bin\debug\netcoreapp3.1\mstestproject.dll" id="efe89ed6-8cd9-49b5-bd16-1bbd3141c6bb">
      <TestCategory>
        <TestCategoryItem TestCategory="Category1000" />
      </TestCategory>
      <Execution id="b8e7deca-9635-4ad9-9b3e-b66a18b57cb4" />
      <TestMethod codeBase="C:\Projekty\MSTestProject\bin\Debug\netcoreapp3.1\MSTestProject.dll" adapterTypeName="executor://mstestadapter/v2" className="TwojeWesele.Services.Helpers.Tests.CurrencyHelperTests" name="FormatToStringTest1000" />
    </UnitTest>
    <UnitTest name="FormatToStringTest1000 (17252.06220983903,17252.06 zł)" storage="c:\projekty\mstestproject\bin\debug\netcoreapp3.1\mstestproject.dll" id="bd5dcee1-c04a-430a-98f5-6e3d8877f164">
      <TestCategory>
        <TestCategoryItem TestCategory="Category1000" />
      </TestCategory>
      <Execution id="ba588b0f-024d-4546-8840-7947fffad9c3" />
      <TestMethod codeBase="C:\Projekty\MSTestProject\bin\Debug\netcoreapp3.1\MSTestProject.dll" adapterTypeName="executor://mstestadapter/v2" className="TwojeWesele.Services.Helpers.Tests.CurrencyHelperTests" name="FormatToStringTest1000" />
    </UnitTest>
    <UnitTest name="FormatToStringTest1000 (12871.381729632794,12871.38 zł)" storage="c:\projekty\mstestproject\bin\debug\netcoreapp3.1\mstestproject.dll" id="b9f3295b-e2af-454f-bd51-58277b1b0447">
      <TestCategory>
        <TestCategoryItem TestCategory="Category1000" />
      </TestCategory>
      <Execution id="5f068a93-ef1a-4351-a2f8-7ceedb1b8bb4" />
      <TestMethod codeBase="C:\Projekty\MSTestProject\bin\Debug\netcoreapp3.1\MSTestProject.dll" adapterTypeName="executor://mstestadapter/v2" className="TwojeWesele.Services.Helpers.Tests.CurrencyHelperTests" name="FormatToStringTest1000" />
    </UnitTest>
    <UnitTest name="FormatToStringTest1000 (19783.413847500186,19783.41 zł)" storage="c:\projekty\mstestproject\bin\debug\netcoreapp3.1\mstestproject.dll" id="2c7a6fbd-2f6e-4f30-9133-caf878f90ed2">
      <TestCategory>
        <TestCategoryItem TestCategory="Category1000" />
      </TestCategory>
      <Execution id="72060f65-bc1d-4294-bc92-4f974d6770f2" />
      <TestMethod codeBase="C:\Projekty\MSTestProject\bin\Debug\netcoreapp3.1\MSTestProject.dll" adapterTypeName="executor://mstestadapter/v2" className="TwojeWesele.Services.Helpers.Tests.CurrencyHelperTests" name="FormatToStringTest1000" />
    </UnitTest>
    <UnitTest name="FormatToStringTest1000 (23649.104642116046,23649.10 zł)" storage="c:\projekty\mstestproject\bin\debug\netcoreapp3.1\mstestproject.dll" id="e3bef169-db3c-4648-8ba7-f6efd36be0ec">
      <TestCategory>
        <TestCategoryItem TestCategory="Category1000" />
      </TestCategory>
      <Execution id="85a0e9e6-a881-40ec-9b94-3e1043fa0968" />
      <TestMethod codeBase="C:\Projekty\MSTestProject\bin\Debug\netcoreapp3.1\MSTestProject.dll" adapterTypeName="executor://mstestadapter/v2" className="TwojeWesele.Services.Helpers.Tests.CurrencyHelperTests" name="FormatToStringTest1000" />
    </UnitTest>
    <UnitTest name="FormatToStringTest1000 (42555.01416107594,42555.01 zł)" storage="c:\projekty\mstestproject\bin\debug\netcoreapp3.1\mstestproject.dll" id="6e14db0a-d154-4b0b-afbf-d1c767e2bebe">
      <TestCategory>
        <TestCategoryItem TestCategory="Category1000" />
      </TestCategory>
      <Execution id="f16d6085-9d37-4246-bbc0-e0f972a45812" />
      <TestMethod codeBase="C:\Projekty\MSTestProject\bin\Debug\netcoreapp3.1\MSTestProject.dll" adapterTypeName="executor://mstestadapter/v2" className="TwojeWesele.Services.Helpers.Tests.CurrencyHelperTests" name="FormatToStringTest1000" />
    </UnitTest>
    <UnitTest name="FormatToStringTest1000 (28861.97337596769,28861.97 zł)" storage="c:\projekty\mstestproject\bin\debug\netcoreapp3.1\mstestproject.dll" id="e28a67a4-f40c-4108-8293-436943e32e6f">
      <TestCategory>
        <TestCategoryItem TestCategory="Category1000" />
      </TestCategory>
      <Execution id="bbd11d00-9c27-4009-9021-717d44d381aa" />
      <TestMethod codeBase="C:\Projekty\MSTestProject\bin\Debug\netcoreapp3.1\MSTestProject.dll" adapterTypeName="executor://mstestadapter/v2" className="TwojeWesele.Services.Helpers.Tests.CurrencyHelperTests" name="FormatToStringTest1000" />
    </UnitTest>
    <UnitTest name="FormatToStringTest1000 (20012.898273490322,20012.90 zł)" storage="c:\projekty\mstestproject\bin\debug\netcoreapp3.1\mstestproject.dll" id="6cefe2c6-f3c7-4eb8-badb-87f4a122e357">
      <TestCategory>
        <TestCategoryItem TestCategory="Category1000" />
      </TestCategory>
      <Execution id="31338f30-d770-4725-8ac6-d64ea5e1f960" />
      <TestMethod codeBase="C:\Projekty\MSTestProject\bin\Debug\netcoreapp3.1\MSTestProject.dll" adapterTypeName="executor://mstestadapter/v2" className="TwojeWesele.Services.Helpers.Tests.CurrencyHelperTests" name="FormatToStringTest1000" />
    </UnitTest>
    <UnitTest name="FormatToStringTest1000 (45340.017357165,45340.02 zł)" storage="c:\projekty\mstestproject\bin\debug\netcoreapp3.1\mstestproject.dll" id="443ca9c7-bc68-42b7-b2c2-b436c0096365">
      <TestCategory>
        <TestCategoryItem TestCategory="Category1000" />
      </TestCategory>
      <Execution id="749b49d9-cb26-4e3c-8369-21461680b8aa" />
      <TestMethod codeBase="C:\Projekty\MSTestProject\bin\Debug\netcoreapp3.1\MSTestProject.dll" adapterTypeName="executor://mstestadapter/v2" className="TwojeWesele.Services.Helpers.Tests.CurrencyHelperTests" name="FormatToStringTest1000" />
    </UnitTest>
    <UnitTest name="FormatToStringTest1000 (24768.25771770359,24768.26 zł)" storage="c:\projekty\mstestproject\bin\debug\netcoreapp3.1\mstestproject.dll" id="80a527fd-b27c-464c-8567-8fc5d65aa5f8">
      <TestCategory>
        <TestCategoryItem TestCategory="Category1000" />
      </TestCategory>
      <Execution id="d957df80-4f6f-43ae-8538-89152ed7c78f" />
      <TestMethod codeBase="C:\Projekty\MSTestProject\bin\Debug\netcoreapp3.1\MSTestProject.dll" adapterTypeName="executor://mstestadapter/v2" className="TwojeWesele.Services.Helpers.Tests.CurrencyHelperTests" name="FormatToStringTest1000" />
    </UnitTest>
    <UnitTest name="FormatToStringTest1000 (25036.98767214035,25036.99 zł)" storage="c:\projekty\mstestproject\bin\debug\netcoreapp3.1\mstestproject.dll" id="65e5ba83-9542-489d-ba25-0582614cd514">
      <TestCategory>
        <TestCategoryItem TestCategory="Category1000" />
      </TestCategory>
      <Execution id="b80b7036-25c2-4662-b7d2-74f4d4282ee1" />
      <TestMethod codeBase="C:\Projekty\MSTestProject\bin\Debug\netcoreapp3.1\MSTestProject.dll" adapterTypeName="executor://mstestadapter/v2" className="TwojeWesele.Services.Helpers.Tests.CurrencyHelperTests" name="FormatToStringTest1000" />
    </UnitTest>
    <UnitTest name="FormatToStringTest1000 (7348.947429818543,7348.95 zł)" storage="c:\projekty\mstestproject\bin\debug\netcoreapp3.1\mstestproject.dll" id="4b0ceead-ec8c-422c-9253-cd088c8d6d6c">
      <TestCategory>
        <TestCategoryItem TestCategory="Category1000" />
      </TestCategory>
      <Execution id="378eff92-b961-49aa-86da-ce03dcf22021" />
      <TestMethod codeBase="C:\Projekty\MSTestProject\bin\Debug\netcoreapp3.1\MSTestProject.dll" adapterTypeName="executor://mstestadapter/v2" className="TwojeWesele.Services.Helpers.Tests.CurrencyHelperTests" name="FormatToStringTest1000" />
    </UnitTest>
    <UnitTest name="FormatToStringTest1000 (7789.7136237517525,7789.71 zł)" storage="c:\projekty\mstestproject\bin\debug\netcoreapp3.1\mstestproject.dll" id="4049910f-95dc-433d-98c7-5e1bb83223f8">
      <TestCategory>
        <TestCategoryItem TestCategory="Category1000" />
      </TestCategory>
      <Execution id="7aa9598e-ba87-4eea-aad9-f4c8496527d2" />
      <TestMethod codeBase="C:\Projekty\MSTestProject\bin\Debug\netcoreapp3.1\MSTestProject.dll" adapterTypeName="executor://mstestadapter/v2" className="TwojeWesele.Services.Helpers.Tests.CurrencyHelperTests" name="FormatToStringTest1000" />
    </UnitTest>
    <UnitTest name="FormatToStringTest1000 (4648.492795337221,4648.49 zł)" storage="c:\projekty\mstestproject\bin\debug\netcoreapp3.1\mstestproject.dll" id="907ce7ac-63bb-4b5c-b08d-842ead4f94c8">
      <TestCategory>
        <TestCategoryItem TestCategory="Category1000" />
      </TestCategory>
      <Execution id="126bc724-295a-4cdc-b382-a0088ee7095d" />
      <TestMethod codeBase="C:\Projekty\MSTestProject\bin\Debug\netcoreapp3.1\MSTestProject.dll" adapterTypeName="executor://mstestadapter/v2" className="TwojeWesele.Services.Helpers.Tests.CurrencyHelperTests" name="FormatToStringTest1000" />
    </UnitTest>
    <UnitTest name="FormatToStringTest1000 (9190.067404299076,9190.07 zł)" storage="c:\projekty\mstestproject\bin\debug\netcoreapp3.1\mstestproject.dll" id="7f4e0041-83f6-4624-97dd-e979bbe8ac84">
      <TestCategory>
        <TestCategoryItem TestCategory="Category1000" />
      </TestCategory>
      <Execution id="724f8017-e8f9-475d-b679-0f5c3b9d1974" />
      <TestMethod codeBase="C:\Projekty\MSTestProject\bin\Debug\netcoreapp3.1\MSTestProject.dll" adapterTypeName="executor://mstestadapter/v2" className="TwojeWesele.Services.Helpers.Tests.CurrencyHelperTests" name="FormatToStringTest1000" />
    </UnitTest>
    <UnitTest name="FormatToStringTest1000 (20552.966022956633,20552.97 zł)" storage="c:\projekty\mstestproject\bin\debug\netcoreapp3.1\mstestproject.dll" id="53676b5c-8371-45e9-b6f4-389074b53922">
      <TestCategory>
        <TestCategoryItem TestCategory="Category1000" />
      </TestCategory>
      <Execution id="141e0ba3-1833-4e92-82fa-b22bcb1f0964" />
      <TestMethod codeBase="C:\Projekty\MSTestProject\bin\Debug\netcoreapp3.1\MSTestProject.dll" adapterTypeName="executor://mstestadapter/v2" className="TwojeWesele.Services.Helpers.Tests.CurrencyHelperTests" name="FormatToStringTest1000" />
    </UnitTest>
    <UnitTest name="FormatToStringTest1000 (16416.109736457518,16416.11 zł)" storage="c:\projekty\mstestproject\bin\debug\netcoreapp3.1\mstestproject.dll" id="5541290e-f837-4ef6-b0df-087dbdacfb6f">
      <TestCategory>
        <TestCategoryItem TestCategory="Category1000" />
      </TestCategory>
      <Execution id="c4551ba2-58c6-42ec-a1f2-a188b7ddc566" />
      <TestMethod codeBase="C:\Projekty\MSTestProject\bin\Debug\netcoreapp3.1\MSTestProject.dll" adapterTypeName="executor://mstestadapter/v2" className="TwojeWesele.Services.Helpers.Tests.CurrencyHelperTests" name="FormatToStringTest1000" />
    </UnitTest>
    <UnitTest name="FormatToStringTest1000 (18340.935049000167,18340.94 zł)" storage="c:\projekty\mstestproject\bin\debug\netcoreapp3.1\mstestproject.dll" id="943526ff-4cf5-4d00-9239-620ca7bd3e3b">
      <TestCategory>
        <TestCategoryItem TestCategory="Category1000" />
      </TestCategory>
      <Execution id="12e58ab9-6c20-4bbf-bb45-f78956770688" />
      <TestMethod codeBase="C:\Projekty\MSTestProject\bin\Debug\netcoreapp3.1\MSTestProject.dll" adapterTypeName="executor://mstestadapter/v2" className="TwojeWesele.Services.Helpers.Tests.CurrencyHelperTests" name="FormatToStringTest1000" />
    </UnitTest>
    <UnitTest name="FormatToStringTest1000 (765.778932784581,765.78 zł)" storage="c:\projekty\mstestproject\bin\debug\netcoreapp3.1\mstestproject.dll" id="10ab9688-295d-4c1c-b031-30b642c5924a">
      <TestCategory>
        <TestCategoryItem TestCategory="Category1000" />
      </TestCategory>
      <Execution id="5c3fe967-012d-4488-8156-e780c978314e" />
      <TestMethod codeBase="C:\Projekty\MSTestProject\bin\Debug\netcoreapp3.1\MSTestProject.dll" adapterTypeName="executor://mstestadapter/v2" className="TwojeWesele.Services.Helpers.Tests.CurrencyHelperTests" name="FormatToStringTest1000" />
    </UnitTest>
    <UnitTest name="FormatToStringTest1000 (20623.53139885493,20623.53 zł)" storage="c:\projekty\mstestproject\bin\debug\netcoreapp3.1\mstestproject.dll" id="3248c394-96bd-4f59-a6c5-7453650f8bc3">
      <TestCategory>
        <TestCategoryItem TestCategory="Category1000" />
      </TestCategory>
      <Execution id="6c2445c0-490f-4bc3-9a41-4f1b5c70c446" />
      <TestMethod codeBase="C:\Projekty\MSTestProject\bin\Debug\netcoreapp3.1\MSTestProject.dll" adapterTypeName="executor://mstestadapter/v2" className="TwojeWesele.Services.Helpers.Tests.CurrencyHelperTests" name="FormatToStringTest1000" />
    </UnitTest>
    <UnitTest name="FormatToStringTest1000 (64568.131500027666,64568.13 zł)" storage="c:\projekty\mstestproject\bin\debug\netcoreapp3.1\mstestproject.dll" id="7569eed1-786f-492c-81c2-be3386d05fd3">
      <TestCategory>
        <TestCategoryItem TestCategory="Category1000" />
      </TestCategory>
      <Execution id="d86b2714-29df-4223-8f49-f47bebd55b09" />
      <TestMethod codeBase="C:\Projekty\MSTestProject\bin\Debug\netcoreapp3.1\MSTestProject.dll" adapterTypeName="executor://mstestadapter/v2" className="TwojeWesele.Services.Helpers.Tests.CurrencyHelperTests" name="FormatToStringTest1000" />
    </UnitTest>
    <UnitTest name="FormatToStringTest1000 (11430.666613002619,11430.67 zł)" storage="c:\projekty\mstestproject\bin\debug\netcoreapp3.1\mstestproject.dll" id="97256360-98b5-45b0-a58f-ccdf8ed67392">
      <TestCategory>
        <TestCategoryItem TestCategory="Category1000" />
      </TestCategory>
      <Execution id="d011e538-e9cc-47e4-b0f9-8cd4b122d86a" />
      <TestMethod codeBase="C:\Projekty\MSTestProject\bin\Debug\netcoreapp3.1\MSTestProject.dll" adapterTypeName="executor://mstestadapter/v2" className="TwojeWesele.Services.Helpers.Tests.CurrencyHelperTests" name="FormatToStringTest1000" />
    </UnitTest>
    <UnitTest name="FormatToStringTest1000 (100.45267071130345,100.45 zł)" storage="c:\projekty\mstestproject\bin\debug\netcoreapp3.1\mstestproject.dll" id="abe7d7e4-d1d1-499f-8965-83863b5b22ac">
      <TestCategory>
        <TestCategoryItem TestCategory="Category1000" />
      </TestCategory>
      <Execution id="7dd94867-4d66-413f-854e-bfd558242c61" />
      <TestMethod codeBase="C:\Projekty\MSTestProject\bin\Debug\netcoreapp3.1\MSTestProject.dll" adapterTypeName="executor://mstestadapter/v2" className="TwojeWesele.Services.Helpers.Tests.CurrencyHelperTests" name="FormatToStringTest1000" />
    </UnitTest>
    <UnitTest name="FormatToStringTest1000 (57525.72988993569,57525.73 zł)" storage="c:\projekty\mstestproject\bin\debug\netcoreapp3.1\mstestproject.dll" id="8983446a-ecb8-45db-8bcb-607065f10541">
      <TestCategory>
        <TestCategoryItem TestCategory="Category1000" />
      </TestCategory>
      <Execution id="a5e955fa-3023-4c99-ae7e-e46c0617e346" />
      <TestMethod codeBase="C:\Projekty\MSTestProject\bin\Debug\netcoreapp3.1\MSTestProject.dll" adapterTypeName="executor://mstestadapter/v2" className="TwojeWesele.Services.Helpers.Tests.CurrencyHelperTests" name="FormatToStringTest1000" />
    </UnitTest>
    <UnitTest name="FormatToStringTest1000 (8644.187977380207,8644.19 zł)" storage="c:\projekty\mstestproject\bin\debug\netcoreapp3.1\mstestproject.dll" id="bc27e27b-2cd6-4cc4-8db3-a134f3133539">
      <TestCategory>
        <TestCategoryItem TestCategory="Category1000" />
      </TestCategory>
      <Execution id="24168dfd-031e-45f6-979c-68d5adf876b5" />
      <TestMethod codeBase="C:\Projekty\MSTestProject\bin\Debug\netcoreapp3.1\MSTestProject.dll" adapterTypeName="executor://mstestadapter/v2" className="TwojeWesele.Services.Helpers.Tests.CurrencyHelperTests" name="FormatToStringTest1000" />
    </UnitTest>
    <UnitTest name="FormatToStringTest1000 (24251.68593564848,24251.69 zł)" storage="c:\projekty\mstestproject\bin\debug\netcoreapp3.1\mstestproject.dll" id="d5a5e31e-ed27-449d-b83e-83da293af6c6">
      <TestCategory>
        <TestCategoryItem TestCategory="Category1000" />
      </TestCategory>
      <Execution id="fa632ce1-31f8-49b1-b711-45afd2307488" />
      <TestMethod codeBase="C:\Projekty\MSTestProject\bin\Debug\netcoreapp3.1\MSTestProject.dll" adapterTypeName="executor://mstestadapter/v2" className="TwojeWesele.Services.Helpers.Tests.CurrencyHelperTests" name="FormatToStringTest1000" />
    </UnitTest>
    <UnitTest name="FormatToStringTest1000 (5507.360659962688,5507.36 zł)" storage="c:\projekty\mstestproject\bin\debug\netcoreapp3.1\mstestproject.dll" id="a6803147-3e16-4a10-88fb-f40c71026b79">
      <TestCategory>
        <TestCategoryItem TestCategory="Category1000" />
      </TestCategory>
      <Execution id="9b73b823-205a-41fe-b0ec-1be20f55d1c4" />
      <TestMethod codeBase="C:\Projekty\MSTestProject\bin\Debug\netcoreapp3.1\MSTestProject.dll" adapterTypeName="executor://mstestadapter/v2" className="TwojeWesele.Services.Helpers.Tests.CurrencyHelperTests" name="FormatToStringTest1000" />
    </UnitTest>
    <UnitTest name="FormatToStringTest1000 (22557.09603308099,22557.10 zł)" storage="c:\projekty\mstestproject\bin\debug\netcoreapp3.1\mstestproject.dll" id="279f6eb0-70a6-493d-b3be-338ec865c878">
      <TestCategory>
        <TestCategoryItem TestCategory="Category1000" />
      </TestCategory>
      <Execution id="739c651b-49b9-44f6-a7c6-a00936c77eb1" />
      <TestMethod codeBase="C:\Projekty\MSTestProject\bin\Debug\netcoreapp3.1\MSTestProject.dll" adapterTypeName="executor://mstestadapter/v2" className="TwojeWesele.Services.Helpers.Tests.CurrencyHelperTests" name="FormatToStringTest1000" />
    </UnitTest>
    <UnitTest name="FormatToStringTest1000 (13844.577623300524,13844.58 zł)" storage="c:\projekty\mstestproject\bin\debug\netcoreapp3.1\mstestproject.dll" id="f88801a9-c735-46b8-96bc-0acd76344363">
      <TestCategory>
        <TestCategoryItem TestCategory="Category1000" />
      </TestCategory>
      <Execution id="5ae8043d-398d-477b-b99f-7a5f08e27bb3" />
      <TestMethod codeBase="C:\Projekty\MSTestProject\bin\Debug\netcoreapp3.1\MSTestProject.dll" adapterTypeName="executor://mstestadapter/v2" className="TwojeWesele.Services.Helpers.Tests.CurrencyHelperTests" name="FormatToStringTest1000" />
    </UnitTest>
    <UnitTest name="FormatToStringTest1000 (20146.183073329827,20146.18 zł)" storage="c:\projekty\mstestproject\bin\debug\netcoreapp3.1\mstestproject.dll" id="116c9029-7a14-4e4a-98f5-8ecb199b4c0b">
      <TestCategory>
        <TestCategoryItem TestCategory="Category1000" />
      </TestCategory>
      <Execution id="fa05cb82-daa4-4eef-81a4-152ba773286c" />
      <TestMethod codeBase="C:\Projekty\MSTestProject\bin\Debug\netcoreapp3.1\MSTestProject.dll" adapterTypeName="executor://mstestadapter/v2" className="TwojeWesele.Services.Helpers.Tests.CurrencyHelperTests" name="FormatToStringTest1000" />
    </UnitTest>
    <UnitTest name="FormatToStringTest1000 (151.50737175275916,151.51 zł)" storage="c:\projekty\mstestproject\bin\debug\netcoreapp3.1\mstestproject.dll" id="6fae3469-b374-4acb-91d9-6ae38d8209e0">
      <TestCategory>
        <TestCategoryItem TestCategory="Category1000" />
      </TestCategory>
      <Execution id="6af034ab-d3c5-467b-a36e-46111644dd5a" />
      <TestMethod codeBase="C:\Projekty\MSTestProject\bin\Debug\netcoreapp3.1\MSTestProject.dll" adapterTypeName="executor://mstestadapter/v2" className="TwojeWesele.Services.Helpers.Tests.CurrencyHelperTests" name="FormatToStringTest1000" />
    </UnitTest>
    <UnitTest name="FormatToStringTest1000 (1745.490603896552,1745.49 zł)" storage="c:\projekty\mstestproject\bin\debug\netcoreapp3.1\mstestproject.dll" id="e0c0f274-5933-4fb6-8625-9d715a7fb7d9">
      <TestCategory>
        <TestCategoryItem TestCategory="Category1000" />
      </TestCategory>
      <Execution id="0cff1d9f-80e2-4f08-8293-ed0f6b204f85" />
      <TestMethod codeBase="C:\Projekty\MSTestProject\bin\Debug\netcoreapp3.1\MSTestProject.dll" adapterTypeName="executor://mstestadapter/v2" className="TwojeWesele.Services.Helpers.Tests.CurrencyHelperTests" name="FormatToStringTest1000" />
    </UnitTest>
    <UnitTest name="FormatToStringTest1000 (23980.12943509646,23980.13 zł)" storage="c:\projekty\mstestproject\bin\debug\netcoreapp3.1\mstestproject.dll" id="cd71313a-121c-420b-93e1-85ca3f5d4de2">
      <TestCategory>
        <TestCategoryItem TestCategory="Category1000" />
      </TestCategory>
      <Execution id="032586ef-1f6e-4c9c-afee-e8ea9f248986" />
      <TestMethod codeBase="C:\Projekty\MSTestProject\bin\Debug\netcoreapp3.1\MSTestProject.dll" adapterTypeName="executor://mstestadapter/v2" className="TwojeWesele.Services.Helpers.Tests.CurrencyHelperTests" name="FormatToStringTest1000" />
    </UnitTest>
    <UnitTest name="FormatToStringTest1000 (78822.37212685234,78822.37 zł)" storage="c:\projekty\mstestproject\bin\debug\netcoreapp3.1\mstestproject.dll" id="dc5f3c9f-9f91-42bd-aa69-c08e4470fbf8">
      <TestCategory>
        <TestCategoryItem TestCategory="Category1000" />
      </TestCategory>
      <Execution id="a74934b5-1c1c-46d2-b545-aec712279ee3" />
      <TestMethod codeBase="C:\Projekty\MSTestProject\bin\Debug\netcoreapp3.1\MSTestProject.dll" adapterTypeName="executor://mstestadapter/v2" className="TwojeWesele.Services.Helpers.Tests.CurrencyHelperTests" name="FormatToStringTest1000" />
    </UnitTest>
    <UnitTest name="FormatToStringTest1000 (26529.10838037036,26529.11 zł)" storage="c:\projekty\mstestproject\bin\debug\netcoreapp3.1\mstestproject.dll" id="b3ed2640-f671-41b1-ae33-15f9579d7549">
      <TestCategory>
        <TestCategoryItem TestCategory="Category1000" />
      </TestCategory>
      <Execution id="03d2f414-87b0-4a1b-9a06-636258e91203" />
      <TestMethod codeBase="C:\Projekty\MSTestProject\bin\Debug\netcoreapp3.1\MSTestProject.dll" adapterTypeName="executor://mstestadapter/v2" className="TwojeWesele.Services.Helpers.Tests.CurrencyHelperTests" name="FormatToStringTest1000" />
    </UnitTest>
    <UnitTest name="FormatToStringTest1000 (867.5236648356187,867.52 zł)" storage="c:\projekty\mstestproject\bin\debug\netcoreapp3.1\mstestproject.dll" id="5e61b013-3c48-41a9-a1f5-7107aff8ad9d">
      <TestCategory>
        <TestCategoryItem TestCategory="Category1000" />
      </TestCategory>
      <Execution id="ce23edf2-3ba8-46c8-b727-a132a595ebaa" />
      <TestMethod codeBase="C:\Projekty\MSTestProject\bin\Debug\netcoreapp3.1\MSTestProject.dll" adapterTypeName="executor://mstestadapter/v2" className="TwojeWesele.Services.Helpers.Tests.CurrencyHelperTests" name="FormatToStringTest1000" />
    </UnitTest>
    <UnitTest name="FormatToStringTest1000 (27629.79121039193,27629.79 zł)" storage="c:\projekty\mstestproject\bin\debug\netcoreapp3.1\mstestproject.dll" id="f3808780-6f0e-4829-b850-6edf4c8765ee">
      <TestCategory>
        <TestCategoryItem TestCategory="Category1000" />
      </TestCategory>
      <Execution id="ca659649-43be-4925-ac63-93bad9780acf" />
      <TestMethod codeBase="C:\Projekty\MSTestProject\bin\Debug\netcoreapp3.1\MSTestProject.dll" adapterTypeName="executor://mstestadapter/v2" className="TwojeWesele.Services.Helpers.Tests.CurrencyHelperTests" name="FormatToStringTest1000" />
    </UnitTest>
    <UnitTest name="FormatToStringTest1000 (15337.485230751097,15337.49 zł)" storage="c:\projekty\mstestproject\bin\debug\netcoreapp3.1\mstestproject.dll" id="1e918bc3-2fdf-4879-b1ae-3ff22009fdec">
      <TestCategory>
        <TestCategoryItem TestCategory="Category1000" />
      </TestCategory>
      <Execution id="74507ebf-0b36-4cd7-bb38-fbdd5a71be22" />
      <TestMethod codeBase="C:\Projekty\MSTestProject\bin\Debug\netcoreapp3.1\MSTestProject.dll" adapterTypeName="executor://mstestadapter/v2" className="TwojeWesele.Services.Helpers.Tests.CurrencyHelperTests" name="FormatToStringTest1000" />
    </UnitTest>
    <UnitTest name="FormatToStringTest1000 (22281.48592587257,22281.49 zł)" storage="c:\projekty\mstestproject\bin\debug\netcoreapp3.1\mstestproject.dll" id="ecafdff4-b4f4-4bb4-b6ab-861e21393c7c">
      <TestCategory>
        <TestCategoryItem TestCategory="Category1000" />
      </TestCategory>
      <Execution id="bfdc2e88-885c-4099-8c8d-5b66e8c33471" />
      <TestMethod codeBase="C:\Projekty\MSTestProject\bin\Debug\netcoreapp3.1\MSTestProject.dll" adapterTypeName="executor://mstestadapter/v2" className="TwojeWesele.Services.Helpers.Tests.CurrencyHelperTests" name="FormatToStringTest1000" />
    </UnitTest>
    <UnitTest name="FormatToStringTest1000 (45445.182098106096,45445.18 zł)" storage="c:\projekty\mstestproject\bin\debug\netcoreapp3.1\mstestproject.dll" id="24ed54dd-a47d-4eb1-b9ee-d337cedeff2b">
      <TestCategory>
        <TestCategoryItem TestCategory="Category1000" />
      </TestCategory>
      <Execution id="2d7f568e-bc5f-4af1-939f-2911984a59d2" />
      <TestMethod codeBase="C:\Projekty\MSTestProject\bin\Debug\netcoreapp3.1\MSTestProject.dll" adapterTypeName="executor://mstestadapter/v2" className="TwojeWesele.Services.Helpers.Tests.CurrencyHelperTests" name="FormatToStringTest1000" />
    </UnitTest>
    <UnitTest name="FormatToStringTest1000 (66019.32414194118,66019.32 zł)" storage="c:\projekty\mstestproject\bin\debug\netcoreapp3.1\mstestproject.dll" id="25b40c14-8dce-427d-930d-8d9388be9067">
      <TestCategory>
        <TestCategoryItem TestCategory="Category1000" />
      </TestCategory>
      <Execution id="769a178c-1d75-4c1b-af3d-62466784374d" />
      <TestMethod codeBase="C:\Projekty\MSTestProject\bin\Debug\netcoreapp3.1\MSTestProject.dll" adapterTypeName="executor://mstestadapter/v2" className="TwojeWesele.Services.Helpers.Tests.CurrencyHelperTests" name="FormatToStringTest1000" />
    </UnitTest>
    <UnitTest name="FormatToStringTest1000 (16986.338876065027,16986.34 zł)" storage="c:\projekty\mstestproject\bin\debug\netcoreapp3.1\mstestproject.dll" id="9d4cdf70-0a47-41a6-834e-65af0510d89f">
      <TestCategory>
        <TestCategoryItem TestCategory="Category1000" />
      </TestCategory>
      <Execution id="8d9821e8-79d6-4535-9da4-235d76ea4a7a" />
      <TestMethod codeBase="C:\Projekty\MSTestProject\bin\Debug\netcoreapp3.1\MSTestProject.dll" adapterTypeName="executor://mstestadapter/v2" className="TwojeWesele.Services.Helpers.Tests.CurrencyHelperTests" name="FormatToStringTest1000" />
    </UnitTest>
    <UnitTest name="FormatToStringTest1000 (48084.94422955389,48084.94 zł)" storage="c:\projekty\mstestproject\bin\debug\netcoreapp3.1\mstestproject.dll" id="efd033e6-39c7-464e-8a2f-8320eaa048ee">
      <TestCategory>
        <TestCategoryItem TestCategory="Category1000" />
      </TestCategory>
      <Execution id="13dd8990-67ac-4eca-b141-1971ef2255e0" />
      <TestMethod codeBase="C:\Projekty\MSTestProject\bin\Debug\netcoreapp3.1\MSTestProject.dll" adapterTypeName="executor://mstestadapter/v2" className="TwojeWesele.Services.Helpers.Tests.CurrencyHelperTests" name="FormatToStringTest1000" />
    </UnitTest>
    <UnitTest name="FormatToStringTest1000 (38402.8293406753,38402.83 zł)" storage="c:\projekty\mstestproject\bin\debug\netcoreapp3.1\mstestproject.dll" id="2d622d49-ba39-4fdd-8cb5-0330574b0827">
      <TestCategory>
        <TestCategoryItem TestCategory="Category1000" />
      </TestCategory>
      <Execution id="80b9d18d-d5cc-4b70-a1f3-4e46d9f118ad" />
      <TestMethod codeBase="C:\Projekty\MSTestProject\bin\Debug\netcoreapp3.1\MSTestProject.dll" adapterTypeName="executor://mstestadapter/v2" className="TwojeWesele.Services.Helpers.Tests.CurrencyHelperTests" name="FormatToStringTest1000" />
    </UnitTest>
    <UnitTest name="FormatToStringTest1000 (67898.54481444067,67898.54 zł)" storage="c:\projekty\mstestproject\bin\debug\netcoreapp3.1\mstestproject.dll" id="4cf0f32f-1cad-434c-ac41-b5e883db6b5c">
      <TestCategory>
        <TestCategoryItem TestCategory="Category1000" />
      </TestCategory>
      <Execution id="caefb56e-b167-467b-aacb-e20ca3159f64" />
      <TestMethod codeBase="C:\Projekty\MSTestProject\bin\Debug\netcoreapp3.1\MSTestProject.dll" adapterTypeName="executor://mstestadapter/v2" className="TwojeWesele.Services.Helpers.Tests.CurrencyHelperTests" name="FormatToStringTest1000" />
    </UnitTest>
    <UnitTest name="FormatToStringTest1000 (14712.754747761765,14712.75 zł)" storage="c:\projekty\mstestproject\bin\debug\netcoreapp3.1\mstestproject.dll" id="fc819454-1d04-44ce-906f-26bc4647c09c">
      <TestCategory>
        <TestCategoryItem TestCategory="Category1000" />
      </TestCategory>
      <Execution id="4b98f7c1-8195-432c-85d0-b1717ef808f2" />
      <TestMethod codeBase="C:\Projekty\MSTestProject\bin\Debug\netcoreapp3.1\MSTestProject.dll" adapterTypeName="executor://mstestadapter/v2" className="TwojeWesele.Services.Helpers.Tests.CurrencyHelperTests" name="FormatToStringTest1000" />
    </UnitTest>
    <UnitTest name="FormatToStringTest1000 (22017.250119325356,22017.25 zł)" storage="c:\projekty\mstestproject\bin\debug\netcoreapp3.1\mstestproject.dll" id="d4bfd9fa-0df3-438f-a9fd-7b0226a3207d">
      <TestCategory>
        <TestCategoryItem TestCategory="Category1000" />
      </TestCategory>
      <Execution id="0c12f1c4-a76b-4101-8bce-9e0d25c43d94" />
      <TestMethod codeBase="C:\Projekty\MSTestProject\bin\Debug\netcoreapp3.1\MSTestProject.dll" adapterTypeName="executor://mstestadapter/v2" className="TwojeWesele.Services.Helpers.Tests.CurrencyHelperTests" name="FormatToStringTest1000" />
    </UnitTest>
    <UnitTest name="FormatToStringTest1000 (29926.595417457444,29926.60 zł)" storage="c:\projekty\mstestproject\bin\debug\netcoreapp3.1\mstestproject.dll" id="75fcdcb5-ba25-4fe7-bd33-6f18b08d5639">
      <TestCategory>
        <TestCategoryItem TestCategory="Category1000" />
      </TestCategory>
      <Execution id="aff9d158-8338-4366-8788-6a1265211d48" />
      <TestMethod codeBase="C:\Projekty\MSTestProject\bin\Debug\netcoreapp3.1\MSTestProject.dll" adapterTypeName="executor://mstestadapter/v2" className="TwojeWesele.Services.Helpers.Tests.CurrencyHelperTests" name="FormatToStringTest1000" />
    </UnitTest>
    <UnitTest name="FormatToStringTest1000 (69373.32129976773,69373.32 zł)" storage="c:\projekty\mstestproject\bin\debug\netcoreapp3.1\mstestproject.dll" id="c4cd086b-756b-4f76-baac-844dbf34803f">
      <TestCategory>
        <TestCategoryItem TestCategory="Category1000" />
      </TestCategory>
      <Execution id="26deeef0-6629-41e6-8404-d053802c2ffd" />
      <TestMethod codeBase="C:\Projekty\MSTestProject\bin\Debug\netcoreapp3.1\MSTestProject.dll" adapterTypeName="executor://mstestadapter/v2" className="TwojeWesele.Services.Helpers.Tests.CurrencyHelperTests" name="FormatToStringTest1000" />
    </UnitTest>
    <UnitTest name="FormatToStringTest1000 (1011.9989482094529,1012.00 zł)" storage="c:\projekty\mstestproject\bin\debug\netcoreapp3.1\mstestproject.dll" id="18cb3ed6-dc82-49b5-bdf1-43484b144623">
      <TestCategory>
        <TestCategoryItem TestCategory="Category1000" />
      </TestCategory>
      <Execution id="77687775-a85e-45ba-8685-2be40dd256ab" />
      <TestMethod codeBase="C:\Projekty\MSTestProject\bin\Debug\netcoreapp3.1\MSTestProject.dll" adapterTypeName="executor://mstestadapter/v2" className="TwojeWesele.Services.Helpers.Tests.CurrencyHelperTests" name="FormatToStringTest1000" />
    </UnitTest>
    <UnitTest name="FormatToStringTest1000 (35384.637112688106,35384.64 zł)" storage="c:\projekty\mstestproject\bin\debug\netcoreapp3.1\mstestproject.dll" id="41e46c3e-f54c-40a6-ac1d-701d6a5cce1f">
      <TestCategory>
        <TestCategoryItem TestCategory="Category1000" />
      </TestCategory>
      <Execution id="9d4ccf1c-8f2c-40f6-8252-df5fc58583d0" />
      <TestMethod codeBase="C:\Projekty\MSTestProject\bin\Debug\netcoreapp3.1\MSTestProject.dll" adapterTypeName="executor://mstestadapter/v2" className="TwojeWesele.Services.Helpers.Tests.CurrencyHelperTests" name="FormatToStringTest1000" />
    </UnitTest>
    <UnitTest name="FormatToStringTest1000 (51632.87002968503,51632.87 zł)" storage="c:\projekty\mstestproject\bin\debug\netcoreapp3.1\mstestproject.dll" id="d224e6c9-06c3-4efb-876f-f2cc9e69f3ec">
      <TestCategory>
        <TestCategoryItem TestCategory="Category1000" />
      </TestCategory>
      <Execution id="8e44d49f-66af-40ed-9e02-5ec430658223" />
      <TestMethod codeBase="C:\Projekty\MSTestProject\bin\Debug\netcoreapp3.1\MSTestProject.dll" adapterTypeName="executor://mstestadapter/v2" className="TwojeWesele.Services.Helpers.Tests.CurrencyHelperTests" name="FormatToStringTest1000" />
    </UnitTest>
    <UnitTest name="FormatToStringTest1000 (22248.263319677797,22248.26 zł)" storage="c:\projekty\mstestproject\bin\debug\netcoreapp3.1\mstestproject.dll" id="0d19cc4e-cbe1-411f-849b-d07479d11de0">
      <TestCategory>
        <TestCategoryItem TestCategory="Category1000" />
      </TestCategory>
      <Execution id="feb47571-4c89-4e1d-b40c-f08e1633f423" />
      <TestMethod codeBase="C:\Projekty\MSTestProject\bin\Debug\netcoreapp3.1\MSTestProject.dll" adapterTypeName="executor://mstestadapter/v2" className="TwojeWesele.Services.Helpers.Tests.CurrencyHelperTests" name="FormatToStringTest1000" />
    </UnitTest>
    <UnitTest name="FormatToStringTest1000 (32812.53695512634,32812.54 zł)" storage="c:\projekty\mstestproject\bin\debug\netcoreapp3.1\mstestproject.dll" id="29cff2f7-3b20-4d7e-a031-8e4b693f061e">
      <TestCategory>
        <TestCategoryItem TestCategory="Category1000" />
      </TestCategory>
      <Execution id="b64a7d35-6713-4c52-8914-7f5ce23e819f" />
      <TestMethod codeBase="C:\Projekty\MSTestProject\bin\Debug\netcoreapp3.1\MSTestProject.dll" adapterTypeName="executor://mstestadapter/v2" className="TwojeWesele.Services.Helpers.Tests.CurrencyHelperTests" name="FormatToStringTest1000" />
    </UnitTest>
    <UnitTest name="FormatToStringTest1000 (77919.64716867341,77919.65 zł)" storage="c:\projekty\mstestproject\bin\debug\netcoreapp3.1\mstestproject.dll" id="b17c6e1b-3571-4a4a-9618-308923139e95">
      <TestCategory>
        <TestCategoryItem TestCategory="Category1000" />
      </TestCategory>
      <Execution id="b663c350-02c9-4409-963f-1e0c8c05002c" />
      <TestMethod codeBase="C:\Projekty\MSTestProject\bin\Debug\netcoreapp3.1\MSTestProject.dll" adapterTypeName="executor://mstestadapter/v2" className="TwojeWesele.Services.Helpers.Tests.CurrencyHelperTests" name="FormatToStringTest1000" />
    </UnitTest>
    <UnitTest name="FormatToStringTest1000 (13508.811787825922,13508.81 zł)" storage="c:\projekty\mstestproject\bin\debug\netcoreapp3.1\mstestproject.dll" id="e383f0d6-5772-4618-9c9c-5e60e4c82702">
      <TestCategory>
        <TestCategoryItem TestCategory="Category1000" />
      </TestCategory>
      <Execution id="07405bce-4615-4648-a9ee-572c87c1593d" />
      <TestMethod codeBase="C:\Projekty\MSTestProject\bin\Debug\netcoreapp3.1\MSTestProject.dll" adapterTypeName="executor://mstestadapter/v2" className="TwojeWesele.Services.Helpers.Tests.CurrencyHelperTests" name="FormatToStringTest1000" />
    </UnitTest>
    <UnitTest name="FormatToStringTest1000 (759.247198292635,759.25 zł)" storage="c:\projekty\mstestproject\bin\debug\netcoreapp3.1\mstestproject.dll" id="e15df95b-0e49-4a6c-8db5-34a475912feb">
      <TestCategory>
        <TestCategoryItem TestCategory="Category1000" />
      </TestCategory>
      <Execution id="f0a0ea42-f27a-483a-a35b-0ad40f187c9d" />
      <TestMethod codeBase="C:\Projekty\MSTestProject\bin\Debug\netcoreapp3.1\MSTestProject.dll" adapterTypeName="executor://mstestadapter/v2" className="TwojeWesele.Services.Helpers.Tests.CurrencyHelperTests" name="FormatToStringTest1000" />
    </UnitTest>
    <UnitTest name="FormatToStringTest1000 (16190.113943164757,16190.11 zł)" storage="c:\projekty\mstestproject\bin\debug\netcoreapp3.1\mstestproject.dll" id="69b71ade-75a3-4336-9bd8-31d05fdeada6">
      <TestCategory>
        <TestCategoryItem TestCategory="Category1000" />
      </TestCategory>
      <Execution id="7516f101-5e44-4828-9cb2-abf36d226d45" />
      <TestMethod codeBase="C:\Projekty\MSTestProject\bin\Debug\netcoreapp3.1\MSTestProject.dll" adapterTypeName="executor://mstestadapter/v2" className="TwojeWesele.Services.Helpers.Tests.CurrencyHelperTests" name="FormatToStringTest1000" />
    </UnitTest>
    <UnitTest name="FormatToStringTest1000 (19189.813662191766,19189.81 zł)" storage="c:\projekty\mstestproject\bin\debug\netcoreapp3.1\mstestproject.dll" id="3a654ade-f811-4e15-bfb7-6beff751b6e2">
      <TestCategory>
        <TestCategoryItem TestCategory="Category1000" />
      </TestCategory>
      <Execution id="dd68369e-4b85-4fec-9d13-257e454bf33d" />
      <TestMethod codeBase="C:\Projekty\MSTestProject\bin\Debug\netcoreapp3.1\MSTestProject.dll" adapterTypeName="executor://mstestadapter/v2" className="TwojeWesele.Services.Helpers.Tests.CurrencyHelperTests" name="FormatToStringTest1000" />
    </UnitTest>
    <UnitTest name="FormatToStringTest1000 (12379.347974640013,12379.35 zł)" storage="c:\projekty\mstestproject\bin\debug\netcoreapp3.1\mstestproject.dll" id="e75d9d4f-bf80-4fb5-bef7-b2a11b56a848">
      <TestCategory>
        <TestCategoryItem TestCategory="Category1000" />
      </TestCategory>
      <Execution id="8a0cb1ce-fd72-4cdf-a7bd-defab15a9361" />
      <TestMethod codeBase="C:\Projekty\MSTestProject\bin\Debug\netcoreapp3.1\MSTestProject.dll" adapterTypeName="executor://mstestadapter/v2" className="TwojeWesele.Services.Helpers.Tests.CurrencyHelperTests" name="FormatToStringTest1000" />
    </UnitTest>
    <UnitTest name="FormatToStringTest1000 (3431.864349926759,3431.86 zł)" storage="c:\projekty\mstestproject\bin\debug\netcoreapp3.1\mstestproject.dll" id="57d77502-79ff-4e0c-bc7b-8b62260d97f8">
      <TestCategory>
        <TestCategoryItem TestCategory="Category1000" />
      </TestCategory>
      <Execution id="35f2c99f-f15c-4f3c-a501-b5ee220ebb24" />
      <TestMethod codeBase="C:\Projekty\MSTestProject\bin\Debug\netcoreapp3.1\MSTestProject.dll" adapterTypeName="executor://mstestadapter/v2" className="TwojeWesele.Services.Helpers.Tests.CurrencyHelperTests" name="FormatToStringTest1000" />
    </UnitTest>
    <UnitTest name="FormatToStringTest1000 (15861.139287455073,15861.14 zł)" storage="c:\projekty\mstestproject\bin\debug\netcoreapp3.1\mstestproject.dll" id="684529a0-92c7-4dc5-915c-213564af74fd">
      <TestCategory>
        <TestCategoryItem TestCategory="Category1000" />
      </TestCategory>
      <Execution id="e351efdd-33b8-423e-8ad6-592d1ee700dd" />
      <TestMethod codeBase="C:\Projekty\MSTestProject\bin\Debug\netcoreapp3.1\MSTestProject.dll" adapterTypeName="executor://mstestadapter/v2" className="TwojeWesele.Services.Helpers.Tests.CurrencyHelperTests" name="FormatToStringTest1000" />
    </UnitTest>
    <UnitTest name="FormatToStringTest1000 (17315.72309779363,17315.72 zł)" storage="c:\projekty\mstestproject\bin\debug\netcoreapp3.1\mstestproject.dll" id="a6b43231-60cc-4fb5-b277-5fee3f11a788">
      <TestCategory>
        <TestCategoryItem TestCategory="Category1000" />
      </TestCategory>
      <Execution id="03b82993-130b-438a-98c4-419f1580b203" />
      <TestMethod codeBase="C:\Projekty\MSTestProject\bin\Debug\netcoreapp3.1\MSTestProject.dll" adapterTypeName="executor://mstestadapter/v2" className="TwojeWesele.Services.Helpers.Tests.CurrencyHelperTests" name="FormatToStringTest1000" />
    </UnitTest>
    <UnitTest name="FormatToStringTest1000 (30533.30031120838,30533.30 zł)" storage="c:\projekty\mstestproject\bin\debug\netcoreapp3.1\mstestproject.dll" id="e52b2415-b34f-49d7-91ac-fee515aa462c">
      <TestCategory>
        <TestCategoryItem TestCategory="Category1000" />
      </TestCategory>
      <Execution id="b1e4f22e-b4f5-404f-9748-d4e3ca6c0d11" />
      <TestMethod codeBase="C:\Projekty\MSTestProject\bin\Debug\netcoreapp3.1\MSTestProject.dll" adapterTypeName="executor://mstestadapter/v2" className="TwojeWesele.Services.Helpers.Tests.CurrencyHelperTests" name="FormatToStringTest1000" />
    </UnitTest>
    <UnitTest name="FormatToStringTest1000 (643.3550376181281,643.36 zł)" storage="c:\projekty\mstestproject\bin\debug\netcoreapp3.1\mstestproject.dll" id="e10f56f0-621c-489f-bb57-c9056e2fe2e8">
      <TestCategory>
        <TestCategoryItem TestCategory="Category1000" />
      </TestCategory>
      <Execution id="fe8be9bd-db67-4b68-b53c-5701afeef905" />
      <TestMethod codeBase="C:\Projekty\MSTestProject\bin\Debug\netcoreapp3.1\MSTestProject.dll" adapterTypeName="executor://mstestadapter/v2" className="TwojeWesele.Services.Helpers.Tests.CurrencyHelperTests" name="FormatToStringTest1000" />
    </UnitTest>
    <UnitTest name="FormatToStringTest1000 (52810.91713865516,52810.92 zł)" storage="c:\projekty\mstestproject\bin\debug\netcoreapp3.1\mstestproject.dll" id="60851193-42cd-4ea7-bf33-fb80a3514343">
      <TestCategory>
        <TestCategoryItem TestCategory="Category1000" />
      </TestCategory>
      <Execution id="70021534-3543-4246-8e89-ed1c42241a64" />
      <TestMethod codeBase="C:\Projekty\MSTestProject\bin\Debug\netcoreapp3.1\MSTestProject.dll" adapterTypeName="executor://mstestadapter/v2" className="TwojeWesele.Services.Helpers.Tests.CurrencyHelperTests" name="FormatToStringTest1000" />
    </UnitTest>
    <UnitTest name="FormatToStringTest1000 (65204.90483536055,65204.90 zł)" storage="c:\projekty\mstestproject\bin\debug\netcoreapp3.1\mstestproject.dll" id="0fda51ca-453a-4448-8449-d99175a4bda3">
      <TestCategory>
        <TestCategoryItem TestCategory="Category1000" />
      </TestCategory>
      <Execution id="370f7bf9-f4f4-45e6-8957-01871c5bbab6" />
      <TestMethod codeBase="C:\Projekty\MSTestProject\bin\Debug\netcoreapp3.1\MSTestProject.dll" adapterTypeName="executor://mstestadapter/v2" className="TwojeWesele.Services.Helpers.Tests.CurrencyHelperTests" name="FormatToStringTest1000" />
    </UnitTest>
    <UnitTest name="FormatToStringTest1000 (16383.352881839199,16383.35 zł)" storage="c:\projekty\mstestproject\bin\debug\netcoreapp3.1\mstestproject.dll" id="5362fa5a-9280-4cfc-9327-4be6244ddbb6">
      <TestCategory>
        <TestCategoryItem TestCategory="Category1000" />
      </TestCategory>
      <Execution id="c558c2bd-9739-445f-b30f-449cf98466b9" />
      <TestMethod codeBase="C:\Projekty\MSTestProject\bin\Debug\netcoreapp3.1\MSTestProject.dll" adapterTypeName="executor://mstestadapter/v2" className="TwojeWesele.Services.Helpers.Tests.CurrencyHelperTests" name="FormatToStringTest1000" />
    </UnitTest>
    <UnitTest name="FormatToStringTest1000 (75214.75000876503,75214.75 zł)" storage="c:\projekty\mstestproject\bin\debug\netcoreapp3.1\mstestproject.dll" id="a429c5da-0b7d-4ea1-b9b2-e767479eced3">
      <TestCategory>
        <TestCategoryItem TestCategory="Category1000" />
      </TestCategory>
      <Execution id="59bde99d-9966-4130-a248-5358d5a3ecae" />
      <TestMethod codeBase="C:\Projekty\MSTestProject\bin\Debug\netcoreapp3.1\MSTestProject.dll" adapterTypeName="executor://mstestadapter/v2" className="TwojeWesele.Services.Helpers.Tests.CurrencyHelperTests" name="FormatToStringTest1000" />
    </UnitTest>
    <UnitTest name="FormatToStringTest1000 (37.631227987646696,37.63 zł)" storage="c:\projekty\mstestproject\bin\debug\netcoreapp3.1\mstestproject.dll" id="a8c920d9-8883-4d67-95c8-d84448b6cfcc">
      <TestCategory>
        <TestCategoryItem TestCategory="Category1000" />
      </TestCategory>
      <Execution id="350d480b-e2ca-4376-96ba-3fda8a060259" />
      <TestMethod codeBase="C:\Projekty\MSTestProject\bin\Debug\netcoreapp3.1\MSTestProject.dll" adapterTypeName="executor://mstestadapter/v2" className="TwojeWesele.Services.Helpers.Tests.CurrencyHelperTests" name="FormatToStringTest1000" />
    </UnitTest>
    <UnitTest name="FormatToStringTest1000 (50664.01951024869,50664.02 zł)" storage="c:\projekty\mstestproject\bin\debug\netcoreapp3.1\mstestproject.dll" id="17997240-599a-4a11-9350-db3caa3c8f17">
      <TestCategory>
        <TestCategoryItem TestCategory="Category1000" />
      </TestCategory>
      <Execution id="0a88c943-4911-44eb-a02c-9b56a6f64d59" />
      <TestMethod codeBase="C:\Projekty\MSTestProject\bin\Debug\netcoreapp3.1\MSTestProject.dll" adapterTypeName="executor://mstestadapter/v2" className="TwojeWesele.Services.Helpers.Tests.CurrencyHelperTests" name="FormatToStringTest1000" />
    </UnitTest>
    <UnitTest name="FormatToStringTest1000 (4419.750844657306,4419.75 zł)" storage="c:\projekty\mstestproject\bin\debug\netcoreapp3.1\mstestproject.dll" id="c672def8-48a3-4358-8cb1-10861e9fc6f2">
      <TestCategory>
        <TestCategoryItem TestCategory="Category1000" />
      </TestCategory>
      <Execution id="1c66dc73-e63f-42a9-933f-45c5a05a25ed" />
      <TestMethod codeBase="C:\Projekty\MSTestProject\bin\Debug\netcoreapp3.1\MSTestProject.dll" adapterTypeName="executor://mstestadapter/v2" className="TwojeWesele.Services.Helpers.Tests.CurrencyHelperTests" name="FormatToStringTest1000" />
    </UnitTest>
    <UnitTest name="FormatToStringTest1000 (49256.65708813195,49256.66 zł)" storage="c:\projekty\mstestproject\bin\debug\netcoreapp3.1\mstestproject.dll" id="c07cbaa6-238d-4ff9-8911-57dd5b71a45c">
      <TestCategory>
        <TestCategoryItem TestCategory="Category1000" />
      </TestCategory>
      <Execution id="70cbcf8b-3fab-442c-a0ad-39d2b1d61695" />
      <TestMethod codeBase="C:\Projekty\MSTestProject\bin\Debug\netcoreapp3.1\MSTestProject.dll" adapterTypeName="executor://mstestadapter/v2" className="TwojeWesele.Services.Helpers.Tests.CurrencyHelperTests" name="FormatToStringTest1000" />
    </UnitTest>
    <UnitTest name="FormatToStringTest1000 (8908.080586221107,8908.08 zł)" storage="c:\projekty\mstestproject\bin\debug\netcoreapp3.1\mstestproject.dll" id="0504f3b1-e555-4e15-a570-f866ff60f12f">
      <TestCategory>
        <TestCategoryItem TestCategory="Category1000" />
      </TestCategory>
      <Execution id="b571a6fc-09c7-4e84-9318-8b383fc46fe2" />
      <TestMethod codeBase="C:\Projekty\MSTestProject\bin\Debug\netcoreapp3.1\MSTestProject.dll" adapterTypeName="executor://mstestadapter/v2" className="TwojeWesele.Services.Helpers.Tests.CurrencyHelperTests" name="FormatToStringTest1000" />
    </UnitTest>
    <UnitTest name="FormatToStringTest1000 (591.2110872302256,591.21 zł)" storage="c:\projekty\mstestproject\bin\debug\netcoreapp3.1\mstestproject.dll" id="8670a44d-4e8d-4662-99fd-705392b9be96">
      <TestCategory>
        <TestCategoryItem TestCategory="Category1000" />
      </TestCategory>
      <Execution id="747a7ebf-d11b-4dba-9a16-31ba148185c4" />
      <TestMethod codeBase="C:\Projekty\MSTestProject\bin\Debug\netcoreapp3.1\MSTestProject.dll" adapterTypeName="executor://mstestadapter/v2" className="TwojeWesele.Services.Helpers.Tests.CurrencyHelperTests" name="FormatToStringTest1000" />
    </UnitTest>
    <UnitTest name="FormatToStringTest1000 (48544.390887578666,48544.39 zł)" storage="c:\projekty\mstestproject\bin\debug\netcoreapp3.1\mstestproject.dll" id="ba0282e0-84c6-4cf4-9d19-f80127bf7aa6">
      <TestCategory>
        <TestCategoryItem TestCategory="Category1000" />
      </TestCategory>
      <Execution id="b3f20ccb-146f-4d4f-bf1a-b716cf24ee71" />
      <TestMethod codeBase="C:\Projekty\MSTestProject\bin\Debug\netcoreapp3.1\MSTestProject.dll" adapterTypeName="executor://mstestadapter/v2" className="TwojeWesele.Services.Helpers.Tests.CurrencyHelperTests" name="FormatToStringTest1000" />
    </UnitTest>
    <UnitTest name="FormatToStringTest1000 (941.429400278921,941.43 zł)" storage="c:\projekty\mstestproject\bin\debug\netcoreapp3.1\mstestproject.dll" id="8138a58f-cfda-4167-853c-1b4de9ffdc8f">
      <TestCategory>
        <TestCategoryItem TestCategory="Category1000" />
      </TestCategory>
      <Execution id="59fe4a68-2bc1-482c-9e32-9d46e6965b0c" />
      <TestMethod codeBase="C:\Projekty\MSTestProject\bin\Debug\netcoreapp3.1\MSTestProject.dll" adapterTypeName="executor://mstestadapter/v2" className="TwojeWesele.Services.Helpers.Tests.CurrencyHelperTests" name="FormatToStringTest1000" />
    </UnitTest>
    <UnitTest name="FormatToStringTest1000 (7193.552206002898,7193.55 zł)" storage="c:\projekty\mstestproject\bin\debug\netcoreapp3.1\mstestproject.dll" id="4f6edaea-7d3b-48cc-9e23-ce58411dd672">
      <TestCategory>
        <TestCategoryItem TestCategory="Category1000" />
      </TestCategory>
      <Execution id="2e5a5e89-03a0-4c2f-ad57-0aa790660022" />
      <TestMethod codeBase="C:\Projekty\MSTestProject\bin\Debug\netcoreapp3.1\MSTestProject.dll" adapterTypeName="executor://mstestadapter/v2" className="TwojeWesele.Services.Helpers.Tests.CurrencyHelperTests" name="FormatToStringTest1000" />
    </UnitTest>
    <UnitTest name="FormatToStringTest1000 (31799.68317462815,31799.68 zł)" storage="c:\projekty\mstestproject\bin\debug\netcoreapp3.1\mstestproject.dll" id="4f209283-1605-4fc9-a1ea-36af17008757">
      <TestCategory>
        <TestCategoryItem TestCategory="Category1000" />
      </TestCategory>
      <Execution id="e59e89e1-e128-489b-9e14-18a101e458c8" />
      <TestMethod codeBase="C:\Projekty\MSTestProject\bin\Debug\netcoreapp3.1\MSTestProject.dll" adapterTypeName="executor://mstestadapter/v2" className="TwojeWesele.Services.Helpers.Tests.CurrencyHelperTests" name="FormatToStringTest1000" />
    </UnitTest>
    <UnitTest name="FormatToStringTest1000 (11022.594234092438,11022.59 zł)" storage="c:\projekty\mstestproject\bin\debug\netcoreapp3.1\mstestproject.dll" id="95f2e438-00c9-4794-99aa-37c45fb246bd">
      <TestCategory>
        <TestCategoryItem TestCategory="Category1000" />
      </TestCategory>
      <Execution id="e2c6b094-1e0e-4284-bf69-1c205bf6eaee" />
      <TestMethod codeBase="C:\Projekty\MSTestProject\bin\Debug\netcoreapp3.1\MSTestProject.dll" adapterTypeName="executor://mstestadapter/v2" className="TwojeWesele.Services.Helpers.Tests.CurrencyHelperTests" name="FormatToStringTest1000" />
    </UnitTest>
    <UnitTest name="FormatToStringTest1000 (10762.501695533518,10762.50 zł)" storage="c:\projekty\mstestproject\bin\debug\netcoreapp3.1\mstestproject.dll" id="12ef18f9-9b47-416b-ae7d-02dce99d3fdd">
      <TestCategory>
        <TestCategoryItem TestCategory="Category1000" />
      </TestCategory>
      <Execution id="6c3fdebc-351b-4c3d-a3e7-b51ee9615687" />
      <TestMethod codeBase="C:\Projekty\MSTestProject\bin\Debug\netcoreapp3.1\MSTestProject.dll" adapterTypeName="executor://mstestadapter/v2" className="TwojeWesele.Services.Helpers.Tests.CurrencyHelperTests" name="FormatToStringTest1000" />
    </UnitTest>
    <UnitTest name="FormatToStringTest1000 (15313.083673952653,15313.08 zł)" storage="c:\projekty\mstestproject\bin\debug\netcoreapp3.1\mstestproject.dll" id="8ebc5967-970c-4b8b-8dd1-d94a4bc62f2a">
      <TestCategory>
        <TestCategoryItem TestCategory="Category1000" />
      </TestCategory>
      <Execution id="94b8c78a-a787-458d-aa11-0e01185c2c8e" />
      <TestMethod codeBase="C:\Projekty\MSTestProject\bin\Debug\netcoreapp3.1\MSTestProject.dll" adapterTypeName="executor://mstestadapter/v2" className="TwojeWesele.Services.Helpers.Tests.CurrencyHelperTests" name="FormatToStringTest1000" />
    </UnitTest>
    <UnitTest name="FormatToStringTest1000 (6220.182014914314,6220.18 zł)" storage="c:\projekty\mstestproject\bin\debug\netcoreapp3.1\mstestproject.dll" id="afbf2d2f-c171-4ba7-af27-17ca3a6c5129">
      <TestCategory>
        <TestCategoryItem TestCategory="Category1000" />
      </TestCategory>
      <Execution id="db8eeffb-5b16-4cf3-a46e-6cf8cf44c15f" />
      <TestMethod codeBase="C:\Projekty\MSTestProject\bin\Debug\netcoreapp3.1\MSTestProject.dll" adapterTypeName="executor://mstestadapter/v2" className="TwojeWesele.Services.Helpers.Tests.CurrencyHelperTests" name="FormatToStringTest1000" />
    </UnitTest>
    <UnitTest name="FormatToStringTest1000 (1662.8482664818168,1662.85 zł)" storage="c:\projekty\mstestproject\bin\debug\netcoreapp3.1\mstestproject.dll" id="b265bc08-8564-423c-8201-8450c41f06c2">
      <TestCategory>
        <TestCategoryItem TestCategory="Category1000" />
      </TestCategory>
      <Execution id="2a19b9f1-dcb1-4f11-8f20-c9f3c4c181da" />
      <TestMethod codeBase="C:\Projekty\MSTestProject\bin\Debug\netcoreapp3.1\MSTestProject.dll" adapterTypeName="executor://mstestadapter/v2" className="TwojeWesele.Services.Helpers.Tests.CurrencyHelperTests" name="FormatToStringTest1000" />
    </UnitTest>
    <UnitTest name="FormatToStringTest1000 (37561.969571757116,37561.97 zł)" storage="c:\projekty\mstestproject\bin\debug\netcoreapp3.1\mstestproject.dll" id="cf0614b2-7acc-4fc8-bd6a-fa377f7b5d41">
      <TestCategory>
        <TestCategoryItem TestCategory="Category1000" />
      </TestCategory>
      <Execution id="f370d770-0db4-4704-abf7-fdccf765e96e" />
      <TestMethod codeBase="C:\Projekty\MSTestProject\bin\Debug\netcoreapp3.1\MSTestProject.dll" adapterTypeName="executor://mstestadapter/v2" className="TwojeWesele.Services.Helpers.Tests.CurrencyHelperTests" name="FormatToStringTest1000" />
    </UnitTest>
    <UnitTest name="FormatToStringTest1000 (47393.54939526671,47393.55 zł)" storage="c:\projekty\mstestproject\bin\debug\netcoreapp3.1\mstestproject.dll" id="7db20eeb-5488-4677-96d7-40aa8e9e9e4d">
      <TestCategory>
        <TestCategoryItem TestCategory="Category1000" />
      </TestCategory>
      <Execution id="670466ce-6a64-4286-8938-1c151e54e5e9" />
      <TestMethod codeBase="C:\Projekty\MSTestProject\bin\Debug\netcoreapp3.1\MSTestProject.dll" adapterTypeName="executor://mstestadapter/v2" className="TwojeWesele.Services.Helpers.Tests.CurrencyHelperTests" name="FormatToStringTest1000" />
    </UnitTest>
    <UnitTest name="FormatToStringTest1000 (54578.37303904275,54578.37 zł)" storage="c:\projekty\mstestproject\bin\debug\netcoreapp3.1\mstestproject.dll" id="d868c728-7d2e-40d8-8e4d-dccd45dcdaf9">
      <TestCategory>
        <TestCategoryItem TestCategory="Category1000" />
      </TestCategory>
      <Execution id="53710537-ffbe-4cee-a6ad-e4b13ae22b79" />
      <TestMethod codeBase="C:\Projekty\MSTestProject\bin\Debug\netcoreapp3.1\MSTestProject.dll" adapterTypeName="executor://mstestadapter/v2" className="TwojeWesele.Services.Helpers.Tests.CurrencyHelperTests" name="FormatToStringTest1000" />
    </UnitTest>
    <UnitTest name="FormatToStringTest1000 (17418.31302247863,17418.31 zł)" storage="c:\projekty\mstestproject\bin\debug\netcoreapp3.1\mstestproject.dll" id="b3ec176a-de5b-40b4-9e43-0a27b1067ff7">
      <TestCategory>
        <TestCategoryItem TestCategory="Category1000" />
      </TestCategory>
      <Execution id="51c8e95a-5e5a-47d9-a93b-f192a47d0d87" />
      <TestMethod codeBase="C:\Projekty\MSTestProject\bin\Debug\netcoreapp3.1\MSTestProject.dll" adapterTypeName="executor://mstestadapter/v2" className="TwojeWesele.Services.Helpers.Tests.CurrencyHelperTests" name="FormatToStringTest1000" />
    </UnitTest>
    <UnitTest name="FormatToStringTest1000 (84686.32148464039,84686.32 zł)" storage="c:\projekty\mstestproject\bin\debug\netcoreapp3.1\mstestproject.dll" id="24dbb426-5294-4681-a6c8-2ddb23807b60">
      <TestCategory>
        <TestCategoryItem TestCategory="Category1000" />
      </TestCategory>
      <Execution id="6499dc9b-6adf-4ff3-a1c0-d3751823c9f9" />
      <TestMethod codeBase="C:\Projekty\MSTestProject\bin\Debug\netcoreapp3.1\MSTestProject.dll" adapterTypeName="executor://mstestadapter/v2" className="TwojeWesele.Services.Helpers.Tests.CurrencyHelperTests" name="FormatToStringTest1000" />
    </UnitTest>
    <UnitTest name="FormatToStringTest1000 (1741.3334432818617,1741.33 zł)" storage="c:\projekty\mstestproject\bin\debug\netcoreapp3.1\mstestproject.dll" id="1441b8a5-72e7-42dd-8a35-eee781c39879">
      <TestCategory>
        <TestCategoryItem TestCategory="Category1000" />
      </TestCategory>
      <Execution id="af94ff3b-647c-4389-8d74-39da493f159d" />
      <TestMethod codeBase="C:\Projekty\MSTestProject\bin\Debug\netcoreapp3.1\MSTestProject.dll" adapterTypeName="executor://mstestadapter/v2" className="TwojeWesele.Services.Helpers.Tests.CurrencyHelperTests" name="FormatToStringTest1000" />
    </UnitTest>
    <UnitTest name="FormatToStringTest1000 (58459.03113649601,58459.03 zł)" storage="c:\projekty\mstestproject\bin\debug\netcoreapp3.1\mstestproject.dll" id="57e253cc-19ae-470d-8bb7-b5a41693a64f">
      <TestCategory>
        <TestCategoryItem TestCategory="Category1000" />
      </TestCategory>
      <Execution id="37d83158-d069-4c0a-98ca-d119e487cc54" />
      <TestMethod codeBase="C:\Projekty\MSTestProject\bin\Debug\netcoreapp3.1\MSTestProject.dll" adapterTypeName="executor://mstestadapter/v2" className="TwojeWesele.Services.Helpers.Tests.CurrencyHelperTests" name="FormatToStringTest1000" />
    </UnitTest>
    <UnitTest name="FormatToStringTest1000 (10511.7304983189,10511.73 zł)" storage="c:\projekty\mstestproject\bin\debug\netcoreapp3.1\mstestproject.dll" id="57edb86a-67b6-4f0e-a5a7-3a2c4015dce4">
      <TestCategory>
        <TestCategoryItem TestCategory="Category1000" />
      </TestCategory>
      <Execution id="d27a6f00-3e0a-43b1-8b52-7a3981755ce5" />
      <TestMethod codeBase="C:\Projekty\MSTestProject\bin\Debug\netcoreapp3.1\MSTestProject.dll" adapterTypeName="executor://mstestadapter/v2" className="TwojeWesele.Services.Helpers.Tests.CurrencyHelperTests" name="FormatToStringTest1000" />
    </UnitTest>
    <UnitTest name="FormatToStringTest1000 (75514.58914517732,75514.59 zł)" storage="c:\projekty\mstestproject\bin\debug\netcoreapp3.1\mstestproject.dll" id="57050ed3-b320-4444-a6ac-e7c82270ce3f">
      <TestCategory>
        <TestCategoryItem TestCategory="Category1000" />
      </TestCategory>
      <Execution id="06a1bc52-4b82-46a7-b049-41ff33f200d5" />
      <TestMethod codeBase="C:\Projekty\MSTestProject\bin\Debug\netcoreapp3.1\MSTestProject.dll" adapterTypeName="executor://mstestadapter/v2" className="TwojeWesele.Services.Helpers.Tests.CurrencyHelperTests" name="FormatToStringTest1000" />
    </UnitTest>
    <UnitTest name="FormatToStringTest1000 (19933.78650940945,19933.79 zł)" storage="c:\projekty\mstestproject\bin\debug\netcoreapp3.1\mstestproject.dll" id="08d34e31-a337-4f70-8564-719a5d5f2605">
      <TestCategory>
        <TestCategoryItem TestCategory="Category1000" />
      </TestCategory>
      <Execution id="6811fef0-a399-4f3a-9fc8-b9b4a9c4d36a" />
      <TestMethod codeBase="C:\Projekty\MSTestProject\bin\Debug\netcoreapp3.1\MSTestProject.dll" adapterTypeName="executor://mstestadapter/v2" className="TwojeWesele.Services.Helpers.Tests.CurrencyHelperTests" name="FormatToStringTest1000" />
    </UnitTest>
    <UnitTest name="FormatToStringTest1000 (7592.950837113406,7592.95 zł)" storage="c:\projekty\mstestproject\bin\debug\netcoreapp3.1\mstestproject.dll" id="0d40df73-a660-440a-ae56-5601c004586d">
      <TestCategory>
        <TestCategoryItem TestCategory="Category1000" />
      </TestCategory>
      <Execution id="0fbf7cf3-0b37-4d8c-ab84-571aea89d892" />
      <TestMethod codeBase="C:\Projekty\MSTestProject\bin\Debug\netcoreapp3.1\MSTestProject.dll" adapterTypeName="executor://mstestadapter/v2" className="TwojeWesele.Services.Helpers.Tests.CurrencyHelperTests" name="FormatToStringTest1000" />
    </UnitTest>
    <UnitTest name="FormatToStringTest1000 (46790.41011887715,46790.41 zł)" storage="c:\projekty\mstestproject\bin\debug\netcoreapp3.1\mstestproject.dll" id="c989bc0f-c62b-4b3e-a81f-26db6e0ba821">
      <TestCategory>
        <TestCategoryItem TestCategory="Category1000" />
      </TestCategory>
      <Execution id="90970925-942b-4cf6-8ae2-445929b9e266" />
      <TestMethod codeBase="C:\Projekty\MSTestProject\bin\Debug\netcoreapp3.1\MSTestProject.dll" adapterTypeName="executor://mstestadapter/v2" className="TwojeWesele.Services.Helpers.Tests.CurrencyHelperTests" name="FormatToStringTest1000" />
    </UnitTest>
    <UnitTest name="FormatToStringTest1000 (9624.06628225188,9624.07 zł)" storage="c:\projekty\mstestproject\bin\debug\netcoreapp3.1\mstestproject.dll" id="0ce8fb84-34bb-4d05-a453-3e85620fb666">
      <TestCategory>
        <TestCategoryItem TestCategory="Category1000" />
      </TestCategory>
      <Execution id="4718c711-e147-43e8-ab9c-a00a5bffaad8" />
      <TestMethod codeBase="C:\Projekty\MSTestProject\bin\Debug\netcoreapp3.1\MSTestProject.dll" adapterTypeName="executor://mstestadapter/v2" className="TwojeWesele.Services.Helpers.Tests.CurrencyHelperTests" name="FormatToStringTest1000" />
    </UnitTest>
    <UnitTest name="FormatToStringTest1000 (45603.90324273142,45603.90 zł)" storage="c:\projekty\mstestproject\bin\debug\netcoreapp3.1\mstestproject.dll" id="dffe7862-badd-4ad8-991a-8d59b40be895">
      <TestCategory>
        <TestCategoryItem TestCategory="Category1000" />
      </TestCategory>
      <Execution id="309405c0-d986-4aa5-9935-257dc53c459e" />
      <TestMethod codeBase="C:\Projekty\MSTestProject\bin\Debug\netcoreapp3.1\MSTestProject.dll" adapterTypeName="executor://mstestadapter/v2" className="TwojeWesele.Services.Helpers.Tests.CurrencyHelperTests" name="FormatToStringTest1000" />
    </UnitTest>
    <UnitTest name="FormatToStringTest1000 (10066.059180456241,10066.06 zł)" storage="c:\projekty\mstestproject\bin\debug\netcoreapp3.1\mstestproject.dll" id="414fb045-7c25-41cc-b345-4bbef9d87ffe">
      <TestCategory>
        <TestCategoryItem TestCategory="Category1000" />
      </TestCategory>
      <Execution id="f4b0d595-1b29-4346-9d2e-724aaab29f0b" />
      <TestMethod codeBase="C:\Projekty\MSTestProject\bin\Debug\netcoreapp3.1\MSTestProject.dll" adapterTypeName="executor://mstestadapter/v2" className="TwojeWesele.Services.Helpers.Tests.CurrencyHelperTests" name="FormatToStringTest1000" />
    </UnitTest>
    <UnitTest name="FormatToStringTest1000 (39178.05988345298,39178.06 zł)" storage="c:\projekty\mstestproject\bin\debug\netcoreapp3.1\mstestproject.dll" id="2ff86583-bea5-4fbf-945b-00d39f866c35">
      <TestCategory>
        <TestCategoryItem TestCategory="Category1000" />
      </TestCategory>
      <Execution id="8dbeac2d-3b4e-436a-99e4-1f4aaa87111e" />
      <TestMethod codeBase="C:\Projekty\MSTestProject\bin\Debug\netcoreapp3.1\MSTestProject.dll" adapterTypeName="executor://mstestadapter/v2" className="TwojeWesele.Services.Helpers.Tests.CurrencyHelperTests" name="FormatToStringTest1000" />
    </UnitTest>
    <UnitTest name="FormatToStringTest1000 (68770.73008707525,68770.73 zł)" storage="c:\projekty\mstestproject\bin\debug\netcoreapp3.1\mstestproject.dll" id="89627097-6ac7-44e9-adee-9d2857e49e10">
      <TestCategory>
        <TestCategoryItem TestCategory="Category1000" />
      </TestCategory>
      <Execution id="67a997b2-e71b-4ef2-be4d-1c17e97d06d7" />
      <TestMethod codeBase="C:\Projekty\MSTestProject\bin\Debug\netcoreapp3.1\MSTestProject.dll" adapterTypeName="executor://mstestadapter/v2" className="TwojeWesele.Services.Helpers.Tests.CurrencyHelperTests" name="FormatToStringTest1000" />
    </UnitTest>
    <UnitTest name="FormatToStringTest1000 (8095.485677032492,8095.49 zł)" storage="c:\projekty\mstestproject\bin\debug\netcoreapp3.1\mstestproject.dll" id="317d6e9e-b7ff-489f-b143-658a2f31b9eb">
      <TestCategory>
        <TestCategoryItem TestCategory="Category1000" />
      </TestCategory>
      <Execution id="92bdadd2-ea0e-4390-aca8-daeecd30b3e4" />
      <TestMethod codeBase="C:\Projekty\MSTestProject\bin\Debug\netcoreapp3.1\MSTestProject.dll" adapterTypeName="executor://mstestadapter/v2" className="TwojeWesele.Services.Helpers.Tests.CurrencyHelperTests" name="FormatToStringTest1000" />
    </UnitTest>
    <UnitTest name="FormatToStringTest1000 (68011.49219071423,68011.49 zł)" storage="c:\projekty\mstestproject\bin\debug\netcoreapp3.1\mstestproject.dll" id="4a1583c6-7752-4157-8bcb-86164eabe848">
      <TestCategory>
        <TestCategoryItem TestCategory="Category1000" />
      </TestCategory>
      <Execution id="bc0811f5-dd1b-421b-a990-11a5a49174aa" />
      <TestMethod codeBase="C:\Projekty\MSTestProject\bin\Debug\netcoreapp3.1\MSTestProject.dll" adapterTypeName="executor://mstestadapter/v2" className="TwojeWesele.Services.Helpers.Tests.CurrencyHelperTests" name="FormatToStringTest1000" />
    </UnitTest>
    <UnitTest name="FormatToStringTest1000 (68698.01923441609,68698.02 zł)" storage="c:\projekty\mstestproject\bin\debug\netcoreapp3.1\mstestproject.dll" id="245bcab3-8a35-4760-b817-0565f4311aa8">
      <TestCategory>
        <TestCategoryItem TestCategory="Category1000" />
      </TestCategory>
      <Execution id="a7f6cf0a-7090-47e5-b963-b482c7aebb47" />
      <TestMethod codeBase="C:\Projekty\MSTestProject\bin\Debug\netcoreapp3.1\MSTestProject.dll" adapterTypeName="executor://mstestadapter/v2" className="TwojeWesele.Services.Helpers.Tests.CurrencyHelperTests" name="FormatToStringTest1000" />
    </UnitTest>
    <UnitTest name="FormatToStringTest1000 (10501.127379151585,10501.13 zł)" storage="c:\projekty\mstestproject\bin\debug\netcoreapp3.1\mstestproject.dll" id="8890e7b7-f482-4e20-80f8-b3f99845f768">
      <TestCategory>
        <TestCategoryItem TestCategory="Category1000" />
      </TestCategory>
      <Execution id="b3547b30-392d-41d7-8930-ac593545d7a8" />
      <TestMethod codeBase="C:\Projekty\MSTestProject\bin\Debug\netcoreapp3.1\MSTestProject.dll" adapterTypeName="executor://mstestadapter/v2" className="TwojeWesele.Services.Helpers.Tests.CurrencyHelperTests" name="FormatToStringTest1000" />
    </UnitTest>
    <UnitTest name="FormatToStringTest1000 (15520.346099893259,15520.35 zł)" storage="c:\projekty\mstestproject\bin\debug\netcoreapp3.1\mstestproject.dll" id="02f7b60e-6707-4489-965c-f4af5b32b5cb">
      <TestCategory>
        <TestCategoryItem TestCategory="Category1000" />
      </TestCategory>
      <Execution id="6eba1cd0-d8b7-4d73-a3b6-3428428877a3" />
      <TestMethod codeBase="C:\Projekty\MSTestProject\bin\Debug\netcoreapp3.1\MSTestProject.dll" adapterTypeName="executor://mstestadapter/v2" className="TwojeWesele.Services.Helpers.Tests.CurrencyHelperTests" name="FormatToStringTest1000" />
    </UnitTest>
    <UnitTest name="FormatToStringTest1000 (577.6071367564645,577.61 zł)" storage="c:\projekty\mstestproject\bin\debug\netcoreapp3.1\mstestproject.dll" id="32e9b99e-bbd9-4ad0-8b25-58835048646b">
      <TestCategory>
        <TestCategoryItem TestCategory="Category1000" />
      </TestCategory>
      <Execution id="1f209c37-6320-444f-91fb-6f9198130f05" />
      <TestMethod codeBase="C:\Projekty\MSTestProject\bin\Debug\netcoreapp3.1\MSTestProject.dll" adapterTypeName="executor://mstestadapter/v2" className="TwojeWesele.Services.Helpers.Tests.CurrencyHelperTests" name="FormatToStringTest1000" />
    </UnitTest>
    <UnitTest name="FormatToStringTest1000 (12429.698213906819,12429.70 zł)" storage="c:\projekty\mstestproject\bin\debug\netcoreapp3.1\mstestproject.dll" id="83f7b4de-ed84-4815-a96b-93e2daa9b292">
      <TestCategory>
        <TestCategoryItem TestCategory="Category1000" />
      </TestCategory>
      <Execution id="89e77d8f-1aec-466c-b3ce-0886400813bb" />
      <TestMethod codeBase="C:\Projekty\MSTestProject\bin\Debug\netcoreapp3.1\MSTestProject.dll" adapterTypeName="executor://mstestadapter/v2" className="TwojeWesele.Services.Helpers.Tests.CurrencyHelperTests" name="FormatToStringTest1000" />
    </UnitTest>
    <UnitTest name="FormatToStringTest1000 (23684.695462791573,23684.70 zł)" storage="c:\projekty\mstestproject\bin\debug\netcoreapp3.1\mstestproject.dll" id="e588fde1-7b3b-4429-8e8d-a57f4a6db9bf">
      <TestCategory>
        <TestCategoryItem TestCategory="Category1000" />
      </TestCategory>
      <Execution id="efa5936e-5f61-4df9-ab84-2f05017220df" />
      <TestMethod codeBase="C:\Projekty\MSTestProject\bin\Debug\netcoreapp3.1\MSTestProject.dll" adapterTypeName="executor://mstestadapter/v2" className="TwojeWesele.Services.Helpers.Tests.CurrencyHelperTests" name="FormatToStringTest1000" />
    </UnitTest>
    <UnitTest name="FormatToStringTest1000 (1562.3173604776698,1562.32 zł)" storage="c:\projekty\mstestproject\bin\debug\netcoreapp3.1\mstestproject.dll" id="cb563442-be53-4519-8472-e76d20092fb7">
      <TestCategory>
        <TestCategoryItem TestCategory="Category1000" />
      </TestCategory>
      <Execution id="6dc901f8-c41c-488f-ab10-84d1a24faba1" />
      <TestMethod codeBase="C:\Projekty\MSTestProject\bin\Debug\netcoreapp3.1\MSTestProject.dll" adapterTypeName="executor://mstestadapter/v2" className="TwojeWesele.Services.Helpers.Tests.CurrencyHelperTests" name="FormatToStringTest1000" />
    </UnitTest>
    <UnitTest name="FormatToStringTest1000 (96261.84883437205,96261.85 zł)" storage="c:\projekty\mstestproject\bin\debug\netcoreapp3.1\mstestproject.dll" id="b92f2522-611c-4320-9e97-2c52aae8c171">
      <TestCategory>
        <TestCategoryItem TestCategory="Category1000" />
      </TestCategory>
      <Execution id="99b360ef-9711-42bf-8e1d-a75cfcfeede1" />
      <TestMethod codeBase="C:\Projekty\MSTestProject\bin\Debug\netcoreapp3.1\MSTestProject.dll" adapterTypeName="executor://mstestadapter/v2" className="TwojeWesele.Services.Helpers.Tests.CurrencyHelperTests" name="FormatToStringTest1000" />
    </UnitTest>
    <UnitTest name="FormatToStringTest1000 (29678.921519093645,29678.92 zł)" storage="c:\projekty\mstestproject\bin\debug\netcoreapp3.1\mstestproject.dll" id="eafe97a0-cf4e-4f7b-bbae-8819ad7c69c3">
      <TestCategory>
        <TestCategoryItem TestCategory="Category1000" />
      </TestCategory>
      <Execution id="38297813-59d5-41a8-87cb-4a6f15ff0de4" />
      <TestMethod codeBase="C:\Projekty\MSTestProject\bin\Debug\netcoreapp3.1\MSTestProject.dll" adapterTypeName="executor://mstestadapter/v2" className="TwojeWesele.Services.Helpers.Tests.CurrencyHelperTests" name="FormatToStringTest1000" />
    </UnitTest>
    <UnitTest name="FormatToStringTest1000 (806.960597043373,806.96 zł)" storage="c:\projekty\mstestproject\bin\debug\netcoreapp3.1\mstestproject.dll" id="b6885a2c-51a0-4443-83bf-6b04fdc1a283">
      <TestCategory>
        <TestCategoryItem TestCategory="Category1000" />
      </TestCategory>
      <Execution id="33549581-79dc-423c-b822-7dafb5ec6bb6" />
      <TestMethod codeBase="C:\Projekty\MSTestProject\bin\Debug\netcoreapp3.1\MSTestProject.dll" adapterTypeName="executor://mstestadapter/v2" className="TwojeWesele.Services.Helpers.Tests.CurrencyHelperTests" name="FormatToStringTest1000" />
    </UnitTest>
    <UnitTest name="FormatToStringTest1000 (20497.107923553376,20497.11 zł)" storage="c:\projekty\mstestproject\bin\debug\netcoreapp3.1\mstestproject.dll" id="c2590f7c-a212-4f91-923e-518ec826ee7a">
      <TestCategory>
        <TestCategoryItem TestCategory="Category1000" />
      </TestCategory>
      <Execution id="5b8c011a-489d-40d5-a485-8894a1a69d5d" />
      <TestMethod codeBase="C:\Projekty\MSTestProject\bin\Debug\netcoreapp3.1\MSTestProject.dll" adapterTypeName="executor://mstestadapter/v2" className="TwojeWesele.Services.Helpers.Tests.CurrencyHelperTests" name="FormatToStringTest1000" />
    </UnitTest>
    <UnitTest name="FormatToStringTest1000 (20643.69044446465,20643.69 zł)" storage="c:\projekty\mstestproject\bin\debug\netcoreapp3.1\mstestproject.dll" id="8ff0a39c-b7f1-4309-a6dc-6aa214bf64b0">
      <TestCategory>
        <TestCategoryItem TestCategory="Category1000" />
      </TestCategory>
      <Execution id="9e15ff8b-4ce5-4a55-9af5-c17b3e635598" />
      <TestMethod codeBase="C:\Projekty\MSTestProject\bin\Debug\netcoreapp3.1\MSTestProject.dll" adapterTypeName="executor://mstestadapter/v2" className="TwojeWesele.Services.Helpers.Tests.CurrencyHelperTests" name="FormatToStringTest1000" />
    </UnitTest>
    <UnitTest name="FormatToStringTest1000 (5876.112133716285,5876.11 zł)" storage="c:\projekty\mstestproject\bin\debug\netcoreapp3.1\mstestproject.dll" id="acbd9fa2-aaee-47c7-8f7b-ba5837a3a9f1">
      <TestCategory>
        <TestCategoryItem TestCategory="Category1000" />
      </TestCategory>
      <Execution id="c4d85222-18b9-40d5-97df-f86d05155fcf" />
      <TestMethod codeBase="C:\Projekty\MSTestProject\bin\Debug\netcoreapp3.1\MSTestProject.dll" adapterTypeName="executor://mstestadapter/v2" className="TwojeWesele.Services.Helpers.Tests.CurrencyHelperTests" name="FormatToStringTest1000" />
    </UnitTest>
    <UnitTest name="FormatToStringTest1000 (1687.6029180025694,1687.60 zł)" storage="c:\projekty\mstestproject\bin\debug\netcoreapp3.1\mstestproject.dll" id="3c7e422c-aa9f-4ed5-a870-9f6241071511">
      <TestCategory>
        <TestCategoryItem TestCategory="Category1000" />
      </TestCategory>
      <Execution id="128a0b00-3117-41d7-86aa-bae08f313039" />
      <TestMethod codeBase="C:\Projekty\MSTestProject\bin\Debug\netcoreapp3.1\MSTestProject.dll" adapterTypeName="executor://mstestadapter/v2" className="TwojeWesele.Services.Helpers.Tests.CurrencyHelperTests" name="FormatToStringTest1000" />
    </UnitTest>
    <UnitTest name="FormatToStringTest1000 (23174.85693288448,23174.86 zł)" storage="c:\projekty\mstestproject\bin\debug\netcoreapp3.1\mstestproject.dll" id="30e8cfe8-2f46-4707-b375-2735cf000ce7">
      <TestCategory>
        <TestCategoryItem TestCategory="Category1000" />
      </TestCategory>
      <Execution id="ff9a4253-898f-43d8-8d4a-fea65a68a2ca" />
      <TestMethod codeBase="C:\Projekty\MSTestProject\bin\Debug\netcoreapp3.1\MSTestProject.dll" adapterTypeName="executor://mstestadapter/v2" className="TwojeWesele.Services.Helpers.Tests.CurrencyHelperTests" name="FormatToStringTest1000" />
    </UnitTest>
    <UnitTest name="FormatToStringTest1000 (16825.83099003268,16825.83 zł)" storage="c:\projekty\mstestproject\bin\debug\netcoreapp3.1\mstestproject.dll" id="f897b982-08a6-49c1-b5c3-c57b1ef58444">
      <TestCategory>
        <TestCategoryItem TestCategory="Category1000" />
      </TestCategory>
      <Execution id="0048fee4-58c6-4e11-b254-6cbce633d552" />
      <TestMethod codeBase="C:\Projekty\MSTestProject\bin\Debug\netcoreapp3.1\MSTestProject.dll" adapterTypeName="executor://mstestadapter/v2" className="TwojeWesele.Services.Helpers.Tests.CurrencyHelperTests" name="FormatToStringTest1000" />
    </UnitTest>
    <UnitTest name="FormatToStringTest1000 (67380.07704875062,67380.08 zł)" storage="c:\projekty\mstestproject\bin\debug\netcoreapp3.1\mstestproject.dll" id="97d0abb2-3078-4186-88e9-5b5ca33b71ec">
      <TestCategory>
        <TestCategoryItem TestCategory="Category1000" />
      </TestCategory>
      <Execution id="c7a2757d-527c-4555-bb0e-2809b581bd24" />
      <TestMethod codeBase="C:\Projekty\MSTestProject\bin\Debug\netcoreapp3.1\MSTestProject.dll" adapterTypeName="executor://mstestadapter/v2" className="TwojeWesele.Services.Helpers.Tests.CurrencyHelperTests" name="FormatToStringTest1000" />
    </UnitTest>
    <UnitTest name="FormatToStringTest1000 (8492.904747505161,8492.90 zł)" storage="c:\projekty\mstestproject\bin\debug\netcoreapp3.1\mstestproject.dll" id="fe7de03f-3fa9-4c58-8df3-a01e980428ae">
      <TestCategory>
        <TestCategoryItem TestCategory="Category1000" />
      </TestCategory>
      <Execution id="6168cfd2-47d9-4e13-9292-7a653cc5e819" />
      <TestMethod codeBase="C:\Projekty\MSTestProject\bin\Debug\netcoreapp3.1\MSTestProject.dll" adapterTypeName="executor://mstestadapter/v2" className="TwojeWesele.Services.Helpers.Tests.CurrencyHelperTests" name="FormatToStringTest1000" />
    </UnitTest>
    <UnitTest name="FormatToStringTest1000 (19392.945535027862,19392.95 zł)" storage="c:\projekty\mstestproject\bin\debug\netcoreapp3.1\mstestproject.dll" id="b624eb1d-69e9-48ac-8f96-2000ef208ba1">
      <TestCategory>
        <TestCategoryItem TestCategory="Category1000" />
      </TestCategory>
      <Execution id="9c8014f0-58bf-427b-b06b-9e619a93c5f1" />
      <TestMethod codeBase="C:\Projekty\MSTestProject\bin\Debug\netcoreapp3.1\MSTestProject.dll" adapterTypeName="executor://mstestadapter/v2" className="TwojeWesele.Services.Helpers.Tests.CurrencyHelperTests" name="FormatToStringTest1000" />
    </UnitTest>
    <UnitTest name="FormatToStringTest1000 (40400.9734049295,40400.97 zł)" storage="c:\projekty\mstestproject\bin\debug\netcoreapp3.1\mstestproject.dll" id="6d755d59-3b34-409e-806c-2ed220e17d08">
      <TestCategory>
        <TestCategoryItem TestCategory="Category1000" />
      </TestCategory>
      <Execution id="03684f74-0f7f-4018-bb53-467cc9e8bee2" />
      <TestMethod codeBase="C:\Projekty\MSTestProject\bin\Debug\netcoreapp3.1\MSTestProject.dll" adapterTypeName="executor://mstestadapter/v2" className="TwojeWesele.Services.Helpers.Tests.CurrencyHelperTests" name="FormatToStringTest1000" />
    </UnitTest>
    <UnitTest name="FormatToStringTest1000 (12118.31777677048,12118.32 zł)" storage="c:\projekty\mstestproject\bin\debug\netcoreapp3.1\mstestproject.dll" id="b7d574aa-8fb7-432b-8bf1-d6a81f40bfc2">
      <TestCategory>
        <TestCategoryItem TestCategory="Category1000" />
      </TestCategory>
      <Execution id="50d232e2-d2aa-42d4-adac-84a8b52810cf" />
      <TestMethod codeBase="C:\Projekty\MSTestProject\bin\Debug\netcoreapp3.1\MSTestProject.dll" adapterTypeName="executor://mstestadapter/v2" className="TwojeWesele.Services.Helpers.Tests.CurrencyHelperTests" name="FormatToStringTest1000" />
    </UnitTest>
    <UnitTest name="FormatToStringTest1000 (38904.87092920806,38904.87 zł)" storage="c:\projekty\mstestproject\bin\debug\netcoreapp3.1\mstestproject.dll" id="4017cde1-1465-48cb-ae00-2c398559e6b6">
      <TestCategory>
        <TestCategoryItem TestCategory="Category1000" />
      </TestCategory>
      <Execution id="fe20843c-7862-42ac-9172-4142061dd449" />
      <TestMethod codeBase="C:\Projekty\MSTestProject\bin\Debug\netcoreapp3.1\MSTestProject.dll" adapterTypeName="executor://mstestadapter/v2" className="TwojeWesele.Services.Helpers.Tests.CurrencyHelperTests" name="FormatToStringTest1000" />
    </UnitTest>
    <UnitTest name="FormatToStringTest1000 (25440.18371476614,25440.18 zł)" storage="c:\projekty\mstestproject\bin\debug\netcoreapp3.1\mstestproject.dll" id="641f1c76-01e0-4b16-8d8f-f1a8aa35168b">
      <TestCategory>
        <TestCategoryItem TestCategory="Category1000" />
      </TestCategory>
      <Execution id="4b9f3797-ffe6-4856-986c-3dd4d0a12eb6" />
      <TestMethod codeBase="C:\Projekty\MSTestProject\bin\Debug\netcoreapp3.1\MSTestProject.dll" adapterTypeName="executor://mstestadapter/v2" className="TwojeWesele.Services.Helpers.Tests.CurrencyHelperTests" name="FormatToStringTest1000" />
    </UnitTest>
    <UnitTest name="FormatToStringTest1000 (75024.79122970243,75024.79 zł)" storage="c:\projekty\mstestproject\bin\debug\netcoreapp3.1\mstestproject.dll" id="72cbe45a-68f5-48d7-bc01-879de912aeb5">
      <TestCategory>
        <TestCategoryItem TestCategory="Category1000" />
      </TestCategory>
      <Execution id="45a9e964-9a89-4b2e-8bc8-6390482473a4" />
      <TestMethod codeBase="C:\Projekty\MSTestProject\bin\Debug\netcoreapp3.1\MSTestProject.dll" adapterTypeName="executor://mstestadapter/v2" className="TwojeWesele.Services.Helpers.Tests.CurrencyHelperTests" name="FormatToStringTest1000" />
    </UnitTest>
    <UnitTest name="FormatToStringTest1000 (3646.857719214101,3646.86 zł)" storage="c:\projekty\mstestproject\bin\debug\netcoreapp3.1\mstestproject.dll" id="c3982acd-3ffc-481e-87ce-8f58bbd5b8da">
      <TestCategory>
        <TestCategoryItem TestCategory="Category1000" />
      </TestCategory>
      <Execution id="5ed7af13-ac22-4149-88b1-41ed8ad01f4e" />
      <TestMethod codeBase="C:\Projekty\MSTestProject\bin\Debug\netcoreapp3.1\MSTestProject.dll" adapterTypeName="executor://mstestadapter/v2" className="TwojeWesele.Services.Helpers.Tests.CurrencyHelperTests" name="FormatToStringTest1000" />
    </UnitTest>
    <UnitTest name="FormatToStringTest1000 (16511.26921423537,16511.27 zł)" storage="c:\projekty\mstestproject\bin\debug\netcoreapp3.1\mstestproject.dll" id="6d90d0d9-731a-42a6-9a00-40515c80268c">
      <TestCategory>
        <TestCategoryItem TestCategory="Category1000" />
      </TestCategory>
      <Execution id="a0c75238-bf43-4eec-b175-1fb8bf716d25" />
      <TestMethod codeBase="C:\Projekty\MSTestProject\bin\Debug\netcoreapp3.1\MSTestProject.dll" adapterTypeName="executor://mstestadapter/v2" className="TwojeWesele.Services.Helpers.Tests.CurrencyHelperTests" name="FormatToStringTest1000" />
    </UnitTest>
    <UnitTest name="FormatToStringTest1000 (47256.065730817645,47256.07 zł)" storage="c:\projekty\mstestproject\bin\debug\netcoreapp3.1\mstestproject.dll" id="c62f10bd-3ba4-4020-adcc-ed84edf51bab">
      <TestCategory>
        <TestCategoryItem TestCategory="Category1000" />
      </TestCategory>
      <Execution id="d39b0dc0-34b5-44a5-8d56-a863d35d4346" />
      <TestMethod codeBase="C:\Projekty\MSTestProject\bin\Debug\netcoreapp3.1\MSTestProject.dll" adapterTypeName="executor://mstestadapter/v2" className="TwojeWesele.Services.Helpers.Tests.CurrencyHelperTests" name="FormatToStringTest1000" />
    </UnitTest>
    <UnitTest name="FormatToStringTest1000 (17000.070169619317,17000.07 zł)" storage="c:\projekty\mstestproject\bin\debug\netcoreapp3.1\mstestproject.dll" id="6ada5bdd-5882-4531-b6af-f8c3faa61ba5">
      <TestCategory>
        <TestCategoryItem TestCategory="Category1000" />
      </TestCategory>
      <Execution id="6b3157d8-eb54-4722-8574-8d8bea45ffb3" />
      <TestMethod codeBase="C:\Projekty\MSTestProject\bin\Debug\netcoreapp3.1\MSTestProject.dll" adapterTypeName="executor://mstestadapter/v2" className="TwojeWesele.Services.Helpers.Tests.CurrencyHelperTests" name="FormatToStringTest1000" />
    </UnitTest>
    <UnitTest name="FormatToStringTest1000 (33251.41907856028,33251.42 zł)" storage="c:\projekty\mstestproject\bin\debug\netcoreapp3.1\mstestproject.dll" id="198d9815-24ea-4083-94d0-6503bbebbb32">
      <TestCategory>
        <TestCategoryItem TestCategory="Category1000" />
      </TestCategory>
      <Execution id="b9b35ef0-4aca-4073-9a1e-c7636877802a" />
      <TestMethod codeBase="C:\Projekty\MSTestProject\bin\Debug\netcoreapp3.1\MSTestProject.dll" adapterTypeName="executor://mstestadapter/v2" className="TwojeWesele.Services.Helpers.Tests.CurrencyHelperTests" name="FormatToStringTest1000" />
    </UnitTest>
    <UnitTest name="FormatToStringTest1000 (10641.263377953444,10641.26 zł)" storage="c:\projekty\mstestproject\bin\debug\netcoreapp3.1\mstestproject.dll" id="8af43166-a896-4a1a-b01c-65446320deee">
      <TestCategory>
        <TestCategoryItem TestCategory="Category1000" />
      </TestCategory>
      <Execution id="25846d98-82a5-4d1c-9a24-61a4e589c439" />
      <TestMethod codeBase="C:\Projekty\MSTestProject\bin\Debug\netcoreapp3.1\MSTestProject.dll" adapterTypeName="executor://mstestadapter/v2" className="TwojeWesele.Services.Helpers.Tests.CurrencyHelperTests" name="FormatToStringTest1000" />
    </UnitTest>
    <UnitTest name="FormatToStringTest1000 (7621.507806692509,7621.51 zł)" storage="c:\projekty\mstestproject\bin\debug\netcoreapp3.1\mstestproject.dll" id="efd2cb9f-7f36-473e-b2f7-879eef8eca1b">
      <TestCategory>
        <TestCategoryItem TestCategory="Category1000" />
      </TestCategory>
      <Execution id="eb885495-cd20-4fb5-948a-392d7aff64f8" />
      <TestMethod codeBase="C:\Projekty\MSTestProject\bin\Debug\netcoreapp3.1\MSTestProject.dll" adapterTypeName="executor://mstestadapter/v2" className="TwojeWesele.Services.Helpers.Tests.CurrencyHelperTests" name="FormatToStringTest1000" />
    </UnitTest>
    <UnitTest name="FormatToStringTest1000 (30626.373939456127,30626.37 zł)" storage="c:\projekty\mstestproject\bin\debug\netcoreapp3.1\mstestproject.dll" id="1233d17d-68dc-482e-83ce-a46dbf301fe6">
      <TestCategory>
        <TestCategoryItem TestCategory="Category1000" />
      </TestCategory>
      <Execution id="537aa1dc-774b-4964-b519-2ae528826e19" />
      <TestMethod codeBase="C:\Projekty\MSTestProject\bin\Debug\netcoreapp3.1\MSTestProject.dll" adapterTypeName="executor://mstestadapter/v2" className="TwojeWesele.Services.Helpers.Tests.CurrencyHelperTests" name="FormatToStringTest1000" />
    </UnitTest>
    <UnitTest name="FormatToStringTest1000 (16037.01783290087,16037.02 zł)" storage="c:\projekty\mstestproject\bin\debug\netcoreapp3.1\mstestproject.dll" id="055e4ebd-678a-4b55-bdf3-6255f0bff5a0">
      <TestCategory>
        <TestCategoryItem TestCategory="Category1000" />
      </TestCategory>
      <Execution id="ee8317cf-54df-41f6-bbc7-d0b2d9f03303" />
      <TestMethod codeBase="C:\Projekty\MSTestProject\bin\Debug\netcoreapp3.1\MSTestProject.dll" adapterTypeName="executor://mstestadapter/v2" className="TwojeWesele.Services.Helpers.Tests.CurrencyHelperTests" name="FormatToStringTest1000" />
    </UnitTest>
    <UnitTest name="FormatToStringTest1000 (14475.498583194567,14475.50 zł)" storage="c:\projekty\mstestproject\bin\debug\netcoreapp3.1\mstestproject.dll" id="363bc344-f7d9-4882-9aab-b3e4ca5b0ce6">
      <TestCategory>
        <TestCategoryItem TestCategory="Category1000" />
      </TestCategory>
      <Execution id="a5d66627-d914-41ae-b10e-953100d86c12" />
      <TestMethod codeBase="C:\Projekty\MSTestProject\bin\Debug\netcoreapp3.1\MSTestProject.dll" adapterTypeName="executor://mstestadapter/v2" className="TwojeWesele.Services.Helpers.Tests.CurrencyHelperTests" name="FormatToStringTest1000" />
    </UnitTest>
    <UnitTest name="FormatToStringTest1000 (7813.027778348433,7813.03 zł)" storage="c:\projekty\mstestproject\bin\debug\netcoreapp3.1\mstestproject.dll" id="0471e78f-1e39-44bd-92e9-db6d8f4f065f">
      <TestCategory>
        <TestCategoryItem TestCategory="Category1000" />
      </TestCategory>
      <Execution id="5685c2e6-07cc-41b0-af99-ea7fb7bf529b" />
      <TestMethod codeBase="C:\Projekty\MSTestProject\bin\Debug\netcoreapp3.1\MSTestProject.dll" adapterTypeName="executor://mstestadapter/v2" className="TwojeWesele.Services.Helpers.Tests.CurrencyHelperTests" name="FormatToStringTest1000" />
    </UnitTest>
    <UnitTest name="FormatToStringTest1000 (7458.609645228652,7458.61 zł)" storage="c:\projekty\mstestproject\bin\debug\netcoreapp3.1\mstestproject.dll" id="7b95677c-f9df-4e4a-8374-df223a2a7498">
      <TestCategory>
        <TestCategoryItem TestCategory="Category1000" />
      </TestCategory>
      <Execution id="6975f7b2-ab43-439e-bb6d-9b4bd80dfa56" />
      <TestMethod codeBase="C:\Projekty\MSTestProject\bin\Debug\netcoreapp3.1\MSTestProject.dll" adapterTypeName="executor://mstestadapter/v2" className="TwojeWesele.Services.Helpers.Tests.CurrencyHelperTests" name="FormatToStringTest1000" />
    </UnitTest>
    <UnitTest name="FormatToStringTest1000 (34458.5406463512,34458.54 zł)" storage="c:\projekty\mstestproject\bin\debug\netcoreapp3.1\mstestproject.dll" id="c0c52051-1c34-4a8b-9559-f99998c13a75">
      <TestCategory>
        <TestCategoryItem TestCategory="Category1000" />
      </TestCategory>
      <Execution id="0df34596-b13b-45ab-bea1-463f2add7202" />
      <TestMethod codeBase="C:\Projekty\MSTestProject\bin\Debug\netcoreapp3.1\MSTestProject.dll" adapterTypeName="executor://mstestadapter/v2" className="TwojeWesele.Services.Helpers.Tests.CurrencyHelperTests" name="FormatToStringTest1000" />
    </UnitTest>
    <UnitTest name="FormatToStringTest1000 (30126.012320622805,30126.01 zł)" storage="c:\projekty\mstestproject\bin\debug\netcoreapp3.1\mstestproject.dll" id="4d048020-5c59-43d1-8935-d521e555cbbc">
      <TestCategory>
        <TestCategoryItem TestCategory="Category1000" />
      </TestCategory>
      <Execution id="d01c14fc-4616-41fa-97c3-793b0c7c4273" />
      <TestMethod codeBase="C:\Projekty\MSTestProject\bin\Debug\netcoreapp3.1\MSTestProject.dll" adapterTypeName="executor://mstestadapter/v2" className="TwojeWesele.Services.Helpers.Tests.CurrencyHelperTests" name="FormatToStringTest1000" />
    </UnitTest>
    <UnitTest name="FormatToStringTest1000 (76751.79413498091,76751.79 zł)" storage="c:\projekty\mstestproject\bin\debug\netcoreapp3.1\mstestproject.dll" id="3c84153a-795c-4beb-8007-cf1b4c9317a6">
      <TestCategory>
        <TestCategoryItem TestCategory="Category1000" />
      </TestCategory>
      <Execution id="1c28d487-01b5-4d6b-a90a-b77a9c38c236" />
      <TestMethod codeBase="C:\Projekty\MSTestProject\bin\Debug\netcoreapp3.1\MSTestProject.dll" adapterTypeName="executor://mstestadapter/v2" className="TwojeWesele.Services.Helpers.Tests.CurrencyHelperTests" name="FormatToStringTest1000" />
    </UnitTest>
    <UnitTest name="FormatToStringTest1000 (835.1578487740633,835.16 zł)" storage="c:\projekty\mstestproject\bin\debug\netcoreapp3.1\mstestproject.dll" id="f74359f0-82a3-4e69-aaac-adefb11fe8a3">
      <TestCategory>
        <TestCategoryItem TestCategory="Category1000" />
      </TestCategory>
      <Execution id="849c96df-1b56-4bef-bb80-0e7cc7bf19ae" />
      <TestMethod codeBase="C:\Projekty\MSTestProject\bin\Debug\netcoreapp3.1\MSTestProject.dll" adapterTypeName="executor://mstestadapter/v2" className="TwojeWesele.Services.Helpers.Tests.CurrencyHelperTests" name="FormatToStringTest1000" />
    </UnitTest>
    <UnitTest name="FormatToStringTest1000 (27050.586848031067,27050.59 zł)" storage="c:\projekty\mstestproject\bin\debug\netcoreapp3.1\mstestproject.dll" id="5025028f-f357-4d5b-9209-77c77c78ade9">
      <TestCategory>
        <TestCategoryItem TestCategory="Category1000" />
      </TestCategory>
      <Execution id="92b871c7-9058-42f8-90fc-55e7c8cf1776" />
      <TestMethod codeBase="C:\Projekty\MSTestProject\bin\Debug\netcoreapp3.1\MSTestProject.dll" adapterTypeName="executor://mstestadapter/v2" className="TwojeWesele.Services.Helpers.Tests.CurrencyHelperTests" name="FormatToStringTest1000" />
    </UnitTest>
    <UnitTest name="FormatToStringTest1000 (24957.469502810607,24957.47 zł)" storage="c:\projekty\mstestproject\bin\debug\netcoreapp3.1\mstestproject.dll" id="163433d2-2efb-41a8-8d8a-a953008b187d">
      <TestCategory>
        <TestCategoryItem TestCategory="Category1000" />
      </TestCategory>
      <Execution id="58ad6177-9732-40ef-bb56-0af21804f25b" />
      <TestMethod codeBase="C:\Projekty\MSTestProject\bin\Debug\netcoreapp3.1\MSTestProject.dll" adapterTypeName="executor://mstestadapter/v2" className="TwojeWesele.Services.Helpers.Tests.CurrencyHelperTests" name="FormatToStringTest1000" />
    </UnitTest>
    <UnitTest name="FormatToStringTest1000 (20116.958341299072,20116.96 zł)" storage="c:\projekty\mstestproject\bin\debug\netcoreapp3.1\mstestproject.dll" id="38247f40-ae52-4d13-a72b-df1cfdfe3ea8">
      <TestCategory>
        <TestCategoryItem TestCategory="Category1000" />
      </TestCategory>
      <Execution id="979ab9ef-16e4-4c2e-9c34-3b44c0d99204" />
      <TestMethod codeBase="C:\Projekty\MSTestProject\bin\Debug\netcoreapp3.1\MSTestProject.dll" adapterTypeName="executor://mstestadapter/v2" className="TwojeWesele.Services.Helpers.Tests.CurrencyHelperTests" name="FormatToStringTest1000" />
    </UnitTest>
    <UnitTest name="FormatToStringTest1000 (5759.256266560991,5759.26 zł)" storage="c:\projekty\mstestproject\bin\debug\netcoreapp3.1\mstestproject.dll" id="6cc6f569-f9d9-4b5b-a658-e0952f94ab18">
      <TestCategory>
        <TestCategoryItem TestCategory="Category1000" />
      </TestCategory>
      <Execution id="dea4b986-5250-495e-8e11-cc694bae891c" />
      <TestMethod codeBase="C:\Projekty\MSTestProject\bin\Debug\netcoreapp3.1\MSTestProject.dll" adapterTypeName="executor://mstestadapter/v2" className="TwojeWesele.Services.Helpers.Tests.CurrencyHelperTests" name="FormatToStringTest1000" />
    </UnitTest>
    <UnitTest name="FormatToStringTest1000 (286.92120604539343,286.92 zł)" storage="c:\projekty\mstestproject\bin\debug\netcoreapp3.1\mstestproject.dll" id="f4e19b79-ada9-4f38-a4d7-ebae2ec794d0">
      <TestCategory>
        <TestCategoryItem TestCategory="Category1000" />
      </TestCategory>
      <Execution id="7e460521-49a8-479b-b218-c773550113c2" />
      <TestMethod codeBase="C:\Projekty\MSTestProject\bin\Debug\netcoreapp3.1\MSTestProject.dll" adapterTypeName="executor://mstestadapter/v2" className="TwojeWesele.Services.Helpers.Tests.CurrencyHelperTests" name="FormatToStringTest1000" />
    </UnitTest>
    <UnitTest name="FormatToStringTest1000 (750.5106571719566,750.51 zł)" storage="c:\projekty\mstestproject\bin\debug\netcoreapp3.1\mstestproject.dll" id="6ea0ff70-7e39-4be0-b7e4-d75ac0014912">
      <TestCategory>
        <TestCategoryItem TestCategory="Category1000" />
      </TestCategory>
      <Execution id="db2fc1bf-ab27-41be-a8ae-48ebadb2baa5" />
      <TestMethod codeBase="C:\Projekty\MSTestProject\bin\Debug\netcoreapp3.1\MSTestProject.dll" adapterTypeName="executor://mstestadapter/v2" className="TwojeWesele.Services.Helpers.Tests.CurrencyHelperTests" name="FormatToStringTest1000" />
    </UnitTest>
    <UnitTest name="FormatToStringTest1000 (6205.946199725357,6205.95 zł)" storage="c:\projekty\mstestproject\bin\debug\netcoreapp3.1\mstestproject.dll" id="27c07257-7317-4c41-99d3-94db634e8b0a">
      <TestCategory>
        <TestCategoryItem TestCategory="Category1000" />
      </TestCategory>
      <Execution id="df5adfe1-cad1-41a7-8838-1d6600c6fbc9" />
      <TestMethod codeBase="C:\Projekty\MSTestProject\bin\Debug\netcoreapp3.1\MSTestProject.dll" adapterTypeName="executor://mstestadapter/v2" className="TwojeWesele.Services.Helpers.Tests.CurrencyHelperTests" name="FormatToStringTest1000" />
    </UnitTest>
    <UnitTest name="FormatToStringTest1000 (72802.68569213277,72802.69 zł)" storage="c:\projekty\mstestproject\bin\debug\netcoreapp3.1\mstestproject.dll" id="48f6a7ac-a835-4c7d-86ef-d6845a3ab706">
      <TestCategory>
        <TestCategoryItem TestCategory="Category1000" />
      </TestCategory>
      <Execution id="50a4bdb9-648e-4c53-8c35-c40045c7930a" />
      <TestMethod codeBase="C:\Projekty\MSTestProject\bin\Debug\netcoreapp3.1\MSTestProject.dll" adapterTypeName="executor://mstestadapter/v2" className="TwojeWesele.Services.Helpers.Tests.CurrencyHelperTests" name="FormatToStringTest1000" />
    </UnitTest>
    <UnitTest name="FormatToStringTest1000 (9754.291367935619,9754.29 zł)" storage="c:\projekty\mstestproject\bin\debug\netcoreapp3.1\mstestproject.dll" id="06284805-5142-4239-8f47-2bae7eb0e4d4">
      <TestCategory>
        <TestCategoryItem TestCategory="Category1000" />
      </TestCategory>
      <Execution id="5139c1e5-a86d-4bd4-b2dd-349f0f51c160" />
      <TestMethod codeBase="C:\Projekty\MSTestProject\bin\Debug\netcoreapp3.1\MSTestProject.dll" adapterTypeName="executor://mstestadapter/v2" className="TwojeWesele.Services.Helpers.Tests.CurrencyHelperTests" name="FormatToStringTest1000" />
    </UnitTest>
    <UnitTest name="FormatToStringTest1000 (15190.097283723344,15190.10 zł)" storage="c:\projekty\mstestproject\bin\debug\netcoreapp3.1\mstestproject.dll" id="a314c471-9733-4ad7-96d8-111c06ed5d30">
      <TestCategory>
        <TestCategoryItem TestCategory="Category1000" />
      </TestCategory>
      <Execution id="6b78bcbf-2336-485d-91cc-f149946ce860" />
      <TestMethod codeBase="C:\Projekty\MSTestProject\bin\Debug\netcoreapp3.1\MSTestProject.dll" adapterTypeName="executor://mstestadapter/v2" className="TwojeWesele.Services.Helpers.Tests.CurrencyHelperTests" name="FormatToStringTest1000" />
    </UnitTest>
    <UnitTest name="FormatToStringTest1000 (46607.970025941715,46607.97 zł)" storage="c:\projekty\mstestproject\bin\debug\netcoreapp3.1\mstestproject.dll" id="705947c9-f9cf-4e0c-9ca2-d7596c513db2">
      <TestCategory>
        <TestCategoryItem TestCategory="Category1000" />
      </TestCategory>
      <Execution id="53b7bd73-70f9-4156-8b62-70a076f50d1c" />
      <TestMethod codeBase="C:\Projekty\MSTestProject\bin\Debug\netcoreapp3.1\MSTestProject.dll" adapterTypeName="executor://mstestadapter/v2" className="TwojeWesele.Services.Helpers.Tests.CurrencyHelperTests" name="FormatToStringTest1000" />
    </UnitTest>
    <UnitTest name="FormatToStringTest1000 (28155.26504817664,28155.27 zł)" storage="c:\projekty\mstestproject\bin\debug\netcoreapp3.1\mstestproject.dll" id="a91cc4a8-e812-43b6-af91-1200f3eb62e7">
      <TestCategory>
        <TestCategoryItem TestCategory="Category1000" />
      </TestCategory>
      <Execution id="9dab8354-8f23-4331-8ca4-d96ea7678d84" />
      <TestMethod codeBase="C:\Projekty\MSTestProject\bin\Debug\netcoreapp3.1\MSTestProject.dll" adapterTypeName="executor://mstestadapter/v2" className="TwojeWesele.Services.Helpers.Tests.CurrencyHelperTests" name="FormatToStringTest1000" />
    </UnitTest>
    <UnitTest name="FormatToStringTest1000 (6752.510462437062,6752.51 zł)" storage="c:\projekty\mstestproject\bin\debug\netcoreapp3.1\mstestproject.dll" id="8c321e3c-2328-44d5-b8aa-a8741c24546c">
      <TestCategory>
        <TestCategoryItem TestCategory="Category1000" />
      </TestCategory>
      <Execution id="bc7a56d7-9901-4ecf-ab2b-72fa5e5d9088" />
      <TestMethod codeBase="C:\Projekty\MSTestProject\bin\Debug\netcoreapp3.1\MSTestProject.dll" adapterTypeName="executor://mstestadapter/v2" className="TwojeWesele.Services.Helpers.Tests.CurrencyHelperTests" name="FormatToStringTest1000" />
    </UnitTest>
    <UnitTest name="FormatToStringTest1000 (89093.57120939044,89093.57 zł)" storage="c:\projekty\mstestproject\bin\debug\netcoreapp3.1\mstestproject.dll" id="dc56e640-8bb2-4340-9c06-84df318743d4">
      <TestCategory>
        <TestCategoryItem TestCategory="Category1000" />
      </TestCategory>
      <Execution id="09103832-d9a0-49c5-8a59-46ba1c10a9d5" />
      <TestMethod codeBase="C:\Projekty\MSTestProject\bin\Debug\netcoreapp3.1\MSTestProject.dll" adapterTypeName="executor://mstestadapter/v2" className="TwojeWesele.Services.Helpers.Tests.CurrencyHelperTests" name="FormatToStringTest1000" />
    </UnitTest>
    <UnitTest name="FormatToStringTest1000 (47964.941885361884,47964.94 zł)" storage="c:\projekty\mstestproject\bin\debug\netcoreapp3.1\mstestproject.dll" id="b22a4053-3a46-486a-8be0-338081f7cd3a">
      <TestCategory>
        <TestCategoryItem TestCategory="Category1000" />
      </TestCategory>
      <Execution id="08886adf-4376-42d8-bb50-58646ffbffd2" />
      <TestMethod codeBase="C:\Projekty\MSTestProject\bin\Debug\netcoreapp3.1\MSTestProject.dll" adapterTypeName="executor://mstestadapter/v2" className="TwojeWesele.Services.Helpers.Tests.CurrencyHelperTests" name="FormatToStringTest1000" />
    </UnitTest>
    <UnitTest name="FormatToStringTest1000 (13503.943645929892,13503.94 zł)" storage="c:\projekty\mstestproject\bin\debug\netcoreapp3.1\mstestproject.dll" id="8eecec2f-8d31-4c1d-9c1d-2bd2f5f6c7b1">
      <TestCategory>
        <TestCategoryItem TestCategory="Category1000" />
      </TestCategory>
      <Execution id="d3e46353-aa70-4a16-b753-4553512b0c56" />
      <TestMethod codeBase="C:\Projekty\MSTestProject\bin\Debug\netcoreapp3.1\MSTestProject.dll" adapterTypeName="executor://mstestadapter/v2" className="TwojeWesele.Services.Helpers.Tests.CurrencyHelperTests" name="FormatToStringTest1000" />
    </UnitTest>
    <UnitTest name="FormatToStringTest1000 (64124.274503948756,64124.27 zł)" storage="c:\projekty\mstestproject\bin\debug\netcoreapp3.1\mstestproject.dll" id="a38647dd-9c8b-4a5d-8b22-df9b7597b608">
      <TestCategory>
        <TestCategoryItem TestCategory="Category1000" />
      </TestCategory>
      <Execution id="ac8f67b5-0955-412e-9fcf-1055764e1195" />
      <TestMethod codeBase="C:\Projekty\MSTestProject\bin\Debug\netcoreapp3.1\MSTestProject.dll" adapterTypeName="executor://mstestadapter/v2" className="TwojeWesele.Services.Helpers.Tests.CurrencyHelperTests" name="FormatToStringTest1000" />
    </UnitTest>
    <UnitTest name="FormatToStringTest1000 (9661.966055578536,9661.97 zł)" storage="c:\projekty\mstestproject\bin\debug\netcoreapp3.1\mstestproject.dll" id="6b72ce3b-3445-45a0-9631-84397951a204">
      <TestCategory>
        <TestCategoryItem TestCategory="Category1000" />
      </TestCategory>
      <Execution id="e08fb697-abdf-48c7-823f-f94b7415e60c" />
      <TestMethod codeBase="C:\Projekty\MSTestProject\bin\Debug\netcoreapp3.1\MSTestProject.dll" adapterTypeName="executor://mstestadapter/v2" className="TwojeWesele.Services.Helpers.Tests.CurrencyHelperTests" name="FormatToStringTest1000" />
    </UnitTest>
    <UnitTest name="FormatToStringTest1000 (68479.93492677805,68479.93 zł)" storage="c:\projekty\mstestproject\bin\debug\netcoreapp3.1\mstestproject.dll" id="e4024793-c8b2-4654-9c33-20dcc86a0215">
      <TestCategory>
        <TestCategoryItem TestCategory="Category1000" />
      </TestCategory>
      <Execution id="5338a15f-6909-48b8-a75e-f13f091acefe" />
      <TestMethod codeBase="C:\Projekty\MSTestProject\bin\Debug\netcoreapp3.1\MSTestProject.dll" adapterTypeName="executor://mstestadapter/v2" className="TwojeWesele.Services.Helpers.Tests.CurrencyHelperTests" name="FormatToStringTest1000" />
    </UnitTest>
    <UnitTest name="FormatToStringTest1000 (7753.724411372898,7753.72 zł)" storage="c:\projekty\mstestproject\bin\debug\netcoreapp3.1\mstestproject.dll" id="c5e5caac-2c50-43a1-8b31-5df9fcf41d17">
      <TestCategory>
        <TestCategoryItem TestCategory="Category1000" />
      </TestCategory>
      <Execution id="73ee2b5d-4be2-46aa-af9f-053790bc2970" />
      <TestMethod codeBase="C:\Projekty\MSTestProject\bin\Debug\netcoreapp3.1\MSTestProject.dll" adapterTypeName="executor://mstestadapter/v2" className="TwojeWesele.Services.Helpers.Tests.CurrencyHelperTests" name="FormatToStringTest1000" />
    </UnitTest>
    <UnitTest name="FormatToStringTest1000 (10174.652801423637,10174.65 zł)" storage="c:\projekty\mstestproject\bin\debug\netcoreapp3.1\mstestproject.dll" id="6052aa61-ddcf-439f-9d88-13d25adc9a50">
      <TestCategory>
        <TestCategoryItem TestCategory="Category1000" />
      </TestCategory>
      <Execution id="f97df87d-5cc0-49c7-975f-3cf043c4fac7" />
      <TestMethod codeBase="C:\Projekty\MSTestProject\bin\Debug\netcoreapp3.1\MSTestProject.dll" adapterTypeName="executor://mstestadapter/v2" className="TwojeWesele.Services.Helpers.Tests.CurrencyHelperTests" name="FormatToStringTest1000" />
    </UnitTest>
    <UnitTest name="FormatToStringTest1000 (30111.54342534372,30111.54 zł)" storage="c:\projekty\mstestproject\bin\debug\netcoreapp3.1\mstestproject.dll" id="1b090866-fdc4-4c27-89d7-e85be5d2a199">
      <TestCategory>
        <TestCategoryItem TestCategory="Category1000" />
      </TestCategory>
      <Execution id="c042c7b6-5cd2-4f0a-9e31-64a9617d10f7" />
      <TestMethod codeBase="C:\Projekty\MSTestProject\bin\Debug\netcoreapp3.1\MSTestProject.dll" adapterTypeName="executor://mstestadapter/v2" className="TwojeWesele.Services.Helpers.Tests.CurrencyHelperTests" name="FormatToStringTest1000" />
    </UnitTest>
    <UnitTest name="FormatToStringTest1000 (3506.8456124108498,3506.85 zł)" storage="c:\projekty\mstestproject\bin\debug\netcoreapp3.1\mstestproject.dll" id="1a3bb2df-6aee-4734-b7bb-a21d47b8c964">
      <TestCategory>
        <TestCategoryItem TestCategory="Category1000" />
      </TestCategory>
      <Execution id="b03a135c-aa47-4e17-b758-96d93c04b28e" />
      <TestMethod codeBase="C:\Projekty\MSTestProject\bin\Debug\netcoreapp3.1\MSTestProject.dll" adapterTypeName="executor://mstestadapter/v2" className="TwojeWesele.Services.Helpers.Tests.CurrencyHelperTests" name="FormatToStringTest1000" />
    </UnitTest>
    <UnitTest name="FormatToStringTest1000 (55303.17220895699,55303.17 zł)" storage="c:\projekty\mstestproject\bin\debug\netcoreapp3.1\mstestproject.dll" id="28a87896-4af9-4c0c-b724-3f48e163fcee">
      <TestCategory>
        <TestCategoryItem TestCategory="Category1000" />
      </TestCategory>
      <Execution id="4526febb-b309-422c-ba03-4c98ffbef6eb" />
      <TestMethod codeBase="C:\Projekty\MSTestProject\bin\Debug\netcoreapp3.1\MSTestProject.dll" adapterTypeName="executor://mstestadapter/v2" className="TwojeWesele.Services.Helpers.Tests.CurrencyHelperTests" name="FormatToStringTest1000" />
    </UnitTest>
    <UnitTest name="FormatToStringTest1000 (34096.337879508894,34096.34 zł)" storage="c:\projekty\mstestproject\bin\debug\netcoreapp3.1\mstestproject.dll" id="9ec7b163-5e71-407a-bf02-2f04730d0f6a">
      <TestCategory>
        <TestCategoryItem TestCategory="Category1000" />
      </TestCategory>
      <Execution id="050b8694-1cf1-4738-a132-60b3825ea42d" />
      <TestMethod codeBase="C:\Projekty\MSTestProject\bin\Debug\netcoreapp3.1\MSTestProject.dll" adapterTypeName="executor://mstestadapter/v2" className="TwojeWesele.Services.Helpers.Tests.CurrencyHelperTests" name="FormatToStringTest1000" />
    </UnitTest>
    <UnitTest name="FormatToStringTest1000 (16427.591943671738,16427.59 zł)" storage="c:\projekty\mstestproject\bin\debug\netcoreapp3.1\mstestproject.dll" id="9c76dd48-d3dc-4cb0-aebd-81dc49514bc8">
      <TestCategory>
        <TestCategoryItem TestCategory="Category1000" />
      </TestCategory>
      <Execution id="df9d2ee0-97fd-490e-861b-38e11e176436" />
      <TestMethod codeBase="C:\Projekty\MSTestProject\bin\Debug\netcoreapp3.1\MSTestProject.dll" adapterTypeName="executor://mstestadapter/v2" className="TwojeWesele.Services.Helpers.Tests.CurrencyHelperTests" name="FormatToStringTest1000" />
    </UnitTest>
    <UnitTest name="FormatToStringTest1000 (73372.53853826903,73372.54 zł)" storage="c:\projekty\mstestproject\bin\debug\netcoreapp3.1\mstestproject.dll" id="31ed0f9e-0ba8-499a-a820-156acb2d21e9">
      <TestCategory>
        <TestCategoryItem TestCategory="Category1000" />
      </TestCategory>
      <Execution id="c602fc22-0057-42aa-aefd-ca41a97ac1f4" />
      <TestMethod codeBase="C:\Projekty\MSTestProject\bin\Debug\netcoreapp3.1\MSTestProject.dll" adapterTypeName="executor://mstestadapter/v2" className="TwojeWesele.Services.Helpers.Tests.CurrencyHelperTests" name="FormatToStringTest1000" />
    </UnitTest>
    <UnitTest name="FormatToStringTest1000 (5835.26176155557,5835.26 zł)" storage="c:\projekty\mstestproject\bin\debug\netcoreapp3.1\mstestproject.dll" id="e25f6e6a-d745-44cf-bc6a-881ff0414499">
      <TestCategory>
        <TestCategoryItem TestCategory="Category1000" />
      </TestCategory>
      <Execution id="980facf9-6472-467b-8690-757d5f8289cd" />
      <TestMethod codeBase="C:\Projekty\MSTestProject\bin\Debug\netcoreapp3.1\MSTestProject.dll" adapterTypeName="executor://mstestadapter/v2" className="TwojeWesele.Services.Helpers.Tests.CurrencyHelperTests" name="FormatToStringTest1000" />
    </UnitTest>
    <UnitTest name="FormatToStringTest1000 (57181.240528605056,57181.24 zł)" storage="c:\projekty\mstestproject\bin\debug\netcoreapp3.1\mstestproject.dll" id="76b34fab-9748-4a2d-8e8e-27e6199d3ee7">
      <TestCategory>
        <TestCategoryItem TestCategory="Category1000" />
      </TestCategory>
      <Execution id="e33a88fb-8e61-4887-baa2-273e263f374e" />
      <TestMethod codeBase="C:\Projekty\MSTestProject\bin\Debug\netcoreapp3.1\MSTestProject.dll" adapterTypeName="executor://mstestadapter/v2" className="TwojeWesele.Services.Helpers.Tests.CurrencyHelperTests" name="FormatToStringTest1000" />
    </UnitTest>
    <UnitTest name="FormatToStringTest1000 (10324.538670147089,10324.54 zł)" storage="c:\projekty\mstestproject\bin\debug\netcoreapp3.1\mstestproject.dll" id="d6bd2450-53ae-4736-990d-c3c5b756c7a1">
      <TestCategory>
        <TestCategoryItem TestCategory="Category1000" />
      </TestCategory>
      <Execution id="a74f0f1b-86c8-4c26-8ef0-56b4046a2608" />
      <TestMethod codeBase="C:\Projekty\MSTestProject\bin\Debug\netcoreapp3.1\MSTestProject.dll" adapterTypeName="executor://mstestadapter/v2" className="TwojeWesele.Services.Helpers.Tests.CurrencyHelperTests" name="FormatToStringTest1000" />
    </UnitTest>
    <UnitTest name="FormatToStringTest1000 (27027.327683509946,27027.33 zł)" storage="c:\projekty\mstestproject\bin\debug\netcoreapp3.1\mstestproject.dll" id="0d3e182f-5075-4c8b-baeb-3e2fa035f4df">
      <TestCategory>
        <TestCategoryItem TestCategory="Category1000" />
      </TestCategory>
      <Execution id="91e3a729-e023-4c91-ad1c-a28b572fb54c" />
      <TestMethod codeBase="C:\Projekty\MSTestProject\bin\Debug\netcoreapp3.1\MSTestProject.dll" adapterTypeName="executor://mstestadapter/v2" className="TwojeWesele.Services.Helpers.Tests.CurrencyHelperTests" name="FormatToStringTest1000" />
    </UnitTest>
    <UnitTest name="FormatToStringTest1000 (38253.101637909705,38253.10 zł)" storage="c:\projekty\mstestproject\bin\debug\netcoreapp3.1\mstestproject.dll" id="7b8f1e7d-da60-49c4-9e47-cc59c9286a80">
      <TestCategory>
        <TestCategoryItem TestCategory="Category1000" />
      </TestCategory>
      <Execution id="8373fe24-8d3f-4c62-a37f-54076647d130" />
      <TestMethod codeBase="C:\Projekty\MSTestProject\bin\Debug\netcoreapp3.1\MSTestProject.dll" adapterTypeName="executor://mstestadapter/v2" className="TwojeWesele.Services.Helpers.Tests.CurrencyHelperTests" name="FormatToStringTest1000" />
    </UnitTest>
    <UnitTest name="FormatToStringTest1000 (9928.477822322622,9928.48 zł)" storage="c:\projekty\mstestproject\bin\debug\netcoreapp3.1\mstestproject.dll" id="1002d29f-5f11-413b-8253-17511aacc3ee">
      <TestCategory>
        <TestCategoryItem TestCategory="Category1000" />
      </TestCategory>
      <Execution id="744cb74f-20b2-4799-8f6f-93dc753bd889" />
      <TestMethod codeBase="C:\Projekty\MSTestProject\bin\Debug\netcoreapp3.1\MSTestProject.dll" adapterTypeName="executor://mstestadapter/v2" className="TwojeWesele.Services.Helpers.Tests.CurrencyHelperTests" name="FormatToStringTest1000" />
    </UnitTest>
    <UnitTest name="FormatToStringTest1000 (42767.96883676898,42767.97 zł)" storage="c:\projekty\mstestproject\bin\debug\netcoreapp3.1\mstestproject.dll" id="3fd16f0a-cd30-4cca-bf89-618b85f62ea5">
      <TestCategory>
        <TestCategoryItem TestCategory="Category1000" />
      </TestCategory>
      <Execution id="2d7dd5c3-1484-49e6-9b16-651d7b36530c" />
      <TestMethod codeBase="C:\Projekty\MSTestProject\bin\Debug\netcoreapp3.1\MSTestProject.dll" adapterTypeName="executor://mstestadapter/v2" className="TwojeWesele.Services.Helpers.Tests.CurrencyHelperTests" name="FormatToStringTest1000" />
    </UnitTest>
    <UnitTest name="FormatToStringTest1000 (16901.497392274203,16901.50 zł)" storage="c:\projekty\mstestproject\bin\debug\netcoreapp3.1\mstestproject.dll" id="a2982d6d-e5e7-4b18-b4dc-3959c709a3fa">
      <TestCategory>
        <TestCategoryItem TestCategory="Category1000" />
      </TestCategory>
      <Execution id="535445d1-89bc-4601-83e7-616a43632602" />
      <TestMethod codeBase="C:\Projekty\MSTestProject\bin\Debug\netcoreapp3.1\MSTestProject.dll" adapterTypeName="executor://mstestadapter/v2" className="TwojeWesele.Services.Helpers.Tests.CurrencyHelperTests" name="FormatToStringTest1000" />
    </UnitTest>
    <UnitTest name="FormatToStringTest1000 (740.3213011405064,740.32 zł)" storage="c:\projekty\mstestproject\bin\debug\netcoreapp3.1\mstestproject.dll" id="bd210f45-2767-47cd-96db-c5182a926418">
      <TestCategory>
        <TestCategoryItem TestCategory="Category1000" />
      </TestCategory>
      <Execution id="7d35532c-3084-4038-9876-63a6d47c45f4" />
      <TestMethod codeBase="C:\Projekty\MSTestProject\bin\Debug\netcoreapp3.1\MSTestProject.dll" adapterTypeName="executor://mstestadapter/v2" className="TwojeWesele.Services.Helpers.Tests.CurrencyHelperTests" name="FormatToStringTest1000" />
    </UnitTest>
    <UnitTest name="FormatToStringTest1000 (823.2747994560166,823.27 zł)" storage="c:\projekty\mstestproject\bin\debug\netcoreapp3.1\mstestproject.dll" id="a6bfa9fd-e1a1-40a4-a169-65fd5139bf08">
      <TestCategory>
        <TestCategoryItem TestCategory="Category1000" />
      </TestCategory>
      <Execution id="5daf37a8-b62a-46f7-b2b4-c14d5b81ab59" />
      <TestMethod codeBase="C:\Projekty\MSTestProject\bin\Debug\netcoreapp3.1\MSTestProject.dll" adapterTypeName="executor://mstestadapter/v2" className="TwojeWesele.Services.Helpers.Tests.CurrencyHelperTests" name="FormatToStringTest1000" />
    </UnitTest>
    <UnitTest name="FormatToStringTest1000 (20249.56614074277,20249.57 zł)" storage="c:\projekty\mstestproject\bin\debug\netcoreapp3.1\mstestproject.dll" id="adbe27ae-bbc1-4dcd-b708-a309d5f4933a">
      <TestCategory>
        <TestCategoryItem TestCategory="Category1000" />
      </TestCategory>
      <Execution id="d69c3b29-a922-4c33-b346-fb389bac09e7" />
      <TestMethod codeBase="C:\Projekty\MSTestProject\bin\Debug\netcoreapp3.1\MSTestProject.dll" adapterTypeName="executor://mstestadapter/v2" className="TwojeWesele.Services.Helpers.Tests.CurrencyHelperTests" name="FormatToStringTest1000" />
    </UnitTest>
    <UnitTest name="FormatToStringTest1000 (19609.759296997803,19609.76 zł)" storage="c:\projekty\mstestproject\bin\debug\netcoreapp3.1\mstestproject.dll" id="db2e774e-59b7-4d17-8992-3373bd11385f">
      <TestCategory>
        <TestCategoryItem TestCategory="Category1000" />
      </TestCategory>
      <Execution id="70b5a7f3-5f5e-4403-9400-a3463ab1ccb8" />
      <TestMethod codeBase="C:\Projekty\MSTestProject\bin\Debug\netcoreapp3.1\MSTestProject.dll" adapterTypeName="executor://mstestadapter/v2" className="TwojeWesele.Services.Helpers.Tests.CurrencyHelperTests" name="FormatToStringTest1000" />
    </UnitTest>
    <UnitTest name="FormatToStringTest1000 (5398.2412667191775,5398.24 zł)" storage="c:\projekty\mstestproject\bin\debug\netcoreapp3.1\mstestproject.dll" id="e12db668-d181-450a-9a71-3609011b804c">
      <TestCategory>
        <TestCategoryItem TestCategory="Category1000" />
      </TestCategory>
      <Execution id="6aa34db4-1d12-48bc-a9e9-7c4b6e784e85" />
      <TestMethod codeBase="C:\Projekty\MSTestProject\bin\Debug\netcoreapp3.1\MSTestProject.dll" adapterTypeName="executor://mstestadapter/v2" className="TwojeWesele.Services.Helpers.Tests.CurrencyHelperTests" name="FormatToStringTest1000" />
    </UnitTest>
    <UnitTest name="FormatToStringTest1000 (24646.322657574587,24646.32 zł)" storage="c:\projekty\mstestproject\bin\debug\netcoreapp3.1\mstestproject.dll" id="fd15e29d-5b8c-4e94-acd7-7feb4c0543b6">
      <TestCategory>
        <TestCategoryItem TestCategory="Category1000" />
      </TestCategory>
      <Execution id="e13026a0-362b-42ef-b6fc-e46a8cbf9cb9" />
      <TestMethod codeBase="C:\Projekty\MSTestProject\bin\Debug\netcoreapp3.1\MSTestProject.dll" adapterTypeName="executor://mstestadapter/v2" className="TwojeWesele.Services.Helpers.Tests.CurrencyHelperTests" name="FormatToStringTest1000" />
    </UnitTest>
    <UnitTest name="FormatToStringTest1000 (10775.728533390784,10775.73 zł)" storage="c:\projekty\mstestproject\bin\debug\netcoreapp3.1\mstestproject.dll" id="3cc34cd3-bac4-4909-8e56-f8b0f1b40e38">
      <TestCategory>
        <TestCategoryItem TestCategory="Category1000" />
      </TestCategory>
      <Execution id="0deb5b01-bec2-4152-a01a-290e365d3d41" />
      <TestMethod codeBase="C:\Projekty\MSTestProject\bin\Debug\netcoreapp3.1\MSTestProject.dll" adapterTypeName="executor://mstestadapter/v2" className="TwojeWesele.Services.Helpers.Tests.CurrencyHelperTests" name="FormatToStringTest1000" />
    </UnitTest>
    <UnitTest name="FormatToStringTest1000 (22678.795878462864,22678.80 zł)" storage="c:\projekty\mstestproject\bin\debug\netcoreapp3.1\mstestproject.dll" id="66dceb52-256b-4618-875c-9c89b8df6857">
      <TestCategory>
        <TestCategoryItem TestCategory="Category1000" />
      </TestCategory>
      <Execution id="6233931f-a147-4c2d-9439-f4d446d9cce1" />
      <TestMethod codeBase="C:\Projekty\MSTestProject\bin\Debug\netcoreapp3.1\MSTestProject.dll" adapterTypeName="executor://mstestadapter/v2" className="TwojeWesele.Services.Helpers.Tests.CurrencyHelperTests" name="FormatToStringTest1000" />
    </UnitTest>
    <UnitTest name="FormatToStringTest1000 (57237.252356975456,57237.25 zł)" storage="c:\projekty\mstestproject\bin\debug\netcoreapp3.1\mstestproject.dll" id="35c9f445-39c8-49c4-8d61-90ea322f156d">
      <TestCategory>
        <TestCategoryItem TestCategory="Category1000" />
      </TestCategory>
      <Execution id="3950be5b-feea-45d8-ab98-6517555d50b4" />
      <TestMethod codeBase="C:\Projekty\MSTestProject\bin\Debug\netcoreapp3.1\MSTestProject.dll" adapterTypeName="executor://mstestadapter/v2" className="TwojeWesele.Services.Helpers.Tests.CurrencyHelperTests" name="FormatToStringTest1000" />
    </UnitTest>
    <UnitTest name="FormatToStringTest1000 (34145.534199603615,34145.53 zł)" storage="c:\projekty\mstestproject\bin\debug\netcoreapp3.1\mstestproject.dll" id="120c19e3-d64e-493a-bdb2-bec63c370fc2">
      <TestCategory>
        <TestCategoryItem TestCategory="Category1000" />
      </TestCategory>
      <Execution id="e40b0160-1883-445a-89dc-56f0da8b0f24" />
      <TestMethod codeBase="C:\Projekty\MSTestProject\bin\Debug\netcoreapp3.1\MSTestProject.dll" adapterTypeName="executor://mstestadapter/v2" className="TwojeWesele.Services.Helpers.Tests.CurrencyHelperTests" name="FormatToStringTest1000" />
    </UnitTest>
    <UnitTest name="FormatToStringTest1000 (1130.8119115372242,1130.81 zł)" storage="c:\projekty\mstestproject\bin\debug\netcoreapp3.1\mstestproject.dll" id="5513d2db-29ae-4317-8c01-37737b6f735b">
      <TestCategory>
        <TestCategoryItem TestCategory="Category1000" />
      </TestCategory>
      <Execution id="7cc0825e-e3a3-4200-a3f4-31cd8e290e6e" />
      <TestMethod codeBase="C:\Projekty\MSTestProject\bin\Debug\netcoreapp3.1\MSTestProject.dll" adapterTypeName="executor://mstestadapter/v2" className="TwojeWesele.Services.Helpers.Tests.CurrencyHelperTests" name="FormatToStringTest1000" />
    </UnitTest>
    <UnitTest name="FormatToStringTest1000 (1896.1704506483723,1896.17 zł)" storage="c:\projekty\mstestproject\bin\debug\netcoreapp3.1\mstestproject.dll" id="230b7a74-95a7-4e0a-8a7c-982efc896d3d">
      <TestCategory>
        <TestCategoryItem TestCategory="Category1000" />
      </TestCategory>
      <Execution id="003471f3-81f0-4b35-9be5-4c1463e66c96" />
      <TestMethod codeBase="C:\Projekty\MSTestProject\bin\Debug\netcoreapp3.1\MSTestProject.dll" adapterTypeName="executor://mstestadapter/v2" className="TwojeWesele.Services.Helpers.Tests.CurrencyHelperTests" name="FormatToStringTest1000" />
    </UnitTest>
    <UnitTest name="FormatToStringTest1000 (5749.124990274722,5749.12 zł)" storage="c:\projekty\mstestproject\bin\debug\netcoreapp3.1\mstestproject.dll" id="fd0090ef-069b-4038-8b79-bc5a41ddedb5">
      <TestCategory>
        <TestCategoryItem TestCategory="Category1000" />
      </TestCategory>
      <Execution id="3757457c-61d4-43ab-9398-a5117aaade79" />
      <TestMethod codeBase="C:\Projekty\MSTestProject\bin\Debug\netcoreapp3.1\MSTestProject.dll" adapterTypeName="executor://mstestadapter/v2" className="TwojeWesele.Services.Helpers.Tests.CurrencyHelperTests" name="FormatToStringTest1000" />
    </UnitTest>
    <UnitTest name="FormatToStringTest1000 (7951.322730072458,7951.32 zł)" storage="c:\projekty\mstestproject\bin\debug\netcoreapp3.1\mstestproject.dll" id="e38c6b59-855f-4be0-a3f6-4f32b2b09384">
      <TestCategory>
        <TestCategoryItem TestCategory="Category1000" />
      </TestCategory>
      <Execution id="a0076091-1331-453b-bc94-08a8a8116ff0" />
      <TestMethod codeBase="C:\Projekty\MSTestProject\bin\Debug\netcoreapp3.1\MSTestProject.dll" adapterTypeName="executor://mstestadapter/v2" className="TwojeWesele.Services.Helpers.Tests.CurrencyHelperTests" name="FormatToStringTest1000" />
    </UnitTest>
    <UnitTest name="FormatToStringTest1000 (7396.940188290057,7396.94 zł)" storage="c:\projekty\mstestproject\bin\debug\netcoreapp3.1\mstestproject.dll" id="36ad5a88-52a7-439d-a61d-5a9be12d1fdf">
      <TestCategory>
        <TestCategoryItem TestCategory="Category1000" />
      </TestCategory>
      <Execution id="09978e1e-034c-4299-a751-b7eaa93a2d3d" />
      <TestMethod codeBase="C:\Projekty\MSTestProject\bin\Debug\netcoreapp3.1\MSTestProject.dll" adapterTypeName="executor://mstestadapter/v2" className="TwojeWesele.Services.Helpers.Tests.CurrencyHelperTests" name="FormatToStringTest1000" />
    </UnitTest>
    <UnitTest name="FormatToStringTest1000 (65809.35218338219,65809.35 zł)" storage="c:\projekty\mstestproject\bin\debug\netcoreapp3.1\mstestproject.dll" id="557d02a9-5140-463f-a300-4b95cdf2c4bc">
      <TestCategory>
        <TestCategoryItem TestCategory="Category1000" />
      </TestCategory>
      <Execution id="6467f843-0dce-4247-8a1c-c983c76cba61" />
      <TestMethod codeBase="C:\Projekty\MSTestProject\bin\Debug\netcoreapp3.1\MSTestProject.dll" adapterTypeName="executor://mstestadapter/v2" className="TwojeWesele.Services.Helpers.Tests.CurrencyHelperTests" name="FormatToStringTest1000" />
    </UnitTest>
    <UnitTest name="FormatToStringTest1000 (27794.8671353957,27794.87 zł)" storage="c:\projekty\mstestproject\bin\debug\netcoreapp3.1\mstestproject.dll" id="1bd33577-b4c2-441f-99aa-142c330f7b53">
      <TestCategory>
        <TestCategoryItem TestCategory="Category1000" />
      </TestCategory>
      <Execution id="24977c77-b4a7-49bf-9d7a-47fad0a1e321" />
      <TestMethod codeBase="C:\Projekty\MSTestProject\bin\Debug\netcoreapp3.1\MSTestProject.dll" adapterTypeName="executor://mstestadapter/v2" className="TwojeWesele.Services.Helpers.Tests.CurrencyHelperTests" name="FormatToStringTest1000" />
    </UnitTest>
    <UnitTest name="FormatToStringTest1000 (29845.02749849345,29845.03 zł)" storage="c:\projekty\mstestproject\bin\debug\netcoreapp3.1\mstestproject.dll" id="603d91c9-eaa7-42c4-a172-d121b5a0eec9">
      <TestCategory>
        <TestCategoryItem TestCategory="Category1000" />
      </TestCategory>
      <Execution id="e559366d-a771-473b-a7bf-efa08d891cf2" />
      <TestMethod codeBase="C:\Projekty\MSTestProject\bin\Debug\netcoreapp3.1\MSTestProject.dll" adapterTypeName="executor://mstestadapter/v2" className="TwojeWesele.Services.Helpers.Tests.CurrencyHelperTests" name="FormatToStringTest1000" />
    </UnitTest>
    <UnitTest name="FormatToStringTest1000 (61324.33752458279,61324.34 zł)" storage="c:\projekty\mstestproject\bin\debug\netcoreapp3.1\mstestproject.dll" id="f70ca482-7f62-4a8f-b463-893f686a94a8">
      <TestCategory>
        <TestCategoryItem TestCategory="Category1000" />
      </TestCategory>
      <Execution id="270ccf3a-fba1-4f1d-8613-7b2b36003e52" />
      <TestMethod codeBase="C:\Projekty\MSTestProject\bin\Debug\netcoreapp3.1\MSTestProject.dll" adapterTypeName="executor://mstestadapter/v2" className="TwojeWesele.Services.Helpers.Tests.CurrencyHelperTests" name="FormatToStringTest1000" />
    </UnitTest>
    <UnitTest name="FormatToStringTest1000 (134.1514758393874,134.15 zł)" storage="c:\projekty\mstestproject\bin\debug\netcoreapp3.1\mstestproject.dll" id="eb9cdfaf-66cf-45c4-90cd-002f0608ce91">
      <TestCategory>
        <TestCategoryItem TestCategory="Category1000" />
      </TestCategory>
      <Execution id="c6349fd3-e6fd-4e6d-9843-eac86298e31f" />
      <TestMethod codeBase="C:\Projekty\MSTestProject\bin\Debug\netcoreapp3.1\MSTestProject.dll" adapterTypeName="executor://mstestadapter/v2" className="TwojeWesele.Services.Helpers.Tests.CurrencyHelperTests" name="FormatToStringTest1000" />
    </UnitTest>
    <UnitTest name="FormatToStringTest1000 (10370.0107542784,10370.01 zł)" storage="c:\projekty\mstestproject\bin\debug\netcoreapp3.1\mstestproject.dll" id="35250efb-9dc4-4c1a-9914-1cf08ded69a0">
      <TestCategory>
        <TestCategoryItem TestCategory="Category1000" />
      </TestCategory>
      <Execution id="f4c4dcb9-9b11-48e9-b08c-260f2b8afa67" />
      <TestMethod codeBase="C:\Projekty\MSTestProject\bin\Debug\netcoreapp3.1\MSTestProject.dll" adapterTypeName="executor://mstestadapter/v2" className="TwojeWesele.Services.Helpers.Tests.CurrencyHelperTests" name="FormatToStringTest1000" />
    </UnitTest>
    <UnitTest name="FormatToStringTest1000 (5287.3103648714305,5287.31 zł)" storage="c:\projekty\mstestproject\bin\debug\netcoreapp3.1\mstestproject.dll" id="805048a1-f135-4bda-a5a0-aab52818db00">
      <TestCategory>
        <TestCategoryItem TestCategory="Category1000" />
      </TestCategory>
      <Execution id="f360f2cb-d00a-4eeb-8c02-4c730edeef81" />
      <TestMethod codeBase="C:\Projekty\MSTestProject\bin\Debug\netcoreapp3.1\MSTestProject.dll" adapterTypeName="executor://mstestadapter/v2" className="TwojeWesele.Services.Helpers.Tests.CurrencyHelperTests" name="FormatToStringTest1000" />
    </UnitTest>
    <UnitTest name="FormatToStringTest1000 (38961.459057294516,38961.46 zł)" storage="c:\projekty\mstestproject\bin\debug\netcoreapp3.1\mstestproject.dll" id="b960bc18-0e62-4796-98c4-f1e34b9fec2a">
      <TestCategory>
        <TestCategoryItem TestCategory="Category1000" />
      </TestCategory>
      <Execution id="5604b53d-a4ab-4746-9dde-f431bef7f653" />
      <TestMethod codeBase="C:\Projekty\MSTestProject\bin\Debug\netcoreapp3.1\MSTestProject.dll" adapterTypeName="executor://mstestadapter/v2" className="TwojeWesele.Services.Helpers.Tests.CurrencyHelperTests" name="FormatToStringTest1000" />
    </UnitTest>
    <UnitTest name="FormatToStringTest1000 (52481.07276821932,52481.07 zł)" storage="c:\projekty\mstestproject\bin\debug\netcoreapp3.1\mstestproject.dll" id="b10f48f6-ccff-4393-861a-3b39199bdf6c">
      <TestCategory>
        <TestCategoryItem TestCategory="Category1000" />
      </TestCategory>
      <Execution id="284c75a8-8cad-4d14-a6bd-d4d065597a4c" />
      <TestMethod codeBase="C:\Projekty\MSTestProject\bin\Debug\netcoreapp3.1\MSTestProject.dll" adapterTypeName="executor://mstestadapter/v2" className="TwojeWesele.Services.Helpers.Tests.CurrencyHelperTests" name="FormatToStringTest1000" />
    </UnitTest>
    <UnitTest name="FormatToStringTest1000 (39146.635743126564,39146.64 zł)" storage="c:\projekty\mstestproject\bin\debug\netcoreapp3.1\mstestproject.dll" id="176d41ae-ec56-4902-88de-54fd721b4eb0">
      <TestCategory>
        <TestCategoryItem TestCategory="Category1000" />
      </TestCategory>
      <Execution id="8320eeb2-bca4-410b-a805-f9febf9b0246" />
      <TestMethod codeBase="C:\Projekty\MSTestProject\bin\Debug\netcoreapp3.1\MSTestProject.dll" adapterTypeName="executor://mstestadapter/v2" className="TwojeWesele.Services.Helpers.Tests.CurrencyHelperTests" name="FormatToStringTest1000" />
    </UnitTest>
    <UnitTest name="FormatToStringTest1000 (18990.72499258012,18990.72 zł)" storage="c:\projekty\mstestproject\bin\debug\netcoreapp3.1\mstestproject.dll" id="23ac4bb0-a158-4421-8d31-47598e272bf4">
      <TestCategory>
        <TestCategoryItem TestCategory="Category1000" />
      </TestCategory>
      <Execution id="5fe9f03c-0fdc-4aa0-ad27-5813056431f7" />
      <TestMethod codeBase="C:\Projekty\MSTestProject\bin\Debug\netcoreapp3.1\MSTestProject.dll" adapterTypeName="executor://mstestadapter/v2" className="TwojeWesele.Services.Helpers.Tests.CurrencyHelperTests" name="FormatToStringTest1000" />
    </UnitTest>
    <UnitTest name="FormatToStringTest1000 (60299.23738666309,60299.24 zł)" storage="c:\projekty\mstestproject\bin\debug\netcoreapp3.1\mstestproject.dll" id="7e13c2eb-4005-4b11-a472-25cde9dd4be7">
      <TestCategory>
        <TestCategoryItem TestCategory="Category1000" />
      </TestCategory>
      <Execution id="6c9f21c1-ec5d-4b05-ae13-950736ed862e" />
      <TestMethod codeBase="C:\Projekty\MSTestProject\bin\Debug\netcoreapp3.1\MSTestProject.dll" adapterTypeName="executor://mstestadapter/v2" className="TwojeWesele.Services.Helpers.Tests.CurrencyHelperTests" name="FormatToStringTest1000" />
    </UnitTest>
    <UnitTest name="FormatToStringTest1000 (50585.83664522778,50585.84 zł)" storage="c:\projekty\mstestproject\bin\debug\netcoreapp3.1\mstestproject.dll" id="10cedb61-1182-48a7-aad2-09a8f64d81c9">
      <TestCategory>
        <TestCategoryItem TestCategory="Category1000" />
      </TestCategory>
      <Execution id="810d112f-4982-4f80-9986-e4cb42b3d031" />
      <TestMethod codeBase="C:\Projekty\MSTestProject\bin\Debug\netcoreapp3.1\MSTestProject.dll" adapterTypeName="executor://mstestadapter/v2" className="TwojeWesele.Services.Helpers.Tests.CurrencyHelperTests" name="FormatToStringTest1000" />
    </UnitTest>
    <UnitTest name="FormatToStringTest1000 (51408.294679657694,51408.29 zł)" storage="c:\projekty\mstestproject\bin\debug\netcoreapp3.1\mstestproject.dll" id="c4b6aebe-d178-40ba-99d7-0d9c5bff1586">
      <TestCategory>
        <TestCategoryItem TestCategory="Category1000" />
      </TestCategory>
      <Execution id="379f11cd-4b87-4e05-8fbb-49c1a19bbb2f" />
      <TestMethod codeBase="C:\Projekty\MSTestProject\bin\Debug\netcoreapp3.1\MSTestProject.dll" adapterTypeName="executor://mstestadapter/v2" className="TwojeWesele.Services.Helpers.Tests.CurrencyHelperTests" name="FormatToStringTest1000" />
    </UnitTest>
    <UnitTest name="FormatToStringTest1000 (7124.979180760672,7124.98 zł)" storage="c:\projekty\mstestproject\bin\debug\netcoreapp3.1\mstestproject.dll" id="bfb54cf5-f8c1-4525-94d9-d07ee41d93f1">
      <TestCategory>
        <TestCategoryItem TestCategory="Category1000" />
      </TestCategory>
      <Execution id="791909e6-8afc-444d-8336-80ce62e2d7d1" />
      <TestMethod codeBase="C:\Projekty\MSTestProject\bin\Debug\netcoreapp3.1\MSTestProject.dll" adapterTypeName="executor://mstestadapter/v2" className="TwojeWesele.Services.Helpers.Tests.CurrencyHelperTests" name="FormatToStringTest1000" />
    </UnitTest>
    <UnitTest name="FormatToStringTest1000 (67230.86250807665,67230.86 zł)" storage="c:\projekty\mstestproject\bin\debug\netcoreapp3.1\mstestproject.dll" id="539c2241-9968-4ba8-a43d-c63db1771068">
      <TestCategory>
        <TestCategoryItem TestCategory="Category1000" />
      </TestCategory>
      <Execution id="920d607a-c9c0-48d6-8434-a0820aecff4a" />
      <TestMethod codeBase="C:\Projekty\MSTestProject\bin\Debug\netcoreapp3.1\MSTestProject.dll" adapterTypeName="executor://mstestadapter/v2" className="TwojeWesele.Services.Helpers.Tests.CurrencyHelperTests" name="FormatToStringTest1000" />
    </UnitTest>
    <UnitTest name="FormatToStringTest1000 (34242.181005260056,34242.18 zł)" storage="c:\projekty\mstestproject\bin\debug\netcoreapp3.1\mstestproject.dll" id="1f91d535-8fb1-4cce-a2c8-6914c2a52a84">
      <TestCategory>
        <TestCategoryItem TestCategory="Category1000" />
      </TestCategory>
      <Execution id="bb1c04a9-14e6-484a-a4b5-573f20fe5424" />
      <TestMethod codeBase="C:\Projekty\MSTestProject\bin\Debug\netcoreapp3.1\MSTestProject.dll" adapterTypeName="executor://mstestadapter/v2" className="TwojeWesele.Services.Helpers.Tests.CurrencyHelperTests" name="FormatToStringTest1000" />
    </UnitTest>
    <UnitTest name="FormatToStringTest1000 (32218.080508120394,32218.08 zł)" storage="c:\projekty\mstestproject\bin\debug\netcoreapp3.1\mstestproject.dll" id="32ade40f-5876-462a-bd44-9e04a83dc9b3">
      <TestCategory>
        <TestCategoryItem TestCategory="Category1000" />
      </TestCategory>
      <Execution id="0ca1e1d4-878e-4b13-a813-34bf6484d57c" />
      <TestMethod codeBase="C:\Projekty\MSTestProject\bin\Debug\netcoreapp3.1\MSTestProject.dll" adapterTypeName="executor://mstestadapter/v2" className="TwojeWesele.Services.Helpers.Tests.CurrencyHelperTests" name="FormatToStringTest1000" />
    </UnitTest>
    <UnitTest name="FormatToStringTest1000 (25882.451101077,25882.45 zł)" storage="c:\projekty\mstestproject\bin\debug\netcoreapp3.1\mstestproject.dll" id="e26c2298-fe93-4adf-a4a0-fc63530eef5c">
      <TestCategory>
        <TestCategoryItem TestCategory="Category1000" />
      </TestCategory>
      <Execution id="9cc67ecd-95c6-49c4-abfb-4853899c1755" />
      <TestMethod codeBase="C:\Projekty\MSTestProject\bin\Debug\netcoreapp3.1\MSTestProject.dll" adapterTypeName="executor://mstestadapter/v2" className="TwojeWesele.Services.Helpers.Tests.CurrencyHelperTests" name="FormatToStringTest1000" />
    </UnitTest>
    <UnitTest name="FormatToStringTest1000 (8802.811382028653,8802.81 zł)" storage="c:\projekty\mstestproject\bin\debug\netcoreapp3.1\mstestproject.dll" id="e1bda78f-6040-49a9-9690-2664e002b24e">
      <TestCategory>
        <TestCategoryItem TestCategory="Category1000" />
      </TestCategory>
      <Execution id="2b8ac7c2-a5f0-4c7c-be40-9e2cda87736a" />
      <TestMethod codeBase="C:\Projekty\MSTestProject\bin\Debug\netcoreapp3.1\MSTestProject.dll" adapterTypeName="executor://mstestadapter/v2" className="TwojeWesele.Services.Helpers.Tests.CurrencyHelperTests" name="FormatToStringTest1000" />
    </UnitTest>
    <UnitTest name="FormatToStringTest1000 (9897.705953436767,9897.71 zł)" storage="c:\projekty\mstestproject\bin\debug\netcoreapp3.1\mstestproject.dll" id="f621286e-f5e1-46d6-a23c-806479d33727">
      <TestCategory>
        <TestCategoryItem TestCategory="Category1000" />
      </TestCategory>
      <Execution id="36a02dbb-0a26-4463-9d3c-6836f4991321" />
      <TestMethod codeBase="C:\Projekty\MSTestProject\bin\Debug\netcoreapp3.1\MSTestProject.dll" adapterTypeName="executor://mstestadapter/v2" className="TwojeWesele.Services.Helpers.Tests.CurrencyHelperTests" name="FormatToStringTest1000" />
    </UnitTest>
    <UnitTest name="FormatToStringTest1000 (17953.338243749615,17953.34 zł)" storage="c:\projekty\mstestproject\bin\debug\netcoreapp3.1\mstestproject.dll" id="05c0a85a-29e8-48f1-9ad1-649d7b1ea291">
      <TestCategory>
        <TestCategoryItem TestCategory="Category1000" />
      </TestCategory>
      <Execution id="4fff2fde-8b6d-4252-9245-d445ffaa1c64" />
      <TestMethod codeBase="C:\Projekty\MSTestProject\bin\Debug\netcoreapp3.1\MSTestProject.dll" adapterTypeName="executor://mstestadapter/v2" className="TwojeWesele.Services.Helpers.Tests.CurrencyHelperTests" name="FormatToStringTest1000" />
    </UnitTest>
    <UnitTest name="FormatToStringTest1000 (12308.022158465357,12308.02 zł)" storage="c:\projekty\mstestproject\bin\debug\netcoreapp3.1\mstestproject.dll" id="c4bd3144-ccbf-49b2-8100-051a0b1776cd">
      <TestCategory>
        <TestCategoryItem TestCategory="Category1000" />
      </TestCategory>
      <Execution id="f09dded3-172d-4110-a0fc-c4768b3f16c0" />
      <TestMethod codeBase="C:\Projekty\MSTestProject\bin\Debug\netcoreapp3.1\MSTestProject.dll" adapterTypeName="executor://mstestadapter/v2" className="TwojeWesele.Services.Helpers.Tests.CurrencyHelperTests" name="FormatToStringTest1000" />
    </UnitTest>
    <UnitTest name="FormatToStringTest1000 (49037.8109120586,49037.81 zł)" storage="c:\projekty\mstestproject\bin\debug\netcoreapp3.1\mstestproject.dll" id="e5b69b93-a452-4537-868e-16bb50920535">
      <TestCategory>
        <TestCategoryItem TestCategory="Category1000" />
      </TestCategory>
      <Execution id="e7e71275-9d18-4a19-afc2-b8bd48914b65" />
      <TestMethod codeBase="C:\Projekty\MSTestProject\bin\Debug\netcoreapp3.1\MSTestProject.dll" adapterTypeName="executor://mstestadapter/v2" className="TwojeWesele.Services.Helpers.Tests.CurrencyHelperTests" name="FormatToStringTest1000" />
    </UnitTest>
    <UnitTest name="FormatToStringTest1000 (29417.800422138444,29417.80 zł)" storage="c:\projekty\mstestproject\bin\debug\netcoreapp3.1\mstestproject.dll" id="b700e2fb-1037-4503-b789-8d6dd3dc3e7d">
      <TestCategory>
        <TestCategoryItem TestCategory="Category1000" />
      </TestCategory>
      <Execution id="22de2f2e-e848-45b6-818c-4b9a578a7a67" />
      <TestMethod codeBase="C:\Projekty\MSTestProject\bin\Debug\netcoreapp3.1\MSTestProject.dll" adapterTypeName="executor://mstestadapter/v2" className="TwojeWesele.Services.Helpers.Tests.CurrencyHelperTests" name="FormatToStringTest1000" />
    </UnitTest>
    <UnitTest name="FormatToStringTest1000 (93775.33090185716,93775.33 zł)" storage="c:\projekty\mstestproject\bin\debug\netcoreapp3.1\mstestproject.dll" id="f0c08f70-3478-4945-8383-5c007d70011b">
      <TestCategory>
        <TestCategoryItem TestCategory="Category1000" />
      </TestCategory>
      <Execution id="37e66ef9-4ae4-4a37-b245-a6a0166f09aa" />
      <TestMethod codeBase="C:\Projekty\MSTestProject\bin\Debug\netcoreapp3.1\MSTestProject.dll" adapterTypeName="executor://mstestadapter/v2" className="TwojeWesele.Services.Helpers.Tests.CurrencyHelperTests" name="FormatToStringTest1000" />
    </UnitTest>
    <UnitTest name="FormatToStringTest1000 (6352.983758103561,6352.98 zł)" storage="c:\projekty\mstestproject\bin\debug\netcoreapp3.1\mstestproject.dll" id="407e6b99-b7a9-4dd6-aa92-0c5e628ae328">
      <TestCategory>
        <TestCategoryItem TestCategory="Category1000" />
      </TestCategory>
      <Execution id="e8f7bc24-730a-410d-8d3d-4c048bf06e66" />
      <TestMethod codeBase="C:\Projekty\MSTestProject\bin\Debug\netcoreapp3.1\MSTestProject.dll" adapterTypeName="executor://mstestadapter/v2" className="TwojeWesele.Services.Helpers.Tests.CurrencyHelperTests" name="FormatToStringTest1000" />
    </UnitTest>
    <UnitTest name="FormatToStringTest1000 (31391.358864880804,31391.36 zł)" storage="c:\projekty\mstestproject\bin\debug\netcoreapp3.1\mstestproject.dll" id="04f77753-4fc6-43f3-9bbe-063c856d6799">
      <TestCategory>
        <TestCategoryItem TestCategory="Category1000" />
      </TestCategory>
      <Execution id="7bcd021e-4659-4993-a429-97ff52feb700" />
      <TestMethod codeBase="C:\Projekty\MSTestProject\bin\Debug\netcoreapp3.1\MSTestProject.dll" adapterTypeName="executor://mstestadapter/v2" className="TwojeWesele.Services.Helpers.Tests.CurrencyHelperTests" name="FormatToStringTest1000" />
    </UnitTest>
    <UnitTest name="FormatToStringTest1000 (7191.024921368353,7191.02 zł)" storage="c:\projekty\mstestproject\bin\debug\netcoreapp3.1\mstestproject.dll" id="dfc9f4d6-4f84-4bc4-82f8-bda1f16d4d15">
      <TestCategory>
        <TestCategoryItem TestCategory="Category1000" />
      </TestCategory>
      <Execution id="dd9a30a4-c5cf-4c10-91de-13e2e505d06b" />
      <TestMethod codeBase="C:\Projekty\MSTestProject\bin\Debug\netcoreapp3.1\MSTestProject.dll" adapterTypeName="executor://mstestadapter/v2" className="TwojeWesele.Services.Helpers.Tests.CurrencyHelperTests" name="FormatToStringTest1000" />
    </UnitTest>
    <UnitTest name="FormatToStringTest1000 (3092.9215945624383,3092.92 zł)" storage="c:\projekty\mstestproject\bin\debug\netcoreapp3.1\mstestproject.dll" id="fb1054b5-75c9-4028-9fb8-2b719b8ff64a">
      <TestCategory>
        <TestCategoryItem TestCategory="Category1000" />
      </TestCategory>
      <Execution id="ed218278-7155-4fa4-ac69-5484daaa2857" />
      <TestMethod codeBase="C:\Projekty\MSTestProject\bin\Debug\netcoreapp3.1\MSTestProject.dll" adapterTypeName="executor://mstestadapter/v2" className="TwojeWesele.Services.Helpers.Tests.CurrencyHelperTests" name="FormatToStringTest1000" />
    </UnitTest>
    <UnitTest name="FormatToStringTest1000 (20445.11280083149,20445.11 zł)" storage="c:\projekty\mstestproject\bin\debug\netcoreapp3.1\mstestproject.dll" id="0b64e6df-a459-4cbd-ad07-55b7790ed1c4">
      <TestCategory>
        <TestCategoryItem TestCategory="Category1000" />
      </TestCategory>
      <Execution id="e79513eb-0456-408d-bd0a-45a280171b04" />
      <TestMethod codeBase="C:\Projekty\MSTestProject\bin\Debug\netcoreapp3.1\MSTestProject.dll" adapterTypeName="executor://mstestadapter/v2" className="TwojeWesele.Services.Helpers.Tests.CurrencyHelperTests" name="FormatToStringTest1000" />
    </UnitTest>
    <UnitTest name="FormatToStringTest1000 (11989.099505855282,11989.10 zł)" storage="c:\projekty\mstestproject\bin\debug\netcoreapp3.1\mstestproject.dll" id="4d1143ba-357a-4bb8-bf3f-ece0a8dca1b2">
      <TestCategory>
        <TestCategoryItem TestCategory="Category1000" />
      </TestCategory>
      <Execution id="65c889ef-63e2-473d-b698-aa4f9265a0d2" />
      <TestMethod codeBase="C:\Projekty\MSTestProject\bin\Debug\netcoreapp3.1\MSTestProject.dll" adapterTypeName="executor://mstestadapter/v2" className="TwojeWesele.Services.Helpers.Tests.CurrencyHelperTests" name="FormatToStringTest1000" />
    </UnitTest>
    <UnitTest name="FormatToStringTest1000 (22189.78731674132,22189.79 zł)" storage="c:\projekty\mstestproject\bin\debug\netcoreapp3.1\mstestproject.dll" id="31e77a40-d7d0-4c47-8006-8e1381fddf04">
      <TestCategory>
        <TestCategoryItem TestCategory="Category1000" />
      </TestCategory>
      <Execution id="9a0bcd77-c457-489f-bdc9-643f8d98284c" />
      <TestMethod codeBase="C:\Projekty\MSTestProject\bin\Debug\netcoreapp3.1\MSTestProject.dll" adapterTypeName="executor://mstestadapter/v2" className="TwojeWesele.Services.Helpers.Tests.CurrencyHelperTests" name="FormatToStringTest1000" />
    </UnitTest>
    <UnitTest name="FormatToStringTest1000 (1187.8237780126854,1187.82 zł)" storage="c:\projekty\mstestproject\bin\debug\netcoreapp3.1\mstestproject.dll" id="92f8f8d5-ae9a-40fb-9525-e0372e3db241">
      <TestCategory>
        <TestCategoryItem TestCategory="Category1000" />
      </TestCategory>
      <Execution id="0dba200f-32ba-48a3-8624-ab93027f9e20" />
      <TestMethod codeBase="C:\Projekty\MSTestProject\bin\Debug\netcoreapp3.1\MSTestProject.dll" adapterTypeName="executor://mstestadapter/v2" className="TwojeWesele.Services.Helpers.Tests.CurrencyHelperTests" name="FormatToStringTest1000" />
    </UnitTest>
    <UnitTest name="FormatToStringTest1000 (20441.330495004695,20441.33 zł)" storage="c:\projekty\mstestproject\bin\debug\netcoreapp3.1\mstestproject.dll" id="3d234f34-fa13-4374-8bc1-67ad3e4cbb5e">
      <TestCategory>
        <TestCategoryItem TestCategory="Category1000" />
      </TestCategory>
      <Execution id="9a767662-1a09-41cc-9ea8-0fad68ea63cf" />
      <TestMethod codeBase="C:\Projekty\MSTestProject\bin\Debug\netcoreapp3.1\MSTestProject.dll" adapterTypeName="executor://mstestadapter/v2" className="TwojeWesele.Services.Helpers.Tests.CurrencyHelperTests" name="FormatToStringTest1000" />
    </UnitTest>
    <UnitTest name="FormatToStringTest1000 (24566.50251371856,24566.50 zł)" storage="c:\projekty\mstestproject\bin\debug\netcoreapp3.1\mstestproject.dll" id="01a7ab9c-2e54-4005-b3fe-a5934aa14de9">
      <TestCategory>
        <TestCategoryItem TestCategory="Category1000" />
      </TestCategory>
      <Execution id="b70a446c-3c85-42e2-afcc-985771f51e51" />
      <TestMethod codeBase="C:\Projekty\MSTestProject\bin\Debug\netcoreapp3.1\MSTestProject.dll" adapterTypeName="executor://mstestadapter/v2" className="TwojeWesele.Services.Helpers.Tests.CurrencyHelperTests" name="FormatToStringTest1000" />
    </UnitTest>
    <UnitTest name="FormatToStringTest1000 (19189.32381924117,19189.32 zł)" storage="c:\projekty\mstestproject\bin\debug\netcoreapp3.1\mstestproject.dll" id="a79aa402-fa73-4466-a1ae-85a6c8dafb82">
      <TestCategory>
        <TestCategoryItem TestCategory="Category1000" />
      </TestCategory>
      <Execution id="06c7b2b8-9d8b-4665-970c-a05457facbfc" />
      <TestMethod codeBase="C:\Projekty\MSTestProject\bin\Debug\netcoreapp3.1\MSTestProject.dll" adapterTypeName="executor://mstestadapter/v2" className="TwojeWesele.Services.Helpers.Tests.CurrencyHelperTests" name="FormatToStringTest1000" />
    </UnitTest>
    <UnitTest name="FormatToStringTest1000 (36320.770035296104,36320.77 zł)" storage="c:\projekty\mstestproject\bin\debug\netcoreapp3.1\mstestproject.dll" id="676be7de-de87-441f-b8cd-f0a9f32486cb">
      <TestCategory>
        <TestCategoryItem TestCategory="Category1000" />
      </TestCategory>
      <Execution id="152ce6f1-3f79-432f-b7c4-5118c78426d7" />
      <TestMethod codeBase="C:\Projekty\MSTestProject\bin\Debug\netcoreapp3.1\MSTestProject.dll" adapterTypeName="executor://mstestadapter/v2" className="TwojeWesele.Services.Helpers.Tests.CurrencyHelperTests" name="FormatToStringTest1000" />
    </UnitTest>
    <UnitTest name="FormatToStringTest1000 (6146.91236741278,6146.91 zł)" storage="c:\projekty\mstestproject\bin\debug\netcoreapp3.1\mstestproject.dll" id="69fa5a64-5970-4216-8132-df0dc7d2c32b">
      <TestCategory>
        <TestCategoryItem TestCategory="Category1000" />
      </TestCategory>
      <Execution id="825d7aec-5fcf-42ba-93bc-80c8e2b42269" />
      <TestMethod codeBase="C:\Projekty\MSTestProject\bin\Debug\netcoreapp3.1\MSTestProject.dll" adapterTypeName="executor://mstestadapter/v2" className="TwojeWesele.Services.Helpers.Tests.CurrencyHelperTests" name="FormatToStringTest1000" />
    </UnitTest>
    <UnitTest name="FormatToStringTest1000 (12283.48626129026,12283.49 zł)" storage="c:\projekty\mstestproject\bin\debug\netcoreapp3.1\mstestproject.dll" id="f6cd0cd2-cbe0-4656-9e66-d5fcec8e428c">
      <TestCategory>
        <TestCategoryItem TestCategory="Category1000" />
      </TestCategory>
      <Execution id="873fb4f9-3d0b-4cbe-be27-bfb43f74bda7" />
      <TestMethod codeBase="C:\Projekty\MSTestProject\bin\Debug\netcoreapp3.1\MSTestProject.dll" adapterTypeName="executor://mstestadapter/v2" className="TwojeWesele.Services.Helpers.Tests.CurrencyHelperTests" name="FormatToStringTest1000" />
    </UnitTest>
    <UnitTest name="FormatToStringTest1000 (2298.0331723829886,2298.03 zł)" storage="c:\projekty\mstestproject\bin\debug\netcoreapp3.1\mstestproject.dll" id="748eaf94-ba0d-4b51-9f93-a615a06b99bf">
      <TestCategory>
        <TestCategoryItem TestCategory="Category1000" />
      </TestCategory>
      <Execution id="ebaa47ba-1a77-40d9-9214-e8ae5eef0aa2" />
      <TestMethod codeBase="C:\Projekty\MSTestProject\bin\Debug\netcoreapp3.1\MSTestProject.dll" adapterTypeName="executor://mstestadapter/v2" className="TwojeWesele.Services.Helpers.Tests.CurrencyHelperTests" name="FormatToStringTest1000" />
    </UnitTest>
    <UnitTest name="FormatToStringTest1000 (79973.08417819678,79973.08 zł)" storage="c:\projekty\mstestproject\bin\debug\netcoreapp3.1\mstestproject.dll" id="3464f623-106a-4d7d-85ba-0f992b67fbdb">
      <TestCategory>
        <TestCategoryItem TestCategory="Category1000" />
      </TestCategory>
      <Execution id="3d031e61-dc1b-43a9-8613-42dcba497cbe" />
      <TestMethod codeBase="C:\Projekty\MSTestProject\bin\Debug\netcoreapp3.1\MSTestProject.dll" adapterTypeName="executor://mstestadapter/v2" className="TwojeWesele.Services.Helpers.Tests.CurrencyHelperTests" name="FormatToStringTest1000" />
    </UnitTest>
    <UnitTest name="FormatToStringTest1000 (21602.417596116393,21602.42 zł)" storage="c:\projekty\mstestproject\bin\debug\netcoreapp3.1\mstestproject.dll" id="a658e3bf-8b95-4f76-ac53-d99e8b7dd7e4">
      <TestCategory>
        <TestCategoryItem TestCategory="Category1000" />
      </TestCategory>
      <Execution id="8b8883c2-4e78-420a-b13c-c7b396534c75" />
      <TestMethod codeBase="C:\Projekty\MSTestProject\bin\Debug\netcoreapp3.1\MSTestProject.dll" adapterTypeName="executor://mstestadapter/v2" className="TwojeWesele.Services.Helpers.Tests.CurrencyHelperTests" name="FormatToStringTest1000" />
    </UnitTest>
    <UnitTest name="FormatToStringTest1000 (15414.175096961751,15414.18 zł)" storage="c:\projekty\mstestproject\bin\debug\netcoreapp3.1\mstestproject.dll" id="82b18d4c-820e-4f22-be8f-7d121af2f0df">
      <TestCategory>
        <TestCategoryItem TestCategory="Category1000" />
      </TestCategory>
      <Execution id="8dde9a5e-ffb1-4ffd-8afa-36df6755c33b" />
      <TestMethod codeBase="C:\Projekty\MSTestProject\bin\Debug\netcoreapp3.1\MSTestProject.dll" adapterTypeName="executor://mstestadapter/v2" className="TwojeWesele.Services.Helpers.Tests.CurrencyHelperTests" name="FormatToStringTest1000" />
    </UnitTest>
    <UnitTest name="FormatToStringTest1000 (90187.4082624374,90187.41 zł)" storage="c:\projekty\mstestproject\bin\debug\netcoreapp3.1\mstestproject.dll" id="284cbafe-66e8-4298-b2d1-178c2891794c">
      <TestCategory>
        <TestCategoryItem TestCategory="Category1000" />
      </TestCategory>
      <Execution id="dd60d31c-900d-4a19-b505-9ea5fd9d20c8" />
      <TestMethod codeBase="C:\Projekty\MSTestProject\bin\Debug\netcoreapp3.1\MSTestProject.dll" adapterTypeName="executor://mstestadapter/v2" className="TwojeWesele.Services.Helpers.Tests.CurrencyHelperTests" name="FormatToStringTest1000" />
    </UnitTest>
    <UnitTest name="FormatToStringTest1000 (5140.16338917155,5140.16 zł)" storage="c:\projekty\mstestproject\bin\debug\netcoreapp3.1\mstestproject.dll" id="fb46b642-2d3c-4852-821d-82a88fb980df">
      <TestCategory>
        <TestCategoryItem TestCategory="Category1000" />
      </TestCategory>
      <Execution id="ad7c5447-9dc5-4513-94c9-20673531f318" />
      <TestMethod codeBase="C:\Projekty\MSTestProject\bin\Debug\netcoreapp3.1\MSTestProject.dll" adapterTypeName="executor://mstestadapter/v2" className="TwojeWesele.Services.Helpers.Tests.CurrencyHelperTests" name="FormatToStringTest1000" />
    </UnitTest>
    <UnitTest name="FormatToStringTest1000 (19435.417227184127,19435.42 zł)" storage="c:\projekty\mstestproject\bin\debug\netcoreapp3.1\mstestproject.dll" id="e683a3aa-fb34-46af-8b28-073b009a9bba">
      <TestCategory>
        <TestCategoryItem TestCategory="Category1000" />
      </TestCategory>
      <Execution id="0ee88e91-5339-4b19-bdb4-2fe189390451" />
      <TestMethod codeBase="C:\Projekty\MSTestProject\bin\Debug\netcoreapp3.1\MSTestProject.dll" adapterTypeName="executor://mstestadapter/v2" className="TwojeWesele.Services.Helpers.Tests.CurrencyHelperTests" name="FormatToStringTest1000" />
    </UnitTest>
    <UnitTest name="FormatToStringTest1000 (53192.79032742269,53192.79 zł)" storage="c:\projekty\mstestproject\bin\debug\netcoreapp3.1\mstestproject.dll" id="df278790-18a3-4496-9f48-ee3d8a4b8366">
      <TestCategory>
        <TestCategoryItem TestCategory="Category1000" />
      </TestCategory>
      <Execution id="dc301f57-607c-40eb-8d79-af8086ed2159" />
      <TestMethod codeBase="C:\Projekty\MSTestProject\bin\Debug\netcoreapp3.1\MSTestProject.dll" adapterTypeName="executor://mstestadapter/v2" className="TwojeWesele.Services.Helpers.Tests.CurrencyHelperTests" name="FormatToStringTest1000" />
    </UnitTest>
    <UnitTest name="FormatToStringTest1000 (10994.251866986162,10994.25 zł)" storage="c:\projekty\mstestproject\bin\debug\netcoreapp3.1\mstestproject.dll" id="9ff1f4b7-870c-401b-8fc6-ba5e738223f5">
      <TestCategory>
        <TestCategoryItem TestCategory="Category1000" />
      </TestCategory>
      <Execution id="19a6064b-de47-4935-b03e-24485e18c2be" />
      <TestMethod codeBase="C:\Projekty\MSTestProject\bin\Debug\netcoreapp3.1\MSTestProject.dll" adapterTypeName="executor://mstestadapter/v2" className="TwojeWesele.Services.Helpers.Tests.CurrencyHelperTests" name="FormatToStringTest1000" />
    </UnitTest>
    <UnitTest name="FormatToStringTest1000 (4857.211933034105,4857.21 zł)" storage="c:\projekty\mstestproject\bin\debug\netcoreapp3.1\mstestproject.dll" id="f5e63490-30b1-4262-8dcc-d359e273a6bd">
      <TestCategory>
        <TestCategoryItem TestCategory="Category1000" />
      </TestCategory>
      <Execution id="d09a9b71-16f1-4032-a1f7-0a12f90154db" />
      <TestMethod codeBase="C:\Projekty\MSTestProject\bin\Debug\netcoreapp3.1\MSTestProject.dll" adapterTypeName="executor://mstestadapter/v2" className="TwojeWesele.Services.Helpers.Tests.CurrencyHelperTests" name="FormatToStringTest1000" />
    </UnitTest>
    <UnitTest name="FormatToStringTest1000 (9816.961298880615,9816.96 zł)" storage="c:\projekty\mstestproject\bin\debug\netcoreapp3.1\mstestproject.dll" id="c5143763-f29b-4fa6-b330-d6da043e0611">
      <TestCategory>
        <TestCategoryItem TestCategory="Category1000" />
      </TestCategory>
      <Execution id="7b7d1f13-d96a-4fc6-a090-91168bdab136" />
      <TestMethod codeBase="C:\Projekty\MSTestProject\bin\Debug\netcoreapp3.1\MSTestProject.dll" adapterTypeName="executor://mstestadapter/v2" className="TwojeWesele.Services.Helpers.Tests.CurrencyHelperTests" name="FormatToStringTest1000" />
    </UnitTest>
    <UnitTest name="FormatToStringTest1000 (2901.9683054191846,2901.97 zł)" storage="c:\projekty\mstestproject\bin\debug\netcoreapp3.1\mstestproject.dll" id="b1fc2ff7-546c-4e2a-aca9-c703ad9e0751">
      <TestCategory>
        <TestCategoryItem TestCategory="Category1000" />
      </TestCategory>
      <Execution id="4ffbfea0-1260-432f-9dac-b140feff1853" />
      <TestMethod codeBase="C:\Projekty\MSTestProject\bin\Debug\netcoreapp3.1\MSTestProject.dll" adapterTypeName="executor://mstestadapter/v2" className="TwojeWesele.Services.Helpers.Tests.CurrencyHelperTests" name="FormatToStringTest1000" />
    </UnitTest>
    <UnitTest name="FormatToStringTest1000 (8499.121443388574,8499.12 zł)" storage="c:\projekty\mstestproject\bin\debug\netcoreapp3.1\mstestproject.dll" id="d644c0e1-5257-4f6e-b204-fc7049032fac">
      <TestCategory>
        <TestCategoryItem TestCategory="Category1000" />
      </TestCategory>
      <Execution id="ac22c9e3-e8f7-413e-8740-6f8f187caec6" />
      <TestMethod codeBase="C:\Projekty\MSTestProject\bin\Debug\netcoreapp3.1\MSTestProject.dll" adapterTypeName="executor://mstestadapter/v2" className="TwojeWesele.Services.Helpers.Tests.CurrencyHelperTests" name="FormatToStringTest1000" />
    </UnitTest>
    <UnitTest name="FormatToStringTest1000 (35967.54466809684,35967.54 zł)" storage="c:\projekty\mstestproject\bin\debug\netcoreapp3.1\mstestproject.dll" id="2330c838-c317-4a78-a9fa-9eca50cd7c4a">
      <TestCategory>
        <TestCategoryItem TestCategory="Category1000" />
      </TestCategory>
      <Execution id="3549f664-0616-455c-8de4-44805293ca96" />
      <TestMethod codeBase="C:\Projekty\MSTestProject\bin\Debug\netcoreapp3.1\MSTestProject.dll" adapterTypeName="executor://mstestadapter/v2" className="TwojeWesele.Services.Helpers.Tests.CurrencyHelperTests" name="FormatToStringTest1000" />
    </UnitTest>
    <UnitTest name="FormatToStringTest1000 (72905.64834432845,72905.65 zł)" storage="c:\projekty\mstestproject\bin\debug\netcoreapp3.1\mstestproject.dll" id="b1494e00-9ed8-44fc-b255-262675f82b22">
      <TestCategory>
        <TestCategoryItem TestCategory="Category1000" />
      </TestCategory>
      <Execution id="e6c90841-cf4c-49ae-8e32-596b4f798b53" />
      <TestMethod codeBase="C:\Projekty\MSTestProject\bin\Debug\netcoreapp3.1\MSTestProject.dll" adapterTypeName="executor://mstestadapter/v2" className="TwojeWesele.Services.Helpers.Tests.CurrencyHelperTests" name="FormatToStringTest1000" />
    </UnitTest>
    <UnitTest name="FormatToStringTest1000 (28455.229970996843,28455.23 zł)" storage="c:\projekty\mstestproject\bin\debug\netcoreapp3.1\mstestproject.dll" id="c483b979-0547-4678-a76a-bb42b39bc024">
      <TestCategory>
        <TestCategoryItem TestCategory="Category1000" />
      </TestCategory>
      <Execution id="59be3afc-d7bf-461d-a31b-2478af0bb748" />
      <TestMethod codeBase="C:\Projekty\MSTestProject\bin\Debug\netcoreapp3.1\MSTestProject.dll" adapterTypeName="executor://mstestadapter/v2" className="TwojeWesele.Services.Helpers.Tests.CurrencyHelperTests" name="FormatToStringTest1000" />
    </UnitTest>
    <UnitTest name="FormatToStringTest1000 (11871.427211910219,11871.43 zł)" storage="c:\projekty\mstestproject\bin\debug\netcoreapp3.1\mstestproject.dll" id="99d5d463-6269-4d5f-8e4f-9341be05244f">
      <TestCategory>
        <TestCategoryItem TestCategory="Category1000" />
      </TestCategory>
      <Execution id="ab71b149-5892-4e48-b3f0-17e56462b317" />
      <TestMethod codeBase="C:\Projekty\MSTestProject\bin\Debug\netcoreapp3.1\MSTestProject.dll" adapterTypeName="executor://mstestadapter/v2" className="TwojeWesele.Services.Helpers.Tests.CurrencyHelperTests" name="FormatToStringTest1000" />
    </UnitTest>
    <UnitTest name="FormatToStringTest1000 (7890.044272348771,7890.04 zł)" storage="c:\projekty\mstestproject\bin\debug\netcoreapp3.1\mstestproject.dll" id="469808b1-c092-428c-936d-876ceacda71d">
      <TestCategory>
        <TestCategoryItem TestCategory="Category1000" />
      </TestCategory>
      <Execution id="2de85c99-39c1-469e-a169-8a9e90d3665e" />
      <TestMethod codeBase="C:\Projekty\MSTestProject\bin\Debug\netcoreapp3.1\MSTestProject.dll" adapterTypeName="executor://mstestadapter/v2" className="TwojeWesele.Services.Helpers.Tests.CurrencyHelperTests" name="FormatToStringTest1000" />
    </UnitTest>
    <UnitTest name="FormatToStringTest1000 (4554.73912809777,4554.74 zł)" storage="c:\projekty\mstestproject\bin\debug\netcoreapp3.1\mstestproject.dll" id="bc14a7b6-17dd-4a60-8a1c-5de27ece1964">
      <TestCategory>
        <TestCategoryItem TestCategory="Category1000" />
      </TestCategory>
      <Execution id="7c8ba956-fce9-4f97-894e-4a76dfcd2816" />
      <TestMethod codeBase="C:\Projekty\MSTestProject\bin\Debug\netcoreapp3.1\MSTestProject.dll" adapterTypeName="executor://mstestadapter/v2" className="TwojeWesele.Services.Helpers.Tests.CurrencyHelperTests" name="FormatToStringTest1000" />
    </UnitTest>
    <UnitTest name="FormatToStringTest1000 (49672.98901987402,49672.99 zł)" storage="c:\projekty\mstestproject\bin\debug\netcoreapp3.1\mstestproject.dll" id="5800c543-8d54-4674-ba7e-d8c5b4b1a01b">
      <TestCategory>
        <TestCategoryItem TestCategory="Category1000" />
      </TestCategory>
      <Execution id="4866d913-3d1d-4fd2-9d9c-1038e350516e" />
      <TestMethod codeBase="C:\Projekty\MSTestProject\bin\Debug\netcoreapp3.1\MSTestProject.dll" adapterTypeName="executor://mstestadapter/v2" className="TwojeWesele.Services.Helpers.Tests.CurrencyHelperTests" name="FormatToStringTest1000" />
    </UnitTest>
    <UnitTest name="FormatToStringTest1000 (21573.45329517613,21573.45 zł)" storage="c:\projekty\mstestproject\bin\debug\netcoreapp3.1\mstestproject.dll" id="87e2fa89-eacd-463d-ab50-fba1150ac455">
      <TestCategory>
        <TestCategoryItem TestCategory="Category1000" />
      </TestCategory>
      <Execution id="f8034362-3a54-437a-9421-14a35b9d353d" />
      <TestMethod codeBase="C:\Projekty\MSTestProject\bin\Debug\netcoreapp3.1\MSTestProject.dll" adapterTypeName="executor://mstestadapter/v2" className="TwojeWesele.Services.Helpers.Tests.CurrencyHelperTests" name="FormatToStringTest1000" />
    </UnitTest>
    <UnitTest name="FormatToStringTest1000 (31971.185406704986,31971.19 zł)" storage="c:\projekty\mstestproject\bin\debug\netcoreapp3.1\mstestproject.dll" id="3d60350f-0a96-471f-90ae-8771c17d02ef">
      <TestCategory>
        <TestCategoryItem TestCategory="Category1000" />
      </TestCategory>
      <Execution id="a3c8b083-abdb-43b2-9a1f-1bf531a90a8d" />
      <TestMethod codeBase="C:\Projekty\MSTestProject\bin\Debug\netcoreapp3.1\MSTestProject.dll" adapterTypeName="executor://mstestadapter/v2" className="TwojeWesele.Services.Helpers.Tests.CurrencyHelperTests" name="FormatToStringTest1000" />
    </UnitTest>
    <UnitTest name="FormatToStringTest1000 (11175.438820935526,11175.44 zł)" storage="c:\projekty\mstestproject\bin\debug\netcoreapp3.1\mstestproject.dll" id="10ad7550-f76c-4572-8d65-fe4fd902b36d">
      <TestCategory>
        <TestCategoryItem TestCategory="Category1000" />
      </TestCategory>
      <Execution id="1b1b173e-9bc6-4629-b9ca-ef6c0c79076d" />
      <TestMethod codeBase="C:\Projekty\MSTestProject\bin\Debug\netcoreapp3.1\MSTestProject.dll" adapterTypeName="executor://mstestadapter/v2" className="TwojeWesele.Services.Helpers.Tests.CurrencyHelperTests" name="FormatToStringTest1000" />
    </UnitTest>
    <UnitTest name="FormatToStringTest1000 (5566.818038455592,5566.82 zł)" storage="c:\projekty\mstestproject\bin\debug\netcoreapp3.1\mstestproject.dll" id="76c551f8-f63c-4508-86be-ffe6c25df042">
      <TestCategory>
        <TestCategoryItem TestCategory="Category1000" />
      </TestCategory>
      <Execution id="ab020362-4a9a-4f58-9d87-c77ba2cac968" />
      <TestMethod codeBase="C:\Projekty\MSTestProject\bin\Debug\netcoreapp3.1\MSTestProject.dll" adapterTypeName="executor://mstestadapter/v2" className="TwojeWesele.Services.Helpers.Tests.CurrencyHelperTests" name="FormatToStringTest1000" />
    </UnitTest>
    <UnitTest name="FormatToStringTest1000 (13568.230982493717,13568.23 zł)" storage="c:\projekty\mstestproject\bin\debug\netcoreapp3.1\mstestproject.dll" id="33bae8e6-890e-42be-93d8-8557458472d7">
      <TestCategory>
        <TestCategoryItem TestCategory="Category1000" />
      </TestCategory>
      <Execution id="a4e040cd-85a7-4d9f-82ad-bacb1981ded7" />
      <TestMethod codeBase="C:\Projekty\MSTestProject\bin\Debug\netcoreapp3.1\MSTestProject.dll" adapterTypeName="executor://mstestadapter/v2" className="TwojeWesele.Services.Helpers.Tests.CurrencyHelperTests" name="FormatToStringTest1000" />
    </UnitTest>
    <UnitTest name="FormatToStringTest1000 (51529.79033960206,51529.79 zł)" storage="c:\projekty\mstestproject\bin\debug\netcoreapp3.1\mstestproject.dll" id="5d0d4f1d-2cf5-4944-8cd1-62be06b968bc">
      <TestCategory>
        <TestCategoryItem TestCategory="Category1000" />
      </TestCategory>
      <Execution id="8f723ce0-24cc-4c76-85c7-476df822367c" />
      <TestMethod codeBase="C:\Projekty\MSTestProject\bin\Debug\netcoreapp3.1\MSTestProject.dll" adapterTypeName="executor://mstestadapter/v2" className="TwojeWesele.Services.Helpers.Tests.CurrencyHelperTests" name="FormatToStringTest1000" />
    </UnitTest>
    <UnitTest name="FormatToStringTest1000 (17845.255864087147,17845.26 zł)" storage="c:\projekty\mstestproject\bin\debug\netcoreapp3.1\mstestproject.dll" id="c3743bcf-3e22-4091-8d86-18b5327263ce">
      <TestCategory>
        <TestCategoryItem TestCategory="Category1000" />
      </TestCategory>
      <Execution id="759ed144-6e4d-4b78-be95-6bb3fc57c6a8" />
      <TestMethod codeBase="C:\Projekty\MSTestProject\bin\Debug\netcoreapp3.1\MSTestProject.dll" adapterTypeName="executor://mstestadapter/v2" className="TwojeWesele.Services.Helpers.Tests.CurrencyHelperTests" name="FormatToStringTest1000" />
    </UnitTest>
    <UnitTest name="FormatToStringTest1000 (15639.704937780603,15639.70 zł)" storage="c:\projekty\mstestproject\bin\debug\netcoreapp3.1\mstestproject.dll" id="79f95441-2490-4168-9b3a-ee58deb1eb56">
      <TestCategory>
        <TestCategoryItem TestCategory="Category1000" />
      </TestCategory>
      <Execution id="d7d3b516-1d4e-4bbb-9c76-9d8abdad0f07" />
      <TestMethod codeBase="C:\Projekty\MSTestProject\bin\Debug\netcoreapp3.1\MSTestProject.dll" adapterTypeName="executor://mstestadapter/v2" className="TwojeWesele.Services.Helpers.Tests.CurrencyHelperTests" name="FormatToStringTest1000" />
    </UnitTest>
    <UnitTest name="FormatToStringTest1000 (48449.85582609189,48449.86 zł)" storage="c:\projekty\mstestproject\bin\debug\netcoreapp3.1\mstestproject.dll" id="07b98da2-cb7b-48b0-a2c2-72674ba5b609">
      <TestCategory>
        <TestCategoryItem TestCategory="Category1000" />
      </TestCategory>
      <Execution id="d85b0bcd-0e17-4e79-a071-f994d5bca7db" />
      <TestMethod codeBase="C:\Projekty\MSTestProject\bin\Debug\netcoreapp3.1\MSTestProject.dll" adapterTypeName="executor://mstestadapter/v2" className="TwojeWesele.Services.Helpers.Tests.CurrencyHelperTests" name="FormatToStringTest1000" />
    </UnitTest>
    <UnitTest name="FormatToStringTest1000 (29975.4018974022,29975.40 zł)" storage="c:\projekty\mstestproject\bin\debug\netcoreapp3.1\mstestproject.dll" id="266f6a9f-0eb9-4d8a-916d-a40cd58c55e2">
      <TestCategory>
        <TestCategoryItem TestCategory="Category1000" />
      </TestCategory>
      <Execution id="8741b272-0559-4654-bb27-71ba76e18361" />
      <TestMethod codeBase="C:\Projekty\MSTestProject\bin\Debug\netcoreapp3.1\MSTestProject.dll" adapterTypeName="executor://mstestadapter/v2" className="TwojeWesele.Services.Helpers.Tests.CurrencyHelperTests" name="FormatToStringTest1000" />
    </UnitTest>
    <UnitTest name="FormatToStringTest1000 (17798.633951516185,17798.63 zł)" storage="c:\projekty\mstestproject\bin\debug\netcoreapp3.1\mstestproject.dll" id="c60a5e6e-4368-486b-834f-764992305121">
      <TestCategory>
        <TestCategoryItem TestCategory="Category1000" />
      </TestCategory>
      <Execution id="39c6702c-36d8-4a37-b2c3-e6762494444a" />
      <TestMethod codeBase="C:\Projekty\MSTestProject\bin\Debug\netcoreapp3.1\MSTestProject.dll" adapterTypeName="executor://mstestadapter/v2" className="TwojeWesele.Services.Helpers.Tests.CurrencyHelperTests" name="FormatToStringTest1000" />
    </UnitTest>
    <UnitTest name="FormatToStringTest1000 (2751.3751475258614,2751.38 zł)" storage="c:\projekty\mstestproject\bin\debug\netcoreapp3.1\mstestproject.dll" id="51fa9a55-682b-4c91-b511-75dcfac9c2d4">
      <TestCategory>
        <TestCategoryItem TestCategory="Category1000" />
      </TestCategory>
      <Execution id="d7d6ea27-6555-4f9a-9abc-d10e1af7a1bb" />
      <TestMethod codeBase="C:\Projekty\MSTestProject\bin\Debug\netcoreapp3.1\MSTestProject.dll" adapterTypeName="executor://mstestadapter/v2" className="TwojeWesele.Services.Helpers.Tests.CurrencyHelperTests" name="FormatToStringTest1000" />
    </UnitTest>
    <UnitTest name="FormatToStringTest1000 (13046.352146307172,13046.35 zł)" storage="c:\projekty\mstestproject\bin\debug\netcoreapp3.1\mstestproject.dll" id="42535d34-ea01-4004-a3d5-22baefe9d4b8">
      <TestCategory>
        <TestCategoryItem TestCategory="Category1000" />
      </TestCategory>
      <Execution id="eea23990-e71a-4a22-8efe-34bab3a164b8" />
      <TestMethod codeBase="C:\Projekty\MSTestProject\bin\Debug\netcoreapp3.1\MSTestProject.dll" adapterTypeName="executor://mstestadapter/v2" className="TwojeWesele.Services.Helpers.Tests.CurrencyHelperTests" name="FormatToStringTest1000" />
    </UnitTest>
    <UnitTest name="FormatToStringTest1000 (33970.38965150639,33970.39 zł)" storage="c:\projekty\mstestproject\bin\debug\netcoreapp3.1\mstestproject.dll" id="89100a2c-0ba6-4b81-8373-5ec3df1356de">
      <TestCategory>
        <TestCategoryItem TestCategory="Category1000" />
      </TestCategory>
      <Execution id="326d32e5-db8a-4354-894d-c38ea4798c4b" />
      <TestMethod codeBase="C:\Projekty\MSTestProject\bin\Debug\netcoreapp3.1\MSTestProject.dll" adapterTypeName="executor://mstestadapter/v2" className="TwojeWesele.Services.Helpers.Tests.CurrencyHelperTests" name="FormatToStringTest1000" />
    </UnitTest>
    <UnitTest name="FormatToStringTest1000 (6276.389386365838,6276.39 zł)" storage="c:\projekty\mstestproject\bin\debug\netcoreapp3.1\mstestproject.dll" id="18e63c48-244c-4b99-8f4d-90607d49e94a">
      <TestCategory>
        <TestCategoryItem TestCategory="Category1000" />
      </TestCategory>
      <Execution id="22d4695b-c670-47f1-bcb9-2e2b3e367a21" />
      <TestMethod codeBase="C:\Projekty\MSTestProject\bin\Debug\netcoreapp3.1\MSTestProject.dll" adapterTypeName="executor://mstestadapter/v2" className="TwojeWesele.Services.Helpers.Tests.CurrencyHelperTests" name="FormatToStringTest1000" />
    </UnitTest>
    <UnitTest name="FormatToStringTest1000 (25720.27551496321,25720.28 zł)" storage="c:\projekty\mstestproject\bin\debug\netcoreapp3.1\mstestproject.dll" id="cdce85cd-21a4-44d5-9344-8e7dde53851c">
      <TestCategory>
        <TestCategoryItem TestCategory="Category1000" />
      </TestCategory>
      <Execution id="d60d22d6-73ed-4fec-85ca-944911f64f04" />
      <TestMethod codeBase="C:\Projekty\MSTestProject\bin\Debug\netcoreapp3.1\MSTestProject.dll" adapterTypeName="executor://mstestadapter/v2" className="TwojeWesele.Services.Helpers.Tests.CurrencyHelperTests" name="FormatToStringTest1000" />
    </UnitTest>
    <UnitTest name="FormatToStringTest1000 (3195.202943510936,3195.20 zł)" storage="c:\projekty\mstestproject\bin\debug\netcoreapp3.1\mstestproject.dll" id="2644e8a0-5ffa-4c29-a8ef-1da4354c40c0">
      <TestCategory>
        <TestCategoryItem TestCategory="Category1000" />
      </TestCategory>
      <Execution id="8ea45ada-3f0a-487d-b2d7-7037b77323ce" />
      <TestMethod codeBase="C:\Projekty\MSTestProject\bin\Debug\netcoreapp3.1\MSTestProject.dll" adapterTypeName="executor://mstestadapter/v2" className="TwojeWesele.Services.Helpers.Tests.CurrencyHelperTests" name="FormatToStringTest1000" />
    </UnitTest>
    <UnitTest name="FormatToStringTest1000 (23023.74724929768,23023.75 zł)" storage="c:\projekty\mstestproject\bin\debug\netcoreapp3.1\mstestproject.dll" id="542e64f8-794c-44ba-80dc-d082bcb6fdcc">
      <TestCategory>
        <TestCategoryItem TestCategory="Category1000" />
      </TestCategory>
      <Execution id="8a6d91f7-f256-4a17-892a-1593f14c10b8" />
      <TestMethod codeBase="C:\Projekty\MSTestProject\bin\Debug\netcoreapp3.1\MSTestProject.dll" adapterTypeName="executor://mstestadapter/v2" className="TwojeWesele.Services.Helpers.Tests.CurrencyHelperTests" name="FormatToStringTest1000" />
    </UnitTest>
    <UnitTest name="FormatToStringTest1000 (3043.6828298227315,3043.68 zł)" storage="c:\projekty\mstestproject\bin\debug\netcoreapp3.1\mstestproject.dll" id="d78c29ba-95ff-4ed4-9206-f31923510b50">
      <TestCategory>
        <TestCategoryItem TestCategory="Category1000" />
      </TestCategory>
      <Execution id="ab4a21d7-99c6-4831-a9df-beebb263ddd8" />
      <TestMethod codeBase="C:\Projekty\MSTestProject\bin\Debug\netcoreapp3.1\MSTestProject.dll" adapterTypeName="executor://mstestadapter/v2" className="TwojeWesele.Services.Helpers.Tests.CurrencyHelperTests" name="FormatToStringTest1000" />
    </UnitTest>
    <UnitTest name="FormatToStringTest1000 (30499.08272379734,30499.08 zł)" storage="c:\projekty\mstestproject\bin\debug\netcoreapp3.1\mstestproject.dll" id="b6ac60e0-7f35-4cd6-9fca-f3f3a7a6b1b0">
      <TestCategory>
        <TestCategoryItem TestCategory="Category1000" />
      </TestCategory>
      <Execution id="53357e15-85c6-4aed-815a-1ea1990ede1d" />
      <TestMethod codeBase="C:\Projekty\MSTestProject\bin\Debug\netcoreapp3.1\MSTestProject.dll" adapterTypeName="executor://mstestadapter/v2" className="TwojeWesele.Services.Helpers.Tests.CurrencyHelperTests" name="FormatToStringTest1000" />
    </UnitTest>
    <UnitTest name="FormatToStringTest1000 (14920.620598662934,14920.62 zł)" storage="c:\projekty\mstestproject\bin\debug\netcoreapp3.1\mstestproject.dll" id="2f9dc192-4534-401a-bdbb-d5d261830ce1">
      <TestCategory>
        <TestCategoryItem TestCategory="Category1000" />
      </TestCategory>
      <Execution id="ce89ed69-fbd5-495e-a7b0-71b32354f42a" />
      <TestMethod codeBase="C:\Projekty\MSTestProject\bin\Debug\netcoreapp3.1\MSTestProject.dll" adapterTypeName="executor://mstestadapter/v2" className="TwojeWesele.Services.Helpers.Tests.CurrencyHelperTests" name="FormatToStringTest1000" />
    </UnitTest>
    <UnitTest name="FormatToStringTest1000 (34136.0993783046,34136.10 zł)" storage="c:\projekty\mstestproject\bin\debug\netcoreapp3.1\mstestproject.dll" id="7abc6cde-233c-4dfd-8181-81bc5709c568">
      <TestCategory>
        <TestCategoryItem TestCategory="Category1000" />
      </TestCategory>
      <Execution id="6a9e40b4-f973-4c42-b4fd-e25a46f5e1e9" />
      <TestMethod codeBase="C:\Projekty\MSTestProject\bin\Debug\netcoreapp3.1\MSTestProject.dll" adapterTypeName="executor://mstestadapter/v2" className="TwojeWesele.Services.Helpers.Tests.CurrencyHelperTests" name="FormatToStringTest1000" />
    </UnitTest>
    <UnitTest name="FormatToStringTest1000 (34062.88803158276,34062.89 zł)" storage="c:\projekty\mstestproject\bin\debug\netcoreapp3.1\mstestproject.dll" id="a1732cbb-cb40-475c-8b13-00a7f05b5fb7">
      <TestCategory>
        <TestCategoryItem TestCategory="Category1000" />
      </TestCategory>
      <Execution id="cb8d5f0b-70ab-4cfb-abb5-6df7ae5f1b2e" />
      <TestMethod codeBase="C:\Projekty\MSTestProject\bin\Debug\netcoreapp3.1\MSTestProject.dll" adapterTypeName="executor://mstestadapter/v2" className="TwojeWesele.Services.Helpers.Tests.CurrencyHelperTests" name="FormatToStringTest1000" />
    </UnitTest>
    <UnitTest name="FormatToStringTest1000 (31300.40752580967,31300.41 zł)" storage="c:\projekty\mstestproject\bin\debug\netcoreapp3.1\mstestproject.dll" id="66c19f99-afbd-4157-bf7f-666974967513">
      <TestCategory>
        <TestCategoryItem TestCategory="Category1000" />
      </TestCategory>
      <Execution id="96ff8a25-f13b-4d4b-9b5d-68831d5aeb2d" />
      <TestMethod codeBase="C:\Projekty\MSTestProject\bin\Debug\netcoreapp3.1\MSTestProject.dll" adapterTypeName="executor://mstestadapter/v2" className="TwojeWesele.Services.Helpers.Tests.CurrencyHelperTests" name="FormatToStringTest1000" />
    </UnitTest>
    <UnitTest name="FormatToStringTest1000 (7013.601812260971,7013.60 zł)" storage="c:\projekty\mstestproject\bin\debug\netcoreapp3.1\mstestproject.dll" id="1730d2a9-925e-4149-bc1c-6b92aaf28491">
      <TestCategory>
        <TestCategoryItem TestCategory="Category1000" />
      </TestCategory>
      <Execution id="1a145c97-02fe-40d1-a9aa-7a9407cd7a0a" />
      <TestMethod codeBase="C:\Projekty\MSTestProject\bin\Debug\netcoreapp3.1\MSTestProject.dll" adapterTypeName="executor://mstestadapter/v2" className="TwojeWesele.Services.Helpers.Tests.CurrencyHelperTests" name="FormatToStringTest1000" />
    </UnitTest>
    <UnitTest name="FormatToStringTest1000 (43799.04472166535,43799.04 zł)" storage="c:\projekty\mstestproject\bin\debug\netcoreapp3.1\mstestproject.dll" id="3405b01e-8e60-4bc4-9341-8578e7d966ec">
      <TestCategory>
        <TestCategoryItem TestCategory="Category1000" />
      </TestCategory>
      <Execution id="1fdc58f7-4473-4cb9-9a56-51e2f8706f71" />
      <TestMethod codeBase="C:\Projekty\MSTestProject\bin\Debug\netcoreapp3.1\MSTestProject.dll" adapterTypeName="executor://mstestadapter/v2" className="TwojeWesele.Services.Helpers.Tests.CurrencyHelperTests" name="FormatToStringTest1000" />
    </UnitTest>
    <UnitTest name="FormatToStringTest1000 (2897.9775426620513,2897.98 zł)" storage="c:\projekty\mstestproject\bin\debug\netcoreapp3.1\mstestproject.dll" id="12fd8f5a-c8ec-48cf-b0d4-9efaa9a7dd63">
      <TestCategory>
        <TestCategoryItem TestCategory="Category1000" />
      </TestCategory>
      <Execution id="2fc332a5-e82c-4910-93cc-6b5edf15de9b" />
      <TestMethod codeBase="C:\Projekty\MSTestProject\bin\Debug\netcoreapp3.1\MSTestProject.dll" adapterTypeName="executor://mstestadapter/v2" className="TwojeWesele.Services.Helpers.Tests.CurrencyHelperTests" name="FormatToStringTest1000" />
    </UnitTest>
    <UnitTest name="FormatToStringTest1000 (15509.637406484986,15509.64 zł)" storage="c:\projekty\mstestproject\bin\debug\netcoreapp3.1\mstestproject.dll" id="41796565-f034-4e49-8c79-57af834f42a9">
      <TestCategory>
        <TestCategoryItem TestCategory="Category1000" />
      </TestCategory>
      <Execution id="77edc2c6-b249-4252-b87c-df50abd72845" />
      <TestMethod codeBase="C:\Projekty\MSTestProject\bin\Debug\netcoreapp3.1\MSTestProject.dll" adapterTypeName="executor://mstestadapter/v2" className="TwojeWesele.Services.Helpers.Tests.CurrencyHelperTests" name="FormatToStringTest1000" />
    </UnitTest>
    <UnitTest name="FormatToStringTest1000 (29474.095826699442,29474.10 zł)" storage="c:\projekty\mstestproject\bin\debug\netcoreapp3.1\mstestproject.dll" id="4620cd58-d924-424f-b891-2c44a8744823">
      <TestCategory>
        <TestCategoryItem TestCategory="Category1000" />
      </TestCategory>
      <Execution id="ffb8cf7a-0cae-4373-a667-e678fd630e48" />
      <TestMethod codeBase="C:\Projekty\MSTestProject\bin\Debug\netcoreapp3.1\MSTestProject.dll" adapterTypeName="executor://mstestadapter/v2" className="TwojeWesele.Services.Helpers.Tests.CurrencyHelperTests" name="FormatToStringTest1000" />
    </UnitTest>
    <UnitTest name="FormatToStringTest1000 (59247.898931587064,59247.90 zł)" storage="c:\projekty\mstestproject\bin\debug\netcoreapp3.1\mstestproject.dll" id="48070389-31cd-43d4-9a30-35a4fc1ad7d4">
      <TestCategory>
        <TestCategoryItem TestCategory="Category1000" />
      </TestCategory>
      <Execution id="acda10ce-a986-4569-94ca-1e8c7044fee9" />
      <TestMethod codeBase="C:\Projekty\MSTestProject\bin\Debug\netcoreapp3.1\MSTestProject.dll" adapterTypeName="executor://mstestadapter/v2" className="TwojeWesele.Services.Helpers.Tests.CurrencyHelperTests" name="FormatToStringTest1000" />
    </UnitTest>
    <UnitTest name="FormatToStringTest1000 (19519.4298413505,19519.43 zł)" storage="c:\projekty\mstestproject\bin\debug\netcoreapp3.1\mstestproject.dll" id="0b1ba838-882f-420f-b7d7-80b0f0ebdda2">
      <TestCategory>
        <TestCategoryItem TestCategory="Category1000" />
      </TestCategory>
      <Execution id="32c82449-c811-43f0-adf0-065b52051094" />
      <TestMethod codeBase="C:\Projekty\MSTestProject\bin\Debug\netcoreapp3.1\MSTestProject.dll" adapterTypeName="executor://mstestadapter/v2" className="TwojeWesele.Services.Helpers.Tests.CurrencyHelperTests" name="FormatToStringTest1000" />
    </UnitTest>
    <UnitTest name="FormatToStringTest1000 (33699.13042082038,33699.13 zł)" storage="c:\projekty\mstestproject\bin\debug\netcoreapp3.1\mstestproject.dll" id="3dd0ec9f-f354-46ab-8248-58a16a914c10">
      <TestCategory>
        <TestCategoryItem TestCategory="Category1000" />
      </TestCategory>
      <Execution id="8630c37c-d4f7-4d94-99ee-2bfa1704f15c" />
      <TestMethod codeBase="C:\Projekty\MSTestProject\bin\Debug\netcoreapp3.1\MSTestProject.dll" adapterTypeName="executor://mstestadapter/v2" className="TwojeWesele.Services.Helpers.Tests.CurrencyHelperTests" name="FormatToStringTest1000" />
    </UnitTest>
    <UnitTest name="FormatToStringTest1000 (159.83786031922224,159.84 zł)" storage="c:\projekty\mstestproject\bin\debug\netcoreapp3.1\mstestproject.dll" id="a55b7c60-193d-4203-a3ed-4104a1e2f88b">
      <TestCategory>
        <TestCategoryItem TestCategory="Category1000" />
      </TestCategory>
      <Execution id="9428dc96-2eaf-4788-a028-1261495e79d9" />
      <TestMethod codeBase="C:\Projekty\MSTestProject\bin\Debug\netcoreapp3.1\MSTestProject.dll" adapterTypeName="executor://mstestadapter/v2" className="TwojeWesele.Services.Helpers.Tests.CurrencyHelperTests" name="FormatToStringTest1000" />
    </UnitTest>
    <UnitTest name="FormatToStringTest1000 (28987.862854782896,28987.86 zł)" storage="c:\projekty\mstestproject\bin\debug\netcoreapp3.1\mstestproject.dll" id="d7201452-f89f-4a65-8f99-4fbbde4a666a">
      <TestCategory>
        <TestCategoryItem TestCategory="Category1000" />
      </TestCategory>
      <Execution id="6e836785-1b43-4e39-9b33-adf5a3a5daf0" />
      <TestMethod codeBase="C:\Projekty\MSTestProject\bin\Debug\netcoreapp3.1\MSTestProject.dll" adapterTypeName="executor://mstestadapter/v2" className="TwojeWesele.Services.Helpers.Tests.CurrencyHelperTests" name="FormatToStringTest1000" />
    </UnitTest>
    <UnitTest name="FormatToStringTest1000 (45887.58415794167,45887.58 zł)" storage="c:\projekty\mstestproject\bin\debug\netcoreapp3.1\mstestproject.dll" id="6f9c8fd9-17c1-4971-918d-a85371e37dd0">
      <TestCategory>
        <TestCategoryItem TestCategory="Category1000" />
      </TestCategory>
      <Execution id="ac7dd983-1e86-4e57-9cc5-5eacb4212914" />
      <TestMethod codeBase="C:\Projekty\MSTestProject\bin\Debug\netcoreapp3.1\MSTestProject.dll" adapterTypeName="executor://mstestadapter/v2" className="TwojeWesele.Services.Helpers.Tests.CurrencyHelperTests" name="FormatToStringTest1000" />
    </UnitTest>
    <UnitTest name="FormatToStringTest1000 (1325.1625259114255,1325.16 zł)" storage="c:\projekty\mstestproject\bin\debug\netcoreapp3.1\mstestproject.dll" id="1e09859b-7e78-4a68-a64e-aa357327e48c">
      <TestCategory>
        <TestCategoryItem TestCategory="Category1000" />
      </TestCategory>
      <Execution id="2236b0c6-12b4-40a7-a75f-ae1f675b84d6" />
      <TestMethod codeBase="C:\Projekty\MSTestProject\bin\Debug\netcoreapp3.1\MSTestProject.dll" adapterTypeName="executor://mstestadapter/v2" className="TwojeWesele.Services.Helpers.Tests.CurrencyHelperTests" name="FormatToStringTest1000" />
    </UnitTest>
    <UnitTest name="FormatToStringTest1000 (50413.517583300134,50413.52 zł)" storage="c:\projekty\mstestproject\bin\debug\netcoreapp3.1\mstestproject.dll" id="164e65ab-0183-4722-bd47-4229dae3db70">
      <TestCategory>
        <TestCategoryItem TestCategory="Category1000" />
      </TestCategory>
      <Execution id="8f9b3fd8-3e72-4ad8-b8b3-f933627f8000" />
      <TestMethod codeBase="C:\Projekty\MSTestProject\bin\Debug\netcoreapp3.1\MSTestProject.dll" adapterTypeName="executor://mstestadapter/v2" className="TwojeWesele.Services.Helpers.Tests.CurrencyHelperTests" name="FormatToStringTest1000" />
    </UnitTest>
    <UnitTest name="FormatToStringTest1000 (11494.27761332238,11494.28 zł)" storage="c:\projekty\mstestproject\bin\debug\netcoreapp3.1\mstestproject.dll" id="cf0b2c5a-0113-4c30-97e1-a2594b20ae75">
      <TestCategory>
        <TestCategoryItem TestCategory="Category1000" />
      </TestCategory>
      <Execution id="b437c85b-cfca-449b-a62c-28eae0915674" />
      <TestMethod codeBase="C:\Projekty\MSTestProject\bin\Debug\netcoreapp3.1\MSTestProject.dll" adapterTypeName="executor://mstestadapter/v2" className="TwojeWesele.Services.Helpers.Tests.CurrencyHelperTests" name="FormatToStringTest1000" />
    </UnitTest>
    <UnitTest name="FormatToStringTest1000 (19796.212103914568,19796.21 zł)" storage="c:\projekty\mstestproject\bin\debug\netcoreapp3.1\mstestproject.dll" id="3ea7502c-13cb-4c97-9b21-3493e9cbb3e2">
      <TestCategory>
        <TestCategoryItem TestCategory="Category1000" />
      </TestCategory>
      <Execution id="b5975a7f-070a-4835-8c25-7111e335309a" />
      <TestMethod codeBase="C:\Projekty\MSTestProject\bin\Debug\netcoreapp3.1\MSTestProject.dll" adapterTypeName="executor://mstestadapter/v2" className="TwojeWesele.Services.Helpers.Tests.CurrencyHelperTests" name="FormatToStringTest1000" />
    </UnitTest>
    <UnitTest name="FormatToStringTest1000 (38076.55319665165,38076.55 zł)" storage="c:\projekty\mstestproject\bin\debug\netcoreapp3.1\mstestproject.dll" id="91f63584-6002-4f7b-9c99-70d44ca549c7">
      <TestCategory>
        <TestCategoryItem TestCategory="Category1000" />
      </TestCategory>
      <Execution id="36561662-e93a-49f4-bf63-3e7bf7ae034a" />
      <TestMethod codeBase="C:\Projekty\MSTestProject\bin\Debug\netcoreapp3.1\MSTestProject.dll" adapterTypeName="executor://mstestadapter/v2" className="TwojeWesele.Services.Helpers.Tests.CurrencyHelperTests" name="FormatToStringTest1000" />
    </UnitTest>
    <UnitTest name="FormatToStringTest1000 (38640.62766693003,38640.63 zł)" storage="c:\projekty\mstestproject\bin\debug\netcoreapp3.1\mstestproject.dll" id="c226e268-a841-48a7-ad83-8d1c43ca1135">
      <TestCategory>
        <TestCategoryItem TestCategory="Category1000" />
      </TestCategory>
      <Execution id="1be11c2b-95ce-4dc9-9963-b65b94a53734" />
      <TestMethod codeBase="C:\Projekty\MSTestProject\bin\Debug\netcoreapp3.1\MSTestProject.dll" adapterTypeName="executor://mstestadapter/v2" className="TwojeWesele.Services.Helpers.Tests.CurrencyHelperTests" name="FormatToStringTest1000" />
    </UnitTest>
    <UnitTest name="FormatToStringTest1000 (21221.884746198488,21221.88 zł)" storage="c:\projekty\mstestproject\bin\debug\netcoreapp3.1\mstestproject.dll" id="1136bf6b-076e-402a-8eae-0d8ab7f6a009">
      <TestCategory>
        <TestCategoryItem TestCategory="Category1000" />
      </TestCategory>
      <Execution id="f024711b-7408-4d96-9f7d-f73c70d11762" />
      <TestMethod codeBase="C:\Projekty\MSTestProject\bin\Debug\netcoreapp3.1\MSTestProject.dll" adapterTypeName="executor://mstestadapter/v2" className="TwojeWesele.Services.Helpers.Tests.CurrencyHelperTests" name="FormatToStringTest1000" />
    </UnitTest>
    <UnitTest name="FormatToStringTest1000 (4555.538255205163,4555.54 zł)" storage="c:\projekty\mstestproject\bin\debug\netcoreapp3.1\mstestproject.dll" id="5cb59387-fef5-4b00-bb8d-abd3f2617691">
      <TestCategory>
        <TestCategoryItem TestCategory="Category1000" />
      </TestCategory>
      <Execution id="8e03f23c-63df-4f4f-a31e-060d637a5489" />
      <TestMethod codeBase="C:\Projekty\MSTestProject\bin\Debug\netcoreapp3.1\MSTestProject.dll" adapterTypeName="executor://mstestadapter/v2" className="TwojeWesele.Services.Helpers.Tests.CurrencyHelperTests" name="FormatToStringTest1000" />
    </UnitTest>
    <UnitTest name="FormatToStringTest1000 (2346.9964869427477,2347.00 zł)" storage="c:\projekty\mstestproject\bin\debug\netcoreapp3.1\mstestproject.dll" id="3cf0aa5a-aa4f-4f22-8808-42629c026912">
      <TestCategory>
        <TestCategoryItem TestCategory="Category1000" />
      </TestCategory>
      <Execution id="194a5df5-8f76-455b-9df4-de494966f66b" />
      <TestMethod codeBase="C:\Projekty\MSTestProject\bin\Debug\netcoreapp3.1\MSTestProject.dll" adapterTypeName="executor://mstestadapter/v2" className="TwojeWesele.Services.Helpers.Tests.CurrencyHelperTests" name="FormatToStringTest1000" />
    </UnitTest>
    <UnitTest name="FormatToStringTest1000 (50644.690874327294,50644.69 zł)" storage="c:\projekty\mstestproject\bin\debug\netcoreapp3.1\mstestproject.dll" id="b0d885ff-e64f-41be-8fe9-2a855f9cb210">
      <TestCategory>
        <TestCategoryItem TestCategory="Category1000" />
      </TestCategory>
      <Execution id="6343464d-c6a8-49ae-8b53-65d6de06bf3b" />
      <TestMethod codeBase="C:\Projekty\MSTestProject\bin\Debug\netcoreapp3.1\MSTestProject.dll" adapterTypeName="executor://mstestadapter/v2" className="TwojeWesele.Services.Helpers.Tests.CurrencyHelperTests" name="FormatToStringTest1000" />
    </UnitTest>
    <UnitTest name="FormatToStringTest1000 (4823.904478896365,4823.90 zł)" storage="c:\projekty\mstestproject\bin\debug\netcoreapp3.1\mstestproject.dll" id="61ba36c3-1683-4a4c-82b4-16baa5d5ff7e">
      <TestCategory>
        <TestCategoryItem TestCategory="Category1000" />
      </TestCategory>
      <Execution id="771c8ba5-76e6-42c2-ba0a-381129f6edae" />
      <TestMethod codeBase="C:\Projekty\MSTestProject\bin\Debug\netcoreapp3.1\MSTestProject.dll" adapterTypeName="executor://mstestadapter/v2" className="TwojeWesele.Services.Helpers.Tests.CurrencyHelperTests" name="FormatToStringTest1000" />
    </UnitTest>
    <UnitTest name="FormatToStringTest1000 (32216.686763396807,32216.69 zł)" storage="c:\projekty\mstestproject\bin\debug\netcoreapp3.1\mstestproject.dll" id="7407a058-9fd5-4565-a2b6-17716aed7993">
      <TestCategory>
        <TestCategoryItem TestCategory="Category1000" />
      </TestCategory>
      <Execution id="376abcc0-e9a2-42fe-8dc6-2b1d8b23146a" />
      <TestMethod codeBase="C:\Projekty\MSTestProject\bin\Debug\netcoreapp3.1\MSTestProject.dll" adapterTypeName="executor://mstestadapter/v2" className="TwojeWesele.Services.Helpers.Tests.CurrencyHelperTests" name="FormatToStringTest1000" />
    </UnitTest>
    <UnitTest name="FormatToStringTest1000 (41008.28505327194,41008.29 zł)" storage="c:\projekty\mstestproject\bin\debug\netcoreapp3.1\mstestproject.dll" id="9c67d58d-d52e-41db-924b-8bcc958bec86">
      <TestCategory>
        <TestCategoryItem TestCategory="Category1000" />
      </TestCategory>
      <Execution id="9f259e8a-4d45-408a-b840-36b949913c1d" />
      <TestMethod codeBase="C:\Projekty\MSTestProject\bin\Debug\netcoreapp3.1\MSTestProject.dll" adapterTypeName="executor://mstestadapter/v2" className="TwojeWesele.Services.Helpers.Tests.CurrencyHelperTests" name="FormatToStringTest1000" />
    </UnitTest>
    <UnitTest name="FormatToStringTest1000 (70581.91150977784,70581.91 zł)" storage="c:\projekty\mstestproject\bin\debug\netcoreapp3.1\mstestproject.dll" id="dff2c45e-fb4f-4436-bf4f-ab016caf2fa3">
      <TestCategory>
        <TestCategoryItem TestCategory="Category1000" />
      </TestCategory>
      <Execution id="d49efb7b-9f11-4f12-85ad-d0e55bd4ddc2" />
      <TestMethod codeBase="C:\Projekty\MSTestProject\bin\Debug\netcoreapp3.1\MSTestProject.dll" adapterTypeName="executor://mstestadapter/v2" className="TwojeWesele.Services.Helpers.Tests.CurrencyHelperTests" name="FormatToStringTest1000" />
    </UnitTest>
    <UnitTest name="FormatToStringTest1000 (66945.02904917022,66945.03 zł)" storage="c:\projekty\mstestproject\bin\debug\netcoreapp3.1\mstestproject.dll" id="80596164-3dfb-4e0d-beaf-04a2ae9330dd">
      <TestCategory>
        <TestCategoryItem TestCategory="Category1000" />
      </TestCategory>
      <Execution id="c35cdc19-012c-4b6c-bcd4-01ac18996750" />
      <TestMethod codeBase="C:\Projekty\MSTestProject\bin\Debug\netcoreapp3.1\MSTestProject.dll" adapterTypeName="executor://mstestadapter/v2" className="TwojeWesele.Services.Helpers.Tests.CurrencyHelperTests" name="FormatToStringTest1000" />
    </UnitTest>
    <UnitTest name="FormatToStringTest1000 (47437.74370917619,47437.74 zł)" storage="c:\projekty\mstestproject\bin\debug\netcoreapp3.1\mstestproject.dll" id="4c8026f8-8c41-4f6a-a338-ad5777d55e38">
      <TestCategory>
        <TestCategoryItem TestCategory="Category1000" />
      </TestCategory>
      <Execution id="75fad5a4-441c-4b12-92c6-4da738e5a3f8" />
      <TestMethod codeBase="C:\Projekty\MSTestProject\bin\Debug\netcoreapp3.1\MSTestProject.dll" adapterTypeName="executor://mstestadapter/v2" className="TwojeWesele.Services.Helpers.Tests.CurrencyHelperTests" name="FormatToStringTest1000" />
    </UnitTest>
    <UnitTest name="FormatToStringTest1000 (1676.7913981754293,1676.79 zł)" storage="c:\projekty\mstestproject\bin\debug\netcoreapp3.1\mstestproject.dll" id="a36ec53b-d743-4358-9926-31deab3593eb">
      <TestCategory>
        <TestCategoryItem TestCategory="Category1000" />
      </TestCategory>
      <Execution id="8f9b76b3-eb29-4f67-aed0-21f458eb04cf" />
      <TestMethod codeBase="C:\Projekty\MSTestProject\bin\Debug\netcoreapp3.1\MSTestProject.dll" adapterTypeName="executor://mstestadapter/v2" className="TwojeWesele.Services.Helpers.Tests.CurrencyHelperTests" name="FormatToStringTest1000" />
    </UnitTest>
    <UnitTest name="FormatToStringTest1000 (9818.257405763146,9818.26 zł)" storage="c:\projekty\mstestproject\bin\debug\netcoreapp3.1\mstestproject.dll" id="a288a202-ce96-4d93-8663-9a343c531df3">
      <TestCategory>
        <TestCategoryItem TestCategory="Category1000" />
      </TestCategory>
      <Execution id="8668e1fb-cead-4a61-8388-26b21594e225" />
      <TestMethod codeBase="C:\Projekty\MSTestProject\bin\Debug\netcoreapp3.1\MSTestProject.dll" adapterTypeName="executor://mstestadapter/v2" className="TwojeWesele.Services.Helpers.Tests.CurrencyHelperTests" name="FormatToStringTest1000" />
    </UnitTest>
    <UnitTest name="FormatToStringTest1000 (76106.57198894516,76106.57 zł)" storage="c:\projekty\mstestproject\bin\debug\netcoreapp3.1\mstestproject.dll" id="c6853c77-19e5-4f2b-8d03-8b11bc86cce9">
      <TestCategory>
        <TestCategoryItem TestCategory="Category1000" />
      </TestCategory>
      <Execution id="66fec02b-0244-446f-8458-c50c46a3530a" />
      <TestMethod codeBase="C:\Projekty\MSTestProject\bin\Debug\netcoreapp3.1\MSTestProject.dll" adapterTypeName="executor://mstestadapter/v2" className="TwojeWesele.Services.Helpers.Tests.CurrencyHelperTests" name="FormatToStringTest1000" />
    </UnitTest>
    <UnitTest name="FormatToStringTest1000 (15822.278766386342,15822.28 zł)" storage="c:\projekty\mstestproject\bin\debug\netcoreapp3.1\mstestproject.dll" id="bff6e525-40a2-42f9-8b65-acc38b8ec03b">
      <TestCategory>
        <TestCategoryItem TestCategory="Category1000" />
      </TestCategory>
      <Execution id="2c50ad54-1dd2-4684-808c-e32170247884" />
      <TestMethod codeBase="C:\Projekty\MSTestProject\bin\Debug\netcoreapp3.1\MSTestProject.dll" adapterTypeName="executor://mstestadapter/v2" className="TwojeWesele.Services.Helpers.Tests.CurrencyHelperTests" name="FormatToStringTest1000" />
    </UnitTest>
    <UnitTest name="FormatToStringTest1000 (2390.7596313784643,2390.76 zł)" storage="c:\projekty\mstestproject\bin\debug\netcoreapp3.1\mstestproject.dll" id="4b079e76-39a8-41d8-abcf-420d5696d1e5">
      <TestCategory>
        <TestCategoryItem TestCategory="Category1000" />
      </TestCategory>
      <Execution id="1254bbfd-40cf-4def-929e-b0738a90be5f" />
      <TestMethod codeBase="C:\Projekty\MSTestProject\bin\Debug\netcoreapp3.1\MSTestProject.dll" adapterTypeName="executor://mstestadapter/v2" className="TwojeWesele.Services.Helpers.Tests.CurrencyHelperTests" name="FormatToStringTest1000" />
    </UnitTest>
    <UnitTest name="FormatToStringTest1000 (24030.724859085738,24030.72 zł)" storage="c:\projekty\mstestproject\bin\debug\netcoreapp3.1\mstestproject.dll" id="4fe80ab9-08b8-4a38-a536-0fc3663c73cb">
      <TestCategory>
        <TestCategoryItem TestCategory="Category1000" />
      </TestCategory>
      <Execution id="c6a7c266-876b-4b24-a970-653593191af7" />
      <TestMethod codeBase="C:\Projekty\MSTestProject\bin\Debug\netcoreapp3.1\MSTestProject.dll" adapterTypeName="executor://mstestadapter/v2" className="TwojeWesele.Services.Helpers.Tests.CurrencyHelperTests" name="FormatToStringTest1000" />
    </UnitTest>
    <UnitTest name="FormatToStringTest1000 (66723.3293191657,66723.33 zł)" storage="c:\projekty\mstestproject\bin\debug\netcoreapp3.1\mstestproject.dll" id="c318c962-73fa-4455-bae7-7f9a6cd12e77">
      <TestCategory>
        <TestCategoryItem TestCategory="Category1000" />
      </TestCategory>
      <Execution id="7a1c5309-4966-4ace-8f4c-d511604ad737" />
      <TestMethod codeBase="C:\Projekty\MSTestProject\bin\Debug\netcoreapp3.1\MSTestProject.dll" adapterTypeName="executor://mstestadapter/v2" className="TwojeWesele.Services.Helpers.Tests.CurrencyHelperTests" name="FormatToStringTest1000" />
    </UnitTest>
    <UnitTest name="FormatToStringTest1000 (5279.315995182524,5279.32 zł)" storage="c:\projekty\mstestproject\bin\debug\netcoreapp3.1\mstestproject.dll" id="0971a820-c64b-452e-942c-40dec9e8f3e5">
      <TestCategory>
        <TestCategoryItem TestCategory="Category1000" />
      </TestCategory>
      <Execution id="f5d185ab-cdfb-4281-b358-12516ac14f00" />
      <TestMethod codeBase="C:\Projekty\MSTestProject\bin\Debug\netcoreapp3.1\MSTestProject.dll" adapterTypeName="executor://mstestadapter/v2" className="TwojeWesele.Services.Helpers.Tests.CurrencyHelperTests" name="FormatToStringTest1000" />
    </UnitTest>
    <UnitTest name="FormatToStringTest1000 (6809.40195803037,6809.40 zł)" storage="c:\projekty\mstestproject\bin\debug\netcoreapp3.1\mstestproject.dll" id="6a7b8c20-257e-413c-91f8-4424bfc44d40">
      <TestCategory>
        <TestCategoryItem TestCategory="Category1000" />
      </TestCategory>
      <Execution id="5e828f2e-0b2a-4d2d-9f95-84d1b342a583" />
      <TestMethod codeBase="C:\Projekty\MSTestProject\bin\Debug\netcoreapp3.1\MSTestProject.dll" adapterTypeName="executor://mstestadapter/v2" className="TwojeWesele.Services.Helpers.Tests.CurrencyHelperTests" name="FormatToStringTest1000" />
    </UnitTest>
    <UnitTest name="FormatToStringTest1000 (626.135364110179,626.14 zł)" storage="c:\projekty\mstestproject\bin\debug\netcoreapp3.1\mstestproject.dll" id="b0ff49d3-11a3-48b6-9816-301928032e78">
      <TestCategory>
        <TestCategoryItem TestCategory="Category1000" />
      </TestCategory>
      <Execution id="1b1cb259-0970-4cb5-aa95-e1d3f1301164" />
      <TestMethod codeBase="C:\Projekty\MSTestProject\bin\Debug\netcoreapp3.1\MSTestProject.dll" adapterTypeName="executor://mstestadapter/v2" className="TwojeWesele.Services.Helpers.Tests.CurrencyHelperTests" name="FormatToStringTest1000" />
    </UnitTest>
    <UnitTest name="FormatToStringTest1000 (19071.681252896637,19071.68 zł)" storage="c:\projekty\mstestproject\bin\debug\netcoreapp3.1\mstestproject.dll" id="2881e44d-8f13-4487-8e4e-d1fd37c7d0f5">
      <TestCategory>
        <TestCategoryItem TestCategory="Category1000" />
      </TestCategory>
      <Execution id="0239d434-6005-4a6b-82b5-160b359506f0" />
      <TestMethod codeBase="C:\Projekty\MSTestProject\bin\Debug\netcoreapp3.1\MSTestProject.dll" adapterTypeName="executor://mstestadapter/v2" className="TwojeWesele.Services.Helpers.Tests.CurrencyHelperTests" name="FormatToStringTest1000" />
    </UnitTest>
    <UnitTest name="FormatToStringTest1000 (35.34471716840971,35.34 zł)" storage="c:\projekty\mstestproject\bin\debug\netcoreapp3.1\mstestproject.dll" id="e8e18aba-de11-467f-9936-c2e1219b767e">
      <TestCategory>
        <TestCategoryItem TestCategory="Category1000" />
      </TestCategory>
      <Execution id="87e9a6fc-6af9-44e1-a44c-04fec1f21bbb" />
      <TestMethod codeBase="C:\Projekty\MSTestProject\bin\Debug\netcoreapp3.1\MSTestProject.dll" adapterTypeName="executor://mstestadapter/v2" className="TwojeWesele.Services.Helpers.Tests.CurrencyHelperTests" name="FormatToStringTest1000" />
    </UnitTest>
    <UnitTest name="FormatToStringTest1000 (37614.50159416278,37614.50 zł)" storage="c:\projekty\mstestproject\bin\debug\netcoreapp3.1\mstestproject.dll" id="1855ee85-2ae7-47d8-b031-56fbf6387259">
      <TestCategory>
        <TestCategoryItem TestCategory="Category1000" />
      </TestCategory>
      <Execution id="60c2c142-c195-4a6b-9121-53c1dbcc4ade" />
      <TestMethod codeBase="C:\Projekty\MSTestProject\bin\Debug\netcoreapp3.1\MSTestProject.dll" adapterTypeName="executor://mstestadapter/v2" className="TwojeWesele.Services.Helpers.Tests.CurrencyHelperTests" name="FormatToStringTest1000" />
    </UnitTest>
    <UnitTest name="FormatToStringTest1000 (52032.65082931176,52032.65 zł)" storage="c:\projekty\mstestproject\bin\debug\netcoreapp3.1\mstestproject.dll" id="6f266e08-ac63-42ac-8d55-21b95f6231a1">
      <TestCategory>
        <TestCategoryItem TestCategory="Category1000" />
      </TestCategory>
      <Execution id="4765e576-5f52-4d36-ab62-c9502c4d6419" />
      <TestMethod codeBase="C:\Projekty\MSTestProject\bin\Debug\netcoreapp3.1\MSTestProject.dll" adapterTypeName="executor://mstestadapter/v2" className="TwojeWesele.Services.Helpers.Tests.CurrencyHelperTests" name="FormatToStringTest1000" />
    </UnitTest>
    <UnitTest name="FormatToStringTest1000 (7891.960478953067,7891.96 zł)" storage="c:\projekty\mstestproject\bin\debug\netcoreapp3.1\mstestproject.dll" id="b88855e6-98ed-4e81-9338-3bb6d13bd827">
      <TestCategory>
        <TestCategoryItem TestCategory="Category1000" />
      </TestCategory>
      <Execution id="9975ca4e-8f28-4ec3-b256-3283b1892feb" />
      <TestMethod codeBase="C:\Projekty\MSTestProject\bin\Debug\netcoreapp3.1\MSTestProject.dll" adapterTypeName="executor://mstestadapter/v2" className="TwojeWesele.Services.Helpers.Tests.CurrencyHelperTests" name="FormatToStringTest1000" />
    </UnitTest>
    <UnitTest name="FormatToStringTest1000 (31805.23430354532,31805.23 zł)" storage="c:\projekty\mstestproject\bin\debug\netcoreapp3.1\mstestproject.dll" id="329a2531-2f24-45cd-9893-ced9f1b759b7">
      <TestCategory>
        <TestCategoryItem TestCategory="Category1000" />
      </TestCategory>
      <Execution id="712c89e3-46da-4157-805a-258a44e5174a" />
      <TestMethod codeBase="C:\Projekty\MSTestProject\bin\Debug\netcoreapp3.1\MSTestProject.dll" adapterTypeName="executor://mstestadapter/v2" className="TwojeWesele.Services.Helpers.Tests.CurrencyHelperTests" name="FormatToStringTest1000" />
    </UnitTest>
    <UnitTest name="FormatToStringTest1000 (2505.286326204094,2505.29 zł)" storage="c:\projekty\mstestproject\bin\debug\netcoreapp3.1\mstestproject.dll" id="c0c57970-039d-4bdd-a688-8f399505a208">
      <TestCategory>
        <TestCategoryItem TestCategory="Category1000" />
      </TestCategory>
      <Execution id="f40790c0-fb84-4461-ad8f-1408eb5de848" />
      <TestMethod codeBase="C:\Projekty\MSTestProject\bin\Debug\netcoreapp3.1\MSTestProject.dll" adapterTypeName="executor://mstestadapter/v2" className="TwojeWesele.Services.Helpers.Tests.CurrencyHelperTests" name="FormatToStringTest1000" />
    </UnitTest>
    <UnitTest name="FormatToStringTest1000 (79339.95632144621,79339.96 zł)" storage="c:\projekty\mstestproject\bin\debug\netcoreapp3.1\mstestproject.dll" id="4ba4c663-7b32-4e30-979b-4e661cffe78e">
      <TestCategory>
        <TestCategoryItem TestCategory="Category1000" />
      </TestCategory>
      <Execution id="1ddeb04a-80c3-43dc-80c1-2a3329782f34" />
      <TestMethod codeBase="C:\Projekty\MSTestProject\bin\Debug\netcoreapp3.1\MSTestProject.dll" adapterTypeName="executor://mstestadapter/v2" className="TwojeWesele.Services.Helpers.Tests.CurrencyHelperTests" name="FormatToStringTest1000" />
    </UnitTest>
    <UnitTest name="FormatToStringTest1000 (96022.24851977557,96022.25 zł)" storage="c:\projekty\mstestproject\bin\debug\netcoreapp3.1\mstestproject.dll" id="1ffd1e99-6f47-452a-9eed-e94fbee14e6e">
      <TestCategory>
        <TestCategoryItem TestCategory="Category1000" />
      </TestCategory>
      <Execution id="893fe982-0f98-45f1-85f2-c4bc324a4cc4" />
      <TestMethod codeBase="C:\Projekty\MSTestProject\bin\Debug\netcoreapp3.1\MSTestProject.dll" adapterTypeName="executor://mstestadapter/v2" className="TwojeWesele.Services.Helpers.Tests.CurrencyHelperTests" name="FormatToStringTest1000" />
    </UnitTest>
    <UnitTest name="FormatToStringTest1000 (1664.7834932994022,1664.78 zł)" storage="c:\projekty\mstestproject\bin\debug\netcoreapp3.1\mstestproject.dll" id="630c6a7f-8ad6-4620-b9cd-ab298319ec44">
      <TestCategory>
        <TestCategoryItem TestCategory="Category1000" />
      </TestCategory>
      <Execution id="70d86e70-afde-4998-8de0-0c114a55a7a1" />
      <TestMethod codeBase="C:\Projekty\MSTestProject\bin\Debug\netcoreapp3.1\MSTestProject.dll" adapterTypeName="executor://mstestadapter/v2" className="TwojeWesele.Services.Helpers.Tests.CurrencyHelperTests" name="FormatToStringTest1000" />
    </UnitTest>
    <UnitTest name="FormatToStringTest1000 (19500.031951036784,19500.03 zł)" storage="c:\projekty\mstestproject\bin\debug\netcoreapp3.1\mstestproject.dll" id="462acf88-3741-4489-9128-fe6710fa79d7">
      <TestCategory>
        <TestCategoryItem TestCategory="Category1000" />
      </TestCategory>
      <Execution id="01f39edf-6103-4626-a39e-5cb60c725d13" />
      <TestMethod codeBase="C:\Projekty\MSTestProject\bin\Debug\netcoreapp3.1\MSTestProject.dll" adapterTypeName="executor://mstestadapter/v2" className="TwojeWesele.Services.Helpers.Tests.CurrencyHelperTests" name="FormatToStringTest1000" />
    </UnitTest>
    <UnitTest name="FormatToStringTest1000 (12528.413830086782,12528.41 zł)" storage="c:\projekty\mstestproject\bin\debug\netcoreapp3.1\mstestproject.dll" id="97d7278f-d230-4a43-8c29-51410d578b3f">
      <TestCategory>
        <TestCategoryItem TestCategory="Category1000" />
      </TestCategory>
      <Execution id="ce298d93-7a27-49cf-acf4-e9c837bc3f8b" />
      <TestMethod codeBase="C:\Projekty\MSTestProject\bin\Debug\netcoreapp3.1\MSTestProject.dll" adapterTypeName="executor://mstestadapter/v2" className="TwojeWesele.Services.Helpers.Tests.CurrencyHelperTests" name="FormatToStringTest1000" />
    </UnitTest>
    <UnitTest name="FormatToStringTest1000 (598.1279707877561,598.13 zł)" storage="c:\projekty\mstestproject\bin\debug\netcoreapp3.1\mstestproject.dll" id="14be6cab-ab35-4a2d-bff7-cf759dc37f6a">
      <TestCategory>
        <TestCategoryItem TestCategory="Category1000" />
      </TestCategory>
      <Execution id="35ed273c-c4e5-4a4c-9352-97583555cb76" />
      <TestMethod codeBase="C:\Projekty\MSTestProject\bin\Debug\netcoreapp3.1\MSTestProject.dll" adapterTypeName="executor://mstestadapter/v2" className="TwojeWesele.Services.Helpers.Tests.CurrencyHelperTests" name="FormatToStringTest1000" />
    </UnitTest>
    <UnitTest name="FormatToStringTest1000 (4121.116360678857,4121.12 zł)" storage="c:\projekty\mstestproject\bin\debug\netcoreapp3.1\mstestproject.dll" id="83d8327d-b663-414f-8131-323946a5f10d">
      <TestCategory>
        <TestCategoryItem TestCategory="Category1000" />
      </TestCategory>
      <Execution id="ae989cac-6099-4e54-9981-0cba7cb13d12" />
      <TestMethod codeBase="C:\Projekty\MSTestProject\bin\Debug\netcoreapp3.1\MSTestProject.dll" adapterTypeName="executor://mstestadapter/v2" className="TwojeWesele.Services.Helpers.Tests.CurrencyHelperTests" name="FormatToStringTest1000" />
    </UnitTest>
    <UnitTest name="FormatToStringTest1000 (2975.6892256134606,2975.69 zł)" storage="c:\projekty\mstestproject\bin\debug\netcoreapp3.1\mstestproject.dll" id="547d48f1-0ad4-46da-96ca-51c4264c8089">
      <TestCategory>
        <TestCategoryItem TestCategory="Category1000" />
      </TestCategory>
      <Execution id="5d3a3981-7ae7-4fef-a06c-e095a3714caf" />
      <TestMethod codeBase="C:\Projekty\MSTestProject\bin\Debug\netcoreapp3.1\MSTestProject.dll" adapterTypeName="executor://mstestadapter/v2" className="TwojeWesele.Services.Helpers.Tests.CurrencyHelperTests" name="FormatToStringTest1000" />
    </UnitTest>
    <UnitTest name="FormatToStringTest1000 (15129.433864736666,15129.43 zł)" storage="c:\projekty\mstestproject\bin\debug\netcoreapp3.1\mstestproject.dll" id="b9ea7969-3168-4f7b-a920-5472166ab61e">
      <TestCategory>
        <TestCategoryItem TestCategory="Category1000" />
      </TestCategory>
      <Execution id="83d316bb-2d52-4e2a-a1e4-ab91c669ac77" />
      <TestMethod codeBase="C:\Projekty\MSTestProject\bin\Debug\netcoreapp3.1\MSTestProject.dll" adapterTypeName="executor://mstestadapter/v2" className="TwojeWesele.Services.Helpers.Tests.CurrencyHelperTests" name="FormatToStringTest1000" />
    </UnitTest>
    <UnitTest name="FormatToStringTest1000 (63115.864864394935,63115.86 zł)" storage="c:\projekty\mstestproject\bin\debug\netcoreapp3.1\mstestproject.dll" id="5a6e0af8-f7fc-4a7c-b7ba-53dd3ff99cb5">
      <TestCategory>
        <TestCategoryItem TestCategory="Category1000" />
      </TestCategory>
      <Execution id="ffe67033-752c-417e-8055-54bd519e445a" />
      <TestMethod codeBase="C:\Projekty\MSTestProject\bin\Debug\netcoreapp3.1\MSTestProject.dll" adapterTypeName="executor://mstestadapter/v2" className="TwojeWesele.Services.Helpers.Tests.CurrencyHelperTests" name="FormatToStringTest1000" />
    </UnitTest>
    <UnitTest name="FormatToStringTest1000 (5840.747097845071,5840.75 zł)" storage="c:\projekty\mstestproject\bin\debug\netcoreapp3.1\mstestproject.dll" id="fdcf27c3-de1b-4491-ad05-4ef391c5639d">
      <TestCategory>
        <TestCategoryItem TestCategory="Category1000" />
      </TestCategory>
      <Execution id="b824c66e-6250-44d9-8b02-0e3c9b8e620c" />
      <TestMethod codeBase="C:\Projekty\MSTestProject\bin\Debug\netcoreapp3.1\MSTestProject.dll" adapterTypeName="executor://mstestadapter/v2" className="TwojeWesele.Services.Helpers.Tests.CurrencyHelperTests" name="FormatToStringTest1000" />
    </UnitTest>
    <UnitTest name="FormatToStringTest1000 (8211.920994553679,8211.92 zł)" storage="c:\projekty\mstestproject\bin\debug\netcoreapp3.1\mstestproject.dll" id="c8d85f38-8871-4453-ad23-085cb139a4e2">
      <TestCategory>
        <TestCategoryItem TestCategory="Category1000" />
      </TestCategory>
      <Execution id="975ab19a-30ab-47f8-b998-c5eaa65f0d37" />
      <TestMethod codeBase="C:\Projekty\MSTestProject\bin\Debug\netcoreapp3.1\MSTestProject.dll" adapterTypeName="executor://mstestadapter/v2" className="TwojeWesele.Services.Helpers.Tests.CurrencyHelperTests" name="FormatToStringTest1000" />
    </UnitTest>
    <UnitTest name="FormatToStringTest1000 (6838.422316571894,6838.42 zł)" storage="c:\projekty\mstestproject\bin\debug\netcoreapp3.1\mstestproject.dll" id="9dc43f5e-518c-4d8a-9ec9-bb2f1ec57a95">
      <TestCategory>
        <TestCategoryItem TestCategory="Category1000" />
      </TestCategory>
      <Execution id="aeb264d8-5a64-42bf-9171-8e4fdb2e15d6" />
      <TestMethod codeBase="C:\Projekty\MSTestProject\bin\Debug\netcoreapp3.1\MSTestProject.dll" adapterTypeName="executor://mstestadapter/v2" className="TwojeWesele.Services.Helpers.Tests.CurrencyHelperTests" name="FormatToStringTest1000" />
    </UnitTest>
    <UnitTest name="FormatToStringTest1000 (3274.481392617096,3274.48 zł)" storage="c:\projekty\mstestproject\bin\debug\netcoreapp3.1\mstestproject.dll" id="5a74179c-6967-4441-af66-13043a57eefe">
      <TestCategory>
        <TestCategoryItem TestCategory="Category1000" />
      </TestCategory>
      <Execution id="571aa730-951d-4ea9-8588-0c029c09781f" />
      <TestMethod codeBase="C:\Projekty\MSTestProject\bin\Debug\netcoreapp3.1\MSTestProject.dll" adapterTypeName="executor://mstestadapter/v2" className="TwojeWesele.Services.Helpers.Tests.CurrencyHelperTests" name="FormatToStringTest1000" />
    </UnitTest>
    <UnitTest name="FormatToStringTest1000 (21996.80326662576,21996.80 zł)" storage="c:\projekty\mstestproject\bin\debug\netcoreapp3.1\mstestproject.dll" id="48e618a0-aa4a-47d7-9418-07b13787c74a">
      <TestCategory>
        <TestCategoryItem TestCategory="Category1000" />
      </TestCategory>
      <Execution id="12c11119-e6d1-41e5-abfb-3a6ef3757527" />
      <TestMethod codeBase="C:\Projekty\MSTestProject\bin\Debug\netcoreapp3.1\MSTestProject.dll" adapterTypeName="executor://mstestadapter/v2" className="TwojeWesele.Services.Helpers.Tests.CurrencyHelperTests" name="FormatToStringTest1000" />
    </UnitTest>
    <UnitTest name="FormatToStringTest1000 (26220.382477706476,26220.38 zł)" storage="c:\projekty\mstestproject\bin\debug\netcoreapp3.1\mstestproject.dll" id="cbf00f24-7eff-438c-b579-bbab6c88e6b2">
      <TestCategory>
        <TestCategoryItem TestCategory="Category1000" />
      </TestCategory>
      <Execution id="bef1ea77-69c7-4b6d-b7ec-d7b862111cb0" />
      <TestMethod codeBase="C:\Projekty\MSTestProject\bin\Debug\netcoreapp3.1\MSTestProject.dll" adapterTypeName="executor://mstestadapter/v2" className="TwojeWesele.Services.Helpers.Tests.CurrencyHelperTests" name="FormatToStringTest1000" />
    </UnitTest>
    <UnitTest name="FormatToStringTest1000 (4715.320654313695,4715.32 zł)" storage="c:\projekty\mstestproject\bin\debug\netcoreapp3.1\mstestproject.dll" id="ca13a67a-e091-45ef-af0a-88406dd7108f">
      <TestCategory>
        <TestCategoryItem TestCategory="Category1000" />
      </TestCategory>
      <Execution id="a26693dd-6c2a-4785-ac25-2b53c601b083" />
      <TestMethod codeBase="C:\Projekty\MSTestProject\bin\Debug\netcoreapp3.1\MSTestProject.dll" adapterTypeName="executor://mstestadapter/v2" className="TwojeWesele.Services.Helpers.Tests.CurrencyHelperTests" name="FormatToStringTest1000" />
    </UnitTest>
    <UnitTest name="FormatToStringTest1000 (18424.864078561244,18424.86 zł)" storage="c:\projekty\mstestproject\bin\debug\netcoreapp3.1\mstestproject.dll" id="a13f3051-940c-420f-8572-2fa9da0103cb">
      <TestCategory>
        <TestCategoryItem TestCategory="Category1000" />
      </TestCategory>
      <Execution id="c71783f2-9b1d-4d27-a078-4a726e752b3e" />
      <TestMethod codeBase="C:\Projekty\MSTestProject\bin\Debug\netcoreapp3.1\MSTestProject.dll" adapterTypeName="executor://mstestadapter/v2" className="TwojeWesele.Services.Helpers.Tests.CurrencyHelperTests" name="FormatToStringTest1000" />
    </UnitTest>
    <UnitTest name="FormatToStringTest1000 (2216.881526520886,2216.88 zł)" storage="c:\projekty\mstestproject\bin\debug\netcoreapp3.1\mstestproject.dll" id="a45bcffc-b4f8-408b-b851-c0c2c5fac79a">
      <TestCategory>
        <TestCategoryItem TestCategory="Category1000" />
      </TestCategory>
      <Execution id="6ae90a7c-9fac-4a1b-904c-ee541e37bf6b" />
      <TestMethod codeBase="C:\Projekty\MSTestProject\bin\Debug\netcoreapp3.1\MSTestProject.dll" adapterTypeName="executor://mstestadapter/v2" className="TwojeWesele.Services.Helpers.Tests.CurrencyHelperTests" name="FormatToStringTest1000" />
    </UnitTest>
    <UnitTest name="FormatToStringTest1000 (20244.692955315437,20244.69 zł)" storage="c:\projekty\mstestproject\bin\debug\netcoreapp3.1\mstestproject.dll" id="85140935-a597-4d58-9c10-fcb3255e24c9">
      <TestCategory>
        <TestCategoryItem TestCategory="Category1000" />
      </TestCategory>
      <Execution id="dad3f054-0395-4a44-8215-68b826c25f60" />
      <TestMethod codeBase="C:\Projekty\MSTestProject\bin\Debug\netcoreapp3.1\MSTestProject.dll" adapterTypeName="executor://mstestadapter/v2" className="TwojeWesele.Services.Helpers.Tests.CurrencyHelperTests" name="FormatToStringTest1000" />
    </UnitTest>
    <UnitTest name="FormatToStringTest1000 (33601.357302459124,33601.36 zł)" storage="c:\projekty\mstestproject\bin\debug\netcoreapp3.1\mstestproject.dll" id="2d54667a-fd8a-403e-8914-38d6a920f380">
      <TestCategory>
        <TestCategoryItem TestCategory="Category1000" />
      </TestCategory>
      <Execution id="0b887d79-5832-4144-9984-21afa3ea69e6" />
      <TestMethod codeBase="C:\Projekty\MSTestProject\bin\Debug\netcoreapp3.1\MSTestProject.dll" adapterTypeName="executor://mstestadapter/v2" className="TwojeWesele.Services.Helpers.Tests.CurrencyHelperTests" name="FormatToStringTest1000" />
    </UnitTest>
    <UnitTest name="FormatToStringTest1000 (96.75594581512546,96.76 zł)" storage="c:\projekty\mstestproject\bin\debug\netcoreapp3.1\mstestproject.dll" id="239724d5-2e71-4701-b7f8-9061aec274ea">
      <TestCategory>
        <TestCategoryItem TestCategory="Category1000" />
      </TestCategory>
      <Execution id="69f3055d-b540-4d23-beb8-a4e8c3e5c4e7" />
      <TestMethod codeBase="C:\Projekty\MSTestProject\bin\Debug\netcoreapp3.1\MSTestProject.dll" adapterTypeName="executor://mstestadapter/v2" className="TwojeWesele.Services.Helpers.Tests.CurrencyHelperTests" name="FormatToStringTest1000" />
    </UnitTest>
    <UnitTest name="FormatToStringTest1000 (61633.2671179945,61633.27 zł)" storage="c:\projekty\mstestproject\bin\debug\netcoreapp3.1\mstestproject.dll" id="d10f5225-83f1-4678-bfdd-417bdf1a8264">
      <TestCategory>
        <TestCategoryItem TestCategory="Category1000" />
      </TestCategory>
      <Execution id="e0fa9cad-b826-414c-88fd-690ce1a4105c" />
      <TestMethod codeBase="C:\Projekty\MSTestProject\bin\Debug\netcoreapp3.1\MSTestProject.dll" adapterTypeName="executor://mstestadapter/v2" className="TwojeWesele.Services.Helpers.Tests.CurrencyHelperTests" name="FormatToStringTest1000" />
    </UnitTest>
    <UnitTest name="FormatToStringTest1000 (10661.19584154207,10661.20 zł)" storage="c:\projekty\mstestproject\bin\debug\netcoreapp3.1\mstestproject.dll" id="14526b7b-f5d9-4b6c-af79-e8d317962e05">
      <TestCategory>
        <TestCategoryItem TestCategory="Category1000" />
      </TestCategory>
      <Execution id="f133910f-5969-4c19-9026-b66ff099aae9" />
      <TestMethod codeBase="C:\Projekty\MSTestProject\bin\Debug\netcoreapp3.1\MSTestProject.dll" adapterTypeName="executor://mstestadapter/v2" className="TwojeWesele.Services.Helpers.Tests.CurrencyHelperTests" name="FormatToStringTest1000" />
    </UnitTest>
    <UnitTest name="FormatToStringTest1000 (19352.183340702755,19352.18 zł)" storage="c:\projekty\mstestproject\bin\debug\netcoreapp3.1\mstestproject.dll" id="e09a7814-76b6-452e-ae6f-de96b380affa">
      <TestCategory>
        <TestCategoryItem TestCategory="Category1000" />
      </TestCategory>
      <Execution id="d344fbfa-566e-4e68-bf70-7503f9f76945" />
      <TestMethod codeBase="C:\Projekty\MSTestProject\bin\Debug\netcoreapp3.1\MSTestProject.dll" adapterTypeName="executor://mstestadapter/v2" className="TwojeWesele.Services.Helpers.Tests.CurrencyHelperTests" name="FormatToStringTest1000" />
    </UnitTest>
    <UnitTest name="FormatToStringTest1000 (6890.028458985514,6890.03 zł)" storage="c:\projekty\mstestproject\bin\debug\netcoreapp3.1\mstestproject.dll" id="13230bf5-cee3-4e2b-b12f-b3420cba1d40">
      <TestCategory>
        <TestCategoryItem TestCategory="Category1000" />
      </TestCategory>
      <Execution id="3bde7ec2-3dac-40ed-93bd-e986cc30b949" />
      <TestMethod codeBase="C:\Projekty\MSTestProject\bin\Debug\netcoreapp3.1\MSTestProject.dll" adapterTypeName="executor://mstestadapter/v2" className="TwojeWesele.Services.Helpers.Tests.CurrencyHelperTests" name="FormatToStringTest1000" />
    </UnitTest>
    <UnitTest name="FormatToStringTest1000 (43727.735558145556,43727.74 zł)" storage="c:\projekty\mstestproject\bin\debug\netcoreapp3.1\mstestproject.dll" id="9984a5e7-7512-4385-a6b2-c8f31373fb60">
      <TestCategory>
        <TestCategoryItem TestCategory="Category1000" />
      </TestCategory>
      <Execution id="0d445e7d-0a94-424e-98ce-0e9484b886cb" />
      <TestMethod codeBase="C:\Projekty\MSTestProject\bin\Debug\netcoreapp3.1\MSTestProject.dll" adapterTypeName="executor://mstestadapter/v2" className="TwojeWesele.Services.Helpers.Tests.CurrencyHelperTests" name="FormatToStringTest1000" />
    </UnitTest>
    <UnitTest name="FormatToStringTest1000 (40913.016669489916,40913.02 zł)" storage="c:\projekty\mstestproject\bin\debug\netcoreapp3.1\mstestproject.dll" id="acbe2299-5d58-4c91-8edd-e9d6ce4b3371">
      <TestCategory>
        <TestCategoryItem TestCategory="Category1000" />
      </TestCategory>
      <Execution id="3c60cc14-6ffe-4759-ae53-abf073ee7dab" />
      <TestMethod codeBase="C:\Projekty\MSTestProject\bin\Debug\netcoreapp3.1\MSTestProject.dll" adapterTypeName="executor://mstestadapter/v2" className="TwojeWesele.Services.Helpers.Tests.CurrencyHelperTests" name="FormatToStringTest1000" />
    </UnitTest>
    <UnitTest name="FormatToStringTest1000 (30320.450517486992,30320.45 zł)" storage="c:\projekty\mstestproject\bin\debug\netcoreapp3.1\mstestproject.dll" id="7444e319-52f1-42fb-9eea-12d70cfedb68">
      <TestCategory>
        <TestCategoryItem TestCategory="Category1000" />
      </TestCategory>
      <Execution id="fadf221f-e890-4bbb-b733-a21f96d8fb74" />
      <TestMethod codeBase="C:\Projekty\MSTestProject\bin\Debug\netcoreapp3.1\MSTestProject.dll" adapterTypeName="executor://mstestadapter/v2" className="TwojeWesele.Services.Helpers.Tests.CurrencyHelperTests" name="FormatToStringTest1000" />
    </UnitTest>
    <UnitTest name="FormatToStringTest1000 (25376.6225052097,25376.62 zł)" storage="c:\projekty\mstestproject\bin\debug\netcoreapp3.1\mstestproject.dll" id="b8485734-eea7-47dc-b3f5-3d4f5bf6ba4f">
      <TestCategory>
        <TestCategoryItem TestCategory="Category1000" />
      </TestCategory>
      <Execution id="5c599fd7-2d92-4674-802d-e067c8c54960" />
      <TestMethod codeBase="C:\Projekty\MSTestProject\bin\Debug\netcoreapp3.1\MSTestProject.dll" adapterTypeName="executor://mstestadapter/v2" className="TwojeWesele.Services.Helpers.Tests.CurrencyHelperTests" name="FormatToStringTest1000" />
    </UnitTest>
    <UnitTest name="FormatToStringTest1000 (35248.53555717996,35248.54 zł)" storage="c:\projekty\mstestproject\bin\debug\netcoreapp3.1\mstestproject.dll" id="eb863053-f839-4722-9098-5eda237181cf">
      <TestCategory>
        <TestCategoryItem TestCategory="Category1000" />
      </TestCategory>
      <Execution id="f332f00c-0eff-43bf-b311-3f99d3c928b8" />
      <TestMethod codeBase="C:\Projekty\MSTestProject\bin\Debug\netcoreapp3.1\MSTestProject.dll" adapterTypeName="executor://mstestadapter/v2" className="TwojeWesele.Services.Helpers.Tests.CurrencyHelperTests" name="FormatToStringTest1000" />
    </UnitTest>
    <UnitTest name="FormatToStringTest1000 (30807.823896702295,30807.82 zł)" storage="c:\projekty\mstestproject\bin\debug\netcoreapp3.1\mstestproject.dll" id="fc90f527-4391-4a83-9f19-0ee1ec518c49">
      <TestCategory>
        <TestCategoryItem TestCategory="Category1000" />
      </TestCategory>
      <Execution id="522a1285-fd7f-451d-a9e4-30f8ed8dd115" />
      <TestMethod codeBase="C:\Projekty\MSTestProject\bin\Debug\netcoreapp3.1\MSTestProject.dll" adapterTypeName="executor://mstestadapter/v2" className="TwojeWesele.Services.Helpers.Tests.CurrencyHelperTests" name="FormatToStringTest1000" />
    </UnitTest>
    <UnitTest name="FormatToStringTest1000 (5254.6338787505565,5254.63 zł)" storage="c:\projekty\mstestproject\bin\debug\netcoreapp3.1\mstestproject.dll" id="93dec656-5558-498b-b439-4da806c8b590">
      <TestCategory>
        <TestCategoryItem TestCategory="Category1000" />
      </TestCategory>
      <Execution id="60baaaa6-bf16-4977-a712-a8d865f1aeb6" />
      <TestMethod codeBase="C:\Projekty\MSTestProject\bin\Debug\netcoreapp3.1\MSTestProject.dll" adapterTypeName="executor://mstestadapter/v2" className="TwojeWesele.Services.Helpers.Tests.CurrencyHelperTests" name="FormatToStringTest1000" />
    </UnitTest>
    <UnitTest name="FormatToStringTest1000 (63291.50274994015,63291.50 zł)" storage="c:\projekty\mstestproject\bin\debug\netcoreapp3.1\mstestproject.dll" id="7c001fdf-76a7-4972-864f-a6bd6a669964">
      <TestCategory>
        <TestCategoryItem TestCategory="Category1000" />
      </TestCategory>
      <Execution id="989a0f87-e0fa-4548-b3ca-0ab4d504cd54" />
      <TestMethod codeBase="C:\Projekty\MSTestProject\bin\Debug\netcoreapp3.1\MSTestProject.dll" adapterTypeName="executor://mstestadapter/v2" className="TwojeWesele.Services.Helpers.Tests.CurrencyHelperTests" name="FormatToStringTest1000" />
    </UnitTest>
    <UnitTest name="FormatToStringTest1000 (14459.57059750686,14459.57 zł)" storage="c:\projekty\mstestproject\bin\debug\netcoreapp3.1\mstestproject.dll" id="1b6b1cca-b133-4027-afb7-61c2e1a1c2e5">
      <TestCategory>
        <TestCategoryItem TestCategory="Category1000" />
      </TestCategory>
      <Execution id="68734026-fb07-4a46-8b69-9f2d869273ee" />
      <TestMethod codeBase="C:\Projekty\MSTestProject\bin\Debug\netcoreapp3.1\MSTestProject.dll" adapterTypeName="executor://mstestadapter/v2" className="TwojeWesele.Services.Helpers.Tests.CurrencyHelperTests" name="FormatToStringTest1000" />
    </UnitTest>
    <UnitTest name="FormatToStringTest1000 (19840.47672110632,19840.48 zł)" storage="c:\projekty\mstestproject\bin\debug\netcoreapp3.1\mstestproject.dll" id="b458f67c-39f4-45c5-90da-3d321a0dafd6">
      <TestCategory>
        <TestCategoryItem TestCategory="Category1000" />
      </TestCategory>
      <Execution id="10d374b3-3950-432f-a3cf-b3a824717f33" />
      <TestMethod codeBase="C:\Projekty\MSTestProject\bin\Debug\netcoreapp3.1\MSTestProject.dll" adapterTypeName="executor://mstestadapter/v2" className="TwojeWesele.Services.Helpers.Tests.CurrencyHelperTests" name="FormatToStringTest1000" />
    </UnitTest>
    <UnitTest name="FormatToStringTest1000 (73301.91270130403,73301.91 zł)" storage="c:\projekty\mstestproject\bin\debug\netcoreapp3.1\mstestproject.dll" id="b0545bf7-3be2-424d-8c43-38512d294a59">
      <TestCategory>
        <TestCategoryItem TestCategory="Category1000" />
      </TestCategory>
      <Execution id="be16f5ab-4263-4c91-ae3c-209cc1285d7a" />
      <TestMethod codeBase="C:\Projekty\MSTestProject\bin\Debug\netcoreapp3.1\MSTestProject.dll" adapterTypeName="executor://mstestadapter/v2" className="TwojeWesele.Services.Helpers.Tests.CurrencyHelperTests" name="FormatToStringTest1000" />
    </UnitTest>
    <UnitTest name="FormatToStringTest1000 (37826.846755123166,37826.85 zł)" storage="c:\projekty\mstestproject\bin\debug\netcoreapp3.1\mstestproject.dll" id="906d8043-8455-4716-9bcc-517d4a635153">
      <TestCategory>
        <TestCategoryItem TestCategory="Category1000" />
      </TestCategory>
      <Execution id="d7463200-571b-4dde-86b5-3078dfffb961" />
      <TestMethod codeBase="C:\Projekty\MSTestProject\bin\Debug\netcoreapp3.1\MSTestProject.dll" adapterTypeName="executor://mstestadapter/v2" className="TwojeWesele.Services.Helpers.Tests.CurrencyHelperTests" name="FormatToStringTest1000" />
    </UnitTest>
    <UnitTest name="FormatToStringTest1000 (9068.70019550468,9068.70 zł)" storage="c:\projekty\mstestproject\bin\debug\netcoreapp3.1\mstestproject.dll" id="45b4bb7a-e44a-41b3-9ee8-5a4d4ed062fc">
      <TestCategory>
        <TestCategoryItem TestCategory="Category1000" />
      </TestCategory>
      <Execution id="98e3387f-5540-4c44-945d-8fad5c0c5adf" />
      <TestMethod codeBase="C:\Projekty\MSTestProject\bin\Debug\netcoreapp3.1\MSTestProject.dll" adapterTypeName="executor://mstestadapter/v2" className="TwojeWesele.Services.Helpers.Tests.CurrencyHelperTests" name="FormatToStringTest1000" />
    </UnitTest>
    <UnitTest name="FormatToStringTest1000 (5247.779940802501,5247.78 zł)" storage="c:\projekty\mstestproject\bin\debug\netcoreapp3.1\mstestproject.dll" id="5601ae1b-a98a-453c-8dd0-cbeb8b7fb09a">
      <TestCategory>
        <TestCategoryItem TestCategory="Category1000" />
      </TestCategory>
      <Execution id="c0633ae4-aa47-4f1a-a0f3-f7a73d2d6c69" />
      <TestMethod codeBase="C:\Projekty\MSTestProject\bin\Debug\netcoreapp3.1\MSTestProject.dll" adapterTypeName="executor://mstestadapter/v2" className="TwojeWesele.Services.Helpers.Tests.CurrencyHelperTests" name="FormatToStringTest1000" />
    </UnitTest>
    <UnitTest name="FormatToStringTest1000 (74152.7503934562,74152.75 zł)" storage="c:\projekty\mstestproject\bin\debug\netcoreapp3.1\mstestproject.dll" id="8d0638d9-4877-49c6-bbdb-f9a383e67cf8">
      <TestCategory>
        <TestCategoryItem TestCategory="Category1000" />
      </TestCategory>
      <Execution id="09207cc1-d445-4364-b0e1-38e144bc3dbf" />
      <TestMethod codeBase="C:\Projekty\MSTestProject\bin\Debug\netcoreapp3.1\MSTestProject.dll" adapterTypeName="executor://mstestadapter/v2" className="TwojeWesele.Services.Helpers.Tests.CurrencyHelperTests" name="FormatToStringTest1000" />
    </UnitTest>
    <UnitTest name="FormatToStringTest1000 (36760.171806480816,36760.17 zł)" storage="c:\projekty\mstestproject\bin\debug\netcoreapp3.1\mstestproject.dll" id="c06886c9-2c18-4b4c-9321-373ad18c6222">
      <TestCategory>
        <TestCategoryItem TestCategory="Category1000" />
      </TestCategory>
      <Execution id="aa375a92-111f-4195-8516-9ffec4d13e2e" />
      <TestMethod codeBase="C:\Projekty\MSTestProject\bin\Debug\netcoreapp3.1\MSTestProject.dll" adapterTypeName="executor://mstestadapter/v2" className="TwojeWesele.Services.Helpers.Tests.CurrencyHelperTests" name="FormatToStringTest1000" />
    </UnitTest>
    <UnitTest name="FormatToStringTest1000 (24570.65594858893,24570.66 zł)" storage="c:\projekty\mstestproject\bin\debug\netcoreapp3.1\mstestproject.dll" id="de8fae19-07b7-49b3-afaa-3ad73b37d8ef">
      <TestCategory>
        <TestCategoryItem TestCategory="Category1000" />
      </TestCategory>
      <Execution id="08284cf9-9115-478c-8061-079317904321" />
      <TestMethod codeBase="C:\Projekty\MSTestProject\bin\Debug\netcoreapp3.1\MSTestProject.dll" adapterTypeName="executor://mstestadapter/v2" className="TwojeWesele.Services.Helpers.Tests.CurrencyHelperTests" name="FormatToStringTest1000" />
    </UnitTest>
    <UnitTest name="FormatToStringTest1000 (16282.687804925576,16282.69 zł)" storage="c:\projekty\mstestproject\bin\debug\netcoreapp3.1\mstestproject.dll" id="cfc462a7-d350-4f16-ae35-ee4ef7443d0c">
      <TestCategory>
        <TestCategoryItem TestCategory="Category1000" />
      </TestCategory>
      <Execution id="c55fc98f-ab87-4dc5-bc81-6f997be1cd07" />
      <TestMethod codeBase="C:\Projekty\MSTestProject\bin\Debug\netcoreapp3.1\MSTestProject.dll" adapterTypeName="executor://mstestadapter/v2" className="TwojeWesele.Services.Helpers.Tests.CurrencyHelperTests" name="FormatToStringTest1000" />
    </UnitTest>
    <UnitTest name="FormatToStringTest1000 (18794.859523484418,18794.86 zł)" storage="c:\projekty\mstestproject\bin\debug\netcoreapp3.1\mstestproject.dll" id="ba03705a-4d92-4e50-b197-2a1d20e7b756">
      <TestCategory>
        <TestCategoryItem TestCategory="Category1000" />
      </TestCategory>
      <Execution id="e40577f4-4c87-4cbc-9bdb-cf9e72804067" />
      <TestMethod codeBase="C:\Projekty\MSTestProject\bin\Debug\netcoreapp3.1\MSTestProject.dll" adapterTypeName="executor://mstestadapter/v2" className="TwojeWesele.Services.Helpers.Tests.CurrencyHelperTests" name="FormatToStringTest1000" />
    </UnitTest>
    <UnitTest name="FormatToStringTest1000 (1614.2516601789982,1614.25 zł)" storage="c:\projekty\mstestproject\bin\debug\netcoreapp3.1\mstestproject.dll" id="ebd971ed-a05b-4bef-b040-a525198a822e">
      <TestCategory>
        <TestCategoryItem TestCategory="Category1000" />
      </TestCategory>
      <Execution id="d4d02f8c-fdd2-49c7-b2b5-23cef5bfa592" />
      <TestMethod codeBase="C:\Projekty\MSTestProject\bin\Debug\netcoreapp3.1\MSTestProject.dll" adapterTypeName="executor://mstestadapter/v2" className="TwojeWesele.Services.Helpers.Tests.CurrencyHelperTests" name="FormatToStringTest1000" />
    </UnitTest>
    <UnitTest name="FormatToStringTest1000 (4525.609305084501,4525.61 zł)" storage="c:\projekty\mstestproject\bin\debug\netcoreapp3.1\mstestproject.dll" id="4a856875-6e49-4093-a1cd-633b16511232">
      <TestCategory>
        <TestCategoryItem TestCategory="Category1000" />
      </TestCategory>
      <Execution id="a5ba5cb1-9b9f-4c2b-9625-99f0cbae9424" />
      <TestMethod codeBase="C:\Projekty\MSTestProject\bin\Debug\netcoreapp3.1\MSTestProject.dll" adapterTypeName="executor://mstestadapter/v2" className="TwojeWesele.Services.Helpers.Tests.CurrencyHelperTests" name="FormatToStringTest1000" />
    </UnitTest>
    <UnitTest name="FormatToStringTest1000 (11624.834848273003,11624.83 zł)" storage="c:\projekty\mstestproject\bin\debug\netcoreapp3.1\mstestproject.dll" id="eac855d5-56f9-417e-8fbd-f9e1859e2e9d">
      <TestCategory>
        <TestCategoryItem TestCategory="Category1000" />
      </TestCategory>
      <Execution id="7ec198ce-9e50-4a08-9cf8-2e3d591ac826" />
      <TestMethod codeBase="C:\Projekty\MSTestProject\bin\Debug\netcoreapp3.1\MSTestProject.dll" adapterTypeName="executor://mstestadapter/v2" className="TwojeWesele.Services.Helpers.Tests.CurrencyHelperTests" name="FormatToStringTest1000" />
    </UnitTest>
    <UnitTest name="FormatToStringTest1000 (14867.726341984107,14867.73 zł)" storage="c:\projekty\mstestproject\bin\debug\netcoreapp3.1\mstestproject.dll" id="357c5b3a-3ab6-47c8-9d21-0fbb074d6f08">
      <TestCategory>
        <TestCategoryItem TestCategory="Category1000" />
      </TestCategory>
      <Execution id="2b2c7dd2-d0e4-40bc-bc13-0f0516675201" />
      <TestMethod codeBase="C:\Projekty\MSTestProject\bin\Debug\netcoreapp3.1\MSTestProject.dll" adapterTypeName="executor://mstestadapter/v2" className="TwojeWesele.Services.Helpers.Tests.CurrencyHelperTests" name="FormatToStringTest1000" />
    </UnitTest>
    <UnitTest name="FormatToStringTest1000 (7050.437505805137,7050.44 zł)" storage="c:\projekty\mstestproject\bin\debug\netcoreapp3.1\mstestproject.dll" id="302235d6-21eb-4d15-901d-8d2be6ba3977">
      <TestCategory>
        <TestCategoryItem TestCategory="Category1000" />
      </TestCategory>
      <Execution id="9c775dda-07a8-4fa3-a698-3c6199baaa7c" />
      <TestMethod codeBase="C:\Projekty\MSTestProject\bin\Debug\netcoreapp3.1\MSTestProject.dll" adapterTypeName="executor://mstestadapter/v2" className="TwojeWesele.Services.Helpers.Tests.CurrencyHelperTests" name="FormatToStringTest1000" />
    </UnitTest>
    <UnitTest name="FormatToStringTest1000 (658.7555888573431,658.76 zł)" storage="c:\projekty\mstestproject\bin\debug\netcoreapp3.1\mstestproject.dll" id="69f61375-420c-4ea3-bcbb-298ca464d78b">
      <TestCategory>
        <TestCategoryItem TestCategory="Category1000" />
      </TestCategory>
      <Execution id="67420dd3-7464-4e04-a7b0-2dac00bb0a4f" />
      <TestMethod codeBase="C:\Projekty\MSTestProject\bin\Debug\netcoreapp3.1\MSTestProject.dll" adapterTypeName="executor://mstestadapter/v2" className="TwojeWesele.Services.Helpers.Tests.CurrencyHelperTests" name="FormatToStringTest1000" />
    </UnitTest>
    <UnitTest name="FormatToStringTest1000 (57809.74722876295,57809.75 zł)" storage="c:\projekty\mstestproject\bin\debug\netcoreapp3.1\mstestproject.dll" id="39b5817f-4a29-44fd-8c7e-74637214aa49">
      <TestCategory>
        <TestCategoryItem TestCategory="Category1000" />
      </TestCategory>
      <Execution id="6549fd9f-bf8e-471d-a5a6-c355a9d771fc" />
      <TestMethod codeBase="C:\Projekty\MSTestProject\bin\Debug\netcoreapp3.1\MSTestProject.dll" adapterTypeName="executor://mstestadapter/v2" className="TwojeWesele.Services.Helpers.Tests.CurrencyHelperTests" name="FormatToStringTest1000" />
    </UnitTest>
    <UnitTest name="FormatToStringTest1000 (24308.26523149212,24308.27 zł)" storage="c:\projekty\mstestproject\bin\debug\netcoreapp3.1\mstestproject.dll" id="d33778c0-5a53-4e86-bbe8-ce1dc1c642b2">
      <TestCategory>
        <TestCategoryItem TestCategory="Category1000" />
      </TestCategory>
      <Execution id="2d078e5b-d369-4641-8eab-ec9074a9259a" />
      <TestMethod codeBase="C:\Projekty\MSTestProject\bin\Debug\netcoreapp3.1\MSTestProject.dll" adapterTypeName="executor://mstestadapter/v2" className="TwojeWesele.Services.Helpers.Tests.CurrencyHelperTests" name="FormatToStringTest1000" />
    </UnitTest>
    <UnitTest name="FormatToStringTest1000 (38845.74924104323,38845.75 zł)" storage="c:\projekty\mstestproject\bin\debug\netcoreapp3.1\mstestproject.dll" id="f3f04d05-a71b-475e-80fb-7898a5e8b799">
      <TestCategory>
        <TestCategoryItem TestCategory="Category1000" />
      </TestCategory>
      <Execution id="4dc1cfd1-d0b7-4a17-b3a9-17e5ddfd7ee8" />
      <TestMethod codeBase="C:\Projekty\MSTestProject\bin\Debug\netcoreapp3.1\MSTestProject.dll" adapterTypeName="executor://mstestadapter/v2" className="TwojeWesele.Services.Helpers.Tests.CurrencyHelperTests" name="FormatToStringTest1000" />
    </UnitTest>
    <UnitTest name="FormatToStringTest1000 (40857.08543233996,40857.09 zł)" storage="c:\projekty\mstestproject\bin\debug\netcoreapp3.1\mstestproject.dll" id="d1dc3b8c-1ad5-4856-ba23-7125dac0954e">
      <TestCategory>
        <TestCategoryItem TestCategory="Category1000" />
      </TestCategory>
      <Execution id="49743025-52d7-482c-add7-ee10838490b6" />
      <TestMethod codeBase="C:\Projekty\MSTestProject\bin\Debug\netcoreapp3.1\MSTestProject.dll" adapterTypeName="executor://mstestadapter/v2" className="TwojeWesele.Services.Helpers.Tests.CurrencyHelperTests" name="FormatToStringTest1000" />
    </UnitTest>
    <UnitTest name="FormatToStringTest1000 (46166.38051381259,46166.38 zł)" storage="c:\projekty\mstestproject\bin\debug\netcoreapp3.1\mstestproject.dll" id="4c532f88-0f4e-4b7b-8c5b-a27325467749">
      <TestCategory>
        <TestCategoryItem TestCategory="Category1000" />
      </TestCategory>
      <Execution id="7639ecca-90c3-4f7b-8a1a-5832ba9e3397" />
      <TestMethod codeBase="C:\Projekty\MSTestProject\bin\Debug\netcoreapp3.1\MSTestProject.dll" adapterTypeName="executor://mstestadapter/v2" className="TwojeWesele.Services.Helpers.Tests.CurrencyHelperTests" name="FormatToStringTest1000" />
    </UnitTest>
    <UnitTest name="FormatToStringTest1000 (50956.25028206606,50956.25 zł)" storage="c:\projekty\mstestproject\bin\debug\netcoreapp3.1\mstestproject.dll" id="f6cde040-fa37-4ab2-8baa-512badb0a566">
      <TestCategory>
        <TestCategoryItem TestCategory="Category1000" />
      </TestCategory>
      <Execution id="32fa6ecb-13f4-4359-b8d2-4317217eb4d2" />
      <TestMethod codeBase="C:\Projekty\MSTestProject\bin\Debug\netcoreapp3.1\MSTestProject.dll" adapterTypeName="executor://mstestadapter/v2" className="TwojeWesele.Services.Helpers.Tests.CurrencyHelperTests" name="FormatToStringTest1000" />
    </UnitTest>
    <UnitTest name="FormatToStringTest1000 (11118.620997698335,11118.62 zł)" storage="c:\projekty\mstestproject\bin\debug\netcoreapp3.1\mstestproject.dll" id="31b0f172-fdbf-4f6f-b833-f968e555023c">
      <TestCategory>
        <TestCategoryItem TestCategory="Category1000" />
      </TestCategory>
      <Execution id="9b156330-1617-470b-9eb7-fd1095ffb556" />
      <TestMethod codeBase="C:\Projekty\MSTestProject\bin\Debug\netcoreapp3.1\MSTestProject.dll" adapterTypeName="executor://mstestadapter/v2" className="TwojeWesele.Services.Helpers.Tests.CurrencyHelperTests" name="FormatToStringTest1000" />
    </UnitTest>
    <UnitTest name="FormatToStringTest1000 (26885.71162707904,26885.71 zł)" storage="c:\projekty\mstestproject\bin\debug\netcoreapp3.1\mstestproject.dll" id="23a9f755-0d88-4b87-be57-b9affd073079">
      <TestCategory>
        <TestCategoryItem TestCategory="Category1000" />
      </TestCategory>
      <Execution id="98c7f23c-a9d4-4a6f-bc6b-de84a643cf8d" />
      <TestMethod codeBase="C:\Projekty\MSTestProject\bin\Debug\netcoreapp3.1\MSTestProject.dll" adapterTypeName="executor://mstestadapter/v2" className="TwojeWesele.Services.Helpers.Tests.CurrencyHelperTests" name="FormatToStringTest1000" />
    </UnitTest>
    <UnitTest name="FormatToStringTest1000 (32051.900532446758,32051.90 zł)" storage="c:\projekty\mstestproject\bin\debug\netcoreapp3.1\mstestproject.dll" id="bbfc922c-5991-4a8a-b208-7f8e7e4b2652">
      <TestCategory>
        <TestCategoryItem TestCategory="Category1000" />
      </TestCategory>
      <Execution id="4ba548ac-fa10-4226-abf1-cba314516535" />
      <TestMethod codeBase="C:\Projekty\MSTestProject\bin\Debug\netcoreapp3.1\MSTestProject.dll" adapterTypeName="executor://mstestadapter/v2" className="TwojeWesele.Services.Helpers.Tests.CurrencyHelperTests" name="FormatToStringTest1000" />
    </UnitTest>
    <UnitTest name="FormatToStringTest1000 (972.1468308629221,972.15 zł)" storage="c:\projekty\mstestproject\bin\debug\netcoreapp3.1\mstestproject.dll" id="f3dee165-fae6-44ad-ba51-1ec26fbe09ab">
      <TestCategory>
        <TestCategoryItem TestCategory="Category1000" />
      </TestCategory>
      <Execution id="28f9afb4-aa22-417f-9821-838feff74718" />
      <TestMethod codeBase="C:\Projekty\MSTestProject\bin\Debug\netcoreapp3.1\MSTestProject.dll" adapterTypeName="executor://mstestadapter/v2" className="TwojeWesele.Services.Helpers.Tests.CurrencyHelperTests" name="FormatToStringTest1000" />
    </UnitTest>
    <UnitTest name="FormatToStringTest1000 (918.1842976688334,918.18 zł)" storage="c:\projekty\mstestproject\bin\debug\netcoreapp3.1\mstestproject.dll" id="ddbca515-21e8-40c4-9eba-eda8af6ff635">
      <TestCategory>
        <TestCategoryItem TestCategory="Category1000" />
      </TestCategory>
      <Execution id="449ad50c-e8a7-48d3-9189-6450ca92aca7" />
      <TestMethod codeBase="C:\Projekty\MSTestProject\bin\Debug\netcoreapp3.1\MSTestProject.dll" adapterTypeName="executor://mstestadapter/v2" className="TwojeWesele.Services.Helpers.Tests.CurrencyHelperTests" name="FormatToStringTest1000" />
    </UnitTest>
    <UnitTest name="FormatToStringTest1000 (6676.5680544784145,6676.57 zł)" storage="c:\projekty\mstestproject\bin\debug\netcoreapp3.1\mstestproject.dll" id="b85fda6f-e055-4b6f-b5e2-90543776dfe3">
      <TestCategory>
        <TestCategoryItem TestCategory="Category1000" />
      </TestCategory>
      <Execution id="e6700919-c008-4345-bb46-3b798012f55e" />
      <TestMethod codeBase="C:\Projekty\MSTestProject\bin\Debug\netcoreapp3.1\MSTestProject.dll" adapterTypeName="executor://mstestadapter/v2" className="TwojeWesele.Services.Helpers.Tests.CurrencyHelperTests" name="FormatToStringTest1000" />
    </UnitTest>
    <UnitTest name="FormatToStringTest1000 (13478.157112043891,13478.16 zł)" storage="c:\projekty\mstestproject\bin\debug\netcoreapp3.1\mstestproject.dll" id="28545007-d462-432f-9488-88040ee33fd0">
      <TestCategory>
        <TestCategoryItem TestCategory="Category1000" />
      </TestCategory>
      <Execution id="552115fc-f888-4591-81e6-eb34e8be695e" />
      <TestMethod codeBase="C:\Projekty\MSTestProject\bin\Debug\netcoreapp3.1\MSTestProject.dll" adapterTypeName="executor://mstestadapter/v2" className="TwojeWesele.Services.Helpers.Tests.CurrencyHelperTests" name="FormatToStringTest1000" />
    </UnitTest>
    <UnitTest name="FormatToStringTest1000 (57564.498126061866,57564.50 zł)" storage="c:\projekty\mstestproject\bin\debug\netcoreapp3.1\mstestproject.dll" id="8bfa74c6-e6ca-417c-9ae8-efc8a0f7114e">
      <TestCategory>
        <TestCategoryItem TestCategory="Category1000" />
      </TestCategory>
      <Execution id="3a765db0-b0dc-4fd0-a64e-0926e441e406" />
      <TestMethod codeBase="C:\Projekty\MSTestProject\bin\Debug\netcoreapp3.1\MSTestProject.dll" adapterTypeName="executor://mstestadapter/v2" className="TwojeWesele.Services.Helpers.Tests.CurrencyHelperTests" name="FormatToStringTest1000" />
    </UnitTest>
    <UnitTest name="FormatToStringTest1000 (40035.54711080787,40035.55 zł)" storage="c:\projekty\mstestproject\bin\debug\netcoreapp3.1\mstestproject.dll" id="047e737e-bc59-438e-83bb-cdf1eb0f4254">
      <TestCategory>
        <TestCategoryItem TestCategory="Category1000" />
      </TestCategory>
      <Execution id="8b5f0fcf-499d-4209-9be7-e89d4d390b5e" />
      <TestMethod codeBase="C:\Projekty\MSTestProject\bin\Debug\netcoreapp3.1\MSTestProject.dll" adapterTypeName="executor://mstestadapter/v2" className="TwojeWesele.Services.Helpers.Tests.CurrencyHelperTests" name="FormatToStringTest1000" />
    </UnitTest>
    <UnitTest name="FormatToStringTest1000 (395.45790295882983,395.46 zł)" storage="c:\projekty\mstestproject\bin\debug\netcoreapp3.1\mstestproject.dll" id="88384186-fa12-4afd-8630-dba5e629b5ff">
      <TestCategory>
        <TestCategoryItem TestCategory="Category1000" />
      </TestCategory>
      <Execution id="5423ec39-d046-44a2-a487-7b4e77515267" />
      <TestMethod codeBase="C:\Projekty\MSTestProject\bin\Debug\netcoreapp3.1\MSTestProject.dll" adapterTypeName="executor://mstestadapter/v2" className="TwojeWesele.Services.Helpers.Tests.CurrencyHelperTests" name="FormatToStringTest1000" />
    </UnitTest>
    <UnitTest name="FormatToStringTest1000 (25288.32036814574,25288.32 zł)" storage="c:\projekty\mstestproject\bin\debug\netcoreapp3.1\mstestproject.dll" id="767536a5-3f43-4301-a2f9-3f2b53e1fb45">
      <TestCategory>
        <TestCategoryItem TestCategory="Category1000" />
      </TestCategory>
      <Execution id="efe8e08e-7d47-4473-a8c8-3e94a05475ae" />
      <TestMethod codeBase="C:\Projekty\MSTestProject\bin\Debug\netcoreapp3.1\MSTestProject.dll" adapterTypeName="executor://mstestadapter/v2" className="TwojeWesele.Services.Helpers.Tests.CurrencyHelperTests" name="FormatToStringTest1000" />
    </UnitTest>
    <UnitTest name="FormatToStringTest1000 (40268.121943438484,40268.12 zł)" storage="c:\projekty\mstestproject\bin\debug\netcoreapp3.1\mstestproject.dll" id="afd70dcd-6b7e-440b-a116-333c18671505">
      <TestCategory>
        <TestCategoryItem TestCategory="Category1000" />
      </TestCategory>
      <Execution id="3911c2d4-581f-438d-96c7-4f315fd25449" />
      <TestMethod codeBase="C:\Projekty\MSTestProject\bin\Debug\netcoreapp3.1\MSTestProject.dll" adapterTypeName="executor://mstestadapter/v2" className="TwojeWesele.Services.Helpers.Tests.CurrencyHelperTests" name="FormatToStringTest1000" />
    </UnitTest>
    <UnitTest name="FormatToStringTest1000 (16571.355536101553,16571.36 zł)" storage="c:\projekty\mstestproject\bin\debug\netcoreapp3.1\mstestproject.dll" id="eae31370-9a61-43ef-b8a9-1bf061532599">
      <TestCategory>
        <TestCategoryItem TestCategory="Category1000" />
      </TestCategory>
      <Execution id="43e89ea1-7cb2-4710-b7a3-5db459a65d59" />
      <TestMethod codeBase="C:\Projekty\MSTestProject\bin\Debug\netcoreapp3.1\MSTestProject.dll" adapterTypeName="executor://mstestadapter/v2" className="TwojeWesele.Services.Helpers.Tests.CurrencyHelperTests" name="FormatToStringTest1000" />
    </UnitTest>
    <UnitTest name="FormatToStringTest1000 (37889.10086727193,37889.10 zł)" storage="c:\projekty\mstestproject\bin\debug\netcoreapp3.1\mstestproject.dll" id="9dc6d363-2f71-45de-bd13-cb7bbbf942cb">
      <TestCategory>
        <TestCategoryItem TestCategory="Category1000" />
      </TestCategory>
      <Execution id="e2343963-4c5c-4f2a-a0d6-e02c5d85f5b1" />
      <TestMethod codeBase="C:\Projekty\MSTestProject\bin\Debug\netcoreapp3.1\MSTestProject.dll" adapterTypeName="executor://mstestadapter/v2" className="TwojeWesele.Services.Helpers.Tests.CurrencyHelperTests" name="FormatToStringTest1000" />
    </UnitTest>
    <UnitTest name="FormatToStringTest1000 (37387.37521261972,37387.38 zł)" storage="c:\projekty\mstestproject\bin\debug\netcoreapp3.1\mstestproject.dll" id="fc9e8d9f-d9a6-4f00-bd37-1338f866679a">
      <TestCategory>
        <TestCategoryItem TestCategory="Category1000" />
      </TestCategory>
      <Execution id="95628c2d-0649-4f33-9728-274479522359" />
      <TestMethod codeBase="C:\Projekty\MSTestProject\bin\Debug\netcoreapp3.1\MSTestProject.dll" adapterTypeName="executor://mstestadapter/v2" className="TwojeWesele.Services.Helpers.Tests.CurrencyHelperTests" name="FormatToStringTest1000" />
    </UnitTest>
    <UnitTest name="FormatToStringTest1000 (9774.341362926803,9774.34 zł)" storage="c:\projekty\mstestproject\bin\debug\netcoreapp3.1\mstestproject.dll" id="6440da7d-d474-4bf9-b396-62b3b3ea4a69">
      <TestCategory>
        <TestCategoryItem TestCategory="Category1000" />
      </TestCategory>
      <Execution id="c0102b66-47f4-4ebb-9d03-2d5f289c48cf" />
      <TestMethod codeBase="C:\Projekty\MSTestProject\bin\Debug\netcoreapp3.1\MSTestProject.dll" adapterTypeName="executor://mstestadapter/v2" className="TwojeWesele.Services.Helpers.Tests.CurrencyHelperTests" name="FormatToStringTest1000" />
    </UnitTest>
    <UnitTest name="FormatToStringTest1000 (12202.860111308684,12202.86 zł)" storage="c:\projekty\mstestproject\bin\debug\netcoreapp3.1\mstestproject.dll" id="c75a5734-798a-4246-90cf-97e21e218fe2">
      <TestCategory>
        <TestCategoryItem TestCategory="Category1000" />
      </TestCategory>
      <Execution id="0e9e0df9-95e0-4f39-b9a7-078ed4d2c7be" />
      <TestMethod codeBase="C:\Projekty\MSTestProject\bin\Debug\netcoreapp3.1\MSTestProject.dll" adapterTypeName="executor://mstestadapter/v2" className="TwojeWesele.Services.Helpers.Tests.CurrencyHelperTests" name="FormatToStringTest1000" />
    </UnitTest>
    <UnitTest name="FormatToStringTest1000 (270.1894008262033,270.19 zł)" storage="c:\projekty\mstestproject\bin\debug\netcoreapp3.1\mstestproject.dll" id="7b7303e5-b0d6-4149-ac26-de31bf1e655f">
      <TestCategory>
        <TestCategoryItem TestCategory="Category1000" />
      </TestCategory>
      <Execution id="f06698d1-a1d1-40cf-9df0-982eda9fc1a8" />
      <TestMethod codeBase="C:\Projekty\MSTestProject\bin\Debug\netcoreapp3.1\MSTestProject.dll" adapterTypeName="executor://mstestadapter/v2" className="TwojeWesele.Services.Helpers.Tests.CurrencyHelperTests" name="FormatToStringTest1000" />
    </UnitTest>
    <UnitTest name="FormatToStringTest1000 (46590.9609819562,46590.96 zł)" storage="c:\projekty\mstestproject\bin\debug\netcoreapp3.1\mstestproject.dll" id="595284b3-3d10-4411-95fc-796ed3d6887a">
      <TestCategory>
        <TestCategoryItem TestCategory="Category1000" />
      </TestCategory>
      <Execution id="85077947-5ade-4dd4-82da-0b3a72b3a04c" />
      <TestMethod codeBase="C:\Projekty\MSTestProject\bin\Debug\netcoreapp3.1\MSTestProject.dll" adapterTypeName="executor://mstestadapter/v2" className="TwojeWesele.Services.Helpers.Tests.CurrencyHelperTests" name="FormatToStringTest1000" />
    </UnitTest>
    <UnitTest name="FormatToStringTest1000 (14237.13226245955,14237.13 zł)" storage="c:\projekty\mstestproject\bin\debug\netcoreapp3.1\mstestproject.dll" id="23740af3-20c4-4597-8f0e-d233b66c6817">
      <TestCategory>
        <TestCategoryItem TestCategory="Category1000" />
      </TestCategory>
      <Execution id="a8de7a6f-6f18-45a3-acbf-9f072a59ee52" />
      <TestMethod codeBase="C:\Projekty\MSTestProject\bin\Debug\netcoreapp3.1\MSTestProject.dll" adapterTypeName="executor://mstestadapter/v2" className="TwojeWesele.Services.Helpers.Tests.CurrencyHelperTests" name="FormatToStringTest1000" />
    </UnitTest>
    <UnitTest name="FormatToStringTest1000 (13402.882692040355,13402.88 zł)" storage="c:\projekty\mstestproject\bin\debug\netcoreapp3.1\mstestproject.dll" id="a4a6e886-1532-4150-8819-680a1888eec4">
      <TestCategory>
        <TestCategoryItem TestCategory="Category1000" />
      </TestCategory>
      <Execution id="a388ae8b-ea0d-4350-a3db-867302bde335" />
      <TestMethod codeBase="C:\Projekty\MSTestProject\bin\Debug\netcoreapp3.1\MSTestProject.dll" adapterTypeName="executor://mstestadapter/v2" className="TwojeWesele.Services.Helpers.Tests.CurrencyHelperTests" name="FormatToStringTest1000" />
    </UnitTest>
    <UnitTest name="FormatToStringTest1000 (1208.1827589441941,1208.18 zł)" storage="c:\projekty\mstestproject\bin\debug\netcoreapp3.1\mstestproject.dll" id="e9143dbb-ac98-404c-a13a-3c3c801dd1f6">
      <TestCategory>
        <TestCategoryItem TestCategory="Category1000" />
      </TestCategory>
      <Execution id="47f0b789-e41c-4360-b090-7db7bebbc39d" />
      <TestMethod codeBase="C:\Projekty\MSTestProject\bin\Debug\netcoreapp3.1\MSTestProject.dll" adapterTypeName="executor://mstestadapter/v2" className="TwojeWesele.Services.Helpers.Tests.CurrencyHelperTests" name="FormatToStringTest1000" />
    </UnitTest>
    <UnitTest name="FormatToStringTest1000 (14719.97001409762,14719.97 zł)" storage="c:\projekty\mstestproject\bin\debug\netcoreapp3.1\mstestproject.dll" id="46dd1d29-616b-4328-8262-8c7d04f39169">
      <TestCategory>
        <TestCategoryItem TestCategory="Category1000" />
      </TestCategory>
      <Execution id="8694ad08-393a-44b3-87d1-e934402556ee" />
      <TestMethod codeBase="C:\Projekty\MSTestProject\bin\Debug\netcoreapp3.1\MSTestProject.dll" adapterTypeName="executor://mstestadapter/v2" className="TwojeWesele.Services.Helpers.Tests.CurrencyHelperTests" name="FormatToStringTest1000" />
    </UnitTest>
    <UnitTest name="FormatToStringTest1000 (1181.5773122979222,1181.58 zł)" storage="c:\projekty\mstestproject\bin\debug\netcoreapp3.1\mstestproject.dll" id="ec0474ea-5249-4ef7-8a82-3c68fae6790c">
      <TestCategory>
        <TestCategoryItem TestCategory="Category1000" />
      </TestCategory>
      <Execution id="4795cfb1-aa02-4058-98b0-df5c92297f05" />
      <TestMethod codeBase="C:\Projekty\MSTestProject\bin\Debug\netcoreapp3.1\MSTestProject.dll" adapterTypeName="executor://mstestadapter/v2" className="TwojeWesele.Services.Helpers.Tests.CurrencyHelperTests" name="FormatToStringTest1000" />
    </UnitTest>
    <UnitTest name="FormatToStringTest1000 (2039.440966411699,2039.44 zł)" storage="c:\projekty\mstestproject\bin\debug\netcoreapp3.1\mstestproject.dll" id="e7154f5e-b28c-4253-a0ea-626f1b8cd050">
      <TestCategory>
        <TestCategoryItem TestCategory="Category1000" />
      </TestCategory>
      <Execution id="f5eb17c7-1761-4293-81d9-4d712f2051c8" />
      <TestMethod codeBase="C:\Projekty\MSTestProject\bin\Debug\netcoreapp3.1\MSTestProject.dll" adapterTypeName="executor://mstestadapter/v2" className="TwojeWesele.Services.Helpers.Tests.CurrencyHelperTests" name="FormatToStringTest1000" />
    </UnitTest>
    <UnitTest name="FormatToStringTest1000 (46803.36433423374,46803.36 zł)" storage="c:\projekty\mstestproject\bin\debug\netcoreapp3.1\mstestproject.dll" id="71215eae-7f25-43d3-b2a9-9eeb688c05cb">
      <TestCategory>
        <TestCategoryItem TestCategory="Category1000" />
      </TestCategory>
      <Execution id="ed3202fb-1151-435f-b9b6-123236af4e5d" />
      <TestMethod codeBase="C:\Projekty\MSTestProject\bin\Debug\netcoreapp3.1\MSTestProject.dll" adapterTypeName="executor://mstestadapter/v2" className="TwojeWesele.Services.Helpers.Tests.CurrencyHelperTests" name="FormatToStringTest1000" />
    </UnitTest>
    <UnitTest name="FormatToStringTest1000 (19603.69286519321,19603.69 zł)" storage="c:\projekty\mstestproject\bin\debug\netcoreapp3.1\mstestproject.dll" id="8e5aa61e-a240-4703-b63c-52894beada8c">
      <TestCategory>
        <TestCategoryItem TestCategory="Category1000" />
      </TestCategory>
      <Execution id="82698e69-1b5b-4046-b5ea-45e5d021b1ad" />
      <TestMethod codeBase="C:\Projekty\MSTestProject\bin\Debug\netcoreapp3.1\MSTestProject.dll" adapterTypeName="executor://mstestadapter/v2" className="TwojeWesele.Services.Helpers.Tests.CurrencyHelperTests" name="FormatToStringTest1000" />
    </UnitTest>
    <UnitTest name="FormatToStringTest1000 (30385.72086375613,30385.72 zł)" storage="c:\projekty\mstestproject\bin\debug\netcoreapp3.1\mstestproject.dll" id="72b8736d-f24b-4e46-b66e-b3001a4f05de">
      <TestCategory>
        <TestCategoryItem TestCategory="Category1000" />
      </TestCategory>
      <Execution id="a0a38391-e332-4a8f-9e89-87f1a9578bf3" />
      <TestMethod codeBase="C:\Projekty\MSTestProject\bin\Debug\netcoreapp3.1\MSTestProject.dll" adapterTypeName="executor://mstestadapter/v2" className="TwojeWesele.Services.Helpers.Tests.CurrencyHelperTests" name="FormatToStringTest1000" />
    </UnitTest>
    <UnitTest name="FormatToStringTest1000 (5957.42161879941,5957.42 zł)" storage="c:\projekty\mstestproject\bin\debug\netcoreapp3.1\mstestproject.dll" id="85f6ff40-8146-433e-b59d-3be7f9fb5d77">
      <TestCategory>
        <TestCategoryItem TestCategory="Category1000" />
      </TestCategory>
      <Execution id="d81fa121-3223-4a8e-a9ff-b55110588df8" />
      <TestMethod codeBase="C:\Projekty\MSTestProject\bin\Debug\netcoreapp3.1\MSTestProject.dll" adapterTypeName="executor://mstestadapter/v2" className="TwojeWesele.Services.Helpers.Tests.CurrencyHelperTests" name="FormatToStringTest1000" />
    </UnitTest>
    <UnitTest name="FormatToStringTest1000 (14635.510547500808,14635.51 zł)" storage="c:\projekty\mstestproject\bin\debug\netcoreapp3.1\mstestproject.dll" id="f96948a0-ee00-4b3a-96e6-59f894b9820e">
      <TestCategory>
        <TestCategoryItem TestCategory="Category1000" />
      </TestCategory>
      <Execution id="ef381127-2a10-4b42-bbae-02a88e9d21a3" />
      <TestMethod codeBase="C:\Projekty\MSTestProject\bin\Debug\netcoreapp3.1\MSTestProject.dll" adapterTypeName="executor://mstestadapter/v2" className="TwojeWesele.Services.Helpers.Tests.CurrencyHelperTests" name="FormatToStringTest1000" />
    </UnitTest>
    <UnitTest name="FormatToStringTest1000 (1898.24149096489,1898.24 zł)" storage="c:\projekty\mstestproject\bin\debug\netcoreapp3.1\mstestproject.dll" id="6e65ed36-9db9-451d-83cb-1d2cc0ddad82">
      <TestCategory>
        <TestCategoryItem TestCategory="Category1000" />
      </TestCategory>
      <Execution id="e23a3a5d-e715-472d-b996-582a97765a66" />
      <TestMethod codeBase="C:\Projekty\MSTestProject\bin\Debug\netcoreapp3.1\MSTestProject.dll" adapterTypeName="executor://mstestadapter/v2" className="TwojeWesele.Services.Helpers.Tests.CurrencyHelperTests" name="FormatToStringTest1000" />
    </UnitTest>
    <UnitTest name="FormatToStringTest1000 (19463.08761954917,19463.09 zł)" storage="c:\projekty\mstestproject\bin\debug\netcoreapp3.1\mstestproject.dll" id="0d4827f4-7524-4845-af0b-a102f4e0adc6">
      <TestCategory>
        <TestCategoryItem TestCategory="Category1000" />
      </TestCategory>
      <Execution id="7c3b0112-b447-45ec-b10d-25477e2bbdc4" />
      <TestMethod codeBase="C:\Projekty\MSTestProject\bin\Debug\netcoreapp3.1\MSTestProject.dll" adapterTypeName="executor://mstestadapter/v2" className="TwojeWesele.Services.Helpers.Tests.CurrencyHelperTests" name="FormatToStringTest1000" />
    </UnitTest>
    <UnitTest name="FormatToStringTest1000 (32821.05661472215,32821.06 zł)" storage="c:\projekty\mstestproject\bin\debug\netcoreapp3.1\mstestproject.dll" id="1211b8ee-cab6-45ae-90eb-249d5c508895">
      <TestCategory>
        <TestCategoryItem TestCategory="Category1000" />
      </TestCategory>
      <Execution id="291124e5-c3f5-451c-8c9f-eb08d9d3d038" />
      <TestMethod codeBase="C:\Projekty\MSTestProject\bin\Debug\netcoreapp3.1\MSTestProject.dll" adapterTypeName="executor://mstestadapter/v2" className="TwojeWesele.Services.Helpers.Tests.CurrencyHelperTests" name="FormatToStringTest1000" />
    </UnitTest>
    <UnitTest name="FormatToStringTest1000 (40545.70748620001,40545.71 zł)" storage="c:\projekty\mstestproject\bin\debug\netcoreapp3.1\mstestproject.dll" id="652bb59a-0042-4e72-ab27-f85ac7d97981">
      <TestCategory>
        <TestCategoryItem TestCategory="Category1000" />
      </TestCategory>
      <Execution id="64783eee-db79-42c2-ba1c-d109717d2268" />
      <TestMethod codeBase="C:\Projekty\MSTestProject\bin\Debug\netcoreapp3.1\MSTestProject.dll" adapterTypeName="executor://mstestadapter/v2" className="TwojeWesele.Services.Helpers.Tests.CurrencyHelperTests" name="FormatToStringTest1000" />
    </UnitTest>
    <UnitTest name="FormatToStringTest1000 (19208.676036795914,19208.68 zł)" storage="c:\projekty\mstestproject\bin\debug\netcoreapp3.1\mstestproject.dll" id="b8f5e559-b8b5-4268-9a0b-871843b5bcca">
      <TestCategory>
        <TestCategoryItem TestCategory="Category1000" />
      </TestCategory>
      <Execution id="a2cd9b7b-1d53-4f82-a1bf-7b14ec4f7e08" />
      <TestMethod codeBase="C:\Projekty\MSTestProject\bin\Debug\netcoreapp3.1\MSTestProject.dll" adapterTypeName="executor://mstestadapter/v2" className="TwojeWesele.Services.Helpers.Tests.CurrencyHelperTests" name="FormatToStringTest1000" />
    </UnitTest>
    <UnitTest name="FormatToStringTest1000 (115.26302841131717,115.26 zł)" storage="c:\projekty\mstestproject\bin\debug\netcoreapp3.1\mstestproject.dll" id="ba65e657-47ec-453a-94ad-77ca82e9696d">
      <TestCategory>
        <TestCategoryItem TestCategory="Category1000" />
      </TestCategory>
      <Execution id="6e3d4ea4-4cb2-4afc-9d4a-e52f57786f09" />
      <TestMethod codeBase="C:\Projekty\MSTestProject\bin\Debug\netcoreapp3.1\MSTestProject.dll" adapterTypeName="executor://mstestadapter/v2" className="TwojeWesele.Services.Helpers.Tests.CurrencyHelperTests" name="FormatToStringTest1000" />
    </UnitTest>
    <UnitTest name="FormatToStringTest1000 (3588.260979617136,3588.26 zł)" storage="c:\projekty\mstestproject\bin\debug\netcoreapp3.1\mstestproject.dll" id="74806400-0bce-4199-b2a9-48e64c206502">
      <TestCategory>
        <TestCategoryItem TestCategory="Category1000" />
      </TestCategory>
      <Execution id="6ebb23e4-ec36-4969-a400-bb1fc1dd30bd" />
      <TestMethod codeBase="C:\Projekty\MSTestProject\bin\Debug\netcoreapp3.1\MSTestProject.dll" adapterTypeName="executor://mstestadapter/v2" className="TwojeWesele.Services.Helpers.Tests.CurrencyHelperTests" name="FormatToStringTest1000" />
    </UnitTest>
    <UnitTest name="FormatToStringTest1000 (28080.92507087669,28080.93 zł)" storage="c:\projekty\mstestproject\bin\debug\netcoreapp3.1\mstestproject.dll" id="1ef0b0c0-eb74-4def-9e92-57f80a31c7b0">
      <TestCategory>
        <TestCategoryItem TestCategory="Category1000" />
      </TestCategory>
      <Execution id="cf216291-bce6-4a3f-8161-59b8747f05fc" />
      <TestMethod codeBase="C:\Projekty\MSTestProject\bin\Debug\netcoreapp3.1\MSTestProject.dll" adapterTypeName="executor://mstestadapter/v2" className="TwojeWesele.Services.Helpers.Tests.CurrencyHelperTests" name="FormatToStringTest1000" />
    </UnitTest>
    <UnitTest name="FormatToStringTest1000 (22791.735381432685,22791.74 zł)" storage="c:\projekty\mstestproject\bin\debug\netcoreapp3.1\mstestproject.dll" id="a89fdd26-172a-46af-975c-b3f7ddc6201a">
      <TestCategory>
        <TestCategoryItem TestCategory="Category1000" />
      </TestCategory>
      <Execution id="c67b4c22-4439-40c3-9765-56c94180ffff" />
      <TestMethod codeBase="C:\Projekty\MSTestProject\bin\Debug\netcoreapp3.1\MSTestProject.dll" adapterTypeName="executor://mstestadapter/v2" className="TwojeWesele.Services.Helpers.Tests.CurrencyHelperTests" name="FormatToStringTest1000" />
    </UnitTest>
    <UnitTest name="FormatToStringTest1000 (20640.678251201603,20640.68 zł)" storage="c:\projekty\mstestproject\bin\debug\netcoreapp3.1\mstestproject.dll" id="5c95ac24-4bb6-405e-ad6b-0a711d94a825">
      <TestCategory>
        <TestCategoryItem TestCategory="Category1000" />
      </TestCategory>
      <Execution id="bd754555-4279-4794-a848-ebcac37cd184" />
      <TestMethod codeBase="C:\Projekty\MSTestProject\bin\Debug\netcoreapp3.1\MSTestProject.dll" adapterTypeName="executor://mstestadapter/v2" className="TwojeWesele.Services.Helpers.Tests.CurrencyHelperTests" name="FormatToStringTest1000" />
    </UnitTest>
    <UnitTest name="FormatToStringTest1000 (29508.077101491428,29508.08 zł)" storage="c:\projekty\mstestproject\bin\debug\netcoreapp3.1\mstestproject.dll" id="59d2328d-6dd2-4cd0-834d-0e2341e86398">
      <TestCategory>
        <TestCategoryItem TestCategory="Category1000" />
      </TestCategory>
      <Execution id="e6c5d9d5-1657-4f10-8941-39606fb4c01c" />
      <TestMethod codeBase="C:\Projekty\MSTestProject\bin\Debug\netcoreapp3.1\MSTestProject.dll" adapterTypeName="executor://mstestadapter/v2" className="TwojeWesele.Services.Helpers.Tests.CurrencyHelperTests" name="FormatToStringTest1000" />
    </UnitTest>
    <UnitTest name="FormatToStringTest1000 (4411.456718280659,4411.46 zł)" storage="c:\projekty\mstestproject\bin\debug\netcoreapp3.1\mstestproject.dll" id="db898642-71a2-4e15-9eb1-937662f5647c">
      <TestCategory>
        <TestCategoryItem TestCategory="Category1000" />
      </TestCategory>
      <Execution id="36de9ea1-8c58-43cd-9a2f-4cd0b8a97738" />
      <TestMethod codeBase="C:\Projekty\MSTestProject\bin\Debug\netcoreapp3.1\MSTestProject.dll" adapterTypeName="executor://mstestadapter/v2" className="TwojeWesele.Services.Helpers.Tests.CurrencyHelperTests" name="FormatToStringTest1000" />
    </UnitTest>
    <UnitTest name="FormatToStringTest1000 (1549.6599114973376,1549.66 zł)" storage="c:\projekty\mstestproject\bin\debug\netcoreapp3.1\mstestproject.dll" id="f784cb91-5e97-4514-b741-f96f50b2670a">
      <TestCategory>
        <TestCategoryItem TestCategory="Category1000" />
      </TestCategory>
      <Execution id="8de51934-d496-4b5e-afce-e66ea925e187" />
      <TestMethod codeBase="C:\Projekty\MSTestProject\bin\Debug\netcoreapp3.1\MSTestProject.dll" adapterTypeName="executor://mstestadapter/v2" className="TwojeWesele.Services.Helpers.Tests.CurrencyHelperTests" name="FormatToStringTest1000" />
    </UnitTest>
    <UnitTest name="FormatToStringTest1000 (14003.84591249742,14003.85 zł)" storage="c:\projekty\mstestproject\bin\debug\netcoreapp3.1\mstestproject.dll" id="fb528569-b600-4fca-9283-fa012f8978e0">
      <TestCategory>
        <TestCategoryItem TestCategory="Category1000" />
      </TestCategory>
      <Execution id="93d94580-a3fa-4147-8090-c622da2e649a" />
      <TestMethod codeBase="C:\Projekty\MSTestProject\bin\Debug\netcoreapp3.1\MSTestProject.dll" adapterTypeName="executor://mstestadapter/v2" className="TwojeWesele.Services.Helpers.Tests.CurrencyHelperTests" name="FormatToStringTest1000" />
    </UnitTest>
    <UnitTest name="FormatToStringTest1000 (6145.531235831571,6145.53 zł)" storage="c:\projekty\mstestproject\bin\debug\netcoreapp3.1\mstestproject.dll" id="cc71cbd0-5ba3-4d42-bb59-abbbd7eabc73">
      <TestCategory>
        <TestCategoryItem TestCategory="Category1000" />
      </TestCategory>
      <Execution id="f0dde134-bcf5-4aed-8c05-d472ee9a9099" />
      <TestMethod codeBase="C:\Projekty\MSTestProject\bin\Debug\netcoreapp3.1\MSTestProject.dll" adapterTypeName="executor://mstestadapter/v2" className="TwojeWesele.Services.Helpers.Tests.CurrencyHelperTests" name="FormatToStringTest1000" />
    </UnitTest>
    <UnitTest name="FormatToStringTest1000 (24695.917440203913,24695.92 zł)" storage="c:\projekty\mstestproject\bin\debug\netcoreapp3.1\mstestproject.dll" id="d2cc2f1f-8a1f-4115-a0c6-e227b6905a63">
      <TestCategory>
        <TestCategoryItem TestCategory="Category1000" />
      </TestCategory>
      <Execution id="625ec6dc-f764-481e-9683-65099a0672bd" />
      <TestMethod codeBase="C:\Projekty\MSTestProject\bin\Debug\netcoreapp3.1\MSTestProject.dll" adapterTypeName="executor://mstestadapter/v2" className="TwojeWesele.Services.Helpers.Tests.CurrencyHelperTests" name="FormatToStringTest1000" />
    </UnitTest>
    <UnitTest name="FormatToStringTest1000 (88489.14069749469,88489.14 zł)" storage="c:\projekty\mstestproject\bin\debug\netcoreapp3.1\mstestproject.dll" id="c601bc2a-e3de-4c0d-895d-dbfe6c104b9c">
      <TestCategory>
        <TestCategoryItem TestCategory="Category1000" />
      </TestCategory>
      <Execution id="0400a1bf-b51c-483c-9e35-918f47ba72b5" />
      <TestMethod codeBase="C:\Projekty\MSTestProject\bin\Debug\netcoreapp3.1\MSTestProject.dll" adapterTypeName="executor://mstestadapter/v2" className="TwojeWesele.Services.Helpers.Tests.CurrencyHelperTests" name="FormatToStringTest1000" />
    </UnitTest>
    <UnitTest name="FormatToStringTest1000 (22291.653251342315,22291.65 zł)" storage="c:\projekty\mstestproject\bin\debug\netcoreapp3.1\mstestproject.dll" id="408538b0-832d-4e09-bcb6-eed42e052db5">
      <TestCategory>
        <TestCategoryItem TestCategory="Category1000" />
      </TestCategory>
      <Execution id="47e33767-1dfd-4f6f-b175-fd9cf4645b4c" />
      <TestMethod codeBase="C:\Projekty\MSTestProject\bin\Debug\netcoreapp3.1\MSTestProject.dll" adapterTypeName="executor://mstestadapter/v2" className="TwojeWesele.Services.Helpers.Tests.CurrencyHelperTests" name="FormatToStringTest1000" />
    </UnitTest>
    <UnitTest name="FormatToStringTest1000 (43858.624379632354,43858.62 zł)" storage="c:\projekty\mstestproject\bin\debug\netcoreapp3.1\mstestproject.dll" id="814d043c-281a-493b-9d52-4a600f3b9e70">
      <TestCategory>
        <TestCategoryItem TestCategory="Category1000" />
      </TestCategory>
      <Execution id="4edb389b-be1b-41d4-ab85-f79550fdbb83" />
      <TestMethod codeBase="C:\Projekty\MSTestProject\bin\Debug\netcoreapp3.1\MSTestProject.dll" adapterTypeName="executor://mstestadapter/v2" className="TwojeWesele.Services.Helpers.Tests.CurrencyHelperTests" name="FormatToStringTest1000" />
    </UnitTest>
    <UnitTest name="FormatToStringTest1000 (57436.33241095409,57436.33 zł)" storage="c:\projekty\mstestproject\bin\debug\netcoreapp3.1\mstestproject.dll" id="0679f577-c8ec-4236-9a42-540bc9956ef5">
      <TestCategory>
        <TestCategoryItem TestCategory="Category1000" />
      </TestCategory>
      <Execution id="f739bf3a-697d-48b7-b49d-98020a8dec0b" />
      <TestMethod codeBase="C:\Projekty\MSTestProject\bin\Debug\netcoreapp3.1\MSTestProject.dll" adapterTypeName="executor://mstestadapter/v2" className="TwojeWesele.Services.Helpers.Tests.CurrencyHelperTests" name="FormatToStringTest1000" />
    </UnitTest>
    <UnitTest name="FormatToStringTest1000 (14198.39903067723,14198.40 zł)" storage="c:\projekty\mstestproject\bin\debug\netcoreapp3.1\mstestproject.dll" id="817e54af-056c-4a9d-a9d5-5c69abac1ce3">
      <TestCategory>
        <TestCategoryItem TestCategory="Category1000" />
      </TestCategory>
      <Execution id="92aa3583-2e1f-458d-b95f-5ad76981e15b" />
      <TestMethod codeBase="C:\Projekty\MSTestProject\bin\Debug\netcoreapp3.1\MSTestProject.dll" adapterTypeName="executor://mstestadapter/v2" className="TwojeWesele.Services.Helpers.Tests.CurrencyHelperTests" name="FormatToStringTest1000" />
    </UnitTest>
    <UnitTest name="FormatToStringTest1000 (63507.32603545455,63507.33 zł)" storage="c:\projekty\mstestproject\bin\debug\netcoreapp3.1\mstestproject.dll" id="bea61a21-3acc-4afc-a12a-1fa2bf964b9d">
      <TestCategory>
        <TestCategoryItem TestCategory="Category1000" />
      </TestCategory>
      <Execution id="b6bab50b-e35e-430d-9732-16fd9f2c1869" />
      <TestMethod codeBase="C:\Projekty\MSTestProject\bin\Debug\netcoreapp3.1\MSTestProject.dll" adapterTypeName="executor://mstestadapter/v2" className="TwojeWesele.Services.Helpers.Tests.CurrencyHelperTests" name="FormatToStringTest1000" />
    </UnitTest>
    <UnitTest name="FormatToStringTest1000 (41368.29672956015,41368.30 zł)" storage="c:\projekty\mstestproject\bin\debug\netcoreapp3.1\mstestproject.dll" id="2e6e8669-d90c-40b6-ae73-6d3c5cacf2c8">
      <TestCategory>
        <TestCategoryItem TestCategory="Category1000" />
      </TestCategory>
      <Execution id="a5887870-fd46-43ef-85ea-211cb723c21d" />
      <TestMethod codeBase="C:\Projekty\MSTestProject\bin\Debug\netcoreapp3.1\MSTestProject.dll" adapterTypeName="executor://mstestadapter/v2" className="TwojeWesele.Services.Helpers.Tests.CurrencyHelperTests" name="FormatToStringTest1000" />
    </UnitTest>
    <UnitTest name="FormatToStringTest1000 (3694.480496819355,3694.48 zł)" storage="c:\projekty\mstestproject\bin\debug\netcoreapp3.1\mstestproject.dll" id="b1bf74d7-16ab-4681-9e18-e1fa1f0fca8b">
      <TestCategory>
        <TestCategoryItem TestCategory="Category1000" />
      </TestCategory>
      <Execution id="9fc2794b-cefb-43e4-820c-e898f3deeff8" />
      <TestMethod codeBase="C:\Projekty\MSTestProject\bin\Debug\netcoreapp3.1\MSTestProject.dll" adapterTypeName="executor://mstestadapter/v2" className="TwojeWesele.Services.Helpers.Tests.CurrencyHelperTests" name="FormatToStringTest1000" />
    </UnitTest>
    <UnitTest name="FormatToStringTest1000 (8542.520616738833,8542.52 zł)" storage="c:\projekty\mstestproject\bin\debug\netcoreapp3.1\mstestproject.dll" id="c5420c94-dd51-4175-862c-b0aea3cdd707">
      <TestCategory>
        <TestCategoryItem TestCategory="Category1000" />
      </TestCategory>
      <Execution id="9d3d3b19-2560-4960-b6e8-ef3f87f80db6" />
      <TestMethod codeBase="C:\Projekty\MSTestProject\bin\Debug\netcoreapp3.1\MSTestProject.dll" adapterTypeName="executor://mstestadapter/v2" className="TwojeWesele.Services.Helpers.Tests.CurrencyHelperTests" name="FormatToStringTest1000" />
    </UnitTest>
    <UnitTest name="FormatToStringTest1000 (22153.282278674324,22153.28 zł)" storage="c:\projekty\mstestproject\bin\debug\netcoreapp3.1\mstestproject.dll" id="f91a2f13-6560-4aed-a940-3b9d1df394a4">
      <TestCategory>
        <TestCategoryItem TestCategory="Category1000" />
      </TestCategory>
      <Execution id="ed771ad6-8f49-4a83-8662-f52556283fdf" />
      <TestMethod codeBase="C:\Projekty\MSTestProject\bin\Debug\netcoreapp3.1\MSTestProject.dll" adapterTypeName="executor://mstestadapter/v2" className="TwojeWesele.Services.Helpers.Tests.CurrencyHelperTests" name="FormatToStringTest1000" />
    </UnitTest>
    <UnitTest name="FormatToStringTest1000 (9558.453124931293,9558.45 zł)" storage="c:\projekty\mstestproject\bin\debug\netcoreapp3.1\mstestproject.dll" id="2348797d-9a00-417f-9631-d24c69c6638f">
      <TestCategory>
        <TestCategoryItem TestCategory="Category1000" />
      </TestCategory>
      <Execution id="a2f7a745-f88b-4c85-9407-64b653f40f10" />
      <TestMethod codeBase="C:\Projekty\MSTestProject\bin\Debug\netcoreapp3.1\MSTestProject.dll" adapterTypeName="executor://mstestadapter/v2" className="TwojeWesele.Services.Helpers.Tests.CurrencyHelperTests" name="FormatToStringTest1000" />
    </UnitTest>
    <UnitTest name="FormatToStringTest1000 (12903.541202012237,12903.54 zł)" storage="c:\projekty\mstestproject\bin\debug\netcoreapp3.1\mstestproject.dll" id="e0e653d4-271d-40b0-971b-1484d9d16cbf">
      <TestCategory>
        <TestCategoryItem TestCategory="Category1000" />
      </TestCategory>
      <Execution id="6d056168-9e3a-4121-9d12-c0722594c3c3" />
      <TestMethod codeBase="C:\Projekty\MSTestProject\bin\Debug\netcoreapp3.1\MSTestProject.dll" adapterTypeName="executor://mstestadapter/v2" className="TwojeWesele.Services.Helpers.Tests.CurrencyHelperTests" name="FormatToStringTest1000" />
    </UnitTest>
    <UnitTest name="FormatToStringTest1000 (68174.53068551492,68174.53 zł)" storage="c:\projekty\mstestproject\bin\debug\netcoreapp3.1\mstestproject.dll" id="df04f1ba-dd7c-4208-b211-12dca90cc761">
      <TestCategory>
        <TestCategoryItem TestCategory="Category1000" />
      </TestCategory>
      <Execution id="15554fdc-5b8f-4180-b182-181fd349442a" />
      <TestMethod codeBase="C:\Projekty\MSTestProject\bin\Debug\netcoreapp3.1\MSTestProject.dll" adapterTypeName="executor://mstestadapter/v2" className="TwojeWesele.Services.Helpers.Tests.CurrencyHelperTests" name="FormatToStringTest1000" />
    </UnitTest>
    <UnitTest name="FormatToStringTest1000 (3521.3657738167635,3521.37 zł)" storage="c:\projekty\mstestproject\bin\debug\netcoreapp3.1\mstestproject.dll" id="dbbf1175-0082-423d-a500-cecf4bef0db6">
      <TestCategory>
        <TestCategoryItem TestCategory="Category1000" />
      </TestCategory>
      <Execution id="0985b672-6c44-47c1-af65-d35542ca2763" />
      <TestMethod codeBase="C:\Projekty\MSTestProject\bin\Debug\netcoreapp3.1\MSTestProject.dll" adapterTypeName="executor://mstestadapter/v2" className="TwojeWesele.Services.Helpers.Tests.CurrencyHelperTests" name="FormatToStringTest1000" />
    </UnitTest>
    <UnitTest name="FormatToStringTest1000 (6262.373413993219,6262.37 zł)" storage="c:\projekty\mstestproject\bin\debug\netcoreapp3.1\mstestproject.dll" id="bdb3e34a-1d7a-4013-843d-dbfcbf622446">
      <TestCategory>
        <TestCategoryItem TestCategory="Category1000" />
      </TestCategory>
      <Execution id="b5eafef5-bbd8-4bd5-b1c3-6887d692861a" />
      <TestMethod codeBase="C:\Projekty\MSTestProject\bin\Debug\netcoreapp3.1\MSTestProject.dll" adapterTypeName="executor://mstestadapter/v2" className="TwojeWesele.Services.Helpers.Tests.CurrencyHelperTests" name="FormatToStringTest1000" />
    </UnitTest>
    <UnitTest name="FormatToStringTest1000 (1821.7083499085663,1821.71 zł)" storage="c:\projekty\mstestproject\bin\debug\netcoreapp3.1\mstestproject.dll" id="a40d5b17-f55c-4f0a-a8d8-32a37dd2e9ca">
      <TestCategory>
        <TestCategoryItem TestCategory="Category1000" />
      </TestCategory>
      <Execution id="f6d8dabd-8146-44c5-813e-c8b9686dc97b" />
      <TestMethod codeBase="C:\Projekty\MSTestProject\bin\Debug\netcoreapp3.1\MSTestProject.dll" adapterTypeName="executor://mstestadapter/v2" className="TwojeWesele.Services.Helpers.Tests.CurrencyHelperTests" name="FormatToStringTest1000" />
    </UnitTest>
    <UnitTest name="FormatToStringTest1000 (24024.14691439557,24024.15 zł)" storage="c:\projekty\mstestproject\bin\debug\netcoreapp3.1\mstestproject.dll" id="7d2b347f-9ec7-4c6e-aadb-0b918197d2f3">
      <TestCategory>
        <TestCategoryItem TestCategory="Category1000" />
      </TestCategory>
      <Execution id="21433c10-c2dc-4396-a3f6-35f425f73036" />
      <TestMethod codeBase="C:\Projekty\MSTestProject\bin\Debug\netcoreapp3.1\MSTestProject.dll" adapterTypeName="executor://mstestadapter/v2" className="TwojeWesele.Services.Helpers.Tests.CurrencyHelperTests" name="FormatToStringTest1000" />
    </UnitTest>
    <UnitTest name="FormatToStringTest1000 (59283.48311990662,59283.48 zł)" storage="c:\projekty\mstestproject\bin\debug\netcoreapp3.1\mstestproject.dll" id="e8a6e62e-97ba-4df2-918d-9f52ed1d3dab">
      <TestCategory>
        <TestCategoryItem TestCategory="Category1000" />
      </TestCategory>
      <Execution id="0216e1d9-b478-4a5b-838d-c14187c64f58" />
      <TestMethod codeBase="C:\Projekty\MSTestProject\bin\Debug\netcoreapp3.1\MSTestProject.dll" adapterTypeName="executor://mstestadapter/v2" className="TwojeWesele.Services.Helpers.Tests.CurrencyHelperTests" name="FormatToStringTest1000" />
    </UnitTest>
    <UnitTest name="FormatToStringTest1000 (13092.45389243609,13092.45 zł)" storage="c:\projekty\mstestproject\bin\debug\netcoreapp3.1\mstestproject.dll" id="436d87a8-553d-4e44-8698-04e287a6f537">
      <TestCategory>
        <TestCategoryItem TestCategory="Category1000" />
      </TestCategory>
      <Execution id="58855cac-6301-4bdf-a4be-dcc9fabe8cee" />
      <TestMethod codeBase="C:\Projekty\MSTestProject\bin\Debug\netcoreapp3.1\MSTestProject.dll" adapterTypeName="executor://mstestadapter/v2" className="TwojeWesele.Services.Helpers.Tests.CurrencyHelperTests" name="FormatToStringTest1000" />
    </UnitTest>
    <UnitTest name="FormatToStringTest1000 (6665.405372488035,6665.41 zł)" storage="c:\projekty\mstestproject\bin\debug\netcoreapp3.1\mstestproject.dll" id="b5996d86-9467-4f5f-9d97-61ef35463470">
      <TestCategory>
        <TestCategoryItem TestCategory="Category1000" />
      </TestCategory>
      <Execution id="42bb820d-9c1b-4a6f-8dfb-5db30a18d50e" />
      <TestMethod codeBase="C:\Projekty\MSTestProject\bin\Debug\netcoreapp3.1\MSTestProject.dll" adapterTypeName="executor://mstestadapter/v2" className="TwojeWesele.Services.Helpers.Tests.CurrencyHelperTests" name="FormatToStringTest1000" />
    </UnitTest>
    <UnitTest name="FormatToStringTest1000 (36893.66238331593,36893.66 zł)" storage="c:\projekty\mstestproject\bin\debug\netcoreapp3.1\mstestproject.dll" id="aabf744c-2581-4e80-810d-47bdbc3287ac">
      <TestCategory>
        <TestCategoryItem TestCategory="Category1000" />
      </TestCategory>
      <Execution id="8208bc9c-4752-4bee-b9a3-456aa2b5418a" />
      <TestMethod codeBase="C:\Projekty\MSTestProject\bin\Debug\netcoreapp3.1\MSTestProject.dll" adapterTypeName="executor://mstestadapter/v2" className="TwojeWesele.Services.Helpers.Tests.CurrencyHelperTests" name="FormatToStringTest1000" />
    </UnitTest>
    <UnitTest name="FormatToStringTest1000 (1313.0279238368514,1313.03 zł)" storage="c:\projekty\mstestproject\bin\debug\netcoreapp3.1\mstestproject.dll" id="0b66093e-7829-4bcb-aa0a-ec64e35ca80c">
      <TestCategory>
        <TestCategoryItem TestCategory="Category1000" />
      </TestCategory>
      <Execution id="b013bb3f-92a6-45d7-b653-45add959ee05" />
      <TestMethod codeBase="C:\Projekty\MSTestProject\bin\Debug\netcoreapp3.1\MSTestProject.dll" adapterTypeName="executor://mstestadapter/v2" className="TwojeWesele.Services.Helpers.Tests.CurrencyHelperTests" name="FormatToStringTest1000" />
    </UnitTest>
    <UnitTest name="FormatToStringTest1000 (11584.045280779732,11584.05 zł)" storage="c:\projekty\mstestproject\bin\debug\netcoreapp3.1\mstestproject.dll" id="bd3e97f1-666a-43ed-948e-f80259c2b566">
      <TestCategory>
        <TestCategoryItem TestCategory="Category1000" />
      </TestCategory>
      <Execution id="d8f20b4f-8aa7-4059-8c52-fa71254e08d1" />
      <TestMethod codeBase="C:\Projekty\MSTestProject\bin\Debug\netcoreapp3.1\MSTestProject.dll" adapterTypeName="executor://mstestadapter/v2" className="TwojeWesele.Services.Helpers.Tests.CurrencyHelperTests" name="FormatToStringTest1000" />
    </UnitTest>
    <UnitTest name="FormatToStringTest1000 (6710.131197082871,6710.13 zł)" storage="c:\projekty\mstestproject\bin\debug\netcoreapp3.1\mstestproject.dll" id="f4c128de-df9c-4419-8b8a-94081f5d5721">
      <TestCategory>
        <TestCategoryItem TestCategory="Category1000" />
      </TestCategory>
      <Execution id="9a291c88-1516-473d-8b17-ac36a88ed5c0" />
      <TestMethod codeBase="C:\Projekty\MSTestProject\bin\Debug\netcoreapp3.1\MSTestProject.dll" adapterTypeName="executor://mstestadapter/v2" className="TwojeWesele.Services.Helpers.Tests.CurrencyHelperTests" name="FormatToStringTest1000" />
    </UnitTest>
    <UnitTest name="FormatToStringTest1000 (18596.12661189033,18596.13 zł)" storage="c:\projekty\mstestproject\bin\debug\netcoreapp3.1\mstestproject.dll" id="700546f2-2a31-4bb4-94f9-1923a0975a40">
      <TestCategory>
        <TestCategoryItem TestCategory="Category1000" />
      </TestCategory>
      <Execution id="132d9f24-2ca4-4028-8258-5ff17fab4854" />
      <TestMethod codeBase="C:\Projekty\MSTestProject\bin\Debug\netcoreapp3.1\MSTestProject.dll" adapterTypeName="executor://mstestadapter/v2" className="TwojeWesele.Services.Helpers.Tests.CurrencyHelperTests" name="FormatToStringTest1000" />
    </UnitTest>
    <UnitTest name="FormatToStringTest1000 (4094.6752323977066,4094.68 zł)" storage="c:\projekty\mstestproject\bin\debug\netcoreapp3.1\mstestproject.dll" id="9f3cdfae-ceff-4cde-9211-78ad83bdb935">
      <TestCategory>
        <TestCategoryItem TestCategory="Category1000" />
      </TestCategory>
      <Execution id="99df5b96-9ecb-4274-adb3-1a1a877396f6" />
      <TestMethod codeBase="C:\Projekty\MSTestProject\bin\Debug\netcoreapp3.1\MSTestProject.dll" adapterTypeName="executor://mstestadapter/v2" className="TwojeWesele.Services.Helpers.Tests.CurrencyHelperTests" name="FormatToStringTest1000" />
    </UnitTest>
    <UnitTest name="FormatToStringTest1000 (30360.993128030557,30360.99 zł)" storage="c:\projekty\mstestproject\bin\debug\netcoreapp3.1\mstestproject.dll" id="765fa88a-fd67-4b3a-8a32-6c641a5fa0c0">
      <TestCategory>
        <TestCategoryItem TestCategory="Category1000" />
      </TestCategory>
      <Execution id="a908e001-a3d5-4a9d-91de-e8b592fda2cc" />
      <TestMethod codeBase="C:\Projekty\MSTestProject\bin\Debug\netcoreapp3.1\MSTestProject.dll" adapterTypeName="executor://mstestadapter/v2" className="TwojeWesele.Services.Helpers.Tests.CurrencyHelperTests" name="FormatToStringTest1000" />
    </UnitTest>
    <UnitTest name="FormatToStringTest1000 (2444.4726240530017,2444.47 zł)" storage="c:\projekty\mstestproject\bin\debug\netcoreapp3.1\mstestproject.dll" id="8741d421-363a-410f-84ae-dc29bf4790db">
      <TestCategory>
        <TestCategoryItem TestCategory="Category1000" />
      </TestCategory>
      <Execution id="eef9dc88-e314-433f-89d7-003e93eb854b" />
      <TestMethod codeBase="C:\Projekty\MSTestProject\bin\Debug\netcoreapp3.1\MSTestProject.dll" adapterTypeName="executor://mstestadapter/v2" className="TwojeWesele.Services.Helpers.Tests.CurrencyHelperTests" name="FormatToStringTest1000" />
    </UnitTest>
    <UnitTest name="FormatToStringTest1000 (26686.08488193065,26686.08 zł)" storage="c:\projekty\mstestproject\bin\debug\netcoreapp3.1\mstestproject.dll" id="05172cbf-d1fa-44cd-a02b-bc875c1f95db">
      <TestCategory>
        <TestCategoryItem TestCategory="Category1000" />
      </TestCategory>
      <Execution id="d103c4ee-d756-42c2-8183-0244bcbdc2e2" />
      <TestMethod codeBase="C:\Projekty\MSTestProject\bin\Debug\netcoreapp3.1\MSTestProject.dll" adapterTypeName="executor://mstestadapter/v2" className="TwojeWesele.Services.Helpers.Tests.CurrencyHelperTests" name="FormatToStringTest1000" />
    </UnitTest>
    <UnitTest name="FormatToStringTest1000 (73151.83675918348,73151.84 zł)" storage="c:\projekty\mstestproject\bin\debug\netcoreapp3.1\mstestproject.dll" id="002d7fbb-df44-4e0f-b118-b045e2278514">
      <TestCategory>
        <TestCategoryItem TestCategory="Category1000" />
      </TestCategory>
      <Execution id="f0c94343-80f4-42d5-b749-29a5f8dece0c" />
      <TestMethod codeBase="C:\Projekty\MSTestProject\bin\Debug\netcoreapp3.1\MSTestProject.dll" adapterTypeName="executor://mstestadapter/v2" className="TwojeWesele.Services.Helpers.Tests.CurrencyHelperTests" name="FormatToStringTest1000" />
    </UnitTest>
    <UnitTest name="FormatToStringTest1000 (13745.115971449817,13745.12 zł)" storage="c:\projekty\mstestproject\bin\debug\netcoreapp3.1\mstestproject.dll" id="0bc9ef8c-5063-4941-a6fc-e49f4ba49e08">
      <TestCategory>
        <TestCategoryItem TestCategory="Category1000" />
      </TestCategory>
      <Execution id="f0863459-e60d-4021-88cd-6a320b979028" />
      <TestMethod codeBase="C:\Projekty\MSTestProject\bin\Debug\netcoreapp3.1\MSTestProject.dll" adapterTypeName="executor://mstestadapter/v2" className="TwojeWesele.Services.Helpers.Tests.CurrencyHelperTests" name="FormatToStringTest1000" />
    </UnitTest>
    <UnitTest name="FormatToStringTest1000 (5022.470719070859,5022.47 zł)" storage="c:\projekty\mstestproject\bin\debug\netcoreapp3.1\mstestproject.dll" id="02087a1c-1f3c-4a9b-a7d1-4ba16a313209">
      <TestCategory>
        <TestCategoryItem TestCategory="Category1000" />
      </TestCategory>
      <Execution id="866cae1c-be4c-48e4-9fd3-c6e97e0de2fd" />
      <TestMethod codeBase="C:\Projekty\MSTestProject\bin\Debug\netcoreapp3.1\MSTestProject.dll" adapterTypeName="executor://mstestadapter/v2" className="TwojeWesele.Services.Helpers.Tests.CurrencyHelperTests" name="FormatToStringTest1000" />
    </UnitTest>
    <UnitTest name="FormatToStringTest1000 (11958.422287871792,11958.42 zł)" storage="c:\projekty\mstestproject\bin\debug\netcoreapp3.1\mstestproject.dll" id="601c6f46-3cdd-48cc-a202-91f19cdf3bb3">
      <TestCategory>
        <TestCategoryItem TestCategory="Category1000" />
      </TestCategory>
      <Execution id="a59163bd-5931-4566-af10-69752529a5fc" />
      <TestMethod codeBase="C:\Projekty\MSTestProject\bin\Debug\netcoreapp3.1\MSTestProject.dll" adapterTypeName="executor://mstestadapter/v2" className="TwojeWesele.Services.Helpers.Tests.CurrencyHelperTests" name="FormatToStringTest1000" />
    </UnitTest>
    <UnitTest name="FormatToStringTest1000 (42728.35751444258,42728.36 zł)" storage="c:\projekty\mstestproject\bin\debug\netcoreapp3.1\mstestproject.dll" id="bd9b93e2-429c-42b5-a753-4d9ec9e054da">
      <TestCategory>
        <TestCategoryItem TestCategory="Category1000" />
      </TestCategory>
      <Execution id="47631273-eadf-4f0a-a3ee-05380c636734" />
      <TestMethod codeBase="C:\Projekty\MSTestProject\bin\Debug\netcoreapp3.1\MSTestProject.dll" adapterTypeName="executor://mstestadapter/v2" className="TwojeWesele.Services.Helpers.Tests.CurrencyHelperTests" name="FormatToStringTest1000" />
    </UnitTest>
    <UnitTest name="FormatToStringTest1000 (10397.404523554447,10397.40 zł)" storage="c:\projekty\mstestproject\bin\debug\netcoreapp3.1\mstestproject.dll" id="1ae8555c-9e44-4c18-89fe-1104231f1809">
      <TestCategory>
        <TestCategoryItem TestCategory="Category1000" />
      </TestCategory>
      <Execution id="6f3a537a-1687-4153-929d-074c42b491a8" />
      <TestMethod codeBase="C:\Projekty\MSTestProject\bin\Debug\netcoreapp3.1\MSTestProject.dll" adapterTypeName="executor://mstestadapter/v2" className="TwojeWesele.Services.Helpers.Tests.CurrencyHelperTests" name="FormatToStringTest1000" />
    </UnitTest>
    <UnitTest name="FormatToStringTest1000 (1474.699818629166,1474.70 zł)" storage="c:\projekty\mstestproject\bin\debug\netcoreapp3.1\mstestproject.dll" id="b44f04c8-d01e-4312-8337-f012cd5aa84a">
      <TestCategory>
        <TestCategoryItem TestCategory="Category1000" />
      </TestCategory>
      <Execution id="d70b8d43-dfc5-4e93-ad16-10358580a1e0" />
      <TestMethod codeBase="C:\Projekty\MSTestProject\bin\Debug\netcoreapp3.1\MSTestProject.dll" adapterTypeName="executor://mstestadapter/v2" className="TwojeWesele.Services.Helpers.Tests.CurrencyHelperTests" name="FormatToStringTest1000" />
    </UnitTest>
    <UnitTest name="FormatToStringTest1000 (20737.251994218328,20737.25 zł)" storage="c:\projekty\mstestproject\bin\debug\netcoreapp3.1\mstestproject.dll" id="0669b762-ae52-4670-8419-e6eff78eda6d">
      <TestCategory>
        <TestCategoryItem TestCategory="Category1000" />
      </TestCategory>
      <Execution id="44eea710-5727-4614-ae57-85fadfa70bb2" />
      <TestMethod codeBase="C:\Projekty\MSTestProject\bin\Debug\netcoreapp3.1\MSTestProject.dll" adapterTypeName="executor://mstestadapter/v2" className="TwojeWesele.Services.Helpers.Tests.CurrencyHelperTests" name="FormatToStringTest1000" />
    </UnitTest>
    <UnitTest name="FormatToStringTest1000 (13197.65136269417,13197.65 zł)" storage="c:\projekty\mstestproject\bin\debug\netcoreapp3.1\mstestproject.dll" id="82f3935c-650d-4389-a228-e0a8ea14e87b">
      <TestCategory>
        <TestCategoryItem TestCategory="Category1000" />
      </TestCategory>
      <Execution id="66f54146-df5f-4f59-ac5f-00d8cd6302bb" />
      <TestMethod codeBase="C:\Projekty\MSTestProject\bin\Debug\netcoreapp3.1\MSTestProject.dll" adapterTypeName="executor://mstestadapter/v2" className="TwojeWesele.Services.Helpers.Tests.CurrencyHelperTests" name="FormatToStringTest1000" />
    </UnitTest>
    <UnitTest name="FormatToStringTest1000 (2409.393997763001,2409.39 zł)" storage="c:\projekty\mstestproject\bin\debug\netcoreapp3.1\mstestproject.dll" id="4f072418-dd1b-4f6c-908b-338e1ba2a9e3">
      <TestCategory>
        <TestCategoryItem TestCategory="Category1000" />
      </TestCategory>
      <Execution id="70985b9f-eee9-4e79-8f7d-0107cd4a7554" />
      <TestMethod codeBase="C:\Projekty\MSTestProject\bin\Debug\netcoreapp3.1\MSTestProject.dll" adapterTypeName="executor://mstestadapter/v2" className="TwojeWesele.Services.Helpers.Tests.CurrencyHelperTests" name="FormatToStringTest1000" />
    </UnitTest>
    <UnitTest name="FormatToStringTest1000 (27942.393876474067,27942.39 zł)" storage="c:\projekty\mstestproject\bin\debug\netcoreapp3.1\mstestproject.dll" id="976196be-88de-4a27-90bf-2b8249533006">
      <TestCategory>
        <TestCategoryItem TestCategory="Category1000" />
      </TestCategory>
      <Execution id="23e3b6e4-be74-4f58-a156-52fd703080b2" />
      <TestMethod codeBase="C:\Projekty\MSTestProject\bin\Debug\netcoreapp3.1\MSTestProject.dll" adapterTypeName="executor://mstestadapter/v2" className="TwojeWesele.Services.Helpers.Tests.CurrencyHelperTests" name="FormatToStringTest1000" />
    </UnitTest>
    <UnitTest name="FormatToStringTest1000 (46391.661094229516,46391.66 zł)" storage="c:\projekty\mstestproject\bin\debug\netcoreapp3.1\mstestproject.dll" id="131e4d59-4882-4b56-b0f4-e18f58ff992e">
      <TestCategory>
        <TestCategoryItem TestCategory="Category1000" />
      </TestCategory>
      <Execution id="ff2e8232-ec25-42b2-afd1-f5895bfe8456" />
      <TestMethod codeBase="C:\Projekty\MSTestProject\bin\Debug\netcoreapp3.1\MSTestProject.dll" adapterTypeName="executor://mstestadapter/v2" className="TwojeWesele.Services.Helpers.Tests.CurrencyHelperTests" name="FormatToStringTest1000" />
    </UnitTest>
    <UnitTest name="FormatToStringTest1000 (16161.963229990548,16161.96 zł)" storage="c:\projekty\mstestproject\bin\debug\netcoreapp3.1\mstestproject.dll" id="c469455d-ad3a-4dca-b24b-9bef77adf4ed">
      <TestCategory>
        <TestCategoryItem TestCategory="Category1000" />
      </TestCategory>
      <Execution id="78fb986a-2005-4d61-b39b-5ea7801ec595" />
      <TestMethod codeBase="C:\Projekty\MSTestProject\bin\Debug\netcoreapp3.1\MSTestProject.dll" adapterTypeName="executor://mstestadapter/v2" className="TwojeWesele.Services.Helpers.Tests.CurrencyHelperTests" name="FormatToStringTest1000" />
    </UnitTest>
    <UnitTest name="FormatToStringTest1000 (16402.16316587206,16402.16 zł)" storage="c:\projekty\mstestproject\bin\debug\netcoreapp3.1\mstestproject.dll" id="e0d0e724-9d62-4c6e-983f-1f45fa56aa07">
      <TestCategory>
        <TestCategoryItem TestCategory="Category1000" />
      </TestCategory>
      <Execution id="1fb3cae8-3151-4930-b392-7c7cb6b4d0e1" />
      <TestMethod codeBase="C:\Projekty\MSTestProject\bin\Debug\netcoreapp3.1\MSTestProject.dll" adapterTypeName="executor://mstestadapter/v2" className="TwojeWesele.Services.Helpers.Tests.CurrencyHelperTests" name="FormatToStringTest1000" />
    </UnitTest>
    <UnitTest name="FormatToStringTest1000 (54275.73209373408,54275.73 zł)" storage="c:\projekty\mstestproject\bin\debug\netcoreapp3.1\mstestproject.dll" id="c4a9d547-d071-44e6-92f9-65e5054c5044">
      <TestCategory>
        <TestCategoryItem TestCategory="Category1000" />
      </TestCategory>
      <Execution id="08bfac46-58c3-4a1f-914d-af59a1815cab" />
      <TestMethod codeBase="C:\Projekty\MSTestProject\bin\Debug\netcoreapp3.1\MSTestProject.dll" adapterTypeName="executor://mstestadapter/v2" className="TwojeWesele.Services.Helpers.Tests.CurrencyHelperTests" name="FormatToStringTest1000" />
    </UnitTest>
    <UnitTest name="FormatToStringTest1000 (6864.093052674129,6864.09 zł)" storage="c:\projekty\mstestproject\bin\debug\netcoreapp3.1\mstestproject.dll" id="94a6c958-3de0-4a12-8d74-14118511e084">
      <TestCategory>
        <TestCategoryItem TestCategory="Category1000" />
      </TestCategory>
      <Execution id="0e2f2b9f-39bf-4b4c-a7df-6fa9500fd1cd" />
      <TestMethod codeBase="C:\Projekty\MSTestProject\bin\Debug\netcoreapp3.1\MSTestProject.dll" adapterTypeName="executor://mstestadapter/v2" className="TwojeWesele.Services.Helpers.Tests.CurrencyHelperTests" name="FormatToStringTest1000" />
    </UnitTest>
    <UnitTest name="FormatToStringTest1000 (35065.40267025652,35065.40 zł)" storage="c:\projekty\mstestproject\bin\debug\netcoreapp3.1\mstestproject.dll" id="406dcc56-4dee-4146-9755-4bc5b53fde88">
      <TestCategory>
        <TestCategoryItem TestCategory="Category1000" />
      </TestCategory>
      <Execution id="62de78a4-e24b-4eaa-91c0-768221c68a44" />
      <TestMethod codeBase="C:\Projekty\MSTestProject\bin\Debug\netcoreapp3.1\MSTestProject.dll" adapterTypeName="executor://mstestadapter/v2" className="TwojeWesele.Services.Helpers.Tests.CurrencyHelperTests" name="FormatToStringTest1000" />
    </UnitTest>
    <UnitTest name="FormatToStringTest1000 (8901.937138443784,8901.94 zł)" storage="c:\projekty\mstestproject\bin\debug\netcoreapp3.1\mstestproject.dll" id="d01468f5-594d-44bf-83bf-ff752dd15a6e">
      <TestCategory>
        <TestCategoryItem TestCategory="Category1000" />
      </TestCategory>
      <Execution id="5681e012-f952-4c04-a058-de06f188514d" />
      <TestMethod codeBase="C:\Projekty\MSTestProject\bin\Debug\netcoreapp3.1\MSTestProject.dll" adapterTypeName="executor://mstestadapter/v2" className="TwojeWesele.Services.Helpers.Tests.CurrencyHelperTests" name="FormatToStringTest1000" />
    </UnitTest>
    <UnitTest name="FormatToStringTest1000 (23662.291816162084,23662.29 zł)" storage="c:\projekty\mstestproject\bin\debug\netcoreapp3.1\mstestproject.dll" id="4d7aeca4-c612-476d-a094-40557f0ca8c8">
      <TestCategory>
        <TestCategoryItem TestCategory="Category1000" />
      </TestCategory>
      <Execution id="bcce7ee7-ab53-42c0-aa01-21c2f4a2da71" />
      <TestMethod codeBase="C:\Projekty\MSTestProject\bin\Debug\netcoreapp3.1\MSTestProject.dll" adapterTypeName="executor://mstestadapter/v2" className="TwojeWesele.Services.Helpers.Tests.CurrencyHelperTests" name="FormatToStringTest1000" />
    </UnitTest>
    <UnitTest name="FormatToStringTest1000 (7726.0074454499445,7726.01 zł)" storage="c:\projekty\mstestproject\bin\debug\netcoreapp3.1\mstestproject.dll" id="902722e3-f462-4a1f-a47c-11356af72449">
      <TestCategory>
        <TestCategoryItem TestCategory="Category1000" />
      </TestCategory>
      <Execution id="ebe52d07-9503-413e-b3e6-6d89725f24a4" />
      <TestMethod codeBase="C:\Projekty\MSTestProject\bin\Debug\netcoreapp3.1\MSTestProject.dll" adapterTypeName="executor://mstestadapter/v2" className="TwojeWesele.Services.Helpers.Tests.CurrencyHelperTests" name="FormatToStringTest1000" />
    </UnitTest>
    <UnitTest name="FormatToStringTest1000 (39531.95190033268,39531.95 zł)" storage="c:\projekty\mstestproject\bin\debug\netcoreapp3.1\mstestproject.dll" id="4b44540a-24da-44cf-9aee-e9454f9a51e2">
      <TestCategory>
        <TestCategoryItem TestCategory="Category1000" />
      </TestCategory>
      <Execution id="4b030bdf-60e6-4b92-8781-7d06fddd8f02" />
      <TestMethod codeBase="C:\Projekty\MSTestProject\bin\Debug\netcoreapp3.1\MSTestProject.dll" adapterTypeName="executor://mstestadapter/v2" className="TwojeWesele.Services.Helpers.Tests.CurrencyHelperTests" name="FormatToStringTest1000" />
    </UnitTest>
    <UnitTest name="FormatToStringTest1000 (13206.129467931636,13206.13 zł)" storage="c:\projekty\mstestproject\bin\debug\netcoreapp3.1\mstestproject.dll" id="4df41c66-f723-465a-a4a9-8756933315be">
      <TestCategory>
        <TestCategoryItem TestCategory="Category1000" />
      </TestCategory>
      <Execution id="81c3a4e3-3853-4c81-8179-0028d87e116f" />
      <TestMethod codeBase="C:\Projekty\MSTestProject\bin\Debug\netcoreapp3.1\MSTestProject.dll" adapterTypeName="executor://mstestadapter/v2" className="TwojeWesele.Services.Helpers.Tests.CurrencyHelperTests" name="FormatToStringTest1000" />
    </UnitTest>
    <UnitTest name="FormatToStringTest1000 (70149.17842025738,70149.18 zł)" storage="c:\projekty\mstestproject\bin\debug\netcoreapp3.1\mstestproject.dll" id="afe2777a-8a6b-4c89-9fe8-b5ad48597043">
      <TestCategory>
        <TestCategoryItem TestCategory="Category1000" />
      </TestCategory>
      <Execution id="fd331061-9d0c-4280-94d4-b5f1e89c4f0d" />
      <TestMethod codeBase="C:\Projekty\MSTestProject\bin\Debug\netcoreapp3.1\MSTestProject.dll" adapterTypeName="executor://mstestadapter/v2" className="TwojeWesele.Services.Helpers.Tests.CurrencyHelperTests" name="FormatToStringTest1000" />
    </UnitTest>
    <UnitTest name="FormatToStringTest1000 (15669.698889610218,15669.70 zł)" storage="c:\projekty\mstestproject\bin\debug\netcoreapp3.1\mstestproject.dll" id="ae86d7ad-3488-42b8-a42a-b47b493a2581">
      <TestCategory>
        <TestCategoryItem TestCategory="Category1000" />
      </TestCategory>
      <Execution id="75e64760-dfc9-4eb1-aa86-6054f2af453b" />
      <TestMethod codeBase="C:\Projekty\MSTestProject\bin\Debug\netcoreapp3.1\MSTestProject.dll" adapterTypeName="executor://mstestadapter/v2" className="TwojeWesele.Services.Helpers.Tests.CurrencyHelperTests" name="FormatToStringTest1000" />
    </UnitTest>
    <UnitTest name="FormatToStringTest1000 (4898.699005344277,4898.70 zł)" storage="c:\projekty\mstestproject\bin\debug\netcoreapp3.1\mstestproject.dll" id="cfdf8242-b324-4ad5-8adb-9ce78aa3a4af">
      <TestCategory>
        <TestCategoryItem TestCategory="Category1000" />
      </TestCategory>
      <Execution id="4d1d36bb-8abf-4b36-a968-62d61a6cfce9" />
      <TestMethod codeBase="C:\Projekty\MSTestProject\bin\Debug\netcoreapp3.1\MSTestProject.dll" adapterTypeName="executor://mstestadapter/v2" className="TwojeWesele.Services.Helpers.Tests.CurrencyHelperTests" name="FormatToStringTest1000" />
    </UnitTest>
    <UnitTest name="FormatToStringTest1000 (11944.74385168531,11944.74 zł)" storage="c:\projekty\mstestproject\bin\debug\netcoreapp3.1\mstestproject.dll" id="d122b208-560f-4a7e-beb6-d944d19fce95">
      <TestCategory>
        <TestCategoryItem TestCategory="Category1000" />
      </TestCategory>
      <Execution id="b0e7c13b-0f1e-4a77-a14a-f008022a9aa4" />
      <TestMethod codeBase="C:\Projekty\MSTestProject\bin\Debug\netcoreapp3.1\MSTestProject.dll" adapterTypeName="executor://mstestadapter/v2" className="TwojeWesele.Services.Helpers.Tests.CurrencyHelperTests" name="FormatToStringTest1000" />
    </UnitTest>
    <UnitTest name="FormatToStringTest1000 (70771.4436677524,70771.44 zł)" storage="c:\projekty\mstestproject\bin\debug\netcoreapp3.1\mstestproject.dll" id="b3db0c1f-7d6d-422e-908d-5a887e11d0f5">
      <TestCategory>
        <TestCategoryItem TestCategory="Category1000" />
      </TestCategory>
      <Execution id="abf8ec9d-4ece-47fb-b560-5ca811414046" />
      <TestMethod codeBase="C:\Projekty\MSTestProject\bin\Debug\netcoreapp3.1\MSTestProject.dll" adapterTypeName="executor://mstestadapter/v2" className="TwojeWesele.Services.Helpers.Tests.CurrencyHelperTests" name="FormatToStringTest1000" />
    </UnitTest>
    <UnitTest name="FormatToStringTest1000 (55782.67998761762,55782.68 zł)" storage="c:\projekty\mstestproject\bin\debug\netcoreapp3.1\mstestproject.dll" id="9a077951-b24a-449b-8d9d-b045b77dea2d">
      <TestCategory>
        <TestCategoryItem TestCategory="Category1000" />
      </TestCategory>
      <Execution id="cb548c7d-8929-4843-9d6f-de70479bd39f" />
      <TestMethod codeBase="C:\Projekty\MSTestProject\bin\Debug\netcoreapp3.1\MSTestProject.dll" adapterTypeName="executor://mstestadapter/v2" className="TwojeWesele.Services.Helpers.Tests.CurrencyHelperTests" name="FormatToStringTest1000" />
    </UnitTest>
    <UnitTest name="FormatToStringTest1000 (55030.929183896136,55030.93 zł)" storage="c:\projekty\mstestproject\bin\debug\netcoreapp3.1\mstestproject.dll" id="a2207393-d33f-4deb-9965-364fc25a1017">
      <TestCategory>
        <TestCategoryItem TestCategory="Category1000" />
      </TestCategory>
      <Execution id="5226af89-e31f-45f9-80ac-58550df91ea9" />
      <TestMethod codeBase="C:\Projekty\MSTestProject\bin\Debug\netcoreapp3.1\MSTestProject.dll" adapterTypeName="executor://mstestadapter/v2" className="TwojeWesele.Services.Helpers.Tests.CurrencyHelperTests" name="FormatToStringTest1000" />
    </UnitTest>
    <UnitTest name="FormatToStringTest1000 (29539.32303995328,29539.32 zł)" storage="c:\projekty\mstestproject\bin\debug\netcoreapp3.1\mstestproject.dll" id="e8d76ca3-d672-4e28-8147-50bdae79959e">
      <TestCategory>
        <TestCategoryItem TestCategory="Category1000" />
      </TestCategory>
      <Execution id="0e37c826-73b6-49c5-8ca4-966a7dc26668" />
      <TestMethod codeBase="C:\Projekty\MSTestProject\bin\Debug\netcoreapp3.1\MSTestProject.dll" adapterTypeName="executor://mstestadapter/v2" className="TwojeWesele.Services.Helpers.Tests.CurrencyHelperTests" name="FormatToStringTest1000" />
    </UnitTest>
    <UnitTest name="FormatToStringTest1000 (10965.74607995746,10965.75 zł)" storage="c:\projekty\mstestproject\bin\debug\netcoreapp3.1\mstestproject.dll" id="aafbaa31-574f-4128-8925-157c1d65f26d">
      <TestCategory>
        <TestCategoryItem TestCategory="Category1000" />
      </TestCategory>
      <Execution id="3ec63ef9-3ca6-4148-b502-d2c51fc5ca6a" />
      <TestMethod codeBase="C:\Projekty\MSTestProject\bin\Debug\netcoreapp3.1\MSTestProject.dll" adapterTypeName="executor://mstestadapter/v2" className="TwojeWesele.Services.Helpers.Tests.CurrencyHelperTests" name="FormatToStringTest1000" />
    </UnitTest>
    <UnitTest name="FormatToStringTest1000 (35714.78133482243,35714.78 zł)" storage="c:\projekty\mstestproject\bin\debug\netcoreapp3.1\mstestproject.dll" id="ca73d96c-8e17-4f05-a38e-9369c5a34672">
      <TestCategory>
        <TestCategoryItem TestCategory="Category1000" />
      </TestCategory>
      <Execution id="99921af2-434f-49dd-ab2b-bdb96d42165f" />
      <TestMethod codeBase="C:\Projekty\MSTestProject\bin\Debug\netcoreapp3.1\MSTestProject.dll" adapterTypeName="executor://mstestadapter/v2" className="TwojeWesele.Services.Helpers.Tests.CurrencyHelperTests" name="FormatToStringTest1000" />
    </UnitTest>
    <UnitTest name="FormatToStringTest1000 (15080.274618567097,15080.27 zł)" storage="c:\projekty\mstestproject\bin\debug\netcoreapp3.1\mstestproject.dll" id="e38d9f57-dff3-424e-af4c-90641582ea62">
      <TestCategory>
        <TestCategoryItem TestCategory="Category1000" />
      </TestCategory>
      <Execution id="a53b91db-322d-40cc-addc-16671acb44e8" />
      <TestMethod codeBase="C:\Projekty\MSTestProject\bin\Debug\netcoreapp3.1\MSTestProject.dll" adapterTypeName="executor://mstestadapter/v2" className="TwojeWesele.Services.Helpers.Tests.CurrencyHelperTests" name="FormatToStringTest1000" />
    </UnitTest>
    <UnitTest name="FormatToStringTest1000 (6915.421130504656,6915.42 zł)" storage="c:\projekty\mstestproject\bin\debug\netcoreapp3.1\mstestproject.dll" id="95fc1b5c-e359-47a5-8c9a-cc368eebe1c2">
      <TestCategory>
        <TestCategoryItem TestCategory="Category1000" />
      </TestCategory>
      <Execution id="a8796ca1-bd80-4618-879e-3834c98056c0" />
      <TestMethod codeBase="C:\Projekty\MSTestProject\bin\Debug\netcoreapp3.1\MSTestProject.dll" adapterTypeName="executor://mstestadapter/v2" className="TwojeWesele.Services.Helpers.Tests.CurrencyHelperTests" name="FormatToStringTest1000" />
    </UnitTest>
    <UnitTest name="FormatToStringTest1000 (468.83385119346616,468.83 zł)" storage="c:\projekty\mstestproject\bin\debug\netcoreapp3.1\mstestproject.dll" id="3125999a-6dbd-4eb3-9ea3-e1e8c1841c18">
      <TestCategory>
        <TestCategoryItem TestCategory="Category1000" />
      </TestCategory>
      <Execution id="fb1002b1-eae2-490b-98d5-3e7d5ec89bb8" />
      <TestMethod codeBase="C:\Projekty\MSTestProject\bin\Debug\netcoreapp3.1\MSTestProject.dll" adapterTypeName="executor://mstestadapter/v2" className="TwojeWesele.Services.Helpers.Tests.CurrencyHelperTests" name="FormatToStringTest1000" />
    </UnitTest>
    <UnitTest name="FormatToStringTest1000 (743.047944508981,743.05 zł)" storage="c:\projekty\mstestproject\bin\debug\netcoreapp3.1\mstestproject.dll" id="a6e9e1a5-528b-473b-89fd-3da9857c6a63">
      <TestCategory>
        <TestCategoryItem TestCategory="Category1000" />
      </TestCategory>
      <Execution id="8e4e6715-6ed9-407b-ab3f-6a4ec4562428" />
      <TestMethod codeBase="C:\Projekty\MSTestProject\bin\Debug\netcoreapp3.1\MSTestProject.dll" adapterTypeName="executor://mstestadapter/v2" className="TwojeWesele.Services.Helpers.Tests.CurrencyHelperTests" name="FormatToStringTest1000" />
    </UnitTest>
    <UnitTest name="FormatToStringTest1000 (9750.134289915735,9750.13 zł)" storage="c:\projekty\mstestproject\bin\debug\netcoreapp3.1\mstestproject.dll" id="6e20b3bc-cf00-4ae0-a940-f26ac2f432cd">
      <TestCategory>
        <TestCategoryItem TestCategory="Category1000" />
      </TestCategory>
      <Execution id="a81f5736-c859-46bc-a919-afd54c370fb4" />
      <TestMethod codeBase="C:\Projekty\MSTestProject\bin\Debug\netcoreapp3.1\MSTestProject.dll" adapterTypeName="executor://mstestadapter/v2" className="TwojeWesele.Services.Helpers.Tests.CurrencyHelperTests" name="FormatToStringTest1000" />
    </UnitTest>
    <UnitTest name="FormatToStringTest1000 (3030.9461949132133,3030.95 zł)" storage="c:\projekty\mstestproject\bin\debug\netcoreapp3.1\mstestproject.dll" id="9588cd24-e0dc-4e1d-9fa9-7956cc8e7f3a">
      <TestCategory>
        <TestCategoryItem TestCategory="Category1000" />
      </TestCategory>
      <Execution id="3afc9501-c4f7-47a5-98f4-9ec30dccf937" />
      <TestMethod codeBase="C:\Projekty\MSTestProject\bin\Debug\netcoreapp3.1\MSTestProject.dll" adapterTypeName="executor://mstestadapter/v2" className="TwojeWesele.Services.Helpers.Tests.CurrencyHelperTests" name="FormatToStringTest1000" />
    </UnitTest>
    <UnitTest name="FormatToStringTest1000 (86.89546322771136,86.90 zł)" storage="c:\projekty\mstestproject\bin\debug\netcoreapp3.1\mstestproject.dll" id="a465695c-9515-40fa-955e-4980bb64ff2b">
      <TestCategory>
        <TestCategoryItem TestCategory="Category1000" />
      </TestCategory>
      <Execution id="7661b121-107b-4a14-a1a3-d0c0669ccfa7" />
      <TestMethod codeBase="C:\Projekty\MSTestProject\bin\Debug\netcoreapp3.1\MSTestProject.dll" adapterTypeName="executor://mstestadapter/v2" className="TwojeWesele.Services.Helpers.Tests.CurrencyHelperTests" name="FormatToStringTest1000" />
    </UnitTest>
    <UnitTest name="FormatToStringTest1000 (59283.7670322637,59283.77 zł)" storage="c:\projekty\mstestproject\bin\debug\netcoreapp3.1\mstestproject.dll" id="b73dbd78-2285-4f99-9ecf-40488e1e809c">
      <TestCategory>
        <TestCategoryItem TestCategory="Category1000" />
      </TestCategory>
      <Execution id="dda3a1f1-fb0d-42c8-8d25-2e0a79657c3a" />
      <TestMethod codeBase="C:\Projekty\MSTestProject\bin\Debug\netcoreapp3.1\MSTestProject.dll" adapterTypeName="executor://mstestadapter/v2" className="TwojeWesele.Services.Helpers.Tests.CurrencyHelperTests" name="FormatToStringTest1000" />
    </UnitTest>
    <UnitTest name="FormatToStringTest1000 (12831.146874380833,12831.15 zł)" storage="c:\projekty\mstestproject\bin\debug\netcoreapp3.1\mstestproject.dll" id="6a914d97-6d1e-423b-9bcd-251c9db1c39c">
      <TestCategory>
        <TestCategoryItem TestCategory="Category1000" />
      </TestCategory>
      <Execution id="47c5087d-33c1-4c89-8cf9-9a6cb45b1ad3" />
      <TestMethod codeBase="C:\Projekty\MSTestProject\bin\Debug\netcoreapp3.1\MSTestProject.dll" adapterTypeName="executor://mstestadapter/v2" className="TwojeWesele.Services.Helpers.Tests.CurrencyHelperTests" name="FormatToStringTest1000" />
    </UnitTest>
    <UnitTest name="FormatToStringTest1000 (36047.83545033672,36047.84 zł)" storage="c:\projekty\mstestproject\bin\debug\netcoreapp3.1\mstestproject.dll" id="e0614913-c91e-4402-bd00-a8536c4ccf1e">
      <TestCategory>
        <TestCategoryItem TestCategory="Category1000" />
      </TestCategory>
      <Execution id="8e321b19-085f-413f-83e9-6c1d39900e2a" />
      <TestMethod codeBase="C:\Projekty\MSTestProject\bin\Debug\netcoreapp3.1\MSTestProject.dll" adapterTypeName="executor://mstestadapter/v2" className="TwojeWesele.Services.Helpers.Tests.CurrencyHelperTests" name="FormatToStringTest1000" />
    </UnitTest>
    <UnitTest name="FormatToStringTest1000 (2339.5873176472205,2339.59 zł)" storage="c:\projekty\mstestproject\bin\debug\netcoreapp3.1\mstestproject.dll" id="73c09bfb-6a6b-4703-843a-58b7135694d5">
      <TestCategory>
        <TestCategoryItem TestCategory="Category1000" />
      </TestCategory>
      <Execution id="2fe9b5b8-31ca-42a6-8e27-b2ea07745906" />
      <TestMethod codeBase="C:\Projekty\MSTestProject\bin\Debug\netcoreapp3.1\MSTestProject.dll" adapterTypeName="executor://mstestadapter/v2" className="TwojeWesele.Services.Helpers.Tests.CurrencyHelperTests" name="FormatToStringTest1000" />
    </UnitTest>
    <UnitTest name="FormatToStringTest1000 (5548.360986085777,5548.36 zł)" storage="c:\projekty\mstestproject\bin\debug\netcoreapp3.1\mstestproject.dll" id="5726b124-ab1d-47fa-98de-8cd3d2e86348">
      <TestCategory>
        <TestCategoryItem TestCategory="Category1000" />
      </TestCategory>
      <Execution id="075857eb-6a0e-4313-8318-3d72aea829e5" />
      <TestMethod codeBase="C:\Projekty\MSTestProject\bin\Debug\netcoreapp3.1\MSTestProject.dll" adapterTypeName="executor://mstestadapter/v2" className="TwojeWesele.Services.Helpers.Tests.CurrencyHelperTests" name="FormatToStringTest1000" />
    </UnitTest>
    <UnitTest name="FormatToStringTest1000 (55457.96873490278,55457.97 zł)" storage="c:\projekty\mstestproject\bin\debug\netcoreapp3.1\mstestproject.dll" id="a4f73da7-4e79-4af4-b52d-a78b4993360d">
      <TestCategory>
        <TestCategoryItem TestCategory="Category1000" />
      </TestCategory>
      <Execution id="d533172f-c99c-4f38-b868-2652d9311873" />
      <TestMethod codeBase="C:\Projekty\MSTestProject\bin\Debug\netcoreapp3.1\MSTestProject.dll" adapterTypeName="executor://mstestadapter/v2" className="TwojeWesele.Services.Helpers.Tests.CurrencyHelperTests" name="FormatToStringTest1000" />
    </UnitTest>
  </TestDefinitions>
  <TestEntries>
    <TestEntry testId="4f209283-1605-4fc9-a1ea-36af17008757" executionId="e59e89e1-e128-489b-9e14-18a101e458c8" testListId="8c84fa94-04c1-424b-9868-57a2d4851a1d" />
    <TestEntry testId="81326c4e-2e82-46ed-b2a6-4e7970beff22" executionId="7aad139b-fe02-4b03-9b44-3aa48c25162f" testListId="8c84fa94-04c1-424b-9868-57a2d4851a1d" />
    <TestEntry testId="6ea0ff70-7e39-4be0-b7e4-d75ac0014912" executionId="db2fc1bf-ab27-41be-a8ae-48ebadb2baa5" testListId="8c84fa94-04c1-424b-9868-57a2d4851a1d" />
    <TestEntry testId="1f1f6da9-b471-4ffd-97ad-95c33aee1e00" executionId="64661a6b-4fa5-4aa6-9735-5c77cf2274d8" testListId="8c84fa94-04c1-424b-9868-57a2d4851a1d" />
    <TestEntry testId="7c7b6bb4-729d-4a7a-8711-5f67c0061b49" executionId="95fb3548-790b-4e05-a66e-021f7914f9f1" testListId="8c84fa94-04c1-424b-9868-57a2d4851a1d" />
    <TestEntry testId="a40d5b17-f55c-4f0a-a8d8-32a37dd2e9ca" executionId="f6d8dabd-8146-44c5-813e-c8b9686dc97b" testListId="8c84fa94-04c1-424b-9868-57a2d4851a1d" />
    <TestEntry testId="fd0090ef-069b-4038-8b79-bc5a41ddedb5" executionId="3757457c-61d4-43ab-9398-a5117aaade79" testListId="8c84fa94-04c1-424b-9868-57a2d4851a1d" />
    <TestEntry testId="e0c0f274-5933-4fb6-8625-9d715a7fb7d9" executionId="0cff1d9f-80e2-4f08-8293-ed0f6b204f85" testListId="8c84fa94-04c1-424b-9868-57a2d4851a1d" />
    <TestEntry testId="5d0d4f1d-2cf5-4944-8cd1-62be06b968bc" executionId="8f723ce0-24cc-4c76-85c7-476df822367c" testListId="8c84fa94-04c1-424b-9868-57a2d4851a1d" />
    <TestEntry testId="d6113f06-17ab-441a-abd6-0da37e68a9f9" executionId="1935350f-ff67-4a3e-94dc-ef7190742e23" testListId="8c84fa94-04c1-424b-9868-57a2d4851a1d" />
    <TestEntry testId="f17d9aff-a552-41c5-804e-6e2cb5aaaedb" executionId="2d3d25f2-caec-4893-9abe-7754986b9ff9" testListId="8c84fa94-04c1-424b-9868-57a2d4851a1d" />
    <TestEntry testId="a74cccdd-ea7c-49d3-aab1-c7be6e4119d1" executionId="e4c8e18e-73e8-4740-a3c0-603357f7a64d" testListId="8c84fa94-04c1-424b-9868-57a2d4851a1d" />
    <TestEntry testId="fa060fa4-778b-45a0-abe8-0aa56a016b9e" executionId="682f7d1f-9ec4-47c5-b1fa-c0be0cc04083" testListId="8c84fa94-04c1-424b-9868-57a2d4851a1d" />
    <TestEntry testId="b44f04c8-d01e-4312-8337-f012cd5aa84a" executionId="d70b8d43-dfc5-4e93-ad16-10358580a1e0" testListId="8c84fa94-04c1-424b-9868-57a2d4851a1d" />
    <TestEntry testId="28a87896-4af9-4c0c-b724-3f48e163fcee" executionId="4526febb-b309-422c-ba03-4c98ffbef6eb" testListId="8c84fa94-04c1-424b-9868-57a2d4851a1d" />
    <TestEntry testId="8138a58f-cfda-4167-853c-1b4de9ffdc8f" executionId="59fe4a68-2bc1-482c-9e32-9d46e6965b0c" testListId="8c84fa94-04c1-424b-9868-57a2d4851a1d" />
    <TestEntry testId="32a45b46-008e-426d-993d-ecd03c25b770" executionId="ba0e2fbe-d8f5-4704-87d6-cb7822c571b7" testListId="8c84fa94-04c1-424b-9868-57a2d4851a1d" />
    <TestEntry testId="a465695c-9515-40fa-955e-4980bb64ff2b" executionId="7661b121-107b-4a14-a1a3-d0c0669ccfa7" testListId="8c84fa94-04c1-424b-9868-57a2d4851a1d" />
    <TestEntry testId="0d3e182f-5075-4c8b-baeb-3e2fa035f4df" executionId="91e3a729-e023-4c91-ad1c-a28b572fb54c" testListId="8c84fa94-04c1-424b-9868-57a2d4851a1d" />
    <TestEntry testId="adbc1a7a-ca94-4150-90a0-1f616b423b98" executionId="cfeac924-b8ea-4b70-ac8e-ea9611956ecf" testListId="8c84fa94-04c1-424b-9868-57a2d4851a1d" />
    <TestEntry testId="0669b762-ae52-4670-8419-e6eff78eda6d" executionId="44eea710-5727-4614-ae57-85fadfa70bb2" testListId="8c84fa94-04c1-424b-9868-57a2d4851a1d" />
    <TestEntry testId="e8a6e62e-97ba-4df2-918d-9f52ed1d3dab" executionId="0216e1d9-b478-4a5b-838d-c14187c64f58" testListId="8c84fa94-04c1-424b-9868-57a2d4851a1d" />
    <TestEntry testId="2ff86583-bea5-4fbf-945b-00d39f866c35" executionId="8dbeac2d-3b4e-436a-99e4-1f4aaa87111e" testListId="8c84fa94-04c1-424b-9868-57a2d4851a1d" />
    <TestEntry testId="ea68c6d8-4c29-415d-8c50-e18d3f061bfe" executionId="efcb5377-6a71-430d-a1e3-240b6493ee12" testListId="8c84fa94-04c1-424b-9868-57a2d4851a1d" />
    <TestEntry testId="557d02a9-5140-463f-a300-4b95cdf2c4bc" executionId="6467f843-0dce-4247-8a1c-c983c76cba61" testListId="8c84fa94-04c1-424b-9868-57a2d4851a1d" />
    <TestEntry testId="db2e774e-59b7-4d17-8992-3373bd11385f" executionId="70b5a7f3-5f5e-4403-9400-a3463ab1ccb8" testListId="8c84fa94-04c1-424b-9868-57a2d4851a1d" />
    <TestEntry testId="d2bb160a-57ef-4477-8461-1dc7847087e6" executionId="f0d5f010-bede-4b6b-ad3e-0bf4c2adf09c" testListId="8c84fa94-04c1-424b-9868-57a2d4851a1d" />
    <TestEntry testId="64b6064c-8ec7-492d-9f4a-231070982ce0" executionId="4b3cf068-784d-4d3b-a032-ca7a34f7b2fe" testListId="8c84fa94-04c1-424b-9868-57a2d4851a1d" />
    <TestEntry testId="af61f99f-a913-485c-b3eb-66e9f57fb41c" executionId="4bc32072-0d55-4f5f-9dfc-c17238064213" testListId="8c84fa94-04c1-424b-9868-57a2d4851a1d" />
    <TestEntry testId="d33778c0-5a53-4e86-bbe8-ce1dc1c642b2" executionId="2d078e5b-d369-4641-8eab-ec9074a9259a" testListId="8c84fa94-04c1-424b-9868-57a2d4851a1d" />
    <TestEntry testId="6d755d59-3b34-409e-806c-2ed220e17d08" executionId="03684f74-0f7f-4018-bb53-467cc9e8bee2" testListId="8c84fa94-04c1-424b-9868-57a2d4851a1d" />
    <TestEntry testId="bc27e27b-2cd6-4cc4-8db3-a134f3133539" executionId="24168dfd-031e-45f6-979c-68d5adf876b5" testListId="8c84fa94-04c1-424b-9868-57a2d4851a1d" />
    <TestEntry testId="1dcc1c2f-9bc9-4d2f-86b5-d06420121e0b" executionId="d94b9e38-cab0-455e-adf9-8b3e4910f9bb" testListId="8c84fa94-04c1-424b-9868-57a2d4851a1d" />
    <TestEntry testId="05c0a85a-29e8-48f1-9ad1-649d7b1ea291" executionId="4fff2fde-8b6d-4252-9245-d445ffaa1c64" testListId="8c84fa94-04c1-424b-9868-57a2d4851a1d" />
    <TestEntry testId="bb5013cb-7d18-4425-8ae6-4a08d3a3b5bc" executionId="846b13b5-6958-46b2-a106-b0defe6f9e07" testListId="8c84fa94-04c1-424b-9868-57a2d4851a1d" />
    <TestEntry testId="2cc81609-af64-406d-8f49-cc135149320f" executionId="63da131b-8b5a-4564-a92f-ede3035cad3b" testListId="8c84fa94-04c1-424b-9868-57a2d4851a1d" />
    <TestEntry testId="3b6b2e55-e5ea-49ce-ac96-210344a0558a" executionId="83735fb4-cc86-4308-8a53-6925c6eed664" testListId="8c84fa94-04c1-424b-9868-57a2d4851a1d" />
    <TestEntry testId="59225e1a-25d9-4ec8-96ac-b805780fdc2c" executionId="d1104c0b-cd32-4494-adfe-a86c0a52823a" testListId="8c84fa94-04c1-424b-9868-57a2d4851a1d" />
    <TestEntry testId="de7fc788-c64e-4bf9-a138-ad9906e6f8d5" executionId="63c6452b-fb44-474c-b754-fd72e16ef63f" testListId="8c84fa94-04c1-424b-9868-57a2d4851a1d" />
    <TestEntry testId="3d54f353-eb58-4bbb-970c-ea31b5937237" executionId="dd5128f4-95c4-4a84-913f-1e0eeb9f2d61" testListId="8c84fa94-04c1-424b-9868-57a2d4851a1d" />
    <TestEntry testId="b3db0c1f-7d6d-422e-908d-5a887e11d0f5" executionId="abf8ec9d-4ece-47fb-b560-5ca811414046" testListId="8c84fa94-04c1-424b-9868-57a2d4851a1d" />
    <TestEntry testId="f6cde040-fa37-4ab2-8baa-512badb0a566" executionId="32fa6ecb-13f4-4359-b8d2-4317217eb4d2" testListId="8c84fa94-04c1-424b-9868-57a2d4851a1d" />
    <TestEntry testId="5c67f8c9-81ca-463b-bb9c-6ccbbea9b291" executionId="a7434908-1f9f-4d57-bad1-a3b3a54e1012" testListId="8c84fa94-04c1-424b-9868-57a2d4851a1d" />
    <TestEntry testId="c1fd5630-76ca-481a-b45b-13df0c047387" executionId="73848e8e-8ee6-40c8-88a5-0c0cda269b79" testListId="8c84fa94-04c1-424b-9868-57a2d4851a1d" />
    <TestEntry testId="29a43b83-0fa3-41b3-a3bb-518a10fcf816" executionId="6bf22f43-c273-4e55-a934-bead5e9017d3" testListId="8c84fa94-04c1-424b-9868-57a2d4851a1d" />
    <TestEntry testId="87e2fa89-eacd-463d-ab50-fba1150ac455" executionId="f8034362-3a54-437a-9421-14a35b9d353d" testListId="8c84fa94-04c1-424b-9868-57a2d4851a1d" />
    <TestEntry testId="abd6b416-91cb-4322-81c1-f88a7abbc796" executionId="8d38ab00-ca92-41a8-a431-da22b18ed2dd" testListId="8c84fa94-04c1-424b-9868-57a2d4851a1d" />
    <TestEntry testId="fef58c8b-0bb9-4aad-9652-67750b62e22a" executionId="0c55f255-9220-4f2a-9a8a-9e4f7852e4ed" testListId="8c84fa94-04c1-424b-9868-57a2d4851a1d" />
    <TestEntry testId="fc819454-1d04-44ce-906f-26bc4647c09c" executionId="4b98f7c1-8195-432c-85d0-b1717ef808f2" testListId="8c84fa94-04c1-424b-9868-57a2d4851a1d" />
    <TestEntry testId="b1fc2ff7-546c-4e2a-aca9-c703ad9e0751" executionId="4ffbfea0-1260-432f-9dac-b140feff1853" testListId="8c84fa94-04c1-424b-9868-57a2d4851a1d" />
    <TestEntry testId="363bc344-f7d9-4882-9aab-b3e4ca5b0ce6" executionId="a5d66627-d914-41ae-b10e-953100d86c12" testListId="8c84fa94-04c1-424b-9868-57a2d4851a1d" />
    <TestEntry testId="9588cd24-e0dc-4e1d-9fa9-7956cc8e7f3a" executionId="3afc9501-c4f7-47a5-98f4-9ec30dccf937" testListId="8c84fa94-04c1-424b-9868-57a2d4851a1d" />
    <TestEntry testId="21f05c71-98b9-4a38-95f4-13242a8c82c9" executionId="36b223c7-118e-4dbd-9cc5-ad9b343e11d8" testListId="8c84fa94-04c1-424b-9868-57a2d4851a1d" />
    <TestEntry testId="b52dd752-1183-44d3-b203-30931d038347" executionId="f60bd0c1-dc24-4057-a01a-b03f1fd811d2" testListId="8c84fa94-04c1-424b-9868-57a2d4851a1d" />
    <TestEntry testId="8351a547-3ea7-4d5c-afa1-6328808298b4" executionId="f30b47f0-0e26-4878-bef4-9b062f4a3e67" testListId="8c84fa94-04c1-424b-9868-57a2d4851a1d" />
    <TestEntry testId="95f2e438-00c9-4794-99aa-37c45fb246bd" executionId="e2c6b094-1e0e-4284-bf69-1c205bf6eaee" testListId="8c84fa94-04c1-424b-9868-57a2d4851a1d" />
    <TestEntry testId="54465e8b-0c3d-4ae5-9849-8830c460555b" executionId="b6fda4e2-3c36-49a7-b528-9a395444bccb" testListId="8c84fa94-04c1-424b-9868-57a2d4851a1d" />
    <TestEntry testId="c390ac86-4641-409a-8bd6-24210b74422b" executionId="c183d3b5-3900-456a-984a-98890d2d878b" testListId="8c84fa94-04c1-424b-9868-57a2d4851a1d" />
    <TestEntry testId="834ae33b-d5b5-42c0-97f6-df3ad2ba5f34" executionId="2ddc0249-001c-4981-a1ac-fe8ae94c6260" testListId="8c84fa94-04c1-424b-9868-57a2d4851a1d" />
    <TestEntry testId="6e20b3bc-cf00-4ae0-a940-f26ac2f432cd" executionId="a81f5736-c859-46bc-a919-afd54c370fb4" testListId="8c84fa94-04c1-424b-9868-57a2d4851a1d" />
    <TestEntry testId="f1f5b119-e05e-4385-8c1d-2e833f0ec53b" executionId="0a6effb5-c18a-49c5-bab5-52c4bae8d0ed" testListId="8c84fa94-04c1-424b-9868-57a2d4851a1d" />
    <TestEntry testId="c2590f7c-a212-4f91-923e-518ec826ee7a" executionId="5b8c011a-489d-40d5-a485-8894a1a69d5d" testListId="8c84fa94-04c1-424b-9868-57a2d4851a1d" />
    <TestEntry testId="cdfb4a45-22f7-47d3-a35b-a5268c9e101a" executionId="7892857a-1d5f-4102-b23a-bad95a5f7d6c" testListId="8c84fa94-04c1-424b-9868-57a2d4851a1d" />
    <TestEntry testId="c421d140-2983-484d-97dc-f43fb9794bc5" executionId="30e38221-85b9-4d6c-b986-87df4f68e18f" testListId="8c84fa94-04c1-424b-9868-57a2d4851a1d" />
    <TestEntry testId="28545007-d462-432f-9488-88040ee33fd0" executionId="552115fc-f888-4591-81e6-eb34e8be695e" testListId="8c84fa94-04c1-424b-9868-57a2d4851a1d" />
    <TestEntry testId="cb563442-be53-4519-8472-e76d20092fb7" executionId="6dc901f8-c41c-488f-ab10-84d1a24faba1" testListId="8c84fa94-04c1-424b-9868-57a2d4851a1d" />
    <TestEntry testId="4cf0f32f-1cad-434c-ac41-b5e883db6b5c" executionId="caefb56e-b167-467b-aacb-e20ca3159f64" testListId="8c84fa94-04c1-424b-9868-57a2d4851a1d" />
    <TestEntry testId="d644c0e1-5257-4f6e-b204-fc7049032fac" executionId="ac22c9e3-e8f7-413e-8740-6f8f187caec6" testListId="8c84fa94-04c1-424b-9868-57a2d4851a1d" />
    <TestEntry testId="1591ef6b-d0ee-4a30-92f5-18662bc40a0b" executionId="1095db1e-2f6f-4c7f-93d6-e31bebfd8295" testListId="8c84fa94-04c1-424b-9868-57a2d4851a1d" />
    <TestEntry testId="97d0abb2-3078-4186-88e9-5b5ca33b71ec" executionId="c7a2757d-527c-4555-bb0e-2809b581bd24" testListId="8c84fa94-04c1-424b-9868-57a2d4851a1d" />
    <TestEntry testId="a79aa402-fa73-4466-a1ae-85a6c8dafb82" executionId="06c7b2b8-9d8b-4665-970c-a05457facbfc" testListId="8c84fa94-04c1-424b-9868-57a2d4851a1d" />
    <TestEntry testId="7b8f1e7d-da60-49c4-9e47-cc59c9286a80" executionId="8373fe24-8d3f-4c62-a37f-54076647d130" testListId="8c84fa94-04c1-424b-9868-57a2d4851a1d" />
    <TestEntry testId="198d9815-24ea-4083-94d0-6503bbebbb32" executionId="b9b35ef0-4aca-4073-9a1e-c7636877802a" testListId="8c84fa94-04c1-424b-9868-57a2d4851a1d" />
    <TestEntry testId="a38647dd-9c8b-4a5d-8b22-df9b7597b608" executionId="ac8f67b5-0955-412e-9fcf-1055764e1195" testListId="8c84fa94-04c1-424b-9868-57a2d4851a1d" />
    <TestEntry testId="0d957147-b9f8-4351-8d36-755ba423bf8d" executionId="b3ca75aa-c26f-4e9b-9382-a1b04b7bbeb1" testListId="8c84fa94-04c1-424b-9868-57a2d4851a1d" />
    <TestEntry testId="e4024793-c8b2-4654-9c33-20dcc86a0215" executionId="5338a15f-6909-48b8-a75e-f13f091acefe" testListId="8c84fa94-04c1-424b-9868-57a2d4851a1d" />
    <TestEntry testId="ede27801-7a8c-445c-8708-ae941a756600" executionId="e0bce663-3a15-4628-b98b-305082ba0ec5" testListId="8c84fa94-04c1-424b-9868-57a2d4851a1d" />
    <TestEntry testId="65c1a6c3-72e7-4643-a9fa-dd9f1a77adf3" executionId="23388128-4507-46f4-94ad-7e208a466b09" testListId="8c84fa94-04c1-424b-9868-57a2d4851a1d" />
    <TestEntry testId="b6885a2c-51a0-4443-83bf-6b04fdc1a283" executionId="33549581-79dc-423c-b822-7dafb5ec6bb6" testListId="8c84fa94-04c1-424b-9868-57a2d4851a1d" />
    <TestEntry testId="c44bbccf-0d38-4e14-917c-a3eb3d497183" executionId="dc4cce0a-ced2-4fd4-ba0a-ed035a29ade6" testListId="8c84fa94-04c1-424b-9868-57a2d4851a1d" />
    <TestEntry testId="e10f56f0-621c-489f-bb57-c9056e2fe2e8" executionId="fe8be9bd-db67-4b68-b53c-5701afeef905" testListId="8c84fa94-04c1-424b-9868-57a2d4851a1d" />
    <TestEntry testId="6440da7d-d474-4bf9-b396-62b3b3ea4a69" executionId="c0102b66-47f4-4ebb-9d03-2d5f289c48cf" testListId="8c84fa94-04c1-424b-9868-57a2d4851a1d" />
    <TestEntry testId="d89a7fee-372d-4639-9565-0efb727124e9" executionId="dbc190b9-e46f-432b-85cd-6975725359c7" testListId="8c84fa94-04c1-424b-9868-57a2d4851a1d" />
    <TestEntry testId="e38d9f57-dff3-424e-af4c-90641582ea62" executionId="a53b91db-322d-40cc-addc-16671acb44e8" testListId="8c84fa94-04c1-424b-9868-57a2d4851a1d" />
    <TestEntry testId="c5e5caac-2c50-43a1-8b31-5df9fcf41d17" executionId="73ee2b5d-4be2-46aa-af9f-053790bc2970" testListId="8c84fa94-04c1-424b-9868-57a2d4851a1d" />
    <TestEntry testId="e588fde1-7b3b-4429-8e8d-a57f4a6db9bf" executionId="efa5936e-5f61-4df9-ab84-2f05017220df" testListId="8c84fa94-04c1-424b-9868-57a2d4851a1d" />
    <TestEntry testId="f96948a0-ee00-4b3a-96e6-59f894b9820e" executionId="ef381127-2a10-4b42-bbae-02a88e9d21a3" testListId="8c84fa94-04c1-424b-9868-57a2d4851a1d" />
    <TestEntry testId="0504f3b1-e555-4e15-a570-f866ff60f12f" executionId="b571a6fc-09c7-4e84-9318-8b383fc46fe2" testListId="8c84fa94-04c1-424b-9868-57a2d4851a1d" />
    <TestEntry testId="9b8310e4-d48a-48ee-83f8-eb76378a7d38" executionId="09fd3e32-c07c-4ea3-861f-73e67f31a2c1" testListId="8c84fa94-04c1-424b-9868-57a2d4851a1d" />
    <TestEntry testId="80f458dd-a5f9-4da2-bfee-3ba55fea6f7c" executionId="462a9dc4-dc1e-4aea-a3d1-f349ee48ccd5" testListId="8c84fa94-04c1-424b-9868-57a2d4851a1d" />
    <TestEntry testId="fb4a4e2f-fe1c-4a03-8303-0706f92bdc43" executionId="13203199-0279-49f0-957f-1899dc1dbbb2" testListId="8c84fa94-04c1-424b-9868-57a2d4851a1d" />
    <TestEntry testId="d8586e5f-092b-41ec-96d9-a1d99a94c6da" executionId="eb175e5d-21b3-43a7-bf17-576e1b05da07" testListId="8c84fa94-04c1-424b-9868-57a2d4851a1d" />
    <TestEntry testId="1f8fdf83-e047-44c6-bffd-b8715f545cbd" executionId="a4c2bbd2-718b-4b38-80d8-db17c67cbf89" testListId="8c84fa94-04c1-424b-9868-57a2d4851a1d" />
    <TestEntry testId="2644e8a0-5ffa-4c29-a8ef-1da4354c40c0" executionId="8ea45ada-3f0a-487d-b2d7-7037b77323ce" testListId="8c84fa94-04c1-424b-9868-57a2d4851a1d" />
    <TestEntry testId="76c551f8-f63c-4508-86be-ffe6c25df042" executionId="ab020362-4a9a-4f58-9d87-c77ba2cac968" testListId="8c84fa94-04c1-424b-9868-57a2d4851a1d" />
    <TestEntry testId="3cb1aa17-8e23-469b-b530-c3bd3a927622" executionId="31fc8084-f8bd-4af6-a951-356e174945e8" testListId="8c84fa94-04c1-424b-9868-57a2d4851a1d" />
    <TestEntry testId="13230bf5-cee3-4e2b-b12f-b3420cba1d40" executionId="3bde7ec2-3dac-40ed-93bd-e986cc30b949" testListId="8c84fa94-04c1-424b-9868-57a2d4851a1d" />
    <TestEntry testId="bb010c9d-7789-4c6a-96ce-4ea705ef1bd8" executionId="d600593a-427e-46ed-acc7-c24bc35e2248" testListId="8c84fa94-04c1-424b-9868-57a2d4851a1d" />
    <TestEntry testId="1ef0b0c0-eb74-4def-9e92-57f80a31c7b0" executionId="cf216291-bce6-4a3f-8161-59b8747f05fc" testListId="8c84fa94-04c1-424b-9868-57a2d4851a1d" />
    <TestEntry testId="4017cde1-1465-48cb-ae00-2c398559e6b6" executionId="fe20843c-7862-42ac-9172-4142061dd449" testListId="8c84fa94-04c1-424b-9868-57a2d4851a1d" />
    <TestEntry testId="41e46c3e-f54c-40a6-ac1d-701d6a5cce1f" executionId="9d4ccf1c-8f2c-40f6-8252-df5fc58583d0" testListId="8c84fa94-04c1-424b-9868-57a2d4851a1d" />
    <TestEntry testId="3a654ade-f811-4e15-bfb7-6beff751b6e2" executionId="dd68369e-4b85-4fec-9d13-257e454bf33d" testListId="8c84fa94-04c1-424b-9868-57a2d4851a1d" />
    <TestEntry testId="9ef888bf-35d7-44e2-b6c2-2b7f6e8926ae" executionId="11282d7e-8c1a-4ce7-8d75-f0c9898bb87f" testListId="8c84fa94-04c1-424b-9868-57a2d4851a1d" />
    <TestEntry testId="13b3f83b-ad74-4972-879e-e8c931166952" executionId="e80206fe-8951-403b-9069-bb248bd30af5" testListId="8c84fa94-04c1-424b-9868-57a2d4851a1d" />
    <TestEntry testId="1b6b1cca-b133-4027-afb7-61c2e1a1c2e5" executionId="68734026-fb07-4a46-8b69-9f2d869273ee" testListId="8c84fa94-04c1-424b-9868-57a2d4851a1d" />
    <TestEntry testId="4cd22eaf-c539-4f50-8481-14bc9d651bb9" executionId="39203892-40df-414c-94d1-ceabd1d58e9b" testListId="8c84fa94-04c1-424b-9868-57a2d4851a1d" />
    <TestEntry testId="18bb7e1d-cb12-4f11-a944-1582893adf02" executionId="6c9104a1-d6b8-4fdb-861a-7b25642437dd" testListId="8c84fa94-04c1-424b-9868-57a2d4851a1d" />
    <TestEntry testId="0d40df73-a660-440a-ae56-5601c004586d" executionId="0fbf7cf3-0b37-4d8c-ab84-571aea89d892" testListId="8c84fa94-04c1-424b-9868-57a2d4851a1d" />
    <TestEntry testId="eac855d5-56f9-417e-8fbd-f9e1859e2e9d" executionId="7ec198ce-9e50-4a08-9cf8-2e3d591ac826" testListId="8c84fa94-04c1-424b-9868-57a2d4851a1d" />
    <TestEntry testId="329a2531-2f24-45cd-9893-ced9f1b759b7" executionId="712c89e3-46da-4157-805a-258a44e5174a" testListId="8c84fa94-04c1-424b-9868-57a2d4851a1d" />
    <TestEntry testId="46dd1d29-616b-4328-8262-8c7d04f39169" executionId="8694ad08-393a-44b3-87d1-e934402556ee" testListId="8c84fa94-04c1-424b-9868-57a2d4851a1d" />
    <TestEntry testId="36c1eb05-6c9a-4c3d-b4f0-fd305d0088dd" executionId="9bd505c7-bdf6-498d-9f0e-bf78ff5ff28c" testListId="8c84fa94-04c1-424b-9868-57a2d4851a1d" />
    <TestEntry testId="b4b7f55f-ea0e-45d1-b701-3952b2a424a0" executionId="d116c706-c161-4dd2-8989-4a0d7e18b82e" testListId="8c84fa94-04c1-424b-9868-57a2d4851a1d" />
    <TestEntry testId="4b079e76-39a8-41d8-abcf-420d5696d1e5" executionId="1254bbfd-40cf-4def-929e-b0738a90be5f" testListId="8c84fa94-04c1-424b-9868-57a2d4851a1d" />
    <TestEntry testId="b88855e6-98ed-4e81-9338-3bb6d13bd827" executionId="9975ca4e-8f28-4ec3-b256-3283b1892feb" testListId="8c84fa94-04c1-424b-9868-57a2d4851a1d" />
    <TestEntry testId="7595a04b-115c-4b9c-837a-2f6fc9232d02" executionId="8e5f3c16-88cc-428f-a644-d92c741e57df" testListId="8c84fa94-04c1-424b-9868-57a2d4851a1d" />
    <TestEntry testId="a407e49b-f78b-4d0d-ad8a-455a82b2b80e" executionId="5371db93-6bb7-4f2e-8caf-65e49d31981e" testListId="8c84fa94-04c1-424b-9868-57a2d4851a1d" />
    <TestEntry testId="efe89ed6-8cd9-49b5-bd16-1bbd3141c6bb" executionId="b8e7deca-9635-4ad9-9b3e-b66a18b57cb4" testListId="8c84fa94-04c1-424b-9868-57a2d4851a1d" />
    <TestEntry testId="c6853c77-19e5-4f2b-8d03-8b11bc86cce9" executionId="66fec02b-0244-446f-8458-c50c46a3530a" testListId="8c84fa94-04c1-424b-9868-57a2d4851a1d" />
    <TestEntry testId="fc90f527-4391-4a83-9f19-0ee1ec518c49" executionId="522a1285-fd7f-451d-a9e4-30f8ed8dd115" testListId="8c84fa94-04c1-424b-9868-57a2d4851a1d" />
    <TestEntry testId="eedcf34d-4862-4478-9ad5-26f162e88e50" executionId="aaf2a397-6996-4adb-9fe8-24ec1db5206f" testListId="8c84fa94-04c1-424b-9868-57a2d4851a1d" />
    <TestEntry testId="c31d744f-9466-419e-bfbd-31dc528770da" executionId="75102339-0d74-4a56-acbc-94a711025c79" testListId="8c84fa94-04c1-424b-9868-57a2d4851a1d" />
    <TestEntry testId="8625d62c-4268-4be7-bbd4-af16cada08fd" executionId="144f1c75-10d2-4f3b-9329-0f10ecc09404" testListId="8c84fa94-04c1-424b-9868-57a2d4851a1d" />
    <TestEntry testId="fe7de03f-3fa9-4c58-8df3-a01e980428ae" executionId="6168cfd2-47d9-4e13-9292-7a653cc5e819" testListId="8c84fa94-04c1-424b-9868-57a2d4851a1d" />
    <TestEntry testId="23740af3-20c4-4597-8f0e-d233b66c6817" executionId="a8de7a6f-6f18-45a3-acbf-9f072a59ee52" testListId="8c84fa94-04c1-424b-9868-57a2d4851a1d" />
    <TestEntry testId="898e30aa-4d99-47f0-832e-37e4dd3603f8" executionId="45e6990f-e45f-43ae-b762-364231436aa4" testListId="8c84fa94-04c1-424b-9868-57a2d4851a1d" />
    <TestEntry testId="d3b5bd0e-7fdd-41d9-9f9a-8ac08a2e3ea5" executionId="fb2a85da-6084-49d7-bc4c-34b2c03099fd" testListId="8c84fa94-04c1-424b-9868-57a2d4851a1d" />
    <TestEntry testId="1730d2a9-925e-4149-bc1c-6b92aaf28491" executionId="1a145c97-02fe-40d1-a9aa-7a9407cd7a0a" testListId="8c84fa94-04c1-424b-9868-57a2d4851a1d" />
    <TestEntry testId="c318c962-73fa-4455-bae7-7f9a6cd12e77" executionId="7a1c5309-4966-4ace-8f4c-d511604ad737" testListId="8c84fa94-04c1-424b-9868-57a2d4851a1d" />
    <TestEntry testId="342ecf99-271f-4d7d-b4f7-7ca97f82a98e" executionId="11cf0996-6947-49d0-be25-ce33c7d092d7" testListId="8c84fa94-04c1-424b-9868-57a2d4851a1d" />
    <TestEntry testId="4558a149-343d-4dd4-bb18-9b9a9d15f06a" executionId="f1ccfe76-ca53-49a7-b121-73701585f203" testListId="8c84fa94-04c1-424b-9868-57a2d4851a1d" />
    <TestEntry testId="fa37c915-7762-4e94-96c2-ab4b35a486c6" executionId="43b722cc-206a-4a50-8019-64619f15edbe" testListId="8c84fa94-04c1-424b-9868-57a2d4851a1d" />
    <TestEntry testId="25b40c14-8dce-427d-930d-8d9388be9067" executionId="769a178c-1d75-4c1b-af3d-62466784374d" testListId="8c84fa94-04c1-424b-9868-57a2d4851a1d" />
    <TestEntry testId="8ebc5967-970c-4b8b-8dd1-d94a4bc62f2a" executionId="94b8c78a-a787-458d-aa11-0e01185c2c8e" testListId="8c84fa94-04c1-424b-9868-57a2d4851a1d" />
    <TestEntry testId="3fce350d-034a-4b18-b777-d9132fe2fb46" executionId="024595aa-aa5a-4832-b85d-eda9f6aa6e74" testListId="8c84fa94-04c1-424b-9868-57a2d4851a1d" />
    <TestEntry testId="f287012f-8810-4da8-bfd1-66c50d45f3e8" executionId="f2443e6b-3c51-4649-9f79-6816b283c0bb" testListId="8c84fa94-04c1-424b-9868-57a2d4851a1d" />
    <TestEntry testId="9cd96e32-e078-4a33-bb87-8e2afea47fc8" executionId="f06cb014-cbc0-41ea-9181-905b8530caf8" testListId="8c84fa94-04c1-424b-9868-57a2d4851a1d" />
    <TestEntry testId="3ea7502c-13cb-4c97-9b21-3493e9cbb3e2" executionId="b5975a7f-070a-4835-8c25-7111e335309a" testListId="8c84fa94-04c1-424b-9868-57a2d4851a1d" />
    <TestEntry testId="89627097-6ac7-44e9-adee-9d2857e49e10" executionId="67a997b2-e71b-4ef2-be4d-1c17e97d06d7" testListId="8c84fa94-04c1-424b-9868-57a2d4851a1d" />
    <TestEntry testId="4d048020-5c59-43d1-8935-d521e555cbbc" executionId="d01c14fc-4616-41fa-97c3-793b0c7c4273" testListId="8c84fa94-04c1-424b-9868-57a2d4851a1d" />
    <TestEntry testId="afd70dcd-6b7e-440b-a116-333c18671505" executionId="3911c2d4-581f-438d-96c7-4f315fd25449" testListId="8c84fa94-04c1-424b-9868-57a2d4851a1d" />
    <TestEntry testId="f91a2f13-6560-4aed-a940-3b9d1df394a4" executionId="ed771ad6-8f49-4a83-8662-f52556283fdf" testListId="8c84fa94-04c1-424b-9868-57a2d4851a1d" />
    <TestEntry testId="cfc462a7-d350-4f16-ae35-ee4ef7443d0c" executionId="c55fc98f-ab87-4dc5-bc81-6f997be1cd07" testListId="8c84fa94-04c1-424b-9868-57a2d4851a1d" />
    <TestEntry testId="a288a202-ce96-4d93-8663-9a343c531df3" executionId="8668e1fb-cead-4a61-8388-26b21594e225" testListId="8c84fa94-04c1-424b-9868-57a2d4851a1d" />
    <TestEntry testId="22ba7aee-db37-4f13-a554-41195a644039" executionId="7268295c-19f8-4b38-bf28-3fcd45bcf973" testListId="8c84fa94-04c1-424b-9868-57a2d4851a1d" />
    <TestEntry testId="cbf00f24-7eff-438c-b579-bbab6c88e6b2" executionId="bef1ea77-69c7-4b6d-b7ec-d7b862111cb0" testListId="8c84fa94-04c1-424b-9868-57a2d4851a1d" />
    <TestEntry testId="bcd9303e-a5e2-449c-ade9-32918de8cd35" executionId="d4b7364a-3ee7-4018-857a-23f26a8a2064" testListId="8c84fa94-04c1-424b-9868-57a2d4851a1d" />
    <TestEntry testId="8cbc10fb-1893-4257-8ff6-37ab15d5922c" executionId="e4232dd4-0b7d-461c-bac6-9e37e422b7b0" testListId="8c84fa94-04c1-424b-9868-57a2d4851a1d" />
    <TestEntry testId="14526b7b-f5d9-4b6c-af79-e8d317962e05" executionId="f133910f-5969-4c19-9026-b66ff099aae9" testListId="8c84fa94-04c1-424b-9868-57a2d4851a1d" />
    <TestEntry testId="286a7db6-3f81-48f3-a912-9e710e2c8398" executionId="5823e896-1f7b-4fb6-8f38-edf01cebe9ef" testListId="8c84fa94-04c1-424b-9868-57a2d4851a1d" />
    <TestEntry testId="2e94fabb-1f98-40b8-a3e5-ffde738b647a" executionId="b0503b5b-2d45-47e8-82ee-0ac8fd95d90f" testListId="8c84fa94-04c1-424b-9868-57a2d4851a1d" />
    <TestEntry testId="2f4d8b51-59de-46f3-b2d5-4e42e5f2f3a7" executionId="40adb613-2101-4cfb-b879-b45def66b057" testListId="8c84fa94-04c1-424b-9868-57a2d4851a1d" />
    <TestEntry testId="18e63c48-244c-4b99-8f4d-90607d49e94a" executionId="22d4695b-c670-47f1-bcb9-2e2b3e367a21" testListId="8c84fa94-04c1-424b-9868-57a2d4851a1d" />
    <TestEntry testId="95411216-e8f2-4db3-8c22-4956db17797e" executionId="63553a04-3c93-4c3b-8867-cc3e86478677" testListId="8c84fa94-04c1-424b-9868-57a2d4851a1d" />
    <TestEntry testId="d868c728-7d2e-40d8-8e4d-dccd45dcdaf9" executionId="53710537-ffbe-4cee-a6ad-e4b13ae22b79" testListId="8c84fa94-04c1-424b-9868-57a2d4851a1d" />
    <TestEntry testId="b1949c69-5f1c-4f06-a08c-7458c6f744c4" executionId="95917158-de1d-4388-bf43-4db2ed97a0a3" testListId="8c84fa94-04c1-424b-9868-57a2d4851a1d" />
    <TestEntry testId="b3fce82a-9233-4862-946d-201379ef3f41" executionId="aa61d88c-80ae-4d07-a2b5-36448aa40340" testListId="8c84fa94-04c1-424b-9868-57a2d4851a1d" />
    <TestEntry testId="05baa531-50ad-4e94-8b9d-98fc03ac3605" executionId="c01f40bc-2160-4859-b8a4-9f5c5aed5df8" testListId="8c84fa94-04c1-424b-9868-57a2d4851a1d" />
    <TestEntry testId="36450131-081f-4a35-952a-12202f6ee998" executionId="1ad72e93-0aa8-427e-87a5-f77058b1dc1f" testListId="8c84fa94-04c1-424b-9868-57a2d4851a1d" />
    <TestEntry testId="bd9b93e2-429c-42b5-a753-4d9ec9e054da" executionId="47631273-eadf-4f0a-a3ee-05380c636734" testListId="8c84fa94-04c1-424b-9868-57a2d4851a1d" />
    <TestEntry testId="5fd14552-fc0c-424a-ab6e-3d955d0b12f0" executionId="0e0901b1-f439-4e3f-bd77-b7d5c602f7b9" testListId="8c84fa94-04c1-424b-9868-57a2d4851a1d" />
    <TestEntry testId="c5d5c190-a247-48ea-b781-07d43c097047" executionId="a2626858-7619-4876-90c5-e2849d816af7" testListId="8c84fa94-04c1-424b-9868-57a2d4851a1d" />
    <TestEntry testId="69b71ade-75a3-4336-9bd8-31d05fdeada6" executionId="7516f101-5e44-4828-9cb2-abf36d226d45" testListId="8c84fa94-04c1-424b-9868-57a2d4851a1d" />
    <TestEntry testId="dc5f3c9f-9f91-42bd-aa69-c08e4470fbf8" executionId="a74934b5-1c1c-46d2-b545-aec712279ee3" testListId="8c84fa94-04c1-424b-9868-57a2d4851a1d" />
    <TestEntry testId="b22a4053-3a46-486a-8be0-338081f7cd3a" executionId="08886adf-4376-42d8-bb50-58646ffbffd2" testListId="8c84fa94-04c1-424b-9868-57a2d4851a1d" />
    <TestEntry testId="1e918bc3-2fdf-4879-b1ae-3ff22009fdec" executionId="74507ebf-0b36-4cd7-bb38-fbdd5a71be22" testListId="8c84fa94-04c1-424b-9868-57a2d4851a1d" />
    <TestEntry testId="b92f2522-611c-4320-9e97-2c52aae8c171" executionId="99b360ef-9711-42bf-8e1d-a75cfcfeede1" testListId="8c84fa94-04c1-424b-9868-57a2d4851a1d" />
    <TestEntry testId="d122b208-560f-4a7e-beb6-d944d19fce95" executionId="b0e7c13b-0f1e-4a77-a14a-f008022a9aa4" testListId="8c84fa94-04c1-424b-9868-57a2d4851a1d" />
    <TestEntry testId="7b7303e5-b0d6-4149-ac26-de31bf1e655f" executionId="f06698d1-a1d1-40cf-9df0-982eda9fc1a8" testListId="8c84fa94-04c1-424b-9868-57a2d4851a1d" />
    <TestEntry testId="6e7bd36e-5485-4f7e-9137-30caf78f6729" executionId="0a2c494a-7a0d-48dd-9c83-633e9a61cfc4" testListId="8c84fa94-04c1-424b-9868-57a2d4851a1d" />
    <TestEntry testId="79f95441-2490-4168-9b3a-ee58deb1eb56" executionId="d7d3b516-1d4e-4bbb-9c76-9d8abdad0f07" testListId="8c84fa94-04c1-424b-9868-57a2d4851a1d" />
    <TestEntry testId="341c0153-7a71-49a7-a532-847010fdf0e3" executionId="431c916e-91af-4ee5-9f0c-6e636ff2c43d" testListId="8c84fa94-04c1-424b-9868-57a2d4851a1d" />
    <TestEntry testId="cd71313a-121c-420b-93e1-85ca3f5d4de2" executionId="032586ef-1f6e-4c9c-afee-e8ea9f248986" testListId="8c84fa94-04c1-424b-9868-57a2d4851a1d" />
    <TestEntry testId="30e8cfe8-2f46-4707-b375-2735cf000ce7" executionId="ff9a4253-898f-43d8-8d4a-fea65a68a2ca" testListId="8c84fa94-04c1-424b-9868-57a2d4851a1d" />
    <TestEntry testId="efd2cb9f-7f36-473e-b2f7-879eef8eca1b" executionId="eb885495-cd20-4fb5-948a-392d7aff64f8" testListId="8c84fa94-04c1-424b-9868-57a2d4851a1d" />
    <TestEntry testId="91ef3155-4fec-44f8-b20b-88c95d45ffa5" executionId="5681b6a9-89cd-4711-93f5-9effa46cfd22" testListId="8c84fa94-04c1-424b-9868-57a2d4851a1d" />
    <TestEntry testId="30965426-8c85-4952-966a-9726fd855154" executionId="f3a5244f-cc4f-41a2-8e18-357ae8416f22" testListId="8c84fa94-04c1-424b-9868-57a2d4851a1d" />
    <TestEntry testId="69f61375-420c-4ea3-bcbb-298ca464d78b" executionId="67420dd3-7464-4e04-a7b0-2dac00bb0a4f" testListId="8c84fa94-04c1-424b-9868-57a2d4851a1d" />
    <TestEntry testId="4b44540a-24da-44cf-9aee-e9454f9a51e2" executionId="4b030bdf-60e6-4b92-8781-7d06fddd8f02" testListId="8c84fa94-04c1-424b-9868-57a2d4851a1d" />
    <TestEntry testId="d10f5225-83f1-4678-bfdd-417bdf1a8264" executionId="e0fa9cad-b826-414c-88fd-690ce1a4105c" testListId="8c84fa94-04c1-424b-9868-57a2d4851a1d" />
    <TestEntry testId="b2ff75d8-d882-4ae2-96be-d5135f20ab0b" executionId="de82c464-0280-4332-bf09-b7da6869cd33" testListId="8c84fa94-04c1-424b-9868-57a2d4851a1d" />
    <TestEntry testId="5e61b013-3c48-41a9-a1f5-7107aff8ad9d" executionId="ce23edf2-3ba8-46c8-b727-a132a595ebaa" testListId="8c84fa94-04c1-424b-9868-57a2d4851a1d" />
    <TestEntry testId="b624eb1d-69e9-48ac-8f96-2000ef208ba1" executionId="9c8014f0-58bf-427b-b06b-9e619a93c5f1" testListId="8c84fa94-04c1-424b-9868-57a2d4851a1d" />
    <TestEntry testId="6f9c8fd9-17c1-4971-918d-a85371e37dd0" executionId="ac7dd983-1e86-4e57-9cc5-5eacb4212914" testListId="8c84fa94-04c1-424b-9868-57a2d4851a1d" />
    <TestEntry testId="8d2a9a76-c546-42a4-9172-9e01a39c6023" executionId="9a3fe74c-3f38-4bb6-80f9-97bb60d1a624" testListId="8c84fa94-04c1-424b-9868-57a2d4851a1d" />
    <TestEntry testId="78d3d14f-d9a5-469b-8b7b-d60868d7dbc3" executionId="c5a82ca3-8a7b-4e00-9c29-e84c62b4a303" testListId="8c84fa94-04c1-424b-9868-57a2d4851a1d" />
    <TestEntry testId="e8d76ca3-d672-4e28-8147-50bdae79959e" executionId="0e37c826-73b6-49c5-8ca4-966a7dc26668" testListId="8c84fa94-04c1-424b-9868-57a2d4851a1d" />
    <TestEntry testId="07b98da2-cb7b-48b0-a2c2-72674ba5b609" executionId="d85b0bcd-0e17-4e79-a071-f994d5bca7db" testListId="8c84fa94-04c1-424b-9868-57a2d4851a1d" />
    <TestEntry testId="d78c29ba-95ff-4ed4-9206-f31923510b50" executionId="ab4a21d7-99c6-4831-a9df-beebb263ddd8" testListId="8c84fa94-04c1-424b-9868-57a2d4851a1d" />
    <TestEntry testId="a431b849-9164-40cf-9d82-e1ccb2e3c584" executionId="96af2c1e-a8c9-45ce-a9ba-3c73c39a996b" testListId="8c84fa94-04c1-424b-9868-57a2d4851a1d" />
    <TestEntry testId="fb46b642-2d3c-4852-821d-82a88fb980df" executionId="ad7c5447-9dc5-4513-94c9-20673531f318" testListId="8c84fa94-04c1-424b-9868-57a2d4851a1d" />
    <TestEntry testId="44f9d854-4806-45b8-b077-39442b7de214" executionId="50ff2f09-2e29-4bfe-bc4a-fbf1b17b8a3b" testListId="8c84fa94-04c1-424b-9868-57a2d4851a1d" />
    <TestEntry testId="f784cb91-5e97-4514-b741-f96f50b2670a" executionId="8de51934-d496-4b5e-afce-e66ea925e187" testListId="8c84fa94-04c1-424b-9868-57a2d4851a1d" />
    <TestEntry testId="6b8cb8a0-d174-40cb-9c73-1e866081b546" executionId="67b9e0c5-1060-4170-ae9e-dacd011a6713" testListId="8c84fa94-04c1-424b-9868-57a2d4851a1d" />
    <TestEntry testId="8ff0a39c-b7f1-4309-a6dc-6aa214bf64b0" executionId="9e15ff8b-4ce5-4a55-9af5-c17b3e635598" testListId="8c84fa94-04c1-424b-9868-57a2d4851a1d" />
    <TestEntry testId="10ad7550-f76c-4572-8d65-fe4fd902b36d" executionId="1b1b173e-9bc6-4629-b9ca-ef6c0c79076d" testListId="8c84fa94-04c1-424b-9868-57a2d4851a1d" />
    <TestEntry testId="302235d6-21eb-4d15-901d-8d2be6ba3977" executionId="9c775dda-07a8-4fa3-a698-3c6199baaa7c" testListId="8c84fa94-04c1-424b-9868-57a2d4851a1d" />
    <TestEntry testId="fc70f60e-7936-46fc-84ae-e825f4bb260c" executionId="19830331-2f3d-4b17-9913-3981003275d8" testListId="8c84fa94-04c1-424b-9868-57a2d4851a1d" />
    <TestEntry testId="1e8588e3-165f-4eb9-b098-c2934329cb18" executionId="1fc09d30-332c-4b2f-9b30-2500737339f2" testListId="8c84fa94-04c1-424b-9868-57a2d4851a1d" />
    <TestEntry testId="b8cd239f-a89d-44b7-876f-0917f62aea36" executionId="2e8b79fd-5a6b-4462-a2c6-428832ecd6ac" testListId="8c84fa94-04c1-424b-9868-57a2d4851a1d" />
    <TestEntry testId="6a914d97-6d1e-423b-9bcd-251c9db1c39c" executionId="47c5087d-33c1-4c89-8cf9-9a6cb45b1ad3" testListId="8c84fa94-04c1-424b-9868-57a2d4851a1d" />
    <TestEntry testId="f4e19b79-ada9-4f38-a4d7-ebae2ec794d0" executionId="7e460521-49a8-479b-b218-c773550113c2" testListId="8c84fa94-04c1-424b-9868-57a2d4851a1d" />
    <TestEntry testId="99a7fe4c-d4ee-4d9b-9749-5d9424cd79bc" executionId="cc02f014-14e2-4a0b-a05f-bb4bf0c5b1a5" testListId="8c84fa94-04c1-424b-9868-57a2d4851a1d" />
    <TestEntry testId="b3d3222a-7e70-46d0-814b-dd7afbbaac17" executionId="329c84ed-af42-4f09-934b-f8eb07bdf3f8" testListId="8c84fa94-04c1-424b-9868-57a2d4851a1d" />
    <TestEntry testId="71215eae-7f25-43d3-b2a9-9eeb688c05cb" executionId="ed3202fb-1151-435f-b9b6-123236af4e5d" testListId="8c84fa94-04c1-424b-9868-57a2d4851a1d" />
    <TestEntry testId="4ebd5983-1e94-4648-afa6-b58c36a36ed3" executionId="3bb121ad-cf4a-4c86-8f62-afeafc19d221" testListId="8c84fa94-04c1-424b-9868-57a2d4851a1d" />
    <TestEntry testId="a91cc4a8-e812-43b6-af91-1200f3eb62e7" executionId="9dab8354-8f23-4331-8ca4-d96ea7678d84" testListId="8c84fa94-04c1-424b-9868-57a2d4851a1d" />
    <TestEntry testId="8e5aa61e-a240-4703-b63c-52894beada8c" executionId="82698e69-1b5b-4046-b5ea-45e5d021b1ad" testListId="8c84fa94-04c1-424b-9868-57a2d4851a1d" />
    <TestEntry testId="230b7a74-95a7-4e0a-8a7c-982efc896d3d" executionId="003471f3-81f0-4b35-9be5-4c1463e66c96" testListId="8c84fa94-04c1-424b-9868-57a2d4851a1d" />
    <TestEntry testId="010924b7-4bc2-412b-a1dc-757a5936f140" executionId="a7962179-38e2-4b6a-8fd5-4f3305562ac9" testListId="8c84fa94-04c1-424b-9868-57a2d4851a1d" />
    <TestEntry testId="5cb59387-fef5-4b00-bb8d-abd3f2617691" executionId="8e03f23c-63df-4f4f-a31e-060d637a5489" testListId="8c84fa94-04c1-424b-9868-57a2d4851a1d" />
    <TestEntry testId="3a53de9c-2ccd-4aaf-907b-ef2a3d1d4c6d" executionId="89ccfa21-9142-4a19-ad9d-f1e8b155a94a" testListId="8c84fa94-04c1-424b-9868-57a2d4851a1d" />
    <TestEntry testId="a6e9e1a5-528b-473b-89fd-3da9857c6a63" executionId="8e4e6715-6ed9-407b-ab3f-6a4ec4562428" testListId="8c84fa94-04c1-424b-9868-57a2d4851a1d" />
    <TestEntry testId="92f8f8d5-ae9a-40fb-9525-e0372e3db241" executionId="0dba200f-32ba-48a3-8624-ab93027f9e20" testListId="8c84fa94-04c1-424b-9868-57a2d4851a1d" />
    <TestEntry testId="d6b4d8c9-c175-4c03-8b78-eec661280725" executionId="2136b9ea-9e93-43b1-9fbf-f1fde74e0095" testListId="8c84fa94-04c1-424b-9868-57a2d4851a1d" />
    <TestEntry testId="9a7eacdf-b83d-4373-9b3a-26df553a34b4" executionId="860ab805-55cc-44a0-99d5-0a7e1d38299f" testListId="8c84fa94-04c1-424b-9868-57a2d4851a1d" />
    <TestEntry testId="b3eca086-80ec-470f-908c-1757ee1001ad" executionId="1d96a176-863a-4418-abcd-6ff6b1f1fab0" testListId="8c84fa94-04c1-424b-9868-57a2d4851a1d" />
    <TestEntry testId="b6e31be5-eede-4165-9432-7e63b19f2dd1" executionId="8923f30f-7ae8-4323-bde7-3860379b248b" testListId="8c84fa94-04c1-424b-9868-57a2d4851a1d" />
    <TestEntry testId="48070389-31cd-43d4-9a30-35a4fc1ad7d4" executionId="acda10ce-a986-4569-94ca-1e8c7044fee9" testListId="8c84fa94-04c1-424b-9868-57a2d4851a1d" />
    <TestEntry testId="266f6a9f-0eb9-4d8a-916d-a40cd58c55e2" executionId="8741b272-0559-4654-bb27-71ba76e18361" testListId="8c84fa94-04c1-424b-9868-57a2d4851a1d" />
    <TestEntry testId="1002d29f-5f11-413b-8253-17511aacc3ee" executionId="744cb74f-20b2-4799-8f6f-93dc753bd889" testListId="8c84fa94-04c1-424b-9868-57a2d4851a1d" />
    <TestEntry testId="db12f165-c38e-4adb-bd04-458febc58f1f" executionId="fca3c281-88b2-4cf5-bdd8-41f70d9e18dc" testListId="8c84fa94-04c1-424b-9868-57a2d4851a1d" />
    <TestEntry testId="088f64f1-3837-4350-8a46-56ef7ffc4a86" executionId="e4c9aed2-6a1f-4664-bad3-eeabb808c081" testListId="8c84fa94-04c1-424b-9868-57a2d4851a1d" />
    <TestEntry testId="87244843-4805-49e3-9ea7-985466bdf622" executionId="be849762-0b26-40b0-8902-9d99de97c2fd" testListId="8c84fa94-04c1-424b-9868-57a2d4851a1d" />
    <TestEntry testId="9f3cdfae-ceff-4cde-9211-78ad83bdb935" executionId="99df5b96-9ecb-4274-adb3-1a1a877396f6" testListId="8c84fa94-04c1-424b-9868-57a2d4851a1d" />
    <TestEntry testId="ebd971ed-a05b-4bef-b040-a525198a822e" executionId="d4d02f8c-fdd2-49c7-b2b5-23cef5bfa592" testListId="8c84fa94-04c1-424b-9868-57a2d4851a1d" />
    <TestEntry testId="0b66093e-7829-4bcb-aa0a-ec64e35ca80c" executionId="b013bb3f-92a6-45d7-b653-45add959ee05" testListId="8c84fa94-04c1-424b-9868-57a2d4851a1d" />
    <TestEntry testId="e38c6b59-855f-4be0-a3f6-4f32b2b09384" executionId="a0076091-1331-453b-bc94-08a8a8116ff0" testListId="8c84fa94-04c1-424b-9868-57a2d4851a1d" />
    <TestEntry testId="8de363eb-8129-4f32-a321-6c692bfe5684" executionId="59340098-5821-4521-b007-0ac69fc869e2" testListId="8c84fa94-04c1-424b-9868-57a2d4851a1d" />
    <TestEntry testId="76b34fab-9748-4a2d-8e8e-27e6199d3ee7" executionId="e33a88fb-8e61-4887-baa2-273e263f374e" testListId="8c84fa94-04c1-424b-9868-57a2d4851a1d" />
    <TestEntry testId="abe7d7e4-d1d1-499f-8965-83863b5b22ac" executionId="7dd94867-4d66-413f-854e-bfd558242c61" testListId="8c84fa94-04c1-424b-9868-57a2d4851a1d" />
    <TestEntry testId="bc2e7aee-152a-4e50-ac9c-92ec0700ea46" executionId="e60c51e0-fb2c-412e-88dd-e7266ac66579" testListId="8c84fa94-04c1-424b-9868-57a2d4851a1d" />
    <TestEntry testId="23b22286-944f-47f3-8886-a9e3a68f57ac" executionId="817f5680-83be-4196-b1b9-1b59a6725a89" testListId="8c84fa94-04c1-424b-9868-57a2d4851a1d" />
    <TestEntry testId="acbd9fa2-aaee-47c7-8f7b-ba5837a3a9f1" executionId="c4d85222-18b9-40d5-97df-f86d05155fcf" testListId="8c84fa94-04c1-424b-9868-57a2d4851a1d" />
    <TestEntry testId="bbfc922c-5991-4a8a-b208-7f8e7e4b2652" executionId="4ba548ac-fa10-4226-abf1-cba314516535" testListId="8c84fa94-04c1-424b-9868-57a2d4851a1d" />
    <TestEntry testId="94419810-b906-4f5e-b8ec-64afd8a6faaf" executionId="3739148e-b2c4-4b18-9fe5-352608e6b39d" testListId="8c84fa94-04c1-424b-9868-57a2d4851a1d" />
    <TestEntry testId="57e253cc-19ae-470d-8bb7-b5a41693a64f" executionId="37d83158-d069-4c0a-98ca-d119e487cc54" testListId="8c84fa94-04c1-424b-9868-57a2d4851a1d" />
    <TestEntry testId="2f9dc192-4534-401a-bdbb-d5d261830ce1" executionId="ce89ed69-fbd5-495e-a7b0-71b32354f42a" testListId="8c84fa94-04c1-424b-9868-57a2d4851a1d" />
    <TestEntry testId="01a7ab9c-2e54-4005-b3fe-a5934aa14de9" executionId="b70a446c-3c85-42e2-afcc-985771f51e51" testListId="8c84fa94-04c1-424b-9868-57a2d4851a1d" />
    <TestEntry testId="f897b982-08a6-49c1-b5c3-c57b1ef58444" executionId="0048fee4-58c6-4e11-b254-6cbce633d552" testListId="8c84fa94-04c1-424b-9868-57a2d4851a1d" />
    <TestEntry testId="31ed0f9e-0ba8-499a-a820-156acb2d21e9" executionId="c602fc22-0057-42aa-aefd-ca41a97ac1f4" testListId="8c84fa94-04c1-424b-9868-57a2d4851a1d" />
    <TestEntry testId="f83e0eea-bc66-439b-a1ac-8fadd5001605" executionId="bc40b962-43a7-4c8d-8b0f-1659789f2308" testListId="8c84fa94-04c1-424b-9868-57a2d4851a1d" />
    <TestEntry testId="414fb045-7c25-41cc-b345-4bbef9d87ffe" executionId="f4b0d595-1b29-4346-9d2e-724aaab29f0b" testListId="8c84fa94-04c1-424b-9868-57a2d4851a1d" />
    <TestEntry testId="9aaebfbf-6c1e-4a73-896a-f10916b90378" executionId="595e53f5-d58b-4b62-aba0-51d78b8b938b" testListId="8c84fa94-04c1-424b-9868-57a2d4851a1d" />
    <TestEntry testId="6ebdc4ce-8f7a-4c88-8420-af57a5a8ef42" executionId="2920fbbf-68a8-4d81-a3b9-3ba332507bbd" testListId="8c84fa94-04c1-424b-9868-57a2d4851a1d" />
    <TestEntry testId="04f77753-4fc6-43f3-9bbe-063c856d6799" executionId="7bcd021e-4659-4993-a429-97ff52feb700" testListId="8c84fa94-04c1-424b-9868-57a2d4851a1d" />
    <TestEntry testId="f70ca482-7f62-4a8f-b463-893f686a94a8" executionId="270ccf3a-fba1-4f1d-8613-7b2b36003e52" testListId="8c84fa94-04c1-424b-9868-57a2d4851a1d" />
    <TestEntry testId="97d7278f-d230-4a43-8c29-51410d578b3f" executionId="ce298d93-7a27-49cf-acf4-e9c837bc3f8b" testListId="8c84fa94-04c1-424b-9868-57a2d4851a1d" />
    <TestEntry testId="4f072418-dd1b-4f6c-908b-338e1ba2a9e3" executionId="70985b9f-eee9-4e79-8f7d-0107cd4a7554" testListId="8c84fa94-04c1-424b-9868-57a2d4851a1d" />
    <TestEntry testId="04a2baa1-5c84-44bf-ad3a-22413215c5f9" executionId="53334ae8-e35e-4d9a-b6c6-210211eaf4df" testListId="8c84fa94-04c1-424b-9868-57a2d4851a1d" />
    <TestEntry testId="6fae3469-b374-4acb-91d9-6ae38d8209e0" executionId="6af034ab-d3c5-467b-a36e-46111644dd5a" testListId="8c84fa94-04c1-424b-9868-57a2d4851a1d" />
    <TestEntry testId="97256360-98b5-45b0-a58f-ccdf8ed67392" executionId="d011e538-e9cc-47e4-b0f9-8cd4b122d86a" testListId="8c84fa94-04c1-424b-9868-57a2d4851a1d" />
    <TestEntry testId="197f5ed0-0d28-46bf-87e4-ebf60635892a" executionId="62e763e7-2c33-43ca-ae2f-7b9785dfa191" testListId="8c84fa94-04c1-424b-9868-57a2d4851a1d" />
    <TestEntry testId="de801f46-1a63-4121-88d3-f61a1421860f" executionId="b343eb19-bde8-41a2-8b08-2719f517cb3e" testListId="8c84fa94-04c1-424b-9868-57a2d4851a1d" />
    <TestEntry testId="acbe2299-5d58-4c91-8edd-e9d6ce4b3371" executionId="3c60cc14-6ffe-4759-ae53-abf073ee7dab" testListId="8c84fa94-04c1-424b-9868-57a2d4851a1d" />
    <TestEntry testId="74089c1f-fef8-4ba1-ad28-2f211378e0a5" executionId="27effe8d-9847-45d0-95e0-27f703893850" testListId="8c84fa94-04c1-424b-9868-57a2d4851a1d" />
    <TestEntry testId="b6c8d0ee-48eb-476f-b850-c4b0233e432d" executionId="c734af29-3c18-444b-b674-ef6a70ed6635" testListId="8c84fa94-04c1-424b-9868-57a2d4851a1d" />
    <TestEntry testId="e25f76cd-1234-4d8a-80be-e9995092ce0c" executionId="50f35b84-bfbf-44f0-a763-99e106abf0a4" testListId="8c84fa94-04c1-424b-9868-57a2d4851a1d" />
    <TestEntry testId="e5b69b93-a452-4537-868e-16bb50920535" executionId="e7e71275-9d18-4a19-afc2-b8bd48914b65" testListId="8c84fa94-04c1-424b-9868-57a2d4851a1d" />
    <TestEntry testId="657f78aa-5173-45e6-bd2c-691b74d6c268" executionId="55e932ad-7017-4dba-8db4-7acff45693c5" testListId="8c84fa94-04c1-424b-9868-57a2d4851a1d" />
    <TestEntry testId="4a856875-6e49-4093-a1cd-633b16511232" executionId="a5ba5cb1-9b9f-4c2b-9625-99f0cbae9424" testListId="8c84fa94-04c1-424b-9868-57a2d4851a1d" />
    <TestEntry testId="10ab9688-295d-4c1c-b031-30b642c5924a" executionId="5c3fe967-012d-4488-8156-e780c978314e" testListId="8c84fa94-04c1-424b-9868-57a2d4851a1d" />
    <TestEntry testId="02f7b60e-6707-4489-965c-f4af5b32b5cb" executionId="6eba1cd0-d8b7-4d73-a3b6-3428428877a3" testListId="8c84fa94-04c1-424b-9868-57a2d4851a1d" />
    <TestEntry testId="28612dea-ba91-4e07-b346-b04e8c490d25" executionId="609dbe7e-f5ee-4500-ab4a-ae8fe7688280" testListId="8c84fa94-04c1-424b-9868-57a2d4851a1d" />
    <TestEntry testId="e12fb1c6-1142-459f-b355-91301216af0c" executionId="0effe813-ce16-42c1-9f95-8545b86b80bc" testListId="8c84fa94-04c1-424b-9868-57a2d4851a1d" />
    <TestEntry testId="39bc1721-5500-4b54-88e4-43449c64f599" executionId="f3369124-3a61-4ddb-bf4b-af2a7f955bef" testListId="8c84fa94-04c1-424b-9868-57a2d4851a1d" />
    <TestEntry testId="3fd16f0a-cd30-4cca-bf89-618b85f62ea5" executionId="2d7dd5c3-1484-49e6-9b16-651d7b36530c" testListId="8c84fa94-04c1-424b-9868-57a2d4851a1d" />
    <TestEntry testId="1f91d535-8fb1-4cce-a2c8-6914c2a52a84" executionId="bb1c04a9-14e6-484a-a4b5-573f20fe5424" testListId="8c84fa94-04c1-424b-9868-57a2d4851a1d" />
    <TestEntry testId="aaa711ec-1013-491c-aefb-f6f6f146f1b4" executionId="f294c7a0-1bd5-44b1-b30b-c58ea26bf235" testListId="8c84fa94-04c1-424b-9868-57a2d4851a1d" />
    <TestEntry testId="c483b979-0547-4678-a76a-bb42b39bc024" executionId="59be3afc-d7bf-461d-a31b-2478af0bb748" testListId="8c84fa94-04c1-424b-9868-57a2d4851a1d" />
    <TestEntry testId="efd033e6-39c7-464e-8a2f-8320eaa048ee" executionId="13dd8990-67ac-4eca-b141-1971ef2255e0" testListId="8c84fa94-04c1-424b-9868-57a2d4851a1d" />
    <TestEntry testId="49b596a1-8459-4c75-98ba-945f04e46e77" executionId="c19e641f-4078-4069-ba71-ad9015a6eeac" testListId="8c84fa94-04c1-424b-9868-57a2d4851a1d" />
    <TestEntry testId="5513d2db-29ae-4317-8c01-37737b6f735b" executionId="7cc0825e-e3a3-4200-a3f4-31cd8e290e6e" testListId="8c84fa94-04c1-424b-9868-57a2d4851a1d" />
    <TestEntry testId="c3a282e9-e368-4c11-8e4a-9e9123683004" executionId="86d05cf5-02f7-4a05-9755-df1575c257ca" testListId="8c84fa94-04c1-424b-9868-57a2d4851a1d" />
    <TestEntry testId="7444e319-52f1-42fb-9eea-12d70cfedb68" executionId="fadf221f-e890-4bbb-b733-a21f96d8fb74" testListId="8c84fa94-04c1-424b-9868-57a2d4851a1d" />
    <TestEntry testId="f044b47f-e5f5-4802-b065-4cffaf66d98a" executionId="9154024e-400a-4134-87f2-bdbaa1e93dd2" testListId="8c84fa94-04c1-424b-9868-57a2d4851a1d" />
    <TestEntry testId="7a0a2588-cf03-42a5-8c5f-9ed3430f606d" executionId="040f1c84-4fc6-48b7-851a-0d42d8d9ad3c" testListId="8c84fa94-04c1-424b-9868-57a2d4851a1d" />
    <TestEntry testId="a8c920d9-8883-4d67-95c8-d84448b6cfcc" executionId="350d480b-e2ca-4376-96ba-3fda8a060259" testListId="8c84fa94-04c1-424b-9868-57a2d4851a1d" />
    <TestEntry testId="3cf0aa5a-aa4f-4f22-8808-42629c026912" executionId="194a5df5-8f76-455b-9df4-de494966f66b" testListId="8c84fa94-04c1-424b-9868-57a2d4851a1d" />
    <TestEntry testId="817e54af-056c-4a9d-a9d5-5c69abac1ce3" executionId="92aa3583-2e1f-458d-b95f-5ad76981e15b" testListId="8c84fa94-04c1-424b-9868-57a2d4851a1d" />
    <TestEntry testId="62d2e74c-7e5b-4cb7-9ef7-c52c3f89a21c" executionId="9d389642-563c-44d9-8716-bde72f548fc0" testListId="8c84fa94-04c1-424b-9868-57a2d4851a1d" />
    <TestEntry testId="58bc8865-55b5-4227-beb5-53224067d8f1" executionId="f2695bfe-2360-4d22-bfde-66aef8dd9ba5" testListId="8c84fa94-04c1-424b-9868-57a2d4851a1d" />
    <TestEntry testId="bd3e97f1-666a-43ed-948e-f80259c2b566" executionId="d8f20b4f-8aa7-4059-8c52-fa71254e08d1" testListId="8c84fa94-04c1-424b-9868-57a2d4851a1d" />
    <TestEntry testId="649853a8-7de8-416f-8328-154af7620c18" executionId="1d7244e0-c356-44fa-983a-74e75fcd135e" testListId="8c84fa94-04c1-424b-9868-57a2d4851a1d" />
    <TestEntry testId="65786145-bd11-4912-b697-b3de55eea709" executionId="5ea7ba29-3351-4c1c-b67a-6973b5e0a5d6" testListId="8c84fa94-04c1-424b-9868-57a2d4851a1d" />
    <TestEntry testId="38c23d6c-86a2-44c7-891f-f3e15589a8e8" executionId="d99cfba8-802c-4833-8a2f-c6a851b8f2cb" testListId="8c84fa94-04c1-424b-9868-57a2d4851a1d" />
    <TestEntry testId="181d88bc-d826-4310-b01a-3ab3ddb0db85" executionId="87a3f8ca-9f75-4f27-9758-5c2180e2a105" testListId="8c84fa94-04c1-424b-9868-57a2d4851a1d" />
    <TestEntry testId="ca73d96c-8e17-4f05-a38e-9369c5a34672" executionId="99921af2-434f-49dd-ab2b-bdb96d42165f" testListId="8c84fa94-04c1-424b-9868-57a2d4851a1d" />
    <TestEntry testId="7c001fdf-76a7-4972-864f-a6bd6a669964" executionId="989a0f87-e0fa-4548-b3ca-0ab4d504cd54" testListId="8c84fa94-04c1-424b-9868-57a2d4851a1d" />
    <TestEntry testId="06284805-5142-4239-8f47-2bae7eb0e4d4" executionId="5139c1e5-a86d-4bd4-b2dd-349f0f51c160" testListId="8c84fa94-04c1-424b-9868-57a2d4851a1d" />
    <TestEntry testId="c62f10bd-3ba4-4020-adcc-ed84edf51bab" executionId="d39b0dc0-34b5-44a5-8d56-a863d35d4346" testListId="8c84fa94-04c1-424b-9868-57a2d4851a1d" />
    <TestEntry testId="e955dd49-6958-426e-83f9-add8f6ee0471" executionId="f4153659-9e7b-4fb8-a140-27a73a67f2a7" testListId="8c84fa94-04c1-424b-9868-57a2d4851a1d" />
    <TestEntry testId="08523a04-b4df-4976-8ac7-ccc5b2b429fe" executionId="20a67fe0-de64-499c-b71d-f2975d12dfbd" testListId="8c84fa94-04c1-424b-9868-57a2d4851a1d" />
    <TestEntry testId="3d234f34-fa13-4374-8bc1-67ad3e4cbb5e" executionId="9a767662-1a09-41cc-9ea8-0fad68ea63cf" testListId="8c84fa94-04c1-424b-9868-57a2d4851a1d" />
    <TestEntry testId="4b2788b1-dbff-4187-91a3-8b62fa857d3a" executionId="07df7705-fcb8-4493-93ce-13ef14ce26e7" testListId="8c84fa94-04c1-424b-9868-57a2d4851a1d" />
    <TestEntry testId="c3982acd-3ffc-481e-87ce-8f58bbd5b8da" executionId="5ed7af13-ac22-4149-88b1-41ed8ad01f4e" testListId="8c84fa94-04c1-424b-9868-57a2d4851a1d" />
    <TestEntry testId="98ba146e-39f5-4376-837b-5883af31b1c1" executionId="d92f9946-8002-4773-9343-f6c7721bed96" testListId="8c84fa94-04c1-424b-9868-57a2d4851a1d" />
    <TestEntry testId="1c388926-ae72-48f0-9db0-73c1ed4235c6" executionId="172a065a-0415-4f3b-ac9b-592a92621382" testListId="8c84fa94-04c1-424b-9868-57a2d4851a1d" />
    <TestEntry testId="8c6d7ff5-d3f1-4711-93b7-243b63df86d2" executionId="5cf8d4fb-29d1-4fb2-a80d-98e4366540f6" testListId="8c84fa94-04c1-424b-9868-57a2d4851a1d" />
    <TestEntry testId="246f3049-0885-43a1-91d2-99f865450d27" executionId="5f05a8ac-fc97-4753-b3dd-ae2931c4375f" testListId="8c84fa94-04c1-424b-9868-57a2d4851a1d" />
    <TestEntry testId="83d8327d-b663-414f-8131-323946a5f10d" executionId="ae989cac-6099-4e54-9981-0cba7cb13d12" testListId="8c84fa94-04c1-424b-9868-57a2d4851a1d" />
    <TestEntry testId="b6ac60e0-7f35-4cd6-9fca-f3f3a7a6b1b0" executionId="53357e15-85c6-4aed-815a-1ea1990ede1d" testListId="8c84fa94-04c1-424b-9868-57a2d4851a1d" />
    <TestEntry testId="eb9cdfaf-66cf-45c4-90cd-002f0608ce91" executionId="c6349fd3-e6fd-4e6d-9843-eac86298e31f" testListId="8c84fa94-04c1-424b-9868-57a2d4851a1d" />
    <TestEntry testId="b0545bf7-3be2-424d-8c43-38512d294a59" executionId="be16f5ab-4263-4c91-ae3c-209cc1285d7a" testListId="8c84fa94-04c1-424b-9868-57a2d4851a1d" />
    <TestEntry testId="0dbd9e23-5db4-4f09-8cd5-3c90682a6ee3" executionId="830c39ba-1598-434a-bd0e-d50298c9fe57" testListId="8c84fa94-04c1-424b-9868-57a2d4851a1d" />
    <TestEntry testId="d648aecb-314c-4ae4-a983-438259c60d5b" executionId="43f94596-96db-4517-80f3-c1e22839fab9" testListId="8c84fa94-04c1-424b-9868-57a2d4851a1d" />
    <TestEntry testId="ac7c20d1-2b7e-4a7d-be20-27a0026731b9" executionId="af95c953-1d3b-4e7e-b073-cf81dde80950" testListId="8c84fa94-04c1-424b-9868-57a2d4851a1d" />
    <TestEntry testId="a13f3051-940c-420f-8572-2fa9da0103cb" executionId="c71783f2-9b1d-4d27-a078-4a726e752b3e" testListId="8c84fa94-04c1-424b-9868-57a2d4851a1d" />
    <TestEntry testId="1233d17d-68dc-482e-83ce-a46dbf301fe6" executionId="537aa1dc-774b-4964-b519-2ae528826e19" testListId="8c84fa94-04c1-424b-9868-57a2d4851a1d" />
    <TestEntry testId="96698d1c-c780-4e13-81ae-fe2dcc2fec56" executionId="84692565-99a0-4c33-bdab-cc75c30a0629" testListId="8c84fa94-04c1-424b-9868-57a2d4851a1d" />
    <TestEntry testId="a7bda2fb-6bc9-4e16-bb20-fea4327d4510" executionId="2417d37b-9a98-421a-8b06-f8642c0dfd91" testListId="8c84fa94-04c1-424b-9868-57a2d4851a1d" />
    <TestEntry testId="1e2bf472-e2dc-42cc-95e6-aac972c199d2" executionId="15f242c1-fb00-42f8-9eb4-ceffac4ba1ae" testListId="8c84fa94-04c1-424b-9868-57a2d4851a1d" />
    <TestEntry testId="ec0474ea-5249-4ef7-8a82-3c68fae6790c" executionId="4795cfb1-aa02-4058-98b0-df5c92297f05" testListId="8c84fa94-04c1-424b-9868-57a2d4851a1d" />
    <TestEntry testId="fbe35323-c717-4015-83b7-e8165ccc1fa1" executionId="7b16eac1-a7cc-4b86-9073-0f53968b8688" testListId="8c84fa94-04c1-424b-9868-57a2d4851a1d" />
    <TestEntry testId="976196be-88de-4a27-90bf-2b8249533006" executionId="23e3b6e4-be74-4f58-a156-52fd703080b2" testListId="8c84fa94-04c1-424b-9868-57a2d4851a1d" />
    <TestEntry testId="74122a7f-43e1-4faf-ae9a-7485633a66c5" executionId="3261f133-e310-4d4e-909f-953740b60c4c" testListId="8c84fa94-04c1-424b-9868-57a2d4851a1d" />
    <TestEntry testId="79f1376c-6d7a-4a7a-9153-0bcab2591b76" executionId="f0dfdc6c-e94e-41a4-a8f6-67b0ec5609cc" testListId="8c84fa94-04c1-424b-9868-57a2d4851a1d" />
    <TestEntry testId="23a9f755-0d88-4b87-be57-b9affd073079" executionId="98c7f23c-a9d4-4a6f-bc6b-de84a643cf8d" testListId="8c84fa94-04c1-424b-9868-57a2d4851a1d" />
    <TestEntry testId="882c9db3-5fdb-470e-878a-41b0847e0969" executionId="673ba9ab-3518-4e0f-84ff-8e10531628e9" testListId="8c84fa94-04c1-424b-9868-57a2d4851a1d" />
    <TestEntry testId="79e3cf6a-9665-42f2-87a3-eb5e8739f54c" executionId="4cffd06d-ea3e-4286-910c-a37b8465b951" testListId="8c84fa94-04c1-424b-9868-57a2d4851a1d" />
    <TestEntry testId="6cefe2c6-f3c7-4eb8-badb-87f4a122e357" executionId="31338f30-d770-4725-8ac6-d64ea5e1f960" testListId="8c84fa94-04c1-424b-9868-57a2d4851a1d" />
    <TestEntry testId="7f5a04cf-7088-48bf-921a-1ff811a15dec" executionId="e4cbe3d4-d84b-4964-ab2e-28e85afd5d4a" testListId="8c84fa94-04c1-424b-9868-57a2d4851a1d" />
    <TestEntry testId="80596164-3dfb-4e0d-beaf-04a2ae9330dd" executionId="c35cdc19-012c-4b6c-bcd4-01ac18996750" testListId="8c84fa94-04c1-424b-9868-57a2d4851a1d" />
    <TestEntry testId="b5996d86-9467-4f5f-9d97-61ef35463470" executionId="42bb820d-9c1b-4a6f-8dfb-5db30a18d50e" testListId="8c84fa94-04c1-424b-9868-57a2d4851a1d" />
    <TestEntry testId="158f55e2-37b4-45c6-bbbd-39af1afae59c" executionId="35677623-9a60-4cd3-a6ff-a3294c8068a6" testListId="8c84fa94-04c1-424b-9868-57a2d4851a1d" />
    <TestEntry testId="6f2cac52-79d4-495f-9a3b-3105165e5fe0" executionId="39b8865a-3033-4d3b-be3b-6341f69f0ac8" testListId="8c84fa94-04c1-424b-9868-57a2d4851a1d" />
    <TestEntry testId="3125999a-6dbd-4eb3-9ea3-e1e8c1841c18" executionId="fb1002b1-eae2-490b-98d5-3e7d5ec89bb8" testListId="8c84fa94-04c1-424b-9868-57a2d4851a1d" />
    <TestEntry testId="1ae8555c-9e44-4c18-89fe-1104231f1809" executionId="6f3a537a-1687-4153-929d-074c42b491a8" testListId="8c84fa94-04c1-424b-9868-57a2d4851a1d" />
    <TestEntry testId="0cbd94e1-8d2f-4abe-b800-443d6d58cdc7" executionId="af2cadde-b3f0-4f2d-b0ad-5a7a488c64ce" testListId="8c84fa94-04c1-424b-9868-57a2d4851a1d" />
    <TestEntry testId="0d19cc4e-cbe1-411f-849b-d07479d11de0" executionId="feb47571-4c89-4e1d-b40c-f08e1633f423" testListId="8c84fa94-04c1-424b-9868-57a2d4851a1d" />
    <TestEntry testId="89dc4075-41cd-4e3a-8e56-c5ca9b7ef66c" executionId="37c3b0ea-6b46-4760-8caa-f341ad9b5a88" testListId="8c84fa94-04c1-424b-9868-57a2d4851a1d" />
    <TestEntry testId="4130c1a5-8ade-4b83-ae5f-5eb3b96dab4b" executionId="2956de43-d83f-4ef9-a476-ecf1887327b3" testListId="8c84fa94-04c1-424b-9868-57a2d4851a1d" />
    <TestEntry testId="57050ed3-b320-4444-a6ac-e7c82270ce3f" executionId="06a1bc52-4b82-46a7-b049-41ff33f200d5" testListId="8c84fa94-04c1-424b-9868-57a2d4851a1d" />
    <TestEntry testId="7782ab4b-481d-4e3e-98cb-cf66dbbe8df6" executionId="87c76352-8bf5-412c-94da-49fec5badecd" testListId="8c84fa94-04c1-424b-9868-57a2d4851a1d" />
    <TestEntry testId="88a3c0ff-9435-4788-819e-983e79fcd6a6" executionId="7eb84252-2ca8-42e7-a3c9-a065a1f97464" testListId="8c84fa94-04c1-424b-9868-57a2d4851a1d" />
    <TestEntry testId="8bfa74c6-e6ca-417c-9ae8-efc8a0f7114e" executionId="3a765db0-b0dc-4fd0-a64e-0926e441e406" testListId="8c84fa94-04c1-424b-9868-57a2d4851a1d" />
    <TestEntry testId="6a34398b-bee2-4711-9c6e-f3f71ea4a07c" executionId="c8478858-f1a7-4140-a94d-e0d9b8ca169f" testListId="8c84fa94-04c1-424b-9868-57a2d4851a1d" />
    <TestEntry testId="69fa5a64-5970-4216-8132-df0dc7d2c32b" executionId="825d7aec-5fcf-42ba-93bc-80c8e2b42269" testListId="8c84fa94-04c1-424b-9868-57a2d4851a1d" />
    <TestEntry testId="3d60350f-0a96-471f-90ae-8771c17d02ef" executionId="a3c8b083-abdb-43b2-9a1f-1bf531a90a8d" testListId="8c84fa94-04c1-424b-9868-57a2d4851a1d" />
    <TestEntry testId="48e618a0-aa4a-47d7-9418-07b13787c74a" executionId="12c11119-e6d1-41e5-abfb-3a6ef3757527" testListId="8c84fa94-04c1-424b-9868-57a2d4851a1d" />
    <TestEntry testId="5c2c865e-3bc6-4dbd-8664-dd74c36bae5a" executionId="37b0200e-a92f-42ee-a30d-d6f8ef7fb733" testListId="8c84fa94-04c1-424b-9868-57a2d4851a1d" />
    <TestEntry testId="e09a7814-76b6-452e-ae6f-de96b380affa" executionId="d344fbfa-566e-4e68-bf70-7503f9f76945" testListId="8c84fa94-04c1-424b-9868-57a2d4851a1d" />
    <TestEntry testId="49ad06af-8164-49b0-9064-f562bd5b3223" executionId="dcd561f8-5c51-45ab-94d5-370b9c9d8947" testListId="8c84fa94-04c1-424b-9868-57a2d4851a1d" />
    <TestEntry testId="9d967bc2-ff73-4bd8-b4b9-875cec497ebc" executionId="f17841ee-ebc3-4967-97ab-0e94e028f043" testListId="8c84fa94-04c1-424b-9868-57a2d4851a1d" />
    <TestEntry testId="e25f6e6a-d745-44cf-bc6a-881ff0414499" executionId="980facf9-6472-467b-8690-757d5f8289cd" testListId="8c84fa94-04c1-424b-9868-57a2d4851a1d" />
    <TestEntry testId="6d757762-247d-45e4-851b-c6cea1b602e5" executionId="89f024be-5975-41e0-8f98-d8c9b1875627" testListId="8c84fa94-04c1-424b-9868-57a2d4851a1d" />
    <TestEntry testId="66430f0a-9e7f-41a7-929e-21c1a2cbc97c" executionId="7f46cc5e-511d-41b6-8761-d1638830fcc7" testListId="8c84fa94-04c1-424b-9868-57a2d4851a1d" />
    <TestEntry testId="58a447b4-78f1-40c5-aa16-40ee329b4f83" executionId="279c6a62-7968-4bf2-8431-c1526f31c586" testListId="8c84fa94-04c1-424b-9868-57a2d4851a1d" />
    <TestEntry testId="902722e3-f462-4a1f-a47c-11356af72449" executionId="ebe52d07-9503-413e-b3e6-6d89725f24a4" testListId="8c84fa94-04c1-424b-9868-57a2d4851a1d" />
    <TestEntry testId="3405b01e-8e60-4bc4-9341-8578e7d966ec" executionId="1fdc58f7-4473-4cb9-9a56-51e2f8706f71" testListId="8c84fa94-04c1-424b-9868-57a2d4851a1d" />
    <TestEntry testId="8da4f470-4dcd-4678-873c-78f3c795ed35" executionId="5fb03038-e645-41f8-ac5d-795d9e2577b4" testListId="8c84fa94-04c1-424b-9868-57a2d4851a1d" />
    <TestEntry testId="6970f415-6b79-408f-ba93-d94080d1c17a" executionId="d4c79cff-a694-4521-9400-8b9ba4d6cfb9" testListId="8c84fa94-04c1-424b-9868-57a2d4851a1d" />
    <TestEntry testId="9dbc243b-2d3a-4ca5-803d-d28d3d510be1" executionId="ef052e3b-cb3b-4726-84a9-5a54e70f05bc" testListId="8c84fa94-04c1-424b-9868-57a2d4851a1d" />
    <TestEntry testId="7bd2360e-313a-49f9-a30e-2a890085e446" executionId="b69dbbaf-5812-4d05-a558-7db6fffabaf5" testListId="8c84fa94-04c1-424b-9868-57a2d4851a1d" />
    <TestEntry testId="eb4b4910-ba80-4487-93ad-fd2678b33f6d" executionId="d261ba17-b8d0-44e8-953c-082334c27e0b" testListId="8c84fa94-04c1-424b-9868-57a2d4851a1d" />
    <TestEntry testId="df278790-18a3-4496-9f48-ee3d8a4b8366" executionId="dc301f57-607c-40eb-8d79-af8086ed2159" testListId="8c84fa94-04c1-424b-9868-57a2d4851a1d" />
    <TestEntry testId="e9cb223b-0f66-4b14-a83a-07712e43b1e4" executionId="2f7bda70-3b37-4929-84a1-da0872213558" testListId="8c84fa94-04c1-424b-9868-57a2d4851a1d" />
    <TestEntry testId="131e4d59-4882-4b56-b0f4-e18f58ff992e" executionId="ff2e8232-ec25-42b2-afd1-f5895bfe8456" testListId="8c84fa94-04c1-424b-9868-57a2d4851a1d" />
    <TestEntry testId="284cbafe-66e8-4298-b2d1-178c2891794c" executionId="dd60d31c-900d-4a19-b505-9ea5fd9d20c8" testListId="8c84fa94-04c1-424b-9868-57a2d4851a1d" />
    <TestEntry testId="eb6e168a-4bcd-4bf1-b783-8b30e438f8e2" executionId="4dc488e9-043d-4775-8acf-cc779f128003" testListId="8c84fa94-04c1-424b-9868-57a2d4851a1d" />
    <TestEntry testId="c0c57970-039d-4bdd-a688-8f399505a208" executionId="f40790c0-fb84-4461-ad8f-1408eb5de848" testListId="8c84fa94-04c1-424b-9868-57a2d4851a1d" />
    <TestEntry testId="fe5c0a8f-796d-43c5-8cd6-c11fa336f344" executionId="4a456e6c-44a2-454f-82ef-1da66a4f710a" testListId="8c84fa94-04c1-424b-9868-57a2d4851a1d" />
    <TestEntry testId="ed04d2dd-37a7-465a-a0f5-c5e56d913cb6" executionId="d3cfa9cd-0ac0-4f92-af56-6f038788046b" testListId="8c84fa94-04c1-424b-9868-57a2d4851a1d" />
    <TestEntry testId="0a480d12-eea0-4c84-8eae-e1fc7e3a03f3" executionId="2164ac77-4302-4fdb-a1a2-25878bebf754" testListId="8c84fa94-04c1-424b-9868-57a2d4851a1d" />
    <TestEntry testId="6a7b8c20-257e-413c-91f8-4424bfc44d40" executionId="5e828f2e-0b2a-4d2d-9f95-84d1b342a583" testListId="8c84fa94-04c1-424b-9868-57a2d4851a1d" />
    <TestEntry testId="b3ed2640-f671-41b1-ae33-15f9579d7549" executionId="03d2f414-87b0-4a1b-9a06-636258e91203" testListId="8c84fa94-04c1-424b-9868-57a2d4851a1d" />
    <TestEntry testId="93dec656-5558-498b-b439-4da806c8b590" executionId="60baaaa6-bf16-4977-a712-a8d865f1aeb6" testListId="8c84fa94-04c1-424b-9868-57a2d4851a1d" />
    <TestEntry testId="c75a5734-798a-4246-90cf-97e21e218fe2" executionId="0e9e0df9-95e0-4f39-b9a7-078ed4d2c7be" testListId="8c84fa94-04c1-424b-9868-57a2d4851a1d" />
    <TestEntry testId="ae674558-465c-4384-ad1f-fea598e4c0e4" executionId="e225212f-408c-4dce-92aa-4354c977e555" testListId="8c84fa94-04c1-424b-9868-57a2d4851a1d" />
    <TestEntry testId="5ca98c08-53c4-46fe-a364-4bbc0bd43017" executionId="809336a3-d64d-44ed-97e4-8e02a901c31e" testListId="8c84fa94-04c1-424b-9868-57a2d4851a1d" />
    <TestEntry testId="e7154f5e-b28c-4253-a0ea-626f1b8cd050" executionId="f5eb17c7-1761-4293-81d9-4d712f2051c8" testListId="8c84fa94-04c1-424b-9868-57a2d4851a1d" />
    <TestEntry testId="de8fae19-07b7-49b3-afaa-3ad73b37d8ef" executionId="08284cf9-9115-478c-8061-079317904321" testListId="8c84fa94-04c1-424b-9868-57a2d4851a1d" />
    <TestEntry testId="adb97d6b-4837-46b0-9208-51037c47c8f7" executionId="3476d56a-d26f-41c6-af86-adebc0fcede1" testListId="8c84fa94-04c1-424b-9868-57a2d4851a1d" />
    <TestEntry testId="09c47e9f-24ca-42fb-a8de-78eef25a969e" executionId="571e231f-9a29-45b7-b6df-1ba2abb09653" testListId="8c84fa94-04c1-424b-9868-57a2d4851a1d" />
    <TestEntry testId="ee28e8ed-d931-4630-8e77-2c63c85dfbbb" executionId="df43ddd3-61ae-4e52-9e21-cd11a4f28d83" testListId="8c84fa94-04c1-424b-9868-57a2d4851a1d" />
    <TestEntry testId="9d4cdf70-0a47-41a6-834e-65af0510d89f" executionId="8d9821e8-79d6-4535-9da4-235d76ea4a7a" testListId="8c84fa94-04c1-424b-9868-57a2d4851a1d" />
    <TestEntry testId="462acf88-3741-4489-9128-fe6710fa79d7" executionId="01f39edf-6103-4626-a39e-5cb60c725d13" testListId="8c84fa94-04c1-424b-9868-57a2d4851a1d" />
    <TestEntry testId="279f6eb0-70a6-493d-b3be-338ec865c878" executionId="739c651b-49b9-44f6-a7c6-a00936c77eb1" testListId="8c84fa94-04c1-424b-9868-57a2d4851a1d" />
    <TestEntry testId="918351e7-a26d-4e17-ae97-83f3f076a79f" executionId="118ec4c4-d1e5-4aa6-9842-7f17ab2500fd" testListId="8c84fa94-04c1-424b-9868-57a2d4851a1d" />
    <TestEntry testId="39b5817f-4a29-44fd-8c7e-74637214aa49" executionId="6549fd9f-bf8e-471d-a5a6-c355a9d771fc" testListId="8c84fa94-04c1-424b-9868-57a2d4851a1d" />
    <TestEntry testId="35449853-b0b6-4cdf-ab13-ff9a703170c2" executionId="257b62fe-ee8c-4e77-8aea-9ea5d7849a4b" testListId="8c84fa94-04c1-424b-9868-57a2d4851a1d" />
    <TestEntry testId="cc71cbd0-5ba3-4d42-bb59-abbbd7eabc73" executionId="f0dde134-bcf5-4aed-8c05-d472ee9a9099" testListId="8c84fa94-04c1-424b-9868-57a2d4851a1d" />
    <TestEntry testId="1561a0c0-84f4-4876-9027-8e236e1cf8da" executionId="1511f6e1-48ff-4b0f-a597-56d58b07beee" testListId="8c84fa94-04c1-424b-9868-57a2d4851a1d" />
    <TestEntry testId="a658e3bf-8b95-4f76-ac53-d99e8b7dd7e4" executionId="8b8883c2-4e78-420a-b13c-c7b396534c75" testListId="8c84fa94-04c1-424b-9868-57a2d4851a1d" />
    <TestEntry testId="74ad2bd7-f0f3-4113-88c3-3355575a66aa" executionId="4df1c6e1-1d77-4cb8-9a3b-5686c5de3f50" testListId="8c84fa94-04c1-424b-9868-57a2d4851a1d" />
    <TestEntry testId="2d54667a-fd8a-403e-8914-38d6a920f380" executionId="0b887d79-5832-4144-9984-21afa3ea69e6" testListId="8c84fa94-04c1-424b-9868-57a2d4851a1d" />
    <TestEntry testId="6b7f3f95-5278-49ca-a2cd-9477a2c5baee" executionId="5c8ffee0-89e4-4e42-9a27-aec4698f5d55" testListId="8c84fa94-04c1-424b-9868-57a2d4851a1d" />
    <TestEntry testId="65e5ba83-9542-489d-ba25-0582614cd514" executionId="b80b7036-25c2-4662-b7d2-74f4d4282ee1" testListId="8c84fa94-04c1-424b-9868-57a2d4851a1d" />
    <TestEntry testId="7054bf0a-da10-4638-af70-74ea3778cb10" executionId="3760389e-3283-487b-8920-a175493fd167" testListId="8c84fa94-04c1-424b-9868-57a2d4851a1d" />
    <TestEntry testId="059ad0e5-7969-4edd-a9dc-a6cbb9ed7af0" executionId="9d2b8878-2905-477c-b9f8-34f0df4b75c4" testListId="8c84fa94-04c1-424b-9868-57a2d4851a1d" />
    <TestEntry testId="2638754f-59de-44ed-826a-62655e267567" executionId="4366dca4-6ad8-4db0-a403-2189986a1549" testListId="8c84fa94-04c1-424b-9868-57a2d4851a1d" />
    <TestEntry testId="a5e1e46b-d776-4b31-9ad7-b645ae232178" executionId="075eeb1c-b56b-4896-bcbb-7e26547c0977" testListId="8c84fa94-04c1-424b-9868-57a2d4851a1d" />
    <TestEntry testId="b08b5eb1-a4c9-4dde-a9b0-a13c08682f5b" executionId="65315034-d3db-4059-9053-c4d3ef08f198" testListId="8c84fa94-04c1-424b-9868-57a2d4851a1d" />
    <TestEntry testId="d01aa470-31d9-40d3-bbfe-c04bb670151a" executionId="5afb3242-ba66-4a3e-a548-8b8a89c2dab7" testListId="8c84fa94-04c1-424b-9868-57a2d4851a1d" />
    <TestEntry testId="a2207393-d33f-4deb-9965-364fc25a1017" executionId="5226af89-e31f-45f9-80ac-58550df91ea9" testListId="8c84fa94-04c1-424b-9868-57a2d4851a1d" />
    <TestEntry testId="70962866-2f26-4ae4-ae29-e4247f729b23" executionId="87c1528a-8fbd-4067-aa01-9358f9a9cd05" testListId="8c84fa94-04c1-424b-9868-57a2d4851a1d" />
    <TestEntry testId="825c4da7-c96a-4a40-8b7e-d663723f29b7" executionId="3316f894-0880-4b9d-9fdc-df6eed7cfd58" testListId="8c84fa94-04c1-424b-9868-57a2d4851a1d" />
    <TestEntry testId="c5743bb7-f1af-4742-a9d2-e10cddf317e1" executionId="3ed1cdc7-d25a-4a70-a0a5-baaee1e01778" testListId="8c84fa94-04c1-424b-9868-57a2d4851a1d" />
    <TestEntry testId="f52284c2-a600-4624-9d58-02c711135543" executionId="d4520d72-e413-4d3d-80bb-924763c8e817" testListId="8c84fa94-04c1-424b-9868-57a2d4851a1d" />
    <TestEntry testId="13ff460b-2557-4cf0-93eb-fe073b28fadf" executionId="684e7031-2d09-44f4-a402-78c338638477" testListId="8c84fa94-04c1-424b-9868-57a2d4851a1d" />
    <TestEntry testId="4eec9c66-89ef-4e08-9d37-dabc3901c6d4" executionId="77651acd-d48b-49e7-a6d4-062227ce9e09" testListId="8c84fa94-04c1-424b-9868-57a2d4851a1d" />
    <TestEntry testId="a710b90c-a8ab-443f-ae34-c798eb137905" executionId="b7f98d8c-fb50-4ac1-a8c2-73422f4ea67e" testListId="8c84fa94-04c1-424b-9868-57a2d4851a1d" />
    <TestEntry testId="fc4baa01-560a-460a-8319-8b12fdd895ad" executionId="30baa33b-0084-4f2e-baf3-914f8b2c29bd" testListId="8c84fa94-04c1-424b-9868-57a2d4851a1d" />
    <TestEntry testId="282f7b84-9adf-4ab6-86c5-b3dcbe56faad" executionId="2f7c9ed1-e4ba-4302-aa03-7d962d898af4" testListId="8c84fa94-04c1-424b-9868-57a2d4851a1d" />
    <TestEntry testId="6a56befc-f419-47d9-b51a-d22583c8e843" executionId="6e304b30-b804-4a3b-9263-db7ff161344d" testListId="8c84fa94-04c1-424b-9868-57a2d4851a1d" />
    <TestEntry testId="19a5a6e6-4f57-4bb6-97d3-9ec997071c3e" executionId="afb3524d-e8aa-4ee8-abb9-0d3f92366ea7" testListId="8c84fa94-04c1-424b-9868-57a2d4851a1d" />
    <TestEntry testId="ef499007-1dae-4156-864b-1c4eb96d9519" executionId="2fb19b2e-adf3-42d0-8c28-03c6720771dc" testListId="8c84fa94-04c1-424b-9868-57a2d4851a1d" />
    <TestEntry testId="eafe97a0-cf4e-4f7b-bbae-8819ad7c69c3" executionId="38297813-59d5-41a8-87cb-4a6f15ff0de4" testListId="8c84fa94-04c1-424b-9868-57a2d4851a1d" />
    <TestEntry testId="bc14a7b6-17dd-4a60-8a1c-5de27ece1964" executionId="7c8ba956-fce9-4f97-894e-4a76dfcd2816" testListId="8c84fa94-04c1-424b-9868-57a2d4851a1d" />
    <TestEntry testId="5a97622f-8e40-44c3-900c-230300656e7a" executionId="e0c9fa82-bdb5-4767-9cf4-97c05646f840" testListId="8c84fa94-04c1-424b-9868-57a2d4851a1d" />
    <TestEntry testId="4a6aca32-d0d9-4c47-9ee5-214044728ceb" executionId="b5f22df1-e250-4059-8eda-28b45806da29" testListId="8c84fa94-04c1-424b-9868-57a2d4851a1d" />
    <TestEntry testId="f6cd0cd2-cbe0-4656-9e66-d5fcec8e428c" executionId="873fb4f9-3d0b-4cbe-be27-bfb43f74bda7" testListId="8c84fa94-04c1-424b-9868-57a2d4851a1d" />
    <TestEntry testId="a429c5da-0b7d-4ea1-b9b2-e767479eced3" executionId="59bde99d-9966-4130-a248-5358d5a3ecae" testListId="8c84fa94-04c1-424b-9868-57a2d4851a1d" />
    <TestEntry testId="0991ebea-f8c9-4a70-817d-162226f3f9c0" executionId="b7ade362-bac2-48ba-a288-fbeb6bacc2fd" testListId="8c84fa94-04c1-424b-9868-57a2d4851a1d" />
    <TestEntry testId="49d5ef97-22b4-4fba-b783-237ed0622b0c" executionId="11a9da72-34c8-44b6-8807-2385caa8c45b" testListId="8c84fa94-04c1-424b-9868-57a2d4851a1d" />
    <TestEntry testId="d2cc2f1f-8a1f-4115-a0c6-e227b6905a63" executionId="625ec6dc-f764-481e-9683-65099a0672bd" testListId="8c84fa94-04c1-424b-9868-57a2d4851a1d" />
    <TestEntry testId="77b19859-253b-44dd-a910-eccce1faee0a" executionId="856a0d8a-fd7e-4f5e-8a5a-a9cf558ac068" testListId="8c84fa94-04c1-424b-9868-57a2d4851a1d" />
    <TestEntry testId="be396768-3125-47ec-935f-9fcc9f2f2348" executionId="0a469631-9996-403f-a178-f95b3010ac32" testListId="8c84fa94-04c1-424b-9868-57a2d4851a1d" />
    <TestEntry testId="41796565-f034-4e49-8c79-57af834f42a9" executionId="77edc2c6-b249-4252-b87c-df50abd72845" testListId="8c84fa94-04c1-424b-9868-57a2d4851a1d" />
    <TestEntry testId="952a04d4-ef8d-474c-9550-f49cfcf8d11a" executionId="22b16bd8-00bf-471f-80c7-93fcb4a6c05a" testListId="8c84fa94-04c1-424b-9868-57a2d4851a1d" />
    <TestEntry testId="f2c830bc-b35a-497a-a3ef-23bfba70f19c" executionId="aa20d8f0-b001-4570-8169-0c8b22bff056" testListId="8c84fa94-04c1-424b-9868-57a2d4851a1d" />
    <TestEntry testId="f4c128de-df9c-4419-8b8a-94081f5d5721" executionId="9a291c88-1516-473d-8b17-ac36a88ed5c0" testListId="8c84fa94-04c1-424b-9868-57a2d4851a1d" />
    <TestEntry testId="fb528569-b600-4fca-9283-fa012f8978e0" executionId="93d94580-a3fa-4147-8090-c622da2e649a" testListId="8c84fa94-04c1-424b-9868-57a2d4851a1d" />
    <TestEntry testId="d5a5e31e-ed27-449d-b83e-83da293af6c6" executionId="fa632ce1-31f8-49b1-b711-45afd2307488" testListId="8c84fa94-04c1-424b-9868-57a2d4851a1d" />
    <TestEntry testId="88384186-fa12-4afd-8630-dba5e629b5ff" executionId="5423ec39-d046-44a2-a487-7b4e77515267" testListId="8c84fa94-04c1-424b-9868-57a2d4851a1d" />
    <TestEntry testId="465fe532-2b2b-457a-8803-4e2f7ef3405a" executionId="bc54e2c8-e7c9-4b0c-b8e9-dc3a2a1e04df" testListId="8c84fa94-04c1-424b-9868-57a2d4851a1d" />
    <TestEntry testId="41b2ab7d-5657-4a5f-84be-94b55b65a692" executionId="f9bfe31a-97aa-4ea8-afad-76c3d5827ebb" testListId="8c84fa94-04c1-424b-9868-57a2d4851a1d" />
    <TestEntry testId="ddd54b62-2798-4a42-a234-daf304734a87" executionId="e354d3c7-9f03-4ff0-b2ae-16f6e27a75d4" testListId="8c84fa94-04c1-424b-9868-57a2d4851a1d" />
    <TestEntry testId="3024428f-e19a-4f1a-8c2e-c3f9b3864938" executionId="1093cf01-d3d6-4f85-9b23-cf60a40494f8" testListId="8c84fa94-04c1-424b-9868-57a2d4851a1d" />
    <TestEntry testId="453de8a0-c2a5-46c7-9d24-0eff611129d2" executionId="7dae944f-b15c-40a7-a9a1-a6d06aa0561c" testListId="8c84fa94-04c1-424b-9868-57a2d4851a1d" />
    <TestEntry testId="9f0d5bb0-28c9-4190-869b-acd80e8624cc" executionId="6d67baf7-849a-4924-80de-e1c132f14c33" testListId="8c84fa94-04c1-424b-9868-57a2d4851a1d" />
    <TestEntry testId="ed8fcd64-a15f-4e77-aaf1-4b7be5903fb9" executionId="8e316ef4-25f0-4a64-a770-8a4515b49c86" testListId="8c84fa94-04c1-424b-9868-57a2d4851a1d" />
    <TestEntry testId="402c8b32-c164-4cfa-8c92-58c73bf2e997" executionId="71644217-a818-4dfa-a25b-4d9dde71182d" testListId="8c84fa94-04c1-424b-9868-57a2d4851a1d" />
    <TestEntry testId="aff0b951-ec6c-450b-9710-e21fa98945f1" executionId="2d9e94e3-3667-4896-be2e-bbdf59a1482d" testListId="8c84fa94-04c1-424b-9868-57a2d4851a1d" />
    <TestEntry testId="dbbf1175-0082-423d-a500-cecf4bef0db6" executionId="0985b672-6c44-47c1-af65-d35542ca2763" testListId="8c84fa94-04c1-424b-9868-57a2d4851a1d" />
    <TestEntry testId="42535d34-ea01-4004-a3d5-22baefe9d4b8" executionId="eea23990-e71a-4a22-8efe-34bab3a164b8" testListId="8c84fa94-04c1-424b-9868-57a2d4851a1d" />
    <TestEntry testId="b0188344-4778-4bed-886a-5762f21892b1" executionId="5c9971da-034f-4537-901d-a6dd20bbcca2" testListId="8c84fa94-04c1-424b-9868-57a2d4851a1d" />
    <TestEntry testId="3aae3955-c141-4fa8-9840-66c2c526158b" executionId="7aed74ed-27ee-40e0-90a2-e2d6ab151159" testListId="8c84fa94-04c1-424b-9868-57a2d4851a1d" />
    <TestEntry testId="02ebe6e0-4adb-4675-8781-4790db159e76" executionId="1076d92d-eea0-498b-a205-94849b7e10ad" testListId="8c84fa94-04c1-424b-9868-57a2d4851a1d" />
    <TestEntry testId="36ad5a88-52a7-439d-a61d-5a9be12d1fdf" executionId="09978e1e-034c-4299-a751-b7eaa93a2d3d" testListId="8c84fa94-04c1-424b-9868-57a2d4851a1d" />
    <TestEntry testId="b0ff49d3-11a3-48b6-9816-301928032e78" executionId="1b1cb259-0970-4cb5-aa95-e1d3f1301164" testListId="8c84fa94-04c1-424b-9868-57a2d4851a1d" />
    <TestEntry testId="01583e7f-8bc3-41d8-8cf2-f37df7c4feda" executionId="abd16d5b-578c-4846-8be9-496f0e3246de" testListId="8c84fa94-04c1-424b-9868-57a2d4851a1d" />
    <TestEntry testId="f0c7f4bb-dbc9-459f-a683-622415a59b22" executionId="01302fc9-96f3-440b-a304-ce0dfca87d21" testListId="8c84fa94-04c1-424b-9868-57a2d4851a1d" />
    <TestEntry testId="01054d9c-48b2-4cec-8804-6f761284e3ae" executionId="df31edb9-6003-4d1b-9337-7c5889a84771" testListId="8c84fa94-04c1-424b-9868-57a2d4851a1d" />
    <TestEntry testId="2deb44fa-2e54-4507-89a0-febfcea9e7f1" executionId="f249c828-2355-4e23-ab31-58d6298afb79" testListId="8c84fa94-04c1-424b-9868-57a2d4851a1d" />
    <TestEntry testId="c469455d-ad3a-4dca-b24b-9bef77adf4ed" executionId="78fb986a-2005-4d61-b39b-5ea7801ec595" testListId="8c84fa94-04c1-424b-9868-57a2d4851a1d" />
    <TestEntry testId="5af8fdc6-25cd-468e-9bc4-585f92d7726c" executionId="3c153771-e034-4a3b-ad12-73a8f7d854fa" testListId="8c84fa94-04c1-424b-9868-57a2d4851a1d" />
    <TestEntry testId="b265bc08-8564-423c-8201-8450c41f06c2" executionId="2a19b9f1-dcb1-4f11-8f20-c9f3c4c181da" testListId="8c84fa94-04c1-424b-9868-57a2d4851a1d" />
    <TestEntry testId="907ce7ac-63bb-4b5c-b08d-842ead4f94c8" executionId="126bc724-295a-4cdc-b382-a0088ee7095d" testListId="8c84fa94-04c1-424b-9868-57a2d4851a1d" />
    <TestEntry testId="d4850733-1275-41cf-a47d-263861d96bbd" executionId="cf920681-0806-4d69-a5c4-5b3b40680d20" testListId="8c84fa94-04c1-424b-9868-57a2d4851a1d" />
    <TestEntry testId="7a991983-413c-45c0-8b2e-4f1ca7328e53" executionId="9dffd3f9-d6ce-4aba-82cf-797042093994" testListId="8c84fa94-04c1-424b-9868-57a2d4851a1d" />
    <TestEntry testId="0ad19d43-685c-4554-8857-f66bd862915c" executionId="bd98cf4f-794d-4c3f-828a-8c32e003ed02" testListId="8c84fa94-04c1-424b-9868-57a2d4851a1d" />
    <TestEntry testId="4b616091-2bad-45ad-8ea0-236d587c927a" executionId="f7927258-9627-4493-a31f-75115b10515a" testListId="8c84fa94-04c1-424b-9868-57a2d4851a1d" />
    <TestEntry testId="23ac4bb0-a158-4421-8d31-47598e272bf4" executionId="5fe9f03c-0fdc-4aa0-ad27-5813056431f7" testListId="8c84fa94-04c1-424b-9868-57a2d4851a1d" />
    <TestEntry testId="83c593e1-4c64-411e-a1a0-c5cd8f0f81b6" executionId="0ad80d60-e737-406a-b340-5d23c29f339a" testListId="8c84fa94-04c1-424b-9868-57a2d4851a1d" />
    <TestEntry testId="c5420c94-dd51-4175-862c-b0aea3cdd707" executionId="9d3d3b19-2560-4960-b6e8-ef3f87f80db6" testListId="8c84fa94-04c1-424b-9868-57a2d4851a1d" />
    <TestEntry testId="f74359f0-82a3-4e69-aaac-adefb11fe8a3" executionId="849c96df-1b56-4bef-bb80-0e7cc7bf19ae" testListId="8c84fa94-04c1-424b-9868-57a2d4851a1d" />
    <TestEntry testId="b509f4ae-493d-4fe7-af8e-f219628a6a4e" executionId="a0f54aba-145b-4f87-b6b0-896139278a38" testListId="8c84fa94-04c1-424b-9868-57a2d4851a1d" />
    <TestEntry testId="75fcdcb5-ba25-4fe7-bd33-6f18b08d5639" executionId="aff9d158-8338-4366-8788-6a1265211d48" testListId="8c84fa94-04c1-424b-9868-57a2d4851a1d" />
    <TestEntry testId="4620cd58-d924-424f-b891-2c44a8744823" executionId="ffb8cf7a-0cae-4373-a667-e678fd630e48" testListId="8c84fa94-04c1-424b-9868-57a2d4851a1d" />
    <TestEntry testId="f2354bbe-8e01-4382-8469-8c017055bb7c" executionId="ab3d66fe-00ac-463f-a5c5-a62d4f68a137" testListId="8c84fa94-04c1-424b-9868-57a2d4851a1d" />
    <TestEntry testId="afa66f9f-6306-46d8-9936-535e2dc7455c" executionId="87583ac5-0ebb-4140-bfa0-94968f64b611" testListId="8c84fa94-04c1-424b-9868-57a2d4851a1d" />
    <TestEntry testId="767536a5-3f43-4301-a2f9-3f2b53e1fb45" executionId="efe8e08e-7d47-4473-a8c8-3e94a05475ae" testListId="8c84fa94-04c1-424b-9868-57a2d4851a1d" />
    <TestEntry testId="89100a2c-0ba6-4b81-8373-5ec3df1356de" executionId="326d32e5-db8a-4354-894d-c38ea4798c4b" testListId="8c84fa94-04c1-424b-9868-57a2d4851a1d" />
    <TestEntry testId="83f7b4de-ed84-4815-a96b-93e2daa9b292" executionId="89e77d8f-1aec-466c-b3ce-0886400813bb" testListId="8c84fa94-04c1-424b-9868-57a2d4851a1d" />
    <TestEntry testId="13838353-c409-437f-b88b-18f6c70d5523" executionId="86a46b82-4f46-44f7-a385-fc05dc2fd170" testListId="8c84fa94-04c1-424b-9868-57a2d4851a1d" />
    <TestEntry testId="85140935-a597-4d58-9c10-fcb3255e24c9" executionId="dad3f054-0395-4a44-8215-68b826c25f60" testListId="8c84fa94-04c1-424b-9868-57a2d4851a1d" />
    <TestEntry testId="4d7aeca4-c612-476d-a094-40557f0ca8c8" executionId="bcce7ee7-ab53-42c0-aa01-21c2f4a2da71" testListId="8c84fa94-04c1-424b-9868-57a2d4851a1d" />
    <TestEntry testId="b3ec176a-de5b-40b4-9e43-0a27b1067ff7" executionId="51c8e95a-5e5a-47d9-a93b-f192a47d0d87" testListId="8c84fa94-04c1-424b-9868-57a2d4851a1d" />
    <TestEntry testId="6ada5bdd-5882-4531-b6af-f8c3faa61ba5" executionId="6b3157d8-eb54-4722-8574-8d8bea45ffb3" testListId="8c84fa94-04c1-424b-9868-57a2d4851a1d" />
    <TestEntry testId="3293e391-8716-4ae8-b494-84500ea0729b" executionId="9fbcdc7a-ee8f-4d93-838d-a7c0856f83a1" testListId="8c84fa94-04c1-424b-9868-57a2d4851a1d" />
    <TestEntry testId="0b1ba838-882f-420f-b7d7-80b0f0ebdda2" executionId="32c82449-c811-43f0-adf0-065b52051094" testListId="8c84fa94-04c1-424b-9868-57a2d4851a1d" />
    <TestEntry testId="2c4db837-20fb-4489-9505-1418dcbf6292" executionId="3db25830-aa55-4164-84a8-c2b12ebf9b7a" testListId="8c84fa94-04c1-424b-9868-57a2d4851a1d" />
    <TestEntry testId="c4b52408-80be-46ce-a37c-be67cd6af101" executionId="74cd82fc-e847-416e-9d50-9fb01fa96852" testListId="8c84fa94-04c1-424b-9868-57a2d4851a1d" />
    <TestEntry testId="bc44c7b9-a3aa-468e-a42f-1716c1ce2228" executionId="1b288dd6-26db-49f9-955e-db86da8b3b9f" testListId="8c84fa94-04c1-424b-9868-57a2d4851a1d" />
    <TestEntry testId="dc56e640-8bb2-4340-9c06-84df318743d4" executionId="09103832-d9a0-49c5-8a59-46ba1c10a9d5" testListId="8c84fa94-04c1-424b-9868-57a2d4851a1d" />
    <TestEntry testId="771c74fb-52a9-4f54-974a-edc79f87be94" executionId="2cd725a5-bf02-421a-a016-81483ee05cfc" testListId="8c84fa94-04c1-424b-9868-57a2d4851a1d" />
    <TestEntry testId="df21e364-9b71-4f7f-ab3c-9b2c5141b296" executionId="3cd58429-2104-47aa-873a-2ef1621fc2ff" testListId="8c84fa94-04c1-424b-9868-57a2d4851a1d" />
    <TestEntry testId="0e7e0d53-efed-47b2-b44a-127a9140083b" executionId="e489cda2-4b86-4371-a88e-a9e1bbf106f2" testListId="8c84fa94-04c1-424b-9868-57a2d4851a1d" />
    <TestEntry testId="e383f0d6-5772-4618-9c9c-5e60e4c82702" executionId="07405bce-4615-4648-a9ee-572c87c1593d" testListId="8c84fa94-04c1-424b-9868-57a2d4851a1d" />
    <TestEntry testId="fc9e8d9f-d9a6-4f00-bd37-1338f866679a" executionId="95628c2d-0649-4f33-9728-274479522359" testListId="8c84fa94-04c1-424b-9868-57a2d4851a1d" />
    <TestEntry testId="b3bbb3af-375d-4e6f-aa7d-1ad47989fa40" executionId="2128b6ed-b526-4e83-af55-140f1a729366" testListId="8c84fa94-04c1-424b-9868-57a2d4851a1d" />
    <TestEntry testId="648aef6e-411d-4769-aff2-b478257055e2" executionId="87922711-9c1e-4735-af9c-b6a4044f3faa" testListId="8c84fa94-04c1-424b-9868-57a2d4851a1d" />
    <TestEntry testId="7abc6cde-233c-4dfd-8181-81bc5709c568" executionId="6a9e40b4-f973-4c42-b4fd-e25a46f5e1e9" testListId="8c84fa94-04c1-424b-9868-57a2d4851a1d" />
    <TestEntry testId="c5143763-f29b-4fa6-b330-d6da043e0611" executionId="7b7d1f13-d96a-4fc6-a090-91168bdab136" testListId="8c84fa94-04c1-424b-9868-57a2d4851a1d" />
    <TestEntry testId="29cff2f7-3b20-4d7e-a031-8e4b693f061e" executionId="b64a7d35-6713-4c52-8914-7f5ce23e819f" testListId="8c84fa94-04c1-424b-9868-57a2d4851a1d" />
    <TestEntry testId="9ec7b163-5e71-407a-bf02-2f04730d0f6a" executionId="050b8694-1cf1-4738-a132-60b3825ea42d" testListId="8c84fa94-04c1-424b-9868-57a2d4851a1d" />
    <TestEntry testId="3dd0ec9f-f354-46ab-8248-58a16a914c10" executionId="8630c37c-d4f7-4d94-99ee-2bfa1704f15c" testListId="8c84fa94-04c1-424b-9868-57a2d4851a1d" />
    <TestEntry testId="f62f0ba8-00d8-425e-8139-bf1005d869da" executionId="29967cd6-e7fd-4640-898c-181822733811" testListId="8c84fa94-04c1-424b-9868-57a2d4851a1d" />
    <TestEntry testId="5025028f-f357-4d5b-9209-77c77c78ade9" executionId="92b871c7-9058-42f8-90fc-55e7c8cf1776" testListId="8c84fa94-04c1-424b-9868-57a2d4851a1d" />
    <TestEntry testId="21611d5b-e840-4b92-baba-7627c660e8fc" executionId="3fe7bca4-8f51-4962-a7c5-7ef9d68ec61e" testListId="8c84fa94-04c1-424b-9868-57a2d4851a1d" />
    <TestEntry testId="42c069d5-9797-45e9-9718-21e813e511a1" executionId="0b015585-a1a6-4786-bbf4-b098a2ad0b9c" testListId="8c84fa94-04c1-424b-9868-57a2d4851a1d" />
    <TestEntry testId="5660f2ca-1700-4527-8b51-cae21444f917" executionId="864ec788-53c9-4cc8-b0cb-b58273a75520" testListId="8c84fa94-04c1-424b-9868-57a2d4851a1d" />
    <TestEntry testId="adbc9a70-44ff-4a9a-bb73-5a8b97f8963c" executionId="ec71fae9-4867-4097-8f29-181899d111bb" testListId="8c84fa94-04c1-424b-9868-57a2d4851a1d" />
    <TestEntry testId="4ba4c663-7b32-4e30-979b-4e661cffe78e" executionId="1ddeb04a-80c3-43dc-80c1-2a3329782f34" testListId="8c84fa94-04c1-424b-9868-57a2d4851a1d" />
    <TestEntry testId="0227337b-2bf1-47e2-a882-d2e507b7d12a" executionId="98d22ee0-face-4b20-9107-d482a8d1d00d" testListId="8c84fa94-04c1-424b-9868-57a2d4851a1d" />
    <TestEntry testId="164e65ab-0183-4722-bd47-4229dae3db70" executionId="8f9b3fd8-3e72-4ad8-b8b3-f933627f8000" testListId="8c84fa94-04c1-424b-9868-57a2d4851a1d" />
    <TestEntry testId="3cc34cd3-bac4-4909-8e56-f8b0f1b40e38" executionId="0deb5b01-bec2-4152-a01a-290e365d3d41" testListId="8c84fa94-04c1-424b-9868-57a2d4851a1d" />
    <TestEntry testId="eae31370-9a61-43ef-b8a9-1bf061532599" executionId="43e89ea1-7cb2-4710-b7a3-5db459a65d59" testListId="8c84fa94-04c1-424b-9868-57a2d4851a1d" />
    <TestEntry testId="7b6dda8d-205e-49f7-854a-7540429f1c71" executionId="31cf959f-deab-432b-b84c-61fe59907b13" testListId="8c84fa94-04c1-424b-9868-57a2d4851a1d" />
    <TestEntry testId="ab468f55-7643-48be-a7b9-fea904f24644" executionId="d8ae1ad0-626a-4fe5-9f5d-5fa1cd70416d" testListId="8c84fa94-04c1-424b-9868-57a2d4851a1d" />
    <TestEntry testId="542e64f8-794c-44ba-80dc-d082bcb6fdcc" executionId="8a6d91f7-f256-4a17-892a-1593f14c10b8" testListId="8c84fa94-04c1-424b-9868-57a2d4851a1d" />
    <TestEntry testId="98b22d34-e59c-426e-bea4-7afbde80aee2" executionId="da0a510b-2aef-4a41-8788-0cc0137ad243" testListId="8c84fa94-04c1-424b-9868-57a2d4851a1d" />
    <TestEntry testId="28cf9bae-e125-4d42-86f7-f99128fac5b2" executionId="97ed366c-7b04-41e7-8ab3-6db0ff973eba" testListId="8c84fa94-04c1-424b-9868-57a2d4851a1d" />
    <TestEntry testId="46d8155e-7b18-45c4-8b8b-45d212093b18" executionId="7ea2d43b-10e1-4ab7-9ec5-53d4d8c9033c" testListId="8c84fa94-04c1-424b-9868-57a2d4851a1d" />
    <TestEntry testId="849fef2e-73fb-4cc4-be4b-870d3eda4cc1" executionId="3d61f290-6dbf-4761-82b0-94b104d4bb4b" testListId="8c84fa94-04c1-424b-9868-57a2d4851a1d" />
    <TestEntry testId="a79daff4-725d-46d5-a1e5-bf250ea04703" executionId="9b8a2bd5-20b2-431f-a238-b59f1f2d31aa" testListId="8c84fa94-04c1-424b-9868-57a2d4851a1d" />
    <TestEntry testId="b7b99342-e4f5-46b8-b40a-8efa1d600613" executionId="1048b4c1-8bfc-46ca-8853-06a570f2e8d6" testListId="8c84fa94-04c1-424b-9868-57a2d4851a1d" />
    <TestEntry testId="b0d1c656-4d0a-49ea-bf1c-f4b226dc0349" executionId="5d3af3e2-4750-4db7-96fc-d4f6ff8ab827" testListId="8c84fa94-04c1-424b-9868-57a2d4851a1d" />
    <TestEntry testId="3a662620-6307-4d78-9a03-5d9a8575ec2c" executionId="454deb9f-6b34-4d0d-b44d-1faadfbe24d2" testListId="8c84fa94-04c1-424b-9868-57a2d4851a1d" />
    <TestEntry testId="941dc640-74d3-45b6-bc8c-a4bd682506f8" executionId="be652eff-90fe-47d4-8d63-711df854002a" testListId="8c84fa94-04c1-424b-9868-57a2d4851a1d" />
    <TestEntry testId="1a3bb2df-6aee-4734-b7bb-a21d47b8c964" executionId="b03a135c-aa47-4e17-b758-96d93c04b28e" testListId="8c84fa94-04c1-424b-9868-57a2d4851a1d" />
    <TestEntry testId="2c8aaa1e-ba17-4831-a4c2-4989e1097d2a" executionId="540c9b50-e8de-4c91-b3c8-bd69f09e18d0" testListId="8c84fa94-04c1-424b-9868-57a2d4851a1d" />
    <TestEntry testId="700546f2-2a31-4bb4-94f9-1923a0975a40" executionId="132d9f24-2ca4-4028-8258-5ff17fab4854" testListId="8c84fa94-04c1-424b-9868-57a2d4851a1d" />
    <TestEntry testId="f805aea4-74e3-415e-96c9-949e9373fe6a" executionId="a1ce919d-88a6-4094-99a3-e1e5d83acaaf" testListId="8c84fa94-04c1-424b-9868-57a2d4851a1d" />
    <TestEntry testId="b97c4047-059f-4f68-8725-1c75925c896c" executionId="61e163d6-91bf-4d3d-a867-bb40d0ced285" testListId="8c84fa94-04c1-424b-9868-57a2d4851a1d" />
    <TestEntry testId="4757d308-3a4f-488c-9f9c-8b307e2ca805" executionId="6ff108de-5021-4606-9df2-bb9e54064d7e" testListId="8c84fa94-04c1-424b-9868-57a2d4851a1d" />
    <TestEntry testId="ae86d7ad-3488-42b8-a42a-b47b493a2581" executionId="75e64760-dfc9-4eb1-aa86-6054f2af453b" testListId="8c84fa94-04c1-424b-9868-57a2d4851a1d" />
    <TestEntry testId="8890e7b7-f482-4e20-80f8-b3f99845f768" executionId="b3547b30-392d-41d7-8930-ac593545d7a8" testListId="8c84fa94-04c1-424b-9868-57a2d4851a1d" />
    <TestEntry testId="32ade40f-5876-462a-bd44-9e04a83dc9b3" executionId="0ca1e1d4-878e-4b13-a813-34bf6484d57c" testListId="8c84fa94-04c1-424b-9868-57a2d4851a1d" />
    <TestEntry testId="b0d885ff-e64f-41be-8fe9-2a855f9cb210" executionId="6343464d-c6a8-49ae-8b53-65d6de06bf3b" testListId="8c84fa94-04c1-424b-9868-57a2d4851a1d" />
    <TestEntry testId="41e69a69-6a95-4073-8148-783bdb8bd98e" executionId="ce4060d8-c333-4b8e-8bcc-9d0c9798c1d9" testListId="8c84fa94-04c1-424b-9868-57a2d4851a1d" />
    <TestEntry testId="407e6b99-b7a9-4dd6-aa92-0c5e628ae328" executionId="e8f7bc24-730a-410d-8d3d-4c048bf06e66" testListId="8c84fa94-04c1-424b-9868-57a2d4851a1d" />
    <TestEntry testId="95ce6294-5c49-4a19-94e9-5e3bb3f59ef4" executionId="23a8b209-eb63-457d-b7ee-358d2a922028" testListId="8c84fa94-04c1-424b-9868-57a2d4851a1d" />
    <TestEntry testId="a36ec53b-d743-4358-9926-31deab3593eb" executionId="8f9b76b3-eb29-4f67-aed0-21f458eb04cf" testListId="8c84fa94-04c1-424b-9868-57a2d4851a1d" />
    <TestEntry testId="6d90d0d9-731a-42a6-9a00-40515c80268c" executionId="a0c75238-bf43-4eec-b175-1fb8bf716d25" testListId="8c84fa94-04c1-424b-9868-57a2d4851a1d" />
    <TestEntry testId="2e6e8669-d90c-40b6-ae73-6d3c5cacf2c8" executionId="a5887870-fd46-43ef-85ea-211cb723c21d" testListId="8c84fa94-04c1-424b-9868-57a2d4851a1d" />
    <TestEntry testId="406dcc56-4dee-4146-9755-4bc5b53fde88" executionId="62de78a4-e24b-4eaa-91c0-768221c68a44" testListId="8c84fa94-04c1-424b-9868-57a2d4851a1d" />
    <TestEntry testId="6cde19db-3d0f-4c7c-94af-e67df9634973" executionId="b02a107d-6327-48ee-9847-675a1cb0c289" testListId="8c84fa94-04c1-424b-9868-57a2d4851a1d" />
    <TestEntry testId="705947c9-f9cf-4e0c-9ca2-d7596c513db2" executionId="53b7bd73-70f9-4156-8b62-70a076f50d1c" testListId="8c84fa94-04c1-424b-9868-57a2d4851a1d" />
    <TestEntry testId="9984a5e7-7512-4385-a6b2-c8f31373fb60" executionId="0d445e7d-0a94-424e-98ce-0e9484b886cb" testListId="8c84fa94-04c1-424b-9868-57a2d4851a1d" />
    <TestEntry testId="d307a61c-d035-466b-8182-1d7504a495ea" executionId="ed22193f-2762-4dd7-b962-a1b0f405bcf8" testListId="8c84fa94-04c1-424b-9868-57a2d4851a1d" />
    <TestEntry testId="443ca9c7-bc68-42b7-b2c2-b436c0096365" executionId="749b49d9-cb26-4e3c-8369-21461680b8aa" testListId="8c84fa94-04c1-424b-9868-57a2d4851a1d" />
    <TestEntry testId="469808b1-c092-428c-936d-876ceacda71d" executionId="2de85c99-39c1-469e-a169-8a9e90d3665e" testListId="8c84fa94-04c1-424b-9868-57a2d4851a1d" />
    <TestEntry testId="601c6f46-3cdd-48cc-a202-91f19cdf3bb3" executionId="a59163bd-5931-4566-af10-69752529a5fc" testListId="8c84fa94-04c1-424b-9868-57a2d4851a1d" />
    <TestEntry testId="b17c6e1b-3571-4a4a-9618-308923139e95" executionId="b663c350-02c9-4409-963f-1e0c8c05002c" testListId="8c84fa94-04c1-424b-9868-57a2d4851a1d" />
    <TestEntry testId="176d41ae-ec56-4902-88de-54fd721b4eb0" executionId="8320eeb2-bca4-410b-a805-f9febf9b0246" testListId="8c84fa94-04c1-424b-9868-57a2d4851a1d" />
    <TestEntry testId="3248c394-96bd-4f59-a6c5-7453650f8bc3" executionId="6c2445c0-490f-4bc3-9a41-4f1b5c70c446" testListId="8c84fa94-04c1-424b-9868-57a2d4851a1d" />
    <TestEntry testId="bd570aa6-0000-4483-b75c-902b0e5edab8" executionId="41524429-e91f-40c6-8148-6f92c97cc113" testListId="8c84fa94-04c1-424b-9868-57a2d4851a1d" />
    <TestEntry testId="e12db668-d181-450a-9a71-3609011b804c" executionId="6aa34db4-1d12-48bc-a9e9-7c4b6e784e85" testListId="8c84fa94-04c1-424b-9868-57a2d4851a1d" />
    <TestEntry testId="c4bd3144-ccbf-49b2-8100-051a0b1776cd" executionId="f09dded3-172d-4110-a0fc-c4768b3f16c0" testListId="8c84fa94-04c1-424b-9868-57a2d4851a1d" />
    <TestEntry testId="38247f40-ae52-4d13-a72b-df1cfdfe3ea8" executionId="979ab9ef-16e4-4c2e-9c34-3b44c0d99204" testListId="8c84fa94-04c1-424b-9868-57a2d4851a1d" />
    <TestEntry testId="a4f73da7-4e79-4af4-b52d-a78b4993360d" executionId="d533172f-c99c-4f38-b868-2652d9311873" testListId="8c84fa94-04c1-424b-9868-57a2d4851a1d" />
    <TestEntry testId="b102a236-a38e-4ee7-93c4-add08c6fe474" executionId="51fb5fc6-c2ec-4e7c-91d8-fcba3edab78c" testListId="8c84fa94-04c1-424b-9868-57a2d4851a1d" />
    <TestEntry testId="c06886c9-2c18-4b4c-9321-373ad18c6222" executionId="aa375a92-111f-4195-8516-9ffec4d13e2e" testListId="8c84fa94-04c1-424b-9868-57a2d4851a1d" />
    <TestEntry testId="c500ce11-59ae-4b43-90ec-2e9fa70e0499" executionId="f6e1a26a-271f-4f58-b38b-5e46b8ff5086" testListId="8c84fa94-04c1-424b-9868-57a2d4851a1d" />
    <TestEntry testId="6ef8b99b-7268-42f7-a868-c3b826a50a21" executionId="16bd22c7-e695-4ed3-89f5-2cac766eb485" testListId="8c84fa94-04c1-424b-9868-57a2d4851a1d" />
    <TestEntry testId="f9db76c2-e8f4-4101-a367-a6878da7073c" executionId="92fc3178-7ece-4831-bb2e-6d06d06fd4bf" testListId="8c84fa94-04c1-424b-9868-57a2d4851a1d" />
    <TestEntry testId="2330c838-c317-4a78-a9fa-9eca50cd7c4a" executionId="3549f664-0616-455c-8de4-44805293ca96" testListId="8c84fa94-04c1-424b-9868-57a2d4851a1d" />
    <TestEntry testId="af035a6a-c37b-41ca-8ad3-6ebebe404b26" executionId="a4fd4276-7c59-4e90-8600-feef29d37404" testListId="8c84fa94-04c1-424b-9868-57a2d4851a1d" />
    <TestEntry testId="266aeb76-3a51-4887-baef-a81605d52fe8" executionId="711b49d4-3810-4b3d-aa67-eb2bfc23e036" testListId="8c84fa94-04c1-424b-9868-57a2d4851a1d" />
    <TestEntry testId="7f304b73-6386-4008-ab9e-1e66e459b960" executionId="d6369d88-5477-4d67-ab37-8d11306a9b8e" testListId="8c84fa94-04c1-424b-9868-57a2d4851a1d" />
    <TestEntry testId="5739f847-c839-407c-83b7-112754248bbc" executionId="4a054ee1-89e0-48a7-8a04-982b351d024a" testListId="8c84fa94-04c1-424b-9868-57a2d4851a1d" />
    <TestEntry testId="3a10defb-7022-49e6-a747-f5c870812a1a" executionId="f279b64e-9101-4138-83cf-56efeda4f203" testListId="8c84fa94-04c1-424b-9868-57a2d4851a1d" />
    <TestEntry testId="c4d3b389-84fd-4efd-a579-f01bdb3d9e81" executionId="3d278c07-d384-4ff5-b70f-960073590779" testListId="8c84fa94-04c1-424b-9868-57a2d4851a1d" />
    <TestEntry testId="e93918b4-bc81-491d-80be-df23530cb3a0" executionId="c4a9e814-918d-4f46-b7ca-ca877afacbdc" testListId="8c84fa94-04c1-424b-9868-57a2d4851a1d" />
    <TestEntry testId="572f0d84-cee4-47e7-993b-628e40ed0cac" executionId="a7b0ef2c-3f67-4998-b038-677188c1f8f5" testListId="8c84fa94-04c1-424b-9868-57a2d4851a1d" />
    <TestEntry testId="23b98461-a5e4-43a9-be62-065bc49c3231" executionId="998c891b-ad5f-4b6c-adc8-d7b77d454702" testListId="8c84fa94-04c1-424b-9868-57a2d4851a1d" />
    <TestEntry testId="163433d2-2efb-41a8-8d8a-a953008b187d" executionId="58ad6177-9732-40ef-bb56-0af21804f25b" testListId="8c84fa94-04c1-424b-9868-57a2d4851a1d" />
    <TestEntry testId="116c9029-7a14-4e4a-98f5-8ecb199b4c0b" executionId="fa05cb82-daa4-4eef-81a4-152ba773286c" testListId="8c84fa94-04c1-424b-9868-57a2d4851a1d" />
    <TestEntry testId="20f4e2b0-957c-4f10-90ba-5058ae8438d1" executionId="15b2fd37-5b86-4af9-8c52-f9ab79ec2724" testListId="8c84fa94-04c1-424b-9868-57a2d4851a1d" />
    <TestEntry testId="e0d0e724-9d62-4c6e-983f-1f45fa56aa07" executionId="1fb3cae8-3151-4930-b392-7c7cb6b4d0e1" testListId="8c84fa94-04c1-424b-9868-57a2d4851a1d" />
    <TestEntry testId="84104110-c10a-4898-bb9f-638a1895b71b" executionId="d527d001-1b4e-48fc-a1e1-df7a319c7562" testListId="8c84fa94-04c1-424b-9868-57a2d4851a1d" />
    <TestEntry testId="68870210-1e80-4475-b414-9b940351b7f2" executionId="0fc955cb-8895-4c64-b746-9229cc5ed5eb" testListId="8c84fa94-04c1-424b-9868-57a2d4851a1d" />
    <TestEntry testId="94bf65dc-0d99-44e2-982d-a9099131c7fd" executionId="903b9113-fc6d-4e85-93e8-7f2e7cf00eb9" testListId="8c84fa94-04c1-424b-9868-57a2d4851a1d" />
    <TestEntry testId="6cc6f569-f9d9-4b5b-a658-e0952f94ab18" executionId="dea4b986-5250-495e-8e11-cc694bae891c" testListId="8c84fa94-04c1-424b-9868-57a2d4851a1d" />
    <TestEntry testId="e28a67a4-f40c-4108-8293-436943e32e6f" executionId="bbd11d00-9c27-4009-9021-717d44d381aa" testListId="8c84fa94-04c1-424b-9868-57a2d4851a1d" />
    <TestEntry testId="df5bf3c3-f9bc-4f77-ac1e-650cd290b9a0" executionId="9bdd936b-f3d0-4c70-96aa-e2e2fed24b8c" testListId="8c84fa94-04c1-424b-9868-57a2d4851a1d" />
    <TestEntry testId="859779cd-47de-4a21-8836-3a741dec2ed5" executionId="0dc853e9-98b7-4419-9c7b-0f31cfa1347e" testListId="8c84fa94-04c1-424b-9868-57a2d4851a1d" />
    <TestEntry testId="ebf2fc77-01d8-40e4-8d66-9a7fa06d5db7" executionId="a1e7db87-2e49-4773-9437-1baa7f1f4871" testListId="8c84fa94-04c1-424b-9868-57a2d4851a1d" />
    <TestEntry testId="9c67d58d-d52e-41db-924b-8bcc958bec86" executionId="9f259e8a-4d45-408a-b840-36b949913c1d" testListId="8c84fa94-04c1-424b-9868-57a2d4851a1d" />
    <TestEntry testId="b3732730-6017-4ea0-a523-4cffbe272b8a" executionId="ee62220d-d3cc-4bdb-bc38-52516028faf6" testListId="8c84fa94-04c1-424b-9868-57a2d4851a1d" />
    <TestEntry testId="cfdf8242-b324-4ad5-8adb-9ce78aa3a4af" executionId="4d1d36bb-8abf-4b36-a968-62d61a6cfce9" testListId="8c84fa94-04c1-424b-9868-57a2d4851a1d" />
    <TestEntry testId="ea439642-6abf-42ce-87f9-d6a71aa5083b" executionId="bd0675a4-b642-4dfe-a65c-afc528c788e7" testListId="8c84fa94-04c1-424b-9868-57a2d4851a1d" />
    <TestEntry testId="7d2b347f-9ec7-4c6e-aadb-0b918197d2f3" executionId="21433c10-c2dc-4396-a3f6-35f425f73036" testListId="8c84fa94-04c1-424b-9868-57a2d4851a1d" />
    <TestEntry testId="c65cd80a-7a8c-4015-861d-f5a16c628a7d" executionId="45b3c129-8f47-41f0-86bb-225bcdbc7f33" testListId="8c84fa94-04c1-424b-9868-57a2d4851a1d" />
    <TestEntry testId="adbe27ae-bbc1-4dcd-b708-a309d5f4933a" executionId="d69c3b29-a922-4c33-b346-fb389bac09e7" testListId="8c84fa94-04c1-424b-9868-57a2d4851a1d" />
    <TestEntry testId="6cb560da-0650-40ed-aef6-c8612e7172de" executionId="ddd1bead-719f-47d2-87f0-b5e6eda67a16" testListId="8c84fa94-04c1-424b-9868-57a2d4851a1d" />
    <TestEntry testId="2c7a6fbd-2f6e-4f30-9133-caf878f90ed2" executionId="72060f65-bc1d-4294-bc92-4f974d6770f2" testListId="8c84fa94-04c1-424b-9868-57a2d4851a1d" />
    <TestEntry testId="6ed1b0c9-12e6-4a76-b411-f64acd066ac1" executionId="f11a6784-6d71-443b-97da-bf03a06b187c" testListId="8c84fa94-04c1-424b-9868-57a2d4851a1d" />
    <TestEntry testId="bd5dcee1-c04a-430a-98f5-6e3d8877f164" executionId="ba588b0f-024d-4546-8840-7947fffad9c3" testListId="8c84fa94-04c1-424b-9868-57a2d4851a1d" />
    <TestEntry testId="8af43166-a896-4a1a-b01c-65446320deee" executionId="25846d98-82a5-4d1c-9a24-61a4e589c439" testListId="8c84fa94-04c1-424b-9868-57a2d4851a1d" />
    <TestEntry testId="b1bf74d7-16ab-4681-9e18-e1fa1f0fca8b" executionId="9fc2794b-cefb-43e4-820c-e898f3deeff8" testListId="8c84fa94-04c1-424b-9868-57a2d4851a1d" />
    <TestEntry testId="83c13735-0e99-446e-86db-dcbb67c84e72" executionId="2e5c54b3-f69d-4b3e-b755-c0b7077fc3f4" testListId="8c84fa94-04c1-424b-9868-57a2d4851a1d" />
    <TestEntry testId="c60a5e6e-4368-486b-834f-764992305121" executionId="39c6702c-36d8-4a37-b2c3-e6762494444a" testListId="8c84fa94-04c1-424b-9868-57a2d4851a1d" />
    <TestEntry testId="cfd7b546-5eb5-4adb-adea-89e60ad25098" executionId="25f1ed7b-dea9-48cf-9a6c-864b21287025" testListId="8c84fa94-04c1-424b-9868-57a2d4851a1d" />
    <TestEntry testId="8609bc49-d93f-4247-974e-ac8144ae65d3" executionId="110fe3f4-ba6b-4ea7-ac8c-77f4502bdf31" testListId="8c84fa94-04c1-424b-9868-57a2d4851a1d" />
    <TestEntry testId="26480853-d153-4667-8001-1c10d3ef9f8b" executionId="ade05e9e-e628-4040-81a8-7a037617ef1a" testListId="8c84fa94-04c1-424b-9868-57a2d4851a1d" />
    <TestEntry testId="a6bfa9fd-e1a1-40a4-a169-65fd5139bf08" executionId="5daf37a8-b62a-46f7-b2b4-c14d5b81ab59" testListId="8c84fa94-04c1-424b-9868-57a2d4851a1d" />
    <TestEntry testId="f3dee165-fae6-44ad-ba51-1ec26fbe09ab" executionId="28f9afb4-aa22-417f-9821-838feff74718" testListId="8c84fa94-04c1-424b-9868-57a2d4851a1d" />
    <TestEntry testId="c570ebce-cf9d-4f40-a3d2-23da93591ac6" executionId="30739896-d259-40db-853f-e29a1a6def95" testListId="8c84fa94-04c1-424b-9868-57a2d4851a1d" />
    <TestEntry testId="c0490fd4-1038-45a3-8453-5966652bd251" executionId="c3beec0a-a162-473f-94ad-cdd6112a2b32" testListId="8c84fa94-04c1-424b-9868-57a2d4851a1d" />
    <TestEntry testId="6d74f127-2bc1-4dd5-ad57-12669eb51300" executionId="b435b078-6b4c-46fc-9032-91681ec005d7" testListId="8c84fa94-04c1-424b-9868-57a2d4851a1d" />
    <TestEntry testId="dc46b883-d2e3-4088-b861-a8e195b16513" executionId="fd49c956-f2ce-49ff-b70a-588652fad3e9" testListId="8c84fa94-04c1-424b-9868-57a2d4851a1d" />
    <TestEntry testId="8d28c93b-e642-4462-9a70-386b77da95db" executionId="0d819a40-ca6a-4a6c-a1a0-fcaaf271885f" testListId="8c84fa94-04c1-424b-9868-57a2d4851a1d" />
    <TestEntry testId="ba65e657-47ec-453a-94ad-77ca82e9696d" executionId="6e3d4ea4-4cb2-4afc-9d4a-e52f57786f09" testListId="8c84fa94-04c1-424b-9868-57a2d4851a1d" />
    <TestEntry testId="f80ef7a5-0fc2-4198-8898-9622f203287b" executionId="cf483522-b2fe-43bb-8160-5be7a95e69bf" testListId="8c84fa94-04c1-424b-9868-57a2d4851a1d" />
    <TestEntry testId="357c5b3a-3ab6-47c8-9d21-0fbb074d6f08" executionId="2b2c7dd2-d0e4-40bc-bc13-0f0516675201" testListId="8c84fa94-04c1-424b-9868-57a2d4851a1d" />
    <TestEntry testId="7f4e0041-83f6-4624-97dd-e979bbe8ac84" executionId="724f8017-e8f9-475d-b679-0f5c3b9d1974" testListId="8c84fa94-04c1-424b-9868-57a2d4851a1d" />
    <TestEntry testId="535408e3-71ce-4248-be7a-4d1fe6298d01" executionId="afbe26fa-829f-41dd-ae1a-e619a6d5380d" testListId="8c84fa94-04c1-424b-9868-57a2d4851a1d" />
    <TestEntry testId="23887f41-b406-4b44-9cb1-66eeb3f74bb3" executionId="870d80c5-cba2-43e7-bc05-eaf430916c6f" testListId="8c84fa94-04c1-424b-9868-57a2d4851a1d" />
    <TestEntry testId="676be7de-de87-441f-b8cd-f0a9f32486cb" executionId="152ce6f1-3f79-432f-b7c4-5118c78426d7" testListId="8c84fa94-04c1-424b-9868-57a2d4851a1d" />
    <TestEntry testId="0a82462f-cfe5-4955-899f-13b44a7dc1ce" executionId="8264e61a-d9ba-4ff1-94b7-bf3caf2357c9" testListId="8c84fa94-04c1-424b-9868-57a2d4851a1d" />
    <TestEntry testId="630c6a7f-8ad6-4620-b9cd-ab298319ec44" executionId="70d86e70-afde-4998-8de0-0c114a55a7a1" testListId="8c84fa94-04c1-424b-9868-57a2d4851a1d" />
    <TestEntry testId="d6bd2450-53ae-4736-990d-c3c5b756c7a1" executionId="a74f0f1b-86c8-4c26-8ef0-56b4046a2608" testListId="8c84fa94-04c1-424b-9868-57a2d4851a1d" />
    <TestEntry testId="e0e653d4-271d-40b0-971b-1484d9d16cbf" executionId="6d056168-9e3a-4121-9d12-c0722594c3c3" testListId="8c84fa94-04c1-424b-9868-57a2d4851a1d" />
    <TestEntry testId="eb00ea55-c389-4515-b561-fcafe1f298fa" executionId="1745f4c3-bb6a-40a3-9cdd-c55a42c7ca4c" testListId="8c84fa94-04c1-424b-9868-57a2d4851a1d" />
    <TestEntry testId="9f819303-dffc-4c55-a0f2-a47b740ede96" executionId="62b890af-ec18-445e-90ec-cbf4876cb9f3" testListId="8c84fa94-04c1-424b-9868-57a2d4851a1d" />
    <TestEntry testId="547d48f1-0ad4-46da-96ca-51c4264c8089" executionId="5d3a3981-7ae7-4fef-a06c-e095a3714caf" testListId="8c84fa94-04c1-424b-9868-57a2d4851a1d" />
    <TestEntry testId="d3af94e5-ef2b-4b4a-9895-93106cf3212d" executionId="980fe077-99e8-4c78-aa0c-73136a46958e" testListId="8c84fa94-04c1-424b-9868-57a2d4851a1d" />
    <TestEntry testId="512cef74-7efb-44f1-be10-c5817df07fb2" executionId="231c4678-42ac-405a-8be0-f428c6289bfe" testListId="8c84fa94-04c1-424b-9868-57a2d4851a1d" />
    <TestEntry testId="b1494e00-9ed8-44fc-b255-262675f82b22" executionId="e6c90841-cf4c-49ae-8e32-596b4f798b53" testListId="8c84fa94-04c1-424b-9868-57a2d4851a1d" />
    <TestEntry testId="85c6f201-76b4-40e4-a3b9-ee5881a118b5" executionId="e325aaac-4517-422e-9a47-9ed5f039542d" testListId="8c84fa94-04c1-424b-9868-57a2d4851a1d" />
    <TestEntry testId="39a7fb42-fd6b-4b31-838e-c9a00e209a2c" executionId="3479d456-e742-473f-9845-d84f75516cd6" testListId="8c84fa94-04c1-424b-9868-57a2d4851a1d" />
    <TestEntry testId="998549f0-e82d-4357-b519-24dd2bbb5b19" executionId="6eb7eef3-217b-410d-bd9a-f5f98d8be200" testListId="8c84fa94-04c1-424b-9868-57a2d4851a1d" />
    <TestEntry testId="5726b124-ab1d-47fa-98de-8cd3d2e86348" executionId="075857eb-6a0e-4313-8318-3d72aea829e5" testListId="8c84fa94-04c1-424b-9868-57a2d4851a1d" />
    <TestEntry testId="ba0282e0-84c6-4cf4-9d19-f80127bf7aa6" executionId="b3f20ccb-146f-4d4f-bf1a-b716cf24ee71" testListId="8c84fa94-04c1-424b-9868-57a2d4851a1d" />
    <TestEntry testId="70fbebdf-894b-46d8-810a-a334a308b7bb" executionId="0f823141-9256-483f-94e3-cb196c91c250" testListId="8c84fa94-04c1-424b-9868-57a2d4851a1d" />
    <TestEntry testId="e9143dbb-ac98-404c-a13a-3c3c801dd1f6" executionId="47f0b789-e41c-4360-b090-7db7bebbc39d" testListId="8c84fa94-04c1-424b-9868-57a2d4851a1d" />
    <TestEntry testId="9dc6d363-2f71-45de-bd13-cb7bbbf942cb" executionId="e2343963-4c5c-4f2a-a0d6-e02c5d85f5b1" testListId="8c84fa94-04c1-424b-9868-57a2d4851a1d" />
    <TestEntry testId="2c37b4bc-8d28-41c3-a3da-c340ba40de77" executionId="250e53e8-9155-4d40-9202-10de70b79166" testListId="8c84fa94-04c1-424b-9868-57a2d4851a1d" />
    <TestEntry testId="c07cbaa6-238d-4ff9-8911-57dd5b71a45c" executionId="70cbcf8b-3fab-442c-a0ad-39d2b1d61695" testListId="8c84fa94-04c1-424b-9868-57a2d4851a1d" />
    <TestEntry testId="72cbe45a-68f5-48d7-bc01-879de912aeb5" executionId="45a9e964-9a89-4b2e-8bc8-6390482473a4" testListId="8c84fa94-04c1-424b-9868-57a2d4851a1d" />
    <TestEntry testId="59f646ea-d774-4e8f-b6dc-416b015cc1a2" executionId="873b1b5c-b3e4-475a-b66f-3d1cbf6230e6" testListId="8c84fa94-04c1-424b-9868-57a2d4851a1d" />
    <TestEntry testId="94a6c958-3de0-4a12-8d74-14118511e084" executionId="0e2f2b9f-39bf-4b4c-a7df-6fa9500fd1cd" testListId="8c84fa94-04c1-424b-9868-57a2d4851a1d" />
    <TestEntry testId="51fa9a55-682b-4c91-b511-75dcfac9c2d4" executionId="d7d6ea27-6555-4f9a-9abc-d10e1af7a1bb" testListId="8c84fa94-04c1-424b-9868-57a2d4851a1d" />
    <TestEntry testId="54eb7676-e25c-46a5-9d0f-0c2dd1f0a7fb" executionId="8d1e6564-ecfa-4c5c-a4a3-9c32912d9415" testListId="8c84fa94-04c1-424b-9868-57a2d4851a1d" />
    <TestEntry testId="4ace5b29-0d8e-446b-84e5-ea7cf3aee00d" executionId="b36b6ebc-d4d6-4fba-b06d-5905f32f38de" testListId="8c84fa94-04c1-424b-9868-57a2d4851a1d" />
    <TestEntry testId="77f8a4ab-1edc-45d2-b538-8bd60f02ea3f" executionId="b7482178-735c-4dd9-928b-03a7d6a43f98" testListId="8c84fa94-04c1-424b-9868-57a2d4851a1d" />
    <TestEntry testId="2abfd4af-68a6-44d9-8972-e0fd81aa32b1" executionId="18e45f6c-397f-4960-b94e-dc56d18e73d9" testListId="8c84fa94-04c1-424b-9868-57a2d4851a1d" />
    <TestEntry testId="7407a058-9fd5-4565-a2b6-17716aed7993" executionId="376abcc0-e9a2-42fe-8dc6-2b1d8b23146a" testListId="8c84fa94-04c1-424b-9868-57a2d4851a1d" />
    <TestEntry testId="713c8665-6dce-4640-a48f-c5d88053a7af" executionId="44477418-fd01-4ce8-9a3e-f396950143cc" testListId="8c84fa94-04c1-424b-9868-57a2d4851a1d" />
    <TestEntry testId="bf9974fb-fbca-4163-991c-c7a9c0fbbcab" executionId="d1d038c4-6555-4960-9c4a-4e05cb53396b" testListId="8c84fa94-04c1-424b-9868-57a2d4851a1d" />
    <TestEntry testId="b217c3d8-9d60-4c04-b4c1-04c34d552291" executionId="11afc021-0790-4de6-a90d-377df13db325" testListId="8c84fa94-04c1-424b-9868-57a2d4851a1d" />
    <TestEntry testId="3b8a39e5-e810-4f96-a235-8e3f5dceeb6e" executionId="c2c66f42-4631-42bf-ac32-fa3f95a9354d" testListId="8c84fa94-04c1-424b-9868-57a2d4851a1d" />
    <TestEntry testId="ecafdff4-b4f4-4bb4-b6ab-861e21393c7c" executionId="bfdc2e88-885c-4099-8c8d-5b66e8c33471" testListId="8c84fa94-04c1-424b-9868-57a2d4851a1d" />
    <TestEntry testId="765fa88a-fd67-4b3a-8a32-6c641a5fa0c0" executionId="a908e001-a3d5-4a9d-91de-e8b592fda2cc" testListId="8c84fa94-04c1-424b-9868-57a2d4851a1d" />
    <TestEntry testId="1855ee85-2ae7-47d8-b031-56fbf6387259" executionId="60c2c142-c195-4a6b-9121-53c1dbcc4ade" testListId="8c84fa94-04c1-424b-9868-57a2d4851a1d" />
    <TestEntry testId="83097c7e-56b6-46ad-9ce5-3b07e4c9fd7b" executionId="491cc042-b748-425c-80ea-460ec49607a8" testListId="8c84fa94-04c1-424b-9868-57a2d4851a1d" />
    <TestEntry testId="1bd33577-b4c2-441f-99aa-142c330f7b53" executionId="24977c77-b4a7-49bf-9d7a-47fad0a1e321" testListId="8c84fa94-04c1-424b-9868-57a2d4851a1d" />
    <TestEntry testId="85f6ff40-8146-433e-b59d-3be7f9fb5d77" executionId="d81fa121-3223-4a8e-a9ff-b55110588df8" testListId="8c84fa94-04c1-424b-9868-57a2d4851a1d" />
    <TestEntry testId="18cb3ed6-dc82-49b5-bdf1-43484b144623" executionId="77687775-a85e-45ba-8685-2be40dd256ab" testListId="8c84fa94-04c1-424b-9868-57a2d4851a1d" />
    <TestEntry testId="0971a820-c64b-452e-942c-40dec9e8f3e5" executionId="f5d185ab-cdfb-4281-b358-12516ac14f00" testListId="8c84fa94-04c1-424b-9868-57a2d4851a1d" />
    <TestEntry testId="2e548687-133d-4897-9f88-05daa95cc955" executionId="9bbabadd-2001-4254-88e3-f7d79e7ff0e8" testListId="8c84fa94-04c1-424b-9868-57a2d4851a1d" />
    <TestEntry testId="74806400-0bce-4199-b2a9-48e64c206502" executionId="6ebb23e4-ec36-4969-a400-bb1fc1dd30bd" testListId="8c84fa94-04c1-424b-9868-57a2d4851a1d" />
    <TestEntry testId="39264b37-ccf0-46e3-82bd-35ee7ae34e02" executionId="f774f6b5-20ce-4216-93bb-9ffdd4bf2379" testListId="8c84fa94-04c1-424b-9868-57a2d4851a1d" />
    <TestEntry testId="f70c7033-b0e8-46ce-bc16-b73b973e3319" executionId="a7b7219f-aaaf-459e-876c-6a2b3c99e046" testListId="8c84fa94-04c1-424b-9868-57a2d4851a1d" />
    <TestEntry testId="9a077951-b24a-449b-8d9d-b045b77dea2d" executionId="cb548c7d-8929-4843-9d6f-de70479bd39f" testListId="8c84fa94-04c1-424b-9868-57a2d4851a1d" />
    <TestEntry testId="04fb3c29-8b94-42e7-8a0d-6ba2e6a03730" executionId="a280ddbc-8fcd-4626-a20e-0e7af89089dd" testListId="8c84fa94-04c1-424b-9868-57a2d4851a1d" />
    <TestEntry testId="3c7e422c-aa9f-4ed5-a870-9f6241071511" executionId="128a0b00-3117-41d7-86aa-bae08f313039" testListId="8c84fa94-04c1-424b-9868-57a2d4851a1d" />
    <TestEntry testId="5b18a678-156a-4e16-a3cc-83c73a432281" executionId="cbbdc1f2-97a0-4333-a201-c8953c5ee548" testListId="8c84fa94-04c1-424b-9868-57a2d4851a1d" />
    <TestEntry testId="baa53fb9-1d27-49a4-94fe-026b35fea906" executionId="c202ae01-21ea-479d-99ae-b69f65b460c7" testListId="8c84fa94-04c1-424b-9868-57a2d4851a1d" />
    <TestEntry testId="af5e1983-90d8-49a7-8d71-53bfa31e8412" executionId="2c40ebde-061d-4cad-80cd-893d0deac827" testListId="8c84fa94-04c1-424b-9868-57a2d4851a1d" />
    <TestEntry testId="0bc9ef8c-5063-4941-a6fc-e49f4ba49e08" executionId="f0863459-e60d-4021-88cd-6a320b979028" testListId="8c84fa94-04c1-424b-9868-57a2d4851a1d" />
    <TestEntry testId="bfb54cf5-f8c1-4525-94d9-d07ee41d93f1" executionId="791909e6-8afc-444d-8336-80ce62e2d7d1" testListId="8c84fa94-04c1-424b-9868-57a2d4851a1d" />
    <TestEntry testId="603d91c9-eaa7-42c4-a172-d121b5a0eec9" executionId="e559366d-a771-473b-a7bf-efa08d891cf2" testListId="8c84fa94-04c1-424b-9868-57a2d4851a1d" />
    <TestEntry testId="5362fa5a-9280-4cfc-9327-4be6244ddbb6" executionId="c558c2bd-9739-445f-b30f-449cf98466b9" testListId="8c84fa94-04c1-424b-9868-57a2d4851a1d" />
    <TestEntry testId="eb863053-f839-4722-9098-5eda237181cf" executionId="f332f00c-0eff-43bf-b311-3f99d3c928b8" testListId="8c84fa94-04c1-424b-9868-57a2d4851a1d" />
    <TestEntry testId="120c19e3-d64e-493a-bdb2-bec63c370fc2" executionId="e40b0160-1883-445a-89dc-56f0da8b0f24" testListId="8c84fa94-04c1-424b-9868-57a2d4851a1d" />
    <TestEntry testId="78fa336f-792a-43f8-acba-6d191e224da3" executionId="63789266-adb4-4f2c-a918-92c492c33997" testListId="8c84fa94-04c1-424b-9868-57a2d4851a1d" />
    <TestEntry testId="426d6a9e-be1f-4d3a-b5a6-460553bbd9c8" executionId="efddc791-ed7f-4399-9aeb-d070c9c6cff5" testListId="8c84fa94-04c1-424b-9868-57a2d4851a1d" />
    <TestEntry testId="a45bcffc-b4f8-408b-b851-c0c2c5fac79a" executionId="6ae90a7c-9fac-4a1b-904c-ee541e37bf6b" testListId="8c84fa94-04c1-424b-9868-57a2d4851a1d" />
    <TestEntry testId="b6cc8699-30a6-4677-bc82-252f7163a536" executionId="908c083b-1042-49f5-aa6a-daf45317d7c2" testListId="8c84fa94-04c1-424b-9868-57a2d4851a1d" />
    <TestEntry testId="53676b6d-5034-4dd5-b018-033eb351c61f" executionId="c0875e39-9874-4390-b2c7-db6636997c19" testListId="8c84fa94-04c1-424b-9868-57a2d4851a1d" />
    <TestEntry testId="b73dbd78-2285-4f99-9ecf-40488e1e809c" executionId="dda3a1f1-fb0d-42c8-8d25-2e0a79657c3a" testListId="8c84fa94-04c1-424b-9868-57a2d4851a1d" />
    <TestEntry testId="31e77a40-d7d0-4c47-8006-8e1381fddf04" executionId="9a0bcd77-c457-489f-bdc9-643f8d98284c" testListId="8c84fa94-04c1-424b-9868-57a2d4851a1d" />
    <TestEntry testId="e0614913-c91e-4402-bd00-a8536c4ccf1e" executionId="8e321b19-085f-413f-83e9-6c1d39900e2a" testListId="8c84fa94-04c1-424b-9868-57a2d4851a1d" />
    <TestEntry testId="cf0b2c5a-0113-4c30-97e1-a2594b20ae75" executionId="b437c85b-cfca-449b-a62c-28eae0915674" testListId="8c84fa94-04c1-424b-9868-57a2d4851a1d" />
    <TestEntry testId="64097486-e3d2-487f-90ee-904e18d8d5e1" executionId="da7376e8-3148-4d13-a3c1-ab1bec5bc413" testListId="8c84fa94-04c1-424b-9868-57a2d4851a1d" />
    <TestEntry testId="f72fbe25-4c7b-4bfa-954f-6601568d6786" executionId="bbb4cfad-3438-4f7a-90a3-c08f2ac48c46" testListId="8c84fa94-04c1-424b-9868-57a2d4851a1d" />
    <TestEntry testId="c4b6aebe-d178-40ba-99d7-0d9c5bff1586" executionId="379f11cd-4b87-4e05-8fbb-49c1a19bbb2f" testListId="8c84fa94-04c1-424b-9868-57a2d4851a1d" />
    <TestEntry testId="ecb1e961-fbfd-4877-9dff-ce9d881103ff" executionId="127cb936-fcf7-4509-9f37-f06869c7f155" testListId="8c84fa94-04c1-424b-9868-57a2d4851a1d" />
    <TestEntry testId="48f6a7ac-a835-4c7d-86ef-d6845a3ab706" executionId="50a4bdb9-648e-4c53-8c35-c40045c7930a" testListId="8c84fa94-04c1-424b-9868-57a2d4851a1d" />
    <TestEntry testId="cce2c0ad-e4b9-49eb-97dc-d48bba103918" executionId="d35a8981-f459-4447-93be-d5e3fdc7175b" testListId="8c84fa94-04c1-424b-9868-57a2d4851a1d" />
    <TestEntry testId="7e13c2eb-4005-4b11-a472-25cde9dd4be7" executionId="6c9f21c1-ec5d-4b05-ae13-950736ed862e" testListId="8c84fa94-04c1-424b-9868-57a2d4851a1d" />
    <TestEntry testId="e75d9d4f-bf80-4fb5-bef7-b2a11b56a848" executionId="8a0cb1ce-fd72-4cdf-a7bd-defab15a9361" testListId="8c84fa94-04c1-424b-9868-57a2d4851a1d" />
    <TestEntry testId="fe764d61-855a-48ec-b55e-48e8a428319e" executionId="d7a9376c-6138-442d-86e0-2bd313fde8d6" testListId="8c84fa94-04c1-424b-9868-57a2d4851a1d" />
    <TestEntry testId="6e65ed36-9db9-451d-83cb-1d2cc0ddad82" executionId="e23a3a5d-e715-472d-b996-582a97765a66" testListId="8c84fa94-04c1-424b-9868-57a2d4851a1d" />
    <TestEntry testId="33bae8e6-890e-42be-93d8-8557458472d7" executionId="a4e040cd-85a7-4d9f-82ad-bacb1981ded7" testListId="8c84fa94-04c1-424b-9868-57a2d4851a1d" />
    <TestEntry testId="bccdb770-080f-41c6-ae0a-2abde1a73024" executionId="66aeb793-5f7d-44ee-98fb-34bbac074648" testListId="8c84fa94-04c1-424b-9868-57a2d4851a1d" />
    <TestEntry testId="fdcf27c3-de1b-4491-ad05-4ef391c5639d" executionId="b824c66e-6250-44d9-8b02-0e3c9b8e620c" testListId="8c84fa94-04c1-424b-9868-57a2d4851a1d" />
    <TestEntry testId="5a6e0af8-f7fc-4a7c-b7ba-53dd3ff99cb5" executionId="ffe67033-752c-417e-8055-54bd519e445a" testListId="8c84fa94-04c1-424b-9868-57a2d4851a1d" />
    <TestEntry testId="1441b8a5-72e7-42dd-8a35-eee781c39879" executionId="af94ff3b-647c-4389-8d74-39da493f159d" testListId="8c84fa94-04c1-424b-9868-57a2d4851a1d" />
    <TestEntry testId="9ecd7de4-bde1-4047-a500-f64047b6aada" executionId="b9588587-b7d2-4da4-be39-6e3924c84184" testListId="8c84fa94-04c1-424b-9868-57a2d4851a1d" />
    <TestEntry testId="e45f76e0-3ebc-4d49-aa16-2b0f62b2dc74" executionId="1d3c81ca-787e-47a7-b00d-db8b950f8aa7" testListId="8c84fa94-04c1-424b-9868-57a2d4851a1d" />
    <TestEntry testId="26be97ce-b95d-42ff-84c6-d0c3226083ec" executionId="0b667bfb-a18b-45ac-be90-042163606650" testListId="8c84fa94-04c1-424b-9868-57a2d4851a1d" />
    <TestEntry testId="d89a75fb-1183-426c-bd87-f11bdfaabc15" executionId="8ab30e67-0543-454f-942d-b37316b43fe5" testListId="8c84fa94-04c1-424b-9868-57a2d4851a1d" />
    <TestEntry testId="8bc17b22-a8aa-4b82-84f9-f2065eb2cad5" executionId="1587009c-5e8c-4c59-89c7-c1df4da030fb" testListId="8c84fa94-04c1-424b-9868-57a2d4851a1d" />
    <TestEntry testId="436d87a8-553d-4e44-8698-04e287a6f537" executionId="58855cac-6301-4bdf-a4be-dcc9fabe8cee" testListId="8c84fa94-04c1-424b-9868-57a2d4851a1d" />
    <TestEntry testId="e52b2415-b34f-49d7-91ac-fee515aa462c" executionId="b1e4f22e-b4f5-404f-9748-d4e3ca6c0d11" testListId="8c84fa94-04c1-424b-9868-57a2d4851a1d" />
    <TestEntry testId="59d2328d-6dd2-4cd0-834d-0e2341e86398" executionId="e6c5d9d5-1657-4f10-8941-39606fb4c01c" testListId="8c84fa94-04c1-424b-9868-57a2d4851a1d" />
    <TestEntry testId="4f6edaea-7d3b-48cc-9e23-ce58411dd672" executionId="2e5a5e89-03a0-4c2f-ad57-0aa790660022" testListId="8c84fa94-04c1-424b-9868-57a2d4851a1d" />
    <TestEntry testId="afe2777a-8a6b-4c89-9fe8-b5ad48597043" executionId="fd331061-9d0c-4280-94d4-b5f1e89c4f0d" testListId="8c84fa94-04c1-424b-9868-57a2d4851a1d" />
    <TestEntry testId="6952a48f-1e9a-4eee-b58e-0bfc4a444371" executionId="93373e5a-cfec-43f9-b983-8e0c89dfd0a9" testListId="8c84fa94-04c1-424b-9868-57a2d4851a1d" />
    <TestEntry testId="5601ae1b-a98a-453c-8dd0-cbeb8b7fb09a" executionId="c0633ae4-aa47-4f1a-a0f3-f7a73d2d6c69" testListId="8c84fa94-04c1-424b-9868-57a2d4851a1d" />
    <TestEntry testId="966aa80e-1501-40c6-bb75-de0e38ddea6e" executionId="de700d65-21bd-423b-a6bb-eda5b91babf6" testListId="8c84fa94-04c1-424b-9868-57a2d4851a1d" />
    <TestEntry testId="cb3f2eec-8227-4606-8017-ed52afafc9bd" executionId="2ef96f16-12d9-49a7-9765-ff3637abe7a0" testListId="8c84fa94-04c1-424b-9868-57a2d4851a1d" />
    <TestEntry testId="a1732cbb-cb40-475c-8b13-00a7f05b5fb7" executionId="cb8d5f0b-70ab-4cfb-abb5-6df7ae5f1b2e" testListId="8c84fa94-04c1-424b-9868-57a2d4851a1d" />
    <TestEntry testId="bcc9e0f4-5b09-434f-9bd4-c71134e0ea25" executionId="de642a9f-9c32-464c-bf7e-db30db932b04" testListId="8c84fa94-04c1-424b-9868-57a2d4851a1d" />
    <TestEntry testId="002d7fbb-df44-4e0f-b118-b045e2278514" executionId="f0c94343-80f4-42d5-b749-29a5f8dece0c" testListId="8c84fa94-04c1-424b-9868-57a2d4851a1d" />
    <TestEntry testId="ab7d26f3-f336-4c71-be10-ae431df4bdf6" executionId="c3adb6b4-bee4-40d2-a4ad-b027265b2122" testListId="8c84fa94-04c1-424b-9868-57a2d4851a1d" />
    <TestEntry testId="b458f67c-39f4-45c5-90da-3d321a0dafd6" executionId="10d374b3-3950-432f-a3cf-b3a824717f33" testListId="8c84fa94-04c1-424b-9868-57a2d4851a1d" />
    <TestEntry testId="d0249385-378c-4864-8ef3-7de4458f74ed" executionId="794c1470-3cfc-4048-a32a-28179bb0d806" testListId="8c84fa94-04c1-424b-9868-57a2d4851a1d" />
    <TestEntry testId="4a93766b-7c56-4f93-883c-6d16d9f504f6" executionId="ba0e5b20-1b32-4192-93ce-9946f6371a4f" testListId="8c84fa94-04c1-424b-9868-57a2d4851a1d" />
    <TestEntry testId="45b4bb7a-e44a-41b3-9ee8-5a4d4ed062fc" executionId="98e3387f-5540-4c44-945d-8fad5c0c5adf" testListId="8c84fa94-04c1-424b-9868-57a2d4851a1d" />
    <TestEntry testId="d01468f5-594d-44bf-83bf-ff752dd15a6e" executionId="5681e012-f952-4c04-a058-de06f188514d" testListId="8c84fa94-04c1-424b-9868-57a2d4851a1d" />
    <TestEntry testId="0d4827f4-7524-4845-af0b-a102f4e0adc6" executionId="7c3b0112-b447-45ec-b10d-25477e2bbdc4" testListId="8c84fa94-04c1-424b-9868-57a2d4851a1d" />
    <TestEntry testId="99d5d463-6269-4d5f-8e4f-9341be05244f" executionId="ab71b149-5892-4e48-b3f0-17e56462b317" testListId="8c84fa94-04c1-424b-9868-57a2d4851a1d" />
    <TestEntry testId="fd735f16-e632-4e3d-b068-785eb62ceff5" executionId="3d0e6db0-5177-4933-8df7-df5a5423ab6d" testListId="8c84fa94-04c1-424b-9868-57a2d4851a1d" />
    <TestEntry testId="0b238139-d941-4a84-bd86-bfcf9ccc2b3c" executionId="5de7b3ad-6d4b-4732-aaac-d52d9bd429ad" testListId="8c84fa94-04c1-424b-9868-57a2d4851a1d" />
    <TestEntry testId="a83941a5-a8d4-4684-9147-42b5f8e9baa8" executionId="44986417-44be-4e7e-86d4-1331633ab6f0" testListId="8c84fa94-04c1-424b-9868-57a2d4851a1d" />
    <TestEntry testId="afbf2d2f-c171-4ba7-af27-17ca3a6c5129" executionId="db8eeffb-5b16-4cf3-a46e-6cf8cf44c15f" testListId="8c84fa94-04c1-424b-9868-57a2d4851a1d" />
    <TestEntry testId="bdb3e34a-1d7a-4013-843d-dbfcbf622446" executionId="b5eafef5-bbd8-4bd5-b1c3-6887d692861a" testListId="8c84fa94-04c1-424b-9868-57a2d4851a1d" />
    <TestEntry testId="482fc63a-0926-492c-b959-30383eed9e85" executionId="b518c81a-c525-48b3-9080-bb00f8288410" testListId="8c84fa94-04c1-424b-9868-57a2d4851a1d" />
    <TestEntry testId="f621286e-f5e1-46d6-a23c-806479d33727" executionId="36a02dbb-0a26-4463-9d3c-6836f4991321" testListId="8c84fa94-04c1-424b-9868-57a2d4851a1d" />
    <TestEntry testId="549f8a07-deee-46b6-aa6c-601498b2a640" executionId="4c946c4c-24ac-4acf-a71d-18ec626d62a9" testListId="8c84fa94-04c1-424b-9868-57a2d4851a1d" />
    <TestEntry testId="a6b43231-60cc-4fb5-b277-5fee3f11a788" executionId="03b82993-130b-438a-98c4-419f1580b203" testListId="8c84fa94-04c1-424b-9868-57a2d4851a1d" />
    <TestEntry testId="82245e61-9f0d-430d-b071-cf30be796ee4" executionId="fffeabbe-0855-4c6a-a249-1022e79d5b7c" testListId="8c84fa94-04c1-424b-9868-57a2d4851a1d" />
    <TestEntry testId="4cb2ecc7-443b-42b5-b4e2-89bcffb20a0a" executionId="a952943c-bd47-437d-bc7e-d8da91c692cb" testListId="8c84fa94-04c1-424b-9868-57a2d4851a1d" />
    <TestEntry testId="9019ad75-c3cc-4b8d-bb1d-02e4a9678bc6" executionId="8cd657b7-10d5-46f5-af34-12719b8758b8" testListId="8c84fa94-04c1-424b-9868-57a2d4851a1d" />
    <TestEntry testId="b640b262-d11b-4772-a701-8d2b39817ab8" executionId="35cd2711-6b45-48f4-93fe-b75a6be48ec9" testListId="8c84fa94-04c1-424b-9868-57a2d4851a1d" />
    <TestEntry testId="aafbaa31-574f-4128-8925-157c1d65f26d" executionId="3ec63ef9-3ca6-4148-b502-d2c51fc5ca6a" testListId="8c84fa94-04c1-424b-9868-57a2d4851a1d" />
    <TestEntry testId="b10f48f6-ccff-4393-861a-3b39199bdf6c" executionId="284c75a8-8cad-4d14-a6bd-d4d065597a4c" testListId="8c84fa94-04c1-424b-9868-57a2d4851a1d" />
    <TestEntry testId="66c19f99-afbd-4157-bf7f-666974967513" executionId="96ff8a25-f13b-4d4b-9b5d-68831d5aeb2d" testListId="8c84fa94-04c1-424b-9868-57a2d4851a1d" />
    <TestEntry testId="e5b9b572-f097-446f-90d2-b419a98c5cef" executionId="ac124d79-97a7-4a29-ad08-ea9875ba593d" testListId="8c84fa94-04c1-424b-9868-57a2d4851a1d" />
    <TestEntry testId="5541290e-f837-4ef6-b0df-087dbdacfb6f" executionId="c4551ba2-58c6-42ec-a1f2-a188b7ddc566" testListId="8c84fa94-04c1-424b-9868-57a2d4851a1d" />
    <TestEntry testId="8fb7eb54-cb7f-4de6-b7bb-046184a9c802" executionId="d8da264d-bd19-4b76-a49f-1b9ba3d3a8b6" testListId="8c84fa94-04c1-424b-9868-57a2d4851a1d" />
    <TestEntry testId="8f3ca970-079c-4179-b748-e7d71462e31a" executionId="fcd7edb0-371e-495b-a713-24ab327b11d7" testListId="8c84fa94-04c1-424b-9868-57a2d4851a1d" />
    <TestEntry testId="1fab7c2c-66a7-4c00-8557-6fd359b245df" executionId="0c8fe4c9-89c0-4aa2-a06a-63f2a71a15df" testListId="8c84fa94-04c1-424b-9868-57a2d4851a1d" />
    <TestEntry testId="73c91720-08c4-45d4-a925-ff7675f200f9" executionId="78b7387b-b206-4c1f-a352-5430a191204a" testListId="8c84fa94-04c1-424b-9868-57a2d4851a1d" />
    <TestEntry testId="b9ea7969-3168-4f7b-a920-5472166ab61e" executionId="83d316bb-2d52-4e2a-a1e4-ab91c669ac77" testListId="8c84fa94-04c1-424b-9868-57a2d4851a1d" />
    <TestEntry testId="49d73898-6db5-44b1-aa94-a212122a724d" executionId="ace7434f-929e-452a-a787-4f4c928a1927" testListId="8c84fa94-04c1-424b-9868-57a2d4851a1d" />
    <TestEntry testId="f3808780-6f0e-4829-b850-6edf4c8765ee" executionId="ca659649-43be-4925-ac63-93bad9780acf" testListId="8c84fa94-04c1-424b-9868-57a2d4851a1d" />
    <TestEntry testId="c52ec274-4d67-4d2d-8540-3204dc7e459d" executionId="cf8d0103-a01f-4b99-944b-0ca2b604689d" testListId="8c84fa94-04c1-424b-9868-57a2d4851a1d" />
    <TestEntry testId="4fe80ab9-08b8-4a38-a536-0fc3663c73cb" executionId="c6a7c266-876b-4b24-a970-653593191af7" testListId="8c84fa94-04c1-424b-9868-57a2d4851a1d" />
    <TestEntry testId="86da3a9d-ca9e-426f-87d2-d1ec56b3bcec" executionId="70af7f22-d00a-4e40-9ecc-0d9a3a519cf6" testListId="8c84fa94-04c1-424b-9868-57a2d4851a1d" />
    <TestEntry testId="82b18d4c-820e-4f22-be8f-7d121af2f0df" executionId="8dde9a5e-ffb1-4ffd-8afa-36df6755c33b" testListId="8c84fa94-04c1-424b-9868-57a2d4851a1d" />
    <TestEntry testId="004c7d8e-063c-4836-8732-c6e34b670567" executionId="c4667077-3ed5-48f2-9469-13b9494f2ed2" testListId="8c84fa94-04c1-424b-9868-57a2d4851a1d" />
    <TestEntry testId="8c321e3c-2328-44d5-b8aa-a8741c24546c" executionId="bc7a56d7-9901-4ecf-ab2b-72fa5e5d9088" testListId="8c84fa94-04c1-424b-9868-57a2d4851a1d" />
    <TestEntry testId="48552515-a847-4f2c-a82f-dccec133bd8a" executionId="1745fa49-4b56-4b3e-896b-1f22f409dc7e" testListId="8c84fa94-04c1-424b-9868-57a2d4851a1d" />
    <TestEntry testId="295fc17c-b9f5-4a59-a7dc-36d4097bcc45" executionId="168a9f3a-c293-44f8-82ef-4ef83caffcae" testListId="8c84fa94-04c1-424b-9868-57a2d4851a1d" />
    <TestEntry testId="241f0c98-f8a4-4e56-a810-d3a566398183" executionId="5c403c8a-c929-4f20-b4ea-239f706847f3" testListId="8c84fa94-04c1-424b-9868-57a2d4851a1d" />
    <TestEntry testId="075c9273-9a8c-483a-aae2-a5b48e005015" executionId="d5c96f2a-d150-4c82-b993-3dce9f293f87" testListId="8c84fa94-04c1-424b-9868-57a2d4851a1d" />
    <TestEntry testId="a7746ed8-be9b-4c6c-9931-8835fd11e09a" executionId="5811a6c8-f5e9-4fb4-b284-192660c519de" testListId="8c84fa94-04c1-424b-9868-57a2d4851a1d" />
    <TestEntry testId="1ffd1e99-6f47-452a-9eed-e94fbee14e6e" executionId="893fe982-0f98-45f1-85f2-c4bc324a4cc4" testListId="8c84fa94-04c1-424b-9868-57a2d4851a1d" />
    <TestEntry testId="17997240-599a-4a11-9350-db3caa3c8f17" executionId="0a88c943-4911-44eb-a02c-9b56a6f64d59" testListId="8c84fa94-04c1-424b-9868-57a2d4851a1d" />
    <TestEntry testId="e683a3aa-fb34-46af-8b28-073b009a9bba" executionId="0ee88e91-5339-4b19-bdb4-2fe189390451" testListId="8c84fa94-04c1-424b-9868-57a2d4851a1d" />
    <TestEntry testId="e1bda78f-6040-49a9-9690-2664e002b24e" executionId="2b8ac7c2-a5f0-4c7c-be40-9e2cda87736a" testListId="8c84fa94-04c1-424b-9868-57a2d4851a1d" />
    <TestEntry testId="d0d118eb-dd56-4d00-a299-79ca8fa595b9" executionId="bc4ce94e-bdc9-42a1-8ad3-2e2295e29ad6" testListId="8c84fa94-04c1-424b-9868-57a2d4851a1d" />
    <TestEntry testId="f832a3ad-c3db-45cd-ae2f-2b3eba68e1e8" executionId="94162e80-9c83-4985-8976-053077cdc8a4" testListId="8c84fa94-04c1-424b-9868-57a2d4851a1d" />
    <TestEntry testId="3464f623-106a-4d7d-85ba-0f992b67fbdb" executionId="3d031e61-dc1b-43a9-8613-42dcba497cbe" testListId="8c84fa94-04c1-424b-9868-57a2d4851a1d" />
    <TestEntry testId="0a4084eb-e334-4876-81ae-e042f3a92221" executionId="6fdf32f1-8807-4345-ae35-1fc9ebd79213" testListId="8c84fa94-04c1-424b-9868-57a2d4851a1d" />
    <TestEntry testId="dff37c6f-dadb-4f99-a3c8-45e7f568100b" executionId="da4cb7d3-d56e-474b-b36a-13bfddbfcd98" testListId="8c84fa94-04c1-424b-9868-57a2d4851a1d" />
    <TestEntry testId="5dca7c2e-66a7-4033-bc0b-cc532fe54f6e" executionId="96e02ac0-20fa-49a2-b999-156a4c56dfdd" testListId="8c84fa94-04c1-424b-9868-57a2d4851a1d" />
    <TestEntry testId="c0c52051-1c34-4a8b-9559-f99998c13a75" executionId="0df34596-b13b-45ab-bea1-463f2add7202" testListId="8c84fa94-04c1-424b-9868-57a2d4851a1d" />
    <TestEntry testId="c4a9d547-d071-44e6-92f9-65e5054c5044" executionId="08bfac46-58c3-4a1f-914d-af59a1815cab" testListId="8c84fa94-04c1-424b-9868-57a2d4851a1d" />
    <TestEntry testId="b8485734-eea7-47dc-b3f5-3d4f5bf6ba4f" executionId="5c599fd7-2d92-4674-802d-e067c8c54960" testListId="8c84fa94-04c1-424b-9868-57a2d4851a1d" />
    <TestEntry testId="eaa3b4d6-d828-4b9c-8e95-ebd9b2c965d5" executionId="57e2ae9b-411b-48e1-ac06-e62d8b1f2f00" testListId="8c84fa94-04c1-424b-9868-57a2d4851a1d" />
    <TestEntry testId="245bcab3-8a35-4760-b817-0565f4311aa8" executionId="a7f6cf0a-7090-47e5-b963-b482c7aebb47" testListId="8c84fa94-04c1-424b-9868-57a2d4851a1d" />
    <TestEntry testId="4c532f88-0f4e-4b7b-8c5b-a27325467749" executionId="7639ecca-90c3-4f7b-8a1a-5832ba9e3397" testListId="8c84fa94-04c1-424b-9868-57a2d4851a1d" />
    <TestEntry testId="10cedb61-1182-48a7-aad2-09a8f64d81c9" executionId="810d112f-4982-4f80-9986-e4cb42b3d031" testListId="8c84fa94-04c1-424b-9868-57a2d4851a1d" />
    <TestEntry testId="fdde2818-211e-4ec5-ab77-4ae1422334b3" executionId="32b91d36-2ddc-4b1b-aa5c-ac4da2fde1b8" testListId="8c84fa94-04c1-424b-9868-57a2d4851a1d" />
    <TestEntry testId="b9989a6f-002c-4fd7-994c-d7075accddf3" executionId="5636516e-e82d-4646-9b7d-22f267a82129" testListId="8c84fa94-04c1-424b-9868-57a2d4851a1d" />
    <TestEntry testId="27c07257-7317-4c41-99d3-94db634e8b0a" executionId="df5adfe1-cad1-41a7-8838-1d6600c6fbc9" testListId="8c84fa94-04c1-424b-9868-57a2d4851a1d" />
    <TestEntry testId="0679f577-c8ec-4236-9a42-540bc9956ef5" executionId="f739bf3a-697d-48b7-b49d-98020a8dec0b" testListId="8c84fa94-04c1-424b-9868-57a2d4851a1d" />
    <TestEntry testId="697cb2ac-df9b-4f9d-9217-0cab952479af" executionId="a4f7f538-c7aa-40dd-b56c-e601d437882c" testListId="8c84fa94-04c1-424b-9868-57a2d4851a1d" />
    <TestEntry testId="3c84153a-795c-4beb-8007-cf1b4c9317a6" executionId="1c28d487-01b5-4d6b-a90a-b77a9c38c236" testListId="8c84fa94-04c1-424b-9868-57a2d4851a1d" />
    <TestEntry testId="3403a566-f7d9-4916-abe4-cb50257da60b" executionId="0260c6e9-b651-4a3c-a109-40551425ec53" testListId="8c84fa94-04c1-424b-9868-57a2d4851a1d" />
    <TestEntry testId="dff2c45e-fb4f-4436-bf4f-ab016caf2fa3" executionId="d49efb7b-9f11-4f12-85ad-d0e55bd4ddc2" testListId="8c84fa94-04c1-424b-9868-57a2d4851a1d" />
    <TestEntry testId="24ed54dd-a47d-4eb1-b9ee-d337cedeff2b" executionId="2d7f568e-bc5f-4af1-939f-2911984a59d2" testListId="8c84fa94-04c1-424b-9868-57a2d4851a1d" />
    <TestEntry testId="d1dc3b8c-1ad5-4856-ba23-7125dac0954e" executionId="49743025-52d7-482c-add7-ee10838490b6" testListId="8c84fa94-04c1-424b-9868-57a2d4851a1d" />
    <TestEntry testId="bbffd503-59b9-4836-b6ae-c57ef32a6d8a" executionId="e8343a2f-4997-455d-953a-db7c83c089e2" testListId="8c84fa94-04c1-424b-9868-57a2d4851a1d" />
    <TestEntry testId="82f3935c-650d-4389-a228-e0a8ea14e87b" executionId="66f54146-df5f-4f59-ac5f-00d8cd6302bb" testListId="8c84fa94-04c1-424b-9868-57a2d4851a1d" />
    <TestEntry testId="652bb59a-0042-4e72-ab27-f85ac7d97981" executionId="64783eee-db79-42c2-ba1c-d109717d2268" testListId="8c84fa94-04c1-424b-9868-57a2d4851a1d" />
    <TestEntry testId="3e46b5ea-b852-437c-9a61-cbf4f64c1c3f" executionId="063ce21b-8abf-436d-921f-793ec762dfde" testListId="8c84fa94-04c1-424b-9868-57a2d4851a1d" />
    <TestEntry testId="9ff1f4b7-870c-401b-8fc6-ba5e738223f5" executionId="19a6064b-de47-4935-b03e-24485e18c2be" testListId="8c84fa94-04c1-424b-9868-57a2d4851a1d" />
    <TestEntry testId="bd210f45-2767-47cd-96db-c5182a926418" executionId="7d35532c-3084-4038-9876-63a6d47c45f4" testListId="8c84fa94-04c1-424b-9868-57a2d4851a1d" />
    <TestEntry testId="748eaf94-ba0d-4b51-9f93-a615a06b99bf" executionId="ebaa47ba-1a77-40d9-9214-e8ae5eef0aa2" testListId="8c84fa94-04c1-424b-9868-57a2d4851a1d" />
    <TestEntry testId="990718d7-1983-4ca4-944c-6b822eb8b66a" executionId="17aa6408-8e44-4119-b6b9-4b9c214f97d1" testListId="8c84fa94-04c1-424b-9868-57a2d4851a1d" />
    <TestEntry testId="2d622d49-ba39-4fdd-8cb5-0330574b0827" executionId="80b9d18d-d5cc-4b70-a1f3-4e46d9f118ad" testListId="8c84fa94-04c1-424b-9868-57a2d4851a1d" />
    <TestEntry testId="e01495b3-e446-407d-ac3c-84672b749675" executionId="8a293ca3-0412-4258-8a9c-eee1573708da" testListId="8c84fa94-04c1-424b-9868-57a2d4851a1d" />
    <TestEntry testId="ba03705a-4d92-4e50-b197-2a1d20e7b756" executionId="e40577f4-4c87-4cbc-9bdb-cf9e72804067" testListId="8c84fa94-04c1-424b-9868-57a2d4851a1d" />
    <TestEntry testId="e4edc6f9-79fb-4090-b60a-65d309fff360" executionId="b88c3e70-d995-4a1e-996e-7e70762e377c" testListId="8c84fa94-04c1-424b-9868-57a2d4851a1d" />
    <TestEntry testId="05172cbf-d1fa-44cd-a02b-bc875c1f95db" executionId="d103c4ee-d756-42c2-8183-0244bcbdc2e2" testListId="8c84fa94-04c1-424b-9868-57a2d4851a1d" />
    <TestEntry testId="d4bfd9fa-0df3-438f-a9fd-7b0226a3207d" executionId="0c12f1c4-a76b-4101-8bce-9e0d25c43d94" testListId="8c84fa94-04c1-424b-9868-57a2d4851a1d" />
    <TestEntry testId="12ef18f9-9b47-416b-ae7d-02dce99d3fdd" executionId="6c3fdebc-351b-4c3d-a3e7-b51ee9615687" testListId="8c84fa94-04c1-424b-9868-57a2d4851a1d" />
    <TestEntry testId="9c53e77e-c9a3-4ea6-b0a2-8e59f3b9288a" executionId="c737aeb6-387a-469f-8460-fb47f8531894" testListId="8c84fa94-04c1-424b-9868-57a2d4851a1d" />
    <TestEntry testId="a55b7c60-193d-4203-a3ed-4104a1e2f88b" executionId="9428dc96-2eaf-4788-a028-1261495e79d9" testListId="8c84fa94-04c1-424b-9868-57a2d4851a1d" />
    <TestEntry testId="a2982d6d-e5e7-4b18-b4dc-3959c709a3fa" executionId="535445d1-89bc-4601-83e7-616a43632602" testListId="8c84fa94-04c1-424b-9868-57a2d4851a1d" />
    <TestEntry testId="f5e63490-30b1-4262-8dcc-d359e273a6bd" executionId="d09a9b71-16f1-4032-a1f7-0a12f90154db" testListId="8c84fa94-04c1-424b-9868-57a2d4851a1d" />
    <TestEntry testId="65c35227-a9dc-4a19-8e71-a3622e00f562" executionId="1f87b7d2-8c20-4c03-93a2-7254729b1780" testListId="8c84fa94-04c1-424b-9868-57a2d4851a1d" />
    <TestEntry testId="17486283-b475-4f34-87e1-386c1a66fa50" executionId="f95bb7bb-07d4-4b59-bc97-6a893688ba50" testListId="8c84fa94-04c1-424b-9868-57a2d4851a1d" />
    <TestEntry testId="a314c471-9733-4ad7-96d8-111c06ed5d30" executionId="6b78bcbf-2336-485d-91cc-f149946ce860" testListId="8c84fa94-04c1-424b-9868-57a2d4851a1d" />
    <TestEntry testId="52e1efee-e932-4526-9b63-ef6be8e3d149" executionId="cf2f68cd-962c-4e3a-a3f2-8b79b54bbd9d" testListId="8c84fa94-04c1-424b-9868-57a2d4851a1d" />
    <TestEntry testId="07a479c3-5b4b-4768-b4c9-7c0d2c4e01ef" executionId="bd11992e-299e-4f86-8eec-09eea3fd3abc" testListId="8c84fa94-04c1-424b-9868-57a2d4851a1d" />
    <TestEntry testId="dffa461a-af8f-4c1e-8e6c-e411bf67e342" executionId="fdc691cd-d5f9-4adc-a0d7-5bf836990756" testListId="8c84fa94-04c1-424b-9868-57a2d4851a1d" />
    <TestEntry testId="6e5e69d4-40b8-458f-8044-41b7404ed108" executionId="ee294f10-c20d-40ce-b5a4-2778c14f9261" testListId="8c84fa94-04c1-424b-9868-57a2d4851a1d" />
    <TestEntry testId="1e09859b-7e78-4a68-a64e-aa357327e48c" executionId="2236b0c6-12b4-40a7-a75f-ae1f675b84d6" testListId="8c84fa94-04c1-424b-9868-57a2d4851a1d" />
    <TestEntry testId="a2510ad6-85f5-4859-823a-debe6baf8cfc" executionId="826b4556-51b5-4fb3-b2bf-0ce377b19628" testListId="8c84fa94-04c1-424b-9868-57a2d4851a1d" />
    <TestEntry testId="f08d6db6-b519-4dbf-83c3-a27c978af668" executionId="29ebdfbe-9097-49f6-9697-e07d5a263228" testListId="8c84fa94-04c1-424b-9868-57a2d4851a1d" />
    <TestEntry testId="539c2241-9968-4ba8-a43d-c63db1771068" executionId="920d607a-c9c0-48d6-8434-a0820aecff4a" testListId="8c84fa94-04c1-424b-9868-57a2d4851a1d" />
    <TestEntry testId="1fd4eed7-3c5d-47e8-a6a3-1b2d6d42e675" executionId="9c343cb0-b7cd-4b15-a099-dce6a419dc2b" testListId="8c84fa94-04c1-424b-9868-57a2d4851a1d" />
    <TestEntry testId="8670a44d-4e8d-4662-99fd-705392b9be96" executionId="747a7ebf-d11b-4dba-9a16-31ba148185c4" testListId="8c84fa94-04c1-424b-9868-57a2d4851a1d" />
    <TestEntry testId="7569eed1-786f-492c-81c2-be3386d05fd3" executionId="d86b2714-29df-4223-8f49-f47bebd55b09" testListId="8c84fa94-04c1-424b-9868-57a2d4851a1d" />
    <TestEntry testId="bea61a21-3acc-4afc-a12a-1fa2bf964b9d" executionId="b6bab50b-e35e-430d-9732-16fd9f2c1869" testListId="8c84fa94-04c1-424b-9868-57a2d4851a1d" />
    <TestEntry testId="75fe441b-5f02-45e7-b4e7-bd07ef700738" executionId="655ce113-bd77-4ad6-97a5-05a89017ff1c" testListId="8c84fa94-04c1-424b-9868-57a2d4851a1d" />
    <TestEntry testId="c8d85f38-8871-4453-ad23-085cb139a4e2" executionId="975ab19a-30ab-47f8-b998-c5eaa65f0d37" testListId="8c84fa94-04c1-424b-9868-57a2d4851a1d" />
    <TestEntry testId="9dc4e5a2-a9f0-426e-a963-df8fed382ddb" executionId="a0097eea-5b39-44d5-9201-297a2a98699e" testListId="8c84fa94-04c1-424b-9868-57a2d4851a1d" />
    <TestEntry testId="40d94632-457d-4816-99a9-ed1d1c8339b5" executionId="76a6969e-bda7-4585-9c95-d57558546fe7" testListId="8c84fa94-04c1-424b-9868-57a2d4851a1d" />
    <TestEntry testId="80a527fd-b27c-464c-8567-8fc5d65aa5f8" executionId="d957df80-4f6f-43ae-8538-89152ed7c78f" testListId="8c84fa94-04c1-424b-9868-57a2d4851a1d" />
    <TestEntry testId="e1735f81-82da-4e5d-9b31-3f87014a0cec" executionId="ba690a66-3eae-4e92-86b0-f3ce2bec630c" testListId="8c84fa94-04c1-424b-9868-57a2d4851a1d" />
    <TestEntry testId="814d043c-281a-493b-9d52-4a600f3b9e70" executionId="4edb389b-be1b-41d4-ab85-f79550fdbb83" testListId="8c84fa94-04c1-424b-9868-57a2d4851a1d" />
    <TestEntry testId="8c659a41-142e-4d20-8caf-c45a223aef36" executionId="c860ef34-e01b-457f-b354-4636f96e2e9f" testListId="8c84fa94-04c1-424b-9868-57a2d4851a1d" />
    <TestEntry testId="7675b39f-79b0-4128-b00c-bfc57847942d" executionId="cca09ca0-0c86-4325-b804-61bbf2c401f3" testListId="8c84fa94-04c1-424b-9868-57a2d4851a1d" />
    <TestEntry testId="e0869fef-d50b-463c-91b4-87a6601784ec" executionId="5e0fe29c-2d03-4f6e-b700-b158cd9a7fcc" testListId="8c84fa94-04c1-424b-9868-57a2d4851a1d" />
    <TestEntry testId="32e9b99e-bbd9-4ad0-8b25-58835048646b" executionId="1f209c37-6320-444f-91fb-6f9198130f05" testListId="8c84fa94-04c1-424b-9868-57a2d4851a1d" />
    <TestEntry testId="c5e436ef-905f-43ff-b155-14079a086f63" executionId="e1d11d9d-6a5f-43a3-a507-bc860055f856" testListId="8c84fa94-04c1-424b-9868-57a2d4851a1d" />
    <TestEntry testId="8d0638d9-4877-49c6-bbdb-f9a383e67cf8" executionId="09207cc1-d445-4364-b0e1-38e144bc3dbf" testListId="8c84fa94-04c1-424b-9868-57a2d4851a1d" />
    <TestEntry testId="9dc43f5e-518c-4d8a-9ec9-bb2f1ec57a95" executionId="aeb264d8-5a64-42bf-9171-8e4fdb2e15d6" testListId="8c84fa94-04c1-424b-9868-57a2d4851a1d" />
    <TestEntry testId="c672def8-48a3-4358-8cb1-10861e9fc6f2" executionId="1c66dc73-e63f-42a9-933f-45c5a05a25ed" testListId="8c84fa94-04c1-424b-9868-57a2d4851a1d" />
    <TestEntry testId="4049910f-95dc-433d-98c7-5e1bb83223f8" executionId="7aa9598e-ba87-4eea-aad9-f4c8496527d2" testListId="8c84fa94-04c1-424b-9868-57a2d4851a1d" />
    <TestEntry testId="906d8043-8455-4716-9bcc-517d4a635153" executionId="d7463200-571b-4dde-86b5-3078dfffb961" testListId="8c84fa94-04c1-424b-9868-57a2d4851a1d" />
    <TestEntry testId="e26c2298-fe93-4adf-a4a0-fc63530eef5c" executionId="9cc67ecd-95c6-49c4-abfb-4853899c1755" testListId="8c84fa94-04c1-424b-9868-57a2d4851a1d" />
    <TestEntry testId="dff83b3c-3cfb-42db-aa7e-fbfff69ad7b6" executionId="dcfb8c4a-a49e-408c-b31d-9e24db89a774" testListId="8c84fa94-04c1-424b-9868-57a2d4851a1d" />
    <TestEntry testId="0b64e6df-a459-4cbd-ad07-55b7790ed1c4" executionId="e79513eb-0456-408d-bd0a-45a280171b04" testListId="8c84fa94-04c1-424b-9868-57a2d4851a1d" />
    <TestEntry testId="943526ff-4cf5-4d00-9239-620ca7bd3e3b" executionId="12e58ab9-6c20-4bbf-bb45-f78956770688" testListId="8c84fa94-04c1-424b-9868-57a2d4851a1d" />
    <TestEntry testId="6b72ce3b-3445-45a0-9631-84397951a204" executionId="e08fb697-abdf-48c7-823f-f94b7415e60c" testListId="8c84fa94-04c1-424b-9868-57a2d4851a1d" />
    <TestEntry testId="af7df8e3-90b6-4a75-ac73-2b8b84840e12" executionId="439e94c5-74b1-4fae-adb0-c01a00a33ed0" testListId="8c84fa94-04c1-424b-9868-57a2d4851a1d" />
    <TestEntry testId="80eb4a87-0b2a-435a-8ac2-4defeef7a240" executionId="fdec2f64-c707-4bd3-98b7-de189187745b" testListId="8c84fa94-04c1-424b-9868-57a2d4851a1d" />
    <TestEntry testId="ddbca515-21e8-40c4-9eba-eda8af6ff635" executionId="449ad50c-e8a7-48d3-9189-6450ca92aca7" testListId="8c84fa94-04c1-424b-9868-57a2d4851a1d" />
    <TestEntry testId="fa05fcb4-5402-404c-ac37-aab75c2132e4" executionId="6d017bda-28ae-4b78-90a3-a426e258d39a" testListId="8c84fa94-04c1-424b-9868-57a2d4851a1d" />
    <TestEntry testId="cdce85cd-21a4-44d5-9344-8e7dde53851c" executionId="d60d22d6-73ed-4fec-85ca-944911f64f04" testListId="8c84fa94-04c1-424b-9868-57a2d4851a1d" />
    <TestEntry testId="047e737e-bc59-438e-83bb-cdf1eb0f4254" executionId="8b5f0fcf-499d-4209-9be7-e89d4d390b5e" testListId="8c84fa94-04c1-424b-9868-57a2d4851a1d" />
    <TestEntry testId="e15df95b-0e49-4a6c-8db5-34a475912feb" executionId="f0a0ea42-f27a-483a-a35b-0ad40f187c9d" testListId="8c84fa94-04c1-424b-9868-57a2d4851a1d" />
    <TestEntry testId="df04f1ba-dd7c-4208-b211-12dca90cc761" executionId="15554fdc-5b8f-4180-b182-181fd349442a" testListId="8c84fa94-04c1-424b-9868-57a2d4851a1d" />
    <TestEntry testId="1862cf66-bd70-4bc2-a4f3-ba8bb3828dbf" executionId="9be561b7-fde8-4534-9a5d-b0e33ab0e341" testListId="8c84fa94-04c1-424b-9868-57a2d4851a1d" />
    <TestEntry testId="2881e44d-8f13-4487-8e4e-d1fd37c7d0f5" executionId="0239d434-6005-4a6b-82b5-160b359506f0" testListId="8c84fa94-04c1-424b-9868-57a2d4851a1d" />
    <TestEntry testId="24dbb426-5294-4681-a6c8-2ddb23807b60" executionId="6499dc9b-6adf-4ff3-a1c0-d3751823c9f9" testListId="8c84fa94-04c1-424b-9868-57a2d4851a1d" />
    <TestEntry testId="74cc5a42-295a-4c4a-8ddc-54eb3fa19ffa" executionId="7b224e4f-303c-4a42-8ff4-68242863b327" testListId="8c84fa94-04c1-424b-9868-57a2d4851a1d" />
    <TestEntry testId="cf8ea72d-6d15-4585-8c4a-6fd414233c85" executionId="c7fe3ba6-92eb-4035-a2c7-acf2cc2174c1" testListId="8c84fa94-04c1-424b-9868-57a2d4851a1d" />
    <TestEntry testId="fdef418e-b8f6-46c4-ad9d-45cf77c123d4" executionId="01c4dec2-2117-4ba1-87ad-6b3bc20713a8" testListId="8c84fa94-04c1-424b-9868-57a2d4851a1d" />
    <TestEntry testId="8741d421-363a-410f-84ae-dc29bf4790db" executionId="eef9dc88-e314-433f-89d7-003e93eb854b" testListId="8c84fa94-04c1-424b-9868-57a2d4851a1d" />
    <TestEntry testId="2c1ee17c-c0c8-4483-9bee-1049713f9df6" executionId="4eca838a-ffd1-4792-bed9-58a829f52e74" testListId="8c84fa94-04c1-424b-9868-57a2d4851a1d" />
    <TestEntry testId="72b8736d-f24b-4e46-b66e-b3001a4f05de" executionId="a0a38391-e332-4a8f-9e89-87f1a9578bf3" testListId="8c84fa94-04c1-424b-9868-57a2d4851a1d" />
    <TestEntry testId="5b6c2479-b694-452b-b106-6a9bea7f2b70" executionId="0b9aa4cb-b76c-41de-bbf0-139d6b35c64c" testListId="8c84fa94-04c1-424b-9868-57a2d4851a1d" />
    <TestEntry testId="7b4f4376-48dc-4f7c-8fc5-74b52ce6b848" executionId="3f1ec9c6-6769-411f-b3e4-774705907455" testListId="8c84fa94-04c1-424b-9868-57a2d4851a1d" />
    <TestEntry testId="4c8026f8-8c41-4f6a-a338-ad5777d55e38" executionId="75fad5a4-441c-4b12-92c6-4da738e5a3f8" testListId="8c84fa94-04c1-424b-9868-57a2d4851a1d" />
    <TestEntry testId="f24471e5-befd-445c-a155-207db2853abc" executionId="93a74422-9f8c-4493-be73-6798b77791cf" testListId="8c84fa94-04c1-424b-9868-57a2d4851a1d" />
    <TestEntry testId="f3d859ff-478d-4b36-b81a-5208cb5c80cb" executionId="82be5f4a-a5b1-4978-ad27-d6aae8fc4f78" testListId="8c84fa94-04c1-424b-9868-57a2d4851a1d" />
    <TestEntry testId="120cc0ee-b124-43e9-9984-c826cd6fca22" executionId="98990b1a-bf83-489b-972f-fdea9842559b" testListId="8c84fa94-04c1-424b-9868-57a2d4851a1d" />
    <TestEntry testId="e9712a5a-4025-47f7-bbd8-fb35605b2a4e" executionId="4763d23b-b809-4bd6-8ba9-5d3751625adb" testListId="8c84fa94-04c1-424b-9868-57a2d4851a1d" />
    <TestEntry testId="18eae62d-3c0c-4e68-86c1-b327dfda0329" executionId="759f8ea0-53c0-4371-a752-d55e7ed23146" testListId="8c84fa94-04c1-424b-9868-57a2d4851a1d" />
    <TestEntry testId="a4a6e886-1532-4150-8819-680a1888eec4" executionId="a388ae8b-ea0d-4350-a3db-867302bde335" testListId="8c84fa94-04c1-424b-9868-57a2d4851a1d" />
    <TestEntry testId="14be6cab-ab35-4a2d-bff7-cf759dc37f6a" executionId="35ed273c-c4e5-4a4c-9352-97583555cb76" testListId="8c84fa94-04c1-424b-9868-57a2d4851a1d" />
    <TestEntry testId="7b95677c-f9df-4e4a-8374-df223a2a7498" executionId="6975f7b2-ab43-439e-bb6d-9b4bd80dfa56" testListId="8c84fa94-04c1-424b-9868-57a2d4851a1d" />
    <TestEntry testId="dd61fa16-2c32-4196-9d2c-4c01be02f62b" executionId="a091ed68-ee69-4130-a2fc-b3cf9b1e534e" testListId="8c84fa94-04c1-424b-9868-57a2d4851a1d" />
    <TestEntry testId="c20cda81-06bc-48a1-9070-020790ed0ed6" executionId="5cf2c13e-ffe6-4a98-973a-3ebccdd60be0" testListId="8c84fa94-04c1-424b-9868-57a2d4851a1d" />
    <TestEntry testId="4b0ceead-ec8c-422c-9253-cd088c8d6d6c" executionId="378eff92-b961-49aa-86da-ce03dcf22021" testListId="8c84fa94-04c1-424b-9868-57a2d4851a1d" />
    <TestEntry testId="d05a55b1-7c7b-4889-9de9-3ed430ff74de" executionId="9e96266b-1174-4d1f-a523-a80dc4e72253" testListId="8c84fa94-04c1-424b-9868-57a2d4851a1d" />
    <TestEntry testId="fd15e29d-5b8c-4e94-acd7-7feb4c0543b6" executionId="e13026a0-362b-42ef-b6fc-e46a8cbf9cb9" testListId="8c84fa94-04c1-424b-9868-57a2d4851a1d" />
    <TestEntry testId="3111a31f-e05f-445b-9d99-7a392e236e10" executionId="da5fb83d-cc4e-49f1-87ca-0b5f19a5c5da" testListId="8c84fa94-04c1-424b-9868-57a2d4851a1d" />
    <TestEntry testId="43beab25-fef9-4971-a973-97b937c187d6" executionId="1130202c-eecb-4969-a33a-d814063659c5" testListId="8c84fa94-04c1-424b-9868-57a2d4851a1d" />
    <TestEntry testId="0fda51ca-453a-4448-8449-d99175a4bda3" executionId="370f7bf9-f4f4-45e6-8957-01871c5bbab6" testListId="8c84fa94-04c1-424b-9868-57a2d4851a1d" />
    <TestEntry testId="4662076a-acfb-46b9-864f-9f81dafd78de" executionId="67d56bd4-455c-4379-86d9-15858082ff4e" testListId="8c84fa94-04c1-424b-9868-57a2d4851a1d" />
    <TestEntry testId="b960bc18-0e62-4796-98c4-f1e34b9fec2a" executionId="5604b53d-a4ab-4746-9dde-f431bef7f653" testListId="8c84fa94-04c1-424b-9868-57a2d4851a1d" />
    <TestEntry testId="7e310906-3d3b-441a-a5af-de76cb9b33cd" executionId="4e4e7665-b38d-4d11-954f-7aa56a0bf030" testListId="8c84fa94-04c1-424b-9868-57a2d4851a1d" />
    <TestEntry testId="64e91763-3bb6-43c9-a86b-77a8d0653084" executionId="0145c47f-fd61-4db8-8ed1-10738a4cc4da" testListId="8c84fa94-04c1-424b-9868-57a2d4851a1d" />
    <TestEntry testId="5f86b68b-221c-4151-bb3f-9dd7d5fb546b" executionId="fe13ca6f-9600-47e0-9c79-68f7dc4682c3" testListId="8c84fa94-04c1-424b-9868-57a2d4851a1d" />
    <TestEntry testId="6e9d8167-98ca-4888-a7ff-c29ee2f6b6e9" executionId="5f12d875-1884-4f25-a0a9-a04db889313a" testListId="8c84fa94-04c1-424b-9868-57a2d4851a1d" />
    <TestEntry testId="9f97b48d-93a8-4cb6-a9d6-ada37dd1d82e" executionId="2397af56-839b-4e16-953d-deabf1fed063" testListId="8c84fa94-04c1-424b-9868-57a2d4851a1d" />
    <TestEntry testId="6e5b924c-bcca-48ec-b63a-05ff7cb1de18" executionId="fb1a0068-60db-4b0d-be40-fba6c7bd9453" testListId="8c84fa94-04c1-424b-9868-57a2d4851a1d" />
    <TestEntry testId="2c4c7568-1732-45bf-87cd-f19166ede6c5" executionId="9df14b61-8ec0-4d21-9479-dd237ebd6545" testListId="8c84fa94-04c1-424b-9868-57a2d4851a1d" />
    <TestEntry testId="dfc9f4d6-4f84-4bc4-82f8-bda1f16d4d15" executionId="dd9a30a4-c5cf-4c10-91de-13e2e505d06b" testListId="8c84fa94-04c1-424b-9868-57a2d4851a1d" />
    <TestEntry testId="6052aa61-ddcf-439f-9d88-13d25adc9a50" executionId="f97df87d-5cc0-49c7-975f-3cf043c4fac7" testListId="8c84fa94-04c1-424b-9868-57a2d4851a1d" />
    <TestEntry testId="239724d5-2e71-4701-b7f8-9061aec274ea" executionId="69f3055d-b540-4d23-beb8-a4e8c3e5c4e7" testListId="8c84fa94-04c1-424b-9868-57a2d4851a1d" />
    <TestEntry testId="1ae0264a-14ab-4e8a-825b-ad906f752b0f" executionId="46ed084f-5104-4d7a-906f-0db462778698" testListId="8c84fa94-04c1-424b-9868-57a2d4851a1d" />
    <TestEntry testId="c3743bcf-3e22-4091-8d86-18b5327263ce" executionId="759ed144-6e4d-4b78-be95-6bb3fc57c6a8" testListId="8c84fa94-04c1-424b-9868-57a2d4851a1d" />
    <TestEntry testId="c4cd086b-756b-4f76-baac-844dbf34803f" executionId="26deeef0-6629-41e6-8404-d053802c2ffd" testListId="8c84fa94-04c1-424b-9868-57a2d4851a1d" />
    <TestEntry testId="9c76dd48-d3dc-4cb0-aebd-81dc49514bc8" executionId="df9d2ee0-97fd-490e-861b-38e11e176436" testListId="8c84fa94-04c1-424b-9868-57a2d4851a1d" />
    <TestEntry testId="b85fda6f-e055-4b6f-b5e2-90543776dfe3" executionId="e6700919-c008-4345-bb46-3b798012f55e" testListId="8c84fa94-04c1-424b-9868-57a2d4851a1d" />
    <TestEntry testId="1ac6217f-c5ea-4898-b29b-3504d366e612" executionId="116da194-bdcf-4475-bd38-8149ab0e0b25" testListId="8c84fa94-04c1-424b-9868-57a2d4851a1d" />
    <TestEntry testId="60851193-42cd-4ea7-bf33-fb80a3514343" executionId="70021534-3543-4246-8e89-ed1c42241a64" testListId="8c84fa94-04c1-424b-9868-57a2d4851a1d" />
    <TestEntry testId="7a0227a9-44b9-43c9-afec-52883a509b24" executionId="50aba506-ff1e-470f-adea-7eb6fa51ce4a" testListId="8c84fa94-04c1-424b-9868-57a2d4851a1d" />
    <TestEntry testId="408538b0-832d-4e09-bcb6-eed42e052db5" executionId="47e33767-1dfd-4f6f-b175-fd9cf4645b4c" testListId="8c84fa94-04c1-424b-9868-57a2d4851a1d" />
    <TestEntry testId="9e8f2b2f-2473-4a02-90c7-bb95574ac30e" executionId="7a14fb4d-14d6-4884-86a3-53816cee11d5" testListId="8c84fa94-04c1-424b-9868-57a2d4851a1d" />
    <TestEntry testId="95fc1b5c-e359-47a5-8c9a-cc368eebe1c2" executionId="a8796ca1-bd80-4618-879e-3834c98056c0" testListId="8c84fa94-04c1-424b-9868-57a2d4851a1d" />
    <TestEntry testId="53676b5c-8371-45e9-b6f4-389074b53922" executionId="141e0ba3-1833-4e92-82fa-b22bcb1f0964" testListId="8c84fa94-04c1-424b-9868-57a2d4851a1d" />
    <TestEntry testId="b8f5e559-b8b5-4268-9a0b-871843b5bcca" executionId="a2cd9b7b-1d53-4f82-a1bf-7b14ec4f7e08" testListId="8c84fa94-04c1-424b-9868-57a2d4851a1d" />
    <TestEntry testId="57d77502-79ff-4e0c-bc7b-8b62260d97f8" executionId="35f2c99f-f15c-4f3c-a501-b5ee220ebb24" testListId="8c84fa94-04c1-424b-9868-57a2d4851a1d" />
    <TestEntry testId="2bde3f43-0fa9-4097-ad32-b71cf2b75533" executionId="75b2e431-f991-45ff-b11d-335c2d42e0a5" testListId="8c84fa94-04c1-424b-9868-57a2d4851a1d" />
    <TestEntry testId="e8e18aba-de11-467f-9936-c2e1219b767e" executionId="87e9a6fc-6af9-44e1-a44c-04fec1f21bbb" testListId="8c84fa94-04c1-424b-9868-57a2d4851a1d" />
    <TestEntry testId="641f1c76-01e0-4b16-8d8f-f1a8aa35168b" executionId="4b9f3797-ffe6-4856-986c-3dd4d0a12eb6" testListId="8c84fa94-04c1-424b-9868-57a2d4851a1d" />
    <TestEntry testId="a49019bd-702c-493c-828c-228bdd5ba8ce" executionId="f5716734-8822-4a25-bc1e-6ef5567765e1" testListId="8c84fa94-04c1-424b-9868-57a2d4851a1d" />
    <TestEntry testId="070b04fa-228b-4eb6-bf20-68403c27e8a2" executionId="a6c20ba1-9e29-4f17-8cf9-d6e1332db494" testListId="8c84fa94-04c1-424b-9868-57a2d4851a1d" />
    <TestEntry testId="87d1b8c8-08e7-4442-bd88-c1284fce5b31" executionId="a6f73805-241e-4f50-97c0-3f119896007b" testListId="8c84fa94-04c1-424b-9868-57a2d4851a1d" />
    <TestEntry testId="0ce8fb84-34bb-4d05-a453-3e85620fb666" executionId="4718c711-e147-43e8-ab9c-a00a5bffaad8" testListId="8c84fa94-04c1-424b-9868-57a2d4851a1d" />
    <TestEntry testId="c989bc0f-c62b-4b3e-a81f-26db6e0ba821" executionId="90970925-942b-4cf6-8ae2-445929b9e266" testListId="8c84fa94-04c1-424b-9868-57a2d4851a1d" />
    <TestEntry testId="b7d574aa-8fb7-432b-8bf1-d6a81f40bfc2" executionId="50d232e2-d2aa-42d4-adac-84a8b52810cf" testListId="8c84fa94-04c1-424b-9868-57a2d4851a1d" />
    <TestEntry testId="96caa9f6-684f-4239-8cb9-07fba0520d45" executionId="ef9ac249-1502-4c9a-8853-ad4d38904620" testListId="8c84fa94-04c1-424b-9868-57a2d4851a1d" />
    <TestEntry testId="6f266e08-ac63-42ac-8d55-21b95f6231a1" executionId="4765e576-5f52-4d36-ab62-c9502c4d6419" testListId="8c84fa94-04c1-424b-9868-57a2d4851a1d" />
    <TestEntry testId="3afc5ec1-089f-461f-855a-dc503d03ec96" executionId="5d57be99-cd2b-4d3e-9fa2-afe2fddfd10b" testListId="8c84fa94-04c1-424b-9868-57a2d4851a1d" />
    <TestEntry testId="650a1e95-eedd-4cb4-819a-370212ca1b6f" executionId="4f4185fc-c3b3-4e29-ab99-aa98a5f9d1ee" testListId="8c84fa94-04c1-424b-9868-57a2d4851a1d" />
    <TestEntry testId="451ccafe-ff5f-4c5d-91d1-b67540243f4d" executionId="012c59aa-db46-45b1-9a6b-7bf748a6950c" testListId="8c84fa94-04c1-424b-9868-57a2d4851a1d" />
    <TestEntry testId="c601bc2a-e3de-4c0d-895d-dbfe6c104b9c" executionId="0400a1bf-b51c-483c-9e35-918f47ba72b5" testListId="8c84fa94-04c1-424b-9868-57a2d4851a1d" />
    <TestEntry testId="d499abd8-5e04-4661-a95e-be72c64a1370" executionId="497cb951-3d2a-4157-bba9-aca37880a361" testListId="8c84fa94-04c1-424b-9868-57a2d4851a1d" />
    <TestEntry testId="314a7504-afd0-4fea-842d-0793b48115f8" executionId="0a2bb5ba-f761-49c9-ba2b-d2df2f317888" testListId="8c84fa94-04c1-424b-9868-57a2d4851a1d" />
    <TestEntry testId="a89fdd26-172a-46af-975c-b3f7ddc6201a" executionId="c67b4c22-4439-40c3-9765-56c94180ffff" testListId="8c84fa94-04c1-424b-9868-57a2d4851a1d" />
    <TestEntry testId="670c0587-f548-443e-a6a7-307db7c9ed9d" executionId="87a735cd-2843-44bb-a49c-37b39f46b0b4" testListId="8c84fa94-04c1-424b-9868-57a2d4851a1d" />
    <TestEntry testId="a6803147-3e16-4a10-88fb-f40c71026b79" executionId="9b73b823-205a-41fe-b0ec-1be20f55d1c4" testListId="8c84fa94-04c1-424b-9868-57a2d4851a1d" />
    <TestEntry testId="6f1b0a3b-bbc3-41aa-bbca-ff62e6ff0f53" executionId="6700ae06-2c79-40dc-9a70-c2205df6d68a" testListId="8c84fa94-04c1-424b-9868-57a2d4851a1d" />
    <TestEntry testId="d224e6c9-06c3-4efb-876f-f2cc9e69f3ec" executionId="8e44d49f-66af-40ed-9e02-5ec430658223" testListId="8c84fa94-04c1-424b-9868-57a2d4851a1d" />
    <TestEntry testId="7db20eeb-5488-4677-96d7-40aa8e9e9e4d" executionId="670466ce-6a64-4286-8938-1c151e54e5e9" testListId="8c84fa94-04c1-424b-9868-57a2d4851a1d" />
    <TestEntry testId="f0c08f70-3478-4945-8383-5c007d70011b" executionId="37e66ef9-4ae4-4a37-b245-a6a0166f09aa" testListId="8c84fa94-04c1-424b-9868-57a2d4851a1d" />
    <TestEntry testId="4df41c66-f723-465a-a4a9-8756933315be" executionId="81c3a4e3-3853-4c81-8179-0028d87e116f" testListId="8c84fa94-04c1-424b-9868-57a2d4851a1d" />
    <TestEntry testId="1b090866-fdc4-4c27-89d7-e85be5d2a199" executionId="c042c7b6-5cd2-4f0a-9e31-64a9617d10f7" testListId="8c84fa94-04c1-424b-9868-57a2d4851a1d" />
    <TestEntry testId="5c95ac24-4bb6-405e-ad6b-0a711d94a825" executionId="bd754555-4279-4794-a848-ebcac37cd184" testListId="8c84fa94-04c1-424b-9868-57a2d4851a1d" />
    <TestEntry testId="805048a1-f135-4bda-a5a0-aab52818db00" executionId="f360f2cb-d00a-4eeb-8c02-4c730edeef81" testListId="8c84fa94-04c1-424b-9868-57a2d4851a1d" />
    <TestEntry testId="e3bef169-db3c-4648-8ba7-f6efd36be0ec" executionId="85a0e9e6-a881-40ec-9b94-3e1043fa0968" testListId="8c84fa94-04c1-424b-9868-57a2d4851a1d" />
    <TestEntry testId="1211b8ee-cab6-45ae-90eb-249d5c508895" executionId="291124e5-c3f5-451c-8c9f-eb08d9d3d038" testListId="8c84fa94-04c1-424b-9868-57a2d4851a1d" />
    <TestEntry testId="f3f04d05-a71b-475e-80fb-7898a5e8b799" executionId="4dc1cfd1-d0b7-4a17-b3a9-17e5ddfd7ee8" testListId="8c84fa94-04c1-424b-9868-57a2d4851a1d" />
    <TestEntry testId="482a851f-fa30-4411-af38-f47933862c68" executionId="cd7e368a-62f4-4b7b-9c06-4e68bb78f6f1" testListId="8c84fa94-04c1-424b-9868-57a2d4851a1d" />
    <TestEntry testId="66dceb52-256b-4618-875c-9c89b8df6857" executionId="6233931f-a147-4c2d-9439-f4d446d9cce1" testListId="8c84fa94-04c1-424b-9868-57a2d4851a1d" />
    <TestEntry testId="83aa48bb-6641-4642-b945-2fe5772258d9" executionId="2eb5bb38-8c70-4ccb-bf00-22bc489e85c0" testListId="8c84fa94-04c1-424b-9868-57a2d4851a1d" />
    <TestEntry testId="6539918d-0628-464d-badb-dd7ae5c998b8" executionId="4f66a27a-d9c1-497d-8002-57a86c280c1e" testListId="8c84fa94-04c1-424b-9868-57a2d4851a1d" />
    <TestEntry testId="bff6e525-40a2-42f9-8b65-acc38b8ec03b" executionId="2c50ad54-1dd2-4684-808c-e32170247884" testListId="8c84fa94-04c1-424b-9868-57a2d4851a1d" />
    <TestEntry testId="defc6c6c-431a-415f-8caf-17cafd3fd679" executionId="d29d9374-a156-488e-a839-efac089669b6" testListId="8c84fa94-04c1-424b-9868-57a2d4851a1d" />
    <TestEntry testId="8983446a-ecb8-45db-8bcb-607065f10541" executionId="a5e955fa-3023-4c99-ae7e-e46c0617e346" testListId="8c84fa94-04c1-424b-9868-57a2d4851a1d" />
    <TestEntry testId="1136bf6b-076e-402a-8eae-0d8ab7f6a009" executionId="f024711b-7408-4d96-9f7d-f73c70d11762" testListId="8c84fa94-04c1-424b-9868-57a2d4851a1d" />
    <TestEntry testId="19cbba82-bb9b-4f00-ac3a-50dcb811b4b1" executionId="242383a9-d08d-4a94-8d78-55b64113c246" testListId="8c84fa94-04c1-424b-9868-57a2d4851a1d" />
    <TestEntry testId="4a1583c6-7752-4157-8bcb-86164eabe848" executionId="bc0811f5-dd1b-421b-a990-11a5a49174aa" testListId="8c84fa94-04c1-424b-9868-57a2d4851a1d" />
    <TestEntry testId="31b0f172-fdbf-4f6f-b833-f968e555023c" executionId="9b156330-1617-470b-9eb7-fd1095ffb556" testListId="8c84fa94-04c1-424b-9868-57a2d4851a1d" />
    <TestEntry testId="0471e78f-1e39-44bd-92e9-db6d8f4f065f" executionId="5685c2e6-07cc-41b0-af99-ea7fb7bf529b" testListId="8c84fa94-04c1-424b-9868-57a2d4851a1d" />
    <TestEntry testId="c4b9538e-d11b-4409-b827-3dc1004b129f" executionId="47efe8cc-f4e7-42ca-8e46-412c37c299ab" testListId="8c84fa94-04c1-424b-9868-57a2d4851a1d" />
    <TestEntry testId="5d51f6c6-232e-4e2a-91b7-03a05c889f47" executionId="96a55125-bce9-41bd-a80b-1e3b9396664d" testListId="8c84fa94-04c1-424b-9868-57a2d4851a1d" />
    <TestEntry testId="12f9d1bf-ad7c-4da8-9032-69235340b574" executionId="70416e48-e62f-4472-8ce2-bfbd21a6cdcc" testListId="8c84fa94-04c1-424b-9868-57a2d4851a1d" />
    <TestEntry testId="7d3bfbba-f5c8-45ab-a6d6-917d986f3bf5" executionId="460c0896-3e49-4f38-ba74-b3090fe74621" testListId="8c84fa94-04c1-424b-9868-57a2d4851a1d" />
    <TestEntry testId="00ff764d-3bb9-48ea-9035-e3ce1cf989a1" executionId="80140337-bc45-4f8b-9b73-5f53c475a879" testListId="8c84fa94-04c1-424b-9868-57a2d4851a1d" />
    <TestEntry testId="8b1e162d-0f18-4945-aff8-96d39d4c2c34" executionId="d6cfe0f8-28fa-4619-bc1e-18f383361d61" testListId="8c84fa94-04c1-424b-9868-57a2d4851a1d" />
    <TestEntry testId="b9e3573f-cf40-4aa3-a0d3-3aad48195303" executionId="113bab9c-403d-4a79-9242-d9b4fc6bae32" testListId="8c84fa94-04c1-424b-9868-57a2d4851a1d" />
    <TestEntry testId="73c09bfb-6a6b-4703-843a-58b7135694d5" executionId="2fe9b5b8-31ca-42a6-8e27-b2ea07745906" testListId="8c84fa94-04c1-424b-9868-57a2d4851a1d" />
    <TestEntry testId="61ba36c3-1683-4a4c-82b4-16baa5d5ff7e" executionId="771c8ba5-76e6-42c2-ba0a-381129f6edae" testListId="8c84fa94-04c1-424b-9868-57a2d4851a1d" />
    <TestEntry testId="d975b46b-9634-4f9c-a5fd-ba0d7b501055" executionId="b158a2f3-9175-4200-b6c2-e832289e2cc1" testListId="8c84fa94-04c1-424b-9868-57a2d4851a1d" />
    <TestEntry testId="0e6790ce-ee7e-4c29-a028-7c09c279f068" executionId="3381e009-b0dc-4390-93e9-b91cbc9c9f49" testListId="8c84fa94-04c1-424b-9868-57a2d4851a1d" />
    <TestEntry testId="e0107b52-dc2f-4e71-821b-8f4fbc4d6797" executionId="5519cd11-2bc5-4e68-88b6-e5fee2ed0be2" testListId="8c84fa94-04c1-424b-9868-57a2d4851a1d" />
    <TestEntry testId="886c0239-a823-4a21-9ca8-8afaa473a144" executionId="b1b1d365-d69c-45d5-a98e-94234c0d159e" testListId="8c84fa94-04c1-424b-9868-57a2d4851a1d" />
    <TestEntry testId="684529a0-92c7-4dc5-915c-213564af74fd" executionId="e351efdd-33b8-423e-8ad6-592d1ee700dd" testListId="8c84fa94-04c1-424b-9868-57a2d4851a1d" />
    <TestEntry testId="91f63584-6002-4f7b-9c99-70d44ca549c7" executionId="36561662-e93a-49f4-bf63-3e7bf7ae034a" testListId="8c84fa94-04c1-424b-9868-57a2d4851a1d" />
    <TestEntry testId="d7201452-f89f-4a65-8f99-4fbbde4a666a" executionId="6e836785-1b43-4e39-9b33-adf5a3a5daf0" testListId="8c84fa94-04c1-424b-9868-57a2d4851a1d" />
    <TestEntry testId="02087a1c-1f3c-4a9b-a7d1-4ba16a313209" executionId="866cae1c-be4c-48e4-9fd3-c6e97e0de2fd" testListId="8c84fa94-04c1-424b-9868-57a2d4851a1d" />
    <TestEntry testId="67e8afed-ca9d-4fe2-bb1c-3e9abe5f4ff4" executionId="8fe2ba2a-6d4d-4b85-a730-8cca66f87876" testListId="8c84fa94-04c1-424b-9868-57a2d4851a1d" />
    <TestEntry testId="317d6e9e-b7ff-489f-b143-658a2f31b9eb" executionId="92bdadd2-ea0e-4390-aca8-daeecd30b3e4" testListId="8c84fa94-04c1-424b-9868-57a2d4851a1d" />
    <TestEntry testId="2348797d-9a00-417f-9631-d24c69c6638f" executionId="a2f7a745-f88b-4c85-9407-64b653f40f10" testListId="8c84fa94-04c1-424b-9868-57a2d4851a1d" />
    <TestEntry testId="5800c543-8d54-4674-ba7e-d8c5b4b1a01b" executionId="4866d913-3d1d-4fd2-9d9c-1038e350516e" testListId="8c84fa94-04c1-424b-9868-57a2d4851a1d" />
    <TestEntry testId="db898642-71a2-4e15-9eb1-937662f5647c" executionId="36de9ea1-8c58-43cd-9a2f-4cd0b8a97738" testListId="8c84fa94-04c1-424b-9868-57a2d4851a1d" />
    <TestEntry testId="d463c7bc-8c24-4b6c-a861-f9d51ded3655" executionId="7d2409f7-55a0-4aec-a6cc-b539b6535b03" testListId="8c84fa94-04c1-424b-9868-57a2d4851a1d" />
    <TestEntry testId="595284b3-3d10-4411-95fc-796ed3d6887a" executionId="85077947-5ade-4dd4-82da-0b3a72b3a04c" testListId="8c84fa94-04c1-424b-9868-57a2d4851a1d" />
    <TestEntry testId="6e14db0a-d154-4b0b-afbf-d1c767e2bebe" executionId="f16d6085-9d37-4246-bbc0-e0f972a45812" testListId="8c84fa94-04c1-424b-9868-57a2d4851a1d" />
    <TestEntry testId="3773a691-8f5d-4dab-bdf8-8573a94849a2" executionId="d1ebbf07-1b96-4536-8b94-84561455832c" testListId="8c84fa94-04c1-424b-9868-57a2d4851a1d" />
    <TestEntry testId="35c9f445-39c8-49c4-8d61-90ea322f156d" executionId="3950be5b-feea-45d8-ab98-6517555d50b4" testListId="8c84fa94-04c1-424b-9868-57a2d4851a1d" />
    <TestEntry testId="c0e65dad-1cdc-4d07-a899-e4d6cc464d79" executionId="d6e176ed-d282-4159-ba6f-7a8f652ad965" testListId="8c84fa94-04c1-424b-9868-57a2d4851a1d" />
    <TestEntry testId="8eecec2f-8d31-4c1d-9c1d-2bd2f5f6c7b1" executionId="d3e46353-aa70-4a16-b753-4553512b0c56" testListId="8c84fa94-04c1-424b-9868-57a2d4851a1d" />
    <TestEntry testId="ae0b8749-748c-4ccc-91f1-436957ee1651" executionId="76a27366-a17a-4af1-ace8-59657d21605c" testListId="8c84fa94-04c1-424b-9868-57a2d4851a1d" />
    <TestEntry testId="08d34e31-a337-4f70-8564-719a5d5f2605" executionId="6811fef0-a399-4f3a-9fc8-b9b4a9c4d36a" testListId="8c84fa94-04c1-424b-9868-57a2d4851a1d" />
    <TestEntry testId="d8a5592b-79c0-4070-b261-470dfd6762b6" executionId="52067c23-675d-4045-9c24-21c517f5d177" testListId="8c84fa94-04c1-424b-9868-57a2d4851a1d" />
    <TestEntry testId="cf0614b2-7acc-4fc8-bd6a-fa377f7b5d41" executionId="f370d770-0db4-4704-abf7-fdccf765e96e" testListId="8c84fa94-04c1-424b-9868-57a2d4851a1d" />
    <TestEntry testId="12fd8f5a-c8ec-48cf-b0d4-9efaa9a7dd63" executionId="2fc332a5-e82c-4910-93cc-6b5edf15de9b" testListId="8c84fa94-04c1-424b-9868-57a2d4851a1d" />
    <TestEntry testId="915e9dc4-9021-4ab6-9f66-e0649c9d8c5a" executionId="690b8ac0-a9d8-4ee4-b1a4-3e92533414f2" testListId="8c84fa94-04c1-424b-9868-57a2d4851a1d" />
    <TestEntry testId="ca13a67a-e091-45ef-af0a-88406dd7108f" executionId="a26693dd-6c2a-4785-ac25-2b53c601b083" testListId="8c84fa94-04c1-424b-9868-57a2d4851a1d" />
    <TestEntry testId="08af24ad-b3ce-47d6-b260-3fb1fdd96dd3" executionId="c67f7353-edb6-4c06-8f37-ea68e26399ba" testListId="8c84fa94-04c1-424b-9868-57a2d4851a1d" />
    <TestEntry testId="dffe7862-badd-4ad8-991a-8d59b40be895" executionId="309405c0-d986-4aa5-9935-257dc53c459e" testListId="8c84fa94-04c1-424b-9868-57a2d4851a1d" />
    <TestEntry testId="57edb86a-67b6-4f0e-a5a7-3a2c4015dce4" executionId="d27a6f00-3e0a-43b1-8b52-7a3981755ce5" testListId="8c84fa94-04c1-424b-9868-57a2d4851a1d" />
    <TestEntry testId="62a029de-9add-4b41-a709-724f596906d0" executionId="cee8ec2a-bf10-4e80-8d49-fdbd70157f5d" testListId="8c84fa94-04c1-424b-9868-57a2d4851a1d" />
    <TestEntry testId="055e4ebd-678a-4b55-bdf3-6255f0bff5a0" executionId="ee8317cf-54df-41f6-bbc7-d0b2d9f03303" testListId="8c84fa94-04c1-424b-9868-57a2d4851a1d" />
    <TestEntry testId="35250efb-9dc4-4c1a-9914-1cf08ded69a0" executionId="f4c4dcb9-9b11-48e9-b08c-260f2b8afa67" testListId="8c84fa94-04c1-424b-9868-57a2d4851a1d" />
    <TestEntry testId="99bdc7f3-a58c-467a-9782-36d9d55ae733" executionId="aad9b76c-9bb9-4b22-bdb5-c41994b07a37" testListId="8c84fa94-04c1-424b-9868-57a2d4851a1d" />
    <TestEntry testId="24e23fa0-b7fa-4083-9a68-7e42afef0872" executionId="1494ab3c-f74f-42d6-b93b-6278e184006d" testListId="8c84fa94-04c1-424b-9868-57a2d4851a1d" />
    <TestEntry testId="5eaa6e65-9947-46b8-b496-ff3469e93e40" executionId="61d72cb8-c128-4e0f-ae17-e2292da78a6b" testListId="8c84fa94-04c1-424b-9868-57a2d4851a1d" />
    <TestEntry testId="b9f3295b-e2af-454f-bd51-58277b1b0447" executionId="5f068a93-ef1a-4351-a2f8-7ceedb1b8bb4" testListId="8c84fa94-04c1-424b-9868-57a2d4851a1d" />
    <TestEntry testId="7ef64f16-26bd-487d-b309-5ff251f399fe" executionId="3a9b86d6-fa61-4e9d-80b2-c44d84086ec3" testListId="8c84fa94-04c1-424b-9868-57a2d4851a1d" />
    <TestEntry testId="a1431160-1327-44e0-b7da-e7cc28afd9e7" executionId="f861d3fa-56c8-46e6-949e-f64d133f9d25" testListId="8c84fa94-04c1-424b-9868-57a2d4851a1d" />
    <TestEntry testId="d5c4c3b8-20e6-4f88-8e74-6dce95831b4c" executionId="20a553b4-66d7-4877-a496-07c885df020d" testListId="8c84fa94-04c1-424b-9868-57a2d4851a1d" />
    <TestEntry testId="4d1143ba-357a-4bb8-bf3f-ece0a8dca1b2" executionId="65c889ef-63e2-473d-b698-aa4f9265a0d2" testListId="8c84fa94-04c1-424b-9868-57a2d4851a1d" />
    <TestEntry testId="5a74179c-6967-4441-af66-13043a57eefe" executionId="571aa730-951d-4ea9-8588-0c029c09781f" testListId="8c84fa94-04c1-424b-9868-57a2d4851a1d" />
    <TestEntry testId="e473ae57-ca40-4422-b21d-195e1fd2b611" executionId="e43855bd-edd9-4c95-92b6-3ffe2123e27d" testListId="8c84fa94-04c1-424b-9868-57a2d4851a1d" />
    <TestEntry testId="00c03b00-4ce6-4455-b34b-146d713e53f0" executionId="65ee5f53-1352-47d1-989a-959ba63f485b" testListId="8c84fa94-04c1-424b-9868-57a2d4851a1d" />
    <TestEntry testId="ddcb5cd8-42f7-4ab8-b08d-b2b345a54945" executionId="200ffd31-9b31-4301-84f2-ca0d5974c576" testListId="8c84fa94-04c1-424b-9868-57a2d4851a1d" />
    <TestEntry testId="0bf9b333-bf7b-4963-b60e-a94e3f61da3a" executionId="f1cce31c-ef91-453b-baba-59ecc83b38aa" testListId="8c84fa94-04c1-424b-9868-57a2d4851a1d" />
    <TestEntry testId="96e86200-db07-4636-854d-ed1ffc8ac2e4" executionId="25721061-735c-415f-b90c-bfa5e5aca1bb" testListId="8c84fa94-04c1-424b-9868-57a2d4851a1d" />
    <TestEntry testId="fb1054b5-75c9-4028-9fb8-2b719b8ff64a" executionId="ed218278-7155-4fa4-ac69-5484daaa2857" testListId="8c84fa94-04c1-424b-9868-57a2d4851a1d" />
    <TestEntry testId="82f7a44b-1611-4313-b9c4-90bff99134fb" executionId="0480d4d1-6f56-4c1a-a72f-f69099357332" testListId="8c84fa94-04c1-424b-9868-57a2d4851a1d" />
    <TestEntry testId="2916b22d-2b74-46a0-8933-828bb2a9246c" executionId="9a327625-3c00-4273-99ab-9068c858ecd1" testListId="8c84fa94-04c1-424b-9868-57a2d4851a1d" />
    <TestEntry testId="25554797-4f79-49b7-8130-b47d676a1286" executionId="1b691fd3-0e83-47e6-bef5-49a6a9fdb26a" testListId="8c84fa94-04c1-424b-9868-57a2d4851a1d" />
    <TestEntry testId="b700e2fb-1037-4503-b789-8d6dd3dc3e7d" executionId="22de2f2e-e848-45b6-818c-4b9a578a7a67" testListId="8c84fa94-04c1-424b-9868-57a2d4851a1d" />
    <TestEntry testId="aabf744c-2581-4e80-810d-47bdbc3287ac" executionId="8208bc9c-4752-4bee-b9a3-456aa2b5418a" testListId="8c84fa94-04c1-424b-9868-57a2d4851a1d" />
    <TestEntry testId="d8080937-d5e9-4f81-a4e9-2125df3389b2" executionId="9e0a3b72-700e-4d23-a230-866b3f48328b" testListId="8c84fa94-04c1-424b-9868-57a2d4851a1d" />
    <TestEntry testId="17d8a753-931c-498f-9484-5a44990a82dd" executionId="fd6522c3-ae5d-4655-8854-2632615cdde0" testListId="8c84fa94-04c1-424b-9868-57a2d4851a1d" />
    <TestEntry testId="c226e268-a841-48a7-ad83-8d1c43ca1135" executionId="1be11c2b-95ce-4dc9-9963-b65b94a53734" testListId="8c84fa94-04c1-424b-9868-57a2d4851a1d" />
    <TestEntry testId="90092835-d720-4075-9f37-604864bbf1ec" executionId="c9bcd9b0-8649-46b0-b1b1-76422ca720aa" testListId="8c84fa94-04c1-424b-9868-57a2d4851a1d" />
    <TestEntry testId="07712a72-6e67-4d7b-ac8e-25e0b7a89951" executionId="0d7ead16-cade-40dc-86e0-155f0d3de444" testListId="8c84fa94-04c1-424b-9868-57a2d4851a1d" />
    <TestEntry testId="f88801a9-c735-46b8-96bc-0acd76344363" executionId="5ae8043d-398d-477b-b99f-7a5f08e27bb3" testListId="8c84fa94-04c1-424b-9868-57a2d4851a1d" />
  </TestEntries>
  <TestLists>
    <TestList name="Results Not in a List" id="8c84fa94-04c1-424b-9868-57a2d4851a1d" />
    <TestList name="All Loaded Results" id="19431567-8539-422a-85d7-44ee4e166bda" />
  </TestLists>
  <ResultSummary outcome="Completed">
    <Counters total="1000" executed="1000" passed="1000" failed="0" error="0" timeout="0" aborted="0" inconclusive="0" passedButRunAborted="0" notRunnable="0" notExecuted="0" disconnected="0" warning="0" completed="0" inProgress="0" pending="0" />
  </ResultSummary>
</TestRun>