<?xml version="1.0" encoding="utf-8"?>
<TestRun id="74a99dff-22b5-434f-8812-9093fe5578f3" name="Dominik@DESKTOP-5URQ9PB 2022-06-13 21:11:17" runUser="DESKTOP-5URQ9PB\Dominik" xmlns="http://microsoft.com/schemas/VisualStudio/TeamTest/2010">
  <Times creation="2022-06-13T21:11:17.3069741+02:00" queuing="2022-06-13T21:11:17.3069742+02:00" start="2022-06-13T21:11:15.0176284+02:00" finish="2022-06-13T21:11:18.3601873+02:00" />
  <TestSettings name="default" id="dc5a6e0a-16d4-4a05-8407-b18f8e0c38ec">
    <Deployment runDeploymentRoot="Dominik_DESKTOP-5URQ9PB_2022-06-13_21_11_17" />
  </TestSettings>
  <Results>
    <UnitTestResult executionId="134a4337-c693-4d97-a36f-72c1736e4827" testId="b865bb60-6fc5-41eb-82ce-10b502b47c02" testName="FormatToStringTest1000 (17990.38119827089,17990.38 zł)" computerName="DESKTOP-5URQ9PB" duration="00:00:00.0000063" startTime="2022-06-13T21:11:17.3503842+02:00" endTime="2022-06-13T21:11:17.3504505+02:00" testType="13cdc9d9-ddb5-4fa4-a97d-d965ccfc6d4b" outcome="Passed" testListId="8c84fa94-04c1-424b-9868-57a2d4851a1d" relativeResultsDirectory="134a4337-c693-4d97-a36f-72c1736e4827" />
    <UnitTestResult executionId="5ef83aac-4ecd-40ca-aba9-50ec314e8046" testId="0745d129-ac0d-4849-9d66-3ff95607e6af" testName="FormatToStringTest1000 (32632.105531036905,32632.11 zł)" computerName="DESKTOP-5URQ9PB" duration="00:00:00.0000075" startTime="2022-06-13T21:11:17.2316114+02:00" endTime="2022-06-13T21:11:17.2316901+02:00" testType="13cdc9d9-ddb5-4fa4-a97d-d965ccfc6d4b" outcome="Passed" testListId="8c84fa94-04c1-424b-9868-57a2d4851a1d" relativeResultsDirectory="5ef83aac-4ecd-40ca-aba9-50ec314e8046" />
    <UnitTestResult executionId="c92b977b-43af-445b-aa2e-34ae09a5eb00" testId="031d0cc9-2ca2-4db4-a245-8bda94a61780" testName="FormatToStringTest1000 (6027.66019266828,6027.66 zł)" computerName="DESKTOP-5URQ9PB" duration="00:00:00.0000063" startTime="2022-06-13T21:11:17.5405182+02:00" endTime="2022-06-13T21:11:17.5405803+02:00" testType="13cdc9d9-ddb5-4fa4-a97d-d965ccfc6d4b" outcome="Passed" testListId="8c84fa94-04c1-424b-9868-57a2d4851a1d" relativeResultsDirectory="c92b977b-43af-445b-aa2e-34ae09a5eb00" />
    <UnitTestResult executionId="625c05df-f932-47c0-bedd-4811f4b2f8f1" testId="b1c0997f-b5c8-4c19-80af-07d17c961b75" testName="FormatToStringTest1000 (7951.322730072458,7951.32 zł)" computerName="DESKTOP-5URQ9PB" duration="00:00:00.0000062" startTime="2022-06-13T21:11:17.3039307+02:00" endTime="2022-06-13T21:11:17.3039973+02:00" testType="13cdc9d9-ddb5-4fa4-a97d-d965ccfc6d4b" outcome="Passed" testListId="8c84fa94-04c1-424b-9868-57a2d4851a1d" relativeResultsDirectory="625c05df-f932-47c0-bedd-4811f4b2f8f1" />
    <UnitTestResult executionId="4497d1e0-55d0-4fd6-8422-3059d9a73d70" testId="6bfb0e5d-88d3-4387-bb6b-f72b6fe85871" testName="FormatToStringTest1000 (4555.538255205163,4555.54 zł)" computerName="DESKTOP-5URQ9PB" duration="00:00:00.0000073" startTime="2022-06-13T21:11:17.3591353+02:00" endTime="2022-06-13T21:11:17.3592178+02:00" testType="13cdc9d9-ddb5-4fa4-a97d-d965ccfc6d4b" outcome="Passed" testListId="8c84fa94-04c1-424b-9868-57a2d4851a1d" relativeResultsDirectory="4497d1e0-55d0-4fd6-8422-3059d9a73d70" />
    <UnitTestResult executionId="35b81bf7-e3d4-4e42-80fb-6fc552404a8f" testId="9b49b7d1-ce72-4365-be07-6a2d07e559fa" testName="FormatToStringTest1000 (16129.507288814293,16129.51 zł)" computerName="DESKTOP-5URQ9PB" duration="00:00:00.0000063" startTime="2022-06-13T21:11:17.3889433+02:00" endTime="2022-06-13T21:11:17.3890098+02:00" testType="13cdc9d9-ddb5-4fa4-a97d-d965ccfc6d4b" outcome="Passed" testListId="8c84fa94-04c1-424b-9868-57a2d4851a1d" relativeResultsDirectory="35b81bf7-e3d4-4e42-80fb-6fc552404a8f" />
    <UnitTestResult executionId="0ce734fd-5fed-49cb-85bf-55590fb9aec3" testId="87e0c0cb-9a81-4521-996a-ced02c55180b" testName="FormatToStringTest1000 (18490.912787030877,18490.91 zł)" computerName="DESKTOP-5URQ9PB" duration="00:00:00.0000061" startTime="2022-06-13T21:11:17.5073081+02:00" endTime="2022-06-13T21:11:17.5073719+02:00" testType="13cdc9d9-ddb5-4fa4-a97d-d965ccfc6d4b" outcome="Passed" testListId="8c84fa94-04c1-424b-9868-57a2d4851a1d" relativeResultsDirectory="0ce734fd-5fed-49cb-85bf-55590fb9aec3" />
    <UnitTestResult executionId="67f3813b-9fc1-4137-aa04-a1d1841d3c7a" testId="28eb24f4-bafb-44a7-99fa-f61fb0e50f2e" testName="FormatToStringTest1000 (14003.84591249742,14003.85 zł)" computerName="DESKTOP-5URQ9PB" duration="00:00:00.0000063" startTime="2022-06-13T21:11:17.4572701+02:00" endTime="2022-06-13T21:11:17.4573336+02:00" testType="13cdc9d9-ddb5-4fa4-a97d-d965ccfc6d4b" outcome="Passed" testListId="8c84fa94-04c1-424b-9868-57a2d4851a1d" relativeResultsDirectory="67f3813b-9fc1-4137-aa04-a1d1841d3c7a" />
    <UnitTestResult executionId="b4580b85-ac05-4d31-8cba-0fefd6523566" testId="f4539ea7-d25b-4282-8d4b-ded3dbe31216" testName="FormatToStringTest1000 (96022.24851977557,96022.25 zł)" computerName="DESKTOP-5URQ9PB" duration="00:00:00.0000060" startTime="2022-06-13T21:11:17.5045967+02:00" endTime="2022-06-13T21:11:17.5046604+02:00" testType="13cdc9d9-ddb5-4fa4-a97d-d965ccfc6d4b" outcome="Passed" testListId="8c84fa94-04c1-424b-9868-57a2d4851a1d" relativeResultsDirectory="b4580b85-ac05-4d31-8cba-0fefd6523566" />
    <UnitTestResult executionId="dc658321-4842-43b2-8971-391eb399f4c2" testId="6aeccdbd-c643-4a75-bded-31a59eb2c681" testName="FormatToStringTest1000 (49037.8109120586,49037.81 zł)" computerName="DESKTOP-5URQ9PB" duration="00:00:00.0000072" startTime="2022-06-13T21:11:17.5578868+02:00" endTime="2022-06-13T21:11:17.5579607+02:00" testType="13cdc9d9-ddb5-4fa4-a97d-d965ccfc6d4b" outcome="Passed" testListId="8c84fa94-04c1-424b-9868-57a2d4851a1d" relativeResultsDirectory="dc658321-4842-43b2-8971-391eb399f4c2" />
    <UnitTestResult executionId="07d8c791-8f69-403b-a056-f8799c2aac26" testId="64eb9442-8274-4444-a06c-81cdcb9561af" testName="FormatToStringTest1000 (57436.33241095409,57436.33 zł)" computerName="DESKTOP-5URQ9PB" duration="00:00:00.0000077" startTime="2022-06-13T21:11:17.3499340+02:00" endTime="2022-06-13T21:11:17.3500249+02:00" testType="13cdc9d9-ddb5-4fa4-a97d-d965ccfc6d4b" outcome="Passed" testListId="8c84fa94-04c1-424b-9868-57a2d4851a1d" relativeResultsDirectory="07d8c791-8f69-403b-a056-f8799c2aac26" />
    <UnitTestResult executionId="3ec95459-3f59-4f90-9d49-f2291f3e16b1" testId="b54bf47e-3587-4669-8f37-9b214ea84a23" testName="FormatToStringTest1000 (15337.485230751097,15337.49 zł)" computerName="DESKTOP-5URQ9PB" duration="00:00:00.0000064" startTime="2022-06-13T21:11:17.3688862+02:00" endTime="2022-06-13T21:11:17.3689692+02:00" testType="13cdc9d9-ddb5-4fa4-a97d-d965ccfc6d4b" outcome="Passed" testListId="8c84fa94-04c1-424b-9868-57a2d4851a1d" relativeResultsDirectory="3ec95459-3f59-4f90-9d49-f2291f3e16b1" />
    <UnitTestResult executionId="1140d37c-50b1-453e-93d8-072cba5a0f0d" testId="70441fc1-39db-4f87-a6a7-e7ef21ec5612" testName="FormatToStringTest1000 (47163.337736466594,47163.34 zł)" computerName="DESKTOP-5URQ9PB" duration="00:00:00.0000061" startTime="2022-06-13T21:11:17.5669731+02:00" endTime="2022-06-13T21:11:17.5670370+02:00" testType="13cdc9d9-ddb5-4fa4-a97d-d965ccfc6d4b" outcome="Passed" testListId="8c84fa94-04c1-424b-9868-57a2d4851a1d" relativeResultsDirectory="1140d37c-50b1-453e-93d8-072cba5a0f0d" />
    <UnitTestResult executionId="a3173df7-cbdc-4d84-90d7-b959a76bccd4" testId="ff5d854d-3c69-45f1-b6d0-5234bc7fb8e9" testName="FormatToStringTest1000 (70432.00656616595,70432.01 zł)" computerName="DESKTOP-5URQ9PB" duration="00:00:00.0000062" startTime="2022-06-13T21:11:17.5489659+02:00" endTime="2022-06-13T21:11:17.5490303+02:00" testType="13cdc9d9-ddb5-4fa4-a97d-d965ccfc6d4b" outcome="Passed" testListId="8c84fa94-04c1-424b-9868-57a2d4851a1d" relativeResultsDirectory="a3173df7-cbdc-4d84-90d7-b959a76bccd4" />
    <UnitTestResult executionId="11a650fd-aaa8-43c1-b3a8-d7fea12b3af0" testId="c85db8f4-0144-4f30-877f-7e539c13a3d2" testName="FormatToStringTest1000 (79339.95632144621,79339.96 zł)" computerName="DESKTOP-5URQ9PB" duration="00:00:00.0000062" startTime="2022-06-13T21:11:17.5819720+02:00" endTime="2022-06-13T21:11:17.5820351+02:00" testType="13cdc9d9-ddb5-4fa4-a97d-d965ccfc6d4b" outcome="Passed" testListId="8c84fa94-04c1-424b-9868-57a2d4851a1d" relativeResultsDirectory="11a650fd-aaa8-43c1-b3a8-d7fea12b3af0" />
    <UnitTestResult executionId="fb525b6b-8fbf-4e32-a405-09760d8f3524" testId="9ef4211a-889a-4395-8a14-da2eec5fe55f" testName="FormatToStringTest1000 (57564.498126061866,57564.50 zł)" computerName="DESKTOP-5URQ9PB" duration="00:00:00.0000063" startTime="2022-06-13T21:11:17.2859108+02:00" endTime="2022-06-13T21:11:17.2859773+02:00" testType="13cdc9d9-ddb5-4fa4-a97d-d965ccfc6d4b" outcome="Passed" testListId="8c84fa94-04c1-424b-9868-57a2d4851a1d" relativeResultsDirectory="fb525b6b-8fbf-4e32-a405-09760d8f3524" />
    <UnitTestResult executionId="d7e1c0b1-ed16-4395-9007-480bd33d403b" testId="6f0ce55a-f2fa-42ef-9608-ec1939cd441e" testName="FormatToStringTest1000 (16673.5121774904,16673.51 zł)" computerName="DESKTOP-5URQ9PB" duration="00:00:00.0000064" startTime="2022-06-13T21:11:17.3792321+02:00" endTime="2022-06-13T21:11:17.3792968+02:00" testType="13cdc9d9-ddb5-4fa4-a97d-d965ccfc6d4b" outcome="Passed" testListId="8c84fa94-04c1-424b-9868-57a2d4851a1d" relativeResultsDirectory="d7e1c0b1-ed16-4395-9007-480bd33d403b" />
    <UnitTestResult executionId="f97c5c3a-7b42-4b11-b310-d7141499cd62" testId="ab787567-176d-4e77-9ec6-4653d12afff2" testName="FormatToStringTest1000 (5548.360986085777,5548.36 zł)" computerName="DESKTOP-5URQ9PB" duration="00:00:00.0000064" startTime="2022-06-13T21:11:17.4681562+02:00" endTime="2022-06-13T21:11:17.4682327+02:00" testType="13cdc9d9-ddb5-4fa4-a97d-d965ccfc6d4b" outcome="Passed" testListId="8c84fa94-04c1-424b-9868-57a2d4851a1d" relativeResultsDirectory="f97c5c3a-7b42-4b11-b310-d7141499cd62" />
    <UnitTestResult executionId="bda82709-6823-4062-94b4-dc5855a5587e" testId="c8a6c9f3-174a-45fd-88fb-c5d7c2fb7e69" testName="FormatToStringTest1000 (20623.53139885493,20623.53 zł)" computerName="DESKTOP-5URQ9PB" duration="00:00:00.0000063" startTime="2022-06-13T21:11:17.2971550+02:00" endTime="2022-06-13T21:11:17.2972215+02:00" testType="13cdc9d9-ddb5-4fa4-a97d-d965ccfc6d4b" outcome="Passed" testListId="8c84fa94-04c1-424b-9868-57a2d4851a1d" relativeResultsDirectory="bda82709-6823-4062-94b4-dc5855a5587e" />
    <UnitTestResult executionId="1b4a882c-1a3b-424e-9535-be4c4a56a00c" testId="54f35a1b-f486-4747-b867-e7d60c403a26" testName="FormatToStringTest1000 (4025.728369236797,4025.73 zł)" computerName="DESKTOP-5URQ9PB" duration="00:00:00.0000075" startTime="2022-06-13T21:11:17.3851928+02:00" endTime="2022-06-13T21:11:17.3852725+02:00" testType="13cdc9d9-ddb5-4fa4-a97d-d965ccfc6d4b" outcome="Passed" testListId="8c84fa94-04c1-424b-9868-57a2d4851a1d" relativeResultsDirectory="1b4a882c-1a3b-424e-9535-be4c4a56a00c" />
    <UnitTestResult executionId="ca8584cf-0cdd-415b-8934-f23bac1676ee" testId="1f14b3aa-bdc3-442f-bef3-fb182d90088f" testName="FormatToStringTest1000 (32213.734885384205,32213.73 zł)" computerName="DESKTOP-5URQ9PB" duration="00:00:00.0000061" startTime="2022-06-13T21:11:17.4988998+02:00" endTime="2022-06-13T21:11:17.4989650+02:00" testType="13cdc9d9-ddb5-4fa4-a97d-d965ccfc6d4b" outcome="Passed" testListId="8c84fa94-04c1-424b-9868-57a2d4851a1d" relativeResultsDirectory="ca8584cf-0cdd-415b-8934-f23bac1676ee" />
    <UnitTestResult executionId="0f61b6b8-f239-40e3-a041-1b7f7bd888b3" testId="96dec171-4e30-45a8-b1cf-5ed8b085b4d3" testName="FormatToStringTest1000 (69373.32129976773,69373.32 zł)" computerName="DESKTOP-5URQ9PB" duration="00:00:00.0000063" startTime="2022-06-13T21:11:17.4055322+02:00" endTime="2022-06-13T21:11:17.4055979+02:00" testType="13cdc9d9-ddb5-4fa4-a97d-d965ccfc6d4b" outcome="Passed" testListId="8c84fa94-04c1-424b-9868-57a2d4851a1d" relativeResultsDirectory="0f61b6b8-f239-40e3-a041-1b7f7bd888b3" />
    <UnitTestResult executionId="737db9d0-c45b-4b49-a5d7-7e9d9ca7ed66" testId="2fec58a9-9810-4470-a264-2f12fe9bbf21" testName="FormatToStringTest1000 (73372.53853826903,73372.54 zł)" computerName="DESKTOP-5URQ9PB" duration="00:00:00.0000062" startTime="2022-06-13T21:11:17.3267640+02:00" endTime="2022-06-13T21:11:17.3268323+02:00" testType="13cdc9d9-ddb5-4fa4-a97d-d965ccfc6d4b" outcome="Passed" testListId="8c84fa94-04c1-424b-9868-57a2d4851a1d" relativeResultsDirectory="737db9d0-c45b-4b49-a5d7-7e9d9ca7ed66" />
    <UnitTestResult executionId="5b596c32-a1db-43d0-a15b-0a01d78ac51d" testId="34616419-ce25-4736-895a-5e2675dd37e3" testName="FormatToStringTest1000 (55030.929183896136,55030.93 zł)" computerName="DESKTOP-5URQ9PB" duration="00:00:00.0000072" startTime="2022-06-13T21:11:17.2968819+02:00" endTime="2022-06-13T21:11:17.2969630+02:00" testType="13cdc9d9-ddb5-4fa4-a97d-d965ccfc6d4b" outcome="Passed" testListId="8c84fa94-04c1-424b-9868-57a2d4851a1d" relativeResultsDirectory="5b596c32-a1db-43d0-a15b-0a01d78ac51d" />
    <UnitTestResult executionId="673c880e-4ff9-46a0-85c4-ba178c48fcb5" testId="36cb164e-008f-478f-8bc7-137d3e769ea4" testName="FormatToStringTest1000 (635.3263313632116,635.33 zł)" computerName="DESKTOP-5URQ9PB" duration="00:00:00.0000078" startTime="2022-06-13T21:11:17.5746295+02:00" endTime="2022-06-13T21:11:17.5747124+02:00" testType="13cdc9d9-ddb5-4fa4-a97d-d965ccfc6d4b" outcome="Passed" testListId="8c84fa94-04c1-424b-9868-57a2d4851a1d" relativeResultsDirectory="673c880e-4ff9-46a0-85c4-ba178c48fcb5" />
    <UnitTestResult executionId="f1d4ff03-f3b6-4f03-bd00-4215588da9bd" testId="c84149aa-7345-4f58-ad72-d95f633fd928" testName="FormatToStringTest1000 (45445.182098106096,45445.18 zł)" computerName="DESKTOP-5URQ9PB" duration="00:00:00.0000060" startTime="2022-06-13T21:11:17.3503003+02:00" endTime="2022-06-13T21:11:17.3503665+02:00" testType="13cdc9d9-ddb5-4fa4-a97d-d965ccfc6d4b" outcome="Passed" testListId="8c84fa94-04c1-424b-9868-57a2d4851a1d" relativeResultsDirectory="f1d4ff03-f3b6-4f03-bd00-4215588da9bd" />
    <UnitTestResult executionId="483dcd0c-545a-4a3d-af31-88c2a2fa8aaf" testId="e43185ea-4896-4edb-bb48-99308337f104" testName="FormatToStringTest1000 (32863.31705269558,32863.32 zł)" computerName="DESKTOP-5URQ9PB" duration="00:00:00.0000062" startTime="2022-06-13T21:11:17.5205011+02:00" endTime="2022-06-13T21:11:17.5205642+02:00" testType="13cdc9d9-ddb5-4fa4-a97d-d965ccfc6d4b" outcome="Passed" testListId="8c84fa94-04c1-424b-9868-57a2d4851a1d" relativeResultsDirectory="483dcd0c-545a-4a3d-af31-88c2a2fa8aaf" />
    <UnitTestResult executionId="1312c0ed-09b9-4063-bb65-bc7f7b3a574d" testId="b7d3a3fd-e401-435b-97a1-cfdbcd7e9e4b" testName="FormatToStringTest1000 (1300.9430775404642,1300.94 zł)" computerName="DESKTOP-5URQ9PB" duration="00:00:00.0462954" startTime="2022-06-13T21:11:17.1139936+02:00" endTime="2022-06-13T21:11:17.1790625+02:00" testType="13cdc9d9-ddb5-4fa4-a97d-d965ccfc6d4b" outcome="Passed" testListId="8c84fa94-04c1-424b-9868-57a2d4851a1d" relativeResultsDirectory="1312c0ed-09b9-4063-bb65-bc7f7b3a574d" />
    <UnitTestResult executionId="893eabda-0568-4759-aa9f-100aa0e39376" testId="cbac8fce-9912-45fb-945e-7f90d1249e43" testName="FormatToStringTest1000 (6890.028458985514,6890.03 zł)" computerName="DESKTOP-5URQ9PB" duration="00:00:00.0000062" startTime="2022-06-13T21:11:17.2448958+02:00" endTime="2022-06-13T21:11:17.2449634+02:00" testType="13cdc9d9-ddb5-4fa4-a97d-d965ccfc6d4b" outcome="Passed" testListId="8c84fa94-04c1-424b-9868-57a2d4851a1d" relativeResultsDirectory="893eabda-0568-4759-aa9f-100aa0e39376" />
    <UnitTestResult executionId="a884ec80-162d-44ed-b943-ba131f6714e2" testId="eeb80eb9-10a1-4c74-9cbb-9653d9857fff" testName="FormatToStringTest1000 (73477.18206926118,73477.18 zł)" computerName="DESKTOP-5URQ9PB" duration="00:00:00.0000063" startTime="2022-06-13T21:11:17.3854630+02:00" endTime="2022-06-13T21:11:17.3855304+02:00" testType="13cdc9d9-ddb5-4fa4-a97d-d965ccfc6d4b" outcome="Passed" testListId="8c84fa94-04c1-424b-9868-57a2d4851a1d" relativeResultsDirectory="a884ec80-162d-44ed-b943-ba131f6714e2" />
    <UnitTestResult executionId="aec2f331-be42-4a30-86a5-9d81b9194f4f" testId="de52eeb5-dc1b-484a-ad0e-58da9301e7d6" testName="FormatToStringTest1000 (21996.80326662576,21996.80 zł)" computerName="DESKTOP-5URQ9PB" duration="00:00:00.0000063" startTime="2022-06-13T21:11:17.5871641+02:00" endTime="2022-06-13T21:11:17.5872280+02:00" testType="13cdc9d9-ddb5-4fa4-a97d-d965ccfc6d4b" outcome="Passed" testListId="8c84fa94-04c1-424b-9868-57a2d4851a1d" relativeResultsDirectory="aec2f331-be42-4a30-86a5-9d81b9194f4f" />
    <UnitTestResult executionId="6e6d6790-099e-42a8-abaf-2d786b5e5068" testId="217eea6b-a2dc-4ba5-9409-9575fab3a7f4" testName="FormatToStringTest1000 (25440.18371476614,25440.18 zł)" computerName="DESKTOP-5URQ9PB" duration="00:00:00.0000070" startTime="2022-06-13T21:11:17.3143931+02:00" endTime="2022-06-13T21:11:17.3144595+02:00" testType="13cdc9d9-ddb5-4fa4-a97d-d965ccfc6d4b" outcome="Passed" testListId="8c84fa94-04c1-424b-9868-57a2d4851a1d" relativeResultsDirectory="6e6d6790-099e-42a8-abaf-2d786b5e5068" />
    <UnitTestResult executionId="d17c3b41-63e9-4d9a-903d-857fd7e97890" testId="c5900ecc-18b9-4345-99bc-906b0b3c2724" testName="FormatToStringTest1000 (6170.939441211959,6170.94 zł)" computerName="DESKTOP-5URQ9PB" duration="00:00:00.0000062" startTime="2022-06-13T21:11:17.3826236+02:00" endTime="2022-06-13T21:11:17.3826894+02:00" testType="13cdc9d9-ddb5-4fa4-a97d-d965ccfc6d4b" outcome="Passed" testListId="8c84fa94-04c1-424b-9868-57a2d4851a1d" relativeResultsDirectory="d17c3b41-63e9-4d9a-903d-857fd7e97890" />
    <UnitTestResult executionId="d9bb05b9-f7c0-4f74-865d-ab97dfd3b5f8" testId="f29b3a30-9954-45e6-9f57-3bcd610e6c63" testName="FormatToStringTest1000 (39641.61351217451,39641.61 zł)" computerName="DESKTOP-5URQ9PB" duration="00:00:00.0000064" startTime="2022-06-13T21:11:17.4115587+02:00" endTime="2022-06-13T21:11:17.4116250+02:00" testType="13cdc9d9-ddb5-4fa4-a97d-d965ccfc6d4b" outcome="Passed" testListId="8c84fa94-04c1-424b-9868-57a2d4851a1d" relativeResultsDirectory="d9bb05b9-f7c0-4f74-865d-ab97dfd3b5f8" />
    <UnitTestResult executionId="d7d74280-8930-4b02-8d70-857379118fa6" testId="d8b5a4e5-2013-440f-a1ed-58c6f2a345cc" testName="FormatToStringTest1000 (33245.44763357819,33245.45 zł)" computerName="DESKTOP-5URQ9PB" duration="00:00:00.0000062" startTime="2022-06-13T21:11:17.3730396+02:00" endTime="2022-06-13T21:11:17.3731060+02:00" testType="13cdc9d9-ddb5-4fa4-a97d-d965ccfc6d4b" outcome="Passed" testListId="8c84fa94-04c1-424b-9868-57a2d4851a1d" relativeResultsDirectory="d7d74280-8930-4b02-8d70-857379118fa6" />
    <UnitTestResult executionId="b6616730-4009-4cd4-8773-be5e080acf7b" testId="130795c3-e67a-41b9-bfc1-8b8c28cd0624" testName="FormatToStringTest1000 (2298.0331723829886,2298.03 zł)" computerName="DESKTOP-5URQ9PB" duration="00:00:00.0000067" startTime="2022-06-13T21:11:17.4447238+02:00" endTime="2022-06-13T21:11:17.4448079+02:00" testType="13cdc9d9-ddb5-4fa4-a97d-d965ccfc6d4b" outcome="Passed" testListId="8c84fa94-04c1-424b-9868-57a2d4851a1d" relativeResultsDirectory="b6616730-4009-4cd4-8773-be5e080acf7b" />
    <UnitTestResult executionId="587331c4-6605-43eb-b6ea-24a9104acb17" testId="ba748f70-21d4-4a8b-9fad-8c44d898e2da" testName="FormatToStringTest1000 (26207.03715363659,26207.04 zł)" computerName="DESKTOP-5URQ9PB" duration="00:00:00.0000062" startTime="2022-06-13T21:11:17.3034204+02:00" endTime="2022-06-13T21:11:17.3034873+02:00" testType="13cdc9d9-ddb5-4fa4-a97d-d965ccfc6d4b" outcome="Passed" testListId="8c84fa94-04c1-424b-9868-57a2d4851a1d" relativeResultsDirectory="587331c4-6605-43eb-b6ea-24a9104acb17" />
    <UnitTestResult executionId="f904f7ae-cd81-485c-a517-248ea9712d2c" testId="4f3b211c-36b5-4e34-9eea-e663e7f1c4f0" testName="FormatToStringTest1000 (26843.15785584932,26843.16 zł)" computerName="DESKTOP-5URQ9PB" duration="00:00:00.0000060" startTime="2022-06-13T21:11:17.5899644+02:00" endTime="2022-06-13T21:11:17.5900273+02:00" testType="13cdc9d9-ddb5-4fa4-a97d-d965ccfc6d4b" outcome="Passed" testListId="8c84fa94-04c1-424b-9868-57a2d4851a1d" relativeResultsDirectory="f904f7ae-cd81-485c-a517-248ea9712d2c" />
    <UnitTestResult executionId="c6cc0d56-cf71-4f1f-b14a-7ed44cd9befc" testId="0947d0ee-c4b3-45c1-8144-8f05bb3cc87d" testName="FormatToStringTest1000 (6102.4120417453405,6102.41 zł)" computerName="DESKTOP-5URQ9PB" duration="00:00:00.0000062" startTime="2022-06-13T21:11:17.5790443+02:00" endTime="2022-06-13T21:11:17.5791078+02:00" testType="13cdc9d9-ddb5-4fa4-a97d-d965ccfc6d4b" outcome="Passed" testListId="8c84fa94-04c1-424b-9868-57a2d4851a1d" relativeResultsDirectory="c6cc0d56-cf71-4f1f-b14a-7ed44cd9befc" />
    <UnitTestResult executionId="8915a747-7160-4640-9782-9eb5598a9cb2" testId="f77d03a6-e8a7-498e-8527-63bf6858b634" testName="FormatToStringTest1000 (1687.5965557361937,1687.60 zł)" computerName="DESKTOP-5URQ9PB" duration="00:00:00.0000069" startTime="2022-06-13T21:11:17.4081168+02:00" endTime="2022-06-13T21:11:17.4081958+02:00" testType="13cdc9d9-ddb5-4fa4-a97d-d965ccfc6d4b" outcome="Passed" testListId="8c84fa94-04c1-424b-9868-57a2d4851a1d" relativeResultsDirectory="8915a747-7160-4640-9782-9eb5598a9cb2" />
    <UnitTestResult executionId="80db8a79-bcf1-4df0-b2c8-b69d06718294" testId="78a2648d-c67e-4445-87af-336e14cb3ea6" testName="FormatToStringTest1000 (1821.7083499085663,1821.71 zł)" computerName="DESKTOP-5URQ9PB" duration="00:00:00.0000070" startTime="2022-06-13T21:11:17.5376309+02:00" endTime="2022-06-13T21:11:17.5377067+02:00" testType="13cdc9d9-ddb5-4fa4-a97d-d965ccfc6d4b" outcome="Passed" testListId="8c84fa94-04c1-424b-9868-57a2d4851a1d" relativeResultsDirectory="80db8a79-bcf1-4df0-b2c8-b69d06718294" />
    <UnitTestResult executionId="c4741b34-7e79-4d35-86a8-a972ad49ac3f" testId="18bb3757-86d7-4504-a157-c9c52df03ba2" testName="FormatToStringTest1000 (6220.182014914314,6220.18 zł)" computerName="DESKTOP-5URQ9PB" duration="00:00:00.0000063" startTime="2022-06-13T21:11:17.4803823+02:00" endTime="2022-06-13T21:11:17.4804459+02:00" testType="13cdc9d9-ddb5-4fa4-a97d-d965ccfc6d4b" outcome="Passed" testListId="8c84fa94-04c1-424b-9868-57a2d4851a1d" relativeResultsDirectory="c4741b34-7e79-4d35-86a8-a972ad49ac3f" />
    <UnitTestResult executionId="1405e6c3-5e80-486c-8cc9-0d51af7df0e3" testId="51378de9-66d9-4359-a0e0-d1e068c56184" testName="FormatToStringTest1000 (46898.00219497783,46898.00 zł)" computerName="DESKTOP-5URQ9PB" duration="00:00:00.0000065" startTime="2022-06-13T21:11:17.2613958+02:00" endTime="2022-06-13T21:11:17.2614753+02:00" testType="13cdc9d9-ddb5-4fa4-a97d-d965ccfc6d4b" outcome="Passed" testListId="8c84fa94-04c1-424b-9868-57a2d4851a1d" relativeResultsDirectory="1405e6c3-5e80-486c-8cc9-0d51af7df0e3" />
    <UnitTestResult executionId="f6a5148d-8792-4f41-bf57-c772ee10f9b8" testId="2b4f55cd-dc85-4db6-8a3a-31f6e7fb0be4" testName="FormatToStringTest1000 (30320.450517486992,30320.45 zł)" computerName="DESKTOP-5URQ9PB" duration="00:00:00.0000063" startTime="2022-06-13T21:11:17.4051952+02:00" endTime="2022-06-13T21:11:17.4052620+02:00" testType="13cdc9d9-ddb5-4fa4-a97d-d965ccfc6d4b" outcome="Passed" testListId="8c84fa94-04c1-424b-9868-57a2d4851a1d" relativeResultsDirectory="f6a5148d-8792-4f41-bf57-c772ee10f9b8" />
    <UnitTestResult executionId="673f6db9-f6f3-4fa5-b404-bb4a3e807294" testId="b2efc311-1148-4526-896f-a40e5a573cd3" testName="FormatToStringTest1000 (26174.290999793586,26174.29 zł)" computerName="DESKTOP-5URQ9PB" duration="00:00:00.0000062" startTime="2022-06-13T21:11:17.5381395+02:00" endTime="2022-06-13T21:11:17.5382030+02:00" testType="13cdc9d9-ddb5-4fa4-a97d-d965ccfc6d4b" outcome="Passed" testListId="8c84fa94-04c1-424b-9868-57a2d4851a1d" relativeResultsDirectory="673f6db9-f6f3-4fa5-b404-bb4a3e807294" />
    <UnitTestResult executionId="0effbb33-6179-4c60-9b27-e8d058133725" testId="ac33f68e-c01a-4b07-90fe-11f3bca3da35" testName="FormatToStringTest1000 (60017.857676936714,60017.86 zł)" computerName="DESKTOP-5URQ9PB" duration="00:00:00.0000062" startTime="2022-06-13T21:11:17.5816423+02:00" endTime="2022-06-13T21:11:17.5817058+02:00" testType="13cdc9d9-ddb5-4fa4-a97d-d965ccfc6d4b" outcome="Passed" testListId="8c84fa94-04c1-424b-9868-57a2d4851a1d" relativeResultsDirectory="0effbb33-6179-4c60-9b27-e8d058133725" />
    <UnitTestResult executionId="b1871940-d8d1-4ed2-8cc1-135180b55a52" testId="49286ccd-12ef-415e-8331-65fe39e47d9c" testName="FormatToStringTest1000 (90187.4082624374,90187.41 zł)" computerName="DESKTOP-5URQ9PB" duration="00:00:00.0000064" startTime="2022-06-13T21:11:17.5846297+02:00" endTime="2022-06-13T21:11:17.5846922+02:00" testType="13cdc9d9-ddb5-4fa4-a97d-d965ccfc6d4b" outcome="Passed" testListId="8c84fa94-04c1-424b-9868-57a2d4851a1d" relativeResultsDirectory="b1871940-d8d1-4ed2-8cc1-135180b55a52" />
    <UnitTestResult executionId="e93512df-c70e-453b-91e9-b7366e43a44f" testId="7d219444-c9c5-4633-8c27-e3f5528ec7a8" testName="FormatToStringTest1000 (39531.95190033268,39531.95 zł)" computerName="DESKTOP-5URQ9PB" duration="00:00:00.0000060" startTime="2022-06-13T21:11:17.4925058+02:00" endTime="2022-06-13T21:11:17.4925689+02:00" testType="13cdc9d9-ddb5-4fa4-a97d-d965ccfc6d4b" outcome="Passed" testListId="8c84fa94-04c1-424b-9868-57a2d4851a1d" relativeResultsDirectory="e93512df-c70e-453b-91e9-b7366e43a44f" />
    <UnitTestResult executionId="2cde098a-b2a3-47dd-9980-c80149898777" testId="799c2eba-fb6f-4e13-88d3-9338aba5bbb3" testName="FormatToStringTest1000 (22799.991836491965,22799.99 zł)" computerName="DESKTOP-5URQ9PB" duration="00:00:00.0000063" startTime="2022-06-13T21:11:17.3797401+02:00" endTime="2022-06-13T21:11:17.3798080+02:00" testType="13cdc9d9-ddb5-4fa4-a97d-d965ccfc6d4b" outcome="Passed" testListId="8c84fa94-04c1-424b-9868-57a2d4851a1d" relativeResultsDirectory="2cde098a-b2a3-47dd-9980-c80149898777" />
    <UnitTestResult executionId="590cd5f1-006b-4d7c-b31a-aa813e6d93c6" testId="227c561c-3c2d-40aa-99e3-b7e43fa3984b" testName="FormatToStringTest1000 (45455.14554704127,45455.15 zł)" computerName="DESKTOP-5URQ9PB" duration="00:00:00.0000062" startTime="2022-06-13T21:11:17.3763170+02:00" endTime="2022-06-13T21:11:17.3763837+02:00" testType="13cdc9d9-ddb5-4fa4-a97d-d965ccfc6d4b" outcome="Passed" testListId="8c84fa94-04c1-424b-9868-57a2d4851a1d" relativeResultsDirectory="590cd5f1-006b-4d7c-b31a-aa813e6d93c6" />
    <UnitTestResult executionId="9683d8b0-90e3-4f06-9e08-a3fcb87e77c7" testId="33e3678c-f712-42ec-b204-2d729437e1e7" testName="FormatToStringTest1000 (37589.670531794276,37589.67 zł)" computerName="DESKTOP-5URQ9PB" duration="00:00:00.0000091" startTime="2022-06-13T21:11:17.2361164+02:00" endTime="2022-06-13T21:11:17.2361919+02:00" testType="13cdc9d9-ddb5-4fa4-a97d-d965ccfc6d4b" outcome="Passed" testListId="8c84fa94-04c1-424b-9868-57a2d4851a1d" relativeResultsDirectory="9683d8b0-90e3-4f06-9e08-a3fcb87e77c7" />
    <UnitTestResult executionId="f5386835-9500-4845-b3dd-a17c012368cf" testId="bfca6dbb-2755-4c22-8c82-de514b14138f" testName="FormatToStringTest1000 (2975.6892256134606,2975.69 zł)" computerName="DESKTOP-5URQ9PB" duration="00:00:00.0000060" startTime="2022-06-13T21:11:17.3952076+02:00" endTime="2022-06-13T21:11:17.3952735+02:00" testType="13cdc9d9-ddb5-4fa4-a97d-d965ccfc6d4b" outcome="Passed" testListId="8c84fa94-04c1-424b-9868-57a2d4851a1d" relativeResultsDirectory="f5386835-9500-4845-b3dd-a17c012368cf" />
    <UnitTestResult executionId="e8cc3e15-5709-44f0-9334-cf26e281b6c9" testId="c54efcae-bea9-4eb9-907f-5f283b3b6776" testName="FormatToStringTest1000 (9897.705953436767,9897.71 zł)" computerName="DESKTOP-5URQ9PB" duration="00:00:00.0000260" startTime="2022-06-13T21:11:17.4393197+02:00" endTime="2022-06-13T21:11:17.4394958+02:00" testType="13cdc9d9-ddb5-4fa4-a97d-d965ccfc6d4b" outcome="Passed" testListId="8c84fa94-04c1-424b-9868-57a2d4851a1d" relativeResultsDirectory="e8cc3e15-5709-44f0-9334-cf26e281b6c9" />
    <UnitTestResult executionId="0908652d-2687-4879-8121-c7d0c639459a" testId="f8dc91fd-9457-4fb2-acd0-4c042c25f4ec" testName="FormatToStringTest1000 (21753.84773194969,21753.85 zł)" computerName="DESKTOP-5URQ9PB" duration="00:00:00.0000063" startTime="2022-06-13T21:11:17.2826019+02:00" endTime="2022-06-13T21:11:17.2826686+02:00" testType="13cdc9d9-ddb5-4fa4-a97d-d965ccfc6d4b" outcome="Passed" testListId="8c84fa94-04c1-424b-9868-57a2d4851a1d" relativeResultsDirectory="0908652d-2687-4879-8121-c7d0c639459a" />
    <UnitTestResult executionId="a986daec-9a17-4db2-80bf-629f34d84e6f" testId="bd910869-22e2-4c0c-9e2e-1bdd15ea0e74" testName="FormatToStringTest1000 (2339.5873176472205,2339.59 zł)" computerName="DESKTOP-5URQ9PB" duration="00:00:00.0000063" startTime="2022-06-13T21:11:17.4022943+02:00" endTime="2022-06-13T21:11:17.4023601+02:00" testType="13cdc9d9-ddb5-4fa4-a97d-d965ccfc6d4b" outcome="Passed" testListId="8c84fa94-04c1-424b-9868-57a2d4851a1d" relativeResultsDirectory="a986daec-9a17-4db2-80bf-629f34d84e6f" />
    <UnitTestResult executionId="2bba1058-3fa3-4309-8740-0357af005d75" testId="46ac7366-9d9c-462e-a3d7-dc5c611ddc54" testName="FormatToStringTest1000 (8582.709131852587,8582.71 zł)" computerName="DESKTOP-5URQ9PB" duration="00:00:00.0000070" startTime="2022-06-13T21:11:17.5048446+02:00" endTime="2022-06-13T21:11:17.5049091+02:00" testType="13cdc9d9-ddb5-4fa4-a97d-d965ccfc6d4b" outcome="Passed" testListId="8c84fa94-04c1-424b-9868-57a2d4851a1d" relativeResultsDirectory="2bba1058-3fa3-4309-8740-0357af005d75" />
    <UnitTestResult executionId="f44a32de-16fe-42f7-bd59-481d49213c97" testId="d249fed4-26e6-4e0a-b6c7-03674ccbd617" testName="FormatToStringTest1000 (12577.642620996872,12577.64 zł)" computerName="DESKTOP-5URQ9PB" duration="00:00:00.0000063" startTime="2022-06-13T21:11:17.2939642+02:00" endTime="2022-06-13T21:11:17.2940318+02:00" testType="13cdc9d9-ddb5-4fa4-a97d-d965ccfc6d4b" outcome="Passed" testListId="8c84fa94-04c1-424b-9868-57a2d4851a1d" relativeResultsDirectory="f44a32de-16fe-42f7-bd59-481d49213c97" />
    <UnitTestResult executionId="96c514b9-9b66-495e-bdd5-f34622c6d9d9" testId="e8465b45-3429-4696-b8b3-ed6326aa2d32" testName="FormatToStringTest1000 (24646.322657574587,24646.32 zł)" computerName="DESKTOP-5URQ9PB" duration="00:00:00.0000066" startTime="2022-06-13T21:11:17.3685815+02:00" endTime="2022-06-13T21:11:17.3686567+02:00" testType="13cdc9d9-ddb5-4fa4-a97d-d965ccfc6d4b" outcome="Passed" testListId="8c84fa94-04c1-424b-9868-57a2d4851a1d" relativeResultsDirectory="96c514b9-9b66-495e-bdd5-f34622c6d9d9" />
    <UnitTestResult executionId="8c94a134-97ce-4c9c-896c-46a78f57744c" testId="9ce75941-f683-4420-89f5-34977e141565" testName="FormatToStringTest1000 (10661.19584154207,10661.20 zł)" computerName="DESKTOP-5URQ9PB" duration="00:00:00.0000063" startTime="2022-06-13T21:11:17.4924245+02:00" endTime="2022-06-13T21:11:17.4924889+02:00" testType="13cdc9d9-ddb5-4fa4-a97d-d965ccfc6d4b" outcome="Passed" testListId="8c84fa94-04c1-424b-9868-57a2d4851a1d" relativeResultsDirectory="8c94a134-97ce-4c9c-896c-46a78f57744c" />
    <UnitTestResult executionId="860ecd1b-9301-4aca-8d65-2d48273ec7ce" testId="c66aa067-51dc-4203-9202-90311542fe1d" testName="FormatToStringTest1000 (32566.30279101259,32566.30 zł)" computerName="DESKTOP-5URQ9PB" duration="00:00:00.0000063" startTime="2022-06-13T21:11:17.2725098+02:00" endTime="2022-06-13T21:11:17.2725794+02:00" testType="13cdc9d9-ddb5-4fa4-a97d-d965ccfc6d4b" outcome="Passed" testListId="8c84fa94-04c1-424b-9868-57a2d4851a1d" relativeResultsDirectory="860ecd1b-9301-4aca-8d65-2d48273ec7ce" />
    <UnitTestResult executionId="b399cd4a-1f6b-456f-8d15-f59f728a42f5" testId="919a60cf-dc08-40f6-9cad-23e4aee12ad2" testName="FormatToStringTest1000 (28080.92507087669,28080.93 zł)" computerName="DESKTOP-5URQ9PB" duration="00:00:00.0000061" startTime="2022-06-13T21:11:17.5582237+02:00" endTime="2022-06-13T21:11:17.5582869+02:00" testType="13cdc9d9-ddb5-4fa4-a97d-d965ccfc6d4b" outcome="Passed" testListId="8c84fa94-04c1-424b-9868-57a2d4851a1d" relativeResultsDirectory="b399cd4a-1f6b-456f-8d15-f59f728a42f5" />
    <UnitTestResult executionId="1d55a2fe-5343-46b8-9f7a-610c552248d7" testId="af0fb036-5606-4ff8-8188-afc3744a6081" testName="FormatToStringTest1000 (31622.81414407809,31622.81 zł)" computerName="DESKTOP-5URQ9PB" duration="00:00:00.0000061" startTime="2022-06-13T21:11:17.5668114+02:00" endTime="2022-06-13T21:11:17.5668752+02:00" testType="13cdc9d9-ddb5-4fa4-a97d-d965ccfc6d4b" outcome="Passed" testListId="8c84fa94-04c1-424b-9868-57a2d4851a1d" relativeResultsDirectory="1d55a2fe-5343-46b8-9f7a-610c552248d7" />
    <UnitTestResult executionId="31a6bf4b-1c0f-41a7-a969-e06439d61a9a" testId="68bedbbd-5857-4c53-8912-9275923deefe" testName="FormatToStringTest1000 (1814.7218118955948,1814.72 zł)" computerName="DESKTOP-5URQ9PB" duration="00:00:00.0000062" startTime="2022-06-13T21:11:17.5748217+02:00" endTime="2022-06-13T21:11:17.5748860+02:00" testType="13cdc9d9-ddb5-4fa4-a97d-d965ccfc6d4b" outcome="Passed" testListId="8c84fa94-04c1-424b-9868-57a2d4851a1d" relativeResultsDirectory="31a6bf4b-1c0f-41a7-a969-e06439d61a9a" />
    <UnitTestResult executionId="66f78dbb-346e-46d2-bb99-b34d962dcab5" testId="78d291b7-51dc-4ca4-9f8d-a63f2732e7b7" testName="FormatToStringTest1000 (26015.8311952552,26015.83 zł)" computerName="DESKTOP-5URQ9PB" duration="00:00:00.0000095" startTime="2022-06-13T21:11:17.3333050+02:00" endTime="2022-06-13T21:11:17.3333782+02:00" testType="13cdc9d9-ddb5-4fa4-a97d-d965ccfc6d4b" outcome="Passed" testListId="8c84fa94-04c1-424b-9868-57a2d4851a1d" relativeResultsDirectory="66f78dbb-346e-46d2-bb99-b34d962dcab5" />
    <UnitTestResult executionId="c0decb26-c255-4adf-aff6-41de589a8ed9" testId="4b57eeb5-28cf-4ed9-9334-3b372884350c" testName="FormatToStringTest1000 (17988.455793307843,17988.46 zł)" computerName="DESKTOP-5URQ9PB" duration="00:00:00.0000063" startTime="2022-06-13T21:11:17.2857202+02:00" endTime="2022-06-13T21:11:17.2858070+02:00" testType="13cdc9d9-ddb5-4fa4-a97d-d965ccfc6d4b" outcome="Passed" testListId="8c84fa94-04c1-424b-9868-57a2d4851a1d" relativeResultsDirectory="c0decb26-c255-4adf-aff6-41de589a8ed9" />
    <UnitTestResult executionId="af8f47bb-1445-4bcb-9b35-9ddf6fdf8a9f" testId="fa2e18da-9202-4b76-a5f9-b79c16bc6e26" testName="FormatToStringTest1000 (3131.5022711732904,3131.50 zł)" computerName="DESKTOP-5URQ9PB" duration="00:00:00.0000062" startTime="2022-06-13T21:11:17.3948711+02:00" endTime="2022-06-13T21:11:17.3949371+02:00" testType="13cdc9d9-ddb5-4fa4-a97d-d965ccfc6d4b" outcome="Passed" testListId="8c84fa94-04c1-424b-9868-57a2d4851a1d" relativeResultsDirectory="af8f47bb-1445-4bcb-9b35-9ddf6fdf8a9f" />
    <UnitTestResult executionId="1b44f8fc-2864-4f23-b718-0d35e581b82a" testId="5c048b26-0fb0-4dab-a30b-cb201c5e652b" testName="FormatToStringTest1000 (14137.400697779563,14137.40 zł)" computerName="DESKTOP-5URQ9PB" duration="00:00:00.0000061" startTime="2022-06-13T21:11:17.5898017+02:00" endTime="2022-06-13T21:11:17.5898655+02:00" testType="13cdc9d9-ddb5-4fa4-a97d-d965ccfc6d4b" outcome="Passed" testListId="8c84fa94-04c1-424b-9868-57a2d4851a1d" relativeResultsDirectory="1b44f8fc-2864-4f23-b718-0d35e581b82a" />
    <UnitTestResult executionId="678ddc61-6f0d-4533-8ec2-1801776a7df5" testId="d480424f-7f5e-4f3d-95fb-a3ec61cc1c0c" testName="FormatToStringTest1000 (24825.207513729205,24825.21 zł)" computerName="DESKTOP-5URQ9PB" duration="00:00:00.0000064" startTime="2022-06-13T21:11:17.4449206+02:00" endTime="2022-06-13T21:11:17.4449914+02:00" testType="13cdc9d9-ddb5-4fa4-a97d-d965ccfc6d4b" outcome="Passed" testListId="8c84fa94-04c1-424b-9868-57a2d4851a1d" relativeResultsDirectory="678ddc61-6f0d-4533-8ec2-1801776a7df5" />
    <UnitTestResult executionId="2d6711cb-15fc-4745-bee1-e61cca5ad3e7" testId="417ee05b-6fdd-4a66-a4d8-c6694e560aa0" testName="FormatToStringTest1000 (20146.183073329827,20146.18 zł)" computerName="DESKTOP-5URQ9PB" duration="00:00:00.0000061" startTime="2022-06-13T21:11:17.3038471+02:00" endTime="2022-06-13T21:11:17.3039129+02:00" testType="13cdc9d9-ddb5-4fa4-a97d-d965ccfc6d4b" outcome="Passed" testListId="8c84fa94-04c1-424b-9868-57a2d4851a1d" relativeResultsDirectory="2d6711cb-15fc-4745-bee1-e61cca5ad3e7" />
    <UnitTestResult executionId="ffe58020-64f0-4011-b606-adb331605962" testId="9aebed6f-5172-4541-ad3a-6351ae8acd8f" testName="FormatToStringTest1000 (33970.38965150639,33970.39 zł)" computerName="DESKTOP-5URQ9PB" duration="00:00:00.0000066" startTime="2022-06-13T21:11:17.5203395+02:00" endTime="2022-06-13T21:11:17.5204033+02:00" testType="13cdc9d9-ddb5-4fa4-a97d-d965ccfc6d4b" outcome="Passed" testListId="8c84fa94-04c1-424b-9868-57a2d4851a1d" relativeResultsDirectory="ffe58020-64f0-4011-b606-adb331605962" />
    <UnitTestResult executionId="2a898cf9-71b5-4258-904b-7d257543f397" testId="5af4b7f2-4e85-4530-b560-8566e235fa0d" testName="FormatToStringTest1000 (23662.291816162084,23662.29 zł)" computerName="DESKTOP-5URQ9PB" duration="00:00:00.0000062" startTime="2022-06-13T21:11:17.5491260+02:00" endTime="2022-06-13T21:11:17.5492005+02:00" testType="13cdc9d9-ddb5-4fa4-a97d-d965ccfc6d4b" outcome="Passed" testListId="8c84fa94-04c1-424b-9868-57a2d4851a1d" relativeResultsDirectory="2a898cf9-71b5-4258-904b-7d257543f397" />
    <UnitTestResult executionId="6e12f51f-f847-4e9d-b0f8-fb5ad4420f12" testId="fea4b1cd-0540-4116-b52f-dbabf05451a7" testName="FormatToStringTest1000 (70149.17842025738,70149.18 zł)" computerName="DESKTOP-5URQ9PB" duration="00:00:00.0000252" startTime="2022-06-13T21:11:17.4395413+02:00" endTime="2022-06-13T21:11:17.4397159+02:00" testType="13cdc9d9-ddb5-4fa4-a97d-d965ccfc6d4b" outcome="Passed" testListId="8c84fa94-04c1-424b-9868-57a2d4851a1d" relativeResultsDirectory="6e12f51f-f847-4e9d-b0f8-fb5ad4420f12" />
    <UnitTestResult executionId="521fb4a1-2618-4194-9f19-45df34734198" testId="85c570b9-e7ee-47a1-80a6-12b33c1e2863" testName="FormatToStringTest1000 (134.1514758393874,134.15 zł)" computerName="DESKTOP-5URQ9PB" duration="00:00:00.0000061" startTime="2022-06-13T21:11:17.4896428+02:00" endTime="2022-06-13T21:11:17.4897069+02:00" testType="13cdc9d9-ddb5-4fa4-a97d-d965ccfc6d4b" outcome="Passed" testListId="8c84fa94-04c1-424b-9868-57a2d4851a1d" relativeResultsDirectory="521fb4a1-2618-4194-9f19-45df34734198" />
    <UnitTestResult executionId="a0749890-e7d4-4341-a976-a66e8ff47120" testId="46512d6f-8d27-4c5c-846e-800a1e43505d" testName="FormatToStringTest1000 (78822.37212685234,78822.37 zł)" computerName="DESKTOP-5URQ9PB" duration="00:00:00.0000067" startTime="2022-06-13T21:11:17.2516975+02:00" endTime="2022-06-13T21:11:17.2517795+02:00" testType="13cdc9d9-ddb5-4fa4-a97d-d965ccfc6d4b" outcome="Passed" testListId="8c84fa94-04c1-424b-9868-57a2d4851a1d" relativeResultsDirectory="a0749890-e7d4-4341-a976-a66e8ff47120" />
    <UnitTestResult executionId="2ed2070d-9c80-40fb-9d22-cf31a8397e7a" testId="e0459d10-008f-44fd-b442-56c3d9886b0d" testName="FormatToStringTest1000 (6266.232005888704,6266.23 zł)" computerName="DESKTOP-5URQ9PB" duration="00:00:00.0000092" startTime="2022-06-13T21:11:17.4682504+02:00" endTime="2022-06-13T21:11:17.4683236+02:00" testType="13cdc9d9-ddb5-4fa4-a97d-d965ccfc6d4b" outcome="Passed" testListId="8c84fa94-04c1-424b-9868-57a2d4851a1d" relativeResultsDirectory="2ed2070d-9c80-40fb-9d22-cf31a8397e7a" />
    <UnitTestResult executionId="de878dce-5d6e-4222-b027-298a13fa7ca0" testId="c94dc9f3-757f-4d10-93a7-b4288f830c46" testName="FormatToStringTest1000 (2951.2722077329045,2951.27 zł)" computerName="DESKTOP-5URQ9PB" duration="00:00:00.0000061" startTime="2022-06-13T21:11:17.3100529+02:00" endTime="2022-06-13T21:11:17.3101199+02:00" testType="13cdc9d9-ddb5-4fa4-a97d-d965ccfc6d4b" outcome="Passed" testListId="8c84fa94-04c1-424b-9868-57a2d4851a1d" relativeResultsDirectory="de878dce-5d6e-4222-b027-298a13fa7ca0" />
    <UnitTestResult executionId="9a469518-220e-4010-aed4-dffc7821dac9" testId="65b2d532-0677-4fae-a773-ad815721b112" testName="FormatToStringTest1000 (46590.9609819562,46590.96 zł)" computerName="DESKTOP-5URQ9PB" duration="00:00:00.0000064" startTime="2022-06-13T21:11:17.3203297+02:00" endTime="2022-06-13T21:11:17.3203937+02:00" testType="13cdc9d9-ddb5-4fa4-a97d-d965ccfc6d4b" outcome="Passed" testListId="8c84fa94-04c1-424b-9868-57a2d4851a1d" relativeResultsDirectory="9a469518-220e-4010-aed4-dffc7821dac9" />
    <UnitTestResult executionId="2125c5d3-3f97-416c-8dd2-a5dae1cb7ecb" testId="b5d25909-9626-4215-9dba-36e65d8af5d2" testName="FormatToStringTest1000 (48084.94422955389,48084.94 zł)" computerName="DESKTOP-5URQ9PB" duration="00:00:00.0000063" startTime="2022-06-13T21:11:17.3659802+02:00" endTime="2022-06-13T21:11:17.3660462+02:00" testType="13cdc9d9-ddb5-4fa4-a97d-d965ccfc6d4b" outcome="Passed" testListId="8c84fa94-04c1-424b-9868-57a2d4851a1d" relativeResultsDirectory="2125c5d3-3f97-416c-8dd2-a5dae1cb7ecb" />
    <UnitTestResult executionId="fcefddbf-e7c1-4cbd-9ffc-ec28b97edaa7" testId="fd5667c9-2383-4aa4-945c-7e26e12d3d82" testName="FormatToStringTest1000 (22459.530444447664,22459.53 zł)" computerName="DESKTOP-5URQ9PB" duration="00:00:00.0000099" startTime="2022-06-13T21:11:17.4049702+02:00" endTime="2022-06-13T21:11:17.4050855+02:00" testType="13cdc9d9-ddb5-4fa4-a97d-d965ccfc6d4b" outcome="Passed" testListId="8c84fa94-04c1-424b-9868-57a2d4851a1d" relativeResultsDirectory="fcefddbf-e7c1-4cbd-9ffc-ec28b97edaa7" />
    <UnitTestResult executionId="b6895c21-58be-427f-bd95-a826b3fe52bd" testId="1240c27b-5c31-415a-bfd8-1017275f7bbd" testName="FormatToStringTest1000 (68479.93492677805,68479.93 zł)" computerName="DESKTOP-5URQ9PB" duration="00:00:00.0000063" startTime="2022-06-13T21:11:17.5639080+02:00" endTime="2022-06-13T21:11:17.5639718+02:00" testType="13cdc9d9-ddb5-4fa4-a97d-d965ccfc6d4b" outcome="Passed" testListId="8c84fa94-04c1-424b-9868-57a2d4851a1d" relativeResultsDirectory="b6895c21-58be-427f-bd95-a826b3fe52bd" />
    <UnitTestResult executionId="47e8908b-fda7-4ffd-b3ab-8f005284671f" testId="b88a4584-bd7f-41bc-9046-3bb4af10c2b0" testName="FormatToStringTest1000 (7569.605888796322,7569.61 zł)" computerName="DESKTOP-5URQ9PB" duration="00:00:00.0000062" startTime="2022-06-13T21:11:17.5070640+02:00" endTime="2022-06-13T21:11:17.5071286+02:00" testType="13cdc9d9-ddb5-4fa4-a97d-d965ccfc6d4b" outcome="Passed" testListId="8c84fa94-04c1-424b-9868-57a2d4851a1d" relativeResultsDirectory="47e8908b-fda7-4ffd-b3ab-8f005284671f" />
    <UnitTestResult executionId="8250011f-4110-4b8a-84e9-322eea9d2657" testId="56ae8c71-147b-429e-8480-d1909934b21f" testName="FormatToStringTest1000 (14480.387652530982,14480.39 zł)" computerName="DESKTOP-5URQ9PB" duration="00:00:00.0000070" startTime="2022-06-13T21:11:17.3233643+02:00" endTime="2022-06-13T21:11:17.3234307+02:00" testType="13cdc9d9-ddb5-4fa4-a97d-d965ccfc6d4b" outcome="Passed" testListId="8c84fa94-04c1-424b-9868-57a2d4851a1d" relativeResultsDirectory="8250011f-4110-4b8a-84e9-322eea9d2657" />
    <UnitTestResult executionId="6d2d1dce-84a3-4562-876f-96672951cf83" testId="78151aa9-47ec-4006-8f9e-ada8a4810281" testName="FormatToStringTest1000 (22678.795878462864,22678.80 zł)" computerName="DESKTOP-5URQ9PB" duration="00:00:00.0000119" startTime="2022-06-13T21:11:17.5158348+02:00" endTime="2022-06-13T21:11:17.5159927+02:00" testType="13cdc9d9-ddb5-4fa4-a97d-d965ccfc6d4b" outcome="Passed" testListId="8c84fa94-04c1-424b-9868-57a2d4851a1d" relativeResultsDirectory="6d2d1dce-84a3-4562-876f-96672951cf83" />
    <UnitTestResult executionId="da86e56a-af5a-4cf0-bcf4-53b3d77041b4" testId="2332eb3a-fa89-4ae5-a29a-44cb0db163da" testName="FormatToStringTest1000 (41972.39431566763,41972.39 zł)" computerName="DESKTOP-5URQ9PB" duration="00:00:00.0000081" startTime="2022-06-13T21:11:17.4018283+02:00" endTime="2022-06-13T21:11:17.4019281+02:00" testType="13cdc9d9-ddb5-4fa4-a97d-d965ccfc6d4b" outcome="Passed" testListId="8c84fa94-04c1-424b-9868-57a2d4851a1d" relativeResultsDirectory="da86e56a-af5a-4cf0-bcf4-53b3d77041b4" />
    <UnitTestResult executionId="15be6398-1aa1-4ad3-ac6f-2509178e18c5" testId="40255023-51e6-4ba2-956c-fddb074ed0ad" testName="FormatToStringTest1000 (35905.47425787219,35905.47 zł)" computerName="DESKTOP-5URQ9PB" duration="00:00:00.0000062" startTime="2022-06-13T21:11:17.5787985+02:00" endTime="2022-06-13T21:11:17.5788635+02:00" testType="13cdc9d9-ddb5-4fa4-a97d-d965ccfc6d4b" outcome="Passed" testListId="8c84fa94-04c1-424b-9868-57a2d4851a1d" relativeResultsDirectory="15be6398-1aa1-4ad3-ac6f-2509178e18c5" />
    <UnitTestResult executionId="e7db257b-aace-4724-9d63-1235f2222525" testId="b0b685de-e56d-4d53-8115-597da4630c13" testName="FormatToStringTest1000 (75162.39407669863,75162.39 zł)" computerName="DESKTOP-5URQ9PB" duration="00:00:00.0000087" startTime="2022-06-13T21:11:17.3096948+02:00" endTime="2022-06-13T21:11:17.3097740+02:00" testType="13cdc9d9-ddb5-4fa4-a97d-d965ccfc6d4b" outcome="Passed" testListId="8c84fa94-04c1-424b-9868-57a2d4851a1d" relativeResultsDirectory="e7db257b-aace-4724-9d63-1235f2222525" />
    <UnitTestResult executionId="3db79386-3ce3-4466-84de-ef71295d2130" testId="008afa78-9bc2-4fc7-b655-81662945edaf" testName="FormatToStringTest1000 (49416.285282306504,49416.29 zł)" computerName="DESKTOP-5URQ9PB" duration="00:00:00.0000067" startTime="2022-06-13T21:11:17.5404362+02:00" endTime="2022-06-13T21:11:17.5405010+02:00" testType="13cdc9d9-ddb5-4fa4-a97d-d965ccfc6d4b" outcome="Passed" testListId="8c84fa94-04c1-424b-9868-57a2d4851a1d" relativeResultsDirectory="3db79386-3ce3-4466-84de-ef71295d2130" />
    <UnitTestResult executionId="d20d7e55-9144-4296-b224-7efd1d0711c4" testId="21afe004-c45a-41c6-ba69-84fb02bbb1be" testName="FormatToStringTest1000 (48654.65723134794,48654.66 zł)" computerName="DESKTOP-5URQ9PB" duration="00:00:00.0000062" startTime="2022-06-13T21:11:17.3530736+02:00" endTime="2022-06-13T21:11:17.3531415+02:00" testType="13cdc9d9-ddb5-4fa4-a97d-d965ccfc6d4b" outcome="Passed" testListId="8c84fa94-04c1-424b-9868-57a2d4851a1d" relativeResultsDirectory="d20d7e55-9144-4296-b224-7efd1d0711c4" />
    <UnitTestResult executionId="07c50df1-41b3-46fa-9cc0-0662ffe2a478" testId="812d610d-8cc2-489f-9e4b-adb5b9bbf20c" testName="FormatToStringTest1000 (12903.541202012237,12903.54 zł)" computerName="DESKTOP-5URQ9PB" duration="00:00:00.0000063" startTime="2022-06-13T21:11:17.3364551+02:00" endTime="2022-06-13T21:11:17.3365311+02:00" testType="13cdc9d9-ddb5-4fa4-a97d-d965ccfc6d4b" outcome="Passed" testListId="8c84fa94-04c1-424b-9868-57a2d4851a1d" relativeResultsDirectory="07c50df1-41b3-46fa-9cc0-0662ffe2a478" />
    <UnitTestResult executionId="29d0baea-9172-4a91-b5f5-75d2ae983d1c" testId="a3de864d-22af-4616-973b-c6986229d088" testName="FormatToStringTest1000 (22367.991005544547,22367.99 zł)" computerName="DESKTOP-5URQ9PB" duration="00:00:00.0000062" startTime="2022-06-13T21:11:17.4750852+02:00" endTime="2022-06-13T21:11:17.4751488+02:00" testType="13cdc9d9-ddb5-4fa4-a97d-d965ccfc6d4b" outcome="Passed" testListId="8c84fa94-04c1-424b-9868-57a2d4851a1d" relativeResultsDirectory="29d0baea-9172-4a91-b5f5-75d2ae983d1c" />
    <UnitTestResult executionId="208ee717-e182-4ddc-b5ea-bdeb922feed9" testId="b720b8e8-bfbe-4faa-98a9-11b094c02575" testName="FormatToStringTest1000 (30360.993128030557,30360.99 zł)" computerName="DESKTOP-5URQ9PB" duration="00:00:00.0000064" startTime="2022-06-13T21:11:17.5897117+02:00" endTime="2022-06-13T21:11:17.5897843+02:00" testType="13cdc9d9-ddb5-4fa4-a97d-d965ccfc6d4b" outcome="Passed" testListId="8c84fa94-04c1-424b-9868-57a2d4851a1d" relativeResultsDirectory="208ee717-e182-4ddc-b5ea-bdeb922feed9" />
    <UnitTestResult executionId="e9d020d8-2f99-41ee-95fe-6afa87f4dbf6" testId="8b68366d-9983-4227-835e-083f7d4c5cd6" testName="FormatToStringTest1000 (97129.75160633575,97129.75 zł)" computerName="DESKTOP-5URQ9PB" duration="00:00:00.0000062" startTime="2022-06-13T21:11:17.3444347+02:00" endTime="2022-06-13T21:11:17.3445011+02:00" testType="13cdc9d9-ddb5-4fa4-a97d-d965ccfc6d4b" outcome="Passed" testListId="8c84fa94-04c1-424b-9868-57a2d4851a1d" relativeResultsDirectory="e9d020d8-2f99-41ee-95fe-6afa87f4dbf6" />
    <UnitTestResult executionId="abd5e80b-a60c-482f-a7c2-ce30aa66b6cd" testId="04c67ab0-db59-4ae5-a9a5-47cf27dedd21" testName="FormatToStringTest1000 (28192.949128067565,28192.95 zł)" computerName="DESKTOP-5URQ9PB" duration="00:00:00.0000071" startTime="2022-06-13T21:11:17.2446969+02:00" endTime="2022-06-13T21:11:17.2447879+02:00" testType="13cdc9d9-ddb5-4fa4-a97d-d965ccfc6d4b" outcome="Passed" testListId="8c84fa94-04c1-424b-9868-57a2d4851a1d" relativeResultsDirectory="abd5e80b-a60c-482f-a7c2-ce30aa66b6cd" />
    <UnitTestResult executionId="f76342c3-2445-4499-8db4-f68b6864815f" testId="180bdce5-cec0-4fec-9bf0-159bb1b9ec57" testName="FormatToStringTest1000 (73504.44700518598,73504.45 zł)" computerName="DESKTOP-5URQ9PB" duration="00:00:00.0000063" startTime="2022-06-13T21:11:17.5925563+02:00" endTime="2022-06-13T21:11:17.5926202+02:00" testType="13cdc9d9-ddb5-4fa4-a97d-d965ccfc6d4b" outcome="Passed" testListId="8c84fa94-04c1-424b-9868-57a2d4851a1d" relativeResultsDirectory="f76342c3-2445-4499-8db4-f68b6864815f" />
    <UnitTestResult executionId="9e4154ce-f4f3-4c8f-b9af-24f8071089a8" testId="1b9a0649-4138-4c84-a85b-a1be42f4e581" testName="FormatToStringTest1000 (49672.98901987402,49672.99 zł)" computerName="DESKTOP-5URQ9PB" duration="00:00:00.0000061" startTime="2022-06-13T21:11:17.3823700+02:00" endTime="2022-06-13T21:11:17.3824366+02:00" testType="13cdc9d9-ddb5-4fa4-a97d-d965ccfc6d4b" outcome="Passed" testListId="8c84fa94-04c1-424b-9868-57a2d4851a1d" relativeResultsDirectory="9e4154ce-f4f3-4c8f-b9af-24f8071089a8" />
    <UnitTestResult executionId="e8c483ed-db14-4a34-a3c4-f422ccbbb331" testId="df6811a5-f98a-4af0-ad5f-b043e82b88a9" testName="FormatToStringTest1000 (26223.99769144412,26224.00 zł)" computerName="DESKTOP-5URQ9PB" duration="00:00:00.0000120" startTime="2022-06-13T21:11:17.2821552+02:00" endTime="2022-06-13T21:11:17.2823133+02:00" testType="13cdc9d9-ddb5-4fa4-a97d-d965ccfc6d4b" outcome="Passed" testListId="8c84fa94-04c1-424b-9868-57a2d4851a1d" relativeResultsDirectory="e8c483ed-db14-4a34-a3c4-f422ccbbb331" />
    <UnitTestResult executionId="7b6f86b6-2216-4c41-9a2e-132b642e958d" testId="b59ec8fe-075e-4699-9007-822e46f38b06" testName="FormatToStringTest1000 (12187.551827252633,12187.55 zł)" computerName="DESKTOP-5URQ9PB" duration="00:00:00.0000064" startTime="2022-06-13T21:11:17.3168946+02:00" endTime="2022-06-13T21:11:17.3169621+02:00" testType="13cdc9d9-ddb5-4fa4-a97d-d965ccfc6d4b" outcome="Passed" testListId="8c84fa94-04c1-424b-9868-57a2d4851a1d" relativeResultsDirectory="7b6f86b6-2216-4c41-9a2e-132b642e958d" />
    <UnitTestResult executionId="1d8a8180-bdf5-48f3-abbf-08891eacf2af" testId="9fb8a9e0-2321-47e6-92ce-fb67032e4997" testName="FormatToStringTest1000 (12528.413830086782,12528.41 zł)" computerName="DESKTOP-5URQ9PB" duration="00:00:00.0000061" startTime="2022-06-13T21:11:17.4056157+02:00" endTime="2022-06-13T21:11:17.4056816+02:00" testType="13cdc9d9-ddb5-4fa4-a97d-d965ccfc6d4b" outcome="Passed" testListId="8c84fa94-04c1-424b-9868-57a2d4851a1d" relativeResultsDirectory="1d8a8180-bdf5-48f3-abbf-08891eacf2af" />
    <UnitTestResult executionId="331be271-06d2-4fd7-bd20-ba6bb6d650f5" testId="c6c5d8ca-24a5-4360-a2a1-d40a487d3ac9" testName="FormatToStringTest1000 (11829.625994884234,11829.63 zł)" computerName="DESKTOP-5URQ9PB" duration="00:00:00.0000078" startTime="2022-06-13T21:11:17.3945004+02:00" endTime="2022-06-13T21:11:17.3945868+02:00" testType="13cdc9d9-ddb5-4fa4-a97d-d965ccfc6d4b" outcome="Passed" testListId="8c84fa94-04c1-424b-9868-57a2d4851a1d" relativeResultsDirectory="331be271-06d2-4fd7-bd20-ba6bb6d650f5" />
    <UnitTestResult executionId="54dc6205-1767-4f1d-b22c-e6847433aa4d" testId="7f279ff2-6690-41f2-8a0d-4271d64e8e3c" testName="FormatToStringTest1000 (76106.57198894516,76106.57 zł)" computerName="DESKTOP-5URQ9PB" duration="00:00:00.0000061" startTime="2022-06-13T21:11:17.5875687+02:00" endTime="2022-06-13T21:11:17.5876321+02:00" testType="13cdc9d9-ddb5-4fa4-a97d-d965ccfc6d4b" outcome="Passed" testListId="8c84fa94-04c1-424b-9868-57a2d4851a1d" relativeResultsDirectory="54dc6205-1767-4f1d-b22c-e6847433aa4d" />
    <UnitTestResult executionId="e2314134-f921-49c6-80d9-c7c5ed7f3d20" testId="6c857f33-a9a6-44fa-9be3-21b8151a6552" testName="FormatToStringTest1000 (13414.3551766441,13414.36 zł)" computerName="DESKTOP-5URQ9PB" duration="00:00:00.0000065" startTime="2022-06-13T21:11:17.3506354+02:00" endTime="2022-06-13T21:11:17.3506989+02:00" testType="13cdc9d9-ddb5-4fa4-a97d-d965ccfc6d4b" outcome="Passed" testListId="8c84fa94-04c1-424b-9868-57a2d4851a1d" relativeResultsDirectory="e2314134-f921-49c6-80d9-c7c5ed7f3d20" />
    <UnitTestResult executionId="24f2d68e-870d-4416-be02-899f048a96a9" testId="4133be65-b186-4b0b-b846-dcabe234356e" testName="FormatToStringTest1000 (45930.2386782068,45930.24 zł)" computerName="DESKTOP-5URQ9PB" duration="00:00:00.0000065" startTime="2022-06-13T21:11:17.2691683+02:00" endTime="2022-06-13T21:11:17.2692390+02:00" testType="13cdc9d9-ddb5-4fa4-a97d-d965ccfc6d4b" outcome="Passed" testListId="8c84fa94-04c1-424b-9868-57a2d4851a1d" relativeResultsDirectory="24f2d68e-870d-4416-be02-899f048a96a9" />
    <UnitTestResult executionId="6a3fd391-247a-4829-ba43-77aaaf8f4e34" testId="d87077d4-c145-45b7-b77b-a03fa4f1d489" testName="FormatToStringTest1000 (22291.653251342315,22291.65 zł)" computerName="DESKTOP-5URQ9PB" duration="00:00:00.0000103" startTime="2022-06-13T21:11:17.2354970+02:00" endTime="2022-06-13T21:11:17.2356217+02:00" testType="13cdc9d9-ddb5-4fa4-a97d-d965ccfc6d4b" outcome="Passed" testListId="8c84fa94-04c1-424b-9868-57a2d4851a1d" relativeResultsDirectory="6a3fd391-247a-4829-ba43-77aaaf8f4e34" />
    <UnitTestResult executionId="1cbc1c42-903b-484a-924a-606141d338f4" testId="fda2b762-a0fc-490c-87f4-005ec70b36e6" testName="FormatToStringTest1000 (25794.833624416417,25794.83 zł)" computerName="DESKTOP-5URQ9PB" duration="00:00:00.0000062" startTime="2022-06-13T21:11:17.4989824+02:00" endTime="2022-06-13T21:11:17.4990473+02:00" testType="13cdc9d9-ddb5-4fa4-a97d-d965ccfc6d4b" outcome="Passed" testListId="8c84fa94-04c1-424b-9868-57a2d4851a1d" relativeResultsDirectory="1cbc1c42-903b-484a-924a-606141d338f4" />
    <UnitTestResult executionId="8a488cbe-3dfb-4170-a1a7-d7aaaa92e760" testId="97e96c12-0226-4350-8c2b-dfab14a3065a" testName="FormatToStringTest1000 (75350.77330865282,75350.77 zł)" computerName="DESKTOP-5URQ9PB" duration="00:00:00.0000065" startTime="2022-06-13T21:11:17.2621437+02:00" endTime="2022-06-13T21:11:17.2622240+02:00" testType="13cdc9d9-ddb5-4fa4-a97d-d965ccfc6d4b" outcome="Passed" testListId="8c84fa94-04c1-424b-9868-57a2d4851a1d" relativeResultsDirectory="8a488cbe-3dfb-4170-a1a7-d7aaaa92e760" />
    <UnitTestResult executionId="f48ba648-4bb1-41e6-9fdc-c80b08b9e317" testId="f7333b3b-4b85-4df6-a3c7-b25bcca2edc6" testName="FormatToStringTest1000 (8885.065440211942,8885.07 zł)" computerName="DESKTOP-5URQ9PB" duration="00:00:00.0000061" startTime="2022-06-13T21:11:17.3983043+02:00" endTime="2022-06-13T21:11:17.3983760+02:00" testType="13cdc9d9-ddb5-4fa4-a97d-d965ccfc6d4b" outcome="Passed" testListId="8c84fa94-04c1-424b-9868-57a2d4851a1d" relativeResultsDirectory="f48ba648-4bb1-41e6-9fdc-c80b08b9e317" />
    <UnitTestResult executionId="76fd7dba-4e21-4964-bfd3-6c902588c52c" testId="0fb149f2-57a7-448f-9322-6397fbf033fa" testName="FormatToStringTest1000 (9867.823212210007,9867.82 zł)" computerName="DESKTOP-5URQ9PB" duration="00:00:00.0000136" startTime="2022-06-13T21:11:17.2618193+02:00" endTime="2022-06-13T21:11:17.2619111+02:00" testType="13cdc9d9-ddb5-4fa4-a97d-d965ccfc6d4b" outcome="Passed" testListId="8c84fa94-04c1-424b-9868-57a2d4851a1d" relativeResultsDirectory="76fd7dba-4e21-4964-bfd3-6c902588c52c" />
    <UnitTestResult executionId="8c02bc9b-9c74-4b17-8c85-943da6eb8df4" testId="a66a5301-fa1c-449b-b2cb-51a21b02a48d" testName="FormatToStringTest1000 (19363.881840787773,19363.88 zł)" computerName="DESKTOP-5URQ9PB" duration="00:00:00.0000062" startTime="2022-06-13T21:11:17.4920213+02:00" endTime="2022-06-13T21:11:17.4920863+02:00" testType="13cdc9d9-ddb5-4fa4-a97d-d965ccfc6d4b" outcome="Passed" testListId="8c84fa94-04c1-424b-9868-57a2d4851a1d" relativeResultsDirectory="8c02bc9b-9c74-4b17-8c85-943da6eb8df4" />
    <UnitTestResult executionId="1ea760ba-58d5-4902-8f8d-95eca4a78b20" testId="5359264b-4c2e-4830-af7b-e7f29b179358" testName="FormatToStringTest1000 (19397.344749736294,19397.34 zł)" computerName="DESKTOP-5URQ9PB" duration="00:00:00.0000061" startTime="2022-06-13T21:11:17.5612031+02:00" endTime="2022-06-13T21:11:17.5612670+02:00" testType="13cdc9d9-ddb5-4fa4-a97d-d965ccfc6d4b" outcome="Passed" testListId="8c84fa94-04c1-424b-9868-57a2d4851a1d" relativeResultsDirectory="1ea760ba-58d5-4902-8f8d-95eca4a78b20" />
    <UnitTestResult executionId="b9c3b796-07e0-4c93-b3b0-851b3de3692a" testId="2488336e-4bdc-4619-82b4-bc4fa5a7cae9" testName="FormatToStringTest1000 (22197.731451777618,22197.73 zł)" computerName="DESKTOP-5URQ9PB" duration="00:00:00.0000069" startTime="2022-06-13T21:11:17.4143579+02:00" endTime="2022-06-13T21:11:17.4144257+02:00" testType="13cdc9d9-ddb5-4fa4-a97d-d965ccfc6d4b" outcome="Passed" testListId="8c84fa94-04c1-424b-9868-57a2d4851a1d" relativeResultsDirectory="b9c3b796-07e0-4c93-b3b0-851b3de3692a" />
    <UnitTestResult executionId="5af4386f-740c-4066-9af5-bdb4f40fc3c1" testId="2fe87187-3d43-45f3-b388-9c17979568ef" testName="FormatToStringTest1000 (8851.904041135638,8851.90 zł)" computerName="DESKTOP-5URQ9PB" duration="00:00:00.0000351" startTime="2022-06-13T21:11:17.4269819+02:00" endTime="2022-06-13T21:11:17.4273840+02:00" testType="13cdc9d9-ddb5-4fa4-a97d-d965ccfc6d4b" outcome="Passed" testListId="8c84fa94-04c1-424b-9868-57a2d4851a1d" relativeResultsDirectory="5af4386f-740c-4066-9af5-bdb4f40fc3c1" />
    <UnitTestResult executionId="03e3d132-2589-4e12-96aa-0dfb5563e39c" testId="69793664-f8bd-45f7-8a52-fc0184c050e3" testName="FormatToStringTest1000 (972.1468308629221,972.15 zł)" computerName="DESKTOP-5URQ9PB" duration="00:00:00.0000061" startTime="2022-06-13T21:11:17.4602750+02:00" endTime="2022-06-13T21:11:17.4603384+02:00" testType="13cdc9d9-ddb5-4fa4-a97d-d965ccfc6d4b" outcome="Passed" testListId="8c84fa94-04c1-424b-9868-57a2d4851a1d" relativeResultsDirectory="03e3d132-2589-4e12-96aa-0dfb5563e39c" />
    <UnitTestResult executionId="edc56c2c-aea3-4222-ad7c-1101f6230d40" testId="48c37ac1-6105-428a-8e7f-d53d79cc3b7b" testName="FormatToStringTest1000 (14198.39903067723,14198.40 zł)" computerName="DESKTOP-5URQ9PB" duration="00:00:00.0000063" startTime="2022-06-13T21:11:17.5747376+02:00" endTime="2022-06-13T21:11:17.5748045+02:00" testType="13cdc9d9-ddb5-4fa4-a97d-d965ccfc6d4b" outcome="Passed" testListId="8c84fa94-04c1-424b-9868-57a2d4851a1d" relativeResultsDirectory="edc56c2c-aea3-4222-ad7c-1101f6230d40" />
    <UnitTestResult executionId="c7ba7d9d-a72e-4da1-82fa-59c1185d63e7" testId="d9f4c8fd-0e6e-482b-ac0e-dd72d5181e2a" testName="FormatToStringTest1000 (37114.901517336206,37114.90 zł)" computerName="DESKTOP-5URQ9PB" duration="00:00:00.0000062" startTime="2022-06-13T21:11:17.5378141+02:00" endTime="2022-06-13T21:11:17.5378782+02:00" testType="13cdc9d9-ddb5-4fa4-a97d-d965ccfc6d4b" outcome="Passed" testListId="8c84fa94-04c1-424b-9868-57a2d4851a1d" relativeResultsDirectory="c7ba7d9d-a72e-4da1-82fa-59c1185d63e7" />
    <UnitTestResult executionId="7f4225fd-5cdb-496c-9ca5-53128f2abb36" testId="65d7c69e-ec4d-4fce-a1e2-1eeb4843e31a" testName="FormatToStringTest1000 (8697.074631143862,8697.07 zł)" computerName="DESKTOP-5URQ9PB" duration="00:00:00.0000072" startTime="2022-06-13T21:11:17.3684719+02:00" endTime="2022-06-13T21:11:17.3685612+02:00" testType="13cdc9d9-ddb5-4fa4-a97d-d965ccfc6d4b" outcome="Passed" testListId="8c84fa94-04c1-424b-9868-57a2d4851a1d" relativeResultsDirectory="7f4225fd-5cdb-496c-9ca5-53128f2abb36" />
    <UnitTestResult executionId="5746ff83-b719-4714-89e3-ff3e3af150bf" testId="f6d88007-f080-45fc-83be-99dfbc469abf" testName="FormatToStringTest1000 (30126.012320622805,30126.01 zł)" computerName="DESKTOP-5URQ9PB" duration="00:00:00.0000066" startTime="2022-06-13T21:11:17.2791078+02:00" endTime="2022-06-13T21:11:17.2791771+02:00" testType="13cdc9d9-ddb5-4fa4-a97d-d965ccfc6d4b" outcome="Passed" testListId="8c84fa94-04c1-424b-9868-57a2d4851a1d" relativeResultsDirectory="5746ff83-b719-4714-89e3-ff3e3af150bf" />
    <UnitTestResult executionId="9244b878-4ab6-4064-99a2-b910c4731b40" testId="c771bc5c-e8b1-4deb-9430-ccbd1e55028a" testName="FormatToStringTest1000 (6352.983758103561,6352.98 zł)" computerName="DESKTOP-5URQ9PB" duration="00:00:00.0000071" startTime="2022-06-13T21:11:17.5430679+02:00" endTime="2022-06-13T21:11:17.5431435+02:00" testType="13cdc9d9-ddb5-4fa4-a97d-d965ccfc6d4b" outcome="Passed" testListId="8c84fa94-04c1-424b-9868-57a2d4851a1d" relativeResultsDirectory="9244b878-4ab6-4064-99a2-b910c4731b40" />
    <UnitTestResult executionId="8fea421b-cbd6-4545-a94c-25ef9b41f88b" testId="a727c8b5-5a39-4435-b364-9cd4f70dfc1c" testName="FormatToStringTest1000 (28579.14698705503,28579.15 zł)" computerName="DESKTOP-5URQ9PB" duration="00:00:00.0000062" startTime="2022-06-13T21:11:17.4806233+02:00" endTime="2022-06-13T21:11:17.4806871+02:00" testType="13cdc9d9-ddb5-4fa4-a97d-d965ccfc6d4b" outcome="Passed" testListId="8c84fa94-04c1-424b-9868-57a2d4851a1d" relativeResultsDirectory="8fea421b-cbd6-4545-a94c-25ef9b41f88b" />
    <UnitTestResult executionId="0b75bdec-03e1-46b1-8c96-de2c52b9c210" testId="3bf19e87-77d1-4a2e-bb49-8d69c3d5d74d" testName="FormatToStringTest1000 (9624.06628225188,9624.07 zł)" computerName="DESKTOP-5URQ9PB" duration="00:00:00.0000089" startTime="2022-06-13T21:11:17.5164995+02:00" endTime="2022-06-13T21:11:17.5165916+02:00" testType="13cdc9d9-ddb5-4fa4-a97d-d965ccfc6d4b" outcome="Passed" testListId="8c84fa94-04c1-424b-9868-57a2d4851a1d" relativeResultsDirectory="0b75bdec-03e1-46b1-8c96-de2c52b9c210" />
    <UnitTestResult executionId="4e4c3762-6070-4f6a-89e9-724054803bfd" testId="7a348346-f183-4c73-80c0-f86e36bcf50a" testName="FormatToStringTest1000 (27187.549022783314,27187.55 zł)" computerName="DESKTOP-5URQ9PB" duration="00:00:00.0000062" startTime="2022-06-13T21:11:17.4083825+02:00" endTime="2022-06-13T21:11:17.4084487+02:00" testType="13cdc9d9-ddb5-4fa4-a97d-d965ccfc6d4b" outcome="Passed" testListId="8c84fa94-04c1-424b-9868-57a2d4851a1d" relativeResultsDirectory="4e4c3762-6070-4f6a-89e9-724054803bfd" />
    <UnitTestResult executionId="c105738c-8bdb-46ef-be49-1c74debd391c" testId="0dea20b5-4b08-4a4b-b0be-15321f1cc585" testName="FormatToStringTest1000 (10762.501695533518,10762.50 zł)" computerName="DESKTOP-5URQ9PB" duration="00:00:00.0000076" startTime="2022-06-13T21:11:17.4835716+02:00" endTime="2022-06-13T21:11:17.4836460+02:00" testType="13cdc9d9-ddb5-4fa4-a97d-d965ccfc6d4b" outcome="Passed" testListId="8c84fa94-04c1-424b-9868-57a2d4851a1d" relativeResultsDirectory="c105738c-8bdb-46ef-be49-1c74debd391c" />
    <UnitTestResult executionId="a759504c-20ae-47b6-8365-1f878b56eca7" testId="100a2caa-6e54-4e73-9397-708e4f162f1d" testName="FormatToStringTest1000 (9151.103070427245,9151.10 zł)" computerName="DESKTOP-5URQ9PB" duration="00:00:00.0000062" startTime="2022-06-13T21:11:17.5820522+02:00" endTime="2022-06-13T21:11:17.5821153+02:00" testType="13cdc9d9-ddb5-4fa4-a97d-d965ccfc6d4b" outcome="Passed" testListId="8c84fa94-04c1-424b-9868-57a2d4851a1d" relativeResultsDirectory="a759504c-20ae-47b6-8365-1f878b56eca7" />
    <UnitTestResult executionId="35983994-b196-445c-a781-f46c5f498474" testId="e6466da3-dfb3-44bd-a527-0b4b5d392b66" testName="FormatToStringTest1000 (272.5621069118204,272.56 zł)" computerName="DESKTOP-5URQ9PB" duration="00:00:00.0000303" startTime="2022-06-13T21:11:17.4346264+02:00" endTime="2022-06-13T21:11:17.4349873+02:00" testType="13cdc9d9-ddb5-4fa4-a97d-d965ccfc6d4b" outcome="Passed" testListId="8c84fa94-04c1-424b-9868-57a2d4851a1d" relativeResultsDirectory="35983994-b196-445c-a781-f46c5f498474" />
    <UnitTestResult executionId="e2c2926e-ca32-4f40-8ae8-6d0c5f396cec" testId="cdfb3bdd-5f54-49e7-b746-792a617a7a29" testName="FormatToStringTest1000 (8095.485677032492,8095.49 zł)" computerName="DESKTOP-5URQ9PB" duration="00:00:00.0000071" startTime="2022-06-13T21:11:17.4653733+02:00" endTime="2022-06-13T21:11:17.4654374+02:00" testType="13cdc9d9-ddb5-4fa4-a97d-d965ccfc6d4b" outcome="Passed" testListId="8c84fa94-04c1-424b-9868-57a2d4851a1d" relativeResultsDirectory="e2c2926e-ca32-4f40-8ae8-6d0c5f396cec" />
    <UnitTestResult executionId="b3533b21-3a88-48c5-ac4b-9ee2f8fce46f" testId="9aee12a4-aaf8-4d7f-8c34-57fb4770fcc1" testName="FormatToStringTest1000 (50664.01951024869,50664.02 zł)" computerName="DESKTOP-5URQ9PB" duration="00:00:00.0000062" startTime="2022-06-13T21:11:17.4779750+02:00" endTime="2022-06-13T21:11:17.4780382+02:00" testType="13cdc9d9-ddb5-4fa4-a97d-d965ccfc6d4b" outcome="Passed" testListId="8c84fa94-04c1-424b-9868-57a2d4851a1d" relativeResultsDirectory="b3533b21-3a88-48c5-ac4b-9ee2f8fce46f" />
    <UnitTestResult executionId="f59b65d2-86b2-4d1f-a208-cf58ea327fa8" testId="c575852b-2f85-4d62-8f20-4a836bc0ff1d" testName="FormatToStringTest1000 (11100.829211263372,11100.83 zł)" computerName="DESKTOP-5URQ9PB" duration="00:00:00.0000065" startTime="2022-06-13T21:11:17.2360251+02:00" endTime="2022-06-13T21:11:17.2360986+02:00" testType="13cdc9d9-ddb5-4fa4-a97d-d965ccfc6d4b" outcome="Passed" testListId="8c84fa94-04c1-424b-9868-57a2d4851a1d" relativeResultsDirectory="f59b65d2-86b2-4d1f-a208-cf58ea327fa8" />
    <UnitTestResult executionId="74437251-dc9c-4c97-bece-b3255e2c6574" testId="4c895aaa-876c-4ec5-9f0d-0dff83ac21a4" testName="FormatToStringTest1000 (2835.0728237931958,2835.07 zł)" computerName="DESKTOP-5URQ9PB" duration="00:00:00.0000062" startTime="2022-06-13T21:11:17.4629490+02:00" endTime="2022-06-13T21:11:17.4630125+02:00" testType="13cdc9d9-ddb5-4fa4-a97d-d965ccfc6d4b" outcome="Passed" testListId="8c84fa94-04c1-424b-9868-57a2d4851a1d" relativeResultsDirectory="74437251-dc9c-4c97-bece-b3255e2c6574" />
    <UnitTestResult executionId="a52ffcb9-d4d0-432f-8601-1517a8c9fc67" testId="1cc32884-3d2d-4b6f-a356-acaeb7a4e781" testName="FormatToStringTest1000 (14218.204344010543,14218.20 zł)" computerName="DESKTOP-5URQ9PB" duration="00:00:00.0000065" startTime="2022-06-13T21:11:17.5406788+02:00" endTime="2022-06-13T21:11:17.5407738+02:00" testType="13cdc9d9-ddb5-4fa4-a97d-d965ccfc6d4b" outcome="Passed" testListId="8c84fa94-04c1-424b-9868-57a2d4851a1d" relativeResultsDirectory="a52ffcb9-d4d0-432f-8601-1517a8c9fc67" />
    <UnitTestResult executionId="a69159fb-6e44-487d-8a14-a3b3c449f55e" testId="e585891a-3729-433b-89e9-1056fd6d5ea6" testName="FormatToStringTest1000 (22831.975917587977,22831.98 zł)" computerName="DESKTOP-5URQ9PB" duration="00:00:00.0000349" startTime="2022-06-13T21:11:17.4274643+02:00" endTime="2022-06-13T21:11:17.4278541+02:00" testType="13cdc9d9-ddb5-4fa4-a97d-d965ccfc6d4b" outcome="Passed" testListId="8c84fa94-04c1-424b-9868-57a2d4851a1d" relativeResultsDirectory="a69159fb-6e44-487d-8a14-a3b3c449f55e" />
    <UnitTestResult executionId="bf472cc1-a5b3-4f80-9eba-30063beb4410" testId="7bfddc0d-af95-4a0f-9d73-1ac6bd010b60" testName="FormatToStringTest1000 (30499.08272379734,30499.08 zł)" computerName="DESKTOP-5URQ9PB" duration="00:00:00.0000062" startTime="2022-06-13T21:11:17.5126687+02:00" endTime="2022-06-13T21:11:17.5127376+02:00" testType="13cdc9d9-ddb5-4fa4-a97d-d965ccfc6d4b" outcome="Passed" testListId="8c84fa94-04c1-424b-9868-57a2d4851a1d" relativeResultsDirectory="bf472cc1-a5b3-4f80-9eba-30063beb4410" />
    <UnitTestResult executionId="82c3bb47-e9e4-4805-a6cb-cf34cbdd1d89" testId="2b4f0006-87f8-488c-9902-b4a95b3db8dc" testName="FormatToStringTest1000 (19006.315459580772,19006.32 zł)" computerName="DESKTOP-5URQ9PB" duration="00:00:00.0000062" startTime="2022-06-13T21:11:17.3918358+02:00" endTime="2022-06-13T21:11:17.3919026+02:00" testType="13cdc9d9-ddb5-4fa4-a97d-d965ccfc6d4b" outcome="Passed" testListId="8c84fa94-04c1-424b-9868-57a2d4851a1d" relativeResultsDirectory="82c3bb47-e9e4-4805-a6cb-cf34cbdd1d89" />
    <UnitTestResult executionId="a97825f6-cdce-448f-bdbb-1f3e1439f08a" testId="48b89fa9-f6c2-4c5b-962f-db530627c1c6" testName="FormatToStringTest1000 (13206.129467931636,13206.13 zł)" computerName="DESKTOP-5URQ9PB" duration="00:00:00.0000065" startTime="2022-06-13T21:11:17.4747574+02:00" endTime="2022-06-13T21:11:17.4748238+02:00" testType="13cdc9d9-ddb5-4fa4-a97d-d965ccfc6d4b" outcome="Passed" testListId="8c84fa94-04c1-424b-9868-57a2d4851a1d" relativeResultsDirectory="a97825f6-cdce-448f-bdbb-1f3e1439f08a" />
    <UnitTestResult executionId="5090fdc4-e77e-44c8-8d3f-26406bfa89cf" testId="6df27728-acad-4738-a6dc-d0713e5bc431" testName="FormatToStringTest1000 (22666.13578912995,22666.14 zł)" computerName="DESKTOP-5URQ9PB" duration="00:00:00.0000160" startTime="2022-06-13T21:11:17.2362097+02:00" endTime="2022-06-13T21:11:17.2387951+02:00" testType="13cdc9d9-ddb5-4fa4-a97d-d965ccfc6d4b" outcome="Passed" testListId="8c84fa94-04c1-424b-9868-57a2d4851a1d" relativeResultsDirectory="5090fdc4-e77e-44c8-8d3f-26406bfa89cf" />
    <UnitTestResult executionId="e3445350-4813-4945-963a-29c2f07cc591" testId="c63be9fe-4c5b-4868-aa68-8389786fbfae" testName="FormatToStringTest1000 (23612.114499758984,23612.11 zł)" computerName="DESKTOP-5URQ9PB" duration="00:00:00.0000062" startTime="2022-06-13T21:11:17.3330284+02:00" endTime="2022-06-13T21:11:17.3331006+02:00" testType="13cdc9d9-ddb5-4fa4-a97d-d965ccfc6d4b" outcome="Passed" testListId="8c84fa94-04c1-424b-9868-57a2d4851a1d" relativeResultsDirectory="e3445350-4813-4945-963a-29c2f07cc591" />
    <UnitTestResult executionId="aec8840b-93da-4537-98ba-2000462253d1" testId="81cb4131-8dcf-48dd-910e-716199325556" testName="FormatToStringTest1000 (7716.571614765363,7716.57 zł)" computerName="DESKTOP-5URQ9PB" duration="00:00:00.0000062" startTime="2022-06-13T21:11:17.5437289+02:00" endTime="2022-06-13T21:11:17.5437934+02:00" testType="13cdc9d9-ddb5-4fa4-a97d-d965ccfc6d4b" outcome="Passed" testListId="8c84fa94-04c1-424b-9868-57a2d4851a1d" relativeResultsDirectory="aec8840b-93da-4537-98ba-2000462253d1" />
    <UnitTestResult executionId="62aa7c2d-4c41-4caa-b031-fade2fdd55e0" testId="0dac3181-03dc-4e04-821c-4e49b85b1315" testName="FormatToStringTest1000 (46607.970025941715,46607.97 zł)" computerName="DESKTOP-5URQ9PB" duration="00:00:00.0000061" startTime="2022-06-13T21:11:17.3856330+02:00" endTime="2022-06-13T21:11:17.3856997+02:00" testType="13cdc9d9-ddb5-4fa4-a97d-d965ccfc6d4b" outcome="Passed" testListId="8c84fa94-04c1-424b-9868-57a2d4851a1d" relativeResultsDirectory="62aa7c2d-4c41-4caa-b031-fade2fdd55e0" />
    <UnitTestResult executionId="c7ea425e-2711-4962-9e1a-de612f7b5f73" testId="6aceecc7-47c1-419e-8a3d-bd0771fc1794" testName="FormatToStringTest1000 (657.5396922647672,657.54 zł)" computerName="DESKTOP-5URQ9PB" duration="00:00:00.0000061" startTime="2022-06-13T21:11:17.3660640+02:00" endTime="2022-06-13T21:11:17.3661301+02:00" testType="13cdc9d9-ddb5-4fa4-a97d-d965ccfc6d4b" outcome="Passed" testListId="8c84fa94-04c1-424b-9868-57a2d4851a1d" relativeResultsDirectory="c7ea425e-2711-4962-9e1a-de612f7b5f73" />
    <UnitTestResult executionId="1a6e464c-a9fa-45da-9206-1d87420534d0" testId="3e238695-137d-46f6-b5b6-54b8803cd1d7" testName="FormatToStringTest1000 (2751.3751475258614,2751.38 zł)" computerName="DESKTOP-5URQ9PB" duration="00:00:00.0000062" startTime="2022-06-13T21:11:17.5462547+02:00" endTime="2022-06-13T21:11:17.5463189+02:00" testType="13cdc9d9-ddb5-4fa4-a97d-d965ccfc6d4b" outcome="Passed" testListId="8c84fa94-04c1-424b-9868-57a2d4851a1d" relativeResultsDirectory="1a6e464c-a9fa-45da-9206-1d87420534d0" />
    <UnitTestResult executionId="b73ad300-7aa8-4586-98bc-280fb97be01f" testId="19ffd080-4c69-4b20-ba02-d2726687a3cd" testName="FormatToStringTest1000 (9774.341362926803,9774.34 zł)" computerName="DESKTOP-5URQ9PB" duration="00:00:00.0000060" startTime="2022-06-13T21:11:17.2858250+02:00" endTime="2022-06-13T21:11:17.2858927+02:00" testType="13cdc9d9-ddb5-4fa4-a97d-d965ccfc6d4b" outcome="Passed" testListId="8c84fa94-04c1-424b-9868-57a2d4851a1d" relativeResultsDirectory="b73ad300-7aa8-4586-98bc-280fb97be01f" />
    <UnitTestResult executionId="09605dc2-51ea-4e1c-a81b-dd66d0381ce0" testId="d5d08390-de94-4049-b981-2c86ec55a796" testName="FormatToStringTest1000 (40545.70748620001,40545.71 zł)" computerName="DESKTOP-5URQ9PB" duration="00:00:00.0000061" startTime="2022-06-13T21:11:17.5461724+02:00" endTime="2022-06-13T21:11:17.5462361+02:00" testType="13cdc9d9-ddb5-4fa4-a97d-d965ccfc6d4b" outcome="Passed" testListId="8c84fa94-04c1-424b-9868-57a2d4851a1d" relativeResultsDirectory="09605dc2-51ea-4e1c-a81b-dd66d0381ce0" />
    <UnitTestResult executionId="0ab48455-f271-4092-9110-501ee8805741" testId="4a40585f-4f0e-4a5b-bba0-65521e163536" testName="FormatToStringTest1000 (464.74397441965715,464.74 zł)" computerName="DESKTOP-5URQ9PB" duration="00:00:00.0000063" startTime="2022-06-13T21:11:17.4144436+02:00" endTime="2022-06-13T21:11:17.4145103+02:00" testType="13cdc9d9-ddb5-4fa4-a97d-d965ccfc6d4b" outcome="Passed" testListId="8c84fa94-04c1-424b-9868-57a2d4851a1d" relativeResultsDirectory="0ab48455-f271-4092-9110-501ee8805741" />
    <UnitTestResult executionId="b80b80fd-43dd-4e48-8321-41281c8f0289" testId="ecfc0012-14af-479a-a40f-8be1fe73e615" testName="FormatToStringTest1000 (9994.9471861026,9994.95 zł)" computerName="DESKTOP-5URQ9PB" duration="00:00:00.0000065" startTime="2022-06-13T21:11:17.3295984+02:00" endTime="2022-06-13T21:11:17.3296688+02:00" testType="13cdc9d9-ddb5-4fa4-a97d-d965ccfc6d4b" outcome="Passed" testListId="8c84fa94-04c1-424b-9868-57a2d4851a1d" relativeResultsDirectory="b80b80fd-43dd-4e48-8321-41281c8f0289" />
    <UnitTestResult executionId="45c2b180-0aef-485e-8fe2-daf99bc51d23" testId="ff7319bd-ab16-4130-a1f7-b1cc4ff3fb2a" testName="FormatToStringTest1000 (2897.9775426620513,2897.98 zł)" computerName="DESKTOP-5URQ9PB" duration="00:00:00.0000060" startTime="2022-06-13T21:11:17.5071460+02:00" endTime="2022-06-13T21:11:17.5072100+02:00" testType="13cdc9d9-ddb5-4fa4-a97d-d965ccfc6d4b" outcome="Passed" testListId="8c84fa94-04c1-424b-9868-57a2d4851a1d" relativeResultsDirectory="45c2b180-0aef-485e-8fe2-daf99bc51d23" />
    <UnitTestResult executionId="d924ddb2-744a-4bf5-833f-ce6d092e68b2" testId="a8d9a6a8-851b-43a1-8177-36662f490c76" testName="FormatToStringTest1000 (5279.315995182524,5279.32 zł)" computerName="DESKTOP-5URQ9PB" duration="00:00:00.0000503" startTime="2022-06-13T21:11:17.4439679+02:00" endTime="2022-06-13T21:11:17.4443183+02:00" testType="13cdc9d9-ddb5-4fa4-a97d-d965ccfc6d4b" outcome="Passed" testListId="8c84fa94-04c1-424b-9868-57a2d4851a1d" relativeResultsDirectory="d924ddb2-744a-4bf5-833f-ce6d092e68b2" />
    <UnitTestResult executionId="828c8eb6-0420-4a21-9be7-125d10719aba" testId="c0d92e7a-e7e6-4dcf-98f9-9b491f631cb7" testName="FormatToStringTest1000 (37387.37521261972,37387.38 zł)" computerName="DESKTOP-5URQ9PB" duration="00:00:00.0000094" startTime="2022-06-13T21:11:17.4986743+02:00" endTime="2022-06-13T21:11:17.4987858+02:00" testType="13cdc9d9-ddb5-4fa4-a97d-d965ccfc6d4b" outcome="Passed" testListId="8c84fa94-04c1-424b-9868-57a2d4851a1d" relativeResultsDirectory="828c8eb6-0420-4a21-9be7-125d10719aba" />
    <UnitTestResult executionId="71213b3c-6fed-405b-8461-354af5bad76e" testId="68235e6b-1dc1-44f0-8ac0-8364c29023a5" testName="FormatToStringTest1000 (6057.842750804426,6057.84 zł)" computerName="DESKTOP-5URQ9PB" duration="00:00:00.0000061" startTime="2022-06-13T21:11:17.2794538+02:00" endTime="2022-06-13T21:11:17.2795210+02:00" testType="13cdc9d9-ddb5-4fa4-a97d-d965ccfc6d4b" outcome="Passed" testListId="8c84fa94-04c1-424b-9868-57a2d4851a1d" relativeResultsDirectory="71213b3c-6fed-405b-8461-354af5bad76e" />
    <UnitTestResult executionId="3506c2fe-593b-4efc-bcf9-8ff89c8320c1" testId="1208c3e5-c05a-49ea-9f67-12587aeb0c36" testName="FormatToStringTest1000 (14035.12972514477,14035.13 zł)" computerName="DESKTOP-5URQ9PB" duration="00:00:00.0000061" startTime="2022-06-13T21:11:17.2941353+02:00" endTime="2022-06-13T21:11:17.2942021+02:00" testType="13cdc9d9-ddb5-4fa4-a97d-d965ccfc6d4b" outcome="Passed" testListId="8c84fa94-04c1-424b-9868-57a2d4851a1d" relativeResultsDirectory="3506c2fe-593b-4efc-bcf9-8ff89c8320c1" />
    <UnitTestResult executionId="2b5ee583-9529-4911-80b9-122ac2814d79" testId="63dfb189-5d7e-4ec7-b03f-c06177c41039" testName="FormatToStringTest1000 (25288.32036814574,25288.32 zł)" computerName="DESKTOP-5URQ9PB" duration="00:00:00.0000075" startTime="2022-06-13T21:11:17.4718632+02:00" endTime="2022-06-13T21:11:17.4719750+02:00" testType="13cdc9d9-ddb5-4fa4-a97d-d965ccfc6d4b" outcome="Passed" testListId="8c84fa94-04c1-424b-9868-57a2d4851a1d" relativeResultsDirectory="2b5ee583-9529-4911-80b9-122ac2814d79" />
    <UnitTestResult executionId="730db624-0ddf-405c-bd49-cc1becc16e05" testId="bc01e2ab-fdf2-4dcf-a4d6-b77253bcc583" testName="FormatToStringTest1000 (11958.422287871792,11958.42 zł)" computerName="DESKTOP-5URQ9PB" duration="00:00:00.0000063" startTime="2022-06-13T21:11:17.3732074+02:00" endTime="2022-06-13T21:11:17.3732735+02:00" testType="13cdc9d9-ddb5-4fa4-a97d-d965ccfc6d4b" outcome="Passed" testListId="8c84fa94-04c1-424b-9868-57a2d4851a1d" relativeResultsDirectory="730db624-0ddf-405c-bd49-cc1becc16e05" />
    <UnitTestResult executionId="114a2800-e719-4680-a8ca-082ecbd15053" testId="43a45c23-814f-403c-964b-7bc46cd8f977" testName="FormatToStringTest1000 (45603.90324273142,45603.90 zł)" computerName="DESKTOP-5URQ9PB" duration="00:00:00.0000062" startTime="2022-06-13T21:11:17.2320618+02:00" endTime="2022-06-13T21:11:17.2321287+02:00" testType="13cdc9d9-ddb5-4fa4-a97d-d965ccfc6d4b" outcome="Passed" testListId="8c84fa94-04c1-424b-9868-57a2d4851a1d" relativeResultsDirectory="114a2800-e719-4680-a8ca-082ecbd15053" />
    <UnitTestResult executionId="8680204a-a069-4ab2-9ea2-c45dfb9de569" testId="d4f05858-e408-4131-93eb-d0f897dd8e03" testName="FormatToStringTest1000 (88616.03808168416,88616.04 zł)" computerName="DESKTOP-5URQ9PB" duration="00:00:00.0000062" startTime="2022-06-13T21:11:17.5432441+02:00" endTime="2022-06-13T21:11:17.5433079+02:00" testType="13cdc9d9-ddb5-4fa4-a97d-d965ccfc6d4b" outcome="Passed" testListId="8c84fa94-04c1-424b-9868-57a2d4851a1d" relativeResultsDirectory="8680204a-a069-4ab2-9ea2-c45dfb9de569" />
    <UnitTestResult executionId="41c4ba65-cb3d-4a34-a758-deac5c95e1c1" testId="9c9d0c29-0ff3-490f-9f6f-d1873fc77a52" testName="FormatToStringTest1000 (95353.10327693219,95353.10 zł)" computerName="DESKTOP-5URQ9PB" duration="00:00:00.0000066" startTime="2022-06-13T21:11:17.3002287+02:00" endTime="2022-06-13T21:11:17.3002977+02:00" testType="13cdc9d9-ddb5-4fa4-a97d-d965ccfc6d4b" outcome="Passed" testListId="8c84fa94-04c1-424b-9868-57a2d4851a1d" relativeResultsDirectory="41c4ba65-cb3d-4a34-a758-deac5c95e1c1" />
    <UnitTestResult executionId="3a72af70-ba65-4ecf-9d3e-d8dabfa83ef5" testId="edf4a793-8949-46b7-b4bf-8686aef6aac0" testName="FormatToStringTest1000 (6262.373413993219,6262.37 zł)" computerName="DESKTOP-5URQ9PB" duration="00:00:00.0000063" startTime="2022-06-13T21:11:17.3504681+02:00" endTime="2022-06-13T21:11:17.3505337+02:00" testType="13cdc9d9-ddb5-4fa4-a97d-d965ccfc6d4b" outcome="Passed" testListId="8c84fa94-04c1-424b-9868-57a2d4851a1d" relativeResultsDirectory="3a72af70-ba65-4ecf-9d3e-d8dabfa83ef5" />
    <UnitTestResult executionId="3893923b-883a-4ee3-aca2-b2ebfd603da6" testId="ff5b1c7c-1de5-4953-a8c0-f55656252865" testName="FormatToStringTest1000 (30111.54342534372,30111.54 zł)" computerName="DESKTOP-5URQ9PB" duration="00:00:00.0000136" startTime="2022-06-13T21:11:17.5696653+02:00" endTime="2022-06-13T21:11:17.5697461+02:00" testType="13cdc9d9-ddb5-4fa4-a97d-d965ccfc6d4b" outcome="Passed" testListId="8c84fa94-04c1-424b-9868-57a2d4851a1d" relativeResultsDirectory="3893923b-883a-4ee3-aca2-b2ebfd603da6" />
    <UnitTestResult executionId="3fdbc238-cdb1-4db3-872b-767bac81c0fa" testId="aa6499e0-0977-48a3-a2ba-0daf9cfcf9dc" testName="FormatToStringTest1000 (26220.382477706476,26220.38 zł)" computerName="DESKTOP-5URQ9PB" duration="00:00:00.0000061" startTime="2022-06-13T21:11:17.5408759+02:00" endTime="2022-06-13T21:11:17.5409399+02:00" testType="13cdc9d9-ddb5-4fa4-a97d-d965ccfc6d4b" outcome="Passed" testListId="8c84fa94-04c1-424b-9868-57a2d4851a1d" relativeResultsDirectory="3fdbc238-cdb1-4db3-872b-767bac81c0fa" />
    <UnitTestResult executionId="b839c6b2-056e-435d-a392-fbbecce6414b" testId="edadcfad-e679-44a6-a3fe-db4f8be3cefb" testName="FormatToStringTest1000 (26468.346804109562,26468.35 zł)" computerName="DESKTOP-5URQ9PB" duration="00:00:00.0000071" startTime="2022-06-13T21:11:17.3393156+02:00" endTime="2022-06-13T21:11:17.3394049+02:00" testType="13cdc9d9-ddb5-4fa4-a97d-d965ccfc6d4b" outcome="Passed" testListId="8c84fa94-04c1-424b-9868-57a2d4851a1d" relativeResultsDirectory="b839c6b2-056e-435d-a392-fbbecce6414b" />
    <UnitTestResult executionId="fea47e8e-a242-41f2-9c62-d077631b802f" testId="1d821035-9426-46bc-80c6-fe3c61774a6c" testName="FormatToStringTest1000 (31290.71396233687,31290.71 zł)" computerName="DESKTOP-5URQ9PB" duration="00:00:00.0000065" startTime="2022-06-13T21:11:17.2545943+02:00" endTime="2022-06-13T21:11:17.2546672+02:00" testType="13cdc9d9-ddb5-4fa4-a97d-d965ccfc6d4b" outcome="Passed" testListId="8c84fa94-04c1-424b-9868-57a2d4851a1d" relativeResultsDirectory="fea47e8e-a242-41f2-9c62-d077631b802f" />
    <UnitTestResult executionId="7af2c7c8-00f5-4d02-adde-00254bbdcebd" testId="a42781f7-11d2-46b6-a95a-808b419bd47d" testName="FormatToStringTest1000 (30410.68214617003,30410.68 zł)" computerName="DESKTOP-5URQ9PB" duration="00:00:00.0000062" startTime="2022-06-13T21:11:17.4116433+02:00" endTime="2022-06-13T21:11:17.4117095+02:00" testType="13cdc9d9-ddb5-4fa4-a97d-d965ccfc6d4b" outcome="Passed" testListId="8c84fa94-04c1-424b-9868-57a2d4851a1d" relativeResultsDirectory="7af2c7c8-00f5-4d02-adde-00254bbdcebd" />
    <UnitTestResult executionId="ce57e126-0acc-49b2-a1e6-ecb9d10d0b03" testId="1f895fe6-562e-41fb-b9ae-5417a8043b48" testName="FormatToStringTest1000 (28155.26504817664,28155.27 zł)" computerName="DESKTOP-5URQ9PB" duration="00:00:00.0000062" startTime="2022-06-13T21:11:17.3733759+02:00" endTime="2022-06-13T21:11:17.3734423+02:00" testType="13cdc9d9-ddb5-4fa4-a97d-d965ccfc6d4b" outcome="Passed" testListId="8c84fa94-04c1-424b-9868-57a2d4851a1d" relativeResultsDirectory="ce57e126-0acc-49b2-a1e6-ecb9d10d0b03" />
    <UnitTestResult executionId="a92f88b2-f9c3-4399-9f8d-66da322956c4" testId="0e98e998-cdb4-4484-bcee-7719e088a16f" testName="FormatToStringTest1000 (4252.4012513842445,4252.40 zł)" computerName="DESKTOP-5URQ9PB" duration="00:00:00.0000081" startTime="2022-06-13T21:11:17.5162659+02:00" endTime="2022-06-13T21:11:17.5163587+02:00" testType="13cdc9d9-ddb5-4fa4-a97d-d965ccfc6d4b" outcome="Passed" testListId="8c84fa94-04c1-424b-9868-57a2d4851a1d" relativeResultsDirectory="a92f88b2-f9c3-4399-9f8d-66da322956c4" />
    <UnitTestResult executionId="f4828d94-df74-4263-aca3-54e044c4bf41" testId="fb18ccaa-80f4-4873-a2cc-b0a9bb69f316" testName="FormatToStringTest1000 (3588.260979617136,3588.26 zł)" computerName="DESKTOP-5URQ9PB" duration="00:00:00.0000061" startTime="2022-06-13T21:11:17.5405973+02:00" endTime="2022-06-13T21:11:17.5406610+02:00" testType="13cdc9d9-ddb5-4fa4-a97d-d965ccfc6d4b" outcome="Passed" testListId="8c84fa94-04c1-424b-9868-57a2d4851a1d" relativeResultsDirectory="f4828d94-df74-4263-aca3-54e044c4bf41" />
    <UnitTestResult executionId="27ba5963-561d-4fe8-b745-b2e02e5e522e" testId="b71df6b4-5093-4013-95a9-1bfee1f403c2" testName="FormatToStringTest1000 (13844.577623300524,13844.58 zł)" computerName="DESKTOP-5URQ9PB" duration="00:00:00.0000070" startTime="2022-06-13T21:11:17.3199881+02:00" endTime="2022-06-13T21:11:17.3200570+02:00" testType="13cdc9d9-ddb5-4fa4-a97d-d965ccfc6d4b" outcome="Passed" testListId="8c84fa94-04c1-424b-9868-57a2d4851a1d" relativeResultsDirectory="27ba5963-561d-4fe8-b745-b2e02e5e522e" />
    <UnitTestResult executionId="1dae6300-185d-45cf-afd0-334e5c4a8785" testId="c0e6e92e-b444-448c-b771-d59e49152e0a" testName="FormatToStringTest1000 (38904.87092920806,38904.87 zł)" computerName="DESKTOP-5URQ9PB" duration="00:00:00.0000063" startTime="2022-06-13T21:11:17.4571060+02:00" endTime="2022-06-13T21:11:17.4571705+02:00" testType="13cdc9d9-ddb5-4fa4-a97d-d965ccfc6d4b" outcome="Passed" testListId="8c84fa94-04c1-424b-9868-57a2d4851a1d" relativeResultsDirectory="1dae6300-185d-45cf-afd0-334e5c4a8785" />
    <UnitTestResult executionId="2cc4bb36-3932-451c-9558-bdbe9e112765" testId="2aebc43a-1653-425b-884b-ba098c48b6d0" testName="FormatToStringTest1000 (55782.67998761762,55782.68 zł)" computerName="DESKTOP-5URQ9PB" duration="00:00:00.0000068" startTime="2022-06-13T21:11:17.2889494+02:00" endTime="2022-06-13T21:11:17.2890173+02:00" testType="13cdc9d9-ddb5-4fa4-a97d-d965ccfc6d4b" outcome="Passed" testListId="8c84fa94-04c1-424b-9868-57a2d4851a1d" relativeResultsDirectory="2cc4bb36-3932-451c-9558-bdbe9e112765" />
    <UnitTestResult executionId="9a0569ed-3fa8-4d5c-a254-ea5dcb43b3dc" testId="e3261be6-c006-4542-aa61-2acbd36ec2da" testName="FormatToStringTest1000 (1011.9989482094529,1012.00 zł)" computerName="DESKTOP-5URQ9PB" duration="00:00:00.0000065" startTime="2022-06-13T21:11:17.4686967+02:00" endTime="2022-06-13T21:11:17.4687755+02:00" testType="13cdc9d9-ddb5-4fa4-a97d-d965ccfc6d4b" outcome="Passed" testListId="8c84fa94-04c1-424b-9868-57a2d4851a1d" relativeResultsDirectory="9a0569ed-3fa8-4d5c-a254-ea5dcb43b3dc" />
    <UnitTestResult executionId="54e0a3fb-4d45-4891-8b90-c96c52aa6a0d" testId="18f5eea8-3810-4c48-806a-588d2593bd92" testName="FormatToStringTest1000 (59283.7670322637,59283.77 zł)" computerName="DESKTOP-5URQ9PB" duration="00:00:00.0000063" startTime="2022-06-13T21:11:17.5928907+02:00" endTime="2022-06-13T21:11:17.5929532+02:00" testType="13cdc9d9-ddb5-4fa4-a97d-d965ccfc6d4b" outcome="Passed" testListId="8c84fa94-04c1-424b-9868-57a2d4851a1d" relativeResultsDirectory="54e0a3fb-4d45-4891-8b90-c96c52aa6a0d" />
    <UnitTestResult executionId="ea9722be-48a1-416f-a128-8d85b23dbacc" testId="5e0c25c1-2b22-44b0-94d0-22fb8d076f3a" testName="FormatToStringTest1000 (13541.45472935096,13541.45 zł)" computerName="DESKTOP-5URQ9PB" duration="00:00:00.0000066" startTime="2022-06-13T21:11:17.4751657+02:00" endTime="2022-06-13T21:11:17.4752298+02:00" testType="13cdc9d9-ddb5-4fa4-a97d-d965ccfc6d4b" outcome="Passed" testListId="8c84fa94-04c1-424b-9868-57a2d4851a1d" relativeResultsDirectory="ea9722be-48a1-416f-a128-8d85b23dbacc" />
    <UnitTestResult executionId="c9909c8b-b15b-4796-b0dc-e6596150c4f6" testId="4fe7eef4-72e1-4c6b-9582-fb5e9e46f9e6" testName="FormatToStringTest1000 (10857.521742201186,10857.52 zł)" computerName="DESKTOP-5URQ9PB" duration="00:00:00.0000062" startTime="2022-06-13T21:11:17.5231190+02:00" endTime="2022-06-13T21:11:17.5231829+02:00" testType="13cdc9d9-ddb5-4fa4-a97d-d965ccfc6d4b" outcome="Passed" testListId="8c84fa94-04c1-424b-9868-57a2d4851a1d" relativeResultsDirectory="c9909c8b-b15b-4796-b0dc-e6596150c4f6" />
    <UnitTestResult executionId="1f6738f9-1729-4ca3-b2ea-8dc581086b23" testId="140488b5-42ff-4030-9e76-f3d7cc01db1f" testName="FormatToStringTest1000 (31424.298858482067,31424.30 zł)" computerName="DESKTOP-5URQ9PB" duration="00:00:00.0000064" startTime="2022-06-13T21:11:17.4477326+02:00" endTime="2022-06-13T21:11:17.4477993+02:00" testType="13cdc9d9-ddb5-4fa4-a97d-d965ccfc6d4b" outcome="Passed" testListId="8c84fa94-04c1-424b-9868-57a2d4851a1d" relativeResultsDirectory="1f6738f9-1729-4ca3-b2ea-8dc581086b23" />
    <UnitTestResult executionId="3efb9e80-ae3c-4d07-8801-218b68bd252c" testId="1d6de5ca-bdae-44ea-8053-cce7d73bfa67" testName="FormatToStringTest1000 (35.34471716840971,35.34 zł)" computerName="DESKTOP-5URQ9PB" duration="00:00:00.0000064" startTime="2022-06-13T21:11:17.4804630+02:00" endTime="2022-06-13T21:11:17.4805274+02:00" testType="13cdc9d9-ddb5-4fa4-a97d-d965ccfc6d4b" outcome="Passed" testListId="8c84fa94-04c1-424b-9868-57a2d4851a1d" relativeResultsDirectory="3efb9e80-ae3c-4d07-8801-218b68bd252c" />
    <UnitTestResult executionId="88ff49c0-c034-4003-b0bf-8b56ce21a606" testId="c92cb59c-6557-49d5-bbfc-2856cf8d03a4" testName="FormatToStringTest1000 (26858.35647848731,26858.36 zł)" computerName="DESKTOP-5URQ9PB" duration="00:00:00.0000061" startTime="2022-06-13T21:11:17.4752468+02:00" endTime="2022-06-13T21:11:17.4753103+02:00" testType="13cdc9d9-ddb5-4fa4-a97d-d965ccfc6d4b" outcome="Passed" testListId="8c84fa94-04c1-424b-9868-57a2d4851a1d" relativeResultsDirectory="88ff49c0-c034-4003-b0bf-8b56ce21a606" />
    <UnitTestResult executionId="c8f46bff-bffe-4652-b01b-dca8b46ef546" testId="86bcf578-d253-417e-8406-7f1f6fdf2bac" testName="FormatToStringTest1000 (19210.519530370144,19210.52 zł)" computerName="DESKTOP-5URQ9PB" duration="00:00:00.0000062" startTime="2022-06-13T21:11:17.4630303+02:00" endTime="2022-06-13T21:11:17.4630938+02:00" testType="13cdc9d9-ddb5-4fa4-a97d-d965ccfc6d4b" outcome="Passed" testListId="8c84fa94-04c1-424b-9868-57a2d4851a1d" relativeResultsDirectory="c8f46bff-bffe-4652-b01b-dca8b46ef546" />
    <UnitTestResult executionId="3fcad0a4-3950-45a4-a20c-a99cb8fa92ea" testId="703be2ca-9f98-447d-ba36-e661031e44ea" testName="FormatToStringTest1000 (740.3213011405064,740.32 zł)" computerName="DESKTOP-5URQ9PB" duration="00:00:00.0000063" startTime="2022-06-13T21:11:17.2420016+02:00" endTime="2022-06-13T21:11:17.2420683+02:00" testType="13cdc9d9-ddb5-4fa4-a97d-d965ccfc6d4b" outcome="Passed" testListId="8c84fa94-04c1-424b-9868-57a2d4851a1d" relativeResultsDirectory="3fcad0a4-3950-45a4-a20c-a99cb8fa92ea" />
    <UnitTestResult executionId="ba2aa76d-3e88-47a7-9bfe-ec4d80bf26e6" testId="933227c0-f104-492a-b464-3653e5762afd" testName="FormatToStringTest1000 (29678.921519093645,29678.92 zł)" computerName="DESKTOP-5URQ9PB" duration="00:00:00.0000065" startTime="2022-06-13T21:11:17.4566821+02:00" endTime="2022-06-13T21:11:17.4567544+02:00" testType="13cdc9d9-ddb5-4fa4-a97d-d965ccfc6d4b" outcome="Passed" testListId="8c84fa94-04c1-424b-9868-57a2d4851a1d" relativeResultsDirectory="ba2aa76d-3e88-47a7-9bfe-ec4d80bf26e6" />
    <UnitTestResult executionId="e1699594-95e6-47c2-b1f8-3cd5ac2d0dcf" testId="0f93242a-e3ac-4eb6-b65e-6937c043e6ea" testName="FormatToStringTest1000 (25116.590135570892,25116.59 zł)" computerName="DESKTOP-5URQ9PB" duration="00:00:00.0000061" startTime="2022-06-13T21:11:17.3594901+02:00" endTime="2022-06-13T21:11:17.3595557+02:00" testType="13cdc9d9-ddb5-4fa4-a97d-d965ccfc6d4b" outcome="Passed" testListId="8c84fa94-04c1-424b-9868-57a2d4851a1d" relativeResultsDirectory="e1699594-95e6-47c2-b1f8-3cd5ac2d0dcf" />
    <UnitTestResult executionId="9785ca30-b631-44f4-b5d3-c059f069efa9" testId="904b3266-0c92-4b1e-bddc-2e823cd0cc75" testName="FormatToStringTest1000 (64490.52771614982,64490.53 zł)" computerName="DESKTOP-5URQ9PB" duration="00:00:00.0000064" startTime="2022-06-13T21:11:17.3857183+02:00" endTime="2022-06-13T21:11:17.3857906+02:00" testType="13cdc9d9-ddb5-4fa4-a97d-d965ccfc6d4b" outcome="Passed" testListId="8c84fa94-04c1-424b-9868-57a2d4851a1d" relativeResultsDirectory="9785ca30-b631-44f4-b5d3-c059f069efa9" />
    <UnitTestResult executionId="aae5a951-4d1d-4e20-8a6b-654ea586e5fe" testId="a5939e2c-9278-4d16-b124-40bf7ea2f64c" testName="FormatToStringTest1000 (5254.6338787505565,5254.63 zł)" computerName="DESKTOP-5URQ9PB" duration="00:00:00.0000083" startTime="2022-06-13T21:11:17.5168573+02:00" endTime="2022-06-13T21:11:17.5169502+02:00" testType="13cdc9d9-ddb5-4fa4-a97d-d965ccfc6d4b" outcome="Passed" testListId="8c84fa94-04c1-424b-9868-57a2d4851a1d" relativeResultsDirectory="aae5a951-4d1d-4e20-8a6b-654ea586e5fe" />
    <UnitTestResult executionId="788dd516-87c1-446c-90b2-10205421f482" testId="b6ea69bb-08d6-4991-8a53-9e491161db72" testName="FormatToStringTest1000 (76751.79413498091,76751.79 zł)" computerName="DESKTOP-5URQ9PB" duration="00:00:00.0000063" startTime="2022-06-13T21:11:17.4117323+02:00" endTime="2022-06-13T21:11:17.4117996+02:00" testType="13cdc9d9-ddb5-4fa4-a97d-d965ccfc6d4b" outcome="Passed" testListId="8c84fa94-04c1-424b-9868-57a2d4851a1d" relativeResultsDirectory="788dd516-87c1-446c-90b2-10205421f482" />
    <UnitTestResult executionId="eca2ca19-f251-404d-ab5f-b256f79e9e8a" testId="aafdb2af-a0f2-4a7a-9c12-ae84de0ac7e2" testName="FormatToStringTest1000 (29417.800422138444,29417.80 zł)" computerName="DESKTOP-5URQ9PB" duration="00:00:00.0000062" startTime="2022-06-13T21:11:17.3204953+02:00" endTime="2022-06-13T21:11:17.3205612+02:00" testType="13cdc9d9-ddb5-4fa4-a97d-d965ccfc6d4b" outcome="Passed" testListId="8c84fa94-04c1-424b-9868-57a2d4851a1d" relativeResultsDirectory="eca2ca19-f251-404d-ab5f-b256f79e9e8a" />
    <UnitTestResult executionId="4b65e6da-c5c1-436b-9ed5-0188b58f9d93" testId="e13ad168-14b0-422d-b0ea-f7d36c5d1bfc" testName="FormatToStringTest1000 (5870.791169434223,5870.79 zł)" computerName="DESKTOP-5URQ9PB" duration="00:00:00.0000062" startTime="2022-06-13T21:11:17.3766529+02:00" endTime="2022-06-13T21:11:17.3767190+02:00" testType="13cdc9d9-ddb5-4fa4-a97d-d965ccfc6d4b" outcome="Passed" testListId="8c84fa94-04c1-424b-9868-57a2d4851a1d" relativeResultsDirectory="4b65e6da-c5c1-436b-9ed5-0188b58f9d93" />
    <UnitTestResult executionId="676cc5a4-b845-42d3-970b-de81ae378e99" testId="538aadb9-56b4-4ffc-aaa0-e9c520f66ece" testName="FormatToStringTest1000 (9196.579612724754,9196.58 zł)" computerName="DESKTOP-5URQ9PB" duration="00:00:00.0000063" startTime="2022-06-13T21:11:17.4451950+02:00" endTime="2022-06-13T21:11:17.4452601+02:00" testType="13cdc9d9-ddb5-4fa4-a97d-d965ccfc6d4b" outcome="Passed" testListId="8c84fa94-04c1-424b-9868-57a2d4851a1d" relativeResultsDirectory="676cc5a4-b845-42d3-970b-de81ae378e99" />
    <UnitTestResult executionId="1076710f-04a6-430b-b739-dea9d30e5b05" testId="bb16a128-f386-4ca0-b421-e25a05ed0173" testName="FormatToStringTest1000 (14100.01255469211,14100.01 zł)" computerName="DESKTOP-5URQ9PB" duration="00:00:00.0000063" startTime="2022-06-13T21:11:17.3003161+02:00" endTime="2022-06-13T21:11:17.3003831+02:00" testType="13cdc9d9-ddb5-4fa4-a97d-d965ccfc6d4b" outcome="Passed" testListId="8c84fa94-04c1-424b-9868-57a2d4851a1d" relativeResultsDirectory="1076710f-04a6-430b-b739-dea9d30e5b05" />
    <UnitTestResult executionId="96245eff-05a7-4ecd-8f19-0df1dff12994" testId="ca1058b1-f670-4c21-bb6d-ddf9f01e9e2f" testName="FormatToStringTest1000 (12871.381729632794,12871.38 zł)" computerName="DESKTOP-5URQ9PB" duration="00:00:00.0000062" startTime="2022-06-13T21:11:17.3174012+02:00" endTime="2022-06-13T21:11:17.3174671+02:00" testType="13cdc9d9-ddb5-4fa4-a97d-d965ccfc6d4b" outcome="Passed" testListId="8c84fa94-04c1-424b-9868-57a2d4851a1d" relativeResultsDirectory="96245eff-05a7-4ecd-8f19-0df1dff12994" />
    <UnitTestResult executionId="317aad63-f630-4674-82b2-081e89aa930f" testId="038c162a-adaf-43d8-ab57-6bfcd541db97" testName="FormatToStringTest1000 (24137.016609529506,24137.02 zł)" computerName="DESKTOP-5URQ9PB" duration="00:00:00.0000061" startTime="2022-06-13T21:11:17.5328477+02:00" endTime="2022-06-13T21:11:17.5329107+02:00" testType="13cdc9d9-ddb5-4fa4-a97d-d965ccfc6d4b" outcome="Passed" testListId="8c84fa94-04c1-424b-9868-57a2d4851a1d" relativeResultsDirectory="317aad63-f630-4674-82b2-081e89aa930f" />
    <UnitTestResult executionId="7324fdad-fb8e-4630-9b19-00f2ee293592" testId="5fa52165-dcb1-49aa-b435-3a4480faa5aa" testName="FormatToStringTest1000 (15841.26419853478,15841.26 zł)" computerName="DESKTOP-5URQ9PB" duration="00:00:00.0000061" startTime="2022-06-13T21:11:17.5554142+02:00" endTime="2022-06-13T21:11:17.5554776+02:00" testType="13cdc9d9-ddb5-4fa4-a97d-d965ccfc6d4b" outcome="Passed" testListId="8c84fa94-04c1-424b-9868-57a2d4851a1d" relativeResultsDirectory="7324fdad-fb8e-4630-9b19-00f2ee293592" />
    <UnitTestResult executionId="5d592dce-6a77-49d7-a2f5-4e53301f3729" testId="20c4d0a0-87ae-4d01-a74c-c828bde3e71f" testName="FormatToStringTest1000 (8644.187977380207,8644.19 zł)" computerName="DESKTOP-5URQ9PB" duration="00:00:00.0000072" startTime="2022-06-13T21:11:17.5266049+02:00" endTime="2022-06-13T21:11:17.5266991+02:00" testType="13cdc9d9-ddb5-4fa4-a97d-d965ccfc6d4b" outcome="Passed" testListId="8c84fa94-04c1-424b-9868-57a2d4851a1d" relativeResultsDirectory="5d592dce-6a77-49d7-a2f5-4e53301f3729" />
    <UnitTestResult executionId="81fbe8be-2461-46a0-9ba0-f23d19a3c057" testId="1462cbc1-109a-4703-99e5-436b162c50ba" testName="FormatToStringTest1000 (59247.898931587064,59247.90 zł)" computerName="DESKTOP-5URQ9PB" duration="00:00:00.0000072" startTime="2022-06-13T21:11:17.4651132+02:00" endTime="2022-06-13T21:11:17.4651905+02:00" testType="13cdc9d9-ddb5-4fa4-a97d-d965ccfc6d4b" outcome="Passed" testListId="8c84fa94-04c1-424b-9868-57a2d4851a1d" relativeResultsDirectory="81fbe8be-2461-46a0-9ba0-f23d19a3c057" />
    <UnitTestResult executionId="f3ee7c2d-ce94-42d2-a8c0-96204f54e88d" testId="045bd725-f732-40c7-ac09-f249d4172b1e" testName="FormatToStringTest1000 (57671.67669738675,57671.68 zł)" computerName="DESKTOP-5URQ9PB" duration="00:00:00.0000065" startTime="2022-06-13T21:11:17.5607077+02:00" endTime="2022-06-13T21:11:17.5607775+02:00" testType="13cdc9d9-ddb5-4fa4-a97d-d965ccfc6d4b" outcome="Passed" testListId="8c84fa94-04c1-424b-9868-57a2d4851a1d" relativeResultsDirectory="f3ee7c2d-ce94-42d2-a8c0-96204f54e88d" />
    <UnitTestResult executionId="0d23a4f8-0543-4484-a19d-390a806ba88c" testId="fe82da0f-104a-4eea-8e77-04ce10314deb" testName="FormatToStringTest1000 (22017.250119325356,22017.25 zł)" computerName="DESKTOP-5URQ9PB" duration="00:00:00.0000065" startTime="2022-06-13T21:11:17.2757039+02:00" endTime="2022-06-13T21:11:17.2757792+02:00" testType="13cdc9d9-ddb5-4fa4-a97d-d965ccfc6d4b" outcome="Passed" testListId="8c84fa94-04c1-424b-9868-57a2d4851a1d" relativeResultsDirectory="0d23a4f8-0543-4484-a19d-390a806ba88c" />
    <UnitTestResult executionId="84b56711-6c3e-48aa-aca2-4ab548396c5e" testId="d45ef10c-c693-4046-83ff-42908eabc903" testName="FormatToStringTest1000 (18424.864078561244,18424.86 zł)" computerName="DESKTOP-5URQ9PB" duration="00:00:00.0000063" startTime="2022-06-13T21:11:17.3298783+02:00" endTime="2022-06-13T21:11:17.3299534+02:00" testType="13cdc9d9-ddb5-4fa4-a97d-d965ccfc6d4b" outcome="Passed" testListId="8c84fa94-04c1-424b-9868-57a2d4851a1d" relativeResultsDirectory="84b56711-6c3e-48aa-aca2-4ab548396c5e" />
    <UnitTestResult executionId="defc94ef-99a1-4c5e-97f8-c5388840acef" testId="6fa29e58-cacd-4aab-9da5-2d2e1196e831" testName="FormatToStringTest1000 (32262.93788198984,32262.94 zł)" computerName="DESKTOP-5URQ9PB" duration="00:00:00.0000062" startTime="2022-06-13T21:11:17.4508000+02:00" endTime="2022-06-13T21:11:17.4508658+02:00" testType="13cdc9d9-ddb5-4fa4-a97d-d965ccfc6d4b" outcome="Passed" testListId="8c84fa94-04c1-424b-9868-57a2d4851a1d" relativeResultsDirectory="defc94ef-99a1-4c5e-97f8-c5388840acef" />
    <UnitTestResult executionId="231bf79c-ce29-4ae7-97d1-8f270261eb1f" testId="763acba2-d356-412c-bfe2-caf8fbf64b90" testName="FormatToStringTest1000 (44361.82678515177,44361.83 zł)" computerName="DESKTOP-5URQ9PB" duration="00:00:00.0000062" startTime="2022-06-13T21:11:17.5666453+02:00" endTime="2022-06-13T21:11:17.5667098+02:00" testType="13cdc9d9-ddb5-4fa4-a97d-d965ccfc6d4b" outcome="Passed" testListId="8c84fa94-04c1-424b-9868-57a2d4851a1d" relativeResultsDirectory="231bf79c-ce29-4ae7-97d1-8f270261eb1f" />
    <UnitTestResult executionId="df117837-389c-4943-b6a2-0a6f9424e1ee" testId="c0dc8fb8-0988-48c1-b50b-cd1dedee8a77" testName="FormatToStringTest1000 (16688.70569393677,16688.71 zł)" computerName="DESKTOP-5URQ9PB" duration="00:00:00.0000062" startTime="2022-06-13T21:11:17.3658957+02:00" endTime="2022-06-13T21:11:17.3659617+02:00" testType="13cdc9d9-ddb5-4fa4-a97d-d965ccfc6d4b" outcome="Passed" testListId="8c84fa94-04c1-424b-9868-57a2d4851a1d" relativeResultsDirectory="df117837-389c-4943-b6a2-0a6f9424e1ee" />
    <UnitTestResult executionId="04934ce3-c267-465c-b002-4c47a7789556" testId="12bbb7a9-8ed0-4fb7-b33a-f17356578be5" testName="FormatToStringTest1000 (14635.510547500808,14635.51 zł)" computerName="DESKTOP-5URQ9PB" duration="00:00:00.0000061" startTime="2022-06-13T21:11:17.4775650+02:00" endTime="2022-06-13T21:11:17.4776287+02:00" testType="13cdc9d9-ddb5-4fa4-a97d-d965ccfc6d4b" outcome="Passed" testListId="8c84fa94-04c1-424b-9868-57a2d4851a1d" relativeResultsDirectory="04934ce3-c267-465c-b002-4c47a7789556" />
    <UnitTestResult executionId="72f9365c-eff2-46da-a169-f9184f6e569a" testId="bc79afdb-9638-44d6-b5fa-3fbcde8cc6a6" testName="FormatToStringTest1000 (11157.981051815665,11157.98 zł)" computerName="DESKTOP-5URQ9PB" duration="00:00:00.0000062" startTime="2022-06-13T21:11:17.3822846+02:00" endTime="2022-06-13T21:11:17.3823509+02:00" testType="13cdc9d9-ddb5-4fa4-a97d-d965ccfc6d4b" outcome="Passed" testListId="8c84fa94-04c1-424b-9868-57a2d4851a1d" relativeResultsDirectory="72f9365c-eff2-46da-a169-f9184f6e569a" />
    <UnitTestResult executionId="6b767039-d396-4dc0-a426-08918a4e91ec" testId="62796633-71d6-4e85-ba7a-ae288dec6b44" testName="FormatToStringTest1000 (15742.409864349947,15742.41 zł)" computerName="DESKTOP-5URQ9PB" duration="00:00:00.0000062" startTime="2022-06-13T21:11:17.4536059+02:00" endTime="2022-06-13T21:11:17.4536736+02:00" testType="13cdc9d9-ddb5-4fa4-a97d-d965ccfc6d4b" outcome="Passed" testListId="8c84fa94-04c1-424b-9868-57a2d4851a1d" relativeResultsDirectory="6b767039-d396-4dc0-a426-08918a4e91ec" />
    <UnitTestResult executionId="fece0ea5-e2d1-4027-b273-fac75d8b824c" testId="e0d9535c-e9e8-4db9-883f-fd3e300aca4b" testName="FormatToStringTest1000 (15566.957545477411,15566.96 zł)" computerName="DESKTOP-5URQ9PB" duration="00:00:00.0000098" startTime="2022-06-13T21:11:17.2584508+02:00" endTime="2022-06-13T21:11:17.2585295+02:00" testType="13cdc9d9-ddb5-4fa4-a97d-d965ccfc6d4b" outcome="Passed" testListId="8c84fa94-04c1-424b-9868-57a2d4851a1d" relativeResultsDirectory="fece0ea5-e2d1-4027-b273-fac75d8b824c" />
    <UnitTestResult executionId="f8b0aa6f-42f9-49ec-9cb9-2e94d8e3649a" testId="d6bda3bd-306a-4293-812e-7bfb7b327fd4" testName="FormatToStringTest1000 (1741.3334432818617,1741.33 zł)" computerName="DESKTOP-5URQ9PB" duration="00:00:00.0000061" startTime="2022-06-13T21:11:17.2513966+02:00" endTime="2022-06-13T21:11:17.2514653+02:00" testType="13cdc9d9-ddb5-4fa4-a97d-d965ccfc6d4b" outcome="Passed" testListId="8c84fa94-04c1-424b-9868-57a2d4851a1d" relativeResultsDirectory="f8b0aa6f-42f9-49ec-9cb9-2e94d8e3649a" />
    <UnitTestResult executionId="4dbfd9ab-768f-42c0-a822-ca8544515e5b" testId="decf65c4-85d2-4930-8dc3-421c18ec3078" testName="FormatToStringTest1000 (55457.96873490278,55457.97 zł)" computerName="DESKTOP-5URQ9PB" duration="00:00:00.0000061" startTime="2022-06-13T21:11:17.4921836+02:00" endTime="2022-06-13T21:11:17.4922474+02:00" testType="13cdc9d9-ddb5-4fa4-a97d-d965ccfc6d4b" outcome="Passed" testListId="8c84fa94-04c1-424b-9868-57a2d4851a1d" relativeResultsDirectory="4dbfd9ab-768f-42c0-a822-ca8544515e5b" />
    <UnitTestResult executionId="90e1534e-d4d9-4858-a7a4-f98a3bfb3437" testId="a25f02d5-341a-42fe-832a-6e94734bbb9b" testName="FormatToStringTest1000 (2292.8331871111104,2292.83 zł)" computerName="DESKTOP-5URQ9PB" duration="00:00:00.0000066" startTime="2022-06-13T21:11:17.2614943+02:00" endTime="2022-06-13T21:11:17.2615822+02:00" testType="13cdc9d9-ddb5-4fa4-a97d-d965ccfc6d4b" outcome="Passed" testListId="8c84fa94-04c1-424b-9868-57a2d4851a1d" relativeResultsDirectory="90e1534e-d4d9-4858-a7a4-f98a3bfb3437" />
    <UnitTestResult executionId="1c447d4b-af58-4324-836b-985c463b72fd" testId="4e3c803b-6c98-4615-9682-ce537b126bb0" testName="FormatToStringTest1000 (5978.1197194131655,5978.12 zł)" computerName="DESKTOP-5URQ9PB" duration="00:00:00.0000062" startTime="2022-06-13T21:11:17.5749837+02:00" endTime="2022-06-13T21:11:17.5750467+02:00" testType="13cdc9d9-ddb5-4fa4-a97d-d965ccfc6d4b" outcome="Passed" testListId="8c84fa94-04c1-424b-9868-57a2d4851a1d" relativeResultsDirectory="1c447d4b-af58-4324-836b-985c463b72fd" />
    <UnitTestResult executionId="77f3067d-8d03-4efb-b5f2-fee975e53290" testId="491b22b2-155e-4f0f-b18b-67454524fa62" testName="FormatToStringTest1000 (68698.01923441609,68698.02 zł)" computerName="DESKTOP-5URQ9PB" duration="00:00:00.0000061" startTime="2022-06-13T21:11:17.5725729+02:00" endTime="2022-06-13T21:11:17.5726363+02:00" testType="13cdc9d9-ddb5-4fa4-a97d-d965ccfc6d4b" outcome="Passed" testListId="8c84fa94-04c1-424b-9868-57a2d4851a1d" relativeResultsDirectory="77f3067d-8d03-4efb-b5f2-fee975e53290" />
    <UnitTestResult executionId="974464ac-ddda-4a37-abc6-5636fe26ab9b" testId="18c44266-2258-467d-8a7f-422bd8b30a3a" testName="FormatToStringTest1000 (24695.917440203913,24695.92 zł)" computerName="DESKTOP-5URQ9PB" duration="00:00:00.0000065" startTime="2022-06-13T21:11:17.4504331+02:00" endTime="2022-06-13T21:11:17.4505004+02:00" testType="13cdc9d9-ddb5-4fa4-a97d-d965ccfc6d4b" outcome="Passed" testListId="8c84fa94-04c1-424b-9868-57a2d4851a1d" relativeResultsDirectory="974464ac-ddda-4a37-abc6-5636fe26ab9b" />
    <UnitTestResult executionId="5ce7bf21-8a67-4061-bd11-fdbaa14841fa" testId="0cdac0ae-50b0-4683-bde4-a313e0c589a5" testName="FormatToStringTest1000 (13027.93935961739,13027.94 zł)" computerName="DESKTOP-5URQ9PB" duration="00:00:00.0000062" startTime="2022-06-13T21:11:17.4086352+02:00" endTime="2022-06-13T21:11:17.4087011+02:00" testType="13cdc9d9-ddb5-4fa4-a97d-d965ccfc6d4b" outcome="Passed" testListId="8c84fa94-04c1-424b-9868-57a2d4851a1d" relativeResultsDirectory="5ce7bf21-8a67-4061-bd11-fdbaa14841fa" />
    <UnitTestResult executionId="ca3857d3-b4dc-4e7a-9056-2acb8bfa97c4" testId="b3626754-e5eb-43a1-b923-6b1a0b577dbd" testName="FormatToStringTest1000 (60701.5177499319,60701.52 zł)" computerName="DESKTOP-5URQ9PB" duration="00:00:00.0000065" startTime="2022-06-13T21:11:17.4805447+02:00" endTime="2022-06-13T21:11:17.4806065+02:00" testType="13cdc9d9-ddb5-4fa4-a97d-d965ccfc6d4b" outcome="Passed" testListId="8c84fa94-04c1-424b-9868-57a2d4851a1d" relativeResultsDirectory="ca3857d3-b4dc-4e7a-9056-2acb8bfa97c4" />
    <UnitTestResult executionId="4a1b8260-c526-46a4-9fc7-ee6dcc645046" testId="83765649-ff51-4677-9b72-f2f763f27be4" testName="FormatToStringTest1000 (29796.909338079815,29796.91 zł)" computerName="DESKTOP-5URQ9PB" duration="00:00:00.0000077" startTime="2022-06-13T21:11:17.5841156+02:00" endTime="2022-06-13T21:11:17.5842013+02:00" testType="13cdc9d9-ddb5-4fa4-a97d-d965ccfc6d4b" outcome="Passed" testListId="8c84fa94-04c1-424b-9868-57a2d4851a1d" relativeResultsDirectory="4a1b8260-c526-46a4-9fc7-ee6dcc645046" />
    <UnitTestResult executionId="fca1ad19-e78b-441b-9b7d-113733285cdd" testId="45250914-23d8-49a3-857d-be367ce88255" testName="FormatToStringTest1000 (4614.673205890541,4614.67 zł)" computerName="DESKTOP-5URQ9PB" duration="00:00:00.0000063" startTime="2022-06-13T21:11:17.2758822+02:00" endTime="2022-06-13T21:11:17.2759485+02:00" testType="13cdc9d9-ddb5-4fa4-a97d-d965ccfc6d4b" outcome="Passed" testListId="8c84fa94-04c1-424b-9868-57a2d4851a1d" relativeResultsDirectory="fca1ad19-e78b-441b-9b7d-113733285cdd" />
    <UnitTestResult executionId="16a74338-ad38-4190-be39-a45f0a60193b" testId="68a93283-6302-4c60-8f0a-da1357bcd65f" testName="FormatToStringTest1000 (46803.36433423374,46803.36 zł)" computerName="DESKTOP-5URQ9PB" duration="00:00:00.0000063" startTime="2022-06-13T21:11:17.3397973+02:00" endTime="2022-06-13T21:11:17.3398724+02:00" testType="13cdc9d9-ddb5-4fa4-a97d-d965ccfc6d4b" outcome="Passed" testListId="8c84fa94-04c1-424b-9868-57a2d4851a1d" relativeResultsDirectory="16a74338-ad38-4190-be39-a45f0a60193b" />
    <UnitTestResult executionId="d982c61f-b7ff-411f-a847-142b5e5f23d3" testId="f04abc7c-f6f1-453f-9d03-6557ee9dbbb7" testName="FormatToStringTest1000 (3303.1902076747224,3303.19 zł)" computerName="DESKTOP-5URQ9PB" duration="00:00:00.0000061" startTime="2022-06-13T21:11:17.4087189+02:00" endTime="2022-06-13T21:11:17.4087906+02:00" testType="13cdc9d9-ddb5-4fa4-a97d-d965ccfc6d4b" outcome="Passed" testListId="8c84fa94-04c1-424b-9868-57a2d4851a1d" relativeResultsDirectory="d982c61f-b7ff-411f-a847-142b5e5f23d3" />
    <UnitTestResult executionId="a32faf97-24fe-4398-9e61-5bbafcb4c092" testId="955adf99-9702-4b95-802a-ff1aae9dcbb1" testName="FormatToStringTest1000 (15080.274618567097,15080.27 zł)" computerName="DESKTOP-5URQ9PB" duration="00:00:00.0000079" startTime="2022-06-13T21:11:17.3976169+02:00" endTime="2022-06-13T21:11:17.3977072+02:00" testType="13cdc9d9-ddb5-4fa4-a97d-d965ccfc6d4b" outcome="Passed" testListId="8c84fa94-04c1-424b-9868-57a2d4851a1d" relativeResultsDirectory="a32faf97-24fe-4398-9e61-5bbafcb4c092" />
    <UnitTestResult executionId="5a06f93d-aba3-4d7c-8438-a132ca98c62c" testId="c1551669-4559-4a58-a199-fafdf23e9ce0" testName="FormatToStringTest1000 (11796.576829059317,11796.58 zł)" computerName="DESKTOP-5URQ9PB" duration="00:00:00.0000064" startTime="2022-06-13T21:11:17.5377266+02:00" endTime="2022-06-13T21:11:17.5377968+02:00" testType="13cdc9d9-ddb5-4fa4-a97d-d965ccfc6d4b" outcome="Passed" testListId="8c84fa94-04c1-424b-9868-57a2d4851a1d" relativeResultsDirectory="5a06f93d-aba3-4d7c-8438-a132ca98c62c" />
    <UnitTestResult executionId="078f02c0-723a-4f7b-9750-decc90c1c2b6" testId="7db78deb-2624-43cc-8e2d-c527fa99e341" testName="FormatToStringTest1000 (22189.78731674132,22189.79 zł)" computerName="DESKTOP-5URQ9PB" duration="00:00:00.0000072" startTime="2022-06-13T21:11:17.4474593+02:00" endTime="2022-06-13T21:11:17.4475408+02:00" testType="13cdc9d9-ddb5-4fa4-a97d-d965ccfc6d4b" outcome="Passed" testListId="8c84fa94-04c1-424b-9868-57a2d4851a1d" relativeResultsDirectory="078f02c0-723a-4f7b-9750-decc90c1c2b6" />
    <UnitTestResult executionId="6f1b7340-af8e-4bd2-bdbb-841d907b3c05" testId="5a03c698-0e0f-46ad-a3a5-98405a37e63a" testName="FormatToStringTest1000 (13375.96341587415,13375.96 zł)" computerName="DESKTOP-5URQ9PB" duration="00:00:00.0000062" startTime="2022-06-13T21:11:17.5205821+02:00" endTime="2022-06-13T21:11:17.5206454+02:00" testType="13cdc9d9-ddb5-4fa4-a97d-d965ccfc6d4b" outcome="Passed" testListId="8c84fa94-04c1-424b-9868-57a2d4851a1d" relativeResultsDirectory="6f1b7340-af8e-4bd2-bdbb-841d907b3c05" />
    <UnitTestResult executionId="eda50351-fb99-4953-b2f1-63700d77b1a2" testId="1d6bfe07-3ee7-40ff-ab4e-903195758dfd" testName="FormatToStringTest1000 (10227.532692039169,10227.53 zł)" computerName="DESKTOP-5URQ9PB" duration="00:00:00.0000062" startTime="2022-06-13T21:11:17.2943042+02:00" endTime="2022-06-13T21:11:17.2943705+02:00" testType="13cdc9d9-ddb5-4fa4-a97d-d965ccfc6d4b" outcome="Passed" testListId="8c84fa94-04c1-424b-9868-57a2d4851a1d" relativeResultsDirectory="eda50351-fb99-4953-b2f1-63700d77b1a2" />
    <UnitTestResult executionId="f45fc702-ca9f-4de2-ab17-c55377202149" testId="6ca2c20f-ca4b-4057-a457-e0ef02735b82" testName="FormatToStringTest1000 (20643.69044446465,20643.69 zł)" computerName="DESKTOP-5URQ9PB" duration="00:00:00.0000061" startTime="2022-06-13T21:11:17.5019664+02:00" endTime="2022-06-13T21:11:17.5020300+02:00" testType="13cdc9d9-ddb5-4fa4-a97d-d965ccfc6d4b" outcome="Passed" testListId="8c84fa94-04c1-424b-9868-57a2d4851a1d" relativeResultsDirectory="f45fc702-ca9f-4de2-ab17-c55377202149" />
    <UnitTestResult executionId="0851d76e-6ed8-45f6-9202-38dd0e2efbe8" testId="7bb4d94d-10ac-4d9c-a841-35e392d70afe" testName="FormatToStringTest1000 (74851.91547305691,74851.92 zł)" computerName="DESKTOP-5URQ9PB" duration="00:00:00.0000061" startTime="2022-06-13T21:11:17.5528612+02:00" endTime="2022-06-13T21:11:17.5529240+02:00" testType="13cdc9d9-ddb5-4fa4-a97d-d965ccfc6d4b" outcome="Passed" testListId="8c84fa94-04c1-424b-9868-57a2d4851a1d" relativeResultsDirectory="0851d76e-6ed8-45f6-9202-38dd0e2efbe8" />
    <UnitTestResult executionId="76016198-8fce-4342-9309-6a10576f0445" testId="24485178-1939-40b7-9e74-efceffcc444e" testName="FormatToStringTest1000 (36969.98585167247,36969.99 zł)" computerName="DESKTOP-5URQ9PB" duration="00:00:00.0000061" startTime="2022-06-13T21:11:17.3035894+02:00" endTime="2022-06-13T21:11:17.3036554+02:00" testType="13cdc9d9-ddb5-4fa4-a97d-d965ccfc6d4b" outcome="Passed" testListId="8c84fa94-04c1-424b-9868-57a2d4851a1d" relativeResultsDirectory="76016198-8fce-4342-9309-6a10576f0445" />
    <UnitTestResult executionId="9d1b04bb-098c-486c-bd62-5bc34f86db98" testId="7130d812-d37e-40fc-a459-f4fa6a694a32" testName="FormatToStringTest1000 (5961.755129208674,5961.76 zł)" computerName="DESKTOP-5URQ9PB" duration="00:00:00.0000063" startTime="2022-06-13T21:11:17.3728654+02:00" endTime="2022-06-13T21:11:17.3729358+02:00" testType="13cdc9d9-ddb5-4fa4-a97d-d965ccfc6d4b" outcome="Passed" testListId="8c84fa94-04c1-424b-9868-57a2d4851a1d" relativeResultsDirectory="9d1b04bb-098c-486c-bd62-5bc34f86db98" />
    <UnitTestResult executionId="a94120e6-6f9f-49b1-bec4-fce577b54d1a" testId="e5517151-488b-4bfd-b154-7c23aa6787f2" testName="FormatToStringTest1000 (95071.15957335343,95071.16 zł)" computerName="DESKTOP-5URQ9PB" duration="00:00:00.0000141" startTime="2022-06-13T21:11:17.4829850+02:00" endTime="2022-06-13T21:11:17.4831396+02:00" testType="13cdc9d9-ddb5-4fa4-a97d-d965ccfc6d4b" outcome="Passed" testListId="8c84fa94-04c1-424b-9868-57a2d4851a1d" relativeResultsDirectory="a94120e6-6f9f-49b1-bec4-fce577b54d1a" />
    <UnitTestResult executionId="4e550853-927f-41d4-8ed9-4b9d3683a830" testId="095909bb-7b94-4397-a81e-62326e417519" testName="FormatToStringTest1000 (47575.6421269959,47575.64 zł)" computerName="DESKTOP-5URQ9PB" duration="00:00:00.0000062" startTime="2022-06-13T21:11:17.4866032+02:00" endTime="2022-06-13T21:11:17.4866659+02:00" testType="13cdc9d9-ddb5-4fa4-a97d-d965ccfc6d4b" outcome="Passed" testListId="8c84fa94-04c1-424b-9868-57a2d4851a1d" relativeResultsDirectory="4e550853-927f-41d4-8ed9-4b9d3683a830" />
    <UnitTestResult executionId="bdb8d92e-c78a-4947-84fb-8c0cf0249d05" testId="a8de1a07-250c-4a9c-bb1d-0edbde57fde9" testName="FormatToStringTest1000 (19463.08761954917,19463.09 zł)" computerName="DESKTOP-5URQ9PB" duration="00:00:00.0000278" startTime="2022-06-13T21:11:17.4399916+02:00" endTime="2022-06-13T21:11:17.4401676+02:00" testType="13cdc9d9-ddb5-4fa4-a97d-d965ccfc6d4b" outcome="Passed" testListId="8c84fa94-04c1-424b-9868-57a2d4851a1d" relativeResultsDirectory="bdb8d92e-c78a-4947-84fb-8c0cf0249d05" />
    <UnitTestResult executionId="e40f52ea-f272-4540-896c-f0dbbbee211e" testId="f2934ee3-1b06-4768-b2de-7c7957fb77e0" testName="FormatToStringTest1000 (85407.13428016152,85407.13 zł)" computerName="DESKTOP-5URQ9PB" duration="00:00:00.0000063" startTime="2022-06-13T21:11:17.5930514+02:00" endTime="2022-06-13T21:11:17.5931154+02:00" testType="13cdc9d9-ddb5-4fa4-a97d-d965ccfc6d4b" outcome="Passed" testListId="8c84fa94-04c1-424b-9868-57a2d4851a1d" relativeResultsDirectory="e40f52ea-f272-4540-896c-f0dbbbee211e" />
    <UnitTestResult executionId="0d2a0613-8f9e-4add-b1ee-5b7cc5e91b10" testId="75de7ea6-51e8-48f8-a300-46f77b15ff7e" testName="FormatToStringTest1000 (21281.64584727662,21281.65 zł)" computerName="DESKTOP-5URQ9PB" duration="00:00:00.0000070" startTime="2022-06-13T21:11:17.3167957+02:00" endTime="2022-06-13T21:11:17.3168749+02:00" testType="13cdc9d9-ddb5-4fa4-a97d-d965ccfc6d4b" outcome="Passed" testListId="8c84fa94-04c1-424b-9868-57a2d4851a1d" relativeResultsDirectory="0d2a0613-8f9e-4add-b1ee-5b7cc5e91b10" />
    <UnitTestResult executionId="6e3aaaab-d00c-46ce-bd59-a7239d53565f" testId="100c4c4d-13a0-4fd7-b95f-243a62b208a8" testName="FormatToStringTest1000 (4002.4180488374172,4002.42 zł)" computerName="DESKTOP-5URQ9PB" duration="00:00:00.0000069" startTime="2022-06-13T21:11:17.5555755+02:00" endTime="2022-06-13T21:11:17.5556395+02:00" testType="13cdc9d9-ddb5-4fa4-a97d-d965ccfc6d4b" outcome="Passed" testListId="8c84fa94-04c1-424b-9868-57a2d4851a1d" relativeResultsDirectory="6e3aaaab-d00c-46ce-bd59-a7239d53565f" />
    <UnitTestResult executionId="9d135e50-46d6-4866-a1f4-4c498f319a43" testId="24795ced-15e9-48c7-873d-ea5e66e0bd24" testName="FormatToStringTest1000 (22248.263319677797,22248.26 zł)" computerName="DESKTOP-5URQ9PB" duration="00:00:00.0000063" startTime="2022-06-13T21:11:17.3979216+02:00" endTime="2022-06-13T21:11:17.3980053+02:00" testType="13cdc9d9-ddb5-4fa4-a97d-d965ccfc6d4b" outcome="Passed" testListId="8c84fa94-04c1-424b-9868-57a2d4851a1d" relativeResultsDirectory="9d135e50-46d6-4866-a1f4-4c498f319a43" />
    <UnitTestResult executionId="fe903958-cbae-464d-9f1e-a3dd66bcadbc" testId="dca58b62-1d4f-43bd-b542-05fb6fa5923b" testName="FormatToStringTest1000 (14719.97001409762,14719.97 zł)" computerName="DESKTOP-5URQ9PB" duration="00:00:00.0000062" startTime="2022-06-13T21:11:17.3004854+02:00" endTime="2022-06-13T21:11:17.3005514+02:00" testType="13cdc9d9-ddb5-4fa4-a97d-d965ccfc6d4b" outcome="Passed" testListId="8c84fa94-04c1-424b-9868-57a2d4851a1d" relativeResultsDirectory="fe903958-cbae-464d-9f1e-a3dd66bcadbc" />
    <UnitTestResult executionId="ea54826b-a40a-4d74-94f9-673868e245a3" testId="78802542-dc98-48f3-9584-4763a2c95a5e" testName="FormatToStringTest1000 (6710.131197082871,6710.13 zł)" computerName="DESKTOP-5URQ9PB" duration="00:00:00.0000067" startTime="2022-06-13T21:11:17.5668922+02:00" endTime="2022-06-13T21:11:17.5669561+02:00" testType="13cdc9d9-ddb5-4fa4-a97d-d965ccfc6d4b" outcome="Passed" testListId="8c84fa94-04c1-424b-9868-57a2d4851a1d" relativeResultsDirectory="ea54826b-a40a-4d74-94f9-673868e245a3" />
    <UnitTestResult executionId="9c3d820a-1eef-46ea-ad01-706e42c34208" testId="5ae9d011-26fc-4e77-81a5-b2f18352ae51" testName="FormatToStringTest1000 (10775.728533390784,10775.73 zł)" computerName="DESKTOP-5URQ9PB" duration="00:00:00.0000065" startTime="2022-06-13T21:11:17.4051096+02:00" endTime="2022-06-13T21:11:17.4051774+02:00" testType="13cdc9d9-ddb5-4fa4-a97d-d965ccfc6d4b" outcome="Passed" testListId="8c84fa94-04c1-424b-9868-57a2d4851a1d" relativeResultsDirectory="9c3d820a-1eef-46ea-ad01-706e42c34208" />
    <UnitTestResult executionId="be327e11-5581-4846-9928-13d3102530a6" testId="b3ca5078-a51d-4d15-a2a9-036ef3603e32" testName="FormatToStringTest1000 (28068.20530246394,28068.21 zł)" computerName="DESKTOP-5URQ9PB" duration="00:00:00.0000063" startTime="2022-06-13T21:11:17.3888581+02:00" endTime="2022-06-13T21:11:17.3889256+02:00" testType="13cdc9d9-ddb5-4fa4-a97d-d965ccfc6d4b" outcome="Passed" testListId="8c84fa94-04c1-424b-9868-57a2d4851a1d" relativeResultsDirectory="be327e11-5581-4846-9928-13d3102530a6" />
    <UnitTestResult executionId="4c5422d3-3c65-487f-81c0-a15e144fe39c" testId="5bef9b78-8b4b-41e3-9d32-e4c809d7a0d1" testName="FormatToStringTest1000 (6654.099431086378,6654.10 zł)" computerName="DESKTOP-5URQ9PB" duration="00:00:00.0000063" startTime="2022-06-13T21:11:17.3597439+02:00" endTime="2022-06-13T21:11:17.3598112+02:00" testType="13cdc9d9-ddb5-4fa4-a97d-d965ccfc6d4b" outcome="Passed" testListId="8c84fa94-04c1-424b-9868-57a2d4851a1d" relativeResultsDirectory="4c5422d3-3c65-487f-81c0-a15e144fe39c" />
    <UnitTestResult executionId="0cf76969-4e3e-428b-b780-6f9c52dfb529" testId="9effacf0-045a-46de-8cf4-8ef04f68d331" testName="FormatToStringTest1000 (13455.521105358153,13455.52 zł)" computerName="DESKTOP-5URQ9PB" duration="00:00:00.0000074" startTime="2022-06-13T21:11:17.5297101+02:00" endTime="2022-06-13T21:11:17.5297921+02:00" testType="13cdc9d9-ddb5-4fa4-a97d-d965ccfc6d4b" outcome="Passed" testListId="8c84fa94-04c1-424b-9868-57a2d4851a1d" relativeResultsDirectory="0cf76969-4e3e-428b-b780-6f9c52dfb529" />
    <UnitTestResult executionId="469d7fae-e053-4b6b-b875-f3f4c85ad19c" testId="1a25f067-8ddb-4cee-aa8f-710693a81304" testName="FormatToStringTest1000 (34096.337879508894,34096.34 zł)" computerName="DESKTOP-5URQ9PB" duration="00:00:00.0000062" startTime="2022-06-13T21:11:17.2484625+02:00" endTime="2022-06-13T21:11:17.2485338+02:00" testType="13cdc9d9-ddb5-4fa4-a97d-d965ccfc6d4b" outcome="Passed" testListId="8c84fa94-04c1-424b-9868-57a2d4851a1d" relativeResultsDirectory="469d7fae-e053-4b6b-b875-f3f4c85ad19c" />
    <UnitTestResult executionId="853b61dc-d0cd-4d5e-8fa3-5e9577f47b94" testId="d4945029-89b8-44e9-9325-da70d8383afa" testName="FormatToStringTest1000 (57809.74722876295,57809.75 zł)" computerName="DESKTOP-5URQ9PB" duration="00:00:00.0000064" startTime="2022-06-13T21:11:17.4113042+02:00" endTime="2022-06-13T21:11:17.4113719+02:00" testType="13cdc9d9-ddb5-4fa4-a97d-d965ccfc6d4b" outcome="Passed" testListId="8c84fa94-04c1-424b-9868-57a2d4851a1d" relativeResultsDirectory="853b61dc-d0cd-4d5e-8fa3-5e9577f47b94" />
    <UnitTestResult executionId="5283b804-6aab-4ffa-9086-b9d191d8e18c" testId="ead7efb8-6a56-4976-9457-b8d453f79ae4" testName="FormatToStringTest1000 (66945.02904917022,66945.03 zł)" computerName="DESKTOP-5URQ9PB" duration="00:00:00.0000061" startTime="2022-06-13T21:11:17.5464968+02:00" endTime="2022-06-13T21:11:17.5465607+02:00" testType="13cdc9d9-ddb5-4fa4-a97d-d965ccfc6d4b" outcome="Passed" testListId="8c84fa94-04c1-424b-9868-57a2d4851a1d" relativeResultsDirectory="5283b804-6aab-4ffa-9086-b9d191d8e18c" />
    <UnitTestResult executionId="7687102c-583a-4de1-a79e-605eafe7edb6" testId="de43835a-f147-4ad2-be46-5f3c14ddaa09" testName="FormatToStringTest1000 (6550.421588937948,6550.42 zł)" computerName="DESKTOP-5URQ9PB" duration="00:00:00.0000062" startTime="2022-06-13T21:11:17.5354153+02:00" endTime="2022-06-13T21:11:17.5354790+02:00" testType="13cdc9d9-ddb5-4fa4-a97d-d965ccfc6d4b" outcome="Passed" testListId="8c84fa94-04c1-424b-9868-57a2d4851a1d" relativeResultsDirectory="7687102c-583a-4de1-a79e-605eafe7edb6" />
    <UnitTestResult executionId="312a04b7-a121-41f1-9b65-7d13a7d1f569" testId="63ff8fd8-b6f8-49e2-a4b5-2cb11c900749" testName="FormatToStringTest1000 (61633.2671179945,61633.27 zł)" computerName="DESKTOP-5URQ9PB" duration="00:00:00.0000070" startTime="2022-06-13T21:11:17.3883342+02:00" endTime="2022-06-13T21:11:17.3884005+02:00" testType="13cdc9d9-ddb5-4fa4-a97d-d965ccfc6d4b" outcome="Passed" testListId="8c84fa94-04c1-424b-9868-57a2d4851a1d" relativeResultsDirectory="312a04b7-a121-41f1-9b65-7d13a7d1f569" />
    <UnitTestResult executionId="d933a6dc-2130-4e4b-a5c1-3170835b3697" testId="548c4898-85ac-4343-b9d5-85cf03c53e88" testName="FormatToStringTest1000 (801.5720517614726,801.57 zł)" computerName="DESKTOP-5URQ9PB" duration="00:00:00.0000070" startTime="2022-06-13T21:11:17.3790489+02:00" endTime="2022-06-13T21:11:17.3791274+02:00" testType="13cdc9d9-ddb5-4fa4-a97d-d965ccfc6d4b" outcome="Passed" testListId="8c84fa94-04c1-424b-9868-57a2d4851a1d" relativeResultsDirectory="d933a6dc-2130-4e4b-a5c1-3170835b3697" />
    <UnitTestResult executionId="906fb39e-39a1-4162-8cf3-142debd5d6b9" testId="197542c8-a1d8-4893-bb97-e790efb3e721" testName="FormatToStringTest1000 (28306.369434126827,28306.37 zł)" computerName="DESKTOP-5URQ9PB" duration="00:00:00.0000063" startTime="2022-06-13T21:11:17.5691633+02:00" endTime="2022-06-13T21:11:17.5692284+02:00" testType="13cdc9d9-ddb5-4fa4-a97d-d965ccfc6d4b" outcome="Passed" testListId="8c84fa94-04c1-424b-9868-57a2d4851a1d" relativeResultsDirectory="906fb39e-39a1-4162-8cf3-142debd5d6b9" />
    <UnitTestResult executionId="bf25d982-2916-4205-b33d-581d0ad764fc" testId="f1468558-2bd2-4ce6-a1e9-b200ed10c524" testName="FormatToStringTest1000 (9661.966055578536,9661.97 zł)" computerName="DESKTOP-5URQ9PB" duration="00:00:00.0000063" startTime="2022-06-13T21:11:17.3654658+02:00" endTime="2022-06-13T21:11:17.3655337+02:00" testType="13cdc9d9-ddb5-4fa4-a97d-d965ccfc6d4b" outcome="Passed" testListId="8c84fa94-04c1-424b-9868-57a2d4851a1d" relativeResultsDirectory="bf25d982-2916-4205-b33d-581d0ad764fc" />
    <UnitTestResult executionId="ff93c07b-0420-4de4-83c7-899e3a7669b0" testId="3ece008b-24cb-48c2-82cd-2012660fcfca" testName="FormatToStringTest1000 (67338.80028760935,67338.80 zł)" computerName="DESKTOP-5URQ9PB" duration="00:00:00.0000065" startTime="2022-06-13T21:11:17.2416509+02:00" endTime="2022-06-13T21:11:17.2417197+02:00" testType="13cdc9d9-ddb5-4fa4-a97d-d965ccfc6d4b" outcome="Passed" testListId="8c84fa94-04c1-424b-9868-57a2d4851a1d" relativeResultsDirectory="ff93c07b-0420-4de4-83c7-899e3a7669b0" />
    <UnitTestResult executionId="6a8511ed-8f4d-4ce3-9397-8904c9272667" testId="0dda5ce2-51b7-43a4-ab8a-ef661bc6835c" testName="FormatToStringTest1000 (4094.6752323977066,4094.68 zł)" computerName="DESKTOP-5URQ9PB" duration="00:00:00.0000061" startTime="2022-06-13T21:11:17.5929703+02:00" endTime="2022-06-13T21:11:17.5930338+02:00" testType="13cdc9d9-ddb5-4fa4-a97d-d965ccfc6d4b" outcome="Passed" testListId="8c84fa94-04c1-424b-9868-57a2d4851a1d" relativeResultsDirectory="6a8511ed-8f4d-4ce3-9397-8904c9272667" />
    <UnitTestResult executionId="47f0c1b5-5798-4527-ac05-d3f3ef3179c8" testId="bcd00baa-fd93-4376-800c-76083680ef28" testName="FormatToStringTest1000 (823.2747994560166,823.27 zł)" computerName="DESKTOP-5URQ9PB" duration="00:00:00.0000062" startTime="2022-06-13T21:11:17.5200948+02:00" endTime="2022-06-13T21:11:17.5201605+02:00" testType="13cdc9d9-ddb5-4fa4-a97d-d965ccfc6d4b" outcome="Passed" testListId="8c84fa94-04c1-424b-9868-57a2d4851a1d" relativeResultsDirectory="47f0c1b5-5798-4527-ac05-d3f3ef3179c8" />
    <UnitTestResult executionId="3e12649d-0bcb-4be2-b549-9f6e5c06ebcc" testId="5e3ca975-10ad-49b9-a669-7a54bfd2d1ce" testName="FormatToStringTest1000 (9517.514896326473,9517.51 zł)" computerName="DESKTOP-5URQ9PB" duration="00:00:00.0000062" startTime="2022-06-13T21:11:17.4686101+02:00" endTime="2022-06-13T21:11:17.4686797+02:00" testType="13cdc9d9-ddb5-4fa4-a97d-d965ccfc6d4b" outcome="Passed" testListId="8c84fa94-04c1-424b-9868-57a2d4851a1d" relativeResultsDirectory="3e12649d-0bcb-4be2-b549-9f6e5c06ebcc" />
    <UnitTestResult executionId="2c3d012d-ad63-4cf7-9e19-9c32a1b04de7" testId="0125eb3f-7f9f-4508-8a73-7a42b75591fe" testName="FormatToStringTest1000 (18032.4720825476,18032.47 zł)" computerName="DESKTOP-5URQ9PB" duration="00:00:00.0000063" startTime="2022-06-13T21:11:17.5667269+02:00" endTime="2022-06-13T21:11:17.5667945+02:00" testType="13cdc9d9-ddb5-4fa4-a97d-d965ccfc6d4b" outcome="Passed" testListId="8c84fa94-04c1-424b-9868-57a2d4851a1d" relativeResultsDirectory="2c3d012d-ad63-4cf7-9e19-9c32a1b04de7" />
    <UnitTestResult executionId="fa02255d-8604-4fce-a984-9422847c3839" testId="0eeadf74-d03b-4b6d-a0ca-df9468af3fde" testName="FormatToStringTest1000 (30199.386730006612,30199.39 zł)" computerName="DESKTOP-5URQ9PB" duration="00:00:00.0000061" startTime="2022-06-13T21:11:17.5553326+02:00" endTime="2022-06-13T21:11:17.5553965+02:00" testType="13cdc9d9-ddb5-4fa4-a97d-d965ccfc6d4b" outcome="Passed" testListId="8c84fa94-04c1-424b-9868-57a2d4851a1d" relativeResultsDirectory="fa02255d-8604-4fce-a984-9422847c3839" />
    <UnitTestResult executionId="bbf5bef7-aaf6-4cc1-b999-759eff53b1e5" testId="ade58f95-6a2a-4e68-8fe5-dab5ae03e183" testName="FormatToStringTest1000 (46391.661094229516,46391.66 zł)" computerName="DESKTOP-5URQ9PB" duration="00:00:00.0000060" startTime="2022-06-13T21:11:17.5327667+02:00" endTime="2022-06-13T21:11:17.5328299+02:00" testType="13cdc9d9-ddb5-4fa4-a97d-d965ccfc6d4b" outcome="Passed" testListId="8c84fa94-04c1-424b-9868-57a2d4851a1d" relativeResultsDirectory="bbf5bef7-aaf6-4cc1-b999-759eff53b1e5" />
    <UnitTestResult executionId="1a1449fa-2a60-4d91-baa9-269efda5ff7f" testId="a8326a51-849e-42a0-af51-6f487fc28585" testName="FormatToStringTest1000 (20244.692955315437,20244.69 zł)" computerName="DESKTOP-5URQ9PB" duration="00:00:00.0000061" startTime="2022-06-13T21:11:17.2517979+02:00" endTime="2022-06-13T21:11:17.2518656+02:00" testType="13cdc9d9-ddb5-4fa4-a97d-d965ccfc6d4b" outcome="Passed" testListId="8c84fa94-04c1-424b-9868-57a2d4851a1d" relativeResultsDirectory="1a1449fa-2a60-4d91-baa9-269efda5ff7f" />
    <UnitTestResult executionId="47fc50b9-7937-450f-91cd-71884aa237af" testId="c06d9974-ac99-4556-819a-1edfeed78528" testName="FormatToStringTest1000 (81326.3340147521,81326.33 zł)" computerName="DESKTOP-5URQ9PB" duration="00:00:00.0000063" startTime="2022-06-13T21:11:17.5409570+02:00" endTime="2022-06-13T21:11:17.5410188+02:00" testType="13cdc9d9-ddb5-4fa4-a97d-d965ccfc6d4b" outcome="Passed" testListId="8c84fa94-04c1-424b-9868-57a2d4851a1d" relativeResultsDirectory="47fc50b9-7937-450f-91cd-71884aa237af" />
    <UnitTestResult executionId="7cdc6162-484c-4e70-9444-b731a2d2cf22" testId="6ae68aa8-c765-4a57-9209-01ba5e7bb5b4" testName="FormatToStringTest1000 (37889.10086727193,37889.10 zł)" computerName="DESKTOP-5URQ9PB" duration="00:00:00.0000064" startTime="2022-06-13T21:11:17.2694431+02:00" endTime="2022-06-13T21:11:17.2695157+02:00" testType="13cdc9d9-ddb5-4fa4-a97d-d965ccfc6d4b" outcome="Passed" testListId="8c84fa94-04c1-424b-9868-57a2d4851a1d" relativeResultsDirectory="7cdc6162-484c-4e70-9444-b731a2d2cf22" />
    <UnitTestResult executionId="199f564c-e70e-490e-a28b-a6c133cf9441" testId="b7d13cc9-8aa9-4ad2-a5bc-aa396b005b36" testName="FormatToStringTest1000 (42383.08993972982,42383.09 zł)" computerName="DESKTOP-5URQ9PB" duration="00:00:00.0000063" startTime="2022-06-13T21:11:17.4478998+02:00" endTime="2022-06-13T21:11:17.4479646+02:00" testType="13cdc9d9-ddb5-4fa4-a97d-d965ccfc6d4b" outcome="Passed" testListId="8c84fa94-04c1-424b-9868-57a2d4851a1d" relativeResultsDirectory="199f564c-e70e-490e-a28b-a6c133cf9441" />
    <UnitTestResult executionId="b9caf3cd-53e5-4f89-b3f9-f33289766d8b" testId="6d5b8947-c788-4ac1-b9a3-3c1ad0bc3ac4" testName="FormatToStringTest1000 (50339.31259969497,50339.31 zł)" computerName="DESKTOP-5URQ9PB" duration="00:00:00.0000064" startTime="2022-06-13T21:11:17.2578564+02:00" endTime="2022-06-13T21:11:17.2579321+02:00" testType="13cdc9d9-ddb5-4fa4-a97d-d965ccfc6d4b" outcome="Passed" testListId="8c84fa94-04c1-424b-9868-57a2d4851a1d" relativeResultsDirectory="b9caf3cd-53e5-4f89-b3f9-f33289766d8b" />
    <UnitTestResult executionId="691276a1-778b-4ce9-8ab0-42533293bab6" testId="ed0012cf-193e-475c-bf2d-b93d36f6604c" testName="FormatToStringTest1000 (20249.56614074277,20249.57 zł)" computerName="DESKTOP-5URQ9PB" duration="00:00:00.0000063" startTime="2022-06-13T21:11:17.2854646+02:00" endTime="2022-06-13T21:11:17.2855322+02:00" testType="13cdc9d9-ddb5-4fa4-a97d-d965ccfc6d4b" outcome="Passed" testListId="8c84fa94-04c1-424b-9868-57a2d4851a1d" relativeResultsDirectory="691276a1-778b-4ce9-8ab0-42533293bab6" />
    <UnitTestResult executionId="96527caa-d526-47b8-9375-d9484a790336" testId="a6b938e1-50a8-4ee6-81e9-05c753ab94c6" testName="FormatToStringTest1000 (1614.2516601789982,1614.25 zł)" computerName="DESKTOP-5URQ9PB" duration="00:00:00.0000063" startTime="2022-06-13T21:11:17.2452375+02:00" endTime="2022-06-13T21:11:17.2453047+02:00" testType="13cdc9d9-ddb5-4fa4-a97d-d965ccfc6d4b" outcome="Passed" testListId="8c84fa94-04c1-424b-9868-57a2d4851a1d" relativeResultsDirectory="96527caa-d526-47b8-9375-d9484a790336" />
    <UnitTestResult executionId="66896323-d4c7-4562-a3ec-7f962613f587" testId="a6eab959-dc91-4aac-b58a-efe64d36c50c" testName="FormatToStringTest1000 (4116.417580192638,4116.42 zł)" computerName="DESKTOP-5URQ9PB" duration="00:00:00.0000062" startTime="2022-06-13T21:11:17.4173990+02:00" endTime="2022-06-13T21:11:17.4174665+02:00" testType="13cdc9d9-ddb5-4fa4-a97d-d965ccfc6d4b" outcome="Passed" testListId="8c84fa94-04c1-424b-9868-57a2d4851a1d" relativeResultsDirectory="66896323-d4c7-4562-a3ec-7f962613f587" />
    <UnitTestResult executionId="01b5c978-2b2a-4d09-8157-7722eacca2fd" testId="8ab0e678-c56f-4552-9f8a-19b6b88ffbe2" testName="FormatToStringTest1000 (6544.213759255695,6544.21 zł)" computerName="DESKTOP-5URQ9PB" duration="00:00:00.0000078" startTime="2022-06-13T21:11:17.5458151+02:00" endTime="2022-06-13T21:11:17.5459058+02:00" testType="13cdc9d9-ddb5-4fa4-a97d-d965ccfc6d4b" outcome="Passed" testListId="8c84fa94-04c1-424b-9868-57a2d4851a1d" relativeResultsDirectory="01b5c978-2b2a-4d09-8157-7722eacca2fd" />
    <UnitTestResult executionId="66064440-f99e-41e8-b9a9-4819104d105d" testId="128a6033-459d-4501-a28f-5a83c1a6e5d7" testName="FormatToStringTest1000 (28033.439084134738,28033.44 zł)" computerName="DESKTOP-5URQ9PB" duration="00:00:00.0000062" startTime="2022-06-13T21:11:17.4148713+02:00" endTime="2022-06-13T21:11:17.4149370+02:00" testType="13cdc9d9-ddb5-4fa4-a97d-d965ccfc6d4b" outcome="Passed" testListId="8c84fa94-04c1-424b-9868-57a2d4851a1d" relativeResultsDirectory="66064440-f99e-41e8-b9a9-4819104d105d" />
    <UnitTestResult executionId="5e377d82-e5c6-4180-9811-5b54e7023f1f" testId="9e57343a-39a2-4e99-a978-b39e7031e83b" testName="FormatToStringTest1000 (16901.497392274203,16901.50 zł)" computerName="DESKTOP-5URQ9PB" duration="00:00:00.0000063" startTime="2022-06-13T21:11:17.4656990+02:00" endTime="2022-06-13T21:11:17.4657813+02:00" testType="13cdc9d9-ddb5-4fa4-a97d-d965ccfc6d4b" outcome="Passed" testListId="8c84fa94-04c1-424b-9868-57a2d4851a1d" relativeResultsDirectory="5e377d82-e5c6-4180-9811-5b54e7023f1f" />
    <UnitTestResult executionId="93b0cc87-a997-4694-af4c-f0987b967054" testId="c827d476-6d5f-4a4d-ab49-12fc71bd6686" testName="FormatToStringTest1000 (25882.451101077,25882.45 zł)" computerName="DESKTOP-5URQ9PB" duration="00:00:00.0000349" startTime="2022-06-13T21:11:17.4385481+02:00" endTime="2022-06-13T21:11:17.4387977+02:00" testType="13cdc9d9-ddb5-4fa4-a97d-d965ccfc6d4b" outcome="Passed" testListId="8c84fa94-04c1-424b-9868-57a2d4851a1d" relativeResultsDirectory="93b0cc87-a997-4694-af4c-f0987b967054" />
    <UnitTestResult executionId="84c271b5-bc7f-4545-bc5d-a9885806b403" testId="3ac0c1e0-1611-45a5-88c8-af96269632d2" testName="FormatToStringTest1000 (32359.431438434138,32359.43 zł)" computerName="DESKTOP-5URQ9PB" duration="00:00:00.0000062" startTime="2022-06-13T21:11:17.5270558+02:00" endTime="2022-06-13T21:11:17.5271194+02:00" testType="13cdc9d9-ddb5-4fa4-a97d-d965ccfc6d4b" outcome="Passed" testListId="8c84fa94-04c1-424b-9868-57a2d4851a1d" relativeResultsDirectory="84c271b5-bc7f-4545-bc5d-a9885806b403" />
    <UnitTestResult executionId="04306f25-70bc-4996-babc-ec9782463c01" testId="dc08a8af-4929-45c1-b5c1-ed229115e12e" testName="FormatToStringTest1000 (45070.5442499493,45070.54 zł)" computerName="DESKTOP-5URQ9PB" duration="00:00:00.0000085" startTime="2022-06-13T21:11:17.5166160+02:00" endTime="2022-06-13T21:11:17.5167069+02:00" testType="13cdc9d9-ddb5-4fa4-a97d-d965ccfc6d4b" outcome="Passed" testListId="8c84fa94-04c1-424b-9868-57a2d4851a1d" relativeResultsDirectory="04306f25-70bc-4996-babc-ec9782463c01" />
    <UnitTestResult executionId="c3ea51f8-9d8c-475b-bf3a-cb276d26be61" testId="bba01dbe-5aef-4efb-8990-7aa27c3c56ad" testName="FormatToStringTest1000 (9765.54450809748,9765.54 zł)" computerName="DESKTOP-5URQ9PB" duration="00:00:00.0000063" startTime="2022-06-13T21:11:17.3101377+02:00" endTime="2022-06-13T21:11:17.3102024+02:00" testType="13cdc9d9-ddb5-4fa4-a97d-d965ccfc6d4b" outcome="Passed" testListId="8c84fa94-04c1-424b-9868-57a2d4851a1d" relativeResultsDirectory="c3ea51f8-9d8c-475b-bf3a-cb276d26be61" />
    <UnitTestResult executionId="ec2bf83d-53b2-404e-8e7b-524adb68c4c6" testId="c76b9d10-1a1d-4b82-af23-1a802b4cd81e" testName="FormatToStringTest1000 (19462.729986486367,19462.73 zł)" computerName="DESKTOP-5URQ9PB" duration="00:00:00.0000138" startTime="2022-06-13T21:11:17.4890034+02:00" endTime="2022-06-13T21:11:17.4891853+02:00" testType="13cdc9d9-ddb5-4fa4-a97d-d965ccfc6d4b" outcome="Passed" testListId="8c84fa94-04c1-424b-9868-57a2d4851a1d" relativeResultsDirectory="ec2bf83d-53b2-404e-8e7b-524adb68c4c6" />
    <UnitTestResult executionId="c5cec9c1-c45a-41c4-9c2f-a18ffaea1379" testId="5dfa081f-5920-4016-9da2-22acdfc2e35e" testName="FormatToStringTest1000 (1130.8119115372242,1130.81 zł)" computerName="DESKTOP-5URQ9PB" duration="00:00:00.0000061" startTime="2022-06-13T21:11:17.5818909+02:00" endTime="2022-06-13T21:11:17.5819543+02:00" testType="13cdc9d9-ddb5-4fa4-a97d-d965ccfc6d4b" outcome="Passed" testListId="8c84fa94-04c1-424b-9868-57a2d4851a1d" relativeResultsDirectory="c5cec9c1-c45a-41c4-9c2f-a18ffaea1379" />
    <UnitTestResult executionId="eda49034-5382-450c-a8ae-1ab57c8ef513" testId="660b9b62-0d2c-429a-b94b-900e3b484d05" testName="FormatToStringTest1000 (12308.022158465357,12308.02 zł)" computerName="DESKTOP-5URQ9PB" duration="00:00:00.0000063" startTime="2022-06-13T21:11:17.3764857+02:00" endTime="2022-06-13T21:11:17.3765521+02:00" testType="13cdc9d9-ddb5-4fa4-a97d-d965ccfc6d4b" outcome="Passed" testListId="8c84fa94-04c1-424b-9868-57a2d4851a1d" relativeResultsDirectory="eda49034-5382-450c-a8ae-1ab57c8ef513" />
    <UnitTestResult executionId="97023cf0-8819-402d-8909-a69b38e3d690" testId="824bf9d7-1b49-4806-ba6b-703d54db9efc" testName="FormatToStringTest1000 (181.3640542483721,181.36 zł)" computerName="DESKTOP-5URQ9PB" duration="00:00:00.0000061" startTime="2022-06-13T21:11:17.5325210+02:00" endTime="2022-06-13T21:11:17.5325842+02:00" testType="13cdc9d9-ddb5-4fa4-a97d-d965ccfc6d4b" outcome="Passed" testListId="8c84fa94-04c1-424b-9868-57a2d4851a1d" relativeResultsDirectory="97023cf0-8819-402d-8909-a69b38e3d690" />
    <UnitTestResult executionId="34de3c83-3f3b-4a22-aa7a-21c33097c8b7" testId="75008e1b-e655-4450-9aa8-e60afbc84cdf" testName="FormatToStringTest1000 (73301.91270130403,73301.91 zł)" computerName="DESKTOP-5URQ9PB" duration="00:00:00.0000062" startTime="2022-06-13T21:11:17.5296291+02:00" endTime="2022-06-13T21:11:17.5296930+02:00" testType="13cdc9d9-ddb5-4fa4-a97d-d965ccfc6d4b" outcome="Passed" testListId="8c84fa94-04c1-424b-9868-57a2d4851a1d" relativeResultsDirectory="34de3c83-3f3b-4a22-aa7a-21c33097c8b7" />
    <UnitTestResult executionId="60ca8e68-ee06-495b-8d71-c70eb87dfc5b" testId="60612d1c-450e-4947-ab7f-43543267fb8d" testName="FormatToStringTest1000 (7458.609645228652,7458.61 zł)" computerName="DESKTOP-5URQ9PB" duration="00:00:00.0000061" startTime="2022-06-13T21:11:17.2482931+02:00" endTime="2022-06-13T21:11:17.2483596+02:00" testType="13cdc9d9-ddb5-4fa4-a97d-d965ccfc6d4b" outcome="Passed" testListId="8c84fa94-04c1-424b-9868-57a2d4851a1d" relativeResultsDirectory="60ca8e68-ee06-495b-8d71-c70eb87dfc5b" />
    <UnitTestResult executionId="0d9d496b-f6e1-4c34-b79e-50c677dfe939" testId="d5b1a201-bf7d-4f8e-8541-fe381cbdfc4a" testName="FormatToStringTest1000 (3195.202943510936,3195.20 zł)" computerName="DESKTOP-5URQ9PB" duration="00:00:00.0000062" startTime="2022-06-13T21:11:17.3472928+02:00" endTime="2022-06-13T21:11:17.3473595+02:00" testType="13cdc9d9-ddb5-4fa4-a97d-d965ccfc6d4b" outcome="Passed" testListId="8c84fa94-04c1-424b-9868-57a2d4851a1d" relativeResultsDirectory="0d9d496b-f6e1-4c34-b79e-50c677dfe939" />
    <UnitTestResult executionId="27fdafd4-a966-41e5-8a5a-ee8ca37960a0" testId="50b6ab8c-ab62-4bd1-8fb5-c27d6c528b70" testName="FormatToStringTest1000 (35065.40267025652,35065.40 zł)" computerName="DESKTOP-5URQ9PB" duration="00:00:00.0000062" startTime="2022-06-13T21:11:17.4991474+02:00" endTime="2022-06-13T21:11:17.4992114+02:00" testType="13cdc9d9-ddb5-4fa4-a97d-d965ccfc6d4b" outcome="Passed" testListId="8c84fa94-04c1-424b-9868-57a2d4851a1d" relativeResultsDirectory="27fdafd4-a966-41e5-8a5a-ee8ca37960a0" />
    <UnitTestResult executionId="c5d5ce93-04ad-4fe0-946d-8ba3e0895af7" testId="1d7012b3-024a-48fe-a67f-6579e3ca9a63" testName="FormatToStringTest1000 (1896.1704506483723,1896.17 zł)" computerName="DESKTOP-5URQ9PB" duration="00:00:00.0000063" startTime="2022-06-13T21:11:17.3366385+02:00" endTime="2022-06-13T21:11:17.3367136+02:00" testType="13cdc9d9-ddb5-4fa4-a97d-d965ccfc6d4b" outcome="Passed" testListId="8c84fa94-04c1-424b-9868-57a2d4851a1d" relativeResultsDirectory="c5d5ce93-04ad-4fe0-946d-8ba3e0895af7" />
    <UnitTestResult executionId="08711066-3125-4f51-92d2-835354478b49" testId="7938ee7c-df7a-471a-a96c-98cc1187c3c7" testName="FormatToStringTest1000 (29926.595417457444,29926.60 zł)" computerName="DESKTOP-5URQ9PB" duration="00:00:00.0000063" startTime="2022-06-13T21:11:17.5073900+02:00" endTime="2022-06-13T21:11:17.5074536+02:00" testType="13cdc9d9-ddb5-4fa4-a97d-d965ccfc6d4b" outcome="Passed" testListId="8c84fa94-04c1-424b-9868-57a2d4851a1d" relativeResultsDirectory="08711066-3125-4f51-92d2-835354478b49" />
    <UnitTestResult executionId="b8ee14c8-ca2c-4b30-bec3-a0ae6d055f19" testId="c8e332d3-6a8b-425a-a40b-033c3be4f974" testName="FormatToStringTest1000 (50644.690874327294,50644.69 zł)" computerName="DESKTOP-5URQ9PB" duration="00:00:00.0000061" startTime="2022-06-13T21:11:17.5299832+02:00" endTime="2022-06-13T21:11:17.5300473+02:00" testType="13cdc9d9-ddb5-4fa4-a97d-d965ccfc6d4b" outcome="Passed" testListId="8c84fa94-04c1-424b-9868-57a2d4851a1d" relativeResultsDirectory="b8ee14c8-ca2c-4b30-bec3-a0ae6d055f19" />
    <UnitTestResult executionId="6c7d32d6-b821-4f44-8a7e-74c17f202768" testId="bbbcb035-30a0-4680-9e46-a2ab3e1fbb2a" testName="FormatToStringTest1000 (7182.939759099362,7182.94 zł)" computerName="DESKTOP-5URQ9PB" duration="00:00:00.0000062" startTime="2022-06-13T21:11:17.3332146+02:00" endTime="2022-06-13T21:11:17.3332871+02:00" testType="13cdc9d9-ddb5-4fa4-a97d-d965ccfc6d4b" outcome="Passed" testListId="8c84fa94-04c1-424b-9868-57a2d4851a1d" relativeResultsDirectory="6c7d32d6-b821-4f44-8a7e-74c17f202768" />
    <UnitTestResult executionId="aa835123-9a7d-46e3-b67d-754fa8c10fa1" testId="69652e8a-862d-442e-8afa-63833495cfb4" testName="FormatToStringTest1000 (22743.19734205827,22743.20 zł)" computerName="DESKTOP-5URQ9PB" duration="00:00:00.0000070" startTime="2022-06-13T21:11:17.3529762+02:00" endTime="2022-06-13T21:11:17.3530546+02:00" testType="13cdc9d9-ddb5-4fa4-a97d-d965ccfc6d4b" outcome="Passed" testListId="8c84fa94-04c1-424b-9868-57a2d4851a1d" relativeResultsDirectory="aa835123-9a7d-46e3-b67d-754fa8c10fa1" />
    <UnitTestResult executionId="5c5b11e5-af93-42a9-9840-93f7e7a4ff3c" testId="d36d2511-c9ab-4560-a91b-946cca2c5bf3" testName="FormatToStringTest1000 (6105.007054037418,6105.01 zł)" computerName="DESKTOP-5URQ9PB" duration="00:00:00.0000062" startTime="2022-06-13T21:11:17.4723371+02:00" endTime="2022-06-13T21:11:17.4724014+02:00" testType="13cdc9d9-ddb5-4fa4-a97d-d965ccfc6d4b" outcome="Passed" testListId="8c84fa94-04c1-424b-9868-57a2d4851a1d" relativeResultsDirectory="5c5b11e5-af93-42a9-9840-93f7e7a4ff3c" />
    <UnitTestResult executionId="360126a9-3bda-4d52-a771-3663737e0c96" testId="455d3969-db2f-44f1-9ec9-bcd71c51279f" testName="FormatToStringTest1000 (52481.07276821932,52481.07 zł)" computerName="DESKTOP-5URQ9PB" duration="00:00:00.0000068" startTime="2022-06-13T21:11:17.4988124+02:00" endTime="2022-06-13T21:11:17.4988818+02:00" testType="13cdc9d9-ddb5-4fa4-a97d-d965ccfc6d4b" outcome="Passed" testListId="8c84fa94-04c1-424b-9868-57a2d4851a1d" relativeResultsDirectory="360126a9-3bda-4d52-a771-3663737e0c96" />
    <UnitTestResult executionId="5a1475c6-1204-40e4-b38f-3a99c2046548" testId="053506a7-eb0c-4fe5-bee8-c039a59d820e" testName="FormatToStringTest1000 (7592.950837113406,7592.95 zł)" computerName="DESKTOP-5URQ9PB" duration="00:00:00.0000063" startTime="2022-06-13T21:11:17.2688880+02:00" endTime="2022-06-13T21:11:17.2689610+02:00" testType="13cdc9d9-ddb5-4fa4-a97d-d965ccfc6d4b" outcome="Passed" testListId="8c84fa94-04c1-424b-9868-57a2d4851a1d" relativeResultsDirectory="5a1475c6-1204-40e4-b38f-3a99c2046548" />
    <UnitTestResult executionId="1dbb35d0-9210-4100-8860-eb9b50737c20" testId="7ad51f20-e92f-4d70-a3da-d4e1abad9b93" testName="FormatToStringTest1000 (16597.22844427788,16597.23 zł)" computerName="DESKTOP-5URQ9PB" duration="00:00:00.0000063" startTime="2022-06-13T21:11:17.2969825+02:00" endTime="2022-06-13T21:11:17.2970511+02:00" testType="13cdc9d9-ddb5-4fa4-a97d-d965ccfc6d4b" outcome="Passed" testListId="8c84fa94-04c1-424b-9868-57a2d4851a1d" relativeResultsDirectory="1dbb35d0-9210-4100-8860-eb9b50737c20" />
    <UnitTestResult executionId="db9f066d-d28a-46fa-88ad-18db526bdec8" testId="b295211a-feee-4fd8-9c22-dc0a1e692a04" testName="FormatToStringTest1000 (47630.39193684067,47630.39 zł)" computerName="DESKTOP-5URQ9PB" duration="00:00:00.0000063" startTime="2022-06-13T21:11:17.2791954+02:00" endTime="2022-06-13T21:11:17.2792633+02:00" testType="13cdc9d9-ddb5-4fa4-a97d-d965ccfc6d4b" outcome="Passed" testListId="8c84fa94-04c1-424b-9868-57a2d4851a1d" relativeResultsDirectory="db9f066d-d28a-46fa-88ad-18db526bdec8" />
    <UnitTestResult executionId="bcf6535d-bfa7-439f-9a0a-6f72bc27ba44" testId="ff2749c5-6684-4450-adce-4ce1cfce1497" testName="FormatToStringTest1000 (38402.8293406753,38402.83 zł)" computerName="DESKTOP-5URQ9PB" duration="00:00:00.0000111" startTime="2022-06-13T21:11:17.5046785+02:00" endTime="2022-06-13T21:11:17.5047454+02:00" testType="13cdc9d9-ddb5-4fa4-a97d-d965ccfc6d4b" outcome="Passed" testListId="8c84fa94-04c1-424b-9868-57a2d4851a1d" relativeResultsDirectory="bcf6535d-bfa7-439f-9a0a-6f72bc27ba44" />
    <UnitTestResult executionId="7dcd5c31-cf96-40f4-b5f8-f852a8dd1f0e" testId="2fcd2eea-d78a-476c-889a-e58e0abc6093" testName="FormatToStringTest1000 (2718.1767171650085,2718.18 zł)" computerName="DESKTOP-5URQ9PB" duration="00:00:00.0000063" startTime="2022-06-13T21:11:17.3365489+02:00" endTime="2022-06-13T21:11:17.3366207+02:00" testType="13cdc9d9-ddb5-4fa4-a97d-d965ccfc6d4b" outcome="Passed" testListId="8c84fa94-04c1-424b-9868-57a2d4851a1d" relativeResultsDirectory="7dcd5c31-cf96-40f4-b5f8-f852a8dd1f0e" />
    <UnitTestResult executionId="69e9f04e-cb8c-40ef-88c7-6cc46ba3cae9" testId="d89650b3-b636-4565-8704-ff35b3a95701" testName="FormatToStringTest1000 (20441.330495004695,20441.33 zł)" computerName="DESKTOP-5URQ9PB" duration="00:00:00.0000063" startTime="2022-06-13T21:11:17.2828623+02:00" endTime="2022-06-13T21:11:17.2829295+02:00" testType="13cdc9d9-ddb5-4fa4-a97d-d965ccfc6d4b" outcome="Passed" testListId="8c84fa94-04c1-424b-9868-57a2d4851a1d" relativeResultsDirectory="69e9f04e-cb8c-40ef-88c7-6cc46ba3cae9" />
    <UnitTestResult executionId="88abbff2-47e5-442e-81d0-c1d54b4751dc" testId="2c360ece-de11-4317-bf09-65ca7e7087c1" testName="FormatToStringTest1000 (7050.437505805137,7050.44 zł)" computerName="DESKTOP-5URQ9PB" duration="00:00:00.0000061" startTime="2022-06-13T21:11:17.2892894+02:00" endTime="2022-06-13T21:11:17.2893552+02:00" testType="13cdc9d9-ddb5-4fa4-a97d-d965ccfc6d4b" outcome="Passed" testListId="8c84fa94-04c1-424b-9868-57a2d4851a1d" relativeResultsDirectory="88abbff2-47e5-442e-81d0-c1d54b4751dc" />
    <UnitTestResult executionId="ec16edab-7728-4325-b180-b20c71efb1cd" testId="380f71be-5f5d-4705-9da0-c7cf79d772cd" testName="FormatToStringTest1000 (6676.5680544784145,6676.57 zł)" computerName="DESKTOP-5URQ9PB" duration="00:00:00.0000067" startTime="2022-06-13T21:11:17.5902850+02:00" endTime="2022-06-13T21:11:17.5903487+02:00" testType="13cdc9d9-ddb5-4fa4-a97d-d965ccfc6d4b" outcome="Passed" testListId="8c84fa94-04c1-424b-9868-57a2d4851a1d" relativeResultsDirectory="ec16edab-7728-4325-b180-b20c71efb1cd" />
    <UnitTestResult executionId="6d343274-7713-4870-bbbe-6f94677bf4ea" testId="9eed7618-b547-4092-9f37-b306a0dad145" testName="FormatToStringTest1000 (12949.590713378317,12949.59 zł)" computerName="DESKTOP-5URQ9PB" duration="00:00:00.0000062" startTime="2022-06-13T21:11:17.2318916+02:00" endTime="2022-06-13T21:11:17.2319586+02:00" testType="13cdc9d9-ddb5-4fa4-a97d-d965ccfc6d4b" outcome="Passed" testListId="8c84fa94-04c1-424b-9868-57a2d4851a1d" relativeResultsDirectory="6d343274-7713-4870-bbbe-6f94677bf4ea" />
    <UnitTestResult executionId="31bef8cd-3186-4b0a-9bbb-b8255e1a148d" testId="f4563a85-610b-43fd-b2c2-eaaa4376db32" testName="FormatToStringTest1000 (56802.303118930344,56802.30 zł)" computerName="DESKTOP-5URQ9PB" duration="00:00:00.0000064" startTime="2022-06-13T21:11:17.4680655+02:00" endTime="2022-06-13T21:11:17.4681387+02:00" testType="13cdc9d9-ddb5-4fa4-a97d-d965ccfc6d4b" outcome="Passed" testListId="8c84fa94-04c1-424b-9868-57a2d4851a1d" relativeResultsDirectory="31bef8cd-3186-4b0a-9bbb-b8255e1a148d" />
    <UnitTestResult executionId="8d95696d-a3ef-43ae-877a-f7defe547e86" testId="aa929368-e31c-42ef-92d3-dd3c2e171370" testName="FormatToStringTest1000 (44869.327020554025,44869.33 zł)" computerName="DESKTOP-5URQ9PB" duration="00:00:00.0000063" startTime="2022-06-13T21:11:17.2793680+02:00" endTime="2022-06-13T21:11:17.2794354+02:00" testType="13cdc9d9-ddb5-4fa4-a97d-d965ccfc6d4b" outcome="Passed" testListId="8c84fa94-04c1-424b-9868-57a2d4851a1d" relativeResultsDirectory="8d95696d-a3ef-43ae-877a-f7defe547e86" />
    <UnitTestResult executionId="355e004b-acab-4f74-9926-95ca57542b67" testId="e2d775a3-9c59-47f6-9624-b17eeb7aecfb" testName="FormatToStringTest1000 (1751.1734380625066,1751.17 zł)" computerName="DESKTOP-5URQ9PB" duration="00:00:00.0000061" startTime="2022-06-13T21:11:17.5098615+02:00" endTime="2022-06-13T21:11:17.5099258+02:00" testType="13cdc9d9-ddb5-4fa4-a97d-d965ccfc6d4b" outcome="Passed" testListId="8c84fa94-04c1-424b-9868-57a2d4851a1d" relativeResultsDirectory="355e004b-acab-4f74-9926-95ca57542b67" />
    <UnitTestResult executionId="fe63f1b1-a51d-4f67-b378-57e49c206a38" testId="480ad139-b26f-4129-9c1f-fdd623313787" testName="FormatToStringTest1000 (486.15309567942893,486.15 zł)" computerName="DESKTOP-5URQ9PB" duration="00:00:00.0000069" startTime="2022-06-13T21:11:17.3628233+02:00" endTime="2022-06-13T21:11:17.3628901+02:00" testType="13cdc9d9-ddb5-4fa4-a97d-d965ccfc6d4b" outcome="Passed" testListId="8c84fa94-04c1-424b-9868-57a2d4851a1d" relativeResultsDirectory="fe63f1b1-a51d-4f67-b378-57e49c206a38" />
    <UnitTestResult executionId="19dcf4b2-4346-4242-9284-f8f81bcd5708" testId="35698728-40aa-4476-a83b-596e26580320" testName="FormatToStringTest1000 (867.5236648356187,867.52 zł)" computerName="DESKTOP-5URQ9PB" duration="00:00:00.0000062" startTime="2022-06-13T21:11:17.5379762+02:00" endTime="2022-06-13T21:11:17.5380403+02:00" testType="13cdc9d9-ddb5-4fa4-a97d-d965ccfc6d4b" outcome="Passed" testListId="8c84fa94-04c1-424b-9868-57a2d4851a1d" relativeResultsDirectory="19dcf4b2-4346-4242-9284-f8f81bcd5708" />
    <UnitTestResult executionId="6a619f63-d6d9-46c9-856b-0a3e243395d0" testId="f5e43e8a-d285-4a9b-b6f4-37cecb3c1dd5" testName="FormatToStringTest1000 (30031.89550569323,30031.90 zł)" computerName="DESKTOP-5URQ9PB" duration="00:00:00.0000063" startTime="2022-06-13T21:11:17.3793144+02:00" endTime="2022-06-13T21:11:17.3793802+02:00" testType="13cdc9d9-ddb5-4fa4-a97d-d965ccfc6d4b" outcome="Passed" testListId="8c84fa94-04c1-424b-9868-57a2d4851a1d" relativeResultsDirectory="6a619f63-d6d9-46c9-856b-0a3e243395d0" />
    <UnitTestResult executionId="f533a0c8-844c-42ed-b2c9-71b94a574460" testId="1dc7277f-9b43-40c0-a2d6-8bee23012bff" testName="FormatToStringTest1000 (12370.243090209198,12370.24 zł)" computerName="DESKTOP-5URQ9PB" duration="00:00:00.0000065" startTime="2022-06-13T21:11:17.4019512+02:00" endTime="2022-06-13T21:11:17.4020206+02:00" testType="13cdc9d9-ddb5-4fa4-a97d-d965ccfc6d4b" outcome="Passed" testListId="8c84fa94-04c1-424b-9868-57a2d4851a1d" relativeResultsDirectory="f533a0c8-844c-42ed-b2c9-71b94a574460" />
    <UnitTestResult executionId="b221036c-50ce-4aa5-84c6-361640eb7a90" testId="2baad001-cbca-4041-81e8-a460712ba984" testName="FormatToStringTest1000 (25084.19182667238,25084.19 zł)" computerName="DESKTOP-5URQ9PB" duration="00:00:00.0000070" startTime="2022-06-13T21:11:17.5485391+02:00" endTime="2022-06-13T21:11:17.5486143+02:00" testType="13cdc9d9-ddb5-4fa4-a97d-d965ccfc6d4b" outcome="Passed" testListId="8c84fa94-04c1-424b-9868-57a2d4851a1d" relativeResultsDirectory="b221036c-50ce-4aa5-84c6-361640eb7a90" />
    <UnitTestResult executionId="83188f3e-bcc8-48fd-b28d-57dea65bf085" testId="2ff74445-5ef6-416f-ac96-472badee0b20" testName="FormatToStringTest1000 (37.631227987646696,37.63 zł)" computerName="DESKTOP-5URQ9PB" duration="00:00:00.0000061" startTime="2022-06-13T21:11:17.5531016+02:00" endTime="2022-06-13T21:11:17.5531653+02:00" testType="13cdc9d9-ddb5-4fa4-a97d-d965ccfc6d4b" outcome="Passed" testListId="8c84fa94-04c1-424b-9868-57a2d4851a1d" relativeResultsDirectory="83188f3e-bcc8-48fd-b28d-57dea65bf085" />
    <UnitTestResult executionId="bfd6d35b-8a32-44be-995c-ff9ae383fced" testId="f1b4beea-4d7e-4ff7-8951-f1b33b925594" testName="FormatToStringTest1000 (3506.8456124108498,3506.85 zł)" computerName="DESKTOP-5URQ9PB" duration="00:00:00.0000119" startTime="2022-06-13T21:11:17.2885965+02:00" endTime="2022-06-13T21:11:17.2887456+02:00" testType="13cdc9d9-ddb5-4fa4-a97d-d965ccfc6d4b" outcome="Passed" testListId="8c84fa94-04c1-424b-9868-57a2d4851a1d" relativeResultsDirectory="bfd6d35b-8a32-44be-995c-ff9ae383fced" />
    <UnitTestResult executionId="d23fd03d-0cee-436d-b93d-73c2028a2745" testId="75648cdc-a058-447b-aa81-7d9cde414475" testName="FormatToStringTest1000 (5759.256266560991,5759.26 zł)" computerName="DESKTOP-5URQ9PB" duration="00:00:00.0000287" startTime="2022-06-13T21:11:17.4334952+02:00" endTime="2022-06-13T21:11:17.4338125+02:00" testType="13cdc9d9-ddb5-4fa4-a97d-d965ccfc6d4b" outcome="Passed" testListId="8c84fa94-04c1-424b-9868-57a2d4851a1d" relativeResultsDirectory="d23fd03d-0cee-436d-b93d-73c2028a2745" />
    <UnitTestResult executionId="18a81e71-e941-4280-b8dc-6c5488c39ec3" testId="de0f238a-7cf6-410e-8e04-8357e34912bb" testName="FormatToStringTest1000 (36760.171806480816,36760.17 zł)" computerName="DESKTOP-5URQ9PB" duration="00:00:00.0000061" startTime="2022-06-13T21:11:17.5125875+02:00" endTime="2022-06-13T21:11:17.5126512+02:00" testType="13cdc9d9-ddb5-4fa4-a97d-d965ccfc6d4b" outcome="Passed" testListId="8c84fa94-04c1-424b-9868-57a2d4851a1d" relativeResultsDirectory="18a81e71-e941-4280-b8dc-6c5488c39ec3" />
    <UnitTestResult executionId="20974f86-fe8c-4b55-8015-a21226d050ab" testId="4cd3c0e2-9cf9-40fc-b5a2-b045420652f1" testName="FormatToStringTest1000 (66541.05112730109,66541.05 zł)" computerName="DESKTOP-5URQ9PB" duration="00:00:00.0000061" startTime="2022-06-13T21:11:17.5873267+02:00" endTime="2022-06-13T21:11:17.5873896+02:00" testType="13cdc9d9-ddb5-4fa4-a97d-d965ccfc6d4b" outcome="Passed" testListId="8c84fa94-04c1-424b-9868-57a2d4851a1d" relativeResultsDirectory="20974f86-fe8c-4b55-8015-a21226d050ab" />
    <UnitTestResult executionId="f74f5886-d270-4c6c-a47b-56771d940dd9" testId="992dc810-e712-4f6b-88c6-09656b041320" testName="FormatToStringTest1000 (37614.50159416278,37614.50 zł)" computerName="DESKTOP-5URQ9PB" duration="00:00:00.0000062" startTime="2022-06-13T21:11:17.5752251+02:00" endTime="2022-06-13T21:11:17.5752886+02:00" testType="13cdc9d9-ddb5-4fa4-a97d-d965ccfc6d4b" outcome="Passed" testListId="8c84fa94-04c1-424b-9868-57a2d4851a1d" relativeResultsDirectory="f74f5886-d270-4c6c-a47b-56771d940dd9" />
    <UnitTestResult executionId="9d393237-1790-443e-86ff-3ecb94ed1219" testId="f2546a86-81c9-4a17-ad26-a1f0cf6f1139" testName="FormatToStringTest1000 (67898.54481444067,67898.54 zł)" computerName="DESKTOP-5URQ9PB" duration="00:00:00.0000063" startTime="2022-06-13T21:11:17.3006552+02:00" endTime="2022-06-13T21:11:17.3007217+02:00" testType="13cdc9d9-ddb5-4fa4-a97d-d965ccfc6d4b" outcome="Passed" testListId="8c84fa94-04c1-424b-9868-57a2d4851a1d" relativeResultsDirectory="9d393237-1790-443e-86ff-3ecb94ed1219" />
    <UnitTestResult executionId="50081cc4-a4ad-4d13-bc11-9a9a94d3baab" testId="7311536d-8a3b-4ea4-b461-149ddb062c02" testName="FormatToStringTest1000 (54724.71040318008,54724.71 zł)" computerName="DESKTOP-5URQ9PB" duration="00:00:00.0000089" startTime="2022-06-13T21:11:17.3063016+02:00" endTime="2022-06-13T21:11:17.3063986+02:00" testType="13cdc9d9-ddb5-4fa4-a97d-d965ccfc6d4b" outcome="Passed" testListId="8c84fa94-04c1-424b-9868-57a2d4851a1d" relativeResultsDirectory="50081cc4-a4ad-4d13-bc11-9a9a94d3baab" />
    <UnitTestResult executionId="f00d6cf8-c439-48e4-b809-36ae64472c43" testId="3896b56f-bade-4006-b823-979305b74813" testName="FormatToStringTest1000 (68507.83928906724,68507.84 zł)" computerName="DESKTOP-5URQ9PB" duration="00:00:00.0000063" startTime="2022-06-13T21:11:17.5486330+02:00" endTime="2022-06-13T21:11:17.5486978+02:00" testType="13cdc9d9-ddb5-4fa4-a97d-d965ccfc6d4b" outcome="Passed" testListId="8c84fa94-04c1-424b-9868-57a2d4851a1d" relativeResultsDirectory="f00d6cf8-c439-48e4-b809-36ae64472c43" />
    <UnitTestResult executionId="5d807886-7a5a-4001-a9ac-f8b1e84455c9" testId="eb359a38-d51d-43d0-987e-83b1bdf98d4d" testName="FormatToStringTest1000 (82228.32322510486,82228.32 zł)" computerName="DESKTOP-5URQ9PB" duration="00:00:00.0000062" startTime="2022-06-13T21:11:17.4476447+02:00" endTime="2022-06-13T21:11:17.4477099+02:00" testType="13cdc9d9-ddb5-4fa4-a97d-d965ccfc6d4b" outcome="Passed" testListId="8c84fa94-04c1-424b-9868-57a2d4851a1d" relativeResultsDirectory="5d807886-7a5a-4001-a9ac-f8b1e84455c9" />
    <UnitTestResult executionId="90b9a968-f62a-4ac4-919e-9cb24d2453df" testId="d9a14d4b-37cb-47ce-8ff6-ab5a007153ac" testName="FormatToStringTest1000 (14172.682747822573,14172.68 zł)" computerName="DESKTOP-5URQ9PB" duration="00:00:00.0000065" startTime="2022-06-13T21:11:17.2415615+02:00" endTime="2022-06-13T21:11:17.2416324+02:00" testType="13cdc9d9-ddb5-4fa4-a97d-d965ccfc6d4b" outcome="Passed" testListId="8c84fa94-04c1-424b-9868-57a2d4851a1d" relativeResultsDirectory="90b9a968-f62a-4ac4-919e-9cb24d2453df" />
    <UnitTestResult executionId="88c97b42-6036-4bc0-9291-93d81c70783e" testId="061c8ca8-10c4-49ab-85bd-0198bc1fa42a" testName="FormatToStringTest1000 (32051.900532446758,32051.90 zł)" computerName="DESKTOP-5URQ9PB" duration="00:00:00.0000128" startTime="2022-06-13T21:11:17.2936386+02:00" endTime="2022-06-13T21:11:17.2938342+02:00" testType="13cdc9d9-ddb5-4fa4-a97d-d965ccfc6d4b" outcome="Passed" testListId="8c84fa94-04c1-424b-9868-57a2d4851a1d" relativeResultsDirectory="88c97b42-6036-4bc0-9291-93d81c70783e" />
    <UnitTestResult executionId="2edbdbb5-4632-463e-b4e9-31fe1b34129c" testId="b3700737-6dc0-4193-b6fa-7c86906874e2" testName="FormatToStringTest1000 (7753.724411372898,7753.72 zł)" computerName="DESKTOP-5URQ9PB" duration="00:00:00.0000062" startTime="2022-06-13T21:11:17.2759670+02:00" endTime="2022-06-13T21:11:17.2760335+02:00" testType="13cdc9d9-ddb5-4fa4-a97d-d965ccfc6d4b" outcome="Passed" testListId="8c84fa94-04c1-424b-9868-57a2d4851a1d" relativeResultsDirectory="2edbdbb5-4632-463e-b4e9-31fe1b34129c" />
    <UnitTestResult executionId="42f78f9e-e6be-4fa1-b20f-e2dcec4b05cf" testId="7b86ecbf-a42d-4268-833f-84a6c2bfe5e8" testName="FormatToStringTest1000 (59919.71489415491,59919.71 zł)" computerName="DESKTOP-5URQ9PB" duration="00:00:00.0000077" startTime="2022-06-13T21:11:17.4623608+02:00" endTime="2022-06-13T21:11:17.4624366+02:00" testType="13cdc9d9-ddb5-4fa4-a97d-d965ccfc6d4b" outcome="Passed" testListId="8c84fa94-04c1-424b-9868-57a2d4851a1d" relativeResultsDirectory="42f78f9e-e6be-4fa1-b20f-e2dcec4b05cf" />
    <UnitTestResult executionId="553b52f3-472a-4bc7-8cb8-6335233b86e3" testId="01cdee16-cb60-42a0-98f6-782f48f5a9b8" testName="FormatToStringTest1000 (7370.518277515898,7370.52 zł)" computerName="DESKTOP-5URQ9PB" duration="00:00:00.0000062" startTime="2022-06-13T21:11:17.3440108+02:00" endTime="2022-06-13T21:11:17.3440782+02:00" testType="13cdc9d9-ddb5-4fa4-a97d-d965ccfc6d4b" outcome="Passed" testListId="8c84fa94-04c1-424b-9868-57a2d4851a1d" relativeResultsDirectory="553b52f3-472a-4bc7-8cb8-6335233b86e3" />
    <UnitTestResult executionId="d980b2ac-d67f-4116-b23d-f80027af18c8" testId="ac21722f-357b-45b4-89cd-f79f865ee9fe" testName="FormatToStringTest1000 (24251.68593564848,24251.69 zł)" computerName="DESKTOP-5URQ9PB" duration="00:00:00.0000060" startTime="2022-06-13T21:11:17.4149546+02:00" endTime="2022-06-13T21:11:17.4150204+02:00" testType="13cdc9d9-ddb5-4fa4-a97d-d965ccfc6d4b" outcome="Passed" testListId="8c84fa94-04c1-424b-9868-57a2d4851a1d" relativeResultsDirectory="d980b2ac-d67f-4116-b23d-f80027af18c8" />
    <UnitTestResult executionId="892acd5f-a0ad-4c52-ae24-612427fba75b" testId="bfac4411-8d7d-4ca4-9169-6eebbd0ba140" testName="FormatToStringTest1000 (22281.48592587257,22281.49 zł)" computerName="DESKTOP-5URQ9PB" duration="00:00:00.0000104" startTime="2022-06-13T21:11:17.3436516+02:00" endTime="2022-06-13T21:11:17.3438078+02:00" testType="13cdc9d9-ddb5-4fa4-a97d-d965ccfc6d4b" outcome="Passed" testListId="8c84fa94-04c1-424b-9868-57a2d4851a1d" relativeResultsDirectory="892acd5f-a0ad-4c52-ae24-612427fba75b" />
    <UnitTestResult executionId="627ca2c9-3880-49db-86b0-4122069bdc0c" testId="a0800171-5e85-49ae-8793-da4a4e91cb10" testName="FormatToStringTest1000 (7594.279030504766,7594.28 zł)" computerName="DESKTOP-5URQ9PB" duration="00:00:00.0000063" startTime="2022-06-13T21:11:17.2449814+02:00" endTime="2022-06-13T21:11:17.2450486+02:00" testType="13cdc9d9-ddb5-4fa4-a97d-d965ccfc6d4b" outcome="Passed" testListId="8c84fa94-04c1-424b-9868-57a2d4851a1d" relativeResultsDirectory="627ca2c9-3880-49db-86b0-4122069bdc0c" />
    <UnitTestResult executionId="fd57c07e-947f-49cd-9912-17377e283882" testId="4516fb6e-ae68-465a-9f43-78e9db46230d" testName="FormatToStringTest1000 (52032.65082931176,52032.65 zł)" computerName="DESKTOP-5URQ9PB" duration="00:00:00.0000062" startTime="2022-06-13T21:11:17.5872453+02:00" endTime="2022-06-13T21:11:17.5873085+02:00" testType="13cdc9d9-ddb5-4fa4-a97d-d965ccfc6d4b" outcome="Passed" testListId="8c84fa94-04c1-424b-9868-57a2d4851a1d" relativeResultsDirectory="fd57c07e-947f-49cd-9912-17377e283882" />
    <UnitTestResult executionId="118cffda-b6c8-4877-b600-cbb0867c881c" testId="485c3ae6-59dd-45ee-99f8-2bbcd335ffdc" testName="FormatToStringTest1000 (47025.6224095177,47025.62 zł)" computerName="DESKTOP-5URQ9PB" duration="00:00:00.0000063" startTime="2022-06-13T21:11:17.3236179+02:00" endTime="2022-06-13T21:11:17.3236820+02:00" testType="13cdc9d9-ddb5-4fa4-a97d-d965ccfc6d4b" outcome="Passed" testListId="8c84fa94-04c1-424b-9868-57a2d4851a1d" relativeResultsDirectory="118cffda-b6c8-4877-b600-cbb0867c881c" />
    <UnitTestResult executionId="0b5bd38c-8f91-40d6-87ca-bff6bdd87c79" testId="fd22c910-b6eb-4736-a4c4-ece3e455a4d2" testName="FormatToStringTest1000 (9068.70019550468,9068.70 zł)" computerName="DESKTOP-5URQ9PB" duration="00:00:00.0000064" startTime="2022-06-13T21:11:17.3565826+02:00" endTime="2022-06-13T21:11:17.3566464+02:00" testType="13cdc9d9-ddb5-4fa4-a97d-d965ccfc6d4b" outcome="Passed" testListId="8c84fa94-04c1-424b-9868-57a2d4851a1d" relativeResultsDirectory="0b5bd38c-8f91-40d6-87ca-bff6bdd87c79" />
    <UnitTestResult executionId="1894531e-f3c6-4719-9d30-a7f164c9d2bb" testId="674fbff3-bc3b-4952-8a92-41f8d7041416" testName="FormatToStringTest1000 (1745.490603896552,1745.49 zł)" computerName="DESKTOP-5URQ9PB" duration="00:00:00.0000064" startTime="2022-06-13T21:11:17.3095229+02:00" endTime="2022-06-13T21:11:17.3095924+02:00" testType="13cdc9d9-ddb5-4fa4-a97d-d965ccfc6d4b" outcome="Passed" testListId="8c84fa94-04c1-424b-9868-57a2d4851a1d" relativeResultsDirectory="1894531e-f3c6-4719-9d30-a7f164c9d2bb" />
    <UnitTestResult executionId="beaa2a0a-2a06-411d-b493-ba5a71dc21ae" testId="35b10b94-1b14-4a16-8a29-955107a5eea9" testName="FormatToStringTest1000 (58459.03113649601,58459.03 zł)" computerName="DESKTOP-5URQ9PB" duration="00:00:00.0000063" startTime="2022-06-13T21:11:17.4720905+02:00" endTime="2022-06-13T21:11:17.4721563+02:00" testType="13cdc9d9-ddb5-4fa4-a97d-d965ccfc6d4b" outcome="Passed" testListId="8c84fa94-04c1-424b-9868-57a2d4851a1d" relativeResultsDirectory="beaa2a0a-2a06-411d-b493-ba5a71dc21ae" />
    <UnitTestResult executionId="8e0b4948-7beb-400f-974c-7c9e5553ee12" testId="373217ab-a357-43b5-b823-b2022420ec43" testName="FormatToStringTest1000 (7202.052143613367,7202.05 zł)" computerName="DESKTOP-5URQ9PB" duration="00:00:00.0000085" startTime="2022-06-13T21:11:17.5167373+02:00" endTime="2022-06-13T21:11:17.5168329+02:00" testType="13cdc9d9-ddb5-4fa4-a97d-d965ccfc6d4b" outcome="Passed" testListId="8c84fa94-04c1-424b-9868-57a2d4851a1d" relativeResultsDirectory="8e0b4948-7beb-400f-974c-7c9e5553ee12" />
    <UnitTestResult executionId="6ccbc9ad-a0a6-4543-b2b7-d81ddf4ff063" testId="00fe0fbd-02a1-4026-a860-c7e20d235529" testName="FormatToStringTest1000 (25720.27551496321,25720.28 zł)" computerName="DESKTOP-5URQ9PB" duration="00:00:00.0000061" startTime="2022-06-13T21:11:17.3205789+02:00" endTime="2022-06-13T21:11:17.3206451+02:00" testType="13cdc9d9-ddb5-4fa4-a97d-d965ccfc6d4b" outcome="Passed" testListId="8c84fa94-04c1-424b-9868-57a2d4851a1d" relativeResultsDirectory="6ccbc9ad-a0a6-4543-b2b7-d81ddf4ff063" />
    <UnitTestResult executionId="2449d78b-a853-456a-af09-93d42095a5df" testId="7dfd643f-5e9b-4df3-8b55-4b9f59c1ca23" testName="FormatToStringTest1000 (37866.43836050967,37866.44 zł)" computerName="DESKTOP-5URQ9PB" duration="00:00:00.0000060" startTime="2022-06-13T21:11:17.3534996+02:00" endTime="2022-06-13T21:11:17.3535653+02:00" testType="13cdc9d9-ddb5-4fa4-a97d-d965ccfc6d4b" outcome="Passed" testListId="8c84fa94-04c1-424b-9868-57a2d4851a1d" relativeResultsDirectory="2449d78b-a853-456a-af09-93d42095a5df" />
    <UnitTestResult executionId="43ffb0b0-bf3b-4cd8-8067-6ed638f856c4" testId="fc62cc12-a145-4bbd-9322-4d4d248cc118" testName="FormatToStringTest1000 (9558.453124931293,9558.45 zł)" computerName="DESKTOP-5URQ9PB" duration="00:00:00.0000122" startTime="2022-06-13T21:11:17.3266563+02:00" endTime="2022-06-13T21:11:17.3267454+02:00" testType="13cdc9d9-ddb5-4fa4-a97d-d965ccfc6d4b" outcome="Passed" testListId="8c84fa94-04c1-424b-9868-57a2d4851a1d" relativeResultsDirectory="43ffb0b0-bf3b-4cd8-8067-6ed638f856c4" />
    <UnitTestResult executionId="dcad29bf-cf98-412f-a3f9-8c896b684d2b" testId="0ad5b7d4-465b-4e36-830b-f191675f94f7" testName="FormatToStringTest1000 (20116.958341299072,20116.96 zł)" computerName="DESKTOP-5URQ9PB" duration="00:00:00.0000061" startTime="2022-06-13T21:11:17.4894793+02:00" endTime="2022-06-13T21:11:17.4895430+02:00" testType="13cdc9d9-ddb5-4fa4-a97d-d965ccfc6d4b" outcome="Passed" testListId="8c84fa94-04c1-424b-9868-57a2d4851a1d" relativeResultsDirectory="dcad29bf-cf98-412f-a3f9-8c896b684d2b" />
    <UnitTestResult executionId="15b874eb-de6e-4ab1-a699-9f9adabbdc10" testId="36d884f4-b945-416a-9eb1-8eb79b14d934" testName="FormatToStringTest1000 (47256.065730817645,47256.07 zł)" computerName="DESKTOP-5URQ9PB" duration="00:00:00.0000062" startTime="2022-06-13T21:11:17.3140555+02:00" endTime="2022-06-13T21:11:17.3141222+02:00" testType="13cdc9d9-ddb5-4fa4-a97d-d965ccfc6d4b" outcome="Passed" testListId="8c84fa94-04c1-424b-9868-57a2d4851a1d" relativeResultsDirectory="15b874eb-de6e-4ab1-a699-9f9adabbdc10" />
    <UnitTestResult executionId="792dcdb5-50b9-4786-8add-bf21818396fc" testId="230ef060-3215-41a4-8955-d627f78b00c2" testName="FormatToStringTest1000 (70581.91150977784,70581.91 zł)" computerName="DESKTOP-5URQ9PB" duration="00:00:00.0000077" startTime="2022-06-13T21:11:17.4503233+02:00" endTime="2022-06-13T21:11:17.4504122+02:00" testType="13cdc9d9-ddb5-4fa4-a97d-d965ccfc6d4b" outcome="Passed" testListId="8c84fa94-04c1-424b-9868-57a2d4851a1d" relativeResultsDirectory="792dcdb5-50b9-4786-8add-bf21818396fc" />
    <UnitTestResult executionId="97eccdad-f594-4ad5-b3b3-9d1278bc9086" testId="2da4a7a9-d1a9-4c9b-9506-17b6a40f568b" testName="FormatToStringTest1000 (17000.070169619317,17000.07 zł)" computerName="DESKTOP-5URQ9PB" duration="00:00:00.0000062" startTime="2022-06-13T21:11:17.5789633+02:00" endTime="2022-06-13T21:11:17.5790267+02:00" testType="13cdc9d9-ddb5-4fa4-a97d-d965ccfc6d4b" outcome="Passed" testListId="8c84fa94-04c1-424b-9868-57a2d4851a1d" relativeResultsDirectory="97eccdad-f594-4ad5-b3b3-9d1278bc9086" />
    <UnitTestResult executionId="63181dd2-6713-413f-900d-1aea3257beca" testId="c54a6011-1afb-4721-be7f-52424547201e" testName="FormatToStringTest1000 (9097.395563790293,9097.40 zł)" computerName="DESKTOP-5URQ9PB" duration="00:00:00.0000068" startTime="2022-06-13T21:11:17.5326017+02:00" endTime="2022-06-13T21:11:17.5326655+02:00" testType="13cdc9d9-ddb5-4fa4-a97d-d965ccfc6d4b" outcome="Passed" testListId="8c84fa94-04c1-424b-9868-57a2d4851a1d" relativeResultsDirectory="63181dd2-6713-413f-900d-1aea3257beca" />
    <UnitTestResult executionId="41af81a7-60b1-4435-ac35-f6a85a55cf43" testId="eb1473cd-5ec3-4da9-bdc1-4b02ca703a0a" testName="FormatToStringTest1000 (4539.210371735137,4539.21 zł)" computerName="DESKTOP-5URQ9PB" duration="00:00:00.0000061" startTime="2022-06-13T21:11:17.5382201+02:00" endTime="2022-06-13T21:11:17.5382834+02:00" testType="13cdc9d9-ddb5-4fa4-a97d-d965ccfc6d4b" outcome="Passed" testListId="8c84fa94-04c1-424b-9868-57a2d4851a1d" relativeResultsDirectory="41af81a7-60b1-4435-ac35-f6a85a55cf43" />
    <UnitTestResult executionId="a82468d0-a8bc-41a3-93de-9f5627e8151a" testId="ed261843-428b-4dd3-91d9-9e281364f1b0" testName="FormatToStringTest1000 (7377.5644264340235,7377.56 zł)" computerName="DESKTOP-5URQ9PB" duration="00:00:00.0000061" startTime="2022-06-13T21:11:17.5527785+02:00" endTime="2022-06-13T21:11:17.5528428+02:00" testType="13cdc9d9-ddb5-4fa4-a97d-d965ccfc6d4b" outcome="Passed" testListId="8c84fa94-04c1-424b-9868-57a2d4851a1d" relativeResultsDirectory="a82468d0-a8bc-41a3-93de-9f5627e8151a" />
    <UnitTestResult executionId="a942c01b-bfd4-4836-bcaf-6b074d575b8b" testId="322cb006-7e1e-434f-b6e3-ce4744b7bc64" testName="FormatToStringTest1000 (11944.74385168531,11944.74 zł)" computerName="DESKTOP-5URQ9PB" duration="00:00:00.0000062" startTime="2022-06-13T21:11:17.5788809+02:00" endTime="2022-06-13T21:11:17.5789452+02:00" testType="13cdc9d9-ddb5-4fa4-a97d-d965ccfc6d4b" outcome="Passed" testListId="8c84fa94-04c1-424b-9868-57a2d4851a1d" relativeResultsDirectory="a942c01b-bfd4-4836-bcaf-6b074d575b8b" />
    <UnitTestResult executionId="786a0315-b27d-4344-80c4-fba6c4319310" testId="7ac319a1-46bc-47e3-b56d-c02c292bd20b" testName="FormatToStringTest1000 (39178.05988345298,39178.06 zł)" computerName="DESKTOP-5URQ9PB" duration="00:00:00.0000067" startTime="2022-06-13T21:11:17.2579538+02:00" endTime="2022-06-13T21:11:17.2580302+02:00" testType="13cdc9d9-ddb5-4fa4-a97d-d965ccfc6d4b" outcome="Passed" testListId="8c84fa94-04c1-424b-9868-57a2d4851a1d" relativeResultsDirectory="786a0315-b27d-4344-80c4-fba6c4319310" />
    <UnitTestResult executionId="e5018725-7448-448a-8a9b-3a7ee36ebf56" testId="a54e0e70-48d8-4fb4-9026-e5a987f7eacd" testName="FormatToStringTest1000 (3092.9215945624383,3092.92 zł)" computerName="DESKTOP-5URQ9PB" duration="00:00:00.0000062" startTime="2022-06-13T21:11:17.4540298+02:00" endTime="2022-06-13T21:11:17.4540955+02:00" testType="13cdc9d9-ddb5-4fa4-a97d-d965ccfc6d4b" outcome="Passed" testListId="8c84fa94-04c1-424b-9868-57a2d4851a1d" relativeResultsDirectory="e5018725-7448-448a-8a9b-3a7ee36ebf56" />
    <UnitTestResult executionId="ca07a69c-7468-4f20-b2f1-ae2ea601fd38" testId="5c135d9d-c62d-40f7-8501-b58a0c3e0616" testName="FormatToStringTest1000 (36893.66238331593,36893.66 zł)" computerName="DESKTOP-5URQ9PB" duration="00:00:00.0000062" startTime="2022-06-13T21:11:17.5294649+02:00" endTime="2022-06-13T21:11:17.5295303+02:00" testType="13cdc9d9-ddb5-4fa4-a97d-d965ccfc6d4b" outcome="Passed" testListId="8c84fa94-04c1-424b-9868-57a2d4851a1d" relativeResultsDirectory="ca07a69c-7468-4f20-b2f1-ae2ea601fd38" />
    <UnitTestResult executionId="fe70a4d7-c7b4-4cda-a393-e3af682b4d36" testId="9eddf911-f9ef-45d8-92b0-cabe6ca399a4" testName="FormatToStringTest1000 (7726.0074454499445,7726.01 zł)" computerName="DESKTOP-5URQ9PB" duration="00:00:00.0000064" startTime="2022-06-13T21:11:17.3367396+02:00" endTime="2022-06-13T21:11:17.3368142+02:00" testType="13cdc9d9-ddb5-4fa4-a97d-d965ccfc6d4b" outcome="Passed" testListId="8c84fa94-04c1-424b-9868-57a2d4851a1d" relativeResultsDirectory="fe70a4d7-c7b4-4cda-a393-e3af682b4d36" />
    <UnitTestResult executionId="845985b1-8df2-4f79-b843-a567d5156d1f" testId="3fc182c7-b70a-4c0f-acdd-9f91a368cd05" testName="FormatToStringTest1000 (37160.85331540269,37160.85 zł)" computerName="DESKTOP-5URQ9PB" duration="00:00:00.0000065" startTime="2022-06-13T21:11:17.2887754+02:00" endTime="2022-06-13T21:11:17.2888458+02:00" testType="13cdc9d9-ddb5-4fa4-a97d-d965ccfc6d4b" outcome="Passed" testListId="8c84fa94-04c1-424b-9868-57a2d4851a1d" relativeResultsDirectory="845985b1-8df2-4f79-b843-a567d5156d1f" />
    <UnitTestResult executionId="3cd4ef86-74d9-4eec-872a-92db47b59f29" testId="3f2cd9d8-d3f0-4195-9dbb-92e1113bb3d8" testName="FormatToStringTest1000 (7890.044272348771,7890.04 zł)" computerName="DESKTOP-5URQ9PB" duration="00:00:00.0000364" startTime="2022-06-13T21:11:17.4264396+02:00" endTime="2022-06-13T21:11:17.4268890+02:00" testType="13cdc9d9-ddb5-4fa4-a97d-d965ccfc6d4b" outcome="Passed" testListId="8c84fa94-04c1-424b-9868-57a2d4851a1d" relativeResultsDirectory="3cd4ef86-74d9-4eec-872a-92db47b59f29" />
    <UnitTestResult executionId="50971b1f-9232-4a47-ac92-74678106280f" testId="b270e6bf-d4a4-4f98-a8fe-33f1566bba69" testName="FormatToStringTest1000 (17455.15807988595,17455.16 zł)" computerName="DESKTOP-5URQ9PB" duration="00:00:00.0000062" startTime="2022-06-13T21:11:17.5323580+02:00" endTime="2022-06-13T21:11:17.5324231+02:00" testType="13cdc9d9-ddb5-4fa4-a97d-d965ccfc6d4b" outcome="Passed" testListId="8c84fa94-04c1-424b-9868-57a2d4851a1d" relativeResultsDirectory="50971b1f-9232-4a47-ac92-74678106280f" />
    <UnitTestResult executionId="dc33fb28-aeba-427d-b888-fa090c61e824" testId="5d17e8fb-0c9a-431b-948b-1c79c745609e" testName="FormatToStringTest1000 (158.49784791027093,158.50 zł)" computerName="DESKTOP-5URQ9PB" duration="00:00:00.0000062" startTime="2022-06-13T21:11:17.2973252+02:00" endTime="2022-06-13T21:11:17.2973922+02:00" testType="13cdc9d9-ddb5-4fa4-a97d-d965ccfc6d4b" outcome="Passed" testListId="8c84fa94-04c1-424b-9868-57a2d4851a1d" relativeResultsDirectory="dc33fb28-aeba-427d-b888-fa090c61e824" />
    <UnitTestResult executionId="20fca30e-6a2c-40b5-8fb4-5e62f4d06037" testId="4edc78b2-faeb-4518-aa48-de3a7bf36cdd" testName="FormatToStringTest1000 (18340.8953197882,18340.90 zł)" computerName="DESKTOP-5URQ9PB" duration="00:00:00.0000072" startTime="2022-06-13T21:11:17.5606149+02:00" endTime="2022-06-13T21:11:17.5606886+02:00" testType="13cdc9d9-ddb5-4fa4-a97d-d965ccfc6d4b" outcome="Passed" testListId="8c84fa94-04c1-424b-9868-57a2d4851a1d" relativeResultsDirectory="20fca30e-6a2c-40b5-8fb4-5e62f4d06037" />
    <UnitTestResult executionId="2d42a4cd-c033-47ec-abc9-59316036ffa0" testId="83436d1e-a0b8-44fc-aea1-8262517d5b65" testName="FormatToStringTest1000 (36978.61073549213,36978.61 zł)" computerName="DESKTOP-5URQ9PB" duration="00:00:00.0000062" startTime="2022-06-13T21:11:17.5130787+02:00" endTime="2022-06-13T21:11:17.5131421+02:00" testType="13cdc9d9-ddb5-4fa4-a97d-d965ccfc6d4b" outcome="Passed" testListId="8c84fa94-04c1-424b-9868-57a2d4851a1d" relativeResultsDirectory="2d42a4cd-c033-47ec-abc9-59316036ffa0" />
    <UnitTestResult executionId="e46358e4-7ba1-43a6-80cd-ba9d95cd9953" testId="150d3e03-596c-4fa4-ba4a-d9fd0cfb9df1" testName="FormatToStringTest1000 (50550.645020282194,50550.65 zł)" computerName="DESKTOP-5URQ9PB" duration="00:00:00.0000067" startTime="2022-06-13T21:11:17.4506826+02:00" endTime="2022-06-13T21:11:17.4507817+02:00" testType="13cdc9d9-ddb5-4fa4-a97d-d965ccfc6d4b" outcome="Passed" testListId="8c84fa94-04c1-424b-9868-57a2d4851a1d" relativeResultsDirectory="e46358e4-7ba1-43a6-80cd-ba9d95cd9953" />
    <UnitTestResult executionId="a0528305-64a5-4936-9891-cb87632546f7" testId="f0290ce3-8e1c-4dac-a27f-ddc5b25777bd" testName="FormatToStringTest1000 (10461.455048841171,10461.46 zł)" computerName="DESKTOP-5URQ9PB" duration="00:00:00.0000061" startTime="2022-06-13T21:11:17.3656364+02:00" endTime="2022-06-13T21:11:17.3657025+02:00" testType="13cdc9d9-ddb5-4fa4-a97d-d965ccfc6d4b" outcome="Passed" testListId="8c84fa94-04c1-424b-9868-57a2d4851a1d" relativeResultsDirectory="a0528305-64a5-4936-9891-cb87632546f7" />
    <UnitTestResult executionId="aa225459-f6fa-49dc-970b-fa5d1e3acbf5" testId="621e6a52-b0a2-4dc2-b9ce-4e048ba2dbca" testName="FormatToStringTest1000 (65963.39932440939,65963.40 zł)" computerName="DESKTOP-5URQ9PB" duration="00:00:00.0000061" startTime="2022-06-13T21:11:17.5664826+02:00" endTime="2022-06-13T21:11:17.5665467+02:00" testType="13cdc9d9-ddb5-4fa4-a97d-d965ccfc6d4b" outcome="Passed" testListId="8c84fa94-04c1-424b-9868-57a2d4851a1d" relativeResultsDirectory="aa225459-f6fa-49dc-970b-fa5d1e3acbf5" />
    <UnitTestResult executionId="3c48699c-0a32-4b38-9737-763ef8326110" testId="f1002da0-df5a-4d89-a654-2d77ca0ac973" testName="FormatToStringTest1000 (77919.64716867341,77919.65 zł)" computerName="DESKTOP-5URQ9PB" duration="00:00:00.0000062" startTime="2022-06-13T21:11:17.3268499+02:00" endTime="2022-06-13T21:11:17.3269163+02:00" testType="13cdc9d9-ddb5-4fa4-a97d-d965ccfc6d4b" outcome="Passed" testListId="8c84fa94-04c1-424b-9868-57a2d4851a1d" relativeResultsDirectory="3c48699c-0a32-4b38-9737-763ef8326110" />
    <UnitTestResult executionId="73b64b4e-9743-4533-81ff-60f791d311c3" testId="1469b44b-cb17-4f99-903a-fa18af7b3168" testName="FormatToStringTest1000 (11871.427211910219,11871.43 zł)" computerName="DESKTOP-5URQ9PB" duration="00:00:00.0000271" startTime="2022-06-13T21:11:17.4338771+02:00" endTime="2022-06-13T21:11:17.4341824+02:00" testType="13cdc9d9-ddb5-4fa4-a97d-d965ccfc6d4b" outcome="Passed" testListId="8c84fa94-04c1-424b-9868-57a2d4851a1d" relativeResultsDirectory="73b64b4e-9743-4533-81ff-60f791d311c3" />
    <UnitTestResult executionId="44ecdea7-0227-40cd-a5cc-175e0591a9f1" testId="af62bda2-4201-43f7-905b-f0efdfd51745" testName="FormatToStringTest1000 (19873.59831658453,19873.60 zł)" computerName="DESKTOP-5URQ9PB" duration="00:00:00.0000083" startTime="2022-06-13T21:11:17.5161478+02:00" endTime="2022-06-13T21:11:17.5162417+02:00" testType="13cdc9d9-ddb5-4fa4-a97d-d965ccfc6d4b" outcome="Passed" testListId="8c84fa94-04c1-424b-9868-57a2d4851a1d" relativeResultsDirectory="44ecdea7-0227-40cd-a5cc-175e0591a9f1" />
    <UnitTestResult executionId="4f92a6d1-04f4-4357-8ae2-69120a1803cf" testId="4ae3f4a4-692e-4a8d-9202-e2fe87298f02" testName="FormatToStringTest1000 (37826.846755123166,37826.85 zł)" computerName="DESKTOP-5URQ9PB" duration="00:00:00.0000064" startTime="2022-06-13T21:11:17.4684288+02:00" endTime="2022-06-13T21:11:17.4684992+02:00" testType="13cdc9d9-ddb5-4fa4-a97d-d965ccfc6d4b" outcome="Passed" testListId="8c84fa94-04c1-424b-9868-57a2d4851a1d" relativeResultsDirectory="4f92a6d1-04f4-4357-8ae2-69120a1803cf" />
    <UnitTestResult executionId="908358ab-467f-43ef-af94-16895c59eff5" testId="8fb01b1c-424e-4423-895b-fc3042e1de99" testName="FormatToStringTest1000 (6466.872242818062,6466.87 zł)" computerName="DESKTOP-5URQ9PB" duration="00:00:00.0000079" startTime="2022-06-13T21:11:17.4839118+02:00" endTime="2022-06-13T21:11:17.4840009+02:00" testType="13cdc9d9-ddb5-4fa4-a97d-d965ccfc6d4b" outcome="Passed" testListId="8c84fa94-04c1-424b-9868-57a2d4851a1d" relativeResultsDirectory="908358ab-467f-43ef-af94-16895c59eff5" />
    <UnitTestResult executionId="516656c8-908c-45e9-9eb3-616fc215a415" testId="c9bd6303-2726-4148-a933-14d2e4d139ea" testName="FormatToStringTest1000 (9190.067404299076,9190.07 zł)" computerName="DESKTOP-5URQ9PB" duration="00:00:00.0000060" startTime="2022-06-13T21:11:17.5529410+02:00" endTime="2022-06-13T21:11:17.5530040+02:00" testType="13cdc9d9-ddb5-4fa4-a97d-d965ccfc6d4b" outcome="Passed" testListId="8c84fa94-04c1-424b-9868-57a2d4851a1d" relativeResultsDirectory="516656c8-908c-45e9-9eb3-616fc215a415" />
    <UnitTestResult executionId="0bd89648-6644-4189-a3d2-655311896dd6" testId="60cccbfb-6682-464e-af83-434489080a2e" testName="FormatToStringTest1000 (66723.3293191657,66723.33 zł)" computerName="DESKTOP-5URQ9PB" duration="00:00:00.0000064" startTime="2022-06-13T21:11:17.3098855+02:00" endTime="2022-06-13T21:11:17.3099504+02:00" testType="13cdc9d9-ddb5-4fa4-a97d-d965ccfc6d4b" outcome="Passed" testListId="8c84fa94-04c1-424b-9868-57a2d4851a1d" relativeResultsDirectory="0bd89648-6644-4189-a3d2-655311896dd6" />
    <UnitTestResult executionId="20481a4e-3a3d-49e9-8bf3-a35d2e9266fc" testId="63bca0d0-7524-43e4-982a-e1437b22c9fe" testName="FormatToStringTest1000 (19208.676036795914,19208.68 zł)" computerName="DESKTOP-5URQ9PB" duration="00:00:00.0000061" startTime="2022-06-13T21:11:17.4893148+02:00" endTime="2022-06-13T21:11:17.4893793+02:00" testType="13cdc9d9-ddb5-4fa4-a97d-d965ccfc6d4b" outcome="Passed" testListId="8c84fa94-04c1-424b-9868-57a2d4851a1d" relativeResultsDirectory="20481a4e-3a3d-49e9-8bf3-a35d2e9266fc" />
    <UnitTestResult executionId="52c89961-4ba6-457c-8b6a-94b349302a0c" testId="6ffad62f-8c8d-43e8-bfa8-f2ff1106ff0d" testName="FormatToStringTest1000 (56378.261944644735,56378.26 zł)" computerName="DESKTOP-5URQ9PB" duration="00:00:00.0000062" startTime="2022-06-13T21:11:17.3472087+02:00" endTime="2022-06-13T21:11:17.3472748+02:00" testType="13cdc9d9-ddb5-4fa4-a97d-d965ccfc6d4b" outcome="Passed" testListId="8c84fa94-04c1-424b-9868-57a2d4851a1d" relativeResultsDirectory="52c89961-4ba6-457c-8b6a-94b349302a0c" />
    <UnitTestResult executionId="e2a547b9-0d4e-4dde-a6ea-63725f1e1acc" testId="322c420d-1fae-4997-bed8-ad2b7fab0b6d" testName="FormatToStringTest1000 (2929.267390865026,2929.27 zł)" computerName="DESKTOP-5URQ9PB" duration="00:00:00.0000071" startTime="2022-06-13T21:11:17.5551558+02:00" endTime="2022-06-13T21:11:17.5552315+02:00" testType="13cdc9d9-ddb5-4fa4-a97d-d965ccfc6d4b" outcome="Passed" testListId="8c84fa94-04c1-424b-9868-57a2d4851a1d" relativeResultsDirectory="e2a547b9-0d4e-4dde-a6ea-63725f1e1acc" />
    <UnitTestResult executionId="45501491-4948-4400-8570-e4e5b93226b5" testId="acf5cd42-6f00-40dd-9c5b-0580f9fb1185" testName="FormatToStringTest1000 (16210.791556035536,16210.79 zł)" computerName="DESKTOP-5URQ9PB" duration="00:00:00.0000061" startTime="2022-06-13T21:11:17.5127552+02:00" endTime="2022-06-13T21:11:17.5128196+02:00" testType="13cdc9d9-ddb5-4fa4-a97d-d965ccfc6d4b" outcome="Passed" testListId="8c84fa94-04c1-424b-9868-57a2d4851a1d" relativeResultsDirectory="45501491-4948-4400-8570-e4e5b93226b5" />
    <UnitTestResult executionId="8f60dd58-d797-46dc-b3ad-ed1c0c893f9a" testId="25ceae9d-d9c5-4477-925f-ee036e5e47b4" testName="FormatToStringTest1000 (1562.3173604776698,1562.32 zł)" computerName="DESKTOP-5URQ9PB" duration="00:00:00.0000061" startTime="2022-06-13T21:11:17.3440962+02:00" endTime="2022-06-13T21:11:17.3441629+02:00" testType="13cdc9d9-ddb5-4fa4-a97d-d965ccfc6d4b" outcome="Passed" testListId="8c84fa94-04c1-424b-9868-57a2d4851a1d" relativeResultsDirectory="8f60dd58-d797-46dc-b3ad-ed1c0c893f9a" />
    <UnitTestResult executionId="d688b366-295c-4041-9d21-8f4ed7d2a41c" testId="87ac1651-882b-4173-83ca-65659d8686d7" testName="FormatToStringTest1000 (5810.695934967462,5810.70 zł)" computerName="DESKTOP-5URQ9PB" duration="00:00:00.0000062" startTime="2022-06-13T21:11:17.5870000+02:00" endTime="2022-06-13T21:11:17.5870651+02:00" testType="13cdc9d9-ddb5-4fa4-a97d-d965ccfc6d4b" outcome="Passed" testListId="8c84fa94-04c1-424b-9868-57a2d4851a1d" relativeResultsDirectory="d688b366-295c-4041-9d21-8f4ed7d2a41c" />
    <UnitTestResult executionId="ac948967-5635-478b-9557-3b7f5672fae6" testId="f1c5a84e-58d9-4c79-9dfc-9d56406b592a" testName="FormatToStringTest1000 (2883.637133003975,2883.64 zł)" computerName="DESKTOP-5URQ9PB" duration="00:00:00.0000067" startTime="2022-06-13T21:11:17.5229574+02:00" endTime="2022-06-13T21:11:17.5230209+02:00" testType="13cdc9d9-ddb5-4fa4-a97d-d965ccfc6d4b" outcome="Passed" testListId="8c84fa94-04c1-424b-9868-57a2d4851a1d" relativeResultsDirectory="ac948967-5635-478b-9557-3b7f5672fae6" />
    <UnitTestResult executionId="fbfe4495-a243-44ab-a5f7-75dced4eab89" testId="caab96cc-52fe-4b61-8ef6-cfc3b4be512a" testName="FormatToStringTest1000 (20978.860218282258,20978.86 zł)" computerName="DESKTOP-5URQ9PB" duration="00:00:00.0000075" startTime="2022-06-13T21:11:17.3293000+02:00" endTime="2022-06-13T21:11:17.3293874+02:00" testType="13cdc9d9-ddb5-4fa4-a97d-d965ccfc6d4b" outcome="Passed" testListId="8c84fa94-04c1-424b-9868-57a2d4851a1d" relativeResultsDirectory="fbfe4495-a243-44ab-a5f7-75dced4eab89" />
    <UnitTestResult executionId="5dd8c384-c06e-4d18-afd4-c92da35d181d" testId="f85d48d1-d4ce-4a1f-a493-6a266fdef24d" testName="FormatToStringTest1000 (5396.620088554277,5396.62 zł)" computerName="DESKTOP-5URQ9PB" duration="00:00:00.0000062" startTime="2022-06-13T21:11:17.2322308+02:00" endTime="2022-06-13T21:11:17.2322973+02:00" testType="13cdc9d9-ddb5-4fa4-a97d-d965ccfc6d4b" outcome="Passed" testListId="8c84fa94-04c1-424b-9868-57a2d4851a1d" relativeResultsDirectory="5dd8c384-c06e-4d18-afd4-c92da35d181d" />
    <UnitTestResult executionId="a7e23454-fcba-40f0-b3ce-ec5706d40ef0" testId="d759fbcd-dbba-46b1-80e4-8bbef0180dff" testName="FormatToStringTest1000 (8542.520616738833,8542.52 zł)" computerName="DESKTOP-5URQ9PB" duration="00:00:00.0000061" startTime="2022-06-13T21:11:17.5044351+02:00" endTime="2022-06-13T21:11:17.5044988+02:00" testType="13cdc9d9-ddb5-4fa4-a97d-d965ccfc6d4b" outcome="Passed" testListId="8c84fa94-04c1-424b-9868-57a2d4851a1d" relativeResultsDirectory="a7e23454-fcba-40f0-b3ce-ec5706d40ef0" />
    <UnitTestResult executionId="30c9dedc-a846-49e0-b9c1-61610c201eed" testId="8900668e-6d68-4611-b690-6113843b60e7" testName="FormatToStringTest1000 (3030.9461949132133,3030.95 zł)" computerName="DESKTOP-5URQ9PB" duration="00:00:00.0000064" startTime="2022-06-13T21:11:17.3821989+02:00" endTime="2022-06-13T21:11:17.3822666+02:00" testType="13cdc9d9-ddb5-4fa4-a97d-d965ccfc6d4b" outcome="Passed" testListId="8c84fa94-04c1-424b-9868-57a2d4851a1d" relativeResultsDirectory="30c9dedc-a846-49e0-b9c1-61610c201eed" />
    <UnitTestResult executionId="d553b7a1-9ce8-490b-932a-022d27e10a8d" testId="28a27a67-32c7-4548-8cd7-e10fdaa2d9a2" testName="FormatToStringTest1000 (159.83786031922224,159.84 zł)" computerName="DESKTOP-5URQ9PB" duration="00:00:00.0000067" startTime="2022-06-13T21:11:17.2421712+02:00" endTime="2022-06-13T21:11:17.2422389+02:00" testType="13cdc9d9-ddb5-4fa4-a97d-d965ccfc6d4b" outcome="Passed" testListId="8c84fa94-04c1-424b-9868-57a2d4851a1d" relativeResultsDirectory="d553b7a1-9ce8-490b-932a-022d27e10a8d" />
    <UnitTestResult executionId="b82583c4-7329-4f4d-bd3a-03013fe09ab1" testId="f4e2a437-8326-429a-88fd-8cbf243e4e69" testName="FormatToStringTest1000 (32812.53695512634,32812.54 zł)" computerName="DESKTOP-5URQ9PB" duration="00:00:00.0000073" startTime="2022-06-13T21:11:17.3560573+02:00" endTime="2022-06-13T21:11:17.3561412+02:00" testType="13cdc9d9-ddb5-4fa4-a97d-d965ccfc6d4b" outcome="Passed" testListId="8c84fa94-04c1-424b-9868-57a2d4851a1d" relativeResultsDirectory="b82583c4-7329-4f4d-bd3a-03013fe09ab1" />
    <UnitTestResult executionId="74935fbf-1f56-43e0-a94a-a91d4cd5a809" testId="62f69d8b-2ca9-4e12-a938-70bc4000731e" testName="FormatToStringTest1000 (1898.24149096489,1898.24 zł)" computerName="DESKTOP-5URQ9PB" duration="00:00:00.0000063" startTime="2022-06-13T21:11:17.5074706+02:00" endTime="2022-06-13T21:11:17.5075321+02:00" testType="13cdc9d9-ddb5-4fa4-a97d-d965ccfc6d4b" outcome="Passed" testListId="8c84fa94-04c1-424b-9868-57a2d4851a1d" relativeResultsDirectory="74935fbf-1f56-43e0-a94a-a91d4cd5a809" />
    <UnitTestResult executionId="d774558b-4cf5-4bc7-a39c-6e3bfcfb95ca" testId="affb447e-5d66-4938-8552-e76f30fce568" testName="FormatToStringTest1000 (76536.95853396178,76536.96 zł)" computerName="DESKTOP-5URQ9PB" duration="00:00:00.0000255" startTime="2022-06-13T21:11:17.4402134+02:00" endTime="2022-06-13T21:11:17.4403916+02:00" testType="13cdc9d9-ddb5-4fa4-a97d-d965ccfc6d4b" outcome="Passed" testListId="8c84fa94-04c1-424b-9868-57a2d4851a1d" relativeResultsDirectory="d774558b-4cf5-4bc7-a39c-6e3bfcfb95ca" />
    <UnitTestResult executionId="7db7680b-3292-4459-9669-33ba5067097e" testId="c1a17337-d2da-4312-a8e3-142c0f28dbb5" testName="FormatToStringTest1000 (39146.892120180135,39146.89 zł)" computerName="DESKTOP-5URQ9PB" duration="00:00:00.0000062" startTime="2022-06-13T21:11:17.5751447+02:00" endTime="2022-06-13T21:11:17.5752082+02:00" testType="13cdc9d9-ddb5-4fa4-a97d-d965ccfc6d4b" outcome="Passed" testListId="8c84fa94-04c1-424b-9868-57a2d4851a1d" relativeResultsDirectory="7db7680b-3292-4459-9669-33ba5067097e" />
    <UnitTestResult executionId="b6ca0dca-3d2d-45d8-ad80-84724b742d07" testId="bdb08c8a-3398-468f-935c-77a797a2f8bb" testName="FormatToStringTest1000 (67380.07704875062,67380.08 zł)" computerName="DESKTOP-5URQ9PB" duration="00:00:00.0000064" startTime="2022-06-13T21:11:17.3473774+02:00" endTime="2022-06-13T21:11:17.3474446+02:00" testType="13cdc9d9-ddb5-4fa4-a97d-d965ccfc6d4b" outcome="Passed" testListId="8c84fa94-04c1-424b-9868-57a2d4851a1d" relativeResultsDirectory="b6ca0dca-3d2d-45d8-ad80-84724b742d07" />
    <UnitTestResult executionId="83c6e429-b85d-4fd9-b5d9-1ec1586e91b5" testId="de5310a4-5b5c-4e72-a1de-0c47caa34f2f" testName="FormatToStringTest1000 (6665.405372488035,6665.41 zł)" computerName="DESKTOP-5URQ9PB" duration="00:00:00.0000081" startTime="2022-06-13T21:11:17.3913705+02:00" endTime="2022-06-13T21:11:17.3914685+02:00" testType="13cdc9d9-ddb5-4fa4-a97d-d965ccfc6d4b" outcome="Passed" testListId="8c84fa94-04c1-424b-9868-57a2d4851a1d" relativeResultsDirectory="83c6e429-b85d-4fd9-b5d9-1ec1586e91b5" />
    <UnitTestResult executionId="600e2bce-2e9b-40a9-a390-f7f2e2d184cd" testId="2c48e403-6e24-45d7-9b78-1f6f56b111a3" testName="FormatToStringTest1000 (30020.248557890412,30020.25 zł)" computerName="DESKTOP-5URQ9PB" duration="00:00:00.0000063" startTime="2022-06-13T21:11:17.4721745+02:00" endTime="2022-06-13T21:11:17.4722388+02:00" testType="13cdc9d9-ddb5-4fa4-a97d-d965ccfc6d4b" outcome="Passed" testListId="8c84fa94-04c1-424b-9868-57a2d4851a1d" relativeResultsDirectory="600e2bce-2e9b-40a9-a390-f7f2e2d184cd" />
    <UnitTestResult executionId="359a66ec-ee71-4d92-b8fb-dd5a8ede7777" testId="5002ac52-321c-4da8-b16e-30d3ace2de9a" testName="FormatToStringTest1000 (10370.0107542784,10370.01 zł)" computerName="DESKTOP-5URQ9PB" duration="00:00:00.0000072" startTime="2022-06-13T21:11:17.4142631+02:00" endTime="2022-06-13T21:11:17.4143391+02:00" testType="13cdc9d9-ddb5-4fa4-a97d-d965ccfc6d4b" outcome="Passed" testListId="8c84fa94-04c1-424b-9868-57a2d4851a1d" relativeResultsDirectory="359a66ec-ee71-4d92-b8fb-dd5a8ede7777" />
    <UnitTestResult executionId="95b2a165-6817-431d-aeba-223f306e916f" testId="11a3b71b-c147-4991-9062-61b40a2420d1" testName="FormatToStringTest1000 (41368.29672956015,41368.30 zł)" computerName="DESKTOP-5URQ9PB" duration="00:00:00.0000061" startTime="2022-06-13T21:11:17.3171494+02:00" endTime="2022-06-13T21:11:17.3172153+02:00" testType="13cdc9d9-ddb5-4fa4-a97d-d965ccfc6d4b" outcome="Passed" testListId="8c84fa94-04c1-424b-9868-57a2d4851a1d" relativeResultsDirectory="95b2a165-6817-431d-aeba-223f306e916f" />
    <UnitTestResult executionId="90a82077-6640-45dd-9130-19bf26e02933" testId="8455633f-a432-492e-9d60-b5ae77039a6d" testName="FormatToStringTest1000 (18990.72499258012,18990.72 zł)" computerName="DESKTOP-5URQ9PB" duration="00:00:00.0000073" startTime="2022-06-13T21:11:17.2617023+02:00" endTime="2022-06-13T21:11:17.2618001+02:00" testType="13cdc9d9-ddb5-4fa4-a97d-d965ccfc6d4b" outcome="Passed" testListId="8c84fa94-04c1-424b-9868-57a2d4851a1d" relativeResultsDirectory="90a82077-6640-45dd-9130-19bf26e02933" />
    <UnitTestResult executionId="b94f27e0-e206-466c-8d7e-1b5601afc09f" testId="fa22979b-c631-42ef-bf92-97a2b468f319" testName="FormatToStringTest1000 (16511.26921423537,16511.27 zł)" computerName="DESKTOP-5URQ9PB" duration="00:00:00.0000062" startTime="2022-06-13T21:11:17.5663997+02:00" endTime="2022-06-13T21:11:17.5664646+02:00" testType="13cdc9d9-ddb5-4fa4-a97d-d965ccfc6d4b" outcome="Passed" testListId="8c84fa94-04c1-424b-9868-57a2d4851a1d" relativeResultsDirectory="b94f27e0-e206-466c-8d7e-1b5601afc09f" />
    <UnitTestResult executionId="122b5a91-b8ed-4c9a-ab72-2f1cf5019807" testId="0eeaddfd-b013-4d72-a6bd-4d6dd8cde8a9" testName="FormatToStringTest1000 (8901.937138443784,8901.94 zł)" computerName="DESKTOP-5URQ9PB" duration="00:00:00.0000277" startTime="2022-06-13T21:11:17.4350569+02:00" endTime="2022-06-13T21:11:17.4353503+02:00" testType="13cdc9d9-ddb5-4fa4-a97d-d965ccfc6d4b" outcome="Passed" testListId="8c84fa94-04c1-424b-9868-57a2d4851a1d" relativeResultsDirectory="122b5a91-b8ed-4c9a-ab72-2f1cf5019807" />
    <UnitTestResult executionId="6713c994-2fa4-44c3-a7c3-2c7e0297cee6" testId="24a430a1-714c-4c6a-a46f-c52a87e8b3a1" testName="FormatToStringTest1000 (22557.09603308099,22557.10 zł)" computerName="DESKTOP-5URQ9PB" duration="00:00:00.0000063" startTime="2022-06-13T21:11:17.3502164+02:00" endTime="2022-06-13T21:11:17.3502829+02:00" testType="13cdc9d9-ddb5-4fa4-a97d-d965ccfc6d4b" outcome="Passed" testListId="8c84fa94-04c1-424b-9868-57a2d4851a1d" relativeResultsDirectory="6713c994-2fa4-44c3-a7c3-2c7e0297cee6" />
    <UnitTestResult executionId="84e3fd0f-2367-495e-b209-6b653beea090" testId="2a0a199d-9f41-4f58-acac-ee7be7ebd133" testName="FormatToStringTest1000 (31315.40354898544,31315.40 zł)" computerName="DESKTOP-5URQ9PB" duration="00:00:00.0000061" startTime="2022-06-13T21:11:17.4897238+02:00" endTime="2022-06-13T21:11:17.4897950+02:00" testType="13cdc9d9-ddb5-4fa4-a97d-d965ccfc6d4b" outcome="Passed" testListId="8c84fa94-04c1-424b-9868-57a2d4851a1d" relativeResultsDirectory="84e3fd0f-2367-495e-b209-6b653beea090" />
    <UnitTestResult executionId="bf17b874-a2fb-42d1-ac66-915d254b8e9f" testId="3df7b504-92f2-4b5f-bd13-5d0bb9abdaa0" testName="FormatToStringTest1000 (23789.556920184546,23789.56 zł)" computerName="DESKTOP-5URQ9PB" duration="00:00:00.0000060" startTime="2022-06-13T21:11:17.5723323+02:00" endTime="2022-06-13T21:11:17.5723957+02:00" testType="13cdc9d9-ddb5-4fa4-a97d-d965ccfc6d4b" outcome="Passed" testListId="8c84fa94-04c1-424b-9868-57a2d4851a1d" relativeResultsDirectory="bf17b874-a2fb-42d1-ac66-915d254b8e9f" />
    <UnitTestResult executionId="9b769ea5-ae95-4cf9-badb-87deca910a68" testId="12b5ab72-dc34-4797-a789-480598076cc1" testName="FormatToStringTest1000 (38614.292320713066,38614.29 zł)" computerName="DESKTOP-5URQ9PB" duration="00:00:00.0000062" startTime="2022-06-13T21:11:17.2761353+02:00" endTime="2022-06-13T21:11:17.2762012+02:00" testType="13cdc9d9-ddb5-4fa4-a97d-d965ccfc6d4b" outcome="Passed" testListId="8c84fa94-04c1-424b-9868-57a2d4851a1d" relativeResultsDirectory="9b769ea5-ae95-4cf9-badb-87deca910a68" />
    <UnitTestResult executionId="2117d9c5-fd36-431f-8ec3-1bc556bb0bb7" testId="03e01a87-8df3-420d-8fc7-c70a3fb2f9e4" testName="FormatToStringTest1000 (598.1279707877561,598.13 zł)" computerName="DESKTOP-5URQ9PB" duration="00:00:00.0000062" startTime="2022-06-13T21:11:17.4808245+02:00" endTime="2022-06-13T21:11:17.4808901+02:00" testType="13cdc9d9-ddb5-4fa4-a97d-d965ccfc6d4b" outcome="Passed" testListId="8c84fa94-04c1-424b-9868-57a2d4851a1d" relativeResultsDirectory="2117d9c5-fd36-431f-8ec3-1bc556bb0bb7" />
    <UnitTestResult executionId="028924a0-4289-48fa-a26e-bdc70a86f607" testId="d747cce0-1166-4130-b434-7ea90871ff2b" testName="FormatToStringTest1000 (11989.099505855282,11989.10 zł)" computerName="DESKTOP-5URQ9PB" duration="00:00:00.0000062" startTime="2022-06-13T21:11:17.5870825+02:00" endTime="2022-06-13T21:11:17.5871469+02:00" testType="13cdc9d9-ddb5-4fa4-a97d-d965ccfc6d4b" outcome="Passed" testListId="8c84fa94-04c1-424b-9868-57a2d4851a1d" relativeResultsDirectory="028924a0-4289-48fa-a26e-bdc70a86f607" />
    <UnitTestResult executionId="39c1111d-7511-43c6-acb7-d55949e847f7" testId="9f32fdac-206d-44d1-abee-ce009063c950" testName="FormatToStringTest1000 (40241.790964380736,40241.79 zł)" computerName="DESKTOP-5URQ9PB" duration="00:00:00.0000062" startTime="2022-06-13T21:11:17.5558385+02:00" endTime="2022-06-13T21:11:17.5559025+02:00" testType="13cdc9d9-ddb5-4fa4-a97d-d965ccfc6d4b" outcome="Passed" testListId="8c84fa94-04c1-424b-9868-57a2d4851a1d" relativeResultsDirectory="39c1111d-7511-43c6-acb7-d55949e847f7" />
    <UnitTestResult executionId="5fa3a0f5-bb51-4f2c-b43c-254e5a1f792e" testId="4b32cf5b-4109-4968-8f24-3c076a9bac6c" testName="FormatToStringTest1000 (9657.360676611475,9657.36 zł)" computerName="DESKTOP-5URQ9PB" duration="00:00:00.0000062" startTime="2022-06-13T21:11:17.3916616+02:00" endTime="2022-06-13T21:11:17.3917325+02:00" testType="13cdc9d9-ddb5-4fa4-a97d-d965ccfc6d4b" outcome="Passed" testListId="8c84fa94-04c1-424b-9868-57a2d4851a1d" relativeResultsDirectory="5fa3a0f5-bb51-4f2c-b43c-254e5a1f792e" />
    <UnitTestResult executionId="fa1c2133-2192-4a91-b1b0-3daf07fbb104" testId="5e31a229-7b37-45c1-8fb2-404877ed6331" testName="FormatToStringTest1000 (1739.5853778997368,1739.59 zł)" computerName="DESKTOP-5URQ9PB" duration="00:00:00.0000062" startTime="2022-06-13T21:11:17.2888643+02:00" endTime="2022-06-13T21:11:17.2889316+02:00" testType="13cdc9d9-ddb5-4fa4-a97d-d965ccfc6d4b" outcome="Passed" testListId="8c84fa94-04c1-424b-9868-57a2d4851a1d" relativeResultsDirectory="fa1c2133-2192-4a91-b1b0-3daf07fbb104" />
    <UnitTestResult executionId="8757c091-667d-4dda-8a9a-59780d239900" testId="b66ab029-6b0d-43a4-91f1-2399508c31e1" testName="FormatToStringTest1000 (66284.43763489948,66284.44 zł)" computerName="DESKTOP-5URQ9PB" duration="00:00:00.0000061" startTime="2022-06-13T21:11:17.4750040+02:00" endTime="2022-06-13T21:11:17.4750677+02:00" testType="13cdc9d9-ddb5-4fa4-a97d-d965ccfc6d4b" outcome="Passed" testListId="8c84fa94-04c1-424b-9868-57a2d4851a1d" relativeResultsDirectory="8757c091-667d-4dda-8a9a-59780d239900" />
    <UnitTestResult executionId="553daa05-3f8a-4f97-a2e4-3cb0c2feb3c8" testId="2a2e522b-72fb-4b17-b69f-54f4fcad87ee" testName="FormatToStringTest1000 (15411.371650797022,15411.37 zł)" computerName="DESKTOP-5URQ9PB" duration="00:00:00.0000063" startTime="2022-06-13T21:11:17.3004018+02:00" endTime="2022-06-13T21:11:17.3004676+02:00" testType="13cdc9d9-ddb5-4fa4-a97d-d965ccfc6d4b" outcome="Passed" testListId="8c84fa94-04c1-424b-9868-57a2d4851a1d" relativeResultsDirectory="553daa05-3f8a-4f97-a2e4-3cb0c2feb3c8" />
    <UnitTestResult executionId="72a543b9-047a-41f2-bf20-a1a3886b3fc1" testId="3b7c43c2-ebe4-4d9a-8dc3-7b46bb807528" testName="FormatToStringTest1000 (395.45790295882983,395.46 zł)" computerName="DESKTOP-5URQ9PB" duration="00:00:00.0000062" startTime="2022-06-13T21:11:17.3795664+02:00" endTime="2022-06-13T21:11:17.3796327+02:00" testType="13cdc9d9-ddb5-4fa4-a97d-d965ccfc6d4b" outcome="Passed" testListId="8c84fa94-04c1-424b-9868-57a2d4851a1d" relativeResultsDirectory="72a543b9-047a-41f2-bf20-a1a3886b3fc1" />
    <UnitTestResult executionId="04ac9b95-70b2-4330-9203-386a028644d2" testId="24c42777-d1dd-4bf1-b083-fe26635ce83e" testName="FormatToStringTest1000 (8492.904747505161,8492.90 zł)" computerName="DESKTOP-5URQ9PB" duration="00:00:00.0000060" startTime="2022-06-13T21:11:17.5076303+02:00" endTime="2022-06-13T21:11:17.5076934+02:00" testType="13cdc9d9-ddb5-4fa4-a97d-d965ccfc6d4b" outcome="Passed" testListId="8c84fa94-04c1-424b-9868-57a2d4851a1d" relativeResultsDirectory="04ac9b95-70b2-4330-9203-386a028644d2" />
    <UnitTestResult executionId="38763def-b817-4b37-a3d6-0ada988ca667" testId="ac6dc624-56e2-420a-9ebb-d26e9ac4244d" testName="FormatToStringTest1000 (1884.4923513031063,1884.49 zł)" computerName="DESKTOP-5URQ9PB" duration="00:00:00.0000063" startTime="2022-06-13T21:11:17.4452784+02:00" endTime="2022-06-13T21:11:17.4453435+02:00" testType="13cdc9d9-ddb5-4fa4-a97d-d965ccfc6d4b" outcome="Passed" testListId="8c84fa94-04c1-424b-9868-57a2d4851a1d" relativeResultsDirectory="38763def-b817-4b37-a3d6-0ada988ca667" />
    <UnitTestResult executionId="eea24d38-d035-4b55-a10f-8722e68bf36f" testId="bf4429e6-990f-410c-9b8f-d3d5c90e966b" testName="FormatToStringTest1000 (27629.79121039193,27629.79 zł)" computerName="DESKTOP-5URQ9PB" duration="00:00:00.0000062" startTime="2022-06-13T21:11:17.3624812+02:00" endTime="2022-06-13T21:11:17.3625471+02:00" testType="13cdc9d9-ddb5-4fa4-a97d-d965ccfc6d4b" outcome="Passed" testListId="8c84fa94-04c1-424b-9868-57a2d4851a1d" relativeResultsDirectory="eea24d38-d035-4b55-a10f-8722e68bf36f" />
    <UnitTestResult executionId="e967e559-b3cb-41c8-876d-6b7cc7fc7fa1" testId="c45ff534-3e12-4711-981b-6a71bf26a804" testName="FormatToStringTest1000 (16819.974312979717,16819.97 zł)" computerName="DESKTOP-5URQ9PB" duration="00:00:00.0000061" startTime="2022-06-13T21:11:17.3732913+02:00" endTime="2022-06-13T21:11:17.3733574+02:00" testType="13cdc9d9-ddb5-4fa4-a97d-d965ccfc6d4b" outcome="Passed" testListId="8c84fa94-04c1-424b-9868-57a2d4851a1d" relativeResultsDirectory="e967e559-b3cb-41c8-876d-6b7cc7fc7fa1" />
    <UnitTestResult executionId="2376a33d-abd5-4ebc-b561-8b96bc52b84a" testId="1931fa68-c258-4be7-a35d-97ed2d241358" testName="FormatToStringTest1000 (14867.726341984107,14867.73 zł)" computerName="DESKTOP-5URQ9PB" duration="00:00:00.0000062" startTime="2022-06-13T21:11:17.4652092+02:00" endTime="2022-06-13T21:11:17.4652749+02:00" testType="13cdc9d9-ddb5-4fa4-a97d-d965ccfc6d4b" outcome="Passed" testListId="8c84fa94-04c1-424b-9868-57a2d4851a1d" relativeResultsDirectory="2376a33d-abd5-4ebc-b561-8b96bc52b84a" />
    <UnitTestResult executionId="20fb75a3-349b-4917-a02d-6ea8f4129921" testId="6b2535e3-c660-4754-bc75-df5f2ed37e3d" testName="FormatToStringTest1000 (13681.607566007231,13681.61 zł)" computerName="DESKTOP-5URQ9PB" duration="00:00:00.0000069" startTime="2022-06-13T21:11:17.4450120+02:00" endTime="2022-06-13T21:11:17.4450871+02:00" testType="13cdc9d9-ddb5-4fa4-a97d-d965ccfc6d4b" outcome="Passed" testListId="8c84fa94-04c1-424b-9868-57a2d4851a1d" relativeResultsDirectory="20fb75a3-349b-4917-a02d-6ea8f4129921" />
    <UnitTestResult executionId="aa51201b-0e80-4dad-a834-f880f41c9291" testId="ff81b220-04ed-452d-b20b-1d2249ca721c" testName="FormatToStringTest1000 (4612.32080757633,4612.32 zł)" computerName="DESKTOP-5URQ9PB" duration="00:00:00.0000062" startTime="2022-06-13T21:11:17.5490474+02:00" endTime="2022-06-13T21:11:17.5491091+02:00" testType="13cdc9d9-ddb5-4fa4-a97d-d965ccfc6d4b" outcome="Passed" testListId="8c84fa94-04c1-424b-9868-57a2d4851a1d" relativeResultsDirectory="aa51201b-0e80-4dad-a834-f880f41c9291" />
    <UnitTestResult executionId="5d4bca5e-2a46-4df5-a57c-10f2d96b1826" testId="a53f1b4c-e56c-43c5-9e1c-d07378dfb81f" testName="FormatToStringTest1000 (10511.7304983189,10511.73 zł)" computerName="DESKTOP-5URQ9PB" duration="00:00:00.0000066" startTime="2022-06-13T21:11:17.3689945+02:00" endTime="2022-06-13T21:11:17.3690646+02:00" testType="13cdc9d9-ddb5-4fa4-a97d-d965ccfc6d4b" outcome="Passed" testListId="8c84fa94-04c1-424b-9868-57a2d4851a1d" relativeResultsDirectory="5d4bca5e-2a46-4df5-a57c-10f2d96b1826" />
    <UnitTestResult executionId="109a6a6a-2c87-4f14-9960-4aeabbf81018" testId="4d151a5a-3241-4c14-a637-7fe220ec65eb" testName="FormatToStringTest1000 (17798.633951516185,17798.63 zł)" computerName="DESKTOP-5URQ9PB" duration="00:00:00.0000062" startTime="2022-06-13T21:11:17.4178302+02:00" endTime="2022-06-13T21:11:17.4178959+02:00" testType="13cdc9d9-ddb5-4fa4-a97d-d965ccfc6d4b" outcome="Passed" testListId="8c84fa94-04c1-424b-9868-57a2d4851a1d" relativeResultsDirectory="109a6a6a-2c87-4f14-9960-4aeabbf81018" />
    <UnitTestResult executionId="1ba7325d-3f8d-4595-a621-5a7b33165e1f" testId="7fed1569-2209-42a2-a938-61d86bd204fd" testName="FormatToStringTest1000 (13286.856387228174,13286.86 zł)" computerName="DESKTOP-5URQ9PB" duration="00:00:00.0000062" startTime="2022-06-13T21:11:17.5232959+02:00" endTime="2022-06-13T21:11:17.5233656+02:00" testType="13cdc9d9-ddb5-4fa4-a97d-d965ccfc6d4b" outcome="Passed" testListId="8c84fa94-04c1-424b-9868-57a2d4851a1d" relativeResultsDirectory="1ba7325d-3f8d-4595-a621-5a7b33165e1f" />
    <UnitTestResult executionId="bcf47cb7-0459-4266-b2f8-4e287d02bdcc" testId="938a782d-c07b-4511-887b-53272fbf17cf" testName="FormatToStringTest1000 (31340.79231238914,31340.79 zł)" computerName="DESKTOP-5URQ9PB" duration="00:00:00.0000068" startTime="2022-06-13T21:11:17.3068528+02:00" endTime="2022-06-13T21:11:17.3069197+02:00" testType="13cdc9d9-ddb5-4fa4-a97d-d965ccfc6d4b" outcome="Passed" testListId="8c84fa94-04c1-424b-9868-57a2d4851a1d" relativeResultsDirectory="bcf47cb7-0459-4266-b2f8-4e287d02bdcc" />
    <UnitTestResult executionId="af87a4a0-421e-4381-978f-3351bf6de9dd" testId="d447d104-4a14-4e04-9ec3-8ecfca385efe" testName="FormatToStringTest1000 (1549.6599114973376,1549.66 zł)" computerName="DESKTOP-5URQ9PB" duration="00:00:00.0000061" startTime="2022-06-13T21:11:17.5815603+02:00" endTime="2022-06-13T21:11:17.5816250+02:00" testType="13cdc9d9-ddb5-4fa4-a97d-d965ccfc6d4b" outcome="Passed" testListId="8c84fa94-04c1-424b-9868-57a2d4851a1d" relativeResultsDirectory="af87a4a0-421e-4381-978f-3351bf6de9dd" />
    <UnitTestResult executionId="546afe12-8227-4c30-9840-0e14b31225e8" testId="fc4d338b-fec8-4873-875e-aaf760c0e882" testName="FormatToStringTest1000 (1474.699818629166,1474.70 zł)" computerName="DESKTOP-5URQ9PB" duration="00:00:00.0000064" startTime="2022-06-13T21:11:17.5579792+02:00" endTime="2022-06-13T21:11:17.5580441+02:00" testType="13cdc9d9-ddb5-4fa4-a97d-d965ccfc6d4b" outcome="Passed" testListId="8c84fa94-04c1-424b-9868-57a2d4851a1d" relativeResultsDirectory="546afe12-8227-4c30-9840-0e14b31225e8" />
    <UnitTestResult executionId="3c89975c-0e99-427e-b63e-beb5b7f78e65" testId="d820a0aa-f8ba-4ed2-b5ce-e1e978d91a6b" testName="FormatToStringTest1000 (26529.10838037036,26529.11 zł)" computerName="DESKTOP-5URQ9PB" duration="00:00:00.0000062" startTime="2022-06-13T21:11:17.5720918+02:00" endTime="2022-06-13T21:11:17.5721560+02:00" testType="13cdc9d9-ddb5-4fa4-a97d-d965ccfc6d4b" outcome="Passed" testListId="8c84fa94-04c1-424b-9868-57a2d4851a1d" relativeResultsDirectory="3c89975c-0e99-427e-b63e-beb5b7f78e65" />
    <UnitTestResult executionId="908b34c2-9bf2-4102-9648-61ec29664d5a" testId="6278f2c7-0ae5-47ed-8c87-8cb660d667ba" testName="FormatToStringTest1000 (28502.61128259758,28502.61 zł)" computerName="DESKTOP-5URQ9PB" duration="00:00:00.0000063" startTime="2022-06-13T21:11:17.2511372+02:00" endTime="2022-06-13T21:11:17.2512064+02:00" testType="13cdc9d9-ddb5-4fa4-a97d-d965ccfc6d4b" outcome="Passed" testListId="8c84fa94-04c1-424b-9868-57a2d4851a1d" relativeResultsDirectory="908b34c2-9bf2-4102-9648-61ec29664d5a" />
    <UnitTestResult executionId="2aac6931-f9ec-4828-91a9-7e8e5dff815b" testId="851bfcf6-3010-4d83-9020-cda004046d21" testName="FormatToStringTest1000 (23548.88067407016,23548.88 zł)" computerName="DESKTOP-5URQ9PB" duration="00:00:00.0000064" startTime="2022-06-13T21:11:17.3297877+02:00" endTime="2022-06-13T21:11:17.3298606+02:00" testType="13cdc9d9-ddb5-4fa4-a97d-d965ccfc6d4b" outcome="Passed" testListId="8c84fa94-04c1-424b-9868-57a2d4851a1d" relativeResultsDirectory="2aac6931-f9ec-4828-91a9-7e8e5dff815b" />
    <UnitTestResult executionId="cb30769d-edea-4636-a711-9f771ed31556" testId="1b94db7c-2db4-4f4a-a91c-7a8f87323262" testName="FormatToStringTest1000 (22604.838218828587,22604.84 zł)" computerName="DESKTOP-5URQ9PB" duration="00:00:00.0000061" startTime="2022-06-13T21:11:17.2420862+02:00" endTime="2022-06-13T21:11:17.2421529+02:00" testType="13cdc9d9-ddb5-4fa4-a97d-d965ccfc6d4b" outcome="Passed" testListId="8c84fa94-04c1-424b-9868-57a2d4851a1d" relativeResultsDirectory="cb30769d-edea-4636-a711-9f771ed31556" />
    <UnitTestResult executionId="c9a3a51b-e992-432d-863a-9c2c11686b14" testId="4be176e7-bab0-4504-afbb-47f688d22c42" testName="FormatToStringTest1000 (1669.555150571072,1669.56 zł)" computerName="DESKTOP-5URQ9PB" duration="00:00:00.0000065" startTime="2022-06-13T21:11:17.5697648+02:00" endTime="2022-06-13T21:11:17.5698298+02:00" testType="13cdc9d9-ddb5-4fa4-a97d-d965ccfc6d4b" outcome="Passed" testListId="8c84fa94-04c1-424b-9868-57a2d4851a1d" relativeResultsDirectory="c9a3a51b-e992-432d-863a-9c2c11686b14" />
    <UnitTestResult executionId="0b91f2b5-8753-4e14-99bb-22e0bfc8668f" testId="c90c9729-0325-40c5-b631-c17580b144c3" testName="FormatToStringTest1000 (4030.673117592313,4030.67 zł)" computerName="DESKTOP-5URQ9PB" duration="00:00:00.0000063" startTime="2022-06-13T21:11:17.3534150+02:00" endTime="2022-06-13T21:11:17.3534816+02:00" testType="13cdc9d9-ddb5-4fa4-a97d-d965ccfc6d4b" outcome="Passed" testListId="8c84fa94-04c1-424b-9868-57a2d4851a1d" relativeResultsDirectory="0b91f2b5-8753-4e14-99bb-22e0bfc8668f" />
    <UnitTestResult executionId="c0989292-762a-4946-ba10-c854e9df54ca" testId="34462ac4-f69a-4ea8-9a42-73d937d16b06" testName="FormatToStringTest1000 (14459.57059750686,14459.57 zł)" computerName="DESKTOP-5URQ9PB" duration="00:00:00.0000064" startTime="2022-06-13T21:11:17.3362729+02:00" endTime="2022-06-13T21:11:17.3363468+02:00" testType="13cdc9d9-ddb5-4fa4-a97d-d965ccfc6d4b" outcome="Passed" testListId="8c84fa94-04c1-424b-9868-57a2d4851a1d" relativeResultsDirectory="c0989292-762a-4946-ba10-c854e9df54ca" />
    <UnitTestResult executionId="97ffbee1-5e56-45e0-b444-ec8e0bdf1d5d" testId="04657672-30e1-4473-9420-21dbe1ab6985" testName="FormatToStringTest1000 (26885.71162707904,26885.71 zł)" computerName="DESKTOP-5URQ9PB" duration="00:00:00.0000064" startTime="2022-06-13T21:11:17.2726840+02:00" endTime="2022-06-13T21:11:17.2727593+02:00" testType="13cdc9d9-ddb5-4fa4-a97d-d965ccfc6d4b" outcome="Passed" testListId="8c84fa94-04c1-424b-9868-57a2d4851a1d" relativeResultsDirectory="97ffbee1-5e56-45e0-b444-ec8e0bdf1d5d" />
    <UnitTestResult executionId="cacdfafe-07db-4eeb-8f25-5d85c102f08f" testId="abfc4d9f-cb84-44c7-9b8a-1a91a09ca8d7" testName="FormatToStringTest1000 (10268.547802396373,10268.55 zł)" computerName="DESKTOP-5URQ9PB" duration="00:00:00.0000070" startTime="2022-06-13T21:11:17.2583391+02:00" endTime="2022-06-13T21:11:17.2584285+02:00" testType="13cdc9d9-ddb5-4fa4-a97d-d965ccfc6d4b" outcome="Passed" testListId="8c84fa94-04c1-424b-9868-57a2d4851a1d" relativeResultsDirectory="cacdfafe-07db-4eeb-8f25-5d85c102f08f" />
    <UnitTestResult executionId="1c4b75c8-f292-48cd-88a0-979b6a3fd962" testId="62eebd1b-7b38-43d0-b064-a82c54c2cb54" testName="FormatToStringTest1000 (18596.12661189033,18596.13 zł)" computerName="DESKTOP-5URQ9PB" duration="00:00:00.0000063" startTime="2022-06-13T21:11:17.4568579+02:00" endTime="2022-06-13T21:11:17.4569235+02:00" testType="13cdc9d9-ddb5-4fa4-a97d-d965ccfc6d4b" outcome="Passed" testListId="8c84fa94-04c1-424b-9868-57a2d4851a1d" relativeResultsDirectory="1c4b75c8-f292-48cd-88a0-979b6a3fd962" />
    <UnitTestResult executionId="d540c5e1-b26a-40ad-8672-2674c1d14088" testId="7a58ef7a-6cad-4b71-861b-7b77caffb5a8" testName="FormatToStringTest1000 (9754.291367935619,9754.29 zł)" computerName="DESKTOP-5URQ9PB" duration="00:00:00.0000063" startTime="2022-06-13T21:11:17.5924733+02:00" endTime="2022-06-13T21:11:17.5925389+02:00" testType="13cdc9d9-ddb5-4fa4-a97d-d965ccfc6d4b" outcome="Passed" testListId="8c84fa94-04c1-424b-9868-57a2d4851a1d" relativeResultsDirectory="d540c5e1-b26a-40ad-8672-2674c1d14088" />
    <UnitTestResult executionId="681b4c70-51fb-4f17-8f4b-197bcda11b04" testId="9039d043-a121-4449-a1be-2db260571a45" testName="FormatToStringTest1000 (24030.724859085738,24030.72 zł)" computerName="DESKTOP-5URQ9PB" duration="00:00:00.0000060" startTime="2022-06-13T21:11:17.5530209+02:00" endTime="2022-06-13T21:11:17.5530848+02:00" testType="13cdc9d9-ddb5-4fa4-a97d-d965ccfc6d4b" outcome="Passed" testListId="8c84fa94-04c1-424b-9868-57a2d4851a1d" relativeResultsDirectory="681b4c70-51fb-4f17-8f4b-197bcda11b04" />
    <UnitTestResult executionId="3259b1e0-bc8f-42ca-b808-45483b1cc3c1" testId="a4163075-d094-4a02-9694-6be016d58fad" testName="FormatToStringTest1000 (19085.023282992664,19085.02 zł)" computerName="DESKTOP-5URQ9PB" duration="00:00:00.0000062" startTime="2022-06-13T21:11:17.4599539+02:00" endTime="2022-06-13T21:11:17.4600168+02:00" testType="13cdc9d9-ddb5-4fa4-a97d-d965ccfc6d4b" outcome="Passed" testListId="8c84fa94-04c1-424b-9868-57a2d4851a1d" relativeResultsDirectory="3259b1e0-bc8f-42ca-b808-45483b1cc3c1" />
    <UnitTestResult executionId="f5e678e5-2474-4947-9cdb-809fd02256bd" testId="5aaa216a-ed7c-489c-ba33-049a7e7f4c6d" testName="FormatToStringTest1000 (26133.133789601336,26133.13 zł)" computerName="DESKTOP-5URQ9PB" duration="00:00:00.0000064" startTime="2022-06-13T21:11:17.2692566+02:00" endTime="2022-06-13T21:11:17.2693319+02:00" testType="13cdc9d9-ddb5-4fa4-a97d-d965ccfc6d4b" outcome="Passed" testListId="8c84fa94-04c1-424b-9868-57a2d4851a1d" relativeResultsDirectory="f5e678e5-2474-4947-9cdb-809fd02256bd" />
    <UnitTestResult executionId="f7f77318-3a35-430d-ba41-29151f9c54d2" testId="848b6894-c43e-49d9-86af-d1d9fc888deb" testName="FormatToStringTest1000 (30138.55109863102,30138.55 zł)" computerName="DESKTOP-5URQ9PB" duration="00:00:00.0000063" startTime="2022-06-13T21:11:17.4774820+02:00" endTime="2022-06-13T21:11:17.4775476+02:00" testType="13cdc9d9-ddb5-4fa4-a97d-d965ccfc6d4b" outcome="Passed" testListId="8c84fa94-04c1-424b-9868-57a2d4851a1d" relativeResultsDirectory="f7f77318-3a35-430d-ba41-29151f9c54d2" />
    <UnitTestResult executionId="b168cf59-f5ce-4986-890e-3fc623919ee6" testId="b14f11ed-7c7d-4ad8-aa8d-98d865bf2142" testName="FormatToStringTest1000 (9818.257405763146,9818.26 zł)" computerName="DESKTOP-5URQ9PB" duration="00:00:00.0000063" startTime="2022-06-13T21:11:17.5017151+02:00" endTime="2022-06-13T21:11:17.5017857+02:00" testType="13cdc9d9-ddb5-4fa4-a97d-d965ccfc6d4b" outcome="Passed" testListId="8c84fa94-04c1-424b-9868-57a2d4851a1d" relativeResultsDirectory="b168cf59-f5ce-4986-890e-3fc623919ee6" />
    <UnitTestResult executionId="d086ed09-8e0a-4807-8e0b-63681b05f694" testId="b528304d-81fc-41d7-86d9-1bb49f7d1ab8" testName="FormatToStringTest1000 (5628.028273674672,5628.03 zł)" computerName="DESKTOP-5URQ9PB" duration="00:00:00.0000064" startTime="2022-06-13T21:11:17.1867402+02:00" endTime="2022-06-13T21:11:17.1868094+02:00" testType="13cdc9d9-ddb5-4fa4-a97d-d965ccfc6d4b" outcome="Passed" testListId="8c84fa94-04c1-424b-9868-57a2d4851a1d" relativeResultsDirectory="d086ed09-8e0a-4807-8e0b-63681b05f694" />
    <UnitTestResult executionId="d5dde37b-756d-4def-96c2-161f1069c51d" testId="50ac0cc2-8230-4097-ba31-cc094e735556" testName="FormatToStringTest1000 (10914.360814625099,10914.36 zł)" computerName="DESKTOP-5URQ9PB" duration="00:00:00.0000063" startTime="2022-06-13T21:11:17.1868277+02:00" endTime="2022-06-13T21:11:17.1868949+02:00" testType="13cdc9d9-ddb5-4fa4-a97d-d965ccfc6d4b" outcome="Passed" testListId="8c84fa94-04c1-424b-9868-57a2d4851a1d" relativeResultsDirectory="d5dde37b-756d-4def-96c2-161f1069c51d" />
    <UnitTestResult executionId="2eba042f-1f02-4698-9a68-d94e639525f9" testId="2e4ccd80-e8bd-413b-8f52-068322e9541f" testName="FormatToStringTest1000 (803.2448148733214,803.24 zł)" computerName="DESKTOP-5URQ9PB" duration="00:00:00.0000061" startTime="2022-06-13T21:11:17.5638263+02:00" endTime="2022-06-13T21:11:17.5638901+02:00" testType="13cdc9d9-ddb5-4fa4-a97d-d965ccfc6d4b" outcome="Passed" testListId="8c84fa94-04c1-424b-9868-57a2d4851a1d" relativeResultsDirectory="2eba042f-1f02-4698-9a68-d94e639525f9" />
    <UnitTestResult executionId="25256a1c-d9f8-48c5-9803-df21fcccd77e" testId="14f9660d-a062-4541-b9c3-a28c1f308011" testName="FormatToStringTest1000 (577.6071367564645,577.61 zł)" computerName="DESKTOP-5URQ9PB" duration="00:00:00.0000060" startTime="2022-06-13T21:11:17.5585461+02:00" endTime="2022-06-13T21:11:17.5586099+02:00" testType="13cdc9d9-ddb5-4fa4-a97d-d965ccfc6d4b" outcome="Passed" testListId="8c84fa94-04c1-424b-9868-57a2d4851a1d" relativeResultsDirectory="25256a1c-d9f8-48c5-9803-df21fcccd77e" />
    <UnitTestResult executionId="1de71e2f-9fd5-41db-813e-b302dbb1c730" testId="beb396c5-8d97-4b97-a2c4-72b2190bee1e" testName="FormatToStringTest1000 (23980.12943509646,23980.13 zł)" computerName="DESKTOP-5URQ9PB" duration="00:00:00.0000062" startTime="2022-06-13T21:11:17.2856351+02:00" endTime="2022-06-13T21:11:17.2857023+02:00" testType="13cdc9d9-ddb5-4fa4-a97d-d965ccfc6d4b" outcome="Passed" testListId="8c84fa94-04c1-424b-9868-57a2d4851a1d" relativeResultsDirectory="1de71e2f-9fd5-41db-813e-b302dbb1c730" />
    <UnitTestResult executionId="2fa97078-c58a-4ca3-a90c-9ababdc38cd4" testId="79a5f187-0604-4f7d-b98b-839ff943d453" testName="FormatToStringTest1000 (15600.245951180927,15600.25 zł)" computerName="DESKTOP-5URQ9PB" duration="00:00:00.0000063" startTime="2022-06-13T21:11:17.4023779+02:00" endTime="2022-06-13T21:11:17.4024445+02:00" testType="13cdc9d9-ddb5-4fa4-a97d-d965ccfc6d4b" outcome="Passed" testListId="8c84fa94-04c1-424b-9868-57a2d4851a1d" relativeResultsDirectory="2fa97078-c58a-4ca3-a90c-9ababdc38cd4" />
    <UnitTestResult executionId="b1f4379e-5e17-4e51-b1f0-0a39098b2626" testId="30c2b3ef-a441-4b67-afff-00fb3a43a453" testName="FormatToStringTest1000 (3646.857719214101,3646.86 zł)" computerName="DESKTOP-5URQ9PB" duration="00:00:00.0000062" startTime="2022-06-13T21:11:17.3983936+02:00" endTime="2022-06-13T21:11:17.3984654+02:00" testType="13cdc9d9-ddb5-4fa4-a97d-d965ccfc6d4b" outcome="Passed" testListId="8c84fa94-04c1-424b-9868-57a2d4851a1d" relativeResultsDirectory="b1f4379e-5e17-4e51-b1f0-0a39098b2626" />
    <UnitTestResult executionId="183cf4b4-106b-4a5e-9a79-78a9f8fc6804" testId="753178b3-2015-4560-aed3-6f579ada6f30" testName="FormatToStringTest1000 (4636.500544966897,4636.50 zł)" computerName="DESKTOP-5URQ9PB" duration="00:00:00.0000062" startTime="2022-06-13T21:11:17.4954103+02:00" endTime="2022-06-13T21:11:17.4954793+02:00" testType="13cdc9d9-ddb5-4fa4-a97d-d965ccfc6d4b" outcome="Passed" testListId="8c84fa94-04c1-424b-9868-57a2d4851a1d" relativeResultsDirectory="183cf4b4-106b-4a5e-9a79-78a9f8fc6804" />
    <UnitTestResult executionId="0b6dc245-d021-4693-9e80-bb59a99e8077" testId="f5f3fefc-7163-4461-a77b-2fbfb0786e2d" testName="FormatToStringTest1000 (33699.13042082038,33699.13 zł)" computerName="DESKTOP-5URQ9PB" duration="00:00:00.0000075" startTime="2022-06-13T21:11:17.4801145+02:00" endTime="2022-06-13T21:11:17.4801968+02:00" testType="13cdc9d9-ddb5-4fa4-a97d-d965ccfc6d4b" outcome="Passed" testListId="8c84fa94-04c1-424b-9868-57a2d4851a1d" relativeResultsDirectory="0b6dc245-d021-4693-9e80-bb59a99e8077" />
    <UnitTestResult executionId="2ee1b318-8667-4464-8f81-16bfc85a101c" testId="142ee18e-6c0d-4ea1-85bd-66c2072f3820" testName="FormatToStringTest1000 (32218.080508120394,32218.08 zł)" computerName="DESKTOP-5URQ9PB" duration="00:00:00.0000066" startTime="2022-06-13T21:11:17.2656123+02:00" endTime="2022-06-13T21:11:17.2656915+02:00" testType="13cdc9d9-ddb5-4fa4-a97d-d965ccfc6d4b" outcome="Passed" testListId="8c84fa94-04c1-424b-9868-57a2d4851a1d" relativeResultsDirectory="2ee1b318-8667-4464-8f81-16bfc85a101c" />
    <UnitTestResult executionId="d386b1a4-667d-42b4-8498-942121d3716c" testId="44f37eef-83fe-4134-bbc9-da51e58b66b2" testName="FormatToStringTest1000 (16388.556189478633,16388.56 zł)" computerName="DESKTOP-5URQ9PB" duration="00:00:00.0000063" startTime="2022-06-13T21:11:17.5232076+02:00" endTime="2022-06-13T21:11:17.5232788+02:00" testType="13cdc9d9-ddb5-4fa4-a97d-d965ccfc6d4b" outcome="Passed" testListId="8c84fa94-04c1-424b-9868-57a2d4851a1d" relativeResultsDirectory="d386b1a4-667d-42b4-8498-942121d3716c" />
    <UnitTestResult executionId="aedb072f-8599-43b1-99a2-5b4cecd78167" testId="0d3bc408-215f-49a0-80c2-e0bebd9b0a48" testName="FormatToStringTest1000 (47431.868885526375,47431.87 zł)" computerName="DESKTOP-5URQ9PB" duration="00:00:00.0000323" startTime="2022-06-13T21:11:17.4443844+02:00" endTime="2022-06-13T21:11:17.4446023+02:00" testType="13cdc9d9-ddb5-4fa4-a97d-d965ccfc6d4b" outcome="Passed" testListId="8c84fa94-04c1-424b-9868-57a2d4851a1d" relativeResultsDirectory="aedb072f-8599-43b1-99a2-5b4cecd78167" />
    <UnitTestResult executionId="2ce02bf7-540a-4f26-b1ae-5856e3fb4a19" testId="7729d848-ecd8-437a-93d5-9821173e9596" testName="FormatToStringTest1000 (58902.704109088845,58902.70 zł)" computerName="DESKTOP-5URQ9PB" duration="00:00:00.0000061" startTime="2022-06-13T21:11:17.5556569+02:00" endTime="2022-06-13T21:11:17.5557204+02:00" testType="13cdc9d9-ddb5-4fa4-a97d-d965ccfc6d4b" outcome="Passed" testListId="8c84fa94-04c1-424b-9868-57a2d4851a1d" relativeResultsDirectory="2ce02bf7-540a-4f26-b1ae-5856e3fb4a19" />
    <UnitTestResult executionId="209ff326-3b90-4d82-bd8c-e80865e1c5a2" testId="f488a6c0-d96d-4b31-81c2-e05bb45ddaef" testName="FormatToStringTest1000 (7671.0039663785155,7671.00 zł)" computerName="DESKTOP-5URQ9PB" duration="00:00:00.0000087" startTime="2022-06-13T21:11:17.5227566+02:00" endTime="2022-06-13T21:11:17.5228515+02:00" testType="13cdc9d9-ddb5-4fa4-a97d-d965ccfc6d4b" outcome="Passed" testListId="8c84fa94-04c1-424b-9868-57a2d4851a1d" relativeResultsDirectory="209ff326-3b90-4d82-bd8c-e80865e1c5a2" />
    <UnitTestResult executionId="8a7e1e71-b204-4683-bfdb-34282e637340" testId="bb2480e9-2ea5-4f73-8449-d358c0a61d8a" testName="FormatToStringTest1000 (5840.747097845071,5840.75 zł)" computerName="DESKTOP-5URQ9PB" duration="00:00:00.0000064" startTime="2022-06-13T21:11:17.5234810+02:00" endTime="2022-06-13T21:11:17.5235500+02:00" testType="13cdc9d9-ddb5-4fa4-a97d-d965ccfc6d4b" outcome="Passed" testListId="8c84fa94-04c1-424b-9868-57a2d4851a1d" relativeResultsDirectory="8a7e1e71-b204-4683-bfdb-34282e637340" />
    <UnitTestResult executionId="b702bde2-cc90-4042-8528-52c0f99c2c42" testId="fbc4a29e-aeef-42b5-82b2-d6dba8682ea6" testName="FormatToStringTest1000 (2166.4103293970275,2166.41 zł)" computerName="DESKTOP-5URQ9PB" duration="00:00:00.0000061" startTime="2022-06-13T21:11:17.4177451+02:00" endTime="2022-06-13T21:11:17.4178126+02:00" testType="13cdc9d9-ddb5-4fa4-a97d-d965ccfc6d4b" outcome="Passed" testListId="8c84fa94-04c1-424b-9868-57a2d4851a1d" relativeResultsDirectory="b702bde2-cc90-4042-8528-52c0f99c2c42" />
    <UnitTestResult executionId="39810885-fb01-447c-95d5-680b06d3c546" testId="6d43606b-6837-4abc-a3d6-106f00aa35d5" testName="FormatToStringTest1000 (17835.54606576988,17835.55 zł)" computerName="DESKTOP-5URQ9PB" duration="00:00:00.0000063" startTime="2022-06-13T21:11:17.2725983+02:00" endTime="2022-06-13T21:11:17.2726663+02:00" testType="13cdc9d9-ddb5-4fa4-a97d-d965ccfc6d4b" outcome="Passed" testListId="8c84fa94-04c1-424b-9868-57a2d4851a1d" relativeResultsDirectory="39810885-fb01-447c-95d5-680b06d3c546" />
    <UnitTestResult executionId="e9c8a53e-8666-47da-8ed1-806a6cb8111c" testId="6ccbb414-79f9-4ec2-b73e-c8d06566a14f" testName="FormatToStringTest1000 (16402.16316587206,16402.16 zł)" computerName="DESKTOP-5URQ9PB" duration="00:00:00.0000062" startTime="2022-06-13T21:11:17.4021250+02:00" endTime="2022-06-13T21:11:17.4021920+02:00" testType="13cdc9d9-ddb5-4fa4-a97d-d965ccfc6d4b" outcome="Passed" testListId="8c84fa94-04c1-424b-9868-57a2d4851a1d" relativeResultsDirectory="e9c8a53e-8666-47da-8ed1-806a6cb8111c" />
    <UnitTestResult executionId="59221d12-601a-4442-b588-1d6a184b4468" testId="87e13c16-b20c-4a70-bf49-e0b29aad6921" testName="FormatToStringTest1000 (1662.8482664818168,1662.85 zł)" computerName="DESKTOP-5URQ9PB" duration="00:00:00.0000070" startTime="2022-06-13T21:11:17.4773882+02:00" endTime="2022-06-13T21:11:17.4774637+02:00" testType="13cdc9d9-ddb5-4fa4-a97d-d965ccfc6d4b" outcome="Passed" testListId="8c84fa94-04c1-424b-9868-57a2d4851a1d" relativeResultsDirectory="59221d12-601a-4442-b588-1d6a184b4468" />
    <UnitTestResult executionId="9644525a-f759-4972-b60c-9a34133e9b49" testId="190ba104-d9d4-4d4e-9cfd-7056f3ca1194" testName="FormatToStringTest1000 (39314.52353688401,39314.52 zł)" computerName="DESKTOP-5URQ9PB" duration="00:00:00.0000067" startTime="2022-06-13T21:11:17.4992287+02:00" endTime="2022-06-13T21:11:17.4992934+02:00" testType="13cdc9d9-ddb5-4fa4-a97d-d965ccfc6d4b" outcome="Passed" testListId="8c84fa94-04c1-424b-9868-57a2d4851a1d" relativeResultsDirectory="9644525a-f759-4972-b60c-9a34133e9b49" />
    <UnitTestResult executionId="61981c4c-aa72-4bd8-8cac-00f577ab0f46" testId="e713b3be-55ca-43dc-a379-f9bc0cff5b1d" testName="FormatToStringTest1000 (34084.19497795599,34084.19 zł)" computerName="DESKTOP-5URQ9PB" duration="00:00:00.0000067" startTime="2022-06-13T21:11:17.5847092+02:00" endTime="2022-06-13T21:11:17.5847792+02:00" testType="13cdc9d9-ddb5-4fa4-a97d-d965ccfc6d4b" outcome="Passed" testListId="8c84fa94-04c1-424b-9868-57a2d4851a1d" relativeResultsDirectory="61981c4c-aa72-4bd8-8cac-00f577ab0f46" />
    <UnitTestResult executionId="ca21dfc7-9db5-460d-856c-1daf8a736c3d" testId="110c267f-74c7-49d8-9b0d-8134a2124c39" testName="FormatToStringTest1000 (1649.0127968480872,1649.01 zł)" computerName="DESKTOP-5URQ9PB" duration="00:00:00.0000066" startTime="2022-06-13T21:11:17.2546887+02:00" endTime="2022-06-13T21:11:17.2547692+02:00" testType="13cdc9d9-ddb5-4fa4-a97d-d965ccfc6d4b" outcome="Passed" testListId="8c84fa94-04c1-424b-9868-57a2d4851a1d" relativeResultsDirectory="ca21dfc7-9db5-460d-856c-1daf8a736c3d" />
    <UnitTestResult executionId="cb4c0181-8dc9-45bf-8fb6-5bc78d8c20e1" testId="007231ba-9598-4da5-a91a-ecaccd0fa9e0" testName="FormatToStringTest1000 (19796.212103914568,19796.21 zł)" computerName="DESKTOP-5URQ9PB" duration="00:00:00.0000063" startTime="2022-06-13T21:11:17.4053641+02:00" endTime="2022-06-13T21:11:17.4054302+02:00" testType="13cdc9d9-ddb5-4fa4-a97d-d965ccfc6d4b" outcome="Passed" testListId="8c84fa94-04c1-424b-9868-57a2d4851a1d" relativeResultsDirectory="cb4c0181-8dc9-45bf-8fb6-5bc78d8c20e1" />
    <UnitTestResult executionId="07329d33-e420-45f5-806f-5a53f41d2bdb" testId="49c490f3-c1c6-4202-8b8d-81b851cc0781" testName="FormatToStringTest1000 (16986.338876065027,16986.34 zł)" computerName="DESKTOP-5URQ9PB" duration="00:00:00.0000062" startTime="2022-06-13T21:11:17.2481231+02:00" endTime="2022-06-13T21:11:17.2481901+02:00" testType="13cdc9d9-ddb5-4fa4-a97d-d965ccfc6d4b" outcome="Passed" testListId="8c84fa94-04c1-424b-9868-57a2d4851a1d" relativeResultsDirectory="07329d33-e420-45f5-806f-5a53f41d2bdb" />
    <UnitTestResult executionId="37207399-7f6b-41a6-8f0f-6f477cee853f" testId="7f58cbaf-cc77-4325-84e6-0cb7782da2ba" testName="FormatToStringTest1000 (26162.532683261918,26162.53 zł)" computerName="DESKTOP-5URQ9PB" duration="00:00:00.0000061" startTime="2022-06-13T21:11:17.5380576+02:00" endTime="2022-06-13T21:11:17.5381214+02:00" testType="13cdc9d9-ddb5-4fa4-a97d-d965ccfc6d4b" outcome="Passed" testListId="8c84fa94-04c1-424b-9868-57a2d4851a1d" relativeResultsDirectory="37207399-7f6b-41a6-8f0f-6f477cee853f" />
    <UnitTestResult executionId="6d032913-51ca-4f87-bd37-cb2bbbf882cd" testId="65de4fff-7e7c-4793-af00-80fe261da8a4" testName="FormatToStringTest1000 (13568.230982493717,13568.23 zł)" computerName="DESKTOP-5URQ9PB" duration="00:00:00.0000062" startTime="2022-06-13T21:11:17.4480647+02:00" endTime="2022-06-13T21:11:17.4481302+02:00" testType="13cdc9d9-ddb5-4fa4-a97d-d965ccfc6d4b" outcome="Passed" testListId="8c84fa94-04c1-424b-9868-57a2d4851a1d" relativeResultsDirectory="6d032913-51ca-4f87-bd37-cb2bbbf882cd" />
    <UnitTestResult executionId="b6289922-d8d2-473c-bc91-a58c17098a16" testId="86c3a74a-845a-4f16-bf4c-39dcefcba393" testName="FormatToStringTest1000 (13855.30239352505,13855.30 zł)" computerName="DESKTOP-5URQ9PB" duration="00:00:00.0000066" startTime="2022-06-13T21:11:17.3231088+02:00" endTime="2022-06-13T21:11:17.3231766+02:00" testType="13cdc9d9-ddb5-4fa4-a97d-d965ccfc6d4b" outcome="Passed" testListId="8c84fa94-04c1-424b-9868-57a2d4851a1d" relativeResultsDirectory="b6289922-d8d2-473c-bc91-a58c17098a16" />
    <UnitTestResult executionId="35d0f714-e01e-450d-86ac-97feac24b8f6" testId="57fd1637-9d80-408f-a79d-e2952033b6ad" testName="FormatToStringTest1000 (1664.7834932994022,1664.78 zł)" computerName="DESKTOP-5URQ9PB" duration="00:00:00.0000061" startTime="2022-06-13T21:11:17.5843856+02:00" endTime="2022-06-13T21:11:17.5844490+02:00" testType="13cdc9d9-ddb5-4fa4-a97d-d965ccfc6d4b" outcome="Passed" testListId="8c84fa94-04c1-424b-9868-57a2d4851a1d" relativeResultsDirectory="35d0f714-e01e-450d-86ac-97feac24b8f6" />
    <UnitTestResult executionId="e580ca6e-31e8-46ef-b348-ec449d1a9e81" testId="273390a2-d4f6-4792-8373-f3ef1483ac0d" testName="FormatToStringTest1000 (72659.37876478041,72659.38 zł)" computerName="DESKTOP-5URQ9PB" duration="00:00:00.0000106" startTime="2022-06-13T21:11:17.4947197+02:00" endTime="2022-06-13T21:11:17.4948503+02:00" testType="13cdc9d9-ddb5-4fa4-a97d-d965ccfc6d4b" outcome="Passed" testListId="8c84fa94-04c1-424b-9868-57a2d4851a1d" relativeResultsDirectory="e580ca6e-31e8-46ef-b348-ec449d1a9e81" />
    <UnitTestResult executionId="bd7ad9b0-2c45-4d1e-a4f5-bb142cc31e6d" testId="362e661d-9093-4752-b672-b337901e8828" testName="FormatToStringTest1000 (6915.421130504656,6915.42 zł)" computerName="DESKTOP-5URQ9PB" duration="00:00:00.0000062" startTime="2022-06-13T21:11:17.4146129+02:00" endTime="2022-06-13T21:11:17.4146791+02:00" testType="13cdc9d9-ddb5-4fa4-a97d-d965ccfc6d4b" outcome="Passed" testListId="8c84fa94-04c1-424b-9868-57a2d4851a1d" relativeResultsDirectory="bd7ad9b0-2c45-4d1e-a4f5-bb142cc31e6d" />
    <UnitTestResult executionId="b178de6a-4df5-486d-a22b-595de1b6d0d2" testId="6ca192a9-9365-46fa-b040-a91e64b6e8d4" testName="FormatToStringTest1000 (17098.491445727876,17098.49 zł)" computerName="DESKTOP-5URQ9PB" duration="00:00:00.0000061" startTime="2022-06-13T21:11:17.4539482+02:00" endTime="2022-06-13T21:11:17.4540126+02:00" testType="13cdc9d9-ddb5-4fa4-a97d-d965ccfc6d4b" outcome="Passed" testListId="8c84fa94-04c1-424b-9868-57a2d4851a1d" relativeResultsDirectory="b178de6a-4df5-486d-a22b-595de1b6d0d2" />
    <UnitTestResult executionId="05b2161f-bac2-4b8a-8d37-b4746a884811" testId="486b7cdf-f9d8-4980-85e7-4af9e4bb3c96" testName="FormatToStringTest1000 (12118.31777677048,12118.32 zł)" computerName="DESKTOP-5URQ9PB" duration="00:00:00.0000064" startTime="2022-06-13T21:11:17.5233830+02:00" endTime="2022-06-13T21:11:17.5234597+02:00" testType="13cdc9d9-ddb5-4fa4-a97d-d965ccfc6d4b" outcome="Passed" testListId="8c84fa94-04c1-424b-9868-57a2d4851a1d" relativeResultsDirectory="05b2161f-bac2-4b8a-8d37-b4746a884811" />
    <UnitTestResult executionId="a388b219-2d6c-41d2-8712-c88b4cebaf97" testId="49bef139-5d20-4754-bbc2-a7583d822bbf" testName="FormatToStringTest1000 (40556.73452524362,40556.73 zł)" computerName="DESKTOP-5URQ9PB" duration="00:00:00.0000063" startTime="2022-06-13T21:11:17.3827070+02:00" endTime="2022-06-13T21:11:17.3827789+02:00" testType="13cdc9d9-ddb5-4fa4-a97d-d965ccfc6d4b" outcome="Passed" testListId="8c84fa94-04c1-424b-9868-57a2d4851a1d" relativeResultsDirectory="a388b219-2d6c-41d2-8712-c88b4cebaf97" />
    <UnitTestResult executionId="fa56fb32-d684-4744-92d5-1144193280a6" testId="cf80c679-0bd6-4266-b9fc-78ce86508164" testName="FormatToStringTest1000 (15414.175096961751,15414.18 zł)" computerName="DESKTOP-5URQ9PB" duration="00:00:00.0000092" startTime="2022-06-13T21:11:17.2687956+02:00" endTime="2022-06-13T21:11:17.2688698+02:00" testType="13cdc9d9-ddb5-4fa4-a97d-d965ccfc6d4b" outcome="Passed" testListId="8c84fa94-04c1-424b-9868-57a2d4851a1d" relativeResultsDirectory="fa56fb32-d684-4744-92d5-1144193280a6" />
    <UnitTestResult executionId="4e56a28a-27ae-4cd6-8e6a-04aced0b31d6" testId="4c9c0efe-c827-4833-8b55-a59e1d2e8ba9" testName="FormatToStringTest1000 (68011.49219071423,68011.49 zł)" computerName="DESKTOP-5URQ9PB" duration="00:00:00.0000062" startTime="2022-06-13T21:11:17.4776458+02:00" endTime="2022-06-13T21:11:17.4777094+02:00" testType="13cdc9d9-ddb5-4fa4-a97d-d965ccfc6d4b" outcome="Passed" testListId="8c84fa94-04c1-424b-9868-57a2d4851a1d" relativeResultsDirectory="4e56a28a-27ae-4cd6-8e6a-04aced0b31d6" />
    <UnitTestResult executionId="2e74f31d-55df-4a63-9224-a46f51058013" testId="8fe7e689-4bf7-4893-b83e-483d79204ac7" testName="FormatToStringTest1000 (37528.70144368368,37528.70 zł)" computerName="DESKTOP-5URQ9PB" duration="00:00:00.0000063" startTime="2022-06-13T21:11:17.2792814+02:00" endTime="2022-06-13T21:11:17.2793497+02:00" testType="13cdc9d9-ddb5-4fa4-a97d-d965ccfc6d4b" outcome="Passed" testListId="8c84fa94-04c1-424b-9868-57a2d4851a1d" relativeResultsDirectory="2e74f31d-55df-4a63-9224-a46f51058013" />
    <UnitTestResult executionId="956fb2e8-3d0e-4800-af40-1881fa7cb621" testId="7e3de220-d485-4c4a-b6cc-a73e6def1de4" testName="FormatToStringTest1000 (24308.26523149212,24308.27 zł)" computerName="DESKTOP-5URQ9PB" duration="00:00:00.0000108" startTime="2022-06-13T21:11:17.5634940+02:00" endTime="2022-06-13T21:11:17.5636232+02:00" testType="13cdc9d9-ddb5-4fa4-a97d-d965ccfc6d4b" outcome="Passed" testListId="8c84fa94-04c1-424b-9868-57a2d4851a1d" relativeResultsDirectory="956fb2e8-3d0e-4800-af40-1881fa7cb621" />
    <UnitTestResult executionId="a134d8c9-ce7d-43f6-bf6e-cf10847026ba" testId="25b2bb63-ae63-4441-871f-941877dc2e89" testName="FormatToStringTest1000 (6417.5922460628635,6417.59 zł)" computerName="DESKTOP-5URQ9PB" duration="00:00:00.0000064" startTime="2022-06-13T21:11:17.3980235+02:00" endTime="2022-06-13T21:11:17.3980972+02:00" testType="13cdc9d9-ddb5-4fa4-a97d-d965ccfc6d4b" outcome="Passed" testListId="8c84fa94-04c1-424b-9868-57a2d4851a1d" relativeResultsDirectory="a134d8c9-ce7d-43f6-bf6e-cf10847026ba" />
    <UnitTestResult executionId="e796c55a-33ba-4cd1-bf9f-1250bff9b532" testId="e5dcd1a0-4c87-4238-94d1-5c8dd470d09e" testName="FormatToStringTest1000 (765.778932784581,765.78 zł)" computerName="DESKTOP-5URQ9PB" duration="00:00:00.0000071" startTime="2022-06-13T21:11:17.3765698+02:00" endTime="2022-06-13T21:11:17.3766353+02:00" testType="13cdc9d9-ddb5-4fa4-a97d-d965ccfc6d4b" outcome="Passed" testListId="8c84fa94-04c1-424b-9868-57a2d4851a1d" relativeResultsDirectory="e796c55a-33ba-4cd1-bf9f-1250bff9b532" />
    <UnitTestResult executionId="6cf26aa4-4b84-44d8-ba0a-9ecc0d1d23ea" testId="6029ce68-3584-4e0b-9103-5dbe10c6a974" testName="FormatToStringTest1000 (6313.543884690639,6313.54 zł)" computerName="DESKTOP-5URQ9PB" duration="00:00:00.0000062" startTime="2022-06-13T21:11:17.3885869+02:00" endTime="2022-06-13T21:11:17.3886525+02:00" testType="13cdc9d9-ddb5-4fa4-a97d-d965ccfc6d4b" outcome="Passed" testListId="8c84fa94-04c1-424b-9868-57a2d4851a1d" relativeResultsDirectory="6cf26aa4-4b84-44d8-ba0a-9ecc0d1d23ea" />
    <UnitTestResult executionId="0c849c51-0ba3-4d44-a553-5339c142a4a5" testId="5735db3f-09b3-4e5b-9fa3-b025035f3ca2" testName="FormatToStringTest1000 (4105.490993980081,4105.49 zł)" computerName="DESKTOP-5URQ9PB" duration="00:00:00.0000062" startTime="2022-06-13T21:11:17.3263119+02:00" endTime="2022-06-13T21:11:17.3263776+02:00" testType="13cdc9d9-ddb5-4fa4-a97d-d965ccfc6d4b" outcome="Passed" testListId="8c84fa94-04c1-424b-9868-57a2d4851a1d" relativeResultsDirectory="0c849c51-0ba3-4d44-a553-5339c142a4a5" />
    <UnitTestResult executionId="e9aa6b7b-8d4e-4296-93ff-43dd7d413d33" testId="6a214adf-4414-402c-aac2-6b4e7badac3c" testName="FormatToStringTest1000 (30626.373939456127,30626.37 zł)" computerName="DESKTOP-5URQ9PB" duration="00:00:00.0000063" startTime="2022-06-13T21:11:17.2693532+02:00" endTime="2022-06-13T21:11:17.2694249+02:00" testType="13cdc9d9-ddb5-4fa4-a97d-d965ccfc6d4b" outcome="Passed" testListId="8c84fa94-04c1-424b-9868-57a2d4851a1d" relativeResultsDirectory="e9aa6b7b-8d4e-4296-93ff-43dd7d413d33" />
    <UnitTestResult executionId="616dc978-fee2-4853-b723-4f9e606581db" testId="ec5497d1-030c-4210-893e-6be24c30c101" testName="FormatToStringTest1000 (14237.13226245955,14237.13 zł)" computerName="DESKTOP-5URQ9PB" duration="00:00:00.0000064" startTime="2022-06-13T21:11:17.2356499+02:00" endTime="2022-06-13T21:11:17.2357209+02:00" testType="13cdc9d9-ddb5-4fa4-a97d-d965ccfc6d4b" outcome="Passed" testListId="8c84fa94-04c1-424b-9868-57a2d4851a1d" relativeResultsDirectory="616dc978-fee2-4853-b723-4f9e606581db" />
    <UnitTestResult executionId="e51c88e9-3917-4e23-a3f9-7f1b0d3e5612" testId="4c277f6d-d0d7-4741-8d03-0dffbe05624d" testName="FormatToStringTest1000 (25039.088753207627,25039.09 zł)" computerName="DESKTOP-5URQ9PB" duration="00:00:00.0000061" startTime="2022-06-13T21:11:17.4510489+02:00" endTime="2022-06-13T21:11:17.4511139+02:00" testType="13cdc9d9-ddb5-4fa4-a97d-d965ccfc6d4b" outcome="Passed" testListId="8c84fa94-04c1-424b-9868-57a2d4851a1d" relativeResultsDirectory="e51c88e9-3917-4e23-a3f9-7f1b0d3e5612" />
    <UnitTestResult executionId="8c43925b-4694-4ac0-a49f-9898c1321320" testId="1742c619-21d8-457f-a767-7a8a9ad84afa" testName="FormatToStringTest1000 (70771.4436677524,70771.44 zł)" computerName="DESKTOP-5URQ9PB" duration="00:00:00.0000068" startTime="2022-06-13T21:11:17.2657094+02:00" endTime="2022-06-13T21:11:17.2658003+02:00" testType="13cdc9d9-ddb5-4fa4-a97d-d965ccfc6d4b" outcome="Passed" testListId="8c84fa94-04c1-424b-9868-57a2d4851a1d" relativeResultsDirectory="8c43925b-4694-4ac0-a49f-9898c1321320" />
    <UnitTestResult executionId="0d70f0af-d72d-48e4-be44-c301a787fc6f" testId="65a6a760-a6b2-4ff9-9be2-7a76d1235861" testName="FormatToStringTest1000 (9750.134289915735,9750.13 zł)" computerName="DESKTOP-5URQ9PB" duration="00:00:00.0000068" startTime="2022-06-13T21:11:17.5018849+02:00" endTime="2022-06-13T21:11:17.5019491+02:00" testType="13cdc9d9-ddb5-4fa4-a97d-d965ccfc6d4b" outcome="Passed" testListId="8c84fa94-04c1-424b-9868-57a2d4851a1d" relativeResultsDirectory="0d70f0af-d72d-48e4-be44-c301a787fc6f" />
    <UnitTestResult executionId="6a60c1db-0ad1-4122-aac4-28999e9621bb" testId="34fc0772-e7ff-4d76-bfd3-bc740d55f58a" testName="FormatToStringTest1000 (6958.393354767186,6958.39 zł)" computerName="DESKTOP-5URQ9PB" duration="00:00:00.0000062" startTime="2022-06-13T21:11:17.1870824+02:00" endTime="2022-06-13T21:11:17.1871488+02:00" testType="13cdc9d9-ddb5-4fa4-a97d-d965ccfc6d4b" outcome="Passed" testListId="8c84fa94-04c1-424b-9868-57a2d4851a1d" relativeResultsDirectory="6a60c1db-0ad1-4122-aac4-28999e9621bb" />
    <UnitTestResult executionId="f8b59bfc-5a3c-494e-b51c-e29bfaa3b831" testId="47be7d96-83f1-4b8d-8c1c-a44a602337b4" testName="FormatToStringTest1000 (25908.345463821825,25908.35 zł)" computerName="DESKTOP-5URQ9PB" duration="00:00:00.0000063" startTime="2022-06-13T21:11:17.4867720+02:00" endTime="2022-06-13T21:11:17.4868366+02:00" testType="13cdc9d9-ddb5-4fa4-a97d-d965ccfc6d4b" outcome="Passed" testListId="8c84fa94-04c1-424b-9868-57a2d4851a1d" relativeResultsDirectory="f8b59bfc-5a3c-494e-b51c-e29bfaa3b831" />
    <UnitTestResult executionId="4b91057e-9162-4a09-9bac-a4ec24126a5b" testId="df73b2f8-b30e-471f-8d62-684d343f789f" testName="FormatToStringTest1000 (3907.8681317963024,3907.87 zł)" computerName="DESKTOP-5URQ9PB" duration="00:00:00.0000111" startTime="2022-06-13T21:11:17.2723154+02:00" endTime="2022-06-13T21:11:17.2724759+02:00" testType="13cdc9d9-ddb5-4fa4-a97d-d965ccfc6d4b" outcome="Passed" testListId="8c84fa94-04c1-424b-9868-57a2d4851a1d" relativeResultsDirectory="4b91057e-9162-4a09-9bac-a4ec24126a5b" />
    <UnitTestResult executionId="ec958694-e02c-4807-9fd0-ea1c93e75d36" testId="b5e658ff-b1aa-4ec0-a01f-bcef4d6efb2c" testName="FormatToStringTest1000 (8347.417790138823,8347.42 zł)" computerName="DESKTOP-5URQ9PB" duration="00:00:00.0000063" startTime="2022-06-13T21:11:17.5020471+02:00" endTime="2022-06-13T21:11:17.5021110+02:00" testType="13cdc9d9-ddb5-4fa4-a97d-d965ccfc6d4b" outcome="Passed" testListId="8c84fa94-04c1-424b-9868-57a2d4851a1d" relativeResultsDirectory="ec958694-e02c-4807-9fd0-ea1c93e75d36" />
    <UnitTestResult executionId="2fb282ce-d8a0-4ce8-873a-5c58d2e1265c" testId="4b53a7d6-849a-4568-9ca9-654903b877e8" testName="FormatToStringTest1000 (96261.84883437205,96261.85 zł)" computerName="DESKTOP-5URQ9PB" duration="00:00:00.0000061" startTime="2022-06-13T21:11:17.5607950+02:00" endTime="2022-06-13T21:11:17.5608587+02:00" testType="13cdc9d9-ddb5-4fa4-a97d-d965ccfc6d4b" outcome="Passed" testListId="8c84fa94-04c1-424b-9868-57a2d4851a1d" relativeResultsDirectory="2fb282ce-d8a0-4ce8-873a-5c58d2e1265c" />
    <UnitTestResult executionId="cdcfeec4-9609-4873-a7c7-9656031bba03" testId="8eee29f5-6180-4f43-a5ca-5d95677417b8" testName="FormatToStringTest1000 (151.50737175275916,151.51 zł)" computerName="DESKTOP-5URQ9PB" duration="00:00:00.0000060" startTime="2022-06-13T21:11:17.5792875+02:00" endTime="2022-06-13T21:11:17.5793507+02:00" testType="13cdc9d9-ddb5-4fa4-a97d-d965ccfc6d4b" outcome="Passed" testListId="8c84fa94-04c1-424b-9868-57a2d4851a1d" relativeResultsDirectory="cdcfeec4-9609-4873-a7c7-9656031bba03" />
    <UnitTestResult executionId="74abcf22-7ce0-41f4-8f58-a3328522cb78" testId="33863639-bb90-48e6-9737-7b6f5af6717e" testName="FormatToStringTest1000 (3431.864349926759,3431.86 zł)" computerName="DESKTOP-5URQ9PB" duration="00:00:00.0000069" startTime="2022-06-13T21:11:17.5124117+02:00" endTime="2022-06-13T21:11:17.5124863+02:00" testType="13cdc9d9-ddb5-4fa4-a97d-d965ccfc6d4b" outcome="Passed" testListId="8c84fa94-04c1-424b-9868-57a2d4851a1d" relativeResultsDirectory="74abcf22-7ce0-41f4-8f58-a3328522cb78" />
    <UnitTestResult executionId="1b73cf45-78da-465b-a620-6cd8675737cb" testId="c00ce69e-ac4d-4d49-973b-0a2afd75ef1b" testName="FormatToStringTest1000 (12610.563163818122,12610.56 zł)" computerName="DESKTOP-5URQ9PB" duration="00:00:00.0000070" startTime="2022-06-13T21:11:17.5526092+02:00" endTime="2022-06-13T21:11:17.5526739+02:00" testType="13cdc9d9-ddb5-4fa4-a97d-d965ccfc6d4b" outcome="Passed" testListId="8c84fa94-04c1-424b-9868-57a2d4851a1d" relativeResultsDirectory="1b73cf45-78da-465b-a620-6cd8675737cb" />
    <UnitTestResult executionId="ee5c132f-a624-4ee2-936f-403415e61681" testId="4b3b5c79-24c6-4819-bcf2-68b795d70d0c" testName="FormatToStringTest1000 (782.6578288817116,782.66 zł)" computerName="DESKTOP-5URQ9PB" duration="00:00:00.0000062" startTime="2022-06-13T21:11:17.3173174+02:00" endTime="2022-06-13T21:11:17.3173836+02:00" testType="13cdc9d9-ddb5-4fa4-a97d-d965ccfc6d4b" outcome="Passed" testListId="8c84fa94-04c1-424b-9868-57a2d4851a1d" relativeResultsDirectory="ee5c132f-a624-4ee2-936f-403415e61681" />
    <UnitTestResult executionId="b4d645bb-e7a8-47a1-8ef7-3d1190857ecb" testId="35ce6ba7-76d1-42f3-a617-d9e562481a95" testName="FormatToStringTest1000 (10066.059180456241,10066.06 zł)" computerName="DESKTOP-5URQ9PB" duration="00:00:00.0000064" startTime="2022-06-13T21:11:17.5459263+02:00" endTime="2022-06-13T21:11:17.5459926+02:00" testType="13cdc9d9-ddb5-4fa4-a97d-d965ccfc6d4b" outcome="Passed" testListId="8c84fa94-04c1-424b-9868-57a2d4851a1d" relativeResultsDirectory="b4d645bb-e7a8-47a1-8ef7-3d1190857ecb" />
    <UnitTestResult executionId="5ffd52a2-89b5-4c23-9d58-c11107f73f66" testId="d66143dc-e598-41d4-b7cf-f6add39a06c7" testName="FormatToStringTest1000 (63427.55325689332,63427.55 zł)" computerName="DESKTOP-5URQ9PB" duration="00:00:00.0000257" startTime="2022-06-13T21:11:17.4354140+02:00" endTime="2022-06-13T21:11:17.4355936+02:00" testType="13cdc9d9-ddb5-4fa4-a97d-d965ccfc6d4b" outcome="Passed" testListId="8c84fa94-04c1-424b-9868-57a2d4851a1d" relativeResultsDirectory="5ffd52a2-89b5-4c23-9d58-c11107f73f66" />
    <UnitTestResult executionId="d3e3791d-8b39-46e1-9211-4dc4e9c0f168" testId="e11f69a8-8c75-4114-af64-d5c3ccd497a7" testName="FormatToStringTest1000 (7348.947429818543,7348.95 zł)" computerName="DESKTOP-5URQ9PB" duration="00:00:00.0000064" startTime="2022-06-13T21:11:17.3299711+02:00" endTime="2022-06-13T21:11:17.3300460+02:00" testType="13cdc9d9-ddb5-4fa4-a97d-d965ccfc6d4b" outcome="Passed" testListId="8c84fa94-04c1-424b-9868-57a2d4851a1d" relativeResultsDirectory="d3e3791d-8b39-46e1-9211-4dc4e9c0f168" />
    <UnitTestResult executionId="11463c34-537a-49eb-a65c-49ad0d934ee2" testId="331baa46-766d-468a-a3c2-81aecca837a8" testName="FormatToStringTest1000 (42767.96883676898,42767.97 zł)" computerName="DESKTOP-5URQ9PB" duration="00:00:00.0000061" startTime="2022-06-13T21:11:17.5204205+02:00" endTime="2022-06-13T21:11:17.5204841+02:00" testType="13cdc9d9-ddb5-4fa4-a97d-d965ccfc6d4b" outcome="Passed" testListId="8c84fa94-04c1-424b-9868-57a2d4851a1d" relativeResultsDirectory="11463c34-537a-49eb-a65c-49ad0d934ee2" />
    <UnitTestResult executionId="18b23f7b-0564-4cbc-b969-753e60aa2bdc" testId="9f539cee-dd54-42fe-a451-2936b6b16ae7" testName="FormatToStringTest1000 (3694.480496819355,3694.48 zł)" computerName="DESKTOP-5URQ9PB" duration="00:00:00.0000063" startTime="2022-06-13T21:11:17.3096103+02:00" endTime="2022-06-13T21:11:17.3096772+02:00" testType="13cdc9d9-ddb5-4fa4-a97d-d965ccfc6d4b" outcome="Passed" testListId="8c84fa94-04c1-424b-9868-57a2d4851a1d" relativeResultsDirectory="18b23f7b-0564-4cbc-b969-753e60aa2bdc" />
    <UnitTestResult executionId="4e1d57b5-23a4-408e-bad6-36eb9cc6f227" testId="df0a8a29-e7dc-4f6f-a1f1-52a071bc7630" testName="FormatToStringTest1000 (5022.470719070859,5022.47 zł)" computerName="DESKTOP-5URQ9PB" duration="00:00:00.0000062" startTime="2022-06-13T21:11:17.3442661+02:00" endTime="2022-06-13T21:11:17.3443323+02:00" testType="13cdc9d9-ddb5-4fa4-a97d-d965ccfc6d4b" outcome="Passed" testListId="8c84fa94-04c1-424b-9868-57a2d4851a1d" relativeResultsDirectory="4e1d57b5-23a4-408e-bad6-36eb9cc6f227" />
    <UnitTestResult executionId="afc3e4c3-374d-42f0-a2bf-8bd0ce061172" testId="acdfc496-42a3-4545-92b5-74a381545f0d" testName="FormatToStringTest1000 (918.1842976688334,918.18 zł)" computerName="DESKTOP-5URQ9PB" duration="00:00:00.0000073" startTime="2022-06-13T21:11:17.2515883+02:00" endTime="2022-06-13T21:11:17.2516722+02:00" testType="13cdc9d9-ddb5-4fa4-a97d-d965ccfc6d4b" outcome="Passed" testListId="8c84fa94-04c1-424b-9868-57a2d4851a1d" relativeResultsDirectory="afc3e4c3-374d-42f0-a2bf-8bd0ce061172" />
    <UnitTestResult executionId="0f7f7c58-e8df-46e8-89db-17bf0f45ca4a" testId="a79b84b4-fa77-4863-9ab9-86a48e790f38" testName="FormatToStringTest1000 (57525.72988993569,57525.73 zł)" computerName="DESKTOP-5URQ9PB" duration="00:00:00.0000062" startTime="2022-06-13T21:11:17.4479824+02:00" endTime="2022-06-13T21:11:17.4480475+02:00" testType="13cdc9d9-ddb5-4fa4-a97d-d965ccfc6d4b" outcome="Passed" testListId="8c84fa94-04c1-424b-9868-57a2d4851a1d" relativeResultsDirectory="0f7f7c58-e8df-46e8-89db-17bf0f45ca4a" />
    <UnitTestResult executionId="7beb2106-e56f-4e13-8a19-d48195c80218" testId="4ba2cd82-e879-4f14-8bf7-8a1a889f9786" testName="FormatToStringTest1000 (6146.91236741278,6146.91 zł)" computerName="DESKTOP-5URQ9PB" duration="00:00:00.0000063" startTime="2022-06-13T21:11:17.5722538+02:00" endTime="2022-06-13T21:11:17.5723154+02:00" testType="13cdc9d9-ddb5-4fa4-a97d-d965ccfc6d4b" outcome="Passed" testListId="8c84fa94-04c1-424b-9868-57a2d4851a1d" relativeResultsDirectory="7beb2106-e56f-4e13-8a19-d48195c80218" />
    <UnitTestResult executionId="014f6b14-4b6d-4c22-bb87-31aa1201a30d" testId="2912ba61-f4c6-4a80-bd79-5ca788db0b88" testName="FormatToStringTest1000 (18794.859523484418,18794.86 zł)" computerName="DESKTOP-5URQ9PB" duration="00:00:00.0000061" startTime="2022-06-13T21:11:17.3593220+02:00" endTime="2022-06-13T21:11:17.3593881+02:00" testType="13cdc9d9-ddb5-4fa4-a97d-d965ccfc6d4b" outcome="Passed" testListId="8c84fa94-04c1-424b-9868-57a2d4851a1d" relativeResultsDirectory="014f6b14-4b6d-4c22-bb87-31aa1201a30d" />
    <UnitTestResult executionId="2e796435-1d97-4928-9554-27a01e68cf2a" testId="a0ba3d53-5107-4a08-b8f2-b680a245f691" testName="FormatToStringTest1000 (45887.58415794167,45887.58 zł)" computerName="DESKTOP-5URQ9PB" duration="00:00:00.0000062" startTime="2022-06-13T21:11:17.4654545+02:00" endTime="2022-06-13T21:11:17.4655186+02:00" testType="13cdc9d9-ddb5-4fa4-a97d-d965ccfc6d4b" outcome="Passed" testListId="8c84fa94-04c1-424b-9868-57a2d4851a1d" relativeResultsDirectory="2e796435-1d97-4928-9554-27a01e68cf2a" />
    <UnitTestResult executionId="688e9ae6-f065-4990-80cc-4b7c8365972d" testId="e32a2b50-3724-4de2-b34e-139c6678452d" testName="FormatToStringTest1000 (61324.33752458279,61324.34 zł)" computerName="DESKTOP-5URQ9PB" duration="00:00:00.0000062" startTime="2022-06-13T21:11:17.3734599+02:00" endTime="2022-06-13T21:11:17.3735262+02:00" testType="13cdc9d9-ddb5-4fa4-a97d-d965ccfc6d4b" outcome="Passed" testListId="8c84fa94-04c1-424b-9868-57a2d4851a1d" relativeResultsDirectory="688e9ae6-f065-4990-80cc-4b7c8365972d" />
    <UnitTestResult executionId="773c95b9-e7dd-4758-995e-d813831f425d" testId="c40e39c6-b68b-4c8e-ab9b-79a46b101d5f" testName="FormatToStringTest1000 (74514.06270644537,74514.06 zł)" computerName="DESKTOP-5URQ9PB" duration="00:00:00.0000106" startTime="2022-06-13T21:11:17.2649204+02:00" endTime="2022-06-13T21:11:17.2650591+02:00" testType="13cdc9d9-ddb5-4fa4-a97d-d965ccfc6d4b" outcome="Passed" testListId="8c84fa94-04c1-424b-9868-57a2d4851a1d" relativeResultsDirectory="773c95b9-e7dd-4758-995e-d813831f425d" />
    <UnitTestResult executionId="bb9a7b85-a9c3-4f2b-b9c5-159a658bfd37" testId="ea95d354-fbf3-454e-9d58-9d76f295ab41" testName="FormatToStringTest1000 (14017.699524653006,14017.70 zł)" computerName="DESKTOP-5URQ9PB" duration="00:00:00.0000062" startTime="2022-06-13T21:11:17.5792066+02:00" endTime="2022-06-13T21:11:17.5792704+02:00" testType="13cdc9d9-ddb5-4fa4-a97d-d965ccfc6d4b" outcome="Passed" testListId="8c84fa94-04c1-424b-9868-57a2d4851a1d" relativeResultsDirectory="bb9a7b85-a9c3-4f2b-b9c5-159a658bfd37" />
    <UnitTestResult executionId="e75e9248-e67f-48f8-9b1c-e6c1ab5809be" testId="541ea86c-6c91-4417-895f-67ae2b0b1ce8" testName="FormatToStringTest1000 (21693.340115174808,21693.34 zł)" computerName="DESKTOP-5URQ9PB" duration="00:00:00.0000063" startTime="2022-06-13T21:11:17.4146972+02:00" endTime="2022-06-13T21:11:17.4147684+02:00" testType="13cdc9d9-ddb5-4fa4-a97d-d965ccfc6d4b" outcome="Passed" testListId="8c84fa94-04c1-424b-9868-57a2d4851a1d" relativeResultsDirectory="e75e9248-e67f-48f8-9b1c-e6c1ab5809be" />
    <UnitTestResult executionId="7d5e0917-bf28-4545-b45b-e78c96ba6011" testId="8ace9cbb-e559-4d1b-b52d-fe970463d36d" testName="FormatToStringTest1000 (86.89546322771136,86.90 zł)" computerName="DESKTOP-5URQ9PB" duration="00:00:00.0000063" startTime="2022-06-13T21:11:17.2417438+02:00" endTime="2022-06-13T21:11:17.2418124+02:00" testType="13cdc9d9-ddb5-4fa4-a97d-d965ccfc6d4b" outcome="Passed" testListId="8c84fa94-04c1-424b-9868-57a2d4851a1d" relativeResultsDirectory="7d5e0917-bf28-4545-b45b-e78c96ba6011" />
    <UnitTestResult executionId="1c5a3bcd-1e2c-4045-ad25-723e91cc0998" testId="26e297a4-a0d3-4b0c-938b-382699168d36" testName="FormatToStringTest1000 (15591.4117417221,15591.41 zł)" computerName="DESKTOP-5URQ9PB" duration="00:00:00.0000063" startTime="2022-06-13T21:11:17.5640702+02:00" endTime="2022-06-13T21:11:17.5641319+02:00" testType="13cdc9d9-ddb5-4fa4-a97d-d965ccfc6d4b" outcome="Passed" testListId="8c84fa94-04c1-424b-9868-57a2d4851a1d" relativeResultsDirectory="1c5a3bcd-1e2c-4045-ad25-723e91cc0998" />
    <UnitTestResult executionId="fc9ae052-77aa-4989-8e25-8af9fc11d727" testId="81dba7dd-f5fc-4a3b-80f9-93dd52ed7a9d" testName="FormatToStringTest1000 (5317.9582678023535,5317.96 zł)" computerName="DESKTOP-5URQ9PB" duration="00:00:00.0000061" startTime="2022-06-13T21:11:17.4598730+02:00" endTime="2022-06-13T21:11:17.4599369+02:00" testType="13cdc9d9-ddb5-4fa4-a97d-d965ccfc6d4b" outcome="Passed" testListId="8c84fa94-04c1-424b-9868-57a2d4851a1d" relativeResultsDirectory="fc9ae052-77aa-4989-8e25-8af9fc11d727" />
    <UnitTestResult executionId="b56b48d9-38e6-400f-b341-fec559a13b47" testId="3a7a98cb-086a-4f9d-b956-91a8ed08b1cb" testName="FormatToStringTest1000 (591.2110872302256,591.21 zł)" computerName="DESKTOP-5URQ9PB" duration="00:00:00.0000063" startTime="2022-06-13T21:11:17.2451525+02:00" endTime="2022-06-13T21:11:17.2452197+02:00" testType="13cdc9d9-ddb5-4fa4-a97d-d965ccfc6d4b" outcome="Passed" testListId="8c84fa94-04c1-424b-9868-57a2d4851a1d" relativeResultsDirectory="b56b48d9-38e6-400f-b341-fec559a13b47" />
    <UnitTestResult executionId="dcaa254e-e844-45a2-b4ff-06ea08fbece8" testId="8555f42b-3636-48f1-8b2b-681c45754e52" testName="FormatToStringTest1000 (34062.88803158276,34062.89 zł)" computerName="DESKTOP-5URQ9PB" duration="00:00:00.0000062" startTime="2022-06-13T21:11:17.5580612+02:00" endTime="2022-06-13T21:11:17.5581257+02:00" testType="13cdc9d9-ddb5-4fa4-a97d-d965ccfc6d4b" outcome="Passed" testListId="8c84fa94-04c1-424b-9868-57a2d4851a1d" relativeResultsDirectory="dcaa254e-e844-45a2-b4ff-06ea08fbece8" />
    <UnitTestResult executionId="d6d685da-c5ef-4f55-855e-87cd3085965c" testId="30f48789-76ae-431b-96e9-0d1d62d5613e" testName="FormatToStringTest1000 (750.5106571719566,750.51 zł)" computerName="DESKTOP-5URQ9PB" duration="00:00:00.0000062" startTime="2022-06-13T21:11:17.5639891+02:00" endTime="2022-06-13T21:11:17.5640533+02:00" testType="13cdc9d9-ddb5-4fa4-a97d-d965ccfc6d4b" outcome="Passed" testListId="8c84fa94-04c1-424b-9868-57a2d4851a1d" relativeResultsDirectory="d6d685da-c5ef-4f55-855e-87cd3085965c" />
    <UnitTestResult executionId="4cc7e7cb-54a7-43eb-9394-b227da064f30" testId="241801ed-318a-4715-916a-6a5607d92ba1" testName="FormatToStringTest1000 (4139.032615562451,4139.03 zł)" computerName="DESKTOP-5URQ9PB" duration="00:00:00.0000062" startTime="2022-06-13T21:11:17.5072269+02:00" endTime="2022-06-13T21:11:17.5072910+02:00" testType="13cdc9d9-ddb5-4fa4-a97d-d965ccfc6d4b" outcome="Passed" testListId="8c84fa94-04c1-424b-9868-57a2d4851a1d" relativeResultsDirectory="4cc7e7cb-54a7-43eb-9394-b227da064f30" />
    <UnitTestResult executionId="81d47469-e16d-4d02-bfd5-4d1bd54fe51e" testId="272a5ddb-5875-49ed-8b87-1079be593769" testName="FormatToStringTest1000 (11181.228339251702,11181.23 zł)" computerName="DESKTOP-5URQ9PB" duration="00:00:00.0000061" startTime="2022-06-13T21:11:17.5898838+02:00" endTime="2022-06-13T21:11:17.5899474+02:00" testType="13cdc9d9-ddb5-4fa4-a97d-d965ccfc6d4b" outcome="Passed" testListId="8c84fa94-04c1-424b-9868-57a2d4851a1d" relativeResultsDirectory="81d47469-e16d-4d02-bfd5-4d1bd54fe51e" />
    <UnitTestResult executionId="63b25e50-4a67-4039-b086-c9bb1d119fe9" testId="62a0c9d7-bdb8-4588-b444-d469b7cc206d" testName="FormatToStringTest1000 (34021.1384072961,34021.14 zł)" computerName="DESKTOP-5URQ9PB" duration="00:00:00.0000063" startTime="2022-06-13T21:11:17.5902063+02:00" endTime="2022-06-13T21:11:17.5902681+02:00" testType="13cdc9d9-ddb5-4fa4-a97d-d965ccfc6d4b" outcome="Passed" testListId="8c84fa94-04c1-424b-9868-57a2d4851a1d" relativeResultsDirectory="63b25e50-4a67-4039-b086-c9bb1d119fe9" />
    <UnitTestResult executionId="0e9a1669-2f80-4813-ae17-7c0c468fe63e" testId="e72b8f7c-104b-4718-81b4-74167f94b4ae" testName="FormatToStringTest1000 (47437.74370917619,47437.74 zł)" computerName="DESKTOP-5URQ9PB" duration="00:00:00.0000061" startTime="2022-06-13T21:11:17.5721735+02:00" endTime="2022-06-13T21:11:17.5722370+02:00" testType="13cdc9d9-ddb5-4fa4-a97d-d965ccfc6d4b" outcome="Passed" testListId="8c84fa94-04c1-424b-9868-57a2d4851a1d" relativeResultsDirectory="0e9a1669-2f80-4813-ae17-7c0c468fe63e" />
    <UnitTestResult executionId="6ddff5e0-1e5f-4a1d-b198-a14a9e805684" testId="56f1a078-3792-41b5-b193-0b1a4181b629" testName="FormatToStringTest1000 (115.26302841131717,115.26 zł)" computerName="DESKTOP-5URQ9PB" duration="00:00:00.0000064" startTime="2022-06-13T21:11:17.3036733+02:00" endTime="2022-06-13T21:11:17.3037447+02:00" testType="13cdc9d9-ddb5-4fa4-a97d-d965ccfc6d4b" outcome="Passed" testListId="8c84fa94-04c1-424b-9868-57a2d4851a1d" relativeResultsDirectory="6ddff5e0-1e5f-4a1d-b198-a14a9e805684" />
    <UnitTestResult executionId="0a8eda0e-4323-4cb7-af86-0670823e140f" testId="4c558fdc-d144-490e-99f5-e029abcd304d" testName="FormatToStringTest1000 (5611.05334835176,5611.05 zł)" computerName="DESKTOP-5URQ9PB" duration="00:00:00.0000062" startTime="2022-06-13T21:11:17.3919205+02:00" endTime="2022-06-13T21:11:17.3919844+02:00" testType="13cdc9d9-ddb5-4fa4-a97d-d965ccfc6d4b" outcome="Passed" testListId="8c84fa94-04c1-424b-9868-57a2d4851a1d" relativeResultsDirectory="0a8eda0e-4323-4cb7-af86-0670823e140f" />
    <UnitTestResult executionId="ea01df3a-b6d6-452c-a7c4-c9487d39c9fa" testId="6637287d-78b6-4326-bdfd-6086085cec32" testName="FormatToStringTest1000 (23649.104642116046,23649.10 zł)" computerName="DESKTOP-5URQ9PB" duration="00:00:00.0000063" startTime="2022-06-13T21:11:17.3855485+02:00" endTime="2022-06-13T21:11:17.3856149+02:00" testType="13cdc9d9-ddb5-4fa4-a97d-d965ccfc6d4b" outcome="Passed" testListId="8c84fa94-04c1-424b-9868-57a2d4851a1d" relativeResultsDirectory="ea01df3a-b6d6-452c-a7c4-c9487d39c9fa" />
    <UnitTestResult executionId="76370589-9d66-410e-8981-de95719ce12b" testId="1a37aef9-3768-4524-a698-3a52ef741e54" testName="FormatToStringTest1000 (6429.44273095552,6429.44 zł)" computerName="DESKTOP-5URQ9PB" duration="00:00:00.0000062" startTime="2022-06-13T21:11:17.3858086+02:00" endTime="2022-06-13T21:11:17.3858730+02:00" testType="13cdc9d9-ddb5-4fa4-a97d-d965ccfc6d4b" outcome="Passed" testListId="8c84fa94-04c1-424b-9868-57a2d4851a1d" relativeResultsDirectory="76370589-9d66-410e-8981-de95719ce12b" />
    <UnitTestResult executionId="f11bd292-8de1-4cd1-8eb2-1ddb8f4350c0" testId="24625f1c-0912-4094-a479-7341387d043b" testName="FormatToStringTest1000 (9503.466049463705,9503.47 zł)" computerName="DESKTOP-5URQ9PB" duration="00:00:00.0000063" startTime="2022-06-13T21:11:17.4536913+02:00" endTime="2022-06-13T21:11:17.4537646+02:00" testType="13cdc9d9-ddb5-4fa4-a97d-d965ccfc6d4b" outcome="Passed" testListId="8c84fa94-04c1-424b-9868-57a2d4851a1d" relativeResultsDirectory="f11bd292-8de1-4cd1-8eb2-1ddb8f4350c0" />
    <UnitTestResult executionId="6cbec3e4-d720-4c2b-a7ca-b9e414b28f81" testId="9fc49f5f-39c4-4d39-9a67-100b64fd0ff7" testName="FormatToStringTest1000 (56373.35086238494,56373.35 zł)" computerName="DESKTOP-5URQ9PB" duration="00:00:00.0000071" startTime="2022-06-13T21:11:17.3594058+02:00" endTime="2022-06-13T21:11:17.3594725+02:00" testType="13cdc9d9-ddb5-4fa4-a97d-d965ccfc6d4b" outcome="Passed" testListId="8c84fa94-04c1-424b-9868-57a2d4851a1d" relativeResultsDirectory="6cbec3e4-d720-4c2b-a7ca-b9e414b28f81" />
    <UnitTestResult executionId="071c4611-094b-4b00-babf-53b6c6404cf7" testId="28ed50a6-beca-4bdb-97b1-b87c184a1509" testName="FormatToStringTest1000 (48544.390887578666,48544.39 zł)" computerName="DESKTOP-5URQ9PB" duration="00:00:00.0000063" startTime="2022-06-13T21:11:17.4505179+02:00" endTime="2022-06-13T21:11:17.4505827+02:00" testType="13cdc9d9-ddb5-4fa4-a97d-d965ccfc6d4b" outcome="Passed" testListId="8c84fa94-04c1-424b-9868-57a2d4851a1d" relativeResultsDirectory="071c4611-094b-4b00-babf-53b6c6404cf7" />
    <UnitTestResult executionId="d08a931e-0cbb-4220-a37c-e409f75fc871" testId="07712656-b46a-4829-965c-1ff7a2fd678f" testName="FormatToStringTest1000 (10784.438152511344,10784.44 zł)" computerName="DESKTOP-5URQ9PB" duration="00:00:00.0000112" startTime="2022-06-13T21:11:17.2686011+02:00" endTime="2022-06-13T21:11:17.2687605+02:00" testType="13cdc9d9-ddb5-4fa4-a97d-d965ccfc6d4b" outcome="Passed" testListId="8c84fa94-04c1-424b-9868-57a2d4851a1d" relativeResultsDirectory="d08a931e-0cbb-4220-a37c-e409f75fc871" />
    <UnitTestResult executionId="a78baf72-d6d3-47d3-a29b-9ad620a05f18" testId="e307ebd5-4755-4ee3-8109-4406842aa8fc" testName="FormatToStringTest1000 (6838.422316571894,6838.42 zł)" computerName="DESKTOP-5URQ9PB" duration="00:00:00.0000069" startTime="2022-06-13T21:11:17.2970695+02:00" endTime="2022-06-13T21:11:17.2971371+02:00" testType="13cdc9d9-ddb5-4fa4-a97d-d965ccfc6d4b" outcome="Passed" testListId="8c84fa94-04c1-424b-9868-57a2d4851a1d" relativeResultsDirectory="a78baf72-d6d3-47d3-a29b-9ad620a05f18" />
    <UnitTestResult executionId="77975ce3-296e-4df7-b9b9-fc18a3def357" testId="a2394a23-d36b-4dd2-9533-388660f02860" testName="FormatToStringTest1000 (19933.78650940945,19933.79 zł)" computerName="DESKTOP-5URQ9PB" duration="00:00:00.0000062" startTime="2022-06-13T21:11:17.5583851+02:00" endTime="2022-06-13T21:11:17.5584481+02:00" testType="13cdc9d9-ddb5-4fa4-a97d-d965ccfc6d4b" outcome="Passed" testListId="8c84fa94-04c1-424b-9868-57a2d4851a1d" relativeResultsDirectory="77975ce3-296e-4df7-b9b9-fc18a3def357" />
    <UnitTestResult executionId="314a3c99-2018-4920-901d-553591f865b1" testId="0299cea8-1d72-4fdb-80e2-0d582ae50867" testName="FormatToStringTest1000 (48428.38681602682,48428.39 zł)" computerName="DESKTOP-5URQ9PB" duration="00:00:00.0000063" startTime="2022-06-13T21:11:17.3439251+02:00" endTime="2022-06-13T21:11:17.3439927+02:00" testType="13cdc9d9-ddb5-4fa4-a97d-d965ccfc6d4b" outcome="Passed" testListId="8c84fa94-04c1-424b-9868-57a2d4851a1d" relativeResultsDirectory="314a3c99-2018-4920-901d-553591f865b1" />
    <UnitTestResult executionId="186c6169-17b4-4b9a-9ffb-510d03eca95e" testId="df22217d-ed9b-4b18-b6d2-97f216aff781" testName="FormatToStringTest1000 (78519.41691976106,78519.42 zł)" computerName="DESKTOP-5URQ9PB" duration="00:00:00.0000061" startTime="2022-06-13T21:11:17.4868544+02:00" endTime="2022-06-13T21:11:17.4869177+02:00" testType="13cdc9d9-ddb5-4fa4-a97d-d965ccfc6d4b" outcome="Passed" testListId="8c84fa94-04c1-424b-9868-57a2d4851a1d" relativeResultsDirectory="186c6169-17b4-4b9a-9ffb-510d03eca95e" />
    <UnitTestResult executionId="e2947a2f-aeb1-4840-ab69-0b3bd93696c1" testId="02efcad4-80c7-4abe-b3c0-e38553b13b3e" testName="FormatToStringTest1000 (55303.17220895699,55303.17 zł)" computerName="DESKTOP-5URQ9PB" duration="00:00:00.0000061" startTime="2022-06-13T21:11:17.2860806+02:00" endTime="2022-06-13T21:11:17.2861470+02:00" testType="13cdc9d9-ddb5-4fa4-a97d-d965ccfc6d4b" outcome="Passed" testListId="8c84fa94-04c1-424b-9868-57a2d4851a1d" relativeResultsDirectory="e2947a2f-aeb1-4840-ab69-0b3bd93696c1" />
    <UnitTestResult executionId="a5064ccd-28b4-460c-b922-201ef27c3e2e" testId="d5708015-791b-451b-9959-4febf735a0dd" testName="FormatToStringTest1000 (31347.468987404587,31347.47 zł)" computerName="DESKTOP-5URQ9PB" duration="00:00:00.0000061" startTime="2022-06-13T21:11:17.5641495+02:00" endTime="2022-06-13T21:11:17.5642129+02:00" testType="13cdc9d9-ddb5-4fa4-a97d-d965ccfc6d4b" outcome="Passed" testListId="8c84fa94-04c1-424b-9868-57a2d4851a1d" relativeResultsDirectory="a5064ccd-28b4-460c-b922-201ef27c3e2e" />
    <UnitTestResult executionId="7aa90c99-05f4-44d4-aa2c-ff7b47e59883" testId="541d9090-2987-4a45-9fce-4d1267bdffa0" testName="FormatToStringTest1000 (16571.355536101553,16571.36 zł)" computerName="DESKTOP-5URQ9PB" duration="00:00:00.0000061" startTime="2022-06-13T21:11:17.2859953+02:00" endTime="2022-06-13T21:11:17.2860619+02:00" testType="13cdc9d9-ddb5-4fa4-a97d-d965ccfc6d4b" outcome="Passed" testListId="8c84fa94-04c1-424b-9868-57a2d4851a1d" relativeResultsDirectory="7aa90c99-05f4-44d4-aa2c-ff7b47e59883" />
    <UnitTestResult executionId="473dcb6b-acc9-464a-b7c6-58867b29f441" testId="1c506242-3a3d-4e0c-ab7e-8720c3acdca8" testName="FormatToStringTest1000 (45299.778512198376,45299.78 zł)" computerName="DESKTOP-5URQ9PB" duration="00:00:00.0000061" startTime="2022-06-13T21:11:17.4953200+02:00" endTime="2022-06-13T21:11:17.4953930+02:00" testType="13cdc9d9-ddb5-4fa4-a97d-d965ccfc6d4b" outcome="Passed" testListId="8c84fa94-04c1-424b-9868-57a2d4851a1d" relativeResultsDirectory="473dcb6b-acc9-464a-b7c6-58867b29f441" />
    <UnitTestResult executionId="cba6237d-e833-4c13-98d4-a4bdf2e522e7" testId="478b024f-9fbe-4e81-a857-f362d81ed292" testName="FormatToStringTest1000 (32821.05661472215,32821.06 zł)" computerName="DESKTOP-5URQ9PB" duration="00:00:00.0000083" startTime="2022-06-13T21:11:17.4836644+02:00" endTime="2022-06-13T21:11:17.4837654+02:00" testType="13cdc9d9-ddb5-4fa4-a97d-d965ccfc6d4b" outcome="Passed" testListId="8c84fa94-04c1-424b-9868-57a2d4851a1d" relativeResultsDirectory="cba6237d-e833-4c13-98d4-a4bdf2e522e7" />
    <UnitTestResult executionId="47b6c6f3-4fcc-462b-a631-82920cf2de76" testId="a932b0f8-5537-4eb6-8794-9644cc6baed8" testName="FormatToStringTest1000 (10324.538670147089,10324.54 zł)" computerName="DESKTOP-5URQ9PB" duration="00:00:00.0000061" startTime="2022-06-13T21:11:17.4655359+02:00" endTime="2022-06-13T21:11:17.4655994+02:00" testType="13cdc9d9-ddb5-4fa4-a97d-d965ccfc6d4b" outcome="Passed" testListId="8c84fa94-04c1-424b-9868-57a2d4851a1d" relativeResultsDirectory="47b6c6f3-4fcc-462b-a631-82920cf2de76" />
    <UnitTestResult executionId="cd988dea-b2bc-4b31-97c2-8192609de3ad" testId="64cad177-1461-4c0e-bffc-429ae3ff66d7" testName="FormatToStringTest1000 (10994.251866986162,10994.25 zł)" computerName="DESKTOP-5URQ9PB" duration="00:00:00.0000063" startTime="2022-06-13T21:11:17.4478167+02:00" endTime="2022-06-13T21:11:17.4478825+02:00" testType="13cdc9d9-ddb5-4fa4-a97d-d965ccfc6d4b" outcome="Passed" testListId="8c84fa94-04c1-424b-9868-57a2d4851a1d" relativeResultsDirectory="cd988dea-b2bc-4b31-97c2-8192609de3ad" />
    <UnitTestResult executionId="234d05bb-2507-4a01-a46f-bf7d8886c015" testId="c297248d-281e-4ca1-93a8-3ee3a3d4fd65" testName="FormatToStringTest1000 (6145.531235831571,6145.53 zł)" computerName="DESKTOP-5URQ9PB" duration="00:00:00.0000061" startTime="2022-06-13T21:11:17.3535831+02:00" endTime="2022-06-13T21:11:17.3536496+02:00" testType="13cdc9d9-ddb5-4fa4-a97d-d965ccfc6d4b" outcome="Passed" testListId="8c84fa94-04c1-424b-9868-57a2d4851a1d" relativeResultsDirectory="234d05bb-2507-4a01-a46f-bf7d8886c015" />
    <UnitTestResult executionId="03c6b7ae-516d-4459-9fb6-34a36cf10491" testId="eee3600f-71c3-4915-8ccb-80769fdd8579" testName="FormatToStringTest1000 (28298.945361683585,28298.95 zł)" computerName="DESKTOP-5URQ9PB" duration="00:00:00.0000065" startTime="2022-06-13T21:11:17.4174850+02:00" endTime="2022-06-13T21:11:17.4175524+02:00" testType="13cdc9d9-ddb5-4fa4-a97d-d965ccfc6d4b" outcome="Passed" testListId="8c84fa94-04c1-424b-9868-57a2d4851a1d" relativeResultsDirectory="03c6b7ae-516d-4459-9fb6-34a36cf10491" />
    <UnitTestResult executionId="af15a48c-0b54-4faa-bdad-000f9ec01379" testId="78393284-35aa-4169-aadd-0d0b8edbe6a7" testName="FormatToStringTest1000 (270.1894008262033,270.19 zł)" computerName="DESKTOP-5URQ9PB" duration="00:00:00.0000061" startTime="2022-06-13T21:11:17.3764019+02:00" endTime="2022-06-13T21:11:17.3764680+02:00" testType="13cdc9d9-ddb5-4fa4-a97d-d965ccfc6d4b" outcome="Passed" testListId="8c84fa94-04c1-424b-9868-57a2d4851a1d" relativeResultsDirectory="af15a48c-0b54-4faa-bdad-000f9ec01379" />
    <UnitTestResult executionId="6edd8f0b-4340-4831-be10-60154228d23e" testId="34cd76e9-5d7f-4bc8-8c1d-6f948596f8c6" testName="FormatToStringTest1000 (20344.185360967265,20344.19 zł)" computerName="DESKTOP-5URQ9PB" duration="00:00:00.0000061" startTime="2022-06-13T21:11:17.5101875+02:00" endTime="2022-06-13T21:11:17.5102510+02:00" testType="13cdc9d9-ddb5-4fa4-a97d-d965ccfc6d4b" outcome="Passed" testListId="8c84fa94-04c1-424b-9868-57a2d4851a1d" relativeResultsDirectory="6edd8f0b-4340-4831-be10-60154228d23e" />
    <UnitTestResult executionId="8ac74285-a563-4d3a-a210-748d0ebb69e5" testId="3a893753-5e63-4dbc-8be7-33fe9eb638d5" testName="FormatToStringTest1000 (79973.08417819678,79973.08 zł)" computerName="DESKTOP-5URQ9PB" duration="00:00:00.0000063" startTime="2022-06-13T21:11:17.1869140+02:00" endTime="2022-06-13T21:11:17.1869804+02:00" testType="13cdc9d9-ddb5-4fa4-a97d-d965ccfc6d4b" outcome="Passed" testListId="8c84fa94-04c1-424b-9868-57a2d4851a1d" relativeResultsDirectory="8ac74285-a563-4d3a-a210-748d0ebb69e5" />
    <UnitTestResult executionId="ecc84a8e-cfe5-4762-98cc-0bd297dd1502" testId="fa15d8a8-c05c-4066-8f4f-808e57274db8" testName="FormatToStringTest1000 (8768.816937361293,8768.82 zł)" computerName="DESKTOP-5URQ9PB" duration="00:00:00.0000062" startTime="2022-06-13T21:11:17.2453224+02:00" endTime="2022-06-13T21:11:17.2453897+02:00" testType="13cdc9d9-ddb5-4fa4-a97d-d965ccfc6d4b" outcome="Passed" testListId="8c84fa94-04c1-424b-9868-57a2d4851a1d" relativeResultsDirectory="ecc84a8e-cfe5-4762-98cc-0bd297dd1502" />
    <UnitTestResult executionId="02eacf13-03a8-4a63-945b-0e6e528e966a" testId="48ffc2eb-acd3-4477-af81-102b99f75d8a" testName="FormatToStringTest1000 (31163.834562352316,31163.83 zł)" computerName="DESKTOP-5URQ9PB" duration="00:00:00.0000090" startTime="2022-06-13T21:11:17.5160286+02:00" endTime="2022-06-13T21:11:17.5161236+02:00" testType="13cdc9d9-ddb5-4fa4-a97d-d965ccfc6d4b" outcome="Passed" testListId="8c84fa94-04c1-424b-9868-57a2d4851a1d" relativeResultsDirectory="02eacf13-03a8-4a63-945b-0e6e528e966a" />
    <UnitTestResult executionId="c540587e-3f62-4c16-a24c-7c92ab60ddac" testId="7e2188f4-324c-45a6-8374-50a59b7cb54c" testName="FormatToStringTest1000 (79.6815319544084,79.68 zł)" computerName="DESKTOP-5URQ9PB" duration="00:00:00.0000233" startTime="2022-06-13T21:11:17.2313713+02:00" endTime="2022-06-13T21:11:17.2315723+02:00" testType="13cdc9d9-ddb5-4fa4-a97d-d965ccfc6d4b" outcome="Passed" testListId="8c84fa94-04c1-424b-9868-57a2d4851a1d" relativeResultsDirectory="c540587e-3f62-4c16-a24c-7c92ab60ddac" />
    <UnitTestResult executionId="2ab76233-c1c0-4567-b439-7400e8274500" testId="2eff6bee-00fc-4c76-a935-dace7f002f04" testName="FormatToStringTest1000 (50009.23881716898,50009.24 zł)" computerName="DESKTOP-5URQ9PB" duration="00:00:00.0000065" startTime="2022-06-13T21:11:17.4475601+02:00" endTime="2022-06-13T21:11:17.4476272+02:00" testType="13cdc9d9-ddb5-4fa4-a97d-d965ccfc6d4b" outcome="Passed" testListId="8c84fa94-04c1-424b-9868-57a2d4851a1d" relativeResultsDirectory="2ab76233-c1c0-4567-b439-7400e8274500" />
    <UnitTestResult executionId="3866434e-511e-4895-8252-416e15d1a2ed" testId="b5579ade-07d8-4af4-808b-b55dd3320fc2" testName="FormatToStringTest1000 (386.358918903097,386.36 zł)" computerName="DESKTOP-5URQ9PB" duration="00:00:00.0000065" startTime="2022-06-13T21:11:17.3438391+02:00" endTime="2022-06-13T21:11:17.3439065+02:00" testType="13cdc9d9-ddb5-4fa4-a97d-d965ccfc6d4b" outcome="Passed" testListId="8c84fa94-04c1-424b-9868-57a2d4851a1d" relativeResultsDirectory="3866434e-511e-4895-8252-416e15d1a2ed" />
    <UnitTestResult executionId="9b87a79f-a448-4edf-9d80-f7bff0d7b9a9" testId="97a8f076-4252-40f7-8daa-e1c2de8e6565" testName="FormatToStringTest1000 (42728.35751444258,42728.36 zł)" computerName="DESKTOP-5URQ9PB" duration="00:00:00.0000062" startTime="2022-06-13T21:11:17.5351719+02:00" endTime="2022-06-13T21:11:17.5352360+02:00" testType="13cdc9d9-ddb5-4fa4-a97d-d965ccfc6d4b" outcome="Passed" testListId="8c84fa94-04c1-424b-9868-57a2d4851a1d" relativeResultsDirectory="9b87a79f-a448-4edf-9d80-f7bff0d7b9a9" />
    <UnitTestResult executionId="93370446-24ba-4913-af20-4a6c2ac20ff9" testId="e8e2071f-afae-4617-8a0c-55653ebb5762" testName="FormatToStringTest1000 (13453.429998117233,13453.43 zł)" computerName="DESKTOP-5URQ9PB" duration="00:00:00.0000062" startTime="2022-06-13T21:11:17.4952262+02:00" endTime="2022-06-13T21:11:17.4953028+02:00" testType="13cdc9d9-ddb5-4fa4-a97d-d965ccfc6d4b" outcome="Passed" testListId="8c84fa94-04c1-424b-9868-57a2d4851a1d" relativeResultsDirectory="93370446-24ba-4913-af20-4a6c2ac20ff9" />
    <UnitTestResult executionId="516cebbd-9417-4b71-98a6-c2490bc81364" testId="abbfafba-3de2-48e3-aa82-41dd8b4fdbec" testName="FormatToStringTest1000 (58191.92113629585,58191.92 zł)" computerName="DESKTOP-5URQ9PB" duration="00:00:00.0000063" startTime="2022-06-13T21:11:17.4777318+02:00" endTime="2022-06-13T21:11:17.4777964+02:00" testType="13cdc9d9-ddb5-4fa4-a97d-d965ccfc6d4b" outcome="Passed" testListId="8c84fa94-04c1-424b-9868-57a2d4851a1d" relativeResultsDirectory="516cebbd-9417-4b71-98a6-c2490bc81364" />
    <UnitTestResult executionId="45343b88-1a57-443f-ac01-dc8a8c807f55" testId="1f089363-4aad-4bfd-918f-18a80a5cd047" testName="FormatToStringTest1000 (79764.77845563217,79764.78 zł)" computerName="DESKTOP-5URQ9PB" duration="00:00:00.0000099" startTime="2022-06-13T21:11:17.3294072+02:00" endTime="2022-06-13T21:11:17.3294882+02:00" testType="13cdc9d9-ddb5-4fa4-a97d-d965ccfc6d4b" outcome="Passed" testListId="8c84fa94-04c1-424b-9868-57a2d4851a1d" relativeResultsDirectory="45343b88-1a57-443f-ac01-dc8a8c807f55" />
    <UnitTestResult executionId="4009703b-551f-474a-beda-533a4fa2c34d" testId="4c926dda-d1f3-4b5d-ad04-04f980d299ec" testName="FormatToStringTest1000 (3477.860963622509,3477.86 zł)" computerName="DESKTOP-5URQ9PB" duration="00:00:00.0000065" startTime="2022-06-13T21:11:17.5298160+02:00" endTime="2022-06-13T21:11:17.5298843+02:00" testType="13cdc9d9-ddb5-4fa4-a97d-d965ccfc6d4b" outcome="Passed" testListId="8c84fa94-04c1-424b-9868-57a2d4851a1d" relativeResultsDirectory="4009703b-551f-474a-beda-533a4fa2c34d" />
    <UnitTestResult executionId="7413ce02-2764-4d98-ad57-d3b7541c5aed" testId="84dc0871-b1b0-4d6b-b213-128cb512d637" testName="FormatToStringTest1000 (3846.644792262765,3846.64 zł)" computerName="DESKTOP-5URQ9PB" duration="00:00:00.0000061" startTime="2022-06-13T21:11:17.3172333+02:00" endTime="2022-06-13T21:11:17.3172992+02:00" testType="13cdc9d9-ddb5-4fa4-a97d-d965ccfc6d4b" outcome="Passed" testListId="8c84fa94-04c1-424b-9868-57a2d4851a1d" relativeResultsDirectory="7413ce02-2764-4d98-ad57-d3b7541c5aed" />
    <UnitTestResult executionId="7d55b3a3-676c-4640-981a-a404366dff41" testId="03e75d80-38a1-47f7-9921-b8fda2e4edd1" testName="FormatToStringTest1000 (93775.33090185716,93775.33 zł)" computerName="DESKTOP-5URQ9PB" duration="00:00:00.0000061" startTime="2022-06-13T21:11:17.4780551+02:00" endTime="2022-06-13T21:11:17.4781180+02:00" testType="13cdc9d9-ddb5-4fa4-a97d-d965ccfc6d4b" outcome="Passed" testListId="8c84fa94-04c1-424b-9868-57a2d4851a1d" relativeResultsDirectory="7d55b3a3-676c-4640-981a-a404366dff41" />
    <UnitTestResult executionId="f7acab93-0300-4f76-931a-485d288ce4c9" testId="50ab61d7-61c2-44a3-8e5c-b63c2e915a36" testName="FormatToStringTest1000 (6213.265206352466,6213.27 zł)" computerName="DESKTOP-5URQ9PB" duration="00:00:00.0000063" startTime="2022-06-13T21:11:17.3592371+02:00" endTime="2022-06-13T21:11:17.3593042+02:00" testType="13cdc9d9-ddb5-4fa4-a97d-d965ccfc6d4b" outcome="Passed" testListId="8c84fa94-04c1-424b-9868-57a2d4851a1d" relativeResultsDirectory="f7acab93-0300-4f76-931a-485d288ce4c9" />
    <UnitTestResult executionId="765f4fb4-c680-4753-b1ce-1b42e805c4d9" testId="6f00dfdc-f5f1-4be7-ba97-48709e0e991b" testName="FormatToStringTest1000 (20737.251994218328,20737.25 zł)" computerName="DESKTOP-5URQ9PB" duration="00:00:00.0000064" startTime="2022-06-13T21:11:17.2826882+02:00" endTime="2022-06-13T21:11:17.2827602+02:00" testType="13cdc9d9-ddb5-4fa4-a97d-d965ccfc6d4b" outcome="Passed" testListId="8c84fa94-04c1-424b-9868-57a2d4851a1d" relativeResultsDirectory="765f4fb4-c680-4753-b1ce-1b42e805c4d9" />
    <UnitTestResult executionId="8cecf6cd-9ffc-4a70-baae-cb9e2b0791ee" testId="1b68fe88-068c-43e5-9cb4-fcc615ed8c92" testName="FormatToStringTest1000 (55010.474927814896,55010.47 zł)" computerName="DESKTOP-5URQ9PB" duration="00:00:00.0000061" startTime="2022-06-13T21:11:17.4949616+02:00" endTime="2022-06-13T21:11:17.4950255+02:00" testType="13cdc9d9-ddb5-4fa4-a97d-d965ccfc6d4b" outcome="Passed" testListId="8c84fa94-04c1-424b-9868-57a2d4851a1d" relativeResultsDirectory="8cecf6cd-9ffc-4a70-baae-cb9e2b0791ee" />
    <UnitTestResult executionId="95ceae71-8756-4482-9f6d-0174fe86560d" testId="847f9e13-2c56-4d29-b725-486847adc25c" testName="FormatToStringTest1000 (29539.32303995328,29539.32 zł)" computerName="DESKTOP-5URQ9PB" duration="00:00:00.0000063" startTime="2022-06-13T21:11:17.3947864+02:00" endTime="2022-06-13T21:11:17.3948532+02:00" testType="13cdc9d9-ddb5-4fa4-a97d-d965ccfc6d4b" outcome="Passed" testListId="8c84fa94-04c1-424b-9868-57a2d4851a1d" relativeResultsDirectory="95ceae71-8756-4482-9f6d-0174fe86560d" />
    <UnitTestResult executionId="0baa79fc-28a9-45d1-b9f5-bb266fddad53" testId="12963ac9-eaab-4847-aa07-9377a3a7fcb3" testName="FormatToStringTest1000 (29362.005930638876,29362.01 zł)" computerName="DESKTOP-5URQ9PB" duration="00:00:00.0000071" startTime="2022-06-13T21:11:17.3261255+02:00" endTime="2022-06-13T21:11:17.3262068+02:00" testType="13cdc9d9-ddb5-4fa4-a97d-d965ccfc6d4b" outcome="Passed" testListId="8c84fa94-04c1-424b-9868-57a2d4851a1d" relativeResultsDirectory="0baa79fc-28a9-45d1-b9f5-bb266fddad53" />
    <UnitTestResult executionId="7915c461-409d-4513-852f-494621f8ef84" testId="896e6679-55bd-4d4d-a27c-639d72395f5d" testName="FormatToStringTest1000 (12221.10494323592,12221.10 zł)" computerName="DESKTOP-5URQ9PB" duration="00:00:00.0000062" startTime="2022-06-13T21:11:17.2731201+02:00" endTime="2022-06-13T21:11:17.2731873+02:00" testType="13cdc9d9-ddb5-4fa4-a97d-d965ccfc6d4b" outcome="Passed" testListId="8c84fa94-04c1-424b-9868-57a2d4851a1d" relativeResultsDirectory="7915c461-409d-4513-852f-494621f8ef84" />
    <UnitTestResult executionId="4f02db65-05ca-4bae-ba44-c64d23a53a74" testId="11499ae8-c24e-4c2d-afb8-733b01853c89" testName="FormatToStringTest1000 (22678.643495744862,22678.64 zł)" computerName="DESKTOP-5URQ9PB" duration="00:00:00.0000080" startTime="2022-06-13T21:11:17.4951358+02:00" endTime="2022-06-13T21:11:17.4952086+02:00" testType="13cdc9d9-ddb5-4fa4-a97d-d965ccfc6d4b" outcome="Passed" testListId="8c84fa94-04c1-424b-9868-57a2d4851a1d" relativeResultsDirectory="4f02db65-05ca-4bae-ba44-c64d23a53a74" />
    <UnitTestResult executionId="b13e675b-f3ed-43e4-af53-1996ed2efbb7" testId="a4edb8d2-f05b-4186-ae10-fa13eab60d74" testName="FormatToStringTest1000 (1228.101744225296,1228.10 zł)" computerName="DESKTOP-5URQ9PB" duration="00:00:00.0000065" startTime="2022-06-13T21:11:17.4866834+02:00" endTime="2022-06-13T21:11:17.4867548+02:00" testType="13cdc9d9-ddb5-4fa4-a97d-d965ccfc6d4b" outcome="Passed" testListId="8c84fa94-04c1-424b-9868-57a2d4851a1d" relativeResultsDirectory="b13e675b-f3ed-43e4-af53-1996ed2efbb7" />
    <UnitTestResult executionId="62c9312f-a675-49d5-b69c-b310286ccb9c" testId="b05b2d48-5d7b-4df2-a228-508eb69aac5c" testName="FormatToStringTest1000 (7891.960478953067,7891.96 zł)" computerName="DESKTOP-5URQ9PB" duration="00:00:00.0000061" startTime="2022-06-13T21:11:17.3796507+02:00" endTime="2022-06-13T21:11:17.3797169+02:00" testType="13cdc9d9-ddb5-4fa4-a97d-d965ccfc6d4b" outcome="Passed" testListId="8c84fa94-04c1-424b-9868-57a2d4851a1d" relativeResultsDirectory="62c9312f-a675-49d5-b69c-b310286ccb9c" />
    <UnitTestResult executionId="c4257318-41d9-44aa-89f1-472a110008cf" testId="be621b5c-db45-43cc-8a07-cb563a6c7619" testName="FormatToStringTest1000 (15624.452361264477,15624.45 zł)" computerName="DESKTOP-5URQ9PB" duration="00:00:00.0000077" startTime="2022-06-13T21:11:17.4172965+02:00" endTime="2022-06-13T21:11:17.4173789+02:00" testType="13cdc9d9-ddb5-4fa4-a97d-d965ccfc6d4b" outcome="Passed" testListId="8c84fa94-04c1-424b-9868-57a2d4851a1d" relativeResultsDirectory="c4257318-41d9-44aa-89f1-472a110008cf" />
    <UnitTestResult executionId="f0db34a5-2521-4df5-b897-2dc113fb2afb" testId="a0f9aac7-2f17-464d-b3d2-ea8a69a07230" testName="FormatToStringTest1000 (7191.024921368353,7191.02 zł)" computerName="DESKTOP-5URQ9PB" duration="00:00:00.0000072" startTime="2022-06-13T21:11:17.5042575+02:00" endTime="2022-06-13T21:11:17.5043335+02:00" testType="13cdc9d9-ddb5-4fa4-a97d-d965ccfc6d4b" outcome="Passed" testListId="8c84fa94-04c1-424b-9868-57a2d4851a1d" relativeResultsDirectory="f0db34a5-2521-4df5-b897-2dc113fb2afb" />
    <UnitTestResult executionId="97876514-7a6e-46a1-a4cf-606be5499b0f" testId="e1259ff1-ec79-48ba-97b6-7533c4c8eb52" testName="FormatToStringTest1000 (11175.438820935526,11175.44 zł)" computerName="DESKTOP-5URQ9PB" duration="00:00:00.0000065" startTime="2022-06-13T21:11:17.3064225+02:00" endTime="2022-06-13T21:11:17.3064901+02:00" testType="13cdc9d9-ddb5-4fa4-a97d-d965ccfc6d4b" outcome="Passed" testListId="8c84fa94-04c1-424b-9868-57a2d4851a1d" relativeResultsDirectory="97876514-7a6e-46a1-a4cf-606be5499b0f" />
    <UnitTestResult executionId="30e21a24-4ae1-4308-badc-1d0d536b5380" testId="a0fdc695-2299-4329-b730-56214381b34a" testName="FormatToStringTest1000 (51529.79033960206,51529.79 zł)" computerName="DESKTOP-5URQ9PB" duration="00:00:00.0000062" startTime="2022-06-13T21:11:17.5642300+02:00" endTime="2022-06-13T21:11:17.5642933+02:00" testType="13cdc9d9-ddb5-4fa4-a97d-d965ccfc6d4b" outcome="Passed" testListId="8c84fa94-04c1-424b-9868-57a2d4851a1d" relativeResultsDirectory="30e21a24-4ae1-4308-badc-1d0d536b5380" />
    <UnitTestResult executionId="49dafbb9-d813-482f-8cfe-745a56cdfdca" testId="638c47ee-4b53-4b69-8f88-b3f8a2a76a51" testName="FormatToStringTest1000 (17232.486162219426,17232.49 zł)" computerName="DESKTOP-5URQ9PB" duration="00:00:00.0000063" startTime="2022-06-13T21:11:17.3395184+02:00" endTime="2022-06-13T21:11:17.3395909+02:00" testType="13cdc9d9-ddb5-4fa4-a97d-d965ccfc6d4b" outcome="Passed" testListId="8c84fa94-04c1-424b-9868-57a2d4851a1d" relativeResultsDirectory="49dafbb9-d813-482f-8cfe-745a56cdfdca" />
    <UnitTestResult executionId="3524dbac-922c-479d-bf0a-b1190053c260" testId="0c674179-8e15-46ad-8105-b8ad36a9ce18" testName="FormatToStringTest1000 (63115.864864394935,63115.86 zł)" computerName="DESKTOP-5URQ9PB" duration="00:00:00.0000060" startTime="2022-06-13T21:11:17.2763029+02:00" endTime="2022-06-13T21:11:17.2763686+02:00" testType="13cdc9d9-ddb5-4fa4-a97d-d965ccfc6d4b" outcome="Passed" testListId="8c84fa94-04c1-424b-9868-57a2d4851a1d" relativeResultsDirectory="3524dbac-922c-479d-bf0a-b1190053c260" />
    <UnitTestResult executionId="42f56211-5477-4dd9-9523-24f1f3b9e7a4" testId="44b3bfae-d7b1-4862-85f1-d0a725443735" testName="FormatToStringTest1000 (16427.591943671738,16427.59 zł)" computerName="DESKTOP-5URQ9PB" duration="00:00:00.0000066" startTime="2022-06-13T21:11:17.4056996+02:00" endTime="2022-06-13T21:11:17.4058075+02:00" testType="13cdc9d9-ddb5-4fa4-a97d-d965ccfc6d4b" outcome="Passed" testListId="8c84fa94-04c1-424b-9868-57a2d4851a1d" relativeResultsDirectory="42f56211-5477-4dd9-9523-24f1f3b9e7a4" />
    <UnitTestResult executionId="ef1e8426-16a5-463b-a478-7bde1a3ac1e2" testId="860d7687-e5fa-4838-950f-4979eae2f6a4" testName="FormatToStringTest1000 (24476.442216712254,24476.44 zł)" computerName="DESKTOP-5URQ9PB" duration="00:00:00.0000261" startTime="2022-06-13T21:11:17.4397701+02:00" endTime="2022-06-13T21:11:17.4399458+02:00" testType="13cdc9d9-ddb5-4fa4-a97d-d965ccfc6d4b" outcome="Passed" testListId="8c84fa94-04c1-424b-9868-57a2d4851a1d" relativeResultsDirectory="ef1e8426-16a5-463b-a478-7bde1a3ac1e2" />
    <UnitTestResult executionId="8f4860df-763e-4c6a-9f82-5a451a2d75aa" testId="f3c4ada5-e5ed-463a-a128-7bbe09008416" testName="FormatToStringTest1000 (1514.6266382441981,1514.63 zł)" computerName="DESKTOP-5URQ9PB" duration="00:00:00.0000115" startTime="2022-06-13T21:11:17.3686748+02:00" endTime="2022-06-13T21:11:17.3687671+02:00" testType="13cdc9d9-ddb5-4fa4-a97d-d965ccfc6d4b" outcome="Passed" testListId="8c84fa94-04c1-424b-9868-57a2d4851a1d" relativeResultsDirectory="8f4860df-763e-4c6a-9f82-5a451a2d75aa" />
    <UnitTestResult executionId="4af3930e-f48c-475f-b6b2-0a5e795ac6f0" testId="603b7a6a-5e9b-424d-aa59-373026d161dd" testName="FormatToStringTest1000 (15509.637406484986,15509.64 zł)" computerName="DESKTOP-5URQ9PB" duration="00:00:00.0000072" startTime="2022-06-13T21:11:17.2824320+02:00" endTime="2022-06-13T21:11:17.2824998+02:00" testType="13cdc9d9-ddb5-4fa4-a97d-d965ccfc6d4b" outcome="Passed" testListId="8c84fa94-04c1-424b-9868-57a2d4851a1d" relativeResultsDirectory="4af3930e-f48c-475f-b6b2-0a5e795ac6f0" />
    <UnitTestResult executionId="e63c4200-f900-4440-95dc-9b6a407476ca" testId="35850cd7-5775-4b60-bb13-ed26b400e058" testName="FormatToStringTest1000 (11624.834848273003,11624.83 zł)" computerName="DESKTOP-5URQ9PB" duration="00:00:00.0000060" startTime="2022-06-13T21:11:17.4601137+02:00" endTime="2022-06-13T21:11:17.4601771+02:00" testType="13cdc9d9-ddb5-4fa4-a97d-d965ccfc6d4b" outcome="Passed" testListId="8c84fa94-04c1-424b-9868-57a2d4851a1d" relativeResultsDirectory="e63c4200-f900-4440-95dc-9b6a407476ca" />
    <UnitTestResult executionId="f294efa3-1042-4d98-99ec-d104e56f7069" testId="805b0dee-68c1-4455-8630-15a91b80d357" testName="FormatToStringTest1000 (24957.469502810607,24957.47 zł)" computerName="DESKTOP-5URQ9PB" duration="00:00:00.0000063" startTime="2022-06-13T21:11:17.2358308+02:00" endTime="2022-06-13T21:11:17.2359149+02:00" testType="13cdc9d9-ddb5-4fa4-a97d-d965ccfc6d4b" outcome="Passed" testListId="8c84fa94-04c1-424b-9868-57a2d4851a1d" relativeResultsDirectory="f294efa3-1042-4d98-99ec-d104e56f7069" />
    <UnitTestResult executionId="544f2b5a-183c-4178-8871-d77daf363592" testId="d7f6c740-4d1e-465e-ae19-0b2eb088bc6b" testName="FormatToStringTest1000 (54275.73209373408,54275.73 zł)" computerName="DESKTOP-5URQ9PB" duration="00:00:00.0000061" startTime="2022-06-13T21:11:17.5436450+02:00" endTime="2022-06-13T21:11:17.5437076+02:00" testType="13cdc9d9-ddb5-4fa4-a97d-d965ccfc6d4b" outcome="Passed" testListId="8c84fa94-04c1-424b-9868-57a2d4851a1d" relativeResultsDirectory="544f2b5a-183c-4178-8871-d77daf363592" />
    <UnitTestResult executionId="59d5180c-bd97-4e8a-9d67-34c94271fe76" testId="7d0b8dba-c269-42de-8073-7a9d59fcfaf7" testName="FormatToStringTest1000 (59768.02667973611,59768.03 zł)" computerName="DESKTOP-5URQ9PB" duration="00:00:00.0000062" startTime="2022-06-13T21:11:17.4145279+02:00" endTime="2022-06-13T21:11:17.4145943+02:00" testType="13cdc9d9-ddb5-4fa4-a97d-d965ccfc6d4b" outcome="Passed" testListId="8c84fa94-04c1-424b-9868-57a2d4851a1d" relativeResultsDirectory="59d5180c-bd97-4e8a-9d67-34c94271fe76" />
    <UnitTestResult executionId="f9261433-1ad4-4bd0-b728-ee78fb6f3103" testId="c80be484-4d2e-41de-88ff-3f6f0e90f4ee" testName="FormatToStringTest1000 (626.135364110179,626.14 zł)" computerName="DESKTOP-5URQ9PB" duration="00:00:00.0000063" startTime="2022-06-13T21:11:17.3069373+02:00" endTime="2022-06-13T21:11:17.3070012+02:00" testType="13cdc9d9-ddb5-4fa4-a97d-d965ccfc6d4b" outcome="Passed" testListId="8c84fa94-04c1-424b-9868-57a2d4851a1d" relativeResultsDirectory="f9261433-1ad4-4bd0-b728-ee78fb6f3103" />
    <UnitTestResult executionId="d857ba35-0218-4f20-9007-f0c99913812f" testId="1171a2e8-2b4a-409f-b726-39b44513a0c3" testName="FormatToStringTest1000 (26945.125386551546,26945.13 zł)" computerName="DESKTOP-5URQ9PB" duration="00:00:00.0000065" startTime="2022-06-13T21:11:17.2795405+02:00" endTime="2022-06-13T21:11:17.2796084+02:00" testType="13cdc9d9-ddb5-4fa4-a97d-d965ccfc6d4b" outcome="Passed" testListId="8c84fa94-04c1-424b-9868-57a2d4851a1d" relativeResultsDirectory="d857ba35-0218-4f20-9007-f0c99913812f" />
    <UnitTestResult executionId="128f3dec-58fd-4694-b707-2e80241fd234" testId="72c6c450-4e44-4da8-a7c9-ca0c02809483" testName="FormatToStringTest1000 (10534.184353995222,10534.18 zł)" computerName="DESKTOP-5URQ9PB" duration="00:00:00.0000062" startTime="2022-06-13T21:11:17.2728649+02:00" endTime="2022-06-13T21:11:17.2729316+02:00" testType="13cdc9d9-ddb5-4fa4-a97d-d965ccfc6d4b" outcome="Passed" testListId="8c84fa94-04c1-424b-9868-57a2d4851a1d" relativeResultsDirectory="128f3dec-58fd-4694-b707-2e80241fd234" />
    <UnitTestResult executionId="7b8f7943-4c97-413a-bf17-fe5d2322cb44" testId="e3411dcb-d0de-410d-8b79-6654e6e63c70" testName="FormatToStringTest1000 (74152.7503934562,74152.75 zł)" computerName="DESKTOP-5URQ9PB" duration="00:00:00.0000064" startTime="2022-06-13T21:11:17.3731248+02:00" endTime="2022-06-13T21:11:17.3731894+02:00" testType="13cdc9d9-ddb5-4fa4-a97d-d965ccfc6d4b" outcome="Passed" testListId="8c84fa94-04c1-424b-9868-57a2d4851a1d" relativeResultsDirectory="7b8f7943-4c97-413a-bf17-fe5d2322cb44" />
    <UnitTestResult executionId="c95f1771-337c-46ad-ab11-2b0d1027e0a4" testId="967a05a4-8b7f-4626-9b81-127baa05eb52" testName="FormatToStringTest1000 (40035.54711080787,40035.55 zł)" computerName="DESKTOP-5URQ9PB" duration="00:00:00.0000062" startTime="2022-06-13T21:11:17.3200753+02:00" endTime="2022-06-13T21:11:17.3201421+02:00" testType="13cdc9d9-ddb5-4fa4-a97d-d965ccfc6d4b" outcome="Passed" testListId="8c84fa94-04c1-424b-9868-57a2d4851a1d" relativeResultsDirectory="c95f1771-337c-46ad-ab11-2b0d1027e0a4" />
    <UnitTestResult executionId="410495bf-12e4-4065-b842-61afd622fd37" testId="a743c4c3-fbc4-4340-ba0f-a8637af8fae6" testName="FormatToStringTest1000 (87505.85936583664,87505.86 zł)" computerName="DESKTOP-5URQ9PB" duration="00:00:00.0000062" startTime="2022-06-13T21:11:17.4175704+02:00" endTime="2022-06-13T21:11:17.4176371+02:00" testType="13cdc9d9-ddb5-4fa4-a97d-d965ccfc6d4b" outcome="Passed" testListId="8c84fa94-04c1-424b-9868-57a2d4851a1d" relativeResultsDirectory="410495bf-12e4-4065-b842-61afd622fd37" />
    <UnitTestResult executionId="646c0050-1997-469c-9721-1459c7cf355a" testId="3a8f9ff2-96cb-495c-a015-e4a5ae5f1572" testName="FormatToStringTest1000 (29474.095826699442,29474.10 zł)" computerName="DESKTOP-5URQ9PB" duration="00:00:00.0000066" startTime="2022-06-13T21:11:17.5787066+02:00" endTime="2022-06-13T21:11:17.5787799+02:00" testType="13cdc9d9-ddb5-4fa4-a97d-d965ccfc6d4b" outcome="Passed" testListId="8c84fa94-04c1-424b-9868-57a2d4851a1d" relativeResultsDirectory="646c0050-1997-469c-9721-1459c7cf355a" />
    <UnitTestResult executionId="b86f8b25-f397-4643-9eac-eb4ddbf5f3c4" testId="bbf7990d-8d6c-4739-91cb-f645a792d19a" testName="FormatToStringTest1000 (17252.06220983903,17252.06 zł)" computerName="DESKTOP-5URQ9PB" duration="00:00:00.0000065" startTime="2022-06-13T21:11:17.2549724+02:00" endTime="2022-06-13T21:11:17.2550484+02:00" testType="13cdc9d9-ddb5-4fa4-a97d-d965ccfc6d4b" outcome="Passed" testListId="8c84fa94-04c1-424b-9868-57a2d4851a1d" relativeResultsDirectory="b86f8b25-f397-4643-9eac-eb4ddbf5f3c4" />
    <UnitTestResult executionId="050f8141-1330-4511-835b-906dfd5227d8" testId="b7e0f29c-ce83-412b-a866-ba8cd2f8cc31" testName="FormatToStringTest1000 (941.429400278921,941.43 zł)" computerName="DESKTOP-5URQ9PB" duration="00:00:00.0000062" startTime="2022-06-13T21:11:17.3595737+02:00" endTime="2022-06-13T21:11:17.3596377+02:00" testType="13cdc9d9-ddb5-4fa4-a97d-d965ccfc6d4b" outcome="Passed" testListId="8c84fa94-04c1-424b-9868-57a2d4851a1d" relativeResultsDirectory="050f8141-1330-4511-835b-906dfd5227d8" />
    <UnitTestResult executionId="d4884ba1-a84b-46cc-9b60-70aa209f8421" testId="c0fea437-580a-457e-bda3-f7ec7d4ffc24" testName="FormatToStringTest1000 (2409.393997763001,2409.39 zł)" computerName="DESKTOP-5URQ9PB" duration="00:00:00.0000062" startTime="2022-06-13T21:11:17.2825174+02:00" endTime="2022-06-13T21:11:17.2825843+02:00" testType="13cdc9d9-ddb5-4fa4-a97d-d965ccfc6d4b" outcome="Passed" testListId="8c84fa94-04c1-424b-9868-57a2d4851a1d" relativeResultsDirectory="d4884ba1-a84b-46cc-9b60-70aa209f8421" />
    <UnitTestResult executionId="b484ad84-e72e-4926-b7f4-aa31dd8b3a27" testId="5ce826b6-52c7-4864-8928-a624a5e3b013" testName="FormatToStringTest1000 (22533.17694295811,22533.18 zł)" computerName="DESKTOP-5URQ9PB" duration="00:00:00.0000061" startTime="2022-06-13T21:11:17.5753063+02:00" endTime="2022-06-13T21:11:17.5753697+02:00" testType="13cdc9d9-ddb5-4fa4-a97d-d965ccfc6d4b" outcome="Passed" testListId="8c84fa94-04c1-424b-9868-57a2d4851a1d" relativeResultsDirectory="b484ad84-e72e-4926-b7f4-aa31dd8b3a27" />
    <UnitTestResult executionId="27b60997-6139-4040-ab19-bb8260aee109" testId="0e041649-e165-4cad-8d44-76e731be5050" testName="FormatToStringTest1000 (15190.097283723344,15190.10 zł)" computerName="DESKTOP-5URQ9PB" duration="00:00:00.0000062" startTime="2022-06-13T21:11:17.5434850+02:00" endTime="2022-06-13T21:11:17.5435485+02:00" testType="13cdc9d9-ddb5-4fa4-a97d-d965ccfc6d4b" outcome="Passed" testListId="8c84fa94-04c1-424b-9868-57a2d4851a1d" relativeResultsDirectory="27b60997-6139-4040-ab19-bb8260aee109" />
    <UnitTestResult executionId="b61a73fb-68fe-4e7b-807d-69b80e64f491" testId="6f90f38e-941e-4d0d-a257-6cb6af6bfd2b" testName="FormatToStringTest1000 (12283.48626129026,12283.49 zł)" computerName="DESKTOP-5URQ9PB" duration="00:00:00.0000062" startTime="2022-06-13T21:11:17.3627376+02:00" endTime="2022-06-13T21:11:17.3628052+02:00" testType="13cdc9d9-ddb5-4fa4-a97d-d965ccfc6d4b" outcome="Passed" testListId="8c84fa94-04c1-424b-9868-57a2d4851a1d" relativeResultsDirectory="b61a73fb-68fe-4e7b-807d-69b80e64f491" />
    <UnitTestResult executionId="b99277f4-48d7-4d54-aa5d-f79dfb8d76b8" testId="b7b1701f-f8fe-4b07-a1ab-fb6b69b745b2" testName="FormatToStringTest1000 (5247.779940802501,5247.78 zł)" computerName="DESKTOP-5URQ9PB" duration="00:00:00.0000063" startTime="2022-06-13T21:11:17.5926371+02:00" endTime="2022-06-13T21:11:17.5927024+02:00" testType="13cdc9d9-ddb5-4fa4-a97d-d965ccfc6d4b" outcome="Passed" testListId="8c84fa94-04c1-424b-9868-57a2d4851a1d" relativeResultsDirectory="b99277f4-48d7-4d54-aa5d-f79dfb8d76b8" />
    <UnitTestResult executionId="d0d55bea-9d32-4253-9556-4aa34dc560d1" testId="b3a34acd-0e1e-42bd-b2f6-295f480d243e" testName="FormatToStringTest1000 (19882.647973500494,19882.65 zł)" computerName="DESKTOP-5URQ9PB" duration="00:00:00.0000060" startTime="2022-06-13T21:11:17.4865221+02:00" endTime="2022-06-13T21:11:17.4865861+02:00" testType="13cdc9d9-ddb5-4fa4-a97d-d965ccfc6d4b" outcome="Passed" testListId="8c84fa94-04c1-424b-9868-57a2d4851a1d" relativeResultsDirectory="d0d55bea-9d32-4253-9556-4aa34dc560d1" />
    <UnitTestResult executionId="cc99ff63-c3c7-4d19-a598-d9b5ed1e8289" testId="f3468555-0628-45ac-b46c-119804e9bcaa" testName="FormatToStringTest1000 (2444.4726240530017,2444.47 zł)" computerName="DESKTOP-5URQ9PB" duration="00:00:00.0000061" startTime="2022-06-13T21:11:17.5610397+02:00" endTime="2022-06-13T21:11:17.5611037+02:00" testType="13cdc9d9-ddb5-4fa4-a97d-d965ccfc6d4b" outcome="Passed" testListId="8c84fa94-04c1-424b-9868-57a2d4851a1d" relativeResultsDirectory="cc99ff63-c3c7-4d19-a598-d9b5ed1e8289" />
    <UnitTestResult executionId="58736b92-043f-4cc8-acc4-12ed474a53df" testId="739ca908-deb2-4540-9c0d-f41c2e31da3d" testName="FormatToStringTest1000 (19216.446905020366,19216.45 zł)" computerName="DESKTOP-5URQ9PB" duration="00:00:00.0000061" startTime="2022-06-13T21:11:17.2760516+02:00" endTime="2022-06-13T21:11:17.2761178+02:00" testType="13cdc9d9-ddb5-4fa4-a97d-d965ccfc6d4b" outcome="Passed" testListId="8c84fa94-04c1-424b-9868-57a2d4851a1d" relativeResultsDirectory="58736b92-043f-4cc8-acc4-12ed474a53df" />
    <UnitTestResult executionId="5b8ba485-1de8-4774-afe7-1cd20d824c75" testId="ffa8a464-ede4-4346-b485-56bae91baf79" testName="FormatToStringTest1000 (3341.8351759444154,3341.84 zł)" computerName="DESKTOP-5URQ9PB" duration="00:00:00.0000062" startTime="2022-06-13T21:11:17.3920028+02:00" endTime="2022-06-13T21:11:17.3920684+02:00" testType="13cdc9d9-ddb5-4fa4-a97d-d965ccfc6d4b" outcome="Passed" testListId="8c84fa94-04c1-424b-9868-57a2d4851a1d" relativeResultsDirectory="5b8ba485-1de8-4774-afe7-1cd20d824c75" />
    <UnitTestResult executionId="11b9476d-d0e7-4803-9a52-beb9cd30ffb8" testId="a1ab2997-6d60-4c95-97f8-7c175e9d96b6" testName="FormatToStringTest1000 (40857.08543233996,40857.09 zł)" computerName="DESKTOP-5URQ9PB" duration="00:00:00.0000096" startTime="2022-06-13T21:11:17.2542533+02:00" endTime="2022-06-13T21:11:17.2543726+02:00" testType="13cdc9d9-ddb5-4fa4-a97d-d965ccfc6d4b" outcome="Passed" testListId="8c84fa94-04c1-424b-9868-57a2d4851a1d" relativeResultsDirectory="11b9476d-d0e7-4803-9a52-beb9cd30ffb8" />
    <UnitTestResult executionId="568fc51d-4b83-4d5b-9350-2f77e43b4f4b" testId="e7e34ee8-0551-41e1-a295-089f65e51e67" testName="FormatToStringTest1000 (57713.01647853712,57713.02 zł)" computerName="DESKTOP-5URQ9PB" duration="00:00:00.0000065" startTime="2022-06-13T21:11:17.4448288+02:00" endTime="2022-06-13T21:11:17.4449003+02:00" testType="13cdc9d9-ddb5-4fa4-a97d-d965ccfc6d4b" outcome="Passed" testListId="8c84fa94-04c1-424b-9868-57a2d4851a1d" relativeResultsDirectory="568fc51d-4b83-4d5b-9350-2f77e43b4f4b" />
    <UnitTestResult executionId="f7b67cd4-0f14-44b0-8c87-50e75ceb3216" testId="09d61e6e-159a-45c1-8e14-8556554190dc" testName="FormatToStringTest1000 (11118.620997698335,11118.62 zł)" computerName="DESKTOP-5URQ9PB" duration="00:00:00.0000062" startTime="2022-06-13T21:11:17.3858904+02:00" endTime="2022-06-13T21:11:17.3859566+02:00" testType="13cdc9d9-ddb5-4fa4-a97d-d965ccfc6d4b" outcome="Passed" testListId="8c84fa94-04c1-424b-9868-57a2d4851a1d" relativeResultsDirectory="f7b67cd4-0f14-44b0-8c87-50e75ceb3216" />
    <UnitTestResult executionId="c3d78069-413e-4897-aa6b-ec1ca6a8b6aa" testId="2e44e8f2-f7f5-4e29-943a-56adf885726a" testName="FormatToStringTest1000 (21328.29026726507,21328.29 zł)" computerName="DESKTOP-5URQ9PB" duration="00:00:00.0000064" startTime="2022-06-13T21:11:17.5636515+02:00" endTime="2022-06-13T21:11:17.5637187+02:00" testType="13cdc9d9-ddb5-4fa4-a97d-d965ccfc6d4b" outcome="Passed" testListId="8c84fa94-04c1-424b-9868-57a2d4851a1d" relativeResultsDirectory="c3d78069-413e-4897-aa6b-ec1ca6a8b6aa" />
    <UnitTestResult executionId="54adf10d-88f0-4d51-90c8-ac2bcd4a16b1" testId="c369ccbb-2258-4943-beb6-efdb2c9b3237" testName="FormatToStringTest1000 (45340.017357165,45340.02 zł)" computerName="DESKTOP-5URQ9PB" duration="00:00:00.0000065" startTime="2022-06-13T21:11:17.4082147+02:00" endTime="2022-06-13T21:11:17.4082800+02:00" testType="13cdc9d9-ddb5-4fa4-a97d-d965ccfc6d4b" outcome="Passed" testListId="8c84fa94-04c1-424b-9868-57a2d4851a1d" relativeResultsDirectory="54adf10d-88f0-4d51-90c8-ac2bcd4a16b1" />
    <UnitTestResult executionId="fd9b4988-3595-4776-ab0f-bcf482f89997" testId="7eff5b80-48d3-4e8d-a1ce-e6db3fa41a88" testName="FormatToStringTest1000 (16030.852371789913,16030.85 zł)" computerName="DESKTOP-5URQ9PB" duration="00:00:00.0000107" startTime="2022-06-13T21:11:17.2755463+02:00" endTime="2022-06-13T21:11:17.2756764+02:00" testType="13cdc9d9-ddb5-4fa4-a97d-d965ccfc6d4b" outcome="Passed" testListId="8c84fa94-04c1-424b-9868-57a2d4851a1d" relativeResultsDirectory="fd9b4988-3595-4776-ab0f-bcf482f89997" />
    <UnitTestResult executionId="192ee7cf-10ed-4945-ab2c-2feef40d8ab7" testId="fbb369e5-8eae-4e8f-8eea-efeb562e3a50" testName="FormatToStringTest1000 (468.83385119346616,468.83 zł)" computerName="DESKTOP-5URQ9PB" duration="00:00:00.0000076" startTime="2022-06-13T21:11:17.2445836+02:00" endTime="2022-06-13T21:11:17.2446700+02:00" testType="13cdc9d9-ddb5-4fa4-a97d-d965ccfc6d4b" outcome="Passed" testListId="8c84fa94-04c1-424b-9868-57a2d4851a1d" relativeResultsDirectory="192ee7cf-10ed-4945-ab2c-2feef40d8ab7" />
    <UnitTestResult executionId="b9fb4f97-58dd-4264-b498-dab2ad2e5f25" testId="c89dba63-7450-420a-862e-bcc33f4bf0ae" testName="FormatToStringTest1000 (1313.0279238368514,1313.03 zł)" computerName="DESKTOP-5URQ9PB" duration="00:00:00.0000061" startTime="2022-06-13T21:11:17.5047630+02:00" endTime="2022-06-13T21:11:17.5048277+02:00" testType="13cdc9d9-ddb5-4fa4-a97d-d965ccfc6d4b" outcome="Passed" testListId="8c84fa94-04c1-424b-9868-57a2d4851a1d" relativeResultsDirectory="b9fb4f97-58dd-4264-b498-dab2ad2e5f25" />
    <UnitTestResult executionId="884ab489-c6e4-4231-8bee-094749f4bd6b" testId="957bb935-17af-49a9-9555-cbbbeb5e505d" testName="FormatToStringTest1000 (72802.68569213277,72802.69 zł)" computerName="DESKTOP-5URQ9PB" duration="00:00:00.0000064" startTime="2022-06-13T21:11:17.5407924+02:00" endTime="2022-06-13T21:11:17.5408586+02:00" testType="13cdc9d9-ddb5-4fa4-a97d-d965ccfc6d4b" outcome="Passed" testListId="8c84fa94-04c1-424b-9868-57a2d4851a1d" relativeResultsDirectory="884ab489-c6e4-4231-8bee-094749f4bd6b" />
    <UnitTestResult executionId="a29d904c-beec-4439-845d-0cac0b33f848" testId="79199b0d-0725-4c13-a85f-ab5a072e236e" testName="FormatToStringTest1000 (43727.735558145556,43727.74 zł)" computerName="DESKTOP-5URQ9PB" duration="00:00:00.0000061" startTime="2022-06-13T21:11:17.3596559+02:00" endTime="2022-06-13T21:11:17.3597216+02:00" testType="13cdc9d9-ddb5-4fa4-a97d-d965ccfc6d4b" outcome="Passed" testListId="8c84fa94-04c1-424b-9868-57a2d4851a1d" relativeResultsDirectory="a29d904c-beec-4439-845d-0cac0b33f848" />
    <UnitTestResult executionId="dcc76317-9e17-44d2-a68f-acfe8b0cc823" testId="5a008350-b93a-430e-9860-4db51937d840" testName="FormatToStringTest1000 (35384.637112688106,35384.64 zł)" computerName="DESKTOP-5URQ9PB" duration="00:00:00.0000067" startTime="2022-06-13T21:11:17.5103476+02:00" endTime="2022-06-13T21:11:17.5104116+02:00" testType="13cdc9d9-ddb5-4fa4-a97d-d965ccfc6d4b" outcome="Passed" testListId="8c84fa94-04c1-424b-9868-57a2d4851a1d" relativeResultsDirectory="dcc76317-9e17-44d2-a68f-acfe8b0cc823" />
    <UnitTestResult executionId="2e01ea2f-7016-46e2-881c-eaa4e2b13b72" testId="c9ebdebe-6930-4536-8d62-435ae6fea452" testName="FormatToStringTest1000 (34242.181005260056,34242.18 zł)" computerName="DESKTOP-5URQ9PB" duration="00:00:00.0000061" startTime="2022-06-13T21:11:17.4749227+02:00" endTime="2022-06-13T21:11:17.4749870+02:00" testType="13cdc9d9-ddb5-4fa4-a97d-d965ccfc6d4b" outcome="Passed" testListId="8c84fa94-04c1-424b-9868-57a2d4851a1d" relativeResultsDirectory="2e01ea2f-7016-46e2-881c-eaa4e2b13b72" />
    <UnitTestResult executionId="8dfc2e9f-f124-48e9-90b4-5e18207293a4" testId="eb82956b-1f3e-4bc5-bc9a-e9db3c07a959" testName="FormatToStringTest1000 (59283.48311990662,59283.48 zł)" computerName="DESKTOP-5URQ9PB" duration="00:00:00.0000064" startTime="2022-06-13T21:11:17.3331218+02:00" endTime="2022-06-13T21:11:17.3331969+02:00" testType="13cdc9d9-ddb5-4fa4-a97d-d965ccfc6d4b" outcome="Passed" testListId="8c84fa94-04c1-424b-9868-57a2d4851a1d" relativeResultsDirectory="8dfc2e9f-f124-48e9-90b4-5e18207293a4" />
    <UnitTestResult executionId="b3000e1c-1716-4842-bddd-008ddedefbe1" testId="9d7c8f8c-f682-45c1-b484-51397857cc98" testName="FormatToStringTest1000 (743.047944508981,743.05 zł)" computerName="DESKTOP-5URQ9PB" duration="00:00:00.0000070" startTime="2022-06-13T21:11:17.4508839+02:00" endTime="2022-06-13T21:11:17.4509496+02:00" testType="13cdc9d9-ddb5-4fa4-a97d-d965ccfc6d4b" outcome="Passed" testListId="8c84fa94-04c1-424b-9868-57a2d4851a1d" relativeResultsDirectory="b3000e1c-1716-4842-bddd-008ddedefbe1" />
    <UnitTestResult executionId="ea29d6e8-0a14-4ac9-b87d-462c021b970d" testId="95cce985-9733-4596-94cc-1dd870836142" testName="FormatToStringTest1000 (75214.75000876503,75214.75 zł)" computerName="DESKTOP-5URQ9PB" duration="00:00:00.0000071" startTime="2022-06-13T21:11:17.3882365+02:00" endTime="2022-06-13T21:11:17.3883151+02:00" testType="13cdc9d9-ddb5-4fa4-a97d-d965ccfc6d4b" outcome="Passed" testListId="8c84fa94-04c1-424b-9868-57a2d4851a1d" relativeResultsDirectory="ea29d6e8-0a14-4ac9-b87d-462c021b970d" />
    <UnitTestResult executionId="3e032ab2-4b67-4ac4-830c-4c9b96754b81" testId="dc801c75-e71e-4606-b5fa-65f330670bbd" testName="FormatToStringTest1000 (1613.6903705837626,1613.69 zł)" computerName="DESKTOP-5URQ9PB" duration="00:00:00.0000061" startTime="2022-06-13T21:11:17.4118177+02:00" endTime="2022-06-13T21:11:17.4118836+02:00" testType="13cdc9d9-ddb5-4fa4-a97d-d965ccfc6d4b" outcome="Passed" testListId="8c84fa94-04c1-424b-9868-57a2d4851a1d" relativeResultsDirectory="3e032ab2-4b67-4ac4-830c-4c9b96754b81" />
    <UnitTestResult executionId="4f15eb1d-0d25-4f38-b1bb-232ee435dfd3" testId="c0a97cd3-9658-479c-8628-2ef119444780" testName="FormatToStringTest1000 (88489.14069749469,88489.14 zł)" computerName="DESKTOP-5URQ9PB" duration="00:00:00.0000071" startTime="2022-06-13T21:11:17.5813823+02:00" endTime="2022-06-13T21:11:17.5814590+02:00" testType="13cdc9d9-ddb5-4fa4-a97d-d965ccfc6d4b" outcome="Passed" testListId="8c84fa94-04c1-424b-9868-57a2d4851a1d" relativeResultsDirectory="4f15eb1d-0d25-4f38-b1bb-232ee435dfd3" />
    <UnitTestResult executionId="0c5c99cc-c9d6-4a8c-a0ed-88cfd38db185" testId="0b686ff6-b0bd-4be3-807d-2a49b0716528" testName="FormatToStringTest1000 (397.6461894566408,397.65 zł)" computerName="DESKTOP-5URQ9PB" duration="00:00:00.0000060" startTime="2022-06-13T21:11:17.5383003+02:00" endTime="2022-06-13T21:11:17.5383637+02:00" testType="13cdc9d9-ddb5-4fa4-a97d-d965ccfc6d4b" outcome="Passed" testListId="8c84fa94-04c1-424b-9868-57a2d4851a1d" relativeResultsDirectory="0c5c99cc-c9d6-4a8c-a0ed-88cfd38db185" />
    <UnitTestResult executionId="fecfad13-f213-4c1b-8f4d-3676a5e69ed0" testId="17ceef7a-0277-43e0-9b12-4e0e1a75dfe9" testName="FormatToStringTest1000 (7124.979180760672,7124.98 zł)" computerName="DESKTOP-5URQ9PB" duration="00:00:00.0000068" startTime="2022-06-13T21:11:17.2388404+02:00" endTime="2022-06-13T21:11:17.2389283+02:00" testType="13cdc9d9-ddb5-4fa4-a97d-d965ccfc6d4b" outcome="Passed" testListId="8c84fa94-04c1-424b-9868-57a2d4851a1d" relativeResultsDirectory="fecfad13-f213-4c1b-8f4d-3676a5e69ed0" />
    <UnitTestResult executionId="c1679360-69e7-4dc5-93f5-ac459a509bd3" testId="a0e4899a-e910-46db-9fb9-47e88012c750" testName="FormatToStringTest1000 (4592.278577496428,4592.28 zł)" computerName="DESKTOP-5URQ9PB" duration="00:00:00.0000063" startTime="2022-06-13T21:11:17.5125053+02:00" endTime="2022-06-13T21:11:17.5125701+02:00" testType="13cdc9d9-ddb5-4fa4-a97d-d965ccfc6d4b" outcome="Passed" testListId="8c84fa94-04c1-424b-9868-57a2d4851a1d" relativeResultsDirectory="c1679360-69e7-4dc5-93f5-ac459a509bd3" />
    <UnitTestResult executionId="77a21cbf-a28d-4c0c-971b-8e0a7b163f16" testId="3fe1c82c-5fa7-47b1-bf2b-a6279999953a" testName="FormatToStringTest1000 (16282.687804925576,16282.69 zł)" computerName="DESKTOP-5URQ9PB" duration="00:00:00.0000062" startTime="2022-06-13T21:11:17.2890350+02:00" endTime="2022-06-13T21:11:17.2891025+02:00" testType="13cdc9d9-ddb5-4fa4-a97d-d965ccfc6d4b" outcome="Passed" testListId="8c84fa94-04c1-424b-9868-57a2d4851a1d" relativeResultsDirectory="77a21cbf-a28d-4c0c-971b-8e0a7b163f16" />
    <UnitTestResult executionId="5ed45a23-c969-4273-8a00-00fcf07c0953" testId="105292e1-dd3b-443b-b61e-81db3e10aa3b" testName="FormatToStringTest1000 (35248.53555717996,35248.54 zł)" computerName="DESKTOP-5URQ9PB" duration="00:00:00.0000062" startTime="2022-06-13T21:11:17.5901258+02:00" endTime="2022-06-13T21:11:17.5901892+02:00" testType="13cdc9d9-ddb5-4fa4-a97d-d965ccfc6d4b" outcome="Passed" testListId="8c84fa94-04c1-424b-9868-57a2d4851a1d" relativeResultsDirectory="5ed45a23-c969-4273-8a00-00fcf07c0953" />
    <UnitTestResult executionId="48b3327d-89bb-4580-85a6-c70c4762f282" testId="84505fa2-3055-494e-8787-ced64e1374f9" testName="FormatToStringTest1000 (13478.157112043891,13478.16 zł)" computerName="DESKTOP-5URQ9PB" duration="00:00:00.0000062" startTime="2022-06-13T21:11:17.4509669+02:00" endTime="2022-06-13T21:11:17.4510317+02:00" testType="13cdc9d9-ddb5-4fa4-a97d-d965ccfc6d4b" outcome="Passed" testListId="8c84fa94-04c1-424b-9868-57a2d4851a1d" relativeResultsDirectory="48b3327d-89bb-4580-85a6-c70c4762f282" />
    <UnitTestResult executionId="a7aea713-b5d3-4a0f-a4ee-5b2a2d14ca11" testId="113c0ea1-7afc-4891-8ecd-020d87de643c" testName="FormatToStringTest1000 (6323.24079469882,6323.24 zł)" computerName="DESKTOP-5URQ9PB" duration="00:00:00.0000062" startTime="2022-06-13T21:11:17.3265611+02:00" endTime="2022-06-13T21:11:17.3266262+02:00" testType="13cdc9d9-ddb5-4fa4-a97d-d965ccfc6d4b" outcome="Passed" testListId="8c84fa94-04c1-424b-9868-57a2d4851a1d" relativeResultsDirectory="a7aea713-b5d3-4a0f-a4ee-5b2a2d14ca11" />
    <UnitTestResult executionId="cb257d17-5fee-460e-8ce8-e4865d1ded12" testId="65a0d7cc-2fb7-41b4-9be2-8f690c1ac842" testName="FormatToStringTest1000 (19435.417227184127,19435.42 zł)" computerName="DESKTOP-5URQ9PB" duration="00:00:00.0000068" startTime="2022-06-13T21:11:17.4088085+02:00" endTime="2022-06-13T21:11:17.4088758+02:00" testType="13cdc9d9-ddb5-4fa4-a97d-d965ccfc6d4b" outcome="Passed" testListId="8c84fa94-04c1-424b-9868-57a2d4851a1d" relativeResultsDirectory="cb257d17-5fee-460e-8ce8-e4865d1ded12" />
    <UnitTestResult executionId="e37f5e79-daee-4ae7-b20e-7d1ebc2aab49" testId="1a395104-a762-4df0-8dca-c950af0f5c8e" testName="FormatToStringTest1000 (19071.681252896637,19071.68 zł)" computerName="DESKTOP-5URQ9PB" duration="00:00:00.0000063" startTime="2022-06-13T21:11:17.4862484+02:00" endTime="2022-06-13T21:11:17.4863141+02:00" testType="13cdc9d9-ddb5-4fa4-a97d-d965ccfc6d4b" outcome="Passed" testListId="8c84fa94-04c1-424b-9868-57a2d4851a1d" relativeResultsDirectory="e37f5e79-daee-4ae7-b20e-7d1ebc2aab49" />
    <UnitTestResult executionId="b6bea9c1-86cf-40f7-a049-609fd5c0b127" testId="55dd1f8a-09de-4d8b-aafc-f2ba8709cd4c" testName="FormatToStringTest1000 (17875.613377604455,17875.61 zł)" computerName="DESKTOP-5URQ9PB" duration="00:00:00.0000072" startTime="2022-06-13T21:11:17.3032342+02:00" endTime="2022-06-13T21:11:17.3033144+02:00" testType="13cdc9d9-ddb5-4fa4-a97d-d965ccfc6d4b" outcome="Passed" testListId="8c84fa94-04c1-424b-9868-57a2d4851a1d" relativeResultsDirectory="b6bea9c1-86cf-40f7-a049-609fd5c0b127" />
    <UnitTestResult executionId="35c7f42e-bfd2-4509-82f4-8b441f502da9" testId="9bb1db14-9dbc-497f-86ed-9b1beee25329" testName="FormatToStringTest1000 (8908.080586221107,8908.08 zł)" computerName="DESKTOP-5URQ9PB" duration="00:00:00.0000064" startTime="2022-06-13T21:11:17.3033342+02:00" endTime="2022-06-13T21:11:17.3034026+02:00" testType="13cdc9d9-ddb5-4fa4-a97d-d965ccfc6d4b" outcome="Passed" testListId="8c84fa94-04c1-424b-9868-57a2d4851a1d" relativeResultsDirectory="35c7f42e-bfd2-4509-82f4-8b441f502da9" />
    <UnitTestResult executionId="e177b51e-f220-49ea-b8e0-51a165756084" testId="bcb13d1e-6684-4490-b7aa-9620b317e8f7" testName="FormatToStringTest1000 (11022.594234092438,11022.59 zł)" computerName="DESKTOP-5URQ9PB" duration="00:00:00.0000062" startTime="2022-06-13T21:11:17.3629079+02:00" endTime="2022-06-13T21:11:17.3629745+02:00" testType="13cdc9d9-ddb5-4fa4-a97d-d965ccfc6d4b" outcome="Passed" testListId="8c84fa94-04c1-424b-9868-57a2d4851a1d" relativeResultsDirectory="e177b51e-f220-49ea-b8e0-51a165756084" />
    <UnitTestResult executionId="d6f57cce-4583-42cc-9d66-1a0235a2a8dc" testId="47032c16-77e5-4696-928a-63b1629c20e3" testName="FormatToStringTest1000 (20527.270339210645,20527.27 zł)" computerName="DESKTOP-5URQ9PB" duration="00:00:00.0000064" startTime="2022-06-13T21:11:17.5720089+02:00" endTime="2022-06-13T21:11:17.5720744+02:00" testType="13cdc9d9-ddb5-4fa4-a97d-d965ccfc6d4b" outcome="Passed" testListId="8c84fa94-04c1-424b-9868-57a2d4851a1d" relativeResultsDirectory="d6f57cce-4583-42cc-9d66-1a0235a2a8dc" />
    <UnitTestResult executionId="7c8dbc2c-2af3-4eb0-81db-453a06d8aea3" testId="a65722f6-dcb3-4502-ad7e-7b4b8ac765eb" testName="FormatToStringTest1000 (28972.23604401212,28972.24 zł)" computerName="DESKTOP-5URQ9PB" duration="00:00:00.0000063" startTime="2022-06-13T21:11:17.4685225+02:00" endTime="2022-06-13T21:11:17.4685930+02:00" testType="13cdc9d9-ddb5-4fa4-a97d-d965ccfc6d4b" outcome="Passed" testListId="8c84fa94-04c1-424b-9868-57a2d4851a1d" relativeResultsDirectory="7c8dbc2c-2af3-4eb0-81db-453a06d8aea3" />
    <UnitTestResult executionId="0a908b9f-1a23-44bf-bc5e-a43d454eface" testId="64271559-7d76-4126-8b60-438e9422d469" testName="FormatToStringTest1000 (14910.573044539697,14910.57 zł)" computerName="DESKTOP-5URQ9PB" duration="00:00:00.0000060" startTime="2022-06-13T21:11:17.5928080+02:00" endTime="2022-06-13T21:11:17.5928724+02:00" testType="13cdc9d9-ddb5-4fa4-a97d-d965ccfc6d4b" outcome="Passed" testListId="8c84fa94-04c1-424b-9868-57a2d4851a1d" relativeResultsDirectory="0a908b9f-1a23-44bf-bc5e-a43d454eface" />
    <UnitTestResult executionId="de265f60-73a0-4c61-9804-89ad91fbbcd6" testId="9b911da6-e5f5-4ead-98af-3f8472c4f83b" testName="FormatToStringTest1000 (3521.3657738167635,3521.37 zł)" computerName="DESKTOP-5URQ9PB" duration="00:00:00.0000063" startTime="2022-06-13T21:11:17.2547875+02:00" endTime="2022-06-13T21:11:17.2548605+02:00" testType="13cdc9d9-ddb5-4fa4-a97d-d965ccfc6d4b" outcome="Passed" testListId="8c84fa94-04c1-424b-9868-57a2d4851a1d" relativeResultsDirectory="de265f60-73a0-4c61-9804-89ad91fbbcd6" />
    <UnitTestResult executionId="27089904-a631-42a1-9664-9b62a16ca1c4" testId="d6b58923-5e34-46b2-93ef-727e606280e3" testName="FormatToStringTest1000 (236.20263638589657,236.20 zł)" computerName="DESKTOP-5URQ9PB" duration="00:00:00.0000060" startTime="2022-06-13T21:11:17.4725000+02:00" endTime="2022-06-13T21:11:17.4725637+02:00" testType="13cdc9d9-ddb5-4fa4-a97d-d965ccfc6d4b" outcome="Passed" testListId="8c84fa94-04c1-424b-9868-57a2d4851a1d" relativeResultsDirectory="27089904-a631-42a1-9664-9b62a16ca1c4" />
    <UnitTestResult executionId="cae4d2ba-946e-42af-8710-efca0431a0ed" testId="2ba5ecb8-294f-4c6d-80a8-f825cbaed267" testName="FormatToStringTest1000 (4652.407073443945,4652.41 zł)" computerName="DESKTOP-5URQ9PB" duration="00:00:00.0000066" startTime="2022-06-13T21:11:17.3977332+02:00" endTime="2022-06-13T21:11:17.3978082+02:00" testType="13cdc9d9-ddb5-4fa4-a97d-d965ccfc6d4b" outcome="Passed" testListId="8c84fa94-04c1-424b-9868-57a2d4851a1d" relativeResultsDirectory="cae4d2ba-946e-42af-8710-efca0431a0ed" />
    <UnitTestResult executionId="0db6e1e4-e042-44eb-aa69-aaffb9525431" testId="21a4b93a-e32a-4cda-94f3-3d57d692da15" testName="FormatToStringTest1000 (25272.05048361283,25272.05 zł)" computerName="DESKTOP-5URQ9PB" duration="00:00:00.0000062" startTime="2022-06-13T21:11:17.5557429+02:00" endTime="2022-06-13T21:11:17.5558200+02:00" testType="13cdc9d9-ddb5-4fa4-a97d-d965ccfc6d4b" outcome="Passed" testListId="8c84fa94-04c1-424b-9868-57a2d4851a1d" relativeResultsDirectory="0db6e1e4-e042-44eb-aa69-aaffb9525431" />
    <UnitTestResult executionId="5184e76e-0b7e-40ec-a634-09e101f15be1" testId="666480af-b4f7-49f1-ab6f-017a85ffde64" testName="FormatToStringTest1000 (51503.82905738234,51503.83 zł)" computerName="DESKTOP-5URQ9PB" duration="00:00:00.0000065" startTime="2022-06-13T21:11:17.3066778+02:00" endTime="2022-06-13T21:11:17.3067498+02:00" testType="13cdc9d9-ddb5-4fa4-a97d-d965ccfc6d4b" outcome="Passed" testListId="8c84fa94-04c1-424b-9868-57a2d4851a1d" relativeResultsDirectory="5184e76e-0b7e-40ec-a634-09e101f15be1" />
    <UnitTestResult executionId="88910b8c-eac3-49d6-8ff5-5b781476134d" testId="0b851544-56e1-4d68-8f2e-0ba03d0d4c5f" testName="FormatToStringTest1000 (10527.083945901639,10527.08 zł)" computerName="DESKTOP-5URQ9PB" duration="00:00:00.0000062" startTime="2022-06-13T21:11:17.5201782+02:00" endTime="2022-06-13T21:11:17.5202420+02:00" testType="13cdc9d9-ddb5-4fa4-a97d-d965ccfc6d4b" outcome="Passed" testListId="8c84fa94-04c1-424b-9868-57a2d4851a1d" relativeResultsDirectory="88910b8c-eac3-49d6-8ff5-5b781476134d" />
    <UnitTestResult executionId="70291407-f5dd-4f83-a6fe-c0190ac0b86d" testId="76748a82-9d2b-485b-ae16-d84ae5f923a3" testName="FormatToStringTest1000 (7975.276658828965,7975.28 zł)" computerName="DESKTOP-5URQ9PB" duration="00:00:00.0000488" startTime="2022-06-13T21:11:17.4230486+02:00" endTime="2022-06-13T21:11:17.4237806+02:00" testType="13cdc9d9-ddb5-4fa4-a97d-d965ccfc6d4b" outcome="Passed" testListId="8c84fa94-04c1-424b-9868-57a2d4851a1d" relativeResultsDirectory="70291407-f5dd-4f83-a6fe-c0190ac0b86d" />
    <UnitTestResult executionId="ded54667-3f93-4cbb-bc61-e4a4f5ce7e43" testId="68a4102a-0081-469f-b0d6-c934874d4c4e" testName="FormatToStringTest1000 (18208.8422650126,18208.84 zł)" computerName="DESKTOP-5URQ9PB" duration="00:00:00.0000064" startTime="2022-06-13T21:11:17.3263951+02:00" endTime="2022-06-13T21:11:17.3264593+02:00" testType="13cdc9d9-ddb5-4fa4-a97d-d965ccfc6d4b" outcome="Passed" testListId="8c84fa94-04c1-424b-9868-57a2d4851a1d" relativeResultsDirectory="ded54667-3f93-4cbb-bc61-e4a4f5ce7e43" />
    <UnitTestResult executionId="acc1a5aa-aff1-4926-869f-370304955dbd" testId="7fb034e5-18a1-451d-bf17-ef208e593924" testName="FormatToStringTest1000 (27027.327683509946,27027.33 zł)" computerName="DESKTOP-5URQ9PB" duration="00:00:00.0000062" startTime="2022-06-13T21:11:17.2974104+02:00" endTime="2022-06-13T21:11:17.2974776+02:00" testType="13cdc9d9-ddb5-4fa4-a97d-d965ccfc6d4b" outcome="Passed" testListId="8c84fa94-04c1-424b-9868-57a2d4851a1d" relativeResultsDirectory="acc1a5aa-aff1-4926-869f-370304955dbd" />
    <UnitTestResult executionId="55c8d339-f4cc-439f-a169-637f96db2928" testId="d23e9093-95aa-430e-9431-2b8efd003bcb" testName="FormatToStringTest1000 (20237.28532723723,20237.29 zł)" computerName="DESKTOP-5URQ9PB" duration="00:00:00.0000062" startTime="2022-06-13T21:11:17.4025467+02:00" endTime="2022-06-13T21:11:17.4026122+02:00" testType="13cdc9d9-ddb5-4fa4-a97d-d965ccfc6d4b" outcome="Passed" testListId="8c84fa94-04c1-424b-9868-57a2d4851a1d" relativeResultsDirectory="55c8d339-f4cc-439f-a169-637f96db2928" />
    <UnitTestResult executionId="c42f21c7-763a-4478-84c9-26cfef70e250" testId="b384dcd9-4752-4568-85cb-d4fa1c3f61ee" testName="FormatToStringTest1000 (1860.3356292016504,1860.34 zł)" computerName="DESKTOP-5URQ9PB" duration="00:00:00.0000062" startTime="2022-06-13T21:11:17.4114743+02:00" endTime="2022-06-13T21:11:17.4115411+02:00" testType="13cdc9d9-ddb5-4fa4-a97d-d965ccfc6d4b" outcome="Passed" testListId="8c84fa94-04c1-424b-9868-57a2d4851a1d" relativeResultsDirectory="c42f21c7-763a-4478-84c9-26cfef70e250" />
    <UnitTestResult executionId="1cc71a34-b4ba-48d1-819e-83e45913d53d" testId="d8a1b8dc-5778-42df-af60-05ea56dcabd1" testName="FormatToStringTest1000 (47393.54939526671,47393.55 zł)" computerName="DESKTOP-5URQ9PB" duration="00:00:00.0000077" startTime="2022-06-13T21:11:17.3820995+02:00" endTime="2022-06-13T21:11:17.3821793+02:00" testType="13cdc9d9-ddb5-4fa4-a97d-d965ccfc6d4b" outcome="Passed" testListId="8c84fa94-04c1-424b-9868-57a2d4851a1d" relativeResultsDirectory="1cc71a34-b4ba-48d1-819e-83e45913d53d" />
    <UnitTestResult executionId="5442c438-c7a6-4081-999b-89e3cf7b2bd2" testId="93ac116b-43b7-4ad5-a41f-e86961a7a4bd" testName="FormatToStringTest1000 (36320.770035296104,36320.77 zł)" computerName="DESKTOP-5URQ9PB" duration="00:00:00.0000064" startTime="2022-06-13T21:11:17.5525256+02:00" endTime="2022-06-13T21:11:17.5525916+02:00" testType="13cdc9d9-ddb5-4fa4-a97d-d965ccfc6d4b" outcome="Passed" testListId="8c84fa94-04c1-424b-9868-57a2d4851a1d" relativeResultsDirectory="5442c438-c7a6-4081-999b-89e3cf7b2bd2" />
    <UnitTestResult executionId="e28c03c0-7991-4ebe-af90-42cb5c89a16a" testId="f524ea75-5300-46d7-b721-f490ad0f1acf" testName="FormatToStringTest1000 (17031.365705376662,17031.37 zł)" computerName="DESKTOP-5URQ9PB" duration="00:00:00.0000066" startTime="2022-06-13T21:11:17.3946077+02:00" endTime="2022-06-13T21:11:17.3946764+02:00" testType="13cdc9d9-ddb5-4fa4-a97d-d965ccfc6d4b" outcome="Passed" testListId="8c84fa94-04c1-424b-9868-57a2d4851a1d" relativeResultsDirectory="e28c03c0-7991-4ebe-af90-42cb5c89a16a" />
    <UnitTestResult executionId="8cfd4963-21dd-4987-b07d-6b2cfb338d1c" testId="fc2dd398-722d-434a-a472-8311d7e7f141" testName="FormatToStringTest1000 (45035.160883881224,45035.16 zł)" computerName="DESKTOP-5URQ9PB" duration="00:00:00.0000062" startTime="2022-06-13T21:11:17.2480386+02:00" endTime="2022-06-13T21:11:17.2481050+02:00" testType="13cdc9d9-ddb5-4fa4-a97d-d965ccfc6d4b" outcome="Passed" testListId="8c84fa94-04c1-424b-9868-57a2d4851a1d" relativeResultsDirectory="8cfd4963-21dd-4987-b07d-6b2cfb338d1c" />
    <UnitTestResult executionId="16bad33c-6cb9-4b0b-8663-7ae72af1468e" testId="f9a9bae8-2282-409a-bf98-abb3af76b386" testName="FormatToStringTest1000 (35714.78133482243,35714.78 zł)" computerName="DESKTOP-5URQ9PB" duration="00:00:00.0000061" startTime="2022-06-13T21:11:17.3629921+02:00" endTime="2022-06-13T21:11:17.3630583+02:00" testType="13cdc9d9-ddb5-4fa4-a97d-d965ccfc6d4b" outcome="Passed" testListId="8c84fa94-04c1-424b-9868-57a2d4851a1d" relativeResultsDirectory="16bad33c-6cb9-4b0b-8663-7ae72af1468e" />
    <UnitTestResult executionId="124d8c2e-bee9-4061-9198-d4b8deeca888" testId="06d4c3a1-1cbd-42f7-a15a-1a07f56164db" testName="FormatToStringTest1000 (9928.477822322622,9928.48 zł)" computerName="DESKTOP-5URQ9PB" duration="00:00:00.0000061" startTime="2022-06-13T21:11:17.4725809+02:00" endTime="2022-06-13T21:11:17.4726448+02:00" testType="13cdc9d9-ddb5-4fa4-a97d-d965ccfc6d4b" outcome="Passed" testListId="8c84fa94-04c1-424b-9868-57a2d4851a1d" relativeResultsDirectory="124d8c2e-bee9-4061-9198-d4b8deeca888" />
    <UnitTestResult executionId="329f80c3-84d9-420f-b4e6-f9d5f79e4cf5" testId="ff532a67-1e90-4ce2-8cf4-c85c202a9ff6" testName="FormatToStringTest1000 (1952.6955147062872,1952.70 zł)" computerName="DESKTOP-5URQ9PB" duration="00:00:00.0000062" startTime="2022-06-13T21:11:17.3793979+02:00" endTime="2022-06-13T21:11:17.3794642+02:00" testType="13cdc9d9-ddb5-4fa4-a97d-d965ccfc6d4b" outcome="Passed" testListId="8c84fa94-04c1-424b-9868-57a2d4851a1d" relativeResultsDirectory="329f80c3-84d9-420f-b4e6-f9d5f79e4cf5" />
    <UnitTestResult executionId="8ed593ff-2c08-4b1d-ba75-0243c62b6cea" testId="ee7b2493-ae58-4ed7-9414-5124c65f1ffe" testName="FormatToStringTest1000 (653.4647999170537,653.46 zł)" computerName="DESKTOP-5URQ9PB" duration="00:00:00.0000062" startTime="2022-06-13T21:11:17.3396087+02:00" endTime="2022-06-13T21:11:17.3396842+02:00" testType="13cdc9d9-ddb5-4fa4-a97d-d965ccfc6d4b" outcome="Passed" testListId="8c84fa94-04c1-424b-9868-57a2d4851a1d" relativeResultsDirectory="8ed593ff-2c08-4b1d-ba75-0243c62b6cea" />
    <UnitTestResult executionId="0832dc8e-0e52-40ed-83e4-87f62863e11c" testId="143636c4-ee57-4061-baa2-c57bd26b166e" testName="FormatToStringTest1000 (57181.240528605056,57181.24 zł)" computerName="DESKTOP-5URQ9PB" duration="00:00:00.0000062" startTime="2022-06-13T21:11:17.3470400+02:00" endTime="2022-06-13T21:11:17.3471063+02:00" testType="13cdc9d9-ddb5-4fa4-a97d-d965ccfc6d4b" outcome="Passed" testListId="8c84fa94-04c1-424b-9868-57a2d4851a1d" relativeResultsDirectory="0832dc8e-0e52-40ed-83e4-87f62863e11c" />
    <UnitTestResult executionId="5fba4846-ef72-454e-9d3f-6077342389d4" testId="134cc210-24bc-47f9-8f3a-52d7932d26ae" testName="FormatToStringTest1000 (9634.398811461124,9634.40 zł)" computerName="DESKTOP-5URQ9PB" duration="00:00:00.0000061" startTime="2022-06-13T21:11:17.5272179+02:00" endTime="2022-06-13T21:11:17.5272810+02:00" testType="13cdc9d9-ddb5-4fa4-a97d-d965ccfc6d4b" outcome="Passed" testListId="8c84fa94-04c1-424b-9868-57a2d4851a1d" relativeResultsDirectory="5fba4846-ef72-454e-9d3f-6077342389d4" />
    <UnitTestResult executionId="e8168ea9-a612-4c76-8d37-762e54f4dc2b" testId="26906fa4-0bdb-4f52-a650-33052eed376a" testName="FormatToStringTest1000 (60323.066780431225,60323.07 zł)" computerName="DESKTOP-5URQ9PB" duration="00:00:00.0000063" startTime="2022-06-13T21:11:17.3142230+02:00" endTime="2022-06-13T21:11:17.3142894+02:00" testType="13cdc9d9-ddb5-4fa4-a97d-d965ccfc6d4b" outcome="Passed" testListId="8c84fa94-04c1-424b-9868-57a2d4851a1d" relativeResultsDirectory="e8168ea9-a612-4c76-8d37-762e54f4dc2b" />
    <UnitTestResult executionId="6f6fe0cf-072b-4e7c-b7ab-46fe0a09a3cd" testId="f343df5a-5e0f-42d3-a9d3-252997b5f7a5" testName="FormatToStringTest1000 (12831.146874380833,12831.15 zł)" computerName="DESKTOP-5URQ9PB" duration="00:00:00.0000063" startTime="2022-06-13T21:11:17.3885024+02:00" endTime="2022-06-13T21:11:17.3885686+02:00" testType="13cdc9d9-ddb5-4fa4-a97d-d965ccfc6d4b" outcome="Passed" testListId="8c84fa94-04c1-424b-9868-57a2d4851a1d" relativeResultsDirectory="6f6fe0cf-072b-4e7c-b7ab-46fe0a09a3cd" />
    <UnitTestResult executionId="70a7e654-debc-4782-ba94-317cfc39d4b2" testId="e342fe0e-2588-4a9d-a236-b2689180b4c7" testName="FormatToStringTest1000 (6864.093052674129,6864.09 zł)" computerName="DESKTOP-5URQ9PB" duration="00:00:00.0000065" startTime="2022-06-13T21:11:17.2658188+02:00" endTime="2022-06-13T21:11:17.2659105+02:00" testType="13cdc9d9-ddb5-4fa4-a97d-d965ccfc6d4b" outcome="Passed" testListId="8c84fa94-04c1-424b-9868-57a2d4851a1d" relativeResultsDirectory="70a7e654-debc-4782-ba94-317cfc39d4b2" />
    <UnitTestResult executionId="4194a5fe-9a1a-4eab-b0c2-03762a624500" testId="adeb3477-70d6-43c3-a600-8570f8e71010" testName="FormatToStringTest1000 (28992.38363400166,28992.38 zł)" computerName="DESKTOP-5URQ9PB" duration="00:00:00.0000063" startTime="2022-06-13T21:11:17.5021289+02:00" endTime="2022-06-13T21:11:17.5021931+02:00" testType="13cdc9d9-ddb5-4fa4-a97d-d965ccfc6d4b" outcome="Passed" testListId="8c84fa94-04c1-424b-9868-57a2d4851a1d" relativeResultsDirectory="4194a5fe-9a1a-4eab-b0c2-03762a624500" />
    <UnitTestResult executionId="13c59dc8-15dc-45d1-9513-5d667d72be0a" testId="c610bb57-0f40-4f1b-81a8-c6c1dd7fad2b" testName="FormatToStringTest1000 (50956.25028206606,50956.25 zł)" computerName="DESKTOP-5URQ9PB" duration="00:00:00.0000061" startTime="2022-06-13T21:11:17.3037632+02:00" endTime="2022-06-13T21:11:17.3038293+02:00" testType="13cdc9d9-ddb5-4fa4-a97d-d965ccfc6d4b" outcome="Passed" testListId="8c84fa94-04c1-424b-9868-57a2d4851a1d" relativeResultsDirectory="13c59dc8-15dc-45d1-9513-5d667d72be0a" />
    <UnitTestResult executionId="1dc656e2-c2e8-4074-86af-a3c3035b90af" testId="53b703da-cebc-4c8f-8fef-3d58492593d6" testName="FormatToStringTest1000 (6035.818653228608,6035.82 zł)" computerName="DESKTOP-5URQ9PB" duration="00:00:00.0000063" startTime="2022-06-13T21:11:17.3532446+02:00" endTime="2022-06-13T21:11:17.3533109+02:00" testType="13cdc9d9-ddb5-4fa4-a97d-d965ccfc6d4b" outcome="Passed" testListId="8c84fa94-04c1-424b-9868-57a2d4851a1d" relativeResultsDirectory="1dc656e2-c2e8-4074-86af-a3c3035b90af" />
    <UnitTestResult executionId="e0477b6a-41fe-463e-9a27-5c2d71247859" testId="8de8742f-9d71-4b9f-9136-5c84e707aa3f" testName="FormatToStringTest1000 (66019.32414194118,66019.32 zł)" computerName="DESKTOP-5URQ9PB" duration="00:00:00.0000085" startTime="2022-06-13T21:11:17.2414283+02:00" endTime="2022-06-13T21:11:17.2415381+02:00" testType="13cdc9d9-ddb5-4fa4-a97d-d965ccfc6d4b" outcome="Passed" testListId="8c84fa94-04c1-424b-9868-57a2d4851a1d" relativeResultsDirectory="e0477b6a-41fe-463e-9a27-5c2d71247859" />
    <UnitTestResult executionId="83d39c60-6b23-4dd0-9c64-8c8e420ef8fc" testId="5966cf86-5dee-4c9c-8210-4367ad9fc5a5" testName="FormatToStringTest1000 (13046.352146307172,13046.35 zł)" computerName="DESKTOP-5URQ9PB" duration="00:00:00.0000062" startTime="2022-06-13T21:11:17.5665638+02:00" endTime="2022-06-13T21:11:17.5666281+02:00" testType="13cdc9d9-ddb5-4fa4-a97d-d965ccfc6d4b" outcome="Passed" testListId="8c84fa94-04c1-424b-9868-57a2d4851a1d" relativeResultsDirectory="83d39c60-6b23-4dd0-9c64-8c8e420ef8fc" />
    <UnitTestResult executionId="455e6c9c-c85d-4c8c-ba6d-c3a875424b57" testId="fc78f13d-ccd1-4c48-9a42-ed9332ba4aab" testName="FormatToStringTest1000 (75514.58914517732,75514.59 zł)" computerName="DESKTOP-5URQ9PB" duration="00:00:00.0000063" startTime="2022-06-13T21:11:17.3691746+02:00" endTime="2022-06-13T21:11:17.3692533+02:00" testType="13cdc9d9-ddb5-4fa4-a97d-d965ccfc6d4b" outcome="Passed" testListId="8c84fa94-04c1-424b-9868-57a2d4851a1d" relativeResultsDirectory="455e6c9c-c85d-4c8c-ba6d-c3a875424b57" />
    <UnitTestResult executionId="5d66f887-989a-460b-bcb2-5d1749da8938" testId="b6ba5eaf-d1b7-4f49-9e48-1ef2f55d4d61" testName="FormatToStringTest1000 (13197.65136269417,13197.65 zł)" computerName="DESKTOP-5URQ9PB" duration="00:00:00.0000063" startTime="2022-06-13T21:11:17.3978261+02:00" endTime="2022-06-13T21:11:17.3979039+02:00" testType="13cdc9d9-ddb5-4fa4-a97d-d965ccfc6d4b" outcome="Passed" testListId="8c84fa94-04c1-424b-9868-57a2d4851a1d" relativeResultsDirectory="5d66f887-989a-460b-bcb2-5d1749da8938" />
    <UnitTestResult executionId="1e657e42-7fe9-449c-a097-0fada4fd9635" testId="158ed47e-41c4-43f4-b58a-ed39b1290be9" testName="FormatToStringTest1000 (7013.601812260971,7013.60 zł)" computerName="DESKTOP-5URQ9PB" duration="00:00:00.0000061" startTime="2022-06-13T21:11:17.5750640+02:00" endTime="2022-06-13T21:11:17.5751269+02:00" testType="13cdc9d9-ddb5-4fa4-a97d-d965ccfc6d4b" outcome="Passed" testListId="8c84fa94-04c1-424b-9868-57a2d4851a1d" relativeResultsDirectory="1e657e42-7fe9-449c-a097-0fada4fd9635" />
    <UnitTestResult executionId="5c1ff1d5-208f-4600-8425-aac5636b579a" testId="fa746d02-2fbf-4cbe-aed2-ab56998ac86d" testName="FormatToStringTest1000 (7004.710832051798,7004.71 zł)" computerName="DESKTOP-5URQ9PB" duration="00:00:00.0000061" startTime="2022-06-13T21:11:17.5552501+02:00" endTime="2022-06-13T21:11:17.5553151+02:00" testType="13cdc9d9-ddb5-4fa4-a97d-d965ccfc6d4b" outcome="Passed" testListId="8c84fa94-04c1-424b-9868-57a2d4851a1d" relativeResultsDirectory="5c1ff1d5-208f-4600-8425-aac5636b579a" />
    <UnitTestResult executionId="58238cb1-3f01-4f54-a668-103e6b0304f7" testId="d4921af5-71bd-464b-a361-320afc646dbd" testName="FormatToStringTest1000 (36047.83545033672,36047.84 zł)" computerName="DESKTOP-5URQ9PB" duration="00:00:00.0000063" startTime="2022-06-13T21:11:17.4990654+02:00" endTime="2022-06-13T21:11:17.4991299+02:00" testType="13cdc9d9-ddb5-4fa4-a97d-d965ccfc6d4b" outcome="Passed" testListId="8c84fa94-04c1-424b-9868-57a2d4851a1d" relativeResultsDirectory="58238cb1-3f01-4f54-a668-103e6b0304f7" />
    <UnitTestResult executionId="97be6de6-c6a2-424d-9e7e-fe6958d81e74" testId="b49e707c-1aae-4be9-a458-4015372f2303" testName="FormatToStringTest1000 (10965.74607995746,10965.75 zł)" computerName="DESKTOP-5URQ9PB" duration="00:00:00.0000067" startTime="2022-06-13T21:11:17.2790139+02:00" endTime="2022-06-13T21:11:17.2790878+02:00" testType="13cdc9d9-ddb5-4fa4-a97d-d965ccfc6d4b" outcome="Passed" testListId="8c84fa94-04c1-424b-9868-57a2d4851a1d" relativeResultsDirectory="97be6de6-c6a2-424d-9e7e-fe6958d81e74" />
    <UnitTestResult executionId="5ac8467a-f099-47ba-8d1d-82c92dc0944f" testId="fd6ff8c2-5022-41a9-8c32-27c44cc144cd" testName="FormatToStringTest1000 (64568.131500027666,64568.13 zł)" computerName="DESKTOP-5URQ9PB" duration="00:00:00.0000060" startTime="2022-06-13T21:11:17.5129984+02:00" endTime="2022-06-13T21:11:17.5130617+02:00" testType="13cdc9d9-ddb5-4fa4-a97d-d965ccfc6d4b" outcome="Passed" testListId="8c84fa94-04c1-424b-9868-57a2d4851a1d" relativeResultsDirectory="5ac8467a-f099-47ba-8d1d-82c92dc0944f" />
    <UnitTestResult executionId="10c292cc-5d56-4b3c-9c7e-1ef54c2e4711" testId="ba343485-9f45-4ad7-b44d-42d1f02afe3f" testName="FormatToStringTest1000 (30578.687538491416,30578.69 zł)" computerName="DESKTOP-5URQ9PB" duration="00:00:00.0000065" startTime="2022-06-13T21:11:17.3394244+02:00" endTime="2022-06-13T21:11:17.3395004+02:00" testType="13cdc9d9-ddb5-4fa4-a97d-d965ccfc6d4b" outcome="Passed" testListId="8c84fa94-04c1-424b-9868-57a2d4851a1d" relativeResultsDirectory="10c292cc-5d56-4b3c-9c7e-1ef54c2e4711" />
    <UnitTestResult executionId="f0951723-9fb0-432e-b1ca-6653270dbd98" testId="e6ef33da-391b-45f3-96e4-4d3bd2eeb79c" testName="FormatToStringTest1000 (35145.379208063416,35145.38 zł)" computerName="DESKTOP-5URQ9PB" duration="00:00:00.0000066" startTime="2022-06-13T21:11:17.2616009+02:00" endTime="2022-06-13T21:11:17.2616841+02:00" testType="13cdc9d9-ddb5-4fa4-a97d-d965ccfc6d4b" outcome="Passed" testListId="8c84fa94-04c1-424b-9868-57a2d4851a1d" relativeResultsDirectory="f0951723-9fb0-432e-b1ca-6653270dbd98" />
    <UnitTestResult executionId="ee1788a7-2422-48ad-952d-708cfc70f8a1" testId="c4115112-813f-4f8c-b324-1596bf51bd65" testName="FormatToStringTest1000 (44677.61946778074,44677.62 zł)" computerName="DESKTOP-5URQ9PB" duration="00:00:00.0000064" startTime="2022-06-13T21:11:17.3236996+02:00" endTime="2022-06-13T21:11:17.3237716+02:00" testType="13cdc9d9-ddb5-4fa4-a97d-d965ccfc6d4b" outcome="Passed" testListId="8c84fa94-04c1-424b-9868-57a2d4851a1d" relativeResultsDirectory="ee1788a7-2422-48ad-952d-708cfc70f8a1" />
    <UnitTestResult executionId="41e0dfe3-d2be-427e-8a7f-9c1280638b96" testId="c2016827-8bec-40c2-93d5-e10f527a1def" testName="FormatToStringTest1000 (54304.07738935393,54304.08 zł)" computerName="DESKTOP-5URQ9PB" duration="00:00:00.0000061" startTime="2022-06-13T21:11:17.5874069+02:00" endTime="2022-06-13T21:11:17.5874705+02:00" testType="13cdc9d9-ddb5-4fa4-a97d-d965ccfc6d4b" outcome="Passed" testListId="8c84fa94-04c1-424b-9868-57a2d4851a1d" relativeResultsDirectory="41e0dfe3-d2be-427e-8a7f-9c1280638b96" />
    <UnitTestResult executionId="9e8741ec-96c3-46a3-8a28-9154f2e5cd3b" testId="87ff7b60-361a-4788-86c4-d1dd256fc383" testName="FormatToStringTest1000 (45739.569854490255,45739.57 zł)" computerName="DESKTOP-5URQ9PB" duration="00:00:00.0000061" startTime="2022-06-13T21:11:17.5378954+02:00" endTime="2022-06-13T21:11:17.5379594+02:00" testType="13cdc9d9-ddb5-4fa4-a97d-d965ccfc6d4b" outcome="Passed" testListId="8c84fa94-04c1-424b-9868-57a2d4851a1d" relativeResultsDirectory="9e8741ec-96c3-46a3-8a28-9154f2e5cd3b" />
    <UnitTestResult executionId="55d692b5-18ec-4408-89fa-98a064d12ee4" testId="62c2aa04-84c8-4068-b4f1-a61bfd045920" testName="FormatToStringTest1000 (1751.7703038522834,1751.77 zł)" computerName="DESKTOP-5URQ9PB" duration="00:00:00.0000062" startTime="2022-06-13T21:11:17.4085504+02:00" endTime="2022-06-13T21:11:17.4086173+02:00" testType="13cdc9d9-ddb5-4fa4-a97d-d965ccfc6d4b" outcome="Passed" testListId="8c84fa94-04c1-424b-9868-57a2d4851a1d" relativeResultsDirectory="55d692b5-18ec-4408-89fa-98a064d12ee4" />
    <UnitTestResult executionId="b52f9f37-d56e-4ff6-8d13-e85eb1a13c9d" testId="cd197a46-0775-45c8-8ad9-d8dabba4d8ef" testName="FormatToStringTest1000 (3700.029953029021,3700.03 zł)" computerName="DESKTOP-5URQ9PB" duration="00:00:00.0000061" startTime="2022-06-13T21:11:17.3234492+02:00" endTime="2022-06-13T21:11:17.3235153+02:00" testType="13cdc9d9-ddb5-4fa4-a97d-d965ccfc6d4b" outcome="Passed" testListId="8c84fa94-04c1-424b-9868-57a2d4851a1d" relativeResultsDirectory="b52f9f37-d56e-4ff6-8d13-e85eb1a13c9d" />
    <UnitTestResult executionId="52c2868b-088b-44ed-a413-a094bacf775f" testId="508aeeca-5c3c-4b99-b31b-f9f12813d703" testName="FormatToStringTest1000 (75987.03378503352,75987.03 zł)" computerName="DESKTOP-5URQ9PB" duration="00:00:00.0000061" startTime="2022-06-13T21:11:17.5100247+02:00" endTime="2022-06-13T21:11:17.5100893+02:00" testType="13cdc9d9-ddb5-4fa4-a97d-d965ccfc6d4b" outcome="Passed" testListId="8c84fa94-04c1-424b-9868-57a2d4851a1d" relativeResultsDirectory="52c2868b-088b-44ed-a413-a094bacf775f" />
    <UnitTestResult executionId="d7ba9236-9175-4878-88a6-bc6104840b91" testId="2f72a148-5018-4938-a913-8948293483aa" testName="FormatToStringTest1000 (54088.326214851964,54088.33 zł)" computerName="DESKTOP-5URQ9PB" duration="00:00:00.0000062" startTime="2022-06-13T21:11:17.2855502+02:00" endTime="2022-06-13T21:11:17.2856165+02:00" testType="13cdc9d9-ddb5-4fa4-a97d-d965ccfc6d4b" outcome="Passed" testListId="8c84fa94-04c1-424b-9868-57a2d4851a1d" relativeResultsDirectory="d7ba9236-9175-4878-88a6-bc6104840b91" />
    <UnitTestResult executionId="ec79e329-2d4e-487a-9de8-30b5ddd2d692" testId="fae41e11-0c0d-4e9f-b0ae-ec6c45b9b4ae" testName="FormatToStringTest1000 (30722.846572104303,30722.85 zł)" computerName="DESKTOP-5URQ9PB" duration="00:00:00.0000062" startTime="2022-06-13T21:11:17.4748411+02:00" endTime="2022-06-13T21:11:17.4749056+02:00" testType="13cdc9d9-ddb5-4fa4-a97d-d965ccfc6d4b" outcome="Passed" testListId="8c84fa94-04c1-424b-9868-57a2d4851a1d" relativeResultsDirectory="ec79e329-2d4e-487a-9de8-30b5ddd2d692" />
    <UnitTestResult executionId="068733a0-66aa-482d-a337-06402636ea54" testId="8bd5c911-3a46-46ad-b3a5-c67b3abc5ff0" testName="FormatToStringTest1000 (19603.69286519321,19603.69 zł)" computerName="DESKTOP-5URQ9PB" duration="00:00:00.0000062" startTime="2022-06-13T21:11:17.5847968+02:00" endTime="2022-06-13T21:11:17.5848612+02:00" testType="13cdc9d9-ddb5-4fa4-a97d-d965ccfc6d4b" outcome="Passed" testListId="8c84fa94-04c1-424b-9868-57a2d4851a1d" relativeResultsDirectory="068733a0-66aa-482d-a337-06402636ea54" />
    <UnitTestResult executionId="3ce5e00a-e51d-4ed4-9d52-364193317197" testId="acb88309-ad8e-4c65-b951-11ba7bd14f20" testName="FormatToStringTest1000 (13337.80490493486,13337.80 zł)" computerName="DESKTOP-5URQ9PB" duration="00:00:00.0000069" startTime="2022-06-13T21:11:17.5817234+02:00" endTime="2022-06-13T21:11:17.5817925+02:00" testType="13cdc9d9-ddb5-4fa4-a97d-d965ccfc6d4b" outcome="Passed" testListId="8c84fa94-04c1-424b-9868-57a2d4851a1d" relativeResultsDirectory="3ce5e00a-e51d-4ed4-9d52-364193317197" />
    <UnitTestResult executionId="467a1bc8-d526-460f-a401-1d6817762895" testId="2f97b4c8-4f8f-4659-a2d6-d5908a93b5aa" testName="FormatToStringTest1000 (1073.195098933389,1073.20 zł)" computerName="DESKTOP-5URQ9PB" duration="00:00:00.0000066" startTime="2022-06-13T21:11:17.4720011+02:00" endTime="2022-06-13T21:11:17.4720698+02:00" testType="13cdc9d9-ddb5-4fa4-a97d-d965ccfc6d4b" outcome="Passed" testListId="8c84fa94-04c1-424b-9868-57a2d4851a1d" relativeResultsDirectory="467a1bc8-d526-460f-a401-1d6817762895" />
    <UnitTestResult executionId="d40a75f5-d0a7-439f-a463-8da3bf1d4ee8" testId="e9a10f51-f74d-487b-8960-b04bcfdc2054" testName="FormatToStringTest1000 (30533.30031120838,30533.30 zł)" computerName="DESKTOP-5URQ9PB" duration="00:00:00.0000291" startTime="2022-06-13T21:11:17.4342484+02:00" endTime="2022-06-13T21:11:17.4345634+02:00" testType="13cdc9d9-ddb5-4fa4-a97d-d965ccfc6d4b" outcome="Passed" testListId="8c84fa94-04c1-424b-9868-57a2d4851a1d" relativeResultsDirectory="d40a75f5-d0a7-439f-a463-8da3bf1d4ee8" />
    <UnitTestResult executionId="afc773be-56d0-4469-924d-410d09cbdf3b" testId="3b313f0e-cc03-456f-b4e4-c242dbf627f2" testName="FormatToStringTest1000 (63291.50274994015,63291.50 zł)" computerName="DESKTOP-5URQ9PB" duration="00:00:00.0000064" startTime="2022-06-13T21:11:17.3981153+02:00" endTime="2022-06-13T21:11:17.3981915+02:00" testType="13cdc9d9-ddb5-4fa4-a97d-d965ccfc6d4b" outcome="Passed" testListId="8c84fa94-04c1-424b-9868-57a2d4851a1d" relativeResultsDirectory="afc773be-56d0-4469-924d-410d09cbdf3b" />
    <UnitTestResult executionId="d78a525a-5f82-42b9-a87d-58838d5c8af0" testId="e59b7dca-0b74-4fe4-97ee-3409e15f65e0" testName="FormatToStringTest1000 (57237.252356975456,57237.25 zł)" computerName="DESKTOP-5URQ9PB" duration="00:00:00.0000061" startTime="2022-06-13T21:11:17.5724926+02:00" endTime="2022-06-13T21:11:17.5725553+02:00" testType="13cdc9d9-ddb5-4fa4-a97d-d965ccfc6d4b" outcome="Passed" testListId="8c84fa94-04c1-424b-9868-57a2d4851a1d" relativeResultsDirectory="d78a525a-5f82-42b9-a87d-58838d5c8af0" />
    <UnitTestResult executionId="92b14e71-d1c2-4993-848a-950b42a0cdf2" testId="79a9bc28-81fc-4a01-9425-5d3d2f7a4295" testName="FormatToStringTest1000 (7396.940188290057,7396.94 zł)" computerName="DESKTOP-5URQ9PB" duration="00:00:00.0000061" startTime="2022-06-13T21:11:17.5724126+02:00" endTime="2022-06-13T21:11:17.5724758+02:00" testType="13cdc9d9-ddb5-4fa4-a97d-d965ccfc6d4b" outcome="Passed" testListId="8c84fa94-04c1-424b-9868-57a2d4851a1d" relativeResultsDirectory="92b14e71-d1c2-4993-848a-950b42a0cdf2" />
    <UnitTestResult executionId="0bda4395-7228-4d50-a084-fe1cda1cd199" testId="1096937d-020c-444f-bedc-cd02abd2f254" testName="FormatToStringTest1000 (9843.625240445894,9843.63 zł)" computerName="DESKTOP-5URQ9PB" duration="00:00:00.0000067" startTime="2022-06-13T21:11:17.5749029+02:00" endTime="2022-06-13T21:11:17.5749666+02:00" testType="13cdc9d9-ddb5-4fa4-a97d-d965ccfc6d4b" outcome="Passed" testListId="8c84fa94-04c1-424b-9868-57a2d4851a1d" relativeResultsDirectory="0bda4395-7228-4d50-a084-fe1cda1cd199" />
    <UnitTestResult executionId="bcd64e24-4219-4dd1-9227-5eccae8ea24b" testId="eb2b1fcf-d937-416d-9e25-d87670825d6a" testName="FormatToStringTest1000 (10397.404523554447,10397.40 zł)" computerName="DESKTOP-5URQ9PB" duration="00:00:00.0000067" startTime="2022-06-13T21:11:17.4831713+02:00" endTime="2022-06-13T21:11:17.4832474+02:00" testType="13cdc9d9-ddb5-4fa4-a97d-d965ccfc6d4b" outcome="Passed" testListId="8c84fa94-04c1-424b-9868-57a2d4851a1d" relativeResultsDirectory="bcd64e24-4219-4dd1-9227-5eccae8ea24b" />
    <UnitTestResult executionId="4e38aa65-27f6-4519-86e9-a06f3ffb5f59" testId="45a6b1ce-1f02-4606-80a7-0f68c02fd61d" testName="FormatToStringTest1000 (41876.979471482795,41876.98 zł)" computerName="DESKTOP-5URQ9PB" duration="00:00:00.0000065" startTime="2022-06-13T21:11:17.2651927+02:00" endTime="2022-06-13T21:11:17.2652728+02:00" testType="13cdc9d9-ddb5-4fa4-a97d-d965ccfc6d4b" outcome="Passed" testListId="8c84fa94-04c1-424b-9868-57a2d4851a1d" relativeResultsDirectory="4e38aa65-27f6-4519-86e9-a06f3ffb5f59" />
    <UnitTestResult executionId="bbc72d8e-97f5-47e4-996f-cdde1a915dc4" testId="be46778d-83ca-435a-b4e8-e9bccf370c4d" testName="FormatToStringTest1000 (12759.925747307914,12759.93 zł)" computerName="DESKTOP-5URQ9PB" duration="00:00:00.0000064" startTime="2022-06-13T21:11:17.5228737+02:00" endTime="2022-06-13T21:11:17.5229394+02:00" testType="13cdc9d9-ddb5-4fa4-a97d-d965ccfc6d4b" outcome="Passed" testListId="8c84fa94-04c1-424b-9868-57a2d4851a1d" relativeResultsDirectory="bbc72d8e-97f5-47e4-996f-cdde1a915dc4" />
    <UnitTestResult executionId="ca1367cc-f4f5-423f-9507-184f0df5e7cf" testId="ba88443e-8bf3-4170-8290-b54392c036e5" testName="FormatToStringTest1000 (77904.0088552246,77904.01 zł)" computerName="DESKTOP-5URQ9PB" duration="00:00:00.0000143" startTime="2022-06-13T21:11:17.2652912+02:00" endTime="2022-06-13T21:11:17.2653782+02:00" testType="13cdc9d9-ddb5-4fa4-a97d-d965ccfc6d4b" outcome="Passed" testListId="8c84fa94-04c1-424b-9868-57a2d4851a1d" relativeResultsDirectory="ca1367cc-f4f5-423f-9507-184f0df5e7cf" />
    <UnitTestResult executionId="b0125c51-9aae-42e1-a94e-c7e3ad4bc48b" testId="1434ff91-7b5a-43d6-be57-34fc7e08e693" testName="FormatToStringTest1000 (2390.7596313784643,2390.76 zł)" computerName="DESKTOP-5URQ9PB" duration="00:00:00.0000062" startTime="2022-06-13T21:11:17.4657987+02:00" endTime="2022-06-13T21:11:17.4658636+02:00" testType="13cdc9d9-ddb5-4fa4-a97d-d965ccfc6d4b" outcome="Passed" testListId="8c84fa94-04c1-424b-9868-57a2d4851a1d" relativeResultsDirectory="b0125c51-9aae-42e1-a94e-c7e3ad4bc48b" />
    <UnitTestResult executionId="b8bda7c5-b650-40dd-930d-08a8c3e18240" testId="b943f3ce-b88c-4d64-943c-b5ae515cf942" testName="FormatToStringTest1000 (9603.199987620208,9603.20 zł)" computerName="DESKTOP-5URQ9PB" duration="00:00:00.0000060" startTime="2022-06-13T21:11:17.5845480+02:00" endTime="2022-06-13T21:11:17.5846123+02:00" testType="13cdc9d9-ddb5-4fa4-a97d-d965ccfc6d4b" outcome="Passed" testListId="8c84fa94-04c1-424b-9868-57a2d4851a1d" relativeResultsDirectory="b8bda7c5-b650-40dd-930d-08a8c3e18240" />
    <UnitTestResult executionId="dcd3743a-f1c4-4e4b-abf2-8daa16528d70" testId="6cf89d89-01d5-4958-9818-564f5c7b1941" testName="FormatToStringTest1000 (5504.094303639184,5504.09 zł)" computerName="DESKTOP-5URQ9PB" duration="00:00:00.0000062" startTime="2022-06-13T21:11:17.3625646+02:00" endTime="2022-06-13T21:11:17.3626308+02:00" testType="13cdc9d9-ddb5-4fa4-a97d-d965ccfc6d4b" outcome="Passed" testListId="8c84fa94-04c1-424b-9868-57a2d4851a1d" relativeResultsDirectory="dcd3743a-f1c4-4e4b-abf2-8daa16528d70" />
    <UnitTestResult executionId="d1ab6ac8-c952-4bee-a960-94e13f9f6f3b" testId="80024e89-37d4-49f9-8edb-6992216c4156" testName="FormatToStringTest1000 (30034.922435005625,30034.92 zł)" computerName="DESKTOP-5URQ9PB" duration="00:00:00.0000069" startTime="2022-06-13T21:11:17.5581435+02:00" endTime="2022-06-13T21:11:17.5582067+02:00" testType="13cdc9d9-ddb5-4fa4-a97d-d965ccfc6d4b" outcome="Passed" testListId="8c84fa94-04c1-424b-9868-57a2d4851a1d" relativeResultsDirectory="d1ab6ac8-c952-4bee-a960-94e13f9f6f3b" />
    <UnitTestResult executionId="1d583f87-b5ab-4d55-8a42-61d5c1a22977" testId="9ece2b56-1e52-43dc-925a-612fb3bf507b" testName="FormatToStringTest1000 (84686.32148464039,84686.32 zł)" computerName="DESKTOP-5URQ9PB" duration="00:00:00.0000091" startTime="2022-06-13T21:11:17.3982092+02:00" endTime="2022-06-13T21:11:17.3982863+02:00" testType="13cdc9d9-ddb5-4fa4-a97d-d965ccfc6d4b" outcome="Passed" testListId="8c84fa94-04c1-424b-9868-57a2d4851a1d" relativeResultsDirectory="1d583f87-b5ab-4d55-8a42-61d5c1a22977" />
    <UnitTestResult executionId="bba1e64b-6dbc-48e2-9a36-4a448727255e" testId="cef11b7f-2648-45bf-9fb6-d5e361e4ea53" testName="FormatToStringTest1000 (759.247198292635,759.25 zł)" computerName="DESKTOP-5URQ9PB" duration="00:00:00.0000066" startTime="2022-06-13T21:11:17.3361814+02:00" endTime="2022-06-13T21:11:17.3362523+02:00" testType="13cdc9d9-ddb5-4fa4-a97d-d965ccfc6d4b" outcome="Passed" testListId="8c84fa94-04c1-424b-9868-57a2d4851a1d" relativeResultsDirectory="bba1e64b-6dbc-48e2-9a36-4a448727255e" />
    <UnitTestResult executionId="fd98a66b-a244-4bf5-bf37-253e9619ad35" testId="2a08fa46-e45a-41e6-b775-2938a89119a1" testName="FormatToStringTest1000 (40268.121943438484,40268.12 zł)" computerName="DESKTOP-5URQ9PB" duration="00:00:00.0000064" startTime="2022-06-13T21:11:17.3398934+02:00" endTime="2022-06-13T21:11:17.3399650+02:00" testType="13cdc9d9-ddb5-4fa4-a97d-d965ccfc6d4b" outcome="Passed" testListId="8c84fa94-04c1-424b-9868-57a2d4851a1d" relativeResultsDirectory="fd98a66b-a244-4bf5-bf37-253e9619ad35" />
    <UnitTestResult executionId="c8c7d09c-bd05-48aa-8f24-65b8737e07bc" testId="43071cb9-f9e6-448f-a7a6-a88c46d67f17" testName="FormatToStringTest1000 (13508.811787825922,13508.81 zł)" computerName="DESKTOP-5URQ9PB" duration="00:00:00.0000062" startTime="2022-06-13T21:11:17.5431621+02:00" endTime="2022-06-13T21:11:17.5432263+02:00" testType="13cdc9d9-ddb5-4fa4-a97d-d965ccfc6d4b" outcome="Passed" testListId="8c84fa94-04c1-424b-9868-57a2d4851a1d" relativeResultsDirectory="c8c7d09c-bd05-48aa-8f24-65b8737e07bc" />
    <UnitTestResult executionId="9c5b335c-f89c-479d-8b58-ddf06f66532f" testId="abb0d542-53be-4968-80d5-4c465227ca54" testName="FormatToStringTest1000 (51408.294679657694,51408.29 zł)" computerName="DESKTOP-5URQ9PB" duration="00:00:00.0000106" startTime="2022-06-13T21:11:17.3136064+02:00" endTime="2022-06-13T21:11:17.3137634+02:00" testType="13cdc9d9-ddb5-4fa4-a97d-d965ccfc6d4b" outcome="Passed" testListId="8c84fa94-04c1-424b-9868-57a2d4851a1d" relativeResultsDirectory="9c5b335c-f89c-479d-8b58-ddf06f66532f" />
    <UnitTestResult executionId="1b505043-e47f-4690-b67e-5bd97ac10bec" testId="f9d88b9d-4952-4000-b130-47a523137448" testName="FormatToStringTest1000 (46166.38051381259,46166.38 zł)" computerName="DESKTOP-5URQ9PB" duration="00:00:00.0000064" startTime="2022-06-13T21:11:17.3500462+02:00" endTime="2022-06-13T21:11:17.3501138+02:00" testType="13cdc9d9-ddb5-4fa4-a97d-d965ccfc6d4b" outcome="Passed" testListId="8c84fa94-04c1-424b-9868-57a2d4851a1d" relativeResultsDirectory="1b505043-e47f-4690-b67e-5bd97ac10bec" />
    <UnitTestResult executionId="d1cd69c6-24c6-4edc-98eb-801b356cd0d0" testId="f95f7748-c83c-4bec-a24f-39254f327a27" testName="FormatToStringTest1000 (68770.73008707525,68770.73 zł)" computerName="DESKTOP-5URQ9PB" duration="00:00:00.0000105" startTime="2022-06-13T21:11:17.3566637+02:00" endTime="2022-06-13T21:11:17.3567351+02:00" testType="13cdc9d9-ddb5-4fa4-a97d-d965ccfc6d4b" outcome="Passed" testListId="8c84fa94-04c1-424b-9868-57a2d4851a1d" relativeResultsDirectory="d1cd69c6-24c6-4edc-98eb-801b356cd0d0" />
    <UnitTestResult executionId="02c96ca9-1520-4c62-9635-a478c205b94f" testId="ce1d7ffd-966d-4412-8aca-0d75d5eac238" testName="FormatToStringTest1000 (49256.65708813195,49256.66 zł)" computerName="DESKTOP-5URQ9PB" duration="00:00:00.0000068" startTime="2022-06-13T21:11:17.4893966+02:00" endTime="2022-06-13T21:11:17.4894617+02:00" testType="13cdc9d9-ddb5-4fa4-a97d-d965ccfc6d4b" outcome="Passed" testListId="8c84fa94-04c1-424b-9868-57a2d4851a1d" relativeResultsDirectory="02c96ca9-1520-4c62-9635-a478c205b94f" />
    <UnitTestResult executionId="65839427-ebb6-408d-b60a-c217e55e9775" testId="44e772fb-c91d-408c-9a10-ec9558e27534" testName="FormatToStringTest1000 (5108.217389855635,5108.22 zł)" computerName="DESKTOP-5URQ9PB" duration="00:00:00.0000062" startTime="2022-06-13T21:11:17.3598287+02:00" endTime="2022-06-13T21:11:17.3598950+02:00" testType="13cdc9d9-ddb5-4fa4-a97d-d965ccfc6d4b" outcome="Passed" testListId="8c84fa94-04c1-424b-9868-57a2d4851a1d" relativeResultsDirectory="65839427-ebb6-408d-b60a-c217e55e9775" />
    <UnitTestResult executionId="3f690564-4e55-4753-838f-3432165efec2" testId="4222d7ab-a8ec-4f0d-bb41-3db5367ce297" testName="FormatToStringTest1000 (18023.78504577455,18023.79 zł)" computerName="DESKTOP-5URQ9PB" duration="00:00:00.0000063" startTime="2022-06-13T21:11:17.3204116+02:00" endTime="2022-06-13T21:11:17.3204777+02:00" testType="13cdc9d9-ddb5-4fa4-a97d-d965ccfc6d4b" outcome="Passed" testListId="8c84fa94-04c1-424b-9868-57a2d4851a1d" relativeResultsDirectory="3f690564-4e55-4753-838f-3432165efec2" />
    <UnitTestResult executionId="c406580d-4673-46b4-8c0e-26911c5746ad" testId="f3d980b2-313f-4896-b7f6-cb022ad211eb" testName="FormatToStringTest1000 (238.1379397484185,238.14 zł)" computerName="DESKTOP-5URQ9PB" duration="00:00:00.0000064" startTime="2022-06-13T21:11:17.3327495+02:00" endTime="2022-06-13T21:11:17.3328233+02:00" testType="13cdc9d9-ddb5-4fa4-a97d-d965ccfc6d4b" outcome="Passed" testListId="8c84fa94-04c1-424b-9868-57a2d4851a1d" relativeResultsDirectory="c406580d-4673-46b4-8c0e-26911c5746ad" />
    <UnitTestResult executionId="c30ff353-ab72-46ac-9c21-fb86eee9e34d" testId="e142ce0a-7713-4c70-86b6-d490a8a81b7c" testName="FormatToStringTest1000 (1325.1625259114255,1325.16 zł)" computerName="DESKTOP-5URQ9PB" duration="00:00:00.0000062" startTime="2022-06-13T21:11:17.4683408+02:00" endTime="2022-06-13T21:11:17.4684112+02:00" testType="13cdc9d9-ddb5-4fa4-a97d-d965ccfc6d4b" outcome="Passed" testListId="8c84fa94-04c1-424b-9868-57a2d4851a1d" relativeResultsDirectory="c30ff353-ab72-46ac-9c21-fb86eee9e34d" />
    <UnitTestResult executionId="76d91b6c-9ed4-4b2d-9030-7317e8f31bee" testId="491080f6-2f5e-4481-be3f-1ed97c360aaa" testName="FormatToStringTest1000 (64887.45559046951,64887.46 zł)" computerName="DESKTOP-5URQ9PB" duration="00:00:00.0000062" startTime="2022-06-13T21:11:17.3762322+02:00" endTime="2022-06-13T21:11:17.3762992+02:00" testType="13cdc9d9-ddb5-4fa4-a97d-d965ccfc6d4b" outcome="Passed" testListId="8c84fa94-04c1-424b-9868-57a2d4851a1d" relativeResultsDirectory="76d91b6c-9ed4-4b2d-9030-7317e8f31bee" />
    <UnitTestResult executionId="7836e3f6-42f3-4aa4-b5f5-64dcf7c4ddcf" testId="0881f53c-20fd-4088-a807-fcdca7da5e93" testName="FormatToStringTest1000 (19189.32381924117,19189.32 zł)" computerName="DESKTOP-5URQ9PB" duration="00:00:00.0000078" startTime="2022-06-13T21:11:17.3230023+02:00" endTime="2022-06-13T21:11:17.3230885+02:00" testType="13cdc9d9-ddb5-4fa4-a97d-d965ccfc6d4b" outcome="Passed" testListId="8c84fa94-04c1-424b-9868-57a2d4851a1d" relativeResultsDirectory="7836e3f6-42f3-4aa4-b5f5-64dcf7c4ddcf" />
    <UnitTestResult executionId="9f7296e4-0c6f-4159-bc9c-70cdaf804f38" testId="89b434f8-42a4-4acd-9015-b74506b274c7" testName="FormatToStringTest1000 (10457.593086045978,10457.59 zł)" computerName="DESKTOP-5URQ9PB" duration="00:00:00.0000079" startTime="2022-06-13T21:11:17.4111895+02:00" endTime="2022-06-13T21:11:17.4112821+02:00" testType="13cdc9d9-ddb5-4fa4-a97d-d965ccfc6d4b" outcome="Passed" testListId="8c84fa94-04c1-424b-9868-57a2d4851a1d" relativeResultsDirectory="9f7296e4-0c6f-4159-bc9c-70cdaf804f38" />
    <UnitTestResult executionId="353ce92f-4f6f-4c43-a254-85ad26c3701c" testId="04b4c795-2cca-483b-bc02-de85f5ccd158" testName="FormatToStringTest1000 (50507.0104155615,50507.01 zł)" computerName="DESKTOP-5URQ9PB" duration="00:00:00.0000076" startTime="2022-06-13T21:11:17.5663026+02:00" endTime="2022-06-13T21:11:17.5663795+02:00" testType="13cdc9d9-ddb5-4fa4-a97d-d965ccfc6d4b" outcome="Passed" testListId="8c84fa94-04c1-424b-9868-57a2d4851a1d" relativeResultsDirectory="353ce92f-4f6f-4c43-a254-85ad26c3701c" />
    <UnitTestResult executionId="4fbdb82b-60d8-49e9-8148-1f56c2291d99" testId="9fa63793-a9c5-4a30-a7a5-189046f5b3c5" testName="FormatToStringTest1000 (7193.552206002898,7193.55 zł)" computerName="DESKTOP-5URQ9PB" duration="00:00:00.0000061" startTime="2022-06-13T21:11:17.5300642+02:00" endTime="2022-06-13T21:11:17.5301286+02:00" testType="13cdc9d9-ddb5-4fa4-a97d-d965ccfc6d4b" outcome="Passed" testListId="8c84fa94-04c1-424b-9868-57a2d4851a1d" relativeResultsDirectory="4fbdb82b-60d8-49e9-8148-1f56c2291d99" />
    <UnitTestResult executionId="5ea386ed-6b32-4155-991c-c0c33462e07e" testId="12d12517-29bc-4d70-a180-510290b29edf" testName="FormatToStringTest1000 (19189.813662191766,19189.81 zł)" computerName="DESKTOP-5URQ9PB" duration="00:00:00.0000076" startTime="2022-06-13T21:11:17.3727189+02:00" endTime="2022-06-13T21:11:17.3728429+02:00" testType="13cdc9d9-ddb5-4fa4-a97d-d965ccfc6d4b" outcome="Passed" testListId="8c84fa94-04c1-424b-9868-57a2d4851a1d" relativeResultsDirectory="5ea386ed-6b32-4155-991c-c0c33462e07e" />
    <UnitTestResult executionId="87ee9e72-7014-4f28-8280-91f6c3927672" testId="2ad3aa1a-db0d-43b8-a959-39e9cd1c5a65" testName="FormatToStringTest1000 (17845.255864087147,17845.26 zł)" computerName="DESKTOP-5URQ9PB" duration="00:00:00.0000062" startTime="2022-06-13T21:11:17.3005696+02:00" endTime="2022-06-13T21:11:17.3006368+02:00" testType="13cdc9d9-ddb5-4fa4-a97d-d965ccfc6d4b" outcome="Passed" testListId="8c84fa94-04c1-424b-9868-57a2d4851a1d" relativeResultsDirectory="87ee9e72-7014-4f28-8280-91f6c3927672" />
    <UnitTestResult executionId="477d42a9-4307-4ec7-89e3-d26104045078" testId="287cd078-fe45-4c2f-a81f-f5d4c6902ec9" testName="FormatToStringTest1000 (4419.750844657306,4419.75 zł)" computerName="DESKTOP-5URQ9PB" duration="00:00:00.0000071" startTime="2022-06-13T21:11:17.5199978+02:00" endTime="2022-06-13T21:11:17.5200765+02:00" testType="13cdc9d9-ddb5-4fa4-a97d-d965ccfc6d4b" outcome="Passed" testListId="8c84fa94-04c1-424b-9868-57a2d4851a1d" relativeResultsDirectory="477d42a9-4307-4ec7-89e3-d26104045078" />
    <UnitTestResult executionId="6a87c36d-418b-4e80-91e9-9e81c8b0f30e" testId="4d4f1abf-48c8-4728-9747-7dc533797970" testName="FormatToStringTest1000 (2346.9964869427477,2347.00 zł)" computerName="DESKTOP-5URQ9PB" duration="00:00:00.0000060" startTime="2022-06-13T21:11:17.3658117+02:00" endTime="2022-06-13T21:11:17.3658777+02:00" testType="13cdc9d9-ddb5-4fa4-a97d-d965ccfc6d4b" outcome="Passed" testListId="8c84fa94-04c1-424b-9868-57a2d4851a1d" relativeResultsDirectory="6a87c36d-418b-4e80-91e9-9e81c8b0f30e" />
    <UnitTestResult executionId="f0c5d564-cc77-4285-bc3b-233fd50914c8" testId="513901b3-0616-4b06-95ac-e6ad66fadf98" testName="FormatToStringTest1000 (34458.5406463512,34458.54 zł)" computerName="DESKTOP-5URQ9PB" duration="00:00:00.0000066" startTime="2022-06-13T21:11:17.4567730+02:00" endTime="2022-06-13T21:11:17.4568404+02:00" testType="13cdc9d9-ddb5-4fa4-a97d-d965ccfc6d4b" outcome="Passed" testListId="8c84fa94-04c1-424b-9868-57a2d4851a1d" relativeResultsDirectory="f0c5d564-cc77-4285-bc3b-233fd50914c8" />
    <UnitTestResult executionId="376578fe-b0c6-4529-8484-2b1c8b7e0332" testId="337af000-240b-4bf1-b64f-2c2dfcae5efe" testName="FormatToStringTest1000 (806.960597043373,806.96 zł)" computerName="DESKTOP-5URQ9PB" duration="00:00:00.0000062" startTime="2022-06-13T21:11:17.4922653+02:00" endTime="2022-06-13T21:11:17.4923267+02:00" testType="13cdc9d9-ddb5-4fa4-a97d-d965ccfc6d4b" outcome="Passed" testListId="8c84fa94-04c1-424b-9868-57a2d4851a1d" relativeResultsDirectory="376578fe-b0c6-4529-8484-2b1c8b7e0332" />
    <UnitTestResult executionId="23349b26-3ed2-4614-a931-78db553da659" testId="3dc774ff-d4bd-4034-b240-aecf10047bd8" testName="FormatToStringTest1000 (26686.08488193065,26686.08 zł)" computerName="DESKTOP-5URQ9PB" duration="00:00:00.0000121" startTime="2022-06-13T21:11:17.4534226+02:00" endTime="2022-06-13T21:11:17.4535738+02:00" testType="13cdc9d9-ddb5-4fa4-a97d-d965ccfc6d4b" outcome="Passed" testListId="8c84fa94-04c1-424b-9868-57a2d4851a1d" relativeResultsDirectory="23349b26-3ed2-4614-a931-78db553da659" />
    <UnitTestResult executionId="84684d62-996c-473c-9942-12594fcd3bb6" testId="28c13e13-4fef-408c-9a26-85a525f83c24" testName="FormatToStringTest1000 (33851.35523524618,33851.36 zł)" computerName="DESKTOP-5URQ9PB" duration="00:00:00.0000061" startTime="2022-06-13T21:11:17.4179145+02:00" endTime="2022-06-13T21:11:17.4179803+02:00" testType="13cdc9d9-ddb5-4fa4-a97d-d965ccfc6d4b" outcome="Passed" testListId="8c84fa94-04c1-424b-9868-57a2d4851a1d" relativeResultsDirectory="84684d62-996c-473c-9942-12594fcd3bb6" />
    <UnitTestResult executionId="54f24104-08cc-4417-99c8-d4d96e9992ed" testId="fe14832b-7fc7-447f-a74f-d5c7687cf15d" testName="FormatToStringTest1000 (43424.45140075332,43424.45 zł)" computerName="DESKTOP-5URQ9PB" duration="00:00:00.0000062" startTime="2022-06-13T21:11:17.4054487+02:00" endTime="2022-06-13T21:11:17.4055147+02:00" testType="13cdc9d9-ddb5-4fa4-a97d-d965ccfc6d4b" outcome="Passed" testListId="8c84fa94-04c1-424b-9868-57a2d4851a1d" relativeResultsDirectory="54f24104-08cc-4417-99c8-d4d96e9992ed" />
    <UnitTestResult executionId="c6cf8c04-f8bd-4164-b22e-9432e1c9d7aa" testId="fda9e6af-bfd6-493b-bbdd-6743356c8a9b" testName="FormatToStringTest1000 (18340.935049000167,18340.94 zł)" computerName="DESKTOP-5URQ9PB" duration="00:00:00.0000064" startTime="2022-06-13T21:11:17.3008600+02:00" endTime="2022-06-13T21:11:17.3009262+02:00" testType="13cdc9d9-ddb5-4fa4-a97d-d965ccfc6d4b" outcome="Passed" testListId="8c84fa94-04c1-424b-9868-57a2d4851a1d" relativeResultsDirectory="c6cf8c04-f8bd-4164-b22e-9432e1c9d7aa" />
    <UnitTestResult executionId="98d48431-6926-42af-bac8-5dc5532303c9" testId="01899038-e8a5-486e-bed7-328703e606d4" testName="FormatToStringTest1000 (10495.622655484185,10495.62 zł)" computerName="DESKTOP-5URQ9PB" duration="00:00:00.0000064" startTime="2022-06-13T21:11:17.4803000+02:00" endTime="2022-06-13T21:11:17.4803648+02:00" testType="13cdc9d9-ddb5-4fa4-a97d-d965ccfc6d4b" outcome="Passed" testListId="8c84fa94-04c1-424b-9868-57a2d4851a1d" relativeResultsDirectory="98d48431-6926-42af-bac8-5dc5532303c9" />
    <UnitTestResult executionId="d1006713-b84d-4432-a306-7e50c3d1c994" testId="ff04546c-ea23-4ba9-a83b-5b119b085644" testName="FormatToStringTest1000 (64124.274503948756,64124.27 zł)" computerName="DESKTOP-5URQ9PB" duration="00:00:00.0000066" startTime="2022-06-13T21:11:17.3564987+02:00" endTime="2022-06-13T21:11:17.3565651+02:00" testType="13cdc9d9-ddb5-4fa4-a97d-d965ccfc6d4b" outcome="Passed" testListId="8c84fa94-04c1-424b-9868-57a2d4851a1d" relativeResultsDirectory="d1006713-b84d-4432-a306-7e50c3d1c994" />
    <UnitTestResult executionId="b78a6e9c-521b-4d74-9b7f-851a95a1e912" testId="eb859e5e-b979-4503-a880-b3ab3524f22c" testName="FormatToStringTest1000 (89093.57120939044,89093.57 zł)" computerName="DESKTOP-5URQ9PB" duration="00:00:00.0000061" startTime="2022-06-13T21:11:17.5202589+02:00" endTime="2022-06-13T21:11:17.5203228+02:00" testType="13cdc9d9-ddb5-4fa4-a97d-d965ccfc6d4b" outcome="Passed" testListId="8c84fa94-04c1-424b-9868-57a2d4851a1d" relativeResultsDirectory="b78a6e9c-521b-4d74-9b7f-851a95a1e912" />
    <UnitTestResult executionId="efbc7461-c74e-4ac7-b81a-fbfb5e130069" testId="b43b43cd-742d-4cd9-b16b-4aabf98d2601" testName="FormatToStringTest1000 (33601.357302459124,33601.36 zł)" computerName="DESKTOP-5URQ9PB" duration="00:00:00.0000062" startTime="2022-06-13T21:11:17.5694898+02:00" endTime="2022-06-13T21:11:17.5695532+02:00" testType="13cdc9d9-ddb5-4fa4-a97d-d965ccfc6d4b" outcome="Passed" testListId="8c84fa94-04c1-424b-9868-57a2d4851a1d" relativeResultsDirectory="efbc7461-c74e-4ac7-b81a-fbfb5e130069" />
    <UnitTestResult executionId="91bc0f4a-3090-44c0-be37-447b5ed27f68" testId="4b57eeb7-40d1-4120-b7c3-19db3b091553" testName="FormatToStringTest1000 (29975.4018974022,29975.40 zł)" computerName="DESKTOP-5URQ9PB" duration="00:00:00.0000064" startTime="2022-06-13T21:11:17.5206627+02:00" endTime="2022-06-13T21:11:17.5207240+02:00" testType="13cdc9d9-ddb5-4fa4-a97d-d965ccfc6d4b" outcome="Passed" testListId="8c84fa94-04c1-424b-9868-57a2d4851a1d" relativeResultsDirectory="91bc0f4a-3090-44c0-be37-447b5ed27f68" />
    <UnitTestResult executionId="2cc170a6-db28-4778-9b54-7df20ec25e8c" testId="0ee2cab0-6bfa-4474-91e5-932e7976aaa9" testName="FormatToStringTest1000 (2121.0917325211185,2121.09 zł)" computerName="DESKTOP-5URQ9PB" duration="00:00:00.0000064" startTime="2022-06-13T21:11:17.4597009+02:00" endTime="2022-06-13T21:11:17.4597727+02:00" testType="13cdc9d9-ddb5-4fa4-a97d-d965ccfc6d4b" outcome="Passed" testListId="8c84fa94-04c1-424b-9868-57a2d4851a1d" relativeResultsDirectory="2cc170a6-db28-4778-9b54-7df20ec25e8c" />
    <UnitTestResult executionId="0f5fe932-c121-4951-8a65-48e970fef7d8" testId="25a33ba8-eeac-4068-a621-6cf68f857965" testName="FormatToStringTest1000 (44065.726815678056,44065.73 zł)" computerName="DESKTOP-5URQ9PB" duration="00:00:00.0000064" startTime="2022-06-13T21:11:17.3329378+02:00" endTime="2022-06-13T21:11:17.3330105+02:00" testType="13cdc9d9-ddb5-4fa4-a97d-d965ccfc6d4b" outcome="Passed" testListId="8c84fa94-04c1-424b-9868-57a2d4851a1d" relativeResultsDirectory="0f5fe932-c121-4951-8a65-48e970fef7d8" />
    <UnitTestResult executionId="621e6e04-e627-4414-b747-527c748cf6d7" testId="fe41ba93-b056-4754-8a0c-6bcd98af32cd" testName="FormatToStringTest1000 (21893.78889296939,21893.79 zł)" computerName="DESKTOP-5URQ9PB" duration="00:00:00.0000076" startTime="2022-06-13T21:11:17.5695703+02:00" endTime="2022-06-13T21:11:17.5696398+02:00" testType="13cdc9d9-ddb5-4fa4-a97d-d965ccfc6d4b" outcome="Passed" testListId="8c84fa94-04c1-424b-9868-57a2d4851a1d" relativeResultsDirectory="621e6e04-e627-4414-b747-527c748cf6d7" />
    <UnitTestResult executionId="1b1b42c5-9697-4c84-8350-364320097d4b" testId="abb5ebab-c478-4fb0-b605-d3e10cff35fd" testName="FormatToStringTest1000 (31971.185406704986,31971.19 zł)" computerName="DESKTOP-5URQ9PB" duration="00:00:00.0000435" startTime="2022-06-13T21:11:17.4246989+02:00" endTime="2022-06-13T21:11:17.4252644+02:00" testType="13cdc9d9-ddb5-4fa4-a97d-d965ccfc6d4b" outcome="Passed" testListId="8c84fa94-04c1-424b-9868-57a2d4851a1d" relativeResultsDirectory="1b1b42c5-9697-4c84-8350-364320097d4b" />
    <UnitTestResult executionId="dfb071a8-24c7-48d1-9083-6885f933e2d8" testId="9b4db3c2-44aa-4bd6-b53c-09bb13a1f5b0" testName="FormatToStringTest1000 (1687.6029180025694,1687.60 zł)" computerName="DESKTOP-5URQ9PB" duration="00:00:00.0000065" startTime="2022-06-13T21:11:17.3328443+02:00" endTime="2022-06-13T21:11:17.3329198+02:00" testType="13cdc9d9-ddb5-4fa4-a97d-d965ccfc6d4b" outcome="Passed" testListId="8c84fa94-04c1-424b-9868-57a2d4851a1d" relativeResultsDirectory="dfb071a8-24c7-48d1-9083-6885f933e2d8" />
    <UnitTestResult executionId="4752ba07-4328-4192-a20d-d71a11f1d5ab" testId="2b267e75-d943-4c29-957a-8254f5228791" testName="FormatToStringTest1000 (1994.0983933439006,1994.10 zł)" computerName="DESKTOP-5URQ9PB" duration="00:00:00.0000061" startTime="2022-06-13T21:11:17.5694082+02:00" endTime="2022-06-13T21:11:17.5694717+02:00" testType="13cdc9d9-ddb5-4fa4-a97d-d965ccfc6d4b" outcome="Passed" testListId="8c84fa94-04c1-424b-9868-57a2d4851a1d" relativeResultsDirectory="4752ba07-4328-4192-a20d-d71a11f1d5ab" />
    <UnitTestResult executionId="9af9466f-6a17-4e43-a494-566dee4ea818" testId="d594c7c9-81c6-4c02-9064-4688f48528ab" testName="FormatToStringTest1000 (1208.1827589441941,1208.18 zł)" computerName="DESKTOP-5URQ9PB" duration="00:00:00.0000112" startTime="2022-06-13T21:11:17.2509869+02:00" endTime="2022-06-13T21:11:17.2511082+02:00" testType="13cdc9d9-ddb5-4fa4-a97d-d965ccfc6d4b" outcome="Passed" testListId="8c84fa94-04c1-424b-9868-57a2d4851a1d" relativeResultsDirectory="9af9466f-6a17-4e43-a494-566dee4ea818" />
    <UnitTestResult executionId="709095c0-76e6-44ec-9958-5573334ee0bc" testId="a4ee3f30-d45f-4e89-910c-0b69540c2ad8" testName="FormatToStringTest1000 (20752.33758466334,20752.34 zł)" computerName="DESKTOP-5URQ9PB" duration="00:00:00.0000061" startTime="2022-06-13T21:11:17.3562463+02:00" endTime="2022-06-13T21:11:17.3563128+02:00" testType="13cdc9d9-ddb5-4fa4-a97d-d965ccfc6d4b" outcome="Passed" testListId="8c84fa94-04c1-424b-9868-57a2d4851a1d" relativeResultsDirectory="709095c0-76e6-44ec-9958-5573334ee0bc" />
    <UnitTestResult executionId="6e07f850-156c-4c8d-8aa7-58948ff22466" testId="ec64e7d8-3241-49ac-b664-a984a6dca10c" testName="FormatToStringTest1000 (22153.282278674324,22153.28 zł)" computerName="DESKTOP-5URQ9PB" duration="00:00:00.0000062" startTime="2022-06-13T21:11:17.3655514+02:00" endTime="2022-06-13T21:11:17.3656185+02:00" testType="13cdc9d9-ddb5-4fa4-a97d-d965ccfc6d4b" outcome="Passed" testListId="8c84fa94-04c1-424b-9868-57a2d4851a1d" relativeResultsDirectory="6e07f850-156c-4c8d-8aa7-58948ff22466" />
    <UnitTestResult executionId="1a863a31-6b17-4894-aa0a-2899b70851e7" testId="b23aa028-d2f5-484f-9d0b-b614ece669d6" testName="FormatToStringTest1000 (72703.4365723503,72703.44 zł)" computerName="DESKTOP-5URQ9PB" duration="00:00:00.0000095" startTime="2022-06-13T21:11:17.3622746+02:00" endTime="2022-06-13T21:11:17.3623721+02:00" testType="13cdc9d9-ddb5-4fa4-a97d-d965ccfc6d4b" outcome="Passed" testListId="8c84fa94-04c1-424b-9868-57a2d4851a1d" relativeResultsDirectory="1a863a31-6b17-4894-aa0a-2899b70851e7" />
    <UnitTestResult executionId="730bfad7-29d5-42f2-80c8-8c6194f0b7bd" testId="a7b98989-4a86-4c4a-bd55-ffe669b729d4" testName="FormatToStringTest1000 (31799.68317462815,31799.68 zł)" computerName="DESKTOP-5URQ9PB" duration="00:00:00.0000062" startTime="2022-06-13T21:11:17.4506001+02:00" endTime="2022-06-13T21:11:17.4506654+02:00" testType="13cdc9d9-ddb5-4fa4-a97d-d965ccfc6d4b" outcome="Passed" testListId="8c84fa94-04c1-424b-9868-57a2d4851a1d" relativeResultsDirectory="730bfad7-29d5-42f2-80c8-8c6194f0b7bd" />
    <UnitTestResult executionId="449b90cd-8ed5-4b37-a236-661eff72928e" testId="33df3f1b-d72d-42ce-a2b5-74e45eae8a7b" testName="FormatToStringTest1000 (17579.823312525088,17579.82 zł)" computerName="DESKTOP-5URQ9PB" duration="00:00:00.0000062" startTime="2022-06-13T21:11:17.4898123+02:00" endTime="2022-06-13T21:11:17.4898768+02:00" testType="13cdc9d9-ddb5-4fa4-a97d-d965ccfc6d4b" outcome="Passed" testListId="8c84fa94-04c1-424b-9868-57a2d4851a1d" relativeResultsDirectory="449b90cd-8ed5-4b37-a236-661eff72928e" />
    <UnitTestResult executionId="25fb6241-773c-44a1-ace8-49b7793e1f44" testId="e7e07ed4-c513-4342-95b8-f8994a5d8385" testName="FormatToStringTest1000 (27050.586848031067,27050.59 zł)" computerName="DESKTOP-5URQ9PB" duration="00:00:00.0000063" startTime="2022-06-13T21:11:17.2319767+02:00" endTime="2022-06-13T21:11:17.2320437+02:00" testType="13cdc9d9-ddb5-4fa4-a97d-d965ccfc6d4b" outcome="Passed" testListId="8c84fa94-04c1-424b-9868-57a2d4851a1d" relativeResultsDirectory="25fb6241-773c-44a1-ace8-49b7793e1f44" />
    <UnitTestResult executionId="af5052eb-cb18-4e72-9c0c-861b6603808e" testId="8caca0ff-90a2-44c9-8b1e-417193e3c044" testName="FormatToStringTest1000 (31391.358864880804,31391.36 zł)" computerName="DESKTOP-5URQ9PB" duration="00:00:00.0000068" startTime="2022-06-13T21:11:17.5460099+02:00" endTime="2022-06-13T21:11:17.5460742+02:00" testType="13cdc9d9-ddb5-4fa4-a97d-d965ccfc6d4b" outcome="Passed" testListId="8c84fa94-04c1-424b-9868-57a2d4851a1d" relativeResultsDirectory="af5052eb-cb18-4e72-9c0c-861b6603808e" />
    <UnitTestResult executionId="c86ef51e-5b89-4d69-9cec-1044eab42fb9" testId="a7fa5ee6-6ef9-4801-ab19-18b6e4cd33d2" testName="FormatToStringTest1000 (69864.17463991146,69864.17 zł)" computerName="DESKTOP-5URQ9PB" duration="00:00:00.0000064" startTime="2022-06-13T21:11:17.2620310+02:00" endTime="2022-06-13T21:11:17.2621164+02:00" testType="13cdc9d9-ddb5-4fa4-a97d-d965ccfc6d4b" outcome="Passed" testListId="8c84fa94-04c1-424b-9868-57a2d4851a1d" relativeResultsDirectory="c86ef51e-5b89-4d69-9cec-1044eab42fb9" />
    <UnitTestResult executionId="9396be6b-f662-440c-a541-5972ed4a57e6" testId="976c090c-bebb-49a8-9416-bd76249870a5" testName="FormatToStringTest1000 (6946.333318357977,6946.33 zł)" computerName="DESKTOP-5URQ9PB" duration="00:00:00.0000062" startTime="2022-06-13T21:11:17.3561611+02:00" endTime="2022-06-13T21:11:17.3562287+02:00" testType="13cdc9d9-ddb5-4fa4-a97d-d965ccfc6d4b" outcome="Passed" testListId="8c84fa94-04c1-424b-9868-57a2d4851a1d" relativeResultsDirectory="9396be6b-f662-440c-a541-5972ed4a57e6" />
    <UnitTestResult executionId="b2e88ded-af49-47a3-a24d-e45f2fce6cb0" testId="87dc46f9-09bf-4f60-9bd6-00a107dd4f6a" testName="FormatToStringTest1000 (66053.95451852398,66053.95 zł)" computerName="DESKTOP-5URQ9PB" duration="00:00:00.0000064" startTime="2022-06-13T21:11:17.4020396+02:00" endTime="2022-06-13T21:11:17.4021068+02:00" testType="13cdc9d9-ddb5-4fa4-a97d-d965ccfc6d4b" outcome="Passed" testListId="8c84fa94-04c1-424b-9868-57a2d4851a1d" relativeResultsDirectory="b2e88ded-af49-47a3-a24d-e45f2fce6cb0" />
    <UnitTestResult executionId="6a73d0dc-8980-4983-a3af-91090d4796e7" testId="8b8276cd-b5f8-4b80-8380-dcf1178e338c" testName="FormatToStringTest1000 (5876.112133716285,5876.11 zł)" computerName="DESKTOP-5URQ9PB" duration="00:00:00.0000061" startTime="2022-06-13T21:11:17.5350898+02:00" endTime="2022-06-13T21:11:17.5351539+02:00" testType="13cdc9d9-ddb5-4fa4-a97d-d965ccfc6d4b" outcome="Passed" testListId="8c84fa94-04c1-424b-9868-57a2d4851a1d" relativeResultsDirectory="6a73d0dc-8980-4983-a3af-91090d4796e7" />
    <UnitTestResult executionId="0b45be94-33ec-4518-91d4-dcb600dc1886" testId="e749810d-a4a7-46d6-a334-e9866ab71809" testName="FormatToStringTest1000 (37561.969571757116,37561.97 zł)" computerName="DESKTOP-5URQ9PB" duration="00:00:00.0000064" startTime="2022-06-13T21:11:17.3692713+02:00" endTime="2022-06-13T21:11:17.3693434+02:00" testType="13cdc9d9-ddb5-4fa4-a97d-d965ccfc6d4b" outcome="Passed" testListId="8c84fa94-04c1-424b-9868-57a2d4851a1d" relativeResultsDirectory="0b45be94-33ec-4518-91d4-dcb600dc1886" />
    <UnitTestResult executionId="d6893787-0aa3-436c-b765-5c678effafb2" testId="e0cca27a-b7ef-48f6-9931-85c69df684f5" testName="FormatToStringTest1000 (65204.90483536055,65204.90 zł)" computerName="DESKTOP-5URQ9PB" duration="00:00:00.0000083" startTime="2022-06-13T21:11:17.5690568+02:00" endTime="2022-06-13T21:11:17.5691423+02:00" testType="13cdc9d9-ddb5-4fa4-a97d-d965ccfc6d4b" outcome="Passed" testListId="8c84fa94-04c1-424b-9868-57a2d4851a1d" relativeResultsDirectory="d6893787-0aa3-436c-b765-5c678effafb2" />
    <UnitTestResult executionId="510b51d4-780d-4ac6-84e0-a78a33bec13f" testId="bb442072-68ef-418d-a4df-68f925b7c58d" testName="FormatToStringTest1000 (56286.70397975702,56286.70 zł)" computerName="DESKTOP-5URQ9PB" duration="00:00:00.0000070" startTime="2022-06-13T21:11:17.4919255+02:00" endTime="2022-06-13T21:11:17.4920016+02:00" testType="13cdc9d9-ddb5-4fa4-a97d-d965ccfc6d4b" outcome="Passed" testListId="8c84fa94-04c1-424b-9868-57a2d4851a1d" relativeResultsDirectory="510b51d4-780d-4ac6-84e0-a78a33bec13f" />
    <UnitTestResult executionId="bc9fb629-2444-4eb0-a7dd-0d6c129b7a44" testId="98181218-3487-4e71-abac-557e476562b6" testName="FormatToStringTest1000 (65947.64520381515,65947.65 zł)" computerName="DESKTOP-5URQ9PB" duration="00:00:00.0000381" startTime="2022-06-13T21:11:17.4259099+02:00" endTime="2022-06-13T21:11:17.4263529+02:00" testType="13cdc9d9-ddb5-4fa4-a97d-d965ccfc6d4b" outcome="Passed" testListId="8c84fa94-04c1-424b-9868-57a2d4851a1d" relativeResultsDirectory="bc9fb629-2444-4eb0-a7dd-0d6c129b7a44" />
    <UnitTestResult executionId="ff8df349-e871-498a-b0c9-78fec39483d1" testId="2615ced1-0f5e-443f-9046-155eb1db7686" testName="FormatToStringTest1000 (100.45267071130345,100.45 zł)" computerName="DESKTOP-5URQ9PB" duration="00:00:00.0000061" startTime="2022-06-13T21:11:17.3099681+02:00" endTime="2022-06-13T21:11:17.3100339+02:00" testType="13cdc9d9-ddb5-4fa4-a97d-d965ccfc6d4b" outcome="Passed" testListId="8c84fa94-04c1-424b-9868-57a2d4851a1d" relativeResultsDirectory="ff8df349-e871-498a-b0c9-78fec39483d1" />
    <UnitTestResult executionId="e6026668-ba42-4543-b40c-94430155045c" testId="598138d7-c009-45d9-8a6d-c56d92d478d4" testName="FormatToStringTest1000 (11904.111251175456,11904.11 zł)" computerName="DESKTOP-5URQ9PB" duration="00:00:00.0000074" startTime="2022-06-13T21:11:17.3097962+02:00" endTime="2022-06-13T21:11:17.3098674+02:00" testType="13cdc9d9-ddb5-4fa4-a97d-d965ccfc6d4b" outcome="Passed" testListId="8c84fa94-04c1-424b-9868-57a2d4851a1d" relativeResultsDirectory="e6026668-ba42-4543-b40c-94430155045c" />
    <UnitTestResult executionId="ddc237c2-3840-41b8-90e8-e4fd9a294927" testId="54859c64-7d39-4a83-84fd-faf08057bb85" testName="FormatToStringTest1000 (4812.162927013898,4812.16 zł)" computerName="DESKTOP-5URQ9PB" duration="00:00:00.0000066" startTime="2022-06-13T21:11:17.3360899+02:00" endTime="2022-06-13T21:11:17.3361636+02:00" testType="13cdc9d9-ddb5-4fa4-a97d-d965ccfc6d4b" outcome="Passed" testListId="8c84fa94-04c1-424b-9868-57a2d4851a1d" relativeResultsDirectory="ddc237c2-3840-41b8-90e8-e4fd9a294927" />
    <UnitTestResult executionId="bf266080-1fe2-4fb6-9918-90e42f4c51ed" testId="5bbeb6de-4a3f-4638-9a04-e8033a7c4803" testName="FormatToStringTest1000 (27893.312729890138,27893.31 zł)" computerName="DESKTOP-5URQ9PB" duration="00:00:00.0000061" startTime="2022-06-13T21:11:17.2483774+02:00" endTime="2022-06-13T21:11:17.2484447+02:00" testType="13cdc9d9-ddb5-4fa4-a97d-d965ccfc6d4b" outcome="Passed" testListId="8c84fa94-04c1-424b-9868-57a2d4851a1d" relativeResultsDirectory="bf266080-1fe2-4fb6-9918-90e42f4c51ed" />
    <UnitTestResult executionId="4ce1a59f-8636-4c83-9d48-74c202226d09" testId="a9994291-09eb-4ada-8377-4f767dc4951c" testName="FormatToStringTest1000 (20497.107923553376,20497.11 zł)" computerName="DESKTOP-5URQ9PB" duration="00:00:00.0000060" startTime="2022-06-13T21:11:17.5584655+02:00" endTime="2022-06-13T21:11:17.5585289+02:00" testType="13cdc9d9-ddb5-4fa4-a97d-d965ccfc6d4b" outcome="Passed" testListId="8c84fa94-04c1-424b-9868-57a2d4851a1d" relativeResultsDirectory="4ce1a59f-8636-4c83-9d48-74c202226d09" />
    <UnitTestResult executionId="fe2d2b03-6da7-430c-8696-834f9e5f4b9e" testId="a0dddbad-8ef0-4284-825e-a9ed60f31ced" testName="FormatToStringTest1000 (21785.42157155528,21785.42 zł)" computerName="DESKTOP-5URQ9PB" duration="00:00:00.0000061" startTime="2022-06-13T21:11:17.5353341+02:00" endTime="2022-06-13T21:11:17.5353976+02:00" testType="13cdc9d9-ddb5-4fa4-a97d-d965ccfc6d4b" outcome="Passed" testListId="8c84fa94-04c1-424b-9868-57a2d4851a1d" relativeResultsDirectory="fe2d2b03-6da7-430c-8696-834f9e5f4b9e" />
    <UnitTestResult executionId="cc8df6d6-33dc-4fa7-a5c6-0106ff122ef9" testId="2b774281-f5f5-4def-81af-ff3f91bce001" testName="FormatToStringTest1000 (2216.881526520886,2216.88 zł)" computerName="DESKTOP-5URQ9PB" duration="00:00:00.0000062" startTime="2022-06-13T21:11:17.4925858+02:00" endTime="2022-06-13T21:11:17.4926488+02:00" testType="13cdc9d9-ddb5-4fa4-a97d-d965ccfc6d4b" outcome="Passed" testListId="8c84fa94-04c1-424b-9868-57a2d4851a1d" relativeResultsDirectory="cc8df6d6-33dc-4fa7-a5c6-0106ff122ef9" />
    <UnitTestResult executionId="bd8db0bc-a27e-4847-ad4d-9afa960ceaec" testId="c09c4e13-17f2-446b-9835-390835d303b2" testName="FormatToStringTest1000 (20552.966022956633,20552.97 zł)" computerName="DESKTOP-5URQ9PB" duration="00:00:00.0000061" startTime="2022-06-13T21:11:17.4569412+02:00" endTime="2022-06-13T21:11:17.4570066+02:00" testType="13cdc9d9-ddb5-4fa4-a97d-d965ccfc6d4b" outcome="Passed" testListId="8c84fa94-04c1-424b-9868-57a2d4851a1d" relativeResultsDirectory="bd8db0bc-a27e-4847-ad4d-9afa960ceaec" />
    <UnitTestResult executionId="86b31e20-249a-4c55-85e5-a5e64eb978ab" testId="2ef1feaf-c706-48a1-9f21-9708c36c4095" testName="FormatToStringTest1000 (47964.941885361884,47964.94 zł)" computerName="DESKTOP-5URQ9PB" duration="00:00:00.0000063" startTime="2022-06-13T21:11:17.2823447+02:00" endTime="2022-06-13T21:11:17.2824137+02:00" testType="13cdc9d9-ddb5-4fa4-a97d-d965ccfc6d4b" outcome="Passed" testListId="8c84fa94-04c1-424b-9868-57a2d4851a1d" relativeResultsDirectory="86b31e20-249a-4c55-85e5-a5e64eb978ab" />
    <UnitTestResult executionId="199d9e7a-95ed-48e1-aa2f-da37e156a417" testId="7408225a-7131-40cb-9d22-1c5e84b38416" testName="FormatToStringTest1000 (8013.1229931903645,8013.12 zł)" computerName="DESKTOP-5URQ9PB" duration="00:00:00.0000061" startTime="2022-06-13T21:11:17.5488852+02:00" endTime="2022-06-13T21:11:17.5489487+02:00" testType="13cdc9d9-ddb5-4fa4-a97d-d965ccfc6d4b" outcome="Passed" testListId="8c84fa94-04c1-424b-9868-57a2d4851a1d" relativeResultsDirectory="199d9e7a-95ed-48e1-aa2f-da37e156a417" />
    <UnitTestResult executionId="f95f57d9-ba04-4d89-ab15-86f5eb582dcc" testId="f75c6381-3dc7-4da8-8980-0a25c3fb574a" testName="FormatToStringTest1000 (67109.22110940759,67109.22 zł)" computerName="DESKTOP-5URQ9PB" duration="00:00:00.0000070" startTime="2022-06-13T21:11:17.5403421+02:00" endTime="2022-06-13T21:11:17.5404180+02:00" testType="13cdc9d9-ddb5-4fa4-a97d-d965ccfc6d4b" outcome="Passed" testListId="8c84fa94-04c1-424b-9868-57a2d4851a1d" relativeResultsDirectory="f95f57d9-ba04-4d89-ab15-86f5eb582dcc" />
    <UnitTestResult executionId="553edaae-f551-4231-81a6-10fa08de239a" testId="7bee3f5a-1309-42ae-9d11-4ff198ed544c" testName="FormatToStringTest1000 (2505.286326204094,2505.29 zł)" computerName="DESKTOP-5URQ9PB" duration="00:00:00.0000061" startTime="2022-06-13T21:11:17.4179980+02:00" endTime="2022-06-13T21:11:17.4180634+02:00" testType="13cdc9d9-ddb5-4fa4-a97d-d965ccfc6d4b" outcome="Passed" testListId="8c84fa94-04c1-424b-9868-57a2d4851a1d" relativeResultsDirectory="553edaae-f551-4231-81a6-10fa08de239a" />
    <UnitTestResult executionId="7fb1baca-501f-473d-8002-748d7ae5b12a" testId="72b4f0b8-a512-4e34-b796-5e9c8d670df6" testName="FormatToStringTest1000 (63507.32603545455,63507.33 zł)" computerName="DESKTOP-5URQ9PB" duration="00:00:00.0000063" startTime="2022-06-13T21:11:17.2585476+02:00" endTime="2022-06-13T21:11:17.2586213+02:00" testType="13cdc9d9-ddb5-4fa4-a97d-d965ccfc6d4b" outcome="Passed" testListId="8c84fa94-04c1-424b-9868-57a2d4851a1d" relativeResultsDirectory="7fb1baca-501f-473d-8002-748d7ae5b12a" />
    <UnitTestResult executionId="f8c54f20-f2d1-4a8e-8613-2305ee8f7433" testId="9fa0ba29-207e-4366-a8aa-1dc94d155a9b" testName="FormatToStringTest1000 (27942.393876474067,27942.39 zł)" computerName="DESKTOP-5URQ9PB" duration="00:00:00.0000061" startTime="2022-06-13T21:11:17.4601940+02:00" endTime="2022-06-13T21:11:17.4602579+02:00" testType="13cdc9d9-ddb5-4fa4-a97d-d965ccfc6d4b" outcome="Passed" testListId="8c84fa94-04c1-424b-9868-57a2d4851a1d" relativeResultsDirectory="f8c54f20-f2d1-4a8e-8613-2305ee8f7433" />
    <UnitTestResult executionId="26e93c9d-4d21-4b21-8dd5-acad64417344" testId="f7f4033e-5aec-417c-9275-8780681ddd8f" testName="FormatToStringTest1000 (71554.9786298829,71554.98 zł)" computerName="DESKTOP-5URQ9PB" duration="00:00:00.0000064" startTime="2022-06-13T21:11:17.5022102+02:00" endTime="2022-06-13T21:11:17.5022719+02:00" testType="13cdc9d9-ddb5-4fa4-a97d-d965ccfc6d4b" outcome="Passed" testListId="8c84fa94-04c1-424b-9868-57a2d4851a1d" relativeResultsDirectory="26e93c9d-4d21-4b21-8dd5-acad64417344" />
    <UnitTestResult executionId="f9d849b3-8ed4-47d1-9bae-4a4e9b49af2c" testId="9c1e2343-e665-4cbf-9566-c6d0fc169c86" testName="FormatToStringTest1000 (13323.876109275909,13323.88 zł)" computerName="DESKTOP-5URQ9PB" duration="00:00:00.0000061" startTime="2022-06-13T21:11:17.5488035+02:00" endTime="2022-06-13T21:11:17.5488680+02:00" testType="13cdc9d9-ddb5-4fa4-a97d-d965ccfc6d4b" outcome="Passed" testListId="8c84fa94-04c1-424b-9868-57a2d4851a1d" relativeResultsDirectory="f9d849b3-8ed4-47d1-9bae-4a4e9b49af2c" />
    <UnitTestResult executionId="4f878fa7-bf8d-4ef4-b43c-7d490d177388" testId="47d84f35-9ba1-476d-ad11-0081167cb75b" testName="FormatToStringTest1000 (11430.666613002619,11430.67 zł)" computerName="DESKTOP-5URQ9PB" duration="00:00:00.0000068" startTime="2022-06-13T21:11:17.3035050+02:00" endTime="2022-06-13T21:11:17.3035717+02:00" testType="13cdc9d9-ddb5-4fa4-a97d-d965ccfc6d4b" outcome="Passed" testListId="8c84fa94-04c1-424b-9868-57a2d4851a1d" relativeResultsDirectory="4f878fa7-bf8d-4ef4-b43c-7d490d177388" />
    <UnitTestResult executionId="0412c730-be32-4c0d-9cef-308b22f3165e" testId="bc5db750-f13a-45b2-a7f7-2691530ad215" testName="FormatToStringTest1000 (13574.683315038068,13574.68 zł)" computerName="DESKTOP-5URQ9PB" duration="00:00:00.0000063" startTime="2022-06-13T21:11:17.3065931+02:00" endTime="2022-06-13T21:11:17.3066594+02:00" testType="13cdc9d9-ddb5-4fa4-a97d-d965ccfc6d4b" outcome="Passed" testListId="8c84fa94-04c1-424b-9868-57a2d4851a1d" relativeResultsDirectory="0412c730-be32-4c0d-9cef-308b22f3165e" />
    <UnitTestResult executionId="9c3e4ea5-c26f-4f6b-9205-23652a528d9e" testId="ec718f7b-5e8d-41b3-8e64-c22aea5112b5" testName="FormatToStringTest1000 (4121.116360678857,4121.12 zł)" computerName="DESKTOP-5URQ9PB" duration="00:00:00.0000061" startTime="2022-06-13T21:11:17.3950397+02:00" endTime="2022-06-13T21:11:17.3951055+02:00" testType="13cdc9d9-ddb5-4fa4-a97d-d965ccfc6d4b" outcome="Passed" testListId="8c84fa94-04c1-424b-9868-57a2d4851a1d" relativeResultsDirectory="9c3e4ea5-c26f-4f6b-9205-23652a528d9e" />
    <UnitTestResult executionId="388585cb-496e-4027-9133-8f2027fef60f" testId="ae060f27-57ad-4008-92cb-ac8a1cfa5770" testName="FormatToStringTest1000 (14063.90676654871,14063.91 zł)" computerName="DESKTOP-5URQ9PB" duration="00:00:00.0000061" startTime="2022-06-13T21:11:17.4895603+02:00" endTime="2022-06-13T21:11:17.4896247+02:00" testType="13cdc9d9-ddb5-4fa4-a97d-d965ccfc6d4b" outcome="Passed" testListId="8c84fa94-04c1-424b-9868-57a2d4851a1d" relativeResultsDirectory="388585cb-496e-4027-9133-8f2027fef60f" />
    <UnitTestResult executionId="c1c5de71-8302-4e24-a52e-ec39433868ff" testId="4d8e8289-8996-46a4-8c95-0d50b6d5f63d" testName="FormatToStringTest1000 (726.8087564975995,726.81 zł)" computerName="DESKTOP-5URQ9PB" duration="00:00:00.0000065" startTime="2022-06-13T21:11:17.1866469+02:00" endTime="2022-06-13T21:11:17.1867167+02:00" testType="13cdc9d9-ddb5-4fa4-a97d-d965ccfc6d4b" outcome="Passed" testListId="8c84fa94-04c1-424b-9868-57a2d4851a1d" relativeResultsDirectory="c1c5de71-8302-4e24-a52e-ec39433868ff" />
    <UnitTestResult executionId="1ea97c9b-f98f-4781-b4ec-079e137f60c7" testId="8ba7aae9-7682-49d3-bb49-fda29ffef385" testName="FormatToStringTest1000 (658.7555888573431,658.76 zł)" computerName="DESKTOP-5URQ9PB" duration="00:00:00.0000070" startTime="2022-06-13T21:11:17.3917500+02:00" endTime="2022-06-13T21:11:17.3918180+02:00" testType="13cdc9d9-ddb5-4fa4-a97d-d965ccfc6d4b" outcome="Passed" testListId="8c84fa94-04c1-424b-9868-57a2d4851a1d" relativeResultsDirectory="1ea97c9b-f98f-4781-b4ec-079e137f60c7" />
    <UnitTestResult executionId="f4fcb4d2-e75b-400d-b5f2-1dc7800a2765" testId="34b405d7-79ac-48ac-b38e-640e4c4287d2" testName="FormatToStringTest1000 (34145.534199603615,34145.53 zł)" computerName="DESKTOP-5URQ9PB" duration="00:00:00.0000060" startTime="2022-06-13T21:11:17.4921032+02:00" endTime="2022-06-13T21:11:17.4921666+02:00" testType="13cdc9d9-ddb5-4fa4-a97d-d965ccfc6d4b" outcome="Passed" testListId="8c84fa94-04c1-424b-9868-57a2d4851a1d" relativeResultsDirectory="f4fcb4d2-e75b-400d-b5f2-1dc7800a2765" />
    <UnitTestResult executionId="0ac3366d-e1df-4a34-ae2b-ee6ad2a9f026" testId="9cb8b769-1774-4cd5-bc4d-19890a8c5031" testName="FormatToStringTest1000 (20445.11280083149,20445.11 zł)" computerName="DESKTOP-5URQ9PB" duration="00:00:00.0000062" startTime="2022-06-13T21:11:17.5268931+02:00" endTime="2022-06-13T21:11:17.5269570+02:00" testType="13cdc9d9-ddb5-4fa4-a97d-d965ccfc6d4b" outcome="Passed" testListId="8c84fa94-04c1-424b-9868-57a2d4851a1d" relativeResultsDirectory="0ac3366d-e1df-4a34-ae2b-ee6ad2a9f026" />
    <UnitTestResult executionId="f415ffd0-4940-4a8c-99d4-894b75d50430" testId="d32dfdf6-3ae7-4697-9066-9c267fc67ff0" testName="FormatToStringTest1000 (3503.9809179231434,3503.98 zł)" computerName="DESKTOP-5URQ9PB" duration="00:00:00.0000062" startTime="2022-06-13T21:11:17.4084666+02:00" endTime="2022-06-13T21:11:17.4085324+02:00" testType="13cdc9d9-ddb5-4fa4-a97d-d965ccfc6d4b" outcome="Passed" testListId="8c84fa94-04c1-424b-9868-57a2d4851a1d" relativeResultsDirectory="f415ffd0-4940-4a8c-99d4-894b75d50430" />
    <UnitTestResult executionId="c2aca369-6245-4328-a018-e36638d61490" testId="45a1be0a-50e7-4cc7-b91d-da682f9af435" testName="FormatToStringTest1000 (30807.823896702295,30807.82 zł)" computerName="DESKTOP-5URQ9PB" duration="00:00:00.0000061" startTime="2022-06-13T21:11:17.5099442+02:00" endTime="2022-06-13T21:11:17.5100075+02:00" testType="13cdc9d9-ddb5-4fa4-a97d-d965ccfc6d4b" outcome="Passed" testListId="8c84fa94-04c1-424b-9868-57a2d4851a1d" relativeResultsDirectory="c2aca369-6245-4328-a018-e36638d61490" />
    <UnitTestResult executionId="728a304f-21fa-4fcb-9bbe-e22307238dde" testId="d3ae1d54-8e05-4e6e-ba62-d208f36bc725" testName="FormatToStringTest1000 (7789.7136237517525,7789.71 zł)" computerName="DESKTOP-5URQ9PB" duration="00:00:00.0000104" startTime="2022-06-13T21:11:17.2477884+02:00" endTime="2022-06-13T21:11:17.2479232+02:00" testType="13cdc9d9-ddb5-4fa4-a97d-d965ccfc6d4b" outcome="Passed" testListId="8c84fa94-04c1-424b-9868-57a2d4851a1d" relativeResultsDirectory="728a304f-21fa-4fcb-9bbe-e22307238dde" />
    <UnitTestResult executionId="4b07ae3b-3bde-4570-b685-7000d9c5ecb0" testId="12b0a6fc-53e9-469b-b271-b7b964834c95" testName="FormatToStringTest1000 (29917.15005391145,29917.15 zł)" computerName="DESKTOP-5URQ9PB" duration="00:00:00.0000063" startTime="2022-06-13T21:11:17.4950427+02:00" endTime="2022-06-13T21:11:17.4951184+02:00" testType="13cdc9d9-ddb5-4fa4-a97d-d965ccfc6d4b" outcome="Passed" testListId="8c84fa94-04c1-424b-9868-57a2d4851a1d" relativeResultsDirectory="4b07ae3b-3bde-4570-b685-7000d9c5ecb0" />
    <UnitTestResult executionId="ff8f68fc-5a30-405a-8c76-5030d746e3c0" testId="533d8f06-58b4-416b-afc4-c4d9fbd743f0" testName="FormatToStringTest1000 (835.1578487740633,835.16 zł)" computerName="DESKTOP-5URQ9PB" duration="00:00:00.0000066" startTime="2022-06-13T21:11:17.4481476+02:00" endTime="2022-06-13T21:11:17.4482130+02:00" testType="13cdc9d9-ddb5-4fa4-a97d-d965ccfc6d4b" outcome="Passed" testListId="8c84fa94-04c1-424b-9868-57a2d4851a1d" relativeResultsDirectory="ff8f68fc-5a30-405a-8c76-5030d746e3c0" />
    <UnitTestResult executionId="938169b0-df51-43ac-b99c-3dd651300032" testId="8840e2db-07d7-434b-830a-945bf6f28773" testName="FormatToStringTest1000 (24570.65594858893,24570.66 zł)" computerName="DESKTOP-5URQ9PB" duration="00:00:00.0000065" startTime="2022-06-13T21:11:17.3143074+02:00" endTime="2022-06-13T21:11:17.3143743+02:00" testType="13cdc9d9-ddb5-4fa4-a97d-d965ccfc6d4b" outcome="Passed" testListId="8c84fa94-04c1-424b-9868-57a2d4851a1d" relativeResultsDirectory="938169b0-df51-43ac-b99c-3dd651300032" />
    <UnitTestResult executionId="8e833458-66b9-44ed-9471-8172a2ec61f4" testId="d508ea66-dbd1-4c1b-8602-1714c3e37aac" testName="FormatToStringTest1000 (10641.263377953444,10641.26 zł)" computerName="DESKTOP-5URQ9PB" duration="00:00:00.0000063" startTime="2022-06-13T21:11:17.3443501+02:00" endTime="2022-06-13T21:11:17.3444168+02:00" testType="13cdc9d9-ddb5-4fa4-a97d-d965ccfc6d4b" outcome="Passed" testListId="8c84fa94-04c1-424b-9868-57a2d4851a1d" relativeResultsDirectory="8e833458-66b9-44ed-9471-8172a2ec61f4" />
    <UnitTestResult executionId="4bbf3d26-b836-4fea-86dd-62467d288d44" testId="28bdbece-852a-47ca-ba86-8f0476ff328f" testName="FormatToStringTest1000 (15822.278766386342,15822.28 zł)" computerName="DESKTOP-5URQ9PB" duration="00:00:00.0000064" startTime="2022-06-13T21:11:17.3533293+02:00" endTime="2022-06-13T21:11:17.3533960+02:00" testType="13cdc9d9-ddb5-4fa4-a97d-d965ccfc6d4b" outcome="Passed" testListId="8c84fa94-04c1-424b-9868-57a2d4851a1d" relativeResultsDirectory="4bbf3d26-b836-4fea-86dd-62467d288d44" />
    <UnitTestResult executionId="ccdc7f90-8782-4c6f-a1c4-13d1c3ce38bf" testId="acce6188-28f9-4d2b-a94c-fdb5e281d0ae" testName="FormatToStringTest1000 (13503.943645929892,13503.94 zł)" computerName="DESKTOP-5URQ9PB" duration="00:00:00.0000065" startTime="2022-06-13T21:11:17.2689790+02:00" endTime="2022-06-13T21:11:17.2690553+02:00" testType="13cdc9d9-ddb5-4fa4-a97d-d965ccfc6d4b" outcome="Passed" testListId="8c84fa94-04c1-424b-9868-57a2d4851a1d" relativeResultsDirectory="ccdc7f90-8782-4c6f-a1c4-13d1c3ce38bf" />
    <UnitTestResult executionId="dea98c74-a506-436e-a24f-ce476b2f4d2b" testId="37d6134e-eb9b-48bf-b762-4cc29e50126c" testName="FormatToStringTest1000 (964.9678631783313,964.97 zł)" computerName="DESKTOP-5URQ9PB" duration="00:00:00.0000061" startTime="2022-06-13T21:11:17.3333960+02:00" endTime="2022-06-13T21:11:17.3334678+02:00" testType="13cdc9d9-ddb5-4fa4-a97d-d965ccfc6d4b" outcome="Passed" testListId="8c84fa94-04c1-424b-9868-57a2d4851a1d" relativeResultsDirectory="dea98c74-a506-436e-a24f-ce476b2f4d2b" />
    <UnitTestResult executionId="46378bb5-9fdf-40d3-8847-62dbc3d0b1c2" testId="9e131368-d45e-456e-8086-cd6cd5c49e6e" testName="FormatToStringTest1000 (15129.433864736666,15129.43 zł)" computerName="DESKTOP-5URQ9PB" duration="00:00:00.0000062" startTime="2022-06-13T21:11:17.5354959+02:00" endTime="2022-06-13T21:11:17.5355593+02:00" testType="13cdc9d9-ddb5-4fa4-a97d-d965ccfc6d4b" outcome="Passed" testListId="8c84fa94-04c1-424b-9868-57a2d4851a1d" relativeResultsDirectory="46378bb5-9fdf-40d3-8847-62dbc3d0b1c2" />
    <UnitTestResult executionId="d6bd93a5-7a8d-4216-afaa-a90df429a3af" testId="30e9cdc5-38ae-4851-97d4-91609d0d1c14" testName="FormatToStringTest1000 (40913.016669489916,40913.02 zł)" computerName="DESKTOP-5URQ9PB" duration="00:00:00.0000062" startTime="2022-06-13T21:11:17.5526912+02:00" endTime="2022-06-13T21:11:17.5527611+02:00" testType="13cdc9d9-ddb5-4fa4-a97d-d965ccfc6d4b" outcome="Passed" testListId="8c84fa94-04c1-424b-9868-57a2d4851a1d" relativeResultsDirectory="d6bd93a5-7a8d-4216-afaa-a90df429a3af" />
    <UnitTestResult executionId="96327627-2e74-47bf-9b78-2ee6188f3642" testId="10f0f83c-a419-4902-b388-93c790be988e" testName="FormatToStringTest1000 (43222.47958431695,43222.48 zł)" computerName="DESKTOP-5URQ9PB" duration="00:00:00.0000062" startTime="2022-06-13T21:11:17.2757975+02:00" endTime="2022-06-13T21:11:17.2758643+02:00" testType="13cdc9d9-ddb5-4fa4-a97d-d965ccfc6d4b" outcome="Passed" testListId="8c84fa94-04c1-424b-9868-57a2d4851a1d" relativeResultsDirectory="96327627-2e74-47bf-9b78-2ee6188f3642" />
    <UnitTestResult executionId="98f0f08d-44d2-48a8-abc3-f46647dafce4" testId="c4c5b38e-87c7-431a-b563-b7d78d4a85d7" testName="FormatToStringTest1000 (23023.74724929768,23023.75 zł)" computerName="DESKTOP-5URQ9PB" duration="00:00:00.0000061" startTime="2022-06-13T21:11:17.4541935+02:00" endTime="2022-06-13T21:11:17.4542579+02:00" testType="13cdc9d9-ddb5-4fa4-a97d-d965ccfc6d4b" outcome="Passed" testListId="8c84fa94-04c1-424b-9868-57a2d4851a1d" relativeResultsDirectory="98f0f08d-44d2-48a8-abc3-f46647dafce4" />
    <UnitTestResult executionId="3c7136f7-6c4b-4b3c-a9c8-19eb8ad337b6" testId="79d0f5ea-740c-49a6-9b34-30e368888768" testName="FormatToStringTest1000 (28455.229970996843,28455.23 zł)" computerName="DESKTOP-5URQ9PB" duration="00:00:00.0000060" startTime="2022-06-13T21:11:17.5271367+02:00" endTime="2022-06-13T21:11:17.5272001+02:00" testType="13cdc9d9-ddb5-4fa4-a97d-d965ccfc6d4b" outcome="Passed" testListId="8c84fa94-04c1-424b-9868-57a2d4851a1d" relativeResultsDirectory="3c7136f7-6c4b-4b3c-a9c8-19eb8ad337b6" />
    <UnitTestResult executionId="8cf8fc47-c756-4284-9e90-614ec76f9b17" testId="1e2cd77e-26df-4f7b-ba85-85e3b83c28c9" testName="FormatToStringTest1000 (4919.073526169674,4919.07 zł)" computerName="DESKTOP-5URQ9PB" duration="00:00:00.0000061" startTime="2022-06-13T21:11:17.3235331+02:00" endTime="2022-06-13T21:11:17.3235993+02:00" testType="13cdc9d9-ddb5-4fa4-a97d-d965ccfc6d4b" outcome="Passed" testListId="8c84fa94-04c1-424b-9868-57a2d4851a1d" relativeResultsDirectory="8cf8fc47-c756-4284-9e90-614ec76f9b17" />
    <UnitTestResult executionId="71272563-086a-4949-831c-8832da2c716a" testId="8f967f4a-3b86-45f5-bf78-d4bc3051166a" testName="FormatToStringTest1000 (29845.02749849345,29845.03 zł)" computerName="DESKTOP-5URQ9PB" duration="00:00:00.0000063" startTime="2022-06-13T21:11:17.3300638+02:00" endTime="2022-06-13T21:11:17.3301364+02:00" testType="13cdc9d9-ddb5-4fa4-a97d-d965ccfc6d4b" outcome="Passed" testListId="8c84fa94-04c1-424b-9868-57a2d4851a1d" relativeResultsDirectory="71272563-086a-4949-831c-8832da2c716a" />
    <UnitTestResult executionId="21025b9d-6098-4d8f-99aa-4dc349554565" testId="c12c29a7-e6c8-4256-a75f-2c6218451dfb" testName="FormatToStringTest1000 (643.3550376181281,643.36 zł)" computerName="DESKTOP-5URQ9PB" duration="00:00:00.0000063" startTime="2022-06-13T21:11:17.4954966+02:00" endTime="2022-06-13T21:11:17.4955690+02:00" testType="13cdc9d9-ddb5-4fa4-a97d-d965ccfc6d4b" outcome="Passed" testListId="8c84fa94-04c1-424b-9868-57a2d4851a1d" relativeResultsDirectory="21025b9d-6098-4d8f-99aa-4dc349554565" />
    <UnitTestResult executionId="7ce9063e-1911-4723-880d-2428952fe7ad" testId="f01017a6-7a97-4161-b397-f4efb7f99eb3" testName="FormatToStringTest1000 (6205.946199725357,6205.95 zł)" computerName="DESKTOP-5URQ9PB" duration="00:00:00.0000064" startTime="2022-06-13T21:11:17.3623955+02:00" endTime="2022-06-13T21:11:17.3624629+02:00" testType="13cdc9d9-ddb5-4fa4-a97d-d965ccfc6d4b" outcome="Passed" testListId="8c84fa94-04c1-424b-9868-57a2d4851a1d" relativeResultsDirectory="7ce9063e-1911-4723-880d-2428952fe7ad" />
    <UnitTestResult executionId="1ea6062b-d590-4cd8-9fe9-df1dc408c16f" testId="6585ac72-84cb-44b9-b5ad-cef297b36f35" testName="FormatToStringTest1000 (12091.219941106729,12091.22 zł)" computerName="DESKTOP-5URQ9PB" duration="00:00:00.0000060" startTime="2022-06-13T21:11:17.3174847+02:00" endTime="2022-06-13T21:11:17.3175509+02:00" testType="13cdc9d9-ddb5-4fa4-a97d-d965ccfc6d4b" outcome="Passed" testListId="8c84fa94-04c1-424b-9868-57a2d4851a1d" relativeResultsDirectory="1ea6062b-d590-4cd8-9fe9-df1dc408c16f" />
    <UnitTestResult executionId="1c372439-0aff-49d0-b9b5-2cc5a7b78aea" testId="e90c6916-b145-4e4c-b06d-1390ba276c77" testName="FormatToStringTest1000 (96.75594581512546,96.76 zł)" computerName="DESKTOP-5URQ9PB" duration="00:00:00.0000062" startTime="2022-06-13T21:11:17.2512254+02:00" endTime="2022-06-13T21:11:17.2512928+02:00" testType="13cdc9d9-ddb5-4fa4-a97d-d965ccfc6d4b" outcome="Passed" testListId="8c84fa94-04c1-424b-9868-57a2d4851a1d" relativeResultsDirectory="1c372439-0aff-49d0-b9b5-2cc5a7b78aea" />
    <UnitTestResult executionId="86dc50d0-8fed-442e-93cf-24435d65db9f" testId="cf041c25-c326-4145-93e9-16b80e5c930f" testName="FormatToStringTest1000 (5398.2412667191775,5398.24 zł)" computerName="DESKTOP-5URQ9PB" duration="00:00:00.0000063" startTime="2022-06-13T21:11:17.5609577+02:00" endTime="2022-06-13T21:11:17.5610223+02:00" testType="13cdc9d9-ddb5-4fa4-a97d-d965ccfc6d4b" outcome="Passed" testListId="8c84fa94-04c1-424b-9868-57a2d4851a1d" relativeResultsDirectory="86dc50d0-8fed-442e-93cf-24435d65db9f" />
    <UnitTestResult executionId="94ee3d72-d653-4795-aace-24fd2136da80" testId="4ee504a4-cdcf-4c39-a4b1-3f478e51d3dd" testName="FormatToStringTest1000 (27751.474436297303,27751.47 zł)" computerName="DESKTOP-5URQ9PB" duration="00:00:00.0000061" startTime="2022-06-13T21:11:17.5045160+02:00" endTime="2022-06-13T21:11:17.5045797+02:00" testType="13cdc9d9-ddb5-4fa4-a97d-d965ccfc6d4b" outcome="Passed" testListId="8c84fa94-04c1-424b-9868-57a2d4851a1d" relativeResultsDirectory="94ee3d72-d653-4795-aace-24fd2136da80" />
    <UnitTestResult executionId="0ebd1ca1-7918-4fd2-86cd-ff4ebbe501ed" testId="ce6a80f4-0fcc-4a32-ade1-0a1c80296d36" testName="FormatToStringTest1000 (34060.48467268724,34060.48 zł)" computerName="DESKTOP-5URQ9PB" duration="00:00:00.0000072" startTime="2022-06-13T21:11:17.5069701+02:00" endTime="2022-06-13T21:11:17.5070455+02:00" testType="13cdc9d9-ddb5-4fa4-a97d-d965ccfc6d4b" outcome="Passed" testListId="8c84fa94-04c1-424b-9868-57a2d4851a1d" relativeResultsDirectory="0ebd1ca1-7918-4fd2-86cd-ff4ebbe501ed" />
    <UnitTestResult executionId="de2de829-9a95-43f9-9f9b-9e00749666e3" testId="0c9943d4-7d7d-4332-925c-83f6d80e2d65" testName="FormatToStringTest1000 (2039.440966411699,2039.44 zł)" computerName="DESKTOP-5URQ9PB" duration="00:00:00.0000063" startTime="2022-06-13T21:11:17.3138823+02:00" endTime="2022-06-13T21:11:17.3139502+02:00" testType="13cdc9d9-ddb5-4fa4-a97d-d965ccfc6d4b" outcome="Passed" testListId="8c84fa94-04c1-424b-9868-57a2d4851a1d" relativeResultsDirectory="de2de829-9a95-43f9-9f9b-9e00749666e3" />
    <UnitTestResult executionId="f3e583ac-602e-4ae4-b22c-4042a51dcb05" testId="2c0653b2-9d8d-4512-b95c-493a1e3e9370" testName="FormatToStringTest1000 (38253.101637909705,38253.10 zł)" computerName="DESKTOP-5URQ9PB" duration="00:00:00.0000083" startTime="2022-06-13T21:11:17.4837900+02:00" endTime="2022-06-13T21:11:17.4838810+02:00" testType="13cdc9d9-ddb5-4fa4-a97d-d965ccfc6d4b" outcome="Passed" testListId="8c84fa94-04c1-424b-9868-57a2d4851a1d" relativeResultsDirectory="f3e583ac-602e-4ae4-b22c-4042a51dcb05" />
    <UnitTestResult executionId="54bd19cc-79a8-44f8-a13f-cab9650e1fb1" testId="4eb572b2-b899-4629-af56-03f7f40a93a5" testName="FormatToStringTest1000 (50585.83664522778,50585.84 zł)" computerName="DESKTOP-5URQ9PB" duration="00:00:00.0000062" startTime="2022-06-13T21:11:17.4082973+02:00" endTime="2022-06-13T21:11:17.4083638+02:00" testType="13cdc9d9-ddb5-4fa4-a97d-d965ccfc6d4b" outcome="Passed" testListId="8c84fa94-04c1-424b-9868-57a2d4851a1d" relativeResultsDirectory="54bd19cc-79a8-44f8-a13f-cab9650e1fb1" />
    <UnitTestResult executionId="8a6157b8-7f26-4c8b-ae93-0a4d522317a2" testId="23b4fb38-f828-42fb-beed-31f9eccb282a" testName="FormatToStringTest1000 (7407.385606687696,7407.39 zł)" computerName="DESKTOP-5URQ9PB" duration="00:00:00.0000061" startTime="2022-06-13T21:11:17.4541126+02:00" endTime="2022-06-13T21:11:17.4541769+02:00" testType="13cdc9d9-ddb5-4fa4-a97d-d965ccfc6d4b" outcome="Passed" testListId="8c84fa94-04c1-424b-9868-57a2d4851a1d" relativeResultsDirectory="8a6157b8-7f26-4c8b-ae93-0a4d522317a2" />
    <UnitTestResult executionId="440137cc-64ea-4f15-93dd-1d414e3c79e0" testId="56a4cba9-ef14-494b-942a-dfba2b83dfd3" testName="FormatToStringTest1000 (9628.688698104437,9628.69 zł)" computerName="DESKTOP-5URQ9PB" duration="00:00:00.0000063" startTime="2022-06-13T21:11:17.5492212+02:00" endTime="2022-06-13T21:11:17.5492905+02:00" testType="13cdc9d9-ddb5-4fa4-a97d-d965ccfc6d4b" outcome="Passed" testListId="8c84fa94-04c1-424b-9868-57a2d4851a1d" relativeResultsDirectory="440137cc-64ea-4f15-93dd-1d414e3c79e0" />
    <UnitTestResult executionId="e9c23c64-c8c4-4389-a10a-bdc814919c75" testId="b7c9d3a3-36a6-4985-acb8-10f1cd6901e7" testName="FormatToStringTest1000 (22494.46807976834,22494.47 zł)" computerName="DESKTOP-5URQ9PB" duration="00:00:00.0000062" startTime="2022-06-13T21:11:17.5043522+02:00" endTime="2022-06-13T21:11:17.5044172+02:00" testType="13cdc9d9-ddb5-4fa4-a97d-d965ccfc6d4b" outcome="Passed" testListId="8c84fa94-04c1-424b-9868-57a2d4851a1d" relativeResultsDirectory="e9c23c64-c8c4-4389-a10a-bdc814919c75" />
    <UnitTestResult executionId="8ebd5ac6-7144-4e01-a6bd-686f8bbe2565" testId="164df458-f8ff-49c8-92bc-b7ac34804884" testName="FormatToStringTest1000 (41915.7945284563,41915.79 zł)" computerName="DESKTOP-5URQ9PB" duration="00:00:00.0000063" startTime="2022-06-13T21:11:17.5102681+02:00" endTime="2022-06-13T21:11:17.5103306+02:00" testType="13cdc9d9-ddb5-4fa4-a97d-d965ccfc6d4b" outcome="Passed" testListId="8c84fa94-04c1-424b-9868-57a2d4851a1d" relativeResultsDirectory="8ebd5ac6-7144-4e01-a6bd-686f8bbe2565" />
    <UnitTestResult executionId="c067414f-24d8-4594-8dd0-c89d2c8aca6a" testId="35a31e21-bf62-4652-997c-87654975016d" testName="FormatToStringTest1000 (12125.090155628086,12125.09 zł)" computerName="DESKTOP-5URQ9PB" duration="00:00:00.0000070" startTime="2022-06-13T21:11:17.3468571+02:00" endTime="2022-06-13T21:11:17.3469368+02:00" testType="13cdc9d9-ddb5-4fa4-a97d-d965ccfc6d4b" outcome="Passed" testListId="8c84fa94-04c1-424b-9868-57a2d4851a1d" relativeResultsDirectory="c067414f-24d8-4594-8dd0-c89d2c8aca6a" />
    <UnitTestResult executionId="c421b14f-f1e7-447e-b785-3f36100590c3" testId="ee4f633c-26e5-499e-b7ed-aa09dda3756a" testName="FormatToStringTest1000 (11.555284778846096,11.56 zł)" computerName="DESKTOP-5URQ9PB" duration="00:00:00.0000060" startTime="2022-06-13T21:11:17.5410361+02:00" endTime="2022-06-13T21:11:17.5410991+02:00" testType="13cdc9d9-ddb5-4fa4-a97d-d965ccfc6d4b" outcome="Passed" testListId="8c84fa94-04c1-424b-9868-57a2d4851a1d" relativeResultsDirectory="c421b14f-f1e7-447e-b785-3f36100590c3" />
    <UnitTestResult executionId="c12db702-d3b6-46c1-bae5-c10de9e4bb22" testId="010210bd-b084-45ab-ad17-fe49b0de3340" testName="FormatToStringTest1000 (28987.862854782896,28987.86 zł)" computerName="DESKTOP-5URQ9PB" duration="00:00:00.0000067" startTime="2022-06-13T21:11:17.5269742+02:00" endTime="2022-06-13T21:11:17.5270385+02:00" testType="13cdc9d9-ddb5-4fa4-a97d-d965ccfc6d4b" outcome="Passed" testListId="8c84fa94-04c1-424b-9868-57a2d4851a1d" relativeResultsDirectory="c12db702-d3b6-46c1-bae5-c10de9e4bb22" />
    <UnitTestResult executionId="351761a1-3cfd-461e-9c89-5a9d79b40f6d" testId="5fcd2205-c497-4a65-8e1b-aa384762dedc" testName="FormatToStringTest1000 (24024.14691439557,24024.15 zł)" computerName="DESKTOP-5URQ9PB" duration="00:00:00.0000064" startTime="2022-06-13T21:11:17.3363647+02:00" endTime="2022-06-13T21:11:17.3364370+02:00" testType="13cdc9d9-ddb5-4fa4-a97d-d965ccfc6d4b" outcome="Passed" testListId="8c84fa94-04c1-424b-9868-57a2d4851a1d" relativeResultsDirectory="351761a1-3cfd-461e-9c89-5a9d79b40f6d" />
    <UnitTestResult executionId="9dbff28a-fa80-40a7-af53-96ef70251da9" testId="0b7a3016-a88a-4c79-b0c1-f239f55f7a22" testName="FormatToStringTest1000 (15907.394871033446,15907.39 zł)" computerName="DESKTOP-5URQ9PB" duration="00:00:00.0000061" startTime="2022-06-13T21:11:17.4628684+02:00" endTime="2022-06-13T21:11:17.4629321+02:00" testType="13cdc9d9-ddb5-4fa4-a97d-d965ccfc6d4b" outcome="Passed" testListId="8c84fa94-04c1-424b-9868-57a2d4851a1d" relativeResultsDirectory="9dbff28a-fa80-40a7-af53-96ef70251da9" />
    <UnitTestResult executionId="cd9a284c-4293-4092-8772-6892caad60eb" testId="8105d996-c4a1-42b4-bf01-62dab213d7ae" testName="FormatToStringTest1000 (16825.83099003268,16825.83 zł)" computerName="DESKTOP-5URQ9PB" duration="00:00:00.0000061" startTime="2022-06-13T21:11:17.4923438+02:00" endTime="2022-06-13T21:11:17.4924073+02:00" testType="13cdc9d9-ddb5-4fa4-a97d-d965ccfc6d4b" outcome="Passed" testListId="8c84fa94-04c1-424b-9868-57a2d4851a1d" relativeResultsDirectory="cd9a284c-4293-4092-8772-6892caad60eb" />
    <UnitTestResult executionId="5075e6cb-ea8b-41c4-88a6-c275eb8ef2a4" testId="8aa0d00c-e893-4bbf-8cad-38ae4c38fadc" testName="FormatToStringTest1000 (35967.54466809684,35967.54 zł)" computerName="DESKTOP-5URQ9PB" duration="00:00:00.0000063" startTime="2022-06-13T21:11:17.5018033+02:00" endTime="2022-06-13T21:11:17.5018678+02:00" testType="13cdc9d9-ddb5-4fa4-a97d-d965ccfc6d4b" outcome="Passed" testListId="8c84fa94-04c1-424b-9868-57a2d4851a1d" relativeResultsDirectory="5075e6cb-ea8b-41c4-88a6-c275eb8ef2a4" />
    <UnitTestResult executionId="0f29c472-327f-4e19-93d3-0a1e37fe006d" testId="409f4502-d080-48e0-ba66-1d22319c2291" testName="FormatToStringTest1000 (3649.9254912836127,3649.93 zł)" computerName="DESKTOP-5URQ9PB" duration="00:00:00.0000083" startTime="2022-06-13T21:11:17.5868816+02:00" endTime="2022-06-13T21:11:17.5869783+02:00" testType="13cdc9d9-ddb5-4fa4-a97d-d965ccfc6d4b" outcome="Passed" testListId="8c84fa94-04c1-424b-9868-57a2d4851a1d" relativeResultsDirectory="0f29c472-327f-4e19-93d3-0a1e37fe006d" />
    <UnitTestResult executionId="8dc9957c-42d7-4846-b40b-24ae42487207" testId="26570740-d4db-4b5a-94f9-ed60c275e80d" testName="FormatToStringTest1000 (21961.272673999552,21961.27 zł)" computerName="DESKTOP-5URQ9PB" duration="00:00:00.0000064" startTime="2022-06-13T21:11:17.2580485+02:00" endTime="2022-06-13T21:11:17.2581222+02:00" testType="13cdc9d9-ddb5-4fa4-a97d-d965ccfc6d4b" outcome="Passed" testListId="8c84fa94-04c1-424b-9868-57a2d4851a1d" relativeResultsDirectory="8dc9957c-42d7-4846-b40b-24ae42487207" />
    <UnitTestResult executionId="dc1e5c2a-8633-411c-9700-8bedfc804f3c" testId="fe55bc89-b57a-4dca-abb3-997c9769a9fd" testName="FormatToStringTest1000 (24566.50251371856,24566.50 zł)" computerName="DESKTOP-5URQ9PB" duration="00:00:00.0000260" startTime="2022-06-13T21:11:17.4388550+02:00" endTime="2022-06-13T21:11:17.4390448+02:00" testType="13cdc9d9-ddb5-4fa4-a97d-d965ccfc6d4b" outcome="Passed" testListId="8c84fa94-04c1-424b-9868-57a2d4851a1d" relativeResultsDirectory="dc1e5c2a-8633-411c-9700-8bedfc804f3c" />
    <UnitTestResult executionId="95a6a859-1973-4f08-9a65-cd93b9ccfc5c" testId="16dd6c5d-bb8a-4d7f-a31a-04d1b1de40b4" testName="FormatToStringTest1000 (44930.92203801075,44930.92 zł)" computerName="DESKTOP-5URQ9PB" duration="00:00:00.0000061" startTime="2022-06-13T21:11:17.5900452+02:00" endTime="2022-06-13T21:11:17.5901086+02:00" testType="13cdc9d9-ddb5-4fa4-a97d-d965ccfc6d4b" outcome="Passed" testListId="8c84fa94-04c1-424b-9868-57a2d4851a1d" relativeResultsDirectory="95a6a859-1973-4f08-9a65-cd93b9ccfc5c" />
    <UnitTestResult executionId="ce291ecb-0a4a-4017-997b-bc6048a8c2c9" testId="b6544786-c56e-41f4-a6df-1a3ecdc03b9a" testName="FormatToStringTest1000 (58111.21259843521,58111.21 zł)" computerName="DESKTOP-5URQ9PB" duration="00:00:00.0000065" startTime="2022-06-13T21:11:17.3065086+02:00" endTime="2022-06-13T21:11:17.3065751+02:00" testType="13cdc9d9-ddb5-4fa4-a97d-d965ccfc6d4b" outcome="Passed" testListId="8c84fa94-04c1-424b-9868-57a2d4851a1d" relativeResultsDirectory="ce291ecb-0a4a-4017-997b-bc6048a8c2c9" />
    <UnitTestResult executionId="b43e8e5a-8777-49a1-a95e-d2b3aff14842" testId="baa4cc94-a5ed-4b72-8bca-493c46fd9b6b" testName="FormatToStringTest1000 (50991.22189691114,50991.22 zł)" computerName="DESKTOP-5URQ9PB" duration="00:00:00.0000063" startTime="2022-06-13T21:11:17.2581404+02:00" endTime="2022-06-13T21:11:17.2582162+02:00" testType="13cdc9d9-ddb5-4fa4-a97d-d965ccfc6d4b" outcome="Passed" testListId="8c84fa94-04c1-424b-9868-57a2d4851a1d" relativeResultsDirectory="b43e8e5a-8777-49a1-a95e-d2b3aff14842" />
    <UnitTestResult executionId="eb33bdfb-dfb8-4faa-b233-ecff7ec5a447" testId="67956f59-6486-427d-8e72-6fea6c5f4236" testName="FormatToStringTest1000 (8514.837538072763,8514.84 zł)" computerName="DESKTOP-5URQ9PB" duration="00:00:00.0000060" startTime="2022-06-13T21:11:17.5844663+02:00" endTime="2022-06-13T21:11:17.5845305+02:00" testType="13cdc9d9-ddb5-4fa4-a97d-d965ccfc6d4b" outcome="Passed" testListId="8c84fa94-04c1-424b-9868-57a2d4851a1d" relativeResultsDirectory="eb33bdfb-dfb8-4faa-b233-ecff7ec5a447" />
    <UnitTestResult executionId="82213352-1a82-4607-9ae3-6d186f15e249" testId="2c8230c1-3679-4060-9086-f1d0fbb8b292" testName="FormatToStringTest1000 (5507.360659962688,5507.36 zł)" computerName="DESKTOP-5URQ9PB" duration="00:00:00.0000062" startTime="2022-06-13T21:11:17.5693273+02:00" endTime="2022-06-13T21:11:17.5693911+02:00" testType="13cdc9d9-ddb5-4fa4-a97d-d965ccfc6d4b" outcome="Passed" testListId="8c84fa94-04c1-424b-9868-57a2d4851a1d" relativeResultsDirectory="82213352-1a82-4607-9ae3-6d186f15e249" />
    <UnitTestResult executionId="4fb8b622-4b28-48f1-96fd-bb57d94ff3f9" testId="562e6b81-a9ae-42b4-9807-534864bed3b6" testName="FormatToStringTest1000 (60299.23738666309,60299.24 zł)" computerName="DESKTOP-5URQ9PB" duration="00:00:00.0000062" startTime="2022-06-13T21:11:17.4113898+02:00" endTime="2022-06-13T21:11:17.4114567+02:00" testType="13cdc9d9-ddb5-4fa4-a97d-d965ccfc6d4b" outcome="Passed" testListId="8c84fa94-04c1-424b-9868-57a2d4851a1d" relativeResultsDirectory="4fb8b622-4b28-48f1-96fd-bb57d94ff3f9" />
    <UnitTestResult executionId="ef57a908-e6f0-4e00-a113-0bd3e54b21fa" testId="867c0595-0066-461b-b56d-85ea895ec998" testName="FormatToStringTest1000 (44499.288016808816,44499.29 zł)" computerName="DESKTOP-5URQ9PB" duration="00:00:00.0000061" startTime="2022-06-13T21:11:17.3920862+02:00" endTime="2022-06-13T21:11:17.3921525+02:00" testType="13cdc9d9-ddb5-4fa4-a97d-d965ccfc6d4b" outcome="Passed" testListId="8c84fa94-04c1-424b-9868-57a2d4851a1d" relativeResultsDirectory="ef57a908-e6f0-4e00-a113-0bd3e54b21fa" />
    <UnitTestResult executionId="a08d5a9e-83a1-47c5-ab85-f6a8d985b721" testId="1a8e7100-db5d-46e9-88ac-ce40f7f8b0cb" testName="FormatToStringTest1000 (15669.698889610218,15669.70 zł)" computerName="DESKTOP-5URQ9PB" duration="00:00:00.0000080" startTime="2022-06-13T21:11:17.5321652+02:00" endTime="2022-06-13T21:11:17.5322510+02:00" testType="13cdc9d9-ddb5-4fa4-a97d-d965ccfc6d4b" outcome="Passed" testListId="8c84fa94-04c1-424b-9868-57a2d4851a1d" relativeResultsDirectory="a08d5a9e-83a1-47c5-ab85-f6a8d985b721" />
    <UnitTestResult executionId="abecee05-e1e3-420b-a2fd-4e93cc21ef41" testId="6e38e2bb-ae7d-445c-9116-ecf3b7240140" testName="FormatToStringTest1000 (35784.54232617307,35784.54 zł)" computerName="DESKTOP-5URQ9PB" duration="00:00:00.0000061" startTime="2022-06-13T21:11:17.2418304+02:00" endTime="2022-06-13T21:11:17.2418976+02:00" testType="13cdc9d9-ddb5-4fa4-a97d-d965ccfc6d4b" outcome="Passed" testListId="8c84fa94-04c1-424b-9868-57a2d4851a1d" relativeResultsDirectory="abecee05-e1e3-420b-a2fd-4e93cc21ef41" />
    <UnitTestResult executionId="1866d415-d404-403c-8f32-26593f32a3b8" testId="a905c238-cc6e-4770-a08d-67e625e76fd9" testName="FormatToStringTest1000 (14475.498583194567,14475.50 zł)" computerName="DESKTOP-5URQ9PB" duration="00:00:00.0000069" startTime="2022-06-13T21:11:17.5611211+02:00" endTime="2022-06-13T21:11:17.5611857+02:00" testType="13cdc9d9-ddb5-4fa4-a97d-d965ccfc6d4b" outcome="Passed" testListId="8c84fa94-04c1-424b-9868-57a2d4851a1d" relativeResultsDirectory="1866d415-d404-403c-8f32-26593f32a3b8" />
    <UnitTestResult executionId="73a7b0dd-c9aa-4f19-b54d-660652a036fa" testId="e55368ce-3c71-493c-b399-e7d44232a70a" testName="FormatToStringTest1000 (41873.517751020154,41873.52 zł)" computerName="DESKTOP-5URQ9PB" duration="00:00:00.0000085" startTime="2022-06-13T21:11:17.5951812+02:00" endTime="2022-06-13T21:11:17.5952758+02:00" testType="13cdc9d9-ddb5-4fa4-a97d-d965ccfc6d4b" outcome="Passed" testListId="8c84fa94-04c1-424b-9868-57a2d4851a1d" relativeResultsDirectory="73a7b0dd-c9aa-4f19-b54d-660652a036fa" />
    <UnitTestResult executionId="3d79b81e-1b82-448e-a75c-59b6f426cf57" testId="5717efdd-b811-4b84-80a5-99fb58523b9a" testName="FormatToStringTest1000 (38961.459057294516,38961.46 zł)" computerName="DESKTOP-5URQ9PB" duration="00:00:00.0000062" startTime="2022-06-13T21:11:17.3729543+02:00" endTime="2022-06-13T21:11:17.3730213+02:00" testType="13cdc9d9-ddb5-4fa4-a97d-d965ccfc6d4b" outcome="Passed" testListId="8c84fa94-04c1-424b-9868-57a2d4851a1d" relativeResultsDirectory="3d79b81e-1b82-448e-a75c-59b6f426cf57" />
    <UnitTestResult executionId="22e91021-0311-42eb-9c84-ed043e89c307" testId="47ea0f5e-3663-4dd6-bb24-0c1c87a1eaa7" testName="FormatToStringTest1000 (40400.9734049295,40400.97 zł)" computerName="DESKTOP-5URQ9PB" duration="00:00:00.0000067" startTime="2022-06-13T21:11:17.3399829+02:00" endTime="2022-06-13T21:11:17.3400611+02:00" testType="13cdc9d9-ddb5-4fa4-a97d-d965ccfc6d4b" outcome="Passed" testListId="8c84fa94-04c1-424b-9868-57a2d4851a1d" relativeResultsDirectory="22e91021-0311-42eb-9c84-ed043e89c307" />
    <UnitTestResult executionId="a777d89e-1c4d-4b08-864e-2bb12af1b2d6" testId="422ff193-779e-42a8-b2d4-17d2212c00b9" testName="FormatToStringTest1000 (48684.26840475959,48684.27 zł)" computerName="DESKTOP-5URQ9PB" duration="00:00:00.0000062" startTime="2022-06-13T21:11:17.4778136+02:00" endTime="2022-06-13T21:11:17.4778767+02:00" testType="13cdc9d9-ddb5-4fa4-a97d-d965ccfc6d4b" outcome="Passed" testListId="8c84fa94-04c1-424b-9868-57a2d4851a1d" relativeResultsDirectory="a777d89e-1c4d-4b08-864e-2bb12af1b2d6" />
    <UnitTestResult executionId="cc77a47e-fda5-468d-b069-e11bc3586d85" testId="1e0e992d-ad40-4aee-ab92-074d47247d9d" testName="FormatToStringTest1000 (5957.42161879941,5957.42 zł)" computerName="DESKTOP-5URQ9PB" duration="00:00:00.0000095" startTime="2022-06-13T21:11:17.4833483+02:00" endTime="2022-06-13T21:11:17.4834220+02:00" testType="13cdc9d9-ddb5-4fa4-a97d-d965ccfc6d4b" outcome="Passed" testListId="8c84fa94-04c1-424b-9868-57a2d4851a1d" relativeResultsDirectory="cc77a47e-fda5-468d-b069-e11bc3586d85" />
    <UnitTestResult executionId="77b8f4e0-925f-4828-87d0-46064c5c6b4a" testId="2bf87fdc-aadf-49a7-b70c-2f689f5629a0" testName="FormatToStringTest1000 (20482.32969107308,20482.33 zł)" computerName="DESKTOP-5URQ9PB" duration="00:00:00.0000061" startTime="2022-06-13T21:11:17.2940505+02:00" endTime="2022-06-13T21:11:17.2941176+02:00" testType="13cdc9d9-ddb5-4fa4-a97d-d965ccfc6d4b" outcome="Passed" testListId="8c84fa94-04c1-424b-9868-57a2d4851a1d" relativeResultsDirectory="77b8f4e0-925f-4828-87d0-46064c5c6b4a" />
    <UnitTestResult executionId="4c5c9223-e612-49b1-8280-bce2508a9218" testId="f36c028f-00c7-40dd-8207-a3d29da0741e" testName="FormatToStringTest1000 (748.6264857065987,748.63 zł)" computerName="DESKTOP-5URQ9PB" duration="00:00:00.0000069" startTime="2022-06-13T21:11:17.4024624+02:00" endTime="2022-06-13T21:11:17.4025290+02:00" testType="13cdc9d9-ddb5-4fa4-a97d-d965ccfc6d4b" outcome="Passed" testListId="8c84fa94-04c1-424b-9868-57a2d4851a1d" relativeResultsDirectory="4c5c9223-e612-49b1-8280-bce2508a9218" />
    <UnitTestResult executionId="2c0ecd9a-f6cd-4d3f-b08d-df76e228a7fd" testId="c9c4ebce-db91-4864-a315-4bc3226a4395" testName="FormatToStringTest1000 (25135.10315489727,25135.10 zł)" computerName="DESKTOP-5URQ9PB" duration="00:00:00.0000061" startTime="2022-06-13T21:11:17.5101064+02:00" endTime="2022-06-13T21:11:17.5101706+02:00" testType="13cdc9d9-ddb5-4fa4-a97d-d965ccfc6d4b" outcome="Passed" testListId="8c84fa94-04c1-424b-9868-57a2d4851a1d" relativeResultsDirectory="2c0ecd9a-f6cd-4d3f-b08d-df76e228a7fd" />
    <UnitTestResult executionId="5378e71c-8c25-4c8c-b923-600ef7716644" testId="2c788862-a6e6-4e9b-ab10-95714bd70f4c" testName="FormatToStringTest1000 (14920.620598662934,14920.62 zł)" computerName="DESKTOP-5URQ9PB" duration="00:00:00.0000062" startTime="2022-06-13T21:11:17.3070186+02:00" endTime="2022-06-13T21:11:17.3070844+02:00" testType="13cdc9d9-ddb5-4fa4-a97d-d965ccfc6d4b" outcome="Passed" testListId="8c84fa94-04c1-424b-9868-57a2d4851a1d" relativeResultsDirectory="5378e71c-8c25-4c8c-b923-600ef7716644" />
    <UnitTestResult executionId="a6ed4ec1-0b5c-490d-8e16-6dcb4fc62757" testId="913eff72-3b0a-484d-bee5-e179c1671559" testName="FormatToStringTest1000 (75915.01943546813,75915.02 zł)" computerName="DESKTOP-5URQ9PB" duration="00:00:00.0000061" startTime="2022-06-13T21:11:17.3626490+02:00" endTime="2022-06-13T21:11:17.3627151+02:00" testType="13cdc9d9-ddb5-4fa4-a97d-d965ccfc6d4b" outcome="Passed" testListId="8c84fa94-04c1-424b-9868-57a2d4851a1d" relativeResultsDirectory="a6ed4ec1-0b5c-490d-8e16-6dcb4fc62757" />
    <UnitTestResult executionId="784887cf-4e5c-4a64-a9f3-fcd5541d92ba" testId="80958b45-43c3-41e0-ac91-5febd326e180" testName="FormatToStringTest1000 (1482.3501845832682,1482.35 zł)" computerName="DESKTOP-5URQ9PB" duration="00:00:00.0000069" startTime="2022-06-13T21:11:17.5355763+02:00" endTime="2022-06-13T21:11:17.5356403+02:00" testType="13cdc9d9-ddb5-4fa4-a97d-d965ccfc6d4b" outcome="Passed" testListId="8c84fa94-04c1-424b-9868-57a2d4851a1d" relativeResultsDirectory="784887cf-4e5c-4a64-a9f3-fcd5541d92ba" />
    <UnitTestResult executionId="e9e40cfa-1fa7-4d46-b562-bb5a4c53fb0c" testId="8bd3a4a9-a0dd-43ba-848b-ee64d38023e1" testName="FormatToStringTest1000 (6820.105136090938,6820.11 zł)" computerName="DESKTOP-5URQ9PB" duration="00:00:00.0000061" startTime="2022-06-13T21:11:17.5352532+02:00" endTime="2022-06-13T21:11:17.5353169+02:00" testType="13cdc9d9-ddb5-4fa4-a97d-d965ccfc6d4b" outcome="Passed" testListId="8c84fa94-04c1-424b-9868-57a2d4851a1d" relativeResultsDirectory="e9e40cfa-1fa7-4d46-b562-bb5a4c53fb0c" />
    <UnitTestResult executionId="b64864d5-3f0d-4e42-95bb-a6ba7187d2a4" testId="b83c75f6-d503-4378-9bc5-1d8c44a2d123" testName="FormatToStringTest1000 (6752.510462437062,6752.51 zł)" computerName="DESKTOP-5URQ9PB" duration="00:00:00.0000062" startTime="2022-06-13T21:11:17.2762195+02:00" endTime="2022-06-13T21:11:17.2762854+02:00" testType="13cdc9d9-ddb5-4fa4-a97d-d965ccfc6d4b" outcome="Passed" testListId="8c84fa94-04c1-424b-9868-57a2d4851a1d" relativeResultsDirectory="b64864d5-3f0d-4e42-95bb-a6ba7187d2a4" />
    <UnitTestResult executionId="d0e6da92-b49c-4ced-be3b-b57901f50892" testId="0432c808-a6d9-489b-aabf-8c2aa1732b4b" testName="FormatToStringTest1000 (24528.124092612474,24528.12 zł)" computerName="DESKTOP-5URQ9PB" duration="00:00:00.0000062" startTime="2022-06-13T21:11:17.3474629+02:00" endTime="2022-06-13T21:11:17.3475296+02:00" testType="13cdc9d9-ddb5-4fa4-a97d-d965ccfc6d4b" outcome="Passed" testListId="8c84fa94-04c1-424b-9868-57a2d4851a1d" relativeResultsDirectory="d0e6da92-b49c-4ced-be3b-b57901f50892" />
    <UnitTestResult executionId="2fe3df1d-f47f-4c95-a487-b0ec6266398e" testId="048d65f3-12ce-494c-a823-f54ada90cebb" testName="FormatToStringTest1000 (50413.517583300134,50413.52 zł)" computerName="DESKTOP-5URQ9PB" duration="00:00:00.0000066" startTime="2022-06-13T21:11:17.4807050+02:00" endTime="2022-06-13T21:11:17.4808071+02:00" testType="13cdc9d9-ddb5-4fa4-a97d-d965ccfc6d4b" outcome="Passed" testListId="8c84fa94-04c1-424b-9868-57a2d4851a1d" relativeResultsDirectory="2fe3df1d-f47f-4c95-a487-b0ec6266398e" />
    <UnitTestResult executionId="af8ac78b-1cfb-463a-845e-0e5321b8092b" testId="f7c4c061-5a20-4b42-8275-236ec197bda2" testName="FormatToStringTest1000 (2115.5076919884923,2115.51 zł)" computerName="DESKTOP-5URQ9PB" duration="00:00:00.0000060" startTime="2022-06-13T21:11:17.5612842+02:00" endTime="2022-06-13T21:11:17.5613477+02:00" testType="13cdc9d9-ddb5-4fa4-a97d-d965ccfc6d4b" outcome="Passed" testListId="8c84fa94-04c1-424b-9868-57a2d4851a1d" relativeResultsDirectory="af8ac78b-1cfb-463a-845e-0e5321b8092b" />
    <UnitTestResult executionId="f5453fee-6f8a-44c7-852d-5974f0d8cc13" testId="0788fe13-75c9-4f69-a5c8-c607578ecd4c" testName="FormatToStringTest1000 (4823.904478896365,4823.90 zł)" computerName="DESKTOP-5URQ9PB" duration="00:00:00.0000062" startTime="2022-06-13T21:11:17.4892264+02:00" endTime="2022-06-13T21:11:17.4892956+02:00" testType="13cdc9d9-ddb5-4fa4-a97d-d965ccfc6d4b" outcome="Passed" testListId="8c84fa94-04c1-424b-9868-57a2d4851a1d" relativeResultsDirectory="f5453fee-6f8a-44c7-852d-5974f0d8cc13" />
    <UnitTestResult executionId="65e468a9-371a-4435-ab2a-245b5f11d2f4" testId="c6dfb81f-9c93-4bd7-9500-65c30fb38d70" testName="FormatToStringTest1000 (10174.652801423637,10174.65 zł)" computerName="DESKTOP-5URQ9PB" duration="00:00:00.0000064" startTime="2022-06-13T21:11:17.4624550+02:00" endTime="2022-06-13T21:11:17.4625200+02:00" testType="13cdc9d9-ddb5-4fa4-a97d-d965ccfc6d4b" outcome="Passed" testListId="8c84fa94-04c1-424b-9868-57a2d4851a1d" relativeResultsDirectory="65e468a9-371a-4435-ab2a-245b5f11d2f4" />
    <UnitTestResult executionId="5d7f89cf-9277-4504-9887-171d0ba2b93b" testId="90c9bf9a-c5a4-48e8-8591-418e860508b2" testName="FormatToStringTest1000 (45955.903045959254,45955.90 zł)" computerName="DESKTOP-5URQ9PB" duration="00:00:00.0000061" startTime="2022-06-13T21:11:17.4993106+02:00" endTime="2022-06-13T21:11:17.4993749+02:00" testType="13cdc9d9-ddb5-4fa4-a97d-d965ccfc6d4b" outcome="Passed" testListId="8c84fa94-04c1-424b-9868-57a2d4851a1d" relativeResultsDirectory="5d7f89cf-9277-4504-9887-171d0ba2b93b" />
    <UnitTestResult executionId="e8822eb0-cf5e-45d5-9116-079a9a471686" testId="466cbb32-e65d-41db-8b0f-8779a162f1cd" testName="FormatToStringTest1000 (17090.629587323234,17090.63 zł)" computerName="DESKTOP-5URQ9PB" duration="00:00:00.0000062" startTime="2022-06-13T21:11:17.3475474+02:00" endTime="2022-06-13T21:11:17.3476141+02:00" testType="13cdc9d9-ddb5-4fa4-a97d-d965ccfc6d4b" outcome="Passed" testListId="8c84fa94-04c1-424b-9868-57a2d4851a1d" relativeResultsDirectory="e8822eb0-cf5e-45d5-9116-079a9a471686" />
    <UnitTestResult executionId="021e5708-a912-47f6-9240-452efc5a1ce6" testId="a1390791-a9a8-4f93-87c6-8ca01f3a93b1" testName="FormatToStringTest1000 (1181.5773122979222,1181.58 zł)" computerName="DESKTOP-5URQ9PB" duration="00:00:00.0000062" startTime="2022-06-13T21:11:17.3951232+02:00" endTime="2022-06-13T21:11:17.3951900+02:00" testType="13cdc9d9-ddb5-4fa4-a97d-d965ccfc6d4b" outcome="Passed" testListId="8c84fa94-04c1-424b-9868-57a2d4851a1d" relativeResultsDirectory="021e5708-a912-47f6-9240-452efc5a1ce6" />
    <UnitTestResult executionId="9a55918c-d814-4b87-84b8-272f29ddd604" testId="4d089d81-254b-4e29-8fae-e6f3b3efe9f8" testName="FormatToStringTest1000 (8599.45217413616,8599.45 zł)" computerName="DESKTOP-5URQ9PB" duration="00:00:00.0000066" startTime="2022-06-13T21:11:17.2938734+02:00" endTime="2022-06-13T21:11:17.2939441+02:00" testType="13cdc9d9-ddb5-4fa4-a97d-d965ccfc6d4b" outcome="Passed" testListId="8c84fa94-04c1-424b-9868-57a2d4851a1d" relativeResultsDirectory="9a55918c-d814-4b87-84b8-272f29ddd604" />
    <UnitTestResult executionId="58aa477a-5c6f-413c-b608-a999c3745906" testId="e8f6f4af-46f6-4a37-b1ce-9be4ffc7c3b3" testName="FormatToStringTest1000 (15639.704937780603,15639.70 zł)" computerName="DESKTOP-5URQ9PB" duration="00:00:00.0000069" startTime="2022-06-13T21:11:17.2479513+02:00" endTime="2022-06-13T21:11:17.2480203+02:00" testType="13cdc9d9-ddb5-4fa4-a97d-d965ccfc6d4b" outcome="Passed" testListId="8c84fa94-04c1-424b-9868-57a2d4851a1d" relativeResultsDirectory="58aa477a-5c6f-413c-b608-a999c3745906" />
    <UnitTestResult executionId="cacad2b8-7785-4585-be5a-8c5b14882dbb" testId="25f16977-bb6c-4354-bb6f-973b743b4fa1" testName="FormatToStringTest1000 (67230.86250807665,67230.86 zł)" computerName="DESKTOP-5URQ9PB" duration="00:00:00.0000115" startTime="2022-06-13T21:11:17.2788389+02:00" endTime="2022-06-13T21:11:17.2789824+02:00" testType="13cdc9d9-ddb5-4fa4-a97d-d965ccfc6d4b" outcome="Passed" testListId="8c84fa94-04c1-424b-9868-57a2d4851a1d" relativeResultsDirectory="cacad2b8-7785-4585-be5a-8c5b14882dbb" />
    <UnitTestResult executionId="cb471edc-b728-47e2-8d8a-59ca006ebd70" testId="6c89995f-9c99-4428-9321-31e82b8b795f" testName="FormatToStringTest1000 (5835.26176155557,5835.26 zł)" computerName="DESKTOP-5URQ9PB" duration="00:00:00.0000064" startTime="2022-06-13T21:11:17.4600352+02:00" endTime="2022-06-13T21:11:17.4600968+02:00" testType="13cdc9d9-ddb5-4fa4-a97d-d965ccfc6d4b" outcome="Passed" testListId="8c84fa94-04c1-424b-9868-57a2d4851a1d" relativeResultsDirectory="cb471edc-b728-47e2-8d8a-59ca006ebd70" />
    <UnitTestResult executionId="bd816c6b-ef27-459e-8576-e2dce5d49b0e" testId="22539be4-6900-4d85-82de-7198cb10c371" testName="FormatToStringTest1000 (88584.97010041306,88584.97 zł)" computerName="DESKTOP-5URQ9PB" duration="00:00:00.0000061" startTime="2022-06-13T21:11:17.3824545+02:00" endTime="2022-06-13T21:11:17.3825209+02:00" testType="13cdc9d9-ddb5-4fa4-a97d-d965ccfc6d4b" outcome="Passed" testListId="8c84fa94-04c1-424b-9868-57a2d4851a1d" relativeResultsDirectory="bd816c6b-ef27-459e-8576-e2dce5d49b0e" />
    <UnitTestResult executionId="201b5e0b-cd4c-484f-88d9-648a91c8f459" testId="7d4db77d-33b1-4329-8c23-462bab6fb344" testName="FormatToStringTest1000 (20012.898273490322,20012.90 zł)" computerName="DESKTOP-5URQ9PB" duration="00:00:00.0000071" startTime="2022-06-13T21:11:17.3326417+02:00" endTime="2022-06-13T21:11:17.3327302+02:00" testType="13cdc9d9-ddb5-4fa4-a97d-d965ccfc6d4b" outcome="Passed" testListId="8c84fa94-04c1-424b-9868-57a2d4851a1d" relativeResultsDirectory="201b5e0b-cd4c-484f-88d9-648a91c8f459" />
    <UnitTestResult executionId="25a7fecd-12e9-4b37-9787-d12e5f18c727" testId="3cebcf64-4f79-422c-8385-18e539cceabd" testName="FormatToStringTest1000 (3274.481392617096,3274.48 zł)" computerName="DESKTOP-5URQ9PB" duration="00:00:00.0000075" startTime="2022-06-13T21:11:17.4746559+02:00" endTime="2022-06-13T21:11:17.4747379+02:00" testType="13cdc9d9-ddb5-4fa4-a97d-d965ccfc6d4b" outcome="Passed" testListId="8c84fa94-04c1-424b-9868-57a2d4851a1d" relativeResultsDirectory="25a7fecd-12e9-4b37-9787-d12e5f18c727" />
    <UnitTestResult executionId="e3271619-d76c-4fbe-9000-b0d5859ce49d" testId="3b1093b0-0af5-48e5-9025-f9524f587616" testName="FormatToStringTest1000 (20068.867046961965,20068.87 zł)" computerName="DESKTOP-5URQ9PB" duration="00:00:00.0000063" startTime="2022-06-13T21:11:17.4832650+02:00" endTime="2022-06-13T21:11:17.4833310+02:00" testType="13cdc9d9-ddb5-4fa4-a97d-d965ccfc6d4b" outcome="Passed" testListId="8c84fa94-04c1-424b-9868-57a2d4851a1d" relativeResultsDirectory="e3271619-d76c-4fbe-9000-b0d5859ce49d" />
    <UnitTestResult executionId="690dcfd7-fea1-4dd5-9678-3f21e2ae465b" testId="ab292c73-baca-4256-9587-da1f698b8320" testName="FormatToStringTest1000 (19783.413847500186,19783.41 zł)" computerName="DESKTOP-5URQ9PB" duration="00:00:00.0000061" startTime="2022-06-13T21:11:17.5583040+02:00" endTime="2022-06-13T21:11:17.5583675+02:00" testType="13cdc9d9-ddb5-4fa4-a97d-d965ccfc6d4b" outcome="Passed" testListId="8c84fa94-04c1-424b-9868-57a2d4851a1d" relativeResultsDirectory="690dcfd7-fea1-4dd5-9678-3f21e2ae465b" />
    <UnitTestResult executionId="e60acd58-1f40-4c20-b4b0-09735a7907d3" testId="bb055682-be10-4493-a97a-c18033d20e00" testName="FormatToStringTest1000 (18786.954468002055,18786.95 zł)" computerName="DESKTOP-5URQ9PB" duration="00:00:00.0000501" startTime="2022-06-13T21:11:17.4239384+02:00" endTime="2022-06-13T21:11:17.4245805+02:00" testType="13cdc9d9-ddb5-4fa4-a97d-d965ccfc6d4b" outcome="Passed" testListId="8c84fa94-04c1-424b-9868-57a2d4851a1d" relativeResultsDirectory="e60acd58-1f40-4c20-b4b0-09735a7907d3" />
    <UnitTestResult executionId="54d77874-867c-4c0f-9cc3-bb6563fd4372" testId="d9646ba2-e199-4c2e-be06-66bbec2da30f" testName="FormatToStringTest1000 (5566.818038455592,5566.82 zł)" computerName="DESKTOP-5URQ9PB" duration="00:00:00.0000065" startTime="2022-06-13T21:11:17.5016306+02:00" endTime="2022-06-13T21:11:17.5016977+02:00" testType="13cdc9d9-ddb5-4fa4-a97d-d965ccfc6d4b" outcome="Passed" testListId="8c84fa94-04c1-424b-9868-57a2d4851a1d" relativeResultsDirectory="54d77874-867c-4c0f-9cc3-bb6563fd4372" />
    <UnitTestResult executionId="b0bd613f-9152-4e9e-a1a7-614a9769cb9e" testId="a9ca0de5-29a5-4f53-844e-95bdf3b1b6ae" testName="FormatToStringTest1000 (19840.47672110632,19840.48 zł)" computerName="DESKTOP-5URQ9PB" duration="00:00:00.0000064" startTime="2022-06-13T21:11:17.3139694+02:00" endTime="2022-06-13T21:11:17.3140376+02:00" testType="13cdc9d9-ddb5-4fa4-a97d-d965ccfc6d4b" outcome="Passed" testListId="8c84fa94-04c1-424b-9868-57a2d4851a1d" relativeResultsDirectory="b0bd613f-9152-4e9e-a1a7-614a9769cb9e" />
    <UnitTestResult executionId="d4674997-2620-4115-86b1-da5cec9b7f22" testId="6b742157-972d-4fb1-80ad-ccad6177ab14" testName="FormatToStringTest1000 (2435.1995505835857,2435.20 zł)" computerName="DESKTOP-5URQ9PB" duration="00:00:00.0000060" startTime="2022-06-13T21:11:17.2974953+02:00" endTime="2022-06-13T21:11:17.2975630+02:00" testType="13cdc9d9-ddb5-4fa4-a97d-d965ccfc6d4b" outcome="Passed" testListId="8c84fa94-04c1-424b-9868-57a2d4851a1d" relativeResultsDirectory="d4674997-2620-4115-86b1-da5cec9b7f22" />
    <UnitTestResult executionId="c1b3d7e1-5f86-45b1-91b6-3c0ff2b926c0" testId="d0c0f702-19f3-455a-a8c5-baa3d75f6ab8" testName="FormatToStringTest1000 (11494.27761332238,11494.28 zł)" computerName="DESKTOP-5URQ9PB" duration="00:00:00.0000064" startTime="2022-06-13T21:11:17.3295068+02:00" endTime="2022-06-13T21:11:17.3295802+02:00" testType="13cdc9d9-ddb5-4fa4-a97d-d965ccfc6d4b" outcome="Passed" testListId="8c84fa94-04c1-424b-9868-57a2d4851a1d" relativeResultsDirectory="c1b3d7e1-5f86-45b1-91b6-3c0ff2b926c0" />
    <UnitTestResult executionId="3c3e46f4-ee80-4ce0-a07f-20fcc35c8040" testId="1ceade58-3dcd-4aa9-88ff-35ee3cd468aa" testName="FormatToStringTest1000 (13745.115971449817,13745.12 zł)" computerName="DESKTOP-5URQ9PB" duration="00:00:00.0000121" startTime="2022-06-13T21:11:17.3000590+02:00" endTime="2022-06-13T21:11:17.3001999+02:00" testType="13cdc9d9-ddb5-4fa4-a97d-d965ccfc6d4b" outcome="Passed" testListId="8c84fa94-04c1-424b-9868-57a2d4851a1d" relativeResultsDirectory="3c3e46f4-ee80-4ce0-a07f-20fcc35c8040" />
    <UnitTestResult executionId="99522f50-8107-4920-8c45-1d9e28976774" testId="cb66f4c0-d36a-4698-8107-ec4d13ab6140" testName="FormatToStringTest1000 (48449.85582609189,48449.86 zł)" computerName="DESKTOP-5URQ9PB" duration="00:00:00.0000061" startTime="2022-06-13T21:11:17.4626189+02:00" endTime="2022-06-13T21:11:17.4626829+02:00" testType="13cdc9d9-ddb5-4fa4-a97d-d965ccfc6d4b" outcome="Passed" testListId="8c84fa94-04c1-424b-9868-57a2d4851a1d" relativeResultsDirectory="99522f50-8107-4920-8c45-1d9e28976774" />
    <UnitTestResult executionId="9f7c6128-bba6-4b9d-b90c-b27eaebb5d69" testId="89682794-fb12-41c5-9a7a-af7cd7576c10" testName="FormatToStringTest1000 (4648.492795337221,4648.49 zł)" computerName="DESKTOP-5URQ9PB" duration="00:00:00.0000063" startTime="2022-06-13T21:11:17.3761474+02:00" endTime="2022-06-13T21:11:17.3762144+02:00" testType="13cdc9d9-ddb5-4fa4-a97d-d965ccfc6d4b" outcome="Passed" testListId="8c84fa94-04c1-424b-9868-57a2d4851a1d" relativeResultsDirectory="9f7c6128-bba6-4b9d-b90c-b27eaebb5d69" />
    <UnitTestResult executionId="e6ce4a92-8df8-4787-a0c6-2d2cd84d3ff3" testId="26d2ab48-8a84-460d-a50d-c5cd4a67f43a" testName="FormatToStringTest1000 (66764.31690498316,66764.32 zł)" computerName="DESKTOP-5URQ9PB" duration="00:00:00.0000063" startTime="2022-06-13T21:11:17.3852926+02:00" endTime="2022-06-13T21:11:17.3853605+02:00" testType="13cdc9d9-ddb5-4fa4-a97d-d965ccfc6d4b" outcome="Passed" testListId="8c84fa94-04c1-424b-9868-57a2d4851a1d" relativeResultsDirectory="e6ce4a92-8df8-4787-a0c6-2d2cd84d3ff3" />
    <UnitTestResult executionId="c176fc8d-c8b3-4113-bd6e-787add6059f6" testId="df30a763-9a6d-4aec-a38e-aa9e68219d97" testName="FormatToStringTest1000 (28072.424637532058,28072.42 zł)" computerName="DESKTOP-5URQ9PB" duration="00:00:00.0000063" startTime="2022-06-13T21:11:17.2419157+02:00" endTime="2022-06-13T21:11:17.2419830+02:00" testType="13cdc9d9-ddb5-4fa4-a97d-d965ccfc6d4b" outcome="Passed" testListId="8c84fa94-04c1-424b-9868-57a2d4851a1d" relativeResultsDirectory="c176fc8d-c8b3-4113-bd6e-787add6059f6" />
    <UnitTestResult executionId="374e2ec3-9d1f-4291-a470-36c0bfe69198" testId="63f02e22-3088-4af1-8510-29833bdc6bba" testName="FormatToStringTest1000 (51632.87002968503,51632.87 zł)" computerName="DESKTOP-5URQ9PB" duration="00:00:00.0000062" startTime="2022-06-13T21:11:17.3264767+02:00" endTime="2022-06-13T21:11:17.3265424+02:00" testType="13cdc9d9-ddb5-4fa4-a97d-d965ccfc6d4b" outcome="Passed" testListId="8c84fa94-04c1-424b-9868-57a2d4851a1d" relativeResultsDirectory="374e2ec3-9d1f-4291-a470-36c0bfe69198" />
    <UnitTestResult executionId="31ef19af-b83f-4679-a309-463ba9db2621" testId="0efc35eb-1f4a-4839-b4db-17a91261908f" testName="FormatToStringTest1000 (7715.904444139406,7715.90 zł)" computerName="DESKTOP-5URQ9PB" duration="00:00:00.0000062" startTime="2022-06-13T21:11:17.4052797+02:00" endTime="2022-06-13T21:11:17.4053463+02:00" testType="13cdc9d9-ddb5-4fa4-a97d-d965ccfc6d4b" outcome="Passed" testListId="8c84fa94-04c1-424b-9868-57a2d4851a1d" relativeResultsDirectory="31ef19af-b83f-4679-a309-463ba9db2621" />
    <UnitTestResult executionId="81a9847a-acca-4967-b2ee-494158c11e04" testId="497be661-ec60-4a69-b7f5-c003d331ca33" testName="FormatToStringTest1000 (12641.700665183225,12641.70 zł)" computerName="DESKTOP-5URQ9PB" duration="00:00:00.0000065" startTime="2022-06-13T21:11:17.3296896+02:00" endTime="2022-06-13T21:11:17.3297694+02:00" testType="13cdc9d9-ddb5-4fa4-a97d-d965ccfc6d4b" outcome="Passed" testListId="8c84fa94-04c1-424b-9868-57a2d4851a1d" relativeResultsDirectory="81a9847a-acca-4967-b2ee-494158c11e04" />
    <UnitTestResult executionId="af9c9496-ac45-45e4-87b9-3e01d8f9b286" testId="761b44da-9cbe-44c4-8dba-a11493964465" testName="FormatToStringTest1000 (19352.183340702755,19352.18 zł)" computerName="DESKTOP-5URQ9PB" duration="00:00:00.0000061" startTime="2022-06-13T21:11:17.2891206+02:00" endTime="2022-06-13T21:11:17.2891871+02:00" testType="13cdc9d9-ddb5-4fa4-a97d-d965ccfc6d4b" outcome="Passed" testListId="8c84fa94-04c1-424b-9868-57a2d4851a1d" relativeResultsDirectory="af9c9496-ac45-45e4-87b9-3e01d8f9b286" />
    <UnitTestResult executionId="f6f64422-e441-483f-a441-c4a670e94272" testId="f15558a8-e72d-4b58-85f7-c02d11893de5" testName="FormatToStringTest1000 (75024.79122970243,75024.79 zł)" computerName="DESKTOP-5URQ9PB" duration="00:00:00.0000101" startTime="2022-06-13T21:11:17.3359767+02:00" endTime="2022-06-13T21:11:17.3360695+02:00" testType="13cdc9d9-ddb5-4fa4-a97d-d965ccfc6d4b" outcome="Passed" testListId="8c84fa94-04c1-424b-9868-57a2d4851a1d" relativeResultsDirectory="f6f64422-e441-483f-a441-c4a670e94272" />
    <UnitTestResult executionId="479699f6-a604-4326-bd11-ab38982f1a1a" testId="c70ad991-77e5-4b72-be77-afdb4a875664" testName="FormatToStringTest1000 (42555.01416107594,42555.01 zł)" computerName="DESKTOP-5URQ9PB" duration="00:00:00.0000071" startTime="2022-06-13T21:11:17.4597904+02:00" endTime="2022-06-13T21:11:17.4598559+02:00" testType="13cdc9d9-ddb5-4fa4-a97d-d965ccfc6d4b" outcome="Passed" testListId="8c84fa94-04c1-424b-9868-57a2d4851a1d" relativeResultsDirectory="479699f6-a604-4326-bd11-ab38982f1a1a" />
    <UnitTestResult executionId="51e83250-cb20-47f5-900d-61e705f1869b" testId="40cfb9e9-bb73-4115-a47f-bc3013459dff" testName="FormatToStringTest1000 (4554.73912809777,4554.74 zł)" computerName="DESKTOP-5URQ9PB" duration="00:00:00.0000065" startTime="2022-06-13T21:11:17.4537821+02:00" endTime="2022-06-13T21:11:17.4538485+02:00" testType="13cdc9d9-ddb5-4fa4-a97d-d965ccfc6d4b" outcome="Passed" testListId="8c84fa94-04c1-424b-9868-57a2d4851a1d" relativeResultsDirectory="51e83250-cb20-47f5-900d-61e705f1869b" />
    <UnitTestResult executionId="6b2960ab-f206-4dab-b412-e388b76b298c" testId="5c522927-0192-4028-9430-da753f46765c" testName="FormatToStringTest1000 (3270.482477338743,3270.48 zł)" computerName="DESKTOP-5URQ9PB" duration="00:00:00.0000061" startTime="2022-06-13T21:11:17.5097795+02:00" endTime="2022-06-13T21:11:17.5098444+02:00" testType="13cdc9d9-ddb5-4fa4-a97d-d965ccfc6d4b" outcome="Passed" testListId="8c84fa94-04c1-424b-9868-57a2d4851a1d" relativeResultsDirectory="6b2960ab-f206-4dab-b412-e388b76b298c" />
    <UnitTestResult executionId="532b7fa6-951a-4cb3-b62c-6ba99195f05c" testId="b05a1667-63c1-44bf-9164-671863eb2be9" testName="FormatToStringTest1000 (3270.286035661719,3270.29 zł)" computerName="DESKTOP-5URQ9PB" duration="00:00:00.0000277" startTime="2022-06-13T21:11:17.4404433+02:00" endTime="2022-06-13T21:11:17.4406279+02:00" testType="13cdc9d9-ddb5-4fa4-a97d-d965ccfc6d4b" outcome="Passed" testListId="8c84fa94-04c1-424b-9868-57a2d4851a1d" relativeResultsDirectory="532b7fa6-951a-4cb3-b62c-6ba99195f05c" />
    <UnitTestResult executionId="ee9773c8-cb65-4ddc-b46b-10caaeb04757" testId="992ff8af-99fe-4bc1-8462-6e47719044e6" testName="FormatToStringTest1000 (26515.80237687929,26515.80 zł)" computerName="DESKTOP-5URQ9PB" duration="00:00:00.0000063" startTime="2022-06-13T21:11:17.2321466+02:00" endTime="2022-06-13T21:11:17.2322131+02:00" testType="13cdc9d9-ddb5-4fa4-a97d-d965ccfc6d4b" outcome="Passed" testListId="8c84fa94-04c1-424b-9868-57a2d4851a1d" relativeResultsDirectory="ee9773c8-cb65-4ddc-b46b-10caaeb04757" />
    <UnitTestResult executionId="650620b6-648f-4cb2-bc9e-825bf64c4887" testId="9eae935a-1401-41ae-b6b9-9aac311b9fd2" testName="FormatToStringTest1000 (17315.72309779363,17315.72 zł)" computerName="DESKTOP-5URQ9PB" duration="00:00:00.0000061" startTime="2022-06-13T21:11:17.3563311+02:00" endTime="2022-06-13T21:11:17.3563968+02:00" testType="13cdc9d9-ddb5-4fa4-a97d-d965ccfc6d4b" outcome="Passed" testListId="8c84fa94-04c1-424b-9868-57a2d4851a1d" relativeResultsDirectory="650620b6-648f-4cb2-bc9e-825bf64c4887" />
    <UnitTestResult executionId="996e3cb5-d1e4-4c3a-bb0e-3c62b242c22b" testId="a99f04a8-8365-4a65-94f6-1b941c2ba456" testName="FormatToStringTest1000 (13402.882692040355,13402.88 zł)" computerName="DESKTOP-5URQ9PB" duration="00:00:00.0000063" startTime="2022-06-13T21:11:17.5350076+02:00" endTime="2022-06-13T21:11:17.5350727+02:00" testType="13cdc9d9-ddb5-4fa4-a97d-d965ccfc6d4b" outcome="Passed" testListId="8c84fa94-04c1-424b-9868-57a2d4851a1d" relativeResultsDirectory="996e3cb5-d1e4-4c3a-bb0e-3c62b242c22b" />
    <UnitTestResult executionId="5046e0a9-3572-4425-8ef8-7eea6bbe362c" testId="2f168db3-e5b2-42ec-a54b-8620784fd116" testName="FormatToStringTest1000 (64210.358316209335,64210.36 zł)" computerName="DESKTOP-5URQ9PB" duration="00:00:00.0000068" startTime="2022-06-13T21:11:17.2654973+02:00" endTime="2022-06-13T21:11:17.2655880+02:00" testType="13cdc9d9-ddb5-4fa4-a97d-d965ccfc6d4b" outcome="Passed" testListId="8c84fa94-04c1-424b-9868-57a2d4851a1d" relativeResultsDirectory="5046e0a9-3572-4425-8ef8-7eea6bbe362c" />
    <UnitTestResult executionId="d87a07cc-a38d-46b8-b5f4-af17e3aea06f" testId="fdbb412d-83d5-4866-ad3b-6efcab2a2437" testName="FormatToStringTest1000 (24729.333280806586,24729.33 zł)" computerName="DESKTOP-5URQ9PB" duration="00:00:00.0000063" startTime="2022-06-13T21:11:17.4627003+02:00" endTime="2022-06-13T21:11:17.4627697+02:00" testType="13cdc9d9-ddb5-4fa4-a97d-d965ccfc6d4b" outcome="Passed" testListId="8c84fa94-04c1-424b-9868-57a2d4851a1d" relativeResultsDirectory="d87a07cc-a38d-46b8-b5f4-af17e3aea06f" />
    <UnitTestResult executionId="c9eab75f-fc27-4172-a880-f677b5f31f96" testId="c25804f4-8d98-45e6-b95e-51458270b609" testName="FormatToStringTest1000 (25036.98767214035,25036.99 zł)" computerName="DESKTOP-5URQ9PB" duration="00:00:00.0000071" startTime="2022-06-13T21:11:17.3094247+02:00" endTime="2022-06-13T21:11:17.3095037+02:00" testType="13cdc9d9-ddb5-4fa4-a97d-d965ccfc6d4b" outcome="Passed" testListId="8c84fa94-04c1-424b-9868-57a2d4851a1d" relativeResultsDirectory="c9eab75f-fc27-4172-a880-f677b5f31f96" />
    <UnitTestResult executionId="6cd06ec4-7b30-421e-b6a2-add4e0bc5dc9" testId="a88fe81a-ad39-4f3b-8615-e8da76d70efa" testName="FormatToStringTest1000 (31805.23430354532,31805.23 zł)" computerName="DESKTOP-5URQ9PB" duration="00:00:00.0000061" startTime="2022-06-13T21:11:17.5049262+02:00" endTime="2022-06-13T21:11:17.5049901+02:00" testType="13cdc9d9-ddb5-4fa4-a97d-d965ccfc6d4b" outcome="Passed" testListId="8c84fa94-04c1-424b-9868-57a2d4851a1d" relativeResultsDirectory="6cd06ec4-7b30-421e-b6a2-add4e0bc5dc9" />
    <UnitTestResult executionId="9f4aa108-17d3-4fd9-807d-2e35888c0395" testId="31c3d1fd-f833-4adf-bb07-90ad12d9df2b" testName="FormatToStringTest1000 (19103.831635461574,19103.83 zł)" computerName="DESKTOP-5URQ9PB" duration="00:00:00.0000653" startTime="2022-06-13T21:11:17.4218449+02:00" endTime="2022-06-13T21:11:17.4228362+02:00" testType="13cdc9d9-ddb5-4fa4-a97d-d965ccfc6d4b" outcome="Passed" testListId="8c84fa94-04c1-424b-9868-57a2d4851a1d" relativeResultsDirectory="9f4aa108-17d3-4fd9-807d-2e35888c0395" />
    <UnitTestResult executionId="e77f049e-ced6-4c5d-b256-1ac751b53428" testId="7b71b41a-c343-4043-bf45-a0ba69e6ad75" testName="FormatToStringTest1000 (38803.03958246253,38803.04 zł)" computerName="DESKTOP-5URQ9PB" duration="00:00:00.0000065" startTime="2022-06-13T21:11:17.3137928+02:00" endTime="2022-06-13T21:11:17.3138633+02:00" testType="13cdc9d9-ddb5-4fa4-a97d-d965ccfc6d4b" outcome="Passed" testListId="8c84fa94-04c1-424b-9868-57a2d4851a1d" relativeResultsDirectory="e77f049e-ced6-4c5d-b256-1ac751b53428" />
    <UnitTestResult executionId="170f212e-93cb-4b33-a10d-ae6573e48ce6" testId="1db1bbfd-2fff-46a2-8895-606b0142b117" testName="FormatToStringTest1000 (23684.695462791573,23684.70 zł)" computerName="DESKTOP-5URQ9PB" duration="00:00:00.0000066" startTime="2022-06-13T21:11:17.4864274+02:00" endTime="2022-06-13T21:11:17.4865034+02:00" testType="13cdc9d9-ddb5-4fa4-a97d-d965ccfc6d4b" outcome="Passed" testListId="8c84fa94-04c1-424b-9868-57a2d4851a1d" relativeResultsDirectory="170f212e-93cb-4b33-a10d-ae6573e48ce6" />
    <UnitTestResult executionId="37870d72-5331-402f-a314-8e541551fd53" testId="6b5b88fa-d025-48d3-be0d-0d01c9165f80" testName="FormatToStringTest1000 (26215.613055301183,26215.61 zł)" computerName="DESKTOP-5URQ9PB" duration="00:00:00.0000061" startTime="2022-06-13T21:11:17.4625370+02:00" endTime="2022-06-13T21:11:17.4626009+02:00" testType="13cdc9d9-ddb5-4fa4-a97d-d965ccfc6d4b" outcome="Passed" testListId="8c84fa94-04c1-424b-9868-57a2d4851a1d" relativeResultsDirectory="37870d72-5331-402f-a314-8e541551fd53" />
    <UnitTestResult executionId="25e1933b-d914-4852-a259-982f199b56d8" testId="dfce72b8-dbf4-47a8-a251-28a1128dc358" testName="FormatToStringTest1000 (16161.963229990548,16161.96 zł)" computerName="DESKTOP-5URQ9PB" duration="00:00:00.0000063" startTime="2022-06-13T21:11:17.4948778+02:00" endTime="2022-06-13T21:11:17.4949439+02:00" testType="13cdc9d9-ddb5-4fa4-a97d-d965ccfc6d4b" outcome="Passed" testListId="8c84fa94-04c1-424b-9868-57a2d4851a1d" relativeResultsDirectory="25e1933b-d914-4852-a259-982f199b56d8" />
    <UnitTestResult executionId="1ee4ccfc-6d8b-4ace-8057-2fd9ca4529ef" testId="f5f542d1-dfae-464d-b523-a1d19a379de0" testName="FormatToStringTest1000 (80609.94377465078,80609.94 zł)" computerName="DESKTOP-5URQ9PB" duration="00:00:00.0000066" startTime="2022-06-13T21:11:17.2359329+02:00" endTime="2022-06-13T21:11:17.2360072+02:00" testType="13cdc9d9-ddb5-4fa4-a97d-d965ccfc6d4b" outcome="Passed" testListId="8c84fa94-04c1-424b-9868-57a2d4851a1d" relativeResultsDirectory="1ee4ccfc-6d8b-4ace-8057-2fd9ca4529ef" />
    <UnitTestResult executionId="09cab227-9991-4b5f-b29d-e019ca5ed0fa" testId="8310564f-acae-4ec4-8f1f-f909869cae81" testName="FormatToStringTest1000 (37954.34384365396,37954.34 zł)" computerName="DESKTOP-5URQ9PB" duration="00:00:00.0000072" startTime="2022-06-13T21:11:17.5349119+02:00" endTime="2022-06-13T21:11:17.5349890+02:00" testType="13cdc9d9-ddb5-4fa4-a97d-d965ccfc6d4b" outcome="Passed" testListId="8c84fa94-04c1-424b-9868-57a2d4851a1d" relativeResultsDirectory="09cab227-9991-4b5f-b29d-e019ca5ed0fa" />
    <UnitTestResult executionId="19287a1e-68cb-47d0-973e-be7dba709487" testId="e7eaed2a-c740-4300-b14f-f6ee27236aa6" testName="FormatToStringTest1000 (14712.754747761765,14712.75 zł)" computerName="DESKTOP-5URQ9PB" duration="00:00:00.0000061" startTime="2022-06-13T21:11:17.5295481+02:00" endTime="2022-06-13T21:11:17.5296120+02:00" testType="13cdc9d9-ddb5-4fa4-a97d-d965ccfc6d4b" outcome="Passed" testListId="8c84fa94-04c1-424b-9868-57a2d4851a1d" relativeResultsDirectory="19287a1e-68cb-47d0-973e-be7dba709487" />
    <UnitTestResult executionId="6437a7b7-6557-416e-a87a-6c3dd17798c9" testId="2cd027b2-c5dd-4a55-a3b3-4bbe6877d18f" testName="FormatToStringTest1000 (52858.048916166204,52858.05 zł)" computerName="DESKTOP-5URQ9PB" duration="00:00:00.0000066" startTime="2022-06-13T21:11:17.2650859+02:00" endTime="2022-06-13T21:11:17.2651738+02:00" testType="13cdc9d9-ddb5-4fa4-a97d-d965ccfc6d4b" outcome="Passed" testListId="8c84fa94-04c1-424b-9868-57a2d4851a1d" relativeResultsDirectory="6437a7b7-6557-416e-a87a-6c3dd17798c9" />
    <UnitTestResult executionId="a858ab89-06bb-4006-9d70-950acf2185ce" testId="0e887555-bd41-426c-abfd-20385c873892" testName="FormatToStringTest1000 (31300.40752580967,31300.41 zł)" computerName="DESKTOP-5URQ9PB" duration="00:00:00.0000065" startTime="2022-06-13T21:11:17.2545024+02:00" endTime="2022-06-13T21:11:17.2545762+02:00" testType="13cdc9d9-ddb5-4fa4-a97d-d965ccfc6d4b" outcome="Passed" testListId="8c84fa94-04c1-424b-9868-57a2d4851a1d" relativeResultsDirectory="a858ab89-06bb-4006-9d70-950acf2185ce" />
    <UnitTestResult executionId="2d5865ed-ff1e-4ed4-a0de-a7a2d0337260" testId="c862a7b4-c25d-4d0d-812f-e62ad0b18732" testName="FormatToStringTest1000 (73151.83675918348,73151.84 zł)" computerName="DESKTOP-5URQ9PB" duration="00:00:00.0000062" startTime="2022-06-13T21:11:17.5637430+02:00" endTime="2022-06-13T21:11:17.5638087+02:00" testType="13cdc9d9-ddb5-4fa4-a97d-d965ccfc6d4b" outcome="Passed" testListId="8c84fa94-04c1-424b-9868-57a2d4851a1d" relativeResultsDirectory="2d5865ed-ff1e-4ed4-a0de-a7a2d0337260" />
    <UnitTestResult executionId="da85cf9f-36db-460e-b3cc-41b8641face3" testId="8dc05113-5e19-4649-aca9-b5c2d69a3f48" testName="FormatToStringTest1000 (9079.930405251649,9079.93 zł)" computerName="DESKTOP-5URQ9PB" duration="00:00:00.0000064" startTime="2022-06-13T21:11:17.3760607+02:00" endTime="2022-06-13T21:11:17.3761287+02:00" testType="13cdc9d9-ddb5-4fa4-a97d-d965ccfc6d4b" outcome="Passed" testListId="8c84fa94-04c1-424b-9868-57a2d4851a1d" relativeResultsDirectory="da85cf9f-36db-460e-b3cc-41b8641face3" />
    <UnitTestResult executionId="5308745c-5772-4b96-92e2-2200f1737937" testId="ab6f466d-8dc0-4544-852e-6b866eabf670" testName="FormatToStringTest1000 (28583.827618148098,28583.83 zł)" computerName="DESKTOP-5URQ9PB" duration="00:00:00.0000061" startTime="2022-06-13T21:11:17.2829470+02:00" endTime="2022-06-13T21:11:17.2830127+02:00" testType="13cdc9d9-ddb5-4fa4-a97d-d965ccfc6d4b" outcome="Passed" testListId="8c84fa94-04c1-424b-9868-57a2d4851a1d" relativeResultsDirectory="5308745c-5772-4b96-92e2-2200f1737937" />
    <UnitTestResult executionId="56c16b11-674e-493a-ab72-0b347d233b25" testId="99964ba0-2605-404f-a3a5-ab40b7ccc278" testName="FormatToStringTest1000 (4898.699005344277,4898.70 zł)" computerName="DESKTOP-5URQ9PB" duration="00:00:00.0000062" startTime="2022-06-13T21:11:17.3441808+02:00" endTime="2022-06-13T21:11:17.3442476+02:00" testType="13cdc9d9-ddb5-4fa4-a97d-d965ccfc6d4b" outcome="Passed" testListId="8c84fa94-04c1-424b-9868-57a2d4851a1d" relativeResultsDirectory="56c16b11-674e-493a-ab72-0b347d233b25" />
    <UnitTestResult executionId="f2c0f4b6-efe0-43a7-bc16-347d203019ad" testId="ed851cc1-d968-4c31-aaed-8f93057cf019" testName="FormatToStringTest1000 (1187.8237780126854,1187.82 zł)" computerName="DESKTOP-5URQ9PB" duration="00:00:00.0000084" startTime="2022-06-13T21:11:17.5293564+02:00" endTime="2022-06-13T21:11:17.5294432+02:00" testType="13cdc9d9-ddb5-4fa4-a97d-d965ccfc6d4b" outcome="Passed" testListId="8c84fa94-04c1-424b-9868-57a2d4851a1d" relativeResultsDirectory="f2c0f4b6-efe0-43a7-bc16-347d203019ad" />
    <UnitTestResult executionId="3cc886a5-000b-4fa3-97df-b062e65c7670" testId="8cef33b0-384d-43e7-84f4-ecbef17fbd1e" testName="FormatToStringTest1000 (68174.53068551492,68174.53 zł)" computerName="DESKTOP-5URQ9PB" duration="00:00:00.0000060" startTime="2022-06-13T21:11:17.5433250+02:00" endTime="2022-06-13T21:11:17.5433877+02:00" testType="13cdc9d9-ddb5-4fa4-a97d-d965ccfc6d4b" outcome="Passed" testListId="8c84fa94-04c1-424b-9868-57a2d4851a1d" relativeResultsDirectory="3cc886a5-000b-4fa3-97df-b062e65c7670" />
    <UnitTestResult executionId="1c7bcd8f-9d90-4fed-93bc-81988eb6fc5f" testId="13e43a5b-e976-4c4c-a013-b853607254dd" testName="FormatToStringTest1000 (78796.90433980194,78796.90 zł)" computerName="DESKTOP-5URQ9PB" duration="00:00:00.0000062" startTime="2022-06-13T21:11:17.2975810+02:00" endTime="2022-06-13T21:11:17.2976475+02:00" testType="13cdc9d9-ddb5-4fa4-a97d-d965ccfc6d4b" outcome="Passed" testListId="8c84fa94-04c1-424b-9868-57a2d4851a1d" relativeResultsDirectory="1c7bcd8f-9d90-4fed-93bc-81988eb6fc5f" />
    <UnitTestResult executionId="2274bf4a-70a4-416b-84d3-303a5b74945f" testId="4b4d79b6-2325-4bec-8697-748290746fcc" testName="FormatToStringTest1000 (19609.759296997803,19609.76 zł)" computerName="DESKTOP-5URQ9PB" duration="00:00:00.0000063" startTime="2022-06-13T21:11:17.3853783+02:00" endTime="2022-06-13T21:11:17.3854452+02:00" testType="13cdc9d9-ddb5-4fa4-a97d-d965ccfc6d4b" outcome="Passed" testListId="8c84fa94-04c1-424b-9868-57a2d4851a1d" relativeResultsDirectory="2274bf4a-70a4-416b-84d3-303a5b74945f" />
    <UnitTestResult executionId="bae1c789-46b4-4c13-a617-6ab077884638" testId="5e34be34-4e4c-4440-8f3c-2fa615e086cb" testName="FormatToStringTest1000 (22592.465903659566,22592.47 zł)" computerName="DESKTOP-5URQ9PB" duration="00:00:00.0000061" startTime="2022-06-13T21:11:17.2944728+02:00" endTime="2022-06-13T21:11:17.2945388+02:00" testType="13cdc9d9-ddb5-4fa4-a97d-d965ccfc6d4b" outcome="Passed" testListId="8c84fa94-04c1-424b-9868-57a2d4851a1d" relativeResultsDirectory="bae1c789-46b4-4c13-a617-6ab077884638" />
    <UnitTestResult executionId="7a28ed0f-42b1-44fe-bb54-2336e8809ab7" testId="1f25270e-a0ac-4cb4-a82e-db45366e2021" testName="FormatToStringTest1000 (12379.347974640013,12379.35 zł)" computerName="DESKTOP-5URQ9PB" duration="00:00:00.0000089" startTime="2022-06-13T21:11:17.5718956+02:00" endTime="2022-06-13T21:11:17.5719866+02:00" testType="13cdc9d9-ddb5-4fa4-a97d-d965ccfc6d4b" outcome="Passed" testListId="8c84fa94-04c1-424b-9868-57a2d4851a1d" relativeResultsDirectory="7a28ed0f-42b1-44fe-bb54-2336e8809ab7" />
    <UnitTestResult executionId="aeb44eaf-1950-4811-ab10-3517eef6abe2" testId="909b225b-6c9d-4fc0-baad-47065289cfbc" testName="FormatToStringTest1000 (16416.109736457518,16416.11 zł)" computerName="DESKTOP-5URQ9PB" duration="00:00:00.0000063" startTime="2022-06-13T21:11:17.4451100+02:00" endTime="2022-06-13T21:11:17.4451774+02:00" testType="13cdc9d9-ddb5-4fa4-a97d-d965ccfc6d4b" outcome="Passed" testListId="8c84fa94-04c1-424b-9868-57a2d4851a1d" relativeResultsDirectory="aeb44eaf-1950-4811-ab10-3517eef6abe2" />
    <UnitTestResult executionId="106623b2-9cd2-48e3-8fc7-632a38ea79a0" testId="8f336036-c225-4a6b-b666-c9d5b0e6962f" testName="FormatToStringTest1000 (5855.75080885354,5855.75 zł)" computerName="DESKTOP-5URQ9PB" duration="00:00:00.0000062" startTime="2022-06-13T21:11:17.4993921+02:00" endTime="2022-06-13T21:11:17.4994546+02:00" testType="13cdc9d9-ddb5-4fa4-a97d-d965ccfc6d4b" outcome="Passed" testListId="8c84fa94-04c1-424b-9868-57a2d4851a1d" relativeResultsDirectory="106623b2-9cd2-48e3-8fc7-632a38ea79a0" />
    <UnitTestResult executionId="04e70984-968a-4792-9988-f1e076d9ce56" testId="39016afb-13cb-4800-8541-37077589c7a0" testName="FormatToStringTest1000 (4525.609305084501,4525.61 zł)" computerName="DESKTOP-5URQ9PB" duration="00:00:00.0000062" startTime="2022-06-13T21:11:17.4753273+02:00" endTime="2022-06-13T21:11:17.4753911+02:00" testType="13cdc9d9-ddb5-4fa4-a97d-d965ccfc6d4b" outcome="Passed" testListId="8c84fa94-04c1-424b-9868-57a2d4851a1d" relativeResultsDirectory="04e70984-968a-4792-9988-f1e076d9ce56" />
    <UnitTestResult executionId="7955a15a-f88d-412b-83c3-51981d990bbe" testId="5f2b0ade-9b84-4ea1-8320-700fd8057bd7" testName="FormatToStringTest1000 (12429.698213906819,12429.70 zł)" computerName="DESKTOP-5URQ9PB" duration="00:00:00.0000062" startTime="2022-06-13T21:11:17.3791469+02:00" endTime="2022-06-13T21:11:17.3792141+02:00" testType="13cdc9d9-ddb5-4fa4-a97d-d965ccfc6d4b" outcome="Passed" testListId="8c84fa94-04c1-424b-9868-57a2d4851a1d" relativeResultsDirectory="7955a15a-f88d-412b-83c3-51981d990bbe" />
    <UnitTestResult executionId="211956a4-8620-4194-ab9d-61a1702d09f3" testId="2077c17b-b353-4c7b-b227-a1758f61b1e8" testName="FormatToStringTest1000 (52810.91713865516,52810.92 zł)" computerName="DESKTOP-5URQ9PB" duration="00:00:00.0000062" startTime="2022-06-13T21:11:17.1869983+02:00" endTime="2022-06-13T21:11:17.1870647+02:00" testType="13cdc9d9-ddb5-4fa4-a97d-d965ccfc6d4b" outcome="Passed" testListId="8c84fa94-04c1-424b-9868-57a2d4851a1d" relativeResultsDirectory="211956a4-8620-4194-ab9d-61a1702d09f3" />
    <UnitTestResult executionId="0d60124e-8d97-4b04-9681-d4e7794a1942" testId="9a85e568-3f52-4699-b0b3-93ad65fd3581" testName="FormatToStringTest1000 (20321.03715103913,20321.04 zł)" computerName="DESKTOP-5URQ9PB" duration="00:00:00.0000062" startTime="2022-06-13T21:11:17.3657207+02:00" endTime="2022-06-13T21:11:17.3657937+02:00" testType="13cdc9d9-ddb5-4fa4-a97d-d965ccfc6d4b" outcome="Passed" testListId="8c84fa94-04c1-424b-9868-57a2d4851a1d" relativeResultsDirectory="0d60124e-8d97-4b04-9681-d4e7794a1942" />
    <UnitTestResult executionId="a2afa408-b24d-4aa6-8f14-65d36f58db0d" testId="3ee40b89-f8e2-4959-a157-356cdadd66d3" testName="FormatToStringTest1000 (29508.077101491428,29508.08 zł)" computerName="DESKTOP-5URQ9PB" duration="00:00:00.0000063" startTime="2022-06-13T21:11:17.2727777+02:00" endTime="2022-06-13T21:11:17.2728463+02:00" testType="13cdc9d9-ddb5-4fa4-a97d-d965ccfc6d4b" outcome="Passed" testListId="8c84fa94-04c1-424b-9868-57a2d4851a1d" relativeResultsDirectory="a2afa408-b24d-4aa6-8f14-65d36f58db0d" />
    <UnitTestResult executionId="17f4c8c9-2517-4f2d-b25c-1c295e1fcf77" testId="e4f406e2-c7bd-46ad-9216-441517af3677" testName="FormatToStringTest1000 (5591.2222540617095,5591.22 zł)" computerName="DESKTOP-5URQ9PB" duration="00:00:00.0000260" startTime="2022-06-13T21:11:17.4358794+02:00" endTime="2022-06-13T21:11:17.4360557+02:00" testType="13cdc9d9-ddb5-4fa4-a97d-d965ccfc6d4b" outcome="Passed" testListId="8c84fa94-04c1-424b-9868-57a2d4851a1d" relativeResultsDirectory="17f4c8c9-2517-4f2d-b25c-1c295e1fcf77" />
    <UnitTestResult executionId="a8f88979-2a37-4bfa-becd-eb338ca8b88e" testId="6934de93-7ead-44b0-b492-7d9e0d9bf46c" testName="FormatToStringTest1000 (7621.507806692509,7621.51 zł)" computerName="DESKTOP-5URQ9PB" duration="00:00:00.0000062" startTime="2022-06-13T21:11:17.3884185+02:00" endTime="2022-06-13T21:11:17.3884849+02:00" testType="13cdc9d9-ddb5-4fa4-a97d-d965ccfc6d4b" outcome="Passed" testListId="8c84fa94-04c1-424b-9868-57a2d4851a1d" relativeResultsDirectory="a8f88979-2a37-4bfa-becd-eb338ca8b88e" />
    <UnitTestResult executionId="30ed0be5-0401-4eb1-99e3-82b232d7b455" testId="d1929255-461e-42e7-b33f-73b2a4c9016f" testName="FormatToStringTest1000 (9816.961298880615,9816.96 zł)" computerName="DESKTOP-5URQ9PB" duration="00:00:00.0000063" startTime="2022-06-13T21:11:17.2318045+02:00" endTime="2022-06-13T21:11:17.2318732+02:00" testType="13cdc9d9-ddb5-4fa4-a97d-d965ccfc6d4b" outcome="Passed" testListId="8c84fa94-04c1-424b-9868-57a2d4851a1d" relativeResultsDirectory="30ed0be5-0401-4eb1-99e3-82b232d7b455" />
    <UnitTestResult executionId="ceffb7fe-cf03-4169-8f68-94ea1580154d" testId="68548e73-0a3d-4135-b40c-1e707836f62e" testName="FormatToStringTest1000 (11584.045280779732,11584.05 zł)" computerName="DESKTOP-5URQ9PB" duration="00:00:00.0000062" startTime="2022-06-13T21:11:17.5230383+02:00" endTime="2022-06-13T21:11:17.5231018+02:00" testType="13cdc9d9-ddb5-4fa4-a97d-d965ccfc6d4b" outcome="Passed" testListId="8c84fa94-04c1-424b-9868-57a2d4851a1d" relativeResultsDirectory="ceffb7fe-cf03-4169-8f68-94ea1580154d" />
    <UnitTestResult executionId="b43863a0-cc9e-43d0-8dd6-1a4c66baa3e7" testId="ca07c3cd-1ce7-427b-882e-d6b17b6741cd" testName="FormatToStringTest1000 (38076.55319665165,38076.55 zł)" computerName="DESKTOP-5URQ9PB" duration="00:00:00.0000062" startTime="2022-06-13T21:11:17.2730354+02:00" endTime="2022-06-13T21:11:17.2731019+02:00" testType="13cdc9d9-ddb5-4fa4-a97d-d965ccfc6d4b" outcome="Passed" testListId="8c84fa94-04c1-424b-9868-57a2d4851a1d" relativeResultsDirectory="b43863a0-cc9e-43d0-8dd6-1a4c66baa3e7" />
    <UnitTestResult executionId="6cf60c50-b955-47ab-a3f4-9106b710a47a" testId="aa10da8a-2df0-43f0-9123-466486bcfe74" testName="FormatToStringTest1000 (25376.6225052097,25376.62 zł)" computerName="DESKTOP-5URQ9PB" duration="00:00:00.0000295" startTime="2022-06-13T21:11:17.4356396+02:00" endTime="2022-06-13T21:11:17.4358316+02:00" testType="13cdc9d9-ddb5-4fa4-a97d-d965ccfc6d4b" outcome="Passed" testListId="8c84fa94-04c1-424b-9868-57a2d4851a1d" relativeResultsDirectory="6cf60c50-b955-47ab-a3f4-9106b710a47a" />
    <UnitTestResult executionId="56d61c73-247a-4879-a6c6-20a409078a86" testId="84002070-7121-482b-a968-d62b41e62131" testName="FormatToStringTest1000 (79388.929555234,79388.93 zł)" computerName="DESKTOP-5URQ9PB" duration="00:00:00.0000064" startTime="2022-06-13T21:11:17.5326825+02:00" endTime="2022-06-13T21:11:17.5327497+02:00" testType="13cdc9d9-ddb5-4fa4-a97d-d965ccfc6d4b" outcome="Passed" testListId="8c84fa94-04c1-424b-9868-57a2d4851a1d" relativeResultsDirectory="56d61c73-247a-4879-a6c6-20a409078a86" />
    <UnitTestResult executionId="e1ec88ba-6b96-4f4c-a5fd-be8326d0d210" testId="1ee72ba4-8a7b-4b34-a2e8-6689354bf2ef" testName="FormatToStringTest1000 (63946.51014057478,63946.51 zł)" computerName="DESKTOP-5URQ9PB" duration="00:00:00.0000061" startTime="2022-06-13T21:11:17.4652921+02:00" endTime="2022-06-13T21:11:17.4653562+02:00" testType="13cdc9d9-ddb5-4fa4-a97d-d965ccfc6d4b" outcome="Passed" testListId="8c84fa94-04c1-424b-9868-57a2d4851a1d" relativeResultsDirectory="e1ec88ba-6b96-4f4c-a5fd-be8326d0d210" />
    <UnitTestResult executionId="c2250c54-3d2a-4181-8504-6681bf773eb9" testId="2bf924a9-38dc-4604-b7bf-032d60b3b780" testName="FormatToStringTest1000 (28861.97337596769,28861.97 zł)" computerName="DESKTOP-5URQ9PB" duration="00:00:00.0000064" startTime="2022-06-13T21:11:17.3687855+02:00" endTime="2022-06-13T21:11:17.3688681+02:00" testType="13cdc9d9-ddb5-4fa4-a97d-d965ccfc6d4b" outcome="Passed" testListId="8c84fa94-04c1-424b-9868-57a2d4851a1d" relativeResultsDirectory="c2250c54-3d2a-4181-8504-6681bf773eb9" />
    <UnitTestResult executionId="309687d2-9b26-4991-89c7-8f1403e57979" testId="fdeca50f-8d12-467e-a2f4-83d12e8e6a00" testName="FormatToStringTest1000 (4669.392596858271,4669.39 zł)" computerName="DESKTOP-5URQ9PB" duration="00:00:00.0000062" startTime="2022-06-13T21:11:17.3201599+02:00" endTime="2022-06-13T21:11:17.3202269+02:00" testType="13cdc9d9-ddb5-4fa4-a97d-d965ccfc6d4b" outcome="Passed" testListId="8c84fa94-04c1-424b-9868-57a2d4851a1d" relativeResultsDirectory="309687d2-9b26-4991-89c7-8f1403e57979" />
    <UnitTestResult executionId="a3716226-3128-4fff-bdda-ea4c8a8918d3" testId="36bf23ff-3ef5-4edb-b098-5067ee19199f" testName="FormatToStringTest1000 (19541.10539777116,19541.11 zł)" computerName="DESKTOP-5URQ9PB" duration="00:00:00.0000063" startTime="2022-06-13T21:11:17.2448071+02:00" endTime="2022-06-13T21:11:17.2448774+02:00" testType="13cdc9d9-ddb5-4fa4-a97d-d965ccfc6d4b" outcome="Passed" testListId="8c84fa94-04c1-424b-9868-57a2d4851a1d" relativeResultsDirectory="a3716226-3128-4fff-bdda-ea4c8a8918d3" />
    <UnitTestResult executionId="e6712a2c-0f2c-447f-99c1-93d90856e80d" testId="29ee1886-d50e-42d8-a439-e212ba416df0" testName="FormatToStringTest1000 (4411.456718280659,4411.46 zł)" computerName="DESKTOP-5URQ9PB" duration="00:00:00.0000061" startTime="2022-06-13T21:11:17.4627871+02:00" endTime="2022-06-13T21:11:17.4628512+02:00" testType="13cdc9d9-ddb5-4fa4-a97d-d965ccfc6d4b" outcome="Passed" testListId="8c84fa94-04c1-424b-9868-57a2d4851a1d" relativeResultsDirectory="e6712a2c-0f2c-447f-99c1-93d90856e80d" />
    <UnitTestResult executionId="5bbcad09-70fa-4fbd-b846-585a09a86746" testId="c97d875f-911f-42e5-acb7-f18a689ea20a" testName="FormatToStringTest1000 (43858.624379632354,43858.62 zł)" computerName="DESKTOP-5URQ9PB" duration="00:00:00.0000061" startTime="2022-06-13T21:11:17.5129178+02:00" endTime="2022-06-13T21:11:17.5129815+02:00" testType="13cdc9d9-ddb5-4fa4-a97d-d965ccfc6d4b" outcome="Passed" testListId="8c84fa94-04c1-424b-9868-57a2d4851a1d" relativeResultsDirectory="5bbcad09-70fa-4fbd-b846-585a09a86746" />
    <UnitTestResult executionId="99d08e45-6825-4007-a430-fc078436d914" testId="707501a3-bf8a-44d4-8c19-00647fbcc876" testName="FormatToStringTest1000 (41008.28505327194,41008.29 zł)" computerName="DESKTOP-5URQ9PB" duration="00:00:00.0000061" startTime="2022-06-13T21:11:17.5128370+02:00" endTime="2022-06-13T21:11:17.5129000+02:00" testType="13cdc9d9-ddb5-4fa4-a97d-d965ccfc6d4b" outcome="Passed" testListId="8c84fa94-04c1-424b-9868-57a2d4851a1d" relativeResultsDirectory="99d08e45-6825-4007-a430-fc078436d914" />
    <UnitTestResult executionId="1ca7fa5b-4ed5-4b4b-b638-a599204f8d46" testId="02be809e-2b5d-4e3a-abaa-35b9cfb1d783" testName="FormatToStringTest1000 (39146.635743126564,39146.64 zł)" computerName="DESKTOP-5URQ9PB" duration="00:00:00.0000101" startTime="2022-06-13T21:11:17.2853404+02:00" endTime="2022-06-13T21:11:17.2854380+02:00" testType="13cdc9d9-ddb5-4fa4-a97d-d965ccfc6d4b" outcome="Passed" testListId="8c84fa94-04c1-424b-9868-57a2d4851a1d" relativeResultsDirectory="1ca7fa5b-4ed5-4b4b-b638-a599204f8d46" />
    <UnitTestResult executionId="745fc81f-5c62-4156-a1e1-1609e1720a81" testId="f07c6ffd-561b-4112-bded-21341d3627e1" testName="FormatToStringTest1000 (8802.811382028653,8802.81 zł)" computerName="DESKTOP-5URQ9PB" duration="00:00:00.0000061" startTime="2022-06-13T21:11:17.3170653+02:00" endTime="2022-06-13T21:11:17.3171317+02:00" testType="13cdc9d9-ddb5-4fa4-a97d-d965ccfc6d4b" outcome="Passed" testListId="8c84fa94-04c1-424b-9868-57a2d4851a1d" relativeResultsDirectory="745fc81f-5c62-4156-a1e1-1609e1720a81" />
    <UnitTestResult executionId="399b7643-6447-4923-8d6c-96e4cc302c3b" testId="ba9c0a6e-f699-432b-a4ba-7d11076d9945" testName="FormatToStringTest1000 (15520.346099893259,15520.35 zł)" computerName="DESKTOP-5URQ9PB" duration="00:00:00.0000062" startTime="2022-06-13T21:11:17.4778938+02:00" endTime="2022-06-13T21:11:17.4779572+02:00" testType="13cdc9d9-ddb5-4fa4-a97d-d965ccfc6d4b" outcome="Passed" testListId="8c84fa94-04c1-424b-9868-57a2d4851a1d" relativeResultsDirectory="399b7643-6447-4923-8d6c-96e4cc302c3b" />
    <UnitTestResult executionId="7ed3331d-833f-4c4a-bd10-bc4d7d3ff5ad" testId="00868f1e-df71-4de4-b127-c16be1b45ee3" testName="FormatToStringTest1000 (30385.72086375613,30385.72 zł)" computerName="DESKTOP-5URQ9PB" duration="00:00:00.0000063" startTime="2022-06-13T21:11:17.5463363+02:00" endTime="2022-06-13T21:11:17.5464001+02:00" testType="13cdc9d9-ddb5-4fa4-a97d-d965ccfc6d4b" outcome="Passed" testListId="8c84fa94-04c1-424b-9868-57a2d4851a1d" relativeResultsDirectory="7ed3331d-833f-4c4a-bd10-bc4d7d3ff5ad" />
    <UnitTestResult executionId="ace82180-6282-4616-b290-450835317240" testId="d14a084a-904a-43ce-99fc-19146103ab9f" testName="FormatToStringTest1000 (54678.59301593089,54678.59 zł)" computerName="DESKTOP-5URQ9PB" duration="00:00:00.0000061" startTime="2022-06-13T21:11:17.5075489+02:00" endTime="2022-06-13T21:11:17.5076128+02:00" testType="13cdc9d9-ddb5-4fa4-a97d-d965ccfc6d4b" outcome="Passed" testListId="8c84fa94-04c1-424b-9868-57a2d4851a1d" relativeResultsDirectory="ace82180-6282-4616-b290-450835317240" />
    <UnitTestResult executionId="d86e643a-6261-4da0-aed8-a9304deb3cf7" testId="453abae6-7add-42d9-9ddf-8198c48d8b1b" testName="FormatToStringTest1000 (15313.083673952653,15313.08 zł)" computerName="DESKTOP-5URQ9PB" duration="00:00:00.0000069" startTime="2022-06-13T21:11:17.3653693+02:00" endTime="2022-06-13T21:11:17.3654467+02:00" testType="13cdc9d9-ddb5-4fa4-a97d-d965ccfc6d4b" outcome="Passed" testListId="8c84fa94-04c1-424b-9868-57a2d4851a1d" relativeResultsDirectory="d86e643a-6261-4da0-aed8-a9304deb3cf7" />
    <UnitTestResult executionId="4523cce2-98b3-482e-b501-764197934e3f" testId="bbbcdef1-b96e-40ff-841f-4c98e773d469" testName="FormatToStringTest1000 (38845.74924104323,38845.75 zł)" computerName="DESKTOP-5URQ9PB" duration="00:00:00.0000062" startTime="2022-06-13T21:11:17.5487151+02:00" endTime="2022-06-13T21:11:17.5487850+02:00" testType="13cdc9d9-ddb5-4fa4-a97d-d965ccfc6d4b" outcome="Passed" testListId="8c84fa94-04c1-424b-9868-57a2d4851a1d" relativeResultsDirectory="4523cce2-98b3-482e-b501-764197934e3f" />
    <UnitTestResult executionId="5e253faf-82c5-417a-9679-a75a2ac4f487" testId="364acee9-0713-4db5-96f1-853383e535de" testName="FormatToStringTest1000 (18627.604896394354,18627.60 zł)" computerName="DESKTOP-5URQ9PB" duration="00:00:00.0000062" startTime="2022-06-13T21:11:17.4656178+02:00" endTime="2022-06-13T21:11:17.4656816+02:00" testType="13cdc9d9-ddb5-4fa4-a97d-d965ccfc6d4b" outcome="Passed" testListId="8c84fa94-04c1-424b-9868-57a2d4851a1d" relativeResultsDirectory="5e253faf-82c5-417a-9679-a75a2ac4f487" />
    <UnitTestResult executionId="47cfe6cd-9063-4ecf-8a3b-c49018c93140" testId="3e83e82b-a7ad-4d67-b543-444293e34b46" testName="FormatToStringTest1000 (480.2082316857801,480.21 zł)" computerName="DESKTOP-5URQ9PB" duration="00:00:00.0000072" startTime="2022-06-13T21:11:17.2729504+02:00" endTime="2022-06-13T21:11:17.2730175+02:00" testType="13cdc9d9-ddb5-4fa4-a97d-d965ccfc6d4b" outcome="Passed" testListId="8c84fa94-04c1-424b-9868-57a2d4851a1d" relativeResultsDirectory="47cfe6cd-9063-4ecf-8a3b-c49018c93140" />
    <UnitTestResult executionId="f7bcface-933b-4c1d-a137-7f0d217290c3" testId="64829156-ede0-4d4d-800d-53025328c600" testName="FormatToStringTest1000 (54578.37303904275,54578.37 zł)" computerName="DESKTOP-5URQ9PB" duration="00:00:00.0000063" startTime="2022-06-13T21:11:17.3397022+02:00" endTime="2022-06-13T21:11:17.3397791+02:00" testType="13cdc9d9-ddb5-4fa4-a97d-d965ccfc6d4b" outcome="Passed" testListId="8c84fa94-04c1-424b-9868-57a2d4851a1d" relativeResultsDirectory="f7bcface-933b-4c1d-a137-7f0d217290c3" />
    <UnitTestResult executionId="97127eaa-e996-4ce4-b69f-2d813adcdecc" testId="22f66777-6041-4e0e-beef-32cd5e2e69dc" testName="FormatToStringTest1000 (2423.6182769712145,2423.62 zł)" computerName="DESKTOP-5URQ9PB" duration="00:00:00.0000070" startTime="2022-06-13T21:11:17.4679597+02:00" endTime="2022-06-13T21:11:17.4680419+02:00" testType="13cdc9d9-ddb5-4fa4-a97d-d965ccfc6d4b" outcome="Passed" testListId="8c84fa94-04c1-424b-9868-57a2d4851a1d" relativeResultsDirectory="97127eaa-e996-4ce4-b69f-2d813adcdecc" />
    <UnitTestResult executionId="9ef66d43-8c8b-4427-91e2-efdf58f86712" testId="d7b6592a-bb18-4936-a3af-492fde6b0c29" testName="FormatToStringTest1000 (736.7398243680316,736.74 zł)" computerName="DESKTOP-5URQ9PB" duration="00:00:00.0000062" startTime="2022-06-13T21:11:17.2482085+02:00" endTime="2022-06-13T21:11:17.2482751+02:00" testType="13cdc9d9-ddb5-4fa4-a97d-d965ccfc6d4b" outcome="Passed" testListId="8c84fa94-04c1-424b-9868-57a2d4851a1d" relativeResultsDirectory="9ef66d43-8c8b-4427-91e2-efdf58f86712" />
    <UnitTestResult executionId="c1685ab2-e5a4-4d10-b157-f76ae32f63fa" testId="f1c5f78d-4da9-4eaf-b228-60545ee28172" testName="FormatToStringTest1000 (30383.303633991305,30383.30 zł)" computerName="DESKTOP-5URQ9PB" duration="00:00:00.0000062" startTime="2022-06-13T21:11:17.5608759+02:00" endTime="2022-06-13T21:11:17.5609398+02:00" testType="13cdc9d9-ddb5-4fa4-a97d-d965ccfc6d4b" outcome="Passed" testListId="8c84fa94-04c1-424b-9868-57a2d4851a1d" relativeResultsDirectory="c1685ab2-e5a4-4d10-b157-f76ae32f63fa" />
    <UnitTestResult executionId="c306ef33-b4d5-4d97-bd36-4c280e39cd41" testId="dfb06fa4-3383-4579-9aad-16acde1dacbe" testName="FormatToStringTest1000 (1108.7197928823157,1108.72 zł)" computerName="DESKTOP-5URQ9PB" duration="00:00:00.0000062" startTime="2022-06-13T21:11:17.2450669+02:00" endTime="2022-06-13T21:11:17.2451337+02:00" testType="13cdc9d9-ddb5-4fa4-a97d-d965ccfc6d4b" outcome="Passed" testListId="8c84fa94-04c1-424b-9868-57a2d4851a1d" relativeResultsDirectory="c306ef33-b4d5-4d97-bd36-4c280e39cd41" />
    <UnitTestResult executionId="8682c081-f80d-4836-b5dc-968e5d5af63a" testId="49877ee7-cdbe-41f2-9cdb-fee4c493b404" testName="FormatToStringTest1000 (53192.79032742269,53192.79 zł)" computerName="DESKTOP-5URQ9PB" duration="00:00:00.0000081" startTime="2022-06-13T21:11:17.5896159+02:00" endTime="2022-06-13T21:11:17.5896927+02:00" testType="13cdc9d9-ddb5-4fa4-a97d-d965ccfc6d4b" outcome="Passed" testListId="8c84fa94-04c1-424b-9868-57a2d4851a1d" relativeResultsDirectory="8682c081-f80d-4836-b5dc-968e5d5af63a" />
    <UnitTestResult executionId="928a7500-085a-497a-9bb0-ef98be3e0f08" testId="bf681992-a3ee-4110-b468-7742b719a52d" testName="FormatToStringTest1000 (40889.35187774214,40889.35 zł)" computerName="DESKTOP-5URQ9PB" duration="00:00:00.0000064" startTime="2022-06-13T21:11:17.5267199+02:00" endTime="2022-06-13T21:11:17.5267926+02:00" testType="13cdc9d9-ddb5-4fa4-a97d-d965ccfc6d4b" outcome="Passed" testListId="8c84fa94-04c1-424b-9868-57a2d4851a1d" relativeResultsDirectory="928a7500-085a-497a-9bb0-ef98be3e0f08" />
    <UnitTestResult executionId="ea6adbe6-a637-4a82-9759-935440f389eb" testId="c85c06d2-867b-4bd9-8cf0-f5d51bb6953e" testName="FormatToStringTest1000 (1328.353302088265,1328.35 zł)" computerName="DESKTOP-5URQ9PB" duration="00:00:00.0000064" startTime="2022-06-13T21:11:17.3886705+02:00" endTime="2022-06-13T21:11:17.3887412+02:00" testType="13cdc9d9-ddb5-4fa4-a97d-d965ccfc6d4b" outcome="Passed" testListId="8c84fa94-04c1-424b-9868-57a2d4851a1d" relativeResultsDirectory="ea6adbe6-a637-4a82-9759-935440f389eb" />
    <UnitTestResult executionId="b351e7af-1d7a-418a-9742-67d21d6c4726" testId="cb38544d-33e4-4fc9-a300-ccdc6e441c58" testName="FormatToStringTest1000 (16037.01783290087,16037.02 zł)" computerName="DESKTOP-5URQ9PB" duration="00:00:00.0000062" startTime="2022-06-13T21:11:17.5814774+02:00" endTime="2022-06-13T21:11:17.5815430+02:00" testType="13cdc9d9-ddb5-4fa4-a97d-d965ccfc6d4b" outcome="Passed" testListId="8c84fa94-04c1-424b-9868-57a2d4851a1d" relativeResultsDirectory="b351e7af-1d7a-418a-9742-67d21d6c4726" />
    <UnitTestResult executionId="0a7dde52-e470-44aa-8829-e5eacb6f1796" testId="16146f93-ff4d-4b2e-b551-16b74f40950b" testName="FormatToStringTest1000 (4857.211933034105,4857.21 zł)" computerName="DESKTOP-5URQ9PB" duration="00:00:00.0000063" startTime="2022-06-13T21:11:17.5842217+02:00" endTime="2022-06-13T21:11:17.5842867+02:00" testType="13cdc9d9-ddb5-4fa4-a97d-d965ccfc6d4b" outcome="Passed" testListId="8c84fa94-04c1-424b-9868-57a2d4851a1d" relativeResultsDirectory="0a7dde52-e470-44aa-8829-e5eacb6f1796" />
    <UnitTestResult executionId="c8bb0875-3352-4254-b232-913263dd4125" testId="e32b448e-4dff-40df-879a-5f9ea462a920" testName="FormatToStringTest1000 (62975.496334776515,62975.50 zł)" computerName="DESKTOP-5URQ9PB" duration="00:00:00.0000065" startTime="2022-06-13T21:11:17.2619295+02:00" endTime="2022-06-13T21:11:17.2620127+02:00" testType="13cdc9d9-ddb5-4fa4-a97d-d965ccfc6d4b" outcome="Passed" testListId="8c84fa94-04c1-424b-9868-57a2d4851a1d" relativeResultsDirectory="c8bb0875-3352-4254-b232-913263dd4125" />
    <UnitTestResult executionId="ee0e11df-95bc-4351-b3d2-64d1bcc18a93" testId="a11380ac-0095-4c92-878f-78d552ed3b9a" testName="FormatToStringTest1000 (22330.217605518745,22330.22 zł)" computerName="DESKTOP-5URQ9PB" duration="00:00:00.0000061" startTime="2022-06-13T21:11:17.5818099+02:00" endTime="2022-06-13T21:11:17.5818739+02:00" testType="13cdc9d9-ddb5-4fa4-a97d-d965ccfc6d4b" outcome="Passed" testListId="8c84fa94-04c1-424b-9868-57a2d4851a1d" relativeResultsDirectory="ee0e11df-95bc-4351-b3d2-64d1bcc18a93" />
    <UnitTestResult executionId="d3301ce4-2538-4b6a-bc3b-e0660a23b076" testId="46d02ddf-99fa-4606-a747-408446ff1f27" testName="FormatToStringTest1000 (17953.338243749615,17953.34 zł)" computerName="DESKTOP-5URQ9PB" duration="00:00:00.0000077" startTime="2022-06-13T21:11:17.2582345+02:00" endTime="2022-06-13T21:11:17.2583148+02:00" testType="13cdc9d9-ddb5-4fa4-a97d-d965ccfc6d4b" outcome="Passed" testListId="8c84fa94-04c1-424b-9868-57a2d4851a1d" relativeResultsDirectory="d3301ce4-2538-4b6a-bc3b-e0660a23b076" />
    <UnitTestResult executionId="1ee4da76-5790-4b08-934a-f750bca630e2" testId="2fc42d21-d48d-4466-b3b7-f2a8ba5c8811" testName="FormatToStringTest1000 (11922.837782177532,11922.84 zł)" computerName="DESKTOP-5URQ9PB" duration="00:00:00.0000064" startTime="2022-06-13T21:11:17.3564141+02:00" endTime="2022-06-13T21:11:17.3564804+02:00" testType="13cdc9d9-ddb5-4fa4-a97d-d965ccfc6d4b" outcome="Passed" testListId="8c84fa94-04c1-424b-9868-57a2d4851a1d" relativeResultsDirectory="1ee4da76-5790-4b08-934a-f750bca630e2" />
    <UnitTestResult executionId="a3771551-b5f3-42ea-b77d-b4a88f7f8db3" testId="3c3c2312-e4a8-4417-be7e-96688681cd3e" testName="FormatToStringTest1000 (19519.4298413505,19519.43 zł)" computerName="DESKTOP-5URQ9PB" duration="00:00:00.0000063" startTime="2022-06-13T21:11:17.5464174+02:00" endTime="2022-06-13T21:11:17.5464799+02:00" testType="13cdc9d9-ddb5-4fa4-a97d-d965ccfc6d4b" outcome="Passed" testListId="8c84fa94-04c1-424b-9868-57a2d4851a1d" relativeResultsDirectory="a3771551-b5f3-42ea-b77d-b4a88f7f8db3" />
    <UnitTestResult executionId="2addf648-629c-46e2-84a8-b42efeeb43e7" testId="4a73e209-80d9-4239-a310-a612aecf486e" testName="FormatToStringTest1000 (16383.352881839199,16383.35 zł)" computerName="DESKTOP-5URQ9PB" duration="00:00:00.0000096" startTime="2022-06-13T21:11:17.2543980+02:00" endTime="2022-06-13T21:11:17.2544840+02:00" testType="13cdc9d9-ddb5-4fa4-a97d-d965ccfc6d4b" outcome="Passed" testListId="8c84fa94-04c1-424b-9868-57a2d4851a1d" relativeResultsDirectory="2addf648-629c-46e2-84a8-b42efeeb43e7" />
    <UnitTestResult executionId="7a89e1c6-ccde-412f-bd29-b04a61808afc" testId="b8dc712b-50d0-40bf-8f8d-61d1bb3d663e" testName="FormatToStringTest1000 (33413.381276228174,33413.38 zł)" computerName="DESKTOP-5URQ9PB" duration="00:00:00.0000098" startTime="2022-06-13T21:11:17.3759221+02:00" endTime="2022-06-13T21:11:17.3760357+02:00" testType="13cdc9d9-ddb5-4fa4-a97d-d965ccfc6d4b" outcome="Passed" testListId="8c84fa94-04c1-424b-9868-57a2d4851a1d" relativeResultsDirectory="7a89e1c6-ccde-412f-bd29-b04a61808afc" />
    <UnitTestResult executionId="37815398-d494-4a63-8ea9-070ef1feed66" testId="41e089eb-abb2-4e40-b71d-5276faf42aa2" testName="FormatToStringTest1000 (19392.945535027862,19392.95 zł)" computerName="DESKTOP-5URQ9PB" duration="00:00:00.0000071" startTime="2022-06-13T21:11:17.3531595+02:00" endTime="2022-06-13T21:11:17.3532270+02:00" testType="13cdc9d9-ddb5-4fa4-a97d-d965ccfc6d4b" outcome="Passed" testListId="8c84fa94-04c1-424b-9868-57a2d4851a1d" relativeResultsDirectory="37815398-d494-4a63-8ea9-070ef1feed66" />
    <UnitTestResult executionId="71fc344f-791f-4154-8296-bd6f0620c5d2" testId="a871dca2-94d9-4299-a1f4-7872a886df22" testName="FormatToStringTest1000 (30071.004434484523,30071.00 zł)" computerName="DESKTOP-5URQ9PB" duration="00:00:00.0000063" startTime="2022-06-13T21:11:17.2943888+02:00" endTime="2022-06-13T21:11:17.2944549+02:00" testType="13cdc9d9-ddb5-4fa4-a97d-d965ccfc6d4b" outcome="Passed" testListId="8c84fa94-04c1-424b-9868-57a2d4851a1d" relativeResultsDirectory="71fc344f-791f-4154-8296-bd6f0620c5d2" />
    <UnitTestResult executionId="a89a7301-cc92-4873-9290-f6061af9565b" testId="098d410d-0b45-40ee-a098-177bd8f1dadf" testName="FormatToStringTest1000 (3043.6828298227315,3043.68 zł)" computerName="DESKTOP-5URQ9PB" duration="00:00:00.0000090" startTime="2022-06-13T21:11:17.5923473+02:00" endTime="2022-06-13T21:11:17.5924492+02:00" testType="13cdc9d9-ddb5-4fa4-a97d-d965ccfc6d4b" outcome="Passed" testListId="8c84fa94-04c1-424b-9868-57a2d4851a1d" relativeResultsDirectory="a89a7301-cc92-4873-9290-f6061af9565b" />
    <UnitTestResult executionId="77d55b0a-38fe-4ba0-b0ee-83ed0b26646e" testId="f119c94a-1716-4186-9069-abad38097051" testName="FormatToStringTest1000 (20454.142628653506,20454.14 zł)" computerName="DESKTOP-5URQ9PB" duration="00:00:00.0000062" startTime="2022-06-13T21:11:17.3501326+02:00" endTime="2022-06-13T21:11:17.3501986+02:00" testType="13cdc9d9-ddb5-4fa4-a97d-d965ccfc6d4b" outcome="Passed" testListId="8c84fa94-04c1-424b-9868-57a2d4851a1d" relativeResultsDirectory="77d55b0a-38fe-4ba0-b0ee-83ed0b26646e" />
    <UnitTestResult executionId="ce3ba140-ee82-4ecd-a28d-cec622d1200e" testId="d66d5325-8923-4bfa-94fa-1082d9967b2e" testName="FormatToStringTest1000 (43799.04472166535,43799.04 zł)" computerName="DESKTOP-5URQ9PB" duration="00:00:00.0000062" startTime="2022-06-13T21:11:17.3825390+02:00" endTime="2022-06-13T21:11:17.3826058+02:00" testType="13cdc9d9-ddb5-4fa4-a97d-d965ccfc6d4b" outcome="Passed" testListId="8c84fa94-04c1-424b-9868-57a2d4851a1d" relativeResultsDirectory="ce3ba140-ee82-4ecd-a28d-cec622d1200e" />
    <UnitTestResult executionId="d88ef7ca-a567-4899-b44c-1208fdb2fd36" testId="727886fc-0f2b-422e-b3c0-784b812bbb37" testName="FormatToStringTest1000 (27164.0272410419,27164.03 zł)" computerName="DESKTOP-5URQ9PB" duration="00:00:00.0000070" startTime="2022-06-13T21:11:17.3469562+02:00" endTime="2022-06-13T21:11:17.3470224+02:00" testType="13cdc9d9-ddb5-4fa4-a97d-d965ccfc6d4b" outcome="Passed" testListId="8c84fa94-04c1-424b-9868-57a2d4851a1d" relativeResultsDirectory="d88ef7ca-a567-4899-b44c-1208fdb2fd36" />
    <UnitTestResult executionId="274e126f-1199-4c18-b184-8bcea403342a" testId="504531e5-6d5c-45dc-bea4-1394a5e3e411" testName="FormatToStringTest1000 (24768.25771770359,24768.26 zł)" computerName="DESKTOP-5URQ9PB" duration="00:00:00.0000061" startTime="2022-06-13T21:11:17.3505518+02:00" endTime="2022-06-13T21:11:17.3506179+02:00" testType="13cdc9d9-ddb5-4fa4-a97d-d965ccfc6d4b" outcome="Passed" testListId="8c84fa94-04c1-424b-9868-57a2d4851a1d" relativeResultsDirectory="274e126f-1199-4c18-b184-8bcea403342a" />
    <UnitTestResult executionId="45a4aa87-3609-495b-99c4-b3c5227a2a04" testId="4740a3c6-829e-4c34-8db4-8ab2fb197a19" testName="FormatToStringTest1000 (21221.884746198488,21221.88 zł)" computerName="DESKTOP-5URQ9PB" duration="00:00:00.0000064" startTime="2022-06-13T21:11:17.4802167+02:00" endTime="2022-06-13T21:11:17.4802818+02:00" testType="13cdc9d9-ddb5-4fa4-a97d-d965ccfc6d4b" outcome="Passed" testListId="8c84fa94-04c1-424b-9868-57a2d4851a1d" relativeResultsDirectory="45a4aa87-3609-495b-99c4-b3c5227a2a04" />
    <UnitTestResult executionId="b372f6c1-69ca-4888-ba38-5543c2335c7f" testId="647bb24c-0649-4ed2-8cb1-cafca05a3d9c" testName="FormatToStringTest1000 (52020.805412759444,52020.81 zł)" computerName="DESKTOP-5URQ9PB" duration="00:00:00.0000064" startTime="2022-06-13T21:11:17.2548782+02:00" endTime="2022-06-13T21:11:17.2549542+02:00" testType="13cdc9d9-ddb5-4fa4-a97d-d965ccfc6d4b" outcome="Passed" testListId="8c84fa94-04c1-424b-9868-57a2d4851a1d" relativeResultsDirectory="b372f6c1-69ca-4888-ba38-5543c2335c7f" />
    <UnitTestResult executionId="5bb49491-a0e4-46d0-8938-dc4f81507542" testId="dab0c0b0-a97e-4028-bfd5-c17f7b851d42" testName="FormatToStringTest1000 (19500.031951036784,19500.03 zł)" computerName="DESKTOP-5URQ9PB" duration="00:00:00.0000062" startTime="2022-06-13T21:11:17.2892055+02:00" endTime="2022-06-13T21:11:17.2892715+02:00" testType="13cdc9d9-ddb5-4fa4-a97d-d965ccfc6d4b" outcome="Passed" testListId="8c84fa94-04c1-424b-9868-57a2d4851a1d" relativeResultsDirectory="5bb49491-a0e4-46d0-8938-dc4f81507542" />
    <UnitTestResult executionId="9bd1b60c-a7b8-4a43-a458-ba09ad4f00c2" testId="5e8b0e94-7a0d-42de-b1b9-1a0c32810d65" testName="FormatToStringTest1000 (16902.50568789314,16902.51 zł)" computerName="DESKTOP-5URQ9PB" duration="00:00:00.0000062" startTime="2022-06-13T21:11:17.3949556+02:00" endTime="2022-06-13T21:11:17.3950220+02:00" testType="13cdc9d9-ddb5-4fa4-a97d-d965ccfc6d4b" outcome="Passed" testListId="8c84fa94-04c1-424b-9868-57a2d4851a1d" relativeResultsDirectory="9bd1b60c-a7b8-4a43-a458-ba09ad4f00c2" />
    <UnitTestResult executionId="38f9c0b5-3452-4652-88c1-3d7a9cdfff4b" testId="8b16ce5e-f6fc-4eab-9b39-d32edcb8a20d" testName="FormatToStringTest1000 (13582.47117894258,13582.47 zł)" computerName="DESKTOP-5URQ9PB" duration="00:00:00.0000061" startTime="2022-06-13T21:11:17.2893729+02:00" endTime="2022-06-13T21:11:17.2894393+02:00" testType="13cdc9d9-ddb5-4fa4-a97d-d965ccfc6d4b" outcome="Passed" testListId="8c84fa94-04c1-424b-9868-57a2d4851a1d" relativeResultsDirectory="38f9c0b5-3452-4652-88c1-3d7a9cdfff4b" />
    <UnitTestResult executionId="8373a03b-7030-4405-866f-d54cf2783c21" testId="218141f1-e2df-41ce-b021-c6e79b9d8038" testName="FormatToStringTest1000 (49256.47455728635,49256.47 zł)" computerName="DESKTOP-5URQ9PB" duration="00:00:00.0000062" startTime="2022-06-13T21:11:17.5843046+02:00" endTime="2022-06-13T21:11:17.5843683+02:00" testType="13cdc9d9-ddb5-4fa4-a97d-d965ccfc6d4b" outcome="Passed" testListId="8c84fa94-04c1-424b-9868-57a2d4851a1d" relativeResultsDirectory="8373a03b-7030-4405-866f-d54cf2783c21" />
    <UnitTestResult executionId="db001a73-23f6-459b-a310-3226b8156ea3" testId="54eba116-cff9-47dd-8a83-a1d255e8f876" testName="FormatToStringTest1000 (16190.113943164757,16190.11 zł)" computerName="DESKTOP-5URQ9PB" duration="00:00:00.0000064" startTime="2022-06-13T21:11:17.3914900+02:00" endTime="2022-06-13T21:11:17.3915584+02:00" testType="13cdc9d9-ddb5-4fa4-a97d-d965ccfc6d4b" outcome="Passed" testListId="8c84fa94-04c1-424b-9868-57a2d4851a1d" relativeResultsDirectory="db001a73-23f6-459b-a310-3226b8156ea3" />
    <UnitTestResult executionId="f7f3fc47-6c9c-49e5-ab09-1cf8305580c8" testId="ac5f7218-e3f4-4c72-89d5-c92339787ea4" testName="FormatToStringTest1000 (7119.076353227755,7119.08 zł)" computerName="DESKTOP-5URQ9PB" duration="00:00:00.0000115" startTime="2022-06-13T21:11:17.4595436+02:00" endTime="2022-06-13T21:11:17.4596733+02:00" testType="13cdc9d9-ddb5-4fa4-a97d-d965ccfc6d4b" outcome="Passed" testListId="8c84fa94-04c1-424b-9868-57a2d4851a1d" relativeResultsDirectory="f7f3fc47-6c9c-49e5-ab09-1cf8305580c8" />
    <UnitTestResult executionId="94470b56-c0f0-4d43-9e5b-eda46c41f64f" testId="504ee910-f74f-41e2-807c-a55a22b41473" testName="FormatToStringTest1000 (23120.169499649743,23120.17 zł)" computerName="DESKTOP-5URQ9PB" duration="00:00:00.0000061" startTime="2022-06-13T21:11:17.5434046+02:00" endTime="2022-06-13T21:11:17.5434676+02:00" testType="13cdc9d9-ddb5-4fa4-a97d-d965ccfc6d4b" outcome="Passed" testListId="8c84fa94-04c1-424b-9868-57a2d4851a1d" relativeResultsDirectory="94470b56-c0f0-4d43-9e5b-eda46c41f64f" />
    <UnitTestResult executionId="40fbec51-008a-4a15-869d-c3b6b76f10b6" testId="5da563d1-137a-4766-afb7-cb0eff827513" testName="FormatToStringTest1000 (58848.60825001477,58848.61 zł)" computerName="DESKTOP-5URQ9PB" duration="00:00:00.0000099" startTime="2022-06-13T21:11:17.2577063+02:00" endTime="2022-06-13T21:11:17.2578316+02:00" testType="13cdc9d9-ddb5-4fa4-a97d-d965ccfc6d4b" outcome="Passed" testListId="8c84fa94-04c1-424b-9868-57a2d4851a1d" relativeResultsDirectory="40fbec51-008a-4a15-869d-c3b6b76f10b6" />
    <UnitTestResult executionId="81a9fadd-f9c1-4d34-b34e-bd2c8de88d3e" testId="5429ef82-4be3-4d30-851a-009f4496395c" testName="FormatToStringTest1000 (36651.05802063414,36651.06 zł)" computerName="DESKTOP-5URQ9PB" duration="00:00:00.0000065" startTime="2022-06-13T21:11:17.2690771+02:00" endTime="2022-06-13T21:11:17.2691502+02:00" testType="13cdc9d9-ddb5-4fa4-a97d-d965ccfc6d4b" outcome="Passed" testListId="8c84fa94-04c1-424b-9868-57a2d4851a1d" relativeResultsDirectory="81a9fadd-f9c1-4d34-b34e-bd2c8de88d3e" />
    <UnitTestResult executionId="b02b6f1b-4e5a-4830-abe8-0c4b216a9296" testId="2f7c0588-e024-497d-91fc-c8fe216eec85" testName="FormatToStringTest1000 (17418.31302247863,17418.31 zł)" computerName="DESKTOP-5URQ9PB" duration="00:00:00.0000060" startTime="2022-06-13T21:11:17.3471244+02:00" endTime="2022-06-13T21:11:17.3471905+02:00" testType="13cdc9d9-ddb5-4fa4-a97d-d965ccfc6d4b" outcome="Passed" testListId="8c84fa94-04c1-424b-9868-57a2d4851a1d" relativeResultsDirectory="b02b6f1b-4e5a-4830-abe8-0c4b216a9296" />
    <UnitTestResult executionId="bad07f05-f9be-4f23-81ee-2357a04ee9ad" testId="a4b116f2-b43b-4c63-a037-06e0e3b772a4" testName="FormatToStringTest1000 (61422.228144277455,61422.23 zł)" computerName="DESKTOP-5URQ9PB" duration="00:00:00.0000078" startTime="2022-06-13T21:11:17.4863313+02:00" endTime="2022-06-13T21:11:17.4864011+02:00" testType="13cdc9d9-ddb5-4fa4-a97d-d965ccfc6d4b" outcome="Passed" testListId="8c84fa94-04c1-424b-9868-57a2d4851a1d" relativeResultsDirectory="bad07f05-f9be-4f23-81ee-2357a04ee9ad" />
    <UnitTestResult executionId="2bd89546-5432-426c-aa95-b4499323e3fc" testId="beff1fc5-a62b-4d78-be11-7ddf7af47b8f" testName="FormatToStringTest1000 (16208.076866391615,16208.08 zł)" computerName="DESKTOP-5URQ9PB" duration="00:00:00.0000119" startTime="2022-06-13T21:11:17.5785226+02:00" endTime="2022-06-13T21:11:17.5786749+02:00" testType="13cdc9d9-ddb5-4fa4-a97d-d965ccfc6d4b" outcome="Passed" testListId="8c84fa94-04c1-424b-9868-57a2d4851a1d" relativeResultsDirectory="2bd89546-5432-426c-aa95-b4499323e3fc" />
    <UnitTestResult executionId="7d612df9-a7ac-438b-a604-f3f4b28f15ac" testId="15cbdb10-9929-4e59-a056-a105dd4f53ca" testName="FormatToStringTest1000 (16637.074429372828,16637.07 zł)" computerName="DESKTOP-5URQ9PB" duration="00:00:00.0000063" startTime="2022-06-13T21:11:17.3231951+02:00" endTime="2022-06-13T21:11:17.3232626+02:00" testType="13cdc9d9-ddb5-4fa4-a97d-d965ccfc6d4b" outcome="Passed" testListId="8c84fa94-04c1-424b-9868-57a2d4851a1d" relativeResultsDirectory="7d612df9-a7ac-438b-a604-f3f4b28f15ac" />
    <UnitTestResult executionId="8da6251a-aee8-4ca1-a802-ff48481bb165" testId="e4267de1-e929-4a08-a4ea-abcb56e8a3b2" testName="FormatToStringTest1000 (47672.66266041652,47672.66 zł)" computerName="DESKTOP-5URQ9PB" duration="00:00:00.0000067" startTime="2022-06-13T21:11:17.5791249+02:00" endTime="2022-06-13T21:11:17.5791893+02:00" testType="13cdc9d9-ddb5-4fa4-a97d-d965ccfc6d4b" outcome="Passed" testListId="8c84fa94-04c1-424b-9868-57a2d4851a1d" relativeResultsDirectory="8da6251a-aee8-4ca1-a802-ff48481bb165" />
    <UnitTestResult executionId="23d73f6b-361c-493c-b7f3-00995e7a1b4a" testId="0b46bfc9-28a2-4309-8218-6fd26cdc654d" testName="FormatToStringTest1000 (1963.0091662979728,1963.01 zł)" computerName="DESKTOP-5URQ9PB" duration="00:00:00.0000062" startTime="2022-06-13T21:11:17.5268112+02:00" endTime="2022-06-13T21:11:17.5268754+02:00" testType="13cdc9d9-ddb5-4fa4-a97d-d965ccfc6d4b" outcome="Passed" testListId="8c84fa94-04c1-424b-9868-57a2d4851a1d" relativeResultsDirectory="23d73f6b-361c-493c-b7f3-00995e7a1b4a" />
    <UnitTestResult executionId="13ea1973-f702-40a3-9e0b-97abed93722b" testId="170237f2-50f7-44b6-8b00-20ac503c6675" testName="FormatToStringTest1000 (2963.24443391815,2963.24 zł)" computerName="DESKTOP-5URQ9PB" duration="00:00:00.0000432" startTime="2022-06-13T21:11:17.4329473+02:00" endTime="2022-06-13T21:11:17.4334102+02:00" testType="13cdc9d9-ddb5-4fa4-a97d-d965ccfc6d4b" outcome="Passed" testListId="8c84fa94-04c1-424b-9868-57a2d4851a1d" relativeResultsDirectory="13ea1973-f702-40a3-9e0b-97abed93722b" />
    <UnitTestResult executionId="355ec8c1-f63d-4c46-9451-6ff57419bfab" testId="c2b420d6-6d52-40e8-8ad8-9aca5beabd97" testName="FormatToStringTest1000 (38640.62766693003,38640.63 zł)" computerName="DESKTOP-5URQ9PB" duration="00:00:00.0000064" startTime="2022-06-13T21:11:17.2357437+02:00" endTime="2022-06-13T21:11:17.2358127+02:00" testType="13cdc9d9-ddb5-4fa4-a97d-d965ccfc6d4b" outcome="Passed" testListId="8c84fa94-04c1-424b-9868-57a2d4851a1d" relativeResultsDirectory="355ec8c1-f63d-4c46-9451-6ff57419bfab" />
    <UnitTestResult executionId="d1b20f77-282e-41fc-951a-6e419243a9ef" testId="1b572c2f-faee-4a1a-9a3a-2dfcdf7cf6a2" testName="FormatToStringTest1000 (6173.0243155793405,6173.02 zł)" computerName="DESKTOP-5URQ9PB" duration="00:00:00.0000062" startTime="2022-06-13T21:11:17.4722558+02:00" endTime="2022-06-13T21:11:17.4723199+02:00" testType="13cdc9d9-ddb5-4fa4-a97d-d965ccfc6d4b" outcome="Passed" testListId="8c84fa94-04c1-424b-9868-57a2d4851a1d" relativeResultsDirectory="d1b20f77-282e-41fc-951a-6e419243a9ef" />
    <UnitTestResult executionId="ff63eda3-9090-42f7-bdff-3875dbc2bdc9" testId="36e30151-8ecc-4e21-b5c5-f249dacb7bac" testName="FormatToStringTest1000 (12202.860111308684,12202.86 zł)" computerName="DESKTOP-5URQ9PB" duration="00:00:00.0000063" startTime="2022-06-13T21:11:17.3915769+02:00" endTime="2022-06-13T21:11:17.3916436+02:00" testType="13cdc9d9-ddb5-4fa4-a97d-d965ccfc6d4b" outcome="Passed" testListId="8c84fa94-04c1-424b-9868-57a2d4851a1d" relativeResultsDirectory="ff63eda3-9090-42f7-bdff-3875dbc2bdc9" />
    <UnitTestResult executionId="1a097d00-a571-46e2-be29-abb3342638ef" testId="b9de73bb-2df4-4483-aa39-ff214c01ffa2" testName="FormatToStringTest1000 (7076.829971250534,7076.83 zł)" computerName="DESKTOP-5URQ9PB" duration="00:00:00.0000061" startTime="2022-06-13T21:11:17.5460912+02:00" endTime="2022-06-13T21:11:17.5461552+02:00" testType="13cdc9d9-ddb5-4fa4-a97d-d965ccfc6d4b" outcome="Passed" testListId="8c84fa94-04c1-424b-9868-57a2d4851a1d" relativeResultsDirectory="1a097d00-a571-46e2-be29-abb3342638ef" />
    <UnitTestResult executionId="c951447f-a1e6-43e5-b1f0-2903526d83a6" testId="508b35f4-bcea-4b5f-9032-7af72dff9066" testName="FormatToStringTest1000 (2992.6161168593057,2992.62 zł)" computerName="DESKTOP-5URQ9PB" duration="00:00:00.0000061" startTime="2022-06-13T21:11:17.5324400+02:00" endTime="2022-06-13T21:11:17.5325040+02:00" testType="13cdc9d9-ddb5-4fa4-a97d-d965ccfc6d4b" outcome="Passed" testListId="8c84fa94-04c1-424b-9868-57a2d4851a1d" relativeResultsDirectory="c951447f-a1e6-43e5-b1f0-2903526d83a6" />
    <UnitTestResult executionId="a5627711-6e8c-4092-a8fb-ceedcb9111cf" testId="e06f935e-e77a-4d17-a785-c5f85fa7c09f" testName="FormatToStringTest1000 (11912.404131636213,11912.40 zł)" computerName="DESKTOP-5URQ9PB" duration="00:00:00.0000067" startTime="2022-06-13T21:11:17.2653965+02:00" endTime="2022-06-13T21:11:17.2654789+02:00" testType="13cdc9d9-ddb5-4fa4-a97d-d965ccfc6d4b" outcome="Passed" testListId="8c84fa94-04c1-424b-9868-57a2d4851a1d" relativeResultsDirectory="a5627711-6e8c-4092-a8fb-ceedcb9111cf" />
    <UnitTestResult executionId="36809659-98f9-4abe-a6f8-07fae8bad2fa" testId="52e8fad5-cede-49e8-9610-19ff43c69d84" testName="FormatToStringTest1000 (22791.735381432685,22791.74 zł)" computerName="DESKTOP-5URQ9PB" duration="00:00:00.0000061" startTime="2022-06-13T21:11:17.3232806+02:00" endTime="2022-06-13T21:11:17.3233464+02:00" testType="13cdc9d9-ddb5-4fa4-a97d-d965ccfc6d4b" outcome="Passed" testListId="8c84fa94-04c1-424b-9868-57a2d4851a1d" relativeResultsDirectory="36809659-98f9-4abe-a6f8-07fae8bad2fa" />
    <UnitTestResult executionId="4bc51186-ee2e-4677-96f7-079f26d7747e" testId="f4291adb-c1a1-4e20-af70-fcb982cca6de" testName="FormatToStringTest1000 (65809.35218338219,65809.35 zł)" computerName="DESKTOP-5URQ9PB" duration="00:00:00.0000062" startTime="2022-06-13T21:11:17.5692458+02:00" endTime="2022-06-13T21:11:17.5693102+02:00" testType="13cdc9d9-ddb5-4fa4-a97d-d965ccfc6d4b" outcome="Passed" testListId="8c84fa94-04c1-424b-9868-57a2d4851a1d" relativeResultsDirectory="4bc51186-ee2e-4677-96f7-079f26d7747e" />
    <UnitTestResult executionId="39a389ec-8866-41ce-8d9a-147d6bd461d2" testId="dd154115-2c60-4416-8c91-410c9328bc22" testName="FormatToStringTest1000 (21573.45329517613,21573.45 zł)" computerName="DESKTOP-5URQ9PB" duration="00:00:00.0000060" startTime="2022-06-13T21:11:17.5874876+02:00" endTime="2022-06-13T21:11:17.5875510+02:00" testType="13cdc9d9-ddb5-4fa4-a97d-d965ccfc6d4b" outcome="Passed" testListId="8c84fa94-04c1-424b-9868-57a2d4851a1d" relativeResultsDirectory="39a389ec-8866-41ce-8d9a-147d6bd461d2" />
    <UnitTestResult executionId="b9173834-2638-4545-b64e-a5cf0d74928a" testId="0dfee752-12bd-44e0-9cdf-54094baa0091" testName="FormatToStringTest1000 (16957.4523676757,16957.45 zł)" computerName="DESKTOP-5URQ9PB" duration="00:00:00.0000475" startTime="2022-06-13T21:11:17.4253637+02:00" endTime="2022-06-13T21:11:17.4258150+02:00" testType="13cdc9d9-ddb5-4fa4-a97d-d965ccfc6d4b" outcome="Passed" testListId="8c84fa94-04c1-424b-9868-57a2d4851a1d" relativeResultsDirectory="b9173834-2638-4545-b64e-a5cf0d74928a" />
    <UnitTestResult executionId="cd0c1345-5a30-481a-abf4-0f028425bda7" testId="02f12e2c-078e-4b23-8fda-2d4d9189836b" testName="FormatToStringTest1000 (27794.8671353957,27794.87 zł)" computerName="DESKTOP-5URQ9PB" duration="00:00:00.0000104" startTime="2022-06-13T21:11:17.5015052+02:00" endTime="2022-06-13T21:11:17.5016075+02:00" testType="13cdc9d9-ddb5-4fa4-a97d-d965ccfc6d4b" outcome="Passed" testListId="8c84fa94-04c1-424b-9868-57a2d4851a1d" relativeResultsDirectory="cd0c1345-5a30-481a-abf4-0f028425bda7" />
    <UnitTestResult executionId="afc148a2-b41d-4bd9-aaa3-f8bc3d13bcbf" testId="a637139a-acb9-4df8-ba8a-49f924ece54a" testName="FormatToStringTest1000 (27852.532163303127,27852.53 zł)" computerName="DESKTOP-5URQ9PB" duration="00:00:00.0000108" startTime="2022-06-13T21:11:17.4565270+02:00" endTime="2022-06-13T21:11:17.4566527+02:00" testType="13cdc9d9-ddb5-4fa4-a97d-d965ccfc6d4b" outcome="Passed" testListId="8c84fa94-04c1-424b-9868-57a2d4851a1d" relativeResultsDirectory="afc148a2-b41d-4bd9-aaa3-f8bc3d13bcbf" />
    <UnitTestResult executionId="428a12f9-789d-4eb8-bb59-92f59469f807" testId="2dc915c8-5e22-45df-a353-87c343c97da0" testName="FormatToStringTest1000 (34951.47290410077,34951.47 zł)" computerName="DESKTOP-5URQ9PB" duration="00:00:00.0000068" startTime="2022-06-13T21:11:17.3827973+02:00" endTime="2022-06-13T21:11:17.3828635+02:00" testType="13cdc9d9-ddb5-4fa4-a97d-d965ccfc6d4b" outcome="Passed" testListId="8c84fa94-04c1-424b-9868-57a2d4851a1d" relativeResultsDirectory="428a12f9-789d-4eb8-bb59-92f59469f807" />
    <UnitTestResult executionId="f6ef8079-ae4b-44e4-83ea-8fadce44ace7" testId="dc140509-11a9-45b6-9643-b50d81a195ec" testName="FormatToStringTest1000 (4715.320654313695,4715.32 zł)" computerName="DESKTOP-5URQ9PB" duration="00:00:00.0000062" startTime="2022-06-13T21:11:17.4571887+02:00" endTime="2022-06-13T21:11:17.4572526+02:00" testType="13cdc9d9-ddb5-4fa4-a97d-d965ccfc6d4b" outcome="Passed" testListId="8c84fa94-04c1-424b-9868-57a2d4851a1d" relativeResultsDirectory="f6ef8079-ae4b-44e4-83ea-8fadce44ace7" />
    <UnitTestResult executionId="ed4efa0f-3fb0-4ffb-a890-9e603b6d11b1" testId="e4f86767-14b1-480b-9d45-1d0006ca15f0" testName="FormatToStringTest1000 (485.6735566554933,485.67 zł)" computerName="DESKTOP-5URQ9PB" duration="00:00:00.0000061" startTime="2022-06-13T21:11:17.2972391+02:00" endTime="2022-06-13T21:11:17.2973057+02:00" testType="13cdc9d9-ddb5-4fa4-a97d-d965ccfc6d4b" outcome="Passed" testListId="8c84fa94-04c1-424b-9868-57a2d4851a1d" relativeResultsDirectory="ed4efa0f-3fb0-4ffb-a890-9e603b6d11b1" />
    <UnitTestResult executionId="e8253cb9-67e3-44e2-80d6-b416b7df7c9f" testId="a8de5653-0870-476f-9baf-e8214f4c8998" testName="FormatToStringTest1000 (13092.45389243609,13092.45 zł)" computerName="DESKTOP-5URQ9PB" duration="00:00:00.0000071" startTime="2022-06-13T21:11:17.5524060+02:00" endTime="2022-06-13T21:11:17.5525049+02:00" testType="13cdc9d9-ddb5-4fa4-a97d-d965ccfc6d4b" outcome="Passed" testListId="8c84fa94-04c1-424b-9868-57a2d4851a1d" relativeResultsDirectory="e8253cb9-67e3-44e2-80d6-b416b7df7c9f" />
    <UnitTestResult executionId="dab190d3-d45a-4b00-a8a4-c06243b7085d" testId="ea18c726-46bb-498e-b57c-a6351bd2c578" testName="FormatToStringTest1000 (34136.0993783046,34136.10 zł)" computerName="DESKTOP-5URQ9PB" duration="00:00:00.0000063" startTime="2022-06-13T21:11:17.3141405+02:00" endTime="2022-06-13T21:11:17.3142052+02:00" testType="13cdc9d9-ddb5-4fa4-a97d-d965ccfc6d4b" outcome="Passed" testListId="8c84fa94-04c1-424b-9868-57a2d4851a1d" relativeResultsDirectory="dab190d3-d45a-4b00-a8a4-c06243b7085d" />
    <UnitTestResult executionId="2b1ca21b-42fc-4a97-a2b0-c2e2dbbacd4d" testId="2b87fb27-9045-4931-9d46-56893bacf84d" testName="FormatToStringTest1000 (32732.81915128502,32732.82 zł)" computerName="DESKTOP-5URQ9PB" duration="00:00:00.0000062" startTime="2022-06-13T21:11:17.4147864+02:00" endTime="2022-06-13T21:11:17.4148536+02:00" testType="13cdc9d9-ddb5-4fa4-a97d-d965ccfc6d4b" outcome="Passed" testListId="8c84fa94-04c1-424b-9868-57a2d4851a1d" relativeResultsDirectory="2b1ca21b-42fc-4a97-a2b0-c2e2dbbacd4d" />
    <UnitTestResult executionId="7093b3e3-a687-4130-8f65-fbcec7134842" testId="72bf903d-e416-4248-b8b6-36a447d00a77" testName="FormatToStringTest1000 (33251.41907856028,33251.42 zł)" computerName="DESKTOP-5URQ9PB" duration="00:00:00.0000062" startTime="2022-06-13T21:11:17.2796265+02:00" endTime="2022-06-13T21:11:17.2796939+02:00" testType="13cdc9d9-ddb5-4fa4-a97d-d965ccfc6d4b" outcome="Passed" testListId="8c84fa94-04c1-424b-9868-57a2d4851a1d" relativeResultsDirectory="7093b3e3-a687-4130-8f65-fbcec7134842" />
    <UnitTestResult executionId="dcd8574f-13cd-468c-a3cf-5ef5cc21a1c5" testId="8fc9c9dc-b1ec-4f33-a6d8-48fd0326b016" testName="FormatToStringTest1000 (36211.11038300866,36211.11 zł)" computerName="DESKTOP-5URQ9PB" duration="00:00:00.0000079" startTime="2022-06-13T21:11:17.5163836+02:00" endTime="2022-06-13T21:11:17.5164754+02:00" testType="13cdc9d9-ddb5-4fa4-a97d-d965ccfc6d4b" outcome="Passed" testListId="8c84fa94-04c1-424b-9868-57a2d4851a1d" relativeResultsDirectory="dcd8574f-13cd-468c-a3cf-5ef5cc21a1c5" />
    <UnitTestResult executionId="7a6bbaf6-29bd-488d-9930-1ee5e71cd4ff" testId="21cda486-7507-46f9-8fe5-c8244ea70fa1" testName="FormatToStringTest1000 (51300.77891898145,51300.78 zł)" computerName="DESKTOP-5URQ9PB" duration="00:00:00.0000062" startTime="2022-06-13T21:11:17.4570242+02:00" endTime="2022-06-13T21:11:17.4570887+02:00" testType="13cdc9d9-ddb5-4fa4-a97d-d965ccfc6d4b" outcome="Passed" testListId="8c84fa94-04c1-424b-9868-57a2d4851a1d" relativeResultsDirectory="7a6bbaf6-29bd-488d-9930-1ee5e71cd4ff" />
    <UnitTestResult executionId="c29df726-d711-4d2d-8146-471443eab9e0" testId="86a07f4c-5ad0-41ff-ae43-e8a9d7f1f091" testName="FormatToStringTest1000 (32216.686763396807,32216.69 zł)" computerName="DESKTOP-5URQ9PB" duration="00:00:00.0000067" startTime="2022-06-13T21:11:17.1865513+02:00" endTime="2022-06-13T21:11:17.1866282+02:00" testType="13cdc9d9-ddb5-4fa4-a97d-d965ccfc6d4b" outcome="Passed" testListId="8c84fa94-04c1-424b-9868-57a2d4851a1d" relativeResultsDirectory="c29df726-d711-4d2d-8146-471443eab9e0" />
    <UnitTestResult executionId="a6fbd974-5b20-4c73-83eb-66963fc8c73d" testId="32636f8e-92f8-4269-8785-a40419b46d33" testName="FormatToStringTest1000 (15396.537902579894,15396.54 zł)" computerName="DESKTOP-5URQ9PB" duration="00:00:00.0000078" startTime="2022-06-13T21:11:17.4834476+02:00" endTime="2022-06-13T21:11:17.4835512+02:00" testType="13cdc9d9-ddb5-4fa4-a97d-d965ccfc6d4b" outcome="Passed" testListId="8c84fa94-04c1-424b-9868-57a2d4851a1d" relativeResultsDirectory="a6fbd974-5b20-4c73-83eb-66963fc8c73d" />
    <UnitTestResult executionId="7452b40c-3cb9-42d9-8c46-b5c976a05995" testId="1bdd2f41-5159-4cb1-a3cd-03f65427ab3f" testName="FormatToStringTest1000 (545.7016866634142,545.70 zł)" computerName="DESKTOP-5URQ9PB" duration="00:00:00.0000260" startTime="2022-06-13T21:11:17.4390918+02:00" endTime="2022-06-13T21:11:17.4392734+02:00" testType="13cdc9d9-ddb5-4fa4-a97d-d965ccfc6d4b" outcome="Passed" testListId="8c84fa94-04c1-424b-9868-57a2d4851a1d" relativeResultsDirectory="7452b40c-3cb9-42d9-8c46-b5c976a05995" />
    <UnitTestResult executionId="4addab4b-f88d-41ee-9864-b59838214c5b" testId="1c0881e1-420b-44af-9061-640e2bbe70f9" testName="FormatToStringTest1000 (5749.124990274722,5749.12 zł)" computerName="DESKTOP-5URQ9PB" duration="00:00:00.0000061" startTime="2022-06-13T21:11:17.5272980+02:00" endTime="2022-06-13T21:11:17.5273610+02:00" testType="13cdc9d9-ddb5-4fa4-a97d-d965ccfc6d4b" outcome="Passed" testListId="8c84fa94-04c1-424b-9868-57a2d4851a1d" relativeResultsDirectory="4addab4b-f88d-41ee-9864-b59838214c5b" />
    <UnitTestResult executionId="55ba5cc3-8c02-4579-a945-9d6153f88874" testId="3c7e31c8-6589-46b7-8a69-8faab23dad2e" testName="FormatToStringTest1000 (317.9090540706688,317.91 zł)" computerName="DESKTOP-5URQ9PB" duration="00:00:00.0000117" startTime="2022-06-13T21:11:17.2611955+02:00" endTime="2022-06-13T21:11:17.2613626+02:00" testType="13cdc9d9-ddb5-4fa4-a97d-d965ccfc6d4b" outcome="Passed" testListId="8c84fa94-04c1-424b-9868-57a2d4851a1d" relativeResultsDirectory="55ba5cc3-8c02-4579-a945-9d6153f88874" />
    <UnitTestResult executionId="91829fc3-1bad-400c-8601-c3f5378416d8" testId="fceb9bc7-a7ab-4e69-a9df-b2a14c1135ff" testName="FormatToStringTest1000 (20640.678251201603,20640.68 zł)" computerName="DESKTOP-5URQ9PB" duration="00:00:00.0000061" startTime="2022-06-13T21:11:17.4176548+02:00" endTime="2022-06-13T21:11:17.4177211+02:00" testType="13cdc9d9-ddb5-4fa4-a97d-d965ccfc6d4b" outcome="Passed" testListId="8c84fa94-04c1-424b-9868-57a2d4851a1d" relativeResultsDirectory="91829fc3-1bad-400c-8601-c3f5378416d8" />
    <UnitTestResult executionId="6d0bf533-700f-4e52-8c3a-81f5da3e0eab" testId="dce81d1b-1d4f-47b7-bf73-74520a8e0c5d" testName="FormatToStringTest1000 (8242.419043611,8242.42 zł)" computerName="DESKTOP-5URQ9PB" duration="00:00:00.0000066" startTime="2022-06-13T21:11:17.5322706+02:00" endTime="2022-06-13T21:11:17.5323407+02:00" testType="13cdc9d9-ddb5-4fa4-a97d-d965ccfc6d4b" outcome="Passed" testListId="8c84fa94-04c1-424b-9868-57a2d4851a1d" relativeResultsDirectory="6d0bf533-700f-4e52-8c3a-81f5da3e0eab" />
    <UnitTestResult executionId="fbd8b070-1fcb-465e-8af9-5f76655f6bc2" testId="89e0e0ea-7f39-4f1e-bbc2-3ce40bf1c37a" testName="FormatToStringTest1000 (6276.389386365838,6276.39 zł)" computerName="DESKTOP-5URQ9PB" duration="00:00:00.0000062" startTime="2022-06-13T21:11:17.3794828+02:00" endTime="2022-06-13T21:11:17.3795487+02:00" testType="13cdc9d9-ddb5-4fa4-a97d-d965ccfc6d4b" outcome="Passed" testListId="8c84fa94-04c1-424b-9868-57a2d4851a1d" relativeResultsDirectory="fbd8b070-1fcb-465e-8af9-5f76655f6bc2" />
    <UnitTestResult executionId="a7c7bc8e-16bb-402f-924c-cfadefab56f8" testId="76f67e0d-f090-4257-9b53-3474c09fcb7d" testName="FormatToStringTest1000 (23174.85693288448,23174.86 zł)" computerName="DESKTOP-5URQ9PB" duration="00:00:00.0000067" startTime="2022-06-13T21:11:17.3887600+02:00" endTime="2022-06-13T21:11:17.3888398+02:00" testType="13cdc9d9-ddb5-4fa4-a97d-d965ccfc6d4b" outcome="Passed" testListId="8c84fa94-04c1-424b-9868-57a2d4851a1d" relativeResultsDirectory="a7c7bc8e-16bb-402f-924c-cfadefab56f8" />
    <UnitTestResult executionId="a5f96e4e-d2dc-4134-9396-bf336af39f4d" testId="966dc078-8c9f-4821-9dfc-291596d1be71" testName="FormatToStringTest1000 (1676.7913981754293,1676.79 zł)" computerName="DESKTOP-5URQ9PB" duration="00:00:00.0000062" startTime="2022-06-13T21:11:17.4538664+02:00" endTime="2022-06-13T21:11:17.4539311+02:00" testType="13cdc9d9-ddb5-4fa4-a97d-d965ccfc6d4b" outcome="Passed" testListId="8c84fa94-04c1-424b-9868-57a2d4851a1d" relativeResultsDirectory="a5f96e4e-d2dc-4134-9396-bf336af39f4d" />
    <UnitTestResult executionId="bdb2670d-fa2d-4483-b02f-b20d4ce37bd5" testId="8d060be5-d422-43e8-b191-96f191db4a96" testName="FormatToStringTest1000 (7669.3855620214645,7669.39 zł)" computerName="DESKTOP-5URQ9PB" duration="00:00:00.0000076" startTime="2022-06-13T21:11:17.3198844+02:00" endTime="2022-06-13T21:11:17.3199678+02:00" testType="13cdc9d9-ddb5-4fa4-a97d-d965ccfc6d4b" outcome="Passed" testListId="8c84fa94-04c1-424b-9868-57a2d4851a1d" relativeResultsDirectory="bdb2670d-fa2d-4483-b02f-b20d4ce37bd5" />
    <UnitTestResult executionId="cee029ec-8130-41fd-abdb-2310fcc006e2" testId="387a3f61-3611-4900-9be3-78c63dd53188" testName="FormatToStringTest1000 (7813.027778348433,7813.03 zł)" computerName="DESKTOP-5URQ9PB" duration="00:00:00.0000100" startTime="2022-06-13T21:11:17.4861112+02:00" endTime="2022-06-13T21:11:17.4862220+02:00" testType="13cdc9d9-ddb5-4fa4-a97d-d965ccfc6d4b" outcome="Passed" testListId="8c84fa94-04c1-424b-9868-57a2d4851a1d" relativeResultsDirectory="cee029ec-8130-41fd-abdb-2310fcc006e2" />
    <UnitTestResult executionId="fd518bab-1d4f-4241-a547-f994c2e25bf8" testId="c20ba024-bc19-417b-b89c-42553a4ce1cb" testName="FormatToStringTest1000 (904.351189922705,904.35 zł)" computerName="DESKTOP-5URQ9PB" duration="00:00:00.0000063" startTime="2022-06-13T21:11:17.5435657+02:00" endTime="2022-06-13T21:11:17.5436273+02:00" testType="13cdc9d9-ddb5-4fa4-a97d-d965ccfc6d4b" outcome="Passed" testListId="8c84fa94-04c1-424b-9868-57a2d4851a1d" relativeResultsDirectory="fd518bab-1d4f-4241-a547-f994c2e25bf8" />
    <UnitTestResult executionId="4a1d27f6-64fb-457b-a345-32eb9d203cc6" testId="f7666e56-aeac-4feb-8af9-5eb3e28fcb2f" testName="FormatToStringTest1000 (27506.397047390416,27506.40 zł)" computerName="DESKTOP-5URQ9PB" duration="00:00:00.0000065" startTime="2022-06-13T21:11:17.3007451+02:00" endTime="2022-06-13T21:11:17.3008412+02:00" testType="13cdc9d9-ddb5-4fa4-a97d-d965ccfc6d4b" outcome="Passed" testListId="8c84fa94-04c1-424b-9868-57a2d4851a1d" relativeResultsDirectory="4a1d27f6-64fb-457b-a345-32eb9d203cc6" />
    <UnitTestResult executionId="3df64b8e-72a1-4589-89fe-632835bddae0" testId="79c6b1c8-5921-4f2d-8c5c-04d217903419" testName="FormatToStringTest1000 (1568.615240217473,1568.62 zł)" computerName="DESKTOP-5URQ9PB" duration="00:00:00.0000063" startTime="2022-06-13T21:11:17.5299017+02:00" endTime="2022-06-13T21:11:17.5299660+02:00" testType="13cdc9d9-ddb5-4fa4-a97d-d965ccfc6d4b" outcome="Passed" testListId="8c84fa94-04c1-424b-9868-57a2d4851a1d" relativeResultsDirectory="3df64b8e-72a1-4589-89fe-632835bddae0" />
    <UnitTestResult executionId="b0284f25-05a5-4848-b4a8-9ad123259096" testId="00eae03b-f396-494a-b386-76804a6e0ff6" testName="FormatToStringTest1000 (5140.16338917155,5140.16 zł)" computerName="DESKTOP-5URQ9PB" duration="00:00:00.0000063" startTime="2022-06-13T21:11:17.4724198+02:00" endTime="2022-06-13T21:11:17.4724827+02:00" testType="13cdc9d9-ddb5-4fa4-a97d-d965ccfc6d4b" outcome="Passed" testListId="8c84fa94-04c1-424b-9868-57a2d4851a1d" relativeResultsDirectory="b0284f25-05a5-4848-b4a8-9ad123259096" />
    <UnitTestResult executionId="cf5dc9f6-14da-4b7f-a78c-9eda9bf40efb" testId="cd034e18-8042-4451-974a-226b5e095ffd" testName="FormatToStringTest1000 (286.92120604539343,286.92 zł)" computerName="DESKTOP-5URQ9PB" duration="00:00:00.0000065" startTime="2022-06-13T21:11:17.2317094+02:00" endTime="2022-06-13T21:11:17.2317858+02:00" testType="13cdc9d9-ddb5-4fa4-a97d-d965ccfc6d4b" outcome="Passed" testListId="8c84fa94-04c1-424b-9868-57a2d4851a1d" relativeResultsDirectory="cf5dc9f6-14da-4b7f-a78c-9eda9bf40efb" />
    <UnitTestResult executionId="df72fc05-ef94-498c-b26e-9f0a72767f34" testId="2c52b922-afa6-4218-a8d8-9a4aff11e808" testName="FormatToStringTest1000 (33206.73122987837,33206.73 zł)" computerName="DESKTOP-5URQ9PB" duration="00:00:00.0000073" startTime="2022-06-13T21:11:17.2514833+02:00" endTime="2022-06-13T21:11:17.2515627+02:00" testType="13cdc9d9-ddb5-4fa4-a97d-d965ccfc6d4b" outcome="Passed" testListId="8c84fa94-04c1-424b-9868-57a2d4851a1d" relativeResultsDirectory="df72fc05-ef94-498c-b26e-9f0a72767f34" />
    <UnitTestResult executionId="b6ab99b2-030c-4964-a377-e85b52d6c5f5" testId="d4ff3cac-d3d8-4b24-abaf-308b21cb76a3" testName="FormatToStringTest1000 (21728.91641959963,21728.92 zł)" computerName="DESKTOP-5URQ9PB" duration="00:00:00.0000063" startTime="2022-06-13T21:11:17.5927201+02:00" endTime="2022-06-13T21:11:17.5927901+02:00" testType="13cdc9d9-ddb5-4fa4-a97d-d965ccfc6d4b" outcome="Passed" testListId="8c84fa94-04c1-424b-9868-57a2d4851a1d" relativeResultsDirectory="b6ab99b2-030c-4964-a377-e85b52d6c5f5" />
    <UnitTestResult executionId="4afc2a13-620d-4737-a219-b94463abdf8b" testId="b4dd13b5-ab68-49a0-a6dd-04550a9fb393" testName="FormatToStringTest1000 (52888.48934243642,52888.49 zł)" computerName="DESKTOP-5URQ9PB" duration="00:00:00.0000064" startTime="2022-06-13T21:11:17.3946956+02:00" endTime="2022-06-13T21:11:17.3947680+02:00" testType="13cdc9d9-ddb5-4fa4-a97d-d965ccfc6d4b" outcome="Passed" testListId="8c84fa94-04c1-424b-9868-57a2d4851a1d" relativeResultsDirectory="4afc2a13-620d-4737-a219-b94463abdf8b" />
    <UnitTestResult executionId="317d08d0-2082-44c6-a4a5-173ffe5b617c" testId="6a5b5eea-0828-48c6-a78d-b9a5cc495f4b" testName="FormatToStringTest1000 (675.4589376107133,675.46 zł)" computerName="DESKTOP-5URQ9PB" duration="00:00:00.0000062" startTime="2022-06-13T21:11:17.5554946+02:00" endTime="2022-06-13T21:11:17.5555581+02:00" testType="13cdc9d9-ddb5-4fa4-a97d-d965ccfc6d4b" outcome="Passed" testListId="8c84fa94-04c1-424b-9868-57a2d4851a1d" relativeResultsDirectory="317d08d0-2082-44c6-a4a5-173ffe5b617c" />
    <UnitTestResult executionId="de8c46e4-e1c6-418e-a110-6dd4e36fc05e" testId="0f9d04e3-f49e-4c7f-a930-64e41aae6466" testName="FormatToStringTest1000 (2901.9683054191846,2901.97 zł)" computerName="DESKTOP-5URQ9PB" duration="00:00:00.0000063" startTime="2022-06-13T21:11:17.3262263+02:00" endTime="2022-06-13T21:11:17.3262936+02:00" testType="13cdc9d9-ddb5-4fa4-a97d-d965ccfc6d4b" outcome="Passed" testListId="8c84fa94-04c1-424b-9868-57a2d4851a1d" relativeResultsDirectory="de8c46e4-e1c6-418e-a110-6dd4e36fc05e" />
    <UnitTestResult executionId="d9405e39-5082-44d3-abe0-76f937324dcb" testId="7f08c37c-4081-4385-b222-a0fe898013c4" testName="FormatToStringTest1000 (8211.920994553679,8211.92 zł)" computerName="DESKTOP-5URQ9PB" duration="00:00:00.0000060" startTime="2022-06-13T21:11:17.3536676+02:00" endTime="2022-06-13T21:11:17.3537381+02:00" testType="13cdc9d9-ddb5-4fa4-a97d-d965ccfc6d4b" outcome="Passed" testListId="8c84fa94-04c1-424b-9868-57a2d4851a1d" relativeResultsDirectory="d9405e39-5082-44d3-abe0-76f937324dcb" />
    <UnitTestResult executionId="db618ac7-a4e0-413a-a91e-1868a1ba8922" testId="b6d8fb80-b483-48c4-9423-513968ee3124" testName="FormatToStringTest1000 (72905.64834432845,72905.65 zł)" computerName="DESKTOP-5URQ9PB" duration="00:00:00.0000077" startTime="2022-06-13T21:11:17.5096797+02:00" endTime="2022-06-13T21:11:17.5097612+02:00" testType="13cdc9d9-ddb5-4fa4-a97d-d965ccfc6d4b" outcome="Passed" testListId="8c84fa94-04c1-424b-9868-57a2d4851a1d" relativeResultsDirectory="db618ac7-a4e0-413a-a91e-1868a1ba8922" />
    <UnitTestResult executionId="3f7771ee-1483-4ac3-be43-03413df2a5b8" testId="c512a8a6-6bfc-4e69-a4fe-7e4b96bd5f3a" testName="FormatToStringTest1000 (15861.139287455073,15861.14 zł)" computerName="DESKTOP-5URQ9PB" duration="00:00:00.0000065" startTime="2022-06-13T21:11:17.3400791+02:00" endTime="2022-06-13T21:11:17.3401604+02:00" testType="13cdc9d9-ddb5-4fa4-a97d-d965ccfc6d4b" outcome="Passed" testListId="8c84fa94-04c1-424b-9868-57a2d4851a1d" relativeResultsDirectory="3f7771ee-1483-4ac3-be43-03413df2a5b8" />
    <UnitTestResult executionId="a748da67-4387-40d2-bf4b-77fe9bf1ec2e" testId="fe077aa3-e141-4b45-84c6-3b0794929952" testName="FormatToStringTest1000 (6809.40195803037,6809.40 zł)" computerName="DESKTOP-5URQ9PB" duration="00:00:00.0000231" startTime="2022-06-13T21:11:17.1862335+02:00" endTime="2022-06-13T21:11:17.1865109+02:00" testType="13cdc9d9-ddb5-4fa4-a97d-d965ccfc6d4b" outcome="Passed" testListId="8c84fa94-04c1-424b-9868-57a2d4851a1d" relativeResultsDirectory="a748da67-4387-40d2-bf4b-77fe9bf1ec2e" />
    <UnitTestResult executionId="3c1d1399-1bca-419b-8a4f-6a88c06e99dd" testId="7806d1d7-59c3-4b79-8edd-24140d0fa0cf" testName="FormatToStringTest1000 (32908.76696502639,32908.77 zł)" computerName="DESKTOP-5URQ9PB" duration="00:00:00.0000063" startTime="2022-06-13T21:11:17.3169805+02:00" endTime="2022-06-13T21:11:17.3170474+02:00" testType="13cdc9d9-ddb5-4fa4-a97d-d965ccfc6d4b" outcome="Passed" testListId="8c84fa94-04c1-424b-9868-57a2d4851a1d" relativeResultsDirectory="3c1d1399-1bca-419b-8a4f-6a88c06e99dd" />
    <UnitTestResult executionId="8bd3e83e-0956-487e-ab8d-c3e4ba19be09" testId="7bcb79e5-53ac-4de0-9799-4f9da214ed0a" testName="FormatToStringTest1000 (21602.417596116393,21602.42 zł)" computerName="DESKTOP-5URQ9PB" duration="00:00:00.0000063" startTime="2022-06-13T21:11:17.2942201+02:00" endTime="2022-06-13T21:11:17.2942865+02:00" testType="13cdc9d9-ddb5-4fa4-a97d-d965ccfc6d4b" outcome="Passed" testListId="8c84fa94-04c1-424b-9868-57a2d4851a1d" relativeResultsDirectory="8bd3e83e-0956-487e-ab8d-c3e4ba19be09" />
    <UnitTestResult executionId="8b3e9a05-5705-4a19-962a-2af27367f5db" testId="6a3be18a-c247-4c6f-afe9-f39fa59e6d3f" testName="FormatToStringTest1000 (10501.127379151585,10501.13 zł)" computerName="DESKTOP-5URQ9PB" duration="00:00:00.0000063" startTime="2022-06-13T21:11:17.3690824+02:00" endTime="2022-06-13T21:11:17.3691568+02:00" testType="13cdc9d9-ddb5-4fa4-a97d-d965ccfc6d4b" outcome="Passed" testListId="8c84fa94-04c1-424b-9868-57a2d4851a1d" relativeResultsDirectory="8b3e9a05-5705-4a19-962a-2af27367f5db" />
    <UnitTestResult executionId="e011e844-a0ac-4192-876c-37f9958821cf" testId="9e2c7a10-15a6-4af9-ac45-e7997d2ec4c9" testName="FormatToStringTest1000 (8499.121443388574,8499.12 zł)" computerName="DESKTOP-5URQ9PB" duration="00:00:00.0000062" startTime="2022-06-13T21:11:17.2485518+02:00" endTime="2022-06-13T21:11:17.2486189+02:00" testType="13cdc9d9-ddb5-4fa4-a97d-d965ccfc6d4b" outcome="Passed" testListId="8c84fa94-04c1-424b-9868-57a2d4851a1d" relativeResultsDirectory="e011e844-a0ac-4192-876c-37f9958821cf" />
    <UnitTestResult executionId="4448c3b3-9e3d-42fc-a137-7a89cd57199e" testId="efe89f48-de4c-498a-a2b0-ab0d57f5fb37" testName="FormatToStringTest1000 (46790.41011887715,46790.41 zł)" computerName="DESKTOP-5URQ9PB" duration="00:00:00.0000063" startTime="2022-06-13T21:11:17.4119013+02:00" endTime="2022-06-13T21:11:17.4119674+02:00" testType="13cdc9d9-ddb5-4fa4-a97d-d965ccfc6d4b" outcome="Passed" testListId="8c84fa94-04c1-424b-9868-57a2d4851a1d" relativeResultsDirectory="4448c3b3-9e3d-42fc-a137-7a89cd57199e" />
    <UnitTestResult executionId="d5097a0a-3f9b-438d-8e86-3be01a92d586" testId="d0961acf-7e70-4b49-a6b6-ded2c0451d45" testName="FormatToStringTest1000 (2937.138486199611,2937.14 zł)" computerName="DESKTOP-5URQ9PB" duration="00:00:00.0000064" startTime="2022-06-13T21:11:17.2550663+02:00" endTime="2022-06-13T21:11:17.2551402+02:00" testType="13cdc9d9-ddb5-4fa4-a97d-d965ccfc6d4b" outcome="Passed" testListId="8c84fa94-04c1-424b-9868-57a2d4851a1d" relativeResultsDirectory="d5097a0a-3f9b-438d-8e86-3be01a92d586" />
    <UnitTestResult executionId="1f8574fb-1b51-4026-8623-1d7b85b0fde5" testId="619f2922-fb23-4328-b781-2993ce20d07a" testName="FormatToStringTest1000 (9431.144757136304,9431.14 zł)" computerName="DESKTOP-5URQ9PB" duration="00:00:00.0000062" startTime="2022-06-13T21:11:17.2827782+02:00" endTime="2022-06-13T21:11:17.2828446+02:00" testType="13cdc9d9-ddb5-4fa4-a97d-d965ccfc6d4b" outcome="Passed" testListId="8c84fa94-04c1-424b-9868-57a2d4851a1d" relativeResultsDirectory="1f8574fb-1b51-4026-8623-1d7b85b0fde5" />
    <UnitTestResult executionId="a8e49df3-da54-4cc7-986d-86e797637e5f" testId="8119ae80-4aed-4af6-a63d-edbf0ceb91ab" testName="FormatToStringTest1000 (23282.56178903047,23282.56 zł)" computerName="DESKTOP-5URQ9PB" duration="00:00:00.0000062" startTime="2022-06-13T21:11:17.3202453+02:00" endTime="2022-06-13T21:11:17.3203118+02:00" testType="13cdc9d9-ddb5-4fa4-a97d-d965ccfc6d4b" outcome="Passed" testListId="8c84fa94-04c1-424b-9868-57a2d4851a1d" relativeResultsDirectory="a8e49df3-da54-4cc7-986d-86e797637e5f" />
    <UnitTestResult executionId="22631a0e-2d74-4159-9a7b-a5663b8d3e5f" testId="585e12e5-7f26-4fdd-ac76-63da1e14e861" testName="FormatToStringTest1000 (1799.2562459103092,1799.26 zł)" computerName="DESKTOP-5URQ9PB" duration="00:00:00.0000062" startTime="2022-06-13T21:11:17.4022096+02:00" endTime="2022-06-13T21:11:17.4022759+02:00" testType="13cdc9d9-ddb5-4fa4-a97d-d965ccfc6d4b" outcome="Passed" testListId="8c84fa94-04c1-424b-9868-57a2d4851a1d" relativeResultsDirectory="22631a0e-2d74-4159-9a7b-a5663b8d3e5f" />
    <UnitTestResult executionId="a1a1eaed-fc42-45b9-b327-343520f61039" testId="e1c02c1e-e832-43bd-ab7a-cba18ab93b97" testName="FormatToStringTest1000 (3799.9216302064815,3799.92 zł)" computerName="DESKTOP-5URQ9PB" duration="00:00:00.0000060" startTime="2022-06-13T21:11:17.3567536+02:00" endTime="2022-06-13T21:11:17.3568200+02:00" testType="13cdc9d9-ddb5-4fa4-a97d-d965ccfc6d4b" outcome="Passed" testListId="8c84fa94-04c1-424b-9868-57a2d4851a1d" relativeResultsDirectory="a1a1eaed-fc42-45b9-b327-343520f61039" />
    <UnitTestResult executionId="448727c9-b829-49d2-bfbd-11c5448f47a5" testId="5d3dcd13-69b3-4a50-a944-98b0133fa3ca" testName="FormatToStringTest1000 (5287.3103648714305,5287.31 zł)" computerName="DESKTOP-5URQ9PB" duration="00:00:00.0000062" startTime="2022-06-13T21:11:17.3067682+02:00" endTime="2022-06-13T21:11:17.3068348+02:00" testType="13cdc9d9-ddb5-4fa4-a97d-d965ccfc6d4b" outcome="Passed" testListId="8c84fa94-04c1-424b-9868-57a2d4851a1d" relativeResultsDirectory="448727c9-b829-49d2-bfbd-11c5448f47a5" />
    <UnitTestResult executionId="764ec625-2f3d-476d-a415-303e765f484e" testId="94f527cf-8447-44c0-beb1-75850e9144a8" testName="FormatToStringTest1000 (25990.318498101697,25990.32 zł)" computerName="DESKTOP-5URQ9PB" duration="00:00:00.0000064" startTime="2022-06-13T21:11:17.2513107+02:00" endTime="2022-06-13T21:11:17.2513788+02:00" testType="13cdc9d9-ddb5-4fa4-a97d-d965ccfc6d4b" outcome="Passed" testListId="8c84fa94-04c1-424b-9868-57a2d4851a1d" relativeResultsDirectory="764ec625-2f3d-476d-a415-303e765f484e" />
  </Results>
  <TestDefinitions>
    <UnitTest name="FormatToStringTest1000 (17090.629587323234,17090.63 zł)" storage="c:\projekty\mstestproject\bin\debug\netcoreapp3.1\mstestproject.dll" id="466cbb32-e65d-41db-8b0f-8779a162f1cd">
      <TestCategory>
        <TestCategoryItem TestCategory="Category1000" />
      </TestCategory>
      <Execution id="e8822eb0-cf5e-45d5-9116-079a9a471686" />
      <TestMethod codeBase="C:\Projekty\MSTestProject\bin\Debug\netcoreapp3.1\MSTestProject.dll" adapterTypeName="executor://mstestadapter/v2" className="TwojeWesele.Services.Helpers.Tests.CurrencyHelperTests" name="FormatToStringTest1000" />
    </UnitTest>
    <UnitTest name="FormatToStringTest1000 (7377.5644264340235,7377.56 zł)" storage="c:\projekty\mstestproject\bin\debug\netcoreapp3.1\mstestproject.dll" id="ed261843-428b-4dd3-91d9-9e281364f1b0">
      <TestCategory>
        <TestCategoryItem TestCategory="Category1000" />
      </TestCategory>
      <Execution id="a82468d0-a8bc-41a3-93de-9f5627e8151a" />
      <TestMethod codeBase="C:\Projekty\MSTestProject\bin\Debug\netcoreapp3.1\MSTestProject.dll" adapterTypeName="executor://mstestadapter/v2" className="TwojeWesele.Services.Helpers.Tests.CurrencyHelperTests" name="FormatToStringTest1000" />
    </UnitTest>
    <UnitTest name="FormatToStringTest1000 (29508.077101491428,29508.08 zł)" storage="c:\projekty\mstestproject\bin\debug\netcoreapp3.1\mstestproject.dll" id="3ee40b89-f8e2-4959-a157-356cdadd66d3">
      <TestCategory>
        <TestCategoryItem TestCategory="Category1000" />
      </TestCategory>
      <Execution id="a2afa408-b24d-4aa6-8f14-65d36f58db0d" />
      <TestMethod codeBase="C:\Projekty\MSTestProject\bin\Debug\netcoreapp3.1\MSTestProject.dll" adapterTypeName="executor://mstestadapter/v2" className="TwojeWesele.Services.Helpers.Tests.CurrencyHelperTests" name="FormatToStringTest1000" />
    </UnitTest>
    <UnitTest name="FormatToStringTest1000 (20643.69044446465,20643.69 zł)" storage="c:\projekty\mstestproject\bin\debug\netcoreapp3.1\mstestproject.dll" id="6ca2c20f-ca4b-4057-a457-e0ef02735b82">
      <TestCategory>
        <TestCategoryItem TestCategory="Category1000" />
      </TestCategory>
      <Execution id="f45fc702-ca9f-4de2-ab17-c55377202149" />
      <TestMethod codeBase="C:\Projekty\MSTestProject\bin\Debug\netcoreapp3.1\MSTestProject.dll" adapterTypeName="executor://mstestadapter/v2" className="TwojeWesele.Services.Helpers.Tests.CurrencyHelperTests" name="FormatToStringTest1000" />
    </UnitTest>
    <UnitTest name="FormatToStringTest1000 (6102.4120417453405,6102.41 zł)" storage="c:\projekty\mstestproject\bin\debug\netcoreapp3.1\mstestproject.dll" id="0947d0ee-c4b3-45c1-8144-8f05bb3cc87d">
      <TestCategory>
        <TestCategoryItem TestCategory="Category1000" />
      </TestCategory>
      <Execution id="c6cc0d56-cf71-4f1f-b14a-7ed44cd9befc" />
      <TestMethod codeBase="C:\Projekty\MSTestProject\bin\Debug\netcoreapp3.1\MSTestProject.dll" adapterTypeName="executor://mstestadapter/v2" className="TwojeWesele.Services.Helpers.Tests.CurrencyHelperTests" name="FormatToStringTest1000" />
    </UnitTest>
    <UnitTest name="FormatToStringTest1000 (50664.01951024869,50664.02 zł)" storage="c:\projekty\mstestproject\bin\debug\netcoreapp3.1\mstestproject.dll" id="9aee12a4-aaf8-4d7f-8c34-57fb4770fcc1">
      <TestCategory>
        <TestCategoryItem TestCategory="Category1000" />
      </TestCategory>
      <Execution id="b3533b21-3a88-48c5-ac4b-9ee2f8fce46f" />
      <TestMethod codeBase="C:\Projekty\MSTestProject\bin\Debug\netcoreapp3.1\MSTestProject.dll" adapterTypeName="executor://mstestadapter/v2" className="TwojeWesele.Services.Helpers.Tests.CurrencyHelperTests" name="FormatToStringTest1000" />
    </UnitTest>
    <UnitTest name="FormatToStringTest1000 (17990.38119827089,17990.38 zł)" storage="c:\projekty\mstestproject\bin\debug\netcoreapp3.1\mstestproject.dll" id="b865bb60-6fc5-41eb-82ce-10b502b47c02">
      <TestCategory>
        <TestCategoryItem TestCategory="Category1000" />
      </TestCategory>
      <Execution id="134a4337-c693-4d97-a36f-72c1736e4827" />
      <TestMethod codeBase="C:\Projekty\MSTestProject\bin\Debug\netcoreapp3.1\MSTestProject.dll" adapterTypeName="executor://mstestadapter/v2" className="TwojeWesele.Services.Helpers.Tests.CurrencyHelperTests" name="FormatToStringTest1000" />
    </UnitTest>
    <UnitTest name="FormatToStringTest1000 (38845.74924104323,38845.75 zł)" storage="c:\projekty\mstestproject\bin\debug\netcoreapp3.1\mstestproject.dll" id="bbbcdef1-b96e-40ff-841f-4c98e773d469">
      <TestCategory>
        <TestCategoryItem TestCategory="Category1000" />
      </TestCategory>
      <Execution id="4523cce2-98b3-482e-b501-764197934e3f" />
      <TestMethod codeBase="C:\Projekty\MSTestProject\bin\Debug\netcoreapp3.1\MSTestProject.dll" adapterTypeName="executor://mstestadapter/v2" className="TwojeWesele.Services.Helpers.Tests.CurrencyHelperTests" name="FormatToStringTest1000" />
    </UnitTest>
    <UnitTest name="FormatToStringTest1000 (8492.904747505161,8492.90 zł)" storage="c:\projekty\mstestproject\bin\debug\netcoreapp3.1\mstestproject.dll" id="24c42777-d1dd-4bf1-b083-fe26635ce83e">
      <TestCategory>
        <TestCategoryItem TestCategory="Category1000" />
      </TestCategory>
      <Execution id="04ac9b95-70b2-4330-9203-386a028644d2" />
      <TestMethod codeBase="C:\Projekty\MSTestProject\bin\Debug\netcoreapp3.1\MSTestProject.dll" adapterTypeName="executor://mstestadapter/v2" className="TwojeWesele.Services.Helpers.Tests.CurrencyHelperTests" name="FormatToStringTest1000" />
    </UnitTest>
    <UnitTest name="FormatToStringTest1000 (2039.440966411699,2039.44 zł)" storage="c:\projekty\mstestproject\bin\debug\netcoreapp3.1\mstestproject.dll" id="0c9943d4-7d7d-4332-925c-83f6d80e2d65">
      <TestCategory>
        <TestCategoryItem TestCategory="Category1000" />
      </TestCategory>
      <Execution id="de2de829-9a95-43f9-9f9b-9e00749666e3" />
      <TestMethod codeBase="C:\Projekty\MSTestProject\bin\Debug\netcoreapp3.1\MSTestProject.dll" adapterTypeName="executor://mstestadapter/v2" className="TwojeWesele.Services.Helpers.Tests.CurrencyHelperTests" name="FormatToStringTest1000" />
    </UnitTest>
    <UnitTest name="FormatToStringTest1000 (26133.133789601336,26133.13 zł)" storage="c:\projekty\mstestproject\bin\debug\netcoreapp3.1\mstestproject.dll" id="5aaa216a-ed7c-489c-ba33-049a7e7f4c6d">
      <TestCategory>
        <TestCategoryItem TestCategory="Category1000" />
      </TestCategory>
      <Execution id="f5e678e5-2474-4947-9cdb-809fd02256bd" />
      <TestMethod codeBase="C:\Projekty\MSTestProject\bin\Debug\netcoreapp3.1\MSTestProject.dll" adapterTypeName="executor://mstestadapter/v2" className="TwojeWesele.Services.Helpers.Tests.CurrencyHelperTests" name="FormatToStringTest1000" />
    </UnitTest>
    <UnitTest name="FormatToStringTest1000 (25440.18371476614,25440.18 zł)" storage="c:\projekty\mstestproject\bin\debug\netcoreapp3.1\mstestproject.dll" id="217eea6b-a2dc-4ba5-9409-9575fab3a7f4">
      <TestCategory>
        <TestCategoryItem TestCategory="Category1000" />
      </TestCategory>
      <Execution id="6e6d6790-099e-42a8-abaf-2d786b5e5068" />
      <TestMethod codeBase="C:\Projekty\MSTestProject\bin\Debug\netcoreapp3.1\MSTestProject.dll" adapterTypeName="executor://mstestadapter/v2" className="TwojeWesele.Services.Helpers.Tests.CurrencyHelperTests" name="FormatToStringTest1000" />
    </UnitTest>
    <UnitTest name="FormatToStringTest1000 (15841.26419853478,15841.26 zł)" storage="c:\projekty\mstestproject\bin\debug\netcoreapp3.1\mstestproject.dll" id="5fa52165-dcb1-49aa-b435-3a4480faa5aa">
      <TestCategory>
        <TestCategoryItem TestCategory="Category1000" />
      </TestCategory>
      <Execution id="7324fdad-fb8e-4630-9b19-00f2ee293592" />
      <TestMethod codeBase="C:\Projekty\MSTestProject\bin\Debug\netcoreapp3.1\MSTestProject.dll" adapterTypeName="executor://mstestadapter/v2" className="TwojeWesele.Services.Helpers.Tests.CurrencyHelperTests" name="FormatToStringTest1000" />
    </UnitTest>
    <UnitTest name="FormatToStringTest1000 (37954.34384365396,37954.34 zł)" storage="c:\projekty\mstestproject\bin\debug\netcoreapp3.1\mstestproject.dll" id="8310564f-acae-4ec4-8f1f-f909869cae81">
      <TestCategory>
        <TestCategoryItem TestCategory="Category1000" />
      </TestCategory>
      <Execution id="09cab227-9991-4b5f-b29d-e019ca5ed0fa" />
      <TestMethod codeBase="C:\Projekty\MSTestProject\bin\Debug\netcoreapp3.1\MSTestProject.dll" adapterTypeName="executor://mstestadapter/v2" className="TwojeWesele.Services.Helpers.Tests.CurrencyHelperTests" name="FormatToStringTest1000" />
    </UnitTest>
    <UnitTest name="FormatToStringTest1000 (24729.333280806586,24729.33 zł)" storage="c:\projekty\mstestproject\bin\debug\netcoreapp3.1\mstestproject.dll" id="fdbb412d-83d5-4866-ad3b-6efcab2a2437">
      <TestCategory>
        <TestCategoryItem TestCategory="Category1000" />
      </TestCategory>
      <Execution id="d87a07cc-a38d-46b8-b5f4-af17e3aea06f" />
      <TestMethod codeBase="C:\Projekty\MSTestProject\bin\Debug\netcoreapp3.1\MSTestProject.dll" adapterTypeName="executor://mstestadapter/v2" className="TwojeWesele.Services.Helpers.Tests.CurrencyHelperTests" name="FormatToStringTest1000" />
    </UnitTest>
    <UnitTest name="FormatToStringTest1000 (7975.276658828965,7975.28 zł)" storage="c:\projekty\mstestproject\bin\debug\netcoreapp3.1\mstestproject.dll" id="76748a82-9d2b-485b-ae16-d84ae5f923a3">
      <TestCategory>
        <TestCategoryItem TestCategory="Category1000" />
      </TestCategory>
      <Execution id="70291407-f5dd-4f83-a6fe-c0190ac0b86d" />
      <TestMethod codeBase="C:\Projekty\MSTestProject\bin\Debug\netcoreapp3.1\MSTestProject.dll" adapterTypeName="executor://mstestadapter/v2" className="TwojeWesele.Services.Helpers.Tests.CurrencyHelperTests" name="FormatToStringTest1000" />
    </UnitTest>
    <UnitTest name="FormatToStringTest1000 (10227.532692039169,10227.53 zł)" storage="c:\projekty\mstestproject\bin\debug\netcoreapp3.1\mstestproject.dll" id="1d6bfe07-3ee7-40ff-ab4e-903195758dfd">
      <TestCategory>
        <TestCategoryItem TestCategory="Category1000" />
      </TestCategory>
      <Execution id="eda50351-fb99-4953-b2f1-63700d77b1a2" />
      <TestMethod codeBase="C:\Projekty\MSTestProject\bin\Debug\netcoreapp3.1\MSTestProject.dll" adapterTypeName="executor://mstestadapter/v2" className="TwojeWesele.Services.Helpers.Tests.CurrencyHelperTests" name="FormatToStringTest1000" />
    </UnitTest>
    <UnitTest name="FormatToStringTest1000 (38803.03958246253,38803.04 zł)" storage="c:\projekty\mstestproject\bin\debug\netcoreapp3.1\mstestproject.dll" id="7b71b41a-c343-4043-bf45-a0ba69e6ad75">
      <TestCategory>
        <TestCategoryItem TestCategory="Category1000" />
      </TestCategory>
      <Execution id="e77f049e-ced6-4c5d-b256-1ac751b53428" />
      <TestMethod codeBase="C:\Projekty\MSTestProject\bin\Debug\netcoreapp3.1\MSTestProject.dll" adapterTypeName="executor://mstestadapter/v2" className="TwojeWesele.Services.Helpers.Tests.CurrencyHelperTests" name="FormatToStringTest1000" />
    </UnitTest>
    <UnitTest name="FormatToStringTest1000 (39531.95190033268,39531.95 zł)" storage="c:\projekty\mstestproject\bin\debug\netcoreapp3.1\mstestproject.dll" id="7d219444-c9c5-4633-8c27-e3f5528ec7a8">
      <TestCategory>
        <TestCategoryItem TestCategory="Category1000" />
      </TestCategory>
      <Execution id="e93512df-c70e-453b-91e9-b7366e43a44f" />
      <TestMethod codeBase="C:\Projekty\MSTestProject\bin\Debug\netcoreapp3.1\MSTestProject.dll" adapterTypeName="executor://mstestadapter/v2" className="TwojeWesele.Services.Helpers.Tests.CurrencyHelperTests" name="FormatToStringTest1000" />
    </UnitTest>
    <UnitTest name="FormatToStringTest1000 (2292.8331871111104,2292.83 zł)" storage="c:\projekty\mstestproject\bin\debug\netcoreapp3.1\mstestproject.dll" id="a25f02d5-341a-42fe-832a-6e94734bbb9b">
      <TestCategory>
        <TestCategoryItem TestCategory="Category1000" />
      </TestCategory>
      <Execution id="90e1534e-d4d9-4858-a7a4-f98a3bfb3437" />
      <TestMethod codeBase="C:\Projekty\MSTestProject\bin\Debug\netcoreapp3.1\MSTestProject.dll" adapterTypeName="executor://mstestadapter/v2" className="TwojeWesele.Services.Helpers.Tests.CurrencyHelperTests" name="FormatToStringTest1000" />
    </UnitTest>
    <UnitTest name="FormatToStringTest1000 (22189.78731674132,22189.79 zł)" storage="c:\projekty\mstestproject\bin\debug\netcoreapp3.1\mstestproject.dll" id="7db78deb-2624-43cc-8e2d-c527fa99e341">
      <TestCategory>
        <TestCategoryItem TestCategory="Category1000" />
      </TestCategory>
      <Execution id="078f02c0-723a-4f7b-9750-decc90c1c2b6" />
      <TestMethod codeBase="C:\Projekty\MSTestProject\bin\Debug\netcoreapp3.1\MSTestProject.dll" adapterTypeName="executor://mstestadapter/v2" className="TwojeWesele.Services.Helpers.Tests.CurrencyHelperTests" name="FormatToStringTest1000" />
    </UnitTest>
    <UnitTest name="FormatToStringTest1000 (8802.811382028653,8802.81 zł)" storage="c:\projekty\mstestproject\bin\debug\netcoreapp3.1\mstestproject.dll" id="f07c6ffd-561b-4112-bded-21341d3627e1">
      <TestCategory>
        <TestCategoryItem TestCategory="Category1000" />
      </TestCategory>
      <Execution id="745fc81f-5c62-4156-a1e1-1609e1720a81" />
      <TestMethod codeBase="C:\Projekty\MSTestProject\bin\Debug\netcoreapp3.1\MSTestProject.dll" adapterTypeName="executor://mstestadapter/v2" className="TwojeWesele.Services.Helpers.Tests.CurrencyHelperTests" name="FormatToStringTest1000" />
    </UnitTest>
    <UnitTest name="FormatToStringTest1000 (73151.83675918348,73151.84 zł)" storage="c:\projekty\mstestproject\bin\debug\netcoreapp3.1\mstestproject.dll" id="c862a7b4-c25d-4d0d-812f-e62ad0b18732">
      <TestCategory>
        <TestCategoryItem TestCategory="Category1000" />
      </TestCategory>
      <Execution id="2d5865ed-ff1e-4ed4-a0de-a7a2d0337260" />
      <TestMethod codeBase="C:\Projekty\MSTestProject\bin\Debug\netcoreapp3.1\MSTestProject.dll" adapterTypeName="executor://mstestadapter/v2" className="TwojeWesele.Services.Helpers.Tests.CurrencyHelperTests" name="FormatToStringTest1000" />
    </UnitTest>
    <UnitTest name="FormatToStringTest1000 (10066.059180456241,10066.06 zł)" storage="c:\projekty\mstestproject\bin\debug\netcoreapp3.1\mstestproject.dll" id="35ce6ba7-76d1-42f3-a617-d9e562481a95">
      <TestCategory>
        <TestCategoryItem TestCategory="Category1000" />
      </TestCategory>
      <Execution id="b4d645bb-e7a8-47a1-8ef7-3d1190857ecb" />
      <TestMethod codeBase="C:\Projekty\MSTestProject\bin\Debug\netcoreapp3.1\MSTestProject.dll" adapterTypeName="executor://mstestadapter/v2" className="TwojeWesele.Services.Helpers.Tests.CurrencyHelperTests" name="FormatToStringTest1000" />
    </UnitTest>
    <UnitTest name="FormatToStringTest1000 (24137.016609529506,24137.02 zł)" storage="c:\projekty\mstestproject\bin\debug\netcoreapp3.1\mstestproject.dll" id="038c162a-adaf-43d8-ab57-6bfcd541db97">
      <TestCategory>
        <TestCategoryItem TestCategory="Category1000" />
      </TestCategory>
      <Execution id="317aad63-f630-4674-82b2-081e89aa930f" />
      <TestMethod codeBase="C:\Projekty\MSTestProject\bin\Debug\netcoreapp3.1\MSTestProject.dll" adapterTypeName="executor://mstestadapter/v2" className="TwojeWesele.Services.Helpers.Tests.CurrencyHelperTests" name="FormatToStringTest1000" />
    </UnitTest>
    <UnitTest name="FormatToStringTest1000 (6266.232005888704,6266.23 zł)" storage="c:\projekty\mstestproject\bin\debug\netcoreapp3.1\mstestproject.dll" id="e0459d10-008f-44fd-b442-56c3d9886b0d">
      <TestCategory>
        <TestCategoryItem TestCategory="Category1000" />
      </TestCategory>
      <Execution id="2ed2070d-9c80-40fb-9d22-cf31a8397e7a" />
      <TestMethod codeBase="C:\Projekty\MSTestProject\bin\Debug\netcoreapp3.1\MSTestProject.dll" adapterTypeName="executor://mstestadapter/v2" className="TwojeWesele.Services.Helpers.Tests.CurrencyHelperTests" name="FormatToStringTest1000" />
    </UnitTest>
    <UnitTest name="FormatToStringTest1000 (5279.315995182524,5279.32 zł)" storage="c:\projekty\mstestproject\bin\debug\netcoreapp3.1\mstestproject.dll" id="a8d9a6a8-851b-43a1-8177-36662f490c76">
      <TestCategory>
        <TestCategoryItem TestCategory="Category1000" />
      </TestCategory>
      <Execution id="d924ddb2-744a-4bf5-833f-ce6d092e68b2" />
      <TestMethod codeBase="C:\Projekty\MSTestProject\bin\Debug\netcoreapp3.1\MSTestProject.dll" adapterTypeName="executor://mstestadapter/v2" className="TwojeWesele.Services.Helpers.Tests.CurrencyHelperTests" name="FormatToStringTest1000" />
    </UnitTest>
    <UnitTest name="FormatToStringTest1000 (3588.260979617136,3588.26 zł)" storage="c:\projekty\mstestproject\bin\debug\netcoreapp3.1\mstestproject.dll" id="fb18ccaa-80f4-4873-a2cc-b0a9bb69f316">
      <TestCategory>
        <TestCategoryItem TestCategory="Category1000" />
      </TestCategory>
      <Execution id="f4828d94-df74-4263-aca3-54e044c4bf41" />
      <TestMethod codeBase="C:\Projekty\MSTestProject\bin\Debug\netcoreapp3.1\MSTestProject.dll" adapterTypeName="executor://mstestadapter/v2" className="TwojeWesele.Services.Helpers.Tests.CurrencyHelperTests" name="FormatToStringTest1000" />
    </UnitTest>
    <UnitTest name="FormatToStringTest1000 (748.6264857065987,748.63 zł)" storage="c:\projekty\mstestproject\bin\debug\netcoreapp3.1\mstestproject.dll" id="f36c028f-00c7-40dd-8207-a3d29da0741e">
      <TestCategory>
        <TestCategoryItem TestCategory="Category1000" />
      </TestCategory>
      <Execution id="4c5c9223-e612-49b1-8280-bce2508a9218" />
      <TestMethod codeBase="C:\Projekty\MSTestProject\bin\Debug\netcoreapp3.1\MSTestProject.dll" adapterTypeName="executor://mstestadapter/v2" className="TwojeWesele.Services.Helpers.Tests.CurrencyHelperTests" name="FormatToStringTest1000" />
    </UnitTest>
    <UnitTest name="FormatToStringTest1000 (32566.30279101259,32566.30 zł)" storage="c:\projekty\mstestproject\bin\debug\netcoreapp3.1\mstestproject.dll" id="c66aa067-51dc-4203-9202-90311542fe1d">
      <TestCategory>
        <TestCategoryItem TestCategory="Category1000" />
      </TestCategory>
      <Execution id="860ecd1b-9301-4aca-8d65-2d48273ec7ce" />
      <TestMethod codeBase="C:\Projekty\MSTestProject\bin\Debug\netcoreapp3.1\MSTestProject.dll" adapterTypeName="executor://mstestadapter/v2" className="TwojeWesele.Services.Helpers.Tests.CurrencyHelperTests" name="FormatToStringTest1000" />
    </UnitTest>
    <UnitTest name="FormatToStringTest1000 (10762.501695533518,10762.50 zł)" storage="c:\projekty\mstestproject\bin\debug\netcoreapp3.1\mstestproject.dll" id="0dea20b5-4b08-4a4b-b0be-15321f1cc585">
      <TestCategory>
        <TestCategoryItem TestCategory="Category1000" />
      </TestCategory>
      <Execution id="c105738c-8bdb-46ef-be49-1c74debd391c" />
      <TestMethod codeBase="C:\Projekty\MSTestProject\bin\Debug\netcoreapp3.1\MSTestProject.dll" adapterTypeName="executor://mstestadapter/v2" className="TwojeWesele.Services.Helpers.Tests.CurrencyHelperTests" name="FormatToStringTest1000" />
    </UnitTest>
    <UnitTest name="FormatToStringTest1000 (16129.507288814293,16129.51 zł)" storage="c:\projekty\mstestproject\bin\debug\netcoreapp3.1\mstestproject.dll" id="9b49b7d1-ce72-4365-be07-6a2d07e559fa">
      <TestCategory>
        <TestCategoryItem TestCategory="Category1000" />
      </TestCategory>
      <Execution id="35b81bf7-e3d4-4e42-80fb-6fc552404a8f" />
      <TestMethod codeBase="C:\Projekty\MSTestProject\bin\Debug\netcoreapp3.1\MSTestProject.dll" adapterTypeName="executor://mstestadapter/v2" className="TwojeWesele.Services.Helpers.Tests.CurrencyHelperTests" name="FormatToStringTest1000" />
    </UnitTest>
    <UnitTest name="FormatToStringTest1000 (12528.413830086782,12528.41 zł)" storage="c:\projekty\mstestproject\bin\debug\netcoreapp3.1\mstestproject.dll" id="9fb8a9e0-2321-47e6-92ce-fb67032e4997">
      <TestCategory>
        <TestCategoryItem TestCategory="Category1000" />
      </TestCategory>
      <Execution id="1d8a8180-bdf5-48f3-abbf-08891eacf2af" />
      <TestMethod codeBase="C:\Projekty\MSTestProject\bin\Debug\netcoreapp3.1\MSTestProject.dll" adapterTypeName="executor://mstestadapter/v2" className="TwojeWesele.Services.Helpers.Tests.CurrencyHelperTests" name="FormatToStringTest1000" />
    </UnitTest>
    <UnitTest name="FormatToStringTest1000 (23612.114499758984,23612.11 zł)" storage="c:\projekty\mstestproject\bin\debug\netcoreapp3.1\mstestproject.dll" id="c63be9fe-4c5b-4868-aa68-8389786fbfae">
      <TestCategory>
        <TestCategoryItem TestCategory="Category1000" />
      </TestCategory>
      <Execution id="e3445350-4813-4945-963a-29c2f07cc591" />
      <TestMethod codeBase="C:\Projekty\MSTestProject\bin\Debug\netcoreapp3.1\MSTestProject.dll" adapterTypeName="executor://mstestadapter/v2" className="TwojeWesele.Services.Helpers.Tests.CurrencyHelperTests" name="FormatToStringTest1000" />
    </UnitTest>
    <UnitTest name="FormatToStringTest1000 (9624.06628225188,9624.07 zł)" storage="c:\projekty\mstestproject\bin\debug\netcoreapp3.1\mstestproject.dll" id="3bf19e87-77d1-4a2e-bb49-8d69c3d5d74d">
      <TestCategory>
        <TestCategoryItem TestCategory="Category1000" />
      </TestCategory>
      <Execution id="0b75bdec-03e1-46b1-8c96-de2c52b9c210" />
      <TestMethod codeBase="C:\Projekty\MSTestProject\bin\Debug\netcoreapp3.1\MSTestProject.dll" adapterTypeName="executor://mstestadapter/v2" className="TwojeWesele.Services.Helpers.Tests.CurrencyHelperTests" name="FormatToStringTest1000" />
    </UnitTest>
    <UnitTest name="FormatToStringTest1000 (43858.624379632354,43858.62 zł)" storage="c:\projekty\mstestproject\bin\debug\netcoreapp3.1\mstestproject.dll" id="c97d875f-911f-42e5-acb7-f18a689ea20a">
      <TestCategory>
        <TestCategoryItem TestCategory="Category1000" />
      </TestCategory>
      <Execution id="5bbcad09-70fa-4fbd-b846-585a09a86746" />
      <TestMethod codeBase="C:\Projekty\MSTestProject\bin\Debug\netcoreapp3.1\MSTestProject.dll" adapterTypeName="executor://mstestadapter/v2" className="TwojeWesele.Services.Helpers.Tests.CurrencyHelperTests" name="FormatToStringTest1000" />
    </UnitTest>
    <UnitTest name="FormatToStringTest1000 (52888.48934243642,52888.49 zł)" storage="c:\projekty\mstestproject\bin\debug\netcoreapp3.1\mstestproject.dll" id="b4dd13b5-ab68-49a0-a6dd-04550a9fb393">
      <TestCategory>
        <TestCategoryItem TestCategory="Category1000" />
      </TestCategory>
      <Execution id="4afc2a13-620d-4737-a219-b94463abdf8b" />
      <TestMethod codeBase="C:\Projekty\MSTestProject\bin\Debug\netcoreapp3.1\MSTestProject.dll" adapterTypeName="executor://mstestadapter/v2" className="TwojeWesele.Services.Helpers.Tests.CurrencyHelperTests" name="FormatToStringTest1000" />
    </UnitTest>
    <UnitTest name="FormatToStringTest1000 (4857.211933034105,4857.21 zł)" storage="c:\projekty\mstestproject\bin\debug\netcoreapp3.1\mstestproject.dll" id="16146f93-ff4d-4b2e-b551-16b74f40950b">
      <TestCategory>
        <TestCategoryItem TestCategory="Category1000" />
      </TestCategory>
      <Execution id="0a7dde52-e470-44aa-8829-e5eacb6f1796" />
      <TestMethod codeBase="C:\Projekty\MSTestProject\bin\Debug\netcoreapp3.1\MSTestProject.dll" adapterTypeName="executor://mstestadapter/v2" className="TwojeWesele.Services.Helpers.Tests.CurrencyHelperTests" name="FormatToStringTest1000" />
    </UnitTest>
    <UnitTest name="FormatToStringTest1000 (13375.96341587415,13375.96 zł)" storage="c:\projekty\mstestproject\bin\debug\netcoreapp3.1\mstestproject.dll" id="5a03c698-0e0f-46ad-a3a5-98405a37e63a">
      <TestCategory>
        <TestCategoryItem TestCategory="Category1000" />
      </TestCategory>
      <Execution id="6f1b7340-af8e-4bd2-bdbb-841d907b3c05" />
      <TestMethod codeBase="C:\Projekty\MSTestProject\bin\Debug\netcoreapp3.1\MSTestProject.dll" adapterTypeName="executor://mstestadapter/v2" className="TwojeWesele.Services.Helpers.Tests.CurrencyHelperTests" name="FormatToStringTest1000" />
    </UnitTest>
    <UnitTest name="FormatToStringTest1000 (64124.274503948756,64124.27 zł)" storage="c:\projekty\mstestproject\bin\debug\netcoreapp3.1\mstestproject.dll" id="ff04546c-ea23-4ba9-a83b-5b119b085644">
      <TestCategory>
        <TestCategoryItem TestCategory="Category1000" />
      </TestCategory>
      <Execution id="d1006713-b84d-4432-a306-7e50c3d1c994" />
      <TestMethod codeBase="C:\Projekty\MSTestProject\bin\Debug\netcoreapp3.1\MSTestProject.dll" adapterTypeName="executor://mstestadapter/v2" className="TwojeWesele.Services.Helpers.Tests.CurrencyHelperTests" name="FormatToStringTest1000" />
    </UnitTest>
    <UnitTest name="FormatToStringTest1000 (1208.1827589441941,1208.18 zł)" storage="c:\projekty\mstestproject\bin\debug\netcoreapp3.1\mstestproject.dll" id="d594c7c9-81c6-4c02-9064-4688f48528ab">
      <TestCategory>
        <TestCategoryItem TestCategory="Category1000" />
      </TestCategory>
      <Execution id="9af9466f-6a17-4e43-a494-566dee4ea818" />
      <TestMethod codeBase="C:\Projekty\MSTestProject\bin\Debug\netcoreapp3.1\MSTestProject.dll" adapterTypeName="executor://mstestadapter/v2" className="TwojeWesele.Services.Helpers.Tests.CurrencyHelperTests" name="FormatToStringTest1000" />
    </UnitTest>
    <UnitTest name="FormatToStringTest1000 (9517.514896326473,9517.51 zł)" storage="c:\projekty\mstestproject\bin\debug\netcoreapp3.1\mstestproject.dll" id="5e3ca975-10ad-49b9-a669-7a54bfd2d1ce">
      <TestCategory>
        <TestCategoryItem TestCategory="Category1000" />
      </TestCategory>
      <Execution id="3e12649d-0bcb-4be2-b549-9f6e5c06ebcc" />
      <TestMethod codeBase="C:\Projekty\MSTestProject\bin\Debug\netcoreapp3.1\MSTestProject.dll" adapterTypeName="executor://mstestadapter/v2" className="TwojeWesele.Services.Helpers.Tests.CurrencyHelperTests" name="FormatToStringTest1000" />
    </UnitTest>
    <UnitTest name="FormatToStringTest1000 (15313.083673952653,15313.08 zł)" storage="c:\projekty\mstestproject\bin\debug\netcoreapp3.1\mstestproject.dll" id="453abae6-7add-42d9-9ddf-8198c48d8b1b">
      <TestCategory>
        <TestCategoryItem TestCategory="Category1000" />
      </TestCategory>
      <Execution id="d86e643a-6261-4da0-aed8-a9304deb3cf7" />
      <TestMethod codeBase="C:\Projekty\MSTestProject\bin\Debug\netcoreapp3.1\MSTestProject.dll" adapterTypeName="executor://mstestadapter/v2" className="TwojeWesele.Services.Helpers.Tests.CurrencyHelperTests" name="FormatToStringTest1000" />
    </UnitTest>
    <UnitTest name="FormatToStringTest1000 (45930.2386782068,45930.24 zł)" storage="c:\projekty\mstestproject\bin\debug\netcoreapp3.1\mstestproject.dll" id="4133be65-b186-4b0b-b846-dcabe234356e">
      <TestCategory>
        <TestCategoryItem TestCategory="Category1000" />
      </TestCategory>
      <Execution id="24f2d68e-870d-4416-be02-899f048a96a9" />
      <TestMethod codeBase="C:\Projekty\MSTestProject\bin\Debug\netcoreapp3.1\MSTestProject.dll" adapterTypeName="executor://mstestadapter/v2" className="TwojeWesele.Services.Helpers.Tests.CurrencyHelperTests" name="FormatToStringTest1000" />
    </UnitTest>
    <UnitTest name="FormatToStringTest1000 (14475.498583194567,14475.50 zł)" storage="c:\projekty\mstestproject\bin\debug\netcoreapp3.1\mstestproject.dll" id="a905c238-cc6e-4770-a08d-67e625e76fd9">
      <TestCategory>
        <TestCategoryItem TestCategory="Category1000" />
      </TestCategory>
      <Execution id="1866d415-d404-403c-8f32-26593f32a3b8" />
      <TestMethod codeBase="C:\Projekty\MSTestProject\bin\Debug\netcoreapp3.1\MSTestProject.dll" adapterTypeName="executor://mstestadapter/v2" className="TwojeWesele.Services.Helpers.Tests.CurrencyHelperTests" name="FormatToStringTest1000" />
    </UnitTest>
    <UnitTest name="FormatToStringTest1000 (32216.686763396807,32216.69 zł)" storage="c:\projekty\mstestproject\bin\debug\netcoreapp3.1\mstestproject.dll" id="86a07f4c-5ad0-41ff-ae43-e8a9d7f1f091">
      <TestCategory>
        <TestCategoryItem TestCategory="Category1000" />
      </TestCategory>
      <Execution id="c29df726-d711-4d2d-8146-471443eab9e0" />
      <TestMethod codeBase="C:\Projekty\MSTestProject\bin\Debug\netcoreapp3.1\MSTestProject.dll" adapterTypeName="executor://mstestadapter/v2" className="TwojeWesele.Services.Helpers.Tests.CurrencyHelperTests" name="FormatToStringTest1000" />
    </UnitTest>
    <UnitTest name="FormatToStringTest1000 (56373.35086238494,56373.35 zł)" storage="c:\projekty\mstestproject\bin\debug\netcoreapp3.1\mstestproject.dll" id="9fc49f5f-39c4-4d39-9a67-100b64fd0ff7">
      <TestCategory>
        <TestCategoryItem TestCategory="Category1000" />
      </TestCategory>
      <Execution id="6cbec3e4-d720-4c2b-a7ca-b9e414b28f81" />
      <TestMethod codeBase="C:\Projekty\MSTestProject\bin\Debug\netcoreapp3.1\MSTestProject.dll" adapterTypeName="executor://mstestadapter/v2" className="TwojeWesele.Services.Helpers.Tests.CurrencyHelperTests" name="FormatToStringTest1000" />
    </UnitTest>
    <UnitTest name="FormatToStringTest1000 (2505.286326204094,2505.29 zł)" storage="c:\projekty\mstestproject\bin\debug\netcoreapp3.1\mstestproject.dll" id="7bee3f5a-1309-42ae-9d11-4ff198ed544c">
      <TestCategory>
        <TestCategoryItem TestCategory="Category1000" />
      </TestCategory>
      <Execution id="553edaae-f551-4231-81a6-10fa08de239a" />
      <TestMethod codeBase="C:\Projekty\MSTestProject\bin\Debug\netcoreapp3.1\MSTestProject.dll" adapterTypeName="executor://mstestadapter/v2" className="TwojeWesele.Services.Helpers.Tests.CurrencyHelperTests" name="FormatToStringTest1000" />
    </UnitTest>
    <UnitTest name="FormatToStringTest1000 (5398.2412667191775,5398.24 zł)" storage="c:\projekty\mstestproject\bin\debug\netcoreapp3.1\mstestproject.dll" id="cf041c25-c326-4145-93e9-16b80e5c930f">
      <TestCategory>
        <TestCategoryItem TestCategory="Category1000" />
      </TestCategory>
      <Execution id="86dc50d0-8fed-442e-93cf-24435d65db9f" />
      <TestMethod codeBase="C:\Projekty\MSTestProject\bin\Debug\netcoreapp3.1\MSTestProject.dll" adapterTypeName="executor://mstestadapter/v2" className="TwojeWesele.Services.Helpers.Tests.CurrencyHelperTests" name="FormatToStringTest1000" />
    </UnitTest>
    <UnitTest name="FormatToStringTest1000 (43424.45140075332,43424.45 zł)" storage="c:\projekty\mstestproject\bin\debug\netcoreapp3.1\mstestproject.dll" id="fe14832b-7fc7-447f-a74f-d5c7687cf15d">
      <TestCategory>
        <TestCategoryItem TestCategory="Category1000" />
      </TestCategory>
      <Execution id="54f24104-08cc-4417-99c8-d4d96e9992ed" />
      <TestMethod codeBase="C:\Projekty\MSTestProject\bin\Debug\netcoreapp3.1\MSTestProject.dll" adapterTypeName="executor://mstestadapter/v2" className="TwojeWesele.Services.Helpers.Tests.CurrencyHelperTests" name="FormatToStringTest1000" />
    </UnitTest>
    <UnitTest name="FormatToStringTest1000 (68770.73008707525,68770.73 zł)" storage="c:\projekty\mstestproject\bin\debug\netcoreapp3.1\mstestproject.dll" id="f95f7748-c83c-4bec-a24f-39254f327a27">
      <TestCategory>
        <TestCategoryItem TestCategory="Category1000" />
      </TestCategory>
      <Execution id="d1cd69c6-24c6-4edc-98eb-801b356cd0d0" />
      <TestMethod codeBase="C:\Projekty\MSTestProject\bin\Debug\netcoreapp3.1\MSTestProject.dll" adapterTypeName="executor://mstestadapter/v2" className="TwojeWesele.Services.Helpers.Tests.CurrencyHelperTests" name="FormatToStringTest1000" />
    </UnitTest>
    <UnitTest name="FormatToStringTest1000 (134.1514758393874,134.15 zł)" storage="c:\projekty\mstestproject\bin\debug\netcoreapp3.1\mstestproject.dll" id="85c570b9-e7ee-47a1-80a6-12b33c1e2863">
      <TestCategory>
        <TestCategoryItem TestCategory="Category1000" />
      </TestCategory>
      <Execution id="521fb4a1-2618-4194-9f19-45df34734198" />
      <TestMethod codeBase="C:\Projekty\MSTestProject\bin\Debug\netcoreapp3.1\MSTestProject.dll" adapterTypeName="executor://mstestadapter/v2" className="TwojeWesele.Services.Helpers.Tests.CurrencyHelperTests" name="FormatToStringTest1000" />
    </UnitTest>
    <UnitTest name="FormatToStringTest1000 (1228.101744225296,1228.10 zł)" storage="c:\projekty\mstestproject\bin\debug\netcoreapp3.1\mstestproject.dll" id="a4edb8d2-f05b-4186-ae10-fa13eab60d74">
      <TestCategory>
        <TestCategoryItem TestCategory="Category1000" />
      </TestCategory>
      <Execution id="b13e675b-f3ed-43e4-af53-1996ed2efbb7" />
      <TestMethod codeBase="C:\Projekty\MSTestProject\bin\Debug\netcoreapp3.1\MSTestProject.dll" adapterTypeName="executor://mstestadapter/v2" className="TwojeWesele.Services.Helpers.Tests.CurrencyHelperTests" name="FormatToStringTest1000" />
    </UnitTest>
    <UnitTest name="FormatToStringTest1000 (26015.8311952552,26015.83 zł)" storage="c:\projekty\mstestproject\bin\debug\netcoreapp3.1\mstestproject.dll" id="78d291b7-51dc-4ca4-9f8d-a63f2732e7b7">
      <TestCategory>
        <TestCategoryItem TestCategory="Category1000" />
      </TestCategory>
      <Execution id="66f78dbb-346e-46d2-bb99-b34d962dcab5" />
      <TestMethod codeBase="C:\Projekty\MSTestProject\bin\Debug\netcoreapp3.1\MSTestProject.dll" adapterTypeName="executor://mstestadapter/v2" className="TwojeWesele.Services.Helpers.Tests.CurrencyHelperTests" name="FormatToStringTest1000" />
    </UnitTest>
    <UnitTest name="FormatToStringTest1000 (75514.58914517732,75514.59 zł)" storage="c:\projekty\mstestproject\bin\debug\netcoreapp3.1\mstestproject.dll" id="fc78f13d-ccd1-4c48-9a42-ed9332ba4aab">
      <TestCategory>
        <TestCategoryItem TestCategory="Category1000" />
      </TestCategory>
      <Execution id="455e6c9c-c85d-4c8c-ba6d-c3a875424b57" />
      <TestMethod codeBase="C:\Projekty\MSTestProject\bin\Debug\netcoreapp3.1\MSTestProject.dll" adapterTypeName="executor://mstestadapter/v2" className="TwojeWesele.Services.Helpers.Tests.CurrencyHelperTests" name="FormatToStringTest1000" />
    </UnitTest>
    <UnitTest name="FormatToStringTest1000 (63291.50274994015,63291.50 zł)" storage="c:\projekty\mstestproject\bin\debug\netcoreapp3.1\mstestproject.dll" id="3b313f0e-cc03-456f-b4e4-c242dbf627f2">
      <TestCategory>
        <TestCategoryItem TestCategory="Category1000" />
      </TestCategory>
      <Execution id="afc773be-56d0-4469-924d-410d09cbdf3b" />
      <TestMethod codeBase="C:\Projekty\MSTestProject\bin\Debug\netcoreapp3.1\MSTestProject.dll" adapterTypeName="executor://mstestadapter/v2" className="TwojeWesele.Services.Helpers.Tests.CurrencyHelperTests" name="FormatToStringTest1000" />
    </UnitTest>
    <UnitTest name="FormatToStringTest1000 (2444.4726240530017,2444.47 zł)" storage="c:\projekty\mstestproject\bin\debug\netcoreapp3.1\mstestproject.dll" id="f3468555-0628-45ac-b46c-119804e9bcaa">
      <TestCategory>
        <TestCategoryItem TestCategory="Category1000" />
      </TestCategory>
      <Execution id="cc99ff63-c3c7-4d19-a598-d9b5ed1e8289" />
      <TestMethod codeBase="C:\Projekty\MSTestProject\bin\Debug\netcoreapp3.1\MSTestProject.dll" adapterTypeName="executor://mstestadapter/v2" className="TwojeWesele.Services.Helpers.Tests.CurrencyHelperTests" name="FormatToStringTest1000" />
    </UnitTest>
    <UnitTest name="FormatToStringTest1000 (11829.625994884234,11829.63 zł)" storage="c:\projekty\mstestproject\bin\debug\netcoreapp3.1\mstestproject.dll" id="c6c5d8ca-24a5-4360-a2a1-d40a487d3ac9">
      <TestCategory>
        <TestCategoryItem TestCategory="Category1000" />
      </TestCategory>
      <Execution id="331be271-06d2-4fd7-bd20-ba6bb6d650f5" />
      <TestMethod codeBase="C:\Projekty\MSTestProject\bin\Debug\netcoreapp3.1\MSTestProject.dll" adapterTypeName="executor://mstestadapter/v2" className="TwojeWesele.Services.Helpers.Tests.CurrencyHelperTests" name="FormatToStringTest1000" />
    </UnitTest>
    <UnitTest name="FormatToStringTest1000 (6466.872242818062,6466.87 zł)" storage="c:\projekty\mstestproject\bin\debug\netcoreapp3.1\mstestproject.dll" id="8fb01b1c-424e-4423-895b-fc3042e1de99">
      <TestCategory>
        <TestCategoryItem TestCategory="Category1000" />
      </TestCategory>
      <Execution id="908358ab-467f-43ef-af94-16895c59eff5" />
      <TestMethod codeBase="C:\Projekty\MSTestProject\bin\Debug\netcoreapp3.1\MSTestProject.dll" adapterTypeName="executor://mstestadapter/v2" className="TwojeWesele.Services.Helpers.Tests.CurrencyHelperTests" name="FormatToStringTest1000" />
    </UnitTest>
    <UnitTest name="FormatToStringTest1000 (10641.263377953444,10641.26 zł)" storage="c:\projekty\mstestproject\bin\debug\netcoreapp3.1\mstestproject.dll" id="d508ea66-dbd1-4c1b-8602-1714c3e37aac">
      <TestCategory>
        <TestCategoryItem TestCategory="Category1000" />
      </TestCategory>
      <Execution id="8e833458-66b9-44ed-9471-8172a2ec61f4" />
      <TestMethod codeBase="C:\Projekty\MSTestProject\bin\Debug\netcoreapp3.1\MSTestProject.dll" adapterTypeName="executor://mstestadapter/v2" className="TwojeWesele.Services.Helpers.Tests.CurrencyHelperTests" name="FormatToStringTest1000" />
    </UnitTest>
    <UnitTest name="FormatToStringTest1000 (464.74397441965715,464.74 zł)" storage="c:\projekty\mstestproject\bin\debug\netcoreapp3.1\mstestproject.dll" id="4a40585f-4f0e-4a5b-bba0-65521e163536">
      <TestCategory>
        <TestCategoryItem TestCategory="Category1000" />
      </TestCategory>
      <Execution id="0ab48455-f271-4092-9110-501ee8805741" />
      <TestMethod codeBase="C:\Projekty\MSTestProject\bin\Debug\netcoreapp3.1\MSTestProject.dll" adapterTypeName="executor://mstestadapter/v2" className="TwojeWesele.Services.Helpers.Tests.CurrencyHelperTests" name="FormatToStringTest1000" />
    </UnitTest>
    <UnitTest name="FormatToStringTest1000 (24030.724859085738,24030.72 zł)" storage="c:\projekty\mstestproject\bin\debug\netcoreapp3.1\mstestproject.dll" id="9039d043-a121-4449-a1be-2db260571a45">
      <TestCategory>
        <TestCategoryItem TestCategory="Category1000" />
      </TestCategory>
      <Execution id="681b4c70-51fb-4f17-8f4b-197bcda11b04" />
      <TestMethod codeBase="C:\Projekty\MSTestProject\bin\Debug\netcoreapp3.1\MSTestProject.dll" adapterTypeName="executor://mstestadapter/v2" className="TwojeWesele.Services.Helpers.Tests.CurrencyHelperTests" name="FormatToStringTest1000" />
    </UnitTest>
    <UnitTest name="FormatToStringTest1000 (17835.54606576988,17835.55 zł)" storage="c:\projekty\mstestproject\bin\debug\netcoreapp3.1\mstestproject.dll" id="6d43606b-6837-4abc-a3d6-106f00aa35d5">
      <TestCategory>
        <TestCategoryItem TestCategory="Category1000" />
      </TestCategory>
      <Execution id="39810885-fb01-447c-95d5-680b06d3c546" />
      <TestMethod codeBase="C:\Projekty\MSTestProject\bin\Debug\netcoreapp3.1\MSTestProject.dll" adapterTypeName="executor://mstestadapter/v2" className="TwojeWesele.Services.Helpers.Tests.CurrencyHelperTests" name="FormatToStringTest1000" />
    </UnitTest>
    <UnitTest name="FormatToStringTest1000 (23282.56178903047,23282.56 zł)" storage="c:\projekty\mstestproject\bin\debug\netcoreapp3.1\mstestproject.dll" id="8119ae80-4aed-4af6-a63d-edbf0ceb91ab">
      <TestCategory>
        <TestCategoryItem TestCategory="Category1000" />
      </TestCategory>
      <Execution id="a8e49df3-da54-4cc7-986d-86e797637e5f" />
      <TestMethod codeBase="C:\Projekty\MSTestProject\bin\Debug\netcoreapp3.1\MSTestProject.dll" adapterTypeName="executor://mstestadapter/v2" className="TwojeWesele.Services.Helpers.Tests.CurrencyHelperTests" name="FormatToStringTest1000" />
    </UnitTest>
    <UnitTest name="FormatToStringTest1000 (30722.846572104303,30722.85 zł)" storage="c:\projekty\mstestproject\bin\debug\netcoreapp3.1\mstestproject.dll" id="fae41e11-0c0d-4e9f-b0ae-ec6c45b9b4ae">
      <TestCategory>
        <TestCategoryItem TestCategory="Category1000" />
      </TestCategory>
      <Execution id="ec79e329-2d4e-487a-9de8-30b5ddd2d692" />
      <TestMethod codeBase="C:\Projekty\MSTestProject\bin\Debug\netcoreapp3.1\MSTestProject.dll" adapterTypeName="executor://mstestadapter/v2" className="TwojeWesele.Services.Helpers.Tests.CurrencyHelperTests" name="FormatToStringTest1000" />
    </UnitTest>
    <UnitTest name="FormatToStringTest1000 (19462.729986486367,19462.73 zł)" storage="c:\projekty\mstestproject\bin\debug\netcoreapp3.1\mstestproject.dll" id="c76b9d10-1a1d-4b82-af23-1a802b4cd81e">
      <TestCategory>
        <TestCategoryItem TestCategory="Category1000" />
      </TestCategory>
      <Execution id="ec2bf83d-53b2-404e-8e7b-524adb68c4c6" />
      <TestMethod codeBase="C:\Projekty\MSTestProject\bin\Debug\netcoreapp3.1\MSTestProject.dll" adapterTypeName="executor://mstestadapter/v2" className="TwojeWesele.Services.Helpers.Tests.CurrencyHelperTests" name="FormatToStringTest1000" />
    </UnitTest>
    <UnitTest name="FormatToStringTest1000 (6654.099431086378,6654.10 zł)" storage="c:\projekty\mstestproject\bin\debug\netcoreapp3.1\mstestproject.dll" id="5bef9b78-8b4b-41e3-9d32-e4c809d7a0d1">
      <TestCategory>
        <TestCategoryItem TestCategory="Category1000" />
      </TestCategory>
      <Execution id="4c5422d3-3c65-487f-81c0-a15e144fe39c" />
      <TestMethod codeBase="C:\Projekty\MSTestProject\bin\Debug\netcoreapp3.1\MSTestProject.dll" adapterTypeName="executor://mstestadapter/v2" className="TwojeWesele.Services.Helpers.Tests.CurrencyHelperTests" name="FormatToStringTest1000" />
    </UnitTest>
    <UnitTest name="FormatToStringTest1000 (16957.4523676757,16957.45 zł)" storage="c:\projekty\mstestproject\bin\debug\netcoreapp3.1\mstestproject.dll" id="0dfee752-12bd-44e0-9cdf-54094baa0091">
      <TestCategory>
        <TestCategoryItem TestCategory="Category1000" />
      </TestCategory>
      <Execution id="b9173834-2638-4545-b64e-a5cf0d74928a" />
      <TestMethod codeBase="C:\Projekty\MSTestProject\bin\Debug\netcoreapp3.1\MSTestProject.dll" adapterTypeName="executor://mstestadapter/v2" className="TwojeWesele.Services.Helpers.Tests.CurrencyHelperTests" name="FormatToStringTest1000" />
    </UnitTest>
    <UnitTest name="FormatToStringTest1000 (9897.705953436767,9897.71 zł)" storage="c:\projekty\mstestproject\bin\debug\netcoreapp3.1\mstestproject.dll" id="c54efcae-bea9-4eb9-907f-5f283b3b6776">
      <TestCategory>
        <TestCategoryItem TestCategory="Category1000" />
      </TestCategory>
      <Execution id="e8cc3e15-5709-44f0-9334-cf26e281b6c9" />
      <TestMethod codeBase="C:\Projekty\MSTestProject\bin\Debug\netcoreapp3.1\MSTestProject.dll" adapterTypeName="executor://mstestadapter/v2" className="TwojeWesele.Services.Helpers.Tests.CurrencyHelperTests" name="FormatToStringTest1000" />
    </UnitTest>
    <UnitTest name="FormatToStringTest1000 (24528.124092612474,24528.12 zł)" storage="c:\projekty\mstestproject\bin\debug\netcoreapp3.1\mstestproject.dll" id="0432c808-a6d9-489b-aabf-8c2aa1732b4b">
      <TestCategory>
        <TestCategoryItem TestCategory="Category1000" />
      </TestCategory>
      <Execution id="d0e6da92-b49c-4ced-be3b-b57901f50892" />
      <TestMethod codeBase="C:\Projekty\MSTestProject\bin\Debug\netcoreapp3.1\MSTestProject.dll" adapterTypeName="executor://mstestadapter/v2" className="TwojeWesele.Services.Helpers.Tests.CurrencyHelperTests" name="FormatToStringTest1000" />
    </UnitTest>
    <UnitTest name="FormatToStringTest1000 (18424.864078561244,18424.86 zł)" storage="c:\projekty\mstestproject\bin\debug\netcoreapp3.1\mstestproject.dll" id="d45ef10c-c693-4046-83ff-42908eabc903">
      <TestCategory>
        <TestCategoryItem TestCategory="Category1000" />
      </TestCategory>
      <Execution id="84b56711-6c3e-48aa-aca2-4ab548396c5e" />
      <TestMethod codeBase="C:\Projekty\MSTestProject\bin\Debug\netcoreapp3.1\MSTestProject.dll" adapterTypeName="executor://mstestadapter/v2" className="TwojeWesele.Services.Helpers.Tests.CurrencyHelperTests" name="FormatToStringTest1000" />
    </UnitTest>
    <UnitTest name="FormatToStringTest1000 (5396.620088554277,5396.62 zł)" storage="c:\projekty\mstestproject\bin\debug\netcoreapp3.1\mstestproject.dll" id="f85d48d1-d4ce-4a1f-a493-6a266fdef24d">
      <TestCategory>
        <TestCategoryItem TestCategory="Category1000" />
      </TestCategory>
      <Execution id="5dd8c384-c06e-4d18-afd4-c92da35d181d" />
      <TestMethod codeBase="C:\Projekty\MSTestProject\bin\Debug\netcoreapp3.1\MSTestProject.dll" adapterTypeName="executor://mstestadapter/v2" className="TwojeWesele.Services.Helpers.Tests.CurrencyHelperTests" name="FormatToStringTest1000" />
    </UnitTest>
    <UnitTest name="FormatToStringTest1000 (5749.124990274722,5749.12 zł)" storage="c:\projekty\mstestproject\bin\debug\netcoreapp3.1\mstestproject.dll" id="1c0881e1-420b-44af-9061-640e2bbe70f9">
      <TestCategory>
        <TestCategoryItem TestCategory="Category1000" />
      </TestCategory>
      <Execution id="4addab4b-f88d-41ee-9864-b59838214c5b" />
      <TestMethod codeBase="C:\Projekty\MSTestProject\bin\Debug\netcoreapp3.1\MSTestProject.dll" adapterTypeName="executor://mstestadapter/v2" className="TwojeWesele.Services.Helpers.Tests.CurrencyHelperTests" name="FormatToStringTest1000" />
    </UnitTest>
    <UnitTest name="FormatToStringTest1000 (545.7016866634142,545.70 zł)" storage="c:\projekty\mstestproject\bin\debug\netcoreapp3.1\mstestproject.dll" id="1bdd2f41-5159-4cb1-a3cd-03f65427ab3f">
      <TestCategory>
        <TestCategoryItem TestCategory="Category1000" />
      </TestCategory>
      <Execution id="7452b40c-3cb9-42d9-8c46-b5c976a05995" />
      <TestMethod codeBase="C:\Projekty\MSTestProject\bin\Debug\netcoreapp3.1\MSTestProject.dll" adapterTypeName="executor://mstestadapter/v2" className="TwojeWesele.Services.Helpers.Tests.CurrencyHelperTests" name="FormatToStringTest1000" />
    </UnitTest>
    <UnitTest name="FormatToStringTest1000 (25288.32036814574,25288.32 zł)" storage="c:\projekty\mstestproject\bin\debug\netcoreapp3.1\mstestproject.dll" id="63dfb189-5d7e-4ec7-b03f-c06177c41039">
      <TestCategory>
        <TestCategoryItem TestCategory="Category1000" />
      </TestCategory>
      <Execution id="2b5ee583-9529-4911-80b9-122ac2814d79" />
      <TestMethod codeBase="C:\Projekty\MSTestProject\bin\Debug\netcoreapp3.1\MSTestProject.dll" adapterTypeName="executor://mstestadapter/v2" className="TwojeWesele.Services.Helpers.Tests.CurrencyHelperTests" name="FormatToStringTest1000" />
    </UnitTest>
    <UnitTest name="FormatToStringTest1000 (11624.834848273003,11624.83 zł)" storage="c:\projekty\mstestproject\bin\debug\netcoreapp3.1\mstestproject.dll" id="35850cd7-5775-4b60-bb13-ed26b400e058">
      <TestCategory>
        <TestCategoryItem TestCategory="Category1000" />
      </TestCategory>
      <Execution id="e63c4200-f900-4440-95dc-9b6a407476ca" />
      <TestMethod codeBase="C:\Projekty\MSTestProject\bin\Debug\netcoreapp3.1\MSTestProject.dll" adapterTypeName="executor://mstestadapter/v2" className="TwojeWesele.Services.Helpers.Tests.CurrencyHelperTests" name="FormatToStringTest1000" />
    </UnitTest>
    <UnitTest name="FormatToStringTest1000 (1821.7083499085663,1821.71 zł)" storage="c:\projekty\mstestproject\bin\debug\netcoreapp3.1\mstestproject.dll" id="78a2648d-c67e-4445-87af-336e14cb3ea6">
      <TestCategory>
        <TestCategoryItem TestCategory="Category1000" />
      </TestCategory>
      <Execution id="80db8a79-bcf1-4df0-b2c8-b69d06718294" />
      <TestMethod codeBase="C:\Projekty\MSTestProject\bin\Debug\netcoreapp3.1\MSTestProject.dll" adapterTypeName="executor://mstestadapter/v2" className="TwojeWesele.Services.Helpers.Tests.CurrencyHelperTests" name="FormatToStringTest1000" />
    </UnitTest>
    <UnitTest name="FormatToStringTest1000 (5140.16338917155,5140.16 zł)" storage="c:\projekty\mstestproject\bin\debug\netcoreapp3.1\mstestproject.dll" id="00eae03b-f396-494a-b386-76804a6e0ff6">
      <TestCategory>
        <TestCategoryItem TestCategory="Category1000" />
      </TestCategory>
      <Execution id="b0284f25-05a5-4848-b4a8-9ad123259096" />
      <TestMethod codeBase="C:\Projekty\MSTestProject\bin\Debug\netcoreapp3.1\MSTestProject.dll" adapterTypeName="executor://mstestadapter/v2" className="TwojeWesele.Services.Helpers.Tests.CurrencyHelperTests" name="FormatToStringTest1000" />
    </UnitTest>
    <UnitTest name="FormatToStringTest1000 (941.429400278921,941.43 zł)" storage="c:\projekty\mstestproject\bin\debug\netcoreapp3.1\mstestproject.dll" id="b7e0f29c-ce83-412b-a866-ba8cd2f8cc31">
      <TestCategory>
        <TestCategoryItem TestCategory="Category1000" />
      </TestCategory>
      <Execution id="050f8141-1330-4511-835b-906dfd5227d8" />
      <TestMethod codeBase="C:\Projekty\MSTestProject\bin\Debug\netcoreapp3.1\MSTestProject.dll" adapterTypeName="executor://mstestadapter/v2" className="TwojeWesele.Services.Helpers.Tests.CurrencyHelperTests" name="FormatToStringTest1000" />
    </UnitTest>
    <UnitTest name="FormatToStringTest1000 (7753.724411372898,7753.72 zł)" storage="c:\projekty\mstestproject\bin\debug\netcoreapp3.1\mstestproject.dll" id="b3700737-6dc0-4193-b6fa-7c86906874e2">
      <TestCategory>
        <TestCategoryItem TestCategory="Category1000" />
      </TestCategory>
      <Execution id="2edbdbb5-4632-463e-b4e9-31fe1b34129c" />
      <TestMethod codeBase="C:\Projekty\MSTestProject\bin\Debug\netcoreapp3.1\MSTestProject.dll" adapterTypeName="executor://mstestadapter/v2" className="TwojeWesele.Services.Helpers.Tests.CurrencyHelperTests" name="FormatToStringTest1000" />
    </UnitTest>
    <UnitTest name="FormatToStringTest1000 (7182.939759099362,7182.94 zł)" storage="c:\projekty\mstestproject\bin\debug\netcoreapp3.1\mstestproject.dll" id="bbbcb035-30a0-4680-9e46-a2ab3e1fbb2a">
      <TestCategory>
        <TestCategoryItem TestCategory="Category1000" />
      </TestCategory>
      <Execution id="6c7d32d6-b821-4f44-8a7e-74c17f202768" />
      <TestMethod codeBase="C:\Projekty\MSTestProject\bin\Debug\netcoreapp3.1\MSTestProject.dll" adapterTypeName="executor://mstestadapter/v2" className="TwojeWesele.Services.Helpers.Tests.CurrencyHelperTests" name="FormatToStringTest1000" />
    </UnitTest>
    <UnitTest name="FormatToStringTest1000 (4812.162927013898,4812.16 zł)" storage="c:\projekty\mstestproject\bin\debug\netcoreapp3.1\mstestproject.dll" id="54859c64-7d39-4a83-84fd-faf08057bb85">
      <TestCategory>
        <TestCategoryItem TestCategory="Category1000" />
      </TestCategory>
      <Execution id="ddc237c2-3840-41b8-90e8-e4fd9a294927" />
      <TestMethod codeBase="C:\Projekty\MSTestProject\bin\Debug\netcoreapp3.1\MSTestProject.dll" adapterTypeName="executor://mstestadapter/v2" className="TwojeWesele.Services.Helpers.Tests.CurrencyHelperTests" name="FormatToStringTest1000" />
    </UnitTest>
    <UnitTest name="FormatToStringTest1000 (1745.490603896552,1745.49 zł)" storage="c:\projekty\mstestproject\bin\debug\netcoreapp3.1\mstestproject.dll" id="674fbff3-bc3b-4952-8a92-41f8d7041416">
      <TestCategory>
        <TestCategoryItem TestCategory="Category1000" />
      </TestCategory>
      <Execution id="1894531e-f3c6-4719-9d30-a7f164c9d2bb" />
      <TestMethod codeBase="C:\Projekty\MSTestProject\bin\Debug\netcoreapp3.1\MSTestProject.dll" adapterTypeName="executor://mstestadapter/v2" className="TwojeWesele.Services.Helpers.Tests.CurrencyHelperTests" name="FormatToStringTest1000" />
    </UnitTest>
    <UnitTest name="FormatToStringTest1000 (52481.07276821932,52481.07 zł)" storage="c:\projekty\mstestproject\bin\debug\netcoreapp3.1\mstestproject.dll" id="455d3969-db2f-44f1-9ec9-bcd71c51279f">
      <TestCategory>
        <TestCategoryItem TestCategory="Category1000" />
      </TestCategory>
      <Execution id="360126a9-3bda-4d52-a771-3663737e0c96" />
      <TestMethod codeBase="C:\Projekty\MSTestProject\bin\Debug\netcoreapp3.1\MSTestProject.dll" adapterTypeName="executor://mstestadapter/v2" className="TwojeWesele.Services.Helpers.Tests.CurrencyHelperTests" name="FormatToStringTest1000" />
    </UnitTest>
    <UnitTest name="FormatToStringTest1000 (25990.318498101697,25990.32 zł)" storage="c:\projekty\mstestproject\bin\debug\netcoreapp3.1\mstestproject.dll" id="94f527cf-8447-44c0-beb1-75850e9144a8">
      <TestCategory>
        <TestCategoryItem TestCategory="Category1000" />
      </TestCategory>
      <Execution id="764ec625-2f3d-476d-a415-303e765f484e" />
      <TestMethod codeBase="C:\Projekty\MSTestProject\bin\Debug\netcoreapp3.1\MSTestProject.dll" adapterTypeName="executor://mstestadapter/v2" className="TwojeWesele.Services.Helpers.Tests.CurrencyHelperTests" name="FormatToStringTest1000" />
    </UnitTest>
    <UnitTest name="FormatToStringTest1000 (56802.303118930344,56802.30 zł)" storage="c:\projekty\mstestproject\bin\debug\netcoreapp3.1\mstestproject.dll" id="f4563a85-610b-43fd-b2c2-eaaa4376db32">
      <TestCategory>
        <TestCategoryItem TestCategory="Category1000" />
      </TestCategory>
      <Execution id="31bef8cd-3186-4b0a-9bbb-b8255e1a148d" />
      <TestMethod codeBase="C:\Projekty\MSTestProject\bin\Debug\netcoreapp3.1\MSTestProject.dll" adapterTypeName="executor://mstestadapter/v2" className="TwojeWesele.Services.Helpers.Tests.CurrencyHelperTests" name="FormatToStringTest1000" />
    </UnitTest>
    <UnitTest name="FormatToStringTest1000 (75162.39407669863,75162.39 zł)" storage="c:\projekty\mstestproject\bin\debug\netcoreapp3.1\mstestproject.dll" id="b0b685de-e56d-4d53-8115-597da4630c13">
      <TestCategory>
        <TestCategoryItem TestCategory="Category1000" />
      </TestCategory>
      <Execution id="e7db257b-aace-4724-9d63-1235f2222525" />
      <TestMethod codeBase="C:\Projekty\MSTestProject\bin\Debug\netcoreapp3.1\MSTestProject.dll" adapterTypeName="executor://mstestadapter/v2" className="TwojeWesele.Services.Helpers.Tests.CurrencyHelperTests" name="FormatToStringTest1000" />
    </UnitTest>
    <UnitTest name="FormatToStringTest1000 (73301.91270130403,73301.91 zł)" storage="c:\projekty\mstestproject\bin\debug\netcoreapp3.1\mstestproject.dll" id="75008e1b-e655-4450-9aa8-e60afbc84cdf">
      <TestCategory>
        <TestCategoryItem TestCategory="Category1000" />
      </TestCategory>
      <Execution id="34de3c83-3f3b-4a22-aa7a-21c33097c8b7" />
      <TestMethod codeBase="C:\Projekty\MSTestProject\bin\Debug\netcoreapp3.1\MSTestProject.dll" adapterTypeName="executor://mstestadapter/v2" className="TwojeWesele.Services.Helpers.Tests.CurrencyHelperTests" name="FormatToStringTest1000" />
    </UnitTest>
    <UnitTest name="FormatToStringTest1000 (16208.076866391615,16208.08 zł)" storage="c:\projekty\mstestproject\bin\debug\netcoreapp3.1\mstestproject.dll" id="beff1fc5-a62b-4d78-be11-7ddf7af47b8f">
      <TestCategory>
        <TestCategoryItem TestCategory="Category1000" />
      </TestCategory>
      <Execution id="2bd89546-5432-426c-aa95-b4499323e3fc" />
      <TestMethod codeBase="C:\Projekty\MSTestProject\bin\Debug\netcoreapp3.1\MSTestProject.dll" adapterTypeName="executor://mstestadapter/v2" className="TwojeWesele.Services.Helpers.Tests.CurrencyHelperTests" name="FormatToStringTest1000" />
    </UnitTest>
    <UnitTest name="FormatToStringTest1000 (27852.532163303127,27852.53 zł)" storage="c:\projekty\mstestproject\bin\debug\netcoreapp3.1\mstestproject.dll" id="a637139a-acb9-4df8-ba8a-49f924ece54a">
      <TestCategory>
        <TestCategoryItem TestCategory="Category1000" />
      </TestCategory>
      <Execution id="afc148a2-b41d-4bd9-aaa3-f8bc3d13bcbf" />
      <TestMethod codeBase="C:\Projekty\MSTestProject\bin\Debug\netcoreapp3.1\MSTestProject.dll" adapterTypeName="executor://mstestadapter/v2" className="TwojeWesele.Services.Helpers.Tests.CurrencyHelperTests" name="FormatToStringTest1000" />
    </UnitTest>
    <UnitTest name="FormatToStringTest1000 (1300.9430775404642,1300.94 zł)" storage="c:\projekty\mstestproject\bin\debug\netcoreapp3.1\mstestproject.dll" id="b7d3a3fd-e401-435b-97a1-cfdbcd7e9e4b">
      <TestCategory>
        <TestCategoryItem TestCategory="Category1000" />
      </TestCategory>
      <Execution id="1312c0ed-09b9-4063-bb65-bc7f7b3a574d" />
      <TestMethod codeBase="C:\Projekty\MSTestProject\bin\Debug\netcoreapp3.1\MSTestProject.dll" adapterTypeName="executor://mstestadapter/v2" className="TwojeWesele.Services.Helpers.Tests.CurrencyHelperTests" name="FormatToStringTest1000" />
    </UnitTest>
    <UnitTest name="FormatToStringTest1000 (23120.169499649743,23120.17 zł)" storage="c:\projekty\mstestproject\bin\debug\netcoreapp3.1\mstestproject.dll" id="504ee910-f74f-41e2-807c-a55a22b41473">
      <TestCategory>
        <TestCategoryItem TestCategory="Category1000" />
      </TestCategory>
      <Execution id="94470b56-c0f0-4d43-9e5b-eda46c41f64f" />
      <TestMethod codeBase="C:\Projekty\MSTestProject\bin\Debug\netcoreapp3.1\MSTestProject.dll" adapterTypeName="executor://mstestadapter/v2" className="TwojeWesele.Services.Helpers.Tests.CurrencyHelperTests" name="FormatToStringTest1000" />
    </UnitTest>
    <UnitTest name="FormatToStringTest1000 (86.89546322771136,86.90 zł)" storage="c:\projekty\mstestproject\bin\debug\netcoreapp3.1\mstestproject.dll" id="8ace9cbb-e559-4d1b-b52d-fe970463d36d">
      <TestCategory>
        <TestCategoryItem TestCategory="Category1000" />
      </TestCategory>
      <Execution id="7d5e0917-bf28-4545-b45b-e78c96ba6011" />
      <TestMethod codeBase="C:\Projekty\MSTestProject\bin\Debug\netcoreapp3.1\MSTestProject.dll" adapterTypeName="executor://mstestadapter/v2" className="TwojeWesele.Services.Helpers.Tests.CurrencyHelperTests" name="FormatToStringTest1000" />
    </UnitTest>
    <UnitTest name="FormatToStringTest1000 (49672.98901987402,49672.99 zł)" storage="c:\projekty\mstestproject\bin\debug\netcoreapp3.1\mstestproject.dll" id="1b9a0649-4138-4c84-a85b-a1be42f4e581">
      <TestCategory>
        <TestCategoryItem TestCategory="Category1000" />
      </TestCategory>
      <Execution id="9e4154ce-f4f3-4c8f-b9af-24f8071089a8" />
      <TestMethod codeBase="C:\Projekty\MSTestProject\bin\Debug\netcoreapp3.1\MSTestProject.dll" adapterTypeName="executor://mstestadapter/v2" className="TwojeWesele.Services.Helpers.Tests.CurrencyHelperTests" name="FormatToStringTest1000" />
    </UnitTest>
    <UnitTest name="FormatToStringTest1000 (6173.0243155793405,6173.02 zł)" storage="c:\projekty\mstestproject\bin\debug\netcoreapp3.1\mstestproject.dll" id="1b572c2f-faee-4a1a-9a3a-2dfcdf7cf6a2">
      <TestCategory>
        <TestCategoryItem TestCategory="Category1000" />
      </TestCategory>
      <Execution id="d1b20f77-282e-41fc-951a-6e419243a9ef" />
      <TestMethod codeBase="C:\Projekty\MSTestProject\bin\Debug\netcoreapp3.1\MSTestProject.dll" adapterTypeName="executor://mstestadapter/v2" className="TwojeWesele.Services.Helpers.Tests.CurrencyHelperTests" name="FormatToStringTest1000" />
    </UnitTest>
    <UnitTest name="FormatToStringTest1000 (14063.90676654871,14063.91 zł)" storage="c:\projekty\mstestproject\bin\debug\netcoreapp3.1\mstestproject.dll" id="ae060f27-57ad-4008-92cb-ac8a1cfa5770">
      <TestCategory>
        <TestCategoryItem TestCategory="Category1000" />
      </TestCategory>
      <Execution id="388585cb-496e-4027-9133-8f2027fef60f" />
      <TestMethod codeBase="C:\Projekty\MSTestProject\bin\Debug\netcoreapp3.1\MSTestProject.dll" adapterTypeName="executor://mstestadapter/v2" className="TwojeWesele.Services.Helpers.Tests.CurrencyHelperTests" name="FormatToStringTest1000" />
    </UnitTest>
    <UnitTest name="FormatToStringTest1000 (1741.3334432818617,1741.33 zł)" storage="c:\projekty\mstestproject\bin\debug\netcoreapp3.1\mstestproject.dll" id="d6bda3bd-306a-4293-812e-7bfb7b327fd4">
      <TestCategory>
        <TestCategoryItem TestCategory="Category1000" />
      </TestCategory>
      <Execution id="f8b0aa6f-42f9-49ec-9cb9-2e94d8e3649a" />
      <TestMethod codeBase="C:\Projekty\MSTestProject\bin\Debug\netcoreapp3.1\MSTestProject.dll" adapterTypeName="executor://mstestadapter/v2" className="TwojeWesele.Services.Helpers.Tests.CurrencyHelperTests" name="FormatToStringTest1000" />
    </UnitTest>
    <UnitTest name="FormatToStringTest1000 (12610.563163818122,12610.56 zł)" storage="c:\projekty\mstestproject\bin\debug\netcoreapp3.1\mstestproject.dll" id="c00ce69e-ac4d-4d49-973b-0a2afd75ef1b">
      <TestCategory>
        <TestCategoryItem TestCategory="Category1000" />
      </TestCategory>
      <Execution id="1b73cf45-78da-465b-a620-6cd8675737cb" />
      <TestMethod codeBase="C:\Projekty\MSTestProject\bin\Debug\netcoreapp3.1\MSTestProject.dll" adapterTypeName="executor://mstestadapter/v2" className="TwojeWesele.Services.Helpers.Tests.CurrencyHelperTests" name="FormatToStringTest1000" />
    </UnitTest>
    <UnitTest name="FormatToStringTest1000 (51529.79033960206,51529.79 zł)" storage="c:\projekty\mstestproject\bin\debug\netcoreapp3.1\mstestproject.dll" id="a0fdc695-2299-4329-b730-56214381b34a">
      <TestCategory>
        <TestCategoryItem TestCategory="Category1000" />
      </TestCategory>
      <Execution id="30e21a24-4ae1-4308-badc-1d0d536b5380" />
      <TestMethod codeBase="C:\Projekty\MSTestProject\bin\Debug\netcoreapp3.1\MSTestProject.dll" adapterTypeName="executor://mstestadapter/v2" className="TwojeWesele.Services.Helpers.Tests.CurrencyHelperTests" name="FormatToStringTest1000" />
    </UnitTest>
    <UnitTest name="FormatToStringTest1000 (14198.39903067723,14198.40 zł)" storage="c:\projekty\mstestproject\bin\debug\netcoreapp3.1\mstestproject.dll" id="48c37ac1-6105-428a-8e7f-d53d79cc3b7b">
      <TestCategory>
        <TestCategoryItem TestCategory="Category1000" />
      </TestCategory>
      <Execution id="edc56c2c-aea3-4222-ad7c-1101f6230d40" />
      <TestMethod codeBase="C:\Projekty\MSTestProject\bin\Debug\netcoreapp3.1\MSTestProject.dll" adapterTypeName="executor://mstestadapter/v2" className="TwojeWesele.Services.Helpers.Tests.CurrencyHelperTests" name="FormatToStringTest1000" />
    </UnitTest>
    <UnitTest name="FormatToStringTest1000 (78796.90433980194,78796.90 zł)" storage="c:\projekty\mstestproject\bin\debug\netcoreapp3.1\mstestproject.dll" id="13e43a5b-e976-4c4c-a013-b853607254dd">
      <TestCategory>
        <TestCategoryItem TestCategory="Category1000" />
      </TestCategory>
      <Execution id="1c7bcd8f-9d90-4fed-93bc-81988eb6fc5f" />
      <TestMethod codeBase="C:\Projekty\MSTestProject\bin\Debug\netcoreapp3.1\MSTestProject.dll" adapterTypeName="executor://mstestadapter/v2" className="TwojeWesele.Services.Helpers.Tests.CurrencyHelperTests" name="FormatToStringTest1000" />
    </UnitTest>
    <UnitTest name="FormatToStringTest1000 (22533.17694295811,22533.18 zł)" storage="c:\projekty\mstestproject\bin\debug\netcoreapp3.1\mstestproject.dll" id="5ce826b6-52c7-4864-8928-a624a5e3b013">
      <TestCategory>
        <TestCategoryItem TestCategory="Category1000" />
      </TestCategory>
      <Execution id="b484ad84-e72e-4926-b7f4-aa31dd8b3a27" />
      <TestMethod codeBase="C:\Projekty\MSTestProject\bin\Debug\netcoreapp3.1\MSTestProject.dll" adapterTypeName="executor://mstestadapter/v2" className="TwojeWesele.Services.Helpers.Tests.CurrencyHelperTests" name="FormatToStringTest1000" />
    </UnitTest>
    <UnitTest name="FormatToStringTest1000 (66019.32414194118,66019.32 zł)" storage="c:\projekty\mstestproject\bin\debug\netcoreapp3.1\mstestproject.dll" id="8de8742f-9d71-4b9f-9136-5c84e707aa3f">
      <TestCategory>
        <TestCategoryItem TestCategory="Category1000" />
      </TestCategory>
      <Execution id="e0477b6a-41fe-463e-9a27-5c2d71247859" />
      <TestMethod codeBase="C:\Projekty\MSTestProject\bin\Debug\netcoreapp3.1\MSTestProject.dll" adapterTypeName="executor://mstestadapter/v2" className="TwojeWesele.Services.Helpers.Tests.CurrencyHelperTests" name="FormatToStringTest1000" />
    </UnitTest>
    <UnitTest name="FormatToStringTest1000 (3270.286035661719,3270.29 zł)" storage="c:\projekty\mstestproject\bin\debug\netcoreapp3.1\mstestproject.dll" id="b05a1667-63c1-44bf-9164-671863eb2be9">
      <TestCategory>
        <TestCategoryItem TestCategory="Category1000" />
      </TestCategory>
      <Execution id="532b7fa6-951a-4cb3-b62c-6ba99195f05c" />
      <TestMethod codeBase="C:\Projekty\MSTestProject\bin\Debug\netcoreapp3.1\MSTestProject.dll" adapterTypeName="executor://mstestadapter/v2" className="TwojeWesele.Services.Helpers.Tests.CurrencyHelperTests" name="FormatToStringTest1000" />
    </UnitTest>
    <UnitTest name="FormatToStringTest1000 (76751.79413498091,76751.79 zł)" storage="c:\projekty\mstestproject\bin\debug\netcoreapp3.1\mstestproject.dll" id="b6ea69bb-08d6-4991-8a53-9e491161db72">
      <TestCategory>
        <TestCategoryItem TestCategory="Category1000" />
      </TestCategory>
      <Execution id="788dd516-87c1-446c-90b2-10205421f482" />
      <TestMethod codeBase="C:\Projekty\MSTestProject\bin\Debug\netcoreapp3.1\MSTestProject.dll" adapterTypeName="executor://mstestadapter/v2" className="TwojeWesele.Services.Helpers.Tests.CurrencyHelperTests" name="FormatToStringTest1000" />
    </UnitTest>
    <UnitTest name="FormatToStringTest1000 (4116.417580192638,4116.42 zł)" storage="c:\projekty\mstestproject\bin\debug\netcoreapp3.1\mstestproject.dll" id="a6eab959-dc91-4aac-b58a-efe64d36c50c">
      <TestCategory>
        <TestCategoryItem TestCategory="Category1000" />
      </TestCategory>
      <Execution id="66896323-d4c7-4562-a3ec-7f962613f587" />
      <TestMethod codeBase="C:\Projekty\MSTestProject\bin\Debug\netcoreapp3.1\MSTestProject.dll" adapterTypeName="executor://mstestadapter/v2" className="TwojeWesele.Services.Helpers.Tests.CurrencyHelperTests" name="FormatToStringTest1000" />
    </UnitTest>
    <UnitTest name="FormatToStringTest1000 (397.6461894566408,397.65 zł)" storage="c:\projekty\mstestproject\bin\debug\netcoreapp3.1\mstestproject.dll" id="0b686ff6-b0bd-4be3-807d-2a49b0716528">
      <TestCategory>
        <TestCategoryItem TestCategory="Category1000" />
      </TestCategory>
      <Execution id="0c5c99cc-c9d6-4a8c-a0ed-88cfd38db185" />
      <TestMethod codeBase="C:\Projekty\MSTestProject\bin\Debug\netcoreapp3.1\MSTestProject.dll" adapterTypeName="executor://mstestadapter/v2" className="TwojeWesele.Services.Helpers.Tests.CurrencyHelperTests" name="FormatToStringTest1000" />
    </UnitTest>
    <UnitTest name="FormatToStringTest1000 (14100.01255469211,14100.01 zł)" storage="c:\projekty\mstestproject\bin\debug\netcoreapp3.1\mstestproject.dll" id="bb16a128-f386-4ca0-b421-e25a05ed0173">
      <TestCategory>
        <TestCategoryItem TestCategory="Category1000" />
      </TestCategory>
      <Execution id="1076710f-04a6-430b-b739-dea9d30e5b05" />
      <TestMethod codeBase="C:\Projekty\MSTestProject\bin\Debug\netcoreapp3.1\MSTestProject.dll" adapterTypeName="executor://mstestadapter/v2" className="TwojeWesele.Services.Helpers.Tests.CurrencyHelperTests" name="FormatToStringTest1000" />
    </UnitTest>
    <UnitTest name="FormatToStringTest1000 (3646.857719214101,3646.86 zł)" storage="c:\projekty\mstestproject\bin\debug\netcoreapp3.1\mstestproject.dll" id="30c2b3ef-a441-4b67-afff-00fb3a43a453">
      <TestCategory>
        <TestCategoryItem TestCategory="Category1000" />
      </TestCategory>
      <Execution id="b1f4379e-5e17-4e51-b1f0-0a39098b2626" />
      <TestMethod codeBase="C:\Projekty\MSTestProject\bin\Debug\netcoreapp3.1\MSTestProject.dll" adapterTypeName="executor://mstestadapter/v2" className="TwojeWesele.Services.Helpers.Tests.CurrencyHelperTests" name="FormatToStringTest1000" />
    </UnitTest>
    <UnitTest name="FormatToStringTest1000 (9816.961298880615,9816.96 zł)" storage="c:\projekty\mstestproject\bin\debug\netcoreapp3.1\mstestproject.dll" id="d1929255-461e-42e7-b33f-73b2a4c9016f">
      <TestCategory>
        <TestCategoryItem TestCategory="Category1000" />
      </TestCategory>
      <Execution id="30ed0be5-0401-4eb1-99e3-82b232d7b455" />
      <TestMethod codeBase="C:\Projekty\MSTestProject\bin\Debug\netcoreapp3.1\MSTestProject.dll" adapterTypeName="executor://mstestadapter/v2" className="TwojeWesele.Services.Helpers.Tests.CurrencyHelperTests" name="FormatToStringTest1000" />
    </UnitTest>
    <UnitTest name="FormatToStringTest1000 (9754.291367935619,9754.29 zł)" storage="c:\projekty\mstestproject\bin\debug\netcoreapp3.1\mstestproject.dll" id="7a58ef7a-6cad-4b71-861b-7b77caffb5a8">
      <TestCategory>
        <TestCategoryItem TestCategory="Category1000" />
      </TestCategory>
      <Execution id="d540c5e1-b26a-40ad-8672-2674c1d14088" />
      <TestMethod codeBase="C:\Projekty\MSTestProject\bin\Debug\netcoreapp3.1\MSTestProject.dll" adapterTypeName="executor://mstestadapter/v2" className="TwojeWesele.Services.Helpers.Tests.CurrencyHelperTests" name="FormatToStringTest1000" />
    </UnitTest>
    <UnitTest name="FormatToStringTest1000 (22494.46807976834,22494.47 zł)" storage="c:\projekty\mstestproject\bin\debug\netcoreapp3.1\mstestproject.dll" id="b7c9d3a3-36a6-4985-acb8-10f1cd6901e7">
      <TestCategory>
        <TestCategoryItem TestCategory="Category1000" />
      </TestCategory>
      <Execution id="e9c23c64-c8c4-4389-a10a-bdc814919c75" />
      <TestMethod codeBase="C:\Projekty\MSTestProject\bin\Debug\netcoreapp3.1\MSTestProject.dll" adapterTypeName="executor://mstestadapter/v2" className="TwojeWesele.Services.Helpers.Tests.CurrencyHelperTests" name="FormatToStringTest1000" />
    </UnitTest>
    <UnitTest name="FormatToStringTest1000 (16637.074429372828,16637.07 zł)" storage="c:\projekty\mstestproject\bin\debug\netcoreapp3.1\mstestproject.dll" id="15cbdb10-9929-4e59-a056-a105dd4f53ca">
      <TestCategory>
        <TestCategoryItem TestCategory="Category1000" />
      </TestCategory>
      <Execution id="7d612df9-a7ac-438b-a604-f3f4b28f15ac" />
      <TestMethod codeBase="C:\Projekty\MSTestProject\bin\Debug\netcoreapp3.1\MSTestProject.dll" adapterTypeName="executor://mstestadapter/v2" className="TwojeWesele.Services.Helpers.Tests.CurrencyHelperTests" name="FormatToStringTest1000" />
    </UnitTest>
    <UnitTest name="FormatToStringTest1000 (6864.093052674129,6864.09 zł)" storage="c:\projekty\mstestproject\bin\debug\netcoreapp3.1\mstestproject.dll" id="e342fe0e-2588-4a9d-a236-b2689180b4c7">
      <TestCategory>
        <TestCategoryItem TestCategory="Category1000" />
      </TestCategory>
      <Execution id="70a7e654-debc-4782-ba94-317cfc39d4b2" />
      <TestMethod codeBase="C:\Projekty\MSTestProject\bin\Debug\netcoreapp3.1\MSTestProject.dll" adapterTypeName="executor://mstestadapter/v2" className="TwojeWesele.Services.Helpers.Tests.CurrencyHelperTests" name="FormatToStringTest1000" />
    </UnitTest>
    <UnitTest name="FormatToStringTest1000 (11430.666613002619,11430.67 zł)" storage="c:\projekty\mstestproject\bin\debug\netcoreapp3.1\mstestproject.dll" id="47d84f35-9ba1-476d-ad11-0081167cb75b">
      <TestCategory>
        <TestCategoryItem TestCategory="Category1000" />
      </TestCategory>
      <Execution id="4f878fa7-bf8d-4ef4-b43c-7d490d177388" />
      <TestMethod codeBase="C:\Projekty\MSTestProject\bin\Debug\netcoreapp3.1\MSTestProject.dll" adapterTypeName="executor://mstestadapter/v2" className="TwojeWesele.Services.Helpers.Tests.CurrencyHelperTests" name="FormatToStringTest1000" />
    </UnitTest>
    <UnitTest name="FormatToStringTest1000 (19840.47672110632,19840.48 zł)" storage="c:\projekty\mstestproject\bin\debug\netcoreapp3.1\mstestproject.dll" id="a9ca0de5-29a5-4f53-844e-95bdf3b1b6ae">
      <TestCategory>
        <TestCategoryItem TestCategory="Category1000" />
      </TestCategory>
      <Execution id="b0bd613f-9152-4e9e-a1a7-614a9769cb9e" />
      <TestMethod codeBase="C:\Projekty\MSTestProject\bin\Debug\netcoreapp3.1\MSTestProject.dll" adapterTypeName="executor://mstestadapter/v2" className="TwojeWesele.Services.Helpers.Tests.CurrencyHelperTests" name="FormatToStringTest1000" />
    </UnitTest>
    <UnitTest name="FormatToStringTest1000 (14459.57059750686,14459.57 zł)" storage="c:\projekty\mstestproject\bin\debug\netcoreapp3.1\mstestproject.dll" id="34462ac4-f69a-4ea8-9a42-73d937d16b06">
      <TestCategory>
        <TestCategoryItem TestCategory="Category1000" />
      </TestCategory>
      <Execution id="c0989292-762a-4946-ba10-c854e9df54ca" />
      <TestMethod codeBase="C:\Projekty\MSTestProject\bin\Debug\netcoreapp3.1\MSTestProject.dll" adapterTypeName="executor://mstestadapter/v2" className="TwojeWesele.Services.Helpers.Tests.CurrencyHelperTests" name="FormatToStringTest1000" />
    </UnitTest>
    <UnitTest name="FormatToStringTest1000 (46607.970025941715,46607.97 zł)" storage="c:\projekty\mstestproject\bin\debug\netcoreapp3.1\mstestproject.dll" id="0dac3181-03dc-4e04-821c-4e49b85b1315">
      <TestCategory>
        <TestCategoryItem TestCategory="Category1000" />
      </TestCategory>
      <Execution id="62aa7c2d-4c41-4caa-b031-fade2fdd55e0" />
      <TestMethod codeBase="C:\Projekty\MSTestProject\bin\Debug\netcoreapp3.1\MSTestProject.dll" adapterTypeName="executor://mstestadapter/v2" className="TwojeWesele.Services.Helpers.Tests.CurrencyHelperTests" name="FormatToStringTest1000" />
    </UnitTest>
    <UnitTest name="FormatToStringTest1000 (32812.53695512634,32812.54 zł)" storage="c:\projekty\mstestproject\bin\debug\netcoreapp3.1\mstestproject.dll" id="f4e2a437-8326-429a-88fd-8cbf243e4e69">
      <TestCategory>
        <TestCategoryItem TestCategory="Category1000" />
      </TestCategory>
      <Execution id="b82583c4-7329-4f4d-bd3a-03013fe09ab1" />
      <TestMethod codeBase="C:\Projekty\MSTestProject\bin\Debug\netcoreapp3.1\MSTestProject.dll" adapterTypeName="executor://mstestadapter/v2" className="TwojeWesele.Services.Helpers.Tests.CurrencyHelperTests" name="FormatToStringTest1000" />
    </UnitTest>
    <UnitTest name="FormatToStringTest1000 (8347.417790138823,8347.42 zł)" storage="c:\projekty\mstestproject\bin\debug\netcoreapp3.1\mstestproject.dll" id="b5e658ff-b1aa-4ec0-a01f-bcef4d6efb2c">
      <TestCategory>
        <TestCategoryItem TestCategory="Category1000" />
      </TestCategory>
      <Execution id="ec958694-e02c-4807-9fd0-ea1c93e75d36" />
      <TestMethod codeBase="C:\Projekty\MSTestProject\bin\Debug\netcoreapp3.1\MSTestProject.dll" adapterTypeName="executor://mstestadapter/v2" className="TwojeWesele.Services.Helpers.Tests.CurrencyHelperTests" name="FormatToStringTest1000" />
    </UnitTest>
    <UnitTest name="FormatToStringTest1000 (16901.497392274203,16901.50 zł)" storage="c:\projekty\mstestproject\bin\debug\netcoreapp3.1\mstestproject.dll" id="9e57343a-39a2-4e99-a978-b39e7031e83b">
      <TestCategory>
        <TestCategoryItem TestCategory="Category1000" />
      </TestCategory>
      <Execution id="5e377d82-e5c6-4180-9811-5b54e7023f1f" />
      <TestMethod codeBase="C:\Projekty\MSTestProject\bin\Debug\netcoreapp3.1\MSTestProject.dll" adapterTypeName="executor://mstestadapter/v2" className="TwojeWesele.Services.Helpers.Tests.CurrencyHelperTests" name="FormatToStringTest1000" />
    </UnitTest>
    <UnitTest name="FormatToStringTest1000 (29362.005930638876,29362.01 zł)" storage="c:\projekty\mstestproject\bin\debug\netcoreapp3.1\mstestproject.dll" id="12963ac9-eaab-4847-aa07-9377a3a7fcb3">
      <TestCategory>
        <TestCategoryItem TestCategory="Category1000" />
      </TestCategory>
      <Execution id="0baa79fc-28a9-45d1-b9f5-bb266fddad53" />
      <TestMethod codeBase="C:\Projekty\MSTestProject\bin\Debug\netcoreapp3.1\MSTestProject.dll" adapterTypeName="executor://mstestadapter/v2" className="TwojeWesele.Services.Helpers.Tests.CurrencyHelperTests" name="FormatToStringTest1000" />
    </UnitTest>
    <UnitTest name="FormatToStringTest1000 (34458.5406463512,34458.54 zł)" storage="c:\projekty\mstestproject\bin\debug\netcoreapp3.1\mstestproject.dll" id="513901b3-0616-4b06-95ac-e6ad66fadf98">
      <TestCategory>
        <TestCategoryItem TestCategory="Category1000" />
      </TestCategory>
      <Execution id="f0c5d564-cc77-4285-bc3b-233fd50914c8" />
      <TestMethod codeBase="C:\Projekty\MSTestProject\bin\Debug\netcoreapp3.1\MSTestProject.dll" adapterTypeName="executor://mstestadapter/v2" className="TwojeWesele.Services.Helpers.Tests.CurrencyHelperTests" name="FormatToStringTest1000" />
    </UnitTest>
    <UnitTest name="FormatToStringTest1000 (79973.08417819678,79973.08 zł)" storage="c:\projekty\mstestproject\bin\debug\netcoreapp3.1\mstestproject.dll" id="3a893753-5e63-4dbc-8be7-33fe9eb638d5">
      <TestCategory>
        <TestCategoryItem TestCategory="Category1000" />
      </TestCategory>
      <Execution id="8ac74285-a563-4d3a-a210-748d0ebb69e5" />
      <TestMethod codeBase="C:\Projekty\MSTestProject\bin\Debug\netcoreapp3.1\MSTestProject.dll" adapterTypeName="executor://mstestadapter/v2" className="TwojeWesele.Services.Helpers.Tests.CurrencyHelperTests" name="FormatToStringTest1000" />
    </UnitTest>
    <UnitTest name="FormatToStringTest1000 (76106.57198894516,76106.57 zł)" storage="c:\projekty\mstestproject\bin\debug\netcoreapp3.1\mstestproject.dll" id="7f279ff2-6690-41f2-8a0d-4271d64e8e3c">
      <TestCategory>
        <TestCategoryItem TestCategory="Category1000" />
      </TestCategory>
      <Execution id="54dc6205-1767-4f1d-b22c-e6847433aa4d" />
      <TestMethod codeBase="C:\Projekty\MSTestProject\bin\Debug\netcoreapp3.1\MSTestProject.dll" adapterTypeName="executor://mstestadapter/v2" className="TwojeWesele.Services.Helpers.Tests.CurrencyHelperTests" name="FormatToStringTest1000" />
    </UnitTest>
    <UnitTest name="FormatToStringTest1000 (13323.876109275909,13323.88 zł)" storage="c:\projekty\mstestproject\bin\debug\netcoreapp3.1\mstestproject.dll" id="9c1e2343-e665-4cbf-9566-c6d0fc169c86">
      <TestCategory>
        <TestCategoryItem TestCategory="Category1000" />
      </TestCategory>
      <Execution id="f9d849b3-8ed4-47d1-9bae-4a4e9b49af2c" />
      <TestMethod codeBase="C:\Projekty\MSTestProject\bin\Debug\netcoreapp3.1\MSTestProject.dll" adapterTypeName="executor://mstestadapter/v2" className="TwojeWesele.Services.Helpers.Tests.CurrencyHelperTests" name="FormatToStringTest1000" />
    </UnitTest>
    <UnitTest name="FormatToStringTest1000 (69864.17463991146,69864.17 zł)" storage="c:\projekty\mstestproject\bin\debug\netcoreapp3.1\mstestproject.dll" id="a7fa5ee6-6ef9-4801-ab19-18b6e4cd33d2">
      <TestCategory>
        <TestCategoryItem TestCategory="Category1000" />
      </TestCategory>
      <Execution id="c86ef51e-5b89-4d69-9cec-1044eab42fb9" />
      <TestMethod codeBase="C:\Projekty\MSTestProject\bin\Debug\netcoreapp3.1\MSTestProject.dll" adapterTypeName="executor://mstestadapter/v2" className="TwojeWesele.Services.Helpers.Tests.CurrencyHelperTests" name="FormatToStringTest1000" />
    </UnitTest>
    <UnitTest name="FormatToStringTest1000 (24695.917440203913,24695.92 zł)" storage="c:\projekty\mstestproject\bin\debug\netcoreapp3.1\mstestproject.dll" id="18c44266-2258-467d-8a7f-422bd8b30a3a">
      <TestCategory>
        <TestCategoryItem TestCategory="Category1000" />
      </TestCategory>
      <Execution id="974464ac-ddda-4a37-abc6-5636fe26ab9b" />
      <TestMethod codeBase="C:\Projekty\MSTestProject\bin\Debug\netcoreapp3.1\MSTestProject.dll" adapterTypeName="executor://mstestadapter/v2" className="TwojeWesele.Services.Helpers.Tests.CurrencyHelperTests" name="FormatToStringTest1000" />
    </UnitTest>
    <UnitTest name="FormatToStringTest1000 (7671.0039663785155,7671.00 zł)" storage="c:\projekty\mstestproject\bin\debug\netcoreapp3.1\mstestproject.dll" id="f488a6c0-d96d-4b31-81c2-e05bb45ddaef">
      <TestCategory>
        <TestCategoryItem TestCategory="Category1000" />
      </TestCategory>
      <Execution id="209ff326-3b90-4d82-bd8c-e80865e1c5a2" />
      <TestMethod codeBase="C:\Projekty\MSTestProject\bin\Debug\netcoreapp3.1\MSTestProject.dll" adapterTypeName="executor://mstestadapter/v2" className="TwojeWesele.Services.Helpers.Tests.CurrencyHelperTests" name="FormatToStringTest1000" />
    </UnitTest>
    <UnitTest name="FormatToStringTest1000 (32218.080508120394,32218.08 zł)" storage="c:\projekty\mstestproject\bin\debug\netcoreapp3.1\mstestproject.dll" id="142ee18e-6c0d-4ea1-85bd-66c2072f3820">
      <TestCategory>
        <TestCategoryItem TestCategory="Category1000" />
      </TestCategory>
      <Execution id="2ee1b318-8667-4464-8f81-16bfc85a101c" />
      <TestMethod codeBase="C:\Projekty\MSTestProject\bin\Debug\netcoreapp3.1\MSTestProject.dll" adapterTypeName="executor://mstestadapter/v2" className="TwojeWesele.Services.Helpers.Tests.CurrencyHelperTests" name="FormatToStringTest1000" />
    </UnitTest>
    <UnitTest name="FormatToStringTest1000 (5810.695934967462,5810.70 zł)" storage="c:\projekty\mstestproject\bin\debug\netcoreapp3.1\mstestproject.dll" id="87ac1651-882b-4173-83ca-65659d8686d7">
      <TestCategory>
        <TestCategoryItem TestCategory="Category1000" />
      </TestCategory>
      <Execution id="d688b366-295c-4041-9d21-8f4ed7d2a41c" />
      <TestMethod codeBase="C:\Projekty\MSTestProject\bin\Debug\netcoreapp3.1\MSTestProject.dll" adapterTypeName="executor://mstestadapter/v2" className="TwojeWesele.Services.Helpers.Tests.CurrencyHelperTests" name="FormatToStringTest1000" />
    </UnitTest>
    <UnitTest name="FormatToStringTest1000 (31424.298858482067,31424.30 zł)" storage="c:\projekty\mstestproject\bin\debug\netcoreapp3.1\mstestproject.dll" id="140488b5-42ff-4030-9e76-f3d7cc01db1f">
      <TestCategory>
        <TestCategoryItem TestCategory="Category1000" />
      </TestCategory>
      <Execution id="1f6738f9-1729-4ca3-b2ea-8dc581086b23" />
      <TestMethod codeBase="C:\Projekty\MSTestProject\bin\Debug\netcoreapp3.1\MSTestProject.dll" adapterTypeName="executor://mstestadapter/v2" className="TwojeWesele.Services.Helpers.Tests.CurrencyHelperTests" name="FormatToStringTest1000" />
    </UnitTest>
    <UnitTest name="FormatToStringTest1000 (14712.754747761765,14712.75 zł)" storage="c:\projekty\mstestproject\bin\debug\netcoreapp3.1\mstestproject.dll" id="e7eaed2a-c740-4300-b14f-f6ee27236aa6">
      <TestCategory>
        <TestCategoryItem TestCategory="Category1000" />
      </TestCategory>
      <Execution id="19287a1e-68cb-47d0-973e-be7dba709487" />
      <TestMethod codeBase="C:\Projekty\MSTestProject\bin\Debug\netcoreapp3.1\MSTestProject.dll" adapterTypeName="executor://mstestadapter/v2" className="TwojeWesele.Services.Helpers.Tests.CurrencyHelperTests" name="FormatToStringTest1000" />
    </UnitTest>
    <UnitTest name="FormatToStringTest1000 (4898.699005344277,4898.70 zł)" storage="c:\projekty\mstestproject\bin\debug\netcoreapp3.1\mstestproject.dll" id="99964ba0-2605-404f-a3a5-ab40b7ccc278">
      <TestCategory>
        <TestCategoryItem TestCategory="Category1000" />
      </TestCategory>
      <Execution id="56c16b11-674e-493a-ab72-0b347d233b25" />
      <TestMethod codeBase="C:\Projekty\MSTestProject\bin\Debug\netcoreapp3.1\MSTestProject.dll" adapterTypeName="executor://mstestadapter/v2" className="TwojeWesele.Services.Helpers.Tests.CurrencyHelperTests" name="FormatToStringTest1000" />
    </UnitTest>
    <UnitTest name="FormatToStringTest1000 (10324.538670147089,10324.54 zł)" storage="c:\projekty\mstestproject\bin\debug\netcoreapp3.1\mstestproject.dll" id="a932b0f8-5537-4eb6-8794-9644cc6baed8">
      <TestCategory>
        <TestCategoryItem TestCategory="Category1000" />
      </TestCategory>
      <Execution id="47b6c6f3-4fcc-462b-a631-82920cf2de76" />
      <TestMethod codeBase="C:\Projekty\MSTestProject\bin\Debug\netcoreapp3.1\MSTestProject.dll" adapterTypeName="executor://mstestadapter/v2" className="TwojeWesele.Services.Helpers.Tests.CurrencyHelperTests" name="FormatToStringTest1000" />
    </UnitTest>
    <UnitTest name="FormatToStringTest1000 (17455.15807988595,17455.16 zł)" storage="c:\projekty\mstestproject\bin\debug\netcoreapp3.1\mstestproject.dll" id="b270e6bf-d4a4-4f98-a8fe-33f1566bba69">
      <TestCategory>
        <TestCategoryItem TestCategory="Category1000" />
      </TestCategory>
      <Execution id="50971b1f-9232-4a47-ac92-74678106280f" />
      <TestMethod codeBase="C:\Projekty\MSTestProject\bin\Debug\netcoreapp3.1\MSTestProject.dll" adapterTypeName="executor://mstestadapter/v2" className="TwojeWesele.Services.Helpers.Tests.CurrencyHelperTests" name="FormatToStringTest1000" />
    </UnitTest>
    <UnitTest name="FormatToStringTest1000 (5317.9582678023535,5317.96 zł)" storage="c:\projekty\mstestproject\bin\debug\netcoreapp3.1\mstestproject.dll" id="81dba7dd-f5fc-4a3b-80f9-93dd52ed7a9d">
      <TestCategory>
        <TestCategoryItem TestCategory="Category1000" />
      </TestCategory>
      <Execution id="fc9ae052-77aa-4989-8e25-8af9fc11d727" />
      <TestMethod codeBase="C:\Projekty\MSTestProject\bin\Debug\netcoreapp3.1\MSTestProject.dll" adapterTypeName="executor://mstestadapter/v2" className="TwojeWesele.Services.Helpers.Tests.CurrencyHelperTests" name="FormatToStringTest1000" />
    </UnitTest>
    <UnitTest name="FormatToStringTest1000 (1751.7703038522834,1751.77 zł)" storage="c:\projekty\mstestproject\bin\debug\netcoreapp3.1\mstestproject.dll" id="62c2aa04-84c8-4068-b4f1-a61bfd045920">
      <TestCategory>
        <TestCategoryItem TestCategory="Category1000" />
      </TestCategory>
      <Execution id="55d692b5-18ec-4408-89fa-98a064d12ee4" />
      <TestMethod codeBase="C:\Projekty\MSTestProject\bin\Debug\netcoreapp3.1\MSTestProject.dll" adapterTypeName="executor://mstestadapter/v2" className="TwojeWesele.Services.Helpers.Tests.CurrencyHelperTests" name="FormatToStringTest1000" />
    </UnitTest>
    <UnitTest name="FormatToStringTest1000 (22459.530444447664,22459.53 zł)" storage="c:\projekty\mstestproject\bin\debug\netcoreapp3.1\mstestproject.dll" id="fd5667c9-2383-4aa4-945c-7e26e12d3d82">
      <TestCategory>
        <TestCategoryItem TestCategory="Category1000" />
      </TestCategory>
      <Execution id="fcefddbf-e7c1-4cbd-9ffc-ec28b97edaa7" />
      <TestMethod codeBase="C:\Projekty\MSTestProject\bin\Debug\netcoreapp3.1\MSTestProject.dll" adapterTypeName="executor://mstestadapter/v2" className="TwojeWesele.Services.Helpers.Tests.CurrencyHelperTests" name="FormatToStringTest1000" />
    </UnitTest>
    <UnitTest name="FormatToStringTest1000 (45955.903045959254,45955.90 zł)" storage="c:\projekty\mstestproject\bin\debug\netcoreapp3.1\mstestproject.dll" id="90c9bf9a-c5a4-48e8-8591-418e860508b2">
      <TestCategory>
        <TestCategoryItem TestCategory="Category1000" />
      </TestCategory>
      <Execution id="5d7f89cf-9277-4504-9887-171d0ba2b93b" />
      <TestMethod codeBase="C:\Projekty\MSTestProject\bin\Debug\netcoreapp3.1\MSTestProject.dll" adapterTypeName="executor://mstestadapter/v2" className="TwojeWesele.Services.Helpers.Tests.CurrencyHelperTests" name="FormatToStringTest1000" />
    </UnitTest>
    <UnitTest name="FormatToStringTest1000 (31347.468987404587,31347.47 zł)" storage="c:\projekty\mstestproject\bin\debug\netcoreapp3.1\mstestproject.dll" id="d5708015-791b-451b-9959-4febf735a0dd">
      <TestCategory>
        <TestCategoryItem TestCategory="Category1000" />
      </TestCategory>
      <Execution id="a5064ccd-28b4-460c-b922-201ef27c3e2e" />
      <TestMethod codeBase="C:\Projekty\MSTestProject\bin\Debug\netcoreapp3.1\MSTestProject.dll" adapterTypeName="executor://mstestadapter/v2" className="TwojeWesele.Services.Helpers.Tests.CurrencyHelperTests" name="FormatToStringTest1000" />
    </UnitTest>
    <UnitTest name="FormatToStringTest1000 (28579.14698705503,28579.15 zł)" storage="c:\projekty\mstestproject\bin\debug\netcoreapp3.1\mstestproject.dll" id="a727c8b5-5a39-4435-b364-9cd4f70dfc1c">
      <TestCategory>
        <TestCategoryItem TestCategory="Category1000" />
      </TestCategory>
      <Execution id="8fea421b-cbd6-4545-a94c-25ef9b41f88b" />
      <TestMethod codeBase="C:\Projekty\MSTestProject\bin\Debug\netcoreapp3.1\MSTestProject.dll" adapterTypeName="executor://mstestadapter/v2" className="TwojeWesele.Services.Helpers.Tests.CurrencyHelperTests" name="FormatToStringTest1000" />
    </UnitTest>
    <UnitTest name="FormatToStringTest1000 (44361.82678515177,44361.83 zł)" storage="c:\projekty\mstestproject\bin\debug\netcoreapp3.1\mstestproject.dll" id="763acba2-d356-412c-bfe2-caf8fbf64b90">
      <TestCategory>
        <TestCategoryItem TestCategory="Category1000" />
      </TestCategory>
      <Execution id="231bf79c-ce29-4ae7-97d1-8f270261eb1f" />
      <TestMethod codeBase="C:\Projekty\MSTestProject\bin\Debug\netcoreapp3.1\MSTestProject.dll" adapterTypeName="executor://mstestadapter/v2" className="TwojeWesele.Services.Helpers.Tests.CurrencyHelperTests" name="FormatToStringTest1000" />
    </UnitTest>
    <UnitTest name="FormatToStringTest1000 (4121.116360678857,4121.12 zł)" storage="c:\projekty\mstestproject\bin\debug\netcoreapp3.1\mstestproject.dll" id="ec718f7b-5e8d-41b3-8e64-c22aea5112b5">
      <TestCategory>
        <TestCategoryItem TestCategory="Category1000" />
      </TestCategory>
      <Execution id="9c3e4ea5-c26f-4f6b-9205-23652a528d9e" />
      <TestMethod codeBase="C:\Projekty\MSTestProject\bin\Debug\netcoreapp3.1\MSTestProject.dll" adapterTypeName="executor://mstestadapter/v2" className="TwojeWesele.Services.Helpers.Tests.CurrencyHelperTests" name="FormatToStringTest1000" />
    </UnitTest>
    <UnitTest name="FormatToStringTest1000 (36760.171806480816,36760.17 zł)" storage="c:\projekty\mstestproject\bin\debug\netcoreapp3.1\mstestproject.dll" id="de0f238a-7cf6-410e-8e04-8357e34912bb">
      <TestCategory>
        <TestCategoryItem TestCategory="Category1000" />
      </TestCategory>
      <Execution id="18a81e71-e941-4280-b8dc-6c5488c39ec3" />
      <TestMethod codeBase="C:\Projekty\MSTestProject\bin\Debug\netcoreapp3.1\MSTestProject.dll" adapterTypeName="executor://mstestadapter/v2" className="TwojeWesele.Services.Helpers.Tests.CurrencyHelperTests" name="FormatToStringTest1000" />
    </UnitTest>
    <UnitTest name="FormatToStringTest1000 (5108.217389855635,5108.22 zł)" storage="c:\projekty\mstestproject\bin\debug\netcoreapp3.1\mstestproject.dll" id="44e772fb-c91d-408c-9a10-ec9558e27534">
      <TestCategory>
        <TestCategoryItem TestCategory="Category1000" />
      </TestCategory>
      <Execution id="65839427-ebb6-408d-b60a-c217e55e9775" />
      <TestMethod codeBase="C:\Projekty\MSTestProject\bin\Debug\netcoreapp3.1\MSTestProject.dll" adapterTypeName="executor://mstestadapter/v2" className="TwojeWesele.Services.Helpers.Tests.CurrencyHelperTests" name="FormatToStringTest1000" />
    </UnitTest>
    <UnitTest name="FormatToStringTest1000 (9634.398811461124,9634.40 zł)" storage="c:\projekty\mstestproject\bin\debug\netcoreapp3.1\mstestproject.dll" id="134cc210-24bc-47f9-8f3a-52d7932d26ae">
      <TestCategory>
        <TestCategoryItem TestCategory="Category1000" />
      </TestCategory>
      <Execution id="5fba4846-ef72-454e-9d3f-6077342389d4" />
      <TestMethod codeBase="C:\Projekty\MSTestProject\bin\Debug\netcoreapp3.1\MSTestProject.dll" adapterTypeName="executor://mstestadapter/v2" className="TwojeWesele.Services.Helpers.Tests.CurrencyHelperTests" name="FormatToStringTest1000" />
    </UnitTest>
    <UnitTest name="FormatToStringTest1000 (7716.571614765363,7716.57 zł)" storage="c:\projekty\mstestproject\bin\debug\netcoreapp3.1\mstestproject.dll" id="81cb4131-8dcf-48dd-910e-716199325556">
      <TestCategory>
        <TestCategoryItem TestCategory="Category1000" />
      </TestCategory>
      <Execution id="aec8840b-93da-4537-98ba-2000462253d1" />
      <TestMethod codeBase="C:\Projekty\MSTestProject\bin\Debug\netcoreapp3.1\MSTestProject.dll" adapterTypeName="executor://mstestadapter/v2" className="TwojeWesele.Services.Helpers.Tests.CurrencyHelperTests" name="FormatToStringTest1000" />
    </UnitTest>
    <UnitTest name="FormatToStringTest1000 (16388.556189478633,16388.56 zł)" storage="c:\projekty\mstestproject\bin\debug\netcoreapp3.1\mstestproject.dll" id="44f37eef-83fe-4134-bbc9-da51e58b66b2">
      <TestCategory>
        <TestCategoryItem TestCategory="Category1000" />
      </TestCategory>
      <Execution id="d386b1a4-667d-42b4-8498-942121d3716c" />
      <TestMethod codeBase="C:\Projekty\MSTestProject\bin\Debug\netcoreapp3.1\MSTestProject.dll" adapterTypeName="executor://mstestadapter/v2" className="TwojeWesele.Services.Helpers.Tests.CurrencyHelperTests" name="FormatToStringTest1000" />
    </UnitTest>
    <UnitTest name="FormatToStringTest1000 (4094.6752323977066,4094.68 zł)" storage="c:\projekty\mstestproject\bin\debug\netcoreapp3.1\mstestproject.dll" id="0dda5ce2-51b7-43a4-ab8a-ef661bc6835c">
      <TestCategory>
        <TestCategoryItem TestCategory="Category1000" />
      </TestCategory>
      <Execution id="6a8511ed-8f4d-4ce3-9397-8904c9272667" />
      <TestMethod codeBase="C:\Projekty\MSTestProject\bin\Debug\netcoreapp3.1\MSTestProject.dll" adapterTypeName="executor://mstestadapter/v2" className="TwojeWesele.Services.Helpers.Tests.CurrencyHelperTests" name="FormatToStringTest1000" />
    </UnitTest>
    <UnitTest name="FormatToStringTest1000 (3477.860963622509,3477.86 zł)" storage="c:\projekty\mstestproject\bin\debug\netcoreapp3.1\mstestproject.dll" id="4c926dda-d1f3-4b5d-ad04-04f980d299ec">
      <TestCategory>
        <TestCategoryItem TestCategory="Category1000" />
      </TestCategory>
      <Execution id="4009703b-551f-474a-beda-533a4fa2c34d" />
      <TestMethod codeBase="C:\Projekty\MSTestProject\bin\Debug\netcoreapp3.1\MSTestProject.dll" adapterTypeName="executor://mstestadapter/v2" className="TwojeWesele.Services.Helpers.Tests.CurrencyHelperTests" name="FormatToStringTest1000" />
    </UnitTest>
    <UnitTest name="FormatToStringTest1000 (9867.823212210007,9867.82 zł)" storage="c:\projekty\mstestproject\bin\debug\netcoreapp3.1\mstestproject.dll" id="0fb149f2-57a7-448f-9322-6397fbf033fa">
      <TestCategory>
        <TestCategoryItem TestCategory="Category1000" />
      </TestCategory>
      <Execution id="76fd7dba-4e21-4964-bfd3-6c902588c52c" />
      <TestMethod codeBase="C:\Projekty\MSTestProject\bin\Debug\netcoreapp3.1\MSTestProject.dll" adapterTypeName="executor://mstestadapter/v2" className="TwojeWesele.Services.Helpers.Tests.CurrencyHelperTests" name="FormatToStringTest1000" />
    </UnitTest>
    <UnitTest name="FormatToStringTest1000 (8514.837538072763,8514.84 zł)" storage="c:\projekty\mstestproject\bin\debug\netcoreapp3.1\mstestproject.dll" id="67956f59-6486-427d-8e72-6fea6c5f4236">
      <TestCategory>
        <TestCategoryItem TestCategory="Category1000" />
      </TestCategory>
      <Execution id="eb33bdfb-dfb8-4faa-b233-ecff7ec5a447" />
      <TestMethod codeBase="C:\Projekty\MSTestProject\bin\Debug\netcoreapp3.1\MSTestProject.dll" adapterTypeName="executor://mstestadapter/v2" className="TwojeWesele.Services.Helpers.Tests.CurrencyHelperTests" name="FormatToStringTest1000" />
    </UnitTest>
    <UnitTest name="FormatToStringTest1000 (12187.551827252633,12187.55 zł)" storage="c:\projekty\mstestproject\bin\debug\netcoreapp3.1\mstestproject.dll" id="b59ec8fe-075e-4699-9007-822e46f38b06">
      <TestCategory>
        <TestCategoryItem TestCategory="Category1000" />
      </TestCategory>
      <Execution id="7b6f86b6-2216-4c41-9a2e-132b642e958d" />
      <TestMethod codeBase="C:\Projekty\MSTestProject\bin\Debug\netcoreapp3.1\MSTestProject.dll" adapterTypeName="executor://mstestadapter/v2" className="TwojeWesele.Services.Helpers.Tests.CurrencyHelperTests" name="FormatToStringTest1000" />
    </UnitTest>
    <UnitTest name="FormatToStringTest1000 (1562.3173604776698,1562.32 zł)" storage="c:\projekty\mstestproject\bin\debug\netcoreapp3.1\mstestproject.dll" id="25ceae9d-d9c5-4477-925f-ee036e5e47b4">
      <TestCategory>
        <TestCategoryItem TestCategory="Category1000" />
      </TestCategory>
      <Execution id="8f60dd58-d797-46dc-b3ad-ed1c0c893f9a" />
      <TestMethod codeBase="C:\Projekty\MSTestProject\bin\Debug\netcoreapp3.1\MSTestProject.dll" adapterTypeName="executor://mstestadapter/v2" className="TwojeWesele.Services.Helpers.Tests.CurrencyHelperTests" name="FormatToStringTest1000" />
    </UnitTest>
    <UnitTest name="FormatToStringTest1000 (2937.138486199611,2937.14 zł)" storage="c:\projekty\mstestproject\bin\debug\netcoreapp3.1\mstestproject.dll" id="d0961acf-7e70-4b49-a6b6-ded2c0451d45">
      <TestCategory>
        <TestCategoryItem TestCategory="Category1000" />
      </TestCategory>
      <Execution id="d5097a0a-3f9b-438d-8e86-3be01a92d586" />
      <TestMethod codeBase="C:\Projekty\MSTestProject\bin\Debug\netcoreapp3.1\MSTestProject.dll" adapterTypeName="executor://mstestadapter/v2" className="TwojeWesele.Services.Helpers.Tests.CurrencyHelperTests" name="FormatToStringTest1000" />
    </UnitTest>
    <UnitTest name="FormatToStringTest1000 (75350.77330865282,75350.77 zł)" storage="c:\projekty\mstestproject\bin\debug\netcoreapp3.1\mstestproject.dll" id="97e96c12-0226-4350-8c2b-dfab14a3065a">
      <TestCategory>
        <TestCategoryItem TestCategory="Category1000" />
      </TestCategory>
      <Execution id="8a488cbe-3dfb-4170-a1a7-d7aaaa92e760" />
      <TestMethod codeBase="C:\Projekty\MSTestProject\bin\Debug\netcoreapp3.1\MSTestProject.dll" adapterTypeName="executor://mstestadapter/v2" className="TwojeWesele.Services.Helpers.Tests.CurrencyHelperTests" name="FormatToStringTest1000" />
    </UnitTest>
    <UnitTest name="FormatToStringTest1000 (63427.55325689332,63427.55 zł)" storage="c:\projekty\mstestproject\bin\debug\netcoreapp3.1\mstestproject.dll" id="d66143dc-e598-41d4-b7cf-f6add39a06c7">
      <TestCategory>
        <TestCategoryItem TestCategory="Category1000" />
      </TestCategory>
      <Execution id="5ffd52a2-89b5-4c23-9d58-c11107f73f66" />
      <TestMethod codeBase="C:\Projekty\MSTestProject\bin\Debug\netcoreapp3.1\MSTestProject.dll" adapterTypeName="executor://mstestadapter/v2" className="TwojeWesele.Services.Helpers.Tests.CurrencyHelperTests" name="FormatToStringTest1000" />
    </UnitTest>
    <UnitTest name="FormatToStringTest1000 (9843.625240445894,9843.63 zł)" storage="c:\projekty\mstestproject\bin\debug\netcoreapp3.1\mstestproject.dll" id="1096937d-020c-444f-bedc-cd02abd2f254">
      <TestCategory>
        <TestCategoryItem TestCategory="Category1000" />
      </TestCategory>
      <Execution id="0bda4395-7228-4d50-a084-fe1cda1cd199" />
      <TestMethod codeBase="C:\Projekty\MSTestProject\bin\Debug\netcoreapp3.1\MSTestProject.dll" adapterTypeName="executor://mstestadapter/v2" className="TwojeWesele.Services.Helpers.Tests.CurrencyHelperTests" name="FormatToStringTest1000" />
    </UnitTest>
    <UnitTest name="FormatToStringTest1000 (7407.385606687696,7407.39 zł)" storage="c:\projekty\mstestproject\bin\debug\netcoreapp3.1\mstestproject.dll" id="23b4fb38-f828-42fb-beed-31f9eccb282a">
      <TestCategory>
        <TestCategoryItem TestCategory="Category1000" />
      </TestCategory>
      <Execution id="8a6157b8-7f26-4c8b-ae93-0a4d522317a2" />
      <TestMethod codeBase="C:\Projekty\MSTestProject\bin\Debug\netcoreapp3.1\MSTestProject.dll" adapterTypeName="executor://mstestadapter/v2" className="TwojeWesele.Services.Helpers.Tests.CurrencyHelperTests" name="FormatToStringTest1000" />
    </UnitTest>
    <UnitTest name="FormatToStringTest1000 (740.3213011405064,740.32 zł)" storage="c:\projekty\mstestproject\bin\debug\netcoreapp3.1\mstestproject.dll" id="703be2ca-9f98-447d-ba36-e661031e44ea">
      <TestCategory>
        <TestCategoryItem TestCategory="Category1000" />
      </TestCategory>
      <Execution id="3fcad0a4-3950-45a4-a20c-a99cb8fa92ea" />
      <TestMethod codeBase="C:\Projekty\MSTestProject\bin\Debug\netcoreapp3.1\MSTestProject.dll" adapterTypeName="executor://mstestadapter/v2" className="TwojeWesele.Services.Helpers.Tests.CurrencyHelperTests" name="FormatToStringTest1000" />
    </UnitTest>
    <UnitTest name="FormatToStringTest1000 (47672.66266041652,47672.66 zł)" storage="c:\projekty\mstestproject\bin\debug\netcoreapp3.1\mstestproject.dll" id="e4267de1-e929-4a08-a4ea-abcb56e8a3b2">
      <TestCategory>
        <TestCategoryItem TestCategory="Category1000" />
      </TestCategory>
      <Execution id="8da6251a-aee8-4ca1-a802-ff48481bb165" />
      <TestMethod codeBase="C:\Projekty\MSTestProject\bin\Debug\netcoreapp3.1\MSTestProject.dll" adapterTypeName="executor://mstestadapter/v2" className="TwojeWesele.Services.Helpers.Tests.CurrencyHelperTests" name="FormatToStringTest1000" />
    </UnitTest>
    <UnitTest name="FormatToStringTest1000 (2929.267390865026,2929.27 zł)" storage="c:\projekty\mstestproject\bin\debug\netcoreapp3.1\mstestproject.dll" id="322c420d-1fae-4997-bed8-ad2b7fab0b6d">
      <TestCategory>
        <TestCategoryItem TestCategory="Category1000" />
      </TestCategory>
      <Execution id="e2a547b9-0d4e-4dde-a6ea-63725f1e1acc" />
      <TestMethod codeBase="C:\Projekty\MSTestProject\bin\Debug\netcoreapp3.1\MSTestProject.dll" adapterTypeName="executor://mstestadapter/v2" className="TwojeWesele.Services.Helpers.Tests.CurrencyHelperTests" name="FormatToStringTest1000" />
    </UnitTest>
    <UnitTest name="FormatToStringTest1000 (2901.9683054191846,2901.97 zł)" storage="c:\projekty\mstestproject\bin\debug\netcoreapp3.1\mstestproject.dll" id="0f9d04e3-f49e-4c7f-a930-64e41aae6466">
      <TestCategory>
        <TestCategoryItem TestCategory="Category1000" />
      </TestCategory>
      <Execution id="de8c46e4-e1c6-418e-a110-6dd4e36fc05e" />
      <TestMethod codeBase="C:\Projekty\MSTestProject\bin\Debug\netcoreapp3.1\MSTestProject.dll" adapterTypeName="executor://mstestadapter/v2" className="TwojeWesele.Services.Helpers.Tests.CurrencyHelperTests" name="FormatToStringTest1000" />
    </UnitTest>
    <UnitTest name="FormatToStringTest1000 (7726.0074454499445,7726.01 zł)" storage="c:\projekty\mstestproject\bin\debug\netcoreapp3.1\mstestproject.dll" id="9eddf911-f9ef-45d8-92b0-cabe6ca399a4">
      <TestCategory>
        <TestCategoryItem TestCategory="Category1000" />
      </TestCategory>
      <Execution id="fe70a4d7-c7b4-4cda-a393-e3af682b4d36" />
      <TestMethod codeBase="C:\Projekty\MSTestProject\bin\Debug\netcoreapp3.1\MSTestProject.dll" adapterTypeName="executor://mstestadapter/v2" className="TwojeWesele.Services.Helpers.Tests.CurrencyHelperTests" name="FormatToStringTest1000" />
    </UnitTest>
    <UnitTest name="FormatToStringTest1000 (8095.485677032492,8095.49 zł)" storage="c:\projekty\mstestproject\bin\debug\netcoreapp3.1\mstestproject.dll" id="cdfb3bdd-5f54-49e7-b746-792a617a7a29">
      <TestCategory>
        <TestCategoryItem TestCategory="Category1000" />
      </TestCategory>
      <Execution id="e2c2926e-ca32-4f40-8ae8-6d0c5f396cec" />
      <TestMethod codeBase="C:\Projekty\MSTestProject\bin\Debug\netcoreapp3.1\MSTestProject.dll" adapterTypeName="executor://mstestadapter/v2" className="TwojeWesele.Services.Helpers.Tests.CurrencyHelperTests" name="FormatToStringTest1000" />
    </UnitTest>
    <UnitTest name="FormatToStringTest1000 (20752.33758466334,20752.34 zł)" storage="c:\projekty\mstestproject\bin\debug\netcoreapp3.1\mstestproject.dll" id="a4ee3f30-d45f-4e89-910c-0b69540c2ad8">
      <TestCategory>
        <TestCategoryItem TestCategory="Category1000" />
      </TestCategory>
      <Execution id="709095c0-76e6-44ec-9958-5573334ee0bc" />
      <TestMethod codeBase="C:\Projekty\MSTestProject\bin\Debug\netcoreapp3.1\MSTestProject.dll" adapterTypeName="executor://mstestadapter/v2" className="TwojeWesele.Services.Helpers.Tests.CurrencyHelperTests" name="FormatToStringTest1000" />
    </UnitTest>
    <UnitTest name="FormatToStringTest1000 (22678.795878462864,22678.80 zł)" storage="c:\projekty\mstestproject\bin\debug\netcoreapp3.1\mstestproject.dll" id="78151aa9-47ec-4006-8f9e-ada8a4810281">
      <TestCategory>
        <TestCategoryItem TestCategory="Category1000" />
      </TestCategory>
      <Execution id="6d2d1dce-84a3-4562-876f-96672951cf83" />
      <TestMethod codeBase="C:\Projekty\MSTestProject\bin\Debug\netcoreapp3.1\MSTestProject.dll" adapterTypeName="executor://mstestadapter/v2" className="TwojeWesele.Services.Helpers.Tests.CurrencyHelperTests" name="FormatToStringTest1000" />
    </UnitTest>
    <UnitTest name="FormatToStringTest1000 (96022.24851977557,96022.25 zł)" storage="c:\projekty\mstestproject\bin\debug\netcoreapp3.1\mstestproject.dll" id="f4539ea7-d25b-4282-8d4b-ded3dbe31216">
      <TestCategory>
        <TestCategoryItem TestCategory="Category1000" />
      </TestCategory>
      <Execution id="b4580b85-ac05-4d31-8cba-0fefd6523566" />
      <TestMethod codeBase="C:\Projekty\MSTestProject\bin\Debug\netcoreapp3.1\MSTestProject.dll" adapterTypeName="executor://mstestadapter/v2" className="TwojeWesele.Services.Helpers.Tests.CurrencyHelperTests" name="FormatToStringTest1000" />
    </UnitTest>
    <UnitTest name="FormatToStringTest1000 (28861.97337596769,28861.97 zł)" storage="c:\projekty\mstestproject\bin\debug\netcoreapp3.1\mstestproject.dll" id="2bf924a9-38dc-4604-b7bf-032d60b3b780">
      <TestCategory>
        <TestCategoryItem TestCategory="Category1000" />
      </TestCategory>
      <Execution id="c2250c54-3d2a-4181-8504-6681bf773eb9" />
      <TestMethod codeBase="C:\Projekty\MSTestProject\bin\Debug\netcoreapp3.1\MSTestProject.dll" adapterTypeName="executor://mstestadapter/v2" className="TwojeWesele.Services.Helpers.Tests.CurrencyHelperTests" name="FormatToStringTest1000" />
    </UnitTest>
    <UnitTest name="FormatToStringTest1000 (40545.70748620001,40545.71 zł)" storage="c:\projekty\mstestproject\bin\debug\netcoreapp3.1\mstestproject.dll" id="d5d08390-de94-4049-b981-2c86ec55a796">
      <TestCategory>
        <TestCategoryItem TestCategory="Category1000" />
      </TestCategory>
      <Execution id="09605dc2-51ea-4e1c-a81b-dd66d0381ce0" />
      <TestMethod codeBase="C:\Projekty\MSTestProject\bin\Debug\netcoreapp3.1\MSTestProject.dll" adapterTypeName="executor://mstestadapter/v2" className="TwojeWesele.Services.Helpers.Tests.CurrencyHelperTests" name="FormatToStringTest1000" />
    </UnitTest>
    <UnitTest name="FormatToStringTest1000 (29926.595417457444,29926.60 zł)" storage="c:\projekty\mstestproject\bin\debug\netcoreapp3.1\mstestproject.dll" id="7938ee7c-df7a-471a-a96c-98cc1187c3c7">
      <TestCategory>
        <TestCategoryItem TestCategory="Category1000" />
      </TestCategory>
      <Execution id="08711066-3125-4f51-92d2-835354478b49" />
      <TestMethod codeBase="C:\Projekty\MSTestProject\bin\Debug\netcoreapp3.1\MSTestProject.dll" adapterTypeName="executor://mstestadapter/v2" className="TwojeWesele.Services.Helpers.Tests.CurrencyHelperTests" name="FormatToStringTest1000" />
    </UnitTest>
    <UnitTest name="FormatToStringTest1000 (11871.427211910219,11871.43 zł)" storage="c:\projekty\mstestproject\bin\debug\netcoreapp3.1\mstestproject.dll" id="1469b44b-cb17-4f99-903a-fa18af7b3168">
      <TestCategory>
        <TestCategoryItem TestCategory="Category1000" />
      </TestCategory>
      <Execution id="73b64b4e-9743-4533-81ff-60f791d311c3" />
      <TestMethod codeBase="C:\Projekty\MSTestProject\bin\Debug\netcoreapp3.1\MSTestProject.dll" adapterTypeName="executor://mstestadapter/v2" className="TwojeWesele.Services.Helpers.Tests.CurrencyHelperTests" name="FormatToStringTest1000" />
    </UnitTest>
    <UnitTest name="FormatToStringTest1000 (12202.860111308684,12202.86 zł)" storage="c:\projekty\mstestproject\bin\debug\netcoreapp3.1\mstestproject.dll" id="36e30151-8ecc-4e21-b5c5-f249dacb7bac">
      <TestCategory>
        <TestCategoryItem TestCategory="Category1000" />
      </TestCategory>
      <Execution id="ff63eda3-9090-42f7-bdff-3875dbc2bdc9" />
      <TestMethod codeBase="C:\Projekty\MSTestProject\bin\Debug\netcoreapp3.1\MSTestProject.dll" adapterTypeName="executor://mstestadapter/v2" className="TwojeWesele.Services.Helpers.Tests.CurrencyHelperTests" name="FormatToStringTest1000" />
    </UnitTest>
    <UnitTest name="FormatToStringTest1000 (58848.60825001477,58848.61 zł)" storage="c:\projekty\mstestproject\bin\debug\netcoreapp3.1\mstestproject.dll" id="5da563d1-137a-4766-afb7-cb0eff827513">
      <TestCategory>
        <TestCategoryItem TestCategory="Category1000" />
      </TestCategory>
      <Execution id="40fbec51-008a-4a15-869d-c3b6b76f10b6" />
      <TestMethod codeBase="C:\Projekty\MSTestProject\bin\Debug\netcoreapp3.1\MSTestProject.dll" adapterTypeName="executor://mstestadapter/v2" className="TwojeWesele.Services.Helpers.Tests.CurrencyHelperTests" name="FormatToStringTest1000" />
    </UnitTest>
    <UnitTest name="FormatToStringTest1000 (25272.05048361283,25272.05 zł)" storage="c:\projekty\mstestproject\bin\debug\netcoreapp3.1\mstestproject.dll" id="21a4b93a-e32a-4cda-94f3-3d57d692da15">
      <TestCategory>
        <TestCategoryItem TestCategory="Category1000" />
      </TestCategory>
      <Execution id="0db6e1e4-e042-44eb-aa69-aaffb9525431" />
      <TestMethod codeBase="C:\Projekty\MSTestProject\bin\Debug\netcoreapp3.1\MSTestProject.dll" adapterTypeName="executor://mstestadapter/v2" className="TwojeWesele.Services.Helpers.Tests.CurrencyHelperTests" name="FormatToStringTest1000" />
    </UnitTest>
    <UnitTest name="FormatToStringTest1000 (60299.23738666309,60299.24 zł)" storage="c:\projekty\mstestproject\bin\debug\netcoreapp3.1\mstestproject.dll" id="562e6b81-a9ae-42b4-9807-534864bed3b6">
      <TestCategory>
        <TestCategoryItem TestCategory="Category1000" />
      </TestCategory>
      <Execution id="4fb8b622-4b28-48f1-96fd-bb57d94ff3f9" />
      <TestMethod codeBase="C:\Projekty\MSTestProject\bin\Debug\netcoreapp3.1\MSTestProject.dll" adapterTypeName="executor://mstestadapter/v2" className="TwojeWesele.Services.Helpers.Tests.CurrencyHelperTests" name="FormatToStringTest1000" />
    </UnitTest>
    <UnitTest name="FormatToStringTest1000 (33699.13042082038,33699.13 zł)" storage="c:\projekty\mstestproject\bin\debug\netcoreapp3.1\mstestproject.dll" id="f5f3fefc-7163-4461-a77b-2fbfb0786e2d">
      <TestCategory>
        <TestCategoryItem TestCategory="Category1000" />
      </TestCategory>
      <Execution id="0b6dc245-d021-4693-9e80-bb59a99e8077" />
      <TestMethod codeBase="C:\Projekty\MSTestProject\bin\Debug\netcoreapp3.1\MSTestProject.dll" adapterTypeName="executor://mstestadapter/v2" className="TwojeWesele.Services.Helpers.Tests.CurrencyHelperTests" name="FormatToStringTest1000" />
    </UnitTest>
    <UnitTest name="FormatToStringTest1000 (25794.833624416417,25794.83 zł)" storage="c:\projekty\mstestproject\bin\debug\netcoreapp3.1\mstestproject.dll" id="fda2b762-a0fc-490c-87f4-005ec70b36e6">
      <TestCategory>
        <TestCategoryItem TestCategory="Category1000" />
      </TestCategory>
      <Execution id="1cbc1c42-903b-484a-924a-606141d338f4" />
      <TestMethod codeBase="C:\Projekty\MSTestProject\bin\Debug\netcoreapp3.1\MSTestProject.dll" adapterTypeName="executor://mstestadapter/v2" className="TwojeWesele.Services.Helpers.Tests.CurrencyHelperTests" name="FormatToStringTest1000" />
    </UnitTest>
    <UnitTest name="FormatToStringTest1000 (27187.549022783314,27187.55 zł)" storage="c:\projekty\mstestproject\bin\debug\netcoreapp3.1\mstestproject.dll" id="7a348346-f183-4c73-80c0-f86e36bcf50a">
      <TestCategory>
        <TestCategoryItem TestCategory="Category1000" />
      </TestCategory>
      <Execution id="4e4c3762-6070-4f6a-89e9-724054803bfd" />
      <TestMethod codeBase="C:\Projekty\MSTestProject\bin\Debug\netcoreapp3.1\MSTestProject.dll" adapterTypeName="executor://mstestadapter/v2" className="TwojeWesele.Services.Helpers.Tests.CurrencyHelperTests" name="FormatToStringTest1000" />
    </UnitTest>
    <UnitTest name="FormatToStringTest1000 (31163.834562352316,31163.83 zł)" storage="c:\projekty\mstestproject\bin\debug\netcoreapp3.1\mstestproject.dll" id="48ffc2eb-acd3-4477-af81-102b99f75d8a">
      <TestCategory>
        <TestCategoryItem TestCategory="Category1000" />
      </TestCategory>
      <Execution id="02eacf13-03a8-4a63-945b-0e6e528e966a" />
      <TestMethod codeBase="C:\Projekty\MSTestProject\bin\Debug\netcoreapp3.1\MSTestProject.dll" adapterTypeName="executor://mstestadapter/v2" className="TwojeWesele.Services.Helpers.Tests.CurrencyHelperTests" name="FormatToStringTest1000" />
    </UnitTest>
    <UnitTest name="FormatToStringTest1000 (12370.243090209198,12370.24 zł)" storage="c:\projekty\mstestproject\bin\debug\netcoreapp3.1\mstestproject.dll" id="1dc7277f-9b43-40c0-a2d6-8bee23012bff">
      <TestCategory>
        <TestCategoryItem TestCategory="Category1000" />
      </TestCategory>
      <Execution id="f533a0c8-844c-42ed-b2c9-71b94a574460" />
      <TestMethod codeBase="C:\Projekty\MSTestProject\bin\Debug\netcoreapp3.1\MSTestProject.dll" adapterTypeName="executor://mstestadapter/v2" className="TwojeWesele.Services.Helpers.Tests.CurrencyHelperTests" name="FormatToStringTest1000" />
    </UnitTest>
    <UnitTest name="FormatToStringTest1000 (23789.556920184546,23789.56 zł)" storage="c:\projekty\mstestproject\bin\debug\netcoreapp3.1\mstestproject.dll" id="3df7b504-92f2-4b5f-bd13-5d0bb9abdaa0">
      <TestCategory>
        <TestCategoryItem TestCategory="Category1000" />
      </TestCategory>
      <Execution id="bf17b874-a2fb-42d1-ac66-915d254b8e9f" />
      <TestMethod codeBase="C:\Projekty\MSTestProject\bin\Debug\netcoreapp3.1\MSTestProject.dll" adapterTypeName="executor://mstestadapter/v2" className="TwojeWesele.Services.Helpers.Tests.CurrencyHelperTests" name="FormatToStringTest1000" />
    </UnitTest>
    <UnitTest name="FormatToStringTest1000 (20441.330495004695,20441.33 zł)" storage="c:\projekty\mstestproject\bin\debug\netcoreapp3.1\mstestproject.dll" id="d89650b3-b636-4565-8704-ff35b3a95701">
      <TestCategory>
        <TestCategoryItem TestCategory="Category1000" />
      </TestCategory>
      <Execution id="69e9f04e-cb8c-40ef-88c7-6cc46ba3cae9" />
      <TestMethod codeBase="C:\Projekty\MSTestProject\bin\Debug\netcoreapp3.1\MSTestProject.dll" adapterTypeName="executor://mstestadapter/v2" className="TwojeWesele.Services.Helpers.Tests.CurrencyHelperTests" name="FormatToStringTest1000" />
    </UnitTest>
    <UnitTest name="FormatToStringTest1000 (64210.358316209335,64210.36 zł)" storage="c:\projekty\mstestproject\bin\debug\netcoreapp3.1\mstestproject.dll" id="2f168db3-e5b2-42ec-a54b-8620784fd116">
      <TestCategory>
        <TestCategoryItem TestCategory="Category1000" />
      </TestCategory>
      <Execution id="5046e0a9-3572-4425-8ef8-7eea6bbe362c" />
      <TestMethod codeBase="C:\Projekty\MSTestProject\bin\Debug\netcoreapp3.1\MSTestProject.dll" adapterTypeName="executor://mstestadapter/v2" className="TwojeWesele.Services.Helpers.Tests.CurrencyHelperTests" name="FormatToStringTest1000" />
    </UnitTest>
    <UnitTest name="FormatToStringTest1000 (51300.77891898145,51300.78 zł)" storage="c:\projekty\mstestproject\bin\debug\netcoreapp3.1\mstestproject.dll" id="21cda486-7507-46f9-8fe5-c8244ea70fa1">
      <TestCategory>
        <TestCategoryItem TestCategory="Category1000" />
      </TestCategory>
      <Execution id="7a6bbaf6-29bd-488d-9930-1ee5e71cd4ff" />
      <TestMethod codeBase="C:\Projekty\MSTestProject\bin\Debug\netcoreapp3.1\MSTestProject.dll" adapterTypeName="executor://mstestadapter/v2" className="TwojeWesele.Services.Helpers.Tests.CurrencyHelperTests" name="FormatToStringTest1000" />
    </UnitTest>
    <UnitTest name="FormatToStringTest1000 (20482.32969107308,20482.33 zł)" storage="c:\projekty\mstestproject\bin\debug\netcoreapp3.1\mstestproject.dll" id="2bf87fdc-aadf-49a7-b70c-2f689f5629a0">
      <TestCategory>
        <TestCategoryItem TestCategory="Category1000" />
      </TestCategory>
      <Execution id="77b8f4e0-925f-4828-87d0-46064c5c6b4a" />
      <TestMethod codeBase="C:\Projekty\MSTestProject\bin\Debug\netcoreapp3.1\MSTestProject.dll" adapterTypeName="executor://mstestadapter/v2" className="TwojeWesele.Services.Helpers.Tests.CurrencyHelperTests" name="FormatToStringTest1000" />
    </UnitTest>
    <UnitTest name="FormatToStringTest1000 (5287.3103648714305,5287.31 zł)" storage="c:\projekty\mstestproject\bin\debug\netcoreapp3.1\mstestproject.dll" id="5d3dcd13-69b3-4a50-a944-98b0133fa3ca">
      <TestCategory>
        <TestCategoryItem TestCategory="Category1000" />
      </TestCategory>
      <Execution id="448727c9-b829-49d2-bfbd-11c5448f47a5" />
      <TestMethod codeBase="C:\Projekty\MSTestProject\bin\Debug\netcoreapp3.1\MSTestProject.dll" adapterTypeName="executor://mstestadapter/v2" className="TwojeWesele.Services.Helpers.Tests.CurrencyHelperTests" name="FormatToStringTest1000" />
    </UnitTest>
    <UnitTest name="FormatToStringTest1000 (28080.92507087669,28080.93 zł)" storage="c:\projekty\mstestproject\bin\debug\netcoreapp3.1\mstestproject.dll" id="919a60cf-dc08-40f6-9cad-23e4aee12ad2">
      <TestCategory>
        <TestCategoryItem TestCategory="Category1000" />
      </TestCategory>
      <Execution id="b399cd4a-1f6b-456f-8d15-f59f728a42f5" />
      <TestMethod codeBase="C:\Projekty\MSTestProject\bin\Debug\netcoreapp3.1\MSTestProject.dll" adapterTypeName="executor://mstestadapter/v2" className="TwojeWesele.Services.Helpers.Tests.CurrencyHelperTests" name="FormatToStringTest1000" />
    </UnitTest>
    <UnitTest name="FormatToStringTest1000 (57671.67669738675,57671.68 zł)" storage="c:\projekty\mstestproject\bin\debug\netcoreapp3.1\mstestproject.dll" id="045bd725-f732-40c7-ac09-f249d4172b1e">
      <TestCategory>
        <TestCategoryItem TestCategory="Category1000" />
      </TestCategory>
      <Execution id="f3ee7c2d-ce94-42d2-a8c0-96204f54e88d" />
      <TestMethod codeBase="C:\Projekty\MSTestProject\bin\Debug\netcoreapp3.1\MSTestProject.dll" adapterTypeName="executor://mstestadapter/v2" className="TwojeWesele.Services.Helpers.Tests.CurrencyHelperTests" name="FormatToStringTest1000" />
    </UnitTest>
    <UnitTest name="FormatToStringTest1000 (806.960597043373,806.96 zł)" storage="c:\projekty\mstestproject\bin\debug\netcoreapp3.1\mstestproject.dll" id="337af000-240b-4bf1-b64f-2c2dfcae5efe">
      <TestCategory>
        <TestCategoryItem TestCategory="Category1000" />
      </TestCategory>
      <Execution id="376578fe-b0c6-4529-8484-2b1c8b7e0332" />
      <TestMethod codeBase="C:\Projekty\MSTestProject\bin\Debug\netcoreapp3.1\MSTestProject.dll" adapterTypeName="executor://mstestadapter/v2" className="TwojeWesele.Services.Helpers.Tests.CurrencyHelperTests" name="FormatToStringTest1000" />
    </UnitTest>
    <UnitTest name="FormatToStringTest1000 (2390.7596313784643,2390.76 zł)" storage="c:\projekty\mstestproject\bin\debug\netcoreapp3.1\mstestproject.dll" id="1434ff91-7b5a-43d6-be57-34fc7e08e693">
      <TestCategory>
        <TestCategoryItem TestCategory="Category1000" />
      </TestCategory>
      <Execution id="b0125c51-9aae-42e1-a94e-c7e3ad4bc48b" />
      <TestMethod codeBase="C:\Projekty\MSTestProject\bin\Debug\netcoreapp3.1\MSTestProject.dll" adapterTypeName="executor://mstestadapter/v2" className="TwojeWesele.Services.Helpers.Tests.CurrencyHelperTests" name="FormatToStringTest1000" />
    </UnitTest>
    <UnitTest name="FormatToStringTest1000 (35248.53555717996,35248.54 zł)" storage="c:\projekty\mstestproject\bin\debug\netcoreapp3.1\mstestproject.dll" id="105292e1-dd3b-443b-b61e-81db3e10aa3b">
      <TestCategory>
        <TestCategoryItem TestCategory="Category1000" />
      </TestCategory>
      <Execution id="5ed45a23-c969-4273-8a00-00fcf07c0953" />
      <TestMethod codeBase="C:\Projekty\MSTestProject\bin\Debug\netcoreapp3.1\MSTestProject.dll" adapterTypeName="executor://mstestadapter/v2" className="TwojeWesele.Services.Helpers.Tests.CurrencyHelperTests" name="FormatToStringTest1000" />
    </UnitTest>
    <UnitTest name="FormatToStringTest1000 (11958.422287871792,11958.42 zł)" storage="c:\projekty\mstestproject\bin\debug\netcoreapp3.1\mstestproject.dll" id="bc01e2ab-fdf2-4dcf-a4d6-b77253bcc583">
      <TestCategory>
        <TestCategoryItem TestCategory="Category1000" />
      </TestCategory>
      <Execution id="730db624-0ddf-405c-bd49-cc1becc16e05" />
      <TestMethod codeBase="C:\Projekty\MSTestProject\bin\Debug\netcoreapp3.1\MSTestProject.dll" adapterTypeName="executor://mstestadapter/v2" className="TwojeWesele.Services.Helpers.Tests.CurrencyHelperTests" name="FormatToStringTest1000" />
    </UnitTest>
    <UnitTest name="FormatToStringTest1000 (8885.065440211942,8885.07 zł)" storage="c:\projekty\mstestproject\bin\debug\netcoreapp3.1\mstestproject.dll" id="f7333b3b-4b85-4df6-a3c7-b25bcca2edc6">
      <TestCategory>
        <TestCategoryItem TestCategory="Category1000" />
      </TestCategory>
      <Execution id="f48ba648-4bb1-41e6-9fdc-c80b08b9e317" />
      <TestMethod codeBase="C:\Projekty\MSTestProject\bin\Debug\netcoreapp3.1\MSTestProject.dll" adapterTypeName="executor://mstestadapter/v2" className="TwojeWesele.Services.Helpers.Tests.CurrencyHelperTests" name="FormatToStringTest1000" />
    </UnitTest>
    <UnitTest name="FormatToStringTest1000 (12221.10494323592,12221.10 zł)" storage="c:\projekty\mstestproject\bin\debug\netcoreapp3.1\mstestproject.dll" id="896e6679-55bd-4d4d-a27c-639d72395f5d">
      <TestCategory>
        <TestCategoryItem TestCategory="Category1000" />
      </TestCategory>
      <Execution id="7915c461-409d-4513-852f-494621f8ef84" />
      <TestMethod codeBase="C:\Projekty\MSTestProject\bin\Debug\netcoreapp3.1\MSTestProject.dll" adapterTypeName="executor://mstestadapter/v2" className="TwojeWesele.Services.Helpers.Tests.CurrencyHelperTests" name="FormatToStringTest1000" />
    </UnitTest>
    <UnitTest name="FormatToStringTest1000 (4105.490993980081,4105.49 zł)" storage="c:\projekty\mstestproject\bin\debug\netcoreapp3.1\mstestproject.dll" id="5735db3f-09b3-4e5b-9fa3-b025035f3ca2">
      <TestCategory>
        <TestCategoryItem TestCategory="Category1000" />
      </TestCategory>
      <Execution id="0c849c51-0ba3-4d44-a553-5339c142a4a5" />
      <TestMethod codeBase="C:\Projekty\MSTestProject\bin\Debug\netcoreapp3.1\MSTestProject.dll" adapterTypeName="executor://mstestadapter/v2" className="TwojeWesele.Services.Helpers.Tests.CurrencyHelperTests" name="FormatToStringTest1000" />
    </UnitTest>
    <UnitTest name="FormatToStringTest1000 (40241.790964380736,40241.79 zł)" storage="c:\projekty\mstestproject\bin\debug\netcoreapp3.1\mstestproject.dll" id="9f32fdac-206d-44d1-abee-ce009063c950">
      <TestCategory>
        <TestCategoryItem TestCategory="Category1000" />
      </TestCategory>
      <Execution id="39c1111d-7511-43c6-acb7-d55949e847f7" />
      <TestMethod codeBase="C:\Projekty\MSTestProject\bin\Debug\netcoreapp3.1\MSTestProject.dll" adapterTypeName="executor://mstestadapter/v2" className="TwojeWesele.Services.Helpers.Tests.CurrencyHelperTests" name="FormatToStringTest1000" />
    </UnitTest>
    <UnitTest name="FormatToStringTest1000 (2423.6182769712145,2423.62 zł)" storage="c:\projekty\mstestproject\bin\debug\netcoreapp3.1\mstestproject.dll" id="22f66777-6041-4e0e-beef-32cd5e2e69dc">
      <TestCategory>
        <TestCategoryItem TestCategory="Category1000" />
      </TestCategory>
      <Execution id="97127eaa-e996-4ce4-b69f-2d813adcdecc" />
      <TestMethod codeBase="C:\Projekty\MSTestProject\bin\Debug\netcoreapp3.1\MSTestProject.dll" adapterTypeName="executor://mstestadapter/v2" className="TwojeWesele.Services.Helpers.Tests.CurrencyHelperTests" name="FormatToStringTest1000" />
    </UnitTest>
    <UnitTest name="FormatToStringTest1000 (286.92120604539343,286.92 zł)" storage="c:\projekty\mstestproject\bin\debug\netcoreapp3.1\mstestproject.dll" id="cd034e18-8042-4451-974a-226b5e095ffd">
      <TestCategory>
        <TestCategoryItem TestCategory="Category1000" />
      </TestCategory>
      <Execution id="cf5dc9f6-14da-4b7f-a78c-9eda9bf40efb" />
      <TestMethod codeBase="C:\Projekty\MSTestProject\bin\Debug\netcoreapp3.1\MSTestProject.dll" adapterTypeName="executor://mstestadapter/v2" className="TwojeWesele.Services.Helpers.Tests.CurrencyHelperTests" name="FormatToStringTest1000" />
    </UnitTest>
    <UnitTest name="FormatToStringTest1000 (30360.993128030557,30360.99 zł)" storage="c:\projekty\mstestproject\bin\debug\netcoreapp3.1\mstestproject.dll" id="b720b8e8-bfbe-4faa-98a9-11b094c02575">
      <TestCategory>
        <TestCategoryItem TestCategory="Category1000" />
      </TestCategory>
      <Execution id="208ee717-e182-4ddc-b5ea-bdeb922feed9" />
      <TestMethod codeBase="C:\Projekty\MSTestProject\bin\Debug\netcoreapp3.1\MSTestProject.dll" adapterTypeName="executor://mstestadapter/v2" className="TwojeWesele.Services.Helpers.Tests.CurrencyHelperTests" name="FormatToStringTest1000" />
    </UnitTest>
    <UnitTest name="FormatToStringTest1000 (15669.698889610218,15669.70 zł)" storage="c:\projekty\mstestproject\bin\debug\netcoreapp3.1\mstestproject.dll" id="1a8e7100-db5d-46e9-88ac-ce40f7f8b0cb">
      <TestCategory>
        <TestCategoryItem TestCategory="Category1000" />
      </TestCategory>
      <Execution id="a08d5a9e-83a1-47c5-ab85-f6a8d985b721" />
      <TestMethod codeBase="C:\Projekty\MSTestProject\bin\Debug\netcoreapp3.1\MSTestProject.dll" adapterTypeName="executor://mstestadapter/v2" className="TwojeWesele.Services.Helpers.Tests.CurrencyHelperTests" name="FormatToStringTest1000" />
    </UnitTest>
    <UnitTest name="FormatToStringTest1000 (26223.99769144412,26224.00 zł)" storage="c:\projekty\mstestproject\bin\debug\netcoreapp3.1\mstestproject.dll" id="df6811a5-f98a-4af0-ad5f-b043e82b88a9">
      <TestCategory>
        <TestCategoryItem TestCategory="Category1000" />
      </TestCategory>
      <Execution id="e8c483ed-db14-4a34-a3c4-f422ccbbb331" />
      <TestMethod codeBase="C:\Projekty\MSTestProject\bin\Debug\netcoreapp3.1\MSTestProject.dll" adapterTypeName="executor://mstestadapter/v2" className="TwojeWesele.Services.Helpers.Tests.CurrencyHelperTests" name="FormatToStringTest1000" />
    </UnitTest>
    <UnitTest name="FormatToStringTest1000 (13855.30239352505,13855.30 zł)" storage="c:\projekty\mstestproject\bin\debug\netcoreapp3.1\mstestproject.dll" id="86c3a74a-845a-4f16-bf4c-39dcefcba393">
      <TestCategory>
        <TestCategoryItem TestCategory="Category1000" />
      </TestCategory>
      <Execution id="b6289922-d8d2-473c-bc91-a58c17098a16" />
      <TestMethod codeBase="C:\Projekty\MSTestProject\bin\Debug\netcoreapp3.1\MSTestProject.dll" adapterTypeName="executor://mstestadapter/v2" className="TwojeWesele.Services.Helpers.Tests.CurrencyHelperTests" name="FormatToStringTest1000" />
    </UnitTest>
    <UnitTest name="FormatToStringTest1000 (5591.2222540617095,5591.22 zł)" storage="c:\projekty\mstestproject\bin\debug\netcoreapp3.1\mstestproject.dll" id="e4f406e2-c7bd-46ad-9216-441517af3677">
      <TestCategory>
        <TestCategoryItem TestCategory="Category1000" />
      </TestCategory>
      <Execution id="17f4c8c9-2517-4f2d-b25c-1c295e1fcf77" />
      <TestMethod codeBase="C:\Projekty\MSTestProject\bin\Debug\netcoreapp3.1\MSTestProject.dll" adapterTypeName="executor://mstestadapter/v2" className="TwojeWesele.Services.Helpers.Tests.CurrencyHelperTests" name="FormatToStringTest1000" />
    </UnitTest>
    <UnitTest name="FormatToStringTest1000 (45299.778512198376,45299.78 zł)" storage="c:\projekty\mstestproject\bin\debug\netcoreapp3.1\mstestproject.dll" id="1c506242-3a3d-4e0c-ab7e-8720c3acdca8">
      <TestCategory>
        <TestCategoryItem TestCategory="Category1000" />
      </TestCategory>
      <Execution id="473dcb6b-acc9-464a-b7c6-58867b29f441" />
      <TestMethod codeBase="C:\Projekty\MSTestProject\bin\Debug\netcoreapp3.1\MSTestProject.dll" adapterTypeName="executor://mstestadapter/v2" className="TwojeWesele.Services.Helpers.Tests.CurrencyHelperTests" name="FormatToStringTest1000" />
    </UnitTest>
    <UnitTest name="FormatToStringTest1000 (9994.9471861026,9994.95 zł)" storage="c:\projekty\mstestproject\bin\debug\netcoreapp3.1\mstestproject.dll" id="ecfc0012-14af-479a-a40f-8be1fe73e615">
      <TestCategory>
        <TestCategoryItem TestCategory="Category1000" />
      </TestCategory>
      <Execution id="b80b80fd-43dd-4e48-8321-41281c8f0289" />
      <TestMethod codeBase="C:\Projekty\MSTestProject\bin\Debug\netcoreapp3.1\MSTestProject.dll" adapterTypeName="executor://mstestadapter/v2" className="TwojeWesele.Services.Helpers.Tests.CurrencyHelperTests" name="FormatToStringTest1000" />
    </UnitTest>
    <UnitTest name="FormatToStringTest1000 (1898.24149096489,1898.24 zł)" storage="c:\projekty\mstestproject\bin\debug\netcoreapp3.1\mstestproject.dll" id="62f69d8b-2ca9-4e12-a938-70bc4000731e">
      <TestCategory>
        <TestCategoryItem TestCategory="Category1000" />
      </TestCategory>
      <Execution id="74935fbf-1f56-43e0-a94a-a91d4cd5a809" />
      <TestMethod codeBase="C:\Projekty\MSTestProject\bin\Debug\netcoreapp3.1\MSTestProject.dll" adapterTypeName="executor://mstestadapter/v2" className="TwojeWesele.Services.Helpers.Tests.CurrencyHelperTests" name="FormatToStringTest1000" />
    </UnitTest>
    <UnitTest name="FormatToStringTest1000 (15337.485230751097,15337.49 zł)" storage="c:\projekty\mstestproject\bin\debug\netcoreapp3.1\mstestproject.dll" id="b54bf47e-3587-4669-8f37-9b214ea84a23">
      <TestCategory>
        <TestCategoryItem TestCategory="Category1000" />
      </TestCategory>
      <Execution id="3ec95459-3f59-4f90-9d49-f2291f3e16b1" />
      <TestMethod codeBase="C:\Projekty\MSTestProject\bin\Debug\netcoreapp3.1\MSTestProject.dll" adapterTypeName="executor://mstestadapter/v2" className="TwojeWesele.Services.Helpers.Tests.CurrencyHelperTests" name="FormatToStringTest1000" />
    </UnitTest>
    <UnitTest name="FormatToStringTest1000 (70432.00656616595,70432.01 zł)" storage="c:\projekty\mstestproject\bin\debug\netcoreapp3.1\mstestproject.dll" id="ff5d854d-3c69-45f1-b6d0-5234bc7fb8e9">
      <TestCategory>
        <TestCategoryItem TestCategory="Category1000" />
      </TestCategory>
      <Execution id="a3173df7-cbdc-4d84-90d7-b959a76bccd4" />
      <TestMethod codeBase="C:\Projekty\MSTestProject\bin\Debug\netcoreapp3.1\MSTestProject.dll" adapterTypeName="executor://mstestadapter/v2" className="TwojeWesele.Services.Helpers.Tests.CurrencyHelperTests" name="FormatToStringTest1000" />
    </UnitTest>
    <UnitTest name="FormatToStringTest1000 (30410.68214617003,30410.68 zł)" storage="c:\projekty\mstestproject\bin\debug\netcoreapp3.1\mstestproject.dll" id="a42781f7-11d2-46b6-a95a-808b419bd47d">
      <TestCategory>
        <TestCategoryItem TestCategory="Category1000" />
      </TestCategory>
      <Execution id="7af2c7c8-00f5-4d02-adde-00254bbdcebd" />
      <TestMethod codeBase="C:\Projekty\MSTestProject\bin\Debug\netcoreapp3.1\MSTestProject.dll" adapterTypeName="executor://mstestadapter/v2" className="TwojeWesele.Services.Helpers.Tests.CurrencyHelperTests" name="FormatToStringTest1000" />
    </UnitTest>
    <UnitTest name="FormatToStringTest1000 (1313.0279238368514,1313.03 zł)" storage="c:\projekty\mstestproject\bin\debug\netcoreapp3.1\mstestproject.dll" id="c89dba63-7450-420a-862e-bcc33f4bf0ae">
      <TestCategory>
        <TestCategoryItem TestCategory="Category1000" />
      </TestCategory>
      <Execution id="b9fb4f97-58dd-4264-b498-dab2ad2e5f25" />
      <TestMethod codeBase="C:\Projekty\MSTestProject\bin\Debug\netcoreapp3.1\MSTestProject.dll" adapterTypeName="executor://mstestadapter/v2" className="TwojeWesele.Services.Helpers.Tests.CurrencyHelperTests" name="FormatToStringTest1000" />
    </UnitTest>
    <UnitTest name="FormatToStringTest1000 (55782.67998761762,55782.68 zł)" storage="c:\projekty\mstestproject\bin\debug\netcoreapp3.1\mstestproject.dll" id="2aebc43a-1653-425b-884b-ba098c48b6d0">
      <TestCategory>
        <TestCategoryItem TestCategory="Category1000" />
      </TestCategory>
      <Execution id="2cc4bb36-3932-451c-9558-bdbe9e112765" />
      <TestMethod codeBase="C:\Projekty\MSTestProject\bin\Debug\netcoreapp3.1\MSTestProject.dll" adapterTypeName="executor://mstestadapter/v2" className="TwojeWesele.Services.Helpers.Tests.CurrencyHelperTests" name="FormatToStringTest1000" />
    </UnitTest>
    <UnitTest name="FormatToStringTest1000 (31971.185406704986,31971.19 zł)" storage="c:\projekty\mstestproject\bin\debug\netcoreapp3.1\mstestproject.dll" id="abb5ebab-c478-4fb0-b605-d3e10cff35fd">
      <TestCategory>
        <TestCategoryItem TestCategory="Category1000" />
      </TestCategory>
      <Execution id="1b1b42c5-9697-4c84-8350-364320097d4b" />
      <TestMethod codeBase="C:\Projekty\MSTestProject\bin\Debug\netcoreapp3.1\MSTestProject.dll" adapterTypeName="executor://mstestadapter/v2" className="TwojeWesele.Services.Helpers.Tests.CurrencyHelperTests" name="FormatToStringTest1000" />
    </UnitTest>
    <UnitTest name="FormatToStringTest1000 (4411.456718280659,4411.46 zł)" storage="c:\projekty\mstestproject\bin\debug\netcoreapp3.1\mstestproject.dll" id="29ee1886-d50e-42d8-a439-e212ba416df0">
      <TestCategory>
        <TestCategoryItem TestCategory="Category1000" />
      </TestCategory>
      <Execution id="e6712a2c-0f2c-447f-99c1-93d90856e80d" />
      <TestMethod codeBase="C:\Projekty\MSTestProject\bin\Debug\netcoreapp3.1\MSTestProject.dll" adapterTypeName="executor://mstestadapter/v2" className="TwojeWesele.Services.Helpers.Tests.CurrencyHelperTests" name="FormatToStringTest1000" />
    </UnitTest>
    <UnitTest name="FormatToStringTest1000 (28155.26504817664,28155.27 zł)" storage="c:\projekty\mstestproject\bin\debug\netcoreapp3.1\mstestproject.dll" id="1f895fe6-562e-41fb-b9ae-5417a8043b48">
      <TestCategory>
        <TestCategoryItem TestCategory="Category1000" />
      </TestCategory>
      <Execution id="ce57e126-0acc-49b2-a1e6-ecb9d10d0b03" />
      <TestMethod codeBase="C:\Projekty\MSTestProject\bin\Debug\netcoreapp3.1\MSTestProject.dll" adapterTypeName="executor://mstestadapter/v2" className="TwojeWesele.Services.Helpers.Tests.CurrencyHelperTests" name="FormatToStringTest1000" />
    </UnitTest>
    <UnitTest name="FormatToStringTest1000 (17000.070169619317,17000.07 zł)" storage="c:\projekty\mstestproject\bin\debug\netcoreapp3.1\mstestproject.dll" id="2da4a7a9-d1a9-4c9b-9506-17b6a40f568b">
      <TestCategory>
        <TestCategoryItem TestCategory="Category1000" />
      </TestCategory>
      <Execution id="97eccdad-f594-4ad5-b3b3-9d1278bc9086" />
      <TestMethod codeBase="C:\Projekty\MSTestProject\bin\Debug\netcoreapp3.1\MSTestProject.dll" adapterTypeName="executor://mstestadapter/v2" className="TwojeWesele.Services.Helpers.Tests.CurrencyHelperTests" name="FormatToStringTest1000" />
    </UnitTest>
    <UnitTest name="FormatToStringTest1000 (12759.925747307914,12759.93 zł)" storage="c:\projekty\mstestproject\bin\debug\netcoreapp3.1\mstestproject.dll" id="be46778d-83ca-435a-b4e8-e9bccf370c4d">
      <TestCategory>
        <TestCategoryItem TestCategory="Category1000" />
      </TestCategory>
      <Execution id="bbc72d8e-97f5-47e4-996f-cdde1a915dc4" />
      <TestMethod codeBase="C:\Projekty\MSTestProject\bin\Debug\netcoreapp3.1\MSTestProject.dll" adapterTypeName="executor://mstestadapter/v2" className="TwojeWesele.Services.Helpers.Tests.CurrencyHelperTests" name="FormatToStringTest1000" />
    </UnitTest>
    <UnitTest name="FormatToStringTest1000 (42383.08993972982,42383.09 zł)" storage="c:\projekty\mstestproject\bin\debug\netcoreapp3.1\mstestproject.dll" id="b7d13cc9-8aa9-4ad2-a5bc-aa396b005b36">
      <TestCategory>
        <TestCategoryItem TestCategory="Category1000" />
      </TestCategory>
      <Execution id="199f564c-e70e-490e-a28b-a6c133cf9441" />
      <TestMethod codeBase="C:\Projekty\MSTestProject\bin\Debug\netcoreapp3.1\MSTestProject.dll" adapterTypeName="executor://mstestadapter/v2" className="TwojeWesele.Services.Helpers.Tests.CurrencyHelperTests" name="FormatToStringTest1000" />
    </UnitTest>
    <UnitTest name="FormatToStringTest1000 (8599.45217413616,8599.45 zł)" storage="c:\projekty\mstestproject\bin\debug\netcoreapp3.1\mstestproject.dll" id="4d089d81-254b-4e29-8fae-e6f3b3efe9f8">
      <TestCategory>
        <TestCategoryItem TestCategory="Category1000" />
      </TestCategory>
      <Execution id="9a55918c-d814-4b87-84b8-272f29ddd604" />
      <TestMethod codeBase="C:\Projekty\MSTestProject\bin\Debug\netcoreapp3.1\MSTestProject.dll" adapterTypeName="executor://mstestadapter/v2" className="TwojeWesele.Services.Helpers.Tests.CurrencyHelperTests" name="FormatToStringTest1000" />
    </UnitTest>
    <UnitTest name="FormatToStringTest1000 (750.5106571719566,750.51 zł)" storage="c:\projekty\mstestproject\bin\debug\netcoreapp3.1\mstestproject.dll" id="30f48789-76ae-431b-96e9-0d1d62d5613e">
      <TestCategory>
        <TestCategoryItem TestCategory="Category1000" />
      </TestCategory>
      <Execution id="d6d685da-c5ef-4f55-855e-87cd3085965c" />
      <TestMethod codeBase="C:\Projekty\MSTestProject\bin\Debug\netcoreapp3.1\MSTestProject.dll" adapterTypeName="executor://mstestadapter/v2" className="TwojeWesele.Services.Helpers.Tests.CurrencyHelperTests" name="FormatToStringTest1000" />
    </UnitTest>
    <UnitTest name="FormatToStringTest1000 (24825.207513729205,24825.21 zł)" storage="c:\projekty\mstestproject\bin\debug\netcoreapp3.1\mstestproject.dll" id="d480424f-7f5e-4f3d-95fb-a3ec61cc1c0c">
      <TestCategory>
        <TestCategoryItem TestCategory="Category1000" />
      </TestCategory>
      <Execution id="678ddc61-6f0d-4533-8ec2-1801776a7df5" />
      <TestMethod codeBase="C:\Projekty\MSTestProject\bin\Debug\netcoreapp3.1\MSTestProject.dll" adapterTypeName="executor://mstestadapter/v2" className="TwojeWesele.Services.Helpers.Tests.CurrencyHelperTests" name="FormatToStringTest1000" />
    </UnitTest>
    <UnitTest name="FormatToStringTest1000 (7004.710832051798,7004.71 zł)" storage="c:\projekty\mstestproject\bin\debug\netcoreapp3.1\mstestproject.dll" id="fa746d02-2fbf-4cbe-aed2-ab56998ac86d">
      <TestCategory>
        <TestCategoryItem TestCategory="Category1000" />
      </TestCategory>
      <Execution id="5c1ff1d5-208f-4600-8425-aac5636b579a" />
      <TestMethod codeBase="C:\Projekty\MSTestProject\bin\Debug\netcoreapp3.1\MSTestProject.dll" adapterTypeName="executor://mstestadapter/v2" className="TwojeWesele.Services.Helpers.Tests.CurrencyHelperTests" name="FormatToStringTest1000" />
    </UnitTest>
    <UnitTest name="FormatToStringTest1000 (867.5236648356187,867.52 zł)" storage="c:\projekty\mstestproject\bin\debug\netcoreapp3.1\mstestproject.dll" id="35698728-40aa-4476-a83b-596e26580320">
      <TestCategory>
        <TestCategoryItem TestCategory="Category1000" />
      </TestCategory>
      <Execution id="19dcf4b2-4346-4242-9284-f8f81bcd5708" />
      <TestMethod codeBase="C:\Projekty\MSTestProject\bin\Debug\netcoreapp3.1\MSTestProject.dll" adapterTypeName="executor://mstestadapter/v2" className="TwojeWesele.Services.Helpers.Tests.CurrencyHelperTests" name="FormatToStringTest1000" />
    </UnitTest>
    <UnitTest name="FormatToStringTest1000 (19882.647973500494,19882.65 zł)" storage="c:\projekty\mstestproject\bin\debug\netcoreapp3.1\mstestproject.dll" id="b3a34acd-0e1e-42bd-b2f6-295f480d243e">
      <TestCategory>
        <TestCategoryItem TestCategory="Category1000" />
      </TestCategory>
      <Execution id="d0d55bea-9d32-4253-9556-4aa34dc560d1" />
      <TestMethod codeBase="C:\Projekty\MSTestProject\bin\Debug\netcoreapp3.1\MSTestProject.dll" adapterTypeName="executor://mstestadapter/v2" className="TwojeWesele.Services.Helpers.Tests.CurrencyHelperTests" name="FormatToStringTest1000" />
    </UnitTest>
    <UnitTest name="FormatToStringTest1000 (19363.881840787773,19363.88 zł)" storage="c:\projekty\mstestproject\bin\debug\netcoreapp3.1\mstestproject.dll" id="a66a5301-fa1c-449b-b2cb-51a21b02a48d">
      <TestCategory>
        <TestCategoryItem TestCategory="Category1000" />
      </TestCategory>
      <Execution id="8c02bc9b-9c74-4b17-8c85-943da6eb8df4" />
      <TestMethod codeBase="C:\Projekty\MSTestProject\bin\Debug\netcoreapp3.1\MSTestProject.dll" adapterTypeName="executor://mstestadapter/v2" className="TwojeWesele.Services.Helpers.Tests.CurrencyHelperTests" name="FormatToStringTest1000" />
    </UnitTest>
    <UnitTest name="FormatToStringTest1000 (1482.3501845832682,1482.35 zł)" storage="c:\projekty\mstestproject\bin\debug\netcoreapp3.1\mstestproject.dll" id="80958b45-43c3-41e0-ac91-5febd326e180">
      <TestCategory>
        <TestCategoryItem TestCategory="Category1000" />
      </TestCategory>
      <Execution id="784887cf-4e5c-4a64-a9f3-fcd5541d92ba" />
      <TestMethod codeBase="C:\Projekty\MSTestProject\bin\Debug\netcoreapp3.1\MSTestProject.dll" adapterTypeName="executor://mstestadapter/v2" className="TwojeWesele.Services.Helpers.Tests.CurrencyHelperTests" name="FormatToStringTest1000" />
    </UnitTest>
    <UnitTest name="FormatToStringTest1000 (9657.360676611475,9657.36 zł)" storage="c:\projekty\mstestproject\bin\debug\netcoreapp3.1\mstestproject.dll" id="4b32cf5b-4109-4968-8f24-3c076a9bac6c">
      <TestCategory>
        <TestCategoryItem TestCategory="Category1000" />
      </TestCategory>
      <Execution id="5fa3a0f5-bb51-4f2c-b43c-254e5a1f792e" />
      <TestMethod codeBase="C:\Projekty\MSTestProject\bin\Debug\netcoreapp3.1\MSTestProject.dll" adapterTypeName="executor://mstestadapter/v2" className="TwojeWesele.Services.Helpers.Tests.CurrencyHelperTests" name="FormatToStringTest1000" />
    </UnitTest>
    <UnitTest name="FormatToStringTest1000 (7370.518277515898,7370.52 zł)" storage="c:\projekty\mstestproject\bin\debug\netcoreapp3.1\mstestproject.dll" id="01cdee16-cb60-42a0-98f6-782f48f5a9b8">
      <TestCategory>
        <TestCategoryItem TestCategory="Category1000" />
      </TestCategory>
      <Execution id="553b52f3-472a-4bc7-8cb8-6335233b86e3" />
      <TestMethod codeBase="C:\Projekty\MSTestProject\bin\Debug\netcoreapp3.1\MSTestProject.dll" adapterTypeName="executor://mstestadapter/v2" className="TwojeWesele.Services.Helpers.Tests.CurrencyHelperTests" name="FormatToStringTest1000" />
    </UnitTest>
    <UnitTest name="FormatToStringTest1000 (15396.537902579894,15396.54 zł)" storage="c:\projekty\mstestproject\bin\debug\netcoreapp3.1\mstestproject.dll" id="32636f8e-92f8-4269-8785-a40419b46d33">
      <TestCategory>
        <TestCategoryItem TestCategory="Category1000" />
      </TestCategory>
      <Execution id="a6fbd974-5b20-4c73-83eb-66963fc8c73d" />
      <TestMethod codeBase="C:\Projekty\MSTestProject\bin\Debug\netcoreapp3.1\MSTestProject.dll" adapterTypeName="executor://mstestadapter/v2" className="TwojeWesele.Services.Helpers.Tests.CurrencyHelperTests" name="FormatToStringTest1000" />
    </UnitTest>
    <UnitTest name="FormatToStringTest1000 (7569.605888796322,7569.61 zł)" storage="c:\projekty\mstestproject\bin\debug\netcoreapp3.1\mstestproject.dll" id="b88a4584-bd7f-41bc-9046-3bb4af10c2b0">
      <TestCategory>
        <TestCategoryItem TestCategory="Category1000" />
      </TestCategory>
      <Execution id="47e8908b-fda7-4ffd-b3ab-8f005284671f" />
      <TestMethod codeBase="C:\Projekty\MSTestProject\bin\Debug\netcoreapp3.1\MSTestProject.dll" adapterTypeName="executor://mstestadapter/v2" className="TwojeWesele.Services.Helpers.Tests.CurrencyHelperTests" name="FormatToStringTest1000" />
    </UnitTest>
    <UnitTest name="FormatToStringTest1000 (24251.68593564848,24251.69 zł)" storage="c:\projekty\mstestproject\bin\debug\netcoreapp3.1\mstestproject.dll" id="ac21722f-357b-45b4-89cd-f79f865ee9fe">
      <TestCategory>
        <TestCategoryItem TestCategory="Category1000" />
      </TestCategory>
      <Execution id="d980b2ac-d67f-4116-b23d-f80027af18c8" />
      <TestMethod codeBase="C:\Projekty\MSTestProject\bin\Debug\netcoreapp3.1\MSTestProject.dll" adapterTypeName="executor://mstestadapter/v2" className="TwojeWesele.Services.Helpers.Tests.CurrencyHelperTests" name="FormatToStringTest1000" />
    </UnitTest>
    <UnitTest name="FormatToStringTest1000 (9818.257405763146,9818.26 zł)" storage="c:\projekty\mstestproject\bin\debug\netcoreapp3.1\mstestproject.dll" id="b14f11ed-7c7d-4ad8-aa8d-98d865bf2142">
      <TestCategory>
        <TestCategoryItem TestCategory="Category1000" />
      </TestCategory>
      <Execution id="b168cf59-f5ce-4986-890e-3fc623919ee6" />
      <TestMethod codeBase="C:\Projekty\MSTestProject\bin\Debug\netcoreapp3.1\MSTestProject.dll" adapterTypeName="executor://mstestadapter/v2" className="TwojeWesele.Services.Helpers.Tests.CurrencyHelperTests" name="FormatToStringTest1000" />
    </UnitTest>
    <UnitTest name="FormatToStringTest1000 (67898.54481444067,67898.54 zł)" storage="c:\projekty\mstestproject\bin\debug\netcoreapp3.1\mstestproject.dll" id="f2546a86-81c9-4a17-ad26-a1f0cf6f1139">
      <TestCategory>
        <TestCategoryItem TestCategory="Category1000" />
      </TestCategory>
      <Execution id="9d393237-1790-443e-86ff-3ecb94ed1219" />
      <TestMethod codeBase="C:\Projekty\MSTestProject\bin\Debug\netcoreapp3.1\MSTestProject.dll" adapterTypeName="executor://mstestadapter/v2" className="TwojeWesele.Services.Helpers.Tests.CurrencyHelperTests" name="FormatToStringTest1000" />
    </UnitTest>
    <UnitTest name="FormatToStringTest1000 (12379.347974640013,12379.35 zł)" storage="c:\projekty\mstestproject\bin\debug\netcoreapp3.1\mstestproject.dll" id="1f25270e-a0ac-4cb4-a82e-db45366e2021">
      <TestCategory>
        <TestCategoryItem TestCategory="Category1000" />
      </TestCategory>
      <Execution id="7a28ed0f-42b1-44fe-bb54-2336e8809ab7" />
      <TestMethod codeBase="C:\Projekty\MSTestProject\bin\Debug\netcoreapp3.1\MSTestProject.dll" adapterTypeName="executor://mstestadapter/v2" className="TwojeWesele.Services.Helpers.Tests.CurrencyHelperTests" name="FormatToStringTest1000" />
    </UnitTest>
    <UnitTest name="FormatToStringTest1000 (11118.620997698335,11118.62 zł)" storage="c:\projekty\mstestproject\bin\debug\netcoreapp3.1\mstestproject.dll" id="09d61e6e-159a-45c1-8e14-8556554190dc">
      <TestCategory>
        <TestCategoryItem TestCategory="Category1000" />
      </TestCategory>
      <Execution id="f7b67cd4-0f14-44b0-8c87-50e75ceb3216" />
      <TestMethod codeBase="C:\Projekty\MSTestProject\bin\Debug\netcoreapp3.1\MSTestProject.dll" adapterTypeName="executor://mstestadapter/v2" className="TwojeWesele.Services.Helpers.Tests.CurrencyHelperTests" name="FormatToStringTest1000" />
    </UnitTest>
    <UnitTest name="FormatToStringTest1000 (7458.609645228652,7458.61 zł)" storage="c:\projekty\mstestproject\bin\debug\netcoreapp3.1\mstestproject.dll" id="60612d1c-450e-4947-ab7f-43543267fb8d">
      <TestCategory>
        <TestCategoryItem TestCategory="Category1000" />
      </TestCategory>
      <Execution id="60ca8e68-ee06-495b-8d71-c70eb87dfc5b" />
      <TestMethod codeBase="C:\Projekty\MSTestProject\bin\Debug\netcoreapp3.1\MSTestProject.dll" adapterTypeName="executor://mstestadapter/v2" className="TwojeWesele.Services.Helpers.Tests.CurrencyHelperTests" name="FormatToStringTest1000" />
    </UnitTest>
    <UnitTest name="FormatToStringTest1000 (31622.81414407809,31622.81 zł)" storage="c:\projekty\mstestproject\bin\debug\netcoreapp3.1\mstestproject.dll" id="af0fb036-5606-4ff8-8188-afc3744a6081">
      <TestCategory>
        <TestCategoryItem TestCategory="Category1000" />
      </TestCategory>
      <Execution id="1d55a2fe-5343-46b8-9f7a-610c552248d7" />
      <TestMethod codeBase="C:\Projekty\MSTestProject\bin\Debug\netcoreapp3.1\MSTestProject.dll" adapterTypeName="executor://mstestadapter/v2" className="TwojeWesele.Services.Helpers.Tests.CurrencyHelperTests" name="FormatToStringTest1000" />
    </UnitTest>
    <UnitTest name="FormatToStringTest1000 (14017.699524653006,14017.70 zł)" storage="c:\projekty\mstestproject\bin\debug\netcoreapp3.1\mstestproject.dll" id="ea95d354-fbf3-454e-9d58-9d76f295ab41">
      <TestCategory>
        <TestCategoryItem TestCategory="Category1000" />
      </TestCategory>
      <Execution id="bb9a7b85-a9c3-4f2b-b9c5-159a658bfd37" />
      <TestMethod codeBase="C:\Projekty\MSTestProject\bin\Debug\netcoreapp3.1\MSTestProject.dll" adapterTypeName="executor://mstestadapter/v2" className="TwojeWesele.Services.Helpers.Tests.CurrencyHelperTests" name="FormatToStringTest1000" />
    </UnitTest>
    <UnitTest name="FormatToStringTest1000 (60701.5177499319,60701.52 zł)" storage="c:\projekty\mstestproject\bin\debug\netcoreapp3.1\mstestproject.dll" id="b3626754-e5eb-43a1-b923-6b1a0b577dbd">
      <TestCategory>
        <TestCategoryItem TestCategory="Category1000" />
      </TestCategory>
      <Execution id="ca3857d3-b4dc-4e7a-9056-2acb8bfa97c4" />
      <TestMethod codeBase="C:\Projekty\MSTestProject\bin\Debug\netcoreapp3.1\MSTestProject.dll" adapterTypeName="executor://mstestadapter/v2" className="TwojeWesele.Services.Helpers.Tests.CurrencyHelperTests" name="FormatToStringTest1000" />
    </UnitTest>
    <UnitTest name="FormatToStringTest1000 (11494.27761332238,11494.28 zł)" storage="c:\projekty\mstestproject\bin\debug\netcoreapp3.1\mstestproject.dll" id="d0c0f702-19f3-455a-a8c5-baa3d75f6ab8">
      <TestCategory>
        <TestCategoryItem TestCategory="Category1000" />
      </TestCategory>
      <Execution id="c1b3d7e1-5f86-45b1-91b6-3c0ff2b926c0" />
      <TestMethod codeBase="C:\Projekty\MSTestProject\bin\Debug\netcoreapp3.1\MSTestProject.dll" adapterTypeName="executor://mstestadapter/v2" className="TwojeWesele.Services.Helpers.Tests.CurrencyHelperTests" name="FormatToStringTest1000" />
    </UnitTest>
    <UnitTest name="FormatToStringTest1000 (50956.25028206606,50956.25 zł)" storage="c:\projekty\mstestproject\bin\debug\netcoreapp3.1\mstestproject.dll" id="c610bb57-0f40-4f1b-81a8-c6c1dd7fad2b">
      <TestCategory>
        <TestCategoryItem TestCategory="Category1000" />
      </TestCategory>
      <Execution id="13c59dc8-15dc-45d1-9513-5d667d72be0a" />
      <TestMethod codeBase="C:\Projekty\MSTestProject\bin\Debug\netcoreapp3.1\MSTestProject.dll" adapterTypeName="executor://mstestadapter/v2" className="TwojeWesele.Services.Helpers.Tests.CurrencyHelperTests" name="FormatToStringTest1000" />
    </UnitTest>
    <UnitTest name="FormatToStringTest1000 (13414.3551766441,13414.36 zł)" storage="c:\projekty\mstestproject\bin\debug\netcoreapp3.1\mstestproject.dll" id="6c857f33-a9a6-44fa-9be3-21b8151a6552">
      <TestCategory>
        <TestCategoryItem TestCategory="Category1000" />
      </TestCategory>
      <Execution id="e2314134-f921-49c6-80d9-c7c5ed7f3d20" />
      <TestMethod codeBase="C:\Projekty\MSTestProject\bin\Debug\netcoreapp3.1\MSTestProject.dll" adapterTypeName="executor://mstestadapter/v2" className="TwojeWesele.Services.Helpers.Tests.CurrencyHelperTests" name="FormatToStringTest1000" />
    </UnitTest>
    <UnitTest name="FormatToStringTest1000 (918.1842976688334,918.18 zł)" storage="c:\projekty\mstestproject\bin\debug\netcoreapp3.1\mstestproject.dll" id="acdfc496-42a3-4545-92b5-74a381545f0d">
      <TestCategory>
        <TestCategoryItem TestCategory="Category1000" />
      </TestCategory>
      <Execution id="afc3e4c3-374d-42f0-a2bf-8bd0ce061172" />
      <TestMethod codeBase="C:\Projekty\MSTestProject\bin\Debug\netcoreapp3.1\MSTestProject.dll" adapterTypeName="executor://mstestadapter/v2" className="TwojeWesele.Services.Helpers.Tests.CurrencyHelperTests" name="FormatToStringTest1000" />
    </UnitTest>
    <UnitTest name="FormatToStringTest1000 (2166.4103293970275,2166.41 zł)" storage="c:\projekty\mstestproject\bin\debug\netcoreapp3.1\mstestproject.dll" id="fbc4a29e-aeef-42b5-82b2-d6dba8682ea6">
      <TestCategory>
        <TestCategoryItem TestCategory="Category1000" />
      </TestCategory>
      <Execution id="b702bde2-cc90-4042-8528-52c0f99c2c42" />
      <TestMethod codeBase="C:\Projekty\MSTestProject\bin\Debug\netcoreapp3.1\MSTestProject.dll" adapterTypeName="executor://mstestadapter/v2" className="TwojeWesele.Services.Helpers.Tests.CurrencyHelperTests" name="FormatToStringTest1000" />
    </UnitTest>
    <UnitTest name="FormatToStringTest1000 (47575.6421269959,47575.64 zł)" storage="c:\projekty\mstestproject\bin\debug\netcoreapp3.1\mstestproject.dll" id="095909bb-7b94-4397-a81e-62326e417519">
      <TestCategory>
        <TestCategoryItem TestCategory="Category1000" />
      </TestCategory>
      <Execution id="4e550853-927f-41d4-8ed9-4b9d3683a830" />
      <TestMethod codeBase="C:\Projekty\MSTestProject\bin\Debug\netcoreapp3.1\MSTestProject.dll" adapterTypeName="executor://mstestadapter/v2" className="TwojeWesele.Services.Helpers.Tests.CurrencyHelperTests" name="FormatToStringTest1000" />
    </UnitTest>
    <UnitTest name="FormatToStringTest1000 (72802.68569213277,72802.69 zł)" storage="c:\projekty\mstestproject\bin\debug\netcoreapp3.1\mstestproject.dll" id="957bb935-17af-49a9-9555-cbbbeb5e505d">
      <TestCategory>
        <TestCategoryItem TestCategory="Category1000" />
      </TestCategory>
      <Execution id="884ab489-c6e4-4231-8bee-094749f4bd6b" />
      <TestMethod codeBase="C:\Projekty\MSTestProject\bin\Debug\netcoreapp3.1\MSTestProject.dll" adapterTypeName="executor://mstestadapter/v2" className="TwojeWesele.Services.Helpers.Tests.CurrencyHelperTests" name="FormatToStringTest1000" />
    </UnitTest>
    <UnitTest name="FormatToStringTest1000 (59919.71489415491,59919.71 zł)" storage="c:\projekty\mstestproject\bin\debug\netcoreapp3.1\mstestproject.dll" id="7b86ecbf-a42d-4268-833f-84a6c2bfe5e8">
      <TestCategory>
        <TestCategoryItem TestCategory="Category1000" />
      </TestCategory>
      <Execution id="42f78f9e-e6be-4fa1-b20f-e2dcec4b05cf" />
      <TestMethod codeBase="C:\Projekty\MSTestProject\bin\Debug\netcoreapp3.1\MSTestProject.dll" adapterTypeName="executor://mstestadapter/v2" className="TwojeWesele.Services.Helpers.Tests.CurrencyHelperTests" name="FormatToStringTest1000" />
    </UnitTest>
    <UnitTest name="FormatToStringTest1000 (12641.700665183225,12641.70 zł)" storage="c:\projekty\mstestproject\bin\debug\netcoreapp3.1\mstestproject.dll" id="497be661-ec60-4a69-b7f5-c003d331ca33">
      <TestCategory>
        <TestCategoryItem TestCategory="Category1000" />
      </TestCategory>
      <Execution id="81a9847a-acca-4967-b2ee-494158c11e04" />
      <TestMethod codeBase="C:\Projekty\MSTestProject\bin\Debug\netcoreapp3.1\MSTestProject.dll" adapterTypeName="executor://mstestadapter/v2" className="TwojeWesele.Services.Helpers.Tests.CurrencyHelperTests" name="FormatToStringTest1000" />
    </UnitTest>
    <UnitTest name="FormatToStringTest1000 (10994.251866986162,10994.25 zł)" storage="c:\projekty\mstestproject\bin\debug\netcoreapp3.1\mstestproject.dll" id="64cad177-1461-4c0e-bffc-429ae3ff66d7">
      <TestCategory>
        <TestCategoryItem TestCategory="Category1000" />
      </TestCategory>
      <Execution id="cd988dea-b2bc-4b31-97c2-8192609de3ad" />
      <TestMethod codeBase="C:\Projekty\MSTestProject\bin\Debug\netcoreapp3.1\MSTestProject.dll" adapterTypeName="executor://mstestadapter/v2" className="TwojeWesele.Services.Helpers.Tests.CurrencyHelperTests" name="FormatToStringTest1000" />
    </UnitTest>
    <UnitTest name="FormatToStringTest1000 (16190.113943164757,16190.11 zł)" storage="c:\projekty\mstestproject\bin\debug\netcoreapp3.1\mstestproject.dll" id="54eba116-cff9-47dd-8a83-a1d255e8f876">
      <TestCategory>
        <TestCategoryItem TestCategory="Category1000" />
      </TestCategory>
      <Execution id="db001a73-23f6-459b-a310-3226b8156ea3" />
      <TestMethod codeBase="C:\Projekty\MSTestProject\bin\Debug\netcoreapp3.1\MSTestProject.dll" adapterTypeName="executor://mstestadapter/v2" className="TwojeWesele.Services.Helpers.Tests.CurrencyHelperTests" name="FormatToStringTest1000" />
    </UnitTest>
    <UnitTest name="FormatToStringTest1000 (50644.690874327294,50644.69 zł)" storage="c:\projekty\mstestproject\bin\debug\netcoreapp3.1\mstestproject.dll" id="c8e332d3-6a8b-425a-a40b-033c3be4f974">
      <TestCategory>
        <TestCategoryItem TestCategory="Category1000" />
      </TestCategory>
      <Execution id="b8ee14c8-ca2c-4b30-bec3-a0ae6d055f19" />
      <TestMethod codeBase="C:\Projekty\MSTestProject\bin\Debug\netcoreapp3.1\MSTestProject.dll" adapterTypeName="executor://mstestadapter/v2" className="TwojeWesele.Services.Helpers.Tests.CurrencyHelperTests" name="FormatToStringTest1000" />
    </UnitTest>
    <UnitTest name="FormatToStringTest1000 (803.2448148733214,803.24 zł)" storage="c:\projekty\mstestproject\bin\debug\netcoreapp3.1\mstestproject.dll" id="2e4ccd80-e8bd-413b-8f52-068322e9541f">
      <TestCategory>
        <TestCategoryItem TestCategory="Category1000" />
      </TestCategory>
      <Execution id="2eba042f-1f02-4698-9a68-d94e639525f9" />
      <TestMethod codeBase="C:\Projekty\MSTestProject\bin\Debug\netcoreapp3.1\MSTestProject.dll" adapterTypeName="executor://mstestadapter/v2" className="TwojeWesele.Services.Helpers.Tests.CurrencyHelperTests" name="FormatToStringTest1000" />
    </UnitTest>
    <UnitTest name="FormatToStringTest1000 (19189.813662191766,19189.81 zł)" storage="c:\projekty\mstestproject\bin\debug\netcoreapp3.1\mstestproject.dll" id="12d12517-29bc-4d70-a180-510290b29edf">
      <TestCategory>
        <TestCategoryItem TestCategory="Category1000" />
      </TestCategory>
      <Execution id="5ea386ed-6b32-4155-991c-c0c33462e07e" />
      <TestMethod codeBase="C:\Projekty\MSTestProject\bin\Debug\netcoreapp3.1\MSTestProject.dll" adapterTypeName="executor://mstestadapter/v2" className="TwojeWesele.Services.Helpers.Tests.CurrencyHelperTests" name="FormatToStringTest1000" />
    </UnitTest>
    <UnitTest name="FormatToStringTest1000 (40913.016669489916,40913.02 zł)" storage="c:\projekty\mstestproject\bin\debug\netcoreapp3.1\mstestproject.dll" id="30e9cdc5-38ae-4851-97d4-91609d0d1c14">
      <TestCategory>
        <TestCategoryItem TestCategory="Category1000" />
      </TestCategory>
      <Execution id="d6bd93a5-7a8d-4216-afaa-a90df429a3af" />
      <TestMethod codeBase="C:\Projekty\MSTestProject\bin\Debug\netcoreapp3.1\MSTestProject.dll" adapterTypeName="executor://mstestadapter/v2" className="TwojeWesele.Services.Helpers.Tests.CurrencyHelperTests" name="FormatToStringTest1000" />
    </UnitTest>
    <UnitTest name="FormatToStringTest1000 (40889.35187774214,40889.35 zł)" storage="c:\projekty\mstestproject\bin\debug\netcoreapp3.1\mstestproject.dll" id="bf681992-a3ee-4110-b468-7742b719a52d">
      <TestCategory>
        <TestCategoryItem TestCategory="Category1000" />
      </TestCategory>
      <Execution id="928a7500-085a-497a-9bb0-ef98be3e0f08" />
      <TestMethod codeBase="C:\Projekty\MSTestProject\bin\Debug\netcoreapp3.1\MSTestProject.dll" adapterTypeName="executor://mstestadapter/v2" className="TwojeWesele.Services.Helpers.Tests.CurrencyHelperTests" name="FormatToStringTest1000" />
    </UnitTest>
    <UnitTest name="FormatToStringTest1000 (3303.1902076747224,3303.19 zł)" storage="c:\projekty\mstestproject\bin\debug\netcoreapp3.1\mstestproject.dll" id="f04abc7c-f6f1-453f-9d03-6557ee9dbbb7">
      <TestCategory>
        <TestCategoryItem TestCategory="Category1000" />
      </TestCategory>
      <Execution id="d982c61f-b7ff-411f-a847-142b5e5f23d3" />
      <TestMethod codeBase="C:\Projekty\MSTestProject\bin\Debug\netcoreapp3.1\MSTestProject.dll" adapterTypeName="executor://mstestadapter/v2" className="TwojeWesele.Services.Helpers.Tests.CurrencyHelperTests" name="FormatToStringTest1000" />
    </UnitTest>
    <UnitTest name="FormatToStringTest1000 (32632.105531036905,32632.11 zł)" storage="c:\projekty\mstestproject\bin\debug\netcoreapp3.1\mstestproject.dll" id="0745d129-ac0d-4849-9d66-3ff95607e6af">
      <TestCategory>
        <TestCategoryItem TestCategory="Category1000" />
      </TestCategory>
      <Execution id="5ef83aac-4ecd-40ca-aba9-50ec314e8046" />
      <TestMethod codeBase="C:\Projekty\MSTestProject\bin\Debug\netcoreapp3.1\MSTestProject.dll" adapterTypeName="executor://mstestadapter/v2" className="TwojeWesele.Services.Helpers.Tests.CurrencyHelperTests" name="FormatToStringTest1000" />
    </UnitTest>
    <UnitTest name="FormatToStringTest1000 (50009.23881716898,50009.24 zł)" storage="c:\projekty\mstestproject\bin\debug\netcoreapp3.1\mstestproject.dll" id="2eff6bee-00fc-4c76-a935-dace7f002f04">
      <TestCategory>
        <TestCategoryItem TestCategory="Category1000" />
      </TestCategory>
      <Execution id="2ab76233-c1c0-4567-b439-7400e8274500" />
      <TestMethod codeBase="C:\Projekty\MSTestProject\bin\Debug\netcoreapp3.1\MSTestProject.dll" adapterTypeName="executor://mstestadapter/v2" className="TwojeWesele.Services.Helpers.Tests.CurrencyHelperTests" name="FormatToStringTest1000" />
    </UnitTest>
    <UnitTest name="FormatToStringTest1000 (26843.15785584932,26843.16 zł)" storage="c:\projekty\mstestproject\bin\debug\netcoreapp3.1\mstestproject.dll" id="4f3b211c-36b5-4e34-9eea-e663e7f1c4f0">
      <TestCategory>
        <TestCategoryItem TestCategory="Category1000" />
      </TestCategory>
      <Execution id="f904f7ae-cd81-485c-a517-248ea9712d2c" />
      <TestMethod codeBase="C:\Projekty\MSTestProject\bin\Debug\netcoreapp3.1\MSTestProject.dll" adapterTypeName="executor://mstestadapter/v2" className="TwojeWesele.Services.Helpers.Tests.CurrencyHelperTests" name="FormatToStringTest1000" />
    </UnitTest>
    <UnitTest name="FormatToStringTest1000 (26529.10838037036,26529.11 zł)" storage="c:\projekty\mstestproject\bin\debug\netcoreapp3.1\mstestproject.dll" id="d820a0aa-f8ba-4ed2-b5ce-e1e978d91a6b">
      <TestCategory>
        <TestCategoryItem TestCategory="Category1000" />
      </TestCategory>
      <Execution id="3c89975c-0e99-427e-b63e-beb5b7f78e65" />
      <TestMethod codeBase="C:\Projekty\MSTestProject\bin\Debug\netcoreapp3.1\MSTestProject.dll" adapterTypeName="executor://mstestadapter/v2" className="TwojeWesele.Services.Helpers.Tests.CurrencyHelperTests" name="FormatToStringTest1000" />
    </UnitTest>
    <UnitTest name="FormatToStringTest1000 (598.1279707877561,598.13 zł)" storage="c:\projekty\mstestproject\bin\debug\netcoreapp3.1\mstestproject.dll" id="03e01a87-8df3-420d-8fc7-c70a3fb2f9e4">
      <TestCategory>
        <TestCategoryItem TestCategory="Category1000" />
      </TestCategory>
      <Execution id="2117d9c5-fd36-431f-8ec3-1bc556bb0bb7" />
      <TestMethod codeBase="C:\Projekty\MSTestProject\bin\Debug\netcoreapp3.1\MSTestProject.dll" adapterTypeName="executor://mstestadapter/v2" className="TwojeWesele.Services.Helpers.Tests.CurrencyHelperTests" name="FormatToStringTest1000" />
    </UnitTest>
    <UnitTest name="FormatToStringTest1000 (6057.842750804426,6057.84 zł)" storage="c:\projekty\mstestproject\bin\debug\netcoreapp3.1\mstestproject.dll" id="68235e6b-1dc1-44f0-8ac0-8364c29023a5">
      <TestCategory>
        <TestCategoryItem TestCategory="Category1000" />
      </TestCategory>
      <Execution id="71213b3c-6fed-405b-8461-354af5bad76e" />
      <TestMethod codeBase="C:\Projekty\MSTestProject\bin\Debug\netcoreapp3.1\MSTestProject.dll" adapterTypeName="executor://mstestadapter/v2" className="TwojeWesele.Services.Helpers.Tests.CurrencyHelperTests" name="FormatToStringTest1000" />
    </UnitTest>
    <UnitTest name="FormatToStringTest1000 (26220.382477706476,26220.38 zł)" storage="c:\projekty\mstestproject\bin\debug\netcoreapp3.1\mstestproject.dll" id="aa6499e0-0977-48a3-a2ba-0daf9cfcf9dc">
      <TestCategory>
        <TestCategoryItem TestCategory="Category1000" />
      </TestCategory>
      <Execution id="3fdbc238-cdb1-4db3-872b-767bac81c0fa" />
      <TestMethod codeBase="C:\Projekty\MSTestProject\bin\Debug\netcoreapp3.1\MSTestProject.dll" adapterTypeName="executor://mstestadapter/v2" className="TwojeWesele.Services.Helpers.Tests.CurrencyHelperTests" name="FormatToStringTest1000" />
    </UnitTest>
    <UnitTest name="FormatToStringTest1000 (26468.346804109562,26468.35 zł)" storage="c:\projekty\mstestproject\bin\debug\netcoreapp3.1\mstestproject.dll" id="edadcfad-e679-44a6-a3fe-db4f8be3cefb">
      <TestCategory>
        <TestCategoryItem TestCategory="Category1000" />
      </TestCategory>
      <Execution id="b839c6b2-056e-435d-a392-fbbecce6414b" />
      <TestMethod codeBase="C:\Projekty\MSTestProject\bin\Debug\netcoreapp3.1\MSTestProject.dll" adapterTypeName="executor://mstestadapter/v2" className="TwojeWesele.Services.Helpers.Tests.CurrencyHelperTests" name="FormatToStringTest1000" />
    </UnitTest>
    <UnitTest name="FormatToStringTest1000 (5628.028273674672,5628.03 zł)" storage="c:\projekty\mstestproject\bin\debug\netcoreapp3.1\mstestproject.dll" id="b528304d-81fc-41d7-86d9-1bb49f7d1ab8">
      <TestCategory>
        <TestCategoryItem TestCategory="Category1000" />
      </TestCategory>
      <Execution id="d086ed09-8e0a-4807-8e0b-63681b05f694" />
      <TestMethod codeBase="C:\Projekty\MSTestProject\bin\Debug\netcoreapp3.1\MSTestProject.dll" adapterTypeName="executor://mstestadapter/v2" className="TwojeWesele.Services.Helpers.Tests.CurrencyHelperTests" name="FormatToStringTest1000" />
    </UnitTest>
    <UnitTest name="FormatToStringTest1000 (23684.695462791573,23684.70 zł)" storage="c:\projekty\mstestproject\bin\debug\netcoreapp3.1\mstestproject.dll" id="1db1bbfd-2fff-46a2-8895-606b0142b117">
      <TestCategory>
        <TestCategoryItem TestCategory="Category1000" />
      </TestCategory>
      <Execution id="170f212e-93cb-4b33-a10d-ae6573e48ce6" />
      <TestMethod codeBase="C:\Projekty\MSTestProject\bin\Debug\netcoreapp3.1\MSTestProject.dll" adapterTypeName="executor://mstestadapter/v2" className="TwojeWesele.Services.Helpers.Tests.CurrencyHelperTests" name="FormatToStringTest1000" />
    </UnitTest>
    <UnitTest name="FormatToStringTest1000 (20640.678251201603,20640.68 zł)" storage="c:\projekty\mstestproject\bin\debug\netcoreapp3.1\mstestproject.dll" id="fceb9bc7-a7ab-4e69-a9df-b2a14c1135ff">
      <TestCategory>
        <TestCategoryItem TestCategory="Category1000" />
      </TestCategory>
      <Execution id="91829fc3-1bad-400c-8601-c3f5378416d8" />
      <TestMethod codeBase="C:\Projekty\MSTestProject\bin\Debug\netcoreapp3.1\MSTestProject.dll" adapterTypeName="executor://mstestadapter/v2" className="TwojeWesele.Services.Helpers.Tests.CurrencyHelperTests" name="FormatToStringTest1000" />
    </UnitTest>
    <UnitTest name="FormatToStringTest1000 (26858.35647848731,26858.36 zł)" storage="c:\projekty\mstestproject\bin\debug\netcoreapp3.1\mstestproject.dll" id="c92cb59c-6557-49d5-bbfc-2856cf8d03a4">
      <TestCategory>
        <TestCategoryItem TestCategory="Category1000" />
      </TestCategory>
      <Execution id="88ff49c0-c034-4003-b0bf-8b56ce21a606" />
      <TestMethod codeBase="C:\Projekty\MSTestProject\bin\Debug\netcoreapp3.1\MSTestProject.dll" adapterTypeName="executor://mstestadapter/v2" className="TwojeWesele.Services.Helpers.Tests.CurrencyHelperTests" name="FormatToStringTest1000" />
    </UnitTest>
    <UnitTest name="FormatToStringTest1000 (10534.184353995222,10534.18 zł)" storage="c:\projekty\mstestproject\bin\debug\netcoreapp3.1\mstestproject.dll" id="72c6c450-4e44-4da8-a7c9-ca0c02809483">
      <TestCategory>
        <TestCategoryItem TestCategory="Category1000" />
      </TestCategory>
      <Execution id="128f3dec-58fd-4694-b707-2e80241fd234" />
      <TestMethod codeBase="C:\Projekty\MSTestProject\bin\Debug\netcoreapp3.1\MSTestProject.dll" adapterTypeName="executor://mstestadapter/v2" className="TwojeWesele.Services.Helpers.Tests.CurrencyHelperTests" name="FormatToStringTest1000" />
    </UnitTest>
    <UnitTest name="FormatToStringTest1000 (4539.210371735137,4539.21 zł)" storage="c:\projekty\mstestproject\bin\debug\netcoreapp3.1\mstestproject.dll" id="eb1473cd-5ec3-4da9-bdc1-4b02ca703a0a">
      <TestCategory>
        <TestCategoryItem TestCategory="Category1000" />
      </TestCategory>
      <Execution id="41af81a7-60b1-4435-ac35-f6a85a55cf43" />
      <TestMethod codeBase="C:\Projekty\MSTestProject\bin\Debug\netcoreapp3.1\MSTestProject.dll" adapterTypeName="executor://mstestadapter/v2" className="TwojeWesele.Services.Helpers.Tests.CurrencyHelperTests" name="FormatToStringTest1000" />
    </UnitTest>
    <UnitTest name="FormatToStringTest1000 (34145.534199603615,34145.53 zł)" storage="c:\projekty\mstestproject\bin\debug\netcoreapp3.1\mstestproject.dll" id="34b405d7-79ac-48ac-b38e-640e4c4287d2">
      <TestCategory>
        <TestCategoryItem TestCategory="Category1000" />
      </TestCategory>
      <Execution id="f4fcb4d2-e75b-400d-b5f2-1dc7800a2765" />
      <TestMethod codeBase="C:\Projekty\MSTestProject\bin\Debug\netcoreapp3.1\MSTestProject.dll" adapterTypeName="executor://mstestadapter/v2" className="TwojeWesele.Services.Helpers.Tests.CurrencyHelperTests" name="FormatToStringTest1000" />
    </UnitTest>
    <UnitTest name="FormatToStringTest1000 (13337.80490493486,13337.80 zł)" storage="c:\projekty\mstestproject\bin\debug\netcoreapp3.1\mstestproject.dll" id="acb88309-ad8e-4c65-b951-11ba7bd14f20">
      <TestCategory>
        <TestCategoryItem TestCategory="Category1000" />
      </TestCategory>
      <Execution id="3ce5e00a-e51d-4ed4-9d52-364193317197" />
      <TestMethod codeBase="C:\Projekty\MSTestProject\bin\Debug\netcoreapp3.1\MSTestProject.dll" adapterTypeName="executor://mstestadapter/v2" className="TwojeWesele.Services.Helpers.Tests.CurrencyHelperTests" name="FormatToStringTest1000" />
    </UnitTest>
    <UnitTest name="FormatToStringTest1000 (6205.946199725357,6205.95 zł)" storage="c:\projekty\mstestproject\bin\debug\netcoreapp3.1\mstestproject.dll" id="f01017a6-7a97-4161-b397-f4efb7f99eb3">
      <TestCategory>
        <TestCategoryItem TestCategory="Category1000" />
      </TestCategory>
      <Execution id="7ce9063e-1911-4723-880d-2428952fe7ad" />
      <TestMethod codeBase="C:\Projekty\MSTestProject\bin\Debug\netcoreapp3.1\MSTestProject.dll" adapterTypeName="executor://mstestadapter/v2" className="TwojeWesele.Services.Helpers.Tests.CurrencyHelperTests" name="FormatToStringTest1000" />
    </UnitTest>
    <UnitTest name="FormatToStringTest1000 (35065.40267025652,35065.40 zł)" storage="c:\projekty\mstestproject\bin\debug\netcoreapp3.1\mstestproject.dll" id="50b6ab8c-ab62-4bd1-8fb5-c27d6c528b70">
      <TestCategory>
        <TestCategoryItem TestCategory="Category1000" />
      </TestCategory>
      <Execution id="27fdafd4-a966-41e5-8a5a-ee8ca37960a0" />
      <TestMethod codeBase="C:\Projekty\MSTestProject\bin\Debug\netcoreapp3.1\MSTestProject.dll" adapterTypeName="executor://mstestadapter/v2" className="TwojeWesele.Services.Helpers.Tests.CurrencyHelperTests" name="FormatToStringTest1000" />
    </UnitTest>
    <UnitTest name="FormatToStringTest1000 (67380.07704875062,67380.08 zł)" storage="c:\projekty\mstestproject\bin\debug\netcoreapp3.1\mstestproject.dll" id="bdb08c8a-3398-468f-935c-77a797a2f8bb">
      <TestCategory>
        <TestCategoryItem TestCategory="Category1000" />
      </TestCategory>
      <Execution id="b6ca0dca-3d2d-45d8-ad80-84724b742d07" />
      <TestMethod codeBase="C:\Projekty\MSTestProject\bin\Debug\netcoreapp3.1\MSTestProject.dll" adapterTypeName="executor://mstestadapter/v2" className="TwojeWesele.Services.Helpers.Tests.CurrencyHelperTests" name="FormatToStringTest1000" />
    </UnitTest>
    <UnitTest name="FormatToStringTest1000 (56286.70397975702,56286.70 zł)" storage="c:\projekty\mstestproject\bin\debug\netcoreapp3.1\mstestproject.dll" id="bb442072-68ef-418d-a4df-68f925b7c58d">
      <TestCategory>
        <TestCategoryItem TestCategory="Category1000" />
      </TestCategory>
      <Execution id="510b51d4-780d-4ac6-84e0-a78a33bec13f" />
      <TestMethod codeBase="C:\Projekty\MSTestProject\bin\Debug\netcoreapp3.1\MSTestProject.dll" adapterTypeName="executor://mstestadapter/v2" className="TwojeWesele.Services.Helpers.Tests.CurrencyHelperTests" name="FormatToStringTest1000" />
    </UnitTest>
    <UnitTest name="FormatToStringTest1000 (904.351189922705,904.35 zł)" storage="c:\projekty\mstestproject\bin\debug\netcoreapp3.1\mstestproject.dll" id="c20ba024-bc19-417b-b89c-42553a4ce1cb">
      <TestCategory>
        <TestCategoryItem TestCategory="Category1000" />
      </TestCategory>
      <Execution id="fd518bab-1d4f-4241-a547-f994c2e25bf8" />
      <TestMethod codeBase="C:\Projekty\MSTestProject\bin\Debug\netcoreapp3.1\MSTestProject.dll" adapterTypeName="executor://mstestadapter/v2" className="TwojeWesele.Services.Helpers.Tests.CurrencyHelperTests" name="FormatToStringTest1000" />
    </UnitTest>
    <UnitTest name="FormatToStringTest1000 (67109.22110940759,67109.22 zł)" storage="c:\projekty\mstestproject\bin\debug\netcoreapp3.1\mstestproject.dll" id="f75c6381-3dc7-4da8-8980-0a25c3fb574a">
      <TestCategory>
        <TestCategoryItem TestCategory="Category1000" />
      </TestCategory>
      <Execution id="f95f57d9-ba04-4d89-ab15-86f5eb582dcc" />
      <TestMethod codeBase="C:\Projekty\MSTestProject\bin\Debug\netcoreapp3.1\MSTestProject.dll" adapterTypeName="executor://mstestadapter/v2" className="TwojeWesele.Services.Helpers.Tests.CurrencyHelperTests" name="FormatToStringTest1000" />
    </UnitTest>
    <UnitTest name="FormatToStringTest1000 (31799.68317462815,31799.68 zł)" storage="c:\projekty\mstestproject\bin\debug\netcoreapp3.1\mstestproject.dll" id="a7b98989-4a86-4c4a-bd55-ffe669b729d4">
      <TestCategory>
        <TestCategoryItem TestCategory="Category1000" />
      </TestCategory>
      <Execution id="730bfad7-29d5-42f2-80c8-8c6194f0b7bd" />
      <TestMethod codeBase="C:\Projekty\MSTestProject\bin\Debug\netcoreapp3.1\MSTestProject.dll" adapterTypeName="executor://mstestadapter/v2" className="TwojeWesele.Services.Helpers.Tests.CurrencyHelperTests" name="FormatToStringTest1000" />
    </UnitTest>
    <UnitTest name="FormatToStringTest1000 (41876.979471482795,41876.98 zł)" storage="c:\projekty\mstestproject\bin\debug\netcoreapp3.1\mstestproject.dll" id="45a6b1ce-1f02-4606-80a7-0f68c02fd61d">
      <TestCategory>
        <TestCategoryItem TestCategory="Category1000" />
      </TestCategory>
      <Execution id="4e38aa65-27f6-4519-86e9-a06f3ffb5f59" />
      <TestMethod codeBase="C:\Projekty\MSTestProject\bin\Debug\netcoreapp3.1\MSTestProject.dll" adapterTypeName="executor://mstestadapter/v2" className="TwojeWesele.Services.Helpers.Tests.CurrencyHelperTests" name="FormatToStringTest1000" />
    </UnitTest>
    <UnitTest name="FormatToStringTest1000 (45739.569854490255,45739.57 zł)" storage="c:\projekty\mstestproject\bin\debug\netcoreapp3.1\mstestproject.dll" id="87ff7b60-361a-4788-86c4-d1dd256fc383">
      <TestCategory>
        <TestCategoryItem TestCategory="Category1000" />
      </TestCategory>
      <Execution id="9e8741ec-96c3-46a3-8a28-9154f2e5cd3b" />
      <TestMethod codeBase="C:\Projekty\MSTestProject\bin\Debug\netcoreapp3.1\MSTestProject.dll" adapterTypeName="executor://mstestadapter/v2" className="TwojeWesele.Services.Helpers.Tests.CurrencyHelperTests" name="FormatToStringTest1000" />
    </UnitTest>
    <UnitTest name="FormatToStringTest1000 (25720.27551496321,25720.28 zł)" storage="c:\projekty\mstestproject\bin\debug\netcoreapp3.1\mstestproject.dll" id="00fe0fbd-02a1-4026-a860-c7e20d235529">
      <TestCategory>
        <TestCategoryItem TestCategory="Category1000" />
      </TestCategory>
      <Execution id="6ccbc9ad-a0a6-4543-b2b7-d81ddf4ff063" />
      <TestMethod codeBase="C:\Projekty\MSTestProject\bin\Debug\netcoreapp3.1\MSTestProject.dll" adapterTypeName="executor://mstestadapter/v2" className="TwojeWesele.Services.Helpers.Tests.CurrencyHelperTests" name="FormatToStringTest1000" />
    </UnitTest>
    <UnitTest name="FormatToStringTest1000 (96.75594581512546,96.76 zł)" storage="c:\projekty\mstestproject\bin\debug\netcoreapp3.1\mstestproject.dll" id="e90c6916-b145-4e4c-b06d-1390ba276c77">
      <TestCategory>
        <TestCategoryItem TestCategory="Category1000" />
      </TestCategory>
      <Execution id="1c372439-0aff-49d0-b9b5-2cc5a7b78aea" />
      <TestMethod codeBase="C:\Projekty\MSTestProject\bin\Debug\netcoreapp3.1\MSTestProject.dll" adapterTypeName="executor://mstestadapter/v2" className="TwojeWesele.Services.Helpers.Tests.CurrencyHelperTests" name="FormatToStringTest1000" />
    </UnitTest>
    <UnitTest name="FormatToStringTest1000 (4636.500544966897,4636.50 zł)" storage="c:\projekty\mstestproject\bin\debug\netcoreapp3.1\mstestproject.dll" id="753178b3-2015-4560-aed3-6f579ada6f30">
      <TestCategory>
        <TestCategoryItem TestCategory="Category1000" />
      </TestCategory>
      <Execution id="183cf4b4-106b-4a5e-9a79-78a9f8fc6804" />
      <TestMethod codeBase="C:\Projekty\MSTestProject\bin\Debug\netcoreapp3.1\MSTestProject.dll" adapterTypeName="executor://mstestadapter/v2" className="TwojeWesele.Services.Helpers.Tests.CurrencyHelperTests" name="FormatToStringTest1000" />
    </UnitTest>
    <UnitTest name="FormatToStringTest1000 (11584.045280779732,11584.05 zł)" storage="c:\projekty\mstestproject\bin\debug\netcoreapp3.1\mstestproject.dll" id="68548e73-0a3d-4135-b40c-1e707836f62e">
      <TestCategory>
        <TestCategoryItem TestCategory="Category1000" />
      </TestCategory>
      <Execution id="ceffb7fe-cf03-4169-8f68-94ea1580154d" />
      <TestMethod codeBase="C:\Projekty\MSTestProject\bin\Debug\netcoreapp3.1\MSTestProject.dll" adapterTypeName="executor://mstestadapter/v2" className="TwojeWesele.Services.Helpers.Tests.CurrencyHelperTests" name="FormatToStringTest1000" />
    </UnitTest>
    <UnitTest name="FormatToStringTest1000 (38402.8293406753,38402.83 zł)" storage="c:\projekty\mstestproject\bin\debug\netcoreapp3.1\mstestproject.dll" id="ff2749c5-6684-4450-adce-4ce1cfce1497">
      <TestCategory>
        <TestCategoryItem TestCategory="Category1000" />
      </TestCategory>
      <Execution id="bcf6535d-bfa7-439f-9a0a-6f72bc27ba44" />
      <TestMethod codeBase="C:\Projekty\MSTestProject\bin\Debug\netcoreapp3.1\MSTestProject.dll" adapterTypeName="executor://mstestadapter/v2" className="TwojeWesele.Services.Helpers.Tests.CurrencyHelperTests" name="FormatToStringTest1000" />
    </UnitTest>
    <UnitTest name="FormatToStringTest1000 (13453.429998117233,13453.43 zł)" storage="c:\projekty\mstestproject\bin\debug\netcoreapp3.1\mstestproject.dll" id="e8e2071f-afae-4617-8a0c-55653ebb5762">
      <TestCategory>
        <TestCategoryItem TestCategory="Category1000" />
      </TestCategory>
      <Execution id="93370446-24ba-4913-af20-4a6c2ac20ff9" />
      <TestMethod codeBase="C:\Projekty\MSTestProject\bin\Debug\netcoreapp3.1\MSTestProject.dll" adapterTypeName="executor://mstestadapter/v2" className="TwojeWesele.Services.Helpers.Tests.CurrencyHelperTests" name="FormatToStringTest1000" />
    </UnitTest>
    <UnitTest name="FormatToStringTest1000 (12831.146874380833,12831.15 zł)" storage="c:\projekty\mstestproject\bin\debug\netcoreapp3.1\mstestproject.dll" id="f343df5a-5e0f-42d3-a9d3-252997b5f7a5">
      <TestCategory>
        <TestCategoryItem TestCategory="Category1000" />
      </TestCategory>
      <Execution id="6f6fe0cf-072b-4e7c-b7ab-46fe0a09a3cd" />
      <TestMethod codeBase="C:\Projekty\MSTestProject\bin\Debug\netcoreapp3.1\MSTestProject.dll" adapterTypeName="executor://mstestadapter/v2" className="TwojeWesele.Services.Helpers.Tests.CurrencyHelperTests" name="FormatToStringTest1000" />
    </UnitTest>
    <UnitTest name="FormatToStringTest1000 (29917.15005391145,29917.15 zł)" storage="c:\projekty\mstestproject\bin\debug\netcoreapp3.1\mstestproject.dll" id="12b0a6fc-53e9-469b-b271-b7b964834c95">
      <TestCategory>
        <TestCategoryItem TestCategory="Category1000" />
      </TestCategory>
      <Execution id="4b07ae3b-3bde-4570-b685-7000d9c5ecb0" />
      <TestMethod codeBase="C:\Projekty\MSTestProject\bin\Debug\netcoreapp3.1\MSTestProject.dll" adapterTypeName="executor://mstestadapter/v2" className="TwojeWesele.Services.Helpers.Tests.CurrencyHelperTests" name="FormatToStringTest1000" />
    </UnitTest>
    <UnitTest name="FormatToStringTest1000 (15907.394871033446,15907.39 zł)" storage="c:\projekty\mstestproject\bin\debug\netcoreapp3.1\mstestproject.dll" id="0b7a3016-a88a-4c79-b0c1-f239f55f7a22">
      <TestCategory>
        <TestCategoryItem TestCategory="Category1000" />
      </TestCategory>
      <Execution id="9dbff28a-fa80-40a7-af53-96ef70251da9" />
      <TestMethod codeBase="C:\Projekty\MSTestProject\bin\Debug\netcoreapp3.1\MSTestProject.dll" adapterTypeName="executor://mstestadapter/v2" className="TwojeWesele.Services.Helpers.Tests.CurrencyHelperTests" name="FormatToStringTest1000" />
    </UnitTest>
    <UnitTest name="FormatToStringTest1000 (17845.255864087147,17845.26 zł)" storage="c:\projekty\mstestproject\bin\debug\netcoreapp3.1\mstestproject.dll" id="2ad3aa1a-db0d-43b8-a959-39e9cd1c5a65">
      <TestCategory>
        <TestCategoryItem TestCategory="Category1000" />
      </TestCategory>
      <Execution id="87ee9e72-7014-4f28-8280-91f6c3927672" />
      <TestMethod codeBase="C:\Projekty\MSTestProject\bin\Debug\netcoreapp3.1\MSTestProject.dll" adapterTypeName="executor://mstestadapter/v2" className="TwojeWesele.Services.Helpers.Tests.CurrencyHelperTests" name="FormatToStringTest1000" />
    </UnitTest>
    <UnitTest name="FormatToStringTest1000 (1799.2562459103092,1799.26 zł)" storage="c:\projekty\mstestproject\bin\debug\netcoreapp3.1\mstestproject.dll" id="585e12e5-7f26-4fdd-ac76-63da1e14e861">
      <TestCategory>
        <TestCategoryItem TestCategory="Category1000" />
      </TestCategory>
      <Execution id="22631a0e-2d74-4159-9a7b-a5663b8d3e5f" />
      <TestMethod codeBase="C:\Projekty\MSTestProject\bin\Debug\netcoreapp3.1\MSTestProject.dll" adapterTypeName="executor://mstestadapter/v2" className="TwojeWesele.Services.Helpers.Tests.CurrencyHelperTests" name="FormatToStringTest1000" />
    </UnitTest>
    <UnitTest name="FormatToStringTest1000 (22248.263319677797,22248.26 zł)" storage="c:\projekty\mstestproject\bin\debug\netcoreapp3.1\mstestproject.dll" id="24795ced-15e9-48c7-873d-ea5e66e0bd24">
      <TestCategory>
        <TestCategoryItem TestCategory="Category1000" />
      </TestCategory>
      <Execution id="9d135e50-46d6-4866-a1f4-4c498f319a43" />
      <TestMethod codeBase="C:\Projekty\MSTestProject\bin\Debug\netcoreapp3.1\MSTestProject.dll" adapterTypeName="executor://mstestadapter/v2" className="TwojeWesele.Services.Helpers.Tests.CurrencyHelperTests" name="FormatToStringTest1000" />
    </UnitTest>
    <UnitTest name="FormatToStringTest1000 (37.631227987646696,37.63 zł)" storage="c:\projekty\mstestproject\bin\debug\netcoreapp3.1\mstestproject.dll" id="2ff74445-5ef6-416f-ac96-472badee0b20">
      <TestCategory>
        <TestCategoryItem TestCategory="Category1000" />
      </TestCategory>
      <Execution id="83188f3e-bcc8-48fd-b28d-57dea65bf085" />
      <TestMethod codeBase="C:\Projekty\MSTestProject\bin\Debug\netcoreapp3.1\MSTestProject.dll" adapterTypeName="executor://mstestadapter/v2" className="TwojeWesele.Services.Helpers.Tests.CurrencyHelperTests" name="FormatToStringTest1000" />
    </UnitTest>
    <UnitTest name="FormatToStringTest1000 (30499.08272379734,30499.08 zł)" storage="c:\projekty\mstestproject\bin\debug\netcoreapp3.1\mstestproject.dll" id="7bfddc0d-af95-4a0f-9d73-1ac6bd010b60">
      <TestCategory>
        <TestCategoryItem TestCategory="Category1000" />
      </TestCategory>
      <Execution id="bf472cc1-a5b3-4f80-9eba-30063beb4410" />
      <TestMethod codeBase="C:\Projekty\MSTestProject\bin\Debug\netcoreapp3.1\MSTestProject.dll" adapterTypeName="executor://mstestadapter/v2" className="TwojeWesele.Services.Helpers.Tests.CurrencyHelperTests" name="FormatToStringTest1000" />
    </UnitTest>
    <UnitTest name="FormatToStringTest1000 (28068.20530246394,28068.21 zł)" storage="c:\projekty\mstestproject\bin\debug\netcoreapp3.1\mstestproject.dll" id="b3ca5078-a51d-4d15-a2a9-036ef3603e32">
      <TestCategory>
        <TestCategoryItem TestCategory="Category1000" />
      </TestCategory>
      <Execution id="be327e11-5581-4846-9928-13d3102530a6" />
      <TestMethod codeBase="C:\Projekty\MSTestProject\bin\Debug\netcoreapp3.1\MSTestProject.dll" adapterTypeName="executor://mstestadapter/v2" className="TwojeWesele.Services.Helpers.Tests.CurrencyHelperTests" name="FormatToStringTest1000" />
    </UnitTest>
    <UnitTest name="FormatToStringTest1000 (32908.76696502639,32908.77 zł)" storage="c:\projekty\mstestproject\bin\debug\netcoreapp3.1\mstestproject.dll" id="7806d1d7-59c3-4b79-8edd-24140d0fa0cf">
      <TestCategory>
        <TestCategoryItem TestCategory="Category1000" />
      </TestCategory>
      <Execution id="3c1d1399-1bca-419b-8a4f-6a88c06e99dd" />
      <TestMethod codeBase="C:\Projekty\MSTestProject\bin\Debug\netcoreapp3.1\MSTestProject.dll" adapterTypeName="executor://mstestadapter/v2" className="TwojeWesele.Services.Helpers.Tests.CurrencyHelperTests" name="FormatToStringTest1000" />
    </UnitTest>
    <UnitTest name="FormatToStringTest1000 (6146.91236741278,6146.91 zł)" storage="c:\projekty\mstestproject\bin\debug\netcoreapp3.1\mstestproject.dll" id="4ba2cd82-e879-4f14-8bf7-8a1a889f9786">
      <TestCategory>
        <TestCategoryItem TestCategory="Category1000" />
      </TestCategory>
      <Execution id="7beb2106-e56f-4e13-8a19-d48195c80218" />
      <TestMethod codeBase="C:\Projekty\MSTestProject\bin\Debug\netcoreapp3.1\MSTestProject.dll" adapterTypeName="executor://mstestadapter/v2" className="TwojeWesele.Services.Helpers.Tests.CurrencyHelperTests" name="FormatToStringTest1000" />
    </UnitTest>
    <UnitTest name="FormatToStringTest1000 (6213.265206352466,6213.27 zł)" storage="c:\projekty\mstestproject\bin\debug\netcoreapp3.1\mstestproject.dll" id="50ab61d7-61c2-44a3-8e5c-b63c2e915a36">
      <TestCategory>
        <TestCategoryItem TestCategory="Category1000" />
      </TestCategory>
      <Execution id="f7acab93-0300-4f76-931a-485d288ce4c9" />
      <TestMethod codeBase="C:\Projekty\MSTestProject\bin\Debug\netcoreapp3.1\MSTestProject.dll" adapterTypeName="executor://mstestadapter/v2" className="TwojeWesele.Services.Helpers.Tests.CurrencyHelperTests" name="FormatToStringTest1000" />
    </UnitTest>
    <UnitTest name="FormatToStringTest1000 (46391.661094229516,46391.66 zł)" storage="c:\projekty\mstestproject\bin\debug\netcoreapp3.1\mstestproject.dll" id="ade58f95-6a2a-4e68-8fe5-dab5ae03e183">
      <TestCategory>
        <TestCategoryItem TestCategory="Category1000" />
      </TestCategory>
      <Execution id="bbf5bef7-aaf6-4cc1-b999-759eff53b1e5" />
      <TestMethod codeBase="C:\Projekty\MSTestProject\bin\Debug\netcoreapp3.1\MSTestProject.dll" adapterTypeName="executor://mstestadapter/v2" className="TwojeWesele.Services.Helpers.Tests.CurrencyHelperTests" name="FormatToStringTest1000" />
    </UnitTest>
    <UnitTest name="FormatToStringTest1000 (12429.698213906819,12429.70 zł)" storage="c:\projekty\mstestproject\bin\debug\netcoreapp3.1\mstestproject.dll" id="5f2b0ade-9b84-4ea1-8320-700fd8057bd7">
      <TestCategory>
        <TestCategoryItem TestCategory="Category1000" />
      </TestCategory>
      <Execution id="7955a15a-f88d-412b-83c3-51981d990bbe" />
      <TestMethod codeBase="C:\Projekty\MSTestProject\bin\Debug\netcoreapp3.1\MSTestProject.dll" adapterTypeName="executor://mstestadapter/v2" className="TwojeWesele.Services.Helpers.Tests.CurrencyHelperTests" name="FormatToStringTest1000" />
    </UnitTest>
    <UnitTest name="FormatToStringTest1000 (7076.829971250534,7076.83 zł)" storage="c:\projekty\mstestproject\bin\debug\netcoreapp3.1\mstestproject.dll" id="b9de73bb-2df4-4483-aa39-ff214c01ffa2">
      <TestCategory>
        <TestCategoryItem TestCategory="Category1000" />
      </TestCategory>
      <Execution id="1a097d00-a571-46e2-be29-abb3342638ef" />
      <TestMethod codeBase="C:\Projekty\MSTestProject\bin\Debug\netcoreapp3.1\MSTestProject.dll" adapterTypeName="executor://mstestadapter/v2" className="TwojeWesele.Services.Helpers.Tests.CurrencyHelperTests" name="FormatToStringTest1000" />
    </UnitTest>
    <UnitTest name="FormatToStringTest1000 (18490.912787030877,18490.91 zł)" storage="c:\projekty\mstestproject\bin\debug\netcoreapp3.1\mstestproject.dll" id="87e0c0cb-9a81-4521-996a-ced02c55180b">
      <TestCategory>
        <TestCategoryItem TestCategory="Category1000" />
      </TestCategory>
      <Execution id="0ce734fd-5fed-49cb-85bf-55590fb9aec3" />
      <TestMethod codeBase="C:\Projekty\MSTestProject\bin\Debug\netcoreapp3.1\MSTestProject.dll" adapterTypeName="executor://mstestadapter/v2" className="TwojeWesele.Services.Helpers.Tests.CurrencyHelperTests" name="FormatToStringTest1000" />
    </UnitTest>
    <UnitTest name="FormatToStringTest1000 (61422.228144277455,61422.23 zł)" storage="c:\projekty\mstestproject\bin\debug\netcoreapp3.1\mstestproject.dll" id="a4b116f2-b43b-4c63-a037-06e0e3b772a4">
      <TestCategory>
        <TestCategoryItem TestCategory="Category1000" />
      </TestCategory>
      <Execution id="bad07f05-f9be-4f23-81ee-2357a04ee9ad" />
      <TestMethod codeBase="C:\Projekty\MSTestProject\bin\Debug\netcoreapp3.1\MSTestProject.dll" adapterTypeName="executor://mstestadapter/v2" className="TwojeWesele.Services.Helpers.Tests.CurrencyHelperTests" name="FormatToStringTest1000" />
    </UnitTest>
    <UnitTest name="FormatToStringTest1000 (8644.187977380207,8644.19 zł)" storage="c:\projekty\mstestproject\bin\debug\netcoreapp3.1\mstestproject.dll" id="20c4d0a0-87ae-4d01-a74c-c828bde3e71f">
      <TestCategory>
        <TestCategoryItem TestCategory="Category1000" />
      </TestCategory>
      <Execution id="5d592dce-6a77-49d7-a2f5-4e53301f3729" />
      <TestMethod codeBase="C:\Projekty\MSTestProject\bin\Debug\netcoreapp3.1\MSTestProject.dll" adapterTypeName="executor://mstestadapter/v2" className="TwojeWesele.Services.Helpers.Tests.CurrencyHelperTests" name="FormatToStringTest1000" />
    </UnitTest>
    <UnitTest name="FormatToStringTest1000 (30385.72086375613,30385.72 zł)" storage="c:\projekty\mstestproject\bin\debug\netcoreapp3.1\mstestproject.dll" id="00868f1e-df71-4de4-b127-c16be1b45ee3">
      <TestCategory>
        <TestCategoryItem TestCategory="Category1000" />
      </TestCategory>
      <Execution id="7ed3331d-833f-4c4a-bd10-bc4d7d3ff5ad" />
      <TestMethod codeBase="C:\Projekty\MSTestProject\bin\Debug\netcoreapp3.1\MSTestProject.dll" adapterTypeName="executor://mstestadapter/v2" className="TwojeWesele.Services.Helpers.Tests.CurrencyHelperTests" name="FormatToStringTest1000" />
    </UnitTest>
    <UnitTest name="FormatToStringTest1000 (21728.91641959963,21728.92 zł)" storage="c:\projekty\mstestproject\bin\debug\netcoreapp3.1\mstestproject.dll" id="d4ff3cac-d3d8-4b24-abaf-308b21cb76a3">
      <TestCategory>
        <TestCategoryItem TestCategory="Category1000" />
      </TestCategory>
      <Execution id="b6ab99b2-030c-4964-a377-e85b52d6c5f5" />
      <TestMethod codeBase="C:\Projekty\MSTestProject\bin\Debug\netcoreapp3.1\MSTestProject.dll" adapterTypeName="executor://mstestadapter/v2" className="TwojeWesele.Services.Helpers.Tests.CurrencyHelperTests" name="FormatToStringTest1000" />
    </UnitTest>
    <UnitTest name="FormatToStringTest1000 (1187.8237780126854,1187.82 zł)" storage="c:\projekty\mstestproject\bin\debug\netcoreapp3.1\mstestproject.dll" id="ed851cc1-d968-4c31-aaed-8f93057cf019">
      <TestCategory>
        <TestCategoryItem TestCategory="Category1000" />
      </TestCategory>
      <Execution id="f2c0f4b6-efe0-43a7-bc16-347d203019ad" />
      <TestMethod codeBase="C:\Projekty\MSTestProject\bin\Debug\netcoreapp3.1\MSTestProject.dll" adapterTypeName="executor://mstestadapter/v2" className="TwojeWesele.Services.Helpers.Tests.CurrencyHelperTests" name="FormatToStringTest1000" />
    </UnitTest>
    <UnitTest name="FormatToStringTest1000 (16427.591943671738,16427.59 zł)" storage="c:\projekty\mstestproject\bin\debug\netcoreapp3.1\mstestproject.dll" id="44b3bfae-d7b1-4862-85f1-d0a725443735">
      <TestCategory>
        <TestCategoryItem TestCategory="Category1000" />
      </TestCategory>
      <Execution id="42f56211-5477-4dd9-9523-24f1f3b9e7a4" />
      <TestMethod codeBase="C:\Projekty\MSTestProject\bin\Debug\netcoreapp3.1\MSTestProject.dll" adapterTypeName="executor://mstestadapter/v2" className="TwojeWesele.Services.Helpers.Tests.CurrencyHelperTests" name="FormatToStringTest1000" />
    </UnitTest>
    <UnitTest name="FormatToStringTest1000 (8901.937138443784,8901.94 zł)" storage="c:\projekty\mstestproject\bin\debug\netcoreapp3.1\mstestproject.dll" id="0eeaddfd-b013-4d72-a6bd-4d6dd8cde8a9">
      <TestCategory>
        <TestCategoryItem TestCategory="Category1000" />
      </TestCategory>
      <Execution id="122b5a91-b8ed-4c9a-ab72-2f1cf5019807" />
      <TestMethod codeBase="C:\Projekty\MSTestProject\bin\Debug\netcoreapp3.1\MSTestProject.dll" adapterTypeName="executor://mstestadapter/v2" className="TwojeWesele.Services.Helpers.Tests.CurrencyHelperTests" name="FormatToStringTest1000" />
    </UnitTest>
    <UnitTest name="FormatToStringTest1000 (30320.450517486992,30320.45 zł)" storage="c:\projekty\mstestproject\bin\debug\netcoreapp3.1\mstestproject.dll" id="2b4f55cd-dc85-4db6-8a3a-31f6e7fb0be4">
      <TestCategory>
        <TestCategoryItem TestCategory="Category1000" />
      </TestCategory>
      <Execution id="f6a5148d-8792-4f41-bf57-c772ee10f9b8" />
      <TestMethod codeBase="C:\Projekty\MSTestProject\bin\Debug\netcoreapp3.1\MSTestProject.dll" adapterTypeName="executor://mstestadapter/v2" className="TwojeWesele.Services.Helpers.Tests.CurrencyHelperTests" name="FormatToStringTest1000" />
    </UnitTest>
    <UnitTest name="FormatToStringTest1000 (9558.453124931293,9558.45 zł)" storage="c:\projekty\mstestproject\bin\debug\netcoreapp3.1\mstestproject.dll" id="fc62cc12-a145-4bbd-9322-4d4d248cc118">
      <TestCategory>
        <TestCategoryItem TestCategory="Category1000" />
      </TestCategory>
      <Execution id="43ffb0b0-bf3b-4cd8-8067-6ed638f856c4" />
      <TestMethod codeBase="C:\Projekty\MSTestProject\bin\Debug\netcoreapp3.1\MSTestProject.dll" adapterTypeName="executor://mstestadapter/v2" className="TwojeWesele.Services.Helpers.Tests.CurrencyHelperTests" name="FormatToStringTest1000" />
    </UnitTest>
    <UnitTest name="FormatToStringTest1000 (25882.451101077,25882.45 zł)" storage="c:\projekty\mstestproject\bin\debug\netcoreapp3.1\mstestproject.dll" id="c827d476-6d5f-4a4d-ab49-12fc71bd6686">
      <TestCategory>
        <TestCategoryItem TestCategory="Category1000" />
      </TestCategory>
      <Execution id="93b0cc87-a997-4694-af4c-f0987b967054" />
      <TestMethod codeBase="C:\Projekty\MSTestProject\bin\Debug\netcoreapp3.1\MSTestProject.dll" adapterTypeName="executor://mstestadapter/v2" className="TwojeWesele.Services.Helpers.Tests.CurrencyHelperTests" name="FormatToStringTest1000" />
    </UnitTest>
    <UnitTest name="FormatToStringTest1000 (74851.91547305691,74851.92 zł)" storage="c:\projekty\mstestproject\bin\debug\netcoreapp3.1\mstestproject.dll" id="7bb4d94d-10ac-4d9c-a841-35e392d70afe">
      <TestCategory>
        <TestCategoryItem TestCategory="Category1000" />
      </TestCategory>
      <Execution id="0851d76e-6ed8-45f6-9202-38dd0e2efbe8" />
      <TestMethod codeBase="C:\Projekty\MSTestProject\bin\Debug\netcoreapp3.1\MSTestProject.dll" adapterTypeName="executor://mstestadapter/v2" className="TwojeWesele.Services.Helpers.Tests.CurrencyHelperTests" name="FormatToStringTest1000" />
    </UnitTest>
    <UnitTest name="FormatToStringTest1000 (36893.66238331593,36893.66 zł)" storage="c:\projekty\mstestproject\bin\debug\netcoreapp3.1\mstestproject.dll" id="5c135d9d-c62d-40f7-8501-b58a0c3e0616">
      <TestCategory>
        <TestCategoryItem TestCategory="Category1000" />
      </TestCategory>
      <Execution id="ca07a69c-7468-4f20-b2f1-ae2ea601fd38" />
      <TestMethod codeBase="C:\Projekty\MSTestProject\bin\Debug\netcoreapp3.1\MSTestProject.dll" adapterTypeName="executor://mstestadapter/v2" className="TwojeWesele.Services.Helpers.Tests.CurrencyHelperTests" name="FormatToStringTest1000" />
    </UnitTest>
    <UnitTest name="FormatToStringTest1000 (43799.04472166535,43799.04 zł)" storage="c:\projekty\mstestproject\bin\debug\netcoreapp3.1\mstestproject.dll" id="d66d5325-8923-4bfa-94fa-1082d9967b2e">
      <TestCategory>
        <TestCategoryItem TestCategory="Category1000" />
      </TestCategory>
      <Execution id="ce3ba140-ee82-4ecd-a28d-cec622d1200e" />
      <TestMethod codeBase="C:\Projekty\MSTestProject\bin\Debug\netcoreapp3.1\MSTestProject.dll" adapterTypeName="executor://mstestadapter/v2" className="TwojeWesele.Services.Helpers.Tests.CurrencyHelperTests" name="FormatToStringTest1000" />
    </UnitTest>
    <UnitTest name="FormatToStringTest1000 (20116.958341299072,20116.96 zł)" storage="c:\projekty\mstestproject\bin\debug\netcoreapp3.1\mstestproject.dll" id="0ad5b7d4-465b-4e36-830b-f191675f94f7">
      <TestCategory>
        <TestCategoryItem TestCategory="Category1000" />
      </TestCategory>
      <Execution id="dcad29bf-cf98-412f-a3f9-8c896b684d2b" />
      <TestMethod codeBase="C:\Projekty\MSTestProject\bin\Debug\netcoreapp3.1\MSTestProject.dll" adapterTypeName="executor://mstestadapter/v2" className="TwojeWesele.Services.Helpers.Tests.CurrencyHelperTests" name="FormatToStringTest1000" />
    </UnitTest>
    <UnitTest name="FormatToStringTest1000 (21602.417596116393,21602.42 zł)" storage="c:\projekty\mstestproject\bin\debug\netcoreapp3.1\mstestproject.dll" id="7bcb79e5-53ac-4de0-9799-4f9da214ed0a">
      <TestCategory>
        <TestCategoryItem TestCategory="Category1000" />
      </TestCategory>
      <Execution id="8bd3e83e-0956-487e-ab8d-c3e4ba19be09" />
      <TestMethod codeBase="C:\Projekty\MSTestProject\bin\Debug\netcoreapp3.1\MSTestProject.dll" adapterTypeName="executor://mstestadapter/v2" className="TwojeWesele.Services.Helpers.Tests.CurrencyHelperTests" name="FormatToStringTest1000" />
    </UnitTest>
    <UnitTest name="FormatToStringTest1000 (80609.94377465078,80609.94 zł)" storage="c:\projekty\mstestproject\bin\debug\netcoreapp3.1\mstestproject.dll" id="f5f542d1-dfae-464d-b523-a1d19a379de0">
      <TestCategory>
        <TestCategoryItem TestCategory="Category1000" />
      </TestCategory>
      <Execution id="1ee4ccfc-6d8b-4ace-8057-2fd9ca4529ef" />
      <TestMethod codeBase="C:\Projekty\MSTestProject\bin\Debug\netcoreapp3.1\MSTestProject.dll" adapterTypeName="executor://mstestadapter/v2" className="TwojeWesele.Services.Helpers.Tests.CurrencyHelperTests" name="FormatToStringTest1000" />
    </UnitTest>
    <UnitTest name="FormatToStringTest1000 (10914.360814625099,10914.36 zł)" storage="c:\projekty\mstestproject\bin\debug\netcoreapp3.1\mstestproject.dll" id="50ac0cc2-8230-4097-ba31-cc094e735556">
      <TestCategory>
        <TestCategoryItem TestCategory="Category1000" />
      </TestCategory>
      <Execution id="d5dde37b-756d-4def-96c2-161f1069c51d" />
      <TestMethod codeBase="C:\Projekty\MSTestProject\bin\Debug\netcoreapp3.1\MSTestProject.dll" adapterTypeName="executor://mstestadapter/v2" className="TwojeWesele.Services.Helpers.Tests.CurrencyHelperTests" name="FormatToStringTest1000" />
    </UnitTest>
    <UnitTest name="FormatToStringTest1000 (21961.272673999552,21961.27 zł)" storage="c:\projekty\mstestproject\bin\debug\netcoreapp3.1\mstestproject.dll" id="26570740-d4db-4b5a-94f9-ed60c275e80d">
      <TestCategory>
        <TestCategoryItem TestCategory="Category1000" />
      </TestCategory>
      <Execution id="8dc9957c-42d7-4846-b40b-24ae42487207" />
      <TestMethod codeBase="C:\Projekty\MSTestProject\bin\Debug\netcoreapp3.1\MSTestProject.dll" adapterTypeName="executor://mstestadapter/v2" className="TwojeWesele.Services.Helpers.Tests.CurrencyHelperTests" name="FormatToStringTest1000" />
    </UnitTest>
    <UnitTest name="FormatToStringTest1000 (20068.867046961965,20068.87 zł)" storage="c:\projekty\mstestproject\bin\debug\netcoreapp3.1\mstestproject.dll" id="3b1093b0-0af5-48e5-9025-f9524f587616">
      <TestCategory>
        <TestCategoryItem TestCategory="Category1000" />
      </TestCategory>
      <Execution id="e3271619-d76c-4fbe-9000-b0d5859ce49d" />
      <TestMethod codeBase="C:\Projekty\MSTestProject\bin\Debug\netcoreapp3.1\MSTestProject.dll" adapterTypeName="executor://mstestadapter/v2" className="TwojeWesele.Services.Helpers.Tests.CurrencyHelperTests" name="FormatToStringTest1000" />
    </UnitTest>
    <UnitTest name="FormatToStringTest1000 (1662.8482664818168,1662.85 zł)" storage="c:\projekty\mstestproject\bin\debug\netcoreapp3.1\mstestproject.dll" id="87e13c16-b20c-4a70-bf49-e0b29aad6921">
      <TestCategory>
        <TestCategoryItem TestCategory="Category1000" />
      </TestCategory>
      <Execution id="59221d12-601a-4442-b588-1d6a184b4468" />
      <TestMethod codeBase="C:\Projekty\MSTestProject\bin\Debug\netcoreapp3.1\MSTestProject.dll" adapterTypeName="executor://mstestadapter/v2" className="TwojeWesele.Services.Helpers.Tests.CurrencyHelperTests" name="FormatToStringTest1000" />
    </UnitTest>
    <UnitTest name="FormatToStringTest1000 (675.4589376107133,675.46 zł)" storage="c:\projekty\mstestproject\bin\debug\netcoreapp3.1\mstestproject.dll" id="6a5b5eea-0828-48c6-a78d-b9a5cc495f4b">
      <TestCategory>
        <TestCategoryItem TestCategory="Category1000" />
      </TestCategory>
      <Execution id="317d08d0-2082-44c6-a4a5-173ffe5b617c" />
      <TestMethod codeBase="C:\Projekty\MSTestProject\bin\Debug\netcoreapp3.1\MSTestProject.dll" adapterTypeName="executor://mstestadapter/v2" className="TwojeWesele.Services.Helpers.Tests.CurrencyHelperTests" name="FormatToStringTest1000" />
    </UnitTest>
    <UnitTest name="FormatToStringTest1000 (18596.12661189033,18596.13 zł)" storage="c:\projekty\mstestproject\bin\debug\netcoreapp3.1\mstestproject.dll" id="62eebd1b-7b38-43d0-b064-a82c54c2cb54">
      <TestCategory>
        <TestCategoryItem TestCategory="Category1000" />
      </TestCategory>
      <Execution id="1c4b75c8-f292-48cd-88a0-979b6a3fd962" />
      <TestMethod codeBase="C:\Projekty\MSTestProject\bin\Debug\netcoreapp3.1\MSTestProject.dll" adapterTypeName="executor://mstestadapter/v2" className="TwojeWesele.Services.Helpers.Tests.CurrencyHelperTests" name="FormatToStringTest1000" />
    </UnitTest>
    <UnitTest name="FormatToStringTest1000 (10784.438152511344,10784.44 zł)" storage="c:\projekty\mstestproject\bin\debug\netcoreapp3.1\mstestproject.dll" id="07712656-b46a-4829-965c-1ff7a2fd678f">
      <TestCategory>
        <TestCategoryItem TestCategory="Category1000" />
      </TestCategory>
      <Execution id="d08a931e-0cbb-4220-a37c-e409f75fc871" />
      <TestMethod codeBase="C:\Projekty\MSTestProject\bin\Debug\netcoreapp3.1\MSTestProject.dll" adapterTypeName="executor://mstestadapter/v2" className="TwojeWesele.Services.Helpers.Tests.CurrencyHelperTests" name="FormatToStringTest1000" />
    </UnitTest>
    <UnitTest name="FormatToStringTest1000 (9661.966055578536,9661.97 zł)" storage="c:\projekty\mstestproject\bin\debug\netcoreapp3.1\mstestproject.dll" id="f1468558-2bd2-4ce6-a1e9-b200ed10c524">
      <TestCategory>
        <TestCategoryItem TestCategory="Category1000" />
      </TestCategory>
      <Execution id="bf25d982-2916-4205-b33d-581d0ad764fc" />
      <TestMethod codeBase="C:\Projekty\MSTestProject\bin\Debug\netcoreapp3.1\MSTestProject.dll" adapterTypeName="executor://mstestadapter/v2" className="TwojeWesele.Services.Helpers.Tests.CurrencyHelperTests" name="FormatToStringTest1000" />
    </UnitTest>
    <UnitTest name="FormatToStringTest1000 (11912.404131636213,11912.40 zł)" storage="c:\projekty\mstestproject\bin\debug\netcoreapp3.1\mstestproject.dll" id="e06f935e-e77a-4d17-a785-c5f85fa7c09f">
      <TestCategory>
        <TestCategoryItem TestCategory="Category1000" />
      </TestCategory>
      <Execution id="a5627711-6e8c-4092-a8fb-ceedcb9111cf" />
      <TestMethod codeBase="C:\Projekty\MSTestProject\bin\Debug\netcoreapp3.1\MSTestProject.dll" adapterTypeName="executor://mstestadapter/v2" className="TwojeWesele.Services.Helpers.Tests.CurrencyHelperTests" name="FormatToStringTest1000" />
    </UnitTest>
    <UnitTest name="FormatToStringTest1000 (9750.134289915735,9750.13 zł)" storage="c:\projekty\mstestproject\bin\debug\netcoreapp3.1\mstestproject.dll" id="65a6a760-a6b2-4ff9-9be2-7a76d1235861">
      <TestCategory>
        <TestCategoryItem TestCategory="Category1000" />
      </TestCategory>
      <Execution id="0d70f0af-d72d-48e4-be44-c301a787fc6f" />
      <TestMethod codeBase="C:\Projekty\MSTestProject\bin\Debug\netcoreapp3.1\MSTestProject.dll" adapterTypeName="executor://mstestadapter/v2" className="TwojeWesele.Services.Helpers.Tests.CurrencyHelperTests" name="FormatToStringTest1000" />
    </UnitTest>
    <UnitTest name="FormatToStringTest1000 (50585.83664522778,50585.84 zł)" storage="c:\projekty\mstestproject\bin\debug\netcoreapp3.1\mstestproject.dll" id="4eb572b2-b899-4629-af56-03f7f40a93a5">
      <TestCategory>
        <TestCategoryItem TestCategory="Category1000" />
      </TestCategory>
      <Execution id="54bd19cc-79a8-44f8-a13f-cab9650e1fb1" />
      <TestMethod codeBase="C:\Projekty\MSTestProject\bin\Debug\netcoreapp3.1\MSTestProject.dll" adapterTypeName="executor://mstestadapter/v2" className="TwojeWesele.Services.Helpers.Tests.CurrencyHelperTests" name="FormatToStringTest1000" />
    </UnitTest>
    <UnitTest name="FormatToStringTest1000 (181.3640542483721,181.36 zł)" storage="c:\projekty\mstestproject\bin\debug\netcoreapp3.1\mstestproject.dll" id="824bf9d7-1b49-4806-ba6b-703d54db9efc">
      <TestCategory>
        <TestCategoryItem TestCategory="Category1000" />
      </TestCategory>
      <Execution id="97023cf0-8819-402d-8909-a69b38e3d690" />
      <TestMethod codeBase="C:\Projekty\MSTestProject\bin\Debug\netcoreapp3.1\MSTestProject.dll" adapterTypeName="executor://mstestadapter/v2" className="TwojeWesele.Services.Helpers.Tests.CurrencyHelperTests" name="FormatToStringTest1000" />
    </UnitTest>
    <UnitTest name="FormatToStringTest1000 (16511.26921423537,16511.27 zł)" storage="c:\projekty\mstestproject\bin\debug\netcoreapp3.1\mstestproject.dll" id="fa22979b-c631-42ef-bf92-97a2b468f319">
      <TestCategory>
        <TestCategoryItem TestCategory="Category1000" />
      </TestCategory>
      <Execution id="b94f27e0-e206-466c-8d7e-1b5601afc09f" />
      <TestMethod codeBase="C:\Projekty\MSTestProject\bin\Debug\netcoreapp3.1\MSTestProject.dll" adapterTypeName="executor://mstestadapter/v2" className="TwojeWesele.Services.Helpers.Tests.CurrencyHelperTests" name="FormatToStringTest1000" />
    </UnitTest>
    <UnitTest name="FormatToStringTest1000 (32051.900532446758,32051.90 zł)" storage="c:\projekty\mstestproject\bin\debug\netcoreapp3.1\mstestproject.dll" id="061c8ca8-10c4-49ab-85bd-0198bc1fa42a">
      <TestCategory>
        <TestCategoryItem TestCategory="Category1000" />
      </TestCategory>
      <Execution id="88c97b42-6036-4bc0-9291-93d81c70783e" />
      <TestMethod codeBase="C:\Projekty\MSTestProject\bin\Debug\netcoreapp3.1\MSTestProject.dll" adapterTypeName="executor://mstestadapter/v2" className="TwojeWesele.Services.Helpers.Tests.CurrencyHelperTests" name="FormatToStringTest1000" />
    </UnitTest>
    <UnitTest name="FormatToStringTest1000 (15129.433864736666,15129.43 zł)" storage="c:\projekty\mstestproject\bin\debug\netcoreapp3.1\mstestproject.dll" id="9e131368-d45e-456e-8086-cd6cd5c49e6e">
      <TestCategory>
        <TestCategoryItem TestCategory="Category1000" />
      </TestCategory>
      <Execution id="46378bb5-9fdf-40d3-8847-62dbc3d0b1c2" />
      <TestMethod codeBase="C:\Projekty\MSTestProject\bin\Debug\netcoreapp3.1\MSTestProject.dll" adapterTypeName="executor://mstestadapter/v2" className="TwojeWesele.Services.Helpers.Tests.CurrencyHelperTests" name="FormatToStringTest1000" />
    </UnitTest>
    <UnitTest name="FormatToStringTest1000 (1614.2516601789982,1614.25 zł)" storage="c:\projekty\mstestproject\bin\debug\netcoreapp3.1\mstestproject.dll" id="a6b938e1-50a8-4ee6-81e9-05c753ab94c6">
      <TestCategory>
        <TestCategoryItem TestCategory="Category1000" />
      </TestCategory>
      <Execution id="96527caa-d526-47b8-9375-d9484a790336" />
      <TestMethod codeBase="C:\Projekty\MSTestProject\bin\Debug\netcoreapp3.1\MSTestProject.dll" adapterTypeName="executor://mstestadapter/v2" className="TwojeWesele.Services.Helpers.Tests.CurrencyHelperTests" name="FormatToStringTest1000" />
    </UnitTest>
    <UnitTest name="FormatToStringTest1000 (468.83385119346616,468.83 zł)" storage="c:\projekty\mstestproject\bin\debug\netcoreapp3.1\mstestproject.dll" id="fbb369e5-8eae-4e8f-8eea-efeb562e3a50">
      <TestCategory>
        <TestCategoryItem TestCategory="Category1000" />
      </TestCategory>
      <Execution id="192ee7cf-10ed-4945-ab2c-2feef40d8ab7" />
      <TestMethod codeBase="C:\Projekty\MSTestProject\bin\Debug\netcoreapp3.1\MSTestProject.dll" adapterTypeName="executor://mstestadapter/v2" className="TwojeWesele.Services.Helpers.Tests.CurrencyHelperTests" name="FormatToStringTest1000" />
    </UnitTest>
    <UnitTest name="FormatToStringTest1000 (64568.131500027666,64568.13 zł)" storage="c:\projekty\mstestproject\bin\debug\netcoreapp3.1\mstestproject.dll" id="fd6ff8c2-5022-41a9-8c32-27c44cc144cd">
      <TestCategory>
        <TestCategoryItem TestCategory="Category1000" />
      </TestCategory>
      <Execution id="5ac8467a-f099-47ba-8d1d-82c92dc0944f" />
      <TestMethod codeBase="C:\Projekty\MSTestProject\bin\Debug\netcoreapp3.1\MSTestProject.dll" adapterTypeName="executor://mstestadapter/v2" className="TwojeWesele.Services.Helpers.Tests.CurrencyHelperTests" name="FormatToStringTest1000" />
    </UnitTest>
    <UnitTest name="FormatToStringTest1000 (2897.9775426620513,2897.98 zł)" storage="c:\projekty\mstestproject\bin\debug\netcoreapp3.1\mstestproject.dll" id="ff7319bd-ab16-4130-a1f7-b1cc4ff3fb2a">
      <TestCategory>
        <TestCategoryItem TestCategory="Category1000" />
      </TestCategory>
      <Execution id="45c2b180-0aef-485e-8fe2-daf99bc51d23" />
      <TestMethod codeBase="C:\Projekty\MSTestProject\bin\Debug\netcoreapp3.1\MSTestProject.dll" adapterTypeName="executor://mstestadapter/v2" className="TwojeWesele.Services.Helpers.Tests.CurrencyHelperTests" name="FormatToStringTest1000" />
    </UnitTest>
    <UnitTest name="FormatToStringTest1000 (1328.353302088265,1328.35 zł)" storage="c:\projekty\mstestproject\bin\debug\netcoreapp3.1\mstestproject.dll" id="c85c06d2-867b-4bd9-8cf0-f5d51bb6953e">
      <TestCategory>
        <TestCategoryItem TestCategory="Category1000" />
      </TestCategory>
      <Execution id="ea6adbe6-a637-4a82-9759-935440f389eb" />
      <TestMethod codeBase="C:\Projekty\MSTestProject\bin\Debug\netcoreapp3.1\MSTestProject.dll" adapterTypeName="executor://mstestadapter/v2" className="TwojeWesele.Services.Helpers.Tests.CurrencyHelperTests" name="FormatToStringTest1000" />
    </UnitTest>
    <UnitTest name="FormatToStringTest1000 (45603.90324273142,45603.90 zł)" storage="c:\projekty\mstestproject\bin\debug\netcoreapp3.1\mstestproject.dll" id="43a45c23-814f-403c-964b-7bc46cd8f977">
      <TestCategory>
        <TestCategoryItem TestCategory="Category1000" />
      </TestCategory>
      <Execution id="114a2800-e719-4680-a8ca-082ecbd15053" />
      <TestMethod codeBase="C:\Projekty\MSTestProject\bin\Debug\netcoreapp3.1\MSTestProject.dll" adapterTypeName="executor://mstestadapter/v2" className="TwojeWesele.Services.Helpers.Tests.CurrencyHelperTests" name="FormatToStringTest1000" />
    </UnitTest>
    <UnitTest name="FormatToStringTest1000 (52020.805412759444,52020.81 zł)" storage="c:\projekty\mstestproject\bin\debug\netcoreapp3.1\mstestproject.dll" id="647bb24c-0649-4ed2-8cb1-cafca05a3d9c">
      <TestCategory>
        <TestCategoryItem TestCategory="Category1000" />
      </TestCategory>
      <Execution id="b372f6c1-69ca-4888-ba38-5543c2335c7f" />
      <TestMethod codeBase="C:\Projekty\MSTestProject\bin\Debug\netcoreapp3.1\MSTestProject.dll" adapterTypeName="executor://mstestadapter/v2" className="TwojeWesele.Services.Helpers.Tests.CurrencyHelperTests" name="FormatToStringTest1000" />
    </UnitTest>
    <UnitTest name="FormatToStringTest1000 (47025.6224095177,47025.62 zł)" storage="c:\projekty\mstestproject\bin\debug\netcoreapp3.1\mstestproject.dll" id="485c3ae6-59dd-45ee-99f8-2bbcd335ffdc">
      <TestCategory>
        <TestCategoryItem TestCategory="Category1000" />
      </TestCategory>
      <Execution id="118cffda-b6c8-4877-b600-cbb0867c881c" />
      <TestMethod codeBase="C:\Projekty\MSTestProject\bin\Debug\netcoreapp3.1\MSTestProject.dll" adapterTypeName="executor://mstestadapter/v2" className="TwojeWesele.Services.Helpers.Tests.CurrencyHelperTests" name="FormatToStringTest1000" />
    </UnitTest>
    <UnitTest name="FormatToStringTest1000 (21573.45329517613,21573.45 zł)" storage="c:\projekty\mstestproject\bin\debug\netcoreapp3.1\mstestproject.dll" id="dd154115-2c60-4416-8c91-410c9328bc22">
      <TestCategory>
        <TestCategoryItem TestCategory="Category1000" />
      </TestCategory>
      <Execution id="39a389ec-8866-41ce-8d9a-147d6bd461d2" />
      <TestMethod codeBase="C:\Projekty\MSTestProject\bin\Debug\netcoreapp3.1\MSTestProject.dll" adapterTypeName="executor://mstestadapter/v2" className="TwojeWesele.Services.Helpers.Tests.CurrencyHelperTests" name="FormatToStringTest1000" />
    </UnitTest>
    <UnitTest name="FormatToStringTest1000 (6958.393354767186,6958.39 zł)" storage="c:\projekty\mstestproject\bin\debug\netcoreapp3.1\mstestproject.dll" id="34fc0772-e7ff-4d76-bfd3-bc740d55f58a">
      <TestCategory>
        <TestCategoryItem TestCategory="Category1000" />
      </TestCategory>
      <Execution id="6a60c1db-0ad1-4122-aac4-28999e9621bb" />
      <TestMethod codeBase="C:\Projekty\MSTestProject\bin\Debug\netcoreapp3.1\MSTestProject.dll" adapterTypeName="executor://mstestadapter/v2" className="TwojeWesele.Services.Helpers.Tests.CurrencyHelperTests" name="FormatToStringTest1000" />
    </UnitTest>
    <UnitTest name="FormatToStringTest1000 (11944.74385168531,11944.74 zł)" storage="c:\projekty\mstestproject\bin\debug\netcoreapp3.1\mstestproject.dll" id="322cb006-7e1e-434f-b6e3-ce4744b7bc64">
      <TestCategory>
        <TestCategoryItem TestCategory="Category1000" />
      </TestCategory>
      <Execution id="a942c01b-bfd4-4836-bcaf-6b074d575b8b" />
      <TestMethod codeBase="C:\Projekty\MSTestProject\bin\Debug\netcoreapp3.1\MSTestProject.dll" adapterTypeName="executor://mstestadapter/v2" className="TwojeWesele.Services.Helpers.Tests.CurrencyHelperTests" name="FormatToStringTest1000" />
    </UnitTest>
    <UnitTest name="FormatToStringTest1000 (46590.9609819562,46590.96 zł)" storage="c:\projekty\mstestproject\bin\debug\netcoreapp3.1\mstestproject.dll" id="65b2d532-0677-4fae-a773-ad815721b112">
      <TestCategory>
        <TestCategoryItem TestCategory="Category1000" />
      </TestCategory>
      <Execution id="9a469518-220e-4010-aed4-dffc7821dac9" />
      <TestMethod codeBase="C:\Projekty\MSTestProject\bin\Debug\netcoreapp3.1\MSTestProject.dll" adapterTypeName="executor://mstestadapter/v2" className="TwojeWesele.Services.Helpers.Tests.CurrencyHelperTests" name="FormatToStringTest1000" />
    </UnitTest>
    <UnitTest name="FormatToStringTest1000 (20454.142628653506,20454.14 zł)" storage="c:\projekty\mstestproject\bin\debug\netcoreapp3.1\mstestproject.dll" id="f119c94a-1716-4186-9069-abad38097051">
      <TestCategory>
        <TestCategoryItem TestCategory="Category1000" />
      </TestCategory>
      <Execution id="77d55b0a-38fe-4ba0-b0ee-83ed0b26646e" />
      <TestMethod codeBase="C:\Projekty\MSTestProject\bin\Debug\netcoreapp3.1\MSTestProject.dll" adapterTypeName="executor://mstestadapter/v2" className="TwojeWesele.Services.Helpers.Tests.CurrencyHelperTests" name="FormatToStringTest1000" />
    </UnitTest>
    <UnitTest name="FormatToStringTest1000 (16688.70569393677,16688.71 zł)" storage="c:\projekty\mstestproject\bin\debug\netcoreapp3.1\mstestproject.dll" id="c0dc8fb8-0988-48c1-b50b-cd1dedee8a77">
      <TestCategory>
        <TestCategoryItem TestCategory="Category1000" />
      </TestCategory>
      <Execution id="df117837-389c-4943-b6a2-0a6f9424e1ee" />
      <TestMethod codeBase="C:\Projekty\MSTestProject\bin\Debug\netcoreapp3.1\MSTestProject.dll" adapterTypeName="executor://mstestadapter/v2" className="TwojeWesele.Services.Helpers.Tests.CurrencyHelperTests" name="FormatToStringTest1000" />
    </UnitTest>
    <UnitTest name="FormatToStringTest1000 (16597.22844427788,16597.23 zł)" storage="c:\projekty\mstestproject\bin\debug\netcoreapp3.1\mstestproject.dll" id="7ad51f20-e92f-4d70-a3da-d4e1abad9b93">
      <TestCategory>
        <TestCategoryItem TestCategory="Category1000" />
      </TestCategory>
      <Execution id="1dbb35d0-9210-4100-8860-eb9b50737c20" />
      <TestMethod codeBase="C:\Projekty\MSTestProject\bin\Debug\netcoreapp3.1\MSTestProject.dll" adapterTypeName="executor://mstestadapter/v2" className="TwojeWesele.Services.Helpers.Tests.CurrencyHelperTests" name="FormatToStringTest1000" />
    </UnitTest>
    <UnitTest name="FormatToStringTest1000 (85407.13428016152,85407.13 zł)" storage="c:\projekty\mstestproject\bin\debug\netcoreapp3.1\mstestproject.dll" id="f2934ee3-1b06-4768-b2de-7c7957fb77e0">
      <TestCategory>
        <TestCategoryItem TestCategory="Category1000" />
      </TestCategory>
      <Execution id="e40f52ea-f272-4540-896c-f0dbbbee211e" />
      <TestMethod codeBase="C:\Projekty\MSTestProject\bin\Debug\netcoreapp3.1\MSTestProject.dll" adapterTypeName="executor://mstestadapter/v2" className="TwojeWesele.Services.Helpers.Tests.CurrencyHelperTests" name="FormatToStringTest1000" />
    </UnitTest>
    <UnitTest name="FormatToStringTest1000 (38253.101637909705,38253.10 zł)" storage="c:\projekty\mstestproject\bin\debug\netcoreapp3.1\mstestproject.dll" id="2c0653b2-9d8d-4512-b95c-493a1e3e9370">
      <TestCategory>
        <TestCategoryItem TestCategory="Category1000" />
      </TestCategory>
      <Execution id="f3e583ac-602e-4ae4-b22c-4042a51dcb05" />
      <TestMethod codeBase="C:\Projekty\MSTestProject\bin\Debug\netcoreapp3.1\MSTestProject.dll" adapterTypeName="executor://mstestadapter/v2" className="TwojeWesele.Services.Helpers.Tests.CurrencyHelperTests" name="FormatToStringTest1000" />
    </UnitTest>
    <UnitTest name="FormatToStringTest1000 (14719.97001409762,14719.97 zł)" storage="c:\projekty\mstestproject\bin\debug\netcoreapp3.1\mstestproject.dll" id="dca58b62-1d4f-43bd-b542-05fb6fa5923b">
      <TestCategory>
        <TestCategoryItem TestCategory="Category1000" />
      </TestCategory>
      <Execution id="fe903958-cbae-464d-9f1e-a3dd66bcadbc" />
      <TestMethod codeBase="C:\Projekty\MSTestProject\bin\Debug\netcoreapp3.1\MSTestProject.dll" adapterTypeName="executor://mstestadapter/v2" className="TwojeWesele.Services.Helpers.Tests.CurrencyHelperTests" name="FormatToStringTest1000" />
    </UnitTest>
    <UnitTest name="FormatToStringTest1000 (236.20263638589657,236.20 zł)" storage="c:\projekty\mstestproject\bin\debug\netcoreapp3.1\mstestproject.dll" id="d6b58923-5e34-46b2-93ef-727e606280e3">
      <TestCategory>
        <TestCategoryItem TestCategory="Category1000" />
      </TestCategory>
      <Execution id="27089904-a631-42a1-9664-9b62a16ca1c4" />
      <TestMethod codeBase="C:\Projekty\MSTestProject\bin\Debug\netcoreapp3.1\MSTestProject.dll" adapterTypeName="executor://mstestadapter/v2" className="TwojeWesele.Services.Helpers.Tests.CurrencyHelperTests" name="FormatToStringTest1000" />
    </UnitTest>
    <UnitTest name="FormatToStringTest1000 (14035.12972514477,14035.13 zł)" storage="c:\projekty\mstestproject\bin\debug\netcoreapp3.1\mstestproject.dll" id="1208c3e5-c05a-49ea-9f67-12587aeb0c36">
      <TestCategory>
        <TestCategoryItem TestCategory="Category1000" />
      </TestCategory>
      <Execution id="3506c2fe-593b-4efc-bcf9-8ff89c8320c1" />
      <TestMethod codeBase="C:\Projekty\MSTestProject\bin\Debug\netcoreapp3.1\MSTestProject.dll" adapterTypeName="executor://mstestadapter/v2" className="TwojeWesele.Services.Helpers.Tests.CurrencyHelperTests" name="FormatToStringTest1000" />
    </UnitTest>
    <UnitTest name="FormatToStringTest1000 (2409.393997763001,2409.39 zł)" storage="c:\projekty\mstestproject\bin\debug\netcoreapp3.1\mstestproject.dll" id="c0fea437-580a-457e-bda3-f7ec7d4ffc24">
      <TestCategory>
        <TestCategoryItem TestCategory="Category1000" />
      </TestCategory>
      <Execution id="d4884ba1-a84b-46cc-9b60-70aa209f8421" />
      <TestMethod codeBase="C:\Projekty\MSTestProject\bin\Debug\netcoreapp3.1\MSTestProject.dll" adapterTypeName="executor://mstestadapter/v2" className="TwojeWesele.Services.Helpers.Tests.CurrencyHelperTests" name="FormatToStringTest1000" />
    </UnitTest>
    <UnitTest name="FormatToStringTest1000 (9196.579612724754,9196.58 zł)" storage="c:\projekty\mstestproject\bin\debug\netcoreapp3.1\mstestproject.dll" id="538aadb9-56b4-4ffc-aaa0-e9c520f66ece">
      <TestCategory>
        <TestCategoryItem TestCategory="Category1000" />
      </TestCategory>
      <Execution id="676cc5a4-b845-42d3-970b-de81ae378e99" />
      <TestMethod codeBase="C:\Projekty\MSTestProject\bin\Debug\netcoreapp3.1\MSTestProject.dll" adapterTypeName="executor://mstestadapter/v2" className="TwojeWesele.Services.Helpers.Tests.CurrencyHelperTests" name="FormatToStringTest1000" />
    </UnitTest>
    <UnitTest name="FormatToStringTest1000 (658.7555888573431,658.76 zł)" storage="c:\projekty\mstestproject\bin\debug\netcoreapp3.1\mstestproject.dll" id="8ba7aae9-7682-49d3-bb49-fda29ffef385">
      <TestCategory>
        <TestCategoryItem TestCategory="Category1000" />
      </TestCategory>
      <Execution id="1ea97c9b-f98f-4781-b4ec-079e137f60c7" />
      <TestMethod codeBase="C:\Projekty\MSTestProject\bin\Debug\netcoreapp3.1\MSTestProject.dll" adapterTypeName="executor://mstestadapter/v2" className="TwojeWesele.Services.Helpers.Tests.CurrencyHelperTests" name="FormatToStringTest1000" />
    </UnitTest>
    <UnitTest name="FormatToStringTest1000 (20146.183073329827,20146.18 zł)" storage="c:\projekty\mstestproject\bin\debug\netcoreapp3.1\mstestproject.dll" id="417ee05b-6fdd-4a66-a4d8-c6694e560aa0">
      <TestCategory>
        <TestCategoryItem TestCategory="Category1000" />
      </TestCategory>
      <Execution id="2d6711cb-15fc-4745-bee1-e61cca5ad3e7" />
      <TestMethod codeBase="C:\Projekty\MSTestProject\bin\Debug\netcoreapp3.1\MSTestProject.dll" adapterTypeName="executor://mstestadapter/v2" className="TwojeWesele.Services.Helpers.Tests.CurrencyHelperTests" name="FormatToStringTest1000" />
    </UnitTest>
    <UnitTest name="FormatToStringTest1000 (9774.341362926803,9774.34 zł)" storage="c:\projekty\mstestproject\bin\debug\netcoreapp3.1\mstestproject.dll" id="19ffd080-4c69-4b20-ba02-d2726687a3cd">
      <TestCategory>
        <TestCategoryItem TestCategory="Category1000" />
      </TestCategory>
      <Execution id="b73ad300-7aa8-4586-98bc-280fb97be01f" />
      <TestMethod codeBase="C:\Projekty\MSTestProject\bin\Debug\netcoreapp3.1\MSTestProject.dll" adapterTypeName="executor://mstestadapter/v2" className="TwojeWesele.Services.Helpers.Tests.CurrencyHelperTests" name="FormatToStringTest1000" />
    </UnitTest>
    <UnitTest name="FormatToStringTest1000 (24957.469502810607,24957.47 zł)" storage="c:\projekty\mstestproject\bin\debug\netcoreapp3.1\mstestproject.dll" id="805b0dee-68c1-4455-8630-15a91b80d357">
      <TestCategory>
        <TestCategoryItem TestCategory="Category1000" />
      </TestCategory>
      <Execution id="f294efa3-1042-4d98-99ec-d104e56f7069" />
      <TestMethod codeBase="C:\Projekty\MSTestProject\bin\Debug\netcoreapp3.1\MSTestProject.dll" adapterTypeName="executor://mstestadapter/v2" className="TwojeWesele.Services.Helpers.Tests.CurrencyHelperTests" name="FormatToStringTest1000" />
    </UnitTest>
    <UnitTest name="FormatToStringTest1000 (65809.35218338219,65809.35 zł)" storage="c:\projekty\mstestproject\bin\debug\netcoreapp3.1\mstestproject.dll" id="f4291adb-c1a1-4e20-af70-fcb982cca6de">
      <TestCategory>
        <TestCategoryItem TestCategory="Category1000" />
      </TestCategory>
      <Execution id="4bc51186-ee2e-4677-96f7-079f26d7747e" />
      <TestMethod codeBase="C:\Projekty\MSTestProject\bin\Debug\netcoreapp3.1\MSTestProject.dll" adapterTypeName="executor://mstestadapter/v2" className="TwojeWesele.Services.Helpers.Tests.CurrencyHelperTests" name="FormatToStringTest1000" />
    </UnitTest>
    <UnitTest name="FormatToStringTest1000 (47256.065730817645,47256.07 zł)" storage="c:\projekty\mstestproject\bin\debug\netcoreapp3.1\mstestproject.dll" id="36d884f4-b945-416a-9eb1-8eb79b14d934">
      <TestCategory>
        <TestCategoryItem TestCategory="Category1000" />
      </TestCategory>
      <Execution id="15b874eb-de6e-4ab1-a699-9f9adabbdc10" />
      <TestMethod codeBase="C:\Projekty\MSTestProject\bin\Debug\netcoreapp3.1\MSTestProject.dll" adapterTypeName="executor://mstestadapter/v2" className="TwojeWesele.Services.Helpers.Tests.CurrencyHelperTests" name="FormatToStringTest1000" />
    </UnitTest>
    <UnitTest name="FormatToStringTest1000 (44677.61946778074,44677.62 zł)" storage="c:\projekty\mstestproject\bin\debug\netcoreapp3.1\mstestproject.dll" id="c4115112-813f-4f8c-b324-1596bf51bd65">
      <TestCategory>
        <TestCategoryItem TestCategory="Category1000" />
      </TestCategory>
      <Execution id="ee1788a7-2422-48ad-952d-708cfc70f8a1" />
      <TestMethod codeBase="C:\Projekty\MSTestProject\bin\Debug\netcoreapp3.1\MSTestProject.dll" adapterTypeName="executor://mstestadapter/v2" className="TwojeWesele.Services.Helpers.Tests.CurrencyHelperTests" name="FormatToStringTest1000" />
    </UnitTest>
    <UnitTest name="FormatToStringTest1000 (17953.338243749615,17953.34 zł)" storage="c:\projekty\mstestproject\bin\debug\netcoreapp3.1\mstestproject.dll" id="46d02ddf-99fa-4606-a747-408446ff1f27">
      <TestCategory>
        <TestCategoryItem TestCategory="Category1000" />
      </TestCategory>
      <Execution id="d3301ce4-2538-4b6a-bc3b-e0660a23b076" />
      <TestMethod codeBase="C:\Projekty\MSTestProject\bin\Debug\netcoreapp3.1\MSTestProject.dll" adapterTypeName="executor://mstestadapter/v2" className="TwojeWesele.Services.Helpers.Tests.CurrencyHelperTests" name="FormatToStringTest1000" />
    </UnitTest>
    <UnitTest name="FormatToStringTest1000 (2339.5873176472205,2339.59 zł)" storage="c:\projekty\mstestproject\bin\debug\netcoreapp3.1\mstestproject.dll" id="bd910869-22e2-4c0c-9e2e-1bdd15ea0e74">
      <TestCategory>
        <TestCategoryItem TestCategory="Category1000" />
      </TestCategory>
      <Execution id="a986daec-9a17-4db2-80bf-629f34d84e6f" />
      <TestMethod codeBase="C:\Projekty\MSTestProject\bin\Debug\netcoreapp3.1\MSTestProject.dll" adapterTypeName="executor://mstestadapter/v2" className="TwojeWesele.Services.Helpers.Tests.CurrencyHelperTests" name="FormatToStringTest1000" />
    </UnitTest>
    <UnitTest name="FormatToStringTest1000 (8542.520616738833,8542.52 zł)" storage="c:\projekty\mstestproject\bin\debug\netcoreapp3.1\mstestproject.dll" id="d759fbcd-dbba-46b1-80e4-8bbef0180dff">
      <TestCategory>
        <TestCategoryItem TestCategory="Category1000" />
      </TestCategory>
      <Execution id="a7e23454-fcba-40f0-b3ce-ec5706d40ef0" />
      <TestMethod codeBase="C:\Projekty\MSTestProject\bin\Debug\netcoreapp3.1\MSTestProject.dll" adapterTypeName="executor://mstestadapter/v2" className="TwojeWesele.Services.Helpers.Tests.CurrencyHelperTests" name="FormatToStringTest1000" />
    </UnitTest>
    <UnitTest name="FormatToStringTest1000 (17315.72309779363,17315.72 zł)" storage="c:\projekty\mstestproject\bin\debug\netcoreapp3.1\mstestproject.dll" id="9eae935a-1401-41ae-b6b9-9aac311b9fd2">
      <TestCategory>
        <TestCategoryItem TestCategory="Category1000" />
      </TestCategory>
      <Execution id="650620b6-648f-4cb2-bc9e-825bf64c4887" />
      <TestMethod codeBase="C:\Projekty\MSTestProject\bin\Debug\netcoreapp3.1\MSTestProject.dll" adapterTypeName="executor://mstestadapter/v2" className="TwojeWesele.Services.Helpers.Tests.CurrencyHelperTests" name="FormatToStringTest1000" />
    </UnitTest>
    <UnitTest name="FormatToStringTest1000 (8768.816937361293,8768.82 zł)" storage="c:\projekty\mstestproject\bin\debug\netcoreapp3.1\mstestproject.dll" id="fa15d8a8-c05c-4066-8f4f-808e57274db8">
      <TestCategory>
        <TestCategoryItem TestCategory="Category1000" />
      </TestCategory>
      <Execution id="ecc84a8e-cfe5-4762-98cc-0bd297dd1502" />
      <TestMethod codeBase="C:\Projekty\MSTestProject\bin\Debug\netcoreapp3.1\MSTestProject.dll" adapterTypeName="executor://mstestadapter/v2" className="TwojeWesele.Services.Helpers.Tests.CurrencyHelperTests" name="FormatToStringTest1000" />
    </UnitTest>
    <UnitTest name="FormatToStringTest1000 (13027.93935961739,13027.94 zł)" storage="c:\projekty\mstestproject\bin\debug\netcoreapp3.1\mstestproject.dll" id="0cdac0ae-50b0-4683-bde4-a313e0c589a5">
      <TestCategory>
        <TestCategoryItem TestCategory="Category1000" />
      </TestCategory>
      <Execution id="5ce7bf21-8a67-4061-bd11-fdbaa14841fa" />
      <TestMethod codeBase="C:\Projekty\MSTestProject\bin\Debug\netcoreapp3.1\MSTestProject.dll" adapterTypeName="executor://mstestadapter/v2" className="TwojeWesele.Services.Helpers.Tests.CurrencyHelperTests" name="FormatToStringTest1000" />
    </UnitTest>
    <UnitTest name="FormatToStringTest1000 (59768.02667973611,59768.03 zł)" storage="c:\projekty\mstestproject\bin\debug\netcoreapp3.1\mstestproject.dll" id="7d0b8dba-c269-42de-8073-7a9d59fcfaf7">
      <TestCategory>
        <TestCategoryItem TestCategory="Category1000" />
      </TestCategory>
      <Execution id="59d5180c-bd97-4e8a-9d67-34c94271fe76" />
      <TestMethod codeBase="C:\Projekty\MSTestProject\bin\Debug\netcoreapp3.1\MSTestProject.dll" adapterTypeName="executor://mstestadapter/v2" className="TwojeWesele.Services.Helpers.Tests.CurrencyHelperTests" name="FormatToStringTest1000" />
    </UnitTest>
    <UnitTest name="FormatToStringTest1000 (71554.9786298829,71554.98 zł)" storage="c:\projekty\mstestproject\bin\debug\netcoreapp3.1\mstestproject.dll" id="f7f4033e-5aec-417c-9275-8780681ddd8f">
      <TestCategory>
        <TestCategoryItem TestCategory="Category1000" />
      </TestCategory>
      <Execution id="26e93c9d-4d21-4b21-8dd5-acad64417344" />
      <TestMethod codeBase="C:\Projekty\MSTestProject\bin\Debug\netcoreapp3.1\MSTestProject.dll" adapterTypeName="executor://mstestadapter/v2" className="TwojeWesele.Services.Helpers.Tests.CurrencyHelperTests" name="FormatToStringTest1000" />
    </UnitTest>
    <UnitTest name="FormatToStringTest1000 (88489.14069749469,88489.14 zł)" storage="c:\projekty\mstestproject\bin\debug\netcoreapp3.1\mstestproject.dll" id="c0a97cd3-9658-479c-8628-2ef119444780">
      <TestCategory>
        <TestCategoryItem TestCategory="Category1000" />
      </TestCategory>
      <Execution id="4f15eb1d-0d25-4f38-b1bb-232ee435dfd3" />
      <TestMethod codeBase="C:\Projekty\MSTestProject\bin\Debug\netcoreapp3.1\MSTestProject.dll" adapterTypeName="executor://mstestadapter/v2" className="TwojeWesele.Services.Helpers.Tests.CurrencyHelperTests" name="FormatToStringTest1000" />
    </UnitTest>
    <UnitTest name="FormatToStringTest1000 (386.358918903097,386.36 zł)" storage="c:\projekty\mstestproject\bin\debug\netcoreapp3.1\mstestproject.dll" id="b5579ade-07d8-4af4-808b-b55dd3320fc2">
      <TestCategory>
        <TestCategoryItem TestCategory="Category1000" />
      </TestCategory>
      <Execution id="3866434e-511e-4895-8252-416e15d1a2ed" />
      <TestMethod codeBase="C:\Projekty\MSTestProject\bin\Debug\netcoreapp3.1\MSTestProject.dll" adapterTypeName="executor://mstestadapter/v2" className="TwojeWesele.Services.Helpers.Tests.CurrencyHelperTests" name="FormatToStringTest1000" />
    </UnitTest>
    <UnitTest name="FormatToStringTest1000 (5507.360659962688,5507.36 zł)" storage="c:\projekty\mstestproject\bin\debug\netcoreapp3.1\mstestproject.dll" id="2c8230c1-3679-4060-9086-f1d0fbb8b292">
      <TestCategory>
        <TestCategoryItem TestCategory="Category1000" />
      </TestCategory>
      <Execution id="82213352-1a82-4607-9ae3-6d186f15e249" />
      <TestMethod codeBase="C:\Projekty\MSTestProject\bin\Debug\netcoreapp3.1\MSTestProject.dll" adapterTypeName="executor://mstestadapter/v2" className="TwojeWesele.Services.Helpers.Tests.CurrencyHelperTests" name="FormatToStringTest1000" />
    </UnitTest>
    <UnitTest name="FormatToStringTest1000 (30111.54342534372,30111.54 zł)" storage="c:\projekty\mstestproject\bin\debug\netcoreapp3.1\mstestproject.dll" id="ff5b1c7c-1de5-4953-a8c0-f55656252865">
      <TestCategory>
        <TestCategoryItem TestCategory="Category1000" />
      </TestCategory>
      <Execution id="3893923b-883a-4ee3-aca2-b2ebfd603da6" />
      <TestMethod codeBase="C:\Projekty\MSTestProject\bin\Debug\netcoreapp3.1\MSTestProject.dll" adapterTypeName="executor://mstestadapter/v2" className="TwojeWesele.Services.Helpers.Tests.CurrencyHelperTests" name="FormatToStringTest1000" />
    </UnitTest>
    <UnitTest name="FormatToStringTest1000 (69373.32129976773,69373.32 zł)" storage="c:\projekty\mstestproject\bin\debug\netcoreapp3.1\mstestproject.dll" id="96dec171-4e30-45a8-b1cf-5ed8b085b4d3">
      <TestCategory>
        <TestCategoryItem TestCategory="Category1000" />
      </TestCategory>
      <Execution id="0f61b6b8-f239-40e3-a041-1b7f7bd888b3" />
      <TestMethod codeBase="C:\Projekty\MSTestProject\bin\Debug\netcoreapp3.1\MSTestProject.dll" adapterTypeName="executor://mstestadapter/v2" className="TwojeWesele.Services.Helpers.Tests.CurrencyHelperTests" name="FormatToStringTest1000" />
    </UnitTest>
    <UnitTest name="FormatToStringTest1000 (823.2747994560166,823.27 zł)" storage="c:\projekty\mstestproject\bin\debug\netcoreapp3.1\mstestproject.dll" id="bcd00baa-fd93-4376-800c-76083680ef28">
      <TestCategory>
        <TestCategoryItem TestCategory="Category1000" />
      </TestCategory>
      <Execution id="47f0c1b5-5798-4527-ac05-d3f3ef3179c8" />
      <TestMethod codeBase="C:\Projekty\MSTestProject\bin\Debug\netcoreapp3.1\MSTestProject.dll" adapterTypeName="executor://mstestadapter/v2" className="TwojeWesele.Services.Helpers.Tests.CurrencyHelperTests" name="FormatToStringTest1000" />
    </UnitTest>
    <UnitTest name="FormatToStringTest1000 (26515.80237687929,26515.80 zł)" storage="c:\projekty\mstestproject\bin\debug\netcoreapp3.1\mstestproject.dll" id="992ff8af-99fe-4bc1-8462-6e47719044e6">
      <TestCategory>
        <TestCategoryItem TestCategory="Category1000" />
      </TestCategory>
      <Execution id="ee9773c8-cb65-4ddc-b46b-10caaeb04757" />
      <TestMethod codeBase="C:\Projekty\MSTestProject\bin\Debug\netcoreapp3.1\MSTestProject.dll" adapterTypeName="executor://mstestadapter/v2" className="TwojeWesele.Services.Helpers.Tests.CurrencyHelperTests" name="FormatToStringTest1000" />
    </UnitTest>
    <UnitTest name="FormatToStringTest1000 (1884.4923513031063,1884.49 zł)" storage="c:\projekty\mstestproject\bin\debug\netcoreapp3.1\mstestproject.dll" id="ac6dc624-56e2-420a-9ebb-d26e9ac4244d">
      <TestCategory>
        <TestCategoryItem TestCategory="Category1000" />
      </TestCategory>
      <Execution id="38763def-b817-4b37-a3d6-0ada988ca667" />
      <TestMethod codeBase="C:\Projekty\MSTestProject\bin\Debug\netcoreapp3.1\MSTestProject.dll" adapterTypeName="executor://mstestadapter/v2" className="TwojeWesele.Services.Helpers.Tests.CurrencyHelperTests" name="FormatToStringTest1000" />
    </UnitTest>
    <UnitTest name="FormatToStringTest1000 (9928.477822322622,9928.48 zł)" storage="c:\projekty\mstestproject\bin\debug\netcoreapp3.1\mstestproject.dll" id="06d4c3a1-1cbd-42f7-a15a-1a07f56164db">
      <TestCategory>
        <TestCategoryItem TestCategory="Category1000" />
      </TestCategory>
      <Execution id="124d8c2e-bee9-4061-9198-d4b8deeca888" />
      <TestMethod codeBase="C:\Projekty\MSTestProject\bin\Debug\netcoreapp3.1\MSTestProject.dll" adapterTypeName="executor://mstestadapter/v2" className="TwojeWesele.Services.Helpers.Tests.CurrencyHelperTests" name="FormatToStringTest1000" />
    </UnitTest>
    <UnitTest name="FormatToStringTest1000 (19216.446905020366,19216.45 zł)" storage="c:\projekty\mstestproject\bin\debug\netcoreapp3.1\mstestproject.dll" id="739ca908-deb2-4540-9c0d-f41c2e31da3d">
      <TestCategory>
        <TestCategoryItem TestCategory="Category1000" />
      </TestCategory>
      <Execution id="58736b92-043f-4cc8-acc4-12ed474a53df" />
      <TestMethod codeBase="C:\Projekty\MSTestProject\bin\Debug\netcoreapp3.1\MSTestProject.dll" adapterTypeName="executor://mstestadapter/v2" className="TwojeWesele.Services.Helpers.Tests.CurrencyHelperTests" name="FormatToStringTest1000" />
    </UnitTest>
    <UnitTest name="FormatToStringTest1000 (21693.340115174808,21693.34 zł)" storage="c:\projekty\mstestproject\bin\debug\netcoreapp3.1\mstestproject.dll" id="541ea86c-6c91-4417-895f-67ae2b0b1ce8">
      <TestCategory>
        <TestCategoryItem TestCategory="Category1000" />
      </TestCategory>
      <Execution id="e75e9248-e67f-48f8-9b1c-e6c1ab5809be" />
      <TestMethod codeBase="C:\Projekty\MSTestProject\bin\Debug\netcoreapp3.1\MSTestProject.dll" adapterTypeName="executor://mstestadapter/v2" className="TwojeWesele.Services.Helpers.Tests.CurrencyHelperTests" name="FormatToStringTest1000" />
    </UnitTest>
    <UnitTest name="FormatToStringTest1000 (22799.991836491965,22799.99 zł)" storage="c:\projekty\mstestproject\bin\debug\netcoreapp3.1\mstestproject.dll" id="799c2eba-fb6f-4e13-88d3-9338aba5bbb3">
      <TestCategory>
        <TestCategoryItem TestCategory="Category1000" />
      </TestCategory>
      <Execution id="2cde098a-b2a3-47dd-9980-c80149898777" />
      <TestMethod codeBase="C:\Projekty\MSTestProject\bin\Debug\netcoreapp3.1\MSTestProject.dll" adapterTypeName="executor://mstestadapter/v2" className="TwojeWesele.Services.Helpers.Tests.CurrencyHelperTests" name="FormatToStringTest1000" />
    </UnitTest>
    <UnitTest name="FormatToStringTest1000 (54275.73209373408,54275.73 zł)" storage="c:\projekty\mstestproject\bin\debug\netcoreapp3.1\mstestproject.dll" id="d7f6c740-4d1e-465e-ae19-0b2eb088bc6b">
      <TestCategory>
        <TestCategoryItem TestCategory="Category1000" />
      </TestCategory>
      <Execution id="544f2b5a-183c-4178-8871-d77daf363592" />
      <TestMethod codeBase="C:\Projekty\MSTestProject\bin\Debug\netcoreapp3.1\MSTestProject.dll" adapterTypeName="executor://mstestadapter/v2" className="TwojeWesele.Services.Helpers.Tests.CurrencyHelperTests" name="FormatToStringTest1000" />
    </UnitTest>
    <UnitTest name="FormatToStringTest1000 (20497.107923553376,20497.11 zł)" storage="c:\projekty\mstestproject\bin\debug\netcoreapp3.1\mstestproject.dll" id="a9994291-09eb-4ada-8377-4f767dc4951c">
      <TestCategory>
        <TestCategoryItem TestCategory="Category1000" />
      </TestCategory>
      <Execution id="4ce1a59f-8636-4c83-9d48-74c202226d09" />
      <TestMethod codeBase="C:\Projekty\MSTestProject\bin\Debug\netcoreapp3.1\MSTestProject.dll" adapterTypeName="executor://mstestadapter/v2" className="TwojeWesele.Services.Helpers.Tests.CurrencyHelperTests" name="FormatToStringTest1000" />
    </UnitTest>
    <UnitTest name="FormatToStringTest1000 (782.6578288817116,782.66 zł)" storage="c:\projekty\mstestproject\bin\debug\netcoreapp3.1\mstestproject.dll" id="4b3b5c79-24c6-4819-bcf2-68b795d70d0c">
      <TestCategory>
        <TestCategoryItem TestCategory="Category1000" />
      </TestCategory>
      <Execution id="ee5c132f-a624-4ee2-936f-403415e61681" />
      <TestMethod codeBase="C:\Projekty\MSTestProject\bin\Debug\netcoreapp3.1\MSTestProject.dll" adapterTypeName="executor://mstestadapter/v2" className="TwojeWesele.Services.Helpers.Tests.CurrencyHelperTests" name="FormatToStringTest1000" />
    </UnitTest>
    <UnitTest name="FormatToStringTest1000 (23662.291816162084,23662.29 zł)" storage="c:\projekty\mstestproject\bin\debug\netcoreapp3.1\mstestproject.dll" id="5af4b7f2-4e85-4530-b560-8566e235fa0d">
      <TestCategory>
        <TestCategoryItem TestCategory="Category1000" />
      </TestCategory>
      <Execution id="2a898cf9-71b5-4258-904b-7d257543f397" />
      <TestMethod codeBase="C:\Projekty\MSTestProject\bin\Debug\netcoreapp3.1\MSTestProject.dll" adapterTypeName="executor://mstestadapter/v2" className="TwojeWesele.Services.Helpers.Tests.CurrencyHelperTests" name="FormatToStringTest1000" />
    </UnitTest>
    <UnitTest name="FormatToStringTest1000 (643.3550376181281,643.36 zł)" storage="c:\projekty\mstestproject\bin\debug\netcoreapp3.1\mstestproject.dll" id="c12c29a7-e6c8-4256-a75f-2c6218451dfb">
      <TestCategory>
        <TestCategoryItem TestCategory="Category1000" />
      </TestCategory>
      <Execution id="21025b9d-6098-4d8f-99aa-4dc349554565" />
      <TestMethod codeBase="C:\Projekty\MSTestProject\bin\Debug\netcoreapp3.1\MSTestProject.dll" adapterTypeName="executor://mstestadapter/v2" className="TwojeWesele.Services.Helpers.Tests.CurrencyHelperTests" name="FormatToStringTest1000" />
    </UnitTest>
    <UnitTest name="FormatToStringTest1000 (1860.3356292016504,1860.34 zł)" storage="c:\projekty\mstestproject\bin\debug\netcoreapp3.1\mstestproject.dll" id="b384dcd9-4752-4568-85cb-d4fa1c3f61ee">
      <TestCategory>
        <TestCategoryItem TestCategory="Category1000" />
      </TestCategory>
      <Execution id="c42f21c7-763a-4478-84c9-26cfef70e250" />
      <TestMethod codeBase="C:\Projekty\MSTestProject\bin\Debug\netcoreapp3.1\MSTestProject.dll" adapterTypeName="executor://mstestadapter/v2" className="TwojeWesele.Services.Helpers.Tests.CurrencyHelperTests" name="FormatToStringTest1000" />
    </UnitTest>
    <UnitTest name="FormatToStringTest1000 (3341.8351759444154,3341.84 zł)" storage="c:\projekty\mstestproject\bin\debug\netcoreapp3.1\mstestproject.dll" id="ffa8a464-ede4-4346-b485-56bae91baf79">
      <TestCategory>
        <TestCategoryItem TestCategory="Category1000" />
      </TestCategory>
      <Execution id="5b8ba485-1de8-4774-afe7-1cd20d824c75" />
      <TestMethod codeBase="C:\Projekty\MSTestProject\bin\Debug\netcoreapp3.1\MSTestProject.dll" adapterTypeName="executor://mstestadapter/v2" className="TwojeWesele.Services.Helpers.Tests.CurrencyHelperTests" name="FormatToStringTest1000" />
    </UnitTest>
    <UnitTest name="FormatToStringTest1000 (14237.13226245955,14237.13 zł)" storage="c:\projekty\mstestproject\bin\debug\netcoreapp3.1\mstestproject.dll" id="ec5497d1-030c-4210-893e-6be24c30c101">
      <TestCategory>
        <TestCategoryItem TestCategory="Category1000" />
      </TestCategory>
      <Execution id="616dc978-fee2-4853-b723-4f9e606581db" />
      <TestMethod codeBase="C:\Projekty\MSTestProject\bin\Debug\netcoreapp3.1\MSTestProject.dll" adapterTypeName="executor://mstestadapter/v2" className="TwojeWesele.Services.Helpers.Tests.CurrencyHelperTests" name="FormatToStringTest1000" />
    </UnitTest>
    <UnitTest name="FormatToStringTest1000 (15414.175096961751,15414.18 zł)" storage="c:\projekty\mstestproject\bin\debug\netcoreapp3.1\mstestproject.dll" id="cf80c679-0bd6-4266-b9fc-78ce86508164">
      <TestCategory>
        <TestCategoryItem TestCategory="Category1000" />
      </TestCategory>
      <Execution id="fa56fb32-d684-4744-92d5-1144193280a6" />
      <TestMethod codeBase="C:\Projekty\MSTestProject\bin\Debug\netcoreapp3.1\MSTestProject.dll" adapterTypeName="executor://mstestadapter/v2" className="TwojeWesele.Services.Helpers.Tests.CurrencyHelperTests" name="FormatToStringTest1000" />
    </UnitTest>
    <UnitTest name="FormatToStringTest1000 (66284.43763489948,66284.44 zł)" storage="c:\projekty\mstestproject\bin\debug\netcoreapp3.1\mstestproject.dll" id="b66ab029-6b0d-43a4-91f1-2399508c31e1">
      <TestCategory>
        <TestCategoryItem TestCategory="Category1000" />
      </TestCategory>
      <Execution id="8757c091-667d-4dda-8a9a-59780d239900" />
      <TestMethod codeBase="C:\Projekty\MSTestProject\bin\Debug\netcoreapp3.1\MSTestProject.dll" adapterTypeName="executor://mstestadapter/v2" className="TwojeWesele.Services.Helpers.Tests.CurrencyHelperTests" name="FormatToStringTest1000" />
    </UnitTest>
    <UnitTest name="FormatToStringTest1000 (33413.381276228174,33413.38 zł)" storage="c:\projekty\mstestproject\bin\debug\netcoreapp3.1\mstestproject.dll" id="b8dc712b-50d0-40bf-8f8d-61d1bb3d663e">
      <TestCategory>
        <TestCategoryItem TestCategory="Category1000" />
      </TestCategory>
      <Execution id="7a89e1c6-ccde-412f-bd29-b04a61808afc" />
      <TestMethod codeBase="C:\Projekty\MSTestProject\bin\Debug\netcoreapp3.1\MSTestProject.dll" adapterTypeName="executor://mstestadapter/v2" className="TwojeWesele.Services.Helpers.Tests.CurrencyHelperTests" name="FormatToStringTest1000" />
    </UnitTest>
    <UnitTest name="FormatToStringTest1000 (1669.555150571072,1669.56 zł)" storage="c:\projekty\mstestproject\bin\debug\netcoreapp3.1\mstestproject.dll" id="4be176e7-bab0-4504-afbb-47f688d22c42">
      <TestCategory>
        <TestCategoryItem TestCategory="Category1000" />
      </TestCategory>
      <Execution id="c9a3a51b-e992-432d-863a-9c2c11686b14" />
      <TestMethod codeBase="C:\Projekty\MSTestProject\bin\Debug\netcoreapp3.1\MSTestProject.dll" adapterTypeName="executor://mstestadapter/v2" className="TwojeWesele.Services.Helpers.Tests.CurrencyHelperTests" name="FormatToStringTest1000" />
    </UnitTest>
    <UnitTest name="FormatToStringTest1000 (22281.48592587257,22281.49 zł)" storage="c:\projekty\mstestproject\bin\debug\netcoreapp3.1\mstestproject.dll" id="bfac4411-8d7d-4ca4-9169-6eebbd0ba140">
      <TestCategory>
        <TestCategoryItem TestCategory="Category1000" />
      </TestCategory>
      <Execution id="892acd5f-a0ad-4c52-ae24-612427fba75b" />
      <TestMethod codeBase="C:\Projekty\MSTestProject\bin\Debug\netcoreapp3.1\MSTestProject.dll" adapterTypeName="executor://mstestadapter/v2" className="TwojeWesele.Services.Helpers.Tests.CurrencyHelperTests" name="FormatToStringTest1000" />
    </UnitTest>
    <UnitTest name="FormatToStringTest1000 (635.3263313632116,635.33 zł)" storage="c:\projekty\mstestproject\bin\debug\netcoreapp3.1\mstestproject.dll" id="36cb164e-008f-478f-8bc7-137d3e769ea4">
      <TestCategory>
        <TestCategoryItem TestCategory="Category1000" />
      </TestCategory>
      <Execution id="673c880e-4ff9-46a0-85c4-ba178c48fcb5" />
      <TestMethod codeBase="C:\Projekty\MSTestProject\bin\Debug\netcoreapp3.1\MSTestProject.dll" adapterTypeName="executor://mstestadapter/v2" className="TwojeWesele.Services.Helpers.Tests.CurrencyHelperTests" name="FormatToStringTest1000" />
    </UnitTest>
    <UnitTest name="FormatToStringTest1000 (4419.750844657306,4419.75 zł)" storage="c:\projekty\mstestproject\bin\debug\netcoreapp3.1\mstestproject.dll" id="287cd078-fe45-4c2f-a81f-f5d4c6902ec9">
      <TestCategory>
        <TestCategoryItem TestCategory="Category1000" />
      </TestCategory>
      <Execution id="477d42a9-4307-4ec7-89e3-d26104045078" />
      <TestMethod codeBase="C:\Projekty\MSTestProject\bin\Debug\netcoreapp3.1\MSTestProject.dll" adapterTypeName="executor://mstestadapter/v2" className="TwojeWesele.Services.Helpers.Tests.CurrencyHelperTests" name="FormatToStringTest1000" />
    </UnitTest>
    <UnitTest name="FormatToStringTest1000 (158.49784791027093,158.50 zł)" storage="c:\projekty\mstestproject\bin\debug\netcoreapp3.1\mstestproject.dll" id="5d17e8fb-0c9a-431b-948b-1c79c745609e">
      <TestCategory>
        <TestCategoryItem TestCategory="Category1000" />
      </TestCategory>
      <Execution id="dc33fb28-aeba-427d-b888-fa090c61e824" />
      <TestMethod codeBase="C:\Projekty\MSTestProject\bin\Debug\netcoreapp3.1\MSTestProject.dll" adapterTypeName="executor://mstestadapter/v2" className="TwojeWesele.Services.Helpers.Tests.CurrencyHelperTests" name="FormatToStringTest1000" />
    </UnitTest>
    <UnitTest name="FormatToStringTest1000 (75915.01943546813,75915.02 zł)" storage="c:\projekty\mstestproject\bin\debug\netcoreapp3.1\mstestproject.dll" id="913eff72-3b0a-484d-bee5-e179c1671559">
      <TestCategory>
        <TestCategoryItem TestCategory="Category1000" />
      </TestCategory>
      <Execution id="a6ed4ec1-0b5c-490d-8e16-6dcb4fc62757" />
      <TestMethod codeBase="C:\Projekty\MSTestProject\bin\Debug\netcoreapp3.1\MSTestProject.dll" adapterTypeName="executor://mstestadapter/v2" className="TwojeWesele.Services.Helpers.Tests.CurrencyHelperTests" name="FormatToStringTest1000" />
    </UnitTest>
    <UnitTest name="FormatToStringTest1000 (16819.974312979717,16819.97 zł)" storage="c:\projekty\mstestproject\bin\debug\netcoreapp3.1\mstestproject.dll" id="c45ff534-3e12-4711-981b-6a71bf26a804">
      <TestCategory>
        <TestCategoryItem TestCategory="Category1000" />
      </TestCategory>
      <Execution id="e967e559-b3cb-41c8-876d-6b7cc7fc7fa1" />
      <TestMethod codeBase="C:\Projekty\MSTestProject\bin\Debug\netcoreapp3.1\MSTestProject.dll" adapterTypeName="executor://mstestadapter/v2" className="TwojeWesele.Services.Helpers.Tests.CurrencyHelperTests" name="FormatToStringTest1000" />
    </UnitTest>
    <UnitTest name="FormatToStringTest1000 (66945.02904917022,66945.03 zł)" storage="c:\projekty\mstestproject\bin\debug\netcoreapp3.1\mstestproject.dll" id="ead7efb8-6a56-4976-9457-b8d453f79ae4">
      <TestCategory>
        <TestCategoryItem TestCategory="Category1000" />
      </TestCategory>
      <Execution id="5283b804-6aab-4ffa-9086-b9d191d8e18c" />
      <TestMethod codeBase="C:\Projekty\MSTestProject\bin\Debug\netcoreapp3.1\MSTestProject.dll" adapterTypeName="executor://mstestadapter/v2" className="TwojeWesele.Services.Helpers.Tests.CurrencyHelperTests" name="FormatToStringTest1000" />
    </UnitTest>
    <UnitTest name="FormatToStringTest1000 (16902.50568789314,16902.51 zł)" storage="c:\projekty\mstestproject\bin\debug\netcoreapp3.1\mstestproject.dll" id="5e8b0e94-7a0d-42de-b1b9-1a0c32810d65">
      <TestCategory>
        <TestCategoryItem TestCategory="Category1000" />
      </TestCategory>
      <Execution id="9bd1b60c-a7b8-4a43-a458-ba09ad4f00c2" />
      <TestMethod codeBase="C:\Projekty\MSTestProject\bin\Debug\netcoreapp3.1\MSTestProject.dll" adapterTypeName="executor://mstestadapter/v2" className="TwojeWesele.Services.Helpers.Tests.CurrencyHelperTests" name="FormatToStringTest1000" />
    </UnitTest>
    <UnitTest name="FormatToStringTest1000 (30126.012320622805,30126.01 zł)" storage="c:\projekty\mstestproject\bin\debug\netcoreapp3.1\mstestproject.dll" id="f6d88007-f080-45fc-83be-99dfbc469abf">
      <TestCategory>
        <TestCategoryItem TestCategory="Category1000" />
      </TestCategory>
      <Execution id="5746ff83-b719-4714-89e3-ff3e3af150bf" />
      <TestMethod codeBase="C:\Projekty\MSTestProject\bin\Debug\netcoreapp3.1\MSTestProject.dll" adapterTypeName="executor://mstestadapter/v2" className="TwojeWesele.Services.Helpers.Tests.CurrencyHelperTests" name="FormatToStringTest1000" />
    </UnitTest>
    <UnitTest name="FormatToStringTest1000 (44499.288016808816,44499.29 zł)" storage="c:\projekty\mstestproject\bin\debug\netcoreapp3.1\mstestproject.dll" id="867c0595-0066-461b-b56d-85ea895ec998">
      <TestCategory>
        <TestCategoryItem TestCategory="Category1000" />
      </TestCategory>
      <Execution id="ef57a908-e6f0-4e00-a113-0bd3e54b21fa" />
      <TestMethod codeBase="C:\Projekty\MSTestProject\bin\Debug\netcoreapp3.1\MSTestProject.dll" adapterTypeName="executor://mstestadapter/v2" className="TwojeWesele.Services.Helpers.Tests.CurrencyHelperTests" name="FormatToStringTest1000" />
    </UnitTest>
    <UnitTest name="FormatToStringTest1000 (7789.7136237517525,7789.71 zł)" storage="c:\projekty\mstestproject\bin\debug\netcoreapp3.1\mstestproject.dll" id="d3ae1d54-8e05-4e6e-ba62-d208f36bc725">
      <TestCategory>
        <TestCategoryItem TestCategory="Category1000" />
      </TestCategory>
      <Execution id="728a304f-21fa-4fcb-9bbe-e22307238dde" />
      <TestMethod codeBase="C:\Projekty\MSTestProject\bin\Debug\netcoreapp3.1\MSTestProject.dll" adapterTypeName="executor://mstestadapter/v2" className="TwojeWesele.Services.Helpers.Tests.CurrencyHelperTests" name="FormatToStringTest1000" />
    </UnitTest>
    <UnitTest name="FormatToStringTest1000 (27629.79121039193,27629.79 zł)" storage="c:\projekty\mstestproject\bin\debug\netcoreapp3.1\mstestproject.dll" id="bf4429e6-990f-410c-9b8f-d3d5c90e966b">
      <TestCategory>
        <TestCategoryItem TestCategory="Category1000" />
      </TestCategory>
      <Execution id="eea24d38-d035-4b55-a10f-8722e68bf36f" />
      <TestMethod codeBase="C:\Projekty\MSTestProject\bin\Debug\netcoreapp3.1\MSTestProject.dll" adapterTypeName="executor://mstestadapter/v2" className="TwojeWesele.Services.Helpers.Tests.CurrencyHelperTests" name="FormatToStringTest1000" />
    </UnitTest>
    <UnitTest name="FormatToStringTest1000 (25376.6225052097,25376.62 zł)" storage="c:\projekty\mstestproject\bin\debug\netcoreapp3.1\mstestproject.dll" id="aa10da8a-2df0-43f0-9123-466486bcfe74">
      <TestCategory>
        <TestCategoryItem TestCategory="Category1000" />
      </TestCategory>
      <Execution id="6cf60c50-b955-47ab-a3f4-9106b710a47a" />
      <TestMethod codeBase="C:\Projekty\MSTestProject\bin\Debug\netcoreapp3.1\MSTestProject.dll" adapterTypeName="executor://mstestadapter/v2" className="TwojeWesele.Services.Helpers.Tests.CurrencyHelperTests" name="FormatToStringTest1000" />
    </UnitTest>
    <UnitTest name="FormatToStringTest1000 (7813.027778348433,7813.03 zł)" storage="c:\projekty\mstestproject\bin\debug\netcoreapp3.1\mstestproject.dll" id="387a3f61-3611-4900-9be3-78c63dd53188">
      <TestCategory>
        <TestCategoryItem TestCategory="Category1000" />
      </TestCategory>
      <Execution id="cee029ec-8130-41fd-abdb-2310fcc006e2" />
      <TestMethod codeBase="C:\Projekty\MSTestProject\bin\Debug\netcoreapp3.1\MSTestProject.dll" adapterTypeName="executor://mstestadapter/v2" className="TwojeWesele.Services.Helpers.Tests.CurrencyHelperTests" name="FormatToStringTest1000" />
    </UnitTest>
    <UnitTest name="FormatToStringTest1000 (68011.49219071423,68011.49 zł)" storage="c:\projekty\mstestproject\bin\debug\netcoreapp3.1\mstestproject.dll" id="4c9c0efe-c827-4833-8b55-a59e1d2e8ba9">
      <TestCategory>
        <TestCategoryItem TestCategory="Category1000" />
      </TestCategory>
      <Execution id="4e56a28a-27ae-4cd6-8e6a-04aced0b31d6" />
      <TestMethod codeBase="C:\Projekty\MSTestProject\bin\Debug\netcoreapp3.1\MSTestProject.dll" adapterTypeName="executor://mstestadapter/v2" className="TwojeWesele.Services.Helpers.Tests.CurrencyHelperTests" name="FormatToStringTest1000" />
    </UnitTest>
    <UnitTest name="FormatToStringTest1000 (35.34471716840971,35.34 zł)" storage="c:\projekty\mstestproject\bin\debug\netcoreapp3.1\mstestproject.dll" id="1d6de5ca-bdae-44ea-8053-cce7d73bfa67">
      <TestCategory>
        <TestCategoryItem TestCategory="Category1000" />
      </TestCategory>
      <Execution id="3efb9e80-ae3c-4d07-8801-218b68bd252c" />
      <TestMethod codeBase="C:\Projekty\MSTestProject\bin\Debug\netcoreapp3.1\MSTestProject.dll" adapterTypeName="executor://mstestadapter/v2" className="TwojeWesele.Services.Helpers.Tests.CurrencyHelperTests" name="FormatToStringTest1000" />
    </UnitTest>
    <UnitTest name="FormatToStringTest1000 (64490.52771614982,64490.53 zł)" storage="c:\projekty\mstestproject\bin\debug\netcoreapp3.1\mstestproject.dll" id="904b3266-0c92-4b1e-bddc-2e823cd0cc75">
      <TestCategory>
        <TestCategoryItem TestCategory="Category1000" />
      </TestCategory>
      <Execution id="9785ca30-b631-44f4-b5d3-c059f069efa9" />
      <TestMethod codeBase="C:\Projekty\MSTestProject\bin\Debug\netcoreapp3.1\MSTestProject.dll" adapterTypeName="executor://mstestadapter/v2" className="TwojeWesele.Services.Helpers.Tests.CurrencyHelperTests" name="FormatToStringTest1000" />
    </UnitTest>
    <UnitTest name="FormatToStringTest1000 (57436.33241095409,57436.33 zł)" storage="c:\projekty\mstestproject\bin\debug\netcoreapp3.1\mstestproject.dll" id="64eb9442-8274-4444-a06c-81cdcb9561af">
      <TestCategory>
        <TestCategoryItem TestCategory="Category1000" />
      </TestCategory>
      <Execution id="07d8c791-8f69-403b-a056-f8799c2aac26" />
      <TestMethod codeBase="C:\Projekty\MSTestProject\bin\Debug\netcoreapp3.1\MSTestProject.dll" adapterTypeName="executor://mstestadapter/v2" className="TwojeWesele.Services.Helpers.Tests.CurrencyHelperTests" name="FormatToStringTest1000" />
    </UnitTest>
    <UnitTest name="FormatToStringTest1000 (1896.1704506483723,1896.17 zł)" storage="c:\projekty\mstestproject\bin\debug\netcoreapp3.1\mstestproject.dll" id="1d7012b3-024a-48fe-a67f-6579e3ca9a63">
      <TestCategory>
        <TestCategoryItem TestCategory="Category1000" />
      </TestCategory>
      <Execution id="c5d5ce93-04ad-4fe0-946d-8ba3e0895af7" />
      <TestMethod codeBase="C:\Projekty\MSTestProject\bin\Debug\netcoreapp3.1\MSTestProject.dll" adapterTypeName="executor://mstestadapter/v2" className="TwojeWesele.Services.Helpers.Tests.CurrencyHelperTests" name="FormatToStringTest1000" />
    </UnitTest>
    <UnitTest name="FormatToStringTest1000 (20623.53139885493,20623.53 zł)" storage="c:\projekty\mstestproject\bin\debug\netcoreapp3.1\mstestproject.dll" id="c8a6c9f3-174a-45fd-88fb-c5d7c2fb7e69">
      <TestCategory>
        <TestCategoryItem TestCategory="Category1000" />
      </TestCategory>
      <Execution id="bda82709-6823-4062-94b4-dc5855a5587e" />
      <TestMethod codeBase="C:\Projekty\MSTestProject\bin\Debug\netcoreapp3.1\MSTestProject.dll" adapterTypeName="executor://mstestadapter/v2" className="TwojeWesele.Services.Helpers.Tests.CurrencyHelperTests" name="FormatToStringTest1000" />
    </UnitTest>
    <UnitTest name="FormatToStringTest1000 (10857.521742201186,10857.52 zł)" storage="c:\projekty\mstestproject\bin\debug\netcoreapp3.1\mstestproject.dll" id="4fe7eef4-72e1-4c6b-9582-fb5e9e46f9e6">
      <TestCategory>
        <TestCategoryItem TestCategory="Category1000" />
      </TestCategory>
      <Execution id="c9909c8b-b15b-4796-b0dc-e6596150c4f6" />
      <TestMethod codeBase="C:\Projekty\MSTestProject\bin\Debug\netcoreapp3.1\MSTestProject.dll" adapterTypeName="executor://mstestadapter/v2" className="TwojeWesele.Services.Helpers.Tests.CurrencyHelperTests" name="FormatToStringTest1000" />
    </UnitTest>
    <UnitTest name="FormatToStringTest1000 (36969.98585167247,36969.99 zł)" storage="c:\projekty\mstestproject\bin\debug\netcoreapp3.1\mstestproject.dll" id="24485178-1939-40b7-9e74-efceffcc444e">
      <TestCategory>
        <TestCategoryItem TestCategory="Category1000" />
      </TestCategory>
      <Execution id="76016198-8fce-4342-9309-6a10576f0445" />
      <TestMethod codeBase="C:\Projekty\MSTestProject\bin\Debug\netcoreapp3.1\MSTestProject.dll" adapterTypeName="executor://mstestadapter/v2" className="TwojeWesele.Services.Helpers.Tests.CurrencyHelperTests" name="FormatToStringTest1000" />
    </UnitTest>
    <UnitTest name="FormatToStringTest1000 (19796.212103914568,19796.21 zł)" storage="c:\projekty\mstestproject\bin\debug\netcoreapp3.1\mstestproject.dll" id="007231ba-9598-4da5-a91a-ecaccd0fa9e0">
      <TestCategory>
        <TestCategoryItem TestCategory="Category1000" />
      </TestCategory>
      <Execution id="cb4c0181-8dc9-45bf-8fb6-5bc78d8c20e1" />
      <TestMethod codeBase="C:\Projekty\MSTestProject\bin\Debug\netcoreapp3.1\MSTestProject.dll" adapterTypeName="executor://mstestadapter/v2" className="TwojeWesele.Services.Helpers.Tests.CurrencyHelperTests" name="FormatToStringTest1000" />
    </UnitTest>
    <UnitTest name="FormatToStringTest1000 (6752.510462437062,6752.51 zł)" storage="c:\projekty\mstestproject\bin\debug\netcoreapp3.1\mstestproject.dll" id="b83c75f6-d503-4378-9bc5-1d8c44a2d123">
      <TestCategory>
        <TestCategoryItem TestCategory="Category1000" />
      </TestCategory>
      <Execution id="b64864d5-3f0d-4e42-95bb-a6ba7187d2a4" />
      <TestMethod codeBase="C:\Projekty\MSTestProject\bin\Debug\netcoreapp3.1\MSTestProject.dll" adapterTypeName="executor://mstestadapter/v2" className="TwojeWesele.Services.Helpers.Tests.CurrencyHelperTests" name="FormatToStringTest1000" />
    </UnitTest>
    <UnitTest name="FormatToStringTest1000 (27506.397047390416,27506.40 zł)" storage="c:\projekty\mstestproject\bin\debug\netcoreapp3.1\mstestproject.dll" id="f7666e56-aeac-4feb-8af9-5eb3e28fcb2f">
      <TestCategory>
        <TestCategoryItem TestCategory="Category1000" />
      </TestCategory>
      <Execution id="4a1d27f6-64fb-457b-a345-32eb9d203cc6" />
      <TestMethod codeBase="C:\Projekty\MSTestProject\bin\Debug\netcoreapp3.1\MSTestProject.dll" adapterTypeName="executor://mstestadapter/v2" className="TwojeWesele.Services.Helpers.Tests.CurrencyHelperTests" name="FormatToStringTest1000" />
    </UnitTest>
    <UnitTest name="FormatToStringTest1000 (2751.3751475258614,2751.38 zł)" storage="c:\projekty\mstestproject\bin\debug\netcoreapp3.1\mstestproject.dll" id="3e238695-137d-46f6-b5b6-54b8803cd1d7">
      <TestCategory>
        <TestCategoryItem TestCategory="Category1000" />
      </TestCategory>
      <Execution id="1a6e464c-a9fa-45da-9206-1d87420534d0" />
      <TestMethod codeBase="C:\Projekty\MSTestProject\bin\Debug\netcoreapp3.1\MSTestProject.dll" adapterTypeName="executor://mstestadapter/v2" className="TwojeWesele.Services.Helpers.Tests.CurrencyHelperTests" name="FormatToStringTest1000" />
    </UnitTest>
    <UnitTest name="FormatToStringTest1000 (39178.05988345298,39178.06 zł)" storage="c:\projekty\mstestproject\bin\debug\netcoreapp3.1\mstestproject.dll" id="7ac319a1-46bc-47e3-b56d-c02c292bd20b">
      <TestCategory>
        <TestCategoryItem TestCategory="Category1000" />
      </TestCategory>
      <Execution id="786a0315-b27d-4344-80c4-fba6c4319310" />
      <TestMethod codeBase="C:\Projekty\MSTestProject\bin\Debug\netcoreapp3.1\MSTestProject.dll" adapterTypeName="executor://mstestadapter/v2" className="TwojeWesele.Services.Helpers.Tests.CurrencyHelperTests" name="FormatToStringTest1000" />
    </UnitTest>
    <UnitTest name="FormatToStringTest1000 (2718.1767171650085,2718.18 zł)" storage="c:\projekty\mstestproject\bin\debug\netcoreapp3.1\mstestproject.dll" id="2fcd2eea-d78a-476c-889a-e58e0abc6093">
      <TestCategory>
        <TestCategoryItem TestCategory="Category1000" />
      </TestCategory>
      <Execution id="7dcd5c31-cf96-40f4-b5f8-f852a8dd1f0e" />
      <TestMethod codeBase="C:\Projekty\MSTestProject\bin\Debug\netcoreapp3.1\MSTestProject.dll" adapterTypeName="executor://mstestadapter/v2" className="TwojeWesele.Services.Helpers.Tests.CurrencyHelperTests" name="FormatToStringTest1000" />
    </UnitTest>
    <UnitTest name="FormatToStringTest1000 (59247.898931587064,59247.90 zł)" storage="c:\projekty\mstestproject\bin\debug\netcoreapp3.1\mstestproject.dll" id="1462cbc1-109a-4703-99e5-436b162c50ba">
      <TestCategory>
        <TestCategoryItem TestCategory="Category1000" />
      </TestCategory>
      <Execution id="81fbe8be-2461-46a0-9ba0-f23d19a3c057" />
      <TestMethod codeBase="C:\Projekty\MSTestProject\bin\Debug\netcoreapp3.1\MSTestProject.dll" adapterTypeName="executor://mstestadapter/v2" className="TwojeWesele.Services.Helpers.Tests.CurrencyHelperTests" name="FormatToStringTest1000" />
    </UnitTest>
    <UnitTest name="FormatToStringTest1000 (2835.0728237931958,2835.07 zł)" storage="c:\projekty\mstestproject\bin\debug\netcoreapp3.1\mstestproject.dll" id="4c895aaa-876c-4ec5-9f0d-0dff83ac21a4">
      <TestCategory>
        <TestCategoryItem TestCategory="Category1000" />
      </TestCategory>
      <Execution id="74437251-dc9c-4c97-bece-b3255e2c6574" />
      <TestMethod codeBase="C:\Projekty\MSTestProject\bin\Debug\netcoreapp3.1\MSTestProject.dll" adapterTypeName="executor://mstestadapter/v2" className="TwojeWesele.Services.Helpers.Tests.CurrencyHelperTests" name="FormatToStringTest1000" />
    </UnitTest>
    <UnitTest name="FormatToStringTest1000 (7891.960478953067,7891.96 zł)" storage="c:\projekty\mstestproject\bin\debug\netcoreapp3.1\mstestproject.dll" id="b05b2d48-5d7b-4df2-a228-508eb69aac5c">
      <TestCategory>
        <TestCategoryItem TestCategory="Category1000" />
      </TestCategory>
      <Execution id="62c9312f-a675-49d5-b69c-b310286ccb9c" />
      <TestMethod codeBase="C:\Projekty\MSTestProject\bin\Debug\netcoreapp3.1\MSTestProject.dll" adapterTypeName="executor://mstestadapter/v2" className="TwojeWesele.Services.Helpers.Tests.CurrencyHelperTests" name="FormatToStringTest1000" />
    </UnitTest>
    <UnitTest name="FormatToStringTest1000 (12118.31777677048,12118.32 zł)" storage="c:\projekty\mstestproject\bin\debug\netcoreapp3.1\mstestproject.dll" id="486b7cdf-f9d8-4980-85e7-4af9e4bb3c96">
      <TestCategory>
        <TestCategoryItem TestCategory="Category1000" />
      </TestCategory>
      <Execution id="05b2161f-bac2-4b8a-8d37-b4746a884811" />
      <TestMethod codeBase="C:\Projekty\MSTestProject\bin\Debug\netcoreapp3.1\MSTestProject.dll" adapterTypeName="executor://mstestadapter/v2" className="TwojeWesele.Services.Helpers.Tests.CurrencyHelperTests" name="FormatToStringTest1000" />
    </UnitTest>
    <UnitTest name="FormatToStringTest1000 (33970.38965150639,33970.39 zł)" storage="c:\projekty\mstestproject\bin\debug\netcoreapp3.1\mstestproject.dll" id="9aebed6f-5172-4541-ad3a-6351ae8acd8f">
      <TestCategory>
        <TestCategoryItem TestCategory="Category1000" />
      </TestCategory>
      <Execution id="ffe58020-64f0-4011-b606-adb331605962" />
      <TestMethod codeBase="C:\Projekty\MSTestProject\bin\Debug\netcoreapp3.1\MSTestProject.dll" adapterTypeName="executor://mstestadapter/v2" className="TwojeWesele.Services.Helpers.Tests.CurrencyHelperTests" name="FormatToStringTest1000" />
    </UnitTest>
    <UnitTest name="FormatToStringTest1000 (12903.541202012237,12903.54 zł)" storage="c:\projekty\mstestproject\bin\debug\netcoreapp3.1\mstestproject.dll" id="812d610d-8cc2-489f-9e4b-adb5b9bbf20c">
      <TestCategory>
        <TestCategoryItem TestCategory="Category1000" />
      </TestCategory>
      <Execution id="07c50df1-41b3-46fa-9cc0-0662ffe2a478" />
      <TestMethod codeBase="C:\Projekty\MSTestProject\bin\Debug\netcoreapp3.1\MSTestProject.dll" adapterTypeName="executor://mstestadapter/v2" className="TwojeWesele.Services.Helpers.Tests.CurrencyHelperTests" name="FormatToStringTest1000" />
    </UnitTest>
    <UnitTest name="FormatToStringTest1000 (54578.37303904275,54578.37 zł)" storage="c:\projekty\mstestproject\bin\debug\netcoreapp3.1\mstestproject.dll" id="64829156-ede0-4d4d-800d-53025328c600">
      <TestCategory>
        <TestCategoryItem TestCategory="Category1000" />
      </TestCategory>
      <Execution id="f7bcface-933b-4c1d-a137-7f0d217290c3" />
      <TestMethod codeBase="C:\Projekty\MSTestProject\bin\Debug\netcoreapp3.1\MSTestProject.dll" adapterTypeName="executor://mstestadapter/v2" className="TwojeWesele.Services.Helpers.Tests.CurrencyHelperTests" name="FormatToStringTest1000" />
    </UnitTest>
    <UnitTest name="FormatToStringTest1000 (4669.392596858271,4669.39 zł)" storage="c:\projekty\mstestproject\bin\debug\netcoreapp3.1\mstestproject.dll" id="fdeca50f-8d12-467e-a2f4-83d12e8e6a00">
      <TestCategory>
        <TestCategoryItem TestCategory="Category1000" />
      </TestCategory>
      <Execution id="309687d2-9b26-4991-89c7-8f1403e57979" />
      <TestMethod codeBase="C:\Projekty\MSTestProject\bin\Debug\netcoreapp3.1\MSTestProject.dll" adapterTypeName="executor://mstestadapter/v2" className="TwojeWesele.Services.Helpers.Tests.CurrencyHelperTests" name="FormatToStringTest1000" />
    </UnitTest>
    <UnitTest name="FormatToStringTest1000 (2975.6892256134606,2975.69 zł)" storage="c:\projekty\mstestproject\bin\debug\netcoreapp3.1\mstestproject.dll" id="bfca6dbb-2755-4c22-8c82-de514b14138f">
      <TestCategory>
        <TestCategoryItem TestCategory="Category1000" />
      </TestCategory>
      <Execution id="f5386835-9500-4845-b3dd-a17c012368cf" />
      <TestMethod codeBase="C:\Projekty\MSTestProject\bin\Debug\netcoreapp3.1\MSTestProject.dll" adapterTypeName="executor://mstestadapter/v2" className="TwojeWesele.Services.Helpers.Tests.CurrencyHelperTests" name="FormatToStringTest1000" />
    </UnitTest>
    <UnitTest name="FormatToStringTest1000 (16210.791556035536,16210.79 zł)" storage="c:\projekty\mstestproject\bin\debug\netcoreapp3.1\mstestproject.dll" id="acf5cd42-6f00-40dd-9c5b-0580f9fb1185">
      <TestCategory>
        <TestCategoryItem TestCategory="Category1000" />
      </TestCategory>
      <Execution id="45501491-4948-4400-8570-e4e5b93226b5" />
      <TestMethod codeBase="C:\Projekty\MSTestProject\bin\Debug\netcoreapp3.1\MSTestProject.dll" adapterTypeName="executor://mstestadapter/v2" className="TwojeWesele.Services.Helpers.Tests.CurrencyHelperTests" name="FormatToStringTest1000" />
    </UnitTest>
    <UnitTest name="FormatToStringTest1000 (4823.904478896365,4823.90 zł)" storage="c:\projekty\mstestproject\bin\debug\netcoreapp3.1\mstestproject.dll" id="0788fe13-75c9-4f69-a5c8-c607578ecd4c">
      <TestCategory>
        <TestCategoryItem TestCategory="Category1000" />
      </TestCategory>
      <Execution id="f5453fee-6f8a-44c7-852d-5974f0d8cc13" />
      <TestMethod codeBase="C:\Projekty\MSTestProject\bin\Debug\netcoreapp3.1\MSTestProject.dll" adapterTypeName="executor://mstestadapter/v2" className="TwojeWesele.Services.Helpers.Tests.CurrencyHelperTests" name="FormatToStringTest1000" />
    </UnitTest>
    <UnitTest name="FormatToStringTest1000 (63507.32603545455,63507.33 zł)" storage="c:\projekty\mstestproject\bin\debug\netcoreapp3.1\mstestproject.dll" id="72b4f0b8-a512-4e34-b796-5e9c8d670df6">
      <TestCategory>
        <TestCategoryItem TestCategory="Category1000" />
      </TestCategory>
      <Execution id="7fb1baca-501f-473d-8002-748d7ae5b12a" />
      <TestMethod codeBase="C:\Projekty\MSTestProject\bin\Debug\netcoreapp3.1\MSTestProject.dll" adapterTypeName="executor://mstestadapter/v2" className="TwojeWesele.Services.Helpers.Tests.CurrencyHelperTests" name="FormatToStringTest1000" />
    </UnitTest>
    <UnitTest name="FormatToStringTest1000 (11904.111251175456,11904.11 zł)" storage="c:\projekty\mstestproject\bin\debug\netcoreapp3.1\mstestproject.dll" id="598138d7-c009-45d9-8a6d-c56d92d478d4">
      <TestCategory>
        <TestCategoryItem TestCategory="Category1000" />
      </TestCategory>
      <Execution id="e6026668-ba42-4543-b40c-94430155045c" />
      <TestMethod codeBase="C:\Projekty\MSTestProject\bin\Debug\netcoreapp3.1\MSTestProject.dll" adapterTypeName="executor://mstestadapter/v2" className="TwojeWesele.Services.Helpers.Tests.CurrencyHelperTests" name="FormatToStringTest1000" />
    </UnitTest>
    <UnitTest name="FormatToStringTest1000 (28455.229970996843,28455.23 zł)" storage="c:\projekty\mstestproject\bin\debug\netcoreapp3.1\mstestproject.dll" id="79d0f5ea-740c-49a6-9b34-30e368888768">
      <TestCategory>
        <TestCategoryItem TestCategory="Category1000" />
      </TestCategory>
      <Execution id="3c7136f7-6c4b-4b3c-a9c8-19eb8ad337b6" />
      <TestMethod codeBase="C:\Projekty\MSTestProject\bin\Debug\netcoreapp3.1\MSTestProject.dll" adapterTypeName="executor://mstestadapter/v2" className="TwojeWesele.Services.Helpers.Tests.CurrencyHelperTests" name="FormatToStringTest1000" />
    </UnitTest>
    <UnitTest name="FormatToStringTest1000 (32821.05661472215,32821.06 zł)" storage="c:\projekty\mstestproject\bin\debug\netcoreapp3.1\mstestproject.dll" id="478b024f-9fbe-4e81-a857-f362d81ed292">
      <TestCategory>
        <TestCategoryItem TestCategory="Category1000" />
      </TestCategory>
      <Execution id="cba6237d-e833-4c13-98d4-a4bdf2e522e7" />
      <TestMethod codeBase="C:\Projekty\MSTestProject\bin\Debug\netcoreapp3.1\MSTestProject.dll" adapterTypeName="executor://mstestadapter/v2" className="TwojeWesele.Services.Helpers.Tests.CurrencyHelperTests" name="FormatToStringTest1000" />
    </UnitTest>
    <UnitTest name="FormatToStringTest1000 (4648.492795337221,4648.49 zł)" storage="c:\projekty\mstestproject\bin\debug\netcoreapp3.1\mstestproject.dll" id="89682794-fb12-41c5-9a7a-af7cd7576c10">
      <TestCategory>
        <TestCategoryItem TestCategory="Category1000" />
      </TestCategory>
      <Execution id="9f7c6128-bba6-4b9d-b90c-b27eaebb5d69" />
      <TestMethod codeBase="C:\Projekty\MSTestProject\bin\Debug\netcoreapp3.1\MSTestProject.dll" adapterTypeName="executor://mstestadapter/v2" className="TwojeWesele.Services.Helpers.Tests.CurrencyHelperTests" name="FormatToStringTest1000" />
    </UnitTest>
    <UnitTest name="FormatToStringTest1000 (7050.437505805137,7050.44 zł)" storage="c:\projekty\mstestproject\bin\debug\netcoreapp3.1\mstestproject.dll" id="2c360ece-de11-4317-bf09-65ca7e7087c1">
      <TestCategory>
        <TestCategoryItem TestCategory="Category1000" />
      </TestCategory>
      <Execution id="88abbff2-47e5-442e-81d0-c1d54b4751dc" />
      <TestMethod codeBase="C:\Projekty\MSTestProject\bin\Debug\netcoreapp3.1\MSTestProject.dll" adapterTypeName="executor://mstestadapter/v2" className="TwojeWesele.Services.Helpers.Tests.CurrencyHelperTests" name="FormatToStringTest1000" />
    </UnitTest>
    <UnitTest name="FormatToStringTest1000 (65947.64520381515,65947.65 zł)" storage="c:\projekty\mstestproject\bin\debug\netcoreapp3.1\mstestproject.dll" id="98181218-3487-4e71-abac-557e476562b6">
      <TestCategory>
        <TestCategoryItem TestCategory="Category1000" />
      </TestCategory>
      <Execution id="bc9fb629-2444-4eb0-a7dd-0d6c129b7a44" />
      <TestMethod codeBase="C:\Projekty\MSTestProject\bin\Debug\netcoreapp3.1\MSTestProject.dll" adapterTypeName="executor://mstestadapter/v2" className="TwojeWesele.Services.Helpers.Tests.CurrencyHelperTests" name="FormatToStringTest1000" />
    </UnitTest>
    <UnitTest name="FormatToStringTest1000 (47431.868885526375,47431.87 zł)" storage="c:\projekty\mstestproject\bin\debug\netcoreapp3.1\mstestproject.dll" id="0d3bc408-215f-49a0-80c2-e0bebd9b0a48">
      <TestCategory>
        <TestCategoryItem TestCategory="Category1000" />
      </TestCategory>
      <Execution id="aedb072f-8599-43b1-99a2-5b4cecd78167" />
      <TestMethod codeBase="C:\Projekty\MSTestProject\bin\Debug\netcoreapp3.1\MSTestProject.dll" adapterTypeName="executor://mstestadapter/v2" className="TwojeWesele.Services.Helpers.Tests.CurrencyHelperTests" name="FormatToStringTest1000" />
    </UnitTest>
    <UnitTest name="FormatToStringTest1000 (19609.759296997803,19609.76 zł)" storage="c:\projekty\mstestproject\bin\debug\netcoreapp3.1\mstestproject.dll" id="4b4d79b6-2325-4bec-8697-748290746fcc">
      <TestCategory>
        <TestCategoryItem TestCategory="Category1000" />
      </TestCategory>
      <Execution id="2274bf4a-70a4-416b-84d3-303a5b74945f" />
      <TestMethod codeBase="C:\Projekty\MSTestProject\bin\Debug\netcoreapp3.1\MSTestProject.dll" adapterTypeName="executor://mstestadapter/v2" className="TwojeWesele.Services.Helpers.Tests.CurrencyHelperTests" name="FormatToStringTest1000" />
    </UnitTest>
    <UnitTest name="FormatToStringTest1000 (19392.945535027862,19392.95 zł)" storage="c:\projekty\mstestproject\bin\debug\netcoreapp3.1\mstestproject.dll" id="41e089eb-abb2-4e40-b71d-5276faf42aa2">
      <TestCategory>
        <TestCategoryItem TestCategory="Category1000" />
      </TestCategory>
      <Execution id="37815398-d494-4a63-8ea9-070ef1feed66" />
      <TestMethod codeBase="C:\Projekty\MSTestProject\bin\Debug\netcoreapp3.1\MSTestProject.dll" adapterTypeName="executor://mstestadapter/v2" className="TwojeWesele.Services.Helpers.Tests.CurrencyHelperTests" name="FormatToStringTest1000" />
    </UnitTest>
    <UnitTest name="FormatToStringTest1000 (34242.181005260056,34242.18 zł)" storage="c:\projekty\mstestproject\bin\debug\netcoreapp3.1\mstestproject.dll" id="c9ebdebe-6930-4536-8d62-435ae6fea452">
      <TestCategory>
        <TestCategoryItem TestCategory="Category1000" />
      </TestCategory>
      <Execution id="2e01ea2f-7016-46e2-881c-eaa4e2b13b72" />
      <TestMethod codeBase="C:\Projekty\MSTestProject\bin\Debug\netcoreapp3.1\MSTestProject.dll" adapterTypeName="executor://mstestadapter/v2" className="TwojeWesele.Services.Helpers.Tests.CurrencyHelperTests" name="FormatToStringTest1000" />
    </UnitTest>
    <UnitTest name="FormatToStringTest1000 (16030.852371789913,16030.85 zł)" storage="c:\projekty\mstestproject\bin\debug\netcoreapp3.1\mstestproject.dll" id="7eff5b80-48d3-4e8d-a1ce-e6db3fa41a88">
      <TestCategory>
        <TestCategoryItem TestCategory="Category1000" />
      </TestCategory>
      <Execution id="fd9b4988-3595-4776-ab0f-bcf482f89997" />
      <TestMethod codeBase="C:\Projekty\MSTestProject\bin\Debug\netcoreapp3.1\MSTestProject.dll" adapterTypeName="executor://mstestadapter/v2" className="TwojeWesele.Services.Helpers.Tests.CurrencyHelperTests" name="FormatToStringTest1000" />
    </UnitTest>
    <UnitTest name="FormatToStringTest1000 (317.9090540706688,317.91 zł)" storage="c:\projekty\mstestproject\bin\debug\netcoreapp3.1\mstestproject.dll" id="3c7e31c8-6589-46b7-8a69-8faab23dad2e">
      <TestCategory>
        <TestCategoryItem TestCategory="Category1000" />
      </TestCategory>
      <Execution id="55ba5cc3-8c02-4579-a945-9d6153f88874" />
      <TestMethod codeBase="C:\Projekty\MSTestProject\bin\Debug\netcoreapp3.1\MSTestProject.dll" adapterTypeName="executor://mstestadapter/v2" className="TwojeWesele.Services.Helpers.Tests.CurrencyHelperTests" name="FormatToStringTest1000" />
    </UnitTest>
    <UnitTest name="FormatToStringTest1000 (36651.05802063414,36651.06 zł)" storage="c:\projekty\mstestproject\bin\debug\netcoreapp3.1\mstestproject.dll" id="5429ef82-4be3-4d30-851a-009f4496395c">
      <TestCategory>
        <TestCategoryItem TestCategory="Category1000" />
      </TestCategory>
      <Execution id="81a9fadd-f9c1-4d34-b34e-bd2c8de88d3e" />
      <TestMethod codeBase="C:\Projekty\MSTestProject\bin\Debug\netcoreapp3.1\MSTestProject.dll" adapterTypeName="executor://mstestadapter/v2" className="TwojeWesele.Services.Helpers.Tests.CurrencyHelperTests" name="FormatToStringTest1000" />
    </UnitTest>
    <UnitTest name="FormatToStringTest1000 (115.26302841131717,115.26 zł)" storage="c:\projekty\mstestproject\bin\debug\netcoreapp3.1\mstestproject.dll" id="56f1a078-3792-41b5-b193-0b1a4181b629">
      <TestCategory>
        <TestCategoryItem TestCategory="Category1000" />
      </TestCategory>
      <Execution id="6ddff5e0-1e5f-4a1d-b198-a14a9e805684" />
      <TestMethod codeBase="C:\Projekty\MSTestProject\bin\Debug\netcoreapp3.1\MSTestProject.dll" adapterTypeName="executor://mstestadapter/v2" className="TwojeWesele.Services.Helpers.Tests.CurrencyHelperTests" name="FormatToStringTest1000" />
    </UnitTest>
    <UnitTest name="FormatToStringTest1000 (72659.37876478041,72659.38 zł)" storage="c:\projekty\mstestproject\bin\debug\netcoreapp3.1\mstestproject.dll" id="273390a2-d4f6-4792-8373-f3ef1483ac0d">
      <TestCategory>
        <TestCategoryItem TestCategory="Category1000" />
      </TestCategory>
      <Execution id="e580ca6e-31e8-46ef-b348-ec449d1a9e81" />
      <TestMethod codeBase="C:\Projekty\MSTestProject\bin\Debug\netcoreapp3.1\MSTestProject.dll" adapterTypeName="executor://mstestadapter/v2" className="TwojeWesele.Services.Helpers.Tests.CurrencyHelperTests" name="FormatToStringTest1000" />
    </UnitTest>
    <UnitTest name="FormatToStringTest1000 (20737.251994218328,20737.25 zł)" storage="c:\projekty\mstestproject\bin\debug\netcoreapp3.1\mstestproject.dll" id="6f00dfdc-f5f1-4be7-ba97-48709e0e991b">
      <TestCategory>
        <TestCategoryItem TestCategory="Category1000" />
      </TestCategory>
      <Execution id="765f4fb4-c680-4753-b1ce-1b42e805c4d9" />
      <TestMethod codeBase="C:\Projekty\MSTestProject\bin\Debug\netcoreapp3.1\MSTestProject.dll" adapterTypeName="executor://mstestadapter/v2" className="TwojeWesele.Services.Helpers.Tests.CurrencyHelperTests" name="FormatToStringTest1000" />
    </UnitTest>
    <UnitTest name="FormatToStringTest1000 (17252.06220983903,17252.06 zł)" storage="c:\projekty\mstestproject\bin\debug\netcoreapp3.1\mstestproject.dll" id="bbf7990d-8d6c-4739-91cb-f645a792d19a">
      <TestCategory>
        <TestCategoryItem TestCategory="Category1000" />
      </TestCategory>
      <Execution id="b86f8b25-f397-4643-9eac-eb4ddbf5f3c4" />
      <TestMethod codeBase="C:\Projekty\MSTestProject\bin\Debug\netcoreapp3.1\MSTestProject.dll" adapterTypeName="executor://mstestadapter/v2" className="TwojeWesele.Services.Helpers.Tests.CurrencyHelperTests" name="FormatToStringTest1000" />
    </UnitTest>
    <UnitTest name="FormatToStringTest1000 (22557.09603308099,22557.10 zł)" storage="c:\projekty\mstestproject\bin\debug\netcoreapp3.1\mstestproject.dll" id="24a430a1-714c-4c6a-a46f-c52a87e8b3a1">
      <TestCategory>
        <TestCategoryItem TestCategory="Category1000" />
      </TestCategory>
      <Execution id="6713c994-2fa4-44c3-a7c3-2c7e0297cee6" />
      <TestMethod codeBase="C:\Projekty\MSTestProject\bin\Debug\netcoreapp3.1\MSTestProject.dll" adapterTypeName="executor://mstestadapter/v2" className="TwojeWesele.Services.Helpers.Tests.CurrencyHelperTests" name="FormatToStringTest1000" />
    </UnitTest>
    <UnitTest name="FormatToStringTest1000 (39146.635743126564,39146.64 zł)" storage="c:\projekty\mstestproject\bin\debug\netcoreapp3.1\mstestproject.dll" id="02be809e-2b5d-4e3a-abaa-35b9cfb1d783">
      <TestCategory>
        <TestCategoryItem TestCategory="Category1000" />
      </TestCategory>
      <Execution id="1ca7fa5b-4ed5-4b4b-b638-a599204f8d46" />
      <TestMethod codeBase="C:\Projekty\MSTestProject\bin\Debug\netcoreapp3.1\MSTestProject.dll" adapterTypeName="executor://mstestadapter/v2" className="TwojeWesele.Services.Helpers.Tests.CurrencyHelperTests" name="FormatToStringTest1000" />
    </UnitTest>
    <UnitTest name="FormatToStringTest1000 (64887.45559046951,64887.46 zł)" storage="c:\projekty\mstestproject\bin\debug\netcoreapp3.1\mstestproject.dll" id="491080f6-2f5e-4481-be3f-1ed97c360aaa">
      <TestCategory>
        <TestCategoryItem TestCategory="Category1000" />
      </TestCategory>
      <Execution id="76d91b6c-9ed4-4b2d-9030-7317e8f31bee" />
      <TestMethod codeBase="C:\Projekty\MSTestProject\bin\Debug\netcoreapp3.1\MSTestProject.dll" adapterTypeName="executor://mstestadapter/v2" className="TwojeWesele.Services.Helpers.Tests.CurrencyHelperTests" name="FormatToStringTest1000" />
    </UnitTest>
    <UnitTest name="FormatToStringTest1000 (3270.482477338743,3270.48 zł)" storage="c:\projekty\mstestproject\bin\debug\netcoreapp3.1\mstestproject.dll" id="5c522927-0192-4028-9430-da753f46765c">
      <TestCategory>
        <TestCategoryItem TestCategory="Category1000" />
      </TestCategory>
      <Execution id="6b2960ab-f206-4dab-b412-e388b76b298c" />
      <TestMethod codeBase="C:\Projekty\MSTestProject\bin\Debug\netcoreapp3.1\MSTestProject.dll" adapterTypeName="executor://mstestadapter/v2" className="TwojeWesele.Services.Helpers.Tests.CurrencyHelperTests" name="FormatToStringTest1000" />
    </UnitTest>
    <UnitTest name="FormatToStringTest1000 (13092.45389243609,13092.45 zł)" storage="c:\projekty\mstestproject\bin\debug\netcoreapp3.1\mstestproject.dll" id="a8de5653-0870-476f-9baf-e8214f4c8998">
      <TestCategory>
        <TestCategoryItem TestCategory="Category1000" />
      </TestCategory>
      <Execution id="e8253cb9-67e3-44e2-80d6-b416b7df7c9f" />
      <TestMethod codeBase="C:\Projekty\MSTestProject\bin\Debug\netcoreapp3.1\MSTestProject.dll" adapterTypeName="executor://mstestadapter/v2" className="TwojeWesele.Services.Helpers.Tests.CurrencyHelperTests" name="FormatToStringTest1000" />
    </UnitTest>
    <UnitTest name="FormatToStringTest1000 (34951.47290410077,34951.47 zł)" storage="c:\projekty\mstestproject\bin\debug\netcoreapp3.1\mstestproject.dll" id="2dc915c8-5e22-45df-a353-87c343c97da0">
      <TestCategory>
        <TestCategoryItem TestCategory="Category1000" />
      </TestCategory>
      <Execution id="428a12f9-789d-4eb8-bb59-92f59469f807" />
      <TestMethod codeBase="C:\Projekty\MSTestProject\bin\Debug\netcoreapp3.1\MSTestProject.dll" adapterTypeName="executor://mstestadapter/v2" className="TwojeWesele.Services.Helpers.Tests.CurrencyHelperTests" name="FormatToStringTest1000" />
    </UnitTest>
    <UnitTest name="FormatToStringTest1000 (23023.74724929768,23023.75 zł)" storage="c:\projekty\mstestproject\bin\debug\netcoreapp3.1\mstestproject.dll" id="c4c5b38e-87c7-431a-b563-b7d78d4a85d7">
      <TestCategory>
        <TestCategoryItem TestCategory="Category1000" />
      </TestCategory>
      <Execution id="98f0f08d-44d2-48a8-abc3-f46647dafce4" />
      <TestMethod codeBase="C:\Projekty\MSTestProject\bin\Debug\netcoreapp3.1\MSTestProject.dll" adapterTypeName="executor://mstestadapter/v2" className="TwojeWesele.Services.Helpers.Tests.CurrencyHelperTests" name="FormatToStringTest1000" />
    </UnitTest>
    <UnitTest name="FormatToStringTest1000 (20249.56614074277,20249.57 zł)" storage="c:\projekty\mstestproject\bin\debug\netcoreapp3.1\mstestproject.dll" id="ed0012cf-193e-475c-bf2d-b93d36f6604c">
      <TestCategory>
        <TestCategoryItem TestCategory="Category1000" />
      </TestCategory>
      <Execution id="691276a1-778b-4ce9-8ab0-42533293bab6" />
      <TestMethod codeBase="C:\Projekty\MSTestProject\bin\Debug\netcoreapp3.1\MSTestProject.dll" adapterTypeName="executor://mstestadapter/v2" className="TwojeWesele.Services.Helpers.Tests.CurrencyHelperTests" name="FormatToStringTest1000" />
    </UnitTest>
    <UnitTest name="FormatToStringTest1000 (7119.076353227755,7119.08 zł)" storage="c:\projekty\mstestproject\bin\debug\netcoreapp3.1\mstestproject.dll" id="ac5f7218-e3f4-4c72-89d5-c92339787ea4">
      <TestCategory>
        <TestCategoryItem TestCategory="Category1000" />
      </TestCategory>
      <Execution id="f7f3fc47-6c9c-49e5-ab09-1cf8305580c8" />
      <TestMethod codeBase="C:\Projekty\MSTestProject\bin\Debug\netcoreapp3.1\MSTestProject.dll" adapterTypeName="executor://mstestadapter/v2" className="TwojeWesele.Services.Helpers.Tests.CurrencyHelperTests" name="FormatToStringTest1000" />
    </UnitTest>
    <UnitTest name="FormatToStringTest1000 (736.7398243680316,736.74 zł)" storage="c:\projekty\mstestproject\bin\debug\netcoreapp3.1\mstestproject.dll" id="d7b6592a-bb18-4936-a3af-492fde6b0c29">
      <TestCategory>
        <TestCategoryItem TestCategory="Category1000" />
      </TestCategory>
      <Execution id="9ef66d43-8c8b-4427-91e2-efdf58f86712" />
      <TestMethod codeBase="C:\Projekty\MSTestProject\bin\Debug\netcoreapp3.1\MSTestProject.dll" adapterTypeName="executor://mstestadapter/v2" className="TwojeWesele.Services.Helpers.Tests.CurrencyHelperTests" name="FormatToStringTest1000" />
    </UnitTest>
    <UnitTest name="FormatToStringTest1000 (21893.78889296939,21893.79 zł)" storage="c:\projekty\mstestproject\bin\debug\netcoreapp3.1\mstestproject.dll" id="fe41ba93-b056-4754-8a0c-6bcd98af32cd">
      <TestCategory>
        <TestCategoryItem TestCategory="Category1000" />
      </TestCategory>
      <Execution id="621e6e04-e627-4414-b747-527c748cf6d7" />
      <TestMethod codeBase="C:\Projekty\MSTestProject\bin\Debug\netcoreapp3.1\MSTestProject.dll" adapterTypeName="executor://mstestadapter/v2" className="TwojeWesele.Services.Helpers.Tests.CurrencyHelperTests" name="FormatToStringTest1000" />
    </UnitTest>
    <UnitTest name="FormatToStringTest1000 (17232.486162219426,17232.49 zł)" storage="c:\projekty\mstestproject\bin\debug\netcoreapp3.1\mstestproject.dll" id="638c47ee-4b53-4b69-8f88-b3f8a2a76a51">
      <TestCategory>
        <TestCategoryItem TestCategory="Category1000" />
      </TestCategory>
      <Execution id="49dafbb9-d813-482f-8cfe-745a56cdfdca" />
      <TestMethod codeBase="C:\Projekty\MSTestProject\bin\Debug\netcoreapp3.1\MSTestProject.dll" adapterTypeName="executor://mstestadapter/v2" className="TwojeWesele.Services.Helpers.Tests.CurrencyHelperTests" name="FormatToStringTest1000" />
    </UnitTest>
    <UnitTest name="FormatToStringTest1000 (3195.202943510936,3195.20 zł)" storage="c:\projekty\mstestproject\bin\debug\netcoreapp3.1\mstestproject.dll" id="d5b1a201-bf7d-4f8e-8541-fe381cbdfc4a">
      <TestCategory>
        <TestCategoryItem TestCategory="Category1000" />
      </TestCategory>
      <Execution id="0d9d496b-f6e1-4c34-b79e-50c677dfe939" />
      <TestMethod codeBase="C:\Projekty\MSTestProject\bin\Debug\netcoreapp3.1\MSTestProject.dll" adapterTypeName="executor://mstestadapter/v2" className="TwojeWesele.Services.Helpers.Tests.CurrencyHelperTests" name="FormatToStringTest1000" />
    </UnitTest>
    <UnitTest name="FormatToStringTest1000 (8211.920994553679,8211.92 zł)" storage="c:\projekty\mstestproject\bin\debug\netcoreapp3.1\mstestproject.dll" id="7f08c37c-4081-4385-b222-a0fe898013c4">
      <TestCategory>
        <TestCategoryItem TestCategory="Category1000" />
      </TestCategory>
      <Execution id="d9405e39-5082-44d3-abe0-76f937324dcb" />
      <TestMethod codeBase="C:\Projekty\MSTestProject\bin\Debug\netcoreapp3.1\MSTestProject.dll" adapterTypeName="executor://mstestadapter/v2" className="TwojeWesele.Services.Helpers.Tests.CurrencyHelperTests" name="FormatToStringTest1000" />
    </UnitTest>
    <UnitTest name="FormatToStringTest1000 (13681.607566007231,13681.61 zł)" storage="c:\projekty\mstestproject\bin\debug\netcoreapp3.1\mstestproject.dll" id="6b2535e3-c660-4754-bc75-df5f2ed37e3d">
      <TestCategory>
        <TestCategoryItem TestCategory="Category1000" />
      </TestCategory>
      <Execution id="20fb75a3-349b-4917-a02d-6ea8f4129921" />
      <TestMethod codeBase="C:\Projekty\MSTestProject\bin\Debug\netcoreapp3.1\MSTestProject.dll" adapterTypeName="executor://mstestadapter/v2" className="TwojeWesele.Services.Helpers.Tests.CurrencyHelperTests" name="FormatToStringTest1000" />
    </UnitTest>
    <UnitTest name="FormatToStringTest1000 (19500.031951036784,19500.03 zł)" storage="c:\projekty\mstestproject\bin\debug\netcoreapp3.1\mstestproject.dll" id="dab0c0b0-a97e-4028-bfd5-c17f7b851d42">
      <TestCategory>
        <TestCategoryItem TestCategory="Category1000" />
      </TestCategory>
      <Execution id="5bb49491-a0e4-46d0-8938-dc4f81507542" />
      <TestMethod codeBase="C:\Projekty\MSTestProject\bin\Debug\netcoreapp3.1\MSTestProject.dll" adapterTypeName="executor://mstestadapter/v2" className="TwojeWesele.Services.Helpers.Tests.CurrencyHelperTests" name="FormatToStringTest1000" />
    </UnitTest>
    <UnitTest name="FormatToStringTest1000 (8013.1229931903645,8013.12 zł)" storage="c:\projekty\mstestproject\bin\debug\netcoreapp3.1\mstestproject.dll" id="7408225a-7131-40cb-9d22-1c5e84b38416">
      <TestCategory>
        <TestCategoryItem TestCategory="Category1000" />
      </TestCategory>
      <Execution id="199d9e7a-95ed-48e1-aa2f-da37e156a417" />
      <TestMethod codeBase="C:\Projekty\MSTestProject\bin\Debug\netcoreapp3.1\MSTestProject.dll" adapterTypeName="executor://mstestadapter/v2" className="TwojeWesele.Services.Helpers.Tests.CurrencyHelperTests" name="FormatToStringTest1000" />
    </UnitTest>
    <UnitTest name="FormatToStringTest1000 (10461.455048841171,10461.46 zł)" storage="c:\projekty\mstestproject\bin\debug\netcoreapp3.1\mstestproject.dll" id="f0290ce3-8e1c-4dac-a27f-ddc5b25777bd">
      <TestCategory>
        <TestCategoryItem TestCategory="Category1000" />
      </TestCategory>
      <Execution id="a0528305-64a5-4936-9891-cb87632546f7" />
      <TestMethod codeBase="C:\Projekty\MSTestProject\bin\Debug\netcoreapp3.1\MSTestProject.dll" adapterTypeName="executor://mstestadapter/v2" className="TwojeWesele.Services.Helpers.Tests.CurrencyHelperTests" name="FormatToStringTest1000" />
    </UnitTest>
    <UnitTest name="FormatToStringTest1000 (24768.25771770359,24768.26 zł)" storage="c:\projekty\mstestproject\bin\debug\netcoreapp3.1\mstestproject.dll" id="504531e5-6d5c-45dc-bea4-1394a5e3e411">
      <TestCategory>
        <TestCategoryItem TestCategory="Category1000" />
      </TestCategory>
      <Execution id="274e126f-1199-4c18-b184-8bcea403342a" />
      <TestMethod codeBase="C:\Projekty\MSTestProject\bin\Debug\netcoreapp3.1\MSTestProject.dll" adapterTypeName="executor://mstestadapter/v2" className="TwojeWesele.Services.Helpers.Tests.CurrencyHelperTests" name="FormatToStringTest1000" />
    </UnitTest>
    <UnitTest name="FormatToStringTest1000 (41008.28505327194,41008.29 zł)" storage="c:\projekty\mstestproject\bin\debug\netcoreapp3.1\mstestproject.dll" id="707501a3-bf8a-44d4-8c19-00647fbcc876">
      <TestCategory>
        <TestCategoryItem TestCategory="Category1000" />
      </TestCategory>
      <Execution id="99d08e45-6825-4007-a430-fc078436d914" />
      <TestMethod codeBase="C:\Projekty\MSTestProject\bin\Debug\netcoreapp3.1\MSTestProject.dll" adapterTypeName="executor://mstestadapter/v2" className="TwojeWesele.Services.Helpers.Tests.CurrencyHelperTests" name="FormatToStringTest1000" />
    </UnitTest>
    <UnitTest name="FormatToStringTest1000 (67230.86250807665,67230.86 zł)" storage="c:\projekty\mstestproject\bin\debug\netcoreapp3.1\mstestproject.dll" id="25f16977-bb6c-4354-bb6f-973b743b4fa1">
      <TestCategory>
        <TestCategoryItem TestCategory="Category1000" />
      </TestCategory>
      <Execution id="cacad2b8-7785-4585-be5a-8c5b14882dbb" />
      <TestMethod codeBase="C:\Projekty\MSTestProject\bin\Debug\netcoreapp3.1\MSTestProject.dll" adapterTypeName="executor://mstestadapter/v2" className="TwojeWesele.Services.Helpers.Tests.CurrencyHelperTests" name="FormatToStringTest1000" />
    </UnitTest>
    <UnitTest name="FormatToStringTest1000 (7193.552206002898,7193.55 zł)" storage="c:\projekty\mstestproject\bin\debug\netcoreapp3.1\mstestproject.dll" id="9fa63793-a9c5-4a30-a7a5-189046f5b3c5">
      <TestCategory>
        <TestCategoryItem TestCategory="Category1000" />
      </TestCategory>
      <Execution id="4fbdb82b-60d8-49e9-8148-1f56c2291d99" />
      <TestMethod codeBase="C:\Projekty\MSTestProject\bin\Debug\netcoreapp3.1\MSTestProject.dll" adapterTypeName="executor://mstestadapter/v2" className="TwojeWesele.Services.Helpers.Tests.CurrencyHelperTests" name="FormatToStringTest1000" />
    </UnitTest>
    <UnitTest name="FormatToStringTest1000 (59283.48311990662,59283.48 zł)" storage="c:\projekty\mstestproject\bin\debug\netcoreapp3.1\mstestproject.dll" id="eb82956b-1f3e-4bc5-bc9a-e9db3c07a959">
      <TestCategory>
        <TestCategoryItem TestCategory="Category1000" />
      </TestCategory>
      <Execution id="8dfc2e9f-f124-48e9-90b4-5e18207293a4" />
      <TestMethod codeBase="C:\Projekty\MSTestProject\bin\Debug\netcoreapp3.1\MSTestProject.dll" adapterTypeName="executor://mstestadapter/v2" className="TwojeWesele.Services.Helpers.Tests.CurrencyHelperTests" name="FormatToStringTest1000" />
    </UnitTest>
    <UnitTest name="FormatToStringTest1000 (39146.892120180135,39146.89 zł)" storage="c:\projekty\mstestproject\bin\debug\netcoreapp3.1\mstestproject.dll" id="c1a17337-d2da-4312-a8e3-142c0f28dbb5">
      <TestCategory>
        <TestCategoryItem TestCategory="Category1000" />
      </TestCategory>
      <Execution id="7db7680b-3292-4459-9669-33ba5067097e" />
      <TestMethod codeBase="C:\Projekty\MSTestProject\bin\Debug\netcoreapp3.1\MSTestProject.dll" adapterTypeName="executor://mstestadapter/v2" className="TwojeWesele.Services.Helpers.Tests.CurrencyHelperTests" name="FormatToStringTest1000" />
    </UnitTest>
    <UnitTest name="FormatToStringTest1000 (13508.811787825922,13508.81 zł)" storage="c:\projekty\mstestproject\bin\debug\netcoreapp3.1\mstestproject.dll" id="43071cb9-f9e6-448f-a7a6-a88c46d67f17">
      <TestCategory>
        <TestCategoryItem TestCategory="Category1000" />
      </TestCategory>
      <Execution id="c8c7d09c-bd05-48aa-8f24-65b8737e07bc" />
      <TestMethod codeBase="C:\Projekty\MSTestProject\bin\Debug\netcoreapp3.1\MSTestProject.dll" adapterTypeName="executor://mstestadapter/v2" className="TwojeWesele.Services.Helpers.Tests.CurrencyHelperTests" name="FormatToStringTest1000" />
    </UnitTest>
    <UnitTest name="FormatToStringTest1000 (6145.531235831571,6145.53 zł)" storage="c:\projekty\mstestproject\bin\debug\netcoreapp3.1\mstestproject.dll" id="c297248d-281e-4ca1-93a8-3ee3a3d4fd65">
      <TestCategory>
        <TestCategoryItem TestCategory="Category1000" />
      </TestCategory>
      <Execution id="234d05bb-2507-4a01-a46f-bf7d8886c015" />
      <TestMethod codeBase="C:\Projekty\MSTestProject\bin\Debug\netcoreapp3.1\MSTestProject.dll" adapterTypeName="executor://mstestadapter/v2" className="TwojeWesele.Services.Helpers.Tests.CurrencyHelperTests" name="FormatToStringTest1000" />
    </UnitTest>
    <UnitTest name="FormatToStringTest1000 (7013.601812260971,7013.60 zł)" storage="c:\projekty\mstestproject\bin\debug\netcoreapp3.1\mstestproject.dll" id="158ed47e-41c4-43f4-b58a-ed39b1290be9">
      <TestCategory>
        <TestCategoryItem TestCategory="Category1000" />
      </TestCategory>
      <Execution id="1e657e42-7fe9-449c-a097-0fada4fd9635" />
      <TestMethod codeBase="C:\Projekty\MSTestProject\bin\Debug\netcoreapp3.1\MSTestProject.dll" adapterTypeName="executor://mstestadapter/v2" className="TwojeWesele.Services.Helpers.Tests.CurrencyHelperTests" name="FormatToStringTest1000" />
    </UnitTest>
    <UnitTest name="FormatToStringTest1000 (6429.44273095552,6429.44 zł)" storage="c:\projekty\mstestproject\bin\debug\netcoreapp3.1\mstestproject.dll" id="1a37aef9-3768-4524-a698-3a52ef741e54">
      <TestCategory>
        <TestCategoryItem TestCategory="Category1000" />
      </TestCategory>
      <Execution id="76370589-9d66-410e-8981-de95719ce12b" />
      <TestMethod codeBase="C:\Projekty\MSTestProject\bin\Debug\netcoreapp3.1\MSTestProject.dll" adapterTypeName="executor://mstestadapter/v2" className="TwojeWesele.Services.Helpers.Tests.CurrencyHelperTests" name="FormatToStringTest1000" />
    </UnitTest>
    <UnitTest name="FormatToStringTest1000 (1649.0127968480872,1649.01 zł)" storage="c:\projekty\mstestproject\bin\debug\netcoreapp3.1\mstestproject.dll" id="110c267f-74c7-49d8-9b0d-8134a2124c39">
      <TestCategory>
        <TestCategoryItem TestCategory="Category1000" />
      </TestCategory>
      <Execution id="ca21dfc7-9db5-460d-856c-1daf8a736c3d" />
      <TestMethod codeBase="C:\Projekty\MSTestProject\bin\Debug\netcoreapp3.1\MSTestProject.dll" adapterTypeName="executor://mstestadapter/v2" className="TwojeWesele.Services.Helpers.Tests.CurrencyHelperTests" name="FormatToStringTest1000" />
    </UnitTest>
    <UnitTest name="FormatToStringTest1000 (30071.004434484523,30071.00 zł)" storage="c:\projekty\mstestproject\bin\debug\netcoreapp3.1\mstestproject.dll" id="a871dca2-94d9-4299-a1f4-7872a886df22">
      <TestCategory>
        <TestCategoryItem TestCategory="Category1000" />
      </TestCategory>
      <Execution id="71fc344f-791f-4154-8296-bd6f0620c5d2" />
      <TestMethod codeBase="C:\Projekty\MSTestProject\bin\Debug\netcoreapp3.1\MSTestProject.dll" adapterTypeName="executor://mstestadapter/v2" className="TwojeWesele.Services.Helpers.Tests.CurrencyHelperTests" name="FormatToStringTest1000" />
    </UnitTest>
    <UnitTest name="FormatToStringTest1000 (19463.08761954917,19463.09 zł)" storage="c:\projekty\mstestproject\bin\debug\netcoreapp3.1\mstestproject.dll" id="a8de1a07-250c-4a9c-bb1d-0edbde57fde9">
      <TestCategory>
        <TestCategoryItem TestCategory="Category1000" />
      </TestCategory>
      <Execution id="bdb8d92e-c78a-4947-84fb-8c0cf0249d05" />
      <TestMethod codeBase="C:\Projekty\MSTestProject\bin\Debug\netcoreapp3.1\MSTestProject.dll" adapterTypeName="executor://mstestadapter/v2" className="TwojeWesele.Services.Helpers.Tests.CurrencyHelperTests" name="FormatToStringTest1000" />
    </UnitTest>
    <UnitTest name="FormatToStringTest1000 (11922.837782177532,11922.84 zł)" storage="c:\projekty\mstestproject\bin\debug\netcoreapp3.1\mstestproject.dll" id="2fc42d21-d48d-4466-b3b7-f2a8ba5c8811">
      <TestCategory>
        <TestCategoryItem TestCategory="Category1000" />
      </TestCategory>
      <Execution id="1ee4da76-5790-4b08-934a-f750bca630e2" />
      <TestMethod codeBase="C:\Projekty\MSTestProject\bin\Debug\netcoreapp3.1\MSTestProject.dll" adapterTypeName="executor://mstestadapter/v2" className="TwojeWesele.Services.Helpers.Tests.CurrencyHelperTests" name="FormatToStringTest1000" />
    </UnitTest>
    <UnitTest name="FormatToStringTest1000 (11175.438820935526,11175.44 zł)" storage="c:\projekty\mstestproject\bin\debug\netcoreapp3.1\mstestproject.dll" id="e1259ff1-ec79-48ba-97b6-7533c4c8eb52">
      <TestCategory>
        <TestCategoryItem TestCategory="Category1000" />
      </TestCategory>
      <Execution id="97876514-7a6e-46a1-a4cf-606be5499b0f" />
      <TestMethod codeBase="C:\Projekty\MSTestProject\bin\Debug\netcoreapp3.1\MSTestProject.dll" adapterTypeName="executor://mstestadapter/v2" className="TwojeWesele.Services.Helpers.Tests.CurrencyHelperTests" name="FormatToStringTest1000" />
    </UnitTest>
    <UnitTest name="FormatToStringTest1000 (15822.278766386342,15822.28 zł)" storage="c:\projekty\mstestproject\bin\debug\netcoreapp3.1\mstestproject.dll" id="28bdbece-852a-47ca-ba86-8f0476ff328f">
      <TestCategory>
        <TestCategoryItem TestCategory="Category1000" />
      </TestCategory>
      <Execution id="4bbf3d26-b836-4fea-86dd-62467d288d44" />
      <TestMethod codeBase="C:\Projekty\MSTestProject\bin\Debug\netcoreapp3.1\MSTestProject.dll" adapterTypeName="executor://mstestadapter/v2" className="TwojeWesele.Services.Helpers.Tests.CurrencyHelperTests" name="FormatToStringTest1000" />
    </UnitTest>
    <UnitTest name="FormatToStringTest1000 (74514.06270644537,74514.06 zł)" storage="c:\projekty\mstestproject\bin\debug\netcoreapp3.1\mstestproject.dll" id="c40e39c6-b68b-4c8e-ab9b-79a46b101d5f">
      <TestCategory>
        <TestCategoryItem TestCategory="Category1000" />
      </TestCategory>
      <Execution id="773c95b9-e7dd-4758-995e-d813831f425d" />
      <TestMethod codeBase="C:\Projekty\MSTestProject\bin\Debug\netcoreapp3.1\MSTestProject.dll" adapterTypeName="executor://mstestadapter/v2" className="TwojeWesele.Services.Helpers.Tests.CurrencyHelperTests" name="FormatToStringTest1000" />
    </UnitTest>
    <UnitTest name="FormatToStringTest1000 (28033.439084134738,28033.44 zł)" storage="c:\projekty\mstestproject\bin\debug\netcoreapp3.1\mstestproject.dll" id="128a6033-459d-4501-a28f-5a83c1a6e5d7">
      <TestCategory>
        <TestCategoryItem TestCategory="Category1000" />
      </TestCategory>
      <Execution id="66064440-f99e-41e8-b9a9-4819104d105d" />
      <TestMethod codeBase="C:\Projekty\MSTestProject\bin\Debug\netcoreapp3.1\MSTestProject.dll" adapterTypeName="executor://mstestadapter/v2" className="TwojeWesele.Services.Helpers.Tests.CurrencyHelperTests" name="FormatToStringTest1000" />
    </UnitTest>
    <UnitTest name="FormatToStringTest1000 (9765.54450809748,9765.54 zł)" storage="c:\projekty\mstestproject\bin\debug\netcoreapp3.1\mstestproject.dll" id="bba01dbe-5aef-4efb-8990-7aa27c3c56ad">
      <TestCategory>
        <TestCategoryItem TestCategory="Category1000" />
      </TestCategory>
      <Execution id="c3ea51f8-9d8c-475b-bf3a-cb276d26be61" />
      <TestMethod codeBase="C:\Projekty\MSTestProject\bin\Debug\netcoreapp3.1\MSTestProject.dll" adapterTypeName="executor://mstestadapter/v2" className="TwojeWesele.Services.Helpers.Tests.CurrencyHelperTests" name="FormatToStringTest1000" />
    </UnitTest>
    <UnitTest name="FormatToStringTest1000 (29975.4018974022,29975.40 zł)" storage="c:\projekty\mstestproject\bin\debug\netcoreapp3.1\mstestproject.dll" id="4b57eeb7-40d1-4120-b7c3-19db3b091553">
      <TestCategory>
        <TestCategoryItem TestCategory="Category1000" />
      </TestCategory>
      <Execution id="91bc0f4a-3090-44c0-be37-447b5ed27f68" />
      <TestMethod codeBase="C:\Projekty\MSTestProject\bin\Debug\netcoreapp3.1\MSTestProject.dll" adapterTypeName="executor://mstestadapter/v2" className="TwojeWesele.Services.Helpers.Tests.CurrencyHelperTests" name="FormatToStringTest1000" />
    </UnitTest>
    <UnitTest name="FormatToStringTest1000 (1676.7913981754293,1676.79 zł)" storage="c:\projekty\mstestproject\bin\debug\netcoreapp3.1\mstestproject.dll" id="966dc078-8c9f-4821-9dfc-291596d1be71">
      <TestCategory>
        <TestCategoryItem TestCategory="Category1000" />
      </TestCategory>
      <Execution id="a5f96e4e-d2dc-4134-9396-bf336af39f4d" />
      <TestMethod codeBase="C:\Projekty\MSTestProject\bin\Debug\netcoreapp3.1\MSTestProject.dll" adapterTypeName="executor://mstestadapter/v2" className="TwojeWesele.Services.Helpers.Tests.CurrencyHelperTests" name="FormatToStringTest1000" />
    </UnitTest>
    <UnitTest name="FormatToStringTest1000 (14867.726341984107,14867.73 zł)" storage="c:\projekty\mstestproject\bin\debug\netcoreapp3.1\mstestproject.dll" id="1931fa68-c258-4be7-a35d-97ed2d241358">
      <TestCategory>
        <TestCategoryItem TestCategory="Category1000" />
      </TestCategory>
      <Execution id="2376a33d-abd5-4ebc-b561-8b96bc52b84a" />
      <TestMethod codeBase="C:\Projekty\MSTestProject\bin\Debug\netcoreapp3.1\MSTestProject.dll" adapterTypeName="executor://mstestadapter/v2" className="TwojeWesele.Services.Helpers.Tests.CurrencyHelperTests" name="FormatToStringTest1000" />
    </UnitTest>
    <UnitTest name="FormatToStringTest1000 (33251.41907856028,33251.42 zł)" storage="c:\projekty\mstestproject\bin\debug\netcoreapp3.1\mstestproject.dll" id="72bf903d-e416-4248-b8b6-36a447d00a77">
      <TestCategory>
        <TestCategoryItem TestCategory="Category1000" />
      </TestCategory>
      <Execution id="7093b3e3-a687-4130-8f65-fbcec7134842" />
      <TestMethod codeBase="C:\Projekty\MSTestProject\bin\Debug\netcoreapp3.1\MSTestProject.dll" adapterTypeName="executor://mstestadapter/v2" className="TwojeWesele.Services.Helpers.Tests.CurrencyHelperTests" name="FormatToStringTest1000" />
    </UnitTest>
    <UnitTest name="FormatToStringTest1000 (46898.00219497783,46898.00 zł)" storage="c:\projekty\mstestproject\bin\debug\netcoreapp3.1\mstestproject.dll" id="51378de9-66d9-4359-a0e0-d1e068c56184">
      <TestCategory>
        <TestCategoryItem TestCategory="Category1000" />
      </TestCategory>
      <Execution id="1405e6c3-5e80-486c-8cc9-0d51af7df0e3" />
      <TestMethod codeBase="C:\Projekty\MSTestProject\bin\Debug\netcoreapp3.1\MSTestProject.dll" adapterTypeName="executor://mstestadapter/v2" className="TwojeWesele.Services.Helpers.Tests.CurrencyHelperTests" name="FormatToStringTest1000" />
    </UnitTest>
    <UnitTest name="FormatToStringTest1000 (55030.929183896136,55030.93 zł)" storage="c:\projekty\mstestproject\bin\debug\netcoreapp3.1\mstestproject.dll" id="34616419-ce25-4736-895a-5e2675dd37e3">
      <TestCategory>
        <TestCategoryItem TestCategory="Category1000" />
      </TestCategory>
      <Execution id="5b596c32-a1db-43d0-a15b-0a01d78ac51d" />
      <TestMethod codeBase="C:\Projekty\MSTestProject\bin\Debug\netcoreapp3.1\MSTestProject.dll" adapterTypeName="executor://mstestadapter/v2" className="TwojeWesele.Services.Helpers.Tests.CurrencyHelperTests" name="FormatToStringTest1000" />
    </UnitTest>
    <UnitTest name="FormatToStringTest1000 (3043.6828298227315,3043.68 zł)" storage="c:\projekty\mstestproject\bin\debug\netcoreapp3.1\mstestproject.dll" id="098d410d-0b45-40ee-a098-177bd8f1dadf">
      <TestCategory>
        <TestCategoryItem TestCategory="Category1000" />
      </TestCategory>
      <Execution id="a89a7301-cc92-4873-9290-f6061af9565b" />
      <TestMethod codeBase="C:\Projekty\MSTestProject\bin\Debug\netcoreapp3.1\MSTestProject.dll" adapterTypeName="executor://mstestadapter/v2" className="TwojeWesele.Services.Helpers.Tests.CurrencyHelperTests" name="FormatToStringTest1000" />
    </UnitTest>
    <UnitTest name="FormatToStringTest1000 (13745.115971449817,13745.12 zł)" storage="c:\projekty\mstestproject\bin\debug\netcoreapp3.1\mstestproject.dll" id="1ceade58-3dcd-4aa9-88ff-35ee3cd468aa">
      <TestCategory>
        <TestCategoryItem TestCategory="Category1000" />
      </TestCategory>
      <Execution id="3c3e46f4-ee80-4ce0-a07f-20fcc35c8040" />
      <TestMethod codeBase="C:\Projekty\MSTestProject\bin\Debug\netcoreapp3.1\MSTestProject.dll" adapterTypeName="executor://mstestadapter/v2" className="TwojeWesele.Services.Helpers.Tests.CurrencyHelperTests" name="FormatToStringTest1000" />
    </UnitTest>
    <UnitTest name="FormatToStringTest1000 (14172.682747822573,14172.68 zł)" storage="c:\projekty\mstestproject\bin\debug\netcoreapp3.1\mstestproject.dll" id="d9a14d4b-37cb-47ce-8ff6-ab5a007153ac">
      <TestCategory>
        <TestCategoryItem TestCategory="Category1000" />
      </TestCategory>
      <Execution id="90b9a968-f62a-4ac4-919e-9cb24d2453df" />
      <TestMethod codeBase="C:\Projekty\MSTestProject\bin\Debug\netcoreapp3.1\MSTestProject.dll" adapterTypeName="executor://mstestadapter/v2" className="TwojeWesele.Services.Helpers.Tests.CurrencyHelperTests" name="FormatToStringTest1000" />
    </UnitTest>
    <UnitTest name="FormatToStringTest1000 (13844.577623300524,13844.58 zł)" storage="c:\projekty\mstestproject\bin\debug\netcoreapp3.1\mstestproject.dll" id="b71df6b4-5093-4013-95a9-1bfee1f403c2">
      <TestCategory>
        <TestCategoryItem TestCategory="Category1000" />
      </TestCategory>
      <Execution id="27ba5963-561d-4fe8-b745-b2e02e5e522e" />
      <TestMethod codeBase="C:\Projekty\MSTestProject\bin\Debug\netcoreapp3.1\MSTestProject.dll" adapterTypeName="executor://mstestadapter/v2" className="TwojeWesele.Services.Helpers.Tests.CurrencyHelperTests" name="FormatToStringTest1000" />
    </UnitTest>
    <UnitTest name="FormatToStringTest1000 (2435.1995505835857,2435.20 zł)" storage="c:\projekty\mstestproject\bin\debug\netcoreapp3.1\mstestproject.dll" id="6b742157-972d-4fb1-80ad-ccad6177ab14">
      <TestCategory>
        <TestCategoryItem TestCategory="Category1000" />
      </TestCategory>
      <Execution id="d4674997-2620-4115-86b1-da5cec9b7f22" />
      <TestMethod codeBase="C:\Projekty\MSTestProject\bin\Debug\netcoreapp3.1\MSTestProject.dll" adapterTypeName="executor://mstestadapter/v2" className="TwojeWesele.Services.Helpers.Tests.CurrencyHelperTests" name="FormatToStringTest1000" />
    </UnitTest>
    <UnitTest name="FormatToStringTest1000 (14920.620598662934,14920.62 zł)" storage="c:\projekty\mstestproject\bin\debug\netcoreapp3.1\mstestproject.dll" id="2c788862-a6e6-4e9b-ab10-95714bd70f4c">
      <TestCategory>
        <TestCategoryItem TestCategory="Category1000" />
      </TestCategory>
      <Execution id="5378e71c-8c25-4c8c-b923-600ef7716644" />
      <TestMethod codeBase="C:\Projekty\MSTestProject\bin\Debug\netcoreapp3.1\MSTestProject.dll" adapterTypeName="executor://mstestadapter/v2" className="TwojeWesele.Services.Helpers.Tests.CurrencyHelperTests" name="FormatToStringTest1000" />
    </UnitTest>
    <UnitTest name="FormatToStringTest1000 (28192.949128067565,28192.95 zł)" storage="c:\projekty\mstestproject\bin\debug\netcoreapp3.1\mstestproject.dll" id="04c67ab0-db59-4ae5-a9a5-47cf27dedd21">
      <TestCategory>
        <TestCategoryItem TestCategory="Category1000" />
      </TestCategory>
      <Execution id="abd5e80b-a60c-482f-a7c2-ce30aa66b6cd" />
      <TestMethod codeBase="C:\Projekty\MSTestProject\bin\Debug\netcoreapp3.1\MSTestProject.dll" adapterTypeName="executor://mstestadapter/v2" className="TwojeWesele.Services.Helpers.Tests.CurrencyHelperTests" name="FormatToStringTest1000" />
    </UnitTest>
    <UnitTest name="FormatToStringTest1000 (75214.75000876503,75214.75 zł)" storage="c:\projekty\mstestproject\bin\debug\netcoreapp3.1\mstestproject.dll" id="95cce985-9733-4596-94cc-1dd870836142">
      <TestCategory>
        <TestCategoryItem TestCategory="Category1000" />
      </TestCategory>
      <Execution id="ea29d6e8-0a14-4ac9-b87d-462c021b970d" />
      <TestMethod codeBase="C:\Projekty\MSTestProject\bin\Debug\netcoreapp3.1\MSTestProject.dll" adapterTypeName="executor://mstestadapter/v2" className="TwojeWesele.Services.Helpers.Tests.CurrencyHelperTests" name="FormatToStringTest1000" />
    </UnitTest>
    <UnitTest name="FormatToStringTest1000 (6105.007054037418,6105.01 zł)" storage="c:\projekty\mstestproject\bin\debug\netcoreapp3.1\mstestproject.dll" id="d36d2511-c9ab-4560-a91b-946cca2c5bf3">
      <TestCategory>
        <TestCategoryItem TestCategory="Category1000" />
      </TestCategory>
      <Execution id="5c5b11e5-af93-42a9-9840-93f7e7a4ff3c" />
      <TestMethod codeBase="C:\Projekty\MSTestProject\bin\Debug\netcoreapp3.1\MSTestProject.dll" adapterTypeName="executor://mstestadapter/v2" className="TwojeWesele.Services.Helpers.Tests.CurrencyHelperTests" name="FormatToStringTest1000" />
    </UnitTest>
    <UnitTest name="FormatToStringTest1000 (3694.480496819355,3694.48 zł)" storage="c:\projekty\mstestproject\bin\debug\netcoreapp3.1\mstestproject.dll" id="9f539cee-dd54-42fe-a451-2936b6b16ae7">
      <TestCategory>
        <TestCategoryItem TestCategory="Category1000" />
      </TestCategory>
      <Execution id="18b23f7b-0564-4cbc-b969-753e60aa2bdc" />
      <TestMethod codeBase="C:\Projekty\MSTestProject\bin\Debug\netcoreapp3.1\MSTestProject.dll" adapterTypeName="executor://mstestadapter/v2" className="TwojeWesele.Services.Helpers.Tests.CurrencyHelperTests" name="FormatToStringTest1000" />
    </UnitTest>
    <UnitTest name="FormatToStringTest1000 (26174.290999793586,26174.29 zł)" storage="c:\projekty\mstestproject\bin\debug\netcoreapp3.1\mstestproject.dll" id="b2efc311-1148-4526-896f-a40e5a573cd3">
      <TestCategory>
        <TestCategoryItem TestCategory="Category1000" />
      </TestCategory>
      <Execution id="673f6db9-f6f3-4fa5-b404-bb4a3e807294" />
      <TestMethod codeBase="C:\Projekty\MSTestProject\bin\Debug\netcoreapp3.1\MSTestProject.dll" adapterTypeName="executor://mstestadapter/v2" className="TwojeWesele.Services.Helpers.Tests.CurrencyHelperTests" name="FormatToStringTest1000" />
    </UnitTest>
    <UnitTest name="FormatToStringTest1000 (44065.726815678056,44065.73 zł)" storage="c:\projekty\mstestproject\bin\debug\netcoreapp3.1\mstestproject.dll" id="25a33ba8-eeac-4068-a621-6cf68f857965">
      <TestCategory>
        <TestCategoryItem TestCategory="Category1000" />
      </TestCategory>
      <Execution id="0f5fe932-c121-4951-8a65-48e970fef7d8" />
      <TestMethod codeBase="C:\Projekty\MSTestProject\bin\Debug\netcoreapp3.1\MSTestProject.dll" adapterTypeName="executor://mstestadapter/v2" className="TwojeWesele.Services.Helpers.Tests.CurrencyHelperTests" name="FormatToStringTest1000" />
    </UnitTest>
    <UnitTest name="FormatToStringTest1000 (95353.10327693219,95353.10 zł)" storage="c:\projekty\mstestproject\bin\debug\netcoreapp3.1\mstestproject.dll" id="9c9d0c29-0ff3-490f-9f6f-d1873fc77a52">
      <TestCategory>
        <TestCategoryItem TestCategory="Category1000" />
      </TestCategory>
      <Execution id="41c4ba65-cb3d-4a34-a758-deac5c95e1c1" />
      <TestMethod codeBase="C:\Projekty\MSTestProject\bin\Debug\netcoreapp3.1\MSTestProject.dll" adapterTypeName="executor://mstestadapter/v2" className="TwojeWesele.Services.Helpers.Tests.CurrencyHelperTests" name="FormatToStringTest1000" />
    </UnitTest>
    <UnitTest name="FormatToStringTest1000 (22291.653251342315,22291.65 zł)" storage="c:\projekty\mstestproject\bin\debug\netcoreapp3.1\mstestproject.dll" id="d87077d4-c145-45b7-b77b-a03fa4f1d489">
      <TestCategory>
        <TestCategoryItem TestCategory="Category1000" />
      </TestCategory>
      <Execution id="6a3fd391-247a-4829-ba43-77aaaf8f4e34" />
      <TestMethod codeBase="C:\Projekty\MSTestProject\bin\Debug\netcoreapp3.1\MSTestProject.dll" adapterTypeName="executor://mstestadapter/v2" className="TwojeWesele.Services.Helpers.Tests.CurrencyHelperTests" name="FormatToStringTest1000" />
    </UnitTest>
    <UnitTest name="FormatToStringTest1000 (17579.823312525088,17579.82 zł)" storage="c:\projekty\mstestproject\bin\debug\netcoreapp3.1\mstestproject.dll" id="33df3f1b-d72d-42ce-a2b5-74e45eae8a7b">
      <TestCategory>
        <TestCategoryItem TestCategory="Category1000" />
      </TestCategory>
      <Execution id="449b90cd-8ed5-4b37-a236-661eff72928e" />
      <TestMethod codeBase="C:\Projekty\MSTestProject\bin\Debug\netcoreapp3.1\MSTestProject.dll" adapterTypeName="executor://mstestadapter/v2" className="TwojeWesele.Services.Helpers.Tests.CurrencyHelperTests" name="FormatToStringTest1000" />
    </UnitTest>
    <UnitTest name="FormatToStringTest1000 (7669.3855620214645,7669.39 zł)" storage="c:\projekty\mstestproject\bin\debug\netcoreapp3.1\mstestproject.dll" id="8d060be5-d422-43e8-b191-96f191db4a96">
      <TestCategory>
        <TestCategoryItem TestCategory="Category1000" />
      </TestCategory>
      <Execution id="bdb2670d-fa2d-4483-b02f-b20d4ce37bd5" />
      <TestMethod codeBase="C:\Projekty\MSTestProject\bin\Debug\netcoreapp3.1\MSTestProject.dll" adapterTypeName="executor://mstestadapter/v2" className="TwojeWesele.Services.Helpers.Tests.CurrencyHelperTests" name="FormatToStringTest1000" />
    </UnitTest>
    <UnitTest name="FormatToStringTest1000 (66053.95451852398,66053.95 zł)" storage="c:\projekty\mstestproject\bin\debug\netcoreapp3.1\mstestproject.dll" id="87dc46f9-09bf-4f60-9bd6-00a107dd4f6a">
      <TestCategory>
        <TestCategoryItem TestCategory="Category1000" />
      </TestCategory>
      <Execution id="b2e88ded-af49-47a3-a24d-e45f2fce6cb0" />
      <TestMethod codeBase="C:\Projekty\MSTestProject\bin\Debug\netcoreapp3.1\MSTestProject.dll" adapterTypeName="executor://mstestadapter/v2" className="TwojeWesele.Services.Helpers.Tests.CurrencyHelperTests" name="FormatToStringTest1000" />
    </UnitTest>
    <UnitTest name="FormatToStringTest1000 (27942.393876474067,27942.39 zł)" storage="c:\projekty\mstestproject\bin\debug\netcoreapp3.1\mstestproject.dll" id="9fa0ba29-207e-4366-a8aa-1dc94d155a9b">
      <TestCategory>
        <TestCategoryItem TestCategory="Category1000" />
      </TestCategory>
      <Execution id="f8c54f20-f2d1-4a8e-8613-2305ee8f7433" />
      <TestMethod codeBase="C:\Projekty\MSTestProject\bin\Debug\netcoreapp3.1\MSTestProject.dll" adapterTypeName="executor://mstestadapter/v2" className="TwojeWesele.Services.Helpers.Tests.CurrencyHelperTests" name="FormatToStringTest1000" />
    </UnitTest>
    <UnitTest name="FormatToStringTest1000 (31340.79231238914,31340.79 zł)" storage="c:\projekty\mstestproject\bin\debug\netcoreapp3.1\mstestproject.dll" id="938a782d-c07b-4511-887b-53272fbf17cf">
      <TestCategory>
        <TestCategoryItem TestCategory="Category1000" />
      </TestCategory>
      <Execution id="bcf47cb7-0459-4266-b2f8-4e287d02bdcc" />
      <TestMethod codeBase="C:\Projekty\MSTestProject\bin\Debug\netcoreapp3.1\MSTestProject.dll" adapterTypeName="executor://mstestadapter/v2" className="TwojeWesele.Services.Helpers.Tests.CurrencyHelperTests" name="FormatToStringTest1000" />
    </UnitTest>
    <UnitTest name="FormatToStringTest1000 (79764.77845563217,79764.78 zł)" storage="c:\projekty\mstestproject\bin\debug\netcoreapp3.1\mstestproject.dll" id="1f089363-4aad-4bfd-918f-18a80a5cd047">
      <TestCategory>
        <TestCategoryItem TestCategory="Category1000" />
      </TestCategory>
      <Execution id="45343b88-1a57-443f-ac01-dc8a8c807f55" />
      <TestMethod codeBase="C:\Projekty\MSTestProject\bin\Debug\netcoreapp3.1\MSTestProject.dll" adapterTypeName="executor://mstestadapter/v2" className="TwojeWesele.Services.Helpers.Tests.CurrencyHelperTests" name="FormatToStringTest1000" />
    </UnitTest>
    <UnitTest name="FormatToStringTest1000 (11181.228339251702,11181.23 zł)" storage="c:\projekty\mstestproject\bin\debug\netcoreapp3.1\mstestproject.dll" id="272a5ddb-5875-49ed-8b87-1079be593769">
      <TestCategory>
        <TestCategoryItem TestCategory="Category1000" />
      </TestCategory>
      <Execution id="81d47469-e16d-4d02-bfd5-4d1bd54fe51e" />
      <TestMethod codeBase="C:\Projekty\MSTestProject\bin\Debug\netcoreapp3.1\MSTestProject.dll" adapterTypeName="executor://mstestadapter/v2" className="TwojeWesele.Services.Helpers.Tests.CurrencyHelperTests" name="FormatToStringTest1000" />
    </UnitTest>
    <UnitTest name="FormatToStringTest1000 (7951.322730072458,7951.32 zł)" storage="c:\projekty\mstestproject\bin\debug\netcoreapp3.1\mstestproject.dll" id="b1c0997f-b5c8-4c19-80af-07d17c961b75">
      <TestCategory>
        <TestCategoryItem TestCategory="Category1000" />
      </TestCategory>
      <Execution id="625c05df-f932-47c0-bedd-4811f4b2f8f1" />
      <TestMethod codeBase="C:\Projekty\MSTestProject\bin\Debug\netcoreapp3.1\MSTestProject.dll" adapterTypeName="executor://mstestadapter/v2" className="TwojeWesele.Services.Helpers.Tests.CurrencyHelperTests" name="FormatToStringTest1000" />
    </UnitTest>
    <UnitTest name="FormatToStringTest1000 (6027.66019266828,6027.66 zł)" storage="c:\projekty\mstestproject\bin\debug\netcoreapp3.1\mstestproject.dll" id="031d0cc9-2ca2-4db4-a245-8bda94a61780">
      <TestCategory>
        <TestCategoryItem TestCategory="Category1000" />
      </TestCategory>
      <Execution id="c92b977b-43af-445b-aa2e-34ae09a5eb00" />
      <TestMethod codeBase="C:\Projekty\MSTestProject\bin\Debug\netcoreapp3.1\MSTestProject.dll" adapterTypeName="executor://mstestadapter/v2" className="TwojeWesele.Services.Helpers.Tests.CurrencyHelperTests" name="FormatToStringTest1000" />
    </UnitTest>
    <UnitTest name="FormatToStringTest1000 (62975.496334776515,62975.50 zł)" storage="c:\projekty\mstestproject\bin\debug\netcoreapp3.1\mstestproject.dll" id="e32b448e-4dff-40df-879a-5f9ea462a920">
      <TestCategory>
        <TestCategoryItem TestCategory="Category1000" />
      </TestCategory>
      <Execution id="c8bb0875-3352-4254-b232-913263dd4125" />
      <TestMethod codeBase="C:\Projekty\MSTestProject\bin\Debug\netcoreapp3.1\MSTestProject.dll" adapterTypeName="executor://mstestadapter/v2" className="TwojeWesele.Services.Helpers.Tests.CurrencyHelperTests" name="FormatToStringTest1000" />
    </UnitTest>
    <UnitTest name="FormatToStringTest1000 (4715.320654313695,4715.32 zł)" storage="c:\projekty\mstestproject\bin\debug\netcoreapp3.1\mstestproject.dll" id="dc140509-11a9-45b6-9643-b50d81a195ec">
      <TestCategory>
        <TestCategoryItem TestCategory="Category1000" />
      </TestCategory>
      <Execution id="f6ef8079-ae4b-44e4-83ea-8fadce44ace7" />
      <TestMethod codeBase="C:\Projekty\MSTestProject\bin\Debug\netcoreapp3.1\MSTestProject.dll" adapterTypeName="executor://mstestadapter/v2" className="TwojeWesele.Services.Helpers.Tests.CurrencyHelperTests" name="FormatToStringTest1000" />
    </UnitTest>
    <UnitTest name="FormatToStringTest1000 (22592.465903659566,22592.47 zł)" storage="c:\projekty\mstestproject\bin\debug\netcoreapp3.1\mstestproject.dll" id="5e34be34-4e4c-4440-8f3c-2fa615e086cb">
      <TestCategory>
        <TestCategoryItem TestCategory="Category1000" />
      </TestCategory>
      <Execution id="bae1c789-46b4-4c13-a617-6ab077884638" />
      <TestMethod codeBase="C:\Projekty\MSTestProject\bin\Debug\netcoreapp3.1\MSTestProject.dll" adapterTypeName="executor://mstestadapter/v2" className="TwojeWesele.Services.Helpers.Tests.CurrencyHelperTests" name="FormatToStringTest1000" />
    </UnitTest>
    <UnitTest name="FormatToStringTest1000 (35714.78133482243,35714.78 zł)" storage="c:\projekty\mstestproject\bin\debug\netcoreapp3.1\mstestproject.dll" id="f9a9bae8-2282-409a-bf98-abb3af76b386">
      <TestCategory>
        <TestCategoryItem TestCategory="Category1000" />
      </TestCategory>
      <Execution id="16bad33c-6cb9-4b0b-8663-7ae72af1468e" />
      <TestMethod codeBase="C:\Projekty\MSTestProject\bin\Debug\netcoreapp3.1\MSTestProject.dll" adapterTypeName="executor://mstestadapter/v2" className="TwojeWesele.Services.Helpers.Tests.CurrencyHelperTests" name="FormatToStringTest1000" />
    </UnitTest>
    <UnitTest name="FormatToStringTest1000 (47964.941885361884,47964.94 zł)" storage="c:\projekty\mstestproject\bin\debug\netcoreapp3.1\mstestproject.dll" id="2ef1feaf-c706-48a1-9f21-9708c36c4095">
      <TestCategory>
        <TestCategoryItem TestCategory="Category1000" />
      </TestCategory>
      <Execution id="86b31e20-249a-4c55-85e5-a5e64eb978ab" />
      <TestMethod codeBase="C:\Projekty\MSTestProject\bin\Debug\netcoreapp3.1\MSTestProject.dll" adapterTypeName="executor://mstestadapter/v2" className="TwojeWesele.Services.Helpers.Tests.CurrencyHelperTests" name="FormatToStringTest1000" />
    </UnitTest>
    <UnitTest name="FormatToStringTest1000 (22367.991005544547,22367.99 zł)" storage="c:\projekty\mstestproject\bin\debug\netcoreapp3.1\mstestproject.dll" id="a3de864d-22af-4616-973b-c6986229d088">
      <TestCategory>
        <TestCategoryItem TestCategory="Category1000" />
      </TestCategory>
      <Execution id="29d0baea-9172-4a91-b5f5-75d2ae983d1c" />
      <TestMethod codeBase="C:\Projekty\MSTestProject\bin\Debug\netcoreapp3.1\MSTestProject.dll" adapterTypeName="executor://mstestadapter/v2" className="TwojeWesele.Services.Helpers.Tests.CurrencyHelperTests" name="FormatToStringTest1000" />
    </UnitTest>
    <UnitTest name="FormatToStringTest1000 (51503.82905738234,51503.83 zł)" storage="c:\projekty\mstestproject\bin\debug\netcoreapp3.1\mstestproject.dll" id="666480af-b4f7-49f1-ab6f-017a85ffde64">
      <TestCategory>
        <TestCategoryItem TestCategory="Category1000" />
      </TestCategory>
      <Execution id="5184e76e-0b7e-40ec-a634-09e101f15be1" />
      <TestMethod codeBase="C:\Projekty\MSTestProject\bin\Debug\netcoreapp3.1\MSTestProject.dll" adapterTypeName="executor://mstestadapter/v2" className="TwojeWesele.Services.Helpers.Tests.CurrencyHelperTests" name="FormatToStringTest1000" />
    </UnitTest>
    <UnitTest name="FormatToStringTest1000 (1739.5853778997368,1739.59 zł)" storage="c:\projekty\mstestproject\bin\debug\netcoreapp3.1\mstestproject.dll" id="5e31a229-7b37-45c1-8fb2-404877ed6331">
      <TestCategory>
        <TestCategoryItem TestCategory="Category1000" />
      </TestCategory>
      <Execution id="fa1c2133-2192-4a91-b1b0-3daf07fbb104" />
      <TestMethod codeBase="C:\Projekty\MSTestProject\bin\Debug\netcoreapp3.1\MSTestProject.dll" adapterTypeName="executor://mstestadapter/v2" className="TwojeWesele.Services.Helpers.Tests.CurrencyHelperTests" name="FormatToStringTest1000" />
    </UnitTest>
    <UnitTest name="FormatToStringTest1000 (28306.369434126827,28306.37 zł)" storage="c:\projekty\mstestproject\bin\debug\netcoreapp3.1\mstestproject.dll" id="197542c8-a1d8-4893-bb97-e790efb3e721">
      <TestCategory>
        <TestCategoryItem TestCategory="Category1000" />
      </TestCategory>
      <Execution id="906fb39e-39a1-4162-8cf3-142debd5d6b9" />
      <TestMethod codeBase="C:\Projekty\MSTestProject\bin\Debug\netcoreapp3.1\MSTestProject.dll" adapterTypeName="executor://mstestadapter/v2" className="TwojeWesele.Services.Helpers.Tests.CurrencyHelperTests" name="FormatToStringTest1000" />
    </UnitTest>
    <UnitTest name="FormatToStringTest1000 (38904.87092920806,38904.87 zł)" storage="c:\projekty\mstestproject\bin\debug\netcoreapp3.1\mstestproject.dll" id="c0e6e92e-b444-448c-b771-d59e49152e0a">
      <TestCategory>
        <TestCategoryItem TestCategory="Category1000" />
      </TestCategory>
      <Execution id="1dae6300-185d-45cf-afd0-334e5c4a8785" />
      <TestMethod codeBase="C:\Projekty\MSTestProject\bin\Debug\netcoreapp3.1\MSTestProject.dll" adapterTypeName="executor://mstestadapter/v2" className="TwojeWesele.Services.Helpers.Tests.CurrencyHelperTests" name="FormatToStringTest1000" />
    </UnitTest>
    <UnitTest name="FormatToStringTest1000 (36211.11038300866,36211.11 zł)" storage="c:\projekty\mstestproject\bin\debug\netcoreapp3.1\mstestproject.dll" id="8fc9c9dc-b1ec-4f33-a6d8-48fd0326b016">
      <TestCategory>
        <TestCategoryItem TestCategory="Category1000" />
      </TestCategory>
      <Execution id="dcd8574f-13cd-468c-a3cf-5ef5cc21a1c5" />
      <TestMethod codeBase="C:\Projekty\MSTestProject\bin\Debug\netcoreapp3.1\MSTestProject.dll" adapterTypeName="executor://mstestadapter/v2" className="TwojeWesele.Services.Helpers.Tests.CurrencyHelperTests" name="FormatToStringTest1000" />
    </UnitTest>
    <UnitTest name="FormatToStringTest1000 (13582.47117894258,13582.47 zł)" storage="c:\projekty\mstestproject\bin\debug\netcoreapp3.1\mstestproject.dll" id="8b16ce5e-f6fc-4eab-9b39-d32edcb8a20d">
      <TestCategory>
        <TestCategoryItem TestCategory="Category1000" />
      </TestCategory>
      <Execution id="38f9c0b5-3452-4652-88c1-3d7a9cdfff4b" />
      <TestMethod codeBase="C:\Projekty\MSTestProject\bin\Debug\netcoreapp3.1\MSTestProject.dll" adapterTypeName="executor://mstestadapter/v2" className="TwojeWesele.Services.Helpers.Tests.CurrencyHelperTests" name="FormatToStringTest1000" />
    </UnitTest>
    <UnitTest name="FormatToStringTest1000 (16402.16316587206,16402.16 zł)" storage="c:\projekty\mstestproject\bin\debug\netcoreapp3.1\mstestproject.dll" id="6ccbb414-79f9-4ec2-b73e-c8d06566a14f">
      <TestCategory>
        <TestCategoryItem TestCategory="Category1000" />
      </TestCategory>
      <Execution id="e9c8a53e-8666-47da-8ed1-806a6cb8111c" />
      <TestMethod codeBase="C:\Projekty\MSTestProject\bin\Debug\netcoreapp3.1\MSTestProject.dll" adapterTypeName="executor://mstestadapter/v2" className="TwojeWesele.Services.Helpers.Tests.CurrencyHelperTests" name="FormatToStringTest1000" />
    </UnitTest>
    <UnitTest name="FormatToStringTest1000 (272.5621069118204,272.56 zł)" storage="c:\projekty\mstestproject\bin\debug\netcoreapp3.1\mstestproject.dll" id="e6466da3-dfb3-44bd-a527-0b4b5d392b66">
      <TestCategory>
        <TestCategoryItem TestCategory="Category1000" />
      </TestCategory>
      <Execution id="35983994-b196-445c-a781-f46c5f498474" />
      <TestMethod codeBase="C:\Projekty\MSTestProject\bin\Debug\netcoreapp3.1\MSTestProject.dll" adapterTypeName="executor://mstestadapter/v2" className="TwojeWesele.Services.Helpers.Tests.CurrencyHelperTests" name="FormatToStringTest1000" />
    </UnitTest>
    <UnitTest name="FormatToStringTest1000 (40035.54711080787,40035.55 zł)" storage="c:\projekty\mstestproject\bin\debug\netcoreapp3.1\mstestproject.dll" id="967a05a4-8b7f-4626-9b81-127baa05eb52">
      <TestCategory>
        <TestCategoryItem TestCategory="Category1000" />
      </TestCategory>
      <Execution id="c95f1771-337c-46ad-ab11-2b0d1027e0a4" />
      <TestMethod codeBase="C:\Projekty\MSTestProject\bin\Debug\netcoreapp3.1\MSTestProject.dll" adapterTypeName="executor://mstestadapter/v2" className="TwojeWesele.Services.Helpers.Tests.CurrencyHelperTests" name="FormatToStringTest1000" />
    </UnitTest>
    <UnitTest name="FormatToStringTest1000 (30031.89550569323,30031.90 zł)" storage="c:\projekty\mstestproject\bin\debug\netcoreapp3.1\mstestproject.dll" id="f5e43e8a-d285-4a9b-b6f4-37cecb3c1dd5">
      <TestCategory>
        <TestCategoryItem TestCategory="Category1000" />
      </TestCategory>
      <Execution id="6a619f63-d6d9-46c9-856b-0a3e243395d0" />
      <TestMethod codeBase="C:\Projekty\MSTestProject\bin\Debug\netcoreapp3.1\MSTestProject.dll" adapterTypeName="executor://mstestadapter/v2" className="TwojeWesele.Services.Helpers.Tests.CurrencyHelperTests" name="FormatToStringTest1000" />
    </UnitTest>
    <UnitTest name="FormatToStringTest1000 (6946.333318357977,6946.33 zł)" storage="c:\projekty\mstestproject\bin\debug\netcoreapp3.1\mstestproject.dll" id="976c090c-bebb-49a8-9416-bd76249870a5">
      <TestCategory>
        <TestCategoryItem TestCategory="Category1000" />
      </TestCategory>
      <Execution id="9396be6b-f662-440c-a541-5972ed4a57e6" />
      <TestMethod codeBase="C:\Projekty\MSTestProject\bin\Debug\netcoreapp3.1\MSTestProject.dll" adapterTypeName="executor://mstestadapter/v2" className="TwojeWesele.Services.Helpers.Tests.CurrencyHelperTests" name="FormatToStringTest1000" />
    </UnitTest>
    <UnitTest name="FormatToStringTest1000 (41915.7945284563,41915.79 zł)" storage="c:\projekty\mstestproject\bin\debug\netcoreapp3.1\mstestproject.dll" id="164df458-f8ff-49c8-92bc-b7ac34804884">
      <TestCategory>
        <TestCategoryItem TestCategory="Category1000" />
      </TestCategory>
      <Execution id="8ebd5ac6-7144-4e01-a6bd-686f8bbe2565" />
      <TestMethod codeBase="C:\Projekty\MSTestProject\bin\Debug\netcoreapp3.1\MSTestProject.dll" adapterTypeName="executor://mstestadapter/v2" className="TwojeWesele.Services.Helpers.Tests.CurrencyHelperTests" name="FormatToStringTest1000" />
    </UnitTest>
    <UnitTest name="FormatToStringTest1000 (17098.491445727876,17098.49 zł)" storage="c:\projekty\mstestproject\bin\debug\netcoreapp3.1\mstestproject.dll" id="6ca192a9-9365-46fa-b040-a91e64b6e8d4">
      <TestCategory>
        <TestCategoryItem TestCategory="Category1000" />
      </TestCategory>
      <Execution id="b178de6a-4df5-486d-a22b-595de1b6d0d2" />
      <TestMethod codeBase="C:\Projekty\MSTestProject\bin\Debug\netcoreapp3.1\MSTestProject.dll" adapterTypeName="executor://mstestadapter/v2" className="TwojeWesele.Services.Helpers.Tests.CurrencyHelperTests" name="FormatToStringTest1000" />
    </UnitTest>
    <UnitTest name="FormatToStringTest1000 (41972.39431566763,41972.39 zł)" storage="c:\projekty\mstestproject\bin\debug\netcoreapp3.1\mstestproject.dll" id="2332eb3a-fa89-4ae5-a29a-44cb0db163da">
      <TestCategory>
        <TestCategoryItem TestCategory="Category1000" />
      </TestCategory>
      <Execution id="da86e56a-af5a-4cf0-bcf4-53b3d77041b4" />
      <TestMethod codeBase="C:\Projekty\MSTestProject\bin\Debug\netcoreapp3.1\MSTestProject.dll" adapterTypeName="executor://mstestadapter/v2" className="TwojeWesele.Services.Helpers.Tests.CurrencyHelperTests" name="FormatToStringTest1000" />
    </UnitTest>
    <UnitTest name="FormatToStringTest1000 (2346.9964869427477,2347.00 zł)" storage="c:\projekty\mstestproject\bin\debug\netcoreapp3.1\mstestproject.dll" id="4d4f1abf-48c8-4728-9747-7dc533797970">
      <TestCategory>
        <TestCategoryItem TestCategory="Category1000" />
      </TestCategory>
      <Execution id="6a87c36d-418b-4e80-91e9-9e81c8b0f30e" />
      <TestMethod codeBase="C:\Projekty\MSTestProject\bin\Debug\netcoreapp3.1\MSTestProject.dll" adapterTypeName="executor://mstestadapter/v2" className="TwojeWesele.Services.Helpers.Tests.CurrencyHelperTests" name="FormatToStringTest1000" />
    </UnitTest>
    <UnitTest name="FormatToStringTest1000 (72703.4365723503,72703.44 zł)" storage="c:\projekty\mstestproject\bin\debug\netcoreapp3.1\mstestproject.dll" id="b23aa028-d2f5-484f-9d0b-b614ece669d6">
      <TestCategory>
        <TestCategoryItem TestCategory="Category1000" />
      </TestCategory>
      <Execution id="1a863a31-6b17-4894-aa0a-2899b70851e7" />
      <TestMethod codeBase="C:\Projekty\MSTestProject\bin\Debug\netcoreapp3.1\MSTestProject.dll" adapterTypeName="executor://mstestadapter/v2" className="TwojeWesele.Services.Helpers.Tests.CurrencyHelperTests" name="FormatToStringTest1000" />
    </UnitTest>
    <UnitTest name="FormatToStringTest1000 (972.1468308629221,972.15 zł)" storage="c:\projekty\mstestproject\bin\debug\netcoreapp3.1\mstestproject.dll" id="69793664-f8bd-45f7-8a52-fc0184c050e3">
      <TestCategory>
        <TestCategoryItem TestCategory="Category1000" />
      </TestCategory>
      <Execution id="03e3d132-2589-4e12-96aa-0dfb5563e39c" />
      <TestMethod codeBase="C:\Projekty\MSTestProject\bin\Debug\netcoreapp3.1\MSTestProject.dll" adapterTypeName="executor://mstestadapter/v2" className="TwojeWesele.Services.Helpers.Tests.CurrencyHelperTests" name="FormatToStringTest1000" />
    </UnitTest>
    <UnitTest name="FormatToStringTest1000 (1814.7218118955948,1814.72 zł)" storage="c:\projekty\mstestproject\bin\debug\netcoreapp3.1\mstestproject.dll" id="68bedbbd-5857-4c53-8912-9275923deefe">
      <TestCategory>
        <TestCategoryItem TestCategory="Category1000" />
      </TestCategory>
      <Execution id="31a6bf4b-1c0f-41a7-a969-e06439d61a9a" />
      <TestMethod codeBase="C:\Projekty\MSTestProject\bin\Debug\netcoreapp3.1\MSTestProject.dll" adapterTypeName="executor://mstestadapter/v2" className="TwojeWesele.Services.Helpers.Tests.CurrencyHelperTests" name="FormatToStringTest1000" />
    </UnitTest>
    <UnitTest name="FormatToStringTest1000 (5254.6338787505565,5254.63 zł)" storage="c:\projekty\mstestproject\bin\debug\netcoreapp3.1\mstestproject.dll" id="a5939e2c-9278-4d16-b124-40bf7ea2f64c">
      <TestCategory>
        <TestCategoryItem TestCategory="Category1000" />
      </TestCategory>
      <Execution id="aae5a951-4d1d-4e20-8a6b-654ea586e5fe" />
      <TestMethod codeBase="C:\Projekty\MSTestProject\bin\Debug\netcoreapp3.1\MSTestProject.dll" adapterTypeName="executor://mstestadapter/v2" className="TwojeWesele.Services.Helpers.Tests.CurrencyHelperTests" name="FormatToStringTest1000" />
    </UnitTest>
    <UnitTest name="FormatToStringTest1000 (3506.8456124108498,3506.85 zł)" storage="c:\projekty\mstestproject\bin\debug\netcoreapp3.1\mstestproject.dll" id="f1b4beea-4d7e-4ff7-8951-f1b33b925594">
      <TestCategory>
        <TestCategoryItem TestCategory="Category1000" />
      </TestCategory>
      <Execution id="bfd6d35b-8a32-44be-995c-ff9ae383fced" />
      <TestMethod codeBase="C:\Projekty\MSTestProject\bin\Debug\netcoreapp3.1\MSTestProject.dll" adapterTypeName="executor://mstestadapter/v2" className="TwojeWesele.Services.Helpers.Tests.CurrencyHelperTests" name="FormatToStringTest1000" />
    </UnitTest>
    <UnitTest name="FormatToStringTest1000 (1664.7834932994022,1664.78 zł)" storage="c:\projekty\mstestproject\bin\debug\netcoreapp3.1\mstestproject.dll" id="57fd1637-9d80-408f-a79d-e2952033b6ad">
      <TestCategory>
        <TestCategoryItem TestCategory="Category1000" />
      </TestCategory>
      <Execution id="35d0f714-e01e-450d-86ac-97feac24b8f6" />
      <TestMethod codeBase="C:\Projekty\MSTestProject\bin\Debug\netcoreapp3.1\MSTestProject.dll" adapterTypeName="executor://mstestadapter/v2" className="TwojeWesele.Services.Helpers.Tests.CurrencyHelperTests" name="FormatToStringTest1000" />
    </UnitTest>
    <UnitTest name="FormatToStringTest1000 (9079.930405251649,9079.93 zł)" storage="c:\projekty\mstestproject\bin\debug\netcoreapp3.1\mstestproject.dll" id="8dc05113-5e19-4649-aca9-b5c2d69a3f48">
      <TestCategory>
        <TestCategoryItem TestCategory="Category1000" />
      </TestCategory>
      <Execution id="da85cf9f-36db-460e-b3cc-41b8641face3" />
      <TestMethod codeBase="C:\Projekty\MSTestProject\bin\Debug\netcoreapp3.1\MSTestProject.dll" adapterTypeName="executor://mstestadapter/v2" className="TwojeWesele.Services.Helpers.Tests.CurrencyHelperTests" name="FormatToStringTest1000" />
    </UnitTest>
    <UnitTest name="FormatToStringTest1000 (626.135364110179,626.14 zł)" storage="c:\projekty\mstestproject\bin\debug\netcoreapp3.1\mstestproject.dll" id="c80be484-4d2e-41de-88ff-3f6f0e90f4ee">
      <TestCategory>
        <TestCategoryItem TestCategory="Category1000" />
      </TestCategory>
      <Execution id="f9261433-1ad4-4bd0-b728-ee78fb6f3103" />
      <TestMethod codeBase="C:\Projekty\MSTestProject\bin\Debug\netcoreapp3.1\MSTestProject.dll" adapterTypeName="executor://mstestadapter/v2" className="TwojeWesele.Services.Helpers.Tests.CurrencyHelperTests" name="FormatToStringTest1000" />
    </UnitTest>
    <UnitTest name="FormatToStringTest1000 (6352.983758103561,6352.98 zł)" storage="c:\projekty\mstestproject\bin\debug\netcoreapp3.1\mstestproject.dll" id="c771bc5c-e8b1-4deb-9430-ccbd1e55028a">
      <TestCategory>
        <TestCategoryItem TestCategory="Category1000" />
      </TestCategory>
      <Execution id="9244b878-4ab6-4064-99a2-b910c4731b40" />
      <TestMethod codeBase="C:\Projekty\MSTestProject\bin\Debug\netcoreapp3.1\MSTestProject.dll" adapterTypeName="executor://mstestadapter/v2" className="TwojeWesele.Services.Helpers.Tests.CurrencyHelperTests" name="FormatToStringTest1000" />
    </UnitTest>
    <UnitTest name="FormatToStringTest1000 (35384.637112688106,35384.64 zł)" storage="c:\projekty\mstestproject\bin\debug\netcoreapp3.1\mstestproject.dll" id="5a008350-b93a-430e-9860-4db51937d840">
      <TestCategory>
        <TestCategoryItem TestCategory="Category1000" />
      </TestCategory>
      <Execution id="dcc76317-9e17-44d2-a68f-acfe8b0cc823" />
      <TestMethod codeBase="C:\Projekty\MSTestProject\bin\Debug\netcoreapp3.1\MSTestProject.dll" adapterTypeName="executor://mstestadapter/v2" className="TwojeWesele.Services.Helpers.Tests.CurrencyHelperTests" name="FormatToStringTest1000" />
    </UnitTest>
    <UnitTest name="FormatToStringTest1000 (20237.28532723723,20237.29 zł)" storage="c:\projekty\mstestproject\bin\debug\netcoreapp3.1\mstestproject.dll" id="d23e9093-95aa-430e-9431-2b8efd003bcb">
      <TestCategory>
        <TestCategoryItem TestCategory="Category1000" />
      </TestCategory>
      <Execution id="55c8d339-f4cc-439f-a169-637f96db2928" />
      <TestMethod codeBase="C:\Projekty\MSTestProject\bin\Debug\netcoreapp3.1\MSTestProject.dll" adapterTypeName="executor://mstestadapter/v2" className="TwojeWesele.Services.Helpers.Tests.CurrencyHelperTests" name="FormatToStringTest1000" />
    </UnitTest>
    <UnitTest name="FormatToStringTest1000 (44930.92203801075,44930.92 zł)" storage="c:\projekty\mstestproject\bin\debug\netcoreapp3.1\mstestproject.dll" id="16dd6c5d-bb8a-4d7f-a31a-04d1b1de40b4">
      <TestCategory>
        <TestCategoryItem TestCategory="Category1000" />
      </TestCategory>
      <Execution id="95a6a859-1973-4f08-9a65-cd93b9ccfc5c" />
      <TestMethod codeBase="C:\Projekty\MSTestProject\bin\Debug\netcoreapp3.1\MSTestProject.dll" adapterTypeName="executor://mstestadapter/v2" className="TwojeWesele.Services.Helpers.Tests.CurrencyHelperTests" name="FormatToStringTest1000" />
    </UnitTest>
    <UnitTest name="FormatToStringTest1000 (10501.127379151585,10501.13 zł)" storage="c:\projekty\mstestproject\bin\debug\netcoreapp3.1\mstestproject.dll" id="6a3be18a-c247-4c6f-afe9-f39fa59e6d3f">
      <TestCategory>
        <TestCategoryItem TestCategory="Category1000" />
      </TestCategory>
      <Execution id="8b3e9a05-5705-4a19-962a-2af27367f5db" />
      <TestMethod codeBase="C:\Projekty\MSTestProject\bin\Debug\netcoreapp3.1\MSTestProject.dll" adapterTypeName="executor://mstestadapter/v2" className="TwojeWesele.Services.Helpers.Tests.CurrencyHelperTests" name="FormatToStringTest1000" />
    </UnitTest>
    <UnitTest name="FormatToStringTest1000 (16986.338876065027,16986.34 zł)" storage="c:\projekty\mstestproject\bin\debug\netcoreapp3.1\mstestproject.dll" id="49c490f3-c1c6-4202-8b8d-81b851cc0781">
      <TestCategory>
        <TestCategoryItem TestCategory="Category1000" />
      </TestCategory>
      <Execution id="07329d33-e420-45f5-806f-5a53f41d2bdb" />
      <TestMethod codeBase="C:\Projekty\MSTestProject\bin\Debug\netcoreapp3.1\MSTestProject.dll" adapterTypeName="executor://mstestadapter/v2" className="TwojeWesele.Services.Helpers.Tests.CurrencyHelperTests" name="FormatToStringTest1000" />
    </UnitTest>
    <UnitTest name="FormatToStringTest1000 (35905.47425787219,35905.47 zł)" storage="c:\projekty\mstestproject\bin\debug\netcoreapp3.1\mstestproject.dll" id="40255023-51e6-4ba2-956c-fddb074ed0ad">
      <TestCategory>
        <TestCategoryItem TestCategory="Category1000" />
      </TestCategory>
      <Execution id="15be6398-1aa1-4ad3-ac6f-2509178e18c5" />
      <TestMethod codeBase="C:\Projekty\MSTestProject\bin\Debug\netcoreapp3.1\MSTestProject.dll" adapterTypeName="executor://mstestadapter/v2" className="TwojeWesele.Services.Helpers.Tests.CurrencyHelperTests" name="FormatToStringTest1000" />
    </UnitTest>
    <UnitTest name="FormatToStringTest1000 (9431.144757136304,9431.14 zł)" storage="c:\projekty\mstestproject\bin\debug\netcoreapp3.1\mstestproject.dll" id="619f2922-fb23-4328-b781-2993ce20d07a">
      <TestCategory>
        <TestCategoryItem TestCategory="Category1000" />
      </TestCategory>
      <Execution id="1f8574fb-1b51-4026-8623-1d7b85b0fde5" />
      <TestMethod codeBase="C:\Projekty\MSTestProject\bin\Debug\netcoreapp3.1\MSTestProject.dll" adapterTypeName="executor://mstestadapter/v2" className="TwojeWesele.Services.Helpers.Tests.CurrencyHelperTests" name="FormatToStringTest1000" />
    </UnitTest>
    <UnitTest name="FormatToStringTest1000 (6890.028458985514,6890.03 zł)" storage="c:\projekty\mstestproject\bin\debug\netcoreapp3.1\mstestproject.dll" id="cbac8fce-9912-45fb-945e-7f90d1249e43">
      <TestCategory>
        <TestCategoryItem TestCategory="Category1000" />
      </TestCategory>
      <Execution id="893eabda-0568-4759-aa9f-100aa0e39376" />
      <TestMethod codeBase="C:\Projekty\MSTestProject\bin\Debug\netcoreapp3.1\MSTestProject.dll" adapterTypeName="executor://mstestadapter/v2" className="TwojeWesele.Services.Helpers.Tests.CurrencyHelperTests" name="FormatToStringTest1000" />
    </UnitTest>
    <UnitTest name="FormatToStringTest1000 (47630.39193684067,47630.39 zł)" storage="c:\projekty\mstestproject\bin\debug\netcoreapp3.1\mstestproject.dll" id="b295211a-feee-4fd8-9c22-dc0a1e692a04">
      <TestCategory>
        <TestCategoryItem TestCategory="Category1000" />
      </TestCategory>
      <Execution id="db9f066d-d28a-46fa-88ad-18db526bdec8" />
      <TestMethod codeBase="C:\Projekty\MSTestProject\bin\Debug\netcoreapp3.1\MSTestProject.dll" adapterTypeName="executor://mstestadapter/v2" className="TwojeWesele.Services.Helpers.Tests.CurrencyHelperTests" name="FormatToStringTest1000" />
    </UnitTest>
    <UnitTest name="FormatToStringTest1000 (6820.105136090938,6820.11 zł)" storage="c:\projekty\mstestproject\bin\debug\netcoreapp3.1\mstestproject.dll" id="8bd3a4a9-a0dd-43ba-848b-ee64d38023e1">
      <TestCategory>
        <TestCategoryItem TestCategory="Category1000" />
      </TestCategory>
      <Execution id="e9e40cfa-1fa7-4d46-b562-bb5a4c53fb0c" />
      <TestMethod codeBase="C:\Projekty\MSTestProject\bin\Debug\netcoreapp3.1\MSTestProject.dll" adapterTypeName="executor://mstestadapter/v2" className="TwojeWesele.Services.Helpers.Tests.CurrencyHelperTests" name="FormatToStringTest1000" />
    </UnitTest>
    <UnitTest name="FormatToStringTest1000 (19208.676036795914,19208.68 zł)" storage="c:\projekty\mstestproject\bin\debug\netcoreapp3.1\mstestproject.dll" id="63bca0d0-7524-43e4-982a-e1437b22c9fe">
      <TestCategory>
        <TestCategoryItem TestCategory="Category1000" />
      </TestCategory>
      <Execution id="20481a4e-3a3d-49e9-8bf3-a35d2e9266fc" />
      <TestMethod codeBase="C:\Projekty\MSTestProject\bin\Debug\netcoreapp3.1\MSTestProject.dll" adapterTypeName="executor://mstestadapter/v2" className="TwojeWesele.Services.Helpers.Tests.CurrencyHelperTests" name="FormatToStringTest1000" />
    </UnitTest>
    <UnitTest name="FormatToStringTest1000 (7348.947429818543,7348.95 zł)" storage="c:\projekty\mstestproject\bin\debug\netcoreapp3.1\mstestproject.dll" id="e11f69a8-8c75-4114-af64-d5c3ccd497a7">
      <TestCategory>
        <TestCategoryItem TestCategory="Category1000" />
      </TestCategory>
      <Execution id="d3e3791d-8b39-46e1-9211-4dc4e9c0f168" />
      <TestMethod codeBase="C:\Projekty\MSTestProject\bin\Debug\netcoreapp3.1\MSTestProject.dll" adapterTypeName="executor://mstestadapter/v2" className="TwojeWesele.Services.Helpers.Tests.CurrencyHelperTests" name="FormatToStringTest1000" />
    </UnitTest>
    <UnitTest name="FormatToStringTest1000 (52858.048916166204,52858.05 zł)" storage="c:\projekty\mstestproject\bin\debug\netcoreapp3.1\mstestproject.dll" id="2cd027b2-c5dd-4a55-a3b3-4bbe6877d18f">
      <TestCategory>
        <TestCategoryItem TestCategory="Category1000" />
      </TestCategory>
      <Execution id="6437a7b7-6557-416e-a87a-6c3dd17798c9" />
      <TestMethod codeBase="C:\Projekty\MSTestProject\bin\Debug\netcoreapp3.1\MSTestProject.dll" adapterTypeName="executor://mstestadapter/v2" className="TwojeWesele.Services.Helpers.Tests.CurrencyHelperTests" name="FormatToStringTest1000" />
    </UnitTest>
    <UnitTest name="FormatToStringTest1000 (9151.103070427245,9151.10 zł)" storage="c:\projekty\mstestproject\bin\debug\netcoreapp3.1\mstestproject.dll" id="100a2caa-6e54-4e73-9397-708e4f162f1d">
      <TestCategory>
        <TestCategoryItem TestCategory="Category1000" />
      </TestCategory>
      <Execution id="a759504c-20ae-47b6-8365-1f878b56eca7" />
      <TestMethod codeBase="C:\Projekty\MSTestProject\bin\Debug\netcoreapp3.1\MSTestProject.dll" adapterTypeName="executor://mstestadapter/v2" className="TwojeWesele.Services.Helpers.Tests.CurrencyHelperTests" name="FormatToStringTest1000" />
    </UnitTest>
    <UnitTest name="FormatToStringTest1000 (30034.922435005625,30034.92 zł)" storage="c:\projekty\mstestproject\bin\debug\netcoreapp3.1\mstestproject.dll" id="80024e89-37d4-49f9-8edb-6992216c4156">
      <TestCategory>
        <TestCategoryItem TestCategory="Category1000" />
      </TestCategory>
      <Execution id="d1ab6ac8-c952-4bee-a960-94e13f9f6f3b" />
      <TestMethod codeBase="C:\Projekty\MSTestProject\bin\Debug\netcoreapp3.1\MSTestProject.dll" adapterTypeName="executor://mstestadapter/v2" className="TwojeWesele.Services.Helpers.Tests.CurrencyHelperTests" name="FormatToStringTest1000" />
    </UnitTest>
    <UnitTest name="FormatToStringTest1000 (93775.33090185716,93775.33 zł)" storage="c:\projekty\mstestproject\bin\debug\netcoreapp3.1\mstestproject.dll" id="03e75d80-38a1-47f7-9921-b8fda2e4edd1">
      <TestCategory>
        <TestCategoryItem TestCategory="Category1000" />
      </TestCategory>
      <Execution id="7d55b3a3-676c-4640-981a-a404366dff41" />
      <TestMethod codeBase="C:\Projekty\MSTestProject\bin\Debug\netcoreapp3.1\MSTestProject.dll" adapterTypeName="executor://mstestadapter/v2" className="TwojeWesele.Services.Helpers.Tests.CurrencyHelperTests" name="FormatToStringTest1000" />
    </UnitTest>
    <UnitTest name="FormatToStringTest1000 (13541.45472935096,13541.45 zł)" storage="c:\projekty\mstestproject\bin\debug\netcoreapp3.1\mstestproject.dll" id="5e0c25c1-2b22-44b0-94d0-22fb8d076f3a">
      <TestCategory>
        <TestCategoryItem TestCategory="Category1000" />
      </TestCategory>
      <Execution id="ea9722be-48a1-416f-a128-8d85b23dbacc" />
      <TestMethod codeBase="C:\Projekty\MSTestProject\bin\Debug\netcoreapp3.1\MSTestProject.dll" adapterTypeName="executor://mstestadapter/v2" className="TwojeWesele.Services.Helpers.Tests.CurrencyHelperTests" name="FormatToStringTest1000" />
    </UnitTest>
    <UnitTest name="FormatToStringTest1000 (88584.97010041306,88584.97 zł)" storage="c:\projekty\mstestproject\bin\debug\netcoreapp3.1\mstestproject.dll" id="22539be4-6900-4d85-82de-7198cb10c371">
      <TestCategory>
        <TestCategoryItem TestCategory="Category1000" />
      </TestCategory>
      <Execution id="bd816c6b-ef27-459e-8576-e2dce5d49b0e" />
      <TestMethod codeBase="C:\Projekty\MSTestProject\bin\Debug\netcoreapp3.1\MSTestProject.dll" adapterTypeName="executor://mstestadapter/v2" className="TwojeWesele.Services.Helpers.Tests.CurrencyHelperTests" name="FormatToStringTest1000" />
    </UnitTest>
    <UnitTest name="FormatToStringTest1000 (7202.052143613367,7202.05 zł)" storage="c:\projekty\mstestproject\bin\debug\netcoreapp3.1\mstestproject.dll" id="373217ab-a357-43b5-b823-b2022420ec43">
      <TestCategory>
        <TestCategoryItem TestCategory="Category1000" />
      </TestCategory>
      <Execution id="8e0b4948-7beb-400f-974c-7c9e5553ee12" />
      <TestMethod codeBase="C:\Projekty\MSTestProject\bin\Debug\netcoreapp3.1\MSTestProject.dll" adapterTypeName="executor://mstestadapter/v2" className="TwojeWesele.Services.Helpers.Tests.CurrencyHelperTests" name="FormatToStringTest1000" />
    </UnitTest>
    <UnitTest name="FormatToStringTest1000 (28502.61128259758,28502.61 zł)" storage="c:\projekty\mstestproject\bin\debug\netcoreapp3.1\mstestproject.dll" id="6278f2c7-0ae5-47ed-8c87-8cb660d667ba">
      <TestCategory>
        <TestCategoryItem TestCategory="Category1000" />
      </TestCategory>
      <Execution id="908b34c2-9bf2-4102-9648-61ec29664d5a" />
      <TestMethod codeBase="C:\Projekty\MSTestProject\bin\Debug\netcoreapp3.1\MSTestProject.dll" adapterTypeName="executor://mstestadapter/v2" className="TwojeWesele.Services.Helpers.Tests.CurrencyHelperTests" name="FormatToStringTest1000" />
    </UnitTest>
    <UnitTest name="FormatToStringTest1000 (42555.01416107594,42555.01 zł)" storage="c:\projekty\mstestproject\bin\debug\netcoreapp3.1\mstestproject.dll" id="c70ad991-77e5-4b72-be77-afdb4a875664">
      <TestCategory>
        <TestCategoryItem TestCategory="Category1000" />
      </TestCategory>
      <Execution id="479699f6-a604-4326-bd11-ab38982f1a1a" />
      <TestMethod codeBase="C:\Projekty\MSTestProject\bin\Debug\netcoreapp3.1\MSTestProject.dll" adapterTypeName="executor://mstestadapter/v2" className="TwojeWesele.Services.Helpers.Tests.CurrencyHelperTests" name="FormatToStringTest1000" />
    </UnitTest>
    <UnitTest name="FormatToStringTest1000 (3131.5022711732904,3131.50 zł)" storage="c:\projekty\mstestproject\bin\debug\netcoreapp3.1\mstestproject.dll" id="fa2e18da-9202-4b76-a5f9-b79c16bc6e26">
      <TestCategory>
        <TestCategoryItem TestCategory="Category1000" />
      </TestCategory>
      <Execution id="af8f47bb-1445-4bcb-9b35-9ddf6fdf8a9f" />
      <TestMethod codeBase="C:\Projekty\MSTestProject\bin\Debug\netcoreapp3.1\MSTestProject.dll" adapterTypeName="executor://mstestadapter/v2" className="TwojeWesele.Services.Helpers.Tests.CurrencyHelperTests" name="FormatToStringTest1000" />
    </UnitTest>
    <UnitTest name="FormatToStringTest1000 (45445.182098106096,45445.18 zł)" storage="c:\projekty\mstestproject\bin\debug\netcoreapp3.1\mstestproject.dll" id="c84149aa-7345-4f58-ad72-d95f633fd928">
      <TestCategory>
        <TestCategoryItem TestCategory="Category1000" />
      </TestCategory>
      <Execution id="f1d4ff03-f3b6-4f03-bd00-4215588da9bd" />
      <TestMethod codeBase="C:\Projekty\MSTestProject\bin\Debug\netcoreapp3.1\MSTestProject.dll" adapterTypeName="executor://mstestadapter/v2" className="TwojeWesele.Services.Helpers.Tests.CurrencyHelperTests" name="FormatToStringTest1000" />
    </UnitTest>
    <UnitTest name="FormatToStringTest1000 (37866.43836050967,37866.44 zł)" storage="c:\projekty\mstestproject\bin\debug\netcoreapp3.1\mstestproject.dll" id="7dfd643f-5e9b-4df3-8b55-4b9f59c1ca23">
      <TestCategory>
        <TestCategoryItem TestCategory="Category1000" />
      </TestCategory>
      <Execution id="2449d78b-a853-456a-af09-93d42095a5df" />
      <TestMethod codeBase="C:\Projekty\MSTestProject\bin\Debug\netcoreapp3.1\MSTestProject.dll" adapterTypeName="executor://mstestadapter/v2" className="TwojeWesele.Services.Helpers.Tests.CurrencyHelperTests" name="FormatToStringTest1000" />
    </UnitTest>
    <UnitTest name="FormatToStringTest1000 (4002.4180488374172,4002.42 zł)" storage="c:\projekty\mstestproject\bin\debug\netcoreapp3.1\mstestproject.dll" id="100c4c4d-13a0-4fd7-b95f-243a62b208a8">
      <TestCategory>
        <TestCategoryItem TestCategory="Category1000" />
      </TestCategory>
      <Execution id="6e3aaaab-d00c-46ce-bd59-a7239d53565f" />
      <TestMethod codeBase="C:\Projekty\MSTestProject\bin\Debug\netcoreapp3.1\MSTestProject.dll" adapterTypeName="executor://mstestadapter/v2" className="TwojeWesele.Services.Helpers.Tests.CurrencyHelperTests" name="FormatToStringTest1000" />
    </UnitTest>
    <UnitTest name="FormatToStringTest1000 (13455.521105358153,13455.52 zł)" storage="c:\projekty\mstestproject\bin\debug\netcoreapp3.1\mstestproject.dll" id="9effacf0-045a-46de-8cf4-8ef04f68d331">
      <TestCategory>
        <TestCategoryItem TestCategory="Category1000" />
      </TestCategory>
      <Execution id="0cf76969-4e3e-428b-b780-6f9c52dfb529" />
      <TestMethod codeBase="C:\Projekty\MSTestProject\bin\Debug\netcoreapp3.1\MSTestProject.dll" adapterTypeName="executor://mstestadapter/v2" className="TwojeWesele.Services.Helpers.Tests.CurrencyHelperTests" name="FormatToStringTest1000" />
    </UnitTest>
    <UnitTest name="FormatToStringTest1000 (97129.75160633575,97129.75 zł)" storage="c:\projekty\mstestproject\bin\debug\netcoreapp3.1\mstestproject.dll" id="8b68366d-9983-4227-835e-083f7d4c5cd6">
      <TestCategory>
        <TestCategoryItem TestCategory="Category1000" />
      </TestCategory>
      <Execution id="e9d020d8-2f99-41ee-95fe-6afa87f4dbf6" />
      <TestMethod codeBase="C:\Projekty\MSTestProject\bin\Debug\netcoreapp3.1\MSTestProject.dll" adapterTypeName="executor://mstestadapter/v2" className="TwojeWesele.Services.Helpers.Tests.CurrencyHelperTests" name="FormatToStringTest1000" />
    </UnitTest>
    <UnitTest name="FormatToStringTest1000 (1687.5965557361937,1687.60 zł)" storage="c:\projekty\mstestproject\bin\debug\netcoreapp3.1\mstestproject.dll" id="f77d03a6-e8a7-498e-8527-63bf6858b634">
      <TestCategory>
        <TestCategoryItem TestCategory="Category1000" />
      </TestCategory>
      <Execution id="8915a747-7160-4640-9782-9eb5598a9cb2" />
      <TestMethod codeBase="C:\Projekty\MSTestProject\bin\Debug\netcoreapp3.1\MSTestProject.dll" adapterTypeName="executor://mstestadapter/v2" className="TwojeWesele.Services.Helpers.Tests.CurrencyHelperTests" name="FormatToStringTest1000" />
    </UnitTest>
    <UnitTest name="FormatToStringTest1000 (801.5720517614726,801.57 zł)" storage="c:\projekty\mstestproject\bin\debug\netcoreapp3.1\mstestproject.dll" id="548c4898-85ac-4343-b9d5-85cf03c53e88">
      <TestCategory>
        <TestCategoryItem TestCategory="Category1000" />
      </TestCategory>
      <Execution id="d933a6dc-2130-4e4b-a5c1-3170835b3697" />
      <TestMethod codeBase="C:\Projekty\MSTestProject\bin\Debug\netcoreapp3.1\MSTestProject.dll" adapterTypeName="executor://mstestadapter/v2" className="TwojeWesele.Services.Helpers.Tests.CurrencyHelperTests" name="FormatToStringTest1000" />
    </UnitTest>
    <UnitTest name="FormatToStringTest1000 (46790.41011887715,46790.41 zł)" storage="c:\projekty\mstestproject\bin\debug\netcoreapp3.1\mstestproject.dll" id="efe89f48-de4c-498a-a2b0-ab0d57f5fb37">
      <TestCategory>
        <TestCategoryItem TestCategory="Category1000" />
      </TestCategory>
      <Execution id="4448c3b3-9e3d-42fc-a137-7a89cd57199e" />
      <TestMethod codeBase="C:\Projekty\MSTestProject\bin\Debug\netcoreapp3.1\MSTestProject.dll" adapterTypeName="executor://mstestadapter/v2" className="TwojeWesele.Services.Helpers.Tests.CurrencyHelperTests" name="FormatToStringTest1000" />
    </UnitTest>
    <UnitTest name="FormatToStringTest1000 (11022.594234092438,11022.59 zł)" storage="c:\projekty\mstestproject\bin\debug\netcoreapp3.1\mstestproject.dll" id="bcb13d1e-6684-4490-b7aa-9620b317e8f7">
      <TestCategory>
        <TestCategoryItem TestCategory="Category1000" />
      </TestCategory>
      <Execution id="e177b51e-f220-49ea-b8e0-51a165756084" />
      <TestMethod codeBase="C:\Projekty\MSTestProject\bin\Debug\netcoreapp3.1\MSTestProject.dll" adapterTypeName="executor://mstestadapter/v2" className="TwojeWesele.Services.Helpers.Tests.CurrencyHelperTests" name="FormatToStringTest1000" />
    </UnitTest>
    <UnitTest name="FormatToStringTest1000 (12091.219941106729,12091.22 zł)" storage="c:\projekty\mstestproject\bin\debug\netcoreapp3.1\mstestproject.dll" id="6585ac72-84cb-44b9-b5ad-cef297b36f35">
      <TestCategory>
        <TestCategoryItem TestCategory="Category1000" />
      </TestCategory>
      <Execution id="1ea6062b-d590-4cd8-9fe9-df1dc408c16f" />
      <TestMethod codeBase="C:\Projekty\MSTestProject\bin\Debug\netcoreapp3.1\MSTestProject.dll" adapterTypeName="executor://mstestadapter/v2" className="TwojeWesele.Services.Helpers.Tests.CurrencyHelperTests" name="FormatToStringTest1000" />
    </UnitTest>
    <UnitTest name="FormatToStringTest1000 (25039.088753207627,25039.09 zł)" storage="c:\projekty\mstestproject\bin\debug\netcoreapp3.1\mstestproject.dll" id="4c277f6d-d0d7-4741-8d03-0dffbe05624d">
      <TestCategory>
        <TestCategoryItem TestCategory="Category1000" />
      </TestCategory>
      <Execution id="e51c88e9-3917-4e23-a3f9-7f1b0d3e5612" />
      <TestMethod codeBase="C:\Projekty\MSTestProject\bin\Debug\netcoreapp3.1\MSTestProject.dll" adapterTypeName="executor://mstestadapter/v2" className="TwojeWesele.Services.Helpers.Tests.CurrencyHelperTests" name="FormatToStringTest1000" />
    </UnitTest>
    <UnitTest name="FormatToStringTest1000 (18786.954468002055,18786.95 zł)" storage="c:\projekty\mstestproject\bin\debug\netcoreapp3.1\mstestproject.dll" id="bb055682-be10-4493-a97a-c18033d20e00">
      <TestCategory>
        <TestCategoryItem TestCategory="Category1000" />
      </TestCategory>
      <Execution id="e60acd58-1f40-4c20-b4b0-09735a7907d3" />
      <TestMethod codeBase="C:\Projekty\MSTestProject\bin\Debug\netcoreapp3.1\MSTestProject.dll" adapterTypeName="executor://mstestadapter/v2" className="TwojeWesele.Services.Helpers.Tests.CurrencyHelperTests" name="FormatToStringTest1000" />
    </UnitTest>
    <UnitTest name="FormatToStringTest1000 (67338.80028760935,67338.80 zł)" storage="c:\projekty\mstestproject\bin\debug\netcoreapp3.1\mstestproject.dll" id="3ece008b-24cb-48c2-82cd-2012660fcfca">
      <TestCategory>
        <TestCategoryItem TestCategory="Category1000" />
      </TestCategory>
      <Execution id="ff93c07b-0420-4de4-83c7-899e3a7669b0" />
      <TestMethod codeBase="C:\Projekty\MSTestProject\bin\Debug\netcoreapp3.1\MSTestProject.dll" adapterTypeName="executor://mstestadapter/v2" className="TwojeWesele.Services.Helpers.Tests.CurrencyHelperTests" name="FormatToStringTest1000" />
    </UnitTest>
    <UnitTest name="FormatToStringTest1000 (31805.23430354532,31805.23 zł)" storage="c:\projekty\mstestproject\bin\debug\netcoreapp3.1\mstestproject.dll" id="a88fe81a-ad39-4f3b-8615-e8da76d70efa">
      <TestCategory>
        <TestCategoryItem TestCategory="Category1000" />
      </TestCategory>
      <Execution id="6cd06ec4-7b30-421e-b6a2-add4e0bc5dc9" />
      <TestMethod codeBase="C:\Projekty\MSTestProject\bin\Debug\netcoreapp3.1\MSTestProject.dll" adapterTypeName="executor://mstestadapter/v2" className="TwojeWesele.Services.Helpers.Tests.CurrencyHelperTests" name="FormatToStringTest1000" />
    </UnitTest>
    <UnitTest name="FormatToStringTest1000 (37589.670531794276,37589.67 zł)" storage="c:\projekty\mstestproject\bin\debug\netcoreapp3.1\mstestproject.dll" id="33e3678c-f712-42ec-b204-2d729437e1e7">
      <TestCategory>
        <TestCategoryItem TestCategory="Category1000" />
      </TestCategory>
      <Execution id="9683d8b0-90e3-4f06-9e08-a3fcb87e77c7" />
      <TestMethod codeBase="C:\Projekty\MSTestProject\bin\Debug\netcoreapp3.1\MSTestProject.dll" adapterTypeName="executor://mstestadapter/v2" className="TwojeWesele.Services.Helpers.Tests.CurrencyHelperTests" name="FormatToStringTest1000" />
    </UnitTest>
    <UnitTest name="FormatToStringTest1000 (48684.26840475959,48684.27 zł)" storage="c:\projekty\mstestproject\bin\debug\netcoreapp3.1\mstestproject.dll" id="422ff193-779e-42a8-b2d4-17d2212c00b9">
      <TestCategory>
        <TestCategoryItem TestCategory="Category1000" />
      </TestCategory>
      <Execution id="a777d89e-1c4d-4b08-864e-2bb12af1b2d6" />
      <TestMethod codeBase="C:\Projekty\MSTestProject\bin\Debug\netcoreapp3.1\MSTestProject.dll" adapterTypeName="executor://mstestadapter/v2" className="TwojeWesele.Services.Helpers.Tests.CurrencyHelperTests" name="FormatToStringTest1000" />
    </UnitTest>
    <UnitTest name="FormatToStringTest1000 (485.6735566554933,485.67 zł)" storage="c:\projekty\mstestproject\bin\debug\netcoreapp3.1\mstestproject.dll" id="e4f86767-14b1-480b-9d45-1d0006ca15f0">
      <TestCategory>
        <TestCategoryItem TestCategory="Category1000" />
      </TestCategory>
      <Execution id="ed4efa0f-3fb0-4ffb-a890-9e603b6d11b1" />
      <TestMethod codeBase="C:\Projekty\MSTestProject\bin\Debug\netcoreapp3.1\MSTestProject.dll" adapterTypeName="executor://mstestadapter/v2" className="TwojeWesele.Services.Helpers.Tests.CurrencyHelperTests" name="FormatToStringTest1000" />
    </UnitTest>
    <UnitTest name="FormatToStringTest1000 (43727.735558145556,43727.74 zł)" storage="c:\projekty\mstestproject\bin\debug\netcoreapp3.1\mstestproject.dll" id="79199b0d-0725-4c13-a85f-ab5a072e236e">
      <TestCategory>
        <TestCategoryItem TestCategory="Category1000" />
      </TestCategory>
      <Execution id="a29d904c-beec-4439-845d-0cac0b33f848" />
      <TestMethod codeBase="C:\Projekty\MSTestProject\bin\Debug\netcoreapp3.1\MSTestProject.dll" adapterTypeName="executor://mstestadapter/v2" className="TwojeWesele.Services.Helpers.Tests.CurrencyHelperTests" name="FormatToStringTest1000" />
    </UnitTest>
    <UnitTest name="FormatToStringTest1000 (10370.0107542784,10370.01 zł)" storage="c:\projekty\mstestproject\bin\debug\netcoreapp3.1\mstestproject.dll" id="5002ac52-321c-4da8-b16e-30d3ace2de9a">
      <TestCategory>
        <TestCategoryItem TestCategory="Category1000" />
      </TestCategory>
      <Execution id="359a66ec-ee71-4d92-b8fb-dd5a8ede7777" />
      <TestMethod codeBase="C:\Projekty\MSTestProject\bin\Debug\netcoreapp3.1\MSTestProject.dll" adapterTypeName="executor://mstestadapter/v2" className="TwojeWesele.Services.Helpers.Tests.CurrencyHelperTests" name="FormatToStringTest1000" />
    </UnitTest>
    <UnitTest name="FormatToStringTest1000 (5548.360986085777,5548.36 zł)" storage="c:\projekty\mstestproject\bin\debug\netcoreapp3.1\mstestproject.dll" id="ab787567-176d-4e77-9ec6-4653d12afff2">
      <TestCategory>
        <TestCategoryItem TestCategory="Category1000" />
      </TestCategory>
      <Execution id="f97c5c3a-7b42-4b11-b310-d7141499cd62" />
      <TestMethod codeBase="C:\Projekty\MSTestProject\bin\Debug\netcoreapp3.1\MSTestProject.dll" adapterTypeName="executor://mstestadapter/v2" className="TwojeWesele.Services.Helpers.Tests.CurrencyHelperTests" name="FormatToStringTest1000" />
    </UnitTest>
    <UnitTest name="FormatToStringTest1000 (18340.935049000167,18340.94 zł)" storage="c:\projekty\mstestproject\bin\debug\netcoreapp3.1\mstestproject.dll" id="fda9e6af-bfd6-493b-bbdd-6743356c8a9b">
      <TestCategory>
        <TestCategoryItem TestCategory="Category1000" />
      </TestCategory>
      <Execution id="c6cf8c04-f8bd-4164-b22e-9432e1c9d7aa" />
      <TestMethod codeBase="C:\Projekty\MSTestProject\bin\Debug\netcoreapp3.1\MSTestProject.dll" adapterTypeName="executor://mstestadapter/v2" className="TwojeWesele.Services.Helpers.Tests.CurrencyHelperTests" name="FormatToStringTest1000" />
    </UnitTest>
    <UnitTest name="FormatToStringTest1000 (1011.9989482094529,1012.00 zł)" storage="c:\projekty\mstestproject\bin\debug\netcoreapp3.1\mstestproject.dll" id="e3261be6-c006-4542-aa61-2acbd36ec2da">
      <TestCategory>
        <TestCategoryItem TestCategory="Category1000" />
      </TestCategory>
      <Execution id="9a0569ed-3fa8-4d5c-a254-ea5dcb43b3dc" />
      <TestMethod codeBase="C:\Projekty\MSTestProject\bin\Debug\netcoreapp3.1\MSTestProject.dll" adapterTypeName="executor://mstestadapter/v2" className="TwojeWesele.Services.Helpers.Tests.CurrencyHelperTests" name="FormatToStringTest1000" />
    </UnitTest>
    <UnitTest name="FormatToStringTest1000 (13402.882692040355,13402.88 zł)" storage="c:\projekty\mstestproject\bin\debug\netcoreapp3.1\mstestproject.dll" id="a99f04a8-8365-4a65-94f6-1b941c2ba456">
      <TestCategory>
        <TestCategoryItem TestCategory="Category1000" />
      </TestCategory>
      <Execution id="996e3cb5-d1e4-4c3a-bb0e-3c62b242c22b" />
      <TestMethod codeBase="C:\Projekty\MSTestProject\bin\Debug\netcoreapp3.1\MSTestProject.dll" adapterTypeName="executor://mstestadapter/v2" className="TwojeWesele.Services.Helpers.Tests.CurrencyHelperTests" name="FormatToStringTest1000" />
    </UnitTest>
    <UnitTest name="FormatToStringTest1000 (28298.945361683585,28298.95 zł)" storage="c:\projekty\mstestproject\bin\debug\netcoreapp3.1\mstestproject.dll" id="eee3600f-71c3-4915-8ccb-80769fdd8579">
      <TestCategory>
        <TestCategoryItem TestCategory="Category1000" />
      </TestCategory>
      <Execution id="03c6b7ae-516d-4459-9fb6-34a36cf10491" />
      <TestMethod codeBase="C:\Projekty\MSTestProject\bin\Debug\netcoreapp3.1\MSTestProject.dll" adapterTypeName="executor://mstestadapter/v2" className="TwojeWesele.Services.Helpers.Tests.CurrencyHelperTests" name="FormatToStringTest1000" />
    </UnitTest>
    <UnitTest name="FormatToStringTest1000 (726.8087564975995,726.81 zł)" storage="c:\projekty\mstestproject\bin\debug\netcoreapp3.1\mstestproject.dll" id="4d8e8289-8996-46a4-8c95-0d50b6d5f63d">
      <TestCategory>
        <TestCategoryItem TestCategory="Category1000" />
      </TestCategory>
      <Execution id="c1c5de71-8302-4e24-a52e-ec39433868ff" />
      <TestMethod codeBase="C:\Projekty\MSTestProject\bin\Debug\netcoreapp3.1\MSTestProject.dll" adapterTypeName="executor://mstestadapter/v2" className="TwojeWesele.Services.Helpers.Tests.CurrencyHelperTests" name="FormatToStringTest1000" />
    </UnitTest>
    <UnitTest name="FormatToStringTest1000 (15520.346099893259,15520.35 zł)" storage="c:\projekty\mstestproject\bin\debug\netcoreapp3.1\mstestproject.dll" id="ba9c0a6e-f699-432b-a4ba-7d11076d9945">
      <TestCategory>
        <TestCategoryItem TestCategory="Category1000" />
      </TestCategory>
      <Execution id="399b7643-6447-4923-8d6c-96e4cc302c3b" />
      <TestMethod codeBase="C:\Projekty\MSTestProject\bin\Debug\netcoreapp3.1\MSTestProject.dll" adapterTypeName="executor://mstestadapter/v2" className="TwojeWesele.Services.Helpers.Tests.CurrencyHelperTests" name="FormatToStringTest1000" />
    </UnitTest>
    <UnitTest name="FormatToStringTest1000 (18340.8953197882,18340.90 zł)" storage="c:\projekty\mstestproject\bin\debug\netcoreapp3.1\mstestproject.dll" id="4edc78b2-faeb-4518-aa48-de3a7bf36cdd">
      <TestCategory>
        <TestCategoryItem TestCategory="Category1000" />
      </TestCategory>
      <Execution id="20fca30e-6a2c-40b5-8fb4-5e62f4d06037" />
      <TestMethod codeBase="C:\Projekty\MSTestProject\bin\Debug\netcoreapp3.1\MSTestProject.dll" adapterTypeName="executor://mstestadapter/v2" className="TwojeWesele.Services.Helpers.Tests.CurrencyHelperTests" name="FormatToStringTest1000" />
    </UnitTest>
    <UnitTest name="FormatToStringTest1000 (23980.12943509646,23980.13 zł)" storage="c:\projekty\mstestproject\bin\debug\netcoreapp3.1\mstestproject.dll" id="beb396c5-8d97-4b97-a2c4-72b2190bee1e">
      <TestCategory>
        <TestCategoryItem TestCategory="Category1000" />
      </TestCategory>
      <Execution id="1de71e2f-9fd5-41db-813e-b302dbb1c730" />
      <TestMethod codeBase="C:\Projekty\MSTestProject\bin\Debug\netcoreapp3.1\MSTestProject.dll" adapterTypeName="executor://mstestadapter/v2" className="TwojeWesele.Services.Helpers.Tests.CurrencyHelperTests" name="FormatToStringTest1000" />
    </UnitTest>
    <UnitTest name="FormatToStringTest1000 (4525.609305084501,4525.61 zł)" storage="c:\projekty\mstestproject\bin\debug\netcoreapp3.1\mstestproject.dll" id="39016afb-13cb-4800-8541-37077589c7a0">
      <TestCategory>
        <TestCategoryItem TestCategory="Category1000" />
      </TestCategory>
      <Execution id="04e70984-968a-4792-9988-f1e076d9ce56" />
      <TestMethod codeBase="C:\Projekty\MSTestProject\bin\Debug\netcoreapp3.1\MSTestProject.dll" adapterTypeName="executor://mstestadapter/v2" className="TwojeWesele.Services.Helpers.Tests.CurrencyHelperTests" name="FormatToStringTest1000" />
    </UnitTest>
    <UnitTest name="FormatToStringTest1000 (13206.129467931636,13206.13 zł)" storage="c:\projekty\mstestproject\bin\debug\netcoreapp3.1\mstestproject.dll" id="48b89fa9-f6c2-4c5b-962f-db530627c1c6">
      <TestCategory>
        <TestCategoryItem TestCategory="Category1000" />
      </TestCategory>
      <Execution id="a97825f6-cdce-448f-bdbb-1f3e1439f08a" />
      <TestMethod codeBase="C:\Projekty\MSTestProject\bin\Debug\netcoreapp3.1\MSTestProject.dll" adapterTypeName="executor://mstestadapter/v2" className="TwojeWesele.Services.Helpers.Tests.CurrencyHelperTests" name="FormatToStringTest1000" />
    </UnitTest>
    <UnitTest name="FormatToStringTest1000 (10495.622655484185,10495.62 zł)" storage="c:\projekty\mstestproject\bin\debug\netcoreapp3.1\mstestproject.dll" id="01899038-e8a5-486e-bed7-328703e606d4">
      <TestCategory>
        <TestCategoryItem TestCategory="Category1000" />
      </TestCategory>
      <Execution id="98d48431-6926-42af-bac8-5dc5532303c9" />
      <TestMethod codeBase="C:\Projekty\MSTestProject\bin\Debug\netcoreapp3.1\MSTestProject.dll" adapterTypeName="executor://mstestadapter/v2" className="TwojeWesele.Services.Helpers.Tests.CurrencyHelperTests" name="FormatToStringTest1000" />
    </UnitTest>
    <UnitTest name="FormatToStringTest1000 (13574.683315038068,13574.68 zł)" storage="c:\projekty\mstestproject\bin\debug\netcoreapp3.1\mstestproject.dll" id="bc5db750-f13a-45b2-a7f7-2691530ad215">
      <TestCategory>
        <TestCategoryItem TestCategory="Category1000" />
      </TestCategory>
      <Execution id="0412c730-be32-4c0d-9cef-308b22f3165e" />
      <TestMethod codeBase="C:\Projekty\MSTestProject\bin\Debug\netcoreapp3.1\MSTestProject.dll" adapterTypeName="executor://mstestadapter/v2" className="TwojeWesele.Services.Helpers.Tests.CurrencyHelperTests" name="FormatToStringTest1000" />
    </UnitTest>
    <UnitTest name="FormatToStringTest1000 (11.555284778846096,11.56 zł)" storage="c:\projekty\mstestproject\bin\debug\netcoreapp3.1\mstestproject.dll" id="ee4f633c-26e5-499e-b7ed-aa09dda3756a">
      <TestCategory>
        <TestCategoryItem TestCategory="Category1000" />
      </TestCategory>
      <Execution id="c421b14f-f1e7-447e-b785-3f36100590c3" />
      <TestMethod codeBase="C:\Projekty\MSTestProject\bin\Debug\netcoreapp3.1\MSTestProject.dll" adapterTypeName="executor://mstestadapter/v2" className="TwojeWesele.Services.Helpers.Tests.CurrencyHelperTests" name="FormatToStringTest1000" />
    </UnitTest>
    <UnitTest name="FormatToStringTest1000 (16383.352881839199,16383.35 zł)" storage="c:\projekty\mstestproject\bin\debug\netcoreapp3.1\mstestproject.dll" id="4a73e209-80d9-4239-a310-a612aecf486e">
      <TestCategory>
        <TestCategoryItem TestCategory="Category1000" />
      </TestCategory>
      <Execution id="2addf648-629c-46e2-84a8-b42efeeb43e7" />
      <TestMethod codeBase="C:\Projekty\MSTestProject\bin\Debug\netcoreapp3.1\MSTestProject.dll" adapterTypeName="executor://mstestadapter/v2" className="TwojeWesele.Services.Helpers.Tests.CurrencyHelperTests" name="FormatToStringTest1000" />
    </UnitTest>
    <UnitTest name="FormatToStringTest1000 (45070.5442499493,45070.54 zł)" storage="c:\projekty\mstestproject\bin\debug\netcoreapp3.1\mstestproject.dll" id="dc08a8af-4929-45c1-b5c1-ed229115e12e">
      <TestCategory>
        <TestCategoryItem TestCategory="Category1000" />
      </TestCategory>
      <Execution id="04306f25-70bc-4996-babc-ec9782463c01" />
      <TestMethod codeBase="C:\Projekty\MSTestProject\bin\Debug\netcoreapp3.1\MSTestProject.dll" adapterTypeName="executor://mstestadapter/v2" className="TwojeWesele.Services.Helpers.Tests.CurrencyHelperTests" name="FormatToStringTest1000" />
    </UnitTest>
    <UnitTest name="FormatToStringTest1000 (15591.4117417221,15591.41 zł)" storage="c:\projekty\mstestproject\bin\debug\netcoreapp3.1\mstestproject.dll" id="26e297a4-a0d3-4b0c-938b-382699168d36">
      <TestCategory>
        <TestCategoryItem TestCategory="Category1000" />
      </TestCategory>
      <Execution id="1c5a3bcd-1e2c-4045-ad25-723e91cc0998" />
      <TestMethod codeBase="C:\Projekty\MSTestProject\bin\Debug\netcoreapp3.1\MSTestProject.dll" adapterTypeName="executor://mstestadapter/v2" className="TwojeWesele.Services.Helpers.Tests.CurrencyHelperTests" name="FormatToStringTest1000" />
    </UnitTest>
    <UnitTest name="FormatToStringTest1000 (395.45790295882983,395.46 zł)" storage="c:\projekty\mstestproject\bin\debug\netcoreapp3.1\mstestproject.dll" id="3b7c43c2-ebe4-4d9a-8dc3-7b46bb807528">
      <TestCategory>
        <TestCategoryItem TestCategory="Category1000" />
      </TestCategory>
      <Execution id="72a543b9-047a-41f2-bf20-a1a3886b3fc1" />
      <TestMethod codeBase="C:\Projekty\MSTestProject\bin\Debug\netcoreapp3.1\MSTestProject.dll" adapterTypeName="executor://mstestadapter/v2" className="TwojeWesele.Services.Helpers.Tests.CurrencyHelperTests" name="FormatToStringTest1000" />
    </UnitTest>
    <UnitTest name="FormatToStringTest1000 (26885.71162707904,26885.71 zł)" storage="c:\projekty\mstestproject\bin\debug\netcoreapp3.1\mstestproject.dll" id="04657672-30e1-4473-9420-21dbe1ab6985">
      <TestCategory>
        <TestCategoryItem TestCategory="Category1000" />
      </TestCategory>
      <Execution id="97ffbee1-5e56-45e0-b444-ec8e0bdf1d5d" />
      <TestMethod codeBase="C:\Projekty\MSTestProject\bin\Debug\netcoreapp3.1\MSTestProject.dll" adapterTypeName="executor://mstestadapter/v2" className="TwojeWesele.Services.Helpers.Tests.CurrencyHelperTests" name="FormatToStringTest1000" />
    </UnitTest>
    <UnitTest name="FormatToStringTest1000 (55303.17220895699,55303.17 zł)" storage="c:\projekty\mstestproject\bin\debug\netcoreapp3.1\mstestproject.dll" id="02efcad4-80c7-4abe-b3c0-e38553b13b3e">
      <TestCategory>
        <TestCategoryItem TestCategory="Category1000" />
      </TestCategory>
      <Execution id="e2947a2f-aeb1-4840-ab69-0b3bd93696c1" />
      <TestMethod codeBase="C:\Projekty\MSTestProject\bin\Debug\netcoreapp3.1\MSTestProject.dll" adapterTypeName="executor://mstestadapter/v2" className="TwojeWesele.Services.Helpers.Tests.CurrencyHelperTests" name="FormatToStringTest1000" />
    </UnitTest>
    <UnitTest name="FormatToStringTest1000 (35967.54466809684,35967.54 zł)" storage="c:\projekty\mstestproject\bin\debug\netcoreapp3.1\mstestproject.dll" id="8aa0d00c-e893-4bbf-8cad-38ae4c38fadc">
      <TestCategory>
        <TestCategoryItem TestCategory="Category1000" />
      </TestCategory>
      <Execution id="5075e6cb-ea8b-41c4-88a6-c275eb8ef2a4" />
      <TestMethod codeBase="C:\Projekty\MSTestProject\bin\Debug\netcoreapp3.1\MSTestProject.dll" adapterTypeName="executor://mstestadapter/v2" className="TwojeWesele.Services.Helpers.Tests.CurrencyHelperTests" name="FormatToStringTest1000" />
    </UnitTest>
    <UnitTest name="FormatToStringTest1000 (36047.83545033672,36047.84 zł)" storage="c:\projekty\mstestproject\bin\debug\netcoreapp3.1\mstestproject.dll" id="d4921af5-71bd-464b-a361-320afc646dbd">
      <TestCategory>
        <TestCategoryItem TestCategory="Category1000" />
      </TestCategory>
      <Execution id="58238cb1-3f01-4f54-a668-103e6b0304f7" />
      <TestMethod codeBase="C:\Projekty\MSTestProject\bin\Debug\netcoreapp3.1\MSTestProject.dll" adapterTypeName="executor://mstestadapter/v2" className="TwojeWesele.Services.Helpers.Tests.CurrencyHelperTests" name="FormatToStringTest1000" />
    </UnitTest>
    <UnitTest name="FormatToStringTest1000 (61633.2671179945,61633.27 zł)" storage="c:\projekty\mstestproject\bin\debug\netcoreapp3.1\mstestproject.dll" id="63ff8fd8-b6f8-49e2-a4b5-2cb11c900749">
      <TestCategory>
        <TestCategoryItem TestCategory="Category1000" />
      </TestCategory>
      <Execution id="312a04b7-a121-41f1-9b65-7d13a7d1f569" />
      <TestMethod codeBase="C:\Projekty\MSTestProject\bin\Debug\netcoreapp3.1\MSTestProject.dll" adapterTypeName="executor://mstestadapter/v2" className="TwojeWesele.Services.Helpers.Tests.CurrencyHelperTests" name="FormatToStringTest1000" />
    </UnitTest>
    <UnitTest name="FormatToStringTest1000 (7594.279030504766,7594.28 zł)" storage="c:\projekty\mstestproject\bin\debug\netcoreapp3.1\mstestproject.dll" id="a0800171-5e85-49ae-8793-da4a4e91cb10">
      <TestCategory>
        <TestCategoryItem TestCategory="Category1000" />
      </TestCategory>
      <Execution id="627ca2c9-3880-49db-86b0-4122069bdc0c" />
      <TestMethod codeBase="C:\Projekty\MSTestProject\bin\Debug\netcoreapp3.1\MSTestProject.dll" adapterTypeName="executor://mstestadapter/v2" className="TwojeWesele.Services.Helpers.Tests.CurrencyHelperTests" name="FormatToStringTest1000" />
    </UnitTest>
    <UnitTest name="FormatToStringTest1000 (1994.0983933439006,1994.10 zł)" storage="c:\projekty\mstestproject\bin\debug\netcoreapp3.1\mstestproject.dll" id="2b267e75-d943-4c29-957a-8254f5228791">
      <TestCategory>
        <TestCategoryItem TestCategory="Category1000" />
      </TestCategory>
      <Execution id="4752ba07-4328-4192-a20d-d71a11f1d5ab" />
      <TestMethod codeBase="C:\Projekty\MSTestProject\bin\Debug\netcoreapp3.1\MSTestProject.dll" adapterTypeName="executor://mstestadapter/v2" className="TwojeWesele.Services.Helpers.Tests.CurrencyHelperTests" name="FormatToStringTest1000" />
    </UnitTest>
    <UnitTest name="FormatToStringTest1000 (14003.84591249742,14003.85 zł)" storage="c:\projekty\mstestproject\bin\debug\netcoreapp3.1\mstestproject.dll" id="28eb24f4-bafb-44a7-99fa-f61fb0e50f2e">
      <TestCategory>
        <TestCategoryItem TestCategory="Category1000" />
      </TestCategory>
      <Execution id="67f3813b-9fc1-4137-aa04-a1d1841d3c7a" />
      <TestMethod codeBase="C:\Projekty\MSTestProject\bin\Debug\netcoreapp3.1\MSTestProject.dll" adapterTypeName="executor://mstestadapter/v2" className="TwojeWesele.Services.Helpers.Tests.CurrencyHelperTests" name="FormatToStringTest1000" />
    </UnitTest>
    <UnitTest name="FormatToStringTest1000 (45340.017357165,45340.02 zł)" storage="c:\projekty\mstestproject\bin\debug\netcoreapp3.1\mstestproject.dll" id="c369ccbb-2258-4943-beb6-efdb2c9b3237">
      <TestCategory>
        <TestCategoryItem TestCategory="Category1000" />
      </TestCategory>
      <Execution id="54adf10d-88f0-4d51-90c8-ac2bcd4a16b1" />
      <TestMethod codeBase="C:\Projekty\MSTestProject\bin\Debug\netcoreapp3.1\MSTestProject.dll" adapterTypeName="executor://mstestadapter/v2" className="TwojeWesele.Services.Helpers.Tests.CurrencyHelperTests" name="FormatToStringTest1000" />
    </UnitTest>
    <UnitTest name="FormatToStringTest1000 (2951.2722077329045,2951.27 zł)" storage="c:\projekty\mstestproject\bin\debug\netcoreapp3.1\mstestproject.dll" id="c94dc9f3-757f-4d10-93a7-b4288f830c46">
      <TestCategory>
        <TestCategoryItem TestCategory="Category1000" />
      </TestCategory>
      <Execution id="de878dce-5d6e-4222-b027-298a13fa7ca0" />
      <TestMethod codeBase="C:\Projekty\MSTestProject\bin\Debug\netcoreapp3.1\MSTestProject.dll" adapterTypeName="executor://mstestadapter/v2" className="TwojeWesele.Services.Helpers.Tests.CurrencyHelperTests" name="FormatToStringTest1000" />
    </UnitTest>
    <UnitTest name="FormatToStringTest1000 (6313.543884690639,6313.54 zł)" storage="c:\projekty\mstestproject\bin\debug\netcoreapp3.1\mstestproject.dll" id="6029ce68-3584-4e0b-9103-5dbe10c6a974">
      <TestCategory>
        <TestCategoryItem TestCategory="Category1000" />
      </TestCategory>
      <Execution id="6cf26aa4-4b84-44d8-ba0a-9ecc0d1d23ea" />
      <TestMethod codeBase="C:\Projekty\MSTestProject\bin\Debug\netcoreapp3.1\MSTestProject.dll" adapterTypeName="executor://mstestadapter/v2" className="TwojeWesele.Services.Helpers.Tests.CurrencyHelperTests" name="FormatToStringTest1000" />
    </UnitTest>
    <UnitTest name="FormatToStringTest1000 (1613.6903705837626,1613.69 zł)" storage="c:\projekty\mstestproject\bin\debug\netcoreapp3.1\mstestproject.dll" id="dc801c75-e71e-4606-b5fa-65f330670bbd">
      <TestCategory>
        <TestCategoryItem TestCategory="Category1000" />
      </TestCategory>
      <Execution id="3e032ab2-4b67-4ac4-830c-4c9b96754b81" />
      <TestMethod codeBase="C:\Projekty\MSTestProject\bin\Debug\netcoreapp3.1\MSTestProject.dll" adapterTypeName="executor://mstestadapter/v2" className="TwojeWesele.Services.Helpers.Tests.CurrencyHelperTests" name="FormatToStringTest1000" />
    </UnitTest>
    <UnitTest name="FormatToStringTest1000 (18208.8422650126,18208.84 zł)" storage="c:\projekty\mstestproject\bin\debug\netcoreapp3.1\mstestproject.dll" id="68a4102a-0081-469f-b0d6-c934874d4c4e">
      <TestCategory>
        <TestCategoryItem TestCategory="Category1000" />
      </TestCategory>
      <Execution id="ded54667-3f93-4cbb-bc61-e4a4f5ce7e43" />
      <TestMethod codeBase="C:\Projekty\MSTestProject\bin\Debug\netcoreapp3.1\MSTestProject.dll" adapterTypeName="executor://mstestadapter/v2" className="TwojeWesele.Services.Helpers.Tests.CurrencyHelperTests" name="FormatToStringTest1000" />
    </UnitTest>
    <UnitTest name="FormatToStringTest1000 (15742.409864349947,15742.41 zł)" storage="c:\projekty\mstestproject\bin\debug\netcoreapp3.1\mstestproject.dll" id="62796633-71d6-4e85-ba7a-ae288dec6b44">
      <TestCategory>
        <TestCategoryItem TestCategory="Category1000" />
      </TestCategory>
      <Execution id="6b767039-d396-4dc0-a426-08918a4e91ec" />
      <TestMethod codeBase="C:\Projekty\MSTestProject\bin\Debug\netcoreapp3.1\MSTestProject.dll" adapterTypeName="executor://mstestadapter/v2" className="TwojeWesele.Services.Helpers.Tests.CurrencyHelperTests" name="FormatToStringTest1000" />
    </UnitTest>
    <UnitTest name="FormatToStringTest1000 (270.1894008262033,270.19 zł)" storage="c:\projekty\mstestproject\bin\debug\netcoreapp3.1\mstestproject.dll" id="78393284-35aa-4169-aadd-0d0b8edbe6a7">
      <TestCategory>
        <TestCategoryItem TestCategory="Category1000" />
      </TestCategory>
      <Execution id="af15a48c-0b54-4faa-bdad-000f9ec01379" />
      <TestMethod codeBase="C:\Projekty\MSTestProject\bin\Debug\netcoreapp3.1\MSTestProject.dll" adapterTypeName="executor://mstestadapter/v2" className="TwojeWesele.Services.Helpers.Tests.CurrencyHelperTests" name="FormatToStringTest1000" />
    </UnitTest>
    <UnitTest name="FormatToStringTest1000 (5504.094303639184,5504.09 zł)" storage="c:\projekty\mstestproject\bin\debug\netcoreapp3.1\mstestproject.dll" id="6cf89d89-01d5-4958-9818-564f5c7b1941">
      <TestCategory>
        <TestCategoryItem TestCategory="Category1000" />
      </TestCategory>
      <Execution id="dcd3743a-f1c4-4e4b-abf2-8daa16528d70" />
      <TestMethod codeBase="C:\Projekty\MSTestProject\bin\Debug\netcoreapp3.1\MSTestProject.dll" adapterTypeName="executor://mstestadapter/v2" className="TwojeWesele.Services.Helpers.Tests.CurrencyHelperTests" name="FormatToStringTest1000" />
    </UnitTest>
    <UnitTest name="FormatToStringTest1000 (33206.73122987837,33206.73 zł)" storage="c:\projekty\mstestproject\bin\debug\netcoreapp3.1\mstestproject.dll" id="2c52b922-afa6-4218-a8d8-9a4aff11e808">
      <TestCategory>
        <TestCategoryItem TestCategory="Category1000" />
      </TestCategory>
      <Execution id="df72fc05-ef94-498c-b26e-9f0a72767f34" />
      <TestMethod codeBase="C:\Projekty\MSTestProject\bin\Debug\netcoreapp3.1\MSTestProject.dll" adapterTypeName="executor://mstestadapter/v2" className="TwojeWesele.Services.Helpers.Tests.CurrencyHelperTests" name="FormatToStringTest1000" />
    </UnitTest>
    <UnitTest name="FormatToStringTest1000 (2115.5076919884923,2115.51 zł)" storage="c:\projekty\mstestproject\bin\debug\netcoreapp3.1\mstestproject.dll" id="f7c4c061-5a20-4b42-8275-236ec197bda2">
      <TestCategory>
        <TestCategoryItem TestCategory="Category1000" />
      </TestCategory>
      <Execution id="af8ac78b-1cfb-463a-845e-0e5321b8092b" />
      <TestMethod codeBase="C:\Projekty\MSTestProject\bin\Debug\netcoreapp3.1\MSTestProject.dll" adapterTypeName="executor://mstestadapter/v2" className="TwojeWesele.Services.Helpers.Tests.CurrencyHelperTests" name="FormatToStringTest1000" />
    </UnitTest>
    <UnitTest name="FormatToStringTest1000 (100.45267071130345,100.45 zł)" storage="c:\projekty\mstestproject\bin\debug\netcoreapp3.1\mstestproject.dll" id="2615ced1-0f5e-443f-9046-155eb1db7686">
      <TestCategory>
        <TestCategoryItem TestCategory="Category1000" />
      </TestCategory>
      <Execution id="ff8df349-e871-498a-b0c9-78fec39483d1" />
      <TestMethod codeBase="C:\Projekty\MSTestProject\bin\Debug\netcoreapp3.1\MSTestProject.dll" adapterTypeName="executor://mstestadapter/v2" className="TwojeWesele.Services.Helpers.Tests.CurrencyHelperTests" name="FormatToStringTest1000" />
    </UnitTest>
    <UnitTest name="FormatToStringTest1000 (5247.779940802501,5247.78 zł)" storage="c:\projekty\mstestproject\bin\debug\netcoreapp3.1\mstestproject.dll" id="b7b1701f-f8fe-4b07-a1ab-fb6b69b745b2">
      <TestCategory>
        <TestCategoryItem TestCategory="Category1000" />
      </TestCategory>
      <Execution id="b99277f4-48d7-4d54-aa5d-f79dfb8d76b8" />
      <TestMethod codeBase="C:\Projekty\MSTestProject\bin\Debug\netcoreapp3.1\MSTestProject.dll" adapterTypeName="executor://mstestadapter/v2" className="TwojeWesele.Services.Helpers.Tests.CurrencyHelperTests" name="FormatToStringTest1000" />
    </UnitTest>
    <UnitTest name="FormatToStringTest1000 (15861.139287455073,15861.14 zł)" storage="c:\projekty\mstestproject\bin\debug\netcoreapp3.1\mstestproject.dll" id="c512a8a6-6bfc-4e69-a4fe-7e4b96bd5f3a">
      <TestCategory>
        <TestCategoryItem TestCategory="Category1000" />
      </TestCategory>
      <Execution id="3f7771ee-1483-4ac3-be43-03413df2a5b8" />
      <TestMethod codeBase="C:\Projekty\MSTestProject\bin\Debug\netcoreapp3.1\MSTestProject.dll" adapterTypeName="executor://mstestadapter/v2" className="TwojeWesele.Services.Helpers.Tests.CurrencyHelperTests" name="FormatToStringTest1000" />
    </UnitTest>
    <UnitTest name="FormatToStringTest1000 (5611.05334835176,5611.05 zł)" storage="c:\projekty\mstestproject\bin\debug\netcoreapp3.1\mstestproject.dll" id="4c558fdc-d144-490e-99f5-e029abcd304d">
      <TestCategory>
        <TestCategoryItem TestCategory="Category1000" />
      </TestCategory>
      <Execution id="0a8eda0e-4323-4cb7-af86-0670823e140f" />
      <TestMethod codeBase="C:\Projekty\MSTestProject\bin\Debug\netcoreapp3.1\MSTestProject.dll" adapterTypeName="executor://mstestadapter/v2" className="TwojeWesele.Services.Helpers.Tests.CurrencyHelperTests" name="FormatToStringTest1000" />
    </UnitTest>
    <UnitTest name="FormatToStringTest1000 (7191.024921368353,7191.02 zł)" storage="c:\projekty\mstestproject\bin\debug\netcoreapp3.1\mstestproject.dll" id="a0f9aac7-2f17-464d-b3d2-ea8a69a07230">
      <TestCategory>
        <TestCategoryItem TestCategory="Category1000" />
      </TestCategory>
      <Execution id="f0db34a5-2521-4df5-b897-2dc113fb2afb" />
      <TestMethod codeBase="C:\Projekty\MSTestProject\bin\Debug\netcoreapp3.1\MSTestProject.dll" adapterTypeName="executor://mstestadapter/v2" className="TwojeWesele.Services.Helpers.Tests.CurrencyHelperTests" name="FormatToStringTest1000" />
    </UnitTest>
    <UnitTest name="FormatToStringTest1000 (19933.78650940945,19933.79 zł)" storage="c:\projekty\mstestproject\bin\debug\netcoreapp3.1\mstestproject.dll" id="a2394a23-d36b-4dd2-9533-388660f02860">
      <TestCategory>
        <TestCategoryItem TestCategory="Category1000" />
      </TestCategory>
      <Execution id="77975ce3-296e-4df7-b9b9-fc18a3def357" />
      <TestMethod codeBase="C:\Projekty\MSTestProject\bin\Debug\netcoreapp3.1\MSTestProject.dll" adapterTypeName="executor://mstestadapter/v2" className="TwojeWesele.Services.Helpers.Tests.CurrencyHelperTests" name="FormatToStringTest1000" />
    </UnitTest>
    <UnitTest name="FormatToStringTest1000 (30533.30031120838,30533.30 zł)" storage="c:\projekty\mstestproject\bin\debug\netcoreapp3.1\mstestproject.dll" id="e9a10f51-f74d-487b-8960-b04bcfdc2054">
      <TestCategory>
        <TestCategoryItem TestCategory="Category1000" />
      </TestCategory>
      <Execution id="d40a75f5-d0a7-439f-a463-8da3bf1d4ee8" />
      <TestMethod codeBase="C:\Projekty\MSTestProject\bin\Debug\netcoreapp3.1\MSTestProject.dll" adapterTypeName="executor://mstestadapter/v2" className="TwojeWesele.Services.Helpers.Tests.CurrencyHelperTests" name="FormatToStringTest1000" />
    </UnitTest>
    <UnitTest name="FormatToStringTest1000 (73504.44700518598,73504.45 zł)" storage="c:\projekty\mstestproject\bin\debug\netcoreapp3.1\mstestproject.dll" id="180bdce5-cec0-4fec-9bf0-159bb1b9ec57">
      <TestCategory>
        <TestCategoryItem TestCategory="Category1000" />
      </TestCategory>
      <Execution id="f76342c3-2445-4499-8db4-f68b6864815f" />
      <TestMethod codeBase="C:\Projekty\MSTestProject\bin\Debug\netcoreapp3.1\MSTestProject.dll" adapterTypeName="executor://mstestadapter/v2" className="TwojeWesele.Services.Helpers.Tests.CurrencyHelperTests" name="FormatToStringTest1000" />
    </UnitTest>
    <UnitTest name="FormatToStringTest1000 (78519.41691976106,78519.42 zł)" storage="c:\projekty\mstestproject\bin\debug\netcoreapp3.1\mstestproject.dll" id="df22217d-ed9b-4b18-b6d2-97f216aff781">
      <TestCategory>
        <TestCategoryItem TestCategory="Category1000" />
      </TestCategory>
      <Execution id="186c6169-17b4-4b9a-9ffb-510d03eca95e" />
      <TestMethod codeBase="C:\Projekty\MSTestProject\bin\Debug\netcoreapp3.1\MSTestProject.dll" adapterTypeName="executor://mstestadapter/v2" className="TwojeWesele.Services.Helpers.Tests.CurrencyHelperTests" name="FormatToStringTest1000" />
    </UnitTest>
    <UnitTest name="FormatToStringTest1000 (25116.590135570892,25116.59 zł)" storage="c:\projekty\mstestproject\bin\debug\netcoreapp3.1\mstestproject.dll" id="0f93242a-e3ac-4eb6-b65e-6937c043e6ea">
      <TestCategory>
        <TestCategoryItem TestCategory="Category1000" />
      </TestCategory>
      <Execution id="e1699594-95e6-47c2-b1f8-3cd5ac2d0dcf" />
      <TestMethod codeBase="C:\Projekty\MSTestProject\bin\Debug\netcoreapp3.1\MSTestProject.dll" adapterTypeName="executor://mstestadapter/v2" className="TwojeWesele.Services.Helpers.Tests.CurrencyHelperTests" name="FormatToStringTest1000" />
    </UnitTest>
    <UnitTest name="FormatToStringTest1000 (2121.0917325211185,2121.09 zł)" storage="c:\projekty\mstestproject\bin\debug\netcoreapp3.1\mstestproject.dll" id="0ee2cab0-6bfa-4474-91e5-932e7976aaa9">
      <TestCategory>
        <TestCategoryItem TestCategory="Category1000" />
      </TestCategory>
      <Execution id="2cc170a6-db28-4778-9b54-7df20ec25e8c" />
      <TestMethod codeBase="C:\Projekty\MSTestProject\bin\Debug\netcoreapp3.1\MSTestProject.dll" adapterTypeName="executor://mstestadapter/v2" className="TwojeWesele.Services.Helpers.Tests.CurrencyHelperTests" name="FormatToStringTest1000" />
    </UnitTest>
    <UnitTest name="FormatToStringTest1000 (25135.10315489727,25135.10 zł)" storage="c:\projekty\mstestproject\bin\debug\netcoreapp3.1\mstestproject.dll" id="c9c4ebce-db91-4864-a315-4bc3226a4395">
      <TestCategory>
        <TestCategoryItem TestCategory="Category1000" />
      </TestCategory>
      <Execution id="2c0ecd9a-f6cd-4d3f-b08d-df76e228a7fd" />
      <TestMethod codeBase="C:\Projekty\MSTestProject\bin\Debug\netcoreapp3.1\MSTestProject.dll" adapterTypeName="executor://mstestadapter/v2" className="TwojeWesele.Services.Helpers.Tests.CurrencyHelperTests" name="FormatToStringTest1000" />
    </UnitTest>
    <UnitTest name="FormatToStringTest1000 (11796.576829059317,11796.58 zł)" storage="c:\projekty\mstestproject\bin\debug\netcoreapp3.1\mstestproject.dll" id="c1551669-4559-4a58-a199-fafdf23e9ce0">
      <TestCategory>
        <TestCategoryItem TestCategory="Category1000" />
      </TestCategory>
      <Execution id="5a06f93d-aba3-4d7c-8438-a132ca98c62c" />
      <TestMethod codeBase="C:\Projekty\MSTestProject\bin\Debug\netcoreapp3.1\MSTestProject.dll" adapterTypeName="executor://mstestadapter/v2" className="TwojeWesele.Services.Helpers.Tests.CurrencyHelperTests" name="FormatToStringTest1000" />
    </UnitTest>
    <UnitTest name="FormatToStringTest1000 (79388.929555234,79388.93 zł)" storage="c:\projekty\mstestproject\bin\debug\netcoreapp3.1\mstestproject.dll" id="84002070-7121-482b-a968-d62b41e62131">
      <TestCategory>
        <TestCategoryItem TestCategory="Category1000" />
      </TestCategory>
      <Execution id="56d61c73-247a-4879-a6c6-20a409078a86" />
      <TestMethod codeBase="C:\Projekty\MSTestProject\bin\Debug\netcoreapp3.1\MSTestProject.dll" adapterTypeName="executor://mstestadapter/v2" className="TwojeWesele.Services.Helpers.Tests.CurrencyHelperTests" name="FormatToStringTest1000" />
    </UnitTest>
    <UnitTest name="FormatToStringTest1000 (18032.4720825476,18032.47 zł)" storage="c:\projekty\mstestproject\bin\debug\netcoreapp3.1\mstestproject.dll" id="0125eb3f-7f9f-4508-8a73-7a42b75591fe">
      <TestCategory>
        <TestCategoryItem TestCategory="Category1000" />
      </TestCategory>
      <Execution id="2c3d012d-ad63-4cf7-9e19-9c32a1b04de7" />
      <TestMethod codeBase="C:\Projekty\MSTestProject\bin\Debug\netcoreapp3.1\MSTestProject.dll" adapterTypeName="executor://mstestadapter/v2" className="TwojeWesele.Services.Helpers.Tests.CurrencyHelperTests" name="FormatToStringTest1000" />
    </UnitTest>
    <UnitTest name="FormatToStringTest1000 (13197.65136269417,13197.65 zł)" storage="c:\projekty\mstestproject\bin\debug\netcoreapp3.1\mstestproject.dll" id="b6ba5eaf-d1b7-4f49-9e48-1ef2f55d4d61">
      <TestCategory>
        <TestCategoryItem TestCategory="Category1000" />
      </TestCategory>
      <Execution id="5d66f887-989a-460b-bcb2-5d1749da8938" />
      <TestMethod codeBase="C:\Projekty\MSTestProject\bin\Debug\netcoreapp3.1\MSTestProject.dll" adapterTypeName="executor://mstestadapter/v2" className="TwojeWesele.Services.Helpers.Tests.CurrencyHelperTests" name="FormatToStringTest1000" />
    </UnitTest>
    <UnitTest name="FormatToStringTest1000 (28072.424637532058,28072.42 zł)" storage="c:\projekty\mstestproject\bin\debug\netcoreapp3.1\mstestproject.dll" id="df30a763-9a6d-4aec-a38e-aa9e68219d97">
      <TestCategory>
        <TestCategoryItem TestCategory="Category1000" />
      </TestCategory>
      <Execution id="c176fc8d-c8b3-4113-bd6e-787add6059f6" />
      <TestMethod codeBase="C:\Projekty\MSTestProject\bin\Debug\netcoreapp3.1\MSTestProject.dll" adapterTypeName="executor://mstestadapter/v2" className="TwojeWesele.Services.Helpers.Tests.CurrencyHelperTests" name="FormatToStringTest1000" />
    </UnitTest>
    <UnitTest name="FormatToStringTest1000 (19006.315459580772,19006.32 zł)" storage="c:\projekty\mstestproject\bin\debug\netcoreapp3.1\mstestproject.dll" id="2b4f0006-87f8-488c-9902-b4a95b3db8dc">
      <TestCategory>
        <TestCategoryItem TestCategory="Category1000" />
      </TestCategory>
      <Execution id="82c3bb47-e9e4-4805-a6cb-cf34cbdd1d89" />
      <TestMethod codeBase="C:\Projekty\MSTestProject\bin\Debug\netcoreapp3.1\MSTestProject.dll" adapterTypeName="executor://mstestadapter/v2" className="TwojeWesele.Services.Helpers.Tests.CurrencyHelperTests" name="FormatToStringTest1000" />
    </UnitTest>
    <UnitTest name="FormatToStringTest1000 (10268.547802396373,10268.55 zł)" storage="c:\projekty\mstestproject\bin\debug\netcoreapp3.1\mstestproject.dll" id="abfc4d9f-cb84-44c7-9b8a-1a91a09ca8d7">
      <TestCategory>
        <TestCategoryItem TestCategory="Category1000" />
      </TestCategory>
      <Execution id="cacdfafe-07db-4eeb-8f25-5d85c102f08f" />
      <TestMethod codeBase="C:\Projekty\MSTestProject\bin\Debug\netcoreapp3.1\MSTestProject.dll" adapterTypeName="executor://mstestadapter/v2" className="TwojeWesele.Services.Helpers.Tests.CurrencyHelperTests" name="FormatToStringTest1000" />
    </UnitTest>
    <UnitTest name="FormatToStringTest1000 (33245.44763357819,33245.45 zł)" storage="c:\projekty\mstestproject\bin\debug\netcoreapp3.1\mstestproject.dll" id="d8b5a4e5-2013-440f-a1ed-58c6f2a345cc">
      <TestCategory>
        <TestCategoryItem TestCategory="Category1000" />
      </TestCategory>
      <Execution id="d7d74280-8930-4b02-8d70-857379118fa6" />
      <TestMethod codeBase="C:\Projekty\MSTestProject\bin\Debug\netcoreapp3.1\MSTestProject.dll" adapterTypeName="executor://mstestadapter/v2" className="TwojeWesele.Services.Helpers.Tests.CurrencyHelperTests" name="FormatToStringTest1000" />
    </UnitTest>
    <UnitTest name="FormatToStringTest1000 (20445.11280083149,20445.11 zł)" storage="c:\projekty\mstestproject\bin\debug\netcoreapp3.1\mstestproject.dll" id="9cb8b769-1774-4cd5-bc4d-19890a8c5031">
      <TestCategory>
        <TestCategoryItem TestCategory="Category1000" />
      </TestCategory>
      <Execution id="0ac3366d-e1df-4a34-ae2b-ee6ad2a9f026" />
      <TestMethod codeBase="C:\Projekty\MSTestProject\bin\Debug\netcoreapp3.1\MSTestProject.dll" adapterTypeName="executor://mstestadapter/v2" className="TwojeWesele.Services.Helpers.Tests.CurrencyHelperTests" name="FormatToStringTest1000" />
    </UnitTest>
    <UnitTest name="FormatToStringTest1000 (37160.85331540269,37160.85 zł)" storage="c:\projekty\mstestproject\bin\debug\netcoreapp3.1\mstestproject.dll" id="3fc182c7-b70a-4c0f-acdd-9f91a368cd05">
      <TestCategory>
        <TestCategoryItem TestCategory="Category1000" />
      </TestCategory>
      <Execution id="845985b1-8df2-4f79-b843-a567d5156d1f" />
      <TestMethod codeBase="C:\Projekty\MSTestProject\bin\Debug\netcoreapp3.1\MSTestProject.dll" adapterTypeName="executor://mstestadapter/v2" className="TwojeWesele.Services.Helpers.Tests.CurrencyHelperTests" name="FormatToStringTest1000" />
    </UnitTest>
    <UnitTest name="FormatToStringTest1000 (45455.14554704127,45455.15 zł)" storage="c:\projekty\mstestproject\bin\debug\netcoreapp3.1\mstestproject.dll" id="227c561c-3c2d-40aa-99e3-b7e43fa3984b">
      <TestCategory>
        <TestCategoryItem TestCategory="Category1000" />
      </TestCategory>
      <Execution id="590cd5f1-006b-4d7c-b31a-aa813e6d93c6" />
      <TestMethod codeBase="C:\Projekty\MSTestProject\bin\Debug\netcoreapp3.1\MSTestProject.dll" adapterTypeName="executor://mstestadapter/v2" className="TwojeWesele.Services.Helpers.Tests.CurrencyHelperTests" name="FormatToStringTest1000" />
    </UnitTest>
    <UnitTest name="FormatToStringTest1000 (34021.1384072961,34021.14 zł)" storage="c:\projekty\mstestproject\bin\debug\netcoreapp3.1\mstestproject.dll" id="62a0c9d7-bdb8-4588-b444-d469b7cc206d">
      <TestCategory>
        <TestCategoryItem TestCategory="Category1000" />
      </TestCategory>
      <Execution id="63b25e50-4a67-4039-b086-c9bb1d119fe9" />
      <TestMethod codeBase="C:\Projekty\MSTestProject\bin\Debug\netcoreapp3.1\MSTestProject.dll" adapterTypeName="executor://mstestadapter/v2" className="TwojeWesele.Services.Helpers.Tests.CurrencyHelperTests" name="FormatToStringTest1000" />
    </UnitTest>
    <UnitTest name="FormatToStringTest1000 (9603.199987620208,9603.20 zł)" storage="c:\projekty\mstestproject\bin\debug\netcoreapp3.1\mstestproject.dll" id="b943f3ce-b88c-4d64-943c-b5ae515cf942">
      <TestCategory>
        <TestCategoryItem TestCategory="Category1000" />
      </TestCategory>
      <Execution id="b8bda7c5-b650-40dd-930d-08a8c3e18240" />
      <TestMethod codeBase="C:\Projekty\MSTestProject\bin\Debug\netcoreapp3.1\MSTestProject.dll" adapterTypeName="executor://mstestadapter/v2" className="TwojeWesele.Services.Helpers.Tests.CurrencyHelperTests" name="FormatToStringTest1000" />
    </UnitTest>
    <UnitTest name="FormatToStringTest1000 (653.4647999170537,653.46 zł)" storage="c:\projekty\mstestproject\bin\debug\netcoreapp3.1\mstestproject.dll" id="ee7b2493-ae58-4ed7-9414-5124c65f1ffe">
      <TestCategory>
        <TestCategoryItem TestCategory="Category1000" />
      </TestCategory>
      <Execution id="8ed593ff-2c08-4b1d-ba75-0243c62b6cea" />
      <TestMethod codeBase="C:\Projekty\MSTestProject\bin\Debug\netcoreapp3.1\MSTestProject.dll" adapterTypeName="executor://mstestadapter/v2" className="TwojeWesele.Services.Helpers.Tests.CurrencyHelperTests" name="FormatToStringTest1000" />
    </UnitTest>
    <UnitTest name="FormatToStringTest1000 (27751.474436297303,27751.47 zł)" storage="c:\projekty\mstestproject\bin\debug\netcoreapp3.1\mstestproject.dll" id="4ee504a4-cdcf-4c39-a4b1-3f478e51d3dd">
      <TestCategory>
        <TestCategoryItem TestCategory="Category1000" />
      </TestCategory>
      <Execution id="94ee3d72-d653-4795-aace-24fd2136da80" />
      <TestMethod codeBase="C:\Projekty\MSTestProject\bin\Debug\netcoreapp3.1\MSTestProject.dll" adapterTypeName="executor://mstestadapter/v2" className="TwojeWesele.Services.Helpers.Tests.CurrencyHelperTests" name="FormatToStringTest1000" />
    </UnitTest>
    <UnitTest name="FormatToStringTest1000 (48544.390887578666,48544.39 zł)" storage="c:\projekty\mstestproject\bin\debug\netcoreapp3.1\mstestproject.dll" id="28ed50a6-beca-4bdb-97b1-b87c184a1509">
      <TestCategory>
        <TestCategoryItem TestCategory="Category1000" />
      </TestCategory>
      <Execution id="071c4611-094b-4b00-babf-53b6c6404cf7" />
      <TestMethod codeBase="C:\Projekty\MSTestProject\bin\Debug\netcoreapp3.1\MSTestProject.dll" adapterTypeName="executor://mstestadapter/v2" className="TwojeWesele.Services.Helpers.Tests.CurrencyHelperTests" name="FormatToStringTest1000" />
    </UnitTest>
    <UnitTest name="FormatToStringTest1000 (70149.17842025738,70149.18 zł)" storage="c:\projekty\mstestproject\bin\debug\netcoreapp3.1\mstestproject.dll" id="fea4b1cd-0540-4116-b52f-dbabf05451a7">
      <TestCategory>
        <TestCategoryItem TestCategory="Category1000" />
      </TestCategory>
      <Execution id="6e12f51f-f847-4e9d-b0f8-fb5ad4420f12" />
      <TestMethod codeBase="C:\Projekty\MSTestProject\bin\Debug\netcoreapp3.1\MSTestProject.dll" adapterTypeName="executor://mstestadapter/v2" className="TwojeWesele.Services.Helpers.Tests.CurrencyHelperTests" name="FormatToStringTest1000" />
    </UnitTest>
    <UnitTest name="FormatToStringTest1000 (2216.881526520886,2216.88 zł)" storage="c:\projekty\mstestproject\bin\debug\netcoreapp3.1\mstestproject.dll" id="2b774281-f5f5-4def-81af-ff3f91bce001">
      <TestCategory>
        <TestCategoryItem TestCategory="Category1000" />
      </TestCategory>
      <Execution id="cc8df6d6-33dc-4fa7-a5c6-0106ff122ef9" />
      <TestMethod codeBase="C:\Projekty\MSTestProject\bin\Debug\netcoreapp3.1\MSTestProject.dll" adapterTypeName="executor://mstestadapter/v2" className="TwojeWesele.Services.Helpers.Tests.CurrencyHelperTests" name="FormatToStringTest1000" />
    </UnitTest>
    <UnitTest name="FormatToStringTest1000 (15639.704937780603,15639.70 zł)" storage="c:\projekty\mstestproject\bin\debug\netcoreapp3.1\mstestproject.dll" id="e8f6f4af-46f6-4a37-b1ce-9be4ffc7c3b3">
      <TestCategory>
        <TestCategoryItem TestCategory="Category1000" />
      </TestCategory>
      <Execution id="58aa477a-5c6f-413c-b608-a999c3745906" />
      <TestMethod codeBase="C:\Projekty\MSTestProject\bin\Debug\netcoreapp3.1\MSTestProject.dll" adapterTypeName="executor://mstestadapter/v2" className="TwojeWesele.Services.Helpers.Tests.CurrencyHelperTests" name="FormatToStringTest1000" />
    </UnitTest>
    <UnitTest name="FormatToStringTest1000 (40400.9734049295,40400.97 zł)" storage="c:\projekty\mstestproject\bin\debug\netcoreapp3.1\mstestproject.dll" id="47ea0f5e-3663-4dd6-bb24-0c1c87a1eaa7">
      <TestCategory>
        <TestCategoryItem TestCategory="Category1000" />
      </TestCategory>
      <Execution id="22e91021-0311-42eb-9c84-ed043e89c307" />
      <TestMethod codeBase="C:\Projekty\MSTestProject\bin\Debug\netcoreapp3.1\MSTestProject.dll" adapterTypeName="executor://mstestadapter/v2" className="TwojeWesele.Services.Helpers.Tests.CurrencyHelperTests" name="FormatToStringTest1000" />
    </UnitTest>
    <UnitTest name="FormatToStringTest1000 (8499.121443388574,8499.12 zł)" storage="c:\projekty\mstestproject\bin\debug\netcoreapp3.1\mstestproject.dll" id="9e2c7a10-15a6-4af9-ac45-e7997d2ec4c9">
      <TestCategory>
        <TestCategoryItem TestCategory="Category1000" />
      </TestCategory>
      <Execution id="e011e844-a0ac-4192-876c-37f9958821cf" />
      <TestMethod codeBase="C:\Projekty\MSTestProject\bin\Debug\netcoreapp3.1\MSTestProject.dll" adapterTypeName="executor://mstestadapter/v2" className="TwojeWesele.Services.Helpers.Tests.CurrencyHelperTests" name="FormatToStringTest1000" />
    </UnitTest>
    <UnitTest name="FormatToStringTest1000 (14910.573044539697,14910.57 zł)" storage="c:\projekty\mstestproject\bin\debug\netcoreapp3.1\mstestproject.dll" id="64271559-7d76-4126-8b60-438e9422d469">
      <TestCategory>
        <TestCategoryItem TestCategory="Category1000" />
      </TestCategory>
      <Execution id="0a908b9f-1a23-44bf-bc5e-a43d454eface" />
      <TestMethod codeBase="C:\Projekty\MSTestProject\bin\Debug\netcoreapp3.1\MSTestProject.dll" adapterTypeName="executor://mstestadapter/v2" className="TwojeWesele.Services.Helpers.Tests.CurrencyHelperTests" name="FormatToStringTest1000" />
    </UnitTest>
    <UnitTest name="FormatToStringTest1000 (17988.455793307843,17988.46 zł)" storage="c:\projekty\mstestproject\bin\debug\netcoreapp3.1\mstestproject.dll" id="4b57eeb5-28cf-4ed9-9334-3b372884350c">
      <TestCategory>
        <TestCategoryItem TestCategory="Category1000" />
      </TestCategory>
      <Execution id="c0decb26-c255-4adf-aff6-41de589a8ed9" />
      <TestMethod codeBase="C:\Projekty\MSTestProject\bin\Debug\netcoreapp3.1\MSTestProject.dll" adapterTypeName="executor://mstestadapter/v2" className="TwojeWesele.Services.Helpers.Tests.CurrencyHelperTests" name="FormatToStringTest1000" />
    </UnitTest>
    <UnitTest name="FormatToStringTest1000 (76536.95853396178,76536.96 zł)" storage="c:\projekty\mstestproject\bin\debug\netcoreapp3.1\mstestproject.dll" id="affb447e-5d66-4938-8552-e76f30fce568">
      <TestCategory>
        <TestCategoryItem TestCategory="Category1000" />
      </TestCategory>
      <Execution id="d774558b-4cf5-4bc7-a39c-6e3bfcfb95ca" />
      <TestMethod codeBase="C:\Projekty\MSTestProject\bin\Debug\netcoreapp3.1\MSTestProject.dll" adapterTypeName="executor://mstestadapter/v2" className="TwojeWesele.Services.Helpers.Tests.CurrencyHelperTests" name="FormatToStringTest1000" />
    </UnitTest>
    <UnitTest name="FormatToStringTest1000 (6710.131197082871,6710.13 zł)" storage="c:\projekty\mstestproject\bin\debug\netcoreapp3.1\mstestproject.dll" id="78802542-dc98-48f3-9584-4763a2c95a5e">
      <TestCategory>
        <TestCategoryItem TestCategory="Category1000" />
      </TestCategory>
      <Execution id="ea54826b-a40a-4d74-94f9-673868e245a3" />
      <TestMethod codeBase="C:\Projekty\MSTestProject\bin\Debug\netcoreapp3.1\MSTestProject.dll" adapterTypeName="executor://mstestadapter/v2" className="TwojeWesele.Services.Helpers.Tests.CurrencyHelperTests" name="FormatToStringTest1000" />
    </UnitTest>
    <UnitTest name="FormatToStringTest1000 (3030.9461949132133,3030.95 zł)" storage="c:\projekty\mstestproject\bin\debug\netcoreapp3.1\mstestproject.dll" id="8900668e-6d68-4611-b690-6113843b60e7">
      <TestCategory>
        <TestCategoryItem TestCategory="Category1000" />
      </TestCategory>
      <Execution id="30c9dedc-a846-49e0-b9c1-61610c201eed" />
      <TestMethod codeBase="C:\Projekty\MSTestProject\bin\Debug\netcoreapp3.1\MSTestProject.dll" adapterTypeName="executor://mstestadapter/v2" className="TwojeWesele.Services.Helpers.Tests.CurrencyHelperTests" name="FormatToStringTest1000" />
    </UnitTest>
    <UnitTest name="FormatToStringTest1000 (1130.8119115372242,1130.81 zł)" storage="c:\projekty\mstestproject\bin\debug\netcoreapp3.1\mstestproject.dll" id="5dfa081f-5920-4016-9da2-22acdfc2e35e">
      <TestCategory>
        <TestCategoryItem TestCategory="Category1000" />
      </TestCategory>
      <Execution id="c5cec9c1-c45a-41c4-9c2f-a18ffaea1379" />
      <TestMethod codeBase="C:\Projekty\MSTestProject\bin\Debug\netcoreapp3.1\MSTestProject.dll" adapterTypeName="executor://mstestadapter/v2" className="TwojeWesele.Services.Helpers.Tests.CurrencyHelperTests" name="FormatToStringTest1000" />
    </UnitTest>
    <UnitTest name="FormatToStringTest1000 (8582.709131852587,8582.71 zł)" storage="c:\projekty\mstestproject\bin\debug\netcoreapp3.1\mstestproject.dll" id="46ac7366-9d9c-462e-a3d7-dc5c611ddc54">
      <TestCategory>
        <TestCategoryItem TestCategory="Category1000" />
      </TestCategory>
      <Execution id="2bba1058-3fa3-4309-8740-0357af005d75" />
      <TestMethod codeBase="C:\Projekty\MSTestProject\bin\Debug\netcoreapp3.1\MSTestProject.dll" adapterTypeName="executor://mstestadapter/v2" className="TwojeWesele.Services.Helpers.Tests.CurrencyHelperTests" name="FormatToStringTest1000" />
    </UnitTest>
    <UnitTest name="FormatToStringTest1000 (46803.36433423374,46803.36 zł)" storage="c:\projekty\mstestproject\bin\debug\netcoreapp3.1\mstestproject.dll" id="68a93283-6302-4c60-8f0a-da1357bcd65f">
      <TestCategory>
        <TestCategoryItem TestCategory="Category1000" />
      </TestCategory>
      <Execution id="16a74338-ad38-4190-be39-a45f0a60193b" />
      <TestMethod codeBase="C:\Projekty\MSTestProject\bin\Debug\netcoreapp3.1\MSTestProject.dll" adapterTypeName="executor://mstestadapter/v2" className="TwojeWesele.Services.Helpers.Tests.CurrencyHelperTests" name="FormatToStringTest1000" />
    </UnitTest>
    <UnitTest name="FormatToStringTest1000 (19352.183340702755,19352.18 zł)" storage="c:\projekty\mstestproject\bin\debug\netcoreapp3.1\mstestproject.dll" id="761b44da-9cbe-44c4-8dba-a11493964465">
      <TestCategory>
        <TestCategoryItem TestCategory="Category1000" />
      </TestCategory>
      <Execution id="af9c9496-ac45-45e4-87b9-3e01d8f9b286" />
      <TestMethod codeBase="C:\Projekty\MSTestProject\bin\Debug\netcoreapp3.1\MSTestProject.dll" adapterTypeName="executor://mstestadapter/v2" className="TwojeWesele.Services.Helpers.Tests.CurrencyHelperTests" name="FormatToStringTest1000" />
    </UnitTest>
    <UnitTest name="FormatToStringTest1000 (52810.91713865516,52810.92 zł)" storage="c:\projekty\mstestproject\bin\debug\netcoreapp3.1\mstestproject.dll" id="2077c17b-b353-4c7b-b227-a1758f61b1e8">
      <TestCategory>
        <TestCategoryItem TestCategory="Category1000" />
      </TestCategory>
      <Execution id="211956a4-8620-4194-ab9d-61a1702d09f3" />
      <TestMethod codeBase="C:\Projekty\MSTestProject\bin\Debug\netcoreapp3.1\MSTestProject.dll" adapterTypeName="executor://mstestadapter/v2" className="TwojeWesele.Services.Helpers.Tests.CurrencyHelperTests" name="FormatToStringTest1000" />
    </UnitTest>
    <UnitTest name="FormatToStringTest1000 (743.047944508981,743.05 zł)" storage="c:\projekty\mstestproject\bin\debug\netcoreapp3.1\mstestproject.dll" id="9d7c8f8c-f682-45c1-b484-51397857cc98">
      <TestCategory>
        <TestCategoryItem TestCategory="Category1000" />
      </TestCategory>
      <Execution id="b3000e1c-1716-4842-bddd-008ddedefbe1" />
      <TestMethod codeBase="C:\Projekty\MSTestProject\bin\Debug\netcoreapp3.1\MSTestProject.dll" adapterTypeName="executor://mstestadapter/v2" className="TwojeWesele.Services.Helpers.Tests.CurrencyHelperTests" name="FormatToStringTest1000" />
    </UnitTest>
    <UnitTest name="FormatToStringTest1000 (5566.818038455592,5566.82 zł)" storage="c:\projekty\mstestproject\bin\debug\netcoreapp3.1\mstestproject.dll" id="d9646ba2-e199-4c2e-be06-66bbec2da30f">
      <TestCategory>
        <TestCategoryItem TestCategory="Category1000" />
      </TestCategory>
      <Execution id="54d77874-867c-4c0f-9cc3-bb6563fd4372" />
      <TestMethod codeBase="C:\Projekty\MSTestProject\bin\Debug\netcoreapp3.1\MSTestProject.dll" adapterTypeName="executor://mstestadapter/v2" className="TwojeWesele.Services.Helpers.Tests.CurrencyHelperTests" name="FormatToStringTest1000" />
    </UnitTest>
    <UnitTest name="FormatToStringTest1000 (5870.791169434223,5870.79 zł)" storage="c:\projekty\mstestproject\bin\debug\netcoreapp3.1\mstestproject.dll" id="e13ad168-14b0-422d-b0ea-f7d36c5d1bfc">
      <TestCategory>
        <TestCategoryItem TestCategory="Category1000" />
      </TestCategory>
      <Execution id="4b65e6da-c5c1-436b-9ed5-0188b58f9d93" />
      <TestMethod codeBase="C:\Projekty\MSTestProject\bin\Debug\netcoreapp3.1\MSTestProject.dll" adapterTypeName="executor://mstestadapter/v2" className="TwojeWesele.Services.Helpers.Tests.CurrencyHelperTests" name="FormatToStringTest1000" />
    </UnitTest>
    <UnitTest name="FormatToStringTest1000 (13478.157112043891,13478.16 zł)" storage="c:\projekty\mstestproject\bin\debug\netcoreapp3.1\mstestproject.dll" id="84505fa2-3055-494e-8787-ced64e1374f9">
      <TestCategory>
        <TestCategoryItem TestCategory="Category1000" />
      </TestCategory>
      <Execution id="48b3327d-89bb-4580-85a6-c70c4762f282" />
      <TestMethod codeBase="C:\Projekty\MSTestProject\bin\Debug\netcoreapp3.1\MSTestProject.dll" adapterTypeName="executor://mstestadapter/v2" className="TwojeWesele.Services.Helpers.Tests.CurrencyHelperTests" name="FormatToStringTest1000" />
    </UnitTest>
    <UnitTest name="FormatToStringTest1000 (29845.02749849345,29845.03 zł)" storage="c:\projekty\mstestproject\bin\debug\netcoreapp3.1\mstestproject.dll" id="8f967f4a-3b86-45f5-bf78-d4bc3051166a">
      <TestCategory>
        <TestCategoryItem TestCategory="Category1000" />
      </TestCategory>
      <Execution id="71272563-086a-4949-831c-8832da2c716a" />
      <TestMethod codeBase="C:\Projekty\MSTestProject\bin\Debug\netcoreapp3.1\MSTestProject.dll" adapterTypeName="executor://mstestadapter/v2" className="TwojeWesele.Services.Helpers.Tests.CurrencyHelperTests" name="FormatToStringTest1000" />
    </UnitTest>
    <UnitTest name="FormatToStringTest1000 (4554.73912809777,4554.74 zł)" storage="c:\projekty\mstestproject\bin\debug\netcoreapp3.1\mstestproject.dll" id="40cfb9e9-bb73-4115-a47f-bc3013459dff">
      <TestCategory>
        <TestCategoryItem TestCategory="Category1000" />
      </TestCategory>
      <Execution id="51e83250-cb20-47f5-900d-61e705f1869b" />
      <TestMethod codeBase="C:\Projekty\MSTestProject\bin\Debug\netcoreapp3.1\MSTestProject.dll" adapterTypeName="executor://mstestadapter/v2" className="TwojeWesele.Services.Helpers.Tests.CurrencyHelperTests" name="FormatToStringTest1000" />
    </UnitTest>
    <UnitTest name="FormatToStringTest1000 (24570.65594858893,24570.66 zł)" storage="c:\projekty\mstestproject\bin\debug\netcoreapp3.1\mstestproject.dll" id="8840e2db-07d7-434b-830a-945bf6f28773">
      <TestCategory>
        <TestCategoryItem TestCategory="Category1000" />
      </TestCategory>
      <Execution id="938169b0-df51-43ac-b99c-3dd651300032" />
      <TestMethod codeBase="C:\Projekty\MSTestProject\bin\Debug\netcoreapp3.1\MSTestProject.dll" adapterTypeName="executor://mstestadapter/v2" className="TwojeWesele.Services.Helpers.Tests.CurrencyHelperTests" name="FormatToStringTest1000" />
    </UnitTest>
    <UnitTest name="FormatToStringTest1000 (33601.357302459124,33601.36 zł)" storage="c:\projekty\mstestproject\bin\debug\netcoreapp3.1\mstestproject.dll" id="b43b43cd-742d-4cd9-b16b-4aabf98d2601">
      <TestCategory>
        <TestCategoryItem TestCategory="Category1000" />
      </TestCategory>
      <Execution id="efbc7461-c74e-4ac7-b81a-fbfb5e130069" />
      <TestMethod codeBase="C:\Projekty\MSTestProject\bin\Debug\netcoreapp3.1\MSTestProject.dll" adapterTypeName="executor://mstestadapter/v2" className="TwojeWesele.Services.Helpers.Tests.CurrencyHelperTests" name="FormatToStringTest1000" />
    </UnitTest>
    <UnitTest name="FormatToStringTest1000 (8851.904041135638,8851.90 zł)" storage="c:\projekty\mstestproject\bin\debug\netcoreapp3.1\mstestproject.dll" id="2fe87187-3d43-45f3-b388-9c17979568ef">
      <TestCategory>
        <TestCategoryItem TestCategory="Category1000" />
      </TestCategory>
      <Execution id="5af4386f-740c-4066-9af5-bdb4f40fc3c1" />
      <TestMethod codeBase="C:\Projekty\MSTestProject\bin\Debug\netcoreapp3.1\MSTestProject.dll" adapterTypeName="executor://mstestadapter/v2" className="TwojeWesele.Services.Helpers.Tests.CurrencyHelperTests" name="FormatToStringTest1000" />
    </UnitTest>
    <UnitTest name="FormatToStringTest1000 (87505.85936583664,87505.86 zł)" storage="c:\projekty\mstestproject\bin\debug\netcoreapp3.1\mstestproject.dll" id="a743c4c3-fbc4-4340-ba0f-a8637af8fae6">
      <TestCategory>
        <TestCategoryItem TestCategory="Category1000" />
      </TestCategory>
      <Execution id="410495bf-12e4-4065-b842-61afd622fd37" />
      <TestMethod codeBase="C:\Projekty\MSTestProject\bin\Debug\netcoreapp3.1\MSTestProject.dll" adapterTypeName="executor://mstestadapter/v2" className="TwojeWesele.Services.Helpers.Tests.CurrencyHelperTests" name="FormatToStringTest1000" />
    </UnitTest>
    <UnitTest name="FormatToStringTest1000 (13503.943645929892,13503.94 zł)" storage="c:\projekty\mstestproject\bin\debug\netcoreapp3.1\mstestproject.dll" id="acce6188-28f9-4d2b-a94c-fdb5e281d0ae">
      <TestCategory>
        <TestCategoryItem TestCategory="Category1000" />
      </TestCategory>
      <Execution id="ccdc7f90-8782-4c6f-a1c4-13d1c3ce38bf" />
      <TestMethod codeBase="C:\Projekty\MSTestProject\bin\Debug\netcoreapp3.1\MSTestProject.dll" adapterTypeName="executor://mstestadapter/v2" className="TwojeWesele.Services.Helpers.Tests.CurrencyHelperTests" name="FormatToStringTest1000" />
    </UnitTest>
    <UnitTest name="FormatToStringTest1000 (68507.83928906724,68507.84 zł)" storage="c:\projekty\mstestproject\bin\debug\netcoreapp3.1\mstestproject.dll" id="3896b56f-bade-4006-b823-979305b74813">
      <TestCategory>
        <TestCategoryItem TestCategory="Category1000" />
      </TestCategory>
      <Execution id="f00d6cf8-c439-48e4-b809-36ae64472c43" />
      <TestMethod codeBase="C:\Projekty\MSTestProject\bin\Debug\netcoreapp3.1\MSTestProject.dll" adapterTypeName="executor://mstestadapter/v2" className="TwojeWesele.Services.Helpers.Tests.CurrencyHelperTests" name="FormatToStringTest1000" />
    </UnitTest>
    <UnitTest name="FormatToStringTest1000 (41873.517751020154,41873.52 zł)" storage="c:\projekty\mstestproject\bin\debug\netcoreapp3.1\mstestproject.dll" id="e55368ce-3c71-493c-b399-e7d44232a70a">
      <TestCategory>
        <TestCategoryItem TestCategory="Category1000" />
      </TestCategory>
      <Execution id="73a7b0dd-c9aa-4f19-b54d-660652a036fa" />
      <TestMethod codeBase="C:\Projekty\MSTestProject\bin\Debug\netcoreapp3.1\MSTestProject.dll" adapterTypeName="executor://mstestadapter/v2" className="TwojeWesele.Services.Helpers.Tests.CurrencyHelperTests" name="FormatToStringTest1000" />
    </UnitTest>
    <UnitTest name="FormatToStringTest1000 (52032.65082931176,52032.65 zł)" storage="c:\projekty\mstestproject\bin\debug\netcoreapp3.1\mstestproject.dll" id="4516fb6e-ae68-465a-9f43-78e9db46230d">
      <TestCategory>
        <TestCategoryItem TestCategory="Category1000" />
      </TestCategory>
      <Execution id="fd57c07e-947f-49cd-9912-17377e283882" />
      <TestMethod codeBase="C:\Projekty\MSTestProject\bin\Debug\netcoreapp3.1\MSTestProject.dll" adapterTypeName="executor://mstestadapter/v2" className="TwojeWesele.Services.Helpers.Tests.CurrencyHelperTests" name="FormatToStringTest1000" />
    </UnitTest>
    <UnitTest name="FormatToStringTest1000 (4555.538255205163,4555.54 zł)" storage="c:\projekty\mstestproject\bin\debug\netcoreapp3.1\mstestproject.dll" id="6bfb0e5d-88d3-4387-bb6b-f72b6fe85871">
      <TestCategory>
        <TestCategoryItem TestCategory="Category1000" />
      </TestCategory>
      <Execution id="4497d1e0-55d0-4fd6-8422-3059d9a73d70" />
      <TestMethod codeBase="C:\Projekty\MSTestProject\bin\Debug\netcoreapp3.1\MSTestProject.dll" adapterTypeName="executor://mstestadapter/v2" className="TwojeWesele.Services.Helpers.Tests.CurrencyHelperTests" name="FormatToStringTest1000" />
    </UnitTest>
    <UnitTest name="FormatToStringTest1000 (19603.69286519321,19603.69 zł)" storage="c:\projekty\mstestproject\bin\debug\netcoreapp3.1\mstestproject.dll" id="8bd5c911-3a46-46ad-b3a5-c67b3abc5ff0">
      <TestCategory>
        <TestCategoryItem TestCategory="Category1000" />
      </TestCategory>
      <Execution id="068733a0-66aa-482d-a337-06402636ea54" />
      <TestMethod codeBase="C:\Projekty\MSTestProject\bin\Debug\netcoreapp3.1\MSTestProject.dll" adapterTypeName="executor://mstestadapter/v2" className="TwojeWesele.Services.Helpers.Tests.CurrencyHelperTests" name="FormatToStringTest1000" />
    </UnitTest>
    <UnitTest name="FormatToStringTest1000 (26162.532683261918,26162.53 zł)" storage="c:\projekty\mstestproject\bin\debug\netcoreapp3.1\mstestproject.dll" id="7f58cbaf-cc77-4325-84e6-0cb7782da2ba">
      <TestCategory>
        <TestCategoryItem TestCategory="Category1000" />
      </TestCategory>
      <Execution id="37207399-7f6b-41a6-8f0f-6f477cee853f" />
      <TestMethod codeBase="C:\Projekty\MSTestProject\bin\Debug\netcoreapp3.1\MSTestProject.dll" adapterTypeName="executor://mstestadapter/v2" className="TwojeWesele.Services.Helpers.Tests.CurrencyHelperTests" name="FormatToStringTest1000" />
    </UnitTest>
    <UnitTest name="FormatToStringTest1000 (31290.71396233687,31290.71 zł)" storage="c:\projekty\mstestproject\bin\debug\netcoreapp3.1\mstestproject.dll" id="1d821035-9426-46bc-80c6-fe3c61774a6c">
      <TestCategory>
        <TestCategoryItem TestCategory="Category1000" />
      </TestCategory>
      <Execution id="fea47e8e-a242-41f2-9c62-d077631b802f" />
      <TestMethod codeBase="C:\Projekty\MSTestProject\bin\Debug\netcoreapp3.1\MSTestProject.dll" adapterTypeName="executor://mstestadapter/v2" className="TwojeWesele.Services.Helpers.Tests.CurrencyHelperTests" name="FormatToStringTest1000" />
    </UnitTest>
    <UnitTest name="FormatToStringTest1000 (15624.452361264477,15624.45 zł)" storage="c:\projekty\mstestproject\bin\debug\netcoreapp3.1\mstestproject.dll" id="be621b5c-db45-43cc-8a07-cb563a6c7619">
      <TestCategory>
        <TestCategoryItem TestCategory="Category1000" />
      </TestCategory>
      <Execution id="c4257318-41d9-44aa-89f1-472a110008cf" />
      <TestMethod codeBase="C:\Projekty\MSTestProject\bin\Debug\netcoreapp3.1\MSTestProject.dll" adapterTypeName="executor://mstestadapter/v2" className="TwojeWesele.Services.Helpers.Tests.CurrencyHelperTests" name="FormatToStringTest1000" />
    </UnitTest>
    <UnitTest name="FormatToStringTest1000 (4612.32080757633,4612.32 zł)" storage="c:\projekty\mstestproject\bin\debug\netcoreapp3.1\mstestproject.dll" id="ff81b220-04ed-452d-b20b-1d2249ca721c">
      <TestCategory>
        <TestCategoryItem TestCategory="Category1000" />
      </TestCategory>
      <Execution id="aa51201b-0e80-4dad-a834-f880f41c9291" />
      <TestMethod codeBase="C:\Projekty\MSTestProject\bin\Debug\netcoreapp3.1\MSTestProject.dll" adapterTypeName="executor://mstestadapter/v2" className="TwojeWesele.Services.Helpers.Tests.CurrencyHelperTests" name="FormatToStringTest1000" />
    </UnitTest>
    <UnitTest name="FormatToStringTest1000 (30383.303633991305,30383.30 zł)" storage="c:\projekty\mstestproject\bin\debug\netcoreapp3.1\mstestproject.dll" id="f1c5f78d-4da9-4eaf-b228-60545ee28172">
      <TestCategory>
        <TestCategoryItem TestCategory="Category1000" />
      </TestCategory>
      <Execution id="c1685ab2-e5a4-4d10-b157-f76ae32f63fa" />
      <TestMethod codeBase="C:\Projekty\MSTestProject\bin\Debug\netcoreapp3.1\MSTestProject.dll" adapterTypeName="executor://mstestadapter/v2" className="TwojeWesele.Services.Helpers.Tests.CurrencyHelperTests" name="FormatToStringTest1000" />
    </UnitTest>
    <UnitTest name="FormatToStringTest1000 (6262.373413993219,6262.37 zł)" storage="c:\projekty\mstestproject\bin\debug\netcoreapp3.1\mstestproject.dll" id="edf4a793-8949-46b7-b4bf-8686aef6aac0">
      <TestCategory>
        <TestCategoryItem TestCategory="Category1000" />
      </TestCategory>
      <Execution id="3a72af70-ba65-4ecf-9d3e-d8dabfa83ef5" />
      <TestMethod codeBase="C:\Projekty\MSTestProject\bin\Debug\netcoreapp3.1\MSTestProject.dll" adapterTypeName="executor://mstestadapter/v2" className="TwojeWesele.Services.Helpers.Tests.CurrencyHelperTests" name="FormatToStringTest1000" />
    </UnitTest>
    <UnitTest name="FormatToStringTest1000 (4652.407073443945,4652.41 zł)" storage="c:\projekty\mstestproject\bin\debug\netcoreapp3.1\mstestproject.dll" id="2ba5ecb8-294f-4c6d-80a8-f825cbaed267">
      <TestCategory>
        <TestCategoryItem TestCategory="Category1000" />
      </TestCategory>
      <Execution id="cae4d2ba-946e-42af-8710-efca0431a0ed" />
      <TestMethod codeBase="C:\Projekty\MSTestProject\bin\Debug\netcoreapp3.1\MSTestProject.dll" adapterTypeName="executor://mstestadapter/v2" className="TwojeWesele.Services.Helpers.Tests.CurrencyHelperTests" name="FormatToStringTest1000" />
    </UnitTest>
    <UnitTest name="FormatToStringTest1000 (40268.121943438484,40268.12 zł)" storage="c:\projekty\mstestproject\bin\debug\netcoreapp3.1\mstestproject.dll" id="2a08fa46-e45a-41e6-b775-2938a89119a1">
      <TestCategory>
        <TestCategoryItem TestCategory="Category1000" />
      </TestCategory>
      <Execution id="fd98a66b-a244-4bf5-bf37-253e9619ad35" />
      <TestMethod codeBase="C:\Projekty\MSTestProject\bin\Debug\netcoreapp3.1\MSTestProject.dll" adapterTypeName="executor://mstestadapter/v2" className="TwojeWesele.Services.Helpers.Tests.CurrencyHelperTests" name="FormatToStringTest1000" />
    </UnitTest>
    <UnitTest name="FormatToStringTest1000 (20012.898273490322,20012.90 zł)" storage="c:\projekty\mstestproject\bin\debug\netcoreapp3.1\mstestproject.dll" id="7d4db77d-33b1-4329-8c23-462bab6fb344">
      <TestCategory>
        <TestCategoryItem TestCategory="Category1000" />
      </TestCategory>
      <Execution id="201b5e0b-cd4c-484f-88d9-648a91c8f459" />
      <TestMethod codeBase="C:\Projekty\MSTestProject\bin\Debug\netcoreapp3.1\MSTestProject.dll" adapterTypeName="executor://mstestadapter/v2" className="TwojeWesele.Services.Helpers.Tests.CurrencyHelperTests" name="FormatToStringTest1000" />
    </UnitTest>
    <UnitTest name="FormatToStringTest1000 (29417.800422138444,29417.80 zł)" storage="c:\projekty\mstestproject\bin\debug\netcoreapp3.1\mstestproject.dll" id="aafdb2af-a0f2-4a7a-9c12-ae84de0ac7e2">
      <TestCategory>
        <TestCategoryItem TestCategory="Category1000" />
      </TestCategory>
      <Execution id="eca2ca19-f251-404d-ab5f-b256f79e9e8a" />
      <TestMethod codeBase="C:\Projekty\MSTestProject\bin\Debug\netcoreapp3.1\MSTestProject.dll" adapterTypeName="executor://mstestadapter/v2" className="TwojeWesele.Services.Helpers.Tests.CurrencyHelperTests" name="FormatToStringTest1000" />
    </UnitTest>
    <UnitTest name="FormatToStringTest1000 (51408.294679657694,51408.29 zł)" storage="c:\projekty\mstestproject\bin\debug\netcoreapp3.1\mstestproject.dll" id="abb0d542-53be-4968-80d5-4c465227ca54">
      <TestCategory>
        <TestCategoryItem TestCategory="Category1000" />
      </TestCategory>
      <Execution id="9c5b335c-f89c-479d-8b58-ddf06f66532f" />
      <TestMethod codeBase="C:\Projekty\MSTestProject\bin\Debug\netcoreapp3.1\MSTestProject.dll" adapterTypeName="executor://mstestadapter/v2" className="TwojeWesele.Services.Helpers.Tests.CurrencyHelperTests" name="FormatToStringTest1000" />
    </UnitTest>
    <UnitTest name="FormatToStringTest1000 (55457.96873490278,55457.97 zł)" storage="c:\projekty\mstestproject\bin\debug\netcoreapp3.1\mstestproject.dll" id="decf65c4-85d2-4930-8dc3-421c18ec3078">
      <TestCategory>
        <TestCategoryItem TestCategory="Category1000" />
      </TestCategory>
      <Execution id="4dbfd9ab-768f-42c0-a822-ca8544515e5b" />
      <TestMethod codeBase="C:\Projekty\MSTestProject\bin\Debug\netcoreapp3.1\MSTestProject.dll" adapterTypeName="executor://mstestadapter/v2" className="TwojeWesele.Services.Helpers.Tests.CurrencyHelperTests" name="FormatToStringTest1000" />
    </UnitTest>
    <UnitTest name="FormatToStringTest1000 (37114.901517336206,37114.90 zł)" storage="c:\projekty\mstestproject\bin\debug\netcoreapp3.1\mstestproject.dll" id="d9f4c8fd-0e6e-482b-ac0e-dd72d5181e2a">
      <TestCategory>
        <TestCategoryItem TestCategory="Category1000" />
      </TestCategory>
      <Execution id="c7ba7d9d-a72e-4da1-82fa-59c1185d63e7" />
      <TestMethod codeBase="C:\Projekty\MSTestProject\bin\Debug\netcoreapp3.1\MSTestProject.dll" adapterTypeName="executor://mstestadapter/v2" className="TwojeWesele.Services.Helpers.Tests.CurrencyHelperTests" name="FormatToStringTest1000" />
    </UnitTest>
    <UnitTest name="FormatToStringTest1000 (1751.1734380625066,1751.17 zł)" storage="c:\projekty\mstestproject\bin\debug\netcoreapp3.1\mstestproject.dll" id="e2d775a3-9c59-47f6-9624-b17eeb7aecfb">
      <TestCategory>
        <TestCategoryItem TestCategory="Category1000" />
      </TestCategory>
      <Execution id="355e004b-acab-4f74-9926-95ca57542b67" />
      <TestMethod codeBase="C:\Projekty\MSTestProject\bin\Debug\netcoreapp3.1\MSTestProject.dll" adapterTypeName="executor://mstestadapter/v2" className="TwojeWesele.Services.Helpers.Tests.CurrencyHelperTests" name="FormatToStringTest1000" />
    </UnitTest>
    <UnitTest name="FormatToStringTest1000 (6544.213759255695,6544.21 zł)" storage="c:\projekty\mstestproject\bin\debug\netcoreapp3.1\mstestproject.dll" id="8ab0e678-c56f-4552-9f8a-19b6b88ffbe2">
      <TestCategory>
        <TestCategoryItem TestCategory="Category1000" />
      </TestCategory>
      <Execution id="01b5c978-2b2a-4d09-8157-7722eacca2fd" />
      <TestMethod codeBase="C:\Projekty\MSTestProject\bin\Debug\netcoreapp3.1\MSTestProject.dll" adapterTypeName="executor://mstestadapter/v2" className="TwojeWesele.Services.Helpers.Tests.CurrencyHelperTests" name="FormatToStringTest1000" />
    </UnitTest>
    <UnitTest name="FormatToStringTest1000 (50413.517583300134,50413.52 zł)" storage="c:\projekty\mstestproject\bin\debug\netcoreapp3.1\mstestproject.dll" id="048d65f3-12ce-494c-a823-f54ada90cebb">
      <TestCategory>
        <TestCategoryItem TestCategory="Category1000" />
      </TestCategory>
      <Execution id="2fe3df1d-f47f-4c95-a487-b0ec6266398e" />
      <TestMethod codeBase="C:\Projekty\MSTestProject\bin\Debug\netcoreapp3.1\MSTestProject.dll" adapterTypeName="executor://mstestadapter/v2" className="TwojeWesele.Services.Helpers.Tests.CurrencyHelperTests" name="FormatToStringTest1000" />
    </UnitTest>
    <UnitTest name="FormatToStringTest1000 (10965.74607995746,10965.75 zł)" storage="c:\projekty\mstestproject\bin\debug\netcoreapp3.1\mstestproject.dll" id="b49e707c-1aae-4be9-a458-4015372f2303">
      <TestCategory>
        <TestCategoryItem TestCategory="Category1000" />
      </TestCategory>
      <Execution id="97be6de6-c6a2-424d-9e7e-fe6958d81e74" />
      <TestMethod codeBase="C:\Projekty\MSTestProject\bin\Debug\netcoreapp3.1\MSTestProject.dll" adapterTypeName="executor://mstestadapter/v2" className="TwojeWesele.Services.Helpers.Tests.CurrencyHelperTests" name="FormatToStringTest1000" />
    </UnitTest>
    <UnitTest name="FormatToStringTest1000 (16825.83099003268,16825.83 zł)" storage="c:\projekty\mstestproject\bin\debug\netcoreapp3.1\mstestproject.dll" id="8105d996-c4a1-42b4-bf01-62dab213d7ae">
      <TestCategory>
        <TestCategoryItem TestCategory="Category1000" />
      </TestCategory>
      <Execution id="cd9a284c-4293-4092-8772-6892caad60eb" />
      <TestMethod codeBase="C:\Projekty\MSTestProject\bin\Debug\netcoreapp3.1\MSTestProject.dll" adapterTypeName="executor://mstestadapter/v2" className="TwojeWesele.Services.Helpers.Tests.CurrencyHelperTests" name="FormatToStringTest1000" />
    </UnitTest>
    <UnitTest name="FormatToStringTest1000 (77919.64716867341,77919.65 zł)" storage="c:\projekty\mstestproject\bin\debug\netcoreapp3.1\mstestproject.dll" id="f1002da0-df5a-4d89-a654-2d77ca0ac973">
      <TestCategory>
        <TestCategoryItem TestCategory="Category1000" />
      </TestCategory>
      <Execution id="3c48699c-0a32-4b38-9737-763ef8326110" />
      <TestMethod codeBase="C:\Projekty\MSTestProject\bin\Debug\netcoreapp3.1\MSTestProject.dll" adapterTypeName="executor://mstestadapter/v2" className="TwojeWesele.Services.Helpers.Tests.CurrencyHelperTests" name="FormatToStringTest1000" />
    </UnitTest>
    <UnitTest name="FormatToStringTest1000 (73372.53853826903,73372.54 zł)" storage="c:\projekty\mstestproject\bin\debug\netcoreapp3.1\mstestproject.dll" id="2fec58a9-9810-4470-a264-2f12fe9bbf21">
      <TestCategory>
        <TestCategoryItem TestCategory="Category1000" />
      </TestCategory>
      <Execution id="737db9d0-c45b-4b49-a5d7-7e9d9ca7ed66" />
      <TestMethod codeBase="C:\Projekty\MSTestProject\bin\Debug\netcoreapp3.1\MSTestProject.dll" adapterTypeName="executor://mstestadapter/v2" className="TwojeWesele.Services.Helpers.Tests.CurrencyHelperTests" name="FormatToStringTest1000" />
    </UnitTest>
    <UnitTest name="FormatToStringTest1000 (35784.54232617307,35784.54 zł)" storage="c:\projekty\mstestproject\bin\debug\netcoreapp3.1\mstestproject.dll" id="6e38e2bb-ae7d-445c-9116-ecf3b7240140">
      <TestCategory>
        <TestCategoryItem TestCategory="Category1000" />
      </TestCategory>
      <Execution id="abecee05-e1e3-420b-a2fd-4e93cc21ef41" />
      <TestMethod codeBase="C:\Projekty\MSTestProject\bin\Debug\netcoreapp3.1\MSTestProject.dll" adapterTypeName="executor://mstestadapter/v2" className="TwojeWesele.Services.Helpers.Tests.CurrencyHelperTests" name="FormatToStringTest1000" />
    </UnitTest>
    <UnitTest name="FormatToStringTest1000 (12308.022158465357,12308.02 zł)" storage="c:\projekty\mstestproject\bin\debug\netcoreapp3.1\mstestproject.dll" id="660b9b62-0d2c-429a-b94b-900e3b484d05">
      <TestCategory>
        <TestCategoryItem TestCategory="Category1000" />
      </TestCategory>
      <Execution id="eda49034-5382-450c-a8ae-1ab57c8ef513" />
      <TestMethod codeBase="C:\Projekty\MSTestProject\bin\Debug\netcoreapp3.1\MSTestProject.dll" adapterTypeName="executor://mstestadapter/v2" className="TwojeWesele.Services.Helpers.Tests.CurrencyHelperTests" name="FormatToStringTest1000" />
    </UnitTest>
    <UnitTest name="FormatToStringTest1000 (20527.270339210645,20527.27 zł)" storage="c:\projekty\mstestproject\bin\debug\netcoreapp3.1\mstestproject.dll" id="47032c16-77e5-4696-928a-63b1629c20e3">
      <TestCategory>
        <TestCategoryItem TestCategory="Category1000" />
      </TestCategory>
      <Execution id="d6f57cce-4583-42cc-9d66-1a0235a2a8dc" />
      <TestMethod codeBase="C:\Projekty\MSTestProject\bin\Debug\netcoreapp3.1\MSTestProject.dll" adapterTypeName="executor://mstestadapter/v2" className="TwojeWesele.Services.Helpers.Tests.CurrencyHelperTests" name="FormatToStringTest1000" />
    </UnitTest>
    <UnitTest name="FormatToStringTest1000 (3431.864349926759,3431.86 zł)" storage="c:\projekty\mstestproject\bin\debug\netcoreapp3.1\mstestproject.dll" id="33863639-bb90-48e6-9737-7b6f5af6717e">
      <TestCategory>
        <TestCategoryItem TestCategory="Category1000" />
      </TestCategory>
      <Execution id="74abcf22-7ce0-41f4-8f58-a3328522cb78" />
      <TestMethod codeBase="C:\Projekty\MSTestProject\bin\Debug\netcoreapp3.1\MSTestProject.dll" adapterTypeName="executor://mstestadapter/v2" className="TwojeWesele.Services.Helpers.Tests.CurrencyHelperTests" name="FormatToStringTest1000" />
    </UnitTest>
    <UnitTest name="FormatToStringTest1000 (1514.6266382441981,1514.63 zł)" storage="c:\projekty\mstestproject\bin\debug\netcoreapp3.1\mstestproject.dll" id="f3c4ada5-e5ed-463a-a128-7bbe09008416">
      <TestCategory>
        <TestCategoryItem TestCategory="Category1000" />
      </TestCategory>
      <Execution id="8f4860df-763e-4c6a-9f82-5a451a2d75aa" />
      <TestMethod codeBase="C:\Projekty\MSTestProject\bin\Debug\netcoreapp3.1\MSTestProject.dll" adapterTypeName="executor://mstestadapter/v2" className="TwojeWesele.Services.Helpers.Tests.CurrencyHelperTests" name="FormatToStringTest1000" />
    </UnitTest>
    <UnitTest name="FormatToStringTest1000 (20321.03715103913,20321.04 zł)" storage="c:\projekty\mstestproject\bin\debug\netcoreapp3.1\mstestproject.dll" id="9a85e568-3f52-4699-b0b3-93ad65fd3581">
      <TestCategory>
        <TestCategoryItem TestCategory="Category1000" />
      </TestCategory>
      <Execution id="0d60124e-8d97-4b04-9681-d4e7794a1942" />
      <TestMethod codeBase="C:\Projekty\MSTestProject\bin\Debug\netcoreapp3.1\MSTestProject.dll" adapterTypeName="executor://mstestadapter/v2" className="TwojeWesele.Services.Helpers.Tests.CurrencyHelperTests" name="FormatToStringTest1000" />
    </UnitTest>
    <UnitTest name="FormatToStringTest1000 (47163.337736466594,47163.34 zł)" storage="c:\projekty\mstestproject\bin\debug\netcoreapp3.1\mstestproject.dll" id="70441fc1-39db-4f87-a6a7-e7ef21ec5612">
      <TestCategory>
        <TestCategoryItem TestCategory="Category1000" />
      </TestCategory>
      <Execution id="1140d37c-50b1-453e-93d8-072cba5a0f0d" />
      <TestMethod codeBase="C:\Projekty\MSTestProject\bin\Debug\netcoreapp3.1\MSTestProject.dll" adapterTypeName="executor://mstestadapter/v2" className="TwojeWesele.Services.Helpers.Tests.CurrencyHelperTests" name="FormatToStringTest1000" />
    </UnitTest>
    <UnitTest name="FormatToStringTest1000 (8697.074631143862,8697.07 zł)" storage="c:\projekty\mstestproject\bin\debug\netcoreapp3.1\mstestproject.dll" id="65d7c69e-ec4d-4fce-a1e2-1eeb4843e31a">
      <TestCategory>
        <TestCategoryItem TestCategory="Category1000" />
      </TestCategory>
      <Execution id="7f4225fd-5cdb-496c-9ca5-53128f2abb36" />
      <TestMethod codeBase="C:\Projekty\MSTestProject\bin\Debug\netcoreapp3.1\MSTestProject.dll" adapterTypeName="executor://mstestadapter/v2" className="TwojeWesele.Services.Helpers.Tests.CurrencyHelperTests" name="FormatToStringTest1000" />
    </UnitTest>
    <UnitTest name="FormatToStringTest1000 (27794.8671353957,27794.87 zł)" storage="c:\projekty\mstestproject\bin\debug\netcoreapp3.1\mstestproject.dll" id="02f12e2c-078e-4b23-8fda-2d4d9189836b">
      <TestCategory>
        <TestCategoryItem TestCategory="Category1000" />
      </TestCategory>
      <Execution id="cd0c1345-5a30-481a-abf4-0f028425bda7" />
      <TestMethod codeBase="C:\Projekty\MSTestProject\bin\Debug\netcoreapp3.1\MSTestProject.dll" adapterTypeName="executor://mstestadapter/v2" className="TwojeWesele.Services.Helpers.Tests.CurrencyHelperTests" name="FormatToStringTest1000" />
    </UnitTest>
    <UnitTest name="FormatToStringTest1000 (2992.6161168593057,2992.62 zł)" storage="c:\projekty\mstestproject\bin\debug\netcoreapp3.1\mstestproject.dll" id="508b35f4-bcea-4b5f-9032-7af72dff9066">
      <TestCategory>
        <TestCategoryItem TestCategory="Category1000" />
      </TestCategory>
      <Execution id="c951447f-a1e6-43e5-b1f0-2903526d83a6" />
      <TestMethod codeBase="C:\Projekty\MSTestProject\bin\Debug\netcoreapp3.1\MSTestProject.dll" adapterTypeName="executor://mstestadapter/v2" className="TwojeWesele.Services.Helpers.Tests.CurrencyHelperTests" name="FormatToStringTest1000" />
    </UnitTest>
    <UnitTest name="FormatToStringTest1000 (1963.0091662979728,1963.01 zł)" storage="c:\projekty\mstestproject\bin\debug\netcoreapp3.1\mstestproject.dll" id="0b46bfc9-28a2-4309-8218-6fd26cdc654d">
      <TestCategory>
        <TestCategoryItem TestCategory="Category1000" />
      </TestCategory>
      <Execution id="23d73f6b-361c-493c-b7f3-00995e7a1b4a" />
      <TestMethod codeBase="C:\Projekty\MSTestProject\bin\Debug\netcoreapp3.1\MSTestProject.dll" adapterTypeName="executor://mstestadapter/v2" className="TwojeWesele.Services.Helpers.Tests.CurrencyHelperTests" name="FormatToStringTest1000" />
    </UnitTest>
    <UnitTest name="FormatToStringTest1000 (60017.857676936714,60017.86 zł)" storage="c:\projekty\mstestproject\bin\debug\netcoreapp3.1\mstestproject.dll" id="ac33f68e-c01a-4b07-90fe-11f3bca3da35">
      <TestCategory>
        <TestCategoryItem TestCategory="Category1000" />
      </TestCategory>
      <Execution id="0effbb33-6179-4c60-9b27-e8d058133725" />
      <TestMethod codeBase="C:\Projekty\MSTestProject\bin\Debug\netcoreapp3.1\MSTestProject.dll" adapterTypeName="executor://mstestadapter/v2" className="TwojeWesele.Services.Helpers.Tests.CurrencyHelperTests" name="FormatToStringTest1000" />
    </UnitTest>
    <UnitTest name="FormatToStringTest1000 (38640.62766693003,38640.63 zł)" storage="c:\projekty\mstestproject\bin\debug\netcoreapp3.1\mstestproject.dll" id="c2b420d6-6d52-40e8-8ad8-9aca5beabd97">
      <TestCategory>
        <TestCategoryItem TestCategory="Category1000" />
      </TestCategory>
      <Execution id="355ec8c1-f63d-4c46-9451-6ff57419bfab" />
      <TestMethod codeBase="C:\Projekty\MSTestProject\bin\Debug\netcoreapp3.1\MSTestProject.dll" adapterTypeName="executor://mstestadapter/v2" className="TwojeWesele.Services.Helpers.Tests.CurrencyHelperTests" name="FormatToStringTest1000" />
    </UnitTest>
    <UnitTest name="FormatToStringTest1000 (27893.312729890138,27893.31 zł)" storage="c:\projekty\mstestproject\bin\debug\netcoreapp3.1\mstestproject.dll" id="5bbeb6de-4a3f-4638-9a04-e8033a7c4803">
      <TestCategory>
        <TestCategoryItem TestCategory="Category1000" />
      </TestCategory>
      <Execution id="bf266080-1fe2-4fb6-9918-90e42f4c51ed" />
      <TestMethod codeBase="C:\Projekty\MSTestProject\bin\Debug\netcoreapp3.1\MSTestProject.dll" adapterTypeName="executor://mstestadapter/v2" className="TwojeWesele.Services.Helpers.Tests.CurrencyHelperTests" name="FormatToStringTest1000" />
    </UnitTest>
    <UnitTest name="FormatToStringTest1000 (34060.48467268724,34060.48 zł)" storage="c:\projekty\mstestproject\bin\debug\netcoreapp3.1\mstestproject.dll" id="ce6a80f4-0fcc-4a32-ade1-0a1c80296d36">
      <TestCategory>
        <TestCategoryItem TestCategory="Category1000" />
      </TestCategory>
      <Execution id="0ebd1ca1-7918-4fd2-86cd-ff4ebbe501ed" />
      <TestMethod codeBase="C:\Projekty\MSTestProject\bin\Debug\netcoreapp3.1\MSTestProject.dll" adapterTypeName="executor://mstestadapter/v2" className="TwojeWesele.Services.Helpers.Tests.CurrencyHelperTests" name="FormatToStringTest1000" />
    </UnitTest>
    <UnitTest name="FormatToStringTest1000 (49416.285282306504,49416.29 zł)" storage="c:\projekty\mstestproject\bin\debug\netcoreapp3.1\mstestproject.dll" id="008afa78-9bc2-4fc7-b655-81662945edaf">
      <TestCategory>
        <TestCategoryItem TestCategory="Category1000" />
      </TestCategory>
      <Execution id="3db79386-3ce3-4466-84de-ef71295d2130" />
      <TestMethod codeBase="C:\Projekty\MSTestProject\bin\Debug\netcoreapp3.1\MSTestProject.dll" adapterTypeName="executor://mstestadapter/v2" className="TwojeWesele.Services.Helpers.Tests.CurrencyHelperTests" name="FormatToStringTest1000" />
    </UnitTest>
    <UnitTest name="FormatToStringTest1000 (9190.067404299076,9190.07 zł)" storage="c:\projekty\mstestproject\bin\debug\netcoreapp3.1\mstestproject.dll" id="c9bd6303-2726-4148-a933-14d2e4d139ea">
      <TestCategory>
        <TestCategoryItem TestCategory="Category1000" />
      </TestCategory>
      <Execution id="516656c8-908c-45e9-9eb3-616fc215a415" />
      <TestMethod codeBase="C:\Projekty\MSTestProject\bin\Debug\netcoreapp3.1\MSTestProject.dll" adapterTypeName="executor://mstestadapter/v2" className="TwojeWesele.Services.Helpers.Tests.CurrencyHelperTests" name="FormatToStringTest1000" />
    </UnitTest>
    <UnitTest name="FormatToStringTest1000 (2963.24443391815,2963.24 zł)" storage="c:\projekty\mstestproject\bin\debug\netcoreapp3.1\mstestproject.dll" id="170237f2-50f7-44b6-8b00-20ac503c6675">
      <TestCategory>
        <TestCategoryItem TestCategory="Category1000" />
      </TestCategory>
      <Execution id="13ea1973-f702-40a3-9e0b-97abed93722b" />
      <TestMethod codeBase="C:\Projekty\MSTestProject\bin\Debug\netcoreapp3.1\MSTestProject.dll" adapterTypeName="executor://mstestadapter/v2" className="TwojeWesele.Services.Helpers.Tests.CurrencyHelperTests" name="FormatToStringTest1000" />
    </UnitTest>
    <UnitTest name="FormatToStringTest1000 (20978.860218282258,20978.86 zł)" storage="c:\projekty\mstestproject\bin\debug\netcoreapp3.1\mstestproject.dll" id="caab96cc-52fe-4b61-8ef6-cfc3b4be512a">
      <TestCategory>
        <TestCategoryItem TestCategory="Category1000" />
      </TestCategory>
      <Execution id="fbfe4495-a243-44ab-a5f7-75dced4eab89" />
      <TestMethod codeBase="C:\Projekty\MSTestProject\bin\Debug\netcoreapp3.1\MSTestProject.dll" adapterTypeName="executor://mstestadapter/v2" className="TwojeWesele.Services.Helpers.Tests.CurrencyHelperTests" name="FormatToStringTest1000" />
    </UnitTest>
    <UnitTest name="FormatToStringTest1000 (48084.94422955389,48084.94 zł)" storage="c:\projekty\mstestproject\bin\debug\netcoreapp3.1\mstestproject.dll" id="b5d25909-9626-4215-9dba-36e65d8af5d2">
      <TestCategory>
        <TestCategoryItem TestCategory="Category1000" />
      </TestCategory>
      <Execution id="2125c5d3-3f97-416c-8dd2-a5dae1cb7ecb" />
      <TestMethod codeBase="C:\Projekty\MSTestProject\bin\Debug\netcoreapp3.1\MSTestProject.dll" adapterTypeName="executor://mstestadapter/v2" className="TwojeWesele.Services.Helpers.Tests.CurrencyHelperTests" name="FormatToStringTest1000" />
    </UnitTest>
    <UnitTest name="FormatToStringTest1000 (35145.379208063416,35145.38 zł)" storage="c:\projekty\mstestproject\bin\debug\netcoreapp3.1\mstestproject.dll" id="e6ef33da-391b-45f3-96e4-4d3bd2eeb79c">
      <TestCategory>
        <TestCategoryItem TestCategory="Category1000" />
      </TestCategory>
      <Execution id="f0951723-9fb0-432e-b1ca-6653270dbd98" />
      <TestMethod codeBase="C:\Projekty\MSTestProject\bin\Debug\netcoreapp3.1\MSTestProject.dll" adapterTypeName="executor://mstestadapter/v2" className="TwojeWesele.Services.Helpers.Tests.CurrencyHelperTests" name="FormatToStringTest1000" />
    </UnitTest>
    <UnitTest name="FormatToStringTest1000 (21785.42157155528,21785.42 zł)" storage="c:\projekty\mstestproject\bin\debug\netcoreapp3.1\mstestproject.dll" id="a0dddbad-8ef0-4284-825e-a9ed60f31ced">
      <TestCategory>
        <TestCategoryItem TestCategory="Category1000" />
      </TestCategory>
      <Execution id="fe2d2b03-6da7-430c-8696-834f9e5f4b9e" />
      <TestMethod codeBase="C:\Projekty\MSTestProject\bin\Debug\netcoreapp3.1\MSTestProject.dll" adapterTypeName="executor://mstestadapter/v2" className="TwojeWesele.Services.Helpers.Tests.CurrencyHelperTests" name="FormatToStringTest1000" />
    </UnitTest>
    <UnitTest name="FormatToStringTest1000 (70771.4436677524,70771.44 zł)" storage="c:\projekty\mstestproject\bin\debug\netcoreapp3.1\mstestproject.dll" id="1742c619-21d8-457f-a767-7a8a9ad84afa">
      <TestCategory>
        <TestCategoryItem TestCategory="Category1000" />
      </TestCategory>
      <Execution id="8c43925b-4694-4ac0-a49f-9898c1321320" />
      <TestMethod codeBase="C:\Projekty\MSTestProject\bin\Debug\netcoreapp3.1\MSTestProject.dll" adapterTypeName="executor://mstestadapter/v2" className="TwojeWesele.Services.Helpers.Tests.CurrencyHelperTests" name="FormatToStringTest1000" />
    </UnitTest>
    <UnitTest name="FormatToStringTest1000 (58111.21259843521,58111.21 zł)" storage="c:\projekty\mstestproject\bin\debug\netcoreapp3.1\mstestproject.dll" id="b6544786-c56e-41f4-a6df-1a3ecdc03b9a">
      <TestCategory>
        <TestCategoryItem TestCategory="Category1000" />
      </TestCategory>
      <Execution id="ce291ecb-0a4a-4017-997b-bc6048a8c2c9" />
      <TestMethod codeBase="C:\Projekty\MSTestProject\bin\Debug\netcoreapp3.1\MSTestProject.dll" adapterTypeName="executor://mstestadapter/v2" className="TwojeWesele.Services.Helpers.Tests.CurrencyHelperTests" name="FormatToStringTest1000" />
    </UnitTest>
    <UnitTest name="FormatToStringTest1000 (11100.829211263372,11100.83 zł)" storage="c:\projekty\mstestproject\bin\debug\netcoreapp3.1\mstestproject.dll" id="c575852b-2f85-4d62-8f20-4a836bc0ff1d">
      <TestCategory>
        <TestCategoryItem TestCategory="Category1000" />
      </TestCategory>
      <Execution id="f59b65d2-86b2-4d1f-a208-cf58ea327fa8" />
      <TestMethod codeBase="C:\Projekty\MSTestProject\bin\Debug\netcoreapp3.1\MSTestProject.dll" adapterTypeName="executor://mstestadapter/v2" className="TwojeWesele.Services.Helpers.Tests.CurrencyHelperTests" name="FormatToStringTest1000" />
    </UnitTest>
    <UnitTest name="FormatToStringTest1000 (27050.586848031067,27050.59 zł)" storage="c:\projekty\mstestproject\bin\debug\netcoreapp3.1\mstestproject.dll" id="e7e07ed4-c513-4342-95b8-f8994a5d8385">
      <TestCategory>
        <TestCategoryItem TestCategory="Category1000" />
      </TestCategory>
      <Execution id="25fb6241-773c-44a1-ace8-49b7793e1f44" />
      <TestMethod codeBase="C:\Projekty\MSTestProject\bin\Debug\netcoreapp3.1\MSTestProject.dll" adapterTypeName="executor://mstestadapter/v2" className="TwojeWesele.Services.Helpers.Tests.CurrencyHelperTests" name="FormatToStringTest1000" />
    </UnitTest>
    <UnitTest name="FormatToStringTest1000 (1181.5773122979222,1181.58 zł)" storage="c:\projekty\mstestproject\bin\debug\netcoreapp3.1\mstestproject.dll" id="a1390791-a9a8-4f93-87c6-8ca01f3a93b1">
      <TestCategory>
        <TestCategoryItem TestCategory="Category1000" />
      </TestCategory>
      <Execution id="021e5708-a912-47f6-9240-452efc5a1ce6" />
      <TestMethod codeBase="C:\Projekty\MSTestProject\bin\Debug\netcoreapp3.1\MSTestProject.dll" adapterTypeName="executor://mstestadapter/v2" className="TwojeWesele.Services.Helpers.Tests.CurrencyHelperTests" name="FormatToStringTest1000" />
    </UnitTest>
    <UnitTest name="FormatToStringTest1000 (22153.282278674324,22153.28 zł)" storage="c:\projekty\mstestproject\bin\debug\netcoreapp3.1\mstestproject.dll" id="ec64e7d8-3241-49ac-b664-a984a6dca10c">
      <TestCategory>
        <TestCategoryItem TestCategory="Category1000" />
      </TestCategory>
      <Execution id="6e07f850-156c-4c8d-8aa7-58948ff22466" />
      <TestMethod codeBase="C:\Projekty\MSTestProject\bin\Debug\netcoreapp3.1\MSTestProject.dll" adapterTypeName="executor://mstestadapter/v2" className="TwojeWesele.Services.Helpers.Tests.CurrencyHelperTests" name="FormatToStringTest1000" />
    </UnitTest>
    <UnitTest name="FormatToStringTest1000 (54678.59301593089,54678.59 zł)" storage="c:\projekty\mstestproject\bin\debug\netcoreapp3.1\mstestproject.dll" id="d14a084a-904a-43ce-99fc-19146103ab9f">
      <TestCategory>
        <TestCategoryItem TestCategory="Category1000" />
      </TestCategory>
      <Execution id="ace82180-6282-4616-b290-450835317240" />
      <TestMethod codeBase="C:\Projekty\MSTestProject\bin\Debug\netcoreapp3.1\MSTestProject.dll" adapterTypeName="executor://mstestadapter/v2" className="TwojeWesele.Services.Helpers.Tests.CurrencyHelperTests" name="FormatToStringTest1000" />
    </UnitTest>
    <UnitTest name="FormatToStringTest1000 (40556.73452524362,40556.73 zł)" storage="c:\projekty\mstestproject\bin\debug\netcoreapp3.1\mstestproject.dll" id="49bef139-5d20-4754-bbc2-a7583d822bbf">
      <TestCategory>
        <TestCategoryItem TestCategory="Category1000" />
      </TestCategory>
      <Execution id="a388b219-2d6c-41d2-8712-c88b4cebaf97" />
      <TestMethod codeBase="C:\Projekty\MSTestProject\bin\Debug\netcoreapp3.1\MSTestProject.dll" adapterTypeName="executor://mstestadapter/v2" className="TwojeWesele.Services.Helpers.Tests.CurrencyHelperTests" name="FormatToStringTest1000" />
    </UnitTest>
    <UnitTest name="FormatToStringTest1000 (57525.72988993569,57525.73 zł)" storage="c:\projekty\mstestproject\bin\debug\netcoreapp3.1\mstestproject.dll" id="a79b84b4-fa77-4863-9ab9-86a48e790f38">
      <TestCategory>
        <TestCategoryItem TestCategory="Category1000" />
      </TestCategory>
      <Execution id="0f7f7c58-e8df-46e8-89db-17bf0f45ca4a" />
      <TestMethod codeBase="C:\Projekty\MSTestProject\bin\Debug\netcoreapp3.1\MSTestProject.dll" adapterTypeName="executor://mstestadapter/v2" className="TwojeWesele.Services.Helpers.Tests.CurrencyHelperTests" name="FormatToStringTest1000" />
    </UnitTest>
    <UnitTest name="FormatToStringTest1000 (32359.431438434138,32359.43 zł)" storage="c:\projekty\mstestproject\bin\debug\netcoreapp3.1\mstestproject.dll" id="3ac0c1e0-1611-45a5-88c8-af96269632d2">
      <TestCategory>
        <TestCategoryItem TestCategory="Category1000" />
      </TestCategory>
      <Execution id="84c271b5-bc7f-4545-bc5d-a9885806b403" />
      <TestMethod codeBase="C:\Projekty\MSTestProject\bin\Debug\netcoreapp3.1\MSTestProject.dll" adapterTypeName="executor://mstestadapter/v2" className="TwojeWesele.Services.Helpers.Tests.CurrencyHelperTests" name="FormatToStringTest1000" />
    </UnitTest>
    <UnitTest name="FormatToStringTest1000 (15566.957545477411,15566.96 zł)" storage="c:\projekty\mstestproject\bin\debug\netcoreapp3.1\mstestproject.dll" id="e0d9535c-e9e8-4db9-883f-fd3e300aca4b">
      <TestCategory>
        <TestCategoryItem TestCategory="Category1000" />
      </TestCategory>
      <Execution id="fece0ea5-e2d1-4027-b273-fac75d8b824c" />
      <TestMethod codeBase="C:\Projekty\MSTestProject\bin\Debug\netcoreapp3.1\MSTestProject.dll" adapterTypeName="executor://mstestadapter/v2" className="TwojeWesele.Services.Helpers.Tests.CurrencyHelperTests" name="FormatToStringTest1000" />
    </UnitTest>
    <UnitTest name="FormatToStringTest1000 (49256.65708813195,49256.66 zł)" storage="c:\projekty\mstestproject\bin\debug\netcoreapp3.1\mstestproject.dll" id="ce1d7ffd-966d-4412-8aca-0d75d5eac238">
      <TestCategory>
        <TestCategoryItem TestCategory="Category1000" />
      </TestCategory>
      <Execution id="02c96ca9-1520-4c62-9635-a478c205b94f" />
      <TestMethod codeBase="C:\Projekty\MSTestProject\bin\Debug\netcoreapp3.1\MSTestProject.dll" adapterTypeName="executor://mstestadapter/v2" className="TwojeWesele.Services.Helpers.Tests.CurrencyHelperTests" name="FormatToStringTest1000" />
    </UnitTest>
    <UnitTest name="FormatToStringTest1000 (151.50737175275916,151.51 zł)" storage="c:\projekty\mstestproject\bin\debug\netcoreapp3.1\mstestproject.dll" id="8eee29f5-6180-4f43-a5ca-5d95677417b8">
      <TestCategory>
        <TestCategoryItem TestCategory="Category1000" />
      </TestCategory>
      <Execution id="cdcfeec4-9609-4873-a7c7-9656031bba03" />
      <TestMethod codeBase="C:\Projekty\MSTestProject\bin\Debug\netcoreapp3.1\MSTestProject.dll" adapterTypeName="executor://mstestadapter/v2" className="TwojeWesele.Services.Helpers.Tests.CurrencyHelperTests" name="FormatToStringTest1000" />
    </UnitTest>
    <UnitTest name="FormatToStringTest1000 (81326.3340147521,81326.33 zł)" storage="c:\projekty\mstestproject\bin\debug\netcoreapp3.1\mstestproject.dll" id="c06d9974-ac99-4556-819a-1edfeed78528">
      <TestCategory>
        <TestCategoryItem TestCategory="Category1000" />
      </TestCategory>
      <Execution id="47fc50b9-7937-450f-91cd-71884aa237af" />
      <TestMethod codeBase="C:\Projekty\MSTestProject\bin\Debug\netcoreapp3.1\MSTestProject.dll" adapterTypeName="executor://mstestadapter/v2" className="TwojeWesele.Services.Helpers.Tests.CurrencyHelperTests" name="FormatToStringTest1000" />
    </UnitTest>
    <UnitTest name="FormatToStringTest1000 (7124.979180760672,7124.98 zł)" storage="c:\projekty\mstestproject\bin\debug\netcoreapp3.1\mstestproject.dll" id="17ceef7a-0277-43e0-9b12-4e0e1a75dfe9">
      <TestCategory>
        <TestCategoryItem TestCategory="Category1000" />
      </TestCategory>
      <Execution id="fecfad13-f213-4c1b-8f4d-3676a5e69ed0" />
      <TestMethod codeBase="C:\Projekty\MSTestProject\bin\Debug\netcoreapp3.1\MSTestProject.dll" adapterTypeName="executor://mstestadapter/v2" className="TwojeWesele.Services.Helpers.Tests.CurrencyHelperTests" name="FormatToStringTest1000" />
    </UnitTest>
    <UnitTest name="FormatToStringTest1000 (13568.230982493717,13568.23 zł)" storage="c:\projekty\mstestproject\bin\debug\netcoreapp3.1\mstestproject.dll" id="65de4fff-7e7c-4793-af00-80fe261da8a4">
      <TestCategory>
        <TestCategoryItem TestCategory="Category1000" />
      </TestCategory>
      <Execution id="6d032913-51ca-4f87-bd37-cb2bbbf882cd" />
      <TestMethod codeBase="C:\Projekty\MSTestProject\bin\Debug\netcoreapp3.1\MSTestProject.dll" adapterTypeName="executor://mstestadapter/v2" className="TwojeWesele.Services.Helpers.Tests.CurrencyHelperTests" name="FormatToStringTest1000" />
    </UnitTest>
    <UnitTest name="FormatToStringTest1000 (16571.355536101553,16571.36 zł)" storage="c:\projekty\mstestproject\bin\debug\netcoreapp3.1\mstestproject.dll" id="541d9090-2987-4a45-9fce-4d1267bdffa0">
      <TestCategory>
        <TestCategoryItem TestCategory="Category1000" />
      </TestCategory>
      <Execution id="7aa90c99-05f4-44d4-aa2c-ff7b47e59883" />
      <TestMethod codeBase="C:\Projekty\MSTestProject\bin\Debug\netcoreapp3.1\MSTestProject.dll" adapterTypeName="executor://mstestadapter/v2" className="TwojeWesele.Services.Helpers.Tests.CurrencyHelperTests" name="FormatToStringTest1000" />
    </UnitTest>
    <UnitTest name="FormatToStringTest1000 (19071.681252896637,19071.68 zł)" storage="c:\projekty\mstestproject\bin\debug\netcoreapp3.1\mstestproject.dll" id="1a395104-a762-4df0-8dca-c950af0f5c8e">
      <TestCategory>
        <TestCategoryItem TestCategory="Category1000" />
      </TestCategory>
      <Execution id="e37f5e79-daee-4ae7-b20e-7d1ebc2aab49" />
      <TestMethod codeBase="C:\Projekty\MSTestProject\bin\Debug\netcoreapp3.1\MSTestProject.dll" adapterTypeName="executor://mstestadapter/v2" className="TwojeWesele.Services.Helpers.Tests.CurrencyHelperTests" name="FormatToStringTest1000" />
    </UnitTest>
    <UnitTest name="FormatToStringTest1000 (30807.823896702295,30807.82 zł)" storage="c:\projekty\mstestproject\bin\debug\netcoreapp3.1\mstestproject.dll" id="45a1be0a-50e7-4cc7-b91d-da682f9af435">
      <TestCategory>
        <TestCategoryItem TestCategory="Category1000" />
      </TestCategory>
      <Execution id="c2aca369-6245-4328-a018-e36638d61490" />
      <TestMethod codeBase="C:\Projekty\MSTestProject\bin\Debug\netcoreapp3.1\MSTestProject.dll" adapterTypeName="executor://mstestadapter/v2" className="TwojeWesele.Services.Helpers.Tests.CurrencyHelperTests" name="FormatToStringTest1000" />
    </UnitTest>
    <UnitTest name="FormatToStringTest1000 (31315.40354898544,31315.40 zł)" storage="c:\projekty\mstestproject\bin\debug\netcoreapp3.1\mstestproject.dll" id="2a0a199d-9f41-4f58-acac-ee7be7ebd133">
      <TestCategory>
        <TestCategoryItem TestCategory="Category1000" />
      </TestCategory>
      <Execution id="84e3fd0f-2367-495e-b209-6b653beea090" />
      <TestMethod codeBase="C:\Projekty\MSTestProject\bin\Debug\netcoreapp3.1\MSTestProject.dll" adapterTypeName="executor://mstestadapter/v2" className="TwojeWesele.Services.Helpers.Tests.CurrencyHelperTests" name="FormatToStringTest1000" />
    </UnitTest>
    <UnitTest name="FormatToStringTest1000 (47393.54939526671,47393.55 zł)" storage="c:\projekty\mstestproject\bin\debug\netcoreapp3.1\mstestproject.dll" id="d8a1b8dc-5778-42df-af60-05ea56dcabd1">
      <TestCategory>
        <TestCategoryItem TestCategory="Category1000" />
      </TestCategory>
      <Execution id="1cc71a34-b4ba-48d1-819e-83e45913d53d" />
      <TestMethod codeBase="C:\Projekty\MSTestProject\bin\Debug\netcoreapp3.1\MSTestProject.dll" adapterTypeName="executor://mstestadapter/v2" className="TwojeWesele.Services.Helpers.Tests.CurrencyHelperTests" name="FormatToStringTest1000" />
    </UnitTest>
    <UnitTest name="FormatToStringTest1000 (6809.40195803037,6809.40 zł)" storage="c:\projekty\mstestproject\bin\debug\netcoreapp3.1\mstestproject.dll" id="fe077aa3-e141-4b45-84c6-3b0794929952">
      <TestCategory>
        <TestCategoryItem TestCategory="Category1000" />
      </TestCategory>
      <Execution id="a748da67-4387-40d2-bf4b-77fe9bf1ec2e" />
      <TestMethod codeBase="C:\Projekty\MSTestProject\bin\Debug\netcoreapp3.1\MSTestProject.dll" adapterTypeName="executor://mstestadapter/v2" className="TwojeWesele.Services.Helpers.Tests.CurrencyHelperTests" name="FormatToStringTest1000" />
    </UnitTest>
    <UnitTest name="FormatToStringTest1000 (19783.413847500186,19783.41 zł)" storage="c:\projekty\mstestproject\bin\debug\netcoreapp3.1\mstestproject.dll" id="ab292c73-baca-4256-9587-da1f698b8320">
      <TestCategory>
        <TestCategoryItem TestCategory="Category1000" />
      </TestCategory>
      <Execution id="690dcfd7-fea1-4dd5-9678-3f21e2ae465b" />
      <TestMethod codeBase="C:\Projekty\MSTestProject\bin\Debug\netcoreapp3.1\MSTestProject.dll" adapterTypeName="executor://mstestadapter/v2" className="TwojeWesele.Services.Helpers.Tests.CurrencyHelperTests" name="FormatToStringTest1000" />
    </UnitTest>
    <UnitTest name="FormatToStringTest1000 (14218.204344010543,14218.20 zł)" storage="c:\projekty\mstestproject\bin\debug\netcoreapp3.1\mstestproject.dll" id="1cc32884-3d2d-4b6f-a356-acaeb7a4e781">
      <TestCategory>
        <TestCategoryItem TestCategory="Category1000" />
      </TestCategory>
      <Execution id="a52ffcb9-d4d0-432f-8601-1517a8c9fc67" />
      <TestMethod codeBase="C:\Projekty\MSTestProject\bin\Debug\netcoreapp3.1\MSTestProject.dll" adapterTypeName="executor://mstestadapter/v2" className="TwojeWesele.Services.Helpers.Tests.CurrencyHelperTests" name="FormatToStringTest1000" />
    </UnitTest>
    <UnitTest name="FormatToStringTest1000 (6838.422316571894,6838.42 zł)" storage="c:\projekty\mstestproject\bin\debug\netcoreapp3.1\mstestproject.dll" id="e307ebd5-4755-4ee3-8109-4406842aa8fc">
      <TestCategory>
        <TestCategoryItem TestCategory="Category1000" />
      </TestCategory>
      <Execution id="a78baf72-d6d3-47d3-a29b-9ad620a05f18" />
      <TestMethod codeBase="C:\Projekty\MSTestProject\bin\Debug\netcoreapp3.1\MSTestProject.dll" adapterTypeName="executor://mstestadapter/v2" className="TwojeWesele.Services.Helpers.Tests.CurrencyHelperTests" name="FormatToStringTest1000" />
    </UnitTest>
    <UnitTest name="FormatToStringTest1000 (96261.84883437205,96261.85 zł)" storage="c:\projekty\mstestproject\bin\debug\netcoreapp3.1\mstestproject.dll" id="4b53a7d6-849a-4568-9ca9-654903b877e8">
      <TestCategory>
        <TestCategoryItem TestCategory="Category1000" />
      </TestCategory>
      <Execution id="2fb282ce-d8a0-4ce8-873a-5c58d2e1265c" />
      <TestMethod codeBase="C:\Projekty\MSTestProject\bin\Debug\netcoreapp3.1\MSTestProject.dll" adapterTypeName="executor://mstestadapter/v2" className="TwojeWesele.Services.Helpers.Tests.CurrencyHelperTests" name="FormatToStringTest1000" />
    </UnitTest>
    <UnitTest name="FormatToStringTest1000 (30578.687538491416,30578.69 zł)" storage="c:\projekty\mstestproject\bin\debug\netcoreapp3.1\mstestproject.dll" id="ba343485-9f45-4ad7-b44d-42d1f02afe3f">
      <TestCategory>
        <TestCategoryItem TestCategory="Category1000" />
      </TestCategory>
      <Execution id="10c292cc-5d56-4b3c-9c7e-1ef54c2e4711" />
      <TestMethod codeBase="C:\Projekty\MSTestProject\bin\Debug\netcoreapp3.1\MSTestProject.dll" adapterTypeName="executor://mstestadapter/v2" className="TwojeWesele.Services.Helpers.Tests.CurrencyHelperTests" name="FormatToStringTest1000" />
    </UnitTest>
    <UnitTest name="FormatToStringTest1000 (39314.52353688401,39314.52 zł)" storage="c:\projekty\mstestproject\bin\debug\netcoreapp3.1\mstestproject.dll" id="190ba104-d9d4-4d4e-9cfd-7056f3ca1194">
      <TestCategory>
        <TestCategoryItem TestCategory="Category1000" />
      </TestCategory>
      <Execution id="9644525a-f759-4972-b60c-9a34133e9b49" />
      <TestMethod codeBase="C:\Projekty\MSTestProject\bin\Debug\netcoreapp3.1\MSTestProject.dll" adapterTypeName="executor://mstestadapter/v2" className="TwojeWesele.Services.Helpers.Tests.CurrencyHelperTests" name="FormatToStringTest1000" />
    </UnitTest>
    <UnitTest name="FormatToStringTest1000 (75024.79122970243,75024.79 zł)" storage="c:\projekty\mstestproject\bin\debug\netcoreapp3.1\mstestproject.dll" id="f15558a8-e72d-4b58-85f7-c02d11893de5">
      <TestCategory>
        <TestCategoryItem TestCategory="Category1000" />
      </TestCategory>
      <Execution id="f6f64422-e441-483f-a441-c4a670e94272" />
      <TestMethod codeBase="C:\Projekty\MSTestProject\bin\Debug\netcoreapp3.1\MSTestProject.dll" adapterTypeName="executor://mstestadapter/v2" className="TwojeWesele.Services.Helpers.Tests.CurrencyHelperTests" name="FormatToStringTest1000" />
    </UnitTest>
    <UnitTest name="FormatToStringTest1000 (34084.19497795599,34084.19 zł)" storage="c:\projekty\mstestproject\bin\debug\netcoreapp3.1\mstestproject.dll" id="e713b3be-55ca-43dc-a379-f9bc0cff5b1d">
      <TestCategory>
        <TestCategoryItem TestCategory="Category1000" />
      </TestCategory>
      <Execution id="61981c4c-aa72-4bd8-8cac-00f577ab0f46" />
      <TestMethod codeBase="C:\Projekty\MSTestProject\bin\Debug\netcoreapp3.1\MSTestProject.dll" adapterTypeName="executor://mstestadapter/v2" className="TwojeWesele.Services.Helpers.Tests.CurrencyHelperTests" name="FormatToStringTest1000" />
    </UnitTest>
    <UnitTest name="FormatToStringTest1000 (28992.38363400166,28992.38 zł)" storage="c:\projekty\mstestproject\bin\debug\netcoreapp3.1\mstestproject.dll" id="adeb3477-70d6-43c3-a600-8570f8e71010">
      <TestCategory>
        <TestCategoryItem TestCategory="Category1000" />
      </TestCategory>
      <Execution id="4194a5fe-9a1a-4eab-b0c2-03762a624500" />
      <TestMethod codeBase="C:\Projekty\MSTestProject\bin\Debug\netcoreapp3.1\MSTestProject.dll" adapterTypeName="executor://mstestadapter/v2" className="TwojeWesele.Services.Helpers.Tests.CurrencyHelperTests" name="FormatToStringTest1000" />
    </UnitTest>
    <UnitTest name="FormatToStringTest1000 (3846.644792262765,3846.64 zł)" storage="c:\projekty\mstestproject\bin\debug\netcoreapp3.1\mstestproject.dll" id="84dc0871-b1b0-4d6b-b213-128cb512d637">
      <TestCategory>
        <TestCategoryItem TestCategory="Category1000" />
      </TestCategory>
      <Execution id="7413ce02-2764-4d98-ad57-d3b7541c5aed" />
      <TestMethod codeBase="C:\Projekty\MSTestProject\bin\Debug\netcoreapp3.1\MSTestProject.dll" adapterTypeName="executor://mstestadapter/v2" className="TwojeWesele.Services.Helpers.Tests.CurrencyHelperTests" name="FormatToStringTest1000" />
    </UnitTest>
    <UnitTest name="FormatToStringTest1000 (25036.98767214035,25036.99 zł)" storage="c:\projekty\mstestproject\bin\debug\netcoreapp3.1\mstestproject.dll" id="c25804f4-8d98-45e6-b95e-51458270b609">
      <TestCategory>
        <TestCategoryItem TestCategory="Category1000" />
      </TestCategory>
      <Execution id="c9eab75f-fc27-4172-a880-f677b5f31f96" />
      <TestMethod codeBase="C:\Projekty\MSTestProject\bin\Debug\netcoreapp3.1\MSTestProject.dll" adapterTypeName="executor://mstestadapter/v2" className="TwojeWesele.Services.Helpers.Tests.CurrencyHelperTests" name="FormatToStringTest1000" />
    </UnitTest>
    <UnitTest name="FormatToStringTest1000 (23174.85693288448,23174.86 zł)" storage="c:\projekty\mstestproject\bin\debug\netcoreapp3.1\mstestproject.dll" id="76f67e0d-f090-4257-9b53-3474c09fcb7d">
      <TestCategory>
        <TestCategoryItem TestCategory="Category1000" />
      </TestCategory>
      <Execution id="a7c7bc8e-16bb-402f-924c-cfadefab56f8" />
      <TestMethod codeBase="C:\Projekty\MSTestProject\bin\Debug\netcoreapp3.1\MSTestProject.dll" adapterTypeName="executor://mstestadapter/v2" className="TwojeWesele.Services.Helpers.Tests.CurrencyHelperTests" name="FormatToStringTest1000" />
    </UnitTest>
    <UnitTest name="FormatToStringTest1000 (58902.704109088845,58902.70 zł)" storage="c:\projekty\mstestproject\bin\debug\netcoreapp3.1\mstestproject.dll" id="7729d848-ecd8-437a-93d5-9821173e9596">
      <TestCategory>
        <TestCategoryItem TestCategory="Category1000" />
      </TestCategory>
      <Execution id="2ce02bf7-540a-4f26-b1ae-5856e3fb4a19" />
      <TestMethod codeBase="C:\Projekty\MSTestProject\bin\Debug\netcoreapp3.1\MSTestProject.dll" adapterTypeName="executor://mstestadapter/v2" className="TwojeWesele.Services.Helpers.Tests.CurrencyHelperTests" name="FormatToStringTest1000" />
    </UnitTest>
    <UnitTest name="FormatToStringTest1000 (25084.19182667238,25084.19 zł)" storage="c:\projekty\mstestproject\bin\debug\netcoreapp3.1\mstestproject.dll" id="2baad001-cbca-4041-81e8-a460712ba984">
      <TestCategory>
        <TestCategoryItem TestCategory="Category1000" />
      </TestCategory>
      <Execution id="b221036c-50ce-4aa5-84c6-361640eb7a90" />
      <TestMethod codeBase="C:\Projekty\MSTestProject\bin\Debug\netcoreapp3.1\MSTestProject.dll" adapterTypeName="executor://mstestadapter/v2" className="TwojeWesele.Services.Helpers.Tests.CurrencyHelperTests" name="FormatToStringTest1000" />
    </UnitTest>
    <UnitTest name="FormatToStringTest1000 (24566.50251371856,24566.50 zł)" storage="c:\projekty\mstestproject\bin\debug\netcoreapp3.1\mstestproject.dll" id="fe55bc89-b57a-4dca-abb3-997c9769a9fd">
      <TestCategory>
        <TestCategoryItem TestCategory="Category1000" />
      </TestCategory>
      <Execution id="dc1e5c2a-8633-411c-9700-8bedfc804f3c" />
      <TestMethod codeBase="C:\Projekty\MSTestProject\bin\Debug\netcoreapp3.1\MSTestProject.dll" adapterTypeName="executor://mstestadapter/v2" className="TwojeWesele.Services.Helpers.Tests.CurrencyHelperTests" name="FormatToStringTest1000" />
    </UnitTest>
    <UnitTest name="FormatToStringTest1000 (57809.74722876295,57809.75 zł)" storage="c:\projekty\mstestproject\bin\debug\netcoreapp3.1\mstestproject.dll" id="d4945029-89b8-44e9-9325-da70d8383afa">
      <TestCategory>
        <TestCategoryItem TestCategory="Category1000" />
      </TestCategory>
      <Execution id="853b61dc-d0cd-4d5e-8fa3-5e9577f47b94" />
      <TestMethod codeBase="C:\Projekty\MSTestProject\bin\Debug\netcoreapp3.1\MSTestProject.dll" adapterTypeName="executor://mstestadapter/v2" className="TwojeWesele.Services.Helpers.Tests.CurrencyHelperTests" name="FormatToStringTest1000" />
    </UnitTest>
    <UnitTest name="FormatToStringTest1000 (23649.104642116046,23649.10 zł)" storage="c:\projekty\mstestproject\bin\debug\netcoreapp3.1\mstestproject.dll" id="6637287d-78b6-4326-bdfd-6086085cec32">
      <TestCategory>
        <TestCategoryItem TestCategory="Category1000" />
      </TestCategory>
      <Execution id="ea01df3a-b6d6-452c-a7c4-c9487d39c9fa" />
      <TestMethod codeBase="C:\Projekty\MSTestProject\bin\Debug\netcoreapp3.1\MSTestProject.dll" adapterTypeName="executor://mstestadapter/v2" className="TwojeWesele.Services.Helpers.Tests.CurrencyHelperTests" name="FormatToStringTest1000" />
    </UnitTest>
    <UnitTest name="FormatToStringTest1000 (24308.26523149212,24308.27 zł)" storage="c:\projekty\mstestproject\bin\debug\netcoreapp3.1\mstestproject.dll" id="7e3de220-d485-4c4a-b6cc-a73e6def1de4">
      <TestCategory>
        <TestCategoryItem TestCategory="Category1000" />
      </TestCategory>
      <Execution id="956fb2e8-3d0e-4800-af40-1881fa7cb621" />
      <TestMethod codeBase="C:\Projekty\MSTestProject\bin\Debug\netcoreapp3.1\MSTestProject.dll" adapterTypeName="executor://mstestadapter/v2" className="TwojeWesele.Services.Helpers.Tests.CurrencyHelperTests" name="FormatToStringTest1000" />
    </UnitTest>
    <UnitTest name="FormatToStringTest1000 (6417.5922460628635,6417.59 zł)" storage="c:\projekty\mstestproject\bin\debug\netcoreapp3.1\mstestproject.dll" id="25b2bb63-ae63-4441-871f-941877dc2e89">
      <TestCategory>
        <TestCategoryItem TestCategory="Category1000" />
      </TestCategory>
      <Execution id="a134d8c9-ce7d-43f6-bf6e-cf10847026ba" />
      <TestMethod codeBase="C:\Projekty\MSTestProject\bin\Debug\netcoreapp3.1\MSTestProject.dll" adapterTypeName="executor://mstestadapter/v2" className="TwojeWesele.Services.Helpers.Tests.CurrencyHelperTests" name="FormatToStringTest1000" />
    </UnitTest>
    <UnitTest name="FormatToStringTest1000 (13286.856387228174,13286.86 zł)" storage="c:\projekty\mstestproject\bin\debug\netcoreapp3.1\mstestproject.dll" id="7fed1569-2209-42a2-a938-61d86bd204fd">
      <TestCategory>
        <TestCategoryItem TestCategory="Category1000" />
      </TestCategory>
      <Execution id="1ba7325d-3f8d-4595-a621-5a7b33165e1f" />
      <TestMethod codeBase="C:\Projekty\MSTestProject\bin\Debug\netcoreapp3.1\MSTestProject.dll" adapterTypeName="executor://mstestadapter/v2" className="TwojeWesele.Services.Helpers.Tests.CurrencyHelperTests" name="FormatToStringTest1000" />
    </UnitTest>
    <UnitTest name="FormatToStringTest1000 (48449.85582609189,48449.86 zł)" storage="c:\projekty\mstestproject\bin\debug\netcoreapp3.1\mstestproject.dll" id="cb66f4c0-d36a-4698-8107-ec4d13ab6140">
      <TestCategory>
        <TestCategoryItem TestCategory="Category1000" />
      </TestCategory>
      <Execution id="99522f50-8107-4920-8c45-1d9e28976774" />
      <TestMethod codeBase="C:\Projekty\MSTestProject\bin\Debug\netcoreapp3.1\MSTestProject.dll" adapterTypeName="executor://mstestadapter/v2" className="TwojeWesele.Services.Helpers.Tests.CurrencyHelperTests" name="FormatToStringTest1000" />
    </UnitTest>
    <UnitTest name="FormatToStringTest1000 (18627.604896394354,18627.60 zł)" storage="c:\projekty\mstestproject\bin\debug\netcoreapp3.1\mstestproject.dll" id="364acee9-0713-4db5-96f1-853383e535de">
      <TestCategory>
        <TestCategoryItem TestCategory="Category1000" />
      </TestCategory>
      <Execution id="5e253faf-82c5-417a-9679-a75a2ac4f487" />
      <TestMethod codeBase="C:\Projekty\MSTestProject\bin\Debug\netcoreapp3.1\MSTestProject.dll" adapterTypeName="executor://mstestadapter/v2" className="TwojeWesele.Services.Helpers.Tests.CurrencyHelperTests" name="FormatToStringTest1000" />
    </UnitTest>
    <UnitTest name="FormatToStringTest1000 (61324.33752458279,61324.34 zł)" storage="c:\projekty\mstestproject\bin\debug\netcoreapp3.1\mstestproject.dll" id="e32a2b50-3724-4de2-b34e-139c6678452d">
      <TestCategory>
        <TestCategoryItem TestCategory="Category1000" />
      </TestCategory>
      <Execution id="688e9ae6-f065-4990-80cc-4b7c8365972d" />
      <TestMethod codeBase="C:\Projekty\MSTestProject\bin\Debug\netcoreapp3.1\MSTestProject.dll" adapterTypeName="executor://mstestadapter/v2" className="TwojeWesele.Services.Helpers.Tests.CurrencyHelperTests" name="FormatToStringTest1000" />
    </UnitTest>
    <UnitTest name="FormatToStringTest1000 (50507.0104155615,50507.01 zł)" storage="c:\projekty\mstestproject\bin\debug\netcoreapp3.1\mstestproject.dll" id="04b4c795-2cca-483b-bc02-de85f5ccd158">
      <TestCategory>
        <TestCategoryItem TestCategory="Category1000" />
      </TestCategory>
      <Execution id="353ce92f-4f6f-4c43-a254-85ad26c3701c" />
      <TestMethod codeBase="C:\Projekty\MSTestProject\bin\Debug\netcoreapp3.1\MSTestProject.dll" adapterTypeName="executor://mstestadapter/v2" className="TwojeWesele.Services.Helpers.Tests.CurrencyHelperTests" name="FormatToStringTest1000" />
    </UnitTest>
    <UnitTest name="FormatToStringTest1000 (3503.9809179231434,3503.98 zł)" storage="c:\projekty\mstestproject\bin\debug\netcoreapp3.1\mstestproject.dll" id="d32dfdf6-3ae7-4697-9066-9c267fc67ff0">
      <TestCategory>
        <TestCategoryItem TestCategory="Category1000" />
      </TestCategory>
      <Execution id="f415ffd0-4940-4a8c-99d4-894b75d50430" />
      <TestMethod codeBase="C:\Projekty\MSTestProject\bin\Debug\netcoreapp3.1\MSTestProject.dll" adapterTypeName="executor://mstestadapter/v2" className="TwojeWesele.Services.Helpers.Tests.CurrencyHelperTests" name="FormatToStringTest1000" />
    </UnitTest>
    <UnitTest name="FormatToStringTest1000 (63115.864864394935,63115.86 zł)" storage="c:\projekty\mstestproject\bin\debug\netcoreapp3.1\mstestproject.dll" id="0c674179-8e15-46ad-8105-b8ad36a9ce18">
      <TestCategory>
        <TestCategoryItem TestCategory="Category1000" />
      </TestCategory>
      <Execution id="3524dbac-922c-479d-bf0a-b1190053c260" />
      <TestMethod codeBase="C:\Projekty\MSTestProject\bin\Debug\netcoreapp3.1\MSTestProject.dll" adapterTypeName="executor://mstestadapter/v2" className="TwojeWesele.Services.Helpers.Tests.CurrencyHelperTests" name="FormatToStringTest1000" />
    </UnitTest>
    <UnitTest name="FormatToStringTest1000 (46166.38051381259,46166.38 zł)" storage="c:\projekty\mstestproject\bin\debug\netcoreapp3.1\mstestproject.dll" id="f9d88b9d-4952-4000-b130-47a523137448">
      <TestCategory>
        <TestCategoryItem TestCategory="Category1000" />
      </TestCategory>
      <Execution id="1b505043-e47f-4690-b67e-5bd97ac10bec" />
      <TestMethod codeBase="C:\Projekty\MSTestProject\bin\Debug\netcoreapp3.1\MSTestProject.dll" adapterTypeName="executor://mstestadapter/v2" className="TwojeWesele.Services.Helpers.Tests.CurrencyHelperTests" name="FormatToStringTest1000" />
    </UnitTest>
    <UnitTest name="FormatToStringTest1000 (30138.55109863102,30138.55 zł)" storage="c:\projekty\mstestproject\bin\debug\netcoreapp3.1\mstestproject.dll" id="848b6894-c43e-49d9-86af-d1d9fc888deb">
      <TestCategory>
        <TestCategoryItem TestCategory="Category1000" />
      </TestCategory>
      <Execution id="f7f77318-3a35-430d-ba41-29151f9c54d2" />
      <TestMethod codeBase="C:\Projekty\MSTestProject\bin\Debug\netcoreapp3.1\MSTestProject.dll" adapterTypeName="executor://mstestadapter/v2" className="TwojeWesele.Services.Helpers.Tests.CurrencyHelperTests" name="FormatToStringTest1000" />
    </UnitTest>
    <UnitTest name="FormatToStringTest1000 (6915.421130504656,6915.42 zł)" storage="c:\projekty\mstestproject\bin\debug\netcoreapp3.1\mstestproject.dll" id="362e661d-9093-4752-b672-b337901e8828">
      <TestCategory>
        <TestCategoryItem TestCategory="Category1000" />
      </TestCategory>
      <Execution id="bd7ad9b0-2c45-4d1e-a4f5-bb142cc31e6d" />
      <TestMethod codeBase="C:\Projekty\MSTestProject\bin\Debug\netcoreapp3.1\MSTestProject.dll" adapterTypeName="executor://mstestadapter/v2" className="TwojeWesele.Services.Helpers.Tests.CurrencyHelperTests" name="FormatToStringTest1000" />
    </UnitTest>
    <UnitTest name="FormatToStringTest1000 (20552.966022956633,20552.97 zł)" storage="c:\projekty\mstestproject\bin\debug\netcoreapp3.1\mstestproject.dll" id="c09c4e13-17f2-446b-9835-390835d303b2">
      <TestCategory>
        <TestCategoryItem TestCategory="Category1000" />
      </TestCategory>
      <Execution id="bd8db0bc-a27e-4847-ad4d-9afa960ceaec" />
      <TestMethod codeBase="C:\Projekty\MSTestProject\bin\Debug\netcoreapp3.1\MSTestProject.dll" adapterTypeName="executor://mstestadapter/v2" className="TwojeWesele.Services.Helpers.Tests.CurrencyHelperTests" name="FormatToStringTest1000" />
    </UnitTest>
    <UnitTest name="FormatToStringTest1000 (5876.112133716285,5876.11 zł)" storage="c:\projekty\mstestproject\bin\debug\netcoreapp3.1\mstestproject.dll" id="8b8276cd-b5f8-4b80-8380-dcf1178e338c">
      <TestCategory>
        <TestCategoryItem TestCategory="Category1000" />
      </TestCategory>
      <Execution id="6a73d0dc-8980-4983-a3af-91090d4796e7" />
      <TestMethod codeBase="C:\Projekty\MSTestProject\bin\Debug\netcoreapp3.1\MSTestProject.dll" adapterTypeName="executor://mstestadapter/v2" className="TwojeWesele.Services.Helpers.Tests.CurrencyHelperTests" name="FormatToStringTest1000" />
    </UnitTest>
    <UnitTest name="FormatToStringTest1000 (8908.080586221107,8908.08 zł)" storage="c:\projekty\mstestproject\bin\debug\netcoreapp3.1\mstestproject.dll" id="9bb1db14-9dbc-497f-86ed-9b1beee25329">
      <TestCategory>
        <TestCategoryItem TestCategory="Category1000" />
      </TestCategory>
      <Execution id="35c7f42e-bfd2-4509-82f4-8b441f502da9" />
      <TestMethod codeBase="C:\Projekty\MSTestProject\bin\Debug\netcoreapp3.1\MSTestProject.dll" adapterTypeName="executor://mstestadapter/v2" className="TwojeWesele.Services.Helpers.Tests.CurrencyHelperTests" name="FormatToStringTest1000" />
    </UnitTest>
    <UnitTest name="FormatToStringTest1000 (90187.4082624374,90187.41 zł)" storage="c:\projekty\mstestproject\bin\debug\netcoreapp3.1\mstestproject.dll" id="49286ccd-12ef-415e-8331-65fe39e47d9c">
      <TestCategory>
        <TestCategoryItem TestCategory="Category1000" />
      </TestCategory>
      <Execution id="b1871940-d8d1-4ed2-8cc1-135180b55a52" />
      <TestMethod codeBase="C:\Projekty\MSTestProject\bin\Debug\netcoreapp3.1\MSTestProject.dll" adapterTypeName="executor://mstestadapter/v2" className="TwojeWesele.Services.Helpers.Tests.CurrencyHelperTests" name="FormatToStringTest1000" />
    </UnitTest>
    <UnitTest name="FormatToStringTest1000 (34096.337879508894,34096.34 zł)" storage="c:\projekty\mstestproject\bin\debug\netcoreapp3.1\mstestproject.dll" id="1a25f067-8ddb-4cee-aa8f-710693a81304">
      <TestCategory>
        <TestCategoryItem TestCategory="Category1000" />
      </TestCategory>
      <Execution id="469d7fae-e053-4b6b-b875-f3f4c85ad19c" />
      <TestMethod codeBase="C:\Projekty\MSTestProject\bin\Debug\netcoreapp3.1\MSTestProject.dll" adapterTypeName="executor://mstestadapter/v2" className="TwojeWesele.Services.Helpers.Tests.CurrencyHelperTests" name="FormatToStringTest1000" />
    </UnitTest>
    <UnitTest name="FormatToStringTest1000 (10661.19584154207,10661.20 zł)" storage="c:\projekty\mstestproject\bin\debug\netcoreapp3.1\mstestproject.dll" id="9ce75941-f683-4420-89f5-34977e141565">
      <TestCategory>
        <TestCategoryItem TestCategory="Category1000" />
      </TestCategory>
      <Execution id="8c94a134-97ce-4c9c-896c-46a78f57744c" />
      <TestMethod codeBase="C:\Projekty\MSTestProject\bin\Debug\netcoreapp3.1\MSTestProject.dll" adapterTypeName="executor://mstestadapter/v2" className="TwojeWesele.Services.Helpers.Tests.CurrencyHelperTests" name="FormatToStringTest1000" />
    </UnitTest>
    <UnitTest name="FormatToStringTest1000 (9097.395563790293,9097.40 zł)" storage="c:\projekty\mstestproject\bin\debug\netcoreapp3.1\mstestproject.dll" id="c54a6011-1afb-4721-be7f-52424547201e">
      <TestCategory>
        <TestCategoryItem TestCategory="Category1000" />
      </TestCategory>
      <Execution id="63181dd2-6713-413f-900d-1aea3257beca" />
      <TestMethod codeBase="C:\Projekty\MSTestProject\bin\Debug\netcoreapp3.1\MSTestProject.dll" adapterTypeName="executor://mstestadapter/v2" className="TwojeWesele.Services.Helpers.Tests.CurrencyHelperTests" name="FormatToStringTest1000" />
    </UnitTest>
    <UnitTest name="FormatToStringTest1000 (26215.613055301183,26215.61 zł)" storage="c:\projekty\mstestproject\bin\debug\netcoreapp3.1\mstestproject.dll" id="6b5b88fa-d025-48d3-be0d-0d01c9165f80">
      <TestCategory>
        <TestCategoryItem TestCategory="Category1000" />
      </TestCategory>
      <Execution id="37870d72-5331-402f-a314-8e541551fd53" />
      <TestMethod codeBase="C:\Projekty\MSTestProject\bin\Debug\netcoreapp3.1\MSTestProject.dll" adapterTypeName="executor://mstestadapter/v2" className="TwojeWesele.Services.Helpers.Tests.CurrencyHelperTests" name="FormatToStringTest1000" />
    </UnitTest>
    <UnitTest name="FormatToStringTest1000 (6323.24079469882,6323.24 zł)" storage="c:\projekty\mstestproject\bin\debug\netcoreapp3.1\mstestproject.dll" id="113c0ea1-7afc-4891-8ecd-020d87de643c">
      <TestCategory>
        <TestCategoryItem TestCategory="Category1000" />
      </TestCategory>
      <Execution id="a7aea713-b5d3-4a0f-a4ee-5b2a2d14ca11" />
      <TestMethod codeBase="C:\Projekty\MSTestProject\bin\Debug\netcoreapp3.1\MSTestProject.dll" adapterTypeName="executor://mstestadapter/v2" className="TwojeWesele.Services.Helpers.Tests.CurrencyHelperTests" name="FormatToStringTest1000" />
    </UnitTest>
    <UnitTest name="FormatToStringTest1000 (11989.099505855282,11989.10 zł)" storage="c:\projekty\mstestproject\bin\debug\netcoreapp3.1\mstestproject.dll" id="d747cce0-1166-4130-b434-7ea90871ff2b">
      <TestCategory>
        <TestCategoryItem TestCategory="Category1000" />
      </TestCategory>
      <Execution id="028924a0-4289-48fa-a26e-bdc70a86f607" />
      <TestMethod codeBase="C:\Projekty\MSTestProject\bin\Debug\netcoreapp3.1\MSTestProject.dll" adapterTypeName="executor://mstestadapter/v2" className="TwojeWesele.Services.Helpers.Tests.CurrencyHelperTests" name="FormatToStringTest1000" />
    </UnitTest>
    <UnitTest name="FormatToStringTest1000 (22604.838218828587,22604.84 zł)" storage="c:\projekty\mstestproject\bin\debug\netcoreapp3.1\mstestproject.dll" id="1b94db7c-2db4-4f4a-a91c-7a8f87323262">
      <TestCategory>
        <TestCategoryItem TestCategory="Category1000" />
      </TestCategory>
      <Execution id="cb30769d-edea-4636-a711-9f771ed31556" />
      <TestMethod codeBase="C:\Projekty\MSTestProject\bin\Debug\netcoreapp3.1\MSTestProject.dll" adapterTypeName="executor://mstestadapter/v2" className="TwojeWesele.Services.Helpers.Tests.CurrencyHelperTests" name="FormatToStringTest1000" />
    </UnitTest>
    <UnitTest name="FormatToStringTest1000 (4919.073526169674,4919.07 zł)" storage="c:\projekty\mstestproject\bin\debug\netcoreapp3.1\mstestproject.dll" id="1e2cd77e-26df-4f7b-ba85-85e3b83c28c9">
      <TestCategory>
        <TestCategoryItem TestCategory="Category1000" />
      </TestCategory>
      <Execution id="8cf8fc47-c756-4284-9e90-614ec76f9b17" />
      <TestMethod codeBase="C:\Projekty\MSTestProject\bin\Debug\netcoreapp3.1\MSTestProject.dll" adapterTypeName="executor://mstestadapter/v2" className="TwojeWesele.Services.Helpers.Tests.CurrencyHelperTests" name="FormatToStringTest1000" />
    </UnitTest>
    <UnitTest name="FormatToStringTest1000 (21328.29026726507,21328.29 zł)" storage="c:\projekty\mstestproject\bin\debug\netcoreapp3.1\mstestproject.dll" id="2e44e8f2-f7f5-4e29-943a-56adf885726a">
      <TestCategory>
        <TestCategoryItem TestCategory="Category1000" />
      </TestCategory>
      <Execution id="c3d78069-413e-4897-aa6b-ec1ca6a8b6aa" />
      <TestMethod codeBase="C:\Projekty\MSTestProject\bin\Debug\netcoreapp3.1\MSTestProject.dll" adapterTypeName="executor://mstestadapter/v2" className="TwojeWesele.Services.Helpers.Tests.CurrencyHelperTests" name="FormatToStringTest1000" />
    </UnitTest>
    <UnitTest name="FormatToStringTest1000 (19103.831635461574,19103.83 zł)" storage="c:\projekty\mstestproject\bin\debug\netcoreapp3.1\mstestproject.dll" id="31c3d1fd-f833-4adf-bb07-90ad12d9df2b">
      <TestCategory>
        <TestCategoryItem TestCategory="Category1000" />
      </TestCategory>
      <Execution id="9f4aa108-17d3-4fd9-807d-2e35888c0395" />
      <TestMethod codeBase="C:\Projekty\MSTestProject\bin\Debug\netcoreapp3.1\MSTestProject.dll" adapterTypeName="executor://mstestadapter/v2" className="TwojeWesele.Services.Helpers.Tests.CurrencyHelperTests" name="FormatToStringTest1000" />
    </UnitTest>
    <UnitTest name="FormatToStringTest1000 (12283.48626129026,12283.49 zł)" storage="c:\projekty\mstestproject\bin\debug\netcoreapp3.1\mstestproject.dll" id="6f90f38e-941e-4d0d-a257-6cb6af6bfd2b">
      <TestCategory>
        <TestCategoryItem TestCategory="Category1000" />
      </TestCategory>
      <Execution id="b61a73fb-68fe-4e7b-807d-69b80e64f491" />
      <TestMethod codeBase="C:\Projekty\MSTestProject\bin\Debug\netcoreapp3.1\MSTestProject.dll" adapterTypeName="executor://mstestadapter/v2" className="TwojeWesele.Services.Helpers.Tests.CurrencyHelperTests" name="FormatToStringTest1000" />
    </UnitTest>
    <UnitTest name="FormatToStringTest1000 (33851.35523524618,33851.36 zł)" storage="c:\projekty\mstestproject\bin\debug\netcoreapp3.1\mstestproject.dll" id="28c13e13-4fef-408c-9a26-85a525f83c24">
      <TestCategory>
        <TestCategoryItem TestCategory="Category1000" />
      </TestCategory>
      <Execution id="84684d62-996c-473c-9942-12594fcd3bb6" />
      <TestMethod codeBase="C:\Projekty\MSTestProject\bin\Debug\netcoreapp3.1\MSTestProject.dll" adapterTypeName="executor://mstestadapter/v2" className="TwojeWesele.Services.Helpers.Tests.CurrencyHelperTests" name="FormatToStringTest1000" />
    </UnitTest>
    <UnitTest name="FormatToStringTest1000 (759.247198292635,759.25 zł)" storage="c:\projekty\mstestproject\bin\debug\netcoreapp3.1\mstestproject.dll" id="cef11b7f-2648-45bf-9fb6-d5e361e4ea53">
      <TestCategory>
        <TestCategoryItem TestCategory="Category1000" />
      </TestCategory>
      <Execution id="bba1e64b-6dbc-48e2-9a36-4a448727255e" />
      <TestMethod codeBase="C:\Projekty\MSTestProject\bin\Debug\netcoreapp3.1\MSTestProject.dll" adapterTypeName="executor://mstestadapter/v2" className="TwojeWesele.Services.Helpers.Tests.CurrencyHelperTests" name="FormatToStringTest1000" />
    </UnitTest>
    <UnitTest name="FormatToStringTest1000 (54088.326214851964,54088.33 zł)" storage="c:\projekty\mstestproject\bin\debug\netcoreapp3.1\mstestproject.dll" id="2f72a148-5018-4938-a913-8948293483aa">
      <TestCategory>
        <TestCategoryItem TestCategory="Category1000" />
      </TestCategory>
      <Execution id="d7ba9236-9175-4878-88a6-bc6104840b91" />
      <TestMethod codeBase="C:\Projekty\MSTestProject\bin\Debug\netcoreapp3.1\MSTestProject.dll" adapterTypeName="executor://mstestadapter/v2" className="TwojeWesele.Services.Helpers.Tests.CurrencyHelperTests" name="FormatToStringTest1000" />
    </UnitTest>
    <UnitTest name="FormatToStringTest1000 (37826.846755123166,37826.85 zł)" storage="c:\projekty\mstestproject\bin\debug\netcoreapp3.1\mstestproject.dll" id="4ae3f4a4-692e-4a8d-9202-e2fe87298f02">
      <TestCategory>
        <TestCategoryItem TestCategory="Category1000" />
      </TestCategory>
      <Execution id="4f92a6d1-04f4-4357-8ae2-69120a1803cf" />
      <TestMethod codeBase="C:\Projekty\MSTestProject\bin\Debug\netcoreapp3.1\MSTestProject.dll" adapterTypeName="executor://mstestadapter/v2" className="TwojeWesele.Services.Helpers.Tests.CurrencyHelperTests" name="FormatToStringTest1000" />
    </UnitTest>
    <UnitTest name="FormatToStringTest1000 (6170.939441211959,6170.94 zł)" storage="c:\projekty\mstestproject\bin\debug\netcoreapp3.1\mstestproject.dll" id="c5900ecc-18b9-4345-99bc-906b0b3c2724">
      <TestCategory>
        <TestCategoryItem TestCategory="Category1000" />
      </TestCategory>
      <Execution id="d17c3b41-63e9-4d9a-903d-857fd7e97890" />
      <TestMethod codeBase="C:\Projekty\MSTestProject\bin\Debug\netcoreapp3.1\MSTestProject.dll" adapterTypeName="executor://mstestadapter/v2" className="TwojeWesele.Services.Helpers.Tests.CurrencyHelperTests" name="FormatToStringTest1000" />
    </UnitTest>
    <UnitTest name="FormatToStringTest1000 (10397.404523554447,10397.40 zł)" storage="c:\projekty\mstestproject\bin\debug\netcoreapp3.1\mstestproject.dll" id="eb2b1fcf-d937-416d-9e25-d87670825d6a">
      <TestCategory>
        <TestCategoryItem TestCategory="Category1000" />
      </TestCategory>
      <Execution id="bcd64e24-4219-4dd1-9227-5eccae8ea24b" />
      <TestMethod codeBase="C:\Projekty\MSTestProject\bin\Debug\netcoreapp3.1\MSTestProject.dll" adapterTypeName="executor://mstestadapter/v2" className="TwojeWesele.Services.Helpers.Tests.CurrencyHelperTests" name="FormatToStringTest1000" />
    </UnitTest>
    <UnitTest name="FormatToStringTest1000 (37528.70144368368,37528.70 zł)" storage="c:\projekty\mstestproject\bin\debug\netcoreapp3.1\mstestproject.dll" id="8fe7e689-4bf7-4893-b83e-483d79204ac7">
      <TestCategory>
        <TestCategoryItem TestCategory="Category1000" />
      </TestCategory>
      <Execution id="2e74f31d-55df-4a63-9224-a46f51058013" />
      <TestMethod codeBase="C:\Projekty\MSTestProject\bin\Debug\netcoreapp3.1\MSTestProject.dll" adapterTypeName="executor://mstestadapter/v2" className="TwojeWesele.Services.Helpers.Tests.CurrencyHelperTests" name="FormatToStringTest1000" />
    </UnitTest>
    <UnitTest name="FormatToStringTest1000 (34136.0993783046,34136.10 zł)" storage="c:\projekty\mstestproject\bin\debug\netcoreapp3.1\mstestproject.dll" id="ea18c726-46bb-498e-b57c-a6351bd2c578">
      <TestCategory>
        <TestCategoryItem TestCategory="Category1000" />
      </TestCategory>
      <Execution id="dab190d3-d45a-4b00-a8a4-c06243b7085d" />
      <TestMethod codeBase="C:\Projekty\MSTestProject\bin\Debug\netcoreapp3.1\MSTestProject.dll" adapterTypeName="executor://mstestadapter/v2" className="TwojeWesele.Services.Helpers.Tests.CurrencyHelperTests" name="FormatToStringTest1000" />
    </UnitTest>
    <UnitTest name="FormatToStringTest1000 (30020.248557890412,30020.25 zł)" storage="c:\projekty\mstestproject\bin\debug\netcoreapp3.1\mstestproject.dll" id="2c48e403-6e24-45d7-9b78-1f6f56b111a3">
      <TestCategory>
        <TestCategoryItem TestCategory="Category1000" />
      </TestCategory>
      <Execution id="600e2bce-2e9b-40a9-a390-f7f2e2d184cd" />
      <TestMethod codeBase="C:\Projekty\MSTestProject\bin\Debug\netcoreapp3.1\MSTestProject.dll" adapterTypeName="executor://mstestadapter/v2" className="TwojeWesele.Services.Helpers.Tests.CurrencyHelperTests" name="FormatToStringTest1000" />
    </UnitTest>
    <UnitTest name="FormatToStringTest1000 (19189.32381924117,19189.32 zł)" storage="c:\projekty\mstestproject\bin\debug\netcoreapp3.1\mstestproject.dll" id="0881f53c-20fd-4088-a807-fcdca7da5e93">
      <TestCategory>
        <TestCategoryItem TestCategory="Category1000" />
      </TestCategory>
      <Execution id="7836e3f6-42f3-4aa4-b5f5-64dcf7c4ddcf" />
      <TestMethod codeBase="C:\Projekty\MSTestProject\bin\Debug\netcoreapp3.1\MSTestProject.dll" adapterTypeName="executor://mstestadapter/v2" className="TwojeWesele.Services.Helpers.Tests.CurrencyHelperTests" name="FormatToStringTest1000" />
    </UnitTest>
    <UnitTest name="FormatToStringTest1000 (84686.32148464039,84686.32 zł)" storage="c:\projekty\mstestproject\bin\debug\netcoreapp3.1\mstestproject.dll" id="9ece2b56-1e52-43dc-925a-612fb3bf507b">
      <TestCategory>
        <TestCategoryItem TestCategory="Category1000" />
      </TestCategory>
      <Execution id="1d583f87-b5ab-4d55-8a42-61d5c1a22977" />
      <TestMethod codeBase="C:\Projekty\MSTestProject\bin\Debug\netcoreapp3.1\MSTestProject.dll" adapterTypeName="executor://mstestadapter/v2" className="TwojeWesele.Services.Helpers.Tests.CurrencyHelperTests" name="FormatToStringTest1000" />
    </UnitTest>
    <UnitTest name="FormatToStringTest1000 (15080.274618567097,15080.27 zł)" storage="c:\projekty\mstestproject\bin\debug\netcoreapp3.1\mstestproject.dll" id="955adf99-9702-4b95-802a-ff1aae9dcbb1">
      <TestCategory>
        <TestCategoryItem TestCategory="Category1000" />
      </TestCategory>
      <Execution id="a32faf97-24fe-4398-9e61-5bbafcb4c092" />
      <TestMethod codeBase="C:\Projekty\MSTestProject\bin\Debug\netcoreapp3.1\MSTestProject.dll" adapterTypeName="executor://mstestadapter/v2" className="TwojeWesele.Services.Helpers.Tests.CurrencyHelperTests" name="FormatToStringTest1000" />
    </UnitTest>
    <UnitTest name="FormatToStringTest1000 (486.15309567942893,486.15 zł)" storage="c:\projekty\mstestproject\bin\debug\netcoreapp3.1\mstestproject.dll" id="480ad139-b26f-4129-9c1f-fdd623313787">
      <TestCategory>
        <TestCategoryItem TestCategory="Category1000" />
      </TestCategory>
      <Execution id="fe63f1b1-a51d-4f67-b378-57e49c206a38" />
      <TestMethod codeBase="C:\Projekty\MSTestProject\bin\Debug\netcoreapp3.1\MSTestProject.dll" adapterTypeName="executor://mstestadapter/v2" className="TwojeWesele.Services.Helpers.Tests.CurrencyHelperTests" name="FormatToStringTest1000" />
    </UnitTest>
    <UnitTest name="FormatToStringTest1000 (19435.417227184127,19435.42 zł)" storage="c:\projekty\mstestproject\bin\debug\netcoreapp3.1\mstestproject.dll" id="65a0d7cc-2fb7-41b4-9be2-8f690c1ac842">
      <TestCategory>
        <TestCategoryItem TestCategory="Category1000" />
      </TestCategory>
      <Execution id="cb257d17-5fee-460e-8ce8-e4865d1ded12" />
      <TestMethod codeBase="C:\Projekty\MSTestProject\bin\Debug\netcoreapp3.1\MSTestProject.dll" adapterTypeName="executor://mstestadapter/v2" className="TwojeWesele.Services.Helpers.Tests.CurrencyHelperTests" name="FormatToStringTest1000" />
    </UnitTest>
    <UnitTest name="FormatToStringTest1000 (57713.01647853712,57713.02 zł)" storage="c:\projekty\mstestproject\bin\debug\netcoreapp3.1\mstestproject.dll" id="e7e34ee8-0551-41e1-a295-089f65e51e67">
      <TestCategory>
        <TestCategoryItem TestCategory="Category1000" />
      </TestCategory>
      <Execution id="568fc51d-4b83-4d5b-9350-2f77e43b4f4b" />
      <TestMethod codeBase="C:\Projekty\MSTestProject\bin\Debug\netcoreapp3.1\MSTestProject.dll" adapterTypeName="executor://mstestadapter/v2" className="TwojeWesele.Services.Helpers.Tests.CurrencyHelperTests" name="FormatToStringTest1000" />
    </UnitTest>
    <UnitTest name="FormatToStringTest1000 (29539.32303995328,29539.32 zł)" storage="c:\projekty\mstestproject\bin\debug\netcoreapp3.1\mstestproject.dll" id="847f9e13-2c56-4d29-b725-486847adc25c">
      <TestCategory>
        <TestCategoryItem TestCategory="Category1000" />
      </TestCategory>
      <Execution id="95ceae71-8756-4482-9f6d-0174fe86560d" />
      <TestMethod codeBase="C:\Projekty\MSTestProject\bin\Debug\netcoreapp3.1\MSTestProject.dll" adapterTypeName="executor://mstestadapter/v2" className="TwojeWesele.Services.Helpers.Tests.CurrencyHelperTests" name="FormatToStringTest1000" />
    </UnitTest>
    <UnitTest name="FormatToStringTest1000 (37561.969571757116,37561.97 zł)" storage="c:\projekty\mstestproject\bin\debug\netcoreapp3.1\mstestproject.dll" id="e749810d-a4a7-46d6-a334-e9866ab71809">
      <TestCategory>
        <TestCategoryItem TestCategory="Category1000" />
      </TestCategory>
      <Execution id="0b45be94-33ec-4518-91d4-dcb600dc1886" />
      <TestMethod codeBase="C:\Projekty\MSTestProject\bin\Debug\netcoreapp3.1\MSTestProject.dll" adapterTypeName="executor://mstestadapter/v2" className="TwojeWesele.Services.Helpers.Tests.CurrencyHelperTests" name="FormatToStringTest1000" />
    </UnitTest>
    <UnitTest name="FormatToStringTest1000 (49037.8109120586,49037.81 zł)" storage="c:\projekty\mstestproject\bin\debug\netcoreapp3.1\mstestproject.dll" id="6aeccdbd-c643-4a75-bded-31a59eb2c681">
      <TestCategory>
        <TestCategoryItem TestCategory="Category1000" />
      </TestCategory>
      <Execution id="dc658321-4842-43b2-8971-391eb399f4c2" />
      <TestMethod codeBase="C:\Projekty\MSTestProject\bin\Debug\netcoreapp3.1\MSTestProject.dll" adapterTypeName="executor://mstestadapter/v2" className="TwojeWesele.Services.Helpers.Tests.CurrencyHelperTests" name="FormatToStringTest1000" />
    </UnitTest>
    <UnitTest name="FormatToStringTest1000 (6665.405372488035,6665.41 zł)" storage="c:\projekty\mstestproject\bin\debug\netcoreapp3.1\mstestproject.dll" id="de5310a4-5b5c-4e72-a1de-0c47caa34f2f">
      <TestCategory>
        <TestCategoryItem TestCategory="Category1000" />
      </TestCategory>
      <Execution id="83c6e429-b85d-4fd9-b5d9-1ec1586e91b5" />
      <TestMethod codeBase="C:\Projekty\MSTestProject\bin\Debug\netcoreapp3.1\MSTestProject.dll" adapterTypeName="executor://mstestadapter/v2" className="TwojeWesele.Services.Helpers.Tests.CurrencyHelperTests" name="FormatToStringTest1000" />
    </UnitTest>
    <UnitTest name="FormatToStringTest1000 (13046.352146307172,13046.35 zł)" storage="c:\projekty\mstestproject\bin\debug\netcoreapp3.1\mstestproject.dll" id="5966cf86-5dee-4c9c-8210-4367ad9fc5a5">
      <TestCategory>
        <TestCategoryItem TestCategory="Category1000" />
      </TestCategory>
      <Execution id="83d39c60-6b23-4dd0-9c64-8c8e420ef8fc" />
      <TestMethod codeBase="C:\Projekty\MSTestProject\bin\Debug\netcoreapp3.1\MSTestProject.dll" adapterTypeName="executor://mstestadapter/v2" className="TwojeWesele.Services.Helpers.Tests.CurrencyHelperTests" name="FormatToStringTest1000" />
    </UnitTest>
    <UnitTest name="FormatToStringTest1000 (3799.9216302064815,3799.92 zł)" storage="c:\projekty\mstestproject\bin\debug\netcoreapp3.1\mstestproject.dll" id="e1c02c1e-e832-43bd-ab7a-cba18ab93b97">
      <TestCategory>
        <TestCategoryItem TestCategory="Category1000" />
      </TestCategory>
      <Execution id="a1a1eaed-fc42-45b9-b327-343520f61039" />
      <TestMethod codeBase="C:\Projekty\MSTestProject\bin\Debug\netcoreapp3.1\MSTestProject.dll" adapterTypeName="executor://mstestadapter/v2" className="TwojeWesele.Services.Helpers.Tests.CurrencyHelperTests" name="FormatToStringTest1000" />
    </UnitTest>
    <UnitTest name="FormatToStringTest1000 (18023.78504577455,18023.79 zł)" storage="c:\projekty\mstestproject\bin\debug\netcoreapp3.1\mstestproject.dll" id="4222d7ab-a8ec-4f0d-bb41-3db5367ce297">
      <TestCategory>
        <TestCategoryItem TestCategory="Category1000" />
      </TestCategory>
      <Execution id="3f690564-4e55-4753-838f-3432165efec2" />
      <TestMethod codeBase="C:\Projekty\MSTestProject\bin\Debug\netcoreapp3.1\MSTestProject.dll" adapterTypeName="executor://mstestadapter/v2" className="TwojeWesele.Services.Helpers.Tests.CurrencyHelperTests" name="FormatToStringTest1000" />
    </UnitTest>
    <UnitTest name="FormatToStringTest1000 (10174.652801423637,10174.65 zł)" storage="c:\projekty\mstestproject\bin\debug\netcoreapp3.1\mstestproject.dll" id="c6dfb81f-9c93-4bd7-9500-65c30fb38d70">
      <TestCategory>
        <TestCategoryItem TestCategory="Category1000" />
      </TestCategory>
      <Execution id="65e468a9-371a-4435-ab2a-245b5f11d2f4" />
      <TestMethod codeBase="C:\Projekty\MSTestProject\bin\Debug\netcoreapp3.1\MSTestProject.dll" adapterTypeName="executor://mstestadapter/v2" className="TwojeWesele.Services.Helpers.Tests.CurrencyHelperTests" name="FormatToStringTest1000" />
    </UnitTest>
    <UnitTest name="FormatToStringTest1000 (30626.373939456127,30626.37 zł)" storage="c:\projekty\mstestproject\bin\debug\netcoreapp3.1\mstestproject.dll" id="6a214adf-4414-402c-aac2-6b4e7badac3c">
      <TestCategory>
        <TestCategoryItem TestCategory="Category1000" />
      </TestCategory>
      <Execution id="e9aa6b7b-8d4e-4296-93ff-43dd7d413d33" />
      <TestMethod codeBase="C:\Projekty\MSTestProject\bin\Debug\netcoreapp3.1\MSTestProject.dll" adapterTypeName="executor://mstestadapter/v2" className="TwojeWesele.Services.Helpers.Tests.CurrencyHelperTests" name="FormatToStringTest1000" />
    </UnitTest>
    <UnitTest name="FormatToStringTest1000 (238.1379397484185,238.14 zł)" storage="c:\projekty\mstestproject\bin\debug\netcoreapp3.1\mstestproject.dll" id="f3d980b2-313f-4896-b7f6-cb022ad211eb">
      <TestCategory>
        <TestCategoryItem TestCategory="Category1000" />
      </TestCategory>
      <Execution id="c406580d-4673-46b4-8c0e-26911c5746ad" />
      <TestMethod codeBase="C:\Projekty\MSTestProject\bin\Debug\netcoreapp3.1\MSTestProject.dll" adapterTypeName="executor://mstestadapter/v2" className="TwojeWesele.Services.Helpers.Tests.CurrencyHelperTests" name="FormatToStringTest1000" />
    </UnitTest>
    <UnitTest name="FormatToStringTest1000 (18794.859523484418,18794.86 zł)" storage="c:\projekty\mstestproject\bin\debug\netcoreapp3.1\mstestproject.dll" id="2912ba61-f4c6-4a80-bd79-5ca788db0b88">
      <TestCategory>
        <TestCategoryItem TestCategory="Category1000" />
      </TestCategory>
      <Execution id="014f6b14-4b6d-4c22-bb87-31aa1201a30d" />
      <TestMethod codeBase="C:\Projekty\MSTestProject\bin\Debug\netcoreapp3.1\MSTestProject.dll" adapterTypeName="executor://mstestadapter/v2" className="TwojeWesele.Services.Helpers.Tests.CurrencyHelperTests" name="FormatToStringTest1000" />
    </UnitTest>
    <UnitTest name="FormatToStringTest1000 (1952.6955147062872,1952.70 zł)" storage="c:\projekty\mstestproject\bin\debug\netcoreapp3.1\mstestproject.dll" id="ff532a67-1e90-4ce2-8cf4-c85c202a9ff6">
      <TestCategory>
        <TestCategoryItem TestCategory="Category1000" />
      </TestCategory>
      <Execution id="329f80c3-84d9-420f-b4e6-f9d5f79e4cf5" />
      <TestMethod codeBase="C:\Projekty\MSTestProject\bin\Debug\netcoreapp3.1\MSTestProject.dll" adapterTypeName="executor://mstestadapter/v2" className="TwojeWesele.Services.Helpers.Tests.CurrencyHelperTests" name="FormatToStringTest1000" />
    </UnitTest>
    <UnitTest name="FormatToStringTest1000 (30199.386730006612,30199.39 zł)" storage="c:\projekty\mstestproject\bin\debug\netcoreapp3.1\mstestproject.dll" id="0eeadf74-d03b-4b6d-a0ca-df9468af3fde">
      <TestCategory>
        <TestCategoryItem TestCategory="Category1000" />
      </TestCategory>
      <Execution id="fa02255d-8604-4fce-a984-9422847c3839" />
      <TestMethod codeBase="C:\Projekty\MSTestProject\bin\Debug\netcoreapp3.1\MSTestProject.dll" adapterTypeName="executor://mstestadapter/v2" className="TwojeWesele.Services.Helpers.Tests.CurrencyHelperTests" name="FormatToStringTest1000" />
    </UnitTest>
    <UnitTest name="FormatToStringTest1000 (42767.96883676898,42767.97 zł)" storage="c:\projekty\mstestproject\bin\debug\netcoreapp3.1\mstestproject.dll" id="331baa46-766d-468a-a3c2-81aecca837a8">
      <TestCategory>
        <TestCategoryItem TestCategory="Category1000" />
      </TestCategory>
      <Execution id="11463c34-537a-49eb-a65c-49ad0d934ee2" />
      <TestMethod codeBase="C:\Projekty\MSTestProject\bin\Debug\netcoreapp3.1\MSTestProject.dll" adapterTypeName="executor://mstestadapter/v2" className="TwojeWesele.Services.Helpers.Tests.CurrencyHelperTests" name="FormatToStringTest1000" />
    </UnitTest>
    <UnitTest name="FormatToStringTest1000 (5957.42161879941,5957.42 zł)" storage="c:\projekty\mstestproject\bin\debug\netcoreapp3.1\mstestproject.dll" id="1e0e992d-ad40-4aee-ab92-074d47247d9d">
      <TestCategory>
        <TestCategoryItem TestCategory="Category1000" />
      </TestCategory>
      <Execution id="cc77a47e-fda5-468d-b069-e11bc3586d85" />
      <TestMethod codeBase="C:\Projekty\MSTestProject\bin\Debug\netcoreapp3.1\MSTestProject.dll" adapterTypeName="executor://mstestadapter/v2" className="TwojeWesele.Services.Helpers.Tests.CurrencyHelperTests" name="FormatToStringTest1000" />
    </UnitTest>
    <UnitTest name="FormatToStringTest1000 (68698.01923441609,68698.02 zł)" storage="c:\projekty\mstestproject\bin\debug\netcoreapp3.1\mstestproject.dll" id="491b22b2-155e-4f0f-b18b-67454524fa62">
      <TestCategory>
        <TestCategoryItem TestCategory="Category1000" />
      </TestCategory>
      <Execution id="77f3067d-8d03-4efb-b5f2-fee975e53290" />
      <TestMethod codeBase="C:\Projekty\MSTestProject\bin\Debug\netcoreapp3.1\MSTestProject.dll" adapterTypeName="executor://mstestadapter/v2" className="TwojeWesele.Services.Helpers.Tests.CurrencyHelperTests" name="FormatToStringTest1000" />
    </UnitTest>
    <UnitTest name="FormatToStringTest1000 (1474.699818629166,1474.70 zł)" storage="c:\projekty\mstestproject\bin\debug\netcoreapp3.1\mstestproject.dll" id="fc4d338b-fec8-4873-875e-aaf760c0e882">
      <TestCategory>
        <TestCategoryItem TestCategory="Category1000" />
      </TestCategory>
      <Execution id="546afe12-8227-4c30-9840-0e14b31225e8" />
      <TestMethod codeBase="C:\Projekty\MSTestProject\bin\Debug\netcoreapp3.1\MSTestProject.dll" adapterTypeName="executor://mstestadapter/v2" className="TwojeWesele.Services.Helpers.Tests.CurrencyHelperTests" name="FormatToStringTest1000" />
    </UnitTest>
    <UnitTest name="FormatToStringTest1000 (10511.7304983189,10511.73 zł)" storage="c:\projekty\mstestproject\bin\debug\netcoreapp3.1\mstestproject.dll" id="a53f1b4c-e56c-43c5-9e1c-d07378dfb81f">
      <TestCategory>
        <TestCategoryItem TestCategory="Category1000" />
      </TestCategory>
      <Execution id="5d4bca5e-2a46-4df5-a57c-10f2d96b1826" />
      <TestMethod codeBase="C:\Projekty\MSTestProject\bin\Debug\netcoreapp3.1\MSTestProject.dll" adapterTypeName="executor://mstestadapter/v2" className="TwojeWesele.Services.Helpers.Tests.CurrencyHelperTests" name="FormatToStringTest1000" />
    </UnitTest>
    <UnitTest name="FormatToStringTest1000 (19519.4298413505,19519.43 zł)" storage="c:\projekty\mstestproject\bin\debug\netcoreapp3.1\mstestproject.dll" id="3c3c2312-e4a8-4417-be7e-96688681cd3e">
      <TestCategory>
        <TestCategoryItem TestCategory="Category1000" />
      </TestCategory>
      <Execution id="a3771551-b5f3-42ea-b77d-b4a88f7f8db3" />
      <TestMethod codeBase="C:\Projekty\MSTestProject\bin\Debug\netcoreapp3.1\MSTestProject.dll" adapterTypeName="executor://mstestadapter/v2" className="TwojeWesele.Services.Helpers.Tests.CurrencyHelperTests" name="FormatToStringTest1000" />
    </UnitTest>
    <UnitTest name="FormatToStringTest1000 (70581.91150977784,70581.91 zł)" storage="c:\projekty\mstestproject\bin\debug\netcoreapp3.1\mstestproject.dll" id="230ef060-3215-41a4-8955-d627f78b00c2">
      <TestCategory>
        <TestCategoryItem TestCategory="Category1000" />
      </TestCategory>
      <Execution id="792dcdb5-50b9-4786-8add-bf21818396fc" />
      <TestMethod codeBase="C:\Projekty\MSTestProject\bin\Debug\netcoreapp3.1\MSTestProject.dll" adapterTypeName="executor://mstestadapter/v2" className="TwojeWesele.Services.Helpers.Tests.CurrencyHelperTests" name="FormatToStringTest1000" />
    </UnitTest>
    <UnitTest name="FormatToStringTest1000 (8242.419043611,8242.42 zł)" storage="c:\projekty\mstestproject\bin\debug\netcoreapp3.1\mstestproject.dll" id="dce81d1b-1d4f-47b7-bf73-74520a8e0c5d">
      <TestCategory>
        <TestCategoryItem TestCategory="Category1000" />
      </TestCategory>
      <Execution id="6d0bf533-700f-4e52-8c3a-81f5da3e0eab" />
      <TestMethod codeBase="C:\Projekty\MSTestProject\bin\Debug\netcoreapp3.1\MSTestProject.dll" adapterTypeName="executor://mstestadapter/v2" className="TwojeWesele.Services.Helpers.Tests.CurrencyHelperTests" name="FormatToStringTest1000" />
    </UnitTest>
    <UnitTest name="FormatToStringTest1000 (7396.940188290057,7396.94 zł)" storage="c:\projekty\mstestproject\bin\debug\netcoreapp3.1\mstestproject.dll" id="79a9bc28-81fc-4a01-9425-5d3d2f7a4295">
      <TestCategory>
        <TestCategoryItem TestCategory="Category1000" />
      </TestCategory>
      <Execution id="92b14e71-d1c2-4993-848a-950b42a0cdf2" />
      <TestMethod codeBase="C:\Projekty\MSTestProject\bin\Debug\netcoreapp3.1\MSTestProject.dll" adapterTypeName="executor://mstestadapter/v2" className="TwojeWesele.Services.Helpers.Tests.CurrencyHelperTests" name="FormatToStringTest1000" />
    </UnitTest>
    <UnitTest name="FormatToStringTest1000 (48654.65723134794,48654.66 zł)" storage="c:\projekty\mstestproject\bin\debug\netcoreapp3.1\mstestproject.dll" id="21afe004-c45a-41c6-ba69-84fb02bbb1be">
      <TestCategory>
        <TestCategoryItem TestCategory="Category1000" />
      </TestCategory>
      <Execution id="d20d7e55-9144-4296-b224-7efd1d0711c4" />
      <TestMethod codeBase="C:\Projekty\MSTestProject\bin\Debug\netcoreapp3.1\MSTestProject.dll" adapterTypeName="executor://mstestadapter/v2" className="TwojeWesele.Services.Helpers.Tests.CurrencyHelperTests" name="FormatToStringTest1000" />
    </UnitTest>
    <UnitTest name="FormatToStringTest1000 (1073.195098933389,1073.20 zł)" storage="c:\projekty\mstestproject\bin\debug\netcoreapp3.1\mstestproject.dll" id="2f97b4c8-4f8f-4659-a2d6-d5908a93b5aa">
      <TestCategory>
        <TestCategoryItem TestCategory="Category1000" />
      </TestCategory>
      <Execution id="467a1bc8-d526-460f-a401-1d6817762895" />
      <TestMethod codeBase="C:\Projekty\MSTestProject\bin\Debug\netcoreapp3.1\MSTestProject.dll" adapterTypeName="executor://mstestadapter/v2" className="TwojeWesele.Services.Helpers.Tests.CurrencyHelperTests" name="FormatToStringTest1000" />
    </UnitTest>
    <UnitTest name="FormatToStringTest1000 (79.6815319544084,79.68 zł)" storage="c:\projekty\mstestproject\bin\debug\netcoreapp3.1\mstestproject.dll" id="7e2188f4-324c-45a6-8374-50a59b7cb54c">
      <TestCategory>
        <TestCategoryItem TestCategory="Category1000" />
      </TestCategory>
      <Execution id="c540587e-3f62-4c16-a24c-7c92ab60ddac" />
      <TestMethod codeBase="C:\Projekty\MSTestProject\bin\Debug\netcoreapp3.1\MSTestProject.dll" adapterTypeName="executor://mstestadapter/v2" className="TwojeWesele.Services.Helpers.Tests.CurrencyHelperTests" name="FormatToStringTest1000" />
    </UnitTest>
    <UnitTest name="FormatToStringTest1000 (37614.50159416278,37614.50 zł)" storage="c:\projekty\mstestproject\bin\debug\netcoreapp3.1\mstestproject.dll" id="992dc810-e712-4f6b-88c6-09656b041320">
      <TestCategory>
        <TestCategoryItem TestCategory="Category1000" />
      </TestCategory>
      <Execution id="f74f5886-d270-4c6c-a47b-56771d940dd9" />
      <TestMethod codeBase="C:\Projekty\MSTestProject\bin\Debug\netcoreapp3.1\MSTestProject.dll" adapterTypeName="executor://mstestadapter/v2" className="TwojeWesele.Services.Helpers.Tests.CurrencyHelperTests" name="FormatToStringTest1000" />
    </UnitTest>
    <UnitTest name="FormatToStringTest1000 (63946.51014057478,63946.51 zł)" storage="c:\projekty\mstestproject\bin\debug\netcoreapp3.1\mstestproject.dll" id="1ee72ba4-8a7b-4b34-a2e8-6689354bf2ef">
      <TestCategory>
        <TestCategoryItem TestCategory="Category1000" />
      </TestCategory>
      <Execution id="e1ec88ba-6b96-4f4c-a5fd-be8326d0d210" />
      <TestMethod codeBase="C:\Projekty\MSTestProject\bin\Debug\netcoreapp3.1\MSTestProject.dll" adapterTypeName="executor://mstestadapter/v2" className="TwojeWesele.Services.Helpers.Tests.CurrencyHelperTests" name="FormatToStringTest1000" />
    </UnitTest>
    <UnitTest name="FormatToStringTest1000 (27164.0272410419,27164.03 zł)" storage="c:\projekty\mstestproject\bin\debug\netcoreapp3.1\mstestproject.dll" id="727886fc-0f2b-422e-b3c0-784b812bbb37">
      <TestCategory>
        <TestCategoryItem TestCategory="Category1000" />
      </TestCategory>
      <Execution id="d88ef7ca-a567-4899-b44c-1208fdb2fd36" />
      <TestMethod codeBase="C:\Projekty\MSTestProject\bin\Debug\netcoreapp3.1\MSTestProject.dll" adapterTypeName="executor://mstestadapter/v2" className="TwojeWesele.Services.Helpers.Tests.CurrencyHelperTests" name="FormatToStringTest1000" />
    </UnitTest>
    <UnitTest name="FormatToStringTest1000 (15190.097283723344,15190.10 zł)" storage="c:\projekty\mstestproject\bin\debug\netcoreapp3.1\mstestproject.dll" id="0e041649-e165-4cad-8d44-76e731be5050">
      <TestCategory>
        <TestCategoryItem TestCategory="Category1000" />
      </TestCategory>
      <Execution id="27b60997-6139-4040-ab19-bb8260aee109" />
      <TestMethod codeBase="C:\Projekty\MSTestProject\bin\Debug\netcoreapp3.1\MSTestProject.dll" adapterTypeName="executor://mstestadapter/v2" className="TwojeWesele.Services.Helpers.Tests.CurrencyHelperTests" name="FormatToStringTest1000" />
    </UnitTest>
    <UnitTest name="FormatToStringTest1000 (16037.01783290087,16037.02 zł)" storage="c:\projekty\mstestproject\bin\debug\netcoreapp3.1\mstestproject.dll" id="cb38544d-33e4-4fc9-a300-ccdc6e441c58">
      <TestCategory>
        <TestCategoryItem TestCategory="Category1000" />
      </TestCategory>
      <Execution id="b351e7af-1d7a-418a-9742-67d21d6c4726" />
      <TestMethod codeBase="C:\Projekty\MSTestProject\bin\Debug\netcoreapp3.1\MSTestProject.dll" adapterTypeName="executor://mstestadapter/v2" className="TwojeWesele.Services.Helpers.Tests.CurrencyHelperTests" name="FormatToStringTest1000" />
    </UnitTest>
    <UnitTest name="FormatToStringTest1000 (16282.687804925576,16282.69 zł)" storage="c:\projekty\mstestproject\bin\debug\netcoreapp3.1\mstestproject.dll" id="3fe1c82c-5fa7-47b1-bf2b-a6279999953a">
      <TestCategory>
        <TestCategoryItem TestCategory="Category1000" />
      </TestCategory>
      <Execution id="77a21cbf-a28d-4c0c-971b-8e0a7b163f16" />
      <TestMethod codeBase="C:\Projekty\MSTestProject\bin\Debug\netcoreapp3.1\MSTestProject.dll" adapterTypeName="executor://mstestadapter/v2" className="TwojeWesele.Services.Helpers.Tests.CurrencyHelperTests" name="FormatToStringTest1000" />
    </UnitTest>
    <UnitTest name="FormatToStringTest1000 (75987.03378503352,75987.03 zł)" storage="c:\projekty\mstestproject\bin\debug\netcoreapp3.1\mstestproject.dll" id="508aeeca-5c3c-4b99-b31b-f9f12813d703">
      <TestCategory>
        <TestCategoryItem TestCategory="Category1000" />
      </TestCategory>
      <Execution id="52c2868b-088b-44ed-a413-a094bacf775f" />
      <TestMethod codeBase="C:\Projekty\MSTestProject\bin\Debug\netcoreapp3.1\MSTestProject.dll" adapterTypeName="executor://mstestadapter/v2" className="TwojeWesele.Services.Helpers.Tests.CurrencyHelperTests" name="FormatToStringTest1000" />
    </UnitTest>
    <UnitTest name="FormatToStringTest1000 (68479.93492677805,68479.93 zł)" storage="c:\projekty\mstestproject\bin\debug\netcoreapp3.1\mstestproject.dll" id="1240c27b-5c31-415a-bfd8-1017275f7bbd">
      <TestCategory>
        <TestCategoryItem TestCategory="Category1000" />
      </TestCategory>
      <Execution id="b6895c21-58be-427f-bd95-a826b3fe52bd" />
      <TestMethod codeBase="C:\Projekty\MSTestProject\bin\Debug\netcoreapp3.1\MSTestProject.dll" adapterTypeName="executor://mstestadapter/v2" className="TwojeWesele.Services.Helpers.Tests.CurrencyHelperTests" name="FormatToStringTest1000" />
    </UnitTest>
    <UnitTest name="FormatToStringTest1000 (4139.032615562451,4139.03 zł)" storage="c:\projekty\mstestproject\bin\debug\netcoreapp3.1\mstestproject.dll" id="241801ed-318a-4715-916a-6a5607d92ba1">
      <TestCategory>
        <TestCategoryItem TestCategory="Category1000" />
      </TestCategory>
      <Execution id="4cc7e7cb-54a7-43eb-9394-b227da064f30" />
      <TestMethod codeBase="C:\Projekty\MSTestProject\bin\Debug\netcoreapp3.1\MSTestProject.dll" adapterTypeName="executor://mstestadapter/v2" className="TwojeWesele.Services.Helpers.Tests.CurrencyHelperTests" name="FormatToStringTest1000" />
    </UnitTest>
    <UnitTest name="FormatToStringTest1000 (3521.3657738167635,3521.37 zł)" storage="c:\projekty\mstestproject\bin\debug\netcoreapp3.1\mstestproject.dll" id="9b911da6-e5f5-4ead-98af-3f8472c4f83b">
      <TestCategory>
        <TestCategoryItem TestCategory="Category1000" />
      </TestCategory>
      <Execution id="de265f60-73a0-4c61-9804-89ad91fbbcd6" />
      <TestMethod codeBase="C:\Projekty\MSTestProject\bin\Debug\netcoreapp3.1\MSTestProject.dll" adapterTypeName="executor://mstestadapter/v2" className="TwojeWesele.Services.Helpers.Tests.CurrencyHelperTests" name="FormatToStringTest1000" />
    </UnitTest>
    <UnitTest name="FormatToStringTest1000 (36978.61073549213,36978.61 zł)" storage="c:\projekty\mstestproject\bin\debug\netcoreapp3.1\mstestproject.dll" id="83436d1e-a0b8-44fc-aea1-8262517d5b65">
      <TestCategory>
        <TestCategoryItem TestCategory="Category1000" />
      </TestCategory>
      <Execution id="2d42a4cd-c033-47ec-abc9-59316036ffa0" />
      <TestMethod codeBase="C:\Projekty\MSTestProject\bin\Debug\netcoreapp3.1\MSTestProject.dll" adapterTypeName="executor://mstestadapter/v2" className="TwojeWesele.Services.Helpers.Tests.CurrencyHelperTests" name="FormatToStringTest1000" />
    </UnitTest>
    <UnitTest name="FormatToStringTest1000 (4030.673117592313,4030.67 zł)" storage="c:\projekty\mstestproject\bin\debug\netcoreapp3.1\mstestproject.dll" id="c90c9729-0325-40c5-b631-c17580b144c3">
      <TestCategory>
        <TestCategoryItem TestCategory="Category1000" />
      </TestCategory>
      <Execution id="0b91f2b5-8753-4e14-99bb-22e0bfc8668f" />
      <TestMethod codeBase="C:\Projekty\MSTestProject\bin\Debug\netcoreapp3.1\MSTestProject.dll" adapterTypeName="executor://mstestadapter/v2" className="TwojeWesele.Services.Helpers.Tests.CurrencyHelperTests" name="FormatToStringTest1000" />
    </UnitTest>
    <UnitTest name="FormatToStringTest1000 (24024.14691439557,24024.15 zł)" storage="c:\projekty\mstestproject\bin\debug\netcoreapp3.1\mstestproject.dll" id="5fcd2205-c497-4a65-8e1b-aa384762dedc">
      <TestCategory>
        <TestCategoryItem TestCategory="Category1000" />
      </TestCategory>
      <Execution id="351761a1-3cfd-461e-9c89-5a9d79b40f6d" />
      <TestMethod codeBase="C:\Projekty\MSTestProject\bin\Debug\netcoreapp3.1\MSTestProject.dll" adapterTypeName="executor://mstestadapter/v2" className="TwojeWesele.Services.Helpers.Tests.CurrencyHelperTests" name="FormatToStringTest1000" />
    </UnitTest>
    <UnitTest name="FormatToStringTest1000 (34062.88803158276,34062.89 zł)" storage="c:\projekty\mstestproject\bin\debug\netcoreapp3.1\mstestproject.dll" id="8555f42b-3636-48f1-8b2b-681c45754e52">
      <TestCategory>
        <TestCategoryItem TestCategory="Category1000" />
      </TestCategory>
      <Execution id="dcaa254e-e844-45a2-b4ff-06ea08fbece8" />
      <TestMethod codeBase="C:\Projekty\MSTestProject\bin\Debug\netcoreapp3.1\MSTestProject.dll" adapterTypeName="executor://mstestadapter/v2" className="TwojeWesele.Services.Helpers.Tests.CurrencyHelperTests" name="FormatToStringTest1000" />
    </UnitTest>
    <UnitTest name="FormatToStringTest1000 (12577.642620996872,12577.64 zł)" storage="c:\projekty\mstestproject\bin\debug\netcoreapp3.1\mstestproject.dll" id="d249fed4-26e6-4e0a-b6c7-03674ccbd617">
      <TestCategory>
        <TestCategoryItem TestCategory="Category1000" />
      </TestCategory>
      <Execution id="f44a32de-16fe-42f7-bd59-481d49213c97" />
      <TestMethod codeBase="C:\Projekty\MSTestProject\bin\Debug\netcoreapp3.1\MSTestProject.dll" adapterTypeName="executor://mstestadapter/v2" className="TwojeWesele.Services.Helpers.Tests.CurrencyHelperTests" name="FormatToStringTest1000" />
    </UnitTest>
    <UnitTest name="FormatToStringTest1000 (25908.345463821825,25908.35 zł)" storage="c:\projekty\mstestproject\bin\debug\netcoreapp3.1\mstestproject.dll" id="47be7d96-83f1-4b8d-8c1c-a44a602337b4">
      <TestCategory>
        <TestCategoryItem TestCategory="Category1000" />
      </TestCategory>
      <Execution id="f8b59bfc-5a3c-494e-b51c-e29bfaa3b831" />
      <TestMethod codeBase="C:\Projekty\MSTestProject\bin\Debug\netcoreapp3.1\MSTestProject.dll" adapterTypeName="executor://mstestadapter/v2" className="TwojeWesele.Services.Helpers.Tests.CurrencyHelperTests" name="FormatToStringTest1000" />
    </UnitTest>
    <UnitTest name="FormatToStringTest1000 (19397.344749736294,19397.34 zł)" storage="c:\projekty\mstestproject\bin\debug\netcoreapp3.1\mstestproject.dll" id="5359264b-4c2e-4830-af7b-e7f29b179358">
      <TestCategory>
        <TestCategoryItem TestCategory="Category1000" />
      </TestCategory>
      <Execution id="1ea760ba-58d5-4902-8f8d-95eca4a78b20" />
      <TestMethod codeBase="C:\Projekty\MSTestProject\bin\Debug\netcoreapp3.1\MSTestProject.dll" adapterTypeName="executor://mstestadapter/v2" className="TwojeWesele.Services.Helpers.Tests.CurrencyHelperTests" name="FormatToStringTest1000" />
    </UnitTest>
    <UnitTest name="FormatToStringTest1000 (36320.770035296104,36320.77 zł)" storage="c:\projekty\mstestproject\bin\debug\netcoreapp3.1\mstestproject.dll" id="93ac116b-43b7-4ad5-a41f-e86961a7a4bd">
      <TestCategory>
        <TestCategoryItem TestCategory="Category1000" />
      </TestCategory>
      <Execution id="5442c438-c7a6-4081-999b-89e3cf7b2bd2" />
      <TestMethod codeBase="C:\Projekty\MSTestProject\bin\Debug\netcoreapp3.1\MSTestProject.dll" adapterTypeName="executor://mstestadapter/v2" className="TwojeWesele.Services.Helpers.Tests.CurrencyHelperTests" name="FormatToStringTest1000" />
    </UnitTest>
    <UnitTest name="FormatToStringTest1000 (21753.84773194969,21753.85 zł)" storage="c:\projekty\mstestproject\bin\debug\netcoreapp3.1\mstestproject.dll" id="f8dc91fd-9457-4fb2-acd0-4c042c25f4ec">
      <TestCategory>
        <TestCategoryItem TestCategory="Category1000" />
      </TestCategory>
      <Execution id="0908652d-2687-4879-8121-c7d0c639459a" />
      <TestMethod codeBase="C:\Projekty\MSTestProject\bin\Debug\netcoreapp3.1\MSTestProject.dll" adapterTypeName="executor://mstestadapter/v2" className="TwojeWesele.Services.Helpers.Tests.CurrencyHelperTests" name="FormatToStringTest1000" />
    </UnitTest>
    <UnitTest name="FormatToStringTest1000 (89093.57120939044,89093.57 zł)" storage="c:\projekty\mstestproject\bin\debug\netcoreapp3.1\mstestproject.dll" id="eb859e5e-b979-4503-a880-b3ab3524f22c">
      <TestCategory>
        <TestCategoryItem TestCategory="Category1000" />
      </TestCategory>
      <Execution id="b78a6e9c-521b-4d74-9b7f-851a95a1e912" />
      <TestMethod codeBase="C:\Projekty\MSTestProject\bin\Debug\netcoreapp3.1\MSTestProject.dll" adapterTypeName="executor://mstestadapter/v2" className="TwojeWesele.Services.Helpers.Tests.CurrencyHelperTests" name="FormatToStringTest1000" />
    </UnitTest>
    <UnitTest name="FormatToStringTest1000 (26207.03715363659,26207.04 zł)" storage="c:\projekty\mstestproject\bin\debug\netcoreapp3.1\mstestproject.dll" id="ba748f70-21d4-4a8b-9fad-8c44d898e2da">
      <TestCategory>
        <TestCategoryItem TestCategory="Category1000" />
      </TestCategory>
      <Execution id="587331c4-6605-43eb-b6ea-24a9104acb17" />
      <TestMethod codeBase="C:\Projekty\MSTestProject\bin\Debug\netcoreapp3.1\MSTestProject.dll" adapterTypeName="executor://mstestadapter/v2" className="TwojeWesele.Services.Helpers.Tests.CurrencyHelperTests" name="FormatToStringTest1000" />
    </UnitTest>
    <UnitTest name="FormatToStringTest1000 (27027.327683509946,27027.33 zł)" storage="c:\projekty\mstestproject\bin\debug\netcoreapp3.1\mstestproject.dll" id="7fb034e5-18a1-451d-bf17-ef208e593924">
      <TestCategory>
        <TestCategoryItem TestCategory="Category1000" />
      </TestCategory>
      <Execution id="acc1a5aa-aff1-4926-869f-370304955dbd" />
      <TestMethod codeBase="C:\Projekty\MSTestProject\bin\Debug\netcoreapp3.1\MSTestProject.dll" adapterTypeName="executor://mstestadapter/v2" className="TwojeWesele.Services.Helpers.Tests.CurrencyHelperTests" name="FormatToStringTest1000" />
    </UnitTest>
    <UnitTest name="FormatToStringTest1000 (21221.884746198488,21221.88 zł)" storage="c:\projekty\mstestproject\bin\debug\netcoreapp3.1\mstestproject.dll" id="4740a3c6-829e-4c34-8db4-8ab2fb197a19">
      <TestCategory>
        <TestCategoryItem TestCategory="Category1000" />
      </TestCategory>
      <Execution id="45a4aa87-3609-495b-99c4-b3c5227a2a04" />
      <TestMethod codeBase="C:\Projekty\MSTestProject\bin\Debug\netcoreapp3.1\MSTestProject.dll" adapterTypeName="executor://mstestadapter/v2" className="TwojeWesele.Services.Helpers.Tests.CurrencyHelperTests" name="FormatToStringTest1000" />
    </UnitTest>
    <UnitTest name="FormatToStringTest1000 (28583.827618148098,28583.83 zł)" storage="c:\projekty\mstestproject\bin\debug\netcoreapp3.1\mstestproject.dll" id="ab6f466d-8dc0-4544-852e-6b866eabf670">
      <TestCategory>
        <TestCategoryItem TestCategory="Category1000" />
      </TestCategory>
      <Execution id="5308745c-5772-4b96-92e2-2200f1737937" />
      <TestMethod codeBase="C:\Projekty\MSTestProject\bin\Debug\netcoreapp3.1\MSTestProject.dll" adapterTypeName="executor://mstestadapter/v2" className="TwojeWesele.Services.Helpers.Tests.CurrencyHelperTests" name="FormatToStringTest1000" />
    </UnitTest>
    <UnitTest name="FormatToStringTest1000 (6276.389386365838,6276.39 zł)" storage="c:\projekty\mstestproject\bin\debug\netcoreapp3.1\mstestproject.dll" id="89e0e0ea-7f39-4f1e-bbc2-3ce40bf1c37a">
      <TestCategory>
        <TestCategoryItem TestCategory="Category1000" />
      </TestCategory>
      <Execution id="fbd8b070-1fcb-465e-8af9-5f76655f6bc2" />
      <TestMethod codeBase="C:\Projekty\MSTestProject\bin\Debug\netcoreapp3.1\MSTestProject.dll" adapterTypeName="executor://mstestadapter/v2" className="TwojeWesele.Services.Helpers.Tests.CurrencyHelperTests" name="FormatToStringTest1000" />
    </UnitTest>
    <UnitTest name="FormatToStringTest1000 (37889.10086727193,37889.10 zł)" storage="c:\projekty\mstestproject\bin\debug\netcoreapp3.1\mstestproject.dll" id="6ae68aa8-c765-4a57-9209-01ba5e7bb5b4">
      <TestCategory>
        <TestCategoryItem TestCategory="Category1000" />
      </TestCategory>
      <Execution id="7cdc6162-484c-4e70-9444-b731a2d2cf22" />
      <TestMethod codeBase="C:\Projekty\MSTestProject\bin\Debug\netcoreapp3.1\MSTestProject.dll" adapterTypeName="executor://mstestadapter/v2" className="TwojeWesele.Services.Helpers.Tests.CurrencyHelperTests" name="FormatToStringTest1000" />
    </UnitTest>
    <UnitTest name="FormatToStringTest1000 (79339.95632144621,79339.96 zł)" storage="c:\projekty\mstestproject\bin\debug\netcoreapp3.1\mstestproject.dll" id="c85db8f4-0144-4f30-877f-7e539c13a3d2">
      <TestCategory>
        <TestCategoryItem TestCategory="Category1000" />
      </TestCategory>
      <Execution id="11a650fd-aaa8-43c1-b3a8-d7fea12b3af0" />
      <TestMethod codeBase="C:\Projekty\MSTestProject\bin\Debug\netcoreapp3.1\MSTestProject.dll" adapterTypeName="executor://mstestadapter/v2" className="TwojeWesele.Services.Helpers.Tests.CurrencyHelperTests" name="FormatToStringTest1000" />
    </UnitTest>
    <UnitTest name="FormatToStringTest1000 (4252.4012513842445,4252.40 zł)" storage="c:\projekty\mstestproject\bin\debug\netcoreapp3.1\mstestproject.dll" id="0e98e998-cdb4-4484-bcee-7719e088a16f">
      <TestCategory>
        <TestCategoryItem TestCategory="Category1000" />
      </TestCategory>
      <Execution id="a92f88b2-f9c3-4399-9f8d-66da322956c4" />
      <TestMethod codeBase="C:\Projekty\MSTestProject\bin\Debug\netcoreapp3.1\MSTestProject.dll" adapterTypeName="executor://mstestadapter/v2" className="TwojeWesele.Services.Helpers.Tests.CurrencyHelperTests" name="FormatToStringTest1000" />
    </UnitTest>
    <UnitTest name="FormatToStringTest1000 (7715.904444139406,7715.90 zł)" storage="c:\projekty\mstestproject\bin\debug\netcoreapp3.1\mstestproject.dll" id="0efc35eb-1f4a-4839-b4db-17a91261908f">
      <TestCategory>
        <TestCategoryItem TestCategory="Category1000" />
      </TestCategory>
      <Execution id="31ef19af-b83f-4679-a309-463ba9db2621" />
      <TestMethod codeBase="C:\Projekty\MSTestProject\bin\Debug\netcoreapp3.1\MSTestProject.dll" adapterTypeName="executor://mstestadapter/v2" className="TwojeWesele.Services.Helpers.Tests.CurrencyHelperTests" name="FormatToStringTest1000" />
    </UnitTest>
    <UnitTest name="FormatToStringTest1000 (16416.109736457518,16416.11 zł)" storage="c:\projekty\mstestproject\bin\debug\netcoreapp3.1\mstestproject.dll" id="909b225b-6c9d-4fc0-baad-47065289cfbc">
      <TestCategory>
        <TestCategoryItem TestCategory="Category1000" />
      </TestCategory>
      <Execution id="aeb44eaf-1950-4811-ab10-3517eef6abe2" />
      <TestMethod codeBase="C:\Projekty\MSTestProject\bin\Debug\netcoreapp3.1\MSTestProject.dll" adapterTypeName="executor://mstestadapter/v2" className="TwojeWesele.Services.Helpers.Tests.CurrencyHelperTests" name="FormatToStringTest1000" />
    </UnitTest>
    <UnitTest name="FormatToStringTest1000 (60323.066780431225,60323.07 zł)" storage="c:\projekty\mstestproject\bin\debug\netcoreapp3.1\mstestproject.dll" id="26906fa4-0bdb-4f52-a650-33052eed376a">
      <TestCategory>
        <TestCategoryItem TestCategory="Category1000" />
      </TestCategory>
      <Execution id="e8168ea9-a612-4c76-8d37-762e54f4dc2b" />
      <TestMethod codeBase="C:\Projekty\MSTestProject\bin\Debug\netcoreapp3.1\MSTestProject.dll" adapterTypeName="executor://mstestadapter/v2" className="TwojeWesele.Services.Helpers.Tests.CurrencyHelperTests" name="FormatToStringTest1000" />
    </UnitTest>
    <UnitTest name="FormatToStringTest1000 (17798.633951516185,17798.63 zł)" storage="c:\projekty\mstestproject\bin\debug\netcoreapp3.1\mstestproject.dll" id="4d151a5a-3241-4c14-a637-7fe220ec65eb">
      <TestCategory>
        <TestCategoryItem TestCategory="Category1000" />
      </TestCategory>
      <Execution id="109a6a6a-2c87-4f14-9960-4aeabbf81018" />
      <TestMethod codeBase="C:\Projekty\MSTestProject\bin\Debug\netcoreapp3.1\MSTestProject.dll" adapterTypeName="executor://mstestadapter/v2" className="TwojeWesele.Services.Helpers.Tests.CurrencyHelperTests" name="FormatToStringTest1000" />
    </UnitTest>
    <UnitTest name="FormatToStringTest1000 (15411.371650797022,15411.37 zł)" storage="c:\projekty\mstestproject\bin\debug\netcoreapp3.1\mstestproject.dll" id="2a2e522b-72fb-4b17-b69f-54f4fcad87ee">
      <TestCategory>
        <TestCategoryItem TestCategory="Category1000" />
      </TestCategory>
      <Execution id="553daa05-3f8a-4f97-a2e4-3cb0c2feb3c8" />
      <TestMethod codeBase="C:\Projekty\MSTestProject\bin\Debug\netcoreapp3.1\MSTestProject.dll" adapterTypeName="executor://mstestadapter/v2" className="TwojeWesele.Services.Helpers.Tests.CurrencyHelperTests" name="FormatToStringTest1000" />
    </UnitTest>
    <UnitTest name="FormatToStringTest1000 (51632.87002968503,51632.87 zł)" storage="c:\projekty\mstestproject\bin\debug\netcoreapp3.1\mstestproject.dll" id="63f02e22-3088-4af1-8510-29833bdc6bba">
      <TestCategory>
        <TestCategoryItem TestCategory="Category1000" />
      </TestCategory>
      <Execution id="374e2ec3-9d1f-4291-a470-36c0bfe69198" />
      <TestMethod codeBase="C:\Projekty\MSTestProject\bin\Debug\netcoreapp3.1\MSTestProject.dll" adapterTypeName="executor://mstestadapter/v2" className="TwojeWesele.Services.Helpers.Tests.CurrencyHelperTests" name="FormatToStringTest1000" />
    </UnitTest>
    <UnitTest name="FormatToStringTest1000 (1325.1625259114255,1325.16 zł)" storage="c:\projekty\mstestproject\bin\debug\netcoreapp3.1\mstestproject.dll" id="e142ce0a-7713-4c70-86b6-d490a8a81b7c">
      <TestCategory>
        <TestCategoryItem TestCategory="Category1000" />
      </TestCategory>
      <Execution id="c30ff353-ab72-46ac-9c21-fb86eee9e34d" />
      <TestMethod codeBase="C:\Projekty\MSTestProject\bin\Debug\netcoreapp3.1\MSTestProject.dll" adapterTypeName="executor://mstestadapter/v2" className="TwojeWesele.Services.Helpers.Tests.CurrencyHelperTests" name="FormatToStringTest1000" />
    </UnitTest>
    <UnitTest name="FormatToStringTest1000 (1108.7197928823157,1108.72 zł)" storage="c:\projekty\mstestproject\bin\debug\netcoreapp3.1\mstestproject.dll" id="dfb06fa4-3383-4579-9aad-16acde1dacbe">
      <TestCategory>
        <TestCategoryItem TestCategory="Category1000" />
      </TestCategory>
      <Execution id="c306ef33-b4d5-4d97-bd36-4c280e39cd41" />
      <TestMethod codeBase="C:\Projekty\MSTestProject\bin\Debug\netcoreapp3.1\MSTestProject.dll" adapterTypeName="executor://mstestadapter/v2" className="TwojeWesele.Services.Helpers.Tests.CurrencyHelperTests" name="FormatToStringTest1000" />
    </UnitTest>
    <UnitTest name="FormatToStringTest1000 (591.2110872302256,591.21 zł)" storage="c:\projekty\mstestproject\bin\debug\netcoreapp3.1\mstestproject.dll" id="3a7a98cb-086a-4f9d-b956-91a8ed08b1cb">
      <TestCategory>
        <TestCategoryItem TestCategory="Category1000" />
      </TestCategory>
      <Execution id="b56b48d9-38e6-400f-b341-fec559a13b47" />
      <TestMethod codeBase="C:\Projekty\MSTestProject\bin\Debug\netcoreapp3.1\MSTestProject.dll" adapterTypeName="executor://mstestadapter/v2" className="TwojeWesele.Services.Helpers.Tests.CurrencyHelperTests" name="FormatToStringTest1000" />
    </UnitTest>
    <UnitTest name="FormatToStringTest1000 (32863.31705269558,32863.32 zł)" storage="c:\projekty\mstestproject\bin\debug\netcoreapp3.1\mstestproject.dll" id="e43185ea-4896-4edb-bb48-99308337f104">
      <TestCategory>
        <TestCategoryItem TestCategory="Category1000" />
      </TestCategory>
      <Execution id="483dcd0c-545a-4a3d-af31-88c2a2fa8aaf" />
      <TestMethod codeBase="C:\Projekty\MSTestProject\bin\Debug\netcoreapp3.1\MSTestProject.dll" adapterTypeName="executor://mstestadapter/v2" className="TwojeWesele.Services.Helpers.Tests.CurrencyHelperTests" name="FormatToStringTest1000" />
    </UnitTest>
    <UnitTest name="FormatToStringTest1000 (82228.32322510486,82228.32 zł)" storage="c:\projekty\mstestproject\bin\debug\netcoreapp3.1\mstestproject.dll" id="eb359a38-d51d-43d0-987e-83b1bdf98d4d">
      <TestCategory>
        <TestCategoryItem TestCategory="Category1000" />
      </TestCategory>
      <Execution id="5d807886-7a5a-4001-a9ac-f8b1e84455c9" />
      <TestMethod codeBase="C:\Projekty\MSTestProject\bin\Debug\netcoreapp3.1\MSTestProject.dll" adapterTypeName="executor://mstestadapter/v2" className="TwojeWesele.Services.Helpers.Tests.CurrencyHelperTests" name="FormatToStringTest1000" />
    </UnitTest>
    <UnitTest name="FormatToStringTest1000 (9503.466049463705,9503.47 zł)" storage="c:\projekty\mstestproject\bin\debug\netcoreapp3.1\mstestproject.dll" id="24625f1c-0912-4094-a479-7341387d043b">
      <TestCategory>
        <TestCategoryItem TestCategory="Category1000" />
      </TestCategory>
      <Execution id="f11bd292-8de1-4cd1-8eb2-1ddb8f4350c0" />
      <TestMethod codeBase="C:\Projekty\MSTestProject\bin\Debug\netcoreapp3.1\MSTestProject.dll" adapterTypeName="executor://mstestadapter/v2" className="TwojeWesele.Services.Helpers.Tests.CurrencyHelperTests" name="FormatToStringTest1000" />
    </UnitTest>
    <UnitTest name="FormatToStringTest1000 (1549.6599114973376,1549.66 zł)" storage="c:\projekty\mstestproject\bin\debug\netcoreapp3.1\mstestproject.dll" id="d447d104-4a14-4e04-9ec3-8ecfca385efe">
      <TestCategory>
        <TestCategoryItem TestCategory="Category1000" />
      </TestCategory>
      <Execution id="af87a4a0-421e-4381-978f-3351bf6de9dd" />
      <TestMethod codeBase="C:\Projekty\MSTestProject\bin\Debug\netcoreapp3.1\MSTestProject.dll" adapterTypeName="executor://mstestadapter/v2" className="TwojeWesele.Services.Helpers.Tests.CurrencyHelperTests" name="FormatToStringTest1000" />
    </UnitTest>
    <UnitTest name="FormatToStringTest1000 (7592.950837113406,7592.95 zł)" storage="c:\projekty\mstestproject\bin\debug\netcoreapp3.1\mstestproject.dll" id="053506a7-eb0c-4fe5-bee8-c039a59d820e">
      <TestCategory>
        <TestCategoryItem TestCategory="Category1000" />
      </TestCategory>
      <Execution id="5a1475c6-1204-40e4-b38f-3a99c2046548" />
      <TestMethod codeBase="C:\Projekty\MSTestProject\bin\Debug\netcoreapp3.1\MSTestProject.dll" adapterTypeName="executor://mstestadapter/v2" className="TwojeWesele.Services.Helpers.Tests.CurrencyHelperTests" name="FormatToStringTest1000" />
    </UnitTest>
    <UnitTest name="FormatToStringTest1000 (22666.13578912995,22666.14 zł)" storage="c:\projekty\mstestproject\bin\debug\netcoreapp3.1\mstestproject.dll" id="6df27728-acad-4738-a6dc-d0713e5bc431">
      <TestCategory>
        <TestCategoryItem TestCategory="Category1000" />
      </TestCategory>
      <Execution id="5090fdc4-e77e-44c8-8d3f-26406bfa89cf" />
      <TestMethod codeBase="C:\Projekty\MSTestProject\bin\Debug\netcoreapp3.1\MSTestProject.dll" adapterTypeName="executor://mstestadapter/v2" className="TwojeWesele.Services.Helpers.Tests.CurrencyHelperTests" name="FormatToStringTest1000" />
    </UnitTest>
    <UnitTest name="FormatToStringTest1000 (48428.38681602682,48428.39 zł)" storage="c:\projekty\mstestproject\bin\debug\netcoreapp3.1\mstestproject.dll" id="0299cea8-1d72-4fdb-80e2-0d582ae50867">
      <TestCategory>
        <TestCategoryItem TestCategory="Category1000" />
      </TestCategory>
      <Execution id="314a3c99-2018-4920-901d-553591f865b1" />
      <TestMethod codeBase="C:\Projekty\MSTestProject\bin\Debug\netcoreapp3.1\MSTestProject.dll" adapterTypeName="executor://mstestadapter/v2" className="TwojeWesele.Services.Helpers.Tests.CurrencyHelperTests" name="FormatToStringTest1000" />
    </UnitTest>
    <UnitTest name="FormatToStringTest1000 (22831.975917587977,22831.98 zł)" storage="c:\projekty\mstestproject\bin\debug\netcoreapp3.1\mstestproject.dll" id="e585891a-3729-433b-89e9-1056fd6d5ea6">
      <TestCategory>
        <TestCategoryItem TestCategory="Category1000" />
      </TestCategory>
      <Execution id="a69159fb-6e44-487d-8a14-a3b3c449f55e" />
      <TestMethod codeBase="C:\Projekty\MSTestProject\bin\Debug\netcoreapp3.1\MSTestProject.dll" adapterTypeName="executor://mstestadapter/v2" className="TwojeWesele.Services.Helpers.Tests.CurrencyHelperTests" name="FormatToStringTest1000" />
    </UnitTest>
    <UnitTest name="FormatToStringTest1000 (10457.593086045978,10457.59 zł)" storage="c:\projekty\mstestproject\bin\debug\netcoreapp3.1\mstestproject.dll" id="89b434f8-42a4-4acd-9015-b74506b274c7">
      <TestCategory>
        <TestCategoryItem TestCategory="Category1000" />
      </TestCategory>
      <Execution id="9f7296e4-0c6f-4159-bc9c-70cdaf804f38" />
      <TestMethod codeBase="C:\Projekty\MSTestProject\bin\Debug\netcoreapp3.1\MSTestProject.dll" adapterTypeName="executor://mstestadapter/v2" className="TwojeWesele.Services.Helpers.Tests.CurrencyHelperTests" name="FormatToStringTest1000" />
    </UnitTest>
    <UnitTest name="FormatToStringTest1000 (2883.637133003975,2883.64 zł)" storage="c:\projekty\mstestproject\bin\debug\netcoreapp3.1\mstestproject.dll" id="f1c5a84e-58d9-4c79-9dfc-9d56406b592a">
      <TestCategory>
        <TestCategoryItem TestCategory="Category1000" />
      </TestCategory>
      <Execution id="ac948967-5635-478b-9557-3b7f5672fae6" />
      <TestMethod codeBase="C:\Projekty\MSTestProject\bin\Debug\netcoreapp3.1\MSTestProject.dll" adapterTypeName="executor://mstestadapter/v2" className="TwojeWesele.Services.Helpers.Tests.CurrencyHelperTests" name="FormatToStringTest1000" />
    </UnitTest>
    <UnitTest name="FormatToStringTest1000 (14635.510547500808,14635.51 zł)" storage="c:\projekty\mstestproject\bin\debug\netcoreapp3.1\mstestproject.dll" id="12bbb7a9-8ed0-4fb7-b33a-f17356578be5">
      <TestCategory>
        <TestCategoryItem TestCategory="Category1000" />
      </TestCategory>
      <Execution id="04934ce3-c267-465c-b002-4c47a7789556" />
      <TestMethod codeBase="C:\Projekty\MSTestProject\bin\Debug\netcoreapp3.1\MSTestProject.dll" adapterTypeName="executor://mstestadapter/v2" className="TwojeWesele.Services.Helpers.Tests.CurrencyHelperTests" name="FormatToStringTest1000" />
    </UnitTest>
    <UnitTest name="FormatToStringTest1000 (19210.519530370144,19210.52 zł)" storage="c:\projekty\mstestproject\bin\debug\netcoreapp3.1\mstestproject.dll" id="86bcf578-d253-417e-8406-7f1f6fdf2bac">
      <TestCategory>
        <TestCategoryItem TestCategory="Category1000" />
      </TestCategory>
      <Execution id="c8f46bff-bffe-4652-b01b-dca8b46ef546" />
      <TestMethod codeBase="C:\Projekty\MSTestProject\bin\Debug\netcoreapp3.1\MSTestProject.dll" adapterTypeName="executor://mstestadapter/v2" className="TwojeWesele.Services.Helpers.Tests.CurrencyHelperTests" name="FormatToStringTest1000" />
    </UnitTest>
    <UnitTest name="FormatToStringTest1000 (5978.1197194131655,5978.12 zł)" storage="c:\projekty\mstestproject\bin\debug\netcoreapp3.1\mstestproject.dll" id="4e3c803b-6c98-4615-9682-ce537b126bb0">
      <TestCategory>
        <TestCategoryItem TestCategory="Category1000" />
      </TestCategory>
      <Execution id="1c447d4b-af58-4324-836b-985c463b72fd" />
      <TestMethod codeBase="C:\Projekty\MSTestProject\bin\Debug\netcoreapp3.1\MSTestProject.dll" adapterTypeName="executor://mstestadapter/v2" className="TwojeWesele.Services.Helpers.Tests.CurrencyHelperTests" name="FormatToStringTest1000" />
    </UnitTest>
    <UnitTest name="FormatToStringTest1000 (765.778932784581,765.78 zł)" storage="c:\projekty\mstestproject\bin\debug\netcoreapp3.1\mstestproject.dll" id="e5dcd1a0-4c87-4238-94d1-5c8dd470d09e">
      <TestCategory>
        <TestCategoryItem TestCategory="Category1000" />
      </TestCategory>
      <Execution id="e796c55a-33ba-4cd1-bf9f-1250bff9b532" />
      <TestMethod codeBase="C:\Projekty\MSTestProject\bin\Debug\netcoreapp3.1\MSTestProject.dll" adapterTypeName="executor://mstestadapter/v2" className="TwojeWesele.Services.Helpers.Tests.CurrencyHelperTests" name="FormatToStringTest1000" />
    </UnitTest>
    <UnitTest name="FormatToStringTest1000 (66541.05112730109,66541.05 zł)" storage="c:\projekty\mstestproject\bin\debug\netcoreapp3.1\mstestproject.dll" id="4cd3c0e2-9cf9-40fc-b5a2-b045420652f1">
      <TestCategory>
        <TestCategoryItem TestCategory="Category1000" />
      </TestCategory>
      <Execution id="20974f86-fe8c-4b55-8015-a21226d050ab" />
      <TestMethod codeBase="C:\Projekty\MSTestProject\bin\Debug\netcoreapp3.1\MSTestProject.dll" adapterTypeName="executor://mstestadapter/v2" className="TwojeWesele.Services.Helpers.Tests.CurrencyHelperTests" name="FormatToStringTest1000" />
    </UnitTest>
    <UnitTest name="FormatToStringTest1000 (37387.37521261972,37387.38 zł)" storage="c:\projekty\mstestproject\bin\debug\netcoreapp3.1\mstestproject.dll" id="c0d92e7a-e7e6-4dcf-98f9-9b491f631cb7">
      <TestCategory>
        <TestCategoryItem TestCategory="Category1000" />
      </TestCategory>
      <Execution id="828c8eb6-0420-4a21-9be7-125d10719aba" />
      <TestMethod codeBase="C:\Projekty\MSTestProject\bin\Debug\netcoreapp3.1\MSTestProject.dll" adapterTypeName="executor://mstestadapter/v2" className="TwojeWesele.Services.Helpers.Tests.CurrencyHelperTests" name="FormatToStringTest1000" />
    </UnitTest>
    <UnitTest name="FormatToStringTest1000 (32732.81915128502,32732.82 zł)" storage="c:\projekty\mstestproject\bin\debug\netcoreapp3.1\mstestproject.dll" id="2b87fb27-9045-4931-9d46-56893bacf84d">
      <TestCategory>
        <TestCategoryItem TestCategory="Category1000" />
      </TestCategory>
      <Execution id="2b1ca21b-42fc-4a97-a2b0-c2e2dbbacd4d" />
      <TestMethod codeBase="C:\Projekty\MSTestProject\bin\Debug\netcoreapp3.1\MSTestProject.dll" adapterTypeName="executor://mstestadapter/v2" className="TwojeWesele.Services.Helpers.Tests.CurrencyHelperTests" name="FormatToStringTest1000" />
    </UnitTest>
    <UnitTest name="FormatToStringTest1000 (28972.23604401212,28972.24 zł)" storage="c:\projekty\mstestproject\bin\debug\netcoreapp3.1\mstestproject.dll" id="a65722f6-dcb3-4502-ad7e-7b4b8ac765eb">
      <TestCategory>
        <TestCategoryItem TestCategory="Category1000" />
      </TestCategory>
      <Execution id="7c8dbc2c-2af3-4eb0-81db-453a06d8aea3" />
      <TestMethod codeBase="C:\Projekty\MSTestProject\bin\Debug\netcoreapp3.1\MSTestProject.dll" adapterTypeName="executor://mstestadapter/v2" className="TwojeWesele.Services.Helpers.Tests.CurrencyHelperTests" name="FormatToStringTest1000" />
    </UnitTest>
    <UnitTest name="FormatToStringTest1000 (22197.731451777618,22197.73 zł)" storage="c:\projekty\mstestproject\bin\debug\netcoreapp3.1\mstestproject.dll" id="2488336e-4bdc-4619-82b4-bc4fa5a7cae9">
      <TestCategory>
        <TestCategoryItem TestCategory="Category1000" />
      </TestCategory>
      <Execution id="b9c3b796-07e0-4c93-b3b0-851b3de3692a" />
      <TestMethod codeBase="C:\Projekty\MSTestProject\bin\Debug\netcoreapp3.1\MSTestProject.dll" adapterTypeName="executor://mstestadapter/v2" className="TwojeWesele.Services.Helpers.Tests.CurrencyHelperTests" name="FormatToStringTest1000" />
    </UnitTest>
    <UnitTest name="FormatToStringTest1000 (95071.15957335343,95071.16 zł)" storage="c:\projekty\mstestproject\bin\debug\netcoreapp3.1\mstestproject.dll" id="e5517151-488b-4bfd-b154-7c23aa6787f2">
      <TestCategory>
        <TestCategoryItem TestCategory="Category1000" />
      </TestCategory>
      <Execution id="a94120e6-6f9f-49b1-bec4-fce577b54d1a" />
      <TestMethod codeBase="C:\Projekty\MSTestProject\bin\Debug\netcoreapp3.1\MSTestProject.dll" adapterTypeName="executor://mstestadapter/v2" className="TwojeWesele.Services.Helpers.Tests.CurrencyHelperTests" name="FormatToStringTest1000" />
    </UnitTest>
    <UnitTest name="FormatToStringTest1000 (73477.18206926118,73477.18 zł)" storage="c:\projekty\mstestproject\bin\debug\netcoreapp3.1\mstestproject.dll" id="eeb80eb9-10a1-4c74-9cbb-9653d9857fff">
      <TestCategory>
        <TestCategoryItem TestCategory="Category1000" />
      </TestCategory>
      <Execution id="a884ec80-162d-44ed-b943-ba131f6714e2" />
      <TestMethod codeBase="C:\Projekty\MSTestProject\bin\Debug\netcoreapp3.1\MSTestProject.dll" adapterTypeName="executor://mstestadapter/v2" className="TwojeWesele.Services.Helpers.Tests.CurrencyHelperTests" name="FormatToStringTest1000" />
    </UnitTest>
    <UnitTest name="FormatToStringTest1000 (10527.083945901639,10527.08 zł)" storage="c:\projekty\mstestproject\bin\debug\netcoreapp3.1\mstestproject.dll" id="0b851544-56e1-4d68-8f2e-0ba03d0d4c5f">
      <TestCategory>
        <TestCategoryItem TestCategory="Category1000" />
      </TestCategory>
      <Execution id="88910b8c-eac3-49d6-8ff5-5b781476134d" />
      <TestMethod codeBase="C:\Projekty\MSTestProject\bin\Debug\netcoreapp3.1\MSTestProject.dll" adapterTypeName="executor://mstestadapter/v2" className="TwojeWesele.Services.Helpers.Tests.CurrencyHelperTests" name="FormatToStringTest1000" />
    </UnitTest>
    <UnitTest name="FormatToStringTest1000 (28987.862854782896,28987.86 zł)" storage="c:\projekty\mstestproject\bin\debug\netcoreapp3.1\mstestproject.dll" id="010210bd-b084-45ab-ad17-fe49b0de3340">
      <TestCategory>
        <TestCategoryItem TestCategory="Category1000" />
      </TestCategory>
      <Execution id="c12db702-d3b6-46c1-bae5-c10de9e4bb22" />
      <TestMethod codeBase="C:\Projekty\MSTestProject\bin\Debug\netcoreapp3.1\MSTestProject.dll" adapterTypeName="executor://mstestadapter/v2" className="TwojeWesele.Services.Helpers.Tests.CurrencyHelperTests" name="FormatToStringTest1000" />
    </UnitTest>
    <UnitTest name="FormatToStringTest1000 (32262.93788198984,32262.94 zł)" storage="c:\projekty\mstestproject\bin\debug\netcoreapp3.1\mstestproject.dll" id="6fa29e58-cacd-4aab-9da5-2d2e1196e831">
      <TestCategory>
        <TestCategoryItem TestCategory="Category1000" />
      </TestCategory>
      <Execution id="defc94ef-99a1-4c5e-97f8-c5388840acef" />
      <TestMethod codeBase="C:\Projekty\MSTestProject\bin\Debug\netcoreapp3.1\MSTestProject.dll" adapterTypeName="executor://mstestadapter/v2" className="TwojeWesele.Services.Helpers.Tests.CurrencyHelperTests" name="FormatToStringTest1000" />
    </UnitTest>
    <UnitTest name="FormatToStringTest1000 (22791.735381432685,22791.74 zł)" storage="c:\projekty\mstestproject\bin\debug\netcoreapp3.1\mstestproject.dll" id="52e8fad5-cede-49e8-9610-19ff43c69d84">
      <TestCategory>
        <TestCategoryItem TestCategory="Category1000" />
      </TestCategory>
      <Execution id="36809659-98f9-4abe-a6f8-07fae8bad2fa" />
      <TestMethod codeBase="C:\Projekty\MSTestProject\bin\Debug\netcoreapp3.1\MSTestProject.dll" adapterTypeName="executor://mstestadapter/v2" className="TwojeWesele.Services.Helpers.Tests.CurrencyHelperTests" name="FormatToStringTest1000" />
    </UnitTest>
    <UnitTest name="FormatToStringTest1000 (11157.981051815665,11157.98 zł)" storage="c:\projekty\mstestproject\bin\debug\netcoreapp3.1\mstestproject.dll" id="bc79afdb-9638-44d6-b5fa-3fbcde8cc6a6">
      <TestCategory>
        <TestCategoryItem TestCategory="Category1000" />
      </TestCategory>
      <Execution id="72f9365c-eff2-46da-a169-f9184f6e569a" />
      <TestMethod codeBase="C:\Projekty\MSTestProject\bin\Debug\netcoreapp3.1\MSTestProject.dll" adapterTypeName="executor://mstestadapter/v2" className="TwojeWesele.Services.Helpers.Tests.CurrencyHelperTests" name="FormatToStringTest1000" />
    </UnitTest>
    <UnitTest name="FormatToStringTest1000 (577.6071367564645,577.61 zł)" storage="c:\projekty\mstestproject\bin\debug\netcoreapp3.1\mstestproject.dll" id="14f9660d-a062-4541-b9c3-a28c1f308011">
      <TestCategory>
        <TestCategoryItem TestCategory="Category1000" />
      </TestCategory>
      <Execution id="25256a1c-d9f8-48c5-9803-df21fcccd77e" />
      <TestMethod codeBase="C:\Projekty\MSTestProject\bin\Debug\netcoreapp3.1\MSTestProject.dll" adapterTypeName="executor://mstestadapter/v2" className="TwojeWesele.Services.Helpers.Tests.CurrencyHelperTests" name="FormatToStringTest1000" />
    </UnitTest>
    <UnitTest name="FormatToStringTest1000 (10775.728533390784,10775.73 zł)" storage="c:\projekty\mstestproject\bin\debug\netcoreapp3.1\mstestproject.dll" id="5ae9d011-26fc-4e77-81a5-b2f18352ae51">
      <TestCategory>
        <TestCategoryItem TestCategory="Category1000" />
      </TestCategory>
      <Execution id="9c3d820a-1eef-46ea-ad01-706e42c34208" />
      <TestMethod codeBase="C:\Projekty\MSTestProject\bin\Debug\netcoreapp3.1\MSTestProject.dll" adapterTypeName="executor://mstestadapter/v2" className="TwojeWesele.Services.Helpers.Tests.CurrencyHelperTests" name="FormatToStringTest1000" />
    </UnitTest>
    <UnitTest name="FormatToStringTest1000 (22330.217605518745,22330.22 zł)" storage="c:\projekty\mstestproject\bin\debug\netcoreapp3.1\mstestproject.dll" id="a11380ac-0095-4c92-878f-78d552ed3b9a">
      <TestCategory>
        <TestCategoryItem TestCategory="Category1000" />
      </TestCategory>
      <Execution id="ee0e11df-95bc-4351-b3d2-64d1bcc18a93" />
      <TestMethod codeBase="C:\Projekty\MSTestProject\bin\Debug\netcoreapp3.1\MSTestProject.dll" adapterTypeName="executor://mstestadapter/v2" className="TwojeWesele.Services.Helpers.Tests.CurrencyHelperTests" name="FormatToStringTest1000" />
    </UnitTest>
    <UnitTest name="FormatToStringTest1000 (43222.47958431695,43222.48 zł)" storage="c:\projekty\mstestproject\bin\debug\netcoreapp3.1\mstestproject.dll" id="10f0f83c-a419-4902-b388-93c790be988e">
      <TestCategory>
        <TestCategoryItem TestCategory="Category1000" />
      </TestCategory>
      <Execution id="96327627-2e74-47bf-9b78-2ee6188f3642" />
      <TestMethod codeBase="C:\Projekty\MSTestProject\bin\Debug\netcoreapp3.1\MSTestProject.dll" adapterTypeName="executor://mstestadapter/v2" className="TwojeWesele.Services.Helpers.Tests.CurrencyHelperTests" name="FormatToStringTest1000" />
    </UnitTest>
    <UnitTest name="FormatToStringTest1000 (7890.044272348771,7890.04 zł)" storage="c:\projekty\mstestproject\bin\debug\netcoreapp3.1\mstestproject.dll" id="3f2cd9d8-d3f0-4195-9dbb-92e1113bb3d8">
      <TestCategory>
        <TestCategoryItem TestCategory="Category1000" />
      </TestCategory>
      <Execution id="3cd4ef86-74d9-4eec-872a-92db47b59f29" />
      <TestMethod codeBase="C:\Projekty\MSTestProject\bin\Debug\netcoreapp3.1\MSTestProject.dll" adapterTypeName="executor://mstestadapter/v2" className="TwojeWesele.Services.Helpers.Tests.CurrencyHelperTests" name="FormatToStringTest1000" />
    </UnitTest>
    <UnitTest name="FormatToStringTest1000 (65204.90483536055,65204.90 zł)" storage="c:\projekty\mstestproject\bin\debug\netcoreapp3.1\mstestproject.dll" id="e0cca27a-b7ef-48f6-9931-85c69df684f5">
      <TestCategory>
        <TestCategoryItem TestCategory="Category1000" />
      </TestCategory>
      <Execution id="d6893787-0aa3-436c-b765-5c678effafb2" />
      <TestMethod codeBase="C:\Projekty\MSTestProject\bin\Debug\netcoreapp3.1\MSTestProject.dll" adapterTypeName="executor://mstestadapter/v2" className="TwojeWesele.Services.Helpers.Tests.CurrencyHelperTests" name="FormatToStringTest1000" />
    </UnitTest>
    <UnitTest name="FormatToStringTest1000 (19085.023282992664,19085.02 zł)" storage="c:\projekty\mstestproject\bin\debug\netcoreapp3.1\mstestproject.dll" id="a4163075-d094-4a02-9694-6be016d58fad">
      <TestCategory>
        <TestCategoryItem TestCategory="Category1000" />
      </TestCategory>
      <Execution id="3259b1e0-bc8f-42ca-b808-45483b1cc3c1" />
      <TestMethod codeBase="C:\Projekty\MSTestProject\bin\Debug\netcoreapp3.1\MSTestProject.dll" adapterTypeName="executor://mstestadapter/v2" className="TwojeWesele.Services.Helpers.Tests.CurrencyHelperTests" name="FormatToStringTest1000" />
    </UnitTest>
    <UnitTest name="FormatToStringTest1000 (42728.35751444258,42728.36 zł)" storage="c:\projekty\mstestproject\bin\debug\netcoreapp3.1\mstestproject.dll" id="97a8f076-4252-40f7-8daa-e1c2de8e6565">
      <TestCategory>
        <TestCategoryItem TestCategory="Category1000" />
      </TestCategory>
      <Execution id="9b87a79f-a448-4edf-9d80-f7bff0d7b9a9" />
      <TestMethod codeBase="C:\Projekty\MSTestProject\bin\Debug\netcoreapp3.1\MSTestProject.dll" adapterTypeName="executor://mstestadapter/v2" className="TwojeWesele.Services.Helpers.Tests.CurrencyHelperTests" name="FormatToStringTest1000" />
    </UnitTest>
    <UnitTest name="FormatToStringTest1000 (66723.3293191657,66723.33 zł)" storage="c:\projekty\mstestproject\bin\debug\netcoreapp3.1\mstestproject.dll" id="60cccbfb-6682-464e-af83-434489080a2e">
      <TestCategory>
        <TestCategoryItem TestCategory="Category1000" />
      </TestCategory>
      <Execution id="0bd89648-6644-4189-a3d2-655311896dd6" />
      <TestMethod codeBase="C:\Projekty\MSTestProject\bin\Debug\netcoreapp3.1\MSTestProject.dll" adapterTypeName="executor://mstestadapter/v2" className="TwojeWesele.Services.Helpers.Tests.CurrencyHelperTests" name="FormatToStringTest1000" />
    </UnitTest>
    <UnitTest name="FormatToStringTest1000 (24476.442216712254,24476.44 zł)" storage="c:\projekty\mstestproject\bin\debug\netcoreapp3.1\mstestproject.dll" id="860d7687-e5fa-4838-950f-4979eae2f6a4">
      <TestCategory>
        <TestCategoryItem TestCategory="Category1000" />
      </TestCategory>
      <Execution id="ef1e8426-16a5-463b-a478-7bde1a3ac1e2" />
      <TestMethod codeBase="C:\Projekty\MSTestProject\bin\Debug\netcoreapp3.1\MSTestProject.dll" adapterTypeName="executor://mstestadapter/v2" className="TwojeWesele.Services.Helpers.Tests.CurrencyHelperTests" name="FormatToStringTest1000" />
    </UnitTest>
    <UnitTest name="FormatToStringTest1000 (50550.645020282194,50550.65 zł)" storage="c:\projekty\mstestproject\bin\debug\netcoreapp3.1\mstestproject.dll" id="150d3e03-596c-4fa4-ba4a-d9fd0cfb9df1">
      <TestCategory>
        <TestCategoryItem TestCategory="Category1000" />
      </TestCategory>
      <Execution id="e46358e4-7ba1-43a6-80cd-ba9d95cd9953" />
      <TestMethod codeBase="C:\Projekty\MSTestProject\bin\Debug\netcoreapp3.1\MSTestProject.dll" adapterTypeName="executor://mstestadapter/v2" className="TwojeWesele.Services.Helpers.Tests.CurrencyHelperTests" name="FormatToStringTest1000" />
    </UnitTest>
    <UnitTest name="FormatToStringTest1000 (17418.31302247863,17418.31 zł)" storage="c:\projekty\mstestproject\bin\debug\netcoreapp3.1\mstestproject.dll" id="2f7c0588-e024-497d-91fc-c8fe216eec85">
      <TestCategory>
        <TestCategoryItem TestCategory="Category1000" />
      </TestCategory>
      <Execution id="b02b6f1b-4e5a-4830-abe8-0c4b216a9296" />
      <TestMethod codeBase="C:\Projekty\MSTestProject\bin\Debug\netcoreapp3.1\MSTestProject.dll" adapterTypeName="executor://mstestadapter/v2" className="TwojeWesele.Services.Helpers.Tests.CurrencyHelperTests" name="FormatToStringTest1000" />
    </UnitTest>
    <UnitTest name="FormatToStringTest1000 (4614.673205890541,4614.67 zł)" storage="c:\projekty\mstestproject\bin\debug\netcoreapp3.1\mstestproject.dll" id="45250914-23d8-49a3-857d-be367ce88255">
      <TestCategory>
        <TestCategoryItem TestCategory="Category1000" />
      </TestCategory>
      <Execution id="fca1ad19-e78b-441b-9b7d-113733285cdd" />
      <TestMethod codeBase="C:\Projekty\MSTestProject\bin\Debug\netcoreapp3.1\MSTestProject.dll" adapterTypeName="executor://mstestadapter/v2" className="TwojeWesele.Services.Helpers.Tests.CurrencyHelperTests" name="FormatToStringTest1000" />
    </UnitTest>
    <UnitTest name="FormatToStringTest1000 (38614.292320713066,38614.29 zł)" storage="c:\projekty\mstestproject\bin\debug\netcoreapp3.1\mstestproject.dll" id="12b5ab72-dc34-4797-a789-480598076cc1">
      <TestCategory>
        <TestCategoryItem TestCategory="Category1000" />
      </TestCategory>
      <Execution id="9b769ea5-ae95-4cf9-badb-87deca910a68" />
      <TestMethod codeBase="C:\Projekty\MSTestProject\bin\Debug\netcoreapp3.1\MSTestProject.dll" adapterTypeName="executor://mstestadapter/v2" className="TwojeWesele.Services.Helpers.Tests.CurrencyHelperTests" name="FormatToStringTest1000" />
    </UnitTest>
    <UnitTest name="FormatToStringTest1000 (44869.327020554025,44869.33 zł)" storage="c:\projekty\mstestproject\bin\debug\netcoreapp3.1\mstestproject.dll" id="aa929368-e31c-42ef-92d3-dd3c2e171370">
      <TestCategory>
        <TestCategoryItem TestCategory="Category1000" />
      </TestCategory>
      <Execution id="8d95696d-a3ef-43ae-877a-f7defe547e86" />
      <TestMethod codeBase="C:\Projekty\MSTestProject\bin\Debug\netcoreapp3.1\MSTestProject.dll" adapterTypeName="executor://mstestadapter/v2" className="TwojeWesele.Services.Helpers.Tests.CurrencyHelperTests" name="FormatToStringTest1000" />
    </UnitTest>
    <UnitTest name="FormatToStringTest1000 (3907.8681317963024,3907.87 zł)" storage="c:\projekty\mstestproject\bin\debug\netcoreapp3.1\mstestproject.dll" id="df73b2f8-b30e-471f-8d62-684d343f789f">
      <TestCategory>
        <TestCategoryItem TestCategory="Category1000" />
      </TestCategory>
      <Execution id="4b91057e-9162-4a09-9bac-a4ec24126a5b" />
      <TestMethod codeBase="C:\Projekty\MSTestProject\bin\Debug\netcoreapp3.1\MSTestProject.dll" adapterTypeName="executor://mstestadapter/v2" className="TwojeWesele.Services.Helpers.Tests.CurrencyHelperTests" name="FormatToStringTest1000" />
    </UnitTest>
    <UnitTest name="FormatToStringTest1000 (47437.74370917619,47437.74 zł)" storage="c:\projekty\mstestproject\bin\debug\netcoreapp3.1\mstestproject.dll" id="e72b8f7c-104b-4718-81b4-74167f94b4ae">
      <TestCategory>
        <TestCategoryItem TestCategory="Category1000" />
      </TestCategory>
      <Execution id="0e9a1669-2f80-4813-ae17-7c0c468fe63e" />
      <TestMethod codeBase="C:\Projekty\MSTestProject\bin\Debug\netcoreapp3.1\MSTestProject.dll" adapterTypeName="executor://mstestadapter/v2" className="TwojeWesele.Services.Helpers.Tests.CurrencyHelperTests" name="FormatToStringTest1000" />
    </UnitTest>
    <UnitTest name="FormatToStringTest1000 (45035.160883881224,45035.16 zł)" storage="c:\projekty\mstestproject\bin\debug\netcoreapp3.1\mstestproject.dll" id="fc2dd398-722d-434a-a472-8311d7e7f141">
      <TestCategory>
        <TestCategoryItem TestCategory="Category1000" />
      </TestCategory>
      <Execution id="8cfd4963-21dd-4987-b07d-6b2cfb338d1c" />
      <TestMethod codeBase="C:\Projekty\MSTestProject\bin\Debug\netcoreapp3.1\MSTestProject.dll" adapterTypeName="executor://mstestadapter/v2" className="TwojeWesele.Services.Helpers.Tests.CurrencyHelperTests" name="FormatToStringTest1000" />
    </UnitTest>
    <UnitTest name="FormatToStringTest1000 (41368.29672956015,41368.30 zł)" storage="c:\projekty\mstestproject\bin\debug\netcoreapp3.1\mstestproject.dll" id="11a3b71b-c147-4991-9062-61b40a2420d1">
      <TestCategory>
        <TestCategoryItem TestCategory="Category1000" />
      </TestCategory>
      <Execution id="95b2a165-6817-431d-aeba-223f306e916f" />
      <TestMethod codeBase="C:\Projekty\MSTestProject\bin\Debug\netcoreapp3.1\MSTestProject.dll" adapterTypeName="executor://mstestadapter/v2" className="TwojeWesele.Services.Helpers.Tests.CurrencyHelperTests" name="FormatToStringTest1000" />
    </UnitTest>
    <UnitTest name="FormatToStringTest1000 (6035.818653228608,6035.82 zł)" storage="c:\projekty\mstestproject\bin\debug\netcoreapp3.1\mstestproject.dll" id="53b703da-cebc-4c8f-8fef-3d58492593d6">
      <TestCategory>
        <TestCategoryItem TestCategory="Category1000" />
      </TestCategory>
      <Execution id="1dc656e2-c2e8-4074-86af-a3c3035b90af" />
      <TestMethod codeBase="C:\Projekty\MSTestProject\bin\Debug\netcoreapp3.1\MSTestProject.dll" adapterTypeName="executor://mstestadapter/v2" className="TwojeWesele.Services.Helpers.Tests.CurrencyHelperTests" name="FormatToStringTest1000" />
    </UnitTest>
    <UnitTest name="FormatToStringTest1000 (58459.03113649601,58459.03 zł)" storage="c:\projekty\mstestproject\bin\debug\netcoreapp3.1\mstestproject.dll" id="35b10b94-1b14-4a16-8a29-955107a5eea9">
      <TestCategory>
        <TestCategoryItem TestCategory="Category1000" />
      </TestCategory>
      <Execution id="beaa2a0a-2a06-411d-b493-ba5a71dc21ae" />
      <TestMethod codeBase="C:\Projekty\MSTestProject\bin\Debug\netcoreapp3.1\MSTestProject.dll" adapterTypeName="executor://mstestadapter/v2" className="TwojeWesele.Services.Helpers.Tests.CurrencyHelperTests" name="FormatToStringTest1000" />
    </UnitTest>
    <UnitTest name="FormatToStringTest1000 (78822.37212685234,78822.37 zł)" storage="c:\projekty\mstestproject\bin\debug\netcoreapp3.1\mstestproject.dll" id="46512d6f-8d27-4c5c-846e-800a1e43505d">
      <TestCategory>
        <TestCategoryItem TestCategory="Category1000" />
      </TestCategory>
      <Execution id="a0749890-e7d4-4341-a976-a66e8ff47120" />
      <TestMethod codeBase="C:\Projekty\MSTestProject\bin\Debug\netcoreapp3.1\MSTestProject.dll" adapterTypeName="executor://mstestadapter/v2" className="TwojeWesele.Services.Helpers.Tests.CurrencyHelperTests" name="FormatToStringTest1000" />
    </UnitTest>
    <UnitTest name="FormatToStringTest1000 (72905.64834432845,72905.65 zł)" storage="c:\projekty\mstestproject\bin\debug\netcoreapp3.1\mstestproject.dll" id="b6d8fb80-b483-48c4-9423-513968ee3124">
      <TestCategory>
        <TestCategoryItem TestCategory="Category1000" />
      </TestCategory>
      <Execution id="db618ac7-a4e0-413a-a91e-1868a1ba8922" />
      <TestMethod codeBase="C:\Projekty\MSTestProject\bin\Debug\netcoreapp3.1\MSTestProject.dll" adapterTypeName="executor://mstestadapter/v2" className="TwojeWesele.Services.Helpers.Tests.CurrencyHelperTests" name="FormatToStringTest1000" />
    </UnitTest>
    <UnitTest name="FormatToStringTest1000 (6676.5680544784145,6676.57 zł)" storage="c:\projekty\mstestproject\bin\debug\netcoreapp3.1\mstestproject.dll" id="380f71be-5f5d-4705-9da0-c7cf79d772cd">
      <TestCategory>
        <TestCategoryItem TestCategory="Category1000" />
      </TestCategory>
      <Execution id="ec16edab-7728-4325-b180-b20c71efb1cd" />
      <TestMethod codeBase="C:\Projekty\MSTestProject\bin\Debug\netcoreapp3.1\MSTestProject.dll" adapterTypeName="executor://mstestadapter/v2" className="TwojeWesele.Services.Helpers.Tests.CurrencyHelperTests" name="FormatToStringTest1000" />
    </UnitTest>
    <UnitTest name="FormatToStringTest1000 (57181.240528605056,57181.24 zł)" storage="c:\projekty\mstestproject\bin\debug\netcoreapp3.1\mstestproject.dll" id="143636c4-ee57-4061-baa2-c57bd26b166e">
      <TestCategory>
        <TestCategoryItem TestCategory="Category1000" />
      </TestCategory>
      <Execution id="0832dc8e-0e52-40ed-83e4-87f62863e11c" />
      <TestMethod codeBase="C:\Projekty\MSTestProject\bin\Debug\netcoreapp3.1\MSTestProject.dll" adapterTypeName="executor://mstestadapter/v2" className="TwojeWesele.Services.Helpers.Tests.CurrencyHelperTests" name="FormatToStringTest1000" />
    </UnitTest>
    <UnitTest name="FormatToStringTest1000 (23548.88067407016,23548.88 zł)" storage="c:\projekty\mstestproject\bin\debug\netcoreapp3.1\mstestproject.dll" id="851bfcf6-3010-4d83-9020-cda004046d21">
      <TestCategory>
        <TestCategoryItem TestCategory="Category1000" />
      </TestCategory>
      <Execution id="2aac6931-f9ec-4828-91a9-7e8e5dff815b" />
      <TestMethod codeBase="C:\Projekty\MSTestProject\bin\Debug\netcoreapp3.1\MSTestProject.dll" adapterTypeName="executor://mstestadapter/v2" className="TwojeWesele.Services.Helpers.Tests.CurrencyHelperTests" name="FormatToStringTest1000" />
    </UnitTest>
    <UnitTest name="FormatToStringTest1000 (2298.0331723829886,2298.03 zł)" storage="c:\projekty\mstestproject\bin\debug\netcoreapp3.1\mstestproject.dll" id="130795c3-e67a-41b9-bfc1-8b8c28cd0624">
      <TestCategory>
        <TestCategoryItem TestCategory="Category1000" />
      </TestCategory>
      <Execution id="b6616730-4009-4cd4-8773-be5e080acf7b" />
      <TestMethod codeBase="C:\Projekty\MSTestProject\bin\Debug\netcoreapp3.1\MSTestProject.dll" adapterTypeName="executor://mstestadapter/v2" className="TwojeWesele.Services.Helpers.Tests.CurrencyHelperTests" name="FormatToStringTest1000" />
    </UnitTest>
    <UnitTest name="FormatToStringTest1000 (29796.909338079815,29796.91 zł)" storage="c:\projekty\mstestproject\bin\debug\netcoreapp3.1\mstestproject.dll" id="83765649-ff51-4677-9b72-f2f763f27be4">
      <TestCategory>
        <TestCategoryItem TestCategory="Category1000" />
      </TestCategory>
      <Execution id="4a1b8260-c526-46a4-9fc7-ee6dcc645046" />
      <TestMethod codeBase="C:\Projekty\MSTestProject\bin\Debug\netcoreapp3.1\MSTestProject.dll" adapterTypeName="executor://mstestadapter/v2" className="TwojeWesele.Services.Helpers.Tests.CurrencyHelperTests" name="FormatToStringTest1000" />
    </UnitTest>
    <UnitTest name="FormatToStringTest1000 (14137.400697779563,14137.40 zł)" storage="c:\projekty\mstestproject\bin\debug\netcoreapp3.1\mstestproject.dll" id="5c048b26-0fb0-4dab-a30b-cb201c5e652b">
      <TestCategory>
        <TestCategoryItem TestCategory="Category1000" />
      </TestCategory>
      <Execution id="1b44f8fc-2864-4f23-b718-0d35e581b82a" />
      <TestMethod codeBase="C:\Projekty\MSTestProject\bin\Debug\netcoreapp3.1\MSTestProject.dll" adapterTypeName="executor://mstestadapter/v2" className="TwojeWesele.Services.Helpers.Tests.CurrencyHelperTests" name="FormatToStringTest1000" />
    </UnitTest>
    <UnitTest name="FormatToStringTest1000 (54304.07738935393,54304.08 zł)" storage="c:\projekty\mstestproject\bin\debug\netcoreapp3.1\mstestproject.dll" id="c2016827-8bec-40c2-93d5-e10f527a1def">
      <TestCategory>
        <TestCategoryItem TestCategory="Category1000" />
      </TestCategory>
      <Execution id="41e0dfe3-d2be-427e-8a7f-9c1280638b96" />
      <TestMethod codeBase="C:\Projekty\MSTestProject\bin\Debug\netcoreapp3.1\MSTestProject.dll" adapterTypeName="executor://mstestadapter/v2" className="TwojeWesele.Services.Helpers.Tests.CurrencyHelperTests" name="FormatToStringTest1000" />
    </UnitTest>
    <UnitTest name="FormatToStringTest1000 (56378.261944644735,56378.26 zł)" storage="c:\projekty\mstestproject\bin\debug\netcoreapp3.1\mstestproject.dll" id="6ffad62f-8c8d-43e8-bfa8-f2ff1106ff0d">
      <TestCategory>
        <TestCategoryItem TestCategory="Category1000" />
      </TestCategory>
      <Execution id="52c89961-4ba6-457c-8b6a-94b349302a0c" />
      <TestMethod codeBase="C:\Projekty\MSTestProject\bin\Debug\netcoreapp3.1\MSTestProject.dll" adapterTypeName="executor://mstestadapter/v2" className="TwojeWesele.Services.Helpers.Tests.CurrencyHelperTests" name="FormatToStringTest1000" />
    </UnitTest>
    <UnitTest name="FormatToStringTest1000 (20244.692955315437,20244.69 zł)" storage="c:\projekty\mstestproject\bin\debug\netcoreapp3.1\mstestproject.dll" id="a8326a51-849e-42a0-af51-6f487fc28585">
      <TestCategory>
        <TestCategoryItem TestCategory="Category1000" />
      </TestCategory>
      <Execution id="1a1449fa-2a60-4d91-baa9-269efda5ff7f" />
      <TestMethod codeBase="C:\Projekty\MSTestProject\bin\Debug\netcoreapp3.1\MSTestProject.dll" adapterTypeName="executor://mstestadapter/v2" className="TwojeWesele.Services.Helpers.Tests.CurrencyHelperTests" name="FormatToStringTest1000" />
    </UnitTest>
    <UnitTest name="FormatToStringTest1000 (3649.9254912836127,3649.93 zł)" storage="c:\projekty\mstestproject\bin\debug\netcoreapp3.1\mstestproject.dll" id="409f4502-d080-48e0-ba66-1d22319c2291">
      <TestCategory>
        <TestCategoryItem TestCategory="Category1000" />
      </TestCategory>
      <Execution id="0f29c472-327f-4e19-93d3-0a1e37fe006d" />
      <TestMethod codeBase="C:\Projekty\MSTestProject\bin\Debug\netcoreapp3.1\MSTestProject.dll" adapterTypeName="executor://mstestadapter/v2" className="TwojeWesele.Services.Helpers.Tests.CurrencyHelperTests" name="FormatToStringTest1000" />
    </UnitTest>
    <UnitTest name="FormatToStringTest1000 (38076.55319665165,38076.55 zł)" storage="c:\projekty\mstestproject\bin\debug\netcoreapp3.1\mstestproject.dll" id="ca07c3cd-1ce7-427b-882e-d6b17b6741cd">
      <TestCategory>
        <TestCategoryItem TestCategory="Category1000" />
      </TestCategory>
      <Execution id="b43863a0-cc9e-43d0-8dd6-1a4c66baa3e7" />
      <TestMethod codeBase="C:\Projekty\MSTestProject\bin\Debug\netcoreapp3.1\MSTestProject.dll" adapterTypeName="executor://mstestadapter/v2" className="TwojeWesele.Services.Helpers.Tests.CurrencyHelperTests" name="FormatToStringTest1000" />
    </UnitTest>
    <UnitTest name="FormatToStringTest1000 (16673.5121774904,16673.51 zł)" storage="c:\projekty\mstestproject\bin\debug\netcoreapp3.1\mstestproject.dll" id="6f0ce55a-f2fa-42ef-9608-ec1939cd441e">
      <TestCategory>
        <TestCategoryItem TestCategory="Category1000" />
      </TestCategory>
      <Execution id="d7e1c0b1-ed16-4395-9007-480bd33d403b" />
      <TestMethod codeBase="C:\Projekty\MSTestProject\bin\Debug\netcoreapp3.1\MSTestProject.dll" adapterTypeName="executor://mstestadapter/v2" className="TwojeWesele.Services.Helpers.Tests.CurrencyHelperTests" name="FormatToStringTest1000" />
    </UnitTest>
    <UnitTest name="FormatToStringTest1000 (17875.613377604455,17875.61 zł)" storage="c:\projekty\mstestproject\bin\debug\netcoreapp3.1\mstestproject.dll" id="55dd1f8a-09de-4d8b-aafc-f2ba8709cd4c">
      <TestCategory>
        <TestCategoryItem TestCategory="Category1000" />
      </TestCategory>
      <Execution id="b6bea9c1-86cf-40f7-a049-609fd5c0b127" />
      <TestMethod codeBase="C:\Projekty\MSTestProject\bin\Debug\netcoreapp3.1\MSTestProject.dll" adapterTypeName="executor://mstestadapter/v2" className="TwojeWesele.Services.Helpers.Tests.CurrencyHelperTests" name="FormatToStringTest1000" />
    </UnitTest>
    <UnitTest name="FormatToStringTest1000 (19873.59831658453,19873.60 zł)" storage="c:\projekty\mstestproject\bin\debug\netcoreapp3.1\mstestproject.dll" id="af62bda2-4201-43f7-905b-f0efdfd51745">
      <TestCategory>
        <TestCategoryItem TestCategory="Category1000" />
      </TestCategory>
      <Execution id="44ecdea7-0227-40cd-a5cc-175e0591a9f1" />
      <TestMethod codeBase="C:\Projekty\MSTestProject\bin\Debug\netcoreapp3.1\MSTestProject.dll" adapterTypeName="executor://mstestadapter/v2" className="TwojeWesele.Services.Helpers.Tests.CurrencyHelperTests" name="FormatToStringTest1000" />
    </UnitTest>
    <UnitTest name="FormatToStringTest1000 (20344.185360967265,20344.19 zł)" storage="c:\projekty\mstestproject\bin\debug\netcoreapp3.1\mstestproject.dll" id="34cd76e9-5d7f-4bc8-8c1d-6f948596f8c6">
      <TestCategory>
        <TestCategoryItem TestCategory="Category1000" />
      </TestCategory>
      <Execution id="6edd8f0b-4340-4831-be10-60154228d23e" />
      <TestMethod codeBase="C:\Projekty\MSTestProject\bin\Debug\netcoreapp3.1\MSTestProject.dll" adapterTypeName="executor://mstestadapter/v2" className="TwojeWesele.Services.Helpers.Tests.CurrencyHelperTests" name="FormatToStringTest1000" />
    </UnitTest>
    <UnitTest name="FormatToStringTest1000 (15600.245951180927,15600.25 zł)" storage="c:\projekty\mstestproject\bin\debug\netcoreapp3.1\mstestproject.dll" id="79a5f187-0604-4f7d-b98b-839ff943d453">
      <TestCategory>
        <TestCategoryItem TestCategory="Category1000" />
      </TestCategory>
      <Execution id="2fa97078-c58a-4ca3-a90c-9ababdc38cd4" />
      <TestMethod codeBase="C:\Projekty\MSTestProject\bin\Debug\netcoreapp3.1\MSTestProject.dll" adapterTypeName="executor://mstestadapter/v2" className="TwojeWesele.Services.Helpers.Tests.CurrencyHelperTests" name="FormatToStringTest1000" />
    </UnitTest>
    <UnitTest name="FormatToStringTest1000 (9068.70019550468,9068.70 zł)" storage="c:\projekty\mstestproject\bin\debug\netcoreapp3.1\mstestproject.dll" id="fd22c910-b6eb-4736-a4c4-ece3e455a4d2">
      <TestCategory>
        <TestCategoryItem TestCategory="Category1000" />
      </TestCategory>
      <Execution id="0b5bd38c-8f91-40d6-87ca-bff6bdd87c79" />
      <TestMethod codeBase="C:\Projekty\MSTestProject\bin\Debug\netcoreapp3.1\MSTestProject.dll" adapterTypeName="executor://mstestadapter/v2" className="TwojeWesele.Services.Helpers.Tests.CurrencyHelperTests" name="FormatToStringTest1000" />
    </UnitTest>
    <UnitTest name="FormatToStringTest1000 (7621.507806692509,7621.51 zł)" storage="c:\projekty\mstestproject\bin\debug\netcoreapp3.1\mstestproject.dll" id="6934de93-7ead-44b0-b492-7d9e0d9bf46c">
      <TestCategory>
        <TestCategoryItem TestCategory="Category1000" />
      </TestCategory>
      <Execution id="a8f88979-2a37-4bfa-becd-eb338ca8b88e" />
      <TestMethod codeBase="C:\Projekty\MSTestProject\bin\Debug\netcoreapp3.1\MSTestProject.dll" adapterTypeName="executor://mstestadapter/v2" className="TwojeWesele.Services.Helpers.Tests.CurrencyHelperTests" name="FormatToStringTest1000" />
    </UnitTest>
    <UnitTest name="FormatToStringTest1000 (77904.0088552246,77904.01 zł)" storage="c:\projekty\mstestproject\bin\debug\netcoreapp3.1\mstestproject.dll" id="ba88443e-8bf3-4170-8290-b54392c036e5">
      <TestCategory>
        <TestCategoryItem TestCategory="Category1000" />
      </TestCategory>
      <Execution id="ca1367cc-f4f5-423f-9507-184f0df5e7cf" />
      <TestMethod codeBase="C:\Projekty\MSTestProject\bin\Debug\netcoreapp3.1\MSTestProject.dll" adapterTypeName="executor://mstestadapter/v2" className="TwojeWesele.Services.Helpers.Tests.CurrencyHelperTests" name="FormatToStringTest1000" />
    </UnitTest>
    <UnitTest name="FormatToStringTest1000 (53192.79032742269,53192.79 zł)" storage="c:\projekty\mstestproject\bin\debug\netcoreapp3.1\mstestproject.dll" id="49877ee7-cdbe-41f2-9cdb-fee4c493b404">
      <TestCategory>
        <TestCategoryItem TestCategory="Category1000" />
      </TestCategory>
      <Execution id="8682c081-f80d-4836-b5dc-968e5d5af63a" />
      <TestMethod codeBase="C:\Projekty\MSTestProject\bin\Debug\netcoreapp3.1\MSTestProject.dll" adapterTypeName="executor://mstestadapter/v2" className="TwojeWesele.Services.Helpers.Tests.CurrencyHelperTests" name="FormatToStringTest1000" />
    </UnitTest>
    <UnitTest name="FormatToStringTest1000 (5022.470719070859,5022.47 zł)" storage="c:\projekty\mstestproject\bin\debug\netcoreapp3.1\mstestproject.dll" id="df0a8a29-e7dc-4f6f-a1f1-52a071bc7630">
      <TestCategory>
        <TestCategoryItem TestCategory="Category1000" />
      </TestCategory>
      <Execution id="4e1d57b5-23a4-408e-bad6-36eb9cc6f227" />
      <TestMethod codeBase="C:\Projekty\MSTestProject\bin\Debug\netcoreapp3.1\MSTestProject.dll" adapterTypeName="executor://mstestadapter/v2" className="TwojeWesele.Services.Helpers.Tests.CurrencyHelperTests" name="FormatToStringTest1000" />
    </UnitTest>
    <UnitTest name="FormatToStringTest1000 (15509.637406484986,15509.64 zł)" storage="c:\projekty\mstestproject\bin\debug\netcoreapp3.1\mstestproject.dll" id="603b7a6a-5e9b-424d-aa59-373026d161dd">
      <TestCategory>
        <TestCategoryItem TestCategory="Category1000" />
      </TestCategory>
      <Execution id="4af3930e-f48c-475f-b6b2-0a5e795ac6f0" />
      <TestMethod codeBase="C:\Projekty\MSTestProject\bin\Debug\netcoreapp3.1\MSTestProject.dll" adapterTypeName="executor://mstestadapter/v2" className="TwojeWesele.Services.Helpers.Tests.CurrencyHelperTests" name="FormatToStringTest1000" />
    </UnitTest>
    <UnitTest name="FormatToStringTest1000 (6550.421588937948,6550.42 zł)" storage="c:\projekty\mstestproject\bin\debug\netcoreapp3.1\mstestproject.dll" id="de43835a-f147-4ad2-be46-5f3c14ddaa09">
      <TestCategory>
        <TestCategoryItem TestCategory="Category1000" />
      </TestCategory>
      <Execution id="7687102c-583a-4de1-a79e-605eafe7edb6" />
      <TestMethod codeBase="C:\Projekty\MSTestProject\bin\Debug\netcoreapp3.1\MSTestProject.dll" adapterTypeName="executor://mstestadapter/v2" className="TwojeWesele.Services.Helpers.Tests.CurrencyHelperTests" name="FormatToStringTest1000" />
    </UnitTest>
    <UnitTest name="FormatToStringTest1000 (12125.090155628086,12125.09 zł)" storage="c:\projekty\mstestproject\bin\debug\netcoreapp3.1\mstestproject.dll" id="35a31e21-bf62-4652-997c-87654975016d">
      <TestCategory>
        <TestCategoryItem TestCategory="Category1000" />
      </TestCategory>
      <Execution id="c067414f-24d8-4594-8dd0-c89d2c8aca6a" />
      <TestMethod codeBase="C:\Projekty\MSTestProject\bin\Debug\netcoreapp3.1\MSTestProject.dll" adapterTypeName="executor://mstestadapter/v2" className="TwojeWesele.Services.Helpers.Tests.CurrencyHelperTests" name="FormatToStringTest1000" />
    </UnitTest>
    <UnitTest name="FormatToStringTest1000 (31391.358864880804,31391.36 zł)" storage="c:\projekty\mstestproject\bin\debug\netcoreapp3.1\mstestproject.dll" id="8caca0ff-90a2-44c9-8b1e-417193e3c044">
      <TestCategory>
        <TestCategoryItem TestCategory="Category1000" />
      </TestCategory>
      <Execution id="af5052eb-cb18-4e72-9c0c-861b6603808e" />
      <TestMethod codeBase="C:\Projekty\MSTestProject\bin\Debug\netcoreapp3.1\MSTestProject.dll" adapterTypeName="executor://mstestadapter/v2" className="TwojeWesele.Services.Helpers.Tests.CurrencyHelperTests" name="FormatToStringTest1000" />
    </UnitTest>
    <UnitTest name="FormatToStringTest1000 (74152.7503934562,74152.75 zł)" storage="c:\projekty\mstestproject\bin\debug\netcoreapp3.1\mstestproject.dll" id="e3411dcb-d0de-410d-8b79-6654e6e63c70">
      <TestCategory>
        <TestCategoryItem TestCategory="Category1000" />
      </TestCategory>
      <Execution id="7b8f7943-4c97-413a-bf17-fe5d2322cb44" />
      <TestMethod codeBase="C:\Projekty\MSTestProject\bin\Debug\netcoreapp3.1\MSTestProject.dll" adapterTypeName="executor://mstestadapter/v2" className="TwojeWesele.Services.Helpers.Tests.CurrencyHelperTests" name="FormatToStringTest1000" />
    </UnitTest>
    <UnitTest name="FormatToStringTest1000 (1687.6029180025694,1687.60 zł)" storage="c:\projekty\mstestproject\bin\debug\netcoreapp3.1\mstestproject.dll" id="9b4db3c2-44aa-4bd6-b53c-09bb13a1f5b0">
      <TestCategory>
        <TestCategoryItem TestCategory="Category1000" />
      </TestCategory>
      <Execution id="dfb071a8-24c7-48d1-9083-6885f933e2d8" />
      <TestMethod codeBase="C:\Projekty\MSTestProject\bin\Debug\netcoreapp3.1\MSTestProject.dll" adapterTypeName="executor://mstestadapter/v2" className="TwojeWesele.Services.Helpers.Tests.CurrencyHelperTests" name="FormatToStringTest1000" />
    </UnitTest>
    <UnitTest name="FormatToStringTest1000 (22743.19734205827,22743.20 zł)" storage="c:\projekty\mstestproject\bin\debug\netcoreapp3.1\mstestproject.dll" id="69652e8a-862d-442e-8afa-63833495cfb4">
      <TestCategory>
        <TestCategoryItem TestCategory="Category1000" />
      </TestCategory>
      <Execution id="aa835123-9a7d-46e3-b67d-754fa8c10fa1" />
      <TestMethod codeBase="C:\Projekty\MSTestProject\bin\Debug\netcoreapp3.1\MSTestProject.dll" adapterTypeName="executor://mstestadapter/v2" className="TwojeWesele.Services.Helpers.Tests.CurrencyHelperTests" name="FormatToStringTest1000" />
    </UnitTest>
    <UnitTest name="FormatToStringTest1000 (29474.095826699442,29474.10 zł)" storage="c:\projekty\mstestproject\bin\debug\netcoreapp3.1\mstestproject.dll" id="3a8f9ff2-96cb-495c-a015-e4a5ae5f1572">
      <TestCategory>
        <TestCategoryItem TestCategory="Category1000" />
      </TestCategory>
      <Execution id="646c0050-1997-469c-9721-1459c7cf355a" />
      <TestMethod codeBase="C:\Projekty\MSTestProject\bin\Debug\netcoreapp3.1\MSTestProject.dll" adapterTypeName="executor://mstestadapter/v2" className="TwojeWesele.Services.Helpers.Tests.CurrencyHelperTests" name="FormatToStringTest1000" />
    </UnitTest>
    <UnitTest name="FormatToStringTest1000 (55010.474927814896,55010.47 zł)" storage="c:\projekty\mstestproject\bin\debug\netcoreapp3.1\mstestproject.dll" id="1b68fe88-068c-43e5-9cb4-fcc615ed8c92">
      <TestCategory>
        <TestCategoryItem TestCategory="Category1000" />
      </TestCategory>
      <Execution id="8cecf6cd-9ffc-4a70-baae-cb9e2b0791ee" />
      <TestMethod codeBase="C:\Projekty\MSTestProject\bin\Debug\netcoreapp3.1\MSTestProject.dll" adapterTypeName="executor://mstestadapter/v2" className="TwojeWesele.Services.Helpers.Tests.CurrencyHelperTests" name="FormatToStringTest1000" />
    </UnitTest>
    <UnitTest name="FormatToStringTest1000 (58191.92113629585,58191.92 zł)" storage="c:\projekty\mstestproject\bin\debug\netcoreapp3.1\mstestproject.dll" id="abbfafba-3de2-48e3-aa82-41dd8b4fdbec">
      <TestCategory>
        <TestCategoryItem TestCategory="Category1000" />
      </TestCategory>
      <Execution id="516cebbd-9417-4b71-98a6-c2490bc81364" />
      <TestMethod codeBase="C:\Projekty\MSTestProject\bin\Debug\netcoreapp3.1\MSTestProject.dll" adapterTypeName="executor://mstestadapter/v2" className="TwojeWesele.Services.Helpers.Tests.CurrencyHelperTests" name="FormatToStringTest1000" />
    </UnitTest>
    <UnitTest name="FormatToStringTest1000 (50991.22189691114,50991.22 zł)" storage="c:\projekty\mstestproject\bin\debug\netcoreapp3.1\mstestproject.dll" id="baa4cc94-a5ed-4b72-8bca-493c46fd9b6b">
      <TestCategory>
        <TestCategoryItem TestCategory="Category1000" />
      </TestCategory>
      <Execution id="b43e8e5a-8777-49a1-a95e-d2b3aff14842" />
      <TestMethod codeBase="C:\Projekty\MSTestProject\bin\Debug\netcoreapp3.1\MSTestProject.dll" adapterTypeName="executor://mstestadapter/v2" className="TwojeWesele.Services.Helpers.Tests.CurrencyHelperTests" name="FormatToStringTest1000" />
    </UnitTest>
    <UnitTest name="FormatToStringTest1000 (3700.029953029021,3700.03 zł)" storage="c:\projekty\mstestproject\bin\debug\netcoreapp3.1\mstestproject.dll" id="cd197a46-0775-45c8-8ad9-d8dabba4d8ef">
      <TestCategory>
        <TestCategoryItem TestCategory="Category1000" />
      </TestCategory>
      <Execution id="b52f9f37-d56e-4ff6-8d13-e85eb1a13c9d" />
      <TestMethod codeBase="C:\Projekty\MSTestProject\bin\Debug\netcoreapp3.1\MSTestProject.dll" adapterTypeName="executor://mstestadapter/v2" className="TwojeWesele.Services.Helpers.Tests.CurrencyHelperTests" name="FormatToStringTest1000" />
    </UnitTest>
    <UnitTest name="FormatToStringTest1000 (3092.9215945624383,3092.92 zł)" storage="c:\projekty\mstestproject\bin\debug\netcoreapp3.1\mstestproject.dll" id="a54e0e70-48d8-4fb4-9026-e5a987f7eacd">
      <TestCategory>
        <TestCategoryItem TestCategory="Category1000" />
      </TestCategory>
      <Execution id="e5018725-7448-448a-8a9b-3a7ee36ebf56" />
      <TestMethod codeBase="C:\Projekty\MSTestProject\bin\Debug\netcoreapp3.1\MSTestProject.dll" adapterTypeName="executor://mstestadapter/v2" className="TwojeWesele.Services.Helpers.Tests.CurrencyHelperTests" name="FormatToStringTest1000" />
    </UnitTest>
    <UnitTest name="FormatToStringTest1000 (59283.7670322637,59283.77 zł)" storage="c:\projekty\mstestproject\bin\debug\netcoreapp3.1\mstestproject.dll" id="18f5eea8-3810-4c48-806a-588d2593bd92">
      <TestCategory>
        <TestCategoryItem TestCategory="Category1000" />
      </TestCategory>
      <Execution id="54e0a3fb-4d45-4891-8b90-c96c52aa6a0d" />
      <TestMethod codeBase="C:\Projekty\MSTestProject\bin\Debug\netcoreapp3.1\MSTestProject.dll" adapterTypeName="executor://mstestadapter/v2" className="TwojeWesele.Services.Helpers.Tests.CurrencyHelperTests" name="FormatToStringTest1000" />
    </UnitTest>
    <UnitTest name="FormatToStringTest1000 (39641.61351217451,39641.61 zł)" storage="c:\projekty\mstestproject\bin\debug\netcoreapp3.1\mstestproject.dll" id="f29b3a30-9954-45e6-9f57-3bcd610e6c63">
      <TestCategory>
        <TestCategoryItem TestCategory="Category1000" />
      </TestCategory>
      <Execution id="d9bb05b9-f7c0-4f74-865d-ab97dfd3b5f8" />
      <TestMethod codeBase="C:\Projekty\MSTestProject\bin\Debug\netcoreapp3.1\MSTestProject.dll" adapterTypeName="executor://mstestadapter/v2" className="TwojeWesele.Services.Helpers.Tests.CurrencyHelperTests" name="FormatToStringTest1000" />
    </UnitTest>
    <UnitTest name="FormatToStringTest1000 (5835.26176155557,5835.26 zł)" storage="c:\projekty\mstestproject\bin\debug\netcoreapp3.1\mstestproject.dll" id="6c89995f-9c99-4428-9321-31e82b8b795f">
      <TestCategory>
        <TestCategoryItem TestCategory="Category1000" />
      </TestCategory>
      <Execution id="cb471edc-b728-47e2-8d8a-59ca006ebd70" />
      <TestMethod codeBase="C:\Projekty\MSTestProject\bin\Debug\netcoreapp3.1\MSTestProject.dll" adapterTypeName="executor://mstestadapter/v2" className="TwojeWesele.Services.Helpers.Tests.CurrencyHelperTests" name="FormatToStringTest1000" />
    </UnitTest>
    <UnitTest name="FormatToStringTest1000 (45887.58415794167,45887.58 zł)" storage="c:\projekty\mstestproject\bin\debug\netcoreapp3.1\mstestproject.dll" id="a0ba3d53-5107-4a08-b8f2-b680a245f691">
      <TestCategory>
        <TestCategoryItem TestCategory="Category1000" />
      </TestCategory>
      <Execution id="2e796435-1d97-4928-9554-27a01e68cf2a" />
      <TestMethod codeBase="C:\Projekty\MSTestProject\bin\Debug\netcoreapp3.1\MSTestProject.dll" adapterTypeName="executor://mstestadapter/v2" className="TwojeWesele.Services.Helpers.Tests.CurrencyHelperTests" name="FormatToStringTest1000" />
    </UnitTest>
    <UnitTest name="FormatToStringTest1000 (5759.256266560991,5759.26 zł)" storage="c:\projekty\mstestproject\bin\debug\netcoreapp3.1\mstestproject.dll" id="75648cdc-a058-447b-aa81-7d9cde414475">
      <TestCategory>
        <TestCategoryItem TestCategory="Category1000" />
      </TestCategory>
      <Execution id="d23fd03d-0cee-436d-b93d-73c2028a2745" />
      <TestMethod codeBase="C:\Projekty\MSTestProject\bin\Debug\netcoreapp3.1\MSTestProject.dll" adapterTypeName="executor://mstestadapter/v2" className="TwojeWesele.Services.Helpers.Tests.CurrencyHelperTests" name="FormatToStringTest1000" />
    </UnitTest>
    <UnitTest name="FormatToStringTest1000 (159.83786031922224,159.84 zł)" storage="c:\projekty\mstestproject\bin\debug\netcoreapp3.1\mstestproject.dll" id="28a27a67-32c7-4548-8cd7-e10fdaa2d9a2">
      <TestCategory>
        <TestCategoryItem TestCategory="Category1000" />
      </TestCategory>
      <Execution id="d553b7a1-9ce8-490b-932a-022d27e10a8d" />
      <TestMethod codeBase="C:\Projekty\MSTestProject\bin\Debug\netcoreapp3.1\MSTestProject.dll" adapterTypeName="executor://mstestadapter/v2" className="TwojeWesele.Services.Helpers.Tests.CurrencyHelperTests" name="FormatToStringTest1000" />
    </UnitTest>
    <UnitTest name="FormatToStringTest1000 (29678.921519093645,29678.92 zł)" storage="c:\projekty\mstestproject\bin\debug\netcoreapp3.1\mstestproject.dll" id="933227c0-f104-492a-b464-3653e5762afd">
      <TestCategory>
        <TestCategoryItem TestCategory="Category1000" />
      </TestCategory>
      <Execution id="ba2aa76d-3e88-47a7-9bfe-ec4d80bf26e6" />
      <TestMethod codeBase="C:\Projekty\MSTestProject\bin\Debug\netcoreapp3.1\MSTestProject.dll" adapterTypeName="executor://mstestadapter/v2" className="TwojeWesele.Services.Helpers.Tests.CurrencyHelperTests" name="FormatToStringTest1000" />
    </UnitTest>
    <UnitTest name="FormatToStringTest1000 (1568.615240217473,1568.62 zł)" storage="c:\projekty\mstestproject\bin\debug\netcoreapp3.1\mstestproject.dll" id="79c6b1c8-5921-4f2d-8c5c-04d217903419">
      <TestCategory>
        <TestCategoryItem TestCategory="Category1000" />
      </TestCategory>
      <Execution id="3df64b8e-72a1-4589-89fe-632835bddae0" />
      <TestMethod codeBase="C:\Projekty\MSTestProject\bin\Debug\netcoreapp3.1\MSTestProject.dll" adapterTypeName="executor://mstestadapter/v2" className="TwojeWesele.Services.Helpers.Tests.CurrencyHelperTests" name="FormatToStringTest1000" />
    </UnitTest>
    <UnitTest name="FormatToStringTest1000 (31300.40752580967,31300.41 zł)" storage="c:\projekty\mstestproject\bin\debug\netcoreapp3.1\mstestproject.dll" id="0e887555-bd41-426c-abfd-20385c873892">
      <TestCategory>
        <TestCategoryItem TestCategory="Category1000" />
      </TestCategory>
      <Execution id="a858ab89-06bb-4006-9d70-950acf2185ce" />
      <TestMethod codeBase="C:\Projekty\MSTestProject\bin\Debug\netcoreapp3.1\MSTestProject.dll" adapterTypeName="executor://mstestadapter/v2" className="TwojeWesele.Services.Helpers.Tests.CurrencyHelperTests" name="FormatToStringTest1000" />
    </UnitTest>
    <UnitTest name="FormatToStringTest1000 (3274.481392617096,3274.48 zł)" storage="c:\projekty\mstestproject\bin\debug\netcoreapp3.1\mstestproject.dll" id="3cebcf64-4f79-422c-8385-18e539cceabd">
      <TestCategory>
        <TestCategoryItem TestCategory="Category1000" />
      </TestCategory>
      <Execution id="25a7fecd-12e9-4b37-9787-d12e5f18c727" />
      <TestMethod codeBase="C:\Projekty\MSTestProject\bin\Debug\netcoreapp3.1\MSTestProject.dll" adapterTypeName="executor://mstestadapter/v2" className="TwojeWesele.Services.Helpers.Tests.CurrencyHelperTests" name="FormatToStringTest1000" />
    </UnitTest>
    <UnitTest name="FormatToStringTest1000 (32213.734885384205,32213.73 zł)" storage="c:\projekty\mstestproject\bin\debug\netcoreapp3.1\mstestproject.dll" id="1f14b3aa-bdc3-442f-bef3-fb182d90088f">
      <TestCategory>
        <TestCategoryItem TestCategory="Category1000" />
      </TestCategory>
      <Execution id="ca8584cf-0cdd-415b-8934-f23bac1676ee" />
      <TestMethod codeBase="C:\Projekty\MSTestProject\bin\Debug\netcoreapp3.1\MSTestProject.dll" adapterTypeName="executor://mstestadapter/v2" className="TwojeWesele.Services.Helpers.Tests.CurrencyHelperTests" name="FormatToStringTest1000" />
    </UnitTest>
    <UnitTest name="FormatToStringTest1000 (17031.365705376662,17031.37 zł)" storage="c:\projekty\mstestproject\bin\debug\netcoreapp3.1\mstestproject.dll" id="f524ea75-5300-46d7-b721-f490ad0f1acf">
      <TestCategory>
        <TestCategoryItem TestCategory="Category1000" />
      </TestCategory>
      <Execution id="e28c03c0-7991-4ebe-af90-42cb5c89a16a" />
      <TestMethod codeBase="C:\Projekty\MSTestProject\bin\Debug\netcoreapp3.1\MSTestProject.dll" adapterTypeName="executor://mstestadapter/v2" className="TwojeWesele.Services.Helpers.Tests.CurrencyHelperTests" name="FormatToStringTest1000" />
    </UnitTest>
    <UnitTest name="FormatToStringTest1000 (5840.747097845071,5840.75 zł)" storage="c:\projekty\mstestproject\bin\debug\netcoreapp3.1\mstestproject.dll" id="bb2480e9-2ea5-4f73-8449-d358c0a61d8a">
      <TestCategory>
        <TestCategoryItem TestCategory="Category1000" />
      </TestCategory>
      <Execution id="8a7e1e71-b204-4683-bfdb-34282e637340" />
      <TestMethod codeBase="C:\Projekty\MSTestProject\bin\Debug\netcoreapp3.1\MSTestProject.dll" adapterTypeName="executor://mstestadapter/v2" className="TwojeWesele.Services.Helpers.Tests.CurrencyHelperTests" name="FormatToStringTest1000" />
    </UnitTest>
    <UnitTest name="FormatToStringTest1000 (22678.643495744862,22678.64 zł)" storage="c:\projekty\mstestproject\bin\debug\netcoreapp3.1\mstestproject.dll" id="11499ae8-c24e-4c2d-afb8-733b01853c89">
      <TestCategory>
        <TestCategoryItem TestCategory="Category1000" />
      </TestCategory>
      <Execution id="4f02db65-05ca-4bae-ba44-c64d23a53a74" />
      <TestMethod codeBase="C:\Projekty\MSTestProject\bin\Debug\netcoreapp3.1\MSTestProject.dll" adapterTypeName="executor://mstestadapter/v2" className="TwojeWesele.Services.Helpers.Tests.CurrencyHelperTests" name="FormatToStringTest1000" />
    </UnitTest>
    <UnitTest name="FormatToStringTest1000 (480.2082316857801,480.21 zł)" storage="c:\projekty\mstestproject\bin\debug\netcoreapp3.1\mstestproject.dll" id="3e83e82b-a7ad-4d67-b543-444293e34b46">
      <TestCategory>
        <TestCategoryItem TestCategory="Category1000" />
      </TestCategory>
      <Execution id="47cfe6cd-9063-4ecf-8a3b-c49018c93140" />
      <TestMethod codeBase="C:\Projekty\MSTestProject\bin\Debug\netcoreapp3.1\MSTestProject.dll" adapterTypeName="executor://mstestadapter/v2" className="TwojeWesele.Services.Helpers.Tests.CurrencyHelperTests" name="FormatToStringTest1000" />
    </UnitTest>
    <UnitTest name="FormatToStringTest1000 (66764.31690498316,66764.32 zł)" storage="c:\projekty\mstestproject\bin\debug\netcoreapp3.1\mstestproject.dll" id="26d2ab48-8a84-460d-a50d-c5cd4a67f43a">
      <TestCategory>
        <TestCategoryItem TestCategory="Category1000" />
      </TestCategory>
      <Execution id="e6ce4a92-8df8-4787-a0c6-2d2cd84d3ff3" />
      <TestMethod codeBase="C:\Projekty\MSTestProject\bin\Debug\netcoreapp3.1\MSTestProject.dll" adapterTypeName="executor://mstestadapter/v2" className="TwojeWesele.Services.Helpers.Tests.CurrencyHelperTests" name="FormatToStringTest1000" />
    </UnitTest>
    <UnitTest name="FormatToStringTest1000 (50339.31259969497,50339.31 zł)" storage="c:\projekty\mstestproject\bin\debug\netcoreapp3.1\mstestproject.dll" id="6d5b8947-c788-4ac1-b9a3-3c1ad0bc3ac4">
      <TestCategory>
        <TestCategoryItem TestCategory="Category1000" />
      </TestCategory>
      <Execution id="b9caf3cd-53e5-4f89-b3f9-f33289766d8b" />
      <TestMethod codeBase="C:\Projekty\MSTestProject\bin\Debug\netcoreapp3.1\MSTestProject.dll" adapterTypeName="executor://mstestadapter/v2" className="TwojeWesele.Services.Helpers.Tests.CurrencyHelperTests" name="FormatToStringTest1000" />
    </UnitTest>
    <UnitTest name="FormatToStringTest1000 (14480.387652530982,14480.39 zł)" storage="c:\projekty\mstestproject\bin\debug\netcoreapp3.1\mstestproject.dll" id="56ae8c71-147b-429e-8480-d1909934b21f">
      <TestCategory>
        <TestCategoryItem TestCategory="Category1000" />
      </TestCategory>
      <Execution id="8250011f-4110-4b8a-84e9-322eea9d2657" />
      <TestMethod codeBase="C:\Projekty\MSTestProject\bin\Debug\netcoreapp3.1\MSTestProject.dll" adapterTypeName="executor://mstestadapter/v2" className="TwojeWesele.Services.Helpers.Tests.CurrencyHelperTests" name="FormatToStringTest1000" />
    </UnitTest>
    <UnitTest name="FormatToStringTest1000 (49256.47455728635,49256.47 zł)" storage="c:\projekty\mstestproject\bin\debug\netcoreapp3.1\mstestproject.dll" id="218141f1-e2df-41ce-b021-c6e79b9d8038">
      <TestCategory>
        <TestCategoryItem TestCategory="Category1000" />
      </TestCategory>
      <Execution id="8373a03b-7030-4405-866f-d54cf2783c21" />
      <TestMethod codeBase="C:\Projekty\MSTestProject\bin\Debug\netcoreapp3.1\MSTestProject.dll" adapterTypeName="executor://mstestadapter/v2" className="TwojeWesele.Services.Helpers.Tests.CurrencyHelperTests" name="FormatToStringTest1000" />
    </UnitTest>
    <UnitTest name="FormatToStringTest1000 (12949.590713378317,12949.59 zł)" storage="c:\projekty\mstestproject\bin\debug\netcoreapp3.1\mstestproject.dll" id="9eed7618-b547-4092-9f37-b306a0dad145">
      <TestCategory>
        <TestCategoryItem TestCategory="Category1000" />
      </TestCategory>
      <Execution id="6d343274-7713-4870-bbbe-6f94677bf4ea" />
      <TestMethod codeBase="C:\Projekty\MSTestProject\bin\Debug\netcoreapp3.1\MSTestProject.dll" adapterTypeName="executor://mstestadapter/v2" className="TwojeWesele.Services.Helpers.Tests.CurrencyHelperTests" name="FormatToStringTest1000" />
    </UnitTest>
    <UnitTest name="FormatToStringTest1000 (4592.278577496428,4592.28 zł)" storage="c:\projekty\mstestproject\bin\debug\netcoreapp3.1\mstestproject.dll" id="a0e4899a-e910-46db-9fb9-47e88012c750">
      <TestCategory>
        <TestCategoryItem TestCategory="Category1000" />
      </TestCategory>
      <Execution id="c1679360-69e7-4dc5-93f5-ac459a509bd3" />
      <TestMethod codeBase="C:\Projekty\MSTestProject\bin\Debug\netcoreapp3.1\MSTestProject.dll" adapterTypeName="executor://mstestadapter/v2" className="TwojeWesele.Services.Helpers.Tests.CurrencyHelperTests" name="FormatToStringTest1000" />
    </UnitTest>
    <UnitTest name="FormatToStringTest1000 (38961.459057294516,38961.46 zł)" storage="c:\projekty\mstestproject\bin\debug\netcoreapp3.1\mstestproject.dll" id="5717efdd-b811-4b84-80a5-99fb58523b9a">
      <TestCategory>
        <TestCategoryItem TestCategory="Category1000" />
      </TestCategory>
      <Execution id="3d79b81e-1b82-448e-a75c-59b6f426cf57" />
      <TestMethod codeBase="C:\Projekty\MSTestProject\bin\Debug\netcoreapp3.1\MSTestProject.dll" adapterTypeName="executor://mstestadapter/v2" className="TwojeWesele.Services.Helpers.Tests.CurrencyHelperTests" name="FormatToStringTest1000" />
    </UnitTest>
    <UnitTest name="FormatToStringTest1000 (5855.75080885354,5855.75 zł)" storage="c:\projekty\mstestproject\bin\debug\netcoreapp3.1\mstestproject.dll" id="8f336036-c225-4a6b-b666-c9d5b0e6962f">
      <TestCategory>
        <TestCategoryItem TestCategory="Category1000" />
      </TestCategory>
      <Execution id="106623b2-9cd2-48e3-8fc7-632a38ea79a0" />
      <TestMethod codeBase="C:\Projekty\MSTestProject\bin\Debug\netcoreapp3.1\MSTestProject.dll" adapterTypeName="executor://mstestadapter/v2" className="TwojeWesele.Services.Helpers.Tests.CurrencyHelperTests" name="FormatToStringTest1000" />
    </UnitTest>
    <UnitTest name="FormatToStringTest1000 (16161.963229990548,16161.96 zł)" storage="c:\projekty\mstestproject\bin\debug\netcoreapp3.1\mstestproject.dll" id="dfce72b8-dbf4-47a8-a251-28a1128dc358">
      <TestCategory>
        <TestCategoryItem TestCategory="Category1000" />
      </TestCategory>
      <Execution id="25e1933b-d914-4852-a259-982f199b56d8" />
      <TestMethod codeBase="C:\Projekty\MSTestProject\bin\Debug\netcoreapp3.1\MSTestProject.dll" adapterTypeName="executor://mstestadapter/v2" className="TwojeWesele.Services.Helpers.Tests.CurrencyHelperTests" name="FormatToStringTest1000" />
    </UnitTest>
    <UnitTest name="FormatToStringTest1000 (19541.10539777116,19541.11 zł)" storage="c:\projekty\mstestproject\bin\debug\netcoreapp3.1\mstestproject.dll" id="36bf23ff-3ef5-4edb-b098-5067ee19199f">
      <TestCategory>
        <TestCategoryItem TestCategory="Category1000" />
      </TestCategory>
      <Execution id="a3716226-3128-4fff-bdda-ea4c8a8918d3" />
      <TestMethod codeBase="C:\Projekty\MSTestProject\bin\Debug\netcoreapp3.1\MSTestProject.dll" adapterTypeName="executor://mstestadapter/v2" className="TwojeWesele.Services.Helpers.Tests.CurrencyHelperTests" name="FormatToStringTest1000" />
    </UnitTest>
    <UnitTest name="FormatToStringTest1000 (21281.64584727662,21281.65 zł)" storage="c:\projekty\mstestproject\bin\debug\netcoreapp3.1\mstestproject.dll" id="75de7ea6-51e8-48f8-a300-46f77b15ff7e">
      <TestCategory>
        <TestCategoryItem TestCategory="Category1000" />
      </TestCategory>
      <Execution id="0d2a0613-8f9e-4add-b1ee-5b7cc5e91b10" />
      <TestMethod codeBase="C:\Projekty\MSTestProject\bin\Debug\netcoreapp3.1\MSTestProject.dll" adapterTypeName="executor://mstestadapter/v2" className="TwojeWesele.Services.Helpers.Tests.CurrencyHelperTests" name="FormatToStringTest1000" />
    </UnitTest>
    <UnitTest name="FormatToStringTest1000 (657.5396922647672,657.54 zł)" storage="c:\projekty\mstestproject\bin\debug\netcoreapp3.1\mstestproject.dll" id="6aceecc7-47c1-419e-8a3d-bd0771fc1794">
      <TestCategory>
        <TestCategoryItem TestCategory="Category1000" />
      </TestCategory>
      <Execution id="c7ea425e-2711-4962-9e1a-de612f7b5f73" />
      <TestMethod codeBase="C:\Projekty\MSTestProject\bin\Debug\netcoreapp3.1\MSTestProject.dll" adapterTypeName="executor://mstestadapter/v2" className="TwojeWesele.Services.Helpers.Tests.CurrencyHelperTests" name="FormatToStringTest1000" />
    </UnitTest>
    <UnitTest name="FormatToStringTest1000 (24646.322657574587,24646.32 zł)" storage="c:\projekty\mstestproject\bin\debug\netcoreapp3.1\mstestproject.dll" id="e8465b45-3429-4696-b8b3-ed6326aa2d32">
      <TestCategory>
        <TestCategoryItem TestCategory="Category1000" />
      </TestCategory>
      <Execution id="96c514b9-9b66-495e-bdd5-f34622c6d9d9" />
      <TestMethod codeBase="C:\Projekty\MSTestProject\bin\Debug\netcoreapp3.1\MSTestProject.dll" adapterTypeName="executor://mstestadapter/v2" className="TwojeWesele.Services.Helpers.Tests.CurrencyHelperTests" name="FormatToStringTest1000" />
    </UnitTest>
    <UnitTest name="FormatToStringTest1000 (6220.182014914314,6220.18 zł)" storage="c:\projekty\mstestproject\bin\debug\netcoreapp3.1\mstestproject.dll" id="18bb3757-86d7-4504-a157-c9c52df03ba2">
      <TestCategory>
        <TestCategoryItem TestCategory="Category1000" />
      </TestCategory>
      <Execution id="c4741b34-7e79-4d35-86a8-a972ad49ac3f" />
      <TestMethod codeBase="C:\Projekty\MSTestProject\bin\Debug\netcoreapp3.1\MSTestProject.dll" adapterTypeName="executor://mstestadapter/v2" className="TwojeWesele.Services.Helpers.Tests.CurrencyHelperTests" name="FormatToStringTest1000" />
    </UnitTest>
    <UnitTest name="FormatToStringTest1000 (22017.250119325356,22017.25 zł)" storage="c:\projekty\mstestproject\bin\debug\netcoreapp3.1\mstestproject.dll" id="fe82da0f-104a-4eea-8e77-04ce10314deb">
      <TestCategory>
        <TestCategoryItem TestCategory="Category1000" />
      </TestCategory>
      <Execution id="0d23a4f8-0543-4484-a19d-390a806ba88c" />
      <TestMethod codeBase="C:\Projekty\MSTestProject\bin\Debug\netcoreapp3.1\MSTestProject.dll" adapterTypeName="executor://mstestadapter/v2" className="TwojeWesele.Services.Helpers.Tests.CurrencyHelperTests" name="FormatToStringTest1000" />
    </UnitTest>
    <UnitTest name="FormatToStringTest1000 (12871.381729632794,12871.38 zł)" storage="c:\projekty\mstestproject\bin\debug\netcoreapp3.1\mstestproject.dll" id="ca1058b1-f670-4c21-bb6d-ddf9f01e9e2f">
      <TestCategory>
        <TestCategoryItem TestCategory="Category1000" />
      </TestCategory>
      <Execution id="96245eff-05a7-4ecd-8f19-0df1dff12994" />
      <TestMethod codeBase="C:\Projekty\MSTestProject\bin\Debug\netcoreapp3.1\MSTestProject.dll" adapterTypeName="executor://mstestadapter/v2" className="TwojeWesele.Services.Helpers.Tests.CurrencyHelperTests" name="FormatToStringTest1000" />
    </UnitTest>
    <UnitTest name="FormatToStringTest1000 (65963.39932440939,65963.40 zł)" storage="c:\projekty\mstestproject\bin\debug\netcoreapp3.1\mstestproject.dll" id="621e6a52-b0a2-4dc2-b9ce-4e048ba2dbca">
      <TestCategory>
        <TestCategoryItem TestCategory="Category1000" />
      </TestCategory>
      <Execution id="aa225459-f6fa-49dc-970b-fa5d1e3acbf5" />
      <TestMethod codeBase="C:\Projekty\MSTestProject\bin\Debug\netcoreapp3.1\MSTestProject.dll" adapterTypeName="executor://mstestadapter/v2" className="TwojeWesele.Services.Helpers.Tests.CurrencyHelperTests" name="FormatToStringTest1000" />
    </UnitTest>
    <UnitTest name="FormatToStringTest1000 (835.1578487740633,835.16 zł)" storage="c:\projekty\mstestproject\bin\debug\netcoreapp3.1\mstestproject.dll" id="533d8f06-58b4-416b-afc4-c4d9fbd743f0">
      <TestCategory>
        <TestCategoryItem TestCategory="Category1000" />
      </TestCategory>
      <Execution id="ff8f68fc-5a30-405a-8c76-5030d746e3c0" />
      <TestMethod codeBase="C:\Projekty\MSTestProject\bin\Debug\netcoreapp3.1\MSTestProject.dll" adapterTypeName="executor://mstestadapter/v2" className="TwojeWesele.Services.Helpers.Tests.CurrencyHelperTests" name="FormatToStringTest1000" />
    </UnitTest>
    <UnitTest name="FormatToStringTest1000 (40857.08543233996,40857.09 zł)" storage="c:\projekty\mstestproject\bin\debug\netcoreapp3.1\mstestproject.dll" id="a1ab2997-6d60-4c95-97f8-7c175e9d96b6">
      <TestCategory>
        <TestCategoryItem TestCategory="Category1000" />
      </TestCategory>
      <Execution id="11b9476d-d0e7-4803-9a52-beb9cd30ffb8" />
      <TestMethod codeBase="C:\Projekty\MSTestProject\bin\Debug\netcoreapp3.1\MSTestProject.dll" adapterTypeName="executor://mstestadapter/v2" className="TwojeWesele.Services.Helpers.Tests.CurrencyHelperTests" name="FormatToStringTest1000" />
    </UnitTest>
    <UnitTest name="FormatToStringTest1000 (21996.80326662576,21996.80 zł)" storage="c:\projekty\mstestproject\bin\debug\netcoreapp3.1\mstestproject.dll" id="de52eeb5-dc1b-484a-ad0e-58da9301e7d6">
      <TestCategory>
        <TestCategoryItem TestCategory="Category1000" />
      </TestCategory>
      <Execution id="aec2f331-be42-4a30-86a5-9d81b9194f4f" />
      <TestMethod codeBase="C:\Projekty\MSTestProject\bin\Debug\netcoreapp3.1\MSTestProject.dll" adapterTypeName="executor://mstestadapter/v2" className="TwojeWesele.Services.Helpers.Tests.CurrencyHelperTests" name="FormatToStringTest1000" />
    </UnitTest>
    <UnitTest name="FormatToStringTest1000 (88616.03808168416,88616.04 zł)" storage="c:\projekty\mstestproject\bin\debug\netcoreapp3.1\mstestproject.dll" id="d4f05858-e408-4131-93eb-d0f897dd8e03">
      <TestCategory>
        <TestCategoryItem TestCategory="Category1000" />
      </TestCategory>
      <Execution id="8680204a-a069-4ab2-9ea2-c45dfb9de569" />
      <TestMethod codeBase="C:\Projekty\MSTestProject\bin\Debug\netcoreapp3.1\MSTestProject.dll" adapterTypeName="executor://mstestadapter/v2" className="TwojeWesele.Services.Helpers.Tests.CurrencyHelperTests" name="FormatToStringTest1000" />
    </UnitTest>
    <UnitTest name="FormatToStringTest1000 (57564.498126061866,57564.50 zł)" storage="c:\projekty\mstestproject\bin\debug\netcoreapp3.1\mstestproject.dll" id="9ef4211a-889a-4395-8a14-da2eec5fe55f">
      <TestCategory>
        <TestCategoryItem TestCategory="Category1000" />
      </TestCategory>
      <Execution id="fb525b6b-8fbf-4e32-a405-09760d8f3524" />
      <TestMethod codeBase="C:\Projekty\MSTestProject\bin\Debug\netcoreapp3.1\MSTestProject.dll" adapterTypeName="executor://mstestadapter/v2" className="TwojeWesele.Services.Helpers.Tests.CurrencyHelperTests" name="FormatToStringTest1000" />
    </UnitTest>
    <UnitTest name="FormatToStringTest1000 (18990.72499258012,18990.72 zł)" storage="c:\projekty\mstestproject\bin\debug\netcoreapp3.1\mstestproject.dll" id="8455633f-a432-492e-9d60-b5ae77039a6d">
      <TestCategory>
        <TestCategoryItem TestCategory="Category1000" />
      </TestCategory>
      <Execution id="90a82077-6640-45dd-9130-19bf26e02933" />
      <TestMethod codeBase="C:\Projekty\MSTestProject\bin\Debug\netcoreapp3.1\MSTestProject.dll" adapterTypeName="executor://mstestadapter/v2" className="TwojeWesele.Services.Helpers.Tests.CurrencyHelperTests" name="FormatToStringTest1000" />
    </UnitTest>
    <UnitTest name="FormatToStringTest1000 (57237.252356975456,57237.25 zł)" storage="c:\projekty\mstestproject\bin\debug\netcoreapp3.1\mstestproject.dll" id="e59b7dca-0b74-4fe4-97ee-3409e15f65e0">
      <TestCategory>
        <TestCategoryItem TestCategory="Category1000" />
      </TestCategory>
      <Execution id="d78a525a-5f82-42b9-a87d-58838d5c8af0" />
      <TestMethod codeBase="C:\Projekty\MSTestProject\bin\Debug\netcoreapp3.1\MSTestProject.dll" adapterTypeName="executor://mstestadapter/v2" className="TwojeWesele.Services.Helpers.Tests.CurrencyHelperTests" name="FormatToStringTest1000" />
    </UnitTest>
    <UnitTest name="FormatToStringTest1000 (9628.688698104437,9628.69 zł)" storage="c:\projekty\mstestproject\bin\debug\netcoreapp3.1\mstestproject.dll" id="56a4cba9-ef14-494b-942a-dfba2b83dfd3">
      <TestCategory>
        <TestCategoryItem TestCategory="Category1000" />
      </TestCategory>
      <Execution id="440137cc-64ea-4f15-93dd-1d414e3c79e0" />
      <TestMethod codeBase="C:\Projekty\MSTestProject\bin\Debug\netcoreapp3.1\MSTestProject.dll" adapterTypeName="executor://mstestadapter/v2" className="TwojeWesele.Services.Helpers.Tests.CurrencyHelperTests" name="FormatToStringTest1000" />
    </UnitTest>
    <UnitTest name="FormatToStringTest1000 (54724.71040318008,54724.71 zł)" storage="c:\projekty\mstestproject\bin\debug\netcoreapp3.1\mstestproject.dll" id="7311536d-8a3b-4ea4-b461-149ddb062c02">
      <TestCategory>
        <TestCategoryItem TestCategory="Category1000" />
      </TestCategory>
      <Execution id="50081cc4-a4ad-4d13-bc11-9a9a94d3baab" />
      <TestMethod codeBase="C:\Projekty\MSTestProject\bin\Debug\netcoreapp3.1\MSTestProject.dll" adapterTypeName="executor://mstestadapter/v2" className="TwojeWesele.Services.Helpers.Tests.CurrencyHelperTests" name="FormatToStringTest1000" />
    </UnitTest>
    <UnitTest name="FormatToStringTest1000 (68174.53068551492,68174.53 zł)" storage="c:\projekty\mstestproject\bin\debug\netcoreapp3.1\mstestproject.dll" id="8cef33b0-384d-43e7-84f4-ecbef17fbd1e">
      <TestCategory>
        <TestCategoryItem TestCategory="Category1000" />
      </TestCategory>
      <Execution id="3cc886a5-000b-4fa3-97df-b062e65c7670" />
      <TestMethod codeBase="C:\Projekty\MSTestProject\bin\Debug\netcoreapp3.1\MSTestProject.dll" adapterTypeName="executor://mstestadapter/v2" className="TwojeWesele.Services.Helpers.Tests.CurrencyHelperTests" name="FormatToStringTest1000" />
    </UnitTest>
    <UnitTest name="FormatToStringTest1000 (26945.125386551546,26945.13 zł)" storage="c:\projekty\mstestproject\bin\debug\netcoreapp3.1\mstestproject.dll" id="1171a2e8-2b4a-409f-b726-39b44513a0c3">
      <TestCategory>
        <TestCategoryItem TestCategory="Category1000" />
      </TestCategory>
      <Execution id="d857ba35-0218-4f20-9007-f0c99913812f" />
      <TestMethod codeBase="C:\Projekty\MSTestProject\bin\Debug\netcoreapp3.1\MSTestProject.dll" adapterTypeName="executor://mstestadapter/v2" className="TwojeWesele.Services.Helpers.Tests.CurrencyHelperTests" name="FormatToStringTest1000" />
    </UnitTest>
    <UnitTest name="FormatToStringTest1000 (964.9678631783313,964.97 zł)" storage="c:\projekty\mstestproject\bin\debug\netcoreapp3.1\mstestproject.dll" id="37d6134e-eb9b-48bf-b762-4cc29e50126c">
      <TestCategory>
        <TestCategoryItem TestCategory="Category1000" />
      </TestCategory>
      <Execution id="dea98c74-a506-436e-a24f-ce476b2f4d2b" />
      <TestMethod codeBase="C:\Projekty\MSTestProject\bin\Debug\netcoreapp3.1\MSTestProject.dll" adapterTypeName="executor://mstestadapter/v2" className="TwojeWesele.Services.Helpers.Tests.CurrencyHelperTests" name="FormatToStringTest1000" />
    </UnitTest>
    <UnitTest name="FormatToStringTest1000 (26686.08488193065,26686.08 zł)" storage="c:\projekty\mstestproject\bin\debug\netcoreapp3.1\mstestproject.dll" id="3dc774ff-d4bd-4034-b240-aecf10047bd8">
      <TestCategory>
        <TestCategoryItem TestCategory="Category1000" />
      </TestCategory>
      <Execution id="23349b26-3ed2-4614-a931-78db553da659" />
      <TestMethod codeBase="C:\Projekty\MSTestProject\bin\Debug\netcoreapp3.1\MSTestProject.dll" adapterTypeName="executor://mstestadapter/v2" className="TwojeWesele.Services.Helpers.Tests.CurrencyHelperTests" name="FormatToStringTest1000" />
    </UnitTest>
    <UnitTest name="FormatToStringTest1000 (4025.728369236797,4025.73 zł)" storage="c:\projekty\mstestproject\bin\debug\netcoreapp3.1\mstestproject.dll" id="54f35a1b-f486-4747-b867-e7d60c403a26">
      <TestCategory>
        <TestCategoryItem TestCategory="Category1000" />
      </TestCategory>
      <Execution id="1b4a882c-1a3b-424e-9535-be4c4a56a00c" />
      <TestMethod codeBase="C:\Projekty\MSTestProject\bin\Debug\netcoreapp3.1\MSTestProject.dll" adapterTypeName="executor://mstestadapter/v2" className="TwojeWesele.Services.Helpers.Tests.CurrencyHelperTests" name="FormatToStringTest1000" />
    </UnitTest>
    <UnitTest name="FormatToStringTest1000 (5961.755129208674,5961.76 zł)" storage="c:\projekty\mstestproject\bin\debug\netcoreapp3.1\mstestproject.dll" id="7130d812-d37e-40fc-a459-f4fa6a694a32">
      <TestCategory>
        <TestCategoryItem TestCategory="Category1000" />
      </TestCategory>
      <Execution id="9d1b04bb-098c-486c-bd62-5bc34f86db98" />
      <TestMethod codeBase="C:\Projekty\MSTestProject\bin\Debug\netcoreapp3.1\MSTestProject.dll" adapterTypeName="executor://mstestadapter/v2" className="TwojeWesele.Services.Helpers.Tests.CurrencyHelperTests" name="FormatToStringTest1000" />
    </UnitTest>
  </TestDefinitions>
  <TestEntries>
    <TestEntry testId="b865bb60-6fc5-41eb-82ce-10b502b47c02" executionId="134a4337-c693-4d97-a36f-72c1736e4827" testListId="8c84fa94-04c1-424b-9868-57a2d4851a1d" />
    <TestEntry testId="0745d129-ac0d-4849-9d66-3ff95607e6af" executionId="5ef83aac-4ecd-40ca-aba9-50ec314e8046" testListId="8c84fa94-04c1-424b-9868-57a2d4851a1d" />
    <TestEntry testId="031d0cc9-2ca2-4db4-a245-8bda94a61780" executionId="c92b977b-43af-445b-aa2e-34ae09a5eb00" testListId="8c84fa94-04c1-424b-9868-57a2d4851a1d" />
    <TestEntry testId="b1c0997f-b5c8-4c19-80af-07d17c961b75" executionId="625c05df-f932-47c0-bedd-4811f4b2f8f1" testListId="8c84fa94-04c1-424b-9868-57a2d4851a1d" />
    <TestEntry testId="6bfb0e5d-88d3-4387-bb6b-f72b6fe85871" executionId="4497d1e0-55d0-4fd6-8422-3059d9a73d70" testListId="8c84fa94-04c1-424b-9868-57a2d4851a1d" />
    <TestEntry testId="9b49b7d1-ce72-4365-be07-6a2d07e559fa" executionId="35b81bf7-e3d4-4e42-80fb-6fc552404a8f" testListId="8c84fa94-04c1-424b-9868-57a2d4851a1d" />
    <TestEntry testId="87e0c0cb-9a81-4521-996a-ced02c55180b" executionId="0ce734fd-5fed-49cb-85bf-55590fb9aec3" testListId="8c84fa94-04c1-424b-9868-57a2d4851a1d" />
    <TestEntry testId="28eb24f4-bafb-44a7-99fa-f61fb0e50f2e" executionId="67f3813b-9fc1-4137-aa04-a1d1841d3c7a" testListId="8c84fa94-04c1-424b-9868-57a2d4851a1d" />
    <TestEntry testId="f4539ea7-d25b-4282-8d4b-ded3dbe31216" executionId="b4580b85-ac05-4d31-8cba-0fefd6523566" testListId="8c84fa94-04c1-424b-9868-57a2d4851a1d" />
    <TestEntry testId="6aeccdbd-c643-4a75-bded-31a59eb2c681" executionId="dc658321-4842-43b2-8971-391eb399f4c2" testListId="8c84fa94-04c1-424b-9868-57a2d4851a1d" />
    <TestEntry testId="64eb9442-8274-4444-a06c-81cdcb9561af" executionId="07d8c791-8f69-403b-a056-f8799c2aac26" testListId="8c84fa94-04c1-424b-9868-57a2d4851a1d" />
    <TestEntry testId="b54bf47e-3587-4669-8f37-9b214ea84a23" executionId="3ec95459-3f59-4f90-9d49-f2291f3e16b1" testListId="8c84fa94-04c1-424b-9868-57a2d4851a1d" />
    <TestEntry testId="70441fc1-39db-4f87-a6a7-e7ef21ec5612" executionId="1140d37c-50b1-453e-93d8-072cba5a0f0d" testListId="8c84fa94-04c1-424b-9868-57a2d4851a1d" />
    <TestEntry testId="ff5d854d-3c69-45f1-b6d0-5234bc7fb8e9" executionId="a3173df7-cbdc-4d84-90d7-b959a76bccd4" testListId="8c84fa94-04c1-424b-9868-57a2d4851a1d" />
    <TestEntry testId="c85db8f4-0144-4f30-877f-7e539c13a3d2" executionId="11a650fd-aaa8-43c1-b3a8-d7fea12b3af0" testListId="8c84fa94-04c1-424b-9868-57a2d4851a1d" />
    <TestEntry testId="9ef4211a-889a-4395-8a14-da2eec5fe55f" executionId="fb525b6b-8fbf-4e32-a405-09760d8f3524" testListId="8c84fa94-04c1-424b-9868-57a2d4851a1d" />
    <TestEntry testId="6f0ce55a-f2fa-42ef-9608-ec1939cd441e" executionId="d7e1c0b1-ed16-4395-9007-480bd33d403b" testListId="8c84fa94-04c1-424b-9868-57a2d4851a1d" />
    <TestEntry testId="ab787567-176d-4e77-9ec6-4653d12afff2" executionId="f97c5c3a-7b42-4b11-b310-d7141499cd62" testListId="8c84fa94-04c1-424b-9868-57a2d4851a1d" />
    <TestEntry testId="c8a6c9f3-174a-45fd-88fb-c5d7c2fb7e69" executionId="bda82709-6823-4062-94b4-dc5855a5587e" testListId="8c84fa94-04c1-424b-9868-57a2d4851a1d" />
    <TestEntry testId="54f35a1b-f486-4747-b867-e7d60c403a26" executionId="1b4a882c-1a3b-424e-9535-be4c4a56a00c" testListId="8c84fa94-04c1-424b-9868-57a2d4851a1d" />
    <TestEntry testId="1f14b3aa-bdc3-442f-bef3-fb182d90088f" executionId="ca8584cf-0cdd-415b-8934-f23bac1676ee" testListId="8c84fa94-04c1-424b-9868-57a2d4851a1d" />
    <TestEntry testId="96dec171-4e30-45a8-b1cf-5ed8b085b4d3" executionId="0f61b6b8-f239-40e3-a041-1b7f7bd888b3" testListId="8c84fa94-04c1-424b-9868-57a2d4851a1d" />
    <TestEntry testId="2fec58a9-9810-4470-a264-2f12fe9bbf21" executionId="737db9d0-c45b-4b49-a5d7-7e9d9ca7ed66" testListId="8c84fa94-04c1-424b-9868-57a2d4851a1d" />
    <TestEntry testId="34616419-ce25-4736-895a-5e2675dd37e3" executionId="5b596c32-a1db-43d0-a15b-0a01d78ac51d" testListId="8c84fa94-04c1-424b-9868-57a2d4851a1d" />
    <TestEntry testId="36cb164e-008f-478f-8bc7-137d3e769ea4" executionId="673c880e-4ff9-46a0-85c4-ba178c48fcb5" testListId="8c84fa94-04c1-424b-9868-57a2d4851a1d" />
    <TestEntry testId="c84149aa-7345-4f58-ad72-d95f633fd928" executionId="f1d4ff03-f3b6-4f03-bd00-4215588da9bd" testListId="8c84fa94-04c1-424b-9868-57a2d4851a1d" />
    <TestEntry testId="e43185ea-4896-4edb-bb48-99308337f104" executionId="483dcd0c-545a-4a3d-af31-88c2a2fa8aaf" testListId="8c84fa94-04c1-424b-9868-57a2d4851a1d" />
    <TestEntry testId="b7d3a3fd-e401-435b-97a1-cfdbcd7e9e4b" executionId="1312c0ed-09b9-4063-bb65-bc7f7b3a574d" testListId="8c84fa94-04c1-424b-9868-57a2d4851a1d" />
    <TestEntry testId="cbac8fce-9912-45fb-945e-7f90d1249e43" executionId="893eabda-0568-4759-aa9f-100aa0e39376" testListId="8c84fa94-04c1-424b-9868-57a2d4851a1d" />
    <TestEntry testId="eeb80eb9-10a1-4c74-9cbb-9653d9857fff" executionId="a884ec80-162d-44ed-b943-ba131f6714e2" testListId="8c84fa94-04c1-424b-9868-57a2d4851a1d" />
    <TestEntry testId="de52eeb5-dc1b-484a-ad0e-58da9301e7d6" executionId="aec2f331-be42-4a30-86a5-9d81b9194f4f" testListId="8c84fa94-04c1-424b-9868-57a2d4851a1d" />
    <TestEntry testId="217eea6b-a2dc-4ba5-9409-9575fab3a7f4" executionId="6e6d6790-099e-42a8-abaf-2d786b5e5068" testListId="8c84fa94-04c1-424b-9868-57a2d4851a1d" />
    <TestEntry testId="c5900ecc-18b9-4345-99bc-906b0b3c2724" executionId="d17c3b41-63e9-4d9a-903d-857fd7e97890" testListId="8c84fa94-04c1-424b-9868-57a2d4851a1d" />
    <TestEntry testId="f29b3a30-9954-45e6-9f57-3bcd610e6c63" executionId="d9bb05b9-f7c0-4f74-865d-ab97dfd3b5f8" testListId="8c84fa94-04c1-424b-9868-57a2d4851a1d" />
    <TestEntry testId="d8b5a4e5-2013-440f-a1ed-58c6f2a345cc" executionId="d7d74280-8930-4b02-8d70-857379118fa6" testListId="8c84fa94-04c1-424b-9868-57a2d4851a1d" />
    <TestEntry testId="130795c3-e67a-41b9-bfc1-8b8c28cd0624" executionId="b6616730-4009-4cd4-8773-be5e080acf7b" testListId="8c84fa94-04c1-424b-9868-57a2d4851a1d" />
    <TestEntry testId="ba748f70-21d4-4a8b-9fad-8c44d898e2da" executionId="587331c4-6605-43eb-b6ea-24a9104acb17" testListId="8c84fa94-04c1-424b-9868-57a2d4851a1d" />
    <TestEntry testId="4f3b211c-36b5-4e34-9eea-e663e7f1c4f0" executionId="f904f7ae-cd81-485c-a517-248ea9712d2c" testListId="8c84fa94-04c1-424b-9868-57a2d4851a1d" />
    <TestEntry testId="0947d0ee-c4b3-45c1-8144-8f05bb3cc87d" executionId="c6cc0d56-cf71-4f1f-b14a-7ed44cd9befc" testListId="8c84fa94-04c1-424b-9868-57a2d4851a1d" />
    <TestEntry testId="f77d03a6-e8a7-498e-8527-63bf6858b634" executionId="8915a747-7160-4640-9782-9eb5598a9cb2" testListId="8c84fa94-04c1-424b-9868-57a2d4851a1d" />
    <TestEntry testId="78a2648d-c67e-4445-87af-336e14cb3ea6" executionId="80db8a79-bcf1-4df0-b2c8-b69d06718294" testListId="8c84fa94-04c1-424b-9868-57a2d4851a1d" />
    <TestEntry testId="18bb3757-86d7-4504-a157-c9c52df03ba2" executionId="c4741b34-7e79-4d35-86a8-a972ad49ac3f" testListId="8c84fa94-04c1-424b-9868-57a2d4851a1d" />
    <TestEntry testId="51378de9-66d9-4359-a0e0-d1e068c56184" executionId="1405e6c3-5e80-486c-8cc9-0d51af7df0e3" testListId="8c84fa94-04c1-424b-9868-57a2d4851a1d" />
    <TestEntry testId="2b4f55cd-dc85-4db6-8a3a-31f6e7fb0be4" executionId="f6a5148d-8792-4f41-bf57-c772ee10f9b8" testListId="8c84fa94-04c1-424b-9868-57a2d4851a1d" />
    <TestEntry testId="b2efc311-1148-4526-896f-a40e5a573cd3" executionId="673f6db9-f6f3-4fa5-b404-bb4a3e807294" testListId="8c84fa94-04c1-424b-9868-57a2d4851a1d" />
    <TestEntry testId="ac33f68e-c01a-4b07-90fe-11f3bca3da35" executionId="0effbb33-6179-4c60-9b27-e8d058133725" testListId="8c84fa94-04c1-424b-9868-57a2d4851a1d" />
    <TestEntry testId="49286ccd-12ef-415e-8331-65fe39e47d9c" executionId="b1871940-d8d1-4ed2-8cc1-135180b55a52" testListId="8c84fa94-04c1-424b-9868-57a2d4851a1d" />
    <TestEntry testId="7d219444-c9c5-4633-8c27-e3f5528ec7a8" executionId="e93512df-c70e-453b-91e9-b7366e43a44f" testListId="8c84fa94-04c1-424b-9868-57a2d4851a1d" />
    <TestEntry testId="799c2eba-fb6f-4e13-88d3-9338aba5bbb3" executionId="2cde098a-b2a3-47dd-9980-c80149898777" testListId="8c84fa94-04c1-424b-9868-57a2d4851a1d" />
    <TestEntry testId="227c561c-3c2d-40aa-99e3-b7e43fa3984b" executionId="590cd5f1-006b-4d7c-b31a-aa813e6d93c6" testListId="8c84fa94-04c1-424b-9868-57a2d4851a1d" />
    <TestEntry testId="33e3678c-f712-42ec-b204-2d729437e1e7" executionId="9683d8b0-90e3-4f06-9e08-a3fcb87e77c7" testListId="8c84fa94-04c1-424b-9868-57a2d4851a1d" />
    <TestEntry testId="bfca6dbb-2755-4c22-8c82-de514b14138f" executionId="f5386835-9500-4845-b3dd-a17c012368cf" testListId="8c84fa94-04c1-424b-9868-57a2d4851a1d" />
    <TestEntry testId="c54efcae-bea9-4eb9-907f-5f283b3b6776" executionId="e8cc3e15-5709-44f0-9334-cf26e281b6c9" testListId="8c84fa94-04c1-424b-9868-57a2d4851a1d" />
    <TestEntry testId="f8dc91fd-9457-4fb2-acd0-4c042c25f4ec" executionId="0908652d-2687-4879-8121-c7d0c639459a" testListId="8c84fa94-04c1-424b-9868-57a2d4851a1d" />
    <TestEntry testId="bd910869-22e2-4c0c-9e2e-1bdd15ea0e74" executionId="a986daec-9a17-4db2-80bf-629f34d84e6f" testListId="8c84fa94-04c1-424b-9868-57a2d4851a1d" />
    <TestEntry testId="46ac7366-9d9c-462e-a3d7-dc5c611ddc54" executionId="2bba1058-3fa3-4309-8740-0357af005d75" testListId="8c84fa94-04c1-424b-9868-57a2d4851a1d" />
    <TestEntry testId="d249fed4-26e6-4e0a-b6c7-03674ccbd617" executionId="f44a32de-16fe-42f7-bd59-481d49213c97" testListId="8c84fa94-04c1-424b-9868-57a2d4851a1d" />
    <TestEntry testId="e8465b45-3429-4696-b8b3-ed6326aa2d32" executionId="96c514b9-9b66-495e-bdd5-f34622c6d9d9" testListId="8c84fa94-04c1-424b-9868-57a2d4851a1d" />
    <TestEntry testId="9ce75941-f683-4420-89f5-34977e141565" executionId="8c94a134-97ce-4c9c-896c-46a78f57744c" testListId="8c84fa94-04c1-424b-9868-57a2d4851a1d" />
    <TestEntry testId="c66aa067-51dc-4203-9202-90311542fe1d" executionId="860ecd1b-9301-4aca-8d65-2d48273ec7ce" testListId="8c84fa94-04c1-424b-9868-57a2d4851a1d" />
    <TestEntry testId="919a60cf-dc08-40f6-9cad-23e4aee12ad2" executionId="b399cd4a-1f6b-456f-8d15-f59f728a42f5" testListId="8c84fa94-04c1-424b-9868-57a2d4851a1d" />
    <TestEntry testId="af0fb036-5606-4ff8-8188-afc3744a6081" executionId="1d55a2fe-5343-46b8-9f7a-610c552248d7" testListId="8c84fa94-04c1-424b-9868-57a2d4851a1d" />
    <TestEntry testId="68bedbbd-5857-4c53-8912-9275923deefe" executionId="31a6bf4b-1c0f-41a7-a969-e06439d61a9a" testListId="8c84fa94-04c1-424b-9868-57a2d4851a1d" />
    <TestEntry testId="78d291b7-51dc-4ca4-9f8d-a63f2732e7b7" executionId="66f78dbb-346e-46d2-bb99-b34d962dcab5" testListId="8c84fa94-04c1-424b-9868-57a2d4851a1d" />
    <TestEntry testId="4b57eeb5-28cf-4ed9-9334-3b372884350c" executionId="c0decb26-c255-4adf-aff6-41de589a8ed9" testListId="8c84fa94-04c1-424b-9868-57a2d4851a1d" />
    <TestEntry testId="fa2e18da-9202-4b76-a5f9-b79c16bc6e26" executionId="af8f47bb-1445-4bcb-9b35-9ddf6fdf8a9f" testListId="8c84fa94-04c1-424b-9868-57a2d4851a1d" />
    <TestEntry testId="5c048b26-0fb0-4dab-a30b-cb201c5e652b" executionId="1b44f8fc-2864-4f23-b718-0d35e581b82a" testListId="8c84fa94-04c1-424b-9868-57a2d4851a1d" />
    <TestEntry testId="d480424f-7f5e-4f3d-95fb-a3ec61cc1c0c" executionId="678ddc61-6f0d-4533-8ec2-1801776a7df5" testListId="8c84fa94-04c1-424b-9868-57a2d4851a1d" />
    <TestEntry testId="417ee05b-6fdd-4a66-a4d8-c6694e560aa0" executionId="2d6711cb-15fc-4745-bee1-e61cca5ad3e7" testListId="8c84fa94-04c1-424b-9868-57a2d4851a1d" />
    <TestEntry testId="9aebed6f-5172-4541-ad3a-6351ae8acd8f" executionId="ffe58020-64f0-4011-b606-adb331605962" testListId="8c84fa94-04c1-424b-9868-57a2d4851a1d" />
    <TestEntry testId="5af4b7f2-4e85-4530-b560-8566e235fa0d" executionId="2a898cf9-71b5-4258-904b-7d257543f397" testListId="8c84fa94-04c1-424b-9868-57a2d4851a1d" />
    <TestEntry testId="fea4b1cd-0540-4116-b52f-dbabf05451a7" executionId="6e12f51f-f847-4e9d-b0f8-fb5ad4420f12" testListId="8c84fa94-04c1-424b-9868-57a2d4851a1d" />
    <TestEntry testId="85c570b9-e7ee-47a1-80a6-12b33c1e2863" executionId="521fb4a1-2618-4194-9f19-45df34734198" testListId="8c84fa94-04c1-424b-9868-57a2d4851a1d" />
    <TestEntry testId="46512d6f-8d27-4c5c-846e-800a1e43505d" executionId="a0749890-e7d4-4341-a976-a66e8ff47120" testListId="8c84fa94-04c1-424b-9868-57a2d4851a1d" />
    <TestEntry testId="e0459d10-008f-44fd-b442-56c3d9886b0d" executionId="2ed2070d-9c80-40fb-9d22-cf31a8397e7a" testListId="8c84fa94-04c1-424b-9868-57a2d4851a1d" />
    <TestEntry testId="c94dc9f3-757f-4d10-93a7-b4288f830c46" executionId="de878dce-5d6e-4222-b027-298a13fa7ca0" testListId="8c84fa94-04c1-424b-9868-57a2d4851a1d" />
    <TestEntry testId="65b2d532-0677-4fae-a773-ad815721b112" executionId="9a469518-220e-4010-aed4-dffc7821dac9" testListId="8c84fa94-04c1-424b-9868-57a2d4851a1d" />
    <TestEntry testId="b5d25909-9626-4215-9dba-36e65d8af5d2" executionId="2125c5d3-3f97-416c-8dd2-a5dae1cb7ecb" testListId="8c84fa94-04c1-424b-9868-57a2d4851a1d" />
    <TestEntry testId="fd5667c9-2383-4aa4-945c-7e26e12d3d82" executionId="fcefddbf-e7c1-4cbd-9ffc-ec28b97edaa7" testListId="8c84fa94-04c1-424b-9868-57a2d4851a1d" />
    <TestEntry testId="1240c27b-5c31-415a-bfd8-1017275f7bbd" executionId="b6895c21-58be-427f-bd95-a826b3fe52bd" testListId="8c84fa94-04c1-424b-9868-57a2d4851a1d" />
    <TestEntry testId="b88a4584-bd7f-41bc-9046-3bb4af10c2b0" executionId="47e8908b-fda7-4ffd-b3ab-8f005284671f" testListId="8c84fa94-04c1-424b-9868-57a2d4851a1d" />
    <TestEntry testId="56ae8c71-147b-429e-8480-d1909934b21f" executionId="8250011f-4110-4b8a-84e9-322eea9d2657" testListId="8c84fa94-04c1-424b-9868-57a2d4851a1d" />
    <TestEntry testId="78151aa9-47ec-4006-8f9e-ada8a4810281" executionId="6d2d1dce-84a3-4562-876f-96672951cf83" testListId="8c84fa94-04c1-424b-9868-57a2d4851a1d" />
    <TestEntry testId="2332eb3a-fa89-4ae5-a29a-44cb0db163da" executionId="da86e56a-af5a-4cf0-bcf4-53b3d77041b4" testListId="8c84fa94-04c1-424b-9868-57a2d4851a1d" />
    <TestEntry testId="40255023-51e6-4ba2-956c-fddb074ed0ad" executionId="15be6398-1aa1-4ad3-ac6f-2509178e18c5" testListId="8c84fa94-04c1-424b-9868-57a2d4851a1d" />
    <TestEntry testId="b0b685de-e56d-4d53-8115-597da4630c13" executionId="e7db257b-aace-4724-9d63-1235f2222525" testListId="8c84fa94-04c1-424b-9868-57a2d4851a1d" />
    <TestEntry testId="008afa78-9bc2-4fc7-b655-81662945edaf" executionId="3db79386-3ce3-4466-84de-ef71295d2130" testListId="8c84fa94-04c1-424b-9868-57a2d4851a1d" />
    <TestEntry testId="21afe004-c45a-41c6-ba69-84fb02bbb1be" executionId="d20d7e55-9144-4296-b224-7efd1d0711c4" testListId="8c84fa94-04c1-424b-9868-57a2d4851a1d" />
    <TestEntry testId="812d610d-8cc2-489f-9e4b-adb5b9bbf20c" executionId="07c50df1-41b3-46fa-9cc0-0662ffe2a478" testListId="8c84fa94-04c1-424b-9868-57a2d4851a1d" />
    <TestEntry testId="a3de864d-22af-4616-973b-c6986229d088" executionId="29d0baea-9172-4a91-b5f5-75d2ae983d1c" testListId="8c84fa94-04c1-424b-9868-57a2d4851a1d" />
    <TestEntry testId="b720b8e8-bfbe-4faa-98a9-11b094c02575" executionId="208ee717-e182-4ddc-b5ea-bdeb922feed9" testListId="8c84fa94-04c1-424b-9868-57a2d4851a1d" />
    <TestEntry testId="8b68366d-9983-4227-835e-083f7d4c5cd6" executionId="e9d020d8-2f99-41ee-95fe-6afa87f4dbf6" testListId="8c84fa94-04c1-424b-9868-57a2d4851a1d" />
    <TestEntry testId="04c67ab0-db59-4ae5-a9a5-47cf27dedd21" executionId="abd5e80b-a60c-482f-a7c2-ce30aa66b6cd" testListId="8c84fa94-04c1-424b-9868-57a2d4851a1d" />
    <TestEntry testId="180bdce5-cec0-4fec-9bf0-159bb1b9ec57" executionId="f76342c3-2445-4499-8db4-f68b6864815f" testListId="8c84fa94-04c1-424b-9868-57a2d4851a1d" />
    <TestEntry testId="1b9a0649-4138-4c84-a85b-a1be42f4e581" executionId="9e4154ce-f4f3-4c8f-b9af-24f8071089a8" testListId="8c84fa94-04c1-424b-9868-57a2d4851a1d" />
    <TestEntry testId="df6811a5-f98a-4af0-ad5f-b043e82b88a9" executionId="e8c483ed-db14-4a34-a3c4-f422ccbbb331" testListId="8c84fa94-04c1-424b-9868-57a2d4851a1d" />
    <TestEntry testId="b59ec8fe-075e-4699-9007-822e46f38b06" executionId="7b6f86b6-2216-4c41-9a2e-132b642e958d" testListId="8c84fa94-04c1-424b-9868-57a2d4851a1d" />
    <TestEntry testId="9fb8a9e0-2321-47e6-92ce-fb67032e4997" executionId="1d8a8180-bdf5-48f3-abbf-08891eacf2af" testListId="8c84fa94-04c1-424b-9868-57a2d4851a1d" />
    <TestEntry testId="c6c5d8ca-24a5-4360-a2a1-d40a487d3ac9" executionId="331be271-06d2-4fd7-bd20-ba6bb6d650f5" testListId="8c84fa94-04c1-424b-9868-57a2d4851a1d" />
    <TestEntry testId="7f279ff2-6690-41f2-8a0d-4271d64e8e3c" executionId="54dc6205-1767-4f1d-b22c-e6847433aa4d" testListId="8c84fa94-04c1-424b-9868-57a2d4851a1d" />
    <TestEntry testId="6c857f33-a9a6-44fa-9be3-21b8151a6552" executionId="e2314134-f921-49c6-80d9-c7c5ed7f3d20" testListId="8c84fa94-04c1-424b-9868-57a2d4851a1d" />
    <TestEntry testId="4133be65-b186-4b0b-b846-dcabe234356e" executionId="24f2d68e-870d-4416-be02-899f048a96a9" testListId="8c84fa94-04c1-424b-9868-57a2d4851a1d" />
    <TestEntry testId="d87077d4-c145-45b7-b77b-a03fa4f1d489" executionId="6a3fd391-247a-4829-ba43-77aaaf8f4e34" testListId="8c84fa94-04c1-424b-9868-57a2d4851a1d" />
    <TestEntry testId="fda2b762-a0fc-490c-87f4-005ec70b36e6" executionId="1cbc1c42-903b-484a-924a-606141d338f4" testListId="8c84fa94-04c1-424b-9868-57a2d4851a1d" />
    <TestEntry testId="97e96c12-0226-4350-8c2b-dfab14a3065a" executionId="8a488cbe-3dfb-4170-a1a7-d7aaaa92e760" testListId="8c84fa94-04c1-424b-9868-57a2d4851a1d" />
    <TestEntry testId="f7333b3b-4b85-4df6-a3c7-b25bcca2edc6" executionId="f48ba648-4bb1-41e6-9fdc-c80b08b9e317" testListId="8c84fa94-04c1-424b-9868-57a2d4851a1d" />
    <TestEntry testId="0fb149f2-57a7-448f-9322-6397fbf033fa" executionId="76fd7dba-4e21-4964-bfd3-6c902588c52c" testListId="8c84fa94-04c1-424b-9868-57a2d4851a1d" />
    <TestEntry testId="a66a5301-fa1c-449b-b2cb-51a21b02a48d" executionId="8c02bc9b-9c74-4b17-8c85-943da6eb8df4" testListId="8c84fa94-04c1-424b-9868-57a2d4851a1d" />
    <TestEntry testId="5359264b-4c2e-4830-af7b-e7f29b179358" executionId="1ea760ba-58d5-4902-8f8d-95eca4a78b20" testListId="8c84fa94-04c1-424b-9868-57a2d4851a1d" />
    <TestEntry testId="2488336e-4bdc-4619-82b4-bc4fa5a7cae9" executionId="b9c3b796-07e0-4c93-b3b0-851b3de3692a" testListId="8c84fa94-04c1-424b-9868-57a2d4851a1d" />
    <TestEntry testId="2fe87187-3d43-45f3-b388-9c17979568ef" executionId="5af4386f-740c-4066-9af5-bdb4f40fc3c1" testListId="8c84fa94-04c1-424b-9868-57a2d4851a1d" />
    <TestEntry testId="69793664-f8bd-45f7-8a52-fc0184c050e3" executionId="03e3d132-2589-4e12-96aa-0dfb5563e39c" testListId="8c84fa94-04c1-424b-9868-57a2d4851a1d" />
    <TestEntry testId="48c37ac1-6105-428a-8e7f-d53d79cc3b7b" executionId="edc56c2c-aea3-4222-ad7c-1101f6230d40" testListId="8c84fa94-04c1-424b-9868-57a2d4851a1d" />
    <TestEntry testId="d9f4c8fd-0e6e-482b-ac0e-dd72d5181e2a" executionId="c7ba7d9d-a72e-4da1-82fa-59c1185d63e7" testListId="8c84fa94-04c1-424b-9868-57a2d4851a1d" />
    <TestEntry testId="65d7c69e-ec4d-4fce-a1e2-1eeb4843e31a" executionId="7f4225fd-5cdb-496c-9ca5-53128f2abb36" testListId="8c84fa94-04c1-424b-9868-57a2d4851a1d" />
    <TestEntry testId="f6d88007-f080-45fc-83be-99dfbc469abf" executionId="5746ff83-b719-4714-89e3-ff3e3af150bf" testListId="8c84fa94-04c1-424b-9868-57a2d4851a1d" />
    <TestEntry testId="c771bc5c-e8b1-4deb-9430-ccbd1e55028a" executionId="9244b878-4ab6-4064-99a2-b910c4731b40" testListId="8c84fa94-04c1-424b-9868-57a2d4851a1d" />
    <TestEntry testId="a727c8b5-5a39-4435-b364-9cd4f70dfc1c" executionId="8fea421b-cbd6-4545-a94c-25ef9b41f88b" testListId="8c84fa94-04c1-424b-9868-57a2d4851a1d" />
    <TestEntry testId="3bf19e87-77d1-4a2e-bb49-8d69c3d5d74d" executionId="0b75bdec-03e1-46b1-8c96-de2c52b9c210" testListId="8c84fa94-04c1-424b-9868-57a2d4851a1d" />
    <TestEntry testId="7a348346-f183-4c73-80c0-f86e36bcf50a" executionId="4e4c3762-6070-4f6a-89e9-724054803bfd" testListId="8c84fa94-04c1-424b-9868-57a2d4851a1d" />
    <TestEntry testId="0dea20b5-4b08-4a4b-b0be-15321f1cc585" executionId="c105738c-8bdb-46ef-be49-1c74debd391c" testListId="8c84fa94-04c1-424b-9868-57a2d4851a1d" />
    <TestEntry testId="100a2caa-6e54-4e73-9397-708e4f162f1d" executionId="a759504c-20ae-47b6-8365-1f878b56eca7" testListId="8c84fa94-04c1-424b-9868-57a2d4851a1d" />
    <TestEntry testId="e6466da3-dfb3-44bd-a527-0b4b5d392b66" executionId="35983994-b196-445c-a781-f46c5f498474" testListId="8c84fa94-04c1-424b-9868-57a2d4851a1d" />
    <TestEntry testId="cdfb3bdd-5f54-49e7-b746-792a617a7a29" executionId="e2c2926e-ca32-4f40-8ae8-6d0c5f396cec" testListId="8c84fa94-04c1-424b-9868-57a2d4851a1d" />
    <TestEntry testId="9aee12a4-aaf8-4d7f-8c34-57fb4770fcc1" executionId="b3533b21-3a88-48c5-ac4b-9ee2f8fce46f" testListId="8c84fa94-04c1-424b-9868-57a2d4851a1d" />
    <TestEntry testId="c575852b-2f85-4d62-8f20-4a836bc0ff1d" executionId="f59b65d2-86b2-4d1f-a208-cf58ea327fa8" testListId="8c84fa94-04c1-424b-9868-57a2d4851a1d" />
    <TestEntry testId="4c895aaa-876c-4ec5-9f0d-0dff83ac21a4" executionId="74437251-dc9c-4c97-bece-b3255e2c6574" testListId="8c84fa94-04c1-424b-9868-57a2d4851a1d" />
    <TestEntry testId="1cc32884-3d2d-4b6f-a356-acaeb7a4e781" executionId="a52ffcb9-d4d0-432f-8601-1517a8c9fc67" testListId="8c84fa94-04c1-424b-9868-57a2d4851a1d" />
    <TestEntry testId="e585891a-3729-433b-89e9-1056fd6d5ea6" executionId="a69159fb-6e44-487d-8a14-a3b3c449f55e" testListId="8c84fa94-04c1-424b-9868-57a2d4851a1d" />
    <TestEntry testId="7bfddc0d-af95-4a0f-9d73-1ac6bd010b60" executionId="bf472cc1-a5b3-4f80-9eba-30063beb4410" testListId="8c84fa94-04c1-424b-9868-57a2d4851a1d" />
    <TestEntry testId="2b4f0006-87f8-488c-9902-b4a95b3db8dc" executionId="82c3bb47-e9e4-4805-a6cb-cf34cbdd1d89" testListId="8c84fa94-04c1-424b-9868-57a2d4851a1d" />
    <TestEntry testId="48b89fa9-f6c2-4c5b-962f-db530627c1c6" executionId="a97825f6-cdce-448f-bdbb-1f3e1439f08a" testListId="8c84fa94-04c1-424b-9868-57a2d4851a1d" />
    <TestEntry testId="6df27728-acad-4738-a6dc-d0713e5bc431" executionId="5090fdc4-e77e-44c8-8d3f-26406bfa89cf" testListId="8c84fa94-04c1-424b-9868-57a2d4851a1d" />
    <TestEntry testId="c63be9fe-4c5b-4868-aa68-8389786fbfae" executionId="e3445350-4813-4945-963a-29c2f07cc591" testListId="8c84fa94-04c1-424b-9868-57a2d4851a1d" />
    <TestEntry testId="81cb4131-8dcf-48dd-910e-716199325556" executionId="aec8840b-93da-4537-98ba-2000462253d1" testListId="8c84fa94-04c1-424b-9868-57a2d4851a1d" />
    <TestEntry testId="0dac3181-03dc-4e04-821c-4e49b85b1315" executionId="62aa7c2d-4c41-4caa-b031-fade2fdd55e0" testListId="8c84fa94-04c1-424b-9868-57a2d4851a1d" />
    <TestEntry testId="6aceecc7-47c1-419e-8a3d-bd0771fc1794" executionId="c7ea425e-2711-4962-9e1a-de612f7b5f73" testListId="8c84fa94-04c1-424b-9868-57a2d4851a1d" />
    <TestEntry testId="3e238695-137d-46f6-b5b6-54b8803cd1d7" executionId="1a6e464c-a9fa-45da-9206-1d87420534d0" testListId="8c84fa94-04c1-424b-9868-57a2d4851a1d" />
    <TestEntry testId="19ffd080-4c69-4b20-ba02-d2726687a3cd" executionId="b73ad300-7aa8-4586-98bc-280fb97be01f" testListId="8c84fa94-04c1-424b-9868-57a2d4851a1d" />
    <TestEntry testId="d5d08390-de94-4049-b981-2c86ec55a796" executionId="09605dc2-51ea-4e1c-a81b-dd66d0381ce0" testListId="8c84fa94-04c1-424b-9868-57a2d4851a1d" />
    <TestEntry testId="4a40585f-4f0e-4a5b-bba0-65521e163536" executionId="0ab48455-f271-4092-9110-501ee8805741" testListId="8c84fa94-04c1-424b-9868-57a2d4851a1d" />
    <TestEntry testId="ecfc0012-14af-479a-a40f-8be1fe73e615" executionId="b80b80fd-43dd-4e48-8321-41281c8f0289" testListId="8c84fa94-04c1-424b-9868-57a2d4851a1d" />
    <TestEntry testId="ff7319bd-ab16-4130-a1f7-b1cc4ff3fb2a" executionId="45c2b180-0aef-485e-8fe2-daf99bc51d23" testListId="8c84fa94-04c1-424b-9868-57a2d4851a1d" />
    <TestEntry testId="a8d9a6a8-851b-43a1-8177-36662f490c76" executionId="d924ddb2-744a-4bf5-833f-ce6d092e68b2" testListId="8c84fa94-04c1-424b-9868-57a2d4851a1d" />
    <TestEntry testId="c0d92e7a-e7e6-4dcf-98f9-9b491f631cb7" executionId="828c8eb6-0420-4a21-9be7-125d10719aba" testListId="8c84fa94-04c1-424b-9868-57a2d4851a1d" />
    <TestEntry testId="68235e6b-1dc1-44f0-8ac0-8364c29023a5" executionId="71213b3c-6fed-405b-8461-354af5bad76e" testListId="8c84fa94-04c1-424b-9868-57a2d4851a1d" />
    <TestEntry testId="1208c3e5-c05a-49ea-9f67-12587aeb0c36" executionId="3506c2fe-593b-4efc-bcf9-8ff89c8320c1" testListId="8c84fa94-04c1-424b-9868-57a2d4851a1d" />
    <TestEntry testId="63dfb189-5d7e-4ec7-b03f-c06177c41039" executionId="2b5ee583-9529-4911-80b9-122ac2814d79" testListId="8c84fa94-04c1-424b-9868-57a2d4851a1d" />
    <TestEntry testId="bc01e2ab-fdf2-4dcf-a4d6-b77253bcc583" executionId="730db624-0ddf-405c-bd49-cc1becc16e05" testListId="8c84fa94-04c1-424b-9868-57a2d4851a1d" />
    <TestEntry testId="43a45c23-814f-403c-964b-7bc46cd8f977" executionId="114a2800-e719-4680-a8ca-082ecbd15053" testListId="8c84fa94-04c1-424b-9868-57a2d4851a1d" />
    <TestEntry testId="d4f05858-e408-4131-93eb-d0f897dd8e03" executionId="8680204a-a069-4ab2-9ea2-c45dfb9de569" testListId="8c84fa94-04c1-424b-9868-57a2d4851a1d" />
    <TestEntry testId="9c9d0c29-0ff3-490f-9f6f-d1873fc77a52" executionId="41c4ba65-cb3d-4a34-a758-deac5c95e1c1" testListId="8c84fa94-04c1-424b-9868-57a2d4851a1d" />
    <TestEntry testId="edf4a793-8949-46b7-b4bf-8686aef6aac0" executionId="3a72af70-ba65-4ecf-9d3e-d8dabfa83ef5" testListId="8c84fa94-04c1-424b-9868-57a2d4851a1d" />
    <TestEntry testId="ff5b1c7c-1de5-4953-a8c0-f55656252865" executionId="3893923b-883a-4ee3-aca2-b2ebfd603da6" testListId="8c84fa94-04c1-424b-9868-57a2d4851a1d" />
    <TestEntry testId="aa6499e0-0977-48a3-a2ba-0daf9cfcf9dc" executionId="3fdbc238-cdb1-4db3-872b-767bac81c0fa" testListId="8c84fa94-04c1-424b-9868-57a2d4851a1d" />
    <TestEntry testId="edadcfad-e679-44a6-a3fe-db4f8be3cefb" executionId="b839c6b2-056e-435d-a392-fbbecce6414b" testListId="8c84fa94-04c1-424b-9868-57a2d4851a1d" />
    <TestEntry testId="1d821035-9426-46bc-80c6-fe3c61774a6c" executionId="fea47e8e-a242-41f2-9c62-d077631b802f" testListId="8c84fa94-04c1-424b-9868-57a2d4851a1d" />
    <TestEntry testId="a42781f7-11d2-46b6-a95a-808b419bd47d" executionId="7af2c7c8-00f5-4d02-adde-00254bbdcebd" testListId="8c84fa94-04c1-424b-9868-57a2d4851a1d" />
    <TestEntry testId="1f895fe6-562e-41fb-b9ae-5417a8043b48" executionId="ce57e126-0acc-49b2-a1e6-ecb9d10d0b03" testListId="8c84fa94-04c1-424b-9868-57a2d4851a1d" />
    <TestEntry testId="0e98e998-cdb4-4484-bcee-7719e088a16f" executionId="a92f88b2-f9c3-4399-9f8d-66da322956c4" testListId="8c84fa94-04c1-424b-9868-57a2d4851a1d" />
    <TestEntry testId="fb18ccaa-80f4-4873-a2cc-b0a9bb69f316" executionId="f4828d94-df74-4263-aca3-54e044c4bf41" testListId="8c84fa94-04c1-424b-9868-57a2d4851a1d" />
    <TestEntry testId="b71df6b4-5093-4013-95a9-1bfee1f403c2" executionId="27ba5963-561d-4fe8-b745-b2e02e5e522e" testListId="8c84fa94-04c1-424b-9868-57a2d4851a1d" />
    <TestEntry testId="c0e6e92e-b444-448c-b771-d59e49152e0a" executionId="1dae6300-185d-45cf-afd0-334e5c4a8785" testListId="8c84fa94-04c1-424b-9868-57a2d4851a1d" />
    <TestEntry testId="2aebc43a-1653-425b-884b-ba098c48b6d0" executionId="2cc4bb36-3932-451c-9558-bdbe9e112765" testListId="8c84fa94-04c1-424b-9868-57a2d4851a1d" />
    <TestEntry testId="e3261be6-c006-4542-aa61-2acbd36ec2da" executionId="9a0569ed-3fa8-4d5c-a254-ea5dcb43b3dc" testListId="8c84fa94-04c1-424b-9868-57a2d4851a1d" />
    <TestEntry testId="18f5eea8-3810-4c48-806a-588d2593bd92" executionId="54e0a3fb-4d45-4891-8b90-c96c52aa6a0d" testListId="8c84fa94-04c1-424b-9868-57a2d4851a1d" />
    <TestEntry testId="5e0c25c1-2b22-44b0-94d0-22fb8d076f3a" executionId="ea9722be-48a1-416f-a128-8d85b23dbacc" testListId="8c84fa94-04c1-424b-9868-57a2d4851a1d" />
    <TestEntry testId="4fe7eef4-72e1-4c6b-9582-fb5e9e46f9e6" executionId="c9909c8b-b15b-4796-b0dc-e6596150c4f6" testListId="8c84fa94-04c1-424b-9868-57a2d4851a1d" />
    <TestEntry testId="140488b5-42ff-4030-9e76-f3d7cc01db1f" executionId="1f6738f9-1729-4ca3-b2ea-8dc581086b23" testListId="8c84fa94-04c1-424b-9868-57a2d4851a1d" />
    <TestEntry testId="1d6de5ca-bdae-44ea-8053-cce7d73bfa67" executionId="3efb9e80-ae3c-4d07-8801-218b68bd252c" testListId="8c84fa94-04c1-424b-9868-57a2d4851a1d" />
    <TestEntry testId="c92cb59c-6557-49d5-bbfc-2856cf8d03a4" executionId="88ff49c0-c034-4003-b0bf-8b56ce21a606" testListId="8c84fa94-04c1-424b-9868-57a2d4851a1d" />
    <TestEntry testId="86bcf578-d253-417e-8406-7f1f6fdf2bac" executionId="c8f46bff-bffe-4652-b01b-dca8b46ef546" testListId="8c84fa94-04c1-424b-9868-57a2d4851a1d" />
    <TestEntry testId="703be2ca-9f98-447d-ba36-e661031e44ea" executionId="3fcad0a4-3950-45a4-a20c-a99cb8fa92ea" testListId="8c84fa94-04c1-424b-9868-57a2d4851a1d" />
    <TestEntry testId="933227c0-f104-492a-b464-3653e5762afd" executionId="ba2aa76d-3e88-47a7-9bfe-ec4d80bf26e6" testListId="8c84fa94-04c1-424b-9868-57a2d4851a1d" />
    <TestEntry testId="0f93242a-e3ac-4eb6-b65e-6937c043e6ea" executionId="e1699594-95e6-47c2-b1f8-3cd5ac2d0dcf" testListId="8c84fa94-04c1-424b-9868-57a2d4851a1d" />
    <TestEntry testId="904b3266-0c92-4b1e-bddc-2e823cd0cc75" executionId="9785ca30-b631-44f4-b5d3-c059f069efa9" testListId="8c84fa94-04c1-424b-9868-57a2d4851a1d" />
    <TestEntry testId="a5939e2c-9278-4d16-b124-40bf7ea2f64c" executionId="aae5a951-4d1d-4e20-8a6b-654ea586e5fe" testListId="8c84fa94-04c1-424b-9868-57a2d4851a1d" />
    <TestEntry testId="b6ea69bb-08d6-4991-8a53-9e491161db72" executionId="788dd516-87c1-446c-90b2-10205421f482" testListId="8c84fa94-04c1-424b-9868-57a2d4851a1d" />
    <TestEntry testId="aafdb2af-a0f2-4a7a-9c12-ae84de0ac7e2" executionId="eca2ca19-f251-404d-ab5f-b256f79e9e8a" testListId="8c84fa94-04c1-424b-9868-57a2d4851a1d" />
    <TestEntry testId="e13ad168-14b0-422d-b0ea-f7d36c5d1bfc" executionId="4b65e6da-c5c1-436b-9ed5-0188b58f9d93" testListId="8c84fa94-04c1-424b-9868-57a2d4851a1d" />
    <TestEntry testId="538aadb9-56b4-4ffc-aaa0-e9c520f66ece" executionId="676cc5a4-b845-42d3-970b-de81ae378e99" testListId="8c84fa94-04c1-424b-9868-57a2d4851a1d" />
    <TestEntry testId="bb16a128-f386-4ca0-b421-e25a05ed0173" executionId="1076710f-04a6-430b-b739-dea9d30e5b05" testListId="8c84fa94-04c1-424b-9868-57a2d4851a1d" />
    <TestEntry testId="ca1058b1-f670-4c21-bb6d-ddf9f01e9e2f" executionId="96245eff-05a7-4ecd-8f19-0df1dff12994" testListId="8c84fa94-04c1-424b-9868-57a2d4851a1d" />
    <TestEntry testId="038c162a-adaf-43d8-ab57-6bfcd541db97" executionId="317aad63-f630-4674-82b2-081e89aa930f" testListId="8c84fa94-04c1-424b-9868-57a2d4851a1d" />
    <TestEntry testId="5fa52165-dcb1-49aa-b435-3a4480faa5aa" executionId="7324fdad-fb8e-4630-9b19-00f2ee293592" testListId="8c84fa94-04c1-424b-9868-57a2d4851a1d" />
    <TestEntry testId="20c4d0a0-87ae-4d01-a74c-c828bde3e71f" executionId="5d592dce-6a77-49d7-a2f5-4e53301f3729" testListId="8c84fa94-04c1-424b-9868-57a2d4851a1d" />
    <TestEntry testId="1462cbc1-109a-4703-99e5-436b162c50ba" executionId="81fbe8be-2461-46a0-9ba0-f23d19a3c057" testListId="8c84fa94-04c1-424b-9868-57a2d4851a1d" />
    <TestEntry testId="045bd725-f732-40c7-ac09-f249d4172b1e" executionId="f3ee7c2d-ce94-42d2-a8c0-96204f54e88d" testListId="8c84fa94-04c1-424b-9868-57a2d4851a1d" />
    <TestEntry testId="fe82da0f-104a-4eea-8e77-04ce10314deb" executionId="0d23a4f8-0543-4484-a19d-390a806ba88c" testListId="8c84fa94-04c1-424b-9868-57a2d4851a1d" />
    <TestEntry testId="d45ef10c-c693-4046-83ff-42908eabc903" executionId="84b56711-6c3e-48aa-aca2-4ab548396c5e" testListId="8c84fa94-04c1-424b-9868-57a2d4851a1d" />
    <TestEntry testId="6fa29e58-cacd-4aab-9da5-2d2e1196e831" executionId="defc94ef-99a1-4c5e-97f8-c5388840acef" testListId="8c84fa94-04c1-424b-9868-57a2d4851a1d" />
    <TestEntry testId="763acba2-d356-412c-bfe2-caf8fbf64b90" executionId="231bf79c-ce29-4ae7-97d1-8f270261eb1f" testListId="8c84fa94-04c1-424b-9868-57a2d4851a1d" />
    <TestEntry testId="c0dc8fb8-0988-48c1-b50b-cd1dedee8a77" executionId="df117837-389c-4943-b6a2-0a6f9424e1ee" testListId="8c84fa94-04c1-424b-9868-57a2d4851a1d" />
    <TestEntry testId="12bbb7a9-8ed0-4fb7-b33a-f17356578be5" executionId="04934ce3-c267-465c-b002-4c47a7789556" testListId="8c84fa94-04c1-424b-9868-57a2d4851a1d" />
    <TestEntry testId="bc79afdb-9638-44d6-b5fa-3fbcde8cc6a6" executionId="72f9365c-eff2-46da-a169-f9184f6e569a" testListId="8c84fa94-04c1-424b-9868-57a2d4851a1d" />
    <TestEntry testId="62796633-71d6-4e85-ba7a-ae288dec6b44" executionId="6b767039-d396-4dc0-a426-08918a4e91ec" testListId="8c84fa94-04c1-424b-9868-57a2d4851a1d" />
    <TestEntry testId="e0d9535c-e9e8-4db9-883f-fd3e300aca4b" executionId="fece0ea5-e2d1-4027-b273-fac75d8b824c" testListId="8c84fa94-04c1-424b-9868-57a2d4851a1d" />
    <TestEntry testId="d6bda3bd-306a-4293-812e-7bfb7b327fd4" executionId="f8b0aa6f-42f9-49ec-9cb9-2e94d8e3649a" testListId="8c84fa94-04c1-424b-9868-57a2d4851a1d" />
    <TestEntry testId="decf65c4-85d2-4930-8dc3-421c18ec3078" executionId="4dbfd9ab-768f-42c0-a822-ca8544515e5b" testListId="8c84fa94-04c1-424b-9868-57a2d4851a1d" />
    <TestEntry testId="a25f02d5-341a-42fe-832a-6e94734bbb9b" executionId="90e1534e-d4d9-4858-a7a4-f98a3bfb3437" testListId="8c84fa94-04c1-424b-9868-57a2d4851a1d" />
    <TestEntry testId="4e3c803b-6c98-4615-9682-ce537b126bb0" executionId="1c447d4b-af58-4324-836b-985c463b72fd" testListId="8c84fa94-04c1-424b-9868-57a2d4851a1d" />
    <TestEntry testId="491b22b2-155e-4f0f-b18b-67454524fa62" executionId="77f3067d-8d03-4efb-b5f2-fee975e53290" testListId="8c84fa94-04c1-424b-9868-57a2d4851a1d" />
    <TestEntry testId="18c44266-2258-467d-8a7f-422bd8b30a3a" executionId="974464ac-ddda-4a37-abc6-5636fe26ab9b" testListId="8c84fa94-04c1-424b-9868-57a2d4851a1d" />
    <TestEntry testId="0cdac0ae-50b0-4683-bde4-a313e0c589a5" executionId="5ce7bf21-8a67-4061-bd11-fdbaa14841fa" testListId="8c84fa94-04c1-424b-9868-57a2d4851a1d" />
    <TestEntry testId="b3626754-e5eb-43a1-b923-6b1a0b577dbd" executionId="ca3857d3-b4dc-4e7a-9056-2acb8bfa97c4" testListId="8c84fa94-04c1-424b-9868-57a2d4851a1d" />
    <TestEntry testId="83765649-ff51-4677-9b72-f2f763f27be4" executionId="4a1b8260-c526-46a4-9fc7-ee6dcc645046" testListId="8c84fa94-04c1-424b-9868-57a2d4851a1d" />
    <TestEntry testId="45250914-23d8-49a3-857d-be367ce88255" executionId="fca1ad19-e78b-441b-9b7d-113733285cdd" testListId="8c84fa94-04c1-424b-9868-57a2d4851a1d" />
    <TestEntry testId="68a93283-6302-4c60-8f0a-da1357bcd65f" executionId="16a74338-ad38-4190-be39-a45f0a60193b" testListId="8c84fa94-04c1-424b-9868-57a2d4851a1d" />
    <TestEntry testId="f04abc7c-f6f1-453f-9d03-6557ee9dbbb7" executionId="d982c61f-b7ff-411f-a847-142b5e5f23d3" testListId="8c84fa94-04c1-424b-9868-57a2d4851a1d" />
    <TestEntry testId="955adf99-9702-4b95-802a-ff1aae9dcbb1" executionId="a32faf97-24fe-4398-9e61-5bbafcb4c092" testListId="8c84fa94-04c1-424b-9868-57a2d4851a1d" />
    <TestEntry testId="c1551669-4559-4a58-a199-fafdf23e9ce0" executionId="5a06f93d-aba3-4d7c-8438-a132ca98c62c" testListId="8c84fa94-04c1-424b-9868-57a2d4851a1d" />
    <TestEntry testId="7db78deb-2624-43cc-8e2d-c527fa99e341" executionId="078f02c0-723a-4f7b-9750-decc90c1c2b6" testListId="8c84fa94-04c1-424b-9868-57a2d4851a1d" />
    <TestEntry testId="5a03c698-0e0f-46ad-a3a5-98405a37e63a" executionId="6f1b7340-af8e-4bd2-bdbb-841d907b3c05" testListId="8c84fa94-04c1-424b-9868-57a2d4851a1d" />
    <TestEntry testId="1d6bfe07-3ee7-40ff-ab4e-903195758dfd" executionId="eda50351-fb99-4953-b2f1-63700d77b1a2" testListId="8c84fa94-04c1-424b-9868-57a2d4851a1d" />
    <TestEntry testId="6ca2c20f-ca4b-4057-a457-e0ef02735b82" executionId="f45fc702-ca9f-4de2-ab17-c55377202149" testListId="8c84fa94-04c1-424b-9868-57a2d4851a1d" />
    <TestEntry testId="7bb4d94d-10ac-4d9c-a841-35e392d70afe" executionId="0851d76e-6ed8-45f6-9202-38dd0e2efbe8" testListId="8c84fa94-04c1-424b-9868-57a2d4851a1d" />
    <TestEntry testId="24485178-1939-40b7-9e74-efceffcc444e" executionId="76016198-8fce-4342-9309-6a10576f0445" testListId="8c84fa94-04c1-424b-9868-57a2d4851a1d" />
    <TestEntry testId="7130d812-d37e-40fc-a459-f4fa6a694a32" executionId="9d1b04bb-098c-486c-bd62-5bc34f86db98" testListId="8c84fa94-04c1-424b-9868-57a2d4851a1d" />
    <TestEntry testId="e5517151-488b-4bfd-b154-7c23aa6787f2" executionId="a94120e6-6f9f-49b1-bec4-fce577b54d1a" testListId="8c84fa94-04c1-424b-9868-57a2d4851a1d" />
    <TestEntry testId="095909bb-7b94-4397-a81e-62326e417519" executionId="4e550853-927f-41d4-8ed9-4b9d3683a830" testListId="8c84fa94-04c1-424b-9868-57a2d4851a1d" />
    <TestEntry testId="a8de1a07-250c-4a9c-bb1d-0edbde57fde9" executionId="bdb8d92e-c78a-4947-84fb-8c0cf0249d05" testListId="8c84fa94-04c1-424b-9868-57a2d4851a1d" />
    <TestEntry testId="f2934ee3-1b06-4768-b2de-7c7957fb77e0" executionId="e40f52ea-f272-4540-896c-f0dbbbee211e" testListId="8c84fa94-04c1-424b-9868-57a2d4851a1d" />
    <TestEntry testId="75de7ea6-51e8-48f8-a300-46f77b15ff7e" executionId="0d2a0613-8f9e-4add-b1ee-5b7cc5e91b10" testListId="8c84fa94-04c1-424b-9868-57a2d4851a1d" />
    <TestEntry testId="100c4c4d-13a0-4fd7-b95f-243a62b208a8" executionId="6e3aaaab-d00c-46ce-bd59-a7239d53565f" testListId="8c84fa94-04c1-424b-9868-57a2d4851a1d" />
    <TestEntry testId="24795ced-15e9-48c7-873d-ea5e66e0bd24" executionId="9d135e50-46d6-4866-a1f4-4c498f319a43" testListId="8c84fa94-04c1-424b-9868-57a2d4851a1d" />
    <TestEntry testId="dca58b62-1d4f-43bd-b542-05fb6fa5923b" executionId="fe903958-cbae-464d-9f1e-a3dd66bcadbc" testListId="8c84fa94-04c1-424b-9868-57a2d4851a1d" />
    <TestEntry testId="78802542-dc98-48f3-9584-4763a2c95a5e" executionId="ea54826b-a40a-4d74-94f9-673868e245a3" testListId="8c84fa94-04c1-424b-9868-57a2d4851a1d" />
    <TestEntry testId="5ae9d011-26fc-4e77-81a5-b2f18352ae51" executionId="9c3d820a-1eef-46ea-ad01-706e42c34208" testListId="8c84fa94-04c1-424b-9868-57a2d4851a1d" />
    <TestEntry testId="b3ca5078-a51d-4d15-a2a9-036ef3603e32" executionId="be327e11-5581-4846-9928-13d3102530a6" testListId="8c84fa94-04c1-424b-9868-57a2d4851a1d" />
    <TestEntry testId="5bef9b78-8b4b-41e3-9d32-e4c809d7a0d1" executionId="4c5422d3-3c65-487f-81c0-a15e144fe39c" testListId="8c84fa94-04c1-424b-9868-57a2d4851a1d" />
    <TestEntry testId="9effacf0-045a-46de-8cf4-8ef04f68d331" executionId="0cf76969-4e3e-428b-b780-6f9c52dfb529" testListId="8c84fa94-04c1-424b-9868-57a2d4851a1d" />
    <TestEntry testId="1a25f067-8ddb-4cee-aa8f-710693a81304" executionId="469d7fae-e053-4b6b-b875-f3f4c85ad19c" testListId="8c84fa94-04c1-424b-9868-57a2d4851a1d" />
    <TestEntry testId="d4945029-89b8-44e9-9325-da70d8383afa" executionId="853b61dc-d0cd-4d5e-8fa3-5e9577f47b94" testListId="8c84fa94-04c1-424b-9868-57a2d4851a1d" />
    <TestEntry testId="ead7efb8-6a56-4976-9457-b8d453f79ae4" executionId="5283b804-6aab-4ffa-9086-b9d191d8e18c" testListId="8c84fa94-04c1-424b-9868-57a2d4851a1d" />
    <TestEntry testId="de43835a-f147-4ad2-be46-5f3c14ddaa09" executionId="7687102c-583a-4de1-a79e-605eafe7edb6" testListId="8c84fa94-04c1-424b-9868-57a2d4851a1d" />
    <TestEntry testId="63ff8fd8-b6f8-49e2-a4b5-2cb11c900749" executionId="312a04b7-a121-41f1-9b65-7d13a7d1f569" testListId="8c84fa94-04c1-424b-9868-57a2d4851a1d" />
    <TestEntry testId="548c4898-85ac-4343-b9d5-85cf03c53e88" executionId="d933a6dc-2130-4e4b-a5c1-3170835b3697" testListId="8c84fa94-04c1-424b-9868-57a2d4851a1d" />
    <TestEntry testId="197542c8-a1d8-4893-bb97-e790efb3e721" executionId="906fb39e-39a1-4162-8cf3-142debd5d6b9" testListId="8c84fa94-04c1-424b-9868-57a2d4851a1d" />
    <TestEntry testId="f1468558-2bd2-4ce6-a1e9-b200ed10c524" executionId="bf25d982-2916-4205-b33d-581d0ad764fc" testListId="8c84fa94-04c1-424b-9868-57a2d4851a1d" />
    <TestEntry testId="3ece008b-24cb-48c2-82cd-2012660fcfca" executionId="ff93c07b-0420-4de4-83c7-899e3a7669b0" testListId="8c84fa94-04c1-424b-9868-57a2d4851a1d" />
    <TestEntry testId="0dda5ce2-51b7-43a4-ab8a-ef661bc6835c" executionId="6a8511ed-8f4d-4ce3-9397-8904c9272667" testListId="8c84fa94-04c1-424b-9868-57a2d4851a1d" />
    <TestEntry testId="bcd00baa-fd93-4376-800c-76083680ef28" executionId="47f0c1b5-5798-4527-ac05-d3f3ef3179c8" testListId="8c84fa94-04c1-424b-9868-57a2d4851a1d" />
    <TestEntry testId="5e3ca975-10ad-49b9-a669-7a54bfd2d1ce" executionId="3e12649d-0bcb-4be2-b549-9f6e5c06ebcc" testListId="8c84fa94-04c1-424b-9868-57a2d4851a1d" />
    <TestEntry testId="0125eb3f-7f9f-4508-8a73-7a42b75591fe" executionId="2c3d012d-ad63-4cf7-9e19-9c32a1b04de7" testListId="8c84fa94-04c1-424b-9868-57a2d4851a1d" />
    <TestEntry testId="0eeadf74-d03b-4b6d-a0ca-df9468af3fde" executionId="fa02255d-8604-4fce-a984-9422847c3839" testListId="8c84fa94-04c1-424b-9868-57a2d4851a1d" />
    <TestEntry testId="ade58f95-6a2a-4e68-8fe5-dab5ae03e183" executionId="bbf5bef7-aaf6-4cc1-b999-759eff53b1e5" testListId="8c84fa94-04c1-424b-9868-57a2d4851a1d" />
    <TestEntry testId="a8326a51-849e-42a0-af51-6f487fc28585" executionId="1a1449fa-2a60-4d91-baa9-269efda5ff7f" testListId="8c84fa94-04c1-424b-9868-57a2d4851a1d" />
    <TestEntry testId="c06d9974-ac99-4556-819a-1edfeed78528" executionId="47fc50b9-7937-450f-91cd-71884aa237af" testListId="8c84fa94-04c1-424b-9868-57a2d4851a1d" />
    <TestEntry testId="6ae68aa8-c765-4a57-9209-01ba5e7bb5b4" executionId="7cdc6162-484c-4e70-9444-b731a2d2cf22" testListId="8c84fa94-04c1-424b-9868-57a2d4851a1d" />
    <TestEntry testId="b7d13cc9-8aa9-4ad2-a5bc-aa396b005b36" executionId="199f564c-e70e-490e-a28b-a6c133cf9441" testListId="8c84fa94-04c1-424b-9868-57a2d4851a1d" />
    <TestEntry testId="6d5b8947-c788-4ac1-b9a3-3c1ad0bc3ac4" executionId="b9caf3cd-53e5-4f89-b3f9-f33289766d8b" testListId="8c84fa94-04c1-424b-9868-57a2d4851a1d" />
    <TestEntry testId="ed0012cf-193e-475c-bf2d-b93d36f6604c" executionId="691276a1-778b-4ce9-8ab0-42533293bab6" testListId="8c84fa94-04c1-424b-9868-57a2d4851a1d" />
    <TestEntry testId="a6b938e1-50a8-4ee6-81e9-05c753ab94c6" executionId="96527caa-d526-47b8-9375-d9484a790336" testListId="8c84fa94-04c1-424b-9868-57a2d4851a1d" />
    <TestEntry testId="a6eab959-dc91-4aac-b58a-efe64d36c50c" executionId="66896323-d4c7-4562-a3ec-7f962613f587" testListId="8c84fa94-04c1-424b-9868-57a2d4851a1d" />
    <TestEntry testId="8ab0e678-c56f-4552-9f8a-19b6b88ffbe2" executionId="01b5c978-2b2a-4d09-8157-7722eacca2fd" testListId="8c84fa94-04c1-424b-9868-57a2d4851a1d" />
    <TestEntry testId="128a6033-459d-4501-a28f-5a83c1a6e5d7" executionId="66064440-f99e-41e8-b9a9-4819104d105d" testListId="8c84fa94-04c1-424b-9868-57a2d4851a1d" />
    <TestEntry testId="9e57343a-39a2-4e99-a978-b39e7031e83b" executionId="5e377d82-e5c6-4180-9811-5b54e7023f1f" testListId="8c84fa94-04c1-424b-9868-57a2d4851a1d" />
    <TestEntry testId="c827d476-6d5f-4a4d-ab49-12fc71bd6686" executionId="93b0cc87-a997-4694-af4c-f0987b967054" testListId="8c84fa94-04c1-424b-9868-57a2d4851a1d" />
    <TestEntry testId="3ac0c1e0-1611-45a5-88c8-af96269632d2" executionId="84c271b5-bc7f-4545-bc5d-a9885806b403" testListId="8c84fa94-04c1-424b-9868-57a2d4851a1d" />
    <TestEntry testId="dc08a8af-4929-45c1-b5c1-ed229115e12e" executionId="04306f25-70bc-4996-babc-ec9782463c01" testListId="8c84fa94-04c1-424b-9868-57a2d4851a1d" />
    <TestEntry testId="bba01dbe-5aef-4efb-8990-7aa27c3c56ad" executionId="c3ea51f8-9d8c-475b-bf3a-cb276d26be61" testListId="8c84fa94-04c1-424b-9868-57a2d4851a1d" />
    <TestEntry testId="c76b9d10-1a1d-4b82-af23-1a802b4cd81e" executionId="ec2bf83d-53b2-404e-8e7b-524adb68c4c6" testListId="8c84fa94-04c1-424b-9868-57a2d4851a1d" />
    <TestEntry testId="5dfa081f-5920-4016-9da2-22acdfc2e35e" executionId="c5cec9c1-c45a-41c4-9c2f-a18ffaea1379" testListId="8c84fa94-04c1-424b-9868-57a2d4851a1d" />
    <TestEntry testId="660b9b62-0d2c-429a-b94b-900e3b484d05" executionId="eda49034-5382-450c-a8ae-1ab57c8ef513" testListId="8c84fa94-04c1-424b-9868-57a2d4851a1d" />
    <TestEntry testId="824bf9d7-1b49-4806-ba6b-703d54db9efc" executionId="97023cf0-8819-402d-8909-a69b38e3d690" testListId="8c84fa94-04c1-424b-9868-57a2d4851a1d" />
    <TestEntry testId="75008e1b-e655-4450-9aa8-e60afbc84cdf" executionId="34de3c83-3f3b-4a22-aa7a-21c33097c8b7" testListId="8c84fa94-04c1-424b-9868-57a2d4851a1d" />
    <TestEntry testId="60612d1c-450e-4947-ab7f-43543267fb8d" executionId="60ca8e68-ee06-495b-8d71-c70eb87dfc5b" testListId="8c84fa94-04c1-424b-9868-57a2d4851a1d" />
    <TestEntry testId="d5b1a201-bf7d-4f8e-8541-fe381cbdfc4a" executionId="0d9d496b-f6e1-4c34-b79e-50c677dfe939" testListId="8c84fa94-04c1-424b-9868-57a2d4851a1d" />
    <TestEntry testId="50b6ab8c-ab62-4bd1-8fb5-c27d6c528b70" executionId="27fdafd4-a966-41e5-8a5a-ee8ca37960a0" testListId="8c84fa94-04c1-424b-9868-57a2d4851a1d" />
    <TestEntry testId="1d7012b3-024a-48fe-a67f-6579e3ca9a63" executionId="c5d5ce93-04ad-4fe0-946d-8ba3e0895af7" testListId="8c84fa94-04c1-424b-9868-57a2d4851a1d" />
    <TestEntry testId="7938ee7c-df7a-471a-a96c-98cc1187c3c7" executionId="08711066-3125-4f51-92d2-835354478b49" testListId="8c84fa94-04c1-424b-9868-57a2d4851a1d" />
    <TestEntry testId="c8e332d3-6a8b-425a-a40b-033c3be4f974" executionId="b8ee14c8-ca2c-4b30-bec3-a0ae6d055f19" testListId="8c84fa94-04c1-424b-9868-57a2d4851a1d" />
    <TestEntry testId="bbbcb035-30a0-4680-9e46-a2ab3e1fbb2a" executionId="6c7d32d6-b821-4f44-8a7e-74c17f202768" testListId="8c84fa94-04c1-424b-9868-57a2d4851a1d" />
    <TestEntry testId="69652e8a-862d-442e-8afa-63833495cfb4" executionId="aa835123-9a7d-46e3-b67d-754fa8c10fa1" testListId="8c84fa94-04c1-424b-9868-57a2d4851a1d" />
    <TestEntry testId="d36d2511-c9ab-4560-a91b-946cca2c5bf3" executionId="5c5b11e5-af93-42a9-9840-93f7e7a4ff3c" testListId="8c84fa94-04c1-424b-9868-57a2d4851a1d" />
    <TestEntry testId="455d3969-db2f-44f1-9ec9-bcd71c51279f" executionId="360126a9-3bda-4d52-a771-3663737e0c96" testListId="8c84fa94-04c1-424b-9868-57a2d4851a1d" />
    <TestEntry testId="053506a7-eb0c-4fe5-bee8-c039a59d820e" executionId="5a1475c6-1204-40e4-b38f-3a99c2046548" testListId="8c84fa94-04c1-424b-9868-57a2d4851a1d" />
    <TestEntry testId="7ad51f20-e92f-4d70-a3da-d4e1abad9b93" executionId="1dbb35d0-9210-4100-8860-eb9b50737c20" testListId="8c84fa94-04c1-424b-9868-57a2d4851a1d" />
    <TestEntry testId="b295211a-feee-4fd8-9c22-dc0a1e692a04" executionId="db9f066d-d28a-46fa-88ad-18db526bdec8" testListId="8c84fa94-04c1-424b-9868-57a2d4851a1d" />
    <TestEntry testId="ff2749c5-6684-4450-adce-4ce1cfce1497" executionId="bcf6535d-bfa7-439f-9a0a-6f72bc27ba44" testListId="8c84fa94-04c1-424b-9868-57a2d4851a1d" />
    <TestEntry testId="2fcd2eea-d78a-476c-889a-e58e0abc6093" executionId="7dcd5c31-cf96-40f4-b5f8-f852a8dd1f0e" testListId="8c84fa94-04c1-424b-9868-57a2d4851a1d" />
    <TestEntry testId="d89650b3-b636-4565-8704-ff35b3a95701" executionId="69e9f04e-cb8c-40ef-88c7-6cc46ba3cae9" testListId="8c84fa94-04c1-424b-9868-57a2d4851a1d" />
    <TestEntry testId="2c360ece-de11-4317-bf09-65ca7e7087c1" executionId="88abbff2-47e5-442e-81d0-c1d54b4751dc" testListId="8c84fa94-04c1-424b-9868-57a2d4851a1d" />
    <TestEntry testId="380f71be-5f5d-4705-9da0-c7cf79d772cd" executionId="ec16edab-7728-4325-b180-b20c71efb1cd" testListId="8c84fa94-04c1-424b-9868-57a2d4851a1d" />
    <TestEntry testId="9eed7618-b547-4092-9f37-b306a0dad145" executionId="6d343274-7713-4870-bbbe-6f94677bf4ea" testListId="8c84fa94-04c1-424b-9868-57a2d4851a1d" />
    <TestEntry testId="f4563a85-610b-43fd-b2c2-eaaa4376db32" executionId="31bef8cd-3186-4b0a-9bbb-b8255e1a148d" testListId="8c84fa94-04c1-424b-9868-57a2d4851a1d" />
    <TestEntry testId="aa929368-e31c-42ef-92d3-dd3c2e171370" executionId="8d95696d-a3ef-43ae-877a-f7defe547e86" testListId="8c84fa94-04c1-424b-9868-57a2d4851a1d" />
    <TestEntry testId="e2d775a3-9c59-47f6-9624-b17eeb7aecfb" executionId="355e004b-acab-4f74-9926-95ca57542b67" testListId="8c84fa94-04c1-424b-9868-57a2d4851a1d" />
    <TestEntry testId="480ad139-b26f-4129-9c1f-fdd623313787" executionId="fe63f1b1-a51d-4f67-b378-57e49c206a38" testListId="8c84fa94-04c1-424b-9868-57a2d4851a1d" />
    <TestEntry testId="35698728-40aa-4476-a83b-596e26580320" executionId="19dcf4b2-4346-4242-9284-f8f81bcd5708" testListId="8c84fa94-04c1-424b-9868-57a2d4851a1d" />
    <TestEntry testId="f5e43e8a-d285-4a9b-b6f4-37cecb3c1dd5" executionId="6a619f63-d6d9-46c9-856b-0a3e243395d0" testListId="8c84fa94-04c1-424b-9868-57a2d4851a1d" />
    <TestEntry testId="1dc7277f-9b43-40c0-a2d6-8bee23012bff" executionId="f533a0c8-844c-42ed-b2c9-71b94a574460" testListId="8c84fa94-04c1-424b-9868-57a2d4851a1d" />
    <TestEntry testId="2baad001-cbca-4041-81e8-a460712ba984" executionId="b221036c-50ce-4aa5-84c6-361640eb7a90" testListId="8c84fa94-04c1-424b-9868-57a2d4851a1d" />
    <TestEntry testId="2ff74445-5ef6-416f-ac96-472badee0b20" executionId="83188f3e-bcc8-48fd-b28d-57dea65bf085" testListId="8c84fa94-04c1-424b-9868-57a2d4851a1d" />
    <TestEntry testId="f1b4beea-4d7e-4ff7-8951-f1b33b925594" executionId="bfd6d35b-8a32-44be-995c-ff9ae383fced" testListId="8c84fa94-04c1-424b-9868-57a2d4851a1d" />
    <TestEntry testId="75648cdc-a058-447b-aa81-7d9cde414475" executionId="d23fd03d-0cee-436d-b93d-73c2028a2745" testListId="8c84fa94-04c1-424b-9868-57a2d4851a1d" />
    <TestEntry testId="de0f238a-7cf6-410e-8e04-8357e34912bb" executionId="18a81e71-e941-4280-b8dc-6c5488c39ec3" testListId="8c84fa94-04c1-424b-9868-57a2d4851a1d" />
    <TestEntry testId="4cd3c0e2-9cf9-40fc-b5a2-b045420652f1" executionId="20974f86-fe8c-4b55-8015-a21226d050ab" testListId="8c84fa94-04c1-424b-9868-57a2d4851a1d" />
    <TestEntry testId="992dc810-e712-4f6b-88c6-09656b041320" executionId="f74f5886-d270-4c6c-a47b-56771d940dd9" testListId="8c84fa94-04c1-424b-9868-57a2d4851a1d" />
    <TestEntry testId="f2546a86-81c9-4a17-ad26-a1f0cf6f1139" executionId="9d393237-1790-443e-86ff-3ecb94ed1219" testListId="8c84fa94-04c1-424b-9868-57a2d4851a1d" />
    <TestEntry testId="7311536d-8a3b-4ea4-b461-149ddb062c02" executionId="50081cc4-a4ad-4d13-bc11-9a9a94d3baab" testListId="8c84fa94-04c1-424b-9868-57a2d4851a1d" />
    <TestEntry testId="3896b56f-bade-4006-b823-979305b74813" executionId="f00d6cf8-c439-48e4-b809-36ae64472c43" testListId="8c84fa94-04c1-424b-9868-57a2d4851a1d" />
    <TestEntry testId="eb359a38-d51d-43d0-987e-83b1bdf98d4d" executionId="5d807886-7a5a-4001-a9ac-f8b1e84455c9" testListId="8c84fa94-04c1-424b-9868-57a2d4851a1d" />
    <TestEntry testId="d9a14d4b-37cb-47ce-8ff6-ab5a007153ac" executionId="90b9a968-f62a-4ac4-919e-9cb24d2453df" testListId="8c84fa94-04c1-424b-9868-57a2d4851a1d" />
    <TestEntry testId="061c8ca8-10c4-49ab-85bd-0198bc1fa42a" executionId="88c97b42-6036-4bc0-9291-93d81c70783e" testListId="8c84fa94-04c1-424b-9868-57a2d4851a1d" />
    <TestEntry testId="b3700737-6dc0-4193-b6fa-7c86906874e2" executionId="2edbdbb5-4632-463e-b4e9-31fe1b34129c" testListId="8c84fa94-04c1-424b-9868-57a2d4851a1d" />
    <TestEntry testId="7b86ecbf-a42d-4268-833f-84a6c2bfe5e8" executionId="42f78f9e-e6be-4fa1-b20f-e2dcec4b05cf" testListId="8c84fa94-04c1-424b-9868-57a2d4851a1d" />
    <TestEntry testId="01cdee16-cb60-42a0-98f6-782f48f5a9b8" executionId="553b52f3-472a-4bc7-8cb8-6335233b86e3" testListId="8c84fa94-04c1-424b-9868-57a2d4851a1d" />
    <TestEntry testId="ac21722f-357b-45b4-89cd-f79f865ee9fe" executionId="d980b2ac-d67f-4116-b23d-f80027af18c8" testListId="8c84fa94-04c1-424b-9868-57a2d4851a1d" />
    <TestEntry testId="bfac4411-8d7d-4ca4-9169-6eebbd0ba140" executionId="892acd5f-a0ad-4c52-ae24-612427fba75b" testListId="8c84fa94-04c1-424b-9868-57a2d4851a1d" />
    <TestEntry testId="a0800171-5e85-49ae-8793-da4a4e91cb10" executionId="627ca2c9-3880-49db-86b0-4122069bdc0c" testListId="8c84fa94-04c1-424b-9868-57a2d4851a1d" />
    <TestEntry testId="4516fb6e-ae68-465a-9f43-78e9db46230d" executionId="fd57c07e-947f-49cd-9912-17377e283882" testListId="8c84fa94-04c1-424b-9868-57a2d4851a1d" />
    <TestEntry testId="485c3ae6-59dd-45ee-99f8-2bbcd335ffdc" executionId="118cffda-b6c8-4877-b600-cbb0867c881c" testListId="8c84fa94-04c1-424b-9868-57a2d4851a1d" />
    <TestEntry testId="fd22c910-b6eb-4736-a4c4-ece3e455a4d2" executionId="0b5bd38c-8f91-40d6-87ca-bff6bdd87c79" testListId="8c84fa94-04c1-424b-9868-57a2d4851a1d" />
    <TestEntry testId="674fbff3-bc3b-4952-8a92-41f8d7041416" executionId="1894531e-f3c6-4719-9d30-a7f164c9d2bb" testListId="8c84fa94-04c1-424b-9868-57a2d4851a1d" />
    <TestEntry testId="35b10b94-1b14-4a16-8a29-955107a5eea9" executionId="beaa2a0a-2a06-411d-b493-ba5a71dc21ae" testListId="8c84fa94-04c1-424b-9868-57a2d4851a1d" />
    <TestEntry testId="373217ab-a357-43b5-b823-b2022420ec43" executionId="8e0b4948-7beb-400f-974c-7c9e5553ee12" testListId="8c84fa94-04c1-424b-9868-57a2d4851a1d" />
    <TestEntry testId="00fe0fbd-02a1-4026-a860-c7e20d235529" executionId="6ccbc9ad-a0a6-4543-b2b7-d81ddf4ff063" testListId="8c84fa94-04c1-424b-9868-57a2d4851a1d" />
    <TestEntry testId="7dfd643f-5e9b-4df3-8b55-4b9f59c1ca23" executionId="2449d78b-a853-456a-af09-93d42095a5df" testListId="8c84fa94-04c1-424b-9868-57a2d4851a1d" />
    <TestEntry testId="fc62cc12-a145-4bbd-9322-4d4d248cc118" executionId="43ffb0b0-bf3b-4cd8-8067-6ed638f856c4" testListId="8c84fa94-04c1-424b-9868-57a2d4851a1d" />
    <TestEntry testId="0ad5b7d4-465b-4e36-830b-f191675f94f7" executionId="dcad29bf-cf98-412f-a3f9-8c896b684d2b" testListId="8c84fa94-04c1-424b-9868-57a2d4851a1d" />
    <TestEntry testId="36d884f4-b945-416a-9eb1-8eb79b14d934" executionId="15b874eb-de6e-4ab1-a699-9f9adabbdc10" testListId="8c84fa94-04c1-424b-9868-57a2d4851a1d" />
    <TestEntry testId="230ef060-3215-41a4-8955-d627f78b00c2" executionId="792dcdb5-50b9-4786-8add-bf21818396fc" testListId="8c84fa94-04c1-424b-9868-57a2d4851a1d" />
    <TestEntry testId="2da4a7a9-d1a9-4c9b-9506-17b6a40f568b" executionId="97eccdad-f594-4ad5-b3b3-9d1278bc9086" testListId="8c84fa94-04c1-424b-9868-57a2d4851a1d" />
    <TestEntry testId="c54a6011-1afb-4721-be7f-52424547201e" executionId="63181dd2-6713-413f-900d-1aea3257beca" testListId="8c84fa94-04c1-424b-9868-57a2d4851a1d" />
    <TestEntry testId="eb1473cd-5ec3-4da9-bdc1-4b02ca703a0a" executionId="41af81a7-60b1-4435-ac35-f6a85a55cf43" testListId="8c84fa94-04c1-424b-9868-57a2d4851a1d" />
    <TestEntry testId="ed261843-428b-4dd3-91d9-9e281364f1b0" executionId="a82468d0-a8bc-41a3-93de-9f5627e8151a" testListId="8c84fa94-04c1-424b-9868-57a2d4851a1d" />
    <TestEntry testId="322cb006-7e1e-434f-b6e3-ce4744b7bc64" executionId="a942c01b-bfd4-4836-bcaf-6b074d575b8b" testListId="8c84fa94-04c1-424b-9868-57a2d4851a1d" />
    <TestEntry testId="7ac319a1-46bc-47e3-b56d-c02c292bd20b" executionId="786a0315-b27d-4344-80c4-fba6c4319310" testListId="8c84fa94-04c1-424b-9868-57a2d4851a1d" />
    <TestEntry testId="a54e0e70-48d8-4fb4-9026-e5a987f7eacd" executionId="e5018725-7448-448a-8a9b-3a7ee36ebf56" testListId="8c84fa94-04c1-424b-9868-57a2d4851a1d" />
    <TestEntry testId="5c135d9d-c62d-40f7-8501-b58a0c3e0616" executionId="ca07a69c-7468-4f20-b2f1-ae2ea601fd38" testListId="8c84fa94-04c1-424b-9868-57a2d4851a1d" />
    <TestEntry testId="9eddf911-f9ef-45d8-92b0-cabe6ca399a4" executionId="fe70a4d7-c7b4-4cda-a393-e3af682b4d36" testListId="8c84fa94-04c1-424b-9868-57a2d4851a1d" />
    <TestEntry testId="3fc182c7-b70a-4c0f-acdd-9f91a368cd05" executionId="845985b1-8df2-4f79-b843-a567d5156d1f" testListId="8c84fa94-04c1-424b-9868-57a2d4851a1d" />
    <TestEntry testId="3f2cd9d8-d3f0-4195-9dbb-92e1113bb3d8" executionId="3cd4ef86-74d9-4eec-872a-92db47b59f29" testListId="8c84fa94-04c1-424b-9868-57a2d4851a1d" />
    <TestEntry testId="b270e6bf-d4a4-4f98-a8fe-33f1566bba69" executionId="50971b1f-9232-4a47-ac92-74678106280f" testListId="8c84fa94-04c1-424b-9868-57a2d4851a1d" />
    <TestEntry testId="5d17e8fb-0c9a-431b-948b-1c79c745609e" executionId="dc33fb28-aeba-427d-b888-fa090c61e824" testListId="8c84fa94-04c1-424b-9868-57a2d4851a1d" />
    <TestEntry testId="4edc78b2-faeb-4518-aa48-de3a7bf36cdd" executionId="20fca30e-6a2c-40b5-8fb4-5e62f4d06037" testListId="8c84fa94-04c1-424b-9868-57a2d4851a1d" />
    <TestEntry testId="83436d1e-a0b8-44fc-aea1-8262517d5b65" executionId="2d42a4cd-c033-47ec-abc9-59316036ffa0" testListId="8c84fa94-04c1-424b-9868-57a2d4851a1d" />
    <TestEntry testId="150d3e03-596c-4fa4-ba4a-d9fd0cfb9df1" executionId="e46358e4-7ba1-43a6-80cd-ba9d95cd9953" testListId="8c84fa94-04c1-424b-9868-57a2d4851a1d" />
    <TestEntry testId="f0290ce3-8e1c-4dac-a27f-ddc5b25777bd" executionId="a0528305-64a5-4936-9891-cb87632546f7" testListId="8c84fa94-04c1-424b-9868-57a2d4851a1d" />
    <TestEntry testId="621e6a52-b0a2-4dc2-b9ce-4e048ba2dbca" executionId="aa225459-f6fa-49dc-970b-fa5d1e3acbf5" testListId="8c84fa94-04c1-424b-9868-57a2d4851a1d" />
    <TestEntry testId="f1002da0-df5a-4d89-a654-2d77ca0ac973" executionId="3c48699c-0a32-4b38-9737-763ef8326110" testListId="8c84fa94-04c1-424b-9868-57a2d4851a1d" />
    <TestEntry testId="1469b44b-cb17-4f99-903a-fa18af7b3168" executionId="73b64b4e-9743-4533-81ff-60f791d311c3" testListId="8c84fa94-04c1-424b-9868-57a2d4851a1d" />
    <TestEntry testId="af62bda2-4201-43f7-905b-f0efdfd51745" executionId="44ecdea7-0227-40cd-a5cc-175e0591a9f1" testListId="8c84fa94-04c1-424b-9868-57a2d4851a1d" />
    <TestEntry testId="4ae3f4a4-692e-4a8d-9202-e2fe87298f02" executionId="4f92a6d1-04f4-4357-8ae2-69120a1803cf" testListId="8c84fa94-04c1-424b-9868-57a2d4851a1d" />
    <TestEntry testId="8fb01b1c-424e-4423-895b-fc3042e1de99" executionId="908358ab-467f-43ef-af94-16895c59eff5" testListId="8c84fa94-04c1-424b-9868-57a2d4851a1d" />
    <TestEntry testId="c9bd6303-2726-4148-a933-14d2e4d139ea" executionId="516656c8-908c-45e9-9eb3-616fc215a415" testListId="8c84fa94-04c1-424b-9868-57a2d4851a1d" />
    <TestEntry testId="60cccbfb-6682-464e-af83-434489080a2e" executionId="0bd89648-6644-4189-a3d2-655311896dd6" testListId="8c84fa94-04c1-424b-9868-57a2d4851a1d" />
    <TestEntry testId="63bca0d0-7524-43e4-982a-e1437b22c9fe" executionId="20481a4e-3a3d-49e9-8bf3-a35d2e9266fc" testListId="8c84fa94-04c1-424b-9868-57a2d4851a1d" />
    <TestEntry testId="6ffad62f-8c8d-43e8-bfa8-f2ff1106ff0d" executionId="52c89961-4ba6-457c-8b6a-94b349302a0c" testListId="8c84fa94-04c1-424b-9868-57a2d4851a1d" />
    <TestEntry testId="322c420d-1fae-4997-bed8-ad2b7fab0b6d" executionId="e2a547b9-0d4e-4dde-a6ea-63725f1e1acc" testListId="8c84fa94-04c1-424b-9868-57a2d4851a1d" />
    <TestEntry testId="acf5cd42-6f00-40dd-9c5b-0580f9fb1185" executionId="45501491-4948-4400-8570-e4e5b93226b5" testListId="8c84fa94-04c1-424b-9868-57a2d4851a1d" />
    <TestEntry testId="25ceae9d-d9c5-4477-925f-ee036e5e47b4" executionId="8f60dd58-d797-46dc-b3ad-ed1c0c893f9a" testListId="8c84fa94-04c1-424b-9868-57a2d4851a1d" />
    <TestEntry testId="87ac1651-882b-4173-83ca-65659d8686d7" executionId="d688b366-295c-4041-9d21-8f4ed7d2a41c" testListId="8c84fa94-04c1-424b-9868-57a2d4851a1d" />
    <TestEntry testId="f1c5a84e-58d9-4c79-9dfc-9d56406b592a" executionId="ac948967-5635-478b-9557-3b7f5672fae6" testListId="8c84fa94-04c1-424b-9868-57a2d4851a1d" />
    <TestEntry testId="caab96cc-52fe-4b61-8ef6-cfc3b4be512a" executionId="fbfe4495-a243-44ab-a5f7-75dced4eab89" testListId="8c84fa94-04c1-424b-9868-57a2d4851a1d" />
    <TestEntry testId="f85d48d1-d4ce-4a1f-a493-6a266fdef24d" executionId="5dd8c384-c06e-4d18-afd4-c92da35d181d" testListId="8c84fa94-04c1-424b-9868-57a2d4851a1d" />
    <TestEntry testId="d759fbcd-dbba-46b1-80e4-8bbef0180dff" executionId="a7e23454-fcba-40f0-b3ce-ec5706d40ef0" testListId="8c84fa94-04c1-424b-9868-57a2d4851a1d" />
    <TestEntry testId="8900668e-6d68-4611-b690-6113843b60e7" executionId="30c9dedc-a846-49e0-b9c1-61610c201eed" testListId="8c84fa94-04c1-424b-9868-57a2d4851a1d" />
    <TestEntry testId="28a27a67-32c7-4548-8cd7-e10fdaa2d9a2" executionId="d553b7a1-9ce8-490b-932a-022d27e10a8d" testListId="8c84fa94-04c1-424b-9868-57a2d4851a1d" />
    <TestEntry testId="f4e2a437-8326-429a-88fd-8cbf243e4e69" executionId="b82583c4-7329-4f4d-bd3a-03013fe09ab1" testListId="8c84fa94-04c1-424b-9868-57a2d4851a1d" />
    <TestEntry testId="62f69d8b-2ca9-4e12-a938-70bc4000731e" executionId="74935fbf-1f56-43e0-a94a-a91d4cd5a809" testListId="8c84fa94-04c1-424b-9868-57a2d4851a1d" />
    <TestEntry testId="affb447e-5d66-4938-8552-e76f30fce568" executionId="d774558b-4cf5-4bc7-a39c-6e3bfcfb95ca" testListId="8c84fa94-04c1-424b-9868-57a2d4851a1d" />
    <TestEntry testId="c1a17337-d2da-4312-a8e3-142c0f28dbb5" executionId="7db7680b-3292-4459-9669-33ba5067097e" testListId="8c84fa94-04c1-424b-9868-57a2d4851a1d" />
    <TestEntry testId="bdb08c8a-3398-468f-935c-77a797a2f8bb" executionId="b6ca0dca-3d2d-45d8-ad80-84724b742d07" testListId="8c84fa94-04c1-424b-9868-57a2d4851a1d" />
    <TestEntry testId="de5310a4-5b5c-4e72-a1de-0c47caa34f2f" executionId="83c6e429-b85d-4fd9-b5d9-1ec1586e91b5" testListId="8c84fa94-04c1-424b-9868-57a2d4851a1d" />
    <TestEntry testId="2c48e403-6e24-45d7-9b78-1f6f56b111a3" executionId="600e2bce-2e9b-40a9-a390-f7f2e2d184cd" testListId="8c84fa94-04c1-424b-9868-57a2d4851a1d" />
    <TestEntry testId="5002ac52-321c-4da8-b16e-30d3ace2de9a" executionId="359a66ec-ee71-4d92-b8fb-dd5a8ede7777" testListId="8c84fa94-04c1-424b-9868-57a2d4851a1d" />
    <TestEntry testId="11a3b71b-c147-4991-9062-61b40a2420d1" executionId="95b2a165-6817-431d-aeba-223f306e916f" testListId="8c84fa94-04c1-424b-9868-57a2d4851a1d" />
    <TestEntry testId="8455633f-a432-492e-9d60-b5ae77039a6d" executionId="90a82077-6640-45dd-9130-19bf26e02933" testListId="8c84fa94-04c1-424b-9868-57a2d4851a1d" />
    <TestEntry testId="fa22979b-c631-42ef-bf92-97a2b468f319" executionId="b94f27e0-e206-466c-8d7e-1b5601afc09f" testListId="8c84fa94-04c1-424b-9868-57a2d4851a1d" />
    <TestEntry testId="0eeaddfd-b013-4d72-a6bd-4d6dd8cde8a9" executionId="122b5a91-b8ed-4c9a-ab72-2f1cf5019807" testListId="8c84fa94-04c1-424b-9868-57a2d4851a1d" />
    <TestEntry testId="24a430a1-714c-4c6a-a46f-c52a87e8b3a1" executionId="6713c994-2fa4-44c3-a7c3-2c7e0297cee6" testListId="8c84fa94-04c1-424b-9868-57a2d4851a1d" />
    <TestEntry testId="2a0a199d-9f41-4f58-acac-ee7be7ebd133" executionId="84e3fd0f-2367-495e-b209-6b653beea090" testListId="8c84fa94-04c1-424b-9868-57a2d4851a1d" />
    <TestEntry testId="3df7b504-92f2-4b5f-bd13-5d0bb9abdaa0" executionId="bf17b874-a2fb-42d1-ac66-915d254b8e9f" testListId="8c84fa94-04c1-424b-9868-57a2d4851a1d" />
    <TestEntry testId="12b5ab72-dc34-4797-a789-480598076cc1" executionId="9b769ea5-ae95-4cf9-badb-87deca910a68" testListId="8c84fa94-04c1-424b-9868-57a2d4851a1d" />
    <TestEntry testId="03e01a87-8df3-420d-8fc7-c70a3fb2f9e4" executionId="2117d9c5-fd36-431f-8ec3-1bc556bb0bb7" testListId="8c84fa94-04c1-424b-9868-57a2d4851a1d" />
    <TestEntry testId="d747cce0-1166-4130-b434-7ea90871ff2b" executionId="028924a0-4289-48fa-a26e-bdc70a86f607" testListId="8c84fa94-04c1-424b-9868-57a2d4851a1d" />
    <TestEntry testId="9f32fdac-206d-44d1-abee-ce009063c950" executionId="39c1111d-7511-43c6-acb7-d55949e847f7" testListId="8c84fa94-04c1-424b-9868-57a2d4851a1d" />
    <TestEntry testId="4b32cf5b-4109-4968-8f24-3c076a9bac6c" executionId="5fa3a0f5-bb51-4f2c-b43c-254e5a1f792e" testListId="8c84fa94-04c1-424b-9868-57a2d4851a1d" />
    <TestEntry testId="5e31a229-7b37-45c1-8fb2-404877ed6331" executionId="fa1c2133-2192-4a91-b1b0-3daf07fbb104" testListId="8c84fa94-04c1-424b-9868-57a2d4851a1d" />
    <TestEntry testId="b66ab029-6b0d-43a4-91f1-2399508c31e1" executionId="8757c091-667d-4dda-8a9a-59780d239900" testListId="8c84fa94-04c1-424b-9868-57a2d4851a1d" />
    <TestEntry testId="2a2e522b-72fb-4b17-b69f-54f4fcad87ee" executionId="553daa05-3f8a-4f97-a2e4-3cb0c2feb3c8" testListId="8c84fa94-04c1-424b-9868-57a2d4851a1d" />
    <TestEntry testId="3b7c43c2-ebe4-4d9a-8dc3-7b46bb807528" executionId="72a543b9-047a-41f2-bf20-a1a3886b3fc1" testListId="8c84fa94-04c1-424b-9868-57a2d4851a1d" />
    <TestEntry testId="24c42777-d1dd-4bf1-b083-fe26635ce83e" executionId="04ac9b95-70b2-4330-9203-386a028644d2" testListId="8c84fa94-04c1-424b-9868-57a2d4851a1d" />
    <TestEntry testId="ac6dc624-56e2-420a-9ebb-d26e9ac4244d" executionId="38763def-b817-4b37-a3d6-0ada988ca667" testListId="8c84fa94-04c1-424b-9868-57a2d4851a1d" />
    <TestEntry testId="bf4429e6-990f-410c-9b8f-d3d5c90e966b" executionId="eea24d38-d035-4b55-a10f-8722e68bf36f" testListId="8c84fa94-04c1-424b-9868-57a2d4851a1d" />
    <TestEntry testId="c45ff534-3e12-4711-981b-6a71bf26a804" executionId="e967e559-b3cb-41c8-876d-6b7cc7fc7fa1" testListId="8c84fa94-04c1-424b-9868-57a2d4851a1d" />
    <TestEntry testId="1931fa68-c258-4be7-a35d-97ed2d241358" executionId="2376a33d-abd5-4ebc-b561-8b96bc52b84a" testListId="8c84fa94-04c1-424b-9868-57a2d4851a1d" />
    <TestEntry testId="6b2535e3-c660-4754-bc75-df5f2ed37e3d" executionId="20fb75a3-349b-4917-a02d-6ea8f4129921" testListId="8c84fa94-04c1-424b-9868-57a2d4851a1d" />
    <TestEntry testId="ff81b220-04ed-452d-b20b-1d2249ca721c" executionId="aa51201b-0e80-4dad-a834-f880f41c9291" testListId="8c84fa94-04c1-424b-9868-57a2d4851a1d" />
    <TestEntry testId="a53f1b4c-e56c-43c5-9e1c-d07378dfb81f" executionId="5d4bca5e-2a46-4df5-a57c-10f2d96b1826" testListId="8c84fa94-04c1-424b-9868-57a2d4851a1d" />
    <TestEntry testId="4d151a5a-3241-4c14-a637-7fe220ec65eb" executionId="109a6a6a-2c87-4f14-9960-4aeabbf81018" testListId="8c84fa94-04c1-424b-9868-57a2d4851a1d" />
    <TestEntry testId="7fed1569-2209-42a2-a938-61d86bd204fd" executionId="1ba7325d-3f8d-4595-a621-5a7b33165e1f" testListId="8c84fa94-04c1-424b-9868-57a2d4851a1d" />
    <TestEntry testId="938a782d-c07b-4511-887b-53272fbf17cf" executionId="bcf47cb7-0459-4266-b2f8-4e287d02bdcc" testListId="8c84fa94-04c1-424b-9868-57a2d4851a1d" />
    <TestEntry testId="d447d104-4a14-4e04-9ec3-8ecfca385efe" executionId="af87a4a0-421e-4381-978f-3351bf6de9dd" testListId="8c84fa94-04c1-424b-9868-57a2d4851a1d" />
    <TestEntry testId="fc4d338b-fec8-4873-875e-aaf760c0e882" executionId="546afe12-8227-4c30-9840-0e14b31225e8" testListId="8c84fa94-04c1-424b-9868-57a2d4851a1d" />
    <TestEntry testId="d820a0aa-f8ba-4ed2-b5ce-e1e978d91a6b" executionId="3c89975c-0e99-427e-b63e-beb5b7f78e65" testListId="8c84fa94-04c1-424b-9868-57a2d4851a1d" />
    <TestEntry testId="6278f2c7-0ae5-47ed-8c87-8cb660d667ba" executionId="908b34c2-9bf2-4102-9648-61ec29664d5a" testListId="8c84fa94-04c1-424b-9868-57a2d4851a1d" />
    <TestEntry testId="851bfcf6-3010-4d83-9020-cda004046d21" executionId="2aac6931-f9ec-4828-91a9-7e8e5dff815b" testListId="8c84fa94-04c1-424b-9868-57a2d4851a1d" />
    <TestEntry testId="1b94db7c-2db4-4f4a-a91c-7a8f87323262" executionId="cb30769d-edea-4636-a711-9f771ed31556" testListId="8c84fa94-04c1-424b-9868-57a2d4851a1d" />
    <TestEntry testId="4be176e7-bab0-4504-afbb-47f688d22c42" executionId="c9a3a51b-e992-432d-863a-9c2c11686b14" testListId="8c84fa94-04c1-424b-9868-57a2d4851a1d" />
    <TestEntry testId="c90c9729-0325-40c5-b631-c17580b144c3" executionId="0b91f2b5-8753-4e14-99bb-22e0bfc8668f" testListId="8c84fa94-04c1-424b-9868-57a2d4851a1d" />
    <TestEntry testId="34462ac4-f69a-4ea8-9a42-73d937d16b06" executionId="c0989292-762a-4946-ba10-c854e9df54ca" testListId="8c84fa94-04c1-424b-9868-57a2d4851a1d" />
    <TestEntry testId="04657672-30e1-4473-9420-21dbe1ab6985" executionId="97ffbee1-5e56-45e0-b444-ec8e0bdf1d5d" testListId="8c84fa94-04c1-424b-9868-57a2d4851a1d" />
    <TestEntry testId="abfc4d9f-cb84-44c7-9b8a-1a91a09ca8d7" executionId="cacdfafe-07db-4eeb-8f25-5d85c102f08f" testListId="8c84fa94-04c1-424b-9868-57a2d4851a1d" />
    <TestEntry testId="62eebd1b-7b38-43d0-b064-a82c54c2cb54" executionId="1c4b75c8-f292-48cd-88a0-979b6a3fd962" testListId="8c84fa94-04c1-424b-9868-57a2d4851a1d" />
    <TestEntry testId="7a58ef7a-6cad-4b71-861b-7b77caffb5a8" executionId="d540c5e1-b26a-40ad-8672-2674c1d14088" testListId="8c84fa94-04c1-424b-9868-57a2d4851a1d" />
    <TestEntry testId="9039d043-a121-4449-a1be-2db260571a45" executionId="681b4c70-51fb-4f17-8f4b-197bcda11b04" testListId="8c84fa94-04c1-424b-9868-57a2d4851a1d" />
    <TestEntry testId="a4163075-d094-4a02-9694-6be016d58fad" executionId="3259b1e0-bc8f-42ca-b808-45483b1cc3c1" testListId="8c84fa94-04c1-424b-9868-57a2d4851a1d" />
    <TestEntry testId="5aaa216a-ed7c-489c-ba33-049a7e7f4c6d" executionId="f5e678e5-2474-4947-9cdb-809fd02256bd" testListId="8c84fa94-04c1-424b-9868-57a2d4851a1d" />
    <TestEntry testId="848b6894-c43e-49d9-86af-d1d9fc888deb" executionId="f7f77318-3a35-430d-ba41-29151f9c54d2" testListId="8c84fa94-04c1-424b-9868-57a2d4851a1d" />
    <TestEntry testId="b14f11ed-7c7d-4ad8-aa8d-98d865bf2142" executionId="b168cf59-f5ce-4986-890e-3fc623919ee6" testListId="8c84fa94-04c1-424b-9868-57a2d4851a1d" />
    <TestEntry testId="b528304d-81fc-41d7-86d9-1bb49f7d1ab8" executionId="d086ed09-8e0a-4807-8e0b-63681b05f694" testListId="8c84fa94-04c1-424b-9868-57a2d4851a1d" />
    <TestEntry testId="50ac0cc2-8230-4097-ba31-cc094e735556" executionId="d5dde37b-756d-4def-96c2-161f1069c51d" testListId="8c84fa94-04c1-424b-9868-57a2d4851a1d" />
    <TestEntry testId="2e4ccd80-e8bd-413b-8f52-068322e9541f" executionId="2eba042f-1f02-4698-9a68-d94e639525f9" testListId="8c84fa94-04c1-424b-9868-57a2d4851a1d" />
    <TestEntry testId="14f9660d-a062-4541-b9c3-a28c1f308011" executionId="25256a1c-d9f8-48c5-9803-df21fcccd77e" testListId="8c84fa94-04c1-424b-9868-57a2d4851a1d" />
    <TestEntry testId="beb396c5-8d97-4b97-a2c4-72b2190bee1e" executionId="1de71e2f-9fd5-41db-813e-b302dbb1c730" testListId="8c84fa94-04c1-424b-9868-57a2d4851a1d" />
    <TestEntry testId="79a5f187-0604-4f7d-b98b-839ff943d453" executionId="2fa97078-c58a-4ca3-a90c-9ababdc38cd4" testListId="8c84fa94-04c1-424b-9868-57a2d4851a1d" />
    <TestEntry testId="30c2b3ef-a441-4b67-afff-00fb3a43a453" executionId="b1f4379e-5e17-4e51-b1f0-0a39098b2626" testListId="8c84fa94-04c1-424b-9868-57a2d4851a1d" />
    <TestEntry testId="753178b3-2015-4560-aed3-6f579ada6f30" executionId="183cf4b4-106b-4a5e-9a79-78a9f8fc6804" testListId="8c84fa94-04c1-424b-9868-57a2d4851a1d" />
    <TestEntry testId="f5f3fefc-7163-4461-a77b-2fbfb0786e2d" executionId="0b6dc245-d021-4693-9e80-bb59a99e8077" testListId="8c84fa94-04c1-424b-9868-57a2d4851a1d" />
    <TestEntry testId="142ee18e-6c0d-4ea1-85bd-66c2072f3820" executionId="2ee1b318-8667-4464-8f81-16bfc85a101c" testListId="8c84fa94-04c1-424b-9868-57a2d4851a1d" />
    <TestEntry testId="44f37eef-83fe-4134-bbc9-da51e58b66b2" executionId="d386b1a4-667d-42b4-8498-942121d3716c" testListId="8c84fa94-04c1-424b-9868-57a2d4851a1d" />
    <TestEntry testId="0d3bc408-215f-49a0-80c2-e0bebd9b0a48" executionId="aedb072f-8599-43b1-99a2-5b4cecd78167" testListId="8c84fa94-04c1-424b-9868-57a2d4851a1d" />
    <TestEntry testId="7729d848-ecd8-437a-93d5-9821173e9596" executionId="2ce02bf7-540a-4f26-b1ae-5856e3fb4a19" testListId="8c84fa94-04c1-424b-9868-57a2d4851a1d" />
    <TestEntry testId="f488a6c0-d96d-4b31-81c2-e05bb45ddaef" executionId="209ff326-3b90-4d82-bd8c-e80865e1c5a2" testListId="8c84fa94-04c1-424b-9868-57a2d4851a1d" />
    <TestEntry testId="bb2480e9-2ea5-4f73-8449-d358c0a61d8a" executionId="8a7e1e71-b204-4683-bfdb-34282e637340" testListId="8c84fa94-04c1-424b-9868-57a2d4851a1d" />
    <TestEntry testId="fbc4a29e-aeef-42b5-82b2-d6dba8682ea6" executionId="b702bde2-cc90-4042-8528-52c0f99c2c42" testListId="8c84fa94-04c1-424b-9868-57a2d4851a1d" />
    <TestEntry testId="6d43606b-6837-4abc-a3d6-106f00aa35d5" executionId="39810885-fb01-447c-95d5-680b06d3c546" testListId="8c84fa94-04c1-424b-9868-57a2d4851a1d" />
    <TestEntry testId="6ccbb414-79f9-4ec2-b73e-c8d06566a14f" executionId="e9c8a53e-8666-47da-8ed1-806a6cb8111c" testListId="8c84fa94-04c1-424b-9868-57a2d4851a1d" />
    <TestEntry testId="87e13c16-b20c-4a70-bf49-e0b29aad6921" executionId="59221d12-601a-4442-b588-1d6a184b4468" testListId="8c84fa94-04c1-424b-9868-57a2d4851a1d" />
    <TestEntry testId="190ba104-d9d4-4d4e-9cfd-7056f3ca1194" executionId="9644525a-f759-4972-b60c-9a34133e9b49" testListId="8c84fa94-04c1-424b-9868-57a2d4851a1d" />
    <TestEntry testId="e713b3be-55ca-43dc-a379-f9bc0cff5b1d" executionId="61981c4c-aa72-4bd8-8cac-00f577ab0f46" testListId="8c84fa94-04c1-424b-9868-57a2d4851a1d" />
    <TestEntry testId="110c267f-74c7-49d8-9b0d-8134a2124c39" executionId="ca21dfc7-9db5-460d-856c-1daf8a736c3d" testListId="8c84fa94-04c1-424b-9868-57a2d4851a1d" />
    <TestEntry testId="007231ba-9598-4da5-a91a-ecaccd0fa9e0" executionId="cb4c0181-8dc9-45bf-8fb6-5bc78d8c20e1" testListId="8c84fa94-04c1-424b-9868-57a2d4851a1d" />
    <TestEntry testId="49c490f3-c1c6-4202-8b8d-81b851cc0781" executionId="07329d33-e420-45f5-806f-5a53f41d2bdb" testListId="8c84fa94-04c1-424b-9868-57a2d4851a1d" />
    <TestEntry testId="7f58cbaf-cc77-4325-84e6-0cb7782da2ba" executionId="37207399-7f6b-41a6-8f0f-6f477cee853f" testListId="8c84fa94-04c1-424b-9868-57a2d4851a1d" />
    <TestEntry testId="65de4fff-7e7c-4793-af00-80fe261da8a4" executionId="6d032913-51ca-4f87-bd37-cb2bbbf882cd" testListId="8c84fa94-04c1-424b-9868-57a2d4851a1d" />
    <TestEntry testId="86c3a74a-845a-4f16-bf4c-39dcefcba393" executionId="b6289922-d8d2-473c-bc91-a58c17098a16" testListId="8c84fa94-04c1-424b-9868-57a2d4851a1d" />
    <TestEntry testId="57fd1637-9d80-408f-a79d-e2952033b6ad" executionId="35d0f714-e01e-450d-86ac-97feac24b8f6" testListId="8c84fa94-04c1-424b-9868-57a2d4851a1d" />
    <TestEntry testId="273390a2-d4f6-4792-8373-f3ef1483ac0d" executionId="e580ca6e-31e8-46ef-b348-ec449d1a9e81" testListId="8c84fa94-04c1-424b-9868-57a2d4851a1d" />
    <TestEntry testId="362e661d-9093-4752-b672-b337901e8828" executionId="bd7ad9b0-2c45-4d1e-a4f5-bb142cc31e6d" testListId="8c84fa94-04c1-424b-9868-57a2d4851a1d" />
    <TestEntry testId="6ca192a9-9365-46fa-b040-a91e64b6e8d4" executionId="b178de6a-4df5-486d-a22b-595de1b6d0d2" testListId="8c84fa94-04c1-424b-9868-57a2d4851a1d" />
    <TestEntry testId="486b7cdf-f9d8-4980-85e7-4af9e4bb3c96" executionId="05b2161f-bac2-4b8a-8d37-b4746a884811" testListId="8c84fa94-04c1-424b-9868-57a2d4851a1d" />
    <TestEntry testId="49bef139-5d20-4754-bbc2-a7583d822bbf" executionId="a388b219-2d6c-41d2-8712-c88b4cebaf97" testListId="8c84fa94-04c1-424b-9868-57a2d4851a1d" />
    <TestEntry testId="cf80c679-0bd6-4266-b9fc-78ce86508164" executionId="fa56fb32-d684-4744-92d5-1144193280a6" testListId="8c84fa94-04c1-424b-9868-57a2d4851a1d" />
    <TestEntry testId="4c9c0efe-c827-4833-8b55-a59e1d2e8ba9" executionId="4e56a28a-27ae-4cd6-8e6a-04aced0b31d6" testListId="8c84fa94-04c1-424b-9868-57a2d4851a1d" />
    <TestEntry testId="8fe7e689-4bf7-4893-b83e-483d79204ac7" executionId="2e74f31d-55df-4a63-9224-a46f51058013" testListId="8c84fa94-04c1-424b-9868-57a2d4851a1d" />
    <TestEntry testId="7e3de220-d485-4c4a-b6cc-a73e6def1de4" executionId="956fb2e8-3d0e-4800-af40-1881fa7cb621" testListId="8c84fa94-04c1-424b-9868-57a2d4851a1d" />
    <TestEntry testId="25b2bb63-ae63-4441-871f-941877dc2e89" executionId="a134d8c9-ce7d-43f6-bf6e-cf10847026ba" testListId="8c84fa94-04c1-424b-9868-57a2d4851a1d" />
    <TestEntry testId="e5dcd1a0-4c87-4238-94d1-5c8dd470d09e" executionId="e796c55a-33ba-4cd1-bf9f-1250bff9b532" testListId="8c84fa94-04c1-424b-9868-57a2d4851a1d" />
    <TestEntry testId="6029ce68-3584-4e0b-9103-5dbe10c6a974" executionId="6cf26aa4-4b84-44d8-ba0a-9ecc0d1d23ea" testListId="8c84fa94-04c1-424b-9868-57a2d4851a1d" />
    <TestEntry testId="5735db3f-09b3-4e5b-9fa3-b025035f3ca2" executionId="0c849c51-0ba3-4d44-a553-5339c142a4a5" testListId="8c84fa94-04c1-424b-9868-57a2d4851a1d" />
    <TestEntry testId="6a214adf-4414-402c-aac2-6b4e7badac3c" executionId="e9aa6b7b-8d4e-4296-93ff-43dd7d413d33" testListId="8c84fa94-04c1-424b-9868-57a2d4851a1d" />
    <TestEntry testId="ec5497d1-030c-4210-893e-6be24c30c101" executionId="616dc978-fee2-4853-b723-4f9e606581db" testListId="8c84fa94-04c1-424b-9868-57a2d4851a1d" />
    <TestEntry testId="4c277f6d-d0d7-4741-8d03-0dffbe05624d" executionId="e51c88e9-3917-4e23-a3f9-7f1b0d3e5612" testListId="8c84fa94-04c1-424b-9868-57a2d4851a1d" />
    <TestEntry testId="1742c619-21d8-457f-a767-7a8a9ad84afa" executionId="8c43925b-4694-4ac0-a49f-9898c1321320" testListId="8c84fa94-04c1-424b-9868-57a2d4851a1d" />
    <TestEntry testId="65a6a760-a6b2-4ff9-9be2-7a76d1235861" executionId="0d70f0af-d72d-48e4-be44-c301a787fc6f" testListId="8c84fa94-04c1-424b-9868-57a2d4851a1d" />
    <TestEntry testId="34fc0772-e7ff-4d76-bfd3-bc740d55f58a" executionId="6a60c1db-0ad1-4122-aac4-28999e9621bb" testListId="8c84fa94-04c1-424b-9868-57a2d4851a1d" />
    <TestEntry testId="47be7d96-83f1-4b8d-8c1c-a44a602337b4" executionId="f8b59bfc-5a3c-494e-b51c-e29bfaa3b831" testListId="8c84fa94-04c1-424b-9868-57a2d4851a1d" />
    <TestEntry testId="df73b2f8-b30e-471f-8d62-684d343f789f" executionId="4b91057e-9162-4a09-9bac-a4ec24126a5b" testListId="8c84fa94-04c1-424b-9868-57a2d4851a1d" />
    <TestEntry testId="b5e658ff-b1aa-4ec0-a01f-bcef4d6efb2c" executionId="ec958694-e02c-4807-9fd0-ea1c93e75d36" testListId="8c84fa94-04c1-424b-9868-57a2d4851a1d" />
    <TestEntry testId="4b53a7d6-849a-4568-9ca9-654903b877e8" executionId="2fb282ce-d8a0-4ce8-873a-5c58d2e1265c" testListId="8c84fa94-04c1-424b-9868-57a2d4851a1d" />
    <TestEntry testId="8eee29f5-6180-4f43-a5ca-5d95677417b8" executionId="cdcfeec4-9609-4873-a7c7-9656031bba03" testListId="8c84fa94-04c1-424b-9868-57a2d4851a1d" />
    <TestEntry testId="33863639-bb90-48e6-9737-7b6f5af6717e" executionId="74abcf22-7ce0-41f4-8f58-a3328522cb78" testListId="8c84fa94-04c1-424b-9868-57a2d4851a1d" />
    <TestEntry testId="c00ce69e-ac4d-4d49-973b-0a2afd75ef1b" executionId="1b73cf45-78da-465b-a620-6cd8675737cb" testListId="8c84fa94-04c1-424b-9868-57a2d4851a1d" />
    <TestEntry testId="4b3b5c79-24c6-4819-bcf2-68b795d70d0c" executionId="ee5c132f-a624-4ee2-936f-403415e61681" testListId="8c84fa94-04c1-424b-9868-57a2d4851a1d" />
    <TestEntry testId="35ce6ba7-76d1-42f3-a617-d9e562481a95" executionId="b4d645bb-e7a8-47a1-8ef7-3d1190857ecb" testListId="8c84fa94-04c1-424b-9868-57a2d4851a1d" />
    <TestEntry testId="d66143dc-e598-41d4-b7cf-f6add39a06c7" executionId="5ffd52a2-89b5-4c23-9d58-c11107f73f66" testListId="8c84fa94-04c1-424b-9868-57a2d4851a1d" />
    <TestEntry testId="e11f69a8-8c75-4114-af64-d5c3ccd497a7" executionId="d3e3791d-8b39-46e1-9211-4dc4e9c0f168" testListId="8c84fa94-04c1-424b-9868-57a2d4851a1d" />
    <TestEntry testId="331baa46-766d-468a-a3c2-81aecca837a8" executionId="11463c34-537a-49eb-a65c-49ad0d934ee2" testListId="8c84fa94-04c1-424b-9868-57a2d4851a1d" />
    <TestEntry testId="9f539cee-dd54-42fe-a451-2936b6b16ae7" executionId="18b23f7b-0564-4cbc-b969-753e60aa2bdc" testListId="8c84fa94-04c1-424b-9868-57a2d4851a1d" />
    <TestEntry testId="df0a8a29-e7dc-4f6f-a1f1-52a071bc7630" executionId="4e1d57b5-23a4-408e-bad6-36eb9cc6f227" testListId="8c84fa94-04c1-424b-9868-57a2d4851a1d" />
    <TestEntry testId="acdfc496-42a3-4545-92b5-74a381545f0d" executionId="afc3e4c3-374d-42f0-a2bf-8bd0ce061172" testListId="8c84fa94-04c1-424b-9868-57a2d4851a1d" />
    <TestEntry testId="a79b84b4-fa77-4863-9ab9-86a48e790f38" executionId="0f7f7c58-e8df-46e8-89db-17bf0f45ca4a" testListId="8c84fa94-04c1-424b-9868-57a2d4851a1d" />
    <TestEntry testId="4ba2cd82-e879-4f14-8bf7-8a1a889f9786" executionId="7beb2106-e56f-4e13-8a19-d48195c80218" testListId="8c84fa94-04c1-424b-9868-57a2d4851a1d" />
    <TestEntry testId="2912ba61-f4c6-4a80-bd79-5ca788db0b88" executionId="014f6b14-4b6d-4c22-bb87-31aa1201a30d" testListId="8c84fa94-04c1-424b-9868-57a2d4851a1d" />
    <TestEntry testId="a0ba3d53-5107-4a08-b8f2-b680a245f691" executionId="2e796435-1d97-4928-9554-27a01e68cf2a" testListId="8c84fa94-04c1-424b-9868-57a2d4851a1d" />
    <TestEntry testId="e32a2b50-3724-4de2-b34e-139c6678452d" executionId="688e9ae6-f065-4990-80cc-4b7c8365972d" testListId="8c84fa94-04c1-424b-9868-57a2d4851a1d" />
    <TestEntry testId="c40e39c6-b68b-4c8e-ab9b-79a46b101d5f" executionId="773c95b9-e7dd-4758-995e-d813831f425d" testListId="8c84fa94-04c1-424b-9868-57a2d4851a1d" />
    <TestEntry testId="ea95d354-fbf3-454e-9d58-9d76f295ab41" executionId="bb9a7b85-a9c3-4f2b-b9c5-159a658bfd37" testListId="8c84fa94-04c1-424b-9868-57a2d4851a1d" />
    <TestEntry testId="541ea86c-6c91-4417-895f-67ae2b0b1ce8" executionId="e75e9248-e67f-48f8-9b1c-e6c1ab5809be" testListId="8c84fa94-04c1-424b-9868-57a2d4851a1d" />
    <TestEntry testId="8ace9cbb-e559-4d1b-b52d-fe970463d36d" executionId="7d5e0917-bf28-4545-b45b-e78c96ba6011" testListId="8c84fa94-04c1-424b-9868-57a2d4851a1d" />
    <TestEntry testId="26e297a4-a0d3-4b0c-938b-382699168d36" executionId="1c5a3bcd-1e2c-4045-ad25-723e91cc0998" testListId="8c84fa94-04c1-424b-9868-57a2d4851a1d" />
    <TestEntry testId="81dba7dd-f5fc-4a3b-80f9-93dd52ed7a9d" executionId="fc9ae052-77aa-4989-8e25-8af9fc11d727" testListId="8c84fa94-04c1-424b-9868-57a2d4851a1d" />
    <TestEntry testId="3a7a98cb-086a-4f9d-b956-91a8ed08b1cb" executionId="b56b48d9-38e6-400f-b341-fec559a13b47" testListId="8c84fa94-04c1-424b-9868-57a2d4851a1d" />
    <TestEntry testId="8555f42b-3636-48f1-8b2b-681c45754e52" executionId="dcaa254e-e844-45a2-b4ff-06ea08fbece8" testListId="8c84fa94-04c1-424b-9868-57a2d4851a1d" />
    <TestEntry testId="30f48789-76ae-431b-96e9-0d1d62d5613e" executionId="d6d685da-c5ef-4f55-855e-87cd3085965c" testListId="8c84fa94-04c1-424b-9868-57a2d4851a1d" />
    <TestEntry testId="241801ed-318a-4715-916a-6a5607d92ba1" executionId="4cc7e7cb-54a7-43eb-9394-b227da064f30" testListId="8c84fa94-04c1-424b-9868-57a2d4851a1d" />
    <TestEntry testId="272a5ddb-5875-49ed-8b87-1079be593769" executionId="81d47469-e16d-4d02-bfd5-4d1bd54fe51e" testListId="8c84fa94-04c1-424b-9868-57a2d4851a1d" />
    <TestEntry testId="62a0c9d7-bdb8-4588-b444-d469b7cc206d" executionId="63b25e50-4a67-4039-b086-c9bb1d119fe9" testListId="8c84fa94-04c1-424b-9868-57a2d4851a1d" />
    <TestEntry testId="e72b8f7c-104b-4718-81b4-74167f94b4ae" executionId="0e9a1669-2f80-4813-ae17-7c0c468fe63e" testListId="8c84fa94-04c1-424b-9868-57a2d4851a1d" />
    <TestEntry testId="56f1a078-3792-41b5-b193-0b1a4181b629" executionId="6ddff5e0-1e5f-4a1d-b198-a14a9e805684" testListId="8c84fa94-04c1-424b-9868-57a2d4851a1d" />
    <TestEntry testId="4c558fdc-d144-490e-99f5-e029abcd304d" executionId="0a8eda0e-4323-4cb7-af86-0670823e140f" testListId="8c84fa94-04c1-424b-9868-57a2d4851a1d" />
    <TestEntry testId="6637287d-78b6-4326-bdfd-6086085cec32" executionId="ea01df3a-b6d6-452c-a7c4-c9487d39c9fa" testListId="8c84fa94-04c1-424b-9868-57a2d4851a1d" />
    <TestEntry testId="1a37aef9-3768-4524-a698-3a52ef741e54" executionId="76370589-9d66-410e-8981-de95719ce12b" testListId="8c84fa94-04c1-424b-9868-57a2d4851a1d" />
    <TestEntry testId="24625f1c-0912-4094-a479-7341387d043b" executionId="f11bd292-8de1-4cd1-8eb2-1ddb8f4350c0" testListId="8c84fa94-04c1-424b-9868-57a2d4851a1d" />
    <TestEntry testId="9fc49f5f-39c4-4d39-9a67-100b64fd0ff7" executionId="6cbec3e4-d720-4c2b-a7ca-b9e414b28f81" testListId="8c84fa94-04c1-424b-9868-57a2d4851a1d" />
    <TestEntry testId="28ed50a6-beca-4bdb-97b1-b87c184a1509" executionId="071c4611-094b-4b00-babf-53b6c6404cf7" testListId="8c84fa94-04c1-424b-9868-57a2d4851a1d" />
    <TestEntry testId="07712656-b46a-4829-965c-1ff7a2fd678f" executionId="d08a931e-0cbb-4220-a37c-e409f75fc871" testListId="8c84fa94-04c1-424b-9868-57a2d4851a1d" />
    <TestEntry testId="e307ebd5-4755-4ee3-8109-4406842aa8fc" executionId="a78baf72-d6d3-47d3-a29b-9ad620a05f18" testListId="8c84fa94-04c1-424b-9868-57a2d4851a1d" />
    <TestEntry testId="a2394a23-d36b-4dd2-9533-388660f02860" executionId="77975ce3-296e-4df7-b9b9-fc18a3def357" testListId="8c84fa94-04c1-424b-9868-57a2d4851a1d" />
    <TestEntry testId="0299cea8-1d72-4fdb-80e2-0d582ae50867" executionId="314a3c99-2018-4920-901d-553591f865b1" testListId="8c84fa94-04c1-424b-9868-57a2d4851a1d" />
    <TestEntry testId="df22217d-ed9b-4b18-b6d2-97f216aff781" executionId="186c6169-17b4-4b9a-9ffb-510d03eca95e" testListId="8c84fa94-04c1-424b-9868-57a2d4851a1d" />
    <TestEntry testId="02efcad4-80c7-4abe-b3c0-e38553b13b3e" executionId="e2947a2f-aeb1-4840-ab69-0b3bd93696c1" testListId="8c84fa94-04c1-424b-9868-57a2d4851a1d" />
    <TestEntry testId="d5708015-791b-451b-9959-4febf735a0dd" executionId="a5064ccd-28b4-460c-b922-201ef27c3e2e" testListId="8c84fa94-04c1-424b-9868-57a2d4851a1d" />
    <TestEntry testId="541d9090-2987-4a45-9fce-4d1267bdffa0" executionId="7aa90c99-05f4-44d4-aa2c-ff7b47e59883" testListId="8c84fa94-04c1-424b-9868-57a2d4851a1d" />
    <TestEntry testId="1c506242-3a3d-4e0c-ab7e-8720c3acdca8" executionId="473dcb6b-acc9-464a-b7c6-58867b29f441" testListId="8c84fa94-04c1-424b-9868-57a2d4851a1d" />
    <TestEntry testId="478b024f-9fbe-4e81-a857-f362d81ed292" executionId="cba6237d-e833-4c13-98d4-a4bdf2e522e7" testListId="8c84fa94-04c1-424b-9868-57a2d4851a1d" />
    <TestEntry testId="a932b0f8-5537-4eb6-8794-9644cc6baed8" executionId="47b6c6f3-4fcc-462b-a631-82920cf2de76" testListId="8c84fa94-04c1-424b-9868-57a2d4851a1d" />
    <TestEntry testId="64cad177-1461-4c0e-bffc-429ae3ff66d7" executionId="cd988dea-b2bc-4b31-97c2-8192609de3ad" testListId="8c84fa94-04c1-424b-9868-57a2d4851a1d" />
    <TestEntry testId="c297248d-281e-4ca1-93a8-3ee3a3d4fd65" executionId="234d05bb-2507-4a01-a46f-bf7d8886c015" testListId="8c84fa94-04c1-424b-9868-57a2d4851a1d" />
    <TestEntry testId="eee3600f-71c3-4915-8ccb-80769fdd8579" executionId="03c6b7ae-516d-4459-9fb6-34a36cf10491" testListId="8c84fa94-04c1-424b-9868-57a2d4851a1d" />
    <TestEntry testId="78393284-35aa-4169-aadd-0d0b8edbe6a7" executionId="af15a48c-0b54-4faa-bdad-000f9ec01379" testListId="8c84fa94-04c1-424b-9868-57a2d4851a1d" />
    <TestEntry testId="34cd76e9-5d7f-4bc8-8c1d-6f948596f8c6" executionId="6edd8f0b-4340-4831-be10-60154228d23e" testListId="8c84fa94-04c1-424b-9868-57a2d4851a1d" />
    <TestEntry testId="3a893753-5e63-4dbc-8be7-33fe9eb638d5" executionId="8ac74285-a563-4d3a-a210-748d0ebb69e5" testListId="8c84fa94-04c1-424b-9868-57a2d4851a1d" />
    <TestEntry testId="fa15d8a8-c05c-4066-8f4f-808e57274db8" executionId="ecc84a8e-cfe5-4762-98cc-0bd297dd1502" testListId="8c84fa94-04c1-424b-9868-57a2d4851a1d" />
    <TestEntry testId="48ffc2eb-acd3-4477-af81-102b99f75d8a" executionId="02eacf13-03a8-4a63-945b-0e6e528e966a" testListId="8c84fa94-04c1-424b-9868-57a2d4851a1d" />
    <TestEntry testId="7e2188f4-324c-45a6-8374-50a59b7cb54c" executionId="c540587e-3f62-4c16-a24c-7c92ab60ddac" testListId="8c84fa94-04c1-424b-9868-57a2d4851a1d" />
    <TestEntry testId="2eff6bee-00fc-4c76-a935-dace7f002f04" executionId="2ab76233-c1c0-4567-b439-7400e8274500" testListId="8c84fa94-04c1-424b-9868-57a2d4851a1d" />
    <TestEntry testId="b5579ade-07d8-4af4-808b-b55dd3320fc2" executionId="3866434e-511e-4895-8252-416e15d1a2ed" testListId="8c84fa94-04c1-424b-9868-57a2d4851a1d" />
    <TestEntry testId="97a8f076-4252-40f7-8daa-e1c2de8e6565" executionId="9b87a79f-a448-4edf-9d80-f7bff0d7b9a9" testListId="8c84fa94-04c1-424b-9868-57a2d4851a1d" />
    <TestEntry testId="e8e2071f-afae-4617-8a0c-55653ebb5762" executionId="93370446-24ba-4913-af20-4a6c2ac20ff9" testListId="8c84fa94-04c1-424b-9868-57a2d4851a1d" />
    <TestEntry testId="abbfafba-3de2-48e3-aa82-41dd8b4fdbec" executionId="516cebbd-9417-4b71-98a6-c2490bc81364" testListId="8c84fa94-04c1-424b-9868-57a2d4851a1d" />
    <TestEntry testId="1f089363-4aad-4bfd-918f-18a80a5cd047" executionId="45343b88-1a57-443f-ac01-dc8a8c807f55" testListId="8c84fa94-04c1-424b-9868-57a2d4851a1d" />
    <TestEntry testId="4c926dda-d1f3-4b5d-ad04-04f980d299ec" executionId="4009703b-551f-474a-beda-533a4fa2c34d" testListId="8c84fa94-04c1-424b-9868-57a2d4851a1d" />
    <TestEntry testId="84dc0871-b1b0-4d6b-b213-128cb512d637" executionId="7413ce02-2764-4d98-ad57-d3b7541c5aed" testListId="8c84fa94-04c1-424b-9868-57a2d4851a1d" />
    <TestEntry testId="03e75d80-38a1-47f7-9921-b8fda2e4edd1" executionId="7d55b3a3-676c-4640-981a-a404366dff41" testListId="8c84fa94-04c1-424b-9868-57a2d4851a1d" />
    <TestEntry testId="50ab61d7-61c2-44a3-8e5c-b63c2e915a36" executionId="f7acab93-0300-4f76-931a-485d288ce4c9" testListId="8c84fa94-04c1-424b-9868-57a2d4851a1d" />
    <TestEntry testId="6f00dfdc-f5f1-4be7-ba97-48709e0e991b" executionId="765f4fb4-c680-4753-b1ce-1b42e805c4d9" testListId="8c84fa94-04c1-424b-9868-57a2d4851a1d" />
    <TestEntry testId="1b68fe88-068c-43e5-9cb4-fcc615ed8c92" executionId="8cecf6cd-9ffc-4a70-baae-cb9e2b0791ee" testListId="8c84fa94-04c1-424b-9868-57a2d4851a1d" />
    <TestEntry testId="847f9e13-2c56-4d29-b725-486847adc25c" executionId="95ceae71-8756-4482-9f6d-0174fe86560d" testListId="8c84fa94-04c1-424b-9868-57a2d4851a1d" />
    <TestEntry testId="12963ac9-eaab-4847-aa07-9377a3a7fcb3" executionId="0baa79fc-28a9-45d1-b9f5-bb266fddad53" testListId="8c84fa94-04c1-424b-9868-57a2d4851a1d" />
    <TestEntry testId="896e6679-55bd-4d4d-a27c-639d72395f5d" executionId="7915c461-409d-4513-852f-494621f8ef84" testListId="8c84fa94-04c1-424b-9868-57a2d4851a1d" />
    <TestEntry testId="11499ae8-c24e-4c2d-afb8-733b01853c89" executionId="4f02db65-05ca-4bae-ba44-c64d23a53a74" testListId="8c84fa94-04c1-424b-9868-57a2d4851a1d" />
    <TestEntry testId="a4edb8d2-f05b-4186-ae10-fa13eab60d74" executionId="b13e675b-f3ed-43e4-af53-1996ed2efbb7" testListId="8c84fa94-04c1-424b-9868-57a2d4851a1d" />
    <TestEntry testId="b05b2d48-5d7b-4df2-a228-508eb69aac5c" executionId="62c9312f-a675-49d5-b69c-b310286ccb9c" testListId="8c84fa94-04c1-424b-9868-57a2d4851a1d" />
    <TestEntry testId="be621b5c-db45-43cc-8a07-cb563a6c7619" executionId="c4257318-41d9-44aa-89f1-472a110008cf" testListId="8c84fa94-04c1-424b-9868-57a2d4851a1d" />
    <TestEntry testId="a0f9aac7-2f17-464d-b3d2-ea8a69a07230" executionId="f0db34a5-2521-4df5-b897-2dc113fb2afb" testListId="8c84fa94-04c1-424b-9868-57a2d4851a1d" />
    <TestEntry testId="e1259ff1-ec79-48ba-97b6-7533c4c8eb52" executionId="97876514-7a6e-46a1-a4cf-606be5499b0f" testListId="8c84fa94-04c1-424b-9868-57a2d4851a1d" />
    <TestEntry testId="a0fdc695-2299-4329-b730-56214381b34a" executionId="30e21a24-4ae1-4308-badc-1d0d536b5380" testListId="8c84fa94-04c1-424b-9868-57a2d4851a1d" />
    <TestEntry testId="638c47ee-4b53-4b69-8f88-b3f8a2a76a51" executionId="49dafbb9-d813-482f-8cfe-745a56cdfdca" testListId="8c84fa94-04c1-424b-9868-57a2d4851a1d" />
    <TestEntry testId="0c674179-8e15-46ad-8105-b8ad36a9ce18" executionId="3524dbac-922c-479d-bf0a-b1190053c260" testListId="8c84fa94-04c1-424b-9868-57a2d4851a1d" />
    <TestEntry testId="44b3bfae-d7b1-4862-85f1-d0a725443735" executionId="42f56211-5477-4dd9-9523-24f1f3b9e7a4" testListId="8c84fa94-04c1-424b-9868-57a2d4851a1d" />
    <TestEntry testId="860d7687-e5fa-4838-950f-4979eae2f6a4" executionId="ef1e8426-16a5-463b-a478-7bde1a3ac1e2" testListId="8c84fa94-04c1-424b-9868-57a2d4851a1d" />
    <TestEntry testId="f3c4ada5-e5ed-463a-a128-7bbe09008416" executionId="8f4860df-763e-4c6a-9f82-5a451a2d75aa" testListId="8c84fa94-04c1-424b-9868-57a2d4851a1d" />
    <TestEntry testId="603b7a6a-5e9b-424d-aa59-373026d161dd" executionId="4af3930e-f48c-475f-b6b2-0a5e795ac6f0" testListId="8c84fa94-04c1-424b-9868-57a2d4851a1d" />
    <TestEntry testId="35850cd7-5775-4b60-bb13-ed26b400e058" executionId="e63c4200-f900-4440-95dc-9b6a407476ca" testListId="8c84fa94-04c1-424b-9868-57a2d4851a1d" />
    <TestEntry testId="805b0dee-68c1-4455-8630-15a91b80d357" executionId="f294efa3-1042-4d98-99ec-d104e56f7069" testListId="8c84fa94-04c1-424b-9868-57a2d4851a1d" />
    <TestEntry testId="d7f6c740-4d1e-465e-ae19-0b2eb088bc6b" executionId="544f2b5a-183c-4178-8871-d77daf363592" testListId="8c84fa94-04c1-424b-9868-57a2d4851a1d" />
    <TestEntry testId="7d0b8dba-c269-42de-8073-7a9d59fcfaf7" executionId="59d5180c-bd97-4e8a-9d67-34c94271fe76" testListId="8c84fa94-04c1-424b-9868-57a2d4851a1d" />
    <TestEntry testId="c80be484-4d2e-41de-88ff-3f6f0e90f4ee" executionId="f9261433-1ad4-4bd0-b728-ee78fb6f3103" testListId="8c84fa94-04c1-424b-9868-57a2d4851a1d" />
    <TestEntry testId="1171a2e8-2b4a-409f-b726-39b44513a0c3" executionId="d857ba35-0218-4f20-9007-f0c99913812f" testListId="8c84fa94-04c1-424b-9868-57a2d4851a1d" />
    <TestEntry testId="72c6c450-4e44-4da8-a7c9-ca0c02809483" executionId="128f3dec-58fd-4694-b707-2e80241fd234" testListId="8c84fa94-04c1-424b-9868-57a2d4851a1d" />
    <TestEntry testId="e3411dcb-d0de-410d-8b79-6654e6e63c70" executionId="7b8f7943-4c97-413a-bf17-fe5d2322cb44" testListId="8c84fa94-04c1-424b-9868-57a2d4851a1d" />
    <TestEntry testId="967a05a4-8b7f-4626-9b81-127baa05eb52" executionId="c95f1771-337c-46ad-ab11-2b0d1027e0a4" testListId="8c84fa94-04c1-424b-9868-57a2d4851a1d" />
    <TestEntry testId="a743c4c3-fbc4-4340-ba0f-a8637af8fae6" executionId="410495bf-12e4-4065-b842-61afd622fd37" testListId="8c84fa94-04c1-424b-9868-57a2d4851a1d" />
    <TestEntry testId="3a8f9ff2-96cb-495c-a015-e4a5ae5f1572" executionId="646c0050-1997-469c-9721-1459c7cf355a" testListId="8c84fa94-04c1-424b-9868-57a2d4851a1d" />
    <TestEntry testId="bbf7990d-8d6c-4739-91cb-f645a792d19a" executionId="b86f8b25-f397-4643-9eac-eb4ddbf5f3c4" testListId="8c84fa94-04c1-424b-9868-57a2d4851a1d" />
    <TestEntry testId="b7e0f29c-ce83-412b-a866-ba8cd2f8cc31" executionId="050f8141-1330-4511-835b-906dfd5227d8" testListId="8c84fa94-04c1-424b-9868-57a2d4851a1d" />
    <TestEntry testId="c0fea437-580a-457e-bda3-f7ec7d4ffc24" executionId="d4884ba1-a84b-46cc-9b60-70aa209f8421" testListId="8c84fa94-04c1-424b-9868-57a2d4851a1d" />
    <TestEntry testId="5ce826b6-52c7-4864-8928-a624a5e3b013" executionId="b484ad84-e72e-4926-b7f4-aa31dd8b3a27" testListId="8c84fa94-04c1-424b-9868-57a2d4851a1d" />
    <TestEntry testId="0e041649-e165-4cad-8d44-76e731be5050" executionId="27b60997-6139-4040-ab19-bb8260aee109" testListId="8c84fa94-04c1-424b-9868-57a2d4851a1d" />
    <TestEntry testId="6f90f38e-941e-4d0d-a257-6cb6af6bfd2b" executionId="b61a73fb-68fe-4e7b-807d-69b80e64f491" testListId="8c84fa94-04c1-424b-9868-57a2d4851a1d" />
    <TestEntry testId="b7b1701f-f8fe-4b07-a1ab-fb6b69b745b2" executionId="b99277f4-48d7-4d54-aa5d-f79dfb8d76b8" testListId="8c84fa94-04c1-424b-9868-57a2d4851a1d" />
    <TestEntry testId="b3a34acd-0e1e-42bd-b2f6-295f480d243e" executionId="d0d55bea-9d32-4253-9556-4aa34dc560d1" testListId="8c84fa94-04c1-424b-9868-57a2d4851a1d" />
    <TestEntry testId="f3468555-0628-45ac-b46c-119804e9bcaa" executionId="cc99ff63-c3c7-4d19-a598-d9b5ed1e8289" testListId="8c84fa94-04c1-424b-9868-57a2d4851a1d" />
    <TestEntry testId="739ca908-deb2-4540-9c0d-f41c2e31da3d" executionId="58736b92-043f-4cc8-acc4-12ed474a53df" testListId="8c84fa94-04c1-424b-9868-57a2d4851a1d" />
    <TestEntry testId="ffa8a464-ede4-4346-b485-56bae91baf79" executionId="5b8ba485-1de8-4774-afe7-1cd20d824c75" testListId="8c84fa94-04c1-424b-9868-57a2d4851a1d" />
    <TestEntry testId="a1ab2997-6d60-4c95-97f8-7c175e9d96b6" executionId="11b9476d-d0e7-4803-9a52-beb9cd30ffb8" testListId="8c84fa94-04c1-424b-9868-57a2d4851a1d" />
    <TestEntry testId="e7e34ee8-0551-41e1-a295-089f65e51e67" executionId="568fc51d-4b83-4d5b-9350-2f77e43b4f4b" testListId="8c84fa94-04c1-424b-9868-57a2d4851a1d" />
    <TestEntry testId="09d61e6e-159a-45c1-8e14-8556554190dc" executionId="f7b67cd4-0f14-44b0-8c87-50e75ceb3216" testListId="8c84fa94-04c1-424b-9868-57a2d4851a1d" />
    <TestEntry testId="2e44e8f2-f7f5-4e29-943a-56adf885726a" executionId="c3d78069-413e-4897-aa6b-ec1ca6a8b6aa" testListId="8c84fa94-04c1-424b-9868-57a2d4851a1d" />
    <TestEntry testId="c369ccbb-2258-4943-beb6-efdb2c9b3237" executionId="54adf10d-88f0-4d51-90c8-ac2bcd4a16b1" testListId="8c84fa94-04c1-424b-9868-57a2d4851a1d" />
    <TestEntry testId="7eff5b80-48d3-4e8d-a1ce-e6db3fa41a88" executionId="fd9b4988-3595-4776-ab0f-bcf482f89997" testListId="8c84fa94-04c1-424b-9868-57a2d4851a1d" />
    <TestEntry testId="fbb369e5-8eae-4e8f-8eea-efeb562e3a50" executionId="192ee7cf-10ed-4945-ab2c-2feef40d8ab7" testListId="8c84fa94-04c1-424b-9868-57a2d4851a1d" />
    <TestEntry testId="c89dba63-7450-420a-862e-bcc33f4bf0ae" executionId="b9fb4f97-58dd-4264-b498-dab2ad2e5f25" testListId="8c84fa94-04c1-424b-9868-57a2d4851a1d" />
    <TestEntry testId="957bb935-17af-49a9-9555-cbbbeb5e505d" executionId="884ab489-c6e4-4231-8bee-094749f4bd6b" testListId="8c84fa94-04c1-424b-9868-57a2d4851a1d" />
    <TestEntry testId="79199b0d-0725-4c13-a85f-ab5a072e236e" executionId="a29d904c-beec-4439-845d-0cac0b33f848" testListId="8c84fa94-04c1-424b-9868-57a2d4851a1d" />
    <TestEntry testId="5a008350-b93a-430e-9860-4db51937d840" executionId="dcc76317-9e17-44d2-a68f-acfe8b0cc823" testListId="8c84fa94-04c1-424b-9868-57a2d4851a1d" />
    <TestEntry testId="c9ebdebe-6930-4536-8d62-435ae6fea452" executionId="2e01ea2f-7016-46e2-881c-eaa4e2b13b72" testListId="8c84fa94-04c1-424b-9868-57a2d4851a1d" />
    <TestEntry testId="eb82956b-1f3e-4bc5-bc9a-e9db3c07a959" executionId="8dfc2e9f-f124-48e9-90b4-5e18207293a4" testListId="8c84fa94-04c1-424b-9868-57a2d4851a1d" />
    <TestEntry testId="9d7c8f8c-f682-45c1-b484-51397857cc98" executionId="b3000e1c-1716-4842-bddd-008ddedefbe1" testListId="8c84fa94-04c1-424b-9868-57a2d4851a1d" />
    <TestEntry testId="95cce985-9733-4596-94cc-1dd870836142" executionId="ea29d6e8-0a14-4ac9-b87d-462c021b970d" testListId="8c84fa94-04c1-424b-9868-57a2d4851a1d" />
    <TestEntry testId="dc801c75-e71e-4606-b5fa-65f330670bbd" executionId="3e032ab2-4b67-4ac4-830c-4c9b96754b81" testListId="8c84fa94-04c1-424b-9868-57a2d4851a1d" />
    <TestEntry testId="c0a97cd3-9658-479c-8628-2ef119444780" executionId="4f15eb1d-0d25-4f38-b1bb-232ee435dfd3" testListId="8c84fa94-04c1-424b-9868-57a2d4851a1d" />
    <TestEntry testId="0b686ff6-b0bd-4be3-807d-2a49b0716528" executionId="0c5c99cc-c9d6-4a8c-a0ed-88cfd38db185" testListId="8c84fa94-04c1-424b-9868-57a2d4851a1d" />
    <TestEntry testId="17ceef7a-0277-43e0-9b12-4e0e1a75dfe9" executionId="fecfad13-f213-4c1b-8f4d-3676a5e69ed0" testListId="8c84fa94-04c1-424b-9868-57a2d4851a1d" />
    <TestEntry testId="a0e4899a-e910-46db-9fb9-47e88012c750" executionId="c1679360-69e7-4dc5-93f5-ac459a509bd3" testListId="8c84fa94-04c1-424b-9868-57a2d4851a1d" />
    <TestEntry testId="3fe1c82c-5fa7-47b1-bf2b-a6279999953a" executionId="77a21cbf-a28d-4c0c-971b-8e0a7b163f16" testListId="8c84fa94-04c1-424b-9868-57a2d4851a1d" />
    <TestEntry testId="105292e1-dd3b-443b-b61e-81db3e10aa3b" executionId="5ed45a23-c969-4273-8a00-00fcf07c0953" testListId="8c84fa94-04c1-424b-9868-57a2d4851a1d" />
    <TestEntry testId="84505fa2-3055-494e-8787-ced64e1374f9" executionId="48b3327d-89bb-4580-85a6-c70c4762f282" testListId="8c84fa94-04c1-424b-9868-57a2d4851a1d" />
    <TestEntry testId="113c0ea1-7afc-4891-8ecd-020d87de643c" executionId="a7aea713-b5d3-4a0f-a4ee-5b2a2d14ca11" testListId="8c84fa94-04c1-424b-9868-57a2d4851a1d" />
    <TestEntry testId="65a0d7cc-2fb7-41b4-9be2-8f690c1ac842" executionId="cb257d17-5fee-460e-8ce8-e4865d1ded12" testListId="8c84fa94-04c1-424b-9868-57a2d4851a1d" />
    <TestEntry testId="1a395104-a762-4df0-8dca-c950af0f5c8e" executionId="e37f5e79-daee-4ae7-b20e-7d1ebc2aab49" testListId="8c84fa94-04c1-424b-9868-57a2d4851a1d" />
    <TestEntry testId="55dd1f8a-09de-4d8b-aafc-f2ba8709cd4c" executionId="b6bea9c1-86cf-40f7-a049-609fd5c0b127" testListId="8c84fa94-04c1-424b-9868-57a2d4851a1d" />
    <TestEntry testId="9bb1db14-9dbc-497f-86ed-9b1beee25329" executionId="35c7f42e-bfd2-4509-82f4-8b441f502da9" testListId="8c84fa94-04c1-424b-9868-57a2d4851a1d" />
    <TestEntry testId="bcb13d1e-6684-4490-b7aa-9620b317e8f7" executionId="e177b51e-f220-49ea-b8e0-51a165756084" testListId="8c84fa94-04c1-424b-9868-57a2d4851a1d" />
    <TestEntry testId="47032c16-77e5-4696-928a-63b1629c20e3" executionId="d6f57cce-4583-42cc-9d66-1a0235a2a8dc" testListId="8c84fa94-04c1-424b-9868-57a2d4851a1d" />
    <TestEntry testId="a65722f6-dcb3-4502-ad7e-7b4b8ac765eb" executionId="7c8dbc2c-2af3-4eb0-81db-453a06d8aea3" testListId="8c84fa94-04c1-424b-9868-57a2d4851a1d" />
    <TestEntry testId="64271559-7d76-4126-8b60-438e9422d469" executionId="0a908b9f-1a23-44bf-bc5e-a43d454eface" testListId="8c84fa94-04c1-424b-9868-57a2d4851a1d" />
    <TestEntry testId="9b911da6-e5f5-4ead-98af-3f8472c4f83b" executionId="de265f60-73a0-4c61-9804-89ad91fbbcd6" testListId="8c84fa94-04c1-424b-9868-57a2d4851a1d" />
    <TestEntry testId="d6b58923-5e34-46b2-93ef-727e606280e3" executionId="27089904-a631-42a1-9664-9b62a16ca1c4" testListId="8c84fa94-04c1-424b-9868-57a2d4851a1d" />
    <TestEntry testId="2ba5ecb8-294f-4c6d-80a8-f825cbaed267" executionId="cae4d2ba-946e-42af-8710-efca0431a0ed" testListId="8c84fa94-04c1-424b-9868-57a2d4851a1d" />
    <TestEntry testId="21a4b93a-e32a-4cda-94f3-3d57d692da15" executionId="0db6e1e4-e042-44eb-aa69-aaffb9525431" testListId="8c84fa94-04c1-424b-9868-57a2d4851a1d" />
    <TestEntry testId="666480af-b4f7-49f1-ab6f-017a85ffde64" executionId="5184e76e-0b7e-40ec-a634-09e101f15be1" testListId="8c84fa94-04c1-424b-9868-57a2d4851a1d" />
    <TestEntry testId="0b851544-56e1-4d68-8f2e-0ba03d0d4c5f" executionId="88910b8c-eac3-49d6-8ff5-5b781476134d" testListId="8c84fa94-04c1-424b-9868-57a2d4851a1d" />
    <TestEntry testId="76748a82-9d2b-485b-ae16-d84ae5f923a3" executionId="70291407-f5dd-4f83-a6fe-c0190ac0b86d" testListId="8c84fa94-04c1-424b-9868-57a2d4851a1d" />
    <TestEntry testId="68a4102a-0081-469f-b0d6-c934874d4c4e" executionId="ded54667-3f93-4cbb-bc61-e4a4f5ce7e43" testListId="8c84fa94-04c1-424b-9868-57a2d4851a1d" />
    <TestEntry testId="7fb034e5-18a1-451d-bf17-ef208e593924" executionId="acc1a5aa-aff1-4926-869f-370304955dbd" testListId="8c84fa94-04c1-424b-9868-57a2d4851a1d" />
    <TestEntry testId="d23e9093-95aa-430e-9431-2b8efd003bcb" executionId="55c8d339-f4cc-439f-a169-637f96db2928" testListId="8c84fa94-04c1-424b-9868-57a2d4851a1d" />
    <TestEntry testId="b384dcd9-4752-4568-85cb-d4fa1c3f61ee" executionId="c42f21c7-763a-4478-84c9-26cfef70e250" testListId="8c84fa94-04c1-424b-9868-57a2d4851a1d" />
    <TestEntry testId="d8a1b8dc-5778-42df-af60-05ea56dcabd1" executionId="1cc71a34-b4ba-48d1-819e-83e45913d53d" testListId="8c84fa94-04c1-424b-9868-57a2d4851a1d" />
    <TestEntry testId="93ac116b-43b7-4ad5-a41f-e86961a7a4bd" executionId="5442c438-c7a6-4081-999b-89e3cf7b2bd2" testListId="8c84fa94-04c1-424b-9868-57a2d4851a1d" />
    <TestEntry testId="f524ea75-5300-46d7-b721-f490ad0f1acf" executionId="e28c03c0-7991-4ebe-af90-42cb5c89a16a" testListId="8c84fa94-04c1-424b-9868-57a2d4851a1d" />
    <TestEntry testId="fc2dd398-722d-434a-a472-8311d7e7f141" executionId="8cfd4963-21dd-4987-b07d-6b2cfb338d1c" testListId="8c84fa94-04c1-424b-9868-57a2d4851a1d" />
    <TestEntry testId="f9a9bae8-2282-409a-bf98-abb3af76b386" executionId="16bad33c-6cb9-4b0b-8663-7ae72af1468e" testListId="8c84fa94-04c1-424b-9868-57a2d4851a1d" />
    <TestEntry testId="06d4c3a1-1cbd-42f7-a15a-1a07f56164db" executionId="124d8c2e-bee9-4061-9198-d4b8deeca888" testListId="8c84fa94-04c1-424b-9868-57a2d4851a1d" />
    <TestEntry testId="ff532a67-1e90-4ce2-8cf4-c85c202a9ff6" executionId="329f80c3-84d9-420f-b4e6-f9d5f79e4cf5" testListId="8c84fa94-04c1-424b-9868-57a2d4851a1d" />
    <TestEntry testId="ee7b2493-ae58-4ed7-9414-5124c65f1ffe" executionId="8ed593ff-2c08-4b1d-ba75-0243c62b6cea" testListId="8c84fa94-04c1-424b-9868-57a2d4851a1d" />
    <TestEntry testId="143636c4-ee57-4061-baa2-c57bd26b166e" executionId="0832dc8e-0e52-40ed-83e4-87f62863e11c" testListId="8c84fa94-04c1-424b-9868-57a2d4851a1d" />
    <TestEntry testId="134cc210-24bc-47f9-8f3a-52d7932d26ae" executionId="5fba4846-ef72-454e-9d3f-6077342389d4" testListId="8c84fa94-04c1-424b-9868-57a2d4851a1d" />
    <TestEntry testId="26906fa4-0bdb-4f52-a650-33052eed376a" executionId="e8168ea9-a612-4c76-8d37-762e54f4dc2b" testListId="8c84fa94-04c1-424b-9868-57a2d4851a1d" />
    <TestEntry testId="f343df5a-5e0f-42d3-a9d3-252997b5f7a5" executionId="6f6fe0cf-072b-4e7c-b7ab-46fe0a09a3cd" testListId="8c84fa94-04c1-424b-9868-57a2d4851a1d" />
    <TestEntry testId="e342fe0e-2588-4a9d-a236-b2689180b4c7" executionId="70a7e654-debc-4782-ba94-317cfc39d4b2" testListId="8c84fa94-04c1-424b-9868-57a2d4851a1d" />
    <TestEntry testId="adeb3477-70d6-43c3-a600-8570f8e71010" executionId="4194a5fe-9a1a-4eab-b0c2-03762a624500" testListId="8c84fa94-04c1-424b-9868-57a2d4851a1d" />
    <TestEntry testId="c610bb57-0f40-4f1b-81a8-c6c1dd7fad2b" executionId="13c59dc8-15dc-45d1-9513-5d667d72be0a" testListId="8c84fa94-04c1-424b-9868-57a2d4851a1d" />
    <TestEntry testId="53b703da-cebc-4c8f-8fef-3d58492593d6" executionId="1dc656e2-c2e8-4074-86af-a3c3035b90af" testListId="8c84fa94-04c1-424b-9868-57a2d4851a1d" />
    <TestEntry testId="8de8742f-9d71-4b9f-9136-5c84e707aa3f" executionId="e0477b6a-41fe-463e-9a27-5c2d71247859" testListId="8c84fa94-04c1-424b-9868-57a2d4851a1d" />
    <TestEntry testId="5966cf86-5dee-4c9c-8210-4367ad9fc5a5" executionId="83d39c60-6b23-4dd0-9c64-8c8e420ef8fc" testListId="8c84fa94-04c1-424b-9868-57a2d4851a1d" />
    <TestEntry testId="fc78f13d-ccd1-4c48-9a42-ed9332ba4aab" executionId="455e6c9c-c85d-4c8c-ba6d-c3a875424b57" testListId="8c84fa94-04c1-424b-9868-57a2d4851a1d" />
    <TestEntry testId="b6ba5eaf-d1b7-4f49-9e48-1ef2f55d4d61" executionId="5d66f887-989a-460b-bcb2-5d1749da8938" testListId="8c84fa94-04c1-424b-9868-57a2d4851a1d" />
    <TestEntry testId="158ed47e-41c4-43f4-b58a-ed39b1290be9" executionId="1e657e42-7fe9-449c-a097-0fada4fd9635" testListId="8c84fa94-04c1-424b-9868-57a2d4851a1d" />
    <TestEntry testId="fa746d02-2fbf-4cbe-aed2-ab56998ac86d" executionId="5c1ff1d5-208f-4600-8425-aac5636b579a" testListId="8c84fa94-04c1-424b-9868-57a2d4851a1d" />
    <TestEntry testId="d4921af5-71bd-464b-a361-320afc646dbd" executionId="58238cb1-3f01-4f54-a668-103e6b0304f7" testListId="8c84fa94-04c1-424b-9868-57a2d4851a1d" />
    <TestEntry testId="b49e707c-1aae-4be9-a458-4015372f2303" executionId="97be6de6-c6a2-424d-9e7e-fe6958d81e74" testListId="8c84fa94-04c1-424b-9868-57a2d4851a1d" />
    <TestEntry testId="fd6ff8c2-5022-41a9-8c32-27c44cc144cd" executionId="5ac8467a-f099-47ba-8d1d-82c92dc0944f" testListId="8c84fa94-04c1-424b-9868-57a2d4851a1d" />
    <TestEntry testId="ba343485-9f45-4ad7-b44d-42d1f02afe3f" executionId="10c292cc-5d56-4b3c-9c7e-1ef54c2e4711" testListId="8c84fa94-04c1-424b-9868-57a2d4851a1d" />
    <TestEntry testId="e6ef33da-391b-45f3-96e4-4d3bd2eeb79c" executionId="f0951723-9fb0-432e-b1ca-6653270dbd98" testListId="8c84fa94-04c1-424b-9868-57a2d4851a1d" />
    <TestEntry testId="c4115112-813f-4f8c-b324-1596bf51bd65" executionId="ee1788a7-2422-48ad-952d-708cfc70f8a1" testListId="8c84fa94-04c1-424b-9868-57a2d4851a1d" />
    <TestEntry testId="c2016827-8bec-40c2-93d5-e10f527a1def" executionId="41e0dfe3-d2be-427e-8a7f-9c1280638b96" testListId="8c84fa94-04c1-424b-9868-57a2d4851a1d" />
    <TestEntry testId="87ff7b60-361a-4788-86c4-d1dd256fc383" executionId="9e8741ec-96c3-46a3-8a28-9154f2e5cd3b" testListId="8c84fa94-04c1-424b-9868-57a2d4851a1d" />
    <TestEntry testId="62c2aa04-84c8-4068-b4f1-a61bfd045920" executionId="55d692b5-18ec-4408-89fa-98a064d12ee4" testListId="8c84fa94-04c1-424b-9868-57a2d4851a1d" />
    <TestEntry testId="cd197a46-0775-45c8-8ad9-d8dabba4d8ef" executionId="b52f9f37-d56e-4ff6-8d13-e85eb1a13c9d" testListId="8c84fa94-04c1-424b-9868-57a2d4851a1d" />
    <TestEntry testId="508aeeca-5c3c-4b99-b31b-f9f12813d703" executionId="52c2868b-088b-44ed-a413-a094bacf775f" testListId="8c84fa94-04c1-424b-9868-57a2d4851a1d" />
    <TestEntry testId="2f72a148-5018-4938-a913-8948293483aa" executionId="d7ba9236-9175-4878-88a6-bc6104840b91" testListId="8c84fa94-04c1-424b-9868-57a2d4851a1d" />
    <TestEntry testId="fae41e11-0c0d-4e9f-b0ae-ec6c45b9b4ae" executionId="ec79e329-2d4e-487a-9de8-30b5ddd2d692" testListId="8c84fa94-04c1-424b-9868-57a2d4851a1d" />
    <TestEntry testId="8bd5c911-3a46-46ad-b3a5-c67b3abc5ff0" executionId="068733a0-66aa-482d-a337-06402636ea54" testListId="8c84fa94-04c1-424b-9868-57a2d4851a1d" />
    <TestEntry testId="acb88309-ad8e-4c65-b951-11ba7bd14f20" executionId="3ce5e00a-e51d-4ed4-9d52-364193317197" testListId="8c84fa94-04c1-424b-9868-57a2d4851a1d" />
    <TestEntry testId="2f97b4c8-4f8f-4659-a2d6-d5908a93b5aa" executionId="467a1bc8-d526-460f-a401-1d6817762895" testListId="8c84fa94-04c1-424b-9868-57a2d4851a1d" />
    <TestEntry testId="e9a10f51-f74d-487b-8960-b04bcfdc2054" executionId="d40a75f5-d0a7-439f-a463-8da3bf1d4ee8" testListId="8c84fa94-04c1-424b-9868-57a2d4851a1d" />
    <TestEntry testId="3b313f0e-cc03-456f-b4e4-c242dbf627f2" executionId="afc773be-56d0-4469-924d-410d09cbdf3b" testListId="8c84fa94-04c1-424b-9868-57a2d4851a1d" />
    <TestEntry testId="e59b7dca-0b74-4fe4-97ee-3409e15f65e0" executionId="d78a525a-5f82-42b9-a87d-58838d5c8af0" testListId="8c84fa94-04c1-424b-9868-57a2d4851a1d" />
    <TestEntry testId="79a9bc28-81fc-4a01-9425-5d3d2f7a4295" executionId="92b14e71-d1c2-4993-848a-950b42a0cdf2" testListId="8c84fa94-04c1-424b-9868-57a2d4851a1d" />
    <TestEntry testId="1096937d-020c-444f-bedc-cd02abd2f254" executionId="0bda4395-7228-4d50-a084-fe1cda1cd199" testListId="8c84fa94-04c1-424b-9868-57a2d4851a1d" />
    <TestEntry testId="eb2b1fcf-d937-416d-9e25-d87670825d6a" executionId="bcd64e24-4219-4dd1-9227-5eccae8ea24b" testListId="8c84fa94-04c1-424b-9868-57a2d4851a1d" />
    <TestEntry testId="45a6b1ce-1f02-4606-80a7-0f68c02fd61d" executionId="4e38aa65-27f6-4519-86e9-a06f3ffb5f59" testListId="8c84fa94-04c1-424b-9868-57a2d4851a1d" />
    <TestEntry testId="be46778d-83ca-435a-b4e8-e9bccf370c4d" executionId="bbc72d8e-97f5-47e4-996f-cdde1a915dc4" testListId="8c84fa94-04c1-424b-9868-57a2d4851a1d" />
    <TestEntry testId="ba88443e-8bf3-4170-8290-b54392c036e5" executionId="ca1367cc-f4f5-423f-9507-184f0df5e7cf" testListId="8c84fa94-04c1-424b-9868-57a2d4851a1d" />
    <TestEntry testId="1434ff91-7b5a-43d6-be57-34fc7e08e693" executionId="b0125c51-9aae-42e1-a94e-c7e3ad4bc48b" testListId="8c84fa94-04c1-424b-9868-57a2d4851a1d" />
    <TestEntry testId="b943f3ce-b88c-4d64-943c-b5ae515cf942" executionId="b8bda7c5-b650-40dd-930d-08a8c3e18240" testListId="8c84fa94-04c1-424b-9868-57a2d4851a1d" />
    <TestEntry testId="6cf89d89-01d5-4958-9818-564f5c7b1941" executionId="dcd3743a-f1c4-4e4b-abf2-8daa16528d70" testListId="8c84fa94-04c1-424b-9868-57a2d4851a1d" />
    <TestEntry testId="80024e89-37d4-49f9-8edb-6992216c4156" executionId="d1ab6ac8-c952-4bee-a960-94e13f9f6f3b" testListId="8c84fa94-04c1-424b-9868-57a2d4851a1d" />
    <TestEntry testId="9ece2b56-1e52-43dc-925a-612fb3bf507b" executionId="1d583f87-b5ab-4d55-8a42-61d5c1a22977" testListId="8c84fa94-04c1-424b-9868-57a2d4851a1d" />
    <TestEntry testId="cef11b7f-2648-45bf-9fb6-d5e361e4ea53" executionId="bba1e64b-6dbc-48e2-9a36-4a448727255e" testListId="8c84fa94-04c1-424b-9868-57a2d4851a1d" />
    <TestEntry testId="2a08fa46-e45a-41e6-b775-2938a89119a1" executionId="fd98a66b-a244-4bf5-bf37-253e9619ad35" testListId="8c84fa94-04c1-424b-9868-57a2d4851a1d" />
    <TestEntry testId="43071cb9-f9e6-448f-a7a6-a88c46d67f17" executionId="c8c7d09c-bd05-48aa-8f24-65b8737e07bc" testListId="8c84fa94-04c1-424b-9868-57a2d4851a1d" />
    <TestEntry testId="abb0d542-53be-4968-80d5-4c465227ca54" executionId="9c5b335c-f89c-479d-8b58-ddf06f66532f" testListId="8c84fa94-04c1-424b-9868-57a2d4851a1d" />
    <TestEntry testId="f9d88b9d-4952-4000-b130-47a523137448" executionId="1b505043-e47f-4690-b67e-5bd97ac10bec" testListId="8c84fa94-04c1-424b-9868-57a2d4851a1d" />
    <TestEntry testId="f95f7748-c83c-4bec-a24f-39254f327a27" executionId="d1cd69c6-24c6-4edc-98eb-801b356cd0d0" testListId="8c84fa94-04c1-424b-9868-57a2d4851a1d" />
    <TestEntry testId="ce1d7ffd-966d-4412-8aca-0d75d5eac238" executionId="02c96ca9-1520-4c62-9635-a478c205b94f" testListId="8c84fa94-04c1-424b-9868-57a2d4851a1d" />
    <TestEntry testId="44e772fb-c91d-408c-9a10-ec9558e27534" executionId="65839427-ebb6-408d-b60a-c217e55e9775" testListId="8c84fa94-04c1-424b-9868-57a2d4851a1d" />
    <TestEntry testId="4222d7ab-a8ec-4f0d-bb41-3db5367ce297" executionId="3f690564-4e55-4753-838f-3432165efec2" testListId="8c84fa94-04c1-424b-9868-57a2d4851a1d" />
    <TestEntry testId="f3d980b2-313f-4896-b7f6-cb022ad211eb" executionId="c406580d-4673-46b4-8c0e-26911c5746ad" testListId="8c84fa94-04c1-424b-9868-57a2d4851a1d" />
    <TestEntry testId="e142ce0a-7713-4c70-86b6-d490a8a81b7c" executionId="c30ff353-ab72-46ac-9c21-fb86eee9e34d" testListId="8c84fa94-04c1-424b-9868-57a2d4851a1d" />
    <TestEntry testId="491080f6-2f5e-4481-be3f-1ed97c360aaa" executionId="76d91b6c-9ed4-4b2d-9030-7317e8f31bee" testListId="8c84fa94-04c1-424b-9868-57a2d4851a1d" />
    <TestEntry testId="0881f53c-20fd-4088-a807-fcdca7da5e93" executionId="7836e3f6-42f3-4aa4-b5f5-64dcf7c4ddcf" testListId="8c84fa94-04c1-424b-9868-57a2d4851a1d" />
    <TestEntry testId="89b434f8-42a4-4acd-9015-b74506b274c7" executionId="9f7296e4-0c6f-4159-bc9c-70cdaf804f38" testListId="8c84fa94-04c1-424b-9868-57a2d4851a1d" />
    <TestEntry testId="04b4c795-2cca-483b-bc02-de85f5ccd158" executionId="353ce92f-4f6f-4c43-a254-85ad26c3701c" testListId="8c84fa94-04c1-424b-9868-57a2d4851a1d" />
    <TestEntry testId="9fa63793-a9c5-4a30-a7a5-189046f5b3c5" executionId="4fbdb82b-60d8-49e9-8148-1f56c2291d99" testListId="8c84fa94-04c1-424b-9868-57a2d4851a1d" />
    <TestEntry testId="12d12517-29bc-4d70-a180-510290b29edf" executionId="5ea386ed-6b32-4155-991c-c0c33462e07e" testListId="8c84fa94-04c1-424b-9868-57a2d4851a1d" />
    <TestEntry testId="2ad3aa1a-db0d-43b8-a959-39e9cd1c5a65" executionId="87ee9e72-7014-4f28-8280-91f6c3927672" testListId="8c84fa94-04c1-424b-9868-57a2d4851a1d" />
    <TestEntry testId="287cd078-fe45-4c2f-a81f-f5d4c6902ec9" executionId="477d42a9-4307-4ec7-89e3-d26104045078" testListId="8c84fa94-04c1-424b-9868-57a2d4851a1d" />
    <TestEntry testId="4d4f1abf-48c8-4728-9747-7dc533797970" executionId="6a87c36d-418b-4e80-91e9-9e81c8b0f30e" testListId="8c84fa94-04c1-424b-9868-57a2d4851a1d" />
    <TestEntry testId="513901b3-0616-4b06-95ac-e6ad66fadf98" executionId="f0c5d564-cc77-4285-bc3b-233fd50914c8" testListId="8c84fa94-04c1-424b-9868-57a2d4851a1d" />
    <TestEntry testId="337af000-240b-4bf1-b64f-2c2dfcae5efe" executionId="376578fe-b0c6-4529-8484-2b1c8b7e0332" testListId="8c84fa94-04c1-424b-9868-57a2d4851a1d" />
    <TestEntry testId="3dc774ff-d4bd-4034-b240-aecf10047bd8" executionId="23349b26-3ed2-4614-a931-78db553da659" testListId="8c84fa94-04c1-424b-9868-57a2d4851a1d" />
    <TestEntry testId="28c13e13-4fef-408c-9a26-85a525f83c24" executionId="84684d62-996c-473c-9942-12594fcd3bb6" testListId="8c84fa94-04c1-424b-9868-57a2d4851a1d" />
    <TestEntry testId="fe14832b-7fc7-447f-a74f-d5c7687cf15d" executionId="54f24104-08cc-4417-99c8-d4d96e9992ed" testListId="8c84fa94-04c1-424b-9868-57a2d4851a1d" />
    <TestEntry testId="fda9e6af-bfd6-493b-bbdd-6743356c8a9b" executionId="c6cf8c04-f8bd-4164-b22e-9432e1c9d7aa" testListId="8c84fa94-04c1-424b-9868-57a2d4851a1d" />
    <TestEntry testId="01899038-e8a5-486e-bed7-328703e606d4" executionId="98d48431-6926-42af-bac8-5dc5532303c9" testListId="8c84fa94-04c1-424b-9868-57a2d4851a1d" />
    <TestEntry testId="ff04546c-ea23-4ba9-a83b-5b119b085644" executionId="d1006713-b84d-4432-a306-7e50c3d1c994" testListId="8c84fa94-04c1-424b-9868-57a2d4851a1d" />
    <TestEntry testId="eb859e5e-b979-4503-a880-b3ab3524f22c" executionId="b78a6e9c-521b-4d74-9b7f-851a95a1e912" testListId="8c84fa94-04c1-424b-9868-57a2d4851a1d" />
    <TestEntry testId="b43b43cd-742d-4cd9-b16b-4aabf98d2601" executionId="efbc7461-c74e-4ac7-b81a-fbfb5e130069" testListId="8c84fa94-04c1-424b-9868-57a2d4851a1d" />
    <TestEntry testId="4b57eeb7-40d1-4120-b7c3-19db3b091553" executionId="91bc0f4a-3090-44c0-be37-447b5ed27f68" testListId="8c84fa94-04c1-424b-9868-57a2d4851a1d" />
    <TestEntry testId="0ee2cab0-6bfa-4474-91e5-932e7976aaa9" executionId="2cc170a6-db28-4778-9b54-7df20ec25e8c" testListId="8c84fa94-04c1-424b-9868-57a2d4851a1d" />
    <TestEntry testId="25a33ba8-eeac-4068-a621-6cf68f857965" executionId="0f5fe932-c121-4951-8a65-48e970fef7d8" testListId="8c84fa94-04c1-424b-9868-57a2d4851a1d" />
    <TestEntry testId="fe41ba93-b056-4754-8a0c-6bcd98af32cd" executionId="621e6e04-e627-4414-b747-527c748cf6d7" testListId="8c84fa94-04c1-424b-9868-57a2d4851a1d" />
    <TestEntry testId="abb5ebab-c478-4fb0-b605-d3e10cff35fd" executionId="1b1b42c5-9697-4c84-8350-364320097d4b" testListId="8c84fa94-04c1-424b-9868-57a2d4851a1d" />
    <TestEntry testId="9b4db3c2-44aa-4bd6-b53c-09bb13a1f5b0" executionId="dfb071a8-24c7-48d1-9083-6885f933e2d8" testListId="8c84fa94-04c1-424b-9868-57a2d4851a1d" />
    <TestEntry testId="2b267e75-d943-4c29-957a-8254f5228791" executionId="4752ba07-4328-4192-a20d-d71a11f1d5ab" testListId="8c84fa94-04c1-424b-9868-57a2d4851a1d" />
    <TestEntry testId="d594c7c9-81c6-4c02-9064-4688f48528ab" executionId="9af9466f-6a17-4e43-a494-566dee4ea818" testListId="8c84fa94-04c1-424b-9868-57a2d4851a1d" />
    <TestEntry testId="a4ee3f30-d45f-4e89-910c-0b69540c2ad8" executionId="709095c0-76e6-44ec-9958-5573334ee0bc" testListId="8c84fa94-04c1-424b-9868-57a2d4851a1d" />
    <TestEntry testId="ec64e7d8-3241-49ac-b664-a984a6dca10c" executionId="6e07f850-156c-4c8d-8aa7-58948ff22466" testListId="8c84fa94-04c1-424b-9868-57a2d4851a1d" />
    <TestEntry testId="b23aa028-d2f5-484f-9d0b-b614ece669d6" executionId="1a863a31-6b17-4894-aa0a-2899b70851e7" testListId="8c84fa94-04c1-424b-9868-57a2d4851a1d" />
    <TestEntry testId="a7b98989-4a86-4c4a-bd55-ffe669b729d4" executionId="730bfad7-29d5-42f2-80c8-8c6194f0b7bd" testListId="8c84fa94-04c1-424b-9868-57a2d4851a1d" />
    <TestEntry testId="33df3f1b-d72d-42ce-a2b5-74e45eae8a7b" executionId="449b90cd-8ed5-4b37-a236-661eff72928e" testListId="8c84fa94-04c1-424b-9868-57a2d4851a1d" />
    <TestEntry testId="e7e07ed4-c513-4342-95b8-f8994a5d8385" executionId="25fb6241-773c-44a1-ace8-49b7793e1f44" testListId="8c84fa94-04c1-424b-9868-57a2d4851a1d" />
    <TestEntry testId="8caca0ff-90a2-44c9-8b1e-417193e3c044" executionId="af5052eb-cb18-4e72-9c0c-861b6603808e" testListId="8c84fa94-04c1-424b-9868-57a2d4851a1d" />
    <TestEntry testId="a7fa5ee6-6ef9-4801-ab19-18b6e4cd33d2" executionId="c86ef51e-5b89-4d69-9cec-1044eab42fb9" testListId="8c84fa94-04c1-424b-9868-57a2d4851a1d" />
    <TestEntry testId="976c090c-bebb-49a8-9416-bd76249870a5" executionId="9396be6b-f662-440c-a541-5972ed4a57e6" testListId="8c84fa94-04c1-424b-9868-57a2d4851a1d" />
    <TestEntry testId="87dc46f9-09bf-4f60-9bd6-00a107dd4f6a" executionId="b2e88ded-af49-47a3-a24d-e45f2fce6cb0" testListId="8c84fa94-04c1-424b-9868-57a2d4851a1d" />
    <TestEntry testId="8b8276cd-b5f8-4b80-8380-dcf1178e338c" executionId="6a73d0dc-8980-4983-a3af-91090d4796e7" testListId="8c84fa94-04c1-424b-9868-57a2d4851a1d" />
    <TestEntry testId="e749810d-a4a7-46d6-a334-e9866ab71809" executionId="0b45be94-33ec-4518-91d4-dcb600dc1886" testListId="8c84fa94-04c1-424b-9868-57a2d4851a1d" />
    <TestEntry testId="e0cca27a-b7ef-48f6-9931-85c69df684f5" executionId="d6893787-0aa3-436c-b765-5c678effafb2" testListId="8c84fa94-04c1-424b-9868-57a2d4851a1d" />
    <TestEntry testId="bb442072-68ef-418d-a4df-68f925b7c58d" executionId="510b51d4-780d-4ac6-84e0-a78a33bec13f" testListId="8c84fa94-04c1-424b-9868-57a2d4851a1d" />
    <TestEntry testId="98181218-3487-4e71-abac-557e476562b6" executionId="bc9fb629-2444-4eb0-a7dd-0d6c129b7a44" testListId="8c84fa94-04c1-424b-9868-57a2d4851a1d" />
    <TestEntry testId="2615ced1-0f5e-443f-9046-155eb1db7686" executionId="ff8df349-e871-498a-b0c9-78fec39483d1" testListId="8c84fa94-04c1-424b-9868-57a2d4851a1d" />
    <TestEntry testId="598138d7-c009-45d9-8a6d-c56d92d478d4" executionId="e6026668-ba42-4543-b40c-94430155045c" testListId="8c84fa94-04c1-424b-9868-57a2d4851a1d" />
    <TestEntry testId="54859c64-7d39-4a83-84fd-faf08057bb85" executionId="ddc237c2-3840-41b8-90e8-e4fd9a294927" testListId="8c84fa94-04c1-424b-9868-57a2d4851a1d" />
    <TestEntry testId="5bbeb6de-4a3f-4638-9a04-e8033a7c4803" executionId="bf266080-1fe2-4fb6-9918-90e42f4c51ed" testListId="8c84fa94-04c1-424b-9868-57a2d4851a1d" />
    <TestEntry testId="a9994291-09eb-4ada-8377-4f767dc4951c" executionId="4ce1a59f-8636-4c83-9d48-74c202226d09" testListId="8c84fa94-04c1-424b-9868-57a2d4851a1d" />
    <TestEntry testId="a0dddbad-8ef0-4284-825e-a9ed60f31ced" executionId="fe2d2b03-6da7-430c-8696-834f9e5f4b9e" testListId="8c84fa94-04c1-424b-9868-57a2d4851a1d" />
    <TestEntry testId="2b774281-f5f5-4def-81af-ff3f91bce001" executionId="cc8df6d6-33dc-4fa7-a5c6-0106ff122ef9" testListId="8c84fa94-04c1-424b-9868-57a2d4851a1d" />
    <TestEntry testId="c09c4e13-17f2-446b-9835-390835d303b2" executionId="bd8db0bc-a27e-4847-ad4d-9afa960ceaec" testListId="8c84fa94-04c1-424b-9868-57a2d4851a1d" />
    <TestEntry testId="2ef1feaf-c706-48a1-9f21-9708c36c4095" executionId="86b31e20-249a-4c55-85e5-a5e64eb978ab" testListId="8c84fa94-04c1-424b-9868-57a2d4851a1d" />
    <TestEntry testId="7408225a-7131-40cb-9d22-1c5e84b38416" executionId="199d9e7a-95ed-48e1-aa2f-da37e156a417" testListId="8c84fa94-04c1-424b-9868-57a2d4851a1d" />
    <TestEntry testId="f75c6381-3dc7-4da8-8980-0a25c3fb574a" executionId="f95f57d9-ba04-4d89-ab15-86f5eb582dcc" testListId="8c84fa94-04c1-424b-9868-57a2d4851a1d" />
    <TestEntry testId="7bee3f5a-1309-42ae-9d11-4ff198ed544c" executionId="553edaae-f551-4231-81a6-10fa08de239a" testListId="8c84fa94-04c1-424b-9868-57a2d4851a1d" />
    <TestEntry testId="72b4f0b8-a512-4e34-b796-5e9c8d670df6" executionId="7fb1baca-501f-473d-8002-748d7ae5b12a" testListId="8c84fa94-04c1-424b-9868-57a2d4851a1d" />
    <TestEntry testId="9fa0ba29-207e-4366-a8aa-1dc94d155a9b" executionId="f8c54f20-f2d1-4a8e-8613-2305ee8f7433" testListId="8c84fa94-04c1-424b-9868-57a2d4851a1d" />
    <TestEntry testId="f7f4033e-5aec-417c-9275-8780681ddd8f" executionId="26e93c9d-4d21-4b21-8dd5-acad64417344" testListId="8c84fa94-04c1-424b-9868-57a2d4851a1d" />
    <TestEntry testId="9c1e2343-e665-4cbf-9566-c6d0fc169c86" executionId="f9d849b3-8ed4-47d1-9bae-4a4e9b49af2c" testListId="8c84fa94-04c1-424b-9868-57a2d4851a1d" />
    <TestEntry testId="47d84f35-9ba1-476d-ad11-0081167cb75b" executionId="4f878fa7-bf8d-4ef4-b43c-7d490d177388" testListId="8c84fa94-04c1-424b-9868-57a2d4851a1d" />
    <TestEntry testId="bc5db750-f13a-45b2-a7f7-2691530ad215" executionId="0412c730-be32-4c0d-9cef-308b22f3165e" testListId="8c84fa94-04c1-424b-9868-57a2d4851a1d" />
    <TestEntry testId="ec718f7b-5e8d-41b3-8e64-c22aea5112b5" executionId="9c3e4ea5-c26f-4f6b-9205-23652a528d9e" testListId="8c84fa94-04c1-424b-9868-57a2d4851a1d" />
    <TestEntry testId="ae060f27-57ad-4008-92cb-ac8a1cfa5770" executionId="388585cb-496e-4027-9133-8f2027fef60f" testListId="8c84fa94-04c1-424b-9868-57a2d4851a1d" />
    <TestEntry testId="4d8e8289-8996-46a4-8c95-0d50b6d5f63d" executionId="c1c5de71-8302-4e24-a52e-ec39433868ff" testListId="8c84fa94-04c1-424b-9868-57a2d4851a1d" />
    <TestEntry testId="8ba7aae9-7682-49d3-bb49-fda29ffef385" executionId="1ea97c9b-f98f-4781-b4ec-079e137f60c7" testListId="8c84fa94-04c1-424b-9868-57a2d4851a1d" />
    <TestEntry testId="34b405d7-79ac-48ac-b38e-640e4c4287d2" executionId="f4fcb4d2-e75b-400d-b5f2-1dc7800a2765" testListId="8c84fa94-04c1-424b-9868-57a2d4851a1d" />
    <TestEntry testId="9cb8b769-1774-4cd5-bc4d-19890a8c5031" executionId="0ac3366d-e1df-4a34-ae2b-ee6ad2a9f026" testListId="8c84fa94-04c1-424b-9868-57a2d4851a1d" />
    <TestEntry testId="d32dfdf6-3ae7-4697-9066-9c267fc67ff0" executionId="f415ffd0-4940-4a8c-99d4-894b75d50430" testListId="8c84fa94-04c1-424b-9868-57a2d4851a1d" />
    <TestEntry testId="45a1be0a-50e7-4cc7-b91d-da682f9af435" executionId="c2aca369-6245-4328-a018-e36638d61490" testListId="8c84fa94-04c1-424b-9868-57a2d4851a1d" />
    <TestEntry testId="d3ae1d54-8e05-4e6e-ba62-d208f36bc725" executionId="728a304f-21fa-4fcb-9bbe-e22307238dde" testListId="8c84fa94-04c1-424b-9868-57a2d4851a1d" />
    <TestEntry testId="12b0a6fc-53e9-469b-b271-b7b964834c95" executionId="4b07ae3b-3bde-4570-b685-7000d9c5ecb0" testListId="8c84fa94-04c1-424b-9868-57a2d4851a1d" />
    <TestEntry testId="533d8f06-58b4-416b-afc4-c4d9fbd743f0" executionId="ff8f68fc-5a30-405a-8c76-5030d746e3c0" testListId="8c84fa94-04c1-424b-9868-57a2d4851a1d" />
    <TestEntry testId="8840e2db-07d7-434b-830a-945bf6f28773" executionId="938169b0-df51-43ac-b99c-3dd651300032" testListId="8c84fa94-04c1-424b-9868-57a2d4851a1d" />
    <TestEntry testId="d508ea66-dbd1-4c1b-8602-1714c3e37aac" executionId="8e833458-66b9-44ed-9471-8172a2ec61f4" testListId="8c84fa94-04c1-424b-9868-57a2d4851a1d" />
    <TestEntry testId="28bdbece-852a-47ca-ba86-8f0476ff328f" executionId="4bbf3d26-b836-4fea-86dd-62467d288d44" testListId="8c84fa94-04c1-424b-9868-57a2d4851a1d" />
    <TestEntry testId="acce6188-28f9-4d2b-a94c-fdb5e281d0ae" executionId="ccdc7f90-8782-4c6f-a1c4-13d1c3ce38bf" testListId="8c84fa94-04c1-424b-9868-57a2d4851a1d" />
    <TestEntry testId="37d6134e-eb9b-48bf-b762-4cc29e50126c" executionId="dea98c74-a506-436e-a24f-ce476b2f4d2b" testListId="8c84fa94-04c1-424b-9868-57a2d4851a1d" />
    <TestEntry testId="9e131368-d45e-456e-8086-cd6cd5c49e6e" executionId="46378bb5-9fdf-40d3-8847-62dbc3d0b1c2" testListId="8c84fa94-04c1-424b-9868-57a2d4851a1d" />
    <TestEntry testId="30e9cdc5-38ae-4851-97d4-91609d0d1c14" executionId="d6bd93a5-7a8d-4216-afaa-a90df429a3af" testListId="8c84fa94-04c1-424b-9868-57a2d4851a1d" />
    <TestEntry testId="10f0f83c-a419-4902-b388-93c790be988e" executionId="96327627-2e74-47bf-9b78-2ee6188f3642" testListId="8c84fa94-04c1-424b-9868-57a2d4851a1d" />
    <TestEntry testId="c4c5b38e-87c7-431a-b563-b7d78d4a85d7" executionId="98f0f08d-44d2-48a8-abc3-f46647dafce4" testListId="8c84fa94-04c1-424b-9868-57a2d4851a1d" />
    <TestEntry testId="79d0f5ea-740c-49a6-9b34-30e368888768" executionId="3c7136f7-6c4b-4b3c-a9c8-19eb8ad337b6" testListId="8c84fa94-04c1-424b-9868-57a2d4851a1d" />
    <TestEntry testId="1e2cd77e-26df-4f7b-ba85-85e3b83c28c9" executionId="8cf8fc47-c756-4284-9e90-614ec76f9b17" testListId="8c84fa94-04c1-424b-9868-57a2d4851a1d" />
    <TestEntry testId="8f967f4a-3b86-45f5-bf78-d4bc3051166a" executionId="71272563-086a-4949-831c-8832da2c716a" testListId="8c84fa94-04c1-424b-9868-57a2d4851a1d" />
    <TestEntry testId="c12c29a7-e6c8-4256-a75f-2c6218451dfb" executionId="21025b9d-6098-4d8f-99aa-4dc349554565" testListId="8c84fa94-04c1-424b-9868-57a2d4851a1d" />
    <TestEntry testId="f01017a6-7a97-4161-b397-f4efb7f99eb3" executionId="7ce9063e-1911-4723-880d-2428952fe7ad" testListId="8c84fa94-04c1-424b-9868-57a2d4851a1d" />
    <TestEntry testId="6585ac72-84cb-44b9-b5ad-cef297b36f35" executionId="1ea6062b-d590-4cd8-9fe9-df1dc408c16f" testListId="8c84fa94-04c1-424b-9868-57a2d4851a1d" />
    <TestEntry testId="e90c6916-b145-4e4c-b06d-1390ba276c77" executionId="1c372439-0aff-49d0-b9b5-2cc5a7b78aea" testListId="8c84fa94-04c1-424b-9868-57a2d4851a1d" />
    <TestEntry testId="cf041c25-c326-4145-93e9-16b80e5c930f" executionId="86dc50d0-8fed-442e-93cf-24435d65db9f" testListId="8c84fa94-04c1-424b-9868-57a2d4851a1d" />
    <TestEntry testId="4ee504a4-cdcf-4c39-a4b1-3f478e51d3dd" executionId="94ee3d72-d653-4795-aace-24fd2136da80" testListId="8c84fa94-04c1-424b-9868-57a2d4851a1d" />
    <TestEntry testId="ce6a80f4-0fcc-4a32-ade1-0a1c80296d36" executionId="0ebd1ca1-7918-4fd2-86cd-ff4ebbe501ed" testListId="8c84fa94-04c1-424b-9868-57a2d4851a1d" />
    <TestEntry testId="0c9943d4-7d7d-4332-925c-83f6d80e2d65" executionId="de2de829-9a95-43f9-9f9b-9e00749666e3" testListId="8c84fa94-04c1-424b-9868-57a2d4851a1d" />
    <TestEntry testId="2c0653b2-9d8d-4512-b95c-493a1e3e9370" executionId="f3e583ac-602e-4ae4-b22c-4042a51dcb05" testListId="8c84fa94-04c1-424b-9868-57a2d4851a1d" />
    <TestEntry testId="4eb572b2-b899-4629-af56-03f7f40a93a5" executionId="54bd19cc-79a8-44f8-a13f-cab9650e1fb1" testListId="8c84fa94-04c1-424b-9868-57a2d4851a1d" />
    <TestEntry testId="23b4fb38-f828-42fb-beed-31f9eccb282a" executionId="8a6157b8-7f26-4c8b-ae93-0a4d522317a2" testListId="8c84fa94-04c1-424b-9868-57a2d4851a1d" />
    <TestEntry testId="56a4cba9-ef14-494b-942a-dfba2b83dfd3" executionId="440137cc-64ea-4f15-93dd-1d414e3c79e0" testListId="8c84fa94-04c1-424b-9868-57a2d4851a1d" />
    <TestEntry testId="b7c9d3a3-36a6-4985-acb8-10f1cd6901e7" executionId="e9c23c64-c8c4-4389-a10a-bdc814919c75" testListId="8c84fa94-04c1-424b-9868-57a2d4851a1d" />
    <TestEntry testId="164df458-f8ff-49c8-92bc-b7ac34804884" executionId="8ebd5ac6-7144-4e01-a6bd-686f8bbe2565" testListId="8c84fa94-04c1-424b-9868-57a2d4851a1d" />
    <TestEntry testId="35a31e21-bf62-4652-997c-87654975016d" executionId="c067414f-24d8-4594-8dd0-c89d2c8aca6a" testListId="8c84fa94-04c1-424b-9868-57a2d4851a1d" />
    <TestEntry testId="ee4f633c-26e5-499e-b7ed-aa09dda3756a" executionId="c421b14f-f1e7-447e-b785-3f36100590c3" testListId="8c84fa94-04c1-424b-9868-57a2d4851a1d" />
    <TestEntry testId="010210bd-b084-45ab-ad17-fe49b0de3340" executionId="c12db702-d3b6-46c1-bae5-c10de9e4bb22" testListId="8c84fa94-04c1-424b-9868-57a2d4851a1d" />
    <TestEntry testId="5fcd2205-c497-4a65-8e1b-aa384762dedc" executionId="351761a1-3cfd-461e-9c89-5a9d79b40f6d" testListId="8c84fa94-04c1-424b-9868-57a2d4851a1d" />
    <TestEntry testId="0b7a3016-a88a-4c79-b0c1-f239f55f7a22" executionId="9dbff28a-fa80-40a7-af53-96ef70251da9" testListId="8c84fa94-04c1-424b-9868-57a2d4851a1d" />
    <TestEntry testId="8105d996-c4a1-42b4-bf01-62dab213d7ae" executionId="cd9a284c-4293-4092-8772-6892caad60eb" testListId="8c84fa94-04c1-424b-9868-57a2d4851a1d" />
    <TestEntry testId="8aa0d00c-e893-4bbf-8cad-38ae4c38fadc" executionId="5075e6cb-ea8b-41c4-88a6-c275eb8ef2a4" testListId="8c84fa94-04c1-424b-9868-57a2d4851a1d" />
    <TestEntry testId="409f4502-d080-48e0-ba66-1d22319c2291" executionId="0f29c472-327f-4e19-93d3-0a1e37fe006d" testListId="8c84fa94-04c1-424b-9868-57a2d4851a1d" />
    <TestEntry testId="26570740-d4db-4b5a-94f9-ed60c275e80d" executionId="8dc9957c-42d7-4846-b40b-24ae42487207" testListId="8c84fa94-04c1-424b-9868-57a2d4851a1d" />
    <TestEntry testId="fe55bc89-b57a-4dca-abb3-997c9769a9fd" executionId="dc1e5c2a-8633-411c-9700-8bedfc804f3c" testListId="8c84fa94-04c1-424b-9868-57a2d4851a1d" />
    <TestEntry testId="16dd6c5d-bb8a-4d7f-a31a-04d1b1de40b4" executionId="95a6a859-1973-4f08-9a65-cd93b9ccfc5c" testListId="8c84fa94-04c1-424b-9868-57a2d4851a1d" />
    <TestEntry testId="b6544786-c56e-41f4-a6df-1a3ecdc03b9a" executionId="ce291ecb-0a4a-4017-997b-bc6048a8c2c9" testListId="8c84fa94-04c1-424b-9868-57a2d4851a1d" />
    <TestEntry testId="baa4cc94-a5ed-4b72-8bca-493c46fd9b6b" executionId="b43e8e5a-8777-49a1-a95e-d2b3aff14842" testListId="8c84fa94-04c1-424b-9868-57a2d4851a1d" />
    <TestEntry testId="67956f59-6486-427d-8e72-6fea6c5f4236" executionId="eb33bdfb-dfb8-4faa-b233-ecff7ec5a447" testListId="8c84fa94-04c1-424b-9868-57a2d4851a1d" />
    <TestEntry testId="2c8230c1-3679-4060-9086-f1d0fbb8b292" executionId="82213352-1a82-4607-9ae3-6d186f15e249" testListId="8c84fa94-04c1-424b-9868-57a2d4851a1d" />
    <TestEntry testId="562e6b81-a9ae-42b4-9807-534864bed3b6" executionId="4fb8b622-4b28-48f1-96fd-bb57d94ff3f9" testListId="8c84fa94-04c1-424b-9868-57a2d4851a1d" />
    <TestEntry testId="867c0595-0066-461b-b56d-85ea895ec998" executionId="ef57a908-e6f0-4e00-a113-0bd3e54b21fa" testListId="8c84fa94-04c1-424b-9868-57a2d4851a1d" />
    <TestEntry testId="1a8e7100-db5d-46e9-88ac-ce40f7f8b0cb" executionId="a08d5a9e-83a1-47c5-ab85-f6a8d985b721" testListId="8c84fa94-04c1-424b-9868-57a2d4851a1d" />
    <TestEntry testId="6e38e2bb-ae7d-445c-9116-ecf3b7240140" executionId="abecee05-e1e3-420b-a2fd-4e93cc21ef41" testListId="8c84fa94-04c1-424b-9868-57a2d4851a1d" />
    <TestEntry testId="a905c238-cc6e-4770-a08d-67e625e76fd9" executionId="1866d415-d404-403c-8f32-26593f32a3b8" testListId="8c84fa94-04c1-424b-9868-57a2d4851a1d" />
    <TestEntry testId="e55368ce-3c71-493c-b399-e7d44232a70a" executionId="73a7b0dd-c9aa-4f19-b54d-660652a036fa" testListId="8c84fa94-04c1-424b-9868-57a2d4851a1d" />
    <TestEntry testId="5717efdd-b811-4b84-80a5-99fb58523b9a" executionId="3d79b81e-1b82-448e-a75c-59b6f426cf57" testListId="8c84fa94-04c1-424b-9868-57a2d4851a1d" />
    <TestEntry testId="47ea0f5e-3663-4dd6-bb24-0c1c87a1eaa7" executionId="22e91021-0311-42eb-9c84-ed043e89c307" testListId="8c84fa94-04c1-424b-9868-57a2d4851a1d" />
    <TestEntry testId="422ff193-779e-42a8-b2d4-17d2212c00b9" executionId="a777d89e-1c4d-4b08-864e-2bb12af1b2d6" testListId="8c84fa94-04c1-424b-9868-57a2d4851a1d" />
    <TestEntry testId="1e0e992d-ad40-4aee-ab92-074d47247d9d" executionId="cc77a47e-fda5-468d-b069-e11bc3586d85" testListId="8c84fa94-04c1-424b-9868-57a2d4851a1d" />
    <TestEntry testId="2bf87fdc-aadf-49a7-b70c-2f689f5629a0" executionId="77b8f4e0-925f-4828-87d0-46064c5c6b4a" testListId="8c84fa94-04c1-424b-9868-57a2d4851a1d" />
    <TestEntry testId="f36c028f-00c7-40dd-8207-a3d29da0741e" executionId="4c5c9223-e612-49b1-8280-bce2508a9218" testListId="8c84fa94-04c1-424b-9868-57a2d4851a1d" />
    <TestEntry testId="c9c4ebce-db91-4864-a315-4bc3226a4395" executionId="2c0ecd9a-f6cd-4d3f-b08d-df76e228a7fd" testListId="8c84fa94-04c1-424b-9868-57a2d4851a1d" />
    <TestEntry testId="2c788862-a6e6-4e9b-ab10-95714bd70f4c" executionId="5378e71c-8c25-4c8c-b923-600ef7716644" testListId="8c84fa94-04c1-424b-9868-57a2d4851a1d" />
    <TestEntry testId="913eff72-3b0a-484d-bee5-e179c1671559" executionId="a6ed4ec1-0b5c-490d-8e16-6dcb4fc62757" testListId="8c84fa94-04c1-424b-9868-57a2d4851a1d" />
    <TestEntry testId="80958b45-43c3-41e0-ac91-5febd326e180" executionId="784887cf-4e5c-4a64-a9f3-fcd5541d92ba" testListId="8c84fa94-04c1-424b-9868-57a2d4851a1d" />
    <TestEntry testId="8bd3a4a9-a0dd-43ba-848b-ee64d38023e1" executionId="e9e40cfa-1fa7-4d46-b562-bb5a4c53fb0c" testListId="8c84fa94-04c1-424b-9868-57a2d4851a1d" />
    <TestEntry testId="b83c75f6-d503-4378-9bc5-1d8c44a2d123" executionId="b64864d5-3f0d-4e42-95bb-a6ba7187d2a4" testListId="8c84fa94-04c1-424b-9868-57a2d4851a1d" />
    <TestEntry testId="0432c808-a6d9-489b-aabf-8c2aa1732b4b" executionId="d0e6da92-b49c-4ced-be3b-b57901f50892" testListId="8c84fa94-04c1-424b-9868-57a2d4851a1d" />
    <TestEntry testId="048d65f3-12ce-494c-a823-f54ada90cebb" executionId="2fe3df1d-f47f-4c95-a487-b0ec6266398e" testListId="8c84fa94-04c1-424b-9868-57a2d4851a1d" />
    <TestEntry testId="f7c4c061-5a20-4b42-8275-236ec197bda2" executionId="af8ac78b-1cfb-463a-845e-0e5321b8092b" testListId="8c84fa94-04c1-424b-9868-57a2d4851a1d" />
    <TestEntry testId="0788fe13-75c9-4f69-a5c8-c607578ecd4c" executionId="f5453fee-6f8a-44c7-852d-5974f0d8cc13" testListId="8c84fa94-04c1-424b-9868-57a2d4851a1d" />
    <TestEntry testId="c6dfb81f-9c93-4bd7-9500-65c30fb38d70" executionId="65e468a9-371a-4435-ab2a-245b5f11d2f4" testListId="8c84fa94-04c1-424b-9868-57a2d4851a1d" />
    <TestEntry testId="90c9bf9a-c5a4-48e8-8591-418e860508b2" executionId="5d7f89cf-9277-4504-9887-171d0ba2b93b" testListId="8c84fa94-04c1-424b-9868-57a2d4851a1d" />
    <TestEntry testId="466cbb32-e65d-41db-8b0f-8779a162f1cd" executionId="e8822eb0-cf5e-45d5-9116-079a9a471686" testListId="8c84fa94-04c1-424b-9868-57a2d4851a1d" />
    <TestEntry testId="a1390791-a9a8-4f93-87c6-8ca01f3a93b1" executionId="021e5708-a912-47f6-9240-452efc5a1ce6" testListId="8c84fa94-04c1-424b-9868-57a2d4851a1d" />
    <TestEntry testId="4d089d81-254b-4e29-8fae-e6f3b3efe9f8" executionId="9a55918c-d814-4b87-84b8-272f29ddd604" testListId="8c84fa94-04c1-424b-9868-57a2d4851a1d" />
    <TestEntry testId="e8f6f4af-46f6-4a37-b1ce-9be4ffc7c3b3" executionId="58aa477a-5c6f-413c-b608-a999c3745906" testListId="8c84fa94-04c1-424b-9868-57a2d4851a1d" />
    <TestEntry testId="25f16977-bb6c-4354-bb6f-973b743b4fa1" executionId="cacad2b8-7785-4585-be5a-8c5b14882dbb" testListId="8c84fa94-04c1-424b-9868-57a2d4851a1d" />
    <TestEntry testId="6c89995f-9c99-4428-9321-31e82b8b795f" executionId="cb471edc-b728-47e2-8d8a-59ca006ebd70" testListId="8c84fa94-04c1-424b-9868-57a2d4851a1d" />
    <TestEntry testId="22539be4-6900-4d85-82de-7198cb10c371" executionId="bd816c6b-ef27-459e-8576-e2dce5d49b0e" testListId="8c84fa94-04c1-424b-9868-57a2d4851a1d" />
    <TestEntry testId="7d4db77d-33b1-4329-8c23-462bab6fb344" executionId="201b5e0b-cd4c-484f-88d9-648a91c8f459" testListId="8c84fa94-04c1-424b-9868-57a2d4851a1d" />
    <TestEntry testId="3cebcf64-4f79-422c-8385-18e539cceabd" executionId="25a7fecd-12e9-4b37-9787-d12e5f18c727" testListId="8c84fa94-04c1-424b-9868-57a2d4851a1d" />
    <TestEntry testId="3b1093b0-0af5-48e5-9025-f9524f587616" executionId="e3271619-d76c-4fbe-9000-b0d5859ce49d" testListId="8c84fa94-04c1-424b-9868-57a2d4851a1d" />
    <TestEntry testId="ab292c73-baca-4256-9587-da1f698b8320" executionId="690dcfd7-fea1-4dd5-9678-3f21e2ae465b" testListId="8c84fa94-04c1-424b-9868-57a2d4851a1d" />
    <TestEntry testId="bb055682-be10-4493-a97a-c18033d20e00" executionId="e60acd58-1f40-4c20-b4b0-09735a7907d3" testListId="8c84fa94-04c1-424b-9868-57a2d4851a1d" />
    <TestEntry testId="d9646ba2-e199-4c2e-be06-66bbec2da30f" executionId="54d77874-867c-4c0f-9cc3-bb6563fd4372" testListId="8c84fa94-04c1-424b-9868-57a2d4851a1d" />
    <TestEntry testId="a9ca0de5-29a5-4f53-844e-95bdf3b1b6ae" executionId="b0bd613f-9152-4e9e-a1a7-614a9769cb9e" testListId="8c84fa94-04c1-424b-9868-57a2d4851a1d" />
    <TestEntry testId="6b742157-972d-4fb1-80ad-ccad6177ab14" executionId="d4674997-2620-4115-86b1-da5cec9b7f22" testListId="8c84fa94-04c1-424b-9868-57a2d4851a1d" />
    <TestEntry testId="d0c0f702-19f3-455a-a8c5-baa3d75f6ab8" executionId="c1b3d7e1-5f86-45b1-91b6-3c0ff2b926c0" testListId="8c84fa94-04c1-424b-9868-57a2d4851a1d" />
    <TestEntry testId="1ceade58-3dcd-4aa9-88ff-35ee3cd468aa" executionId="3c3e46f4-ee80-4ce0-a07f-20fcc35c8040" testListId="8c84fa94-04c1-424b-9868-57a2d4851a1d" />
    <TestEntry testId="cb66f4c0-d36a-4698-8107-ec4d13ab6140" executionId="99522f50-8107-4920-8c45-1d9e28976774" testListId="8c84fa94-04c1-424b-9868-57a2d4851a1d" />
    <TestEntry testId="89682794-fb12-41c5-9a7a-af7cd7576c10" executionId="9f7c6128-bba6-4b9d-b90c-b27eaebb5d69" testListId="8c84fa94-04c1-424b-9868-57a2d4851a1d" />
    <TestEntry testId="26d2ab48-8a84-460d-a50d-c5cd4a67f43a" executionId="e6ce4a92-8df8-4787-a0c6-2d2cd84d3ff3" testListId="8c84fa94-04c1-424b-9868-57a2d4851a1d" />
    <TestEntry testId="df30a763-9a6d-4aec-a38e-aa9e68219d97" executionId="c176fc8d-c8b3-4113-bd6e-787add6059f6" testListId="8c84fa94-04c1-424b-9868-57a2d4851a1d" />
    <TestEntry testId="63f02e22-3088-4af1-8510-29833bdc6bba" executionId="374e2ec3-9d1f-4291-a470-36c0bfe69198" testListId="8c84fa94-04c1-424b-9868-57a2d4851a1d" />
    <TestEntry testId="0efc35eb-1f4a-4839-b4db-17a91261908f" executionId="31ef19af-b83f-4679-a309-463ba9db2621" testListId="8c84fa94-04c1-424b-9868-57a2d4851a1d" />
    <TestEntry testId="497be661-ec60-4a69-b7f5-c003d331ca33" executionId="81a9847a-acca-4967-b2ee-494158c11e04" testListId="8c84fa94-04c1-424b-9868-57a2d4851a1d" />
    <TestEntry testId="761b44da-9cbe-44c4-8dba-a11493964465" executionId="af9c9496-ac45-45e4-87b9-3e01d8f9b286" testListId="8c84fa94-04c1-424b-9868-57a2d4851a1d" />
    <TestEntry testId="f15558a8-e72d-4b58-85f7-c02d11893de5" executionId="f6f64422-e441-483f-a441-c4a670e94272" testListId="8c84fa94-04c1-424b-9868-57a2d4851a1d" />
    <TestEntry testId="c70ad991-77e5-4b72-be77-afdb4a875664" executionId="479699f6-a604-4326-bd11-ab38982f1a1a" testListId="8c84fa94-04c1-424b-9868-57a2d4851a1d" />
    <TestEntry testId="40cfb9e9-bb73-4115-a47f-bc3013459dff" executionId="51e83250-cb20-47f5-900d-61e705f1869b" testListId="8c84fa94-04c1-424b-9868-57a2d4851a1d" />
    <TestEntry testId="5c522927-0192-4028-9430-da753f46765c" executionId="6b2960ab-f206-4dab-b412-e388b76b298c" testListId="8c84fa94-04c1-424b-9868-57a2d4851a1d" />
    <TestEntry testId="b05a1667-63c1-44bf-9164-671863eb2be9" executionId="532b7fa6-951a-4cb3-b62c-6ba99195f05c" testListId="8c84fa94-04c1-424b-9868-57a2d4851a1d" />
    <TestEntry testId="992ff8af-99fe-4bc1-8462-6e47719044e6" executionId="ee9773c8-cb65-4ddc-b46b-10caaeb04757" testListId="8c84fa94-04c1-424b-9868-57a2d4851a1d" />
    <TestEntry testId="9eae935a-1401-41ae-b6b9-9aac311b9fd2" executionId="650620b6-648f-4cb2-bc9e-825bf64c4887" testListId="8c84fa94-04c1-424b-9868-57a2d4851a1d" />
    <TestEntry testId="a99f04a8-8365-4a65-94f6-1b941c2ba456" executionId="996e3cb5-d1e4-4c3a-bb0e-3c62b242c22b" testListId="8c84fa94-04c1-424b-9868-57a2d4851a1d" />
    <TestEntry testId="2f168db3-e5b2-42ec-a54b-8620784fd116" executionId="5046e0a9-3572-4425-8ef8-7eea6bbe362c" testListId="8c84fa94-04c1-424b-9868-57a2d4851a1d" />
    <TestEntry testId="fdbb412d-83d5-4866-ad3b-6efcab2a2437" executionId="d87a07cc-a38d-46b8-b5f4-af17e3aea06f" testListId="8c84fa94-04c1-424b-9868-57a2d4851a1d" />
    <TestEntry testId="c25804f4-8d98-45e6-b95e-51458270b609" executionId="c9eab75f-fc27-4172-a880-f677b5f31f96" testListId="8c84fa94-04c1-424b-9868-57a2d4851a1d" />
    <TestEntry testId="a88fe81a-ad39-4f3b-8615-e8da76d70efa" executionId="6cd06ec4-7b30-421e-b6a2-add4e0bc5dc9" testListId="8c84fa94-04c1-424b-9868-57a2d4851a1d" />
    <TestEntry testId="31c3d1fd-f833-4adf-bb07-90ad12d9df2b" executionId="9f4aa108-17d3-4fd9-807d-2e35888c0395" testListId="8c84fa94-04c1-424b-9868-57a2d4851a1d" />
    <TestEntry testId="7b71b41a-c343-4043-bf45-a0ba69e6ad75" executionId="e77f049e-ced6-4c5d-b256-1ac751b53428" testListId="8c84fa94-04c1-424b-9868-57a2d4851a1d" />
    <TestEntry testId="1db1bbfd-2fff-46a2-8895-606b0142b117" executionId="170f212e-93cb-4b33-a10d-ae6573e48ce6" testListId="8c84fa94-04c1-424b-9868-57a2d4851a1d" />
    <TestEntry testId="6b5b88fa-d025-48d3-be0d-0d01c9165f80" executionId="37870d72-5331-402f-a314-8e541551fd53" testListId="8c84fa94-04c1-424b-9868-57a2d4851a1d" />
    <TestEntry testId="dfce72b8-dbf4-47a8-a251-28a1128dc358" executionId="25e1933b-d914-4852-a259-982f199b56d8" testListId="8c84fa94-04c1-424b-9868-57a2d4851a1d" />
    <TestEntry testId="f5f542d1-dfae-464d-b523-a1d19a379de0" executionId="1ee4ccfc-6d8b-4ace-8057-2fd9ca4529ef" testListId="8c84fa94-04c1-424b-9868-57a2d4851a1d" />
    <TestEntry testId="8310564f-acae-4ec4-8f1f-f909869cae81" executionId="09cab227-9991-4b5f-b29d-e019ca5ed0fa" testListId="8c84fa94-04c1-424b-9868-57a2d4851a1d" />
    <TestEntry testId="e7eaed2a-c740-4300-b14f-f6ee27236aa6" executionId="19287a1e-68cb-47d0-973e-be7dba709487" testListId="8c84fa94-04c1-424b-9868-57a2d4851a1d" />
    <TestEntry testId="2cd027b2-c5dd-4a55-a3b3-4bbe6877d18f" executionId="6437a7b7-6557-416e-a87a-6c3dd17798c9" testListId="8c84fa94-04c1-424b-9868-57a2d4851a1d" />
    <TestEntry testId="0e887555-bd41-426c-abfd-20385c873892" executionId="a858ab89-06bb-4006-9d70-950acf2185ce" testListId="8c84fa94-04c1-424b-9868-57a2d4851a1d" />
    <TestEntry testId="c862a7b4-c25d-4d0d-812f-e62ad0b18732" executionId="2d5865ed-ff1e-4ed4-a0de-a7a2d0337260" testListId="8c84fa94-04c1-424b-9868-57a2d4851a1d" />
    <TestEntry testId="8dc05113-5e19-4649-aca9-b5c2d69a3f48" executionId="da85cf9f-36db-460e-b3cc-41b8641face3" testListId="8c84fa94-04c1-424b-9868-57a2d4851a1d" />
    <TestEntry testId="ab6f466d-8dc0-4544-852e-6b866eabf670" executionId="5308745c-5772-4b96-92e2-2200f1737937" testListId="8c84fa94-04c1-424b-9868-57a2d4851a1d" />
    <TestEntry testId="99964ba0-2605-404f-a3a5-ab40b7ccc278" executionId="56c16b11-674e-493a-ab72-0b347d233b25" testListId="8c84fa94-04c1-424b-9868-57a2d4851a1d" />
    <TestEntry testId="ed851cc1-d968-4c31-aaed-8f93057cf019" executionId="f2c0f4b6-efe0-43a7-bc16-347d203019ad" testListId="8c84fa94-04c1-424b-9868-57a2d4851a1d" />
    <TestEntry testId="8cef33b0-384d-43e7-84f4-ecbef17fbd1e" executionId="3cc886a5-000b-4fa3-97df-b062e65c7670" testListId="8c84fa94-04c1-424b-9868-57a2d4851a1d" />
    <TestEntry testId="13e43a5b-e976-4c4c-a013-b853607254dd" executionId="1c7bcd8f-9d90-4fed-93bc-81988eb6fc5f" testListId="8c84fa94-04c1-424b-9868-57a2d4851a1d" />
    <TestEntry testId="4b4d79b6-2325-4bec-8697-748290746fcc" executionId="2274bf4a-70a4-416b-84d3-303a5b74945f" testListId="8c84fa94-04c1-424b-9868-57a2d4851a1d" />
    <TestEntry testId="5e34be34-4e4c-4440-8f3c-2fa615e086cb" executionId="bae1c789-46b4-4c13-a617-6ab077884638" testListId="8c84fa94-04c1-424b-9868-57a2d4851a1d" />
    <TestEntry testId="1f25270e-a0ac-4cb4-a82e-db45366e2021" executionId="7a28ed0f-42b1-44fe-bb54-2336e8809ab7" testListId="8c84fa94-04c1-424b-9868-57a2d4851a1d" />
    <TestEntry testId="909b225b-6c9d-4fc0-baad-47065289cfbc" executionId="aeb44eaf-1950-4811-ab10-3517eef6abe2" testListId="8c84fa94-04c1-424b-9868-57a2d4851a1d" />
    <TestEntry testId="8f336036-c225-4a6b-b666-c9d5b0e6962f" executionId="106623b2-9cd2-48e3-8fc7-632a38ea79a0" testListId="8c84fa94-04c1-424b-9868-57a2d4851a1d" />
    <TestEntry testId="39016afb-13cb-4800-8541-37077589c7a0" executionId="04e70984-968a-4792-9988-f1e076d9ce56" testListId="8c84fa94-04c1-424b-9868-57a2d4851a1d" />
    <TestEntry testId="5f2b0ade-9b84-4ea1-8320-700fd8057bd7" executionId="7955a15a-f88d-412b-83c3-51981d990bbe" testListId="8c84fa94-04c1-424b-9868-57a2d4851a1d" />
    <TestEntry testId="2077c17b-b353-4c7b-b227-a1758f61b1e8" executionId="211956a4-8620-4194-ab9d-61a1702d09f3" testListId="8c84fa94-04c1-424b-9868-57a2d4851a1d" />
    <TestEntry testId="9a85e568-3f52-4699-b0b3-93ad65fd3581" executionId="0d60124e-8d97-4b04-9681-d4e7794a1942" testListId="8c84fa94-04c1-424b-9868-57a2d4851a1d" />
    <TestEntry testId="3ee40b89-f8e2-4959-a157-356cdadd66d3" executionId="a2afa408-b24d-4aa6-8f14-65d36f58db0d" testListId="8c84fa94-04c1-424b-9868-57a2d4851a1d" />
    <TestEntry testId="e4f406e2-c7bd-46ad-9216-441517af3677" executionId="17f4c8c9-2517-4f2d-b25c-1c295e1fcf77" testListId="8c84fa94-04c1-424b-9868-57a2d4851a1d" />
    <TestEntry testId="6934de93-7ead-44b0-b492-7d9e0d9bf46c" executionId="a8f88979-2a37-4bfa-becd-eb338ca8b88e" testListId="8c84fa94-04c1-424b-9868-57a2d4851a1d" />
    <TestEntry testId="d1929255-461e-42e7-b33f-73b2a4c9016f" executionId="30ed0be5-0401-4eb1-99e3-82b232d7b455" testListId="8c84fa94-04c1-424b-9868-57a2d4851a1d" />
    <TestEntry testId="68548e73-0a3d-4135-b40c-1e707836f62e" executionId="ceffb7fe-cf03-4169-8f68-94ea1580154d" testListId="8c84fa94-04c1-424b-9868-57a2d4851a1d" />
    <TestEntry testId="ca07c3cd-1ce7-427b-882e-d6b17b6741cd" executionId="b43863a0-cc9e-43d0-8dd6-1a4c66baa3e7" testListId="8c84fa94-04c1-424b-9868-57a2d4851a1d" />
    <TestEntry testId="aa10da8a-2df0-43f0-9123-466486bcfe74" executionId="6cf60c50-b955-47ab-a3f4-9106b710a47a" testListId="8c84fa94-04c1-424b-9868-57a2d4851a1d" />
    <TestEntry testId="84002070-7121-482b-a968-d62b41e62131" executionId="56d61c73-247a-4879-a6c6-20a409078a86" testListId="8c84fa94-04c1-424b-9868-57a2d4851a1d" />
    <TestEntry testId="1ee72ba4-8a7b-4b34-a2e8-6689354bf2ef" executionId="e1ec88ba-6b96-4f4c-a5fd-be8326d0d210" testListId="8c84fa94-04c1-424b-9868-57a2d4851a1d" />
    <TestEntry testId="2bf924a9-38dc-4604-b7bf-032d60b3b780" executionId="c2250c54-3d2a-4181-8504-6681bf773eb9" testListId="8c84fa94-04c1-424b-9868-57a2d4851a1d" />
    <TestEntry testId="fdeca50f-8d12-467e-a2f4-83d12e8e6a00" executionId="309687d2-9b26-4991-89c7-8f1403e57979" testListId="8c84fa94-04c1-424b-9868-57a2d4851a1d" />
    <TestEntry testId="36bf23ff-3ef5-4edb-b098-5067ee19199f" executionId="a3716226-3128-4fff-bdda-ea4c8a8918d3" testListId="8c84fa94-04c1-424b-9868-57a2d4851a1d" />
    <TestEntry testId="29ee1886-d50e-42d8-a439-e212ba416df0" executionId="e6712a2c-0f2c-447f-99c1-93d90856e80d" testListId="8c84fa94-04c1-424b-9868-57a2d4851a1d" />
    <TestEntry testId="c97d875f-911f-42e5-acb7-f18a689ea20a" executionId="5bbcad09-70fa-4fbd-b846-585a09a86746" testListId="8c84fa94-04c1-424b-9868-57a2d4851a1d" />
    <TestEntry testId="707501a3-bf8a-44d4-8c19-00647fbcc876" executionId="99d08e45-6825-4007-a430-fc078436d914" testListId="8c84fa94-04c1-424b-9868-57a2d4851a1d" />
    <TestEntry testId="02be809e-2b5d-4e3a-abaa-35b9cfb1d783" executionId="1ca7fa5b-4ed5-4b4b-b638-a599204f8d46" testListId="8c84fa94-04c1-424b-9868-57a2d4851a1d" />
    <TestEntry testId="f07c6ffd-561b-4112-bded-21341d3627e1" executionId="745fc81f-5c62-4156-a1e1-1609e1720a81" testListId="8c84fa94-04c1-424b-9868-57a2d4851a1d" />
    <TestEntry testId="ba9c0a6e-f699-432b-a4ba-7d11076d9945" executionId="399b7643-6447-4923-8d6c-96e4cc302c3b" testListId="8c84fa94-04c1-424b-9868-57a2d4851a1d" />
    <TestEntry testId="00868f1e-df71-4de4-b127-c16be1b45ee3" executionId="7ed3331d-833f-4c4a-bd10-bc4d7d3ff5ad" testListId="8c84fa94-04c1-424b-9868-57a2d4851a1d" />
    <TestEntry testId="d14a084a-904a-43ce-99fc-19146103ab9f" executionId="ace82180-6282-4616-b290-450835317240" testListId="8c84fa94-04c1-424b-9868-57a2d4851a1d" />
    <TestEntry testId="453abae6-7add-42d9-9ddf-8198c48d8b1b" executionId="d86e643a-6261-4da0-aed8-a9304deb3cf7" testListId="8c84fa94-04c1-424b-9868-57a2d4851a1d" />
    <TestEntry testId="bbbcdef1-b96e-40ff-841f-4c98e773d469" executionId="4523cce2-98b3-482e-b501-764197934e3f" testListId="8c84fa94-04c1-424b-9868-57a2d4851a1d" />
    <TestEntry testId="364acee9-0713-4db5-96f1-853383e535de" executionId="5e253faf-82c5-417a-9679-a75a2ac4f487" testListId="8c84fa94-04c1-424b-9868-57a2d4851a1d" />
    <TestEntry testId="3e83e82b-a7ad-4d67-b543-444293e34b46" executionId="47cfe6cd-9063-4ecf-8a3b-c49018c93140" testListId="8c84fa94-04c1-424b-9868-57a2d4851a1d" />
    <TestEntry testId="64829156-ede0-4d4d-800d-53025328c600" executionId="f7bcface-933b-4c1d-a137-7f0d217290c3" testListId="8c84fa94-04c1-424b-9868-57a2d4851a1d" />
    <TestEntry testId="22f66777-6041-4e0e-beef-32cd5e2e69dc" executionId="97127eaa-e996-4ce4-b69f-2d813adcdecc" testListId="8c84fa94-04c1-424b-9868-57a2d4851a1d" />
    <TestEntry testId="d7b6592a-bb18-4936-a3af-492fde6b0c29" executionId="9ef66d43-8c8b-4427-91e2-efdf58f86712" testListId="8c84fa94-04c1-424b-9868-57a2d4851a1d" />
    <TestEntry testId="f1c5f78d-4da9-4eaf-b228-60545ee28172" executionId="c1685ab2-e5a4-4d10-b157-f76ae32f63fa" testListId="8c84fa94-04c1-424b-9868-57a2d4851a1d" />
    <TestEntry testId="dfb06fa4-3383-4579-9aad-16acde1dacbe" executionId="c306ef33-b4d5-4d97-bd36-4c280e39cd41" testListId="8c84fa94-04c1-424b-9868-57a2d4851a1d" />
    <TestEntry testId="49877ee7-cdbe-41f2-9cdb-fee4c493b404" executionId="8682c081-f80d-4836-b5dc-968e5d5af63a" testListId="8c84fa94-04c1-424b-9868-57a2d4851a1d" />
    <TestEntry testId="bf681992-a3ee-4110-b468-7742b719a52d" executionId="928a7500-085a-497a-9bb0-ef98be3e0f08" testListId="8c84fa94-04c1-424b-9868-57a2d4851a1d" />
    <TestEntry testId="c85c06d2-867b-4bd9-8cf0-f5d51bb6953e" executionId="ea6adbe6-a637-4a82-9759-935440f389eb" testListId="8c84fa94-04c1-424b-9868-57a2d4851a1d" />
    <TestEntry testId="cb38544d-33e4-4fc9-a300-ccdc6e441c58" executionId="b351e7af-1d7a-418a-9742-67d21d6c4726" testListId="8c84fa94-04c1-424b-9868-57a2d4851a1d" />
    <TestEntry testId="16146f93-ff4d-4b2e-b551-16b74f40950b" executionId="0a7dde52-e470-44aa-8829-e5eacb6f1796" testListId="8c84fa94-04c1-424b-9868-57a2d4851a1d" />
    <TestEntry testId="e32b448e-4dff-40df-879a-5f9ea462a920" executionId="c8bb0875-3352-4254-b232-913263dd4125" testListId="8c84fa94-04c1-424b-9868-57a2d4851a1d" />
    <TestEntry testId="a11380ac-0095-4c92-878f-78d552ed3b9a" executionId="ee0e11df-95bc-4351-b3d2-64d1bcc18a93" testListId="8c84fa94-04c1-424b-9868-57a2d4851a1d" />
    <TestEntry testId="46d02ddf-99fa-4606-a747-408446ff1f27" executionId="d3301ce4-2538-4b6a-bc3b-e0660a23b076" testListId="8c84fa94-04c1-424b-9868-57a2d4851a1d" />
    <TestEntry testId="2fc42d21-d48d-4466-b3b7-f2a8ba5c8811" executionId="1ee4da76-5790-4b08-934a-f750bca630e2" testListId="8c84fa94-04c1-424b-9868-57a2d4851a1d" />
    <TestEntry testId="3c3c2312-e4a8-4417-be7e-96688681cd3e" executionId="a3771551-b5f3-42ea-b77d-b4a88f7f8db3" testListId="8c84fa94-04c1-424b-9868-57a2d4851a1d" />
    <TestEntry testId="4a73e209-80d9-4239-a310-a612aecf486e" executionId="2addf648-629c-46e2-84a8-b42efeeb43e7" testListId="8c84fa94-04c1-424b-9868-57a2d4851a1d" />
    <TestEntry testId="b8dc712b-50d0-40bf-8f8d-61d1bb3d663e" executionId="7a89e1c6-ccde-412f-bd29-b04a61808afc" testListId="8c84fa94-04c1-424b-9868-57a2d4851a1d" />
    <TestEntry testId="41e089eb-abb2-4e40-b71d-5276faf42aa2" executionId="37815398-d494-4a63-8ea9-070ef1feed66" testListId="8c84fa94-04c1-424b-9868-57a2d4851a1d" />
    <TestEntry testId="a871dca2-94d9-4299-a1f4-7872a886df22" executionId="71fc344f-791f-4154-8296-bd6f0620c5d2" testListId="8c84fa94-04c1-424b-9868-57a2d4851a1d" />
    <TestEntry testId="098d410d-0b45-40ee-a098-177bd8f1dadf" executionId="a89a7301-cc92-4873-9290-f6061af9565b" testListId="8c84fa94-04c1-424b-9868-57a2d4851a1d" />
    <TestEntry testId="f119c94a-1716-4186-9069-abad38097051" executionId="77d55b0a-38fe-4ba0-b0ee-83ed0b26646e" testListId="8c84fa94-04c1-424b-9868-57a2d4851a1d" />
    <TestEntry testId="d66d5325-8923-4bfa-94fa-1082d9967b2e" executionId="ce3ba140-ee82-4ecd-a28d-cec622d1200e" testListId="8c84fa94-04c1-424b-9868-57a2d4851a1d" />
    <TestEntry testId="727886fc-0f2b-422e-b3c0-784b812bbb37" executionId="d88ef7ca-a567-4899-b44c-1208fdb2fd36" testListId="8c84fa94-04c1-424b-9868-57a2d4851a1d" />
    <TestEntry testId="504531e5-6d5c-45dc-bea4-1394a5e3e411" executionId="274e126f-1199-4c18-b184-8bcea403342a" testListId="8c84fa94-04c1-424b-9868-57a2d4851a1d" />
    <TestEntry testId="4740a3c6-829e-4c34-8db4-8ab2fb197a19" executionId="45a4aa87-3609-495b-99c4-b3c5227a2a04" testListId="8c84fa94-04c1-424b-9868-57a2d4851a1d" />
    <TestEntry testId="647bb24c-0649-4ed2-8cb1-cafca05a3d9c" executionId="b372f6c1-69ca-4888-ba38-5543c2335c7f" testListId="8c84fa94-04c1-424b-9868-57a2d4851a1d" />
    <TestEntry testId="dab0c0b0-a97e-4028-bfd5-c17f7b851d42" executionId="5bb49491-a0e4-46d0-8938-dc4f81507542" testListId="8c84fa94-04c1-424b-9868-57a2d4851a1d" />
    <TestEntry testId="5e8b0e94-7a0d-42de-b1b9-1a0c32810d65" executionId="9bd1b60c-a7b8-4a43-a458-ba09ad4f00c2" testListId="8c84fa94-04c1-424b-9868-57a2d4851a1d" />
    <TestEntry testId="8b16ce5e-f6fc-4eab-9b39-d32edcb8a20d" executionId="38f9c0b5-3452-4652-88c1-3d7a9cdfff4b" testListId="8c84fa94-04c1-424b-9868-57a2d4851a1d" />
    <TestEntry testId="218141f1-e2df-41ce-b021-c6e79b9d8038" executionId="8373a03b-7030-4405-866f-d54cf2783c21" testListId="8c84fa94-04c1-424b-9868-57a2d4851a1d" />
    <TestEntry testId="54eba116-cff9-47dd-8a83-a1d255e8f876" executionId="db001a73-23f6-459b-a310-3226b8156ea3" testListId="8c84fa94-04c1-424b-9868-57a2d4851a1d" />
    <TestEntry testId="ac5f7218-e3f4-4c72-89d5-c92339787ea4" executionId="f7f3fc47-6c9c-49e5-ab09-1cf8305580c8" testListId="8c84fa94-04c1-424b-9868-57a2d4851a1d" />
    <TestEntry testId="504ee910-f74f-41e2-807c-a55a22b41473" executionId="94470b56-c0f0-4d43-9e5b-eda46c41f64f" testListId="8c84fa94-04c1-424b-9868-57a2d4851a1d" />
    <TestEntry testId="5da563d1-137a-4766-afb7-cb0eff827513" executionId="40fbec51-008a-4a15-869d-c3b6b76f10b6" testListId="8c84fa94-04c1-424b-9868-57a2d4851a1d" />
    <TestEntry testId="5429ef82-4be3-4d30-851a-009f4496395c" executionId="81a9fadd-f9c1-4d34-b34e-bd2c8de88d3e" testListId="8c84fa94-04c1-424b-9868-57a2d4851a1d" />
    <TestEntry testId="2f7c0588-e024-497d-91fc-c8fe216eec85" executionId="b02b6f1b-4e5a-4830-abe8-0c4b216a9296" testListId="8c84fa94-04c1-424b-9868-57a2d4851a1d" />
    <TestEntry testId="a4b116f2-b43b-4c63-a037-06e0e3b772a4" executionId="bad07f05-f9be-4f23-81ee-2357a04ee9ad" testListId="8c84fa94-04c1-424b-9868-57a2d4851a1d" />
    <TestEntry testId="beff1fc5-a62b-4d78-be11-7ddf7af47b8f" executionId="2bd89546-5432-426c-aa95-b4499323e3fc" testListId="8c84fa94-04c1-424b-9868-57a2d4851a1d" />
    <TestEntry testId="15cbdb10-9929-4e59-a056-a105dd4f53ca" executionId="7d612df9-a7ac-438b-a604-f3f4b28f15ac" testListId="8c84fa94-04c1-424b-9868-57a2d4851a1d" />
    <TestEntry testId="e4267de1-e929-4a08-a4ea-abcb56e8a3b2" executionId="8da6251a-aee8-4ca1-a802-ff48481bb165" testListId="8c84fa94-04c1-424b-9868-57a2d4851a1d" />
    <TestEntry testId="0b46bfc9-28a2-4309-8218-6fd26cdc654d" executionId="23d73f6b-361c-493c-b7f3-00995e7a1b4a" testListId="8c84fa94-04c1-424b-9868-57a2d4851a1d" />
    <TestEntry testId="170237f2-50f7-44b6-8b00-20ac503c6675" executionId="13ea1973-f702-40a3-9e0b-97abed93722b" testListId="8c84fa94-04c1-424b-9868-57a2d4851a1d" />
    <TestEntry testId="c2b420d6-6d52-40e8-8ad8-9aca5beabd97" executionId="355ec8c1-f63d-4c46-9451-6ff57419bfab" testListId="8c84fa94-04c1-424b-9868-57a2d4851a1d" />
    <TestEntry testId="1b572c2f-faee-4a1a-9a3a-2dfcdf7cf6a2" executionId="d1b20f77-282e-41fc-951a-6e419243a9ef" testListId="8c84fa94-04c1-424b-9868-57a2d4851a1d" />
    <TestEntry testId="36e30151-8ecc-4e21-b5c5-f249dacb7bac" executionId="ff63eda3-9090-42f7-bdff-3875dbc2bdc9" testListId="8c84fa94-04c1-424b-9868-57a2d4851a1d" />
    <TestEntry testId="b9de73bb-2df4-4483-aa39-ff214c01ffa2" executionId="1a097d00-a571-46e2-be29-abb3342638ef" testListId="8c84fa94-04c1-424b-9868-57a2d4851a1d" />
    <TestEntry testId="508b35f4-bcea-4b5f-9032-7af72dff9066" executionId="c951447f-a1e6-43e5-b1f0-2903526d83a6" testListId="8c84fa94-04c1-424b-9868-57a2d4851a1d" />
    <TestEntry testId="e06f935e-e77a-4d17-a785-c5f85fa7c09f" executionId="a5627711-6e8c-4092-a8fb-ceedcb9111cf" testListId="8c84fa94-04c1-424b-9868-57a2d4851a1d" />
    <TestEntry testId="52e8fad5-cede-49e8-9610-19ff43c69d84" executionId="36809659-98f9-4abe-a6f8-07fae8bad2fa" testListId="8c84fa94-04c1-424b-9868-57a2d4851a1d" />
    <TestEntry testId="f4291adb-c1a1-4e20-af70-fcb982cca6de" executionId="4bc51186-ee2e-4677-96f7-079f26d7747e" testListId="8c84fa94-04c1-424b-9868-57a2d4851a1d" />
    <TestEntry testId="dd154115-2c60-4416-8c91-410c9328bc22" executionId="39a389ec-8866-41ce-8d9a-147d6bd461d2" testListId="8c84fa94-04c1-424b-9868-57a2d4851a1d" />
    <TestEntry testId="0dfee752-12bd-44e0-9cdf-54094baa0091" executionId="b9173834-2638-4545-b64e-a5cf0d74928a" testListId="8c84fa94-04c1-424b-9868-57a2d4851a1d" />
    <TestEntry testId="02f12e2c-078e-4b23-8fda-2d4d9189836b" executionId="cd0c1345-5a30-481a-abf4-0f028425bda7" testListId="8c84fa94-04c1-424b-9868-57a2d4851a1d" />
    <TestEntry testId="a637139a-acb9-4df8-ba8a-49f924ece54a" executionId="afc148a2-b41d-4bd9-aaa3-f8bc3d13bcbf" testListId="8c84fa94-04c1-424b-9868-57a2d4851a1d" />
    <TestEntry testId="2dc915c8-5e22-45df-a353-87c343c97da0" executionId="428a12f9-789d-4eb8-bb59-92f59469f807" testListId="8c84fa94-04c1-424b-9868-57a2d4851a1d" />
    <TestEntry testId="dc140509-11a9-45b6-9643-b50d81a195ec" executionId="f6ef8079-ae4b-44e4-83ea-8fadce44ace7" testListId="8c84fa94-04c1-424b-9868-57a2d4851a1d" />
    <TestEntry testId="e4f86767-14b1-480b-9d45-1d0006ca15f0" executionId="ed4efa0f-3fb0-4ffb-a890-9e603b6d11b1" testListId="8c84fa94-04c1-424b-9868-57a2d4851a1d" />
    <TestEntry testId="a8de5653-0870-476f-9baf-e8214f4c8998" executionId="e8253cb9-67e3-44e2-80d6-b416b7df7c9f" testListId="8c84fa94-04c1-424b-9868-57a2d4851a1d" />
    <TestEntry testId="ea18c726-46bb-498e-b57c-a6351bd2c578" executionId="dab190d3-d45a-4b00-a8a4-c06243b7085d" testListId="8c84fa94-04c1-424b-9868-57a2d4851a1d" />
    <TestEntry testId="2b87fb27-9045-4931-9d46-56893bacf84d" executionId="2b1ca21b-42fc-4a97-a2b0-c2e2dbbacd4d" testListId="8c84fa94-04c1-424b-9868-57a2d4851a1d" />
    <TestEntry testId="72bf903d-e416-4248-b8b6-36a447d00a77" executionId="7093b3e3-a687-4130-8f65-fbcec7134842" testListId="8c84fa94-04c1-424b-9868-57a2d4851a1d" />
    <TestEntry testId="8fc9c9dc-b1ec-4f33-a6d8-48fd0326b016" executionId="dcd8574f-13cd-468c-a3cf-5ef5cc21a1c5" testListId="8c84fa94-04c1-424b-9868-57a2d4851a1d" />
    <TestEntry testId="21cda486-7507-46f9-8fe5-c8244ea70fa1" executionId="7a6bbaf6-29bd-488d-9930-1ee5e71cd4ff" testListId="8c84fa94-04c1-424b-9868-57a2d4851a1d" />
    <TestEntry testId="86a07f4c-5ad0-41ff-ae43-e8a9d7f1f091" executionId="c29df726-d711-4d2d-8146-471443eab9e0" testListId="8c84fa94-04c1-424b-9868-57a2d4851a1d" />
    <TestEntry testId="32636f8e-92f8-4269-8785-a40419b46d33" executionId="a6fbd974-5b20-4c73-83eb-66963fc8c73d" testListId="8c84fa94-04c1-424b-9868-57a2d4851a1d" />
    <TestEntry testId="1bdd2f41-5159-4cb1-a3cd-03f65427ab3f" executionId="7452b40c-3cb9-42d9-8c46-b5c976a05995" testListId="8c84fa94-04c1-424b-9868-57a2d4851a1d" />
    <TestEntry testId="1c0881e1-420b-44af-9061-640e2bbe70f9" executionId="4addab4b-f88d-41ee-9864-b59838214c5b" testListId="8c84fa94-04c1-424b-9868-57a2d4851a1d" />
    <TestEntry testId="3c7e31c8-6589-46b7-8a69-8faab23dad2e" executionId="55ba5cc3-8c02-4579-a945-9d6153f88874" testListId="8c84fa94-04c1-424b-9868-57a2d4851a1d" />
    <TestEntry testId="fceb9bc7-a7ab-4e69-a9df-b2a14c1135ff" executionId="91829fc3-1bad-400c-8601-c3f5378416d8" testListId="8c84fa94-04c1-424b-9868-57a2d4851a1d" />
    <TestEntry testId="dce81d1b-1d4f-47b7-bf73-74520a8e0c5d" executionId="6d0bf533-700f-4e52-8c3a-81f5da3e0eab" testListId="8c84fa94-04c1-424b-9868-57a2d4851a1d" />
    <TestEntry testId="89e0e0ea-7f39-4f1e-bbc2-3ce40bf1c37a" executionId="fbd8b070-1fcb-465e-8af9-5f76655f6bc2" testListId="8c84fa94-04c1-424b-9868-57a2d4851a1d" />
    <TestEntry testId="76f67e0d-f090-4257-9b53-3474c09fcb7d" executionId="a7c7bc8e-16bb-402f-924c-cfadefab56f8" testListId="8c84fa94-04c1-424b-9868-57a2d4851a1d" />
    <TestEntry testId="966dc078-8c9f-4821-9dfc-291596d1be71" executionId="a5f96e4e-d2dc-4134-9396-bf336af39f4d" testListId="8c84fa94-04c1-424b-9868-57a2d4851a1d" />
    <TestEntry testId="8d060be5-d422-43e8-b191-96f191db4a96" executionId="bdb2670d-fa2d-4483-b02f-b20d4ce37bd5" testListId="8c84fa94-04c1-424b-9868-57a2d4851a1d" />
    <TestEntry testId="387a3f61-3611-4900-9be3-78c63dd53188" executionId="cee029ec-8130-41fd-abdb-2310fcc006e2" testListId="8c84fa94-04c1-424b-9868-57a2d4851a1d" />
    <TestEntry testId="c20ba024-bc19-417b-b89c-42553a4ce1cb" executionId="fd518bab-1d4f-4241-a547-f994c2e25bf8" testListId="8c84fa94-04c1-424b-9868-57a2d4851a1d" />
    <TestEntry testId="f7666e56-aeac-4feb-8af9-5eb3e28fcb2f" executionId="4a1d27f6-64fb-457b-a345-32eb9d203cc6" testListId="8c84fa94-04c1-424b-9868-57a2d4851a1d" />
    <TestEntry testId="79c6b1c8-5921-4f2d-8c5c-04d217903419" executionId="3df64b8e-72a1-4589-89fe-632835bddae0" testListId="8c84fa94-04c1-424b-9868-57a2d4851a1d" />
    <TestEntry testId="00eae03b-f396-494a-b386-76804a6e0ff6" executionId="b0284f25-05a5-4848-b4a8-9ad123259096" testListId="8c84fa94-04c1-424b-9868-57a2d4851a1d" />
    <TestEntry testId="cd034e18-8042-4451-974a-226b5e095ffd" executionId="cf5dc9f6-14da-4b7f-a78c-9eda9bf40efb" testListId="8c84fa94-04c1-424b-9868-57a2d4851a1d" />
    <TestEntry testId="2c52b922-afa6-4218-a8d8-9a4aff11e808" executionId="df72fc05-ef94-498c-b26e-9f0a72767f34" testListId="8c84fa94-04c1-424b-9868-57a2d4851a1d" />
    <TestEntry testId="d4ff3cac-d3d8-4b24-abaf-308b21cb76a3" executionId="b6ab99b2-030c-4964-a377-e85b52d6c5f5" testListId="8c84fa94-04c1-424b-9868-57a2d4851a1d" />
    <TestEntry testId="b4dd13b5-ab68-49a0-a6dd-04550a9fb393" executionId="4afc2a13-620d-4737-a219-b94463abdf8b" testListId="8c84fa94-04c1-424b-9868-57a2d4851a1d" />
    <TestEntry testId="6a5b5eea-0828-48c6-a78d-b9a5cc495f4b" executionId="317d08d0-2082-44c6-a4a5-173ffe5b617c" testListId="8c84fa94-04c1-424b-9868-57a2d4851a1d" />
    <TestEntry testId="0f9d04e3-f49e-4c7f-a930-64e41aae6466" executionId="de8c46e4-e1c6-418e-a110-6dd4e36fc05e" testListId="8c84fa94-04c1-424b-9868-57a2d4851a1d" />
    <TestEntry testId="7f08c37c-4081-4385-b222-a0fe898013c4" executionId="d9405e39-5082-44d3-abe0-76f937324dcb" testListId="8c84fa94-04c1-424b-9868-57a2d4851a1d" />
    <TestEntry testId="b6d8fb80-b483-48c4-9423-513968ee3124" executionId="db618ac7-a4e0-413a-a91e-1868a1ba8922" testListId="8c84fa94-04c1-424b-9868-57a2d4851a1d" />
    <TestEntry testId="c512a8a6-6bfc-4e69-a4fe-7e4b96bd5f3a" executionId="3f7771ee-1483-4ac3-be43-03413df2a5b8" testListId="8c84fa94-04c1-424b-9868-57a2d4851a1d" />
    <TestEntry testId="fe077aa3-e141-4b45-84c6-3b0794929952" executionId="a748da67-4387-40d2-bf4b-77fe9bf1ec2e" testListId="8c84fa94-04c1-424b-9868-57a2d4851a1d" />
    <TestEntry testId="7806d1d7-59c3-4b79-8edd-24140d0fa0cf" executionId="3c1d1399-1bca-419b-8a4f-6a88c06e99dd" testListId="8c84fa94-04c1-424b-9868-57a2d4851a1d" />
    <TestEntry testId="7bcb79e5-53ac-4de0-9799-4f9da214ed0a" executionId="8bd3e83e-0956-487e-ab8d-c3e4ba19be09" testListId="8c84fa94-04c1-424b-9868-57a2d4851a1d" />
    <TestEntry testId="6a3be18a-c247-4c6f-afe9-f39fa59e6d3f" executionId="8b3e9a05-5705-4a19-962a-2af27367f5db" testListId="8c84fa94-04c1-424b-9868-57a2d4851a1d" />
    <TestEntry testId="9e2c7a10-15a6-4af9-ac45-e7997d2ec4c9" executionId="e011e844-a0ac-4192-876c-37f9958821cf" testListId="8c84fa94-04c1-424b-9868-57a2d4851a1d" />
    <TestEntry testId="efe89f48-de4c-498a-a2b0-ab0d57f5fb37" executionId="4448c3b3-9e3d-42fc-a137-7a89cd57199e" testListId="8c84fa94-04c1-424b-9868-57a2d4851a1d" />
    <TestEntry testId="d0961acf-7e70-4b49-a6b6-ded2c0451d45" executionId="d5097a0a-3f9b-438d-8e86-3be01a92d586" testListId="8c84fa94-04c1-424b-9868-57a2d4851a1d" />
    <TestEntry testId="619f2922-fb23-4328-b781-2993ce20d07a" executionId="1f8574fb-1b51-4026-8623-1d7b85b0fde5" testListId="8c84fa94-04c1-424b-9868-57a2d4851a1d" />
    <TestEntry testId="8119ae80-4aed-4af6-a63d-edbf0ceb91ab" executionId="a8e49df3-da54-4cc7-986d-86e797637e5f" testListId="8c84fa94-04c1-424b-9868-57a2d4851a1d" />
    <TestEntry testId="585e12e5-7f26-4fdd-ac76-63da1e14e861" executionId="22631a0e-2d74-4159-9a7b-a5663b8d3e5f" testListId="8c84fa94-04c1-424b-9868-57a2d4851a1d" />
    <TestEntry testId="e1c02c1e-e832-43bd-ab7a-cba18ab93b97" executionId="a1a1eaed-fc42-45b9-b327-343520f61039" testListId="8c84fa94-04c1-424b-9868-57a2d4851a1d" />
    <TestEntry testId="5d3dcd13-69b3-4a50-a944-98b0133fa3ca" executionId="448727c9-b829-49d2-bfbd-11c5448f47a5" testListId="8c84fa94-04c1-424b-9868-57a2d4851a1d" />
    <TestEntry testId="94f527cf-8447-44c0-beb1-75850e9144a8" executionId="764ec625-2f3d-476d-a415-303e765f484e" testListId="8c84fa94-04c1-424b-9868-57a2d4851a1d" />
  </TestEntries>
  <TestLists>
    <TestList name="Results Not in a List" id="8c84fa94-04c1-424b-9868-57a2d4851a1d" />
    <TestList name="All Loaded Results" id="19431567-8539-422a-85d7-44ee4e166bda" />
  </TestLists>
  <ResultSummary outcome="Completed">
    <Counters total="1000" executed="1000" passed="1000" failed="0" error="0" timeout="0" aborted="0" inconclusive="0" passedButRunAborted="0" notRunnable="0" notExecuted="0" disconnected="0" warning="0" completed="0" inProgress="0" pending="0" />
  </ResultSummary>
</TestRun>