<?xml version="1.0" encoding="utf-8"?>
<TestRun id="f0358f8c-ed48-47de-a0b6-62b90ed6f2af" name="Dominik@DESKTOP-5URQ9PB 2022-06-13 21:11:52" runUser="DESKTOP-5URQ9PB\Dominik" xmlns="http://microsoft.com/schemas/VisualStudio/TeamTest/2010">
  <Times creation="2022-06-13T21:11:52.0176230+02:00" queuing="2022-06-13T21:11:52.0176232+02:00" start="2022-06-13T21:11:49.9764359+02:00" finish="2022-06-13T21:11:53.0946649+02:00" />
  <TestSettings name="default" id="0563197f-76ef-4082-9ac2-a93abfa2c27e">
    <Deployment runDeploymentRoot="Dominik_DESKTOP-5URQ9PB_2022-06-13_21_11_52" />
  </TestSettings>
  <Results>
    <UnitTestResult executionId="492b6aaa-2261-44ee-b650-db3dbe8c96ab" testId="19fcdcc7-d8f3-4ba3-b6cd-e89c372c6ed8" testName="FormatToStringTest1000 (134.1514758393874,134.15 zł)" computerName="DESKTOP-5URQ9PB" duration="00:00:00.0000062" startTime="2022-06-13T21:11:52.2029266+02:00" endTime="2022-06-13T21:11:52.2029922+02:00" testType="13cdc9d9-ddb5-4fa4-a97d-d965ccfc6d4b" outcome="Passed" testListId="8c84fa94-04c1-424b-9868-57a2d4851a1d" relativeResultsDirectory="492b6aaa-2261-44ee-b650-db3dbe8c96ab" />
    <UnitTestResult executionId="61ccfcf6-dad8-475d-91ae-87fb33455d07" testId="124df2bb-eeec-47fd-a4fd-d30a6f29106c" testName="FormatToStringTest1000 (47964.941885361884,47964.94 zł)" computerName="DESKTOP-5URQ9PB" duration="00:00:00.0000062" startTime="2022-06-13T21:11:51.9944160+02:00" endTime="2022-06-13T21:11:51.9944856+02:00" testType="13cdc9d9-ddb5-4fa4-a97d-d965ccfc6d4b" outcome="Passed" testListId="8c84fa94-04c1-424b-9868-57a2d4851a1d" relativeResultsDirectory="61ccfcf6-dad8-475d-91ae-87fb33455d07" />
    <UnitTestResult executionId="99e47c12-e843-4c0e-b597-97effb15fc44" testId="c61f820d-60e9-49dd-96ad-05c4c75487ba" testName="FormatToStringTest1000 (4025.728369236797,4025.73 zł)" computerName="DESKTOP-5URQ9PB" duration="00:00:00.0000107" startTime="2022-06-13T21:11:52.1058376+02:00" endTime="2022-06-13T21:11:52.1059682+02:00" testType="13cdc9d9-ddb5-4fa4-a97d-d965ccfc6d4b" outcome="Passed" testListId="8c84fa94-04c1-424b-9868-57a2d4851a1d" relativeResultsDirectory="99e47c12-e843-4c0e-b597-97effb15fc44" />
    <UnitTestResult executionId="b40a04aa-f0c2-4925-9b16-215d0c6c1bd7" testId="e2698727-f5fb-4cce-8ca8-ccab73f984bd" testName="FormatToStringTest1000 (31391.358864880804,31391.36 zł)" computerName="DESKTOP-5URQ9PB" duration="00:00:00.0000088" startTime="2022-06-13T21:11:52.2443672+02:00" endTime="2022-06-13T21:11:52.2444696+02:00" testType="13cdc9d9-ddb5-4fa4-a97d-d965ccfc6d4b" outcome="Passed" testListId="8c84fa94-04c1-424b-9868-57a2d4851a1d" relativeResultsDirectory="b40a04aa-f0c2-4925-9b16-215d0c6c1bd7" />
    <UnitTestResult executionId="3874a0c3-f3b5-47b3-8844-a60508c50171" testId="eccbe4dd-ae56-4e22-819b-fd0b2117f4b5" testName="FormatToStringTest1000 (78796.90433980194,78796.90 zł)" computerName="DESKTOP-5URQ9PB" duration="00:00:00.0000063" startTime="2022-06-13T21:11:52.0125284+02:00" endTime="2022-06-13T21:11:52.0125961+02:00" testType="13cdc9d9-ddb5-4fa4-a97d-d965ccfc6d4b" outcome="Passed" testListId="8c84fa94-04c1-424b-9868-57a2d4851a1d" relativeResultsDirectory="3874a0c3-f3b5-47b3-8844-a60508c50171" />
    <UnitTestResult executionId="81b18aa2-769d-44fb-a1cc-b5778a42ecbd" testId="5818b8e4-14b7-42d3-aaec-e2d9bffb286a" testName="FormatToStringTest1000 (19363.881840787773,19363.88 zł)" computerName="DESKTOP-5URQ9PB" duration="00:00:00.0000062" startTime="2022-06-13T21:11:52.2044691+02:00" endTime="2022-06-13T21:11:52.2045350+02:00" testType="13cdc9d9-ddb5-4fa4-a97d-d965ccfc6d4b" outcome="Passed" testListId="8c84fa94-04c1-424b-9868-57a2d4851a1d" relativeResultsDirectory="81b18aa2-769d-44fb-a1cc-b5778a42ecbd" />
    <UnitTestResult executionId="4cbd8b97-09e7-4fd5-92a4-b0f1a68ab904" testId="22e3f31e-9331-4034-b370-e51c1408fc9c" testName="FormatToStringTest1000 (19882.647973500494,19882.65 zł)" computerName="DESKTOP-5URQ9PB" duration="00:00:00.0000069" startTime="2022-06-13T21:11:52.2007646+02:00" endTime="2022-06-13T21:11:52.2008304+02:00" testType="13cdc9d9-ddb5-4fa4-a97d-d965ccfc6d4b" outcome="Passed" testListId="8c84fa94-04c1-424b-9868-57a2d4851a1d" relativeResultsDirectory="4cbd8b97-09e7-4fd5-92a4-b0f1a68ab904" />
    <UnitTestResult executionId="7ab3b5c3-8965-45b4-a680-97fdd99822fc" testId="1b7f119b-31f5-4ca0-9a18-1299e654d549" testName="FormatToStringTest1000 (9816.961298880615,9816.96 zł)" computerName="DESKTOP-5URQ9PB" duration="00:00:00.0000062" startTime="2022-06-13T21:11:51.9344007+02:00" endTime="2022-06-13T21:11:51.9344693+02:00" testType="13cdc9d9-ddb5-4fa4-a97d-d965ccfc6d4b" outcome="Passed" testListId="8c84fa94-04c1-424b-9868-57a2d4851a1d" relativeResultsDirectory="7ab3b5c3-8965-45b4-a680-97fdd99822fc" />
    <UnitTestResult executionId="46496302-32c2-44c2-b1ba-46144f9e3c66" testId="c9966991-6c0e-4a34-8eb4-9281fa9acf00" testName="FormatToStringTest1000 (468.83385119346616,468.83 zł)" computerName="DESKTOP-5URQ9PB" duration="00:00:00.0000090" startTime="2022-06-13T21:11:51.9477965+02:00" endTime="2022-06-13T21:11:51.9478961+02:00" testType="13cdc9d9-ddb5-4fa4-a97d-d965ccfc6d4b" outcome="Passed" testListId="8c84fa94-04c1-424b-9868-57a2d4851a1d" relativeResultsDirectory="46496302-32c2-44c2-b1ba-46144f9e3c66" />
    <UnitTestResult executionId="d5212471-96a2-48b8-9e6b-58ef471dd683" testId="3af406e1-ebae-4518-9316-edbd7ca481d1" testName="FormatToStringTest1000 (16037.01783290087,16037.02 zł)" computerName="DESKTOP-5URQ9PB" duration="00:00:00.0000062" startTime="2022-06-13T21:11:52.2745030+02:00" endTime="2022-06-13T21:11:52.2745699+02:00" testType="13cdc9d9-ddb5-4fa4-a97d-d965ccfc6d4b" outcome="Passed" testListId="8c84fa94-04c1-424b-9868-57a2d4851a1d" relativeResultsDirectory="d5212471-96a2-48b8-9e6b-58ef471dd683" />
    <UnitTestResult executionId="31b72df5-37bd-4212-b37e-84fd9856b7a7" testId="9888efc7-8729-4ad0-833c-7bcb6f5cceee" testName="FormatToStringTest1000 (11904.111251175456,11904.11 zł)" computerName="DESKTOP-5URQ9PB" duration="00:00:00.0000062" startTime="2022-06-13T21:11:52.0255192+02:00" endTime="2022-06-13T21:11:52.0255866+02:00" testType="13cdc9d9-ddb5-4fa4-a97d-d965ccfc6d4b" outcome="Passed" testListId="8c84fa94-04c1-424b-9868-57a2d4851a1d" relativeResultsDirectory="31b72df5-37bd-4212-b37e-84fd9856b7a7" />
    <UnitTestResult executionId="adc6d10b-99c4-44bc-a4d0-d48945e8ef46" testId="2f850ed5-0abb-485a-9c29-28c291807844" testName="FormatToStringTest1000 (20012.898273490322,20012.90 zł)" computerName="DESKTOP-5URQ9PB" duration="00:00:00.0000119" startTime="2022-06-13T21:11:52.0501128+02:00" endTime="2022-06-13T21:11:52.0502596+02:00" testType="13cdc9d9-ddb5-4fa4-a97d-d965ccfc6d4b" outcome="Passed" testListId="8c84fa94-04c1-424b-9868-57a2d4851a1d" relativeResultsDirectory="adc6d10b-99c4-44bc-a4d0-d48945e8ef46" />
    <UnitTestResult executionId="e7bf9027-60e4-4847-ba09-e4e7aee70a04" testId="03db16b3-052b-4362-b3e1-77bbb853633f" testName="FormatToStringTest1000 (18023.78504577455,18023.79 zł)" computerName="DESKTOP-5URQ9PB" duration="00:00:00.0000060" startTime="2022-06-13T21:11:52.0363700+02:00" endTime="2022-06-13T21:11:52.0364380+02:00" testType="13cdc9d9-ddb5-4fa4-a97d-d965ccfc6d4b" outcome="Passed" testListId="8c84fa94-04c1-424b-9868-57a2d4851a1d" relativeResultsDirectory="e7bf9027-60e4-4847-ba09-e4e7aee70a04" />
    <UnitTestResult executionId="d7f2c3a1-bf4a-4c1e-8ad4-176aa80ac16a" testId="ac56aa38-3db4-4a64-a4fa-176f950f75bc" testName="FormatToStringTest1000 (24137.016609529506,24137.02 zł)" computerName="DESKTOP-5URQ9PB" duration="00:00:00.0000064" startTime="2022-06-13T21:11:52.2336430+02:00" endTime="2022-06-13T21:11:52.2337105+02:00" testType="13cdc9d9-ddb5-4fa4-a97d-d965ccfc6d4b" outcome="Passed" testListId="8c84fa94-04c1-424b-9868-57a2d4851a1d" relativeResultsDirectory="d7f2c3a1-bf4a-4c1e-8ad4-176aa80ac16a" />
    <UnitTestResult executionId="b82c0843-716a-42ef-b0e0-37f5ce34ea6c" testId="d0aaa640-2509-42ae-acab-4f7e407fd5e4" testName="FormatToStringTest1000 (47672.66266041652,47672.66 zł)" computerName="DESKTOP-5URQ9PB" duration="00:00:00.0000062" startTime="2022-06-13T21:11:52.2728139+02:00" endTime="2022-06-13T21:11:52.2728791+02:00" testType="13cdc9d9-ddb5-4fa4-a97d-d965ccfc6d4b" outcome="Passed" testListId="8c84fa94-04c1-424b-9868-57a2d4851a1d" relativeResultsDirectory="b82c0843-716a-42ef-b0e0-37f5ce34ea6c" />
    <UnitTestResult executionId="84373bb4-9c9c-43df-966a-8d57df74b08b" testId="dc83e5fb-33fc-4431-b6c9-e6b5fd0526b4" testName="FormatToStringTest1000 (17098.491445727876,17098.49 zł)" computerName="DESKTOP-5URQ9PB" duration="00:00:00.0000060" startTime="2022-06-13T21:11:52.1738616+02:00" endTime="2022-06-13T21:11:52.1739272+02:00" testType="13cdc9d9-ddb5-4fa4-a97d-d965ccfc6d4b" outcome="Passed" testListId="8c84fa94-04c1-424b-9868-57a2d4851a1d" relativeResultsDirectory="84373bb4-9c9c-43df-966a-8d57df74b08b" />
    <UnitTestResult executionId="df5bdfdd-00f7-4bc6-981e-d6781b318104" testId="950b0b02-7a58-44a3-8276-ce29645f7294" testName="FormatToStringTest1000 (24570.65594858893,24570.66 zł)" computerName="DESKTOP-5URQ9PB" duration="00:00:00.0000061" startTime="2022-06-13T21:11:52.0301054+02:00" endTime="2022-06-13T21:11:52.0301719+02:00" testType="13cdc9d9-ddb5-4fa4-a97d-d965ccfc6d4b" outcome="Passed" testListId="8c84fa94-04c1-424b-9868-57a2d4851a1d" relativeResultsDirectory="df5bdfdd-00f7-4bc6-981e-d6781b318104" />
    <UnitTestResult executionId="7d1bfc56-1280-40c7-a077-c4ec8ea3418f" testId="53cd48ee-3fb9-44fd-8f39-0720f67bf761" testName="FormatToStringTest1000 (41915.7945284563,41915.79 zł)" computerName="DESKTOP-5URQ9PB" duration="00:00:00.0000063" startTime="2022-06-13T21:11:52.2180655+02:00" endTime="2022-06-13T21:11:52.2181273+02:00" testType="13cdc9d9-ddb5-4fa4-a97d-d965ccfc6d4b" outcome="Passed" testListId="8c84fa94-04c1-424b-9868-57a2d4851a1d" relativeResultsDirectory="7d1bfc56-1280-40c7-a077-c4ec8ea3418f" />
    <UnitTestResult executionId="c2a55a3d-879a-40c7-8d48-878b5a449d98" testId="7b73017b-3001-46c3-91c7-1c5ac8d7e440" testName="FormatToStringTest1000 (60323.066780431225,60323.07 zł)" computerName="DESKTOP-5URQ9PB" duration="00:00:00.0000062" startTime="2022-06-13T21:11:52.0300215+02:00" endTime="2022-06-13T21:11:52.0300876+02:00" testType="13cdc9d9-ddb5-4fa4-a97d-d965ccfc6d4b" outcome="Passed" testListId="8c84fa94-04c1-424b-9868-57a2d4851a1d" relativeResultsDirectory="c2a55a3d-879a-40c7-8d48-878b5a449d98" />
    <UnitTestResult executionId="d5caf01a-7d13-4893-987a-157fdf7b3613" testId="66cd29ec-fb4b-4704-84f1-5f05d8d1a2cd" testName="FormatToStringTest1000 (13681.607566007231,13681.61 zł)" computerName="DESKTOP-5URQ9PB" duration="00:00:00.0000068" startTime="2022-06-13T21:11:52.1671801+02:00" endTime="2022-06-13T21:11:52.1672467+02:00" testType="13cdc9d9-ddb5-4fa4-a97d-d965ccfc6d4b" outcome="Passed" testListId="8c84fa94-04c1-424b-9868-57a2d4851a1d" relativeResultsDirectory="d5caf01a-7d13-4893-987a-157fdf7b3613" />
    <UnitTestResult executionId="4a6fef18-b674-4b34-8ecd-0999a0529d9e" testId="540966a3-bf93-4631-a8bf-17877f54dae9" testName="FormatToStringTest1000 (66945.02904917022,66945.03 zł)" computerName="DESKTOP-5URQ9PB" duration="00:00:00.0000086" startTime="2022-06-13T21:11:52.2451236+02:00" endTime="2022-06-13T21:11:52.2452173+02:00" testType="13cdc9d9-ddb5-4fa4-a97d-d965ccfc6d4b" outcome="Passed" testListId="8c84fa94-04c1-424b-9868-57a2d4851a1d" relativeResultsDirectory="4a6fef18-b674-4b34-8ecd-0999a0529d9e" />
    <UnitTestResult executionId="1284e930-0608-4e38-ae14-a719aef20c3a" testId="24730927-f83f-460b-b7a1-304ae3afcb02" testName="FormatToStringTest1000 (51300.77891898145,51300.78 zł)" computerName="DESKTOP-5URQ9PB" duration="00:00:00.0000060" startTime="2022-06-13T21:11:52.1759869+02:00" endTime="2022-06-13T21:11:52.1760521+02:00" testType="13cdc9d9-ddb5-4fa4-a97d-d965ccfc6d4b" outcome="Passed" testListId="8c84fa94-04c1-424b-9868-57a2d4851a1d" relativeResultsDirectory="1284e930-0608-4e38-ae14-a719aef20c3a" />
    <UnitTestResult executionId="7173ddde-2da7-4281-b118-432ed05a0554" testId="da4f8757-a334-4145-9d4a-47ffcd92ca78" testName="FormatToStringTest1000 (485.6735566554933,485.67 zł)" computerName="DESKTOP-5URQ9PB" duration="00:00:00.0000137" startTime="2022-06-13T21:11:52.0120067+02:00" endTime="2022-06-13T21:11:52.0122155+02:00" testType="13cdc9d9-ddb5-4fa4-a97d-d965ccfc6d4b" outcome="Passed" testListId="8c84fa94-04c1-424b-9868-57a2d4851a1d" relativeResultsDirectory="7173ddde-2da7-4281-b118-432ed05a0554" />
    <UnitTestResult executionId="04c85a31-f096-40a7-8fb9-0ce57a21b936" testId="36ea0ca9-8b89-4b0c-af1b-e5d4b080aceb" testName="FormatToStringTest1000 (3270.482477338743,3270.48 zł)" computerName="DESKTOP-5URQ9PB" duration="00:00:00.0000062" startTime="2022-06-13T21:11:52.2175769+02:00" endTime="2022-06-13T21:11:52.2176418+02:00" testType="13cdc9d9-ddb5-4fa4-a97d-d965ccfc6d4b" outcome="Passed" testListId="8c84fa94-04c1-424b-9868-57a2d4851a1d" relativeResultsDirectory="04c85a31-f096-40a7-8fb9-0ce57a21b936" />
    <UnitTestResult executionId="21c52f5e-bbbf-42e6-be2f-02b3d6066b09" testId="2b0ed292-a27b-4689-84f2-0105b5a4bdb6" testName="FormatToStringTest1000 (8768.816937361293,8768.82 zł)" computerName="DESKTOP-5URQ9PB" duration="00:00:00.0000061" startTime="2022-06-13T21:11:51.9485806+02:00" endTime="2022-06-13T21:11:51.9486475+02:00" testType="13cdc9d9-ddb5-4fa4-a97d-d965ccfc6d4b" outcome="Passed" testListId="8c84fa94-04c1-424b-9868-57a2d4851a1d" relativeResultsDirectory="21c52f5e-bbbf-42e6-be2f-02b3d6066b09" />
    <UnitTestResult executionId="8d0fac18-a990-4bd3-a0a5-39c811c011ec" testId="c07e4a25-f3e8-42ad-9e40-a12aa53015c8" testName="FormatToStringTest1000 (22248.263319677797,22248.26 zł)" computerName="DESKTOP-5URQ9PB" duration="00:00:00.0000075" startTime="2022-06-13T21:11:52.1195505+02:00" endTime="2022-06-13T21:11:52.1197250+02:00" testType="13cdc9d9-ddb5-4fa4-a97d-d965ccfc6d4b" outcome="Passed" testListId="8c84fa94-04c1-424b-9868-57a2d4851a1d" relativeResultsDirectory="8d0fac18-a990-4bd3-a0a5-39c811c011ec" />
    <UnitTestResult executionId="cf72cabc-a4d5-4bb8-8f70-5a21ea39e73c" testId="1145ce21-55c5-43e9-ae74-5dd8ea335163" testName="FormatToStringTest1000 (40556.73452524362,40556.73 zł)" computerName="DESKTOP-5URQ9PB" duration="00:00:00.0000065" startTime="2022-06-13T21:11:52.1033213+02:00" endTime="2022-06-13T21:11:52.1033924+02:00" testType="13cdc9d9-ddb5-4fa4-a97d-d965ccfc6d4b" outcome="Passed" testListId="8c84fa94-04c1-424b-9868-57a2d4851a1d" relativeResultsDirectory="cf72cabc-a4d5-4bb8-8f70-5a21ea39e73c" />
    <UnitTestResult executionId="c53a52a4-b5a8-4844-92ff-54f58327b206" testId="fd446e4e-a349-405d-a533-6cbf9f3c940a" testName="FormatToStringTest1000 (16208.076866391615,16208.08 zł)" computerName="DESKTOP-5URQ9PB" duration="00:00:00.0000093" startTime="2022-06-13T21:11:52.2722420+02:00" endTime="2022-06-13T21:11:52.2723683+02:00" testType="13cdc9d9-ddb5-4fa4-a97d-d965ccfc6d4b" outcome="Passed" testListId="8c84fa94-04c1-424b-9868-57a2d4851a1d" relativeResultsDirectory="c53a52a4-b5a8-4844-92ff-54f58327b206" />
    <UnitTestResult executionId="c8c9618b-908c-4c55-9c72-8d4c15097682" testId="ad2b9d8c-0b1f-4b4d-aaeb-db0e67b10448" testName="FormatToStringTest1000 (7076.829971250534,7076.83 zł)" computerName="DESKTOP-5URQ9PB" duration="00:00:00.0000087" startTime="2022-06-13T21:11:52.2444949+02:00" endTime="2022-06-13T21:11:52.2445920+02:00" testType="13cdc9d9-ddb5-4fa4-a97d-d965ccfc6d4b" outcome="Passed" testListId="8c84fa94-04c1-424b-9868-57a2d4851a1d" relativeResultsDirectory="c8c9618b-908c-4c55-9c72-8d4c15097682" />
    <UnitTestResult executionId="5afd631e-c880-4039-8db0-f274e73e1c91" testId="745e4607-c3df-4626-8901-8c4610d6d8cf" testName="FormatToStringTest1000 (19216.446905020366,19216.45 zł)" computerName="DESKTOP-5URQ9PB" duration="00:00:00.0000062" startTime="2022-06-13T21:11:51.9877236+02:00" endTime="2022-06-13T21:11:51.9877905+02:00" testType="13cdc9d9-ddb5-4fa4-a97d-d965ccfc6d4b" outcome="Passed" testListId="8c84fa94-04c1-424b-9868-57a2d4851a1d" relativeResultsDirectory="5afd631e-c880-4039-8db0-f274e73e1c91" />
    <UnitTestResult executionId="4d132c6a-882f-4886-8a53-f7e7ed5f35d4" testId="d32ef260-a3dd-45de-b51f-561aae2ab6c3" testName="FormatToStringTest1000 (20752.33758466334,20752.34 zł)" computerName="DESKTOP-5URQ9PB" duration="00:00:00.0000060" startTime="2022-06-13T21:11:52.0756435+02:00" endTime="2022-06-13T21:11:52.0757106+02:00" testType="13cdc9d9-ddb5-4fa4-a97d-d965ccfc6d4b" outcome="Passed" testListId="8c84fa94-04c1-424b-9868-57a2d4851a1d" relativeResultsDirectory="4d132c6a-882f-4886-8a53-f7e7ed5f35d4" />
    <UnitTestResult executionId="05537f1b-6e34-4cbb-8882-2ca9f9033e48" testId="f3cd9e06-ac91-4297-9b59-e8480a8d5a1f" testName="FormatToStringTest1000 (20643.69044446465,20643.69 zł)" computerName="DESKTOP-5URQ9PB" duration="00:00:00.0000060" startTime="2022-06-13T21:11:52.2120641+02:00" endTime="2022-06-13T21:11:52.2121285+02:00" testType="13cdc9d9-ddb5-4fa4-a97d-d965ccfc6d4b" outcome="Passed" testListId="8c84fa94-04c1-424b-9868-57a2d4851a1d" relativeResultsDirectory="05537f1b-6e34-4cbb-8882-2ca9f9033e48" />
    <UnitTestResult executionId="ac957ef8-37ed-4c0f-a59a-4fd8f1ab2c74" testId="31dc3ee5-7c78-4834-b657-c5293362c550" testName="FormatToStringTest1000 (6665.405372488035,6665.41 zł)" computerName="DESKTOP-5URQ9PB" duration="00:00:00.0000082" startTime="2022-06-13T21:11:52.1122531+02:00" endTime="2022-06-13T21:11:52.1123631+02:00" testType="13cdc9d9-ddb5-4fa4-a97d-d965ccfc6d4b" outcome="Passed" testListId="8c84fa94-04c1-424b-9868-57a2d4851a1d" relativeResultsDirectory="ac957ef8-37ed-4c0f-a59a-4fd8f1ab2c74" />
    <UnitTestResult executionId="07514741-63c9-459e-8241-a2f8eb6694ed" testId="ac556089-5516-430d-99a4-f51d3a71c208" testName="FormatToStringTest1000 (73151.83675918348,73151.84 zł)" computerName="DESKTOP-5URQ9PB" duration="00:00:00.0000062" startTime="2022-06-13T21:11:52.2612775+02:00" endTime="2022-06-13T21:11:52.2613474+02:00" testType="13cdc9d9-ddb5-4fa4-a97d-d965ccfc6d4b" outcome="Passed" testListId="8c84fa94-04c1-424b-9868-57a2d4851a1d" relativeResultsDirectory="07514741-63c9-459e-8241-a2f8eb6694ed" />
    <UnitTestResult executionId="d7688ce4-81d2-4044-a1be-b13e4cfa6d00" testId="f2fabd7b-905f-4c7a-9901-0ceb6d4d7648" testName="FormatToStringTest1000 (13402.882692040355,13402.88 zł)" computerName="DESKTOP-5URQ9PB" duration="00:00:00.0000064" startTime="2022-06-13T21:11:52.2351116+02:00" endTime="2022-06-13T21:11:52.2351797+02:00" testType="13cdc9d9-ddb5-4fa4-a97d-d965ccfc6d4b" outcome="Passed" testListId="8c84fa94-04c1-424b-9868-57a2d4851a1d" relativeResultsDirectory="d7688ce4-81d2-4044-a1be-b13e4cfa6d00" />
    <UnitTestResult executionId="ec92ecd9-2fe9-4079-bfd8-90b8f789963d" testId="009fe0e8-4081-4778-bc7c-4b6527d99f08" testName="FormatToStringTest1000 (14867.726341984107,14867.73 zł)" computerName="DESKTOP-5URQ9PB" duration="00:00:00.0000063" startTime="2022-06-13T21:11:52.1822643+02:00" endTime="2022-06-13T21:11:52.1823377+02:00" testType="13cdc9d9-ddb5-4fa4-a97d-d965ccfc6d4b" outcome="Passed" testListId="8c84fa94-04c1-424b-9868-57a2d4851a1d" relativeResultsDirectory="ec92ecd9-2fe9-4079-bfd8-90b8f789963d" />
    <UnitTestResult executionId="c55d2526-b3a7-43a3-9105-b7e60f557bbb" testId="cba5bf86-82ec-447a-8ff7-b79b3214ecd6" testName="FormatToStringTest1000 (12091.219941106729,12091.22 zł)" computerName="DESKTOP-5URQ9PB" duration="00:00:00.0000061" startTime="2022-06-13T21:11:52.0334312+02:00" endTime="2022-06-13T21:11:52.0334973+02:00" testType="13cdc9d9-ddb5-4fa4-a97d-d965ccfc6d4b" outcome="Passed" testListId="8c84fa94-04c1-424b-9868-57a2d4851a1d" relativeResultsDirectory="c55d2526-b3a7-43a3-9105-b7e60f557bbb" />
    <UnitTestResult executionId="84748b40-d913-4893-bc8a-087ac0668d52" testId="57816302-6ebb-48d6-a15e-65619216386b" testName="FormatToStringTest1000 (1328.353302088265,1328.35 zł)" computerName="DESKTOP-5URQ9PB" duration="00:00:00.0000061" startTime="2022-06-13T21:11:52.1095800+02:00" endTime="2022-06-13T21:11:52.1096465+02:00" testType="13cdc9d9-ddb5-4fa4-a97d-d965ccfc6d4b" outcome="Passed" testListId="8c84fa94-04c1-424b-9868-57a2d4851a1d" relativeResultsDirectory="84748b40-d913-4893-bc8a-087ac0668d52" />
    <UnitTestResult executionId="9e438d0f-3eb2-436b-be26-d6037327af0e" testId="d7498974-a821-4bff-b1e5-8e4d93466e9a" testName="FormatToStringTest1000 (59768.02667973611,59768.03 zł)" computerName="DESKTOP-5URQ9PB" duration="00:00:00.0000299" startTime="2022-06-13T21:11:52.1502977+02:00" endTime="2022-06-13T21:11:52.1506572+02:00" testType="13cdc9d9-ddb5-4fa4-a97d-d965ccfc6d4b" outcome="Passed" testListId="8c84fa94-04c1-424b-9868-57a2d4851a1d" relativeResultsDirectory="9e438d0f-3eb2-436b-be26-d6037327af0e" />
    <UnitTestResult executionId="015a1d60-53a2-40c0-b802-5f5b08ea354b" testId="b49cc428-d559-4bf4-a0b1-368094154ce6" testName="FormatToStringTest1000 (75024.79122970243,75024.79 zł)" computerName="DESKTOP-5URQ9PB" duration="00:00:00.0000082" startTime="2022-06-13T21:11:52.0539936+02:00" endTime="2022-06-13T21:11:52.0540975+02:00" testType="13cdc9d9-ddb5-4fa4-a97d-d965ccfc6d4b" outcome="Passed" testListId="8c84fa94-04c1-424b-9868-57a2d4851a1d" relativeResultsDirectory="015a1d60-53a2-40c0-b802-5f5b08ea354b" />
    <UnitTestResult executionId="5e4be669-d383-49bf-8efe-550f519610f1" testId="ae056cf6-32d3-4f49-95af-95acff9810d8" testName="FormatToStringTest1000 (11796.576829059317,11796.58 zł)" computerName="DESKTOP-5URQ9PB" duration="00:00:00.0000064" startTime="2022-06-13T21:11:52.2372260+02:00" endTime="2022-06-13T21:11:52.2372943+02:00" testType="13cdc9d9-ddb5-4fa4-a97d-d965ccfc6d4b" outcome="Passed" testListId="8c84fa94-04c1-424b-9868-57a2d4851a1d" relativeResultsDirectory="5e4be669-d383-49bf-8efe-550f519610f1" />
    <UnitTestResult executionId="cbd01e3b-8c46-48a8-ad44-3d580d0a809d" testId="03b85905-6f1b-41e0-b889-15ba664615c3" testName="FormatToStringTest1000 (317.9090540706688,317.91 zł)" computerName="DESKTOP-5URQ9PB" duration="00:00:00.0000222" startTime="2022-06-13T21:11:51.9725546+02:00" endTime="2022-06-13T21:11:51.9727857+02:00" testType="13cdc9d9-ddb5-4fa4-a97d-d965ccfc6d4b" outcome="Passed" testListId="8c84fa94-04c1-424b-9868-57a2d4851a1d" relativeResultsDirectory="cbd01e3b-8c46-48a8-ad44-3d580d0a809d" />
    <UnitTestResult executionId="4ee81382-c5c2-4129-9875-e753ce1a1fa4" testId="9c1bbb8b-802c-468f-b8d9-297772f4c2fd" testName="FormatToStringTest1000 (7407.385606687696,7407.39 zł)" computerName="DESKTOP-5URQ9PB" duration="00:00:00.0000062" startTime="2022-06-13T21:11:52.1740281+02:00" endTime="2022-06-13T21:11:52.1740936+02:00" testType="13cdc9d9-ddb5-4fa4-a97d-d965ccfc6d4b" outcome="Passed" testListId="8c84fa94-04c1-424b-9868-57a2d4851a1d" relativeResultsDirectory="4ee81382-c5c2-4129-9875-e753ce1a1fa4" />
    <UnitTestResult executionId="482a0591-aa0c-49b0-a6ad-ff4f866cfc00" testId="aa24010d-86bd-43f8-8903-000d81676427" testName="FormatToStringTest1000 (5548.360986085777,5548.36 zł)" computerName="DESKTOP-5URQ9PB" duration="00:00:00.0000063" startTime="2022-06-13T21:11:52.1844414+02:00" endTime="2022-06-13T21:11:52.1845193+02:00" testType="13cdc9d9-ddb5-4fa4-a97d-d965ccfc6d4b" outcome="Passed" testListId="8c84fa94-04c1-424b-9868-57a2d4851a1d" relativeResultsDirectory="482a0591-aa0c-49b0-a6ad-ff4f866cfc00" />
    <UnitTestResult executionId="b64eeaf2-1a0c-40d6-934e-0ead9345c009" testId="d12b797b-e1fb-451f-aaee-03b283b7c955" testName="FormatToStringTest1000 (16511.26921423537,16511.27 zł)" computerName="DESKTOP-5URQ9PB" duration="00:00:00.0000062" startTime="2022-06-13T21:11:52.2631865+02:00" endTime="2022-06-13T21:11:52.2632520+02:00" testType="13cdc9d9-ddb5-4fa4-a97d-d965ccfc6d4b" outcome="Passed" testListId="8c84fa94-04c1-424b-9868-57a2d4851a1d" relativeResultsDirectory="b64eeaf2-1a0c-40d6-934e-0ead9345c009" />
    <UnitTestResult executionId="413d8608-d657-4668-85b7-72a77e8ad1b7" testId="61fe05af-9da7-4b1a-a4d5-6aac7c71951f" testName="FormatToStringTest1000 (26133.133789601336,26133.13 zł)" computerName="DESKTOP-5URQ9PB" duration="00:00:00.0000063" startTime="2022-06-13T21:11:51.9808036+02:00" endTime="2022-06-13T21:11:51.9808816+02:00" testType="13cdc9d9-ddb5-4fa4-a97d-d965ccfc6d4b" outcome="Passed" testListId="8c84fa94-04c1-424b-9868-57a2d4851a1d" relativeResultsDirectory="413d8608-d657-4668-85b7-72a77e8ad1b7" />
    <UnitTestResult executionId="a7f01b96-cc1a-4683-a9f9-86749fcbd39e" testId="37560711-26c6-4170-8a3e-af3e21acc14e" testName="FormatToStringTest1000 (7348.947429818543,7348.95 zł)" computerName="DESKTOP-5URQ9PB" duration="00:00:00.0000063" startTime="2022-06-13T21:11:52.0470493+02:00" endTime="2022-06-13T21:11:52.0471256+02:00" testType="13cdc9d9-ddb5-4fa4-a97d-d965ccfc6d4b" outcome="Passed" testListId="8c84fa94-04c1-424b-9868-57a2d4851a1d" relativeResultsDirectory="a7f01b96-cc1a-4683-a9f9-86749fcbd39e" />
    <UnitTestResult executionId="7fae3082-b47d-45e0-93e8-2149854929b1" testId="cc3ab39d-b492-434c-8f56-152590f58a8f" testName="FormatToStringTest1000 (29362.005930638876,29362.01 zł)" computerName="DESKTOP-5URQ9PB" duration="00:00:00.0000074" startTime="2022-06-13T21:11:52.0427370+02:00" endTime="2022-06-13T21:11:52.0428252+02:00" testType="13cdc9d9-ddb5-4fa4-a97d-d965ccfc6d4b" outcome="Passed" testListId="8c84fa94-04c1-424b-9868-57a2d4851a1d" relativeResultsDirectory="7fae3082-b47d-45e0-93e8-2149854929b1" />
    <UnitTestResult executionId="9402d79d-90d3-4e04-a7a1-f921e5b98d83" testId="a8e6aa76-a9ab-4c7b-aa1b-a624730b4dc5" testName="FormatToStringTest1000 (7891.960478953067,7891.96 zł)" computerName="DESKTOP-5URQ9PB" duration="00:00:00.0000061" startTime="2022-06-13T21:11:52.1001542+02:00" endTime="2022-06-13T21:11:52.1002209+02:00" testType="13cdc9d9-ddb5-4fa4-a97d-d965ccfc6d4b" outcome="Passed" testListId="8c84fa94-04c1-424b-9868-57a2d4851a1d" relativeResultsDirectory="9402d79d-90d3-4e04-a7a1-f921e5b98d83" />
    <UnitTestResult executionId="cbb7566e-59a0-44f0-8b9c-8e5722197d2e" testId="223e4389-59f6-479e-94b6-60f170e20ec0" testName="FormatToStringTest1000 (63115.864864394935,63115.86 zł)" computerName="DESKTOP-5URQ9PB" duration="00:00:00.0000060" startTime="2022-06-13T21:11:51.9879777+02:00" endTime="2022-06-13T21:11:51.9880444+02:00" testType="13cdc9d9-ddb5-4fa4-a97d-d965ccfc6d4b" outcome="Passed" testListId="8c84fa94-04c1-424b-9868-57a2d4851a1d" relativeResultsDirectory="cbb7566e-59a0-44f0-8b9c-8e5722197d2e" />
    <UnitTestResult executionId="96d074f0-a93b-45d5-a936-4139d6d31bb9" testId="ac4dcade-2aad-4163-b8e0-47477b773c22" testName="FormatToStringTest1000 (7671.0039663785155,7671.00 zł)" computerName="DESKTOP-5URQ9PB" duration="00:00:00.0000069" startTime="2022-06-13T21:11:52.2252764+02:00" endTime="2022-06-13T21:11:52.2253568+02:00" testType="13cdc9d9-ddb5-4fa4-a97d-d965ccfc6d4b" outcome="Passed" testListId="8c84fa94-04c1-424b-9868-57a2d4851a1d" relativeResultsDirectory="96d074f0-a93b-45d5-a936-4139d6d31bb9" />
    <UnitTestResult executionId="55916631-33de-4dcc-b701-28b726f614d7" testId="82a5986f-7643-43fd-bc92-c016f13481b9" testName="FormatToStringTest1000 (55010.474927814896,55010.47 zł)" computerName="DESKTOP-5URQ9PB" duration="00:00:00.0000062" startTime="2022-06-13T21:11:52.2065237+02:00" endTime="2022-06-13T21:11:52.2065952+02:00" testType="13cdc9d9-ddb5-4fa4-a97d-d965ccfc6d4b" outcome="Passed" testListId="8c84fa94-04c1-424b-9868-57a2d4851a1d" relativeResultsDirectory="55916631-33de-4dcc-b701-28b726f614d7" />
    <UnitTestResult executionId="3fe305bd-346c-44db-abab-e2cdc306c277" testId="2e6408de-00dc-4aa6-b0fd-40d2fdf61733" testName="FormatToStringTest1000 (42767.96883676898,42767.97 zł)" computerName="DESKTOP-5URQ9PB" duration="00:00:00.0000061" startTime="2022-06-13T21:11:52.2237661+02:00" endTime="2022-06-13T21:11:52.2238304+02:00" testType="13cdc9d9-ddb5-4fa4-a97d-d965ccfc6d4b" outcome="Passed" testListId="8c84fa94-04c1-424b-9868-57a2d4851a1d" relativeResultsDirectory="3fe305bd-346c-44db-abab-e2cdc306c277" />
    <UnitTestResult executionId="6d5d1a44-a74c-4b68-ad2f-90cdab118726" testId="41b3114b-4187-4ee0-a802-a7442d2b7415" testName="FormatToStringTest1000 (10527.083945901639,10527.08 zł)" computerName="DESKTOP-5URQ9PB" duration="00:00:00.0000061" startTime="2022-06-13T21:11:52.2235217+02:00" endTime="2022-06-13T21:11:52.2235863+02:00" testType="13cdc9d9-ddb5-4fa4-a97d-d965ccfc6d4b" outcome="Passed" testListId="8c84fa94-04c1-424b-9868-57a2d4851a1d" relativeResultsDirectory="6d5d1a44-a74c-4b68-ad2f-90cdab118726" />
    <UnitTestResult executionId="0196a35f-9baf-4886-9009-04552903aa09" testId="6162c24f-bae7-4532-b05b-a0479229bc73" testName="FormatToStringTest1000 (2951.2722077329045,2951.27 zł)" computerName="DESKTOP-5URQ9PB" duration="00:00:00.0000060" startTime="2022-06-13T21:11:52.0257710+02:00" endTime="2022-06-13T21:11:52.0258369+02:00" testType="13cdc9d9-ddb5-4fa4-a97d-d965ccfc6d4b" outcome="Passed" testListId="8c84fa94-04c1-424b-9868-57a2d4851a1d" relativeResultsDirectory="0196a35f-9baf-4886-9009-04552903aa09" />
    <UnitTestResult executionId="6912144d-e442-4909-b5fa-7a6f48eb941d" testId="258ef7fa-b7f0-4132-a393-4bd1756630f8" testName="FormatToStringTest1000 (57181.240528605056,57181.24 zł)" computerName="DESKTOP-5URQ9PB" duration="00:00:00.0000061" startTime="2022-06-13T21:11:52.0659441+02:00" endTime="2022-06-13T21:11:52.0660107+02:00" testType="13cdc9d9-ddb5-4fa4-a97d-d965ccfc6d4b" outcome="Passed" testListId="8c84fa94-04c1-424b-9868-57a2d4851a1d" relativeResultsDirectory="6912144d-e442-4909-b5fa-7a6f48eb941d" />
    <UnitTestResult executionId="7366e375-e8e2-4da1-b6c6-e4c4987d1029" testId="7ffb8db7-00ff-4877-9c47-1e5df0ca3973" testName="FormatToStringTest1000 (84686.32148464039,84686.32 zł)" computerName="DESKTOP-5URQ9PB" duration="00:00:00.0000066" startTime="2022-06-13T21:11:52.1199429+02:00" endTime="2022-06-13T21:11:52.1200223+02:00" testType="13cdc9d9-ddb5-4fa4-a97d-d965ccfc6d4b" outcome="Passed" testListId="8c84fa94-04c1-424b-9868-57a2d4851a1d" relativeResultsDirectory="7366e375-e8e2-4da1-b6c6-e4c4987d1029" />
    <UnitTestResult executionId="bb19935f-dfb2-4de4-9639-063c699040d3" testId="255f467c-49ef-4016-b024-996062041d12" testName="FormatToStringTest1000 (9517.514896326473,9517.51 zł)" computerName="DESKTOP-5URQ9PB" duration="00:00:00.0000064" startTime="2022-06-13T21:11:52.1849097+02:00" endTime="2022-06-13T21:11:52.1849821+02:00" testType="13cdc9d9-ddb5-4fa4-a97d-d965ccfc6d4b" outcome="Passed" testListId="8c84fa94-04c1-424b-9868-57a2d4851a1d" relativeResultsDirectory="bb19935f-dfb2-4de4-9639-063c699040d3" />
    <UnitTestResult executionId="e3961952-836c-49d5-91cf-85c5856ea26d" testId="e6667b4f-65f9-4b2b-ae49-d1bbc1cbebbd" testName="FormatToStringTest1000 (26529.10838037036,26529.11 zł)" computerName="DESKTOP-5URQ9PB" duration="00:00:00.0000062" startTime="2022-06-13T21:11:52.2672863+02:00" endTime="2022-06-13T21:11:52.2673565+02:00" testType="13cdc9d9-ddb5-4fa4-a97d-d965ccfc6d4b" outcome="Passed" testListId="8c84fa94-04c1-424b-9868-57a2d4851a1d" relativeResultsDirectory="e3961952-836c-49d5-91cf-85c5856ea26d" />
    <UnitTestResult executionId="e08f9bfd-c975-4b87-b5d5-018dae5187cc" testId="a20f0718-6abd-424b-9384-351fec54d0f6" testName="FormatToStringTest1000 (4715.320654313695,4715.32 zł)" computerName="DESKTOP-5URQ9PB" duration="00:00:00.0000060" startTime="2022-06-13T21:11:52.1761525+02:00" endTime="2022-06-13T21:11:52.1762175+02:00" testType="13cdc9d9-ddb5-4fa4-a97d-d965ccfc6d4b" outcome="Passed" testListId="8c84fa94-04c1-424b-9868-57a2d4851a1d" relativeResultsDirectory="e08f9bfd-c975-4b87-b5d5-018dae5187cc" />
    <UnitTestResult executionId="0852b7f7-730d-42fe-8695-682682db41cd" testId="222f8907-e7ce-470a-9e55-b1f05b81e12a" testName="FormatToStringTest1000 (70771.4436677524,70771.44 zł)" computerName="DESKTOP-5URQ9PB" duration="00:00:00.0000067" startTime="2022-06-13T21:11:51.9772766+02:00" endTime="2022-06-13T21:11:51.9773641+02:00" testType="13cdc9d9-ddb5-4fa4-a97d-d965ccfc6d4b" outcome="Passed" testListId="8c84fa94-04c1-424b-9868-57a2d4851a1d" relativeResultsDirectory="0852b7f7-730d-42fe-8695-682682db41cd" />
    <UnitTestResult executionId="06ede9c0-de1e-4ecc-8861-cf3749643d72" testId="7ec9b633-aa42-4395-b17c-50b519dd739e" testName="FormatToStringTest1000 (82228.32322510486,82228.32 zł)" computerName="DESKTOP-5URQ9PB" duration="00:00:00.0000062" startTime="2022-06-13T21:11:52.1692482+02:00" endTime="2022-06-13T21:11:52.1693188+02:00" testType="13cdc9d9-ddb5-4fa4-a97d-d965ccfc6d4b" outcome="Passed" testListId="8c84fa94-04c1-424b-9868-57a2d4851a1d" relativeResultsDirectory="06ede9c0-de1e-4ecc-8861-cf3749643d72" />
    <UnitTestResult executionId="b06ca76d-7e03-4b86-9e99-b2f4fb065822" testId="70c8f129-3d23-4dbd-8101-df1bc45e4a53" testName="FormatToStringTest1000 (19435.417227184127,19435.42 zł)" computerName="DESKTOP-5URQ9PB" duration="00:00:00.0000593" startTime="2022-06-13T21:11:52.1328988+02:00" endTime="2022-06-13T21:11:52.1339281+02:00" testType="13cdc9d9-ddb5-4fa4-a97d-d965ccfc6d4b" outcome="Passed" testListId="8c84fa94-04c1-424b-9868-57a2d4851a1d" relativeResultsDirectory="b06ca76d-7e03-4b86-9e99-b2f4fb065822" />
    <UnitTestResult executionId="456ae6de-2314-4029-9256-311d13f25bbe" testId="c23d3574-0193-419c-9273-aec8d0c8aed7" testName="FormatToStringTest1000 (14137.400697779563,14137.40 zł)" computerName="DESKTOP-5URQ9PB" duration="00:00:00.0000062" startTime="2022-06-13T21:11:52.2805352+02:00" endTime="2022-06-13T21:11:52.2806001+02:00" testType="13cdc9d9-ddb5-4fa4-a97d-d965ccfc6d4b" outcome="Passed" testListId="8c84fa94-04c1-424b-9868-57a2d4851a1d" relativeResultsDirectory="456ae6de-2314-4029-9256-311d13f25bbe" />
    <UnitTestResult executionId="3279ed4c-b56f-4c57-95e5-3e6d067d6b15" testId="fd322dcc-d86b-48df-92a9-5182b17e67f2" testName="FormatToStringTest1000 (15841.26419853478,15841.26 zł)" computerName="DESKTOP-5URQ9PB" duration="00:00:00.0000119" startTime="2022-06-13T21:11:52.2552515+02:00" endTime="2022-06-13T21:11:52.2553230+02:00" testType="13cdc9d9-ddb5-4fa4-a97d-d965ccfc6d4b" outcome="Passed" testListId="8c84fa94-04c1-424b-9868-57a2d4851a1d" relativeResultsDirectory="3279ed4c-b56f-4c57-95e5-3e6d067d6b15" />
    <UnitTestResult executionId="93ca96b5-e756-4e9f-9500-a88a2e9e765c" testId="feed9c2d-ca98-4e4e-b015-449875f1d61c" testName="FormatToStringTest1000 (31799.68317462815,31799.68 zł)" computerName="DESKTOP-5URQ9PB" duration="00:00:00.0000061" startTime="2022-06-13T21:11:52.1715754+02:00" endTime="2022-06-13T21:11:52.1716417+02:00" testType="13cdc9d9-ddb5-4fa4-a97d-d965ccfc6d4b" outcome="Passed" testListId="8c84fa94-04c1-424b-9868-57a2d4851a1d" relativeResultsDirectory="93ca96b5-e756-4e9f-9500-a88a2e9e765c" />
    <UnitTestResult executionId="0a19cbe4-9806-4a1c-a82d-ad8804e0e0e5" testId="f5727d33-3498-4ca7-8942-8bfe14b2799f" testName="FormatToStringTest1000 (4614.673205890541,4614.67 zł)" computerName="DESKTOP-5URQ9PB" duration="00:00:00.0000061" startTime="2022-06-13T21:11:51.9875533+02:00" endTime="2022-06-13T21:11:51.9876205+02:00" testType="13cdc9d9-ddb5-4fa4-a97d-d965ccfc6d4b" outcome="Passed" testListId="8c84fa94-04c1-424b-9868-57a2d4851a1d" relativeResultsDirectory="0a19cbe4-9806-4a1c-a82d-ad8804e0e0e5" />
    <UnitTestResult executionId="309df4c7-f8fd-43f7-99c1-ec0b9526ad15" testId="a359958f-f1dc-4c9b-8e6a-71973e24dd87" testName="FormatToStringTest1000 (59283.48311990662,59283.48 zł)" computerName="DESKTOP-5URQ9PB" duration="00:00:00.0000071" startTime="2022-06-13T21:11:52.0507092+02:00" endTime="2022-06-13T21:11:52.0507997+02:00" testType="13cdc9d9-ddb5-4fa4-a97d-d965ccfc6d4b" outcome="Passed" testListId="8c84fa94-04c1-424b-9868-57a2d4851a1d" relativeResultsDirectory="309df4c7-f8fd-43f7-99c1-ec0b9526ad15" />
    <UnitTestResult executionId="5505b9f4-4352-4d66-89ee-42b545328ade" testId="66000a3e-1f0b-48df-857b-5104a12d7e89" testName="FormatToStringTest1000 (5957.42161879941,5957.42 zł)" computerName="DESKTOP-5URQ9PB" duration="00:00:00.0000085" startTime="2022-06-13T21:11:52.1976186+02:00" endTime="2022-06-13T21:11:52.1977171+02:00" testType="13cdc9d9-ddb5-4fa4-a97d-d965ccfc6d4b" outcome="Passed" testListId="8c84fa94-04c1-424b-9868-57a2d4851a1d" relativeResultsDirectory="5505b9f4-4352-4d66-89ee-42b545328ade" />
    <UnitTestResult executionId="16108d69-f102-4638-8c54-ada48195caaa" testId="801340a0-3736-41c2-a865-cc79ec004c02" testName="FormatToStringTest1000 (9151.103070427245,9151.10 zł)" computerName="DESKTOP-5URQ9PB" duration="00:00:00.0000062" startTime="2022-06-13T21:11:52.2750804+02:00" endTime="2022-06-13T21:11:52.2751446+02:00" testType="13cdc9d9-ddb5-4fa4-a97d-d965ccfc6d4b" outcome="Passed" testListId="8c84fa94-04c1-424b-9868-57a2d4851a1d" relativeResultsDirectory="16108d69-f102-4638-8c54-ada48195caaa" />
    <UnitTestResult executionId="82bb36d5-0686-44eb-8650-f23454244566" testId="5ae9e5ec-2c53-48c5-9673-9b1566fecb81" testName="FormatToStringTest1000 (22799.991836491965,22799.99 zł)" computerName="DESKTOP-5URQ9PB" duration="00:00:00.0000071" startTime="2022-06-13T21:11:52.1002393+02:00" endTime="2022-06-13T21:11:52.1003094+02:00" testType="13cdc9d9-ddb5-4fa4-a97d-d965ccfc6d4b" outcome="Passed" testListId="8c84fa94-04c1-424b-9868-57a2d4851a1d" relativeResultsDirectory="82bb36d5-0686-44eb-8650-f23454244566" />
    <UnitTestResult executionId="09c7c14c-24e2-4159-946a-313d6d2d828d" testId="a76cefb4-6cc8-4eee-a5b0-c6749b4888d7" testName="FormatToStringTest1000 (40913.016669489916,40913.02 zł)" computerName="DESKTOP-5URQ9PB" duration="00:00:00.0000088" startTime="2022-06-13T21:11:52.2525471+02:00" endTime="2022-06-13T21:11:52.2526441+02:00" testType="13cdc9d9-ddb5-4fa4-a97d-d965ccfc6d4b" outcome="Passed" testListId="8c84fa94-04c1-424b-9868-57a2d4851a1d" relativeResultsDirectory="09c7c14c-24e2-4159-946a-313d6d2d828d" />
    <UnitTestResult executionId="5176acf2-8f09-4894-baf0-b1f583009472" testId="5314b87b-c754-4647-9aec-cd9b4c14b13b" testName="FormatToStringTest1000 (37954.34384365396,37954.34 zł)" computerName="DESKTOP-5URQ9PB" duration="00:00:00.0000070" startTime="2022-06-13T21:11:52.2350136+02:00" endTime="2022-06-13T21:11:52.2350928+02:00" testType="13cdc9d9-ddb5-4fa4-a97d-d965ccfc6d4b" outcome="Passed" testListId="8c84fa94-04c1-424b-9868-57a2d4851a1d" relativeResultsDirectory="5176acf2-8f09-4894-baf0-b1f583009472" />
    <UnitTestResult executionId="602e6167-f897-454d-859b-e2a72bcf8b85" testId="9a2ad19a-971c-45d4-a651-a9f9c2b0aef9" testName="FormatToStringTest1000 (1687.6029180025694,1687.60 zł)" computerName="DESKTOP-5URQ9PB" duration="00:00:00.0000066" startTime="2022-06-13T21:11:52.0503952+02:00" endTime="2022-06-13T21:11:52.0504761+02:00" testType="13cdc9d9-ddb5-4fa4-a97d-d965ccfc6d4b" outcome="Passed" testListId="8c84fa94-04c1-424b-9868-57a2d4851a1d" relativeResultsDirectory="602e6167-f897-454d-859b-e2a72bcf8b85" />
    <UnitTestResult executionId="5bb28076-2d05-4e67-9155-cbf1820ba961" testId="3cde222d-313a-414c-993d-9fdd54e76d78" testName="FormatToStringTest1000 (45035.160883881224,45035.16 zł)" computerName="DESKTOP-5URQ9PB" duration="00:00:00.0000064" startTime="2022-06-13T21:11:51.9513494+02:00" endTime="2022-06-13T21:11:51.9514211+02:00" testType="13cdc9d9-ddb5-4fa4-a97d-d965ccfc6d4b" outcome="Passed" testListId="8c84fa94-04c1-424b-9868-57a2d4851a1d" relativeResultsDirectory="5bb28076-2d05-4e67-9155-cbf1820ba961" />
    <UnitTestResult executionId="de989b2d-a092-4d85-8b60-08db0c085d61" testId="fb9985e9-72d6-4048-a6d0-b6ceed95981c" testName="FormatToStringTest1000 (34242.181005260056,34242.18 zł)" computerName="DESKTOP-5URQ9PB" duration="00:00:00.0000062" startTime="2022-06-13T21:11:52.1898414+02:00" endTime="2022-06-13T21:11:52.1899068+02:00" testType="13cdc9d9-ddb5-4fa4-a97d-d965ccfc6d4b" outcome="Passed" testListId="8c84fa94-04c1-424b-9868-57a2d4851a1d" relativeResultsDirectory="de989b2d-a092-4d85-8b60-08db0c085d61" />
    <UnitTestResult executionId="da972568-dddf-4d46-8f1a-13bda0a45ea0" testId="ee3f78e0-4edd-4de4-bfa3-d2d55cd6bb41" testName="FormatToStringTest1000 (37.631227987646696,37.63 zł)" computerName="DESKTOP-5URQ9PB" duration="00:00:00.0000081" startTime="2022-06-13T21:11:52.2531468+02:00" endTime="2022-06-13T21:11:52.2532413+02:00" testType="13cdc9d9-ddb5-4fa4-a97d-d965ccfc6d4b" outcome="Passed" testListId="8c84fa94-04c1-424b-9868-57a2d4851a1d" relativeResultsDirectory="da972568-dddf-4d46-8f1a-13bda0a45ea0" />
    <UnitTestResult executionId="509bfbb2-5d08-419c-87e8-adc60713f435" testId="bc5b36e4-288f-4d72-9408-7abce41ef113" testName="FormatToStringTest1000 (18208.8422650126,18208.84 zł)" computerName="DESKTOP-5URQ9PB" duration="00:00:00.0000064" startTime="2022-06-13T21:11:52.0430240+02:00" endTime="2022-06-13T21:11:52.0430914+02:00" testType="13cdc9d9-ddb5-4fa4-a97d-d965ccfc6d4b" outcome="Passed" testListId="8c84fa94-04c1-424b-9868-57a2d4851a1d" relativeResultsDirectory="509bfbb2-5d08-419c-87e8-adc60713f435" />
    <UnitTestResult executionId="1e19b348-f278-4c00-9f9e-1b8316ddd309" testId="0c27fc8d-6b89-4411-a3bf-d4fbdccf6777" testName="FormatToStringTest1000 (40268.121943438484,40268.12 zł)" computerName="DESKTOP-5URQ9PB" duration="00:00:00.0000063" startTime="2022-06-13T21:11:52.0585970+02:00" endTime="2022-06-13T21:11:52.0586727+02:00" testType="13cdc9d9-ddb5-4fa4-a97d-d965ccfc6d4b" outcome="Passed" testListId="8c84fa94-04c1-424b-9868-57a2d4851a1d" relativeResultsDirectory="1e19b348-f278-4c00-9f9e-1b8316ddd309" />
    <UnitTestResult executionId="2cef24d6-0271-458b-8ff2-31807a73b1c8" testId="35f4ca57-545d-4e06-a964-a518ce47d45c" testName="FormatToStringTest1000 (2505.286326204094,2505.29 zł)" computerName="DESKTOP-5URQ9PB" duration="00:00:00.0000414" startTime="2022-06-13T21:11:52.1558123+02:00" endTime="2022-06-13T21:11:52.1560647+02:00" testType="13cdc9d9-ddb5-4fa4-a97d-d965ccfc6d4b" outcome="Passed" testListId="8c84fa94-04c1-424b-9868-57a2d4851a1d" relativeResultsDirectory="2cef24d6-0271-458b-8ff2-31807a73b1c8" />
    <UnitTestResult executionId="09d69e96-0ff2-49be-b898-baccac4c3e49" testId="e6b4217f-46ea-4826-8238-e0589a4f90f3" testName="FormatToStringTest1000 (3907.8681317963024,3907.87 zł)" computerName="DESKTOP-5URQ9PB" duration="00:00:00.0000104" startTime="2022-06-13T21:11:51.9840335+02:00" endTime="2022-06-13T21:11:51.9841928+02:00" testType="13cdc9d9-ddb5-4fa4-a97d-d965ccfc6d4b" outcome="Passed" testListId="8c84fa94-04c1-424b-9868-57a2d4851a1d" relativeResultsDirectory="09d69e96-0ff2-49be-b898-baccac4c3e49" />
    <UnitTestResult executionId="8c8c6abc-8a16-4006-99e3-a9e04fc17ccd" testId="0b0d23a6-2aba-4c48-bbc5-45bb5b2a7fc8" testName="FormatToStringTest1000 (45887.58415794167,45887.58 zł)" computerName="DESKTOP-5URQ9PB" duration="00:00:00.0000063" startTime="2022-06-13T21:11:52.1825232+02:00" endTime="2022-06-13T21:11:52.1825896+02:00" testType="13cdc9d9-ddb5-4fa4-a97d-d965ccfc6d4b" outcome="Passed" testListId="8c84fa94-04c1-424b-9868-57a2d4851a1d" relativeResultsDirectory="8c8c6abc-8a16-4006-99e3-a9e04fc17ccd" />
    <UnitTestResult executionId="4b4c323e-ab66-4fd6-926f-805af6f880c9" testId="78fdda27-2f27-409d-821b-d559af883f81" testName="FormatToStringTest1000 (17990.38119827089,17990.38 zł)" computerName="DESKTOP-5URQ9PB" duration="00:00:00.0000062" startTime="2022-06-13T21:11:52.0692565+02:00" endTime="2022-06-13T21:11:52.0693287+02:00" testType="13cdc9d9-ddb5-4fa4-a97d-d965ccfc6d4b" outcome="Passed" testListId="8c84fa94-04c1-424b-9868-57a2d4851a1d" relativeResultsDirectory="4b4c323e-ab66-4fd6-926f-805af6f880c9" />
    <UnitTestResult executionId="66635429-3daf-4c00-8bab-3a4519d64a4c" testId="aa4bf8e3-e73e-40f2-8125-1d2e98271e46" testName="FormatToStringTest1000 (56373.35086238494,56373.35 zł)" computerName="DESKTOP-5URQ9PB" duration="00:00:00.0000066" startTime="2022-06-13T21:11:52.0791159+02:00" endTime="2022-06-13T21:11:52.0791845+02:00" testType="13cdc9d9-ddb5-4fa4-a97d-d965ccfc6d4b" outcome="Passed" testListId="8c84fa94-04c1-424b-9868-57a2d4851a1d" relativeResultsDirectory="66635429-3daf-4c00-8bab-3a4519d64a4c" />
    <UnitTestResult executionId="26acc3f1-cad2-41cc-812c-7eb10ea1dcb6" testId="64bf15c2-082d-4249-98be-a959d6b3e66c" testName="FormatToStringTest1000 (39146.892120180135,39146.89 zł)" computerName="DESKTOP-5URQ9PB" duration="00:00:00.0000060" startTime="2022-06-13T21:11:52.2695850+02:00" endTime="2022-06-13T21:11:52.2696494+02:00" testType="13cdc9d9-ddb5-4fa4-a97d-d965ccfc6d4b" outcome="Passed" testListId="8c84fa94-04c1-424b-9868-57a2d4851a1d" relativeResultsDirectory="26acc3f1-cad2-41cc-812c-7eb10ea1dcb6" />
    <UnitTestResult executionId="40922e43-ede1-48a1-a587-ae290a2f18a3" testId="5f15d411-1a0c-40de-bdff-722a44d659f9" testName="FormatToStringTest1000 (4857.211933034105,4857.21 zł)" computerName="DESKTOP-5URQ9PB" duration="00:00:00.0000062" startTime="2022-06-13T21:11:52.2765017+02:00" endTime="2022-06-13T21:11:52.2765671+02:00" testType="13cdc9d9-ddb5-4fa4-a97d-d965ccfc6d4b" outcome="Passed" testListId="8c84fa94-04c1-424b-9868-57a2d4851a1d" relativeResultsDirectory="40922e43-ede1-48a1-a587-ae290a2f18a3" />
    <UnitTestResult executionId="6d20f543-2717-42e5-ab11-3939c55fa460" testId="c73ad213-f6e8-463e-8f8d-0714e782721d" testName="FormatToStringTest1000 (5507.360659962688,5507.36 zł)" computerName="DESKTOP-5URQ9PB" duration="00:00:00.0000061" startTime="2022-06-13T21:11:52.2654085+02:00" endTime="2022-06-13T21:11:52.2654726+02:00" testType="13cdc9d9-ddb5-4fa4-a97d-d965ccfc6d4b" outcome="Passed" testListId="8c84fa94-04c1-424b-9868-57a2d4851a1d" relativeResultsDirectory="6d20f543-2717-42e5-ab11-3939c55fa460" />
    <UnitTestResult executionId="000d7d20-01bd-4232-94d9-9a5774c6157d" testId="742c9399-a93a-4fe6-8abf-cca0296739c7" testName="FormatToStringTest1000 (32216.686763396807,32216.69 zł)" computerName="DESKTOP-5URQ9PB" duration="00:00:00.0000068" startTime="2022-06-13T21:11:51.8917475+02:00" endTime="2022-06-13T21:11:51.8918250+02:00" testType="13cdc9d9-ddb5-4fa4-a97d-d965ccfc6d4b" outcome="Passed" testListId="8c84fa94-04c1-424b-9868-57a2d4851a1d" relativeResultsDirectory="000d7d20-01bd-4232-94d9-9a5774c6157d" />
    <UnitTestResult executionId="99aafad9-e8bb-4653-a686-ee9bcc366acd" testId="ad7c314f-8e9f-4f07-b3a7-2213f8e7fa21" testName="FormatToStringTest1000 (28192.949128067565,28192.95 zł)" computerName="DESKTOP-5URQ9PB" duration="00:00:00.0000069" startTime="2022-06-13T21:11:51.9479232+02:00" endTime="2022-06-13T21:11:51.9480059+02:00" testType="13cdc9d9-ddb5-4fa4-a97d-d965ccfc6d4b" outcome="Passed" testListId="8c84fa94-04c1-424b-9868-57a2d4851a1d" relativeResultsDirectory="99aafad9-e8bb-4653-a686-ee9bcc366acd" />
    <UnitTestResult executionId="b093e289-1a53-4b08-afb9-a08751d2096c" testId="a1254f43-84fd-4960-9cd6-b6c7ce9a562a" testName="FormatToStringTest1000 (7569.605888796322,7569.61 zł)" computerName="DESKTOP-5URQ9PB" duration="00:00:00.0000068" startTime="2022-06-13T21:11:52.2156393+02:00" endTime="2022-06-13T21:11:52.2157039+02:00" testType="13cdc9d9-ddb5-4fa4-a97d-d965ccfc6d4b" outcome="Passed" testListId="8c84fa94-04c1-424b-9868-57a2d4851a1d" relativeResultsDirectory="b093e289-1a53-4b08-afb9-a08751d2096c" />
    <UnitTestResult executionId="147b8e74-b67b-4842-a506-2e222286b742" testId="43d1420a-6197-4b07-b237-5f344056be2a" testName="FormatToStringTest1000 (19796.212103914568,19796.21 zł)" computerName="DESKTOP-5URQ9PB" duration="00:00:00.0000063" startTime="2022-06-13T21:11:52.1284346+02:00" endTime="2022-06-13T21:11:52.1285051+02:00" testType="13cdc9d9-ddb5-4fa4-a97d-d965ccfc6d4b" outcome="Passed" testListId="8c84fa94-04c1-424b-9868-57a2d4851a1d" relativeResultsDirectory="147b8e74-b67b-4842-a506-2e222286b742" />
    <UnitTestResult executionId="af13cffc-c566-4055-9608-3171c8537403" testId="e2115d0b-d7da-4ab9-af94-f02b06ee66d0" testName="FormatToStringTest1000 (17090.629587323234,17090.63 zł)" computerName="DESKTOP-5URQ9PB" duration="00:00:00.0000061" startTime="2022-06-13T21:11:52.0664550+02:00" endTime="2022-06-13T21:11:52.0665219+02:00" testType="13cdc9d9-ddb5-4fa4-a97d-d965ccfc6d4b" outcome="Passed" testListId="8c84fa94-04c1-424b-9868-57a2d4851a1d" relativeResultsDirectory="af13cffc-c566-4055-9608-3171c8537403" />
    <UnitTestResult executionId="301ff282-1072-429a-b3a9-f1b535961844" testId="12fc6112-5dd0-4f4d-8508-acd164065999" testName="FormatToStringTest1000 (30499.08272379734,30499.08 zł)" computerName="DESKTOP-5URQ9PB" duration="00:00:00.0000062" startTime="2022-06-13T21:11:52.2196805+02:00" endTime="2022-06-13T21:11:52.2197451+02:00" testType="13cdc9d9-ddb5-4fa4-a97d-d965ccfc6d4b" outcome="Passed" testListId="8c84fa94-04c1-424b-9868-57a2d4851a1d" relativeResultsDirectory="301ff282-1072-429a-b3a9-f1b535961844" />
    <UnitTestResult executionId="fde8ab13-4cad-4b18-aeac-4f79328e0607" testId="43e55d71-682a-4b8a-a17b-2fdcce1031f6" testName="FormatToStringTest1000 (32262.93788198984,32262.94 zł)" computerName="DESKTOP-5URQ9PB" duration="00:00:00.0000060" startTime="2022-06-13T21:11:52.1717416+02:00" endTime="2022-06-13T21:11:52.1718067+02:00" testType="13cdc9d9-ddb5-4fa4-a97d-d965ccfc6d4b" outcome="Passed" testListId="8c84fa94-04c1-424b-9868-57a2d4851a1d" relativeResultsDirectory="fde8ab13-4cad-4b18-aeac-4f79328e0607" />
    <UnitTestResult executionId="15a339fd-669e-4858-ac48-0c1ba4c69ad0" testId="a922afe6-7e83-4559-ac41-9baf69bebebf" testName="FormatToStringTest1000 (19210.519530370144,19210.52 zł)" computerName="DESKTOP-5URQ9PB" duration="00:00:00.0000061" startTime="2022-06-13T21:11:52.1806225+02:00" endTime="2022-06-13T21:11:52.1806879+02:00" testType="13cdc9d9-ddb5-4fa4-a97d-d965ccfc6d4b" outcome="Passed" testListId="8c84fa94-04c1-424b-9868-57a2d4851a1d" relativeResultsDirectory="15a339fd-669e-4858-ac48-0c1ba4c69ad0" />
    <UnitTestResult executionId="9ef8b674-6654-4cca-919a-f545c466444e" testId="03212af2-ab79-431b-9d40-c8f93c313798" testName="FormatToStringTest1000 (7716.571614765363,7716.57 zł)" computerName="DESKTOP-5URQ9PB" duration="00:00:00.0000063" startTime="2022-06-13T21:11:52.2419704+02:00" endTime="2022-06-13T21:11:52.2420377+02:00" testType="13cdc9d9-ddb5-4fa4-a97d-d965ccfc6d4b" outcome="Passed" testListId="8c84fa94-04c1-424b-9868-57a2d4851a1d" relativeResultsDirectory="9ef8b674-6654-4cca-919a-f545c466444e" />
    <UnitTestResult executionId="fda08b62-2ca9-4e22-8eb5-a6a24a0c9533" testId="1a29f7e0-793a-46d5-a4ec-3a04463d6f91" testName="FormatToStringTest1000 (61633.2671179945,61633.27 zł)" computerName="DESKTOP-5URQ9PB" duration="00:00:00.0000069" startTime="2022-06-13T21:11:52.1092296+02:00" endTime="2022-06-13T21:11:52.1092958+02:00" testType="13cdc9d9-ddb5-4fa4-a97d-d965ccfc6d4b" outcome="Passed" testListId="8c84fa94-04c1-424b-9868-57a2d4851a1d" relativeResultsDirectory="fda08b62-2ca9-4e22-8eb5-a6a24a0c9533" />
    <UnitTestResult executionId="2bdc57bf-a21b-4524-bb15-f078a2289690" testId="fb550d69-15c6-4e70-bff6-0cfbf26891c6" testName="FormatToStringTest1000 (22367.991005544547,22367.99 zł)" computerName="DESKTOP-5URQ9PB" duration="00:00:00.0000062" startTime="2022-06-13T21:11:52.1900069+02:00" endTime="2022-06-13T21:11:52.1900719+02:00" testType="13cdc9d9-ddb5-4fa4-a97d-d965ccfc6d4b" outcome="Passed" testListId="8c84fa94-04c1-424b-9868-57a2d4851a1d" relativeResultsDirectory="2bdc57bf-a21b-4524-bb15-f078a2289690" />
    <UnitTestResult executionId="029ccbab-ec86-4ef8-b9df-947949702e0f" testId="3270654d-08a5-4cf2-a9ae-2ffe3dd76053" testName="FormatToStringTest1000 (7202.052143613367,7202.05 zł)" computerName="DESKTOP-5URQ9PB" duration="00:00:00.0000062" startTime="2022-06-13T21:11:52.2219784+02:00" endTime="2022-06-13T21:11:52.2220418+02:00" testType="13cdc9d9-ddb5-4fa4-a97d-d965ccfc6d4b" outcome="Passed" testListId="8c84fa94-04c1-424b-9868-57a2d4851a1d" relativeResultsDirectory="029ccbab-ec86-4ef8-b9df-947949702e0f" />
    <UnitTestResult executionId="7fdb86b8-67d8-4f32-ba5d-b5046cb701cc" testId="9e5dc314-52ef-4ba2-be71-61eed43cad30" testName="FormatToStringTest1000 (7951.322730072458,7951.32 zł)" computerName="DESKTOP-5URQ9PB" duration="00:00:00.0000062" startTime="2022-06-13T21:11:52.0192881+02:00" endTime="2022-06-13T21:11:52.0193608+02:00" testType="13cdc9d9-ddb5-4fa4-a97d-d965ccfc6d4b" outcome="Passed" testListId="8c84fa94-04c1-424b-9868-57a2d4851a1d" relativeResultsDirectory="7fdb86b8-67d8-4f32-ba5d-b5046cb701cc" />
    <UnitTestResult executionId="a875e2bd-7e21-4fd8-8d44-ed2aaa3ac243" testId="4e306cb6-154b-4b4b-91c6-076d6a97d57e" testName="FormatToStringTest1000 (14635.510547500808,14635.51 zł)" computerName="DESKTOP-5URQ9PB" duration="00:00:00.0000062" startTime="2022-06-13T21:11:52.1918294+02:00" endTime="2022-06-13T21:11:52.1918944+02:00" testType="13cdc9d9-ddb5-4fa4-a97d-d965ccfc6d4b" outcome="Passed" testListId="8c84fa94-04c1-424b-9868-57a2d4851a1d" relativeResultsDirectory="a875e2bd-7e21-4fd8-8d44-ed2aaa3ac243" />
    <UnitTestResult executionId="75401911-34a8-4d95-adaa-d921e9040073" testId="e0765d63-195d-47a1-8d86-b4bd35c6a600" testName="FormatToStringTest1000 (7124.979180760672,7124.98 zł)" computerName="DESKTOP-5URQ9PB" duration="00:00:00.0000068" startTime="2022-06-13T21:11:51.9417290+02:00" endTime="2022-06-13T21:11:51.9418527+02:00" testType="13cdc9d9-ddb5-4fa4-a97d-d965ccfc6d4b" outcome="Passed" testListId="8c84fa94-04c1-424b-9868-57a2d4851a1d" relativeResultsDirectory="75401911-34a8-4d95-adaa-d921e9040073" />
    <UnitTestResult executionId="f41364a3-8a11-4a43-944e-1fa86bbbe6c0" testId="f996e239-6ad9-498d-952d-df5bd1864081" testName="FormatToStringTest1000 (29975.4018974022,29975.40 zł)" computerName="DESKTOP-5URQ9PB" duration="00:00:00.0000072" startTime="2022-06-13T21:11:52.2240086+02:00" endTime="2022-06-13T21:11:52.2240717+02:00" testType="13cdc9d9-ddb5-4fa4-a97d-d965ccfc6d4b" outcome="Passed" testListId="8c84fa94-04c1-424b-9868-57a2d4851a1d" relativeResultsDirectory="f41364a3-8a11-4a43-944e-1fa86bbbe6c0" />
    <UnitTestResult executionId="4c10e340-b196-46fb-b0a4-5f233f2a100a" testId="b1c7ccf7-9475-4fec-906c-8cd3a96920fe" testName="FormatToStringTest1000 (20068.867046961965,20068.87 zł)" computerName="DESKTOP-5URQ9PB" duration="00:00:00.0000086" startTime="2022-06-13T21:11:52.1974960+02:00" endTime="2022-06-13T21:11:52.1975945+02:00" testType="13cdc9d9-ddb5-4fa4-a97d-d965ccfc6d4b" outcome="Passed" testListId="8c84fa94-04c1-424b-9868-57a2d4851a1d" relativeResultsDirectory="4c10e340-b196-46fb-b0a4-5f233f2a100a" />
    <UnitTestResult executionId="1f227d28-98b1-440e-b789-b91eb306ee0d" testId="7333df7a-cfbd-489c-8bcf-9cac39ebac31" testName="FormatToStringTest1000 (22666.13578912995,22666.14 zł)" computerName="DESKTOP-5URQ9PB" duration="00:00:00.0000194" startTime="2022-06-13T21:11:51.9390147+02:00" endTime="2022-06-13T21:11:51.9416833+02:00" testType="13cdc9d9-ddb5-4fa4-a97d-d965ccfc6d4b" outcome="Passed" testListId="8c84fa94-04c1-424b-9868-57a2d4851a1d" relativeResultsDirectory="1f227d28-98b1-440e-b789-b91eb306ee0d" />
    <UnitTestResult executionId="a8065243-563b-434a-a1ba-1f45c33bd1cc" testId="8bf4942c-2843-4286-b708-9ef1f412c536" testName="FormatToStringTest1000 (19840.47672110632,19840.48 zł)" computerName="DESKTOP-5URQ9PB" duration="00:00:00.0000061" startTime="2022-06-13T21:11:52.0297666+02:00" endTime="2022-06-13T21:11:52.0298343+02:00" testType="13cdc9d9-ddb5-4fa4-a97d-d965ccfc6d4b" outcome="Passed" testListId="8c84fa94-04c1-424b-9868-57a2d4851a1d" relativeResultsDirectory="a8065243-563b-434a-a1ba-1f45c33bd1cc" />
    <UnitTestResult executionId="4d82b456-2901-4911-abcf-f22fb09f241b" testId="3a9be145-1ba9-4aa9-beab-0544568394f1" testName="FormatToStringTest1000 (8697.074631143862,8697.07 zł)" computerName="DESKTOP-5URQ9PB" duration="00:00:00.0000087" startTime="2022-06-13T21:11:52.0886623+02:00" endTime="2022-06-13T21:11:52.0887841+02:00" testType="13cdc9d9-ddb5-4fa4-a97d-d965ccfc6d4b" outcome="Passed" testListId="8c84fa94-04c1-424b-9868-57a2d4851a1d" relativeResultsDirectory="4d82b456-2901-4911-abcf-f22fb09f241b" />
    <UnitTestResult executionId="0c766365-ab74-4d35-9ef8-b165276a7601" testId="7dfcbf01-c549-463c-aadb-22ab39560a4c" testName="FormatToStringTest1000 (16161.963229990548,16161.96 zł)" computerName="DESKTOP-5URQ9PB" duration="00:00:00.0000063" startTime="2022-06-13T21:11:52.2064411+02:00" endTime="2022-06-13T21:11:52.2065068+02:00" testType="13cdc9d9-ddb5-4fa4-a97d-d965ccfc6d4b" outcome="Passed" testListId="8c84fa94-04c1-424b-9868-57a2d4851a1d" relativeResultsDirectory="0c766365-ab74-4d35-9ef8-b165276a7601" />
    <UnitTestResult executionId="008be6dc-38d4-46c7-ac65-938183e364d9" testId="c2a004e0-167c-46b3-86dd-afce94e9732e" testName="FormatToStringTest1000 (14475.498583194567,14475.50 zł)" computerName="DESKTOP-5URQ9PB" duration="00:00:00.0000063" startTime="2022-06-13T21:11:52.2596286+02:00" endTime="2022-06-13T21:11:52.2596933+02:00" testType="13cdc9d9-ddb5-4fa4-a97d-d965ccfc6d4b" outcome="Passed" testListId="8c84fa94-04c1-424b-9868-57a2d4851a1d" relativeResultsDirectory="008be6dc-38d4-46c7-ac65-938183e364d9" />
    <UnitTestResult executionId="c83046db-3718-4cb6-8573-ec05647e2fdd" testId="1788198f-e954-4955-bc5a-9d2402f268aa" testName="FormatToStringTest1000 (26174.290999793586,26174.29 zł)" computerName="DESKTOP-5URQ9PB" duration="00:00:00.0000062" startTime="2022-06-13T21:11:52.2376627+02:00" endTime="2022-06-13T21:11:52.2377296+02:00" testType="13cdc9d9-ddb5-4fa4-a97d-d965ccfc6d4b" outcome="Passed" testListId="8c84fa94-04c1-424b-9868-57a2d4851a1d" relativeResultsDirectory="c83046db-3718-4cb6-8573-ec05647e2fdd" />
    <UnitTestResult executionId="312ff200-0f56-4438-9c29-be452e83922b" testId="f565b670-2495-4d9a-aed1-065387809a32" testName="FormatToStringTest1000 (270.1894008262033,270.19 zł)" computerName="DESKTOP-5URQ9PB" duration="00:00:00.0000062" startTime="2022-06-13T21:11:52.0968134+02:00" endTime="2022-06-13T21:11:52.0968804+02:00" testType="13cdc9d9-ddb5-4fa4-a97d-d965ccfc6d4b" outcome="Passed" testListId="8c84fa94-04c1-424b-9868-57a2d4851a1d" relativeResultsDirectory="312ff200-0f56-4438-9c29-be452e83922b" />
    <UnitTestResult executionId="83cc39d6-7546-4cde-9c51-e17abfc1df07" testId="a189b1a0-31f9-4084-9b05-723078a5bdb9" testName="FormatToStringTest1000 (1676.7913981754293,1676.79 zł)" computerName="DESKTOP-5URQ9PB" duration="00:00:00.0000062" startTime="2022-06-13T21:11:52.1737791+02:00" endTime="2022-06-13T21:11:52.1738445+02:00" testType="13cdc9d9-ddb5-4fa4-a97d-d965ccfc6d4b" outcome="Passed" testListId="8c84fa94-04c1-424b-9868-57a2d4851a1d" relativeResultsDirectory="83cc39d6-7546-4cde-9c51-e17abfc1df07" />
    <UnitTestResult executionId="69e38004-11e2-45af-bbc4-0c65d5da7a19" testId="8665b5e1-c592-4ab0-acb0-01bca209d0f8" testName="FormatToStringTest1000 (2975.6892256134606,2975.69 zł)" computerName="DESKTOP-5URQ9PB" duration="00:00:00.0000136" startTime="2022-06-13T21:11:52.1162605+02:00" endTime="2022-06-13T21:11:52.1163475+02:00" testType="13cdc9d9-ddb5-4fa4-a97d-d965ccfc6d4b" outcome="Passed" testListId="8c84fa94-04c1-424b-9868-57a2d4851a1d" relativeResultsDirectory="69e38004-11e2-45af-bbc4-0c65d5da7a19" />
    <UnitTestResult executionId="2e13cfd2-5617-428c-a8f3-c2a7d7e36879" testId="9c48ba69-da98-4112-82f7-9ebb652f2b78" testName="FormatToStringTest1000 (2423.6182769712145,2423.62 zł)" computerName="DESKTOP-5URQ9PB" duration="00:00:00.0000070" startTime="2022-06-13T21:11:52.1842432+02:00" endTime="2022-06-13T21:11:52.1843281+02:00" testType="13cdc9d9-ddb5-4fa4-a97d-d965ccfc6d4b" outcome="Passed" testListId="8c84fa94-04c1-424b-9868-57a2d4851a1d" relativeResultsDirectory="2e13cfd2-5617-428c-a8f3-c2a7d7e36879" />
    <UnitTestResult executionId="5c8ecc0f-a5d9-4df8-9819-d5f6aa33685b" testId="71bf9b12-34bd-438a-963d-0bc0ed118151" testName="FormatToStringTest1000 (3700.029953029021,3700.03 zł)" computerName="DESKTOP-5URQ9PB" duration="00:00:00.0000063" startTime="2022-06-13T21:11:52.0396855+02:00" endTime="2022-06-13T21:11:52.0397554+02:00" testType="13cdc9d9-ddb5-4fa4-a97d-d965ccfc6d4b" outcome="Passed" testListId="8c84fa94-04c1-424b-9868-57a2d4851a1d" relativeResultsDirectory="5c8ecc0f-a5d9-4df8-9819-d5f6aa33685b" />
    <UnitTestResult executionId="d08c2c7e-0332-4c1b-af3b-6166608b84f0" testId="a16d8ab7-7172-4c59-a4c9-9c464a5aade5" testName="FormatToStringTest1000 (16597.22844427788,16597.23 zł)" computerName="DESKTOP-5URQ9PB" duration="00:00:00.0000075" startTime="2022-06-13T21:11:52.0117222+02:00" endTime="2022-06-13T21:11:52.0118025+02:00" testType="13cdc9d9-ddb5-4fa4-a97d-d965ccfc6d4b" outcome="Passed" testListId="8c84fa94-04c1-424b-9868-57a2d4851a1d" relativeResultsDirectory="d08c2c7e-0332-4c1b-af3b-6166608b84f0" />
    <UnitTestResult executionId="8176d736-67a6-4737-8426-608b55d69ab5" testId="260ba34c-5367-44da-a5f0-9fe80827bdff" testName="FormatToStringTest1000 (75514.58914517732,75514.59 zł)" computerName="DESKTOP-5URQ9PB" duration="00:00:00.0000065" startTime="2022-06-13T21:11:52.0893978+02:00" endTime="2022-06-13T21:11:52.0894751+02:00" testType="13cdc9d9-ddb5-4fa4-a97d-d965ccfc6d4b" outcome="Passed" testListId="8c84fa94-04c1-424b-9868-57a2d4851a1d" relativeResultsDirectory="8176d736-67a6-4737-8426-608b55d69ab5" />
    <UnitTestResult executionId="70e7dc25-6df5-4ccf-a12a-f99729aec9c7" testId="dbaf0579-94e3-47c4-a497-358c25137c6a" testName="FormatToStringTest1000 (6313.543884690639,6313.54 zł)" computerName="DESKTOP-5URQ9PB" duration="00:00:00.0000059" startTime="2022-06-13T21:11:52.1094961+02:00" endTime="2022-06-13T21:11:52.1095622+02:00" testType="13cdc9d9-ddb5-4fa4-a97d-d965ccfc6d4b" outcome="Passed" testListId="8c84fa94-04c1-424b-9868-57a2d4851a1d" relativeResultsDirectory="70e7dc25-6df5-4ccf-a12a-f99729aec9c7" />
    <UnitTestResult executionId="25ebb0f3-0d25-43e2-a893-a018c0bf8ad5" testId="3781cc60-4811-44ea-8c37-4fba67aa8da1" testName="FormatToStringTest1000 (37387.37521261972,37387.38 zł)" computerName="DESKTOP-5URQ9PB" duration="00:00:00.0000089" startTime="2022-06-13T21:11:52.2094666+02:00" endTime="2022-06-13T21:11:52.2095948+02:00" testType="13cdc9d9-ddb5-4fa4-a97d-d965ccfc6d4b" outcome="Passed" testListId="8c84fa94-04c1-424b-9868-57a2d4851a1d" relativeResultsDirectory="25ebb0f3-0d25-43e2-a893-a018c0bf8ad5" />
    <UnitTestResult executionId="73a85160-deb1-47df-ab7e-2093c8e51ac2" testId="6cfce745-e0c4-4a7d-aa2e-3d51b76147ab" testName="FormatToStringTest1000 (18424.864078561244,18424.86 zł)" computerName="DESKTOP-5URQ9PB" duration="00:00:00.0000065" startTime="2022-06-13T21:11:52.0469542+02:00" endTime="2022-06-13T21:11:52.0470303+02:00" testType="13cdc9d9-ddb5-4fa4-a97d-d965ccfc6d4b" outcome="Passed" testListId="8c84fa94-04c1-424b-9868-57a2d4851a1d" relativeResultsDirectory="73a85160-deb1-47df-ab7e-2093c8e51ac2" />
    <UnitTestResult executionId="0e7e5ba0-1d5c-49be-ac19-168ab5db4ae5" testId="c9541003-83ba-4d48-a588-cb454be4c2f3" testName="FormatToStringTest1000 (7890.044272348771,7890.04 zł)" computerName="DESKTOP-5URQ9PB" duration="00:00:00.0000062" startTime="2022-06-13T21:11:52.1587558+02:00" endTime="2022-06-13T21:11:52.1588216+02:00" testType="13cdc9d9-ddb5-4fa4-a97d-d965ccfc6d4b" outcome="Passed" testListId="8c84fa94-04c1-424b-9868-57a2d4851a1d" relativeResultsDirectory="0e7e5ba0-1d5c-49be-ac19-168ab5db4ae5" />
    <UnitTestResult executionId="8820ae92-8409-4e78-888c-191c8c03e2e9" testId="635953f8-8cfd-4851-ab5a-65db1101b87e" testName="FormatToStringTest1000 (14003.84591249742,14003.85 zł)" computerName="DESKTOP-5URQ9PB" duration="00:00:00.0000061" startTime="2022-06-13T21:11:52.1762346+02:00" endTime="2022-06-13T21:11:52.1762996+02:00" testType="13cdc9d9-ddb5-4fa4-a97d-d965ccfc6d4b" outcome="Passed" testListId="8c84fa94-04c1-424b-9868-57a2d4851a1d" relativeResultsDirectory="8820ae92-8409-4e78-888c-191c8c03e2e9" />
    <UnitTestResult executionId="52f07184-848b-4200-aeb6-589fd530b4c9" testId="02dd3a3b-37ea-420b-b1f0-62a68b3b066a" testName="FormatToStringTest1000 (45299.778512198376,45299.78 zł)" computerName="DESKTOP-5URQ9PB" duration="00:00:00.0000062" startTime="2022-06-13T21:11:52.2068911+02:00" endTime="2022-06-13T21:11:52.2069614+02:00" testType="13cdc9d9-ddb5-4fa4-a97d-d965ccfc6d4b" outcome="Passed" testListId="8c84fa94-04c1-424b-9868-57a2d4851a1d" relativeResultsDirectory="52f07184-848b-4200-aeb6-589fd530b4c9" />
    <UnitTestResult executionId="b8c39dc0-ba44-4e19-bec9-7d7f55ac4911" testId="3ef9c572-f860-4222-a6ef-e7a808227213" testName="FormatToStringTest1000 (27794.8671353957,27794.87 zł)" computerName="DESKTOP-5URQ9PB" duration="00:00:00.0000091" startTime="2022-06-13T21:11:52.2116224+02:00" endTime="2022-06-13T21:11:52.2117164+02:00" testType="13cdc9d9-ddb5-4fa4-a97d-d965ccfc6d4b" outcome="Passed" testListId="8c84fa94-04c1-424b-9868-57a2d4851a1d" relativeResultsDirectory="b8c39dc0-ba44-4e19-bec9-7d7f55ac4911" />
    <UnitTestResult executionId="2aa81161-f22d-4faa-8eb3-b4041013db44" testId="36b61fe4-a228-4a21-af02-40440322b5de" testName="FormatToStringTest1000 (28972.23604401212,28972.24 zł)" computerName="DESKTOP-5URQ9PB" duration="00:00:00.0000064" startTime="2022-06-13T21:11:52.1848199+02:00" endTime="2022-06-13T21:11:52.1848923+02:00" testType="13cdc9d9-ddb5-4fa4-a97d-d965ccfc6d4b" outcome="Passed" testListId="8c84fa94-04c1-424b-9868-57a2d4851a1d" relativeResultsDirectory="2aa81161-f22d-4faa-8eb3-b4041013db44" />
    <UnitTestResult executionId="7a221d48-d872-41f2-8cdc-92462f484b45" testId="5c560fd9-0c4e-4bc4-b4d5-d6b3e1b0e5d1" testName="FormatToStringTest1000 (1669.555150571072,1669.56 zł)" computerName="DESKTOP-5URQ9PB" duration="00:00:00.0000061" startTime="2022-06-13T21:11:52.2658125+02:00" endTime="2022-06-13T21:11:52.2658765+02:00" testType="13cdc9d9-ddb5-4fa4-a97d-d965ccfc6d4b" outcome="Passed" testListId="8c84fa94-04c1-424b-9868-57a2d4851a1d" relativeResultsDirectory="7a221d48-d872-41f2-8cdc-92462f484b45" />
    <UnitTestResult executionId="7bcfdb4b-b174-4f2f-a979-82dbd5381b98" testId="44f15b39-4967-444a-9a3c-655cbd8fb82f" testName="FormatToStringTest1000 (1814.7218118955948,1814.72 zł)" computerName="DESKTOP-5URQ9PB" duration="00:00:00.0000063" startTime="2022-06-13T21:11:52.2692560+02:00" endTime="2022-06-13T21:11:52.2693253+02:00" testType="13cdc9d9-ddb5-4fa4-a97d-d965ccfc6d4b" outcome="Passed" testListId="8c84fa94-04c1-424b-9868-57a2d4851a1d" relativeResultsDirectory="7bcfdb4b-b174-4f2f-a979-82dbd5381b98" />
    <UnitTestResult executionId="5c562ed1-efe8-416b-a1ce-8ab6ba613e5f" testId="bb8aa309-656e-4eee-91f0-10ec3321e960" testName="FormatToStringTest1000 (54304.07738935393,54304.08 zł)" computerName="DESKTOP-5URQ9PB" duration="00:00:00.0000061" startTime="2022-06-13T21:11:52.2789010+02:00" endTime="2022-06-13T21:11:52.2789653+02:00" testType="13cdc9d9-ddb5-4fa4-a97d-d965ccfc6d4b" outcome="Passed" testListId="8c84fa94-04c1-424b-9868-57a2d4851a1d" relativeResultsDirectory="5c562ed1-efe8-416b-a1ce-8ab6ba613e5f" />
    <UnitTestResult executionId="68be17b6-f9c2-4e8f-836c-7babc0f901eb" testId="907c6db9-5730-4991-844c-736f540108ca" testName="FormatToStringTest1000 (35905.47425787219,35905.47 zł)" computerName="DESKTOP-5URQ9PB" duration="00:00:00.0000064" startTime="2022-06-13T21:11:52.2724811+02:00" endTime="2022-06-13T21:11:52.2725480+02:00" testType="13cdc9d9-ddb5-4fa4-a97d-d965ccfc6d4b" outcome="Passed" testListId="8c84fa94-04c1-424b-9868-57a2d4851a1d" relativeResultsDirectory="68be17b6-f9c2-4e8f-836c-7babc0f901eb" />
    <UnitTestResult executionId="2241d48f-2c70-48f7-afb2-a278fe52f9de" testId="3db8cfbf-d182-4300-abe9-223664334903" testName="FormatToStringTest1000 (635.3263313632116,635.33 zł)" computerName="DESKTOP-5URQ9PB" duration="00:00:00.0000071" startTime="2022-06-13T21:11:52.2690769+02:00" endTime="2022-06-13T21:11:52.2691553+02:00" testType="13cdc9d9-ddb5-4fa4-a97d-d965ccfc6d4b" outcome="Passed" testListId="8c84fa94-04c1-424b-9868-57a2d4851a1d" relativeResultsDirectory="2241d48f-2c70-48f7-afb2-a278fe52f9de" />
    <UnitTestResult executionId="aadd2e7f-326a-4141-b9db-1addbaea4636" testId="8bd83769-d818-45b0-b538-3448da2fe1f5" testName="FormatToStringTest1000 (7004.710832051798,7004.71 zł)" computerName="DESKTOP-5URQ9PB" duration="00:00:00.0000086" startTime="2022-06-13T21:11:52.2550538+02:00" endTime="2022-06-13T21:11:52.2551429+02:00" testType="13cdc9d9-ddb5-4fa4-a97d-d965ccfc6d4b" outcome="Passed" testListId="8c84fa94-04c1-424b-9868-57a2d4851a1d" relativeResultsDirectory="aadd2e7f-326a-4141-b9db-1addbaea4636" />
    <UnitTestResult executionId="150fc7bf-14b7-4f3c-b71a-1eed9cad8771" testId="99f787fe-2118-4daa-aa9f-e463526cfa44" testName="FormatToStringTest1000 (90187.4082624374,90187.41 zł)" computerName="DESKTOP-5URQ9PB" duration="00:00:00.0000063" startTime="2022-06-13T21:11:52.2769089+02:00" endTime="2022-06-13T21:11:52.2769705+02:00" testType="13cdc9d9-ddb5-4fa4-a97d-d965ccfc6d4b" outcome="Passed" testListId="8c84fa94-04c1-424b-9868-57a2d4851a1d" relativeResultsDirectory="150fc7bf-14b7-4f3c-b71a-1eed9cad8771" />
    <UnitTestResult executionId="519218cc-a40e-4866-804b-c78a4ad3b816" testId="793333b9-19bb-4fb7-9841-222616c27d6c" testName="FormatToStringTest1000 (46590.9609819562,46590.96 zł)" computerName="DESKTOP-5URQ9PB" duration="00:00:00.0000064" startTime="2022-06-13T21:11:52.0362808+02:00" endTime="2022-06-13T21:11:52.0363521+02:00" testType="13cdc9d9-ddb5-4fa4-a97d-d965ccfc6d4b" outcome="Passed" testListId="8c84fa94-04c1-424b-9868-57a2d4851a1d" relativeResultsDirectory="519218cc-a40e-4866-804b-c78a4ad3b816" />
    <UnitTestResult executionId="9f529709-a6ec-4633-ada0-617bcefa5ca1" testId="9bdcd96d-a35a-4a20-ad5f-14e0015adbbc" testName="FormatToStringTest1000 (23789.556920184546,23789.56 zł)" computerName="DESKTOP-5URQ9PB" duration="00:00:00.0000062" startTime="2022-06-13T21:11:52.2675338+02:00" endTime="2022-06-13T21:11:52.2675972+02:00" testType="13cdc9d9-ddb5-4fa4-a97d-d965ccfc6d4b" outcome="Passed" testListId="8c84fa94-04c1-424b-9868-57a2d4851a1d" relativeResultsDirectory="9f529709-a6ec-4633-ada0-617bcefa5ca1" />
    <UnitTestResult executionId="741918f4-6d36-4cb6-8281-b0941b22c871" testId="29b04059-d0ec-4bad-a377-7e2be084587b" testName="FormatToStringTest1000 (2039.440966411699,2039.44 zł)" computerName="DESKTOP-5URQ9PB" duration="00:00:00.0000062" startTime="2022-06-13T21:11:52.0296794+02:00" endTime="2022-06-13T21:11:52.0297474+02:00" testType="13cdc9d9-ddb5-4fa4-a97d-d965ccfc6d4b" outcome="Passed" testListId="8c84fa94-04c1-424b-9868-57a2d4851a1d" relativeResultsDirectory="741918f4-6d36-4cb6-8281-b0941b22c871" />
    <UnitTestResult executionId="5381c6ae-66c6-434b-94e6-7ecda43054a3" testId="e890688a-6ecc-4477-b2af-52c6989ce2fb" testName="FormatToStringTest1000 (823.2747994560166,823.27 zł)" computerName="DESKTOP-5URQ9PB" duration="00:00:00.0000061" startTime="2022-06-13T21:11:52.2234390+02:00" endTime="2022-06-13T21:11:52.2235044+02:00" testType="13cdc9d9-ddb5-4fa4-a97d-d965ccfc6d4b" outcome="Passed" testListId="8c84fa94-04c1-424b-9868-57a2d4851a1d" relativeResultsDirectory="5381c6ae-66c6-434b-94e6-7ecda43054a3" />
    <UnitTestResult executionId="a6ac9909-f9b5-40d5-820f-ba368f0a5671" testId="7c97b82a-b918-4b49-bbc4-c0f4535fa704" testName="FormatToStringTest1000 (12949.590713378317,12949.59 zł)" computerName="DESKTOP-5URQ9PB" duration="00:00:00.0000068" startTime="2022-06-13T21:11:51.9344872+02:00" endTime="2022-06-13T21:11:51.9345553+02:00" testType="13cdc9d9-ddb5-4fa4-a97d-d965ccfc6d4b" outcome="Passed" testListId="8c84fa94-04c1-424b-9868-57a2d4851a1d" relativeResultsDirectory="a6ac9909-f9b5-40d5-820f-ba368f0a5671" />
    <UnitTestResult executionId="f0a5294d-dbe0-47a6-a892-d8a8e894b264" testId="393b8a3c-ebc0-46a4-a203-7e8e7bf39f73" testName="FormatToStringTest1000 (19609.759296997803,19609.76 zł)" computerName="DESKTOP-5URQ9PB" duration="00:00:00.0000062" startTime="2022-06-13T21:11:52.1060850+02:00" endTime="2022-06-13T21:11:52.1061528+02:00" testType="13cdc9d9-ddb5-4fa4-a97d-d965ccfc6d4b" outcome="Passed" testListId="8c84fa94-04c1-424b-9868-57a2d4851a1d" relativeResultsDirectory="f0a5294d-dbe0-47a6-a892-d8a8e894b264" />
    <UnitTestResult executionId="89b681ab-fe52-48d8-b0e3-f1faa13c63c3" testId="3fd08eed-3e71-4fb3-bf5b-02375150afc0" testName="FormatToStringTest1000 (4648.492795337221,4648.49 zł)" computerName="DESKTOP-5URQ9PB" duration="00:00:00.0000060" startTime="2022-06-13T21:11:52.0965587+02:00" endTime="2022-06-13T21:11:52.0966259+02:00" testType="13cdc9d9-ddb5-4fa4-a97d-d965ccfc6d4b" outcome="Passed" testListId="8c84fa94-04c1-424b-9868-57a2d4851a1d" relativeResultsDirectory="89b681ab-fe52-48d8-b0e3-f1faa13c63c3" />
    <UnitTestResult executionId="9c28b9ac-19ac-4fa2-a955-3d847f187fb0" testId="b2c4c44d-cdd1-4469-9d5c-aa925c9427eb" testName="FormatToStringTest1000 (19500.031951036784,19500.03 zł)" computerName="DESKTOP-5URQ9PB" duration="00:00:00.0000061" startTime="2022-06-13T21:11:52.0023670+02:00" endTime="2022-06-13T21:11:52.0024341+02:00" testType="13cdc9d9-ddb5-4fa4-a97d-d965ccfc6d4b" outcome="Passed" testListId="8c84fa94-04c1-424b-9868-57a2d4851a1d" relativeResultsDirectory="9c28b9ac-19ac-4fa2-a955-3d847f187fb0" />
    <UnitTestResult executionId="b79bae98-ac3f-456c-8c46-4dc23ba42e2c" testId="bf060d31-975b-4cbc-ba0c-4fedc994ee9b" testName="FormatToStringTest1000 (20441.330495004695,20441.33 zł)" computerName="DESKTOP-5URQ9PB" duration="00:00:00.0000083" startTime="2022-06-13T21:11:51.9951159+02:00" endTime="2022-06-13T21:11:51.9952100+02:00" testType="13cdc9d9-ddb5-4fa4-a97d-d965ccfc6d4b" outcome="Passed" testListId="8c84fa94-04c1-424b-9868-57a2d4851a1d" relativeResultsDirectory="b79bae98-ac3f-456c-8c46-4dc23ba42e2c" />
    <UnitTestResult executionId="2ce17a2b-14ed-4e93-9b4e-00aeaebca585" testId="e82a9258-ce5b-4563-91a1-99ff1799dd3b" testName="FormatToStringTest1000 (55030.929183896136,55030.93 zł)" computerName="DESKTOP-5URQ9PB" duration="00:00:00.0000132" startTime="2022-06-13T21:11:52.0115237+02:00" endTime="2022-06-13T21:11:52.0116863+02:00" testType="13cdc9d9-ddb5-4fa4-a97d-d965ccfc6d4b" outcome="Passed" testListId="8c84fa94-04c1-424b-9868-57a2d4851a1d" relativeResultsDirectory="2ce17a2b-14ed-4e93-9b4e-00aeaebca585" />
    <UnitTestResult executionId="b09e4898-5cb6-49e4-9276-a269f2a01a81" testId="af82e042-5b53-454c-be75-ae9755592749" testName="FormatToStringTest1000 (51503.82905738234,51503.83 zł)" computerName="DESKTOP-5URQ9PB" duration="00:00:00.0000062" startTime="2022-06-13T21:11:52.0221452+02:00" endTime="2022-06-13T21:11:52.0222127+02:00" testType="13cdc9d9-ddb5-4fa4-a97d-d965ccfc6d4b" outcome="Passed" testListId="8c84fa94-04c1-424b-9868-57a2d4851a1d" relativeResultsDirectory="b09e4898-5cb6-49e4-9276-a269f2a01a81" />
    <UnitTestResult executionId="afa4aa46-9c9f-4a70-b878-ddbbe2f689d5" testId="ba8a7501-7e5d-467d-b189-958b239d8878" testName="FormatToStringTest1000 (20344.185360967265,20344.19 zł)" computerName="DESKTOP-5URQ9PB" duration="00:00:00.0000061" startTime="2022-06-13T21:11:52.2179845+02:00" endTime="2022-06-13T21:11:52.2180482+02:00" testType="13cdc9d9-ddb5-4fa4-a97d-d965ccfc6d4b" outcome="Passed" testListId="8c84fa94-04c1-424b-9868-57a2d4851a1d" relativeResultsDirectory="afa4aa46-9c9f-4a70-b878-ddbbe2f689d5" />
    <UnitTestResult executionId="ddf84b67-5080-4286-b114-90fa55aa5897" testId="4f27574c-2228-4f29-9ad0-9d9f44072c67" testName="FormatToStringTest1000 (73477.18206926118,73477.18 zł)" computerName="DESKTOP-5URQ9PB" duration="00:00:00.0000062" startTime="2022-06-13T21:11:52.1061707+02:00" endTime="2022-06-13T21:11:52.1062386+02:00" testType="13cdc9d9-ddb5-4fa4-a97d-d965ccfc6d4b" outcome="Passed" testListId="8c84fa94-04c1-424b-9868-57a2d4851a1d" relativeResultsDirectory="ddf84b67-5080-4286-b114-90fa55aa5897" />
    <UnitTestResult executionId="ed3c17d7-c007-4a39-961c-1b64d8baa0ea" testId="0b57b059-3f87-412c-8b57-408a02c39775" testName="FormatToStringTest1000 (18990.72499258012,18990.72 zł)" computerName="DESKTOP-5URQ9PB" duration="00:00:00.0000086" startTime="2022-06-13T21:11:51.9731607+02:00" endTime="2022-06-13T21:11:51.9732592+02:00" testType="13cdc9d9-ddb5-4fa4-a97d-d965ccfc6d4b" outcome="Passed" testListId="8c84fa94-04c1-424b-9868-57a2d4851a1d" relativeResultsDirectory="ed3c17d7-c007-4a39-961c-1b64d8baa0ea" />
    <UnitTestResult executionId="d609be47-0947-4762-ab00-0ec8554e353c" testId="8e0541c4-8d83-41dd-bdce-87d580a4a72e" testName="FormatToStringTest1000 (13568.230982493717,13568.23 zł)" computerName="DESKTOP-5URQ9PB" duration="00:00:00.0000061" startTime="2022-06-13T21:11:52.1696706+02:00" endTime="2022-06-13T21:11:52.1697363+02:00" testType="13cdc9d9-ddb5-4fa4-a97d-d965ccfc6d4b" outcome="Passed" testListId="8c84fa94-04c1-424b-9868-57a2d4851a1d" relativeResultsDirectory="d609be47-0947-4762-ab00-0ec8554e353c" />
    <UnitTestResult executionId="5b10b540-2b1b-40a0-923b-dafc251c1c25" testId="4ec5a7e8-3125-4994-8ac4-2b839313d319" testName="FormatToStringTest1000 (36211.11038300866,36211.11 zł)" computerName="DESKTOP-5URQ9PB" duration="00:00:00.0000060" startTime="2022-06-13T21:11:52.2217403+02:00" endTime="2022-06-13T21:11:52.2218045+02:00" testType="13cdc9d9-ddb5-4fa4-a97d-d965ccfc6d4b" outcome="Passed" testListId="8c84fa94-04c1-424b-9868-57a2d4851a1d" relativeResultsDirectory="5b10b540-2b1b-40a0-923b-dafc251c1c25" />
    <UnitTestResult executionId="ea190a92-d130-41b4-8936-1ee011573d1c" testId="f41231cd-cc99-4edc-886c-b3caeeb28e17" testName="FormatToStringTest1000 (8885.065440211942,8885.07 zł)" computerName="DESKTOP-5URQ9PB" duration="00:00:00.0000065" startTime="2022-06-13T21:11:52.1200413+02:00" endTime="2022-06-13T21:11:52.1201215+02:00" testType="13cdc9d9-ddb5-4fa4-a97d-d965ccfc6d4b" outcome="Passed" testListId="8c84fa94-04c1-424b-9868-57a2d4851a1d" relativeResultsDirectory="ea190a92-d130-41b4-8936-1ee011573d1c" />
    <UnitTestResult executionId="5085fe8d-b1fe-4708-9aa4-76189bef8eae" testId="0692624a-a7cb-444c-9071-2b7c91133362" testName="FormatToStringTest1000 (4116.417580192638,4116.42 zł)" computerName="DESKTOP-5URQ9PB" duration="00:00:00.0000286" startTime="2022-06-13T21:11:52.1542609+02:00" endTime="2022-06-13T21:11:52.1544409+02:00" testType="13cdc9d9-ddb5-4fa4-a97d-d965ccfc6d4b" outcome="Passed" testListId="8c84fa94-04c1-424b-9868-57a2d4851a1d" relativeResultsDirectory="5085fe8d-b1fe-4708-9aa4-76189bef8eae" />
    <UnitTestResult executionId="3a85004c-e539-417b-bfa3-e34e7efd4605" testId="f345e245-241b-4572-95e0-a799f122a439" testName="FormatToStringTest1000 (5840.747097845071,5840.75 zł)" computerName="DESKTOP-5URQ9PB" duration="00:00:00.0000063" startTime="2022-06-13T21:11:52.2259762+02:00" endTime="2022-06-13T21:11:52.2260466+02:00" testType="13cdc9d9-ddb5-4fa4-a97d-d965ccfc6d4b" outcome="Passed" testListId="8c84fa94-04c1-424b-9868-57a2d4851a1d" relativeResultsDirectory="3a85004c-e539-417b-bfa3-e34e7efd4605" />
    <UnitTestResult executionId="9714fce0-0ae9-4a57-b14b-563301186b74" testId="e950061e-ed51-44b4-b544-75f57ced69c0" testName="FormatToStringTest1000 (13375.96341587415,13375.96 zł)" computerName="DESKTOP-5URQ9PB" duration="00:00:00.0000063" startTime="2022-06-13T21:11:52.2239282+02:00" endTime="2022-06-13T21:11:52.2239921+02:00" testType="13cdc9d9-ddb5-4fa4-a97d-d965ccfc6d4b" outcome="Passed" testListId="8c84fa94-04c1-424b-9868-57a2d4851a1d" relativeResultsDirectory="9714fce0-0ae9-4a57-b14b-563301186b74" />
    <UnitTestResult executionId="b60a6a52-2403-42cb-bc8f-f584f418bf6a" testId="351c1265-042d-4cf2-9335-36f3f20a1357" testName="FormatToStringTest1000 (25990.318498101697,25990.32 zł)" computerName="DESKTOP-5URQ9PB" duration="00:00:00.0000135" startTime="2022-06-13T21:11:51.9562271+02:00" endTime="2022-06-13T21:11:51.9563209+02:00" testType="13cdc9d9-ddb5-4fa4-a97d-d965ccfc6d4b" outcome="Passed" testListId="8c84fa94-04c1-424b-9868-57a2d4851a1d" relativeResultsDirectory="b60a6a52-2403-42cb-bc8f-f584f418bf6a" />
    <UnitTestResult executionId="17cabcf9-8068-4447-a6fe-bd767d03d3d8" testId="2cf506ef-f198-40d3-bf59-9a920b75d5cd" testName="FormatToStringTest1000 (1130.8119115372242,1130.81 zł)" computerName="DESKTOP-5URQ9PB" duration="00:00:00.0000060" startTime="2022-06-13T21:11:52.2749181+02:00" endTime="2022-06-13T21:11:52.2749829+02:00" testType="13cdc9d9-ddb5-4fa4-a97d-d965ccfc6d4b" outcome="Passed" testListId="8c84fa94-04c1-424b-9868-57a2d4851a1d" relativeResultsDirectory="17cabcf9-8068-4447-a6fe-bd767d03d3d8" />
    <UnitTestResult executionId="40317488-b3f6-4dd7-8b82-5c4eb1f5d247" testId="ab6767ea-d649-47ce-ba32-5f0dc78a8c4e" testName="FormatToStringTest1000 (25288.32036814574,25288.32 zł)" computerName="DESKTOP-5URQ9PB" duration="00:00:00.0000075" startTime="2022-06-13T21:11:52.1874451+02:00" endTime="2022-06-13T21:11:52.1875706+02:00" testType="13cdc9d9-ddb5-4fa4-a97d-d965ccfc6d4b" outcome="Passed" testListId="8c84fa94-04c1-424b-9868-57a2d4851a1d" relativeResultsDirectory="40317488-b3f6-4dd7-8b82-5c4eb1f5d247" />
    <UnitTestResult executionId="7890b1b1-200f-451a-9441-8e253f3f9384" testId="ab01bef9-6965-4f15-a22b-3b3d27959d49" testName="FormatToStringTest1000 (15669.698889610218,15669.70 zł)" computerName="DESKTOP-5URQ9PB" duration="00:00:00.0000072" startTime="2022-06-13T21:11:52.2329341+02:00" endTime="2022-06-13T21:11:52.2330135+02:00" testType="13cdc9d9-ddb5-4fa4-a97d-d965ccfc6d4b" outcome="Passed" testListId="8c84fa94-04c1-424b-9868-57a2d4851a1d" relativeResultsDirectory="7890b1b1-200f-451a-9441-8e253f3f9384" />
    <UnitTestResult executionId="b3b7e61e-1110-4a06-9a22-140b11bbcdc7" testId="9a118625-fcd1-48d8-bc1d-c57d81dff9ba" testName="FormatToStringTest1000 (54088.326214851964,54088.33 zł)" computerName="DESKTOP-5URQ9PB" duration="00:00:00.0000060" startTime="2022-06-13T21:11:51.9986138+02:00" endTime="2022-06-13T21:11:51.9986811+02:00" testType="13cdc9d9-ddb5-4fa4-a97d-d965ccfc6d4b" outcome="Passed" testListId="8c84fa94-04c1-424b-9868-57a2d4851a1d" relativeResultsDirectory="b3b7e61e-1110-4a06-9a22-140b11bbcdc7" />
    <UnitTestResult executionId="1fca0b3f-d64d-4d08-91f2-3e99e09a55c5" testId="e6617660-0bbb-46df-acdd-baac385133e0" testName="FormatToStringTest1000 (38803.03958246253,38803.04 zł)" computerName="DESKTOP-5URQ9PB" duration="00:00:00.0000064" startTime="2022-06-13T21:11:52.0295896+02:00" endTime="2022-06-13T21:11:52.0296598+02:00" testType="13cdc9d9-ddb5-4fa4-a97d-d965ccfc6d4b" outcome="Passed" testListId="8c84fa94-04c1-424b-9868-57a2d4851a1d" relativeResultsDirectory="1fca0b3f-d64d-4d08-91f2-3e99e09a55c5" />
    <UnitTestResult executionId="21c4db6f-7c4e-4ab0-85d8-dadafbe37681" testId="72d0778a-a7e3-4bb7-a6ec-3a45d29e0e77" testName="FormatToStringTest1000 (7975.276658828965,7975.28 zł)" computerName="DESKTOP-5URQ9PB" duration="00:00:00.0000070" startTime="2022-06-13T21:11:52.1582927+02:00" endTime="2022-06-13T21:11:52.1583826+02:00" testType="13cdc9d9-ddb5-4fa4-a97d-d965ccfc6d4b" outcome="Passed" testListId="8c84fa94-04c1-424b-9868-57a2d4851a1d" relativeResultsDirectory="21c4db6f-7c4e-4ab0-85d8-dadafbe37681" />
    <UnitTestResult executionId="6a90ceb1-2a85-46f3-8b1a-49be6304aeb2" testId="1a51264e-c22e-4d79-bc25-6183800aad5b" testName="FormatToStringTest1000 (86.89546322771136,86.90 zł)" computerName="DESKTOP-5URQ9PB" duration="00:00:00.0000068" startTime="2022-06-13T21:11:51.9447480+02:00" endTime="2022-06-13T21:11:51.9448157+02:00" testType="13cdc9d9-ddb5-4fa4-a97d-d965ccfc6d4b" outcome="Passed" testListId="8c84fa94-04c1-424b-9868-57a2d4851a1d" relativeResultsDirectory="6a90ceb1-2a85-46f3-8b1a-49be6304aeb2" />
    <UnitTestResult executionId="ebad7628-89db-4b1a-bd96-60e18b1fa1c8" testId="8656e1f6-92b1-44b6-be1f-2c03cf562244" testName="FormatToStringTest1000 (30320.450517486992,30320.45 zł)" computerName="DESKTOP-5URQ9PB" duration="00:00:00.0000073" startTime="2022-06-13T21:11:52.1282470+02:00" endTime="2022-06-13T21:11:52.1283249+02:00" testType="13cdc9d9-ddb5-4fa4-a97d-d965ccfc6d4b" outcome="Passed" testListId="8c84fa94-04c1-424b-9868-57a2d4851a1d" relativeResultsDirectory="ebad7628-89db-4b1a-bd96-60e18b1fa1c8" />
    <UnitTestResult executionId="02075f20-4e1c-4aec-8932-6cb7f8d28ba6" testId="89bca16f-684c-4a87-9966-a918f8dbc450" testName="FormatToStringTest1000 (7726.0074454499445,7726.01 zł)" computerName="DESKTOP-5URQ9PB" duration="00:00:00.0000064" startTime="2022-06-13T21:11:52.0548489+02:00" endTime="2022-06-13T21:11:52.0549252+02:00" testType="13cdc9d9-ddb5-4fa4-a97d-d965ccfc6d4b" outcome="Passed" testListId="8c84fa94-04c1-424b-9868-57a2d4851a1d" relativeResultsDirectory="02075f20-4e1c-4aec-8932-6cb7f8d28ba6" />
    <UnitTestResult executionId="54720e84-1f9b-47cd-b7f3-9619b7b7e45c" testId="43da555b-8f56-4492-b6f8-3a060c093a2c" testName="FormatToStringTest1000 (2937.138486199611,2937.14 zł)" computerName="DESKTOP-5URQ9PB" duration="00:00:00.0000144" startTime="2022-06-13T21:11:51.9629017+02:00" endTime="2022-06-13T21:11:51.9630274+02:00" testType="13cdc9d9-ddb5-4fa4-a97d-d965ccfc6d4b" outcome="Passed" testListId="8c84fa94-04c1-424b-9868-57a2d4851a1d" relativeResultsDirectory="54720e84-1f9b-47cd-b7f3-9619b7b7e45c" />
    <UnitTestResult executionId="e56b98b3-fdde-427b-9c62-91d263a80174" testId="748fdf01-d035-4afc-8637-c8c80fce8305" testName="FormatToStringTest1000 (9603.199987620208,9603.20 zł)" computerName="DESKTOP-5URQ9PB" duration="00:00:00.0000060" startTime="2022-06-13T21:11:52.2768282+02:00" endTime="2022-06-13T21:11:52.2768923+02:00" testType="13cdc9d9-ddb5-4fa4-a97d-d965ccfc6d4b" outcome="Passed" testListId="8c84fa94-04c1-424b-9868-57a2d4851a1d" relativeResultsDirectory="e56b98b3-fdde-427b-9c62-91d263a80174" />
    <UnitTestResult executionId="a117beba-54c4-458f-9b74-b969b462afab" testId="cd56281a-4ab5-4dad-8cb6-b682e628d9c4" testName="FormatToStringTest1000 (3270.286035661719,3270.29 zł)" computerName="DESKTOP-5URQ9PB" duration="00:00:00.0000062" startTime="2022-06-13T21:11:52.1638525+02:00" endTime="2022-06-13T21:11:52.1639274+02:00" testType="13cdc9d9-ddb5-4fa4-a97d-d965ccfc6d4b" outcome="Passed" testListId="8c84fa94-04c1-424b-9868-57a2d4851a1d" relativeResultsDirectory="a117beba-54c4-458f-9b74-b969b462afab" />
    <UnitTestResult executionId="9e670907-90c9-416a-9417-594fc1b7ad2f" testId="ae208d83-c7f7-4801-886b-b7c6282095e3" testName="FormatToStringTest1000 (35967.54466809684,35967.54 zł)" computerName="DESKTOP-5URQ9PB" duration="00:00:00.0000062" startTime="2022-06-13T21:11:52.2119031+02:00" endTime="2022-06-13T21:11:52.2119672+02:00" testType="13cdc9d9-ddb5-4fa4-a97d-d965ccfc6d4b" outcome="Passed" testListId="8c84fa94-04c1-424b-9868-57a2d4851a1d" relativeResultsDirectory="9e670907-90c9-416a-9417-594fc1b7ad2f" />
    <UnitTestResult executionId="fbbc6204-e40e-4c40-b8a6-4b0626a202e2" testId="908a926f-05a0-490e-b275-7d1b568ffe83" testName="FormatToStringTest1000 (20249.56614074277,20249.57 zł)" computerName="DESKTOP-5URQ9PB" duration="00:00:00.0000062" startTime="2022-06-13T21:11:51.9985252+02:00" endTime="2022-06-13T21:11:51.9985954+02:00" testType="13cdc9d9-ddb5-4fa4-a97d-d965ccfc6d4b" outcome="Passed" testListId="8c84fa94-04c1-424b-9868-57a2d4851a1d" relativeResultsDirectory="fbbc6204-e40e-4c40-b8a6-4b0626a202e2" />
    <UnitTestResult executionId="4017ce05-146a-420a-a017-c0fb9f8fe524" testId="2dbc4d8c-20aa-4b92-b537-9b2d26c21801" testName="FormatToStringTest1000 (96022.24851977557,96022.25 zł)" computerName="DESKTOP-5URQ9PB" duration="00:00:00.0000063" startTime="2022-06-13T21:11:52.2139400+02:00" endTime="2022-06-13T21:11:52.2140042+02:00" testType="13cdc9d9-ddb5-4fa4-a97d-d965ccfc6d4b" outcome="Passed" testListId="8c84fa94-04c1-424b-9868-57a2d4851a1d" relativeResultsDirectory="4017ce05-146a-420a-a017-c0fb9f8fe524" />
    <UnitTestResult executionId="1bbd5738-a7e8-4eee-8ae0-451c3247e2fb" testId="9117db16-77f9-4d92-8f55-9c883bb23221" testName="FormatToStringTest1000 (43222.47958431695,43222.48 zł)" computerName="DESKTOP-5URQ9PB" duration="00:00:00.0000061" startTime="2022-06-13T21:11:51.9874681+02:00" endTime="2022-06-13T21:11:51.9875354+02:00" testType="13cdc9d9-ddb5-4fa4-a97d-d965ccfc6d4b" outcome="Passed" testListId="8c84fa94-04c1-424b-9868-57a2d4851a1d" relativeResultsDirectory="1bbd5738-a7e8-4eee-8ae0-451c3247e2fb" />
    <UnitTestResult executionId="27a17170-101d-441a-8d3b-f16dcb696c35" testId="eb1158f1-251d-4aa5-8fea-9d75975a639c" testName="FormatToStringTest1000 (6429.44273095552,6429.44 zł)" computerName="DESKTOP-5URQ9PB" duration="00:00:00.0000063" startTime="2022-06-13T21:11:52.1065257+02:00" endTime="2022-06-13T21:11:52.1065910+02:00" testType="13cdc9d9-ddb5-4fa4-a97d-d965ccfc6d4b" outcome="Passed" testListId="8c84fa94-04c1-424b-9868-57a2d4851a1d" relativeResultsDirectory="27a17170-101d-441a-8d3b-f16dcb696c35" />
    <UnitTestResult executionId="35fd9c35-113c-4290-a101-f2b710815435" testId="d1f02115-8092-4556-98ad-b0beb2f9991d" testName="FormatToStringTest1000 (15396.537902579894,15396.54 zł)" computerName="DESKTOP-5URQ9PB" duration="00:00:00.0000088" startTime="2022-06-13T21:11:52.1977430+02:00" endTime="2022-06-13T21:11:52.1978398+02:00" testType="13cdc9d9-ddb5-4fa4-a97d-d965ccfc6d4b" outcome="Passed" testListId="8c84fa94-04c1-424b-9868-57a2d4851a1d" relativeResultsDirectory="35fd9c35-113c-4290-a101-f2b710815435" />
    <UnitTestResult executionId="40f7f4bd-9737-4e07-ade6-96a9c06f6711" testId="357b0369-0746-44f6-9e33-ccdbe0c7868b" testName="FormatToStringTest1000 (2835.0728237931958,2835.07 zł)" computerName="DESKTOP-5URQ9PB" duration="00:00:00.0000061" startTime="2022-06-13T21:11:52.1805403+02:00" endTime="2022-06-13T21:11:52.1806051+02:00" testType="13cdc9d9-ddb5-4fa4-a97d-d965ccfc6d4b" outcome="Passed" testListId="8c84fa94-04c1-424b-9868-57a2d4851a1d" relativeResultsDirectory="40f7f4bd-9737-4e07-ade6-96a9c06f6711" />
    <UnitTestResult executionId="9ffa9897-b0ec-4c80-b00c-622c48628c9f" testId="2805f892-bb48-4816-a93d-dbe92013f069" testName="FormatToStringTest1000 (2216.881526520886,2216.88 zł)" computerName="DESKTOP-5URQ9PB" duration="00:00:00.0000061" startTime="2022-06-13T21:11:52.2050358+02:00" endTime="2022-06-13T21:11:52.2050992+02:00" testType="13cdc9d9-ddb5-4fa4-a97d-d965ccfc6d4b" outcome="Passed" testListId="8c84fa94-04c1-424b-9868-57a2d4851a1d" relativeResultsDirectory="9ffa9897-b0ec-4c80-b00c-622c48628c9f" />
    <UnitTestResult executionId="d404e3fe-1102-41c4-a728-52d6a6b5d2c7" testId="67b7d772-141a-4447-884c-20aaee4e8dc4" testName="FormatToStringTest1000 (1687.5965557361937,1687.60 zł)" computerName="DESKTOP-5URQ9PB" duration="00:00:00.0000073" startTime="2022-06-13T21:11:52.1315391+02:00" endTime="2022-06-13T21:11:52.1316248+02:00" testType="13cdc9d9-ddb5-4fa4-a97d-d965ccfc6d4b" outcome="Passed" testListId="8c84fa94-04c1-424b-9868-57a2d4851a1d" relativeResultsDirectory="d404e3fe-1102-41c4-a728-52d6a6b5d2c7" />
    <UnitTestResult executionId="2f30ab87-2a28-4692-9754-f1add156a392" testId="8c7c361b-b3a5-45de-b00e-5b695ccab308" testName="FormatToStringTest1000 (79764.77845563217,79764.78 zł)" computerName="DESKTOP-5URQ9PB" duration="00:00:00.0000066" startTime="2022-06-13T21:11:52.0464373+02:00" endTime="2022-06-13T21:11:52.0465185+02:00" testType="13cdc9d9-ddb5-4fa4-a97d-d965ccfc6d4b" outcome="Passed" testListId="8c84fa94-04c1-424b-9868-57a2d4851a1d" relativeResultsDirectory="2f30ab87-2a28-4692-9754-f1add156a392" />
    <UnitTestResult executionId="82d2c8ef-02fa-42cd-a590-5d6b03593f99" testId="3322effe-68db-46da-9401-ca2dbc651984" testName="FormatToStringTest1000 (17988.455793307843,17988.46 zł)" computerName="DESKTOP-5URQ9PB" duration="00:00:00.0000061" startTime="2022-06-13T21:11:51.9987841+02:00" endTime="2022-06-13T21:11:51.9988508+02:00" testType="13cdc9d9-ddb5-4fa4-a97d-d965ccfc6d4b" outcome="Passed" testListId="8c84fa94-04c1-424b-9868-57a2d4851a1d" relativeResultsDirectory="82d2c8ef-02fa-42cd-a590-5d6b03593f99" />
    <UnitTestResult executionId="139cbc46-dd7c-48fc-8234-ec553fdd1715" testId="dd859f18-1106-4dd0-adea-7b1abdf9e50c" testName="FormatToStringTest1000 (2409.393997763001,2409.39 zł)" computerName="DESKTOP-5URQ9PB" duration="00:00:00.0000094" startTime="2022-06-13T21:11:51.9946179+02:00" endTime="2022-06-13T21:11:51.9947269+02:00" testType="13cdc9d9-ddb5-4fa4-a97d-d965ccfc6d4b" outcome="Passed" testListId="8c84fa94-04c1-424b-9868-57a2d4851a1d" relativeResultsDirectory="139cbc46-dd7c-48fc-8234-ec553fdd1715" />
    <UnitTestResult executionId="2eac8b7b-fe1f-454f-93bd-1189e5f19ae4" testId="61440d4b-88b6-4bb3-b701-91960efc8ea3" testName="FormatToStringTest1000 (10227.532692039169,10227.53 zł)" computerName="DESKTOP-5URQ9PB" duration="00:00:00.0000089" startTime="2022-06-13T21:11:52.0083032+02:00" endTime="2022-06-13T21:11:52.0084118+02:00" testType="13cdc9d9-ddb5-4fa4-a97d-d965ccfc6d4b" outcome="Passed" testListId="8c84fa94-04c1-424b-9868-57a2d4851a1d" relativeResultsDirectory="2eac8b7b-fe1f-454f-93bd-1189e5f19ae4" />
    <UnitTestResult executionId="b0d71424-3c36-43bb-97fc-a74940467f31" testId="cdd168c7-2a7d-4214-86ae-2925aefc3637" testName="FormatToStringTest1000 (21753.84773194969,21753.85 zł)" computerName="DESKTOP-5URQ9PB" duration="00:00:00.0000085" startTime="2022-06-13T21:11:51.9947507+02:00" endTime="2022-06-13T21:11:51.9948544+02:00" testType="13cdc9d9-ddb5-4fa4-a97d-d965ccfc6d4b" outcome="Passed" testListId="8c84fa94-04c1-424b-9868-57a2d4851a1d" relativeResultsDirectory="b0d71424-3c36-43bb-97fc-a74940467f31" />
    <UnitTestResult executionId="47b445ef-4d19-4604-9604-34a6010bc605" testId="fa4a4a9a-d565-42c4-9889-3a4e92a7e25c" testName="FormatToStringTest1000 (30385.72086375613,30385.72 zł)" computerName="DESKTOP-5URQ9PB" duration="00:00:00.0000101" startTime="2022-06-13T21:11:52.2448753+02:00" endTime="2022-06-13T21:11:52.2449760+02:00" testType="13cdc9d9-ddb5-4fa4-a97d-d965ccfc6d4b" outcome="Passed" testListId="8c84fa94-04c1-424b-9868-57a2d4851a1d" relativeResultsDirectory="47b445ef-4d19-4604-9604-34a6010bc605" />
    <UnitTestResult executionId="0c184394-2680-463a-8596-71d065af80f7" testId="a0dc679a-26da-4c59-9e6f-4d992cace994" testName="FormatToStringTest1000 (6946.333318357977,6946.33 zł)" computerName="DESKTOP-5URQ9PB" duration="00:00:00.0000062" startTime="2022-06-13T21:11:52.0755570+02:00" endTime="2022-06-13T21:11:52.0756257+02:00" testType="13cdc9d9-ddb5-4fa4-a97d-d965ccfc6d4b" outcome="Passed" testListId="8c84fa94-04c1-424b-9868-57a2d4851a1d" relativeResultsDirectory="0c184394-2680-463a-8596-71d065af80f7" />
    <UnitTestResult executionId="79447720-b217-43d5-8269-79c2ae0f28cf" testId="48d191e9-5f8c-4b79-86c7-53bded522da7" testName="FormatToStringTest1000 (27027.327683509946,27027.33 zł)" computerName="DESKTOP-5URQ9PB" duration="00:00:00.0000063" startTime="2022-06-13T21:11:52.0123550+02:00" endTime="2022-06-13T21:11:52.0124242+02:00" testType="13cdc9d9-ddb5-4fa4-a97d-d965ccfc6d4b" outcome="Passed" testListId="8c84fa94-04c1-424b-9868-57a2d4851a1d" relativeResultsDirectory="79447720-b217-43d5-8269-79c2ae0f28cf" />
    <UnitTestResult executionId="2b1c5d98-aee6-4d3d-a02e-44fc5e171b32" testId="4d2ed62d-edc8-4955-97eb-a7d427514f2d" testName="FormatToStringTest1000 (19541.10539777116,19541.11 zł)" computerName="DESKTOP-5URQ9PB" duration="00:00:00.0000061" startTime="2022-06-13T21:11:51.9480254+02:00" endTime="2022-06-13T21:11:51.9480936+02:00" testType="13cdc9d9-ddb5-4fa4-a97d-d965ccfc6d4b" outcome="Passed" testListId="8c84fa94-04c1-424b-9868-57a2d4851a1d" relativeResultsDirectory="2b1c5d98-aee6-4d3d-a02e-44fc5e171b32" />
    <UnitTestResult executionId="02b76d58-06c5-44c4-be48-dc77d7839f7b" testId="83cecdb4-6ea4-43b0-91f5-9484e3b2c0b3" testName="FormatToStringTest1000 (9628.688698104437,9628.69 zł)" computerName="DESKTOP-5URQ9PB" duration="00:00:00.0000092" startTime="2022-06-13T21:11:52.2483798+02:00" endTime="2022-06-13T21:11:52.2484863+02:00" testType="13cdc9d9-ddb5-4fa4-a97d-d965ccfc6d4b" outcome="Passed" testListId="8c84fa94-04c1-424b-9868-57a2d4851a1d" relativeResultsDirectory="02b76d58-06c5-44c4-be48-dc77d7839f7b" />
    <UnitTestResult executionId="76336d3d-98a3-41c3-ab38-c7cce69602fe" testId="c3b2188c-a571-40eb-8870-ea91d8f7eeb3" testName="FormatToStringTest1000 (14063.90676654871,14063.91 zł)" computerName="DESKTOP-5URQ9PB" duration="00:00:00.0000064" startTime="2022-06-13T21:11:52.2028445+02:00" endTime="2022-06-13T21:11:52.2029096+02:00" testType="13cdc9d9-ddb5-4fa4-a97d-d965ccfc6d4b" outcome="Passed" testListId="8c84fa94-04c1-424b-9868-57a2d4851a1d" relativeResultsDirectory="76336d3d-98a3-41c3-ab38-c7cce69602fe" />
    <UnitTestResult executionId="6799e375-4775-4eb8-8783-3727f59909d6" testId="5d05e484-0368-43d1-bccf-b0285787b83d" testName="FormatToStringTest1000 (60701.5177499319,60701.52 zł)" computerName="DESKTOP-5URQ9PB" duration="00:00:00.0000089" startTime="2022-06-13T21:11:52.1943038+02:00" endTime="2022-06-13T21:11:52.1943926+02:00" testType="13cdc9d9-ddb5-4fa4-a97d-d965ccfc6d4b" outcome="Passed" testListId="8c84fa94-04c1-424b-9868-57a2d4851a1d" relativeResultsDirectory="6799e375-4775-4eb8-8783-3727f59909d6" />
    <UnitTestResult executionId="76b80c69-a064-455e-8979-1820c1ffab34" testId="efb710c0-25b1-4883-a802-0fbb38b6992a" testName="FormatToStringTest1000 (79388.929555234,79388.93 zł)" computerName="DESKTOP-5URQ9PB" duration="00:00:00.0000065" startTime="2022-06-13T21:11:52.2334752+02:00" endTime="2022-06-13T21:11:52.2335408+02:00" testType="13cdc9d9-ddb5-4fa4-a97d-d965ccfc6d4b" outcome="Passed" testListId="8c84fa94-04c1-424b-9868-57a2d4851a1d" relativeResultsDirectory="76b80c69-a064-455e-8979-1820c1ffab34" />
    <UnitTestResult executionId="c635384e-cb8a-4e3c-bb47-be27fff65bfd" testId="fc2aa78b-57ab-4b7b-ab29-e2758dc498e6" testName="FormatToStringTest1000 (6276.389386365838,6276.39 zł)" computerName="DESKTOP-5URQ9PB" duration="00:00:00.0000062" startTime="2022-06-13T21:11:52.0999845+02:00" endTime="2022-06-13T21:11:52.1000516+02:00" testType="13cdc9d9-ddb5-4fa4-a97d-d965ccfc6d4b" outcome="Passed" testListId="8c84fa94-04c1-424b-9868-57a2d4851a1d" relativeResultsDirectory="c635384e-cb8a-4e3c-bb47-be27fff65bfd" />
    <UnitTestResult executionId="ea2be496-fdb3-41be-b2ba-97dfcff2d880" testId="400f83d8-906f-4ec5-b239-d7b6f9c696ea" testName="FormatToStringTest1000 (50009.23881716898,50009.24 zł)" computerName="DESKTOP-5URQ9PB" duration="00:00:00.0000062" startTime="2022-06-13T21:11:52.1691635+02:00" endTime="2022-06-13T21:11:52.1692307+02:00" testType="13cdc9d9-ddb5-4fa4-a97d-d965ccfc6d4b" outcome="Passed" testListId="8c84fa94-04c1-424b-9868-57a2d4851a1d" relativeResultsDirectory="ea2be496-fdb3-41be-b2ba-97dfcff2d880" />
    <UnitTestResult executionId="d857eded-ec47-4c17-b980-f6eba4fb6a68" testId="04bce6aa-5087-4390-8edc-bab20f2cb244" testName="FormatToStringTest1000 (272.5621069118204,272.56 zł)" computerName="DESKTOP-5URQ9PB" duration="00:00:00.0000061" startTime="2022-06-13T21:11:52.1610321+02:00" endTime="2022-06-13T21:11:52.1610976+02:00" testType="13cdc9d9-ddb5-4fa4-a97d-d965ccfc6d4b" outcome="Passed" testListId="8c84fa94-04c1-424b-9868-57a2d4851a1d" relativeResultsDirectory="d857eded-ec47-4c17-b980-f6eba4fb6a68" />
    <UnitTestResult executionId="373ad588-be03-454d-bbf6-1c331ea7d251" testId="6b7a1aa8-7972-4f51-9f57-33255ba32cbe" testName="FormatToStringTest1000 (22189.78731674132,22189.79 zł)" computerName="DESKTOP-5URQ9PB" duration="00:00:00.0000078" startTime="2022-06-13T21:11:52.1690529+02:00" endTime="2022-06-13T21:11:52.1691422+02:00" testType="13cdc9d9-ddb5-4fa4-a97d-d965ccfc6d4b" outcome="Passed" testListId="8c84fa94-04c1-424b-9868-57a2d4851a1d" relativeResultsDirectory="373ad588-be03-454d-bbf6-1c331ea7d251" />
    <UnitTestResult executionId="7986ca31-57f7-4c87-8a7a-d22756076d73" testId="1e2afb8a-6da4-48a6-b9f9-c83ffbbc06ee" testName="FormatToStringTest1000 (22791.735381432685,22791.74 zł)" computerName="DESKTOP-5URQ9PB" duration="00:00:00.0000063" startTime="2022-06-13T21:11:52.0395066+02:00" endTime="2022-06-13T21:11:52.0395772+02:00" testType="13cdc9d9-ddb5-4fa4-a97d-d965ccfc6d4b" outcome="Passed" testListId="8c84fa94-04c1-424b-9868-57a2d4851a1d" relativeResultsDirectory="7986ca31-57f7-4c87-8a7a-d22756076d73" />
    <UnitTestResult executionId="5d5686a0-4bee-4f4a-a09e-408adc52d7c5" testId="8198492f-7eee-48d1-88ea-33f2baf3e214" testName="FormatToStringTest1000 (34084.19497795599,34084.19 zł)" computerName="DESKTOP-5URQ9PB" duration="00:00:00.0000060" startTime="2022-06-13T21:11:52.2769872+02:00" endTime="2022-06-13T21:11:52.2770511+02:00" testType="13cdc9d9-ddb5-4fa4-a97d-d965ccfc6d4b" outcome="Passed" testListId="8c84fa94-04c1-424b-9868-57a2d4851a1d" relativeResultsDirectory="5d5686a0-4bee-4f4a-a09e-408adc52d7c5" />
    <UnitTestResult executionId="a5cc5d0f-9424-47b9-9649-854d2edd0275" testId="0ba28fde-f0de-4592-bc1a-8770e4b8294c" testName="FormatToStringTest1000 (43799.04472166535,43799.04 zł)" computerName="DESKTOP-5URQ9PB" duration="00:00:00.0000062" startTime="2022-06-13T21:11:52.1031412+02:00" endTime="2022-06-13T21:11:52.1032088+02:00" testType="13cdc9d9-ddb5-4fa4-a97d-d965ccfc6d4b" outcome="Passed" testListId="8c84fa94-04c1-424b-9868-57a2d4851a1d" relativeResultsDirectory="a5cc5d0f-9424-47b9-9649-854d2edd0275" />
    <UnitTestResult executionId="b31930fa-f76d-4c7a-a5af-787ac3a50b59" testId="ea5b83f9-fab4-4555-a29f-9240aed3bf66" testName="FormatToStringTest1000 (20527.270339210645,20527.27 zł)" computerName="DESKTOP-5URQ9PB" duration="00:00:00.0000061" startTime="2022-06-13T21:11:52.2672043+02:00" endTime="2022-06-13T21:11:52.2672694+02:00" testType="13cdc9d9-ddb5-4fa4-a97d-d965ccfc6d4b" outcome="Passed" testListId="8c84fa94-04c1-424b-9868-57a2d4851a1d" relativeResultsDirectory="b31930fa-f76d-4c7a-a5af-787ac3a50b59" />
    <UnitTestResult executionId="b616e2fd-ae4f-4316-8830-690a201b42e3" testId="45b92eb1-2a76-4867-a1e0-fb61e180d0ce" testName="FormatToStringTest1000 (11912.404131636213,11912.40 zł)" computerName="DESKTOP-5URQ9PB" duration="00:00:00.0000064" startTime="2022-06-13T21:11:51.9769933+02:00" endTime="2022-06-13T21:11:51.9770676+02:00" testType="13cdc9d9-ddb5-4fa4-a97d-d965ccfc6d4b" outcome="Passed" testListId="8c84fa94-04c1-424b-9868-57a2d4851a1d" relativeResultsDirectory="b616e2fd-ae4f-4316-8830-690a201b42e3" />
    <UnitTestResult executionId="c893453c-4899-45df-9ac2-03b336b750a8" testId="a13689eb-46fb-4698-b37e-0cd01b6fa4e1" testName="FormatToStringTest1000 (4592.278577496428,4592.28 zł)" computerName="DESKTOP-5URQ9PB" duration="00:00:00.0000062" startTime="2022-06-13T21:11:52.2195164+02:00" endTime="2022-06-13T21:11:52.2195818+02:00" testType="13cdc9d9-ddb5-4fa4-a97d-d965ccfc6d4b" outcome="Passed" testListId="8c84fa94-04c1-424b-9868-57a2d4851a1d" relativeResultsDirectory="c893453c-4899-45df-9ac2-03b336b750a8" />
    <UnitTestResult executionId="d6e4a6e4-b2ff-49f1-b45e-9452d325da40" testId="b5579d3d-4b05-495e-a498-33d05de5e47d" testName="FormatToStringTest1000 (27506.397047390416,27506.40 zł)" computerName="DESKTOP-5URQ9PB" duration="00:00:00.0000060" startTime="2022-06-13T21:11:52.0158449+02:00" endTime="2022-06-13T21:11:52.0159115+02:00" testType="13cdc9d9-ddb5-4fa4-a97d-d965ccfc6d4b" outcome="Passed" testListId="8c84fa94-04c1-424b-9868-57a2d4851a1d" relativeResultsDirectory="d6e4a6e4-b2ff-49f1-b45e-9452d325da40" />
    <UnitTestResult executionId="f6580851-a8cd-49de-9a49-23f8fd4c35e7" testId="f34e3c34-3a95-46c5-a5f6-a73910b3f373" testName="FormatToStringTest1000 (24768.25771770359,24768.26 zł)" computerName="DESKTOP-5URQ9PB" duration="00:00:00.0000066" startTime="2022-06-13T21:11:52.0694305+02:00" endTime="2022-06-13T21:11:52.0694975+02:00" testType="13cdc9d9-ddb5-4fa4-a97d-d965ccfc6d4b" outcome="Passed" testListId="8c84fa94-04c1-424b-9868-57a2d4851a1d" relativeResultsDirectory="f6580851-a8cd-49de-9a49-23f8fd4c35e7" />
    <UnitTestResult executionId="40e51528-9e94-4b1a-8340-3cde9f8e2abc" testId="d6e33d40-3698-4d22-a17d-7c5886fb077f" testName="FormatToStringTest1000 (5628.028273674672,5628.03 zł)" computerName="DESKTOP-5URQ9PB" duration="00:00:00.0000064" startTime="2022-06-13T21:11:51.8919329+02:00" endTime="2022-06-13T21:11:51.8920007+02:00" testType="13cdc9d9-ddb5-4fa4-a97d-d965ccfc6d4b" outcome="Passed" testListId="8c84fa94-04c1-424b-9868-57a2d4851a1d" relativeResultsDirectory="40e51528-9e94-4b1a-8340-3cde9f8e2abc" />
    <UnitTestResult executionId="f8c57cd5-eff1-4e31-97f2-ebe1f78db11a" testId="977aa22c-db06-4c89-99af-b848ab3cf18f" testName="FormatToStringTest1000 (20482.32969107308,20482.33 zł)" computerName="DESKTOP-5URQ9PB" duration="00:00:00.0000080" startTime="2022-06-13T21:11:52.0079138+02:00" endTime="2022-06-13T21:11:52.0080194+02:00" testType="13cdc9d9-ddb5-4fa4-a97d-d965ccfc6d4b" outcome="Passed" testListId="8c84fa94-04c1-424b-9868-57a2d4851a1d" relativeResultsDirectory="f8c57cd5-eff1-4e31-97f2-ebe1f78db11a" />
    <UnitTestResult executionId="829f1c02-e5c5-46cb-8393-fabdd5081688" testId="d6f4f39c-faf1-4bfe-9805-87745d81791a" testName="FormatToStringTest1000 (658.7555888573431,658.76 zł)" computerName="DESKTOP-5URQ9PB" duration="00:00:00.0000061" startTime="2022-06-13T21:11:52.1126439+02:00" endTime="2022-06-13T21:11:52.1127112+02:00" testType="13cdc9d9-ddb5-4fa4-a97d-d965ccfc6d4b" outcome="Passed" testListId="8c84fa94-04c1-424b-9868-57a2d4851a1d" relativeResultsDirectory="829f1c02-e5c5-46cb-8393-fabdd5081688" />
    <UnitTestResult executionId="486bb4b5-e5d3-4d2d-9dc1-43c2688c7975" testId="51f37863-237d-4292-bc59-138f5befe9df" testName="FormatToStringTest1000 (52481.07276821932,52481.07 zł)" computerName="DESKTOP-5URQ9PB" duration="00:00:00.0000065" startTime="2022-06-13T21:11:52.2096226+02:00" endTime="2022-06-13T21:11:52.2096917+02:00" testType="13cdc9d9-ddb5-4fa4-a97d-d965ccfc6d4b" outcome="Passed" testListId="8c84fa94-04c1-424b-9868-57a2d4851a1d" relativeResultsDirectory="486bb4b5-e5d3-4d2d-9dc1-43c2688c7975" />
    <UnitTestResult executionId="9cf207c7-fc85-4e03-a1c9-c80b3eb6a000" testId="c159d37c-12eb-4d5c-9359-7ff041d9d8ab" testName="FormatToStringTest1000 (68011.49219071423,68011.49 zł)" computerName="DESKTOP-5URQ9PB" duration="00:00:00.0000062" startTime="2022-06-13T21:11:52.1919118+02:00" endTime="2022-06-13T21:11:52.1919763+02:00" testType="13cdc9d9-ddb5-4fa4-a97d-d965ccfc6d4b" outcome="Passed" testListId="8c84fa94-04c1-424b-9868-57a2d4851a1d" relativeResultsDirectory="9cf207c7-fc85-4e03-a1c9-c80b3eb6a000" />
    <UnitTestResult executionId="a3e425ff-6c2a-4dfc-a224-e14ea88fd200" testId="d53325ba-3a6d-43f4-95fa-310a6f8d9759" testName="FormatToStringTest1000 (50550.645020282194,50550.65 zł)" computerName="DESKTOP-5URQ9PB" duration="00:00:00.0000061" startTime="2022-06-13T21:11:52.1716588+02:00" endTime="2022-06-13T21:11:52.1717243+02:00" testType="13cdc9d9-ddb5-4fa4-a97d-d965ccfc6d4b" outcome="Passed" testListId="8c84fa94-04c1-424b-9868-57a2d4851a1d" relativeResultsDirectory="a3e425ff-6c2a-4dfc-a224-e14ea88fd200" />
    <UnitTestResult executionId="1e36b32f-a2ab-4226-96c0-19594ab1a43b" testId="0dc62578-7d4f-45c9-8294-04f513203ece" testName="FormatToStringTest1000 (24476.442216712254,24476.44 zł)" computerName="DESKTOP-5URQ9PB" duration="00:00:00.0000062" startTime="2022-06-13T21:11:52.1635800+02:00" endTime="2022-06-13T21:11:52.1636531+02:00" testType="13cdc9d9-ddb5-4fa4-a97d-d965ccfc6d4b" outcome="Passed" testListId="8c84fa94-04c1-424b-9868-57a2d4851a1d" relativeResultsDirectory="1e36b32f-a2ab-4226-96c0-19594ab1a43b" />
    <UnitTestResult executionId="6abfd519-e1dd-42b5-a9ea-bc36747b4baa" testId="d57526ad-cbc2-4d9f-844c-d9f9c4504aeb" testName="FormatToStringTest1000 (4094.6752323977066,4094.68 zł)" computerName="DESKTOP-5URQ9PB" duration="00:00:00.0000064" startTime="2022-06-13T21:11:52.2829355+02:00" endTime="2022-06-13T21:11:52.2830043+02:00" testType="13cdc9d9-ddb5-4fa4-a97d-d965ccfc6d4b" outcome="Passed" testListId="8c84fa94-04c1-424b-9868-57a2d4851a1d" relativeResultsDirectory="6abfd519-e1dd-42b5-a9ea-bc36747b4baa" />
    <UnitTestResult executionId="52f26290-d6c0-4d19-abd8-84413860f1d6" testId="45019247-5a8b-4863-8ee2-ff370ccf54df" testName="FormatToStringTest1000 (20454.142628653506,20454.14 zł)" computerName="DESKTOP-5URQ9PB" duration="00:00:00.0000060" startTime="2022-06-13T21:11:52.0690030+02:00" endTime="2022-06-13T21:11:52.0690701+02:00" testType="13cdc9d9-ddb5-4fa4-a97d-d965ccfc6d4b" outcome="Passed" testListId="8c84fa94-04c1-424b-9868-57a2d4851a1d" relativeResultsDirectory="52f26290-d6c0-4d19-abd8-84413860f1d6" />
    <UnitTestResult executionId="74cc29d0-4eb5-486c-8f0d-3991971fdc4b" testId="f5583465-1130-4d8d-a60f-034ae1a1c5c1" testName="FormatToStringTest1000 (3649.9254912836127,3649.93 zł)" computerName="DESKTOP-5URQ9PB" duration="00:00:00.0000078" startTime="2022-06-13T21:11:52.2783968+02:00" endTime="2022-06-13T21:11:52.2784765+02:00" testType="13cdc9d9-ddb5-4fa4-a97d-d965ccfc6d4b" outcome="Passed" testListId="8c84fa94-04c1-424b-9868-57a2d4851a1d" relativeResultsDirectory="74cc29d0-4eb5-486c-8f0d-3991971fdc4b" />
    <UnitTestResult executionId="861c9af6-67f7-4cff-8102-489052b3a256" testId="28d135b4-6c5f-4797-800a-606b43849404" testName="FormatToStringTest1000 (3846.644792262765,3846.64 zł)" computerName="DESKTOP-5URQ9PB" duration="00:00:00.0000061" startTime="2022-06-13T21:11:52.0331744+02:00" endTime="2022-06-13T21:11:52.0332405+02:00" testType="13cdc9d9-ddb5-4fa4-a97d-d965ccfc6d4b" outcome="Passed" testListId="8c84fa94-04c1-424b-9868-57a2d4851a1d" relativeResultsDirectory="861c9af6-67f7-4cff-8102-489052b3a256" />
    <UnitTestResult executionId="b2ad8885-c769-4877-a18b-8e282a810229" testId="e853c9b5-445e-45fe-b702-0941a350177f" testName="FormatToStringTest1000 (31300.40752580967,31300.41 zł)" computerName="DESKTOP-5URQ9PB" duration="00:00:00.0000096" startTime="2022-06-13T21:11:51.9620334+02:00" endTime="2022-06-13T21:11:51.9621572+02:00" testType="13cdc9d9-ddb5-4fa4-a97d-d965ccfc6d4b" outcome="Passed" testListId="8c84fa94-04c1-424b-9868-57a2d4851a1d" relativeResultsDirectory="b2ad8885-c769-4877-a18b-8e282a810229" />
    <UnitTestResult executionId="dafcdd77-3444-488f-886e-875fe5f496a5" testId="63caa37e-cc74-4705-ac50-b7252f5f6e5f" testName="FormatToStringTest1000 (100.45267071130345,100.45 zł)" computerName="DESKTOP-5URQ9PB" duration="00:00:00.0000060" startTime="2022-06-13T21:11:52.0256863+02:00" endTime="2022-06-13T21:11:52.0257525+02:00" testType="13cdc9d9-ddb5-4fa4-a97d-d965ccfc6d4b" outcome="Passed" testListId="8c84fa94-04c1-424b-9868-57a2d4851a1d" relativeResultsDirectory="dafcdd77-3444-488f-886e-875fe5f496a5" />
    <UnitTestResult executionId="89e469cc-446a-4a94-ad81-06092baa8e91" testId="24b68f51-8348-4627-b940-33b1392d6d5e" testName="FormatToStringTest1000 (15624.452361264477,15624.45 zł)" computerName="DESKTOP-5URQ9PB" duration="00:00:00.0000313" startTime="2022-06-13T21:11:52.1539592+02:00" endTime="2022-06-13T21:11:52.1542022+02:00" testType="13cdc9d9-ddb5-4fa4-a97d-d965ccfc6d4b" outcome="Passed" testListId="8c84fa94-04c1-424b-9868-57a2d4851a1d" relativeResultsDirectory="89e469cc-446a-4a94-ad81-06092baa8e91" />
    <UnitTestResult executionId="30a90e0e-0cc0-43e9-92e2-a0bc3a4db530" testId="e7ec7b40-739c-4535-a8aa-570a13356905" testName="FormatToStringTest1000 (16819.974312979717,16819.97 zł)" computerName="DESKTOP-5URQ9PB" duration="00:00:00.0000062" startTime="2022-06-13T21:11:52.0937571+02:00" endTime="2022-06-13T21:11:52.0938236+02:00" testType="13cdc9d9-ddb5-4fa4-a97d-d965ccfc6d4b" outcome="Passed" testListId="8c84fa94-04c1-424b-9868-57a2d4851a1d" relativeResultsDirectory="30a90e0e-0cc0-43e9-92e2-a0bc3a4db530" />
    <UnitTestResult executionId="7f7ba192-e709-4698-8467-a7db79993d2e" testId="91ed60cc-d05d-442f-ba87-6e0139b8594d" testName="FormatToStringTest1000 (15566.957545477411,15566.96 zł)" computerName="DESKTOP-5URQ9PB" duration="00:00:00.0000080" startTime="2022-06-13T21:11:51.9683291+02:00" endTime="2022-06-13T21:11:51.9684238+02:00" testType="13cdc9d9-ddb5-4fa4-a97d-d965ccfc6d4b" outcome="Passed" testListId="8c84fa94-04c1-424b-9868-57a2d4851a1d" relativeResultsDirectory="7f7ba192-e709-4698-8467-a7db79993d2e" />
    <UnitTestResult executionId="242e13d4-26f1-4ba2-a269-832e43a283d2" testId="0b0f1829-b0d1-4162-aeb2-87769289bcb1" testName="FormatToStringTest1000 (30410.68214617003,30410.68 zł)" computerName="DESKTOP-5URQ9PB" duration="00:00:00.0000369" startTime="2022-06-13T21:11:52.1441354+02:00" endTime="2022-06-13T21:11:52.1445822+02:00" testType="13cdc9d9-ddb5-4fa4-a97d-d965ccfc6d4b" outcome="Passed" testListId="8c84fa94-04c1-424b-9868-57a2d4851a1d" relativeResultsDirectory="242e13d4-26f1-4ba2-a269-832e43a283d2" />
    <UnitTestResult executionId="08dadb0e-8114-414d-8cca-2940e3ce0825" testId="3245a704-ae25-4edc-a4b2-4e06fdabd0dc" testName="FormatToStringTest1000 (4419.750844657306,4419.75 zł)" computerName="DESKTOP-5URQ9PB" duration="00:00:00.0000066" startTime="2022-06-13T21:11:52.2233437+02:00" endTime="2022-06-13T21:11:52.2234211+02:00" testType="13cdc9d9-ddb5-4fa4-a97d-d965ccfc6d4b" outcome="Passed" testListId="8c84fa94-04c1-424b-9868-57a2d4851a1d" relativeResultsDirectory="08dadb0e-8114-414d-8cca-2940e3ce0825" />
    <UnitTestResult executionId="a94e8beb-6a82-477c-9f4e-3eb49bd69ee7" testId="d1732ca1-3e83-4b6b-aa21-bfd69437fa12" testName="FormatToStringTest1000 (45455.14554704127,45455.15 zł)" computerName="DESKTOP-5URQ9PB" duration="00:00:00.0000060" startTime="2022-06-13T21:11:52.0967281+02:00" endTime="2022-06-13T21:11:52.0967946+02:00" testType="13cdc9d9-ddb5-4fa4-a97d-d965ccfc6d4b" outcome="Passed" testListId="8c84fa94-04c1-424b-9868-57a2d4851a1d" relativeResultsDirectory="a94e8beb-6a82-477c-9f4e-3eb49bd69ee7" />
    <UnitTestResult executionId="6d4160c1-f8f0-44a4-8907-7d79e0077888" testId="1be529c1-43ab-4ba5-ba77-1049bf49419a" testName="FormatToStringTest1000 (17252.06220983903,17252.06 zł)" computerName="DESKTOP-5URQ9PB" duration="00:00:00.0000092" startTime="2022-06-13T21:11:51.9627606+02:00" endTime="2022-06-13T21:11:51.9628774+02:00" testType="13cdc9d9-ddb5-4fa4-a97d-d965ccfc6d4b" outcome="Passed" testListId="8c84fa94-04c1-424b-9868-57a2d4851a1d" relativeResultsDirectory="6d4160c1-f8f0-44a4-8907-7d79e0077888" />
    <UnitTestResult executionId="f5e221cd-2b40-46ca-94a0-c046496b28c6" testId="e1d29662-b305-407f-8b35-02f7265ab511" testName="FormatToStringTest1000 (28306.369434126827,28306.37 zł)" computerName="DESKTOP-5URQ9PB" duration="00:00:00.0000062" startTime="2022-06-13T21:11:52.2652391+02:00" endTime="2022-06-13T21:11:52.2653040+02:00" testType="13cdc9d9-ddb5-4fa4-a97d-d965ccfc6d4b" outcome="Passed" testListId="8c84fa94-04c1-424b-9868-57a2d4851a1d" relativeResultsDirectory="f5e221cd-2b40-46ca-94a0-c046496b28c6" />
    <UnitTestResult executionId="f97f97b3-d432-4731-aafd-eb672cd4101a" testId="6270312e-6b00-41f1-a56c-84598c356a91" testName="FormatToStringTest1000 (32812.53695512634,32812.54 zł)" computerName="DESKTOP-5URQ9PB" duration="00:00:00.0000078" startTime="2022-06-13T21:11:52.0754537+02:00" endTime="2022-06-13T21:11:52.0755375+02:00" testType="13cdc9d9-ddb5-4fa4-a97d-d965ccfc6d4b" outcome="Passed" testListId="8c84fa94-04c1-424b-9868-57a2d4851a1d" relativeResultsDirectory="f97f97b3-d432-4731-aafd-eb672cd4101a" />
    <UnitTestResult executionId="2aeebe22-9ad9-4b67-8d39-7da5aef9a70d" testId="0bc796e3-6f2b-48c8-b0b3-37e722ce4104" testName="FormatToStringTest1000 (67338.80028760935,67338.80 zł)" computerName="DESKTOP-5URQ9PB" duration="00:00:00.0000062" startTime="2022-06-13T21:11:51.9446601+02:00" endTime="2022-06-13T21:11:51.9447303+02:00" testType="13cdc9d9-ddb5-4fa4-a97d-d965ccfc6d4b" outcome="Passed" testListId="8c84fa94-04c1-424b-9868-57a2d4851a1d" relativeResultsDirectory="2aeebe22-9ad9-4b67-8d39-7da5aef9a70d" />
    <UnitTestResult executionId="8a37f7a3-978d-4592-83bf-9ecf758ba9e3" testId="a74950ee-7b44-4ce1-9255-0957015b0518" testName="FormatToStringTest1000 (7050.437505805137,7050.44 zł)" computerName="DESKTOP-5URQ9PB" duration="00:00:00.0000061" startTime="2022-06-13T21:11:52.0024514+02:00" endTime="2022-06-13T21:11:52.0025185+02:00" testType="13cdc9d9-ddb5-4fa4-a97d-d965ccfc6d4b" outcome="Passed" testListId="8c84fa94-04c1-424b-9868-57a2d4851a1d" relativeResultsDirectory="8a37f7a3-978d-4592-83bf-9ecf758ba9e3" />
    <UnitTestResult executionId="c7b94d6c-68e2-486c-964b-6c5634d79295" testId="d622d00e-2524-4b93-990f-7709875fe00a" testName="FormatToStringTest1000 (5140.16338917155,5140.16 zł)" computerName="DESKTOP-5URQ9PB" duration="00:00:00.0000064" startTime="2022-06-13T21:11:52.1880248+02:00" endTime="2022-06-13T21:11:52.1880912+02:00" testType="13cdc9d9-ddb5-4fa4-a97d-d965ccfc6d4b" outcome="Passed" testListId="8c84fa94-04c1-424b-9868-57a2d4851a1d" relativeResultsDirectory="c7b94d6c-68e2-486c-964b-6c5634d79295" />
    <UnitTestResult executionId="a36dc71a-329b-4d65-b51e-9e3eaa7018d4" testId="b769faaa-d360-4cee-ab39-1db1a68bcec2" testName="FormatToStringTest1000 (9754.291367935619,9754.29 zł)" computerName="DESKTOP-5URQ9PB" duration="00:00:00.0000068" startTime="2022-06-13T21:11:52.2824235+02:00" endTime="2022-06-13T21:11:52.2824897+02:00" testType="13cdc9d9-ddb5-4fa4-a97d-d965ccfc6d4b" outcome="Passed" testListId="8c84fa94-04c1-424b-9868-57a2d4851a1d" relativeResultsDirectory="a36dc71a-329b-4d65-b51e-9e3eaa7018d4" />
    <UnitTestResult executionId="df0e8545-113b-4d10-b7e7-afda700d1bc2" testId="b420ab7c-5087-407f-9cb3-988f473649c5" testName="FormatToStringTest1000 (3341.8351759444154,3341.84 zł)" computerName="DESKTOP-5URQ9PB" duration="00:00:00.0000061" startTime="2022-06-13T21:11:52.1128974+02:00" endTime="2022-06-13T21:11:52.1129633+02:00" testType="13cdc9d9-ddb5-4fa4-a97d-d965ccfc6d4b" outcome="Passed" testListId="8c84fa94-04c1-424b-9868-57a2d4851a1d" relativeResultsDirectory="df0e8545-113b-4d10-b7e7-afda700d1bc2" />
    <UnitTestResult executionId="c72e6918-a128-4891-a567-ef774cd728c0" testId="2de85e1a-6411-4be8-93e8-7d4a0675edfc" testName="FormatToStringTest1000 (12871.381729632794,12871.38 zł)" computerName="DESKTOP-5URQ9PB" duration="00:00:00.0000059" startTime="2022-06-13T21:11:52.0333481+02:00" endTime="2022-06-13T21:11:52.0334139+02:00" testType="13cdc9d9-ddb5-4fa4-a97d-d965ccfc6d4b" outcome="Passed" testListId="8c84fa94-04c1-424b-9868-57a2d4851a1d" relativeResultsDirectory="c72e6918-a128-4891-a567-ef774cd728c0" />
    <UnitTestResult executionId="74316e61-bd8c-4a84-89c5-a23643d4a0cf" testId="9bdf75a7-5976-46fc-ba0c-c4c95897cd12" testName="FormatToStringTest1000 (675.4589376107133,675.46 zł)" computerName="DESKTOP-5URQ9PB" duration="00:00:00.0000062" startTime="2022-06-13T21:11:52.2553412+02:00" endTime="2022-06-13T21:11:52.2554067+02:00" testType="13cdc9d9-ddb5-4fa4-a97d-d965ccfc6d4b" outcome="Passed" testListId="8c84fa94-04c1-424b-9868-57a2d4851a1d" relativeResultsDirectory="74316e61-bd8c-4a84-89c5-a23643d4a0cf" />
    <UnitTestResult executionId="f68e9516-9bdb-47aa-a56b-05fac90949e9" testId="dfbf7d31-d6cb-47a3-bc91-8204e876cbe2" testName="FormatToStringTest1000 (30578.687538491416,30578.69 zł)" computerName="DESKTOP-5URQ9PB" duration="00:00:00.0000063" startTime="2022-06-13T21:11:52.0580426+02:00" endTime="2022-06-13T21:11:52.0581176+02:00" testType="13cdc9d9-ddb5-4fa4-a97d-d965ccfc6d4b" outcome="Passed" testListId="8c84fa94-04c1-424b-9868-57a2d4851a1d" relativeResultsDirectory="f68e9516-9bdb-47aa-a56b-05fac90949e9" />
    <UnitTestResult executionId="627e8d00-623f-4722-a594-1f2883cdd7f6" testId="03d4d369-baa3-43d6-b01b-aae346b91077" testName="FormatToStringTest1000 (47256.065730817645,47256.07 zł)" computerName="DESKTOP-5URQ9PB" duration="00:00:00.0000062" startTime="2022-06-13T21:11:52.0298520+02:00" endTime="2022-06-13T21:11:52.0299198+02:00" testType="13cdc9d9-ddb5-4fa4-a97d-d965ccfc6d4b" outcome="Passed" testListId="8c84fa94-04c1-424b-9868-57a2d4851a1d" relativeResultsDirectory="627e8d00-623f-4722-a594-1f2883cdd7f6" />
    <UnitTestResult executionId="eb1cf22c-b5d6-4d77-b7bc-7659cf5e23ee" testId="08fdd00b-434a-45c5-8260-0097822673e1" testName="FormatToStringTest1000 (65204.90483536055,65204.90 zł)" computerName="DESKTOP-5URQ9PB" duration="00:00:00.0000078" startTime="2022-06-13T21:11:52.2651229+02:00" endTime="2022-06-13T21:11:52.2652177+02:00" testType="13cdc9d9-ddb5-4fa4-a97d-d965ccfc6d4b" outcome="Passed" testListId="8c84fa94-04c1-424b-9868-57a2d4851a1d" relativeResultsDirectory="eb1cf22c-b5d6-4d77-b7bc-7659cf5e23ee" />
    <UnitTestResult executionId="70ba4c6e-e6f2-4b96-b9b8-a408faf9accf" testId="30aa8e4e-3eab-43b2-ae99-4b863f1f7f47" testName="FormatToStringTest1000 (27942.393876474067,27942.39 zł)" computerName="DESKTOP-5URQ9PB" duration="00:00:00.0000202" startTime="2022-06-13T21:11:52.1782514+02:00" endTime="2022-06-13T21:11:52.1783332+02:00" testType="13cdc9d9-ddb5-4fa4-a97d-d965ccfc6d4b" outcome="Passed" testListId="8c84fa94-04c1-424b-9868-57a2d4851a1d" relativeResultsDirectory="70ba4c6e-e6f2-4b96-b9b8-a408faf9accf" />
    <UnitTestResult executionId="53c80211-bfc0-40ba-8b83-019e5ffe452d" testId="62cb341a-03dc-42d3-a840-619bfa8056ba" testName="FormatToStringTest1000 (10661.19584154207,10661.20 zł)" computerName="DESKTOP-5URQ9PB" duration="00:00:00.0000061" startTime="2022-06-13T21:11:52.2048746+02:00" endTime="2022-06-13T21:11:52.2049383+02:00" testType="13cdc9d9-ddb5-4fa4-a97d-d965ccfc6d4b" outcome="Passed" testListId="8c84fa94-04c1-424b-9868-57a2d4851a1d" relativeResultsDirectory="53c80211-bfc0-40ba-8b83-019e5ffe452d" />
    <UnitTestResult executionId="eb05c6fd-87b6-4d68-8aa1-c3290be872fd" testId="178a048e-8d64-491a-a200-c767001ffb9b" testName="FormatToStringTest1000 (48449.85582609189,48449.86 zł)" computerName="DESKTOP-5URQ9PB" duration="00:00:00.0000061" startTime="2022-06-13T21:11:52.1801999+02:00" endTime="2022-06-13T21:11:52.1802658+02:00" testType="13cdc9d9-ddb5-4fa4-a97d-d965ccfc6d4b" outcome="Passed" testListId="8c84fa94-04c1-424b-9868-57a2d4851a1d" relativeResultsDirectory="eb05c6fd-87b6-4d68-8aa1-c3290be872fd" />
    <UnitTestResult executionId="af1b0ca6-142f-4c84-ad84-44f3d5017114" testId="e002e1af-0e42-4bf9-9152-2b1bd7ffedcc" testName="FormatToStringTest1000 (1108.7197928823157,1108.72 zł)" computerName="DESKTOP-5URQ9PB" duration="00:00:00.0000080" startTime="2022-06-13T21:11:51.9482946+02:00" endTime="2022-06-13T21:11:51.9483854+02:00" testType="13cdc9d9-ddb5-4fa4-a97d-d965ccfc6d4b" outcome="Passed" testListId="8c84fa94-04c1-424b-9868-57a2d4851a1d" relativeResultsDirectory="af1b0ca6-142f-4c84-ad84-44f3d5017114" />
    <UnitTestResult executionId="04412ce7-c4ef-47d7-bb83-da0a332a66b9" testId="0a71b9e4-be7f-4728-8d2f-8149a794d0e7" testName="FormatToStringTest1000 (25135.10315489727,25135.10 zł)" computerName="DESKTOP-5URQ9PB" duration="00:00:00.0000062" startTime="2022-06-13T21:11:52.2179037+02:00" endTime="2022-06-13T21:11:52.2179680+02:00" testType="13cdc9d9-ddb5-4fa4-a97d-d965ccfc6d4b" outcome="Passed" testListId="8c84fa94-04c1-424b-9868-57a2d4851a1d" relativeResultsDirectory="04412ce7-c4ef-47d7-bb83-da0a332a66b9" />
    <UnitTestResult executionId="7fcad562-e123-49f4-b811-907912464ca0" testId="767e3d77-9c61-4f98-8890-21db8b94d072" testName="FormatToStringTest1000 (30034.922435005625,30034.92 zł)" computerName="DESKTOP-5URQ9PB" duration="00:00:00.0000066" startTime="2022-06-13T21:11:52.2572902+02:00" endTime="2022-06-13T21:11:52.2573739+02:00" testType="13cdc9d9-ddb5-4fa4-a97d-d965ccfc6d4b" outcome="Passed" testListId="8c84fa94-04c1-424b-9868-57a2d4851a1d" relativeResultsDirectory="7fcad562-e123-49f4-b811-907912464ca0" />
    <UnitTestResult executionId="995a695a-c031-46da-98d4-d97e058ffb78" testId="e6a084c7-c070-41f1-900b-78ef1bdaea49" testName="FormatToStringTest1000 (8492.904747505161,8492.90 zł)" computerName="DESKTOP-5URQ9PB" duration="00:00:00.0000062" startTime="2022-06-13T21:11:52.2162059+02:00" endTime="2022-06-13T21:11:52.2162699+02:00" testType="13cdc9d9-ddb5-4fa4-a97d-d965ccfc6d4b" outcome="Passed" testListId="8c84fa94-04c1-424b-9868-57a2d4851a1d" relativeResultsDirectory="995a695a-c031-46da-98d4-d97e058ffb78" />
    <UnitTestResult executionId="0f77a14d-c429-4cdd-94e6-3a9025c49614" testId="804e8ff1-1102-4361-8046-51f45b30c50d" testName="FormatToStringTest1000 (51632.87002968503,51632.87 zł)" computerName="DESKTOP-5URQ9PB" duration="00:00:00.0000063" startTime="2022-06-13T21:11:52.0431100+02:00" endTime="2022-06-13T21:11:52.0431791+02:00" testType="13cdc9d9-ddb5-4fa4-a97d-d965ccfc6d4b" outcome="Passed" testListId="8c84fa94-04c1-424b-9868-57a2d4851a1d" relativeResultsDirectory="0f77a14d-c429-4cdd-94e6-3a9025c49614" />
    <UnitTestResult executionId="2ef5bb73-d15a-4d1f-a554-4e48b2f3ab48" testId="6a901a3a-316c-430e-aefc-4b345615536f" testName="FormatToStringTest1000 (2897.9775426620513,2897.98 zł)" computerName="DESKTOP-5URQ9PB" duration="00:00:00.0000061" startTime="2022-06-13T21:11:52.2157207+02:00" endTime="2022-06-13T21:11:52.2157851+02:00" testType="13cdc9d9-ddb5-4fa4-a97d-d965ccfc6d4b" outcome="Passed" testListId="8c84fa94-04c1-424b-9868-57a2d4851a1d" relativeResultsDirectory="2ef5bb73-d15a-4d1f-a554-4e48b2f3ab48" />
    <UnitTestResult executionId="6d3cb056-1fee-4f41-b4bb-72d24c424305" testId="9d01a9f0-9dfb-4925-af40-924d8b2ce95e" testName="FormatToStringTest1000 (22678.643495744862,22678.64 zł)" computerName="DESKTOP-5URQ9PB" duration="00:00:00.0000062" startTime="2022-06-13T21:11:52.2067057+02:00" endTime="2022-06-13T21:11:52.2067858+02:00" testType="13cdc9d9-ddb5-4fa4-a97d-d965ccfc6d4b" outcome="Passed" testListId="8c84fa94-04c1-424b-9868-57a2d4851a1d" relativeResultsDirectory="6d3cb056-1fee-4f41-b4bb-72d24c424305" />
    <UnitTestResult executionId="7c3867fd-8569-4d45-a2df-d1f3f21146d4" testId="258985ae-30dc-4ed5-9169-3cb8548a0a16" testName="FormatToStringTest1000 (6035.818653228608,6035.82 zł)" computerName="DESKTOP-5URQ9PB" duration="00:00:00.0000061" startTime="2022-06-13T21:11:52.0726058+02:00" endTime="2022-06-13T21:11:52.0726733+02:00" testType="13cdc9d9-ddb5-4fa4-a97d-d965ccfc6d4b" outcome="Passed" testListId="8c84fa94-04c1-424b-9868-57a2d4851a1d" relativeResultsDirectory="7c3867fd-8569-4d45-a2df-d1f3f21146d4" />
    <UnitTestResult executionId="5228d06c-eab4-49f6-bb52-9e636a8505f9" testId="6d92faad-1632-4d0c-adf6-4f0cfe2ed07a" testName="FormatToStringTest1000 (1739.5853778997368,1739.59 zł)" computerName="DESKTOP-5URQ9PB" duration="00:00:00.0000061" startTime="2022-06-13T21:11:52.0020168+02:00" endTime="2022-06-13T21:11:52.0020859+02:00" testType="13cdc9d9-ddb5-4fa4-a97d-d965ccfc6d4b" outcome="Passed" testListId="8c84fa94-04c1-424b-9868-57a2d4851a1d" relativeResultsDirectory="5228d06c-eab4-49f6-bb52-9e636a8505f9" />
    <UnitTestResult executionId="1f3fcc9b-a288-4207-a311-00c8d50e4f60" testId="c15c23d9-e81c-446c-a725-6633c482b2fa" testName="FormatToStringTest1000 (30626.373939456127,30626.37 zł)" computerName="DESKTOP-5URQ9PB" duration="00:00:00.0000063" startTime="2022-06-13T21:11:51.9808995+02:00" endTime="2022-06-13T21:11:51.9809764+02:00" testType="13cdc9d9-ddb5-4fa4-a97d-d965ccfc6d4b" outcome="Passed" testListId="8c84fa94-04c1-424b-9868-57a2d4851a1d" relativeResultsDirectory="1f3fcc9b-a288-4207-a311-00c8d50e4f60" />
    <UnitTestResult executionId="77a11e56-30eb-4a74-a50b-762ac95f03c0" testId="5ddfa38e-c947-43a3-8f5e-e53c144e7ceb" testName="FormatToStringTest1000 (11494.27761332238,11494.28 zł)" computerName="DESKTOP-5URQ9PB" duration="00:00:00.0000065" startTime="2022-06-13T21:11:52.0465380+02:00" endTime="2022-06-13T21:11:52.0466159+02:00" testType="13cdc9d9-ddb5-4fa4-a97d-d965ccfc6d4b" outcome="Passed" testListId="8c84fa94-04c1-424b-9868-57a2d4851a1d" relativeResultsDirectory="77a11e56-30eb-4a74-a50b-762ac95f03c0" />
    <UnitTestResult executionId="21b4d8d5-a534-408a-a82f-fcb5f49076ff" testId="cc034693-03f1-4953-9bff-126edad212ff" testName="FormatToStringTest1000 (3431.864349926759,3431.86 zł)" computerName="DESKTOP-5URQ9PB" duration="00:00:00.0000066" startTime="2022-06-13T21:11:52.2194212+02:00" endTime="2022-06-13T21:11:52.2194982+02:00" testType="13cdc9d9-ddb5-4fa4-a97d-d965ccfc6d4b" outcome="Passed" testListId="8c84fa94-04c1-424b-9868-57a2d4851a1d" relativeResultsDirectory="21b4d8d5-a534-408a-a82f-fcb5f49076ff" />
    <UnitTestResult executionId="648a7e95-4727-437b-a7b8-c9ae6de5cae6" testId="1948ecfe-d416-4352-a59a-9cd76a62ff7e" testName="FormatToStringTest1000 (25794.833624416417,25794.83 zł)" computerName="DESKTOP-5URQ9PB" duration="00:00:00.0000063" startTime="2022-06-13T21:11:52.2097981+02:00" endTime="2022-06-13T21:11:52.2098643+02:00" testType="13cdc9d9-ddb5-4fa4-a97d-d965ccfc6d4b" outcome="Passed" testListId="8c84fa94-04c1-424b-9868-57a2d4851a1d" relativeResultsDirectory="648a7e95-4727-437b-a7b8-c9ae6de5cae6" />
    <UnitTestResult executionId="642e36e1-cf9a-4aa6-9828-7f64dcc8cdea" testId="e837ff2e-1462-4ef0-a108-27ca596856a7" testName="FormatToStringTest1000 (44930.92203801075,44930.92 zł)" computerName="DESKTOP-5URQ9PB" duration="00:00:00.0000061" startTime="2022-06-13T21:11:52.2807791+02:00" endTime="2022-06-13T21:11:52.2808438+02:00" testType="13cdc9d9-ddb5-4fa4-a97d-d965ccfc6d4b" outcome="Passed" testListId="8c84fa94-04c1-424b-9868-57a2d4851a1d" relativeResultsDirectory="642e36e1-cf9a-4aa6-9828-7f64dcc8cdea" />
    <UnitTestResult executionId="59fee5e6-3c12-4bb7-adc5-f8f784916e80" testId="c781c227-448d-4ab9-b38b-0ac8c420acca" testName="FormatToStringTest1000 (66019.32414194118,66019.32 zł)" computerName="DESKTOP-5URQ9PB" duration="00:00:00.0000142" startTime="2022-06-13T21:11:51.9442959+02:00" endTime="2022-06-13T21:11:51.9445186+02:00" testType="13cdc9d9-ddb5-4fa4-a97d-d965ccfc6d4b" outcome="Passed" testListId="8c84fa94-04c1-424b-9868-57a2d4851a1d" relativeResultsDirectory="59fee5e6-3c12-4bb7-adc5-f8f784916e80" />
    <UnitTestResult executionId="9cee92d2-9cc7-4689-b074-39bc3248829c" testId="a760a534-4c92-45a4-a35e-3746d330e9fc" testName="FormatToStringTest1000 (10641.263377953444,10641.26 zł)" computerName="DESKTOP-5URQ9PB" duration="00:00:00.0000060" startTime="2022-06-13T21:11:52.0630408+02:00" endTime="2022-06-13T21:11:52.0631094+02:00" testType="13cdc9d9-ddb5-4fa4-a97d-d965ccfc6d4b" outcome="Passed" testListId="8c84fa94-04c1-424b-9868-57a2d4851a1d" relativeResultsDirectory="9cee92d2-9cc7-4689-b074-39bc3248829c" />
    <UnitTestResult executionId="2567fd3f-4db4-46f5-a69b-c4775547e571" testId="64b9dc58-b8a2-42aa-9fea-ebb58219fd72" testName="FormatToStringTest1000 (20146.183073329827,20146.18 zł)" computerName="DESKTOP-5URQ9PB" duration="00:00:00.0000061" startTime="2022-06-13T21:11:52.0192045+02:00" endTime="2022-06-13T21:11:52.0192705+02:00" testType="13cdc9d9-ddb5-4fa4-a97d-d965ccfc6d4b" outcome="Passed" testListId="8c84fa94-04c1-424b-9868-57a2d4851a1d" relativeResultsDirectory="2567fd3f-4db4-46f5-a69b-c4775547e571" />
    <UnitTestResult executionId="4727059c-f422-4133-b023-d344ce544928" testId="0424536e-8fc8-43c5-9fbc-718adf144b3c" testName="FormatToStringTest1000 (2444.4726240530017,2444.47 zł)" computerName="DESKTOP-5URQ9PB" duration="00:00:00.0000062" startTime="2022-06-13T21:11:52.2595481+02:00" endTime="2022-06-13T21:11:52.2596119+02:00" testType="13cdc9d9-ddb5-4fa4-a97d-d965ccfc6d4b" outcome="Passed" testListId="8c84fa94-04c1-424b-9868-57a2d4851a1d" relativeResultsDirectory="4727059c-f422-4133-b023-d344ce544928" />
    <UnitTestResult executionId="ff7fa51e-a676-4484-a642-3acd59caa9fd" testId="7c7fffa1-5f90-490e-81a2-591c57734287" testName="FormatToStringTest1000 (10495.622655484185,10495.62 zł)" computerName="DESKTOP-5URQ9PB" duration="00:00:00.0000061" startTime="2022-06-13T21:11:52.1940582+02:00" endTime="2022-06-13T21:11:52.1941230+02:00" testType="13cdc9d9-ddb5-4fa4-a97d-d965ccfc6d4b" outcome="Passed" testListId="8c84fa94-04c1-424b-9868-57a2d4851a1d" relativeResultsDirectory="ff7fa51e-a676-4484-a642-3acd59caa9fd" />
    <UnitTestResult executionId="2f940ad4-a2dd-459d-ab1b-db9c45ede271" testId="1de2bfa9-6248-460a-81c0-b73ac8427e18" testName="FormatToStringTest1000 (44869.327020554025,44869.33 zł)" computerName="DESKTOP-5URQ9PB" duration="00:00:00.0000060" startTime="2022-06-13T21:11:51.9912524+02:00" endTime="2022-06-13T21:11:51.9913284+02:00" testType="13cdc9d9-ddb5-4fa4-a97d-d965ccfc6d4b" outcome="Passed" testListId="8c84fa94-04c1-424b-9868-57a2d4851a1d" relativeResultsDirectory="2f940ad4-a2dd-459d-ab1b-db9c45ede271" />
    <UnitTestResult executionId="c3f6662b-131c-4aa5-ac1c-9288fe1be2f5" testId="bff5798e-6126-46c3-8bfd-2e96bf7d8af3" testName="FormatToStringTest1000 (64124.274503948756,64124.27 zł)" computerName="DESKTOP-5URQ9PB" duration="00:00:00.0000061" startTime="2022-06-13T21:11:52.0759031+02:00" endTime="2022-06-13T21:11:52.0759704+02:00" testType="13cdc9d9-ddb5-4fa4-a97d-d965ccfc6d4b" outcome="Passed" testListId="8c84fa94-04c1-424b-9868-57a2d4851a1d" relativeResultsDirectory="c3f6662b-131c-4aa5-ac1c-9288fe1be2f5" />
    <UnitTestResult executionId="cd2cc93d-c2fe-423e-af8f-8a9d206f9377" testId="1f6683de-7b62-4b46-94d1-0472307ecce4" testName="FormatToStringTest1000 (1181.5773122979222,1181.58 zł)" computerName="DESKTOP-5URQ9PB" duration="00:00:00.0000061" startTime="2022-06-13T21:11:52.1161750+02:00" endTime="2022-06-13T21:11:52.1162427+02:00" testType="13cdc9d9-ddb5-4fa4-a97d-d965ccfc6d4b" outcome="Passed" testListId="8c84fa94-04c1-424b-9868-57a2d4851a1d" relativeResultsDirectory="cd2cc93d-c2fe-423e-af8f-8a9d206f9377" />
    <UnitTestResult executionId="3a15abf3-32f9-46e7-94a6-0d9f10dfe626" testId="64e4afca-209c-4726-bc57-db901d551df8" testName="FormatToStringTest1000 (12528.413830086782,12528.41 zł)" computerName="DESKTOP-5URQ9PB" duration="00:00:00.0000078" startTime="2022-06-13T21:11:52.1287012+02:00" endTime="2022-06-13T21:11:52.1287766+02:00" testType="13cdc9d9-ddb5-4fa4-a97d-d965ccfc6d4b" outcome="Passed" testListId="8c84fa94-04c1-424b-9868-57a2d4851a1d" relativeResultsDirectory="3a15abf3-32f9-46e7-94a6-0d9f10dfe626" />
    <UnitTestResult executionId="9155cbe0-9476-4023-aad8-2ddb9c112698" testId="8f4b3551-c10e-410d-b244-baf2433818ab" testName="FormatToStringTest1000 (20321.03715103913,20321.04 zł)" computerName="DESKTOP-5URQ9PB" duration="00:00:00.0000072" startTime="2022-06-13T21:11:52.0857294+02:00" endTime="2022-06-13T21:11:52.0857979+02:00" testType="13cdc9d9-ddb5-4fa4-a97d-d965ccfc6d4b" outcome="Passed" testListId="8c84fa94-04c1-424b-9868-57a2d4851a1d" relativeResultsDirectory="9155cbe0-9476-4023-aad8-2ddb9c112698" />
    <UnitTestResult executionId="3249b2c2-65f1-44e1-963a-3609ea27e6a8" testId="bf517d33-70b1-43dc-aa64-f120d994ed01" testName="FormatToStringTest1000 (32213.734885384205,32213.73 zł)" computerName="DESKTOP-5URQ9PB" duration="00:00:00.0000063" startTime="2022-06-13T21:11:52.2097127+02:00" endTime="2022-06-13T21:11:52.2097807+02:00" testType="13cdc9d9-ddb5-4fa4-a97d-d965ccfc6d4b" outcome="Passed" testListId="8c84fa94-04c1-424b-9868-57a2d4851a1d" relativeResultsDirectory="3249b2c2-65f1-44e1-963a-3609ea27e6a8" />
    <UnitTestResult executionId="d43d7b99-4389-4339-9152-d93ac63aa18a" testId="8d265ade-126f-4643-be7f-f199f18afb1c" testName="FormatToStringTest1000 (13503.943645929892,13503.94 zł)" computerName="DESKTOP-5URQ9PB" duration="00:00:00.0000095" startTime="2022-06-13T21:11:51.9805185+02:00" endTime="2022-06-13T21:11:51.9805997+02:00" testType="13cdc9d9-ddb5-4fa4-a97d-d965ccfc6d4b" outcome="Passed" testListId="8c84fa94-04c1-424b-9868-57a2d4851a1d" relativeResultsDirectory="d43d7b99-4389-4339-9152-d93ac63aa18a" />
    <UnitTestResult executionId="9781d408-5287-42ac-be2e-936e0b7bb330" testId="a0549119-8fcc-4a6e-97cf-dd339c430a93" testName="FormatToStringTest1000 (16986.338876065027,16986.34 zł)" computerName="DESKTOP-5URQ9PB" duration="00:00:00.0000061" startTime="2022-06-13T21:11:51.9514390+02:00" endTime="2022-06-13T21:11:51.9515057+02:00" testType="13cdc9d9-ddb5-4fa4-a97d-d965ccfc6d4b" outcome="Passed" testListId="8c84fa94-04c1-424b-9868-57a2d4851a1d" relativeResultsDirectory="9781d408-5287-42ac-be2e-936e0b7bb330" />
    <UnitTestResult executionId="3b3a1e91-fc54-434a-9fa8-135fdf7410e9" testId="97f1abf9-1e0f-435e-aab8-b3828e2e7cf4" testName="FormatToStringTest1000 (57671.67669738675,57671.68 zł)" computerName="DESKTOP-5URQ9PB" duration="00:00:00.0000062" startTime="2022-06-13T21:11:52.2592141+02:00" endTime="2022-06-13T21:11:52.2592799+02:00" testType="13cdc9d9-ddb5-4fa4-a97d-d965ccfc6d4b" outcome="Passed" testListId="8c84fa94-04c1-424b-9868-57a2d4851a1d" relativeResultsDirectory="3b3a1e91-fc54-434a-9fa8-135fdf7410e9" />
    <UnitTestResult executionId="bf8b1df4-7ee8-404a-b54c-09e5129ca651" testId="847d2165-33e1-471d-bf2f-6c737632409f" testName="FormatToStringTest1000 (6752.510462437062,6752.51 zł)" computerName="DESKTOP-5URQ9PB" duration="00:00:00.0000060" startTime="2022-06-13T21:11:51.9878935+02:00" endTime="2022-06-13T21:11:51.9879600+02:00" testType="13cdc9d9-ddb5-4fa4-a97d-d965ccfc6d4b" outcome="Passed" testListId="8c84fa94-04c1-424b-9868-57a2d4851a1d" relativeResultsDirectory="bf8b1df4-7ee8-404a-b54c-09e5129ca651" />
    <UnitTestResult executionId="15989f05-a160-4ab5-b730-fc450ae3ab7f" testId="96da2af9-b231-412f-b785-31027c88bf46" testName="FormatToStringTest1000 (9897.705953436767,9897.71 zł)" computerName="DESKTOP-5URQ9PB" duration="00:00:00.0000070" startTime="2022-06-13T21:11:52.1633706+02:00" endTime="2022-06-13T21:11:52.1634631+02:00" testType="13cdc9d9-ddb5-4fa4-a97d-d965ccfc6d4b" outcome="Passed" testListId="8c84fa94-04c1-424b-9868-57a2d4851a1d" relativeResultsDirectory="15989f05-a160-4ab5-b730-fc450ae3ab7f" />
    <UnitTestResult executionId="c66573fa-7368-43d5-a361-2a6129a53d94" testId="597c963d-06f4-4b83-a044-8502e924a2cb" testName="FormatToStringTest1000 (14035.12972514477,14035.13 zł)" computerName="DESKTOP-5URQ9PB" duration="00:00:00.0000090" startTime="2022-06-13T21:11:52.0080463+02:00" endTime="2022-06-13T21:11:52.0081482+02:00" testType="13cdc9d9-ddb5-4fa4-a97d-d965ccfc6d4b" outcome="Passed" testListId="8c84fa94-04c1-424b-9868-57a2d4851a1d" relativeResultsDirectory="c66573fa-7368-43d5-a361-2a6129a53d94" />
    <UnitTestResult executionId="4893f894-60df-418b-84a6-e252ff274769" testId="7b0c27a4-6f65-4324-82c4-c83634e96db3" testName="FormatToStringTest1000 (22459.530444447664,22459.53 zł)" computerName="DESKTOP-5URQ9PB" duration="00:00:00.0000113" startTime="2022-06-13T21:11:52.1279827+02:00" endTime="2022-06-13T21:11:52.1281247+02:00" testType="13cdc9d9-ddb5-4fa4-a97d-d965ccfc6d4b" outcome="Passed" testListId="8c84fa94-04c1-424b-9868-57a2d4851a1d" relativeResultsDirectory="4893f894-60df-418b-84a6-e252ff274769" />
    <UnitTestResult executionId="5dfa073d-5ce8-48cc-866e-18764245e7f5" testId="ac027f1c-1e5c-4c51-a49e-3fb82afe137e" testName="FormatToStringTest1000 (5870.791169434223,5870.79 zł)" computerName="DESKTOP-5URQ9PB" duration="00:00:00.0000060" startTime="2022-06-13T21:11:52.0970654+02:00" endTime="2022-06-13T21:11:52.0971313+02:00" testType="13cdc9d9-ddb5-4fa4-a97d-d965ccfc6d4b" outcome="Passed" testListId="8c84fa94-04c1-424b-9868-57a2d4851a1d" relativeResultsDirectory="5dfa073d-5ce8-48cc-866e-18764245e7f5" />
    <UnitTestResult executionId="c73c8a50-859b-483f-8692-8e19861d7cfe" testId="a6ea9b17-7db4-4657-9861-067cd9ac3568" testName="FormatToStringTest1000 (1187.8237780126854,1187.82 zł)" computerName="DESKTOP-5URQ9PB" duration="00:00:00.0000070" startTime="2022-06-13T21:11:52.2308474+02:00" endTime="2022-06-13T21:11:52.2309276+02:00" testType="13cdc9d9-ddb5-4fa4-a97d-d965ccfc6d4b" outcome="Passed" testListId="8c84fa94-04c1-424b-9868-57a2d4851a1d" relativeResultsDirectory="c73c8a50-859b-483f-8692-8e19861d7cfe" />
    <UnitTestResult executionId="edecf5cf-d02e-4e6d-9510-00eb8191750f" testId="15280fea-132d-44cd-a02f-44ca25db1a61" testName="FormatToStringTest1000 (10461.455048841171,10461.46 zł)" computerName="DESKTOP-5URQ9PB" duration="00:00:00.0000068" startTime="2022-06-13T21:11:52.0856308+02:00" endTime="2022-06-13T21:11:52.0857107+02:00" testType="13cdc9d9-ddb5-4fa4-a97d-d965ccfc6d4b" outcome="Passed" testListId="8c84fa94-04c1-424b-9868-57a2d4851a1d" relativeResultsDirectory="edecf5cf-d02e-4e6d-9510-00eb8191750f" />
    <UnitTestResult executionId="c79cfd22-7ad9-4708-ac6d-9454f193a33b" testId="6a8baa7d-79b6-447b-a88b-32a98df94cd7" testName="FormatToStringTest1000 (16957.4523676757,16957.45 zł)" computerName="DESKTOP-5URQ9PB" duration="00:00:00.0000066" startTime="2022-06-13T21:11:52.1585797+02:00" endTime="2022-06-13T21:11:52.1586466+02:00" testType="13cdc9d9-ddb5-4fa4-a97d-d965ccfc6d4b" outcome="Passed" testListId="8c84fa94-04c1-424b-9868-57a2d4851a1d" relativeResultsDirectory="c79cfd22-7ad9-4708-ac6d-9454f193a33b" />
    <UnitTestResult executionId="5b1201bb-6011-4599-9a33-9ab7a6b1a10c" testId="2de086bf-a525-419e-a9f1-71f6b45c945d" testName="FormatToStringTest1000 (3043.6828298227315,3043.68 zł)" computerName="DESKTOP-5URQ9PB" duration="00:00:00.0000072" startTime="2022-06-13T21:11:52.2823235+02:00" endTime="2022-06-13T21:11:52.2824042+02:00" testType="13cdc9d9-ddb5-4fa4-a97d-d965ccfc6d4b" outcome="Passed" testListId="8c84fa94-04c1-424b-9868-57a2d4851a1d" relativeResultsDirectory="5b1201bb-6011-4599-9a33-9ab7a6b1a10c" />
    <UnitTestResult executionId="77309d92-cc8d-40b1-882d-ece1ed262d4c" testId="0af24d35-8863-4b18-a7ed-aea7646485a4" testName="FormatToStringTest1000 (803.2448148733214,803.24 zł)" computerName="DESKTOP-5URQ9PB" duration="00:00:00.0000061" startTime="2022-06-13T21:11:52.2613650+02:00" endTime="2022-06-13T21:11:52.2614290+02:00" testType="13cdc9d9-ddb5-4fa4-a97d-d965ccfc6d4b" outcome="Passed" testListId="8c84fa94-04c1-424b-9868-57a2d4851a1d" relativeResultsDirectory="77309d92-cc8d-40b1-882d-ece1ed262d4c" />
    <UnitTestResult executionId="246277b5-2cb7-45d4-b824-69a691746a10" testId="0ce04794-233b-48e5-9817-2c8ff055e02b" testName="FormatToStringTest1000 (11944.74385168531,11944.74 zł)" computerName="DESKTOP-5URQ9PB" duration="00:00:00.0000062" startTime="2022-06-13T21:11:52.2725656+02:00" endTime="2022-06-13T21:11:52.2726316+02:00" testType="13cdc9d9-ddb5-4fa4-a97d-d965ccfc6d4b" outcome="Passed" testListId="8c84fa94-04c1-424b-9868-57a2d4851a1d" relativeResultsDirectory="246277b5-2cb7-45d4-b824-69a691746a10" />
    <UnitTestResult executionId="dee5e5b5-8c3c-449f-94c9-230cb9945243" testId="56af5e56-757a-488a-8e57-938fcc6647e0" testName="FormatToStringTest1000 (28583.827618148098,28583.83 zł)" computerName="DESKTOP-5URQ9PB" duration="00:00:00.0000087" startTime="2022-06-13T21:11:51.9952371+02:00" endTime="2022-06-13T21:11:51.9953502+02:00" testType="13cdc9d9-ddb5-4fa4-a97d-d965ccfc6d4b" outcome="Passed" testListId="8c84fa94-04c1-424b-9868-57a2d4851a1d" relativeResultsDirectory="dee5e5b5-8c3c-449f-94c9-230cb9945243" />
    <UnitTestResult executionId="6dad43b3-4a59-4879-b254-0eaccd80b76c" testId="75b40440-09df-4ab8-bf4c-27db02139ae3" testName="FormatToStringTest1000 (41368.29672956015,41368.30 zł)" computerName="DESKTOP-5URQ9PB" duration="00:00:00.0000061" startTime="2022-06-13T21:11:52.0330906+02:00" endTime="2022-06-13T21:11:52.0331567+02:00" testType="13cdc9d9-ddb5-4fa4-a97d-d965ccfc6d4b" outcome="Passed" testListId="8c84fa94-04c1-424b-9868-57a2d4851a1d" relativeResultsDirectory="6dad43b3-4a59-4879-b254-0eaccd80b76c" />
    <UnitTestResult executionId="142cdbf8-557a-40d6-86e8-5c85ed778e7f" testId="11ed1b89-8c2e-4966-ba34-187758f628d9" testName="FormatToStringTest1000 (39641.61351217451,39641.61 zł)" computerName="DESKTOP-5URQ9PB" duration="00:00:00.0000361" startTime="2022-06-13T21:11:52.1436045+02:00" endTime="2022-06-13T21:11:52.1440458+02:00" testType="13cdc9d9-ddb5-4fa4-a97d-d965ccfc6d4b" outcome="Passed" testListId="8c84fa94-04c1-424b-9868-57a2d4851a1d" relativeResultsDirectory="142cdbf8-557a-40d6-86e8-5c85ed778e7f" />
    <UnitTestResult executionId="fdbbea38-3a09-4488-ad40-dfb10fcb9b04" testId="4435e217-e5ec-42d0-b845-1d5e04ee687b" testName="FormatToStringTest1000 (69864.17463991146,69864.17 zł)" computerName="DESKTOP-5URQ9PB" duration="00:00:00.0000064" startTime="2022-06-13T21:11:51.9735440+02:00" endTime="2022-06-13T21:11:51.9736195+02:00" testType="13cdc9d9-ddb5-4fa4-a97d-d965ccfc6d4b" outcome="Passed" testListId="8c84fa94-04c1-424b-9868-57a2d4851a1d" relativeResultsDirectory="fdbbea38-3a09-4488-ad40-dfb10fcb9b04" />
    <UnitTestResult executionId="f1d0dce6-7c80-4c6d-8a2d-7c478cfcc61b" testId="d1e83bc9-f3f2-4833-a9d2-1417452895a2" testName="FormatToStringTest1000 (75987.03378503352,75987.03 zł)" computerName="DESKTOP-5URQ9PB" duration="00:00:00.0000070" startTime="2022-06-13T21:11:52.2178222+02:00" endTime="2022-06-13T21:11:52.2178868+02:00" testType="13cdc9d9-ddb5-4fa4-a97d-d965ccfc6d4b" outcome="Passed" testListId="8c84fa94-04c1-424b-9868-57a2d4851a1d" relativeResultsDirectory="f1d0dce6-7c80-4c6d-8a2d-7c478cfcc61b" />
    <UnitTestResult executionId="dd4b7192-3b22-4a7d-9376-8e7ddd2645af" testId="83a34179-c45c-4b53-92fc-6cbaf895e7aa" testName="FormatToStringTest1000 (27751.474436297303,27751.47 zł)" computerName="DESKTOP-5URQ9PB" duration="00:00:00.0000066" startTime="2022-06-13T21:11:52.2138584+02:00" endTime="2022-06-13T21:11:52.2139233+02:00" testType="13cdc9d9-ddb5-4fa4-a97d-d965ccfc6d4b" outcome="Passed" testListId="8c84fa94-04c1-424b-9868-57a2d4851a1d" relativeResultsDirectory="dd4b7192-3b22-4a7d-9376-8e7ddd2645af" />
    <UnitTestResult executionId="05b44455-d469-4f75-b5bc-ecb2490d5409" testId="c8a1019a-69ce-4b83-8186-6e6a604c29f7" testName="FormatToStringTest1000 (3274.481392617096,3274.48 zł)" computerName="DESKTOP-5URQ9PB" duration="00:00:00.0000076" startTime="2022-06-13T21:11:52.1895682+02:00" endTime="2022-06-13T21:11:52.1896487+02:00" testType="13cdc9d9-ddb5-4fa4-a97d-d965ccfc6d4b" outcome="Passed" testListId="8c84fa94-04c1-424b-9868-57a2d4851a1d" relativeResultsDirectory="05b44455-d469-4f75-b5bc-ecb2490d5409" />
    <UnitTestResult executionId="6cb56177-2190-42e0-bc6c-093d5dfc04cf" testId="e3e09a14-7f90-4a25-8746-2e826dcd1ada" testName="FormatToStringTest1000 (34136.0993783046,34136.10 zł)" computerName="DESKTOP-5URQ9PB" duration="00:00:00.0000062" startTime="2022-06-13T21:11:52.0299381+02:00" endTime="2022-06-13T21:11:52.0300031+02:00" testType="13cdc9d9-ddb5-4fa4-a97d-d965ccfc6d4b" outcome="Passed" testListId="8c84fa94-04c1-424b-9868-57a2d4851a1d" relativeResultsDirectory="6cb56177-2190-42e0-bc6c-093d5dfc04cf" />
    <UnitTestResult executionId="5a7180fb-5413-4d11-b570-37f8ba0489c6" testId="d1043990-0df5-4bbd-a31a-02f31be63ca9" testName="FormatToStringTest1000 (35384.637112688106,35384.64 zł)" computerName="DESKTOP-5URQ9PB" duration="00:00:00.0000061" startTime="2022-06-13T21:11:52.2181439+02:00" endTime="2022-06-13T21:11:52.2182083+02:00" testType="13cdc9d9-ddb5-4fa4-a97d-d965ccfc6d4b" outcome="Passed" testListId="8c84fa94-04c1-424b-9868-57a2d4851a1d" relativeResultsDirectory="5a7180fb-5413-4d11-b570-37f8ba0489c6" />
    <UnitTestResult executionId="567d1b76-7665-4943-a444-5aa563bd6170" testId="5c3393fd-5b50-4a89-ade7-615df5bdf25f" testName="FormatToStringTest1000 (626.135364110179,626.14 zł)" computerName="DESKTOP-5URQ9PB" duration="00:00:00.0000067" startTime="2022-06-13T21:11:52.0224486+02:00" endTime="2022-06-13T21:11:52.0225252+02:00" testType="13cdc9d9-ddb5-4fa4-a97d-d965ccfc6d4b" outcome="Passed" testListId="8c84fa94-04c1-424b-9868-57a2d4851a1d" relativeResultsDirectory="567d1b76-7665-4943-a444-5aa563bd6170" />
    <UnitTestResult executionId="f3066c27-de3a-472e-af0c-9601ad949db3" testId="c05125b8-785b-44bb-8505-7be1a9bfe048" testName="FormatToStringTest1000 (41876.979471482795,41876.98 zł)" computerName="DESKTOP-5URQ9PB" duration="00:00:00.0000064" startTime="2022-06-13T21:11:51.9768024+02:00" endTime="2022-06-13T21:11:51.9768814+02:00" testType="13cdc9d9-ddb5-4fa4-a97d-d965ccfc6d4b" outcome="Passed" testListId="8c84fa94-04c1-424b-9868-57a2d4851a1d" relativeResultsDirectory="f3066c27-de3a-472e-af0c-9601ad949db3" />
    <UnitTestResult executionId="315fa50a-c6e4-4156-a04e-7783540ead39" testId="89d56028-4a15-41cd-bf0c-56ece9e3ee33" testName="FormatToStringTest1000 (26945.125386551546,26945.13 zł)" computerName="DESKTOP-5URQ9PB" duration="00:00:00.0000072" startTime="2022-06-13T21:11:51.9914322+02:00" endTime="2022-06-13T21:11:51.9914996+02:00" testType="13cdc9d9-ddb5-4fa4-a97d-d965ccfc6d4b" outcome="Passed" testListId="8c84fa94-04c1-424b-9868-57a2d4851a1d" relativeResultsDirectory="315fa50a-c6e4-4156-a04e-7783540ead39" />
    <UnitTestResult executionId="052df89f-37f7-49e1-bb30-46c3f7af23d1" testId="4af406c7-edae-4337-bc98-42da0caa98df" testName="FormatToStringTest1000 (6550.421588937948,6550.42 zł)" computerName="DESKTOP-5URQ9PB" duration="00:00:00.0000063" startTime="2022-06-13T21:11:52.2355471+02:00" endTime="2022-06-13T21:11:52.2356141+02:00" testType="13cdc9d9-ddb5-4fa4-a97d-d965ccfc6d4b" outcome="Passed" testListId="8c84fa94-04c1-424b-9868-57a2d4851a1d" relativeResultsDirectory="052df89f-37f7-49e1-bb30-46c3f7af23d1" />
    <UnitTestResult executionId="a915b2fc-bede-49ce-909d-502c7ac69b6f" testId="e820191b-1d8f-418e-ac3c-75b10e38df96" testName="FormatToStringTest1000 (6654.099431086378,6654.10 zł)" computerName="DESKTOP-5URQ9PB" duration="00:00:00.0000062" startTime="2022-06-13T21:11:52.0795072+02:00" endTime="2022-06-13T21:11:52.0795737+02:00" testType="13cdc9d9-ddb5-4fa4-a97d-d965ccfc6d4b" outcome="Passed" testListId="8c84fa94-04c1-424b-9868-57a2d4851a1d" relativeResultsDirectory="a915b2fc-bede-49ce-909d-502c7ac69b6f" />
    <UnitTestResult executionId="f6c45528-4f80-4f14-8345-78959d5c0b43" testId="a4a551ee-42cd-4b65-b33c-6047a43c2f81" testName="FormatToStringTest1000 (37160.85331540269,37160.85 zł)" computerName="DESKTOP-5URQ9PB" duration="00:00:00.0000062" startTime="2022-06-13T21:11:52.0019301+02:00" endTime="2022-06-13T21:11:52.0019981+02:00" testType="13cdc9d9-ddb5-4fa4-a97d-d965ccfc6d4b" outcome="Passed" testListId="8c84fa94-04c1-424b-9868-57a2d4851a1d" relativeResultsDirectory="f6c45528-4f80-4f14-8345-78959d5c0b43" />
    <UnitTestResult executionId="00c7f399-7975-4450-b856-edcab5a4f5a8" testId="1195e6bb-f261-4da0-9750-627c553ec343" testName="FormatToStringTest1000 (395.45790295882983,395.46 zł)" computerName="DESKTOP-5URQ9PB" duration="00:00:00.0000062" startTime="2022-06-13T21:11:52.1000692+02:00" endTime="2022-06-13T21:11:52.1001363+02:00" testType="13cdc9d9-ddb5-4fa4-a97d-d965ccfc6d4b" outcome="Passed" testListId="8c84fa94-04c1-424b-9868-57a2d4851a1d" relativeResultsDirectory="00c7f399-7975-4450-b856-edcab5a4f5a8" />
    <UnitTestResult executionId="45e71339-3d4f-4e29-adaa-e180a22f154e" testId="f767abbd-7ca2-4257-b76b-614753cd190d" testName="FormatToStringTest1000 (68479.93492677805,68479.93 zł)" computerName="DESKTOP-5URQ9PB" duration="00:00:00.0000061" startTime="2022-06-13T21:11:52.2614456+02:00" endTime="2022-06-13T21:11:52.2615096+02:00" testType="13cdc9d9-ddb5-4fa4-a97d-d965ccfc6d4b" outcome="Passed" testListId="8c84fa94-04c1-424b-9868-57a2d4851a1d" relativeResultsDirectory="45e71339-3d4f-4e29-adaa-e180a22f154e" />
    <UnitTestResult executionId="b14f0f46-ba30-4330-b491-91cd69510564" testId="b224b71c-d021-4e5e-bdfb-f328a8f85e12" testName="FormatToStringTest1000 (49037.8109120586,49037.81 zł)" computerName="DESKTOP-5URQ9PB" duration="00:00:00.0000080" startTime="2022-06-13T21:11:52.2569903+02:00" endTime="2022-06-13T21:11:52.2570744+02:00" testType="13cdc9d9-ddb5-4fa4-a97d-d965ccfc6d4b" outcome="Passed" testListId="8c84fa94-04c1-424b-9868-57a2d4851a1d" relativeResultsDirectory="b14f0f46-ba30-4330-b491-91cd69510564" />
    <UnitTestResult executionId="8396aa0e-4369-40f7-b1da-da54b11ed5fe" testId="f841cfc2-1575-400e-b22f-b8a9e3ab853c" testName="FormatToStringTest1000 (25440.18371476614,25440.18 zł)" computerName="DESKTOP-5URQ9PB" duration="00:00:00.0000071" startTime="2022-06-13T21:11:52.0301898+02:00" endTime="2022-06-13T21:11:52.0302576+02:00" testType="13cdc9d9-ddb5-4fa4-a97d-d965ccfc6d4b" outcome="Passed" testListId="8c84fa94-04c1-424b-9868-57a2d4851a1d" relativeResultsDirectory="8396aa0e-4369-40f7-b1da-da54b11ed5fe" />
    <UnitTestResult executionId="44be7679-acfc-4cc0-a19c-d6ce621a5290" testId="bb7f6d11-7e8b-4cbb-9aba-67ae1e6bbe49" testName="FormatToStringTest1000 (8908.080586221107,8908.08 zł)" computerName="DESKTOP-5URQ9PB" duration="00:00:00.0000064" startTime="2022-06-13T21:11:52.0186900+02:00" endTime="2022-06-13T21:11:52.0187598+02:00" testType="13cdc9d9-ddb5-4fa4-a97d-d965ccfc6d4b" outcome="Passed" testListId="8c84fa94-04c1-424b-9868-57a2d4851a1d" relativeResultsDirectory="44be7679-acfc-4cc0-a19c-d6ce621a5290" />
    <UnitTestResult executionId="4a8c687e-e749-4480-ab7b-82de2e8391f5" testId="ca9e2fea-d861-474c-ad65-f8d0167e483b" testName="FormatToStringTest1000 (52810.91713865516,52810.92 zł)" computerName="DESKTOP-5URQ9PB" duration="00:00:00.0000062" startTime="2022-06-13T21:11:51.8921897+02:00" endTime="2022-06-13T21:11:51.8922568+02:00" testType="13cdc9d9-ddb5-4fa4-a97d-d965ccfc6d4b" outcome="Passed" testListId="8c84fa94-04c1-424b-9868-57a2d4851a1d" relativeResultsDirectory="4a8c687e-e749-4480-ab7b-82de2e8391f5" />
    <UnitTestResult executionId="b11b5a9a-7810-4fba-826e-51d2157f5c78" testId="3a7cd705-2266-4069-bfec-7653a560370e" testName="FormatToStringTest1000 (6958.393354767186,6958.39 zł)" computerName="DESKTOP-5URQ9PB" duration="00:00:00.0000062" startTime="2022-06-13T21:11:51.8922746+02:00" endTime="2022-06-13T21:11:51.8923478+02:00" testType="13cdc9d9-ddb5-4fa4-a97d-d965ccfc6d4b" outcome="Passed" testListId="8c84fa94-04c1-424b-9868-57a2d4851a1d" relativeResultsDirectory="b11b5a9a-7810-4fba-826e-51d2157f5c78" />
    <UnitTestResult executionId="d8eda56c-93b1-4df3-a011-73430439533a" testId="f9c4d0fc-5f18-484b-8149-819fffa47b4b" testName="FormatToStringTest1000 (1821.7083499085663,1821.71 zł)" computerName="DESKTOP-5URQ9PB" duration="00:00:00.0000071" startTime="2022-06-13T21:11:52.2371272+02:00" endTime="2022-06-13T21:11:52.2372072+02:00" testType="13cdc9d9-ddb5-4fa4-a97d-d965ccfc6d4b" outcome="Passed" testListId="8c84fa94-04c1-424b-9868-57a2d4851a1d" relativeResultsDirectory="d8eda56c-93b1-4df3-a011-73430439533a" />
    <UnitTestResult executionId="fe30b01e-7ec2-4ef0-8201-2db4787575a6" testId="a1902c9b-9494-4fcf-a5eb-18543172fe5a" testName="FormatToStringTest1000 (6213.265206352466,6213.27 zł)" computerName="DESKTOP-5URQ9PB" duration="00:00:00.0000063" startTime="2022-06-13T21:11:52.0789417+02:00" endTime="2022-06-13T21:11:52.0790117+02:00" testType="13cdc9d9-ddb5-4fa4-a97d-d965ccfc6d4b" outcome="Passed" testListId="8c84fa94-04c1-424b-9868-57a2d4851a1d" relativeResultsDirectory="fe30b01e-7ec2-4ef0-8201-2db4787575a6" />
    <UnitTestResult executionId="b0aeb51e-1ea8-44c0-836a-97bc827d098f" testId="5c4ab236-0173-4439-b23d-e3133c02df63" testName="FormatToStringTest1000 (9661.966055578536,9661.97 zł)" computerName="DESKTOP-5URQ9PB" duration="00:00:00.0000071" startTime="2022-06-13T21:11:52.0854279+02:00" endTime="2022-06-13T21:11:52.0855175+02:00" testType="13cdc9d9-ddb5-4fa4-a97d-d965ccfc6d4b" outcome="Passed" testListId="8c84fa94-04c1-424b-9868-57a2d4851a1d" relativeResultsDirectory="b0aeb51e-1ea8-44c0-836a-97bc827d098f" />
    <UnitTestResult executionId="b541b238-9083-4434-9edd-00a31ef1f537" testId="2a80777f-e29f-4a38-a89a-c9cebbfdc5a4" testName="FormatToStringTest1000 (19463.08761954917,19463.09 zł)" computerName="DESKTOP-5URQ9PB" duration="00:00:00.0000091" startTime="2022-06-13T21:11:52.1636707+02:00" endTime="2022-06-13T21:11:52.1637456+02:00" testType="13cdc9d9-ddb5-4fa4-a97d-d965ccfc6d4b" outcome="Passed" testListId="8c84fa94-04c1-424b-9868-57a2d4851a1d" relativeResultsDirectory="b541b238-9083-4434-9edd-00a31ef1f537" />
    <UnitTestResult executionId="e4a5b285-c81f-40a5-9b05-3a0dd8a21ffc" testId="84ad1302-8426-478d-9ae2-0f103501ff97" testName="FormatToStringTest1000 (33206.73122987837,33206.73 zł)" computerName="DESKTOP-5URQ9PB" duration="00:00:00.0000082" startTime="2022-06-13T21:11:51.9564601+02:00" endTime="2022-06-13T21:11:51.9565516+02:00" testType="13cdc9d9-ddb5-4fa4-a97d-d965ccfc6d4b" outcome="Passed" testListId="8c84fa94-04c1-424b-9868-57a2d4851a1d" relativeResultsDirectory="e4a5b285-c81f-40a5-9b05-3a0dd8a21ffc" />
    <UnitTestResult executionId="e8ed15cd-2a96-49e3-a6fd-eef1057d5d2a" testId="40ec451f-4f94-451d-804a-f43db6eb74f1" testName="FormatToStringTest1000 (5504.094303639184,5504.09 zł)" computerName="DESKTOP-5URQ9PB" duration="00:00:00.0000064" startTime="2022-06-13T21:11:52.0822626+02:00" endTime="2022-06-13T21:11:52.0823348+02:00" testType="13cdc9d9-ddb5-4fa4-a97d-d965ccfc6d4b" outcome="Passed" testListId="8c84fa94-04c1-424b-9868-57a2d4851a1d" relativeResultsDirectory="e8ed15cd-2a96-49e3-a6fd-eef1057d5d2a" />
    <UnitTestResult executionId="81a6334e-6905-4212-b95a-80c8820c97da" testId="ac833cbe-a826-41c9-b66a-e87dbf5235ff" testName="FormatToStringTest1000 (11100.829211263372,11100.83 zł)" computerName="DESKTOP-5URQ9PB" duration="00:00:00.0000064" startTime="2022-06-13T21:11:51.9388274+02:00" endTime="2022-06-13T21:11:51.9389017+02:00" testType="13cdc9d9-ddb5-4fa4-a97d-d965ccfc6d4b" outcome="Passed" testListId="8c84fa94-04c1-424b-9868-57a2d4851a1d" relativeResultsDirectory="81a6334e-6905-4212-b95a-80c8820c97da" />
    <UnitTestResult executionId="777219d2-a86f-43c3-abec-f1d7e994b2bb" testId="164ba673-da51-493b-81c0-72654c89dc1b" testName="FormatToStringTest1000 (1300.9430775404642,1300.94 zł)" computerName="DESKTOP-5URQ9PB" duration="00:00:00.0405919" startTime="2022-06-13T21:11:51.8264546+02:00" endTime="2022-06-13T21:11:51.8845143+02:00" testType="13cdc9d9-ddb5-4fa4-a97d-d965ccfc6d4b" outcome="Passed" testListId="8c84fa94-04c1-424b-9868-57a2d4851a1d" relativeResultsDirectory="777219d2-a86f-43c3-abec-f1d7e994b2bb" />
    <UnitTestResult executionId="b558d243-fd67-46bc-9e6d-c64139fc0960" testId="6e61393b-701b-4f7c-b7c9-b1f34f3da9ef" testName="FormatToStringTest1000 (34951.47290410077,34951.47 zł)" computerName="DESKTOP-5URQ9PB" duration="00:00:00.0000067" startTime="2022-06-13T21:11:52.1034105+02:00" endTime="2022-06-13T21:11:52.1034780+02:00" testType="13cdc9d9-ddb5-4fa4-a97d-d965ccfc6d4b" outcome="Passed" testListId="8c84fa94-04c1-424b-9868-57a2d4851a1d" relativeResultsDirectory="b558d243-fd67-46bc-9e6d-c64139fc0960" />
    <UnitTestResult executionId="3a44b94f-d031-46fb-92f0-101bab7d1d00" testId="8b0d5ddc-7d5c-48c7-9c45-147ba5dbccd4" testName="FormatToStringTest1000 (49256.65708813195,49256.66 zł)" computerName="DESKTOP-5URQ9PB" duration="00:00:00.0000063" startTime="2022-06-13T21:11:52.2026796+02:00" endTime="2022-06-13T21:11:52.2027452+02:00" testType="13cdc9d9-ddb5-4fa4-a97d-d965ccfc6d4b" outcome="Passed" testListId="8c84fa94-04c1-424b-9868-57a2d4851a1d" relativeResultsDirectory="3a44b94f-d031-46fb-92f0-101bab7d1d00" />
    <UnitTestResult executionId="8b4599b0-4141-405b-b250-0860f273f25f" testId="dfdf2728-8312-4cea-a87c-1373ecba154c" testName="FormatToStringTest1000 (23612.114499758984,23612.11 zł)" computerName="DESKTOP-5URQ9PB" duration="00:00:00.0000065" startTime="2022-06-13T21:11:52.0506127+02:00" endTime="2022-06-13T21:11:52.0506899+02:00" testType="13cdc9d9-ddb5-4fa4-a97d-d965ccfc6d4b" outcome="Passed" testListId="8c84fa94-04c1-424b-9868-57a2d4851a1d" relativeResultsDirectory="8b4599b0-4141-405b-b250-0860f273f25f" />
    <UnitTestResult executionId="b7c3dfdd-dbd8-42f6-835b-0194f0502e63" testId="26ee5962-e23c-4225-909e-80d784cce321" testName="FormatToStringTest1000 (47431.868885526375,47431.87 zł)" computerName="DESKTOP-5URQ9PB" duration="00:00:00.0000064" startTime="2022-06-13T21:11:52.1668354+02:00" endTime="2022-06-13T21:11:52.1669052+02:00" testType="13cdc9d9-ddb5-4fa4-a97d-d965ccfc6d4b" outcome="Passed" testListId="8c84fa94-04c1-424b-9868-57a2d4851a1d" relativeResultsDirectory="b7c3dfdd-dbd8-42f6-835b-0194f0502e63" />
    <UnitTestResult executionId="2d32c3df-e666-455b-b36a-f9bc5c932e82" testId="9b5e0abc-d295-48f5-a8f9-4af3959f2536" testName="FormatToStringTest1000 (11922.837782177532,11922.84 zł)" computerName="DESKTOP-5URQ9PB" duration="00:00:00.0000061" startTime="2022-06-13T21:11:52.0758190+02:00" endTime="2022-06-13T21:11:52.0758854+02:00" testType="13cdc9d9-ddb5-4fa4-a97d-d965ccfc6d4b" outcome="Passed" testListId="8c84fa94-04c1-424b-9868-57a2d4851a1d" relativeResultsDirectory="2d32c3df-e666-455b-b36a-f9bc5c932e82" />
    <UnitTestResult executionId="f5caab18-f8fd-489e-af5d-0d3f575b870f" testId="f4d16335-616b-4659-92df-28f82dc99532" testName="FormatToStringTest1000 (36651.05802063414,36651.06 zł)" computerName="DESKTOP-5URQ9PB" duration="00:00:00.0000062" startTime="2022-06-13T21:11:51.9806179+02:00" endTime="2022-06-13T21:11:51.9806926+02:00" testType="13cdc9d9-ddb5-4fa4-a97d-d965ccfc6d4b" outcome="Passed" testListId="8c84fa94-04c1-424b-9868-57a2d4851a1d" relativeResultsDirectory="f5caab18-f8fd-489e-af5d-0d3f575b870f" />
    <UnitTestResult executionId="2980fe04-7c8d-4f6f-9c96-328968c1ec5c" testId="025c8c81-8b62-449d-aa6d-c6a092f9b6b1" testName="FormatToStringTest1000 (15520.346099893259,15520.35 zł)" computerName="DESKTOP-5URQ9PB" duration="00:00:00.0000128" startTime="2022-06-13T21:11:52.1921569+02:00" endTime="2022-06-13T21:11:52.1922283+02:00" testType="13cdc9d9-ddb5-4fa4-a97d-d965ccfc6d4b" outcome="Passed" testListId="8c84fa94-04c1-424b-9868-57a2d4851a1d" relativeResultsDirectory="2980fe04-7c8d-4f6f-9c96-328968c1ec5c" />
    <UnitTestResult executionId="0a606050-002c-4207-8c90-d9b576c2c886" testId="e134cf6c-d113-4d76-a03e-3d23df33831d" testName="FormatToStringTest1000 (16402.16316587206,16402.16 zł)" computerName="DESKTOP-5URQ9PB" duration="00:00:00.0000064" startTime="2022-06-13T21:11:52.1245253+02:00" endTime="2022-06-13T21:11:52.1245958+02:00" testType="13cdc9d9-ddb5-4fa4-a97d-d965ccfc6d4b" outcome="Passed" testListId="8c84fa94-04c1-424b-9868-57a2d4851a1d" relativeResultsDirectory="0a606050-002c-4207-8c90-d9b576c2c886" />
    <UnitTestResult executionId="75404972-5313-4319-accc-9e01c3ad4358" testId="d7c16a01-62f5-41e9-8afa-fdabf2c7d75e" testName="FormatToStringTest1000 (27164.0272410419,27164.03 zł)" computerName="DESKTOP-5URQ9PB" duration="00:00:00.0000063" startTime="2022-06-13T21:11:52.0658582+02:00" endTime="2022-06-13T21:11:52.0659256+02:00" testType="13cdc9d9-ddb5-4fa4-a97d-d965ccfc6d4b" outcome="Passed" testListId="8c84fa94-04c1-424b-9868-57a2d4851a1d" relativeResultsDirectory="75404972-5313-4319-accc-9e01c3ad4358" />
    <UnitTestResult executionId="eaa5b08f-ed0d-4070-803d-5e7ed6691534" testId="cfb825e6-45ec-4438-9123-d77b67e34ad3" testName="FormatToStringTest1000 (43424.45140075332,43424.45 zł)" computerName="DESKTOP-5URQ9PB" duration="00:00:00.0000074" startTime="2022-06-13T21:11:52.1285242+02:00" endTime="2022-06-13T21:11:52.1285951+02:00" testType="13cdc9d9-ddb5-4fa4-a97d-d965ccfc6d4b" outcome="Passed" testListId="8c84fa94-04c1-424b-9868-57a2d4851a1d" relativeResultsDirectory="eaa5b08f-ed0d-4070-803d-5e7ed6691534" />
    <UnitTestResult executionId="538c45f9-6c13-4d4c-8ed7-2a87a6755bd3" testId="9f24cb8a-21d5-4dfe-8bf8-2cec461c5fa8" testName="FormatToStringTest1000 (28155.26504817664,28155.27 zł)" computerName="DESKTOP-5URQ9PB" duration="00:00:00.0000060" startTime="2022-06-13T21:11:52.0938419+02:00" endTime="2022-06-13T21:11:52.0939088+02:00" testType="13cdc9d9-ddb5-4fa4-a97d-d965ccfc6d4b" outcome="Passed" testListId="8c84fa94-04c1-424b-9868-57a2d4851a1d" relativeResultsDirectory="538c45f9-6c13-4d4c-8ed7-2a87a6755bd3" />
    <UnitTestResult executionId="2fa531f5-c535-4f3f-8a43-8c2d7423e757" testId="6343a038-3771-4ba4-b0b7-14726465f145" testName="FormatToStringTest1000 (42383.08993972982,42383.09 zł)" computerName="DESKTOP-5URQ9PB" duration="00:00:00.0000061" startTime="2022-06-13T21:11:52.1695037+02:00" endTime="2022-06-13T21:11:52.1695692+02:00" testType="13cdc9d9-ddb5-4fa4-a97d-d965ccfc6d4b" outcome="Passed" testListId="8c84fa94-04c1-424b-9868-57a2d4851a1d" relativeResultsDirectory="2fa531f5-c535-4f3f-8a43-8c2d7423e757" />
    <UnitTestResult executionId="8bcb7063-3986-4baf-a29d-35a4e465339a" testId="6e5e8111-ded9-4a7f-96ec-419ec229ccd9" testName="FormatToStringTest1000 (52888.48934243642,52888.49 zł)" computerName="DESKTOP-5URQ9PB" duration="00:00:00.0000068" startTime="2022-06-13T21:11:52.1157492+02:00" endTime="2022-06-13T21:11:52.1158174+02:00" testType="13cdc9d9-ddb5-4fa4-a97d-d965ccfc6d4b" outcome="Passed" testListId="8c84fa94-04c1-424b-9868-57a2d4851a1d" relativeResultsDirectory="8bcb7063-3986-4baf-a29d-35a4e465339a" />
    <UnitTestResult executionId="0bacec75-1526-486d-84fe-c86b9a2a27dc" testId="eaa779fd-2b40-49dc-acad-ffc63d4c9595" testName="FormatToStringTest1000 (75915.01943546813,75915.02 zł)" computerName="DESKTOP-5URQ9PB" duration="00:00:00.0000062" startTime="2022-06-13T21:11:52.0823533+02:00" endTime="2022-06-13T21:11:52.0824200+02:00" testType="13cdc9d9-ddb5-4fa4-a97d-d965ccfc6d4b" outcome="Passed" testListId="8c84fa94-04c1-424b-9868-57a2d4851a1d" relativeResultsDirectory="0bacec75-1526-486d-84fe-c86b9a2a27dc" />
    <UnitTestResult executionId="0dc24f23-8630-4db3-98c3-a947f72a75f8" testId="583158cd-beda-4410-b9f6-6cb4c33e6dd8" testName="FormatToStringTest1000 (11181.228339251702,11181.23 zł)" computerName="DESKTOP-5URQ9PB" duration="00:00:00.0000061" startTime="2022-06-13T21:11:52.2806168+02:00" endTime="2022-06-13T21:11:52.2806813+02:00" testType="13cdc9d9-ddb5-4fa4-a97d-d965ccfc6d4b" outcome="Passed" testListId="8c84fa94-04c1-424b-9868-57a2d4851a1d" relativeResultsDirectory="0dc24f23-8630-4db3-98c3-a947f72a75f8" />
    <UnitTestResult executionId="39681607-8168-4338-9886-417b5af1da2e" testId="54a6d319-0a59-4cd5-9678-231609a0e7de" testName="FormatToStringTest1000 (32908.76696502639,32908.77 zł)" computerName="DESKTOP-5URQ9PB" duration="00:00:00.0000063" startTime="2022-06-13T21:11:52.0329213+02:00" endTime="2022-06-13T21:11:52.0329885+02:00" testType="13cdc9d9-ddb5-4fa4-a97d-d965ccfc6d4b" outcome="Passed" testListId="8c84fa94-04c1-424b-9868-57a2d4851a1d" relativeResultsDirectory="39681607-8168-4338-9886-417b5af1da2e" />
    <UnitTestResult executionId="ea512a4e-ad2f-4906-98f2-2f1f0ee08553" testId="59e62b27-cb9e-4670-a74b-93ba7741c833" testName="FormatToStringTest1000 (63427.55325689332,63427.55 zł)" computerName="DESKTOP-5URQ9PB" duration="00:00:00.0000062" startTime="2022-06-13T21:11:52.1611988+02:00" endTime="2022-06-13T21:11:52.1612644+02:00" testType="13cdc9d9-ddb5-4fa4-a97d-d965ccfc6d4b" outcome="Passed" testListId="8c84fa94-04c1-424b-9868-57a2d4851a1d" relativeResultsDirectory="ea512a4e-ad2f-4906-98f2-2f1f0ee08553" />
    <UnitTestResult executionId="8ced3bdb-ab51-4bad-97b1-a78c5cd0ee34" testId="fd0e5aab-bd92-4e94-93a5-6192acbd03f3" testName="FormatToStringTest1000 (9994.9471861026,9994.95 zł)" computerName="DESKTOP-5URQ9PB" duration="00:00:00.0000066" startTime="2022-06-13T21:11:52.0466381+02:00" endTime="2022-06-13T21:11:52.0467126+02:00" testType="13cdc9d9-ddb5-4fa4-a97d-d965ccfc6d4b" outcome="Passed" testListId="8c84fa94-04c1-424b-9868-57a2d4851a1d" relativeResultsDirectory="8ced3bdb-ab51-4bad-97b1-a78c5cd0ee34" />
    <UnitTestResult executionId="4b2e7af0-480a-4519-af7e-65c2ee60d493" testId="87709dbe-26b6-414e-a751-3eb44727720e" testName="FormatToStringTest1000 (64210.358316209335,64210.36 zł)" computerName="DESKTOP-5URQ9PB" duration="00:00:00.0000064" startTime="2022-06-13T21:11:51.9770925+02:00" endTime="2022-06-13T21:11:51.9771662+02:00" testType="13cdc9d9-ddb5-4fa4-a97d-d965ccfc6d4b" outcome="Passed" testListId="8c84fa94-04c1-424b-9868-57a2d4851a1d" relativeResultsDirectory="4b2e7af0-480a-4519-af7e-65c2ee60d493" />
    <UnitTestResult executionId="78c311e1-2971-479b-b5a4-58bd03a07410" testId="f1fa7d92-f46c-4681-bed1-48ce2a5aced3" testName="FormatToStringTest1000 (6710.131197082871,6710.13 zł)" computerName="DESKTOP-5URQ9PB" duration="00:00:00.0000061" startTime="2022-06-13T21:11:52.2636773+02:00" endTime="2022-06-13T21:11:52.2637413+02:00" testType="13cdc9d9-ddb5-4fa4-a97d-d965ccfc6d4b" outcome="Passed" testListId="8c84fa94-04c1-424b-9868-57a2d4851a1d" relativeResultsDirectory="78c311e1-2971-479b-b5a4-58bd03a07410" />
    <UnitTestResult executionId="03fbe0b1-4719-41a0-902f-d4ad0df49a97" testId="b0e3b632-4d92-4a9d-a89d-95d2f62b8805" testName="FormatToStringTest1000 (17232.486162219426,17232.49 zł)" computerName="DESKTOP-5URQ9PB" duration="00:00:00.0000094" startTime="2022-06-13T21:11:52.0581361+02:00" endTime="2022-06-13T21:11:52.0582165+02:00" testType="13cdc9d9-ddb5-4fa4-a97d-d965ccfc6d4b" outcome="Passed" testListId="8c84fa94-04c1-424b-9868-57a2d4851a1d" relativeResultsDirectory="03fbe0b1-4719-41a0-902f-d4ad0df49a97" />
    <UnitTestResult executionId="88d6ce06-3257-46dc-97d5-24fcabef3193" testId="72ee8972-cd34-4d49-935f-0e9c150619f2" testName="FormatToStringTest1000 (9624.06628225188,9624.07 zł)" computerName="DESKTOP-5URQ9PB" duration="00:00:00.0000068" startTime="2022-06-13T21:11:52.2218220+02:00" endTime="2022-06-13T21:11:52.2218836+02:00" testType="13cdc9d9-ddb5-4fa4-a97d-d965ccfc6d4b" outcome="Passed" testListId="8c84fa94-04c1-424b-9868-57a2d4851a1d" relativeResultsDirectory="88d6ce06-3257-46dc-97d5-24fcabef3193" />
    <UnitTestResult executionId="5aa75ccb-9046-4caf-b923-6f762d2ba1a8" testId="3007b094-193b-4121-b995-e7f1dbcf9627" testName="FormatToStringTest1000 (39146.635743126564,39146.64 zł)" computerName="DESKTOP-5URQ9PB" duration="00:00:00.0000141" startTime="2022-06-13T21:11:51.9982955+02:00" endTime="2022-06-13T21:11:51.9984790+02:00" testType="13cdc9d9-ddb5-4fa4-a97d-d965ccfc6d4b" outcome="Passed" testListId="8c84fa94-04c1-424b-9868-57a2d4851a1d" relativeResultsDirectory="5aa75ccb-9046-4caf-b923-6f762d2ba1a8" />
    <UnitTestResult executionId="d8e65567-3673-4e18-bcd7-b7fba98cd383" testId="e9a227d4-b38a-4a24-b8d0-74fd2d25d0f9" testName="FormatToStringTest1000 (17875.613377604455,17875.61 zł)" computerName="DESKTOP-5URQ9PB" duration="00:00:00.0000111" startTime="2022-06-13T21:11:52.0185155+02:00" endTime="2022-06-13T21:11:52.0186595+02:00" testType="13cdc9d9-ddb5-4fa4-a97d-d965ccfc6d4b" outcome="Passed" testListId="8c84fa94-04c1-424b-9868-57a2d4851a1d" relativeResultsDirectory="d8e65567-3673-4e18-bcd7-b7fba98cd383" />
    <UnitTestResult executionId="d175ab9d-1f7c-4099-a921-eabb47238f8e" testId="48710d52-e228-489c-975b-dbccd5b87a98" testName="FormatToStringTest1000 (15411.371650797022,15411.37 zł)" computerName="DESKTOP-5URQ9PB" duration="00:00:00.0000060" startTime="2022-06-13T21:11:52.0154831+02:00" endTime="2022-06-13T21:11:52.0155497+02:00" testType="13cdc9d9-ddb5-4fa4-a97d-d965ccfc6d4b" outcome="Passed" testListId="8c84fa94-04c1-424b-9868-57a2d4851a1d" relativeResultsDirectory="d175ab9d-1f7c-4099-a921-eabb47238f8e" />
    <UnitTestResult executionId="dc0c614c-55d1-4c94-ae80-02e5fc2bccb2" testId="5dba540b-47f1-49ac-845d-c8c6563a8b87" testName="FormatToStringTest1000 (24030.724859085738,24030.72 zł)" computerName="DESKTOP-5URQ9PB" duration="00:00:00.0000084" startTime="2022-06-13T21:11:52.2530272+02:00" endTime="2022-06-13T21:11:52.2531225+02:00" testType="13cdc9d9-ddb5-4fa4-a97d-d965ccfc6d4b" outcome="Passed" testListId="8c84fa94-04c1-424b-9868-57a2d4851a1d" relativeResultsDirectory="dc0c614c-55d1-4c94-ae80-02e5fc2bccb2" />
    <UnitTestResult executionId="c4b01045-76e0-412f-9168-797c5a314fc4" testId="ced3bab1-5103-4c5e-be89-924cadf92d3c" testName="FormatToStringTest1000 (50664.01951024869,50664.02 zł)" computerName="DESKTOP-5URQ9PB" duration="00:00:00.0000110" startTime="2022-06-13T21:11:52.1922451+02:00" endTime="2022-06-13T21:11:52.1923215+02:00" testType="13cdc9d9-ddb5-4fa4-a97d-d965ccfc6d4b" outcome="Passed" testListId="8c84fa94-04c1-424b-9868-57a2d4851a1d" relativeResultsDirectory="c4b01045-76e0-412f-9168-797c5a314fc4" />
    <UnitTestResult executionId="87daf8d1-1e84-48a7-85e6-3e48eab240d8" testId="f1991bea-6397-4684-9424-4ca03b804cd6" testName="FormatToStringTest1000 (26220.382477706476,26220.38 zł)" computerName="DESKTOP-5URQ9PB" duration="00:00:00.0000064" startTime="2022-06-13T21:11:52.2397339+02:00" endTime="2022-06-13T21:11:52.2398017+02:00" testType="13cdc9d9-ddb5-4fa4-a97d-d965ccfc6d4b" outcome="Passed" testListId="8c84fa94-04c1-424b-9868-57a2d4851a1d" relativeResultsDirectory="87daf8d1-1e84-48a7-85e6-3e48eab240d8" />
    <UnitTestResult executionId="cb11526c-8529-4e10-871f-69a9982d23f6" testId="2cbb3bc8-a322-4735-a021-2a73f8bc62ad" testName="FormatToStringTest1000 (5566.818038455592,5566.82 zł)" computerName="DESKTOP-5URQ9PB" duration="00:00:00.0000063" startTime="2022-06-13T21:11:52.2117379+02:00" endTime="2022-06-13T21:11:52.2118044+02:00" testType="13cdc9d9-ddb5-4fa4-a97d-d965ccfc6d4b" outcome="Passed" testListId="8c84fa94-04c1-424b-9868-57a2d4851a1d" relativeResultsDirectory="cb11526c-8529-4e10-871f-69a9982d23f6" />
    <UnitTestResult executionId="3375d9b3-7867-4bc2-90b5-05ffc715ab91" testId="d00684c6-b1e1-4da9-981d-f04d6432a5ce" testName="FormatToStringTest1000 (6544.213759255695,6544.21 zł)" computerName="DESKTOP-5URQ9PB" duration="00:00:00.0000161" startTime="2022-06-13T21:11:52.2439819+02:00" endTime="2022-06-13T21:11:52.2441842+02:00" testType="13cdc9d9-ddb5-4fa4-a97d-d965ccfc6d4b" outcome="Passed" testListId="8c84fa94-04c1-424b-9868-57a2d4851a1d" relativeResultsDirectory="3375d9b3-7867-4bc2-90b5-05ffc715ab91" />
    <UnitTestResult executionId="d08d85fb-838a-4d0e-a236-780d3f97498f" testId="afb1c130-763d-4528-bf7a-36025e3f4165" testName="FormatToStringTest1000 (25720.27551496321,25720.28 zł)" computerName="DESKTOP-5URQ9PB" duration="00:00:00.0000062" startTime="2022-06-13T21:11:52.0365403+02:00" endTime="2022-06-13T21:11:52.0366080+02:00" testType="13cdc9d9-ddb5-4fa4-a97d-d965ccfc6d4b" outcome="Passed" testListId="8c84fa94-04c1-424b-9868-57a2d4851a1d" relativeResultsDirectory="d08d85fb-838a-4d0e-a236-780d3f97498f" />
    <UnitTestResult executionId="e7fe56e4-37c1-4059-b367-9b735cfa3372" testId="31a0b72c-d474-45c6-a104-3743362fc781" testName="FormatToStringTest1000 (22330.217605518745,22330.22 zł)" computerName="DESKTOP-5URQ9PB" duration="00:00:00.0000061" startTime="2022-06-13T21:11:52.2748361+02:00" endTime="2022-06-13T21:11:52.2749012+02:00" testType="13cdc9d9-ddb5-4fa4-a97d-d965ccfc6d4b" outcome="Passed" testListId="8c84fa94-04c1-424b-9868-57a2d4851a1d" relativeResultsDirectory="e7fe56e4-37c1-4059-b367-9b735cfa3372" />
    <UnitTestResult executionId="bbc94e23-b2f9-406e-993d-92198e9d5523" testId="2c6caf5e-dc1a-48e9-b3f8-6c7acfe746cd" testName="FormatToStringTest1000 (33245.44763357819,33245.45 zł)" computerName="DESKTOP-5URQ9PB" duration="00:00:00.0000061" startTime="2022-06-13T21:11:52.0935037+02:00" endTime="2022-06-13T21:11:52.0935715+02:00" testType="13cdc9d9-ddb5-4fa4-a97d-d965ccfc6d4b" outcome="Passed" testListId="8c84fa94-04c1-424b-9868-57a2d4851a1d" relativeResultsDirectory="bbc94e23-b2f9-406e-993d-92198e9d5523" />
    <UnitTestResult executionId="a25d1e90-8937-4413-a479-0c7a1b7abb45" testId="bdb6de90-5095-4133-97a8-9e3f076d49a9" testName="FormatToStringTest1000 (19519.4298413505,19519.43 zł)" computerName="DESKTOP-5URQ9PB" duration="00:00:00.0000088" startTime="2022-06-13T21:11:52.2450009+02:00" endTime="2022-06-13T21:11:52.2450991+02:00" testType="13cdc9d9-ddb5-4fa4-a97d-d965ccfc6d4b" outcome="Passed" testListId="8c84fa94-04c1-424b-9868-57a2d4851a1d" relativeResultsDirectory="a25d1e90-8937-4413-a479-0c7a1b7abb45" />
    <UnitTestResult executionId="892d0dd3-affe-423b-b297-50263837d4f7" testId="944c4f2b-2e6f-4a10-9201-d32b4355411f" testName="FormatToStringTest1000 (6352.983758103561,6352.98 zł)" computerName="DESKTOP-5URQ9PB" duration="00:00:00.0000070" startTime="2022-06-13T21:11:52.2412698+02:00" endTime="2022-06-13T21:11:52.2413558+02:00" testType="13cdc9d9-ddb5-4fa4-a97d-d965ccfc6d4b" outcome="Passed" testListId="8c84fa94-04c1-424b-9868-57a2d4851a1d" relativeResultsDirectory="892d0dd3-affe-423b-b297-50263837d4f7" />
    <UnitTestResult executionId="cfcb5ab1-e47c-4531-9d90-043ec60cfb76" testId="e1dd61ce-f759-4e5a-9da6-8b449ac945c0" testName="FormatToStringTest1000 (25036.98767214035,25036.99 zł)" computerName="DESKTOP-5URQ9PB" duration="00:00:00.0000110" startTime="2022-06-13T21:11:52.0250760+02:00" endTime="2022-06-13T21:11:52.0252238+02:00" testType="13cdc9d9-ddb5-4fa4-a97d-d965ccfc6d4b" outcome="Passed" testListId="8c84fa94-04c1-424b-9868-57a2d4851a1d" relativeResultsDirectory="cfcb5ab1-e47c-4531-9d90-043ec60cfb76" />
    <UnitTestResult executionId="85b99e01-053c-4fd6-8fad-e3a2255d0a4d" testId="9aaa6936-8076-4a22-a414-7c9b7623375c" testName="FormatToStringTest1000 (4411.456718280659,4411.46 zł)" computerName="DESKTOP-5URQ9PB" duration="00:00:00.0000062" startTime="2022-06-13T21:11:52.1803734+02:00" endTime="2022-06-13T21:11:52.1804391+02:00" testType="13cdc9d9-ddb5-4fa4-a97d-d965ccfc6d4b" outcome="Passed" testListId="8c84fa94-04c1-424b-9868-57a2d4851a1d" relativeResultsDirectory="85b99e01-053c-4fd6-8fad-e3a2255d0a4d" />
    <UnitTestResult executionId="d7b7f104-79b6-4fa5-bfc8-7d65b97cf266" testId="484fd57d-a2c9-47ca-ba82-70ec7ebe6f74" testName="FormatToStringTest1000 (31290.71396233687,31290.71 zł)" computerName="DESKTOP-5URQ9PB" duration="00:00:00.0000096" startTime="2022-06-13T21:11:51.9621857+02:00" endTime="2022-06-13T21:11:51.9623037+02:00" testType="13cdc9d9-ddb5-4fa4-a97d-d965ccfc6d4b" outcome="Passed" testListId="8c84fa94-04c1-424b-9868-57a2d4851a1d" relativeResultsDirectory="d7b7f104-79b6-4fa5-bfc8-7d65b97cf266" />
    <UnitTestResult executionId="3b36b762-d775-4037-ba63-567d6b43638c" testId="5eae8a11-1370-402e-bad0-2626eff6d6f0" testName="FormatToStringTest1000 (19392.945535027862,19392.95 zł)" computerName="DESKTOP-5URQ9PB" duration="00:00:00.0000066" startTime="2022-06-13T21:11:52.0725084+02:00" endTime="2022-06-13T21:11:52.0725871+02:00" testType="13cdc9d9-ddb5-4fa4-a97d-d965ccfc6d4b" outcome="Passed" testListId="8c84fa94-04c1-424b-9868-57a2d4851a1d" relativeResultsDirectory="3b36b762-d775-4037-ba63-567d6b43638c" />
    <UnitTestResult executionId="223bf6c6-2eb1-4ed2-b5a0-c4039d47b739" testId="1d9ca610-70cd-4ecc-a2c8-fe50c7a83a53" testName="FormatToStringTest1000 (75162.39407669863,75162.39 zł)" computerName="DESKTOP-5URQ9PB" duration="00:00:00.0000061" startTime="2022-06-13T21:11:52.0254344+02:00" endTime="2022-06-13T21:11:52.0255016+02:00" testType="13cdc9d9-ddb5-4fa4-a97d-d965ccfc6d4b" outcome="Passed" testListId="8c84fa94-04c1-424b-9868-57a2d4851a1d" relativeResultsDirectory="223bf6c6-2eb1-4ed2-b5a0-c4039d47b739" />
    <UnitTestResult executionId="966dbf77-475d-4f92-a0dc-2409e15279bd" testId="d7c36b0a-5901-469a-9d0a-18e8f4f54095" testName="FormatToStringTest1000 (49672.98901987402,49672.99 zł)" computerName="DESKTOP-5URQ9PB" duration="00:00:00.0000062" startTime="2022-06-13T21:11:52.1029708+02:00" endTime="2022-06-13T21:11:52.1030381+02:00" testType="13cdc9d9-ddb5-4fa4-a97d-d965ccfc6d4b" outcome="Passed" testListId="8c84fa94-04c1-424b-9868-57a2d4851a1d" relativeResultsDirectory="966dbf77-475d-4f92-a0dc-2409e15279bd" />
    <UnitTestResult executionId="f455e496-7e00-486e-9f57-a85bf297abdb" testId="f5a0d100-800b-42c7-8f99-1d542dec59a9" testName="FormatToStringTest1000 (18786.954468002055,18786.95 zł)" computerName="DESKTOP-5URQ9PB" duration="00:00:00.0000068" startTime="2022-06-13T21:11:52.1584037+02:00" endTime="2022-06-13T21:11:52.1584720+02:00" testType="13cdc9d9-ddb5-4fa4-a97d-d965ccfc6d4b" outcome="Passed" testListId="8c84fa94-04c1-424b-9868-57a2d4851a1d" relativeResultsDirectory="f455e496-7e00-486e-9f57-a85bf297abdb" />
    <UnitTestResult executionId="cbd4b394-3707-48c4-9c0e-69667d5d1e97" testId="d2359ed3-b947-4f9e-8306-9e302a08d947" testName="FormatToStringTest1000 (15080.274618567097,15080.27 zł)" computerName="DESKTOP-5URQ9PB" duration="00:00:00.0000117" startTime="2022-06-13T21:11:52.1191577+02:00" endTime="2022-06-13T21:11:52.1193069+02:00" testType="13cdc9d9-ddb5-4fa4-a97d-d965ccfc6d4b" outcome="Passed" testListId="8c84fa94-04c1-424b-9868-57a2d4851a1d" relativeResultsDirectory="cbd4b394-3707-48c4-9c0e-69667d5d1e97" />
    <UnitTestResult executionId="c7be47db-d6e5-4d28-8124-b3c139721b08" testId="20817e28-75d5-4b3d-85e5-4c0003062730" testName="FormatToStringTest1000 (15591.4117417221,15591.41 zł)" computerName="DESKTOP-5URQ9PB" duration="00:00:00.0000063" startTime="2022-06-13T21:11:52.2616078+02:00" endTime="2022-06-13T21:11:52.2616702+02:00" testType="13cdc9d9-ddb5-4fa4-a97d-d965ccfc6d4b" outcome="Passed" testListId="8c84fa94-04c1-424b-9868-57a2d4851a1d" relativeResultsDirectory="c7be47db-d6e5-4d28-8124-b3c139721b08" />
    <UnitTestResult executionId="cbc7bf79-0ba8-4946-b3f1-e7919c1fb394" testId="8a68d898-28b3-471f-b5eb-61377b6a2e0e" testName="FormatToStringTest1000 (21573.45329517613,21573.45 zł)" computerName="DESKTOP-5URQ9PB" duration="00:00:00.0000060" startTime="2022-06-13T21:11:52.2789819+02:00" endTime="2022-06-13T21:11:52.2790465+02:00" testType="13cdc9d9-ddb5-4fa4-a97d-d965ccfc6d4b" outcome="Passed" testListId="8c84fa94-04c1-424b-9868-57a2d4851a1d" relativeResultsDirectory="cbc7bf79-0ba8-4946-b3f1-e7919c1fb394" />
    <UnitTestResult executionId="7c877f8b-f01b-429c-95f2-666a864db69f" testId="c18fc543-ebc0-485d-88af-4d455f798e07" testName="FormatToStringTest1000 (12577.642620996872,12577.64 zł)" computerName="DESKTOP-5URQ9PB" duration="00:00:00.0000098" startTime="2022-06-13T21:11:52.0077853+02:00" endTime="2022-06-13T21:11:52.0078872+02:00" testType="13cdc9d9-ddb5-4fa4-a97d-d965ccfc6d4b" outcome="Passed" testListId="8c84fa94-04c1-424b-9868-57a2d4851a1d" relativeResultsDirectory="7c877f8b-f01b-429c-95f2-666a864db69f" />
    <UnitTestResult executionId="58553770-5153-4d4c-bac7-bea2380e3cc9" testId="a217e41e-df3f-4428-a983-802c686be9d4" testName="FormatToStringTest1000 (5287.3103648714305,5287.31 zł)" computerName="DESKTOP-5URQ9PB" duration="00:00:00.0000061" startTime="2022-06-13T21:11:52.0222308+02:00" endTime="2022-06-13T21:11:52.0222977+02:00" testType="13cdc9d9-ddb5-4fa4-a97d-d965ccfc6d4b" outcome="Passed" testListId="8c84fa94-04c1-424b-9868-57a2d4851a1d" relativeResultsDirectory="58553770-5153-4d4c-bac7-bea2380e3cc9" />
    <UnitTestResult executionId="aa9495fc-30ff-4f82-8c60-049a05dceb8c" testId="9571123e-e969-498a-80a8-4f95a8a14264" testName="FormatToStringTest1000 (19783.413847500186,19783.41 zł)" computerName="DESKTOP-5URQ9PB" duration="00:00:00.0000066" startTime="2022-06-13T21:11:52.2574749+02:00" endTime="2022-06-13T21:11:52.2575418+02:00" testType="13cdc9d9-ddb5-4fa4-a97d-d965ccfc6d4b" outcome="Passed" testListId="8c84fa94-04c1-424b-9868-57a2d4851a1d" relativeResultsDirectory="aa9495fc-30ff-4f82-8c60-049a05dceb8c" />
    <UnitTestResult executionId="93c4429a-1c53-4873-ac1b-b5a889546c29" testId="7d574cbc-bbfa-4b51-98b9-14d8a10a34ea" testName="FormatToStringTest1000 (70149.17842025738,70149.18 zł)" computerName="DESKTOP-5URQ9PB" duration="00:00:00.0000064" startTime="2022-06-13T21:11:52.1634853+02:00" endTime="2022-06-13T21:11:52.1635624+02:00" testType="13cdc9d9-ddb5-4fa4-a97d-d965ccfc6d4b" outcome="Passed" testListId="8c84fa94-04c1-424b-9868-57a2d4851a1d" relativeResultsDirectory="93c4429a-1c53-4873-ac1b-b5a889546c29" />
    <UnitTestResult executionId="e28788a6-00bc-4843-a27e-eeb50598383f" testId="d1eb04de-a5d4-4624-8cfd-f7f02140784f" testName="FormatToStringTest1000 (7377.5644264340235,7377.56 zł)" computerName="DESKTOP-5URQ9PB" duration="00:00:00.0000087" startTime="2022-06-13T21:11:52.2526680+02:00" endTime="2022-06-13T21:11:52.2527641+02:00" testType="13cdc9d9-ddb5-4fa4-a97d-d965ccfc6d4b" outcome="Passed" testListId="8c84fa94-04c1-424b-9868-57a2d4851a1d" relativeResultsDirectory="e28788a6-00bc-4843-a27e-eeb50598383f" />
    <UnitTestResult executionId="e14a8619-6de0-4006-8c5e-611570662cd4" testId="7582f1ae-88d5-49db-8482-07a607f12673" testName="FormatToStringTest1000 (58848.60825001477,58848.61 zł)" computerName="DESKTOP-5URQ9PB" duration="00:00:00.0000175" startTime="2022-06-13T21:11:51.9672238+02:00" endTime="2022-06-13T21:11:51.9675106+02:00" testType="13cdc9d9-ddb5-4fa4-a97d-d965ccfc6d4b" outcome="Passed" testListId="8c84fa94-04c1-424b-9868-57a2d4851a1d" relativeResultsDirectory="e14a8619-6de0-4006-8c5e-611570662cd4" />
    <UnitTestResult executionId="deffe999-f5ce-4e00-a894-bfc81be5c689" testId="1f9abb10-2fe1-4aaf-bc34-f19e2dfc4149" testName="FormatToStringTest1000 (19085.023282992664,19085.02 zł)" computerName="DESKTOP-5URQ9PB" duration="00:00:00.0000062" startTime="2022-06-13T21:11:52.1780023+02:00" endTime="2022-06-13T21:11:52.1780676+02:00" testType="13cdc9d9-ddb5-4fa4-a97d-d965ccfc6d4b" outcome="Passed" testListId="8c84fa94-04c1-424b-9868-57a2d4851a1d" relativeResultsDirectory="deffe999-f5ce-4e00-a894-bfc81be5c689" />
    <UnitTestResult executionId="7ecb64dc-0938-46f2-8758-16b258334043" testId="9e456ebd-0c97-4626-9218-7a907edbf9bc" testName="FormatToStringTest1000 (40035.54711080787,40035.55 zł)" computerName="DESKTOP-5URQ9PB" duration="00:00:00.0000062" startTime="2022-06-13T21:11:52.0360213+02:00" endTime="2022-06-13T21:11:52.0360887+02:00" testType="13cdc9d9-ddb5-4fa4-a97d-d965ccfc6d4b" outcome="Passed" testListId="8c84fa94-04c1-424b-9868-57a2d4851a1d" relativeResultsDirectory="7ecb64dc-0938-46f2-8758-16b258334043" />
    <UnitTestResult executionId="e993675f-2919-4e66-a8e3-2b2e73831805" testId="15b2922f-3225-4bc6-816f-35da23160afa" testName="FormatToStringTest1000 (480.2082316857801,480.21 zł)" computerName="DESKTOP-5URQ9PB" duration="00:00:00.0000060" startTime="2022-06-13T21:11:51.9846590+02:00" endTime="2022-06-13T21:11:51.9847263+02:00" testType="13cdc9d9-ddb5-4fa4-a97d-d965ccfc6d4b" outcome="Passed" testListId="8c84fa94-04c1-424b-9868-57a2d4851a1d" relativeResultsDirectory="e993675f-2919-4e66-a8e3-2b2e73831805" />
    <UnitTestResult executionId="2b0ce217-946f-4728-9e0f-483e4bd4778e" testId="3870caa4-2aaf-4c83-a35a-2b4ae44e6f03" testName="FormatToStringTest1000 (25882.451101077,25882.45 zł)" computerName="DESKTOP-5URQ9PB" duration="00:00:00.0000072" startTime="2022-06-13T21:11:52.1630505+02:00" endTime="2022-06-13T21:11:52.1631404+02:00" testType="13cdc9d9-ddb5-4fa4-a97d-d965ccfc6d4b" outcome="Passed" testListId="8c84fa94-04c1-424b-9868-57a2d4851a1d" relativeResultsDirectory="2b0ce217-946f-4728-9e0f-483e4bd4778e" />
    <UnitTestResult executionId="d14068d4-2aea-40a9-bb5d-a9f0f641ec0c" testId="ed6aa5a1-3342-4233-8a7f-9781c88a2843" testName="FormatToStringTest1000 (10370.0107542784,10370.01 zł)" computerName="DESKTOP-5URQ9PB" duration="00:00:00.0000432" startTime="2022-06-13T21:11:52.1489600+02:00" endTime="2022-06-13T21:11:52.1494203+02:00" testType="13cdc9d9-ddb5-4fa4-a97d-d965ccfc6d4b" outcome="Passed" testListId="8c84fa94-04c1-424b-9868-57a2d4851a1d" relativeResultsDirectory="d14068d4-2aea-40a9-bb5d-a9f0f641ec0c" />
    <UnitTestResult executionId="c805962f-d7e3-4660-8f30-fd4ee4085e6a" testId="0f292e54-3fbc-4ddc-ac3f-bf52597e903f" testName="FormatToStringTest1000 (13197.65136269417,13197.65 zł)" computerName="DESKTOP-5URQ9PB" duration="00:00:00.0000066" startTime="2022-06-13T21:11:52.1194499+02:00" endTime="2022-06-13T21:11:52.1195282+02:00" testType="13cdc9d9-ddb5-4fa4-a97d-d965ccfc6d4b" outcome="Passed" testListId="8c84fa94-04c1-424b-9868-57a2d4851a1d" relativeResultsDirectory="c805962f-d7e3-4660-8f30-fd4ee4085e6a" />
    <UnitTestResult executionId="0a167a0a-7aca-452a-9c95-b829450169ee" testId="f97596b7-6eb3-4c82-8c51-8ece18214968" testName="FormatToStringTest1000 (972.1468308629221,972.15 zł)" computerName="DESKTOP-5URQ9PB" duration="00:00:00.0000081" startTime="2022-06-13T21:11:52.1783569+02:00" endTime="2022-06-13T21:11:52.1784543+02:00" testType="13cdc9d9-ddb5-4fa4-a97d-d965ccfc6d4b" outcome="Passed" testListId="8c84fa94-04c1-424b-9868-57a2d4851a1d" relativeResultsDirectory="0a167a0a-7aca-452a-9c95-b829450169ee" />
    <UnitTestResult executionId="d8eabdaf-de97-4597-b574-c836745bc32a" testId="b7696f4c-d344-4455-8991-ad93505c5ec7" testName="FormatToStringTest1000 (7789.7136237517525,7789.71 zł)" computerName="DESKTOP-5URQ9PB" duration="00:00:00.0000101" startTime="2022-06-13T21:11:51.9510741+02:00" endTime="2022-06-13T21:11:51.9512121+02:00" testType="13cdc9d9-ddb5-4fa4-a97d-d965ccfc6d4b" outcome="Passed" testListId="8c84fa94-04c1-424b-9868-57a2d4851a1d" relativeResultsDirectory="d8eabdaf-de97-4597-b574-c836745bc32a" />
    <UnitTestResult executionId="e1274e84-a845-45c8-86c4-88bc6e23cbc0" testId="894a0ff2-6715-4198-87d1-21c66fa382b7" testName="FormatToStringTest1000 (32863.31705269558,32863.32 zł)" computerName="DESKTOP-5URQ9PB" duration="00:00:00.0000061" startTime="2022-06-13T21:11:52.2238479+02:00" endTime="2022-06-13T21:11:52.2239115+02:00" testType="13cdc9d9-ddb5-4fa4-a97d-d965ccfc6d4b" outcome="Passed" testListId="8c84fa94-04c1-424b-9868-57a2d4851a1d" relativeResultsDirectory="e1274e84-a845-45c8-86c4-88bc6e23cbc0" />
    <UnitTestResult executionId="d627d6e5-a8ab-4a32-9a6f-618d5f24b4b6" testId="c12ee967-b2ca-4685-a17b-66d81594de65" testName="FormatToStringTest1000 (2718.1767171650085,2718.18 zł)" computerName="DESKTOP-5URQ9PB" duration="00:00:00.0000065" startTime="2022-06-13T21:11:52.0546510+02:00" endTime="2022-06-13T21:11:52.0547277+02:00" testType="13cdc9d9-ddb5-4fa4-a97d-d965ccfc6d4b" outcome="Passed" testListId="8c84fa94-04c1-424b-9868-57a2d4851a1d" relativeResultsDirectory="d627d6e5-a8ab-4a32-9a6f-618d5f24b4b6" />
    <UnitTestResult executionId="6b971f57-ae0e-4439-a5f3-7afa82b51e8d" testId="ce7b3fc2-9080-4fbc-99c0-ac14e50771c5" testName="FormatToStringTest1000 (58111.21259843521,58111.21 zł)" computerName="DESKTOP-5URQ9PB" duration="00:00:00.0000061" startTime="2022-06-13T21:11:52.0219742+02:00" endTime="2022-06-13T21:11:52.0220415+02:00" testType="13cdc9d9-ddb5-4fa4-a97d-d965ccfc6d4b" outcome="Passed" testListId="8c84fa94-04c1-424b-9868-57a2d4851a1d" relativeResultsDirectory="6b971f57-ae0e-4439-a5f3-7afa82b51e8d" />
    <UnitTestResult executionId="00ecd9d4-d595-4a94-9304-9be8bc1f224c" testId="e4c88951-95d7-4dbc-98e3-a285c2a778e2" testName="FormatToStringTest1000 (9097.395563790293,9097.40 zł)" computerName="DESKTOP-5URQ9PB" duration="00:00:00.0000063" startTime="2022-06-13T21:11:52.2333898+02:00" endTime="2022-06-13T21:11:52.2334577+02:00" testType="13cdc9d9-ddb5-4fa4-a97d-d965ccfc6d4b" outcome="Passed" testListId="8c84fa94-04c1-424b-9868-57a2d4851a1d" relativeResultsDirectory="00ecd9d4-d595-4a94-9304-9be8bc1f224c" />
    <UnitTestResult executionId="9b70cef0-cea5-42af-8f2f-1fc42e6e4412" testId="43bbc32b-8b9e-4c3e-8225-8f14873acd45" testName="FormatToStringTest1000 (26468.346804109562,26468.35 zł)" computerName="DESKTOP-5URQ9PB" duration="00:00:00.0000110" startTime="2022-06-13T21:11:52.0578684+02:00" endTime="2022-06-13T21:11:52.0580155+02:00" testType="13cdc9d9-ddb5-4fa4-a97d-d965ccfc6d4b" outcome="Passed" testListId="8c84fa94-04c1-424b-9868-57a2d4851a1d" relativeResultsDirectory="9b70cef0-cea5-42af-8f2f-1fc42e6e4412" />
    <UnitTestResult executionId="9b9f13c6-c07b-4efb-b0b3-ef5631b38613" testId="69088376-8175-467b-9364-2cf9f49ef2a6" testName="FormatToStringTest1000 (22017.250119325356,22017.25 zł)" computerName="DESKTOP-5URQ9PB" duration="00:00:00.0000061" startTime="2022-06-13T21:11:51.9873807+02:00" endTime="2022-06-13T21:11:51.9874498+02:00" testType="13cdc9d9-ddb5-4fa4-a97d-d965ccfc6d4b" outcome="Passed" testListId="8c84fa94-04c1-424b-9868-57a2d4851a1d" relativeResultsDirectory="9b9f13c6-c07b-4efb-b0b3-ef5631b38613" />
    <UnitTestResult executionId="2b994cd8-6bd1-45ce-974d-e481065ba69b" testId="64fa875c-fa98-49f2-ab35-5b5dbbb03e40" testName="FormatToStringTest1000 (37826.846755123166,37826.85 zł)" computerName="DESKTOP-5URQ9PB" duration="00:00:00.0000067" startTime="2022-06-13T21:11:52.1847184+02:00" endTime="2022-06-13T21:11:52.1848020+02:00" testType="13cdc9d9-ddb5-4fa4-a97d-d965ccfc6d4b" outcome="Passed" testListId="8c84fa94-04c1-424b-9868-57a2d4851a1d" relativeResultsDirectory="2b994cd8-6bd1-45ce-974d-e481065ba69b" />
    <UnitTestResult executionId="64d42ce9-e278-465c-98ff-cd8c275022e9" testId="7b89447d-ea02-4c26-94df-f403272c2904" testName="FormatToStringTest1000 (79.6815319544084,79.68 zł)" computerName="DESKTOP-5URQ9PB" duration="00:00:00.0000166" startTime="2022-06-13T21:11:51.9339905+02:00" endTime="2022-06-13T21:11:51.9341631+02:00" testType="13cdc9d9-ddb5-4fa4-a97d-d965ccfc6d4b" outcome="Passed" testListId="8c84fa94-04c1-424b-9868-57a2d4851a1d" relativeResultsDirectory="64d42ce9-e278-465c-98ff-cd8c275022e9" />
    <UnitTestResult executionId="7717466b-66ad-4894-b99a-d3d555fca57d" testId="fb1a3588-5f2c-460b-80c9-70dcedeb767b" testName="FormatToStringTest1000 (904.351189922705,904.35 zł)" computerName="DESKTOP-5URQ9PB" duration="00:00:00.0000065" startTime="2022-06-13T21:11:52.2418046+02:00" endTime="2022-06-13T21:11:52.2418692+02:00" testType="13cdc9d9-ddb5-4fa4-a97d-d965ccfc6d4b" outcome="Passed" testListId="8c84fa94-04c1-424b-9868-57a2d4851a1d" relativeResultsDirectory="7717466b-66ad-4894-b99a-d3d555fca57d" />
    <UnitTestResult executionId="96f636bf-67c8-4be1-9244-0b0205beb99a" testId="335d4ad4-3ffd-4f64-b7d5-f3f31d5297f9" testName="FormatToStringTest1000 (54678.59301593089,54678.59 zł)" computerName="DESKTOP-5URQ9PB" duration="00:00:00.0000060" startTime="2022-06-13T21:11:52.2161247+02:00" endTime="2022-06-13T21:11:52.2161892+02:00" testType="13cdc9d9-ddb5-4fa4-a97d-d965ccfc6d4b" outcome="Passed" testListId="8c84fa94-04c1-424b-9868-57a2d4851a1d" relativeResultsDirectory="96f636bf-67c8-4be1-9244-0b0205beb99a" />
    <UnitTestResult executionId="13e88dfc-20e7-4612-8326-02cc5c176e4f" testId="8d8fbaa1-1bf3-4354-8108-d685060a2560" testName="FormatToStringTest1000 (7669.3855620214645,7669.39 zł)" computerName="DESKTOP-5URQ9PB" duration="00:00:00.0000069" startTime="2022-06-13T21:11:52.0358292+02:00" endTime="2022-06-13T21:11:52.0359129+02:00" testType="13cdc9d9-ddb5-4fa4-a97d-d965ccfc6d4b" outcome="Passed" testListId="8c84fa94-04c1-424b-9868-57a2d4851a1d" relativeResultsDirectory="13e88dfc-20e7-4612-8326-02cc5c176e4f" />
    <UnitTestResult executionId="96292f80-7c64-41b4-882b-ea88037b6cac" testId="9dd10955-a9de-4bd8-9451-fce1da2dbc38" testName="FormatToStringTest1000 (10511.7304983189,10511.73 zł)" computerName="DESKTOP-5URQ9PB" duration="00:00:00.0000065" startTime="2022-06-13T21:11:52.0892004+02:00" endTime="2022-06-13T21:11:52.0892728+02:00" testType="13cdc9d9-ddb5-4fa4-a97d-d965ccfc6d4b" outcome="Passed" testListId="8c84fa94-04c1-424b-9868-57a2d4851a1d" relativeResultsDirectory="96292f80-7c64-41b4-882b-ea88037b6cac" />
    <UnitTestResult executionId="4f11e8e8-4d5c-4480-a2dd-a73f3b873cd9" testId="bf1cdfa5-31fd-47c3-aa04-1e809a512c88" testName="FormatToStringTest1000 (24729.333280806586,24729.33 zł)" computerName="DESKTOP-5URQ9PB" duration="00:00:00.0000062" startTime="2022-06-13T21:11:52.1802830+02:00" endTime="2022-06-13T21:11:52.1803556+02:00" testType="13cdc9d9-ddb5-4fa4-a97d-d965ccfc6d4b" outcome="Passed" testListId="8c84fa94-04c1-424b-9868-57a2d4851a1d" relativeResultsDirectory="4f11e8e8-4d5c-4480-a2dd-a73f3b873cd9" />
    <UnitTestResult executionId="fbd16f31-11b0-4597-a53a-607b9022fa78" testId="1eb6556d-c2b3-44ad-87a8-502674c4bd7e" testName="FormatToStringTest1000 (30126.012320622805,30126.01 zł)" computerName="DESKTOP-5URQ9PB" duration="00:00:00.0000066" startTime="2022-06-13T21:11:51.9909857+02:00" endTime="2022-06-13T21:11:51.9910602+02:00" testType="13cdc9d9-ddb5-4fa4-a97d-d965ccfc6d4b" outcome="Passed" testListId="8c84fa94-04c1-424b-9868-57a2d4851a1d" relativeResultsDirectory="fbd16f31-11b0-4597-a53a-607b9022fa78" />
    <UnitTestResult executionId="0d0f08ff-e9d5-4b7d-af47-77ec4e44b86b" testId="05f4d0bf-da3a-4194-b332-6751ea1bbd95" testName="FormatToStringTest1000 (743.047944508981,743.05 zł)" computerName="DESKTOP-5URQ9PB" duration="00:00:00.0000064" startTime="2022-06-13T21:11:52.1718247+02:00" endTime="2022-06-13T21:11:52.1718911+02:00" testType="13cdc9d9-ddb5-4fa4-a97d-d965ccfc6d4b" outcome="Passed" testListId="8c84fa94-04c1-424b-9868-57a2d4851a1d" relativeResultsDirectory="0d0f08ff-e9d5-4b7d-af47-77ec4e44b86b" />
    <UnitTestResult executionId="59e3759a-cb88-44a3-bb9b-fd690a0bb886" testId="8d57e577-0ef9-442a-a9b7-095c6aa86ff5" testName="FormatToStringTest1000 (32821.05661472215,32821.06 zł)" computerName="DESKTOP-5URQ9PB" duration="00:00:00.0000093" startTime="2022-06-13T21:11:52.1979841+02:00" endTime="2022-06-13T21:11:52.1980811+02:00" testType="13cdc9d9-ddb5-4fa4-a97d-d965ccfc6d4b" outcome="Passed" testListId="8c84fa94-04c1-424b-9868-57a2d4851a1d" relativeResultsDirectory="59e3759a-cb88-44a3-bb9b-fd690a0bb886" />
    <UnitTestResult executionId="2e816978-f258-4b78-86ca-ac9acaf0bd5c" testId="ae49ad55-803c-42b5-88f3-8df1c93a03c5" testName="FormatToStringTest1000 (38961.459057294516,38961.46 zł)" computerName="DESKTOP-5URQ9PB" duration="00:00:00.0000065" startTime="2022-06-13T21:11:52.0934161+02:00" endTime="2022-06-13T21:11:52.0934853+02:00" testType="13cdc9d9-ddb5-4fa4-a97d-d965ccfc6d4b" outcome="Passed" testListId="8c84fa94-04c1-424b-9868-57a2d4851a1d" relativeResultsDirectory="2e816978-f258-4b78-86ca-ac9acaf0bd5c" />
    <UnitTestResult executionId="cf0d79a6-f7b8-478a-9072-23489db30e45" testId="e0f32e65-ef62-47ab-afb5-8548576a25cf" testName="FormatToStringTest1000 (115.26302841131717,115.26 zł)" computerName="DESKTOP-5URQ9PB" duration="00:00:00.0000060" startTime="2022-06-13T21:11:52.0190356+02:00" endTime="2022-06-13T21:11:52.0191023+02:00" testType="13cdc9d9-ddb5-4fa4-a97d-d965ccfc6d4b" outcome="Passed" testListId="8c84fa94-04c1-424b-9868-57a2d4851a1d" relativeResultsDirectory="cf0d79a6-f7b8-478a-9072-23489db30e45" />
    <UnitTestResult executionId="a573b897-1917-470a-ae70-8bfefd95b49a" testId="f962ef8c-101e-4d7f-87b5-6fd9076070fa" testName="FormatToStringTest1000 (8095.485677032492,8095.49 zł)" computerName="DESKTOP-5URQ9PB" duration="00:00:00.0000061" startTime="2022-06-13T21:11:52.1824401+02:00" endTime="2022-06-13T21:11:52.1825056+02:00" testType="13cdc9d9-ddb5-4fa4-a97d-d965ccfc6d4b" outcome="Passed" testListId="8c84fa94-04c1-424b-9868-57a2d4851a1d" relativeResultsDirectory="a573b897-1917-470a-ae70-8bfefd95b49a" />
    <UnitTestResult executionId="fcf4fd31-3351-4415-ae8f-64d14cafee5c" testId="989a9045-d511-4bb5-8409-f48cf4afddde" testName="FormatToStringTest1000 (52032.65082931176,52032.65 zł)" computerName="DESKTOP-5URQ9PB" duration="00:00:00.0000062" startTime="2022-06-13T21:11:52.2787396+02:00" endTime="2022-06-13T21:11:52.2788033+02:00" testType="13cdc9d9-ddb5-4fa4-a97d-d965ccfc6d4b" outcome="Passed" testListId="8c84fa94-04c1-424b-9868-57a2d4851a1d" relativeResultsDirectory="fcf4fd31-3351-4415-ae8f-64d14cafee5c" />
    <UnitTestResult executionId="852f995d-73a3-41af-bdd0-6b51b21b480d" testId="9e1c4375-41c2-45b8-8674-c91498517a73" testName="FormatToStringTest1000 (79973.08417819678,79973.08 zł)" computerName="DESKTOP-5URQ9PB" duration="00:00:00.0000069" startTime="2022-06-13T21:11:51.8921045+02:00" endTime="2022-06-13T21:11:51.8921717+02:00" testType="13cdc9d9-ddb5-4fa4-a97d-d965ccfc6d4b" outcome="Passed" testListId="8c84fa94-04c1-424b-9868-57a2d4851a1d" relativeResultsDirectory="852f995d-73a3-41af-bdd0-6b51b21b480d" />
    <UnitTestResult executionId="07507759-d851-4797-8ada-2d21b4c2ed11" testId="3f49b2cf-44d0-4df3-8ddb-30fb59ba5770" testName="FormatToStringTest1000 (6262.373413993219,6262.37 zł)" computerName="DESKTOP-5URQ9PB" duration="00:00:00.0000061" startTime="2022-06-13T21:11:52.0693463+02:00" endTime="2022-06-13T21:11:52.0694132+02:00" testType="13cdc9d9-ddb5-4fa4-a97d-d965ccfc6d4b" outcome="Passed" testListId="8c84fa94-04c1-424b-9868-57a2d4851a1d" relativeResultsDirectory="07507759-d851-4797-8ada-2d21b4c2ed11" />
    <UnitTestResult executionId="d2185181-f856-495c-82d3-d97734c4c5dc" testId="753c0852-5fa9-41d9-b239-061c5e96b0dd" testName="FormatToStringTest1000 (486.15309567942893,486.15 zł)" computerName="DESKTOP-5URQ9PB" duration="00:00:00.0000060" startTime="2022-06-13T21:11:52.0825220+02:00" endTime="2022-06-13T21:11:52.0825885+02:00" testType="13cdc9d9-ddb5-4fa4-a97d-d965ccfc6d4b" outcome="Passed" testListId="8c84fa94-04c1-424b-9868-57a2d4851a1d" relativeResultsDirectory="d2185181-f856-495c-82d3-d97734c4c5dc" />
    <UnitTestResult executionId="724db12f-ad1e-4d86-93bc-c6f4a5cae8f2" testId="99b9bfec-8bc2-4073-98c6-4e4cab59fb6a" testName="FormatToStringTest1000 (748.6264857065987,748.63 zł)" computerName="DESKTOP-5URQ9PB" duration="00:00:00.0000062" startTime="2022-06-13T21:11:52.1248800+02:00" endTime="2022-06-13T21:11:52.1249499+02:00" testType="13cdc9d9-ddb5-4fa4-a97d-d965ccfc6d4b" outcome="Passed" testListId="8c84fa94-04c1-424b-9868-57a2d4851a1d" relativeResultsDirectory="724db12f-ad1e-4d86-93bc-c6f4a5cae8f2" />
    <UnitTestResult executionId="c669e6ea-5f47-46de-979a-a7fb5bd5fff6" testId="38130354-7bc9-4115-a14d-470db94a8e8a" testName="FormatToStringTest1000 (50956.25028206606,50956.25 zł)" computerName="DESKTOP-5URQ9PB" duration="00:00:00.0000062" startTime="2022-06-13T21:11:52.0191206+02:00" endTime="2022-06-13T21:11:52.0191870+02:00" testType="13cdc9d9-ddb5-4fa4-a97d-d965ccfc6d4b" outcome="Passed" testListId="8c84fa94-04c1-424b-9868-57a2d4851a1d" relativeResultsDirectory="c669e6ea-5f47-46de-979a-a7fb5bd5fff6" />
    <UnitTestResult executionId="1cc2680e-cd54-4265-ba52-e5f09189815e" testId="1bf83fe3-f7c9-406d-b9b9-ce160697b6fd" testName="FormatToStringTest1000 (67380.07704875062,67380.08 zł)" computerName="DESKTOP-5URQ9PB" duration="00:00:00.0000064" startTime="2022-06-13T21:11:52.0662812+02:00" endTime="2022-06-13T21:11:52.0663528+02:00" testType="13cdc9d9-ddb5-4fa4-a97d-d965ccfc6d4b" outcome="Passed" testListId="8c84fa94-04c1-424b-9868-57a2d4851a1d" relativeResultsDirectory="1cc2680e-cd54-4265-ba52-e5f09189815e" />
    <UnitTestResult executionId="00aca9b5-6ee7-4443-9450-5acf7cf514aa" testId="7a5d8fb6-7c7c-42a9-a579-9d349756639d" testName="FormatToStringTest1000 (11118.620997698335,11118.62 zł)" computerName="DESKTOP-5URQ9PB" duration="00:00:00.0000060" startTime="2022-06-13T21:11:52.1066090+02:00" endTime="2022-06-13T21:11:52.1066759+02:00" testType="13cdc9d9-ddb5-4fa4-a97d-d965ccfc6d4b" outcome="Passed" testListId="8c84fa94-04c1-424b-9868-57a2d4851a1d" relativeResultsDirectory="00aca9b5-6ee7-4443-9450-5acf7cf514aa" />
    <UnitTestResult executionId="3c09dd66-7dae-4634-a5a4-682efee07202" testId="eb512b41-05d0-4e50-9864-b8d1869a4146" testName="FormatToStringTest1000 (5022.470719070859,5022.47 zł)" computerName="DESKTOP-5URQ9PB" duration="00:00:00.0000078" startTime="2022-06-13T21:11:52.0629280+02:00" endTime="2022-06-13T21:11:52.0630216+02:00" testType="13cdc9d9-ddb5-4fa4-a97d-d965ccfc6d4b" outcome="Passed" testListId="8c84fa94-04c1-424b-9868-57a2d4851a1d" relativeResultsDirectory="3c09dd66-7dae-4634-a5a4-682efee07202" />
    <UnitTestResult executionId="e87797d9-89fd-4b53-905b-8cff42fff909" testId="862bd3ba-1b82-472d-adc9-b2e9d41d1e30" testName="FormatToStringTest1000 (3646.857719214101,3646.86 zł)" computerName="DESKTOP-5URQ9PB" duration="00:00:00.0000065" startTime="2022-06-13T21:11:52.1201400+02:00" endTime="2022-06-13T21:11:52.1202167+02:00" testType="13cdc9d9-ddb5-4fa4-a97d-d965ccfc6d4b" outcome="Passed" testListId="8c84fa94-04c1-424b-9868-57a2d4851a1d" relativeResultsDirectory="e87797d9-89fd-4b53-905b-8cff42fff909" />
    <UnitTestResult executionId="29b2537e-9f23-410f-b906-f3f28b214a49" testId="0ed062f7-6d79-43c4-aec2-9c6586d23dc5" testName="FormatToStringTest1000 (24528.124092612474,24528.12 zł)" computerName="DESKTOP-5URQ9PB" duration="00:00:00.0000061" startTime="2022-06-13T21:11:52.0663712+02:00" endTime="2022-06-13T21:11:52.0664377+02:00" testType="13cdc9d9-ddb5-4fa4-a97d-d965ccfc6d4b" outcome="Passed" testListId="8c84fa94-04c1-424b-9868-57a2d4851a1d" relativeResultsDirectory="29b2537e-9f23-410f-b906-f3f28b214a49" />
    <UnitTestResult executionId="8ff4d2a9-9f1b-4015-b0bf-960424d5eff2" testId="e127f886-3290-4e23-8e97-a0e64bb5c530" testName="FormatToStringTest1000 (48544.390887578666,48544.39 zł)" computerName="DESKTOP-5URQ9PB" duration="00:00:00.0000061" startTime="2022-06-13T21:11:52.1714923+02:00" endTime="2022-06-13T21:11:52.1715581+02:00" testType="13cdc9d9-ddb5-4fa4-a97d-d965ccfc6d4b" outcome="Passed" testListId="8c84fa94-04c1-424b-9868-57a2d4851a1d" relativeResultsDirectory="8ff4d2a9-9f1b-4015-b0bf-960424d5eff2" />
    <UnitTestResult executionId="48ac8188-6b74-473a-8d79-85739ccebfa9" testId="b0f1cdc4-8b88-454e-8c79-5b0dc8ea1e40" testName="FormatToStringTest1000 (40400.9734049295,40400.97 zł)" computerName="DESKTOP-5URQ9PB" duration="00:00:00.0000086" startTime="2022-06-13T21:11:52.0586903+02:00" endTime="2022-06-13T21:11:52.0587767+02:00" testType="13cdc9d9-ddb5-4fa4-a97d-d965ccfc6d4b" outcome="Passed" testListId="8c84fa94-04c1-424b-9868-57a2d4851a1d" relativeResultsDirectory="48ac8188-6b74-473a-8d79-85739ccebfa9" />
    <UnitTestResult executionId="3bdb4139-7892-4669-9047-c3f5008978f4" testId="d30e0b24-419e-428b-a15d-0ebf0ddb16a7" testName="FormatToStringTest1000 (35714.78133482243,35714.78 zł)" computerName="DESKTOP-5URQ9PB" duration="00:00:00.0000062" startTime="2022-06-13T21:11:52.0826899+02:00" endTime="2022-06-13T21:11:52.0827563+02:00" testType="13cdc9d9-ddb5-4fa4-a97d-d965ccfc6d4b" outcome="Passed" testListId="8c84fa94-04c1-424b-9868-57a2d4851a1d" relativeResultsDirectory="3bdb4139-7892-4669-9047-c3f5008978f4" />
    <UnitTestResult executionId="fbf22f2a-e9db-4813-9115-7bf001b74401" testId="c068e603-495f-48b8-8c65-ce62f67b13d6" testName="FormatToStringTest1000 (30360.993128030557,30360.99 zł)" computerName="DESKTOP-5URQ9PB" duration="00:00:00.0000063" startTime="2022-06-13T21:11:52.2804527+02:00" endTime="2022-06-13T21:11:52.2805180+02:00" testType="13cdc9d9-ddb5-4fa4-a97d-d965ccfc6d4b" outcome="Passed" testListId="8c84fa94-04c1-424b-9868-57a2d4851a1d" relativeResultsDirectory="fbf22f2a-e9db-4813-9115-7bf001b74401" />
    <UnitTestResult executionId="df12b0f9-b506-4296-878e-50a0ce94ecf0" testId="f2cdc9c9-f005-4419-b5c0-e3bdfcc9dd84" testName="FormatToStringTest1000 (28992.38363400166,28992.38 zł)" computerName="DESKTOP-5URQ9PB" duration="00:00:00.0000062" startTime="2022-06-13T21:11:52.2122258+02:00" endTime="2022-06-13T21:11:52.2122902+02:00" testType="13cdc9d9-ddb5-4fa4-a97d-d965ccfc6d4b" outcome="Passed" testListId="8c84fa94-04c1-424b-9868-57a2d4851a1d" relativeResultsDirectory="df12b0f9-b506-4296-878e-50a0ce94ecf0" />
    <UnitTestResult executionId="cd7b4909-2c7f-44b0-83b4-f39307712257" testId="b6eca0f3-c010-4a53-8e30-8243eb91b986" testName="FormatToStringTest1000 (46898.00219497783,46898.00 zł)" computerName="DESKTOP-5URQ9PB" duration="00:00:00.0000077" startTime="2022-06-13T21:11:51.9728419+02:00" endTime="2022-06-13T21:11:51.9729398+02:00" testType="13cdc9d9-ddb5-4fa4-a97d-d965ccfc6d4b" outcome="Passed" testListId="8c84fa94-04c1-424b-9868-57a2d4851a1d" relativeResultsDirectory="cd7b4909-2c7f-44b0-83b4-f39307712257" />
    <UnitTestResult executionId="e72c5a79-0821-4e5b-94a0-b762717c6de8" testId="795e736f-a0f8-4f7e-b37c-88c4ac32810c" testName="FormatToStringTest1000 (12202.860111308684,12202.86 zł)" computerName="DESKTOP-5URQ9PB" duration="00:00:00.0000062" startTime="2022-06-13T21:11:52.1124742+02:00" endTime="2022-06-13T21:11:52.1125407+02:00" testType="13cdc9d9-ddb5-4fa4-a97d-d965ccfc6d4b" outcome="Passed" testListId="8c84fa94-04c1-424b-9868-57a2d4851a1d" relativeResultsDirectory="e72c5a79-0821-4e5b-94a0-b762717c6de8" />
    <UnitTestResult executionId="98fbb230-911b-4a58-80ef-0a545b4f6f59" testId="7f30a204-f694-4718-b6f0-2e240c82076c" testName="FormatToStringTest1000 (30020.248557890412,30020.25 zł)" computerName="DESKTOP-5URQ9PB" duration="00:00:00.0000063" startTime="2022-06-13T21:11:52.1877747+02:00" endTime="2022-06-13T21:11:52.1878411+02:00" testType="13cdc9d9-ddb5-4fa4-a97d-d965ccfc6d4b" outcome="Passed" testListId="8c84fa94-04c1-424b-9868-57a2d4851a1d" relativeResultsDirectory="98fbb230-911b-4a58-80ef-0a545b4f6f59" />
    <UnitTestResult executionId="8a63ed83-0fde-420d-b2be-e349fb494e49" testId="ab76868e-d84a-46fa-a2cc-f276eaeeada0" testName="FormatToStringTest1000 (3030.9461949132133,3030.95 zł)" computerName="DESKTOP-5URQ9PB" duration="00:00:00.0000063" startTime="2022-06-13T21:11:52.1027972+02:00" endTime="2022-06-13T21:11:52.1028657+02:00" testType="13cdc9d9-ddb5-4fa4-a97d-d965ccfc6d4b" outcome="Passed" testListId="8c84fa94-04c1-424b-9868-57a2d4851a1d" relativeResultsDirectory="8a63ed83-0fde-420d-b2be-e349fb494e49" />
    <UnitTestResult executionId="c9aee4c6-3187-498a-96cd-6fb2ab2bfd05" testId="5fd871d9-958e-4b8d-8733-0baa6ab2678a" testName="FormatToStringTest1000 (36893.66238331593,36893.66 zł)" computerName="DESKTOP-5URQ9PB" duration="00:00:00.0000064" startTime="2022-06-13T21:11:52.2309477+02:00" endTime="2022-06-13T21:11:52.2310158+02:00" testType="13cdc9d9-ddb5-4fa4-a97d-d965ccfc6d4b" outcome="Passed" testListId="8c84fa94-04c1-424b-9868-57a2d4851a1d" relativeResultsDirectory="c9aee4c6-3187-498a-96cd-6fb2ab2bfd05" />
    <UnitTestResult executionId="5b0cb102-c306-47a6-9775-15ff4df8f621" testId="bb4563b5-a69f-4a80-a7ca-3725716cec9d" testName="FormatToStringTest1000 (7013.601812260971,7013.60 zł)" computerName="DESKTOP-5URQ9PB" duration="00:00:00.0000062" startTime="2022-06-13T21:11:52.2695044+02:00" endTime="2022-06-13T21:11:52.2695684+02:00" testType="13cdc9d9-ddb5-4fa4-a97d-d965ccfc6d4b" outcome="Passed" testListId="8c84fa94-04c1-424b-9868-57a2d4851a1d" relativeResultsDirectory="5b0cb102-c306-47a6-9775-15ff4df8f621" />
    <UnitTestResult executionId="f8064e76-f362-4276-a7fa-e560ae2338e4" testId="6e158735-e1d4-49b8-9710-d15b4818d762" testName="FormatToStringTest1000 (2166.4103293970275,2166.41 zł)" computerName="DESKTOP-5URQ9PB" duration="00:00:00.0000248" startTime="2022-06-13T21:11:52.1551341+02:00" endTime="2022-06-13T21:11:52.1553044+02:00" testType="13cdc9d9-ddb5-4fa4-a97d-d965ccfc6d4b" outcome="Passed" testListId="8c84fa94-04c1-424b-9868-57a2d4851a1d" relativeResultsDirectory="f8064e76-f362-4276-a7fa-e560ae2338e4" />
    <UnitTestResult executionId="8b3720d9-a202-4d19-83f0-95a5c4c512ea" testId="38110e66-78a5-4afa-bfc5-98768330eeee" testName="FormatToStringTest1000 (35784.54232617307,35784.54 zł)" computerName="DESKTOP-5URQ9PB" duration="00:00:00.0000081" startTime="2022-06-13T21:11:51.9448333+02:00" endTime="2022-06-13T21:11:51.9449285+02:00" testType="13cdc9d9-ddb5-4fa4-a97d-d965ccfc6d4b" outcome="Passed" testListId="8c84fa94-04c1-424b-9868-57a2d4851a1d" relativeResultsDirectory="8b3720d9-a202-4d19-83f0-95a5c4c512ea" />
    <UnitTestResult executionId="b31a3a1d-68c1-4c7d-b808-e36251a02cec" testId="9cbc01f8-5398-4e17-b6b1-02123a44c5f4" testName="FormatToStringTest1000 (28033.439084134738,28033.44 zł)" computerName="DESKTOP-5URQ9PB" duration="00:00:00.0000261" startTime="2022-06-13T21:11:52.1515470+02:00" endTime="2022-06-13T21:11:52.1517161+02:00" testType="13cdc9d9-ddb5-4fa4-a97d-d965ccfc6d4b" outcome="Passed" testListId="8c84fa94-04c1-424b-9868-57a2d4851a1d" relativeResultsDirectory="b31a3a1d-68c1-4c7d-b808-e36251a02cec" />
    <UnitTestResult executionId="c197469c-175a-4090-bfbc-724111de98d1" testId="abc87e31-25e6-4e4c-bbb3-170b0e03ef4c" testName="FormatToStringTest1000 (69373.32129976773,69373.32 zł)" computerName="DESKTOP-5URQ9PB" duration="00:00:00.0000064" startTime="2022-06-13T21:11:52.1286133+02:00" endTime="2022-06-13T21:11:52.1286828+02:00" testType="13cdc9d9-ddb5-4fa4-a97d-d965ccfc6d4b" outcome="Passed" testListId="8c84fa94-04c1-424b-9868-57a2d4851a1d" relativeResultsDirectory="c197469c-175a-4090-bfbc-724111de98d1" />
    <UnitTestResult executionId="40f1b8f3-78d9-41ba-93e8-49e82e19b6ed" testId="15aab59b-a3ef-4606-930a-b24e0d90fb4f" testName="FormatToStringTest1000 (19603.69286519321,19603.69 zł)" computerName="DESKTOP-5URQ9PB" duration="00:00:00.0000061" startTime="2022-06-13T21:11:52.2770683+02:00" endTime="2022-06-13T21:11:52.2771326+02:00" testType="13cdc9d9-ddb5-4fa4-a97d-d965ccfc6d4b" outcome="Passed" testListId="8c84fa94-04c1-424b-9868-57a2d4851a1d" relativeResultsDirectory="40f1b8f3-78d9-41ba-93e8-49e82e19b6ed" />
    <UnitTestResult executionId="8dff74f2-8c95-4043-bb9f-0460fc7e75f7" testId="747d3cbb-43eb-4011-9501-eabdde47c75a" testName="FormatToStringTest1000 (14480.387652530982,14480.39 zł)" computerName="DESKTOP-5URQ9PB" duration="00:00:00.0000063" startTime="2022-06-13T21:11:52.0395962+02:00" endTime="2022-06-13T21:11:52.0396668+02:00" testType="13cdc9d9-ddb5-4fa4-a97d-d965ccfc6d4b" outcome="Passed" testListId="8c84fa94-04c1-424b-9868-57a2d4851a1d" relativeResultsDirectory="8dff74f2-8c95-4043-bb9f-0460fc7e75f7" />
    <UnitTestResult executionId="51eb69f6-739f-48b0-a3a3-921556b3f2c5" testId="0cee999f-3ca5-428c-b8ab-f1674c62d9fd" testName="FormatToStringTest1000 (386.358918903097,386.36 zł)" computerName="DESKTOP-5URQ9PB" duration="00:00:00.0000064" startTime="2022-06-13T21:11:52.0624379+02:00" endTime="2022-06-13T21:11:52.0625063+02:00" testType="13cdc9d9-ddb5-4fa4-a97d-d965ccfc6d4b" outcome="Passed" testListId="8c84fa94-04c1-424b-9868-57a2d4851a1d" relativeResultsDirectory="51eb69f6-739f-48b0-a3a3-921556b3f2c5" />
    <UnitTestResult executionId="c0b47683-68c6-4c89-ae8d-d3b66efd8602" testId="84d2bbd6-8b27-4afc-b118-e51dab45cb42" testName="FormatToStringTest1000 (1898.24149096489,1898.24 zł)" computerName="DESKTOP-5URQ9PB" duration="00:00:00.0000062" startTime="2022-06-13T21:11:52.2160452+02:00" endTime="2022-06-13T21:11:52.2161079+02:00" testType="13cdc9d9-ddb5-4fa4-a97d-d965ccfc6d4b" outcome="Passed" testListId="8c84fa94-04c1-424b-9868-57a2d4851a1d" relativeResultsDirectory="c0b47683-68c6-4c89-ae8d-d3b66efd8602" />
    <UnitTestResult executionId="e1f27179-68d8-4a52-a06f-9137e8f1f1ba" testId="3d931bd2-584b-475c-9432-8c82e9cdb41b" testName="FormatToStringTest1000 (48684.26840475959,48684.27 zł)" computerName="DESKTOP-5URQ9PB" duration="00:00:00.0000061" startTime="2022-06-13T21:11:52.1920747+02:00" endTime="2022-06-13T21:11:52.1921398+02:00" testType="13cdc9d9-ddb5-4fa4-a97d-d965ccfc6d4b" outcome="Passed" testListId="8c84fa94-04c1-424b-9868-57a2d4851a1d" relativeResultsDirectory="e1f27179-68d8-4a52-a06f-9137e8f1f1ba" />
    <UnitTestResult executionId="a89af1a7-469d-40ae-b1ce-1280cec05242" testId="2f56d745-67df-489e-beee-abc3111ba8a9" testName="FormatToStringTest1000 (95071.15957335343,95071.16 zł)" computerName="DESKTOP-5URQ9PB" duration="00:00:00.0000196" startTime="2022-06-13T21:11:52.1971607+02:00" endTime="2022-06-13T21:11:52.1973338+02:00" testType="13cdc9d9-ddb5-4fa4-a97d-d965ccfc6d4b" outcome="Passed" testListId="8c84fa94-04c1-424b-9868-57a2d4851a1d" relativeResultsDirectory="a89af1a7-469d-40ae-b1ce-1280cec05242" />
    <UnitTestResult executionId="171f3775-5256-4cab-bd1a-42233b0d9cd9" testId="454e2578-247f-4dd4-bacb-724f7b3ed8d8" testName="FormatToStringTest1000 (1884.4923513031063,1884.49 zł)" computerName="DESKTOP-5URQ9PB" duration="00:00:00.0000061" startTime="2022-06-13T21:11:52.1674383+02:00" endTime="2022-06-13T21:11:52.1675037+02:00" testType="13cdc9d9-ddb5-4fa4-a97d-d965ccfc6d4b" outcome="Passed" testListId="8c84fa94-04c1-424b-9868-57a2d4851a1d" relativeResultsDirectory="171f3775-5256-4cab-bd1a-42233b0d9cd9" />
    <UnitTestResult executionId="0502d67b-f735-4c68-b748-73e847e5cb40" testId="c9a1ad9b-9940-4fb2-970d-4de0165b2503" testName="FormatToStringTest1000 (72905.64834432845,72905.65 zł)" computerName="DESKTOP-5URQ9PB" duration="00:00:00.0000068" startTime="2022-06-13T21:11:52.2174831+02:00" endTime="2022-06-13T21:11:52.2175589+02:00" testType="13cdc9d9-ddb5-4fa4-a97d-d965ccfc6d4b" outcome="Passed" testListId="8c84fa94-04c1-424b-9868-57a2d4851a1d" relativeResultsDirectory="0502d67b-f735-4c68-b748-73e847e5cb40" />
    <UnitTestResult executionId="89d5aa15-a18d-4cd3-bfd3-c9268cd0a775" testId="11b7f1a1-ee20-449e-835f-18415b64b567" testName="FormatToStringTest1000 (46607.970025941715,46607.97 zł)" computerName="DESKTOP-5URQ9PB" duration="00:00:00.0000061" startTime="2022-06-13T21:11:52.1063535+02:00" endTime="2022-06-13T21:11:52.1064219+02:00" testType="13cdc9d9-ddb5-4fa4-a97d-d965ccfc6d4b" outcome="Passed" testListId="8c84fa94-04c1-424b-9868-57a2d4851a1d" relativeResultsDirectory="89d5aa15-a18d-4cd3-bfd3-c9268cd0a775" />
    <UnitTestResult executionId="1f62ed43-e1f0-4cd4-bf07-ae91d02f698e" testId="2c045aa8-5e8b-4601-aaa0-7778821d11b6" testName="FormatToStringTest1000 (48084.94422955389,48084.94 zł)" computerName="DESKTOP-5URQ9PB" duration="00:00:00.0000079" startTime="2022-06-13T21:11:52.0859865+02:00" endTime="2022-06-13T21:11:52.0860592+02:00" testType="13cdc9d9-ddb5-4fa4-a97d-d965ccfc6d4b" outcome="Passed" testListId="8c84fa94-04c1-424b-9868-57a2d4851a1d" relativeResultsDirectory="1f62ed43-e1f0-4cd4-bf07-ae91d02f698e" />
    <UnitTestResult executionId="65cee43a-690c-4597-9449-b3ae4c55b6ea" testId="2ad673c5-df88-4b8d-9d73-239688176385" testName="FormatToStringTest1000 (38402.8293406753,38402.83 zł)" computerName="DESKTOP-5URQ9PB" duration="00:00:00.0000062" startTime="2022-06-13T21:11:52.2140211+02:00" endTime="2022-06-13T21:11:52.2140833+02:00" testType="13cdc9d9-ddb5-4fa4-a97d-d965ccfc6d4b" outcome="Passed" testListId="8c84fa94-04c1-424b-9868-57a2d4851a1d" relativeResultsDirectory="65cee43a-690c-4597-9449-b3ae4c55b6ea" />
    <UnitTestResult executionId="369d82f1-566d-4204-919f-6ed2961aed45" testId="2201fc7d-99cc-43b4-b2fc-277460d4b216" testName="FormatToStringTest1000 (27050.586848031067,27050.59 zł)" computerName="DESKTOP-5URQ9PB" duration="00:00:00.0000062" startTime="2022-06-13T21:11:51.9345735+02:00" endTime="2022-06-13T21:11:51.9346407+02:00" testType="13cdc9d9-ddb5-4fa4-a97d-d965ccfc6d4b" outcome="Passed" testListId="8c84fa94-04c1-424b-9868-57a2d4851a1d" relativeResultsDirectory="369d82f1-566d-4204-919f-6ed2961aed45" />
    <UnitTestResult executionId="03957ba5-00dc-4e63-bba1-9895e12b8b1d" testId="9fcc35ce-8a2c-4ba8-b87b-834f6f765815" testName="FormatToStringTest1000 (38076.55319665165,38076.55 zł)" computerName="DESKTOP-5URQ9PB" duration="00:00:00.0000060" startTime="2022-06-13T21:11:51.9847442+02:00" endTime="2022-06-13T21:11:51.9848103+02:00" testType="13cdc9d9-ddb5-4fa4-a97d-d965ccfc6d4b" outcome="Passed" testListId="8c84fa94-04c1-424b-9868-57a2d4851a1d" relativeResultsDirectory="03957ba5-00dc-4e63-bba1-9895e12b8b1d" />
    <UnitTestResult executionId="dd4b2bba-d729-48c4-ba2d-4eb20cbcb287" testId="fdd97c6e-eb58-4b1f-91a4-30625c5ea1df" testName="FormatToStringTest1000 (15600.245951180927,15600.25 zł)" computerName="DESKTOP-5URQ9PB" duration="00:00:00.0000062" startTime="2022-06-13T21:11:52.1247921+02:00" endTime="2022-06-13T21:11:52.1248617+02:00" testType="13cdc9d9-ddb5-4fa4-a97d-d965ccfc6d4b" outcome="Passed" testListId="8c84fa94-04c1-424b-9868-57a2d4851a1d" relativeResultsDirectory="dd4b2bba-d729-48c4-ba2d-4eb20cbcb287" />
    <UnitTestResult executionId="33d71388-ae23-4692-81ef-8d096a978fcf" testId="eacc5fea-2304-4801-8e40-bff0f4db1923" testName="FormatToStringTest1000 (8644.187977380207,8644.19 zł)" computerName="DESKTOP-5URQ9PB" duration="00:00:00.0000095" startTime="2022-06-13T21:11:52.2287023+02:00" endTime="2022-06-13T21:11:52.2288328+02:00" testType="13cdc9d9-ddb5-4fa4-a97d-d965ccfc6d4b" outcome="Passed" testListId="8c84fa94-04c1-424b-9868-57a2d4851a1d" relativeResultsDirectory="33d71388-ae23-4692-81ef-8d096a978fcf" />
    <UnitTestResult executionId="047c0f57-0e0f-4826-965a-526aee5dac04" testId="acb160b4-8b01-48bc-8b6c-663abe8dbd1d" testName="FormatToStringTest1000 (653.4647999170537,653.46 zł)" computerName="DESKTOP-5URQ9PB" duration="00:00:00.0000073" startTime="2022-06-13T21:11:52.0582346+02:00" endTime="2022-06-13T21:11:52.0583323+02:00" testType="13cdc9d9-ddb5-4fa4-a97d-d965ccfc6d4b" outcome="Passed" testListId="8c84fa94-04c1-424b-9868-57a2d4851a1d" relativeResultsDirectory="047c0f57-0e0f-4826-965a-526aee5dac04" />
    <UnitTestResult executionId="ec042c21-c173-4c7b-aaaa-e64558ce129d" testId="84ff31c8-333e-4bc8-9684-ec4c8fe3e243" testName="FormatToStringTest1000 (5396.620088554277,5396.62 zł)" computerName="DESKTOP-5URQ9PB" duration="00:00:00.0000060" startTime="2022-06-13T21:11:51.9348279+02:00" endTime="2022-06-13T21:11:51.9348940+02:00" testType="13cdc9d9-ddb5-4fa4-a97d-d965ccfc6d4b" outcome="Passed" testListId="8c84fa94-04c1-424b-9868-57a2d4851a1d" relativeResultsDirectory="ec042c21-c173-4c7b-aaaa-e64558ce129d" />
    <UnitTestResult executionId="22b57236-cbaf-407c-9c0a-cd7cb935c518" testId="a9e39bee-5aa1-41d4-b1bf-2ca59815153a" testName="FormatToStringTest1000 (29678.921519093645,29678.92 zł)" computerName="DESKTOP-5URQ9PB" duration="00:00:00.0000062" startTime="2022-06-13T21:11:52.1756511+02:00" endTime="2022-06-13T21:11:52.1757176+02:00" testType="13cdc9d9-ddb5-4fa4-a97d-d965ccfc6d4b" outcome="Passed" testListId="8c84fa94-04c1-424b-9868-57a2d4851a1d" relativeResultsDirectory="22b57236-cbaf-407c-9c0a-cd7cb935c518" />
    <UnitTestResult executionId="cfc87733-6788-4f02-8c20-53981c045765" testId="17cf1c07-ad7f-4687-8b47-3590b53bc8e2" testName="FormatToStringTest1000 (14237.13226245955,14237.13 zł)" computerName="DESKTOP-5URQ9PB" duration="00:00:00.0000063" startTime="2022-06-13T21:11:51.9384525+02:00" endTime="2022-06-13T21:11:51.9385229+02:00" testType="13cdc9d9-ddb5-4fa4-a97d-d965ccfc6d4b" outcome="Passed" testListId="8c84fa94-04c1-424b-9868-57a2d4851a1d" relativeResultsDirectory="cfc87733-6788-4f02-8c20-53981c045765" />
    <UnitTestResult executionId="e13b6530-2348-4733-bef1-baddbb421777" testId="cb19c0b2-0993-4676-8f2b-b86f5452399c" testName="FormatToStringTest1000 (8499.121443388574,8499.12 zł)" computerName="DESKTOP-5URQ9PB" duration="00:00:00.0000161" startTime="2022-06-13T21:11:51.9519353+02:00" endTime="2022-06-13T21:11:51.9521520+02:00" testType="13cdc9d9-ddb5-4fa4-a97d-d965ccfc6d4b" outcome="Passed" testListId="8c84fa94-04c1-424b-9868-57a2d4851a1d" relativeResultsDirectory="e13b6530-2348-4733-bef1-baddbb421777" />
    <UnitTestResult executionId="cd0c1761-726e-404e-845c-bebfe552a468" testId="9fbb9a6e-86fa-4e17-a9f8-7134f981aa1d" testName="FormatToStringTest1000 (21602.417596116393,21602.42 zł)" computerName="DESKTOP-5URQ9PB" duration="00:00:00.0000088" startTime="2022-06-13T21:11:52.0081771+02:00" endTime="2022-06-13T21:11:52.0082769+02:00" testType="13cdc9d9-ddb5-4fa4-a97d-d965ccfc6d4b" outcome="Passed" testListId="8c84fa94-04c1-424b-9868-57a2d4851a1d" relativeResultsDirectory="cd0c1761-726e-404e-845c-bebfe552a468" />
    <UnitTestResult executionId="819ea62d-0df8-48d4-b04f-896ffcfe6a62" testId="92e25258-a8cd-47ab-bd0b-b1963e8a5fa2" testName="FormatToStringTest1000 (30199.386730006612,30199.39 zł)" computerName="DESKTOP-5URQ9PB" duration="00:00:00.0000066" startTime="2022-06-13T21:11:52.2551635+02:00" endTime="2022-06-13T21:11:52.2552345+02:00" testType="13cdc9d9-ddb5-4fa4-a97d-d965ccfc6d4b" outcome="Passed" testListId="8c84fa94-04c1-424b-9868-57a2d4851a1d" relativeResultsDirectory="819ea62d-0df8-48d4-b04f-896ffcfe6a62" />
    <UnitTestResult executionId="1fe3be40-830e-4374-aecd-a9763b17e480" testId="69892a57-3845-4327-ad89-15037fa4778e" testName="FormatToStringTest1000 (1568.615240217473,1568.62 zł)" computerName="DESKTOP-5URQ9PB" duration="00:00:00.0000063" startTime="2022-06-13T21:11:52.2313867+02:00" endTime="2022-06-13T21:11:52.2314543+02:00" testType="13cdc9d9-ddb5-4fa4-a97d-d965ccfc6d4b" outcome="Passed" testListId="8c84fa94-04c1-424b-9868-57a2d4851a1d" relativeResultsDirectory="1fe3be40-830e-4374-aecd-a9763b17e480" />
    <UnitTestResult executionId="2d4fa201-bd08-4a8b-902c-af036aeb3dcb" testId="0cfbb745-508c-46e3-a6af-200417526858" testName="FormatToStringTest1000 (9774.341362926803,9774.34 zł)" computerName="DESKTOP-5URQ9PB" duration="00:00:00.0000062" startTime="2022-06-13T21:11:51.9988685+02:00" endTime="2022-06-13T21:11:51.9989356+02:00" testType="13cdc9d9-ddb5-4fa4-a97d-d965ccfc6d4b" outcome="Passed" testListId="8c84fa94-04c1-424b-9868-57a2d4851a1d" relativeResultsDirectory="2d4fa201-bd08-4a8b-902c-af036aeb3dcb" />
    <UnitTestResult executionId="cc6009fe-5356-41c0-9588-a78c7a9e0d1f" testId="0c07db48-66c8-4e9e-85ab-b18dbfbc5520" testName="FormatToStringTest1000 (26162.532683261918,26162.53 zł)" computerName="DESKTOP-5URQ9PB" duration="00:00:00.0000063" startTime="2022-06-13T21:11:52.2375777+02:00" endTime="2022-06-13T21:11:52.2376449+02:00" testType="13cdc9d9-ddb5-4fa4-a97d-d965ccfc6d4b" outcome="Passed" testListId="8c84fa94-04c1-424b-9868-57a2d4851a1d" relativeResultsDirectory="cc6009fe-5356-41c0-9588-a78c7a9e0d1f" />
    <UnitTestResult executionId="a7d3e941-0e26-4d32-b46f-9c51f321c77f" testId="16ec7a8f-cf15-47c6-aeff-66a22fa73808" testName="FormatToStringTest1000 (93775.33090185716,93775.33 zł)" computerName="DESKTOP-5URQ9PB" duration="00:00:00.0000062" startTime="2022-06-13T21:11:52.1923391+02:00" endTime="2022-06-13T21:11:52.1924046+02:00" testType="13cdc9d9-ddb5-4fa4-a97d-d965ccfc6d4b" outcome="Passed" testListId="8c84fa94-04c1-424b-9868-57a2d4851a1d" relativeResultsDirectory="a7d3e941-0e26-4d32-b46f-9c51f321c77f" />
    <UnitTestResult executionId="cf8821fc-e997-49c7-add2-749cbe4b9721" testId="5c740af1-aede-4d2b-9b55-459f717bb7c4" testName="FormatToStringTest1000 (37866.43836050967,37866.44 zł)" computerName="DESKTOP-5URQ9PB" duration="00:00:00.0000061" startTime="2022-06-13T21:11:52.0728593+02:00" endTime="2022-06-13T21:11:52.0729253+02:00" testType="13cdc9d9-ddb5-4fa4-a97d-d965ccfc6d4b" outcome="Passed" testListId="8c84fa94-04c1-424b-9868-57a2d4851a1d" relativeResultsDirectory="cf8821fc-e997-49c7-add2-749cbe4b9721" />
    <UnitTestResult executionId="d45e53e7-a0ae-46f7-a0bc-3bc528c9d176" testId="c5c4b83d-6b13-4603-ad70-f70baac57f53" testName="FormatToStringTest1000 (11584.045280779732,11584.05 zł)" computerName="DESKTOP-5URQ9PB" duration="00:00:00.0000060" startTime="2022-06-13T21:11:52.2255394+02:00" endTime="2022-06-13T21:11:52.2256037+02:00" testType="13cdc9d9-ddb5-4fa4-a97d-d965ccfc6d4b" outcome="Passed" testListId="8c84fa94-04c1-424b-9868-57a2d4851a1d" relativeResultsDirectory="d45e53e7-a0ae-46f7-a0bc-3bc528c9d176" />
    <UnitTestResult executionId="fc49cba4-f387-4289-8a6b-5f7d89ac283c" testId="147ea97f-42aa-4b33-891c-55428487d601" testName="FormatToStringTest1000 (39531.95190033268,39531.95 zł)" computerName="DESKTOP-5URQ9PB" duration="00:00:00.0000061" startTime="2022-06-13T21:11:52.2049549+02:00" endTime="2022-06-13T21:11:52.2050184+02:00" testType="13cdc9d9-ddb5-4fa4-a97d-d965ccfc6d4b" outcome="Passed" testListId="8c84fa94-04c1-424b-9868-57a2d4851a1d" relativeResultsDirectory="fc49cba4-f387-4289-8a6b-5f7d89ac283c" />
    <UnitTestResult executionId="c10037c9-55b1-4684-bb63-aa518d64616d" testId="22b54409-b165-423c-88d1-7f514e1e9be4" testName="FormatToStringTest1000 (19189.813662191766,19189.81 zł)" computerName="DESKTOP-5URQ9PB" duration="00:00:00.0000121" startTime="2022-06-13T21:11:52.0931090+02:00" endTime="2022-06-13T21:11:52.0932740+02:00" testType="13cdc9d9-ddb5-4fa4-a97d-d965ccfc6d4b" outcome="Passed" testListId="8c84fa94-04c1-424b-9868-57a2d4851a1d" relativeResultsDirectory="c10037c9-55b1-4684-bb63-aa518d64616d" />
    <UnitTestResult executionId="da015e0d-5438-482b-9c8d-15b8b6d691a7" testId="b2ddf24b-dcf5-4c70-b351-3c383d379ff9" testName="FormatToStringTest1000 (47025.6224095177,47025.62 zł)" computerName="DESKTOP-5URQ9PB" duration="00:00:00.0000066" startTime="2022-06-13T21:11:52.0398842+02:00" endTime="2022-06-13T21:11:52.0399537+02:00" testType="13cdc9d9-ddb5-4fa4-a97d-d965ccfc6d4b" outcome="Passed" testListId="8c84fa94-04c1-424b-9868-57a2d4851a1d" relativeResultsDirectory="da015e0d-5438-482b-9c8d-15b8b6d691a7" />
    <UnitTestResult executionId="47714d9f-54bf-4ccf-ab8f-60265822f287" testId="e9bb96c2-42ad-4cd4-b987-72aef0f4a404" testName="FormatToStringTest1000 (6205.946199725357,6205.95 zł)" computerName="DESKTOP-5URQ9PB" duration="00:00:00.0000067" startTime="2022-06-13T21:11:52.0820928+02:00" endTime="2022-06-13T21:11:52.0821604+02:00" testType="13cdc9d9-ddb5-4fa4-a97d-d965ccfc6d4b" outcome="Passed" testListId="8c84fa94-04c1-424b-9868-57a2d4851a1d" relativeResultsDirectory="47714d9f-54bf-4ccf-ab8f-60265822f287" />
    <UnitTestResult executionId="dd94e0c6-69f6-4308-b9f2-f30b1f3db0b8" testId="9056cd75-74ff-4313-85dd-f6be78caf765" testName="FormatToStringTest1000 (19933.78650940945,19933.79 zł)" computerName="DESKTOP-5URQ9PB" duration="00:00:00.0000081" startTime="2022-06-13T21:11:52.2575630+02:00" endTime="2022-06-13T21:11:52.2576532+02:00" testType="13cdc9d9-ddb5-4fa4-a97d-d965ccfc6d4b" outcome="Passed" testListId="8c84fa94-04c1-424b-9868-57a2d4851a1d" relativeResultsDirectory="dd94e0c6-69f6-4308-b9f2-f30b1f3db0b8" />
    <UnitTestResult executionId="44e64286-9b09-4c7d-af4c-7806b7d0a56b" testId="c8faae9c-f1f1-4aae-a2ff-0d23d9ba1dd2" testName="FormatToStringTest1000 (10784.438152511344,10784.44 zł)" computerName="DESKTOP-5URQ9PB" duration="00:00:00.0000126" startTime="2022-06-13T21:11:51.9801179+02:00" endTime="2022-06-13T21:11:51.9802861+02:00" testType="13cdc9d9-ddb5-4fa4-a97d-d965ccfc6d4b" outcome="Passed" testListId="8c84fa94-04c1-424b-9868-57a2d4851a1d" relativeResultsDirectory="44e64286-9b09-4c7d-af4c-7806b7d0a56b" />
    <UnitTestResult executionId="cd9dab96-4699-45c0-9e96-a200aecbba69" testId="5b508d08-0087-42f8-8feb-df5b1eefbf47" testName="FormatToStringTest1000 (77904.0088552246,77904.01 zł)" computerName="DESKTOP-5URQ9PB" duration="00:00:00.0000066" startTime="2022-06-13T21:11:51.9769002+02:00" endTime="2022-06-13T21:11:51.9769751+02:00" testType="13cdc9d9-ddb5-4fa4-a97d-d965ccfc6d4b" outcome="Passed" testListId="8c84fa94-04c1-424b-9868-57a2d4851a1d" relativeResultsDirectory="cd9dab96-4699-45c0-9e96-a200aecbba69" />
    <UnitTestResult executionId="050dcae0-9d77-4089-9d29-5f6c343f28cd" testId="f4c7c23c-14d0-40ae-8862-c0f3faecd763" testName="FormatToStringTest1000 (47575.6421269959,47575.64 zł)" computerName="DESKTOP-5URQ9PB" duration="00:00:00.0000063" startTime="2022-06-13T21:11:52.2008477+02:00" endTime="2022-06-13T21:11:52.2009107+02:00" testType="13cdc9d9-ddb5-4fa4-a97d-d965ccfc6d4b" outcome="Passed" testListId="8c84fa94-04c1-424b-9868-57a2d4851a1d" relativeResultsDirectory="050dcae0-9d77-4089-9d29-5f6c343f28cd" />
    <UnitTestResult executionId="6da2df4d-acb7-4963-ba97-84a0f7f0dc60" testId="6c1d8051-55a1-45ed-905f-30b901e765c8" testName="FormatToStringTest1000 (4105.490993980081,4105.49 zł)" computerName="DESKTOP-5URQ9PB" duration="00:00:00.0000073" startTime="2022-06-13T21:11:52.0429350+02:00" endTime="2022-06-13T21:11:52.0430056+02:00" testType="13cdc9d9-ddb5-4fa4-a97d-d965ccfc6d4b" outcome="Passed" testListId="8c84fa94-04c1-424b-9868-57a2d4851a1d" relativeResultsDirectory="6da2df4d-acb7-4963-ba97-84a0f7f0dc60" />
    <UnitTestResult executionId="24d36112-9e95-41e0-885a-8a881ae72a95" testId="c630d99c-4b4f-4dba-8dad-3b75688fcc48" testName="FormatToStringTest1000 (181.3640542483721,181.36 zł)" computerName="DESKTOP-5URQ9PB" duration="00:00:00.0000066" startTime="2022-06-13T21:11:52.2332950+02:00" endTime="2022-06-13T21:11:52.2333714+02:00" testType="13cdc9d9-ddb5-4fa4-a97d-d965ccfc6d4b" outcome="Passed" testListId="8c84fa94-04c1-424b-9868-57a2d4851a1d" relativeResultsDirectory="24d36112-9e95-41e0-885a-8a881ae72a95" />
    <UnitTestResult executionId="16ae6543-d6e4-4950-877c-780e65c5a72e" testId="df2d2835-999e-4154-b4a7-020dc9bd5802" testName="FormatToStringTest1000 (8901.937138443784,8901.94 zł)" computerName="DESKTOP-5URQ9PB" duration="00:00:00.0000068" startTime="2022-06-13T21:11:52.1611150+02:00" endTime="2022-06-13T21:11:52.1611816+02:00" testType="13cdc9d9-ddb5-4fa4-a97d-d965ccfc6d4b" outcome="Passed" testListId="8c84fa94-04c1-424b-9868-57a2d4851a1d" relativeResultsDirectory="16ae6543-d6e4-4950-877c-780e65c5a72e" />
    <UnitTestResult executionId="ae081632-8bc5-4243-a9d4-bcb70d9fd556" testId="617d2a13-6483-4a15-bfe3-9e73561d7877" testName="FormatToStringTest1000 (19873.59831658453,19873.60 zł)" computerName="DESKTOP-5URQ9PB" duration="00:00:00.0000061" startTime="2022-06-13T21:11:52.2215782+02:00" endTime="2022-06-13T21:11:52.2216430+02:00" testType="13cdc9d9-ddb5-4fa4-a97d-d965ccfc6d4b" outcome="Passed" testListId="8c84fa94-04c1-424b-9868-57a2d4851a1d" relativeResultsDirectory="ae081632-8bc5-4243-a9d4-bcb70d9fd556" />
    <UnitTestResult executionId="b94119da-b1d0-4b85-ae86-3d7a045d690c" testId="246b8207-cb01-467c-a9f7-ce74eab5e90e" testName="FormatToStringTest1000 (765.778932784581,765.78 zł)" computerName="DESKTOP-5URQ9PB" duration="00:00:00.0000069" startTime="2022-06-13T21:11:52.0969823+02:00" endTime="2022-06-13T21:11:52.0970479+02:00" testType="13cdc9d9-ddb5-4fa4-a97d-d965ccfc6d4b" outcome="Passed" testListId="8c84fa94-04c1-424b-9868-57a2d4851a1d" relativeResultsDirectory="b94119da-b1d0-4b85-ae86-3d7a045d690c" />
    <UnitTestResult executionId="a7b16099-1ab4-4926-b009-40f22d66ed50" testId="f07b0a55-24a6-4df0-8d84-350680014781" testName="FormatToStringTest1000 (8211.920994553679,8211.92 zł)" computerName="DESKTOP-5URQ9PB" duration="00:00:00.0000061" startTime="2022-06-13T21:11:52.0730267+02:00" endTime="2022-06-13T21:11:52.0730925+02:00" testType="13cdc9d9-ddb5-4fa4-a97d-d965ccfc6d4b" outcome="Passed" testListId="8c84fa94-04c1-424b-9868-57a2d4851a1d" relativeResultsDirectory="a7b16099-1ab4-4926-b009-40f22d66ed50" />
    <UnitTestResult executionId="0df6be42-3340-4db0-8cae-c593e742b825" testId="8e67f650-a266-460b-91cf-3259f9b5c732" testName="FormatToStringTest1000 (1963.0091662979728,1963.01 zł)" computerName="DESKTOP-5URQ9PB" duration="00:00:00.0000064" startTime="2022-06-13T21:11:52.2289521+02:00" endTime="2022-06-13T21:11:52.2290216+02:00" testType="13cdc9d9-ddb5-4fa4-a97d-d965ccfc6d4b" outcome="Passed" testListId="8c84fa94-04c1-424b-9868-57a2d4851a1d" relativeResultsDirectory="0df6be42-3340-4db0-8cae-c593e742b825" />
    <UnitTestResult executionId="929a1af5-7cb8-44eb-af95-9c955e557976" testId="b9e6419f-cec6-42d2-a562-ee097d09082e" testName="FormatToStringTest1000 (58459.03113649601,58459.03 zł)" computerName="DESKTOP-5URQ9PB" duration="00:00:00.0000064" startTime="2022-06-13T21:11:52.1876891+02:00" endTime="2022-06-13T21:11:52.1877570+02:00" testType="13cdc9d9-ddb5-4fa4-a97d-d965ccfc6d4b" outcome="Passed" testListId="8c84fa94-04c1-424b-9868-57a2d4851a1d" relativeResultsDirectory="929a1af5-7cb8-44eb-af95-9c955e557976" />
    <UnitTestResult executionId="a901341f-307f-4094-b173-0c84cc3da0de" testId="a1efa865-328f-4b9f-ab37-2fe857a3a6c3" testName="FormatToStringTest1000 (89093.57120939044,89093.57 zł)" computerName="DESKTOP-5URQ9PB" duration="00:00:00.0000062" startTime="2022-06-13T21:11:52.2236038+02:00" endTime="2022-06-13T21:11:52.2236678+02:00" testType="13cdc9d9-ddb5-4fa4-a97d-d965ccfc6d4b" outcome="Passed" testListId="8c84fa94-04c1-424b-9868-57a2d4851a1d" relativeResultsDirectory="a901341f-307f-4094-b173-0c84cc3da0de" />
    <UnitTestResult executionId="27ec00dd-729d-4e52-95ba-295ee6a48cc8" testId="aaa55384-7591-4928-b3db-bf8d731462dd" testName="FormatToStringTest1000 (50339.31259969497,50339.31 zł)" computerName="DESKTOP-5URQ9PB" duration="00:00:00.0000084" startTime="2022-06-13T21:11:51.9675728+02:00" endTime="2022-06-13T21:11:51.9676787+02:00" testType="13cdc9d9-ddb5-4fa4-a97d-d965ccfc6d4b" outcome="Passed" testListId="8c84fa94-04c1-424b-9868-57a2d4851a1d" relativeResultsDirectory="27ec00dd-729d-4e52-95ba-295ee6a48cc8" />
    <UnitTestResult executionId="6613c7fd-4f70-43cd-ae08-6d294a3ac902" testId="36c7b8a4-6a53-4b3a-88af-9d92b037bb9b" testName="FormatToStringTest1000 (24251.68593564848,24251.69 zł)" computerName="DESKTOP-5URQ9PB" duration="00:00:00.0000254" startTime="2022-06-13T21:11:52.1517631+02:00" endTime="2022-06-13T21:11:52.1519323+02:00" testType="13cdc9d9-ddb5-4fa4-a97d-d965ccfc6d4b" outcome="Passed" testListId="8c84fa94-04c1-424b-9868-57a2d4851a1d" relativeResultsDirectory="6613c7fd-4f70-43cd-ae08-6d294a3ac902" />
    <UnitTestResult executionId="a8a76f59-4db5-4fe3-9f44-c15df281ed54" testId="f26dbe85-f9bd-4ddb-9b69-7bd69d7ef0c7" testName="FormatToStringTest1000 (29845.02749849345,29845.03 zł)" computerName="DESKTOP-5URQ9PB" duration="00:00:00.0000065" startTime="2022-06-13T21:11:52.0471503+02:00" endTime="2022-06-13T21:11:52.0472263+02:00" testType="13cdc9d9-ddb5-4fa4-a97d-d965ccfc6d4b" outcome="Passed" testListId="8c84fa94-04c1-424b-9868-57a2d4851a1d" relativeResultsDirectory="a8a76f59-4db5-4fe3-9f44-c15df281ed54" />
    <UnitTestResult executionId="1d4bb3f2-34ea-4abd-a841-09f5eb041570" testId="6de7752c-a7b0-4b61-80d6-9544db856936" testName="FormatToStringTest1000 (25272.05048361283,25272.05 zł)" computerName="DESKTOP-5URQ9PB" duration="00:00:00.0000061" startTime="2022-06-13T21:11:52.2555872+02:00" endTime="2022-06-13T21:11:52.2556518+02:00" testType="13cdc9d9-ddb5-4fa4-a97d-d965ccfc6d4b" outcome="Passed" testListId="8c84fa94-04c1-424b-9868-57a2d4851a1d" relativeResultsDirectory="1d4bb3f2-34ea-4abd-a841-09f5eb041570" />
    <UnitTestResult executionId="7c1f18d8-8665-41e4-bbe3-d761a6b50036" testId="d601761c-cc35-4085-a3e6-8759f97b4799" testName="FormatToStringTest1000 (47393.54939526671,47393.55 zł)" computerName="DESKTOP-5URQ9PB" duration="00:00:00.0000071" startTime="2022-06-13T21:11:52.1026874+02:00" endTime="2022-06-13T21:11:52.1027772+02:00" testType="13cdc9d9-ddb5-4fa4-a97d-d965ccfc6d4b" outcome="Passed" testListId="8c84fa94-04c1-424b-9868-57a2d4851a1d" relativeResultsDirectory="7c1f18d8-8665-41e4-bbe3-d761a6b50036" />
    <UnitTestResult executionId="84a39cbd-0353-46a7-8cc3-a894a8a6dd6d" testId="d54e6fef-7a9d-4c3b-bd9d-7d5d1f9a3fdf" testName="FormatToStringTest1000 (19208.676036795914,19208.68 zł)" computerName="DESKTOP-5URQ9PB" duration="00:00:00.0000064" startTime="2022-06-13T21:11:52.2025974+02:00" endTime="2022-06-13T21:11:52.2026626+02:00" testType="13cdc9d9-ddb5-4fa4-a97d-d965ccfc6d4b" outcome="Passed" testListId="8c84fa94-04c1-424b-9868-57a2d4851a1d" relativeResultsDirectory="84a39cbd-0353-46a7-8cc3-a894a8a6dd6d" />
    <UnitTestResult executionId="05858a5a-31a1-4ac5-8762-072abe7dbe43" testId="0cfbaa40-3aee-4cb4-b9d9-a5342c739af1" testName="FormatToStringTest1000 (12118.31777677048,12118.32 zł)" computerName="DESKTOP-5URQ9PB" duration="00:00:00.0000062" startTime="2022-06-13T21:11:52.2258840+02:00" endTime="2022-06-13T21:11:52.2259594+02:00" testType="13cdc9d9-ddb5-4fa4-a97d-d965ccfc6d4b" outcome="Passed" testListId="8c84fa94-04c1-424b-9868-57a2d4851a1d" relativeResultsDirectory="05858a5a-31a1-4ac5-8762-072abe7dbe43" />
    <UnitTestResult executionId="d9be97c8-6d0a-44a2-a35b-ea0495cee654" testId="b0e464e0-a6db-4bb2-963f-bf88b12e8861" testName="FormatToStringTest1000 (55457.96873490278,55457.97 zł)" computerName="DESKTOP-5URQ9PB" duration="00:00:00.0000062" startTime="2022-06-13T21:11:52.2046343+02:00" endTime="2022-06-13T21:11:52.2046986+02:00" testType="13cdc9d9-ddb5-4fa4-a97d-d965ccfc6d4b" outcome="Passed" testListId="8c84fa94-04c1-424b-9868-57a2d4851a1d" relativeResultsDirectory="d9be97c8-6d0a-44a2-a35b-ea0495cee654" />
    <UnitTestResult executionId="6ea80010-b236-465d-82f5-b67c4f6fd26e" testId="a88f4719-1d73-4bd8-ae5f-2af78bd93fe1" testName="FormatToStringTest1000 (27629.79121039193,27629.79 zł)" computerName="DESKTOP-5URQ9PB" duration="00:00:00.0000061" startTime="2022-06-13T21:11:52.0821782+02:00" endTime="2022-06-13T21:11:52.0822447+02:00" testType="13cdc9d9-ddb5-4fa4-a97d-d965ccfc6d4b" outcome="Passed" testListId="8c84fa94-04c1-424b-9868-57a2d4851a1d" relativeResultsDirectory="6ea80010-b236-465d-82f5-b67c4f6fd26e" />
    <UnitTestResult executionId="abd840ec-822d-49c1-88b7-f64e6c755ce0" testId="56fecd7e-ac3e-4660-804c-4caf6e1b3c56" testName="FormatToStringTest1000 (34145.534199603615,34145.53 zł)" computerName="DESKTOP-5URQ9PB" duration="00:00:00.0000064" startTime="2022-06-13T21:11:52.2045518+02:00" endTime="2022-06-13T21:11:52.2046174+02:00" testType="13cdc9d9-ddb5-4fa4-a97d-d965ccfc6d4b" outcome="Passed" testListId="8c84fa94-04c1-424b-9868-57a2d4851a1d" relativeResultsDirectory="abd840ec-822d-49c1-88b7-f64e6c755ce0" />
    <UnitTestResult executionId="e4825503-c9de-498d-868b-3d28f87ba05b" testId="3272db65-9632-425a-86b8-f861d210ea0c" testName="FormatToStringTest1000 (57713.01647853712,57713.02 zł)" computerName="DESKTOP-5URQ9PB" duration="00:00:00.0000060" startTime="2022-06-13T21:11:52.1670125+02:00" endTime="2022-06-13T21:11:52.1670789+02:00" testType="13cdc9d9-ddb5-4fa4-a97d-d965ccfc6d4b" outcome="Passed" testListId="8c84fa94-04c1-424b-9868-57a2d4851a1d" relativeResultsDirectory="e4825503-c9de-498d-868b-3d28f87ba05b" />
    <UnitTestResult executionId="cfbd0796-c333-4cd4-a65d-c9728a74e71a" testId="ac66ae30-e121-485f-8d67-ba61805463ec" testName="FormatToStringTest1000 (66284.43763489948,66284.44 zł)" computerName="DESKTOP-5URQ9PB" duration="00:00:00.0000062" startTime="2022-06-13T21:11:52.1899238+02:00" endTime="2022-06-13T21:11:52.1899890+02:00" testType="13cdc9d9-ddb5-4fa4-a97d-d965ccfc6d4b" outcome="Passed" testListId="8c84fa94-04c1-424b-9868-57a2d4851a1d" relativeResultsDirectory="cfbd0796-c333-4cd4-a65d-c9728a74e71a" />
    <UnitTestResult executionId="c7384f2d-a947-457b-8603-da289512b1cf" testId="805f1621-dac3-425a-8589-d1e1ed6a7822" testName="FormatToStringTest1000 (12903.541202012237,12903.54 zł)" computerName="DESKTOP-5URQ9PB" duration="00:00:00.0000065" startTime="2022-06-13T21:11:52.0545550+02:00" endTime="2022-06-13T21:11:52.0546322+02:00" testType="13cdc9d9-ddb5-4fa4-a97d-d965ccfc6d4b" outcome="Passed" testListId="8c84fa94-04c1-424b-9868-57a2d4851a1d" relativeResultsDirectory="c7384f2d-a947-457b-8603-da289512b1cf" />
    <UnitTestResult executionId="bcff7356-0270-4ad2-9cd1-393c69bc099b" testId="6396afb6-f855-4f63-9ec9-2abb8d6a8290" testName="FormatToStringTest1000 (35248.53555717996,35248.54 zł)" computerName="DESKTOP-5URQ9PB" duration="00:00:00.0000061" startTime="2022-06-13T21:11:52.2808614+02:00" endTime="2022-06-13T21:11:52.2809247+02:00" testType="13cdc9d9-ddb5-4fa4-a97d-d965ccfc6d4b" outcome="Passed" testListId="8c84fa94-04c1-424b-9868-57a2d4851a1d" relativeResultsDirectory="bcff7356-0270-4ad2-9cd1-393c69bc099b" />
    <UnitTestResult executionId="94eb01eb-ec9d-4d6f-abc2-f13b9f79570c" testId="527bdbe3-403a-4b28-8e43-02f26ecad15f" testName="FormatToStringTest1000 (5978.1197194131655,5978.12 zł)" computerName="DESKTOP-5URQ9PB" duration="00:00:00.0000061" startTime="2022-06-13T21:11:52.2694233+02:00" endTime="2022-06-13T21:11:52.2694870+02:00" testType="13cdc9d9-ddb5-4fa4-a97d-d965ccfc6d4b" outcome="Passed" testListId="8c84fa94-04c1-424b-9868-57a2d4851a1d" relativeResultsDirectory="94eb01eb-ec9d-4d6f-abc2-f13b9f79570c" />
    <UnitTestResult executionId="e1c31462-124f-4c9d-bb7b-f63f7303a290" testId="16ce5158-1b8a-43ee-9657-3a1d439fcc43" testName="FormatToStringTest1000 (76106.57198894516,76106.57 zł)" computerName="DESKTOP-5URQ9PB" duration="00:00:00.0000062" startTime="2022-06-13T21:11:52.2790640+02:00" endTime="2022-06-13T21:11:52.2791278+02:00" testType="13cdc9d9-ddb5-4fa4-a97d-d965ccfc6d4b" outcome="Passed" testListId="8c84fa94-04c1-424b-9868-57a2d4851a1d" relativeResultsDirectory="e1c31462-124f-4c9d-bb7b-f63f7303a290" />
    <UnitTestResult executionId="8bcc76ac-0543-4eae-ab8f-b13dfa4d05e6" testId="d107bb83-e512-4ff7-b63c-ca5f9ea5b208" testName="FormatToStringTest1000 (750.5106571719566,750.51 zł)" computerName="DESKTOP-5URQ9PB" duration="00:00:00.0000060" startTime="2022-06-13T21:11:52.2615262+02:00" endTime="2022-06-13T21:11:52.2615911+02:00" testType="13cdc9d9-ddb5-4fa4-a97d-d965ccfc6d4b" outcome="Passed" testListId="8c84fa94-04c1-424b-9868-57a2d4851a1d" relativeResultsDirectory="8bcc76ac-0543-4eae-ab8f-b13dfa4d05e6" />
    <UnitTestResult executionId="d5de5b13-f91e-4337-b9e6-c04430161e6e" testId="ae831d71-4c9d-4f94-8ea0-3e45c87db924" testName="FormatToStringTest1000 (9196.579612724754,9196.58 zł)" computerName="DESKTOP-5URQ9PB" duration="00:00:00.0000060" startTime="2022-06-13T21:11:52.1673542+02:00" endTime="2022-06-13T21:11:52.1674203+02:00" testType="13cdc9d9-ddb5-4fa4-a97d-d965ccfc6d4b" outcome="Passed" testListId="8c84fa94-04c1-424b-9868-57a2d4851a1d" relativeResultsDirectory="d5de5b13-f91e-4337-b9e6-c04430161e6e" />
    <UnitTestResult executionId="cd6e2b09-823a-4729-8965-5b0fe4b8ea25" testId="1b83b169-8fec-4207-91b8-a3b68f77240f" testName="FormatToStringTest1000 (8013.1229931903645,8013.12 zł)" computerName="DESKTOP-5URQ9PB" duration="00:00:00.0000097" startTime="2022-06-13T21:11:52.2478498+02:00" endTime="2022-06-13T21:11:52.2479545+02:00" testType="13cdc9d9-ddb5-4fa4-a97d-d965ccfc6d4b" outcome="Passed" testListId="8c84fa94-04c1-424b-9868-57a2d4851a1d" relativeResultsDirectory="cd6e2b09-823a-4729-8965-5b0fe4b8ea25" />
    <UnitTestResult executionId="3264ec9b-798e-4742-970d-e51c454d253f" testId="f5faaf3b-96db-47bd-a48c-8b7f8e0db01d" testName="FormatToStringTest1000 (22153.282278674324,22153.28 zł)" computerName="DESKTOP-5URQ9PB" duration="00:00:00.0000063" startTime="2022-06-13T21:11:52.0855370+02:00" endTime="2022-06-13T21:11:52.0856067+02:00" testType="13cdc9d9-ddb5-4fa4-a97d-d965ccfc6d4b" outcome="Passed" testListId="8c84fa94-04c1-424b-9868-57a2d4851a1d" relativeResultsDirectory="3264ec9b-798e-4742-970d-e51c454d253f" />
    <UnitTestResult executionId="05b741be-dc27-4f7a-9bf3-83b9c87dd3ec" testId="f8055355-1cd4-426f-b203-5aaa04742aa2" testName="FormatToStringTest1000 (736.7398243680316,736.74 zł)" computerName="DESKTOP-5URQ9PB" duration="00:00:00.0000065" startTime="2022-06-13T21:11:51.9515236+02:00" endTime="2022-06-13T21:11:51.9515901+02:00" testType="13cdc9d9-ddb5-4fa4-a97d-d965ccfc6d4b" outcome="Passed" testListId="8c84fa94-04c1-424b-9868-57a2d4851a1d" relativeResultsDirectory="05b741be-dc27-4f7a-9bf3-83b9c87dd3ec" />
    <UnitTestResult executionId="b3fd8b64-3cae-4b34-a9bd-f919aec8022d" testId="0f786cf2-a478-47c7-b95a-7ded00f0ec4c" testName="FormatToStringTest1000 (56802.303118930344,56802.30 zł)" computerName="DESKTOP-5URQ9PB" duration="00:00:00.0000063" startTime="2022-06-13T21:11:52.1843468+02:00" endTime="2022-06-13T21:11:52.1844236+02:00" testType="13cdc9d9-ddb5-4fa4-a97d-d965ccfc6d4b" outcome="Passed" testListId="8c84fa94-04c1-424b-9868-57a2d4851a1d" relativeResultsDirectory="b3fd8b64-3cae-4b34-a9bd-f919aec8022d" />
    <UnitTestResult executionId="eba244e0-6966-4d22-97ec-29dba685937b" testId="8dd191f3-7040-461a-a229-76012903d640" testName="FormatToStringTest1000 (38845.74924104323,38845.75 zł)" computerName="DESKTOP-5URQ9PB" duration="00:00:00.0000088" startTime="2022-06-13T21:11:52.2476015+02:00" endTime="2022-06-13T21:11:52.2476967+02:00" testType="13cdc9d9-ddb5-4fa4-a97d-d965ccfc6d4b" outcome="Passed" testListId="8c84fa94-04c1-424b-9868-57a2d4851a1d" relativeResultsDirectory="eba244e0-6966-4d22-97ec-29dba685937b" />
    <UnitTestResult executionId="ee8feb61-aa09-407b-b4ba-8559a3f19ac1" testId="a35e5842-e0d5-45bc-b309-2eb7f7a1e917" testName="FormatToStringTest1000 (20445.11280083149,20445.11 zł)" computerName="DESKTOP-5URQ9PB" duration="00:00:00.0000064" startTime="2022-06-13T21:11:52.2290405+02:00" endTime="2022-06-13T21:11:52.2291083+02:00" testType="13cdc9d9-ddb5-4fa4-a97d-d965ccfc6d4b" outcome="Passed" testListId="8c84fa94-04c1-424b-9868-57a2d4851a1d" relativeResultsDirectory="ee8feb61-aa09-407b-b4ba-8559a3f19ac1" />
    <UnitTestResult executionId="314e9f96-72c6-41bd-8f8b-bad4474a22c3" testId="fe32d834-b768-457d-89e9-da81fb744613" testName="FormatToStringTest1000 (14459.57059750686,14459.57 zł)" computerName="DESKTOP-5URQ9PB" duration="00:00:00.0000073" startTime="2022-06-13T21:11:52.0543183+02:00" endTime="2022-06-13T21:11:52.0544295+02:00" testType="13cdc9d9-ddb5-4fa4-a97d-d965ccfc6d4b" outcome="Passed" testListId="8c84fa94-04c1-424b-9868-57a2d4851a1d" relativeResultsDirectory="314e9f96-72c6-41bd-8f8b-bad4474a22c3" />
    <UnitTestResult executionId="200dbccb-119f-4439-81c7-6624cbbf7cde" testId="2c44bfed-f944-4ba5-9d33-412ff16842d5" testName="FormatToStringTest1000 (42555.01416107594,42555.01 zł)" computerName="DESKTOP-5URQ9PB" duration="00:00:00.0000067" startTime="2022-06-13T21:11:52.1778364+02:00" endTime="2022-06-13T21:11:52.1779024+02:00" testType="13cdc9d9-ddb5-4fa4-a97d-d965ccfc6d4b" outcome="Passed" testListId="8c84fa94-04c1-424b-9868-57a2d4851a1d" relativeResultsDirectory="200dbccb-119f-4439-81c7-6624cbbf7cde" />
    <UnitTestResult executionId="06ecf045-6a76-413f-bc46-d293188839be" testId="b6f5fb4b-e207-4bb3-a5f2-85404f3dd2f6" testName="FormatToStringTest1000 (10762.501695533518,10762.50 zł)" computerName="DESKTOP-5URQ9PB" duration="00:00:00.0000085" startTime="2022-06-13T21:11:52.1978642+02:00" endTime="2022-06-13T21:11:52.1979601+02:00" testType="13cdc9d9-ddb5-4fa4-a97d-d965ccfc6d4b" outcome="Passed" testListId="8c84fa94-04c1-424b-9868-57a2d4851a1d" relativeResultsDirectory="06ecf045-6a76-413f-bc46-d293188839be" />
    <UnitTestResult executionId="13adaee4-6063-4be1-a16e-626bad183b35" testId="7f430033-a791-4846-b083-274bd6323135" testName="FormatToStringTest1000 (21961.272673999552,21961.27 zł)" computerName="DESKTOP-5URQ9PB" duration="00:00:00.0000076" startTime="2022-06-13T21:11:51.9678267+02:00" endTime="2022-06-13T21:11:51.9679251+02:00" testType="13cdc9d9-ddb5-4fa4-a97d-d965ccfc6d4b" outcome="Passed" testListId="8c84fa94-04c1-424b-9868-57a2d4851a1d" relativeResultsDirectory="13adaee4-6063-4be1-a16e-626bad183b35" />
    <UnitTestResult executionId="048cd405-97b3-4808-87a1-b9a7fbe17fd2" testId="a5df17be-462c-4572-92b2-f56bae82fda9" testName="FormatToStringTest1000 (63946.51014057478,63946.51 zł)" computerName="DESKTOP-5URQ9PB" duration="00:00:00.0000067" startTime="2022-06-13T21:11:52.1823558+02:00" endTime="2022-06-13T21:11:52.1824225+02:00" testType="13cdc9d9-ddb5-4fa4-a97d-d965ccfc6d4b" outcome="Passed" testListId="8c84fa94-04c1-424b-9868-57a2d4851a1d" relativeResultsDirectory="048cd405-97b3-4808-87a1-b9a7fbe17fd2" />
    <UnitTestResult executionId="d48d996d-4b33-4e3c-8b63-3bc51a385dc0" testId="e733df7e-c855-46a4-abc1-e7de5b2550cc" testName="FormatToStringTest1000 (23980.12943509646,23980.13 zł)" computerName="DESKTOP-5URQ9PB" duration="00:00:00.0000061" startTime="2022-06-13T21:11:51.9986998+02:00" endTime="2022-06-13T21:11:51.9987663+02:00" testType="13cdc9d9-ddb5-4fa4-a97d-d965ccfc6d4b" outcome="Passed" testListId="8c84fa94-04c1-424b-9868-57a2d4851a1d" relativeResultsDirectory="d48d996d-4b33-4e3c-8b63-3bc51a385dc0" />
    <UnitTestResult executionId="bfb930c3-2435-4698-8e42-09da63170496" testId="dc77aeb4-8467-4852-a163-f21958232ca8" testName="FormatToStringTest1000 (22494.46807976834,22494.47 zł)" computerName="DESKTOP-5URQ9PB" duration="00:00:00.0000063" startTime="2022-06-13T21:11:52.2136901+02:00" endTime="2022-06-13T21:11:52.2137553+02:00" testType="13cdc9d9-ddb5-4fa4-a97d-d965ccfc6d4b" outcome="Passed" testListId="8c84fa94-04c1-424b-9868-57a2d4851a1d" relativeResultsDirectory="bfb930c3-2435-4698-8e42-09da63170496" />
    <UnitTestResult executionId="aa5d4baf-e63d-4bf7-aedf-c37fd30985af" testId="e21afb37-79a1-4494-afa5-727c6ace2afc" testName="FormatToStringTest1000 (15907.394871033446,15907.39 zł)" computerName="DESKTOP-5URQ9PB" duration="00:00:00.0000060" startTime="2022-06-13T21:11:52.1804563+02:00" endTime="2022-06-13T21:11:52.1805225+02:00" testType="13cdc9d9-ddb5-4fa4-a97d-d965ccfc6d4b" outcome="Passed" testListId="8c84fa94-04c1-424b-9868-57a2d4851a1d" relativeResultsDirectory="aa5d4baf-e63d-4bf7-aedf-c37fd30985af" />
    <UnitTestResult executionId="994c0e92-7c74-4644-af6a-801030286503" testId="b86998c5-01c9-40d1-b314-a06b584162ea" testName="FormatToStringTest1000 (66764.31690498316,66764.32 zł)" computerName="DESKTOP-5URQ9PB" duration="00:00:00.0000063" startTime="2022-06-13T21:11:52.1059986+02:00" endTime="2022-06-13T21:11:52.1060671+02:00" testType="13cdc9d9-ddb5-4fa4-a97d-d965ccfc6d4b" outcome="Passed" testListId="8c84fa94-04c1-424b-9868-57a2d4851a1d" relativeResultsDirectory="994c0e92-7c74-4644-af6a-801030286503" />
    <UnitTestResult executionId="0dd62721-0e06-4b68-a6aa-3aeec8694bea" testId="62ee2b5a-5423-4f20-9d32-cd304e8db51c" testName="FormatToStringTest1000 (3131.5022711732904,3131.50 zł)" computerName="DESKTOP-5URQ9PB" duration="00:00:00.0000061" startTime="2022-06-13T21:11:52.1159205+02:00" endTime="2022-06-13T21:11:52.1159873+02:00" testType="13cdc9d9-ddb5-4fa4-a97d-d965ccfc6d4b" outcome="Passed" testListId="8c84fa94-04c1-424b-9868-57a2d4851a1d" relativeResultsDirectory="0dd62721-0e06-4b68-a6aa-3aeec8694bea" />
    <UnitTestResult executionId="2c1486ad-b140-4df1-a551-2eda3bbea227" testId="55610111-eb96-4abb-91a2-ce856601b3ec" testName="FormatToStringTest1000 (15861.139287455073,15861.14 zł)" computerName="DESKTOP-5URQ9PB" duration="00:00:00.0000070" startTime="2022-06-13T21:11:52.0588012+02:00" endTime="2022-06-13T21:11:52.0588856+02:00" testType="13cdc9d9-ddb5-4fa4-a97d-d965ccfc6d4b" outcome="Passed" testListId="8c84fa94-04c1-424b-9868-57a2d4851a1d" relativeResultsDirectory="2c1486ad-b140-4df1-a551-2eda3bbea227" />
    <UnitTestResult executionId="b2f720ae-ae67-4ad5-ba27-b8002e9b5e01" testId="1fb1385e-c9ae-472b-945b-c225f22bc300" testName="FormatToStringTest1000 (4554.73912809777,4554.74 zł)" computerName="DESKTOP-5URQ9PB" duration="00:00:00.0000062" startTime="2022-06-13T21:11:52.1736951+02:00" endTime="2022-06-13T21:11:52.1737612+02:00" testType="13cdc9d9-ddb5-4fa4-a97d-d965ccfc6d4b" outcome="Passed" testListId="8c84fa94-04c1-424b-9868-57a2d4851a1d" relativeResultsDirectory="b2f720ae-ae67-4ad5-ba27-b8002e9b5e01" />
    <UnitTestResult executionId="9a15ef01-69b7-40e4-a202-0746840f5995" testId="ea26f1d4-4630-4115-9397-22f08ff8434d" testName="FormatToStringTest1000 (31347.468987404587,31347.47 zł)" computerName="DESKTOP-5URQ9PB" duration="00:00:00.0000061" startTime="2022-06-13T21:11:52.2616867+02:00" endTime="2022-06-13T21:11:52.2617505+02:00" testType="13cdc9d9-ddb5-4fa4-a97d-d965ccfc6d4b" outcome="Passed" testListId="8c84fa94-04c1-424b-9868-57a2d4851a1d" relativeResultsDirectory="9a15ef01-69b7-40e4-a202-0746840f5995" />
    <UnitTestResult executionId="f65e3032-4501-4eb1-a0c0-92ed658d0025" testId="6442202b-07ca-40eb-9dcc-f6c82f7be7c7" testName="FormatToStringTest1000 (9190.067404299076,9190.07 zł)" computerName="DESKTOP-5URQ9PB" duration="00:00:00.0000092" startTime="2022-06-13T21:11:52.2529080+02:00" endTime="2022-06-13T21:11:52.2530031+02:00" testType="13cdc9d9-ddb5-4fa4-a97d-d965ccfc6d4b" outcome="Passed" testListId="8c84fa94-04c1-424b-9868-57a2d4851a1d" relativeResultsDirectory="f65e3032-4501-4eb1-a0c0-92ed658d0025" />
    <UnitTestResult executionId="daae3f18-b7be-4100-8720-eddfad3c3272" testId="8ac7d34e-58d9-4fd6-bbcc-c7c36ee12296" testName="FormatToStringTest1000 (19006.315459580772,19006.32 zł)" computerName="DESKTOP-5URQ9PB" duration="00:00:00.0000062" startTime="2022-06-13T21:11:52.1127287+02:00" endTime="2022-06-13T21:11:52.1127959+02:00" testType="13cdc9d9-ddb5-4fa4-a97d-d965ccfc6d4b" outcome="Passed" testListId="8c84fa94-04c1-424b-9868-57a2d4851a1d" relativeResultsDirectory="daae3f18-b7be-4100-8720-eddfad3c3272" />
    <UnitTestResult executionId="2642921a-f310-48cf-95d3-9e7a2a2ddcaf" testId="f51796c5-3a74-4547-b1d2-3c99b4485996" testName="FormatToStringTest1000 (28072.424637532058,28072.42 zł)" computerName="DESKTOP-5URQ9PB" duration="00:00:00.0000084" startTime="2022-06-13T21:11:51.9449523+02:00" endTime="2022-06-13T21:11:51.9450557+02:00" testType="13cdc9d9-ddb5-4fa4-a97d-d965ccfc6d4b" outcome="Passed" testListId="8c84fa94-04c1-424b-9868-57a2d4851a1d" relativeResultsDirectory="2642921a-f310-48cf-95d3-9e7a2a2ddcaf" />
    <UnitTestResult executionId="957e5d32-7195-4019-9063-4e17bf1ce070" testId="196158d5-3504-49df-b5d9-3dd2fb95ef4a" testName="FormatToStringTest1000 (15337.485230751097,15337.49 zł)" computerName="DESKTOP-5URQ9PB" duration="00:00:00.0000064" startTime="2022-06-13T21:11:52.0891052+02:00" endTime="2022-06-13T21:11:52.0891819+02:00" testType="13cdc9d9-ddb5-4fa4-a97d-d965ccfc6d4b" outcome="Passed" testListId="8c84fa94-04c1-424b-9868-57a2d4851a1d" relativeResultsDirectory="957e5d32-7195-4019-9063-4e17bf1ce070" />
    <UnitTestResult executionId="a44f0003-7c11-4705-9a9c-ebf1eb478404" testId="ad48096e-0571-4ae8-9a6d-f8057758c61b" testName="FormatToStringTest1000 (40889.35187774214,40889.35 zł)" computerName="DESKTOP-5URQ9PB" duration="00:00:00.0000067" startTime="2022-06-13T21:11:52.2288602+02:00" endTime="2022-06-13T21:11:52.2289329+02:00" testType="13cdc9d9-ddb5-4fa4-a97d-d965ccfc6d4b" outcome="Passed" testListId="8c84fa94-04c1-424b-9868-57a2d4851a1d" relativeResultsDirectory="a44f0003-7c11-4705-9a9c-ebf1eb478404" />
    <UnitTestResult executionId="e6676874-5f68-491a-a8b3-21e0d354d2d1" testId="093fe355-2f30-4d6c-aab6-031d25832d09" testName="FormatToStringTest1000 (13508.811787825922,13508.81 zł)" computerName="DESKTOP-5URQ9PB" duration="00:00:00.0000066" startTime="2022-06-13T21:11:52.2413753+02:00" endTime="2022-06-13T21:11:52.2414440+02:00" testType="13cdc9d9-ddb5-4fa4-a97d-d965ccfc6d4b" outcome="Passed" testListId="8c84fa94-04c1-424b-9868-57a2d4851a1d" relativeResultsDirectory="e6676874-5f68-491a-a8b3-21e0d354d2d1" />
    <UnitTestResult executionId="c1484c81-9d00-4393-9b17-34cd2e096a23" testId="2c9afbbf-a9f4-4c95-86fc-72b103a65c5e" testName="FormatToStringTest1000 (17953.338243749615,17953.34 zł)" computerName="DESKTOP-5URQ9PB" duration="00:00:00.0000084" startTime="2022-06-13T21:11:51.9680728+02:00" endTime="2022-06-13T21:11:51.9681738+02:00" testType="13cdc9d9-ddb5-4fa4-a97d-d965ccfc6d4b" outcome="Passed" testListId="8c84fa94-04c1-424b-9868-57a2d4851a1d" relativeResultsDirectory="c1484c81-9d00-4393-9b17-34cd2e096a23" />
    <UnitTestResult executionId="e3ab0b46-28e7-48ed-8d23-00261910a91d" testId="2f191a58-fada-40c0-995c-f4891373033e" testName="FormatToStringTest1000 (6145.531235831571,6145.53 zł)" computerName="DESKTOP-5URQ9PB" duration="00:00:00.0000060" startTime="2022-06-13T21:11:52.0729426+02:00" endTime="2022-06-13T21:11:52.0730086+02:00" testType="13cdc9d9-ddb5-4fa4-a97d-d965ccfc6d4b" outcome="Passed" testListId="8c84fa94-04c1-424b-9868-57a2d4851a1d" relativeResultsDirectory="e3ab0b46-28e7-48ed-8d23-00261910a91d" />
    <UnitTestResult executionId="f50d9735-a3da-4fff-894a-63bf66fad5d4" testId="758f29c7-bf23-4c67-b045-9a6c0fbd32e3" testName="FormatToStringTest1000 (66541.05112730109,66541.05 zł)" computerName="DESKTOP-5URQ9PB" duration="00:00:00.0000061" startTime="2022-06-13T21:11:52.2788200+02:00" endTime="2022-06-13T21:11:52.2788845+02:00" testType="13cdc9d9-ddb5-4fa4-a97d-d965ccfc6d4b" outcome="Passed" testListId="8c84fa94-04c1-424b-9868-57a2d4851a1d" relativeResultsDirectory="f50d9735-a3da-4fff-894a-63bf66fad5d4" />
    <UnitTestResult executionId="5c242466-c897-4d84-94d1-e14c56635172" testId="08fda06f-770f-457d-82a9-6f37b0b16e14" testName="FormatToStringTest1000 (16388.556189478633,16388.56 zł)" computerName="DESKTOP-5URQ9PB" duration="00:00:00.0000064" startTime="2022-06-13T21:11:52.2257051+02:00" endTime="2022-06-13T21:11:52.2257765+02:00" testType="13cdc9d9-ddb5-4fa4-a97d-d965ccfc6d4b" outcome="Passed" testListId="8c84fa94-04c1-424b-9868-57a2d4851a1d" relativeResultsDirectory="5c242466-c897-4d84-94d1-e14c56635172" />
    <UnitTestResult executionId="1c951df4-c047-4a6d-a44f-661ec33a9186" testId="13c2f230-841e-44ae-ab5f-e35029525a2d" testName="FormatToStringTest1000 (151.50737175275916,151.51 zł)" computerName="DESKTOP-5URQ9PB" duration="00:00:00.0000061" startTime="2022-06-13T21:11:52.2729786+02:00" endTime="2022-06-13T21:11:52.2730439+02:00" testType="13cdc9d9-ddb5-4fa4-a97d-d965ccfc6d4b" outcome="Passed" testListId="8c84fa94-04c1-424b-9868-57a2d4851a1d" relativeResultsDirectory="1c951df4-c047-4a6d-a44f-661ec33a9186" />
    <UnitTestResult executionId="95336870-6be9-4511-b1d7-76ef4fc28494" testId="cb8910c0-34ff-4946-b837-c313062d2fe5" testName="FormatToStringTest1000 (5876.112133716285,5876.11 zł)" computerName="DESKTOP-5URQ9PB" duration="00:00:00.0000065" startTime="2022-06-13T21:11:52.2351982+02:00" endTime="2022-06-13T21:11:52.2352653+02:00" testType="13cdc9d9-ddb5-4fa4-a97d-d965ccfc6d4b" outcome="Passed" testListId="8c84fa94-04c1-424b-9868-57a2d4851a1d" relativeResultsDirectory="95336870-6be9-4511-b1d7-76ef4fc28494" />
    <UnitTestResult executionId="ef3dd4ae-2b3b-484d-83f5-c211c09a5a23" testId="6ff3bd6b-1494-46c9-bdd7-be2b6428ae1b" testName="FormatToStringTest1000 (9750.134289915735,9750.13 zł)" computerName="DESKTOP-5URQ9PB" duration="00:00:00.0000062" startTime="2022-06-13T21:11:52.2119837+02:00" endTime="2022-06-13T21:11:52.2120475+02:00" testType="13cdc9d9-ddb5-4fa4-a97d-d965ccfc6d4b" outcome="Passed" testListId="8c84fa94-04c1-424b-9868-57a2d4851a1d" relativeResultsDirectory="ef3dd4ae-2b3b-484d-83f5-c211c09a5a23" />
    <UnitTestResult executionId="3a8d44fd-f7e5-423f-9a89-59ccf300dae4" testId="3f97f943-7899-431c-a6a5-66c71e18c887" testName="FormatToStringTest1000 (78519.41691976106,78519.42 zł)" computerName="DESKTOP-5URQ9PB" duration="00:00:00.0000062" startTime="2022-06-13T21:11:52.2010899+02:00" endTime="2022-06-13T21:11:52.2011537+02:00" testType="13cdc9d9-ddb5-4fa4-a97d-d965ccfc6d4b" outcome="Passed" testListId="8c84fa94-04c1-424b-9868-57a2d4851a1d" relativeResultsDirectory="3a8d44fd-f7e5-423f-9a89-59ccf300dae4" />
    <UnitTestResult executionId="ef2f9b78-2dea-46c8-b193-c9c614f2849f" testId="db37161e-bc42-422c-a144-314082319403" testName="FormatToStringTest1000 (15414.175096961751,15414.18 zł)" computerName="DESKTOP-5URQ9PB" duration="00:00:00.0000065" startTime="2022-06-13T21:11:51.9803268+02:00" endTime="2022-06-13T21:11:51.9804074+02:00" testType="13cdc9d9-ddb5-4fa4-a97d-d965ccfc6d4b" outcome="Passed" testListId="8c84fa94-04c1-424b-9868-57a2d4851a1d" relativeResultsDirectory="ef2f9b78-2dea-46c8-b193-c9c614f2849f" />
    <UnitTestResult executionId="7b7aa78b-9c1b-452d-a2fd-7220d9f59cf8" testId="27ca6623-f0e5-45f3-9bcf-126cfad0aad1" testName="FormatToStringTest1000 (29539.32303995328,29539.32 zł)" computerName="DESKTOP-5URQ9PB" duration="00:00:00.0000061" startTime="2022-06-13T21:11:52.1158352+02:00" endTime="2022-06-13T21:11:52.1159025+02:00" testType="13cdc9d9-ddb5-4fa4-a97d-d965ccfc6d4b" outcome="Passed" testListId="8c84fa94-04c1-424b-9868-57a2d4851a1d" relativeResultsDirectory="7b7aa78b-9c1b-452d-a2fd-7220d9f59cf8" />
    <UnitTestResult executionId="eb1d2c24-ab38-4230-8d58-14048a445f1a" testId="373ec8a9-3b92-4e85-9b8c-bee19a0b1564" testName="FormatToStringTest1000 (1649.0127968480872,1649.01 zł)" computerName="DESKTOP-5URQ9PB" duration="00:00:00.0000092" startTime="2022-06-13T21:11:51.9623397+02:00" endTime="2022-06-13T21:11:51.9624583+02:00" testType="13cdc9d9-ddb5-4fa4-a97d-d965ccfc6d4b" outcome="Passed" testListId="8c84fa94-04c1-424b-9868-57a2d4851a1d" relativeResultsDirectory="eb1d2c24-ab38-4230-8d58-14048a445f1a" />
    <UnitTestResult executionId="bae17919-226d-4e8f-9de4-cc003a96b71d" testId="5976f718-6a4c-4b62-8375-5f5d6488d0c1" testName="FormatToStringTest1000 (33970.38965150639,33970.39 zł)" computerName="DESKTOP-5URQ9PB" duration="00:00:00.0000061" startTime="2022-06-13T21:11:52.2236845+02:00" endTime="2022-06-13T21:11:52.2237493+02:00" testType="13cdc9d9-ddb5-4fa4-a97d-d965ccfc6d4b" outcome="Passed" testListId="8c84fa94-04c1-424b-9868-57a2d4851a1d" relativeResultsDirectory="bae17919-226d-4e8f-9de4-cc003a96b71d" />
    <UnitTestResult executionId="1cdeef36-1542-45d6-82d6-91001e060ec2" testId="67adc49e-52b9-49d8-bccb-3155837e3dc1" testName="FormatToStringTest1000 (4823.904478896365,4823.90 zł)" computerName="DESKTOP-5URQ9PB" duration="00:00:00.0000062" startTime="2022-06-13T21:11:52.2025119+02:00" endTime="2022-06-13T21:11:52.2025788+02:00" testType="13cdc9d9-ddb5-4fa4-a97d-d965ccfc6d4b" outcome="Passed" testListId="8c84fa94-04c1-424b-9868-57a2d4851a1d" relativeResultsDirectory="1cdeef36-1542-45d6-82d6-91001e060ec2" />
    <UnitTestResult executionId="19e67a7d-a1f8-4412-81b6-c51c12b6fb52" testId="8d93a01a-73fd-4fb7-a514-38c18a2d4d29" testName="FormatToStringTest1000 (5855.75080885354,5855.75 zł)" computerName="DESKTOP-5URQ9PB" duration="00:00:00.0000063" startTime="2022-06-13T21:11:52.2102100+02:00" endTime="2022-06-13T21:11:52.2102719+02:00" testType="13cdc9d9-ddb5-4fa4-a97d-d965ccfc6d4b" outcome="Passed" testListId="8c84fa94-04c1-424b-9868-57a2d4851a1d" relativeResultsDirectory="19e67a7d-a1f8-4412-81b6-c51c12b6fb52" />
    <UnitTestResult executionId="796c3d77-7e40-4fd4-a804-43e8ecfa4052" testId="82244573-0066-4487-acc6-847ccbd0a3b1" testName="FormatToStringTest1000 (5611.05334835176,5611.05 zł)" computerName="DESKTOP-5URQ9PB" duration="00:00:00.0000063" startTime="2022-06-13T21:11:52.1128137+02:00" endTime="2022-06-13T21:11:52.1128788+02:00" testType="13cdc9d9-ddb5-4fa4-a97d-d965ccfc6d4b" outcome="Passed" testListId="8c84fa94-04c1-424b-9868-57a2d4851a1d" relativeResultsDirectory="796c3d77-7e40-4fd4-a804-43e8ecfa4052" />
    <UnitTestResult executionId="cb14a00f-a81f-4420-97b3-e8b850241661" testId="d45c04a3-2306-4020-8776-d0771721e80c" testName="FormatToStringTest1000 (28987.862854782896,28987.86 zł)" computerName="DESKTOP-5URQ9PB" duration="00:00:00.0000064" startTime="2022-06-13T21:11:52.2291260+02:00" endTime="2022-06-13T21:11:52.2291939+02:00" testType="13cdc9d9-ddb5-4fa4-a97d-d965ccfc6d4b" outcome="Passed" testListId="8c84fa94-04c1-424b-9868-57a2d4851a1d" relativeResultsDirectory="cb14a00f-a81f-4420-97b3-e8b850241661" />
    <UnitTestResult executionId="ded90d0b-689a-4ddb-ac58-7c919f3ce65f" testId="54685109-846e-4b46-b8f4-8d388ed728a7" testName="FormatToStringTest1000 (65963.39932440939,65963.40 zł)" computerName="DESKTOP-5URQ9PB" duration="00:00:00.0000063" startTime="2022-06-13T21:11:52.2632690+02:00" endTime="2022-06-13T21:11:52.2633391+02:00" testType="13cdc9d9-ddb5-4fa4-a97d-d965ccfc6d4b" outcome="Passed" testListId="8c84fa94-04c1-424b-9868-57a2d4851a1d" relativeResultsDirectory="ded90d0b-689a-4ddb-ac58-7c919f3ce65f" />
    <UnitTestResult executionId="77cca8fc-6a21-44fe-9e02-fd69e0deef10" testId="718dd5a6-1f82-4faf-b3ae-55ba4264d8e5" testName="FormatToStringTest1000 (68698.01923441609,68698.02 zł)" computerName="DESKTOP-5URQ9PB" duration="00:00:00.0000060" startTime="2022-06-13T21:11:52.2677747+02:00" endTime="2022-06-13T21:11:52.2678390+02:00" testType="13cdc9d9-ddb5-4fa4-a97d-d965ccfc6d4b" outcome="Passed" testListId="8c84fa94-04c1-424b-9868-57a2d4851a1d" relativeResultsDirectory="77cca8fc-6a21-44fe-9e02-fd69e0deef10" />
    <UnitTestResult executionId="7d2f4795-ce84-4be0-becf-ca248be51235" testId="3f8d030b-fbe7-4150-b2ca-4a69a9424a52" testName="FormatToStringTest1000 (15129.433864736666,15129.43 zł)" computerName="DESKTOP-5URQ9PB" duration="00:00:00.0000062" startTime="2022-06-13T21:11:52.2356322+02:00" endTime="2022-06-13T21:11:52.2356990+02:00" testType="13cdc9d9-ddb5-4fa4-a97d-d965ccfc6d4b" outcome="Passed" testListId="8c84fa94-04c1-424b-9868-57a2d4851a1d" relativeResultsDirectory="7d2f4795-ce84-4be0-becf-ca248be51235" />
    <UnitTestResult executionId="dd4ae4e0-cd13-4438-a68e-e97b99d6ad33" testId="ed204701-d981-4aa5-8157-f2a69e868541" testName="FormatToStringTest1000 (918.1842976688334,918.18 zł)" computerName="DESKTOP-5URQ9PB" duration="00:00:00.0000081" startTime="2022-06-13T21:11:51.9565769+02:00" endTime="2022-06-13T21:11:51.9566713+02:00" testType="13cdc9d9-ddb5-4fa4-a97d-d965ccfc6d4b" outcome="Passed" testListId="8c84fa94-04c1-424b-9868-57a2d4851a1d" relativeResultsDirectory="dd4ae4e0-cd13-4438-a68e-e97b99d6ad33" />
    <UnitTestResult executionId="08700f88-5a84-493d-8fe8-60b461593b26" testId="270c2d72-d871-4259-a359-dc35d4e701ce" testName="FormatToStringTest1000 (11829.625994884234,11829.63 zł)" computerName="DESKTOP-5URQ9PB" duration="00:00:00.0000102" startTime="2022-06-13T21:11:52.1155004+02:00" endTime="2022-06-13T21:11:52.1156336+02:00" testType="13cdc9d9-ddb5-4fa4-a97d-d965ccfc6d4b" outcome="Passed" testListId="8c84fa94-04c1-424b-9868-57a2d4851a1d" relativeResultsDirectory="08700f88-5a84-493d-8fe8-60b461593b26" />
    <UnitTestResult executionId="d48a21ae-d3aa-45ab-83a8-4c376fcc9f14" testId="f4a0300a-ca27-4e77-b864-8f56fdca3a6e" testName="FormatToStringTest1000 (12187.551827252633,12187.55 zł)" computerName="DESKTOP-5URQ9PB" duration="00:00:00.0000062" startTime="2022-06-13T21:11:52.0328361+02:00" endTime="2022-06-13T21:11:52.0329034+02:00" testType="13cdc9d9-ddb5-4fa4-a97d-d965ccfc6d4b" outcome="Passed" testListId="8c84fa94-04c1-424b-9868-57a2d4851a1d" relativeResultsDirectory="d48a21ae-d3aa-45ab-83a8-4c376fcc9f14" />
    <UnitTestResult executionId="fe407b86-6323-4655-8eff-7b904d5cb95d" testId="04de8031-fa07-4042-a0ee-aedcc998925b" testName="FormatToStringTest1000 (87505.85936583664,87505.86 zł)" computerName="DESKTOP-5URQ9PB" duration="00:00:00.0000280" startTime="2022-06-13T21:11:52.1547042+02:00" endTime="2022-06-13T21:11:52.1548742+02:00" testType="13cdc9d9-ddb5-4fa4-a97d-d965ccfc6d4b" outcome="Passed" testListId="8c84fa94-04c1-424b-9868-57a2d4851a1d" relativeResultsDirectory="fe407b86-6323-4655-8eff-7b904d5cb95d" />
    <UnitTestResult executionId="6c63c3f3-a79d-4e72-8ce1-e064319b2893" testId="93956ffe-4e80-467c-9e19-977d85dd9d8e" testName="FormatToStringTest1000 (29926.595417457444,29926.60 zł)" computerName="DESKTOP-5URQ9PB" duration="00:00:00.0000061" startTime="2022-06-13T21:11:52.2159646+02:00" endTime="2022-06-13T21:11:52.2160287+02:00" testType="13cdc9d9-ddb5-4fa4-a97d-d965ccfc6d4b" outcome="Passed" testListId="8c84fa94-04c1-424b-9868-57a2d4851a1d" relativeResultsDirectory="6c63c3f3-a79d-4e72-8ce1-e064319b2893" />
    <UnitTestResult executionId="219391ac-7ddf-4b76-a2cf-83f53cf2c2e7" testId="c971df5a-1fdc-4a97-9bbc-0a93ee976c9b" testName="FormatToStringTest1000 (59919.71489415491,59919.71 zł)" computerName="DESKTOP-5URQ9PB" duration="00:00:00.0000095" startTime="2022-06-13T21:11:52.1798708+02:00" endTime="2022-06-13T21:11:52.1800042+02:00" testType="13cdc9d9-ddb5-4fa4-a97d-d965ccfc6d4b" outcome="Passed" testListId="8c84fa94-04c1-424b-9868-57a2d4851a1d" relativeResultsDirectory="219391ac-7ddf-4b76-a2cf-83f53cf2c2e7" />
    <UnitTestResult executionId="e0c9a616-cffa-4606-aa7d-6162ed30fce2" testId="ace56cc9-c499-45b7-aa03-d138757f31a0" testName="FormatToStringTest1000 (13414.3551766441,13414.36 zł)" computerName="DESKTOP-5URQ9PB" duration="00:00:00.0000062" startTime="2022-06-13T21:11:52.0695150+02:00" endTime="2022-06-13T21:11:52.0695788+02:00" testType="13cdc9d9-ddb5-4fa4-a97d-d965ccfc6d4b" outcome="Passed" testListId="8c84fa94-04c1-424b-9868-57a2d4851a1d" relativeResultsDirectory="e0c9a616-cffa-4606-aa7d-6162ed30fce2" />
    <UnitTestResult executionId="d5b70fc5-a3f4-465b-99cc-cb0035e38bb8" testId="e4b87557-3ccd-497b-ae60-a755c8195a33" testName="FormatToStringTest1000 (28298.945361683585,28298.95 zł)" computerName="DESKTOP-5URQ9PB" duration="00:00:00.0000255" startTime="2022-06-13T21:11:52.1544887+02:00" endTime="2022-06-13T21:11:52.1546585+02:00" testType="13cdc9d9-ddb5-4fa4-a97d-d965ccfc6d4b" outcome="Passed" testListId="8c84fa94-04c1-424b-9868-57a2d4851a1d" relativeResultsDirectory="d5b70fc5-a3f4-465b-99cc-cb0035e38bb8" />
    <UnitTestResult executionId="22821d81-b7c6-4df1-a178-df77dac45cbb" testId="6a272844-5643-4776-8ad2-3595b9daece0" testName="FormatToStringTest1000 (7458.609645228652,7458.61 zł)" computerName="DESKTOP-5URQ9PB" duration="00:00:00.0000061" startTime="2022-06-13T21:11:51.9516077+02:00" endTime="2022-06-13T21:11:51.9516746+02:00" testType="13cdc9d9-ddb5-4fa4-a97d-d965ccfc6d4b" outcome="Passed" testListId="8c84fa94-04c1-424b-9868-57a2d4851a1d" relativeResultsDirectory="22821d81-b7c6-4df1-a178-df77dac45cbb" />
    <UnitTestResult executionId="f51e720f-bb47-4a84-a6aa-7bbd1cb23d63" testId="bb6f807c-241d-42a5-a91b-deb4700ab83a" testName="FormatToStringTest1000 (13844.577623300524,13844.58 zł)" computerName="DESKTOP-5URQ9PB" duration="00:00:00.0000062" startTime="2022-06-13T21:11:52.0359337+02:00" endTime="2022-06-13T21:11:52.0360035+02:00" testType="13cdc9d9-ddb5-4fa4-a97d-d965ccfc6d4b" outcome="Passed" testListId="8c84fa94-04c1-424b-9868-57a2d4851a1d" relativeResultsDirectory="f51e720f-bb47-4a84-a6aa-7bbd1cb23d63" />
    <UnitTestResult executionId="3653af69-cad0-455b-9fa2-0c50ae59002d" testId="bc24e187-f074-4464-a7c6-6d56a05b352e" testName="FormatToStringTest1000 (33251.41907856028,33251.42 zł)" computerName="DESKTOP-5URQ9PB" duration="00:00:00.0000061" startTime="2022-06-13T21:11:51.9915171+02:00" endTime="2022-06-13T21:11:51.9915835+02:00" testType="13cdc9d9-ddb5-4fa4-a97d-d965ccfc6d4b" outcome="Passed" testListId="8c84fa94-04c1-424b-9868-57a2d4851a1d" relativeResultsDirectory="3653af69-cad0-455b-9fa2-0c50ae59002d" />
    <UnitTestResult executionId="ab0dee22-7a44-4e82-8bce-f9f52e88ccb7" testId="fd9ac4bf-8af3-4929-b9f9-38f764bfe2eb" testName="FormatToStringTest1000 (45070.5442499493,45070.54 zł)" computerName="DESKTOP-5URQ9PB" duration="00:00:00.0000062" startTime="2022-06-13T21:11:52.2219002+02:00" endTime="2022-06-13T21:11:52.2219619+02:00" testType="13cdc9d9-ddb5-4fa4-a97d-d965ccfc6d4b" outcome="Passed" testListId="8c84fa94-04c1-424b-9868-57a2d4851a1d" relativeResultsDirectory="ab0dee22-7a44-4e82-8bce-f9f52e88ccb7" />
    <UnitTestResult executionId="6586e47d-cd71-488b-87be-a1e848499e03" testId="8b6faa65-6847-465e-bff0-3d10077d9b25" testName="FormatToStringTest1000 (3303.1902076747224,3303.19 zł)" computerName="DESKTOP-5URQ9PB" duration="00:00:00.0000115" startTime="2022-06-13T21:11:52.1321753+02:00" endTime="2022-06-13T21:11:52.1325953+02:00" testType="13cdc9d9-ddb5-4fa4-a97d-d965ccfc6d4b" outcome="Passed" testListId="8c84fa94-04c1-424b-9868-57a2d4851a1d" relativeResultsDirectory="6586e47d-cd71-488b-87be-a1e848499e03" />
    <UnitTestResult executionId="8517bf11-9611-417e-9995-aa0e49ff455f" testId="67be7ad0-5ead-4579-871c-cde07bc8e6e5" testName="FormatToStringTest1000 (64490.52771614982,64490.53 zł)" computerName="DESKTOP-5URQ9PB" duration="00:00:00.0000062" startTime="2022-06-13T21:11:52.1064405+02:00" endTime="2022-06-13T21:11:52.1065077+02:00" testType="13cdc9d9-ddb5-4fa4-a97d-d965ccfc6d4b" outcome="Passed" testListId="8c84fa94-04c1-424b-9868-57a2d4851a1d" relativeResultsDirectory="8517bf11-9611-417e-9995-aa0e49ff455f" />
    <UnitTestResult executionId="08bcbbc7-1d5b-4e5e-ba41-06579d7ebd72" testId="b97de2c2-bf31-455c-b082-67f7e201e6f0" testName="FormatToStringTest1000 (45340.017357165,45340.02 zł)" computerName="DESKTOP-5URQ9PB" duration="00:00:00.0000065" startTime="2022-06-13T21:11:52.1316450+02:00" endTime="2022-06-13T21:11:52.1317139+02:00" testType="13cdc9d9-ddb5-4fa4-a97d-d965ccfc6d4b" outcome="Passed" testListId="8c84fa94-04c1-424b-9868-57a2d4851a1d" relativeResultsDirectory="08bcbbc7-1d5b-4e5e-ba41-06579d7ebd72" />
    <UnitTestResult executionId="f15b1bcf-8f15-4c06-8b98-ebe9d9346916" testId="9d4f6337-894c-4e79-90a7-923872f09ec6" testName="FormatToStringTest1000 (7396.940188290057,7396.94 zł)" computerName="DESKTOP-5URQ9PB" duration="00:00:00.0000060" startTime="2022-06-13T21:11:52.2676139+02:00" endTime="2022-06-13T21:11:52.2676774+02:00" testType="13cdc9d9-ddb5-4fa4-a97d-d965ccfc6d4b" outcome="Passed" testListId="8c84fa94-04c1-424b-9868-57a2d4851a1d" relativeResultsDirectory="f15b1bcf-8f15-4c06-8b98-ebe9d9346916" />
    <UnitTestResult executionId="1cc5a809-4afc-4f07-8166-38fbdd3c4cec" testId="8bdcf04f-ac09-4709-8dbf-ff710c255d33" testName="FormatToStringTest1000 (33601.357302459124,33601.36 zł)" computerName="DESKTOP-5URQ9PB" duration="00:00:00.0000060" startTime="2022-06-13T21:11:52.2655700+02:00" endTime="2022-06-13T21:11:52.2656339+02:00" testType="13cdc9d9-ddb5-4fa4-a97d-d965ccfc6d4b" outcome="Passed" testListId="8c84fa94-04c1-424b-9868-57a2d4851a1d" relativeResultsDirectory="1cc5a809-4afc-4f07-8166-38fbdd3c4cec" />
    <UnitTestResult executionId="35ae7d11-c4f2-45ae-a97a-a0137b307546" testId="7e53518f-80ad-4a48-af1c-12fd1b384548" testName="FormatToStringTest1000 (17835.54606576988,17835.55 zł)" computerName="DESKTOP-5URQ9PB" duration="00:00:00.0000062" startTime="2022-06-13T21:11:51.9843181+02:00" endTime="2022-06-13T21:11:51.9843865+02:00" testType="13cdc9d9-ddb5-4fa4-a97d-d965ccfc6d4b" outcome="Passed" testListId="8c84fa94-04c1-424b-9868-57a2d4851a1d" relativeResultsDirectory="35ae7d11-c4f2-45ae-a97a-a0137b307546" />
    <UnitTestResult executionId="92ac69ec-6338-4f3b-a469-0d9e41b1ac6e" testId="6c4a6c1a-dfa5-4039-b265-1133d9aaaff1" testName="FormatToStringTest1000 (3694.480496819355,3694.48 zł)" computerName="DESKTOP-5URQ9PB" duration="00:00:00.0000062" startTime="2022-06-13T21:11:52.0253485+02:00" endTime="2022-06-13T21:11:52.0254166+02:00" testType="13cdc9d9-ddb5-4fa4-a97d-d965ccfc6d4b" outcome="Passed" testListId="8c84fa94-04c1-424b-9868-57a2d4851a1d" relativeResultsDirectory="92ac69ec-6338-4f3b-a469-0d9e41b1ac6e" />
    <UnitTestResult executionId="f41ccc06-12a7-422c-a916-2d0f96079c89" testId="87491bb5-6a30-43b3-aec0-2c99309408ec" testName="FormatToStringTest1000 (38904.87092920806,38904.87 zł)" computerName="DESKTOP-5URQ9PB" duration="00:00:00.0000061" startTime="2022-06-13T21:11:52.1760692+02:00" endTime="2022-06-13T21:11:52.1761345+02:00" testType="13cdc9d9-ddb5-4fa4-a97d-d965ccfc6d4b" outcome="Passed" testListId="8c84fa94-04c1-424b-9868-57a2d4851a1d" relativeResultsDirectory="f41ccc06-12a7-422c-a916-2d0f96079c89" />
    <UnitTestResult executionId="2d58a16a-755c-4e49-99dc-9f8e4540bbb6" testId="2e6ec3b2-4059-4890-96ef-b4e4b40f80a2" testName="FormatToStringTest1000 (14920.620598662934,14920.62 zł)" computerName="DESKTOP-5URQ9PB" duration="00:00:00.0000065" startTime="2022-06-13T21:11:52.0225437+02:00" endTime="2022-06-13T21:11:52.0226181+02:00" testType="13cdc9d9-ddb5-4fa4-a97d-d965ccfc6d4b" outcome="Passed" testListId="8c84fa94-04c1-424b-9868-57a2d4851a1d" relativeResultsDirectory="2d58a16a-755c-4e49-99dc-9f8e4540bbb6" />
    <UnitTestResult executionId="8926db54-4b5d-4091-bfec-746e26aa2ed1" testId="3f4cd3c8-db5f-4897-859b-c4eced47d60e" testName="FormatToStringTest1000 (1514.6266382441981,1514.63 zł)" computerName="DESKTOP-5URQ9PB" duration="00:00:00.0000064" startTime="2022-06-13T21:11:52.0889144+02:00" endTime="2022-06-13T21:11:52.0889909+02:00" testType="13cdc9d9-ddb5-4fa4-a97d-d965ccfc6d4b" outcome="Passed" testListId="8c84fa94-04c1-424b-9868-57a2d4851a1d" relativeResultsDirectory="8926db54-4b5d-4091-bfec-746e26aa2ed1" />
    <UnitTestResult executionId="fcbb3067-622b-4d90-8c75-d6561f435cfd" testId="230ea8ff-200a-4aca-a96b-020c334ed78b" testName="FormatToStringTest1000 (10324.538670147089,10324.54 zł)" computerName="DESKTOP-5URQ9PB" duration="00:00:00.0000061" startTime="2022-06-13T21:11:52.1826079+02:00" endTime="2022-06-13T21:11:52.1826741+02:00" testType="13cdc9d9-ddb5-4fa4-a97d-d965ccfc6d4b" outcome="Passed" testListId="8c84fa94-04c1-424b-9868-57a2d4851a1d" relativeResultsDirectory="fcbb3067-622b-4d90-8c75-d6561f435cfd" />
    <UnitTestResult executionId="a0462da3-5fbd-4884-8ddb-60049ad5112e" testId="b99c0cb5-ae74-4015-bbd2-d1ae483272ef" testName="FormatToStringTest1000 (5317.9582678023535,5317.96 zł)" computerName="DESKTOP-5URQ9PB" duration="00:00:00.0000061" startTime="2022-06-13T21:11:52.1779196+02:00" endTime="2022-06-13T21:11:52.1779850+02:00" testType="13cdc9d9-ddb5-4fa4-a97d-d965ccfc6d4b" outcome="Passed" testListId="8c84fa94-04c1-424b-9868-57a2d4851a1d" relativeResultsDirectory="a0462da3-5fbd-4884-8ddb-60049ad5112e" />
    <UnitTestResult executionId="2be8e1d6-e867-45b6-a3f9-87a506e45e70" testId="af70e381-2484-4a10-9df4-15c222ce93c5" testName="FormatToStringTest1000 (61422.228144277455,61422.23 zł)" computerName="DESKTOP-5URQ9PB" duration="00:00:00.0000062" startTime="2022-06-13T21:11:52.2005968+02:00" endTime="2022-06-13T21:11:52.2006644+02:00" testType="13cdc9d9-ddb5-4fa4-a97d-d965ccfc6d4b" outcome="Passed" testListId="8c84fa94-04c1-424b-9868-57a2d4851a1d" relativeResultsDirectory="2be8e1d6-e867-45b6-a3f9-87a506e45e70" />
    <UnitTestResult executionId="40f27346-7460-4e14-914b-9ed58bff9e04" testId="b4dc5b9c-0e75-4e61-803f-aa35ce2c6954" testName="FormatToStringTest1000 (4919.073526169674,4919.07 zł)" computerName="DESKTOP-5URQ9PB" duration="00:00:00.0000073" startTime="2022-06-13T21:11:52.0397740+02:00" endTime="2022-06-13T21:11:52.0398634+02:00" testType="13cdc9d9-ddb5-4fa4-a97d-d965ccfc6d4b" outcome="Passed" testListId="8c84fa94-04c1-424b-9868-57a2d4851a1d" relativeResultsDirectory="40f27346-7460-4e14-914b-9ed58bff9e04" />
    <UnitTestResult executionId="22887700-add3-48e7-9066-3b400d9fce20" testId="a044b7fb-e890-48f6-984c-38b00d1ce427" testName="FormatToStringTest1000 (8599.45217413616,8599.45 zł)" computerName="DESKTOP-5URQ9PB" duration="00:00:00.0000164" startTime="2022-06-13T21:11:52.0075535+02:00" endTime="2022-06-13T21:11:52.0077520+02:00" testType="13cdc9d9-ddb5-4fa4-a97d-d965ccfc6d4b" outcome="Passed" testListId="8c84fa94-04c1-424b-9868-57a2d4851a1d" relativeResultsDirectory="22887700-add3-48e7-9066-3b400d9fce20" />
    <UnitTestResult executionId="3aafeafc-06f4-481d-923e-3d66c23ed9bb" testId="5dd2283b-af1d-4b8d-8a04-e304a3c67b84" testName="FormatToStringTest1000 (1994.0983933439006,1994.10 zł)" computerName="DESKTOP-5URQ9PB" duration="00:00:00.0000062" startTime="2022-06-13T21:11:52.2654898+02:00" endTime="2022-06-13T21:11:52.2655535+02:00" testType="13cdc9d9-ddb5-4fa4-a97d-d965ccfc6d4b" outcome="Passed" testListId="8c84fa94-04c1-424b-9868-57a2d4851a1d" relativeResultsDirectory="3aafeafc-06f4-481d-923e-3d66c23ed9bb" />
    <UnitTestResult executionId="6bc8eecb-d7b0-4dde-b3b2-28070853986d" testId="23aaeebd-29cd-4402-a6d5-dd9d3bdb94e9" testName="FormatToStringTest1000 (28579.14698705503,28579.15 zł)" computerName="DESKTOP-5URQ9PB" duration="00:00:00.0000063" startTime="2022-06-13T21:11:52.1944184+02:00" endTime="2022-06-13T21:11:52.1944883+02:00" testType="13cdc9d9-ddb5-4fa4-a97d-d965ccfc6d4b" outcome="Passed" testListId="8c84fa94-04c1-424b-9868-57a2d4851a1d" relativeResultsDirectory="6bc8eecb-d7b0-4dde-b3b2-28070853986d" />
    <UnitTestResult executionId="ed953777-aed3-4d12-a921-700c72b8dd94" testId="a838cf9e-e4ce-4cba-a1b1-920d7bd71ff0" testName="FormatToStringTest1000 (14017.699524653006,14017.70 zł)" computerName="DESKTOP-5URQ9PB" duration="00:00:00.0000061" startTime="2022-06-13T21:11:52.2728965+02:00" endTime="2022-06-13T21:11:52.2729617+02:00" testType="13cdc9d9-ddb5-4fa4-a97d-d965ccfc6d4b" outcome="Passed" testListId="8c84fa94-04c1-424b-9868-57a2d4851a1d" relativeResultsDirectory="ed953777-aed3-4d12-a921-700c72b8dd94" />
    <UnitTestResult executionId="b992bcce-1b34-4de4-90cf-2c38bd6a0306" testId="14981519-cea9-4b96-a801-1f0e13adfccb" testName="FormatToStringTest1000 (55303.17220895699,55303.17 zł)" computerName="DESKTOP-5URQ9PB" duration="00:00:00.0000068" startTime="2022-06-13T21:11:51.9991215+02:00" endTime="2022-06-13T21:11:51.9991884+02:00" testType="13cdc9d9-ddb5-4fa4-a97d-d965ccfc6d4b" outcome="Passed" testListId="8c84fa94-04c1-424b-9868-57a2d4851a1d" relativeResultsDirectory="b992bcce-1b34-4de4-90cf-2c38bd6a0306" />
    <UnitTestResult executionId="61c9e6b1-ee16-498e-b2ae-3b028ea67dec" testId="cc3ffd3f-0656-4de6-b22a-c620b6dfc6e2" testName="FormatToStringTest1000 (4525.609305084501,4525.61 zł)" computerName="DESKTOP-5URQ9PB" duration="00:00:00.0000111" startTime="2022-06-13T21:11:52.1902541+02:00" endTime="2022-06-13T21:11:52.1903249+02:00" testType="13cdc9d9-ddb5-4fa4-a97d-d965ccfc6d4b" outcome="Passed" testListId="8c84fa94-04c1-424b-9868-57a2d4851a1d" relativeResultsDirectory="61c9e6b1-ee16-498e-b2ae-3b028ea67dec" />
    <UnitTestResult executionId="19d9a397-9d33-4541-81e3-a7ad173f4176" testId="d9c16376-ab53-4f01-b7f5-47d7b6035810" testName="FormatToStringTest1000 (657.5396922647672,657.54 zł)" computerName="DESKTOP-5URQ9PB" duration="00:00:00.0000074" startTime="2022-06-13T21:11:52.0860844+02:00" endTime="2022-06-13T21:11:52.0861703+02:00" testType="13cdc9d9-ddb5-4fa4-a97d-d965ccfc6d4b" outcome="Passed" testListId="8c84fa94-04c1-424b-9868-57a2d4851a1d" relativeResultsDirectory="19d9a397-9d33-4541-81e3-a7ad173f4176" />
    <UnitTestResult executionId="43aeb1ce-d851-4be1-b51e-2ee284804138" testId="f3a7c0ed-27d1-4884-be06-1dda503bd16e" testName="FormatToStringTest1000 (79339.95632144621,79339.96 zł)" computerName="DESKTOP-5URQ9PB" duration="00:00:00.0000066" startTime="2022-06-13T21:11:52.2749998+02:00" endTime="2022-06-13T21:11:52.2750637+02:00" testType="13cdc9d9-ddb5-4fa4-a97d-d965ccfc6d4b" outcome="Passed" testListId="8c84fa94-04c1-424b-9868-57a2d4851a1d" relativeResultsDirectory="43aeb1ce-d851-4be1-b51e-2ee284804138" />
    <UnitTestResult executionId="39787ea8-4190-4164-b5f3-ec4bc8390f5f" testId="5e4201d8-319c-4f0f-91b0-85e7c10b7aa0" testName="FormatToStringTest1000 (9634.398811461124,9634.40 zł)" computerName="DESKTOP-5URQ9PB" duration="00:00:00.0000066" startTime="2022-06-13T21:11:52.2293930+02:00" endTime="2022-06-13T21:11:52.2294607+02:00" testType="13cdc9d9-ddb5-4fa4-a97d-d965ccfc6d4b" outcome="Passed" testListId="8c84fa94-04c1-424b-9868-57a2d4851a1d" relativeResultsDirectory="39787ea8-4190-4164-b5f3-ec4bc8390f5f" />
    <UnitTestResult executionId="c94978c5-2b6b-4157-8543-cb0198d41198" testId="be203a9f-fbfd-4d4b-a1f4-3a8c3f69dacb" testName="FormatToStringTest1000 (24957.469502810607,24957.47 zł)" computerName="DESKTOP-5URQ9PB" duration="00:00:00.0000063" startTime="2022-06-13T21:11:51.9386291+02:00" endTime="2022-06-13T21:11:51.9387024+02:00" testType="13cdc9d9-ddb5-4fa4-a97d-d965ccfc6d4b" outcome="Passed" testListId="8c84fa94-04c1-424b-9868-57a2d4851a1d" relativeResultsDirectory="c94978c5-2b6b-4157-8543-cb0198d41198" />
    <UnitTestResult executionId="ebea2894-f031-45c0-bf8a-ea025fcec11d" testId="86614575-b950-4c7e-8135-83cca4f2f588" testName="FormatToStringTest1000 (12610.563163818122,12610.56 zł)" computerName="DESKTOP-5URQ9PB" duration="00:00:00.0000086" startTime="2022-06-13T21:11:52.2524256+02:00" endTime="2022-06-13T21:11:52.2525224+02:00" testType="13cdc9d9-ddb5-4fa4-a97d-d965ccfc6d4b" outcome="Passed" testListId="8c84fa94-04c1-424b-9868-57a2d4851a1d" relativeResultsDirectory="ebea2894-f031-45c0-bf8a-ea025fcec11d" />
    <UnitTestResult executionId="5d59e762-285b-4303-8c89-c866c7f970fd" testId="bb2f9539-fce4-4642-b8a9-626c153f0a4a" testName="FormatToStringTest1000 (8514.837538072763,8514.84 zł)" computerName="DESKTOP-5URQ9PB" duration="00:00:00.0000060" startTime="2022-06-13T21:11:52.2767467+02:00" endTime="2022-06-13T21:11:52.2768107+02:00" testType="13cdc9d9-ddb5-4fa4-a97d-d965ccfc6d4b" outcome="Passed" testListId="8c84fa94-04c1-424b-9868-57a2d4851a1d" relativeResultsDirectory="5d59e762-285b-4303-8c89-c866c7f970fd" />
    <UnitTestResult executionId="8cfc10fd-d98c-406b-9ac5-ba984858ebb5" testId="9bf88be1-1585-4433-b811-0e1d6880bc7b" testName="FormatToStringTest1000 (74152.7503934562,74152.75 zł)" computerName="DESKTOP-5URQ9PB" duration="00:00:00.0000067" startTime="2022-06-13T21:11:52.0935896+02:00" endTime="2022-06-13T21:11:52.0936551+02:00" testType="13cdc9d9-ddb5-4fa4-a97d-d965ccfc6d4b" outcome="Passed" testListId="8c84fa94-04c1-424b-9868-57a2d4851a1d" relativeResultsDirectory="8cfc10fd-d98c-406b-9ac5-ba984858ebb5" />
    <UnitTestResult executionId="718fc14c-9002-4fc2-957a-523eaa36f3f6" testId="f6446e9b-aa88-487e-b184-19517ccb2d2e" testName="FormatToStringTest1000 (23023.74724929768,23023.75 zł)" computerName="DESKTOP-5URQ9PB" duration="00:00:00.0000061" startTime="2022-06-13T21:11:52.1741108+02:00" endTime="2022-06-13T21:11:52.1741761+02:00" testType="13cdc9d9-ddb5-4fa4-a97d-d965ccfc6d4b" outcome="Passed" testListId="8c84fa94-04c1-424b-9868-57a2d4851a1d" relativeResultsDirectory="718fc14c-9002-4fc2-957a-523eaa36f3f6" />
    <UnitTestResult executionId="99def046-c646-4303-a512-9a627ca120a0" testId="f1447fda-eb37-42b3-901c-dc66c910d656" testName="FormatToStringTest1000 (2298.0331723829886,2298.03 zł)" computerName="DESKTOP-5URQ9PB" duration="00:00:00.0000063" startTime="2022-06-13T21:11:52.1669263+02:00" endTime="2022-06-13T21:11:52.1669948+02:00" testType="13cdc9d9-ddb5-4fa4-a97d-d965ccfc6d4b" outcome="Passed" testListId="8c84fa94-04c1-424b-9868-57a2d4851a1d" relativeResultsDirectory="99def046-c646-4303-a512-9a627ca120a0" />
    <UnitTestResult executionId="9bacc55e-141a-4ca9-8128-42ac224f3d71" testId="c7c872ba-fa65-47e3-baac-63a1b7a6a4b4" testName="FormatToStringTest1000 (726.8087564975995,726.81 zł)" computerName="DESKTOP-5URQ9PB" duration="00:00:00.0000066" startTime="2022-06-13T21:11:51.8918440+02:00" endTime="2022-06-13T21:11:51.8919137+02:00" testType="13cdc9d9-ddb5-4fa4-a97d-d965ccfc6d4b" outcome="Passed" testListId="8c84fa94-04c1-424b-9868-57a2d4851a1d" relativeResultsDirectory="9bacc55e-141a-4ca9-8128-42ac224f3d71" />
    <UnitTestResult executionId="360a5d07-f618-44ad-8119-ba3d07bc30df" testId="9746e5a0-f515-4c18-bfc5-5f60e71d9948" testName="FormatToStringTest1000 (20640.678251201603,20640.68 zł)" computerName="DESKTOP-5URQ9PB" duration="00:00:00.0000248" startTime="2022-06-13T21:11:52.1549197+02:00" endTime="2022-06-13T21:11:52.1550892+02:00" testType="13cdc9d9-ddb5-4fa4-a97d-d965ccfc6d4b" outcome="Passed" testListId="8c84fa94-04c1-424b-9868-57a2d4851a1d" relativeResultsDirectory="360a5d07-f618-44ad-8119-ba3d07bc30df" />
    <UnitTestResult executionId="fde62629-f127-4c23-b933-bc68a7a8e6aa" testId="2110319b-d968-4852-9d34-fe1eb67d358c" testName="FormatToStringTest1000 (5749.124990274722,5749.12 zł)" computerName="DESKTOP-5URQ9PB" duration="00:00:00.0000069" startTime="2022-06-13T21:11:52.2294782+02:00" endTime="2022-06-13T21:11:52.2295454+02:00" testType="13cdc9d9-ddb5-4fa4-a97d-d965ccfc6d4b" outcome="Passed" testListId="8c84fa94-04c1-424b-9868-57a2d4851a1d" relativeResultsDirectory="fde62629-f127-4c23-b933-bc68a7a8e6aa" />
    <UnitTestResult executionId="70a5e0a3-774d-4367-b4bb-48d04384dab3" testId="3a132ead-3b06-4782-9bd0-633eacd49b74" testName="FormatToStringTest1000 (21281.64584727662,21281.65 zł)" computerName="DESKTOP-5URQ9PB" duration="00:00:00.0000082" startTime="2022-06-13T21:11:52.0327076+02:00" endTime="2022-06-13T21:11:52.0328132+02:00" testType="13cdc9d9-ddb5-4fa4-a97d-d965ccfc6d4b" outcome="Passed" testListId="8c84fa94-04c1-424b-9868-57a2d4851a1d" relativeResultsDirectory="70a5e0a3-774d-4367-b4bb-48d04384dab3" />
    <UnitTestResult executionId="93433979-b101-4053-b239-f9fa94d57f25" testId="7b661e3f-5b4c-4c2e-8f2f-aacb1340d1e8" testName="FormatToStringTest1000 (2292.8331871111104,2292.83 zł)" computerName="DESKTOP-5URQ9PB" duration="00:00:00.0000066" startTime="2022-06-13T21:11:51.9729631+02:00" endTime="2022-06-13T21:11:51.9730394+02:00" testType="13cdc9d9-ddb5-4fa4-a97d-d965ccfc6d4b" outcome="Passed" testListId="8c84fa94-04c1-424b-9868-57a2d4851a1d" relativeResultsDirectory="93433979-b101-4053-b239-f9fa94d57f25" />
    <UnitTestResult executionId="db9ae583-b81d-4fa3-a734-83d84d9783ee" testId="a49c8a72-980f-43d9-b607-9ef2a5cc29e6" testName="FormatToStringTest1000 (1662.8482664818168,1662.85 zł)" computerName="DESKTOP-5URQ9PB" duration="00:00:00.0000082" startTime="2022-06-13T21:11:52.1916384+02:00" endTime="2022-06-13T21:11:52.1917213+02:00" testType="13cdc9d9-ddb5-4fa4-a97d-d965ccfc6d4b" outcome="Passed" testListId="8c84fa94-04c1-424b-9868-57a2d4851a1d" relativeResultsDirectory="db9ae583-b81d-4fa3-a734-83d84d9783ee" />
    <UnitTestResult executionId="d2ac538f-f804-4a40-ae6d-2177af35a28a" testId="c02e492c-6f53-48d1-9075-bd2ca8330ea1" testName="FormatToStringTest1000 (96261.84883437205,96261.85 zł)" computerName="DESKTOP-5URQ9PB" duration="00:00:00.0000070" startTime="2022-06-13T21:11:52.2592967+02:00" endTime="2022-06-13T21:11:52.2593672+02:00" testType="13cdc9d9-ddb5-4fa4-a97d-d965ccfc6d4b" outcome="Passed" testListId="8c84fa94-04c1-424b-9868-57a2d4851a1d" relativeResultsDirectory="d2ac538f-f804-4a40-ae6d-2177af35a28a" />
    <UnitTestResult executionId="dc7af538-3147-47a6-9d56-f7d45575c76a" testId="4b4faf31-36ae-497f-b818-988a7325443a" testName="FormatToStringTest1000 (16190.113943164757,16190.11 zł)" computerName="DESKTOP-5URQ9PB" duration="00:00:00.0000061" startTime="2022-06-13T21:11:52.1123868+02:00" endTime="2022-06-13T21:11:52.1124557+02:00" testType="13cdc9d9-ddb5-4fa4-a97d-d965ccfc6d4b" outcome="Passed" testListId="8c84fa94-04c1-424b-9868-57a2d4851a1d" relativeResultsDirectory="dc7af538-3147-47a6-9d56-f7d45575c76a" />
    <UnitTestResult executionId="9df6eb1d-3f5a-4067-9d24-cee830251a47" testId="af78304a-822b-4fe6-a516-b75aa2fae3da" testName="FormatToStringTest1000 (591.2110872302256,591.21 zł)" computerName="DESKTOP-5URQ9PB" duration="00:00:00.0000064" startTime="2022-06-13T21:11:51.9484060+02:00" endTime="2022-06-13T21:11:51.9484778+02:00" testType="13cdc9d9-ddb5-4fa4-a97d-d965ccfc6d4b" outcome="Passed" testListId="8c84fa94-04c1-424b-9868-57a2d4851a1d" relativeResultsDirectory="9df6eb1d-3f5a-4067-9d24-cee830251a47" />
    <UnitTestResult executionId="8c59079c-70b3-49b7-9695-74b759ed9990" testId="06f11422-11e9-4046-871a-1b365c627b49" testName="FormatToStringTest1000 (35.34471716840971,35.34 zł)" computerName="DESKTOP-5URQ9PB" duration="00:00:00.0000061" startTime="2022-06-13T21:11:52.1942221+02:00" endTime="2022-06-13T21:11:52.1942871+02:00" testType="13cdc9d9-ddb5-4fa4-a97d-d965ccfc6d4b" outcome="Passed" testListId="8c84fa94-04c1-424b-9868-57a2d4851a1d" relativeResultsDirectory="8c59079c-70b3-49b7-9695-74b759ed9990" />
    <UnitTestResult executionId="3bff2a92-8a65-4151-8b46-b52da614e8bc" testId="7c694f48-0c39-4fb9-9e97-a148bd12c838" testName="FormatToStringTest1000 (1482.3501845832682,1482.35 zł)" computerName="DESKTOP-5URQ9PB" duration="00:00:00.0000063" startTime="2022-06-13T21:11:52.2357163+02:00" endTime="2022-06-13T21:11:52.2357836+02:00" testType="13cdc9d9-ddb5-4fa4-a97d-d965ccfc6d4b" outcome="Passed" testListId="8c84fa94-04c1-424b-9868-57a2d4851a1d" relativeResultsDirectory="3bff2a92-8a65-4151-8b46-b52da614e8bc" />
    <UnitTestResult executionId="bf732800-998e-4307-b25a-fe43c84ebc7c" testId="c6eac36b-92b6-4a3b-b254-a68869c539f6" testName="FormatToStringTest1000 (20237.28532723723,20237.29 zł)" computerName="DESKTOP-5URQ9PB" duration="00:00:00.0000063" startTime="2022-06-13T21:11:52.1249683+02:00" endTime="2022-06-13T21:11:52.1250383+02:00" testType="13cdc9d9-ddb5-4fa4-a97d-d965ccfc6d4b" outcome="Passed" testListId="8c84fa94-04c1-424b-9868-57a2d4851a1d" relativeResultsDirectory="bf732800-998e-4307-b25a-fe43c84ebc7c" />
    <UnitTestResult executionId="8b2e1f3f-8199-4850-8295-46df4fdf947b" testId="341ada7a-d902-47ba-b297-9af0bdeeceb2" testName="FormatToStringTest1000 (54578.37303904275,54578.37 zł)" computerName="DESKTOP-5URQ9PB" duration="00:00:00.0000078" startTime="2022-06-13T21:11:52.0583516+02:00" endTime="2022-06-13T21:11:52.0584398+02:00" testType="13cdc9d9-ddb5-4fa4-a97d-d965ccfc6d4b" outcome="Passed" testListId="8c84fa94-04c1-424b-9868-57a2d4851a1d" relativeResultsDirectory="8b2e1f3f-8199-4850-8295-46df4fdf947b" />
    <UnitTestResult executionId="c551d07e-ab2b-4a9e-bb95-6d657963e6e6" testId="6b039fe7-81b4-427a-a6b8-f550cc5f87a2" testName="FormatToStringTest1000 (941.429400278921,941.43 zł)" computerName="DESKTOP-5URQ9PB" duration="00:00:00.0000068" startTime="2022-06-13T21:11:52.0793266+02:00" endTime="2022-06-13T21:11:52.0794030+02:00" testType="13cdc9d9-ddb5-4fa4-a97d-d965ccfc6d4b" outcome="Passed" testListId="8c84fa94-04c1-424b-9868-57a2d4851a1d" relativeResultsDirectory="c551d07e-ab2b-4a9e-bb95-6d657963e6e6" />
    <UnitTestResult executionId="34b9766a-4ed3-44f7-ba42-d1f1b38e41f0" testId="b4e60e0e-ce77-4b29-8429-e82531ec9168" testName="FormatToStringTest1000 (4121.116360678857,4121.12 zł)" computerName="DESKTOP-5URQ9PB" duration="00:00:00.0000061" startTime="2022-06-13T21:11:52.1160903+02:00" endTime="2022-06-13T21:11:52.1161574+02:00" testType="13cdc9d9-ddb5-4fa4-a97d-d965ccfc6d4b" outcome="Passed" testListId="8c84fa94-04c1-424b-9868-57a2d4851a1d" relativeResultsDirectory="34b9766a-4ed3-44f7-ba42-d1f1b38e41f0" />
    <UnitTestResult executionId="5d8b72c6-0f9b-4a09-93e4-656e1cf81a10" testId="459f535c-6715-407b-8fb8-2cbae312cbc7" testName="FormatToStringTest1000 (9558.453124931293,9558.45 zł)" computerName="DESKTOP-5URQ9PB" duration="00:00:00.0000079" startTime="2022-06-13T21:11:52.0432838+02:00" endTime="2022-06-13T21:11:52.0433698+02:00" testType="13cdc9d9-ddb5-4fa4-a97d-d965ccfc6d4b" outcome="Passed" testListId="8c84fa94-04c1-424b-9868-57a2d4851a1d" relativeResultsDirectory="5d8b72c6-0f9b-4a09-93e4-656e1cf81a10" />
    <UnitTestResult executionId="8e1adbdf-ee69-486d-a749-e25766184c87" testId="45ec712f-abea-48bf-acb7-d24eef9211ed" testName="FormatToStringTest1000 (30071.004434484523,30071.00 zł)" computerName="DESKTOP-5URQ9PB" duration="00:00:00.0000096" startTime="2022-06-13T21:11:52.0084380+02:00" endTime="2022-06-13T21:11:52.0085421+02:00" testType="13cdc9d9-ddb5-4fa4-a97d-d965ccfc6d4b" outcome="Passed" testListId="8c84fa94-04c1-424b-9868-57a2d4851a1d" relativeResultsDirectory="8e1adbdf-ee69-486d-a749-e25766184c87" />
    <UnitTestResult executionId="8b58d23f-bf89-465f-8d3b-c42dd3b72b50" testId="02c2f44a-b792-4ffe-be37-3fcc726e61d7" testName="FormatToStringTest1000 (22291.653251342315,22291.65 zł)" computerName="DESKTOP-5URQ9PB" duration="00:00:00.0000138" startTime="2022-06-13T21:11:51.9382242+02:00" endTime="2022-06-13T21:11:51.9384146+02:00" testType="13cdc9d9-ddb5-4fa4-a97d-d965ccfc6d4b" outcome="Passed" testListId="8c84fa94-04c1-424b-9868-57a2d4851a1d" relativeResultsDirectory="8b58d23f-bf89-465f-8d3b-c42dd3b72b50" />
    <UnitTestResult executionId="74c78610-ad81-4eee-9ea4-e9a1411cb675" testId="bd6fde7a-9a87-48c4-9e24-23465932ada3" testName="FormatToStringTest1000 (45930.2386782068,45930.24 zł)" computerName="DESKTOP-5URQ9PB" duration="00:00:00.0000065" startTime="2022-06-13T21:11:51.9807106+02:00" endTime="2022-06-13T21:11:51.9807822+02:00" testType="13cdc9d9-ddb5-4fa4-a97d-d965ccfc6d4b" outcome="Passed" testListId="8c84fa94-04c1-424b-9868-57a2d4851a1d" relativeResultsDirectory="74c78610-ad81-4eee-9ea4-e9a1411cb675" />
    <UnitTestResult executionId="7a8e1acf-5914-4868-8c2d-27c363560432" testId="692230c8-e4e1-45f2-bd8f-cc9807137099" testName="FormatToStringTest1000 (26843.15785584932,26843.16 zł)" computerName="DESKTOP-5URQ9PB" duration="00:00:00.0000061" startTime="2022-06-13T21:11:52.2806979+02:00" endTime="2022-06-13T21:11:52.2807623+02:00" testType="13cdc9d9-ddb5-4fa4-a97d-d965ccfc6d4b" outcome="Passed" testListId="8c84fa94-04c1-424b-9868-57a2d4851a1d" relativeResultsDirectory="7a8e1acf-5914-4868-8c2d-27c363560432" />
    <UnitTestResult executionId="49e2122d-10a3-45b0-86ec-5c203229258b" testId="0536e172-06ca-40c1-bfd6-4f09f7c7b82d" testName="FormatToStringTest1000 (806.960597043373,806.96 zł)" computerName="DESKTOP-5URQ9PB" duration="00:00:00.0000063" startTime="2022-06-13T21:11:52.2047153+02:00" endTime="2022-06-13T21:11:52.2047773+02:00" testType="13cdc9d9-ddb5-4fa4-a97d-d965ccfc6d4b" outcome="Passed" testListId="8c84fa94-04c1-424b-9868-57a2d4851a1d" relativeResultsDirectory="49e2122d-10a3-45b0-86ec-5c203229258b" />
    <UnitTestResult executionId="126c7aa6-66dc-4253-9286-b1d841a96aae" testId="4e18a3f8-5b31-417c-9839-abdeec33f7d6" testName="FormatToStringTest1000 (6809.40195803037,6809.40 zł)" computerName="DESKTOP-5URQ9PB" duration="00:00:00.0000234" startTime="2022-06-13T21:11:51.8914412+02:00" endTime="2022-06-13T21:11:51.8917072+02:00" testType="13cdc9d9-ddb5-4fa4-a97d-d965ccfc6d4b" outcome="Passed" testListId="8c84fa94-04c1-424b-9868-57a2d4851a1d" relativeResultsDirectory="126c7aa6-66dc-4253-9286-b1d841a96aae" />
    <UnitTestResult executionId="6f6d61a7-91fc-4a15-af2e-b4c80b57dbd9" testId="8c5b6b49-3686-4890-9f15-b23dc8789931" testName="FormatToStringTest1000 (31805.23430354532,31805.23 zł)" computerName="DESKTOP-5URQ9PB" duration="00:00:00.0000064" startTime="2022-06-13T21:11:52.2142616+02:00" endTime="2022-06-13T21:11:52.2143316+02:00" testType="13cdc9d9-ddb5-4fa4-a97d-d965ccfc6d4b" outcome="Passed" testListId="8c84fa94-04c1-424b-9868-57a2d4851a1d" relativeResultsDirectory="6f6d61a7-91fc-4a15-af2e-b4c80b57dbd9" />
    <UnitTestResult executionId="8bdd4172-999a-4fe6-8b1c-6e7d889f08e5" testId="2ba39ed7-53de-4ff4-a77e-f8b3f37d88f6" testName="FormatToStringTest1000 (20116.958341299072,20116.96 zł)" computerName="DESKTOP-5URQ9PB" duration="00:00:00.0000062" startTime="2022-06-13T21:11:52.2027621+02:00" endTime="2022-06-13T21:11:52.2028269+02:00" testType="13cdc9d9-ddb5-4fa4-a97d-d965ccfc6d4b" outcome="Passed" testListId="8c84fa94-04c1-424b-9868-57a2d4851a1d" relativeResultsDirectory="8bdd4172-999a-4fe6-8b1c-6e7d889f08e5" />
    <UnitTestResult executionId="3a352dfb-1150-42ca-927f-14bbf26509b8" testId="2336f316-908c-46fd-a2eb-122d08476d53" testName="FormatToStringTest1000 (1228.101744225296,1228.10 zł)" computerName="DESKTOP-5URQ9PB" duration="00:00:00.0000062" startTime="2022-06-13T21:11:52.2009275+02:00" endTime="2022-06-13T21:11:52.2009915+02:00" testType="13cdc9d9-ddb5-4fa4-a97d-d965ccfc6d4b" outcome="Passed" testListId="8c84fa94-04c1-424b-9868-57a2d4851a1d" relativeResultsDirectory="3a352dfb-1150-42ca-927f-14bbf26509b8" />
    <UnitTestResult executionId="315cd018-6dd7-4456-980b-e69c2a50db2e" testId="28565176-c670-49f9-9bc8-8d9a24dda0d8" testName="FormatToStringTest1000 (2435.1995505835857,2435.20 zł)" computerName="DESKTOP-5URQ9PB" duration="00:00:00.0000062" startTime="2022-06-13T21:11:52.0124423+02:00" endTime="2022-06-13T21:11:52.0125097+02:00" testType="13cdc9d9-ddb5-4fa4-a97d-d965ccfc6d4b" outcome="Passed" testListId="8c84fa94-04c1-424b-9868-57a2d4851a1d" relativeResultsDirectory="315cd018-6dd7-4456-980b-e69c2a50db2e" />
    <UnitTestResult executionId="45a0329d-e2d0-4595-a3e6-dbbe3e928b2a" testId="4bcecfa3-5eea-448f-99ba-b5dcd01108f0" testName="FormatToStringTest1000 (56286.70397975702,56286.70 zł)" computerName="DESKTOP-5URQ9PB" duration="00:00:00.0000069" startTime="2022-06-13T21:11:52.2043748+02:00" endTime="2022-06-13T21:11:52.2044512+02:00" testType="13cdc9d9-ddb5-4fa4-a97d-d965ccfc6d4b" outcome="Passed" testListId="8c84fa94-04c1-424b-9868-57a2d4851a1d" relativeResultsDirectory="45a0329d-e2d0-4595-a3e6-dbbe3e928b2a" />
    <UnitTestResult executionId="e978621d-ba31-4a39-8561-f7a8144cea92" testId="a08c9182-3afb-4765-aac0-890a28bd20c5" testName="FormatToStringTest1000 (30031.89550569323,30031.90 zł)" computerName="DESKTOP-5URQ9PB" duration="00:00:00.0000061" startTime="2022-06-13T21:11:52.0998143+02:00" endTime="2022-06-13T21:11:52.0998814+02:00" testType="13cdc9d9-ddb5-4fa4-a97d-d965ccfc6d4b" outcome="Passed" testListId="8c84fa94-04c1-424b-9868-57a2d4851a1d" relativeResultsDirectory="e978621d-ba31-4a39-8561-f7a8144cea92" />
    <UnitTestResult executionId="96a34d8b-7046-4a56-bd3a-48131cf26de5" testId="387c98bc-93c1-4f2f-8884-a0b01d7a406d" testName="FormatToStringTest1000 (1613.6903705837626,1613.69 zł)" computerName="DESKTOP-5URQ9PB" duration="00:00:00.0000343" startTime="2022-06-13T21:11:52.1451293+02:00" endTime="2022-06-13T21:11:52.1455096+02:00" testType="13cdc9d9-ddb5-4fa4-a97d-d965ccfc6d4b" outcome="Passed" testListId="8c84fa94-04c1-424b-9868-57a2d4851a1d" relativeResultsDirectory="96a34d8b-7046-4a56-bd3a-48131cf26de5" />
    <UnitTestResult executionId="b51fe19e-88de-469f-9ef8-c3f326ad8c21" testId="00ed0c65-9508-4c56-ad5b-bca73072e66c" testName="FormatToStringTest1000 (37114.901517336206,37114.90 zł)" computerName="DESKTOP-5URQ9PB" duration="00:00:00.0000074" startTime="2022-06-13T21:11:52.2373183+02:00" endTime="2022-06-13T21:11:52.2373896+02:00" testType="13cdc9d9-ddb5-4fa4-a97d-d965ccfc6d4b" outcome="Passed" testListId="8c84fa94-04c1-424b-9868-57a2d4851a1d" relativeResultsDirectory="b51fe19e-88de-469f-9ef8-c3f326ad8c21" />
    <UnitTestResult executionId="83f4a96b-cde1-4d40-a9d4-c621d2511a42" testId="08eb3610-f3c7-4c69-8433-244f44be6bb8" testName="FormatToStringTest1000 (88584.97010041306,88584.97 zł)" computerName="DESKTOP-5URQ9PB" duration="00:00:00.0000061" startTime="2022-06-13T21:11:52.1030559+02:00" endTime="2022-06-13T21:11:52.1031230+02:00" testType="13cdc9d9-ddb5-4fa4-a97d-d965ccfc6d4b" outcome="Passed" testListId="8c84fa94-04c1-424b-9868-57a2d4851a1d" relativeResultsDirectory="83f4a96b-cde1-4d40-a9d4-c621d2511a42" />
    <UnitTestResult executionId="f62bec09-88cf-4f44-b312-1ff85cb4f299" testId="5b0f1664-c825-4b57-bbd0-ea4b6146068f" testName="FormatToStringTest1000 (8851.904041135638,8851.90 zł)" computerName="DESKTOP-5URQ9PB" duration="00:00:00.0000060" startTime="2022-06-13T21:11:52.1588388+02:00" endTime="2022-06-13T21:11:52.1589050+02:00" testType="13cdc9d9-ddb5-4fa4-a97d-d965ccfc6d4b" outcome="Passed" testListId="8c84fa94-04c1-424b-9868-57a2d4851a1d" relativeResultsDirectory="f62bec09-88cf-4f44-b312-1ff85cb4f299" />
    <UnitTestResult executionId="71662486-2b51-455f-a2b8-7c5689d3acfe" testId="64bc974a-7f5a-43c5-9d76-4781d0438597" testName="FormatToStringTest1000 (44499.288016808816,44499.29 zł)" computerName="DESKTOP-5URQ9PB" duration="00:00:00.0000060" startTime="2022-06-13T21:11:52.1129810+02:00" endTime="2022-06-13T21:11:52.1130478+02:00" testType="13cdc9d9-ddb5-4fa4-a97d-d965ccfc6d4b" outcome="Passed" testListId="8c84fa94-04c1-424b-9868-57a2d4851a1d" relativeResultsDirectory="71662486-2b51-455f-a2b8-7c5689d3acfe" />
    <UnitTestResult executionId="2b6d0e10-94bc-4c8a-8362-a7e55b9953ad" testId="388a6c1c-4169-4891-94da-6917fc303f11" testName="FormatToStringTest1000 (17031.365705376662,17031.37 zł)" computerName="DESKTOP-5URQ9PB" duration="00:00:00.0000063" startTime="2022-06-13T21:11:52.1156613+02:00" endTime="2022-06-13T21:11:52.1157306+02:00" testType="13cdc9d9-ddb5-4fa4-a97d-d965ccfc6d4b" outcome="Passed" testListId="8c84fa94-04c1-424b-9868-57a2d4851a1d" relativeResultsDirectory="2b6d0e10-94bc-4c8a-8362-a7e55b9953ad" />
    <UnitTestResult executionId="68dca7a7-6eb2-41e4-80c7-f7ed1407a848" testId="0f4e3c9a-8ba5-4632-8f82-f6c6d5d3b8d0" testName="FormatToStringTest1000 (34021.1384072961,34021.14 zł)" computerName="DESKTOP-5URQ9PB" duration="00:00:00.0000062" startTime="2022-06-13T21:11:52.2809414+02:00" endTime="2022-06-13T21:11:52.2810032+02:00" testType="13cdc9d9-ddb5-4fa4-a97d-d965ccfc6d4b" outcome="Passed" testListId="8c84fa94-04c1-424b-9868-57a2d4851a1d" relativeResultsDirectory="68dca7a7-6eb2-41e4-80c7-f7ed1407a848" />
    <UnitTestResult executionId="e5643722-a871-4d04-bff9-63c01f324676" testId="e398ba95-f74c-45cf-8158-fdd2953c43fe" testName="FormatToStringTest1000 (10534.184353995222,10534.18 zł)" computerName="DESKTOP-5URQ9PB" duration="00:00:00.0000061" startTime="2022-06-13T21:11:51.9845750+02:00" endTime="2022-06-13T21:11:51.9846409+02:00" testType="13cdc9d9-ddb5-4fa4-a97d-d965ccfc6d4b" outcome="Passed" testListId="8c84fa94-04c1-424b-9868-57a2d4851a1d" relativeResultsDirectory="e5643722-a871-4d04-bff9-63c01f324676" />
    <UnitTestResult executionId="5be00b99-e51d-4961-95a6-b87f8e5c4e79" testId="65b7046f-9d25-4604-b2eb-5701d8b3ce11" testName="FormatToStringTest1000 (72703.4365723503,72703.44 zł)" computerName="DESKTOP-5URQ9PB" duration="00:00:00.0000073" startTime="2022-06-13T21:11:52.0819945+02:00" endTime="2022-06-13T21:11:52.0820727+02:00" testType="13cdc9d9-ddb5-4fa4-a97d-d965ccfc6d4b" outcome="Passed" testListId="8c84fa94-04c1-424b-9868-57a2d4851a1d" relativeResultsDirectory="5be00b99-e51d-4961-95a6-b87f8e5c4e79" />
    <UnitTestResult executionId="92f63979-f726-44d0-8d1d-d2d15cfde228" testId="01026376-1e28-43fa-ad02-e4a555fd7c14" testName="FormatToStringTest1000 (397.6461894566408,397.65 zł)" computerName="DESKTOP-5URQ9PB" duration="00:00:00.0000062" startTime="2022-06-13T21:11:52.2378321+02:00" endTime="2022-06-13T21:11:52.2378987+02:00" testType="13cdc9d9-ddb5-4fa4-a97d-d965ccfc6d4b" outcome="Passed" testListId="8c84fa94-04c1-424b-9868-57a2d4851a1d" relativeResultsDirectory="92f63979-f726-44d0-8d1d-d2d15cfde228" />
    <UnitTestResult executionId="86e673cf-e903-4c49-8011-2d5a99d076fe" testId="162e9b2a-0f31-4c9a-b790-b14e212aa625" testName="FormatToStringTest1000 (1325.1625259114255,1325.16 zł)" computerName="DESKTOP-5URQ9PB" duration="00:00:00.0000064" startTime="2022-06-13T21:11:52.1846291+02:00" endTime="2022-06-13T21:11:52.1847011+02:00" testType="13cdc9d9-ddb5-4fa4-a97d-d965ccfc6d4b" outcome="Passed" testListId="8c84fa94-04c1-424b-9868-57a2d4851a1d" relativeResultsDirectory="86e673cf-e903-4c49-8011-2d5a99d076fe" />
    <UnitTestResult executionId="50fa8b9f-f554-4da8-814d-8c339be8f229" testId="5417c7e6-72b9-41f0-b8f8-a6de418b3020" testName="FormatToStringTest1000 (1208.1827589441941,1208.18 zł)" computerName="DESKTOP-5URQ9PB" duration="00:00:00.0000146" startTime="2022-06-13T21:11:51.9557592+02:00" endTime="2022-06-13T21:11:51.9559452+02:00" testType="13cdc9d9-ddb5-4fa4-a97d-d965ccfc6d4b" outcome="Passed" testListId="8c84fa94-04c1-424b-9868-57a2d4851a1d" relativeResultsDirectory="50fa8b9f-f554-4da8-814d-8c339be8f229" />
    <UnitTestResult executionId="dcbb6508-6a4c-40a7-9eec-0bc00f3fa42f" testId="dd4b0fc7-eb8f-48d3-89be-83481113c033" testName="FormatToStringTest1000 (15822.278766386342,15822.28 zł)" computerName="DESKTOP-5URQ9PB" duration="00:00:00.0000061" startTime="2022-06-13T21:11:52.0726908+02:00" endTime="2022-06-13T21:11:52.0727574+02:00" testType="13cdc9d9-ddb5-4fa4-a97d-d965ccfc6d4b" outcome="Passed" testListId="8c84fa94-04c1-424b-9868-57a2d4851a1d" relativeResultsDirectory="dcbb6508-6a4c-40a7-9eec-0bc00f3fa42f" />
    <UnitTestResult executionId="9ddec8b7-0cf9-4ddf-8113-7364d5aced36" testId="a3d3017f-2bda-4469-b38f-82b3519ccdd9" testName="FormatToStringTest1000 (7715.904444139406,7715.90 zł)" computerName="DESKTOP-5URQ9PB" duration="00:00:00.0000063" startTime="2022-06-13T21:11:52.1283444+02:00" endTime="2022-06-13T21:11:52.1284160+02:00" testType="13cdc9d9-ddb5-4fa4-a97d-d965ccfc6d4b" outcome="Passed" testListId="8c84fa94-04c1-424b-9868-57a2d4851a1d" relativeResultsDirectory="9ddec8b7-0cf9-4ddf-8113-7364d5aced36" />
    <UnitTestResult executionId="84cd3459-e5c4-48ae-a605-ccd5695ed07e" testId="2210445b-8fed-4dc7-9fbc-64508e22754e" testName="FormatToStringTest1000 (286.92120604539343,286.92 zł)" computerName="DESKTOP-5URQ9PB" duration="00:00:00.0000066" startTime="2022-06-13T21:11:51.9342989+02:00" endTime="2022-06-13T21:11:51.9343816+02:00" testType="13cdc9d9-ddb5-4fa4-a97d-d965ccfc6d4b" outcome="Passed" testListId="8c84fa94-04c1-424b-9868-57a2d4851a1d" relativeResultsDirectory="84cd3459-e5c4-48ae-a605-ccd5695ed07e" />
    <UnitTestResult executionId="a857b343-1495-4adb-8750-fb1a5af76f8a" testId="225b0726-e070-4327-80d8-c91de98b8a29" testName="FormatToStringTest1000 (1741.3334432818617,1741.33 zł)" computerName="DESKTOP-5URQ9PB" duration="00:00:00.0000079" startTime="2022-06-13T21:11:51.9563454+02:00" endTime="2022-06-13T21:11:51.9564350+02:00" testType="13cdc9d9-ddb5-4fa4-a97d-d965ccfc6d4b" outcome="Passed" testListId="8c84fa94-04c1-424b-9868-57a2d4851a1d" relativeResultsDirectory="a857b343-1495-4adb-8750-fb1a5af76f8a" />
    <UnitTestResult executionId="0def3b55-6153-4c07-a054-3b3adffc8c00" testId="58f9d76b-0141-4b4c-b074-844611322bcf" testName="FormatToStringTest1000 (1614.2516601789982,1614.25 zł)" computerName="DESKTOP-5URQ9PB" duration="00:00:00.0000061" startTime="2022-06-13T21:11:51.9484958+02:00" endTime="2022-06-13T21:11:51.9485628+02:00" testType="13cdc9d9-ddb5-4fa4-a97d-d965ccfc6d4b" outcome="Passed" testListId="8c84fa94-04c1-424b-9868-57a2d4851a1d" relativeResultsDirectory="0def3b55-6153-4c07-a054-3b3adffc8c00" />
    <UnitTestResult executionId="65f8dadc-3eb8-44af-9dc7-2667f92cee45" testId="908ab18f-e375-40b0-8af8-cd27a83f5e17" testName="FormatToStringTest1000 (50644.690874327294,50644.69 zł)" computerName="DESKTOP-5URQ9PB" duration="00:00:00.0000064" startTime="2022-06-13T21:11:52.2314724+02:00" endTime="2022-06-13T21:11:52.2315400+02:00" testType="13cdc9d9-ddb5-4fa4-a97d-d965ccfc6d4b" outcome="Passed" testListId="8c84fa94-04c1-424b-9868-57a2d4851a1d" relativeResultsDirectory="65f8dadc-3eb8-44af-9dc7-2667f92cee45" />
    <UnitTestResult executionId="451e68fa-f434-453c-ace8-7a61125b5094" testId="a70c3f25-4211-47be-b54d-264848758c8f" testName="FormatToStringTest1000 (10775.728533390784,10775.73 zł)" computerName="DESKTOP-5URQ9PB" duration="00:00:00.0000066" startTime="2022-06-13T21:11:52.1281563+02:00" endTime="2022-06-13T21:11:52.1282280+02:00" testType="13cdc9d9-ddb5-4fa4-a97d-d965ccfc6d4b" outcome="Passed" testListId="8c84fa94-04c1-424b-9868-57a2d4851a1d" relativeResultsDirectory="451e68fa-f434-453c-ace8-7a61125b5094" />
    <UnitTestResult executionId="e35b0e0e-4685-4d74-b850-ad8effe325a8" testId="922d5db8-a6cf-4ea5-bb5f-71391d9c2527" testName="FormatToStringTest1000 (16901.497392274203,16901.50 zł)" computerName="DESKTOP-5URQ9PB" duration="00:00:00.0000062" startTime="2022-06-13T21:11:52.1827795+02:00" endTime="2022-06-13T21:11:52.1828454+02:00" testType="13cdc9d9-ddb5-4fa4-a97d-d965ccfc6d4b" outcome="Passed" testListId="8c84fa94-04c1-424b-9868-57a2d4851a1d" relativeResultsDirectory="e35b0e0e-4685-4d74-b850-ad8effe325a8" />
    <UnitTestResult executionId="2bfb1539-c29f-4242-a387-2988a41b770f" testId="659f37b3-5ad6-403e-8c86-d950e2566cfb" testName="FormatToStringTest1000 (23120.169499649743,23120.17 zł)" computerName="DESKTOP-5URQ9PB" duration="00:00:00.0000064" startTime="2022-06-13T21:11:52.2416335+02:00" endTime="2022-06-13T21:11:52.2417011+02:00" testType="13cdc9d9-ddb5-4fa4-a97d-d965ccfc6d4b" outcome="Passed" testListId="8c84fa94-04c1-424b-9868-57a2d4851a1d" relativeResultsDirectory="2bfb1539-c29f-4242-a387-2988a41b770f" />
    <UnitTestResult executionId="42a4c6b0-b6de-4d22-965f-b2dbaa86a05e" testId="40ff5f72-8517-4974-85e0-79f6aebe3fc0" testName="FormatToStringTest1000 (9503.466049463705,9503.47 zł)" computerName="DESKTOP-5URQ9PB" duration="00:00:00.0000061" startTime="2022-06-13T21:11:52.1736123+02:00" endTime="2022-06-13T21:11:52.1736777+02:00" testType="13cdc9d9-ddb5-4fa4-a97d-d965ccfc6d4b" outcome="Passed" testListId="8c84fa94-04c1-424b-9868-57a2d4851a1d" relativeResultsDirectory="42a4c6b0-b6de-4d22-965f-b2dbaa86a05e" />
    <UnitTestResult executionId="eefc5ddc-7fa4-4a98-929f-963b57465ec9" testId="eb73885a-d146-4e24-940a-47352f7399aa" testName="FormatToStringTest1000 (13323.876109275909,13323.88 zł)" computerName="DESKTOP-5URQ9PB" duration="00:00:00.0000093" startTime="2022-06-13T21:11:52.2477217+02:00" endTime="2022-06-13T21:11:52.2478234+02:00" testType="13cdc9d9-ddb5-4fa4-a97d-d965ccfc6d4b" outcome="Passed" testListId="8c84fa94-04c1-424b-9868-57a2d4851a1d" relativeResultsDirectory="eefc5ddc-7fa4-4a98-929f-963b57465ec9" />
    <UnitTestResult executionId="6ee6d2b2-f392-408a-9713-90cae6a4188d" testId="830295a6-f0af-4aa0-b3fa-209ffc2308c7" testName="FormatToStringTest1000 (4669.392596858271,4669.39 zł)" computerName="DESKTOP-5URQ9PB" duration="00:00:00.0000061" startTime="2022-06-13T21:11:52.0361067+02:00" endTime="2022-06-13T21:11:52.0361744+02:00" testType="13cdc9d9-ddb5-4fa4-a97d-d965ccfc6d4b" outcome="Passed" testListId="8c84fa94-04c1-424b-9868-57a2d4851a1d" relativeResultsDirectory="6ee6d2b2-f392-408a-9713-90cae6a4188d" />
    <UnitTestResult executionId="5244a163-0e1d-4911-9fed-2839f5028e1f" testId="109cfb56-49f0-4dc1-b4dd-364f124aca41" testName="FormatToStringTest1000 (78822.37212685234,78822.37 zł)" computerName="DESKTOP-5URQ9PB" duration="00:00:00.0000098" startTime="2022-06-13T21:11:51.9566971+02:00" endTime="2022-06-13T21:11:51.9567973+02:00" testType="13cdc9d9-ddb5-4fa4-a97d-d965ccfc6d4b" outcome="Passed" testListId="8c84fa94-04c1-424b-9868-57a2d4851a1d" relativeResultsDirectory="5244a163-0e1d-4911-9fed-2839f5028e1f" />
    <UnitTestResult executionId="8148ef23-82d7-48df-b6d2-1f88e5014812" testId="203e2642-4dcb-419f-873b-9a000f5bc8cf" testName="FormatToStringTest1000 (51408.294679657694,51408.29 zł)" computerName="DESKTOP-5URQ9PB" duration="00:00:00.0000149" startTime="2022-06-13T21:11:52.0293549+02:00" endTime="2022-06-13T21:11:52.0295522+02:00" testType="13cdc9d9-ddb5-4fa4-a97d-d965ccfc6d4b" outcome="Passed" testListId="8c84fa94-04c1-424b-9868-57a2d4851a1d" relativeResultsDirectory="8148ef23-82d7-48df-b6d2-1f88e5014812" />
    <UnitTestResult executionId="93ff12cc-f577-483f-ab97-f0ad59e85b3b" testId="6d52f153-bad5-48a0-be4a-4570c065382f" testName="FormatToStringTest1000 (1474.699818629166,1474.70 zł)" computerName="DESKTOP-5URQ9PB" duration="00:00:00.0000063" startTime="2022-06-13T21:11:52.2570934+02:00" endTime="2022-06-13T21:11:52.2571597+02:00" testType="13cdc9d9-ddb5-4fa4-a97d-d965ccfc6d4b" outcome="Passed" testListId="8c84fa94-04c1-424b-9868-57a2d4851a1d" relativeResultsDirectory="93ff12cc-f577-483f-ab97-f0ad59e85b3b" />
    <UnitTestResult executionId="84c6019e-a6e4-4fa1-970a-3f0111990b09" testId="59959788-005f-4db5-8c2f-2ee01b31e5a1" testName="FormatToStringTest1000 (66053.95451852398,66053.95 zł)" computerName="DESKTOP-5URQ9PB" duration="00:00:00.0000064" startTime="2022-06-13T21:11:52.1244355+02:00" endTime="2022-06-13T21:11:52.1245065+02:00" testType="13cdc9d9-ddb5-4fa4-a97d-d965ccfc6d4b" outcome="Passed" testListId="8c84fa94-04c1-424b-9868-57a2d4851a1d" relativeResultsDirectory="84c6019e-a6e4-4fa1-970a-3f0111990b09" />
    <UnitTestResult executionId="9ef44339-ff3a-4891-a583-eeeae87e4d31" testId="3aa0560e-bf30-47a6-8d01-d4b7a09bc60a" testName="FormatToStringTest1000 (21785.42157155528,21785.42 zł)" computerName="DESKTOP-5URQ9PB" duration="00:00:00.0000064" startTime="2022-06-13T21:11:52.2354624+02:00" endTime="2022-06-13T21:11:52.2355297+02:00" testType="13cdc9d9-ddb5-4fa4-a97d-d965ccfc6d4b" outcome="Passed" testListId="8c84fa94-04c1-424b-9868-57a2d4851a1d" relativeResultsDirectory="9ef44339-ff3a-4891-a583-eeeae87e4d31" />
    <UnitTestResult executionId="a4c34cef-027e-481c-a14f-c6f48831b2e8" testId="ebea6694-c32b-4290-a532-163ba1fde5c4" testName="FormatToStringTest1000 (867.5236648356187,867.52 zł)" computerName="DESKTOP-5URQ9PB" duration="00:00:00.0000062" startTime="2022-06-13T21:11:52.2374922+02:00" endTime="2022-06-13T21:11:52.2375594+02:00" testType="13cdc9d9-ddb5-4fa4-a97d-d965ccfc6d4b" outcome="Passed" testListId="8c84fa94-04c1-424b-9868-57a2d4851a1d" relativeResultsDirectory="a4c34cef-027e-481c-a14f-c6f48831b2e8" />
    <UnitTestResult executionId="77f02259-fc70-48bb-ba83-32f3b352d3e8" testId="a86aa76f-8093-4388-b142-d05ff2d44fe9" testName="FormatToStringTest1000 (2901.9683054191846,2901.97 zł)" computerName="DESKTOP-5URQ9PB" duration="00:00:00.0000065" startTime="2022-06-13T21:11:52.0428461+02:00" endTime="2022-06-13T21:11:52.0429167+02:00" testType="13cdc9d9-ddb5-4fa4-a97d-d965ccfc6d4b" outcome="Passed" testListId="8c84fa94-04c1-424b-9868-57a2d4851a1d" relativeResultsDirectory="77f02259-fc70-48bb-ba83-32f3b352d3e8" />
    <UnitTestResult executionId="e7ca2034-08b9-4aa3-8a50-6ed583fb0915" testId="f2c6522a-9085-4e82-8140-2ba31b6a691d" testName="FormatToStringTest1000 (8542.520616738833,8542.52 zł)" computerName="DESKTOP-5URQ9PB" duration="00:00:00.0000061" startTime="2022-06-13T21:11:52.2137722+02:00" endTime="2022-06-13T21:11:52.2138416+02:00" testType="13cdc9d9-ddb5-4fa4-a97d-d965ccfc6d4b" outcome="Passed" testListId="8c84fa94-04c1-424b-9868-57a2d4851a1d" relativeResultsDirectory="e7ca2034-08b9-4aa3-8a50-6ed583fb0915" />
    <UnitTestResult executionId="7e32e90d-0ea4-4537-8f7d-3c217cc01aca" testId="f6aac848-48e6-4d23-bd37-61bb1eba547e" testName="FormatToStringTest1000 (16902.50568789314,16902.51 zł)" computerName="DESKTOP-5URQ9PB" duration="00:00:00.0000063" startTime="2022-06-13T21:11:52.1160059+02:00" endTime="2022-06-13T21:11:52.1160726+02:00" testType="13cdc9d9-ddb5-4fa4-a97d-d965ccfc6d4b" outcome="Passed" testListId="8c84fa94-04c1-424b-9868-57a2d4851a1d" relativeResultsDirectory="7e32e90d-0ea4-4537-8f7d-3c217cc01aca" />
    <UnitTestResult executionId="0991ae7e-33b8-4204-b6fd-a5ef2da95f9a" testId="5af0b41b-5eff-4450-bb08-ceb25c542273" testName="FormatToStringTest1000 (11.555284778846096,11.56 zł)" computerName="DESKTOP-5URQ9PB" duration="00:00:00.0000063" startTime="2022-06-13T21:11:52.2399023+02:00" endTime="2022-06-13T21:11:52.2399690+02:00" testType="13cdc9d9-ddb5-4fa4-a97d-d965ccfc6d4b" outcome="Passed" testListId="8c84fa94-04c1-424b-9868-57a2d4851a1d" relativeResultsDirectory="0991ae7e-33b8-4204-b6fd-a5ef2da95f9a" />
    <UnitTestResult executionId="95c16886-f1b6-4dd6-a73d-d90bcfd66c23" testId="a6cfbe23-be53-44b2-81d9-21cc45815689" testName="FormatToStringTest1000 (67898.54481444067,67898.54 zł)" computerName="DESKTOP-5URQ9PB" duration="00:00:00.0000062" startTime="2022-06-13T21:11:52.0157582+02:00" endTime="2022-06-13T21:11:52.0158271+02:00" testType="13cdc9d9-ddb5-4fa4-a97d-d965ccfc6d4b" outcome="Passed" testListId="8c84fa94-04c1-424b-9868-57a2d4851a1d" relativeResultsDirectory="95c16886-f1b6-4dd6-a73d-d90bcfd66c23" />
    <UnitTestResult executionId="43e92e08-6d9a-410e-a55b-be4fd1aeb458" testId="cb5a3b03-ed0a-440e-882d-1944c114ddf9" testName="FormatToStringTest1000 (10457.593086045978,10457.59 zł)" computerName="DESKTOP-5URQ9PB" duration="00:00:00.0000609" startTime="2022-06-13T21:11:52.1406789+02:00" endTime="2022-06-13T21:11:52.1415329+02:00" testType="13cdc9d9-ddb5-4fa4-a97d-d965ccfc6d4b" outcome="Passed" testListId="8c84fa94-04c1-424b-9868-57a2d4851a1d" relativeResultsDirectory="43e92e08-6d9a-410e-a55b-be4fd1aeb458" />
    <UnitTestResult executionId="be27b53a-8b21-47ab-9d7a-4eabd69430c8" testId="d5e8fc51-45a7-445f-b69a-84e6e6d24f06" testName="FormatToStringTest1000 (16637.074429372828,16637.07 zł)" computerName="DESKTOP-5URQ9PB" duration="00:00:00.0000066" startTime="2022-06-13T21:11:52.0394156+02:00" endTime="2022-06-13T21:11:52.0394874+02:00" testType="13cdc9d9-ddb5-4fa4-a97d-d965ccfc6d4b" outcome="Passed" testListId="8c84fa94-04c1-424b-9868-57a2d4851a1d" relativeResultsDirectory="be27b53a-8b21-47ab-9d7a-4eabd69430c8" />
    <UnitTestResult executionId="03a6142f-c7a4-4d8f-acce-89653b2ba991" testId="cd6827e0-0a99-487b-8bae-2b97b6973025" testName="FormatToStringTest1000 (22604.838218828587,22604.84 zł)" computerName="DESKTOP-5URQ9PB" duration="00:00:00.0000077" startTime="2022-06-13T21:11:51.9451818+02:00" endTime="2022-06-13T21:11:51.9452591+02:00" testType="13cdc9d9-ddb5-4fa4-a97d-d965ccfc6d4b" outcome="Passed" testListId="8c84fa94-04c1-424b-9868-57a2d4851a1d" relativeResultsDirectory="03a6142f-c7a4-4d8f-acce-89653b2ba991" />
    <UnitTestResult executionId="75808f90-f046-4abf-816f-6228aa1e464c" testId="28ba7cbd-38aa-4cd1-b239-0d3620fa4ebe" testName="FormatToStringTest1000 (24566.50251371856,24566.50 zł)" computerName="DESKTOP-5URQ9PB" duration="00:00:00.0000066" startTime="2022-06-13T21:11:52.1631592+02:00" endTime="2022-06-13T21:11:52.1632424+02:00" testType="13cdc9d9-ddb5-4fa4-a97d-d965ccfc6d4b" outcome="Passed" testListId="8c84fa94-04c1-424b-9868-57a2d4851a1d" relativeResultsDirectory="75808f90-f046-4abf-816f-6228aa1e464c" />
    <UnitTestResult executionId="d6c774f1-a4f2-472b-9d61-1d2c60aed4ac" testId="b7373646-12d7-4ffb-8dac-03574c8f6062" testName="FormatToStringTest1000 (75214.75000876503,75214.75 zł)" computerName="DESKTOP-5URQ9PB" duration="00:00:00.0000094" startTime="2022-06-13T21:11:52.1090908+02:00" endTime="2022-06-13T21:11:52.1092045+02:00" testType="13cdc9d9-ddb5-4fa4-a97d-d965ccfc6d4b" outcome="Passed" testListId="8c84fa94-04c1-424b-9868-57a2d4851a1d" relativeResultsDirectory="d6c774f1-a4f2-472b-9d61-1d2c60aed4ac" />
    <UnitTestResult executionId="a7c1f237-f67b-409d-bdb5-42add80b0de6" testId="4b1639c2-398d-421b-a29e-61726ad1bf32" testName="FormatToStringTest1000 (25908.345463821825,25908.35 zł)" computerName="DESKTOP-5URQ9PB" duration="00:00:00.0000062" startTime="2022-06-13T21:11:52.2010091+02:00" endTime="2022-06-13T21:11:52.2010732+02:00" testType="13cdc9d9-ddb5-4fa4-a97d-d965ccfc6d4b" outcome="Passed" testListId="8c84fa94-04c1-424b-9868-57a2d4851a1d" relativeResultsDirectory="a7c1f237-f67b-409d-bdb5-42add80b0de6" />
    <UnitTestResult executionId="60bb8eb4-7d8d-4ef2-b6e1-b1f5beea76d2" testId="faee9308-9c0e-40d9-a001-5c8e0281bdcd" testName="FormatToStringTest1000 (1549.6599114973376,1549.66 zł)" computerName="DESKTOP-5URQ9PB" duration="00:00:00.0000063" startTime="2022-06-13T21:11:52.2745882+02:00" endTime="2022-06-13T21:11:52.2746535+02:00" testType="13cdc9d9-ddb5-4fa4-a97d-d965ccfc6d4b" outcome="Passed" testListId="8c84fa94-04c1-424b-9868-57a2d4851a1d" relativeResultsDirectory="60bb8eb4-7d8d-4ef2-b6e1-b1f5beea76d2" />
    <UnitTestResult executionId="2e4e58f9-c376-427d-9588-cf87c9b65aa7" testId="7a5acc75-3069-4479-92fd-2cc18d5f187b" testName="FormatToStringTest1000 (31163.834562352316,31163.83 zł)" computerName="DESKTOP-5URQ9PB" duration="00:00:00.0000062" startTime="2022-06-13T21:11:52.2214962+02:00" endTime="2022-06-13T21:11:52.2215613+02:00" testType="13cdc9d9-ddb5-4fa4-a97d-d965ccfc6d4b" outcome="Passed" testListId="8c84fa94-04c1-424b-9868-57a2d4851a1d" relativeResultsDirectory="2e4e58f9-c376-427d-9588-cf87c9b65aa7" />
    <UnitTestResult executionId="cf8eb86a-c53d-4619-aa11-a6f3927d9507" testId="0898cef8-a30c-4fc9-9509-902a2e2fe133" testName="FormatToStringTest1000 (23174.85693288448,23174.86 zł)" computerName="DESKTOP-5URQ9PB" duration="00:00:00.0000061" startTime="2022-06-13T21:11:52.1096638+02:00" endTime="2022-06-13T21:11:52.1097302+02:00" testType="13cdc9d9-ddb5-4fa4-a97d-d965ccfc6d4b" outcome="Passed" testListId="8c84fa94-04c1-424b-9868-57a2d4851a1d" relativeResultsDirectory="cf8eb86a-c53d-4619-aa11-a6f3927d9507" />
    <UnitTestResult executionId="eae69849-4cd1-4cb3-8fe0-f0e564c8402c" testId="3b761a2f-1570-4e37-ab03-5b41d4a085ca" testName="FormatToStringTest1000 (16673.5121774904,16673.51 zł)" computerName="DESKTOP-5URQ9PB" duration="00:00:00.0000065" startTime="2022-06-13T21:11:52.0997243+02:00" endTime="2022-06-13T21:11:52.0997964+02:00" testType="13cdc9d9-ddb5-4fa4-a97d-d965ccfc6d4b" outcome="Passed" testListId="8c84fa94-04c1-424b-9868-57a2d4851a1d" relativeResultsDirectory="eae69849-4cd1-4cb3-8fe0-f0e564c8402c" />
    <UnitTestResult executionId="877bab60-065e-47b0-b2ec-6167c96cf372" testId="3d778fd1-ea44-4076-bdd5-000ad527f96c" testName="FormatToStringTest1000 (66723.3293191657,66723.33 zł)" computerName="DESKTOP-5URQ9PB" duration="00:00:00.0000063" startTime="2022-06-13T21:11:52.0256045+02:00" endTime="2022-06-13T21:11:52.0256687+02:00" testType="13cdc9d9-ddb5-4fa4-a97d-d965ccfc6d4b" outcome="Passed" testListId="8c84fa94-04c1-424b-9868-57a2d4851a1d" relativeResultsDirectory="877bab60-065e-47b0-b2ec-6167c96cf372" />
    <UnitTestResult executionId="a8420a97-4e7d-4419-ab48-4292cc1afa4b" testId="e32b622b-32b5-4a8b-ba4d-029c1f2e353c" testName="FormatToStringTest1000 (30138.55109863102,30138.55 zł)" computerName="DESKTOP-5URQ9PB" duration="00:00:00.0000063" startTime="2022-06-13T21:11:52.1917398+02:00" endTime="2022-06-13T21:11:52.1918124+02:00" testType="13cdc9d9-ddb5-4fa4-a97d-d965ccfc6d4b" outcome="Passed" testListId="8c84fa94-04c1-424b-9868-57a2d4851a1d" relativeResultsDirectory="a8420a97-4e7d-4419-ab48-4292cc1afa4b" />
    <UnitTestResult executionId="e4d91cc7-83b4-4459-b602-e5883c763483" testId="119608f9-4ac9-4b21-a81d-5a3479455f33" testName="FormatToStringTest1000 (24024.14691439557,24024.15 zł)" computerName="DESKTOP-5URQ9PB" duration="00:00:00.0000100" startTime="2022-06-13T21:11:52.0544505+02:00" endTime="2022-06-13T21:11:52.0545353+02:00" testType="13cdc9d9-ddb5-4fa4-a97d-d965ccfc6d4b" outcome="Passed" testListId="8c84fa94-04c1-424b-9868-57a2d4851a1d" relativeResultsDirectory="e4d91cc7-83b4-4459-b602-e5883c763483" />
    <UnitTestResult executionId="9226c3bb-dd88-4d46-b165-53b52db3627e" testId="b123e2da-69f2-47bd-b3f7-24f5ca512aa1" testName="FormatToStringTest1000 (63291.50274994015,63291.50 zł)" computerName="DESKTOP-5URQ9PB" duration="00:00:00.0000066" startTime="2022-06-13T21:11:52.1198478+02:00" endTime="2022-06-13T21:11:52.1199242+02:00" testType="13cdc9d9-ddb5-4fa4-a97d-d965ccfc6d4b" outcome="Passed" testListId="8c84fa94-04c1-424b-9868-57a2d4851a1d" relativeResultsDirectory="9226c3bb-dd88-4d46-b165-53b52db3627e" />
    <UnitTestResult executionId="418f05de-7f18-4f92-adaf-f80fbdae3a2a" testId="feaa2874-330f-4a15-bf70-484bc7146de3" testName="FormatToStringTest1000 (17455.15807988595,17455.16 zł)" computerName="DESKTOP-5URQ9PB" duration="00:00:00.0000063" startTime="2022-06-13T21:11:52.2331235+02:00" endTime="2022-06-13T21:11:52.2331915+02:00" testType="13cdc9d9-ddb5-4fa4-a97d-d965ccfc6d4b" outcome="Passed" testListId="8c84fa94-04c1-424b-9868-57a2d4851a1d" relativeResultsDirectory="418f05de-7f18-4f92-adaf-f80fbdae3a2a" />
    <UnitTestResult executionId="2d449c4f-a357-468e-91a1-c33aeb940096" testId="b9248337-0a52-4dbc-aec6-ba9d3b161f4a" testName="FormatToStringTest1000 (23282.56178903047,23282.56 zł)" computerName="DESKTOP-5URQ9PB" duration="00:00:00.0000061" startTime="2022-06-13T21:11:52.0361930+02:00" endTime="2022-06-13T21:11:52.0362607+02:00" testType="13cdc9d9-ddb5-4fa4-a97d-d965ccfc6d4b" outcome="Passed" testListId="8c84fa94-04c1-424b-9868-57a2d4851a1d" relativeResultsDirectory="2d449c4f-a357-468e-91a1-c33aeb940096" />
    <UnitTestResult executionId="1ca65ed9-2c25-49d8-9a39-e42ca87d248f" testId="73718d04-92ff-4604-996a-846037eda9cd" testName="FormatToStringTest1000 (6864.093052674129,6864.09 zł)" computerName="DESKTOP-5URQ9PB" duration="00:00:00.0000065" startTime="2022-06-13T21:11:51.9773889+02:00" endTime="2022-06-13T21:11:51.9774654+02:00" testType="13cdc9d9-ddb5-4fa4-a97d-d965ccfc6d4b" outcome="Passed" testListId="8c84fa94-04c1-424b-9868-57a2d4851a1d" relativeResultsDirectory="1ca65ed9-2c25-49d8-9a39-e42ca87d248f" />
    <UnitTestResult executionId="97d9dc52-41d7-4634-8c1d-6fa8e078fb9a" testId="454f583a-43a1-49d3-be24-e5a88c71a0e0" testName="FormatToStringTest1000 (20737.251994218328,20737.25 zł)" computerName="DESKTOP-5URQ9PB" duration="00:00:00.0000084" startTime="2022-06-13T21:11:51.9948800+02:00" endTime="2022-06-13T21:11:51.9949738+02:00" testType="13cdc9d9-ddb5-4fa4-a97d-d965ccfc6d4b" outcome="Passed" testListId="8c84fa94-04c1-424b-9868-57a2d4851a1d" relativeResultsDirectory="97d9dc52-41d7-4634-8c1d-6fa8e078fb9a" />
    <UnitTestResult executionId="ec38a87c-4ec7-4eea-b095-ddf8afba7eb6" testId="bb0ae1c6-bbde-4fb7-92a4-3529020d9166" testName="FormatToStringTest1000 (25116.590135570892,25116.59 zł)" computerName="DESKTOP-5URQ9PB" duration="00:00:00.0000068" startTime="2022-06-13T21:11:52.0792080+02:00" endTime="2022-06-13T21:11:52.0792976+02:00" testType="13cdc9d9-ddb5-4fa4-a97d-d965ccfc6d4b" outcome="Passed" testListId="8c84fa94-04c1-424b-9868-57a2d4851a1d" relativeResultsDirectory="ec38a87c-4ec7-4eea-b095-ddf8afba7eb6" />
    <UnitTestResult executionId="3c82c502-554c-4387-9547-a5730d57b382" testId="0511699d-10d8-454d-8854-ada3b95f3fa0" testName="FormatToStringTest1000 (28861.97337596769,28861.97 zł)" computerName="DESKTOP-5URQ9PB" duration="00:00:00.0000063" startTime="2022-06-13T21:11:52.0890095+02:00" endTime="2022-06-13T21:11:52.0890838+02:00" testType="13cdc9d9-ddb5-4fa4-a97d-d965ccfc6d4b" outcome="Passed" testListId="8c84fa94-04c1-424b-9868-57a2d4851a1d" relativeResultsDirectory="3c82c502-554c-4387-9547-a5730d57b382" />
    <UnitTestResult executionId="3ea0eb2c-07e2-4e63-8ee9-b3bed085c1d8" testId="43c1daa7-33dd-4268-ab86-519febd8af79" testName="FormatToStringTest1000 (9079.930405251649,9079.93 zł)" computerName="DESKTOP-5URQ9PB" duration="00:00:00.0000063" startTime="2022-06-13T21:11:52.0964715+02:00" endTime="2022-06-13T21:11:52.0965398+02:00" testType="13cdc9d9-ddb5-4fa4-a97d-d965ccfc6d4b" outcome="Passed" testListId="8c84fa94-04c1-424b-9868-57a2d4851a1d" relativeResultsDirectory="3ea0eb2c-07e2-4e63-8ee9-b3bed085c1d8" />
    <UnitTestResult executionId="27a0623c-e945-46c8-8f5d-51ffc2b92ed3" testId="c39692d6-2f71-4428-90f4-85edda0f4d59" testName="FormatToStringTest1000 (782.6578288817116,782.66 zł)" computerName="DESKTOP-5URQ9PB" duration="00:00:00.0000068" startTime="2022-06-13T21:11:52.0332587+02:00" endTime="2022-06-13T21:11:52.0333302+02:00" testType="13cdc9d9-ddb5-4fa4-a97d-d965ccfc6d4b" outcome="Passed" testListId="8c84fa94-04c1-424b-9868-57a2d4851a1d" relativeResultsDirectory="27a0623c-e945-46c8-8f5d-51ffc2b92ed3" />
    <UnitTestResult executionId="3dc58dc4-1d1d-4c90-bf7a-c597a8fe816e" testId="7dacdef5-e401-474f-a1a6-94fa94e67325" testName="FormatToStringTest1000 (5254.6338787505565,5254.63 zł)" computerName="DESKTOP-5URQ9PB" duration="00:00:00.0000061" startTime="2022-06-13T21:11:52.2220592+02:00" endTime="2022-06-13T21:11:52.2221229+02:00" testType="13cdc9d9-ddb5-4fa4-a97d-d965ccfc6d4b" outcome="Passed" testListId="8c84fa94-04c1-424b-9868-57a2d4851a1d" relativeResultsDirectory="3dc58dc4-1d1d-4c90-bf7a-c597a8fe816e" />
    <UnitTestResult executionId="dbdeac8c-73ae-41a5-b804-47edaab58321" testId="360ed7fc-4d6a-445a-b4b4-582d2f6125d5" testName="FormatToStringTest1000 (9431.144757136304,9431.14 zł)" computerName="DESKTOP-5URQ9PB" duration="00:00:00.0000084" startTime="2022-06-13T21:11:51.9949982+02:00" endTime="2022-06-13T21:11:51.9950919+02:00" testType="13cdc9d9-ddb5-4fa4-a97d-d965ccfc6d4b" outcome="Passed" testListId="8c84fa94-04c1-424b-9868-57a2d4851a1d" relativeResultsDirectory="dbdeac8c-73ae-41a5-b804-47edaab58321" />
    <UnitTestResult executionId="1f3a127a-9cd5-4793-bdc4-b0616bda5816" testId="0fd57114-1a3c-4593-991c-8cdce464a036" testName="FormatToStringTest1000 (28068.20530246394,28068.21 zł)" computerName="DESKTOP-5URQ9PB" duration="00:00:00.0000061" startTime="2022-06-13T21:11:52.1097474+02:00" endTime="2022-06-13T21:11:52.1098139+02:00" testType="13cdc9d9-ddb5-4fa4-a97d-d965ccfc6d4b" outcome="Passed" testListId="8c84fa94-04c1-424b-9868-57a2d4851a1d" relativeResultsDirectory="1f3a127a-9cd5-4793-bdc4-b0616bda5816" />
    <UnitTestResult executionId="fb2ccca2-92fd-4548-855e-bc5b91855433" testId="92799351-9560-4b07-874c-84aad424f80d" testName="FormatToStringTest1000 (88616.03808168416,88616.04 zł)" computerName="DESKTOP-5URQ9PB" duration="00:00:00.0000063" startTime="2022-06-13T21:11:52.2414617+02:00" endTime="2022-06-13T21:11:52.2415301+02:00" testType="13cdc9d9-ddb5-4fa4-a97d-d965ccfc6d4b" outcome="Passed" testListId="8c84fa94-04c1-424b-9868-57a2d4851a1d" relativeResultsDirectory="fb2ccca2-92fd-4548-855e-bc5b91855433" />
    <UnitTestResult executionId="49ef4c1b-1467-41e4-84a4-ff92492d0b5c" testId="9b3115c0-ab60-47b5-96f4-7eacf6c431ef" testName="FormatToStringTest1000 (17000.070169619317,17000.07 zł)" computerName="DESKTOP-5URQ9PB" duration="00:00:00.0000062" startTime="2022-06-13T21:11:52.2726492+02:00" endTime="2022-06-13T21:11:52.2727146+02:00" testType="13cdc9d9-ddb5-4fa4-a97d-d965ccfc6d4b" outcome="Passed" testListId="8c84fa94-04c1-424b-9868-57a2d4851a1d" relativeResultsDirectory="49ef4c1b-1467-41e4-84a4-ff92492d0b5c" />
    <UnitTestResult executionId="65be27cd-9172-4b87-895f-feda97158e7c" testId="2f6c5e18-3e8b-4a50-b002-00e75b158f11" testName="FormatToStringTest1000 (4252.4012513842445,4252.40 zł)" computerName="DESKTOP-5URQ9PB" duration="00:00:00.0000061" startTime="2022-06-13T21:11:52.2216597+02:00" endTime="2022-06-13T21:11:52.2217238+02:00" testType="13cdc9d9-ddb5-4fa4-a97d-d965ccfc6d4b" outcome="Passed" testListId="8c84fa94-04c1-424b-9868-57a2d4851a1d" relativeResultsDirectory="65be27cd-9172-4b87-895f-feda97158e7c" />
    <UnitTestResult executionId="a21b14b2-a7c7-4494-85eb-f38d51fd7a0f" testId="4e4d63cf-19c8-48f7-b906-fcc5992f7791" testName="FormatToStringTest1000 (26858.35647848731,26858.36 zł)" computerName="DESKTOP-5URQ9PB" duration="00:00:00.0000061" startTime="2022-06-13T21:11:52.1901710+02:00" endTime="2022-06-13T21:11:52.1902370+02:00" testType="13cdc9d9-ddb5-4fa4-a97d-d965ccfc6d4b" outcome="Passed" testListId="8c84fa94-04c1-424b-9868-57a2d4851a1d" relativeResultsDirectory="a21b14b2-a7c7-4494-85eb-f38d51fd7a0f" />
    <UnitTestResult executionId="0a268151-5cda-406a-bee6-18a1f30d2e6a" testId="5d2607ac-5f5a-4484-bd27-9707805a1bd2" testName="FormatToStringTest1000 (8242.419043611,8242.42 zł)" computerName="DESKTOP-5URQ9PB" duration="00:00:00.0000075" startTime="2022-06-13T21:11:52.2330323+02:00" endTime="2022-06-13T21:11:52.2331056+02:00" testType="13cdc9d9-ddb5-4fa4-a97d-d965ccfc6d4b" outcome="Passed" testListId="8c84fa94-04c1-424b-9868-57a2d4851a1d" relativeResultsDirectory="0a268151-5cda-406a-bee6-18a1f30d2e6a" />
    <UnitTestResult executionId="fca78771-2f1b-415c-b945-90a76ac37fec" testId="479a3f86-4b6e-409b-a816-dc29701d7939" testName="FormatToStringTest1000 (23662.291816162084,23662.29 zł)" computerName="DESKTOP-5URQ9PB" duration="00:00:00.0000088" startTime="2022-06-13T21:11:52.2482431+02:00" endTime="2022-06-13T21:11:52.2483554+02:00" testType="13cdc9d9-ddb5-4fa4-a97d-d965ccfc6d4b" outcome="Passed" testListId="8c84fa94-04c1-424b-9868-57a2d4851a1d" relativeResultsDirectory="fca78771-2f1b-415c-b945-90a76ac37fec" />
    <UnitTestResult executionId="79b07989-d796-4ca6-8d1a-23cf72959bf1" testId="9d68d574-0993-4670-9332-0fdeab07ac4b" testName="FormatToStringTest1000 (5835.26176155557,5835.26 zł)" computerName="DESKTOP-5URQ9PB" duration="00:00:00.0000063" startTime="2022-06-13T21:11:52.1780858+02:00" endTime="2022-06-13T21:11:52.1781522+02:00" testType="13cdc9d9-ddb5-4fa4-a97d-d965ccfc6d4b" outcome="Passed" testListId="8c84fa94-04c1-424b-9868-57a2d4851a1d" relativeResultsDirectory="79b07989-d796-4ca6-8d1a-23cf72959bf1" />
    <UnitTestResult executionId="4b222c62-8934-4ddf-a0bf-faf32cbc404f" testId="a99344ad-e57f-45ec-b346-fca84d99a95a" testName="FormatToStringTest1000 (238.1379397484185,238.14 zł)" computerName="DESKTOP-5URQ9PB" duration="00:00:00.0000067" startTime="2022-06-13T21:11:52.0502893+02:00" endTime="2022-06-13T21:11:52.0503757+02:00" testType="13cdc9d9-ddb5-4fa4-a97d-d965ccfc6d4b" outcome="Passed" testListId="8c84fa94-04c1-424b-9868-57a2d4851a1d" relativeResultsDirectory="4b222c62-8934-4ddf-a0bf-faf32cbc404f" />
    <UnitTestResult executionId="29d00d68-ce52-46ac-8cad-c804d0a29ae3" testId="b55df978-d46c-4b9d-bacf-257ed73f875a" testName="FormatToStringTest1000 (22557.09603308099,22557.10 zł)" computerName="DESKTOP-5URQ9PB" duration="00:00:00.0000061" startTime="2022-06-13T21:11:52.0690879+02:00" endTime="2022-06-13T21:11:52.0691543+02:00" testType="13cdc9d9-ddb5-4fa4-a97d-d965ccfc6d4b" outcome="Passed" testListId="8c84fa94-04c1-424b-9868-57a2d4851a1d" relativeResultsDirectory="29d00d68-ce52-46ac-8cad-c804d0a29ae3" />
    <UnitTestResult executionId="30c09327-11fd-4b5f-93d5-60d93eaa0e92" testId="0a5957af-d0fe-4ce0-9b5b-05c6e1a4213c" testName="FormatToStringTest1000 (31424.298858482067,31424.30 zł)" computerName="DESKTOP-5URQ9PB" duration="00:00:00.0000061" startTime="2022-06-13T21:11:52.1693373+02:00" endTime="2022-06-13T21:11:52.1694034+02:00" testType="13cdc9d9-ddb5-4fa4-a97d-d965ccfc6d4b" outcome="Passed" testListId="8c84fa94-04c1-424b-9868-57a2d4851a1d" relativeResultsDirectory="30c09327-11fd-4b5f-93d5-60d93eaa0e92" />
    <UnitTestResult executionId="009efcc8-624a-4210-a372-250a1d4d5bd2" testId="89218536-d752-4443-9f6f-88a35fdfb936" testName="FormatToStringTest1000 (20497.107923553376,20497.11 zł)" computerName="DESKTOP-5URQ9PB" duration="00:00:00.0000067" startTime="2022-06-13T21:11:52.2576777+02:00" endTime="2022-06-13T21:11:52.2577519+02:00" testType="13cdc9d9-ddb5-4fa4-a97d-d965ccfc6d4b" outcome="Passed" testListId="8c84fa94-04c1-424b-9868-57a2d4851a1d" relativeResultsDirectory="009efcc8-624a-4210-a372-250a1d4d5bd2" />
    <UnitTestResult executionId="39ef742f-5f01-40fa-93c1-42c593b1b837" testId="a9a0ff29-ffe6-4307-a95e-42c4d4459c94" testName="FormatToStringTest1000 (22281.48592587257,22281.49 zł)" computerName="DESKTOP-5URQ9PB" duration="00:00:00.0000079" startTime="2022-06-13T21:11:52.0623138+02:00" endTime="2022-06-13T21:11:52.0624149+02:00" testType="13cdc9d9-ddb5-4fa4-a97d-d965ccfc6d4b" outcome="Passed" testListId="8c84fa94-04c1-424b-9868-57a2d4851a1d" relativeResultsDirectory="39ef742f-5f01-40fa-93c1-42c593b1b837" />
    <UnitTestResult executionId="a1d82a34-cb1e-457c-a2d7-57dfa72797f6" testId="c958f39c-90b6-4d92-8d36-07840230f541" testName="FormatToStringTest1000 (6915.421130504656,6915.42 zł)" computerName="DESKTOP-5URQ9PB" duration="00:00:00.0000273" startTime="2022-06-13T21:11:52.1507274+02:00" endTime="2022-06-13T21:11:52.1510435+02:00" testType="13cdc9d9-ddb5-4fa4-a97d-d965ccfc6d4b" outcome="Passed" testListId="8c84fa94-04c1-424b-9868-57a2d4851a1d" relativeResultsDirectory="a1d82a34-cb1e-457c-a2d7-57dfa72797f6" />
    <UnitTestResult executionId="c643a2e4-bc41-4362-b502-f6eb5f176c28" testId="0838f22a-0f52-4317-9c83-a6a58936598d" testName="FormatToStringTest1000 (6102.4120417453405,6102.41 zł)" computerName="DESKTOP-5URQ9PB" duration="00:00:00.0000063" startTime="2022-06-13T21:11:52.2727319+02:00" endTime="2022-06-13T21:11:52.2727972+02:00" testType="13cdc9d9-ddb5-4fa4-a97d-d965ccfc6d4b" outcome="Passed" testListId="8c84fa94-04c1-424b-9868-57a2d4851a1d" relativeResultsDirectory="c643a2e4-bc41-4362-b502-f6eb5f176c28" />
    <UnitTestResult executionId="a11472d6-3512-4064-88cc-4d667d4d696e" testId="26171176-2bc4-44aa-86f4-e0b748172638" testName="FormatToStringTest1000 (36047.83545033672,36047.84 zł)" computerName="DESKTOP-5URQ9PB" duration="00:00:00.0000061" startTime="2022-06-13T21:11:52.2098815+02:00" endTime="2022-06-13T21:11:52.2099465+02:00" testType="13cdc9d9-ddb5-4fa4-a97d-d965ccfc6d4b" outcome="Passed" testListId="8c84fa94-04c1-424b-9868-57a2d4851a1d" relativeResultsDirectory="a11472d6-3512-4064-88cc-4d667d4d696e" />
    <UnitTestResult executionId="5ed9fdea-2fcd-4438-b385-7a57387180f6" testId="5f93a45c-2fbf-4412-8863-08d42c4962c2" testName="FormatToStringTest1000 (12759.925747307914,12759.93 zł)" computerName="DESKTOP-5URQ9PB" duration="00:00:00.0000062" startTime="2022-06-13T21:11:52.2253754+02:00" endTime="2022-06-13T21:11:52.2254412+02:00" testType="13cdc9d9-ddb5-4fa4-a97d-d965ccfc6d4b" outcome="Passed" testListId="8c84fa94-04c1-424b-9868-57a2d4851a1d" relativeResultsDirectory="5ed9fdea-2fcd-4438-b385-7a57387180f6" />
    <UnitTestResult executionId="fa5c7481-3a7f-4346-8c1c-01a355bfebfa" testId="5cb4e172-e08c-4498-89f8-e8232508f3aa" testName="FormatToStringTest1000 (16688.70569393677,16688.71 zł)" computerName="DESKTOP-5URQ9PB" duration="00:00:00.0000062" startTime="2022-06-13T21:11:52.0859010+02:00" endTime="2022-06-13T21:11:52.0859677+02:00" testType="13cdc9d9-ddb5-4fa4-a97d-d965ccfc6d4b" outcome="Passed" testListId="8c84fa94-04c1-424b-9868-57a2d4851a1d" relativeResultsDirectory="fa5c7481-3a7f-4346-8c1c-01a355bfebfa" />
    <UnitTestResult executionId="0a183bd6-ac2e-4d64-8cc8-388ff94d8ffc" testId="1b158134-be75-40ee-8727-9600d242e6d3" testName="FormatToStringTest1000 (25084.19182667238,25084.19 zł)" computerName="DESKTOP-5URQ9PB" duration="00:00:00.0000137" startTime="2022-06-13T21:11:52.2472415+02:00" endTime="2022-06-13T21:11:52.2474314+02:00" testType="13cdc9d9-ddb5-4fa4-a97d-d965ccfc6d4b" outcome="Passed" testListId="8c84fa94-04c1-424b-9868-57a2d4851a1d" relativeResultsDirectory="0a183bd6-ac2e-4d64-8cc8-388ff94d8ffc" />
    <UnitTestResult executionId="d2bde369-50ae-4587-99ec-64dec5366ca0" testId="ea683e10-ffd8-47c9-991e-865ad09f5536" testName="FormatToStringTest1000 (9843.625240445894,9843.63 zł)" computerName="DESKTOP-5URQ9PB" duration="00:00:00.0000062" startTime="2022-06-13T21:11:52.2693420+02:00" endTime="2022-06-13T21:11:52.2694065+02:00" testType="13cdc9d9-ddb5-4fa4-a97d-d965ccfc6d4b" outcome="Passed" testListId="8c84fa94-04c1-424b-9868-57a2d4851a1d" relativeResultsDirectory="d2bde369-50ae-4587-99ec-64dec5366ca0" />
    <UnitTestResult executionId="1aff4293-46a1-4145-a819-365912e9ed12" testId="db244e3b-4a97-47fb-9c97-77c0f2a6f91c" testName="FormatToStringTest1000 (1562.3173604776698,1562.32 zł)" computerName="DESKTOP-5URQ9PB" duration="00:00:00.0000076" startTime="2022-06-13T21:11:52.0626971+02:00" endTime="2022-06-13T21:11:52.0627796+02:00" testType="13cdc9d9-ddb5-4fa4-a97d-d965ccfc6d4b" outcome="Passed" testListId="8c84fa94-04c1-424b-9868-57a2d4851a1d" relativeResultsDirectory="1aff4293-46a1-4145-a819-365912e9ed12" />
    <UnitTestResult executionId="e5dc67a9-ba0a-4e62-8f3a-1ced92c16cfe" testId="b47088d6-e868-4606-a19f-0151802a4222" testName="FormatToStringTest1000 (17418.31302247863,17418.31 zł)" computerName="DESKTOP-5URQ9PB" duration="00:00:00.0000060" startTime="2022-06-13T21:11:52.0660284+02:00" endTime="2022-06-13T21:11:52.0660951+02:00" testType="13cdc9d9-ddb5-4fa4-a97d-d965ccfc6d4b" outcome="Passed" testListId="8c84fa94-04c1-424b-9868-57a2d4851a1d" relativeResultsDirectory="e5dc67a9-ba0a-4e62-8f3a-1ced92c16cfe" />
    <UnitTestResult executionId="49ff2343-1960-4525-9ee2-bec5e6ac8a55" testId="77100f04-cbc0-4bc8-bd85-54a117839760" testName="FormatToStringTest1000 (27852.532163303127,27852.53 zł)" computerName="DESKTOP-5URQ9PB" duration="00:00:00.0000070" startTime="2022-06-13T21:11:52.1755542+02:00" endTime="2022-06-13T21:11:52.1756328+02:00" testType="13cdc9d9-ddb5-4fa4-a97d-d965ccfc6d4b" outcome="Passed" testListId="8c84fa94-04c1-424b-9868-57a2d4851a1d" relativeResultsDirectory="49ff2343-1960-4525-9ee2-bec5e6ac8a55" />
    <UnitTestResult executionId="81230cdb-a304-4d60-a910-6f20034e25b6" testId="46b9969d-38b2-48a3-860b-f1e672d05395" testName="FormatToStringTest1000 (47163.337736466594,47163.34 zł)" computerName="DESKTOP-5URQ9PB" duration="00:00:00.0000062" startTime="2022-06-13T21:11:52.2637580+02:00" endTime="2022-06-13T21:11:52.2638227+02:00" testType="13cdc9d9-ddb5-4fa4-a97d-d965ccfc6d4b" outcome="Passed" testListId="8c84fa94-04c1-424b-9868-57a2d4851a1d" relativeResultsDirectory="81230cdb-a304-4d60-a910-6f20034e25b6" />
    <UnitTestResult executionId="c083d8a8-ab8f-4b60-846a-9581c195a6a6" testId="921fbc46-9a15-4638-9d50-7d98cb0043cf" testName="FormatToStringTest1000 (68507.83928906724,68507.84 zł)" computerName="DESKTOP-5URQ9PB" duration="00:00:00.0000091" startTime="2022-06-13T21:11:52.2474701+02:00" endTime="2022-06-13T21:11:52.2475758+02:00" testType="13cdc9d9-ddb5-4fa4-a97d-d965ccfc6d4b" outcome="Passed" testListId="8c84fa94-04c1-424b-9868-57a2d4851a1d" relativeResultsDirectory="c083d8a8-ab8f-4b60-846a-9581c195a6a6" />
    <UnitTestResult executionId="d73d660e-1053-45c2-9834-cc630e77d752" testId="de6b2ec3-b336-4bfc-943a-ab86eb52501f" testName="FormatToStringTest1000 (22831.975917587977,22831.98 zł)" computerName="DESKTOP-5URQ9PB" duration="00:00:00.0000062" startTime="2022-06-13T21:11:52.1589223+02:00" endTime="2022-06-13T21:11:52.1589881+02:00" testType="13cdc9d9-ddb5-4fa4-a97d-d965ccfc6d4b" outcome="Passed" testListId="8c84fa94-04c1-424b-9868-57a2d4851a1d" relativeResultsDirectory="d73d660e-1053-45c2-9834-cc630e77d752" />
    <UnitTestResult executionId="c3df413e-6fcc-44a1-9b3d-2f7908128917" testId="ca4f0d83-7278-4779-9849-bb48a2aae338" testName="FormatToStringTest1000 (52858.048916166204,52858.05 zł)" computerName="DESKTOP-5URQ9PB" duration="00:00:00.0000068" startTime="2022-06-13T21:11:51.9766989+02:00" endTime="2022-06-13T21:11:51.9767824+02:00" testType="13cdc9d9-ddb5-4fa4-a97d-d965ccfc6d4b" outcome="Passed" testListId="8c84fa94-04c1-424b-9868-57a2d4851a1d" relativeResultsDirectory="c3df413e-6fcc-44a1-9b3d-2f7908128917" />
    <UnitTestResult executionId="f512b2bd-4f36-40d8-97b8-8a9b529d3ffb" testId="2d6c5448-40c0-4698-9fae-8fecd6525a8f" testName="FormatToStringTest1000 (2339.5873176472205,2339.59 zł)" computerName="DESKTOP-5URQ9PB" duration="00:00:00.0000063" startTime="2022-06-13T21:11:52.1247039+02:00" endTime="2022-06-13T21:11:52.1247737+02:00" testType="13cdc9d9-ddb5-4fa4-a97d-d965ccfc6d4b" outcome="Passed" testListId="8c84fa94-04c1-424b-9868-57a2d4851a1d" relativeResultsDirectory="f512b2bd-4f36-40d8-97b8-8a9b529d3ffb" />
    <UnitTestResult executionId="7e50ca36-c96e-467f-9b14-585c99461887" testId="fb94bd17-2280-4609-b86e-a7a0af7c32a3" testName="FormatToStringTest1000 (28455.229970996843,28455.23 zł)" computerName="DESKTOP-5URQ9PB" duration="00:00:00.0000067" startTime="2022-06-13T21:11:52.2292981+02:00" endTime="2022-06-13T21:11:52.2293750+02:00" testType="13cdc9d9-ddb5-4fa4-a97d-d965ccfc6d4b" outcome="Passed" testListId="8c84fa94-04c1-424b-9868-57a2d4851a1d" relativeResultsDirectory="7e50ca36-c96e-467f-9b14-585c99461887" />
    <UnitTestResult executionId="10de3402-a85a-4cb2-b7ea-d1694af7eafd" testId="f0634981-404f-48aa-9e99-0657b45ebbab" testName="FormatToStringTest1000 (4898.699005344277,4898.70 zł)" computerName="DESKTOP-5URQ9PB" duration="00:00:00.0000088" startTime="2022-06-13T21:11:52.0628062+02:00" endTime="2022-06-13T21:11:52.0629018+02:00" testType="13cdc9d9-ddb5-4fa4-a97d-d965ccfc6d4b" outcome="Passed" testListId="8c84fa94-04c1-424b-9868-57a2d4851a1d" relativeResultsDirectory="10de3402-a85a-4cb2-b7ea-d1694af7eafd" />
    <UnitTestResult executionId="1113698a-8e16-4962-8e17-433dca52d171" testId="d5249b6d-2fa9-4841-ba1e-f8f82fdefa9b" testName="FormatToStringTest1000 (34096.337879508894,34096.34 zł)" computerName="DESKTOP-5URQ9PB" duration="00:00:00.0000064" startTime="2022-06-13T21:11:51.9517769+02:00" endTime="2022-06-13T21:11:51.9518482+02:00" testType="13cdc9d9-ddb5-4fa4-a97d-d965ccfc6d4b" outcome="Passed" testListId="8c84fa94-04c1-424b-9868-57a2d4851a1d" relativeResultsDirectory="1113698a-8e16-4962-8e17-433dca52d171" />
    <UnitTestResult executionId="815c78a2-18d1-4752-9be8-4b56ebe14cf3" testId="42b596e6-6252-4801-b8c6-34267380ad9d" testName="FormatToStringTest1000 (45445.182098106096,45445.18 zł)" computerName="DESKTOP-5URQ9PB" duration="00:00:00.0000062" startTime="2022-06-13T21:11:52.0691717+02:00" endTime="2022-06-13T21:11:52.0692388+02:00" testType="13cdc9d9-ddb5-4fa4-a97d-d965ccfc6d4b" outcome="Passed" testListId="8c84fa94-04c1-424b-9868-57a2d4851a1d" relativeResultsDirectory="815c78a2-18d1-4752-9be8-4b56ebe14cf3" />
    <UnitTestResult executionId="aa778f26-72c9-46c1-8f02-ea2f66c9006f" testId="03e6c3c8-0833-45c8-a539-9e625a2827ae" testName="FormatToStringTest1000 (35145.379208063416,35145.38 zł)" computerName="DESKTOP-5URQ9PB" duration="00:00:00.0000072" startTime="2022-06-13T21:11:51.9730571+02:00" endTime="2022-06-13T21:11:51.9731422+02:00" testType="13cdc9d9-ddb5-4fa4-a97d-d965ccfc6d4b" outcome="Passed" testListId="8c84fa94-04c1-424b-9868-57a2d4851a1d" relativeResultsDirectory="aa778f26-72c9-46c1-8f02-ea2f66c9006f" />
    <UnitTestResult executionId="202e3122-fad1-4058-83a1-b8193d75bc66" testId="eb8d3548-25df-4ce0-be99-51c4cc917059" testName="FormatToStringTest1000 (2115.5076919884923,2115.51 zł)" computerName="DESKTOP-5URQ9PB" duration="00:00:00.0000061" startTime="2022-06-13T21:11:52.2597921+02:00" endTime="2022-06-13T21:11:52.2598561+02:00" testType="13cdc9d9-ddb5-4fa4-a97d-d965ccfc6d4b" outcome="Passed" testListId="8c84fa94-04c1-424b-9868-57a2d4851a1d" relativeResultsDirectory="202e3122-fad1-4058-83a1-b8193d75bc66" />
    <UnitTestResult executionId="e5ec6dea-ed07-4e72-93e6-e7223c019b51" testId="4501b53b-1916-48b6-947d-7816d1c13590" testName="FormatToStringTest1000 (88489.14069749469,88489.14 zł)" computerName="DESKTOP-5URQ9PB" duration="00:00:00.0000093" startTime="2022-06-13T21:11:52.2743726+02:00" endTime="2022-06-13T21:11:52.2744803+02:00" testType="13cdc9d9-ddb5-4fa4-a97d-d965ccfc6d4b" outcome="Passed" testListId="8c84fa94-04c1-424b-9868-57a2d4851a1d" relativeResultsDirectory="e5ec6dea-ed07-4e72-93e6-e7223c019b51" />
    <UnitTestResult executionId="c093b9bc-f3d3-4379-a565-d28d558ebddf" testId="690c8545-0881-4dd8-80b3-bdb8c2b9c06a" testName="FormatToStringTest1000 (73301.91270130403,73301.91 zł)" computerName="DESKTOP-5URQ9PB" duration="00:00:00.0000062" startTime="2022-06-13T21:11:52.2311190+02:00" endTime="2022-06-13T21:11:52.2311878+02:00" testType="13cdc9d9-ddb5-4fa4-a97d-d965ccfc6d4b" outcome="Passed" testListId="8c84fa94-04c1-424b-9868-57a2d4851a1d" relativeResultsDirectory="c093b9bc-f3d3-4379-a565-d28d558ebddf" />
    <UnitTestResult executionId="aa831e63-6299-436c-8c3b-6b8ade254f2c" testId="e0b51803-c716-45df-b876-fd36e51d2bb0" testName="FormatToStringTest1000 (37614.50159416278,37614.50 zł)" computerName="DESKTOP-5URQ9PB" duration="00:00:00.0000068" startTime="2022-06-13T21:11:52.2696660+02:00" endTime="2022-06-13T21:11:52.2697305+02:00" testType="13cdc9d9-ddb5-4fa4-a97d-d965ccfc6d4b" outcome="Passed" testListId="8c84fa94-04c1-424b-9868-57a2d4851a1d" relativeResultsDirectory="aa831e63-6299-436c-8c3b-6b8ade254f2c" />
    <UnitTestResult executionId="57d97b63-5bc1-4419-b24c-850ff495c884" testId="c1b8e3d7-2be9-48e2-a578-84f838aae3d4" testName="FormatToStringTest1000 (80609.94377465078,80609.94 zł)" computerName="DESKTOP-5URQ9PB" duration="00:00:00.0000081" startTime="2022-06-13T21:11:51.9387205+02:00" endTime="2022-06-13T21:11:51.9388088+02:00" testType="13cdc9d9-ddb5-4fa4-a97d-d965ccfc6d4b" outcome="Passed" testListId="8c84fa94-04c1-424b-9868-57a2d4851a1d" relativeResultsDirectory="57d97b63-5bc1-4419-b24c-850ff495c884" />
    <UnitTestResult executionId="d9593ef2-e17b-4bda-adc8-d9b8425bc465" testId="b07aee98-b345-47df-9371-fe53dfbb6447" testName="FormatToStringTest1000 (10965.74607995746,10965.75 zł)" computerName="DESKTOP-5URQ9PB" duration="00:00:00.0000087" startTime="2022-06-13T21:11:51.9908630+02:00" endTime="2022-06-13T21:11:51.9909583+02:00" testType="13cdc9d9-ddb5-4fa4-a97d-d965ccfc6d4b" outcome="Passed" testListId="8c84fa94-04c1-424b-9868-57a2d4851a1d" relativeResultsDirectory="d9593ef2-e17b-4bda-adc8-d9b8425bc465" />
    <UnitTestResult executionId="cabb8429-04b1-445e-9c18-9c1b0455cb55" testId="973101ea-d593-41b1-9afb-0eec42860537" testName="FormatToStringTest1000 (40857.08543233996,40857.09 zł)" computerName="DESKTOP-5URQ9PB" duration="00:00:00.0000998" startTime="2022-06-13T21:11:51.9614850+02:00" endTime="2022-06-13T21:11:51.9618234+02:00" testType="13cdc9d9-ddb5-4fa4-a97d-d965ccfc6d4b" outcome="Passed" testListId="8c84fa94-04c1-424b-9868-57a2d4851a1d" relativeResultsDirectory="cabb8429-04b1-445e-9c18-9c1b0455cb55" />
    <UnitTestResult executionId="d027c943-ee2b-4ea9-903c-6687ac21acea" testId="c96ee8ec-c42b-4a02-b8a6-fdf7972cb9e8" testName="FormatToStringTest1000 (44065.726815678056,44065.73 zł)" computerName="DESKTOP-5URQ9PB" duration="00:00:00.0000071" startTime="2022-06-13T21:11:52.0504972+02:00" endTime="2022-06-13T21:11:52.0505925+02:00" testType="13cdc9d9-ddb5-4fa4-a97d-d965ccfc6d4b" outcome="Passed" testListId="8c84fa94-04c1-424b-9868-57a2d4851a1d" relativeResultsDirectory="d027c943-ee2b-4ea9-903c-6687ac21acea" />
    <UnitTestResult executionId="dc0fae3f-cf72-45c7-b3da-06a616a577d1" testId="45b71a44-afa5-4782-843d-a4508af52f2f" testName="FormatToStringTest1000 (37589.670531794276,37589.67 zł)" computerName="DESKTOP-5URQ9PB" duration="00:00:00.0000063" startTime="2022-06-13T21:11:51.9389233+02:00" endTime="2022-06-13T21:11:51.9389967+02:00" testType="13cdc9d9-ddb5-4fa4-a97d-d965ccfc6d4b" outcome="Passed" testListId="8c84fa94-04c1-424b-9868-57a2d4851a1d" relativeResultsDirectory="dc0fae3f-cf72-45c7-b3da-06a616a577d1" />
    <UnitTestResult executionId="f755041d-e4a4-4d79-a385-4d94b46d73c7" testId="df62e7a0-3f53-4471-a71e-362a9372f8af" testName="FormatToStringTest1000 (13574.683315038068,13574.68 zł)" computerName="DESKTOP-5URQ9PB" duration="00:00:00.0000061" startTime="2022-06-13T21:11:52.0220595+02:00" endTime="2022-06-13T21:11:52.0221266+02:00" testType="13cdc9d9-ddb5-4fa4-a97d-d965ccfc6d4b" outcome="Passed" testListId="8c84fa94-04c1-424b-9868-57a2d4851a1d" relativeResultsDirectory="f755041d-e4a4-4d79-a385-4d94b46d73c7" />
    <UnitTestResult executionId="7e0a0051-6431-498c-b1a8-42efc4aa0f80" testId="ab06e209-0282-47cf-8d02-637523c5301c" testName="FormatToStringTest1000 (17579.823312525088,17579.82 zł)" computerName="DESKTOP-5URQ9PB" duration="00:00:00.0000063" startTime="2022-06-13T21:11:52.2030907+02:00" endTime="2022-06-13T21:11:52.2031555+02:00" testType="13cdc9d9-ddb5-4fa4-a97d-d965ccfc6d4b" outcome="Passed" testListId="8c84fa94-04c1-424b-9868-57a2d4851a1d" relativeResultsDirectory="7e0a0051-6431-498c-b1a8-42efc4aa0f80" />
    <UnitTestResult executionId="a419fdb0-f5f3-4b62-8667-cdbb13072fab" testId="52bd0fac-bdaf-46a7-968f-3288aa7d834e" testName="FormatToStringTest1000 (32051.900532446758,32051.90 zł)" computerName="DESKTOP-5URQ9PB" duration="00:00:00.0000158" startTime="2022-06-13T21:11:52.0070811+02:00" endTime="2022-06-13T21:11:52.0072931+02:00" testType="13cdc9d9-ddb5-4fa4-a97d-d965ccfc6d4b" outcome="Passed" testListId="8c84fa94-04c1-424b-9868-57a2d4851a1d" relativeResultsDirectory="a419fdb0-f5f3-4b62-8667-cdbb13072fab" />
    <UnitTestResult executionId="3c758489-57ac-46d2-b820-8dd7be654c3d" testId="61cd3ff0-c5ec-4fac-abc3-fc2c5236b12e" testName="FormatToStringTest1000 (158.49784791027093,158.50 zł)" computerName="DESKTOP-5URQ9PB" duration="00:00:00.0000071" startTime="2022-06-13T21:11:52.0122578+02:00" endTime="2022-06-13T21:11:52.0123359+02:00" testType="13cdc9d9-ddb5-4fa4-a97d-d965ccfc6d4b" outcome="Passed" testListId="8c84fa94-04c1-424b-9868-57a2d4851a1d" relativeResultsDirectory="3c758489-57ac-46d2-b820-8dd7be654c3d" />
    <UnitTestResult executionId="9fcf4b1e-2c78-4905-8313-88c19de5f6c8" testId="1ad36a58-65bb-4d1d-bc1e-9b7fe48969ff" testName="FormatToStringTest1000 (26515.80237687929,26515.80 zł)" computerName="DESKTOP-5URQ9PB" duration="00:00:00.0000061" startTime="2022-06-13T21:11:51.9347436+02:00" endTime="2022-06-13T21:11:51.9348102+02:00" testType="13cdc9d9-ddb5-4fa4-a97d-d965ccfc6d4b" outcome="Passed" testListId="8c84fa94-04c1-424b-9868-57a2d4851a1d" relativeResultsDirectory="9fcf4b1e-2c78-4905-8313-88c19de5f6c8" />
    <UnitTestResult executionId="fa39f9cc-4bf2-4d97-b5b1-ba8ceba09645" testId="1376e613-75ed-44b2-b614-e2d770eff5f7" testName="FormatToStringTest1000 (60299.23738666309,60299.24 zł)" computerName="DESKTOP-5URQ9PB" duration="00:00:00.0000464" startTime="2022-06-13T21:11:52.1423928+02:00" endTime="2022-06-13T21:11:52.1429541+02:00" testType="13cdc9d9-ddb5-4fa4-a97d-d965ccfc6d4b" outcome="Passed" testListId="8c84fa94-04c1-424b-9868-57a2d4851a1d" relativeResultsDirectory="fa39f9cc-4bf2-4d97-b5b1-ba8ceba09645" />
    <UnitTestResult executionId="055581c3-46c9-4506-9be9-e6a051dc9086" testId="555879b4-ee67-4029-bfa0-bf1431f35927" testName="FormatToStringTest1000 (20623.53139885493,20623.53 zł)" computerName="DESKTOP-5URQ9PB" duration="00:00:00.0000064" startTime="2022-06-13T21:11:52.0119159+02:00" endTime="2022-06-13T21:11:52.0119869+02:00" testType="13cdc9d9-ddb5-4fa4-a97d-d965ccfc6d4b" outcome="Passed" testListId="8c84fa94-04c1-424b-9868-57a2d4851a1d" relativeResultsDirectory="055581c3-46c9-4506-9be9-e6a051dc9086" />
    <UnitTestResult executionId="3976fb30-5a90-4887-9856-88b9db0749ba" testId="a3270c09-e0b8-4771-8b42-2f45a23f203a" testName="FormatToStringTest1000 (13206.129467931636,13206.13 zł)" computerName="DESKTOP-5URQ9PB" duration="00:00:00.0000065" startTime="2022-06-13T21:11:52.1896673+02:00" endTime="2022-06-13T21:11:52.1897361+02:00" testType="13cdc9d9-ddb5-4fa4-a97d-d965ccfc6d4b" outcome="Passed" testListId="8c84fa94-04c1-424b-9868-57a2d4851a1d" relativeResultsDirectory="3976fb30-5a90-4887-9856-88b9db0749ba" />
    <UnitTestResult executionId="d0e49366-fe5f-4a14-9eb4-515c8889ec14" testId="87eddf38-4368-48e1-874f-6a745b056527" testName="FormatToStringTest1000 (3195.202943510936,3195.20 zł)" computerName="DESKTOP-5URQ9PB" duration="00:00:00.0000060" startTime="2022-06-13T21:11:52.0661979+02:00" endTime="2022-06-13T21:11:52.0662639+02:00" testType="13cdc9d9-ddb5-4fa4-a97d-d965ccfc6d4b" outcome="Passed" testListId="8c84fa94-04c1-424b-9868-57a2d4851a1d" relativeResultsDirectory="d0e49366-fe5f-4a14-9eb4-515c8889ec14" />
    <UnitTestResult executionId="0499d052-5e37-4d90-a6b7-c9d99a4d84d6" testId="acc1836d-11df-4881-8e70-ad85a8affa57" testName="FormatToStringTest1000 (1011.9989482094529,1012.00 zł)" computerName="DESKTOP-5URQ9PB" duration="00:00:00.0000064" startTime="2022-06-13T21:11:52.1850032+02:00" endTime="2022-06-13T21:11:52.1850747+02:00" testType="13cdc9d9-ddb5-4fa4-a97d-d965ccfc6d4b" outcome="Passed" testListId="8c84fa94-04c1-424b-9868-57a2d4851a1d" relativeResultsDirectory="0499d052-5e37-4d90-a6b7-c9d99a4d84d6" />
    <UnitTestResult executionId="9c7030f5-644a-4ed2-bbcc-43c6c261bd0a" testId="b3c17508-8c82-44a3-913c-1ce4e3057ecc" testName="FormatToStringTest1000 (36969.98585167247,36969.99 zł)" computerName="DESKTOP-5URQ9PB" duration="00:00:00.0000062" startTime="2022-06-13T21:11:52.0189506+02:00" endTime="2022-06-13T21:11:52.0190176+02:00" testType="13cdc9d9-ddb5-4fa4-a97d-d965ccfc6d4b" outcome="Passed" testListId="8c84fa94-04c1-424b-9868-57a2d4851a1d" relativeResultsDirectory="9c7030f5-644a-4ed2-bbcc-43c6c261bd0a" />
    <UnitTestResult executionId="ec5ba557-d618-4b22-8dde-8d087f66b40e" testId="8845516c-c6c7-4cd6-b997-76555732909e" testName="FormatToStringTest1000 (545.7016866634142,545.70 zł)" computerName="DESKTOP-5URQ9PB" duration="00:00:00.0000081" startTime="2022-06-13T21:11:52.1632602+02:00" endTime="2022-06-13T21:11:52.1633423+02:00" testType="13cdc9d9-ddb5-4fa4-a97d-d965ccfc6d4b" outcome="Passed" testListId="8c84fa94-04c1-424b-9868-57a2d4851a1d" relativeResultsDirectory="ec5ba557-d618-4b22-8dde-8d087f66b40e" />
    <UnitTestResult executionId="072ee58e-ae6b-47dc-b1ea-235a07284275" testId="522c9d92-82ed-4fbd-913f-2b9276d872f4" testName="FormatToStringTest1000 (51529.79033960206,51529.79 zł)" computerName="DESKTOP-5URQ9PB" duration="00:00:00.0000062" startTime="2022-06-13T21:11:52.2617676+02:00" endTime="2022-06-13T21:11:52.2618310+02:00" testType="13cdc9d9-ddb5-4fa4-a97d-d965ccfc6d4b" outcome="Passed" testListId="8c84fa94-04c1-424b-9868-57a2d4851a1d" relativeResultsDirectory="072ee58e-ae6b-47dc-b1ea-235a07284275" />
    <UnitTestResult executionId="bff7f2b6-10a8-404c-a2af-821e07d68878" testId="83a33f5d-e406-4997-8cdb-afc43844f733" testName="FormatToStringTest1000 (18627.604896394354,18627.60 zł)" computerName="DESKTOP-5URQ9PB" duration="00:00:00.0000077" startTime="2022-06-13T21:11:52.1826917+02:00" endTime="2022-06-13T21:11:52.1827601+02:00" testType="13cdc9d9-ddb5-4fa4-a97d-d965ccfc6d4b" outcome="Passed" testListId="8c84fa94-04c1-424b-9868-57a2d4851a1d" relativeResultsDirectory="bff7f2b6-10a8-404c-a2af-821e07d68878" />
    <UnitTestResult executionId="362564b3-5faf-473c-b480-c7a284750503" testId="4d202891-2024-49bc-b8ba-6bc51d7daa33" testName="FormatToStringTest1000 (17798.633951516185,17798.63 zł)" computerName="DESKTOP-5URQ9PB" duration="00:00:00.0000256" startTime="2022-06-13T21:11:52.1553570+02:00" endTime="2022-06-13T21:11:52.1555268+02:00" testType="13cdc9d9-ddb5-4fa4-a97d-d965ccfc6d4b" outcome="Passed" testListId="8c84fa94-04c1-424b-9868-57a2d4851a1d" relativeResultsDirectory="362564b3-5faf-473c-b480-c7a284750503" />
    <UnitTestResult executionId="931634cc-9107-4822-83b8-3d770c288161" testId="d936b66f-a1fa-4c01-968c-ad4effe012f1" testName="FormatToStringTest1000 (6266.232005888704,6266.23 zł)" computerName="DESKTOP-5URQ9PB" duration="00:00:00.0000063" startTime="2022-06-13T21:11:52.1845400+02:00" endTime="2022-06-13T21:11:52.1846117+02:00" testType="13cdc9d9-ddb5-4fa4-a97d-d965ccfc6d4b" outcome="Passed" testListId="8c84fa94-04c1-424b-9868-57a2d4851a1d" relativeResultsDirectory="931634cc-9107-4822-83b8-3d770c288161" />
    <UnitTestResult executionId="71373dc1-bc12-4f04-b268-9b0c18837c05" testId="4caa102a-fe40-4370-bba7-bad30e5d5118" testName="FormatToStringTest1000 (26015.8311952552,26015.83 zł)" computerName="DESKTOP-5URQ9PB" duration="00:00:00.0000072" startTime="2022-06-13T21:11:52.0509447+02:00" endTime="2022-06-13T21:11:52.0510297+02:00" testType="13cdc9d9-ddb5-4fa4-a97d-d965ccfc6d4b" outcome="Passed" testListId="8c84fa94-04c1-424b-9868-57a2d4851a1d" relativeResultsDirectory="71373dc1-bc12-4f04-b268-9b0c18837c05" />
    <UnitTestResult executionId="349184d2-05c6-4de2-9dab-272399d3cfa8" testId="c81f29c2-ae55-4c09-ba98-942091318c52" testName="FormatToStringTest1000 (11989.099505855282,11989.10 zł)" computerName="DESKTOP-5URQ9PB" duration="00:00:00.0000060" startTime="2022-06-13T21:11:52.2785773+02:00" endTime="2022-06-13T21:11:52.2786415+02:00" testType="13cdc9d9-ddb5-4fa4-a97d-d965ccfc6d4b" outcome="Passed" testListId="8c84fa94-04c1-424b-9868-57a2d4851a1d" relativeResultsDirectory="349184d2-05c6-4de2-9dab-272399d3cfa8" />
    <UnitTestResult executionId="ba2546c1-ba00-40da-8a74-8fa317850759" testId="4e9a0c80-1bc3-4a86-84d4-4961d951dbde" testName="FormatToStringTest1000 (50413.517583300134,50413.52 zł)" computerName="DESKTOP-5URQ9PB" duration="00:00:00.0000211" startTime="2022-06-13T21:11:52.1945057+02:00" endTime="2022-06-13T21:11:52.1946975+02:00" testType="13cdc9d9-ddb5-4fa4-a97d-d965ccfc6d4b" outcome="Passed" testListId="8c84fa94-04c1-424b-9868-57a2d4851a1d" relativeResultsDirectory="ba2546c1-ba00-40da-8a74-8fa317850759" />
    <UnitTestResult executionId="6d68a237-006b-4f5d-a1ee-6ff24f735825" testId="4778d234-3582-418f-83be-2cf3f1064756" testName="FormatToStringTest1000 (12379.347974640013,12379.35 zł)" computerName="DESKTOP-5URQ9PB" duration="00:00:00.0000070" startTime="2022-06-13T21:11:52.2671101+02:00" endTime="2022-06-13T21:11:52.2671862+02:00" testType="13cdc9d9-ddb5-4fa4-a97d-d965ccfc6d4b" outcome="Passed" testListId="8c84fa94-04c1-424b-9868-57a2d4851a1d" relativeResultsDirectory="6d68a237-006b-4f5d-a1ee-6ff24f735825" />
    <UnitTestResult executionId="b85fd8ae-e0dc-46be-bf5d-fe60425f8680" testId="46226c3d-2793-416d-b760-f95e5a7b84c3" testName="FormatToStringTest1000 (38614.292320713066,38614.29 zł)" computerName="DESKTOP-5URQ9PB" duration="00:00:00.0000059" startTime="2022-06-13T21:11:51.9878083+02:00" endTime="2022-06-13T21:11:51.9878754+02:00" testType="13cdc9d9-ddb5-4fa4-a97d-d965ccfc6d4b" outcome="Passed" testListId="8c84fa94-04c1-424b-9868-57a2d4851a1d" relativeResultsDirectory="b85fd8ae-e0dc-46be-bf5d-fe60425f8680" />
    <UnitTestResult executionId="ddad09bc-7fa0-45ce-8535-ebe1d6605447" testId="45a4c9e8-45b5-4693-83c5-9316df30d62b" testName="FormatToStringTest1000 (5810.695934967462,5810.70 zł)" computerName="DESKTOP-5URQ9PB" duration="00:00:00.0000062" startTime="2022-06-13T21:11:52.2784947+02:00" endTime="2022-06-13T21:11:52.2785603+02:00" testType="13cdc9d9-ddb5-4fa4-a97d-d965ccfc6d4b" outcome="Passed" testListId="8c84fa94-04c1-424b-9868-57a2d4851a1d" relativeResultsDirectory="ddad09bc-7fa0-45ce-8535-ebe1d6605447" />
    <UnitTestResult executionId="5959036f-b31c-4d03-91e0-dd0e1db577c0" testId="523fbd46-2f04-471c-917d-79e46e4d4955" testName="FormatToStringTest1000 (20552.966022956633,20552.97 zł)" computerName="DESKTOP-5URQ9PB" duration="00:00:00.0000060" startTime="2022-06-13T21:11:52.1759036+02:00" endTime="2022-06-13T21:11:52.1759697+02:00" testType="13cdc9d9-ddb5-4fa4-a97d-d965ccfc6d4b" outcome="Passed" testListId="8c84fa94-04c1-424b-9868-57a2d4851a1d" relativeResultsDirectory="5959036f-b31c-4d03-91e0-dd0e1db577c0" />
    <UnitTestResult executionId="ee55352c-6bab-4b96-a17e-3b5282da79e4" testId="8c009120-e098-4d03-9dd2-1aee6d3056ef" testName="FormatToStringTest1000 (59283.7670322637,59283.77 zł)" computerName="DESKTOP-5URQ9PB" duration="00:00:00.0000083" startTime="2022-06-13T21:11:52.2828319+02:00" endTime="2022-06-13T21:11:52.2829151+02:00" testType="13cdc9d9-ddb5-4fa4-a97d-d965ccfc6d4b" outcome="Passed" testListId="8c84fa94-04c1-424b-9868-57a2d4851a1d" relativeResultsDirectory="ee55352c-6bab-4b96-a17e-3b5282da79e4" />
    <UnitTestResult executionId="3ad9f065-fde3-4513-ae77-2aee51333e98" testId="a35b0db2-be69-4bbf-add9-83a31314b51c" testName="FormatToStringTest1000 (23548.88067407016,23548.88 zł)" computerName="DESKTOP-5URQ9PB" duration="00:00:00.0000064" startTime="2022-06-13T21:11:52.0468547+02:00" endTime="2022-06-13T21:11:52.0469356+02:00" testType="13cdc9d9-ddb5-4fa4-a97d-d965ccfc6d4b" outcome="Passed" testListId="8c84fa94-04c1-424b-9868-57a2d4851a1d" relativeResultsDirectory="3ad9f065-fde3-4513-ae77-2aee51333e98" />
    <UnitTestResult executionId="fe797d8b-f9b8-41fe-8207-090a6d88c176" testId="01139e4e-7c10-479b-9f8a-7e3ec4e4b87b" testName="FormatToStringTest1000 (1751.7703038522834,1751.77 zł)" computerName="DESKTOP-5URQ9PB" duration="00:00:00.0000064" startTime="2022-06-13T21:11:52.1319988+02:00" endTime="2022-06-13T21:11:52.1320683+02:00" testType="13cdc9d9-ddb5-4fa4-a97d-d965ccfc6d4b" outcome="Passed" testListId="8c84fa94-04c1-424b-9868-57a2d4851a1d" relativeResultsDirectory="fe797d8b-f9b8-41fe-8207-090a6d88c176" />
    <UnitTestResult executionId="14df5901-144d-4068-9e9c-b772b62630ff" testId="7eca7fea-ca83-451d-b995-728408d5bbfa" testName="FormatToStringTest1000 (7119.076353227755,7119.08 zł)" computerName="DESKTOP-5URQ9PB" duration="00:00:00.0000075" startTime="2022-06-13T21:11:52.1776517+02:00" endTime="2022-06-13T21:11:52.1777334+02:00" testType="13cdc9d9-ddb5-4fa4-a97d-d965ccfc6d4b" outcome="Passed" testListId="8c84fa94-04c1-424b-9868-57a2d4851a1d" relativeResultsDirectory="14df5901-144d-4068-9e9c-b772b62630ff" />
    <UnitTestResult executionId="a86f2913-5552-4d9f-8ae4-bb36d0d0eb59" testId="56838048-f81a-4179-a37b-aa8a8cc6cde5" testName="FormatToStringTest1000 (6173.0243155793405,6173.02 zł)" computerName="DESKTOP-5URQ9PB" duration="00:00:00.0000061" startTime="2022-06-13T21:11:52.1878582+02:00" endTime="2022-06-13T21:11:52.1879245+02:00" testType="13cdc9d9-ddb5-4fa4-a97d-d965ccfc6d4b" outcome="Passed" testListId="8c84fa94-04c1-424b-9868-57a2d4851a1d" relativeResultsDirectory="a86f2913-5552-4d9f-8ae4-bb36d0d0eb59" />
    <UnitTestResult executionId="121bc736-2481-4cdb-9a90-fe048ca167f6" testId="7ba694e2-efaa-4756-84da-8984f6971a91" testName="FormatToStringTest1000 (9068.70019550468,9068.70 zł)" computerName="DESKTOP-5URQ9PB" duration="00:00:00.0000063" startTime="2022-06-13T21:11:52.0759877+02:00" endTime="2022-06-13T21:11:52.0760534+02:00" testType="13cdc9d9-ddb5-4fa4-a97d-d965ccfc6d4b" outcome="Passed" testListId="8c84fa94-04c1-424b-9868-57a2d4851a1d" relativeResultsDirectory="121bc736-2481-4cdb-9a90-fe048ca167f6" />
    <UnitTestResult executionId="70e034b4-8b23-4a94-a6dc-6f668ad06be4" testId="402ed091-0243-4952-ab28-fb1189117fed" testName="FormatToStringTest1000 (11157.981051815665,11157.98 zł)" computerName="DESKTOP-5URQ9PB" duration="00:00:00.0000062" startTime="2022-06-13T21:11:52.1028839+02:00" endTime="2022-06-13T21:11:52.1029519+02:00" testType="13cdc9d9-ddb5-4fa4-a97d-d965ccfc6d4b" outcome="Passed" testListId="8c84fa94-04c1-424b-9868-57a2d4851a1d" relativeResultsDirectory="70e034b4-8b23-4a94-a6dc-6f668ad06be4" />
    <UnitTestResult executionId="9a57fad5-be2c-4c39-a425-96a4cfebe930" testId="1593b8e1-5724-45f5-95aa-2e5a87721f06" testName="FormatToStringTest1000 (7592.950837113406,7592.95 zł)" computerName="DESKTOP-5URQ9PB" duration="00:00:00.0000062" startTime="2022-06-13T21:11:51.9804259+02:00" endTime="2022-06-13T21:11:51.9805002+02:00" testType="13cdc9d9-ddb5-4fa4-a97d-d965ccfc6d4b" outcome="Passed" testListId="8c84fa94-04c1-424b-9868-57a2d4851a1d" relativeResultsDirectory="9a57fad5-be2c-4c39-a425-96a4cfebe930" />
    <UnitTestResult executionId="159b64a2-fcdf-4440-b184-587e2f41537b" testId="38f99343-78f8-4621-802d-14276705d300" testName="FormatToStringTest1000 (56378.261944644735,56378.26 zł)" computerName="DESKTOP-5URQ9PB" duration="00:00:00.0000060" startTime="2022-06-13T21:11:52.0661134+02:00" endTime="2022-06-13T21:11:52.0661798+02:00" testType="13cdc9d9-ddb5-4fa4-a97d-d965ccfc6d4b" outcome="Passed" testListId="8c84fa94-04c1-424b-9868-57a2d4851a1d" relativeResultsDirectory="159b64a2-fcdf-4440-b184-587e2f41537b" />
    <UnitTestResult executionId="8c2ea730-db65-4932-8f99-63b8416aadf7" testId="e9aa85ae-a8ae-4bf9-9bb2-3c6f67395600" testName="FormatToStringTest1000 (4030.673117592313,4030.67 zł)" computerName="DESKTOP-5URQ9PB" duration="00:00:00.0000062" startTime="2022-06-13T21:11:52.0727760+02:00" endTime="2022-06-13T21:11:52.0728419+02:00" testType="13cdc9d9-ddb5-4fa4-a97d-d965ccfc6d4b" outcome="Passed" testListId="8c84fa94-04c1-424b-9868-57a2d4851a1d" relativeResultsDirectory="8c2ea730-db65-4932-8f99-63b8416aadf7" />
    <UnitTestResult executionId="695325a0-9af5-4c10-a297-975c14bf1743" testId="41e46ef9-5617-471a-a81d-ea7dfdf6c9ba" testName="FormatToStringTest1000 (14218.204344010543,14218.20 zł)" computerName="DESKTOP-5URQ9PB" duration="00:00:00.0000064" startTime="2022-06-13T21:11:52.2395642+02:00" endTime="2022-06-13T21:11:52.2396313+02:00" testType="13cdc9d9-ddb5-4fa4-a97d-d965ccfc6d4b" outcome="Passed" testListId="8c84fa94-04c1-424b-9868-57a2d4851a1d" relativeResultsDirectory="695325a0-9af5-4c10-a297-975c14bf1743" />
    <UnitTestResult executionId="63bf0ab3-9583-41fd-9e72-011b35830b0c" testId="4717814c-2a8f-4f51-ac23-434ad0b8bc79" testName="FormatToStringTest1000 (10501.127379151585,10501.13 zł)" computerName="DESKTOP-5URQ9PB" duration="00:00:00.0000094" startTime="2022-06-13T21:11:52.0892910+02:00" endTime="2022-06-13T21:11:52.0893793+02:00" testType="13cdc9d9-ddb5-4fa4-a97d-d965ccfc6d4b" outcome="Passed" testListId="8c84fa94-04c1-424b-9868-57a2d4851a1d" relativeResultsDirectory="63bf0ab3-9583-41fd-9e72-011b35830b0c" />
    <UnitTestResult executionId="5ecdb84d-132f-4129-9558-ea2fe5298b54" testId="259384cf-2d88-4333-b6cd-b6f8111ae6a2" testName="FormatToStringTest1000 (58902.704109088845,58902.70 zł)" computerName="DESKTOP-5URQ9PB" duration="00:00:00.0000061" startTime="2022-06-13T21:11:52.2555047+02:00" endTime="2022-06-13T21:11:52.2555691+02:00" testType="13cdc9d9-ddb5-4fa4-a97d-d965ccfc6d4b" outcome="Passed" testListId="8c84fa94-04c1-424b-9868-57a2d4851a1d" relativeResultsDirectory="5ecdb84d-132f-4129-9558-ea2fe5298b54" />
    <UnitTestResult executionId="8f9ce609-6be6-425a-a41c-efb012016891" testId="dcfaa0c4-2a60-402a-966a-01d503188f91" testName="FormatToStringTest1000 (1313.0279238368514,1313.03 zł)" computerName="DESKTOP-5URQ9PB" duration="00:00:00.0000061" startTime="2022-06-13T21:11:52.2141010+02:00" endTime="2022-06-13T21:11:52.2141645+02:00" testType="13cdc9d9-ddb5-4fa4-a97d-d965ccfc6d4b" outcome="Passed" testListId="8c84fa94-04c1-424b-9868-57a2d4851a1d" relativeResultsDirectory="8f9ce609-6be6-425a-a41c-efb012016891" />
    <UnitTestResult executionId="e0aebb5e-060e-43df-8da9-c2ef814c336d" testId="0dfa7668-604b-4c6b-bf22-42f64522ae62" testName="FormatToStringTest1000 (55782.67998761762,55782.68 zł)" computerName="DESKTOP-5URQ9PB" duration="00:00:00.0000060" startTime="2022-06-13T21:11:52.0021037+02:00" endTime="2022-06-13T21:11:52.0021711+02:00" testType="13cdc9d9-ddb5-4fa4-a97d-d965ccfc6d4b" outcome="Passed" testListId="8c84fa94-04c1-424b-9868-57a2d4851a1d" relativeResultsDirectory="e0aebb5e-060e-43df-8da9-c2ef814c336d" />
    <UnitTestResult executionId="60c4bd37-d148-490d-a64d-b66a71caa905" testId="65e7100a-9e23-4490-9140-3b7d788886b7" testName="FormatToStringTest1000 (48654.65723134794,48654.66 zł)" computerName="DESKTOP-5URQ9PB" duration="00:00:00.0000069" startTime="2022-06-13T21:11:52.0723945+02:00" endTime="2022-06-13T21:11:52.0724808+02:00" testType="13cdc9d9-ddb5-4fa4-a97d-d965ccfc6d4b" outcome="Passed" testListId="8c84fa94-04c1-424b-9868-57a2d4851a1d" relativeResultsDirectory="60c4bd37-d148-490d-a64d-b66a71caa905" />
    <UnitTestResult executionId="ab47f339-b6f0-459f-aa26-45bd00e3e731" testId="8109c001-d65d-413e-9e08-46fcfcaa491a" testName="FormatToStringTest1000 (759.247198292635,759.25 zł)" computerName="DESKTOP-5URQ9PB" duration="00:00:00.0000067" startTime="2022-06-13T21:11:52.0542195+02:00" endTime="2022-06-13T21:11:52.0542937+02:00" testType="13cdc9d9-ddb5-4fa4-a97d-d965ccfc6d4b" outcome="Passed" testListId="8c84fa94-04c1-424b-9868-57a2d4851a1d" relativeResultsDirectory="ab47f339-b6f0-459f-aa26-45bd00e3e731" />
    <UnitTestResult executionId="d9d9df82-795e-49ba-852d-466ab4f10e83" testId="1cd20283-df32-4c23-8ef7-0232fb1c1ef0" testName="FormatToStringTest1000 (11430.666613002619,11430.67 zł)" computerName="DESKTOP-5URQ9PB" duration="00:00:00.0000062" startTime="2022-06-13T21:11:52.0188646+02:00" endTime="2022-06-13T21:11:52.0189326+02:00" testType="13cdc9d9-ddb5-4fa4-a97d-d965ccfc6d4b" outcome="Passed" testListId="8c84fa94-04c1-424b-9868-57a2d4851a1d" relativeResultsDirectory="d9d9df82-795e-49ba-852d-466ab4f10e83" />
    <UnitTestResult executionId="08a59627-badd-4bf3-ad4c-fc1bf25b5e62" testId="4c9eb7c2-e55c-4bda-8a04-e7fd6f7fed84" testName="FormatToStringTest1000 (54724.71040318008,54724.71 zł)" computerName="DESKTOP-5URQ9PB" duration="00:00:00.0000090" startTime="2022-06-13T21:11:52.0217447+02:00" endTime="2022-06-13T21:11:52.0218605+02:00" testType="13cdc9d9-ddb5-4fa4-a97d-d965ccfc6d4b" outcome="Passed" testListId="8c84fa94-04c1-424b-9868-57a2d4851a1d" relativeResultsDirectory="08a59627-badd-4bf3-ad4c-fc1bf25b5e62" />
    <UnitTestResult executionId="58128778-324b-4422-b7db-dfa651fe9af1" testId="108dd3a6-83fb-4bb3-9325-f2a1781bceac" testName="FormatToStringTest1000 (23649.104642116046,23649.10 zł)" computerName="DESKTOP-5URQ9PB" duration="00:00:00.0000068" startTime="2022-06-13T21:11:52.1062561+02:00" endTime="2022-06-13T21:11:52.1063349+02:00" testType="13cdc9d9-ddb5-4fa4-a97d-d965ccfc6d4b" outcome="Passed" testListId="8c84fa94-04c1-424b-9868-57a2d4851a1d" relativeResultsDirectory="58128778-324b-4422-b7db-dfa651fe9af1" />
    <UnitTestResult executionId="15c6241e-64b4-46d7-bbb1-ba4cc7dcc772" testId="f00b3e65-e371-484f-a886-320944b18d6d" testName="FormatToStringTest1000 (464.74397441965715,464.74 zł)" computerName="DESKTOP-5URQ9PB" duration="00:00:00.0000278" startTime="2022-06-13T21:11:52.1499045+02:00" endTime="2022-06-13T21:11:52.1502291+02:00" testType="13cdc9d9-ddb5-4fa4-a97d-d965ccfc6d4b" outcome="Passed" testListId="8c84fa94-04c1-424b-9868-57a2d4851a1d" relativeResultsDirectory="15c6241e-64b4-46d7-bbb1-ba4cc7dcc772" />
    <UnitTestResult executionId="23da72b8-440d-4cbb-820c-2167201b6775" testId="c51f4af6-10e0-4dd6-b2a4-7912ae03823a" testName="FormatToStringTest1000 (2963.24443391815,2963.24 zł)" computerName="DESKTOP-5URQ9PB" duration="00:00:00.0000076" startTime="2022-06-13T21:11:52.1606771+02:00" endTime="2022-06-13T21:11:52.1607613+02:00" testType="13cdc9d9-ddb5-4fa4-a97d-d965ccfc6d4b" outcome="Passed" testListId="8c84fa94-04c1-424b-9868-57a2d4851a1d" relativeResultsDirectory="23da72b8-440d-4cbb-820c-2167201b6775" />
    <UnitTestResult executionId="a72b9ca6-ccb2-44c6-9dd3-43f1757d4fe0" testId="7157d966-d190-4c93-b99c-d08007537674" testName="FormatToStringTest1000 (14910.573044539697,14910.57 zł)" computerName="DESKTOP-5URQ9PB" duration="00:00:00.0000062" startTime="2022-06-13T21:11:52.2827509+02:00" endTime="2022-06-13T21:11:52.2828151+02:00" testType="13cdc9d9-ddb5-4fa4-a97d-d965ccfc6d4b" outcome="Passed" testListId="8c84fa94-04c1-424b-9868-57a2d4851a1d" relativeResultsDirectory="a72b9ca6-ccb2-44c6-9dd3-43f1757d4fe0" />
    <UnitTestResult executionId="85630da8-0dbe-4d9f-ac2c-9de5589d6ce3" testId="a012e662-fd51-4af1-9aba-95c3aeae27ca" testName="FormatToStringTest1000 (40545.70748620001,40545.71 zł)" computerName="DESKTOP-5URQ9PB" duration="00:00:00.0000092" startTime="2022-06-13T21:11:52.2446172+02:00" endTime="2022-06-13T21:11:52.2447191+02:00" testType="13cdc9d9-ddb5-4fa4-a97d-d965ccfc6d4b" outcome="Passed" testListId="8c84fa94-04c1-424b-9868-57a2d4851a1d" relativeResultsDirectory="85630da8-0dbe-4d9f-ac2c-9de5589d6ce3" />
    <UnitTestResult executionId="46bafba6-1c01-4ae6-98fa-bc8b557a7872" testId="3e0c0d44-13a3-4b2b-9782-03ccb127014f" testName="FormatToStringTest1000 (15313.083673952653,15313.08 zł)" computerName="DESKTOP-5URQ9PB" duration="00:00:00.0000126" startTime="2022-06-13T21:11:52.0852228+02:00" endTime="2022-06-13T21:11:52.0853941+02:00" testType="13cdc9d9-ddb5-4fa4-a97d-d965ccfc6d4b" outcome="Passed" testListId="8c84fa94-04c1-424b-9868-57a2d4851a1d" relativeResultsDirectory="46bafba6-1c01-4ae6-98fa-bc8b557a7872" />
    <UnitTestResult executionId="8cf04fad-6985-49de-b100-b744c0efd0e6" testId="5789e8d2-090d-4fbf-b3df-9b74bf9912b2" testName="FormatToStringTest1000 (2883.637133003975,2883.64 zł)" computerName="DESKTOP-5URQ9PB" duration="00:00:00.0000062" startTime="2022-06-13T21:11:52.2254580+02:00" endTime="2022-06-13T21:11:52.2255227+02:00" testType="13cdc9d9-ddb5-4fa4-a97d-d965ccfc6d4b" outcome="Passed" testListId="8c84fa94-04c1-424b-9868-57a2d4851a1d" relativeResultsDirectory="8cf04fad-6985-49de-b100-b744c0efd0e6" />
    <UnitTestResult executionId="06cdba63-ecb2-47c6-91fe-db4ab7dbea2d" testId="2b2a00b4-7e5b-4e2d-ad65-9825dbfef4ef" testName="FormatToStringTest1000 (16825.83099003268,16825.83 zł)" computerName="DESKTOP-5URQ9PB" duration="00:00:00.0000062" startTime="2022-06-13T21:11:52.2047944+02:00" endTime="2022-06-13T21:11:52.2048581+02:00" testType="13cdc9d9-ddb5-4fa4-a97d-d965ccfc6d4b" outcome="Passed" testListId="8c84fa94-04c1-424b-9868-57a2d4851a1d" relativeResultsDirectory="06cdba63-ecb2-47c6-91fe-db4ab7dbea2d" />
    <UnitTestResult executionId="542a2877-9ffe-4c8a-b97b-6e06af7bb2c9" testId="9d4b94c2-029a-46d8-9579-711958880f16" testName="FormatToStringTest1000 (13453.429998117233,13453.43 zł)" computerName="DESKTOP-5URQ9PB" duration="00:00:00.0000062" startTime="2022-06-13T21:11:52.2068032+02:00" endTime="2022-06-13T21:11:52.2068745+02:00" testType="13cdc9d9-ddb5-4fa4-a97d-d965ccfc6d4b" outcome="Passed" testListId="8c84fa94-04c1-424b-9868-57a2d4851a1d" relativeResultsDirectory="542a2877-9ffe-4c8a-b97b-6e06af7bb2c9" />
    <UnitTestResult executionId="1b2cf4d0-12ce-4462-aa4c-c0dc929720ee" testId="94039132-b2ec-4767-a718-db6c1ba18be5" testName="FormatToStringTest1000 (34062.88803158276,34062.89 zł)" computerName="DESKTOP-5URQ9PB" duration="00:00:00.0000083" startTime="2022-06-13T21:11:52.2571772+02:00" endTime="2022-06-13T21:11:52.2572645+02:00" testType="13cdc9d9-ddb5-4fa4-a97d-d965ccfc6d4b" outcome="Passed" testListId="8c84fa94-04c1-424b-9868-57a2d4851a1d" relativeResultsDirectory="1b2cf4d0-12ce-4462-aa4c-c0dc929720ee" />
    <UnitTestResult executionId="6ae51a1c-74cb-4662-b941-7871b1fa8339" testId="68d053db-5b45-4160-9b59-f775b6401047" testName="FormatToStringTest1000 (39178.05988345298,39178.06 zł)" computerName="DESKTOP-5URQ9PB" duration="00:00:00.0000078" startTime="2022-06-13T21:11:51.9677032+02:00" endTime="2022-06-13T21:11:51.9678019+02:00" testType="13cdc9d9-ddb5-4fa4-a97d-d965ccfc6d4b" outcome="Passed" testListId="8c84fa94-04c1-424b-9868-57a2d4851a1d" relativeResultsDirectory="6ae51a1c-74cb-4662-b941-7871b1fa8339" />
    <UnitTestResult executionId="2c4ae137-9c7a-45da-a12d-ddd5b9a7c79b" testId="66d8540d-5801-40a5-bcf4-447fe5190c48" testName="FormatToStringTest1000 (12429.698213906819,12429.70 zł)" computerName="DESKTOP-5URQ9PB" duration="00:00:00.0000060" startTime="2022-06-13T21:11:52.0996370+02:00" endTime="2022-06-13T21:11:52.0997064+02:00" testType="13cdc9d9-ddb5-4fa4-a97d-d965ccfc6d4b" outcome="Passed" testListId="8c84fa94-04c1-424b-9868-57a2d4851a1d" relativeResultsDirectory="2c4ae137-9c7a-45da-a12d-ddd5b9a7c79b" />
    <UnitTestResult executionId="e25cb42a-9c5e-4ebc-808b-9a734db42a3e" testId="4cadacc7-6d36-4f84-9d05-cfd961ba2662" testName="FormatToStringTest1000 (14172.682747822573,14172.68 zł)" computerName="DESKTOP-5URQ9PB" duration="00:00:00.0000068" startTime="2022-06-13T21:11:51.9445592+02:00" endTime="2022-06-13T21:11:51.9446406+02:00" testType="13cdc9d9-ddb5-4fa4-a97d-d965ccfc6d4b" outcome="Passed" testListId="8c84fa94-04c1-424b-9868-57a2d4851a1d" relativeResultsDirectory="e25cb42a-9c5e-4ebc-808b-9a734db42a3e" />
    <UnitTestResult executionId="7184729d-f5e6-40cb-8bec-906448d1739b" testId="1f169942-c6a2-439f-a36a-04c9cac2879b" testName="FormatToStringTest1000 (4555.538255205163,4555.54 zł)" computerName="DESKTOP-5URQ9PB" duration="00:00:00.0000119" startTime="2022-06-13T21:11:52.0787407+02:00" endTime="2022-06-13T21:11:52.0789097+02:00" testType="13cdc9d9-ddb5-4fa4-a97d-d965ccfc6d4b" outcome="Passed" testListId="8c84fa94-04c1-424b-9868-57a2d4851a1d" relativeResultsDirectory="7184729d-f5e6-40cb-8bec-906448d1739b" />
    <UnitTestResult executionId="331a3f89-1b55-44b8-a23c-cc309c827228" testId="a7cf39eb-e0b1-433a-826f-7836321e6b5c" testName="FormatToStringTest1000 (41972.39431566763,41972.39 zł)" computerName="DESKTOP-5URQ9PB" duration="00:00:00.0000092" startTime="2022-06-13T21:11:52.1241779+02:00" endTime="2022-06-13T21:11:52.1243119+02:00" testType="13cdc9d9-ddb5-4fa4-a97d-d965ccfc6d4b" outcome="Passed" testListId="8c84fa94-04c1-424b-9868-57a2d4851a1d" relativeResultsDirectory="331a3f89-1b55-44b8-a23c-cc309c827228" />
    <UnitTestResult executionId="01cce501-3b18-43e4-9cc3-04ebb1f4e5d2" testId="581abfd5-bf37-4bb8-98d9-9aaa1adf4371" testName="FormatToStringTest1000 (26686.08488193065,26686.08 zł)" computerName="DESKTOP-5URQ9PB" duration="00:00:00.0000071" startTime="2022-06-13T21:11:52.1734303+02:00" endTime="2022-06-13T21:11:52.1735090+02:00" testType="13cdc9d9-ddb5-4fa4-a97d-d965ccfc6d4b" outcome="Passed" testListId="8c84fa94-04c1-424b-9868-57a2d4851a1d" relativeResultsDirectory="01cce501-3b18-43e4-9cc3-04ebb1f4e5d2" />
    <UnitTestResult executionId="e9e7650e-0694-4ea2-85fc-f5f944f2dab0" testId="ccd66002-cac1-4f67-9d13-b09215826853" testName="FormatToStringTest1000 (37561.969571757116,37561.97 zł)" computerName="DESKTOP-5URQ9PB" duration="00:00:00.0000063" startTime="2022-06-13T21:11:52.0894932+02:00" endTime="2022-06-13T21:11:52.0895668+02:00" testType="13cdc9d9-ddb5-4fa4-a97d-d965ccfc6d4b" outcome="Passed" testListId="8c84fa94-04c1-424b-9868-57a2d4851a1d" relativeResultsDirectory="e9e7650e-0694-4ea2-85fc-f5f944f2dab0" />
    <UnitTestResult executionId="1fb2c988-28d1-43af-a9a5-baf5e6047b15" testId="18e339eb-80aa-44c4-a49d-27a9d30a0cd3" testName="FormatToStringTest1000 (8802.811382028653,8802.81 zł)" computerName="DESKTOP-5URQ9PB" duration="00:00:00.0000061" startTime="2022-06-13T21:11:52.0330063+02:00" endTime="2022-06-13T21:11:52.0330728+02:00" testType="13cdc9d9-ddb5-4fa4-a97d-d965ccfc6d4b" outcome="Passed" testListId="8c84fa94-04c1-424b-9868-57a2d4851a1d" relativeResultsDirectory="1fb2c988-28d1-43af-a9a5-baf5e6047b15" />
    <UnitTestResult executionId="eea99785-9781-488b-81c4-a5225b34753a" testId="25d2a1c0-7875-480e-b608-97e31d180c97" testName="FormatToStringTest1000 (801.5720517614726,801.57 zł)" computerName="DESKTOP-5URQ9PB" duration="00:00:00.0000092" startTime="2022-06-13T21:11:52.0994895+02:00" endTime="2022-06-13T21:11:52.0996094+02:00" testType="13cdc9d9-ddb5-4fa4-a97d-d965ccfc6d4b" outcome="Passed" testListId="8c84fa94-04c1-424b-9868-57a2d4851a1d" relativeResultsDirectory="eea99785-9781-488b-81c4-a5225b34753a" />
    <UnitTestResult executionId="a63ffcb6-1581-4ae8-b0ea-8654644d16f1" testId="530aa68b-4820-4c1d-9d16-ed867f10fb05" testName="FormatToStringTest1000 (740.3213011405064,740.32 zł)" computerName="DESKTOP-5URQ9PB" duration="00:00:00.0000065" startTime="2022-06-13T21:11:51.9450804+02:00" endTime="2022-06-13T21:11:51.9451628+02:00" testType="13cdc9d9-ddb5-4fa4-a97d-d965ccfc6d4b" outcome="Passed" testListId="8c84fa94-04c1-424b-9868-57a2d4851a1d" relativeResultsDirectory="a63ffcb6-1581-4ae8-b0ea-8654644d16f1" />
    <UnitTestResult executionId="d8e3dad1-8d57-4486-a8e4-43322d99a232" testId="a8d61dff-8d7d-4e6b-a7ce-72ac9bec3a8f" testName="FormatToStringTest1000 (63507.32603545455,63507.33 zł)" computerName="DESKTOP-5URQ9PB" duration="00:00:00.0000077" startTime="2022-06-13T21:11:51.9684504+02:00" endTime="2022-06-13T21:11:51.9685469+02:00" testType="13cdc9d9-ddb5-4fa4-a97d-d965ccfc6d4b" outcome="Passed" testListId="8c84fa94-04c1-424b-9868-57a2d4851a1d" relativeResultsDirectory="d8e3dad1-8d57-4486-a8e4-43322d99a232" />
    <UnitTestResult executionId="1f210997-eb87-4307-85ed-d445cec042c8" testId="ef3a3cd9-16d8-43e8-8c0a-7815ff08654d" testName="FormatToStringTest1000 (57237.252356975456,57237.25 zł)" computerName="DESKTOP-5URQ9PB" duration="00:00:00.0000061" startTime="2022-06-13T21:11:52.2676947+02:00" endTime="2022-06-13T21:11:52.2677582+02:00" testType="13cdc9d9-ddb5-4fa4-a97d-d965ccfc6d4b" outcome="Passed" testListId="8c84fa94-04c1-424b-9868-57a2d4851a1d" relativeResultsDirectory="1f210997-eb87-4307-85ed-d445cec042c8" />
    <UnitTestResult executionId="094046a9-53af-4317-a45a-afabd6fa69bf" testId="e98ebd92-28b5-4f12-8307-5eaf1ef9b8d5" testName="FormatToStringTest1000 (11871.427211910219,11871.43 zł)" computerName="DESKTOP-5URQ9PB" duration="00:00:00.0000061" startTime="2022-06-13T21:11:52.1608653+02:00" endTime="2022-06-13T21:11:52.1609309+02:00" testType="13cdc9d9-ddb5-4fa4-a97d-d965ccfc6d4b" outcome="Passed" testListId="8c84fa94-04c1-424b-9868-57a2d4851a1d" relativeResultsDirectory="094046a9-53af-4317-a45a-afabd6fa69bf" />
    <UnitTestResult executionId="93c6fa56-85e7-4ce6-ae06-b3a705bd2c6a" testId="3db03fdf-bd76-4453-957f-6bec05fb305f" testName="FormatToStringTest1000 (9818.257405763146,9818.26 zł)" computerName="DESKTOP-5URQ9PB" duration="00:00:00.0000061" startTime="2022-06-13T21:11:52.2118214+02:00" endTime="2022-06-13T21:11:52.2118857+02:00" testType="13cdc9d9-ddb5-4fa4-a97d-d965ccfc6d4b" outcome="Passed" testListId="8c84fa94-04c1-424b-9868-57a2d4851a1d" relativeResultsDirectory="93c6fa56-85e7-4ce6-ae06-b3a705bd2c6a" />
    <UnitTestResult executionId="54be78a0-7298-4ddc-8d3c-c62777ea1dc1" testId="cd55e5e9-5691-41ef-b191-2a2b390d9836" testName="FormatToStringTest1000 (10857.521742201186,10857.52 zł)" computerName="DESKTOP-5URQ9PB" duration="00:00:00.0000064" startTime="2022-06-13T21:11:52.2256204+02:00" endTime="2022-06-13T21:11:52.2256884+02:00" testType="13cdc9d9-ddb5-4fa4-a97d-d965ccfc6d4b" outcome="Passed" testListId="8c84fa94-04c1-424b-9868-57a2d4851a1d" relativeResultsDirectory="54be78a0-7298-4ddc-8d3c-c62777ea1dc1" />
    <UnitTestResult executionId="2c7f3489-4c71-4e20-a670-62e7aa8a04d5" testId="cd44a99f-8431-4fd1-bdd7-6631c8546e3d" testName="FormatToStringTest1000 (71554.9786298829,71554.98 zł)" computerName="DESKTOP-5URQ9PB" duration="00:00:00.0000063" startTime="2022-06-13T21:11:52.2123125+02:00" endTime="2022-06-13T21:11:52.2123756+02:00" testType="13cdc9d9-ddb5-4fa4-a97d-d965ccfc6d4b" outcome="Passed" testListId="8c84fa94-04c1-424b-9868-57a2d4851a1d" relativeResultsDirectory="2c7f3489-4c71-4e20-a670-62e7aa8a04d5" />
    <UnitTestResult executionId="d3e67016-8472-4416-bf8a-8531f21efd93" testId="f2ee0d63-e626-4755-b6e9-168f08d31ff1" testName="FormatToStringTest1000 (9928.477822322622,9928.48 zł)" computerName="DESKTOP-5URQ9PB" duration="00:00:00.0000060" startTime="2022-06-13T21:11:52.1881913+02:00" endTime="2022-06-13T21:11:52.1882561+02:00" testType="13cdc9d9-ddb5-4fa4-a97d-d965ccfc6d4b" outcome="Passed" testListId="8c84fa94-04c1-424b-9868-57a2d4851a1d" relativeResultsDirectory="d3e67016-8472-4416-bf8a-8531f21efd93" />
    <UnitTestResult executionId="1df2bf57-1d11-4f49-9c24-dd2126e92ca3" testId="e9ee0c0b-8227-4569-98df-903e249a8ea9" testName="FormatToStringTest1000 (57564.498126061866,57564.50 zł)" computerName="DESKTOP-5URQ9PB" duration="00:00:00.0000061" startTime="2022-06-13T21:11:51.9989532+02:00" endTime="2022-06-13T21:11:51.9990197+02:00" testType="13cdc9d9-ddb5-4fa4-a97d-d965ccfc6d4b" outcome="Passed" testListId="8c84fa94-04c1-424b-9868-57a2d4851a1d" relativeResultsDirectory="1df2bf57-1d11-4f49-9c24-dd2126e92ca3" />
    <UnitTestResult executionId="9db85646-88da-46e6-ad63-87637e80b2bf" testId="bab9175c-e584-4d17-bf1c-71f3d81760a2" testName="FormatToStringTest1000 (70432.00656616595,70432.01 zł)" computerName="DESKTOP-5URQ9PB" duration="00:00:00.0000093" startTime="2022-06-13T21:11:52.2479800+02:00" endTime="2022-06-13T21:11:52.2480805+02:00" testType="13cdc9d9-ddb5-4fa4-a97d-d965ccfc6d4b" outcome="Passed" testListId="8c84fa94-04c1-424b-9868-57a2d4851a1d" relativeResultsDirectory="9db85646-88da-46e6-ad63-87637e80b2bf" />
    <UnitTestResult executionId="e4093b93-4801-4a84-b463-7d13df25c034" testId="2b41707e-34f4-49d3-a4eb-c1a899608117" testName="FormatToStringTest1000 (5398.2412667191775,5398.24 zł)" computerName="DESKTOP-5URQ9PB" duration="00:00:00.0000061" startTime="2022-06-13T21:11:52.2594660+02:00" endTime="2022-06-13T21:11:52.2595302+02:00" testType="13cdc9d9-ddb5-4fa4-a97d-d965ccfc6d4b" outcome="Passed" testListId="8c84fa94-04c1-424b-9868-57a2d4851a1d" relativeResultsDirectory="e4093b93-4801-4a84-b463-7d13df25c034" />
    <UnitTestResult executionId="d8ab1dde-c16f-4de0-916d-6c5e0f310fe4" testId="156a0ddd-e94a-46de-9410-bc55a153a7be" testName="FormatToStringTest1000 (30383.303633991305,30383.30 zł)" computerName="DESKTOP-5URQ9PB" duration="00:00:00.0000062" startTime="2022-06-13T21:11:52.2593842+02:00" endTime="2022-06-13T21:11:52.2594493+02:00" testType="13cdc9d9-ddb5-4fa4-a97d-d965ccfc6d4b" outcome="Passed" testListId="8c84fa94-04c1-424b-9868-57a2d4851a1d" relativeResultsDirectory="d8ab1dde-c16f-4de0-916d-6c5e0f310fe4" />
    <UnitTestResult executionId="2522afa7-1ada-4730-9f89-d33131d445ae" testId="cfc78365-a45b-47f8-a3a2-896a225f6c4b" testName="FormatToStringTest1000 (3506.8456124108498,3506.85 zł)" computerName="DESKTOP-5URQ9PB" duration="00:00:00.0000127" startTime="2022-06-13T21:11:52.0017230+02:00" endTime="2022-06-13T21:11:52.0018940+02:00" testType="13cdc9d9-ddb5-4fa4-a97d-d965ccfc6d4b" outcome="Passed" testListId="8c84fa94-04c1-424b-9868-57a2d4851a1d" relativeResultsDirectory="2522afa7-1ada-4730-9f89-d33131d445ae" />
    <UnitTestResult executionId="ee0deebc-dc5a-4292-81bc-00fba434167b" testId="ea32f8c9-d8d9-4fda-a336-22613f650a9b" testName="FormatToStringTest1000 (15742.409864349947,15742.41 zł)" computerName="DESKTOP-5URQ9PB" duration="00:00:00.0000068" startTime="2022-06-13T21:11:52.1735275+02:00" endTime="2022-06-13T21:11:52.1735947+02:00" testType="13cdc9d9-ddb5-4fa4-a97d-d965ccfc6d4b" outcome="Passed" testListId="8c84fa94-04c1-424b-9868-57a2d4851a1d" relativeResultsDirectory="ee0deebc-dc5a-4292-81bc-00fba434167b" />
    <UnitTestResult executionId="f7fbd760-cfc9-4ac5-85fc-c7c106ff19c7" testId="e351f6c9-51d6-4d04-9e61-1a9d7c872a0d" testName="FormatToStringTest1000 (12831.146874380833,12831.15 zł)" computerName="DESKTOP-5URQ9PB" duration="00:00:00.0000062" startTime="2022-06-13T21:11:52.1094108+02:00" endTime="2022-06-13T21:11:52.1094776+02:00" testType="13cdc9d9-ddb5-4fa4-a97d-d965ccfc6d4b" outcome="Passed" testListId="8c84fa94-04c1-424b-9868-57a2d4851a1d" relativeResultsDirectory="f7fbd760-cfc9-4ac5-85fc-c7c106ff19c7" />
    <UnitTestResult executionId="a4391660-0c0b-4ffe-8d91-85ec4fbf9869" testId="5df12df4-43cd-42e6-8ae2-cc9e09e0d5c2" testName="FormatToStringTest1000 (72659.37876478041,72659.38 zł)" computerName="DESKTOP-5URQ9PB" duration="00:00:00.0000074" startTime="2022-06-13T21:11:52.2063164+02:00" endTime="2022-06-13T21:11:52.2064223+02:00" testType="13cdc9d9-ddb5-4fa4-a97d-d965ccfc6d4b" outcome="Passed" testListId="8c84fa94-04c1-424b-9868-57a2d4851a1d" relativeResultsDirectory="a4391660-0c0b-4ffe-8d91-85ec4fbf9869" />
    <UnitTestResult executionId="d6ecdb98-a84a-475f-bbbd-25e3ca645eb2" testId="6a06b8ac-6fc5-47e6-aa6d-65e6ea557c93" testName="FormatToStringTest1000 (16210.791556035536,16210.79 zł)" computerName="DESKTOP-5URQ9PB" duration="00:00:00.0000063" startTime="2022-06-13T21:11:52.2197617+02:00" endTime="2022-06-13T21:11:52.2198259+02:00" testType="13cdc9d9-ddb5-4fa4-a97d-d965ccfc6d4b" outcome="Passed" testListId="8c84fa94-04c1-424b-9868-57a2d4851a1d" relativeResultsDirectory="d6ecdb98-a84a-475f-bbbd-25e3ca645eb2" />
    <UnitTestResult executionId="ca11fc95-8502-4563-9323-cd03a262ea1f" testId="891574d6-a80c-4216-ad60-559ef7c6a92f" testName="FormatToStringTest1000 (45603.90324273142,45603.90 zł)" computerName="DESKTOP-5URQ9PB" duration="00:00:00.0000061" startTime="2022-06-13T21:11:51.9346585+02:00" endTime="2022-06-13T21:11:51.9347253+02:00" testType="13cdc9d9-ddb5-4fa4-a97d-d965ccfc6d4b" outcome="Passed" testListId="8c84fa94-04c1-424b-9868-57a2d4851a1d" relativeResultsDirectory="ca11fc95-8502-4563-9323-cd03a262ea1f" />
    <UnitTestResult executionId="800b4a79-9f4a-4414-9165-426f2fec56bf" testId="21e758d4-0648-48e9-b28e-966a8feb83c3" testName="FormatToStringTest1000 (29508.077101491428,29508.08 zł)" computerName="DESKTOP-5URQ9PB" duration="00:00:00.0000061" startTime="2022-06-13T21:11:51.9844900+02:00" endTime="2022-06-13T21:11:51.9845570+02:00" testType="13cdc9d9-ddb5-4fa4-a97d-d965ccfc6d4b" outcome="Passed" testListId="8c84fa94-04c1-424b-9868-57a2d4851a1d" relativeResultsDirectory="800b4a79-9f4a-4414-9165-426f2fec56bf" />
    <UnitTestResult executionId="dc36dac4-d8e3-4dc9-bdd4-03942a06d26c" testId="b2aa2628-1c7f-48a6-9a00-ddcc763d5fbe" testName="FormatToStringTest1000 (13541.45472935096,13541.45 zł)" computerName="DESKTOP-5URQ9PB" duration="00:00:00.0000061" startTime="2022-06-13T21:11:52.1900888+02:00" endTime="2022-06-13T21:11:52.1901539+02:00" testType="13cdc9d9-ddb5-4fa4-a97d-d965ccfc6d4b" outcome="Passed" testListId="8c84fa94-04c1-424b-9868-57a2d4851a1d" relativeResultsDirectory="dc36dac4-d8e3-4dc9-bdd4-03942a06d26c" />
    <UnitTestResult executionId="ee239286-2824-4095-bff2-1032c99f4062" testId="8f27ee02-ab57-4f75-9456-5829d3285462" testName="FormatToStringTest1000 (36760.171806480816,36760.17 zł)" computerName="DESKTOP-5URQ9PB" duration="00:00:00.0000061" startTime="2022-06-13T21:11:52.2195994+02:00" endTime="2022-06-13T21:11:52.2196638+02:00" testType="13cdc9d9-ddb5-4fa4-a97d-d965ccfc6d4b" outcome="Passed" testListId="8c84fa94-04c1-424b-9868-57a2d4851a1d" relativeResultsDirectory="ee239286-2824-4095-bff2-1032c99f4062" />
    <UnitTestResult executionId="a5a6df94-7046-4d47-a6f9-83931a01b2b0" testId="f79421d5-eb49-499c-82fc-3cd7f137bd1d" testName="FormatToStringTest1000 (41873.517751020154,41873.52 zł)" computerName="DESKTOP-5URQ9PB" duration="00:00:00.0000072" startTime="2022-06-13T21:11:52.2843350+02:00" endTime="2022-06-13T21:11:52.2844184+02:00" testType="13cdc9d9-ddb5-4fa4-a97d-d965ccfc6d4b" outcome="Passed" testListId="8c84fa94-04c1-424b-9868-57a2d4851a1d" relativeResultsDirectory="a5a6df94-7046-4d47-a6f9-83931a01b2b0" />
    <UnitTestResult executionId="f73a5f74-89d7-4a2d-92f3-640e9490e478" testId="ce38100c-693f-40cd-8f20-d501e919542d" testName="FormatToStringTest1000 (5961.755129208674,5961.76 zł)" computerName="DESKTOP-5URQ9PB" duration="00:00:00.0000065" startTime="2022-06-13T21:11:52.0933180+02:00" endTime="2022-06-13T21:11:52.0933959+02:00" testType="13cdc9d9-ddb5-4fa4-a97d-d965ccfc6d4b" outcome="Passed" testListId="8c84fa94-04c1-424b-9868-57a2d4851a1d" relativeResultsDirectory="f73a5f74-89d7-4a2d-92f3-640e9490e478" />
    <UnitTestResult executionId="06684a74-a428-4493-9ecc-844b414d4fc8" testId="0ea4fd10-69fa-40f3-8003-aba91c29c7a4" testName="FormatToStringTest1000 (12283.48626129026,12283.49 zł)" computerName="DESKTOP-5URQ9PB" duration="00:00:00.0000061" startTime="2022-06-13T21:11:52.0824378+02:00" endTime="2022-06-13T21:11:52.0825047+02:00" testType="13cdc9d9-ddb5-4fa4-a97d-d965ccfc6d4b" outcome="Passed" testListId="8c84fa94-04c1-424b-9868-57a2d4851a1d" relativeResultsDirectory="06684a74-a428-4493-9ecc-844b414d4fc8" />
    <UnitTestResult executionId="efcb203c-dc58-458a-ac0e-045e14d2e36a" testId="a0fd035f-7f12-49f6-9f90-8dc6356eced5" testName="FormatToStringTest1000 (24695.917440203913,24695.92 zł)" computerName="DESKTOP-5URQ9PB" duration="00:00:00.0000061" startTime="2022-06-13T21:11:52.1714086+02:00" endTime="2022-06-13T21:11:52.1714748+02:00" testType="13cdc9d9-ddb5-4fa4-a97d-d965ccfc6d4b" outcome="Passed" testListId="8c84fa94-04c1-424b-9868-57a2d4851a1d" relativeResultsDirectory="efcb203c-dc58-458a-ac0e-045e14d2e36a" />
    <UnitTestResult executionId="d35544b5-7cfa-4bd3-914f-87e19c520371" testId="8667b31a-37bf-4420-b139-b9cb330d47f1" testName="FormatToStringTest1000 (18596.12661189033,18596.13 zł)" computerName="DESKTOP-5URQ9PB" duration="00:00:00.0000061" startTime="2022-06-13T21:11:52.1758206+02:00" endTime="2022-06-13T21:11:52.1758865+02:00" testType="13cdc9d9-ddb5-4fa4-a97d-d965ccfc6d4b" outcome="Passed" testListId="8c84fa94-04c1-424b-9868-57a2d4851a1d" relativeResultsDirectory="d35544b5-7cfa-4bd3-914f-87e19c520371" />
    <UnitTestResult executionId="a4a4e9df-10db-48ee-a3c1-60476b7a49e0" testId="5bd472ed-a1ab-4747-8f1c-76af74cb273a" testName="FormatToStringTest1000 (7753.724411372898,7753.72 zł)" computerName="DESKTOP-5URQ9PB" duration="00:00:00.0000068" startTime="2022-06-13T21:11:51.9876386+02:00" endTime="2022-06-13T21:11:51.9877058+02:00" testType="13cdc9d9-ddb5-4fa4-a97d-d965ccfc6d4b" outcome="Passed" testListId="8c84fa94-04c1-424b-9868-57a2d4851a1d" relativeResultsDirectory="a4a4e9df-10db-48ee-a3c1-60476b7a49e0" />
    <UnitTestResult executionId="adcb4283-3644-48cb-947f-da83d38a5191" testId="84446135-f9dd-4355-9804-a1a36170e416" testName="FormatToStringTest1000 (53192.79032742269,53192.79 zł)" computerName="DESKTOP-5URQ9PB" duration="00:00:00.0000070" startTime="2022-06-13T21:11:52.2803560+02:00" endTime="2022-06-13T21:11:52.2804332+02:00" testType="13cdc9d9-ddb5-4fa4-a97d-d965ccfc6d4b" outcome="Passed" testListId="8c84fa94-04c1-424b-9868-57a2d4851a1d" relativeResultsDirectory="adcb4283-3644-48cb-947f-da83d38a5191" />
    <UnitTestResult executionId="b9eaafd5-1869-49bf-849b-eeb0f7a3b72a" testId="f0dd09b6-6cde-4aad-bffe-1c6ad9478db5" testName="FormatToStringTest1000 (3092.9215945624383,3092.92 zł)" computerName="DESKTOP-5URQ9PB" duration="00:00:00.0000060" startTime="2022-06-13T21:11:52.1739442+02:00" endTime="2022-06-13T21:11:52.1740107+02:00" testType="13cdc9d9-ddb5-4fa4-a97d-d965ccfc6d4b" outcome="Passed" testListId="8c84fa94-04c1-424b-9868-57a2d4851a1d" relativeResultsDirectory="b9eaafd5-1869-49bf-849b-eeb0f7a3b72a" />
    <UnitTestResult executionId="716cb618-02bd-45bd-b11d-ad47816c5474" testId="f2e2d9ed-b7f3-47e3-8320-71eb698c72fc" testName="FormatToStringTest1000 (21893.78889296939,21893.79 zł)" computerName="DESKTOP-5URQ9PB" duration="00:00:00.0000063" startTime="2022-06-13T21:11:52.2656506+02:00" endTime="2022-06-13T21:11:52.2657151+02:00" testType="13cdc9d9-ddb5-4fa4-a97d-d965ccfc6d4b" outcome="Passed" testListId="8c84fa94-04c1-424b-9868-57a2d4851a1d" relativeResultsDirectory="716cb618-02bd-45bd-b11d-ad47816c5474" />
    <UnitTestResult executionId="40c008da-70e9-40ed-aba0-fc6733c2e940" testId="f3a6236c-99e7-4c6f-ab5e-9b6bf9e20da5" testName="FormatToStringTest1000 (16030.852371789913,16030.85 zł)" computerName="DESKTOP-5URQ9PB" duration="00:00:00.0000095" startTime="2022-06-13T21:11:51.9872316+02:00" endTime="2022-06-13T21:11:51.9873560+02:00" testType="13cdc9d9-ddb5-4fa4-a97d-d965ccfc6d4b" outcome="Passed" testListId="8c84fa94-04c1-424b-9868-57a2d4851a1d" relativeResultsDirectory="40c008da-70e9-40ed-aba0-fc6733c2e940" />
    <UnitTestResult executionId="c1b84246-af8e-421f-88fe-39ecd4d06278" testId="0fe72589-1523-4f6d-a44b-fe25757df41f" testName="FormatToStringTest1000 (73372.53853826903,73372.54 zł)" computerName="DESKTOP-5URQ9PB" duration="00:00:00.0000065" startTime="2022-06-13T21:11:52.0433909+02:00" endTime="2022-06-13T21:11:52.0434655+02:00" testType="13cdc9d9-ddb5-4fa4-a97d-d965ccfc6d4b" outcome="Passed" testListId="8c84fa94-04c1-424b-9868-57a2d4851a1d" relativeResultsDirectory="c1b84246-af8e-421f-88fe-39ecd4d06278" />
    <UnitTestResult executionId="19d5867a-b47a-487e-89c8-2e2ebcdedb96" testId="2cd5df0f-4336-4d28-a59a-729d83cd4b47" testName="FormatToStringTest1000 (43727.735558145556,43727.74 zł)" computerName="DESKTOP-5URQ9PB" duration="00:00:00.0000062" startTime="2022-06-13T21:11:52.0794224+02:00" endTime="2022-06-13T21:11:52.0794895+02:00" testType="13cdc9d9-ddb5-4fa4-a97d-d965ccfc6d4b" outcome="Passed" testListId="8c84fa94-04c1-424b-9868-57a2d4851a1d" relativeResultsDirectory="19d5867a-b47a-487e-89c8-2e2ebcdedb96" />
    <UnitTestResult executionId="390940c9-720b-4931-b06b-30ee20ae30f4" testId="44b06750-5f7f-487e-9bbf-4334d01243ef" testName="FormatToStringTest1000 (4002.4180488374172,4002.42 zł)" computerName="DESKTOP-5URQ9PB" duration="00:00:00.0000062" startTime="2022-06-13T21:11:52.2554235+02:00" endTime="2022-06-13T21:11:52.2554879+02:00" testType="13cdc9d9-ddb5-4fa4-a97d-d965ccfc6d4b" outcome="Passed" testListId="8c84fa94-04c1-424b-9868-57a2d4851a1d" relativeResultsDirectory="390940c9-720b-4931-b06b-30ee20ae30f4" />
    <UnitTestResult executionId="65ab5038-34b4-4fb4-a5e6-73d865b26b87" testId="2a46868c-8112-4bd2-8f9b-c2ef16c1dbc9" testName="FormatToStringTest1000 (13855.30239352505,13855.30 zł)" computerName="DESKTOP-5URQ9PB" duration="00:00:00.0000069" startTime="2022-06-13T21:11:52.0393169+02:00" endTime="2022-06-13T21:11:52.0393949+02:00" testType="13cdc9d9-ddb5-4fa4-a97d-d965ccfc6d4b" outcome="Passed" testListId="8c84fa94-04c1-424b-9868-57a2d4851a1d" relativeResultsDirectory="65ab5038-34b4-4fb4-a5e6-73d865b26b87" />
    <UnitTestResult executionId="5f42d529-a50a-4c23-8141-496ac85f8489" testId="b76f2324-ec48-4e02-b238-5aeb1854041d" testName="FormatToStringTest1000 (32359.431438434138,32359.43 zł)" computerName="DESKTOP-5URQ9PB" duration="00:00:00.0000063" startTime="2022-06-13T21:11:52.2292117+02:00" endTime="2022-06-13T21:11:52.2292803+02:00" testType="13cdc9d9-ddb5-4fa4-a97d-d965ccfc6d4b" outcome="Passed" testListId="8c84fa94-04c1-424b-9868-57a2d4851a1d" relativeResultsDirectory="5f42d529-a50a-4c23-8141-496ac85f8489" />
    <UnitTestResult executionId="b7d6512d-0d50-4075-85e8-0da3732b8093" testId="75a9f2db-1514-42cd-b3d8-a89d742b0ebf" testName="FormatToStringTest1000 (37889.10086727193,37889.10 zł)" computerName="DESKTOP-5URQ9PB" duration="00:00:00.0000063" startTime="2022-06-13T21:11:51.9809943+02:00" endTime="2022-06-13T21:11:51.9810751+02:00" testType="13cdc9d9-ddb5-4fa4-a97d-d965ccfc6d4b" outcome="Passed" testListId="8c84fa94-04c1-424b-9868-57a2d4851a1d" relativeResultsDirectory="b7d6512d-0d50-4075-85e8-0da3732b8093" />
    <UnitTestResult executionId="3f99a6cb-7961-4c9e-a13e-512bc4ab6b0c" testId="e16b6b2f-94b3-4514-a7fd-a7d629af304f" testName="FormatToStringTest1000 (35065.40267025652,35065.40 zł)" computerName="DESKTOP-5URQ9PB" duration="00:00:00.0000062" startTime="2022-06-13T21:11:52.2099643+02:00" endTime="2022-06-13T21:11:52.2100287+02:00" testType="13cdc9d9-ddb5-4fa4-a97d-d965ccfc6d4b" outcome="Passed" testListId="8c84fa94-04c1-424b-9868-57a2d4851a1d" relativeResultsDirectory="3f99a6cb-7961-4c9e-a13e-512bc4ab6b0c" />
    <UnitTestResult executionId="d193bad9-9543-4ae4-a3ae-dd977db34dc9" testId="6150954b-c41b-4ef4-8cc1-fa4a5dd3d362" testName="FormatToStringTest1000 (30807.823896702295,30807.82 zł)" computerName="DESKTOP-5URQ9PB" duration="00:00:00.0000062" startTime="2022-06-13T21:11:52.2177404+02:00" endTime="2022-06-13T21:11:52.2178050+02:00" testType="13cdc9d9-ddb5-4fa4-a97d-d965ccfc6d4b" outcome="Passed" testListId="8c84fa94-04c1-424b-9868-57a2d4851a1d" relativeResultsDirectory="d193bad9-9543-4ae4-a3ae-dd977db34dc9" />
    <UnitTestResult executionId="3092a81d-7a58-4f90-b2b2-990093be46b4" testId="0e6c919d-6015-4bf9-8dbd-35140eb3cdbf" testName="FormatToStringTest1000 (10174.652801423637,10174.65 zł)" computerName="DESKTOP-5URQ9PB" duration="00:00:00.0000061" startTime="2022-06-13T21:11:52.1800305+02:00" endTime="2022-06-13T21:11:52.1800981+02:00" testType="13cdc9d9-ddb5-4fa4-a97d-d965ccfc6d4b" outcome="Passed" testListId="8c84fa94-04c1-424b-9868-57a2d4851a1d" relativeResultsDirectory="3092a81d-7a58-4f90-b2b2-990093be46b4" />
    <UnitTestResult executionId="27315b41-de02-4920-9aea-381cc1d2e46d" testId="b5f3c6ff-f763-4319-adb8-c88626c9d6e3" testName="FormatToStringTest1000 (77919.64716867341,77919.65 zł)" computerName="DESKTOP-5URQ9PB" duration="00:00:00.0000064" startTime="2022-06-13T21:11:52.0434839+02:00" endTime="2022-06-13T21:11:52.0435549+02:00" testType="13cdc9d9-ddb5-4fa4-a97d-d965ccfc6d4b" outcome="Passed" testListId="8c84fa94-04c1-424b-9868-57a2d4851a1d" relativeResultsDirectory="27315b41-de02-4920-9aea-381cc1d2e46d" />
    <UnitTestResult executionId="aff33715-2336-4528-8544-f3690a5637af" testId="fbaaf85e-9aaa-4063-a072-43d7800c4c15" testName="FormatToStringTest1000 (7594.279030504766,7594.28 zł)" computerName="DESKTOP-5URQ9PB" duration="00:00:00.0000063" startTime="2022-06-13T21:11:51.9482092+02:00" endTime="2022-06-13T21:11:51.9482765+02:00" testType="13cdc9d9-ddb5-4fa4-a97d-d965ccfc6d4b" outcome="Passed" testListId="8c84fa94-04c1-424b-9868-57a2d4851a1d" relativeResultsDirectory="aff33715-2336-4528-8544-f3690a5637af" />
    <UnitTestResult executionId="ae24bc37-927b-44fe-a6f3-1ef1af954661" testId="b37b411f-84b1-4cd0-b3d3-20605877735d" testName="FormatToStringTest1000 (3503.9809179231434,3503.98 zł)" computerName="DESKTOP-5URQ9PB" duration="00:00:00.0000063" startTime="2022-06-13T21:11:52.1319100+02:00" endTime="2022-06-13T21:11:52.1319800+02:00" testType="13cdc9d9-ddb5-4fa4-a97d-d965ccfc6d4b" outcome="Passed" testListId="8c84fa94-04c1-424b-9868-57a2d4851a1d" relativeResultsDirectory="ae24bc37-927b-44fe-a6f3-1ef1af954661" />
    <UnitTestResult executionId="c96204b2-05aa-44f8-9424-a32aa8113c05" testId="02a93c93-3db8-4e3f-b872-610b47391fe2" testName="FormatToStringTest1000 (2121.0917325211185,2121.09 zł)" computerName="DESKTOP-5URQ9PB" duration="00:00:00.0000061" startTime="2022-06-13T21:11:52.1777522+02:00" endTime="2022-06-13T21:11:52.1778189+02:00" testType="13cdc9d9-ddb5-4fa4-a97d-d965ccfc6d4b" outcome="Passed" testListId="8c84fa94-04c1-424b-9868-57a2d4851a1d" relativeResultsDirectory="c96204b2-05aa-44f8-9424-a32aa8113c05" />
    <UnitTestResult executionId="9fb5fd1e-bf03-43e6-af1e-72e0319f3e01" testId="e6b12a0c-d887-4bef-9915-1d5b053337e9" testName="FormatToStringTest1000 (57809.74722876295,57809.75 zł)" computerName="DESKTOP-5URQ9PB" duration="00:00:00.0000497" startTime="2022-06-13T21:11:52.1416928+02:00" endTime="2022-06-13T21:11:52.1422882+02:00" testType="13cdc9d9-ddb5-4fa4-a97d-d965ccfc6d4b" outcome="Passed" testListId="8c84fa94-04c1-424b-9868-57a2d4851a1d" relativeResultsDirectory="9fb5fd1e-bf03-43e6-af1e-72e0319f3e01" />
    <UnitTestResult executionId="b33e5456-6f2a-4cb7-87a4-a35d1e688e8a" testId="15de9705-f82d-46a0-8bda-431d65915ba7" testName="FormatToStringTest1000 (31340.79231238914,31340.79 zł)" computerName="DESKTOP-5URQ9PB" duration="00:00:00.0000070" startTime="2022-06-13T21:11:52.0223224+02:00" endTime="2022-06-13T21:11:52.0224243+02:00" testType="13cdc9d9-ddb5-4fa4-a97d-d965ccfc6d4b" outcome="Passed" testListId="8c84fa94-04c1-424b-9868-57a2d4851a1d" relativeResultsDirectory="b33e5456-6f2a-4cb7-87a4-a35d1e688e8a" />
    <UnitTestResult executionId="0c1a7cb5-a82a-4614-865b-73551d776484" testId="bda2435f-8d0a-4886-9ce3-8b917c04ec7f" testName="FormatToStringTest1000 (40241.790964380736,40241.79 zł)" computerName="DESKTOP-5URQ9PB" duration="00:00:00.0000061" startTime="2022-06-13T21:11:52.2556686+02:00" endTime="2022-06-13T21:11:52.2557333+02:00" testType="13cdc9d9-ddb5-4fa4-a97d-d965ccfc6d4b" outcome="Passed" testListId="8c84fa94-04c1-424b-9868-57a2d4851a1d" relativeResultsDirectory="0c1a7cb5-a82a-4614-865b-73551d776484" />
    <UnitTestResult executionId="64a0f7e4-7376-4151-80f9-4fa175bc196e" testId="7864fd66-294e-4d22-b422-09401212446a" testName="FormatToStringTest1000 (42728.35751444258,42728.36 zł)" computerName="DESKTOP-5URQ9PB" duration="00:00:00.0000067" startTime="2022-06-13T21:11:52.2352830+02:00" endTime="2022-06-13T21:11:52.2353582+02:00" testType="13cdc9d9-ddb5-4fa4-a97d-d965ccfc6d4b" outcome="Passed" testListId="8c84fa94-04c1-424b-9868-57a2d4851a1d" relativeResultsDirectory="64a0f7e4-7376-4151-80f9-4fa175bc196e" />
    <UnitTestResult executionId="ae158468-b1ac-4295-9fc2-f99dde2ec3d3" testId="60720f9e-17d0-41b6-9272-55e042aa5646" testName="FormatToStringTest1000 (19071.681252896637,19071.68 zł)" computerName="DESKTOP-5URQ9PB" duration="00:00:00.0000065" startTime="2022-06-13T21:11:52.2005085+02:00" endTime="2022-06-13T21:11:52.2005788+02:00" testType="13cdc9d9-ddb5-4fa4-a97d-d965ccfc6d4b" outcome="Passed" testListId="8c84fa94-04c1-424b-9868-57a2d4851a1d" relativeResultsDirectory="ae158468-b1ac-4295-9fc2-f99dde2ec3d3" />
    <UnitTestResult executionId="db600c94-d28d-4b39-90eb-766ae4c4b459" testId="ef07b55a-9761-472e-a6d1-3f362b51dd68" testName="FormatToStringTest1000 (8347.417790138823,8347.42 zł)" computerName="DESKTOP-5URQ9PB" duration="00:00:00.0000061" startTime="2022-06-13T21:11:52.2121454+02:00" endTime="2022-06-13T21:11:52.2122091+02:00" testType="13cdc9d9-ddb5-4fa4-a97d-d965ccfc6d4b" outcome="Passed" testListId="8c84fa94-04c1-424b-9868-57a2d4851a1d" relativeResultsDirectory="db600c94-d28d-4b39-90eb-766ae4c4b459" />
    <UnitTestResult executionId="6756d57a-5e79-4e86-8865-9ff22890c4e6" testId="17df0d0a-f486-491e-a929-12179372f24b" testName="FormatToStringTest1000 (29474.095826699442,29474.10 zł)" computerName="DESKTOP-5URQ9PB" duration="00:00:00.0000064" startTime="2022-06-13T21:11:52.2723930+02:00" endTime="2022-06-13T21:11:52.2724628+02:00" testType="13cdc9d9-ddb5-4fa4-a97d-d965ccfc6d4b" outcome="Passed" testListId="8c84fa94-04c1-424b-9868-57a2d4851a1d" relativeResultsDirectory="6756d57a-5e79-4e86-8865-9ff22890c4e6" />
    <UnitTestResult executionId="d579c959-8944-4bb8-ac2b-f78240bf8406" testId="b5ac4968-4428-401f-822b-1a91da9df444" testName="FormatToStringTest1000 (11958.422287871792,11958.42 zł)" computerName="DESKTOP-5URQ9PB" duration="00:00:00.0000061" startTime="2022-06-13T21:11:52.0936730+02:00" endTime="2022-06-13T21:11:52.0937393+02:00" testType="13cdc9d9-ddb5-4fa4-a97d-d965ccfc6d4b" outcome="Passed" testListId="8c84fa94-04c1-424b-9868-57a2d4851a1d" relativeResultsDirectory="d579c959-8944-4bb8-ac2b-f78240bf8406" />
    <UnitTestResult executionId="803768e4-a0c9-45a3-86ed-35c66fc3e565" testId="7221b29f-4b9a-468d-9f53-91821d9b84ea" testName="FormatToStringTest1000 (50585.83664522778,50585.84 zł)" computerName="DESKTOP-5URQ9PB" duration="00:00:00.0000063" startTime="2022-06-13T21:11:52.1317325+02:00" endTime="2022-06-13T21:11:52.1318021+02:00" testType="13cdc9d9-ddb5-4fa4-a97d-d965ccfc6d4b" outcome="Passed" testListId="8c84fa94-04c1-424b-9868-57a2d4851a1d" relativeResultsDirectory="803768e4-a0c9-45a3-86ed-35c66fc3e565" />
    <UnitTestResult executionId="af215fc2-8a73-4cc5-9abd-412a4728668f" testId="48a9cb1f-7a95-4e39-a80d-7f31a548419d" testName="FormatToStringTest1000 (1952.6955147062872,1952.70 zł)" computerName="DESKTOP-5URQ9PB" duration="00:00:00.0000062" startTime="2022-06-13T21:11:52.0998991+02:00" endTime="2022-06-13T21:11:52.0999661+02:00" testType="13cdc9d9-ddb5-4fa4-a97d-d965ccfc6d4b" outcome="Passed" testListId="8c84fa94-04c1-424b-9868-57a2d4851a1d" relativeResultsDirectory="af215fc2-8a73-4cc5-9abd-412a4728668f" />
    <UnitTestResult executionId="71bcf267-c19a-49d1-9d75-375f404bff70" testId="688534e8-5a40-4b32-aa30-a0115d952ec4" testName="FormatToStringTest1000 (64887.45559046951,64887.46 zł)" computerName="DESKTOP-5URQ9PB" duration="00:00:00.0000062" startTime="2022-06-13T21:11:52.0966439+02:00" endTime="2022-06-13T21:11:52.0967106+02:00" testType="13cdc9d9-ddb5-4fa4-a97d-d965ccfc6d4b" outcome="Passed" testListId="8c84fa94-04c1-424b-9868-57a2d4851a1d" relativeResultsDirectory="71bcf267-c19a-49d1-9d75-375f404bff70" />
    <UnitTestResult executionId="a20a53c3-ae12-4331-b06e-9ed78b1f0e9f" testId="48961cac-ec20-48bb-89d4-decfe25c48fc" testName="FormatToStringTest1000 (16383.352881839199,16383.35 zł)" computerName="DESKTOP-5URQ9PB" duration="00:00:00.0000096" startTime="2022-06-13T21:11:51.9618798+02:00" endTime="2022-06-13T21:11:51.9620050+02:00" testType="13cdc9d9-ddb5-4fa4-a97d-d965ccfc6d4b" outcome="Passed" testListId="8c84fa94-04c1-424b-9868-57a2d4851a1d" relativeResultsDirectory="a20a53c3-ae12-4331-b06e-9ed78b1f0e9f" />
    <UnitTestResult executionId="d880e04b-f348-4b52-9b97-9799bda3f54f" testId="6a43b554-6ab4-4238-80dd-bf0e45427893" testName="FormatToStringTest1000 (32632.105531036905,32632.11 zł)" computerName="DESKTOP-5URQ9PB" duration="00:00:00.0000069" startTime="2022-06-13T21:11:51.9341996+02:00" endTime="2022-06-13T21:11:51.9342778+02:00" testType="13cdc9d9-ddb5-4fa4-a97d-d965ccfc6d4b" outcome="Passed" testListId="8c84fa94-04c1-424b-9868-57a2d4851a1d" relativeResultsDirectory="d880e04b-f348-4b52-9b97-9799bda3f54f" />
    <UnitTestResult executionId="2f6d733f-ed34-4eb6-be20-cf16e347746a" testId="0f40078a-2db5-4d01-a9a5-7d988128e8ce" testName="FormatToStringTest1000 (45739.569854490255,45739.57 zł)" computerName="DESKTOP-5URQ9PB" duration="00:00:00.0000064" startTime="2022-06-13T21:11:52.2374076+02:00" endTime="2022-06-13T21:11:52.2374747+02:00" testType="13cdc9d9-ddb5-4fa4-a97d-d965ccfc6d4b" outcome="Passed" testListId="8c84fa94-04c1-424b-9868-57a2d4851a1d" relativeResultsDirectory="2f6d733f-ed34-4eb6-be20-cf16e347746a" />
    <UnitTestResult executionId="39804e73-510b-49a9-8276-de1ba26d724e" testId="a11c986a-da0c-4097-9716-d111c58a8e3f" testName="FormatToStringTest1000 (29417.800422138444,29417.80 zł)" computerName="DESKTOP-5URQ9PB" duration="00:00:00.0000060" startTime="2022-06-13T21:11:52.0364556+02:00" endTime="2022-06-13T21:11:52.0365227+02:00" testType="13cdc9d9-ddb5-4fa4-a97d-d965ccfc6d4b" outcome="Passed" testListId="8c84fa94-04c1-424b-9868-57a2d4851a1d" relativeResultsDirectory="39804e73-510b-49a9-8276-de1ba26d724e" />
    <UnitTestResult executionId="2e58409a-6694-4dc8-bb0a-84816251527c" testId="5be5b112-0d21-4754-9792-60b7076dbcc6" testName="FormatToStringTest1000 (14100.01255469211,14100.01 zł)" computerName="DESKTOP-5URQ9PB" duration="00:00:00.0000063" startTime="2022-06-13T21:11:52.0153966+02:00" endTime="2022-06-13T21:11:52.0154642+02:00" testType="13cdc9d9-ddb5-4fa4-a97d-d965ccfc6d4b" outcome="Passed" testListId="8c84fa94-04c1-424b-9868-57a2d4851a1d" relativeResultsDirectory="2e58409a-6694-4dc8-bb0a-84816251527c" />
    <UnitTestResult executionId="7aa77465-74b0-4ede-bff4-1e488d7b74b9" testId="46ecc98b-94ae-4330-a17a-cd6e42c075c7" testName="FormatToStringTest1000 (19189.32381924117,19189.32 zł)" computerName="DESKTOP-5URQ9PB" duration="00:00:00.0000103" startTime="2022-06-13T21:11:52.0391456+02:00" endTime="2022-06-13T21:11:52.0392802+02:00" testType="13cdc9d9-ddb5-4fa4-a97d-d965ccfc6d4b" outcome="Passed" testListId="8c84fa94-04c1-424b-9868-57a2d4851a1d" relativeResultsDirectory="7aa77465-74b0-4ede-bff4-1e488d7b74b9" />
    <UnitTestResult executionId="c3eb30fd-ca1c-47f6-b34f-32169d9d4e22" testId="b6b4c3a1-54cc-4fbf-9b8b-60f43e7fbc2e" testName="FormatToStringTest1000 (10914.360814625099,10914.36 zł)" computerName="DESKTOP-5URQ9PB" duration="00:00:00.0000064" startTime="2022-06-13T21:11:51.8920190+02:00" endTime="2022-06-13T21:11:51.8920865+02:00" testType="13cdc9d9-ddb5-4fa4-a97d-d965ccfc6d4b" outcome="Passed" testListId="8c84fa94-04c1-424b-9868-57a2d4851a1d" relativeResultsDirectory="c3eb30fd-ca1c-47f6-b34f-32169d9d4e22" />
    <UnitTestResult executionId="bfd2a24b-80a4-4cf8-94e6-72be38d453e1" testId="5a325039-0bae-48ae-a8c4-b4a636f88ac4" testName="FormatToStringTest1000 (10397.404523554447,10397.40 zł)" computerName="DESKTOP-5URQ9PB" duration="00:00:00.0000089" startTime="2022-06-13T21:11:52.1973706+02:00" endTime="2022-06-13T21:11:52.1974708+02:00" testType="13cdc9d9-ddb5-4fa4-a97d-d965ccfc6d4b" outcome="Passed" testListId="8c84fa94-04c1-424b-9868-57a2d4851a1d" relativeResultsDirectory="bfd2a24b-80a4-4cf8-94e6-72be38d453e1" />
    <UnitTestResult executionId="fbd55f18-fd34-4d3c-a2d3-ed17e196b051" testId="01833c6c-38d0-4136-9c4e-94e92bf25792" testName="FormatToStringTest1000 (3477.860963622509,3477.86 zł)" computerName="DESKTOP-5URQ9PB" duration="00:00:00.0000065" startTime="2022-06-13T21:11:52.2312905+02:00" endTime="2022-06-13T21:11:52.2313674+02:00" testType="13cdc9d9-ddb5-4fa4-a97d-d965ccfc6d4b" outcome="Passed" testListId="8c84fa94-04c1-424b-9868-57a2d4851a1d" relativeResultsDirectory="fbd55f18-fd34-4d3c-a2d3-ed17e196b051" />
    <UnitTestResult executionId="b2c37d38-f0b8-4238-9271-38f004c28680" testId="945072df-ebec-47e2-8c19-55e3055dce95" testName="FormatToStringTest1000 (11624.834848273003,11624.83 zł)" computerName="DESKTOP-5URQ9PB" duration="00:00:00.0000060" startTime="2022-06-13T21:11:52.1781695+02:00" endTime="2022-06-13T21:11:52.1782343+02:00" testType="13cdc9d9-ddb5-4fa4-a97d-d965ccfc6d4b" outcome="Passed" testListId="8c84fa94-04c1-424b-9868-57a2d4851a1d" relativeResultsDirectory="b2c37d38-f0b8-4238-9271-38f004c28680" />
    <UnitTestResult executionId="e046cf3f-b7e0-4691-977e-8a4c3e197b16" testId="386457ef-23a4-4cc4-9f91-ac76e2d76ec6" testName="FormatToStringTest1000 (46166.38051381259,46166.38 zł)" computerName="DESKTOP-5URQ9PB" duration="00:00:00.0000061" startTime="2022-06-13T21:11:52.0689168+02:00" endTime="2022-06-13T21:11:52.0689840+02:00" testType="13cdc9d9-ddb5-4fa4-a97d-d965ccfc6d4b" outcome="Passed" testListId="8c84fa94-04c1-424b-9868-57a2d4851a1d" relativeResultsDirectory="e046cf3f-b7e0-4691-977e-8a4c3e197b16" />
    <UnitTestResult executionId="0fbcebde-5ff2-4c71-a7f7-ea6d24349d0a" testId="24373761-63a4-4516-b133-1b6235adde85" testName="FormatToStringTest1000 (577.6071367564645,577.61 zł)" computerName="DESKTOP-5URQ9PB" duration="00:00:00.0000062" startTime="2022-06-13T21:11:52.2577691+02:00" endTime="2022-06-13T21:11:52.2578338+02:00" testType="13cdc9d9-ddb5-4fa4-a97d-d965ccfc6d4b" outcome="Passed" testListId="8c84fa94-04c1-424b-9868-57a2d4851a1d" relativeResultsDirectory="0fbcebde-5ff2-4c71-a7f7-ea6d24349d0a" />
    <UnitTestResult executionId="b8e3873b-5c1e-4cdd-85cf-f8c1103b9459" testId="d865b3a8-0e31-44dd-becd-44d3944c040f" testName="FormatToStringTest1000 (72802.68569213277,72802.69 zł)" computerName="DESKTOP-5URQ9PB" duration="00:00:00.0000072" startTime="2022-06-13T21:11:52.2396488+02:00" endTime="2022-06-13T21:11:52.2397165+02:00" testType="13cdc9d9-ddb5-4fa4-a97d-d965ccfc6d4b" outcome="Passed" testListId="8c84fa94-04c1-424b-9868-57a2d4851a1d" relativeResultsDirectory="b8e3873b-5c1e-4cdd-85cf-f8c1103b9459" />
    <UnitTestResult executionId="58b3ae9f-7c25-4b46-83fa-bbc3f8a16be0" testId="b70c3cb5-14c5-466e-8071-dd664f5729ff" testName="FormatToStringTest1000 (18340.935049000167,18340.94 zł)" computerName="DESKTOP-5URQ9PB" duration="00:00:00.0000071" startTime="2022-06-13T21:11:52.0159292+02:00" endTime="2022-06-13T21:11:52.0159971+02:00" testType="13cdc9d9-ddb5-4fa4-a97d-d965ccfc6d4b" outcome="Passed" testListId="8c84fa94-04c1-424b-9868-57a2d4851a1d" relativeResultsDirectory="58b3ae9f-7c25-4b46-83fa-bbc3f8a16be0" />
    <UnitTestResult executionId="ee51aa8a-7f17-4117-8f0e-60f4c3909242" testId="0675484b-6c5e-44ce-ad37-32b922b9160b" testName="FormatToStringTest1000 (6170.939441211959,6170.94 zł)" computerName="DESKTOP-5URQ9PB" duration="00:00:00.0000060" startTime="2022-06-13T21:11:52.1032265+02:00" endTime="2022-06-13T21:11:52.1032936+02:00" testType="13cdc9d9-ddb5-4fa4-a97d-d965ccfc6d4b" outcome="Passed" testListId="8c84fa94-04c1-424b-9868-57a2d4851a1d" relativeResultsDirectory="ee51aa8a-7f17-4117-8f0e-60f4c3909242" />
    <UnitTestResult executionId="46a0df1e-c6b5-4163-8352-c85b1d21fc50" testId="90a081aa-9d23-4336-bcb5-b3631dd4bd08" testName="FormatToStringTest1000 (2751.3751475258614,2751.38 zł)" computerName="DESKTOP-5URQ9PB" duration="00:00:00.0000092" startTime="2022-06-13T21:11:52.2447455+02:00" endTime="2022-06-13T21:11:52.2448505+02:00" testType="13cdc9d9-ddb5-4fa4-a97d-d965ccfc6d4b" outcome="Passed" testListId="8c84fa94-04c1-424b-9868-57a2d4851a1d" relativeResultsDirectory="46a0df1e-c6b5-4163-8352-c85b1d21fc50" />
    <UnitTestResult executionId="9cd806a0-f50d-4fad-87fa-96bf1a866843" testId="125b3a5f-6199-46e0-900d-cc2dad419ae8" testName="FormatToStringTest1000 (4636.500544966897,4636.50 zł)" computerName="DESKTOP-5URQ9PB" duration="00:00:00.0000065" startTime="2022-06-13T21:11:52.2069816+02:00" endTime="2022-06-13T21:11:52.2070546+02:00" testType="13cdc9d9-ddb5-4fa4-a97d-d965ccfc6d4b" outcome="Passed" testListId="8c84fa94-04c1-424b-9868-57a2d4851a1d" relativeResultsDirectory="9cd806a0-f50d-4fad-87fa-96bf1a866843" />
    <UnitTestResult executionId="46d1701a-f43f-4f8b-ad2e-16535d718490" testId="e1ee4983-1966-4962-bf29-c96cba59f7bd" testName="FormatToStringTest1000 (9765.54450809748,9765.54 zł)" computerName="DESKTOP-5URQ9PB" duration="00:00:00.0000062" startTime="2022-06-13T21:11:52.0258546+02:00" endTime="2022-06-13T21:11:52.0259189+02:00" testType="13cdc9d9-ddb5-4fa4-a97d-d965ccfc6d4b" outcome="Passed" testListId="8c84fa94-04c1-424b-9868-57a2d4851a1d" relativeResultsDirectory="46d1701a-f43f-4f8b-ad2e-16535d718490" />
    <UnitTestResult executionId="8cb75fcf-f9b2-402c-afb4-224a48948e63" testId="a431e60f-344d-4a07-9ba4-95ad72c394c6" testName="FormatToStringTest1000 (30533.30031120838,30533.30 zł)" computerName="DESKTOP-5URQ9PB" duration="00:00:00.0000062" startTime="2022-06-13T21:11:52.1609489+02:00" endTime="2022-06-13T21:11:52.1610148+02:00" testType="13cdc9d9-ddb5-4fa4-a97d-d965ccfc6d4b" outcome="Passed" testListId="8c84fa94-04c1-424b-9868-57a2d4851a1d" relativeResultsDirectory="8cb75fcf-f9b2-402c-afb4-224a48948e63" />
    <UnitTestResult executionId="d24adb45-7368-45eb-8227-1f6b0f823a99" testId="9737b87a-a941-4c05-a56c-abf6cc452e20" testName="FormatToStringTest1000 (2929.267390865026,2929.27 zł)" computerName="DESKTOP-5URQ9PB" duration="00:00:00.0000095" startTime="2022-06-13T21:11:52.2549212+02:00" endTime="2022-06-13T21:11:52.2550301+02:00" testType="13cdc9d9-ddb5-4fa4-a97d-d965ccfc6d4b" outcome="Passed" testListId="8c84fa94-04c1-424b-9868-57a2d4851a1d" relativeResultsDirectory="d24adb45-7368-45eb-8227-1f6b0f823a99" />
    <UnitTestResult executionId="c2c5a75a-2055-45b8-a4b9-8724324d340d" testId="55c52e3e-c004-47e4-98c1-d10fb519f42a" testName="FormatToStringTest1000 (4539.210371735137,4539.21 zł)" computerName="DESKTOP-5URQ9PB" duration="00:00:00.0000061" startTime="2022-06-13T21:11:52.2377474+02:00" endTime="2022-06-13T21:11:52.2378146+02:00" testType="13cdc9d9-ddb5-4fa4-a97d-d965ccfc6d4b" outcome="Passed" testListId="8c84fa94-04c1-424b-9868-57a2d4851a1d" relativeResultsDirectory="c2c5a75a-2055-45b8-a4b9-8724324d340d" />
    <UnitTestResult executionId="814aa5e5-10fa-4f42-a0e0-64717e03ab0c" testId="50644052-484c-4715-b339-ee4844e070b2" testName="FormatToStringTest1000 (13582.47117894258,13582.47 zł)" computerName="DESKTOP-5URQ9PB" duration="00:00:00.0000060" startTime="2022-06-13T21:11:52.0025357+02:00" endTime="2022-06-13T21:11:52.0026020+02:00" testType="13cdc9d9-ddb5-4fa4-a97d-d965ccfc6d4b" outcome="Passed" testListId="8c84fa94-04c1-424b-9868-57a2d4851a1d" relativeResultsDirectory="814aa5e5-10fa-4f42-a0e0-64717e03ab0c" />
    <UnitTestResult executionId="22646934-b458-4ec0-a8b5-84de5f8ad601" testId="cb387f3d-d2f8-4721-8ace-e7a60b999c42" testName="FormatToStringTest1000 (5247.779940802501,5247.78 zł)" computerName="DESKTOP-5URQ9PB" duration="00:00:00.0000061" startTime="2022-06-13T21:11:52.2825883+02:00" endTime="2022-06-13T21:11:52.2826523+02:00" testType="13cdc9d9-ddb5-4fa4-a97d-d965ccfc6d4b" outcome="Passed" testListId="8c84fa94-04c1-424b-9868-57a2d4851a1d" relativeResultsDirectory="22646934-b458-4ec0-a8b5-84de5f8ad601" />
    <UnitTestResult executionId="e0faa94f-8a96-4f40-8340-17f8fcc43ca7" testId="4af71881-4137-4a37-a249-f30ee599a0fb" testName="FormatToStringTest1000 (24825.207513729205,24825.21 zł)" computerName="DESKTOP-5URQ9PB" duration="00:00:00.0000061" startTime="2022-06-13T21:11:52.1670963+02:00" endTime="2022-06-13T21:11:52.1671624+02:00" testType="13cdc9d9-ddb5-4fa4-a97d-d965ccfc6d4b" outcome="Passed" testListId="8c84fa94-04c1-424b-9868-57a2d4851a1d" relativeResultsDirectory="e0faa94f-8a96-4f40-8340-17f8fcc43ca7" />
    <UnitTestResult executionId="398119ba-1431-413e-80ef-682b58051797" testId="e133123e-fa1d-4689-be37-2a2a6b73caf2" testName="FormatToStringTest1000 (6820.105136090938,6820.11 zł)" computerName="DESKTOP-5URQ9PB" duration="00:00:00.0000063" startTime="2022-06-13T21:11:52.2353763+02:00" endTime="2022-06-13T21:11:52.2354448+02:00" testType="13cdc9d9-ddb5-4fa4-a97d-d965ccfc6d4b" outcome="Passed" testListId="8c84fa94-04c1-424b-9868-57a2d4851a1d" relativeResultsDirectory="398119ba-1431-413e-80ef-682b58051797" />
    <UnitTestResult executionId="983ab050-2a33-4cac-93fd-9550bd4f9bcc" testId="4050b1fa-f59e-434f-a130-5ea1df7d408b" testName="FormatToStringTest1000 (6838.422316571894,6838.42 zł)" computerName="DESKTOP-5URQ9PB" duration="00:00:00.0000066" startTime="2022-06-13T21:11:52.0118234+02:00" endTime="2022-06-13T21:11:52.0118970+02:00" testType="13cdc9d9-ddb5-4fa4-a97d-d965ccfc6d4b" outcome="Passed" testListId="8c84fa94-04c1-424b-9868-57a2d4851a1d" relativeResultsDirectory="983ab050-2a33-4cac-93fd-9550bd4f9bcc" />
    <UnitTestResult executionId="2d7ee75e-64c3-4a9a-884f-0cb31157ccd4" testId="00a3f525-ce92-4a4e-bcec-662c693b1c16" testName="FormatToStringTest1000 (8582.709131852587,8582.71 zł)" computerName="DESKTOP-5URQ9PB" duration="00:00:00.0000061" startTime="2022-06-13T21:11:52.2141811+02:00" endTime="2022-06-13T21:11:52.2142451+02:00" testType="13cdc9d9-ddb5-4fa4-a97d-d965ccfc6d4b" outcome="Passed" testListId="8c84fa94-04c1-424b-9868-57a2d4851a1d" relativeResultsDirectory="2d7ee75e-64c3-4a9a-884f-0cb31157ccd4" />
    <UnitTestResult executionId="bd1f9ea7-d5b8-42a4-8df6-ad47db8d515a" testId="ebb994ba-143c-465f-9ded-c9c53219eef5" testName="FormatToStringTest1000 (96.75594581512546,96.76 zł)" computerName="DESKTOP-5URQ9PB" duration="00:00:00.0000082" startTime="2022-06-13T21:11:51.9561099+02:00" endTime="2022-06-13T21:11:51.9562023+02:00" testType="13cdc9d9-ddb5-4fa4-a97d-d965ccfc6d4b" outcome="Passed" testListId="8c84fa94-04c1-424b-9868-57a2d4851a1d" relativeResultsDirectory="bd1f9ea7-d5b8-42a4-8df6-ad47db8d515a" />
    <UnitTestResult executionId="0d06d507-c7a5-418b-990e-4ba0dc4a7af0" testId="75867a5e-ff4c-4fe0-8f6c-0c4884283028" testName="FormatToStringTest1000 (31971.185406704986,31971.19 zł)" computerName="DESKTOP-5URQ9PB" duration="00:00:00.0000062" startTime="2022-06-13T21:11:52.1584926+02:00" endTime="2022-06-13T21:11:52.1585597+02:00" testType="13cdc9d9-ddb5-4fa4-a97d-d965ccfc6d4b" outcome="Passed" testListId="8c84fa94-04c1-424b-9868-57a2d4851a1d" relativeResultsDirectory="0d06d507-c7a5-418b-990e-4ba0dc4a7af0" />
    <UnitTestResult executionId="c8ea922e-9d89-48c8-9bd1-cfcca305cbe6" testId="2f911cec-4bc5-4633-a140-17e48f7ff8f1" testName="FormatToStringTest1000 (4612.32080757633,4612.32 zł)" computerName="DESKTOP-5URQ9PB" duration="00:00:00.0000095" startTime="2022-06-13T21:11:52.2481056+02:00" endTime="2022-06-13T21:11:52.2482125+02:00" testType="13cdc9d9-ddb5-4fa4-a97d-d965ccfc6d4b" outcome="Passed" testListId="8c84fa94-04c1-424b-9868-57a2d4851a1d" relativeResultsDirectory="c8ea922e-9d89-48c8-9bd1-cfcca305cbe6" />
    <UnitTestResult executionId="430fc212-ebf9-4859-b8fb-a30e731e334e" testId="e9963e70-fa85-42d3-95ab-f72d07059a0c" testName="FormatToStringTest1000 (74514.06270644537,74514.06 zł)" computerName="DESKTOP-5URQ9PB" duration="00:00:00.0000135" startTime="2022-06-13T21:11:51.9764737+02:00" endTime="2022-06-13T21:11:51.9766609+02:00" testType="13cdc9d9-ddb5-4fa4-a97d-d965ccfc6d4b" outcome="Passed" testListId="8c84fa94-04c1-424b-9868-57a2d4851a1d" relativeResultsDirectory="430fc212-ebf9-4859-b8fb-a30e731e334e" />
    <UnitTestResult executionId="5d519115-692f-4db2-86e2-5e8181e3ef44" testId="4d4d4820-f5fa-4bd0-9ab6-423e2ec7e8fc" testName="FormatToStringTest1000 (18340.8953197882,18340.90 zł)" computerName="DESKTOP-5URQ9PB" duration="00:00:00.0000076" startTime="2022-06-13T21:11:52.2591118+02:00" endTime="2022-06-13T21:11:52.2591952+02:00" testType="13cdc9d9-ddb5-4fa4-a97d-d965ccfc6d4b" outcome="Passed" testListId="8c84fa94-04c1-424b-9868-57a2d4851a1d" relativeResultsDirectory="5d519115-692f-4db2-86e2-5e8181e3ef44" />
    <UnitTestResult executionId="0461abc6-4809-4f95-b7b7-5270fb8614d8" testId="06c57aaa-8e11-4fb1-97fb-7c518f897766" testName="FormatToStringTest1000 (2390.7596313784643,2390.76 zł)" computerName="DESKTOP-5URQ9PB" duration="00:00:00.0000060" startTime="2022-06-13T21:11:52.1828628+02:00" endTime="2022-06-13T21:11:52.1829279+02:00" testType="13cdc9d9-ddb5-4fa4-a97d-d965ccfc6d4b" outcome="Passed" testListId="8c84fa94-04c1-424b-9868-57a2d4851a1d" relativeResultsDirectory="0461abc6-4809-4f95-b7b7-5270fb8614d8" />
    <UnitTestResult executionId="0460c599-aeca-47c4-9c8a-007be0d7a3f6" testId="23a8cf96-8504-4fda-9c8b-9db662ff6252" testName="FormatToStringTest1000 (19352.183340702755,19352.18 zł)" computerName="DESKTOP-5URQ9PB" duration="00:00:00.0000062" startTime="2022-06-13T21:11:52.0022730+02:00" endTime="2022-06-13T21:11:52.0023486+02:00" testType="13cdc9d9-ddb5-4fa4-a97d-d965ccfc6d4b" outcome="Passed" testListId="8c84fa94-04c1-424b-9868-57a2d4851a1d" relativeResultsDirectory="0460c599-aeca-47c4-9c8a-007be0d7a3f6" />
    <UnitTestResult executionId="3c529553-333f-42a4-9883-1f600fa03794" testId="26030bce-eb11-4590-9372-72fd039a1717" testName="FormatToStringTest1000 (9867.823212210007,9867.82 zł)" computerName="DESKTOP-5URQ9PB" duration="00:00:00.0000086" startTime="2022-06-13T21:11:51.9732840+02:00" endTime="2022-06-13T21:11:51.9733914+02:00" testType="13cdc9d9-ddb5-4fa4-a97d-d965ccfc6d4b" outcome="Passed" testListId="8c84fa94-04c1-424b-9868-57a2d4851a1d" relativeResultsDirectory="3c529553-333f-42a4-9883-1f600fa03794" />
    <UnitTestResult executionId="8f1a254b-5fd0-4e34-a9e5-47427b35cd82" testId="df9259a1-0056-4fec-8850-193ebd40cab5" testName="FormatToStringTest1000 (3521.3657738167635,3521.37 zł)" computerName="DESKTOP-5URQ9PB" duration="00:00:00.0000083" startTime="2022-06-13T21:11:51.9624862+02:00" endTime="2022-06-13T21:11:51.9625907+02:00" testType="13cdc9d9-ddb5-4fa4-a97d-d965ccfc6d4b" outcome="Passed" testListId="8c84fa94-04c1-424b-9868-57a2d4851a1d" relativeResultsDirectory="8f1a254b-5fd0-4e34-a9e5-47427b35cd82" />
    <UnitTestResult executionId="817edef7-8d8a-411d-b1b8-3c035a826dd6" testId="57721b69-6ac2-4fbd-8c6c-bf3cd9ca1314" testName="FormatToStringTest1000 (1751.1734380625066,1751.17 zł)" computerName="DESKTOP-5URQ9PB" duration="00:00:00.0000062" startTime="2022-06-13T21:11:52.2176594+02:00" endTime="2022-06-13T21:11:52.2177237+02:00" testType="13cdc9d9-ddb5-4fa4-a97d-d965ccfc6d4b" outcome="Passed" testListId="8c84fa94-04c1-424b-9868-57a2d4851a1d" relativeResultsDirectory="817edef7-8d8a-411d-b1b8-3c035a826dd6" />
    <UnitTestResult executionId="3442fe6f-a714-4cd3-96f1-da4d1bba71b8" testId="c5dea314-13ae-433b-86b1-ff9ccae7f0b7" testName="FormatToStringTest1000 (835.1578487740633,835.16 zł)" computerName="DESKTOP-5URQ9PB" duration="00:00:00.0000069" startTime="2022-06-13T21:11:52.1697535+02:00" endTime="2022-06-13T21:11:52.1698197+02:00" testType="13cdc9d9-ddb5-4fa4-a97d-d965ccfc6d4b" outcome="Passed" testListId="8c84fa94-04c1-424b-9868-57a2d4851a1d" relativeResultsDirectory="3442fe6f-a714-4cd3-96f1-da4d1bba71b8" />
    <UnitTestResult executionId="3edc8c75-bcb9-45c3-bc93-875774f95d04" testId="152d4858-171f-4ebd-8ff5-7ea5c76903aa" testName="FormatToStringTest1000 (28502.61128259758,28502.61 zł)" computerName="DESKTOP-5URQ9PB" duration="00:00:00.0000083" startTime="2022-06-13T21:11:51.9559854+02:00" endTime="2022-06-13T21:11:51.9560824+02:00" testType="13cdc9d9-ddb5-4fa4-a97d-d965ccfc6d4b" outcome="Passed" testListId="8c84fa94-04c1-424b-9868-57a2d4851a1d" relativeResultsDirectory="3edc8c75-bcb9-45c3-bc93-875774f95d04" />
    <UnitTestResult executionId="5ac07b13-c022-4088-b03f-5dd94d380647" testId="26e5c99c-f25c-4117-9c0d-3bb6dd6b2634" testName="FormatToStringTest1000 (10066.059180456241,10066.06 zł)" computerName="DESKTOP-5URQ9PB" duration="00:00:00.0000097" startTime="2022-06-13T21:11:52.2442275+02:00" endTime="2022-06-13T21:11:52.2443405+02:00" testType="13cdc9d9-ddb5-4fa4-a97d-d965ccfc6d4b" outcome="Passed" testListId="8c84fa94-04c1-424b-9868-57a2d4851a1d" relativeResultsDirectory="5ac07b13-c022-4088-b03f-5dd94d380647" />
    <UnitTestResult executionId="43fd657d-06cd-484d-8830-fb1319a4f706" testId="e46b7842-ecde-4daa-86a3-de331b95467a" testName="FormatToStringTest1000 (43858.624379632354,43858.62 zł)" computerName="DESKTOP-5URQ9PB" duration="00:00:00.0000062" startTime="2022-06-13T21:11:52.2199242+02:00" endTime="2022-06-13T21:11:52.2199891+02:00" testType="13cdc9d9-ddb5-4fa4-a97d-d965ccfc6d4b" outcome="Passed" testListId="8c84fa94-04c1-424b-9868-57a2d4851a1d" relativeResultsDirectory="43fd657d-06cd-484d-8830-fb1319a4f706" />
    <UnitTestResult executionId="22bc6e53-1e1c-4ee1-8243-af4499d8f62a" testId="6b6ce775-ca74-4e25-bb9f-a0cb3dd08189" testName="FormatToStringTest1000 (13455.521105358153,13455.52 zł)" computerName="DESKTOP-5URQ9PB" duration="00:00:00.0000062" startTime="2022-06-13T21:11:52.2312054+02:00" endTime="2022-06-13T21:11:52.2312727+02:00" testType="13cdc9d9-ddb5-4fa4-a97d-d965ccfc6d4b" outcome="Passed" testListId="8c84fa94-04c1-424b-9868-57a2d4851a1d" relativeResultsDirectory="22bc6e53-1e1c-4ee1-8243-af4499d8f62a" />
    <UnitTestResult executionId="058872ae-7dd3-4a0a-9859-73c7b1ff95e3" testId="7adafde2-40ba-4580-934d-b6f574ec2d19" testName="FormatToStringTest1000 (48428.38681602682,48428.39 zł)" computerName="DESKTOP-5URQ9PB" duration="00:00:00.0000063" startTime="2022-06-13T21:11:52.0625250+02:00" endTime="2022-06-13T21:11:52.0625928+02:00" testType="13cdc9d9-ddb5-4fa4-a97d-d965ccfc6d4b" outcome="Passed" testListId="8c84fa94-04c1-424b-9868-57a2d4851a1d" relativeResultsDirectory="058872ae-7dd3-4a0a-9859-73c7b1ff95e3" />
    <UnitTestResult executionId="9c841098-a2d0-4445-b29d-de98b372fd1f" testId="6f15d719-b7a7-420e-bcf2-b5acf9f50a57" testName="FormatToStringTest1000 (4812.162927013898,4812.16 zł)" computerName="DESKTOP-5URQ9PB" duration="00:00:00.0000065" startTime="2022-06-13T21:11:52.0541198+02:00" endTime="2022-06-13T21:11:52.0542007+02:00" testType="13cdc9d9-ddb5-4fa4-a97d-d965ccfc6d4b" outcome="Passed" testListId="8c84fa94-04c1-424b-9868-57a2d4851a1d" relativeResultsDirectory="9c841098-a2d0-4445-b29d-de98b372fd1f" />
    <UnitTestResult executionId="edf89779-85a3-4eae-94f1-c7a7e09cc856" testId="4f919444-8a9a-4667-a747-f3c07aa0da4e" testName="FormatToStringTest1000 (3588.260979617136,3588.26 zł)" computerName="DESKTOP-5URQ9PB" duration="00:00:00.0000062" startTime="2022-06-13T21:11:52.2394798+02:00" endTime="2022-06-13T21:11:52.2395465+02:00" testType="13cdc9d9-ddb5-4fa4-a97d-d965ccfc6d4b" outcome="Passed" testListId="8c84fa94-04c1-424b-9868-57a2d4851a1d" relativeResultsDirectory="edf89779-85a3-4eae-94f1-c7a7e09cc856" />
    <UnitTestResult executionId="d1d453bb-3b45-4aa3-b40c-dd636ebdcdc7" testId="e3d3f3df-e3c8-43c6-ad9a-7b4b81a1afd0" testName="FormatToStringTest1000 (15509.637406484986,15509.64 zł)" computerName="DESKTOP-5URQ9PB" duration="00:00:00.0000067" startTime="2022-06-13T21:11:51.9945122+02:00" endTime="2022-06-13T21:11:51.9945969+02:00" testType="13cdc9d9-ddb5-4fa4-a97d-d965ccfc6d4b" outcome="Passed" testListId="8c84fa94-04c1-424b-9868-57a2d4851a1d" relativeResultsDirectory="d1d453bb-3b45-4aa3-b40c-dd636ebdcdc7" />
    <UnitTestResult executionId="f4527aeb-bfae-410d-88bc-ee3079efa1b1" testId="aaf8bfc5-94c5-44c9-96ab-f0d4ee74afa8" testName="FormatToStringTest1000 (57436.33241095409,57436.33 zł)" computerName="DESKTOP-5URQ9PB" duration="00:00:00.0000069" startTime="2022-06-13T21:11:52.0688185+02:00" endTime="2022-06-13T21:11:52.0688979+02:00" testType="13cdc9d9-ddb5-4fa4-a97d-d965ccfc6d4b" outcome="Passed" testListId="8c84fa94-04c1-424b-9868-57a2d4851a1d" relativeResultsDirectory="f4527aeb-bfae-410d-88bc-ee3079efa1b1" />
    <UnitTestResult executionId="08945e0d-7968-47a6-8987-2f515485ab83" testId="b6946e21-b114-46f7-a132-fcf2fe3ad6b9" testName="FormatToStringTest1000 (67109.22110940759,67109.22 zł)" computerName="DESKTOP-5URQ9PB" duration="00:00:00.0000071" startTime="2022-06-13T21:11:52.2392026+02:00" endTime="2022-06-13T21:11:52.2392820+02:00" testType="13cdc9d9-ddb5-4fa4-a97d-d965ccfc6d4b" outcome="Passed" testListId="8c84fa94-04c1-424b-9868-57a2d4851a1d" relativeResultsDirectory="08945e0d-7968-47a6-8987-2f515485ab83" />
    <UnitTestResult executionId="15011a6a-f0b9-41c3-8d10-148e3ecf0af3" testId="8f2a2961-b3a8-4d98-b7af-f3b0faa1cf5e" testName="FormatToStringTest1000 (31622.81414407809,31622.81 zł)" computerName="DESKTOP-5URQ9PB" duration="00:00:00.0000060" startTime="2022-06-13T21:11:52.2635972+02:00" endTime="2022-06-13T21:11:52.2636607+02:00" testType="13cdc9d9-ddb5-4fa4-a97d-d965ccfc6d4b" outcome="Passed" testListId="8c84fa94-04c1-424b-9868-57a2d4851a1d" relativeResultsDirectory="15011a6a-f0b9-41c3-8d10-148e3ecf0af3" />
    <UnitTestResult executionId="5060d894-a411-4b03-8ad3-45b11a6a734b" testId="53196077-7eb5-49c2-90ad-dadf3a930ada" testName="FormatToStringTest1000 (13286.856387228174,13286.86 zł)" computerName="DESKTOP-5URQ9PB" duration="00:00:00.0000063" startTime="2022-06-13T21:11:52.2257968+02:00" endTime="2022-06-13T21:11:52.2258671+02:00" testType="13cdc9d9-ddb5-4fa4-a97d-d965ccfc6d4b" outcome="Passed" testListId="8c84fa94-04c1-424b-9868-57a2d4851a1d" relativeResultsDirectory="5060d894-a411-4b03-8ad3-45b11a6a734b" />
    <UnitTestResult executionId="d7e7953f-7f30-47de-85d9-d47f4f89cb6b" testId="edaaa1a5-7d49-4e25-8b55-545d1259463f" testName="FormatToStringTest1000 (20978.860218282258,20978.86 zł)" computerName="DESKTOP-5URQ9PB" duration="00:00:00.0000109" startTime="2022-06-13T21:11:52.0463002+02:00" endTime="2022-06-13T21:11:52.0464137+02:00" testType="13cdc9d9-ddb5-4fa4-a97d-d965ccfc6d4b" outcome="Passed" testListId="8c84fa94-04c1-424b-9868-57a2d4851a1d" relativeResultsDirectory="d7e7953f-7f30-47de-85d9-d47f4f89cb6b" />
    <UnitTestResult executionId="e0c6cf96-5e15-4f58-90eb-6f25118a76c8" testId="dbd212a3-e5da-4b65-bb26-81b528608dac" testName="FormatToStringTest1000 (19462.729986486367,19462.73 zł)" computerName="DESKTOP-5URQ9PB" duration="00:00:00.0000075" startTime="2022-06-13T21:11:52.2024088+02:00" endTime="2022-06-13T21:11:52.2024921+02:00" testType="13cdc9d9-ddb5-4fa4-a97d-d965ccfc6d4b" outcome="Passed" testListId="8c84fa94-04c1-424b-9868-57a2d4851a1d" relativeResultsDirectory="e0c6cf96-5e15-4f58-90eb-6f25118a76c8" />
    <UnitTestResult executionId="de6c1a4a-54e1-427d-b18a-2f5474336f58" testId="3c94d121-91e9-4bb4-8e5e-cbb9359b55db" testName="FormatToStringTest1000 (6676.5680544784145,6676.57 zł)" computerName="DESKTOP-5URQ9PB" duration="00:00:00.0000061" startTime="2022-06-13T21:11:52.2810201+02:00" endTime="2022-06-13T21:11:52.2810839+02:00" testType="13cdc9d9-ddb5-4fa4-a97d-d965ccfc6d4b" outcome="Passed" testListId="8c84fa94-04c1-424b-9868-57a2d4851a1d" relativeResultsDirectory="de6c1a4a-54e1-427d-b18a-2f5474336f58" />
    <UnitTestResult executionId="58c7ea13-9e30-4b2c-8205-9cafa5c54f9f" testId="b77b7fd0-bc77-40ac-b1f9-3b10cc148068" testName="FormatToStringTest1000 (57525.72988993569,57525.73 zł)" computerName="DESKTOP-5URQ9PB" duration="00:00:00.0000061" startTime="2022-06-13T21:11:52.1695875+02:00" endTime="2022-06-13T21:11:52.1696534+02:00" testType="13cdc9d9-ddb5-4fa4-a97d-d965ccfc6d4b" outcome="Passed" testListId="8c84fa94-04c1-424b-9868-57a2d4851a1d" relativeResultsDirectory="58c7ea13-9e30-4b2c-8205-9cafa5c54f9f" />
    <UnitTestResult executionId="f1cc4684-3cfd-4e23-86ee-e5987edf3a82" testId="c409b3c5-92ad-4562-a745-3d240859a2f9" testName="FormatToStringTest1000 (14712.754747761765,14712.75 zł)" computerName="DESKTOP-5URQ9PB" duration="00:00:00.0000062" startTime="2022-06-13T21:11:52.2310337+02:00" endTime="2022-06-13T21:11:52.2311012+02:00" testType="13cdc9d9-ddb5-4fa4-a97d-d965ccfc6d4b" outcome="Passed" testListId="8c84fa94-04c1-424b-9868-57a2d4851a1d" relativeResultsDirectory="f1cc4684-3cfd-4e23-86ee-e5987edf3a82" />
    <UnitTestResult executionId="446d7ed8-49f5-4e16-a0fc-e9fbe1779d29" testId="6bfaedce-a6db-4abe-9397-326c6b2fa11b" testName="FormatToStringTest1000 (50991.22189691114,50991.22 zł)" computerName="DESKTOP-5URQ9PB" duration="00:00:00.0000079" startTime="2022-06-13T21:11:51.9679531+02:00" endTime="2022-06-13T21:11:51.9680486+02:00" testType="13cdc9d9-ddb5-4fa4-a97d-d965ccfc6d4b" outcome="Passed" testListId="8c84fa94-04c1-424b-9868-57a2d4851a1d" relativeResultsDirectory="446d7ed8-49f5-4e16-a0fc-e9fbe1779d29" />
    <UnitTestResult executionId="dd29825a-a89d-4106-9731-9d82f982bc6a" testId="40296583-c7f1-48a7-aa5e-15d5413e6376" testName="FormatToStringTest1000 (34060.48467268724,34060.48 zł)" computerName="DESKTOP-5URQ9PB" duration="00:00:00.0000069" startTime="2022-06-13T21:11:52.2155449+02:00" endTime="2022-06-13T21:11:52.2156206+02:00" testType="13cdc9d9-ddb5-4fa4-a97d-d965ccfc6d4b" outcome="Passed" testListId="8c84fa94-04c1-424b-9868-57a2d4851a1d" relativeResultsDirectory="dd29825a-a89d-4106-9731-9d82f982bc6a" />
    <UnitTestResult executionId="351d986e-7003-4c64-89fa-980d37e60236" testId="3e20b32c-1da1-4dba-9177-fd4f90cffb9d" testName="FormatToStringTest1000 (38640.62766693003,38640.63 zł)" computerName="DESKTOP-5URQ9PB" duration="00:00:00.0000063" startTime="2022-06-13T21:11:51.9385429+02:00" endTime="2022-06-13T21:11:51.9386110+02:00" testType="13cdc9d9-ddb5-4fa4-a97d-d965ccfc6d4b" outcome="Passed" testListId="8c84fa94-04c1-424b-9868-57a2d4851a1d" relativeResultsDirectory="351d986e-7003-4c64-89fa-980d37e60236" />
    <UnitTestResult executionId="414089a4-415a-423d-8d9a-f5aa7f11fde3" testId="0b0c6e4e-2418-438e-a680-3e912f331108" testName="FormatToStringTest1000 (97129.75160633575,97129.75 zł)" computerName="DESKTOP-5URQ9PB" duration="00:00:00.0000063" startTime="2022-06-13T21:11:52.0631272+02:00" endTime="2022-06-13T21:11:52.0631942+02:00" testType="13cdc9d9-ddb5-4fa4-a97d-d965ccfc6d4b" outcome="Passed" testListId="8c84fa94-04c1-424b-9868-57a2d4851a1d" relativeResultsDirectory="414089a4-415a-423d-8d9a-f5aa7f11fde3" />
    <UnitTestResult executionId="0f3c73af-7fbc-4fbb-8aed-3e9a230fb334" testId="0a4afd62-f8a8-4ea2-8aa9-0d63642027d0" testName="FormatToStringTest1000 (70581.91150977784,70581.91 zł)" computerName="DESKTOP-5URQ9PB" duration="00:00:00.0000069" startTime="2022-06-13T21:11:52.1713093+02:00" endTime="2022-06-13T21:11:52.1713891+02:00" testType="13cdc9d9-ddb5-4fa4-a97d-d965ccfc6d4b" outcome="Passed" testListId="8c84fa94-04c1-424b-9868-57a2d4851a1d" relativeResultsDirectory="0f3c73af-7fbc-4fbb-8aed-3e9a230fb334" />
    <UnitTestResult executionId="8d94cbf6-e1ae-450a-8e68-ec78d249a5b0" testId="728876fe-62cf-4e78-a220-2c1553f72055" testName="FormatToStringTest1000 (598.1279707877561,598.13 zł)" computerName="DESKTOP-5URQ9PB" duration="00:00:00.0000108" startTime="2022-06-13T21:11:52.1947546+02:00" endTime="2022-06-13T21:11:52.1949237+02:00" testType="13cdc9d9-ddb5-4fa4-a97d-d965ccfc6d4b" outcome="Passed" testListId="8c84fa94-04c1-424b-9868-57a2d4851a1d" relativeResultsDirectory="8d94cbf6-e1ae-450a-8e68-ec78d249a5b0" />
    <UnitTestResult executionId="4bef7571-89e5-4edf-b443-f7b848740c3c" testId="042b57a1-8f04-46ca-855b-162f7a200a4a" testName="FormatToStringTest1000 (29796.909338079815,29796.91 zł)" computerName="DESKTOP-5URQ9PB" duration="00:00:00.0000070" startTime="2022-06-13T21:11:52.2764061+02:00" endTime="2022-06-13T21:11:52.2764837+02:00" testType="13cdc9d9-ddb5-4fa4-a97d-d965ccfc6d4b" outcome="Passed" testListId="8c84fa94-04c1-424b-9868-57a2d4851a1d" relativeResultsDirectory="4bef7571-89e5-4edf-b443-f7b848740c3c" />
    <UnitTestResult executionId="b5fb30d3-acec-4c1e-aeef-0a985a5c3b68" testId="0bf0c462-e4ca-4a47-8878-bd5f89290a52" testName="FormatToStringTest1000 (7621.507806692509,7621.51 zł)" computerName="DESKTOP-5URQ9PB" duration="00:00:00.0000064" startTime="2022-06-13T21:11:52.1093225+02:00" endTime="2022-06-13T21:11:52.1093930+02:00" testType="13cdc9d9-ddb5-4fa4-a97d-d965ccfc6d4b" outcome="Passed" testListId="8c84fa94-04c1-424b-9868-57a2d4851a1d" relativeResultsDirectory="b5fb30d3-acec-4c1e-aeef-0a985a5c3b68" />
    <UnitTestResult executionId="66797a17-599c-49a9-a678-f32494525fc2" testId="dc1176a4-97e7-450b-80bd-c32ebbae4e3f" testName="FormatToStringTest1000 (41008.28505327194,41008.29 zł)" computerName="DESKTOP-5URQ9PB" duration="00:00:00.0000061" startTime="2022-06-13T21:11:52.2198436+02:00" endTime="2022-06-13T21:11:52.2199076+02:00" testType="13cdc9d9-ddb5-4fa4-a97d-d965ccfc6d4b" outcome="Passed" testListId="8c84fa94-04c1-424b-9868-57a2d4851a1d" relativeResultsDirectory="66797a17-599c-49a9-a678-f32494525fc2" />
    <UnitTestResult executionId="5ec71c69-eff3-417d-ad33-36d914c17a8d" testId="0ab74d95-b105-4cea-a124-1b70bfb81555" testName="FormatToStringTest1000 (1664.7834932994022,1664.78 zł)" computerName="DESKTOP-5URQ9PB" duration="00:00:00.0000061" startTime="2022-06-13T21:11:52.2766657+02:00" endTime="2022-06-13T21:11:52.2767299+02:00" testType="13cdc9d9-ddb5-4fa4-a97d-d965ccfc6d4b" outcome="Passed" testListId="8c84fa94-04c1-424b-9868-57a2d4851a1d" relativeResultsDirectory="5ec71c69-eff3-417d-ad33-36d914c17a8d" />
    <UnitTestResult executionId="a16a0e6c-1eba-4664-ae62-574ea7899adf" testId="666b14d7-0c69-4d2e-a9f1-91c5d043de2d" testName="FormatToStringTest1000 (33699.13042082038,33699.13 zł)" computerName="DESKTOP-5URQ9PB" duration="00:00:00.0000094" startTime="2022-06-13T21:11:52.1938354+02:00" endTime="2022-06-13T21:11:52.1939490+02:00" testType="13cdc9d9-ddb5-4fa4-a97d-d965ccfc6d4b" outcome="Passed" testListId="8c84fa94-04c1-424b-9868-57a2d4851a1d" relativeResultsDirectory="a16a0e6c-1eba-4664-ae62-574ea7899adf" />
    <UnitTestResult executionId="e9160fb4-0065-41ed-bdca-8ecd6c0544ed" testId="657e2457-8e34-425e-9158-f86e7beca1c5" testName="FormatToStringTest1000 (61324.33752458279,61324.34 zł)" computerName="DESKTOP-5URQ9PB" duration="00:00:00.0000061" startTime="2022-06-13T21:11:52.0939263+02:00" endTime="2022-06-13T21:11:52.0939928+02:00" testType="13cdc9d9-ddb5-4fa4-a97d-d965ccfc6d4b" outcome="Passed" testListId="8c84fa94-04c1-424b-9868-57a2d4851a1d" relativeResultsDirectory="e9160fb4-0065-41ed-bdca-8ecd6c0544ed" />
    <UnitTestResult executionId="00f9741e-660f-4c97-87c9-c0c78c935a8b" testId="31b23b82-2bce-43a9-83f9-febf4bae20bc" testName="FormatToStringTest1000 (54275.73209373408,54275.73 zł)" computerName="DESKTOP-5URQ9PB" duration="00:00:00.0000063" startTime="2022-06-13T21:11:52.2418867+02:00" endTime="2022-06-13T21:11:52.2419532+02:00" testType="13cdc9d9-ddb5-4fa4-a97d-d965ccfc6d4b" outcome="Passed" testListId="8c84fa94-04c1-424b-9868-57a2d4851a1d" relativeResultsDirectory="00f9741e-660f-4c97-87c9-c0c78c935a8b" />
    <UnitTestResult executionId="30b1b61f-0b14-49d6-ada6-1345d8299178" testId="6bab2731-979a-469b-8c19-ee9da4b46643" testName="FormatToStringTest1000 (10268.547802396373,10268.55 zł)" computerName="DESKTOP-5URQ9PB" duration="00:00:00.0000077" startTime="2022-06-13T21:11:51.9681979+02:00" endTime="2022-06-13T21:11:51.9682959+02:00" testType="13cdc9d9-ddb5-4fa4-a97d-d965ccfc6d4b" outcome="Passed" testListId="8c84fa94-04c1-424b-9868-57a2d4851a1d" relativeResultsDirectory="30b1b61f-0b14-49d6-ada6-1345d8299178" />
    <UnitTestResult executionId="67a154f8-11ca-4517-87c0-cc623981bd14" testId="a3422ccd-667c-4539-abfc-c444451d7970" testName="FormatToStringTest1000 (23684.695462791573,23684.70 zł)" computerName="DESKTOP-5URQ9PB" duration="00:00:00.0000063" startTime="2022-06-13T21:11:52.2006817+02:00" endTime="2022-06-13T21:11:52.2007476+02:00" testType="13cdc9d9-ddb5-4fa4-a97d-d965ccfc6d4b" outcome="Passed" testListId="8c84fa94-04c1-424b-9868-57a2d4851a1d" relativeResultsDirectory="67a154f8-11ca-4517-87c0-cc623981bd14" />
    <UnitTestResult executionId="ecad00d3-b637-40fe-9a3c-4cbbcee908a9" testId="2be64d24-57b2-406a-8955-18edd83e926f" testName="FormatToStringTest1000 (18490.912787030877,18490.91 zł)" computerName="DESKTOP-5URQ9PB" duration="00:00:00.0000061" startTime="2022-06-13T21:11:52.2158838+02:00" endTime="2022-06-13T21:11:52.2159480+02:00" testType="13cdc9d9-ddb5-4fa4-a97d-d965ccfc6d4b" outcome="Passed" testListId="8c84fa94-04c1-424b-9868-57a2d4851a1d" relativeResultsDirectory="ecad00d3-b637-40fe-9a3c-4cbbcee908a9" />
    <UnitTestResult executionId="b9a853d5-4019-459c-be52-9d2b0d38d7da" testId="aa903bb0-2242-4f0d-9604-9c48707a801e" testName="FormatToStringTest1000 (62975.496334776515,62975.50 zł)" computerName="DESKTOP-5URQ9PB" duration="00:00:00.0000070" startTime="2022-06-13T21:11:51.9734167+02:00" endTime="2022-06-13T21:11:51.9735171+02:00" testType="13cdc9d9-ddb5-4fa4-a97d-d965ccfc6d4b" outcome="Passed" testListId="8c84fa94-04c1-424b-9868-57a2d4851a1d" relativeResultsDirectory="b9a853d5-4019-459c-be52-9d2b0d38d7da" />
    <UnitTestResult executionId="3f12a21e-7454-4abf-85f1-2eb5233f1c33" testId="d280e0af-b363-4ed5-81f3-22403b5a1cd5" testName="FormatToStringTest1000 (7813.027778348433,7813.03 zł)" computerName="DESKTOP-5URQ9PB" duration="00:00:00.0000076" startTime="2022-06-13T21:11:52.2004009+02:00" endTime="2022-06-13T21:11:52.2004885+02:00" testType="13cdc9d9-ddb5-4fa4-a97d-d965ccfc6d4b" outcome="Passed" testListId="8c84fa94-04c1-424b-9868-57a2d4851a1d" relativeResultsDirectory="3f12a21e-7454-4abf-85f1-2eb5233f1c33" />
    <UnitTestResult executionId="31459c00-7ef7-4f39-89c9-08d206b9d68a" testId="9abf1978-53cc-4a17-9282-7bdfefcad87b" testName="FormatToStringTest1000 (13478.157112043891,13478.16 zł)" computerName="DESKTOP-5URQ9PB" duration="00:00:00.0000061" startTime="2022-06-13T21:11:52.1719085+02:00" endTime="2022-06-13T21:11:52.1719742+02:00" testType="13cdc9d9-ddb5-4fa4-a97d-d965ccfc6d4b" outcome="Passed" testListId="8c84fa94-04c1-424b-9868-57a2d4851a1d" relativeResultsDirectory="31459c00-7ef7-4f39-89c9-08d206b9d68a" />
    <UnitTestResult executionId="7b329b6d-89c5-4e9e-93bf-c59cbcc60b01" testId="4306ba5e-7c97-446b-8da8-b8fb67220b1c" testName="FormatToStringTest1000 (1896.1704506483723,1896.17 zł)" computerName="DESKTOP-5URQ9PB" duration="00:00:00.0000067" startTime="2022-06-13T21:11:52.0547509+02:00" endTime="2022-06-13T21:11:52.0548296+02:00" testType="13cdc9d9-ddb5-4fa4-a97d-d965ccfc6d4b" outcome="Passed" testListId="8c84fa94-04c1-424b-9868-57a2d4851a1d" relativeResultsDirectory="7b329b6d-89c5-4e9e-93bf-c59cbcc60b01" />
    <UnitTestResult executionId="76ac2d2c-a79f-4b7c-ad12-75e7a32d49e7" testId="6ec8186c-49a5-457b-9970-b3de68ec7c0d" testName="FormatToStringTest1000 (19397.344749736294,19397.34 zł)" computerName="DESKTOP-5URQ9PB" duration="00:00:00.0000061" startTime="2022-06-13T21:11:52.2597100+02:00" endTime="2022-06-13T21:11:52.2597751+02:00" testType="13cdc9d9-ddb5-4fa4-a97d-d965ccfc6d4b" outcome="Passed" testListId="8c84fa94-04c1-424b-9868-57a2d4851a1d" relativeResultsDirectory="76ac2d2c-a79f-4b7c-ad12-75e7a32d49e7" />
    <UnitTestResult executionId="86883f0d-6a39-489c-ac7d-d5c6c0f3c2c4" testId="1c0f8749-be4e-4181-8fdc-bc3b93e4091e" testName="FormatToStringTest1000 (31315.40354898544,31315.40 zł)" computerName="DESKTOP-5URQ9PB" duration="00:00:00.0000069" startTime="2022-06-13T21:11:52.2030091+02:00" endTime="2022-06-13T21:11:52.2030740+02:00" testType="13cdc9d9-ddb5-4fa4-a97d-d965ccfc6d4b" outcome="Passed" testListId="8c84fa94-04c1-424b-9868-57a2d4851a1d" relativeResultsDirectory="86883f0d-6a39-489c-ac7d-d5c6c0f3c2c4" />
    <UnitTestResult executionId="0b758c5d-aa79-40be-a835-a7cd2f558f5f" testId="0a11b699-bacb-48d9-90ab-2f1b74cc0776" testName="FormatToStringTest1000 (4139.032615562451,4139.03 zł)" computerName="DESKTOP-5URQ9PB" duration="00:00:00.0000061" startTime="2022-06-13T21:11:52.2158022+02:00" endTime="2022-06-13T21:11:52.2158661+02:00" testType="13cdc9d9-ddb5-4fa4-a97d-d965ccfc6d4b" outcome="Passed" testListId="8c84fa94-04c1-424b-9868-57a2d4851a1d" relativeResultsDirectory="0b758c5d-aa79-40be-a835-a7cd2f558f5f" />
    <UnitTestResult executionId="4de46e01-7c4b-4e51-9995-2e220cfe0952" testId="3c0d4a77-965c-49a3-9a15-699ff12ccce0" testName="FormatToStringTest1000 (2346.9964869427477,2347.00 zł)" computerName="DESKTOP-5URQ9PB" duration="00:00:00.0000062" startTime="2022-06-13T21:11:52.0858160+02:00" endTime="2022-06-13T21:11:52.0858833+02:00" testType="13cdc9d9-ddb5-4fa4-a97d-d965ccfc6d4b" outcome="Passed" testListId="8c84fa94-04c1-424b-9868-57a2d4851a1d" relativeResultsDirectory="4de46e01-7c4b-4e51-9995-2e220cfe0952" />
    <UnitTestResult executionId="eadb3351-7984-4454-9a14-f42f72a2a891" testId="d909742d-071e-4a8e-8b34-05bd3681f478" testName="FormatToStringTest1000 (49256.47455728635,49256.47 zł)" computerName="DESKTOP-5URQ9PB" duration="00:00:00.0000062" startTime="2022-06-13T21:11:52.2765839+02:00" endTime="2022-06-13T21:11:52.2766489+02:00" testType="13cdc9d9-ddb5-4fa4-a97d-d965ccfc6d4b" outcome="Passed" testListId="8c84fa94-04c1-424b-9868-57a2d4851a1d" relativeResultsDirectory="eadb3351-7984-4454-9a14-f42f72a2a891" />
    <UnitTestResult executionId="4cce5a1c-734b-4c6c-b743-77c0a1d00459" testId="aa67f50c-98eb-405e-aab8-ca411ec9d2ea" testName="FormatToStringTest1000 (13027.93935961739,13027.94 zł)" computerName="DESKTOP-5URQ9PB" duration="00:00:00.0000064" startTime="2022-06-13T21:11:52.1320874+02:00" endTime="2022-06-13T21:11:52.1321568+02:00" testType="13cdc9d9-ddb5-4fa4-a97d-d965ccfc6d4b" outcome="Passed" testListId="8c84fa94-04c1-424b-9868-57a2d4851a1d" relativeResultsDirectory="4cce5a1c-734b-4c6c-b743-77c0a1d00459" />
    <UnitTestResult executionId="658b7de6-53f5-4619-8cc5-ccaa08305bb0" testId="52b3dc30-c96c-40e3-bccf-ac4b5d1575be" testName="FormatToStringTest1000 (3799.9216302064815,3799.92 zł)" computerName="DESKTOP-5URQ9PB" duration="00:00:00.0000061" startTime="2022-06-13T21:11:52.0761552+02:00" endTime="2022-06-13T21:11:52.0762213+02:00" testType="13cdc9d9-ddb5-4fa4-a97d-d965ccfc6d4b" outcome="Passed" testListId="8c84fa94-04c1-424b-9868-57a2d4851a1d" relativeResultsDirectory="658b7de6-53f5-4619-8cc5-ccaa08305bb0" />
    <UnitTestResult executionId="421037af-00ac-449f-96de-b3daac86f616" testId="deb99b38-c34e-4d19-989d-5d303a13c998" testName="FormatToStringTest1000 (46391.661094229516,46391.66 zł)" computerName="DESKTOP-5URQ9PB" duration="00:00:00.0000062" startTime="2022-06-13T21:11:52.2335583+02:00" endTime="2022-06-13T21:11:52.2336253+02:00" testType="13cdc9d9-ddb5-4fa4-a97d-d965ccfc6d4b" outcome="Passed" testListId="8c84fa94-04c1-424b-9868-57a2d4851a1d" relativeResultsDirectory="421037af-00ac-449f-96de-b3daac86f616" />
    <UnitTestResult executionId="81af3524-489f-4f3d-b655-0c5434ad34f6" testId="09de5e82-87b8-45a0-a3a5-3bb0bd4e8ea4" testName="FormatToStringTest1000 (50507.0104155615,50507.01 zł)" computerName="DESKTOP-5URQ9PB" duration="00:00:00.0000076" startTime="2022-06-13T21:11:52.2630872+02:00" endTime="2022-06-13T21:11:52.2631664+02:00" testType="13cdc9d9-ddb5-4fa4-a97d-d965ccfc6d4b" outcome="Passed" testListId="8c84fa94-04c1-424b-9868-57a2d4851a1d" relativeResultsDirectory="81af3524-489f-4f3d-b655-0c5434ad34f6" />
    <UnitTestResult executionId="88cae428-d948-4325-882c-466c7adeb895" testId="e449489d-612e-4c2e-ba84-dc5cb1b4cf9c" testName="FormatToStringTest1000 (14198.39903067723,14198.40 zł)" computerName="DESKTOP-5URQ9PB" duration="00:00:00.0000063" startTime="2022-06-13T21:11:52.2691733+02:00" endTime="2022-06-13T21:11:52.2692386+02:00" testType="13cdc9d9-ddb5-4fa4-a97d-d965ccfc6d4b" outcome="Passed" testListId="8c84fa94-04c1-424b-9868-57a2d4851a1d" relativeResultsDirectory="88cae428-d948-4325-882c-466c7adeb895" />
    <UnitTestResult executionId="18690770-a12c-4701-aad0-257a25936e52" testId="9b1a0f7a-c986-4da9-886a-c6d5bc29c734" testName="FormatToStringTest1000 (13046.352146307172,13046.35 zł)" computerName="DESKTOP-5URQ9PB" duration="00:00:00.0000069" startTime="2022-06-13T21:11:52.2633564+02:00" endTime="2022-06-13T21:11:52.2634212+02:00" testType="13cdc9d9-ddb5-4fa4-a97d-d965ccfc6d4b" outcome="Passed" testListId="8c84fa94-04c1-424b-9868-57a2d4851a1d" relativeResultsDirectory="18690770-a12c-4701-aad0-257a25936e52" />
    <UnitTestResult executionId="1bfb58c3-7c42-4b75-b0ce-6122735cbbbf" testId="105fcf45-c4c3-4c2c-9787-2bef1607df5e" testName="FormatToStringTest1000 (27187.549022783314,27187.55 zł)" computerName="DESKTOP-5URQ9PB" duration="00:00:00.0000063" startTime="2022-06-13T21:11:52.1318213+02:00" endTime="2022-06-13T21:11:52.1318913+02:00" testType="13cdc9d9-ddb5-4fa4-a97d-d965ccfc6d4b" outcome="Passed" testListId="8c84fa94-04c1-424b-9868-57a2d4851a1d" relativeResultsDirectory="1bfb58c3-7c42-4b75-b0ce-6122735cbbbf" />
    <UnitTestResult executionId="9d58cfa2-d64f-410f-85c0-7d26f652b5fb" testId="e386be2d-9390-4065-8cb0-c14601d9413b" testName="FormatToStringTest1000 (65947.64520381515,65947.65 zł)" computerName="DESKTOP-5URQ9PB" duration="00:00:00.0000062" startTime="2022-06-13T21:11:52.1586712+02:00" endTime="2022-06-13T21:11:52.1587385+02:00" testType="13cdc9d9-ddb5-4fa4-a97d-d965ccfc6d4b" outcome="Passed" testListId="8c84fa94-04c1-424b-9868-57a2d4851a1d" relativeResultsDirectory="9d58cfa2-d64f-410f-85c0-7d26f652b5fb" />
    <UnitTestResult executionId="81f8f210-3783-4267-904d-c0812842c622" testId="2b7d5245-a8ba-411d-a13c-adcd753b30ce" testName="FormatToStringTest1000 (45955.903045959254,45955.90 zł)" computerName="DESKTOP-5URQ9PB" duration="00:00:00.0000063" startTime="2022-06-13T21:11:52.2101277+02:00" endTime="2022-06-13T21:11:52.2101923+02:00" testType="13cdc9d9-ddb5-4fa4-a97d-d965ccfc6d4b" outcome="Passed" testListId="8c84fa94-04c1-424b-9868-57a2d4851a1d" relativeResultsDirectory="81f8f210-3783-4267-904d-c0812842c622" />
    <UnitTestResult executionId="be501d76-2c31-4a51-a510-659680664553" testId="f1753e46-ee9b-4617-9545-13a8d7abbeae" testName="FormatToStringTest1000 (32218.080508120394,32218.08 zł)" computerName="DESKTOP-5URQ9PB" duration="00:00:00.0000064" startTime="2022-06-13T21:11:51.9771844+02:00" endTime="2022-06-13T21:11:51.9772583+02:00" testType="13cdc9d9-ddb5-4fa4-a97d-d965ccfc6d4b" outcome="Passed" testListId="8c84fa94-04c1-424b-9868-57a2d4851a1d" relativeResultsDirectory="be501d76-2c31-4a51-a510-659680664553" />
    <UnitTestResult executionId="3e4e1c95-fc31-42f0-bcbf-fc704ac130b1" testId="64bd3b11-e71b-46c1-89f5-7855093342ab" testName="FormatToStringTest1000 (22743.19734205827,22743.20 zł)" computerName="DESKTOP-5URQ9PB" duration="00:00:00.0000112" startTime="2022-06-13T21:11:52.0721944+02:00" endTime="2022-06-13T21:11:52.0723557+02:00" testType="13cdc9d9-ddb5-4fa4-a97d-d965ccfc6d4b" outcome="Passed" testListId="8c84fa94-04c1-424b-9868-57a2d4851a1d" relativeResultsDirectory="3e4e1c95-fc31-42f0-bcbf-fc704ac130b1" />
    <UnitTestResult executionId="12b9fb65-44f4-44b8-a3ee-168bb7e80cb5" testId="3b813775-0aa8-45cf-91a7-2fb31aba61d5" testName="FormatToStringTest1000 (44361.82678515177,44361.83 zł)" computerName="DESKTOP-5URQ9PB" duration="00:00:00.0000062" startTime="2022-06-13T21:11:52.2634379+02:00" endTime="2022-06-13T21:11:52.2635016+02:00" testType="13cdc9d9-ddb5-4fa4-a97d-d965ccfc6d4b" outcome="Passed" testListId="8c84fa94-04c1-424b-9868-57a2d4851a1d" relativeResultsDirectory="12b9fb65-44f4-44b8-a3ee-168bb7e80cb5" />
    <UnitTestResult executionId="82fc94fa-5f9c-41c5-b1cd-d4c16d5c8d93" testId="3b96c429-49f8-48b7-873c-f1259e018c0b" testName="FormatToStringTest1000 (24308.26523149212,24308.27 zł)" computerName="DESKTOP-5URQ9PB" duration="00:00:00.0000077" startTime="2022-06-13T21:11:52.2610952+02:00" endTime="2022-06-13T21:11:52.2611757+02:00" testType="13cdc9d9-ddb5-4fa4-a97d-d965ccfc6d4b" outcome="Passed" testListId="8c84fa94-04c1-424b-9868-57a2d4851a1d" relativeResultsDirectory="82fc94fa-5f9c-41c5-b1cd-d4c16d5c8d93" />
    <UnitTestResult executionId="27cc09ae-8568-4628-8800-bd99ebd94239" testId="6d3f6916-19b1-42ed-a844-32ddc7438f1e" testName="FormatToStringTest1000 (20244.692955315437,20244.69 zł)" computerName="DESKTOP-5URQ9PB" duration="00:00:00.0000085" startTime="2022-06-13T21:11:51.9568233+02:00" endTime="2022-06-13T21:11:51.9569186+02:00" testType="13cdc9d9-ddb5-4fa4-a97d-d965ccfc6d4b" outcome="Passed" testListId="8c84fa94-04c1-424b-9868-57a2d4851a1d" relativeResultsDirectory="27cc09ae-8568-4628-8800-bd99ebd94239" />
    <UnitTestResult executionId="63d26ab0-0406-4c08-8ced-e22efe9bd2f0" testId="4b4cfe2a-eebe-4831-9382-57e39c14bfeb" testName="FormatToStringTest1000 (18794.859523484418,18794.86 zł)" computerName="DESKTOP-5URQ9PB" duration="00:00:00.0000061" startTime="2022-06-13T21:11:52.0790303+02:00" endTime="2022-06-13T21:11:52.0790982+02:00" testType="13cdc9d9-ddb5-4fa4-a97d-d965ccfc6d4b" outcome="Passed" testListId="8c84fa94-04c1-424b-9868-57a2d4851a1d" relativeResultsDirectory="63d26ab0-0406-4c08-8ced-e22efe9bd2f0" />
    <UnitTestResult executionId="1565a969-4d4c-4769-a6a3-9c502be1972d" testId="19d4269f-23bb-4212-ba80-c4af71b84614" testName="FormatToStringTest1000 (159.83786031922224,159.84 zł)" computerName="DESKTOP-5URQ9PB" duration="00:00:00.0000064" startTime="2022-06-13T21:11:51.9452775+02:00" endTime="2022-06-13T21:11:51.9453609+02:00" testType="13cdc9d9-ddb5-4fa4-a97d-d965ccfc6d4b" outcome="Passed" testListId="8c84fa94-04c1-424b-9868-57a2d4851a1d" relativeResultsDirectory="1565a969-4d4c-4769-a6a3-9c502be1972d" />
    <UnitTestResult executionId="615b7198-4ee3-459c-9695-2c30d7ac96f6" testId="63123794-2e92-4382-95a1-331cd033c7c0" testName="FormatToStringTest1000 (30111.54342534372,30111.54 zł)" computerName="DESKTOP-5URQ9PB" duration="00:00:00.0000061" startTime="2022-06-13T21:11:52.2657318+02:00" endTime="2022-06-13T21:11:52.2657956+02:00" testType="13cdc9d9-ddb5-4fa4-a97d-d965ccfc6d4b" outcome="Passed" testListId="8c84fa94-04c1-424b-9868-57a2d4851a1d" relativeResultsDirectory="615b7198-4ee3-459c-9695-2c30d7ac96f6" />
    <UnitTestResult executionId="adcc9e00-7161-4f5f-812a-eea54f5ccaea" testId="8f835c32-6523-4c6a-9728-83f52cba9021" testName="FormatToStringTest1000 (7191.024921368353,7191.02 zł)" computerName="DESKTOP-5URQ9PB" duration="00:00:00.0000067" startTime="2022-06-13T21:11:52.2135950+02:00" endTime="2022-06-13T21:11:52.2136712+02:00" testType="13cdc9d9-ddb5-4fa4-a97d-d965ccfc6d4b" outcome="Passed" testListId="8c84fa94-04c1-424b-9868-57a2d4851a1d" relativeResultsDirectory="adcc9e00-7161-4f5f-812a-eea54f5ccaea" />
    <UnitTestResult executionId="ca9df023-fd7f-4e15-bc3e-04cd2e9a2abf" testId="58444472-d7b6-4206-86ff-aca1efe6da94" testName="FormatToStringTest1000 (65809.35218338219,65809.35 zł)" computerName="DESKTOP-5URQ9PB" duration="00:00:00.0000064" startTime="2022-06-13T21:11:52.2653262+02:00" endTime="2022-06-13T21:11:52.2653917+02:00" testType="13cdc9d9-ddb5-4fa4-a97d-d965ccfc6d4b" outcome="Passed" testListId="8c84fa94-04c1-424b-9868-57a2d4851a1d" relativeResultsDirectory="ca9df023-fd7f-4e15-bc3e-04cd2e9a2abf" />
    <UnitTestResult executionId="b4c34c89-c4a3-448c-bdb7-ef63d8b14845" testId="213a6fd1-422c-48c2-a837-c21fa67ca710" testName="FormatToStringTest1000 (236.20263638589657,236.20 zł)" computerName="DESKTOP-5URQ9PB" duration="00:00:00.0000068" startTime="2022-06-13T21:11:52.1881091+02:00" endTime="2022-06-13T21:11:52.1881743+02:00" testType="13cdc9d9-ddb5-4fa4-a97d-d965ccfc6d4b" outcome="Passed" testListId="8c84fa94-04c1-424b-9868-57a2d4851a1d" relativeResultsDirectory="b4c34c89-c4a3-448c-bdb7-ef63d8b14845" />
    <UnitTestResult executionId="db787969-8eff-4285-8713-d70f96a47feb" testId="d839413d-8479-42a9-b78e-7c2901bdf247" testName="FormatToStringTest1000 (47630.39193684067,47630.39 zł)" computerName="DESKTOP-5URQ9PB" duration="00:00:00.0000061" startTime="2022-06-13T21:11:51.9910786+02:00" endTime="2022-06-13T21:11:51.9911485+02:00" testType="13cdc9d9-ddb5-4fa4-a97d-d965ccfc6d4b" outcome="Passed" testListId="8c84fa94-04c1-424b-9868-57a2d4851a1d" relativeResultsDirectory="db787969-8eff-4285-8713-d70f96a47feb" />
    <UnitTestResult executionId="74615bfa-e61a-45be-aed4-92c168c29c64" testId="22c8b865-613a-45eb-9a74-d592299795c7" testName="FormatToStringTest1000 (11022.594234092438,11022.59 zł)" computerName="DESKTOP-5URQ9PB" duration="00:00:00.0000062" startTime="2022-06-13T21:11:52.0826058+02:00" endTime="2022-06-13T21:11:52.0826727+02:00" testType="13cdc9d9-ddb5-4fa4-a97d-d965ccfc6d4b" outcome="Passed" testListId="8c84fa94-04c1-424b-9868-57a2d4851a1d" relativeResultsDirectory="74615bfa-e61a-45be-aed4-92c168c29c64" />
    <UnitTestResult executionId="15a0317f-4935-47dc-926b-a1e80d9d2e44" testId="a1a4d507-bef4-46f5-9753-b60ddac81185" testName="FormatToStringTest1000 (16129.507288814293,16129.51 zł)" computerName="DESKTOP-5URQ9PB" duration="00:00:00.0000060" startTime="2022-06-13T21:11:52.1098311+02:00" endTime="2022-06-13T21:11:52.1098975+02:00" testType="13cdc9d9-ddb5-4fa4-a97d-d965ccfc6d4b" outcome="Passed" testListId="8c84fa94-04c1-424b-9868-57a2d4851a1d" relativeResultsDirectory="15a0317f-4935-47dc-926b-a1e80d9d2e44" />
    <UnitTestResult executionId="9cc4c687-d15f-4bec-97f5-37267fee68d5" testId="a788c5fa-21fa-4973-b417-b1da00562dde" testName="FormatToStringTest1000 (6220.182014914314,6220.18 zł)" computerName="DESKTOP-5URQ9PB" duration="00:00:00.0000067" startTime="2022-06-13T21:11:52.1941398+02:00" endTime="2022-06-13T21:11:52.1942053+02:00" testType="13cdc9d9-ddb5-4fa4-a97d-d965ccfc6d4b" outcome="Passed" testListId="8c84fa94-04c1-424b-9868-57a2d4851a1d" relativeResultsDirectory="9cc4c687-d15f-4bec-97f5-37267fee68d5" />
    <UnitTestResult executionId="97fb02b3-d614-48bf-914a-8ad0ee43fec5" testId="142b75f3-776e-4bb9-b5f2-017c33494067" testName="FormatToStringTest1000 (21328.29026726507,21328.29 zł)" computerName="DESKTOP-5URQ9PB" duration="00:00:00.0000062" startTime="2022-06-13T21:11:52.2611945+02:00" endTime="2022-06-13T21:11:52.2612605+02:00" testType="13cdc9d9-ddb5-4fa4-a97d-d965ccfc6d4b" outcome="Passed" testListId="8c84fa94-04c1-424b-9868-57a2d4851a1d" relativeResultsDirectory="97fb02b3-d614-48bf-914a-8ad0ee43fec5" />
    <UnitTestResult executionId="30852c6e-ba3f-46c3-8537-57f84ed26850" testId="99ce6729-61d9-4ea8-9901-d3325c15ead9" testName="FormatToStringTest1000 (643.3550376181281,643.36 zł)" computerName="DESKTOP-5URQ9PB" duration="00:00:00.0000063" startTime="2022-06-13T21:11:52.2070714+02:00" endTime="2022-06-13T21:11:52.2071428+02:00" testType="13cdc9d9-ddb5-4fa4-a97d-d965ccfc6d4b" outcome="Passed" testListId="8c84fa94-04c1-424b-9868-57a2d4851a1d" relativeResultsDirectory="30852c6e-ba3f-46c3-8537-57f84ed26850" />
    <UnitTestResult executionId="584ddd30-059f-4585-9e21-c9770c280b81" testId="d7c18078-8918-42ad-acc1-e8826d852641" testName="FormatToStringTest1000 (52020.805412759444,52020.81 zł)" computerName="DESKTOP-5URQ9PB" duration="00:00:00.0000085" startTime="2022-06-13T21:11:51.9626241+02:00" endTime="2022-06-13T21:11:51.9627338+02:00" testType="13cdc9d9-ddb5-4fa4-a97d-d965ccfc6d4b" outcome="Passed" testListId="8c84fa94-04c1-424b-9868-57a2d4851a1d" relativeResultsDirectory="584ddd30-059f-4585-9e21-c9770c280b81" />
    <UnitTestResult executionId="8f5b6de6-ddfd-4fec-ba62-35fe6c1e2014" testId="baad7326-f312-4be1-9730-ad05cbce4042" testName="FormatToStringTest1000 (36978.61073549213,36978.61 zł)" computerName="DESKTOP-5URQ9PB" duration="00:00:00.0000062" startTime="2022-06-13T21:11:52.2200868+02:00" endTime="2022-06-13T21:11:52.2201511+02:00" testType="13cdc9d9-ddb5-4fa4-a97d-d965ccfc6d4b" outcome="Passed" testListId="8c84fa94-04c1-424b-9868-57a2d4851a1d" relativeResultsDirectory="8f5b6de6-ddfd-4fec-ba62-35fe6c1e2014" />
    <UnitTestResult executionId="057a19d3-cef2-47dc-951b-059c3f830fab" testId="fb9216b4-115f-410c-aee2-7ea73c33a676" testName="FormatToStringTest1000 (25039.088753207627,25039.09 zł)" computerName="DESKTOP-5URQ9PB" duration="00:00:00.0000060" startTime="2022-06-13T21:11:52.1719916+02:00" endTime="2022-06-13T21:11:52.1720571+02:00" testType="13cdc9d9-ddb5-4fa4-a97d-d965ccfc6d4b" outcome="Passed" testListId="8c84fa94-04c1-424b-9868-57a2d4851a1d" relativeResultsDirectory="057a19d3-cef2-47dc-951b-059c3f830fab" />
    <UnitTestResult executionId="10f05d11-9855-4f3a-a3a9-df0add95b8d5" testId="9a5c2da1-eef6-48fd-a386-ec49b0af7d31" testName="FormatToStringTest1000 (5591.2222540617095,5591.22 zł)" computerName="DESKTOP-5URQ9PB" duration="00:00:00.0000061" startTime="2022-06-13T21:11:52.1613803+02:00" endTime="2022-06-13T21:11:52.1614468+02:00" testType="13cdc9d9-ddb5-4fa4-a97d-d965ccfc6d4b" outcome="Passed" testListId="8c84fa94-04c1-424b-9868-57a2d4851a1d" relativeResultsDirectory="10f05d11-9855-4f3a-a3a9-df0add95b8d5" />
    <UnitTestResult executionId="82876762-943e-425c-ab04-ed8cf4557268" testId="bacb3bac-ec38-481c-b8f3-0465dad45d05" testName="FormatToStringTest1000 (1860.3356292016504,1860.34 zł)" computerName="DESKTOP-5URQ9PB" duration="00:00:00.0000412" startTime="2022-06-13T21:11:52.1430468+02:00" endTime="2022-06-13T21:11:52.1435199+02:00" testType="13cdc9d9-ddb5-4fa4-a97d-d965ccfc6d4b" outcome="Passed" testListId="8c84fa94-04c1-424b-9868-57a2d4851a1d" relativeResultsDirectory="82876762-943e-425c-ab04-ed8cf4557268" />
    <UnitTestResult executionId="53b924b1-1dbf-4a54-ba18-5971fb7eaec4" testId="43989837-fc25-4a10-8c18-eb5c84457c64" testName="FormatToStringTest1000 (74851.91547305691,74851.92 zł)" computerName="DESKTOP-5URQ9PB" duration="00:00:00.0000086" startTime="2022-06-13T21:11:52.2527877+02:00" endTime="2022-06-13T21:11:52.2528842+02:00" testType="13cdc9d9-ddb5-4fa4-a97d-d965ccfc6d4b" outcome="Passed" testListId="8c84fa94-04c1-424b-9868-57a2d4851a1d" relativeResultsDirectory="53b924b1-1dbf-4a54-ba18-5971fb7eaec4" />
    <UnitTestResult executionId="ee95a54a-8fbb-4457-93e4-0f6dc71e4139" testId="5ecd7837-2ba0-480c-ac53-f4d7abf317fd" testName="FormatToStringTest1000 (81326.3340147521,81326.33 zł)" computerName="DESKTOP-5URQ9PB" duration="00:00:00.0000063" startTime="2022-06-13T21:11:52.2398193+02:00" endTime="2022-06-13T21:11:52.2398839+02:00" testType="13cdc9d9-ddb5-4fa4-a97d-d965ccfc6d4b" outcome="Passed" testListId="8c84fa94-04c1-424b-9868-57a2d4851a1d" relativeResultsDirectory="ee95a54a-8fbb-4457-93e4-0f6dc71e4139" />
    <UnitTestResult executionId="e68d698e-268b-402c-946d-49e177a62ef8" testId="ece48ade-aad2-4050-994a-d2f4dd8254ef" testName="FormatToStringTest1000 (22678.795878462864,22678.80 zł)" computerName="DESKTOP-5URQ9PB" duration="00:00:00.0000070" startTime="2022-06-13T21:11:52.2213997+02:00" endTime="2022-06-13T21:11:52.2214778+02:00" testType="13cdc9d9-ddb5-4fa4-a97d-d965ccfc6d4b" outcome="Passed" testListId="8c84fa94-04c1-424b-9868-57a2d4851a1d" relativeResultsDirectory="e68d698e-268b-402c-946d-49e177a62ef8" />
    <UnitTestResult executionId="b1cb6078-fd65-4eab-af6d-f7d70b47e635" testId="ca4a56e7-8e12-4c9d-be56-040a8e532e74" testName="FormatToStringTest1000 (25376.6225052097,25376.62 zł)" computerName="DESKTOP-5URQ9PB" duration="00:00:00.0000065" startTime="2022-06-13T21:11:52.1612817+02:00" endTime="2022-06-13T21:11:52.1613617+02:00" testType="13cdc9d9-ddb5-4fa4-a97d-d965ccfc6d4b" outcome="Passed" testListId="8c84fa94-04c1-424b-9868-57a2d4851a1d" relativeResultsDirectory="b1cb6078-fd65-4eab-af6d-f7d70b47e635" />
    <UnitTestResult executionId="88f2ebdc-6666-4ba1-bc3b-bc7f9c02cda9" testId="daa61c83-90f7-4082-abf5-016eba78235a" testName="FormatToStringTest1000 (15639.704937780603,15639.70 zł)" computerName="DESKTOP-5URQ9PB" duration="00:00:00.0000084" startTime="2022-06-13T21:11:51.9512398+02:00" endTime="2022-06-13T21:11:51.9513195+02:00" testType="13cdc9d9-ddb5-4fa4-a97d-d965ccfc6d4b" outcome="Passed" testListId="8c84fa94-04c1-424b-9868-57a2d4851a1d" relativeResultsDirectory="88f2ebdc-6666-4ba1-bc3b-bc7f9c02cda9" />
    <UnitTestResult executionId="2a56b91f-2603-4526-a800-17a889b50693" testId="b6a60275-29c6-49ff-8411-2ff6e2e81bc5" testName="FormatToStringTest1000 (36320.770035296104,36320.77 zł)" computerName="DESKTOP-5URQ9PB" duration="00:00:00.0000088" startTime="2022-06-13T21:11:52.2522936+02:00" endTime="2022-06-13T21:11:52.2523997+02:00" testType="13cdc9d9-ddb5-4fa4-a97d-d965ccfc6d4b" outcome="Passed" testListId="8c84fa94-04c1-424b-9868-57a2d4851a1d" relativeResultsDirectory="2a56b91f-2603-4526-a800-17a889b50693" />
    <UnitTestResult executionId="1dd29ce5-895a-4495-9bfc-159102cb2ae1" testId="2fe3abab-e8cd-46b4-bc35-03e5ca8d0ad1" testName="FormatToStringTest1000 (6105.007054037418,6105.01 zł)" computerName="DESKTOP-5URQ9PB" duration="00:00:00.0000061" startTime="2022-06-13T21:11:52.1879420+02:00" endTime="2022-06-13T21:11:52.1880079+02:00" testType="13cdc9d9-ddb5-4fa4-a97d-d965ccfc6d4b" outcome="Passed" testListId="8c84fa94-04c1-424b-9868-57a2d4851a1d" relativeResultsDirectory="1dd29ce5-895a-4495-9bfc-159102cb2ae1" />
    <UnitTestResult executionId="d889c97b-a257-4727-b5f4-6b9e5dfe1339" testId="509cd064-6480-430b-affa-f10a53e247ee" testName="FormatToStringTest1000 (12221.10494323592,12221.10 zł)" computerName="DESKTOP-5URQ9PB" duration="00:00:00.0000061" startTime="2022-06-13T21:11:51.9848282+02:00" endTime="2022-06-13T21:11:51.9848946+02:00" testType="13cdc9d9-ddb5-4fa4-a97d-d965ccfc6d4b" outcome="Passed" testListId="8c84fa94-04c1-424b-9868-57a2d4851a1d" relativeResultsDirectory="d889c97b-a257-4727-b5f4-6b9e5dfe1339" />
    <UnitTestResult executionId="7924ccf5-8b60-4a6a-a121-5373bbfd25d3" testId="95e3f077-1a53-477d-aa60-cb6d7a8c35e9" testName="FormatToStringTest1000 (19103.831635461574,19103.83 zł)" computerName="DESKTOP-5URQ9PB" duration="00:00:00.0000776" startTime="2022-06-13T21:11:52.1578805+02:00" endTime="2022-06-13T21:11:52.1582278+02:00" testType="13cdc9d9-ddb5-4fa4-a97d-d965ccfc6d4b" outcome="Passed" testListId="8c84fa94-04c1-424b-9868-57a2d4851a1d" relativeResultsDirectory="7924ccf5-8b60-4a6a-a121-5373bbfd25d3" />
    <UnitTestResult executionId="d04f0136-dd3d-43a7-b442-bdf0d3908dbf" testId="ceeb65d5-36a0-4abc-8175-3e7c5ed5d1ac" testName="FormatToStringTest1000 (6466.872242818062,6466.87 zł)" computerName="DESKTOP-5URQ9PB" duration="00:00:00.0000088" startTime="2022-06-13T21:11:52.1982256+02:00" endTime="2022-06-13T21:11:52.1983271+02:00" testType="13cdc9d9-ddb5-4fa4-a97d-d965ccfc6d4b" outcome="Passed" testListId="8c84fa94-04c1-424b-9868-57a2d4851a1d" relativeResultsDirectory="d04f0136-dd3d-43a7-b442-bdf0d3908dbf" />
    <UnitTestResult executionId="91e137ad-14ea-4cea-beed-8bba81cfc4f6" testId="195dc119-2148-4960-95a3-d674249499c4" testName="FormatToStringTest1000 (73504.44700518598,73504.45 zł)" computerName="DESKTOP-5URQ9PB" duration="00:00:00.0000063" startTime="2022-06-13T21:11:52.2825066+02:00" endTime="2022-06-13T21:11:52.2825714+02:00" testType="13cdc9d9-ddb5-4fa4-a97d-d965ccfc6d4b" outcome="Passed" testListId="8c84fa94-04c1-424b-9868-57a2d4851a1d" relativeResultsDirectory="91e137ad-14ea-4cea-beed-8bba81cfc4f6" />
    <UnitTestResult executionId="08562fa3-58c7-4241-a752-f9a53bf847e0" testId="0ac5e299-2531-4f25-84ff-ae56b132322c" testName="FormatToStringTest1000 (21996.80326662576,21996.80 zł)" computerName="DESKTOP-5URQ9PB" duration="00:00:00.0000061" startTime="2022-06-13T21:11:52.2786590+02:00" endTime="2022-06-13T21:11:52.2787229+02:00" testType="13cdc9d9-ddb5-4fa4-a97d-d965ccfc6d4b" outcome="Passed" testListId="8c84fa94-04c1-424b-9868-57a2d4851a1d" relativeResultsDirectory="08562fa3-58c7-4241-a752-f9a53bf847e0" />
    <UnitTestResult executionId="2d5f4917-d27b-48e0-b5ac-6f800e7af528" testId="51f798f2-382d-459b-a5fa-617138d90826" testName="FormatToStringTest1000 (6057.842750804426,6057.84 zł)" computerName="DESKTOP-5URQ9PB" duration="00:00:00.0000061" startTime="2022-06-13T21:11:51.9913465+02:00" endTime="2022-06-13T21:11:51.9914145+02:00" testType="13cdc9d9-ddb5-4fa4-a97d-d965ccfc6d4b" outcome="Passed" testListId="8c84fa94-04c1-424b-9868-57a2d4851a1d" relativeResultsDirectory="2d5f4917-d27b-48e0-b5ac-6f800e7af528" />
    <UnitTestResult executionId="900c53f1-67be-4b64-827d-78aeb0a717a1" testId="872b7463-d7cf-4a2f-b1ea-40a140d5cd57" testName="FormatToStringTest1000 (21221.884746198488,21221.88 zł)" computerName="DESKTOP-5URQ9PB" duration="00:00:00.0000063" startTime="2022-06-13T21:11:52.1939746+02:00" endTime="2022-06-13T21:11:52.1940413+02:00" testType="13cdc9d9-ddb5-4fa4-a97d-d965ccfc6d4b" outcome="Passed" testListId="8c84fa94-04c1-424b-9868-57a2d4851a1d" relativeResultsDirectory="900c53f1-67be-4b64-827d-78aeb0a717a1" />
    <UnitTestResult executionId="8c1d4001-4930-4885-acf6-6ec4fd61cf2e" testId="40e91544-0eb4-4437-bd3c-bff6f13e9430" testName="FormatToStringTest1000 (12125.090155628086,12125.09 zł)" computerName="DESKTOP-5URQ9PB" duration="00:00:00.0000096" startTime="2022-06-13T21:11:52.0657153+02:00" endTime="2022-06-13T21:11:52.0658319+02:00" testType="13cdc9d9-ddb5-4fa4-a97d-d965ccfc6d4b" outcome="Passed" testListId="8c84fa94-04c1-424b-9868-57a2d4851a1d" relativeResultsDirectory="8c1d4001-4930-4885-acf6-6ec4fd61cf2e" />
    <UnitTestResult executionId="fa936208-a500-42d6-b7de-77d34459f8df" testId="65d87f1a-86cf-414c-9d62-cf5c027887aa" testName="FormatToStringTest1000 (16571.355536101553,16571.36 zł)" computerName="DESKTOP-5URQ9PB" duration="00:00:00.0000060" startTime="2022-06-13T21:11:51.9990375+02:00" endTime="2022-06-13T21:11:51.9991042+02:00" testType="13cdc9d9-ddb5-4fa4-a97d-d965ccfc6d4b" outcome="Passed" testListId="8c84fa94-04c1-424b-9868-57a2d4851a1d" relativeResultsDirectory="fa936208-a500-42d6-b7de-77d34459f8df" />
    <UnitTestResult executionId="21dbc514-1c15-479b-bb16-0f516b4c3af8" testId="226989ef-ecdd-4999-b2f0-422dcb62da21" testName="FormatToStringTest1000 (18032.4720825476,18032.47 zł)" computerName="DESKTOP-5URQ9PB" duration="00:00:00.0000063" startTime="2022-06-13T21:11:52.2635181+02:00" endTime="2022-06-13T21:11:52.2635800+02:00" testType="13cdc9d9-ddb5-4fa4-a97d-d965ccfc6d4b" outcome="Passed" testListId="8c84fa94-04c1-424b-9868-57a2d4851a1d" relativeResultsDirectory="21dbc514-1c15-479b-bb16-0f516b4c3af8" />
    <UnitTestResult executionId="4ec238cc-7026-4439-833c-a73f0dd7833f" testId="6d0fc620-27fd-4769-8254-f430b135f565" testName="FormatToStringTest1000 (38253.101637909705,38253.10 zł)" computerName="DESKTOP-5URQ9PB" duration="00:00:00.0000084" startTime="2022-06-13T21:11:52.1981055+02:00" endTime="2022-06-13T21:11:52.1982017+02:00" testType="13cdc9d9-ddb5-4fa4-a97d-d965ccfc6d4b" outcome="Passed" testListId="8c84fa94-04c1-424b-9868-57a2d4851a1d" relativeResultsDirectory="4ec238cc-7026-4439-833c-a73f0dd7833f" />
    <UnitTestResult executionId="07a530b4-4f6a-4b9c-806f-05e9963675a0" testId="6bcea6b8-b74c-44dd-9bf0-4868dea0a948" testName="FormatToStringTest1000 (12308.022158465357,12308.02 zł)" computerName="DESKTOP-5URQ9PB" duration="00:00:00.0000062" startTime="2022-06-13T21:11:52.0968982+02:00" endTime="2022-06-13T21:11:52.0969647+02:00" testType="13cdc9d9-ddb5-4fa4-a97d-d965ccfc6d4b" outcome="Passed" testListId="8c84fa94-04c1-424b-9868-57a2d4851a1d" relativeResultsDirectory="07a530b4-4f6a-4b9c-806f-05e9963675a0" />
    <UnitTestResult executionId="10d3ce5a-7ee9-40bd-be4e-e6b4f9615f53" testId="f2ee5a57-ef1a-4c07-a2f8-7d08410281e3" testName="FormatToStringTest1000 (95353.10327693219,95353.10 zł)" computerName="DESKTOP-5URQ9PB" duration="00:00:00.0000064" startTime="2022-06-13T21:11:52.0152982+02:00" endTime="2022-06-13T21:11:52.0153770+02:00" testType="13cdc9d9-ddb5-4fa4-a97d-d965ccfc6d4b" outcome="Passed" testListId="8c84fa94-04c1-424b-9868-57a2d4851a1d" relativeResultsDirectory="10d3ce5a-7ee9-40bd-be4e-e6b4f9615f53" />
    <UnitTestResult executionId="a69359df-c21c-4e5a-a3bc-50a7b27d1f5e" testId="c929e6f0-fead-44c1-b309-912c28379ebe" testName="FormatToStringTest1000 (17315.72309779363,17315.72 zł)" computerName="DESKTOP-5URQ9PB" duration="00:00:00.0000077" startTime="2022-06-13T21:11:52.0757293+02:00" endTime="2022-06-13T21:11:52.0758013+02:00" testType="13cdc9d9-ddb5-4fa4-a97d-d965ccfc6d4b" outcome="Passed" testListId="8c84fa94-04c1-424b-9868-57a2d4851a1d" relativeResultsDirectory="a69359df-c21c-4e5a-a3bc-50a7b27d1f5e" />
    <UnitTestResult executionId="d069c83f-5f83-4fcd-9fb7-ba10e45dcef2" testId="710c5824-aad2-4b51-90d8-421a3a447aea" testName="FormatToStringTest1000 (6323.24079469882,6323.24 zł)" computerName="DESKTOP-5URQ9PB" duration="00:00:00.0000064" startTime="2022-06-13T21:11:52.0431987+02:00" endTime="2022-06-13T21:11:52.0432656+02:00" testType="13cdc9d9-ddb5-4fa4-a97d-d965ccfc6d4b" outcome="Passed" testListId="8c84fa94-04c1-424b-9868-57a2d4851a1d" relativeResultsDirectory="d069c83f-5f83-4fcd-9fb7-ba10e45dcef2" />
    <UnitTestResult executionId="cf817400-226c-418f-86e6-0619c7a3d5a6" testId="110f67ad-9d8a-4c7e-89c5-ac2b9b342ac5" testName="FormatToStringTest1000 (21728.91641959963,21728.92 zł)" computerName="DESKTOP-5URQ9PB" duration="00:00:00.0000062" startTime="2022-06-13T21:11:52.2826697+02:00" endTime="2022-06-13T21:11:52.2827336+02:00" testType="13cdc9d9-ddb5-4fa4-a97d-d965ccfc6d4b" outcome="Passed" testListId="8c84fa94-04c1-424b-9868-57a2d4851a1d" relativeResultsDirectory="cf817400-226c-418f-86e6-0619c7a3d5a6" />
    <UnitTestResult executionId="4caa98bf-b86a-465f-becb-d533d0068e8d" testId="d8c205d6-f337-47ea-acc1-686e2ca3c547" testName="FormatToStringTest1000 (29917.15005391145,29917.15 zł)" computerName="DESKTOP-5URQ9PB" duration="00:00:00.0000063" startTime="2022-06-13T21:11:52.2066163+02:00" endTime="2022-06-13T21:11:52.2066886+02:00" testType="13cdc9d9-ddb5-4fa4-a97d-d965ccfc6d4b" outcome="Passed" testListId="8c84fa94-04c1-424b-9868-57a2d4851a1d" relativeResultsDirectory="4caa98bf-b86a-465f-becb-d533d0068e8d" />
    <UnitTestResult executionId="71d41654-5574-41e2-86cc-c221c2fb4237" testId="c245ab39-1153-49c1-8f2f-93703228501d" testName="FormatToStringTest1000 (76536.95853396178,76536.96 zł)" computerName="DESKTOP-5URQ9PB" duration="00:00:00.0000062" startTime="2022-06-13T21:11:52.1637631+02:00" endTime="2022-06-13T21:11:52.1638349+02:00" testType="13cdc9d9-ddb5-4fa4-a97d-d965ccfc6d4b" outcome="Passed" testListId="8c84fa94-04c1-424b-9868-57a2d4851a1d" relativeResultsDirectory="71d41654-5574-41e2-86cc-c221c2fb4237" />
    <UnitTestResult executionId="704bb8be-a8a3-45fc-8455-4c50f52297d8" testId="d10feaee-b7d1-46ca-a516-1ceb6b3e07de" testName="FormatToStringTest1000 (28080.92507087669,28080.93 zł)" computerName="DESKTOP-5URQ9PB" duration="00:00:00.0000062" startTime="2022-06-13T21:11:52.2573921+02:00" endTime="2022-06-13T21:11:52.2574580+02:00" testType="13cdc9d9-ddb5-4fa4-a97d-d965ccfc6d4b" outcome="Passed" testListId="8c84fa94-04c1-424b-9868-57a2d4851a1d" relativeResultsDirectory="704bb8be-a8a3-45fc-8455-4c50f52297d8" />
    <UnitTestResult executionId="2fa81e17-969a-421a-aaa4-0cac6436e20e" testId="3d00e13d-93a6-4bb6-ae9c-6b1aa5f552ad" testName="FormatToStringTest1000 (46803.36433423374,46803.36 zł)" computerName="DESKTOP-5URQ9PB" duration="00:00:00.0000081" startTime="2022-06-13T21:11:52.0584704+02:00" endTime="2022-06-13T21:11:52.0585776+02:00" testType="13cdc9d9-ddb5-4fa4-a97d-d965ccfc6d4b" outcome="Passed" testListId="8c84fa94-04c1-424b-9868-57a2d4851a1d" relativeResultsDirectory="2fa81e17-969a-421a-aaa4-0cac6436e20e" />
    <UnitTestResult executionId="0992f3ba-124b-412a-9577-3b99bbead690" testId="35373582-a03d-4558-a1fb-f7b191350ba2" testName="FormatToStringTest1000 (47437.74370917619,47437.74 zł)" computerName="DESKTOP-5URQ9PB" duration="00:00:00.0000062" startTime="2022-06-13T21:11:52.2673735+02:00" endTime="2022-06-13T21:11:52.2674381+02:00" testType="13cdc9d9-ddb5-4fa4-a97d-d965ccfc6d4b" outcome="Passed" testListId="8c84fa94-04c1-424b-9868-57a2d4851a1d" relativeResultsDirectory="0992f3ba-124b-412a-9577-3b99bbead690" />
    <UnitTestResult executionId="5feabbb7-5ee5-4e00-90cb-8535cf4216fc" testId="53aa378f-2bc4-4a16-bd4f-69c135804487" testName="FormatToStringTest1000 (7182.939759099362,7182.94 zł)" computerName="DESKTOP-5URQ9PB" duration="00:00:00.0000088" startTime="2022-06-13T21:11:52.0508264+02:00" endTime="2022-06-13T21:11:52.0509201+02:00" testType="13cdc9d9-ddb5-4fa4-a97d-d965ccfc6d4b" outcome="Passed" testListId="8c84fa94-04c1-424b-9868-57a2d4851a1d" relativeResultsDirectory="5feabbb7-5ee5-4e00-90cb-8535cf4216fc" />
    <UnitTestResult executionId="4f20526a-1321-48ce-9920-ca024b681e9a" testId="83087cb6-2731-4793-954b-a78263b19946" testName="FormatToStringTest1000 (21693.340115174808,21693.34 zł)" computerName="DESKTOP-5URQ9PB" duration="00:00:00.0000258" startTime="2022-06-13T21:11:52.1511003+02:00" endTime="2022-06-13T21:11:52.1512793+02:00" testType="13cdc9d9-ddb5-4fa4-a97d-d965ccfc6d4b" outcome="Passed" testListId="8c84fa94-04c1-424b-9868-57a2d4851a1d" relativeResultsDirectory="4f20526a-1321-48ce-9920-ca024b681e9a" />
    <UnitTestResult executionId="ef122100-283e-4aab-be71-e13b339644a2" testId="6a6a0340-9b7c-4c68-8d4d-386d8fc0df8d" testName="FormatToStringTest1000 (68770.73008707525,68770.73 zł)" computerName="DESKTOP-5URQ9PB" duration="00:00:00.0000060" startTime="2022-06-13T21:11:52.0760706+02:00" endTime="2022-06-13T21:11:52.0761371+02:00" testType="13cdc9d9-ddb5-4fa4-a97d-d965ccfc6d4b" outcome="Passed" testListId="8c84fa94-04c1-424b-9868-57a2d4851a1d" relativeResultsDirectory="ef122100-283e-4aab-be71-e13b339644a2" />
    <UnitTestResult executionId="50a0d8fa-0b09-4af9-aff1-ec60de3478da" testId="f0fc3dc6-6b98-4a98-a2ff-31aba265d66b" testName="FormatToStringTest1000 (6890.028458985514,6890.03 zł)" computerName="DESKTOP-5URQ9PB" duration="00:00:00.0000066" startTime="2022-06-13T21:11:51.9481113+02:00" endTime="2022-06-13T21:11:51.9481888+02:00" testType="13cdc9d9-ddb5-4fa4-a97d-d965ccfc6d4b" outcome="Passed" testListId="8c84fa94-04c1-424b-9868-57a2d4851a1d" relativeResultsDirectory="50a0d8fa-0b09-4af9-aff1-ec60de3478da" />
    <UnitTestResult executionId="b5ed1331-b2ea-4f2f-8c07-655c2b172ffa" testId="00408a1e-597d-4c15-b940-735d65043164" testName="FormatToStringTest1000 (27893.312729890138,27893.31 zł)" computerName="DESKTOP-5URQ9PB" duration="00:00:00.0000062" startTime="2022-06-13T21:11:51.9516921+02:00" endTime="2022-06-13T21:11:51.9517582+02:00" testType="13cdc9d9-ddb5-4fa4-a97d-d965ccfc6d4b" outcome="Passed" testListId="8c84fa94-04c1-424b-9868-57a2d4851a1d" relativeResultsDirectory="b5ed1331-b2ea-4f2f-8c07-655c2b172ffa" />
    <UnitTestResult executionId="dda4ef13-39dd-4df0-a6a1-c7b814d22c08" testId="818201be-b78d-4973-969f-b64373d7bbeb" testName="FormatToStringTest1000 (39314.52353688401,39314.52 zł)" computerName="DESKTOP-5URQ9PB" duration="00:00:00.0000062" startTime="2022-06-13T21:11:52.2100456+02:00" endTime="2022-06-13T21:11:52.2101108+02:00" testType="13cdc9d9-ddb5-4fa4-a97d-d965ccfc6d4b" outcome="Passed" testListId="8c84fa94-04c1-424b-9868-57a2d4851a1d" relativeResultsDirectory="dda4ef13-39dd-4df0-a6a1-c7b814d22c08" />
    <UnitTestResult executionId="c79d7df7-d036-4e61-9a0b-928fa793b1b8" testId="a4890005-74b2-423d-9a09-383e07a94518" testName="FormatToStringTest1000 (13745.115971449817,13745.12 zł)" computerName="DESKTOP-5URQ9PB" duration="00:00:00.0000148" startTime="2022-06-13T21:11:52.0150924+02:00" endTime="2022-06-13T21:11:52.0152622+02:00" testType="13cdc9d9-ddb5-4fa4-a97d-d965ccfc6d4b" outcome="Passed" testListId="8c84fa94-04c1-424b-9868-57a2d4851a1d" relativeResultsDirectory="c79d7df7-d036-4e61-9a0b-928fa793b1b8" />
    <UnitTestResult executionId="37e70b5e-f1b1-4db6-ac03-4e05bcdd7873" testId="60ead52a-4f2a-4fe3-af3e-6b9b45bfd84f" testName="FormatToStringTest1000 (1073.195098933389,1073.20 zł)" computerName="DESKTOP-5URQ9PB" duration="00:00:00.0000064" startTime="2022-06-13T21:11:52.1875977+02:00" endTime="2022-06-13T21:11:52.1876674+02:00" testType="13cdc9d9-ddb5-4fa4-a97d-d965ccfc6d4b" outcome="Passed" testListId="8c84fa94-04c1-424b-9868-57a2d4851a1d" relativeResultsDirectory="37e70b5e-f1b1-4db6-ac03-4e05bcdd7873" />
    <UnitTestResult executionId="b09afe37-2662-4942-b9bf-ceb46b4a7a9e" testId="eeae89dd-6764-47f6-aebf-2f9acdf5faa5" testName="FormatToStringTest1000 (5759.256266560991,5759.26 zł)" computerName="DESKTOP-5URQ9PB" duration="00:00:00.0000061" startTime="2022-06-13T21:11:52.1607804+02:00" endTime="2022-06-13T21:11:52.1608478+02:00" testType="13cdc9d9-ddb5-4fa4-a97d-d965ccfc6d4b" outcome="Passed" testListId="8c84fa94-04c1-424b-9868-57a2d4851a1d" relativeResultsDirectory="b09afe37-2662-4942-b9bf-ceb46b4a7a9e" />
    <UnitTestResult executionId="69e866ad-d2b6-4d2c-b309-5c8be60e7971" testId="6905786f-68d8-4972-8967-4de79613327b" testName="FormatToStringTest1000 (6417.5922460628635,6417.59 zł)" computerName="DESKTOP-5URQ9PB" duration="00:00:00.0000065" startTime="2022-06-13T21:11:52.1197455+02:00" endTime="2022-06-13T21:11:52.1198245+02:00" testType="13cdc9d9-ddb5-4fa4-a97d-d965ccfc6d4b" outcome="Passed" testListId="8c84fa94-04c1-424b-9868-57a2d4851a1d" relativeResultsDirectory="69e866ad-d2b6-4d2c-b309-5c8be60e7971" />
    <UnitTestResult executionId="58090c37-715f-478d-8fb5-3d537b72dace" testId="0978b802-d6aa-4164-82f9-f027ef13cceb" testName="FormatToStringTest1000 (7370.518277515898,7370.52 zł)" computerName="DESKTOP-5URQ9PB" duration="00:00:00.0000062" startTime="2022-06-13T21:11:52.0626114+02:00" endTime="2022-06-13T21:11:52.0626787+02:00" testType="13cdc9d9-ddb5-4fa4-a97d-d965ccfc6d4b" outcome="Passed" testListId="8c84fa94-04c1-424b-9868-57a2d4851a1d" relativeResultsDirectory="58090c37-715f-478d-8fb5-3d537b72dace" />
    <UnitTestResult executionId="cbd50f9e-a982-40d1-a4ed-8b0398d3ce2f" testId="0f8cee4b-7e7d-4299-8456-3015021f308c" testName="FormatToStringTest1000 (34458.5406463512,34458.54 zł)" computerName="DESKTOP-5URQ9PB" duration="00:00:00.0000064" startTime="2022-06-13T21:11:52.1757363+02:00" endTime="2022-06-13T21:11:52.1758031+02:00" testType="13cdc9d9-ddb5-4fa4-a97d-d965ccfc6d4b" outcome="Passed" testListId="8c84fa94-04c1-424b-9868-57a2d4851a1d" relativeResultsDirectory="cbd50f9e-a982-40d1-a4ed-8b0398d3ce2f" />
    <UnitTestResult executionId="5f6641d3-6201-430d-8921-bcfffcb33207" testId="faa8df4a-5ed4-4d77-8d72-ecfd4e1afa51" testName="FormatToStringTest1000 (33851.35523524618,33851.36 zł)" computerName="DESKTOP-5URQ9PB" duration="00:00:00.0000269" startTime="2022-06-13T21:11:52.1555827+02:00" endTime="2022-06-13T21:11:52.1557608+02:00" testType="13cdc9d9-ddb5-4fa4-a97d-d965ccfc6d4b" outcome="Passed" testListId="8c84fa94-04c1-424b-9868-57a2d4851a1d" relativeResultsDirectory="5f6641d3-6201-430d-8921-bcfffcb33207" />
    <UnitTestResult executionId="deb255db-5a00-455d-aac4-81ec029b8547" testId="c51dd14a-53f8-4b05-ad10-427e6dca3758" testName="FormatToStringTest1000 (67230.86250807665,67230.86 zł)" computerName="DESKTOP-5URQ9PB" duration="00:00:00.0000186" startTime="2022-06-13T21:11:51.9905735+02:00" endTime="2022-06-13T21:11:51.9908163+02:00" testType="13cdc9d9-ddb5-4fa4-a97d-d965ccfc6d4b" outcome="Passed" testListId="8c84fa94-04c1-424b-9868-57a2d4851a1d" relativeResultsDirectory="deb255db-5a00-455d-aac4-81ec029b8547" />
    <UnitTestResult executionId="b5b29838-cae4-4b87-a3bd-35d058f0d562" testId="69d509c5-f6e5-44e7-b203-8a77c07bde77" testName="FormatToStringTest1000 (12641.700665183225,12641.70 zł)" computerName="DESKTOP-5URQ9PB" duration="00:00:00.0000073" startTime="2022-06-13T21:11:52.0467333+02:00" endTime="2022-06-13T21:11:52.0468343+02:00" testType="13cdc9d9-ddb5-4fa4-a97d-d965ccfc6d4b" outcome="Passed" testListId="8c84fa94-04c1-424b-9868-57a2d4851a1d" relativeResultsDirectory="b5b29838-cae4-4b87-a3bd-35d058f0d562" />
    <UnitTestResult executionId="fcf53f6c-03c2-48a6-b8e3-c37e0e6c4b2a" testId="2571e258-33cd-4923-9131-f1cdfd4c34f9" testName="FormatToStringTest1000 (11175.438820935526,11175.44 zł)" computerName="DESKTOP-5URQ9PB" duration="00:00:00.0000071" startTime="2022-06-13T21:11:52.0218861+02:00" endTime="2022-06-13T21:11:52.0219554+02:00" testType="13cdc9d9-ddb5-4fa4-a97d-d965ccfc6d4b" outcome="Passed" testListId="8c84fa94-04c1-424b-9868-57a2d4851a1d" relativeResultsDirectory="fcf53f6c-03c2-48a6-b8e3-c37e0e6c4b2a" />
    <UnitTestResult executionId="41cefa10-2f6c-4846-b1f0-75300c6cb843" testId="eb32e687-21e1-4a37-9223-e8f582b31ddb" testName="FormatToStringTest1000 (44677.61946778074,44677.62 zł)" computerName="DESKTOP-5URQ9PB" duration="00:00:00.0000064" startTime="2022-06-13T21:11:52.0399725+02:00" endTime="2022-06-13T21:11:52.0400423+02:00" testType="13cdc9d9-ddb5-4fa4-a97d-d965ccfc6d4b" outcome="Passed" testListId="8c84fa94-04c1-424b-9868-57a2d4851a1d" relativeResultsDirectory="41cefa10-2f6c-4846-b1f0-75300c6cb843" />
    <UnitTestResult executionId="02c1c7b3-7168-4040-9ffd-5cc7a9f237e6" testId="9b6e5329-a9af-436a-8147-2cd67d4bc8ee" testName="FormatToStringTest1000 (13337.80490493486,13337.80 zł)" computerName="DESKTOP-5URQ9PB" duration="00:00:00.0000061" startTime="2022-06-13T21:11:52.2747527+02:00" endTime="2022-06-13T21:11:52.2748189+02:00" testType="13cdc9d9-ddb5-4fa4-a97d-d965ccfc6d4b" outcome="Passed" testListId="8c84fa94-04c1-424b-9868-57a2d4851a1d" relativeResultsDirectory="02c1c7b3-7168-4040-9ffd-5cc7a9f237e6" />
    <UnitTestResult executionId="70a7d96c-ed14-4b4f-9fbb-c2613fe2c44d" testId="69f29c8d-13ca-4645-8ea2-615da4295ea0" testName="FormatToStringTest1000 (6027.66019266828,6027.66 zł)" computerName="DESKTOP-5URQ9PB" duration="00:00:00.0000065" startTime="2022-06-13T21:11:52.2393961+02:00" endTime="2022-06-13T21:11:52.2394616+02:00" testType="13cdc9d9-ddb5-4fa4-a97d-d965ccfc6d4b" outcome="Passed" testListId="8c84fa94-04c1-424b-9868-57a2d4851a1d" relativeResultsDirectory="70a7d96c-ed14-4b4f-9fbb-c2613fe2c44d" />
    <UnitTestResult executionId="5365f917-a076-4d01-b66b-0a18b5f1e3fa" testId="4750e6e1-730e-46d4-a407-e3d81bc4d5b5" testName="FormatToStringTest1000 (30722.846572104303,30722.85 zł)" computerName="DESKTOP-5URQ9PB" duration="00:00:00.0000063" startTime="2022-06-13T21:11:52.1897570+02:00" endTime="2022-06-13T21:11:52.1898240+02:00" testType="13cdc9d9-ddb5-4fa4-a97d-d965ccfc6d4b" outcome="Passed" testListId="8c84fa94-04c1-424b-9868-57a2d4851a1d" relativeResultsDirectory="5365f917-a076-4d01-b66b-0a18b5f1e3fa" />
    <UnitTestResult executionId="76cf6f65-511f-4dae-9560-f066a18c94d0" testId="40b59df2-d3c3-49d8-9344-8cc3b43e3f81" testName="FormatToStringTest1000 (1799.2562459103092,1799.26 zł)" computerName="DESKTOP-5URQ9PB" duration="00:00:00.0000064" startTime="2022-06-13T21:11:52.1246145+02:00" endTime="2022-06-13T21:11:52.1246844+02:00" testType="13cdc9d9-ddb5-4fa4-a97d-d965ccfc6d4b" outcome="Passed" testListId="8c84fa94-04c1-424b-9868-57a2d4851a1d" relativeResultsDirectory="76cf6f65-511f-4dae-9560-f066a18c94d0" />
    <UnitTestResult executionId="3bf65031-343b-406c-8388-a9634f4044e9" testId="f761a958-ed7c-4de7-9baa-1dd2183feb52" testName="FormatToStringTest1000 (37528.70144368368,37528.70 zł)" computerName="DESKTOP-5URQ9PB" duration="00:00:00.0000061" startTime="2022-06-13T21:11:51.9911663+02:00" endTime="2022-06-13T21:11:51.9912333+02:00" testType="13cdc9d9-ddb5-4fa4-a97d-d965ccfc6d4b" outcome="Passed" testListId="8c84fa94-04c1-424b-9868-57a2d4851a1d" relativeResultsDirectory="3bf65031-343b-406c-8388-a9634f4044e9" />
    <UnitTestResult executionId="5b80558f-1363-4b8e-949d-55c65f789705" testId="15997767-b5a9-45d7-b48f-01bd20bc9c12" testName="FormatToStringTest1000 (5279.315995182524,5279.32 zł)" computerName="DESKTOP-5URQ9PB" duration="00:00:00.0000089" startTime="2022-06-13T21:11:52.1666500+02:00" endTime="2022-06-13T21:11:52.1668028+02:00" testType="13cdc9d9-ddb5-4fa4-a97d-d965ccfc6d4b" outcome="Passed" testListId="8c84fa94-04c1-424b-9868-57a2d4851a1d" relativeResultsDirectory="5b80558f-1363-4b8e-949d-55c65f789705" />
    <UnitTestResult executionId="e761d969-b3e1-49a6-ae75-e6b01ffcdeb6" testId="9105d8b0-1204-4dbe-b0a7-deb4f92b125c" testName="FormatToStringTest1000 (33413.381276228174,33413.38 zł)" computerName="DESKTOP-5URQ9PB" duration="00:00:00.0000072" startTime="2022-06-13T21:11:52.0963653+02:00" endTime="2022-06-13T21:11:52.0964517+02:00" testType="13cdc9d9-ddb5-4fa4-a97d-d965ccfc6d4b" outcome="Passed" testListId="8c84fa94-04c1-424b-9868-57a2d4851a1d" relativeResultsDirectory="e761d969-b3e1-49a6-ae75-e6b01ffcdeb6" />
    <UnitTestResult executionId="821bf440-e95a-4f64-b75e-73aaafeeaf32" testId="1d90f17d-becc-4403-9534-08210eec8e5b" testName="FormatToStringTest1000 (9657.360676611475,9657.36 zł)" computerName="DESKTOP-5URQ9PB" duration="00:00:00.0000061" startTime="2022-06-13T21:11:52.1125588+02:00" endTime="2022-06-13T21:11:52.1126260+02:00" testType="13cdc9d9-ddb5-4fa4-a97d-d965ccfc6d4b" outcome="Passed" testListId="8c84fa94-04c1-424b-9868-57a2d4851a1d" relativeResultsDirectory="821bf440-e95a-4f64-b75e-73aaafeeaf32" />
    <UnitTestResult executionId="3a0b30cc-9c2e-490a-ad43-8b1c0199ad87" testId="316ccd47-c457-443d-bba1-af678662ce20" testName="FormatToStringTest1000 (13092.45389243609,13092.45 zł)" computerName="DESKTOP-5URQ9PB" duration="00:00:00.0000146" startTime="2022-06-13T21:11:52.2520448+02:00" endTime="2022-06-13T21:11:52.2522514+02:00" testType="13cdc9d9-ddb5-4fa4-a97d-d965ccfc6d4b" outcome="Passed" testListId="8c84fa94-04c1-424b-9868-57a2d4851a1d" relativeResultsDirectory="3a0b30cc-9c2e-490a-ad43-8b1c0199ad87" />
    <UnitTestResult executionId="a4a12ba2-93df-461f-bacd-d6a5eed1cb60" testId="ccee983e-494f-4783-8534-c07619555f03" testName="FormatToStringTest1000 (32732.81915128502,32732.82 zł)" computerName="DESKTOP-5URQ9PB" duration="00:00:00.0000249" startTime="2022-06-13T21:11:52.1513311+02:00" endTime="2022-06-13T21:11:52.1515015+02:00" testType="13cdc9d9-ddb5-4fa4-a97d-d965ccfc6d4b" outcome="Passed" testListId="8c84fa94-04c1-424b-9868-57a2d4851a1d" relativeResultsDirectory="a4a12ba2-93df-461f-bacd-d6a5eed1cb60" />
    <UnitTestResult executionId="3a78d8a3-2443-42d5-a9b4-a0d02049f4e1" testId="0f7b8ed9-0741-4228-8221-c4e5fa90d0b0" testName="FormatToStringTest1000 (7193.552206002898,7193.55 zł)" computerName="DESKTOP-5URQ9PB" duration="00:00:00.0000063" startTime="2022-06-13T21:11:52.2315575+02:00" endTime="2022-06-13T21:11:52.2316253+02:00" testType="13cdc9d9-ddb5-4fa4-a97d-d965ccfc6d4b" outcome="Passed" testListId="8c84fa94-04c1-424b-9868-57a2d4851a1d" relativeResultsDirectory="3a78d8a3-2443-42d5-a9b4-a0d02049f4e1" />
    <UnitTestResult executionId="3cafb412-5df4-4e4f-af27-ec95ffe30fb1" testId="f1eb2cee-e73b-465a-a060-f4dd5d8a83ba" testName="FormatToStringTest1000 (14719.97001409762,14719.97 zł)" computerName="DESKTOP-5URQ9PB" duration="00:00:00.0000061" startTime="2022-06-13T21:11:52.0155679+02:00" endTime="2022-06-13T21:11:52.0156350+02:00" testType="13cdc9d9-ddb5-4fa4-a97d-d965ccfc6d4b" outcome="Passed" testListId="8c84fa94-04c1-424b-9868-57a2d4851a1d" relativeResultsDirectory="3cafb412-5df4-4e4f-af27-ec95ffe30fb1" />
    <UnitTestResult executionId="5367403c-acda-44cf-839b-928d68a8e0d4" testId="68f6aa9e-bbd9-4bb5-976b-2fe1f955d327" testName="FormatToStringTest1000 (22592.465903659566,22592.47 zł)" computerName="DESKTOP-5URQ9PB" duration="00:00:00.0000087" startTime="2022-06-13T21:11:52.0085708+02:00" endTime="2022-06-13T21:11:52.0086713+02:00" testType="13cdc9d9-ddb5-4fa4-a97d-d965ccfc6d4b" outcome="Passed" testListId="8c84fa94-04c1-424b-9868-57a2d4851a1d" relativeResultsDirectory="5367403c-acda-44cf-839b-928d68a8e0d4" />
    <UnitTestResult executionId="2fc1cfb8-cad5-44bf-a245-2ffdf104f8fb" testId="7173a650-8834-4377-bc89-95bc1084e9bf" testName="FormatToStringTest1000 (6146.91236741278,6146.91 zł)" computerName="DESKTOP-5URQ9PB" duration="00:00:00.0000068" startTime="2022-06-13T21:11:52.2674549+02:00" endTime="2022-06-13T21:11:52.2675171+02:00" testType="13cdc9d9-ddb5-4fa4-a97d-d965ccfc6d4b" outcome="Passed" testListId="8c84fa94-04c1-424b-9868-57a2d4851a1d" relativeResultsDirectory="2fc1cfb8-cad5-44bf-a245-2ffdf104f8fb" />
    <UnitTestResult executionId="f95b25cb-a686-45c1-a89b-102767a8fd7b" testId="f4cdd879-a466-44cb-b7ee-236db622b7f6" testName="FormatToStringTest1000 (22197.731451777618,22197.73 zł)" computerName="DESKTOP-5URQ9PB" duration="00:00:00.0000325" startTime="2022-06-13T21:11:52.1495087+02:00" endTime="2022-06-13T21:11:52.1498377+02:00" testType="13cdc9d9-ddb5-4fa4-a97d-d965ccfc6d4b" outcome="Passed" testListId="8c84fa94-04c1-424b-9868-57a2d4851a1d" relativeResultsDirectory="f95b25cb-a686-45c1-a89b-102767a8fd7b" />
    <UnitTestResult executionId="8bb9ca0e-0110-468c-839d-3ee2ba42b1ad" testId="3a6530e7-c281-4262-a592-993fe7eeee09" testName="FormatToStringTest1000 (12370.243090209198,12370.24 zł)" computerName="DESKTOP-5URQ9PB" duration="00:00:00.0000068" startTime="2022-06-13T21:11:52.1243391+02:00" endTime="2022-06-13T21:11:52.1244150+02:00" testType="13cdc9d9-ddb5-4fa4-a97d-d965ccfc6d4b" outcome="Passed" testListId="8c84fa94-04c1-424b-9868-57a2d4851a1d" relativeResultsDirectory="8bb9ca0e-0110-468c-839d-3ee2ba42b1ad" />
    <UnitTestResult executionId="7264a9f1-c6ed-49fc-88d6-3882ad98e351" testId="e3c5f598-b37f-428c-bcc8-bb105f5bb08f" testName="FormatToStringTest1000 (4652.407073443945,4652.41 zł)" computerName="DESKTOP-5URQ9PB" duration="00:00:00.0000068" startTime="2022-06-13T21:11:52.1193453+02:00" endTime="2022-06-13T21:11:52.1194299+02:00" testType="13cdc9d9-ddb5-4fa4-a97d-d965ccfc6d4b" outcome="Passed" testListId="8c84fa94-04c1-424b-9868-57a2d4851a1d" relativeResultsDirectory="7264a9f1-c6ed-49fc-88d6-3882ad98e351" />
    <UnitTestResult executionId="2b1c6b97-9212-477e-aefa-a8830816a747" testId="78270332-0911-419c-b837-04c7b0db6434" testName="FormatToStringTest1000 (17845.255864087147,17845.26 zł)" computerName="DESKTOP-5URQ9PB" duration="00:00:00.0000085" startTime="2022-06-13T21:11:52.0156546+02:00" endTime="2022-06-13T21:11:52.0157397+02:00" testType="13cdc9d9-ddb5-4fa4-a97d-d965ccfc6d4b" outcome="Passed" testListId="8c84fa94-04c1-424b-9868-57a2d4851a1d" relativeResultsDirectory="2b1c6b97-9212-477e-aefa-a8830816a747" />
    <UnitTestResult executionId="6f7a0023-c194-4cf6-bf8f-50be09b74abc" testId="f3ba1d36-5f64-428f-b372-01c55f273bd5" testName="FormatToStringTest1000 (59247.898931587064,59247.90 zł)" computerName="DESKTOP-5URQ9PB" duration="00:00:00.0000096" startTime="2022-06-13T21:11:52.1821280+02:00" endTime="2022-06-13T21:11:52.1822398+02:00" testType="13cdc9d9-ddb5-4fa4-a97d-d965ccfc6d4b" outcome="Passed" testListId="8c84fa94-04c1-424b-9868-57a2d4851a1d" relativeResultsDirectory="6f7a0023-c194-4cf6-bf8f-50be09b74abc" />
    <UnitTestResult executionId="582b6f41-f0d7-41c4-a6d9-4807d2b20588" testId="bd8ed53b-bff2-4ecf-b909-87208149cb37" testName="FormatToStringTest1000 (10994.251866986162,10994.25 zł)" computerName="DESKTOP-5URQ9PB" duration="00:00:00.0000060" startTime="2022-06-13T21:11:52.1694209+02:00" endTime="2022-06-13T21:11:52.1694864+02:00" testType="13cdc9d9-ddb5-4fa4-a97d-d965ccfc6d4b" outcome="Passed" testListId="8c84fa94-04c1-424b-9868-57a2d4851a1d" relativeResultsDirectory="582b6f41-f0d7-41c4-a6d9-4807d2b20588" />
    <UnitTestResult executionId="69b2bcd4-08bd-4491-a8b0-d5847cc98e00" testId="873cd1a8-59e6-4905-982e-e5749b18b1a6" testName="FormatToStringTest1000 (60017.857676936714,60017.86 zł)" computerName="DESKTOP-5URQ9PB" duration="00:00:00.0000062" startTime="2022-06-13T21:11:52.2746703+02:00" endTime="2022-06-13T21:11:52.2747359+02:00" testType="13cdc9d9-ddb5-4fa4-a97d-d965ccfc6d4b" outcome="Passed" testListId="8c84fa94-04c1-424b-9868-57a2d4851a1d" relativeResultsDirectory="69b2bcd4-08bd-4491-a8b0-d5847cc98e00" />
    <UnitTestResult executionId="98602007-6cd4-43da-b569-cd3dc875f62d" testId="d417d92b-183e-42d2-a983-d4a51159ae7f" testName="FormatToStringTest1000 (76751.79413498091,76751.79 zł)" computerName="DESKTOP-5URQ9PB" duration="00:00:00.0000394" startTime="2022-06-13T21:11:52.1446575+02:00" endTime="2022-06-13T21:11:52.1450578+02:00" testType="13cdc9d9-ddb5-4fa4-a97d-d965ccfc6d4b" outcome="Passed" testListId="8c84fa94-04c1-424b-9868-57a2d4851a1d" relativeResultsDirectory="98602007-6cd4-43da-b569-cd3dc875f62d" />
    <UnitTestResult executionId="52c9b747-a454-41ed-bfc9-1429a9507a38" testId="e02d7eb8-c18e-4861-a78a-bb2a1f132910" testName="FormatToStringTest1000 (24646.322657574587,24646.32 zł)" computerName="DESKTOP-5URQ9PB" duration="00:00:00.0000068" startTime="2022-06-13T21:11:52.0888165+02:00" endTime="2022-06-13T21:11:52.0888954+02:00" testType="13cdc9d9-ddb5-4fa4-a97d-d965ccfc6d4b" outcome="Passed" testListId="8c84fa94-04c1-424b-9868-57a2d4851a1d" relativeResultsDirectory="52c9b747-a454-41ed-bfc9-1429a9507a38" />
    <UnitTestResult executionId="52fa2669-53c9-4907-a3e3-35f56a7909e2" testId="f396908e-dc92-4370-a72c-322167b0a49a" testName="FormatToStringTest1000 (22533.17694295811,22533.18 zł)" computerName="DESKTOP-5URQ9PB" duration="00:00:00.0000063" startTime="2022-06-13T21:11:52.2697472+02:00" endTime="2022-06-13T21:11:52.2698196+02:00" testType="13cdc9d9-ddb5-4fa4-a97d-d965ccfc6d4b" outcome="Passed" testListId="8c84fa94-04c1-424b-9868-57a2d4851a1d" relativeResultsDirectory="52fa2669-53c9-4907-a3e3-35f56a7909e2" />
    <UnitTestResult executionId="97552da7-51a8-46b6-9261-30f907463b8a" testId="43859ead-2cb5-4180-803a-7aa3f1f60410" testName="FormatToStringTest1000 (75350.77330865282,75350.77 zł)" computerName="DESKTOP-5URQ9PB" duration="00:00:00.0000063" startTime="2022-06-13T21:11:51.9736380+02:00" endTime="2022-06-13T21:11:51.9737122+02:00" testType="13cdc9d9-ddb5-4fa4-a97d-d965ccfc6d4b" outcome="Passed" testListId="8c84fa94-04c1-424b-9868-57a2d4851a1d" relativeResultsDirectory="97552da7-51a8-46b6-9261-30f907463b8a" />
    <UnitTestResult executionId="493c407b-ddc8-4b07-89d5-129805a22651" testId="b7def311-beed-46d5-9de9-69ea92f5155c" testName="FormatToStringTest1000 (32566.30279101259,32566.30 zł)" computerName="DESKTOP-5URQ9PB" duration="00:00:00.0000064" startTime="2022-06-13T21:11:51.9842245+02:00" endTime="2022-06-13T21:11:51.9842937+02:00" testType="13cdc9d9-ddb5-4fa4-a97d-d965ccfc6d4b" outcome="Passed" testListId="8c84fa94-04c1-424b-9868-57a2d4851a1d" relativeResultsDirectory="493c407b-ddc8-4b07-89d5-129805a22651" />
    <UnitTestResult executionId="54f79440-1e9e-4b16-9711-02a7a62307ef" testId="0386d5b8-765f-4745-8027-d87c595c78ed" testName="FormatToStringTest1000 (16427.591943671738,16427.59 zł)" computerName="DESKTOP-5URQ9PB" duration="00:00:00.0000063" startTime="2022-06-13T21:11:52.1287965+02:00" endTime="2022-06-13T21:11:52.1288657+02:00" testType="13cdc9d9-ddb5-4fa4-a97d-d965ccfc6d4b" outcome="Passed" testListId="8c84fa94-04c1-424b-9868-57a2d4851a1d" relativeResultsDirectory="54f79440-1e9e-4b16-9711-02a7a62307ef" />
    <UnitTestResult executionId="834e73be-3da1-40bc-87d2-8754e4ddbc13" testId="f318254e-f152-45a7-8494-8634e91710f6" testName="FormatToStringTest1000 (85407.13428016152,85407.13 zł)" computerName="DESKTOP-5URQ9PB" duration="00:00:00.0000062" startTime="2022-06-13T21:11:52.2830211+02:00" endTime="2022-06-13T21:11:52.2830852+02:00" testType="13cdc9d9-ddb5-4fa4-a97d-d965ccfc6d4b" outcome="Passed" testListId="8c84fa94-04c1-424b-9868-57a2d4851a1d" relativeResultsDirectory="834e73be-3da1-40bc-87d2-8754e4ddbc13" />
    <UnitTestResult executionId="502bfb66-2695-421c-b4bc-8f748c5698bc" testId="00068aec-03b0-4031-820c-56ee6c53e43c" testName="FormatToStringTest1000 (49416.285282306504,49416.29 zł)" computerName="DESKTOP-5URQ9PB" duration="00:00:00.0000066" startTime="2022-06-13T21:11:52.2393009+02:00" endTime="2022-06-13T21:11:52.2393777+02:00" testType="13cdc9d9-ddb5-4fa4-a97d-d965ccfc6d4b" outcome="Passed" testListId="8c84fa94-04c1-424b-9868-57a2d4851a1d" relativeResultsDirectory="502bfb66-2695-421c-b4bc-8f748c5698bc" />
    <UnitTestResult executionId="acf54022-c84b-4f20-99a3-e77412f71d98" testId="ffa584bd-82ed-430d-8370-6c82c07e2b9a" testName="FormatToStringTest1000 (58191.92113629585,58191.92 zł)" computerName="DESKTOP-5URQ9PB" duration="00:00:00.0000062" startTime="2022-06-13T21:11:52.1919932+02:00" endTime="2022-06-13T21:11:52.1920577+02:00" testType="13cdc9d9-ddb5-4fa4-a97d-d965ccfc6d4b" outcome="Passed" testListId="8c84fa94-04c1-424b-9868-57a2d4851a1d" relativeResultsDirectory="acf54022-c84b-4f20-99a3-e77412f71d98" />
    <UnitTestResult executionId="ad87ea01-b353-4631-bf87-b862f5c9707f" testId="a720d661-28ef-47f8-ac1a-7e70595887b4" testName="FormatToStringTest1000 (16282.687804925576,16282.69 zł)" computerName="DESKTOP-5URQ9PB" duration="00:00:00.0000060" startTime="2022-06-13T21:11:52.0021890+02:00" endTime="2022-06-13T21:11:52.0022553+02:00" testType="13cdc9d9-ddb5-4fa4-a97d-d965ccfc6d4b" outcome="Passed" testListId="8c84fa94-04c1-424b-9868-57a2d4851a1d" relativeResultsDirectory="ad87ea01-b353-4631-bf87-b862f5c9707f" />
    <UnitTestResult executionId="adde29e7-ca4d-4897-b757-b11ca627de37" testId="1637e800-210c-42a0-830a-31701e509654" testName="FormatToStringTest1000 (1745.490603896552,1745.49 zł)" computerName="DESKTOP-5URQ9PB" duration="00:00:00.0000066" startTime="2022-06-13T21:11:52.0252537+02:00" endTime="2022-06-13T21:11:52.0253284+02:00" testType="13cdc9d9-ddb5-4fa4-a97d-d965ccfc6d4b" outcome="Passed" testListId="8c84fa94-04c1-424b-9868-57a2d4851a1d" relativeResultsDirectory="adde29e7-ca4d-4897-b757-b11ca627de37" />
    <UnitTestResult executionId="7aabbe72-af21-43bb-a1af-51122feee647" testId="9ab8de26-b8f7-44ed-bdae-c14734f68f4b" testName="FormatToStringTest1000 (15190.097283723344,15190.10 zł)" computerName="DESKTOP-5URQ9PB" duration="00:00:00.0000062" startTime="2022-06-13T21:11:52.2417189+02:00" endTime="2022-06-13T21:11:52.2417861+02:00" testType="13cdc9d9-ddb5-4fa4-a97d-d965ccfc6d4b" outcome="Passed" testListId="8c84fa94-04c1-424b-9868-57a2d4851a1d" relativeResultsDirectory="7aabbe72-af21-43bb-a1af-51122feee647" />
    <UnitTestResult executionId="24e3d104-017e-4436-ac1e-14a482467e2b" testId="044fb172-6db6-41e2-ad98-d9727e374106" testName="FormatToStringTest1000 (2992.6161168593057,2992.62 zł)" computerName="DESKTOP-5URQ9PB" duration="00:00:00.0000064" startTime="2022-06-13T21:11:52.2332090+02:00" endTime="2022-06-13T21:11:52.2332765+02:00" testType="13cdc9d9-ddb5-4fa4-a97d-d965ccfc6d4b" outcome="Passed" testListId="8c84fa94-04c1-424b-9868-57a2d4851a1d" relativeResultsDirectory="24e3d104-017e-4436-ac1e-14a482467e2b" />
    <UnitTestResult executionId="e6001642-5aac-4e02-bb41-3e82b479d624" testId="ab6c9283-d0a2-45fd-bc51-c5a0f5f7bffd" testName="FormatToStringTest1000 (64568.131500027666,64568.13 zł)" computerName="DESKTOP-5URQ9PB" duration="00:00:00.0000060" startTime="2022-06-13T21:11:52.2200058+02:00" endTime="2022-06-13T21:11:52.2200702+02:00" testType="13cdc9d9-ddb5-4fa4-a97d-d965ccfc6d4b" outcome="Passed" testListId="8c84fa94-04c1-424b-9868-57a2d4851a1d" relativeResultsDirectory="e6001642-5aac-4e02-bb41-3e82b479d624" />
    <UnitTestResult executionId="2b08428b-780d-4836-940f-e9258c3424ba" testId="3d3219b0-ae33-4b18-952f-63bcd93e8097" testName="FormatToStringTest1000 (26215.613055301183,26215.61 zł)" computerName="DESKTOP-5URQ9PB" duration="00:00:00.0000061" startTime="2022-06-13T21:11:52.1801164+02:00" endTime="2022-06-13T21:11:52.1801826+02:00" testType="13cdc9d9-ddb5-4fa4-a97d-d965ccfc6d4b" outcome="Passed" testListId="8c84fa94-04c1-424b-9868-57a2d4851a1d" relativeResultsDirectory="2b08428b-780d-4836-940f-e9258c3424ba" />
    <UnitTestResult executionId="7424c02b-fc39-4b49-a8da-101e40be8386" testId="d15add75-a85b-40ed-936a-8e0b5c1b8059" testName="FormatToStringTest1000 (26885.71162707904,26885.71 zł)" computerName="DESKTOP-5URQ9PB" duration="00:00:00.0000060" startTime="2022-06-13T21:11:51.9844048+02:00" endTime="2022-06-13T21:11:51.9844714+02:00" testType="13cdc9d9-ddb5-4fa4-a97d-d965ccfc6d4b" outcome="Passed" testListId="8c84fa94-04c1-424b-9868-57a2d4851a1d" relativeResultsDirectory="7424c02b-fc39-4b49-a8da-101e40be8386" />
    <UnitTestResult executionId="82c1fcca-50f1-42c6-8316-a51d9abd1d2a" testId="45826668-8987-4018-b2c6-172d8b7305d1" testName="FormatToStringTest1000 (5108.217389855635,5108.22 zł)" computerName="DESKTOP-5URQ9PB" duration="00:00:00.0000061" startTime="2022-06-13T21:11:52.0795914+02:00" endTime="2022-06-13T21:11:52.0796579+02:00" testType="13cdc9d9-ddb5-4fa4-a97d-d965ccfc6d4b" outcome="Passed" testListId="8c84fa94-04c1-424b-9868-57a2d4851a1d" relativeResultsDirectory="82c1fcca-50f1-42c6-8316-a51d9abd1d2a" />
    <UnitTestResult executionId="43dda9fd-37a3-4f95-971e-6bbb5b3d2d9c" testId="806a02a1-5d09-4681-953a-512439b861cc" testName="FormatToStringTest1000 (68174.53068551492,68174.53 zł)" computerName="DESKTOP-5URQ9PB" duration="00:00:00.0000063" startTime="2022-06-13T21:11:52.2415484+02:00" endTime="2022-06-13T21:11:52.2416157+02:00" testType="13cdc9d9-ddb5-4fa4-a97d-d965ccfc6d4b" outcome="Passed" testListId="8c84fa94-04c1-424b-9868-57a2d4851a1d" relativeResultsDirectory="43dda9fd-37a3-4f95-971e-6bbb5b3d2d9c" />
    <UnitTestResult executionId="6c6683d2-516b-4fa7-8f8b-fb5f9714d4bf" testId="93f69aff-0b00-41e8-a8f3-5bc6d57928e8" testName="FormatToStringTest1000 (26207.03715363659,26207.04 zł)" computerName="DESKTOP-5URQ9PB" duration="00:00:00.0000063" startTime="2022-06-13T21:11:52.0187784+02:00" endTime="2022-06-13T21:11:52.0188469+02:00" testType="13cdc9d9-ddb5-4fa4-a97d-d965ccfc6d4b" outcome="Passed" testListId="8c84fa94-04c1-424b-9868-57a2d4851a1d" relativeResultsDirectory="6c6683d2-516b-4fa7-8f8b-fb5f9714d4bf" />
    <UnitTestResult executionId="a4d4f023-2fd2-458b-b2f6-49ad4d29f054" testId="5a67123d-570b-4196-9c66-d27fd551e170" testName="FormatToStringTest1000 (26223.99769144412,26224.00 zł)" computerName="DESKTOP-5URQ9PB" duration="00:00:00.0000143" startTime="2022-06-13T21:11:51.9941885+02:00" endTime="2022-06-13T21:11:51.9943807+02:00" testType="13cdc9d9-ddb5-4fa4-a97d-d965ccfc6d4b" outcome="Passed" testListId="8c84fa94-04c1-424b-9868-57a2d4851a1d" relativeResultsDirectory="a4d4f023-2fd2-458b-b2f6-49ad4d29f054" />
    <UnitTestResult executionId="c93430ed-93c1-4710-8562-2de1c83e469c" testId="cd440fc0-3b76-4a42-ba17-1c4bac4ed666" testName="FormatToStringTest1000 (964.9678631783313,964.97 zł)" computerName="DESKTOP-5URQ9PB" duration="00:00:00.0000072" startTime="2022-06-13T21:11:52.0510533+02:00" endTime="2022-06-13T21:11:52.0511397+02:00" testType="13cdc9d9-ddb5-4fa4-a97d-d965ccfc6d4b" outcome="Passed" testListId="8c84fa94-04c1-424b-9868-57a2d4851a1d" relativeResultsDirectory="c93430ed-93c1-4710-8562-2de1c83e469c" />
    <UnitTestResult executionId="8b72e852-8340-4745-b3ee-51a916cbaad1" testId="4c86ed23-6161-4c0a-8b74-98586bb5d602" testName="FormatToStringTest1000 (16416.109736457518,16416.11 zł)" computerName="DESKTOP-5URQ9PB" duration="00:00:00.0000062" startTime="2022-06-13T21:11:52.1672642+02:00" endTime="2022-06-13T21:11:52.1673366+02:00" testType="13cdc9d9-ddb5-4fa4-a97d-d965ccfc6d4b" outcome="Passed" testListId="8c84fa94-04c1-424b-9868-57a2d4851a1d" relativeResultsDirectory="8b72e852-8340-4745-b3ee-51a916cbaad1" />
    <UnitTestResult executionId="f74b76f4-da1b-4c3d-9b50-3120adfbfd92" testId="e36f2850-748a-45f4-872e-acb7ace7b1cc" testName="FormatToStringTest1000 (46790.41011887715,46790.41 zł)" computerName="DESKTOP-5URQ9PB" duration="00:00:00.0000346" startTime="2022-06-13T21:11:52.1455807+02:00" endTime="2022-06-13T21:11:52.1459909+02:00" testType="13cdc9d9-ddb5-4fa4-a97d-d965ccfc6d4b" outcome="Passed" testListId="8c84fa94-04c1-424b-9868-57a2d4851a1d" relativeResultsDirectory="f74b76f4-da1b-4c3d-9b50-3120adfbfd92" />
  </Results>
  <TestDefinitions>
    <UnitTest name="FormatToStringTest1000 (867.5236648356187,867.52 zł)" storage="c:\projekty\mstestproject\bin\debug\netcoreapp3.1\mstestproject.dll" id="ebea6694-c32b-4290-a532-163ba1fde5c4">
      <TestCategory>
        <TestCategoryItem TestCategory="Category1000" />
      </TestCategory>
      <Execution id="a4c34cef-027e-481c-a14f-c6f48831b2e8" />
      <TestMethod codeBase="C:\Projekty\MSTestProject\bin\Debug\netcoreapp3.1\MSTestProject.dll" adapterTypeName="executor://mstestadapter/v2" className="TwojeWesele.Services.Helpers.Tests.CurrencyHelperTests" name="FormatToStringTest1000" />
    </UnitTest>
    <UnitTest name="FormatToStringTest1000 (29508.077101491428,29508.08 zł)" storage="c:\projekty\mstestproject\bin\debug\netcoreapp3.1\mstestproject.dll" id="21e758d4-0648-48e9-b28e-966a8feb83c3">
      <TestCategory>
        <TestCategoryItem TestCategory="Category1000" />
      </TestCategory>
      <Execution id="800b4a79-9f4a-4414-9165-426f2fec56bf" />
      <TestMethod codeBase="C:\Projekty\MSTestProject\bin\Debug\netcoreapp3.1\MSTestProject.dll" adapterTypeName="executor://mstestadapter/v2" className="TwojeWesele.Services.Helpers.Tests.CurrencyHelperTests" name="FormatToStringTest1000" />
    </UnitTest>
    <UnitTest name="FormatToStringTest1000 (13337.80490493486,13337.80 zł)" storage="c:\projekty\mstestproject\bin\debug\netcoreapp3.1\mstestproject.dll" id="9b6e5329-a9af-436a-8147-2cd67d4bc8ee">
      <TestCategory>
        <TestCategoryItem TestCategory="Category1000" />
      </TestCategory>
      <Execution id="02c1c7b3-7168-4040-9ffd-5cc7a9f237e6" />
      <TestMethod codeBase="C:\Projekty\MSTestProject\bin\Debug\netcoreapp3.1\MSTestProject.dll" adapterTypeName="executor://mstestadapter/v2" className="TwojeWesele.Services.Helpers.Tests.CurrencyHelperTests" name="FormatToStringTest1000" />
    </UnitTest>
    <UnitTest name="FormatToStringTest1000 (2718.1767171650085,2718.18 zł)" storage="c:\projekty\mstestproject\bin\debug\netcoreapp3.1\mstestproject.dll" id="c12ee967-b2ca-4685-a17b-66d81594de65">
      <TestCategory>
        <TestCategoryItem TestCategory="Category1000" />
      </TestCategory>
      <Execution id="d627d6e5-a8ab-4a32-9a6f-618d5f24b4b6" />
      <TestMethod codeBase="C:\Projekty\MSTestProject\bin\Debug\netcoreapp3.1\MSTestProject.dll" adapterTypeName="executor://mstestadapter/v2" className="TwojeWesele.Services.Helpers.Tests.CurrencyHelperTests" name="FormatToStringTest1000" />
    </UnitTest>
    <UnitTest name="FormatToStringTest1000 (26885.71162707904,26885.71 zł)" storage="c:\projekty\mstestproject\bin\debug\netcoreapp3.1\mstestproject.dll" id="d15add75-a85b-40ed-936a-8e0b5c1b8059">
      <TestCategory>
        <TestCategoryItem TestCategory="Category1000" />
      </TestCategory>
      <Execution id="7424c02b-fc39-4b49-a8da-101e40be8386" />
      <TestMethod codeBase="C:\Projekty\MSTestProject\bin\Debug\netcoreapp3.1\MSTestProject.dll" adapterTypeName="executor://mstestadapter/v2" className="TwojeWesele.Services.Helpers.Tests.CurrencyHelperTests" name="FormatToStringTest1000" />
    </UnitTest>
    <UnitTest name="FormatToStringTest1000 (75987.03378503352,75987.03 zł)" storage="c:\projekty\mstestproject\bin\debug\netcoreapp3.1\mstestproject.dll" id="d1e83bc9-f3f2-4833-a9d2-1417452895a2">
      <TestCategory>
        <TestCategoryItem TestCategory="Category1000" />
      </TestCategory>
      <Execution id="f1d0dce6-7c80-4c6d-8a2d-7c478cfcc61b" />
      <TestMethod codeBase="C:\Projekty\MSTestProject\bin\Debug\netcoreapp3.1\MSTestProject.dll" adapterTypeName="executor://mstestadapter/v2" className="TwojeWesele.Services.Helpers.Tests.CurrencyHelperTests" name="FormatToStringTest1000" />
    </UnitTest>
    <UnitTest name="FormatToStringTest1000 (6890.028458985514,6890.03 zł)" storage="c:\projekty\mstestproject\bin\debug\netcoreapp3.1\mstestproject.dll" id="f0fc3dc6-6b98-4a98-a2ff-31aba265d66b">
      <TestCategory>
        <TestCategoryItem TestCategory="Category1000" />
      </TestCategory>
      <Execution id="50a0d8fa-0b09-4af9-aff1-ec60de3478da" />
      <TestMethod codeBase="C:\Projekty\MSTestProject\bin\Debug\netcoreapp3.1\MSTestProject.dll" adapterTypeName="executor://mstestadapter/v2" className="TwojeWesele.Services.Helpers.Tests.CurrencyHelperTests" name="FormatToStringTest1000" />
    </UnitTest>
    <UnitTest name="FormatToStringTest1000 (51529.79033960206,51529.79 zł)" storage="c:\projekty\mstestproject\bin\debug\netcoreapp3.1\mstestproject.dll" id="522c9d92-82ed-4fbd-913f-2b9276d872f4">
      <TestCategory>
        <TestCategoryItem TestCategory="Category1000" />
      </TestCategory>
      <Execution id="072ee58e-ae6b-47dc-b1ea-235a07284275" />
      <TestMethod codeBase="C:\Projekty\MSTestProject\bin\Debug\netcoreapp3.1\MSTestProject.dll" adapterTypeName="executor://mstestadapter/v2" className="TwojeWesele.Services.Helpers.Tests.CurrencyHelperTests" name="FormatToStringTest1000" />
    </UnitTest>
    <UnitTest name="FormatToStringTest1000 (22678.643495744862,22678.64 zł)" storage="c:\projekty\mstestproject\bin\debug\netcoreapp3.1\mstestproject.dll" id="9d01a9f0-9dfb-4925-af40-924d8b2ce95e">
      <TestCategory>
        <TestCategoryItem TestCategory="Category1000" />
      </TestCategory>
      <Execution id="6d3cb056-1fee-4f41-b4bb-72d24c424305" />
      <TestMethod codeBase="C:\Projekty\MSTestProject\bin\Debug\netcoreapp3.1\MSTestProject.dll" adapterTypeName="executor://mstestadapter/v2" className="TwojeWesele.Services.Helpers.Tests.CurrencyHelperTests" name="FormatToStringTest1000" />
    </UnitTest>
    <UnitTest name="FormatToStringTest1000 (1884.4923513031063,1884.49 zł)" storage="c:\projekty\mstestproject\bin\debug\netcoreapp3.1\mstestproject.dll" id="454e2578-247f-4dd4-bacb-724f7b3ed8d8">
      <TestCategory>
        <TestCategoryItem TestCategory="Category1000" />
      </TestCategory>
      <Execution id="171f3775-5256-4cab-bd1a-42233b0d9cd9" />
      <TestMethod codeBase="C:\Projekty\MSTestProject\bin\Debug\netcoreapp3.1\MSTestProject.dll" adapterTypeName="executor://mstestadapter/v2" className="TwojeWesele.Services.Helpers.Tests.CurrencyHelperTests" name="FormatToStringTest1000" />
    </UnitTest>
    <UnitTest name="FormatToStringTest1000 (13286.856387228174,13286.86 zł)" storage="c:\projekty\mstestproject\bin\debug\netcoreapp3.1\mstestproject.dll" id="53196077-7eb5-49c2-90ad-dadf3a930ada">
      <TestCategory>
        <TestCategoryItem TestCategory="Category1000" />
      </TestCategory>
      <Execution id="5060d894-a411-4b03-8ad3-45b11a6a734b" />
      <TestMethod codeBase="C:\Projekty\MSTestProject\bin\Debug\netcoreapp3.1\MSTestProject.dll" adapterTypeName="executor://mstestadapter/v2" className="TwojeWesele.Services.Helpers.Tests.CurrencyHelperTests" name="FormatToStringTest1000" />
    </UnitTest>
    <UnitTest name="FormatToStringTest1000 (4614.673205890541,4614.67 zł)" storage="c:\projekty\mstestproject\bin\debug\netcoreapp3.1\mstestproject.dll" id="f5727d33-3498-4ca7-8942-8bfe14b2799f">
      <TestCategory>
        <TestCategoryItem TestCategory="Category1000" />
      </TestCategory>
      <Execution id="0a19cbe4-9806-4a1c-a82d-ad8804e0e0e5" />
      <TestMethod codeBase="C:\Projekty\MSTestProject\bin\Debug\netcoreapp3.1\MSTestProject.dll" adapterTypeName="executor://mstestadapter/v2" className="TwojeWesele.Services.Helpers.Tests.CurrencyHelperTests" name="FormatToStringTest1000" />
    </UnitTest>
    <UnitTest name="FormatToStringTest1000 (10174.652801423637,10174.65 zł)" storage="c:\projekty\mstestproject\bin\debug\netcoreapp3.1\mstestproject.dll" id="0e6c919d-6015-4bf9-8dbd-35140eb3cdbf">
      <TestCategory>
        <TestCategoryItem TestCategory="Category1000" />
      </TestCategory>
      <Execution id="3092a81d-7a58-4f90-b2b2-990093be46b4" />
      <TestMethod codeBase="C:\Projekty\MSTestProject\bin\Debug\netcoreapp3.1\MSTestProject.dll" adapterTypeName="executor://mstestadapter/v2" className="TwojeWesele.Services.Helpers.Tests.CurrencyHelperTests" name="FormatToStringTest1000" />
    </UnitTest>
    <UnitTest name="FormatToStringTest1000 (6205.946199725357,6205.95 zł)" storage="c:\projekty\mstestproject\bin\debug\netcoreapp3.1\mstestproject.dll" id="e9bb96c2-42ad-4cd4-b987-72aef0f4a404">
      <TestCategory>
        <TestCategoryItem TestCategory="Category1000" />
      </TestCategory>
      <Execution id="47714d9f-54bf-4ccf-ab8f-60265822f287" />
      <TestMethod codeBase="C:\Projekty\MSTestProject\bin\Debug\netcoreapp3.1\MSTestProject.dll" adapterTypeName="executor://mstestadapter/v2" className="TwojeWesele.Services.Helpers.Tests.CurrencyHelperTests" name="FormatToStringTest1000" />
    </UnitTest>
    <UnitTest name="FormatToStringTest1000 (3092.9215945624383,3092.92 zł)" storage="c:\projekty\mstestproject\bin\debug\netcoreapp3.1\mstestproject.dll" id="f0dd09b6-6cde-4aad-bffe-1c6ad9478db5">
      <TestCategory>
        <TestCategoryItem TestCategory="Category1000" />
      </TestCategory>
      <Execution id="b9eaafd5-1869-49bf-849b-eeb0f7a3b72a" />
      <TestMethod codeBase="C:\Projekty\MSTestProject\bin\Debug\netcoreapp3.1\MSTestProject.dll" adapterTypeName="executor://mstestadapter/v2" className="TwojeWesele.Services.Helpers.Tests.CurrencyHelperTests" name="FormatToStringTest1000" />
    </UnitTest>
    <UnitTest name="FormatToStringTest1000 (32863.31705269558,32863.32 zł)" storage="c:\projekty\mstestproject\bin\debug\netcoreapp3.1\mstestproject.dll" id="894a0ff2-6715-4198-87d1-21c66fa382b7">
      <TestCategory>
        <TestCategoryItem TestCategory="Category1000" />
      </TestCategory>
      <Execution id="e1274e84-a845-45c8-86c4-88bc6e23cbc0" />
      <TestMethod codeBase="C:\Projekty\MSTestProject\bin\Debug\netcoreapp3.1\MSTestProject.dll" adapterTypeName="executor://mstestadapter/v2" className="TwojeWesele.Services.Helpers.Tests.CurrencyHelperTests" name="FormatToStringTest1000" />
    </UnitTest>
    <UnitTest name="FormatToStringTest1000 (28972.23604401212,28972.24 zł)" storage="c:\projekty\mstestproject\bin\debug\netcoreapp3.1\mstestproject.dll" id="36b61fe4-a228-4a21-af02-40440322b5de">
      <TestCategory>
        <TestCategoryItem TestCategory="Category1000" />
      </TestCategory>
      <Execution id="2aa81161-f22d-4faa-8eb3-b4041013db44" />
      <TestMethod codeBase="C:\Projekty\MSTestProject\bin\Debug\netcoreapp3.1\MSTestProject.dll" adapterTypeName="executor://mstestadapter/v2" className="TwojeWesele.Services.Helpers.Tests.CurrencyHelperTests" name="FormatToStringTest1000" />
    </UnitTest>
    <UnitTest name="FormatToStringTest1000 (56286.70397975702,56286.70 zł)" storage="c:\projekty\mstestproject\bin\debug\netcoreapp3.1\mstestproject.dll" id="4bcecfa3-5eea-448f-99ba-b5dcd01108f0">
      <TestCategory>
        <TestCategoryItem TestCategory="Category1000" />
      </TestCategory>
      <Execution id="45a0329d-e2d0-4595-a3e6-dbbe3e928b2a" />
      <TestMethod codeBase="C:\Projekty\MSTestProject\bin\Debug\netcoreapp3.1\MSTestProject.dll" adapterTypeName="executor://mstestadapter/v2" className="TwojeWesele.Services.Helpers.Tests.CurrencyHelperTests" name="FormatToStringTest1000" />
    </UnitTest>
    <UnitTest name="FormatToStringTest1000 (44361.82678515177,44361.83 zł)" storage="c:\projekty\mstestproject\bin\debug\netcoreapp3.1\mstestproject.dll" id="3b813775-0aa8-45cf-91a7-2fb31aba61d5">
      <TestCategory>
        <TestCategoryItem TestCategory="Category1000" />
      </TestCategory>
      <Execution id="12b9fb65-44f4-44b8-a3ee-168bb7e80cb5" />
      <TestMethod codeBase="C:\Projekty\MSTestProject\bin\Debug\netcoreapp3.1\MSTestProject.dll" adapterTypeName="executor://mstestadapter/v2" className="TwojeWesele.Services.Helpers.Tests.CurrencyHelperTests" name="FormatToStringTest1000" />
    </UnitTest>
    <UnitTest name="FormatToStringTest1000 (35384.637112688106,35384.64 zł)" storage="c:\projekty\mstestproject\bin\debug\netcoreapp3.1\mstestproject.dll" id="d1043990-0df5-4bbd-a31a-02f31be63ca9">
      <TestCategory>
        <TestCategoryItem TestCategory="Category1000" />
      </TestCategory>
      <Execution id="5a7180fb-5413-4d11-b570-37f8ba0489c6" />
      <TestMethod codeBase="C:\Projekty\MSTestProject\bin\Debug\netcoreapp3.1\MSTestProject.dll" adapterTypeName="executor://mstestadapter/v2" className="TwojeWesele.Services.Helpers.Tests.CurrencyHelperTests" name="FormatToStringTest1000" />
    </UnitTest>
    <UnitTest name="FormatToStringTest1000 (272.5621069118204,272.56 zł)" storage="c:\projekty\mstestproject\bin\debug\netcoreapp3.1\mstestproject.dll" id="04bce6aa-5087-4390-8edc-bab20f2cb244">
      <TestCategory>
        <TestCategoryItem TestCategory="Category1000" />
      </TestCategory>
      <Execution id="d857eded-ec47-4c17-b980-f6eba4fb6a68" />
      <TestMethod codeBase="C:\Projekty\MSTestProject\bin\Debug\netcoreapp3.1\MSTestProject.dll" adapterTypeName="executor://mstestadapter/v2" className="TwojeWesele.Services.Helpers.Tests.CurrencyHelperTests" name="FormatToStringTest1000" />
    </UnitTest>
    <UnitTest name="FormatToStringTest1000 (740.3213011405064,740.32 zł)" storage="c:\projekty\mstestproject\bin\debug\netcoreapp3.1\mstestproject.dll" id="530aa68b-4820-4c1d-9d16-ed867f10fb05">
      <TestCategory>
        <TestCategoryItem TestCategory="Category1000" />
      </TestCategory>
      <Execution id="a63ffcb6-1581-4ae8-b0ea-8654644d16f1" />
      <TestMethod codeBase="C:\Projekty\MSTestProject\bin\Debug\netcoreapp3.1\MSTestProject.dll" adapterTypeName="executor://mstestadapter/v2" className="TwojeWesele.Services.Helpers.Tests.CurrencyHelperTests" name="FormatToStringTest1000" />
    </UnitTest>
    <UnitTest name="FormatToStringTest1000 (51300.77891898145,51300.78 zł)" storage="c:\projekty\mstestproject\bin\debug\netcoreapp3.1\mstestproject.dll" id="24730927-f83f-460b-b7a1-304ae3afcb02">
      <TestCategory>
        <TestCategoryItem TestCategory="Category1000" />
      </TestCategory>
      <Execution id="1284e930-0608-4e38-ae14-a719aef20c3a" />
      <TestMethod codeBase="C:\Projekty\MSTestProject\bin\Debug\netcoreapp3.1\MSTestProject.dll" adapterTypeName="executor://mstestadapter/v2" className="TwojeWesele.Services.Helpers.Tests.CurrencyHelperTests" name="FormatToStringTest1000" />
    </UnitTest>
    <UnitTest name="FormatToStringTest1000 (9634.398811461124,9634.40 zł)" storage="c:\projekty\mstestproject\bin\debug\netcoreapp3.1\mstestproject.dll" id="5e4201d8-319c-4f0f-91b0-85e7c10b7aa0">
      <TestCategory>
        <TestCategoryItem TestCategory="Category1000" />
      </TestCategory>
      <Execution id="39787ea8-4190-4164-b5f3-ec4bc8390f5f" />
      <TestMethod codeBase="C:\Projekty\MSTestProject\bin\Debug\netcoreapp3.1\MSTestProject.dll" adapterTypeName="executor://mstestadapter/v2" className="TwojeWesele.Services.Helpers.Tests.CurrencyHelperTests" name="FormatToStringTest1000" />
    </UnitTest>
    <UnitTest name="FormatToStringTest1000 (5978.1197194131655,5978.12 zł)" storage="c:\projekty\mstestproject\bin\debug\netcoreapp3.1\mstestproject.dll" id="527bdbe3-403a-4b28-8e43-02f26ecad15f">
      <TestCategory>
        <TestCategoryItem TestCategory="Category1000" />
      </TestCategory>
      <Execution id="94eb01eb-ec9d-4d6f-abc2-f13b9f79570c" />
      <TestMethod codeBase="C:\Projekty\MSTestProject\bin\Debug\netcoreapp3.1\MSTestProject.dll" adapterTypeName="executor://mstestadapter/v2" className="TwojeWesele.Services.Helpers.Tests.CurrencyHelperTests" name="FormatToStringTest1000" />
    </UnitTest>
    <UnitTest name="FormatToStringTest1000 (743.047944508981,743.05 zł)" storage="c:\projekty\mstestproject\bin\debug\netcoreapp3.1\mstestproject.dll" id="05f4d0bf-da3a-4194-b332-6751ea1bbd95">
      <TestCategory>
        <TestCategoryItem TestCategory="Category1000" />
      </TestCategory>
      <Execution id="0d0f08ff-e9d5-4b7d-af47-77ec4e44b86b" />
      <TestMethod codeBase="C:\Projekty\MSTestProject\bin\Debug\netcoreapp3.1\MSTestProject.dll" adapterTypeName="executor://mstestadapter/v2" className="TwojeWesele.Services.Helpers.Tests.CurrencyHelperTests" name="FormatToStringTest1000" />
    </UnitTest>
    <UnitTest name="FormatToStringTest1000 (47437.74370917619,47437.74 zł)" storage="c:\projekty\mstestproject\bin\debug\netcoreapp3.1\mstestproject.dll" id="35373582-a03d-4558-a1fb-f7b191350ba2">
      <TestCategory>
        <TestCategoryItem TestCategory="Category1000" />
      </TestCategory>
      <Execution id="0992f3ba-124b-412a-9577-3b99bbead690" />
      <TestMethod codeBase="C:\Projekty\MSTestProject\bin\Debug\netcoreapp3.1\MSTestProject.dll" adapterTypeName="executor://mstestadapter/v2" className="TwojeWesele.Services.Helpers.Tests.CurrencyHelperTests" name="FormatToStringTest1000" />
    </UnitTest>
    <UnitTest name="FormatToStringTest1000 (591.2110872302256,591.21 zł)" storage="c:\projekty\mstestproject\bin\debug\netcoreapp3.1\mstestproject.dll" id="af78304a-822b-4fe6-a516-b75aa2fae3da">
      <TestCategory>
        <TestCategoryItem TestCategory="Category1000" />
      </TestCategory>
      <Execution id="9df6eb1d-3f5a-4067-9d24-cee830251a47" />
      <TestMethod codeBase="C:\Projekty\MSTestProject\bin\Debug\netcoreapp3.1\MSTestProject.dll" adapterTypeName="executor://mstestadapter/v2" className="TwojeWesele.Services.Helpers.Tests.CurrencyHelperTests" name="FormatToStringTest1000" />
    </UnitTest>
    <UnitTest name="FormatToStringTest1000 (19216.446905020366,19216.45 zł)" storage="c:\projekty\mstestproject\bin\debug\netcoreapp3.1\mstestproject.dll" id="745e4607-c3df-4626-8901-8c4610d6d8cf">
      <TestCategory>
        <TestCategoryItem TestCategory="Category1000" />
      </TestCategory>
      <Execution id="5afd631e-c880-4039-8db0-f274e73e1c91" />
      <TestMethod codeBase="C:\Projekty\MSTestProject\bin\Debug\netcoreapp3.1\MSTestProject.dll" adapterTypeName="executor://mstestadapter/v2" className="TwojeWesele.Services.Helpers.Tests.CurrencyHelperTests" name="FormatToStringTest1000" />
    </UnitTest>
    <UnitTest name="FormatToStringTest1000 (34096.337879508894,34096.34 zł)" storage="c:\projekty\mstestproject\bin\debug\netcoreapp3.1\mstestproject.dll" id="d5249b6d-2fa9-4841-ba1e-f8f82fdefa9b">
      <TestCategory>
        <TestCategoryItem TestCategory="Category1000" />
      </TestCategory>
      <Execution id="1113698a-8e16-4962-8e17-433dca52d171" />
      <TestMethod codeBase="C:\Projekty\MSTestProject\bin\Debug\netcoreapp3.1\MSTestProject.dll" adapterTypeName="executor://mstestadapter/v2" className="TwojeWesele.Services.Helpers.Tests.CurrencyHelperTests" name="FormatToStringTest1000" />
    </UnitTest>
    <UnitTest name="FormatToStringTest1000 (3303.1902076747224,3303.19 zł)" storage="c:\projekty\mstestproject\bin\debug\netcoreapp3.1\mstestproject.dll" id="8b6faa65-6847-465e-bff0-3d10077d9b25">
      <TestCategory>
        <TestCategoryItem TestCategory="Category1000" />
      </TestCategory>
      <Execution id="6586e47d-cd71-488b-87be-a1e848499e03" />
      <TestMethod codeBase="C:\Projekty\MSTestProject\bin\Debug\netcoreapp3.1\MSTestProject.dll" adapterTypeName="executor://mstestadapter/v2" className="TwojeWesele.Services.Helpers.Tests.CurrencyHelperTests" name="FormatToStringTest1000" />
    </UnitTest>
    <UnitTest name="FormatToStringTest1000 (64124.274503948756,64124.27 zł)" storage="c:\projekty\mstestproject\bin\debug\netcoreapp3.1\mstestproject.dll" id="bff5798e-6126-46c3-8bfd-2e96bf7d8af3">
      <TestCategory>
        <TestCategoryItem TestCategory="Category1000" />
      </TestCategory>
      <Execution id="c3f6662b-131c-4aa5-ac1c-9288fe1be2f5" />
      <TestMethod codeBase="C:\Projekty\MSTestProject\bin\Debug\netcoreapp3.1\MSTestProject.dll" adapterTypeName="executor://mstestadapter/v2" className="TwojeWesele.Services.Helpers.Tests.CurrencyHelperTests" name="FormatToStringTest1000" />
    </UnitTest>
    <UnitTest name="FormatToStringTest1000 (50009.23881716898,50009.24 zł)" storage="c:\projekty\mstestproject\bin\debug\netcoreapp3.1\mstestproject.dll" id="400f83d8-906f-4ec5-b239-d7b6f9c696ea">
      <TestCategory>
        <TestCategoryItem TestCategory="Category1000" />
      </TestCategory>
      <Execution id="ea2be496-fdb3-41be-b2ba-97dfcff2d880" />
      <TestMethod codeBase="C:\Projekty\MSTestProject\bin\Debug\netcoreapp3.1\MSTestProject.dll" adapterTypeName="executor://mstestadapter/v2" className="TwojeWesele.Services.Helpers.Tests.CurrencyHelperTests" name="FormatToStringTest1000" />
    </UnitTest>
    <UnitTest name="FormatToStringTest1000 (73504.44700518598,73504.45 zł)" storage="c:\projekty\mstestproject\bin\debug\netcoreapp3.1\mstestproject.dll" id="195dc119-2148-4960-95a3-d674249499c4">
      <TestCategory>
        <TestCategoryItem TestCategory="Category1000" />
      </TestCategory>
      <Execution id="91e137ad-14ea-4cea-beed-8bba81cfc4f6" />
      <TestMethod codeBase="C:\Projekty\MSTestProject\bin\Debug\netcoreapp3.1\MSTestProject.dll" adapterTypeName="executor://mstestadapter/v2" className="TwojeWesele.Services.Helpers.Tests.CurrencyHelperTests" name="FormatToStringTest1000" />
    </UnitTest>
    <UnitTest name="FormatToStringTest1000 (823.2747994560166,823.27 zł)" storage="c:\projekty\mstestproject\bin\debug\netcoreapp3.1\mstestproject.dll" id="e890688a-6ecc-4477-b2af-52c6989ce2fb">
      <TestCategory>
        <TestCategoryItem TestCategory="Category1000" />
      </TestCategory>
      <Execution id="5381c6ae-66c6-434b-94e6-7ecda43054a3" />
      <TestMethod codeBase="C:\Projekty\MSTestProject\bin\Debug\netcoreapp3.1\MSTestProject.dll" adapterTypeName="executor://mstestadapter/v2" className="TwojeWesele.Services.Helpers.Tests.CurrencyHelperTests" name="FormatToStringTest1000" />
    </UnitTest>
    <UnitTest name="FormatToStringTest1000 (1687.5965557361937,1687.60 zł)" storage="c:\projekty\mstestproject\bin\debug\netcoreapp3.1\mstestproject.dll" id="67b7d772-141a-4447-884c-20aaee4e8dc4">
      <TestCategory>
        <TestCategoryItem TestCategory="Category1000" />
      </TestCategory>
      <Execution id="d404e3fe-1102-41c4-a728-52d6a6b5d2c7" />
      <TestMethod codeBase="C:\Projekty\MSTestProject\bin\Debug\netcoreapp3.1\MSTestProject.dll" adapterTypeName="executor://mstestadapter/v2" className="TwojeWesele.Services.Helpers.Tests.CurrencyHelperTests" name="FormatToStringTest1000" />
    </UnitTest>
    <UnitTest name="FormatToStringTest1000 (7124.979180760672,7124.98 zł)" storage="c:\projekty\mstestproject\bin\debug\netcoreapp3.1\mstestproject.dll" id="e0765d63-195d-47a1-8d86-b4bd35c6a600">
      <TestCategory>
        <TestCategoryItem TestCategory="Category1000" />
      </TestCategory>
      <Execution id="75401911-34a8-4d95-adaa-d921e9040073" />
      <TestMethod codeBase="C:\Projekty\MSTestProject\bin\Debug\netcoreapp3.1\MSTestProject.dll" adapterTypeName="executor://mstestadapter/v2" className="TwojeWesele.Services.Helpers.Tests.CurrencyHelperTests" name="FormatToStringTest1000" />
    </UnitTest>
    <UnitTest name="FormatToStringTest1000 (30578.687538491416,30578.69 zł)" storage="c:\projekty\mstestproject\bin\debug\netcoreapp3.1\mstestproject.dll" id="dfbf7d31-d6cb-47a3-bc91-8204e876cbe2">
      <TestCategory>
        <TestCategoryItem TestCategory="Category1000" />
      </TestCategory>
      <Execution id="f68e9516-9bdb-47aa-a56b-05fac90949e9" />
      <TestMethod codeBase="C:\Projekty\MSTestProject\bin\Debug\netcoreapp3.1\MSTestProject.dll" adapterTypeName="executor://mstestadapter/v2" className="TwojeWesele.Services.Helpers.Tests.CurrencyHelperTests" name="FormatToStringTest1000" />
    </UnitTest>
    <UnitTest name="FormatToStringTest1000 (48449.85582609189,48449.86 zł)" storage="c:\projekty\mstestproject\bin\debug\netcoreapp3.1\mstestproject.dll" id="178a048e-8d64-491a-a200-c767001ffb9b">
      <TestCategory>
        <TestCategoryItem TestCategory="Category1000" />
      </TestCategory>
      <Execution id="eb05c6fd-87b6-4d68-8aa1-c3290be872fd" />
      <TestMethod codeBase="C:\Projekty\MSTestProject\bin\Debug\netcoreapp3.1\MSTestProject.dll" adapterTypeName="executor://mstestadapter/v2" className="TwojeWesele.Services.Helpers.Tests.CurrencyHelperTests" name="FormatToStringTest1000" />
    </UnitTest>
    <UnitTest name="FormatToStringTest1000 (22330.217605518745,22330.22 zł)" storage="c:\projekty\mstestproject\bin\debug\netcoreapp3.1\mstestproject.dll" id="31a0b72c-d474-45c6-a104-3743362fc781">
      <TestCategory>
        <TestCategoryItem TestCategory="Category1000" />
      </TestCategory>
      <Execution id="e7fe56e4-37c1-4059-b367-9b735cfa3372" />
      <TestMethod codeBase="C:\Projekty\MSTestProject\bin\Debug\netcoreapp3.1\MSTestProject.dll" adapterTypeName="executor://mstestadapter/v2" className="TwojeWesele.Services.Helpers.Tests.CurrencyHelperTests" name="FormatToStringTest1000" />
    </UnitTest>
    <UnitTest name="FormatToStringTest1000 (19463.08761954917,19463.09 zł)" storage="c:\projekty\mstestproject\bin\debug\netcoreapp3.1\mstestproject.dll" id="2a80777f-e29f-4a38-a89a-c9cebbfdc5a4">
      <TestCategory>
        <TestCategoryItem TestCategory="Category1000" />
      </TestCategory>
      <Execution id="b541b238-9083-4434-9edd-00a31ef1f537" />
      <TestMethod codeBase="C:\Projekty\MSTestProject\bin\Debug\netcoreapp3.1\MSTestProject.dll" adapterTypeName="executor://mstestadapter/v2" className="TwojeWesele.Services.Helpers.Tests.CurrencyHelperTests" name="FormatToStringTest1000" />
    </UnitTest>
    <UnitTest name="FormatToStringTest1000 (65809.35218338219,65809.35 zł)" storage="c:\projekty\mstestproject\bin\debug\netcoreapp3.1\mstestproject.dll" id="58444472-d7b6-4206-86ff-aca1efe6da94">
      <TestCategory>
        <TestCategoryItem TestCategory="Category1000" />
      </TestCategory>
      <Execution id="ca9df023-fd7f-4e15-bc3e-04cd2e9a2abf" />
      <TestMethod codeBase="C:\Projekty\MSTestProject\bin\Debug\netcoreapp3.1\MSTestProject.dll" adapterTypeName="executor://mstestadapter/v2" className="TwojeWesele.Services.Helpers.Tests.CurrencyHelperTests" name="FormatToStringTest1000" />
    </UnitTest>
    <UnitTest name="FormatToStringTest1000 (46590.9609819562,46590.96 zł)" storage="c:\projekty\mstestproject\bin\debug\netcoreapp3.1\mstestproject.dll" id="793333b9-19bb-4fb7-9841-222616c27d6c">
      <TestCategory>
        <TestCategoryItem TestCategory="Category1000" />
      </TestCategory>
      <Execution id="519218cc-a40e-4866-804b-c78a4ad3b816" />
      <TestMethod codeBase="C:\Projekty\MSTestProject\bin\Debug\netcoreapp3.1\MSTestProject.dll" adapterTypeName="executor://mstestadapter/v2" className="TwojeWesele.Services.Helpers.Tests.CurrencyHelperTests" name="FormatToStringTest1000" />
    </UnitTest>
    <UnitTest name="FormatToStringTest1000 (28502.61128259758,28502.61 zł)" storage="c:\projekty\mstestproject\bin\debug\netcoreapp3.1\mstestproject.dll" id="152d4858-171f-4ebd-8ff5-7ea5c76903aa">
      <TestCategory>
        <TestCategoryItem TestCategory="Category1000" />
      </TestCategory>
      <Execution id="3edc8c75-bcb9-45c3-bc93-875774f95d04" />
      <TestMethod codeBase="C:\Projekty\MSTestProject\bin\Debug\netcoreapp3.1\MSTestProject.dll" adapterTypeName="executor://mstestadapter/v2" className="TwojeWesele.Services.Helpers.Tests.CurrencyHelperTests" name="FormatToStringTest1000" />
    </UnitTest>
    <UnitTest name="FormatToStringTest1000 (49416.285282306504,49416.29 zł)" storage="c:\projekty\mstestproject\bin\debug\netcoreapp3.1\mstestproject.dll" id="00068aec-03b0-4031-820c-56ee6c53e43c">
      <TestCategory>
        <TestCategoryItem TestCategory="Category1000" />
      </TestCategory>
      <Execution id="502bfb66-2695-421c-b4bc-8f748c5698bc" />
      <TestMethod codeBase="C:\Projekty\MSTestProject\bin\Debug\netcoreapp3.1\MSTestProject.dll" adapterTypeName="executor://mstestadapter/v2" className="TwojeWesele.Services.Helpers.Tests.CurrencyHelperTests" name="FormatToStringTest1000" />
    </UnitTest>
    <UnitTest name="FormatToStringTest1000 (1687.6029180025694,1687.60 zł)" storage="c:\projekty\mstestproject\bin\debug\netcoreapp3.1\mstestproject.dll" id="9a2ad19a-971c-45d4-a651-a9f9c2b0aef9">
      <TestCategory>
        <TestCategoryItem TestCategory="Category1000" />
      </TestCategory>
      <Execution id="602e6167-f897-454d-859b-e2a72bcf8b85" />
      <TestMethod codeBase="C:\Projekty\MSTestProject\bin\Debug\netcoreapp3.1\MSTestProject.dll" adapterTypeName="executor://mstestadapter/v2" className="TwojeWesele.Services.Helpers.Tests.CurrencyHelperTests" name="FormatToStringTest1000" />
    </UnitTest>
    <UnitTest name="FormatToStringTest1000 (13453.429998117233,13453.43 zł)" storage="c:\projekty\mstestproject\bin\debug\netcoreapp3.1\mstestproject.dll" id="9d4b94c2-029a-46d8-9579-711958880f16">
      <TestCategory>
        <TestCategoryItem TestCategory="Category1000" />
      </TestCategory>
      <Execution id="542a2877-9ffe-4c8a-b97b-6e06af7bb2c9" />
      <TestMethod codeBase="C:\Projekty\MSTestProject\bin\Debug\netcoreapp3.1\MSTestProject.dll" adapterTypeName="executor://mstestadapter/v2" className="TwojeWesele.Services.Helpers.Tests.CurrencyHelperTests" name="FormatToStringTest1000" />
    </UnitTest>
    <UnitTest name="FormatToStringTest1000 (23649.104642116046,23649.10 zł)" storage="c:\projekty\mstestproject\bin\debug\netcoreapp3.1\mstestproject.dll" id="108dd3a6-83fb-4bb3-9325-f2a1781bceac">
      <TestCategory>
        <TestCategoryItem TestCategory="Category1000" />
      </TestCategory>
      <Execution id="58128778-324b-4422-b7db-dfa651fe9af1" />
      <TestMethod codeBase="C:\Projekty\MSTestProject\bin\Debug\netcoreapp3.1\MSTestProject.dll" adapterTypeName="executor://mstestadapter/v2" className="TwojeWesele.Services.Helpers.Tests.CurrencyHelperTests" name="FormatToStringTest1000" />
    </UnitTest>
    <UnitTest name="FormatToStringTest1000 (16986.338876065027,16986.34 zł)" storage="c:\projekty\mstestproject\bin\debug\netcoreapp3.1\mstestproject.dll" id="a0549119-8fcc-4a6e-97cf-dd339c430a93">
      <TestCategory>
        <TestCategoryItem TestCategory="Category1000" />
      </TestCategory>
      <Execution id="9781d408-5287-42ac-be2e-936e0b7bb330" />
      <TestMethod codeBase="C:\Projekty\MSTestProject\bin\Debug\netcoreapp3.1\MSTestProject.dll" adapterTypeName="executor://mstestadapter/v2" className="TwojeWesele.Services.Helpers.Tests.CurrencyHelperTests" name="FormatToStringTest1000" />
    </UnitTest>
    <UnitTest name="FormatToStringTest1000 (51503.82905738234,51503.83 zł)" storage="c:\projekty\mstestproject\bin\debug\netcoreapp3.1\mstestproject.dll" id="af82e042-5b53-454c-be75-ae9755592749">
      <TestCategory>
        <TestCategoryItem TestCategory="Category1000" />
      </TestCategory>
      <Execution id="b09e4898-5cb6-49e4-9276-a269f2a01a81" />
      <TestMethod codeBase="C:\Projekty\MSTestProject\bin\Debug\netcoreapp3.1\MSTestProject.dll" adapterTypeName="executor://mstestadapter/v2" className="TwojeWesele.Services.Helpers.Tests.CurrencyHelperTests" name="FormatToStringTest1000" />
    </UnitTest>
    <UnitTest name="FormatToStringTest1000 (41915.7945284563,41915.79 zł)" storage="c:\projekty\mstestproject\bin\debug\netcoreapp3.1\mstestproject.dll" id="53cd48ee-3fb9-44fd-8f39-0720f67bf761">
      <TestCategory>
        <TestCategoryItem TestCategory="Category1000" />
      </TestCategory>
      <Execution id="7d1bfc56-1280-40c7-a077-c4ec8ea3418f" />
      <TestMethod codeBase="C:\Projekty\MSTestProject\bin\Debug\netcoreapp3.1\MSTestProject.dll" adapterTypeName="executor://mstestadapter/v2" className="TwojeWesele.Services.Helpers.Tests.CurrencyHelperTests" name="FormatToStringTest1000" />
    </UnitTest>
    <UnitTest name="FormatToStringTest1000 (626.135364110179,626.14 zł)" storage="c:\projekty\mstestproject\bin\debug\netcoreapp3.1\mstestproject.dll" id="5c3393fd-5b50-4a89-ade7-615df5bdf25f">
      <TestCategory>
        <TestCategoryItem TestCategory="Category1000" />
      </TestCategory>
      <Execution id="567d1b76-7665-4943-a444-5aa563bd6170" />
      <TestMethod codeBase="C:\Projekty\MSTestProject\bin\Debug\netcoreapp3.1\MSTestProject.dll" adapterTypeName="executor://mstestadapter/v2" className="TwojeWesele.Services.Helpers.Tests.CurrencyHelperTests" name="FormatToStringTest1000" />
    </UnitTest>
    <UnitTest name="FormatToStringTest1000 (6027.66019266828,6027.66 zł)" storage="c:\projekty\mstestproject\bin\debug\netcoreapp3.1\mstestproject.dll" id="69f29c8d-13ca-4645-8ea2-615da4295ea0">
      <TestCategory>
        <TestCategoryItem TestCategory="Category1000" />
      </TestCategory>
      <Execution id="70a7d96c-ed14-4b4f-9fbb-c2613fe2c44d" />
      <TestMethod codeBase="C:\Projekty\MSTestProject\bin\Debug\netcoreapp3.1\MSTestProject.dll" adapterTypeName="executor://mstestadapter/v2" className="TwojeWesele.Services.Helpers.Tests.CurrencyHelperTests" name="FormatToStringTest1000" />
    </UnitTest>
    <UnitTest name="FormatToStringTest1000 (67380.07704875062,67380.08 zł)" storage="c:\projekty\mstestproject\bin\debug\netcoreapp3.1\mstestproject.dll" id="1bf83fe3-f7c9-406d-b9b9-ce160697b6fd">
      <TestCategory>
        <TestCategoryItem TestCategory="Category1000" />
      </TestCategory>
      <Execution id="1cc2680e-cd54-4265-ba52-e5f09189815e" />
      <TestMethod codeBase="C:\Projekty\MSTestProject\bin\Debug\netcoreapp3.1\MSTestProject.dll" adapterTypeName="executor://mstestadapter/v2" className="TwojeWesele.Services.Helpers.Tests.CurrencyHelperTests" name="FormatToStringTest1000" />
    </UnitTest>
    <UnitTest name="FormatToStringTest1000 (65963.39932440939,65963.40 zł)" storage="c:\projekty\mstestproject\bin\debug\netcoreapp3.1\mstestproject.dll" id="54685109-846e-4b46-b8f4-8d388ed728a7">
      <TestCategory>
        <TestCategoryItem TestCategory="Category1000" />
      </TestCategory>
      <Execution id="ded90d0b-689a-4ddb-ac58-7c919f3ce65f" />
      <TestMethod codeBase="C:\Projekty\MSTestProject\bin\Debug\netcoreapp3.1\MSTestProject.dll" adapterTypeName="executor://mstestadapter/v2" className="TwojeWesele.Services.Helpers.Tests.CurrencyHelperTests" name="FormatToStringTest1000" />
    </UnitTest>
    <UnitTest name="FormatToStringTest1000 (81326.3340147521,81326.33 zł)" storage="c:\projekty\mstestproject\bin\debug\netcoreapp3.1\mstestproject.dll" id="5ecd7837-2ba0-480c-ac53-f4d7abf317fd">
      <TestCategory>
        <TestCategoryItem TestCategory="Category1000" />
      </TestCategory>
      <Execution id="ee95a54a-8fbb-4457-93e4-0f6dc71e4139" />
      <TestMethod codeBase="C:\Projekty\MSTestProject\bin\Debug\netcoreapp3.1\MSTestProject.dll" adapterTypeName="executor://mstestadapter/v2" className="TwojeWesele.Services.Helpers.Tests.CurrencyHelperTests" name="FormatToStringTest1000" />
    </UnitTest>
    <UnitTest name="FormatToStringTest1000 (15907.394871033446,15907.39 zł)" storage="c:\projekty\mstestproject\bin\debug\netcoreapp3.1\mstestproject.dll" id="e21afb37-79a1-4494-afa5-727c6ace2afc">
      <TestCategory>
        <TestCategoryItem TestCategory="Category1000" />
      </TestCategory>
      <Execution id="aa5d4baf-e63d-4bf7-aedf-c37fd30985af" />
      <TestMethod codeBase="C:\Projekty\MSTestProject\bin\Debug\netcoreapp3.1\MSTestProject.dll" adapterTypeName="executor://mstestadapter/v2" className="TwojeWesele.Services.Helpers.Tests.CurrencyHelperTests" name="FormatToStringTest1000" />
    </UnitTest>
    <UnitTest name="FormatToStringTest1000 (95071.15957335343,95071.16 zł)" storage="c:\projekty\mstestproject\bin\debug\netcoreapp3.1\mstestproject.dll" id="2f56d745-67df-489e-beee-abc3111ba8a9">
      <TestCategory>
        <TestCategoryItem TestCategory="Category1000" />
      </TestCategory>
      <Execution id="a89af1a7-469d-40ae-b1ce-1280cec05242" />
      <TestMethod codeBase="C:\Projekty\MSTestProject\bin\Debug\netcoreapp3.1\MSTestProject.dll" adapterTypeName="executor://mstestadapter/v2" className="TwojeWesele.Services.Helpers.Tests.CurrencyHelperTests" name="FormatToStringTest1000" />
    </UnitTest>
    <UnitTest name="FormatToStringTest1000 (18990.72499258012,18990.72 zł)" storage="c:\projekty\mstestproject\bin\debug\netcoreapp3.1\mstestproject.dll" id="0b57b059-3f87-412c-8b57-408a02c39775">
      <TestCategory>
        <TestCategoryItem TestCategory="Category1000" />
      </TestCategory>
      <Execution id="ed3c17d7-c007-4a39-961c-1b64d8baa0ea" />
      <TestMethod codeBase="C:\Projekty\MSTestProject\bin\Debug\netcoreapp3.1\MSTestProject.dll" adapterTypeName="executor://mstestadapter/v2" className="TwojeWesele.Services.Helpers.Tests.CurrencyHelperTests" name="FormatToStringTest1000" />
    </UnitTest>
    <UnitTest name="FormatToStringTest1000 (17875.613377604455,17875.61 zł)" storage="c:\projekty\mstestproject\bin\debug\netcoreapp3.1\mstestproject.dll" id="e9a227d4-b38a-4a24-b8d0-74fd2d25d0f9">
      <TestCategory>
        <TestCategoryItem TestCategory="Category1000" />
      </TestCategory>
      <Execution id="d8e65567-3673-4e18-bcd7-b7fba98cd383" />
      <TestMethod codeBase="C:\Projekty\MSTestProject\bin\Debug\netcoreapp3.1\MSTestProject.dll" adapterTypeName="executor://mstestadapter/v2" className="TwojeWesele.Services.Helpers.Tests.CurrencyHelperTests" name="FormatToStringTest1000" />
    </UnitTest>
    <UnitTest name="FormatToStringTest1000 (33413.381276228174,33413.38 zł)" storage="c:\projekty\mstestproject\bin\debug\netcoreapp3.1\mstestproject.dll" id="9105d8b0-1204-4dbe-b0a7-deb4f92b125c">
      <TestCategory>
        <TestCategoryItem TestCategory="Category1000" />
      </TestCategory>
      <Execution id="e761d969-b3e1-49a6-ae75-e6b01ffcdeb6" />
      <TestMethod codeBase="C:\Projekty\MSTestProject\bin\Debug\netcoreapp3.1\MSTestProject.dll" adapterTypeName="executor://mstestadapter/v2" className="TwojeWesele.Services.Helpers.Tests.CurrencyHelperTests" name="FormatToStringTest1000" />
    </UnitTest>
    <UnitTest name="FormatToStringTest1000 (50956.25028206606,50956.25 zł)" storage="c:\projekty\mstestproject\bin\debug\netcoreapp3.1\mstestproject.dll" id="38130354-7bc9-4115-a14d-470db94a8e8a">
      <TestCategory>
        <TestCategoryItem TestCategory="Category1000" />
      </TestCategory>
      <Execution id="c669e6ea-5f47-46de-979a-a7fb5bd5fff6" />
      <TestMethod codeBase="C:\Projekty\MSTestProject\bin\Debug\netcoreapp3.1\MSTestProject.dll" adapterTypeName="executor://mstestadapter/v2" className="TwojeWesele.Services.Helpers.Tests.CurrencyHelperTests" name="FormatToStringTest1000" />
    </UnitTest>
    <UnitTest name="FormatToStringTest1000 (37528.70144368368,37528.70 zł)" storage="c:\projekty\mstestproject\bin\debug\netcoreapp3.1\mstestproject.dll" id="f761a958-ed7c-4de7-9baa-1dd2183feb52">
      <TestCategory>
        <TestCategoryItem TestCategory="Category1000" />
      </TestCategory>
      <Execution id="3bf65031-343b-406c-8388-a9634f4044e9" />
      <TestMethod codeBase="C:\Projekty\MSTestProject\bin\Debug\netcoreapp3.1\MSTestProject.dll" adapterTypeName="executor://mstestadapter/v2" className="TwojeWesele.Services.Helpers.Tests.CurrencyHelperTests" name="FormatToStringTest1000" />
    </UnitTest>
    <UnitTest name="FormatToStringTest1000 (57181.240528605056,57181.24 zł)" storage="c:\projekty\mstestproject\bin\debug\netcoreapp3.1\mstestproject.dll" id="258ef7fa-b7f0-4132-a393-4bd1756630f8">
      <TestCategory>
        <TestCategoryItem TestCategory="Category1000" />
      </TestCategory>
      <Execution id="6912144d-e442-4909-b5fa-7a6f48eb941d" />
      <TestMethod codeBase="C:\Projekty\MSTestProject\bin\Debug\netcoreapp3.1\MSTestProject.dll" adapterTypeName="executor://mstestadapter/v2" className="TwojeWesele.Services.Helpers.Tests.CurrencyHelperTests" name="FormatToStringTest1000" />
    </UnitTest>
    <UnitTest name="FormatToStringTest1000 (4823.904478896365,4823.90 zł)" storage="c:\projekty\mstestproject\bin\debug\netcoreapp3.1\mstestproject.dll" id="67adc49e-52b9-49d8-bccb-3155837e3dc1">
      <TestCategory>
        <TestCategoryItem TestCategory="Category1000" />
      </TestCategory>
      <Execution id="1cdeef36-1542-45d6-82d6-91001e060ec2" />
      <TestMethod codeBase="C:\Projekty\MSTestProject\bin\Debug\netcoreapp3.1\MSTestProject.dll" adapterTypeName="executor://mstestadapter/v2" className="TwojeWesele.Services.Helpers.Tests.CurrencyHelperTests" name="FormatToStringTest1000" />
    </UnitTest>
    <UnitTest name="FormatToStringTest1000 (78822.37212685234,78822.37 zł)" storage="c:\projekty\mstestproject\bin\debug\netcoreapp3.1\mstestproject.dll" id="109cfb56-49f0-4dc1-b4dd-364f124aca41">
      <TestCategory>
        <TestCategoryItem TestCategory="Category1000" />
      </TestCategory>
      <Execution id="5244a163-0e1d-4911-9fed-2839f5028e1f" />
      <TestMethod codeBase="C:\Projekty\MSTestProject\bin\Debug\netcoreapp3.1\MSTestProject.dll" adapterTypeName="executor://mstestadapter/v2" className="TwojeWesele.Services.Helpers.Tests.CurrencyHelperTests" name="FormatToStringTest1000" />
    </UnitTest>
    <UnitTest name="FormatToStringTest1000 (18490.912787030877,18490.91 zł)" storage="c:\projekty\mstestproject\bin\debug\netcoreapp3.1\mstestproject.dll" id="2be64d24-57b2-406a-8955-18edd83e926f">
      <TestCategory>
        <TestCategoryItem TestCategory="Category1000" />
      </TestCategory>
      <Execution id="ecad00d3-b637-40fe-9a3c-4cbbcee908a9" />
      <TestMethod codeBase="C:\Projekty\MSTestProject\bin\Debug\netcoreapp3.1\MSTestProject.dll" adapterTypeName="executor://mstestadapter/v2" className="TwojeWesele.Services.Helpers.Tests.CurrencyHelperTests" name="FormatToStringTest1000" />
    </UnitTest>
    <UnitTest name="FormatToStringTest1000 (32908.76696502639,32908.77 zł)" storage="c:\projekty\mstestproject\bin\debug\netcoreapp3.1\mstestproject.dll" id="54a6d319-0a59-4cd5-9678-231609a0e7de">
      <TestCategory>
        <TestCategoryItem TestCategory="Category1000" />
      </TestCategory>
      <Execution id="39681607-8168-4338-9886-417b5af1da2e" />
      <TestMethod codeBase="C:\Projekty\MSTestProject\bin\Debug\netcoreapp3.1\MSTestProject.dll" adapterTypeName="executor://mstestadapter/v2" className="TwojeWesele.Services.Helpers.Tests.CurrencyHelperTests" name="FormatToStringTest1000" />
    </UnitTest>
    <UnitTest name="FormatToStringTest1000 (57436.33241095409,57436.33 zł)" storage="c:\projekty\mstestproject\bin\debug\netcoreapp3.1\mstestproject.dll" id="aaf8bfc5-94c5-44c9-96ab-f0d4ee74afa8">
      <TestCategory>
        <TestCategoryItem TestCategory="Category1000" />
      </TestCategory>
      <Execution id="f4527aeb-bfae-410d-88bc-ee3079efa1b1" />
      <TestMethod codeBase="C:\Projekty\MSTestProject\bin\Debug\netcoreapp3.1\MSTestProject.dll" adapterTypeName="executor://mstestadapter/v2" className="TwojeWesele.Services.Helpers.Tests.CurrencyHelperTests" name="FormatToStringTest1000" />
    </UnitTest>
    <UnitTest name="FormatToStringTest1000 (5749.124990274722,5749.12 zł)" storage="c:\projekty\mstestproject\bin\debug\netcoreapp3.1\mstestproject.dll" id="2110319b-d968-4852-9d34-fe1eb67d358c">
      <TestCategory>
        <TestCategoryItem TestCategory="Category1000" />
      </TestCategory>
      <Execution id="fde62629-f127-4c23-b933-bc68a7a8e6aa" />
      <TestMethod codeBase="C:\Projekty\MSTestProject\bin\Debug\netcoreapp3.1\MSTestProject.dll" adapterTypeName="executor://mstestadapter/v2" className="TwojeWesele.Services.Helpers.Tests.CurrencyHelperTests" name="FormatToStringTest1000" />
    </UnitTest>
    <UnitTest name="FormatToStringTest1000 (21893.78889296939,21893.79 zł)" storage="c:\projekty\mstestproject\bin\debug\netcoreapp3.1\mstestproject.dll" id="f2e2d9ed-b7f3-47e3-8320-71eb698c72fc">
      <TestCategory>
        <TestCategoryItem TestCategory="Category1000" />
      </TestCategory>
      <Execution id="716cb618-02bd-45bd-b11d-ad47816c5474" />
      <TestMethod codeBase="C:\Projekty\MSTestProject\bin\Debug\netcoreapp3.1\MSTestProject.dll" adapterTypeName="executor://mstestadapter/v2" className="TwojeWesele.Services.Helpers.Tests.CurrencyHelperTests" name="FormatToStringTest1000" />
    </UnitTest>
    <UnitTest name="FormatToStringTest1000 (12577.642620996872,12577.64 zł)" storage="c:\projekty\mstestproject\bin\debug\netcoreapp3.1\mstestproject.dll" id="c18fc543-ebc0-485d-88af-4d455f798e07">
      <TestCategory>
        <TestCategoryItem TestCategory="Category1000" />
      </TestCategory>
      <Execution id="7c877f8b-f01b-429c-95f2-666a864db69f" />
      <TestMethod codeBase="C:\Projekty\MSTestProject\bin\Debug\netcoreapp3.1\MSTestProject.dll" adapterTypeName="executor://mstestadapter/v2" className="TwojeWesele.Services.Helpers.Tests.CurrencyHelperTests" name="FormatToStringTest1000" />
    </UnitTest>
    <UnitTest name="FormatToStringTest1000 (941.429400278921,941.43 zł)" storage="c:\projekty\mstestproject\bin\debug\netcoreapp3.1\mstestproject.dll" id="6b039fe7-81b4-427a-a6b8-f550cc5f87a2">
      <TestCategory>
        <TestCategoryItem TestCategory="Category1000" />
      </TestCategory>
      <Execution id="c551d07e-ab2b-4a9e-bb95-6d657963e6e6" />
      <TestMethod codeBase="C:\Projekty\MSTestProject\bin\Debug\netcoreapp3.1\MSTestProject.dll" adapterTypeName="executor://mstestadapter/v2" className="TwojeWesele.Services.Helpers.Tests.CurrencyHelperTests" name="FormatToStringTest1000" />
    </UnitTest>
    <UnitTest name="FormatToStringTest1000 (11584.045280779732,11584.05 zł)" storage="c:\projekty\mstestproject\bin\debug\netcoreapp3.1\mstestproject.dll" id="c5c4b83d-6b13-4603-ad70-f70baac57f53">
      <TestCategory>
        <TestCategoryItem TestCategory="Category1000" />
      </TestCategory>
      <Execution id="d45e53e7-a0ae-46f7-a0bc-3bc528c9d176" />
      <TestMethod codeBase="C:\Projekty\MSTestProject\bin\Debug\netcoreapp3.1\MSTestProject.dll" adapterTypeName="executor://mstestadapter/v2" className="TwojeWesele.Services.Helpers.Tests.CurrencyHelperTests" name="FormatToStringTest1000" />
    </UnitTest>
    <UnitTest name="FormatToStringTest1000 (5876.112133716285,5876.11 zł)" storage="c:\projekty\mstestproject\bin\debug\netcoreapp3.1\mstestproject.dll" id="cb8910c0-34ff-4946-b837-c313062d2fe5">
      <TestCategory>
        <TestCategoryItem TestCategory="Category1000" />
      </TestCategory>
      <Execution id="95336870-6be9-4511-b1d7-76ef4fc28494" />
      <TestMethod codeBase="C:\Projekty\MSTestProject\bin\Debug\netcoreapp3.1\MSTestProject.dll" adapterTypeName="executor://mstestadapter/v2" className="TwojeWesele.Services.Helpers.Tests.CurrencyHelperTests" name="FormatToStringTest1000" />
    </UnitTest>
    <UnitTest name="FormatToStringTest1000 (23612.114499758984,23612.11 zł)" storage="c:\projekty\mstestproject\bin\debug\netcoreapp3.1\mstestproject.dll" id="dfdf2728-8312-4cea-a87c-1373ecba154c">
      <TestCategory>
        <TestCategoryItem TestCategory="Category1000" />
      </TestCategory>
      <Execution id="8b4599b0-4141-405b-b250-0860f273f25f" />
      <TestMethod codeBase="C:\Projekty\MSTestProject\bin\Debug\netcoreapp3.1\MSTestProject.dll" adapterTypeName="executor://mstestadapter/v2" className="TwojeWesele.Services.Helpers.Tests.CurrencyHelperTests" name="FormatToStringTest1000" />
    </UnitTest>
    <UnitTest name="FormatToStringTest1000 (10965.74607995746,10965.75 zł)" storage="c:\projekty\mstestproject\bin\debug\netcoreapp3.1\mstestproject.dll" id="b07aee98-b345-47df-9371-fe53dfbb6447">
      <TestCategory>
        <TestCategoryItem TestCategory="Category1000" />
      </TestCategory>
      <Execution id="d9593ef2-e17b-4bda-adc8-d9b8425bc465" />
      <TestMethod codeBase="C:\Projekty\MSTestProject\bin\Debug\netcoreapp3.1\MSTestProject.dll" adapterTypeName="executor://mstestadapter/v2" className="TwojeWesele.Services.Helpers.Tests.CurrencyHelperTests" name="FormatToStringTest1000" />
    </UnitTest>
    <UnitTest name="FormatToStringTest1000 (22831.975917587977,22831.98 zł)" storage="c:\projekty\mstestproject\bin\debug\netcoreapp3.1\mstestproject.dll" id="de6b2ec3-b336-4bfc-943a-ab86eb52501f">
      <TestCategory>
        <TestCategoryItem TestCategory="Category1000" />
      </TestCategory>
      <Execution id="d73d660e-1053-45c2-9834-cc630e77d752" />
      <TestMethod codeBase="C:\Projekty\MSTestProject\bin\Debug\netcoreapp3.1\MSTestProject.dll" adapterTypeName="executor://mstestadapter/v2" className="TwojeWesele.Services.Helpers.Tests.CurrencyHelperTests" name="FormatToStringTest1000" />
    </UnitTest>
    <UnitTest name="FormatToStringTest1000 (4139.032615562451,4139.03 zł)" storage="c:\projekty\mstestproject\bin\debug\netcoreapp3.1\mstestproject.dll" id="0a11b699-bacb-48d9-90ab-2f1b74cc0776">
      <TestCategory>
        <TestCategoryItem TestCategory="Category1000" />
      </TestCategory>
      <Execution id="0b758c5d-aa79-40be-a835-a7cd2f558f5f" />
      <TestMethod codeBase="C:\Projekty\MSTestProject\bin\Debug\netcoreapp3.1\MSTestProject.dll" adapterTypeName="executor://mstestadapter/v2" className="TwojeWesele.Services.Helpers.Tests.CurrencyHelperTests" name="FormatToStringTest1000" />
    </UnitTest>
    <UnitTest name="FormatToStringTest1000 (1208.1827589441941,1208.18 zł)" storage="c:\projekty\mstestproject\bin\debug\netcoreapp3.1\mstestproject.dll" id="5417c7e6-72b9-41f0-b8f8-a6de418b3020">
      <TestCategory>
        <TestCategoryItem TestCategory="Category1000" />
      </TestCategory>
      <Execution id="50fa8b9f-f554-4da8-814d-8c339be8f229" />
      <TestMethod codeBase="C:\Projekty\MSTestProject\bin\Debug\netcoreapp3.1\MSTestProject.dll" adapterTypeName="executor://mstestadapter/v2" className="TwojeWesele.Services.Helpers.Tests.CurrencyHelperTests" name="FormatToStringTest1000" />
    </UnitTest>
    <UnitTest name="FormatToStringTest1000 (5591.2222540617095,5591.22 zł)" storage="c:\projekty\mstestproject\bin\debug\netcoreapp3.1\mstestproject.dll" id="9a5c2da1-eef6-48fd-a386-ec49b0af7d31">
      <TestCategory>
        <TestCategoryItem TestCategory="Category1000" />
      </TestCategory>
      <Execution id="10f05d11-9855-4f3a-a3a9-df0add95b8d5" />
      <TestMethod codeBase="C:\Projekty\MSTestProject\bin\Debug\netcoreapp3.1\MSTestProject.dll" adapterTypeName="executor://mstestadapter/v2" className="TwojeWesele.Services.Helpers.Tests.CurrencyHelperTests" name="FormatToStringTest1000" />
    </UnitTest>
    <UnitTest name="FormatToStringTest1000 (1751.7703038522834,1751.77 zł)" storage="c:\projekty\mstestproject\bin\debug\netcoreapp3.1\mstestproject.dll" id="01139e4e-7c10-479b-9f8a-7e3ec4e4b87b">
      <TestCategory>
        <TestCategoryItem TestCategory="Category1000" />
      </TestCategory>
      <Execution id="fe797d8b-f9b8-41fe-8207-090a6d88c176" />
      <TestMethod codeBase="C:\Projekty\MSTestProject\bin\Debug\netcoreapp3.1\MSTestProject.dll" adapterTypeName="executor://mstestadapter/v2" className="TwojeWesele.Services.Helpers.Tests.CurrencyHelperTests" name="FormatToStringTest1000" />
    </UnitTest>
    <UnitTest name="FormatToStringTest1000 (65204.90483536055,65204.90 zł)" storage="c:\projekty\mstestproject\bin\debug\netcoreapp3.1\mstestproject.dll" id="08fdd00b-434a-45c5-8260-0097822673e1">
      <TestCategory>
        <TestCategoryItem TestCategory="Category1000" />
      </TestCategory>
      <Execution id="eb1cf22c-b5d6-4d77-b7bc-7659cf5e23ee" />
      <TestMethod codeBase="C:\Projekty\MSTestProject\bin\Debug\netcoreapp3.1\MSTestProject.dll" adapterTypeName="executor://mstestadapter/v2" className="TwojeWesele.Services.Helpers.Tests.CurrencyHelperTests" name="FormatToStringTest1000" />
    </UnitTest>
    <UnitTest name="FormatToStringTest1000 (46607.970025941715,46607.97 zł)" storage="c:\projekty\mstestproject\bin\debug\netcoreapp3.1\mstestproject.dll" id="11b7f1a1-ee20-449e-835f-18415b64b567">
      <TestCategory>
        <TestCategoryItem TestCategory="Category1000" />
      </TestCategory>
      <Execution id="89d5aa15-a18d-4cd3-bfd3-c9268cd0a775" />
      <TestMethod codeBase="C:\Projekty\MSTestProject\bin\Debug\netcoreapp3.1\MSTestProject.dll" adapterTypeName="executor://mstestadapter/v2" className="TwojeWesele.Services.Helpers.Tests.CurrencyHelperTests" name="FormatToStringTest1000" />
    </UnitTest>
    <UnitTest name="FormatToStringTest1000 (31347.468987404587,31347.47 zł)" storage="c:\projekty\mstestproject\bin\debug\netcoreapp3.1\mstestproject.dll" id="ea26f1d4-4630-4115-9397-22f08ff8434d">
      <TestCategory>
        <TestCategoryItem TestCategory="Category1000" />
      </TestCategory>
      <Execution id="9a15ef01-69b7-40e4-a202-0746840f5995" />
      <TestMethod codeBase="C:\Projekty\MSTestProject\bin\Debug\netcoreapp3.1\MSTestProject.dll" adapterTypeName="executor://mstestadapter/v2" className="TwojeWesele.Services.Helpers.Tests.CurrencyHelperTests" name="FormatToStringTest1000" />
    </UnitTest>
    <UnitTest name="FormatToStringTest1000 (12125.090155628086,12125.09 zł)" storage="c:\projekty\mstestproject\bin\debug\netcoreapp3.1\mstestproject.dll" id="40e91544-0eb4-4437-bd3c-bff6f13e9430">
      <TestCategory>
        <TestCategoryItem TestCategory="Category1000" />
      </TestCategory>
      <Execution id="8c1d4001-4930-4885-acf6-6ec4fd61cf2e" />
      <TestMethod codeBase="C:\Projekty\MSTestProject\bin\Debug\netcoreapp3.1\MSTestProject.dll" adapterTypeName="executor://mstestadapter/v2" className="TwojeWesele.Services.Helpers.Tests.CurrencyHelperTests" name="FormatToStringTest1000" />
    </UnitTest>
    <UnitTest name="FormatToStringTest1000 (1814.7218118955948,1814.72 zł)" storage="c:\projekty\mstestproject\bin\debug\netcoreapp3.1\mstestproject.dll" id="44f15b39-4967-444a-9a3c-655cbd8fb82f">
      <TestCategory>
        <TestCategoryItem TestCategory="Category1000" />
      </TestCategory>
      <Execution id="7bcfdb4b-b174-4f2f-a979-82dbd5381b98" />
      <TestMethod codeBase="C:\Projekty\MSTestProject\bin\Debug\netcoreapp3.1\MSTestProject.dll" adapterTypeName="executor://mstestadapter/v2" className="TwojeWesele.Services.Helpers.Tests.CurrencyHelperTests" name="FormatToStringTest1000" />
    </UnitTest>
    <UnitTest name="FormatToStringTest1000 (19500.031951036784,19500.03 zł)" storage="c:\projekty\mstestproject\bin\debug\netcoreapp3.1\mstestproject.dll" id="b2c4c44d-cdd1-4469-9d5c-aa925c9427eb">
      <TestCategory>
        <TestCategoryItem TestCategory="Category1000" />
      </TestCategory>
      <Execution id="9c28b9ac-19ac-4fa2-a955-3d847f187fb0" />
      <TestMethod codeBase="C:\Projekty\MSTestProject\bin\Debug\netcoreapp3.1\MSTestProject.dll" adapterTypeName="executor://mstestadapter/v2" className="TwojeWesele.Services.Helpers.Tests.CurrencyHelperTests" name="FormatToStringTest1000" />
    </UnitTest>
    <UnitTest name="FormatToStringTest1000 (36320.770035296104,36320.77 zł)" storage="c:\projekty\mstestproject\bin\debug\netcoreapp3.1\mstestproject.dll" id="b6a60275-29c6-49ff-8411-2ff6e2e81bc5">
      <TestCategory>
        <TestCategoryItem TestCategory="Category1000" />
      </TestCategory>
      <Execution id="2a56b91f-2603-4526-a800-17a889b50693" />
      <TestMethod codeBase="C:\Projekty\MSTestProject\bin\Debug\netcoreapp3.1\MSTestProject.dll" adapterTypeName="executor://mstestadapter/v2" className="TwojeWesele.Services.Helpers.Tests.CurrencyHelperTests" name="FormatToStringTest1000" />
    </UnitTest>
    <UnitTest name="FormatToStringTest1000 (66019.32414194118,66019.32 zł)" storage="c:\projekty\mstestproject\bin\debug\netcoreapp3.1\mstestproject.dll" id="c781c227-448d-4ab9-b38b-0ac8c420acca">
      <TestCategory>
        <TestCategoryItem TestCategory="Category1000" />
      </TestCategory>
      <Execution id="59fee5e6-3c12-4bb7-adc5-f8f784916e80" />
      <TestMethod codeBase="C:\Projekty\MSTestProject\bin\Debug\netcoreapp3.1\MSTestProject.dll" adapterTypeName="executor://mstestadapter/v2" className="TwojeWesele.Services.Helpers.Tests.CurrencyHelperTests" name="FormatToStringTest1000" />
    </UnitTest>
    <UnitTest name="FormatToStringTest1000 (60299.23738666309,60299.24 zł)" storage="c:\projekty\mstestproject\bin\debug\netcoreapp3.1\mstestproject.dll" id="1376e613-75ed-44b2-b614-e2d770eff5f7">
      <TestCategory>
        <TestCategoryItem TestCategory="Category1000" />
      </TestCategory>
      <Execution id="fa39f9cc-4bf2-4d97-b5b1-ba8ceba09645" />
      <TestMethod codeBase="C:\Projekty\MSTestProject\bin\Debug\netcoreapp3.1\MSTestProject.dll" adapterTypeName="executor://mstestadapter/v2" className="TwojeWesele.Services.Helpers.Tests.CurrencyHelperTests" name="FormatToStringTest1000" />
    </UnitTest>
    <UnitTest name="FormatToStringTest1000 (3503.9809179231434,3503.98 zł)" storage="c:\projekty\mstestproject\bin\debug\netcoreapp3.1\mstestproject.dll" id="b37b411f-84b1-4cd0-b3d3-20605877735d">
      <TestCategory>
        <TestCategoryItem TestCategory="Category1000" />
      </TestCategory>
      <Execution id="ae24bc37-927b-44fe-a6f3-1ef1af954661" />
      <TestMethod codeBase="C:\Projekty\MSTestProject\bin\Debug\netcoreapp3.1\MSTestProject.dll" adapterTypeName="executor://mstestadapter/v2" className="TwojeWesele.Services.Helpers.Tests.CurrencyHelperTests" name="FormatToStringTest1000" />
    </UnitTest>
    <UnitTest name="FormatToStringTest1000 (11829.625994884234,11829.63 zł)" storage="c:\projekty\mstestproject\bin\debug\netcoreapp3.1\mstestproject.dll" id="270c2d72-d871-4259-a359-dc35d4e701ce">
      <TestCategory>
        <TestCategoryItem TestCategory="Category1000" />
      </TestCategory>
      <Execution id="08700f88-5a84-493d-8fe8-60b461593b26" />
      <TestMethod codeBase="C:\Projekty\MSTestProject\bin\Debug\netcoreapp3.1\MSTestProject.dll" adapterTypeName="executor://mstestadapter/v2" className="TwojeWesele.Services.Helpers.Tests.CurrencyHelperTests" name="FormatToStringTest1000" />
    </UnitTest>
    <UnitTest name="FormatToStringTest1000 (25135.10315489727,25135.10 zł)" storage="c:\projekty\mstestproject\bin\debug\netcoreapp3.1\mstestproject.dll" id="0a71b9e4-be7f-4728-8d2f-8149a794d0e7">
      <TestCategory>
        <TestCategoryItem TestCategory="Category1000" />
      </TestCategory>
      <Execution id="04412ce7-c4ef-47d7-bb83-da0a332a66b9" />
      <TestMethod codeBase="C:\Projekty\MSTestProject\bin\Debug\netcoreapp3.1\MSTestProject.dll" adapterTypeName="executor://mstestadapter/v2" className="TwojeWesele.Services.Helpers.Tests.CurrencyHelperTests" name="FormatToStringTest1000" />
    </UnitTest>
    <UnitTest name="FormatToStringTest1000 (6057.842750804426,6057.84 zł)" storage="c:\projekty\mstestproject\bin\debug\netcoreapp3.1\mstestproject.dll" id="51f798f2-382d-459b-a5fa-617138d90826">
      <TestCategory>
        <TestCategoryItem TestCategory="Category1000" />
      </TestCategory>
      <Execution id="2d5f4917-d27b-48e0-b5ac-6f800e7af528" />
      <TestMethod codeBase="C:\Projekty\MSTestProject\bin\Debug\netcoreapp3.1\MSTestProject.dll" adapterTypeName="executor://mstestadapter/v2" className="TwojeWesele.Services.Helpers.Tests.CurrencyHelperTests" name="FormatToStringTest1000" />
    </UnitTest>
    <UnitTest name="FormatToStringTest1000 (64210.358316209335,64210.36 zł)" storage="c:\projekty\mstestproject\bin\debug\netcoreapp3.1\mstestproject.dll" id="87709dbe-26b6-414e-a751-3eb44727720e">
      <TestCategory>
        <TestCategoryItem TestCategory="Category1000" />
      </TestCategory>
      <Execution id="4b2e7af0-480a-4519-af7e-65c2ee60d493" />
      <TestMethod codeBase="C:\Projekty\MSTestProject\bin\Debug\netcoreapp3.1\MSTestProject.dll" adapterTypeName="executor://mstestadapter/v2" className="TwojeWesele.Services.Helpers.Tests.CurrencyHelperTests" name="FormatToStringTest1000" />
    </UnitTest>
    <UnitTest name="FormatToStringTest1000 (62975.496334776515,62975.50 zł)" storage="c:\projekty\mstestproject\bin\debug\netcoreapp3.1\mstestproject.dll" id="aa903bb0-2242-4f0d-9604-9c48707a801e">
      <TestCategory>
        <TestCategoryItem TestCategory="Category1000" />
      </TestCategory>
      <Execution id="b9a853d5-4019-459c-be52-9d2b0d38d7da" />
      <TestMethod codeBase="C:\Projekty\MSTestProject\bin\Debug\netcoreapp3.1\MSTestProject.dll" adapterTypeName="executor://mstestadapter/v2" className="TwojeWesele.Services.Helpers.Tests.CurrencyHelperTests" name="FormatToStringTest1000" />
    </UnitTest>
    <UnitTest name="FormatToStringTest1000 (25036.98767214035,25036.99 zł)" storage="c:\projekty\mstestproject\bin\debug\netcoreapp3.1\mstestproject.dll" id="e1dd61ce-f759-4e5a-9da6-8b449ac945c0">
      <TestCategory>
        <TestCategoryItem TestCategory="Category1000" />
      </TestCategory>
      <Execution id="cfcb5ab1-e47c-4531-9d90-043ec60cfb76" />
      <TestMethod codeBase="C:\Projekty\MSTestProject\bin\Debug\netcoreapp3.1\MSTestProject.dll" adapterTypeName="executor://mstestadapter/v2" className="TwojeWesele.Services.Helpers.Tests.CurrencyHelperTests" name="FormatToStringTest1000" />
    </UnitTest>
    <UnitTest name="FormatToStringTest1000 (1952.6955147062872,1952.70 zł)" storage="c:\projekty\mstestproject\bin\debug\netcoreapp3.1\mstestproject.dll" id="48a9cb1f-7a95-4e39-a80d-7f31a548419d">
      <TestCategory>
        <TestCategoryItem TestCategory="Category1000" />
      </TestCategory>
      <Execution id="af215fc2-8a73-4cc5-9abd-412a4728668f" />
      <TestMethod codeBase="C:\Projekty\MSTestProject\bin\Debug\netcoreapp3.1\MSTestProject.dll" adapterTypeName="executor://mstestadapter/v2" className="TwojeWesele.Services.Helpers.Tests.CurrencyHelperTests" name="FormatToStringTest1000" />
    </UnitTest>
    <UnitTest name="FormatToStringTest1000 (14137.400697779563,14137.40 zł)" storage="c:\projekty\mstestproject\bin\debug\netcoreapp3.1\mstestproject.dll" id="c23d3574-0193-419c-9273-aec8d0c8aed7">
      <TestCategory>
        <TestCategoryItem TestCategory="Category1000" />
      </TestCategory>
      <Execution id="456ae6de-2314-4029-9256-311d13f25bbe" />
      <TestMethod codeBase="C:\Projekty\MSTestProject\bin\Debug\netcoreapp3.1\MSTestProject.dll" adapterTypeName="executor://mstestadapter/v2" className="TwojeWesele.Services.Helpers.Tests.CurrencyHelperTests" name="FormatToStringTest1000" />
    </UnitTest>
    <UnitTest name="FormatToStringTest1000 (74514.06270644537,74514.06 zł)" storage="c:\projekty\mstestproject\bin\debug\netcoreapp3.1\mstestproject.dll" id="e9963e70-fa85-42d3-95ab-f72d07059a0c">
      <TestCategory>
        <TestCategoryItem TestCategory="Category1000" />
      </TestCategory>
      <Execution id="430fc212-ebf9-4859-b8fb-a30e731e334e" />
      <TestMethod codeBase="C:\Projekty\MSTestProject\bin\Debug\netcoreapp3.1\MSTestProject.dll" adapterTypeName="executor://mstestadapter/v2" className="TwojeWesele.Services.Helpers.Tests.CurrencyHelperTests" name="FormatToStringTest1000" />
    </UnitTest>
    <UnitTest name="FormatToStringTest1000 (24476.442216712254,24476.44 zł)" storage="c:\projekty\mstestproject\bin\debug\netcoreapp3.1\mstestproject.dll" id="0dc62578-7d4f-45c9-8294-04f513203ece">
      <TestCategory>
        <TestCategoryItem TestCategory="Category1000" />
      </TestCategory>
      <Execution id="1e36b32f-a2ab-4226-96c0-19594ab1a43b" />
      <TestMethod codeBase="C:\Projekty\MSTestProject\bin\Debug\netcoreapp3.1\MSTestProject.dll" adapterTypeName="executor://mstestadapter/v2" className="TwojeWesele.Services.Helpers.Tests.CurrencyHelperTests" name="FormatToStringTest1000" />
    </UnitTest>
    <UnitTest name="FormatToStringTest1000 (30410.68214617003,30410.68 zł)" storage="c:\projekty\mstestproject\bin\debug\netcoreapp3.1\mstestproject.dll" id="0b0f1829-b0d1-4162-aeb2-87769289bcb1">
      <TestCategory>
        <TestCategoryItem TestCategory="Category1000" />
      </TestCategory>
      <Execution id="242e13d4-26f1-4ba2-a269-832e43a283d2" />
      <TestMethod codeBase="C:\Projekty\MSTestProject\bin\Debug\netcoreapp3.1\MSTestProject.dll" adapterTypeName="executor://mstestadapter/v2" className="TwojeWesele.Services.Helpers.Tests.CurrencyHelperTests" name="FormatToStringTest1000" />
    </UnitTest>
    <UnitTest name="FormatToStringTest1000 (21328.29026726507,21328.29 zł)" storage="c:\projekty\mstestproject\bin\debug\netcoreapp3.1\mstestproject.dll" id="142b75f3-776e-4bb9-b5f2-017c33494067">
      <TestCategory>
        <TestCategoryItem TestCategory="Category1000" />
      </TestCategory>
      <Execution id="97fb02b3-d614-48bf-914a-8ad0ee43fec5" />
      <TestMethod codeBase="C:\Projekty\MSTestProject\bin\Debug\netcoreapp3.1\MSTestProject.dll" adapterTypeName="executor://mstestadapter/v2" className="TwojeWesele.Services.Helpers.Tests.CurrencyHelperTests" name="FormatToStringTest1000" />
    </UnitTest>
    <UnitTest name="FormatToStringTest1000 (6958.393354767186,6958.39 zł)" storage="c:\projekty\mstestproject\bin\debug\netcoreapp3.1\mstestproject.dll" id="3a7cd705-2266-4069-bfec-7653a560370e">
      <TestCategory>
        <TestCategoryItem TestCategory="Category1000" />
      </TestCategory>
      <Execution id="b11b5a9a-7810-4fba-826e-51d2157f5c78" />
      <TestMethod codeBase="C:\Projekty\MSTestProject\bin\Debug\netcoreapp3.1\MSTestProject.dll" adapterTypeName="executor://mstestadapter/v2" className="TwojeWesele.Services.Helpers.Tests.CurrencyHelperTests" name="FormatToStringTest1000" />
    </UnitTest>
    <UnitTest name="FormatToStringTest1000 (38640.62766693003,38640.63 zł)" storage="c:\projekty\mstestproject\bin\debug\netcoreapp3.1\mstestproject.dll" id="3e20b32c-1da1-4dba-9177-fd4f90cffb9d">
      <TestCategory>
        <TestCategoryItem TestCategory="Category1000" />
      </TestCategory>
      <Execution id="351d986e-7003-4c64-89fa-980d37e60236" />
      <TestMethod codeBase="C:\Projekty\MSTestProject\bin\Debug\netcoreapp3.1\MSTestProject.dll" adapterTypeName="executor://mstestadapter/v2" className="TwojeWesele.Services.Helpers.Tests.CurrencyHelperTests" name="FormatToStringTest1000" />
    </UnitTest>
    <UnitTest name="FormatToStringTest1000 (28987.862854782896,28987.86 zł)" storage="c:\projekty\mstestproject\bin\debug\netcoreapp3.1\mstestproject.dll" id="d45c04a3-2306-4020-8776-d0771721e80c">
      <TestCategory>
        <TestCategoryItem TestCategory="Category1000" />
      </TestCategory>
      <Execution id="cb14a00f-a81f-4420-97b3-e8b850241661" />
      <TestMethod codeBase="C:\Projekty\MSTestProject\bin\Debug\netcoreapp3.1\MSTestProject.dll" adapterTypeName="executor://mstestadapter/v2" className="TwojeWesele.Services.Helpers.Tests.CurrencyHelperTests" name="FormatToStringTest1000" />
    </UnitTest>
    <UnitTest name="FormatToStringTest1000 (61422.228144277455,61422.23 zł)" storage="c:\projekty\mstestproject\bin\debug\netcoreapp3.1\mstestproject.dll" id="af70e381-2484-4a10-9df4-15c222ce93c5">
      <TestCategory>
        <TestCategoryItem TestCategory="Category1000" />
      </TestCategory>
      <Execution id="2be8e1d6-e867-45b6-a3f9-87a506e45e70" />
      <TestMethod codeBase="C:\Projekty\MSTestProject\bin\Debug\netcoreapp3.1\MSTestProject.dll" adapterTypeName="executor://mstestadapter/v2" className="TwojeWesele.Services.Helpers.Tests.CurrencyHelperTests" name="FormatToStringTest1000" />
    </UnitTest>
    <UnitTest name="FormatToStringTest1000 (63507.32603545455,63507.33 zł)" storage="c:\projekty\mstestproject\bin\debug\netcoreapp3.1\mstestproject.dll" id="a8d61dff-8d7d-4e6b-a7ce-72ac9bec3a8f">
      <TestCategory>
        <TestCategoryItem TestCategory="Category1000" />
      </TestCategory>
      <Execution id="d8e3dad1-8d57-4486-a8e4-43322d99a232" />
      <TestMethod codeBase="C:\Projekty\MSTestProject\bin\Debug\netcoreapp3.1\MSTestProject.dll" adapterTypeName="executor://mstestadapter/v2" className="TwojeWesele.Services.Helpers.Tests.CurrencyHelperTests" name="FormatToStringTest1000" />
    </UnitTest>
    <UnitTest name="FormatToStringTest1000 (3521.3657738167635,3521.37 zł)" storage="c:\projekty\mstestproject\bin\debug\netcoreapp3.1\mstestproject.dll" id="df9259a1-0056-4fec-8850-193ebd40cab5">
      <TestCategory>
        <TestCategoryItem TestCategory="Category1000" />
      </TestCategory>
      <Execution id="8f1a254b-5fd0-4e34-a9e5-47427b35cd82" />
      <TestMethod codeBase="C:\Projekty\MSTestProject\bin\Debug\netcoreapp3.1\MSTestProject.dll" adapterTypeName="executor://mstestadapter/v2" className="TwojeWesele.Services.Helpers.Tests.CurrencyHelperTests" name="FormatToStringTest1000" />
    </UnitTest>
    <UnitTest name="FormatToStringTest1000 (1739.5853778997368,1739.59 zł)" storage="c:\projekty\mstestproject\bin\debug\netcoreapp3.1\mstestproject.dll" id="6d92faad-1632-4d0c-adf6-4f0cfe2ed07a">
      <TestCategory>
        <TestCategoryItem TestCategory="Category1000" />
      </TestCategory>
      <Execution id="5228d06c-eab4-49f6-bb52-9e636a8505f9" />
      <TestMethod codeBase="C:\Projekty\MSTestProject\bin\Debug\netcoreapp3.1\MSTestProject.dll" adapterTypeName="executor://mstestadapter/v2" className="TwojeWesele.Services.Helpers.Tests.CurrencyHelperTests" name="FormatToStringTest1000" />
    </UnitTest>
    <UnitTest name="FormatToStringTest1000 (33851.35523524618,33851.36 zł)" storage="c:\projekty\mstestproject\bin\debug\netcoreapp3.1\mstestproject.dll" id="faa8df4a-5ed4-4d77-8d72-ecfd4e1afa51">
      <TestCategory>
        <TestCategoryItem TestCategory="Category1000" />
      </TestCategory>
      <Execution id="5f6641d3-6201-430d-8921-bcfffcb33207" />
      <TestMethod codeBase="C:\Projekty\MSTestProject\bin\Debug\netcoreapp3.1\MSTestProject.dll" adapterTypeName="executor://mstestadapter/v2" className="TwojeWesele.Services.Helpers.Tests.CurrencyHelperTests" name="FormatToStringTest1000" />
    </UnitTest>
    <UnitTest name="FormatToStringTest1000 (30031.89550569323,30031.90 zł)" storage="c:\projekty\mstestproject\bin\debug\netcoreapp3.1\mstestproject.dll" id="a08c9182-3afb-4765-aac0-890a28bd20c5">
      <TestCategory>
        <TestCategoryItem TestCategory="Category1000" />
      </TestCategory>
      <Execution id="e978621d-ba31-4a39-8561-f7a8144cea92" />
      <TestMethod codeBase="C:\Projekty\MSTestProject\bin\Debug\netcoreapp3.1\MSTestProject.dll" adapterTypeName="executor://mstestadapter/v2" className="TwojeWesele.Services.Helpers.Tests.CurrencyHelperTests" name="FormatToStringTest1000" />
    </UnitTest>
    <UnitTest name="FormatToStringTest1000 (16282.687804925576,16282.69 zł)" storage="c:\projekty\mstestproject\bin\debug\netcoreapp3.1\mstestproject.dll" id="a720d661-28ef-47f8-ac1a-7e70595887b4">
      <TestCategory>
        <TestCategoryItem TestCategory="Category1000" />
      </TestCategory>
      <Execution id="ad87ea01-b353-4631-bf87-b862f5c9707f" />
      <TestMethod codeBase="C:\Projekty\MSTestProject\bin\Debug\netcoreapp3.1\MSTestProject.dll" adapterTypeName="executor://mstestadapter/v2" className="TwojeWesele.Services.Helpers.Tests.CurrencyHelperTests" name="FormatToStringTest1000" />
    </UnitTest>
    <UnitTest name="FormatToStringTest1000 (22017.250119325356,22017.25 zł)" storage="c:\projekty\mstestproject\bin\debug\netcoreapp3.1\mstestproject.dll" id="69088376-8175-467b-9364-2cf9f49ef2a6">
      <TestCategory>
        <TestCategoryItem TestCategory="Category1000" />
      </TestCategory>
      <Execution id="9b9f13c6-c07b-4efb-b0b3-ef5631b38613" />
      <TestMethod codeBase="C:\Projekty\MSTestProject\bin\Debug\netcoreapp3.1\MSTestProject.dll" adapterTypeName="executor://mstestadapter/v2" className="TwojeWesele.Services.Helpers.Tests.CurrencyHelperTests" name="FormatToStringTest1000" />
    </UnitTest>
    <UnitTest name="FormatToStringTest1000 (6035.818653228608,6035.82 zł)" storage="c:\projekty\mstestproject\bin\debug\netcoreapp3.1\mstestproject.dll" id="258985ae-30dc-4ed5-9169-3cb8548a0a16">
      <TestCategory>
        <TestCategoryItem TestCategory="Category1000" />
      </TestCategory>
      <Execution id="7c3867fd-8569-4d45-a2df-d1f3f21146d4" />
      <TestMethod codeBase="C:\Projekty\MSTestProject\bin\Debug\netcoreapp3.1\MSTestProject.dll" adapterTypeName="executor://mstestadapter/v2" className="TwojeWesele.Services.Helpers.Tests.CurrencyHelperTests" name="FormatToStringTest1000" />
    </UnitTest>
    <UnitTest name="FormatToStringTest1000 (39146.892120180135,39146.89 zł)" storage="c:\projekty\mstestproject\bin\debug\netcoreapp3.1\mstestproject.dll" id="64bf15c2-082d-4249-98be-a959d6b3e66c">
      <TestCategory>
        <TestCategoryItem TestCategory="Category1000" />
      </TestCategory>
      <Execution id="26acc3f1-cad2-41cc-812c-7eb10ea1dcb6" />
      <TestMethod codeBase="C:\Projekty\MSTestProject\bin\Debug\netcoreapp3.1\MSTestProject.dll" adapterTypeName="executor://mstestadapter/v2" className="TwojeWesele.Services.Helpers.Tests.CurrencyHelperTests" name="FormatToStringTest1000" />
    </UnitTest>
    <UnitTest name="FormatToStringTest1000 (59919.71489415491,59919.71 zł)" storage="c:\projekty\mstestproject\bin\debug\netcoreapp3.1\mstestproject.dll" id="c971df5a-1fdc-4a97-9bbc-0a93ee976c9b">
      <TestCategory>
        <TestCategoryItem TestCategory="Category1000" />
      </TestCategory>
      <Execution id="219391ac-7ddf-4b76-a2cf-83f53cf2c2e7" />
      <TestMethod codeBase="C:\Projekty\MSTestProject\bin\Debug\netcoreapp3.1\MSTestProject.dll" adapterTypeName="executor://mstestadapter/v2" className="TwojeWesele.Services.Helpers.Tests.CurrencyHelperTests" name="FormatToStringTest1000" />
    </UnitTest>
    <UnitTest name="FormatToStringTest1000 (45930.2386782068,45930.24 zł)" storage="c:\projekty\mstestproject\bin\debug\netcoreapp3.1\mstestproject.dll" id="bd6fde7a-9a87-48c4-9e24-23465932ada3">
      <TestCategory>
        <TestCategoryItem TestCategory="Category1000" />
      </TestCategory>
      <Execution id="74c78610-ad81-4eee-9ea4-e9a1411cb675" />
      <TestMethod codeBase="C:\Projekty\MSTestProject\bin\Debug\netcoreapp3.1\MSTestProject.dll" adapterTypeName="executor://mstestadapter/v2" className="TwojeWesele.Services.Helpers.Tests.CurrencyHelperTests" name="FormatToStringTest1000" />
    </UnitTest>
    <UnitTest name="FormatToStringTest1000 (22533.17694295811,22533.18 zł)" storage="c:\projekty\mstestproject\bin\debug\netcoreapp3.1\mstestproject.dll" id="f396908e-dc92-4370-a72c-322167b0a49a">
      <TestCategory>
        <TestCategoryItem TestCategory="Category1000" />
      </TestCategory>
      <Execution id="52fa2669-53c9-4907-a3e3-35f56a7909e2" />
      <TestMethod codeBase="C:\Projekty\MSTestProject\bin\Debug\netcoreapp3.1\MSTestProject.dll" adapterTypeName="executor://mstestadapter/v2" className="TwojeWesele.Services.Helpers.Tests.CurrencyHelperTests" name="FormatToStringTest1000" />
    </UnitTest>
    <UnitTest name="FormatToStringTest1000 (15591.4117417221,15591.41 zł)" storage="c:\projekty\mstestproject\bin\debug\netcoreapp3.1\mstestproject.dll" id="20817e28-75d5-4b3d-85e5-4c0003062730">
      <TestCategory>
        <TestCategoryItem TestCategory="Category1000" />
      </TestCategory>
      <Execution id="c7be47db-d6e5-4d28-8124-b3c139721b08" />
      <TestMethod codeBase="C:\Projekty\MSTestProject\bin\Debug\netcoreapp3.1\MSTestProject.dll" adapterTypeName="executor://mstestadapter/v2" className="TwojeWesele.Services.Helpers.Tests.CurrencyHelperTests" name="FormatToStringTest1000" />
    </UnitTest>
    <UnitTest name="FormatToStringTest1000 (6915.421130504656,6915.42 zł)" storage="c:\projekty\mstestproject\bin\debug\netcoreapp3.1\mstestproject.dll" id="c958f39c-90b6-4d92-8d36-07840230f541">
      <TestCategory>
        <TestCategoryItem TestCategory="Category1000" />
      </TestCategory>
      <Execution id="a1d82a34-cb1e-457c-a2d7-57dfa72797f6" />
      <TestMethod codeBase="C:\Projekty\MSTestProject\bin\Debug\netcoreapp3.1\MSTestProject.dll" adapterTypeName="executor://mstestadapter/v2" className="TwojeWesele.Services.Helpers.Tests.CurrencyHelperTests" name="FormatToStringTest1000" />
    </UnitTest>
    <UnitTest name="FormatToStringTest1000 (47393.54939526671,47393.55 zł)" storage="c:\projekty\mstestproject\bin\debug\netcoreapp3.1\mstestproject.dll" id="d601761c-cc35-4085-a3e6-8759f97b4799">
      <TestCategory>
        <TestCategoryItem TestCategory="Category1000" />
      </TestCategory>
      <Execution id="7c1f18d8-8665-41e4-bbe3-d761a6b50036" />
      <TestMethod codeBase="C:\Projekty\MSTestProject\bin\Debug\netcoreapp3.1\MSTestProject.dll" adapterTypeName="executor://mstestadapter/v2" className="TwojeWesele.Services.Helpers.Tests.CurrencyHelperTests" name="FormatToStringTest1000" />
    </UnitTest>
    <UnitTest name="FormatToStringTest1000 (4636.500544966897,4636.50 zł)" storage="c:\projekty\mstestproject\bin\debug\netcoreapp3.1\mstestproject.dll" id="125b3a5f-6199-46e0-900d-cc2dad419ae8">
      <TestCategory>
        <TestCategoryItem TestCategory="Category1000" />
      </TestCategory>
      <Execution id="9cd806a0-f50d-4fad-87fa-96bf1a866843" />
      <TestMethod codeBase="C:\Projekty\MSTestProject\bin\Debug\netcoreapp3.1\MSTestProject.dll" adapterTypeName="executor://mstestadapter/v2" className="TwojeWesele.Services.Helpers.Tests.CurrencyHelperTests" name="FormatToStringTest1000" />
    </UnitTest>
    <UnitTest name="FormatToStringTest1000 (28080.92507087669,28080.93 zł)" storage="c:\projekty\mstestproject\bin\debug\netcoreapp3.1\mstestproject.dll" id="d10feaee-b7d1-46ca-a516-1ceb6b3e07de">
      <TestCategory>
        <TestCategoryItem TestCategory="Category1000" />
      </TestCategory>
      <Execution id="704bb8be-a8a3-45fc-8455-4c50f52297d8" />
      <TestMethod codeBase="C:\Projekty\MSTestProject\bin\Debug\netcoreapp3.1\MSTestProject.dll" adapterTypeName="executor://mstestadapter/v2" className="TwojeWesele.Services.Helpers.Tests.CurrencyHelperTests" name="FormatToStringTest1000" />
    </UnitTest>
    <UnitTest name="FormatToStringTest1000 (5548.360986085777,5548.36 zł)" storage="c:\projekty\mstestproject\bin\debug\netcoreapp3.1\mstestproject.dll" id="aa24010d-86bd-43f8-8903-000d81676427">
      <TestCategory>
        <TestCategoryItem TestCategory="Category1000" />
      </TestCategory>
      <Execution id="482a0591-aa0c-49b0-a6ad-ff4f866cfc00" />
      <TestMethod codeBase="C:\Projekty\MSTestProject\bin\Debug\netcoreapp3.1\MSTestProject.dll" adapterTypeName="executor://mstestadapter/v2" className="TwojeWesele.Services.Helpers.Tests.CurrencyHelperTests" name="FormatToStringTest1000" />
    </UnitTest>
    <UnitTest name="FormatToStringTest1000 (17098.491445727876,17098.49 zł)" storage="c:\projekty\mstestproject\bin\debug\netcoreapp3.1\mstestproject.dll" id="dc83e5fb-33fc-4431-b6c9-e6b5fd0526b4">
      <TestCategory>
        <TestCategoryItem TestCategory="Category1000" />
      </TestCategory>
      <Execution id="84373bb4-9c9c-43df-966a-8d57df74b08b" />
      <TestMethod codeBase="C:\Projekty\MSTestProject\bin\Debug\netcoreapp3.1\MSTestProject.dll" adapterTypeName="executor://mstestadapter/v2" className="TwojeWesele.Services.Helpers.Tests.CurrencyHelperTests" name="FormatToStringTest1000" />
    </UnitTest>
    <UnitTest name="FormatToStringTest1000 (30385.72086375613,30385.72 zł)" storage="c:\projekty\mstestproject\bin\debug\netcoreapp3.1\mstestproject.dll" id="fa4a4a9a-d565-42c4-9889-3a4e92a7e25c">
      <TestCategory>
        <TestCategoryItem TestCategory="Category1000" />
      </TestCategory>
      <Execution id="47b445ef-4d19-4604-9604-34a6010bc605" />
      <TestMethod codeBase="C:\Projekty\MSTestProject\bin\Debug\netcoreapp3.1\MSTestProject.dll" adapterTypeName="executor://mstestadapter/v2" className="TwojeWesele.Services.Helpers.Tests.CurrencyHelperTests" name="FormatToStringTest1000" />
    </UnitTest>
    <UnitTest name="FormatToStringTest1000 (643.3550376181281,643.36 zł)" storage="c:\projekty\mstestproject\bin\debug\netcoreapp3.1\mstestproject.dll" id="99ce6729-61d9-4ea8-9901-d3325c15ead9">
      <TestCategory>
        <TestCategoryItem TestCategory="Category1000" />
      </TestCategory>
      <Execution id="30852c6e-ba3f-46c3-8537-57f84ed26850" />
      <TestMethod codeBase="C:\Projekty\MSTestProject\bin\Debug\netcoreapp3.1\MSTestProject.dll" adapterTypeName="executor://mstestadapter/v2" className="TwojeWesele.Services.Helpers.Tests.CurrencyHelperTests" name="FormatToStringTest1000" />
    </UnitTest>
    <UnitTest name="FormatToStringTest1000 (5957.42161879941,5957.42 zł)" storage="c:\projekty\mstestproject\bin\debug\netcoreapp3.1\mstestproject.dll" id="66000a3e-1f0b-48df-857b-5104a12d7e89">
      <TestCategory>
        <TestCategoryItem TestCategory="Category1000" />
      </TestCategory>
      <Execution id="5505b9f4-4352-4d66-89ee-42b545328ade" />
      <TestMethod codeBase="C:\Projekty\MSTestProject\bin\Debug\netcoreapp3.1\MSTestProject.dll" adapterTypeName="executor://mstestadapter/v2" className="TwojeWesele.Services.Helpers.Tests.CurrencyHelperTests" name="FormatToStringTest1000" />
    </UnitTest>
    <UnitTest name="FormatToStringTest1000 (60701.5177499319,60701.52 zł)" storage="c:\projekty\mstestproject\bin\debug\netcoreapp3.1\mstestproject.dll" id="5d05e484-0368-43d1-bccf-b0285787b83d">
      <TestCategory>
        <TestCategoryItem TestCategory="Category1000" />
      </TestCategory>
      <Execution id="6799e375-4775-4eb8-8783-3727f59909d6" />
      <TestMethod codeBase="C:\Projekty\MSTestProject\bin\Debug\netcoreapp3.1\MSTestProject.dll" adapterTypeName="executor://mstestadapter/v2" className="TwojeWesele.Services.Helpers.Tests.CurrencyHelperTests" name="FormatToStringTest1000" />
    </UnitTest>
    <UnitTest name="FormatToStringTest1000 (10268.547802396373,10268.55 zł)" storage="c:\projekty\mstestproject\bin\debug\netcoreapp3.1\mstestproject.dll" id="6bab2731-979a-469b-8c19-ee9da4b46643">
      <TestCategory>
        <TestCategoryItem TestCategory="Category1000" />
      </TestCategory>
      <Execution id="30b1b61f-0b14-49d6-ada6-1345d8299178" />
      <TestMethod codeBase="C:\Projekty\MSTestProject\bin\Debug\netcoreapp3.1\MSTestProject.dll" adapterTypeName="executor://mstestadapter/v2" className="TwojeWesele.Services.Helpers.Tests.CurrencyHelperTests" name="FormatToStringTest1000" />
    </UnitTest>
    <UnitTest name="FormatToStringTest1000 (14237.13226245955,14237.13 zł)" storage="c:\projekty\mstestproject\bin\debug\netcoreapp3.1\mstestproject.dll" id="17cf1c07-ad7f-4687-8b47-3590b53bc8e2">
      <TestCategory>
        <TestCategoryItem TestCategory="Category1000" />
      </TestCategory>
      <Execution id="cfc87733-6788-4f02-8c20-53981c045765" />
      <TestMethod codeBase="C:\Projekty\MSTestProject\bin\Debug\netcoreapp3.1\MSTestProject.dll" adapterTypeName="executor://mstestadapter/v2" className="TwojeWesele.Services.Helpers.Tests.CurrencyHelperTests" name="FormatToStringTest1000" />
    </UnitTest>
    <UnitTest name="FormatToStringTest1000 (10227.532692039169,10227.53 zł)" storage="c:\projekty\mstestproject\bin\debug\netcoreapp3.1\mstestproject.dll" id="61440d4b-88b6-4bb3-b701-91960efc8ea3">
      <TestCategory>
        <TestCategoryItem TestCategory="Category1000" />
      </TestCategory>
      <Execution id="2eac8b7b-fe1f-454f-93bd-1189e5f19ae4" />
      <TestMethod codeBase="C:\Projekty\MSTestProject\bin\Debug\netcoreapp3.1\MSTestProject.dll" adapterTypeName="executor://mstestadapter/v2" className="TwojeWesele.Services.Helpers.Tests.CurrencyHelperTests" name="FormatToStringTest1000" />
    </UnitTest>
    <UnitTest name="FormatToStringTest1000 (1614.2516601789982,1614.25 zł)" storage="c:\projekty\mstestproject\bin\debug\netcoreapp3.1\mstestproject.dll" id="58f9d76b-0141-4b4c-b074-844611322bcf">
      <TestCategory>
        <TestCategoryItem TestCategory="Category1000" />
      </TestCategory>
      <Execution id="0def3b55-6153-4c07-a054-3b3adffc8c00" />
      <TestMethod codeBase="C:\Projekty\MSTestProject\bin\Debug\netcoreapp3.1\MSTestProject.dll" adapterTypeName="executor://mstestadapter/v2" className="TwojeWesele.Services.Helpers.Tests.CurrencyHelperTests" name="FormatToStringTest1000" />
    </UnitTest>
    <UnitTest name="FormatToStringTest1000 (39314.52353688401,39314.52 zł)" storage="c:\projekty\mstestproject\bin\debug\netcoreapp3.1\mstestproject.dll" id="818201be-b78d-4973-969f-b64373d7bbeb">
      <TestCategory>
        <TestCategoryItem TestCategory="Category1000" />
      </TestCategory>
      <Execution id="dda4ef13-39dd-4df0-a6a1-c7b814d22c08" />
      <TestMethod codeBase="C:\Projekty\MSTestProject\bin\Debug\netcoreapp3.1\MSTestProject.dll" adapterTypeName="executor://mstestadapter/v2" className="TwojeWesele.Services.Helpers.Tests.CurrencyHelperTests" name="FormatToStringTest1000" />
    </UnitTest>
    <UnitTest name="FormatToStringTest1000 (25116.590135570892,25116.59 zł)" storage="c:\projekty\mstestproject\bin\debug\netcoreapp3.1\mstestproject.dll" id="bb0ae1c6-bbde-4fb7-92a4-3529020d9166">
      <TestCategory>
        <TestCategoryItem TestCategory="Category1000" />
      </TestCategory>
      <Execution id="ec38a87c-4ec7-4eea-b095-ddf8afba7eb6" />
      <TestMethod codeBase="C:\Projekty\MSTestProject\bin\Debug\netcoreapp3.1\MSTestProject.dll" adapterTypeName="executor://mstestadapter/v2" className="TwojeWesele.Services.Helpers.Tests.CurrencyHelperTests" name="FormatToStringTest1000" />
    </UnitTest>
    <UnitTest name="FormatToStringTest1000 (19103.831635461574,19103.83 zł)" storage="c:\projekty\mstestproject\bin\debug\netcoreapp3.1\mstestproject.dll" id="95e3f077-1a53-477d-aa60-cb6d7a8c35e9">
      <TestCategory>
        <TestCategoryItem TestCategory="Category1000" />
      </TestCategory>
      <Execution id="7924ccf5-8b60-4a6a-a121-5373bbfd25d3" />
      <TestMethod codeBase="C:\Projekty\MSTestProject\bin\Debug\netcoreapp3.1\MSTestProject.dll" adapterTypeName="executor://mstestadapter/v2" className="TwojeWesele.Services.Helpers.Tests.CurrencyHelperTests" name="FormatToStringTest1000" />
    </UnitTest>
    <UnitTest name="FormatToStringTest1000 (49256.47455728635,49256.47 zł)" storage="c:\projekty\mstestproject\bin\debug\netcoreapp3.1\mstestproject.dll" id="d909742d-071e-4a8e-8b34-05bd3681f478">
      <TestCategory>
        <TestCategoryItem TestCategory="Category1000" />
      </TestCategory>
      <Execution id="eadb3351-7984-4454-9a14-f42f72a2a891" />
      <TestMethod codeBase="C:\Projekty\MSTestProject\bin\Debug\netcoreapp3.1\MSTestProject.dll" adapterTypeName="executor://mstestadapter/v2" className="TwojeWesele.Services.Helpers.Tests.CurrencyHelperTests" name="FormatToStringTest1000" />
    </UnitTest>
    <UnitTest name="FormatToStringTest1000 (35905.47425787219,35905.47 zł)" storage="c:\projekty\mstestproject\bin\debug\netcoreapp3.1\mstestproject.dll" id="907c6db9-5730-4991-844c-736f540108ca">
      <TestCategory>
        <TestCategoryItem TestCategory="Category1000" />
      </TestCategory>
      <Execution id="68be17b6-f9c2-4e8f-836c-7babc0f901eb" />
      <TestMethod codeBase="C:\Projekty\MSTestProject\bin\Debug\netcoreapp3.1\MSTestProject.dll" adapterTypeName="executor://mstestadapter/v2" className="TwojeWesele.Services.Helpers.Tests.CurrencyHelperTests" name="FormatToStringTest1000" />
    </UnitTest>
    <UnitTest name="FormatToStringTest1000 (32216.686763396807,32216.69 zł)" storage="c:\projekty\mstestproject\bin\debug\netcoreapp3.1\mstestproject.dll" id="742c9399-a93a-4fe6-8abf-cca0296739c7">
      <TestCategory>
        <TestCategoryItem TestCategory="Category1000" />
      </TestCategory>
      <Execution id="000d7d20-01bd-4232-94d9-9a5774c6157d" />
      <TestMethod codeBase="C:\Projekty\MSTestProject\bin\Debug\netcoreapp3.1\MSTestProject.dll" adapterTypeName="executor://mstestadapter/v2" className="TwojeWesele.Services.Helpers.Tests.CurrencyHelperTests" name="FormatToStringTest1000" />
    </UnitTest>
    <UnitTest name="FormatToStringTest1000 (7669.3855620214645,7669.39 zł)" storage="c:\projekty\mstestproject\bin\debug\netcoreapp3.1\mstestproject.dll" id="8d8fbaa1-1bf3-4354-8108-d685060a2560">
      <TestCategory>
        <TestCategoryItem TestCategory="Category1000" />
      </TestCategory>
      <Execution id="13e88dfc-20e7-4612-8326-02cc5c176e4f" />
      <TestMethod codeBase="C:\Projekty\MSTestProject\bin\Debug\netcoreapp3.1\MSTestProject.dll" adapterTypeName="executor://mstestadapter/v2" className="TwojeWesele.Services.Helpers.Tests.CurrencyHelperTests" name="FormatToStringTest1000" />
    </UnitTest>
    <UnitTest name="FormatToStringTest1000 (36978.61073549213,36978.61 zł)" storage="c:\projekty\mstestproject\bin\debug\netcoreapp3.1\mstestproject.dll" id="baad7326-f312-4be1-9730-ad05cbce4042">
      <TestCategory>
        <TestCategoryItem TestCategory="Category1000" />
      </TestCategory>
      <Execution id="8f5b6de6-ddfd-4fec-ba62-35fe6c1e2014" />
      <TestMethod codeBase="C:\Projekty\MSTestProject\bin\Debug\netcoreapp3.1\MSTestProject.dll" adapterTypeName="executor://mstestadapter/v2" className="TwojeWesele.Services.Helpers.Tests.CurrencyHelperTests" name="FormatToStringTest1000" />
    </UnitTest>
    <UnitTest name="FormatToStringTest1000 (14910.573044539697,14910.57 zł)" storage="c:\projekty\mstestproject\bin\debug\netcoreapp3.1\mstestproject.dll" id="7157d966-d190-4c93-b99c-d08007537674">
      <TestCategory>
        <TestCategoryItem TestCategory="Category1000" />
      </TestCategory>
      <Execution id="a72b9ca6-ccb2-44c6-9dd3-43f1757d4fe0" />
      <TestMethod codeBase="C:\Projekty\MSTestProject\bin\Debug\netcoreapp3.1\MSTestProject.dll" adapterTypeName="executor://mstestadapter/v2" className="TwojeWesele.Services.Helpers.Tests.CurrencyHelperTests" name="FormatToStringTest1000" />
    </UnitTest>
    <UnitTest name="FormatToStringTest1000 (1821.7083499085663,1821.71 zł)" storage="c:\projekty\mstestproject\bin\debug\netcoreapp3.1\mstestproject.dll" id="f9c4d0fc-5f18-484b-8149-819fffa47b4b">
      <TestCategory>
        <TestCategoryItem TestCategory="Category1000" />
      </TestCategory>
      <Execution id="d8eda56c-93b1-4df3-a011-73430439533a" />
      <TestMethod codeBase="C:\Projekty\MSTestProject\bin\Debug\netcoreapp3.1\MSTestProject.dll" adapterTypeName="executor://mstestadapter/v2" className="TwojeWesele.Services.Helpers.Tests.CurrencyHelperTests" name="FormatToStringTest1000" />
    </UnitTest>
    <UnitTest name="FormatToStringTest1000 (17000.070169619317,17000.07 zł)" storage="c:\projekty\mstestproject\bin\debug\netcoreapp3.1\mstestproject.dll" id="9b3115c0-ab60-47b5-96f4-7eacf6c431ef">
      <TestCategory>
        <TestCategoryItem TestCategory="Category1000" />
      </TestCategory>
      <Execution id="49ef4c1b-1467-41e4-84a4-ff92492d0b5c" />
      <TestMethod codeBase="C:\Projekty\MSTestProject\bin\Debug\netcoreapp3.1\MSTestProject.dll" adapterTypeName="executor://mstestadapter/v2" className="TwojeWesele.Services.Helpers.Tests.CurrencyHelperTests" name="FormatToStringTest1000" />
    </UnitTest>
    <UnitTest name="FormatToStringTest1000 (27050.586848031067,27050.59 zł)" storage="c:\projekty\mstestproject\bin\debug\netcoreapp3.1\mstestproject.dll" id="2201fc7d-99cc-43b4-b2fc-277460d4b216">
      <TestCategory>
        <TestCategoryItem TestCategory="Category1000" />
      </TestCategory>
      <Execution id="369d82f1-566d-4204-919f-6ed2961aed45" />
      <TestMethod codeBase="C:\Projekty\MSTestProject\bin\Debug\netcoreapp3.1\MSTestProject.dll" adapterTypeName="executor://mstestadapter/v2" className="TwojeWesele.Services.Helpers.Tests.CurrencyHelperTests" name="FormatToStringTest1000" />
    </UnitTest>
    <UnitTest name="FormatToStringTest1000 (5504.094303639184,5504.09 zł)" storage="c:\projekty\mstestproject\bin\debug\netcoreapp3.1\mstestproject.dll" id="40ec451f-4f94-451d-804a-f43db6eb74f1">
      <TestCategory>
        <TestCategoryItem TestCategory="Category1000" />
      </TestCategory>
      <Execution id="e8ed15cd-2a96-49e3-a6fd-eef1057d5d2a" />
      <TestMethod codeBase="C:\Projekty\MSTestProject\bin\Debug\netcoreapp3.1\MSTestProject.dll" adapterTypeName="executor://mstestadapter/v2" className="TwojeWesele.Services.Helpers.Tests.CurrencyHelperTests" name="FormatToStringTest1000" />
    </UnitTest>
    <UnitTest name="FormatToStringTest1000 (9503.466049463705,9503.47 zł)" storage="c:\projekty\mstestproject\bin\debug\netcoreapp3.1\mstestproject.dll" id="40ff5f72-8517-4974-85e0-79f6aebe3fc0">
      <TestCategory>
        <TestCategoryItem TestCategory="Category1000" />
      </TestCategory>
      <Execution id="42a4c6b0-b6de-4d22-965f-b2dbaa86a05e" />
      <TestMethod codeBase="C:\Projekty\MSTestProject\bin\Debug\netcoreapp3.1\MSTestProject.dll" adapterTypeName="executor://mstestadapter/v2" className="TwojeWesele.Services.Helpers.Tests.CurrencyHelperTests" name="FormatToStringTest1000" />
    </UnitTest>
    <UnitTest name="FormatToStringTest1000 (12379.347974640013,12379.35 zł)" storage="c:\projekty\mstestproject\bin\debug\netcoreapp3.1\mstestproject.dll" id="4778d234-3582-418f-83be-2cf3f1064756">
      <TestCategory>
        <TestCategoryItem TestCategory="Category1000" />
      </TestCategory>
      <Execution id="6d68a237-006b-4f5d-a1ee-6ff24f735825" />
      <TestMethod codeBase="C:\Projekty\MSTestProject\bin\Debug\netcoreapp3.1\MSTestProject.dll" adapterTypeName="executor://mstestadapter/v2" className="TwojeWesele.Services.Helpers.Tests.CurrencyHelperTests" name="FormatToStringTest1000" />
    </UnitTest>
    <UnitTest name="FormatToStringTest1000 (29926.595417457444,29926.60 zł)" storage="c:\projekty\mstestproject\bin\debug\netcoreapp3.1\mstestproject.dll" id="93956ffe-4e80-467c-9e19-977d85dd9d8e">
      <TestCategory>
        <TestCategoryItem TestCategory="Category1000" />
      </TestCategory>
      <Execution id="6c63c3f3-a79d-4e72-8ce1-e064319b2893" />
      <TestMethod codeBase="C:\Projekty\MSTestProject\bin\Debug\netcoreapp3.1\MSTestProject.dll" adapterTypeName="executor://mstestadapter/v2" className="TwojeWesele.Services.Helpers.Tests.CurrencyHelperTests" name="FormatToStringTest1000" />
    </UnitTest>
    <UnitTest name="FormatToStringTest1000 (8347.417790138823,8347.42 zł)" storage="c:\projekty\mstestproject\bin\debug\netcoreapp3.1\mstestproject.dll" id="ef07b55a-9761-472e-a6d1-3f362b51dd68">
      <TestCategory>
        <TestCategoryItem TestCategory="Category1000" />
      </TestCategory>
      <Execution id="db600c94-d28d-4b39-90eb-766ae4c4b459" />
      <TestMethod codeBase="C:\Projekty\MSTestProject\bin\Debug\netcoreapp3.1\MSTestProject.dll" adapterTypeName="executor://mstestadapter/v2" className="TwojeWesele.Services.Helpers.Tests.CurrencyHelperTests" name="FormatToStringTest1000" />
    </UnitTest>
    <UnitTest name="FormatToStringTest1000 (13574.683315038068,13574.68 zł)" storage="c:\projekty\mstestproject\bin\debug\netcoreapp3.1\mstestproject.dll" id="df62e7a0-3f53-4471-a71e-362a9372f8af">
      <TestCategory>
        <TestCategoryItem TestCategory="Category1000" />
      </TestCategory>
      <Execution id="f755041d-e4a4-4d79-a385-4d94b46d73c7" />
      <TestMethod codeBase="C:\Projekty\MSTestProject\bin\Debug\netcoreapp3.1\MSTestProject.dll" adapterTypeName="executor://mstestadapter/v2" className="TwojeWesele.Services.Helpers.Tests.CurrencyHelperTests" name="FormatToStringTest1000" />
    </UnitTest>
    <UnitTest name="FormatToStringTest1000 (16208.076866391615,16208.08 zł)" storage="c:\projekty\mstestproject\bin\debug\netcoreapp3.1\mstestproject.dll" id="fd446e4e-a349-405d-a533-6cbf9f3c940a">
      <TestCategory>
        <TestCategoryItem TestCategory="Category1000" />
      </TestCategory>
      <Execution id="c53a52a4-b5a8-4844-92ff-54f58327b206" />
      <TestMethod codeBase="C:\Projekty\MSTestProject\bin\Debug\netcoreapp3.1\MSTestProject.dll" adapterTypeName="executor://mstestadapter/v2" className="TwojeWesele.Services.Helpers.Tests.CurrencyHelperTests" name="FormatToStringTest1000" />
    </UnitTest>
    <UnitTest name="FormatToStringTest1000 (26515.80237687929,26515.80 zł)" storage="c:\projekty\mstestproject\bin\debug\netcoreapp3.1\mstestproject.dll" id="1ad36a58-65bb-4d1d-bc1e-9b7fe48969ff">
      <TestCategory>
        <TestCategoryItem TestCategory="Category1000" />
      </TestCategory>
      <Execution id="9fcf4b1e-2c78-4905-8313-88c19de5f6c8" />
      <TestMethod codeBase="C:\Projekty\MSTestProject\bin\Debug\netcoreapp3.1\MSTestProject.dll" adapterTypeName="executor://mstestadapter/v2" className="TwojeWesele.Services.Helpers.Tests.CurrencyHelperTests" name="FormatToStringTest1000" />
    </UnitTest>
    <UnitTest name="FormatToStringTest1000 (30138.55109863102,30138.55 zł)" storage="c:\projekty\mstestproject\bin\debug\netcoreapp3.1\mstestproject.dll" id="e32b622b-32b5-4a8b-ba4d-029c1f2e353c">
      <TestCategory>
        <TestCategoryItem TestCategory="Category1000" />
      </TestCategory>
      <Execution id="a8420a97-4e7d-4419-ab48-4292cc1afa4b" />
      <TestMethod codeBase="C:\Projekty\MSTestProject\bin\Debug\netcoreapp3.1\MSTestProject.dll" adapterTypeName="executor://mstestadapter/v2" className="TwojeWesele.Services.Helpers.Tests.CurrencyHelperTests" name="FormatToStringTest1000" />
    </UnitTest>
    <UnitTest name="FormatToStringTest1000 (30034.922435005625,30034.92 zł)" storage="c:\projekty\mstestproject\bin\debug\netcoreapp3.1\mstestproject.dll" id="767e3d77-9c61-4f98-8890-21db8b94d072">
      <TestCategory>
        <TestCategoryItem TestCategory="Category1000" />
      </TestCategory>
      <Execution id="7fcad562-e123-49f4-b811-907912464ca0" />
      <TestMethod codeBase="C:\Projekty\MSTestProject\bin\Debug\netcoreapp3.1\MSTestProject.dll" adapterTypeName="executor://mstestadapter/v2" className="TwojeWesele.Services.Helpers.Tests.CurrencyHelperTests" name="FormatToStringTest1000" />
    </UnitTest>
    <UnitTest name="FormatToStringTest1000 (59768.02667973611,59768.03 zł)" storage="c:\projekty\mstestproject\bin\debug\netcoreapp3.1\mstestproject.dll" id="d7498974-a821-4bff-b1e5-8e4d93466e9a">
      <TestCategory>
        <TestCategoryItem TestCategory="Category1000" />
      </TestCategory>
      <Execution id="9e438d0f-3eb2-436b-be26-d6037327af0e" />
      <TestMethod codeBase="C:\Projekty\MSTestProject\bin\Debug\netcoreapp3.1\MSTestProject.dll" adapterTypeName="executor://mstestadapter/v2" className="TwojeWesele.Services.Helpers.Tests.CurrencyHelperTests" name="FormatToStringTest1000" />
    </UnitTest>
    <UnitTest name="FormatToStringTest1000 (96261.84883437205,96261.85 zł)" storage="c:\projekty\mstestproject\bin\debug\netcoreapp3.1\mstestproject.dll" id="c02e492c-6f53-48d1-9075-bd2ca8330ea1">
      <TestCategory>
        <TestCategoryItem TestCategory="Category1000" />
      </TestCategory>
      <Execution id="d2ac538f-f804-4a40-ae6d-2177af35a28a" />
      <TestMethod codeBase="C:\Projekty\MSTestProject\bin\Debug\netcoreapp3.1\MSTestProject.dll" adapterTypeName="executor://mstestadapter/v2" className="TwojeWesele.Services.Helpers.Tests.CurrencyHelperTests" name="FormatToStringTest1000" />
    </UnitTest>
    <UnitTest name="FormatToStringTest1000 (468.83385119346616,468.83 zł)" storage="c:\projekty\mstestproject\bin\debug\netcoreapp3.1\mstestproject.dll" id="c9966991-6c0e-4a34-8eb4-9281fa9acf00">
      <TestCategory>
        <TestCategoryItem TestCategory="Category1000" />
      </TestCategory>
      <Execution id="46496302-32c2-44c2-b1ba-46144f9e3c66" />
      <TestMethod codeBase="C:\Projekty\MSTestProject\bin\Debug\netcoreapp3.1\MSTestProject.dll" adapterTypeName="executor://mstestadapter/v2" className="TwojeWesele.Services.Helpers.Tests.CurrencyHelperTests" name="FormatToStringTest1000" />
    </UnitTest>
    <UnitTest name="FormatToStringTest1000 (4002.4180488374172,4002.42 zł)" storage="c:\projekty\mstestproject\bin\debug\netcoreapp3.1\mstestproject.dll" id="44b06750-5f7f-487e-9bbf-4334d01243ef">
      <TestCategory>
        <TestCategoryItem TestCategory="Category1000" />
      </TestCategory>
      <Execution id="390940c9-720b-4931-b06b-30ee20ae30f4" />
      <TestMethod codeBase="C:\Projekty\MSTestProject\bin\Debug\netcoreapp3.1\MSTestProject.dll" adapterTypeName="executor://mstestadapter/v2" className="TwojeWesele.Services.Helpers.Tests.CurrencyHelperTests" name="FormatToStringTest1000" />
    </UnitTest>
    <UnitTest name="FormatToStringTest1000 (16902.50568789314,16902.51 zł)" storage="c:\projekty\mstestproject\bin\debug\netcoreapp3.1\mstestproject.dll" id="f6aac848-48e6-4d23-bd37-61bb1eba547e">
      <TestCategory>
        <TestCategoryItem TestCategory="Category1000" />
      </TestCategory>
      <Execution id="7e32e90d-0ea4-4537-8f7d-3c217cc01aca" />
      <TestMethod codeBase="C:\Projekty\MSTestProject\bin\Debug\netcoreapp3.1\MSTestProject.dll" adapterTypeName="executor://mstestadapter/v2" className="TwojeWesele.Services.Helpers.Tests.CurrencyHelperTests" name="FormatToStringTest1000" />
    </UnitTest>
    <UnitTest name="FormatToStringTest1000 (37826.846755123166,37826.85 zł)" storage="c:\projekty\mstestproject\bin\debug\netcoreapp3.1\mstestproject.dll" id="64fa875c-fa98-49f2-ab35-5b5dbbb03e40">
      <TestCategory>
        <TestCategoryItem TestCategory="Category1000" />
      </TestCategory>
      <Execution id="2b994cd8-6bd1-45ce-974d-e481065ba69b" />
      <TestMethod codeBase="C:\Projekty\MSTestProject\bin\Debug\netcoreapp3.1\MSTestProject.dll" adapterTypeName="executor://mstestadapter/v2" className="TwojeWesele.Services.Helpers.Tests.CurrencyHelperTests" name="FormatToStringTest1000" />
    </UnitTest>
    <UnitTest name="FormatToStringTest1000 (23548.88067407016,23548.88 zł)" storage="c:\projekty\mstestproject\bin\debug\netcoreapp3.1\mstestproject.dll" id="a35b0db2-be69-4bbf-add9-83a31314b51c">
      <TestCategory>
        <TestCategoryItem TestCategory="Category1000" />
      </TestCategory>
      <Execution id="3ad9f065-fde3-4513-ae77-2aee51333e98" />
      <TestMethod codeBase="C:\Projekty\MSTestProject\bin\Debug\netcoreapp3.1\MSTestProject.dll" adapterTypeName="executor://mstestadapter/v2" className="TwojeWesele.Services.Helpers.Tests.CurrencyHelperTests" name="FormatToStringTest1000" />
    </UnitTest>
    <UnitTest name="FormatToStringTest1000 (4919.073526169674,4919.07 zł)" storage="c:\projekty\mstestproject\bin\debug\netcoreapp3.1\mstestproject.dll" id="b4dc5b9c-0e75-4e61-803f-aa35ce2c6954">
      <TestCategory>
        <TestCategoryItem TestCategory="Category1000" />
      </TestCategory>
      <Execution id="40f27346-7460-4e14-914b-9ed58bff9e04" />
      <TestMethod codeBase="C:\Projekty\MSTestProject\bin\Debug\netcoreapp3.1\MSTestProject.dll" adapterTypeName="executor://mstestadapter/v2" className="TwojeWesele.Services.Helpers.Tests.CurrencyHelperTests" name="FormatToStringTest1000" />
    </UnitTest>
    <UnitTest name="FormatToStringTest1000 (59247.898931587064,59247.90 zł)" storage="c:\projekty\mstestproject\bin\debug\netcoreapp3.1\mstestproject.dll" id="f3ba1d36-5f64-428f-b372-01c55f273bd5">
      <TestCategory>
        <TestCategoryItem TestCategory="Category1000" />
      </TestCategory>
      <Execution id="6f7a0023-c194-4cf6-bf8f-50be09b74abc" />
      <TestMethod codeBase="C:\Projekty\MSTestProject\bin\Debug\netcoreapp3.1\MSTestProject.dll" adapterTypeName="executor://mstestadapter/v2" className="TwojeWesele.Services.Helpers.Tests.CurrencyHelperTests" name="FormatToStringTest1000" />
    </UnitTest>
    <UnitTest name="FormatToStringTest1000 (2505.286326204094,2505.29 zł)" storage="c:\projekty\mstestproject\bin\debug\netcoreapp3.1\mstestproject.dll" id="35f4ca57-545d-4e06-a964-a518ce47d45c">
      <TestCategory>
        <TestCategoryItem TestCategory="Category1000" />
      </TestCategory>
      <Execution id="2cef24d6-0271-458b-8ff2-31807a73b1c8" />
      <TestMethod codeBase="C:\Projekty\MSTestProject\bin\Debug\netcoreapp3.1\MSTestProject.dll" adapterTypeName="executor://mstestadapter/v2" className="TwojeWesele.Services.Helpers.Tests.CurrencyHelperTests" name="FormatToStringTest1000" />
    </UnitTest>
    <UnitTest name="FormatToStringTest1000 (37614.50159416278,37614.50 zł)" storage="c:\projekty\mstestproject\bin\debug\netcoreapp3.1\mstestproject.dll" id="e0b51803-c716-45df-b876-fd36e51d2bb0">
      <TestCategory>
        <TestCategoryItem TestCategory="Category1000" />
      </TestCategory>
      <Execution id="aa831e63-6299-436c-8c3b-6b8ade254f2c" />
      <TestMethod codeBase="C:\Projekty\MSTestProject\bin\Debug\netcoreapp3.1\MSTestProject.dll" adapterTypeName="executor://mstestadapter/v2" className="TwojeWesele.Services.Helpers.Tests.CurrencyHelperTests" name="FormatToStringTest1000" />
    </UnitTest>
    <UnitTest name="FormatToStringTest1000 (2751.3751475258614,2751.38 zł)" storage="c:\projekty\mstestproject\bin\debug\netcoreapp3.1\mstestproject.dll" id="90a081aa-9d23-4336-bcb5-b3631dd4bd08">
      <TestCategory>
        <TestCategoryItem TestCategory="Category1000" />
      </TestCategory>
      <Execution id="46a0df1e-c6b5-4163-8352-c85b1d21fc50" />
      <TestMethod codeBase="C:\Projekty\MSTestProject\bin\Debug\netcoreapp3.1\MSTestProject.dll" adapterTypeName="executor://mstestadapter/v2" className="TwojeWesele.Services.Helpers.Tests.CurrencyHelperTests" name="FormatToStringTest1000" />
    </UnitTest>
    <UnitTest name="FormatToStringTest1000 (67109.22110940759,67109.22 zł)" storage="c:\projekty\mstestproject\bin\debug\netcoreapp3.1\mstestproject.dll" id="b6946e21-b114-46f7-a132-fcf2fe3ad6b9">
      <TestCategory>
        <TestCategoryItem TestCategory="Category1000" />
      </TestCategory>
      <Execution id="08945e0d-7968-47a6-8987-2f515485ab83" />
      <TestMethod codeBase="C:\Projekty\MSTestProject\bin\Debug\netcoreapp3.1\MSTestProject.dll" adapterTypeName="executor://mstestadapter/v2" className="TwojeWesele.Services.Helpers.Tests.CurrencyHelperTests" name="FormatToStringTest1000" />
    </UnitTest>
    <UnitTest name="FormatToStringTest1000 (7191.024921368353,7191.02 zł)" storage="c:\projekty\mstestproject\bin\debug\netcoreapp3.1\mstestproject.dll" id="8f835c32-6523-4c6a-9728-83f52cba9021">
      <TestCategory>
        <TestCategoryItem TestCategory="Category1000" />
      </TestCategory>
      <Execution id="adcc9e00-7161-4f5f-812a-eea54f5ccaea" />
      <TestMethod codeBase="C:\Projekty\MSTestProject\bin\Debug\netcoreapp3.1\MSTestProject.dll" adapterTypeName="executor://mstestadapter/v2" className="TwojeWesele.Services.Helpers.Tests.CurrencyHelperTests" name="FormatToStringTest1000" />
    </UnitTest>
    <UnitTest name="FormatToStringTest1000 (6820.105136090938,6820.11 zł)" storage="c:\projekty\mstestproject\bin\debug\netcoreapp3.1\mstestproject.dll" id="e133123e-fa1d-4689-be37-2a2a6b73caf2">
      <TestCategory>
        <TestCategoryItem TestCategory="Category1000" />
      </TestCategory>
      <Execution id="398119ba-1431-413e-80ef-682b58051797" />
      <TestMethod codeBase="C:\Projekty\MSTestProject\bin\Debug\netcoreapp3.1\MSTestProject.dll" adapterTypeName="executor://mstestadapter/v2" className="TwojeWesele.Services.Helpers.Tests.CurrencyHelperTests" name="FormatToStringTest1000" />
    </UnitTest>
    <UnitTest name="FormatToStringTest1000 (759.247198292635,759.25 zł)" storage="c:\projekty\mstestproject\bin\debug\netcoreapp3.1\mstestproject.dll" id="8109c001-d65d-413e-9e08-46fcfcaa491a">
      <TestCategory>
        <TestCategoryItem TestCategory="Category1000" />
      </TestCategory>
      <Execution id="ab47f339-b6f0-459f-aa26-45bd00e3e731" />
      <TestMethod codeBase="C:\Projekty\MSTestProject\bin\Debug\netcoreapp3.1\MSTestProject.dll" adapterTypeName="executor://mstestadapter/v2" className="TwojeWesele.Services.Helpers.Tests.CurrencyHelperTests" name="FormatToStringTest1000" />
    </UnitTest>
    <UnitTest name="FormatToStringTest1000 (9754.291367935619,9754.29 zł)" storage="c:\projekty\mstestproject\bin\debug\netcoreapp3.1\mstestproject.dll" id="b769faaa-d360-4cee-ab39-1db1a68bcec2">
      <TestCategory>
        <TestCategoryItem TestCategory="Category1000" />
      </TestCategory>
      <Execution id="a36dc71a-329b-4d65-b51e-9e3eaa7018d4" />
      <TestMethod codeBase="C:\Projekty\MSTestProject\bin\Debug\netcoreapp3.1\MSTestProject.dll" adapterTypeName="executor://mstestadapter/v2" className="TwojeWesele.Services.Helpers.Tests.CurrencyHelperTests" name="FormatToStringTest1000" />
    </UnitTest>
    <UnitTest name="FormatToStringTest1000 (918.1842976688334,918.18 zł)" storage="c:\projekty\mstestproject\bin\debug\netcoreapp3.1\mstestproject.dll" id="ed204701-d981-4aa5-8157-f2a69e868541">
      <TestCategory>
        <TestCategoryItem TestCategory="Category1000" />
      </TestCategory>
      <Execution id="dd4ae4e0-cd13-4438-a68e-e97b99d6ad33" />
      <TestMethod codeBase="C:\Projekty\MSTestProject\bin\Debug\netcoreapp3.1\MSTestProject.dll" adapterTypeName="executor://mstestadapter/v2" className="TwojeWesele.Services.Helpers.Tests.CurrencyHelperTests" name="FormatToStringTest1000" />
    </UnitTest>
    <UnitTest name="FormatToStringTest1000 (34062.88803158276,34062.89 zł)" storage="c:\projekty\mstestproject\bin\debug\netcoreapp3.1\mstestproject.dll" id="94039132-b2ec-4767-a718-db6c1ba18be5">
      <TestCategory>
        <TestCategoryItem TestCategory="Category1000" />
      </TestCategory>
      <Execution id="1b2cf4d0-12ce-4462-aa4c-c0dc929720ee" />
      <TestMethod codeBase="C:\Projekty\MSTestProject\bin\Debug\netcoreapp3.1\MSTestProject.dll" adapterTypeName="executor://mstestadapter/v2" className="TwojeWesele.Services.Helpers.Tests.CurrencyHelperTests" name="FormatToStringTest1000" />
    </UnitTest>
    <UnitTest name="FormatToStringTest1000 (49256.65708813195,49256.66 zł)" storage="c:\projekty\mstestproject\bin\debug\netcoreapp3.1\mstestproject.dll" id="8b0d5ddc-7d5c-48c7-9c45-147ba5dbccd4">
      <TestCategory>
        <TestCategoryItem TestCategory="Category1000" />
      </TestCategory>
      <Execution id="3a44b94f-d031-46fb-92f0-101bab7d1d00" />
      <TestMethod codeBase="C:\Projekty\MSTestProject\bin\Debug\netcoreapp3.1\MSTestProject.dll" adapterTypeName="executor://mstestadapter/v2" className="TwojeWesele.Services.Helpers.Tests.CurrencyHelperTests" name="FormatToStringTest1000" />
    </UnitTest>
    <UnitTest name="FormatToStringTest1000 (63291.50274994015,63291.50 zł)" storage="c:\projekty\mstestproject\bin\debug\netcoreapp3.1\mstestproject.dll" id="b123e2da-69f2-47bd-b3f7-24f5ca512aa1">
      <TestCategory>
        <TestCategoryItem TestCategory="Category1000" />
      </TestCategory>
      <Execution id="9226c3bb-dd88-4d46-b165-53b52db3627e" />
      <TestMethod codeBase="C:\Projekty\MSTestProject\bin\Debug\netcoreapp3.1\MSTestProject.dll" adapterTypeName="executor://mstestadapter/v2" className="TwojeWesele.Services.Helpers.Tests.CurrencyHelperTests" name="FormatToStringTest1000" />
    </UnitTest>
    <UnitTest name="FormatToStringTest1000 (79764.77845563217,79764.78 zł)" storage="c:\projekty\mstestproject\bin\debug\netcoreapp3.1\mstestproject.dll" id="8c7c361b-b3a5-45de-b00e-5b695ccab308">
      <TestCategory>
        <TestCategoryItem TestCategory="Category1000" />
      </TestCategory>
      <Execution id="2f30ab87-2a28-4692-9754-f1add156a392" />
      <TestMethod codeBase="C:\Projekty\MSTestProject\bin\Debug\netcoreapp3.1\MSTestProject.dll" adapterTypeName="executor://mstestadapter/v2" className="TwojeWesele.Services.Helpers.Tests.CurrencyHelperTests" name="FormatToStringTest1000" />
    </UnitTest>
    <UnitTest name="FormatToStringTest1000 (2390.7596313784643,2390.76 zł)" storage="c:\projekty\mstestproject\bin\debug\netcoreapp3.1\mstestproject.dll" id="06c57aaa-8e11-4fb1-97fb-7c518f897766">
      <TestCategory>
        <TestCategoryItem TestCategory="Category1000" />
      </TestCategory>
      <Execution id="0461abc6-4809-4f95-b7b7-5270fb8614d8" />
      <TestMethod codeBase="C:\Projekty\MSTestProject\bin\Debug\netcoreapp3.1\MSTestProject.dll" adapterTypeName="executor://mstestadapter/v2" className="TwojeWesele.Services.Helpers.Tests.CurrencyHelperTests" name="FormatToStringTest1000" />
    </UnitTest>
    <UnitTest name="FormatToStringTest1000 (26843.15785584932,26843.16 zł)" storage="c:\projekty\mstestproject\bin\debug\netcoreapp3.1\mstestproject.dll" id="692230c8-e4e1-45f2-bd8f-cc9807137099">
      <TestCategory>
        <TestCategoryItem TestCategory="Category1000" />
      </TestCategory>
      <Execution id="7a8e1acf-5914-4868-8c2d-27c363560432" />
      <TestMethod codeBase="C:\Projekty\MSTestProject\bin\Debug\netcoreapp3.1\MSTestProject.dll" adapterTypeName="executor://mstestadapter/v2" className="TwojeWesele.Services.Helpers.Tests.CurrencyHelperTests" name="FormatToStringTest1000" />
    </UnitTest>
    <UnitTest name="FormatToStringTest1000 (17953.338243749615,17953.34 zł)" storage="c:\projekty\mstestproject\bin\debug\netcoreapp3.1\mstestproject.dll" id="2c9afbbf-a9f4-4c95-86fc-72b103a65c5e">
      <TestCategory>
        <TestCategoryItem TestCategory="Category1000" />
      </TestCategory>
      <Execution id="c1484c81-9d00-4393-9b17-34cd2e096a23" />
      <TestMethod codeBase="C:\Projekty\MSTestProject\bin\Debug\netcoreapp3.1\MSTestProject.dll" adapterTypeName="executor://mstestadapter/v2" className="TwojeWesele.Services.Helpers.Tests.CurrencyHelperTests" name="FormatToStringTest1000" />
    </UnitTest>
    <UnitTest name="FormatToStringTest1000 (65947.64520381515,65947.65 zł)" storage="c:\projekty\mstestproject\bin\debug\netcoreapp3.1\mstestproject.dll" id="e386be2d-9390-4065-8cb0-c14601d9413b">
      <TestCategory>
        <TestCategoryItem TestCategory="Category1000" />
      </TestCategory>
      <Execution id="9d58cfa2-d64f-410f-85c0-7d26f652b5fb" />
      <TestMethod codeBase="C:\Projekty\MSTestProject\bin\Debug\netcoreapp3.1\MSTestProject.dll" adapterTypeName="executor://mstestadapter/v2" className="TwojeWesele.Services.Helpers.Tests.CurrencyHelperTests" name="FormatToStringTest1000" />
    </UnitTest>
    <UnitTest name="FormatToStringTest1000 (14480.387652530982,14480.39 zł)" storage="c:\projekty\mstestproject\bin\debug\netcoreapp3.1\mstestproject.dll" id="747d3cbb-43eb-4011-9501-eabdde47c75a">
      <TestCategory>
        <TestCategoryItem TestCategory="Category1000" />
      </TestCategory>
      <Execution id="8dff74f2-8c95-4043-bb9f-0460fc7e75f7" />
      <TestMethod codeBase="C:\Projekty\MSTestProject\bin\Debug\netcoreapp3.1\MSTestProject.dll" adapterTypeName="executor://mstestadapter/v2" className="TwojeWesele.Services.Helpers.Tests.CurrencyHelperTests" name="FormatToStringTest1000" />
    </UnitTest>
    <UnitTest name="FormatToStringTest1000 (47163.337736466594,47163.34 zł)" storage="c:\projekty\mstestproject\bin\debug\netcoreapp3.1\mstestproject.dll" id="46b9969d-38b2-48a3-860b-f1e672d05395">
      <TestCategory>
        <TestCategoryItem TestCategory="Category1000" />
      </TestCategory>
      <Execution id="81230cdb-a304-4d60-a910-6f20034e25b6" />
      <TestMethod codeBase="C:\Projekty\MSTestProject\bin\Debug\netcoreapp3.1\MSTestProject.dll" adapterTypeName="executor://mstestadapter/v2" className="TwojeWesele.Services.Helpers.Tests.CurrencyHelperTests" name="FormatToStringTest1000" />
    </UnitTest>
    <UnitTest name="FormatToStringTest1000 (15080.274618567097,15080.27 zł)" storage="c:\projekty\mstestproject\bin\debug\netcoreapp3.1\mstestproject.dll" id="d2359ed3-b947-4f9e-8306-9e302a08d947">
      <TestCategory>
        <TestCategoryItem TestCategory="Category1000" />
      </TestCategory>
      <Execution id="cbd4b394-3707-48c4-9c0e-69667d5d1e97" />
      <TestMethod codeBase="C:\Projekty\MSTestProject\bin\Debug\netcoreapp3.1\MSTestProject.dll" adapterTypeName="executor://mstestadapter/v2" className="TwojeWesele.Services.Helpers.Tests.CurrencyHelperTests" name="FormatToStringTest1000" />
    </UnitTest>
    <UnitTest name="FormatToStringTest1000 (21728.91641959963,21728.92 zł)" storage="c:\projekty\mstestproject\bin\debug\netcoreapp3.1\mstestproject.dll" id="110f67ad-9d8a-4c7e-89c5-ac2b9b342ac5">
      <TestCategory>
        <TestCategoryItem TestCategory="Category1000" />
      </TestCategory>
      <Execution id="cf817400-226c-418f-86e6-0619c7a3d5a6" />
      <TestMethod codeBase="C:\Projekty\MSTestProject\bin\Debug\netcoreapp3.1\MSTestProject.dll" adapterTypeName="executor://mstestadapter/v2" className="TwojeWesele.Services.Helpers.Tests.CurrencyHelperTests" name="FormatToStringTest1000" />
    </UnitTest>
    <UnitTest name="FormatToStringTest1000 (7753.724411372898,7753.72 zł)" storage="c:\projekty\mstestproject\bin\debug\netcoreapp3.1\mstestproject.dll" id="5bd472ed-a1ab-4747-8f1c-76af74cb273a">
      <TestCategory>
        <TestCategoryItem TestCategory="Category1000" />
      </TestCategory>
      <Execution id="a4a4e9df-10db-48ee-a3c1-60476b7a49e0" />
      <TestMethod codeBase="C:\Projekty\MSTestProject\bin\Debug\netcoreapp3.1\MSTestProject.dll" adapterTypeName="executor://mstestadapter/v2" className="TwojeWesele.Services.Helpers.Tests.CurrencyHelperTests" name="FormatToStringTest1000" />
    </UnitTest>
    <UnitTest name="FormatToStringTest1000 (9431.144757136304,9431.14 zł)" storage="c:\projekty\mstestproject\bin\debug\netcoreapp3.1\mstestproject.dll" id="360ed7fc-4d6a-445a-b4b4-582d2f6125d5">
      <TestCategory>
        <TestCategoryItem TestCategory="Category1000" />
      </TestCategory>
      <Execution id="dbdeac8c-73ae-41a5-b804-47edaab58321" />
      <TestMethod codeBase="C:\Projekty\MSTestProject\bin\Debug\netcoreapp3.1\MSTestProject.dll" adapterTypeName="executor://mstestadapter/v2" className="TwojeWesele.Services.Helpers.Tests.CurrencyHelperTests" name="FormatToStringTest1000" />
    </UnitTest>
    <UnitTest name="FormatToStringTest1000 (24137.016609529506,24137.02 zł)" storage="c:\projekty\mstestproject\bin\debug\netcoreapp3.1\mstestproject.dll" id="ac56aa38-3db4-4a64-a4fa-176f950f75bc">
      <TestCategory>
        <TestCategoryItem TestCategory="Category1000" />
      </TestCategory>
      <Execution id="d7f2c3a1-bf4a-4c1e-8ad4-176aa80ac16a" />
      <TestMethod codeBase="C:\Projekty\MSTestProject\bin\Debug\netcoreapp3.1\MSTestProject.dll" adapterTypeName="executor://mstestadapter/v2" className="TwojeWesele.Services.Helpers.Tests.CurrencyHelperTests" name="FormatToStringTest1000" />
    </UnitTest>
    <UnitTest name="FormatToStringTest1000 (36211.11038300866,36211.11 zł)" storage="c:\projekty\mstestproject\bin\debug\netcoreapp3.1\mstestproject.dll" id="4ec5a7e8-3125-4994-8ac4-2b839313d319">
      <TestCategory>
        <TestCategoryItem TestCategory="Category1000" />
      </TestCategory>
      <Execution id="5b10b540-2b1b-40a0-923b-dafc251c1c25" />
      <TestMethod codeBase="C:\Projekty\MSTestProject\bin\Debug\netcoreapp3.1\MSTestProject.dll" adapterTypeName="executor://mstestadapter/v2" className="TwojeWesele.Services.Helpers.Tests.CurrencyHelperTests" name="FormatToStringTest1000" />
    </UnitTest>
    <UnitTest name="FormatToStringTest1000 (26945.125386551546,26945.13 zł)" storage="c:\projekty\mstestproject\bin\debug\netcoreapp3.1\mstestproject.dll" id="89d56028-4a15-41cd-bf0c-56ece9e3ee33">
      <TestCategory>
        <TestCategoryItem TestCategory="Category1000" />
      </TestCategory>
      <Execution id="315fa50a-c6e4-4156-a04e-7783540ead39" />
      <TestMethod codeBase="C:\Projekty\MSTestProject\bin\Debug\netcoreapp3.1\MSTestProject.dll" adapterTypeName="executor://mstestadapter/v2" className="TwojeWesele.Services.Helpers.Tests.CurrencyHelperTests" name="FormatToStringTest1000" />
    </UnitTest>
    <UnitTest name="FormatToStringTest1000 (30499.08272379734,30499.08 zł)" storage="c:\projekty\mstestproject\bin\debug\netcoreapp3.1\mstestproject.dll" id="12fc6112-5dd0-4f4d-8508-acd164065999">
      <TestCategory>
        <TestCategoryItem TestCategory="Category1000" />
      </TestCategory>
      <Execution id="301ff282-1072-429a-b3a9-f1b535961844" />
      <TestMethod codeBase="C:\Projekty\MSTestProject\bin\Debug\netcoreapp3.1\MSTestProject.dll" adapterTypeName="executor://mstestadapter/v2" className="TwojeWesele.Services.Helpers.Tests.CurrencyHelperTests" name="FormatToStringTest1000" />
    </UnitTest>
    <UnitTest name="FormatToStringTest1000 (18032.4720825476,18032.47 zł)" storage="c:\projekty\mstestproject\bin\debug\netcoreapp3.1\mstestproject.dll" id="226989ef-ecdd-4999-b2f0-422dcb62da21">
      <TestCategory>
        <TestCategoryItem TestCategory="Category1000" />
      </TestCategory>
      <Execution id="21dbc514-1c15-479b-bb16-0f516b4c3af8" />
      <TestMethod codeBase="C:\Projekty\MSTestProject\bin\Debug\netcoreapp3.1\MSTestProject.dll" adapterTypeName="executor://mstestadapter/v2" className="TwojeWesele.Services.Helpers.Tests.CurrencyHelperTests" name="FormatToStringTest1000" />
    </UnitTest>
    <UnitTest name="FormatToStringTest1000 (19392.945535027862,19392.95 zł)" storage="c:\projekty\mstestproject\bin\debug\netcoreapp3.1\mstestproject.dll" id="5eae8a11-1370-402e-bad0-2626eff6d6f0">
      <TestCategory>
        <TestCategoryItem TestCategory="Category1000" />
      </TestCategory>
      <Execution id="3b36b762-d775-4037-ba63-567d6b43638c" />
      <TestMethod codeBase="C:\Projekty\MSTestProject\bin\Debug\netcoreapp3.1\MSTestProject.dll" adapterTypeName="executor://mstestadapter/v2" className="TwojeWesele.Services.Helpers.Tests.CurrencyHelperTests" name="FormatToStringTest1000" />
    </UnitTest>
    <UnitTest name="FormatToStringTest1000 (25908.345463821825,25908.35 zł)" storage="c:\projekty\mstestproject\bin\debug\netcoreapp3.1\mstestproject.dll" id="4b1639c2-398d-421b-a29e-61726ad1bf32">
      <TestCategory>
        <TestCategoryItem TestCategory="Category1000" />
      </TestCategory>
      <Execution id="a7c1f237-f67b-409d-bdb5-42add80b0de6" />
      <TestMethod codeBase="C:\Projekty\MSTestProject\bin\Debug\netcoreapp3.1\MSTestProject.dll" adapterTypeName="executor://mstestadapter/v2" className="TwojeWesele.Services.Helpers.Tests.CurrencyHelperTests" name="FormatToStringTest1000" />
    </UnitTest>
    <UnitTest name="FormatToStringTest1000 (286.92120604539343,286.92 zł)" storage="c:\projekty\mstestproject\bin\debug\netcoreapp3.1\mstestproject.dll" id="2210445b-8fed-4dc7-9fbc-64508e22754e">
      <TestCategory>
        <TestCategoryItem TestCategory="Category1000" />
      </TestCategory>
      <Execution id="84cd3459-e5c4-48ae-a605-ccd5695ed07e" />
      <TestMethod codeBase="C:\Projekty\MSTestProject\bin\Debug\netcoreapp3.1\MSTestProject.dll" adapterTypeName="executor://mstestadapter/v2" className="TwojeWesele.Services.Helpers.Tests.CurrencyHelperTests" name="FormatToStringTest1000" />
    </UnitTest>
    <UnitTest name="FormatToStringTest1000 (2992.6161168593057,2992.62 zł)" storage="c:\projekty\mstestproject\bin\debug\netcoreapp3.1\mstestproject.dll" id="044fb172-6db6-41e2-ad98-d9727e374106">
      <TestCategory>
        <TestCategoryItem TestCategory="Category1000" />
      </TestCategory>
      <Execution id="24e3d104-017e-4436-ac1e-14a482467e2b" />
      <TestMethod codeBase="C:\Projekty\MSTestProject\bin\Debug\netcoreapp3.1\MSTestProject.dll" adapterTypeName="executor://mstestadapter/v2" className="TwojeWesele.Services.Helpers.Tests.CurrencyHelperTests" name="FormatToStringTest1000" />
    </UnitTest>
    <UnitTest name="FormatToStringTest1000 (2166.4103293970275,2166.41 zł)" storage="c:\projekty\mstestproject\bin\debug\netcoreapp3.1\mstestproject.dll" id="6e158735-e1d4-49b8-9710-d15b4818d762">
      <TestCategory>
        <TestCategoryItem TestCategory="Category1000" />
      </TestCategory>
      <Execution id="f8064e76-f362-4276-a7fa-e560ae2338e4" />
      <TestMethod codeBase="C:\Projekty\MSTestProject\bin\Debug\netcoreapp3.1\MSTestProject.dll" adapterTypeName="executor://mstestadapter/v2" className="TwojeWesele.Services.Helpers.Tests.CurrencyHelperTests" name="FormatToStringTest1000" />
    </UnitTest>
    <UnitTest name="FormatToStringTest1000 (23684.695462791573,23684.70 zł)" storage="c:\projekty\mstestproject\bin\debug\netcoreapp3.1\mstestproject.dll" id="a3422ccd-667c-4539-abfc-c444451d7970">
      <TestCategory>
        <TestCategoryItem TestCategory="Category1000" />
      </TestCategory>
      <Execution id="67a154f8-11ca-4517-87c0-cc623981bd14" />
      <TestMethod codeBase="C:\Projekty\MSTestProject\bin\Debug\netcoreapp3.1\MSTestProject.dll" adapterTypeName="executor://mstestadapter/v2" className="TwojeWesele.Services.Helpers.Tests.CurrencyHelperTests" name="FormatToStringTest1000" />
    </UnitTest>
    <UnitTest name="FormatToStringTest1000 (44065.726815678056,44065.73 zł)" storage="c:\projekty\mstestproject\bin\debug\netcoreapp3.1\mstestproject.dll" id="c96ee8ec-c42b-4a02-b8a6-fdf7972cb9e8">
      <TestCategory>
        <TestCategoryItem TestCategory="Category1000" />
      </TestCategory>
      <Execution id="d027c943-ee2b-4ea9-903c-6687ac21acea" />
      <TestMethod codeBase="C:\Projekty\MSTestProject\bin\Debug\netcoreapp3.1\MSTestProject.dll" adapterTypeName="executor://mstestadapter/v2" className="TwojeWesele.Services.Helpers.Tests.CurrencyHelperTests" name="FormatToStringTest1000" />
    </UnitTest>
    <UnitTest name="FormatToStringTest1000 (12118.31777677048,12118.32 zł)" storage="c:\projekty\mstestproject\bin\debug\netcoreapp3.1\mstestproject.dll" id="0cfbaa40-3aee-4cb4-b9d9-a5342c739af1">
      <TestCategory>
        <TestCategoryItem TestCategory="Category1000" />
      </TestCategory>
      <Execution id="05858a5a-31a1-4ac5-8762-072abe7dbe43" />
      <TestMethod codeBase="C:\Projekty\MSTestProject\bin\Debug\netcoreapp3.1\MSTestProject.dll" adapterTypeName="executor://mstestadapter/v2" className="TwojeWesele.Services.Helpers.Tests.CurrencyHelperTests" name="FormatToStringTest1000" />
    </UnitTest>
    <UnitTest name="FormatToStringTest1000 (2963.24443391815,2963.24 zł)" storage="c:\projekty\mstestproject\bin\debug\netcoreapp3.1\mstestproject.dll" id="c51f4af6-10e0-4dd6-b2a4-7912ae03823a">
      <TestCategory>
        <TestCategoryItem TestCategory="Category1000" />
      </TestCategory>
      <Execution id="23da72b8-440d-4cbb-820c-2167201b6775" />
      <TestMethod codeBase="C:\Projekty\MSTestProject\bin\Debug\netcoreapp3.1\MSTestProject.dll" adapterTypeName="executor://mstestadapter/v2" className="TwojeWesele.Services.Helpers.Tests.CurrencyHelperTests" name="FormatToStringTest1000" />
    </UnitTest>
    <UnitTest name="FormatToStringTest1000 (44930.92203801075,44930.92 zł)" storage="c:\projekty\mstestproject\bin\debug\netcoreapp3.1\mstestproject.dll" id="e837ff2e-1462-4ef0-a108-27ca596856a7">
      <TestCategory>
        <TestCategoryItem TestCategory="Category1000" />
      </TestCategory>
      <Execution id="642e36e1-cf9a-4aa6-9828-7f64dcc8cdea" />
      <TestMethod codeBase="C:\Projekty\MSTestProject\bin\Debug\netcoreapp3.1\MSTestProject.dll" adapterTypeName="executor://mstestadapter/v2" className="TwojeWesele.Services.Helpers.Tests.CurrencyHelperTests" name="FormatToStringTest1000" />
    </UnitTest>
    <UnitTest name="FormatToStringTest1000 (17252.06220983903,17252.06 zł)" storage="c:\projekty\mstestproject\bin\debug\netcoreapp3.1\mstestproject.dll" id="1be529c1-43ab-4ba5-ba77-1049bf49419a">
      <TestCategory>
        <TestCategoryItem TestCategory="Category1000" />
      </TestCategory>
      <Execution id="6d4160c1-f8f0-44a4-8907-7d79e0077888" />
      <TestMethod codeBase="C:\Projekty\MSTestProject\bin\Debug\netcoreapp3.1\MSTestProject.dll" adapterTypeName="executor://mstestadapter/v2" className="TwojeWesele.Services.Helpers.Tests.CurrencyHelperTests" name="FormatToStringTest1000" />
    </UnitTest>
    <UnitTest name="FormatToStringTest1000 (40268.121943438484,40268.12 zł)" storage="c:\projekty\mstestproject\bin\debug\netcoreapp3.1\mstestproject.dll" id="0c27fc8d-6b89-4411-a3bf-d4fbdccf6777">
      <TestCategory>
        <TestCategoryItem TestCategory="Category1000" />
      </TestCategory>
      <Execution id="1e19b348-f278-4c00-9f9e-1b8316ddd309" />
      <TestMethod codeBase="C:\Projekty\MSTestProject\bin\Debug\netcoreapp3.1\MSTestProject.dll" adapterTypeName="executor://mstestadapter/v2" className="TwojeWesele.Services.Helpers.Tests.CurrencyHelperTests" name="FormatToStringTest1000" />
    </UnitTest>
    <UnitTest name="FormatToStringTest1000 (19189.813662191766,19189.81 zł)" storage="c:\projekty\mstestproject\bin\debug\netcoreapp3.1\mstestproject.dll" id="22b54409-b165-423c-88d1-7f514e1e9be4">
      <TestCategory>
        <TestCategoryItem TestCategory="Category1000" />
      </TestCategory>
      <Execution id="c10037c9-55b1-4684-bb63-aa518d64616d" />
      <TestMethod codeBase="C:\Projekty\MSTestProject\bin\Debug\netcoreapp3.1\MSTestProject.dll" adapterTypeName="executor://mstestadapter/v2" className="TwojeWesele.Services.Helpers.Tests.CurrencyHelperTests" name="FormatToStringTest1000" />
    </UnitTest>
    <UnitTest name="FormatToStringTest1000 (78796.90433980194,78796.90 zł)" storage="c:\projekty\mstestproject\bin\debug\netcoreapp3.1\mstestproject.dll" id="eccbe4dd-ae56-4e22-819b-fd0b2117f4b5">
      <TestCategory>
        <TestCategoryItem TestCategory="Category1000" />
      </TestCategory>
      <Execution id="3874a0c3-f3b5-47b3-8844-a60508c50171" />
      <TestMethod codeBase="C:\Projekty\MSTestProject\bin\Debug\netcoreapp3.1\MSTestProject.dll" adapterTypeName="executor://mstestadapter/v2" className="TwojeWesele.Services.Helpers.Tests.CurrencyHelperTests" name="FormatToStringTest1000" />
    </UnitTest>
    <UnitTest name="FormatToStringTest1000 (7890.044272348771,7890.04 zł)" storage="c:\projekty\mstestproject\bin\debug\netcoreapp3.1\mstestproject.dll" id="c9541003-83ba-4d48-a588-cb454be4c2f3">
      <TestCategory>
        <TestCategoryItem TestCategory="Category1000" />
      </TestCategory>
      <Execution id="0e7e5ba0-1d5c-49be-ac19-168ab5db4ae5" />
      <TestMethod codeBase="C:\Projekty\MSTestProject\bin\Debug\netcoreapp3.1\MSTestProject.dll" adapterTypeName="executor://mstestadapter/v2" className="TwojeWesele.Services.Helpers.Tests.CurrencyHelperTests" name="FormatToStringTest1000" />
    </UnitTest>
    <UnitTest name="FormatToStringTest1000 (1228.101744225296,1228.10 zł)" storage="c:\projekty\mstestproject\bin\debug\netcoreapp3.1\mstestproject.dll" id="2336f316-908c-46fd-a2eb-122d08476d53">
      <TestCategory>
        <TestCategoryItem TestCategory="Category1000" />
      </TestCategory>
      <Execution id="3a352dfb-1150-42ca-927f-14bbf26509b8" />
      <TestMethod codeBase="C:\Projekty\MSTestProject\bin\Debug\netcoreapp3.1\MSTestProject.dll" adapterTypeName="executor://mstestadapter/v2" className="TwojeWesele.Services.Helpers.Tests.CurrencyHelperTests" name="FormatToStringTest1000" />
    </UnitTest>
    <UnitTest name="FormatToStringTest1000 (25794.833624416417,25794.83 zł)" storage="c:\projekty\mstestproject\bin\debug\netcoreapp3.1\mstestproject.dll" id="1948ecfe-d416-4352-a59a-9cd76a62ff7e">
      <TestCategory>
        <TestCategoryItem TestCategory="Category1000" />
      </TestCategory>
      <Execution id="648a7e95-4727-437b-a7b8-c9ae6de5cae6" />
      <TestMethod codeBase="C:\Projekty\MSTestProject\bin\Debug\netcoreapp3.1\MSTestProject.dll" adapterTypeName="executor://mstestadapter/v2" className="TwojeWesele.Services.Helpers.Tests.CurrencyHelperTests" name="FormatToStringTest1000" />
    </UnitTest>
    <UnitTest name="FormatToStringTest1000 (16597.22844427788,16597.23 zł)" storage="c:\projekty\mstestproject\bin\debug\netcoreapp3.1\mstestproject.dll" id="a16d8ab7-7172-4c59-a4c9-9c464a5aade5">
      <TestCategory>
        <TestCategoryItem TestCategory="Category1000" />
      </TestCategory>
      <Execution id="d08c2c7e-0332-4c1b-af3b-6166608b84f0" />
      <TestMethod codeBase="C:\Projekty\MSTestProject\bin\Debug\netcoreapp3.1\MSTestProject.dll" adapterTypeName="executor://mstestadapter/v2" className="TwojeWesele.Services.Helpers.Tests.CurrencyHelperTests" name="FormatToStringTest1000" />
    </UnitTest>
    <UnitTest name="FormatToStringTest1000 (1130.8119115372242,1130.81 zł)" storage="c:\projekty\mstestproject\bin\debug\netcoreapp3.1\mstestproject.dll" id="2cf506ef-f198-40d3-bf59-9a920b75d5cd">
      <TestCategory>
        <TestCategoryItem TestCategory="Category1000" />
      </TestCategory>
      <Execution id="17cabcf9-8068-4447-a6fe-bd767d03d3d8" />
      <TestMethod codeBase="C:\Projekty\MSTestProject\bin\Debug\netcoreapp3.1\MSTestProject.dll" adapterTypeName="executor://mstestadapter/v2" className="TwojeWesele.Services.Helpers.Tests.CurrencyHelperTests" name="FormatToStringTest1000" />
    </UnitTest>
    <UnitTest name="FormatToStringTest1000 (9196.579612724754,9196.58 zł)" storage="c:\projekty\mstestproject\bin\debug\netcoreapp3.1\mstestproject.dll" id="ae831d71-4c9d-4f94-8ea0-3e45c87db924">
      <TestCategory>
        <TestCategoryItem TestCategory="Category1000" />
      </TestCategory>
      <Execution id="d5de5b13-f91e-4337-b9e6-c04430161e6e" />
      <TestMethod codeBase="C:\Projekty\MSTestProject\bin\Debug\netcoreapp3.1\MSTestProject.dll" adapterTypeName="executor://mstestadapter/v2" className="TwojeWesele.Services.Helpers.Tests.CurrencyHelperTests" name="FormatToStringTest1000" />
    </UnitTest>
    <UnitTest name="FormatToStringTest1000 (19352.183340702755,19352.18 zł)" storage="c:\projekty\mstestproject\bin\debug\netcoreapp3.1\mstestproject.dll" id="23a8cf96-8504-4fda-9c8b-9db662ff6252">
      <TestCategory>
        <TestCategoryItem TestCategory="Category1000" />
      </TestCategory>
      <Execution id="0460c599-aeca-47c4-9c8a-007be0d7a3f6" />
      <TestMethod codeBase="C:\Projekty\MSTestProject\bin\Debug\netcoreapp3.1\MSTestProject.dll" adapterTypeName="executor://mstestadapter/v2" className="TwojeWesele.Services.Helpers.Tests.CurrencyHelperTests" name="FormatToStringTest1000" />
    </UnitTest>
    <UnitTest name="FormatToStringTest1000 (59283.7670322637,59283.77 zł)" storage="c:\projekty\mstestproject\bin\debug\netcoreapp3.1\mstestproject.dll" id="8c009120-e098-4d03-9dd2-1aee6d3056ef">
      <TestCategory>
        <TestCategoryItem TestCategory="Category1000" />
      </TestCategory>
      <Execution id="ee55352c-6bab-4b96-a17e-3b5282da79e4" />
      <TestMethod codeBase="C:\Projekty\MSTestProject\bin\Debug\netcoreapp3.1\MSTestProject.dll" adapterTypeName="executor://mstestadapter/v2" className="TwojeWesele.Services.Helpers.Tests.CurrencyHelperTests" name="FormatToStringTest1000" />
    </UnitTest>
    <UnitTest name="FormatToStringTest1000 (12091.219941106729,12091.22 zł)" storage="c:\projekty\mstestproject\bin\debug\netcoreapp3.1\mstestproject.dll" id="cba5bf86-82ec-447a-8ff7-b79b3214ecd6">
      <TestCategory>
        <TestCategoryItem TestCategory="Category1000" />
      </TestCategory>
      <Execution id="c55d2526-b3a7-43a3-9105-b7e60f557bbb" />
      <TestMethod codeBase="C:\Projekty\MSTestProject\bin\Debug\netcoreapp3.1\MSTestProject.dll" adapterTypeName="executor://mstestadapter/v2" className="TwojeWesele.Services.Helpers.Tests.CurrencyHelperTests" name="FormatToStringTest1000" />
    </UnitTest>
    <UnitTest name="FormatToStringTest1000 (20146.183073329827,20146.18 zł)" storage="c:\projekty\mstestproject\bin\debug\netcoreapp3.1\mstestproject.dll" id="64b9dc58-b8a2-42aa-9fea-ebb58219fd72">
      <TestCategory>
        <TestCategoryItem TestCategory="Category1000" />
      </TestCategory>
      <Execution id="2567fd3f-4db4-46f5-a69b-c4775547e571" />
      <TestMethod codeBase="C:\Projekty\MSTestProject\bin\Debug\netcoreapp3.1\MSTestProject.dll" adapterTypeName="executor://mstestadapter/v2" className="TwojeWesele.Services.Helpers.Tests.CurrencyHelperTests" name="FormatToStringTest1000" />
    </UnitTest>
    <UnitTest name="FormatToStringTest1000 (68507.83928906724,68507.84 zł)" storage="c:\projekty\mstestproject\bin\debug\netcoreapp3.1\mstestproject.dll" id="921fbc46-9a15-4638-9d50-7d98cb0043cf">
      <TestCategory>
        <TestCategoryItem TestCategory="Category1000" />
      </TestCategory>
      <Execution id="c083d8a8-ab8f-4b60-846a-9581c195a6a6" />
      <TestMethod codeBase="C:\Projekty\MSTestProject\bin\Debug\netcoreapp3.1\MSTestProject.dll" adapterTypeName="executor://mstestadapter/v2" className="TwojeWesele.Services.Helpers.Tests.CurrencyHelperTests" name="FormatToStringTest1000" />
    </UnitTest>
    <UnitTest name="FormatToStringTest1000 (57525.72988993569,57525.73 zł)" storage="c:\projekty\mstestproject\bin\debug\netcoreapp3.1\mstestproject.dll" id="b77b7fd0-bc77-40ac-b1f9-3b10cc148068">
      <TestCategory>
        <TestCategoryItem TestCategory="Category1000" />
      </TestCategory>
      <Execution id="58c7ea13-9e30-4b2c-8205-9cafa5c54f9f" />
      <TestMethod codeBase="C:\Projekty\MSTestProject\bin\Debug\netcoreapp3.1\MSTestProject.dll" adapterTypeName="executor://mstestadapter/v2" className="TwojeWesele.Services.Helpers.Tests.CurrencyHelperTests" name="FormatToStringTest1000" />
    </UnitTest>
    <UnitTest name="FormatToStringTest1000 (3799.9216302064815,3799.92 zł)" storage="c:\projekty\mstestproject\bin\debug\netcoreapp3.1\mstestproject.dll" id="52b3dc30-c96c-40e3-bccf-ac4b5d1575be">
      <TestCategory>
        <TestCategoryItem TestCategory="Category1000" />
      </TestCategory>
      <Execution id="658b7de6-53f5-4619-8cc5-ccaa08305bb0" />
      <TestMethod codeBase="C:\Projekty\MSTestProject\bin\Debug\netcoreapp3.1\MSTestProject.dll" adapterTypeName="executor://mstestadapter/v2" className="TwojeWesele.Services.Helpers.Tests.CurrencyHelperTests" name="FormatToStringTest1000" />
    </UnitTest>
    <UnitTest name="FormatToStringTest1000 (14920.620598662934,14920.62 zł)" storage="c:\projekty\mstestproject\bin\debug\netcoreapp3.1\mstestproject.dll" id="2e6ec3b2-4059-4890-96ef-b4e4b40f80a2">
      <TestCategory>
        <TestCategoryItem TestCategory="Category1000" />
      </TestCategory>
      <Execution id="2d58a16a-755c-4e49-99dc-9f8e4540bbb6" />
      <TestMethod codeBase="C:\Projekty\MSTestProject\bin\Debug\netcoreapp3.1\MSTestProject.dll" adapterTypeName="executor://mstestadapter/v2" className="TwojeWesele.Services.Helpers.Tests.CurrencyHelperTests" name="FormatToStringTest1000" />
    </UnitTest>
    <UnitTest name="FormatToStringTest1000 (67898.54481444067,67898.54 zł)" storage="c:\projekty\mstestproject\bin\debug\netcoreapp3.1\mstestproject.dll" id="a6cfbe23-be53-44b2-81d9-21cc45815689">
      <TestCategory>
        <TestCategoryItem TestCategory="Category1000" />
      </TestCategory>
      <Execution id="95c16886-f1b6-4dd6-a73d-d90bcfd66c23" />
      <TestMethod codeBase="C:\Projekty\MSTestProject\bin\Debug\netcoreapp3.1\MSTestProject.dll" adapterTypeName="executor://mstestadapter/v2" className="TwojeWesele.Services.Helpers.Tests.CurrencyHelperTests" name="FormatToStringTest1000" />
    </UnitTest>
    <UnitTest name="FormatToStringTest1000 (29474.095826699442,29474.10 zł)" storage="c:\projekty\mstestproject\bin\debug\netcoreapp3.1\mstestproject.dll" id="17df0d0a-f486-491e-a929-12179372f24b">
      <TestCategory>
        <TestCategoryItem TestCategory="Category1000" />
      </TestCategory>
      <Execution id="6756d57a-5e79-4e86-8865-9ff22890c4e6" />
      <TestMethod codeBase="C:\Projekty\MSTestProject\bin\Debug\netcoreapp3.1\MSTestProject.dll" adapterTypeName="executor://mstestadapter/v2" className="TwojeWesele.Services.Helpers.Tests.CurrencyHelperTests" name="FormatToStringTest1000" />
    </UnitTest>
    <UnitTest name="FormatToStringTest1000 (29975.4018974022,29975.40 zł)" storage="c:\projekty\mstestproject\bin\debug\netcoreapp3.1\mstestproject.dll" id="f996e239-6ad9-498d-952d-df5bd1864081">
      <TestCategory>
        <TestCategoryItem TestCategory="Category1000" />
      </TestCategory>
      <Execution id="f41364a3-8a11-4a43-944e-1fa86bbbe6c0" />
      <TestMethod codeBase="C:\Projekty\MSTestProject\bin\Debug\netcoreapp3.1\MSTestProject.dll" adapterTypeName="executor://mstestadapter/v2" className="TwojeWesele.Services.Helpers.Tests.CurrencyHelperTests" name="FormatToStringTest1000" />
    </UnitTest>
    <UnitTest name="FormatToStringTest1000 (23980.12943509646,23980.13 zł)" storage="c:\projekty\mstestproject\bin\debug\netcoreapp3.1\mstestproject.dll" id="e733df7e-c855-46a4-abc1-e7de5b2550cc">
      <TestCategory>
        <TestCategoryItem TestCategory="Category1000" />
      </TestCategory>
      <Execution id="d48d996d-4b33-4e3c-8b63-3bc51a385dc0" />
      <TestMethod codeBase="C:\Projekty\MSTestProject\bin\Debug\netcoreapp3.1\MSTestProject.dll" adapterTypeName="executor://mstestadapter/v2" className="TwojeWesele.Services.Helpers.Tests.CurrencyHelperTests" name="FormatToStringTest1000" />
    </UnitTest>
    <UnitTest name="FormatToStringTest1000 (17835.54606576988,17835.55 zł)" storage="c:\projekty\mstestproject\bin\debug\netcoreapp3.1\mstestproject.dll" id="7e53518f-80ad-4a48-af1c-12fd1b384548">
      <TestCategory>
        <TestCategoryItem TestCategory="Category1000" />
      </TestCategory>
      <Execution id="35ae7d11-c4f2-45ae-a97a-a0137b307546" />
      <TestMethod codeBase="C:\Projekty\MSTestProject\bin\Debug\netcoreapp3.1\MSTestProject.dll" adapterTypeName="executor://mstestadapter/v2" className="TwojeWesele.Services.Helpers.Tests.CurrencyHelperTests" name="FormatToStringTest1000" />
    </UnitTest>
    <UnitTest name="FormatToStringTest1000 (806.960597043373,806.96 zł)" storage="c:\projekty\mstestproject\bin\debug\netcoreapp3.1\mstestproject.dll" id="0536e172-06ca-40c1-bfd6-4f09f7c7b82d">
      <TestCategory>
        <TestCategoryItem TestCategory="Category1000" />
      </TestCategory>
      <Execution id="49e2122d-10a3-45b0-86ec-5c203229258b" />
      <TestMethod codeBase="C:\Projekty\MSTestProject\bin\Debug\netcoreapp3.1\MSTestProject.dll" adapterTypeName="executor://mstestadapter/v2" className="TwojeWesele.Services.Helpers.Tests.CurrencyHelperTests" name="FormatToStringTest1000" />
    </UnitTest>
    <UnitTest name="FormatToStringTest1000 (7569.605888796322,7569.61 zł)" storage="c:\projekty\mstestproject\bin\debug\netcoreapp3.1\mstestproject.dll" id="a1254f43-84fd-4960-9cd6-b6c7ce9a562a">
      <TestCategory>
        <TestCategoryItem TestCategory="Category1000" />
      </TestCategory>
      <Execution id="b093e289-1a53-4b08-afb9-a08751d2096c" />
      <TestMethod codeBase="C:\Projekty\MSTestProject\bin\Debug\netcoreapp3.1\MSTestProject.dll" adapterTypeName="executor://mstestadapter/v2" className="TwojeWesele.Services.Helpers.Tests.CurrencyHelperTests" name="FormatToStringTest1000" />
    </UnitTest>
    <UnitTest name="FormatToStringTest1000 (45340.017357165,45340.02 zł)" storage="c:\projekty\mstestproject\bin\debug\netcoreapp3.1\mstestproject.dll" id="b97de2c2-bf31-455c-b082-67f7e201e6f0">
      <TestCategory>
        <TestCategoryItem TestCategory="Category1000" />
      </TestCategory>
      <Execution id="08bcbbc7-1d5b-4e5e-ba41-06579d7ebd72" />
      <TestMethod codeBase="C:\Projekty\MSTestProject\bin\Debug\netcoreapp3.1\MSTestProject.dll" adapterTypeName="executor://mstestadapter/v2" className="TwojeWesele.Services.Helpers.Tests.CurrencyHelperTests" name="FormatToStringTest1000" />
    </UnitTest>
    <UnitTest name="FormatToStringTest1000 (42728.35751444258,42728.36 zł)" storage="c:\projekty\mstestproject\bin\debug\netcoreapp3.1\mstestproject.dll" id="7864fd66-294e-4d22-b422-09401212446a">
      <TestCategory>
        <TestCategoryItem TestCategory="Category1000" />
      </TestCategory>
      <Execution id="64a0f7e4-7376-4151-80f9-4fa175bc196e" />
      <TestMethod codeBase="C:\Projekty\MSTestProject\bin\Debug\netcoreapp3.1\MSTestProject.dll" adapterTypeName="executor://mstestadapter/v2" className="TwojeWesele.Services.Helpers.Tests.CurrencyHelperTests" name="FormatToStringTest1000" />
    </UnitTest>
    <UnitTest name="FormatToStringTest1000 (51632.87002968503,51632.87 zł)" storage="c:\projekty\mstestproject\bin\debug\netcoreapp3.1\mstestproject.dll" id="804e8ff1-1102-4361-8046-51f45b30c50d">
      <TestCategory>
        <TestCategoryItem TestCategory="Category1000" />
      </TestCategory>
      <Execution id="0f77a14d-c429-4cdd-94e6-3a9025c49614" />
      <TestMethod codeBase="C:\Projekty\MSTestProject\bin\Debug\netcoreapp3.1\MSTestProject.dll" adapterTypeName="executor://mstestadapter/v2" className="TwojeWesele.Services.Helpers.Tests.CurrencyHelperTests" name="FormatToStringTest1000" />
    </UnitTest>
    <UnitTest name="FormatToStringTest1000 (13027.93935961739,13027.94 zł)" storage="c:\projekty\mstestproject\bin\debug\netcoreapp3.1\mstestproject.dll" id="aa67f50c-98eb-405e-aab8-ca411ec9d2ea">
      <TestCategory>
        <TestCategoryItem TestCategory="Category1000" />
      </TestCategory>
      <Execution id="4cce5a1c-734b-4c6c-b743-77c0a1d00459" />
      <TestMethod codeBase="C:\Projekty\MSTestProject\bin\Debug\netcoreapp3.1\MSTestProject.dll" adapterTypeName="executor://mstestadapter/v2" className="TwojeWesele.Services.Helpers.Tests.CurrencyHelperTests" name="FormatToStringTest1000" />
    </UnitTest>
    <UnitTest name="FormatToStringTest1000 (32732.81915128502,32732.82 zł)" storage="c:\projekty\mstestproject\bin\debug\netcoreapp3.1\mstestproject.dll" id="ccee983e-494f-4783-8534-c07619555f03">
      <TestCategory>
        <TestCategoryItem TestCategory="Category1000" />
      </TestCategory>
      <Execution id="a4a12ba2-93df-461f-bacd-d6a5eed1cb60" />
      <TestMethod codeBase="C:\Projekty\MSTestProject\bin\Debug\netcoreapp3.1\MSTestProject.dll" adapterTypeName="executor://mstestadapter/v2" className="TwojeWesele.Services.Helpers.Tests.CurrencyHelperTests" name="FormatToStringTest1000" />
    </UnitTest>
    <UnitTest name="FormatToStringTest1000 (1669.555150571072,1669.56 zł)" storage="c:\projekty\mstestproject\bin\debug\netcoreapp3.1\mstestproject.dll" id="5c560fd9-0c4e-4bc4-b4d5-d6b3e1b0e5d1">
      <TestCategory>
        <TestCategoryItem TestCategory="Category1000" />
      </TestCategory>
      <Execution id="7a221d48-d872-41f2-8cdc-92462f484b45" />
      <TestMethod codeBase="C:\Projekty\MSTestProject\bin\Debug\netcoreapp3.1\MSTestProject.dll" adapterTypeName="executor://mstestadapter/v2" className="TwojeWesele.Services.Helpers.Tests.CurrencyHelperTests" name="FormatToStringTest1000" />
    </UnitTest>
    <UnitTest name="FormatToStringTest1000 (16037.01783290087,16037.02 zł)" storage="c:\projekty\mstestproject\bin\debug\netcoreapp3.1\mstestproject.dll" id="3af406e1-ebae-4518-9316-edbd7ca481d1">
      <TestCategory>
        <TestCategoryItem TestCategory="Category1000" />
      </TestCategory>
      <Execution id="d5212471-96a2-48b8-9e6b-58ef471dd683" />
      <TestMethod codeBase="C:\Projekty\MSTestProject\bin\Debug\netcoreapp3.1\MSTestProject.dll" adapterTypeName="executor://mstestadapter/v2" className="TwojeWesele.Services.Helpers.Tests.CurrencyHelperTests" name="FormatToStringTest1000" />
    </UnitTest>
    <UnitTest name="FormatToStringTest1000 (28579.14698705503,28579.15 zł)" storage="c:\projekty\mstestproject\bin\debug\netcoreapp3.1\mstestproject.dll" id="23aaeebd-29cd-4402-a6d5-dd9d3bdb94e9">
      <TestCategory>
        <TestCategoryItem TestCategory="Category1000" />
      </TestCategory>
      <Execution id="6bc8eecb-d7b0-4dde-b3b2-28070853986d" />
      <TestMethod codeBase="C:\Projekty\MSTestProject\bin\Debug\netcoreapp3.1\MSTestProject.dll" adapterTypeName="executor://mstestadapter/v2" className="TwojeWesele.Services.Helpers.Tests.CurrencyHelperTests" name="FormatToStringTest1000" />
    </UnitTest>
    <UnitTest name="FormatToStringTest1000 (19796.212103914568,19796.21 zł)" storage="c:\projekty\mstestproject\bin\debug\netcoreapp3.1\mstestproject.dll" id="43d1420a-6197-4b07-b237-5f344056be2a">
      <TestCategory>
        <TestCategoryItem TestCategory="Category1000" />
      </TestCategory>
      <Execution id="147b8e74-b67b-4842-a506-2e222286b742" />
      <TestMethod codeBase="C:\Projekty\MSTestProject\bin\Debug\netcoreapp3.1\MSTestProject.dll" adapterTypeName="executor://mstestadapter/v2" className="TwojeWesele.Services.Helpers.Tests.CurrencyHelperTests" name="FormatToStringTest1000" />
    </UnitTest>
    <UnitTest name="FormatToStringTest1000 (20497.107923553376,20497.11 zł)" storage="c:\projekty\mstestproject\bin\debug\netcoreapp3.1\mstestproject.dll" id="89218536-d752-4443-9f6f-88a35fdfb936">
      <TestCategory>
        <TestCategoryItem TestCategory="Category1000" />
      </TestCategory>
      <Execution id="009efcc8-624a-4210-a372-250a1d4d5bd2" />
      <TestMethod codeBase="C:\Projekty\MSTestProject\bin\Debug\netcoreapp3.1\MSTestProject.dll" adapterTypeName="executor://mstestadapter/v2" className="TwojeWesele.Services.Helpers.Tests.CurrencyHelperTests" name="FormatToStringTest1000" />
    </UnitTest>
    <UnitTest name="FormatToStringTest1000 (657.5396922647672,657.54 zł)" storage="c:\projekty\mstestproject\bin\debug\netcoreapp3.1\mstestproject.dll" id="d9c16376-ab53-4f01-b7f5-47d7b6035810">
      <TestCategory>
        <TestCategoryItem TestCategory="Category1000" />
      </TestCategory>
      <Execution id="19d9a397-9d33-4541-81e3-a7ad173f4176" />
      <TestMethod codeBase="C:\Projekty\MSTestProject\bin\Debug\netcoreapp3.1\MSTestProject.dll" adapterTypeName="executor://mstestadapter/v2" className="TwojeWesele.Services.Helpers.Tests.CurrencyHelperTests" name="FormatToStringTest1000" />
    </UnitTest>
    <UnitTest name="FormatToStringTest1000 (24251.68593564848,24251.69 zł)" storage="c:\projekty\mstestproject\bin\debug\netcoreapp3.1\mstestproject.dll" id="36c7b8a4-6a53-4b3a-88af-9d92b037bb9b">
      <TestCategory>
        <TestCategoryItem TestCategory="Category1000" />
      </TestCategory>
      <Execution id="6613c7fd-4f70-43cd-ae08-6d294a3ac902" />
      <TestMethod codeBase="C:\Projekty\MSTestProject\bin\Debug\netcoreapp3.1\MSTestProject.dll" adapterTypeName="executor://mstestadapter/v2" className="TwojeWesele.Services.Helpers.Tests.CurrencyHelperTests" name="FormatToStringTest1000" />
    </UnitTest>
    <UnitTest name="FormatToStringTest1000 (736.7398243680316,736.74 zł)" storage="c:\projekty\mstestproject\bin\debug\netcoreapp3.1\mstestproject.dll" id="f8055355-1cd4-426f-b203-5aaa04742aa2">
      <TestCategory>
        <TestCategoryItem TestCategory="Category1000" />
      </TestCategory>
      <Execution id="05b741be-dc27-4f7a-9bf3-83b9c87dd3ec" />
      <TestMethod codeBase="C:\Projekty\MSTestProject\bin\Debug\netcoreapp3.1\MSTestProject.dll" adapterTypeName="executor://mstestadapter/v2" className="TwojeWesele.Services.Helpers.Tests.CurrencyHelperTests" name="FormatToStringTest1000" />
    </UnitTest>
    <UnitTest name="FormatToStringTest1000 (54678.59301593089,54678.59 zł)" storage="c:\projekty\mstestproject\bin\debug\netcoreapp3.1\mstestproject.dll" id="335d4ad4-3ffd-4f64-b7d5-f3f31d5297f9">
      <TestCategory>
        <TestCategoryItem TestCategory="Category1000" />
      </TestCategory>
      <Execution id="96f636bf-67c8-4be1-9244-0b0205beb99a" />
      <TestMethod codeBase="C:\Projekty\MSTestProject\bin\Debug\netcoreapp3.1\MSTestProject.dll" adapterTypeName="executor://mstestadapter/v2" className="TwojeWesele.Services.Helpers.Tests.CurrencyHelperTests" name="FormatToStringTest1000" />
    </UnitTest>
    <UnitTest name="FormatToStringTest1000 (36893.66238331593,36893.66 zł)" storage="c:\projekty\mstestproject\bin\debug\netcoreapp3.1\mstestproject.dll" id="5fd871d9-958e-4b8d-8733-0baa6ab2678a">
      <TestCategory>
        <TestCategoryItem TestCategory="Category1000" />
      </TestCategory>
      <Execution id="c9aee4c6-3187-498a-96cd-6fb2ab2bfd05" />
      <TestMethod codeBase="C:\Projekty\MSTestProject\bin\Debug\netcoreapp3.1\MSTestProject.dll" adapterTypeName="executor://mstestadapter/v2" className="TwojeWesele.Services.Helpers.Tests.CurrencyHelperTests" name="FormatToStringTest1000" />
    </UnitTest>
    <UnitTest name="FormatToStringTest1000 (28583.827618148098,28583.83 zł)" storage="c:\projekty\mstestproject\bin\debug\netcoreapp3.1\mstestproject.dll" id="56af5e56-757a-488a-8e57-938fcc6647e0">
      <TestCategory>
        <TestCategoryItem TestCategory="Category1000" />
      </TestCategory>
      <Execution id="dee5e5b5-8c3c-449f-94c9-230cb9945243" />
      <TestMethod codeBase="C:\Projekty\MSTestProject\bin\Debug\netcoreapp3.1\MSTestProject.dll" adapterTypeName="executor://mstestadapter/v2" className="TwojeWesele.Services.Helpers.Tests.CurrencyHelperTests" name="FormatToStringTest1000" />
    </UnitTest>
    <UnitTest name="FormatToStringTest1000 (50413.517583300134,50413.52 zł)" storage="c:\projekty\mstestproject\bin\debug\netcoreapp3.1\mstestproject.dll" id="4e9a0c80-1bc3-4a86-84d4-4961d951dbde">
      <TestCategory>
        <TestCategoryItem TestCategory="Category1000" />
      </TestCategory>
      <Execution id="ba2546c1-ba00-40da-8a74-8fa317850759" />
      <TestMethod codeBase="C:\Projekty\MSTestProject\bin\Debug\netcoreapp3.1\MSTestProject.dll" adapterTypeName="executor://mstestadapter/v2" className="TwojeWesele.Services.Helpers.Tests.CurrencyHelperTests" name="FormatToStringTest1000" />
    </UnitTest>
    <UnitTest name="FormatToStringTest1000 (39146.635743126564,39146.64 zł)" storage="c:\projekty\mstestproject\bin\debug\netcoreapp3.1\mstestproject.dll" id="3007b094-193b-4121-b995-e7f1dbcf9627">
      <TestCategory>
        <TestCategoryItem TestCategory="Category1000" />
      </TestCategory>
      <Execution id="5aa75ccb-9046-4caf-b923-6f762d2ba1a8" />
      <TestMethod codeBase="C:\Projekty\MSTestProject\bin\Debug\netcoreapp3.1\MSTestProject.dll" adapterTypeName="executor://mstestadapter/v2" className="TwojeWesele.Services.Helpers.Tests.CurrencyHelperTests" name="FormatToStringTest1000" />
    </UnitTest>
    <UnitTest name="FormatToStringTest1000 (9843.625240445894,9843.63 zł)" storage="c:\projekty\mstestproject\bin\debug\netcoreapp3.1\mstestproject.dll" id="ea683e10-ffd8-47c9-991e-865ad09f5536">
      <TestCategory>
        <TestCategoryItem TestCategory="Category1000" />
      </TestCategory>
      <Execution id="d2bde369-50ae-4587-99ec-64dec5366ca0" />
      <TestMethod codeBase="C:\Projekty\MSTestProject\bin\Debug\netcoreapp3.1\MSTestProject.dll" adapterTypeName="executor://mstestadapter/v2" className="TwojeWesele.Services.Helpers.Tests.CurrencyHelperTests" name="FormatToStringTest1000" />
    </UnitTest>
    <UnitTest name="FormatToStringTest1000 (24768.25771770359,24768.26 zł)" storage="c:\projekty\mstestproject\bin\debug\netcoreapp3.1\mstestproject.dll" id="f34e3c34-3a95-46c5-a5f6-a73910b3f373">
      <TestCategory>
        <TestCategoryItem TestCategory="Category1000" />
      </TestCategory>
      <Execution id="f6580851-a8cd-49de-9a49-23f8fd4c35e7" />
      <TestMethod codeBase="C:\Projekty\MSTestProject\bin\Debug\netcoreapp3.1\MSTestProject.dll" adapterTypeName="executor://mstestadapter/v2" className="TwojeWesele.Services.Helpers.Tests.CurrencyHelperTests" name="FormatToStringTest1000" />
    </UnitTest>
    <UnitTest name="FormatToStringTest1000 (4592.278577496428,4592.28 zł)" storage="c:\projekty\mstestproject\bin\debug\netcoreapp3.1\mstestproject.dll" id="a13689eb-46fb-4698-b37e-0cd01b6fa4e1">
      <TestCategory>
        <TestCategoryItem TestCategory="Category1000" />
      </TestCategory>
      <Execution id="c893453c-4899-45df-9ac2-03b336b750a8" />
      <TestMethod codeBase="C:\Projekty\MSTestProject\bin\Debug\netcoreapp3.1\MSTestProject.dll" adapterTypeName="executor://mstestadapter/v2" className="TwojeWesele.Services.Helpers.Tests.CurrencyHelperTests" name="FormatToStringTest1000" />
    </UnitTest>
    <UnitTest name="FormatToStringTest1000 (20445.11280083149,20445.11 zł)" storage="c:\projekty\mstestproject\bin\debug\netcoreapp3.1\mstestproject.dll" id="a35e5842-e0d5-45bc-b309-2eb7f7a1e917">
      <TestCategory>
        <TestCategoryItem TestCategory="Category1000" />
      </TestCategory>
      <Execution id="ee8feb61-aa09-407b-b4ba-8559a3f19ac1" />
      <TestMethod codeBase="C:\Projekty\MSTestProject\bin\Debug\netcoreapp3.1\MSTestProject.dll" adapterTypeName="executor://mstestadapter/v2" className="TwojeWesele.Services.Helpers.Tests.CurrencyHelperTests" name="FormatToStringTest1000" />
    </UnitTest>
    <UnitTest name="FormatToStringTest1000 (24308.26523149212,24308.27 zł)" storage="c:\projekty\mstestproject\bin\debug\netcoreapp3.1\mstestproject.dll" id="3b96c429-49f8-48b7-873c-f1259e018c0b">
      <TestCategory>
        <TestCategoryItem TestCategory="Category1000" />
      </TestCategory>
      <Execution id="82fc94fa-5f9c-41c5-b1cd-d4c16d5c8d93" />
      <TestMethod codeBase="C:\Projekty\MSTestProject\bin\Debug\netcoreapp3.1\MSTestProject.dll" adapterTypeName="executor://mstestadapter/v2" className="TwojeWesele.Services.Helpers.Tests.CurrencyHelperTests" name="FormatToStringTest1000" />
    </UnitTest>
    <UnitTest name="FormatToStringTest1000 (68011.49219071423,68011.49 zł)" storage="c:\projekty\mstestproject\bin\debug\netcoreapp3.1\mstestproject.dll" id="c159d37c-12eb-4d5c-9359-7ff041d9d8ab">
      <TestCategory>
        <TestCategoryItem TestCategory="Category1000" />
      </TestCategory>
      <Execution id="9cf207c7-fc85-4e03-a1c9-c80b3eb6a000" />
      <TestMethod codeBase="C:\Projekty\MSTestProject\bin\Debug\netcoreapp3.1\MSTestProject.dll" adapterTypeName="executor://mstestadapter/v2" className="TwojeWesele.Services.Helpers.Tests.CurrencyHelperTests" name="FormatToStringTest1000" />
    </UnitTest>
    <UnitTest name="FormatToStringTest1000 (30126.012320622805,30126.01 zł)" storage="c:\projekty\mstestproject\bin\debug\netcoreapp3.1\mstestproject.dll" id="1eb6556d-c2b3-44ad-87a8-502674c4bd7e">
      <TestCategory>
        <TestCategoryItem TestCategory="Category1000" />
      </TestCategory>
      <Execution id="fbd16f31-11b0-4597-a53a-607b9022fa78" />
      <TestMethod codeBase="C:\Projekty\MSTestProject\bin\Debug\netcoreapp3.1\MSTestProject.dll" adapterTypeName="executor://mstestadapter/v2" className="TwojeWesele.Services.Helpers.Tests.CurrencyHelperTests" name="FormatToStringTest1000" />
    </UnitTest>
    <UnitTest name="FormatToStringTest1000 (15841.26419853478,15841.26 zł)" storage="c:\projekty\mstestproject\bin\debug\netcoreapp3.1\mstestproject.dll" id="fd322dcc-d86b-48df-92a9-5182b17e67f2">
      <TestCategory>
        <TestCategoryItem TestCategory="Category1000" />
      </TestCategory>
      <Execution id="3279ed4c-b56f-4c57-95e5-3e6d067d6b15" />
      <TestMethod codeBase="C:\Projekty\MSTestProject\bin\Debug\netcoreapp3.1\MSTestProject.dll" adapterTypeName="executor://mstestadapter/v2" className="TwojeWesele.Services.Helpers.Tests.CurrencyHelperTests" name="FormatToStringTest1000" />
    </UnitTest>
    <UnitTest name="FormatToStringTest1000 (82228.32322510486,82228.32 zł)" storage="c:\projekty\mstestproject\bin\debug\netcoreapp3.1\mstestproject.dll" id="7ec9b633-aa42-4395-b17c-50b519dd739e">
      <TestCategory>
        <TestCategoryItem TestCategory="Category1000" />
      </TestCategory>
      <Execution id="06ede9c0-de1e-4ecc-8861-cf3749643d72" />
      <TestMethod codeBase="C:\Projekty\MSTestProject\bin\Debug\netcoreapp3.1\MSTestProject.dll" adapterTypeName="executor://mstestadapter/v2" className="TwojeWesele.Services.Helpers.Tests.CurrencyHelperTests" name="FormatToStringTest1000" />
    </UnitTest>
    <UnitTest name="FormatToStringTest1000 (64887.45559046951,64887.46 zł)" storage="c:\projekty\mstestproject\bin\debug\netcoreapp3.1\mstestproject.dll" id="688534e8-5a40-4b32-aa30-a0115d952ec4">
      <TestCategory>
        <TestCategoryItem TestCategory="Category1000" />
      </TestCategory>
      <Execution id="71bcf267-c19a-49d1-9d75-375f404bff70" />
      <TestMethod codeBase="C:\Projekty\MSTestProject\bin\Debug\netcoreapp3.1\MSTestProject.dll" adapterTypeName="executor://mstestadapter/v2" className="TwojeWesele.Services.Helpers.Tests.CurrencyHelperTests" name="FormatToStringTest1000" />
    </UnitTest>
    <UnitTest name="FormatToStringTest1000 (19071.681252896637,19071.68 zł)" storage="c:\projekty\mstestproject\bin\debug\netcoreapp3.1\mstestproject.dll" id="60720f9e-17d0-41b6-9272-55e042aa5646">
      <TestCategory>
        <TestCategoryItem TestCategory="Category1000" />
      </TestCategory>
      <Execution id="ae158468-b1ac-4295-9fc2-f99dde2ec3d3" />
      <TestMethod codeBase="C:\Projekty\MSTestProject\bin\Debug\netcoreapp3.1\MSTestProject.dll" adapterTypeName="executor://mstestadapter/v2" className="TwojeWesele.Services.Helpers.Tests.CurrencyHelperTests" name="FormatToStringTest1000" />
    </UnitTest>
    <UnitTest name="FormatToStringTest1000 (20249.56614074277,20249.57 zł)" storage="c:\projekty\mstestproject\bin\debug\netcoreapp3.1\mstestproject.dll" id="908a926f-05a0-490e-b275-7d1b568ffe83">
      <TestCategory>
        <TestCategoryItem TestCategory="Category1000" />
      </TestCategory>
      <Execution id="fbbc6204-e40e-4c40-b8a6-4b0626a202e2" />
      <TestMethod codeBase="C:\Projekty\MSTestProject\bin\Debug\netcoreapp3.1\MSTestProject.dll" adapterTypeName="executor://mstestadapter/v2" className="TwojeWesele.Services.Helpers.Tests.CurrencyHelperTests" name="FormatToStringTest1000" />
    </UnitTest>
    <UnitTest name="FormatToStringTest1000 (7407.385606687696,7407.39 zł)" storage="c:\projekty\mstestproject\bin\debug\netcoreapp3.1\mstestproject.dll" id="9c1bbb8b-802c-468f-b8d9-297772f4c2fd">
      <TestCategory>
        <TestCategoryItem TestCategory="Category1000" />
      </TestCategory>
      <Execution id="4ee81382-c5c2-4129-9875-e753ce1a1fa4" />
      <TestMethod codeBase="C:\Projekty\MSTestProject\bin\Debug\netcoreapp3.1\MSTestProject.dll" adapterTypeName="executor://mstestadapter/v2" className="TwojeWesele.Services.Helpers.Tests.CurrencyHelperTests" name="FormatToStringTest1000" />
    </UnitTest>
    <UnitTest name="FormatToStringTest1000 (5507.360659962688,5507.36 zł)" storage="c:\projekty\mstestproject\bin\debug\netcoreapp3.1\mstestproject.dll" id="c73ad213-f6e8-463e-8f8d-0714e782721d">
      <TestCategory>
        <TestCategoryItem TestCategory="Category1000" />
      </TestCategory>
      <Execution id="6d20f543-2717-42e5-ab11-3939c55fa460" />
      <TestMethod codeBase="C:\Projekty\MSTestProject\bin\Debug\netcoreapp3.1\MSTestProject.dll" adapterTypeName="executor://mstestadapter/v2" className="TwojeWesele.Services.Helpers.Tests.CurrencyHelperTests" name="FormatToStringTest1000" />
    </UnitTest>
    <UnitTest name="FormatToStringTest1000 (18596.12661189033,18596.13 zł)" storage="c:\projekty\mstestproject\bin\debug\netcoreapp3.1\mstestproject.dll" id="8667b31a-37bf-4420-b139-b9cb330d47f1">
      <TestCategory>
        <TestCategoryItem TestCategory="Category1000" />
      </TestCategory>
      <Execution id="d35544b5-7cfa-4bd3-914f-87e19c520371" />
      <TestMethod codeBase="C:\Projekty\MSTestProject\bin\Debug\netcoreapp3.1\MSTestProject.dll" adapterTypeName="executor://mstestadapter/v2" className="TwojeWesele.Services.Helpers.Tests.CurrencyHelperTests" name="FormatToStringTest1000" />
    </UnitTest>
    <UnitTest name="FormatToStringTest1000 (48428.38681602682,48428.39 zł)" storage="c:\projekty\mstestproject\bin\debug\netcoreapp3.1\mstestproject.dll" id="7adafde2-40ba-4580-934d-b6f574ec2d19">
      <TestCategory>
        <TestCategoryItem TestCategory="Category1000" />
      </TestCategory>
      <Execution id="058872ae-7dd3-4a0a-9859-73c7b1ff95e3" />
      <TestMethod codeBase="C:\Projekty\MSTestProject\bin\Debug\netcoreapp3.1\MSTestProject.dll" adapterTypeName="executor://mstestadapter/v2" className="TwojeWesele.Services.Helpers.Tests.CurrencyHelperTests" name="FormatToStringTest1000" />
    </UnitTest>
    <UnitTest name="FormatToStringTest1000 (29845.02749849345,29845.03 zł)" storage="c:\projekty\mstestproject\bin\debug\netcoreapp3.1\mstestproject.dll" id="f26dbe85-f9bd-4ddb-9b69-7bd69d7ef0c7">
      <TestCategory>
        <TestCategoryItem TestCategory="Category1000" />
      </TestCategory>
      <Execution id="a8a76f59-4db5-4fe3-9f44-c15df281ed54" />
      <TestMethod codeBase="C:\Projekty\MSTestProject\bin\Debug\netcoreapp3.1\MSTestProject.dll" adapterTypeName="executor://mstestadapter/v2" className="TwojeWesele.Services.Helpers.Tests.CurrencyHelperTests" name="FormatToStringTest1000" />
    </UnitTest>
    <UnitTest name="FormatToStringTest1000 (26215.613055301183,26215.61 zł)" storage="c:\projekty\mstestproject\bin\debug\netcoreapp3.1\mstestproject.dll" id="3d3219b0-ae33-4b18-952f-63bcd93e8097">
      <TestCategory>
        <TestCategoryItem TestCategory="Category1000" />
      </TestCategory>
      <Execution id="2b08428b-780d-4836-940f-e9258c3424ba" />
      <TestMethod codeBase="C:\Projekty\MSTestProject\bin\Debug\netcoreapp3.1\MSTestProject.dll" adapterTypeName="executor://mstestadapter/v2" className="TwojeWesele.Services.Helpers.Tests.CurrencyHelperTests" name="FormatToStringTest1000" />
    </UnitTest>
    <UnitTest name="FormatToStringTest1000 (1328.353302088265,1328.35 zł)" storage="c:\projekty\mstestproject\bin\debug\netcoreapp3.1\mstestproject.dll" id="57816302-6ebb-48d6-a15e-65619216386b">
      <TestCategory>
        <TestCategoryItem TestCategory="Category1000" />
      </TestCategory>
      <Execution id="84748b40-d913-4893-bc8a-087ac0668d52" />
      <TestMethod codeBase="C:\Projekty\MSTestProject\bin\Debug\netcoreapp3.1\MSTestProject.dll" adapterTypeName="executor://mstestadapter/v2" className="TwojeWesele.Services.Helpers.Tests.CurrencyHelperTests" name="FormatToStringTest1000" />
    </UnitTest>
    <UnitTest name="FormatToStringTest1000 (70771.4436677524,70771.44 zł)" storage="c:\projekty\mstestproject\bin\debug\netcoreapp3.1\mstestproject.dll" id="222f8907-e7ce-470a-9e55-b1f05b81e12a">
      <TestCategory>
        <TestCategoryItem TestCategory="Category1000" />
      </TestCategory>
      <Execution id="0852b7f7-730d-42fe-8695-682682db41cd" />
      <TestMethod codeBase="C:\Projekty\MSTestProject\bin\Debug\netcoreapp3.1\MSTestProject.dll" adapterTypeName="executor://mstestadapter/v2" className="TwojeWesele.Services.Helpers.Tests.CurrencyHelperTests" name="FormatToStringTest1000" />
    </UnitTest>
    <UnitTest name="FormatToStringTest1000 (33206.73122987837,33206.73 zł)" storage="c:\projekty\mstestproject\bin\debug\netcoreapp3.1\mstestproject.dll" id="84ad1302-8426-478d-9ae2-0f103501ff97">
      <TestCategory>
        <TestCategoryItem TestCategory="Category1000" />
      </TestCategory>
      <Execution id="e4a5b285-c81f-40a5-9b05-3a0dd8a21ffc" />
      <TestMethod codeBase="C:\Projekty\MSTestProject\bin\Debug\netcoreapp3.1\MSTestProject.dll" adapterTypeName="executor://mstestadapter/v2" className="TwojeWesele.Services.Helpers.Tests.CurrencyHelperTests" name="FormatToStringTest1000" />
    </UnitTest>
    <UnitTest name="FormatToStringTest1000 (11871.427211910219,11871.43 zł)" storage="c:\projekty\mstestproject\bin\debug\netcoreapp3.1\mstestproject.dll" id="e98ebd92-28b5-4f12-8307-5eaf1ef9b8d5">
      <TestCategory>
        <TestCategoryItem TestCategory="Category1000" />
      </TestCategory>
      <Execution id="094046a9-53af-4317-a45a-afabd6fa69bf" />
      <TestMethod codeBase="C:\Projekty\MSTestProject\bin\Debug\netcoreapp3.1\MSTestProject.dll" adapterTypeName="executor://mstestadapter/v2" className="TwojeWesele.Services.Helpers.Tests.CurrencyHelperTests" name="FormatToStringTest1000" />
    </UnitTest>
    <UnitTest name="FormatToStringTest1000 (69373.32129976773,69373.32 zł)" storage="c:\projekty\mstestproject\bin\debug\netcoreapp3.1\mstestproject.dll" id="abc87e31-25e6-4e4c-bbb3-170b0e03ef4c">
      <TestCategory>
        <TestCategoryItem TestCategory="Category1000" />
      </TestCategory>
      <Execution id="c197469c-175a-4090-bfbc-724111de98d1" />
      <TestMethod codeBase="C:\Projekty\MSTestProject\bin\Debug\netcoreapp3.1\MSTestProject.dll" adapterTypeName="executor://mstestadapter/v2" className="TwojeWesele.Services.Helpers.Tests.CurrencyHelperTests" name="FormatToStringTest1000" />
    </UnitTest>
    <UnitTest name="FormatToStringTest1000 (47672.66266041652,47672.66 zł)" storage="c:\projekty\mstestproject\bin\debug\netcoreapp3.1\mstestproject.dll" id="d0aaa640-2509-42ae-acab-4f7e407fd5e4">
      <TestCategory>
        <TestCategoryItem TestCategory="Category1000" />
      </TestCategory>
      <Execution id="b82c0843-716a-42ef-b0e0-37f5ce34ea6c" />
      <TestMethod codeBase="C:\Projekty\MSTestProject\bin\Debug\netcoreapp3.1\MSTestProject.dll" adapterTypeName="executor://mstestadapter/v2" className="TwojeWesele.Services.Helpers.Tests.CurrencyHelperTests" name="FormatToStringTest1000" />
    </UnitTest>
    <UnitTest name="FormatToStringTest1000 (30071.004434484523,30071.00 zł)" storage="c:\projekty\mstestproject\bin\debug\netcoreapp3.1\mstestproject.dll" id="45ec712f-abea-48bf-acb7-d24eef9211ed">
      <TestCategory>
        <TestCategoryItem TestCategory="Category1000" />
      </TestCategory>
      <Execution id="8e1adbdf-ee69-486d-a749-e25766184c87" />
      <TestMethod codeBase="C:\Projekty\MSTestProject\bin\Debug\netcoreapp3.1\MSTestProject.dll" adapterTypeName="executor://mstestadapter/v2" className="TwojeWesele.Services.Helpers.Tests.CurrencyHelperTests" name="FormatToStringTest1000" />
    </UnitTest>
    <UnitTest name="FormatToStringTest1000 (30383.303633991305,30383.30 zł)" storage="c:\projekty\mstestproject\bin\debug\netcoreapp3.1\mstestproject.dll" id="156a0ddd-e94a-46de-9410-bc55a153a7be">
      <TestCategory>
        <TestCategoryItem TestCategory="Category1000" />
      </TestCategory>
      <Execution id="d8ab1dde-c16f-4de0-916d-6c5e0f310fe4" />
      <TestMethod codeBase="C:\Projekty\MSTestProject\bin\Debug\netcoreapp3.1\MSTestProject.dll" adapterTypeName="executor://mstestadapter/v2" className="TwojeWesele.Services.Helpers.Tests.CurrencyHelperTests" name="FormatToStringTest1000" />
    </UnitTest>
    <UnitTest name="FormatToStringTest1000 (6262.373413993219,6262.37 zł)" storage="c:\projekty\mstestproject\bin\debug\netcoreapp3.1\mstestproject.dll" id="3f49b2cf-44d0-4df3-8ddb-30fb59ba5770">
      <TestCategory>
        <TestCategoryItem TestCategory="Category1000" />
      </TestCategory>
      <Execution id="07507759-d851-4797-8ada-2d21b4c2ed11" />
      <TestMethod codeBase="C:\Projekty\MSTestProject\bin\Debug\netcoreapp3.1\MSTestProject.dll" adapterTypeName="executor://mstestadapter/v2" className="TwojeWesele.Services.Helpers.Tests.CurrencyHelperTests" name="FormatToStringTest1000" />
    </UnitTest>
    <UnitTest name="FormatToStringTest1000 (25440.18371476614,25440.18 zł)" storage="c:\projekty\mstestproject\bin\debug\netcoreapp3.1\mstestproject.dll" id="f841cfc2-1575-400e-b22f-b8a9e3ab853c">
      <TestCategory>
        <TestCategoryItem TestCategory="Category1000" />
      </TestCategory>
      <Execution id="8396aa0e-4369-40f7-b1da-da54b11ed5fe" />
      <TestMethod codeBase="C:\Projekty\MSTestProject\bin\Debug\netcoreapp3.1\MSTestProject.dll" adapterTypeName="executor://mstestadapter/v2" className="TwojeWesele.Services.Helpers.Tests.CurrencyHelperTests" name="FormatToStringTest1000" />
    </UnitTest>
    <UnitTest name="FormatToStringTest1000 (19085.023282992664,19085.02 zł)" storage="c:\projekty\mstestproject\bin\debug\netcoreapp3.1\mstestproject.dll" id="1f9abb10-2fe1-4aaf-bc34-f19e2dfc4149">
      <TestCategory>
        <TestCategoryItem TestCategory="Category1000" />
      </TestCategory>
      <Execution id="deffe999-f5ce-4e00-a894-bfc81be5c689" />
      <TestMethod codeBase="C:\Projekty\MSTestProject\bin\Debug\netcoreapp3.1\MSTestProject.dll" adapterTypeName="executor://mstestadapter/v2" className="TwojeWesele.Services.Helpers.Tests.CurrencyHelperTests" name="FormatToStringTest1000" />
    </UnitTest>
    <UnitTest name="FormatToStringTest1000 (48084.94422955389,48084.94 zł)" storage="c:\projekty\mstestproject\bin\debug\netcoreapp3.1\mstestproject.dll" id="2c045aa8-5e8b-4601-aaa0-7778821d11b6">
      <TestCategory>
        <TestCategoryItem TestCategory="Category1000" />
      </TestCategory>
      <Execution id="1f62ed43-e1f0-4cd4-bf07-ae91d02f698e" />
      <TestMethod codeBase="C:\Projekty\MSTestProject\bin\Debug\netcoreapp3.1\MSTestProject.dll" adapterTypeName="executor://mstestadapter/v2" className="TwojeWesele.Services.Helpers.Tests.CurrencyHelperTests" name="FormatToStringTest1000" />
    </UnitTest>
    <UnitTest name="FormatToStringTest1000 (726.8087564975995,726.81 zł)" storage="c:\projekty\mstestproject\bin\debug\netcoreapp3.1\mstestproject.dll" id="c7c872ba-fa65-47e3-baac-63a1b7a6a4b4">
      <TestCategory>
        <TestCategoryItem TestCategory="Category1000" />
      </TestCategory>
      <Execution id="9bacc55e-141a-4ca9-8128-42ac224f3d71" />
      <TestMethod codeBase="C:\Projekty\MSTestProject\bin\Debug\netcoreapp3.1\MSTestProject.dll" adapterTypeName="executor://mstestadapter/v2" className="TwojeWesele.Services.Helpers.Tests.CurrencyHelperTests" name="FormatToStringTest1000" />
    </UnitTest>
    <UnitTest name="FormatToStringTest1000 (25376.6225052097,25376.62 zł)" storage="c:\projekty\mstestproject\bin\debug\netcoreapp3.1\mstestproject.dll" id="ca4a56e7-8e12-4c9d-be56-040a8e532e74">
      <TestCategory>
        <TestCategoryItem TestCategory="Category1000" />
      </TestCategory>
      <Execution id="b1cb6078-fd65-4eab-af6d-f7d70b47e635" />
      <TestMethod codeBase="C:\Projekty\MSTestProject\bin\Debug\netcoreapp3.1\MSTestProject.dll" adapterTypeName="executor://mstestadapter/v2" className="TwojeWesele.Services.Helpers.Tests.CurrencyHelperTests" name="FormatToStringTest1000" />
    </UnitTest>
    <UnitTest name="FormatToStringTest1000 (12949.590713378317,12949.59 zł)" storage="c:\projekty\mstestproject\bin\debug\netcoreapp3.1\mstestproject.dll" id="7c97b82a-b918-4b49-bbc4-c0f4535fa704">
      <TestCategory>
        <TestCategoryItem TestCategory="Category1000" />
      </TestCategory>
      <Execution id="a6ac9909-f9b5-40d5-820f-ba368f0a5671" />
      <TestMethod codeBase="C:\Projekty\MSTestProject\bin\Debug\netcoreapp3.1\MSTestProject.dll" adapterTypeName="executor://mstestadapter/v2" className="TwojeWesele.Services.Helpers.Tests.CurrencyHelperTests" name="FormatToStringTest1000" />
    </UnitTest>
    <UnitTest name="FormatToStringTest1000 (28155.26504817664,28155.27 zł)" storage="c:\projekty\mstestproject\bin\debug\netcoreapp3.1\mstestproject.dll" id="9f24cb8a-21d5-4dfe-8bf8-2cec461c5fa8">
      <TestCategory>
        <TestCategoryItem TestCategory="Category1000" />
      </TestCategory>
      <Execution id="538c45f9-6c13-4d4c-8ed7-2a87a6755bd3" />
      <TestMethod codeBase="C:\Projekty\MSTestProject\bin\Debug\netcoreapp3.1\MSTestProject.dll" adapterTypeName="executor://mstestadapter/v2" className="TwojeWesele.Services.Helpers.Tests.CurrencyHelperTests" name="FormatToStringTest1000" />
    </UnitTest>
    <UnitTest name="FormatToStringTest1000 (30020.248557890412,30020.25 zł)" storage="c:\projekty\mstestproject\bin\debug\netcoreapp3.1\mstestproject.dll" id="7f30a204-f694-4718-b6f0-2e240c82076c">
      <TestCategory>
        <TestCategoryItem TestCategory="Category1000" />
      </TestCategory>
      <Execution id="98fbb230-911b-4a58-80ef-0a545b4f6f59" />
      <TestMethod codeBase="C:\Projekty\MSTestProject\bin\Debug\netcoreapp3.1\MSTestProject.dll" adapterTypeName="executor://mstestadapter/v2" className="TwojeWesele.Services.Helpers.Tests.CurrencyHelperTests" name="FormatToStringTest1000" />
    </UnitTest>
    <UnitTest name="FormatToStringTest1000 (32359.431438434138,32359.43 zł)" storage="c:\projekty\mstestproject\bin\debug\netcoreapp3.1\mstestproject.dll" id="b76f2324-ec48-4e02-b238-5aeb1854041d">
      <TestCategory>
        <TestCategoryItem TestCategory="Category1000" />
      </TestCategory>
      <Execution id="5f42d529-a50a-4c23-8141-496ac85f8489" />
      <TestMethod codeBase="C:\Projekty\MSTestProject\bin\Debug\netcoreapp3.1\MSTestProject.dll" adapterTypeName="executor://mstestadapter/v2" className="TwojeWesele.Services.Helpers.Tests.CurrencyHelperTests" name="FormatToStringTest1000" />
    </UnitTest>
    <UnitTest name="FormatToStringTest1000 (14712.754747761765,14712.75 zł)" storage="c:\projekty\mstestproject\bin\debug\netcoreapp3.1\mstestproject.dll" id="c409b3c5-92ad-4562-a745-3d240859a2f9">
      <TestCategory>
        <TestCategoryItem TestCategory="Category1000" />
      </TestCategory>
      <Execution id="f1cc4684-3cfd-4e23-86ee-e5987edf3a82" />
      <TestMethod codeBase="C:\Projekty\MSTestProject\bin\Debug\netcoreapp3.1\MSTestProject.dll" adapterTypeName="executor://mstestadapter/v2" className="TwojeWesele.Services.Helpers.Tests.CurrencyHelperTests" name="FormatToStringTest1000" />
    </UnitTest>
    <UnitTest name="FormatToStringTest1000 (5870.791169434223,5870.79 zł)" storage="c:\projekty\mstestproject\bin\debug\netcoreapp3.1\mstestproject.dll" id="ac027f1c-1e5c-4c51-a49e-3fb82afe137e">
      <TestCategory>
        <TestCategoryItem TestCategory="Category1000" />
      </TestCategory>
      <Execution id="5dfa073d-5ce8-48cc-866e-18764245e7f5" />
      <TestMethod codeBase="C:\Projekty\MSTestProject\bin\Debug\netcoreapp3.1\MSTestProject.dll" adapterTypeName="executor://mstestadapter/v2" className="TwojeWesele.Services.Helpers.Tests.CurrencyHelperTests" name="FormatToStringTest1000" />
    </UnitTest>
    <UnitTest name="FormatToStringTest1000 (34136.0993783046,34136.10 zł)" storage="c:\projekty\mstestproject\bin\debug\netcoreapp3.1\mstestproject.dll" id="e3e09a14-7f90-4a25-8746-2e826dcd1ada">
      <TestCategory>
        <TestCategoryItem TestCategory="Category1000" />
      </TestCategory>
      <Execution id="6cb56177-2190-42e0-bc6c-093d5dfc04cf" />
      <TestMethod codeBase="C:\Projekty\MSTestProject\bin\Debug\netcoreapp3.1\MSTestProject.dll" adapterTypeName="executor://mstestadapter/v2" className="TwojeWesele.Services.Helpers.Tests.CurrencyHelperTests" name="FormatToStringTest1000" />
    </UnitTest>
    <UnitTest name="FormatToStringTest1000 (36760.171806480816,36760.17 zł)" storage="c:\projekty\mstestproject\bin\debug\netcoreapp3.1\mstestproject.dll" id="8f27ee02-ab57-4f75-9456-5829d3285462">
      <TestCategory>
        <TestCategoryItem TestCategory="Category1000" />
      </TestCategory>
      <Execution id="ee239286-2824-4095-bff2-1032c99f4062" />
      <TestMethod codeBase="C:\Projekty\MSTestProject\bin\Debug\netcoreapp3.1\MSTestProject.dll" adapterTypeName="executor://mstestadapter/v2" className="TwojeWesele.Services.Helpers.Tests.CurrencyHelperTests" name="FormatToStringTest1000" />
    </UnitTest>
    <UnitTest name="FormatToStringTest1000 (24566.50251371856,24566.50 zł)" storage="c:\projekty\mstestproject\bin\debug\netcoreapp3.1\mstestproject.dll" id="28ba7cbd-38aa-4cd1-b239-0d3620fa4ebe">
      <TestCategory>
        <TestCategoryItem TestCategory="Category1000" />
      </TestCategory>
      <Execution id="75808f90-f046-4abf-816f-6228aa1e464c" />
      <TestMethod codeBase="C:\Projekty\MSTestProject\bin\Debug\netcoreapp3.1\MSTestProject.dll" adapterTypeName="executor://mstestadapter/v2" className="TwojeWesele.Services.Helpers.Tests.CurrencyHelperTests" name="FormatToStringTest1000" />
    </UnitTest>
    <UnitTest name="FormatToStringTest1000 (3506.8456124108498,3506.85 zł)" storage="c:\projekty\mstestproject\bin\debug\netcoreapp3.1\mstestproject.dll" id="cfc78365-a45b-47f8-a3a2-896a225f6c4b">
      <TestCategory>
        <TestCategoryItem TestCategory="Category1000" />
      </TestCategory>
      <Execution id="2522afa7-1ada-4730-9f89-d33131d445ae" />
      <TestMethod codeBase="C:\Projekty\MSTestProject\bin\Debug\netcoreapp3.1\MSTestProject.dll" adapterTypeName="executor://mstestadapter/v2" className="TwojeWesele.Services.Helpers.Tests.CurrencyHelperTests" name="FormatToStringTest1000" />
    </UnitTest>
    <UnitTest name="FormatToStringTest1000 (66541.05112730109,66541.05 zł)" storage="c:\projekty\mstestproject\bin\debug\netcoreapp3.1\mstestproject.dll" id="758f29c7-bf23-4c67-b045-9a6c0fbd32e3">
      <TestCategory>
        <TestCategoryItem TestCategory="Category1000" />
      </TestCategory>
      <Execution id="f50d9735-a3da-4fff-894a-63bf66fad5d4" />
      <TestMethod codeBase="C:\Projekty\MSTestProject\bin\Debug\netcoreapp3.1\MSTestProject.dll" adapterTypeName="executor://mstestadapter/v2" className="TwojeWesele.Services.Helpers.Tests.CurrencyHelperTests" name="FormatToStringTest1000" />
    </UnitTest>
    <UnitTest name="FormatToStringTest1000 (3195.202943510936,3195.20 zł)" storage="c:\projekty\mstestproject\bin\debug\netcoreapp3.1\mstestproject.dll" id="87eddf38-4368-48e1-874f-6a745b056527">
      <TestCategory>
        <TestCategoryItem TestCategory="Category1000" />
      </TestCategory>
      <Execution id="d0e49366-fe5f-4a14-9eb4-515c8889ec14" />
      <TestMethod codeBase="C:\Projekty\MSTestProject\bin\Debug\netcoreapp3.1\MSTestProject.dll" adapterTypeName="executor://mstestadapter/v2" className="TwojeWesele.Services.Helpers.Tests.CurrencyHelperTests" name="FormatToStringTest1000" />
    </UnitTest>
    <UnitTest name="FormatToStringTest1000 (97129.75160633575,97129.75 zł)" storage="c:\projekty\mstestproject\bin\debug\netcoreapp3.1\mstestproject.dll" id="0b0c6e4e-2418-438e-a680-3e912f331108">
      <TestCategory>
        <TestCategoryItem TestCategory="Category1000" />
      </TestCategory>
      <Execution id="414089a4-415a-423d-8d9a-f5aa7f11fde3" />
      <TestMethod codeBase="C:\Projekty\MSTestProject\bin\Debug\netcoreapp3.1\MSTestProject.dll" adapterTypeName="executor://mstestadapter/v2" className="TwojeWesele.Services.Helpers.Tests.CurrencyHelperTests" name="FormatToStringTest1000" />
    </UnitTest>
    <UnitTest name="FormatToStringTest1000 (1181.5773122979222,1181.58 zł)" storage="c:\projekty\mstestproject\bin\debug\netcoreapp3.1\mstestproject.dll" id="1f6683de-7b62-4b46-94d1-0472307ecce4">
      <TestCategory>
        <TestCategoryItem TestCategory="Category1000" />
      </TestCategory>
      <Execution id="cd2cc93d-c2fe-423e-af8f-8a9d206f9377" />
      <TestMethod codeBase="C:\Projekty\MSTestProject\bin\Debug\netcoreapp3.1\MSTestProject.dll" adapterTypeName="executor://mstestadapter/v2" className="TwojeWesele.Services.Helpers.Tests.CurrencyHelperTests" name="FormatToStringTest1000" />
    </UnitTest>
    <UnitTest name="FormatToStringTest1000 (52810.91713865516,52810.92 zł)" storage="c:\projekty\mstestproject\bin\debug\netcoreapp3.1\mstestproject.dll" id="ca9e2fea-d861-474c-ad65-f8d0167e483b">
      <TestCategory>
        <TestCategoryItem TestCategory="Category1000" />
      </TestCategory>
      <Execution id="4a8c687e-e749-4480-ab7b-82de2e8391f5" />
      <TestMethod codeBase="C:\Projekty\MSTestProject\bin\Debug\netcoreapp3.1\MSTestProject.dll" adapterTypeName="executor://mstestadapter/v2" className="TwojeWesele.Services.Helpers.Tests.CurrencyHelperTests" name="FormatToStringTest1000" />
    </UnitTest>
    <UnitTest name="FormatToStringTest1000 (19006.315459580772,19006.32 zł)" storage="c:\projekty\mstestproject\bin\debug\netcoreapp3.1\mstestproject.dll" id="8ac7d34e-58d9-4fd6-bbcc-c7c36ee12296">
      <TestCategory>
        <TestCategoryItem TestCategory="Category1000" />
      </TestCategory>
      <Execution id="daae3f18-b7be-4100-8720-eddfad3c3272" />
      <TestMethod codeBase="C:\Projekty\MSTestProject\bin\Debug\netcoreapp3.1\MSTestProject.dll" adapterTypeName="executor://mstestadapter/v2" className="TwojeWesele.Services.Helpers.Tests.CurrencyHelperTests" name="FormatToStringTest1000" />
    </UnitTest>
    <UnitTest name="FormatToStringTest1000 (50339.31259969497,50339.31 zł)" storage="c:\projekty\mstestproject\bin\debug\netcoreapp3.1\mstestproject.dll" id="aaa55384-7591-4928-b3db-bf8d731462dd">
      <TestCategory>
        <TestCategoryItem TestCategory="Category1000" />
      </TestCategory>
      <Execution id="27ec00dd-729d-4e52-95ba-295ee6a48cc8" />
      <TestMethod codeBase="C:\Projekty\MSTestProject\bin\Debug\netcoreapp3.1\MSTestProject.dll" adapterTypeName="executor://mstestadapter/v2" className="TwojeWesele.Services.Helpers.Tests.CurrencyHelperTests" name="FormatToStringTest1000" />
    </UnitTest>
    <UnitTest name="FormatToStringTest1000 (27164.0272410419,27164.03 zł)" storage="c:\projekty\mstestproject\bin\debug\netcoreapp3.1\mstestproject.dll" id="d7c16a01-62f5-41e9-8afa-fdabf2c7d75e">
      <TestCategory>
        <TestCategoryItem TestCategory="Category1000" />
      </TestCategory>
      <Execution id="75404972-5313-4319-accc-9e01c3ad4358" />
      <TestMethod codeBase="C:\Projekty\MSTestProject\bin\Debug\netcoreapp3.1\MSTestProject.dll" adapterTypeName="executor://mstestadapter/v2" className="TwojeWesele.Services.Helpers.Tests.CurrencyHelperTests" name="FormatToStringTest1000" />
    </UnitTest>
    <UnitTest name="FormatToStringTest1000 (10857.521742201186,10857.52 zł)" storage="c:\projekty\mstestproject\bin\debug\netcoreapp3.1\mstestproject.dll" id="cd55e5e9-5691-41ef-b191-2a2b390d9836">
      <TestCategory>
        <TestCategoryItem TestCategory="Category1000" />
      </TestCategory>
      <Execution id="54be78a0-7298-4ddc-8d3c-c62777ea1dc1" />
      <TestMethod codeBase="C:\Projekty\MSTestProject\bin\Debug\netcoreapp3.1\MSTestProject.dll" adapterTypeName="executor://mstestadapter/v2" className="TwojeWesele.Services.Helpers.Tests.CurrencyHelperTests" name="FormatToStringTest1000" />
    </UnitTest>
    <UnitTest name="FormatToStringTest1000 (38076.55319665165,38076.55 zł)" storage="c:\projekty\mstestproject\bin\debug\netcoreapp3.1\mstestproject.dll" id="9fcc35ce-8a2c-4ba8-b87b-834f6f765815">
      <TestCategory>
        <TestCategoryItem TestCategory="Category1000" />
      </TestCategory>
      <Execution id="03957ba5-00dc-4e63-bba1-9895e12b8b1d" />
      <TestMethod codeBase="C:\Projekty\MSTestProject\bin\Debug\netcoreapp3.1\MSTestProject.dll" adapterTypeName="executor://mstestadapter/v2" className="TwojeWesele.Services.Helpers.Tests.CurrencyHelperTests" name="FormatToStringTest1000" />
    </UnitTest>
    <UnitTest name="FormatToStringTest1000 (25039.088753207627,25039.09 zł)" storage="c:\projekty\mstestproject\bin\debug\netcoreapp3.1\mstestproject.dll" id="fb9216b4-115f-410c-aee2-7ea73c33a676">
      <TestCategory>
        <TestCategoryItem TestCategory="Category1000" />
      </TestCategory>
      <Execution id="057a19d3-cef2-47dc-951b-059c3f830fab" />
      <TestMethod codeBase="C:\Projekty\MSTestProject\bin\Debug\netcoreapp3.1\MSTestProject.dll" adapterTypeName="executor://mstestadapter/v2" className="TwojeWesele.Services.Helpers.Tests.CurrencyHelperTests" name="FormatToStringTest1000" />
    </UnitTest>
    <UnitTest name="FormatToStringTest1000 (11430.666613002619,11430.67 zł)" storage="c:\projekty\mstestproject\bin\debug\netcoreapp3.1\mstestproject.dll" id="1cd20283-df32-4c23-8ef7-0232fb1c1ef0">
      <TestCategory>
        <TestCategoryItem TestCategory="Category1000" />
      </TestCategory>
      <Execution id="d9d9df82-795e-49ba-852d-466ab4f10e83" />
      <TestMethod codeBase="C:\Projekty\MSTestProject\bin\Debug\netcoreapp3.1\MSTestProject.dll" adapterTypeName="executor://mstestadapter/v2" className="TwojeWesele.Services.Helpers.Tests.CurrencyHelperTests" name="FormatToStringTest1000" />
    </UnitTest>
    <UnitTest name="FormatToStringTest1000 (386.358918903097,386.36 zł)" storage="c:\projekty\mstestproject\bin\debug\netcoreapp3.1\mstestproject.dll" id="0cee999f-3ca5-428c-b8ab-f1674c62d9fd">
      <TestCategory>
        <TestCategoryItem TestCategory="Category1000" />
      </TestCategory>
      <Execution id="51eb69f6-739f-48b0-a3a3-921556b3f2c5" />
      <TestMethod codeBase="C:\Projekty\MSTestProject\bin\Debug\netcoreapp3.1\MSTestProject.dll" adapterTypeName="executor://mstestadapter/v2" className="TwojeWesele.Services.Helpers.Tests.CurrencyHelperTests" name="FormatToStringTest1000" />
    </UnitTest>
    <UnitTest name="FormatToStringTest1000 (1860.3356292016504,1860.34 zł)" storage="c:\projekty\mstestproject\bin\debug\netcoreapp3.1\mstestproject.dll" id="bacb3bac-ec38-481c-b8f3-0465dad45d05">
      <TestCategory>
        <TestCategoryItem TestCategory="Category1000" />
      </TestCategory>
      <Execution id="82876762-943e-425c-ab04-ed8cf4557268" />
      <TestMethod codeBase="C:\Projekty\MSTestProject\bin\Debug\netcoreapp3.1\MSTestProject.dll" adapterTypeName="executor://mstestadapter/v2" className="TwojeWesele.Services.Helpers.Tests.CurrencyHelperTests" name="FormatToStringTest1000" />
    </UnitTest>
    <UnitTest name="FormatToStringTest1000 (6864.093052674129,6864.09 zł)" storage="c:\projekty\mstestproject\bin\debug\netcoreapp3.1\mstestproject.dll" id="73718d04-92ff-4604-996a-846037eda9cd">
      <TestCategory>
        <TestCategoryItem TestCategory="Category1000" />
      </TestCategory>
      <Execution id="1ca65ed9-2c25-49d8-9a39-e42ca87d248f" />
      <TestMethod codeBase="C:\Projekty\MSTestProject\bin\Debug\netcoreapp3.1\MSTestProject.dll" adapterTypeName="executor://mstestadapter/v2" className="TwojeWesele.Services.Helpers.Tests.CurrencyHelperTests" name="FormatToStringTest1000" />
    </UnitTest>
    <UnitTest name="FormatToStringTest1000 (2435.1995505835857,2435.20 zł)" storage="c:\projekty\mstestproject\bin\debug\netcoreapp3.1\mstestproject.dll" id="28565176-c670-49f9-9bc8-8d9a24dda0d8">
      <TestCategory>
        <TestCategoryItem TestCategory="Category1000" />
      </TestCategory>
      <Execution id="315cd018-6dd7-4456-980b-e69c2a50db2e" />
      <TestMethod codeBase="C:\Projekty\MSTestProject\bin\Debug\netcoreapp3.1\MSTestProject.dll" adapterTypeName="executor://mstestadapter/v2" className="TwojeWesele.Services.Helpers.Tests.CurrencyHelperTests" name="FormatToStringTest1000" />
    </UnitTest>
    <UnitTest name="FormatToStringTest1000 (1108.7197928823157,1108.72 zł)" storage="c:\projekty\mstestproject\bin\debug\netcoreapp3.1\mstestproject.dll" id="e002e1af-0e42-4bf9-9152-2b1bd7ffedcc">
      <TestCategory>
        <TestCategoryItem TestCategory="Category1000" />
      </TestCategory>
      <Execution id="af1b0ca6-142f-4c84-ad84-44f3d5017114" />
      <TestMethod codeBase="C:\Projekty\MSTestProject\bin\Debug\netcoreapp3.1\MSTestProject.dll" adapterTypeName="executor://mstestadapter/v2" className="TwojeWesele.Services.Helpers.Tests.CurrencyHelperTests" name="FormatToStringTest1000" />
    </UnitTest>
    <UnitTest name="FormatToStringTest1000 (11100.829211263372,11100.83 zł)" storage="c:\projekty\mstestproject\bin\debug\netcoreapp3.1\mstestproject.dll" id="ac833cbe-a826-41c9-b66a-e87dbf5235ff">
      <TestCategory>
        <TestCategoryItem TestCategory="Category1000" />
      </TestCategory>
      <Execution id="81a6334e-6905-4212-b95a-80c8820c97da" />
      <TestMethod codeBase="C:\Projekty\MSTestProject\bin\Debug\netcoreapp3.1\MSTestProject.dll" adapterTypeName="executor://mstestadapter/v2" className="TwojeWesele.Services.Helpers.Tests.CurrencyHelperTests" name="FormatToStringTest1000" />
    </UnitTest>
    <UnitTest name="FormatToStringTest1000 (52020.805412759444,52020.81 zł)" storage="c:\projekty\mstestproject\bin\debug\netcoreapp3.1\mstestproject.dll" id="d7c18078-8918-42ad-acc1-e8826d852641">
      <TestCategory>
        <TestCategoryItem TestCategory="Category1000" />
      </TestCategory>
      <Execution id="584ddd30-059f-4585-9e21-c9770c280b81" />
      <TestMethod codeBase="C:\Projekty\MSTestProject\bin\Debug\netcoreapp3.1\MSTestProject.dll" adapterTypeName="executor://mstestadapter/v2" className="TwojeWesele.Services.Helpers.Tests.CurrencyHelperTests" name="FormatToStringTest1000" />
    </UnitTest>
    <UnitTest name="FormatToStringTest1000 (2121.0917325211185,2121.09 zł)" storage="c:\projekty\mstestproject\bin\debug\netcoreapp3.1\mstestproject.dll" id="02a93c93-3db8-4e3f-b872-610b47391fe2">
      <TestCategory>
        <TestCategoryItem TestCategory="Category1000" />
      </TestCategory>
      <Execution id="c96204b2-05aa-44f8-9424-a32aa8113c05" />
      <TestMethod codeBase="C:\Projekty\MSTestProject\bin\Debug\netcoreapp3.1\MSTestProject.dll" adapterTypeName="executor://mstestadapter/v2" className="TwojeWesele.Services.Helpers.Tests.CurrencyHelperTests" name="FormatToStringTest1000" />
    </UnitTest>
    <UnitTest name="FormatToStringTest1000 (3270.482477338743,3270.48 zł)" storage="c:\projekty\mstestproject\bin\debug\netcoreapp3.1\mstestproject.dll" id="36ea0ca9-8b89-4b0c-af1b-e5d4b080aceb">
      <TestCategory>
        <TestCategoryItem TestCategory="Category1000" />
      </TestCategory>
      <Execution id="04c85a31-f096-40a7-8fb9-0ce57a21b936" />
      <TestMethod codeBase="C:\Projekty\MSTestProject\bin\Debug\netcoreapp3.1\MSTestProject.dll" adapterTypeName="executor://mstestadapter/v2" className="TwojeWesele.Services.Helpers.Tests.CurrencyHelperTests" name="FormatToStringTest1000" />
    </UnitTest>
    <UnitTest name="FormatToStringTest1000 (68770.73008707525,68770.73 zł)" storage="c:\projekty\mstestproject\bin\debug\netcoreapp3.1\mstestproject.dll" id="6a6a0340-9b7c-4c68-8d4d-386d8fc0df8d">
      <TestCategory>
        <TestCategoryItem TestCategory="Category1000" />
      </TestCategory>
      <Execution id="ef122100-283e-4aab-be71-e13b339644a2" />
      <TestMethod codeBase="C:\Projekty\MSTestProject\bin\Debug\netcoreapp3.1\MSTestProject.dll" adapterTypeName="executor://mstestadapter/v2" className="TwojeWesele.Services.Helpers.Tests.CurrencyHelperTests" name="FormatToStringTest1000" />
    </UnitTest>
    <UnitTest name="FormatToStringTest1000 (4669.392596858271,4669.39 zł)" storage="c:\projekty\mstestproject\bin\debug\netcoreapp3.1\mstestproject.dll" id="830295a6-f0af-4aa0-b3fa-209ffc2308c7">
      <TestCategory>
        <TestCategoryItem TestCategory="Category1000" />
      </TestCategory>
      <Execution id="6ee6d2b2-f392-408a-9713-90cae6a4188d" />
      <TestMethod codeBase="C:\Projekty\MSTestProject\bin\Debug\netcoreapp3.1\MSTestProject.dll" adapterTypeName="executor://mstestadapter/v2" className="TwojeWesele.Services.Helpers.Tests.CurrencyHelperTests" name="FormatToStringTest1000" />
    </UnitTest>
    <UnitTest name="FormatToStringTest1000 (6752.510462437062,6752.51 zł)" storage="c:\projekty\mstestproject\bin\debug\netcoreapp3.1\mstestproject.dll" id="847d2165-33e1-471d-bf2f-6c737632409f">
      <TestCategory>
        <TestCategoryItem TestCategory="Category1000" />
      </TestCategory>
      <Execution id="bf8b1df4-7ee8-404a-b54c-09e5129ca651" />
      <TestMethod codeBase="C:\Projekty\MSTestProject\bin\Debug\netcoreapp3.1\MSTestProject.dll" adapterTypeName="executor://mstestadapter/v2" className="TwojeWesele.Services.Helpers.Tests.CurrencyHelperTests" name="FormatToStringTest1000" />
    </UnitTest>
    <UnitTest name="FormatToStringTest1000 (3646.857719214101,3646.86 zł)" storage="c:\projekty\mstestproject\bin\debug\netcoreapp3.1\mstestproject.dll" id="862bd3ba-1b82-472d-adc9-b2e9d41d1e30">
      <TestCategory>
        <TestCategoryItem TestCategory="Category1000" />
      </TestCategory>
      <Execution id="e87797d9-89fd-4b53-905b-8cff42fff909" />
      <TestMethod codeBase="C:\Projekty\MSTestProject\bin\Debug\netcoreapp3.1\MSTestProject.dll" adapterTypeName="executor://mstestadapter/v2" className="TwojeWesele.Services.Helpers.Tests.CurrencyHelperTests" name="FormatToStringTest1000" />
    </UnitTest>
    <UnitTest name="FormatToStringTest1000 (33245.44763357819,33245.45 zł)" storage="c:\projekty\mstestproject\bin\debug\netcoreapp3.1\mstestproject.dll" id="2c6caf5e-dc1a-48e9-b3f8-6c7acfe746cd">
      <TestCategory>
        <TestCategoryItem TestCategory="Category1000" />
      </TestCategory>
      <Execution id="bbc94e23-b2f9-406e-993d-92198e9d5523" />
      <TestMethod codeBase="C:\Projekty\MSTestProject\bin\Debug\netcoreapp3.1\MSTestProject.dll" adapterTypeName="executor://mstestadapter/v2" className="TwojeWesele.Services.Helpers.Tests.CurrencyHelperTests" name="FormatToStringTest1000" />
    </UnitTest>
    <UnitTest name="FormatToStringTest1000 (61324.33752458279,61324.34 zł)" storage="c:\projekty\mstestproject\bin\debug\netcoreapp3.1\mstestproject.dll" id="657e2457-8e34-425e-9158-f86e7beca1c5">
      <TestCategory>
        <TestCategoryItem TestCategory="Category1000" />
      </TestCategory>
      <Execution id="e9160fb4-0065-41ed-bdca-8ecd6c0544ed" />
      <TestMethod codeBase="C:\Projekty\MSTestProject\bin\Debug\netcoreapp3.1\MSTestProject.dll" adapterTypeName="executor://mstestadapter/v2" className="TwojeWesele.Services.Helpers.Tests.CurrencyHelperTests" name="FormatToStringTest1000" />
    </UnitTest>
    <UnitTest name="FormatToStringTest1000 (15520.346099893259,15520.35 zł)" storage="c:\projekty\mstestproject\bin\debug\netcoreapp3.1\mstestproject.dll" id="025c8c81-8b62-449d-aa6d-c6a092f9b6b1">
      <TestCategory>
        <TestCategoryItem TestCategory="Category1000" />
      </TestCategory>
      <Execution id="2980fe04-7c8d-4f6f-9c96-328968c1ec5c" />
      <TestMethod codeBase="C:\Projekty\MSTestProject\bin\Debug\netcoreapp3.1\MSTestProject.dll" adapterTypeName="executor://mstestadapter/v2" className="TwojeWesele.Services.Helpers.Tests.CurrencyHelperTests" name="FormatToStringTest1000" />
    </UnitTest>
    <UnitTest name="FormatToStringTest1000 (57564.498126061866,57564.50 zł)" storage="c:\projekty\mstestproject\bin\debug\netcoreapp3.1\mstestproject.dll" id="e9ee0c0b-8227-4569-98df-903e249a8ea9">
      <TestCategory>
        <TestCategoryItem TestCategory="Category1000" />
      </TestCategory>
      <Execution id="1df2bf57-1d11-4f49-9c24-dd2126e92ca3" />
      <TestMethod codeBase="C:\Projekty\MSTestProject\bin\Debug\netcoreapp3.1\MSTestProject.dll" adapterTypeName="executor://mstestadapter/v2" className="TwojeWesele.Services.Helpers.Tests.CurrencyHelperTests" name="FormatToStringTest1000" />
    </UnitTest>
    <UnitTest name="FormatToStringTest1000 (11922.837782177532,11922.84 zł)" storage="c:\projekty\mstestproject\bin\debug\netcoreapp3.1\mstestproject.dll" id="9b5e0abc-d295-48f5-a8f9-4af3959f2536">
      <TestCategory>
        <TestCategoryItem TestCategory="Category1000" />
      </TestCategory>
      <Execution id="2d32c3df-e666-455b-b36a-f9bc5c932e82" />
      <TestMethod codeBase="C:\Projekty\MSTestProject\bin\Debug\netcoreapp3.1\MSTestProject.dll" adapterTypeName="executor://mstestadapter/v2" className="TwojeWesele.Services.Helpers.Tests.CurrencyHelperTests" name="FormatToStringTest1000" />
    </UnitTest>
    <UnitTest name="FormatToStringTest1000 (7050.437505805137,7050.44 zł)" storage="c:\projekty\mstestproject\bin\debug\netcoreapp3.1\mstestproject.dll" id="a74950ee-7b44-4ce1-9255-0957015b0518">
      <TestCategory>
        <TestCategoryItem TestCategory="Category1000" />
      </TestCategory>
      <Execution id="8a37f7a3-978d-4592-83bf-9ecf758ba9e3" />
      <TestMethod codeBase="C:\Projekty\MSTestProject\bin\Debug\netcoreapp3.1\MSTestProject.dll" adapterTypeName="executor://mstestadapter/v2" className="TwojeWesele.Services.Helpers.Tests.CurrencyHelperTests" name="FormatToStringTest1000" />
    </UnitTest>
    <UnitTest name="FormatToStringTest1000 (20237.28532723723,20237.29 zł)" storage="c:\projekty\mstestproject\bin\debug\netcoreapp3.1\mstestproject.dll" id="c6eac36b-92b6-4a3b-b254-a68869c539f6">
      <TestCategory>
        <TestCategoryItem TestCategory="Category1000" />
      </TestCategory>
      <Execution id="bf732800-998e-4307-b25a-fe43c84ebc7c" />
      <TestMethod codeBase="C:\Projekty\MSTestProject\bin\Debug\netcoreapp3.1\MSTestProject.dll" adapterTypeName="executor://mstestadapter/v2" className="TwojeWesele.Services.Helpers.Tests.CurrencyHelperTests" name="FormatToStringTest1000" />
    </UnitTest>
    <UnitTest name="FormatToStringTest1000 (57809.74722876295,57809.75 zł)" storage="c:\projekty\mstestproject\bin\debug\netcoreapp3.1\mstestproject.dll" id="e6b12a0c-d887-4bef-9915-1d5b053337e9">
      <TestCategory>
        <TestCategoryItem TestCategory="Category1000" />
      </TestCategory>
      <Execution id="9fb5fd1e-bf03-43e6-af1e-72e0319f3e01" />
      <TestMethod codeBase="C:\Projekty\MSTestProject\bin\Debug\netcoreapp3.1\MSTestProject.dll" adapterTypeName="executor://mstestadapter/v2" className="TwojeWesele.Services.Helpers.Tests.CurrencyHelperTests" name="FormatToStringTest1000" />
    </UnitTest>
    <UnitTest name="FormatToStringTest1000 (9517.514896326473,9517.51 zł)" storage="c:\projekty\mstestproject\bin\debug\netcoreapp3.1\mstestproject.dll" id="255f467c-49ef-4016-b024-996062041d12">
      <TestCategory>
        <TestCategoryItem TestCategory="Category1000" />
      </TestCategory>
      <Execution id="bb19935f-dfb2-4de4-9639-063c699040d3" />
      <TestMethod codeBase="C:\Projekty\MSTestProject\bin\Debug\netcoreapp3.1\MSTestProject.dll" adapterTypeName="executor://mstestadapter/v2" className="TwojeWesele.Services.Helpers.Tests.CurrencyHelperTests" name="FormatToStringTest1000" />
    </UnitTest>
    <UnitTest name="FormatToStringTest1000 (45887.58415794167,45887.58 zł)" storage="c:\projekty\mstestproject\bin\debug\netcoreapp3.1\mstestproject.dll" id="0b0d23a6-2aba-4c48-bbc5-45bb5b2a7fc8">
      <TestCategory>
        <TestCategoryItem TestCategory="Category1000" />
      </TestCategory>
      <Execution id="8c8c6abc-8a16-4006-99e3-a9e04fc17ccd" />
      <TestMethod codeBase="C:\Projekty\MSTestProject\bin\Debug\netcoreapp3.1\MSTestProject.dll" adapterTypeName="executor://mstestadapter/v2" className="TwojeWesele.Services.Helpers.Tests.CurrencyHelperTests" name="FormatToStringTest1000" />
    </UnitTest>
    <UnitTest name="FormatToStringTest1000 (4812.162927013898,4812.16 zł)" storage="c:\projekty\mstestproject\bin\debug\netcoreapp3.1\mstestproject.dll" id="6f15d719-b7a7-420e-bcf2-b5acf9f50a57">
      <TestCategory>
        <TestCategoryItem TestCategory="Category1000" />
      </TestCategory>
      <Execution id="9c841098-a2d0-4445-b29d-de98b372fd1f" />
      <TestMethod codeBase="C:\Projekty\MSTestProject\bin\Debug\netcoreapp3.1\MSTestProject.dll" adapterTypeName="executor://mstestadapter/v2" className="TwojeWesele.Services.Helpers.Tests.CurrencyHelperTests" name="FormatToStringTest1000" />
    </UnitTest>
    <UnitTest name="FormatToStringTest1000 (7594.279030504766,7594.28 zł)" storage="c:\projekty\mstestproject\bin\debug\netcoreapp3.1\mstestproject.dll" id="fbaaf85e-9aaa-4063-a072-43d7800c4c15">
      <TestCategory>
        <TestCategoryItem TestCategory="Category1000" />
      </TestCategory>
      <Execution id="aff33715-2336-4528-8544-f3690a5637af" />
      <TestMethod codeBase="C:\Projekty\MSTestProject\bin\Debug\netcoreapp3.1\MSTestProject.dll" adapterTypeName="executor://mstestadapter/v2" className="TwojeWesele.Services.Helpers.Tests.CurrencyHelperTests" name="FormatToStringTest1000" />
    </UnitTest>
    <UnitTest name="FormatToStringTest1000 (73477.18206926118,73477.18 zł)" storage="c:\projekty\mstestproject\bin\debug\netcoreapp3.1\mstestproject.dll" id="4f27574c-2228-4f29-9ad0-9d9f44072c67">
      <TestCategory>
        <TestCategoryItem TestCategory="Category1000" />
      </TestCategory>
      <Execution id="ddf84b67-5080-4286-b114-90fa55aa5897" />
      <TestMethod codeBase="C:\Projekty\MSTestProject\bin\Debug\netcoreapp3.1\MSTestProject.dll" adapterTypeName="executor://mstestadapter/v2" className="TwojeWesele.Services.Helpers.Tests.CurrencyHelperTests" name="FormatToStringTest1000" />
    </UnitTest>
    <UnitTest name="FormatToStringTest1000 (24957.469502810607,24957.47 zł)" storage="c:\projekty\mstestproject\bin\debug\netcoreapp3.1\mstestproject.dll" id="be203a9f-fbfd-4d4b-a1f4-3a8c3f69dacb">
      <TestCategory>
        <TestCategoryItem TestCategory="Category1000" />
      </TestCategory>
      <Execution id="c94978c5-2b6b-4157-8543-cb0198d41198" />
      <TestMethod codeBase="C:\Projekty\MSTestProject\bin\Debug\netcoreapp3.1\MSTestProject.dll" adapterTypeName="executor://mstestadapter/v2" className="TwojeWesele.Services.Helpers.Tests.CurrencyHelperTests" name="FormatToStringTest1000" />
    </UnitTest>
    <UnitTest name="FormatToStringTest1000 (4554.73912809777,4554.74 zł)" storage="c:\projekty\mstestproject\bin\debug\netcoreapp3.1\mstestproject.dll" id="1fb1385e-c9ae-472b-945b-c225f22bc300">
      <TestCategory>
        <TestCategoryItem TestCategory="Category1000" />
      </TestCategory>
      <Execution id="b2f720ae-ae67-4ad5-ba27-b8002e9b5e01" />
      <TestMethod codeBase="C:\Projekty\MSTestProject\bin\Debug\netcoreapp3.1\MSTestProject.dll" adapterTypeName="executor://mstestadapter/v2" className="TwojeWesele.Services.Helpers.Tests.CurrencyHelperTests" name="FormatToStringTest1000" />
    </UnitTest>
    <UnitTest name="FormatToStringTest1000 (63946.51014057478,63946.51 zł)" storage="c:\projekty\mstestproject\bin\debug\netcoreapp3.1\mstestproject.dll" id="a5df17be-462c-4572-92b2-f56bae82fda9">
      <TestCategory>
        <TestCategoryItem TestCategory="Category1000" />
      </TestCategory>
      <Execution id="048cd405-97b3-4808-87a1-b9a7fbe17fd2" />
      <TestMethod codeBase="C:\Projekty\MSTestProject\bin\Debug\netcoreapp3.1\MSTestProject.dll" adapterTypeName="executor://mstestadapter/v2" className="TwojeWesele.Services.Helpers.Tests.CurrencyHelperTests" name="FormatToStringTest1000" />
    </UnitTest>
    <UnitTest name="FormatToStringTest1000 (85407.13428016152,85407.13 zł)" storage="c:\projekty\mstestproject\bin\debug\netcoreapp3.1\mstestproject.dll" id="f318254e-f152-45a7-8494-8634e91710f6">
      <TestCategory>
        <TestCategoryItem TestCategory="Category1000" />
      </TestCategory>
      <Execution id="834e73be-3da1-40bc-87d2-8754e4ddbc13" />
      <TestMethod codeBase="C:\Projekty\MSTestProject\bin\Debug\netcoreapp3.1\MSTestProject.dll" adapterTypeName="executor://mstestadapter/v2" className="TwojeWesele.Services.Helpers.Tests.CurrencyHelperTests" name="FormatToStringTest1000" />
    </UnitTest>
    <UnitTest name="FormatToStringTest1000 (45299.778512198376,45299.78 zł)" storage="c:\projekty\mstestproject\bin\debug\netcoreapp3.1\mstestproject.dll" id="02dd3a3b-37ea-420b-b1f0-62a68b3b066a">
      <TestCategory>
        <TestCategoryItem TestCategory="Category1000" />
      </TestCategory>
      <Execution id="52f07184-848b-4200-aeb6-589fd530b4c9" />
      <TestMethod codeBase="C:\Projekty\MSTestProject\bin\Debug\netcoreapp3.1\MSTestProject.dll" adapterTypeName="executor://mstestadapter/v2" className="TwojeWesele.Services.Helpers.Tests.CurrencyHelperTests" name="FormatToStringTest1000" />
    </UnitTest>
    <UnitTest name="FormatToStringTest1000 (9897.705953436767,9897.71 zł)" storage="c:\projekty\mstestproject\bin\debug\netcoreapp3.1\mstestproject.dll" id="96da2af9-b231-412f-b785-31027c88bf46">
      <TestCategory>
        <TestCategoryItem TestCategory="Category1000" />
      </TestCategory>
      <Execution id="15989f05-a160-4ab5-b730-fc450ae3ab7f" />
      <TestMethod codeBase="C:\Projekty\MSTestProject\bin\Debug\netcoreapp3.1\MSTestProject.dll" adapterTypeName="executor://mstestadapter/v2" className="TwojeWesele.Services.Helpers.Tests.CurrencyHelperTests" name="FormatToStringTest1000" />
    </UnitTest>
    <UnitTest name="FormatToStringTest1000 (30722.846572104303,30722.85 zł)" storage="c:\projekty\mstestproject\bin\debug\netcoreapp3.1\mstestproject.dll" id="4750e6e1-730e-46d4-a407-e3d81bc4d5b5">
      <TestCategory>
        <TestCategoryItem TestCategory="Category1000" />
      </TestCategory>
      <Execution id="5365f917-a076-4d01-b66b-0a18b5f1e3fa" />
      <TestMethod codeBase="C:\Projekty\MSTestProject\bin\Debug\netcoreapp3.1\MSTestProject.dll" adapterTypeName="executor://mstestadapter/v2" className="TwojeWesele.Services.Helpers.Tests.CurrencyHelperTests" name="FormatToStringTest1000" />
    </UnitTest>
    <UnitTest name="FormatToStringTest1000 (60017.857676936714,60017.86 zł)" storage="c:\projekty\mstestproject\bin\debug\netcoreapp3.1\mstestproject.dll" id="873cd1a8-59e6-4905-982e-e5749b18b1a6">
      <TestCategory>
        <TestCategoryItem TestCategory="Category1000" />
      </TestCategory>
      <Execution id="69b2bcd4-08bd-4491-a8b0-d5847cc98e00" />
      <TestMethod codeBase="C:\Projekty\MSTestProject\bin\Debug\netcoreapp3.1\MSTestProject.dll" adapterTypeName="executor://mstestadapter/v2" className="TwojeWesele.Services.Helpers.Tests.CurrencyHelperTests" name="FormatToStringTest1000" />
    </UnitTest>
    <UnitTest name="FormatToStringTest1000 (9750.134289915735,9750.13 zł)" storage="c:\projekty\mstestproject\bin\debug\netcoreapp3.1\mstestproject.dll" id="6ff3bd6b-1494-46c9-bdd7-be2b6428ae1b">
      <TestCategory>
        <TestCategoryItem TestCategory="Category1000" />
      </TestCategory>
      <Execution id="ef3dd4ae-2b3b-484d-83f5-c211c09a5a23" />
      <TestMethod codeBase="C:\Projekty\MSTestProject\bin\Debug\netcoreapp3.1\MSTestProject.dll" adapterTypeName="executor://mstestadapter/v2" className="TwojeWesele.Services.Helpers.Tests.CurrencyHelperTests" name="FormatToStringTest1000" />
    </UnitTest>
    <UnitTest name="FormatToStringTest1000 (236.20263638589657,236.20 zł)" storage="c:\projekty\mstestproject\bin\debug\netcoreapp3.1\mstestproject.dll" id="213a6fd1-422c-48c2-a837-c21fa67ca710">
      <TestCategory>
        <TestCategoryItem TestCategory="Category1000" />
      </TestCategory>
      <Execution id="b4c34c89-c4a3-448c-bdb7-ef63d8b14845" />
      <TestMethod codeBase="C:\Projekty\MSTestProject\bin\Debug\netcoreapp3.1\MSTestProject.dll" adapterTypeName="executor://mstestadapter/v2" className="TwojeWesele.Services.Helpers.Tests.CurrencyHelperTests" name="FormatToStringTest1000" />
    </UnitTest>
    <UnitTest name="FormatToStringTest1000 (1549.6599114973376,1549.66 zł)" storage="c:\projekty\mstestproject\bin\debug\netcoreapp3.1\mstestproject.dll" id="faee9308-9c0e-40d9-a001-5c8e0281bdcd">
      <TestCategory>
        <TestCategoryItem TestCategory="Category1000" />
      </TestCategory>
      <Execution id="60bb8eb4-7d8d-4ef2-b6e1-b1f5beea76d2" />
      <TestMethod codeBase="C:\Projekty\MSTestProject\bin\Debug\netcoreapp3.1\MSTestProject.dll" adapterTypeName="executor://mstestadapter/v2" className="TwojeWesele.Services.Helpers.Tests.CurrencyHelperTests" name="FormatToStringTest1000" />
    </UnitTest>
    <UnitTest name="FormatToStringTest1000 (13478.157112043891,13478.16 zł)" storage="c:\projekty\mstestproject\bin\debug\netcoreapp3.1\mstestproject.dll" id="9abf1978-53cc-4a17-9282-7bdfefcad87b">
      <TestCategory>
        <TestCategoryItem TestCategory="Category1000" />
      </TestCategory>
      <Execution id="31459c00-7ef7-4f39-89c9-08d206b9d68a" />
      <TestMethod codeBase="C:\Projekty\MSTestProject\bin\Debug\netcoreapp3.1\MSTestProject.dll" adapterTypeName="executor://mstestadapter/v2" className="TwojeWesele.Services.Helpers.Tests.CurrencyHelperTests" name="FormatToStringTest1000" />
    </UnitTest>
    <UnitTest name="FormatToStringTest1000 (43222.47958431695,43222.48 zł)" storage="c:\projekty\mstestproject\bin\debug\netcoreapp3.1\mstestproject.dll" id="9117db16-77f9-4d92-8f55-9c883bb23221">
      <TestCategory>
        <TestCategoryItem TestCategory="Category1000" />
      </TestCategory>
      <Execution id="1bbd5738-a7e8-4eee-8ae0-451c3247e2fb" />
      <TestMethod codeBase="C:\Projekty\MSTestProject\bin\Debug\netcoreapp3.1\MSTestProject.dll" adapterTypeName="executor://mstestadapter/v2" className="TwojeWesele.Services.Helpers.Tests.CurrencyHelperTests" name="FormatToStringTest1000" />
    </UnitTest>
    <UnitTest name="FormatToStringTest1000 (35145.379208063416,35145.38 zł)" storage="c:\projekty\mstestproject\bin\debug\netcoreapp3.1\mstestproject.dll" id="03e6c3c8-0833-45c8-a539-9e625a2827ae">
      <TestCategory>
        <TestCategoryItem TestCategory="Category1000" />
      </TestCategory>
      <Execution id="aa778f26-72c9-46c1-8f02-ea2f66c9006f" />
      <TestMethod codeBase="C:\Projekty\MSTestProject\bin\Debug\netcoreapp3.1\MSTestProject.dll" adapterTypeName="executor://mstestadapter/v2" className="TwojeWesele.Services.Helpers.Tests.CurrencyHelperTests" name="FormatToStringTest1000" />
    </UnitTest>
    <UnitTest name="FormatToStringTest1000 (3907.8681317963024,3907.87 zł)" storage="c:\projekty\mstestproject\bin\debug\netcoreapp3.1\mstestproject.dll" id="e6b4217f-46ea-4826-8238-e0589a4f90f3">
      <TestCategory>
        <TestCategoryItem TestCategory="Category1000" />
      </TestCategory>
      <Execution id="09d69e96-0ff2-49be-b898-baccac4c3e49" />
      <TestMethod codeBase="C:\Projekty\MSTestProject\bin\Debug\netcoreapp3.1\MSTestProject.dll" adapterTypeName="executor://mstestadapter/v2" className="TwojeWesele.Services.Helpers.Tests.CurrencyHelperTests" name="FormatToStringTest1000" />
    </UnitTest>
    <UnitTest name="FormatToStringTest1000 (35248.53555717996,35248.54 zł)" storage="c:\projekty\mstestproject\bin\debug\netcoreapp3.1\mstestproject.dll" id="6396afb6-f855-4f63-9ec9-2abb8d6a8290">
      <TestCategory>
        <TestCategoryItem TestCategory="Category1000" />
      </TestCategory>
      <Execution id="bcff7356-0270-4ad2-9cd1-393c69bc099b" />
      <TestMethod codeBase="C:\Projekty\MSTestProject\bin\Debug\netcoreapp3.1\MSTestProject.dll" adapterTypeName="executor://mstestadapter/v2" className="TwojeWesele.Services.Helpers.Tests.CurrencyHelperTests" name="FormatToStringTest1000" />
    </UnitTest>
    <UnitTest name="FormatToStringTest1000 (21281.64584727662,21281.65 zł)" storage="c:\projekty\mstestproject\bin\debug\netcoreapp3.1\mstestproject.dll" id="3a132ead-3b06-4782-9bd0-633eacd49b74">
      <TestCategory>
        <TestCategoryItem TestCategory="Category1000" />
      </TestCategory>
      <Execution id="70a5e0a3-774d-4367-b4bb-48d04384dab3" />
      <TestMethod codeBase="C:\Projekty\MSTestProject\bin\Debug\netcoreapp3.1\MSTestProject.dll" adapterTypeName="executor://mstestadapter/v2" className="TwojeWesele.Services.Helpers.Tests.CurrencyHelperTests" name="FormatToStringTest1000" />
    </UnitTest>
    <UnitTest name="FormatToStringTest1000 (270.1894008262033,270.19 zł)" storage="c:\projekty\mstestproject\bin\debug\netcoreapp3.1\mstestproject.dll" id="f565b670-2495-4d9a-aed1-065387809a32">
      <TestCategory>
        <TestCategoryItem TestCategory="Category1000" />
      </TestCategory>
      <Execution id="312ff200-0f56-4438-9c29-be452e83922b" />
      <TestMethod codeBase="C:\Projekty\MSTestProject\bin\Debug\netcoreapp3.1\MSTestProject.dll" adapterTypeName="executor://mstestadapter/v2" className="TwojeWesele.Services.Helpers.Tests.CurrencyHelperTests" name="FormatToStringTest1000" />
    </UnitTest>
    <UnitTest name="FormatToStringTest1000 (58459.03113649601,58459.03 zł)" storage="c:\projekty\mstestproject\bin\debug\netcoreapp3.1\mstestproject.dll" id="b9e6419f-cec6-42d2-a562-ee097d09082e">
      <TestCategory>
        <TestCategoryItem TestCategory="Category1000" />
      </TestCategory>
      <Execution id="929a1af5-7cb8-44eb-af95-9c955e557976" />
      <TestMethod codeBase="C:\Projekty\MSTestProject\bin\Debug\netcoreapp3.1\MSTestProject.dll" adapterTypeName="executor://mstestadapter/v2" className="TwojeWesele.Services.Helpers.Tests.CurrencyHelperTests" name="FormatToStringTest1000" />
    </UnitTest>
    <UnitTest name="FormatToStringTest1000 (38961.459057294516,38961.46 zł)" storage="c:\projekty\mstestproject\bin\debug\netcoreapp3.1\mstestproject.dll" id="ae49ad55-803c-42b5-88f3-8df1c93a03c5">
      <TestCategory>
        <TestCategoryItem TestCategory="Category1000" />
      </TestCategory>
      <Execution id="2e816978-f258-4b78-86ca-ac9acaf0bd5c" />
      <TestMethod codeBase="C:\Projekty\MSTestProject\bin\Debug\netcoreapp3.1\MSTestProject.dll" adapterTypeName="executor://mstestadapter/v2" className="TwojeWesele.Services.Helpers.Tests.CurrencyHelperTests" name="FormatToStringTest1000" />
    </UnitTest>
    <UnitTest name="FormatToStringTest1000 (34021.1384072961,34021.14 zł)" storage="c:\projekty\mstestproject\bin\debug\netcoreapp3.1\mstestproject.dll" id="0f4e3c9a-8ba5-4632-8f82-f6c6d5d3b8d0">
      <TestCategory>
        <TestCategoryItem TestCategory="Category1000" />
      </TestCategory>
      <Execution id="68dca7a7-6eb2-41e4-80c7-f7ed1407a848" />
      <TestMethod codeBase="C:\Projekty\MSTestProject\bin\Debug\netcoreapp3.1\MSTestProject.dll" adapterTypeName="executor://mstestadapter/v2" className="TwojeWesele.Services.Helpers.Tests.CurrencyHelperTests" name="FormatToStringTest1000" />
    </UnitTest>
    <UnitTest name="FormatToStringTest1000 (20321.03715103913,20321.04 zł)" storage="c:\projekty\mstestproject\bin\debug\netcoreapp3.1\mstestproject.dll" id="8f4b3551-c10e-410d-b244-baf2433818ab">
      <TestCategory>
        <TestCategoryItem TestCategory="Category1000" />
      </TestCategory>
      <Execution id="9155cbe0-9476-4023-aad8-2ddb9c112698" />
      <TestMethod codeBase="C:\Projekty\MSTestProject\bin\Debug\netcoreapp3.1\MSTestProject.dll" adapterTypeName="executor://mstestadapter/v2" className="TwojeWesele.Services.Helpers.Tests.CurrencyHelperTests" name="FormatToStringTest1000" />
    </UnitTest>
    <UnitTest name="FormatToStringTest1000 (16688.70569393677,16688.71 zł)" storage="c:\projekty\mstestproject\bin\debug\netcoreapp3.1\mstestproject.dll" id="5cb4e172-e08c-4498-89f8-e8232508f3aa">
      <TestCategory>
        <TestCategoryItem TestCategory="Category1000" />
      </TestCategory>
      <Execution id="fa5c7481-3a7f-4346-8c1c-01a355bfebfa" />
      <TestMethod codeBase="C:\Projekty\MSTestProject\bin\Debug\netcoreapp3.1\MSTestProject.dll" adapterTypeName="executor://mstestadapter/v2" className="TwojeWesele.Services.Helpers.Tests.CurrencyHelperTests" name="FormatToStringTest1000" />
    </UnitTest>
    <UnitTest name="FormatToStringTest1000 (2409.393997763001,2409.39 zł)" storage="c:\projekty\mstestproject\bin\debug\netcoreapp3.1\mstestproject.dll" id="dd859f18-1106-4dd0-adea-7b1abdf9e50c">
      <TestCategory>
        <TestCategoryItem TestCategory="Category1000" />
      </TestCategory>
      <Execution id="139cbc46-dd7c-48fc-8234-ec553fdd1715" />
      <TestMethod codeBase="C:\Projekty\MSTestProject\bin\Debug\netcoreapp3.1\MSTestProject.dll" adapterTypeName="executor://mstestadapter/v2" className="TwojeWesele.Services.Helpers.Tests.CurrencyHelperTests" name="FormatToStringTest1000" />
    </UnitTest>
    <UnitTest name="FormatToStringTest1000 (45035.160883881224,45035.16 zł)" storage="c:\projekty\mstestproject\bin\debug\netcoreapp3.1\mstestproject.dll" id="3cde222d-313a-414c-993d-9fdd54e76d78">
      <TestCategory>
        <TestCategoryItem TestCategory="Category1000" />
      </TestCategory>
      <Execution id="5bb28076-2d05-4e67-9155-cbf1820ba961" />
      <TestMethod codeBase="C:\Projekty\MSTestProject\bin\Debug\netcoreapp3.1\MSTestProject.dll" adapterTypeName="executor://mstestadapter/v2" className="TwojeWesele.Services.Helpers.Tests.CurrencyHelperTests" name="FormatToStringTest1000" />
    </UnitTest>
    <UnitTest name="FormatToStringTest1000 (11494.27761332238,11494.28 zł)" storage="c:\projekty\mstestproject\bin\debug\netcoreapp3.1\mstestproject.dll" id="5ddfa38e-c947-43a3-8f5e-e53c144e7ceb">
      <TestCategory>
        <TestCategoryItem TestCategory="Category1000" />
      </TestCategory>
      <Execution id="77a11e56-30eb-4a74-a50b-762ac95f03c0" />
      <TestMethod codeBase="C:\Projekty\MSTestProject\bin\Debug\netcoreapp3.1\MSTestProject.dll" adapterTypeName="executor://mstestadapter/v2" className="TwojeWesele.Services.Helpers.Tests.CurrencyHelperTests" name="FormatToStringTest1000" />
    </UnitTest>
    <UnitTest name="FormatToStringTest1000 (50550.645020282194,50550.65 zł)" storage="c:\projekty\mstestproject\bin\debug\netcoreapp3.1\mstestproject.dll" id="d53325ba-3a6d-43f4-95fa-310a6f8d9759">
      <TestCategory>
        <TestCategoryItem TestCategory="Category1000" />
      </TestCategory>
      <Execution id="a3e425ff-6c2a-4dfc-a224-e14ea88fd200" />
      <TestMethod codeBase="C:\Projekty\MSTestProject\bin\Debug\netcoreapp3.1\MSTestProject.dll" adapterTypeName="executor://mstestadapter/v2" className="TwojeWesele.Services.Helpers.Tests.CurrencyHelperTests" name="FormatToStringTest1000" />
    </UnitTest>
    <UnitTest name="FormatToStringTest1000 (55303.17220895699,55303.17 zł)" storage="c:\projekty\mstestproject\bin\debug\netcoreapp3.1\mstestproject.dll" id="14981519-cea9-4b96-a801-1f0e13adfccb">
      <TestCategory>
        <TestCategoryItem TestCategory="Category1000" />
      </TestCategory>
      <Execution id="b992bcce-1b34-4de4-90cf-2c38bd6a0306" />
      <TestMethod codeBase="C:\Projekty\MSTestProject\bin\Debug\netcoreapp3.1\MSTestProject.dll" adapterTypeName="executor://mstestadapter/v2" className="TwojeWesele.Services.Helpers.Tests.CurrencyHelperTests" name="FormatToStringTest1000" />
    </UnitTest>
    <UnitTest name="FormatToStringTest1000 (55782.67998761762,55782.68 zł)" storage="c:\projekty\mstestproject\bin\debug\netcoreapp3.1\mstestproject.dll" id="0dfa7668-604b-4c6b-bf22-42f64522ae62">
      <TestCategory>
        <TestCategoryItem TestCategory="Category1000" />
      </TestCategory>
      <Execution id="e0aebb5e-060e-43df-8da9-c2ef814c336d" />
      <TestMethod codeBase="C:\Projekty\MSTestProject\bin\Debug\netcoreapp3.1\MSTestProject.dll" adapterTypeName="executor://mstestadapter/v2" className="TwojeWesele.Services.Helpers.Tests.CurrencyHelperTests" name="FormatToStringTest1000" />
    </UnitTest>
    <UnitTest name="FormatToStringTest1000 (50664.01951024869,50664.02 zł)" storage="c:\projekty\mstestproject\bin\debug\netcoreapp3.1\mstestproject.dll" id="ced3bab1-5103-4c5e-be89-924cadf92d3c">
      <TestCategory>
        <TestCategoryItem TestCategory="Category1000" />
      </TestCategory>
      <Execution id="c4b01045-76e0-412f-9168-797c5a314fc4" />
      <TestMethod codeBase="C:\Projekty\MSTestProject\bin\Debug\netcoreapp3.1\MSTestProject.dll" adapterTypeName="executor://mstestadapter/v2" className="TwojeWesele.Services.Helpers.Tests.CurrencyHelperTests" name="FormatToStringTest1000" />
    </UnitTest>
    <UnitTest name="FormatToStringTest1000 (21961.272673999552,21961.27 zł)" storage="c:\projekty\mstestproject\bin\debug\netcoreapp3.1\mstestproject.dll" id="7f430033-a791-4846-b083-274bd6323135">
      <TestCategory>
        <TestCategoryItem TestCategory="Category1000" />
      </TestCategory>
      <Execution id="13adaee4-6063-4be1-a16e-626bad183b35" />
      <TestMethod codeBase="C:\Projekty\MSTestProject\bin\Debug\netcoreapp3.1\MSTestProject.dll" adapterTypeName="executor://mstestadapter/v2" className="TwojeWesele.Services.Helpers.Tests.CurrencyHelperTests" name="FormatToStringTest1000" />
    </UnitTest>
    <UnitTest name="FormatToStringTest1000 (10994.251866986162,10994.25 zł)" storage="c:\projekty\mstestproject\bin\debug\netcoreapp3.1\mstestproject.dll" id="bd8ed53b-bff2-4ecf-b909-87208149cb37">
      <TestCategory>
        <TestCategoryItem TestCategory="Category1000" />
      </TestCategory>
      <Execution id="582b6f41-f0d7-41c4-a6d9-4807d2b20588" />
      <TestMethod codeBase="C:\Projekty\MSTestProject\bin\Debug\netcoreapp3.1\MSTestProject.dll" adapterTypeName="executor://mstestadapter/v2" className="TwojeWesele.Services.Helpers.Tests.CurrencyHelperTests" name="FormatToStringTest1000" />
    </UnitTest>
    <UnitTest name="FormatToStringTest1000 (1613.6903705837626,1613.69 zł)" storage="c:\projekty\mstestproject\bin\debug\netcoreapp3.1\mstestproject.dll" id="387c98bc-93c1-4f2f-8884-a0b01d7a406d">
      <TestCategory>
        <TestCategoryItem TestCategory="Category1000" />
      </TestCategory>
      <Execution id="96a34d8b-7046-4a56-bd3a-48131cf26de5" />
      <TestMethod codeBase="C:\Projekty\MSTestProject\bin\Debug\netcoreapp3.1\MSTestProject.dll" adapterTypeName="executor://mstestadapter/v2" className="TwojeWesele.Services.Helpers.Tests.CurrencyHelperTests" name="FormatToStringTest1000" />
    </UnitTest>
    <UnitTest name="FormatToStringTest1000 (6276.389386365838,6276.39 zł)" storage="c:\projekty\mstestproject\bin\debug\netcoreapp3.1\mstestproject.dll" id="fc2aa78b-57ab-4b7b-ab29-e2758dc498e6">
      <TestCategory>
        <TestCategoryItem TestCategory="Category1000" />
      </TestCategory>
      <Execution id="c635384e-cb8a-4e3c-bb47-be27fff65bfd" />
      <TestMethod codeBase="C:\Projekty\MSTestProject\bin\Debug\netcoreapp3.1\MSTestProject.dll" adapterTypeName="executor://mstestadapter/v2" className="TwojeWesele.Services.Helpers.Tests.CurrencyHelperTests" name="FormatToStringTest1000" />
    </UnitTest>
    <UnitTest name="FormatToStringTest1000 (6173.0243155793405,6173.02 zł)" storage="c:\projekty\mstestproject\bin\debug\netcoreapp3.1\mstestproject.dll" id="56838048-f81a-4179-a37b-aa8a8cc6cde5">
      <TestCategory>
        <TestCategoryItem TestCategory="Category1000" />
      </TestCategory>
      <Execution id="a86f2913-5552-4d9f-8ae4-bb36d0d0eb59" />
      <TestMethod codeBase="C:\Projekty\MSTestProject\bin\Debug\netcoreapp3.1\MSTestProject.dll" adapterTypeName="executor://mstestadapter/v2" className="TwojeWesele.Services.Helpers.Tests.CurrencyHelperTests" name="FormatToStringTest1000" />
    </UnitTest>
    <UnitTest name="FormatToStringTest1000 (45739.569854490255,45739.57 zł)" storage="c:\projekty\mstestproject\bin\debug\netcoreapp3.1\mstestproject.dll" id="0f40078a-2db5-4d01-a9a5-7d988128e8ce">
      <TestCategory>
        <TestCategoryItem TestCategory="Category1000" />
      </TestCategory>
      <Execution id="2f6d733f-ed34-4eb6-be20-cf16e347746a" />
      <TestMethod codeBase="C:\Projekty\MSTestProject\bin\Debug\netcoreapp3.1\MSTestProject.dll" adapterTypeName="executor://mstestadapter/v2" className="TwojeWesele.Services.Helpers.Tests.CurrencyHelperTests" name="FormatToStringTest1000" />
    </UnitTest>
    <UnitTest name="FormatToStringTest1000 (31300.40752580967,31300.41 zł)" storage="c:\projekty\mstestproject\bin\debug\netcoreapp3.1\mstestproject.dll" id="e853c9b5-445e-45fe-b702-0941a350177f">
      <TestCategory>
        <TestCategoryItem TestCategory="Category1000" />
      </TestCategory>
      <Execution id="b2ad8885-c769-4877-a18b-8e282a810229" />
      <TestMethod codeBase="C:\Projekty\MSTestProject\bin\Debug\netcoreapp3.1\MSTestProject.dll" adapterTypeName="executor://mstestadapter/v2" className="TwojeWesele.Services.Helpers.Tests.CurrencyHelperTests" name="FormatToStringTest1000" />
    </UnitTest>
    <UnitTest name="FormatToStringTest1000 (8211.920994553679,8211.92 zł)" storage="c:\projekty\mstestproject\bin\debug\netcoreapp3.1\mstestproject.dll" id="f07b0a55-24a6-4df0-8d84-350680014781">
      <TestCategory>
        <TestCategoryItem TestCategory="Category1000" />
      </TestCategory>
      <Execution id="a7b16099-1ab4-4926-b009-40f22d66ed50" />
      <TestMethod codeBase="C:\Projekty\MSTestProject\bin\Debug\netcoreapp3.1\MSTestProject.dll" adapterTypeName="executor://mstestadapter/v2" className="TwojeWesele.Services.Helpers.Tests.CurrencyHelperTests" name="FormatToStringTest1000" />
    </UnitTest>
    <UnitTest name="FormatToStringTest1000 (2901.9683054191846,2901.97 zł)" storage="c:\projekty\mstestproject\bin\debug\netcoreapp3.1\mstestproject.dll" id="a86aa76f-8093-4388-b142-d05ff2d44fe9">
      <TestCategory>
        <TestCategoryItem TestCategory="Category1000" />
      </TestCategory>
      <Execution id="77f02259-fc70-48bb-ba83-32f3b352d3e8" />
      <TestMethod codeBase="C:\Projekty\MSTestProject\bin\Debug\netcoreapp3.1\MSTestProject.dll" adapterTypeName="executor://mstestadapter/v2" className="TwojeWesele.Services.Helpers.Tests.CurrencyHelperTests" name="FormatToStringTest1000" />
    </UnitTest>
    <UnitTest name="FormatToStringTest1000 (50644.690874327294,50644.69 zł)" storage="c:\projekty\mstestproject\bin\debug\netcoreapp3.1\mstestproject.dll" id="908ab18f-e375-40b0-8af8-cd27a83f5e17">
      <TestCategory>
        <TestCategoryItem TestCategory="Category1000" />
      </TestCategory>
      <Execution id="65f8dadc-3eb8-44af-9dc7-2667f92cee45" />
      <TestMethod codeBase="C:\Projekty\MSTestProject\bin\Debug\netcoreapp3.1\MSTestProject.dll" adapterTypeName="executor://mstestadapter/v2" className="TwojeWesele.Services.Helpers.Tests.CurrencyHelperTests" name="FormatToStringTest1000" />
    </UnitTest>
    <UnitTest name="FormatToStringTest1000 (8582.709131852587,8582.71 zł)" storage="c:\projekty\mstestproject\bin\debug\netcoreapp3.1\mstestproject.dll" id="00a3f525-ce92-4a4e-bcec-662c693b1c16">
      <TestCategory>
        <TestCategoryItem TestCategory="Category1000" />
      </TestCategory>
      <Execution id="2d7ee75e-64c3-4a9a-884f-0cb31157ccd4" />
      <TestMethod codeBase="C:\Projekty\MSTestProject\bin\Debug\netcoreapp3.1\MSTestProject.dll" adapterTypeName="executor://mstestadapter/v2" className="TwojeWesele.Services.Helpers.Tests.CurrencyHelperTests" name="FormatToStringTest1000" />
    </UnitTest>
    <UnitTest name="FormatToStringTest1000 (3341.8351759444154,3341.84 zł)" storage="c:\projekty\mstestproject\bin\debug\netcoreapp3.1\mstestproject.dll" id="b420ab7c-5087-407f-9cb3-988f473649c5">
      <TestCategory>
        <TestCategoryItem TestCategory="Category1000" />
      </TestCategory>
      <Execution id="df0e8545-113b-4d10-b7e7-afda700d1bc2" />
      <TestMethod codeBase="C:\Projekty\MSTestProject\bin\Debug\netcoreapp3.1\MSTestProject.dll" adapterTypeName="executor://mstestadapter/v2" className="TwojeWesele.Services.Helpers.Tests.CurrencyHelperTests" name="FormatToStringTest1000" />
    </UnitTest>
    <UnitTest name="FormatToStringTest1000 (2346.9964869427477,2347.00 zł)" storage="c:\projekty\mstestproject\bin\debug\netcoreapp3.1\mstestproject.dll" id="3c0d4a77-965c-49a3-9a15-699ff12ccce0">
      <TestCategory>
        <TestCategoryItem TestCategory="Category1000" />
      </TestCategory>
      <Execution id="4de46e01-7c4b-4e51-9995-2e220cfe0952" />
      <TestMethod codeBase="C:\Projekty\MSTestProject\bin\Debug\netcoreapp3.1\MSTestProject.dll" adapterTypeName="executor://mstestadapter/v2" className="TwojeWesele.Services.Helpers.Tests.CurrencyHelperTests" name="FormatToStringTest1000" />
    </UnitTest>
    <UnitTest name="FormatToStringTest1000 (96.75594581512546,96.76 zł)" storage="c:\projekty\mstestproject\bin\debug\netcoreapp3.1\mstestproject.dll" id="ebb994ba-143c-465f-9ded-c9c53219eef5">
      <TestCategory>
        <TestCategoryItem TestCategory="Category1000" />
      </TestCategory>
      <Execution id="bd1f9ea7-d5b8-42a4-8df6-ad47db8d515a" />
      <TestMethod codeBase="C:\Projekty\MSTestProject\bin\Debug\netcoreapp3.1\MSTestProject.dll" adapterTypeName="executor://mstestadapter/v2" className="TwojeWesele.Services.Helpers.Tests.CurrencyHelperTests" name="FormatToStringTest1000" />
    </UnitTest>
    <UnitTest name="FormatToStringTest1000 (5961.755129208674,5961.76 zł)" storage="c:\projekty\mstestproject\bin\debug\netcoreapp3.1\mstestproject.dll" id="ce38100c-693f-40cd-8f20-d501e919542d">
      <TestCategory>
        <TestCategoryItem TestCategory="Category1000" />
      </TestCategory>
      <Execution id="f73a5f74-89d7-4a2d-92f3-640e9490e478" />
      <TestMethod codeBase="C:\Projekty\MSTestProject\bin\Debug\netcoreapp3.1\MSTestProject.dll" adapterTypeName="executor://mstestadapter/v2" className="TwojeWesele.Services.Helpers.Tests.CurrencyHelperTests" name="FormatToStringTest1000" />
    </UnitTest>
    <UnitTest name="FormatToStringTest1000 (29796.909338079815,29796.91 zł)" storage="c:\projekty\mstestproject\bin\debug\netcoreapp3.1\mstestproject.dll" id="042b57a1-8f04-46ca-855b-162f7a200a4a">
      <TestCategory>
        <TestCategoryItem TestCategory="Category1000" />
      </TestCategory>
      <Execution id="4bef7571-89e5-4edf-b443-f7b848740c3c" />
      <TestMethod codeBase="C:\Projekty\MSTestProject\bin\Debug\netcoreapp3.1\MSTestProject.dll" adapterTypeName="executor://mstestadapter/v2" className="TwojeWesele.Services.Helpers.Tests.CurrencyHelperTests" name="FormatToStringTest1000" />
    </UnitTest>
    <UnitTest name="FormatToStringTest1000 (32632.105531036905,32632.11 zł)" storage="c:\projekty\mstestproject\bin\debug\netcoreapp3.1\mstestproject.dll" id="6a43b554-6ab4-4238-80dd-bf0e45427893">
      <TestCategory>
        <TestCategoryItem TestCategory="Category1000" />
      </TestCategory>
      <Execution id="d880e04b-f348-4b52-9b97-9799bda3f54f" />
      <TestMethod codeBase="C:\Projekty\MSTestProject\bin\Debug\netcoreapp3.1\MSTestProject.dll" adapterTypeName="executor://mstestadapter/v2" className="TwojeWesele.Services.Helpers.Tests.CurrencyHelperTests" name="FormatToStringTest1000" />
    </UnitTest>
    <UnitTest name="FormatToStringTest1000 (9624.06628225188,9624.07 zł)" storage="c:\projekty\mstestproject\bin\debug\netcoreapp3.1\mstestproject.dll" id="72ee8972-cd34-4d49-935f-0e9c150619f2">
      <TestCategory>
        <TestCategoryItem TestCategory="Category1000" />
      </TestCategory>
      <Execution id="88d6ce06-3257-46dc-97d5-24fcabef3193" />
      <TestMethod codeBase="C:\Projekty\MSTestProject\bin\Debug\netcoreapp3.1\MSTestProject.dll" adapterTypeName="executor://mstestadapter/v2" className="TwojeWesele.Services.Helpers.Tests.CurrencyHelperTests" name="FormatToStringTest1000" />
    </UnitTest>
    <UnitTest name="FormatToStringTest1000 (6323.24079469882,6323.24 zł)" storage="c:\projekty\mstestproject\bin\debug\netcoreapp3.1\mstestproject.dll" id="710c5824-aad2-4b51-90d8-421a3a447aea">
      <TestCategory>
        <TestCategoryItem TestCategory="Category1000" />
      </TestCategory>
      <Execution id="d069c83f-5f83-4fcd-9fb7-ba10e45dcef2" />
      <TestMethod codeBase="C:\Projekty\MSTestProject\bin\Debug\netcoreapp3.1\MSTestProject.dll" adapterTypeName="executor://mstestadapter/v2" className="TwojeWesele.Services.Helpers.Tests.CurrencyHelperTests" name="FormatToStringTest1000" />
    </UnitTest>
    <UnitTest name="FormatToStringTest1000 (36047.83545033672,36047.84 zł)" storage="c:\projekty\mstestproject\bin\debug\netcoreapp3.1\mstestproject.dll" id="26171176-2bc4-44aa-86f4-e0b748172638">
      <TestCategory>
        <TestCategoryItem TestCategory="Category1000" />
      </TestCategory>
      <Execution id="a11472d6-3512-4064-88cc-4d667d4d696e" />
      <TestMethod codeBase="C:\Projekty\MSTestProject\bin\Debug\netcoreapp3.1\MSTestProject.dll" adapterTypeName="executor://mstestadapter/v2" className="TwojeWesele.Services.Helpers.Tests.CurrencyHelperTests" name="FormatToStringTest1000" />
    </UnitTest>
    <UnitTest name="FormatToStringTest1000 (80609.94377465078,80609.94 zł)" storage="c:\projekty\mstestproject\bin\debug\netcoreapp3.1\mstestproject.dll" id="c1b8e3d7-2be9-48e2-a578-84f838aae3d4">
      <TestCategory>
        <TestCategoryItem TestCategory="Category1000" />
      </TestCategory>
      <Execution id="57d97b63-5bc1-4419-b24c-850ff495c884" />
      <TestMethod codeBase="C:\Projekty\MSTestProject\bin\Debug\netcoreapp3.1\MSTestProject.dll" adapterTypeName="executor://mstestadapter/v2" className="TwojeWesele.Services.Helpers.Tests.CurrencyHelperTests" name="FormatToStringTest1000" />
    </UnitTest>
    <UnitTest name="FormatToStringTest1000 (6220.182014914314,6220.18 zł)" storage="c:\projekty\mstestproject\bin\debug\netcoreapp3.1\mstestproject.dll" id="a788c5fa-21fa-4973-b417-b1da00562dde">
      <TestCategory>
        <TestCategoryItem TestCategory="Category1000" />
      </TestCategory>
      <Execution id="9cc4c687-d15f-4bec-97f5-37267fee68d5" />
      <TestMethod codeBase="C:\Projekty\MSTestProject\bin\Debug\netcoreapp3.1\MSTestProject.dll" adapterTypeName="executor://mstestadapter/v2" className="TwojeWesele.Services.Helpers.Tests.CurrencyHelperTests" name="FormatToStringTest1000" />
    </UnitTest>
    <UnitTest name="FormatToStringTest1000 (24695.917440203913,24695.92 zł)" storage="c:\projekty\mstestproject\bin\debug\netcoreapp3.1\mstestproject.dll" id="a0fd035f-7f12-49f6-9f90-8dc6356eced5">
      <TestCategory>
        <TestCategoryItem TestCategory="Category1000" />
      </TestCategory>
      <Execution id="efcb203c-dc58-458a-ac0e-045e14d2e36a" />
      <TestMethod codeBase="C:\Projekty\MSTestProject\bin\Debug\netcoreapp3.1\MSTestProject.dll" adapterTypeName="executor://mstestadapter/v2" className="TwojeWesele.Services.Helpers.Tests.CurrencyHelperTests" name="FormatToStringTest1000" />
    </UnitTest>
    <UnitTest name="FormatToStringTest1000 (49672.98901987402,49672.99 zł)" storage="c:\projekty\mstestproject\bin\debug\netcoreapp3.1\mstestproject.dll" id="d7c36b0a-5901-469a-9d0a-18e8f4f54095">
      <TestCategory>
        <TestCategoryItem TestCategory="Category1000" />
      </TestCategory>
      <Execution id="966dbf77-475d-4f92-a0dc-2409e15279bd" />
      <TestMethod codeBase="C:\Projekty\MSTestProject\bin\Debug\netcoreapp3.1\MSTestProject.dll" adapterTypeName="executor://mstestadapter/v2" className="TwojeWesele.Services.Helpers.Tests.CurrencyHelperTests" name="FormatToStringTest1000" />
    </UnitTest>
    <UnitTest name="FormatToStringTest1000 (60323.066780431225,60323.07 zł)" storage="c:\projekty\mstestproject\bin\debug\netcoreapp3.1\mstestproject.dll" id="7b73017b-3001-46c3-91c7-1c5ac8d7e440">
      <TestCategory>
        <TestCategoryItem TestCategory="Category1000" />
      </TestCategory>
      <Execution id="c2a55a3d-879a-40c7-8d48-878b5a449d98" />
      <TestMethod codeBase="C:\Projekty\MSTestProject\bin\Debug\netcoreapp3.1\MSTestProject.dll" adapterTypeName="executor://mstestadapter/v2" className="TwojeWesele.Services.Helpers.Tests.CurrencyHelperTests" name="FormatToStringTest1000" />
    </UnitTest>
    <UnitTest name="FormatToStringTest1000 (37561.969571757116,37561.97 zł)" storage="c:\projekty\mstestproject\bin\debug\netcoreapp3.1\mstestproject.dll" id="ccd66002-cac1-4f67-9d13-b09215826853">
      <TestCategory>
        <TestCategoryItem TestCategory="Category1000" />
      </TestCategory>
      <Execution id="e9e7650e-0694-4ea2-85fc-f5f944f2dab0" />
      <TestMethod codeBase="C:\Projekty\MSTestProject\bin\Debug\netcoreapp3.1\MSTestProject.dll" adapterTypeName="executor://mstestadapter/v2" className="TwojeWesele.Services.Helpers.Tests.CurrencyHelperTests" name="FormatToStringTest1000" />
    </UnitTest>
    <UnitTest name="FormatToStringTest1000 (52858.048916166204,52858.05 zł)" storage="c:\projekty\mstestproject\bin\debug\netcoreapp3.1\mstestproject.dll" id="ca4f0d83-7278-4779-9849-bb48a2aae338">
      <TestCategory>
        <TestCategoryItem TestCategory="Category1000" />
      </TestCategory>
      <Execution id="c3df413e-6fcc-44a1-9b3d-2f7908128917" />
      <TestMethod codeBase="C:\Projekty\MSTestProject\bin\Debug\netcoreapp3.1\MSTestProject.dll" adapterTypeName="executor://mstestadapter/v2" className="TwojeWesele.Services.Helpers.Tests.CurrencyHelperTests" name="FormatToStringTest1000" />
    </UnitTest>
    <UnitTest name="FormatToStringTest1000 (4252.4012513842445,4252.40 zł)" storage="c:\projekty\mstestproject\bin\debug\netcoreapp3.1\mstestproject.dll" id="2f6c5e18-3e8b-4a50-b002-00e75b158f11">
      <TestCategory>
        <TestCategoryItem TestCategory="Category1000" />
      </TestCategory>
      <Execution id="65be27cd-9172-4b87-895f-feda97158e7c" />
      <TestMethod codeBase="C:\Projekty\MSTestProject\bin\Debug\netcoreapp3.1\MSTestProject.dll" adapterTypeName="executor://mstestadapter/v2" className="TwojeWesele.Services.Helpers.Tests.CurrencyHelperTests" name="FormatToStringTest1000" />
    </UnitTest>
    <UnitTest name="FormatToStringTest1000 (13092.45389243609,13092.45 zł)" storage="c:\projekty\mstestproject\bin\debug\netcoreapp3.1\mstestproject.dll" id="316ccd47-c457-443d-bba1-af678662ce20">
      <TestCategory>
        <TestCategoryItem TestCategory="Category1000" />
      </TestCategory>
      <Execution id="3a0b30cc-9c2e-490a-ad43-8b1c0199ad87" />
      <TestMethod codeBase="C:\Projekty\MSTestProject\bin\Debug\netcoreapp3.1\MSTestProject.dll" adapterTypeName="executor://mstestadapter/v2" className="TwojeWesele.Services.Helpers.Tests.CurrencyHelperTests" name="FormatToStringTest1000" />
    </UnitTest>
    <UnitTest name="FormatToStringTest1000 (1963.0091662979728,1963.01 zł)" storage="c:\projekty\mstestproject\bin\debug\netcoreapp3.1\mstestproject.dll" id="8e67f650-a266-460b-91cf-3259f9b5c732">
      <TestCategory>
        <TestCategoryItem TestCategory="Category1000" />
      </TestCategory>
      <Execution id="0df6be42-3340-4db0-8cae-c593e742b825" />
      <TestMethod codeBase="C:\Projekty\MSTestProject\bin\Debug\netcoreapp3.1\MSTestProject.dll" adapterTypeName="executor://mstestadapter/v2" className="TwojeWesele.Services.Helpers.Tests.CurrencyHelperTests" name="FormatToStringTest1000" />
    </UnitTest>
    <UnitTest name="FormatToStringTest1000 (26529.10838037036,26529.11 zł)" storage="c:\projekty\mstestproject\bin\debug\netcoreapp3.1\mstestproject.dll" id="e6667b4f-65f9-4b2b-ae49-d1bbc1cbebbd">
      <TestCategory>
        <TestCategoryItem TestCategory="Category1000" />
      </TestCategory>
      <Execution id="e3961952-836c-49d5-91cf-85c5856ea26d" />
      <TestMethod codeBase="C:\Projekty\MSTestProject\bin\Debug\netcoreapp3.1\MSTestProject.dll" adapterTypeName="executor://mstestadapter/v2" className="TwojeWesele.Services.Helpers.Tests.CurrencyHelperTests" name="FormatToStringTest1000" />
    </UnitTest>
    <UnitTest name="FormatToStringTest1000 (71554.9786298829,71554.98 zł)" storage="c:\projekty\mstestproject\bin\debug\netcoreapp3.1\mstestproject.dll" id="cd44a99f-8431-4fd1-bdd7-6631c8546e3d">
      <TestCategory>
        <TestCategoryItem TestCategory="Category1000" />
      </TestCategory>
      <Execution id="2c7f3489-4c71-4e20-a670-62e7aa8a04d5" />
      <TestMethod codeBase="C:\Projekty\MSTestProject\bin\Debug\netcoreapp3.1\MSTestProject.dll" adapterTypeName="executor://mstestadapter/v2" className="TwojeWesele.Services.Helpers.Tests.CurrencyHelperTests" name="FormatToStringTest1000" />
    </UnitTest>
    <UnitTest name="FormatToStringTest1000 (8908.080586221107,8908.08 zł)" storage="c:\projekty\mstestproject\bin\debug\netcoreapp3.1\mstestproject.dll" id="bb7f6d11-7e8b-4cbb-9aba-67ae1e6bbe49">
      <TestCategory>
        <TestCategoryItem TestCategory="Category1000" />
      </TestCategory>
      <Execution id="44be7679-acfc-4cc0-a19c-d6ce621a5290" />
      <TestMethod codeBase="C:\Projekty\MSTestProject\bin\Debug\netcoreapp3.1\MSTestProject.dll" adapterTypeName="executor://mstestadapter/v2" className="TwojeWesele.Services.Helpers.Tests.CurrencyHelperTests" name="FormatToStringTest1000" />
    </UnitTest>
    <UnitTest name="FormatToStringTest1000 (42383.08993972982,42383.09 zł)" storage="c:\projekty\mstestproject\bin\debug\netcoreapp3.1\mstestproject.dll" id="6343a038-3771-4ba4-b0b7-14726465f145">
      <TestCategory>
        <TestCategoryItem TestCategory="Category1000" />
      </TestCategory>
      <Execution id="2fa531f5-c535-4f3f-8a43-8c2d7423e757" />
      <TestMethod codeBase="C:\Projekty\MSTestProject\bin\Debug\netcoreapp3.1\MSTestProject.dll" adapterTypeName="executor://mstestadapter/v2" className="TwojeWesele.Services.Helpers.Tests.CurrencyHelperTests" name="FormatToStringTest1000" />
    </UnitTest>
    <UnitTest name="FormatToStringTest1000 (100.45267071130345,100.45 zł)" storage="c:\projekty\mstestproject\bin\debug\netcoreapp3.1\mstestproject.dll" id="63caa37e-cc74-4705-ac50-b7252f5f6e5f">
      <TestCategory>
        <TestCategoryItem TestCategory="Category1000" />
      </TestCategory>
      <Execution id="dafcdd77-3444-488f-886e-875fe5f496a5" />
      <TestMethod codeBase="C:\Projekty\MSTestProject\bin\Debug\netcoreapp3.1\MSTestProject.dll" adapterTypeName="executor://mstestadapter/v2" className="TwojeWesele.Services.Helpers.Tests.CurrencyHelperTests" name="FormatToStringTest1000" />
    </UnitTest>
    <UnitTest name="FormatToStringTest1000 (28298.945361683585,28298.95 zł)" storage="c:\projekty\mstestproject\bin\debug\netcoreapp3.1\mstestproject.dll" id="e4b87557-3ccd-497b-ae60-a755c8195a33">
      <TestCategory>
        <TestCategoryItem TestCategory="Category1000" />
      </TestCategory>
      <Execution id="d5b70fc5-a3f4-465b-99cc-cb0035e38bb8" />
      <TestMethod codeBase="C:\Projekty\MSTestProject\bin\Debug\netcoreapp3.1\MSTestProject.dll" adapterTypeName="executor://mstestadapter/v2" className="TwojeWesele.Services.Helpers.Tests.CurrencyHelperTests" name="FormatToStringTest1000" />
    </UnitTest>
    <UnitTest name="FormatToStringTest1000 (21221.884746198488,21221.88 zł)" storage="c:\projekty\mstestproject\bin\debug\netcoreapp3.1\mstestproject.dll" id="872b7463-d7cf-4a2f-b1ea-40a140d5cd57">
      <TestCategory>
        <TestCategoryItem TestCategory="Category1000" />
      </TestCategory>
      <Execution id="900c53f1-67be-4b64-827d-78aeb0a717a1" />
      <TestMethod codeBase="C:\Projekty\MSTestProject\bin\Debug\netcoreapp3.1\MSTestProject.dll" adapterTypeName="executor://mstestadapter/v2" className="TwojeWesele.Services.Helpers.Tests.CurrencyHelperTests" name="FormatToStringTest1000" />
    </UnitTest>
    <UnitTest name="FormatToStringTest1000 (38845.74924104323,38845.75 zł)" storage="c:\projekty\mstestproject\bin\debug\netcoreapp3.1\mstestproject.dll" id="8dd191f3-7040-461a-a229-76012903d640">
      <TestCategory>
        <TestCategoryItem TestCategory="Category1000" />
      </TestCategory>
      <Execution id="eba244e0-6966-4d22-97ec-29dba685937b" />
      <TestMethod codeBase="C:\Projekty\MSTestProject\bin\Debug\netcoreapp3.1\MSTestProject.dll" adapterTypeName="executor://mstestadapter/v2" className="TwojeWesele.Services.Helpers.Tests.CurrencyHelperTests" name="FormatToStringTest1000" />
    </UnitTest>
    <UnitTest name="FormatToStringTest1000 (8802.811382028653,8802.81 zł)" storage="c:\projekty\mstestproject\bin\debug\netcoreapp3.1\mstestproject.dll" id="18e339eb-80aa-44c4-a49d-27a9d30a0cd3">
      <TestCategory>
        <TestCategoryItem TestCategory="Category1000" />
      </TestCategory>
      <Execution id="1fb2c988-28d1-43af-a9a5-baf5e6047b15" />
      <TestMethod codeBase="C:\Projekty\MSTestProject\bin\Debug\netcoreapp3.1\MSTestProject.dll" adapterTypeName="executor://mstestadapter/v2" className="TwojeWesele.Services.Helpers.Tests.CurrencyHelperTests" name="FormatToStringTest1000" />
    </UnitTest>
    <UnitTest name="FormatToStringTest1000 (750.5106571719566,750.51 zł)" storage="c:\projekty\mstestproject\bin\debug\netcoreapp3.1\mstestproject.dll" id="d107bb83-e512-4ff7-b63c-ca5f9ea5b208">
      <TestCategory>
        <TestCategoryItem TestCategory="Category1000" />
      </TestCategory>
      <Execution id="8bcc76ac-0543-4eae-ab8f-b13dfa4d05e6" />
      <TestMethod codeBase="C:\Projekty\MSTestProject\bin\Debug\netcoreapp3.1\MSTestProject.dll" adapterTypeName="executor://mstestadapter/v2" className="TwojeWesele.Services.Helpers.Tests.CurrencyHelperTests" name="FormatToStringTest1000" />
    </UnitTest>
    <UnitTest name="FormatToStringTest1000 (9818.257405763146,9818.26 zł)" storage="c:\projekty\mstestproject\bin\debug\netcoreapp3.1\mstestproject.dll" id="3db03fdf-bd76-4453-957f-6bec05fb305f">
      <TestCategory>
        <TestCategoryItem TestCategory="Category1000" />
      </TestCategory>
      <Execution id="93c6fa56-85e7-4ce6-ae06-b3a705bd2c6a" />
      <TestMethod codeBase="C:\Projekty\MSTestProject\bin\Debug\netcoreapp3.1\MSTestProject.dll" adapterTypeName="executor://mstestadapter/v2" className="TwojeWesele.Services.Helpers.Tests.CurrencyHelperTests" name="FormatToStringTest1000" />
    </UnitTest>
    <UnitTest name="FormatToStringTest1000 (57713.01647853712,57713.02 zł)" storage="c:\projekty\mstestproject\bin\debug\netcoreapp3.1\mstestproject.dll" id="3272db65-9632-425a-86b8-f861d210ea0c">
      <TestCategory>
        <TestCategoryItem TestCategory="Category1000" />
      </TestCategory>
      <Execution id="e4825503-c9de-498d-868b-3d28f87ba05b" />
      <TestMethod codeBase="C:\Projekty\MSTestProject\bin\Debug\netcoreapp3.1\MSTestProject.dll" adapterTypeName="executor://mstestadapter/v2" className="TwojeWesele.Services.Helpers.Tests.CurrencyHelperTests" name="FormatToStringTest1000" />
    </UnitTest>
    <UnitTest name="FormatToStringTest1000 (395.45790295882983,395.46 zł)" storage="c:\projekty\mstestproject\bin\debug\netcoreapp3.1\mstestproject.dll" id="1195e6bb-f261-4da0-9750-627c553ec343">
      <TestCategory>
        <TestCategoryItem TestCategory="Category1000" />
      </TestCategory>
      <Execution id="00c7f399-7975-4450-b856-edcab5a4f5a8" />
      <TestMethod codeBase="C:\Projekty\MSTestProject\bin\Debug\netcoreapp3.1\MSTestProject.dll" adapterTypeName="executor://mstestadapter/v2" className="TwojeWesele.Services.Helpers.Tests.CurrencyHelperTests" name="FormatToStringTest1000" />
    </UnitTest>
    <UnitTest name="FormatToStringTest1000 (11904.111251175456,11904.11 zł)" storage="c:\projekty\mstestproject\bin\debug\netcoreapp3.1\mstestproject.dll" id="9888efc7-8729-4ad0-833c-7bcb6f5cceee">
      <TestCategory>
        <TestCategoryItem TestCategory="Category1000" />
      </TestCategory>
      <Execution id="31b72df5-37bd-4212-b37e-84fd9856b7a7" />
      <TestMethod codeBase="C:\Projekty\MSTestProject\bin\Debug\netcoreapp3.1\MSTestProject.dll" adapterTypeName="executor://mstestadapter/v2" className="TwojeWesele.Services.Helpers.Tests.CurrencyHelperTests" name="FormatToStringTest1000" />
    </UnitTest>
    <UnitTest name="FormatToStringTest1000 (27027.327683509946,27027.33 zł)" storage="c:\projekty\mstestproject\bin\debug\netcoreapp3.1\mstestproject.dll" id="48d191e9-5f8c-4b79-86c7-53bded522da7">
      <TestCategory>
        <TestCategoryItem TestCategory="Category1000" />
      </TestCategory>
      <Execution id="79447720-b217-43d5-8269-79c2ae0f28cf" />
      <TestMethod codeBase="C:\Projekty\MSTestProject\bin\Debug\netcoreapp3.1\MSTestProject.dll" adapterTypeName="executor://mstestadapter/v2" className="TwojeWesele.Services.Helpers.Tests.CurrencyHelperTests" name="FormatToStringTest1000" />
    </UnitTest>
    <UnitTest name="FormatToStringTest1000 (15566.957545477411,15566.96 zł)" storage="c:\projekty\mstestproject\bin\debug\netcoreapp3.1\mstestproject.dll" id="91ed60cc-d05d-442f-ba87-6e0139b8594d">
      <TestCategory>
        <TestCategoryItem TestCategory="Category1000" />
      </TestCategory>
      <Execution id="7f7ba192-e709-4698-8467-a7db79993d2e" />
      <TestMethod codeBase="C:\Projekty\MSTestProject\bin\Debug\netcoreapp3.1\MSTestProject.dll" adapterTypeName="executor://mstestadapter/v2" className="TwojeWesele.Services.Helpers.Tests.CurrencyHelperTests" name="FormatToStringTest1000" />
    </UnitTest>
    <UnitTest name="FormatToStringTest1000 (7789.7136237517525,7789.71 zł)" storage="c:\projekty\mstestproject\bin\debug\netcoreapp3.1\mstestproject.dll" id="b7696f4c-d344-4455-8991-ad93505c5ec7">
      <TestCategory>
        <TestCategoryItem TestCategory="Category1000" />
      </TestCategory>
      <Execution id="d8eabdaf-de97-4597-b574-c836745bc32a" />
      <TestMethod codeBase="C:\Projekty\MSTestProject\bin\Debug\netcoreapp3.1\MSTestProject.dll" adapterTypeName="executor://mstestadapter/v2" className="TwojeWesele.Services.Helpers.Tests.CurrencyHelperTests" name="FormatToStringTest1000" />
    </UnitTest>
    <UnitTest name="FormatToStringTest1000 (6146.91236741278,6146.91 zł)" storage="c:\projekty\mstestproject\bin\debug\netcoreapp3.1\mstestproject.dll" id="7173a650-8834-4377-bc89-95bc1084e9bf">
      <TestCategory>
        <TestCategoryItem TestCategory="Category1000" />
      </TestCategory>
      <Execution id="2fc1cfb8-cad5-44bf-a245-2ffdf104f8fb" />
      <TestMethod codeBase="C:\Projekty\MSTestProject\bin\Debug\netcoreapp3.1\MSTestProject.dll" adapterTypeName="executor://mstestadapter/v2" className="TwojeWesele.Services.Helpers.Tests.CurrencyHelperTests" name="FormatToStringTest1000" />
    </UnitTest>
    <UnitTest name="FormatToStringTest1000 (11.555284778846096,11.56 zł)" storage="c:\projekty\mstestproject\bin\debug\netcoreapp3.1\mstestproject.dll" id="5af0b41b-5eff-4450-bb08-ceb25c542273">
      <TestCategory>
        <TestCategoryItem TestCategory="Category1000" />
      </TestCategory>
      <Execution id="0991ae7e-33b8-4204-b6fd-a5ef2da95f9a" />
      <TestMethod codeBase="C:\Projekty\MSTestProject\bin\Debug\netcoreapp3.1\MSTestProject.dll" adapterTypeName="executor://mstestadapter/v2" className="TwojeWesele.Services.Helpers.Tests.CurrencyHelperTests" name="FormatToStringTest1000" />
    </UnitTest>
    <UnitTest name="FormatToStringTest1000 (13855.30239352505,13855.30 zł)" storage="c:\projekty\mstestproject\bin\debug\netcoreapp3.1\mstestproject.dll" id="2a46868c-8112-4bd2-8f9b-c2ef16c1dbc9">
      <TestCategory>
        <TestCategoryItem TestCategory="Category1000" />
      </TestCategory>
      <Execution id="65ab5038-34b4-4fb4-a5e6-73d865b26b87" />
      <TestMethod codeBase="C:\Projekty\MSTestProject\bin\Debug\netcoreapp3.1\MSTestProject.dll" adapterTypeName="executor://mstestadapter/v2" className="TwojeWesele.Services.Helpers.Tests.CurrencyHelperTests" name="FormatToStringTest1000" />
    </UnitTest>
    <UnitTest name="FormatToStringTest1000 (37387.37521261972,37387.38 zł)" storage="c:\projekty\mstestproject\bin\debug\netcoreapp3.1\mstestproject.dll" id="3781cc60-4811-44ea-8c37-4fba67aa8da1">
      <TestCategory>
        <TestCategoryItem TestCategory="Category1000" />
      </TestCategory>
      <Execution id="25ebb0f3-0d25-43e2-a893-a018c0bf8ad5" />
      <TestMethod codeBase="C:\Projekty\MSTestProject\bin\Debug\netcoreapp3.1\MSTestProject.dll" adapterTypeName="executor://mstestadapter/v2" className="TwojeWesele.Services.Helpers.Tests.CurrencyHelperTests" name="FormatToStringTest1000" />
    </UnitTest>
    <UnitTest name="FormatToStringTest1000 (5566.818038455592,5566.82 zł)" storage="c:\projekty\mstestproject\bin\debug\netcoreapp3.1\mstestproject.dll" id="2cbb3bc8-a322-4735-a021-2a73f8bc62ad">
      <TestCategory>
        <TestCategoryItem TestCategory="Category1000" />
      </TestCategory>
      <Execution id="cb11526c-8529-4e10-871f-69a9982d23f6" />
      <TestMethod codeBase="C:\Projekty\MSTestProject\bin\Debug\netcoreapp3.1\MSTestProject.dll" adapterTypeName="executor://mstestadapter/v2" className="TwojeWesele.Services.Helpers.Tests.CurrencyHelperTests" name="FormatToStringTest1000" />
    </UnitTest>
    <UnitTest name="FormatToStringTest1000 (801.5720517614726,801.57 zł)" storage="c:\projekty\mstestproject\bin\debug\netcoreapp3.1\mstestproject.dll" id="25d2a1c0-7875-480e-b608-97e31d180c97">
      <TestCategory>
        <TestCategoryItem TestCategory="Category1000" />
      </TestCategory>
      <Execution id="eea99785-9781-488b-81c4-a5225b34753a" />
      <TestMethod codeBase="C:\Projekty\MSTestProject\bin\Debug\netcoreapp3.1\MSTestProject.dll" adapterTypeName="executor://mstestadapter/v2" className="TwojeWesele.Services.Helpers.Tests.CurrencyHelperTests" name="FormatToStringTest1000" />
    </UnitTest>
    <UnitTest name="FormatToStringTest1000 (3043.6828298227315,3043.68 zł)" storage="c:\projekty\mstestproject\bin\debug\netcoreapp3.1\mstestproject.dll" id="2de086bf-a525-419e-a9f1-71f6b45c945d">
      <TestCategory>
        <TestCategoryItem TestCategory="Category1000" />
      </TestCategory>
      <Execution id="5b1201bb-6011-4599-9a33-9ab7a6b1a10c" />
      <TestMethod codeBase="C:\Projekty\MSTestProject\bin\Debug\netcoreapp3.1\MSTestProject.dll" adapterTypeName="executor://mstestadapter/v2" className="TwojeWesele.Services.Helpers.Tests.CurrencyHelperTests" name="FormatToStringTest1000" />
    </UnitTest>
    <UnitTest name="FormatToStringTest1000 (16416.109736457518,16416.11 zł)" storage="c:\projekty\mstestproject\bin\debug\netcoreapp3.1\mstestproject.dll" id="4c86ed23-6161-4c0a-8b74-98586bb5d602">
      <TestCategory>
        <TestCategoryItem TestCategory="Category1000" />
      </TestCategory>
      <Execution id="8b72e852-8340-4745-b3ee-51a916cbaad1" />
      <TestMethod codeBase="C:\Projekty\MSTestProject\bin\Debug\netcoreapp3.1\MSTestProject.dll" adapterTypeName="executor://mstestadapter/v2" className="TwojeWesele.Services.Helpers.Tests.CurrencyHelperTests" name="FormatToStringTest1000" />
    </UnitTest>
    <UnitTest name="FormatToStringTest1000 (16571.355536101553,16571.36 zł)" storage="c:\projekty\mstestproject\bin\debug\netcoreapp3.1\mstestproject.dll" id="65d87f1a-86cf-414c-9d62-cf5c027887aa">
      <TestCategory>
        <TestCategoryItem TestCategory="Category1000" />
      </TestCategory>
      <Execution id="fa936208-a500-42d6-b7de-77d34459f8df" />
      <TestMethod codeBase="C:\Projekty\MSTestProject\bin\Debug\netcoreapp3.1\MSTestProject.dll" adapterTypeName="executor://mstestadapter/v2" className="TwojeWesele.Services.Helpers.Tests.CurrencyHelperTests" name="FormatToStringTest1000" />
    </UnitTest>
    <UnitTest name="FormatToStringTest1000 (7715.904444139406,7715.90 zł)" storage="c:\projekty\mstestproject\bin\debug\netcoreapp3.1\mstestproject.dll" id="a3d3017f-2bda-4469-b38f-82b3519ccdd9">
      <TestCategory>
        <TestCategoryItem TestCategory="Category1000" />
      </TestCategory>
      <Execution id="9ddec8b7-0cf9-4ddf-8113-7364d5aced36" />
      <TestMethod codeBase="C:\Projekty\MSTestProject\bin\Debug\netcoreapp3.1\MSTestProject.dll" adapterTypeName="executor://mstestadapter/v2" className="TwojeWesele.Services.Helpers.Tests.CurrencyHelperTests" name="FormatToStringTest1000" />
    </UnitTest>
    <UnitTest name="FormatToStringTest1000 (22743.19734205827,22743.20 zł)" storage="c:\projekty\mstestproject\bin\debug\netcoreapp3.1\mstestproject.dll" id="64bd3b11-e71b-46c1-89f5-7855093342ab">
      <TestCategory>
        <TestCategoryItem TestCategory="Category1000" />
      </TestCategory>
      <Execution id="3e4e1c95-fc31-42f0-bcbf-fc704ac130b1" />
      <TestMethod codeBase="C:\Projekty\MSTestProject\bin\Debug\netcoreapp3.1\MSTestProject.dll" adapterTypeName="executor://mstestadapter/v2" className="TwojeWesele.Services.Helpers.Tests.CurrencyHelperTests" name="FormatToStringTest1000" />
    </UnitTest>
    <UnitTest name="FormatToStringTest1000 (22791.735381432685,22791.74 zł)" storage="c:\projekty\mstestproject\bin\debug\netcoreapp3.1\mstestproject.dll" id="1e2afb8a-6da4-48a6-b9f9-c83ffbbc06ee">
      <TestCategory>
        <TestCategoryItem TestCategory="Category1000" />
      </TestCategory>
      <Execution id="7986ca31-57f7-4c87-8a7a-d22756076d73" />
      <TestMethod codeBase="C:\Projekty\MSTestProject\bin\Debug\netcoreapp3.1\MSTestProject.dll" adapterTypeName="executor://mstestadapter/v2" className="TwojeWesele.Services.Helpers.Tests.CurrencyHelperTests" name="FormatToStringTest1000" />
    </UnitTest>
    <UnitTest name="FormatToStringTest1000 (16819.974312979717,16819.97 zł)" storage="c:\projekty\mstestproject\bin\debug\netcoreapp3.1\mstestproject.dll" id="e7ec7b40-739c-4535-a8aa-570a13356905">
      <TestCategory>
        <TestCategoryItem TestCategory="Category1000" />
      </TestCategory>
      <Execution id="30a90e0e-0cc0-43e9-92e2-a0bc3a4db530" />
      <TestMethod codeBase="C:\Projekty\MSTestProject\bin\Debug\netcoreapp3.1\MSTestProject.dll" adapterTypeName="executor://mstestadapter/v2" className="TwojeWesele.Services.Helpers.Tests.CurrencyHelperTests" name="FormatToStringTest1000" />
    </UnitTest>
    <UnitTest name="FormatToStringTest1000 (4648.492795337221,4648.49 zł)" storage="c:\projekty\mstestproject\bin\debug\netcoreapp3.1\mstestproject.dll" id="3fd08eed-3e71-4fb3-bf5b-02375150afc0">
      <TestCategory>
        <TestCategoryItem TestCategory="Category1000" />
      </TestCategory>
      <Execution id="89b681ab-fe52-48d8-b0e3-f1faa13c63c3" />
      <TestMethod codeBase="C:\Projekty\MSTestProject\bin\Debug\netcoreapp3.1\MSTestProject.dll" adapterTypeName="executor://mstestadapter/v2" className="TwojeWesele.Services.Helpers.Tests.CurrencyHelperTests" name="FormatToStringTest1000" />
    </UnitTest>
    <UnitTest name="FormatToStringTest1000 (53192.79032742269,53192.79 zł)" storage="c:\projekty\mstestproject\bin\debug\netcoreapp3.1\mstestproject.dll" id="84446135-f9dd-4355-9804-a1a36170e416">
      <TestCategory>
        <TestCategoryItem TestCategory="Category1000" />
      </TestCategory>
      <Execution id="adcb4283-3644-48cb-947f-da83d38a5191" />
      <TestMethod codeBase="C:\Projekty\MSTestProject\bin\Debug\netcoreapp3.1\MSTestProject.dll" adapterTypeName="executor://mstestadapter/v2" className="TwojeWesele.Services.Helpers.Tests.CurrencyHelperTests" name="FormatToStringTest1000" />
    </UnitTest>
    <UnitTest name="FormatToStringTest1000 (14719.97001409762,14719.97 zł)" storage="c:\projekty\mstestproject\bin\debug\netcoreapp3.1\mstestproject.dll" id="f1eb2cee-e73b-465a-a060-f4dd5d8a83ba">
      <TestCategory>
        <TestCategoryItem TestCategory="Category1000" />
      </TestCategory>
      <Execution id="3cafb412-5df4-4e4f-af27-ec95ffe30fb1" />
      <TestMethod codeBase="C:\Projekty\MSTestProject\bin\Debug\netcoreapp3.1\MSTestProject.dll" adapterTypeName="executor://mstestadapter/v2" className="TwojeWesele.Services.Helpers.Tests.CurrencyHelperTests" name="FormatToStringTest1000" />
    </UnitTest>
    <UnitTest name="FormatToStringTest1000 (8644.187977380207,8644.19 zł)" storage="c:\projekty\mstestproject\bin\debug\netcoreapp3.1\mstestproject.dll" id="eacc5fea-2304-4801-8e40-bff0f4db1923">
      <TestCategory>
        <TestCategoryItem TestCategory="Category1000" />
      </TestCategory>
      <Execution id="33d71388-ae23-4692-81ef-8d096a978fcf" />
      <TestMethod codeBase="C:\Projekty\MSTestProject\bin\Debug\netcoreapp3.1\MSTestProject.dll" adapterTypeName="executor://mstestadapter/v2" className="TwojeWesele.Services.Helpers.Tests.CurrencyHelperTests" name="FormatToStringTest1000" />
    </UnitTest>
    <UnitTest name="FormatToStringTest1000 (15742.409864349947,15742.41 zł)" storage="c:\projekty\mstestproject\bin\debug\netcoreapp3.1\mstestproject.dll" id="ea32f8c9-d8d9-4fda-a336-22613f650a9b">
      <TestCategory>
        <TestCategoryItem TestCategory="Category1000" />
      </TestCategory>
      <Execution id="ee0deebc-dc5a-4292-81bc-00fba434167b" />
      <TestMethod codeBase="C:\Projekty\MSTestProject\bin\Debug\netcoreapp3.1\MSTestProject.dll" adapterTypeName="executor://mstestadapter/v2" className="TwojeWesele.Services.Helpers.Tests.CurrencyHelperTests" name="FormatToStringTest1000" />
    </UnitTest>
    <UnitTest name="FormatToStringTest1000 (5022.470719070859,5022.47 zł)" storage="c:\projekty\mstestproject\bin\debug\netcoreapp3.1\mstestproject.dll" id="eb512b41-05d0-4e50-9864-b8d1869a4146">
      <TestCategory>
        <TestCategoryItem TestCategory="Category1000" />
      </TestCategory>
      <Execution id="3c09dd66-7dae-4634-a5a4-682efee07202" />
      <TestMethod codeBase="C:\Projekty\MSTestProject\bin\Debug\netcoreapp3.1\MSTestProject.dll" adapterTypeName="executor://mstestadapter/v2" className="TwojeWesele.Services.Helpers.Tests.CurrencyHelperTests" name="FormatToStringTest1000" />
    </UnitTest>
    <UnitTest name="FormatToStringTest1000 (88489.14069749469,88489.14 zł)" storage="c:\projekty\mstestproject\bin\debug\netcoreapp3.1\mstestproject.dll" id="4501b53b-1916-48b6-947d-7816d1c13590">
      <TestCategory>
        <TestCategoryItem TestCategory="Category1000" />
      </TestCategory>
      <Execution id="e5ec6dea-ed07-4e72-93e6-e7223c019b51" />
      <TestMethod codeBase="C:\Projekty\MSTestProject\bin\Debug\netcoreapp3.1\MSTestProject.dll" adapterTypeName="executor://mstestadapter/v2" className="TwojeWesele.Services.Helpers.Tests.CurrencyHelperTests" name="FormatToStringTest1000" />
    </UnitTest>
    <UnitTest name="FormatToStringTest1000 (45455.14554704127,45455.15 zł)" storage="c:\projekty\mstestproject\bin\debug\netcoreapp3.1\mstestproject.dll" id="d1732ca1-3e83-4b6b-aa21-bfd69437fa12">
      <TestCategory>
        <TestCategoryItem TestCategory="Category1000" />
      </TestCategory>
      <Execution id="a94e8beb-6a82-477c-9f4e-3eb49bd69ee7" />
      <TestMethod codeBase="C:\Projekty\MSTestProject\bin\Debug\netcoreapp3.1\MSTestProject.dll" adapterTypeName="executor://mstestadapter/v2" className="TwojeWesele.Services.Helpers.Tests.CurrencyHelperTests" name="FormatToStringTest1000" />
    </UnitTest>
    <UnitTest name="FormatToStringTest1000 (14035.12972514477,14035.13 zł)" storage="c:\projekty\mstestproject\bin\debug\netcoreapp3.1\mstestproject.dll" id="597c963d-06f4-4b83-a044-8502e924a2cb">
      <TestCategory>
        <TestCategoryItem TestCategory="Category1000" />
      </TestCategory>
      <Execution id="c66573fa-7368-43d5-a361-2a6129a53d94" />
      <TestMethod codeBase="C:\Projekty\MSTestProject\bin\Debug\netcoreapp3.1\MSTestProject.dll" adapterTypeName="executor://mstestadapter/v2" className="TwojeWesele.Services.Helpers.Tests.CurrencyHelperTests" name="FormatToStringTest1000" />
    </UnitTest>
    <UnitTest name="FormatToStringTest1000 (17455.15807988595,17455.16 zł)" storage="c:\projekty\mstestproject\bin\debug\netcoreapp3.1\mstestproject.dll" id="feaa2874-330f-4a15-bf70-484bc7146de3">
      <TestCategory>
        <TestCategoryItem TestCategory="Category1000" />
      </TestCategory>
      <Execution id="418f05de-7f18-4f92-adaf-f80fbdae3a2a" />
      <TestMethod codeBase="C:\Projekty\MSTestProject\bin\Debug\netcoreapp3.1\MSTestProject.dll" adapterTypeName="executor://mstestadapter/v2" className="TwojeWesele.Services.Helpers.Tests.CurrencyHelperTests" name="FormatToStringTest1000" />
    </UnitTest>
    <UnitTest name="FormatToStringTest1000 (19541.10539777116,19541.11 zł)" storage="c:\projekty\mstestproject\bin\debug\netcoreapp3.1\mstestproject.dll" id="4d2ed62d-edc8-4955-97eb-a7d427514f2d">
      <TestCategory>
        <TestCategoryItem TestCategory="Category1000" />
      </TestCategory>
      <Execution id="2b1c5d98-aee6-4d3d-a02e-44fc5e171b32" />
      <TestMethod codeBase="C:\Projekty\MSTestProject\bin\Debug\netcoreapp3.1\MSTestProject.dll" adapterTypeName="executor://mstestadapter/v2" className="TwojeWesele.Services.Helpers.Tests.CurrencyHelperTests" name="FormatToStringTest1000" />
    </UnitTest>
    <UnitTest name="FormatToStringTest1000 (20527.270339210645,20527.27 zł)" storage="c:\projekty\mstestproject\bin\debug\netcoreapp3.1\mstestproject.dll" id="ea5b83f9-fab4-4555-a29f-9240aed3bf66">
      <TestCategory>
        <TestCategoryItem TestCategory="Category1000" />
      </TestCategory>
      <Execution id="b31930fa-f76d-4c7a-a5af-787ac3a50b59" />
      <TestMethod codeBase="C:\Projekty\MSTestProject\bin\Debug\netcoreapp3.1\MSTestProject.dll" adapterTypeName="executor://mstestadapter/v2" className="TwojeWesele.Services.Helpers.Tests.CurrencyHelperTests" name="FormatToStringTest1000" />
    </UnitTest>
    <UnitTest name="FormatToStringTest1000 (28861.97337596769,28861.97 zł)" storage="c:\projekty\mstestproject\bin\debug\netcoreapp3.1\mstestproject.dll" id="0511699d-10d8-454d-8854-ada3b95f3fa0">
      <TestCategory>
        <TestCategoryItem TestCategory="Category1000" />
      </TestCategory>
      <Execution id="3c82c502-554c-4387-9547-a5730d57b382" />
      <TestMethod codeBase="C:\Projekty\MSTestProject\bin\Debug\netcoreapp3.1\MSTestProject.dll" adapterTypeName="executor://mstestadapter/v2" className="TwojeWesele.Services.Helpers.Tests.CurrencyHelperTests" name="FormatToStringTest1000" />
    </UnitTest>
    <UnitTest name="FormatToStringTest1000 (79339.95632144621,79339.96 zł)" storage="c:\projekty\mstestproject\bin\debug\netcoreapp3.1\mstestproject.dll" id="f3a7c0ed-27d1-4884-be06-1dda503bd16e">
      <TestCategory>
        <TestCategoryItem TestCategory="Category1000" />
      </TestCategory>
      <Execution id="43aeb1ce-d851-4be1-b51e-2ee284804138" />
      <TestMethod codeBase="C:\Projekty\MSTestProject\bin\Debug\netcoreapp3.1\MSTestProject.dll" adapterTypeName="executor://mstestadapter/v2" className="TwojeWesele.Services.Helpers.Tests.CurrencyHelperTests" name="FormatToStringTest1000" />
    </UnitTest>
    <UnitTest name="FormatToStringTest1000 (8492.904747505161,8492.90 zł)" storage="c:\projekty\mstestproject\bin\debug\netcoreapp3.1\mstestproject.dll" id="e6a084c7-c070-41f1-900b-78ef1bdaea49">
      <TestCategory>
        <TestCategoryItem TestCategory="Category1000" />
      </TestCategory>
      <Execution id="995a695a-c031-46da-98d4-d97e058ffb78" />
      <TestMethod codeBase="C:\Projekty\MSTestProject\bin\Debug\netcoreapp3.1\MSTestProject.dll" adapterTypeName="executor://mstestadapter/v2" className="TwojeWesele.Services.Helpers.Tests.CurrencyHelperTests" name="FormatToStringTest1000" />
    </UnitTest>
    <UnitTest name="FormatToStringTest1000 (7813.027778348433,7813.03 zł)" storage="c:\projekty\mstestproject\bin\debug\netcoreapp3.1\mstestproject.dll" id="d280e0af-b363-4ed5-81f3-22403b5a1cd5">
      <TestCategory>
        <TestCategoryItem TestCategory="Category1000" />
      </TestCategory>
      <Execution id="3f12a21e-7454-4abf-85f1-2eb5233f1c33" />
      <TestMethod codeBase="C:\Projekty\MSTestProject\bin\Debug\netcoreapp3.1\MSTestProject.dll" adapterTypeName="executor://mstestadapter/v2" className="TwojeWesele.Services.Helpers.Tests.CurrencyHelperTests" name="FormatToStringTest1000" />
    </UnitTest>
    <UnitTest name="FormatToStringTest1000 (8499.121443388574,8499.12 zł)" storage="c:\projekty\mstestproject\bin\debug\netcoreapp3.1\mstestproject.dll" id="cb19c0b2-0993-4676-8f2b-b86f5452399c">
      <TestCategory>
        <TestCategoryItem TestCategory="Category1000" />
      </TestCategory>
      <Execution id="e13b6530-2348-4733-bef1-baddbb421777" />
      <TestMethod codeBase="C:\Projekty\MSTestProject\bin\Debug\netcoreapp3.1\MSTestProject.dll" adapterTypeName="executor://mstestadapter/v2" className="TwojeWesele.Services.Helpers.Tests.CurrencyHelperTests" name="FormatToStringTest1000" />
    </UnitTest>
    <UnitTest name="FormatToStringTest1000 (15414.175096961751,15414.18 zł)" storage="c:\projekty\mstestproject\bin\debug\netcoreapp3.1\mstestproject.dll" id="db37161e-bc42-422c-a144-314082319403">
      <TestCategory>
        <TestCategoryItem TestCategory="Category1000" />
      </TestCategory>
      <Execution id="ef2f9b78-2dea-46c8-b193-c9c614f2849f" />
      <TestMethod codeBase="C:\Projekty\MSTestProject\bin\Debug\netcoreapp3.1\MSTestProject.dll" adapterTypeName="executor://mstestadapter/v2" className="TwojeWesele.Services.Helpers.Tests.CurrencyHelperTests" name="FormatToStringTest1000" />
    </UnitTest>
    <UnitTest name="FormatToStringTest1000 (7377.5644264340235,7377.56 zł)" storage="c:\projekty\mstestproject\bin\debug\netcoreapp3.1\mstestproject.dll" id="d1eb04de-a5d4-4624-8cfd-f7f02140784f">
      <TestCategory>
        <TestCategoryItem TestCategory="Category1000" />
      </TestCategory>
      <Execution id="e28788a6-00bc-4843-a27e-eeb50598383f" />
      <TestMethod codeBase="C:\Projekty\MSTestProject\bin\Debug\netcoreapp3.1\MSTestProject.dll" adapterTypeName="executor://mstestadapter/v2" className="TwojeWesele.Services.Helpers.Tests.CurrencyHelperTests" name="FormatToStringTest1000" />
    </UnitTest>
    <UnitTest name="FormatToStringTest1000 (7202.052143613367,7202.05 zł)" storage="c:\projekty\mstestproject\bin\debug\netcoreapp3.1\mstestproject.dll" id="3270654d-08a5-4cf2-a9ae-2ffe3dd76053">
      <TestCategory>
        <TestCategoryItem TestCategory="Category1000" />
      </TestCategory>
      <Execution id="029ccbab-ec86-4ef8-b9df-947949702e0f" />
      <TestMethod codeBase="C:\Projekty\MSTestProject\bin\Debug\netcoreapp3.1\MSTestProject.dll" adapterTypeName="executor://mstestadapter/v2" className="TwojeWesele.Services.Helpers.Tests.CurrencyHelperTests" name="FormatToStringTest1000" />
    </UnitTest>
    <UnitTest name="FormatToStringTest1000 (20752.33758466334,20752.34 zł)" storage="c:\projekty\mstestproject\bin\debug\netcoreapp3.1\mstestproject.dll" id="d32ef260-a3dd-45de-b51f-561aae2ab6c3">
      <TestCategory>
        <TestCategoryItem TestCategory="Category1000" />
      </TestCategory>
      <Execution id="4d132c6a-882f-4886-8a53-f7e7ed5f35d4" />
      <TestMethod codeBase="C:\Projekty\MSTestProject\bin\Debug\netcoreapp3.1\MSTestProject.dll" adapterTypeName="executor://mstestadapter/v2" className="TwojeWesele.Services.Helpers.Tests.CurrencyHelperTests" name="FormatToStringTest1000" />
    </UnitTest>
    <UnitTest name="FormatToStringTest1000 (11944.74385168531,11944.74 zł)" storage="c:\projekty\mstestproject\bin\debug\netcoreapp3.1\mstestproject.dll" id="0ce04794-233b-48e5-9817-2c8ff055e02b">
      <TestCategory>
        <TestCategoryItem TestCategory="Category1000" />
      </TestCategory>
      <Execution id="246277b5-2cb7-45d4-b824-69a691746a10" />
      <TestMethod codeBase="C:\Projekty\MSTestProject\bin\Debug\netcoreapp3.1\MSTestProject.dll" adapterTypeName="executor://mstestadapter/v2" className="TwojeWesele.Services.Helpers.Tests.CurrencyHelperTests" name="FormatToStringTest1000" />
    </UnitTest>
    <UnitTest name="FormatToStringTest1000 (9097.395563790293,9097.40 zł)" storage="c:\projekty\mstestproject\bin\debug\netcoreapp3.1\mstestproject.dll" id="e4c88951-95d7-4dbc-98e3-a285c2a778e2">
      <TestCategory>
        <TestCategoryItem TestCategory="Category1000" />
      </TestCategory>
      <Execution id="00ecd9d4-d595-4a94-9304-9be8bc1f224c" />
      <TestMethod codeBase="C:\Projekty\MSTestProject\bin\Debug\netcoreapp3.1\MSTestProject.dll" adapterTypeName="executor://mstestadapter/v2" className="TwojeWesele.Services.Helpers.Tests.CurrencyHelperTests" name="FormatToStringTest1000" />
    </UnitTest>
    <UnitTest name="FormatToStringTest1000 (7726.0074454499445,7726.01 zł)" storage="c:\projekty\mstestproject\bin\debug\netcoreapp3.1\mstestproject.dll" id="89bca16f-684c-4a87-9966-a918f8dbc450">
      <TestCategory>
        <TestCategoryItem TestCategory="Category1000" />
      </TestCategory>
      <Execution id="02075f20-4e1c-4aec-8932-6cb7f8d28ba6" />
      <TestMethod codeBase="C:\Projekty\MSTestProject\bin\Debug\netcoreapp3.1\MSTestProject.dll" adapterTypeName="executor://mstestadapter/v2" className="TwojeWesele.Services.Helpers.Tests.CurrencyHelperTests" name="FormatToStringTest1000" />
    </UnitTest>
    <UnitTest name="FormatToStringTest1000 (7119.076353227755,7119.08 zł)" storage="c:\projekty\mstestproject\bin\debug\netcoreapp3.1\mstestproject.dll" id="7eca7fea-ca83-451d-b995-728408d5bbfa">
      <TestCategory>
        <TestCategoryItem TestCategory="Category1000" />
      </TestCategory>
      <Execution id="14df5901-144d-4068-9e9c-b772b62630ff" />
      <TestMethod codeBase="C:\Projekty\MSTestProject\bin\Debug\netcoreapp3.1\MSTestProject.dll" adapterTypeName="executor://mstestadapter/v2" className="TwojeWesele.Services.Helpers.Tests.CurrencyHelperTests" name="FormatToStringTest1000" />
    </UnitTest>
    <UnitTest name="FormatToStringTest1000 (4715.320654313695,4715.32 zł)" storage="c:\projekty\mstestproject\bin\debug\netcoreapp3.1\mstestproject.dll" id="a20f0718-6abd-424b-9384-351fec54d0f6">
      <TestCategory>
        <TestCategoryItem TestCategory="Category1000" />
      </TestCategory>
      <Execution id="e08f9bfd-c975-4b87-b5d5-018dae5187cc" />
      <TestMethod codeBase="C:\Projekty\MSTestProject\bin\Debug\netcoreapp3.1\MSTestProject.dll" adapterTypeName="executor://mstestadapter/v2" className="TwojeWesele.Services.Helpers.Tests.CurrencyHelperTests" name="FormatToStringTest1000" />
    </UnitTest>
    <UnitTest name="FormatToStringTest1000 (66723.3293191657,66723.33 zł)" storage="c:\projekty\mstestproject\bin\debug\netcoreapp3.1\mstestproject.dll" id="3d778fd1-ea44-4076-bdd5-000ad527f96c">
      <TestCategory>
        <TestCategoryItem TestCategory="Category1000" />
      </TestCategory>
      <Execution id="877bab60-065e-47b0-b2ec-6167c96cf372" />
      <TestMethod codeBase="C:\Projekty\MSTestProject\bin\Debug\netcoreapp3.1\MSTestProject.dll" adapterTypeName="executor://mstestadapter/v2" className="TwojeWesele.Services.Helpers.Tests.CurrencyHelperTests" name="FormatToStringTest1000" />
    </UnitTest>
    <UnitTest name="FormatToStringTest1000 (47431.868885526375,47431.87 zł)" storage="c:\projekty\mstestproject\bin\debug\netcoreapp3.1\mstestproject.dll" id="26ee5962-e23c-4225-909e-80d784cce321">
      <TestCategory>
        <TestCategoryItem TestCategory="Category1000" />
      </TestCategory>
      <Execution id="b7c3dfdd-dbd8-42f6-835b-0194f0502e63" />
      <TestMethod codeBase="C:\Projekty\MSTestProject\bin\Debug\netcoreapp3.1\MSTestProject.dll" adapterTypeName="executor://mstestadapter/v2" className="TwojeWesele.Services.Helpers.Tests.CurrencyHelperTests" name="FormatToStringTest1000" />
    </UnitTest>
    <UnitTest name="FormatToStringTest1000 (12528.413830086782,12528.41 zł)" storage="c:\projekty\mstestproject\bin\debug\netcoreapp3.1\mstestproject.dll" id="64e4afca-209c-4726-bc57-db901d551df8">
      <TestCategory>
        <TestCategoryItem TestCategory="Category1000" />
      </TestCategory>
      <Execution id="3a15abf3-32f9-46e7-94a6-0d9f10dfe626" />
      <TestMethod codeBase="C:\Projekty\MSTestProject\bin\Debug\netcoreapp3.1\MSTestProject.dll" adapterTypeName="executor://mstestadapter/v2" className="TwojeWesele.Services.Helpers.Tests.CurrencyHelperTests" name="FormatToStringTest1000" />
    </UnitTest>
    <UnitTest name="FormatToStringTest1000 (19210.519530370144,19210.52 zł)" storage="c:\projekty\mstestproject\bin\debug\netcoreapp3.1\mstestproject.dll" id="a922afe6-7e83-4559-ac41-9baf69bebebf">
      <TestCategory>
        <TestCategoryItem TestCategory="Category1000" />
      </TestCategory>
      <Execution id="15a339fd-669e-4858-ac48-0c1ba4c69ad0" />
      <TestMethod codeBase="C:\Projekty\MSTestProject\bin\Debug\netcoreapp3.1\MSTestProject.dll" adapterTypeName="executor://mstestadapter/v2" className="TwojeWesele.Services.Helpers.Tests.CurrencyHelperTests" name="FormatToStringTest1000" />
    </UnitTest>
    <UnitTest name="FormatToStringTest1000 (1664.7834932994022,1664.78 zł)" storage="c:\projekty\mstestproject\bin\debug\netcoreapp3.1\mstestproject.dll" id="0ab74d95-b105-4cea-a124-1b70bfb81555">
      <TestCategory>
        <TestCategoryItem TestCategory="Category1000" />
      </TestCategory>
      <Execution id="5ec71c69-eff3-417d-ad33-36d914c17a8d" />
      <TestMethod codeBase="C:\Projekty\MSTestProject\bin\Debug\netcoreapp3.1\MSTestProject.dll" adapterTypeName="executor://mstestadapter/v2" className="TwojeWesele.Services.Helpers.Tests.CurrencyHelperTests" name="FormatToStringTest1000" />
    </UnitTest>
    <UnitTest name="FormatToStringTest1000 (765.778932784581,765.78 zł)" storage="c:\projekty\mstestproject\bin\debug\netcoreapp3.1\mstestproject.dll" id="246b8207-cb01-467c-a9f7-ce74eab5e90e">
      <TestCategory>
        <TestCategoryItem TestCategory="Category1000" />
      </TestCategory>
      <Execution id="b94119da-b1d0-4b85-ae86-3d7a045d690c" />
      <TestMethod codeBase="C:\Projekty\MSTestProject\bin\Debug\netcoreapp3.1\MSTestProject.dll" adapterTypeName="executor://mstestadapter/v2" className="TwojeWesele.Services.Helpers.Tests.CurrencyHelperTests" name="FormatToStringTest1000" />
    </UnitTest>
    <UnitTest name="FormatToStringTest1000 (58111.21259843521,58111.21 zł)" storage="c:\projekty\mstestproject\bin\debug\netcoreapp3.1\mstestproject.dll" id="ce7b3fc2-9080-4fbc-99c0-ac14e50771c5">
      <TestCategory>
        <TestCategoryItem TestCategory="Category1000" />
      </TestCategory>
      <Execution id="6b971f57-ae0e-4439-a5f3-7afa82b51e8d" />
      <TestMethod codeBase="C:\Projekty\MSTestProject\bin\Debug\netcoreapp3.1\MSTestProject.dll" adapterTypeName="executor://mstestadapter/v2" className="TwojeWesele.Services.Helpers.Tests.CurrencyHelperTests" name="FormatToStringTest1000" />
    </UnitTest>
    <UnitTest name="FormatToStringTest1000 (37589.670531794276,37589.67 zł)" storage="c:\projekty\mstestproject\bin\debug\netcoreapp3.1\mstestproject.dll" id="45b71a44-afa5-4782-843d-a4508af52f2f">
      <TestCategory>
        <TestCategoryItem TestCategory="Category1000" />
      </TestCategory>
      <Execution id="dc0fae3f-cf72-45c7-b3da-06a616a577d1" />
      <TestMethod codeBase="C:\Projekty\MSTestProject\bin\Debug\netcoreapp3.1\MSTestProject.dll" adapterTypeName="executor://mstestadapter/v2" className="TwojeWesele.Services.Helpers.Tests.CurrencyHelperTests" name="FormatToStringTest1000" />
    </UnitTest>
    <UnitTest name="FormatToStringTest1000 (20454.142628653506,20454.14 zł)" storage="c:\projekty\mstestproject\bin\debug\netcoreapp3.1\mstestproject.dll" id="45019247-5a8b-4863-8ee2-ff370ccf54df">
      <TestCategory>
        <TestCategoryItem TestCategory="Category1000" />
      </TestCategory>
      <Execution id="52f26290-d6c0-4d19-abd8-84413860f1d6" />
      <TestMethod codeBase="C:\Projekty\MSTestProject\bin\Debug\netcoreapp3.1\MSTestProject.dll" adapterTypeName="executor://mstestadapter/v2" className="TwojeWesele.Services.Helpers.Tests.CurrencyHelperTests" name="FormatToStringTest1000" />
    </UnitTest>
    <UnitTest name="FormatToStringTest1000 (317.9090540706688,317.91 zł)" storage="c:\projekty\mstestproject\bin\debug\netcoreapp3.1\mstestproject.dll" id="03b85905-6f1b-41e0-b889-15ba664615c3">
      <TestCategory>
        <TestCategoryItem TestCategory="Category1000" />
      </TestCategory>
      <Execution id="cbd01e3b-8c46-48a8-ad44-3d580d0a809d" />
      <TestMethod codeBase="C:\Projekty\MSTestProject\bin\Debug\netcoreapp3.1\MSTestProject.dll" adapterTypeName="executor://mstestadapter/v2" className="TwojeWesele.Services.Helpers.Tests.CurrencyHelperTests" name="FormatToStringTest1000" />
    </UnitTest>
    <UnitTest name="FormatToStringTest1000 (11118.620997698335,11118.62 zł)" storage="c:\projekty\mstestproject\bin\debug\netcoreapp3.1\mstestproject.dll" id="7a5d8fb6-7c7c-42a9-a579-9d349756639d">
      <TestCategory>
        <TestCategoryItem TestCategory="Category1000" />
      </TestCategory>
      <Execution id="00aca9b5-6ee7-4443-9450-5acf7cf514aa" />
      <TestMethod codeBase="C:\Projekty\MSTestProject\bin\Debug\netcoreapp3.1\MSTestProject.dll" adapterTypeName="executor://mstestadapter/v2" className="TwojeWesele.Services.Helpers.Tests.CurrencyHelperTests" name="FormatToStringTest1000" />
    </UnitTest>
    <UnitTest name="FormatToStringTest1000 (41876.979471482795,41876.98 zł)" storage="c:\projekty\mstestproject\bin\debug\netcoreapp3.1\mstestproject.dll" id="c05125b8-785b-44bb-8505-7be1a9bfe048">
      <TestCategory>
        <TestCategoryItem TestCategory="Category1000" />
      </TestCategory>
      <Execution id="f3066c27-de3a-472e-af0c-9601ad949db3" />
      <TestMethod codeBase="C:\Projekty\MSTestProject\bin\Debug\netcoreapp3.1\MSTestProject.dll" adapterTypeName="executor://mstestadapter/v2" className="TwojeWesele.Services.Helpers.Tests.CurrencyHelperTests" name="FormatToStringTest1000" />
    </UnitTest>
    <UnitTest name="FormatToStringTest1000 (21996.80326662576,21996.80 zł)" storage="c:\projekty\mstestproject\bin\debug\netcoreapp3.1\mstestproject.dll" id="0ac5e299-2531-4f25-84ff-ae56b132322c">
      <TestCategory>
        <TestCategoryItem TestCategory="Category1000" />
      </TestCategory>
      <Execution id="08562fa3-58c7-4241-a752-f9a53bf847e0" />
      <TestMethod codeBase="C:\Projekty\MSTestProject\bin\Debug\netcoreapp3.1\MSTestProject.dll" adapterTypeName="executor://mstestadapter/v2" className="TwojeWesele.Services.Helpers.Tests.CurrencyHelperTests" name="FormatToStringTest1000" />
    </UnitTest>
    <UnitTest name="FormatToStringTest1000 (72703.4365723503,72703.44 zł)" storage="c:\projekty\mstestproject\bin\debug\netcoreapp3.1\mstestproject.dll" id="65b7046f-9d25-4604-b2eb-5701d8b3ce11">
      <TestCategory>
        <TestCategoryItem TestCategory="Category1000" />
      </TestCategory>
      <Execution id="5be00b99-e51d-4961-95a6-b87f8e5c4e79" />
      <TestMethod codeBase="C:\Projekty\MSTestProject\bin\Debug\netcoreapp3.1\MSTestProject.dll" adapterTypeName="executor://mstestadapter/v2" className="TwojeWesele.Services.Helpers.Tests.CurrencyHelperTests" name="FormatToStringTest1000" />
    </UnitTest>
    <UnitTest name="FormatToStringTest1000 (485.6735566554933,485.67 zł)" storage="c:\projekty\mstestproject\bin\debug\netcoreapp3.1\mstestproject.dll" id="da4f8757-a334-4145-9d4a-47ffcd92ca78">
      <TestCategory>
        <TestCategoryItem TestCategory="Category1000" />
      </TestCategory>
      <Execution id="7173ddde-2da7-4281-b118-432ed05a0554" />
      <TestMethod codeBase="C:\Projekty\MSTestProject\bin\Debug\netcoreapp3.1\MSTestProject.dll" adapterTypeName="executor://mstestadapter/v2" className="TwojeWesele.Services.Helpers.Tests.CurrencyHelperTests" name="FormatToStringTest1000" />
    </UnitTest>
    <UnitTest name="FormatToStringTest1000 (15624.452361264477,15624.45 zł)" storage="c:\projekty\mstestproject\bin\debug\netcoreapp3.1\mstestproject.dll" id="24b68f51-8348-4627-b940-33b1392d6d5e">
      <TestCategory>
        <TestCategoryItem TestCategory="Category1000" />
      </TestCategory>
      <Execution id="89e469cc-446a-4a94-ad81-06092baa8e91" />
      <TestMethod codeBase="C:\Projekty\MSTestProject\bin\Debug\netcoreapp3.1\MSTestProject.dll" adapterTypeName="executor://mstestadapter/v2" className="TwojeWesele.Services.Helpers.Tests.CurrencyHelperTests" name="FormatToStringTest1000" />
    </UnitTest>
    <UnitTest name="FormatToStringTest1000 (11796.576829059317,11796.58 zł)" storage="c:\projekty\mstestproject\bin\debug\netcoreapp3.1\mstestproject.dll" id="ae056cf6-32d3-4f49-95af-95acff9810d8">
      <TestCategory>
        <TestCategoryItem TestCategory="Category1000" />
      </TestCategory>
      <Execution id="5e4be669-d383-49bf-8efe-550f519610f1" />
      <TestMethod codeBase="C:\Projekty\MSTestProject\bin\Debug\netcoreapp3.1\MSTestProject.dll" adapterTypeName="executor://mstestadapter/v2" className="TwojeWesele.Services.Helpers.Tests.CurrencyHelperTests" name="FormatToStringTest1000" />
    </UnitTest>
    <UnitTest name="FormatToStringTest1000 (4555.538255205163,4555.54 zł)" storage="c:\projekty\mstestproject\bin\debug\netcoreapp3.1\mstestproject.dll" id="1f169942-c6a2-439f-a36a-04c9cac2879b">
      <TestCategory>
        <TestCategoryItem TestCategory="Category1000" />
      </TestCategory>
      <Execution id="7184729d-f5e6-40cb-8bec-906448d1739b" />
      <TestMethod codeBase="C:\Projekty\MSTestProject\bin\Debug\netcoreapp3.1\MSTestProject.dll" adapterTypeName="executor://mstestadapter/v2" className="TwojeWesele.Services.Helpers.Tests.CurrencyHelperTests" name="FormatToStringTest1000" />
    </UnitTest>
    <UnitTest name="FormatToStringTest1000 (12187.551827252633,12187.55 zł)" storage="c:\projekty\mstestproject\bin\debug\netcoreapp3.1\mstestproject.dll" id="f4a0300a-ca27-4e77-b864-8f56fdca3a6e">
      <TestCategory>
        <TestCategoryItem TestCategory="Category1000" />
      </TestCategory>
      <Execution id="d48a21ae-d3aa-45ab-83a8-4c376fcc9f14" />
      <TestMethod codeBase="C:\Projekty\MSTestProject\bin\Debug\netcoreapp3.1\MSTestProject.dll" adapterTypeName="executor://mstestadapter/v2" className="TwojeWesele.Services.Helpers.Tests.CurrencyHelperTests" name="FormatToStringTest1000" />
    </UnitTest>
    <UnitTest name="FormatToStringTest1000 (37954.34384365396,37954.34 zł)" storage="c:\projekty\mstestproject\bin\debug\netcoreapp3.1\mstestproject.dll" id="5314b87b-c754-4647-9aec-cd9b4c14b13b">
      <TestCategory>
        <TestCategoryItem TestCategory="Category1000" />
      </TestCategory>
      <Execution id="5176acf2-8f09-4894-baf0-b1f583009472" />
      <TestMethod codeBase="C:\Projekty\MSTestProject\bin\Debug\netcoreapp3.1\MSTestProject.dll" adapterTypeName="executor://mstestadapter/v2" className="TwojeWesele.Services.Helpers.Tests.CurrencyHelperTests" name="FormatToStringTest1000" />
    </UnitTest>
    <UnitTest name="FormatToStringTest1000 (87505.85936583664,87505.86 zł)" storage="c:\projekty\mstestproject\bin\debug\netcoreapp3.1\mstestproject.dll" id="04de8031-fa07-4042-a0ee-aedcc998925b">
      <TestCategory>
        <TestCategoryItem TestCategory="Category1000" />
      </TestCategory>
      <Execution id="fe407b86-6323-4655-8eff-7b904d5cb95d" />
      <TestMethod codeBase="C:\Projekty\MSTestProject\bin\Debug\netcoreapp3.1\MSTestProject.dll" adapterTypeName="executor://mstestadapter/v2" className="TwojeWesele.Services.Helpers.Tests.CurrencyHelperTests" name="FormatToStringTest1000" />
    </UnitTest>
    <UnitTest name="FormatToStringTest1000 (13402.882692040355,13402.88 zł)" storage="c:\projekty\mstestproject\bin\debug\netcoreapp3.1\mstestproject.dll" id="f2fabd7b-905f-4c7a-9901-0ceb6d4d7648">
      <TestCategory>
        <TestCategoryItem TestCategory="Category1000" />
      </TestCategory>
      <Execution id="d7688ce4-81d2-4044-a1be-b13e4cfa6d00" />
      <TestMethod codeBase="C:\Projekty\MSTestProject\bin\Debug\netcoreapp3.1\MSTestProject.dll" adapterTypeName="executor://mstestadapter/v2" className="TwojeWesele.Services.Helpers.Tests.CurrencyHelperTests" name="FormatToStringTest1000" />
    </UnitTest>
    <UnitTest name="FormatToStringTest1000 (16190.113943164757,16190.11 zł)" storage="c:\projekty\mstestproject\bin\debug\netcoreapp3.1\mstestproject.dll" id="4b4faf31-36ae-497f-b818-988a7325443a">
      <TestCategory>
        <TestCategoryItem TestCategory="Category1000" />
      </TestCategory>
      <Execution id="dc7af538-3147-47a6-9d56-f7d45575c76a" />
      <TestMethod codeBase="C:\Projekty\MSTestProject\bin\Debug\netcoreapp3.1\MSTestProject.dll" adapterTypeName="executor://mstestadapter/v2" className="TwojeWesele.Services.Helpers.Tests.CurrencyHelperTests" name="FormatToStringTest1000" />
    </UnitTest>
    <UnitTest name="FormatToStringTest1000 (7716.571614765363,7716.57 zł)" storage="c:\projekty\mstestproject\bin\debug\netcoreapp3.1\mstestproject.dll" id="03212af2-ab79-431b-9d40-c8f93c313798">
      <TestCategory>
        <TestCategoryItem TestCategory="Category1000" />
      </TestCategory>
      <Execution id="9ef8b674-6654-4cca-919a-f545c466444e" />
      <TestMethod codeBase="C:\Projekty\MSTestProject\bin\Debug\netcoreapp3.1\MSTestProject.dll" adapterTypeName="executor://mstestadapter/v2" className="TwojeWesele.Services.Helpers.Tests.CurrencyHelperTests" name="FormatToStringTest1000" />
    </UnitTest>
    <UnitTest name="FormatToStringTest1000 (18794.859523484418,18794.86 zł)" storage="c:\projekty\mstestproject\bin\debug\netcoreapp3.1\mstestproject.dll" id="4b4cfe2a-eebe-4831-9382-57e39c14bfeb">
      <TestCategory>
        <TestCategoryItem TestCategory="Category1000" />
      </TestCategory>
      <Execution id="63d26ab0-0406-4c08-8ced-e22efe9bd2f0" />
      <TestMethod codeBase="C:\Projekty\MSTestProject\bin\Debug\netcoreapp3.1\MSTestProject.dll" adapterTypeName="executor://mstestadapter/v2" className="TwojeWesele.Services.Helpers.Tests.CurrencyHelperTests" name="FormatToStringTest1000" />
    </UnitTest>
    <UnitTest name="FormatToStringTest1000 (45955.903045959254,45955.90 zł)" storage="c:\projekty\mstestproject\bin\debug\netcoreapp3.1\mstestproject.dll" id="2b7d5245-a8ba-411d-a13c-adcd753b30ce">
      <TestCategory>
        <TestCategoryItem TestCategory="Category1000" />
      </TestCategory>
      <Execution id="81f8f210-3783-4267-904d-c0812842c622" />
      <TestMethod codeBase="C:\Projekty\MSTestProject\bin\Debug\netcoreapp3.1\MSTestProject.dll" adapterTypeName="executor://mstestadapter/v2" className="TwojeWesele.Services.Helpers.Tests.CurrencyHelperTests" name="FormatToStringTest1000" />
    </UnitTest>
    <UnitTest name="FormatToStringTest1000 (1799.2562459103092,1799.26 zł)" storage="c:\projekty\mstestproject\bin\debug\netcoreapp3.1\mstestproject.dll" id="40b59df2-d3c3-49d8-9344-8cc3b43e3f81">
      <TestCategory>
        <TestCategoryItem TestCategory="Category1000" />
      </TestCategory>
      <Execution id="76cf6f65-511f-4dae-9560-f066a18c94d0" />
      <TestMethod codeBase="C:\Projekty\MSTestProject\bin\Debug\netcoreapp3.1\MSTestProject.dll" adapterTypeName="executor://mstestadapter/v2" className="TwojeWesele.Services.Helpers.Tests.CurrencyHelperTests" name="FormatToStringTest1000" />
    </UnitTest>
    <UnitTest name="FormatToStringTest1000 (79.6815319544084,79.68 zł)" storage="c:\projekty\mstestproject\bin\debug\netcoreapp3.1\mstestproject.dll" id="7b89447d-ea02-4c26-94df-f403272c2904">
      <TestCategory>
        <TestCategoryItem TestCategory="Category1000" />
      </TestCategory>
      <Execution id="64d42ce9-e278-465c-98ff-cd8c275022e9" />
      <TestMethod codeBase="C:\Projekty\MSTestProject\bin\Debug\netcoreapp3.1\MSTestProject.dll" adapterTypeName="executor://mstestadapter/v2" className="TwojeWesele.Services.Helpers.Tests.CurrencyHelperTests" name="FormatToStringTest1000" />
    </UnitTest>
    <UnitTest name="FormatToStringTest1000 (10527.083945901639,10527.08 zł)" storage="c:\projekty\mstestproject\bin\debug\netcoreapp3.1\mstestproject.dll" id="41b3114b-4187-4ee0-a802-a7442d2b7415">
      <TestCategory>
        <TestCategoryItem TestCategory="Category1000" />
      </TestCategory>
      <Execution id="6d5d1a44-a74c-4b68-ad2f-90cdab118726" />
      <TestMethod codeBase="C:\Projekty\MSTestProject\bin\Debug\netcoreapp3.1\MSTestProject.dll" adapterTypeName="executor://mstestadapter/v2" className="TwojeWesele.Services.Helpers.Tests.CurrencyHelperTests" name="FormatToStringTest1000" />
    </UnitTest>
    <UnitTest name="FormatToStringTest1000 (52032.65082931176,52032.65 zł)" storage="c:\projekty\mstestproject\bin\debug\netcoreapp3.1\mstestproject.dll" id="989a9045-d511-4bb5-8409-f48cf4afddde">
      <TestCategory>
        <TestCategoryItem TestCategory="Category1000" />
      </TestCategory>
      <Execution id="fcf4fd31-3351-4415-ae8f-64d14cafee5c" />
      <TestMethod codeBase="C:\Projekty\MSTestProject\bin\Debug\netcoreapp3.1\MSTestProject.dll" adapterTypeName="executor://mstestadapter/v2" className="TwojeWesele.Services.Helpers.Tests.CurrencyHelperTests" name="FormatToStringTest1000" />
    </UnitTest>
    <UnitTest name="FormatToStringTest1000 (46391.661094229516,46391.66 zł)" storage="c:\projekty\mstestproject\bin\debug\netcoreapp3.1\mstestproject.dll" id="deb99b38-c34e-4d19-989d-5d303a13c998">
      <TestCategory>
        <TestCategoryItem TestCategory="Category1000" />
      </TestCategory>
      <Execution id="421037af-00ac-449f-96de-b3daac86f616" />
      <TestMethod codeBase="C:\Projekty\MSTestProject\bin\Debug\netcoreapp3.1\MSTestProject.dll" adapterTypeName="executor://mstestadapter/v2" className="TwojeWesele.Services.Helpers.Tests.CurrencyHelperTests" name="FormatToStringTest1000" />
    </UnitTest>
    <UnitTest name="FormatToStringTest1000 (1325.1625259114255,1325.16 zł)" storage="c:\projekty\mstestproject\bin\debug\netcoreapp3.1\mstestproject.dll" id="162e9b2a-0f31-4c9a-b790-b14e212aa625">
      <TestCategory>
        <TestCategoryItem TestCategory="Category1000" />
      </TestCategory>
      <Execution id="86e673cf-e903-4c49-8011-2d5a99d076fe" />
      <TestMethod codeBase="C:\Projekty\MSTestProject\bin\Debug\netcoreapp3.1\MSTestProject.dll" adapterTypeName="executor://mstestadapter/v2" className="TwojeWesele.Services.Helpers.Tests.CurrencyHelperTests" name="FormatToStringTest1000" />
    </UnitTest>
    <UnitTest name="FormatToStringTest1000 (34242.181005260056,34242.18 zł)" storage="c:\projekty\mstestproject\bin\debug\netcoreapp3.1\mstestproject.dll" id="fb9985e9-72d6-4048-a6d0-b6ceed95981c">
      <TestCategory>
        <TestCategoryItem TestCategory="Category1000" />
      </TestCategory>
      <Execution id="de989b2d-a092-4d85-8b60-08db0c085d61" />
      <TestMethod codeBase="C:\Projekty\MSTestProject\bin\Debug\netcoreapp3.1\MSTestProject.dll" adapterTypeName="executor://mstestadapter/v2" className="TwojeWesele.Services.Helpers.Tests.CurrencyHelperTests" name="FormatToStringTest1000" />
    </UnitTest>
    <UnitTest name="FormatToStringTest1000 (46166.38051381259,46166.38 zł)" storage="c:\projekty\mstestproject\bin\debug\netcoreapp3.1\mstestproject.dll" id="386457ef-23a4-4cc4-9f91-ac76e2d76ec6">
      <TestCategory>
        <TestCategoryItem TestCategory="Category1000" />
      </TestCategory>
      <Execution id="e046cf3f-b7e0-4691-977e-8a4c3e197b16" />
      <TestMethod codeBase="C:\Projekty\MSTestProject\bin\Debug\netcoreapp3.1\MSTestProject.dll" adapterTypeName="executor://mstestadapter/v2" className="TwojeWesele.Services.Helpers.Tests.CurrencyHelperTests" name="FormatToStringTest1000" />
    </UnitTest>
    <UnitTest name="FormatToStringTest1000 (51408.294679657694,51408.29 zł)" storage="c:\projekty\mstestproject\bin\debug\netcoreapp3.1\mstestproject.dll" id="203e2642-4dcb-419f-873b-9a000f5bc8cf">
      <TestCategory>
        <TestCategoryItem TestCategory="Category1000" />
      </TestCategory>
      <Execution id="8148ef23-82d7-48df-b6d2-1f88e5014812" />
      <TestMethod codeBase="C:\Projekty\MSTestProject\bin\Debug\netcoreapp3.1\MSTestProject.dll" adapterTypeName="executor://mstestadapter/v2" className="TwojeWesele.Services.Helpers.Tests.CurrencyHelperTests" name="FormatToStringTest1000" />
    </UnitTest>
    <UnitTest name="FormatToStringTest1000 (40556.73452524362,40556.73 zł)" storage="c:\projekty\mstestproject\bin\debug\netcoreapp3.1\mstestproject.dll" id="1145ce21-55c5-43e9-ae74-5dd8ea335163">
      <TestCategory>
        <TestCategoryItem TestCategory="Category1000" />
      </TestCategory>
      <Execution id="cf72cabc-a4d5-4bb8-8f70-5a21ea39e73c" />
      <TestMethod codeBase="C:\Projekty\MSTestProject\bin\Debug\netcoreapp3.1\MSTestProject.dll" adapterTypeName="executor://mstestadapter/v2" className="TwojeWesele.Services.Helpers.Tests.CurrencyHelperTests" name="FormatToStringTest1000" />
    </UnitTest>
    <UnitTest name="FormatToStringTest1000 (46898.00219497783,46898.00 zł)" storage="c:\projekty\mstestproject\bin\debug\netcoreapp3.1\mstestproject.dll" id="b6eca0f3-c010-4a53-8e30-8243eb91b986">
      <TestCategory>
        <TestCategoryItem TestCategory="Category1000" />
      </TestCategory>
      <Execution id="cd7b4909-2c7f-44b0-83b4-f39307712257" />
      <TestMethod codeBase="C:\Projekty\MSTestProject\bin\Debug\netcoreapp3.1\MSTestProject.dll" adapterTypeName="executor://mstestadapter/v2" className="TwojeWesele.Services.Helpers.Tests.CurrencyHelperTests" name="FormatToStringTest1000" />
    </UnitTest>
    <UnitTest name="FormatToStringTest1000 (45603.90324273142,45603.90 zł)" storage="c:\projekty\mstestproject\bin\debug\netcoreapp3.1\mstestproject.dll" id="891574d6-a80c-4216-ad60-559ef7c6a92f">
      <TestCategory>
        <TestCategoryItem TestCategory="Category1000" />
      </TestCategory>
      <Execution id="ca11fc95-8502-4563-9323-cd03a262ea1f" />
      <TestMethod codeBase="C:\Projekty\MSTestProject\bin\Debug\netcoreapp3.1\MSTestProject.dll" adapterTypeName="executor://mstestadapter/v2" className="TwojeWesele.Services.Helpers.Tests.CurrencyHelperTests" name="FormatToStringTest1000" />
    </UnitTest>
    <UnitTest name="FormatToStringTest1000 (20640.678251201603,20640.68 zł)" storage="c:\projekty\mstestproject\bin\debug\netcoreapp3.1\mstestproject.dll" id="9746e5a0-f515-4c18-bfc5-5f60e71d9948">
      <TestCategory>
        <TestCategoryItem TestCategory="Category1000" />
      </TestCategory>
      <Execution id="360a5d07-f618-44ad-8119-ba3d07bc30df" />
      <TestMethod codeBase="C:\Projekty\MSTestProject\bin\Debug\netcoreapp3.1\MSTestProject.dll" adapterTypeName="executor://mstestadapter/v2" className="TwojeWesele.Services.Helpers.Tests.CurrencyHelperTests" name="FormatToStringTest1000" />
    </UnitTest>
    <UnitTest name="FormatToStringTest1000 (2292.8331871111104,2292.83 zł)" storage="c:\projekty\mstestproject\bin\debug\netcoreapp3.1\mstestproject.dll" id="7b661e3f-5b4c-4c2e-8f2f-aacb1340d1e8">
      <TestCategory>
        <TestCategoryItem TestCategory="Category1000" />
      </TestCategory>
      <Execution id="93433979-b101-4053-b239-f9fa94d57f25" />
      <TestMethod codeBase="C:\Projekty\MSTestProject\bin\Debug\netcoreapp3.1\MSTestProject.dll" adapterTypeName="executor://mstestadapter/v2" className="TwojeWesele.Services.Helpers.Tests.CurrencyHelperTests" name="FormatToStringTest1000" />
    </UnitTest>
    <UnitTest name="FormatToStringTest1000 (39641.61351217451,39641.61 zł)" storage="c:\projekty\mstestproject\bin\debug\netcoreapp3.1\mstestproject.dll" id="11ed1b89-8c2e-4966-ba34-187758f628d9">
      <TestCategory>
        <TestCategoryItem TestCategory="Category1000" />
      </TestCategory>
      <Execution id="142cdbf8-557a-40d6-86e8-5c85ed778e7f" />
      <TestMethod codeBase="C:\Projekty\MSTestProject\bin\Debug\netcoreapp3.1\MSTestProject.dll" adapterTypeName="executor://mstestadapter/v2" className="TwojeWesele.Services.Helpers.Tests.CurrencyHelperTests" name="FormatToStringTest1000" />
    </UnitTest>
    <UnitTest name="FormatToStringTest1000 (15600.245951180927,15600.25 zł)" storage="c:\projekty\mstestproject\bin\debug\netcoreapp3.1\mstestproject.dll" id="fdd97c6e-eb58-4b1f-91a4-30625c5ea1df">
      <TestCategory>
        <TestCategoryItem TestCategory="Category1000" />
      </TestCategory>
      <Execution id="dd4b2bba-d729-48c4-ba2d-4eb20cbcb287" />
      <TestMethod codeBase="C:\Projekty\MSTestProject\bin\Debug\netcoreapp3.1\MSTestProject.dll" adapterTypeName="executor://mstestadapter/v2" className="TwojeWesele.Services.Helpers.Tests.CurrencyHelperTests" name="FormatToStringTest1000" />
    </UnitTest>
    <UnitTest name="FormatToStringTest1000 (3274.481392617096,3274.48 zł)" storage="c:\projekty\mstestproject\bin\debug\netcoreapp3.1\mstestproject.dll" id="c8a1019a-69ce-4b83-8186-6e6a604c29f7">
      <TestCategory>
        <TestCategoryItem TestCategory="Category1000" />
      </TestCategory>
      <Execution id="05b44455-d469-4f75-b5bc-ecb2490d5409" />
      <TestMethod codeBase="C:\Projekty\MSTestProject\bin\Debug\netcoreapp3.1\MSTestProject.dll" adapterTypeName="executor://mstestadapter/v2" className="TwojeWesele.Services.Helpers.Tests.CurrencyHelperTests" name="FormatToStringTest1000" />
    </UnitTest>
    <UnitTest name="FormatToStringTest1000 (22291.653251342315,22291.65 zł)" storage="c:\projekty\mstestproject\bin\debug\netcoreapp3.1\mstestproject.dll" id="02c2f44a-b792-4ffe-be37-3fcc726e61d7">
      <TestCategory>
        <TestCategoryItem TestCategory="Category1000" />
      </TestCategory>
      <Execution id="8b58d23f-bf89-465f-8d3b-c42dd3b72b50" />
      <TestMethod codeBase="C:\Projekty\MSTestProject\bin\Debug\netcoreapp3.1\MSTestProject.dll" adapterTypeName="executor://mstestadapter/v2" className="TwojeWesele.Services.Helpers.Tests.CurrencyHelperTests" name="FormatToStringTest1000" />
    </UnitTest>
    <UnitTest name="FormatToStringTest1000 (22197.731451777618,22197.73 zł)" storage="c:\projekty\mstestproject\bin\debug\netcoreapp3.1\mstestproject.dll" id="f4cdd879-a466-44cb-b7ee-236db622b7f6">
      <TestCategory>
        <TestCategoryItem TestCategory="Category1000" />
      </TestCategory>
      <Execution id="f95b25cb-a686-45c1-a89b-102767a8fd7b" />
      <TestMethod codeBase="C:\Projekty\MSTestProject\bin\Debug\netcoreapp3.1\MSTestProject.dll" adapterTypeName="executor://mstestadapter/v2" className="TwojeWesele.Services.Helpers.Tests.CurrencyHelperTests" name="FormatToStringTest1000" />
    </UnitTest>
    <UnitTest name="FormatToStringTest1000 (47964.941885361884,47964.94 zł)" storage="c:\projekty\mstestproject\bin\debug\netcoreapp3.1\mstestproject.dll" id="124df2bb-eeec-47fd-a4fd-d30a6f29106c">
      <TestCategory>
        <TestCategoryItem TestCategory="Category1000" />
      </TestCategory>
      <Execution id="61ccfcf6-dad8-475d-91ae-87fb33455d07" />
      <TestMethod codeBase="C:\Projekty\MSTestProject\bin\Debug\netcoreapp3.1\MSTestProject.dll" adapterTypeName="executor://mstestadapter/v2" className="TwojeWesele.Services.Helpers.Tests.CurrencyHelperTests" name="FormatToStringTest1000" />
    </UnitTest>
    <UnitTest name="FormatToStringTest1000 (16161.963229990548,16161.96 zł)" storage="c:\projekty\mstestproject\bin\debug\netcoreapp3.1\mstestproject.dll" id="7dfcbf01-c549-463c-aadb-22ab39560a4c">
      <TestCategory>
        <TestCategoryItem TestCategory="Category1000" />
      </TestCategory>
      <Execution id="0c766365-ab74-4d35-9ef8-b165276a7601" />
      <TestMethod codeBase="C:\Projekty\MSTestProject\bin\Debug\netcoreapp3.1\MSTestProject.dll" adapterTypeName="executor://mstestadapter/v2" className="TwojeWesele.Services.Helpers.Tests.CurrencyHelperTests" name="FormatToStringTest1000" />
    </UnitTest>
    <UnitTest name="FormatToStringTest1000 (14635.510547500808,14635.51 zł)" storage="c:\projekty\mstestproject\bin\debug\netcoreapp3.1\mstestproject.dll" id="4e306cb6-154b-4b4b-91c6-076d6a97d57e">
      <TestCategory>
        <TestCategoryItem TestCategory="Category1000" />
      </TestCategory>
      <Execution id="a875e2bd-7e21-4fd8-8d44-ed2aaa3ac243" />
      <TestMethod codeBase="C:\Projekty\MSTestProject\bin\Debug\netcoreapp3.1\MSTestProject.dll" adapterTypeName="executor://mstestadapter/v2" className="TwojeWesele.Services.Helpers.Tests.CurrencyHelperTests" name="FormatToStringTest1000" />
    </UnitTest>
    <UnitTest name="FormatToStringTest1000 (78519.41691976106,78519.42 zł)" storage="c:\projekty\mstestproject\bin\debug\netcoreapp3.1\mstestproject.dll" id="3f97f943-7899-431c-a6a5-66c71e18c887">
      <TestCategory>
        <TestCategoryItem TestCategory="Category1000" />
      </TestCategory>
      <Execution id="3a8d44fd-f7e5-423f-9a89-59ccf300dae4" />
      <TestMethod codeBase="C:\Projekty\MSTestProject\bin\Debug\netcoreapp3.1\MSTestProject.dll" adapterTypeName="executor://mstestadapter/v2" className="TwojeWesele.Services.Helpers.Tests.CurrencyHelperTests" name="FormatToStringTest1000" />
    </UnitTest>
    <UnitTest name="FormatToStringTest1000 (61633.2671179945,61633.27 zł)" storage="c:\projekty\mstestproject\bin\debug\netcoreapp3.1\mstestproject.dll" id="1a29f7e0-793a-46d5-a4ec-3a04463d6f91">
      <TestCategory>
        <TestCategoryItem TestCategory="Category1000" />
      </TestCategory>
      <Execution id="fda08b62-2ca9-4e22-8eb5-a6a24a0c9533" />
      <TestMethod codeBase="C:\Projekty\MSTestProject\bin\Debug\netcoreapp3.1\MSTestProject.dll" adapterTypeName="executor://mstestadapter/v2" className="TwojeWesele.Services.Helpers.Tests.CurrencyHelperTests" name="FormatToStringTest1000" />
    </UnitTest>
    <UnitTest name="FormatToStringTest1000 (17090.629587323234,17090.63 zł)" storage="c:\projekty\mstestproject\bin\debug\netcoreapp3.1\mstestproject.dll" id="e2115d0b-d7da-4ab9-af94-f02b06ee66d0">
      <TestCategory>
        <TestCategoryItem TestCategory="Category1000" />
      </TestCategory>
      <Execution id="af13cffc-c566-4055-9608-3171c8537403" />
      <TestMethod codeBase="C:\Projekty\MSTestProject\bin\Debug\netcoreapp3.1\MSTestProject.dll" adapterTypeName="executor://mstestadapter/v2" className="TwojeWesele.Services.Helpers.Tests.CurrencyHelperTests" name="FormatToStringTest1000" />
    </UnitTest>
    <UnitTest name="FormatToStringTest1000 (42555.01416107594,42555.01 zł)" storage="c:\projekty\mstestproject\bin\debug\netcoreapp3.1\mstestproject.dll" id="2c44bfed-f944-4ba5-9d33-412ff16842d5">
      <TestCategory>
        <TestCategoryItem TestCategory="Category1000" />
      </TestCategory>
      <Execution id="200dbccb-119f-4439-81c7-6624cbbf7cde" />
      <TestMethod codeBase="C:\Projekty\MSTestProject\bin\Debug\netcoreapp3.1\MSTestProject.dll" adapterTypeName="executor://mstestadapter/v2" className="TwojeWesele.Services.Helpers.Tests.CurrencyHelperTests" name="FormatToStringTest1000" />
    </UnitTest>
    <UnitTest name="FormatToStringTest1000 (3431.864349926759,3431.86 zł)" storage="c:\projekty\mstestproject\bin\debug\netcoreapp3.1\mstestproject.dll" id="cc034693-03f1-4953-9bff-126edad212ff">
      <TestCategory>
        <TestCategoryItem TestCategory="Category1000" />
      </TestCategory>
      <Execution id="21b4d8d5-a534-408a-a82f-fcb5f49076ff" />
      <TestMethod codeBase="C:\Projekty\MSTestProject\bin\Debug\netcoreapp3.1\MSTestProject.dll" adapterTypeName="executor://mstestadapter/v2" className="TwojeWesele.Services.Helpers.Tests.CurrencyHelperTests" name="FormatToStringTest1000" />
    </UnitTest>
    <UnitTest name="FormatToStringTest1000 (6550.421588937948,6550.42 zł)" storage="c:\projekty\mstestproject\bin\debug\netcoreapp3.1\mstestproject.dll" id="4af406c7-edae-4337-bc98-42da0caa98df">
      <TestCategory>
        <TestCategoryItem TestCategory="Category1000" />
      </TestCategory>
      <Execution id="052df89f-37f7-49e1-bb30-46c3f7af23d1" />
      <TestMethod codeBase="C:\Projekty\MSTestProject\bin\Debug\netcoreapp3.1\MSTestProject.dll" adapterTypeName="executor://mstestadapter/v2" className="TwojeWesele.Services.Helpers.Tests.CurrencyHelperTests" name="FormatToStringTest1000" />
    </UnitTest>
    <UnitTest name="FormatToStringTest1000 (33601.357302459124,33601.36 zł)" storage="c:\projekty\mstestproject\bin\debug\netcoreapp3.1\mstestproject.dll" id="8bdcf04f-ac09-4709-8dbf-ff710c255d33">
      <TestCategory>
        <TestCategoryItem TestCategory="Category1000" />
      </TestCategory>
      <Execution id="1cc5a809-4afc-4f07-8166-38fbdd3c4cec" />
      <TestMethod codeBase="C:\Projekty\MSTestProject\bin\Debug\netcoreapp3.1\MSTestProject.dll" adapterTypeName="executor://mstestadapter/v2" className="TwojeWesele.Services.Helpers.Tests.CurrencyHelperTests" name="FormatToStringTest1000" />
    </UnitTest>
    <UnitTest name="FormatToStringTest1000 (29678.921519093645,29678.92 zł)" storage="c:\projekty\mstestproject\bin\debug\netcoreapp3.1\mstestproject.dll" id="a9e39bee-5aa1-41d4-b1bf-2ca59815153a">
      <TestCategory>
        <TestCategoryItem TestCategory="Category1000" />
      </TestCategory>
      <Execution id="22b57236-cbaf-407c-9c0a-cd7cb935c518" />
      <TestMethod codeBase="C:\Projekty\MSTestProject\bin\Debug\netcoreapp3.1\MSTestProject.dll" adapterTypeName="executor://mstestadapter/v2" className="TwojeWesele.Services.Helpers.Tests.CurrencyHelperTests" name="FormatToStringTest1000" />
    </UnitTest>
    <UnitTest name="FormatToStringTest1000 (972.1468308629221,972.15 zł)" storage="c:\projekty\mstestproject\bin\debug\netcoreapp3.1\mstestproject.dll" id="f97596b7-6eb3-4c82-8c51-8ece18214968">
      <TestCategory>
        <TestCategoryItem TestCategory="Category1000" />
      </TestCategory>
      <Execution id="0a167a0a-7aca-452a-9c95-b829450169ee" />
      <TestMethod codeBase="C:\Projekty\MSTestProject\bin\Debug\netcoreapp3.1\MSTestProject.dll" adapterTypeName="executor://mstestadapter/v2" className="TwojeWesele.Services.Helpers.Tests.CurrencyHelperTests" name="FormatToStringTest1000" />
    </UnitTest>
    <UnitTest name="FormatToStringTest1000 (29917.15005391145,29917.15 zł)" storage="c:\projekty\mstestproject\bin\debug\netcoreapp3.1\mstestproject.dll" id="d8c205d6-f337-47ea-acc1-686e2ca3c547">
      <TestCategory>
        <TestCategoryItem TestCategory="Category1000" />
      </TestCategory>
      <Execution id="4caa98bf-b86a-465f-becb-d533d0068e8d" />
      <TestMethod codeBase="C:\Projekty\MSTestProject\bin\Debug\netcoreapp3.1\MSTestProject.dll" adapterTypeName="executor://mstestadapter/v2" className="TwojeWesele.Services.Helpers.Tests.CurrencyHelperTests" name="FormatToStringTest1000" />
    </UnitTest>
    <UnitTest name="FormatToStringTest1000 (48544.390887578666,48544.39 zł)" storage="c:\projekty\mstestproject\bin\debug\netcoreapp3.1\mstestproject.dll" id="e127f886-3290-4e23-8e97-a0e64bb5c530">
      <TestCategory>
        <TestCategoryItem TestCategory="Category1000" />
      </TestCategory>
      <Execution id="8ff4d2a9-9f1b-4015-b0bf-960424d5eff2" />
      <TestMethod codeBase="C:\Projekty\MSTestProject\bin\Debug\netcoreapp3.1\MSTestProject.dll" adapterTypeName="executor://mstestadapter/v2" className="TwojeWesele.Services.Helpers.Tests.CurrencyHelperTests" name="FormatToStringTest1000" />
    </UnitTest>
    <UnitTest name="FormatToStringTest1000 (4094.6752323977066,4094.68 zł)" storage="c:\projekty\mstestproject\bin\debug\netcoreapp3.1\mstestproject.dll" id="d57526ad-cbc2-4d9f-844c-d9f9c4504aeb">
      <TestCategory>
        <TestCategoryItem TestCategory="Category1000" />
      </TestCategory>
      <Execution id="6abfd519-e1dd-42b5-a9ea-bc36747b4baa" />
      <TestMethod codeBase="C:\Projekty\MSTestProject\bin\Debug\netcoreapp3.1\MSTestProject.dll" adapterTypeName="executor://mstestadapter/v2" className="TwojeWesele.Services.Helpers.Tests.CurrencyHelperTests" name="FormatToStringTest1000" />
    </UnitTest>
    <UnitTest name="FormatToStringTest1000 (25084.19182667238,25084.19 zł)" storage="c:\projekty\mstestproject\bin\debug\netcoreapp3.1\mstestproject.dll" id="1b158134-be75-40ee-8727-9600d242e6d3">
      <TestCategory>
        <TestCategoryItem TestCategory="Category1000" />
      </TestCategory>
      <Execution id="0a183bd6-ac2e-4d64-8cc8-388ff94d8ffc" />
      <TestMethod codeBase="C:\Projekty\MSTestProject\bin\Debug\netcoreapp3.1\MSTestProject.dll" adapterTypeName="executor://mstestadapter/v2" className="TwojeWesele.Services.Helpers.Tests.CurrencyHelperTests" name="FormatToStringTest1000" />
    </UnitTest>
    <UnitTest name="FormatToStringTest1000 (2115.5076919884923,2115.51 zł)" storage="c:\projekty\mstestproject\bin\debug\netcoreapp3.1\mstestproject.dll" id="eb8d3548-25df-4ce0-be99-51c4cc917059">
      <TestCategory>
        <TestCategoryItem TestCategory="Category1000" />
      </TestCategory>
      <Execution id="202e3122-fad1-4058-83a1-b8193d75bc66" />
      <TestMethod codeBase="C:\Projekty\MSTestProject\bin\Debug\netcoreapp3.1\MSTestProject.dll" adapterTypeName="executor://mstestadapter/v2" className="TwojeWesele.Services.Helpers.Tests.CurrencyHelperTests" name="FormatToStringTest1000" />
    </UnitTest>
    <UnitTest name="FormatToStringTest1000 (5628.028273674672,5628.03 zł)" storage="c:\projekty\mstestproject\bin\debug\netcoreapp3.1\mstestproject.dll" id="d6e33d40-3698-4d22-a17d-7c5886fb077f">
      <TestCategory>
        <TestCategoryItem TestCategory="Category1000" />
      </TestCategory>
      <Execution id="40e51528-9e94-4b1a-8340-3cde9f8e2abc" />
      <TestMethod codeBase="C:\Projekty\MSTestProject\bin\Debug\netcoreapp3.1\MSTestProject.dll" adapterTypeName="executor://mstestadapter/v2" className="TwojeWesele.Services.Helpers.Tests.CurrencyHelperTests" name="FormatToStringTest1000" />
    </UnitTest>
    <UnitTest name="FormatToStringTest1000 (31799.68317462815,31799.68 zł)" storage="c:\projekty\mstestproject\bin\debug\netcoreapp3.1\mstestproject.dll" id="feed9c2d-ca98-4e4e-b015-449875f1d61c">
      <TestCategory>
        <TestCategoryItem TestCategory="Category1000" />
      </TestCategory>
      <Execution id="93ca96b5-e756-4e9f-9500-a88a2e9e765c" />
      <TestMethod codeBase="C:\Projekty\MSTestProject\bin\Debug\netcoreapp3.1\MSTestProject.dll" adapterTypeName="executor://mstestadapter/v2" className="TwojeWesele.Services.Helpers.Tests.CurrencyHelperTests" name="FormatToStringTest1000" />
    </UnitTest>
    <UnitTest name="FormatToStringTest1000 (70581.91150977784,70581.91 zł)" storage="c:\projekty\mstestproject\bin\debug\netcoreapp3.1\mstestproject.dll" id="0a4afd62-f8a8-4ea2-8aa9-0d63642027d0">
      <TestCategory>
        <TestCategoryItem TestCategory="Category1000" />
      </TestCategory>
      <Execution id="0f3c73af-7fbc-4fbb-8aed-3e9a230fb334" />
      <TestMethod codeBase="C:\Projekty\MSTestProject\bin\Debug\netcoreapp3.1\MSTestProject.dll" adapterTypeName="executor://mstestadapter/v2" className="TwojeWesele.Services.Helpers.Tests.CurrencyHelperTests" name="FormatToStringTest1000" />
    </UnitTest>
    <UnitTest name="FormatToStringTest1000 (31805.23430354532,31805.23 zł)" storage="c:\projekty\mstestproject\bin\debug\netcoreapp3.1\mstestproject.dll" id="8c5b6b49-3686-4890-9f15-b23dc8789931">
      <TestCategory>
        <TestCategoryItem TestCategory="Category1000" />
      </TestCategory>
      <Execution id="6f6d61a7-91fc-4a15-af2e-b4c80b57dbd9" />
      <TestMethod codeBase="C:\Projekty\MSTestProject\bin\Debug\netcoreapp3.1\MSTestProject.dll" adapterTypeName="executor://mstestadapter/v2" className="TwojeWesele.Services.Helpers.Tests.CurrencyHelperTests" name="FormatToStringTest1000" />
    </UnitTest>
    <UnitTest name="FormatToStringTest1000 (5108.217389855635,5108.22 zł)" storage="c:\projekty\mstestproject\bin\debug\netcoreapp3.1\mstestproject.dll" id="45826668-8987-4018-b2c6-172d8b7305d1">
      <TestCategory>
        <TestCategoryItem TestCategory="Category1000" />
      </TestCategory>
      <Execution id="82c1fcca-50f1-42c6-8316-a51d9abd1d2a" />
      <TestMethod codeBase="C:\Projekty\MSTestProject\bin\Debug\netcoreapp3.1\MSTestProject.dll" adapterTypeName="executor://mstestadapter/v2" className="TwojeWesele.Services.Helpers.Tests.CurrencyHelperTests" name="FormatToStringTest1000" />
    </UnitTest>
    <UnitTest name="FormatToStringTest1000 (12831.146874380833,12831.15 zł)" storage="c:\projekty\mstestproject\bin\debug\netcoreapp3.1\mstestproject.dll" id="e351f6c9-51d6-4d04-9e61-1a9d7c872a0d">
      <TestCategory>
        <TestCategoryItem TestCategory="Category1000" />
      </TestCategory>
      <Execution id="f7fbd760-cfc9-4ac5-85fc-c7c106ff19c7" />
      <TestMethod codeBase="C:\Projekty\MSTestProject\bin\Debug\netcoreapp3.1\MSTestProject.dll" adapterTypeName="executor://mstestadapter/v2" className="TwojeWesele.Services.Helpers.Tests.CurrencyHelperTests" name="FormatToStringTest1000" />
    </UnitTest>
    <UnitTest name="FormatToStringTest1000 (6417.5922460628635,6417.59 zł)" storage="c:\projekty\mstestproject\bin\debug\netcoreapp3.1\mstestproject.dll" id="6905786f-68d8-4972-8967-4de79613327b">
      <TestCategory>
        <TestCategoryItem TestCategory="Category1000" />
      </TestCategory>
      <Execution id="69e866ad-d2b6-4d2c-b309-5c8be60e7971" />
      <TestMethod codeBase="C:\Projekty\MSTestProject\bin\Debug\netcoreapp3.1\MSTestProject.dll" adapterTypeName="executor://mstestadapter/v2" className="TwojeWesele.Services.Helpers.Tests.CurrencyHelperTests" name="FormatToStringTest1000" />
    </UnitTest>
    <UnitTest name="FormatToStringTest1000 (26015.8311952552,26015.83 zł)" storage="c:\projekty\mstestproject\bin\debug\netcoreapp3.1\mstestproject.dll" id="4caa102a-fe40-4370-bba7-bad30e5d5118">
      <TestCategory>
        <TestCategoryItem TestCategory="Category1000" />
      </TestCategory>
      <Execution id="71373dc1-bc12-4f04-b268-9b0c18837c05" />
      <TestMethod codeBase="C:\Projekty\MSTestProject\bin\Debug\netcoreapp3.1\MSTestProject.dll" adapterTypeName="executor://mstestadapter/v2" className="TwojeWesele.Services.Helpers.Tests.CurrencyHelperTests" name="FormatToStringTest1000" />
    </UnitTest>
    <UnitTest name="FormatToStringTest1000 (58191.92113629585,58191.92 zł)" storage="c:\projekty\mstestproject\bin\debug\netcoreapp3.1\mstestproject.dll" id="ffa584bd-82ed-430d-8370-6c82c07e2b9a">
      <TestCategory>
        <TestCategoryItem TestCategory="Category1000" />
      </TestCategory>
      <Execution id="acf54022-c84b-4f20-99a3-e77412f71d98" />
      <TestMethod codeBase="C:\Projekty\MSTestProject\bin\Debug\netcoreapp3.1\MSTestProject.dll" adapterTypeName="executor://mstestadapter/v2" className="TwojeWesele.Services.Helpers.Tests.CurrencyHelperTests" name="FormatToStringTest1000" />
    </UnitTest>
    <UnitTest name="FormatToStringTest1000 (56373.35086238494,56373.35 zł)" storage="c:\projekty\mstestproject\bin\debug\netcoreapp3.1\mstestproject.dll" id="aa4bf8e3-e73e-40f2-8125-1d2e98271e46">
      <TestCategory>
        <TestCategoryItem TestCategory="Category1000" />
      </TestCategory>
      <Execution id="66635429-3daf-4c00-8bab-3a4519d64a4c" />
      <TestMethod codeBase="C:\Projekty\MSTestProject\bin\Debug\netcoreapp3.1\MSTestProject.dll" adapterTypeName="executor://mstestadapter/v2" className="TwojeWesele.Services.Helpers.Tests.CurrencyHelperTests" name="FormatToStringTest1000" />
    </UnitTest>
    <UnitTest name="FormatToStringTest1000 (36969.98585167247,36969.99 zł)" storage="c:\projekty\mstestproject\bin\debug\netcoreapp3.1\mstestproject.dll" id="b3c17508-8c82-44a3-913c-1ce4e3057ecc">
      <TestCategory>
        <TestCategoryItem TestCategory="Category1000" />
      </TestCategory>
      <Execution id="9c7030f5-644a-4ed2-bbcc-43c6c261bd0a" />
      <TestMethod codeBase="C:\Projekty\MSTestProject\bin\Debug\netcoreapp3.1\MSTestProject.dll" adapterTypeName="executor://mstestadapter/v2" className="TwojeWesele.Services.Helpers.Tests.CurrencyHelperTests" name="FormatToStringTest1000" />
    </UnitTest>
    <UnitTest name="FormatToStringTest1000 (6429.44273095552,6429.44 zł)" storage="c:\projekty\mstestproject\bin\debug\netcoreapp3.1\mstestproject.dll" id="eb1158f1-251d-4aa5-8fea-9d75975a639c">
      <TestCategory>
        <TestCategoryItem TestCategory="Category1000" />
      </TestCategory>
      <Execution id="27a17170-101d-441a-8d3b-f16dcb696c35" />
      <TestMethod codeBase="C:\Projekty\MSTestProject\bin\Debug\netcoreapp3.1\MSTestProject.dll" adapterTypeName="executor://mstestadapter/v2" className="TwojeWesele.Services.Helpers.Tests.CurrencyHelperTests" name="FormatToStringTest1000" />
    </UnitTest>
    <UnitTest name="FormatToStringTest1000 (96022.24851977557,96022.25 zł)" storage="c:\projekty\mstestproject\bin\debug\netcoreapp3.1\mstestproject.dll" id="2dbc4d8c-20aa-4b92-b537-9b2d26c21801">
      <TestCategory>
        <TestCategoryItem TestCategory="Category1000" />
      </TestCategory>
      <Execution id="4017ce05-146a-420a-a017-c0fb9f8fe524" />
      <TestMethod codeBase="C:\Projekty\MSTestProject\bin\Debug\netcoreapp3.1\MSTestProject.dll" adapterTypeName="executor://mstestadapter/v2" className="TwojeWesele.Services.Helpers.Tests.CurrencyHelperTests" name="FormatToStringTest1000" />
    </UnitTest>
    <UnitTest name="FormatToStringTest1000 (13375.96341587415,13375.96 zł)" storage="c:\projekty\mstestproject\bin\debug\netcoreapp3.1\mstestproject.dll" id="e950061e-ed51-44b4-b544-75f57ced69c0">
      <TestCategory>
        <TestCategoryItem TestCategory="Category1000" />
      </TestCategory>
      <Execution id="9714fce0-0ae9-4a57-b14b-563301186b74" />
      <TestMethod codeBase="C:\Projekty\MSTestProject\bin\Debug\netcoreapp3.1\MSTestProject.dll" adapterTypeName="executor://mstestadapter/v2" className="TwojeWesele.Services.Helpers.Tests.CurrencyHelperTests" name="FormatToStringTest1000" />
    </UnitTest>
    <UnitTest name="FormatToStringTest1000 (54578.37303904275,54578.37 zł)" storage="c:\projekty\mstestproject\bin\debug\netcoreapp3.1\mstestproject.dll" id="341ada7a-d902-47ba-b297-9af0bdeeceb2">
      <TestCategory>
        <TestCategoryItem TestCategory="Category1000" />
      </TestCategory>
      <Execution id="8b2e1f3f-8199-4850-8295-46df4fdf947b" />
      <TestMethod codeBase="C:\Projekty\MSTestProject\bin\Debug\netcoreapp3.1\MSTestProject.dll" adapterTypeName="executor://mstestadapter/v2" className="TwojeWesele.Services.Helpers.Tests.CurrencyHelperTests" name="FormatToStringTest1000" />
    </UnitTest>
    <UnitTest name="FormatToStringTest1000 (68479.93492677805,68479.93 zł)" storage="c:\projekty\mstestproject\bin\debug\netcoreapp3.1\mstestproject.dll" id="f767abbd-7ca2-4257-b76b-614753cd190d">
      <TestCategory>
        <TestCategoryItem TestCategory="Category1000" />
      </TestCategory>
      <Execution id="45e71339-3d4f-4e29-adaa-e180a22f154e" />
      <TestMethod codeBase="C:\Projekty\MSTestProject\bin\Debug\netcoreapp3.1\MSTestProject.dll" adapterTypeName="executor://mstestadapter/v2" className="TwojeWesele.Services.Helpers.Tests.CurrencyHelperTests" name="FormatToStringTest1000" />
    </UnitTest>
    <UnitTest name="FormatToStringTest1000 (964.9678631783313,964.97 zł)" storage="c:\projekty\mstestproject\bin\debug\netcoreapp3.1\mstestproject.dll" id="cd440fc0-3b76-4a42-ba17-1c4bac4ed666">
      <TestCategory>
        <TestCategoryItem TestCategory="Category1000" />
      </TestCategory>
      <Execution id="c93430ed-93c1-4710-8562-2de1c83e469c" />
      <TestMethod codeBase="C:\Projekty\MSTestProject\bin\Debug\netcoreapp3.1\MSTestProject.dll" adapterTypeName="executor://mstestadapter/v2" className="TwojeWesele.Services.Helpers.Tests.CurrencyHelperTests" name="FormatToStringTest1000" />
    </UnitTest>
    <UnitTest name="FormatToStringTest1000 (74152.7503934562,74152.75 zł)" storage="c:\projekty\mstestproject\bin\debug\netcoreapp3.1\mstestproject.dll" id="9bf88be1-1585-4433-b811-0e1d6880bc7b">
      <TestCategory>
        <TestCategoryItem TestCategory="Category1000" />
      </TestCategory>
      <Execution id="8cfc10fd-d98c-406b-9ac5-ba984858ebb5" />
      <TestMethod codeBase="C:\Projekty\MSTestProject\bin\Debug\netcoreapp3.1\MSTestProject.dll" adapterTypeName="executor://mstestadapter/v2" className="TwojeWesele.Services.Helpers.Tests.CurrencyHelperTests" name="FormatToStringTest1000" />
    </UnitTest>
    <UnitTest name="FormatToStringTest1000 (9628.688698104437,9628.69 zł)" storage="c:\projekty\mstestproject\bin\debug\netcoreapp3.1\mstestproject.dll" id="83cecdb4-6ea4-43b0-91f5-9484e3b2c0b3">
      <TestCategory>
        <TestCategoryItem TestCategory="Category1000" />
      </TestCategory>
      <Execution id="02b76d58-06c5-44c4-be48-dc77d7839f7b" />
      <TestMethod codeBase="C:\Projekty\MSTestProject\bin\Debug\netcoreapp3.1\MSTestProject.dll" adapterTypeName="executor://mstestadapter/v2" className="TwojeWesele.Services.Helpers.Tests.CurrencyHelperTests" name="FormatToStringTest1000" />
    </UnitTest>
    <UnitTest name="FormatToStringTest1000 (2937.138486199611,2937.14 zł)" storage="c:\projekty\mstestproject\bin\debug\netcoreapp3.1\mstestproject.dll" id="43da555b-8f56-4492-b6f8-3a060c093a2c">
      <TestCategory>
        <TestCategoryItem TestCategory="Category1000" />
      </TestCategory>
      <Execution id="54720e84-1f9b-47cd-b7f3-9619b7b7e45c" />
      <TestMethod codeBase="C:\Projekty\MSTestProject\bin\Debug\netcoreapp3.1\MSTestProject.dll" adapterTypeName="executor://mstestadapter/v2" className="TwojeWesele.Services.Helpers.Tests.CurrencyHelperTests" name="FormatToStringTest1000" />
    </UnitTest>
    <UnitTest name="FormatToStringTest1000 (6838.422316571894,6838.42 zł)" storage="c:\projekty\mstestproject\bin\debug\netcoreapp3.1\mstestproject.dll" id="4050b1fa-f59e-434f-a130-5ea1df7d408b">
      <TestCategory>
        <TestCategoryItem TestCategory="Category1000" />
      </TestCategory>
      <Execution id="983ab050-2a33-4cac-93fd-9550bd4f9bcc" />
      <TestMethod codeBase="C:\Projekty\MSTestProject\bin\Debug\netcoreapp3.1\MSTestProject.dll" adapterTypeName="executor://mstestadapter/v2" className="TwojeWesele.Services.Helpers.Tests.CurrencyHelperTests" name="FormatToStringTest1000" />
    </UnitTest>
    <UnitTest name="FormatToStringTest1000 (7891.960478953067,7891.96 zł)" storage="c:\projekty\mstestproject\bin\debug\netcoreapp3.1\mstestproject.dll" id="a8e6aa76-a9ab-4c7b-aa1b-a624730b4dc5">
      <TestCategory>
        <TestCategoryItem TestCategory="Category1000" />
      </TestCategory>
      <Execution id="9402d79d-90d3-4e04-a7a1-f921e5b98d83" />
      <TestMethod codeBase="C:\Projekty\MSTestProject\bin\Debug\netcoreapp3.1\MSTestProject.dll" adapterTypeName="executor://mstestadapter/v2" className="TwojeWesele.Services.Helpers.Tests.CurrencyHelperTests" name="FormatToStringTest1000" />
    </UnitTest>
    <UnitTest name="FormatToStringTest1000 (3700.029953029021,3700.03 zł)" storage="c:\projekty\mstestproject\bin\debug\netcoreapp3.1\mstestproject.dll" id="71bf9b12-34bd-438a-963d-0bc0ed118151">
      <TestCategory>
        <TestCategoryItem TestCategory="Category1000" />
      </TestCategory>
      <Execution id="5c8ecc0f-a5d9-4df8-9819-d5f6aa33685b" />
      <TestMethod codeBase="C:\Projekty\MSTestProject\bin\Debug\netcoreapp3.1\MSTestProject.dll" adapterTypeName="executor://mstestadapter/v2" className="TwojeWesele.Services.Helpers.Tests.CurrencyHelperTests" name="FormatToStringTest1000" />
    </UnitTest>
    <UnitTest name="FormatToStringTest1000 (1745.490603896552,1745.49 zł)" storage="c:\projekty\mstestproject\bin\debug\netcoreapp3.1\mstestproject.dll" id="1637e800-210c-42a0-830a-31701e509654">
      <TestCategory>
        <TestCategoryItem TestCategory="Category1000" />
      </TestCategory>
      <Execution id="adde29e7-ca4d-4897-b757-b11ca627de37" />
      <TestMethod codeBase="C:\Projekty\MSTestProject\bin\Debug\netcoreapp3.1\MSTestProject.dll" adapterTypeName="executor://mstestadapter/v2" className="TwojeWesele.Services.Helpers.Tests.CurrencyHelperTests" name="FormatToStringTest1000" />
    </UnitTest>
    <UnitTest name="FormatToStringTest1000 (8697.074631143862,8697.07 zł)" storage="c:\projekty\mstestproject\bin\debug\netcoreapp3.1\mstestproject.dll" id="3a9be145-1ba9-4aa9-beab-0544568394f1">
      <TestCategory>
        <TestCategoryItem TestCategory="Category1000" />
      </TestCategory>
      <Execution id="4d82b456-2901-4911-abcf-f22fb09f241b" />
      <TestMethod codeBase="C:\Projekty\MSTestProject\bin\Debug\netcoreapp3.1\MSTestProject.dll" adapterTypeName="executor://mstestadapter/v2" className="TwojeWesele.Services.Helpers.Tests.CurrencyHelperTests" name="FormatToStringTest1000" />
    </UnitTest>
    <UnitTest name="FormatToStringTest1000 (55030.929183896136,55030.93 zł)" storage="c:\projekty\mstestproject\bin\debug\netcoreapp3.1\mstestproject.dll" id="e82a9258-ce5b-4563-91a1-99ff1799dd3b">
      <TestCategory>
        <TestCategoryItem TestCategory="Category1000" />
      </TestCategory>
      <Execution id="2ce17a2b-14ed-4e93-9b4e-00aeaebca585" />
      <TestMethod codeBase="C:\Projekty\MSTestProject\bin\Debug\netcoreapp3.1\MSTestProject.dll" adapterTypeName="executor://mstestadapter/v2" className="TwojeWesele.Services.Helpers.Tests.CurrencyHelperTests" name="FormatToStringTest1000" />
    </UnitTest>
    <UnitTest name="FormatToStringTest1000 (89093.57120939044,89093.57 zł)" storage="c:\projekty\mstestproject\bin\debug\netcoreapp3.1\mstestproject.dll" id="a1efa865-328f-4b9f-ab37-2fe857a3a6c3">
      <TestCategory>
        <TestCategoryItem TestCategory="Category1000" />
      </TestCategory>
      <Execution id="a901341f-307f-4094-b173-0c84cc3da0de" />
      <TestMethod codeBase="C:\Projekty\MSTestProject\bin\Debug\netcoreapp3.1\MSTestProject.dll" adapterTypeName="executor://mstestadapter/v2" className="TwojeWesele.Services.Helpers.Tests.CurrencyHelperTests" name="FormatToStringTest1000" />
    </UnitTest>
    <UnitTest name="FormatToStringTest1000 (20012.898273490322,20012.90 zł)" storage="c:\projekty\mstestproject\bin\debug\netcoreapp3.1\mstestproject.dll" id="2f850ed5-0abb-485a-9c29-28c291807844">
      <TestCategory>
        <TestCategoryItem TestCategory="Category1000" />
      </TestCategory>
      <Execution id="adc6d10b-99c4-44bc-a4d0-d48945e8ef46" />
      <TestMethod codeBase="C:\Projekty\MSTestProject\bin\Debug\netcoreapp3.1\MSTestProject.dll" adapterTypeName="executor://mstestadapter/v2" className="TwojeWesele.Services.Helpers.Tests.CurrencyHelperTests" name="FormatToStringTest1000" />
    </UnitTest>
    <UnitTest name="FormatToStringTest1000 (11181.228339251702,11181.23 zł)" storage="c:\projekty\mstestproject\bin\debug\netcoreapp3.1\mstestproject.dll" id="583158cd-beda-4410-b9f6-6cb4c33e6dd8">
      <TestCategory>
        <TestCategoryItem TestCategory="Category1000" />
      </TestCategory>
      <Execution id="0dc24f23-8630-4db3-98c3-a947f72a75f8" />
      <TestMethod codeBase="C:\Projekty\MSTestProject\bin\Debug\netcoreapp3.1\MSTestProject.dll" adapterTypeName="executor://mstestadapter/v2" className="TwojeWesele.Services.Helpers.Tests.CurrencyHelperTests" name="FormatToStringTest1000" />
    </UnitTest>
    <UnitTest name="FormatToStringTest1000 (17031.365705376662,17031.37 zł)" storage="c:\projekty\mstestproject\bin\debug\netcoreapp3.1\mstestproject.dll" id="388a6c1c-4169-4891-94da-6917fc303f11">
      <TestCategory>
        <TestCategoryItem TestCategory="Category1000" />
      </TestCategory>
      <Execution id="2b6d0e10-94bc-4c8a-8362-a7e55b9953ad" />
      <TestMethod codeBase="C:\Projekty\MSTestProject\bin\Debug\netcoreapp3.1\MSTestProject.dll" adapterTypeName="executor://mstestadapter/v2" className="TwojeWesele.Services.Helpers.Tests.CurrencyHelperTests" name="FormatToStringTest1000" />
    </UnitTest>
    <UnitTest name="FormatToStringTest1000 (24825.207513729205,24825.21 zł)" storage="c:\projekty\mstestproject\bin\debug\netcoreapp3.1\mstestproject.dll" id="4af71881-4137-4a37-a249-f30ee599a0fb">
      <TestCategory>
        <TestCategoryItem TestCategory="Category1000" />
      </TestCategory>
      <Execution id="e0faa94f-8a96-4f40-8340-17f8fcc43ca7" />
      <TestMethod codeBase="C:\Projekty\MSTestProject\bin\Debug\netcoreapp3.1\MSTestProject.dll" adapterTypeName="executor://mstestadapter/v2" className="TwojeWesele.Services.Helpers.Tests.CurrencyHelperTests" name="FormatToStringTest1000" />
    </UnitTest>
    <UnitTest name="FormatToStringTest1000 (1741.3334432818617,1741.33 zł)" storage="c:\projekty\mstestproject\bin\debug\netcoreapp3.1\mstestproject.dll" id="225b0726-e070-4327-80d8-c91de98b8a29">
      <TestCategory>
        <TestCategoryItem TestCategory="Category1000" />
      </TestCategory>
      <Execution id="a857b343-1495-4adb-8750-fb1a5af76f8a" />
      <TestMethod codeBase="C:\Projekty\MSTestProject\bin\Debug\netcoreapp3.1\MSTestProject.dll" adapterTypeName="executor://mstestadapter/v2" className="TwojeWesele.Services.Helpers.Tests.CurrencyHelperTests" name="FormatToStringTest1000" />
    </UnitTest>
    <UnitTest name="FormatToStringTest1000 (27629.79121039193,27629.79 zł)" storage="c:\projekty\mstestproject\bin\debug\netcoreapp3.1\mstestproject.dll" id="a88f4719-1d73-4bd8-ae5f-2af78bd93fe1">
      <TestCategory>
        <TestCategoryItem TestCategory="Category1000" />
      </TestCategory>
      <Execution id="6ea80010-b236-465d-82f5-b67c4f6fd26e" />
      <TestMethod codeBase="C:\Projekty\MSTestProject\bin\Debug\netcoreapp3.1\MSTestProject.dll" adapterTypeName="executor://mstestadapter/v2" className="TwojeWesele.Services.Helpers.Tests.CurrencyHelperTests" name="FormatToStringTest1000" />
    </UnitTest>
    <UnitTest name="FormatToStringTest1000 (26133.133789601336,26133.13 zł)" storage="c:\projekty\mstestproject\bin\debug\netcoreapp3.1\mstestproject.dll" id="61fe05af-9da7-4b1a-a4d5-6aac7c71951f">
      <TestCategory>
        <TestCategoryItem TestCategory="Category1000" />
      </TestCategory>
      <Execution id="413d8608-d657-4668-85b7-72a77e8ad1b7" />
      <TestMethod codeBase="C:\Projekty\MSTestProject\bin\Debug\netcoreapp3.1\MSTestProject.dll" adapterTypeName="executor://mstestadapter/v2" className="TwojeWesele.Services.Helpers.Tests.CurrencyHelperTests" name="FormatToStringTest1000" />
    </UnitTest>
    <UnitTest name="FormatToStringTest1000 (1994.0983933439006,1994.10 zł)" storage="c:\projekty\mstestproject\bin\debug\netcoreapp3.1\mstestproject.dll" id="5dd2283b-af1d-4b8d-8a04-e304a3c67b84">
      <TestCategory>
        <TestCategoryItem TestCategory="Category1000" />
      </TestCategory>
      <Execution id="3aafeafc-06f4-481d-923e-3d66c23ed9bb" />
      <TestMethod codeBase="C:\Projekty\MSTestProject\bin\Debug\netcoreapp3.1\MSTestProject.dll" adapterTypeName="executor://mstestadapter/v2" className="TwojeWesele.Services.Helpers.Tests.CurrencyHelperTests" name="FormatToStringTest1000" />
    </UnitTest>
    <UnitTest name="FormatToStringTest1000 (72659.37876478041,72659.38 zł)" storage="c:\projekty\mstestproject\bin\debug\netcoreapp3.1\mstestproject.dll" id="5df12df4-43cd-42e6-8ae2-cc9e09e0d5c2">
      <TestCategory>
        <TestCategoryItem TestCategory="Category1000" />
      </TestCategory>
      <Execution id="a4391660-0c0b-4ffe-8d91-85ec4fbf9869" />
      <TestMethod codeBase="C:\Projekty\MSTestProject\bin\Debug\netcoreapp3.1\MSTestProject.dll" adapterTypeName="executor://mstestadapter/v2" className="TwojeWesele.Services.Helpers.Tests.CurrencyHelperTests" name="FormatToStringTest1000" />
    </UnitTest>
    <UnitTest name="FormatToStringTest1000 (31391.358864880804,31391.36 zł)" storage="c:\projekty\mstestproject\bin\debug\netcoreapp3.1\mstestproject.dll" id="e2698727-f5fb-4cce-8ca8-ccab73f984bd">
      <TestCategory>
        <TestCategoryItem TestCategory="Category1000" />
      </TestCategory>
      <Execution id="b40a04aa-f0c2-4925-9b16-215d0c6c1bd7" />
      <TestMethod codeBase="C:\Projekty\MSTestProject\bin\Debug\netcoreapp3.1\MSTestProject.dll" adapterTypeName="executor://mstestadapter/v2" className="TwojeWesele.Services.Helpers.Tests.CurrencyHelperTests" name="FormatToStringTest1000" />
    </UnitTest>
    <UnitTest name="FormatToStringTest1000 (1187.8237780126854,1187.82 zł)" storage="c:\projekty\mstestproject\bin\debug\netcoreapp3.1\mstestproject.dll" id="a6ea9b17-7db4-4657-9861-067cd9ac3568">
      <TestCategory>
        <TestCategoryItem TestCategory="Category1000" />
      </TestCategory>
      <Execution id="c73c8a50-859b-483f-8692-8e19861d7cfe" />
      <TestMethod codeBase="C:\Projekty\MSTestProject\bin\Debug\netcoreapp3.1\MSTestProject.dll" adapterTypeName="executor://mstestadapter/v2" className="TwojeWesele.Services.Helpers.Tests.CurrencyHelperTests" name="FormatToStringTest1000" />
    </UnitTest>
    <UnitTest name="FormatToStringTest1000 (5279.315995182524,5279.32 zł)" storage="c:\projekty\mstestproject\bin\debug\netcoreapp3.1\mstestproject.dll" id="15997767-b5a9-45d7-b48f-01bd20bc9c12">
      <TestCategory>
        <TestCategoryItem TestCategory="Category1000" />
      </TestCategory>
      <Execution id="5b80558f-1363-4b8e-949d-55c65f789705" />
      <TestMethod codeBase="C:\Projekty\MSTestProject\bin\Debug\netcoreapp3.1\MSTestProject.dll" adapterTypeName="executor://mstestadapter/v2" className="TwojeWesele.Services.Helpers.Tests.CurrencyHelperTests" name="FormatToStringTest1000" />
    </UnitTest>
    <UnitTest name="FormatToStringTest1000 (70432.00656616595,70432.01 zł)" storage="c:\projekty\mstestproject\bin\debug\netcoreapp3.1\mstestproject.dll" id="bab9175c-e584-4d17-bf1c-71f3d81760a2">
      <TestCategory>
        <TestCategoryItem TestCategory="Category1000" />
      </TestCategory>
      <Execution id="9db85646-88da-46e6-ad63-87637e80b2bf" />
      <TestMethod codeBase="C:\Projekty\MSTestProject\bin\Debug\netcoreapp3.1\MSTestProject.dll" adapterTypeName="executor://mstestadapter/v2" className="TwojeWesele.Services.Helpers.Tests.CurrencyHelperTests" name="FormatToStringTest1000" />
    </UnitTest>
    <UnitTest name="FormatToStringTest1000 (43424.45140075332,43424.45 zł)" storage="c:\projekty\mstestproject\bin\debug\netcoreapp3.1\mstestproject.dll" id="cfb825e6-45ec-4438-9123-d77b67e34ad3">
      <TestCategory>
        <TestCategoryItem TestCategory="Category1000" />
      </TestCategory>
      <Execution id="eaa5b08f-ed0d-4070-803d-5e7ed6691534" />
      <TestMethod codeBase="C:\Projekty\MSTestProject\bin\Debug\netcoreapp3.1\MSTestProject.dll" adapterTypeName="executor://mstestadapter/v2" className="TwojeWesele.Services.Helpers.Tests.CurrencyHelperTests" name="FormatToStringTest1000" />
    </UnitTest>
    <UnitTest name="FormatToStringTest1000 (9661.966055578536,9661.97 zł)" storage="c:\projekty\mstestproject\bin\debug\netcoreapp3.1\mstestproject.dll" id="5c4ab236-0173-4439-b23d-e3133c02df63">
      <TestCategory>
        <TestCategoryItem TestCategory="Category1000" />
      </TestCategory>
      <Execution id="b0aeb51e-1ea8-44c0-836a-97bc827d098f" />
      <TestMethod codeBase="C:\Projekty\MSTestProject\bin\Debug\netcoreapp3.1\MSTestProject.dll" adapterTypeName="executor://mstestadapter/v2" className="TwojeWesele.Services.Helpers.Tests.CurrencyHelperTests" name="FormatToStringTest1000" />
    </UnitTest>
    <UnitTest name="FormatToStringTest1000 (803.2448148733214,803.24 zł)" storage="c:\projekty\mstestproject\bin\debug\netcoreapp3.1\mstestproject.dll" id="0af24d35-8863-4b18-a7ed-aea7646485a4">
      <TestCategory>
        <TestCategoryItem TestCategory="Category1000" />
      </TestCategory>
      <Execution id="77309d92-cc8d-40b1-882d-ece1ed262d4c" />
      <TestMethod codeBase="C:\Projekty\MSTestProject\bin\Debug\netcoreapp3.1\MSTestProject.dll" adapterTypeName="executor://mstestadapter/v2" className="TwojeWesele.Services.Helpers.Tests.CurrencyHelperTests" name="FormatToStringTest1000" />
    </UnitTest>
    <UnitTest name="FormatToStringTest1000 (2929.267390865026,2929.27 zł)" storage="c:\projekty\mstestproject\bin\debug\netcoreapp3.1\mstestproject.dll" id="9737b87a-a941-4c05-a56c-abf6cc452e20">
      <TestCategory>
        <TestCategoryItem TestCategory="Category1000" />
      </TestCategory>
      <Execution id="d24adb45-7368-45eb-8227-1f6b0f823a99" />
      <TestMethod codeBase="C:\Projekty\MSTestProject\bin\Debug\netcoreapp3.1\MSTestProject.dll" adapterTypeName="executor://mstestadapter/v2" className="TwojeWesele.Services.Helpers.Tests.CurrencyHelperTests" name="FormatToStringTest1000" />
    </UnitTest>
    <UnitTest name="FormatToStringTest1000 (27187.549022783314,27187.55 zł)" storage="c:\projekty\mstestproject\bin\debug\netcoreapp3.1\mstestproject.dll" id="105fcf45-c4c3-4c2c-9787-2bef1607df5e">
      <TestCategory>
        <TestCategoryItem TestCategory="Category1000" />
      </TestCategory>
      <Execution id="1bfb58c3-7c42-4b75-b0ce-6122735cbbbf" />
      <TestMethod codeBase="C:\Projekty\MSTestProject\bin\Debug\netcoreapp3.1\MSTestProject.dll" adapterTypeName="executor://mstestadapter/v2" className="TwojeWesele.Services.Helpers.Tests.CurrencyHelperTests" name="FormatToStringTest1000" />
    </UnitTest>
    <UnitTest name="FormatToStringTest1000 (35.34471716840971,35.34 zł)" storage="c:\projekty\mstestproject\bin\debug\netcoreapp3.1\mstestproject.dll" id="06f11422-11e9-4046-871a-1b365c627b49">
      <TestCategory>
        <TestCategoryItem TestCategory="Category1000" />
      </TestCategory>
      <Execution id="8c59079c-70b3-49b7-9695-74b759ed9990" />
      <TestMethod codeBase="C:\Projekty\MSTestProject\bin\Debug\netcoreapp3.1\MSTestProject.dll" adapterTypeName="executor://mstestadapter/v2" className="TwojeWesele.Services.Helpers.Tests.CurrencyHelperTests" name="FormatToStringTest1000" />
    </UnitTest>
    <UnitTest name="FormatToStringTest1000 (54724.71040318008,54724.71 zł)" storage="c:\projekty\mstestproject\bin\debug\netcoreapp3.1\mstestproject.dll" id="4c9eb7c2-e55c-4bda-8a04-e7fd6f7fed84">
      <TestCategory>
        <TestCategoryItem TestCategory="Category1000" />
      </TestCategory>
      <Execution id="08a59627-badd-4bf3-ad4c-fc1bf25b5e62" />
      <TestMethod codeBase="C:\Projekty\MSTestProject\bin\Debug\netcoreapp3.1\MSTestProject.dll" adapterTypeName="executor://mstestadapter/v2" className="TwojeWesele.Services.Helpers.Tests.CurrencyHelperTests" name="FormatToStringTest1000" />
    </UnitTest>
    <UnitTest name="FormatToStringTest1000 (20344.185360967265,20344.19 zł)" storage="c:\projekty\mstestproject\bin\debug\netcoreapp3.1\mstestproject.dll" id="ba8a7501-7e5d-467d-b189-958b239d8878">
      <TestCategory>
        <TestCategoryItem TestCategory="Category1000" />
      </TestCategory>
      <Execution id="afa4aa46-9c9f-4a70-b878-ddbbe2f689d5" />
      <TestMethod codeBase="C:\Projekty\MSTestProject\bin\Debug\netcoreapp3.1\MSTestProject.dll" adapterTypeName="executor://mstestadapter/v2" className="TwojeWesele.Services.Helpers.Tests.CurrencyHelperTests" name="FormatToStringTest1000" />
    </UnitTest>
    <UnitTest name="FormatToStringTest1000 (27852.532163303127,27852.53 zł)" storage="c:\projekty\mstestproject\bin\debug\netcoreapp3.1\mstestproject.dll" id="77100f04-cbc0-4bc8-bd85-54a117839760">
      <TestCategory>
        <TestCategoryItem TestCategory="Category1000" />
      </TestCategory>
      <Execution id="49ff2343-1960-4525-9ee2-bec5e6ac8a55" />
      <TestMethod codeBase="C:\Projekty\MSTestProject\bin\Debug\netcoreapp3.1\MSTestProject.dll" adapterTypeName="executor://mstestadapter/v2" className="TwojeWesele.Services.Helpers.Tests.CurrencyHelperTests" name="FormatToStringTest1000" />
    </UnitTest>
    <UnitTest name="FormatToStringTest1000 (27751.474436297303,27751.47 zł)" storage="c:\projekty\mstestproject\bin\debug\netcoreapp3.1\mstestproject.dll" id="83a34179-c45c-4b53-92fc-6cbaf895e7aa">
      <TestCategory>
        <TestCategoryItem TestCategory="Category1000" />
      </TestCategory>
      <Execution id="dd4b7192-3b22-4a7d-9376-8e7ddd2645af" />
      <TestMethod codeBase="C:\Projekty\MSTestProject\bin\Debug\netcoreapp3.1\MSTestProject.dll" adapterTypeName="executor://mstestadapter/v2" className="TwojeWesele.Services.Helpers.Tests.CurrencyHelperTests" name="FormatToStringTest1000" />
    </UnitTest>
    <UnitTest name="FormatToStringTest1000 (17845.255864087147,17845.26 zł)" storage="c:\projekty\mstestproject\bin\debug\netcoreapp3.1\mstestproject.dll" id="78270332-0911-419c-b837-04c7b0db6434">
      <TestCategory>
        <TestCategoryItem TestCategory="Category1000" />
      </TestCategory>
      <Execution id="2b1c6b97-9212-477e-aefa-a8830816a747" />
      <TestMethod codeBase="C:\Projekty\MSTestProject\bin\Debug\netcoreapp3.1\MSTestProject.dll" adapterTypeName="executor://mstestadapter/v2" className="TwojeWesele.Services.Helpers.Tests.CurrencyHelperTests" name="FormatToStringTest1000" />
    </UnitTest>
    <UnitTest name="FormatToStringTest1000 (4025.728369236797,4025.73 zł)" storage="c:\projekty\mstestproject\bin\debug\netcoreapp3.1\mstestproject.dll" id="c61f820d-60e9-49dd-96ad-05c4c75487ba">
      <TestCategory>
        <TestCategoryItem TestCategory="Category1000" />
      </TestCategory>
      <Execution id="99e47c12-e843-4c0e-b597-97effb15fc44" />
      <TestMethod codeBase="C:\Projekty\MSTestProject\bin\Debug\netcoreapp3.1\MSTestProject.dll" adapterTypeName="executor://mstestadapter/v2" className="TwojeWesele.Services.Helpers.Tests.CurrencyHelperTests" name="FormatToStringTest1000" />
    </UnitTest>
    <UnitTest name="FormatToStringTest1000 (5317.9582678023535,5317.96 zł)" storage="c:\projekty\mstestproject\bin\debug\netcoreapp3.1\mstestproject.dll" id="b99c0cb5-ae74-4015-bbd2-d1ae483272ef">
      <TestCategory>
        <TestCategoryItem TestCategory="Category1000" />
      </TestCategory>
      <Execution id="a0462da3-5fbd-4884-8ddb-60049ad5112e" />
      <TestMethod codeBase="C:\Projekty\MSTestProject\bin\Debug\netcoreapp3.1\MSTestProject.dll" adapterTypeName="executor://mstestadapter/v2" className="TwojeWesele.Services.Helpers.Tests.CurrencyHelperTests" name="FormatToStringTest1000" />
    </UnitTest>
    <UnitTest name="FormatToStringTest1000 (21693.340115174808,21693.34 zł)" storage="c:\projekty\mstestproject\bin\debug\netcoreapp3.1\mstestproject.dll" id="83087cb6-2731-4793-954b-a78263b19946">
      <TestCategory>
        <TestCategoryItem TestCategory="Category1000" />
      </TestCategory>
      <Execution id="4f20526a-1321-48ce-9920-ca024b681e9a" />
      <TestMethod codeBase="C:\Projekty\MSTestProject\bin\Debug\netcoreapp3.1\MSTestProject.dll" adapterTypeName="executor://mstestadapter/v2" className="TwojeWesele.Services.Helpers.Tests.CurrencyHelperTests" name="FormatToStringTest1000" />
    </UnitTest>
    <UnitTest name="FormatToStringTest1000 (23174.85693288448,23174.86 zł)" storage="c:\projekty\mstestproject\bin\debug\netcoreapp3.1\mstestproject.dll" id="0898cef8-a30c-4fc9-9509-902a2e2fe133">
      <TestCategory>
        <TestCategoryItem TestCategory="Category1000" />
      </TestCategory>
      <Execution id="cf8eb86a-c53d-4619-aa11-a6f3927d9507" />
      <TestMethod codeBase="C:\Projekty\MSTestProject\bin\Debug\netcoreapp3.1\MSTestProject.dll" adapterTypeName="executor://mstestadapter/v2" className="TwojeWesele.Services.Helpers.Tests.CurrencyHelperTests" name="FormatToStringTest1000" />
    </UnitTest>
    <UnitTest name="FormatToStringTest1000 (9867.823212210007,9867.82 zł)" storage="c:\projekty\mstestproject\bin\debug\netcoreapp3.1\mstestproject.dll" id="26030bce-eb11-4590-9372-72fd039a1717">
      <TestCategory>
        <TestCategoryItem TestCategory="Category1000" />
      </TestCategory>
      <Execution id="3c529553-333f-42a4-9883-1f600fa03794" />
      <TestMethod codeBase="C:\Projekty\MSTestProject\bin\Debug\netcoreapp3.1\MSTestProject.dll" adapterTypeName="executor://mstestadapter/v2" className="TwojeWesele.Services.Helpers.Tests.CurrencyHelperTests" name="FormatToStringTest1000" />
    </UnitTest>
    <UnitTest name="FormatToStringTest1000 (2039.440966411699,2039.44 zł)" storage="c:\projekty\mstestproject\bin\debug\netcoreapp3.1\mstestproject.dll" id="29b04059-d0ec-4bad-a377-7e2be084587b">
      <TestCategory>
        <TestCategoryItem TestCategory="Category1000" />
      </TestCategory>
      <Execution id="741918f4-6d36-4cb6-8281-b0941b22c871" />
      <TestMethod codeBase="C:\Projekty\MSTestProject\bin\Debug\netcoreapp3.1\MSTestProject.dll" adapterTypeName="executor://mstestadapter/v2" className="TwojeWesele.Services.Helpers.Tests.CurrencyHelperTests" name="FormatToStringTest1000" />
    </UnitTest>
    <UnitTest name="FormatToStringTest1000 (12221.10494323592,12221.10 zł)" storage="c:\projekty\mstestproject\bin\debug\netcoreapp3.1\mstestproject.dll" id="509cd064-6480-430b-affa-f10a53e247ee">
      <TestCategory>
        <TestCategoryItem TestCategory="Category1000" />
      </TestCategory>
      <Execution id="d889c97b-a257-4727-b5f4-6b9e5dfe1339" />
      <TestMethod codeBase="C:\Projekty\MSTestProject\bin\Debug\netcoreapp3.1\MSTestProject.dll" adapterTypeName="executor://mstestadapter/v2" className="TwojeWesele.Services.Helpers.Tests.CurrencyHelperTests" name="FormatToStringTest1000" />
    </UnitTest>
    <UnitTest name="FormatToStringTest1000 (7004.710832051798,7004.71 zł)" storage="c:\projekty\mstestproject\bin\debug\netcoreapp3.1\mstestproject.dll" id="8bd83769-d818-45b0-b538-3448da2fe1f5">
      <TestCategory>
        <TestCategoryItem TestCategory="Category1000" />
      </TestCategory>
      <Execution id="aadd2e7f-326a-4141-b9db-1addbaea4636" />
      <TestMethod codeBase="C:\Projekty\MSTestProject\bin\Debug\netcoreapp3.1\MSTestProject.dll" adapterTypeName="executor://mstestadapter/v2" className="TwojeWesele.Services.Helpers.Tests.CurrencyHelperTests" name="FormatToStringTest1000" />
    </UnitTest>
    <UnitTest name="FormatToStringTest1000 (25720.27551496321,25720.28 zł)" storage="c:\projekty\mstestproject\bin\debug\netcoreapp3.1\mstestproject.dll" id="afb1c130-763d-4528-bf7a-36025e3f4165">
      <TestCategory>
        <TestCategoryItem TestCategory="Category1000" />
      </TestCategory>
      <Execution id="d08d85fb-838a-4d0e-a236-780d3f97498f" />
      <TestMethod codeBase="C:\Projekty\MSTestProject\bin\Debug\netcoreapp3.1\MSTestProject.dll" adapterTypeName="executor://mstestadapter/v2" className="TwojeWesele.Services.Helpers.Tests.CurrencyHelperTests" name="FormatToStringTest1000" />
    </UnitTest>
    <UnitTest name="FormatToStringTest1000 (28068.20530246394,28068.21 zł)" storage="c:\projekty\mstestproject\bin\debug\netcoreapp3.1\mstestproject.dll" id="0fd57114-1a3c-4593-991c-8cdce464a036">
      <TestCategory>
        <TestCategoryItem TestCategory="Category1000" />
      </TestCategory>
      <Execution id="1f3a127a-9cd5-4793-bdc4-b0616bda5816" />
      <TestMethod codeBase="C:\Projekty\MSTestProject\bin\Debug\netcoreapp3.1\MSTestProject.dll" adapterTypeName="executor://mstestadapter/v2" className="TwojeWesele.Services.Helpers.Tests.CurrencyHelperTests" name="FormatToStringTest1000" />
    </UnitTest>
    <UnitTest name="FormatToStringTest1000 (22604.838218828587,22604.84 zł)" storage="c:\projekty\mstestproject\bin\debug\netcoreapp3.1\mstestproject.dll" id="cd6827e0-0a99-487b-8bae-2b97b6973025">
      <TestCategory>
        <TestCategoryItem TestCategory="Category1000" />
      </TestCategory>
      <Execution id="03a6142f-c7a4-4d8f-acce-89653b2ba991" />
      <TestMethod codeBase="C:\Projekty\MSTestProject\bin\Debug\netcoreapp3.1\MSTestProject.dll" adapterTypeName="executor://mstestadapter/v2" className="TwojeWesele.Services.Helpers.Tests.CurrencyHelperTests" name="FormatToStringTest1000" />
    </UnitTest>
    <UnitTest name="FormatToStringTest1000 (5396.620088554277,5396.62 zł)" storage="c:\projekty\mstestproject\bin\debug\netcoreapp3.1\mstestproject.dll" id="84ff31c8-333e-4bc8-9684-ec4c8fe3e243">
      <TestCategory>
        <TestCategoryItem TestCategory="Category1000" />
      </TestCategory>
      <Execution id="ec042c21-c173-4c7b-aaaa-e64558ce129d" />
      <TestMethod codeBase="C:\Projekty\MSTestProject\bin\Debug\netcoreapp3.1\MSTestProject.dll" adapterTypeName="executor://mstestadapter/v2" className="TwojeWesele.Services.Helpers.Tests.CurrencyHelperTests" name="FormatToStringTest1000" />
    </UnitTest>
    <UnitTest name="FormatToStringTest1000 (12610.563163818122,12610.56 zł)" storage="c:\projekty\mstestproject\bin\debug\netcoreapp3.1\mstestproject.dll" id="86614575-b950-4c7e-8135-83cca4f2f588">
      <TestCategory>
        <TestCategoryItem TestCategory="Category1000" />
      </TestCategory>
      <Execution id="ebea2894-f031-45c0-bf8a-ea025fcec11d" />
      <TestMethod codeBase="C:\Projekty\MSTestProject\bin\Debug\netcoreapp3.1\MSTestProject.dll" adapterTypeName="executor://mstestadapter/v2" className="TwojeWesele.Services.Helpers.Tests.CurrencyHelperTests" name="FormatToStringTest1000" />
    </UnitTest>
    <UnitTest name="FormatToStringTest1000 (48654.65723134794,48654.66 zł)" storage="c:\projekty\mstestproject\bin\debug\netcoreapp3.1\mstestproject.dll" id="65e7100a-9e23-4490-9140-3b7d788886b7">
      <TestCategory>
        <TestCategoryItem TestCategory="Category1000" />
      </TestCategory>
      <Execution id="60c4bd37-d148-490d-a64d-b66a71caa905" />
      <TestMethod codeBase="C:\Projekty\MSTestProject\bin\Debug\netcoreapp3.1\MSTestProject.dll" adapterTypeName="executor://mstestadapter/v2" className="TwojeWesele.Services.Helpers.Tests.CurrencyHelperTests" name="FormatToStringTest1000" />
    </UnitTest>
    <UnitTest name="FormatToStringTest1000 (11175.438820935526,11175.44 zł)" storage="c:\projekty\mstestproject\bin\debug\netcoreapp3.1\mstestproject.dll" id="2571e258-33cd-4923-9131-f1cdfd4c34f9">
      <TestCategory>
        <TestCategoryItem TestCategory="Category1000" />
      </TestCategory>
      <Execution id="fcf53f6c-03c2-48a6-b8e3-c37e0e6c4b2a" />
      <TestMethod codeBase="C:\Projekty\MSTestProject\bin\Debug\netcoreapp3.1\MSTestProject.dll" adapterTypeName="executor://mstestadapter/v2" className="TwojeWesele.Services.Helpers.Tests.CurrencyHelperTests" name="FormatToStringTest1000" />
    </UnitTest>
    <UnitTest name="FormatToStringTest1000 (24024.14691439557,24024.15 zł)" storage="c:\projekty\mstestproject\bin\debug\netcoreapp3.1\mstestproject.dll" id="119608f9-4ac9-4b21-a81d-5a3479455f33">
      <TestCategory>
        <TestCategoryItem TestCategory="Category1000" />
      </TestCategory>
      <Execution id="e4d91cc7-83b4-4459-b602-e5883c763483" />
      <TestMethod codeBase="C:\Projekty\MSTestProject\bin\Debug\netcoreapp3.1\MSTestProject.dll" adapterTypeName="executor://mstestadapter/v2" className="TwojeWesele.Services.Helpers.Tests.CurrencyHelperTests" name="FormatToStringTest1000" />
    </UnitTest>
    <UnitTest name="FormatToStringTest1000 (31315.40354898544,31315.40 zł)" storage="c:\projekty\mstestproject\bin\debug\netcoreapp3.1\mstestproject.dll" id="1c0f8749-be4e-4181-8fdc-bc3b93e4091e">
      <TestCategory>
        <TestCategoryItem TestCategory="Category1000" />
      </TestCategory>
      <Execution id="86883f0d-6a39-489c-ac7d-d5c6c0f3c2c4" />
      <TestMethod codeBase="C:\Projekty\MSTestProject\bin\Debug\netcoreapp3.1\MSTestProject.dll" adapterTypeName="executor://mstestadapter/v2" className="TwojeWesele.Services.Helpers.Tests.CurrencyHelperTests" name="FormatToStringTest1000" />
    </UnitTest>
    <UnitTest name="FormatToStringTest1000 (30111.54342534372,30111.54 zł)" storage="c:\projekty\mstestproject\bin\debug\netcoreapp3.1\mstestproject.dll" id="63123794-2e92-4382-95a1-331cd033c7c0">
      <TestCategory>
        <TestCategoryItem TestCategory="Category1000" />
      </TestCategory>
      <Execution id="615b7198-4ee3-459c-9695-2c30d7ac96f6" />
      <TestMethod codeBase="C:\Projekty\MSTestProject\bin\Debug\netcoreapp3.1\MSTestProject.dll" adapterTypeName="executor://mstestadapter/v2" className="TwojeWesele.Services.Helpers.Tests.CurrencyHelperTests" name="FormatToStringTest1000" />
    </UnitTest>
    <UnitTest name="FormatToStringTest1000 (5398.2412667191775,5398.24 zł)" storage="c:\projekty\mstestproject\bin\debug\netcoreapp3.1\mstestproject.dll" id="2b41707e-34f4-49d3-a4eb-c1a899608117">
      <TestCategory>
        <TestCategoryItem TestCategory="Category1000" />
      </TestCategory>
      <Execution id="e4093b93-4801-4a84-b463-7d13df25c034" />
      <TestMethod codeBase="C:\Projekty\MSTestProject\bin\Debug\netcoreapp3.1\MSTestProject.dll" adapterTypeName="executor://mstestadapter/v2" className="TwojeWesele.Services.Helpers.Tests.CurrencyHelperTests" name="FormatToStringTest1000" />
    </UnitTest>
    <UnitTest name="FormatToStringTest1000 (28033.439084134738,28033.44 zł)" storage="c:\projekty\mstestproject\bin\debug\netcoreapp3.1\mstestproject.dll" id="9cbc01f8-5398-4e17-b6b1-02123a44c5f4">
      <TestCategory>
        <TestCategoryItem TestCategory="Category1000" />
      </TestCategory>
      <Execution id="b31a3a1d-68c1-4c7d-b808-e36251a02cec" />
      <TestMethod codeBase="C:\Projekty\MSTestProject\bin\Debug\netcoreapp3.1\MSTestProject.dll" adapterTypeName="executor://mstestadapter/v2" className="TwojeWesele.Services.Helpers.Tests.CurrencyHelperTests" name="FormatToStringTest1000" />
    </UnitTest>
    <UnitTest name="FormatToStringTest1000 (7076.829971250534,7076.83 zł)" storage="c:\projekty\mstestproject\bin\debug\netcoreapp3.1\mstestproject.dll" id="ad2b9d8c-0b1f-4b4d-aaeb-db0e67b10448">
      <TestCategory>
        <TestCategoryItem TestCategory="Category1000" />
      </TestCategory>
      <Execution id="c8c9618b-908c-4c55-9c72-8d4c15097682" />
      <TestMethod codeBase="C:\Projekty\MSTestProject\bin\Debug\netcoreapp3.1\MSTestProject.dll" adapterTypeName="executor://mstestadapter/v2" className="TwojeWesele.Services.Helpers.Tests.CurrencyHelperTests" name="FormatToStringTest1000" />
    </UnitTest>
    <UnitTest name="FormatToStringTest1000 (10511.7304983189,10511.73 zł)" storage="c:\projekty\mstestproject\bin\debug\netcoreapp3.1\mstestproject.dll" id="9dd10955-a9de-4bd8-9451-fce1da2dbc38">
      <TestCategory>
        <TestCategoryItem TestCategory="Category1000" />
      </TestCategory>
      <Execution id="96292f80-7c64-41b4-882b-ea88037b6cac" />
      <TestMethod codeBase="C:\Projekty\MSTestProject\bin\Debug\netcoreapp3.1\MSTestProject.dll" adapterTypeName="executor://mstestadapter/v2" className="TwojeWesele.Services.Helpers.Tests.CurrencyHelperTests" name="FormatToStringTest1000" />
    </UnitTest>
    <UnitTest name="FormatToStringTest1000 (19519.4298413505,19519.43 zł)" storage="c:\projekty\mstestproject\bin\debug\netcoreapp3.1\mstestproject.dll" id="bdb6de90-5095-4133-97a8-9e3f076d49a9">
      <TestCategory>
        <TestCategoryItem TestCategory="Category1000" />
      </TestCategory>
      <Execution id="a25d1e90-8937-4413-a479-0c7a1b7abb45" />
      <TestMethod codeBase="C:\Projekty\MSTestProject\bin\Debug\netcoreapp3.1\MSTestProject.dll" adapterTypeName="executor://mstestadapter/v2" className="TwojeWesele.Services.Helpers.Tests.CurrencyHelperTests" name="FormatToStringTest1000" />
    </UnitTest>
    <UnitTest name="FormatToStringTest1000 (66284.43763489948,66284.44 zł)" storage="c:\projekty\mstestproject\bin\debug\netcoreapp3.1\mstestproject.dll" id="ac66ae30-e121-485f-8d67-ba61805463ec">
      <TestCategory>
        <TestCategoryItem TestCategory="Category1000" />
      </TestCategory>
      <Execution id="cfbd0796-c333-4cd4-a65d-c9728a74e71a" />
      <TestMethod codeBase="C:\Projekty\MSTestProject\bin\Debug\netcoreapp3.1\MSTestProject.dll" adapterTypeName="executor://mstestadapter/v2" className="TwojeWesele.Services.Helpers.Tests.CurrencyHelperTests" name="FormatToStringTest1000" />
    </UnitTest>
    <UnitTest name="FormatToStringTest1000 (4652.407073443945,4652.41 zł)" storage="c:\projekty\mstestproject\bin\debug\netcoreapp3.1\mstestproject.dll" id="e3c5f598-b37f-428c-bcc8-bb105f5bb08f">
      <TestCategory>
        <TestCategoryItem TestCategory="Category1000" />
      </TestCategory>
      <Execution id="7264a9f1-c6ed-49fc-88d6-3882ad98e351" />
      <TestMethod codeBase="C:\Projekty\MSTestProject\bin\Debug\netcoreapp3.1\MSTestProject.dll" adapterTypeName="executor://mstestadapter/v2" className="TwojeWesele.Services.Helpers.Tests.CurrencyHelperTests" name="FormatToStringTest1000" />
    </UnitTest>
    <UnitTest name="FormatToStringTest1000 (10661.19584154207,10661.20 zł)" storage="c:\projekty\mstestproject\bin\debug\netcoreapp3.1\mstestproject.dll" id="62cb341a-03dc-42d3-a840-619bfa8056ba">
      <TestCategory>
        <TestCategoryItem TestCategory="Category1000" />
      </TestCategory>
      <Execution id="53c80211-bfc0-40ba-8b83-019e5ffe452d" />
      <TestMethod codeBase="C:\Projekty\MSTestProject\bin\Debug\netcoreapp3.1\MSTestProject.dll" adapterTypeName="executor://mstestadapter/v2" className="TwojeWesele.Services.Helpers.Tests.CurrencyHelperTests" name="FormatToStringTest1000" />
    </UnitTest>
    <UnitTest name="FormatToStringTest1000 (13046.352146307172,13046.35 zł)" storage="c:\projekty\mstestproject\bin\debug\netcoreapp3.1\mstestproject.dll" id="9b1a0f7a-c986-4da9-886a-c6d5bc29c734">
      <TestCategory>
        <TestCategoryItem TestCategory="Category1000" />
      </TestCategory>
      <Execution id="18690770-a12c-4701-aad0-257a25936e52" />
      <TestMethod codeBase="C:\Projekty\MSTestProject\bin\Debug\netcoreapp3.1\MSTestProject.dll" adapterTypeName="executor://mstestadapter/v2" className="TwojeWesele.Services.Helpers.Tests.CurrencyHelperTests" name="FormatToStringTest1000" />
    </UnitTest>
    <UnitTest name="FormatToStringTest1000 (25990.318498101697,25990.32 zł)" storage="c:\projekty\mstestproject\bin\debug\netcoreapp3.1\mstestproject.dll" id="351c1265-042d-4cf2-9335-36f3f20a1357">
      <TestCategory>
        <TestCategoryItem TestCategory="Category1000" />
      </TestCategory>
      <Execution id="b60a6a52-2403-42cb-bc8f-f584f418bf6a" />
      <TestMethod codeBase="C:\Projekty\MSTestProject\bin\Debug\netcoreapp3.1\MSTestProject.dll" adapterTypeName="executor://mstestadapter/v2" className="TwojeWesele.Services.Helpers.Tests.CurrencyHelperTests" name="FormatToStringTest1000" />
    </UnitTest>
    <UnitTest name="FormatToStringTest1000 (16825.83099003268,16825.83 zł)" storage="c:\projekty\mstestproject\bin\debug\netcoreapp3.1\mstestproject.dll" id="2b2a00b4-7e5b-4e2d-ad65-9825dbfef4ef">
      <TestCategory>
        <TestCategoryItem TestCategory="Category1000" />
      </TestCategory>
      <Execution id="06cdba63-ecb2-47c6-91fe-db4ab7dbea2d" />
      <TestMethod codeBase="C:\Projekty\MSTestProject\bin\Debug\netcoreapp3.1\MSTestProject.dll" adapterTypeName="executor://mstestadapter/v2" className="TwojeWesele.Services.Helpers.Tests.CurrencyHelperTests" name="FormatToStringTest1000" />
    </UnitTest>
    <UnitTest name="FormatToStringTest1000 (10461.455048841171,10461.46 zł)" storage="c:\projekty\mstestproject\bin\debug\netcoreapp3.1\mstestproject.dll" id="15280fea-132d-44cd-a02f-44ca25db1a61">
      <TestCategory>
        <TestCategoryItem TestCategory="Category1000" />
      </TestCategory>
      <Execution id="edecf5cf-d02e-4e6d-9510-00eb8191750f" />
      <TestMethod codeBase="C:\Projekty\MSTestProject\bin\Debug\netcoreapp3.1\MSTestProject.dll" adapterTypeName="executor://mstestadapter/v2" className="TwojeWesele.Services.Helpers.Tests.CurrencyHelperTests" name="FormatToStringTest1000" />
    </UnitTest>
    <UnitTest name="FormatToStringTest1000 (14198.39903067723,14198.40 zł)" storage="c:\projekty\mstestproject\bin\debug\netcoreapp3.1\mstestproject.dll" id="e449489d-612e-4c2e-ba84-dc5cb1b4cf9c">
      <TestCategory>
        <TestCategoryItem TestCategory="Category1000" />
      </TestCategory>
      <Execution id="88cae428-d948-4325-882c-466c7adeb895" />
      <TestMethod codeBase="C:\Projekty\MSTestProject\bin\Debug\netcoreapp3.1\MSTestProject.dll" adapterTypeName="executor://mstestadapter/v2" className="TwojeWesele.Services.Helpers.Tests.CurrencyHelperTests" name="FormatToStringTest1000" />
    </UnitTest>
    <UnitTest name="FormatToStringTest1000 (52888.48934243642,52888.49 zł)" storage="c:\projekty\mstestproject\bin\debug\netcoreapp3.1\mstestproject.dll" id="6e5e8111-ded9-4a7f-96ec-419ec229ccd9">
      <TestCategory>
        <TestCategoryItem TestCategory="Category1000" />
      </TestCategory>
      <Execution id="8bcb7063-3986-4baf-a29d-35a4e465339a" />
      <TestMethod codeBase="C:\Projekty\MSTestProject\bin\Debug\netcoreapp3.1\MSTestProject.dll" adapterTypeName="executor://mstestadapter/v2" className="TwojeWesele.Services.Helpers.Tests.CurrencyHelperTests" name="FormatToStringTest1000" />
    </UnitTest>
    <UnitTest name="FormatToStringTest1000 (15313.083673952653,15313.08 zł)" storage="c:\projekty\mstestproject\bin\debug\netcoreapp3.1\mstestproject.dll" id="3e0c0d44-13a3-4b2b-9782-03ccb127014f">
      <TestCategory>
        <TestCategoryItem TestCategory="Category1000" />
      </TestCategory>
      <Execution id="46bafba6-1c01-4ae6-98fa-bc8b557a7872" />
      <TestMethod codeBase="C:\Projekty\MSTestProject\bin\Debug\netcoreapp3.1\MSTestProject.dll" adapterTypeName="executor://mstestadapter/v2" className="TwojeWesele.Services.Helpers.Tests.CurrencyHelperTests" name="FormatToStringTest1000" />
    </UnitTest>
    <UnitTest name="FormatToStringTest1000 (2883.637133003975,2883.64 zł)" storage="c:\projekty\mstestproject\bin\debug\netcoreapp3.1\mstestproject.dll" id="5789e8d2-090d-4fbf-b3df-9b74bf9912b2">
      <TestCategory>
        <TestCategoryItem TestCategory="Category1000" />
      </TestCategory>
      <Execution id="8cf04fad-6985-49de-b100-b744c0efd0e6" />
      <TestMethod codeBase="C:\Projekty\MSTestProject\bin\Debug\netcoreapp3.1\MSTestProject.dll" adapterTypeName="executor://mstestadapter/v2" className="TwojeWesele.Services.Helpers.Tests.CurrencyHelperTests" name="FormatToStringTest1000" />
    </UnitTest>
    <UnitTest name="FormatToStringTest1000 (63115.864864394935,63115.86 zł)" storage="c:\projekty\mstestproject\bin\debug\netcoreapp3.1\mstestproject.dll" id="223e4389-59f6-479e-94b6-60f170e20ec0">
      <TestCategory>
        <TestCategoryItem TestCategory="Category1000" />
      </TestCategory>
      <Execution id="cbb7566e-59a0-44f0-8b9c-8e5722197d2e" />
      <TestMethod codeBase="C:\Projekty\MSTestProject\bin\Debug\netcoreapp3.1\MSTestProject.dll" adapterTypeName="executor://mstestadapter/v2" className="TwojeWesele.Services.Helpers.Tests.CurrencyHelperTests" name="FormatToStringTest1000" />
    </UnitTest>
    <UnitTest name="FormatToStringTest1000 (8514.837538072763,8514.84 zł)" storage="c:\projekty\mstestproject\bin\debug\netcoreapp3.1\mstestproject.dll" id="bb2f9539-fce4-4642-b8a9-626c153f0a4a">
      <TestCategory>
        <TestCategoryItem TestCategory="Category1000" />
      </TestCategory>
      <Execution id="5d59e762-285b-4303-8c89-c866c7f970fd" />
      <TestMethod codeBase="C:\Projekty\MSTestProject\bin\Debug\netcoreapp3.1\MSTestProject.dll" adapterTypeName="executor://mstestadapter/v2" className="TwojeWesele.Services.Helpers.Tests.CurrencyHelperTests" name="FormatToStringTest1000" />
    </UnitTest>
    <UnitTest name="FormatToStringTest1000 (6809.40195803037,6809.40 zł)" storage="c:\projekty\mstestproject\bin\debug\netcoreapp3.1\mstestproject.dll" id="4e18a3f8-5b31-417c-9839-abdeec33f7d6">
      <TestCategory>
        <TestCategoryItem TestCategory="Category1000" />
      </TestCategory>
      <Execution id="126c7aa6-66dc-4253-9286-b1d841a96aae" />
      <TestMethod codeBase="C:\Projekty\MSTestProject\bin\Debug\netcoreapp3.1\MSTestProject.dll" adapterTypeName="executor://mstestadapter/v2" className="TwojeWesele.Services.Helpers.Tests.CurrencyHelperTests" name="FormatToStringTest1000" />
    </UnitTest>
    <UnitTest name="FormatToStringTest1000 (22557.09603308099,22557.10 zł)" storage="c:\projekty\mstestproject\bin\debug\netcoreapp3.1\mstestproject.dll" id="b55df978-d46c-4b9d-bacf-257ed73f875a">
      <TestCategory>
        <TestCategoryItem TestCategory="Category1000" />
      </TestCategory>
      <Execution id="29d00d68-ce52-46ac-8cad-c804d0a29ae3" />
      <TestMethod codeBase="C:\Projekty\MSTestProject\bin\Debug\netcoreapp3.1\MSTestProject.dll" adapterTypeName="executor://mstestadapter/v2" className="TwojeWesele.Services.Helpers.Tests.CurrencyHelperTests" name="FormatToStringTest1000" />
    </UnitTest>
    <UnitTest name="FormatToStringTest1000 (40241.790964380736,40241.79 zł)" storage="c:\projekty\mstestproject\bin\debug\netcoreapp3.1\mstestproject.dll" id="bda2435f-8d0a-4886-9ce3-8b917c04ec7f">
      <TestCategory>
        <TestCategoryItem TestCategory="Category1000" />
      </TestCategory>
      <Execution id="0c1a7cb5-a82a-4614-865b-73551d776484" />
      <TestMethod codeBase="C:\Projekty\MSTestProject\bin\Debug\netcoreapp3.1\MSTestProject.dll" adapterTypeName="executor://mstestadapter/v2" className="TwojeWesele.Services.Helpers.Tests.CurrencyHelperTests" name="FormatToStringTest1000" />
    </UnitTest>
    <UnitTest name="FormatToStringTest1000 (9151.103070427245,9151.10 zł)" storage="c:\projekty\mstestproject\bin\debug\netcoreapp3.1\mstestproject.dll" id="801340a0-3736-41c2-a865-cc79ec004c02">
      <TestCategory>
        <TestCategoryItem TestCategory="Category1000" />
      </TestCategory>
      <Execution id="16108d69-f102-4638-8c54-ada48195caaa" />
      <TestMethod codeBase="C:\Projekty\MSTestProject\bin\Debug\netcoreapp3.1\MSTestProject.dll" adapterTypeName="executor://mstestadapter/v2" className="TwojeWesele.Services.Helpers.Tests.CurrencyHelperTests" name="FormatToStringTest1000" />
    </UnitTest>
    <UnitTest name="FormatToStringTest1000 (25288.32036814574,25288.32 zł)" storage="c:\projekty\mstestproject\bin\debug\netcoreapp3.1\mstestproject.dll" id="ab6767ea-d649-47ce-ba32-5f0dc78a8c4e">
      <TestCategory>
        <TestCategoryItem TestCategory="Category1000" />
      </TestCategory>
      <Execution id="40317488-b3f6-4dd7-8b82-5c4eb1f5d247" />
      <TestMethod codeBase="C:\Projekty\MSTestProject\bin\Debug\netcoreapp3.1\MSTestProject.dll" adapterTypeName="executor://mstestadapter/v2" className="TwojeWesele.Services.Helpers.Tests.CurrencyHelperTests" name="FormatToStringTest1000" />
    </UnitTest>
    <UnitTest name="FormatToStringTest1000 (23789.556920184546,23789.56 zł)" storage="c:\projekty\mstestproject\bin\debug\netcoreapp3.1\mstestproject.dll" id="9bdcd96d-a35a-4a20-ad5f-14e0015adbbc">
      <TestCategory>
        <TestCategoryItem TestCategory="Category1000" />
      </TestCategory>
      <Execution id="9f529709-a6ec-4633-ada0-617bcefa5ca1" />
      <TestMethod codeBase="C:\Projekty\MSTestProject\bin\Debug\netcoreapp3.1\MSTestProject.dll" adapterTypeName="executor://mstestadapter/v2" className="TwojeWesele.Services.Helpers.Tests.CurrencyHelperTests" name="FormatToStringTest1000" />
    </UnitTest>
    <UnitTest name="FormatToStringTest1000 (12308.022158465357,12308.02 zł)" storage="c:\projekty\mstestproject\bin\debug\netcoreapp3.1\mstestproject.dll" id="6bcea6b8-b74c-44dd-9bf0-4868dea0a948">
      <TestCategory>
        <TestCategoryItem TestCategory="Category1000" />
      </TestCategory>
      <Execution id="07a530b4-4f6a-4b9c-806f-05e9963675a0" />
      <TestMethod codeBase="C:\Projekty\MSTestProject\bin\Debug\netcoreapp3.1\MSTestProject.dll" adapterTypeName="executor://mstestadapter/v2" className="TwojeWesele.Services.Helpers.Tests.CurrencyHelperTests" name="FormatToStringTest1000" />
    </UnitTest>
    <UnitTest name="FormatToStringTest1000 (19462.729986486367,19462.73 zł)" storage="c:\projekty\mstestproject\bin\debug\netcoreapp3.1\mstestproject.dll" id="dbd212a3-e5da-4b65-bb26-81b528608dac">
      <TestCategory>
        <TestCategoryItem TestCategory="Category1000" />
      </TestCategory>
      <Execution id="e0c6cf96-5e15-4f58-90eb-6f25118a76c8" />
      <TestMethod codeBase="C:\Projekty\MSTestProject\bin\Debug\netcoreapp3.1\MSTestProject.dll" adapterTypeName="executor://mstestadapter/v2" className="TwojeWesele.Services.Helpers.Tests.CurrencyHelperTests" name="FormatToStringTest1000" />
    </UnitTest>
    <UnitTest name="FormatToStringTest1000 (90187.4082624374,90187.41 zł)" storage="c:\projekty\mstestproject\bin\debug\netcoreapp3.1\mstestproject.dll" id="99f787fe-2118-4daa-aa9f-e463526cfa44">
      <TestCategory>
        <TestCategoryItem TestCategory="Category1000" />
      </TestCategory>
      <Execution id="150fc7bf-14b7-4f3c-b71a-1eed9cad8771" />
      <TestMethod codeBase="C:\Projekty\MSTestProject\bin\Debug\netcoreapp3.1\MSTestProject.dll" adapterTypeName="executor://mstestadapter/v2" className="TwojeWesele.Services.Helpers.Tests.CurrencyHelperTests" name="FormatToStringTest1000" />
    </UnitTest>
    <UnitTest name="FormatToStringTest1000 (14017.699524653006,14017.70 zł)" storage="c:\projekty\mstestproject\bin\debug\netcoreapp3.1\mstestproject.dll" id="a838cf9e-e4ce-4cba-a1b1-920d7bd71ff0">
      <TestCategory>
        <TestCategoryItem TestCategory="Category1000" />
      </TestCategory>
      <Execution id="ed953777-aed3-4d12-a921-700c72b8dd94" />
      <TestMethod codeBase="C:\Projekty\MSTestProject\bin\Debug\netcoreapp3.1\MSTestProject.dll" adapterTypeName="executor://mstestadapter/v2" className="TwojeWesele.Services.Helpers.Tests.CurrencyHelperTests" name="FormatToStringTest1000" />
    </UnitTest>
    <UnitTest name="FormatToStringTest1000 (18424.864078561244,18424.86 zł)" storage="c:\projekty\mstestproject\bin\debug\netcoreapp3.1\mstestproject.dll" id="6cfce745-e0c4-4a7d-aa2e-3d51b76147ab">
      <TestCategory>
        <TestCategoryItem TestCategory="Category1000" />
      </TestCategory>
      <Execution id="73a85160-deb1-47df-ab7e-2093c8e51ac2" />
      <TestMethod codeBase="C:\Projekty\MSTestProject\bin\Debug\netcoreapp3.1\MSTestProject.dll" adapterTypeName="executor://mstestadapter/v2" className="TwojeWesele.Services.Helpers.Tests.CurrencyHelperTests" name="FormatToStringTest1000" />
    </UnitTest>
    <UnitTest name="FormatToStringTest1000 (24570.65594858893,24570.66 zł)" storage="c:\projekty\mstestproject\bin\debug\netcoreapp3.1\mstestproject.dll" id="950b0b02-7a58-44a3-8276-ce29645f7294">
      <TestCategory>
        <TestCategoryItem TestCategory="Category1000" />
      </TestCategory>
      <Execution id="df5bdfdd-00f7-4bc6-981e-d6781b318104" />
      <TestMethod codeBase="C:\Projekty\MSTestProject\bin\Debug\netcoreapp3.1\MSTestProject.dll" adapterTypeName="executor://mstestadapter/v2" className="TwojeWesele.Services.Helpers.Tests.CurrencyHelperTests" name="FormatToStringTest1000" />
    </UnitTest>
    <UnitTest name="FormatToStringTest1000 (598.1279707877561,598.13 zł)" storage="c:\projekty\mstestproject\bin\debug\netcoreapp3.1\mstestproject.dll" id="728876fe-62cf-4e78-a220-2c1553f72055">
      <TestCategory>
        <TestCategoryItem TestCategory="Category1000" />
      </TestCategory>
      <Execution id="8d94cbf6-e1ae-450a-8e68-ec78d249a5b0" />
      <TestMethod codeBase="C:\Projekty\MSTestProject\bin\Debug\netcoreapp3.1\MSTestProject.dll" adapterTypeName="executor://mstestadapter/v2" className="TwojeWesele.Services.Helpers.Tests.CurrencyHelperTests" name="FormatToStringTest1000" />
    </UnitTest>
    <UnitTest name="FormatToStringTest1000 (10534.184353995222,10534.18 zł)" storage="c:\projekty\mstestproject\bin\debug\netcoreapp3.1\mstestproject.dll" id="e398ba95-f74c-45cf-8158-fdd2953c43fe">
      <TestCategory>
        <TestCategoryItem TestCategory="Category1000" />
      </TestCategory>
      <Execution id="e5643722-a871-4d04-bff9-63c01f324676" />
      <TestMethod codeBase="C:\Projekty\MSTestProject\bin\Debug\netcoreapp3.1\MSTestProject.dll" adapterTypeName="executor://mstestadapter/v2" className="TwojeWesele.Services.Helpers.Tests.CurrencyHelperTests" name="FormatToStringTest1000" />
    </UnitTest>
    <UnitTest name="FormatToStringTest1000 (5254.6338787505565,5254.63 zł)" storage="c:\projekty\mstestproject\bin\debug\netcoreapp3.1\mstestproject.dll" id="7dacdef5-e401-474f-a1a6-94fa94e67325">
      <TestCategory>
        <TestCategoryItem TestCategory="Category1000" />
      </TestCategory>
      <Execution id="3dc58dc4-1d1d-4c90-bf7a-c597a8fe816e" />
      <TestMethod codeBase="C:\Projekty\MSTestProject\bin\Debug\netcoreapp3.1\MSTestProject.dll" adapterTypeName="executor://mstestadapter/v2" className="TwojeWesele.Services.Helpers.Tests.CurrencyHelperTests" name="FormatToStringTest1000" />
    </UnitTest>
    <UnitTest name="FormatToStringTest1000 (2444.4726240530017,2444.47 zł)" storage="c:\projekty\mstestproject\bin\debug\netcoreapp3.1\mstestproject.dll" id="0424536e-8fc8-43c5-9fbc-718adf144b3c">
      <TestCategory>
        <TestCategoryItem TestCategory="Category1000" />
      </TestCategory>
      <Execution id="4727059c-f422-4133-b023-d344ce544928" />
      <TestMethod codeBase="C:\Projekty\MSTestProject\bin\Debug\netcoreapp3.1\MSTestProject.dll" adapterTypeName="executor://mstestadapter/v2" className="TwojeWesele.Services.Helpers.Tests.CurrencyHelperTests" name="FormatToStringTest1000" />
    </UnitTest>
    <UnitTest name="FormatToStringTest1000 (31290.71396233687,31290.71 zł)" storage="c:\projekty\mstestproject\bin\debug\netcoreapp3.1\mstestproject.dll" id="484fd57d-a2c9-47ca-ba82-70ec7ebe6f74">
      <TestCategory>
        <TestCategoryItem TestCategory="Category1000" />
      </TestCategory>
      <Execution id="d7b7f104-79b6-4fa5-bfc8-7d65b97cf266" />
      <TestMethod codeBase="C:\Projekty\MSTestProject\bin\Debug\netcoreapp3.1\MSTestProject.dll" adapterTypeName="executor://mstestadapter/v2" className="TwojeWesele.Services.Helpers.Tests.CurrencyHelperTests" name="FormatToStringTest1000" />
    </UnitTest>
    <UnitTest name="FormatToStringTest1000 (6313.543884690639,6313.54 zł)" storage="c:\projekty\mstestproject\bin\debug\netcoreapp3.1\mstestproject.dll" id="dbaf0579-94e3-47c4-a497-358c25137c6a">
      <TestCategory>
        <TestCategoryItem TestCategory="Category1000" />
      </TestCategory>
      <Execution id="70e7dc25-6df5-4ccf-a12a-f99729aec9c7" />
      <TestMethod codeBase="C:\Projekty\MSTestProject\bin\Debug\netcoreapp3.1\MSTestProject.dll" adapterTypeName="executor://mstestadapter/v2" className="TwojeWesele.Services.Helpers.Tests.CurrencyHelperTests" name="FormatToStringTest1000" />
    </UnitTest>
    <UnitTest name="FormatToStringTest1000 (67338.80028760935,67338.80 zł)" storage="c:\projekty\mstestproject\bin\debug\netcoreapp3.1\mstestproject.dll" id="0bc796e3-6f2b-48c8-b0b3-37e722ce4104">
      <TestCategory>
        <TestCategoryItem TestCategory="Category1000" />
      </TestCategory>
      <Execution id="2aeebe22-9ad9-4b67-8d39-7da5aef9a70d" />
      <TestMethod codeBase="C:\Projekty\MSTestProject\bin\Debug\netcoreapp3.1\MSTestProject.dll" adapterTypeName="executor://mstestadapter/v2" className="TwojeWesele.Services.Helpers.Tests.CurrencyHelperTests" name="FormatToStringTest1000" />
    </UnitTest>
    <UnitTest name="FormatToStringTest1000 (69864.17463991146,69864.17 zł)" storage="c:\projekty\mstestproject\bin\debug\netcoreapp3.1\mstestproject.dll" id="4435e217-e5ec-42d0-b845-1d5e04ee687b">
      <TestCategory>
        <TestCategoryItem TestCategory="Category1000" />
      </TestCategory>
      <Execution id="fdbbea38-3a09-4488-ad40-dfb10fcb9b04" />
      <TestMethod codeBase="C:\Projekty\MSTestProject\bin\Debug\netcoreapp3.1\MSTestProject.dll" adapterTypeName="executor://mstestadapter/v2" className="TwojeWesele.Services.Helpers.Tests.CurrencyHelperTests" name="FormatToStringTest1000" />
    </UnitTest>
    <UnitTest name="FormatToStringTest1000 (32812.53695512634,32812.54 zł)" storage="c:\projekty\mstestproject\bin\debug\netcoreapp3.1\mstestproject.dll" id="6270312e-6b00-41f1-a56c-84598c356a91">
      <TestCategory>
        <TestCategoryItem TestCategory="Category1000" />
      </TestCategory>
      <Execution id="f97f97b3-d432-4731-aafd-eb672cd4101a" />
      <TestMethod codeBase="C:\Projekty\MSTestProject\bin\Debug\netcoreapp3.1\MSTestProject.dll" adapterTypeName="executor://mstestadapter/v2" className="TwojeWesele.Services.Helpers.Tests.CurrencyHelperTests" name="FormatToStringTest1000" />
    </UnitTest>
    <UnitTest name="FormatToStringTest1000 (19840.47672110632,19840.48 zł)" storage="c:\projekty\mstestproject\bin\debug\netcoreapp3.1\mstestproject.dll" id="8bf4942c-2843-4286-b708-9ef1f412c536">
      <TestCategory>
        <TestCategoryItem TestCategory="Category1000" />
      </TestCategory>
      <Execution id="a8065243-563b-434a-a1ba-1f45c33bd1cc" />
      <TestMethod codeBase="C:\Projekty\MSTestProject\bin\Debug\netcoreapp3.1\MSTestProject.dll" adapterTypeName="executor://mstestadapter/v2" className="TwojeWesele.Services.Helpers.Tests.CurrencyHelperTests" name="FormatToStringTest1000" />
    </UnitTest>
    <UnitTest name="FormatToStringTest1000 (8901.937138443784,8901.94 zł)" storage="c:\projekty\mstestproject\bin\debug\netcoreapp3.1\mstestproject.dll" id="df2d2835-999e-4154-b4a7-020dc9bd5802">
      <TestCategory>
        <TestCategoryItem TestCategory="Category1000" />
      </TestCategory>
      <Execution id="16ae6543-d6e4-4950-877c-780e65c5a72e" />
      <TestMethod codeBase="C:\Projekty\MSTestProject\bin\Debug\netcoreapp3.1\MSTestProject.dll" adapterTypeName="executor://mstestadapter/v2" className="TwojeWesele.Services.Helpers.Tests.CurrencyHelperTests" name="FormatToStringTest1000" />
    </UnitTest>
    <UnitTest name="FormatToStringTest1000 (79973.08417819678,79973.08 zł)" storage="c:\projekty\mstestproject\bin\debug\netcoreapp3.1\mstestproject.dll" id="9e1c4375-41c2-45b8-8674-c91498517a73">
      <TestCategory>
        <TestCategoryItem TestCategory="Category1000" />
      </TestCategory>
      <Execution id="852f995d-73a3-41af-bdd0-6b51b21b480d" />
      <TestMethod codeBase="C:\Projekty\MSTestProject\bin\Debug\netcoreapp3.1\MSTestProject.dll" adapterTypeName="executor://mstestadapter/v2" className="TwojeWesele.Services.Helpers.Tests.CurrencyHelperTests" name="FormatToStringTest1000" />
    </UnitTest>
    <UnitTest name="FormatToStringTest1000 (15337.485230751097,15337.49 zł)" storage="c:\projekty\mstestproject\bin\debug\netcoreapp3.1\mstestproject.dll" id="196158d5-3504-49df-b5d9-3dd2fb95ef4a">
      <TestCategory>
        <TestCategoryItem TestCategory="Category1000" />
      </TestCategory>
      <Execution id="957e5d32-7195-4019-9063-4e17bf1ce070" />
      <TestMethod codeBase="C:\Projekty\MSTestProject\bin\Debug\netcoreapp3.1\MSTestProject.dll" adapterTypeName="executor://mstestadapter/v2" className="TwojeWesele.Services.Helpers.Tests.CurrencyHelperTests" name="FormatToStringTest1000" />
    </UnitTest>
    <UnitTest name="FormatToStringTest1000 (73151.83675918348,73151.84 zł)" storage="c:\projekty\mstestproject\bin\debug\netcoreapp3.1\mstestproject.dll" id="ac556089-5516-430d-99a4-f51d3a71c208">
      <TestCategory>
        <TestCategoryItem TestCategory="Category1000" />
      </TestCategory>
      <Execution id="07514741-63c9-459e-8241-a2f8eb6694ed" />
      <TestMethod codeBase="C:\Projekty\MSTestProject\bin\Debug\netcoreapp3.1\MSTestProject.dll" adapterTypeName="executor://mstestadapter/v2" className="TwojeWesele.Services.Helpers.Tests.CurrencyHelperTests" name="FormatToStringTest1000" />
    </UnitTest>
    <UnitTest name="FormatToStringTest1000 (13844.577623300524,13844.58 zł)" storage="c:\projekty\mstestproject\bin\debug\netcoreapp3.1\mstestproject.dll" id="bb6f807c-241d-42a5-a91b-deb4700ab83a">
      <TestCategory>
        <TestCategoryItem TestCategory="Category1000" />
      </TestCategory>
      <Execution id="f51e720f-bb47-4a84-a6aa-7bbd1cb23d63" />
      <TestMethod codeBase="C:\Projekty\MSTestProject\bin\Debug\netcoreapp3.1\MSTestProject.dll" adapterTypeName="executor://mstestadapter/v2" className="TwojeWesele.Services.Helpers.Tests.CurrencyHelperTests" name="FormatToStringTest1000" />
    </UnitTest>
    <UnitTest name="FormatToStringTest1000 (10324.538670147089,10324.54 zł)" storage="c:\projekty\mstestproject\bin\debug\netcoreapp3.1\mstestproject.dll" id="230ea8ff-200a-4aca-a96b-020c334ed78b">
      <TestCategory>
        <TestCategoryItem TestCategory="Category1000" />
      </TestCategory>
      <Execution id="fcbb3067-622b-4d90-8c75-d6561f435cfd" />
      <TestMethod codeBase="C:\Projekty\MSTestProject\bin\Debug\netcoreapp3.1\MSTestProject.dll" adapterTypeName="executor://mstestadapter/v2" className="TwojeWesele.Services.Helpers.Tests.CurrencyHelperTests" name="FormatToStringTest1000" />
    </UnitTest>
    <UnitTest name="FormatToStringTest1000 (30320.450517486992,30320.45 zł)" storage="c:\projekty\mstestproject\bin\debug\netcoreapp3.1\mstestproject.dll" id="8656e1f6-92b1-44b6-be1f-2c03cf562244">
      <TestCategory>
        <TestCategoryItem TestCategory="Category1000" />
      </TestCategory>
      <Execution id="ebad7628-89db-4b1a-bd96-60e18b1fa1c8" />
      <TestMethod codeBase="C:\Projekty\MSTestProject\bin\Debug\netcoreapp3.1\MSTestProject.dll" adapterTypeName="executor://mstestadapter/v2" className="TwojeWesele.Services.Helpers.Tests.CurrencyHelperTests" name="FormatToStringTest1000" />
    </UnitTest>
    <UnitTest name="FormatToStringTest1000 (33251.41907856028,33251.42 zł)" storage="c:\projekty\mstestproject\bin\debug\netcoreapp3.1\mstestproject.dll" id="bc24e187-f074-4464-a7c6-6d56a05b352e">
      <TestCategory>
        <TestCategoryItem TestCategory="Category1000" />
      </TestCategory>
      <Execution id="3653af69-cad0-455b-9fa2-0c50ae59002d" />
      <TestMethod codeBase="C:\Projekty\MSTestProject\bin\Debug\netcoreapp3.1\MSTestProject.dll" adapterTypeName="executor://mstestadapter/v2" className="TwojeWesele.Services.Helpers.Tests.CurrencyHelperTests" name="FormatToStringTest1000" />
    </UnitTest>
    <UnitTest name="FormatToStringTest1000 (11157.981051815665,11157.98 zł)" storage="c:\projekty\mstestproject\bin\debug\netcoreapp3.1\mstestproject.dll" id="402ed091-0243-4952-ab28-fb1189117fed">
      <TestCategory>
        <TestCategoryItem TestCategory="Category1000" />
      </TestCategory>
      <Execution id="70e034b4-8b23-4a94-a6dc-6f668ad06be4" />
      <TestMethod codeBase="C:\Projekty\MSTestProject\bin\Debug\netcoreapp3.1\MSTestProject.dll" adapterTypeName="executor://mstestadapter/v2" className="TwojeWesele.Services.Helpers.Tests.CurrencyHelperTests" name="FormatToStringTest1000" />
    </UnitTest>
    <UnitTest name="FormatToStringTest1000 (55457.96873490278,55457.97 zł)" storage="c:\projekty\mstestproject\bin\debug\netcoreapp3.1\mstestproject.dll" id="b0e464e0-a6db-4bb2-963f-bf88b12e8861">
      <TestCategory>
        <TestCategoryItem TestCategory="Category1000" />
      </TestCategory>
      <Execution id="d9be97c8-6d0a-44a2-a35b-ea0495cee654" />
      <TestMethod codeBase="C:\Projekty\MSTestProject\bin\Debug\netcoreapp3.1\MSTestProject.dll" adapterTypeName="executor://mstestadapter/v2" className="TwojeWesele.Services.Helpers.Tests.CurrencyHelperTests" name="FormatToStringTest1000" />
    </UnitTest>
    <UnitTest name="FormatToStringTest1000 (3131.5022711732904,3131.50 zł)" storage="c:\projekty\mstestproject\bin\debug\netcoreapp3.1\mstestproject.dll" id="62ee2b5a-5423-4f20-9d32-cd304e8db51c">
      <TestCategory>
        <TestCategoryItem TestCategory="Category1000" />
      </TestCategory>
      <Execution id="0dd62721-0e06-4b68-a6aa-3aeec8694bea" />
      <TestMethod codeBase="C:\Projekty\MSTestProject\bin\Debug\netcoreapp3.1\MSTestProject.dll" adapterTypeName="executor://mstestadapter/v2" className="TwojeWesele.Services.Helpers.Tests.CurrencyHelperTests" name="FormatToStringTest1000" />
    </UnitTest>
    <UnitTest name="FormatToStringTest1000 (27942.393876474067,27942.39 zł)" storage="c:\projekty\mstestproject\bin\debug\netcoreapp3.1\mstestproject.dll" id="30aa8e4e-3eab-43b2-ae99-4b863f1f7f47">
      <TestCategory>
        <TestCategoryItem TestCategory="Category1000" />
      </TestCategory>
      <Execution id="70ba4c6e-e6f2-4b96-b9b8-a408faf9accf" />
      <TestMethod codeBase="C:\Projekty\MSTestProject\bin\Debug\netcoreapp3.1\MSTestProject.dll" adapterTypeName="executor://mstestadapter/v2" className="TwojeWesele.Services.Helpers.Tests.CurrencyHelperTests" name="FormatToStringTest1000" />
    </UnitTest>
    <UnitTest name="FormatToStringTest1000 (11958.422287871792,11958.42 zł)" storage="c:\projekty\mstestproject\bin\debug\netcoreapp3.1\mstestproject.dll" id="b5ac4968-4428-401f-822b-1a91da9df444">
      <TestCategory>
        <TestCategoryItem TestCategory="Category1000" />
      </TestCategory>
      <Execution id="d579c959-8944-4bb8-ac2b-f78240bf8406" />
      <TestMethod codeBase="C:\Projekty\MSTestProject\bin\Debug\netcoreapp3.1\MSTestProject.dll" adapterTypeName="executor://mstestadapter/v2" className="TwojeWesele.Services.Helpers.Tests.CurrencyHelperTests" name="FormatToStringTest1000" />
    </UnitTest>
    <UnitTest name="FormatToStringTest1000 (19208.676036795914,19208.68 zł)" storage="c:\projekty\mstestproject\bin\debug\netcoreapp3.1\mstestproject.dll" id="d54e6fef-7a9d-4c3b-bd9d-7d5d1f9a3fdf">
      <TestCategory>
        <TestCategoryItem TestCategory="Category1000" />
      </TestCategory>
      <Execution id="84a39cbd-0353-46a7-8cc3-a894a8a6dd6d" />
      <TestMethod codeBase="C:\Projekty\MSTestProject\bin\Debug\netcoreapp3.1\MSTestProject.dll" adapterTypeName="executor://mstestadapter/v2" className="TwojeWesele.Services.Helpers.Tests.CurrencyHelperTests" name="FormatToStringTest1000" />
    </UnitTest>
    <UnitTest name="FormatToStringTest1000 (1514.6266382441981,1514.63 zł)" storage="c:\projekty\mstestproject\bin\debug\netcoreapp3.1\mstestproject.dll" id="3f4cd3c8-db5f-4897-859b-c4eced47d60e">
      <TestCategory>
        <TestCategoryItem TestCategory="Category1000" />
      </TestCategory>
      <Execution id="8926db54-4b5d-4091-bfec-746e26aa2ed1" />
      <TestMethod codeBase="C:\Projekty\MSTestProject\bin\Debug\netcoreapp3.1\MSTestProject.dll" adapterTypeName="executor://mstestadapter/v2" className="TwojeWesele.Services.Helpers.Tests.CurrencyHelperTests" name="FormatToStringTest1000" />
    </UnitTest>
    <UnitTest name="FormatToStringTest1000 (26686.08488193065,26686.08 zł)" storage="c:\projekty\mstestproject\bin\debug\netcoreapp3.1\mstestproject.dll" id="581abfd5-bf37-4bb8-98d9-9aaa1adf4371">
      <TestCategory>
        <TestCategoryItem TestCategory="Category1000" />
      </TestCategory>
      <Execution id="01cce501-3b18-43e4-9cc3-04ebb1f4e5d2" />
      <TestMethod codeBase="C:\Projekty\MSTestProject\bin\Debug\netcoreapp3.1\MSTestProject.dll" adapterTypeName="executor://mstestadapter/v2" className="TwojeWesele.Services.Helpers.Tests.CurrencyHelperTests" name="FormatToStringTest1000" />
    </UnitTest>
    <UnitTest name="FormatToStringTest1000 (10784.438152511344,10784.44 zł)" storage="c:\projekty\mstestproject\bin\debug\netcoreapp3.1\mstestproject.dll" id="c8faae9c-f1f1-4aae-a2ff-0d23d9ba1dd2">
      <TestCategory>
        <TestCategoryItem TestCategory="Category1000" />
      </TestCategory>
      <Execution id="44e64286-9b09-4c7d-af4c-7806b7d0a56b" />
      <TestMethod codeBase="C:\Projekty\MSTestProject\bin\Debug\netcoreapp3.1\MSTestProject.dll" adapterTypeName="executor://mstestadapter/v2" className="TwojeWesele.Services.Helpers.Tests.CurrencyHelperTests" name="FormatToStringTest1000" />
    </UnitTest>
    <UnitTest name="FormatToStringTest1000 (31971.185406704986,31971.19 zł)" storage="c:\projekty\mstestproject\bin\debug\netcoreapp3.1\mstestproject.dll" id="75867a5e-ff4c-4fe0-8f6c-0c4884283028">
      <TestCategory>
        <TestCategoryItem TestCategory="Category1000" />
      </TestCategory>
      <Execution id="0d06d507-c7a5-418b-990e-4ba0dc4a7af0" />
      <TestMethod codeBase="C:\Projekty\MSTestProject\bin\Debug\netcoreapp3.1\MSTestProject.dll" adapterTypeName="executor://mstestadapter/v2" className="TwojeWesele.Services.Helpers.Tests.CurrencyHelperTests" name="FormatToStringTest1000" />
    </UnitTest>
    <UnitTest name="FormatToStringTest1000 (40913.016669489916,40913.02 zł)" storage="c:\projekty\mstestproject\bin\debug\netcoreapp3.1\mstestproject.dll" id="a76cefb4-6cc8-4eee-a5b0-c6749b4888d7">
      <TestCategory>
        <TestCategoryItem TestCategory="Category1000" />
      </TestCategory>
      <Execution id="09c7c14c-24e2-4159-946a-313d6d2d828d" />
      <TestMethod codeBase="C:\Projekty\MSTestProject\bin\Debug\netcoreapp3.1\MSTestProject.dll" adapterTypeName="executor://mstestadapter/v2" className="TwojeWesele.Services.Helpers.Tests.CurrencyHelperTests" name="FormatToStringTest1000" />
    </UnitTest>
    <UnitTest name="FormatToStringTest1000 (34084.19497795599,34084.19 zł)" storage="c:\projekty\mstestproject\bin\debug\netcoreapp3.1\mstestproject.dll" id="8198492f-7eee-48d1-88ea-33f2baf3e214">
      <TestCategory>
        <TestCategoryItem TestCategory="Category1000" />
      </TestCategory>
      <Execution id="5d5686a0-4bee-4f4a-a09e-408adc52d7c5" />
      <TestMethod codeBase="C:\Projekty\MSTestProject\bin\Debug\netcoreapp3.1\MSTestProject.dll" adapterTypeName="executor://mstestadapter/v2" className="TwojeWesele.Services.Helpers.Tests.CurrencyHelperTests" name="FormatToStringTest1000" />
    </UnitTest>
    <UnitTest name="FormatToStringTest1000 (77904.0088552246,77904.01 zł)" storage="c:\projekty\mstestproject\bin\debug\netcoreapp3.1\mstestproject.dll" id="5b508d08-0087-42f8-8feb-df5b1eefbf47">
      <TestCategory>
        <TestCategoryItem TestCategory="Category1000" />
      </TestCategory>
      <Execution id="cd9dab96-4699-45c0-9e96-a200aecbba69" />
      <TestMethod codeBase="C:\Projekty\MSTestProject\bin\Debug\netcoreapp3.1\MSTestProject.dll" adapterTypeName="executor://mstestadapter/v2" className="TwojeWesele.Services.Helpers.Tests.CurrencyHelperTests" name="FormatToStringTest1000" />
    </UnitTest>
    <UnitTest name="FormatToStringTest1000 (40035.54711080787,40035.55 zł)" storage="c:\projekty\mstestproject\bin\debug\netcoreapp3.1\mstestproject.dll" id="9e456ebd-0c97-4626-9218-7a907edbf9bc">
      <TestCategory>
        <TestCategoryItem TestCategory="Category1000" />
      </TestCategory>
      <Execution id="7ecb64dc-0938-46f2-8758-16b258334043" />
      <TestMethod codeBase="C:\Projekty\MSTestProject\bin\Debug\netcoreapp3.1\MSTestProject.dll" adapterTypeName="executor://mstestadapter/v2" className="TwojeWesele.Services.Helpers.Tests.CurrencyHelperTests" name="FormatToStringTest1000" />
    </UnitTest>
    <UnitTest name="FormatToStringTest1000 (1568.615240217473,1568.62 zł)" storage="c:\projekty\mstestproject\bin\debug\netcoreapp3.1\mstestproject.dll" id="69892a57-3845-4327-ad89-15037fa4778e">
      <TestCategory>
        <TestCategoryItem TestCategory="Category1000" />
      </TestCategory>
      <Execution id="1fe3be40-830e-4374-aecd-a9763b17e480" />
      <TestMethod codeBase="C:\Projekty\MSTestProject\bin\Debug\netcoreapp3.1\MSTestProject.dll" adapterTypeName="executor://mstestadapter/v2" className="TwojeWesele.Services.Helpers.Tests.CurrencyHelperTests" name="FormatToStringTest1000" />
    </UnitTest>
    <UnitTest name="FormatToStringTest1000 (76536.95853396178,76536.96 zł)" storage="c:\projekty\mstestproject\bin\debug\netcoreapp3.1\mstestproject.dll" id="c245ab39-1153-49c1-8f2f-93703228501d">
      <TestCategory>
        <TestCategoryItem TestCategory="Category1000" />
      </TestCategory>
      <Execution id="71d41654-5574-41e2-86cc-c221c2fb4237" />
      <TestMethod codeBase="C:\Projekty\MSTestProject\bin\Debug\netcoreapp3.1\MSTestProject.dll" adapterTypeName="executor://mstestadapter/v2" className="TwojeWesele.Services.Helpers.Tests.CurrencyHelperTests" name="FormatToStringTest1000" />
    </UnitTest>
    <UnitTest name="FormatToStringTest1000 (14100.01255469211,14100.01 zł)" storage="c:\projekty\mstestproject\bin\debug\netcoreapp3.1\mstestproject.dll" id="5be5b112-0d21-4754-9792-60b7076dbcc6">
      <TestCategory>
        <TestCategoryItem TestCategory="Category1000" />
      </TestCategory>
      <Execution id="2e58409a-6694-4dc8-bb0a-84816251527c" />
      <TestMethod codeBase="C:\Projekty\MSTestProject\bin\Debug\netcoreapp3.1\MSTestProject.dll" adapterTypeName="executor://mstestadapter/v2" className="TwojeWesele.Services.Helpers.Tests.CurrencyHelperTests" name="FormatToStringTest1000" />
    </UnitTest>
    <UnitTest name="FormatToStringTest1000 (21753.84773194969,21753.85 zł)" storage="c:\projekty\mstestproject\bin\debug\netcoreapp3.1\mstestproject.dll" id="cdd168c7-2a7d-4214-86ae-2925aefc3637">
      <TestCategory>
        <TestCategoryItem TestCategory="Category1000" />
      </TestCategory>
      <Execution id="b0d71424-3c36-43bb-97fc-a74940467f31" />
      <TestMethod codeBase="C:\Projekty\MSTestProject\bin\Debug\netcoreapp3.1\MSTestProject.dll" adapterTypeName="executor://mstestadapter/v2" className="TwojeWesele.Services.Helpers.Tests.CurrencyHelperTests" name="FormatToStringTest1000" />
    </UnitTest>
    <UnitTest name="FormatToStringTest1000 (15639.704937780603,15639.70 zł)" storage="c:\projekty\mstestproject\bin\debug\netcoreapp3.1\mstestproject.dll" id="daa61c83-90f7-4082-abf5-016eba78235a">
      <TestCategory>
        <TestCategoryItem TestCategory="Category1000" />
      </TestCategory>
      <Execution id="88f2ebdc-6666-4ba1-bc3b-bc7f9c02cda9" />
      <TestMethod codeBase="C:\Projekty\MSTestProject\bin\Debug\netcoreapp3.1\MSTestProject.dll" adapterTypeName="executor://mstestadapter/v2" className="TwojeWesele.Services.Helpers.Tests.CurrencyHelperTests" name="FormatToStringTest1000" />
    </UnitTest>
    <UnitTest name="FormatToStringTest1000 (1649.0127968480872,1649.01 zł)" storage="c:\projekty\mstestproject\bin\debug\netcoreapp3.1\mstestproject.dll" id="373ec8a9-3b92-4e85-9b8c-bee19a0b1564">
      <TestCategory>
        <TestCategoryItem TestCategory="Category1000" />
      </TestCategory>
      <Execution id="eb1d2c24-ab38-4230-8d58-14048a445f1a" />
      <TestMethod codeBase="C:\Projekty\MSTestProject\bin\Debug\netcoreapp3.1\MSTestProject.dll" adapterTypeName="executor://mstestadapter/v2" className="TwojeWesele.Services.Helpers.Tests.CurrencyHelperTests" name="FormatToStringTest1000" />
    </UnitTest>
    <UnitTest name="FormatToStringTest1000 (50991.22189691114,50991.22 zł)" storage="c:\projekty\mstestproject\bin\debug\netcoreapp3.1\mstestproject.dll" id="6bfaedce-a6db-4abe-9397-326c6b2fa11b">
      <TestCategory>
        <TestCategoryItem TestCategory="Category1000" />
      </TestCategory>
      <Execution id="446d7ed8-49f5-4e16-a0fc-e9fbe1779d29" />
      <TestMethod codeBase="C:\Projekty\MSTestProject\bin\Debug\netcoreapp3.1\MSTestProject.dll" adapterTypeName="executor://mstestadapter/v2" className="TwojeWesele.Services.Helpers.Tests.CurrencyHelperTests" name="FormatToStringTest1000" />
    </UnitTest>
    <UnitTest name="FormatToStringTest1000 (25882.451101077,25882.45 zł)" storage="c:\projekty\mstestproject\bin\debug\netcoreapp3.1\mstestproject.dll" id="3870caa4-2aaf-4c83-a35a-2b4ae44e6f03">
      <TestCategory>
        <TestCategoryItem TestCategory="Category1000" />
      </TestCategory>
      <Execution id="2b0ce217-946f-4728-9e0f-483e4bd4778e" />
      <TestMethod codeBase="C:\Projekty\MSTestProject\bin\Debug\netcoreapp3.1\MSTestProject.dll" adapterTypeName="executor://mstestadapter/v2" className="TwojeWesele.Services.Helpers.Tests.CurrencyHelperTests" name="FormatToStringTest1000" />
    </UnitTest>
    <UnitTest name="FormatToStringTest1000 (22281.48592587257,22281.49 zł)" storage="c:\projekty\mstestproject\bin\debug\netcoreapp3.1\mstestproject.dll" id="a9a0ff29-ffe6-4307-a95e-42c4d4459c94">
      <TestCategory>
        <TestCategoryItem TestCategory="Category1000" />
      </TestCategory>
      <Execution id="39ef742f-5f01-40fa-93c1-42c593b1b837" />
      <TestMethod codeBase="C:\Projekty\MSTestProject\bin\Debug\netcoreapp3.1\MSTestProject.dll" adapterTypeName="executor://mstestadapter/v2" className="TwojeWesele.Services.Helpers.Tests.CurrencyHelperTests" name="FormatToStringTest1000" />
    </UnitTest>
    <UnitTest name="FormatToStringTest1000 (15396.537902579894,15396.54 zł)" storage="c:\projekty\mstestproject\bin\debug\netcoreapp3.1\mstestproject.dll" id="d1f02115-8092-4556-98ad-b0beb2f9991d">
      <TestCategory>
        <TestCategoryItem TestCategory="Category1000" />
      </TestCategory>
      <Execution id="35fd9c35-113c-4290-a101-f2b710815435" />
      <TestMethod codeBase="C:\Projekty\MSTestProject\bin\Debug\netcoreapp3.1\MSTestProject.dll" adapterTypeName="executor://mstestadapter/v2" className="TwojeWesele.Services.Helpers.Tests.CurrencyHelperTests" name="FormatToStringTest1000" />
    </UnitTest>
    <UnitTest name="FormatToStringTest1000 (158.49784791027093,158.50 zł)" storage="c:\projekty\mstestproject\bin\debug\netcoreapp3.1\mstestproject.dll" id="61cd3ff0-c5ec-4fac-abc3-fc2c5236b12e">
      <TestCategory>
        <TestCategoryItem TestCategory="Category1000" />
      </TestCategory>
      <Execution id="3c758489-57ac-46d2-b820-8dd7be654c3d" />
      <TestMethod codeBase="C:\Projekty\MSTestProject\bin\Debug\netcoreapp3.1\MSTestProject.dll" adapterTypeName="executor://mstestadapter/v2" className="TwojeWesele.Services.Helpers.Tests.CurrencyHelperTests" name="FormatToStringTest1000" />
    </UnitTest>
    <UnitTest name="FormatToStringTest1000 (46803.36433423374,46803.36 zł)" storage="c:\projekty\mstestproject\bin\debug\netcoreapp3.1\mstestproject.dll" id="3d00e13d-93a6-4bb6-ae9c-6b1aa5f552ad">
      <TestCategory>
        <TestCategoryItem TestCategory="Category1000" />
      </TestCategory>
      <Execution id="2fa81e17-969a-421a-aaa4-0cac6436e20e" />
      <TestMethod codeBase="C:\Projekty\MSTestProject\bin\Debug\netcoreapp3.1\MSTestProject.dll" adapterTypeName="executor://mstestadapter/v2" className="TwojeWesele.Services.Helpers.Tests.CurrencyHelperTests" name="FormatToStringTest1000" />
    </UnitTest>
    <UnitTest name="FormatToStringTest1000 (8013.1229931903645,8013.12 zł)" storage="c:\projekty\mstestproject\bin\debug\netcoreapp3.1\mstestproject.dll" id="1b83b169-8fec-4207-91b8-a3b68f77240f">
      <TestCategory>
        <TestCategoryItem TestCategory="Category1000" />
      </TestCategory>
      <Execution id="cd6e2b09-823a-4729-8965-5b0fe4b8ea25" />
      <TestMethod codeBase="C:\Projekty\MSTestProject\bin\Debug\netcoreapp3.1\MSTestProject.dll" adapterTypeName="executor://mstestadapter/v2" className="TwojeWesele.Services.Helpers.Tests.CurrencyHelperTests" name="FormatToStringTest1000" />
    </UnitTest>
    <UnitTest name="FormatToStringTest1000 (12871.381729632794,12871.38 zł)" storage="c:\projekty\mstestproject\bin\debug\netcoreapp3.1\mstestproject.dll" id="2de85e1a-6411-4be8-93e8-7d4a0675edfc">
      <TestCategory>
        <TestCategoryItem TestCategory="Category1000" />
      </TestCategory>
      <Execution id="c72e6918-a128-4891-a567-ef774cd728c0" />
      <TestMethod codeBase="C:\Projekty\MSTestProject\bin\Debug\netcoreapp3.1\MSTestProject.dll" adapterTypeName="executor://mstestadapter/v2" className="TwojeWesele.Services.Helpers.Tests.CurrencyHelperTests" name="FormatToStringTest1000" />
    </UnitTest>
    <UnitTest name="FormatToStringTest1000 (4612.32080757633,4612.32 zł)" storage="c:\projekty\mstestproject\bin\debug\netcoreapp3.1\mstestproject.dll" id="2f911cec-4bc5-4633-a140-17e48f7ff8f1">
      <TestCategory>
        <TestCategoryItem TestCategory="Category1000" />
      </TestCategory>
      <Execution id="c8ea922e-9d89-48c8-9bd1-cfcca305cbe6" />
      <TestMethod codeBase="C:\Projekty\MSTestProject\bin\Debug\netcoreapp3.1\MSTestProject.dll" adapterTypeName="executor://mstestadapter/v2" className="TwojeWesele.Services.Helpers.Tests.CurrencyHelperTests" name="FormatToStringTest1000" />
    </UnitTest>
    <UnitTest name="FormatToStringTest1000 (35967.54466809684,35967.54 zł)" storage="c:\projekty\mstestproject\bin\debug\netcoreapp3.1\mstestproject.dll" id="ae208d83-c7f7-4801-886b-b7c6282095e3">
      <TestCategory>
        <TestCategoryItem TestCategory="Category1000" />
      </TestCategory>
      <Execution id="9e670907-90c9-416a-9417-594fc1b7ad2f" />
      <TestMethod codeBase="C:\Projekty\MSTestProject\bin\Debug\netcoreapp3.1\MSTestProject.dll" adapterTypeName="executor://mstestadapter/v2" className="TwojeWesele.Services.Helpers.Tests.CurrencyHelperTests" name="FormatToStringTest1000" />
    </UnitTest>
    <UnitTest name="FormatToStringTest1000 (33970.38965150639,33970.39 zł)" storage="c:\projekty\mstestproject\bin\debug\netcoreapp3.1\mstestproject.dll" id="5976f718-6a4c-4b62-8375-5f5d6488d0c1">
      <TestCategory>
        <TestCategoryItem TestCategory="Category1000" />
      </TestCategory>
      <Execution id="bae17919-226d-4e8f-9de4-cc003a96b71d" />
      <TestMethod codeBase="C:\Projekty\MSTestProject\bin\Debug\netcoreapp3.1\MSTestProject.dll" adapterTypeName="executor://mstestadapter/v2" className="TwojeWesele.Services.Helpers.Tests.CurrencyHelperTests" name="FormatToStringTest1000" />
    </UnitTest>
    <UnitTest name="FormatToStringTest1000 (115.26302841131717,115.26 zł)" storage="c:\projekty\mstestproject\bin\debug\netcoreapp3.1\mstestproject.dll" id="e0f32e65-ef62-47ab-afb5-8548576a25cf">
      <TestCategory>
        <TestCategoryItem TestCategory="Category1000" />
      </TestCategory>
      <Execution id="cf0d79a6-f7b8-478a-9072-23489db30e45" />
      <TestMethod codeBase="C:\Projekty\MSTestProject\bin\Debug\netcoreapp3.1\MSTestProject.dll" adapterTypeName="executor://mstestadapter/v2" className="TwojeWesele.Services.Helpers.Tests.CurrencyHelperTests" name="FormatToStringTest1000" />
    </UnitTest>
    <UnitTest name="FormatToStringTest1000 (21573.45329517613,21573.45 zł)" storage="c:\projekty\mstestproject\bin\debug\netcoreapp3.1\mstestproject.dll" id="8a68d898-28b3-471f-b5eb-61377b6a2e0e">
      <TestCategory>
        <TestCategoryItem TestCategory="Category1000" />
      </TestCategory>
      <Execution id="cbc7bf79-0ba8-4946-b3f1-e7919c1fb394" />
      <TestMethod codeBase="C:\Projekty\MSTestProject\bin\Debug\netcoreapp3.1\MSTestProject.dll" adapterTypeName="executor://mstestadapter/v2" className="TwojeWesele.Services.Helpers.Tests.CurrencyHelperTests" name="FormatToStringTest1000" />
    </UnitTest>
    <UnitTest name="FormatToStringTest1000 (17988.455793307843,17988.46 zł)" storage="c:\projekty\mstestproject\bin\debug\netcoreapp3.1\mstestproject.dll" id="3322effe-68db-46da-9401-ca2dbc651984">
      <TestCategory>
        <TestCategoryItem TestCategory="Category1000" />
      </TestCategory>
      <Execution id="82d2c8ef-02fa-42cd-a590-5d6b03593f99" />
      <TestMethod codeBase="C:\Projekty\MSTestProject\bin\Debug\netcoreapp3.1\MSTestProject.dll" adapterTypeName="executor://mstestadapter/v2" className="TwojeWesele.Services.Helpers.Tests.CurrencyHelperTests" name="FormatToStringTest1000" />
    </UnitTest>
    <UnitTest name="FormatToStringTest1000 (10641.263377953444,10641.26 zł)" storage="c:\projekty\mstestproject\bin\debug\netcoreapp3.1\mstestproject.dll" id="a760a534-4c92-45a4-a35e-3746d330e9fc">
      <TestCategory>
        <TestCategoryItem TestCategory="Category1000" />
      </TestCategory>
      <Execution id="9cee92d2-9cc7-4689-b074-39bc3248829c" />
      <TestMethod codeBase="C:\Projekty\MSTestProject\bin\Debug\netcoreapp3.1\MSTestProject.dll" adapterTypeName="executor://mstestadapter/v2" className="TwojeWesele.Services.Helpers.Tests.CurrencyHelperTests" name="FormatToStringTest1000" />
    </UnitTest>
    <UnitTest name="FormatToStringTest1000 (5140.16338917155,5140.16 zł)" storage="c:\projekty\mstestproject\bin\debug\netcoreapp3.1\mstestproject.dll" id="d622d00e-2524-4b93-990f-7709875fe00a">
      <TestCategory>
        <TestCategoryItem TestCategory="Category1000" />
      </TestCategory>
      <Execution id="c7b94d6c-68e2-486c-964b-6c5634d79295" />
      <TestMethod codeBase="C:\Projekty\MSTestProject\bin\Debug\netcoreapp3.1\MSTestProject.dll" adapterTypeName="executor://mstestadapter/v2" className="TwojeWesele.Services.Helpers.Tests.CurrencyHelperTests" name="FormatToStringTest1000" />
    </UnitTest>
    <UnitTest name="FormatToStringTest1000 (9928.477822322622,9928.48 zł)" storage="c:\projekty\mstestproject\bin\debug\netcoreapp3.1\mstestproject.dll" id="f2ee0d63-e626-4755-b6e9-168f08d31ff1">
      <TestCategory>
        <TestCategoryItem TestCategory="Category1000" />
      </TestCategory>
      <Execution id="d3e67016-8472-4416-bf8a-8531f21efd93" />
      <TestMethod codeBase="C:\Projekty\MSTestProject\bin\Debug\netcoreapp3.1\MSTestProject.dll" adapterTypeName="executor://mstestadapter/v2" className="TwojeWesele.Services.Helpers.Tests.CurrencyHelperTests" name="FormatToStringTest1000" />
    </UnitTest>
    <UnitTest name="FormatToStringTest1000 (41972.39431566763,41972.39 zł)" storage="c:\projekty\mstestproject\bin\debug\netcoreapp3.1\mstestproject.dll" id="a7cf39eb-e0b1-433a-826f-7836321e6b5c">
      <TestCategory>
        <TestCategoryItem TestCategory="Category1000" />
      </TestCategory>
      <Execution id="331a3f89-1b55-44b8-a23c-cc309c827228" />
      <TestMethod codeBase="C:\Projekty\MSTestProject\bin\Debug\netcoreapp3.1\MSTestProject.dll" adapterTypeName="executor://mstestadapter/v2" className="TwojeWesele.Services.Helpers.Tests.CurrencyHelperTests" name="FormatToStringTest1000" />
    </UnitTest>
    <UnitTest name="FormatToStringTest1000 (41368.29672956015,41368.30 zł)" storage="c:\projekty\mstestproject\bin\debug\netcoreapp3.1\mstestproject.dll" id="75b40440-09df-4ab8-bf4c-27db02139ae3">
      <TestCategory>
        <TestCategoryItem TestCategory="Category1000" />
      </TestCategory>
      <Execution id="6dad43b3-4a59-4879-b254-0eaccd80b76c" />
      <TestMethod codeBase="C:\Projekty\MSTestProject\bin\Debug\netcoreapp3.1\MSTestProject.dll" adapterTypeName="executor://mstestadapter/v2" className="TwojeWesele.Services.Helpers.Tests.CurrencyHelperTests" name="FormatToStringTest1000" />
    </UnitTest>
    <UnitTest name="FormatToStringTest1000 (19873.59831658453,19873.60 zł)" storage="c:\projekty\mstestproject\bin\debug\netcoreapp3.1\mstestproject.dll" id="617d2a13-6483-4a15-bfe3-9e73561d7877">
      <TestCategory>
        <TestCategoryItem TestCategory="Category1000" />
      </TestCategory>
      <Execution id="ae081632-8bc5-4243-a9d4-bcb70d9fd556" />
      <TestMethod codeBase="C:\Projekty\MSTestProject\bin\Debug\netcoreapp3.1\MSTestProject.dll" adapterTypeName="executor://mstestadapter/v2" className="TwojeWesele.Services.Helpers.Tests.CurrencyHelperTests" name="FormatToStringTest1000" />
    </UnitTest>
    <UnitTest name="FormatToStringTest1000 (15669.698889610218,15669.70 zł)" storage="c:\projekty\mstestproject\bin\debug\netcoreapp3.1\mstestproject.dll" id="ab01bef9-6965-4f15-a22b-3b3d27959d49">
      <TestCategory>
        <TestCategoryItem TestCategory="Category1000" />
      </TestCategory>
      <Execution id="7890b1b1-200f-451a-9441-8e253f3f9384" />
      <TestMethod codeBase="C:\Projekty\MSTestProject\bin\Debug\netcoreapp3.1\MSTestProject.dll" adapterTypeName="executor://mstestadapter/v2" className="TwojeWesele.Services.Helpers.Tests.CurrencyHelperTests" name="FormatToStringTest1000" />
    </UnitTest>
    <UnitTest name="FormatToStringTest1000 (22592.465903659566,22592.47 zł)" storage="c:\projekty\mstestproject\bin\debug\netcoreapp3.1\mstestproject.dll" id="68f6aa9e-bbd9-4bb5-976b-2fe1f955d327">
      <TestCategory>
        <TestCategoryItem TestCategory="Category1000" />
      </TestCategory>
      <Execution id="5367403c-acda-44cf-839b-928d68a8e0d4" />
      <TestMethod codeBase="C:\Projekty\MSTestProject\bin\Debug\netcoreapp3.1\MSTestProject.dll" adapterTypeName="executor://mstestadapter/v2" className="TwojeWesele.Services.Helpers.Tests.CurrencyHelperTests" name="FormatToStringTest1000" />
    </UnitTest>
    <UnitTest name="FormatToStringTest1000 (47630.39193684067,47630.39 zł)" storage="c:\projekty\mstestproject\bin\debug\netcoreapp3.1\mstestproject.dll" id="d839413d-8479-42a9-b78e-7c2901bdf247">
      <TestCategory>
        <TestCategoryItem TestCategory="Category1000" />
      </TestCategory>
      <Execution id="db787969-8eff-4285-8713-d70f96a47feb" />
      <TestMethod codeBase="C:\Projekty\MSTestProject\bin\Debug\netcoreapp3.1\MSTestProject.dll" adapterTypeName="executor://mstestadapter/v2" className="TwojeWesele.Services.Helpers.Tests.CurrencyHelperTests" name="FormatToStringTest1000" />
    </UnitTest>
    <UnitTest name="FormatToStringTest1000 (13197.65136269417,13197.65 zł)" storage="c:\projekty\mstestproject\bin\debug\netcoreapp3.1\mstestproject.dll" id="0f292e54-3fbc-4ddc-ac3f-bf52597e903f">
      <TestCategory>
        <TestCategoryItem TestCategory="Category1000" />
      </TestCategory>
      <Execution id="c805962f-d7e3-4660-8f30-fd4ee4085e6a" />
      <TestMethod codeBase="C:\Projekty\MSTestProject\bin\Debug\netcoreapp3.1\MSTestProject.dll" adapterTypeName="executor://mstestadapter/v2" className="TwojeWesele.Services.Helpers.Tests.CurrencyHelperTests" name="FormatToStringTest1000" />
    </UnitTest>
    <UnitTest name="FormatToStringTest1000 (42767.96883676898,42767.97 zł)" storage="c:\projekty\mstestproject\bin\debug\netcoreapp3.1\mstestproject.dll" id="2e6408de-00dc-4aa6-b0fd-40d2fdf61733">
      <TestCategory>
        <TestCategoryItem TestCategory="Category1000" />
      </TestCategory>
      <Execution id="3fe305bd-346c-44db-abab-e2cdc306c277" />
      <TestMethod codeBase="C:\Projekty\MSTestProject\bin\Debug\netcoreapp3.1\MSTestProject.dll" adapterTypeName="executor://mstestadapter/v2" className="TwojeWesele.Services.Helpers.Tests.CurrencyHelperTests" name="FormatToStringTest1000" />
    </UnitTest>
    <UnitTest name="FormatToStringTest1000 (48684.26840475959,48684.27 zł)" storage="c:\projekty\mstestproject\bin\debug\netcoreapp3.1\mstestproject.dll" id="3d931bd2-584b-475c-9432-8c82e9cdb41b">
      <TestCategory>
        <TestCategoryItem TestCategory="Category1000" />
      </TestCategory>
      <Execution id="e1f27179-68d8-4a52-a06f-9137e8f1f1ba" />
      <TestMethod codeBase="C:\Projekty\MSTestProject\bin\Debug\netcoreapp3.1\MSTestProject.dll" adapterTypeName="executor://mstestadapter/v2" className="TwojeWesele.Services.Helpers.Tests.CurrencyHelperTests" name="FormatToStringTest1000" />
    </UnitTest>
    <UnitTest name="FormatToStringTest1000 (8095.485677032492,8095.49 zł)" storage="c:\projekty\mstestproject\bin\debug\netcoreapp3.1\mstestproject.dll" id="f962ef8c-101e-4d7f-87b5-6fd9076070fa">
      <TestCategory>
        <TestCategoryItem TestCategory="Category1000" />
      </TestCategory>
      <Execution id="a573b897-1917-470a-ae70-8bfefd95b49a" />
      <TestMethod codeBase="C:\Projekty\MSTestProject\bin\Debug\netcoreapp3.1\MSTestProject.dll" adapterTypeName="executor://mstestadapter/v2" className="TwojeWesele.Services.Helpers.Tests.CurrencyHelperTests" name="FormatToStringTest1000" />
    </UnitTest>
    <UnitTest name="FormatToStringTest1000 (13414.3551766441,13414.36 zł)" storage="c:\projekty\mstestproject\bin\debug\netcoreapp3.1\mstestproject.dll" id="ace56cc9-c499-45b7-aa03-d138757f31a0">
      <TestCategory>
        <TestCategoryItem TestCategory="Category1000" />
      </TestCategory>
      <Execution id="e0c9a616-cffa-4606-aa7d-6162ed30fce2" />
      <TestMethod codeBase="C:\Projekty\MSTestProject\bin\Debug\netcoreapp3.1\MSTestProject.dll" adapterTypeName="executor://mstestadapter/v2" className="TwojeWesele.Services.Helpers.Tests.CurrencyHelperTests" name="FormatToStringTest1000" />
    </UnitTest>
    <UnitTest name="FormatToStringTest1000 (18340.935049000167,18340.94 zł)" storage="c:\projekty\mstestproject\bin\debug\netcoreapp3.1\mstestproject.dll" id="b70c3cb5-14c5-466e-8071-dd664f5729ff">
      <TestCategory>
        <TestCategoryItem TestCategory="Category1000" />
      </TestCategory>
      <Execution id="58b3ae9f-7c25-4b46-83fa-bbc3f8a16be0" />
      <TestMethod codeBase="C:\Projekty\MSTestProject\bin\Debug\netcoreapp3.1\MSTestProject.dll" adapterTypeName="executor://mstestadapter/v2" className="TwojeWesele.Services.Helpers.Tests.CurrencyHelperTests" name="FormatToStringTest1000" />
    </UnitTest>
    <UnitTest name="FormatToStringTest1000 (13455.521105358153,13455.52 zł)" storage="c:\projekty\mstestproject\bin\debug\netcoreapp3.1\mstestproject.dll" id="6b6ce775-ca74-4e25-bb9f-a0cb3dd08189">
      <TestCategory>
        <TestCategoryItem TestCategory="Category1000" />
      </TestCategory>
      <Execution id="22bc6e53-1e1c-4ee1-8243-af4499d8f62a" />
      <TestMethod codeBase="C:\Projekty\MSTestProject\bin\Debug\netcoreapp3.1\MSTestProject.dll" adapterTypeName="executor://mstestadapter/v2" className="TwojeWesele.Services.Helpers.Tests.CurrencyHelperTests" name="FormatToStringTest1000" />
    </UnitTest>
    <UnitTest name="FormatToStringTest1000 (19882.647973500494,19882.65 zł)" storage="c:\projekty\mstestproject\bin\debug\netcoreapp3.1\mstestproject.dll" id="22e3f31e-9331-4034-b370-e51c1408fc9c">
      <TestCategory>
        <TestCategoryItem TestCategory="Category1000" />
      </TestCategory>
      <Execution id="4cbd8b97-09e7-4fd5-92a4-b0f1a68ab904" />
      <TestMethod codeBase="C:\Projekty\MSTestProject\bin\Debug\netcoreapp3.1\MSTestProject.dll" adapterTypeName="executor://mstestadapter/v2" className="TwojeWesele.Services.Helpers.Tests.CurrencyHelperTests" name="FormatToStringTest1000" />
    </UnitTest>
    <UnitTest name="FormatToStringTest1000 (56378.261944644735,56378.26 zł)" storage="c:\projekty\mstestproject\bin\debug\netcoreapp3.1\mstestproject.dll" id="38f99343-78f8-4621-802d-14276705d300">
      <TestCategory>
        <TestCategoryItem TestCategory="Category1000" />
      </TestCategory>
      <Execution id="159b64a2-fcdf-4440-b184-587e2f41537b" />
      <TestMethod codeBase="C:\Projekty\MSTestProject\bin\Debug\netcoreapp3.1\MSTestProject.dll" adapterTypeName="executor://mstestadapter/v2" className="TwojeWesele.Services.Helpers.Tests.CurrencyHelperTests" name="FormatToStringTest1000" />
    </UnitTest>
    <UnitTest name="FormatToStringTest1000 (9068.70019550468,9068.70 zł)" storage="c:\projekty\mstestproject\bin\debug\netcoreapp3.1\mstestproject.dll" id="7ba694e2-efaa-4756-84da-8984f6971a91">
      <TestCategory>
        <TestCategoryItem TestCategory="Category1000" />
      </TestCategory>
      <Execution id="121bc736-2481-4cdb-9a90-fe048ca167f6" />
      <TestMethod codeBase="C:\Projekty\MSTestProject\bin\Debug\netcoreapp3.1\MSTestProject.dll" adapterTypeName="executor://mstestadapter/v2" className="TwojeWesele.Services.Helpers.Tests.CurrencyHelperTests" name="FormatToStringTest1000" />
    </UnitTest>
    <UnitTest name="FormatToStringTest1000 (12370.243090209198,12370.24 zł)" storage="c:\projekty\mstestproject\bin\debug\netcoreapp3.1\mstestproject.dll" id="3a6530e7-c281-4262-a592-993fe7eeee09">
      <TestCategory>
        <TestCategoryItem TestCategory="Category1000" />
      </TestCategory>
      <Execution id="8bb9ca0e-0110-468c-839d-3ee2ba42b1ad" />
      <TestMethod codeBase="C:\Projekty\MSTestProject\bin\Debug\netcoreapp3.1\MSTestProject.dll" adapterTypeName="executor://mstestadapter/v2" className="TwojeWesele.Services.Helpers.Tests.CurrencyHelperTests" name="FormatToStringTest1000" />
    </UnitTest>
    <UnitTest name="FormatToStringTest1000 (15509.637406484986,15509.64 zł)" storage="c:\projekty\mstestproject\bin\debug\netcoreapp3.1\mstestproject.dll" id="e3d3f3df-e3c8-43c6-ad9a-7b4b81a1afd0">
      <TestCategory>
        <TestCategoryItem TestCategory="Category1000" />
      </TestCategory>
      <Execution id="d1d453bb-3b45-4aa3-b40c-dd636ebdcdc7" />
      <TestMethod codeBase="C:\Projekty\MSTestProject\bin\Debug\netcoreapp3.1\MSTestProject.dll" adapterTypeName="executor://mstestadapter/v2" className="TwojeWesele.Services.Helpers.Tests.CurrencyHelperTests" name="FormatToStringTest1000" />
    </UnitTest>
    <UnitTest name="FormatToStringTest1000 (6710.131197082871,6710.13 zł)" storage="c:\projekty\mstestproject\bin\debug\netcoreapp3.1\mstestproject.dll" id="f1fa7d92-f46c-4681-bed1-48ce2a5aced3">
      <TestCategory>
        <TestCategoryItem TestCategory="Category1000" />
      </TestCategory>
      <Execution id="78c311e1-2971-479b-b5a4-58bd03a07410" />
      <TestMethod codeBase="C:\Projekty\MSTestProject\bin\Debug\netcoreapp3.1\MSTestProject.dll" adapterTypeName="executor://mstestadapter/v2" className="TwojeWesele.Services.Helpers.Tests.CurrencyHelperTests" name="FormatToStringTest1000" />
    </UnitTest>
    <UnitTest name="FormatToStringTest1000 (20116.958341299072,20116.96 zł)" storage="c:\projekty\mstestproject\bin\debug\netcoreapp3.1\mstestproject.dll" id="2ba39ed7-53de-4ff4-a77e-f8b3f37d88f6">
      <TestCategory>
        <TestCategoryItem TestCategory="Category1000" />
      </TestCategory>
      <Execution id="8bdd4172-999a-4fe6-8b1c-6e7d889f08e5" />
      <TestMethod codeBase="C:\Projekty\MSTestProject\bin\Debug\netcoreapp3.1\MSTestProject.dll" adapterTypeName="executor://mstestadapter/v2" className="TwojeWesele.Services.Helpers.Tests.CurrencyHelperTests" name="FormatToStringTest1000" />
    </UnitTest>
    <UnitTest name="FormatToStringTest1000 (34458.5406463512,34458.54 zł)" storage="c:\projekty\mstestproject\bin\debug\netcoreapp3.1\mstestproject.dll" id="0f8cee4b-7e7d-4299-8456-3015021f308c">
      <TestCategory>
        <TestCategoryItem TestCategory="Category1000" />
      </TestCategory>
      <Execution id="cbd50f9e-a982-40d1-a4ed-8b0398d3ce2f" />
      <TestMethod codeBase="C:\Projekty\MSTestProject\bin\Debug\netcoreapp3.1\MSTestProject.dll" adapterTypeName="executor://mstestadapter/v2" className="TwojeWesele.Services.Helpers.Tests.CurrencyHelperTests" name="FormatToStringTest1000" />
    </UnitTest>
    <UnitTest name="FormatToStringTest1000 (40889.35187774214,40889.35 zł)" storage="c:\projekty\mstestproject\bin\debug\netcoreapp3.1\mstestproject.dll" id="ad48096e-0571-4ae8-9a6d-f8057758c61b">
      <TestCategory>
        <TestCategoryItem TestCategory="Category1000" />
      </TestCategory>
      <Execution id="a44f0003-7c11-4705-9a9c-ebf1eb478404" />
      <TestMethod codeBase="C:\Projekty\MSTestProject\bin\Debug\netcoreapp3.1\MSTestProject.dll" adapterTypeName="executor://mstestadapter/v2" className="TwojeWesele.Services.Helpers.Tests.CurrencyHelperTests" name="FormatToStringTest1000" />
    </UnitTest>
    <UnitTest name="FormatToStringTest1000 (75024.79122970243,75024.79 zł)" storage="c:\projekty\mstestproject\bin\debug\netcoreapp3.1\mstestproject.dll" id="b49cc428-d559-4bf4-a0b1-368094154ce6">
      <TestCategory>
        <TestCategoryItem TestCategory="Category1000" />
      </TestCategory>
      <Execution id="015a1d60-53a2-40c0-b802-5f5b08ea354b" />
      <TestMethod codeBase="C:\Projekty\MSTestProject\bin\Debug\netcoreapp3.1\MSTestProject.dll" adapterTypeName="executor://mstestadapter/v2" className="TwojeWesele.Services.Helpers.Tests.CurrencyHelperTests" name="FormatToStringTest1000" />
    </UnitTest>
    <UnitTest name="FormatToStringTest1000 (1073.195098933389,1073.20 zł)" storage="c:\projekty\mstestproject\bin\debug\netcoreapp3.1\mstestproject.dll" id="60ead52a-4f2a-4fe3-af3e-6b9b45bfd84f">
      <TestCategory>
        <TestCategoryItem TestCategory="Category1000" />
      </TestCategory>
      <Execution id="37e70b5e-f1b1-4db6-ac03-4e05bcdd7873" />
      <TestMethod codeBase="C:\Projekty\MSTestProject\bin\Debug\netcoreapp3.1\MSTestProject.dll" adapterTypeName="executor://mstestadapter/v2" className="TwojeWesele.Services.Helpers.Tests.CurrencyHelperTests" name="FormatToStringTest1000" />
    </UnitTest>
    <UnitTest name="FormatToStringTest1000 (3649.9254912836127,3649.93 zł)" storage="c:\projekty\mstestproject\bin\debug\netcoreapp3.1\mstestproject.dll" id="f5583465-1130-4d8d-a60f-034ae1a1c5c1">
      <TestCategory>
        <TestCategoryItem TestCategory="Category1000" />
      </TestCategory>
      <Execution id="74cc29d0-4eb5-486c-8f0d-3991971fdc4b" />
      <TestMethod codeBase="C:\Projekty\MSTestProject\bin\Debug\netcoreapp3.1\MSTestProject.dll" adapterTypeName="executor://mstestadapter/v2" className="TwojeWesele.Services.Helpers.Tests.CurrencyHelperTests" name="FormatToStringTest1000" />
    </UnitTest>
    <UnitTest name="FormatToStringTest1000 (14867.726341984107,14867.73 zł)" storage="c:\projekty\mstestproject\bin\debug\netcoreapp3.1\mstestproject.dll" id="009fe0e8-4081-4778-bc7c-4b6527d99f08">
      <TestCategory>
        <TestCategoryItem TestCategory="Category1000" />
      </TestCategory>
      <Execution id="ec92ecd9-2fe9-4079-bfd8-90b8f789963d" />
      <TestMethod codeBase="C:\Projekty\MSTestProject\bin\Debug\netcoreapp3.1\MSTestProject.dll" adapterTypeName="executor://mstestadapter/v2" className="TwojeWesele.Services.Helpers.Tests.CurrencyHelperTests" name="FormatToStringTest1000" />
    </UnitTest>
    <UnitTest name="FormatToStringTest1000 (4857.211933034105,4857.21 zł)" storage="c:\projekty\mstestproject\bin\debug\netcoreapp3.1\mstestproject.dll" id="5f15d411-1a0c-40de-bdff-722a44d659f9">
      <TestCategory>
        <TestCategoryItem TestCategory="Category1000" />
      </TestCategory>
      <Execution id="40922e43-ede1-48a1-a587-ae290a2f18a3" />
      <TestMethod codeBase="C:\Projekty\MSTestProject\bin\Debug\netcoreapp3.1\MSTestProject.dll" adapterTypeName="executor://mstestadapter/v2" className="TwojeWesele.Services.Helpers.Tests.CurrencyHelperTests" name="FormatToStringTest1000" />
    </UnitTest>
    <UnitTest name="FormatToStringTest1000 (4898.699005344277,4898.70 zł)" storage="c:\projekty\mstestproject\bin\debug\netcoreapp3.1\mstestproject.dll" id="f0634981-404f-48aa-9e99-0657b45ebbab">
      <TestCategory>
        <TestCategoryItem TestCategory="Category1000" />
      </TestCategory>
      <Execution id="10de3402-a85a-4cb2-b7ea-d1694af7eafd" />
      <TestMethod codeBase="C:\Projekty\MSTestProject\bin\Debug\netcoreapp3.1\MSTestProject.dll" adapterTypeName="executor://mstestadapter/v2" className="TwojeWesele.Services.Helpers.Tests.CurrencyHelperTests" name="FormatToStringTest1000" />
    </UnitTest>
    <UnitTest name="FormatToStringTest1000 (5611.05334835176,5611.05 zł)" storage="c:\projekty\mstestproject\bin\debug\netcoreapp3.1\mstestproject.dll" id="82244573-0066-4487-acc6-847ccbd0a3b1">
      <TestCategory>
        <TestCategoryItem TestCategory="Category1000" />
      </TestCategory>
      <Execution id="796c3d77-7e40-4fd4-a804-43e8ecfa4052" />
      <TestMethod codeBase="C:\Projekty\MSTestProject\bin\Debug\netcoreapp3.1\MSTestProject.dll" adapterTypeName="executor://mstestadapter/v2" className="TwojeWesele.Services.Helpers.Tests.CurrencyHelperTests" name="FormatToStringTest1000" />
    </UnitTest>
    <UnitTest name="FormatToStringTest1000 (2975.6892256134606,2975.69 zł)" storage="c:\projekty\mstestproject\bin\debug\netcoreapp3.1\mstestproject.dll" id="8665b5e1-c592-4ab0-acb0-01bca209d0f8">
      <TestCategory>
        <TestCategoryItem TestCategory="Category1000" />
      </TestCategory>
      <Execution id="69e38004-11e2-45af-bbc4-0c65d5da7a19" />
      <TestMethod codeBase="C:\Projekty\MSTestProject\bin\Debug\netcoreapp3.1\MSTestProject.dll" adapterTypeName="executor://mstestadapter/v2" className="TwojeWesele.Services.Helpers.Tests.CurrencyHelperTests" name="FormatToStringTest1000" />
    </UnitTest>
    <UnitTest name="FormatToStringTest1000 (21785.42157155528,21785.42 zł)" storage="c:\projekty\mstestproject\bin\debug\netcoreapp3.1\mstestproject.dll" id="3aa0560e-bf30-47a6-8d01-d4b7a09bc60a">
      <TestCategory>
        <TestCategoryItem TestCategory="Category1000" />
      </TestCategory>
      <Execution id="9ef44339-ff3a-4891-a583-eeeae87e4d31" />
      <TestMethod codeBase="C:\Projekty\MSTestProject\bin\Debug\netcoreapp3.1\MSTestProject.dll" adapterTypeName="executor://mstestadapter/v2" className="TwojeWesele.Services.Helpers.Tests.CurrencyHelperTests" name="FormatToStringTest1000" />
    </UnitTest>
    <UnitTest name="FormatToStringTest1000 (7621.507806692509,7621.51 zł)" storage="c:\projekty\mstestproject\bin\debug\netcoreapp3.1\mstestproject.dll" id="0bf0c462-e4ca-4a47-8878-bd5f89290a52">
      <TestCategory>
        <TestCategoryItem TestCategory="Category1000" />
      </TestCategory>
      <Execution id="b5fb30d3-acec-4c1e-aeef-0a985a5c3b68" />
      <TestMethod codeBase="C:\Projekty\MSTestProject\bin\Debug\netcoreapp3.1\MSTestProject.dll" adapterTypeName="executor://mstestadapter/v2" className="TwojeWesele.Services.Helpers.Tests.CurrencyHelperTests" name="FormatToStringTest1000" />
    </UnitTest>
    <UnitTest name="FormatToStringTest1000 (9816.961298880615,9816.96 zł)" storage="c:\projekty\mstestproject\bin\debug\netcoreapp3.1\mstestproject.dll" id="1b7f119b-31f5-4ca0-9a18-1299e654d549">
      <TestCategory>
        <TestCategoryItem TestCategory="Category1000" />
      </TestCategory>
      <Execution id="7ab3b5c3-8965-45b4-a680-97fdd99822fc" />
      <TestMethod codeBase="C:\Projekty\MSTestProject\bin\Debug\netcoreapp3.1\MSTestProject.dll" adapterTypeName="executor://mstestadapter/v2" className="TwojeWesele.Services.Helpers.Tests.CurrencyHelperTests" name="FormatToStringTest1000" />
    </UnitTest>
    <UnitTest name="FormatToStringTest1000 (24729.333280806586,24729.33 zł)" storage="c:\projekty\mstestproject\bin\debug\netcoreapp3.1\mstestproject.dll" id="bf1cdfa5-31fd-47c3-aa04-1e809a512c88">
      <TestCategory>
        <TestCategoryItem TestCategory="Category1000" />
      </TestCategory>
      <Execution id="4f11e8e8-4d5c-4480-a2dd-a73f3b873cd9" />
      <TestMethod codeBase="C:\Projekty\MSTestProject\bin\Debug\netcoreapp3.1\MSTestProject.dll" adapterTypeName="executor://mstestadapter/v2" className="TwojeWesele.Services.Helpers.Tests.CurrencyHelperTests" name="FormatToStringTest1000" />
    </UnitTest>
    <UnitTest name="FormatToStringTest1000 (45070.5442499493,45070.54 zł)" storage="c:\projekty\mstestproject\bin\debug\netcoreapp3.1\mstestproject.dll" id="fd9ac4bf-8af3-4929-b9f9-38f764bfe2eb">
      <TestCategory>
        <TestCategoryItem TestCategory="Category1000" />
      </TestCategory>
      <Execution id="ab0dee22-7a44-4e82-8bce-f9f52e88ccb7" />
      <TestMethod codeBase="C:\Projekty\MSTestProject\bin\Debug\netcoreapp3.1\MSTestProject.dll" adapterTypeName="executor://mstestadapter/v2" className="TwojeWesele.Services.Helpers.Tests.CurrencyHelperTests" name="FormatToStringTest1000" />
    </UnitTest>
    <UnitTest name="FormatToStringTest1000 (6266.232005888704,6266.23 zł)" storage="c:\projekty\mstestproject\bin\debug\netcoreapp3.1\mstestproject.dll" id="d936b66f-a1fa-4c01-968c-ad4effe012f1">
      <TestCategory>
        <TestCategoryItem TestCategory="Category1000" />
      </TestCategory>
      <Execution id="931634cc-9107-4822-83b8-3d770c288161" />
      <TestMethod codeBase="C:\Projekty\MSTestProject\bin\Debug\netcoreapp3.1\MSTestProject.dll" adapterTypeName="executor://mstestadapter/v2" className="TwojeWesele.Services.Helpers.Tests.CurrencyHelperTests" name="FormatToStringTest1000" />
    </UnitTest>
    <UnitTest name="FormatToStringTest1000 (28455.229970996843,28455.23 zł)" storage="c:\projekty\mstestproject\bin\debug\netcoreapp3.1\mstestproject.dll" id="fb94bd17-2280-4609-b86e-a7a0af7c32a3">
      <TestCategory>
        <TestCategoryItem TestCategory="Category1000" />
      </TestCategory>
      <Execution id="7e50ca36-c96e-467f-9b14-585c99461887" />
      <TestMethod codeBase="C:\Projekty\MSTestProject\bin\Debug\netcoreapp3.1\MSTestProject.dll" adapterTypeName="executor://mstestadapter/v2" className="TwojeWesele.Services.Helpers.Tests.CurrencyHelperTests" name="FormatToStringTest1000" />
    </UnitTest>
    <UnitTest name="FormatToStringTest1000 (20244.692955315437,20244.69 zł)" storage="c:\projekty\mstestproject\bin\debug\netcoreapp3.1\mstestproject.dll" id="6d3f6916-19b1-42ed-a844-32ddc7438f1e">
      <TestCategory>
        <TestCategoryItem TestCategory="Category1000" />
      </TestCategory>
      <Execution id="27cc09ae-8568-4628-8800-bd99ebd94239" />
      <TestMethod codeBase="C:\Projekty\MSTestProject\bin\Debug\netcoreapp3.1\MSTestProject.dll" adapterTypeName="executor://mstestadapter/v2" className="TwojeWesele.Services.Helpers.Tests.CurrencyHelperTests" name="FormatToStringTest1000" />
    </UnitTest>
    <UnitTest name="FormatToStringTest1000 (55010.474927814896,55010.47 zł)" storage="c:\projekty\mstestproject\bin\debug\netcoreapp3.1\mstestproject.dll" id="82a5986f-7643-43fd-bc92-c016f13481b9">
      <TestCategory>
        <TestCategoryItem TestCategory="Category1000" />
      </TestCategory>
      <Execution id="55916631-33de-4dcc-b701-28b726f614d7" />
      <TestMethod codeBase="C:\Projekty\MSTestProject\bin\Debug\netcoreapp3.1\MSTestProject.dll" adapterTypeName="executor://mstestadapter/v2" className="TwojeWesele.Services.Helpers.Tests.CurrencyHelperTests" name="FormatToStringTest1000" />
    </UnitTest>
    <UnitTest name="FormatToStringTest1000 (56802.303118930344,56802.30 zł)" storage="c:\projekty\mstestproject\bin\debug\netcoreapp3.1\mstestproject.dll" id="0f786cf2-a478-47c7-b95a-7ded00f0ec4c">
      <TestCategory>
        <TestCategoryItem TestCategory="Category1000" />
      </TestCategory>
      <Execution id="b3fd8b64-3cae-4b34-a9bd-f919aec8022d" />
      <TestMethod codeBase="C:\Projekty\MSTestProject\bin\Debug\netcoreapp3.1\MSTestProject.dll" adapterTypeName="executor://mstestadapter/v2" className="TwojeWesele.Services.Helpers.Tests.CurrencyHelperTests" name="FormatToStringTest1000" />
    </UnitTest>
    <UnitTest name="FormatToStringTest1000 (76106.57198894516,76106.57 zł)" storage="c:\projekty\mstestproject\bin\debug\netcoreapp3.1\mstestproject.dll" id="16ce5158-1b8a-43ee-9657-3a1d439fcc43">
      <TestCategory>
        <TestCategoryItem TestCategory="Category1000" />
      </TestCategory>
      <Execution id="e1c31462-124f-4c9d-bb7b-f63f7303a290" />
      <TestMethod codeBase="C:\Projekty\MSTestProject\bin\Debug\netcoreapp3.1\MSTestProject.dll" adapterTypeName="executor://mstestadapter/v2" className="TwojeWesele.Services.Helpers.Tests.CurrencyHelperTests" name="FormatToStringTest1000" />
    </UnitTest>
    <UnitTest name="FormatToStringTest1000 (10370.0107542784,10370.01 zł)" storage="c:\projekty\mstestproject\bin\debug\netcoreapp3.1\mstestproject.dll" id="ed6aa5a1-3342-4233-8a7f-9781c88a2843">
      <TestCategory>
        <TestCategoryItem TestCategory="Category1000" />
      </TestCategory>
      <Execution id="d14068d4-2aea-40a9-bb5d-a9f0f641ec0c" />
      <TestMethod codeBase="C:\Projekty\MSTestProject\bin\Debug\netcoreapp3.1\MSTestProject.dll" adapterTypeName="executor://mstestadapter/v2" className="TwojeWesele.Services.Helpers.Tests.CurrencyHelperTests" name="FormatToStringTest1000" />
    </UnitTest>
    <UnitTest name="FormatToStringTest1000 (17418.31302247863,17418.31 zł)" storage="c:\projekty\mstestproject\bin\debug\netcoreapp3.1\mstestproject.dll" id="b47088d6-e868-4606-a19f-0151802a4222">
      <TestCategory>
        <TestCategoryItem TestCategory="Category1000" />
      </TestCategory>
      <Execution id="e5dc67a9-ba0a-4e62-8f3a-1ced92c16cfe" />
      <TestMethod codeBase="C:\Projekty\MSTestProject\bin\Debug\netcoreapp3.1\MSTestProject.dll" adapterTypeName="executor://mstestadapter/v2" className="TwojeWesele.Services.Helpers.Tests.CurrencyHelperTests" name="FormatToStringTest1000" />
    </UnitTest>
    <UnitTest name="FormatToStringTest1000 (18208.8422650126,18208.84 zł)" storage="c:\projekty\mstestproject\bin\debug\netcoreapp3.1\mstestproject.dll" id="bc5b36e4-288f-4d72-9408-7abce41ef113">
      <TestCategory>
        <TestCategoryItem TestCategory="Category1000" />
      </TestCategory>
      <Execution id="509bfbb2-5d08-419c-87e8-adc60713f435" />
      <TestMethod codeBase="C:\Projekty\MSTestProject\bin\Debug\netcoreapp3.1\MSTestProject.dll" adapterTypeName="executor://mstestadapter/v2" className="TwojeWesele.Services.Helpers.Tests.CurrencyHelperTests" name="FormatToStringTest1000" />
    </UnitTest>
    <UnitTest name="FormatToStringTest1000 (20441.330495004695,20441.33 zł)" storage="c:\projekty\mstestproject\bin\debug\netcoreapp3.1\mstestproject.dll" id="bf060d31-975b-4cbc-ba0c-4fedc994ee9b">
      <TestCategory>
        <TestCategoryItem TestCategory="Category1000" />
      </TestCategory>
      <Execution id="b79bae98-ac3f-456c-8c46-4dc23ba42e2c" />
      <TestMethod codeBase="C:\Projekty\MSTestProject\bin\Debug\netcoreapp3.1\MSTestProject.dll" adapterTypeName="executor://mstestadapter/v2" className="TwojeWesele.Services.Helpers.Tests.CurrencyHelperTests" name="FormatToStringTest1000" />
    </UnitTest>
    <UnitTest name="FormatToStringTest1000 (29539.32303995328,29539.32 zł)" storage="c:\projekty\mstestproject\bin\debug\netcoreapp3.1\mstestproject.dll" id="27ca6623-f0e5-45f3-9bcf-126cfad0aad1">
      <TestCategory>
        <TestCategoryItem TestCategory="Category1000" />
      </TestCategory>
      <Execution id="7b7aa78b-9c1b-452d-a2fd-7220d9f59cf8" />
      <TestMethod codeBase="C:\Projekty\MSTestProject\bin\Debug\netcoreapp3.1\MSTestProject.dll" adapterTypeName="executor://mstestadapter/v2" className="TwojeWesele.Services.Helpers.Tests.CurrencyHelperTests" name="FormatToStringTest1000" />
    </UnitTest>
    <UnitTest name="FormatToStringTest1000 (23662.291816162084,23662.29 zł)" storage="c:\projekty\mstestproject\bin\debug\netcoreapp3.1\mstestproject.dll" id="479a3f86-4b6e-409b-a816-dc29701d7939">
      <TestCategory>
        <TestCategoryItem TestCategory="Category1000" />
      </TestCategory>
      <Execution id="fca78771-2f1b-415c-b945-90a76ac37fec" />
      <TestMethod codeBase="C:\Projekty\MSTestProject\bin\Debug\netcoreapp3.1\MSTestProject.dll" adapterTypeName="executor://mstestadapter/v2" className="TwojeWesele.Services.Helpers.Tests.CurrencyHelperTests" name="FormatToStringTest1000" />
    </UnitTest>
    <UnitTest name="FormatToStringTest1000 (20643.69044446465,20643.69 zł)" storage="c:\projekty\mstestproject\bin\debug\netcoreapp3.1\mstestproject.dll" id="f3cd9e06-ac91-4297-9b59-e8480a8d5a1f">
      <TestCategory>
        <TestCategoryItem TestCategory="Category1000" />
      </TestCategory>
      <Execution id="05537f1b-6e34-4cbb-8882-2ca9f9033e48" />
      <TestMethod codeBase="C:\Projekty\MSTestProject\bin\Debug\netcoreapp3.1\MSTestProject.dll" adapterTypeName="executor://mstestadapter/v2" className="TwojeWesele.Services.Helpers.Tests.CurrencyHelperTests" name="FormatToStringTest1000" />
    </UnitTest>
    <UnitTest name="FormatToStringTest1000 (480.2082316857801,480.21 zł)" storage="c:\projekty\mstestproject\bin\debug\netcoreapp3.1\mstestproject.dll" id="15b2922f-3225-4bc6-816f-35da23160afa">
      <TestCategory>
        <TestCategoryItem TestCategory="Category1000" />
      </TestCategory>
      <Execution id="e993675f-2919-4e66-a8e3-2b2e73831805" />
      <TestMethod codeBase="C:\Projekty\MSTestProject\bin\Debug\netcoreapp3.1\MSTestProject.dll" adapterTypeName="executor://mstestadapter/v2" className="TwojeWesele.Services.Helpers.Tests.CurrencyHelperTests" name="FormatToStringTest1000" />
    </UnitTest>
    <UnitTest name="FormatToStringTest1000 (23023.74724929768,23023.75 zł)" storage="c:\projekty\mstestproject\bin\debug\netcoreapp3.1\mstestproject.dll" id="f6446e9b-aa88-487e-b184-19517ccb2d2e">
      <TestCategory>
        <TestCategoryItem TestCategory="Category1000" />
      </TestCategory>
      <Execution id="718fc14c-9002-4fc2-957a-523eaa36f3f6" />
      <TestMethod codeBase="C:\Projekty\MSTestProject\bin\Debug\netcoreapp3.1\MSTestProject.dll" adapterTypeName="executor://mstestadapter/v2" className="TwojeWesele.Services.Helpers.Tests.CurrencyHelperTests" name="FormatToStringTest1000" />
    </UnitTest>
    <UnitTest name="FormatToStringTest1000 (76751.79413498091,76751.79 zł)" storage="c:\projekty\mstestproject\bin\debug\netcoreapp3.1\mstestproject.dll" id="d417d92b-183e-42d2-a983-d4a51159ae7f">
      <TestCategory>
        <TestCategoryItem TestCategory="Category1000" />
      </TestCategory>
      <Execution id="98602007-6cd4-43da-b569-cd3dc875f62d" />
      <TestMethod codeBase="C:\Projekty\MSTestProject\bin\Debug\netcoreapp3.1\MSTestProject.dll" adapterTypeName="executor://mstestadapter/v2" className="TwojeWesele.Services.Helpers.Tests.CurrencyHelperTests" name="FormatToStringTest1000" />
    </UnitTest>
    <UnitTest name="FormatToStringTest1000 (77919.64716867341,77919.65 zł)" storage="c:\projekty\mstestproject\bin\debug\netcoreapp3.1\mstestproject.dll" id="b5f3c6ff-f763-4319-adb8-c88626c9d6e3">
      <TestCategory>
        <TestCategoryItem TestCategory="Category1000" />
      </TestCategory>
      <Execution id="27315b41-de02-4920-9aea-381cc1d2e46d" />
      <TestMethod codeBase="C:\Projekty\MSTestProject\bin\Debug\netcoreapp3.1\MSTestProject.dll" adapterTypeName="executor://mstestadapter/v2" className="TwojeWesele.Services.Helpers.Tests.CurrencyHelperTests" name="FormatToStringTest1000" />
    </UnitTest>
    <UnitTest name="FormatToStringTest1000 (13541.45472935096,13541.45 zł)" storage="c:\projekty\mstestproject\bin\debug\netcoreapp3.1\mstestproject.dll" id="b2aa2628-1c7f-48a6-9a00-ddcc763d5fbe">
      <TestCategory>
        <TestCategoryItem TestCategory="Category1000" />
      </TestCategory>
      <Execution id="dc36dac4-d8e3-4dc9-bdd4-03942a06d26c" />
      <TestMethod codeBase="C:\Projekty\MSTestProject\bin\Debug\netcoreapp3.1\MSTestProject.dll" adapterTypeName="executor://mstestadapter/v2" className="TwojeWesele.Services.Helpers.Tests.CurrencyHelperTests" name="FormatToStringTest1000" />
    </UnitTest>
    <UnitTest name="FormatToStringTest1000 (397.6461894566408,397.65 zł)" storage="c:\projekty\mstestproject\bin\debug\netcoreapp3.1\mstestproject.dll" id="01026376-1e28-43fa-ad02-e4a555fd7c14">
      <TestCategory>
        <TestCategoryItem TestCategory="Category1000" />
      </TestCategory>
      <Execution id="92f63979-f726-44d0-8d1d-d2d15cfde228" />
      <TestMethod codeBase="C:\Projekty\MSTestProject\bin\Debug\netcoreapp3.1\MSTestProject.dll" adapterTypeName="executor://mstestadapter/v2" className="TwojeWesele.Services.Helpers.Tests.CurrencyHelperTests" name="FormatToStringTest1000" />
    </UnitTest>
    <UnitTest name="FormatToStringTest1000 (41873.517751020154,41873.52 zł)" storage="c:\projekty\mstestproject\bin\debug\netcoreapp3.1\mstestproject.dll" id="f79421d5-eb49-499c-82fc-3cd7f137bd1d">
      <TestCategory>
        <TestCategoryItem TestCategory="Category1000" />
      </TestCategory>
      <Execution id="a5a6df94-7046-4d47-a6f9-83931a01b2b0" />
      <TestMethod codeBase="C:\Projekty\MSTestProject\bin\Debug\netcoreapp3.1\MSTestProject.dll" adapterTypeName="executor://mstestadapter/v2" className="TwojeWesele.Services.Helpers.Tests.CurrencyHelperTests" name="FormatToStringTest1000" />
    </UnitTest>
    <UnitTest name="FormatToStringTest1000 (6352.983758103561,6352.98 zł)" storage="c:\projekty\mstestproject\bin\debug\netcoreapp3.1\mstestproject.dll" id="944c4f2b-2e6f-4a10-9201-d32b4355411f">
      <TestCategory>
        <TestCategoryItem TestCategory="Category1000" />
      </TestCategory>
      <Execution id="892d0dd3-affe-423b-b297-50263837d4f7" />
      <TestMethod codeBase="C:\Projekty\MSTestProject\bin\Debug\netcoreapp3.1\MSTestProject.dll" adapterTypeName="executor://mstestadapter/v2" className="TwojeWesele.Services.Helpers.Tests.CurrencyHelperTests" name="FormatToStringTest1000" />
    </UnitTest>
    <UnitTest name="FormatToStringTest1000 (14475.498583194567,14475.50 zł)" storage="c:\projekty\mstestproject\bin\debug\netcoreapp3.1\mstestproject.dll" id="c2a004e0-167c-46b3-86dd-afce94e9732e">
      <TestCategory>
        <TestCategoryItem TestCategory="Category1000" />
      </TestCategory>
      <Execution id="008be6dc-38d4-46c7-ac65-938183e364d9" />
      <TestMethod codeBase="C:\Projekty\MSTestProject\bin\Debug\netcoreapp3.1\MSTestProject.dll" adapterTypeName="executor://mstestadapter/v2" className="TwojeWesele.Services.Helpers.Tests.CurrencyHelperTests" name="FormatToStringTest1000" />
    </UnitTest>
    <UnitTest name="FormatToStringTest1000 (59283.48311990662,59283.48 zł)" storage="c:\projekty\mstestproject\bin\debug\netcoreapp3.1\mstestproject.dll" id="a359958f-f1dc-4c9b-8e6a-71973e24dd87">
      <TestCategory>
        <TestCategoryItem TestCategory="Category1000" />
      </TestCategory>
      <Execution id="309df4c7-f8fd-43f7-99c1-ec0b9526ad15" />
      <TestMethod codeBase="C:\Projekty\MSTestProject\bin\Debug\netcoreapp3.1\MSTestProject.dll" adapterTypeName="executor://mstestadapter/v2" className="TwojeWesele.Services.Helpers.Tests.CurrencyHelperTests" name="FormatToStringTest1000" />
    </UnitTest>
    <UnitTest name="FormatToStringTest1000 (1313.0279238368514,1313.03 zł)" storage="c:\projekty\mstestproject\bin\debug\netcoreapp3.1\mstestproject.dll" id="dcfaa0c4-2a60-402a-966a-01d503188f91">
      <TestCategory>
        <TestCategoryItem TestCategory="Category1000" />
      </TestCategory>
      <Execution id="8f9ce609-6be6-425a-a41c-efb012016891" />
      <TestMethod codeBase="C:\Projekty\MSTestProject\bin\Debug\netcoreapp3.1\MSTestProject.dll" adapterTypeName="executor://mstestadapter/v2" className="TwojeWesele.Services.Helpers.Tests.CurrencyHelperTests" name="FormatToStringTest1000" />
    </UnitTest>
    <UnitTest name="FormatToStringTest1000 (32218.080508120394,32218.08 zł)" storage="c:\projekty\mstestproject\bin\debug\netcoreapp3.1\mstestproject.dll" id="f1753e46-ee9b-4617-9545-13a8d7abbeae">
      <TestCategory>
        <TestCategoryItem TestCategory="Category1000" />
      </TestCategory>
      <Execution id="be501d76-2c31-4a51-a510-659680664553" />
      <TestMethod codeBase="C:\Projekty\MSTestProject\bin\Debug\netcoreapp3.1\MSTestProject.dll" adapterTypeName="executor://mstestadapter/v2" className="TwojeWesele.Services.Helpers.Tests.CurrencyHelperTests" name="FormatToStringTest1000" />
    </UnitTest>
    <UnitTest name="FormatToStringTest1000 (26174.290999793586,26174.29 zł)" storage="c:\projekty\mstestproject\bin\debug\netcoreapp3.1\mstestproject.dll" id="1788198f-e954-4955-bc5a-9d2402f268aa">
      <TestCategory>
        <TestCategoryItem TestCategory="Category1000" />
      </TestCategory>
      <Execution id="c83046db-3718-4cb6-8573-ec05647e2fdd" />
      <TestMethod codeBase="C:\Projekty\MSTestProject\bin\Debug\netcoreapp3.1\MSTestProject.dll" adapterTypeName="executor://mstestadapter/v2" className="TwojeWesele.Services.Helpers.Tests.CurrencyHelperTests" name="FormatToStringTest1000" />
    </UnitTest>
    <UnitTest name="FormatToStringTest1000 (20623.53139885493,20623.53 zł)" storage="c:\projekty\mstestproject\bin\debug\netcoreapp3.1\mstestproject.dll" id="555879b4-ee67-4029-bfa0-bf1431f35927">
      <TestCategory>
        <TestCategoryItem TestCategory="Category1000" />
      </TestCategory>
      <Execution id="055581c3-46c9-4506-9be9-e6a051dc9086" />
      <TestMethod codeBase="C:\Projekty\MSTestProject\bin\Debug\netcoreapp3.1\MSTestProject.dll" adapterTypeName="executor://mstestadapter/v2" className="TwojeWesele.Services.Helpers.Tests.CurrencyHelperTests" name="FormatToStringTest1000" />
    </UnitTest>
    <UnitTest name="FormatToStringTest1000 (79388.929555234,79388.93 zł)" storage="c:\projekty\mstestproject\bin\debug\netcoreapp3.1\mstestproject.dll" id="efb710c0-25b1-4883-a802-0fbb38b6992a">
      <TestCategory>
        <TestCategoryItem TestCategory="Category1000" />
      </TestCategory>
      <Execution id="76b80c69-a064-455e-8979-1820c1ffab34" />
      <TestMethod codeBase="C:\Projekty\MSTestProject\bin\Debug\netcoreapp3.1\MSTestProject.dll" adapterTypeName="executor://mstestadapter/v2" className="TwojeWesele.Services.Helpers.Tests.CurrencyHelperTests" name="FormatToStringTest1000" />
    </UnitTest>
    <UnitTest name="FormatToStringTest1000 (1898.24149096489,1898.24 zł)" storage="c:\projekty\mstestproject\bin\debug\netcoreapp3.1\mstestproject.dll" id="84d2bbd6-8b27-4afc-b118-e51dab45cb42">
      <TestCategory>
        <TestCategoryItem TestCategory="Category1000" />
      </TestCategory>
      <Execution id="c0b47683-68c6-4c89-ae8d-d3b66efd8602" />
      <TestMethod codeBase="C:\Projekty\MSTestProject\bin\Debug\netcoreapp3.1\MSTestProject.dll" adapterTypeName="executor://mstestadapter/v2" className="TwojeWesele.Services.Helpers.Tests.CurrencyHelperTests" name="FormatToStringTest1000" />
    </UnitTest>
    <UnitTest name="FormatToStringTest1000 (17232.486162219426,17232.49 zł)" storage="c:\projekty\mstestproject\bin\debug\netcoreapp3.1\mstestproject.dll" id="b0e3b632-4d92-4a9d-a89d-95d2f62b8805">
      <TestCategory>
        <TestCategoryItem TestCategory="Category1000" />
      </TestCategory>
      <Execution id="03fbe0b1-4719-41a0-902f-d4ad0df49a97" />
      <TestMethod codeBase="C:\Projekty\MSTestProject\bin\Debug\netcoreapp3.1\MSTestProject.dll" adapterTypeName="executor://mstestadapter/v2" className="TwojeWesele.Services.Helpers.Tests.CurrencyHelperTests" name="FormatToStringTest1000" />
    </UnitTest>
    <UnitTest name="FormatToStringTest1000 (5287.3103648714305,5287.31 zł)" storage="c:\projekty\mstestproject\bin\debug\netcoreapp3.1\mstestproject.dll" id="a217e41e-df3f-4428-a983-802c686be9d4">
      <TestCategory>
        <TestCategoryItem TestCategory="Category1000" />
      </TestCategory>
      <Execution id="58553770-5153-4d4c-bac7-bea2380e3cc9" />
      <TestMethod codeBase="C:\Projekty\MSTestProject\bin\Debug\netcoreapp3.1\MSTestProject.dll" adapterTypeName="executor://mstestadapter/v2" className="TwojeWesele.Services.Helpers.Tests.CurrencyHelperTests" name="FormatToStringTest1000" />
    </UnitTest>
    <UnitTest name="FormatToStringTest1000 (18023.78504577455,18023.79 zł)" storage="c:\projekty\mstestproject\bin\debug\netcoreapp3.1\mstestproject.dll" id="03db16b3-052b-4362-b3e1-77bbb853633f">
      <TestCategory>
        <TestCategoryItem TestCategory="Category1000" />
      </TestCategory>
      <Execution id="e7bf9027-60e4-4847-ba09-e4e7aee70a04" />
      <TestMethod codeBase="C:\Projekty\MSTestProject\bin\Debug\netcoreapp3.1\MSTestProject.dll" adapterTypeName="executor://mstestadapter/v2" className="TwojeWesele.Services.Helpers.Tests.CurrencyHelperTests" name="FormatToStringTest1000" />
    </UnitTest>
    <UnitTest name="FormatToStringTest1000 (32213.734885384205,32213.73 zł)" storage="c:\projekty\mstestproject\bin\debug\netcoreapp3.1\mstestproject.dll" id="bf517d33-70b1-43dc-aa64-f120d994ed01">
      <TestCategory>
        <TestCategoryItem TestCategory="Category1000" />
      </TestCategory>
      <Execution id="3249b2c2-65f1-44e1-963a-3609ea27e6a8" />
      <TestMethod codeBase="C:\Projekty\MSTestProject\bin\Debug\netcoreapp3.1\MSTestProject.dll" adapterTypeName="executor://mstestadapter/v2" className="TwojeWesele.Services.Helpers.Tests.CurrencyHelperTests" name="FormatToStringTest1000" />
    </UnitTest>
    <UnitTest name="FormatToStringTest1000 (6145.531235831571,6145.53 zł)" storage="c:\projekty\mstestproject\bin\debug\netcoreapp3.1\mstestproject.dll" id="2f191a58-fada-40c0-995c-f4891373033e">
      <TestCategory>
        <TestCategoryItem TestCategory="Category1000" />
      </TestCategory>
      <Execution id="e3ab0b46-28e7-48ed-8d23-00261910a91d" />
      <TestMethod codeBase="C:\Projekty\MSTestProject\bin\Debug\netcoreapp3.1\MSTestProject.dll" adapterTypeName="executor://mstestadapter/v2" className="TwojeWesele.Services.Helpers.Tests.CurrencyHelperTests" name="FormatToStringTest1000" />
    </UnitTest>
    <UnitTest name="FormatToStringTest1000 (37866.43836050967,37866.44 zł)" storage="c:\projekty\mstestproject\bin\debug\netcoreapp3.1\mstestproject.dll" id="5c740af1-aede-4d2b-9b55-459f717bb7c4">
      <TestCategory>
        <TestCategoryItem TestCategory="Category1000" />
      </TestCategory>
      <Execution id="cf8821fc-e997-49c7-add2-749cbe4b9721" />
      <TestMethod codeBase="C:\Projekty\MSTestProject\bin\Debug\netcoreapp3.1\MSTestProject.dll" adapterTypeName="executor://mstestadapter/v2" className="TwojeWesele.Services.Helpers.Tests.CurrencyHelperTests" name="FormatToStringTest1000" />
    </UnitTest>
    <UnitTest name="FormatToStringTest1000 (54275.73209373408,54275.73 zł)" storage="c:\projekty\mstestproject\bin\debug\netcoreapp3.1\mstestproject.dll" id="31b23b82-2bce-43a9-83f9-febf4bae20bc">
      <TestCategory>
        <TestCategoryItem TestCategory="Category1000" />
      </TestCategory>
      <Execution id="00f9741e-660f-4c97-87c9-c0c78c935a8b" />
      <TestMethod codeBase="C:\Projekty\MSTestProject\bin\Debug\netcoreapp3.1\MSTestProject.dll" adapterTypeName="executor://mstestadapter/v2" className="TwojeWesele.Services.Helpers.Tests.CurrencyHelperTests" name="FormatToStringTest1000" />
    </UnitTest>
    <UnitTest name="FormatToStringTest1000 (7671.0039663785155,7671.00 zł)" storage="c:\projekty\mstestproject\bin\debug\netcoreapp3.1\mstestproject.dll" id="ac4dcade-2aad-4163-b8e0-47477b773c22">
      <TestCategory>
        <TestCategoryItem TestCategory="Category1000" />
      </TestCategory>
      <Execution id="96d074f0-a93b-45d5-a936-4139d6d31bb9" />
      <TestMethod codeBase="C:\Projekty\MSTestProject\bin\Debug\netcoreapp3.1\MSTestProject.dll" adapterTypeName="executor://mstestadapter/v2" className="TwojeWesele.Services.Helpers.Tests.CurrencyHelperTests" name="FormatToStringTest1000" />
    </UnitTest>
    <UnitTest name="FormatToStringTest1000 (14003.84591249742,14003.85 zł)" storage="c:\projekty\mstestproject\bin\debug\netcoreapp3.1\mstestproject.dll" id="635953f8-8cfd-4851-ab5a-65db1101b87e">
      <TestCategory>
        <TestCategoryItem TestCategory="Category1000" />
      </TestCategory>
      <Execution id="8820ae92-8409-4e78-888c-191c8c03e2e9" />
      <TestMethod codeBase="C:\Projekty\MSTestProject\bin\Debug\netcoreapp3.1\MSTestProject.dll" adapterTypeName="executor://mstestadapter/v2" className="TwojeWesele.Services.Helpers.Tests.CurrencyHelperTests" name="FormatToStringTest1000" />
    </UnitTest>
    <UnitTest name="FormatToStringTest1000 (18627.604896394354,18627.60 zł)" storage="c:\projekty\mstestproject\bin\debug\netcoreapp3.1\mstestproject.dll" id="83a33f5d-e406-4997-8cdb-afc43844f733">
      <TestCategory>
        <TestCategoryItem TestCategory="Category1000" />
      </TestCategory>
      <Execution id="bff7f2b6-10a8-404c-a2af-821e07d68878" />
      <TestMethod codeBase="C:\Projekty\MSTestProject\bin\Debug\netcoreapp3.1\MSTestProject.dll" adapterTypeName="executor://mstestadapter/v2" className="TwojeWesele.Services.Helpers.Tests.CurrencyHelperTests" name="FormatToStringTest1000" />
    </UnitTest>
    <UnitTest name="FormatToStringTest1000 (6654.099431086378,6654.10 zł)" storage="c:\projekty\mstestproject\bin\debug\netcoreapp3.1\mstestproject.dll" id="e820191b-1d8f-418e-ac3c-75b10e38df96">
      <TestCategory>
        <TestCategoryItem TestCategory="Category1000" />
      </TestCategory>
      <Execution id="a915b2fc-bede-49ce-909d-502c7ac69b6f" />
      <TestMethod codeBase="C:\Projekty\MSTestProject\bin\Debug\netcoreapp3.1\MSTestProject.dll" adapterTypeName="executor://mstestadapter/v2" className="TwojeWesele.Services.Helpers.Tests.CurrencyHelperTests" name="FormatToStringTest1000" />
    </UnitTest>
    <UnitTest name="FormatToStringTest1000 (32566.30279101259,32566.30 zł)" storage="c:\projekty\mstestproject\bin\debug\netcoreapp3.1\mstestproject.dll" id="b7def311-beed-46d5-9de9-69ea92f5155c">
      <TestCategory>
        <TestCategoryItem TestCategory="Category1000" />
      </TestCategory>
      <Execution id="493c407b-ddc8-4b07-89d5-129805a22651" />
      <TestMethod codeBase="C:\Projekty\MSTestProject\bin\Debug\netcoreapp3.1\MSTestProject.dll" adapterTypeName="executor://mstestadapter/v2" className="TwojeWesele.Services.Helpers.Tests.CurrencyHelperTests" name="FormatToStringTest1000" />
    </UnitTest>
    <UnitTest name="FormatToStringTest1000 (635.3263313632116,635.33 zł)" storage="c:\projekty\mstestproject\bin\debug\netcoreapp3.1\mstestproject.dll" id="3db8cfbf-d182-4300-abe9-223664334903">
      <TestCategory>
        <TestCategoryItem TestCategory="Category1000" />
      </TestCategory>
      <Execution id="2241d48f-2c70-48f7-afb2-a278fe52f9de" />
      <TestMethod codeBase="C:\Projekty\MSTestProject\bin\Debug\netcoreapp3.1\MSTestProject.dll" adapterTypeName="executor://mstestadapter/v2" className="TwojeWesele.Services.Helpers.Tests.CurrencyHelperTests" name="FormatToStringTest1000" />
    </UnitTest>
    <UnitTest name="FormatToStringTest1000 (238.1379397484185,238.14 zł)" storage="c:\projekty\mstestproject\bin\debug\netcoreapp3.1\mstestproject.dll" id="a99344ad-e57f-45ec-b346-fca84d99a95a">
      <TestCategory>
        <TestCategoryItem TestCategory="Category1000" />
      </TestCategory>
      <Execution id="4b222c62-8934-4ddf-a0bf-faf32cbc404f" />
      <TestMethod codeBase="C:\Projekty\MSTestProject\bin\Debug\netcoreapp3.1\MSTestProject.dll" adapterTypeName="executor://mstestadapter/v2" className="TwojeWesele.Services.Helpers.Tests.CurrencyHelperTests" name="FormatToStringTest1000" />
    </UnitTest>
    <UnitTest name="FormatToStringTest1000 (40400.9734049295,40400.97 zł)" storage="c:\projekty\mstestproject\bin\debug\netcoreapp3.1\mstestproject.dll" id="b0f1cdc4-8b88-454e-8c79-5b0dc8ea1e40">
      <TestCategory>
        <TestCategoryItem TestCategory="Category1000" />
      </TestCategory>
      <Execution id="48ac8188-6b74-473a-8d79-85739ccebfa9" />
      <TestMethod codeBase="C:\Projekty\MSTestProject\bin\Debug\netcoreapp3.1\MSTestProject.dll" adapterTypeName="executor://mstestadapter/v2" className="TwojeWesele.Services.Helpers.Tests.CurrencyHelperTests" name="FormatToStringTest1000" />
    </UnitTest>
    <UnitTest name="FormatToStringTest1000 (14172.682747822573,14172.68 zł)" storage="c:\projekty\mstestproject\bin\debug\netcoreapp3.1\mstestproject.dll" id="4cadacc7-6d36-4f84-9d05-cfd961ba2662">
      <TestCategory>
        <TestCategoryItem TestCategory="Category1000" />
      </TestCategory>
      <Execution id="e25cb42a-9c5e-4ebc-808b-9a734db42a3e" />
      <TestMethod codeBase="C:\Projekty\MSTestProject\bin\Debug\netcoreapp3.1\MSTestProject.dll" adapterTypeName="executor://mstestadapter/v2" className="TwojeWesele.Services.Helpers.Tests.CurrencyHelperTests" name="FormatToStringTest1000" />
    </UnitTest>
    <UnitTest name="FormatToStringTest1000 (4525.609305084501,4525.61 zł)" storage="c:\projekty\mstestproject\bin\debug\netcoreapp3.1\mstestproject.dll" id="cc3ffd3f-0656-4de6-b22a-c620b6dfc6e2">
      <TestCategory>
        <TestCategoryItem TestCategory="Category1000" />
      </TestCategory>
      <Execution id="61c9e6b1-ee16-498e-b2ae-3b028ea67dec" />
      <TestMethod codeBase="C:\Projekty\MSTestProject\bin\Debug\netcoreapp3.1\MSTestProject.dll" adapterTypeName="executor://mstestadapter/v2" className="TwojeWesele.Services.Helpers.Tests.CurrencyHelperTests" name="FormatToStringTest1000" />
    </UnitTest>
    <UnitTest name="FormatToStringTest1000 (22678.795878462864,22678.80 zł)" storage="c:\projekty\mstestproject\bin\debug\netcoreapp3.1\mstestproject.dll" id="ece48ade-aad2-4050-994a-d2f4dd8254ef">
      <TestCategory>
        <TestCategoryItem TestCategory="Category1000" />
      </TestCategory>
      <Execution id="e68d698e-268b-402c-946d-49e177a62ef8" />
      <TestMethod codeBase="C:\Projekty\MSTestProject\bin\Debug\netcoreapp3.1\MSTestProject.dll" adapterTypeName="executor://mstestadapter/v2" className="TwojeWesele.Services.Helpers.Tests.CurrencyHelperTests" name="FormatToStringTest1000" />
    </UnitTest>
    <UnitTest name="FormatToStringTest1000 (50507.0104155615,50507.01 zł)" storage="c:\projekty\mstestproject\bin\debug\netcoreapp3.1\mstestproject.dll" id="09de5e82-87b8-45a0-a3a5-3bb0bd4e8ea4">
      <TestCategory>
        <TestCategoryItem TestCategory="Category1000" />
      </TestCategory>
      <Execution id="81af3524-489f-4f3d-b655-0c5434ad34f6" />
      <TestMethod codeBase="C:\Projekty\MSTestProject\bin\Debug\netcoreapp3.1\MSTestProject.dll" adapterTypeName="executor://mstestadapter/v2" className="TwojeWesele.Services.Helpers.Tests.CurrencyHelperTests" name="FormatToStringTest1000" />
    </UnitTest>
    <UnitTest name="FormatToStringTest1000 (23120.169499649743,23120.17 zł)" storage="c:\projekty\mstestproject\bin\debug\netcoreapp3.1\mstestproject.dll" id="659f37b3-5ad6-403e-8c86-d950e2566cfb">
      <TestCategory>
        <TestCategoryItem TestCategory="Category1000" />
      </TestCategory>
      <Execution id="2bfb1539-c29f-4242-a387-2988a41b770f" />
      <TestMethod codeBase="C:\Projekty\MSTestProject\bin\Debug\netcoreapp3.1\MSTestProject.dll" adapterTypeName="executor://mstestadapter/v2" className="TwojeWesele.Services.Helpers.Tests.CurrencyHelperTests" name="FormatToStringTest1000" />
    </UnitTest>
    <UnitTest name="FormatToStringTest1000 (28992.38363400166,28992.38 zł)" storage="c:\projekty\mstestproject\bin\debug\netcoreapp3.1\mstestproject.dll" id="f2cdc9c9-f005-4419-b5c0-e3bdfcc9dd84">
      <TestCategory>
        <TestCategoryItem TestCategory="Category1000" />
      </TestCategory>
      <Execution id="df12b0f9-b506-4296-878e-50a0ce94ecf0" />
      <TestMethod codeBase="C:\Projekty\MSTestProject\bin\Debug\netcoreapp3.1\MSTestProject.dll" adapterTypeName="executor://mstestadapter/v2" className="TwojeWesele.Services.Helpers.Tests.CurrencyHelperTests" name="FormatToStringTest1000" />
    </UnitTest>
    <UnitTest name="FormatToStringTest1000 (7193.552206002898,7193.55 zł)" storage="c:\projekty\mstestproject\bin\debug\netcoreapp3.1\mstestproject.dll" id="0f7b8ed9-0741-4228-8221-c4e5fa90d0b0">
      <TestCategory>
        <TestCategoryItem TestCategory="Category1000" />
      </TestCategory>
      <Execution id="3a78d8a3-2443-42d5-a9b4-a0d02049f4e1" />
      <TestMethod codeBase="C:\Projekty\MSTestProject\bin\Debug\netcoreapp3.1\MSTestProject.dll" adapterTypeName="executor://mstestadapter/v2" className="TwojeWesele.Services.Helpers.Tests.CurrencyHelperTests" name="FormatToStringTest1000" />
    </UnitTest>
    <UnitTest name="FormatToStringTest1000 (75350.77330865282,75350.77 zł)" storage="c:\projekty\mstestproject\bin\debug\netcoreapp3.1\mstestproject.dll" id="43859ead-2cb5-4180-803a-7aa3f1f60410">
      <TestCategory>
        <TestCategoryItem TestCategory="Category1000" />
      </TestCategory>
      <Execution id="97552da7-51a8-46b6-9261-30f907463b8a" />
      <TestMethod codeBase="C:\Projekty\MSTestProject\bin\Debug\netcoreapp3.1\MSTestProject.dll" adapterTypeName="executor://mstestadapter/v2" className="TwojeWesele.Services.Helpers.Tests.CurrencyHelperTests" name="FormatToStringTest1000" />
    </UnitTest>
    <UnitTest name="FormatToStringTest1000 (2298.0331723829886,2298.03 zł)" storage="c:\projekty\mstestproject\bin\debug\netcoreapp3.1\mstestproject.dll" id="f1447fda-eb37-42b3-901c-dc66c910d656">
      <TestCategory>
        <TestCategoryItem TestCategory="Category1000" />
      </TestCategory>
      <Execution id="99def046-c646-4303-a512-9a627ca120a0" />
      <TestMethod codeBase="C:\Projekty\MSTestProject\bin\Debug\netcoreapp3.1\MSTestProject.dll" adapterTypeName="executor://mstestadapter/v2" className="TwojeWesele.Services.Helpers.Tests.CurrencyHelperTests" name="FormatToStringTest1000" />
    </UnitTest>
    <UnitTest name="FormatToStringTest1000 (4419.750844657306,4419.75 zł)" storage="c:\projekty\mstestproject\bin\debug\netcoreapp3.1\mstestproject.dll" id="3245a704-ae25-4edc-a4b2-4e06fdabd0dc">
      <TestCategory>
        <TestCategoryItem TestCategory="Category1000" />
      </TestCategory>
      <Execution id="08dadb0e-8114-414d-8cca-2940e3ce0825" />
      <TestMethod codeBase="C:\Projekty\MSTestProject\bin\Debug\netcoreapp3.1\MSTestProject.dll" adapterTypeName="executor://mstestadapter/v2" className="TwojeWesele.Services.Helpers.Tests.CurrencyHelperTests" name="FormatToStringTest1000" />
    </UnitTest>
    <UnitTest name="FormatToStringTest1000 (12759.925747307914,12759.93 zł)" storage="c:\projekty\mstestproject\bin\debug\netcoreapp3.1\mstestproject.dll" id="5f93a45c-2fbf-4412-8863-08d42c4962c2">
      <TestCategory>
        <TestCategoryItem TestCategory="Category1000" />
      </TestCategory>
      <Execution id="5ed9fdea-2fcd-4438-b385-7a57387180f6" />
      <TestMethod codeBase="C:\Projekty\MSTestProject\bin\Debug\netcoreapp3.1\MSTestProject.dll" adapterTypeName="executor://mstestadapter/v2" className="TwojeWesele.Services.Helpers.Tests.CurrencyHelperTests" name="FormatToStringTest1000" />
    </UnitTest>
    <UnitTest name="FormatToStringTest1000 (17798.633951516185,17798.63 zł)" storage="c:\projekty\mstestproject\bin\debug\netcoreapp3.1\mstestproject.dll" id="4d202891-2024-49bc-b8ba-6bc51d7daa33">
      <TestCategory>
        <TestCategoryItem TestCategory="Category1000" />
      </TestCategory>
      <Execution id="362564b3-5faf-473c-b480-c7a284750503" />
      <TestMethod codeBase="C:\Projekty\MSTestProject\bin\Debug\netcoreapp3.1\MSTestProject.dll" adapterTypeName="executor://mstestadapter/v2" className="TwojeWesele.Services.Helpers.Tests.CurrencyHelperTests" name="FormatToStringTest1000" />
    </UnitTest>
    <UnitTest name="FormatToStringTest1000 (29417.800422138444,29417.80 zł)" storage="c:\projekty\mstestproject\bin\debug\netcoreapp3.1\mstestproject.dll" id="a11c986a-da0c-4097-9716-d111c58a8e3f">
      <TestCategory>
        <TestCategoryItem TestCategory="Category1000" />
      </TestCategory>
      <Execution id="39804e73-510b-49a9-8276-de1ba26d724e" />
      <TestMethod codeBase="C:\Projekty\MSTestProject\bin\Debug\netcoreapp3.1\MSTestProject.dll" adapterTypeName="executor://mstestadapter/v2" className="TwojeWesele.Services.Helpers.Tests.CurrencyHelperTests" name="FormatToStringTest1000" />
    </UnitTest>
    <UnitTest name="FormatToStringTest1000 (40545.70748620001,40545.71 zł)" storage="c:\projekty\mstestproject\bin\debug\netcoreapp3.1\mstestproject.dll" id="a012e662-fd51-4af1-9aba-95c3aeae27ca">
      <TestCategory>
        <TestCategoryItem TestCategory="Category1000" />
      </TestCategory>
      <Execution id="85630da8-0dbe-4d9f-ac2c-9de5589d6ce3" />
      <TestMethod codeBase="C:\Projekty\MSTestProject\bin\Debug\netcoreapp3.1\MSTestProject.dll" adapterTypeName="executor://mstestadapter/v2" className="TwojeWesele.Services.Helpers.Tests.CurrencyHelperTests" name="FormatToStringTest1000" />
    </UnitTest>
    <UnitTest name="FormatToStringTest1000 (11022.594234092438,11022.59 zł)" storage="c:\projekty\mstestproject\bin\debug\netcoreapp3.1\mstestproject.dll" id="22c8b865-613a-45eb-9a74-d592299795c7">
      <TestCategory>
        <TestCategoryItem TestCategory="Category1000" />
      </TestCategory>
      <Execution id="74615bfa-e61a-45be-aed4-92c168c29c64" />
      <TestMethod codeBase="C:\Projekty\MSTestProject\bin\Debug\netcoreapp3.1\MSTestProject.dll" adapterTypeName="executor://mstestadapter/v2" className="TwojeWesele.Services.Helpers.Tests.CurrencyHelperTests" name="FormatToStringTest1000" />
    </UnitTest>
    <UnitTest name="FormatToStringTest1000 (1474.699818629166,1474.70 zł)" storage="c:\projekty\mstestproject\bin\debug\netcoreapp3.1\mstestproject.dll" id="6d52f153-bad5-48a0-be4a-4570c065382f">
      <TestCategory>
        <TestCategoryItem TestCategory="Category1000" />
      </TestCategory>
      <Execution id="93ff12cc-f577-483f-ab97-f0ad59e85b3b" />
      <TestMethod codeBase="C:\Projekty\MSTestProject\bin\Debug\netcoreapp3.1\MSTestProject.dll" adapterTypeName="executor://mstestadapter/v2" className="TwojeWesele.Services.Helpers.Tests.CurrencyHelperTests" name="FormatToStringTest1000" />
    </UnitTest>
    <UnitTest name="FormatToStringTest1000 (31424.298858482067,31424.30 zł)" storage="c:\projekty\mstestproject\bin\debug\netcoreapp3.1\mstestproject.dll" id="0a5957af-d0fe-4ce0-9b5b-05c6e1a4213c">
      <TestCategory>
        <TestCategoryItem TestCategory="Category1000" />
      </TestCategory>
      <Execution id="30c09327-11fd-4b5f-93d5-60d93eaa0e92" />
      <TestMethod codeBase="C:\Projekty\MSTestProject\bin\Debug\netcoreapp3.1\MSTestProject.dll" adapterTypeName="executor://mstestadapter/v2" className="TwojeWesele.Services.Helpers.Tests.CurrencyHelperTests" name="FormatToStringTest1000" />
    </UnitTest>
    <UnitTest name="FormatToStringTest1000 (47575.6421269959,47575.64 zł)" storage="c:\projekty\mstestproject\bin\debug\netcoreapp3.1\mstestproject.dll" id="f4c7c23c-14d0-40ae-8862-c0f3faecd763">
      <TestCategory>
        <TestCategoryItem TestCategory="Category1000" />
      </TestCategory>
      <Execution id="050dcae0-9d77-4089-9d29-5f6c343f28cd" />
      <TestMethod codeBase="C:\Projekty\MSTestProject\bin\Debug\netcoreapp3.1\MSTestProject.dll" adapterTypeName="executor://mstestadapter/v2" className="TwojeWesele.Services.Helpers.Tests.CurrencyHelperTests" name="FormatToStringTest1000" />
    </UnitTest>
    <UnitTest name="FormatToStringTest1000 (37160.85331540269,37160.85 zł)" storage="c:\projekty\mstestproject\bin\debug\netcoreapp3.1\mstestproject.dll" id="a4a551ee-42cd-4b65-b33c-6047a43c2f81">
      <TestCategory>
        <TestCategoryItem TestCategory="Category1000" />
      </TestCategory>
      <Execution id="f6c45528-4f80-4f14-8345-78959d5c0b43" />
      <TestMethod codeBase="C:\Projekty\MSTestProject\bin\Debug\netcoreapp3.1\MSTestProject.dll" adapterTypeName="executor://mstestadapter/v2" className="TwojeWesele.Services.Helpers.Tests.CurrencyHelperTests" name="FormatToStringTest1000" />
    </UnitTest>
    <UnitTest name="FormatToStringTest1000 (46790.41011887715,46790.41 zł)" storage="c:\projekty\mstestproject\bin\debug\netcoreapp3.1\mstestproject.dll" id="e36f2850-748a-45f4-872e-acb7ace7b1cc">
      <TestCategory>
        <TestCategoryItem TestCategory="Category1000" />
      </TestCategory>
      <Execution id="f74b76f4-da1b-4c3d-9b50-3120adfbfd92" />
      <TestMethod codeBase="C:\Projekty\MSTestProject\bin\Debug\netcoreapp3.1\MSTestProject.dll" adapterTypeName="executor://mstestadapter/v2" className="TwojeWesele.Services.Helpers.Tests.CurrencyHelperTests" name="FormatToStringTest1000" />
    </UnitTest>
    <UnitTest name="FormatToStringTest1000 (5840.747097845071,5840.75 zł)" storage="c:\projekty\mstestproject\bin\debug\netcoreapp3.1\mstestproject.dll" id="f345e245-241b-4572-95e0-a799f122a439">
      <TestCategory>
        <TestCategoryItem TestCategory="Category1000" />
      </TestCategory>
      <Execution id="3a85004c-e539-417b-bfa3-e34e7efd4605" />
      <TestMethod codeBase="C:\Projekty\MSTestProject\bin\Debug\netcoreapp3.1\MSTestProject.dll" adapterTypeName="executor://mstestadapter/v2" className="TwojeWesele.Services.Helpers.Tests.CurrencyHelperTests" name="FormatToStringTest1000" />
    </UnitTest>
    <UnitTest name="FormatToStringTest1000 (47025.6224095177,47025.62 zł)" storage="c:\projekty\mstestproject\bin\debug\netcoreapp3.1\mstestproject.dll" id="b2ddf24b-dcf5-4c70-b351-3c383d379ff9">
      <TestCategory>
        <TestCategoryItem TestCategory="Category1000" />
      </TestCategory>
      <Execution id="da015e0d-5438-482b-9c8d-15b8b6d691a7" />
      <TestMethod codeBase="C:\Projekty\MSTestProject\bin\Debug\netcoreapp3.1\MSTestProject.dll" adapterTypeName="executor://mstestadapter/v2" className="TwojeWesele.Services.Helpers.Tests.CurrencyHelperTests" name="FormatToStringTest1000" />
    </UnitTest>
    <UnitTest name="FormatToStringTest1000 (2835.0728237931958,2835.07 zł)" storage="c:\projekty\mstestproject\bin\debug\netcoreapp3.1\mstestproject.dll" id="357b0369-0746-44f6-9e33-ccdbe0c7868b">
      <TestCategory>
        <TestCategoryItem TestCategory="Category1000" />
      </TestCategory>
      <Execution id="40f7f4bd-9737-4e07-ade6-96a9c06f6711" />
      <TestMethod codeBase="C:\Projekty\MSTestProject\bin\Debug\netcoreapp3.1\MSTestProject.dll" adapterTypeName="executor://mstestadapter/v2" className="TwojeWesele.Services.Helpers.Tests.CurrencyHelperTests" name="FormatToStringTest1000" />
    </UnitTest>
    <UnitTest name="FormatToStringTest1000 (38614.292320713066,38614.29 zł)" storage="c:\projekty\mstestproject\bin\debug\netcoreapp3.1\mstestproject.dll" id="46226c3d-2793-416d-b760-f95e5a7b84c3">
      <TestCategory>
        <TestCategoryItem TestCategory="Category1000" />
      </TestCategory>
      <Execution id="b85fd8ae-e0dc-46be-bf5d-fe60425f8680" />
      <TestMethod codeBase="C:\Projekty\MSTestProject\bin\Debug\netcoreapp3.1\MSTestProject.dll" adapterTypeName="executor://mstestadapter/v2" className="TwojeWesele.Services.Helpers.Tests.CurrencyHelperTests" name="FormatToStringTest1000" />
    </UnitTest>
    <UnitTest name="FormatToStringTest1000 (84686.32148464039,84686.32 zł)" storage="c:\projekty\mstestproject\bin\debug\netcoreapp3.1\mstestproject.dll" id="7ffb8db7-00ff-4877-9c47-1e5df0ca3973">
      <TestCategory>
        <TestCategoryItem TestCategory="Category1000" />
      </TestCategory>
      <Execution id="7366e375-e8e2-4da1-b6c6-e4c4987d1029" />
      <TestMethod codeBase="C:\Projekty\MSTestProject\bin\Debug\netcoreapp3.1\MSTestProject.dll" adapterTypeName="executor://mstestadapter/v2" className="TwojeWesele.Services.Helpers.Tests.CurrencyHelperTests" name="FormatToStringTest1000" />
    </UnitTest>
    <UnitTest name="FormatToStringTest1000 (10397.404523554447,10397.40 zł)" storage="c:\projekty\mstestproject\bin\debug\netcoreapp3.1\mstestproject.dll" id="5a325039-0bae-48ae-a8c4-b4a636f88ac4">
      <TestCategory>
        <TestCategoryItem TestCategory="Category1000" />
      </TestCategory>
      <Execution id="bfd2a24b-80a4-4cf8-94e6-72be38d453e1" />
      <TestMethod codeBase="C:\Projekty\MSTestProject\bin\Debug\netcoreapp3.1\MSTestProject.dll" adapterTypeName="executor://mstestadapter/v2" className="TwojeWesele.Services.Helpers.Tests.CurrencyHelperTests" name="FormatToStringTest1000" />
    </UnitTest>
    <UnitTest name="FormatToStringTest1000 (2339.5873176472205,2339.59 zł)" storage="c:\projekty\mstestproject\bin\debug\netcoreapp3.1\mstestproject.dll" id="2d6c5448-40c0-4698-9fae-8fecd6525a8f">
      <TestCategory>
        <TestCategoryItem TestCategory="Category1000" />
      </TestCategory>
      <Execution id="f512b2bd-4f36-40d8-97b8-8a9b529d3ffb" />
      <TestMethod codeBase="C:\Projekty\MSTestProject\bin\Debug\netcoreapp3.1\MSTestProject.dll" adapterTypeName="executor://mstestadapter/v2" className="TwojeWesele.Services.Helpers.Tests.CurrencyHelperTests" name="FormatToStringTest1000" />
    </UnitTest>
    <UnitTest name="FormatToStringTest1000 (11624.834848273003,11624.83 zł)" storage="c:\projekty\mstestproject\bin\debug\netcoreapp3.1\mstestproject.dll" id="945072df-ebec-47e2-8c19-55e3055dce95">
      <TestCategory>
        <TestCategoryItem TestCategory="Category1000" />
      </TestCategory>
      <Execution id="b2c37d38-f0b8-4238-9271-38f004c28680" />
      <TestMethod codeBase="C:\Projekty\MSTestProject\bin\Debug\netcoreapp3.1\MSTestProject.dll" adapterTypeName="executor://mstestadapter/v2" className="TwojeWesele.Services.Helpers.Tests.CurrencyHelperTests" name="FormatToStringTest1000" />
    </UnitTest>
    <UnitTest name="FormatToStringTest1000 (22189.78731674132,22189.79 zł)" storage="c:\projekty\mstestproject\bin\debug\netcoreapp3.1\mstestproject.dll" id="6b7a1aa8-7972-4f51-9f57-33255ba32cbe">
      <TestCategory>
        <TestCategoryItem TestCategory="Category1000" />
      </TestCategory>
      <Execution id="373ad588-be03-454d-bbf6-1c331ea7d251" />
      <TestMethod codeBase="C:\Projekty\MSTestProject\bin\Debug\netcoreapp3.1\MSTestProject.dll" adapterTypeName="executor://mstestadapter/v2" className="TwojeWesele.Services.Helpers.Tests.CurrencyHelperTests" name="FormatToStringTest1000" />
    </UnitTest>
    <UnitTest name="FormatToStringTest1000 (7348.947429818543,7348.95 zł)" storage="c:\projekty\mstestproject\bin\debug\netcoreapp3.1\mstestproject.dll" id="37560711-26c6-4170-8a3e-af3e21acc14e">
      <TestCategory>
        <TestCategoryItem TestCategory="Category1000" />
      </TestCategory>
      <Execution id="a7f01b96-cc1a-4683-a9f9-86749fcbd39e" />
      <TestMethod codeBase="C:\Projekty\MSTestProject\bin\Debug\netcoreapp3.1\MSTestProject.dll" adapterTypeName="executor://mstestadapter/v2" className="TwojeWesele.Services.Helpers.Tests.CurrencyHelperTests" name="FormatToStringTest1000" />
    </UnitTest>
    <UnitTest name="FormatToStringTest1000 (6105.007054037418,6105.01 zł)" storage="c:\projekty\mstestproject\bin\debug\netcoreapp3.1\mstestproject.dll" id="2fe3abab-e8cd-46b4-bc35-03e5ca8d0ad1">
      <TestCategory>
        <TestCategoryItem TestCategory="Category1000" />
      </TestCategory>
      <Execution id="1dd29ce5-895a-4495-9bfc-159102cb2ae1" />
      <TestMethod codeBase="C:\Projekty\MSTestProject\bin\Debug\netcoreapp3.1\MSTestProject.dll" adapterTypeName="executor://mstestadapter/v2" className="TwojeWesele.Services.Helpers.Tests.CurrencyHelperTests" name="FormatToStringTest1000" />
    </UnitTest>
    <UnitTest name="FormatToStringTest1000 (86.89546322771136,86.90 zł)" storage="c:\projekty\mstestproject\bin\debug\netcoreapp3.1\mstestproject.dll" id="1a51264e-c22e-4d79-bc25-6183800aad5b">
      <TestCategory>
        <TestCategoryItem TestCategory="Category1000" />
      </TestCategory>
      <Execution id="6a90ceb1-2a85-46f3-8b1a-49be6304aeb2" />
      <TestMethod codeBase="C:\Projekty\MSTestProject\bin\Debug\netcoreapp3.1\MSTestProject.dll" adapterTypeName="executor://mstestadapter/v2" className="TwojeWesele.Services.Helpers.Tests.CurrencyHelperTests" name="FormatToStringTest1000" />
    </UnitTest>
    <UnitTest name="FormatToStringTest1000 (13503.943645929892,13503.94 zł)" storage="c:\projekty\mstestproject\bin\debug\netcoreapp3.1\mstestproject.dll" id="8d265ade-126f-4643-be7f-f199f18afb1c">
      <TestCategory>
        <TestCategoryItem TestCategory="Category1000" />
      </TestCategory>
      <Execution id="d43d7b99-4389-4339-9152-d93ac63aa18a" />
      <TestMethod codeBase="C:\Projekty\MSTestProject\bin\Debug\netcoreapp3.1\MSTestProject.dll" adapterTypeName="executor://mstestadapter/v2" className="TwojeWesele.Services.Helpers.Tests.CurrencyHelperTests" name="FormatToStringTest1000" />
    </UnitTest>
    <UnitTest name="FormatToStringTest1000 (33699.13042082038,33699.13 zł)" storage="c:\projekty\mstestproject\bin\debug\netcoreapp3.1\mstestproject.dll" id="666b14d7-0c69-4d2e-a9f1-91c5d043de2d">
      <TestCategory>
        <TestCategoryItem TestCategory="Category1000" />
      </TestCategory>
      <Execution id="a16a0e6c-1eba-4664-ae62-574ea7899adf" />
      <TestMethod codeBase="C:\Projekty\MSTestProject\bin\Debug\netcoreapp3.1\MSTestProject.dll" adapterTypeName="executor://mstestadapter/v2" className="TwojeWesele.Services.Helpers.Tests.CurrencyHelperTests" name="FormatToStringTest1000" />
    </UnitTest>
    <UnitTest name="FormatToStringTest1000 (19933.78650940945,19933.79 zł)" storage="c:\projekty\mstestproject\bin\debug\netcoreapp3.1\mstestproject.dll" id="9056cd75-74ff-4313-85dd-f6be78caf765">
      <TestCategory>
        <TestCategoryItem TestCategory="Category1000" />
      </TestCategory>
      <Execution id="dd94e0c6-69f6-4308-b9f2-f30b1f3db0b8" />
      <TestMethod codeBase="C:\Projekty\MSTestProject\bin\Debug\netcoreapp3.1\MSTestProject.dll" adapterTypeName="executor://mstestadapter/v2" className="TwojeWesele.Services.Helpers.Tests.CurrencyHelperTests" name="FormatToStringTest1000" />
    </UnitTest>
    <UnitTest name="FormatToStringTest1000 (73372.53853826903,73372.54 zł)" storage="c:\projekty\mstestproject\bin\debug\netcoreapp3.1\mstestproject.dll" id="0fe72589-1523-4f6d-a44b-fe25757df41f">
      <TestCategory>
        <TestCategoryItem TestCategory="Category1000" />
      </TestCategory>
      <Execution id="c1b84246-af8e-421f-88fe-39ecd4d06278" />
      <TestMethod codeBase="C:\Projekty\MSTestProject\bin\Debug\netcoreapp3.1\MSTestProject.dll" adapterTypeName="executor://mstestadapter/v2" className="TwojeWesele.Services.Helpers.Tests.CurrencyHelperTests" name="FormatToStringTest1000" />
    </UnitTest>
    <UnitTest name="FormatToStringTest1000 (15129.433864736666,15129.43 zł)" storage="c:\projekty\mstestproject\bin\debug\netcoreapp3.1\mstestproject.dll" id="3f8d030b-fbe7-4150-b2ca-4a69a9424a52">
      <TestCategory>
        <TestCategoryItem TestCategory="Category1000" />
      </TestCategory>
      <Execution id="7d2f4795-ce84-4be0-becf-ca248be51235" />
      <TestMethod codeBase="C:\Projekty\MSTestProject\bin\Debug\netcoreapp3.1\MSTestProject.dll" adapterTypeName="executor://mstestadapter/v2" className="TwojeWesele.Services.Helpers.Tests.CurrencyHelperTests" name="FormatToStringTest1000" />
    </UnitTest>
    <UnitTest name="FormatToStringTest1000 (24528.124092612474,24528.12 zł)" storage="c:\projekty\mstestproject\bin\debug\netcoreapp3.1\mstestproject.dll" id="0ed062f7-6d79-43c4-aec2-9c6586d23dc5">
      <TestCategory>
        <TestCategoryItem TestCategory="Category1000" />
      </TestCategory>
      <Execution id="29b2537e-9f23-410f-b906-f3f28b214a49" />
      <TestMethod codeBase="C:\Projekty\MSTestProject\bin\Debug\netcoreapp3.1\MSTestProject.dll" adapterTypeName="executor://mstestadapter/v2" className="TwojeWesele.Services.Helpers.Tests.CurrencyHelperTests" name="FormatToStringTest1000" />
    </UnitTest>
    <UnitTest name="FormatToStringTest1000 (26858.35647848731,26858.36 zł)" storage="c:\projekty\mstestproject\bin\debug\netcoreapp3.1\mstestproject.dll" id="4e4d63cf-19c8-48f7-b906-fcc5992f7791">
      <TestCategory>
        <TestCategoryItem TestCategory="Category1000" />
      </TestCategory>
      <Execution id="a21b14b2-a7c7-4494-85eb-f38d51fd7a0f" />
      <TestMethod codeBase="C:\Projekty\MSTestProject\bin\Debug\netcoreapp3.1\MSTestProject.dll" adapterTypeName="executor://mstestadapter/v2" className="TwojeWesele.Services.Helpers.Tests.CurrencyHelperTests" name="FormatToStringTest1000" />
    </UnitTest>
    <UnitTest name="FormatToStringTest1000 (8885.065440211942,8885.07 zł)" storage="c:\projekty\mstestproject\bin\debug\netcoreapp3.1\mstestproject.dll" id="f41231cd-cc99-4edc-886c-b3caeeb28e17">
      <TestCategory>
        <TestCategoryItem TestCategory="Category1000" />
      </TestCategory>
      <Execution id="ea190a92-d130-41b4-8936-1ee011573d1c" />
      <TestMethod codeBase="C:\Projekty\MSTestProject\bin\Debug\netcoreapp3.1\MSTestProject.dll" adapterTypeName="executor://mstestadapter/v2" className="TwojeWesele.Services.Helpers.Tests.CurrencyHelperTests" name="FormatToStringTest1000" />
    </UnitTest>
    <UnitTest name="FormatToStringTest1000 (9765.54450809748,9765.54 zł)" storage="c:\projekty\mstestproject\bin\debug\netcoreapp3.1\mstestproject.dll" id="e1ee4983-1966-4962-bf29-c96cba59f7bd">
      <TestCategory>
        <TestCategoryItem TestCategory="Category1000" />
      </TestCategory>
      <Execution id="46d1701a-f43f-4f8b-ad2e-16535d718490" />
      <TestMethod codeBase="C:\Projekty\MSTestProject\bin\Debug\netcoreapp3.1\MSTestProject.dll" adapterTypeName="executor://mstestadapter/v2" className="TwojeWesele.Services.Helpers.Tests.CurrencyHelperTests" name="FormatToStringTest1000" />
    </UnitTest>
    <UnitTest name="FormatToStringTest1000 (15190.097283723344,15190.10 zł)" storage="c:\projekty\mstestproject\bin\debug\netcoreapp3.1\mstestproject.dll" id="9ab8de26-b8f7-44ed-bdae-c14734f68f4b">
      <TestCategory>
        <TestCategoryItem TestCategory="Category1000" />
      </TestCategory>
      <Execution id="7aabbe72-af21-43bb-a1af-51122feee647" />
      <TestMethod codeBase="C:\Projekty\MSTestProject\bin\Debug\netcoreapp3.1\MSTestProject.dll" adapterTypeName="executor://mstestadapter/v2" className="TwojeWesele.Services.Helpers.Tests.CurrencyHelperTests" name="FormatToStringTest1000" />
    </UnitTest>
    <UnitTest name="FormatToStringTest1000 (1676.7913981754293,1676.79 zł)" storage="c:\projekty\mstestproject\bin\debug\netcoreapp3.1\mstestproject.dll" id="a189b1a0-31f9-4084-9b05-723078a5bdb9">
      <TestCategory>
        <TestCategoryItem TestCategory="Category1000" />
      </TestCategory>
      <Execution id="83cc39d6-7546-4cde-9c51-e17abfc1df07" />
      <TestMethod codeBase="C:\Projekty\MSTestProject\bin\Debug\netcoreapp3.1\MSTestProject.dll" adapterTypeName="executor://mstestadapter/v2" className="TwojeWesele.Services.Helpers.Tests.CurrencyHelperTests" name="FormatToStringTest1000" />
    </UnitTest>
    <UnitTest name="FormatToStringTest1000 (31622.81414407809,31622.81 zł)" storage="c:\projekty\mstestproject\bin\debug\netcoreapp3.1\mstestproject.dll" id="8f2a2961-b3a8-4d98-b7af-f3b0faa1cf5e">
      <TestCategory>
        <TestCategoryItem TestCategory="Category1000" />
      </TestCategory>
      <Execution id="15011a6a-f0b9-41c3-8d10-148e3ecf0af3" />
      <TestMethod codeBase="C:\Projekty\MSTestProject\bin\Debug\netcoreapp3.1\MSTestProject.dll" adapterTypeName="executor://mstestadapter/v2" className="TwojeWesele.Services.Helpers.Tests.CurrencyHelperTests" name="FormatToStringTest1000" />
    </UnitTest>
    <UnitTest name="FormatToStringTest1000 (1300.9430775404642,1300.94 zł)" storage="c:\projekty\mstestproject\bin\debug\netcoreapp3.1\mstestproject.dll" id="164ba673-da51-493b-81c0-72654c89dc1b">
      <TestCategory>
        <TestCategoryItem TestCategory="Category1000" />
      </TestCategory>
      <Execution id="777219d2-a86f-43c3-abec-f1d7e994b2bb" />
      <TestMethod codeBase="C:\Projekty\MSTestProject\bin\Debug\netcoreapp3.1\MSTestProject.dll" adapterTypeName="executor://mstestadapter/v2" className="TwojeWesele.Services.Helpers.Tests.CurrencyHelperTests" name="FormatToStringTest1000" />
    </UnitTest>
    <UnitTest name="FormatToStringTest1000 (10914.360814625099,10914.36 zł)" storage="c:\projekty\mstestproject\bin\debug\netcoreapp3.1\mstestproject.dll" id="b6b4c3a1-54cc-4fbf-9b8b-60f43e7fbc2e">
      <TestCategory>
        <TestCategoryItem TestCategory="Category1000" />
      </TestCategory>
      <Execution id="c3eb30fd-ca1c-47f6-b34f-32169d9d4e22" />
      <TestMethod codeBase="C:\Projekty\MSTestProject\bin\Debug\netcoreapp3.1\MSTestProject.dll" adapterTypeName="executor://mstestadapter/v2" className="TwojeWesele.Services.Helpers.Tests.CurrencyHelperTests" name="FormatToStringTest1000" />
    </UnitTest>
    <UnitTest name="FormatToStringTest1000 (34145.534199603615,34145.53 zł)" storage="c:\projekty\mstestproject\bin\debug\netcoreapp3.1\mstestproject.dll" id="56fecd7e-ac3e-4660-804c-4caf6e1b3c56">
      <TestCategory>
        <TestCategoryItem TestCategory="Category1000" />
      </TestCategory>
      <Execution id="abd840ec-822d-49c1-88b7-f64e6c755ce0" />
      <TestMethod codeBase="C:\Projekty\MSTestProject\bin\Debug\netcoreapp3.1\MSTestProject.dll" adapterTypeName="executor://mstestadapter/v2" className="TwojeWesele.Services.Helpers.Tests.CurrencyHelperTests" name="FormatToStringTest1000" />
    </UnitTest>
    <UnitTest name="FormatToStringTest1000 (24646.322657574587,24646.32 zł)" storage="c:\projekty\mstestproject\bin\debug\netcoreapp3.1\mstestproject.dll" id="e02d7eb8-c18e-4861-a78a-bb2a1f132910">
      <TestCategory>
        <TestCategoryItem TestCategory="Category1000" />
      </TestCategory>
      <Execution id="52c9b747-a454-41ed-bfc9-1429a9507a38" />
      <TestMethod codeBase="C:\Projekty\MSTestProject\bin\Debug\netcoreapp3.1\MSTestProject.dll" adapterTypeName="executor://mstestadapter/v2" className="TwojeWesele.Services.Helpers.Tests.CurrencyHelperTests" name="FormatToStringTest1000" />
    </UnitTest>
    <UnitTest name="FormatToStringTest1000 (75915.01943546813,75915.02 zł)" storage="c:\projekty\mstestproject\bin\debug\netcoreapp3.1\mstestproject.dll" id="eaa779fd-2b40-49dc-acad-ffc63d4c9595">
      <TestCategory>
        <TestCategoryItem TestCategory="Category1000" />
      </TestCategory>
      <Execution id="0bacec75-1526-486d-84fe-c86b9a2a27dc" />
      <TestMethod codeBase="C:\Projekty\MSTestProject\bin\Debug\netcoreapp3.1\MSTestProject.dll" adapterTypeName="executor://mstestadapter/v2" className="TwojeWesele.Services.Helpers.Tests.CurrencyHelperTests" name="FormatToStringTest1000" />
    </UnitTest>
    <UnitTest name="FormatToStringTest1000 (10457.593086045978,10457.59 zł)" storage="c:\projekty\mstestproject\bin\debug\netcoreapp3.1\mstestproject.dll" id="cb5a3b03-ed0a-440e-882d-1944c114ddf9">
      <TestCategory>
        <TestCategoryItem TestCategory="Category1000" />
      </TestCategory>
      <Execution id="43e92e08-6d9a-410e-a55b-be4fd1aeb458" />
      <TestMethod codeBase="C:\Projekty\MSTestProject\bin\Debug\netcoreapp3.1\MSTestProject.dll" adapterTypeName="executor://mstestadapter/v2" className="TwojeWesele.Services.Helpers.Tests.CurrencyHelperTests" name="FormatToStringTest1000" />
    </UnitTest>
    <UnitTest name="FormatToStringTest1000 (11912.404131636213,11912.40 zł)" storage="c:\projekty\mstestproject\bin\debug\netcoreapp3.1\mstestproject.dll" id="45b92eb1-2a76-4867-a1e0-fb61e180d0ce">
      <TestCategory>
        <TestCategoryItem TestCategory="Category1000" />
      </TestCategory>
      <Execution id="b616e2fd-ae4f-4316-8830-690a201b42e3" />
      <TestMethod codeBase="C:\Projekty\MSTestProject\bin\Debug\netcoreapp3.1\MSTestProject.dll" adapterTypeName="executor://mstestadapter/v2" className="TwojeWesele.Services.Helpers.Tests.CurrencyHelperTests" name="FormatToStringTest1000" />
    </UnitTest>
    <UnitTest name="FormatToStringTest1000 (18786.954468002055,18786.95 zł)" storage="c:\projekty\mstestproject\bin\debug\netcoreapp3.1\mstestproject.dll" id="f5a0d100-800b-42c7-8f99-1d542dec59a9">
      <TestCategory>
        <TestCategoryItem TestCategory="Category1000" />
      </TestCategory>
      <Execution id="f455e496-7e00-486e-9f57-a85bf297abdb" />
      <TestMethod codeBase="C:\Projekty\MSTestProject\bin\Debug\netcoreapp3.1\MSTestProject.dll" adapterTypeName="executor://mstestadapter/v2" className="TwojeWesele.Services.Helpers.Tests.CurrencyHelperTests" name="FormatToStringTest1000" />
    </UnitTest>
    <UnitTest name="FormatToStringTest1000 (44499.288016808816,44499.29 zł)" storage="c:\projekty\mstestproject\bin\debug\netcoreapp3.1\mstestproject.dll" id="64bc974a-7f5a-43c5-9d76-4781d0438597">
      <TestCategory>
        <TestCategoryItem TestCategory="Category1000" />
      </TestCategory>
      <Execution id="71662486-2b51-455f-a2b8-7c5689d3acfe" />
      <TestMethod codeBase="C:\Projekty\MSTestProject\bin\Debug\netcoreapp3.1\MSTestProject.dll" adapterTypeName="executor://mstestadapter/v2" className="TwojeWesele.Services.Helpers.Tests.CurrencyHelperTests" name="FormatToStringTest1000" />
    </UnitTest>
    <UnitTest name="FormatToStringTest1000 (4030.673117592313,4030.67 zł)" storage="c:\projekty\mstestproject\bin\debug\netcoreapp3.1\mstestproject.dll" id="e9aa85ae-a8ae-4bf9-9bb2-3c6f67395600">
      <TestCategory>
        <TestCategoryItem TestCategory="Category1000" />
      </TestCategory>
      <Execution id="8c2ea730-db65-4932-8f99-63b8416aadf7" />
      <TestMethod codeBase="C:\Projekty\MSTestProject\bin\Debug\netcoreapp3.1\MSTestProject.dll" adapterTypeName="executor://mstestadapter/v2" className="TwojeWesele.Services.Helpers.Tests.CurrencyHelperTests" name="FormatToStringTest1000" />
    </UnitTest>
    <UnitTest name="FormatToStringTest1000 (3588.260979617136,3588.26 zł)" storage="c:\projekty\mstestproject\bin\debug\netcoreapp3.1\mstestproject.dll" id="4f919444-8a9a-4667-a747-f3c07aa0da4e">
      <TestCategory>
        <TestCategoryItem TestCategory="Category1000" />
      </TestCategory>
      <Execution id="edf89779-85a3-4eae-94f1-c7a7e09cc856" />
      <TestMethod codeBase="C:\Projekty\MSTestProject\bin\Debug\netcoreapp3.1\MSTestProject.dll" adapterTypeName="executor://mstestadapter/v2" className="TwojeWesele.Services.Helpers.Tests.CurrencyHelperTests" name="FormatToStringTest1000" />
    </UnitTest>
    <UnitTest name="FormatToStringTest1000 (5835.26176155557,5835.26 zł)" storage="c:\projekty\mstestproject\bin\debug\netcoreapp3.1\mstestproject.dll" id="9d68d574-0993-4670-9332-0fdeab07ac4b">
      <TestCategory>
        <TestCategoryItem TestCategory="Category1000" />
      </TestCategory>
      <Execution id="79b07989-d796-4ca6-8d1a-23cf72959bf1" />
      <TestMethod codeBase="C:\Projekty\MSTestProject\bin\Debug\netcoreapp3.1\MSTestProject.dll" adapterTypeName="executor://mstestadapter/v2" className="TwojeWesele.Services.Helpers.Tests.CurrencyHelperTests" name="FormatToStringTest1000" />
    </UnitTest>
    <UnitTest name="FormatToStringTest1000 (13745.115971449817,13745.12 zł)" storage="c:\projekty\mstestproject\bin\debug\netcoreapp3.1\mstestproject.dll" id="a4890005-74b2-423d-9a09-383e07a94518">
      <TestCategory>
        <TestCategoryItem TestCategory="Category1000" />
      </TestCategory>
      <Execution id="c79d7df7-d036-4e61-9a0b-928fa793b1b8" />
      <TestMethod codeBase="C:\Projekty\MSTestProject\bin\Debug\netcoreapp3.1\MSTestProject.dll" adapterTypeName="executor://mstestadapter/v2" className="TwojeWesele.Services.Helpers.Tests.CurrencyHelperTests" name="FormatToStringTest1000" />
    </UnitTest>
    <UnitTest name="FormatToStringTest1000 (22367.991005544547,22367.99 zł)" storage="c:\projekty\mstestproject\bin\debug\netcoreapp3.1\mstestproject.dll" id="fb550d69-15c6-4e70-bff6-0cfbf26891c6">
      <TestCategory>
        <TestCategoryItem TestCategory="Category1000" />
      </TestCategory>
      <Execution id="2bdc57bf-a21b-4524-bb15-f078a2289690" />
      <TestMethod codeBase="C:\Projekty\MSTestProject\bin\Debug\netcoreapp3.1\MSTestProject.dll" adapterTypeName="executor://mstestadapter/v2" className="TwojeWesele.Services.Helpers.Tests.CurrencyHelperTests" name="FormatToStringTest1000" />
    </UnitTest>
    <UnitTest name="FormatToStringTest1000 (7013.601812260971,7013.60 zł)" storage="c:\projekty\mstestproject\bin\debug\netcoreapp3.1\mstestproject.dll" id="bb4563b5-a69f-4a80-a7ca-3725716cec9d">
      <TestCategory>
        <TestCategoryItem TestCategory="Category1000" />
      </TestCategory>
      <Execution id="5b0cb102-c306-47a6-9775-15ff4df8f621" />
      <TestMethod codeBase="C:\Projekty\MSTestProject\bin\Debug\netcoreapp3.1\MSTestProject.dll" adapterTypeName="executor://mstestadapter/v2" className="TwojeWesele.Services.Helpers.Tests.CurrencyHelperTests" name="FormatToStringTest1000" />
    </UnitTest>
    <UnitTest name="FormatToStringTest1000 (29362.005930638876,29362.01 zł)" storage="c:\projekty\mstestproject\bin\debug\netcoreapp3.1\mstestproject.dll" id="cc3ab39d-b492-434c-8f56-152590f58a8f">
      <TestCategory>
        <TestCategoryItem TestCategory="Category1000" />
      </TestCategory>
      <Execution id="7fae3082-b47d-45e0-93e8-2149854929b1" />
      <TestMethod codeBase="C:\Projekty\MSTestProject\bin\Debug\netcoreapp3.1\MSTestProject.dll" adapterTypeName="executor://mstestadapter/v2" className="TwojeWesele.Services.Helpers.Tests.CurrencyHelperTests" name="FormatToStringTest1000" />
    </UnitTest>
    <UnitTest name="FormatToStringTest1000 (44677.61946778074,44677.62 zł)" storage="c:\projekty\mstestproject\bin\debug\netcoreapp3.1\mstestproject.dll" id="eb32e687-21e1-4a37-9223-e8f582b31ddb">
      <TestCategory>
        <TestCategoryItem TestCategory="Category1000" />
      </TestCategory>
      <Execution id="41cefa10-2f6c-4846-b1f0-75300c6cb843" />
      <TestMethod codeBase="C:\Projekty\MSTestProject\bin\Debug\netcoreapp3.1\MSTestProject.dll" adapterTypeName="executor://mstestadapter/v2" className="TwojeWesele.Services.Helpers.Tests.CurrencyHelperTests" name="FormatToStringTest1000" />
    </UnitTest>
    <UnitTest name="FormatToStringTest1000 (9558.453124931293,9558.45 zł)" storage="c:\projekty\mstestproject\bin\debug\netcoreapp3.1\mstestproject.dll" id="459f535c-6715-407b-8fb8-2cbae312cbc7">
      <TestCategory>
        <TestCategoryItem TestCategory="Category1000" />
      </TestCategory>
      <Execution id="5d8b72c6-0f9b-4a09-93e4-656e1cf81a10" />
      <TestMethod codeBase="C:\Projekty\MSTestProject\bin\Debug\netcoreapp3.1\MSTestProject.dll" adapterTypeName="executor://mstestadapter/v2" className="TwojeWesele.Services.Helpers.Tests.CurrencyHelperTests" name="FormatToStringTest1000" />
    </UnitTest>
    <UnitTest name="FormatToStringTest1000 (28192.949128067565,28192.95 zł)" storage="c:\projekty\mstestproject\bin\debug\netcoreapp3.1\mstestproject.dll" id="ad7c314f-8e9f-4f07-b3a7-2213f8e7fa21">
      <TestCategory>
        <TestCategoryItem TestCategory="Category1000" />
      </TestCategory>
      <Execution id="99aafad9-e8bb-4653-a686-ee9bcc366acd" />
      <TestMethod codeBase="C:\Projekty\MSTestProject\bin\Debug\netcoreapp3.1\MSTestProject.dll" adapterTypeName="executor://mstestadapter/v2" className="TwojeWesele.Services.Helpers.Tests.CurrencyHelperTests" name="FormatToStringTest1000" />
    </UnitTest>
    <UnitTest name="FormatToStringTest1000 (16957.4523676757,16957.45 zł)" storage="c:\projekty\mstestproject\bin\debug\netcoreapp3.1\mstestproject.dll" id="6a8baa7d-79b6-447b-a88b-32a98df94cd7">
      <TestCategory>
        <TestCategoryItem TestCategory="Category1000" />
      </TestCategory>
      <Execution id="c79cfd22-7ad9-4708-ac6d-9454f193a33b" />
      <TestMethod codeBase="C:\Projekty\MSTestProject\bin\Debug\netcoreapp3.1\MSTestProject.dll" adapterTypeName="executor://mstestadapter/v2" className="TwojeWesele.Services.Helpers.Tests.CurrencyHelperTests" name="FormatToStringTest1000" />
    </UnitTest>
    <UnitTest name="FormatToStringTest1000 (12202.860111308684,12202.86 zł)" storage="c:\projekty\mstestproject\bin\debug\netcoreapp3.1\mstestproject.dll" id="795e736f-a0f8-4f7e-b37c-88c4ac32810c">
      <TestCategory>
        <TestCategoryItem TestCategory="Category1000" />
      </TestCategory>
      <Execution id="e72c5a79-0821-4e5b-94a0-b762717c6de8" />
      <TestMethod codeBase="C:\Projekty\MSTestProject\bin\Debug\netcoreapp3.1\MSTestProject.dll" adapterTypeName="executor://mstestadapter/v2" className="TwojeWesele.Services.Helpers.Tests.CurrencyHelperTests" name="FormatToStringTest1000" />
    </UnitTest>
    <UnitTest name="FormatToStringTest1000 (44869.327020554025,44869.33 zł)" storage="c:\projekty\mstestproject\bin\debug\netcoreapp3.1\mstestproject.dll" id="1de2bfa9-6248-460a-81c0-b73ac8427e18">
      <TestCategory>
        <TestCategoryItem TestCategory="Category1000" />
      </TestCategory>
      <Execution id="2f940ad4-a2dd-459d-ab1b-db9c45ede271" />
      <TestMethod codeBase="C:\Projekty\MSTestProject\bin\Debug\netcoreapp3.1\MSTestProject.dll" adapterTypeName="executor://mstestadapter/v2" className="TwojeWesele.Services.Helpers.Tests.CurrencyHelperTests" name="FormatToStringTest1000" />
    </UnitTest>
    <UnitTest name="FormatToStringTest1000 (15861.139287455073,15861.14 zł)" storage="c:\projekty\mstestproject\bin\debug\netcoreapp3.1\mstestproject.dll" id="55610111-eb96-4abb-91a2-ce856601b3ec">
      <TestCategory>
        <TestCategoryItem TestCategory="Category1000" />
      </TestCategory>
      <Execution id="2c1486ad-b140-4df1-a551-2eda3bbea227" />
      <TestMethod codeBase="C:\Projekty\MSTestProject\bin\Debug\netcoreapp3.1\MSTestProject.dll" adapterTypeName="executor://mstestadapter/v2" className="TwojeWesele.Services.Helpers.Tests.CurrencyHelperTests" name="FormatToStringTest1000" />
    </UnitTest>
    <UnitTest name="FormatToStringTest1000 (15411.371650797022,15411.37 zł)" storage="c:\projekty\mstestproject\bin\debug\netcoreapp3.1\mstestproject.dll" id="48710d52-e228-489c-975b-dbccd5b87a98">
      <TestCategory>
        <TestCategoryItem TestCategory="Category1000" />
      </TestCategory>
      <Execution id="d175ab9d-1f7c-4099-a921-eabb47238f8e" />
      <TestMethod codeBase="C:\Projekty\MSTestProject\bin\Debug\netcoreapp3.1\MSTestProject.dll" adapterTypeName="executor://mstestadapter/v2" className="TwojeWesele.Services.Helpers.Tests.CurrencyHelperTests" name="FormatToStringTest1000" />
    </UnitTest>
    <UnitTest name="FormatToStringTest1000 (2423.6182769712145,2423.62 zł)" storage="c:\projekty\mstestproject\bin\debug\netcoreapp3.1\mstestproject.dll" id="9c48ba69-da98-4112-82f7-9ebb652f2b78">
      <TestCategory>
        <TestCategoryItem TestCategory="Category1000" />
      </TestCategory>
      <Execution id="2e13cfd2-5617-428c-a8f3-c2a7d7e36879" />
      <TestMethod codeBase="C:\Projekty\MSTestProject\bin\Debug\netcoreapp3.1\MSTestProject.dll" adapterTypeName="executor://mstestadapter/v2" className="TwojeWesele.Services.Helpers.Tests.CurrencyHelperTests" name="FormatToStringTest1000" />
    </UnitTest>
    <UnitTest name="FormatToStringTest1000 (16388.556189478633,16388.56 zł)" storage="c:\projekty\mstestproject\bin\debug\netcoreapp3.1\mstestproject.dll" id="08fda06f-770f-457d-82a9-6f37b0b16e14">
      <TestCategory>
        <TestCategoryItem TestCategory="Category1000" />
      </TestCategory>
      <Execution id="5c242466-c897-4d84-94d1-e14c56635172" />
      <TestMethod codeBase="C:\Projekty\MSTestProject\bin\Debug\netcoreapp3.1\MSTestProject.dll" adapterTypeName="executor://mstestadapter/v2" className="TwojeWesele.Services.Helpers.Tests.CurrencyHelperTests" name="FormatToStringTest1000" />
    </UnitTest>
    <UnitTest name="FormatToStringTest1000 (37.631227987646696,37.63 zł)" storage="c:\projekty\mstestproject\bin\debug\netcoreapp3.1\mstestproject.dll" id="ee3f78e0-4edd-4de4-bfa3-d2d55cd6bb41">
      <TestCategory>
        <TestCategoryItem TestCategory="Category1000" />
      </TestCategory>
      <Execution id="da972568-dddf-4d46-8f1a-13bda0a45ea0" />
      <TestMethod codeBase="C:\Projekty\MSTestProject\bin\Debug\netcoreapp3.1\MSTestProject.dll" adapterTypeName="executor://mstestadapter/v2" className="TwojeWesele.Services.Helpers.Tests.CurrencyHelperTests" name="FormatToStringTest1000" />
    </UnitTest>
    <UnitTest name="FormatToStringTest1000 (7592.950837113406,7592.95 zł)" storage="c:\projekty\mstestproject\bin\debug\netcoreapp3.1\mstestproject.dll" id="1593b8e1-5724-45f5-95aa-2e5a87721f06">
      <TestCategory>
        <TestCategoryItem TestCategory="Category1000" />
      </TestCategory>
      <Execution id="9a57fad5-be2c-4c39-a425-96a4cfebe930" />
      <TestMethod codeBase="C:\Projekty\MSTestProject\bin\Debug\netcoreapp3.1\MSTestProject.dll" adapterTypeName="executor://mstestadapter/v2" className="TwojeWesele.Services.Helpers.Tests.CurrencyHelperTests" name="FormatToStringTest1000" />
    </UnitTest>
    <UnitTest name="FormatToStringTest1000 (13681.607566007231,13681.61 zł)" storage="c:\projekty\mstestproject\bin\debug\netcoreapp3.1\mstestproject.dll" id="66cd29ec-fb4b-4704-84f1-5f05d8d1a2cd">
      <TestCategory>
        <TestCategoryItem TestCategory="Category1000" />
      </TestCategory>
      <Execution id="d5caf01a-7d13-4893-987a-157fdf7b3613" />
      <TestMethod codeBase="C:\Projekty\MSTestProject\bin\Debug\netcoreapp3.1\MSTestProject.dll" adapterTypeName="executor://mstestadapter/v2" className="TwojeWesele.Services.Helpers.Tests.CurrencyHelperTests" name="FormatToStringTest1000" />
    </UnitTest>
    <UnitTest name="FormatToStringTest1000 (16427.591943671738,16427.59 zł)" storage="c:\projekty\mstestproject\bin\debug\netcoreapp3.1\mstestproject.dll" id="0386d5b8-765f-4745-8027-d87c595c78ed">
      <TestCategory>
        <TestCategoryItem TestCategory="Category1000" />
      </TestCategory>
      <Execution id="54f79440-1e9e-4b16-9711-02a7a62307ef" />
      <TestMethod codeBase="C:\Projekty\MSTestProject\bin\Debug\netcoreapp3.1\MSTestProject.dll" adapterTypeName="executor://mstestadapter/v2" className="TwojeWesele.Services.Helpers.Tests.CurrencyHelperTests" name="FormatToStringTest1000" />
    </UnitTest>
    <UnitTest name="FormatToStringTest1000 (17315.72309779363,17315.72 zł)" storage="c:\projekty\mstestproject\bin\debug\netcoreapp3.1\mstestproject.dll" id="c929e6f0-fead-44c1-b309-912c28379ebe">
      <TestCategory>
        <TestCategoryItem TestCategory="Category1000" />
      </TestCategory>
      <Execution id="a69359df-c21c-4e5a-a3bc-50a7b27d1f5e" />
      <TestMethod codeBase="C:\Projekty\MSTestProject\bin\Debug\netcoreapp3.1\MSTestProject.dll" adapterTypeName="executor://mstestadapter/v2" className="TwojeWesele.Services.Helpers.Tests.CurrencyHelperTests" name="FormatToStringTest1000" />
    </UnitTest>
    <UnitTest name="FormatToStringTest1000 (74851.91547305691,74851.92 zł)" storage="c:\projekty\mstestproject\bin\debug\netcoreapp3.1\mstestproject.dll" id="43989837-fc25-4a10-8c18-eb5c84457c64">
      <TestCategory>
        <TestCategoryItem TestCategory="Category1000" />
      </TestCategory>
      <Execution id="53b924b1-1dbf-4a54-ba18-5971fb7eaec4" />
      <TestMethod codeBase="C:\Projekty\MSTestProject\bin\Debug\netcoreapp3.1\MSTestProject.dll" adapterTypeName="executor://mstestadapter/v2" className="TwojeWesele.Services.Helpers.Tests.CurrencyHelperTests" name="FormatToStringTest1000" />
    </UnitTest>
    <UnitTest name="FormatToStringTest1000 (32051.900532446758,32051.90 zł)" storage="c:\projekty\mstestproject\bin\debug\netcoreapp3.1\mstestproject.dll" id="52bd0fac-bdaf-46a7-968f-3288aa7d834e">
      <TestCategory>
        <TestCategoryItem TestCategory="Category1000" />
      </TestCategory>
      <Execution id="a419fdb0-f5f3-4b62-8667-cdbb13072fab" />
      <TestMethod codeBase="C:\Projekty\MSTestProject\bin\Debug\netcoreapp3.1\MSTestProject.dll" adapterTypeName="executor://mstestadapter/v2" className="TwojeWesele.Services.Helpers.Tests.CurrencyHelperTests" name="FormatToStringTest1000" />
    </UnitTest>
    <UnitTest name="FormatToStringTest1000 (13206.129467931636,13206.13 zł)" storage="c:\projekty\mstestproject\bin\debug\netcoreapp3.1\mstestproject.dll" id="a3270c09-e0b8-4771-8b42-2f45a23f203a">
      <TestCategory>
        <TestCategoryItem TestCategory="Category1000" />
      </TestCategory>
      <Execution id="3976fb30-5a90-4887-9856-88b9db0749ba" />
      <TestMethod codeBase="C:\Projekty\MSTestProject\bin\Debug\netcoreapp3.1\MSTestProject.dll" adapterTypeName="executor://mstestadapter/v2" className="TwojeWesele.Services.Helpers.Tests.CurrencyHelperTests" name="FormatToStringTest1000" />
    </UnitTest>
    <UnitTest name="FormatToStringTest1000 (3030.9461949132133,3030.95 zł)" storage="c:\projekty\mstestproject\bin\debug\netcoreapp3.1\mstestproject.dll" id="ab76868e-d84a-46fa-a2cc-f276eaeeada0">
      <TestCategory>
        <TestCategoryItem TestCategory="Category1000" />
      </TestCategory>
      <Execution id="8a63ed83-0fde-420d-b2be-e349fb494e49" />
      <TestMethod codeBase="C:\Projekty\MSTestProject\bin\Debug\netcoreapp3.1\MSTestProject.dll" adapterTypeName="executor://mstestadapter/v2" className="TwojeWesele.Services.Helpers.Tests.CurrencyHelperTests" name="FormatToStringTest1000" />
    </UnitTest>
    <UnitTest name="FormatToStringTest1000 (19609.759296997803,19609.76 zł)" storage="c:\projekty\mstestproject\bin\debug\netcoreapp3.1\mstestproject.dll" id="393b8a3c-ebc0-46a4-a203-7e8e7bf39f73">
      <TestCategory>
        <TestCategoryItem TestCategory="Category1000" />
      </TestCategory>
      <Execution id="f0a5294d-dbe0-47a6-a892-d8a8e894b264" />
      <TestMethod codeBase="C:\Projekty\MSTestProject\bin\Debug\netcoreapp3.1\MSTestProject.dll" adapterTypeName="executor://mstestadapter/v2" className="TwojeWesele.Services.Helpers.Tests.CurrencyHelperTests" name="FormatToStringTest1000" />
    </UnitTest>
    <UnitTest name="FormatToStringTest1000 (6676.5680544784145,6676.57 zł)" storage="c:\projekty\mstestproject\bin\debug\netcoreapp3.1\mstestproject.dll" id="3c94d121-91e9-4bb4-8e5e-cbb9359b55db">
      <TestCategory>
        <TestCategoryItem TestCategory="Category1000" />
      </TestCategory>
      <Execution id="de6c1a4a-54e1-427d-b18a-2f5474336f58" />
      <TestMethod codeBase="C:\Projekty\MSTestProject\bin\Debug\netcoreapp3.1\MSTestProject.dll" adapterTypeName="executor://mstestadapter/v2" className="TwojeWesele.Services.Helpers.Tests.CurrencyHelperTests" name="FormatToStringTest1000" />
    </UnitTest>
    <UnitTest name="FormatToStringTest1000 (16402.16316587206,16402.16 zł)" storage="c:\projekty\mstestproject\bin\debug\netcoreapp3.1\mstestproject.dll" id="e134cf6c-d113-4d76-a03e-3d23df33831d">
      <TestCategory>
        <TestCategoryItem TestCategory="Category1000" />
      </TestCategory>
      <Execution id="0a606050-002c-4207-8c90-d9b576c2c886" />
      <TestMethod codeBase="C:\Projekty\MSTestProject\bin\Debug\netcoreapp3.1\MSTestProject.dll" adapterTypeName="executor://mstestadapter/v2" className="TwojeWesele.Services.Helpers.Tests.CurrencyHelperTests" name="FormatToStringTest1000" />
    </UnitTest>
    <UnitTest name="FormatToStringTest1000 (39531.95190033268,39531.95 zł)" storage="c:\projekty\mstestproject\bin\debug\netcoreapp3.1\mstestproject.dll" id="147ea97f-42aa-4b33-891c-55428487d601">
      <TestCategory>
        <TestCategoryItem TestCategory="Category1000" />
      </TestCategory>
      <Execution id="fc49cba4-f387-4289-8a6b-5f7d89ac283c" />
      <TestMethod codeBase="C:\Projekty\MSTestProject\bin\Debug\netcoreapp3.1\MSTestProject.dll" adapterTypeName="executor://mstestadapter/v2" className="TwojeWesele.Services.Helpers.Tests.CurrencyHelperTests" name="FormatToStringTest1000" />
    </UnitTest>
    <UnitTest name="FormatToStringTest1000 (9603.199987620208,9603.20 zł)" storage="c:\projekty\mstestproject\bin\debug\netcoreapp3.1\mstestproject.dll" id="748fdf01-d035-4afc-8637-c8c80fce8305">
      <TestCategory>
        <TestCategoryItem TestCategory="Category1000" />
      </TestCategory>
      <Execution id="e56b98b3-fdde-427b-9c62-91d263a80174" />
      <TestMethod codeBase="C:\Projekty\MSTestProject\bin\Debug\netcoreapp3.1\MSTestProject.dll" adapterTypeName="executor://mstestadapter/v2" className="TwojeWesele.Services.Helpers.Tests.CurrencyHelperTests" name="FormatToStringTest1000" />
    </UnitTest>
    <UnitTest name="FormatToStringTest1000 (43799.04472166535,43799.04 zł)" storage="c:\projekty\mstestproject\bin\debug\netcoreapp3.1\mstestproject.dll" id="0ba28fde-f0de-4592-bc1a-8770e4b8294c">
      <TestCategory>
        <TestCategoryItem TestCategory="Category1000" />
      </TestCategory>
      <Execution id="a5cc5d0f-9424-47b9-9649-854d2edd0275" />
      <TestMethod codeBase="C:\Projekty\MSTestProject\bin\Debug\netcoreapp3.1\MSTestProject.dll" adapterTypeName="executor://mstestadapter/v2" className="TwojeWesele.Services.Helpers.Tests.CurrencyHelperTests" name="FormatToStringTest1000" />
    </UnitTest>
    <UnitTest name="FormatToStringTest1000 (75162.39407669863,75162.39 zł)" storage="c:\projekty\mstestproject\bin\debug\netcoreapp3.1\mstestproject.dll" id="1d9ca610-70cd-4ecc-a2c8-fe50c7a83a53">
      <TestCategory>
        <TestCategoryItem TestCategory="Category1000" />
      </TestCategory>
      <Execution id="223bf6c6-2eb1-4ed2-b5a0-c4039d47b739" />
      <TestMethod codeBase="C:\Projekty\MSTestProject\bin\Debug\netcoreapp3.1\MSTestProject.dll" adapterTypeName="executor://mstestadapter/v2" className="TwojeWesele.Services.Helpers.Tests.CurrencyHelperTests" name="FormatToStringTest1000" />
    </UnitTest>
    <UnitTest name="FormatToStringTest1000 (67230.86250807665,67230.86 zł)" storage="c:\projekty\mstestproject\bin\debug\netcoreapp3.1\mstestproject.dll" id="c51dd14a-53f8-4b05-ad10-427e6dca3758">
      <TestCategory>
        <TestCategoryItem TestCategory="Category1000" />
      </TestCategory>
      <Execution id="deb255db-5a00-455d-aac4-81ec029b8547" />
      <TestMethod codeBase="C:\Projekty\MSTestProject\bin\Debug\netcoreapp3.1\MSTestProject.dll" adapterTypeName="executor://mstestadapter/v2" className="TwojeWesele.Services.Helpers.Tests.CurrencyHelperTests" name="FormatToStringTest1000" />
    </UnitTest>
    <UnitTest name="FormatToStringTest1000 (658.7555888573431,658.76 zł)" storage="c:\projekty\mstestproject\bin\debug\netcoreapp3.1\mstestproject.dll" id="d6f4f39c-faf1-4bfe-9805-87745d81791a">
      <TestCategory>
        <TestCategoryItem TestCategory="Category1000" />
      </TestCategory>
      <Execution id="829f1c02-e5c5-46cb-8393-fabdd5081688" />
      <TestMethod codeBase="C:\Projekty\MSTestProject\bin\Debug\netcoreapp3.1\MSTestProject.dll" adapterTypeName="executor://mstestadapter/v2" className="TwojeWesele.Services.Helpers.Tests.CurrencyHelperTests" name="FormatToStringTest1000" />
    </UnitTest>
    <UnitTest name="FormatToStringTest1000 (26162.532683261918,26162.53 zł)" storage="c:\projekty\mstestproject\bin\debug\netcoreapp3.1\mstestproject.dll" id="0c07db48-66c8-4e9e-85ab-b18dbfbc5520">
      <TestCategory>
        <TestCategoryItem TestCategory="Category1000" />
      </TestCategory>
      <Execution id="cc6009fe-5356-41c0-9588-a78c7a9e0d1f" />
      <TestMethod codeBase="C:\Projekty\MSTestProject\bin\Debug\netcoreapp3.1\MSTestProject.dll" adapterTypeName="executor://mstestadapter/v2" className="TwojeWesele.Services.Helpers.Tests.CurrencyHelperTests" name="FormatToStringTest1000" />
    </UnitTest>
    <UnitTest name="FormatToStringTest1000 (63427.55325689332,63427.55 zł)" storage="c:\projekty\mstestproject\bin\debug\netcoreapp3.1\mstestproject.dll" id="59e62b27-cb9e-4670-a74b-93ba7741c833">
      <TestCategory>
        <TestCategoryItem TestCategory="Category1000" />
      </TestCategory>
      <Execution id="ea512a4e-ad2f-4906-98f2-2f1f0ee08553" />
      <TestMethod codeBase="C:\Projekty\MSTestProject\bin\Debug\netcoreapp3.1\MSTestProject.dll" adapterTypeName="executor://mstestadapter/v2" className="TwojeWesele.Services.Helpers.Tests.CurrencyHelperTests" name="FormatToStringTest1000" />
    </UnitTest>
    <UnitTest name="FormatToStringTest1000 (1482.3501845832682,1482.35 zł)" storage="c:\projekty\mstestproject\bin\debug\netcoreapp3.1\mstestproject.dll" id="7c694f48-0c39-4fb9-9e97-a148bd12c838">
      <TestCategory>
        <TestCategoryItem TestCategory="Category1000" />
      </TestCategory>
      <Execution id="3bff2a92-8a65-4151-8b46-b52da614e8bc" />
      <TestMethod codeBase="C:\Projekty\MSTestProject\bin\Debug\netcoreapp3.1\MSTestProject.dll" adapterTypeName="executor://mstestadapter/v2" className="TwojeWesele.Services.Helpers.Tests.CurrencyHelperTests" name="FormatToStringTest1000" />
    </UnitTest>
    <UnitTest name="FormatToStringTest1000 (675.4589376107133,675.46 zł)" storage="c:\projekty\mstestproject\bin\debug\netcoreapp3.1\mstestproject.dll" id="9bdf75a7-5976-46fc-ba0c-c4c95897cd12">
      <TestCategory>
        <TestCategoryItem TestCategory="Category1000" />
      </TestCategory>
      <Execution id="74316e61-bd8c-4a84-89c5-a23643d4a0cf" />
      <TestMethod codeBase="C:\Projekty\MSTestProject\bin\Debug\netcoreapp3.1\MSTestProject.dll" adapterTypeName="executor://mstestadapter/v2" className="TwojeWesele.Services.Helpers.Tests.CurrencyHelperTests" name="FormatToStringTest1000" />
    </UnitTest>
    <UnitTest name="FormatToStringTest1000 (3270.286035661719,3270.29 zł)" storage="c:\projekty\mstestproject\bin\debug\netcoreapp3.1\mstestproject.dll" id="cd56281a-4ab5-4dad-8cb6-b682e628d9c4">
      <TestCategory>
        <TestCategoryItem TestCategory="Category1000" />
      </TestCategory>
      <Execution id="a117beba-54c4-458f-9b74-b969b462afab" />
      <TestMethod codeBase="C:\Projekty\MSTestProject\bin\Debug\netcoreapp3.1\MSTestProject.dll" adapterTypeName="executor://mstestadapter/v2" className="TwojeWesele.Services.Helpers.Tests.CurrencyHelperTests" name="FormatToStringTest1000" />
    </UnitTest>
    <UnitTest name="FormatToStringTest1000 (7951.322730072458,7951.32 zł)" storage="c:\projekty\mstestproject\bin\debug\netcoreapp3.1\mstestproject.dll" id="9e5dc314-52ef-4ba2-be71-61eed43cad30">
      <TestCategory>
        <TestCategoryItem TestCategory="Category1000" />
      </TestCategory>
      <Execution id="7fdb86b8-67d8-4f32-ba5d-b5046cb701cc" />
      <TestMethod codeBase="C:\Projekty\MSTestProject\bin\Debug\netcoreapp3.1\MSTestProject.dll" adapterTypeName="executor://mstestadapter/v2" className="TwojeWesele.Services.Helpers.Tests.CurrencyHelperTests" name="FormatToStringTest1000" />
    </UnitTest>
    <UnitTest name="FormatToStringTest1000 (88584.97010041306,88584.97 zł)" storage="c:\projekty\mstestproject\bin\debug\netcoreapp3.1\mstestproject.dll" id="08eb3610-f3c7-4c69-8433-244f44be6bb8">
      <TestCategory>
        <TestCategoryItem TestCategory="Category1000" />
      </TestCategory>
      <Execution id="83f4a96b-cde1-4d40-a9d4-c621d2511a42" />
      <TestMethod codeBase="C:\Projekty\MSTestProject\bin\Debug\netcoreapp3.1\MSTestProject.dll" adapterTypeName="executor://mstestadapter/v2" className="TwojeWesele.Services.Helpers.Tests.CurrencyHelperTests" name="FormatToStringTest1000" />
    </UnitTest>
    <UnitTest name="FormatToStringTest1000 (10775.728533390784,10775.73 zł)" storage="c:\projekty\mstestproject\bin\debug\netcoreapp3.1\mstestproject.dll" id="a70c3f25-4211-47be-b54d-264848758c8f">
      <TestCategory>
        <TestCategoryItem TestCategory="Category1000" />
      </TestCategory>
      <Execution id="451e68fa-f434-453c-ace8-7a61125b5094" />
      <TestMethod codeBase="C:\Projekty\MSTestProject\bin\Debug\netcoreapp3.1\MSTestProject.dll" adapterTypeName="executor://mstestadapter/v2" className="TwojeWesele.Services.Helpers.Tests.CurrencyHelperTests" name="FormatToStringTest1000" />
    </UnitTest>
    <UnitTest name="FormatToStringTest1000 (30807.823896702295,30807.82 zł)" storage="c:\projekty\mstestproject\bin\debug\netcoreapp3.1\mstestproject.dll" id="6150954b-c41b-4ef4-8cc1-fa4a5dd3d362">
      <TestCategory>
        <TestCategoryItem TestCategory="Category1000" />
      </TestCategory>
      <Execution id="d193bad9-9543-4ae4-a3ae-dd977db34dc9" />
      <TestMethod codeBase="C:\Projekty\MSTestProject\bin\Debug\netcoreapp3.1\MSTestProject.dll" adapterTypeName="executor://mstestadapter/v2" className="TwojeWesele.Services.Helpers.Tests.CurrencyHelperTests" name="FormatToStringTest1000" />
    </UnitTest>
    <UnitTest name="FormatToStringTest1000 (653.4647999170537,653.46 zł)" storage="c:\projekty\mstestproject\bin\debug\netcoreapp3.1\mstestproject.dll" id="acb160b4-8b01-48bc-8b6c-663abe8dbd1d">
      <TestCategory>
        <TestCategoryItem TestCategory="Category1000" />
      </TestCategory>
      <Execution id="047c0f57-0e0f-4826-965a-526aee5dac04" />
      <TestMethod codeBase="C:\Projekty\MSTestProject\bin\Debug\netcoreapp3.1\MSTestProject.dll" adapterTypeName="executor://mstestadapter/v2" className="TwojeWesele.Services.Helpers.Tests.CurrencyHelperTests" name="FormatToStringTest1000" />
    </UnitTest>
    <UnitTest name="FormatToStringTest1000 (20737.251994218328,20737.25 zł)" storage="c:\projekty\mstestproject\bin\debug\netcoreapp3.1\mstestproject.dll" id="454f583a-43a1-49d3-be24-e5a88c71a0e0">
      <TestCategory>
        <TestCategoryItem TestCategory="Category1000" />
      </TestCategory>
      <Execution id="97d9dc52-41d7-4634-8c1d-6fa8e078fb9a" />
      <TestMethod codeBase="C:\Projekty\MSTestProject\bin\Debug\netcoreapp3.1\MSTestProject.dll" adapterTypeName="executor://mstestadapter/v2" className="TwojeWesele.Services.Helpers.Tests.CurrencyHelperTests" name="FormatToStringTest1000" />
    </UnitTest>
    <UnitTest name="FormatToStringTest1000 (22666.13578912995,22666.14 zł)" storage="c:\projekty\mstestproject\bin\debug\netcoreapp3.1\mstestproject.dll" id="7333df7a-cfbd-489c-8bcf-9cac39ebac31">
      <TestCategory>
        <TestCategoryItem TestCategory="Category1000" />
      </TestCategory>
      <Execution id="1f227d28-98b1-440e-b789-b91eb306ee0d" />
      <TestMethod codeBase="C:\Projekty\MSTestProject\bin\Debug\netcoreapp3.1\MSTestProject.dll" adapterTypeName="executor://mstestadapter/v2" className="TwojeWesele.Services.Helpers.Tests.CurrencyHelperTests" name="FormatToStringTest1000" />
    </UnitTest>
    <UnitTest name="FormatToStringTest1000 (16129.507288814293,16129.51 zł)" storage="c:\projekty\mstestproject\bin\debug\netcoreapp3.1\mstestproject.dll" id="a1a4d507-bef4-46f5-9753-b60ddac81185">
      <TestCategory>
        <TestCategoryItem TestCategory="Category1000" />
      </TestCategory>
      <Execution id="15a0317f-4935-47dc-926b-a1e80d9d2e44" />
      <TestMethod codeBase="C:\Projekty\MSTestProject\bin\Debug\netcoreapp3.1\MSTestProject.dll" adapterTypeName="executor://mstestadapter/v2" className="TwojeWesele.Services.Helpers.Tests.CurrencyHelperTests" name="FormatToStringTest1000" />
    </UnitTest>
    <UnitTest name="FormatToStringTest1000 (38904.87092920806,38904.87 zł)" storage="c:\projekty\mstestproject\bin\debug\netcoreapp3.1\mstestproject.dll" id="87491bb5-6a30-43b3-aec0-2c99309408ec">
      <TestCategory>
        <TestCategoryItem TestCategory="Category1000" />
      </TestCategory>
      <Execution id="f41ccc06-12a7-422c-a916-2d0f96079c89" />
      <TestMethod codeBase="C:\Projekty\MSTestProject\bin\Debug\netcoreapp3.1\MSTestProject.dll" adapterTypeName="executor://mstestadapter/v2" className="TwojeWesele.Services.Helpers.Tests.CurrencyHelperTests" name="FormatToStringTest1000" />
    </UnitTest>
    <UnitTest name="FormatToStringTest1000 (6544.213759255695,6544.21 zł)" storage="c:\projekty\mstestproject\bin\debug\netcoreapp3.1\mstestproject.dll" id="d00684c6-b1e1-4da9-981d-f04d6432a5ce">
      <TestCategory>
        <TestCategoryItem TestCategory="Category1000" />
      </TestCategory>
      <Execution id="3375d9b3-7867-4bc2-90b5-05ffc715ab91" />
      <TestMethod codeBase="C:\Projekty\MSTestProject\bin\Debug\netcoreapp3.1\MSTestProject.dll" adapterTypeName="executor://mstestadapter/v2" className="TwojeWesele.Services.Helpers.Tests.CurrencyHelperTests" name="FormatToStringTest1000" />
    </UnitTest>
    <UnitTest name="FormatToStringTest1000 (151.50737175275916,151.51 zł)" storage="c:\projekty\mstestproject\bin\debug\netcoreapp3.1\mstestproject.dll" id="13c2f230-841e-44ae-ab5f-e35029525a2d">
      <TestCategory>
        <TestCategoryItem TestCategory="Category1000" />
      </TestCategory>
      <Execution id="1c951df4-c047-4a6d-a44f-661ec33a9186" />
      <TestMethod codeBase="C:\Projekty\MSTestProject\bin\Debug\netcoreapp3.1\MSTestProject.dll" adapterTypeName="executor://mstestadapter/v2" className="TwojeWesele.Services.Helpers.Tests.CurrencyHelperTests" name="FormatToStringTest1000" />
    </UnitTest>
    <UnitTest name="FormatToStringTest1000 (22799.991836491965,22799.99 zł)" storage="c:\projekty\mstestproject\bin\debug\netcoreapp3.1\mstestproject.dll" id="5ae9e5ec-2c53-48c5-9673-9b1566fecb81">
      <TestCategory>
        <TestCategoryItem TestCategory="Category1000" />
      </TestCategory>
      <Execution id="82bb36d5-0686-44eb-8650-f23454244566" />
      <TestMethod codeBase="C:\Projekty\MSTestProject\bin\Debug\netcoreapp3.1\MSTestProject.dll" adapterTypeName="executor://mstestadapter/v2" className="TwojeWesele.Services.Helpers.Tests.CurrencyHelperTests" name="FormatToStringTest1000" />
    </UnitTest>
    <UnitTest name="FormatToStringTest1000 (57237.252356975456,57237.25 zł)" storage="c:\projekty\mstestproject\bin\debug\netcoreapp3.1\mstestproject.dll" id="ef3a3cd9-16d8-43e8-8c0a-7815ff08654d">
      <TestCategory>
        <TestCategoryItem TestCategory="Category1000" />
      </TestCategory>
      <Execution id="1f210997-eb87-4307-85ed-d445cec042c8" />
      <TestMethod codeBase="C:\Projekty\MSTestProject\bin\Debug\netcoreapp3.1\MSTestProject.dll" adapterTypeName="executor://mstestadapter/v2" className="TwojeWesele.Services.Helpers.Tests.CurrencyHelperTests" name="FormatToStringTest1000" />
    </UnitTest>
    <UnitTest name="FormatToStringTest1000 (11989.099505855282,11989.10 zł)" storage="c:\projekty\mstestproject\bin\debug\netcoreapp3.1\mstestproject.dll" id="c81f29c2-ae55-4c09-ba98-942091318c52">
      <TestCategory>
        <TestCategoryItem TestCategory="Category1000" />
      </TestCategory>
      <Execution id="349184d2-05c6-4de2-9dab-272399d3cfa8" />
      <TestMethod codeBase="C:\Projekty\MSTestProject\bin\Debug\netcoreapp3.1\MSTestProject.dll" adapterTypeName="executor://mstestadapter/v2" className="TwojeWesele.Services.Helpers.Tests.CurrencyHelperTests" name="FormatToStringTest1000" />
    </UnitTest>
    <UnitTest name="FormatToStringTest1000 (35065.40267025652,35065.40 zł)" storage="c:\projekty\mstestproject\bin\debug\netcoreapp3.1\mstestproject.dll" id="e16b6b2f-94b3-4514-a7fd-a7d629af304f">
      <TestCategory>
        <TestCategoryItem TestCategory="Category1000" />
      </TestCategory>
      <Execution id="3f99a6cb-7961-4c9e-a13e-512bc4ab6b0c" />
      <TestMethod codeBase="C:\Projekty\MSTestProject\bin\Debug\netcoreapp3.1\MSTestProject.dll" adapterTypeName="executor://mstestadapter/v2" className="TwojeWesele.Services.Helpers.Tests.CurrencyHelperTests" name="FormatToStringTest1000" />
    </UnitTest>
    <UnitTest name="FormatToStringTest1000 (18340.8953197882,18340.90 zł)" storage="c:\projekty\mstestproject\bin\debug\netcoreapp3.1\mstestproject.dll" id="4d4d4820-f5fa-4bd0-9ab6-423e2ec7e8fc">
      <TestCategory>
        <TestCategoryItem TestCategory="Category1000" />
      </TestCategory>
      <Execution id="5d519115-692f-4db2-86e2-5e8181e3ef44" />
      <TestMethod codeBase="C:\Projekty\MSTestProject\bin\Debug\netcoreapp3.1\MSTestProject.dll" adapterTypeName="executor://mstestadapter/v2" className="TwojeWesele.Services.Helpers.Tests.CurrencyHelperTests" name="FormatToStringTest1000" />
    </UnitTest>
    <UnitTest name="FormatToStringTest1000 (3694.480496819355,3694.48 zł)" storage="c:\projekty\mstestproject\bin\debug\netcoreapp3.1\mstestproject.dll" id="6c4a6c1a-dfa5-4039-b265-1133d9aaaff1">
      <TestCategory>
        <TestCategoryItem TestCategory="Category1000" />
      </TestCategory>
      <Execution id="92ac69ec-6338-4f3b-a469-0d9e41b1ac6e" />
      <TestMethod codeBase="C:\Projekty\MSTestProject\bin\Debug\netcoreapp3.1\MSTestProject.dll" adapterTypeName="executor://mstestadapter/v2" className="TwojeWesele.Services.Helpers.Tests.CurrencyHelperTests" name="FormatToStringTest1000" />
    </UnitTest>
    <UnitTest name="FormatToStringTest1000 (3477.860963622509,3477.86 zł)" storage="c:\projekty\mstestproject\bin\debug\netcoreapp3.1\mstestproject.dll" id="01833c6c-38d0-4136-9c4e-94e92bf25792">
      <TestCategory>
        <TestCategoryItem TestCategory="Category1000" />
      </TestCategory>
      <Execution id="fbd55f18-fd34-4d3c-a2d3-ed17e196b051" />
      <TestMethod codeBase="C:\Projekty\MSTestProject\bin\Debug\netcoreapp3.1\MSTestProject.dll" adapterTypeName="executor://mstestadapter/v2" className="TwojeWesele.Services.Helpers.Tests.CurrencyHelperTests" name="FormatToStringTest1000" />
    </UnitTest>
    <UnitTest name="FormatToStringTest1000 (30360.993128030557,30360.99 zł)" storage="c:\projekty\mstestproject\bin\debug\netcoreapp3.1\mstestproject.dll" id="c068e603-495f-48b8-8c65-ce62f67b13d6">
      <TestCategory>
        <TestCategoryItem TestCategory="Category1000" />
      </TestCategory>
      <Execution id="fbf22f2a-e9db-4813-9115-7bf001b74401" />
      <TestMethod codeBase="C:\Projekty\MSTestProject\bin\Debug\netcoreapp3.1\MSTestProject.dll" adapterTypeName="executor://mstestadapter/v2" className="TwojeWesele.Services.Helpers.Tests.CurrencyHelperTests" name="FormatToStringTest1000" />
    </UnitTest>
    <UnitTest name="FormatToStringTest1000 (17990.38119827089,17990.38 zł)" storage="c:\projekty\mstestproject\bin\debug\netcoreapp3.1\mstestproject.dll" id="78fdda27-2f27-409d-821b-d559af883f81">
      <TestCategory>
        <TestCategoryItem TestCategory="Category1000" />
      </TestCategory>
      <Execution id="4b4c323e-ab66-4fd6-926f-805af6f880c9" />
      <TestMethod codeBase="C:\Projekty\MSTestProject\bin\Debug\netcoreapp3.1\MSTestProject.dll" adapterTypeName="executor://mstestadapter/v2" className="TwojeWesele.Services.Helpers.Tests.CurrencyHelperTests" name="FormatToStringTest1000" />
    </UnitTest>
    <UnitTest name="FormatToStringTest1000 (30533.30031120838,30533.30 zł)" storage="c:\projekty\mstestproject\bin\debug\netcoreapp3.1\mstestproject.dll" id="a431e60f-344d-4a07-9ba4-95ad72c394c6">
      <TestCategory>
        <TestCategoryItem TestCategory="Category1000" />
      </TestCategory>
      <Execution id="8cb75fcf-f9b2-402c-afb4-224a48948e63" />
      <TestMethod codeBase="C:\Projekty\MSTestProject\bin\Debug\netcoreapp3.1\MSTestProject.dll" adapterTypeName="executor://mstestadapter/v2" className="TwojeWesele.Services.Helpers.Tests.CurrencyHelperTests" name="FormatToStringTest1000" />
    </UnitTest>
    <UnitTest name="FormatToStringTest1000 (66945.02904917022,66945.03 zł)" storage="c:\projekty\mstestproject\bin\debug\netcoreapp3.1\mstestproject.dll" id="540966a3-bf93-4631-a8bf-17877f54dae9">
      <TestCategory>
        <TestCategoryItem TestCategory="Category1000" />
      </TestCategory>
      <Execution id="4a6fef18-b674-4b34-8ecd-0999a0529d9e" />
      <TestMethod codeBase="C:\Projekty\MSTestProject\bin\Debug\netcoreapp3.1\MSTestProject.dll" adapterTypeName="executor://mstestadapter/v2" className="TwojeWesele.Services.Helpers.Tests.CurrencyHelperTests" name="FormatToStringTest1000" />
    </UnitTest>
    <UnitTest name="FormatToStringTest1000 (54304.07738935393,54304.08 zł)" storage="c:\projekty\mstestproject\bin\debug\netcoreapp3.1\mstestproject.dll" id="bb8aa309-656e-4eee-91f0-10ec3321e960">
      <TestCategory>
        <TestCategoryItem TestCategory="Category1000" />
      </TestCategory>
      <Execution id="5c562ed1-efe8-416b-a1ce-8ab6ba613e5f" />
      <TestMethod codeBase="C:\Projekty\MSTestProject\bin\Debug\netcoreapp3.1\MSTestProject.dll" adapterTypeName="executor://mstestadapter/v2" className="TwojeWesele.Services.Helpers.Tests.CurrencyHelperTests" name="FormatToStringTest1000" />
    </UnitTest>
    <UnitTest name="FormatToStringTest1000 (16637.074429372828,16637.07 zł)" storage="c:\projekty\mstestproject\bin\debug\netcoreapp3.1\mstestproject.dll" id="d5e8fc51-45a7-445f-b69a-84e6e6d24f06">
      <TestCategory>
        <TestCategoryItem TestCategory="Category1000" />
      </TestCategory>
      <Execution id="be27b53a-8b21-47ab-9d7a-4eabd69430c8" />
      <TestMethod codeBase="C:\Projekty\MSTestProject\bin\Debug\netcoreapp3.1\MSTestProject.dll" adapterTypeName="executor://mstestadapter/v2" className="TwojeWesele.Services.Helpers.Tests.CurrencyHelperTests" name="FormatToStringTest1000" />
    </UnitTest>
    <UnitTest name="FormatToStringTest1000 (22153.282278674324,22153.28 zł)" storage="c:\projekty\mstestproject\bin\debug\netcoreapp3.1\mstestproject.dll" id="f5faaf3b-96db-47bd-a48c-8b7f8e0db01d">
      <TestCategory>
        <TestCategoryItem TestCategory="Category1000" />
      </TestCategory>
      <Execution id="3264ec9b-798e-4742-970d-e51c454d253f" />
      <TestMethod codeBase="C:\Projekty\MSTestProject\bin\Debug\netcoreapp3.1\MSTestProject.dll" adapterTypeName="executor://mstestadapter/v2" className="TwojeWesele.Services.Helpers.Tests.CurrencyHelperTests" name="FormatToStringTest1000" />
    </UnitTest>
    <UnitTest name="FormatToStringTest1000 (904.351189922705,904.35 zł)" storage="c:\projekty\mstestproject\bin\debug\netcoreapp3.1\mstestproject.dll" id="fb1a3588-5f2c-460b-80c9-70dcedeb767b">
      <TestCategory>
        <TestCategoryItem TestCategory="Category1000" />
      </TestCategory>
      <Execution id="7717466b-66ad-4894-b99a-d3d555fca57d" />
      <TestMethod codeBase="C:\Projekty\MSTestProject\bin\Debug\netcoreapp3.1\MSTestProject.dll" adapterTypeName="executor://mstestadapter/v2" className="TwojeWesele.Services.Helpers.Tests.CurrencyHelperTests" name="FormatToStringTest1000" />
    </UnitTest>
    <UnitTest name="FormatToStringTest1000 (27506.397047390416,27506.40 zł)" storage="c:\projekty\mstestproject\bin\debug\netcoreapp3.1\mstestproject.dll" id="b5579d3d-4b05-495e-a498-33d05de5e47d">
      <TestCategory>
        <TestCategoryItem TestCategory="Category1000" />
      </TestCategory>
      <Execution id="d6e4a6e4-b2ff-49f1-b45e-9452d325da40" />
      <TestMethod codeBase="C:\Projekty\MSTestProject\bin\Debug\netcoreapp3.1\MSTestProject.dll" adapterTypeName="executor://mstestadapter/v2" className="TwojeWesele.Services.Helpers.Tests.CurrencyHelperTests" name="FormatToStringTest1000" />
    </UnitTest>
    <UnitTest name="FormatToStringTest1000 (68698.01923441609,68698.02 zł)" storage="c:\projekty\mstestproject\bin\debug\netcoreapp3.1\mstestproject.dll" id="718dd5a6-1f82-4faf-b3ae-55ba4264d8e5">
      <TestCategory>
        <TestCategoryItem TestCategory="Category1000" />
      </TestCategory>
      <Execution id="77cca8fc-6a21-44fe-9e02-fd69e0deef10" />
      <TestMethod codeBase="C:\Projekty\MSTestProject\bin\Debug\netcoreapp3.1\MSTestProject.dll" adapterTypeName="executor://mstestadapter/v2" className="TwojeWesele.Services.Helpers.Tests.CurrencyHelperTests" name="FormatToStringTest1000" />
    </UnitTest>
    <UnitTest name="FormatToStringTest1000 (159.83786031922224,159.84 zł)" storage="c:\projekty\mstestproject\bin\debug\netcoreapp3.1\mstestproject.dll" id="19d4269f-23bb-4212-ba80-c4af71b84614">
      <TestCategory>
        <TestCategoryItem TestCategory="Category1000" />
      </TestCategory>
      <Execution id="1565a969-4d4c-4769-a6a3-9c502be1972d" />
      <TestMethod codeBase="C:\Projekty\MSTestProject\bin\Debug\netcoreapp3.1\MSTestProject.dll" adapterTypeName="executor://mstestadapter/v2" className="TwojeWesele.Services.Helpers.Tests.CurrencyHelperTests" name="FormatToStringTest1000" />
    </UnitTest>
    <UnitTest name="FormatToStringTest1000 (7458.609645228652,7458.61 zł)" storage="c:\projekty\mstestproject\bin\debug\netcoreapp3.1\mstestproject.dll" id="6a272844-5643-4776-8ad2-3595b9daece0">
      <TestCategory>
        <TestCategoryItem TestCategory="Category1000" />
      </TestCategory>
      <Execution id="22821d81-b7c6-4df1-a178-df77dac45cbb" />
      <TestMethod codeBase="C:\Projekty\MSTestProject\bin\Debug\netcoreapp3.1\MSTestProject.dll" adapterTypeName="executor://mstestadapter/v2" className="TwojeWesele.Services.Helpers.Tests.CurrencyHelperTests" name="FormatToStringTest1000" />
    </UnitTest>
    <UnitTest name="FormatToStringTest1000 (54088.326214851964,54088.33 zł)" storage="c:\projekty\mstestproject\bin\debug\netcoreapp3.1\mstestproject.dll" id="9a118625-fcd1-48d8-bc1d-c57d81dff9ba">
      <TestCategory>
        <TestCategoryItem TestCategory="Category1000" />
      </TestCategory>
      <Execution id="b3b7e61e-1110-4a06-9a22-140b11bbcdc7" />
      <TestMethod codeBase="C:\Projekty\MSTestProject\bin\Debug\netcoreapp3.1\MSTestProject.dll" adapterTypeName="executor://mstestadapter/v2" className="TwojeWesele.Services.Helpers.Tests.CurrencyHelperTests" name="FormatToStringTest1000" />
    </UnitTest>
    <UnitTest name="FormatToStringTest1000 (26223.99769144412,26224.00 zł)" storage="c:\projekty\mstestproject\bin\debug\netcoreapp3.1\mstestproject.dll" id="5a67123d-570b-4196-9c66-d27fd551e170">
      <TestCategory>
        <TestCategoryItem TestCategory="Category1000" />
      </TestCategory>
      <Execution id="a4d4f023-2fd2-458b-b2f6-49ad4d29f054" />
      <TestMethod codeBase="C:\Projekty\MSTestProject\bin\Debug\netcoreapp3.1\MSTestProject.dll" adapterTypeName="executor://mstestadapter/v2" className="TwojeWesele.Services.Helpers.Tests.CurrencyHelperTests" name="FormatToStringTest1000" />
    </UnitTest>
    <UnitTest name="FormatToStringTest1000 (21602.417596116393,21602.42 zł)" storage="c:\projekty\mstestproject\bin\debug\netcoreapp3.1\mstestproject.dll" id="9fbb9a6e-86fa-4e17-a9f8-7134f981aa1d">
      <TestCategory>
        <TestCategoryItem TestCategory="Category1000" />
      </TestCategory>
      <Execution id="cd0c1761-726e-404e-845c-bebfe552a468" />
      <TestMethod codeBase="C:\Projekty\MSTestProject\bin\Debug\netcoreapp3.1\MSTestProject.dll" adapterTypeName="executor://mstestadapter/v2" className="TwojeWesele.Services.Helpers.Tests.CurrencyHelperTests" name="FormatToStringTest1000" />
    </UnitTest>
    <UnitTest name="FormatToStringTest1000 (66764.31690498316,66764.32 zł)" storage="c:\projekty\mstestproject\bin\debug\netcoreapp3.1\mstestproject.dll" id="b86998c5-01c9-40d1-b314-a06b584162ea">
      <TestCategory>
        <TestCategoryItem TestCategory="Category1000" />
      </TestCategory>
      <Execution id="994c0e92-7c74-4644-af6a-801030286503" />
      <TestMethod codeBase="C:\Projekty\MSTestProject\bin\Debug\netcoreapp3.1\MSTestProject.dll" adapterTypeName="executor://mstestadapter/v2" className="TwojeWesele.Services.Helpers.Tests.CurrencyHelperTests" name="FormatToStringTest1000" />
    </UnitTest>
    <UnitTest name="FormatToStringTest1000 (13568.230982493717,13568.23 zł)" storage="c:\projekty\mstestproject\bin\debug\netcoreapp3.1\mstestproject.dll" id="8e0541c4-8d83-41dd-bdce-87d580a4a72e">
      <TestCategory>
        <TestCategoryItem TestCategory="Category1000" />
      </TestCategory>
      <Execution id="d609be47-0947-4762-ab00-0ec8554e353c" />
      <TestMethod codeBase="C:\Projekty\MSTestProject\bin\Debug\netcoreapp3.1\MSTestProject.dll" adapterTypeName="executor://mstestadapter/v2" className="TwojeWesele.Services.Helpers.Tests.CurrencyHelperTests" name="FormatToStringTest1000" />
    </UnitTest>
    <UnitTest name="FormatToStringTest1000 (70149.17842025738,70149.18 zł)" storage="c:\projekty\mstestproject\bin\debug\netcoreapp3.1\mstestproject.dll" id="7d574cbc-bbfa-4b51-98b9-14d8a10a34ea">
      <TestCategory>
        <TestCategoryItem TestCategory="Category1000" />
      </TestCategory>
      <Execution id="93c4429a-1c53-4873-ac1b-b5a889546c29" />
      <TestMethod codeBase="C:\Projekty\MSTestProject\bin\Debug\netcoreapp3.1\MSTestProject.dll" adapterTypeName="executor://mstestadapter/v2" className="TwojeWesele.Services.Helpers.Tests.CurrencyHelperTests" name="FormatToStringTest1000" />
    </UnitTest>
    <UnitTest name="FormatToStringTest1000 (73301.91270130403,73301.91 zł)" storage="c:\projekty\mstestproject\bin\debug\netcoreapp3.1\mstestproject.dll" id="690c8545-0881-4dd8-80b3-bdb8c2b9c06a">
      <TestCategory>
        <TestCategoryItem TestCategory="Category1000" />
      </TestCategory>
      <Execution id="c093b9bc-f3d3-4379-a565-d28d558ebddf" />
      <TestMethod codeBase="C:\Projekty\MSTestProject\bin\Debug\netcoreapp3.1\MSTestProject.dll" adapterTypeName="executor://mstestadapter/v2" className="TwojeWesele.Services.Helpers.Tests.CurrencyHelperTests" name="FormatToStringTest1000" />
    </UnitTest>
    <UnitTest name="FormatToStringTest1000 (15822.278766386342,15822.28 zł)" storage="c:\projekty\mstestproject\bin\debug\netcoreapp3.1\mstestproject.dll" id="dd4b0fc7-eb8f-48d3-89be-83481113c033">
      <TestCategory>
        <TestCategoryItem TestCategory="Category1000" />
      </TestCategory>
      <Execution id="dcbb6508-6a4c-40a7-9eec-0bc00f3fa42f" />
      <TestMethod codeBase="C:\Projekty\MSTestProject\bin\Debug\netcoreapp3.1\MSTestProject.dll" adapterTypeName="executor://mstestadapter/v2" className="TwojeWesele.Services.Helpers.Tests.CurrencyHelperTests" name="FormatToStringTest1000" />
    </UnitTest>
    <UnitTest name="FormatToStringTest1000 (6102.4120417453405,6102.41 zł)" storage="c:\projekty\mstestproject\bin\debug\netcoreapp3.1\mstestproject.dll" id="0838f22a-0f52-4317-9c83-a6a58936598d">
      <TestCategory>
        <TestCategoryItem TestCategory="Category1000" />
      </TestCategory>
      <Execution id="c643a2e4-bc41-4362-b502-f6eb5f176c28" />
      <TestMethod codeBase="C:\Projekty\MSTestProject\bin\Debug\netcoreapp3.1\MSTestProject.dll" adapterTypeName="executor://mstestadapter/v2" className="TwojeWesele.Services.Helpers.Tests.CurrencyHelperTests" name="FormatToStringTest1000" />
    </UnitTest>
    <UnitTest name="FormatToStringTest1000 (4105.490993980081,4105.49 zł)" storage="c:\projekty\mstestproject\bin\debug\netcoreapp3.1\mstestproject.dll" id="6c1d8051-55a1-45ed-905f-30b901e765c8">
      <TestCategory>
        <TestCategoryItem TestCategory="Category1000" />
      </TestCategory>
      <Execution id="6da2df4d-acb7-4963-ba97-84a0f7f0dc60" />
      <TestMethod codeBase="C:\Projekty\MSTestProject\bin\Debug\netcoreapp3.1\MSTestProject.dll" adapterTypeName="executor://mstestadapter/v2" className="TwojeWesele.Services.Helpers.Tests.CurrencyHelperTests" name="FormatToStringTest1000" />
    </UnitTest>
    <UnitTest name="FormatToStringTest1000 (49037.8109120586,49037.81 zł)" storage="c:\projekty\mstestproject\bin\debug\netcoreapp3.1\mstestproject.dll" id="b224b71c-d021-4e5e-bdfb-f328a8f85e12">
      <TestCategory>
        <TestCategoryItem TestCategory="Category1000" />
      </TestCategory>
      <Execution id="b14f0f46-ba30-4330-b491-91cd69510564" />
      <TestMethod codeBase="C:\Projekty\MSTestProject\bin\Debug\netcoreapp3.1\MSTestProject.dll" adapterTypeName="executor://mstestadapter/v2" className="TwojeWesele.Services.Helpers.Tests.CurrencyHelperTests" name="FormatToStringTest1000" />
    </UnitTest>
    <UnitTest name="FormatToStringTest1000 (36651.05802063414,36651.06 zł)" storage="c:\projekty\mstestproject\bin\debug\netcoreapp3.1\mstestproject.dll" id="f4d16335-616b-4659-92df-28f82dc99532">
      <TestCategory>
        <TestCategoryItem TestCategory="Category1000" />
      </TestCategory>
      <Execution id="f5caab18-f8fd-489e-af5d-0d3f575b870f" />
      <TestMethod codeBase="C:\Projekty\MSTestProject\bin\Debug\netcoreapp3.1\MSTestProject.dll" adapterTypeName="executor://mstestadapter/v2" className="TwojeWesele.Services.Helpers.Tests.CurrencyHelperTests" name="FormatToStringTest1000" />
    </UnitTest>
    <UnitTest name="FormatToStringTest1000 (27794.8671353957,27794.87 zł)" storage="c:\projekty\mstestproject\bin\debug\netcoreapp3.1\mstestproject.dll" id="3ef9c572-f860-4222-a6ef-e7a808227213">
      <TestCategory>
        <TestCategoryItem TestCategory="Category1000" />
      </TestCategory>
      <Execution id="b8c39dc0-ba44-4e19-bec9-7d7f55ac4911" />
      <TestMethod codeBase="C:\Projekty\MSTestProject\bin\Debug\netcoreapp3.1\MSTestProject.dll" adapterTypeName="executor://mstestadapter/v2" className="TwojeWesele.Services.Helpers.Tests.CurrencyHelperTests" name="FormatToStringTest1000" />
    </UnitTest>
    <UnitTest name="FormatToStringTest1000 (9657.360676611475,9657.36 zł)" storage="c:\projekty\mstestproject\bin\debug\netcoreapp3.1\mstestproject.dll" id="1d90f17d-becc-4403-9534-08210eec8e5b">
      <TestCategory>
        <TestCategoryItem TestCategory="Category1000" />
      </TestCategory>
      <Execution id="821bf440-e95a-4f64-b75e-73aaafeeaf32" />
      <TestMethod codeBase="C:\Projekty\MSTestProject\bin\Debug\netcoreapp3.1\MSTestProject.dll" adapterTypeName="executor://mstestadapter/v2" className="TwojeWesele.Services.Helpers.Tests.CurrencyHelperTests" name="FormatToStringTest1000" />
    </UnitTest>
    <UnitTest name="FormatToStringTest1000 (26468.346804109562,26468.35 zł)" storage="c:\projekty\mstestproject\bin\debug\netcoreapp3.1\mstestproject.dll" id="43bbc32b-8b9e-4c3e-8225-8f14873acd45">
      <TestCategory>
        <TestCategoryItem TestCategory="Category1000" />
      </TestCategory>
      <Execution id="9b70cef0-cea5-42af-8f2f-1fc42e6e4412" />
      <TestMethod codeBase="C:\Projekty\MSTestProject\bin\Debug\netcoreapp3.1\MSTestProject.dll" adapterTypeName="executor://mstestadapter/v2" className="TwojeWesele.Services.Helpers.Tests.CurrencyHelperTests" name="FormatToStringTest1000" />
    </UnitTest>
    <UnitTest name="FormatToStringTest1000 (9994.9471861026,9994.95 zł)" storage="c:\projekty\mstestproject\bin\debug\netcoreapp3.1\mstestproject.dll" id="fd0e5aab-bd92-4e94-93a5-6192acbd03f3">
      <TestCategory>
        <TestCategoryItem TestCategory="Category1000" />
      </TestCategory>
      <Execution id="8ced3bdb-ab51-4bad-97b1-a78c5cd0ee34" />
      <TestMethod codeBase="C:\Projekty\MSTestProject\bin\Debug\netcoreapp3.1\MSTestProject.dll" adapterTypeName="executor://mstestadapter/v2" className="TwojeWesele.Services.Helpers.Tests.CurrencyHelperTests" name="FormatToStringTest1000" />
    </UnitTest>
    <UnitTest name="FormatToStringTest1000 (66053.95451852398,66053.95 zł)" storage="c:\projekty\mstestproject\bin\debug\netcoreapp3.1\mstestproject.dll" id="59959788-005f-4db5-8c2f-2ee01b31e5a1">
      <TestCategory>
        <TestCategoryItem TestCategory="Category1000" />
      </TestCategory>
      <Execution id="84c6019e-a6e4-4fa1-970a-3f0111990b09" />
      <TestMethod codeBase="C:\Projekty\MSTestProject\bin\Debug\netcoreapp3.1\MSTestProject.dll" adapterTypeName="executor://mstestadapter/v2" className="TwojeWesele.Services.Helpers.Tests.CurrencyHelperTests" name="FormatToStringTest1000" />
    </UnitTest>
    <UnitTest name="FormatToStringTest1000 (32821.05661472215,32821.06 zł)" storage="c:\projekty\mstestproject\bin\debug\netcoreapp3.1\mstestproject.dll" id="8d57e577-0ef9-442a-a9b7-095c6aa86ff5">
      <TestCategory>
        <TestCategoryItem TestCategory="Category1000" />
      </TestCategory>
      <Execution id="59e3759a-cb88-44a3-bb9b-fd690a0bb886" />
      <TestMethod codeBase="C:\Projekty\MSTestProject\bin\Debug\netcoreapp3.1\MSTestProject.dll" adapterTypeName="executor://mstestadapter/v2" className="TwojeWesele.Services.Helpers.Tests.CurrencyHelperTests" name="FormatToStringTest1000" />
    </UnitTest>
    <UnitTest name="FormatToStringTest1000 (1662.8482664818168,1662.85 zł)" storage="c:\projekty\mstestproject\bin\debug\netcoreapp3.1\mstestproject.dll" id="a49c8a72-980f-43d9-b607-9ef2a5cc29e6">
      <TestCategory>
        <TestCategoryItem TestCategory="Category1000" />
      </TestCategory>
      <Execution id="db9ae583-b81d-4fa3-a734-83d84d9783ee" />
      <TestMethod codeBase="C:\Projekty\MSTestProject\bin\Debug\netcoreapp3.1\MSTestProject.dll" adapterTypeName="executor://mstestadapter/v2" className="TwojeWesele.Services.Helpers.Tests.CurrencyHelperTests" name="FormatToStringTest1000" />
    </UnitTest>
    <UnitTest name="FormatToStringTest1000 (41008.28505327194,41008.29 zł)" storage="c:\projekty\mstestproject\bin\debug\netcoreapp3.1\mstestproject.dll" id="dc1176a4-97e7-450b-80bd-c32ebbae4e3f">
      <TestCategory>
        <TestCategoryItem TestCategory="Category1000" />
      </TestCategory>
      <Execution id="66797a17-599c-49a9-a678-f32494525fc2" />
      <TestMethod codeBase="C:\Projekty\MSTestProject\bin\Debug\netcoreapp3.1\MSTestProject.dll" adapterTypeName="executor://mstestadapter/v2" className="TwojeWesele.Services.Helpers.Tests.CurrencyHelperTests" name="FormatToStringTest1000" />
    </UnitTest>
    <UnitTest name="FormatToStringTest1000 (10501.127379151585,10501.13 zł)" storage="c:\projekty\mstestproject\bin\debug\netcoreapp3.1\mstestproject.dll" id="4717814c-2a8f-4f51-ac23-434ad0b8bc79">
      <TestCategory>
        <TestCategoryItem TestCategory="Category1000" />
      </TestCategory>
      <Execution id="63bf0ab3-9583-41fd-9e72-011b35830b0c" />
      <TestMethod codeBase="C:\Projekty\MSTestProject\bin\Debug\netcoreapp3.1\MSTestProject.dll" adapterTypeName="executor://mstestadapter/v2" className="TwojeWesele.Services.Helpers.Tests.CurrencyHelperTests" name="FormatToStringTest1000" />
    </UnitTest>
    <UnitTest name="FormatToStringTest1000 (464.74397441965715,464.74 zł)" storage="c:\projekty\mstestproject\bin\debug\netcoreapp3.1\mstestproject.dll" id="f00b3e65-e371-484f-a886-320944b18d6d">
      <TestCategory>
        <TestCategoryItem TestCategory="Category1000" />
      </TestCategory>
      <Execution id="15c6241e-64b4-46d7-bbb1-ba4cc7dcc772" />
      <TestMethod codeBase="C:\Projekty\MSTestProject\bin\Debug\netcoreapp3.1\MSTestProject.dll" adapterTypeName="executor://mstestadapter/v2" className="TwojeWesele.Services.Helpers.Tests.CurrencyHelperTests" name="FormatToStringTest1000" />
    </UnitTest>
    <UnitTest name="FormatToStringTest1000 (58902.704109088845,58902.70 zł)" storage="c:\projekty\mstestproject\bin\debug\netcoreapp3.1\mstestproject.dll" id="259384cf-2d88-4333-b6cd-b6f8111ae6a2">
      <TestCategory>
        <TestCategoryItem TestCategory="Category1000" />
      </TestCategory>
      <Execution id="5ecdb84d-132f-4129-9558-ea2fe5298b54" />
      <TestMethod codeBase="C:\Projekty\MSTestProject\bin\Debug\netcoreapp3.1\MSTestProject.dll" adapterTypeName="executor://mstestadapter/v2" className="TwojeWesele.Services.Helpers.Tests.CurrencyHelperTests" name="FormatToStringTest1000" />
    </UnitTest>
    <UnitTest name="FormatToStringTest1000 (8851.904041135638,8851.90 zł)" storage="c:\projekty\mstestproject\bin\debug\netcoreapp3.1\mstestproject.dll" id="5b0f1664-c825-4b57-bbd0-ea4b6146068f">
      <TestCategory>
        <TestCategoryItem TestCategory="Category1000" />
      </TestCategory>
      <Execution id="f62bec09-88cf-4f44-b312-1ff85cb4f299" />
      <TestMethod codeBase="C:\Projekty\MSTestProject\bin\Debug\netcoreapp3.1\MSTestProject.dll" adapterTypeName="executor://mstestadapter/v2" className="TwojeWesele.Services.Helpers.Tests.CurrencyHelperTests" name="FormatToStringTest1000" />
    </UnitTest>
    <UnitTest name="FormatToStringTest1000 (37889.10086727193,37889.10 zł)" storage="c:\projekty\mstestproject\bin\debug\netcoreapp3.1\mstestproject.dll" id="75a9f2db-1514-42cd-b3d8-a89d742b0ebf">
      <TestCategory>
        <TestCategoryItem TestCategory="Category1000" />
      </TestCategory>
      <Execution id="b7d6512d-0d50-4075-85e8-0da3732b8093" />
      <TestMethod codeBase="C:\Projekty\MSTestProject\bin\Debug\netcoreapp3.1\MSTestProject.dll" adapterTypeName="executor://mstestadapter/v2" className="TwojeWesele.Services.Helpers.Tests.CurrencyHelperTests" name="FormatToStringTest1000" />
    </UnitTest>
    <UnitTest name="FormatToStringTest1000 (1751.1734380625066,1751.17 zł)" storage="c:\projekty\mstestproject\bin\debug\netcoreapp3.1\mstestproject.dll" id="57721b69-6ac2-4fbd-8c6c-bf3cd9ca1314">
      <TestCategory>
        <TestCategoryItem TestCategory="Category1000" />
      </TestCategory>
      <Execution id="817edef7-8d8a-411d-b1b8-3c035a826dd6" />
      <TestMethod codeBase="C:\Projekty\MSTestProject\bin\Debug\netcoreapp3.1\MSTestProject.dll" adapterTypeName="executor://mstestadapter/v2" className="TwojeWesele.Services.Helpers.Tests.CurrencyHelperTests" name="FormatToStringTest1000" />
    </UnitTest>
    <UnitTest name="FormatToStringTest1000 (835.1578487740633,835.16 zł)" storage="c:\projekty\mstestproject\bin\debug\netcoreapp3.1\mstestproject.dll" id="c5dea314-13ae-433b-86b1-ff9ccae7f0b7">
      <TestCategory>
        <TestCategoryItem TestCategory="Category1000" />
      </TestCategory>
      <Execution id="3442fe6f-a714-4cd3-96f1-da4d1bba71b8" />
      <TestMethod codeBase="C:\Projekty\MSTestProject\bin\Debug\netcoreapp3.1\MSTestProject.dll" adapterTypeName="executor://mstestadapter/v2" className="TwojeWesele.Services.Helpers.Tests.CurrencyHelperTests" name="FormatToStringTest1000" />
    </UnitTest>
    <UnitTest name="FormatToStringTest1000 (6946.333318357977,6946.33 zł)" storage="c:\projekty\mstestproject\bin\debug\netcoreapp3.1\mstestproject.dll" id="a0dc679a-26da-4c59-9e6f-4d992cace994">
      <TestCategory>
        <TestCategoryItem TestCategory="Category1000" />
      </TestCategory>
      <Execution id="0c184394-2680-463a-8596-71d065af80f7" />
      <TestMethod codeBase="C:\Projekty\MSTestProject\bin\Debug\netcoreapp3.1\MSTestProject.dll" adapterTypeName="executor://mstestadapter/v2" className="TwojeWesele.Services.Helpers.Tests.CurrencyHelperTests" name="FormatToStringTest1000" />
    </UnitTest>
    <UnitTest name="FormatToStringTest1000 (28072.424637532058,28072.42 zł)" storage="c:\projekty\mstestproject\bin\debug\netcoreapp3.1\mstestproject.dll" id="f51796c5-3a74-4547-b1d2-3c99b4485996">
      <TestCategory>
        <TestCategoryItem TestCategory="Category1000" />
      </TestCategory>
      <Execution id="2642921a-f310-48cf-95d3-9e7a2a2ddcaf" />
      <TestMethod codeBase="C:\Projekty\MSTestProject\bin\Debug\netcoreapp3.1\MSTestProject.dll" adapterTypeName="executor://mstestadapter/v2" className="TwojeWesele.Services.Helpers.Tests.CurrencyHelperTests" name="FormatToStringTest1000" />
    </UnitTest>
    <UnitTest name="FormatToStringTest1000 (577.6071367564645,577.61 zł)" storage="c:\projekty\mstestproject\bin\debug\netcoreapp3.1\mstestproject.dll" id="24373761-63a4-4516-b133-1b6235adde85">
      <TestCategory>
        <TestCategoryItem TestCategory="Category1000" />
      </TestCategory>
      <Execution id="0fbcebde-5ff2-4c71-a7f7-ea6d24349d0a" />
      <TestMethod codeBase="C:\Projekty\MSTestProject\bin\Debug\netcoreapp3.1\MSTestProject.dll" adapterTypeName="executor://mstestadapter/v2" className="TwojeWesele.Services.Helpers.Tests.CurrencyHelperTests" name="FormatToStringTest1000" />
    </UnitTest>
    <UnitTest name="FormatToStringTest1000 (16901.497392274203,16901.50 zł)" storage="c:\projekty\mstestproject\bin\debug\netcoreapp3.1\mstestproject.dll" id="922d5db8-a6cf-4ea5-bb5f-71391d9c2527">
      <TestCategory>
        <TestCategoryItem TestCategory="Category1000" />
      </TestCategory>
      <Execution id="e35b0e0e-4685-4d74-b850-ad8effe325a8" />
      <TestMethod codeBase="C:\Projekty\MSTestProject\bin\Debug\netcoreapp3.1\MSTestProject.dll" adapterTypeName="executor://mstestadapter/v2" className="TwojeWesele.Services.Helpers.Tests.CurrencyHelperTests" name="FormatToStringTest1000" />
    </UnitTest>
    <UnitTest name="FormatToStringTest1000 (34951.47290410077,34951.47 zł)" storage="c:\projekty\mstestproject\bin\debug\netcoreapp3.1\mstestproject.dll" id="6e61393b-701b-4f7c-b7c9-b1f34f3da9ef">
      <TestCategory>
        <TestCategoryItem TestCategory="Category1000" />
      </TestCategory>
      <Execution id="b558d243-fd67-46bc-9e6d-c64139fc0960" />
      <TestMethod codeBase="C:\Projekty\MSTestProject\bin\Debug\netcoreapp3.1\MSTestProject.dll" adapterTypeName="executor://mstestadapter/v2" className="TwojeWesele.Services.Helpers.Tests.CurrencyHelperTests" name="FormatToStringTest1000" />
    </UnitTest>
    <UnitTest name="FormatToStringTest1000 (25272.05048361283,25272.05 zł)" storage="c:\projekty\mstestproject\bin\debug\netcoreapp3.1\mstestproject.dll" id="6de7752c-a7b0-4b61-80d6-9544db856936">
      <TestCategory>
        <TestCategoryItem TestCategory="Category1000" />
      </TestCategory>
      <Execution id="1d4bb3f2-34ea-4abd-a841-09f5eb041570" />
      <TestMethod codeBase="C:\Projekty\MSTestProject\bin\Debug\netcoreapp3.1\MSTestProject.dll" adapterTypeName="executor://mstestadapter/v2" className="TwojeWesele.Services.Helpers.Tests.CurrencyHelperTests" name="FormatToStringTest1000" />
    </UnitTest>
    <UnitTest name="FormatToStringTest1000 (9079.930405251649,9079.93 zł)" storage="c:\projekty\mstestproject\bin\debug\netcoreapp3.1\mstestproject.dll" id="43c1daa7-33dd-4268-ab86-519febd8af79">
      <TestCategory>
        <TestCategoryItem TestCategory="Category1000" />
      </TestCategory>
      <Execution id="3ea0eb2c-07e2-4e63-8ee9-b3bed085c1d8" />
      <TestMethod codeBase="C:\Projekty\MSTestProject\bin\Debug\netcoreapp3.1\MSTestProject.dll" adapterTypeName="executor://mstestadapter/v2" className="TwojeWesele.Services.Helpers.Tests.CurrencyHelperTests" name="FormatToStringTest1000" />
    </UnitTest>
    <UnitTest name="FormatToStringTest1000 (22459.530444447664,22459.53 zł)" storage="c:\projekty\mstestproject\bin\debug\netcoreapp3.1\mstestproject.dll" id="7b0c27a4-6f65-4324-82c4-c83634e96db3">
      <TestCategory>
        <TestCategoryItem TestCategory="Category1000" />
      </TestCategory>
      <Execution id="4893f894-60df-418b-84a6-e252ff274769" />
      <TestMethod codeBase="C:\Projekty\MSTestProject\bin\Debug\netcoreapp3.1\MSTestProject.dll" adapterTypeName="executor://mstestadapter/v2" className="TwojeWesele.Services.Helpers.Tests.CurrencyHelperTests" name="FormatToStringTest1000" />
    </UnitTest>
    <UnitTest name="FormatToStringTest1000 (2951.2722077329045,2951.27 zł)" storage="c:\projekty\mstestproject\bin\debug\netcoreapp3.1\mstestproject.dll" id="6162c24f-bae7-4532-b05b-a0479229bc73">
      <TestCategory>
        <TestCategoryItem TestCategory="Category1000" />
      </TestCategory>
      <Execution id="0196a35f-9baf-4886-9009-04552903aa09" />
      <TestMethod codeBase="C:\Projekty\MSTestProject\bin\Debug\netcoreapp3.1\MSTestProject.dll" adapterTypeName="executor://mstestadapter/v2" className="TwojeWesele.Services.Helpers.Tests.CurrencyHelperTests" name="FormatToStringTest1000" />
    </UnitTest>
    <UnitTest name="FormatToStringTest1000 (16383.352881839199,16383.35 zł)" storage="c:\projekty\mstestproject\bin\debug\netcoreapp3.1\mstestproject.dll" id="48961cac-ec20-48bb-89d4-decfe25c48fc">
      <TestCategory>
        <TestCategoryItem TestCategory="Category1000" />
      </TestCategory>
      <Execution id="a20a53c3-ae12-4331-b06e-9ed78b1f0e9f" />
      <TestMethod codeBase="C:\Projekty\MSTestProject\bin\Debug\netcoreapp3.1\MSTestProject.dll" adapterTypeName="executor://mstestadapter/v2" className="TwojeWesele.Services.Helpers.Tests.CurrencyHelperTests" name="FormatToStringTest1000" />
    </UnitTest>
    <UnitTest name="FormatToStringTest1000 (13323.876109275909,13323.88 zł)" storage="c:\projekty\mstestproject\bin\debug\netcoreapp3.1\mstestproject.dll" id="eb73885a-d146-4e24-940a-47352f7399aa">
      <TestCategory>
        <TestCategoryItem TestCategory="Category1000" />
      </TestCategory>
      <Execution id="eefc5ddc-7fa4-4a98-929f-963b57465ec9" />
      <TestMethod codeBase="C:\Projekty\MSTestProject\bin\Debug\netcoreapp3.1\MSTestProject.dll" adapterTypeName="executor://mstestadapter/v2" className="TwojeWesele.Services.Helpers.Tests.CurrencyHelperTests" name="FormatToStringTest1000" />
    </UnitTest>
    <UnitTest name="FormatToStringTest1000 (34060.48467268724,34060.48 zł)" storage="c:\projekty\mstestproject\bin\debug\netcoreapp3.1\mstestproject.dll" id="40296583-c7f1-48a7-aa5e-15d5413e6376">
      <TestCategory>
        <TestCategoryItem TestCategory="Category1000" />
      </TestCategory>
      <Execution id="dd29825a-a89d-4106-9731-9d82f982bc6a" />
      <TestMethod codeBase="C:\Projekty\MSTestProject\bin\Debug\netcoreapp3.1\MSTestProject.dll" adapterTypeName="executor://mstestadapter/v2" className="TwojeWesele.Services.Helpers.Tests.CurrencyHelperTests" name="FormatToStringTest1000" />
    </UnitTest>
    <UnitTest name="FormatToStringTest1000 (1562.3173604776698,1562.32 zł)" storage="c:\projekty\mstestproject\bin\debug\netcoreapp3.1\mstestproject.dll" id="db244e3b-4a97-47fb-9c97-77c0f2a6f91c">
      <TestCategory>
        <TestCategoryItem TestCategory="Category1000" />
      </TestCategory>
      <Execution id="1aff4293-46a1-4145-a819-365912e9ed12" />
      <TestMethod codeBase="C:\Projekty\MSTestProject\bin\Debug\netcoreapp3.1\MSTestProject.dll" adapterTypeName="executor://mstestadapter/v2" className="TwojeWesele.Services.Helpers.Tests.CurrencyHelperTests" name="FormatToStringTest1000" />
    </UnitTest>
    <UnitTest name="FormatToStringTest1000 (17579.823312525088,17579.82 zł)" storage="c:\projekty\mstestproject\bin\debug\netcoreapp3.1\mstestproject.dll" id="ab06e209-0282-47cf-8d02-637523c5301c">
      <TestCategory>
        <TestCategoryItem TestCategory="Category1000" />
      </TestCategory>
      <Execution id="7e0a0051-6431-498c-b1a8-42efc4aa0f80" />
      <TestMethod codeBase="C:\Projekty\MSTestProject\bin\Debug\netcoreapp3.1\MSTestProject.dll" adapterTypeName="executor://mstestadapter/v2" className="TwojeWesele.Services.Helpers.Tests.CurrencyHelperTests" name="FormatToStringTest1000" />
    </UnitTest>
    <UnitTest name="FormatToStringTest1000 (9774.341362926803,9774.34 zł)" storage="c:\projekty\mstestproject\bin\debug\netcoreapp3.1\mstestproject.dll" id="0cfbb745-508c-46e3-a6af-200417526858">
      <TestCategory>
        <TestCategoryItem TestCategory="Category1000" />
      </TestCategory>
      <Execution id="2d4fa201-bd08-4a8b-902c-af036aeb3dcb" />
      <TestMethod codeBase="C:\Projekty\MSTestProject\bin\Debug\netcoreapp3.1\MSTestProject.dll" adapterTypeName="executor://mstestadapter/v2" className="TwojeWesele.Services.Helpers.Tests.CurrencyHelperTests" name="FormatToStringTest1000" />
    </UnitTest>
    <UnitTest name="FormatToStringTest1000 (10762.501695533518,10762.50 zł)" storage="c:\projekty\mstestproject\bin\debug\netcoreapp3.1\mstestproject.dll" id="b6f5fb4b-e207-4bb3-a5f2-85404f3dd2f6">
      <TestCategory>
        <TestCategoryItem TestCategory="Category1000" />
      </TestCategory>
      <Execution id="06ecf045-6a76-413f-bc46-d293188839be" />
      <TestMethod codeBase="C:\Projekty\MSTestProject\bin\Debug\netcoreapp3.1\MSTestProject.dll" adapterTypeName="executor://mstestadapter/v2" className="TwojeWesele.Services.Helpers.Tests.CurrencyHelperTests" name="FormatToStringTest1000" />
    </UnitTest>
    <UnitTest name="FormatToStringTest1000 (72802.68569213277,72802.69 zł)" storage="c:\projekty\mstestproject\bin\debug\netcoreapp3.1\mstestproject.dll" id="d865b3a8-0e31-44dd-becd-44d3944c040f">
      <TestCategory>
        <TestCategoryItem TestCategory="Category1000" />
      </TestCategory>
      <Execution id="b8e3873b-5c1e-4cdd-85cf-f8c1103b9459" />
      <TestMethod codeBase="C:\Projekty\MSTestProject\bin\Debug\netcoreapp3.1\MSTestProject.dll" adapterTypeName="executor://mstestadapter/v2" className="TwojeWesele.Services.Helpers.Tests.CurrencyHelperTests" name="FormatToStringTest1000" />
    </UnitTest>
    <UnitTest name="FormatToStringTest1000 (748.6264857065987,748.63 zł)" storage="c:\projekty\mstestproject\bin\debug\netcoreapp3.1\mstestproject.dll" id="99b9bfec-8bc2-4073-98c6-4e4cab59fb6a">
      <TestCategory>
        <TestCategoryItem TestCategory="Category1000" />
      </TestCategory>
      <Execution id="724db12f-ad1e-4d86-93bc-c6f4a5cae8f2" />
      <TestMethod codeBase="C:\Projekty\MSTestProject\bin\Debug\netcoreapp3.1\MSTestProject.dll" adapterTypeName="executor://mstestadapter/v2" className="TwojeWesele.Services.Helpers.Tests.CurrencyHelperTests" name="FormatToStringTest1000" />
    </UnitTest>
    <UnitTest name="FormatToStringTest1000 (38803.03958246253,38803.04 zł)" storage="c:\projekty\mstestproject\bin\debug\netcoreapp3.1\mstestproject.dll" id="e6617660-0bbb-46df-acdd-baac385133e0">
      <TestCategory>
        <TestCategoryItem TestCategory="Category1000" />
      </TestCategory>
      <Execution id="1fca0b3f-d64d-4d08-91f2-3e99e09a55c5" />
      <TestMethod codeBase="C:\Projekty\MSTestProject\bin\Debug\netcoreapp3.1\MSTestProject.dll" adapterTypeName="executor://mstestadapter/v2" className="TwojeWesele.Services.Helpers.Tests.CurrencyHelperTests" name="FormatToStringTest1000" />
    </UnitTest>
    <UnitTest name="FormatToStringTest1000 (10495.622655484185,10495.62 zł)" storage="c:\projekty\mstestproject\bin\debug\netcoreapp3.1\mstestproject.dll" id="7c7fffa1-5f90-490e-81a2-591c57734287">
      <TestCategory>
        <TestCategoryItem TestCategory="Category1000" />
      </TestCategory>
      <Execution id="ff7fa51e-a676-4484-a642-3acd59caa9fd" />
      <TestMethod codeBase="C:\Projekty\MSTestProject\bin\Debug\netcoreapp3.1\MSTestProject.dll" adapterTypeName="executor://mstestadapter/v2" className="TwojeWesele.Services.Helpers.Tests.CurrencyHelperTests" name="FormatToStringTest1000" />
    </UnitTest>
    <UnitTest name="FormatToStringTest1000 (47256.065730817645,47256.07 zł)" storage="c:\projekty\mstestproject\bin\debug\netcoreapp3.1\mstestproject.dll" id="03d4d369-baa3-43d6-b01b-aae346b91077">
      <TestCategory>
        <TestCategoryItem TestCategory="Category1000" />
      </TestCategory>
      <Execution id="627e8d00-623f-4722-a594-1f2883cdd7f6" />
      <TestMethod codeBase="C:\Projekty\MSTestProject\bin\Debug\netcoreapp3.1\MSTestProject.dll" adapterTypeName="executor://mstestadapter/v2" className="TwojeWesele.Services.Helpers.Tests.CurrencyHelperTests" name="FormatToStringTest1000" />
    </UnitTest>
    <UnitTest name="FormatToStringTest1000 (6665.405372488035,6665.41 zł)" storage="c:\projekty\mstestproject\bin\debug\netcoreapp3.1\mstestproject.dll" id="31dc3ee5-7c78-4834-b657-c5293362c550">
      <TestCategory>
        <TestCategoryItem TestCategory="Category1000" />
      </TestCategory>
      <Execution id="ac957ef8-37ed-4c0f-a59a-4fd8f1ab2c74" />
      <TestMethod codeBase="C:\Projekty\MSTestProject\bin\Debug\netcoreapp3.1\MSTestProject.dll" adapterTypeName="executor://mstestadapter/v2" className="TwojeWesele.Services.Helpers.Tests.CurrencyHelperTests" name="FormatToStringTest1000" />
    </UnitTest>
    <UnitTest name="FormatToStringTest1000 (50585.83664522778,50585.84 zł)" storage="c:\projekty\mstestproject\bin\debug\netcoreapp3.1\mstestproject.dll" id="7221b29f-4b9a-468d-9f53-91821d9b84ea">
      <TestCategory>
        <TestCategoryItem TestCategory="Category1000" />
      </TestCategory>
      <Execution id="803768e4-a0c9-45a3-86ed-35c66fc3e565" />
      <TestMethod codeBase="C:\Projekty\MSTestProject\bin\Debug\netcoreapp3.1\MSTestProject.dll" adapterTypeName="executor://mstestadapter/v2" className="TwojeWesele.Services.Helpers.Tests.CurrencyHelperTests" name="FormatToStringTest1000" />
    </UnitTest>
    <UnitTest name="FormatToStringTest1000 (23282.56178903047,23282.56 zł)" storage="c:\projekty\mstestproject\bin\debug\netcoreapp3.1\mstestproject.dll" id="b9248337-0a52-4dbc-aec6-ba9d3b161f4a">
      <TestCategory>
        <TestCategoryItem TestCategory="Category1000" />
      </TestCategory>
      <Execution id="2d449c4f-a357-468e-91a1-c33aeb940096" />
      <TestMethod codeBase="C:\Projekty\MSTestProject\bin\Debug\netcoreapp3.1\MSTestProject.dll" adapterTypeName="executor://mstestadapter/v2" className="TwojeWesele.Services.Helpers.Tests.CurrencyHelperTests" name="FormatToStringTest1000" />
    </UnitTest>
    <UnitTest name="FormatToStringTest1000 (2216.881526520886,2216.88 zł)" storage="c:\projekty\mstestproject\bin\debug\netcoreapp3.1\mstestproject.dll" id="2805f892-bb48-4816-a93d-dbe92013f069">
      <TestCategory>
        <TestCategoryItem TestCategory="Category1000" />
      </TestCategory>
      <Execution id="9ffa9897-b0ec-4c80-b00c-622c48628c9f" />
      <TestMethod codeBase="C:\Projekty\MSTestProject\bin\Debug\netcoreapp3.1\MSTestProject.dll" adapterTypeName="executor://mstestadapter/v2" className="TwojeWesele.Services.Helpers.Tests.CurrencyHelperTests" name="FormatToStringTest1000" />
    </UnitTest>
    <UnitTest name="FormatToStringTest1000 (7975.276658828965,7975.28 zł)" storage="c:\projekty\mstestproject\bin\debug\netcoreapp3.1\mstestproject.dll" id="72d0778a-a7e3-4bb7-a6ec-3a45d29e0e77">
      <TestCategory>
        <TestCategoryItem TestCategory="Category1000" />
      </TestCategory>
      <Execution id="21c4db6f-7c4e-4ab0-85d8-dadafbe37681" />
      <TestMethod codeBase="C:\Projekty\MSTestProject\bin\Debug\netcoreapp3.1\MSTestProject.dll" adapterTypeName="executor://mstestadapter/v2" className="TwojeWesele.Services.Helpers.Tests.CurrencyHelperTests" name="FormatToStringTest1000" />
    </UnitTest>
    <UnitTest name="FormatToStringTest1000 (16030.852371789913,16030.85 zł)" storage="c:\projekty\mstestproject\bin\debug\netcoreapp3.1\mstestproject.dll" id="f3a6236c-99e7-4c6f-ab5e-9b6bf9e20da5">
      <TestCategory>
        <TestCategoryItem TestCategory="Category1000" />
      </TestCategory>
      <Execution id="40c008da-70e9-40ed-aba0-fc6733c2e940" />
      <TestMethod codeBase="C:\Projekty\MSTestProject\bin\Debug\netcoreapp3.1\MSTestProject.dll" adapterTypeName="executor://mstestadapter/v2" className="TwojeWesele.Services.Helpers.Tests.CurrencyHelperTests" name="FormatToStringTest1000" />
    </UnitTest>
    <UnitTest name="FormatToStringTest1000 (14459.57059750686,14459.57 zł)" storage="c:\projekty\mstestproject\bin\debug\netcoreapp3.1\mstestproject.dll" id="fe32d834-b768-457d-89e9-da81fb744613">
      <TestCategory>
        <TestCategoryItem TestCategory="Category1000" />
      </TestCategory>
      <Execution id="314e9f96-72c6-41bd-8f8b-bad4474a22c3" />
      <TestMethod codeBase="C:\Projekty\MSTestProject\bin\Debug\netcoreapp3.1\MSTestProject.dll" adapterTypeName="executor://mstestadapter/v2" className="TwojeWesele.Services.Helpers.Tests.CurrencyHelperTests" name="FormatToStringTest1000" />
    </UnitTest>
    <UnitTest name="FormatToStringTest1000 (26220.382477706476,26220.38 zł)" storage="c:\projekty\mstestproject\bin\debug\netcoreapp3.1\mstestproject.dll" id="f1991bea-6397-4684-9424-4ca03b804cd6">
      <TestCategory>
        <TestCategoryItem TestCategory="Category1000" />
      </TestCategory>
      <Execution id="87daf8d1-1e84-48a7-85e6-3e48eab240d8" />
      <TestMethod codeBase="C:\Projekty\MSTestProject\bin\Debug\netcoreapp3.1\MSTestProject.dll" adapterTypeName="executor://mstestadapter/v2" className="TwojeWesele.Services.Helpers.Tests.CurrencyHelperTests" name="FormatToStringTest1000" />
    </UnitTest>
    <UnitTest name="FormatToStringTest1000 (16210.791556035536,16210.79 zł)" storage="c:\projekty\mstestproject\bin\debug\netcoreapp3.1\mstestproject.dll" id="6a06b8ac-6fc5-47e6-aa6d-65e6ea557c93">
      <TestCategory>
        <TestCategoryItem TestCategory="Category1000" />
      </TestCategory>
      <Execution id="d6ecdb98-a84a-475f-bbbd-25e3ca645eb2" />
      <TestMethod codeBase="C:\Projekty\MSTestProject\bin\Debug\netcoreapp3.1\MSTestProject.dll" adapterTypeName="executor://mstestadapter/v2" className="TwojeWesele.Services.Helpers.Tests.CurrencyHelperTests" name="FormatToStringTest1000" />
    </UnitTest>
    <UnitTest name="FormatToStringTest1000 (12641.700665183225,12641.70 zł)" storage="c:\projekty\mstestproject\bin\debug\netcoreapp3.1\mstestproject.dll" id="69d509c5-f6e5-44e7-b203-8a77c07bde77">
      <TestCategory>
        <TestCategoryItem TestCategory="Category1000" />
      </TestCategory>
      <Execution id="b5b29838-cae4-4b87-a3bd-35d058f0d562" />
      <TestMethod codeBase="C:\Projekty\MSTestProject\bin\Debug\netcoreapp3.1\MSTestProject.dll" adapterTypeName="executor://mstestadapter/v2" className="TwojeWesele.Services.Helpers.Tests.CurrencyHelperTests" name="FormatToStringTest1000" />
    </UnitTest>
    <UnitTest name="FormatToStringTest1000 (24030.724859085738,24030.72 zł)" storage="c:\projekty\mstestproject\bin\debug\netcoreapp3.1\mstestproject.dll" id="5dba540b-47f1-49ac-845d-c8c6563a8b87">
      <TestCategory>
        <TestCategoryItem TestCategory="Category1000" />
      </TestCategory>
      <Execution id="dc0c614c-55d1-4c94-ae80-02e5fc2bccb2" />
      <TestMethod codeBase="C:\Projekty\MSTestProject\bin\Debug\netcoreapp3.1\MSTestProject.dll" adapterTypeName="executor://mstestadapter/v2" className="TwojeWesele.Services.Helpers.Tests.CurrencyHelperTests" name="FormatToStringTest1000" />
    </UnitTest>
    <UnitTest name="FormatToStringTest1000 (545.7016866634142,545.70 zł)" storage="c:\projekty\mstestproject\bin\debug\netcoreapp3.1\mstestproject.dll" id="8845516c-c6c7-4cd6-b997-76555732909e">
      <TestCategory>
        <TestCategoryItem TestCategory="Category1000" />
      </TestCategory>
      <Execution id="ec5ba557-d618-4b22-8dde-8d087f66b40e" />
      <TestMethod codeBase="C:\Projekty\MSTestProject\bin\Debug\netcoreapp3.1\MSTestProject.dll" adapterTypeName="executor://mstestadapter/v2" className="TwojeWesele.Services.Helpers.Tests.CurrencyHelperTests" name="FormatToStringTest1000" />
    </UnitTest>
    <UnitTest name="FormatToStringTest1000 (12429.698213906819,12429.70 zł)" storage="c:\projekty\mstestproject\bin\debug\netcoreapp3.1\mstestproject.dll" id="66d8540d-5801-40a5-bcf4-447fe5190c48">
      <TestCategory>
        <TestCategoryItem TestCategory="Category1000" />
      </TestCategory>
      <Execution id="2c4ae137-9c7a-45da-a12d-ddd5b9a7c79b" />
      <TestMethod codeBase="C:\Projekty\MSTestProject\bin\Debug\netcoreapp3.1\MSTestProject.dll" adapterTypeName="executor://mstestadapter/v2" className="TwojeWesele.Services.Helpers.Tests.CurrencyHelperTests" name="FormatToStringTest1000" />
    </UnitTest>
    <UnitTest name="FormatToStringTest1000 (20978.860218282258,20978.86 zł)" storage="c:\projekty\mstestproject\bin\debug\netcoreapp3.1\mstestproject.dll" id="edaaa1a5-7d49-4e25-8b55-545d1259463f">
      <TestCategory>
        <TestCategoryItem TestCategory="Category1000" />
      </TestCategory>
      <Execution id="d7e7953f-7f30-47de-85d9-d47f4f89cb6b" />
      <TestMethod codeBase="C:\Projekty\MSTestProject\bin\Debug\netcoreapp3.1\MSTestProject.dll" adapterTypeName="executor://mstestadapter/v2" className="TwojeWesele.Services.Helpers.Tests.CurrencyHelperTests" name="FormatToStringTest1000" />
    </UnitTest>
    <UnitTest name="FormatToStringTest1000 (35784.54232617307,35784.54 zł)" storage="c:\projekty\mstestproject\bin\debug\netcoreapp3.1\mstestproject.dll" id="38110e66-78a5-4afa-bfc5-98768330eeee">
      <TestCategory>
        <TestCategoryItem TestCategory="Category1000" />
      </TestCategory>
      <Execution id="8b3720d9-a202-4d19-83f0-95a5c4c512ea" />
      <TestMethod codeBase="C:\Projekty\MSTestProject\bin\Debug\netcoreapp3.1\MSTestProject.dll" adapterTypeName="executor://mstestadapter/v2" className="TwojeWesele.Services.Helpers.Tests.CurrencyHelperTests" name="FormatToStringTest1000" />
    </UnitTest>
    <UnitTest name="FormatToStringTest1000 (64568.131500027666,64568.13 zł)" storage="c:\projekty\mstestproject\bin\debug\netcoreapp3.1\mstestproject.dll" id="ab6c9283-d0a2-45fd-bc51-c5a0f5f7bffd">
      <TestCategory>
        <TestCategoryItem TestCategory="Category1000" />
      </TestCategory>
      <Execution id="e6001642-5aac-4e02-bb41-3e82b479d624" />
      <TestMethod codeBase="C:\Projekty\MSTestProject\bin\Debug\netcoreapp3.1\MSTestProject.dll" adapterTypeName="executor://mstestadapter/v2" className="TwojeWesele.Services.Helpers.Tests.CurrencyHelperTests" name="FormatToStringTest1000" />
    </UnitTest>
    <UnitTest name="FormatToStringTest1000 (20552.966022956633,20552.97 zł)" storage="c:\projekty\mstestproject\bin\debug\netcoreapp3.1\mstestproject.dll" id="523fbd46-2f04-471c-917d-79e46e4d4955">
      <TestCategory>
        <TestCategoryItem TestCategory="Category1000" />
      </TestCategory>
      <Execution id="5959036f-b31c-4d03-91e0-dd0e1db577c0" />
      <TestMethod codeBase="C:\Projekty\MSTestProject\bin\Debug\netcoreapp3.1\MSTestProject.dll" adapterTypeName="executor://mstestadapter/v2" className="TwojeWesele.Services.Helpers.Tests.CurrencyHelperTests" name="FormatToStringTest1000" />
    </UnitTest>
    <UnitTest name="FormatToStringTest1000 (7182.939759099362,7182.94 zł)" storage="c:\projekty\mstestproject\bin\debug\netcoreapp3.1\mstestproject.dll" id="53aa378f-2bc4-4a16-bd4f-69c135804487">
      <TestCategory>
        <TestCategoryItem TestCategory="Category1000" />
      </TestCategory>
      <Execution id="5feabbb7-5ee5-4e00-90cb-8535cf4216fc" />
      <TestMethod codeBase="C:\Projekty\MSTestProject\bin\Debug\netcoreapp3.1\MSTestProject.dll" adapterTypeName="executor://mstestadapter/v2" className="TwojeWesele.Services.Helpers.Tests.CurrencyHelperTests" name="FormatToStringTest1000" />
    </UnitTest>
    <UnitTest name="FormatToStringTest1000 (32262.93788198984,32262.94 zł)" storage="c:\projekty\mstestproject\bin\debug\netcoreapp3.1\mstestproject.dll" id="43e55d71-682a-4b8a-a17b-2fdcce1031f6">
      <TestCategory>
        <TestCategoryItem TestCategory="Category1000" />
      </TestCategory>
      <Execution id="fde8ab13-4cad-4b18-aeac-4f79328e0607" />
      <TestMethod codeBase="C:\Projekty\MSTestProject\bin\Debug\netcoreapp3.1\MSTestProject.dll" adapterTypeName="executor://mstestadapter/v2" className="TwojeWesele.Services.Helpers.Tests.CurrencyHelperTests" name="FormatToStringTest1000" />
    </UnitTest>
    <UnitTest name="FormatToStringTest1000 (5855.75080885354,5855.75 zł)" storage="c:\projekty\mstestproject\bin\debug\netcoreapp3.1\mstestproject.dll" id="8d93a01a-73fd-4fb7-a514-38c18a2d4d29">
      <TestCategory>
        <TestCategoryItem TestCategory="Category1000" />
      </TestCategory>
      <Execution id="19e67a7d-a1f8-4412-81b6-c51c12b6fb52" />
      <TestMethod codeBase="C:\Projekty\MSTestProject\bin\Debug\netcoreapp3.1\MSTestProject.dll" adapterTypeName="executor://mstestadapter/v2" className="TwojeWesele.Services.Helpers.Tests.CurrencyHelperTests" name="FormatToStringTest1000" />
    </UnitTest>
    <UnitTest name="FormatToStringTest1000 (45445.182098106096,45445.18 zł)" storage="c:\projekty\mstestproject\bin\debug\netcoreapp3.1\mstestproject.dll" id="42b596e6-6252-4801-b8c6-34267380ad9d">
      <TestCategory>
        <TestCategoryItem TestCategory="Category1000" />
      </TestCategory>
      <Execution id="815c78a2-18d1-4752-9be8-4b56ebe14cf3" />
      <TestMethod codeBase="C:\Projekty\MSTestProject\bin\Debug\netcoreapp3.1\MSTestProject.dll" adapterTypeName="executor://mstestadapter/v2" className="TwojeWesele.Services.Helpers.Tests.CurrencyHelperTests" name="FormatToStringTest1000" />
    </UnitTest>
    <UnitTest name="FormatToStringTest1000 (68174.53068551492,68174.53 zł)" storage="c:\projekty\mstestproject\bin\debug\netcoreapp3.1\mstestproject.dll" id="806a02a1-5d09-4681-953a-512439b861cc">
      <TestCategory>
        <TestCategoryItem TestCategory="Category1000" />
      </TestCategory>
      <Execution id="43dda9fd-37a3-4f95-971e-6bbb5b3d2d9c" />
      <TestMethod codeBase="C:\Projekty\MSTestProject\bin\Debug\netcoreapp3.1\MSTestProject.dll" adapterTypeName="executor://mstestadapter/v2" className="TwojeWesele.Services.Helpers.Tests.CurrencyHelperTests" name="FormatToStringTest1000" />
    </UnitTest>
    <UnitTest name="FormatToStringTest1000 (9190.067404299076,9190.07 zł)" storage="c:\projekty\mstestproject\bin\debug\netcoreapp3.1\mstestproject.dll" id="6442202b-07ca-40eb-9dcc-f6c82f7be7c7">
      <TestCategory>
        <TestCategoryItem TestCategory="Category1000" />
      </TestCategory>
      <Execution id="f65e3032-4501-4eb1-a0c0-92ed658d0025" />
      <TestMethod codeBase="C:\Projekty\MSTestProject\bin\Debug\netcoreapp3.1\MSTestProject.dll" adapterTypeName="executor://mstestadapter/v2" className="TwojeWesele.Services.Helpers.Tests.CurrencyHelperTests" name="FormatToStringTest1000" />
    </UnitTest>
    <UnitTest name="FormatToStringTest1000 (26207.03715363659,26207.04 zł)" storage="c:\projekty\mstestproject\bin\debug\netcoreapp3.1\mstestproject.dll" id="93f69aff-0b00-41e8-a8f3-5bc6d57928e8">
      <TestCategory>
        <TestCategoryItem TestCategory="Category1000" />
      </TestCategory>
      <Execution id="6c6683d2-516b-4fa7-8f8b-fb5f9714d4bf" />
      <TestMethod codeBase="C:\Projekty\MSTestProject\bin\Debug\netcoreapp3.1\MSTestProject.dll" adapterTypeName="executor://mstestadapter/v2" className="TwojeWesele.Services.Helpers.Tests.CurrencyHelperTests" name="FormatToStringTest1000" />
    </UnitTest>
    <UnitTest name="FormatToStringTest1000 (3846.644792262765,3846.64 zł)" storage="c:\projekty\mstestproject\bin\debug\netcoreapp3.1\mstestproject.dll" id="28d135b4-6c5f-4797-800a-606b43849404">
      <TestCategory>
        <TestCategoryItem TestCategory="Category1000" />
      </TestCategory>
      <Execution id="861c9af6-67f7-4cff-8102-489052b3a256" />
      <TestMethod codeBase="C:\Projekty\MSTestProject\bin\Debug\netcoreapp3.1\MSTestProject.dll" adapterTypeName="executor://mstestadapter/v2" className="TwojeWesele.Services.Helpers.Tests.CurrencyHelperTests" name="FormatToStringTest1000" />
    </UnitTest>
    <UnitTest name="FormatToStringTest1000 (64490.52771614982,64490.53 zł)" storage="c:\projekty\mstestproject\bin\debug\netcoreapp3.1\mstestproject.dll" id="67be7ad0-5ead-4579-871c-cde07bc8e6e5">
      <TestCategory>
        <TestCategoryItem TestCategory="Category1000" />
      </TestCategory>
      <Execution id="8517bf11-9611-417e-9995-aa0e49ff455f" />
      <TestMethod codeBase="C:\Projekty\MSTestProject\bin\Debug\netcoreapp3.1\MSTestProject.dll" adapterTypeName="executor://mstestadapter/v2" className="TwojeWesele.Services.Helpers.Tests.CurrencyHelperTests" name="FormatToStringTest1000" />
    </UnitTest>
    <UnitTest name="FormatToStringTest1000 (6213.265206352466,6213.27 zł)" storage="c:\projekty\mstestproject\bin\debug\netcoreapp3.1\mstestproject.dll" id="a1902c9b-9494-4fcf-a5eb-18543172fe5a">
      <TestCategory>
        <TestCategoryItem TestCategory="Category1000" />
      </TestCategory>
      <Execution id="fe30b01e-7ec2-4ef0-8201-2db4787575a6" />
      <TestMethod codeBase="C:\Projekty\MSTestProject\bin\Debug\netcoreapp3.1\MSTestProject.dll" adapterTypeName="executor://mstestadapter/v2" className="TwojeWesele.Services.Helpers.Tests.CurrencyHelperTests" name="FormatToStringTest1000" />
    </UnitTest>
    <UnitTest name="FormatToStringTest1000 (7396.940188290057,7396.94 zł)" storage="c:\projekty\mstestproject\bin\debug\netcoreapp3.1\mstestproject.dll" id="9d4f6337-894c-4e79-90a7-923872f09ec6">
      <TestCategory>
        <TestCategoryItem TestCategory="Category1000" />
      </TestCategory>
      <Execution id="f15b1bcf-8f15-4c06-8b98-ebe9d9346916" />
      <TestMethod codeBase="C:\Projekty\MSTestProject\bin\Debug\netcoreapp3.1\MSTestProject.dll" adapterTypeName="executor://mstestadapter/v2" className="TwojeWesele.Services.Helpers.Tests.CurrencyHelperTests" name="FormatToStringTest1000" />
    </UnitTest>
    <UnitTest name="FormatToStringTest1000 (27893.312729890138,27893.31 zł)" storage="c:\projekty\mstestproject\bin\debug\netcoreapp3.1\mstestproject.dll" id="00408a1e-597d-4c15-b940-735d65043164">
      <TestCategory>
        <TestCategoryItem TestCategory="Category1000" />
      </TestCategory>
      <Execution id="b5ed1331-b2ea-4f2f-8c07-655c2b172ffa" />
      <TestMethod codeBase="C:\Projekty\MSTestProject\bin\Debug\netcoreapp3.1\MSTestProject.dll" adapterTypeName="executor://mstestadapter/v2" className="TwojeWesele.Services.Helpers.Tests.CurrencyHelperTests" name="FormatToStringTest1000" />
    </UnitTest>
    <UnitTest name="FormatToStringTest1000 (38253.101637909705,38253.10 zł)" storage="c:\projekty\mstestproject\bin\debug\netcoreapp3.1\mstestproject.dll" id="6d0fc620-27fd-4769-8254-f430b135f565">
      <TestCategory>
        <TestCategoryItem TestCategory="Category1000" />
      </TestCategory>
      <Execution id="4ec238cc-7026-4439-833c-a73f0dd7833f" />
      <TestMethod codeBase="C:\Projekty\MSTestProject\bin\Debug\netcoreapp3.1\MSTestProject.dll" adapterTypeName="executor://mstestadapter/v2" className="TwojeWesele.Services.Helpers.Tests.CurrencyHelperTests" name="FormatToStringTest1000" />
    </UnitTest>
    <UnitTest name="FormatToStringTest1000 (4121.116360678857,4121.12 zł)" storage="c:\projekty\mstestproject\bin\debug\netcoreapp3.1\mstestproject.dll" id="b4e60e0e-ce77-4b29-8429-e82531ec9168">
      <TestCategory>
        <TestCategoryItem TestCategory="Category1000" />
      </TestCategory>
      <Execution id="34b9766a-4ed3-44f7-ba42-d1f1b38e41f0" />
      <TestMethod codeBase="C:\Projekty\MSTestProject\bin\Debug\netcoreapp3.1\MSTestProject.dll" adapterTypeName="executor://mstestadapter/v2" className="TwojeWesele.Services.Helpers.Tests.CurrencyHelperTests" name="FormatToStringTest1000" />
    </UnitTest>
    <UnitTest name="FormatToStringTest1000 (5247.779940802501,5247.78 zł)" storage="c:\projekty\mstestproject\bin\debug\netcoreapp3.1\mstestproject.dll" id="cb387f3d-d2f8-4721-8ace-e7a60b999c42">
      <TestCategory>
        <TestCategoryItem TestCategory="Category1000" />
      </TestCategory>
      <Execution id="22646934-b458-4ec0-a8b5-84de5f8ad601" />
      <TestMethod codeBase="C:\Projekty\MSTestProject\bin\Debug\netcoreapp3.1\MSTestProject.dll" adapterTypeName="executor://mstestadapter/v2" className="TwojeWesele.Services.Helpers.Tests.CurrencyHelperTests" name="FormatToStringTest1000" />
    </UnitTest>
    <UnitTest name="FormatToStringTest1000 (72905.64834432845,72905.65 zł)" storage="c:\projekty\mstestproject\bin\debug\netcoreapp3.1\mstestproject.dll" id="c9a1ad9b-9940-4fb2-970d-4de0165b2503">
      <TestCategory>
        <TestCategoryItem TestCategory="Category1000" />
      </TestCategory>
      <Execution id="0502d67b-f735-4c68-b748-73e847e5cb40" />
      <TestMethod codeBase="C:\Projekty\MSTestProject\bin\Debug\netcoreapp3.1\MSTestProject.dll" adapterTypeName="executor://mstestadapter/v2" className="TwojeWesele.Services.Helpers.Tests.CurrencyHelperTests" name="FormatToStringTest1000" />
    </UnitTest>
    <UnitTest name="FormatToStringTest1000 (40857.08543233996,40857.09 zł)" storage="c:\projekty\mstestproject\bin\debug\netcoreapp3.1\mstestproject.dll" id="973101ea-d593-41b1-9afb-0eec42860537">
      <TestCategory>
        <TestCategoryItem TestCategory="Category1000" />
      </TestCategory>
      <Execution id="cabb8429-04b1-445e-9c18-9c1b0455cb55" />
      <TestMethod codeBase="C:\Projekty\MSTestProject\bin\Debug\netcoreapp3.1\MSTestProject.dll" adapterTypeName="executor://mstestadapter/v2" className="TwojeWesele.Services.Helpers.Tests.CurrencyHelperTests" name="FormatToStringTest1000" />
    </UnitTest>
    <UnitTest name="FormatToStringTest1000 (12903.541202012237,12903.54 zł)" storage="c:\projekty\mstestproject\bin\debug\netcoreapp3.1\mstestproject.dll" id="805f1621-dac3-425a-8589-d1e1ed6a7822">
      <TestCategory>
        <TestCategoryItem TestCategory="Category1000" />
      </TestCategory>
      <Execution id="c7384f2d-a947-457b-8603-da289512b1cf" />
      <TestMethod codeBase="C:\Projekty\MSTestProject\bin\Debug\netcoreapp3.1\MSTestProject.dll" adapterTypeName="executor://mstestadapter/v2" className="TwojeWesele.Services.Helpers.Tests.CurrencyHelperTests" name="FormatToStringTest1000" />
    </UnitTest>
    <UnitTest name="FormatToStringTest1000 (14063.90676654871,14063.91 zł)" storage="c:\projekty\mstestproject\bin\debug\netcoreapp3.1\mstestproject.dll" id="c3b2188c-a571-40eb-8870-ea91d8f7eeb3">
      <TestCategory>
        <TestCategoryItem TestCategory="Category1000" />
      </TestCategory>
      <Execution id="76336d3d-98a3-41c3-ab38-c7cce69602fe" />
      <TestMethod codeBase="C:\Projekty\MSTestProject\bin\Debug\netcoreapp3.1\MSTestProject.dll" adapterTypeName="executor://mstestadapter/v2" className="TwojeWesele.Services.Helpers.Tests.CurrencyHelperTests" name="FormatToStringTest1000" />
    </UnitTest>
    <UnitTest name="FormatToStringTest1000 (31340.79231238914,31340.79 zł)" storage="c:\projekty\mstestproject\bin\debug\netcoreapp3.1\mstestproject.dll" id="15de9705-f82d-46a0-8bda-431d65915ba7">
      <TestCategory>
        <TestCategoryItem TestCategory="Category1000" />
      </TestCategory>
      <Execution id="b33e5456-6f2a-4cb7-87a4-a35d1e688e8a" />
      <TestMethod codeBase="C:\Projekty\MSTestProject\bin\Debug\netcoreapp3.1\MSTestProject.dll" adapterTypeName="executor://mstestadapter/v2" className="TwojeWesele.Services.Helpers.Tests.CurrencyHelperTests" name="FormatToStringTest1000" />
    </UnitTest>
    <UnitTest name="FormatToStringTest1000 (12283.48626129026,12283.49 zł)" storage="c:\projekty\mstestproject\bin\debug\netcoreapp3.1\mstestproject.dll" id="0ea4fd10-69fa-40f3-8003-aba91c29c7a4">
      <TestCategory>
        <TestCategoryItem TestCategory="Category1000" />
      </TestCategory>
      <Execution id="06684a74-a428-4493-9ecc-844b414d4fc8" />
      <TestMethod codeBase="C:\Projekty\MSTestProject\bin\Debug\netcoreapp3.1\MSTestProject.dll" adapterTypeName="executor://mstestadapter/v2" className="TwojeWesele.Services.Helpers.Tests.CurrencyHelperTests" name="FormatToStringTest1000" />
    </UnitTest>
    <UnitTest name="FormatToStringTest1000 (35714.78133482243,35714.78 zł)" storage="c:\projekty\mstestproject\bin\debug\netcoreapp3.1\mstestproject.dll" id="d30e0b24-419e-428b-a15d-0ebf0ddb16a7">
      <TestCategory>
        <TestCategoryItem TestCategory="Category1000" />
      </TestCategory>
      <Execution id="3bdb4139-7892-4669-9047-c3f5008978f4" />
      <TestMethod codeBase="C:\Projekty\MSTestProject\bin\Debug\netcoreapp3.1\MSTestProject.dll" adapterTypeName="executor://mstestadapter/v2" className="TwojeWesele.Services.Helpers.Tests.CurrencyHelperTests" name="FormatToStringTest1000" />
    </UnitTest>
    <UnitTest name="FormatToStringTest1000 (52481.07276821932,52481.07 zł)" storage="c:\projekty\mstestproject\bin\debug\netcoreapp3.1\mstestproject.dll" id="51f37863-237d-4292-bc59-138f5befe9df">
      <TestCategory>
        <TestCategoryItem TestCategory="Category1000" />
      </TestCategory>
      <Execution id="486bb4b5-e5d3-4d2d-9dc1-43c2688c7975" />
      <TestMethod codeBase="C:\Projekty\MSTestProject\bin\Debug\netcoreapp3.1\MSTestProject.dll" adapterTypeName="executor://mstestadapter/v2" className="TwojeWesele.Services.Helpers.Tests.CurrencyHelperTests" name="FormatToStringTest1000" />
    </UnitTest>
    <UnitTest name="FormatToStringTest1000 (20068.867046961965,20068.87 zł)" storage="c:\projekty\mstestproject\bin\debug\netcoreapp3.1\mstestproject.dll" id="b1c7ccf7-9475-4fec-906c-8cd3a96920fe">
      <TestCategory>
        <TestCategoryItem TestCategory="Category1000" />
      </TestCategory>
      <Execution id="4c10e340-b196-46fb-b0a4-5f233f2a100a" />
      <TestMethod codeBase="C:\Projekty\MSTestProject\bin\Debug\netcoreapp3.1\MSTestProject.dll" adapterTypeName="executor://mstestadapter/v2" className="TwojeWesele.Services.Helpers.Tests.CurrencyHelperTests" name="FormatToStringTest1000" />
    </UnitTest>
    <UnitTest name="FormatToStringTest1000 (8599.45217413616,8599.45 zł)" storage="c:\projekty\mstestproject\bin\debug\netcoreapp3.1\mstestproject.dll" id="a044b7fb-e890-48f6-984c-38b00d1ce427">
      <TestCategory>
        <TestCategoryItem TestCategory="Category1000" />
      </TestCategory>
      <Execution id="22887700-add3-48e7-9066-3b400d9fce20" />
      <TestMethod codeBase="C:\Projekty\MSTestProject\bin\Debug\netcoreapp3.1\MSTestProject.dll" adapterTypeName="executor://mstestadapter/v2" className="TwojeWesele.Services.Helpers.Tests.CurrencyHelperTests" name="FormatToStringTest1000" />
    </UnitTest>
    <UnitTest name="FormatToStringTest1000 (16511.26921423537,16511.27 zł)" storage="c:\projekty\mstestproject\bin\debug\netcoreapp3.1\mstestproject.dll" id="d12b797b-e1fb-451f-aaee-03b283b7c955">
      <TestCategory>
        <TestCategoryItem TestCategory="Category1000" />
      </TestCategory>
      <Execution id="b64eeaf2-1a0c-40d6-934e-0ead9345c009" />
      <TestMethod codeBase="C:\Projekty\MSTestProject\bin\Debug\netcoreapp3.1\MSTestProject.dll" adapterTypeName="executor://mstestadapter/v2" className="TwojeWesele.Services.Helpers.Tests.CurrencyHelperTests" name="FormatToStringTest1000" />
    </UnitTest>
    <UnitTest name="FormatToStringTest1000 (6170.939441211959,6170.94 zł)" storage="c:\projekty\mstestproject\bin\debug\netcoreapp3.1\mstestproject.dll" id="0675484b-6c5e-44ce-ad37-32b922b9160b">
      <TestCategory>
        <TestCategoryItem TestCategory="Category1000" />
      </TestCategory>
      <Execution id="ee51aa8a-7f17-4117-8f0e-60f4c3909242" />
      <TestMethod codeBase="C:\Projekty\MSTestProject\bin\Debug\netcoreapp3.1\MSTestProject.dll" adapterTypeName="executor://mstestadapter/v2" className="TwojeWesele.Services.Helpers.Tests.CurrencyHelperTests" name="FormatToStringTest1000" />
    </UnitTest>
    <UnitTest name="FormatToStringTest1000 (10066.059180456241,10066.06 zł)" storage="c:\projekty\mstestproject\bin\debug\netcoreapp3.1\mstestproject.dll" id="26e5c99c-f25c-4117-9c0d-3bb6dd6b2634">
      <TestCategory>
        <TestCategoryItem TestCategory="Category1000" />
      </TestCategory>
      <Execution id="5ac07b13-c022-4088-b03f-5dd94d380647" />
      <TestMethod codeBase="C:\Projekty\MSTestProject\bin\Debug\netcoreapp3.1\MSTestProject.dll" adapterTypeName="executor://mstestadapter/v2" className="TwojeWesele.Services.Helpers.Tests.CurrencyHelperTests" name="FormatToStringTest1000" />
    </UnitTest>
    <UnitTest name="FormatToStringTest1000 (7370.518277515898,7370.52 zł)" storage="c:\projekty\mstestproject\bin\debug\netcoreapp3.1\mstestproject.dll" id="0978b802-d6aa-4164-82f9-f027ef13cceb">
      <TestCategory>
        <TestCategoryItem TestCategory="Category1000" />
      </TestCategory>
      <Execution id="58090c37-715f-478d-8fb5-3d537b72dace" />
      <TestMethod codeBase="C:\Projekty\MSTestProject\bin\Debug\netcoreapp3.1\MSTestProject.dll" adapterTypeName="executor://mstestadapter/v2" className="TwojeWesele.Services.Helpers.Tests.CurrencyHelperTests" name="FormatToStringTest1000" />
    </UnitTest>
    <UnitTest name="FormatToStringTest1000 (4539.210371735137,4539.21 zł)" storage="c:\projekty\mstestproject\bin\debug\netcoreapp3.1\mstestproject.dll" id="55c52e3e-c004-47e4-98c1-d10fb519f42a">
      <TestCategory>
        <TestCategoryItem TestCategory="Category1000" />
      </TestCategory>
      <Execution id="c2c5a75a-2055-45b8-a4b9-8724324d340d" />
      <TestMethod codeBase="C:\Projekty\MSTestProject\bin\Debug\netcoreapp3.1\MSTestProject.dll" adapterTypeName="executor://mstestadapter/v2" className="TwojeWesele.Services.Helpers.Tests.CurrencyHelperTests" name="FormatToStringTest1000" />
    </UnitTest>
    <UnitTest name="FormatToStringTest1000 (8768.816937361293,8768.82 zł)" storage="c:\projekty\mstestproject\bin\debug\netcoreapp3.1\mstestproject.dll" id="2b0ed292-a27b-4689-84f2-0105b5a4bdb6">
      <TestCategory>
        <TestCategoryItem TestCategory="Category1000" />
      </TestCategory>
      <Execution id="21c52f5e-bbbf-42e6-be2f-02b3d6066b09" />
      <TestMethod codeBase="C:\Projekty\MSTestProject\bin\Debug\netcoreapp3.1\MSTestProject.dll" adapterTypeName="executor://mstestadapter/v2" className="TwojeWesele.Services.Helpers.Tests.CurrencyHelperTests" name="FormatToStringTest1000" />
    </UnitTest>
    <UnitTest name="FormatToStringTest1000 (37114.901517336206,37114.90 zł)" storage="c:\projekty\mstestproject\bin\debug\netcoreapp3.1\mstestproject.dll" id="00ed0c65-9508-4c56-ad5b-bca73072e66c">
      <TestCategory>
        <TestCategoryItem TestCategory="Category1000" />
      </TestCategory>
      <Execution id="b51fe19e-88de-469f-9ef8-c3f326ad8c21" />
      <TestMethod codeBase="C:\Projekty\MSTestProject\bin\Debug\netcoreapp3.1\MSTestProject.dll" adapterTypeName="executor://mstestadapter/v2" className="TwojeWesele.Services.Helpers.Tests.CurrencyHelperTests" name="FormatToStringTest1000" />
    </UnitTest>
    <UnitTest name="FormatToStringTest1000 (4411.456718280659,4411.46 zł)" storage="c:\projekty\mstestproject\bin\debug\netcoreapp3.1\mstestproject.dll" id="9aaa6936-8076-4a22-a414-7c9b7623375c">
      <TestCategory>
        <TestCategoryItem TestCategory="Category1000" />
      </TestCategory>
      <Execution id="85b99e01-053c-4fd6-8fad-e3a2255d0a4d" />
      <TestMethod codeBase="C:\Projekty\MSTestProject\bin\Debug\netcoreapp3.1\MSTestProject.dll" adapterTypeName="executor://mstestadapter/v2" className="TwojeWesele.Services.Helpers.Tests.CurrencyHelperTests" name="FormatToStringTest1000" />
    </UnitTest>
    <UnitTest name="FormatToStringTest1000 (8542.520616738833,8542.52 zł)" storage="c:\projekty\mstestproject\bin\debug\netcoreapp3.1\mstestproject.dll" id="f2c6522a-9085-4e82-8140-2ba31b6a691d">
      <TestCategory>
        <TestCategoryItem TestCategory="Category1000" />
      </TestCategory>
      <Execution id="e7ca2034-08b9-4aa3-8a50-6ed583fb0915" />
      <TestMethod codeBase="C:\Projekty\MSTestProject\bin\Debug\netcoreapp3.1\MSTestProject.dll" adapterTypeName="executor://mstestadapter/v2" className="TwojeWesele.Services.Helpers.Tests.CurrencyHelperTests" name="FormatToStringTest1000" />
    </UnitTest>
    <UnitTest name="FormatToStringTest1000 (19363.881840787773,19363.88 zł)" storage="c:\projekty\mstestproject\bin\debug\netcoreapp3.1\mstestproject.dll" id="5818b8e4-14b7-42d3-aaec-e2d9bffb286a">
      <TestCategory>
        <TestCategoryItem TestCategory="Category1000" />
      </TestCategory>
      <Execution id="81b18aa2-769d-44fb-a1cc-b5778a42ecbd" />
      <TestMethod codeBase="C:\Projekty\MSTestProject\bin\Debug\netcoreapp3.1\MSTestProject.dll" adapterTypeName="executor://mstestadapter/v2" className="TwojeWesele.Services.Helpers.Tests.CurrencyHelperTests" name="FormatToStringTest1000" />
    </UnitTest>
    <UnitTest name="FormatToStringTest1000 (4116.417580192638,4116.42 zł)" storage="c:\projekty\mstestproject\bin\debug\netcoreapp3.1\mstestproject.dll" id="0692624a-a7cb-444c-9071-2b7c91133362">
      <TestCategory>
        <TestCategoryItem TestCategory="Category1000" />
      </TestCategory>
      <Execution id="5085fe8d-b1fe-4708-9aa4-76189bef8eae" />
      <TestMethod codeBase="C:\Projekty\MSTestProject\bin\Debug\netcoreapp3.1\MSTestProject.dll" adapterTypeName="executor://mstestadapter/v2" className="TwojeWesele.Services.Helpers.Tests.CurrencyHelperTests" name="FormatToStringTest1000" />
    </UnitTest>
    <UnitTest name="FormatToStringTest1000 (28306.369434126827,28306.37 zł)" storage="c:\projekty\mstestproject\bin\debug\netcoreapp3.1\mstestproject.dll" id="e1d29662-b305-407f-8b35-02f7265ab511">
      <TestCategory>
        <TestCategoryItem TestCategory="Category1000" />
      </TestCategory>
      <Execution id="f5e221cd-2b40-46ca-94a0-c046496b28c6" />
      <TestMethod codeBase="C:\Projekty\MSTestProject\bin\Debug\netcoreapp3.1\MSTestProject.dll" adapterTypeName="executor://mstestadapter/v2" className="TwojeWesele.Services.Helpers.Tests.CurrencyHelperTests" name="FormatToStringTest1000" />
    </UnitTest>
    <UnitTest name="FormatToStringTest1000 (58848.60825001477,58848.61 zł)" storage="c:\projekty\mstestproject\bin\debug\netcoreapp3.1\mstestproject.dll" id="7582f1ae-88d5-49db-8482-07a607f12673">
      <TestCategory>
        <TestCategoryItem TestCategory="Category1000" />
      </TestCategory>
      <Execution id="e14a8619-6de0-4006-8c5e-611570662cd4" />
      <TestMethod codeBase="C:\Projekty\MSTestProject\bin\Debug\netcoreapp3.1\MSTestProject.dll" adapterTypeName="executor://mstestadapter/v2" className="TwojeWesele.Services.Helpers.Tests.CurrencyHelperTests" name="FormatToStringTest1000" />
    </UnitTest>
    <UnitTest name="FormatToStringTest1000 (75514.58914517732,75514.59 zł)" storage="c:\projekty\mstestproject\bin\debug\netcoreapp3.1\mstestproject.dll" id="260ba34c-5367-44da-a5f0-9fe80827bdff">
      <TestCategory>
        <TestCategoryItem TestCategory="Category1000" />
      </TestCategory>
      <Execution id="8176d736-67a6-4737-8426-608b55d69ab5" />
      <TestMethod codeBase="C:\Projekty\MSTestProject\bin\Debug\netcoreapp3.1\MSTestProject.dll" adapterTypeName="executor://mstestadapter/v2" className="TwojeWesele.Services.Helpers.Tests.CurrencyHelperTests" name="FormatToStringTest1000" />
    </UnitTest>
    <UnitTest name="FormatToStringTest1000 (93775.33090185716,93775.33 zł)" storage="c:\projekty\mstestproject\bin\debug\netcoreapp3.1\mstestproject.dll" id="16ec7a8f-cf15-47c6-aeff-66a22fa73808">
      <TestCategory>
        <TestCategoryItem TestCategory="Category1000" />
      </TestCategory>
      <Execution id="a7d3e941-0e26-4d32-b46f-9c51f321c77f" />
      <TestMethod codeBase="C:\Projekty\MSTestProject\bin\Debug\netcoreapp3.1\MSTestProject.dll" adapterTypeName="executor://mstestadapter/v2" className="TwojeWesele.Services.Helpers.Tests.CurrencyHelperTests" name="FormatToStringTest1000" />
    </UnitTest>
    <UnitTest name="FormatToStringTest1000 (5810.695934967462,5810.70 zł)" storage="c:\projekty\mstestproject\bin\debug\netcoreapp3.1\mstestproject.dll" id="45a4c9e8-45b5-4693-83c5-9316df30d62b">
      <TestCategory>
        <TestCategoryItem TestCategory="Category1000" />
      </TestCategory>
      <Execution id="ddad09bc-7fa0-45ce-8535-ebe1d6605447" />
      <TestMethod codeBase="C:\Projekty\MSTestProject\bin\Debug\netcoreapp3.1\MSTestProject.dll" adapterTypeName="executor://mstestadapter/v2" className="TwojeWesele.Services.Helpers.Tests.CurrencyHelperTests" name="FormatToStringTest1000" />
    </UnitTest>
    <UnitTest name="FormatToStringTest1000 (30626.373939456127,30626.37 zł)" storage="c:\projekty\mstestproject\bin\debug\netcoreapp3.1\mstestproject.dll" id="c15c23d9-e81c-446c-a725-6633c482b2fa">
      <TestCategory>
        <TestCategoryItem TestCategory="Category1000" />
      </TestCategory>
      <Execution id="1f3fcc9b-a288-4207-a311-00c8d50e4f60" />
      <TestMethod codeBase="C:\Projekty\MSTestProject\bin\Debug\netcoreapp3.1\MSTestProject.dll" adapterTypeName="executor://mstestadapter/v2" className="TwojeWesele.Services.Helpers.Tests.CurrencyHelperTests" name="FormatToStringTest1000" />
    </UnitTest>
    <UnitTest name="FormatToStringTest1000 (8242.419043611,8242.42 zł)" storage="c:\projekty\mstestproject\bin\debug\netcoreapp3.1\mstestproject.dll" id="5d2607ac-5f5a-4484-bd27-9707805a1bd2">
      <TestCategory>
        <TestCategoryItem TestCategory="Category1000" />
      </TestCategory>
      <Execution id="0a268151-5cda-406a-bee6-18a1f30d2e6a" />
      <TestMethod codeBase="C:\Projekty\MSTestProject\bin\Debug\netcoreapp3.1\MSTestProject.dll" adapterTypeName="executor://mstestadapter/v2" className="TwojeWesele.Services.Helpers.Tests.CurrencyHelperTests" name="FormatToStringTest1000" />
    </UnitTest>
    <UnitTest name="FormatToStringTest1000 (14218.204344010543,14218.20 zł)" storage="c:\projekty\mstestproject\bin\debug\netcoreapp3.1\mstestproject.dll" id="41e46ef9-5617-471a-a81d-ea7dfdf6c9ba">
      <TestCategory>
        <TestCategoryItem TestCategory="Category1000" />
      </TestCategory>
      <Execution id="695325a0-9af5-4c10-a297-975c14bf1743" />
      <TestMethod codeBase="C:\Projekty\MSTestProject\bin\Debug\netcoreapp3.1\MSTestProject.dll" adapterTypeName="executor://mstestadapter/v2" className="TwojeWesele.Services.Helpers.Tests.CurrencyHelperTests" name="FormatToStringTest1000" />
    </UnitTest>
    <UnitTest name="FormatToStringTest1000 (16673.5121774904,16673.51 zł)" storage="c:\projekty\mstestproject\bin\debug\netcoreapp3.1\mstestproject.dll" id="3b761a2f-1570-4e37-ab03-5b41d4a085ca">
      <TestCategory>
        <TestCategoryItem TestCategory="Category1000" />
      </TestCategory>
      <Execution id="eae69849-4cd1-4cb3-8fe0-f0e564c8402c" />
      <TestMethod codeBase="C:\Projekty\MSTestProject\bin\Debug\netcoreapp3.1\MSTestProject.dll" adapterTypeName="executor://mstestadapter/v2" className="TwojeWesele.Services.Helpers.Tests.CurrencyHelperTests" name="FormatToStringTest1000" />
    </UnitTest>
    <UnitTest name="FormatToStringTest1000 (19189.32381924117,19189.32 zł)" storage="c:\projekty\mstestproject\bin\debug\netcoreapp3.1\mstestproject.dll" id="46ecc98b-94ae-4330-a17a-cd6e42c075c7">
      <TestCategory>
        <TestCategoryItem TestCategory="Category1000" />
      </TestCategory>
      <Execution id="7aa77465-74b0-4ede-bff4-1e488d7b74b9" />
      <TestMethod codeBase="C:\Projekty\MSTestProject\bin\Debug\netcoreapp3.1\MSTestProject.dll" adapterTypeName="executor://mstestadapter/v2" className="TwojeWesele.Services.Helpers.Tests.CurrencyHelperTests" name="FormatToStringTest1000" />
    </UnitTest>
    <UnitTest name="FormatToStringTest1000 (43727.735558145556,43727.74 zł)" storage="c:\projekty\mstestproject\bin\debug\netcoreapp3.1\mstestproject.dll" id="2cd5df0f-4336-4d28-a59a-729d83cd4b47">
      <TestCategory>
        <TestCategoryItem TestCategory="Category1000" />
      </TestCategory>
      <Execution id="19d5867a-b47a-487e-89c8-2e2ebcdedb96" />
      <TestMethod codeBase="C:\Projekty\MSTestProject\bin\Debug\netcoreapp3.1\MSTestProject.dll" adapterTypeName="executor://mstestadapter/v2" className="TwojeWesele.Services.Helpers.Tests.CurrencyHelperTests" name="FormatToStringTest1000" />
    </UnitTest>
    <UnitTest name="FormatToStringTest1000 (19783.413847500186,19783.41 zł)" storage="c:\projekty\mstestproject\bin\debug\netcoreapp3.1\mstestproject.dll" id="9571123e-e969-498a-80a8-4f95a8a14264">
      <TestCategory>
        <TestCategoryItem TestCategory="Category1000" />
      </TestCategory>
      <Execution id="aa9495fc-30ff-4f82-8c60-049a05dceb8c" />
      <TestMethod codeBase="C:\Projekty\MSTestProject\bin\Debug\netcoreapp3.1\MSTestProject.dll" adapterTypeName="executor://mstestadapter/v2" className="TwojeWesele.Services.Helpers.Tests.CurrencyHelperTests" name="FormatToStringTest1000" />
    </UnitTest>
    <UnitTest name="FormatToStringTest1000 (57671.67669738675,57671.68 zł)" storage="c:\projekty\mstestproject\bin\debug\netcoreapp3.1\mstestproject.dll" id="97f1abf9-1e0f-435e-aab8-b3828e2e7cf4">
      <TestCategory>
        <TestCategoryItem TestCategory="Category1000" />
      </TestCategory>
      <Execution id="3b3a1e91-fc54-434a-9fa8-135fdf7410e9" />
      <TestMethod codeBase="C:\Projekty\MSTestProject\bin\Debug\netcoreapp3.1\MSTestProject.dll" adapterTypeName="executor://mstestadapter/v2" className="TwojeWesele.Services.Helpers.Tests.CurrencyHelperTests" name="FormatToStringTest1000" />
    </UnitTest>
    <UnitTest name="FormatToStringTest1000 (19397.344749736294,19397.34 zł)" storage="c:\projekty\mstestproject\bin\debug\netcoreapp3.1\mstestproject.dll" id="6ec8186c-49a5-457b-9970-b3de68ec7c0d">
      <TestCategory>
        <TestCategoryItem TestCategory="Category1000" />
      </TestCategory>
      <Execution id="76ac2d2c-a79f-4b7c-ad12-75e7a32d49e7" />
      <TestMethod codeBase="C:\Projekty\MSTestProject\bin\Debug\netcoreapp3.1\MSTestProject.dll" adapterTypeName="executor://mstestadapter/v2" className="TwojeWesele.Services.Helpers.Tests.CurrencyHelperTests" name="FormatToStringTest1000" />
    </UnitTest>
    <UnitTest name="FormatToStringTest1000 (88616.03808168416,88616.04 zł)" storage="c:\projekty\mstestproject\bin\debug\netcoreapp3.1\mstestproject.dll" id="92799351-9560-4b07-874c-84aad424f80d">
      <TestCategory>
        <TestCategoryItem TestCategory="Category1000" />
      </TestCategory>
      <Execution id="fb2ccca2-92fd-4548-855e-bc5b91855433" />
      <TestMethod codeBase="C:\Projekty\MSTestProject\bin\Debug\netcoreapp3.1\MSTestProject.dll" adapterTypeName="executor://mstestadapter/v2" className="TwojeWesele.Services.Helpers.Tests.CurrencyHelperTests" name="FormatToStringTest1000" />
    </UnitTest>
    <UnitTest name="FormatToStringTest1000 (22248.263319677797,22248.26 zł)" storage="c:\projekty\mstestproject\bin\debug\netcoreapp3.1\mstestproject.dll" id="c07e4a25-f3e8-42ad-9e40-a12aa53015c8">
      <TestCategory>
        <TestCategoryItem TestCategory="Category1000" />
      </TestCategory>
      <Execution id="8d0fac18-a990-4bd3-a0a5-39c811c011ec" />
      <TestMethod codeBase="C:\Projekty\MSTestProject\bin\Debug\netcoreapp3.1\MSTestProject.dll" adapterTypeName="executor://mstestadapter/v2" className="TwojeWesele.Services.Helpers.Tests.CurrencyHelperTests" name="FormatToStringTest1000" />
    </UnitTest>
    <UnitTest name="FormatToStringTest1000 (95353.10327693219,95353.10 zł)" storage="c:\projekty\mstestproject\bin\debug\netcoreapp3.1\mstestproject.dll" id="f2ee5a57-ef1a-4c07-a2f8-7d08410281e3">
      <TestCategory>
        <TestCategoryItem TestCategory="Category1000" />
      </TestCategory>
      <Execution id="10d3ce5a-7ee9-40bd-be4e-e6b4f9615f53" />
      <TestMethod codeBase="C:\Projekty\MSTestProject\bin\Debug\netcoreapp3.1\MSTestProject.dll" adapterTypeName="executor://mstestadapter/v2" className="TwojeWesele.Services.Helpers.Tests.CurrencyHelperTests" name="FormatToStringTest1000" />
    </UnitTest>
    <UnitTest name="FormatToStringTest1000 (2897.9775426620513,2897.98 zł)" storage="c:\projekty\mstestproject\bin\debug\netcoreapp3.1\mstestproject.dll" id="6a901a3a-316c-430e-aefc-4b345615536f">
      <TestCategory>
        <TestCategoryItem TestCategory="Category1000" />
      </TestCategory>
      <Execution id="2ef5bb73-d15a-4d1f-a554-4e48b2f3ab48" />
      <TestMethod codeBase="C:\Projekty\MSTestProject\bin\Debug\netcoreapp3.1\MSTestProject.dll" adapterTypeName="executor://mstestadapter/v2" className="TwojeWesele.Services.Helpers.Tests.CurrencyHelperTests" name="FormatToStringTest1000" />
    </UnitTest>
    <UnitTest name="FormatToStringTest1000 (22494.46807976834,22494.47 zł)" storage="c:\projekty\mstestproject\bin\debug\netcoreapp3.1\mstestproject.dll" id="dc77aeb4-8467-4852-a163-f21958232ca8">
      <TestCategory>
        <TestCategoryItem TestCategory="Category1000" />
      </TestCategory>
      <Execution id="bfb930c3-2435-4698-8e42-09da63170496" />
      <TestMethod codeBase="C:\Projekty\MSTestProject\bin\Debug\netcoreapp3.1\MSTestProject.dll" adapterTypeName="executor://mstestadapter/v2" className="TwojeWesele.Services.Helpers.Tests.CurrencyHelperTests" name="FormatToStringTest1000" />
    </UnitTest>
    <UnitTest name="FormatToStringTest1000 (486.15309567942893,486.15 zł)" storage="c:\projekty\mstestproject\bin\debug\netcoreapp3.1\mstestproject.dll" id="753c0852-5fa9-41d9-b239-061c5e96b0dd">
      <TestCategory>
        <TestCategoryItem TestCategory="Category1000" />
      </TestCategory>
      <Execution id="d2185181-f856-495c-82d3-d97734c4c5dc" />
      <TestMethod codeBase="C:\Projekty\MSTestProject\bin\Debug\netcoreapp3.1\MSTestProject.dll" adapterTypeName="executor://mstestadapter/v2" className="TwojeWesele.Services.Helpers.Tests.CurrencyHelperTests" name="FormatToStringTest1000" />
    </UnitTest>
    <UnitTest name="FormatToStringTest1000 (30199.386730006612,30199.39 zł)" storage="c:\projekty\mstestproject\bin\debug\netcoreapp3.1\mstestproject.dll" id="92e25258-a8cd-47ab-bd0b-b1963e8a5fa2">
      <TestCategory>
        <TestCategoryItem TestCategory="Category1000" />
      </TestCategory>
      <Execution id="819ea62d-0df8-48d4-b04f-896ffcfe6a62" />
      <TestMethod codeBase="C:\Projekty\MSTestProject\bin\Debug\netcoreapp3.1\MSTestProject.dll" adapterTypeName="executor://mstestadapter/v2" className="TwojeWesele.Services.Helpers.Tests.CurrencyHelperTests" name="FormatToStringTest1000" />
    </UnitTest>
    <UnitTest name="FormatToStringTest1000 (134.1514758393874,134.15 zł)" storage="c:\projekty\mstestproject\bin\debug\netcoreapp3.1\mstestproject.dll" id="19fcdcc7-d8f3-4ba3-b6cd-e89c372c6ed8">
      <TestCategory>
        <TestCategoryItem TestCategory="Category1000" />
      </TestCategory>
      <Execution id="492b6aaa-2261-44ee-b650-db3dbe8c96ab" />
      <TestMethod codeBase="C:\Projekty\MSTestProject\bin\Debug\netcoreapp3.1\MSTestProject.dll" adapterTypeName="executor://mstestadapter/v2" className="TwojeWesele.Services.Helpers.Tests.CurrencyHelperTests" name="FormatToStringTest1000" />
    </UnitTest>
    <UnitTest name="FormatToStringTest1000 (13508.811787825922,13508.81 zł)" storage="c:\projekty\mstestproject\bin\debug\netcoreapp3.1\mstestproject.dll" id="093fe355-2f30-4d6c-aab6-031d25832d09">
      <TestCategory>
        <TestCategoryItem TestCategory="Category1000" />
      </TestCategory>
      <Execution id="e6676874-5f68-491a-a8b3-21e0d354d2d1" />
      <TestMethod codeBase="C:\Projekty\MSTestProject\bin\Debug\netcoreapp3.1\MSTestProject.dll" adapterTypeName="executor://mstestadapter/v2" className="TwojeWesele.Services.Helpers.Tests.CurrencyHelperTests" name="FormatToStringTest1000" />
    </UnitTest>
    <UnitTest name="FormatToStringTest1000 (1896.1704506483723,1896.17 zł)" storage="c:\projekty\mstestproject\bin\debug\netcoreapp3.1\mstestproject.dll" id="4306ba5e-7c97-446b-8da8-b8fb67220b1c">
      <TestCategory>
        <TestCategoryItem TestCategory="Category1000" />
      </TestCategory>
      <Execution id="7b329b6d-89c5-4e9e-93bf-c59cbcc60b01" />
      <TestMethod codeBase="C:\Projekty\MSTestProject\bin\Debug\netcoreapp3.1\MSTestProject.dll" adapterTypeName="executor://mstestadapter/v2" className="TwojeWesele.Services.Helpers.Tests.CurrencyHelperTests" name="FormatToStringTest1000" />
    </UnitTest>
    <UnitTest name="FormatToStringTest1000 (6466.872242818062,6466.87 zł)" storage="c:\projekty\mstestproject\bin\debug\netcoreapp3.1\mstestproject.dll" id="ceeb65d5-36a0-4abc-8175-3e7c5ed5d1ac">
      <TestCategory>
        <TestCategoryItem TestCategory="Category1000" />
      </TestCategory>
      <Execution id="d04f0136-dd3d-43a7-b442-bdf0d3908dbf" />
      <TestMethod codeBase="C:\Projekty\MSTestProject\bin\Debug\netcoreapp3.1\MSTestProject.dll" adapterTypeName="executor://mstestadapter/v2" className="TwojeWesele.Services.Helpers.Tests.CurrencyHelperTests" name="FormatToStringTest1000" />
    </UnitTest>
    <UnitTest name="FormatToStringTest1000 (20482.32969107308,20482.33 zł)" storage="c:\projekty\mstestproject\bin\debug\netcoreapp3.1\mstestproject.dll" id="977aa22c-db06-4c89-99af-b848ab3cf18f">
      <TestCategory>
        <TestCategoryItem TestCategory="Category1000" />
      </TestCategory>
      <Execution id="f8c57cd5-eff1-4e31-97f2-ebe1f78db11a" />
      <TestMethod codeBase="C:\Projekty\MSTestProject\bin\Debug\netcoreapp3.1\MSTestProject.dll" adapterTypeName="executor://mstestadapter/v2" className="TwojeWesele.Services.Helpers.Tests.CurrencyHelperTests" name="FormatToStringTest1000" />
    </UnitTest>
    <UnitTest name="FormatToStringTest1000 (31163.834562352316,31163.83 zł)" storage="c:\projekty\mstestproject\bin\debug\netcoreapp3.1\mstestproject.dll" id="7a5acc75-3069-4479-92fd-2cc18d5f187b">
      <TestCategory>
        <TestCategoryItem TestCategory="Category1000" />
      </TestCategory>
      <Execution id="2e4e58f9-c376-427d-9588-cf87c9b65aa7" />
      <TestMethod codeBase="C:\Projekty\MSTestProject\bin\Debug\netcoreapp3.1\MSTestProject.dll" adapterTypeName="executor://mstestadapter/v2" className="TwojeWesele.Services.Helpers.Tests.CurrencyHelperTests" name="FormatToStringTest1000" />
    </UnitTest>
    <UnitTest name="FormatToStringTest1000 (181.3640542483721,181.36 zł)" storage="c:\projekty\mstestproject\bin\debug\netcoreapp3.1\mstestproject.dll" id="c630d99c-4b4f-4dba-8dad-3b75688fcc48">
      <TestCategory>
        <TestCategoryItem TestCategory="Category1000" />
      </TestCategory>
      <Execution id="24d36112-9e95-41e0-885a-8a881ae72a95" />
      <TestMethod codeBase="C:\Projekty\MSTestProject\bin\Debug\netcoreapp3.1\MSTestProject.dll" adapterTypeName="executor://mstestadapter/v2" className="TwojeWesele.Services.Helpers.Tests.CurrencyHelperTests" name="FormatToStringTest1000" />
    </UnitTest>
    <UnitTest name="FormatToStringTest1000 (19603.69286519321,19603.69 zł)" storage="c:\projekty\mstestproject\bin\debug\netcoreapp3.1\mstestproject.dll" id="15aab59b-a3ef-4606-930a-b24e0d90fb4f">
      <TestCategory>
        <TestCategoryItem TestCategory="Category1000" />
      </TestCategory>
      <Execution id="40f1b8f3-78d9-41ba-93e8-49e82e19b6ed" />
      <TestMethod codeBase="C:\Projekty\MSTestProject\bin\Debug\netcoreapp3.1\MSTestProject.dll" adapterTypeName="executor://mstestadapter/v2" className="TwojeWesele.Services.Helpers.Tests.CurrencyHelperTests" name="FormatToStringTest1000" />
    </UnitTest>
    <UnitTest name="FormatToStringTest1000 (39178.05988345298,39178.06 zł)" storage="c:\projekty\mstestproject\bin\debug\netcoreapp3.1\mstestproject.dll" id="68d053db-5b45-4160-9b59-f775b6401047">
      <TestCategory>
        <TestCategoryItem TestCategory="Category1000" />
      </TestCategory>
      <Execution id="6ae51a1c-74cb-4662-b941-7871b1fa8339" />
      <TestMethod codeBase="C:\Projekty\MSTestProject\bin\Debug\netcoreapp3.1\MSTestProject.dll" adapterTypeName="executor://mstestadapter/v2" className="TwojeWesele.Services.Helpers.Tests.CurrencyHelperTests" name="FormatToStringTest1000" />
    </UnitTest>
    <UnitTest name="FormatToStringTest1000 (43858.624379632354,43858.62 zł)" storage="c:\projekty\mstestproject\bin\debug\netcoreapp3.1\mstestproject.dll" id="e46b7842-ecde-4daa-86a3-de331b95467a">
      <TestCategory>
        <TestCategoryItem TestCategory="Category1000" />
      </TestCategory>
      <Execution id="43fd657d-06cd-484d-8830-fb1319a4f706" />
      <TestMethod codeBase="C:\Projekty\MSTestProject\bin\Debug\netcoreapp3.1\MSTestProject.dll" adapterTypeName="executor://mstestadapter/v2" className="TwojeWesele.Services.Helpers.Tests.CurrencyHelperTests" name="FormatToStringTest1000" />
    </UnitTest>
    <UnitTest name="FormatToStringTest1000 (782.6578288817116,782.66 zł)" storage="c:\projekty\mstestproject\bin\debug\netcoreapp3.1\mstestproject.dll" id="c39692d6-2f71-4428-90f4-85edda0f4d59">
      <TestCategory>
        <TestCategoryItem TestCategory="Category1000" />
      </TestCategory>
      <Execution id="27a0623c-e945-46c8-8f5d-51ffc2b92ed3" />
      <TestMethod codeBase="C:\Projekty\MSTestProject\bin\Debug\netcoreapp3.1\MSTestProject.dll" adapterTypeName="executor://mstestadapter/v2" className="TwojeWesele.Services.Helpers.Tests.CurrencyHelperTests" name="FormatToStringTest1000" />
    </UnitTest>
    <UnitTest name="FormatToStringTest1000 (19435.417227184127,19435.42 zł)" storage="c:\projekty\mstestproject\bin\debug\netcoreapp3.1\mstestproject.dll" id="70c8f129-3d23-4dbd-8101-df1bc45e4a53">
      <TestCategory>
        <TestCategoryItem TestCategory="Category1000" />
      </TestCategory>
      <Execution id="b06ca76d-7e03-4b86-9e99-b2f4fb065822" />
      <TestMethod codeBase="C:\Projekty\MSTestProject\bin\Debug\netcoreapp3.1\MSTestProject.dll" adapterTypeName="executor://mstestadapter/v2" className="TwojeWesele.Services.Helpers.Tests.CurrencyHelperTests" name="FormatToStringTest1000" />
    </UnitTest>
    <UnitTest name="FormatToStringTest1000 (5759.256266560991,5759.26 zł)" storage="c:\projekty\mstestproject\bin\debug\netcoreapp3.1\mstestproject.dll" id="eeae89dd-6764-47f6-aebf-2f9acdf5faa5">
      <TestCategory>
        <TestCategoryItem TestCategory="Category1000" />
      </TestCategory>
      <Execution id="b09afe37-2662-4942-b9bf-ceb46b4a7a9e" />
      <TestMethod codeBase="C:\Projekty\MSTestProject\bin\Debug\netcoreapp3.1\MSTestProject.dll" adapterTypeName="executor://mstestadapter/v2" className="TwojeWesele.Services.Helpers.Tests.CurrencyHelperTests" name="FormatToStringTest1000" />
    </UnitTest>
    <UnitTest name="FormatToStringTest1000 (13582.47117894258,13582.47 zł)" storage="c:\projekty\mstestproject\bin\debug\netcoreapp3.1\mstestproject.dll" id="50644052-484c-4715-b339-ee4844e070b2">
      <TestCategory>
        <TestCategoryItem TestCategory="Category1000" />
      </TestCategory>
      <Execution id="814aa5e5-10fa-4f42-a0e0-64717e03ab0c" />
      <TestMethod codeBase="C:\Projekty\MSTestProject\bin\Debug\netcoreapp3.1\MSTestProject.dll" adapterTypeName="executor://mstestadapter/v2" className="TwojeWesele.Services.Helpers.Tests.CurrencyHelperTests" name="FormatToStringTest1000" />
    </UnitTest>
    <UnitTest name="FormatToStringTest1000 (38402.8293406753,38402.83 zł)" storage="c:\projekty\mstestproject\bin\debug\netcoreapp3.1\mstestproject.dll" id="2ad673c5-df88-4b8d-9d73-239688176385">
      <TestCategory>
        <TestCategoryItem TestCategory="Category1000" />
      </TestCategory>
      <Execution id="65cee43a-690c-4597-9449-b3ae4c55b6ea" />
      <TestMethod codeBase="C:\Projekty\MSTestProject\bin\Debug\netcoreapp3.1\MSTestProject.dll" adapterTypeName="executor://mstestadapter/v2" className="TwojeWesele.Services.Helpers.Tests.CurrencyHelperTests" name="FormatToStringTest1000" />
    </UnitTest>
    <UnitTest name="FormatToStringTest1000 (75214.75000876503,75214.75 zł)" storage="c:\projekty\mstestproject\bin\debug\netcoreapp3.1\mstestproject.dll" id="b7373646-12d7-4ffb-8dac-03574c8f6062">
      <TestCategory>
        <TestCategoryItem TestCategory="Category1000" />
      </TestCategory>
      <Execution id="d6c774f1-a4f2-472b-9d61-1d2c60aed4ac" />
      <TestMethod codeBase="C:\Projekty\MSTestProject\bin\Debug\netcoreapp3.1\MSTestProject.dll" adapterTypeName="executor://mstestadapter/v2" className="TwojeWesele.Services.Helpers.Tests.CurrencyHelperTests" name="FormatToStringTest1000" />
    </UnitTest>
    <UnitTest name="FormatToStringTest1000 (1011.9989482094529,1012.00 zł)" storage="c:\projekty\mstestproject\bin\debug\netcoreapp3.1\mstestproject.dll" id="acc1836d-11df-4881-8e70-ad85a8affa57">
      <TestCategory>
        <TestCategoryItem TestCategory="Category1000" />
      </TestCategory>
      <Execution id="0499d052-5e37-4d90-a6b7-c9d99a4d84d6" />
      <TestMethod codeBase="C:\Projekty\MSTestProject\bin\Debug\netcoreapp3.1\MSTestProject.dll" adapterTypeName="executor://mstestadapter/v2" className="TwojeWesele.Services.Helpers.Tests.CurrencyHelperTests" name="FormatToStringTest1000" />
    </UnitTest>
  </TestDefinitions>
  <TestEntries>
    <TestEntry testId="19fcdcc7-d8f3-4ba3-b6cd-e89c372c6ed8" executionId="492b6aaa-2261-44ee-b650-db3dbe8c96ab" testListId="8c84fa94-04c1-424b-9868-57a2d4851a1d" />
    <TestEntry testId="124df2bb-eeec-47fd-a4fd-d30a6f29106c" executionId="61ccfcf6-dad8-475d-91ae-87fb33455d07" testListId="8c84fa94-04c1-424b-9868-57a2d4851a1d" />
    <TestEntry testId="c61f820d-60e9-49dd-96ad-05c4c75487ba" executionId="99e47c12-e843-4c0e-b597-97effb15fc44" testListId="8c84fa94-04c1-424b-9868-57a2d4851a1d" />
    <TestEntry testId="e2698727-f5fb-4cce-8ca8-ccab73f984bd" executionId="b40a04aa-f0c2-4925-9b16-215d0c6c1bd7" testListId="8c84fa94-04c1-424b-9868-57a2d4851a1d" />
    <TestEntry testId="eccbe4dd-ae56-4e22-819b-fd0b2117f4b5" executionId="3874a0c3-f3b5-47b3-8844-a60508c50171" testListId="8c84fa94-04c1-424b-9868-57a2d4851a1d" />
    <TestEntry testId="5818b8e4-14b7-42d3-aaec-e2d9bffb286a" executionId="81b18aa2-769d-44fb-a1cc-b5778a42ecbd" testListId="8c84fa94-04c1-424b-9868-57a2d4851a1d" />
    <TestEntry testId="22e3f31e-9331-4034-b370-e51c1408fc9c" executionId="4cbd8b97-09e7-4fd5-92a4-b0f1a68ab904" testListId="8c84fa94-04c1-424b-9868-57a2d4851a1d" />
    <TestEntry testId="1b7f119b-31f5-4ca0-9a18-1299e654d549" executionId="7ab3b5c3-8965-45b4-a680-97fdd99822fc" testListId="8c84fa94-04c1-424b-9868-57a2d4851a1d" />
    <TestEntry testId="c9966991-6c0e-4a34-8eb4-9281fa9acf00" executionId="46496302-32c2-44c2-b1ba-46144f9e3c66" testListId="8c84fa94-04c1-424b-9868-57a2d4851a1d" />
    <TestEntry testId="3af406e1-ebae-4518-9316-edbd7ca481d1" executionId="d5212471-96a2-48b8-9e6b-58ef471dd683" testListId="8c84fa94-04c1-424b-9868-57a2d4851a1d" />
    <TestEntry testId="9888efc7-8729-4ad0-833c-7bcb6f5cceee" executionId="31b72df5-37bd-4212-b37e-84fd9856b7a7" testListId="8c84fa94-04c1-424b-9868-57a2d4851a1d" />
    <TestEntry testId="2f850ed5-0abb-485a-9c29-28c291807844" executionId="adc6d10b-99c4-44bc-a4d0-d48945e8ef46" testListId="8c84fa94-04c1-424b-9868-57a2d4851a1d" />
    <TestEntry testId="03db16b3-052b-4362-b3e1-77bbb853633f" executionId="e7bf9027-60e4-4847-ba09-e4e7aee70a04" testListId="8c84fa94-04c1-424b-9868-57a2d4851a1d" />
    <TestEntry testId="ac56aa38-3db4-4a64-a4fa-176f950f75bc" executionId="d7f2c3a1-bf4a-4c1e-8ad4-176aa80ac16a" testListId="8c84fa94-04c1-424b-9868-57a2d4851a1d" />
    <TestEntry testId="d0aaa640-2509-42ae-acab-4f7e407fd5e4" executionId="b82c0843-716a-42ef-b0e0-37f5ce34ea6c" testListId="8c84fa94-04c1-424b-9868-57a2d4851a1d" />
    <TestEntry testId="dc83e5fb-33fc-4431-b6c9-e6b5fd0526b4" executionId="84373bb4-9c9c-43df-966a-8d57df74b08b" testListId="8c84fa94-04c1-424b-9868-57a2d4851a1d" />
    <TestEntry testId="950b0b02-7a58-44a3-8276-ce29645f7294" executionId="df5bdfdd-00f7-4bc6-981e-d6781b318104" testListId="8c84fa94-04c1-424b-9868-57a2d4851a1d" />
    <TestEntry testId="53cd48ee-3fb9-44fd-8f39-0720f67bf761" executionId="7d1bfc56-1280-40c7-a077-c4ec8ea3418f" testListId="8c84fa94-04c1-424b-9868-57a2d4851a1d" />
    <TestEntry testId="7b73017b-3001-46c3-91c7-1c5ac8d7e440" executionId="c2a55a3d-879a-40c7-8d48-878b5a449d98" testListId="8c84fa94-04c1-424b-9868-57a2d4851a1d" />
    <TestEntry testId="66cd29ec-fb4b-4704-84f1-5f05d8d1a2cd" executionId="d5caf01a-7d13-4893-987a-157fdf7b3613" testListId="8c84fa94-04c1-424b-9868-57a2d4851a1d" />
    <TestEntry testId="540966a3-bf93-4631-a8bf-17877f54dae9" executionId="4a6fef18-b674-4b34-8ecd-0999a0529d9e" testListId="8c84fa94-04c1-424b-9868-57a2d4851a1d" />
    <TestEntry testId="24730927-f83f-460b-b7a1-304ae3afcb02" executionId="1284e930-0608-4e38-ae14-a719aef20c3a" testListId="8c84fa94-04c1-424b-9868-57a2d4851a1d" />
    <TestEntry testId="da4f8757-a334-4145-9d4a-47ffcd92ca78" executionId="7173ddde-2da7-4281-b118-432ed05a0554" testListId="8c84fa94-04c1-424b-9868-57a2d4851a1d" />
    <TestEntry testId="36ea0ca9-8b89-4b0c-af1b-e5d4b080aceb" executionId="04c85a31-f096-40a7-8fb9-0ce57a21b936" testListId="8c84fa94-04c1-424b-9868-57a2d4851a1d" />
    <TestEntry testId="2b0ed292-a27b-4689-84f2-0105b5a4bdb6" executionId="21c52f5e-bbbf-42e6-be2f-02b3d6066b09" testListId="8c84fa94-04c1-424b-9868-57a2d4851a1d" />
    <TestEntry testId="c07e4a25-f3e8-42ad-9e40-a12aa53015c8" executionId="8d0fac18-a990-4bd3-a0a5-39c811c011ec" testListId="8c84fa94-04c1-424b-9868-57a2d4851a1d" />
    <TestEntry testId="1145ce21-55c5-43e9-ae74-5dd8ea335163" executionId="cf72cabc-a4d5-4bb8-8f70-5a21ea39e73c" testListId="8c84fa94-04c1-424b-9868-57a2d4851a1d" />
    <TestEntry testId="fd446e4e-a349-405d-a533-6cbf9f3c940a" executionId="c53a52a4-b5a8-4844-92ff-54f58327b206" testListId="8c84fa94-04c1-424b-9868-57a2d4851a1d" />
    <TestEntry testId="ad2b9d8c-0b1f-4b4d-aaeb-db0e67b10448" executionId="c8c9618b-908c-4c55-9c72-8d4c15097682" testListId="8c84fa94-04c1-424b-9868-57a2d4851a1d" />
    <TestEntry testId="745e4607-c3df-4626-8901-8c4610d6d8cf" executionId="5afd631e-c880-4039-8db0-f274e73e1c91" testListId="8c84fa94-04c1-424b-9868-57a2d4851a1d" />
    <TestEntry testId="d32ef260-a3dd-45de-b51f-561aae2ab6c3" executionId="4d132c6a-882f-4886-8a53-f7e7ed5f35d4" testListId="8c84fa94-04c1-424b-9868-57a2d4851a1d" />
    <TestEntry testId="f3cd9e06-ac91-4297-9b59-e8480a8d5a1f" executionId="05537f1b-6e34-4cbb-8882-2ca9f9033e48" testListId="8c84fa94-04c1-424b-9868-57a2d4851a1d" />
    <TestEntry testId="31dc3ee5-7c78-4834-b657-c5293362c550" executionId="ac957ef8-37ed-4c0f-a59a-4fd8f1ab2c74" testListId="8c84fa94-04c1-424b-9868-57a2d4851a1d" />
    <TestEntry testId="ac556089-5516-430d-99a4-f51d3a71c208" executionId="07514741-63c9-459e-8241-a2f8eb6694ed" testListId="8c84fa94-04c1-424b-9868-57a2d4851a1d" />
    <TestEntry testId="f2fabd7b-905f-4c7a-9901-0ceb6d4d7648" executionId="d7688ce4-81d2-4044-a1be-b13e4cfa6d00" testListId="8c84fa94-04c1-424b-9868-57a2d4851a1d" />
    <TestEntry testId="009fe0e8-4081-4778-bc7c-4b6527d99f08" executionId="ec92ecd9-2fe9-4079-bfd8-90b8f789963d" testListId="8c84fa94-04c1-424b-9868-57a2d4851a1d" />
    <TestEntry testId="cba5bf86-82ec-447a-8ff7-b79b3214ecd6" executionId="c55d2526-b3a7-43a3-9105-b7e60f557bbb" testListId="8c84fa94-04c1-424b-9868-57a2d4851a1d" />
    <TestEntry testId="57816302-6ebb-48d6-a15e-65619216386b" executionId="84748b40-d913-4893-bc8a-087ac0668d52" testListId="8c84fa94-04c1-424b-9868-57a2d4851a1d" />
    <TestEntry testId="d7498974-a821-4bff-b1e5-8e4d93466e9a" executionId="9e438d0f-3eb2-436b-be26-d6037327af0e" testListId="8c84fa94-04c1-424b-9868-57a2d4851a1d" />
    <TestEntry testId="b49cc428-d559-4bf4-a0b1-368094154ce6" executionId="015a1d60-53a2-40c0-b802-5f5b08ea354b" testListId="8c84fa94-04c1-424b-9868-57a2d4851a1d" />
    <TestEntry testId="ae056cf6-32d3-4f49-95af-95acff9810d8" executionId="5e4be669-d383-49bf-8efe-550f519610f1" testListId="8c84fa94-04c1-424b-9868-57a2d4851a1d" />
    <TestEntry testId="03b85905-6f1b-41e0-b889-15ba664615c3" executionId="cbd01e3b-8c46-48a8-ad44-3d580d0a809d" testListId="8c84fa94-04c1-424b-9868-57a2d4851a1d" />
    <TestEntry testId="9c1bbb8b-802c-468f-b8d9-297772f4c2fd" executionId="4ee81382-c5c2-4129-9875-e753ce1a1fa4" testListId="8c84fa94-04c1-424b-9868-57a2d4851a1d" />
    <TestEntry testId="aa24010d-86bd-43f8-8903-000d81676427" executionId="482a0591-aa0c-49b0-a6ad-ff4f866cfc00" testListId="8c84fa94-04c1-424b-9868-57a2d4851a1d" />
    <TestEntry testId="d12b797b-e1fb-451f-aaee-03b283b7c955" executionId="b64eeaf2-1a0c-40d6-934e-0ead9345c009" testListId="8c84fa94-04c1-424b-9868-57a2d4851a1d" />
    <TestEntry testId="61fe05af-9da7-4b1a-a4d5-6aac7c71951f" executionId="413d8608-d657-4668-85b7-72a77e8ad1b7" testListId="8c84fa94-04c1-424b-9868-57a2d4851a1d" />
    <TestEntry testId="37560711-26c6-4170-8a3e-af3e21acc14e" executionId="a7f01b96-cc1a-4683-a9f9-86749fcbd39e" testListId="8c84fa94-04c1-424b-9868-57a2d4851a1d" />
    <TestEntry testId="cc3ab39d-b492-434c-8f56-152590f58a8f" executionId="7fae3082-b47d-45e0-93e8-2149854929b1" testListId="8c84fa94-04c1-424b-9868-57a2d4851a1d" />
    <TestEntry testId="a8e6aa76-a9ab-4c7b-aa1b-a624730b4dc5" executionId="9402d79d-90d3-4e04-a7a1-f921e5b98d83" testListId="8c84fa94-04c1-424b-9868-57a2d4851a1d" />
    <TestEntry testId="223e4389-59f6-479e-94b6-60f170e20ec0" executionId="cbb7566e-59a0-44f0-8b9c-8e5722197d2e" testListId="8c84fa94-04c1-424b-9868-57a2d4851a1d" />
    <TestEntry testId="ac4dcade-2aad-4163-b8e0-47477b773c22" executionId="96d074f0-a93b-45d5-a936-4139d6d31bb9" testListId="8c84fa94-04c1-424b-9868-57a2d4851a1d" />
    <TestEntry testId="82a5986f-7643-43fd-bc92-c016f13481b9" executionId="55916631-33de-4dcc-b701-28b726f614d7" testListId="8c84fa94-04c1-424b-9868-57a2d4851a1d" />
    <TestEntry testId="2e6408de-00dc-4aa6-b0fd-40d2fdf61733" executionId="3fe305bd-346c-44db-abab-e2cdc306c277" testListId="8c84fa94-04c1-424b-9868-57a2d4851a1d" />
    <TestEntry testId="41b3114b-4187-4ee0-a802-a7442d2b7415" executionId="6d5d1a44-a74c-4b68-ad2f-90cdab118726" testListId="8c84fa94-04c1-424b-9868-57a2d4851a1d" />
    <TestEntry testId="6162c24f-bae7-4532-b05b-a0479229bc73" executionId="0196a35f-9baf-4886-9009-04552903aa09" testListId="8c84fa94-04c1-424b-9868-57a2d4851a1d" />
    <TestEntry testId="258ef7fa-b7f0-4132-a393-4bd1756630f8" executionId="6912144d-e442-4909-b5fa-7a6f48eb941d" testListId="8c84fa94-04c1-424b-9868-57a2d4851a1d" />
    <TestEntry testId="7ffb8db7-00ff-4877-9c47-1e5df0ca3973" executionId="7366e375-e8e2-4da1-b6c6-e4c4987d1029" testListId="8c84fa94-04c1-424b-9868-57a2d4851a1d" />
    <TestEntry testId="255f467c-49ef-4016-b024-996062041d12" executionId="bb19935f-dfb2-4de4-9639-063c699040d3" testListId="8c84fa94-04c1-424b-9868-57a2d4851a1d" />
    <TestEntry testId="e6667b4f-65f9-4b2b-ae49-d1bbc1cbebbd" executionId="e3961952-836c-49d5-91cf-85c5856ea26d" testListId="8c84fa94-04c1-424b-9868-57a2d4851a1d" />
    <TestEntry testId="a20f0718-6abd-424b-9384-351fec54d0f6" executionId="e08f9bfd-c975-4b87-b5d5-018dae5187cc" testListId="8c84fa94-04c1-424b-9868-57a2d4851a1d" />
    <TestEntry testId="222f8907-e7ce-470a-9e55-b1f05b81e12a" executionId="0852b7f7-730d-42fe-8695-682682db41cd" testListId="8c84fa94-04c1-424b-9868-57a2d4851a1d" />
    <TestEntry testId="7ec9b633-aa42-4395-b17c-50b519dd739e" executionId="06ede9c0-de1e-4ecc-8861-cf3749643d72" testListId="8c84fa94-04c1-424b-9868-57a2d4851a1d" />
    <TestEntry testId="70c8f129-3d23-4dbd-8101-df1bc45e4a53" executionId="b06ca76d-7e03-4b86-9e99-b2f4fb065822" testListId="8c84fa94-04c1-424b-9868-57a2d4851a1d" />
    <TestEntry testId="c23d3574-0193-419c-9273-aec8d0c8aed7" executionId="456ae6de-2314-4029-9256-311d13f25bbe" testListId="8c84fa94-04c1-424b-9868-57a2d4851a1d" />
    <TestEntry testId="fd322dcc-d86b-48df-92a9-5182b17e67f2" executionId="3279ed4c-b56f-4c57-95e5-3e6d067d6b15" testListId="8c84fa94-04c1-424b-9868-57a2d4851a1d" />
    <TestEntry testId="feed9c2d-ca98-4e4e-b015-449875f1d61c" executionId="93ca96b5-e756-4e9f-9500-a88a2e9e765c" testListId="8c84fa94-04c1-424b-9868-57a2d4851a1d" />
    <TestEntry testId="f5727d33-3498-4ca7-8942-8bfe14b2799f" executionId="0a19cbe4-9806-4a1c-a82d-ad8804e0e0e5" testListId="8c84fa94-04c1-424b-9868-57a2d4851a1d" />
    <TestEntry testId="a359958f-f1dc-4c9b-8e6a-71973e24dd87" executionId="309df4c7-f8fd-43f7-99c1-ec0b9526ad15" testListId="8c84fa94-04c1-424b-9868-57a2d4851a1d" />
    <TestEntry testId="66000a3e-1f0b-48df-857b-5104a12d7e89" executionId="5505b9f4-4352-4d66-89ee-42b545328ade" testListId="8c84fa94-04c1-424b-9868-57a2d4851a1d" />
    <TestEntry testId="801340a0-3736-41c2-a865-cc79ec004c02" executionId="16108d69-f102-4638-8c54-ada48195caaa" testListId="8c84fa94-04c1-424b-9868-57a2d4851a1d" />
    <TestEntry testId="5ae9e5ec-2c53-48c5-9673-9b1566fecb81" executionId="82bb36d5-0686-44eb-8650-f23454244566" testListId="8c84fa94-04c1-424b-9868-57a2d4851a1d" />
    <TestEntry testId="a76cefb4-6cc8-4eee-a5b0-c6749b4888d7" executionId="09c7c14c-24e2-4159-946a-313d6d2d828d" testListId="8c84fa94-04c1-424b-9868-57a2d4851a1d" />
    <TestEntry testId="5314b87b-c754-4647-9aec-cd9b4c14b13b" executionId="5176acf2-8f09-4894-baf0-b1f583009472" testListId="8c84fa94-04c1-424b-9868-57a2d4851a1d" />
    <TestEntry testId="9a2ad19a-971c-45d4-a651-a9f9c2b0aef9" executionId="602e6167-f897-454d-859b-e2a72bcf8b85" testListId="8c84fa94-04c1-424b-9868-57a2d4851a1d" />
    <TestEntry testId="3cde222d-313a-414c-993d-9fdd54e76d78" executionId="5bb28076-2d05-4e67-9155-cbf1820ba961" testListId="8c84fa94-04c1-424b-9868-57a2d4851a1d" />
    <TestEntry testId="fb9985e9-72d6-4048-a6d0-b6ceed95981c" executionId="de989b2d-a092-4d85-8b60-08db0c085d61" testListId="8c84fa94-04c1-424b-9868-57a2d4851a1d" />
    <TestEntry testId="ee3f78e0-4edd-4de4-bfa3-d2d55cd6bb41" executionId="da972568-dddf-4d46-8f1a-13bda0a45ea0" testListId="8c84fa94-04c1-424b-9868-57a2d4851a1d" />
    <TestEntry testId="bc5b36e4-288f-4d72-9408-7abce41ef113" executionId="509bfbb2-5d08-419c-87e8-adc60713f435" testListId="8c84fa94-04c1-424b-9868-57a2d4851a1d" />
    <TestEntry testId="0c27fc8d-6b89-4411-a3bf-d4fbdccf6777" executionId="1e19b348-f278-4c00-9f9e-1b8316ddd309" testListId="8c84fa94-04c1-424b-9868-57a2d4851a1d" />
    <TestEntry testId="35f4ca57-545d-4e06-a964-a518ce47d45c" executionId="2cef24d6-0271-458b-8ff2-31807a73b1c8" testListId="8c84fa94-04c1-424b-9868-57a2d4851a1d" />
    <TestEntry testId="e6b4217f-46ea-4826-8238-e0589a4f90f3" executionId="09d69e96-0ff2-49be-b898-baccac4c3e49" testListId="8c84fa94-04c1-424b-9868-57a2d4851a1d" />
    <TestEntry testId="0b0d23a6-2aba-4c48-bbc5-45bb5b2a7fc8" executionId="8c8c6abc-8a16-4006-99e3-a9e04fc17ccd" testListId="8c84fa94-04c1-424b-9868-57a2d4851a1d" />
    <TestEntry testId="78fdda27-2f27-409d-821b-d559af883f81" executionId="4b4c323e-ab66-4fd6-926f-805af6f880c9" testListId="8c84fa94-04c1-424b-9868-57a2d4851a1d" />
    <TestEntry testId="aa4bf8e3-e73e-40f2-8125-1d2e98271e46" executionId="66635429-3daf-4c00-8bab-3a4519d64a4c" testListId="8c84fa94-04c1-424b-9868-57a2d4851a1d" />
    <TestEntry testId="64bf15c2-082d-4249-98be-a959d6b3e66c" executionId="26acc3f1-cad2-41cc-812c-7eb10ea1dcb6" testListId="8c84fa94-04c1-424b-9868-57a2d4851a1d" />
    <TestEntry testId="5f15d411-1a0c-40de-bdff-722a44d659f9" executionId="40922e43-ede1-48a1-a587-ae290a2f18a3" testListId="8c84fa94-04c1-424b-9868-57a2d4851a1d" />
    <TestEntry testId="c73ad213-f6e8-463e-8f8d-0714e782721d" executionId="6d20f543-2717-42e5-ab11-3939c55fa460" testListId="8c84fa94-04c1-424b-9868-57a2d4851a1d" />
    <TestEntry testId="742c9399-a93a-4fe6-8abf-cca0296739c7" executionId="000d7d20-01bd-4232-94d9-9a5774c6157d" testListId="8c84fa94-04c1-424b-9868-57a2d4851a1d" />
    <TestEntry testId="ad7c314f-8e9f-4f07-b3a7-2213f8e7fa21" executionId="99aafad9-e8bb-4653-a686-ee9bcc366acd" testListId="8c84fa94-04c1-424b-9868-57a2d4851a1d" />
    <TestEntry testId="a1254f43-84fd-4960-9cd6-b6c7ce9a562a" executionId="b093e289-1a53-4b08-afb9-a08751d2096c" testListId="8c84fa94-04c1-424b-9868-57a2d4851a1d" />
    <TestEntry testId="43d1420a-6197-4b07-b237-5f344056be2a" executionId="147b8e74-b67b-4842-a506-2e222286b742" testListId="8c84fa94-04c1-424b-9868-57a2d4851a1d" />
    <TestEntry testId="e2115d0b-d7da-4ab9-af94-f02b06ee66d0" executionId="af13cffc-c566-4055-9608-3171c8537403" testListId="8c84fa94-04c1-424b-9868-57a2d4851a1d" />
    <TestEntry testId="12fc6112-5dd0-4f4d-8508-acd164065999" executionId="301ff282-1072-429a-b3a9-f1b535961844" testListId="8c84fa94-04c1-424b-9868-57a2d4851a1d" />
    <TestEntry testId="43e55d71-682a-4b8a-a17b-2fdcce1031f6" executionId="fde8ab13-4cad-4b18-aeac-4f79328e0607" testListId="8c84fa94-04c1-424b-9868-57a2d4851a1d" />
    <TestEntry testId="a922afe6-7e83-4559-ac41-9baf69bebebf" executionId="15a339fd-669e-4858-ac48-0c1ba4c69ad0" testListId="8c84fa94-04c1-424b-9868-57a2d4851a1d" />
    <TestEntry testId="03212af2-ab79-431b-9d40-c8f93c313798" executionId="9ef8b674-6654-4cca-919a-f545c466444e" testListId="8c84fa94-04c1-424b-9868-57a2d4851a1d" />
    <TestEntry testId="1a29f7e0-793a-46d5-a4ec-3a04463d6f91" executionId="fda08b62-2ca9-4e22-8eb5-a6a24a0c9533" testListId="8c84fa94-04c1-424b-9868-57a2d4851a1d" />
    <TestEntry testId="fb550d69-15c6-4e70-bff6-0cfbf26891c6" executionId="2bdc57bf-a21b-4524-bb15-f078a2289690" testListId="8c84fa94-04c1-424b-9868-57a2d4851a1d" />
    <TestEntry testId="3270654d-08a5-4cf2-a9ae-2ffe3dd76053" executionId="029ccbab-ec86-4ef8-b9df-947949702e0f" testListId="8c84fa94-04c1-424b-9868-57a2d4851a1d" />
    <TestEntry testId="9e5dc314-52ef-4ba2-be71-61eed43cad30" executionId="7fdb86b8-67d8-4f32-ba5d-b5046cb701cc" testListId="8c84fa94-04c1-424b-9868-57a2d4851a1d" />
    <TestEntry testId="4e306cb6-154b-4b4b-91c6-076d6a97d57e" executionId="a875e2bd-7e21-4fd8-8d44-ed2aaa3ac243" testListId="8c84fa94-04c1-424b-9868-57a2d4851a1d" />
    <TestEntry testId="e0765d63-195d-47a1-8d86-b4bd35c6a600" executionId="75401911-34a8-4d95-adaa-d921e9040073" testListId="8c84fa94-04c1-424b-9868-57a2d4851a1d" />
    <TestEntry testId="f996e239-6ad9-498d-952d-df5bd1864081" executionId="f41364a3-8a11-4a43-944e-1fa86bbbe6c0" testListId="8c84fa94-04c1-424b-9868-57a2d4851a1d" />
    <TestEntry testId="b1c7ccf7-9475-4fec-906c-8cd3a96920fe" executionId="4c10e340-b196-46fb-b0a4-5f233f2a100a" testListId="8c84fa94-04c1-424b-9868-57a2d4851a1d" />
    <TestEntry testId="7333df7a-cfbd-489c-8bcf-9cac39ebac31" executionId="1f227d28-98b1-440e-b789-b91eb306ee0d" testListId="8c84fa94-04c1-424b-9868-57a2d4851a1d" />
    <TestEntry testId="8bf4942c-2843-4286-b708-9ef1f412c536" executionId="a8065243-563b-434a-a1ba-1f45c33bd1cc" testListId="8c84fa94-04c1-424b-9868-57a2d4851a1d" />
    <TestEntry testId="3a9be145-1ba9-4aa9-beab-0544568394f1" executionId="4d82b456-2901-4911-abcf-f22fb09f241b" testListId="8c84fa94-04c1-424b-9868-57a2d4851a1d" />
    <TestEntry testId="7dfcbf01-c549-463c-aadb-22ab39560a4c" executionId="0c766365-ab74-4d35-9ef8-b165276a7601" testListId="8c84fa94-04c1-424b-9868-57a2d4851a1d" />
    <TestEntry testId="c2a004e0-167c-46b3-86dd-afce94e9732e" executionId="008be6dc-38d4-46c7-ac65-938183e364d9" testListId="8c84fa94-04c1-424b-9868-57a2d4851a1d" />
    <TestEntry testId="1788198f-e954-4955-bc5a-9d2402f268aa" executionId="c83046db-3718-4cb6-8573-ec05647e2fdd" testListId="8c84fa94-04c1-424b-9868-57a2d4851a1d" />
    <TestEntry testId="f565b670-2495-4d9a-aed1-065387809a32" executionId="312ff200-0f56-4438-9c29-be452e83922b" testListId="8c84fa94-04c1-424b-9868-57a2d4851a1d" />
    <TestEntry testId="a189b1a0-31f9-4084-9b05-723078a5bdb9" executionId="83cc39d6-7546-4cde-9c51-e17abfc1df07" testListId="8c84fa94-04c1-424b-9868-57a2d4851a1d" />
    <TestEntry testId="8665b5e1-c592-4ab0-acb0-01bca209d0f8" executionId="69e38004-11e2-45af-bbc4-0c65d5da7a19" testListId="8c84fa94-04c1-424b-9868-57a2d4851a1d" />
    <TestEntry testId="9c48ba69-da98-4112-82f7-9ebb652f2b78" executionId="2e13cfd2-5617-428c-a8f3-c2a7d7e36879" testListId="8c84fa94-04c1-424b-9868-57a2d4851a1d" />
    <TestEntry testId="71bf9b12-34bd-438a-963d-0bc0ed118151" executionId="5c8ecc0f-a5d9-4df8-9819-d5f6aa33685b" testListId="8c84fa94-04c1-424b-9868-57a2d4851a1d" />
    <TestEntry testId="a16d8ab7-7172-4c59-a4c9-9c464a5aade5" executionId="d08c2c7e-0332-4c1b-af3b-6166608b84f0" testListId="8c84fa94-04c1-424b-9868-57a2d4851a1d" />
    <TestEntry testId="260ba34c-5367-44da-a5f0-9fe80827bdff" executionId="8176d736-67a6-4737-8426-608b55d69ab5" testListId="8c84fa94-04c1-424b-9868-57a2d4851a1d" />
    <TestEntry testId="dbaf0579-94e3-47c4-a497-358c25137c6a" executionId="70e7dc25-6df5-4ccf-a12a-f99729aec9c7" testListId="8c84fa94-04c1-424b-9868-57a2d4851a1d" />
    <TestEntry testId="3781cc60-4811-44ea-8c37-4fba67aa8da1" executionId="25ebb0f3-0d25-43e2-a893-a018c0bf8ad5" testListId="8c84fa94-04c1-424b-9868-57a2d4851a1d" />
    <TestEntry testId="6cfce745-e0c4-4a7d-aa2e-3d51b76147ab" executionId="73a85160-deb1-47df-ab7e-2093c8e51ac2" testListId="8c84fa94-04c1-424b-9868-57a2d4851a1d" />
    <TestEntry testId="c9541003-83ba-4d48-a588-cb454be4c2f3" executionId="0e7e5ba0-1d5c-49be-ac19-168ab5db4ae5" testListId="8c84fa94-04c1-424b-9868-57a2d4851a1d" />
    <TestEntry testId="635953f8-8cfd-4851-ab5a-65db1101b87e" executionId="8820ae92-8409-4e78-888c-191c8c03e2e9" testListId="8c84fa94-04c1-424b-9868-57a2d4851a1d" />
    <TestEntry testId="02dd3a3b-37ea-420b-b1f0-62a68b3b066a" executionId="52f07184-848b-4200-aeb6-589fd530b4c9" testListId="8c84fa94-04c1-424b-9868-57a2d4851a1d" />
    <TestEntry testId="3ef9c572-f860-4222-a6ef-e7a808227213" executionId="b8c39dc0-ba44-4e19-bec9-7d7f55ac4911" testListId="8c84fa94-04c1-424b-9868-57a2d4851a1d" />
    <TestEntry testId="36b61fe4-a228-4a21-af02-40440322b5de" executionId="2aa81161-f22d-4faa-8eb3-b4041013db44" testListId="8c84fa94-04c1-424b-9868-57a2d4851a1d" />
    <TestEntry testId="5c560fd9-0c4e-4bc4-b4d5-d6b3e1b0e5d1" executionId="7a221d48-d872-41f2-8cdc-92462f484b45" testListId="8c84fa94-04c1-424b-9868-57a2d4851a1d" />
    <TestEntry testId="44f15b39-4967-444a-9a3c-655cbd8fb82f" executionId="7bcfdb4b-b174-4f2f-a979-82dbd5381b98" testListId="8c84fa94-04c1-424b-9868-57a2d4851a1d" />
    <TestEntry testId="bb8aa309-656e-4eee-91f0-10ec3321e960" executionId="5c562ed1-efe8-416b-a1ce-8ab6ba613e5f" testListId="8c84fa94-04c1-424b-9868-57a2d4851a1d" />
    <TestEntry testId="907c6db9-5730-4991-844c-736f540108ca" executionId="68be17b6-f9c2-4e8f-836c-7babc0f901eb" testListId="8c84fa94-04c1-424b-9868-57a2d4851a1d" />
    <TestEntry testId="3db8cfbf-d182-4300-abe9-223664334903" executionId="2241d48f-2c70-48f7-afb2-a278fe52f9de" testListId="8c84fa94-04c1-424b-9868-57a2d4851a1d" />
    <TestEntry testId="8bd83769-d818-45b0-b538-3448da2fe1f5" executionId="aadd2e7f-326a-4141-b9db-1addbaea4636" testListId="8c84fa94-04c1-424b-9868-57a2d4851a1d" />
    <TestEntry testId="99f787fe-2118-4daa-aa9f-e463526cfa44" executionId="150fc7bf-14b7-4f3c-b71a-1eed9cad8771" testListId="8c84fa94-04c1-424b-9868-57a2d4851a1d" />
    <TestEntry testId="793333b9-19bb-4fb7-9841-222616c27d6c" executionId="519218cc-a40e-4866-804b-c78a4ad3b816" testListId="8c84fa94-04c1-424b-9868-57a2d4851a1d" />
    <TestEntry testId="9bdcd96d-a35a-4a20-ad5f-14e0015adbbc" executionId="9f529709-a6ec-4633-ada0-617bcefa5ca1" testListId="8c84fa94-04c1-424b-9868-57a2d4851a1d" />
    <TestEntry testId="29b04059-d0ec-4bad-a377-7e2be084587b" executionId="741918f4-6d36-4cb6-8281-b0941b22c871" testListId="8c84fa94-04c1-424b-9868-57a2d4851a1d" />
    <TestEntry testId="e890688a-6ecc-4477-b2af-52c6989ce2fb" executionId="5381c6ae-66c6-434b-94e6-7ecda43054a3" testListId="8c84fa94-04c1-424b-9868-57a2d4851a1d" />
    <TestEntry testId="7c97b82a-b918-4b49-bbc4-c0f4535fa704" executionId="a6ac9909-f9b5-40d5-820f-ba368f0a5671" testListId="8c84fa94-04c1-424b-9868-57a2d4851a1d" />
    <TestEntry testId="393b8a3c-ebc0-46a4-a203-7e8e7bf39f73" executionId="f0a5294d-dbe0-47a6-a892-d8a8e894b264" testListId="8c84fa94-04c1-424b-9868-57a2d4851a1d" />
    <TestEntry testId="3fd08eed-3e71-4fb3-bf5b-02375150afc0" executionId="89b681ab-fe52-48d8-b0e3-f1faa13c63c3" testListId="8c84fa94-04c1-424b-9868-57a2d4851a1d" />
    <TestEntry testId="b2c4c44d-cdd1-4469-9d5c-aa925c9427eb" executionId="9c28b9ac-19ac-4fa2-a955-3d847f187fb0" testListId="8c84fa94-04c1-424b-9868-57a2d4851a1d" />
    <TestEntry testId="bf060d31-975b-4cbc-ba0c-4fedc994ee9b" executionId="b79bae98-ac3f-456c-8c46-4dc23ba42e2c" testListId="8c84fa94-04c1-424b-9868-57a2d4851a1d" />
    <TestEntry testId="e82a9258-ce5b-4563-91a1-99ff1799dd3b" executionId="2ce17a2b-14ed-4e93-9b4e-00aeaebca585" testListId="8c84fa94-04c1-424b-9868-57a2d4851a1d" />
    <TestEntry testId="af82e042-5b53-454c-be75-ae9755592749" executionId="b09e4898-5cb6-49e4-9276-a269f2a01a81" testListId="8c84fa94-04c1-424b-9868-57a2d4851a1d" />
    <TestEntry testId="ba8a7501-7e5d-467d-b189-958b239d8878" executionId="afa4aa46-9c9f-4a70-b878-ddbbe2f689d5" testListId="8c84fa94-04c1-424b-9868-57a2d4851a1d" />
    <TestEntry testId="4f27574c-2228-4f29-9ad0-9d9f44072c67" executionId="ddf84b67-5080-4286-b114-90fa55aa5897" testListId="8c84fa94-04c1-424b-9868-57a2d4851a1d" />
    <TestEntry testId="0b57b059-3f87-412c-8b57-408a02c39775" executionId="ed3c17d7-c007-4a39-961c-1b64d8baa0ea" testListId="8c84fa94-04c1-424b-9868-57a2d4851a1d" />
    <TestEntry testId="8e0541c4-8d83-41dd-bdce-87d580a4a72e" executionId="d609be47-0947-4762-ab00-0ec8554e353c" testListId="8c84fa94-04c1-424b-9868-57a2d4851a1d" />
    <TestEntry testId="4ec5a7e8-3125-4994-8ac4-2b839313d319" executionId="5b10b540-2b1b-40a0-923b-dafc251c1c25" testListId="8c84fa94-04c1-424b-9868-57a2d4851a1d" />
    <TestEntry testId="f41231cd-cc99-4edc-886c-b3caeeb28e17" executionId="ea190a92-d130-41b4-8936-1ee011573d1c" testListId="8c84fa94-04c1-424b-9868-57a2d4851a1d" />
    <TestEntry testId="0692624a-a7cb-444c-9071-2b7c91133362" executionId="5085fe8d-b1fe-4708-9aa4-76189bef8eae" testListId="8c84fa94-04c1-424b-9868-57a2d4851a1d" />
    <TestEntry testId="f345e245-241b-4572-95e0-a799f122a439" executionId="3a85004c-e539-417b-bfa3-e34e7efd4605" testListId="8c84fa94-04c1-424b-9868-57a2d4851a1d" />
    <TestEntry testId="e950061e-ed51-44b4-b544-75f57ced69c0" executionId="9714fce0-0ae9-4a57-b14b-563301186b74" testListId="8c84fa94-04c1-424b-9868-57a2d4851a1d" />
    <TestEntry testId="351c1265-042d-4cf2-9335-36f3f20a1357" executionId="b60a6a52-2403-42cb-bc8f-f584f418bf6a" testListId="8c84fa94-04c1-424b-9868-57a2d4851a1d" />
    <TestEntry testId="2cf506ef-f198-40d3-bf59-9a920b75d5cd" executionId="17cabcf9-8068-4447-a6fe-bd767d03d3d8" testListId="8c84fa94-04c1-424b-9868-57a2d4851a1d" />
    <TestEntry testId="ab6767ea-d649-47ce-ba32-5f0dc78a8c4e" executionId="40317488-b3f6-4dd7-8b82-5c4eb1f5d247" testListId="8c84fa94-04c1-424b-9868-57a2d4851a1d" />
    <TestEntry testId="ab01bef9-6965-4f15-a22b-3b3d27959d49" executionId="7890b1b1-200f-451a-9441-8e253f3f9384" testListId="8c84fa94-04c1-424b-9868-57a2d4851a1d" />
    <TestEntry testId="9a118625-fcd1-48d8-bc1d-c57d81dff9ba" executionId="b3b7e61e-1110-4a06-9a22-140b11bbcdc7" testListId="8c84fa94-04c1-424b-9868-57a2d4851a1d" />
    <TestEntry testId="e6617660-0bbb-46df-acdd-baac385133e0" executionId="1fca0b3f-d64d-4d08-91f2-3e99e09a55c5" testListId="8c84fa94-04c1-424b-9868-57a2d4851a1d" />
    <TestEntry testId="72d0778a-a7e3-4bb7-a6ec-3a45d29e0e77" executionId="21c4db6f-7c4e-4ab0-85d8-dadafbe37681" testListId="8c84fa94-04c1-424b-9868-57a2d4851a1d" />
    <TestEntry testId="1a51264e-c22e-4d79-bc25-6183800aad5b" executionId="6a90ceb1-2a85-46f3-8b1a-49be6304aeb2" testListId="8c84fa94-04c1-424b-9868-57a2d4851a1d" />
    <TestEntry testId="8656e1f6-92b1-44b6-be1f-2c03cf562244" executionId="ebad7628-89db-4b1a-bd96-60e18b1fa1c8" testListId="8c84fa94-04c1-424b-9868-57a2d4851a1d" />
    <TestEntry testId="89bca16f-684c-4a87-9966-a918f8dbc450" executionId="02075f20-4e1c-4aec-8932-6cb7f8d28ba6" testListId="8c84fa94-04c1-424b-9868-57a2d4851a1d" />
    <TestEntry testId="43da555b-8f56-4492-b6f8-3a060c093a2c" executionId="54720e84-1f9b-47cd-b7f3-9619b7b7e45c" testListId="8c84fa94-04c1-424b-9868-57a2d4851a1d" />
    <TestEntry testId="748fdf01-d035-4afc-8637-c8c80fce8305" executionId="e56b98b3-fdde-427b-9c62-91d263a80174" testListId="8c84fa94-04c1-424b-9868-57a2d4851a1d" />
    <TestEntry testId="cd56281a-4ab5-4dad-8cb6-b682e628d9c4" executionId="a117beba-54c4-458f-9b74-b969b462afab" testListId="8c84fa94-04c1-424b-9868-57a2d4851a1d" />
    <TestEntry testId="ae208d83-c7f7-4801-886b-b7c6282095e3" executionId="9e670907-90c9-416a-9417-594fc1b7ad2f" testListId="8c84fa94-04c1-424b-9868-57a2d4851a1d" />
    <TestEntry testId="908a926f-05a0-490e-b275-7d1b568ffe83" executionId="fbbc6204-e40e-4c40-b8a6-4b0626a202e2" testListId="8c84fa94-04c1-424b-9868-57a2d4851a1d" />
    <TestEntry testId="2dbc4d8c-20aa-4b92-b537-9b2d26c21801" executionId="4017ce05-146a-420a-a017-c0fb9f8fe524" testListId="8c84fa94-04c1-424b-9868-57a2d4851a1d" />
    <TestEntry testId="9117db16-77f9-4d92-8f55-9c883bb23221" executionId="1bbd5738-a7e8-4eee-8ae0-451c3247e2fb" testListId="8c84fa94-04c1-424b-9868-57a2d4851a1d" />
    <TestEntry testId="eb1158f1-251d-4aa5-8fea-9d75975a639c" executionId="27a17170-101d-441a-8d3b-f16dcb696c35" testListId="8c84fa94-04c1-424b-9868-57a2d4851a1d" />
    <TestEntry testId="d1f02115-8092-4556-98ad-b0beb2f9991d" executionId="35fd9c35-113c-4290-a101-f2b710815435" testListId="8c84fa94-04c1-424b-9868-57a2d4851a1d" />
    <TestEntry testId="357b0369-0746-44f6-9e33-ccdbe0c7868b" executionId="40f7f4bd-9737-4e07-ade6-96a9c06f6711" testListId="8c84fa94-04c1-424b-9868-57a2d4851a1d" />
    <TestEntry testId="2805f892-bb48-4816-a93d-dbe92013f069" executionId="9ffa9897-b0ec-4c80-b00c-622c48628c9f" testListId="8c84fa94-04c1-424b-9868-57a2d4851a1d" />
    <TestEntry testId="67b7d772-141a-4447-884c-20aaee4e8dc4" executionId="d404e3fe-1102-41c4-a728-52d6a6b5d2c7" testListId="8c84fa94-04c1-424b-9868-57a2d4851a1d" />
    <TestEntry testId="8c7c361b-b3a5-45de-b00e-5b695ccab308" executionId="2f30ab87-2a28-4692-9754-f1add156a392" testListId="8c84fa94-04c1-424b-9868-57a2d4851a1d" />
    <TestEntry testId="3322effe-68db-46da-9401-ca2dbc651984" executionId="82d2c8ef-02fa-42cd-a590-5d6b03593f99" testListId="8c84fa94-04c1-424b-9868-57a2d4851a1d" />
    <TestEntry testId="dd859f18-1106-4dd0-adea-7b1abdf9e50c" executionId="139cbc46-dd7c-48fc-8234-ec553fdd1715" testListId="8c84fa94-04c1-424b-9868-57a2d4851a1d" />
    <TestEntry testId="61440d4b-88b6-4bb3-b701-91960efc8ea3" executionId="2eac8b7b-fe1f-454f-93bd-1189e5f19ae4" testListId="8c84fa94-04c1-424b-9868-57a2d4851a1d" />
    <TestEntry testId="cdd168c7-2a7d-4214-86ae-2925aefc3637" executionId="b0d71424-3c36-43bb-97fc-a74940467f31" testListId="8c84fa94-04c1-424b-9868-57a2d4851a1d" />
    <TestEntry testId="fa4a4a9a-d565-42c4-9889-3a4e92a7e25c" executionId="47b445ef-4d19-4604-9604-34a6010bc605" testListId="8c84fa94-04c1-424b-9868-57a2d4851a1d" />
    <TestEntry testId="a0dc679a-26da-4c59-9e6f-4d992cace994" executionId="0c184394-2680-463a-8596-71d065af80f7" testListId="8c84fa94-04c1-424b-9868-57a2d4851a1d" />
    <TestEntry testId="48d191e9-5f8c-4b79-86c7-53bded522da7" executionId="79447720-b217-43d5-8269-79c2ae0f28cf" testListId="8c84fa94-04c1-424b-9868-57a2d4851a1d" />
    <TestEntry testId="4d2ed62d-edc8-4955-97eb-a7d427514f2d" executionId="2b1c5d98-aee6-4d3d-a02e-44fc5e171b32" testListId="8c84fa94-04c1-424b-9868-57a2d4851a1d" />
    <TestEntry testId="83cecdb4-6ea4-43b0-91f5-9484e3b2c0b3" executionId="02b76d58-06c5-44c4-be48-dc77d7839f7b" testListId="8c84fa94-04c1-424b-9868-57a2d4851a1d" />
    <TestEntry testId="c3b2188c-a571-40eb-8870-ea91d8f7eeb3" executionId="76336d3d-98a3-41c3-ab38-c7cce69602fe" testListId="8c84fa94-04c1-424b-9868-57a2d4851a1d" />
    <TestEntry testId="5d05e484-0368-43d1-bccf-b0285787b83d" executionId="6799e375-4775-4eb8-8783-3727f59909d6" testListId="8c84fa94-04c1-424b-9868-57a2d4851a1d" />
    <TestEntry testId="efb710c0-25b1-4883-a802-0fbb38b6992a" executionId="76b80c69-a064-455e-8979-1820c1ffab34" testListId="8c84fa94-04c1-424b-9868-57a2d4851a1d" />
    <TestEntry testId="fc2aa78b-57ab-4b7b-ab29-e2758dc498e6" executionId="c635384e-cb8a-4e3c-bb47-be27fff65bfd" testListId="8c84fa94-04c1-424b-9868-57a2d4851a1d" />
    <TestEntry testId="400f83d8-906f-4ec5-b239-d7b6f9c696ea" executionId="ea2be496-fdb3-41be-b2ba-97dfcff2d880" testListId="8c84fa94-04c1-424b-9868-57a2d4851a1d" />
    <TestEntry testId="04bce6aa-5087-4390-8edc-bab20f2cb244" executionId="d857eded-ec47-4c17-b980-f6eba4fb6a68" testListId="8c84fa94-04c1-424b-9868-57a2d4851a1d" />
    <TestEntry testId="6b7a1aa8-7972-4f51-9f57-33255ba32cbe" executionId="373ad588-be03-454d-bbf6-1c331ea7d251" testListId="8c84fa94-04c1-424b-9868-57a2d4851a1d" />
    <TestEntry testId="1e2afb8a-6da4-48a6-b9f9-c83ffbbc06ee" executionId="7986ca31-57f7-4c87-8a7a-d22756076d73" testListId="8c84fa94-04c1-424b-9868-57a2d4851a1d" />
    <TestEntry testId="8198492f-7eee-48d1-88ea-33f2baf3e214" executionId="5d5686a0-4bee-4f4a-a09e-408adc52d7c5" testListId="8c84fa94-04c1-424b-9868-57a2d4851a1d" />
    <TestEntry testId="0ba28fde-f0de-4592-bc1a-8770e4b8294c" executionId="a5cc5d0f-9424-47b9-9649-854d2edd0275" testListId="8c84fa94-04c1-424b-9868-57a2d4851a1d" />
    <TestEntry testId="ea5b83f9-fab4-4555-a29f-9240aed3bf66" executionId="b31930fa-f76d-4c7a-a5af-787ac3a50b59" testListId="8c84fa94-04c1-424b-9868-57a2d4851a1d" />
    <TestEntry testId="45b92eb1-2a76-4867-a1e0-fb61e180d0ce" executionId="b616e2fd-ae4f-4316-8830-690a201b42e3" testListId="8c84fa94-04c1-424b-9868-57a2d4851a1d" />
    <TestEntry testId="a13689eb-46fb-4698-b37e-0cd01b6fa4e1" executionId="c893453c-4899-45df-9ac2-03b336b750a8" testListId="8c84fa94-04c1-424b-9868-57a2d4851a1d" />
    <TestEntry testId="b5579d3d-4b05-495e-a498-33d05de5e47d" executionId="d6e4a6e4-b2ff-49f1-b45e-9452d325da40" testListId="8c84fa94-04c1-424b-9868-57a2d4851a1d" />
    <TestEntry testId="f34e3c34-3a95-46c5-a5f6-a73910b3f373" executionId="f6580851-a8cd-49de-9a49-23f8fd4c35e7" testListId="8c84fa94-04c1-424b-9868-57a2d4851a1d" />
    <TestEntry testId="d6e33d40-3698-4d22-a17d-7c5886fb077f" executionId="40e51528-9e94-4b1a-8340-3cde9f8e2abc" testListId="8c84fa94-04c1-424b-9868-57a2d4851a1d" />
    <TestEntry testId="977aa22c-db06-4c89-99af-b848ab3cf18f" executionId="f8c57cd5-eff1-4e31-97f2-ebe1f78db11a" testListId="8c84fa94-04c1-424b-9868-57a2d4851a1d" />
    <TestEntry testId="d6f4f39c-faf1-4bfe-9805-87745d81791a" executionId="829f1c02-e5c5-46cb-8393-fabdd5081688" testListId="8c84fa94-04c1-424b-9868-57a2d4851a1d" />
    <TestEntry testId="51f37863-237d-4292-bc59-138f5befe9df" executionId="486bb4b5-e5d3-4d2d-9dc1-43c2688c7975" testListId="8c84fa94-04c1-424b-9868-57a2d4851a1d" />
    <TestEntry testId="c159d37c-12eb-4d5c-9359-7ff041d9d8ab" executionId="9cf207c7-fc85-4e03-a1c9-c80b3eb6a000" testListId="8c84fa94-04c1-424b-9868-57a2d4851a1d" />
    <TestEntry testId="d53325ba-3a6d-43f4-95fa-310a6f8d9759" executionId="a3e425ff-6c2a-4dfc-a224-e14ea88fd200" testListId="8c84fa94-04c1-424b-9868-57a2d4851a1d" />
    <TestEntry testId="0dc62578-7d4f-45c9-8294-04f513203ece" executionId="1e36b32f-a2ab-4226-96c0-19594ab1a43b" testListId="8c84fa94-04c1-424b-9868-57a2d4851a1d" />
    <TestEntry testId="d57526ad-cbc2-4d9f-844c-d9f9c4504aeb" executionId="6abfd519-e1dd-42b5-a9ea-bc36747b4baa" testListId="8c84fa94-04c1-424b-9868-57a2d4851a1d" />
    <TestEntry testId="45019247-5a8b-4863-8ee2-ff370ccf54df" executionId="52f26290-d6c0-4d19-abd8-84413860f1d6" testListId="8c84fa94-04c1-424b-9868-57a2d4851a1d" />
    <TestEntry testId="f5583465-1130-4d8d-a60f-034ae1a1c5c1" executionId="74cc29d0-4eb5-486c-8f0d-3991971fdc4b" testListId="8c84fa94-04c1-424b-9868-57a2d4851a1d" />
    <TestEntry testId="28d135b4-6c5f-4797-800a-606b43849404" executionId="861c9af6-67f7-4cff-8102-489052b3a256" testListId="8c84fa94-04c1-424b-9868-57a2d4851a1d" />
    <TestEntry testId="e853c9b5-445e-45fe-b702-0941a350177f" executionId="b2ad8885-c769-4877-a18b-8e282a810229" testListId="8c84fa94-04c1-424b-9868-57a2d4851a1d" />
    <TestEntry testId="63caa37e-cc74-4705-ac50-b7252f5f6e5f" executionId="dafcdd77-3444-488f-886e-875fe5f496a5" testListId="8c84fa94-04c1-424b-9868-57a2d4851a1d" />
    <TestEntry testId="24b68f51-8348-4627-b940-33b1392d6d5e" executionId="89e469cc-446a-4a94-ad81-06092baa8e91" testListId="8c84fa94-04c1-424b-9868-57a2d4851a1d" />
    <TestEntry testId="e7ec7b40-739c-4535-a8aa-570a13356905" executionId="30a90e0e-0cc0-43e9-92e2-a0bc3a4db530" testListId="8c84fa94-04c1-424b-9868-57a2d4851a1d" />
    <TestEntry testId="91ed60cc-d05d-442f-ba87-6e0139b8594d" executionId="7f7ba192-e709-4698-8467-a7db79993d2e" testListId="8c84fa94-04c1-424b-9868-57a2d4851a1d" />
    <TestEntry testId="0b0f1829-b0d1-4162-aeb2-87769289bcb1" executionId="242e13d4-26f1-4ba2-a269-832e43a283d2" testListId="8c84fa94-04c1-424b-9868-57a2d4851a1d" />
    <TestEntry testId="3245a704-ae25-4edc-a4b2-4e06fdabd0dc" executionId="08dadb0e-8114-414d-8cca-2940e3ce0825" testListId="8c84fa94-04c1-424b-9868-57a2d4851a1d" />
    <TestEntry testId="d1732ca1-3e83-4b6b-aa21-bfd69437fa12" executionId="a94e8beb-6a82-477c-9f4e-3eb49bd69ee7" testListId="8c84fa94-04c1-424b-9868-57a2d4851a1d" />
    <TestEntry testId="1be529c1-43ab-4ba5-ba77-1049bf49419a" executionId="6d4160c1-f8f0-44a4-8907-7d79e0077888" testListId="8c84fa94-04c1-424b-9868-57a2d4851a1d" />
    <TestEntry testId="e1d29662-b305-407f-8b35-02f7265ab511" executionId="f5e221cd-2b40-46ca-94a0-c046496b28c6" testListId="8c84fa94-04c1-424b-9868-57a2d4851a1d" />
    <TestEntry testId="6270312e-6b00-41f1-a56c-84598c356a91" executionId="f97f97b3-d432-4731-aafd-eb672cd4101a" testListId="8c84fa94-04c1-424b-9868-57a2d4851a1d" />
    <TestEntry testId="0bc796e3-6f2b-48c8-b0b3-37e722ce4104" executionId="2aeebe22-9ad9-4b67-8d39-7da5aef9a70d" testListId="8c84fa94-04c1-424b-9868-57a2d4851a1d" />
    <TestEntry testId="a74950ee-7b44-4ce1-9255-0957015b0518" executionId="8a37f7a3-978d-4592-83bf-9ecf758ba9e3" testListId="8c84fa94-04c1-424b-9868-57a2d4851a1d" />
    <TestEntry testId="d622d00e-2524-4b93-990f-7709875fe00a" executionId="c7b94d6c-68e2-486c-964b-6c5634d79295" testListId="8c84fa94-04c1-424b-9868-57a2d4851a1d" />
    <TestEntry testId="b769faaa-d360-4cee-ab39-1db1a68bcec2" executionId="a36dc71a-329b-4d65-b51e-9e3eaa7018d4" testListId="8c84fa94-04c1-424b-9868-57a2d4851a1d" />
    <TestEntry testId="b420ab7c-5087-407f-9cb3-988f473649c5" executionId="df0e8545-113b-4d10-b7e7-afda700d1bc2" testListId="8c84fa94-04c1-424b-9868-57a2d4851a1d" />
    <TestEntry testId="2de85e1a-6411-4be8-93e8-7d4a0675edfc" executionId="c72e6918-a128-4891-a567-ef774cd728c0" testListId="8c84fa94-04c1-424b-9868-57a2d4851a1d" />
    <TestEntry testId="9bdf75a7-5976-46fc-ba0c-c4c95897cd12" executionId="74316e61-bd8c-4a84-89c5-a23643d4a0cf" testListId="8c84fa94-04c1-424b-9868-57a2d4851a1d" />
    <TestEntry testId="dfbf7d31-d6cb-47a3-bc91-8204e876cbe2" executionId="f68e9516-9bdb-47aa-a56b-05fac90949e9" testListId="8c84fa94-04c1-424b-9868-57a2d4851a1d" />
    <TestEntry testId="03d4d369-baa3-43d6-b01b-aae346b91077" executionId="627e8d00-623f-4722-a594-1f2883cdd7f6" testListId="8c84fa94-04c1-424b-9868-57a2d4851a1d" />
    <TestEntry testId="08fdd00b-434a-45c5-8260-0097822673e1" executionId="eb1cf22c-b5d6-4d77-b7bc-7659cf5e23ee" testListId="8c84fa94-04c1-424b-9868-57a2d4851a1d" />
    <TestEntry testId="30aa8e4e-3eab-43b2-ae99-4b863f1f7f47" executionId="70ba4c6e-e6f2-4b96-b9b8-a408faf9accf" testListId="8c84fa94-04c1-424b-9868-57a2d4851a1d" />
    <TestEntry testId="62cb341a-03dc-42d3-a840-619bfa8056ba" executionId="53c80211-bfc0-40ba-8b83-019e5ffe452d" testListId="8c84fa94-04c1-424b-9868-57a2d4851a1d" />
    <TestEntry testId="178a048e-8d64-491a-a200-c767001ffb9b" executionId="eb05c6fd-87b6-4d68-8aa1-c3290be872fd" testListId="8c84fa94-04c1-424b-9868-57a2d4851a1d" />
    <TestEntry testId="e002e1af-0e42-4bf9-9152-2b1bd7ffedcc" executionId="af1b0ca6-142f-4c84-ad84-44f3d5017114" testListId="8c84fa94-04c1-424b-9868-57a2d4851a1d" />
    <TestEntry testId="0a71b9e4-be7f-4728-8d2f-8149a794d0e7" executionId="04412ce7-c4ef-47d7-bb83-da0a332a66b9" testListId="8c84fa94-04c1-424b-9868-57a2d4851a1d" />
    <TestEntry testId="767e3d77-9c61-4f98-8890-21db8b94d072" executionId="7fcad562-e123-49f4-b811-907912464ca0" testListId="8c84fa94-04c1-424b-9868-57a2d4851a1d" />
    <TestEntry testId="e6a084c7-c070-41f1-900b-78ef1bdaea49" executionId="995a695a-c031-46da-98d4-d97e058ffb78" testListId="8c84fa94-04c1-424b-9868-57a2d4851a1d" />
    <TestEntry testId="804e8ff1-1102-4361-8046-51f45b30c50d" executionId="0f77a14d-c429-4cdd-94e6-3a9025c49614" testListId="8c84fa94-04c1-424b-9868-57a2d4851a1d" />
    <TestEntry testId="6a901a3a-316c-430e-aefc-4b345615536f" executionId="2ef5bb73-d15a-4d1f-a554-4e48b2f3ab48" testListId="8c84fa94-04c1-424b-9868-57a2d4851a1d" />
    <TestEntry testId="9d01a9f0-9dfb-4925-af40-924d8b2ce95e" executionId="6d3cb056-1fee-4f41-b4bb-72d24c424305" testListId="8c84fa94-04c1-424b-9868-57a2d4851a1d" />
    <TestEntry testId="258985ae-30dc-4ed5-9169-3cb8548a0a16" executionId="7c3867fd-8569-4d45-a2df-d1f3f21146d4" testListId="8c84fa94-04c1-424b-9868-57a2d4851a1d" />
    <TestEntry testId="6d92faad-1632-4d0c-adf6-4f0cfe2ed07a" executionId="5228d06c-eab4-49f6-bb52-9e636a8505f9" testListId="8c84fa94-04c1-424b-9868-57a2d4851a1d" />
    <TestEntry testId="c15c23d9-e81c-446c-a725-6633c482b2fa" executionId="1f3fcc9b-a288-4207-a311-00c8d50e4f60" testListId="8c84fa94-04c1-424b-9868-57a2d4851a1d" />
    <TestEntry testId="5ddfa38e-c947-43a3-8f5e-e53c144e7ceb" executionId="77a11e56-30eb-4a74-a50b-762ac95f03c0" testListId="8c84fa94-04c1-424b-9868-57a2d4851a1d" />
    <TestEntry testId="cc034693-03f1-4953-9bff-126edad212ff" executionId="21b4d8d5-a534-408a-a82f-fcb5f49076ff" testListId="8c84fa94-04c1-424b-9868-57a2d4851a1d" />
    <TestEntry testId="1948ecfe-d416-4352-a59a-9cd76a62ff7e" executionId="648a7e95-4727-437b-a7b8-c9ae6de5cae6" testListId="8c84fa94-04c1-424b-9868-57a2d4851a1d" />
    <TestEntry testId="e837ff2e-1462-4ef0-a108-27ca596856a7" executionId="642e36e1-cf9a-4aa6-9828-7f64dcc8cdea" testListId="8c84fa94-04c1-424b-9868-57a2d4851a1d" />
    <TestEntry testId="c781c227-448d-4ab9-b38b-0ac8c420acca" executionId="59fee5e6-3c12-4bb7-adc5-f8f784916e80" testListId="8c84fa94-04c1-424b-9868-57a2d4851a1d" />
    <TestEntry testId="a760a534-4c92-45a4-a35e-3746d330e9fc" executionId="9cee92d2-9cc7-4689-b074-39bc3248829c" testListId="8c84fa94-04c1-424b-9868-57a2d4851a1d" />
    <TestEntry testId="64b9dc58-b8a2-42aa-9fea-ebb58219fd72" executionId="2567fd3f-4db4-46f5-a69b-c4775547e571" testListId="8c84fa94-04c1-424b-9868-57a2d4851a1d" />
    <TestEntry testId="0424536e-8fc8-43c5-9fbc-718adf144b3c" executionId="4727059c-f422-4133-b023-d344ce544928" testListId="8c84fa94-04c1-424b-9868-57a2d4851a1d" />
    <TestEntry testId="7c7fffa1-5f90-490e-81a2-591c57734287" executionId="ff7fa51e-a676-4484-a642-3acd59caa9fd" testListId="8c84fa94-04c1-424b-9868-57a2d4851a1d" />
    <TestEntry testId="1de2bfa9-6248-460a-81c0-b73ac8427e18" executionId="2f940ad4-a2dd-459d-ab1b-db9c45ede271" testListId="8c84fa94-04c1-424b-9868-57a2d4851a1d" />
    <TestEntry testId="bff5798e-6126-46c3-8bfd-2e96bf7d8af3" executionId="c3f6662b-131c-4aa5-ac1c-9288fe1be2f5" testListId="8c84fa94-04c1-424b-9868-57a2d4851a1d" />
    <TestEntry testId="1f6683de-7b62-4b46-94d1-0472307ecce4" executionId="cd2cc93d-c2fe-423e-af8f-8a9d206f9377" testListId="8c84fa94-04c1-424b-9868-57a2d4851a1d" />
    <TestEntry testId="64e4afca-209c-4726-bc57-db901d551df8" executionId="3a15abf3-32f9-46e7-94a6-0d9f10dfe626" testListId="8c84fa94-04c1-424b-9868-57a2d4851a1d" />
    <TestEntry testId="8f4b3551-c10e-410d-b244-baf2433818ab" executionId="9155cbe0-9476-4023-aad8-2ddb9c112698" testListId="8c84fa94-04c1-424b-9868-57a2d4851a1d" />
    <TestEntry testId="bf517d33-70b1-43dc-aa64-f120d994ed01" executionId="3249b2c2-65f1-44e1-963a-3609ea27e6a8" testListId="8c84fa94-04c1-424b-9868-57a2d4851a1d" />
    <TestEntry testId="8d265ade-126f-4643-be7f-f199f18afb1c" executionId="d43d7b99-4389-4339-9152-d93ac63aa18a" testListId="8c84fa94-04c1-424b-9868-57a2d4851a1d" />
    <TestEntry testId="a0549119-8fcc-4a6e-97cf-dd339c430a93" executionId="9781d408-5287-42ac-be2e-936e0b7bb330" testListId="8c84fa94-04c1-424b-9868-57a2d4851a1d" />
    <TestEntry testId="97f1abf9-1e0f-435e-aab8-b3828e2e7cf4" executionId="3b3a1e91-fc54-434a-9fa8-135fdf7410e9" testListId="8c84fa94-04c1-424b-9868-57a2d4851a1d" />
    <TestEntry testId="847d2165-33e1-471d-bf2f-6c737632409f" executionId="bf8b1df4-7ee8-404a-b54c-09e5129ca651" testListId="8c84fa94-04c1-424b-9868-57a2d4851a1d" />
    <TestEntry testId="96da2af9-b231-412f-b785-31027c88bf46" executionId="15989f05-a160-4ab5-b730-fc450ae3ab7f" testListId="8c84fa94-04c1-424b-9868-57a2d4851a1d" />
    <TestEntry testId="597c963d-06f4-4b83-a044-8502e924a2cb" executionId="c66573fa-7368-43d5-a361-2a6129a53d94" testListId="8c84fa94-04c1-424b-9868-57a2d4851a1d" />
    <TestEntry testId="7b0c27a4-6f65-4324-82c4-c83634e96db3" executionId="4893f894-60df-418b-84a6-e252ff274769" testListId="8c84fa94-04c1-424b-9868-57a2d4851a1d" />
    <TestEntry testId="ac027f1c-1e5c-4c51-a49e-3fb82afe137e" executionId="5dfa073d-5ce8-48cc-866e-18764245e7f5" testListId="8c84fa94-04c1-424b-9868-57a2d4851a1d" />
    <TestEntry testId="a6ea9b17-7db4-4657-9861-067cd9ac3568" executionId="c73c8a50-859b-483f-8692-8e19861d7cfe" testListId="8c84fa94-04c1-424b-9868-57a2d4851a1d" />
    <TestEntry testId="15280fea-132d-44cd-a02f-44ca25db1a61" executionId="edecf5cf-d02e-4e6d-9510-00eb8191750f" testListId="8c84fa94-04c1-424b-9868-57a2d4851a1d" />
    <TestEntry testId="6a8baa7d-79b6-447b-a88b-32a98df94cd7" executionId="c79cfd22-7ad9-4708-ac6d-9454f193a33b" testListId="8c84fa94-04c1-424b-9868-57a2d4851a1d" />
    <TestEntry testId="2de086bf-a525-419e-a9f1-71f6b45c945d" executionId="5b1201bb-6011-4599-9a33-9ab7a6b1a10c" testListId="8c84fa94-04c1-424b-9868-57a2d4851a1d" />
    <TestEntry testId="0af24d35-8863-4b18-a7ed-aea7646485a4" executionId="77309d92-cc8d-40b1-882d-ece1ed262d4c" testListId="8c84fa94-04c1-424b-9868-57a2d4851a1d" />
    <TestEntry testId="0ce04794-233b-48e5-9817-2c8ff055e02b" executionId="246277b5-2cb7-45d4-b824-69a691746a10" testListId="8c84fa94-04c1-424b-9868-57a2d4851a1d" />
    <TestEntry testId="56af5e56-757a-488a-8e57-938fcc6647e0" executionId="dee5e5b5-8c3c-449f-94c9-230cb9945243" testListId="8c84fa94-04c1-424b-9868-57a2d4851a1d" />
    <TestEntry testId="75b40440-09df-4ab8-bf4c-27db02139ae3" executionId="6dad43b3-4a59-4879-b254-0eaccd80b76c" testListId="8c84fa94-04c1-424b-9868-57a2d4851a1d" />
    <TestEntry testId="11ed1b89-8c2e-4966-ba34-187758f628d9" executionId="142cdbf8-557a-40d6-86e8-5c85ed778e7f" testListId="8c84fa94-04c1-424b-9868-57a2d4851a1d" />
    <TestEntry testId="4435e217-e5ec-42d0-b845-1d5e04ee687b" executionId="fdbbea38-3a09-4488-ad40-dfb10fcb9b04" testListId="8c84fa94-04c1-424b-9868-57a2d4851a1d" />
    <TestEntry testId="d1e83bc9-f3f2-4833-a9d2-1417452895a2" executionId="f1d0dce6-7c80-4c6d-8a2d-7c478cfcc61b" testListId="8c84fa94-04c1-424b-9868-57a2d4851a1d" />
    <TestEntry testId="83a34179-c45c-4b53-92fc-6cbaf895e7aa" executionId="dd4b7192-3b22-4a7d-9376-8e7ddd2645af" testListId="8c84fa94-04c1-424b-9868-57a2d4851a1d" />
    <TestEntry testId="c8a1019a-69ce-4b83-8186-6e6a604c29f7" executionId="05b44455-d469-4f75-b5bc-ecb2490d5409" testListId="8c84fa94-04c1-424b-9868-57a2d4851a1d" />
    <TestEntry testId="e3e09a14-7f90-4a25-8746-2e826dcd1ada" executionId="6cb56177-2190-42e0-bc6c-093d5dfc04cf" testListId="8c84fa94-04c1-424b-9868-57a2d4851a1d" />
    <TestEntry testId="d1043990-0df5-4bbd-a31a-02f31be63ca9" executionId="5a7180fb-5413-4d11-b570-37f8ba0489c6" testListId="8c84fa94-04c1-424b-9868-57a2d4851a1d" />
    <TestEntry testId="5c3393fd-5b50-4a89-ade7-615df5bdf25f" executionId="567d1b76-7665-4943-a444-5aa563bd6170" testListId="8c84fa94-04c1-424b-9868-57a2d4851a1d" />
    <TestEntry testId="c05125b8-785b-44bb-8505-7be1a9bfe048" executionId="f3066c27-de3a-472e-af0c-9601ad949db3" testListId="8c84fa94-04c1-424b-9868-57a2d4851a1d" />
    <TestEntry testId="89d56028-4a15-41cd-bf0c-56ece9e3ee33" executionId="315fa50a-c6e4-4156-a04e-7783540ead39" testListId="8c84fa94-04c1-424b-9868-57a2d4851a1d" />
    <TestEntry testId="4af406c7-edae-4337-bc98-42da0caa98df" executionId="052df89f-37f7-49e1-bb30-46c3f7af23d1" testListId="8c84fa94-04c1-424b-9868-57a2d4851a1d" />
    <TestEntry testId="e820191b-1d8f-418e-ac3c-75b10e38df96" executionId="a915b2fc-bede-49ce-909d-502c7ac69b6f" testListId="8c84fa94-04c1-424b-9868-57a2d4851a1d" />
    <TestEntry testId="a4a551ee-42cd-4b65-b33c-6047a43c2f81" executionId="f6c45528-4f80-4f14-8345-78959d5c0b43" testListId="8c84fa94-04c1-424b-9868-57a2d4851a1d" />
    <TestEntry testId="1195e6bb-f261-4da0-9750-627c553ec343" executionId="00c7f399-7975-4450-b856-edcab5a4f5a8" testListId="8c84fa94-04c1-424b-9868-57a2d4851a1d" />
    <TestEntry testId="f767abbd-7ca2-4257-b76b-614753cd190d" executionId="45e71339-3d4f-4e29-adaa-e180a22f154e" testListId="8c84fa94-04c1-424b-9868-57a2d4851a1d" />
    <TestEntry testId="b224b71c-d021-4e5e-bdfb-f328a8f85e12" executionId="b14f0f46-ba30-4330-b491-91cd69510564" testListId="8c84fa94-04c1-424b-9868-57a2d4851a1d" />
    <TestEntry testId="f841cfc2-1575-400e-b22f-b8a9e3ab853c" executionId="8396aa0e-4369-40f7-b1da-da54b11ed5fe" testListId="8c84fa94-04c1-424b-9868-57a2d4851a1d" />
    <TestEntry testId="bb7f6d11-7e8b-4cbb-9aba-67ae1e6bbe49" executionId="44be7679-acfc-4cc0-a19c-d6ce621a5290" testListId="8c84fa94-04c1-424b-9868-57a2d4851a1d" />
    <TestEntry testId="ca9e2fea-d861-474c-ad65-f8d0167e483b" executionId="4a8c687e-e749-4480-ab7b-82de2e8391f5" testListId="8c84fa94-04c1-424b-9868-57a2d4851a1d" />
    <TestEntry testId="3a7cd705-2266-4069-bfec-7653a560370e" executionId="b11b5a9a-7810-4fba-826e-51d2157f5c78" testListId="8c84fa94-04c1-424b-9868-57a2d4851a1d" />
    <TestEntry testId="f9c4d0fc-5f18-484b-8149-819fffa47b4b" executionId="d8eda56c-93b1-4df3-a011-73430439533a" testListId="8c84fa94-04c1-424b-9868-57a2d4851a1d" />
    <TestEntry testId="a1902c9b-9494-4fcf-a5eb-18543172fe5a" executionId="fe30b01e-7ec2-4ef0-8201-2db4787575a6" testListId="8c84fa94-04c1-424b-9868-57a2d4851a1d" />
    <TestEntry testId="5c4ab236-0173-4439-b23d-e3133c02df63" executionId="b0aeb51e-1ea8-44c0-836a-97bc827d098f" testListId="8c84fa94-04c1-424b-9868-57a2d4851a1d" />
    <TestEntry testId="2a80777f-e29f-4a38-a89a-c9cebbfdc5a4" executionId="b541b238-9083-4434-9edd-00a31ef1f537" testListId="8c84fa94-04c1-424b-9868-57a2d4851a1d" />
    <TestEntry testId="84ad1302-8426-478d-9ae2-0f103501ff97" executionId="e4a5b285-c81f-40a5-9b05-3a0dd8a21ffc" testListId="8c84fa94-04c1-424b-9868-57a2d4851a1d" />
    <TestEntry testId="40ec451f-4f94-451d-804a-f43db6eb74f1" executionId="e8ed15cd-2a96-49e3-a6fd-eef1057d5d2a" testListId="8c84fa94-04c1-424b-9868-57a2d4851a1d" />
    <TestEntry testId="ac833cbe-a826-41c9-b66a-e87dbf5235ff" executionId="81a6334e-6905-4212-b95a-80c8820c97da" testListId="8c84fa94-04c1-424b-9868-57a2d4851a1d" />
    <TestEntry testId="164ba673-da51-493b-81c0-72654c89dc1b" executionId="777219d2-a86f-43c3-abec-f1d7e994b2bb" testListId="8c84fa94-04c1-424b-9868-57a2d4851a1d" />
    <TestEntry testId="6e61393b-701b-4f7c-b7c9-b1f34f3da9ef" executionId="b558d243-fd67-46bc-9e6d-c64139fc0960" testListId="8c84fa94-04c1-424b-9868-57a2d4851a1d" />
    <TestEntry testId="8b0d5ddc-7d5c-48c7-9c45-147ba5dbccd4" executionId="3a44b94f-d031-46fb-92f0-101bab7d1d00" testListId="8c84fa94-04c1-424b-9868-57a2d4851a1d" />
    <TestEntry testId="dfdf2728-8312-4cea-a87c-1373ecba154c" executionId="8b4599b0-4141-405b-b250-0860f273f25f" testListId="8c84fa94-04c1-424b-9868-57a2d4851a1d" />
    <TestEntry testId="26ee5962-e23c-4225-909e-80d784cce321" executionId="b7c3dfdd-dbd8-42f6-835b-0194f0502e63" testListId="8c84fa94-04c1-424b-9868-57a2d4851a1d" />
    <TestEntry testId="9b5e0abc-d295-48f5-a8f9-4af3959f2536" executionId="2d32c3df-e666-455b-b36a-f9bc5c932e82" testListId="8c84fa94-04c1-424b-9868-57a2d4851a1d" />
    <TestEntry testId="f4d16335-616b-4659-92df-28f82dc99532" executionId="f5caab18-f8fd-489e-af5d-0d3f575b870f" testListId="8c84fa94-04c1-424b-9868-57a2d4851a1d" />
    <TestEntry testId="025c8c81-8b62-449d-aa6d-c6a092f9b6b1" executionId="2980fe04-7c8d-4f6f-9c96-328968c1ec5c" testListId="8c84fa94-04c1-424b-9868-57a2d4851a1d" />
    <TestEntry testId="e134cf6c-d113-4d76-a03e-3d23df33831d" executionId="0a606050-002c-4207-8c90-d9b576c2c886" testListId="8c84fa94-04c1-424b-9868-57a2d4851a1d" />
    <TestEntry testId="d7c16a01-62f5-41e9-8afa-fdabf2c7d75e" executionId="75404972-5313-4319-accc-9e01c3ad4358" testListId="8c84fa94-04c1-424b-9868-57a2d4851a1d" />
    <TestEntry testId="cfb825e6-45ec-4438-9123-d77b67e34ad3" executionId="eaa5b08f-ed0d-4070-803d-5e7ed6691534" testListId="8c84fa94-04c1-424b-9868-57a2d4851a1d" />
    <TestEntry testId="9f24cb8a-21d5-4dfe-8bf8-2cec461c5fa8" executionId="538c45f9-6c13-4d4c-8ed7-2a87a6755bd3" testListId="8c84fa94-04c1-424b-9868-57a2d4851a1d" />
    <TestEntry testId="6343a038-3771-4ba4-b0b7-14726465f145" executionId="2fa531f5-c535-4f3f-8a43-8c2d7423e757" testListId="8c84fa94-04c1-424b-9868-57a2d4851a1d" />
    <TestEntry testId="6e5e8111-ded9-4a7f-96ec-419ec229ccd9" executionId="8bcb7063-3986-4baf-a29d-35a4e465339a" testListId="8c84fa94-04c1-424b-9868-57a2d4851a1d" />
    <TestEntry testId="eaa779fd-2b40-49dc-acad-ffc63d4c9595" executionId="0bacec75-1526-486d-84fe-c86b9a2a27dc" testListId="8c84fa94-04c1-424b-9868-57a2d4851a1d" />
    <TestEntry testId="583158cd-beda-4410-b9f6-6cb4c33e6dd8" executionId="0dc24f23-8630-4db3-98c3-a947f72a75f8" testListId="8c84fa94-04c1-424b-9868-57a2d4851a1d" />
    <TestEntry testId="54a6d319-0a59-4cd5-9678-231609a0e7de" executionId="39681607-8168-4338-9886-417b5af1da2e" testListId="8c84fa94-04c1-424b-9868-57a2d4851a1d" />
    <TestEntry testId="59e62b27-cb9e-4670-a74b-93ba7741c833" executionId="ea512a4e-ad2f-4906-98f2-2f1f0ee08553" testListId="8c84fa94-04c1-424b-9868-57a2d4851a1d" />
    <TestEntry testId="fd0e5aab-bd92-4e94-93a5-6192acbd03f3" executionId="8ced3bdb-ab51-4bad-97b1-a78c5cd0ee34" testListId="8c84fa94-04c1-424b-9868-57a2d4851a1d" />
    <TestEntry testId="87709dbe-26b6-414e-a751-3eb44727720e" executionId="4b2e7af0-480a-4519-af7e-65c2ee60d493" testListId="8c84fa94-04c1-424b-9868-57a2d4851a1d" />
    <TestEntry testId="f1fa7d92-f46c-4681-bed1-48ce2a5aced3" executionId="78c311e1-2971-479b-b5a4-58bd03a07410" testListId="8c84fa94-04c1-424b-9868-57a2d4851a1d" />
    <TestEntry testId="b0e3b632-4d92-4a9d-a89d-95d2f62b8805" executionId="03fbe0b1-4719-41a0-902f-d4ad0df49a97" testListId="8c84fa94-04c1-424b-9868-57a2d4851a1d" />
    <TestEntry testId="72ee8972-cd34-4d49-935f-0e9c150619f2" executionId="88d6ce06-3257-46dc-97d5-24fcabef3193" testListId="8c84fa94-04c1-424b-9868-57a2d4851a1d" />
    <TestEntry testId="3007b094-193b-4121-b995-e7f1dbcf9627" executionId="5aa75ccb-9046-4caf-b923-6f762d2ba1a8" testListId="8c84fa94-04c1-424b-9868-57a2d4851a1d" />
    <TestEntry testId="e9a227d4-b38a-4a24-b8d0-74fd2d25d0f9" executionId="d8e65567-3673-4e18-bcd7-b7fba98cd383" testListId="8c84fa94-04c1-424b-9868-57a2d4851a1d" />
    <TestEntry testId="48710d52-e228-489c-975b-dbccd5b87a98" executionId="d175ab9d-1f7c-4099-a921-eabb47238f8e" testListId="8c84fa94-04c1-424b-9868-57a2d4851a1d" />
    <TestEntry testId="5dba540b-47f1-49ac-845d-c8c6563a8b87" executionId="dc0c614c-55d1-4c94-ae80-02e5fc2bccb2" testListId="8c84fa94-04c1-424b-9868-57a2d4851a1d" />
    <TestEntry testId="ced3bab1-5103-4c5e-be89-924cadf92d3c" executionId="c4b01045-76e0-412f-9168-797c5a314fc4" testListId="8c84fa94-04c1-424b-9868-57a2d4851a1d" />
    <TestEntry testId="f1991bea-6397-4684-9424-4ca03b804cd6" executionId="87daf8d1-1e84-48a7-85e6-3e48eab240d8" testListId="8c84fa94-04c1-424b-9868-57a2d4851a1d" />
    <TestEntry testId="2cbb3bc8-a322-4735-a021-2a73f8bc62ad" executionId="cb11526c-8529-4e10-871f-69a9982d23f6" testListId="8c84fa94-04c1-424b-9868-57a2d4851a1d" />
    <TestEntry testId="d00684c6-b1e1-4da9-981d-f04d6432a5ce" executionId="3375d9b3-7867-4bc2-90b5-05ffc715ab91" testListId="8c84fa94-04c1-424b-9868-57a2d4851a1d" />
    <TestEntry testId="afb1c130-763d-4528-bf7a-36025e3f4165" executionId="d08d85fb-838a-4d0e-a236-780d3f97498f" testListId="8c84fa94-04c1-424b-9868-57a2d4851a1d" />
    <TestEntry testId="31a0b72c-d474-45c6-a104-3743362fc781" executionId="e7fe56e4-37c1-4059-b367-9b735cfa3372" testListId="8c84fa94-04c1-424b-9868-57a2d4851a1d" />
    <TestEntry testId="2c6caf5e-dc1a-48e9-b3f8-6c7acfe746cd" executionId="bbc94e23-b2f9-406e-993d-92198e9d5523" testListId="8c84fa94-04c1-424b-9868-57a2d4851a1d" />
    <TestEntry testId="bdb6de90-5095-4133-97a8-9e3f076d49a9" executionId="a25d1e90-8937-4413-a479-0c7a1b7abb45" testListId="8c84fa94-04c1-424b-9868-57a2d4851a1d" />
    <TestEntry testId="944c4f2b-2e6f-4a10-9201-d32b4355411f" executionId="892d0dd3-affe-423b-b297-50263837d4f7" testListId="8c84fa94-04c1-424b-9868-57a2d4851a1d" />
    <TestEntry testId="e1dd61ce-f759-4e5a-9da6-8b449ac945c0" executionId="cfcb5ab1-e47c-4531-9d90-043ec60cfb76" testListId="8c84fa94-04c1-424b-9868-57a2d4851a1d" />
    <TestEntry testId="9aaa6936-8076-4a22-a414-7c9b7623375c" executionId="85b99e01-053c-4fd6-8fad-e3a2255d0a4d" testListId="8c84fa94-04c1-424b-9868-57a2d4851a1d" />
    <TestEntry testId="484fd57d-a2c9-47ca-ba82-70ec7ebe6f74" executionId="d7b7f104-79b6-4fa5-bfc8-7d65b97cf266" testListId="8c84fa94-04c1-424b-9868-57a2d4851a1d" />
    <TestEntry testId="5eae8a11-1370-402e-bad0-2626eff6d6f0" executionId="3b36b762-d775-4037-ba63-567d6b43638c" testListId="8c84fa94-04c1-424b-9868-57a2d4851a1d" />
    <TestEntry testId="1d9ca610-70cd-4ecc-a2c8-fe50c7a83a53" executionId="223bf6c6-2eb1-4ed2-b5a0-c4039d47b739" testListId="8c84fa94-04c1-424b-9868-57a2d4851a1d" />
    <TestEntry testId="d7c36b0a-5901-469a-9d0a-18e8f4f54095" executionId="966dbf77-475d-4f92-a0dc-2409e15279bd" testListId="8c84fa94-04c1-424b-9868-57a2d4851a1d" />
    <TestEntry testId="f5a0d100-800b-42c7-8f99-1d542dec59a9" executionId="f455e496-7e00-486e-9f57-a85bf297abdb" testListId="8c84fa94-04c1-424b-9868-57a2d4851a1d" />
    <TestEntry testId="d2359ed3-b947-4f9e-8306-9e302a08d947" executionId="cbd4b394-3707-48c4-9c0e-69667d5d1e97" testListId="8c84fa94-04c1-424b-9868-57a2d4851a1d" />
    <TestEntry testId="20817e28-75d5-4b3d-85e5-4c0003062730" executionId="c7be47db-d6e5-4d28-8124-b3c139721b08" testListId="8c84fa94-04c1-424b-9868-57a2d4851a1d" />
    <TestEntry testId="8a68d898-28b3-471f-b5eb-61377b6a2e0e" executionId="cbc7bf79-0ba8-4946-b3f1-e7919c1fb394" testListId="8c84fa94-04c1-424b-9868-57a2d4851a1d" />
    <TestEntry testId="c18fc543-ebc0-485d-88af-4d455f798e07" executionId="7c877f8b-f01b-429c-95f2-666a864db69f" testListId="8c84fa94-04c1-424b-9868-57a2d4851a1d" />
    <TestEntry testId="a217e41e-df3f-4428-a983-802c686be9d4" executionId="58553770-5153-4d4c-bac7-bea2380e3cc9" testListId="8c84fa94-04c1-424b-9868-57a2d4851a1d" />
    <TestEntry testId="9571123e-e969-498a-80a8-4f95a8a14264" executionId="aa9495fc-30ff-4f82-8c60-049a05dceb8c" testListId="8c84fa94-04c1-424b-9868-57a2d4851a1d" />
    <TestEntry testId="7d574cbc-bbfa-4b51-98b9-14d8a10a34ea" executionId="93c4429a-1c53-4873-ac1b-b5a889546c29" testListId="8c84fa94-04c1-424b-9868-57a2d4851a1d" />
    <TestEntry testId="d1eb04de-a5d4-4624-8cfd-f7f02140784f" executionId="e28788a6-00bc-4843-a27e-eeb50598383f" testListId="8c84fa94-04c1-424b-9868-57a2d4851a1d" />
    <TestEntry testId="7582f1ae-88d5-49db-8482-07a607f12673" executionId="e14a8619-6de0-4006-8c5e-611570662cd4" testListId="8c84fa94-04c1-424b-9868-57a2d4851a1d" />
    <TestEntry testId="1f9abb10-2fe1-4aaf-bc34-f19e2dfc4149" executionId="deffe999-f5ce-4e00-a894-bfc81be5c689" testListId="8c84fa94-04c1-424b-9868-57a2d4851a1d" />
    <TestEntry testId="9e456ebd-0c97-4626-9218-7a907edbf9bc" executionId="7ecb64dc-0938-46f2-8758-16b258334043" testListId="8c84fa94-04c1-424b-9868-57a2d4851a1d" />
    <TestEntry testId="15b2922f-3225-4bc6-816f-35da23160afa" executionId="e993675f-2919-4e66-a8e3-2b2e73831805" testListId="8c84fa94-04c1-424b-9868-57a2d4851a1d" />
    <TestEntry testId="3870caa4-2aaf-4c83-a35a-2b4ae44e6f03" executionId="2b0ce217-946f-4728-9e0f-483e4bd4778e" testListId="8c84fa94-04c1-424b-9868-57a2d4851a1d" />
    <TestEntry testId="ed6aa5a1-3342-4233-8a7f-9781c88a2843" executionId="d14068d4-2aea-40a9-bb5d-a9f0f641ec0c" testListId="8c84fa94-04c1-424b-9868-57a2d4851a1d" />
    <TestEntry testId="0f292e54-3fbc-4ddc-ac3f-bf52597e903f" executionId="c805962f-d7e3-4660-8f30-fd4ee4085e6a" testListId="8c84fa94-04c1-424b-9868-57a2d4851a1d" />
    <TestEntry testId="f97596b7-6eb3-4c82-8c51-8ece18214968" executionId="0a167a0a-7aca-452a-9c95-b829450169ee" testListId="8c84fa94-04c1-424b-9868-57a2d4851a1d" />
    <TestEntry testId="b7696f4c-d344-4455-8991-ad93505c5ec7" executionId="d8eabdaf-de97-4597-b574-c836745bc32a" testListId="8c84fa94-04c1-424b-9868-57a2d4851a1d" />
    <TestEntry testId="894a0ff2-6715-4198-87d1-21c66fa382b7" executionId="e1274e84-a845-45c8-86c4-88bc6e23cbc0" testListId="8c84fa94-04c1-424b-9868-57a2d4851a1d" />
    <TestEntry testId="c12ee967-b2ca-4685-a17b-66d81594de65" executionId="d627d6e5-a8ab-4a32-9a6f-618d5f24b4b6" testListId="8c84fa94-04c1-424b-9868-57a2d4851a1d" />
    <TestEntry testId="ce7b3fc2-9080-4fbc-99c0-ac14e50771c5" executionId="6b971f57-ae0e-4439-a5f3-7afa82b51e8d" testListId="8c84fa94-04c1-424b-9868-57a2d4851a1d" />
    <TestEntry testId="e4c88951-95d7-4dbc-98e3-a285c2a778e2" executionId="00ecd9d4-d595-4a94-9304-9be8bc1f224c" testListId="8c84fa94-04c1-424b-9868-57a2d4851a1d" />
    <TestEntry testId="43bbc32b-8b9e-4c3e-8225-8f14873acd45" executionId="9b70cef0-cea5-42af-8f2f-1fc42e6e4412" testListId="8c84fa94-04c1-424b-9868-57a2d4851a1d" />
    <TestEntry testId="69088376-8175-467b-9364-2cf9f49ef2a6" executionId="9b9f13c6-c07b-4efb-b0b3-ef5631b38613" testListId="8c84fa94-04c1-424b-9868-57a2d4851a1d" />
    <TestEntry testId="64fa875c-fa98-49f2-ab35-5b5dbbb03e40" executionId="2b994cd8-6bd1-45ce-974d-e481065ba69b" testListId="8c84fa94-04c1-424b-9868-57a2d4851a1d" />
    <TestEntry testId="7b89447d-ea02-4c26-94df-f403272c2904" executionId="64d42ce9-e278-465c-98ff-cd8c275022e9" testListId="8c84fa94-04c1-424b-9868-57a2d4851a1d" />
    <TestEntry testId="fb1a3588-5f2c-460b-80c9-70dcedeb767b" executionId="7717466b-66ad-4894-b99a-d3d555fca57d" testListId="8c84fa94-04c1-424b-9868-57a2d4851a1d" />
    <TestEntry testId="335d4ad4-3ffd-4f64-b7d5-f3f31d5297f9" executionId="96f636bf-67c8-4be1-9244-0b0205beb99a" testListId="8c84fa94-04c1-424b-9868-57a2d4851a1d" />
    <TestEntry testId="8d8fbaa1-1bf3-4354-8108-d685060a2560" executionId="13e88dfc-20e7-4612-8326-02cc5c176e4f" testListId="8c84fa94-04c1-424b-9868-57a2d4851a1d" />
    <TestEntry testId="9dd10955-a9de-4bd8-9451-fce1da2dbc38" executionId="96292f80-7c64-41b4-882b-ea88037b6cac" testListId="8c84fa94-04c1-424b-9868-57a2d4851a1d" />
    <TestEntry testId="bf1cdfa5-31fd-47c3-aa04-1e809a512c88" executionId="4f11e8e8-4d5c-4480-a2dd-a73f3b873cd9" testListId="8c84fa94-04c1-424b-9868-57a2d4851a1d" />
    <TestEntry testId="1eb6556d-c2b3-44ad-87a8-502674c4bd7e" executionId="fbd16f31-11b0-4597-a53a-607b9022fa78" testListId="8c84fa94-04c1-424b-9868-57a2d4851a1d" />
    <TestEntry testId="05f4d0bf-da3a-4194-b332-6751ea1bbd95" executionId="0d0f08ff-e9d5-4b7d-af47-77ec4e44b86b" testListId="8c84fa94-04c1-424b-9868-57a2d4851a1d" />
    <TestEntry testId="8d57e577-0ef9-442a-a9b7-095c6aa86ff5" executionId="59e3759a-cb88-44a3-bb9b-fd690a0bb886" testListId="8c84fa94-04c1-424b-9868-57a2d4851a1d" />
    <TestEntry testId="ae49ad55-803c-42b5-88f3-8df1c93a03c5" executionId="2e816978-f258-4b78-86ca-ac9acaf0bd5c" testListId="8c84fa94-04c1-424b-9868-57a2d4851a1d" />
    <TestEntry testId="e0f32e65-ef62-47ab-afb5-8548576a25cf" executionId="cf0d79a6-f7b8-478a-9072-23489db30e45" testListId="8c84fa94-04c1-424b-9868-57a2d4851a1d" />
    <TestEntry testId="f962ef8c-101e-4d7f-87b5-6fd9076070fa" executionId="a573b897-1917-470a-ae70-8bfefd95b49a" testListId="8c84fa94-04c1-424b-9868-57a2d4851a1d" />
    <TestEntry testId="989a9045-d511-4bb5-8409-f48cf4afddde" executionId="fcf4fd31-3351-4415-ae8f-64d14cafee5c" testListId="8c84fa94-04c1-424b-9868-57a2d4851a1d" />
    <TestEntry testId="9e1c4375-41c2-45b8-8674-c91498517a73" executionId="852f995d-73a3-41af-bdd0-6b51b21b480d" testListId="8c84fa94-04c1-424b-9868-57a2d4851a1d" />
    <TestEntry testId="3f49b2cf-44d0-4df3-8ddb-30fb59ba5770" executionId="07507759-d851-4797-8ada-2d21b4c2ed11" testListId="8c84fa94-04c1-424b-9868-57a2d4851a1d" />
    <TestEntry testId="753c0852-5fa9-41d9-b239-061c5e96b0dd" executionId="d2185181-f856-495c-82d3-d97734c4c5dc" testListId="8c84fa94-04c1-424b-9868-57a2d4851a1d" />
    <TestEntry testId="99b9bfec-8bc2-4073-98c6-4e4cab59fb6a" executionId="724db12f-ad1e-4d86-93bc-c6f4a5cae8f2" testListId="8c84fa94-04c1-424b-9868-57a2d4851a1d" />
    <TestEntry testId="38130354-7bc9-4115-a14d-470db94a8e8a" executionId="c669e6ea-5f47-46de-979a-a7fb5bd5fff6" testListId="8c84fa94-04c1-424b-9868-57a2d4851a1d" />
    <TestEntry testId="1bf83fe3-f7c9-406d-b9b9-ce160697b6fd" executionId="1cc2680e-cd54-4265-ba52-e5f09189815e" testListId="8c84fa94-04c1-424b-9868-57a2d4851a1d" />
    <TestEntry testId="7a5d8fb6-7c7c-42a9-a579-9d349756639d" executionId="00aca9b5-6ee7-4443-9450-5acf7cf514aa" testListId="8c84fa94-04c1-424b-9868-57a2d4851a1d" />
    <TestEntry testId="eb512b41-05d0-4e50-9864-b8d1869a4146" executionId="3c09dd66-7dae-4634-a5a4-682efee07202" testListId="8c84fa94-04c1-424b-9868-57a2d4851a1d" />
    <TestEntry testId="862bd3ba-1b82-472d-adc9-b2e9d41d1e30" executionId="e87797d9-89fd-4b53-905b-8cff42fff909" testListId="8c84fa94-04c1-424b-9868-57a2d4851a1d" />
    <TestEntry testId="0ed062f7-6d79-43c4-aec2-9c6586d23dc5" executionId="29b2537e-9f23-410f-b906-f3f28b214a49" testListId="8c84fa94-04c1-424b-9868-57a2d4851a1d" />
    <TestEntry testId="e127f886-3290-4e23-8e97-a0e64bb5c530" executionId="8ff4d2a9-9f1b-4015-b0bf-960424d5eff2" testListId="8c84fa94-04c1-424b-9868-57a2d4851a1d" />
    <TestEntry testId="b0f1cdc4-8b88-454e-8c79-5b0dc8ea1e40" executionId="48ac8188-6b74-473a-8d79-85739ccebfa9" testListId="8c84fa94-04c1-424b-9868-57a2d4851a1d" />
    <TestEntry testId="d30e0b24-419e-428b-a15d-0ebf0ddb16a7" executionId="3bdb4139-7892-4669-9047-c3f5008978f4" testListId="8c84fa94-04c1-424b-9868-57a2d4851a1d" />
    <TestEntry testId="c068e603-495f-48b8-8c65-ce62f67b13d6" executionId="fbf22f2a-e9db-4813-9115-7bf001b74401" testListId="8c84fa94-04c1-424b-9868-57a2d4851a1d" />
    <TestEntry testId="f2cdc9c9-f005-4419-b5c0-e3bdfcc9dd84" executionId="df12b0f9-b506-4296-878e-50a0ce94ecf0" testListId="8c84fa94-04c1-424b-9868-57a2d4851a1d" />
    <TestEntry testId="b6eca0f3-c010-4a53-8e30-8243eb91b986" executionId="cd7b4909-2c7f-44b0-83b4-f39307712257" testListId="8c84fa94-04c1-424b-9868-57a2d4851a1d" />
    <TestEntry testId="795e736f-a0f8-4f7e-b37c-88c4ac32810c" executionId="e72c5a79-0821-4e5b-94a0-b762717c6de8" testListId="8c84fa94-04c1-424b-9868-57a2d4851a1d" />
    <TestEntry testId="7f30a204-f694-4718-b6f0-2e240c82076c" executionId="98fbb230-911b-4a58-80ef-0a545b4f6f59" testListId="8c84fa94-04c1-424b-9868-57a2d4851a1d" />
    <TestEntry testId="ab76868e-d84a-46fa-a2cc-f276eaeeada0" executionId="8a63ed83-0fde-420d-b2be-e349fb494e49" testListId="8c84fa94-04c1-424b-9868-57a2d4851a1d" />
    <TestEntry testId="5fd871d9-958e-4b8d-8733-0baa6ab2678a" executionId="c9aee4c6-3187-498a-96cd-6fb2ab2bfd05" testListId="8c84fa94-04c1-424b-9868-57a2d4851a1d" />
    <TestEntry testId="bb4563b5-a69f-4a80-a7ca-3725716cec9d" executionId="5b0cb102-c306-47a6-9775-15ff4df8f621" testListId="8c84fa94-04c1-424b-9868-57a2d4851a1d" />
    <TestEntry testId="6e158735-e1d4-49b8-9710-d15b4818d762" executionId="f8064e76-f362-4276-a7fa-e560ae2338e4" testListId="8c84fa94-04c1-424b-9868-57a2d4851a1d" />
    <TestEntry testId="38110e66-78a5-4afa-bfc5-98768330eeee" executionId="8b3720d9-a202-4d19-83f0-95a5c4c512ea" testListId="8c84fa94-04c1-424b-9868-57a2d4851a1d" />
    <TestEntry testId="9cbc01f8-5398-4e17-b6b1-02123a44c5f4" executionId="b31a3a1d-68c1-4c7d-b808-e36251a02cec" testListId="8c84fa94-04c1-424b-9868-57a2d4851a1d" />
    <TestEntry testId="abc87e31-25e6-4e4c-bbb3-170b0e03ef4c" executionId="c197469c-175a-4090-bfbc-724111de98d1" testListId="8c84fa94-04c1-424b-9868-57a2d4851a1d" />
    <TestEntry testId="15aab59b-a3ef-4606-930a-b24e0d90fb4f" executionId="40f1b8f3-78d9-41ba-93e8-49e82e19b6ed" testListId="8c84fa94-04c1-424b-9868-57a2d4851a1d" />
    <TestEntry testId="747d3cbb-43eb-4011-9501-eabdde47c75a" executionId="8dff74f2-8c95-4043-bb9f-0460fc7e75f7" testListId="8c84fa94-04c1-424b-9868-57a2d4851a1d" />
    <TestEntry testId="0cee999f-3ca5-428c-b8ab-f1674c62d9fd" executionId="51eb69f6-739f-48b0-a3a3-921556b3f2c5" testListId="8c84fa94-04c1-424b-9868-57a2d4851a1d" />
    <TestEntry testId="84d2bbd6-8b27-4afc-b118-e51dab45cb42" executionId="c0b47683-68c6-4c89-ae8d-d3b66efd8602" testListId="8c84fa94-04c1-424b-9868-57a2d4851a1d" />
    <TestEntry testId="3d931bd2-584b-475c-9432-8c82e9cdb41b" executionId="e1f27179-68d8-4a52-a06f-9137e8f1f1ba" testListId="8c84fa94-04c1-424b-9868-57a2d4851a1d" />
    <TestEntry testId="2f56d745-67df-489e-beee-abc3111ba8a9" executionId="a89af1a7-469d-40ae-b1ce-1280cec05242" testListId="8c84fa94-04c1-424b-9868-57a2d4851a1d" />
    <TestEntry testId="454e2578-247f-4dd4-bacb-724f7b3ed8d8" executionId="171f3775-5256-4cab-bd1a-42233b0d9cd9" testListId="8c84fa94-04c1-424b-9868-57a2d4851a1d" />
    <TestEntry testId="c9a1ad9b-9940-4fb2-970d-4de0165b2503" executionId="0502d67b-f735-4c68-b748-73e847e5cb40" testListId="8c84fa94-04c1-424b-9868-57a2d4851a1d" />
    <TestEntry testId="11b7f1a1-ee20-449e-835f-18415b64b567" executionId="89d5aa15-a18d-4cd3-bfd3-c9268cd0a775" testListId="8c84fa94-04c1-424b-9868-57a2d4851a1d" />
    <TestEntry testId="2c045aa8-5e8b-4601-aaa0-7778821d11b6" executionId="1f62ed43-e1f0-4cd4-bf07-ae91d02f698e" testListId="8c84fa94-04c1-424b-9868-57a2d4851a1d" />
    <TestEntry testId="2ad673c5-df88-4b8d-9d73-239688176385" executionId="65cee43a-690c-4597-9449-b3ae4c55b6ea" testListId="8c84fa94-04c1-424b-9868-57a2d4851a1d" />
    <TestEntry testId="2201fc7d-99cc-43b4-b2fc-277460d4b216" executionId="369d82f1-566d-4204-919f-6ed2961aed45" testListId="8c84fa94-04c1-424b-9868-57a2d4851a1d" />
    <TestEntry testId="9fcc35ce-8a2c-4ba8-b87b-834f6f765815" executionId="03957ba5-00dc-4e63-bba1-9895e12b8b1d" testListId="8c84fa94-04c1-424b-9868-57a2d4851a1d" />
    <TestEntry testId="fdd97c6e-eb58-4b1f-91a4-30625c5ea1df" executionId="dd4b2bba-d729-48c4-ba2d-4eb20cbcb287" testListId="8c84fa94-04c1-424b-9868-57a2d4851a1d" />
    <TestEntry testId="eacc5fea-2304-4801-8e40-bff0f4db1923" executionId="33d71388-ae23-4692-81ef-8d096a978fcf" testListId="8c84fa94-04c1-424b-9868-57a2d4851a1d" />
    <TestEntry testId="acb160b4-8b01-48bc-8b6c-663abe8dbd1d" executionId="047c0f57-0e0f-4826-965a-526aee5dac04" testListId="8c84fa94-04c1-424b-9868-57a2d4851a1d" />
    <TestEntry testId="84ff31c8-333e-4bc8-9684-ec4c8fe3e243" executionId="ec042c21-c173-4c7b-aaaa-e64558ce129d" testListId="8c84fa94-04c1-424b-9868-57a2d4851a1d" />
    <TestEntry testId="a9e39bee-5aa1-41d4-b1bf-2ca59815153a" executionId="22b57236-cbaf-407c-9c0a-cd7cb935c518" testListId="8c84fa94-04c1-424b-9868-57a2d4851a1d" />
    <TestEntry testId="17cf1c07-ad7f-4687-8b47-3590b53bc8e2" executionId="cfc87733-6788-4f02-8c20-53981c045765" testListId="8c84fa94-04c1-424b-9868-57a2d4851a1d" />
    <TestEntry testId="cb19c0b2-0993-4676-8f2b-b86f5452399c" executionId="e13b6530-2348-4733-bef1-baddbb421777" testListId="8c84fa94-04c1-424b-9868-57a2d4851a1d" />
    <TestEntry testId="9fbb9a6e-86fa-4e17-a9f8-7134f981aa1d" executionId="cd0c1761-726e-404e-845c-bebfe552a468" testListId="8c84fa94-04c1-424b-9868-57a2d4851a1d" />
    <TestEntry testId="92e25258-a8cd-47ab-bd0b-b1963e8a5fa2" executionId="819ea62d-0df8-48d4-b04f-896ffcfe6a62" testListId="8c84fa94-04c1-424b-9868-57a2d4851a1d" />
    <TestEntry testId="69892a57-3845-4327-ad89-15037fa4778e" executionId="1fe3be40-830e-4374-aecd-a9763b17e480" testListId="8c84fa94-04c1-424b-9868-57a2d4851a1d" />
    <TestEntry testId="0cfbb745-508c-46e3-a6af-200417526858" executionId="2d4fa201-bd08-4a8b-902c-af036aeb3dcb" testListId="8c84fa94-04c1-424b-9868-57a2d4851a1d" />
    <TestEntry testId="0c07db48-66c8-4e9e-85ab-b18dbfbc5520" executionId="cc6009fe-5356-41c0-9588-a78c7a9e0d1f" testListId="8c84fa94-04c1-424b-9868-57a2d4851a1d" />
    <TestEntry testId="16ec7a8f-cf15-47c6-aeff-66a22fa73808" executionId="a7d3e941-0e26-4d32-b46f-9c51f321c77f" testListId="8c84fa94-04c1-424b-9868-57a2d4851a1d" />
    <TestEntry testId="5c740af1-aede-4d2b-9b55-459f717bb7c4" executionId="cf8821fc-e997-49c7-add2-749cbe4b9721" testListId="8c84fa94-04c1-424b-9868-57a2d4851a1d" />
    <TestEntry testId="c5c4b83d-6b13-4603-ad70-f70baac57f53" executionId="d45e53e7-a0ae-46f7-a0bc-3bc528c9d176" testListId="8c84fa94-04c1-424b-9868-57a2d4851a1d" />
    <TestEntry testId="147ea97f-42aa-4b33-891c-55428487d601" executionId="fc49cba4-f387-4289-8a6b-5f7d89ac283c" testListId="8c84fa94-04c1-424b-9868-57a2d4851a1d" />
    <TestEntry testId="22b54409-b165-423c-88d1-7f514e1e9be4" executionId="c10037c9-55b1-4684-bb63-aa518d64616d" testListId="8c84fa94-04c1-424b-9868-57a2d4851a1d" />
    <TestEntry testId="b2ddf24b-dcf5-4c70-b351-3c383d379ff9" executionId="da015e0d-5438-482b-9c8d-15b8b6d691a7" testListId="8c84fa94-04c1-424b-9868-57a2d4851a1d" />
    <TestEntry testId="e9bb96c2-42ad-4cd4-b987-72aef0f4a404" executionId="47714d9f-54bf-4ccf-ab8f-60265822f287" testListId="8c84fa94-04c1-424b-9868-57a2d4851a1d" />
    <TestEntry testId="9056cd75-74ff-4313-85dd-f6be78caf765" executionId="dd94e0c6-69f6-4308-b9f2-f30b1f3db0b8" testListId="8c84fa94-04c1-424b-9868-57a2d4851a1d" />
    <TestEntry testId="c8faae9c-f1f1-4aae-a2ff-0d23d9ba1dd2" executionId="44e64286-9b09-4c7d-af4c-7806b7d0a56b" testListId="8c84fa94-04c1-424b-9868-57a2d4851a1d" />
    <TestEntry testId="5b508d08-0087-42f8-8feb-df5b1eefbf47" executionId="cd9dab96-4699-45c0-9e96-a200aecbba69" testListId="8c84fa94-04c1-424b-9868-57a2d4851a1d" />
    <TestEntry testId="f4c7c23c-14d0-40ae-8862-c0f3faecd763" executionId="050dcae0-9d77-4089-9d29-5f6c343f28cd" testListId="8c84fa94-04c1-424b-9868-57a2d4851a1d" />
    <TestEntry testId="6c1d8051-55a1-45ed-905f-30b901e765c8" executionId="6da2df4d-acb7-4963-ba97-84a0f7f0dc60" testListId="8c84fa94-04c1-424b-9868-57a2d4851a1d" />
    <TestEntry testId="c630d99c-4b4f-4dba-8dad-3b75688fcc48" executionId="24d36112-9e95-41e0-885a-8a881ae72a95" testListId="8c84fa94-04c1-424b-9868-57a2d4851a1d" />
    <TestEntry testId="df2d2835-999e-4154-b4a7-020dc9bd5802" executionId="16ae6543-d6e4-4950-877c-780e65c5a72e" testListId="8c84fa94-04c1-424b-9868-57a2d4851a1d" />
    <TestEntry testId="617d2a13-6483-4a15-bfe3-9e73561d7877" executionId="ae081632-8bc5-4243-a9d4-bcb70d9fd556" testListId="8c84fa94-04c1-424b-9868-57a2d4851a1d" />
    <TestEntry testId="246b8207-cb01-467c-a9f7-ce74eab5e90e" executionId="b94119da-b1d0-4b85-ae86-3d7a045d690c" testListId="8c84fa94-04c1-424b-9868-57a2d4851a1d" />
    <TestEntry testId="f07b0a55-24a6-4df0-8d84-350680014781" executionId="a7b16099-1ab4-4926-b009-40f22d66ed50" testListId="8c84fa94-04c1-424b-9868-57a2d4851a1d" />
    <TestEntry testId="8e67f650-a266-460b-91cf-3259f9b5c732" executionId="0df6be42-3340-4db0-8cae-c593e742b825" testListId="8c84fa94-04c1-424b-9868-57a2d4851a1d" />
    <TestEntry testId="b9e6419f-cec6-42d2-a562-ee097d09082e" executionId="929a1af5-7cb8-44eb-af95-9c955e557976" testListId="8c84fa94-04c1-424b-9868-57a2d4851a1d" />
    <TestEntry testId="a1efa865-328f-4b9f-ab37-2fe857a3a6c3" executionId="a901341f-307f-4094-b173-0c84cc3da0de" testListId="8c84fa94-04c1-424b-9868-57a2d4851a1d" />
    <TestEntry testId="aaa55384-7591-4928-b3db-bf8d731462dd" executionId="27ec00dd-729d-4e52-95ba-295ee6a48cc8" testListId="8c84fa94-04c1-424b-9868-57a2d4851a1d" />
    <TestEntry testId="36c7b8a4-6a53-4b3a-88af-9d92b037bb9b" executionId="6613c7fd-4f70-43cd-ae08-6d294a3ac902" testListId="8c84fa94-04c1-424b-9868-57a2d4851a1d" />
    <TestEntry testId="f26dbe85-f9bd-4ddb-9b69-7bd69d7ef0c7" executionId="a8a76f59-4db5-4fe3-9f44-c15df281ed54" testListId="8c84fa94-04c1-424b-9868-57a2d4851a1d" />
    <TestEntry testId="6de7752c-a7b0-4b61-80d6-9544db856936" executionId="1d4bb3f2-34ea-4abd-a841-09f5eb041570" testListId="8c84fa94-04c1-424b-9868-57a2d4851a1d" />
    <TestEntry testId="d601761c-cc35-4085-a3e6-8759f97b4799" executionId="7c1f18d8-8665-41e4-bbe3-d761a6b50036" testListId="8c84fa94-04c1-424b-9868-57a2d4851a1d" />
    <TestEntry testId="d54e6fef-7a9d-4c3b-bd9d-7d5d1f9a3fdf" executionId="84a39cbd-0353-46a7-8cc3-a894a8a6dd6d" testListId="8c84fa94-04c1-424b-9868-57a2d4851a1d" />
    <TestEntry testId="0cfbaa40-3aee-4cb4-b9d9-a5342c739af1" executionId="05858a5a-31a1-4ac5-8762-072abe7dbe43" testListId="8c84fa94-04c1-424b-9868-57a2d4851a1d" />
    <TestEntry testId="b0e464e0-a6db-4bb2-963f-bf88b12e8861" executionId="d9be97c8-6d0a-44a2-a35b-ea0495cee654" testListId="8c84fa94-04c1-424b-9868-57a2d4851a1d" />
    <TestEntry testId="a88f4719-1d73-4bd8-ae5f-2af78bd93fe1" executionId="6ea80010-b236-465d-82f5-b67c4f6fd26e" testListId="8c84fa94-04c1-424b-9868-57a2d4851a1d" />
    <TestEntry testId="56fecd7e-ac3e-4660-804c-4caf6e1b3c56" executionId="abd840ec-822d-49c1-88b7-f64e6c755ce0" testListId="8c84fa94-04c1-424b-9868-57a2d4851a1d" />
    <TestEntry testId="3272db65-9632-425a-86b8-f861d210ea0c" executionId="e4825503-c9de-498d-868b-3d28f87ba05b" testListId="8c84fa94-04c1-424b-9868-57a2d4851a1d" />
    <TestEntry testId="ac66ae30-e121-485f-8d67-ba61805463ec" executionId="cfbd0796-c333-4cd4-a65d-c9728a74e71a" testListId="8c84fa94-04c1-424b-9868-57a2d4851a1d" />
    <TestEntry testId="805f1621-dac3-425a-8589-d1e1ed6a7822" executionId="c7384f2d-a947-457b-8603-da289512b1cf" testListId="8c84fa94-04c1-424b-9868-57a2d4851a1d" />
    <TestEntry testId="6396afb6-f855-4f63-9ec9-2abb8d6a8290" executionId="bcff7356-0270-4ad2-9cd1-393c69bc099b" testListId="8c84fa94-04c1-424b-9868-57a2d4851a1d" />
    <TestEntry testId="527bdbe3-403a-4b28-8e43-02f26ecad15f" executionId="94eb01eb-ec9d-4d6f-abc2-f13b9f79570c" testListId="8c84fa94-04c1-424b-9868-57a2d4851a1d" />
    <TestEntry testId="16ce5158-1b8a-43ee-9657-3a1d439fcc43" executionId="e1c31462-124f-4c9d-bb7b-f63f7303a290" testListId="8c84fa94-04c1-424b-9868-57a2d4851a1d" />
    <TestEntry testId="d107bb83-e512-4ff7-b63c-ca5f9ea5b208" executionId="8bcc76ac-0543-4eae-ab8f-b13dfa4d05e6" testListId="8c84fa94-04c1-424b-9868-57a2d4851a1d" />
    <TestEntry testId="ae831d71-4c9d-4f94-8ea0-3e45c87db924" executionId="d5de5b13-f91e-4337-b9e6-c04430161e6e" testListId="8c84fa94-04c1-424b-9868-57a2d4851a1d" />
    <TestEntry testId="1b83b169-8fec-4207-91b8-a3b68f77240f" executionId="cd6e2b09-823a-4729-8965-5b0fe4b8ea25" testListId="8c84fa94-04c1-424b-9868-57a2d4851a1d" />
    <TestEntry testId="f5faaf3b-96db-47bd-a48c-8b7f8e0db01d" executionId="3264ec9b-798e-4742-970d-e51c454d253f" testListId="8c84fa94-04c1-424b-9868-57a2d4851a1d" />
    <TestEntry testId="f8055355-1cd4-426f-b203-5aaa04742aa2" executionId="05b741be-dc27-4f7a-9bf3-83b9c87dd3ec" testListId="8c84fa94-04c1-424b-9868-57a2d4851a1d" />
    <TestEntry testId="0f786cf2-a478-47c7-b95a-7ded00f0ec4c" executionId="b3fd8b64-3cae-4b34-a9bd-f919aec8022d" testListId="8c84fa94-04c1-424b-9868-57a2d4851a1d" />
    <TestEntry testId="8dd191f3-7040-461a-a229-76012903d640" executionId="eba244e0-6966-4d22-97ec-29dba685937b" testListId="8c84fa94-04c1-424b-9868-57a2d4851a1d" />
    <TestEntry testId="a35e5842-e0d5-45bc-b309-2eb7f7a1e917" executionId="ee8feb61-aa09-407b-b4ba-8559a3f19ac1" testListId="8c84fa94-04c1-424b-9868-57a2d4851a1d" />
    <TestEntry testId="fe32d834-b768-457d-89e9-da81fb744613" executionId="314e9f96-72c6-41bd-8f8b-bad4474a22c3" testListId="8c84fa94-04c1-424b-9868-57a2d4851a1d" />
    <TestEntry testId="2c44bfed-f944-4ba5-9d33-412ff16842d5" executionId="200dbccb-119f-4439-81c7-6624cbbf7cde" testListId="8c84fa94-04c1-424b-9868-57a2d4851a1d" />
    <TestEntry testId="b6f5fb4b-e207-4bb3-a5f2-85404f3dd2f6" executionId="06ecf045-6a76-413f-bc46-d293188839be" testListId="8c84fa94-04c1-424b-9868-57a2d4851a1d" />
    <TestEntry testId="7f430033-a791-4846-b083-274bd6323135" executionId="13adaee4-6063-4be1-a16e-626bad183b35" testListId="8c84fa94-04c1-424b-9868-57a2d4851a1d" />
    <TestEntry testId="a5df17be-462c-4572-92b2-f56bae82fda9" executionId="048cd405-97b3-4808-87a1-b9a7fbe17fd2" testListId="8c84fa94-04c1-424b-9868-57a2d4851a1d" />
    <TestEntry testId="e733df7e-c855-46a4-abc1-e7de5b2550cc" executionId="d48d996d-4b33-4e3c-8b63-3bc51a385dc0" testListId="8c84fa94-04c1-424b-9868-57a2d4851a1d" />
    <TestEntry testId="dc77aeb4-8467-4852-a163-f21958232ca8" executionId="bfb930c3-2435-4698-8e42-09da63170496" testListId="8c84fa94-04c1-424b-9868-57a2d4851a1d" />
    <TestEntry testId="e21afb37-79a1-4494-afa5-727c6ace2afc" executionId="aa5d4baf-e63d-4bf7-aedf-c37fd30985af" testListId="8c84fa94-04c1-424b-9868-57a2d4851a1d" />
    <TestEntry testId="b86998c5-01c9-40d1-b314-a06b584162ea" executionId="994c0e92-7c74-4644-af6a-801030286503" testListId="8c84fa94-04c1-424b-9868-57a2d4851a1d" />
    <TestEntry testId="62ee2b5a-5423-4f20-9d32-cd304e8db51c" executionId="0dd62721-0e06-4b68-a6aa-3aeec8694bea" testListId="8c84fa94-04c1-424b-9868-57a2d4851a1d" />
    <TestEntry testId="55610111-eb96-4abb-91a2-ce856601b3ec" executionId="2c1486ad-b140-4df1-a551-2eda3bbea227" testListId="8c84fa94-04c1-424b-9868-57a2d4851a1d" />
    <TestEntry testId="1fb1385e-c9ae-472b-945b-c225f22bc300" executionId="b2f720ae-ae67-4ad5-ba27-b8002e9b5e01" testListId="8c84fa94-04c1-424b-9868-57a2d4851a1d" />
    <TestEntry testId="ea26f1d4-4630-4115-9397-22f08ff8434d" executionId="9a15ef01-69b7-40e4-a202-0746840f5995" testListId="8c84fa94-04c1-424b-9868-57a2d4851a1d" />
    <TestEntry testId="6442202b-07ca-40eb-9dcc-f6c82f7be7c7" executionId="f65e3032-4501-4eb1-a0c0-92ed658d0025" testListId="8c84fa94-04c1-424b-9868-57a2d4851a1d" />
    <TestEntry testId="8ac7d34e-58d9-4fd6-bbcc-c7c36ee12296" executionId="daae3f18-b7be-4100-8720-eddfad3c3272" testListId="8c84fa94-04c1-424b-9868-57a2d4851a1d" />
    <TestEntry testId="f51796c5-3a74-4547-b1d2-3c99b4485996" executionId="2642921a-f310-48cf-95d3-9e7a2a2ddcaf" testListId="8c84fa94-04c1-424b-9868-57a2d4851a1d" />
    <TestEntry testId="196158d5-3504-49df-b5d9-3dd2fb95ef4a" executionId="957e5d32-7195-4019-9063-4e17bf1ce070" testListId="8c84fa94-04c1-424b-9868-57a2d4851a1d" />
    <TestEntry testId="ad48096e-0571-4ae8-9a6d-f8057758c61b" executionId="a44f0003-7c11-4705-9a9c-ebf1eb478404" testListId="8c84fa94-04c1-424b-9868-57a2d4851a1d" />
    <TestEntry testId="093fe355-2f30-4d6c-aab6-031d25832d09" executionId="e6676874-5f68-491a-a8b3-21e0d354d2d1" testListId="8c84fa94-04c1-424b-9868-57a2d4851a1d" />
    <TestEntry testId="2c9afbbf-a9f4-4c95-86fc-72b103a65c5e" executionId="c1484c81-9d00-4393-9b17-34cd2e096a23" testListId="8c84fa94-04c1-424b-9868-57a2d4851a1d" />
    <TestEntry testId="2f191a58-fada-40c0-995c-f4891373033e" executionId="e3ab0b46-28e7-48ed-8d23-00261910a91d" testListId="8c84fa94-04c1-424b-9868-57a2d4851a1d" />
    <TestEntry testId="758f29c7-bf23-4c67-b045-9a6c0fbd32e3" executionId="f50d9735-a3da-4fff-894a-63bf66fad5d4" testListId="8c84fa94-04c1-424b-9868-57a2d4851a1d" />
    <TestEntry testId="08fda06f-770f-457d-82a9-6f37b0b16e14" executionId="5c242466-c897-4d84-94d1-e14c56635172" testListId="8c84fa94-04c1-424b-9868-57a2d4851a1d" />
    <TestEntry testId="13c2f230-841e-44ae-ab5f-e35029525a2d" executionId="1c951df4-c047-4a6d-a44f-661ec33a9186" testListId="8c84fa94-04c1-424b-9868-57a2d4851a1d" />
    <TestEntry testId="cb8910c0-34ff-4946-b837-c313062d2fe5" executionId="95336870-6be9-4511-b1d7-76ef4fc28494" testListId="8c84fa94-04c1-424b-9868-57a2d4851a1d" />
    <TestEntry testId="6ff3bd6b-1494-46c9-bdd7-be2b6428ae1b" executionId="ef3dd4ae-2b3b-484d-83f5-c211c09a5a23" testListId="8c84fa94-04c1-424b-9868-57a2d4851a1d" />
    <TestEntry testId="3f97f943-7899-431c-a6a5-66c71e18c887" executionId="3a8d44fd-f7e5-423f-9a89-59ccf300dae4" testListId="8c84fa94-04c1-424b-9868-57a2d4851a1d" />
    <TestEntry testId="db37161e-bc42-422c-a144-314082319403" executionId="ef2f9b78-2dea-46c8-b193-c9c614f2849f" testListId="8c84fa94-04c1-424b-9868-57a2d4851a1d" />
    <TestEntry testId="27ca6623-f0e5-45f3-9bcf-126cfad0aad1" executionId="7b7aa78b-9c1b-452d-a2fd-7220d9f59cf8" testListId="8c84fa94-04c1-424b-9868-57a2d4851a1d" />
    <TestEntry testId="373ec8a9-3b92-4e85-9b8c-bee19a0b1564" executionId="eb1d2c24-ab38-4230-8d58-14048a445f1a" testListId="8c84fa94-04c1-424b-9868-57a2d4851a1d" />
    <TestEntry testId="5976f718-6a4c-4b62-8375-5f5d6488d0c1" executionId="bae17919-226d-4e8f-9de4-cc003a96b71d" testListId="8c84fa94-04c1-424b-9868-57a2d4851a1d" />
    <TestEntry testId="67adc49e-52b9-49d8-bccb-3155837e3dc1" executionId="1cdeef36-1542-45d6-82d6-91001e060ec2" testListId="8c84fa94-04c1-424b-9868-57a2d4851a1d" />
    <TestEntry testId="8d93a01a-73fd-4fb7-a514-38c18a2d4d29" executionId="19e67a7d-a1f8-4412-81b6-c51c12b6fb52" testListId="8c84fa94-04c1-424b-9868-57a2d4851a1d" />
    <TestEntry testId="82244573-0066-4487-acc6-847ccbd0a3b1" executionId="796c3d77-7e40-4fd4-a804-43e8ecfa4052" testListId="8c84fa94-04c1-424b-9868-57a2d4851a1d" />
    <TestEntry testId="d45c04a3-2306-4020-8776-d0771721e80c" executionId="cb14a00f-a81f-4420-97b3-e8b850241661" testListId="8c84fa94-04c1-424b-9868-57a2d4851a1d" />
    <TestEntry testId="54685109-846e-4b46-b8f4-8d388ed728a7" executionId="ded90d0b-689a-4ddb-ac58-7c919f3ce65f" testListId="8c84fa94-04c1-424b-9868-57a2d4851a1d" />
    <TestEntry testId="718dd5a6-1f82-4faf-b3ae-55ba4264d8e5" executionId="77cca8fc-6a21-44fe-9e02-fd69e0deef10" testListId="8c84fa94-04c1-424b-9868-57a2d4851a1d" />
    <TestEntry testId="3f8d030b-fbe7-4150-b2ca-4a69a9424a52" executionId="7d2f4795-ce84-4be0-becf-ca248be51235" testListId="8c84fa94-04c1-424b-9868-57a2d4851a1d" />
    <TestEntry testId="ed204701-d981-4aa5-8157-f2a69e868541" executionId="dd4ae4e0-cd13-4438-a68e-e97b99d6ad33" testListId="8c84fa94-04c1-424b-9868-57a2d4851a1d" />
    <TestEntry testId="270c2d72-d871-4259-a359-dc35d4e701ce" executionId="08700f88-5a84-493d-8fe8-60b461593b26" testListId="8c84fa94-04c1-424b-9868-57a2d4851a1d" />
    <TestEntry testId="f4a0300a-ca27-4e77-b864-8f56fdca3a6e" executionId="d48a21ae-d3aa-45ab-83a8-4c376fcc9f14" testListId="8c84fa94-04c1-424b-9868-57a2d4851a1d" />
    <TestEntry testId="04de8031-fa07-4042-a0ee-aedcc998925b" executionId="fe407b86-6323-4655-8eff-7b904d5cb95d" testListId="8c84fa94-04c1-424b-9868-57a2d4851a1d" />
    <TestEntry testId="93956ffe-4e80-467c-9e19-977d85dd9d8e" executionId="6c63c3f3-a79d-4e72-8ce1-e064319b2893" testListId="8c84fa94-04c1-424b-9868-57a2d4851a1d" />
    <TestEntry testId="c971df5a-1fdc-4a97-9bbc-0a93ee976c9b" executionId="219391ac-7ddf-4b76-a2cf-83f53cf2c2e7" testListId="8c84fa94-04c1-424b-9868-57a2d4851a1d" />
    <TestEntry testId="ace56cc9-c499-45b7-aa03-d138757f31a0" executionId="e0c9a616-cffa-4606-aa7d-6162ed30fce2" testListId="8c84fa94-04c1-424b-9868-57a2d4851a1d" />
    <TestEntry testId="e4b87557-3ccd-497b-ae60-a755c8195a33" executionId="d5b70fc5-a3f4-465b-99cc-cb0035e38bb8" testListId="8c84fa94-04c1-424b-9868-57a2d4851a1d" />
    <TestEntry testId="6a272844-5643-4776-8ad2-3595b9daece0" executionId="22821d81-b7c6-4df1-a178-df77dac45cbb" testListId="8c84fa94-04c1-424b-9868-57a2d4851a1d" />
    <TestEntry testId="bb6f807c-241d-42a5-a91b-deb4700ab83a" executionId="f51e720f-bb47-4a84-a6aa-7bbd1cb23d63" testListId="8c84fa94-04c1-424b-9868-57a2d4851a1d" />
    <TestEntry testId="bc24e187-f074-4464-a7c6-6d56a05b352e" executionId="3653af69-cad0-455b-9fa2-0c50ae59002d" testListId="8c84fa94-04c1-424b-9868-57a2d4851a1d" />
    <TestEntry testId="fd9ac4bf-8af3-4929-b9f9-38f764bfe2eb" executionId="ab0dee22-7a44-4e82-8bce-f9f52e88ccb7" testListId="8c84fa94-04c1-424b-9868-57a2d4851a1d" />
    <TestEntry testId="8b6faa65-6847-465e-bff0-3d10077d9b25" executionId="6586e47d-cd71-488b-87be-a1e848499e03" testListId="8c84fa94-04c1-424b-9868-57a2d4851a1d" />
    <TestEntry testId="67be7ad0-5ead-4579-871c-cde07bc8e6e5" executionId="8517bf11-9611-417e-9995-aa0e49ff455f" testListId="8c84fa94-04c1-424b-9868-57a2d4851a1d" />
    <TestEntry testId="b97de2c2-bf31-455c-b082-67f7e201e6f0" executionId="08bcbbc7-1d5b-4e5e-ba41-06579d7ebd72" testListId="8c84fa94-04c1-424b-9868-57a2d4851a1d" />
    <TestEntry testId="9d4f6337-894c-4e79-90a7-923872f09ec6" executionId="f15b1bcf-8f15-4c06-8b98-ebe9d9346916" testListId="8c84fa94-04c1-424b-9868-57a2d4851a1d" />
    <TestEntry testId="8bdcf04f-ac09-4709-8dbf-ff710c255d33" executionId="1cc5a809-4afc-4f07-8166-38fbdd3c4cec" testListId="8c84fa94-04c1-424b-9868-57a2d4851a1d" />
    <TestEntry testId="7e53518f-80ad-4a48-af1c-12fd1b384548" executionId="35ae7d11-c4f2-45ae-a97a-a0137b307546" testListId="8c84fa94-04c1-424b-9868-57a2d4851a1d" />
    <TestEntry testId="6c4a6c1a-dfa5-4039-b265-1133d9aaaff1" executionId="92ac69ec-6338-4f3b-a469-0d9e41b1ac6e" testListId="8c84fa94-04c1-424b-9868-57a2d4851a1d" />
    <TestEntry testId="87491bb5-6a30-43b3-aec0-2c99309408ec" executionId="f41ccc06-12a7-422c-a916-2d0f96079c89" testListId="8c84fa94-04c1-424b-9868-57a2d4851a1d" />
    <TestEntry testId="2e6ec3b2-4059-4890-96ef-b4e4b40f80a2" executionId="2d58a16a-755c-4e49-99dc-9f8e4540bbb6" testListId="8c84fa94-04c1-424b-9868-57a2d4851a1d" />
    <TestEntry testId="3f4cd3c8-db5f-4897-859b-c4eced47d60e" executionId="8926db54-4b5d-4091-bfec-746e26aa2ed1" testListId="8c84fa94-04c1-424b-9868-57a2d4851a1d" />
    <TestEntry testId="230ea8ff-200a-4aca-a96b-020c334ed78b" executionId="fcbb3067-622b-4d90-8c75-d6561f435cfd" testListId="8c84fa94-04c1-424b-9868-57a2d4851a1d" />
    <TestEntry testId="b99c0cb5-ae74-4015-bbd2-d1ae483272ef" executionId="a0462da3-5fbd-4884-8ddb-60049ad5112e" testListId="8c84fa94-04c1-424b-9868-57a2d4851a1d" />
    <TestEntry testId="af70e381-2484-4a10-9df4-15c222ce93c5" executionId="2be8e1d6-e867-45b6-a3f9-87a506e45e70" testListId="8c84fa94-04c1-424b-9868-57a2d4851a1d" />
    <TestEntry testId="b4dc5b9c-0e75-4e61-803f-aa35ce2c6954" executionId="40f27346-7460-4e14-914b-9ed58bff9e04" testListId="8c84fa94-04c1-424b-9868-57a2d4851a1d" />
    <TestEntry testId="a044b7fb-e890-48f6-984c-38b00d1ce427" executionId="22887700-add3-48e7-9066-3b400d9fce20" testListId="8c84fa94-04c1-424b-9868-57a2d4851a1d" />
    <TestEntry testId="5dd2283b-af1d-4b8d-8a04-e304a3c67b84" executionId="3aafeafc-06f4-481d-923e-3d66c23ed9bb" testListId="8c84fa94-04c1-424b-9868-57a2d4851a1d" />
    <TestEntry testId="23aaeebd-29cd-4402-a6d5-dd9d3bdb94e9" executionId="6bc8eecb-d7b0-4dde-b3b2-28070853986d" testListId="8c84fa94-04c1-424b-9868-57a2d4851a1d" />
    <TestEntry testId="a838cf9e-e4ce-4cba-a1b1-920d7bd71ff0" executionId="ed953777-aed3-4d12-a921-700c72b8dd94" testListId="8c84fa94-04c1-424b-9868-57a2d4851a1d" />
    <TestEntry testId="14981519-cea9-4b96-a801-1f0e13adfccb" executionId="b992bcce-1b34-4de4-90cf-2c38bd6a0306" testListId="8c84fa94-04c1-424b-9868-57a2d4851a1d" />
    <TestEntry testId="cc3ffd3f-0656-4de6-b22a-c620b6dfc6e2" executionId="61c9e6b1-ee16-498e-b2ae-3b028ea67dec" testListId="8c84fa94-04c1-424b-9868-57a2d4851a1d" />
    <TestEntry testId="d9c16376-ab53-4f01-b7f5-47d7b6035810" executionId="19d9a397-9d33-4541-81e3-a7ad173f4176" testListId="8c84fa94-04c1-424b-9868-57a2d4851a1d" />
    <TestEntry testId="f3a7c0ed-27d1-4884-be06-1dda503bd16e" executionId="43aeb1ce-d851-4be1-b51e-2ee284804138" testListId="8c84fa94-04c1-424b-9868-57a2d4851a1d" />
    <TestEntry testId="5e4201d8-319c-4f0f-91b0-85e7c10b7aa0" executionId="39787ea8-4190-4164-b5f3-ec4bc8390f5f" testListId="8c84fa94-04c1-424b-9868-57a2d4851a1d" />
    <TestEntry testId="be203a9f-fbfd-4d4b-a1f4-3a8c3f69dacb" executionId="c94978c5-2b6b-4157-8543-cb0198d41198" testListId="8c84fa94-04c1-424b-9868-57a2d4851a1d" />
    <TestEntry testId="86614575-b950-4c7e-8135-83cca4f2f588" executionId="ebea2894-f031-45c0-bf8a-ea025fcec11d" testListId="8c84fa94-04c1-424b-9868-57a2d4851a1d" />
    <TestEntry testId="bb2f9539-fce4-4642-b8a9-626c153f0a4a" executionId="5d59e762-285b-4303-8c89-c866c7f970fd" testListId="8c84fa94-04c1-424b-9868-57a2d4851a1d" />
    <TestEntry testId="9bf88be1-1585-4433-b811-0e1d6880bc7b" executionId="8cfc10fd-d98c-406b-9ac5-ba984858ebb5" testListId="8c84fa94-04c1-424b-9868-57a2d4851a1d" />
    <TestEntry testId="f6446e9b-aa88-487e-b184-19517ccb2d2e" executionId="718fc14c-9002-4fc2-957a-523eaa36f3f6" testListId="8c84fa94-04c1-424b-9868-57a2d4851a1d" />
    <TestEntry testId="f1447fda-eb37-42b3-901c-dc66c910d656" executionId="99def046-c646-4303-a512-9a627ca120a0" testListId="8c84fa94-04c1-424b-9868-57a2d4851a1d" />
    <TestEntry testId="c7c872ba-fa65-47e3-baac-63a1b7a6a4b4" executionId="9bacc55e-141a-4ca9-8128-42ac224f3d71" testListId="8c84fa94-04c1-424b-9868-57a2d4851a1d" />
    <TestEntry testId="9746e5a0-f515-4c18-bfc5-5f60e71d9948" executionId="360a5d07-f618-44ad-8119-ba3d07bc30df" testListId="8c84fa94-04c1-424b-9868-57a2d4851a1d" />
    <TestEntry testId="2110319b-d968-4852-9d34-fe1eb67d358c" executionId="fde62629-f127-4c23-b933-bc68a7a8e6aa" testListId="8c84fa94-04c1-424b-9868-57a2d4851a1d" />
    <TestEntry testId="3a132ead-3b06-4782-9bd0-633eacd49b74" executionId="70a5e0a3-774d-4367-b4bb-48d04384dab3" testListId="8c84fa94-04c1-424b-9868-57a2d4851a1d" />
    <TestEntry testId="7b661e3f-5b4c-4c2e-8f2f-aacb1340d1e8" executionId="93433979-b101-4053-b239-f9fa94d57f25" testListId="8c84fa94-04c1-424b-9868-57a2d4851a1d" />
    <TestEntry testId="a49c8a72-980f-43d9-b607-9ef2a5cc29e6" executionId="db9ae583-b81d-4fa3-a734-83d84d9783ee" testListId="8c84fa94-04c1-424b-9868-57a2d4851a1d" />
    <TestEntry testId="c02e492c-6f53-48d1-9075-bd2ca8330ea1" executionId="d2ac538f-f804-4a40-ae6d-2177af35a28a" testListId="8c84fa94-04c1-424b-9868-57a2d4851a1d" />
    <TestEntry testId="4b4faf31-36ae-497f-b818-988a7325443a" executionId="dc7af538-3147-47a6-9d56-f7d45575c76a" testListId="8c84fa94-04c1-424b-9868-57a2d4851a1d" />
    <TestEntry testId="af78304a-822b-4fe6-a516-b75aa2fae3da" executionId="9df6eb1d-3f5a-4067-9d24-cee830251a47" testListId="8c84fa94-04c1-424b-9868-57a2d4851a1d" />
    <TestEntry testId="06f11422-11e9-4046-871a-1b365c627b49" executionId="8c59079c-70b3-49b7-9695-74b759ed9990" testListId="8c84fa94-04c1-424b-9868-57a2d4851a1d" />
    <TestEntry testId="7c694f48-0c39-4fb9-9e97-a148bd12c838" executionId="3bff2a92-8a65-4151-8b46-b52da614e8bc" testListId="8c84fa94-04c1-424b-9868-57a2d4851a1d" />
    <TestEntry testId="c6eac36b-92b6-4a3b-b254-a68869c539f6" executionId="bf732800-998e-4307-b25a-fe43c84ebc7c" testListId="8c84fa94-04c1-424b-9868-57a2d4851a1d" />
    <TestEntry testId="341ada7a-d902-47ba-b297-9af0bdeeceb2" executionId="8b2e1f3f-8199-4850-8295-46df4fdf947b" testListId="8c84fa94-04c1-424b-9868-57a2d4851a1d" />
    <TestEntry testId="6b039fe7-81b4-427a-a6b8-f550cc5f87a2" executionId="c551d07e-ab2b-4a9e-bb95-6d657963e6e6" testListId="8c84fa94-04c1-424b-9868-57a2d4851a1d" />
    <TestEntry testId="b4e60e0e-ce77-4b29-8429-e82531ec9168" executionId="34b9766a-4ed3-44f7-ba42-d1f1b38e41f0" testListId="8c84fa94-04c1-424b-9868-57a2d4851a1d" />
    <TestEntry testId="459f535c-6715-407b-8fb8-2cbae312cbc7" executionId="5d8b72c6-0f9b-4a09-93e4-656e1cf81a10" testListId="8c84fa94-04c1-424b-9868-57a2d4851a1d" />
    <TestEntry testId="45ec712f-abea-48bf-acb7-d24eef9211ed" executionId="8e1adbdf-ee69-486d-a749-e25766184c87" testListId="8c84fa94-04c1-424b-9868-57a2d4851a1d" />
    <TestEntry testId="02c2f44a-b792-4ffe-be37-3fcc726e61d7" executionId="8b58d23f-bf89-465f-8d3b-c42dd3b72b50" testListId="8c84fa94-04c1-424b-9868-57a2d4851a1d" />
    <TestEntry testId="bd6fde7a-9a87-48c4-9e24-23465932ada3" executionId="74c78610-ad81-4eee-9ea4-e9a1411cb675" testListId="8c84fa94-04c1-424b-9868-57a2d4851a1d" />
    <TestEntry testId="692230c8-e4e1-45f2-bd8f-cc9807137099" executionId="7a8e1acf-5914-4868-8c2d-27c363560432" testListId="8c84fa94-04c1-424b-9868-57a2d4851a1d" />
    <TestEntry testId="0536e172-06ca-40c1-bfd6-4f09f7c7b82d" executionId="49e2122d-10a3-45b0-86ec-5c203229258b" testListId="8c84fa94-04c1-424b-9868-57a2d4851a1d" />
    <TestEntry testId="4e18a3f8-5b31-417c-9839-abdeec33f7d6" executionId="126c7aa6-66dc-4253-9286-b1d841a96aae" testListId="8c84fa94-04c1-424b-9868-57a2d4851a1d" />
    <TestEntry testId="8c5b6b49-3686-4890-9f15-b23dc8789931" executionId="6f6d61a7-91fc-4a15-af2e-b4c80b57dbd9" testListId="8c84fa94-04c1-424b-9868-57a2d4851a1d" />
    <TestEntry testId="2ba39ed7-53de-4ff4-a77e-f8b3f37d88f6" executionId="8bdd4172-999a-4fe6-8b1c-6e7d889f08e5" testListId="8c84fa94-04c1-424b-9868-57a2d4851a1d" />
    <TestEntry testId="2336f316-908c-46fd-a2eb-122d08476d53" executionId="3a352dfb-1150-42ca-927f-14bbf26509b8" testListId="8c84fa94-04c1-424b-9868-57a2d4851a1d" />
    <TestEntry testId="28565176-c670-49f9-9bc8-8d9a24dda0d8" executionId="315cd018-6dd7-4456-980b-e69c2a50db2e" testListId="8c84fa94-04c1-424b-9868-57a2d4851a1d" />
    <TestEntry testId="4bcecfa3-5eea-448f-99ba-b5dcd01108f0" executionId="45a0329d-e2d0-4595-a3e6-dbbe3e928b2a" testListId="8c84fa94-04c1-424b-9868-57a2d4851a1d" />
    <TestEntry testId="a08c9182-3afb-4765-aac0-890a28bd20c5" executionId="e978621d-ba31-4a39-8561-f7a8144cea92" testListId="8c84fa94-04c1-424b-9868-57a2d4851a1d" />
    <TestEntry testId="387c98bc-93c1-4f2f-8884-a0b01d7a406d" executionId="96a34d8b-7046-4a56-bd3a-48131cf26de5" testListId="8c84fa94-04c1-424b-9868-57a2d4851a1d" />
    <TestEntry testId="00ed0c65-9508-4c56-ad5b-bca73072e66c" executionId="b51fe19e-88de-469f-9ef8-c3f326ad8c21" testListId="8c84fa94-04c1-424b-9868-57a2d4851a1d" />
    <TestEntry testId="08eb3610-f3c7-4c69-8433-244f44be6bb8" executionId="83f4a96b-cde1-4d40-a9d4-c621d2511a42" testListId="8c84fa94-04c1-424b-9868-57a2d4851a1d" />
    <TestEntry testId="5b0f1664-c825-4b57-bbd0-ea4b6146068f" executionId="f62bec09-88cf-4f44-b312-1ff85cb4f299" testListId="8c84fa94-04c1-424b-9868-57a2d4851a1d" />
    <TestEntry testId="64bc974a-7f5a-43c5-9d76-4781d0438597" executionId="71662486-2b51-455f-a2b8-7c5689d3acfe" testListId="8c84fa94-04c1-424b-9868-57a2d4851a1d" />
    <TestEntry testId="388a6c1c-4169-4891-94da-6917fc303f11" executionId="2b6d0e10-94bc-4c8a-8362-a7e55b9953ad" testListId="8c84fa94-04c1-424b-9868-57a2d4851a1d" />
    <TestEntry testId="0f4e3c9a-8ba5-4632-8f82-f6c6d5d3b8d0" executionId="68dca7a7-6eb2-41e4-80c7-f7ed1407a848" testListId="8c84fa94-04c1-424b-9868-57a2d4851a1d" />
    <TestEntry testId="e398ba95-f74c-45cf-8158-fdd2953c43fe" executionId="e5643722-a871-4d04-bff9-63c01f324676" testListId="8c84fa94-04c1-424b-9868-57a2d4851a1d" />
    <TestEntry testId="65b7046f-9d25-4604-b2eb-5701d8b3ce11" executionId="5be00b99-e51d-4961-95a6-b87f8e5c4e79" testListId="8c84fa94-04c1-424b-9868-57a2d4851a1d" />
    <TestEntry testId="01026376-1e28-43fa-ad02-e4a555fd7c14" executionId="92f63979-f726-44d0-8d1d-d2d15cfde228" testListId="8c84fa94-04c1-424b-9868-57a2d4851a1d" />
    <TestEntry testId="162e9b2a-0f31-4c9a-b790-b14e212aa625" executionId="86e673cf-e903-4c49-8011-2d5a99d076fe" testListId="8c84fa94-04c1-424b-9868-57a2d4851a1d" />
    <TestEntry testId="5417c7e6-72b9-41f0-b8f8-a6de418b3020" executionId="50fa8b9f-f554-4da8-814d-8c339be8f229" testListId="8c84fa94-04c1-424b-9868-57a2d4851a1d" />
    <TestEntry testId="dd4b0fc7-eb8f-48d3-89be-83481113c033" executionId="dcbb6508-6a4c-40a7-9eec-0bc00f3fa42f" testListId="8c84fa94-04c1-424b-9868-57a2d4851a1d" />
    <TestEntry testId="a3d3017f-2bda-4469-b38f-82b3519ccdd9" executionId="9ddec8b7-0cf9-4ddf-8113-7364d5aced36" testListId="8c84fa94-04c1-424b-9868-57a2d4851a1d" />
    <TestEntry testId="2210445b-8fed-4dc7-9fbc-64508e22754e" executionId="84cd3459-e5c4-48ae-a605-ccd5695ed07e" testListId="8c84fa94-04c1-424b-9868-57a2d4851a1d" />
    <TestEntry testId="225b0726-e070-4327-80d8-c91de98b8a29" executionId="a857b343-1495-4adb-8750-fb1a5af76f8a" testListId="8c84fa94-04c1-424b-9868-57a2d4851a1d" />
    <TestEntry testId="58f9d76b-0141-4b4c-b074-844611322bcf" executionId="0def3b55-6153-4c07-a054-3b3adffc8c00" testListId="8c84fa94-04c1-424b-9868-57a2d4851a1d" />
    <TestEntry testId="908ab18f-e375-40b0-8af8-cd27a83f5e17" executionId="65f8dadc-3eb8-44af-9dc7-2667f92cee45" testListId="8c84fa94-04c1-424b-9868-57a2d4851a1d" />
    <TestEntry testId="a70c3f25-4211-47be-b54d-264848758c8f" executionId="451e68fa-f434-453c-ace8-7a61125b5094" testListId="8c84fa94-04c1-424b-9868-57a2d4851a1d" />
    <TestEntry testId="922d5db8-a6cf-4ea5-bb5f-71391d9c2527" executionId="e35b0e0e-4685-4d74-b850-ad8effe325a8" testListId="8c84fa94-04c1-424b-9868-57a2d4851a1d" />
    <TestEntry testId="659f37b3-5ad6-403e-8c86-d950e2566cfb" executionId="2bfb1539-c29f-4242-a387-2988a41b770f" testListId="8c84fa94-04c1-424b-9868-57a2d4851a1d" />
    <TestEntry testId="40ff5f72-8517-4974-85e0-79f6aebe3fc0" executionId="42a4c6b0-b6de-4d22-965f-b2dbaa86a05e" testListId="8c84fa94-04c1-424b-9868-57a2d4851a1d" />
    <TestEntry testId="eb73885a-d146-4e24-940a-47352f7399aa" executionId="eefc5ddc-7fa4-4a98-929f-963b57465ec9" testListId="8c84fa94-04c1-424b-9868-57a2d4851a1d" />
    <TestEntry testId="830295a6-f0af-4aa0-b3fa-209ffc2308c7" executionId="6ee6d2b2-f392-408a-9713-90cae6a4188d" testListId="8c84fa94-04c1-424b-9868-57a2d4851a1d" />
    <TestEntry testId="109cfb56-49f0-4dc1-b4dd-364f124aca41" executionId="5244a163-0e1d-4911-9fed-2839f5028e1f" testListId="8c84fa94-04c1-424b-9868-57a2d4851a1d" />
    <TestEntry testId="203e2642-4dcb-419f-873b-9a000f5bc8cf" executionId="8148ef23-82d7-48df-b6d2-1f88e5014812" testListId="8c84fa94-04c1-424b-9868-57a2d4851a1d" />
    <TestEntry testId="6d52f153-bad5-48a0-be4a-4570c065382f" executionId="93ff12cc-f577-483f-ab97-f0ad59e85b3b" testListId="8c84fa94-04c1-424b-9868-57a2d4851a1d" />
    <TestEntry testId="59959788-005f-4db5-8c2f-2ee01b31e5a1" executionId="84c6019e-a6e4-4fa1-970a-3f0111990b09" testListId="8c84fa94-04c1-424b-9868-57a2d4851a1d" />
    <TestEntry testId="3aa0560e-bf30-47a6-8d01-d4b7a09bc60a" executionId="9ef44339-ff3a-4891-a583-eeeae87e4d31" testListId="8c84fa94-04c1-424b-9868-57a2d4851a1d" />
    <TestEntry testId="ebea6694-c32b-4290-a532-163ba1fde5c4" executionId="a4c34cef-027e-481c-a14f-c6f48831b2e8" testListId="8c84fa94-04c1-424b-9868-57a2d4851a1d" />
    <TestEntry testId="a86aa76f-8093-4388-b142-d05ff2d44fe9" executionId="77f02259-fc70-48bb-ba83-32f3b352d3e8" testListId="8c84fa94-04c1-424b-9868-57a2d4851a1d" />
    <TestEntry testId="f2c6522a-9085-4e82-8140-2ba31b6a691d" executionId="e7ca2034-08b9-4aa3-8a50-6ed583fb0915" testListId="8c84fa94-04c1-424b-9868-57a2d4851a1d" />
    <TestEntry testId="f6aac848-48e6-4d23-bd37-61bb1eba547e" executionId="7e32e90d-0ea4-4537-8f7d-3c217cc01aca" testListId="8c84fa94-04c1-424b-9868-57a2d4851a1d" />
    <TestEntry testId="5af0b41b-5eff-4450-bb08-ceb25c542273" executionId="0991ae7e-33b8-4204-b6fd-a5ef2da95f9a" testListId="8c84fa94-04c1-424b-9868-57a2d4851a1d" />
    <TestEntry testId="a6cfbe23-be53-44b2-81d9-21cc45815689" executionId="95c16886-f1b6-4dd6-a73d-d90bcfd66c23" testListId="8c84fa94-04c1-424b-9868-57a2d4851a1d" />
    <TestEntry testId="cb5a3b03-ed0a-440e-882d-1944c114ddf9" executionId="43e92e08-6d9a-410e-a55b-be4fd1aeb458" testListId="8c84fa94-04c1-424b-9868-57a2d4851a1d" />
    <TestEntry testId="d5e8fc51-45a7-445f-b69a-84e6e6d24f06" executionId="be27b53a-8b21-47ab-9d7a-4eabd69430c8" testListId="8c84fa94-04c1-424b-9868-57a2d4851a1d" />
    <TestEntry testId="cd6827e0-0a99-487b-8bae-2b97b6973025" executionId="03a6142f-c7a4-4d8f-acce-89653b2ba991" testListId="8c84fa94-04c1-424b-9868-57a2d4851a1d" />
    <TestEntry testId="28ba7cbd-38aa-4cd1-b239-0d3620fa4ebe" executionId="75808f90-f046-4abf-816f-6228aa1e464c" testListId="8c84fa94-04c1-424b-9868-57a2d4851a1d" />
    <TestEntry testId="b7373646-12d7-4ffb-8dac-03574c8f6062" executionId="d6c774f1-a4f2-472b-9d61-1d2c60aed4ac" testListId="8c84fa94-04c1-424b-9868-57a2d4851a1d" />
    <TestEntry testId="4b1639c2-398d-421b-a29e-61726ad1bf32" executionId="a7c1f237-f67b-409d-bdb5-42add80b0de6" testListId="8c84fa94-04c1-424b-9868-57a2d4851a1d" />
    <TestEntry testId="faee9308-9c0e-40d9-a001-5c8e0281bdcd" executionId="60bb8eb4-7d8d-4ef2-b6e1-b1f5beea76d2" testListId="8c84fa94-04c1-424b-9868-57a2d4851a1d" />
    <TestEntry testId="7a5acc75-3069-4479-92fd-2cc18d5f187b" executionId="2e4e58f9-c376-427d-9588-cf87c9b65aa7" testListId="8c84fa94-04c1-424b-9868-57a2d4851a1d" />
    <TestEntry testId="0898cef8-a30c-4fc9-9509-902a2e2fe133" executionId="cf8eb86a-c53d-4619-aa11-a6f3927d9507" testListId="8c84fa94-04c1-424b-9868-57a2d4851a1d" />
    <TestEntry testId="3b761a2f-1570-4e37-ab03-5b41d4a085ca" executionId="eae69849-4cd1-4cb3-8fe0-f0e564c8402c" testListId="8c84fa94-04c1-424b-9868-57a2d4851a1d" />
    <TestEntry testId="3d778fd1-ea44-4076-bdd5-000ad527f96c" executionId="877bab60-065e-47b0-b2ec-6167c96cf372" testListId="8c84fa94-04c1-424b-9868-57a2d4851a1d" />
    <TestEntry testId="e32b622b-32b5-4a8b-ba4d-029c1f2e353c" executionId="a8420a97-4e7d-4419-ab48-4292cc1afa4b" testListId="8c84fa94-04c1-424b-9868-57a2d4851a1d" />
    <TestEntry testId="119608f9-4ac9-4b21-a81d-5a3479455f33" executionId="e4d91cc7-83b4-4459-b602-e5883c763483" testListId="8c84fa94-04c1-424b-9868-57a2d4851a1d" />
    <TestEntry testId="b123e2da-69f2-47bd-b3f7-24f5ca512aa1" executionId="9226c3bb-dd88-4d46-b165-53b52db3627e" testListId="8c84fa94-04c1-424b-9868-57a2d4851a1d" />
    <TestEntry testId="feaa2874-330f-4a15-bf70-484bc7146de3" executionId="418f05de-7f18-4f92-adaf-f80fbdae3a2a" testListId="8c84fa94-04c1-424b-9868-57a2d4851a1d" />
    <TestEntry testId="b9248337-0a52-4dbc-aec6-ba9d3b161f4a" executionId="2d449c4f-a357-468e-91a1-c33aeb940096" testListId="8c84fa94-04c1-424b-9868-57a2d4851a1d" />
    <TestEntry testId="73718d04-92ff-4604-996a-846037eda9cd" executionId="1ca65ed9-2c25-49d8-9a39-e42ca87d248f" testListId="8c84fa94-04c1-424b-9868-57a2d4851a1d" />
    <TestEntry testId="454f583a-43a1-49d3-be24-e5a88c71a0e0" executionId="97d9dc52-41d7-4634-8c1d-6fa8e078fb9a" testListId="8c84fa94-04c1-424b-9868-57a2d4851a1d" />
    <TestEntry testId="bb0ae1c6-bbde-4fb7-92a4-3529020d9166" executionId="ec38a87c-4ec7-4eea-b095-ddf8afba7eb6" testListId="8c84fa94-04c1-424b-9868-57a2d4851a1d" />
    <TestEntry testId="0511699d-10d8-454d-8854-ada3b95f3fa0" executionId="3c82c502-554c-4387-9547-a5730d57b382" testListId="8c84fa94-04c1-424b-9868-57a2d4851a1d" />
    <TestEntry testId="43c1daa7-33dd-4268-ab86-519febd8af79" executionId="3ea0eb2c-07e2-4e63-8ee9-b3bed085c1d8" testListId="8c84fa94-04c1-424b-9868-57a2d4851a1d" />
    <TestEntry testId="c39692d6-2f71-4428-90f4-85edda0f4d59" executionId="27a0623c-e945-46c8-8f5d-51ffc2b92ed3" testListId="8c84fa94-04c1-424b-9868-57a2d4851a1d" />
    <TestEntry testId="7dacdef5-e401-474f-a1a6-94fa94e67325" executionId="3dc58dc4-1d1d-4c90-bf7a-c597a8fe816e" testListId="8c84fa94-04c1-424b-9868-57a2d4851a1d" />
    <TestEntry testId="360ed7fc-4d6a-445a-b4b4-582d2f6125d5" executionId="dbdeac8c-73ae-41a5-b804-47edaab58321" testListId="8c84fa94-04c1-424b-9868-57a2d4851a1d" />
    <TestEntry testId="0fd57114-1a3c-4593-991c-8cdce464a036" executionId="1f3a127a-9cd5-4793-bdc4-b0616bda5816" testListId="8c84fa94-04c1-424b-9868-57a2d4851a1d" />
    <TestEntry testId="92799351-9560-4b07-874c-84aad424f80d" executionId="fb2ccca2-92fd-4548-855e-bc5b91855433" testListId="8c84fa94-04c1-424b-9868-57a2d4851a1d" />
    <TestEntry testId="9b3115c0-ab60-47b5-96f4-7eacf6c431ef" executionId="49ef4c1b-1467-41e4-84a4-ff92492d0b5c" testListId="8c84fa94-04c1-424b-9868-57a2d4851a1d" />
    <TestEntry testId="2f6c5e18-3e8b-4a50-b002-00e75b158f11" executionId="65be27cd-9172-4b87-895f-feda97158e7c" testListId="8c84fa94-04c1-424b-9868-57a2d4851a1d" />
    <TestEntry testId="4e4d63cf-19c8-48f7-b906-fcc5992f7791" executionId="a21b14b2-a7c7-4494-85eb-f38d51fd7a0f" testListId="8c84fa94-04c1-424b-9868-57a2d4851a1d" />
    <TestEntry testId="5d2607ac-5f5a-4484-bd27-9707805a1bd2" executionId="0a268151-5cda-406a-bee6-18a1f30d2e6a" testListId="8c84fa94-04c1-424b-9868-57a2d4851a1d" />
    <TestEntry testId="479a3f86-4b6e-409b-a816-dc29701d7939" executionId="fca78771-2f1b-415c-b945-90a76ac37fec" testListId="8c84fa94-04c1-424b-9868-57a2d4851a1d" />
    <TestEntry testId="9d68d574-0993-4670-9332-0fdeab07ac4b" executionId="79b07989-d796-4ca6-8d1a-23cf72959bf1" testListId="8c84fa94-04c1-424b-9868-57a2d4851a1d" />
    <TestEntry testId="a99344ad-e57f-45ec-b346-fca84d99a95a" executionId="4b222c62-8934-4ddf-a0bf-faf32cbc404f" testListId="8c84fa94-04c1-424b-9868-57a2d4851a1d" />
    <TestEntry testId="b55df978-d46c-4b9d-bacf-257ed73f875a" executionId="29d00d68-ce52-46ac-8cad-c804d0a29ae3" testListId="8c84fa94-04c1-424b-9868-57a2d4851a1d" />
    <TestEntry testId="0a5957af-d0fe-4ce0-9b5b-05c6e1a4213c" executionId="30c09327-11fd-4b5f-93d5-60d93eaa0e92" testListId="8c84fa94-04c1-424b-9868-57a2d4851a1d" />
    <TestEntry testId="89218536-d752-4443-9f6f-88a35fdfb936" executionId="009efcc8-624a-4210-a372-250a1d4d5bd2" testListId="8c84fa94-04c1-424b-9868-57a2d4851a1d" />
    <TestEntry testId="a9a0ff29-ffe6-4307-a95e-42c4d4459c94" executionId="39ef742f-5f01-40fa-93c1-42c593b1b837" testListId="8c84fa94-04c1-424b-9868-57a2d4851a1d" />
    <TestEntry testId="c958f39c-90b6-4d92-8d36-07840230f541" executionId="a1d82a34-cb1e-457c-a2d7-57dfa72797f6" testListId="8c84fa94-04c1-424b-9868-57a2d4851a1d" />
    <TestEntry testId="0838f22a-0f52-4317-9c83-a6a58936598d" executionId="c643a2e4-bc41-4362-b502-f6eb5f176c28" testListId="8c84fa94-04c1-424b-9868-57a2d4851a1d" />
    <TestEntry testId="26171176-2bc4-44aa-86f4-e0b748172638" executionId="a11472d6-3512-4064-88cc-4d667d4d696e" testListId="8c84fa94-04c1-424b-9868-57a2d4851a1d" />
    <TestEntry testId="5f93a45c-2fbf-4412-8863-08d42c4962c2" executionId="5ed9fdea-2fcd-4438-b385-7a57387180f6" testListId="8c84fa94-04c1-424b-9868-57a2d4851a1d" />
    <TestEntry testId="5cb4e172-e08c-4498-89f8-e8232508f3aa" executionId="fa5c7481-3a7f-4346-8c1c-01a355bfebfa" testListId="8c84fa94-04c1-424b-9868-57a2d4851a1d" />
    <TestEntry testId="1b158134-be75-40ee-8727-9600d242e6d3" executionId="0a183bd6-ac2e-4d64-8cc8-388ff94d8ffc" testListId="8c84fa94-04c1-424b-9868-57a2d4851a1d" />
    <TestEntry testId="ea683e10-ffd8-47c9-991e-865ad09f5536" executionId="d2bde369-50ae-4587-99ec-64dec5366ca0" testListId="8c84fa94-04c1-424b-9868-57a2d4851a1d" />
    <TestEntry testId="db244e3b-4a97-47fb-9c97-77c0f2a6f91c" executionId="1aff4293-46a1-4145-a819-365912e9ed12" testListId="8c84fa94-04c1-424b-9868-57a2d4851a1d" />
    <TestEntry testId="b47088d6-e868-4606-a19f-0151802a4222" executionId="e5dc67a9-ba0a-4e62-8f3a-1ced92c16cfe" testListId="8c84fa94-04c1-424b-9868-57a2d4851a1d" />
    <TestEntry testId="77100f04-cbc0-4bc8-bd85-54a117839760" executionId="49ff2343-1960-4525-9ee2-bec5e6ac8a55" testListId="8c84fa94-04c1-424b-9868-57a2d4851a1d" />
    <TestEntry testId="46b9969d-38b2-48a3-860b-f1e672d05395" executionId="81230cdb-a304-4d60-a910-6f20034e25b6" testListId="8c84fa94-04c1-424b-9868-57a2d4851a1d" />
    <TestEntry testId="921fbc46-9a15-4638-9d50-7d98cb0043cf" executionId="c083d8a8-ab8f-4b60-846a-9581c195a6a6" testListId="8c84fa94-04c1-424b-9868-57a2d4851a1d" />
    <TestEntry testId="de6b2ec3-b336-4bfc-943a-ab86eb52501f" executionId="d73d660e-1053-45c2-9834-cc630e77d752" testListId="8c84fa94-04c1-424b-9868-57a2d4851a1d" />
    <TestEntry testId="ca4f0d83-7278-4779-9849-bb48a2aae338" executionId="c3df413e-6fcc-44a1-9b3d-2f7908128917" testListId="8c84fa94-04c1-424b-9868-57a2d4851a1d" />
    <TestEntry testId="2d6c5448-40c0-4698-9fae-8fecd6525a8f" executionId="f512b2bd-4f36-40d8-97b8-8a9b529d3ffb" testListId="8c84fa94-04c1-424b-9868-57a2d4851a1d" />
    <TestEntry testId="fb94bd17-2280-4609-b86e-a7a0af7c32a3" executionId="7e50ca36-c96e-467f-9b14-585c99461887" testListId="8c84fa94-04c1-424b-9868-57a2d4851a1d" />
    <TestEntry testId="f0634981-404f-48aa-9e99-0657b45ebbab" executionId="10de3402-a85a-4cb2-b7ea-d1694af7eafd" testListId="8c84fa94-04c1-424b-9868-57a2d4851a1d" />
    <TestEntry testId="d5249b6d-2fa9-4841-ba1e-f8f82fdefa9b" executionId="1113698a-8e16-4962-8e17-433dca52d171" testListId="8c84fa94-04c1-424b-9868-57a2d4851a1d" />
    <TestEntry testId="42b596e6-6252-4801-b8c6-34267380ad9d" executionId="815c78a2-18d1-4752-9be8-4b56ebe14cf3" testListId="8c84fa94-04c1-424b-9868-57a2d4851a1d" />
    <TestEntry testId="03e6c3c8-0833-45c8-a539-9e625a2827ae" executionId="aa778f26-72c9-46c1-8f02-ea2f66c9006f" testListId="8c84fa94-04c1-424b-9868-57a2d4851a1d" />
    <TestEntry testId="eb8d3548-25df-4ce0-be99-51c4cc917059" executionId="202e3122-fad1-4058-83a1-b8193d75bc66" testListId="8c84fa94-04c1-424b-9868-57a2d4851a1d" />
    <TestEntry testId="4501b53b-1916-48b6-947d-7816d1c13590" executionId="e5ec6dea-ed07-4e72-93e6-e7223c019b51" testListId="8c84fa94-04c1-424b-9868-57a2d4851a1d" />
    <TestEntry testId="690c8545-0881-4dd8-80b3-bdb8c2b9c06a" executionId="c093b9bc-f3d3-4379-a565-d28d558ebddf" testListId="8c84fa94-04c1-424b-9868-57a2d4851a1d" />
    <TestEntry testId="e0b51803-c716-45df-b876-fd36e51d2bb0" executionId="aa831e63-6299-436c-8c3b-6b8ade254f2c" testListId="8c84fa94-04c1-424b-9868-57a2d4851a1d" />
    <TestEntry testId="c1b8e3d7-2be9-48e2-a578-84f838aae3d4" executionId="57d97b63-5bc1-4419-b24c-850ff495c884" testListId="8c84fa94-04c1-424b-9868-57a2d4851a1d" />
    <TestEntry testId="b07aee98-b345-47df-9371-fe53dfbb6447" executionId="d9593ef2-e17b-4bda-adc8-d9b8425bc465" testListId="8c84fa94-04c1-424b-9868-57a2d4851a1d" />
    <TestEntry testId="973101ea-d593-41b1-9afb-0eec42860537" executionId="cabb8429-04b1-445e-9c18-9c1b0455cb55" testListId="8c84fa94-04c1-424b-9868-57a2d4851a1d" />
    <TestEntry testId="c96ee8ec-c42b-4a02-b8a6-fdf7972cb9e8" executionId="d027c943-ee2b-4ea9-903c-6687ac21acea" testListId="8c84fa94-04c1-424b-9868-57a2d4851a1d" />
    <TestEntry testId="45b71a44-afa5-4782-843d-a4508af52f2f" executionId="dc0fae3f-cf72-45c7-b3da-06a616a577d1" testListId="8c84fa94-04c1-424b-9868-57a2d4851a1d" />
    <TestEntry testId="df62e7a0-3f53-4471-a71e-362a9372f8af" executionId="f755041d-e4a4-4d79-a385-4d94b46d73c7" testListId="8c84fa94-04c1-424b-9868-57a2d4851a1d" />
    <TestEntry testId="ab06e209-0282-47cf-8d02-637523c5301c" executionId="7e0a0051-6431-498c-b1a8-42efc4aa0f80" testListId="8c84fa94-04c1-424b-9868-57a2d4851a1d" />
    <TestEntry testId="52bd0fac-bdaf-46a7-968f-3288aa7d834e" executionId="a419fdb0-f5f3-4b62-8667-cdbb13072fab" testListId="8c84fa94-04c1-424b-9868-57a2d4851a1d" />
    <TestEntry testId="61cd3ff0-c5ec-4fac-abc3-fc2c5236b12e" executionId="3c758489-57ac-46d2-b820-8dd7be654c3d" testListId="8c84fa94-04c1-424b-9868-57a2d4851a1d" />
    <TestEntry testId="1ad36a58-65bb-4d1d-bc1e-9b7fe48969ff" executionId="9fcf4b1e-2c78-4905-8313-88c19de5f6c8" testListId="8c84fa94-04c1-424b-9868-57a2d4851a1d" />
    <TestEntry testId="1376e613-75ed-44b2-b614-e2d770eff5f7" executionId="fa39f9cc-4bf2-4d97-b5b1-ba8ceba09645" testListId="8c84fa94-04c1-424b-9868-57a2d4851a1d" />
    <TestEntry testId="555879b4-ee67-4029-bfa0-bf1431f35927" executionId="055581c3-46c9-4506-9be9-e6a051dc9086" testListId="8c84fa94-04c1-424b-9868-57a2d4851a1d" />
    <TestEntry testId="a3270c09-e0b8-4771-8b42-2f45a23f203a" executionId="3976fb30-5a90-4887-9856-88b9db0749ba" testListId="8c84fa94-04c1-424b-9868-57a2d4851a1d" />
    <TestEntry testId="87eddf38-4368-48e1-874f-6a745b056527" executionId="d0e49366-fe5f-4a14-9eb4-515c8889ec14" testListId="8c84fa94-04c1-424b-9868-57a2d4851a1d" />
    <TestEntry testId="acc1836d-11df-4881-8e70-ad85a8affa57" executionId="0499d052-5e37-4d90-a6b7-c9d99a4d84d6" testListId="8c84fa94-04c1-424b-9868-57a2d4851a1d" />
    <TestEntry testId="b3c17508-8c82-44a3-913c-1ce4e3057ecc" executionId="9c7030f5-644a-4ed2-bbcc-43c6c261bd0a" testListId="8c84fa94-04c1-424b-9868-57a2d4851a1d" />
    <TestEntry testId="8845516c-c6c7-4cd6-b997-76555732909e" executionId="ec5ba557-d618-4b22-8dde-8d087f66b40e" testListId="8c84fa94-04c1-424b-9868-57a2d4851a1d" />
    <TestEntry testId="522c9d92-82ed-4fbd-913f-2b9276d872f4" executionId="072ee58e-ae6b-47dc-b1ea-235a07284275" testListId="8c84fa94-04c1-424b-9868-57a2d4851a1d" />
    <TestEntry testId="83a33f5d-e406-4997-8cdb-afc43844f733" executionId="bff7f2b6-10a8-404c-a2af-821e07d68878" testListId="8c84fa94-04c1-424b-9868-57a2d4851a1d" />
    <TestEntry testId="4d202891-2024-49bc-b8ba-6bc51d7daa33" executionId="362564b3-5faf-473c-b480-c7a284750503" testListId="8c84fa94-04c1-424b-9868-57a2d4851a1d" />
    <TestEntry testId="d936b66f-a1fa-4c01-968c-ad4effe012f1" executionId="931634cc-9107-4822-83b8-3d770c288161" testListId="8c84fa94-04c1-424b-9868-57a2d4851a1d" />
    <TestEntry testId="4caa102a-fe40-4370-bba7-bad30e5d5118" executionId="71373dc1-bc12-4f04-b268-9b0c18837c05" testListId="8c84fa94-04c1-424b-9868-57a2d4851a1d" />
    <TestEntry testId="c81f29c2-ae55-4c09-ba98-942091318c52" executionId="349184d2-05c6-4de2-9dab-272399d3cfa8" testListId="8c84fa94-04c1-424b-9868-57a2d4851a1d" />
    <TestEntry testId="4e9a0c80-1bc3-4a86-84d4-4961d951dbde" executionId="ba2546c1-ba00-40da-8a74-8fa317850759" testListId="8c84fa94-04c1-424b-9868-57a2d4851a1d" />
    <TestEntry testId="4778d234-3582-418f-83be-2cf3f1064756" executionId="6d68a237-006b-4f5d-a1ee-6ff24f735825" testListId="8c84fa94-04c1-424b-9868-57a2d4851a1d" />
    <TestEntry testId="46226c3d-2793-416d-b760-f95e5a7b84c3" executionId="b85fd8ae-e0dc-46be-bf5d-fe60425f8680" testListId="8c84fa94-04c1-424b-9868-57a2d4851a1d" />
    <TestEntry testId="45a4c9e8-45b5-4693-83c5-9316df30d62b" executionId="ddad09bc-7fa0-45ce-8535-ebe1d6605447" testListId="8c84fa94-04c1-424b-9868-57a2d4851a1d" />
    <TestEntry testId="523fbd46-2f04-471c-917d-79e46e4d4955" executionId="5959036f-b31c-4d03-91e0-dd0e1db577c0" testListId="8c84fa94-04c1-424b-9868-57a2d4851a1d" />
    <TestEntry testId="8c009120-e098-4d03-9dd2-1aee6d3056ef" executionId="ee55352c-6bab-4b96-a17e-3b5282da79e4" testListId="8c84fa94-04c1-424b-9868-57a2d4851a1d" />
    <TestEntry testId="a35b0db2-be69-4bbf-add9-83a31314b51c" executionId="3ad9f065-fde3-4513-ae77-2aee51333e98" testListId="8c84fa94-04c1-424b-9868-57a2d4851a1d" />
    <TestEntry testId="01139e4e-7c10-479b-9f8a-7e3ec4e4b87b" executionId="fe797d8b-f9b8-41fe-8207-090a6d88c176" testListId="8c84fa94-04c1-424b-9868-57a2d4851a1d" />
    <TestEntry testId="7eca7fea-ca83-451d-b995-728408d5bbfa" executionId="14df5901-144d-4068-9e9c-b772b62630ff" testListId="8c84fa94-04c1-424b-9868-57a2d4851a1d" />
    <TestEntry testId="56838048-f81a-4179-a37b-aa8a8cc6cde5" executionId="a86f2913-5552-4d9f-8ae4-bb36d0d0eb59" testListId="8c84fa94-04c1-424b-9868-57a2d4851a1d" />
    <TestEntry testId="7ba694e2-efaa-4756-84da-8984f6971a91" executionId="121bc736-2481-4cdb-9a90-fe048ca167f6" testListId="8c84fa94-04c1-424b-9868-57a2d4851a1d" />
    <TestEntry testId="402ed091-0243-4952-ab28-fb1189117fed" executionId="70e034b4-8b23-4a94-a6dc-6f668ad06be4" testListId="8c84fa94-04c1-424b-9868-57a2d4851a1d" />
    <TestEntry testId="1593b8e1-5724-45f5-95aa-2e5a87721f06" executionId="9a57fad5-be2c-4c39-a425-96a4cfebe930" testListId="8c84fa94-04c1-424b-9868-57a2d4851a1d" />
    <TestEntry testId="38f99343-78f8-4621-802d-14276705d300" executionId="159b64a2-fcdf-4440-b184-587e2f41537b" testListId="8c84fa94-04c1-424b-9868-57a2d4851a1d" />
    <TestEntry testId="e9aa85ae-a8ae-4bf9-9bb2-3c6f67395600" executionId="8c2ea730-db65-4932-8f99-63b8416aadf7" testListId="8c84fa94-04c1-424b-9868-57a2d4851a1d" />
    <TestEntry testId="41e46ef9-5617-471a-a81d-ea7dfdf6c9ba" executionId="695325a0-9af5-4c10-a297-975c14bf1743" testListId="8c84fa94-04c1-424b-9868-57a2d4851a1d" />
    <TestEntry testId="4717814c-2a8f-4f51-ac23-434ad0b8bc79" executionId="63bf0ab3-9583-41fd-9e72-011b35830b0c" testListId="8c84fa94-04c1-424b-9868-57a2d4851a1d" />
    <TestEntry testId="259384cf-2d88-4333-b6cd-b6f8111ae6a2" executionId="5ecdb84d-132f-4129-9558-ea2fe5298b54" testListId="8c84fa94-04c1-424b-9868-57a2d4851a1d" />
    <TestEntry testId="dcfaa0c4-2a60-402a-966a-01d503188f91" executionId="8f9ce609-6be6-425a-a41c-efb012016891" testListId="8c84fa94-04c1-424b-9868-57a2d4851a1d" />
    <TestEntry testId="0dfa7668-604b-4c6b-bf22-42f64522ae62" executionId="e0aebb5e-060e-43df-8da9-c2ef814c336d" testListId="8c84fa94-04c1-424b-9868-57a2d4851a1d" />
    <TestEntry testId="65e7100a-9e23-4490-9140-3b7d788886b7" executionId="60c4bd37-d148-490d-a64d-b66a71caa905" testListId="8c84fa94-04c1-424b-9868-57a2d4851a1d" />
    <TestEntry testId="8109c001-d65d-413e-9e08-46fcfcaa491a" executionId="ab47f339-b6f0-459f-aa26-45bd00e3e731" testListId="8c84fa94-04c1-424b-9868-57a2d4851a1d" />
    <TestEntry testId="1cd20283-df32-4c23-8ef7-0232fb1c1ef0" executionId="d9d9df82-795e-49ba-852d-466ab4f10e83" testListId="8c84fa94-04c1-424b-9868-57a2d4851a1d" />
    <TestEntry testId="4c9eb7c2-e55c-4bda-8a04-e7fd6f7fed84" executionId="08a59627-badd-4bf3-ad4c-fc1bf25b5e62" testListId="8c84fa94-04c1-424b-9868-57a2d4851a1d" />
    <TestEntry testId="108dd3a6-83fb-4bb3-9325-f2a1781bceac" executionId="58128778-324b-4422-b7db-dfa651fe9af1" testListId="8c84fa94-04c1-424b-9868-57a2d4851a1d" />
    <TestEntry testId="f00b3e65-e371-484f-a886-320944b18d6d" executionId="15c6241e-64b4-46d7-bbb1-ba4cc7dcc772" testListId="8c84fa94-04c1-424b-9868-57a2d4851a1d" />
    <TestEntry testId="c51f4af6-10e0-4dd6-b2a4-7912ae03823a" executionId="23da72b8-440d-4cbb-820c-2167201b6775" testListId="8c84fa94-04c1-424b-9868-57a2d4851a1d" />
    <TestEntry testId="7157d966-d190-4c93-b99c-d08007537674" executionId="a72b9ca6-ccb2-44c6-9dd3-43f1757d4fe0" testListId="8c84fa94-04c1-424b-9868-57a2d4851a1d" />
    <TestEntry testId="a012e662-fd51-4af1-9aba-95c3aeae27ca" executionId="85630da8-0dbe-4d9f-ac2c-9de5589d6ce3" testListId="8c84fa94-04c1-424b-9868-57a2d4851a1d" />
    <TestEntry testId="3e0c0d44-13a3-4b2b-9782-03ccb127014f" executionId="46bafba6-1c01-4ae6-98fa-bc8b557a7872" testListId="8c84fa94-04c1-424b-9868-57a2d4851a1d" />
    <TestEntry testId="5789e8d2-090d-4fbf-b3df-9b74bf9912b2" executionId="8cf04fad-6985-49de-b100-b744c0efd0e6" testListId="8c84fa94-04c1-424b-9868-57a2d4851a1d" />
    <TestEntry testId="2b2a00b4-7e5b-4e2d-ad65-9825dbfef4ef" executionId="06cdba63-ecb2-47c6-91fe-db4ab7dbea2d" testListId="8c84fa94-04c1-424b-9868-57a2d4851a1d" />
    <TestEntry testId="9d4b94c2-029a-46d8-9579-711958880f16" executionId="542a2877-9ffe-4c8a-b97b-6e06af7bb2c9" testListId="8c84fa94-04c1-424b-9868-57a2d4851a1d" />
    <TestEntry testId="94039132-b2ec-4767-a718-db6c1ba18be5" executionId="1b2cf4d0-12ce-4462-aa4c-c0dc929720ee" testListId="8c84fa94-04c1-424b-9868-57a2d4851a1d" />
    <TestEntry testId="68d053db-5b45-4160-9b59-f775b6401047" executionId="6ae51a1c-74cb-4662-b941-7871b1fa8339" testListId="8c84fa94-04c1-424b-9868-57a2d4851a1d" />
    <TestEntry testId="66d8540d-5801-40a5-bcf4-447fe5190c48" executionId="2c4ae137-9c7a-45da-a12d-ddd5b9a7c79b" testListId="8c84fa94-04c1-424b-9868-57a2d4851a1d" />
    <TestEntry testId="4cadacc7-6d36-4f84-9d05-cfd961ba2662" executionId="e25cb42a-9c5e-4ebc-808b-9a734db42a3e" testListId="8c84fa94-04c1-424b-9868-57a2d4851a1d" />
    <TestEntry testId="1f169942-c6a2-439f-a36a-04c9cac2879b" executionId="7184729d-f5e6-40cb-8bec-906448d1739b" testListId="8c84fa94-04c1-424b-9868-57a2d4851a1d" />
    <TestEntry testId="a7cf39eb-e0b1-433a-826f-7836321e6b5c" executionId="331a3f89-1b55-44b8-a23c-cc309c827228" testListId="8c84fa94-04c1-424b-9868-57a2d4851a1d" />
    <TestEntry testId="581abfd5-bf37-4bb8-98d9-9aaa1adf4371" executionId="01cce501-3b18-43e4-9cc3-04ebb1f4e5d2" testListId="8c84fa94-04c1-424b-9868-57a2d4851a1d" />
    <TestEntry testId="ccd66002-cac1-4f67-9d13-b09215826853" executionId="e9e7650e-0694-4ea2-85fc-f5f944f2dab0" testListId="8c84fa94-04c1-424b-9868-57a2d4851a1d" />
    <TestEntry testId="18e339eb-80aa-44c4-a49d-27a9d30a0cd3" executionId="1fb2c988-28d1-43af-a9a5-baf5e6047b15" testListId="8c84fa94-04c1-424b-9868-57a2d4851a1d" />
    <TestEntry testId="25d2a1c0-7875-480e-b608-97e31d180c97" executionId="eea99785-9781-488b-81c4-a5225b34753a" testListId="8c84fa94-04c1-424b-9868-57a2d4851a1d" />
    <TestEntry testId="530aa68b-4820-4c1d-9d16-ed867f10fb05" executionId="a63ffcb6-1581-4ae8-b0ea-8654644d16f1" testListId="8c84fa94-04c1-424b-9868-57a2d4851a1d" />
    <TestEntry testId="a8d61dff-8d7d-4e6b-a7ce-72ac9bec3a8f" executionId="d8e3dad1-8d57-4486-a8e4-43322d99a232" testListId="8c84fa94-04c1-424b-9868-57a2d4851a1d" />
    <TestEntry testId="ef3a3cd9-16d8-43e8-8c0a-7815ff08654d" executionId="1f210997-eb87-4307-85ed-d445cec042c8" testListId="8c84fa94-04c1-424b-9868-57a2d4851a1d" />
    <TestEntry testId="e98ebd92-28b5-4f12-8307-5eaf1ef9b8d5" executionId="094046a9-53af-4317-a45a-afabd6fa69bf" testListId="8c84fa94-04c1-424b-9868-57a2d4851a1d" />
    <TestEntry testId="3db03fdf-bd76-4453-957f-6bec05fb305f" executionId="93c6fa56-85e7-4ce6-ae06-b3a705bd2c6a" testListId="8c84fa94-04c1-424b-9868-57a2d4851a1d" />
    <TestEntry testId="cd55e5e9-5691-41ef-b191-2a2b390d9836" executionId="54be78a0-7298-4ddc-8d3c-c62777ea1dc1" testListId="8c84fa94-04c1-424b-9868-57a2d4851a1d" />
    <TestEntry testId="cd44a99f-8431-4fd1-bdd7-6631c8546e3d" executionId="2c7f3489-4c71-4e20-a670-62e7aa8a04d5" testListId="8c84fa94-04c1-424b-9868-57a2d4851a1d" />
    <TestEntry testId="f2ee0d63-e626-4755-b6e9-168f08d31ff1" executionId="d3e67016-8472-4416-bf8a-8531f21efd93" testListId="8c84fa94-04c1-424b-9868-57a2d4851a1d" />
    <TestEntry testId="e9ee0c0b-8227-4569-98df-903e249a8ea9" executionId="1df2bf57-1d11-4f49-9c24-dd2126e92ca3" testListId="8c84fa94-04c1-424b-9868-57a2d4851a1d" />
    <TestEntry testId="bab9175c-e584-4d17-bf1c-71f3d81760a2" executionId="9db85646-88da-46e6-ad63-87637e80b2bf" testListId="8c84fa94-04c1-424b-9868-57a2d4851a1d" />
    <TestEntry testId="2b41707e-34f4-49d3-a4eb-c1a899608117" executionId="e4093b93-4801-4a84-b463-7d13df25c034" testListId="8c84fa94-04c1-424b-9868-57a2d4851a1d" />
    <TestEntry testId="156a0ddd-e94a-46de-9410-bc55a153a7be" executionId="d8ab1dde-c16f-4de0-916d-6c5e0f310fe4" testListId="8c84fa94-04c1-424b-9868-57a2d4851a1d" />
    <TestEntry testId="cfc78365-a45b-47f8-a3a2-896a225f6c4b" executionId="2522afa7-1ada-4730-9f89-d33131d445ae" testListId="8c84fa94-04c1-424b-9868-57a2d4851a1d" />
    <TestEntry testId="ea32f8c9-d8d9-4fda-a336-22613f650a9b" executionId="ee0deebc-dc5a-4292-81bc-00fba434167b" testListId="8c84fa94-04c1-424b-9868-57a2d4851a1d" />
    <TestEntry testId="e351f6c9-51d6-4d04-9e61-1a9d7c872a0d" executionId="f7fbd760-cfc9-4ac5-85fc-c7c106ff19c7" testListId="8c84fa94-04c1-424b-9868-57a2d4851a1d" />
    <TestEntry testId="5df12df4-43cd-42e6-8ae2-cc9e09e0d5c2" executionId="a4391660-0c0b-4ffe-8d91-85ec4fbf9869" testListId="8c84fa94-04c1-424b-9868-57a2d4851a1d" />
    <TestEntry testId="6a06b8ac-6fc5-47e6-aa6d-65e6ea557c93" executionId="d6ecdb98-a84a-475f-bbbd-25e3ca645eb2" testListId="8c84fa94-04c1-424b-9868-57a2d4851a1d" />
    <TestEntry testId="891574d6-a80c-4216-ad60-559ef7c6a92f" executionId="ca11fc95-8502-4563-9323-cd03a262ea1f" testListId="8c84fa94-04c1-424b-9868-57a2d4851a1d" />
    <TestEntry testId="21e758d4-0648-48e9-b28e-966a8feb83c3" executionId="800b4a79-9f4a-4414-9165-426f2fec56bf" testListId="8c84fa94-04c1-424b-9868-57a2d4851a1d" />
    <TestEntry testId="b2aa2628-1c7f-48a6-9a00-ddcc763d5fbe" executionId="dc36dac4-d8e3-4dc9-bdd4-03942a06d26c" testListId="8c84fa94-04c1-424b-9868-57a2d4851a1d" />
    <TestEntry testId="8f27ee02-ab57-4f75-9456-5829d3285462" executionId="ee239286-2824-4095-bff2-1032c99f4062" testListId="8c84fa94-04c1-424b-9868-57a2d4851a1d" />
    <TestEntry testId="f79421d5-eb49-499c-82fc-3cd7f137bd1d" executionId="a5a6df94-7046-4d47-a6f9-83931a01b2b0" testListId="8c84fa94-04c1-424b-9868-57a2d4851a1d" />
    <TestEntry testId="ce38100c-693f-40cd-8f20-d501e919542d" executionId="f73a5f74-89d7-4a2d-92f3-640e9490e478" testListId="8c84fa94-04c1-424b-9868-57a2d4851a1d" />
    <TestEntry testId="0ea4fd10-69fa-40f3-8003-aba91c29c7a4" executionId="06684a74-a428-4493-9ecc-844b414d4fc8" testListId="8c84fa94-04c1-424b-9868-57a2d4851a1d" />
    <TestEntry testId="a0fd035f-7f12-49f6-9f90-8dc6356eced5" executionId="efcb203c-dc58-458a-ac0e-045e14d2e36a" testListId="8c84fa94-04c1-424b-9868-57a2d4851a1d" />
    <TestEntry testId="8667b31a-37bf-4420-b139-b9cb330d47f1" executionId="d35544b5-7cfa-4bd3-914f-87e19c520371" testListId="8c84fa94-04c1-424b-9868-57a2d4851a1d" />
    <TestEntry testId="5bd472ed-a1ab-4747-8f1c-76af74cb273a" executionId="a4a4e9df-10db-48ee-a3c1-60476b7a49e0" testListId="8c84fa94-04c1-424b-9868-57a2d4851a1d" />
    <TestEntry testId="84446135-f9dd-4355-9804-a1a36170e416" executionId="adcb4283-3644-48cb-947f-da83d38a5191" testListId="8c84fa94-04c1-424b-9868-57a2d4851a1d" />
    <TestEntry testId="f0dd09b6-6cde-4aad-bffe-1c6ad9478db5" executionId="b9eaafd5-1869-49bf-849b-eeb0f7a3b72a" testListId="8c84fa94-04c1-424b-9868-57a2d4851a1d" />
    <TestEntry testId="f2e2d9ed-b7f3-47e3-8320-71eb698c72fc" executionId="716cb618-02bd-45bd-b11d-ad47816c5474" testListId="8c84fa94-04c1-424b-9868-57a2d4851a1d" />
    <TestEntry testId="f3a6236c-99e7-4c6f-ab5e-9b6bf9e20da5" executionId="40c008da-70e9-40ed-aba0-fc6733c2e940" testListId="8c84fa94-04c1-424b-9868-57a2d4851a1d" />
    <TestEntry testId="0fe72589-1523-4f6d-a44b-fe25757df41f" executionId="c1b84246-af8e-421f-88fe-39ecd4d06278" testListId="8c84fa94-04c1-424b-9868-57a2d4851a1d" />
    <TestEntry testId="2cd5df0f-4336-4d28-a59a-729d83cd4b47" executionId="19d5867a-b47a-487e-89c8-2e2ebcdedb96" testListId="8c84fa94-04c1-424b-9868-57a2d4851a1d" />
    <TestEntry testId="44b06750-5f7f-487e-9bbf-4334d01243ef" executionId="390940c9-720b-4931-b06b-30ee20ae30f4" testListId="8c84fa94-04c1-424b-9868-57a2d4851a1d" />
    <TestEntry testId="2a46868c-8112-4bd2-8f9b-c2ef16c1dbc9" executionId="65ab5038-34b4-4fb4-a5e6-73d865b26b87" testListId="8c84fa94-04c1-424b-9868-57a2d4851a1d" />
    <TestEntry testId="b76f2324-ec48-4e02-b238-5aeb1854041d" executionId="5f42d529-a50a-4c23-8141-496ac85f8489" testListId="8c84fa94-04c1-424b-9868-57a2d4851a1d" />
    <TestEntry testId="75a9f2db-1514-42cd-b3d8-a89d742b0ebf" executionId="b7d6512d-0d50-4075-85e8-0da3732b8093" testListId="8c84fa94-04c1-424b-9868-57a2d4851a1d" />
    <TestEntry testId="e16b6b2f-94b3-4514-a7fd-a7d629af304f" executionId="3f99a6cb-7961-4c9e-a13e-512bc4ab6b0c" testListId="8c84fa94-04c1-424b-9868-57a2d4851a1d" />
    <TestEntry testId="6150954b-c41b-4ef4-8cc1-fa4a5dd3d362" executionId="d193bad9-9543-4ae4-a3ae-dd977db34dc9" testListId="8c84fa94-04c1-424b-9868-57a2d4851a1d" />
    <TestEntry testId="0e6c919d-6015-4bf9-8dbd-35140eb3cdbf" executionId="3092a81d-7a58-4f90-b2b2-990093be46b4" testListId="8c84fa94-04c1-424b-9868-57a2d4851a1d" />
    <TestEntry testId="b5f3c6ff-f763-4319-adb8-c88626c9d6e3" executionId="27315b41-de02-4920-9aea-381cc1d2e46d" testListId="8c84fa94-04c1-424b-9868-57a2d4851a1d" />
    <TestEntry testId="fbaaf85e-9aaa-4063-a072-43d7800c4c15" executionId="aff33715-2336-4528-8544-f3690a5637af" testListId="8c84fa94-04c1-424b-9868-57a2d4851a1d" />
    <TestEntry testId="b37b411f-84b1-4cd0-b3d3-20605877735d" executionId="ae24bc37-927b-44fe-a6f3-1ef1af954661" testListId="8c84fa94-04c1-424b-9868-57a2d4851a1d" />
    <TestEntry testId="02a93c93-3db8-4e3f-b872-610b47391fe2" executionId="c96204b2-05aa-44f8-9424-a32aa8113c05" testListId="8c84fa94-04c1-424b-9868-57a2d4851a1d" />
    <TestEntry testId="e6b12a0c-d887-4bef-9915-1d5b053337e9" executionId="9fb5fd1e-bf03-43e6-af1e-72e0319f3e01" testListId="8c84fa94-04c1-424b-9868-57a2d4851a1d" />
    <TestEntry testId="15de9705-f82d-46a0-8bda-431d65915ba7" executionId="b33e5456-6f2a-4cb7-87a4-a35d1e688e8a" testListId="8c84fa94-04c1-424b-9868-57a2d4851a1d" />
    <TestEntry testId="bda2435f-8d0a-4886-9ce3-8b917c04ec7f" executionId="0c1a7cb5-a82a-4614-865b-73551d776484" testListId="8c84fa94-04c1-424b-9868-57a2d4851a1d" />
    <TestEntry testId="7864fd66-294e-4d22-b422-09401212446a" executionId="64a0f7e4-7376-4151-80f9-4fa175bc196e" testListId="8c84fa94-04c1-424b-9868-57a2d4851a1d" />
    <TestEntry testId="60720f9e-17d0-41b6-9272-55e042aa5646" executionId="ae158468-b1ac-4295-9fc2-f99dde2ec3d3" testListId="8c84fa94-04c1-424b-9868-57a2d4851a1d" />
    <TestEntry testId="ef07b55a-9761-472e-a6d1-3f362b51dd68" executionId="db600c94-d28d-4b39-90eb-766ae4c4b459" testListId="8c84fa94-04c1-424b-9868-57a2d4851a1d" />
    <TestEntry testId="17df0d0a-f486-491e-a929-12179372f24b" executionId="6756d57a-5e79-4e86-8865-9ff22890c4e6" testListId="8c84fa94-04c1-424b-9868-57a2d4851a1d" />
    <TestEntry testId="b5ac4968-4428-401f-822b-1a91da9df444" executionId="d579c959-8944-4bb8-ac2b-f78240bf8406" testListId="8c84fa94-04c1-424b-9868-57a2d4851a1d" />
    <TestEntry testId="7221b29f-4b9a-468d-9f53-91821d9b84ea" executionId="803768e4-a0c9-45a3-86ed-35c66fc3e565" testListId="8c84fa94-04c1-424b-9868-57a2d4851a1d" />
    <TestEntry testId="48a9cb1f-7a95-4e39-a80d-7f31a548419d" executionId="af215fc2-8a73-4cc5-9abd-412a4728668f" testListId="8c84fa94-04c1-424b-9868-57a2d4851a1d" />
    <TestEntry testId="688534e8-5a40-4b32-aa30-a0115d952ec4" executionId="71bcf267-c19a-49d1-9d75-375f404bff70" testListId="8c84fa94-04c1-424b-9868-57a2d4851a1d" />
    <TestEntry testId="48961cac-ec20-48bb-89d4-decfe25c48fc" executionId="a20a53c3-ae12-4331-b06e-9ed78b1f0e9f" testListId="8c84fa94-04c1-424b-9868-57a2d4851a1d" />
    <TestEntry testId="6a43b554-6ab4-4238-80dd-bf0e45427893" executionId="d880e04b-f348-4b52-9b97-9799bda3f54f" testListId="8c84fa94-04c1-424b-9868-57a2d4851a1d" />
    <TestEntry testId="0f40078a-2db5-4d01-a9a5-7d988128e8ce" executionId="2f6d733f-ed34-4eb6-be20-cf16e347746a" testListId="8c84fa94-04c1-424b-9868-57a2d4851a1d" />
    <TestEntry testId="a11c986a-da0c-4097-9716-d111c58a8e3f" executionId="39804e73-510b-49a9-8276-de1ba26d724e" testListId="8c84fa94-04c1-424b-9868-57a2d4851a1d" />
    <TestEntry testId="5be5b112-0d21-4754-9792-60b7076dbcc6" executionId="2e58409a-6694-4dc8-bb0a-84816251527c" testListId="8c84fa94-04c1-424b-9868-57a2d4851a1d" />
    <TestEntry testId="46ecc98b-94ae-4330-a17a-cd6e42c075c7" executionId="7aa77465-74b0-4ede-bff4-1e488d7b74b9" testListId="8c84fa94-04c1-424b-9868-57a2d4851a1d" />
    <TestEntry testId="b6b4c3a1-54cc-4fbf-9b8b-60f43e7fbc2e" executionId="c3eb30fd-ca1c-47f6-b34f-32169d9d4e22" testListId="8c84fa94-04c1-424b-9868-57a2d4851a1d" />
    <TestEntry testId="5a325039-0bae-48ae-a8c4-b4a636f88ac4" executionId="bfd2a24b-80a4-4cf8-94e6-72be38d453e1" testListId="8c84fa94-04c1-424b-9868-57a2d4851a1d" />
    <TestEntry testId="01833c6c-38d0-4136-9c4e-94e92bf25792" executionId="fbd55f18-fd34-4d3c-a2d3-ed17e196b051" testListId="8c84fa94-04c1-424b-9868-57a2d4851a1d" />
    <TestEntry testId="945072df-ebec-47e2-8c19-55e3055dce95" executionId="b2c37d38-f0b8-4238-9271-38f004c28680" testListId="8c84fa94-04c1-424b-9868-57a2d4851a1d" />
    <TestEntry testId="386457ef-23a4-4cc4-9f91-ac76e2d76ec6" executionId="e046cf3f-b7e0-4691-977e-8a4c3e197b16" testListId="8c84fa94-04c1-424b-9868-57a2d4851a1d" />
    <TestEntry testId="24373761-63a4-4516-b133-1b6235adde85" executionId="0fbcebde-5ff2-4c71-a7f7-ea6d24349d0a" testListId="8c84fa94-04c1-424b-9868-57a2d4851a1d" />
    <TestEntry testId="d865b3a8-0e31-44dd-becd-44d3944c040f" executionId="b8e3873b-5c1e-4cdd-85cf-f8c1103b9459" testListId="8c84fa94-04c1-424b-9868-57a2d4851a1d" />
    <TestEntry testId="b70c3cb5-14c5-466e-8071-dd664f5729ff" executionId="58b3ae9f-7c25-4b46-83fa-bbc3f8a16be0" testListId="8c84fa94-04c1-424b-9868-57a2d4851a1d" />
    <TestEntry testId="0675484b-6c5e-44ce-ad37-32b922b9160b" executionId="ee51aa8a-7f17-4117-8f0e-60f4c3909242" testListId="8c84fa94-04c1-424b-9868-57a2d4851a1d" />
    <TestEntry testId="90a081aa-9d23-4336-bcb5-b3631dd4bd08" executionId="46a0df1e-c6b5-4163-8352-c85b1d21fc50" testListId="8c84fa94-04c1-424b-9868-57a2d4851a1d" />
    <TestEntry testId="125b3a5f-6199-46e0-900d-cc2dad419ae8" executionId="9cd806a0-f50d-4fad-87fa-96bf1a866843" testListId="8c84fa94-04c1-424b-9868-57a2d4851a1d" />
    <TestEntry testId="e1ee4983-1966-4962-bf29-c96cba59f7bd" executionId="46d1701a-f43f-4f8b-ad2e-16535d718490" testListId="8c84fa94-04c1-424b-9868-57a2d4851a1d" />
    <TestEntry testId="a431e60f-344d-4a07-9ba4-95ad72c394c6" executionId="8cb75fcf-f9b2-402c-afb4-224a48948e63" testListId="8c84fa94-04c1-424b-9868-57a2d4851a1d" />
    <TestEntry testId="9737b87a-a941-4c05-a56c-abf6cc452e20" executionId="d24adb45-7368-45eb-8227-1f6b0f823a99" testListId="8c84fa94-04c1-424b-9868-57a2d4851a1d" />
    <TestEntry testId="55c52e3e-c004-47e4-98c1-d10fb519f42a" executionId="c2c5a75a-2055-45b8-a4b9-8724324d340d" testListId="8c84fa94-04c1-424b-9868-57a2d4851a1d" />
    <TestEntry testId="50644052-484c-4715-b339-ee4844e070b2" executionId="814aa5e5-10fa-4f42-a0e0-64717e03ab0c" testListId="8c84fa94-04c1-424b-9868-57a2d4851a1d" />
    <TestEntry testId="cb387f3d-d2f8-4721-8ace-e7a60b999c42" executionId="22646934-b458-4ec0-a8b5-84de5f8ad601" testListId="8c84fa94-04c1-424b-9868-57a2d4851a1d" />
    <TestEntry testId="4af71881-4137-4a37-a249-f30ee599a0fb" executionId="e0faa94f-8a96-4f40-8340-17f8fcc43ca7" testListId="8c84fa94-04c1-424b-9868-57a2d4851a1d" />
    <TestEntry testId="e133123e-fa1d-4689-be37-2a2a6b73caf2" executionId="398119ba-1431-413e-80ef-682b58051797" testListId="8c84fa94-04c1-424b-9868-57a2d4851a1d" />
    <TestEntry testId="4050b1fa-f59e-434f-a130-5ea1df7d408b" executionId="983ab050-2a33-4cac-93fd-9550bd4f9bcc" testListId="8c84fa94-04c1-424b-9868-57a2d4851a1d" />
    <TestEntry testId="00a3f525-ce92-4a4e-bcec-662c693b1c16" executionId="2d7ee75e-64c3-4a9a-884f-0cb31157ccd4" testListId="8c84fa94-04c1-424b-9868-57a2d4851a1d" />
    <TestEntry testId="ebb994ba-143c-465f-9ded-c9c53219eef5" executionId="bd1f9ea7-d5b8-42a4-8df6-ad47db8d515a" testListId="8c84fa94-04c1-424b-9868-57a2d4851a1d" />
    <TestEntry testId="75867a5e-ff4c-4fe0-8f6c-0c4884283028" executionId="0d06d507-c7a5-418b-990e-4ba0dc4a7af0" testListId="8c84fa94-04c1-424b-9868-57a2d4851a1d" />
    <TestEntry testId="2f911cec-4bc5-4633-a140-17e48f7ff8f1" executionId="c8ea922e-9d89-48c8-9bd1-cfcca305cbe6" testListId="8c84fa94-04c1-424b-9868-57a2d4851a1d" />
    <TestEntry testId="e9963e70-fa85-42d3-95ab-f72d07059a0c" executionId="430fc212-ebf9-4859-b8fb-a30e731e334e" testListId="8c84fa94-04c1-424b-9868-57a2d4851a1d" />
    <TestEntry testId="4d4d4820-f5fa-4bd0-9ab6-423e2ec7e8fc" executionId="5d519115-692f-4db2-86e2-5e8181e3ef44" testListId="8c84fa94-04c1-424b-9868-57a2d4851a1d" />
    <TestEntry testId="06c57aaa-8e11-4fb1-97fb-7c518f897766" executionId="0461abc6-4809-4f95-b7b7-5270fb8614d8" testListId="8c84fa94-04c1-424b-9868-57a2d4851a1d" />
    <TestEntry testId="23a8cf96-8504-4fda-9c8b-9db662ff6252" executionId="0460c599-aeca-47c4-9c8a-007be0d7a3f6" testListId="8c84fa94-04c1-424b-9868-57a2d4851a1d" />
    <TestEntry testId="26030bce-eb11-4590-9372-72fd039a1717" executionId="3c529553-333f-42a4-9883-1f600fa03794" testListId="8c84fa94-04c1-424b-9868-57a2d4851a1d" />
    <TestEntry testId="df9259a1-0056-4fec-8850-193ebd40cab5" executionId="8f1a254b-5fd0-4e34-a9e5-47427b35cd82" testListId="8c84fa94-04c1-424b-9868-57a2d4851a1d" />
    <TestEntry testId="57721b69-6ac2-4fbd-8c6c-bf3cd9ca1314" executionId="817edef7-8d8a-411d-b1b8-3c035a826dd6" testListId="8c84fa94-04c1-424b-9868-57a2d4851a1d" />
    <TestEntry testId="c5dea314-13ae-433b-86b1-ff9ccae7f0b7" executionId="3442fe6f-a714-4cd3-96f1-da4d1bba71b8" testListId="8c84fa94-04c1-424b-9868-57a2d4851a1d" />
    <TestEntry testId="152d4858-171f-4ebd-8ff5-7ea5c76903aa" executionId="3edc8c75-bcb9-45c3-bc93-875774f95d04" testListId="8c84fa94-04c1-424b-9868-57a2d4851a1d" />
    <TestEntry testId="26e5c99c-f25c-4117-9c0d-3bb6dd6b2634" executionId="5ac07b13-c022-4088-b03f-5dd94d380647" testListId="8c84fa94-04c1-424b-9868-57a2d4851a1d" />
    <TestEntry testId="e46b7842-ecde-4daa-86a3-de331b95467a" executionId="43fd657d-06cd-484d-8830-fb1319a4f706" testListId="8c84fa94-04c1-424b-9868-57a2d4851a1d" />
    <TestEntry testId="6b6ce775-ca74-4e25-bb9f-a0cb3dd08189" executionId="22bc6e53-1e1c-4ee1-8243-af4499d8f62a" testListId="8c84fa94-04c1-424b-9868-57a2d4851a1d" />
    <TestEntry testId="7adafde2-40ba-4580-934d-b6f574ec2d19" executionId="058872ae-7dd3-4a0a-9859-73c7b1ff95e3" testListId="8c84fa94-04c1-424b-9868-57a2d4851a1d" />
    <TestEntry testId="6f15d719-b7a7-420e-bcf2-b5acf9f50a57" executionId="9c841098-a2d0-4445-b29d-de98b372fd1f" testListId="8c84fa94-04c1-424b-9868-57a2d4851a1d" />
    <TestEntry testId="4f919444-8a9a-4667-a747-f3c07aa0da4e" executionId="edf89779-85a3-4eae-94f1-c7a7e09cc856" testListId="8c84fa94-04c1-424b-9868-57a2d4851a1d" />
    <TestEntry testId="e3d3f3df-e3c8-43c6-ad9a-7b4b81a1afd0" executionId="d1d453bb-3b45-4aa3-b40c-dd636ebdcdc7" testListId="8c84fa94-04c1-424b-9868-57a2d4851a1d" />
    <TestEntry testId="aaf8bfc5-94c5-44c9-96ab-f0d4ee74afa8" executionId="f4527aeb-bfae-410d-88bc-ee3079efa1b1" testListId="8c84fa94-04c1-424b-9868-57a2d4851a1d" />
    <TestEntry testId="b6946e21-b114-46f7-a132-fcf2fe3ad6b9" executionId="08945e0d-7968-47a6-8987-2f515485ab83" testListId="8c84fa94-04c1-424b-9868-57a2d4851a1d" />
    <TestEntry testId="8f2a2961-b3a8-4d98-b7af-f3b0faa1cf5e" executionId="15011a6a-f0b9-41c3-8d10-148e3ecf0af3" testListId="8c84fa94-04c1-424b-9868-57a2d4851a1d" />
    <TestEntry testId="53196077-7eb5-49c2-90ad-dadf3a930ada" executionId="5060d894-a411-4b03-8ad3-45b11a6a734b" testListId="8c84fa94-04c1-424b-9868-57a2d4851a1d" />
    <TestEntry testId="edaaa1a5-7d49-4e25-8b55-545d1259463f" executionId="d7e7953f-7f30-47de-85d9-d47f4f89cb6b" testListId="8c84fa94-04c1-424b-9868-57a2d4851a1d" />
    <TestEntry testId="dbd212a3-e5da-4b65-bb26-81b528608dac" executionId="e0c6cf96-5e15-4f58-90eb-6f25118a76c8" testListId="8c84fa94-04c1-424b-9868-57a2d4851a1d" />
    <TestEntry testId="3c94d121-91e9-4bb4-8e5e-cbb9359b55db" executionId="de6c1a4a-54e1-427d-b18a-2f5474336f58" testListId="8c84fa94-04c1-424b-9868-57a2d4851a1d" />
    <TestEntry testId="b77b7fd0-bc77-40ac-b1f9-3b10cc148068" executionId="58c7ea13-9e30-4b2c-8205-9cafa5c54f9f" testListId="8c84fa94-04c1-424b-9868-57a2d4851a1d" />
    <TestEntry testId="c409b3c5-92ad-4562-a745-3d240859a2f9" executionId="f1cc4684-3cfd-4e23-86ee-e5987edf3a82" testListId="8c84fa94-04c1-424b-9868-57a2d4851a1d" />
    <TestEntry testId="6bfaedce-a6db-4abe-9397-326c6b2fa11b" executionId="446d7ed8-49f5-4e16-a0fc-e9fbe1779d29" testListId="8c84fa94-04c1-424b-9868-57a2d4851a1d" />
    <TestEntry testId="40296583-c7f1-48a7-aa5e-15d5413e6376" executionId="dd29825a-a89d-4106-9731-9d82f982bc6a" testListId="8c84fa94-04c1-424b-9868-57a2d4851a1d" />
    <TestEntry testId="3e20b32c-1da1-4dba-9177-fd4f90cffb9d" executionId="351d986e-7003-4c64-89fa-980d37e60236" testListId="8c84fa94-04c1-424b-9868-57a2d4851a1d" />
    <TestEntry testId="0b0c6e4e-2418-438e-a680-3e912f331108" executionId="414089a4-415a-423d-8d9a-f5aa7f11fde3" testListId="8c84fa94-04c1-424b-9868-57a2d4851a1d" />
    <TestEntry testId="0a4afd62-f8a8-4ea2-8aa9-0d63642027d0" executionId="0f3c73af-7fbc-4fbb-8aed-3e9a230fb334" testListId="8c84fa94-04c1-424b-9868-57a2d4851a1d" />
    <TestEntry testId="728876fe-62cf-4e78-a220-2c1553f72055" executionId="8d94cbf6-e1ae-450a-8e68-ec78d249a5b0" testListId="8c84fa94-04c1-424b-9868-57a2d4851a1d" />
    <TestEntry testId="042b57a1-8f04-46ca-855b-162f7a200a4a" executionId="4bef7571-89e5-4edf-b443-f7b848740c3c" testListId="8c84fa94-04c1-424b-9868-57a2d4851a1d" />
    <TestEntry testId="0bf0c462-e4ca-4a47-8878-bd5f89290a52" executionId="b5fb30d3-acec-4c1e-aeef-0a985a5c3b68" testListId="8c84fa94-04c1-424b-9868-57a2d4851a1d" />
    <TestEntry testId="dc1176a4-97e7-450b-80bd-c32ebbae4e3f" executionId="66797a17-599c-49a9-a678-f32494525fc2" testListId="8c84fa94-04c1-424b-9868-57a2d4851a1d" />
    <TestEntry testId="0ab74d95-b105-4cea-a124-1b70bfb81555" executionId="5ec71c69-eff3-417d-ad33-36d914c17a8d" testListId="8c84fa94-04c1-424b-9868-57a2d4851a1d" />
    <TestEntry testId="666b14d7-0c69-4d2e-a9f1-91c5d043de2d" executionId="a16a0e6c-1eba-4664-ae62-574ea7899adf" testListId="8c84fa94-04c1-424b-9868-57a2d4851a1d" />
    <TestEntry testId="657e2457-8e34-425e-9158-f86e7beca1c5" executionId="e9160fb4-0065-41ed-bdca-8ecd6c0544ed" testListId="8c84fa94-04c1-424b-9868-57a2d4851a1d" />
    <TestEntry testId="31b23b82-2bce-43a9-83f9-febf4bae20bc" executionId="00f9741e-660f-4c97-87c9-c0c78c935a8b" testListId="8c84fa94-04c1-424b-9868-57a2d4851a1d" />
    <TestEntry testId="6bab2731-979a-469b-8c19-ee9da4b46643" executionId="30b1b61f-0b14-49d6-ada6-1345d8299178" testListId="8c84fa94-04c1-424b-9868-57a2d4851a1d" />
    <TestEntry testId="a3422ccd-667c-4539-abfc-c444451d7970" executionId="67a154f8-11ca-4517-87c0-cc623981bd14" testListId="8c84fa94-04c1-424b-9868-57a2d4851a1d" />
    <TestEntry testId="2be64d24-57b2-406a-8955-18edd83e926f" executionId="ecad00d3-b637-40fe-9a3c-4cbbcee908a9" testListId="8c84fa94-04c1-424b-9868-57a2d4851a1d" />
    <TestEntry testId="aa903bb0-2242-4f0d-9604-9c48707a801e" executionId="b9a853d5-4019-459c-be52-9d2b0d38d7da" testListId="8c84fa94-04c1-424b-9868-57a2d4851a1d" />
    <TestEntry testId="d280e0af-b363-4ed5-81f3-22403b5a1cd5" executionId="3f12a21e-7454-4abf-85f1-2eb5233f1c33" testListId="8c84fa94-04c1-424b-9868-57a2d4851a1d" />
    <TestEntry testId="9abf1978-53cc-4a17-9282-7bdfefcad87b" executionId="31459c00-7ef7-4f39-89c9-08d206b9d68a" testListId="8c84fa94-04c1-424b-9868-57a2d4851a1d" />
    <TestEntry testId="4306ba5e-7c97-446b-8da8-b8fb67220b1c" executionId="7b329b6d-89c5-4e9e-93bf-c59cbcc60b01" testListId="8c84fa94-04c1-424b-9868-57a2d4851a1d" />
    <TestEntry testId="6ec8186c-49a5-457b-9970-b3de68ec7c0d" executionId="76ac2d2c-a79f-4b7c-ad12-75e7a32d49e7" testListId="8c84fa94-04c1-424b-9868-57a2d4851a1d" />
    <TestEntry testId="1c0f8749-be4e-4181-8fdc-bc3b93e4091e" executionId="86883f0d-6a39-489c-ac7d-d5c6c0f3c2c4" testListId="8c84fa94-04c1-424b-9868-57a2d4851a1d" />
    <TestEntry testId="0a11b699-bacb-48d9-90ab-2f1b74cc0776" executionId="0b758c5d-aa79-40be-a835-a7cd2f558f5f" testListId="8c84fa94-04c1-424b-9868-57a2d4851a1d" />
    <TestEntry testId="3c0d4a77-965c-49a3-9a15-699ff12ccce0" executionId="4de46e01-7c4b-4e51-9995-2e220cfe0952" testListId="8c84fa94-04c1-424b-9868-57a2d4851a1d" />
    <TestEntry testId="d909742d-071e-4a8e-8b34-05bd3681f478" executionId="eadb3351-7984-4454-9a14-f42f72a2a891" testListId="8c84fa94-04c1-424b-9868-57a2d4851a1d" />
    <TestEntry testId="aa67f50c-98eb-405e-aab8-ca411ec9d2ea" executionId="4cce5a1c-734b-4c6c-b743-77c0a1d00459" testListId="8c84fa94-04c1-424b-9868-57a2d4851a1d" />
    <TestEntry testId="52b3dc30-c96c-40e3-bccf-ac4b5d1575be" executionId="658b7de6-53f5-4619-8cc5-ccaa08305bb0" testListId="8c84fa94-04c1-424b-9868-57a2d4851a1d" />
    <TestEntry testId="deb99b38-c34e-4d19-989d-5d303a13c998" executionId="421037af-00ac-449f-96de-b3daac86f616" testListId="8c84fa94-04c1-424b-9868-57a2d4851a1d" />
    <TestEntry testId="09de5e82-87b8-45a0-a3a5-3bb0bd4e8ea4" executionId="81af3524-489f-4f3d-b655-0c5434ad34f6" testListId="8c84fa94-04c1-424b-9868-57a2d4851a1d" />
    <TestEntry testId="e449489d-612e-4c2e-ba84-dc5cb1b4cf9c" executionId="88cae428-d948-4325-882c-466c7adeb895" testListId="8c84fa94-04c1-424b-9868-57a2d4851a1d" />
    <TestEntry testId="9b1a0f7a-c986-4da9-886a-c6d5bc29c734" executionId="18690770-a12c-4701-aad0-257a25936e52" testListId="8c84fa94-04c1-424b-9868-57a2d4851a1d" />
    <TestEntry testId="105fcf45-c4c3-4c2c-9787-2bef1607df5e" executionId="1bfb58c3-7c42-4b75-b0ce-6122735cbbbf" testListId="8c84fa94-04c1-424b-9868-57a2d4851a1d" />
    <TestEntry testId="e386be2d-9390-4065-8cb0-c14601d9413b" executionId="9d58cfa2-d64f-410f-85c0-7d26f652b5fb" testListId="8c84fa94-04c1-424b-9868-57a2d4851a1d" />
    <TestEntry testId="2b7d5245-a8ba-411d-a13c-adcd753b30ce" executionId="81f8f210-3783-4267-904d-c0812842c622" testListId="8c84fa94-04c1-424b-9868-57a2d4851a1d" />
    <TestEntry testId="f1753e46-ee9b-4617-9545-13a8d7abbeae" executionId="be501d76-2c31-4a51-a510-659680664553" testListId="8c84fa94-04c1-424b-9868-57a2d4851a1d" />
    <TestEntry testId="64bd3b11-e71b-46c1-89f5-7855093342ab" executionId="3e4e1c95-fc31-42f0-bcbf-fc704ac130b1" testListId="8c84fa94-04c1-424b-9868-57a2d4851a1d" />
    <TestEntry testId="3b813775-0aa8-45cf-91a7-2fb31aba61d5" executionId="12b9fb65-44f4-44b8-a3ee-168bb7e80cb5" testListId="8c84fa94-04c1-424b-9868-57a2d4851a1d" />
    <TestEntry testId="3b96c429-49f8-48b7-873c-f1259e018c0b" executionId="82fc94fa-5f9c-41c5-b1cd-d4c16d5c8d93" testListId="8c84fa94-04c1-424b-9868-57a2d4851a1d" />
    <TestEntry testId="6d3f6916-19b1-42ed-a844-32ddc7438f1e" executionId="27cc09ae-8568-4628-8800-bd99ebd94239" testListId="8c84fa94-04c1-424b-9868-57a2d4851a1d" />
    <TestEntry testId="4b4cfe2a-eebe-4831-9382-57e39c14bfeb" executionId="63d26ab0-0406-4c08-8ced-e22efe9bd2f0" testListId="8c84fa94-04c1-424b-9868-57a2d4851a1d" />
    <TestEntry testId="19d4269f-23bb-4212-ba80-c4af71b84614" executionId="1565a969-4d4c-4769-a6a3-9c502be1972d" testListId="8c84fa94-04c1-424b-9868-57a2d4851a1d" />
    <TestEntry testId="63123794-2e92-4382-95a1-331cd033c7c0" executionId="615b7198-4ee3-459c-9695-2c30d7ac96f6" testListId="8c84fa94-04c1-424b-9868-57a2d4851a1d" />
    <TestEntry testId="8f835c32-6523-4c6a-9728-83f52cba9021" executionId="adcc9e00-7161-4f5f-812a-eea54f5ccaea" testListId="8c84fa94-04c1-424b-9868-57a2d4851a1d" />
    <TestEntry testId="58444472-d7b6-4206-86ff-aca1efe6da94" executionId="ca9df023-fd7f-4e15-bc3e-04cd2e9a2abf" testListId="8c84fa94-04c1-424b-9868-57a2d4851a1d" />
    <TestEntry testId="213a6fd1-422c-48c2-a837-c21fa67ca710" executionId="b4c34c89-c4a3-448c-bdb7-ef63d8b14845" testListId="8c84fa94-04c1-424b-9868-57a2d4851a1d" />
    <TestEntry testId="d839413d-8479-42a9-b78e-7c2901bdf247" executionId="db787969-8eff-4285-8713-d70f96a47feb" testListId="8c84fa94-04c1-424b-9868-57a2d4851a1d" />
    <TestEntry testId="22c8b865-613a-45eb-9a74-d592299795c7" executionId="74615bfa-e61a-45be-aed4-92c168c29c64" testListId="8c84fa94-04c1-424b-9868-57a2d4851a1d" />
    <TestEntry testId="a1a4d507-bef4-46f5-9753-b60ddac81185" executionId="15a0317f-4935-47dc-926b-a1e80d9d2e44" testListId="8c84fa94-04c1-424b-9868-57a2d4851a1d" />
    <TestEntry testId="a788c5fa-21fa-4973-b417-b1da00562dde" executionId="9cc4c687-d15f-4bec-97f5-37267fee68d5" testListId="8c84fa94-04c1-424b-9868-57a2d4851a1d" />
    <TestEntry testId="142b75f3-776e-4bb9-b5f2-017c33494067" executionId="97fb02b3-d614-48bf-914a-8ad0ee43fec5" testListId="8c84fa94-04c1-424b-9868-57a2d4851a1d" />
    <TestEntry testId="99ce6729-61d9-4ea8-9901-d3325c15ead9" executionId="30852c6e-ba3f-46c3-8537-57f84ed26850" testListId="8c84fa94-04c1-424b-9868-57a2d4851a1d" />
    <TestEntry testId="d7c18078-8918-42ad-acc1-e8826d852641" executionId="584ddd30-059f-4585-9e21-c9770c280b81" testListId="8c84fa94-04c1-424b-9868-57a2d4851a1d" />
    <TestEntry testId="baad7326-f312-4be1-9730-ad05cbce4042" executionId="8f5b6de6-ddfd-4fec-ba62-35fe6c1e2014" testListId="8c84fa94-04c1-424b-9868-57a2d4851a1d" />
    <TestEntry testId="fb9216b4-115f-410c-aee2-7ea73c33a676" executionId="057a19d3-cef2-47dc-951b-059c3f830fab" testListId="8c84fa94-04c1-424b-9868-57a2d4851a1d" />
    <TestEntry testId="9a5c2da1-eef6-48fd-a386-ec49b0af7d31" executionId="10f05d11-9855-4f3a-a3a9-df0add95b8d5" testListId="8c84fa94-04c1-424b-9868-57a2d4851a1d" />
    <TestEntry testId="bacb3bac-ec38-481c-b8f3-0465dad45d05" executionId="82876762-943e-425c-ab04-ed8cf4557268" testListId="8c84fa94-04c1-424b-9868-57a2d4851a1d" />
    <TestEntry testId="43989837-fc25-4a10-8c18-eb5c84457c64" executionId="53b924b1-1dbf-4a54-ba18-5971fb7eaec4" testListId="8c84fa94-04c1-424b-9868-57a2d4851a1d" />
    <TestEntry testId="5ecd7837-2ba0-480c-ac53-f4d7abf317fd" executionId="ee95a54a-8fbb-4457-93e4-0f6dc71e4139" testListId="8c84fa94-04c1-424b-9868-57a2d4851a1d" />
    <TestEntry testId="ece48ade-aad2-4050-994a-d2f4dd8254ef" executionId="e68d698e-268b-402c-946d-49e177a62ef8" testListId="8c84fa94-04c1-424b-9868-57a2d4851a1d" />
    <TestEntry testId="ca4a56e7-8e12-4c9d-be56-040a8e532e74" executionId="b1cb6078-fd65-4eab-af6d-f7d70b47e635" testListId="8c84fa94-04c1-424b-9868-57a2d4851a1d" />
    <TestEntry testId="daa61c83-90f7-4082-abf5-016eba78235a" executionId="88f2ebdc-6666-4ba1-bc3b-bc7f9c02cda9" testListId="8c84fa94-04c1-424b-9868-57a2d4851a1d" />
    <TestEntry testId="b6a60275-29c6-49ff-8411-2ff6e2e81bc5" executionId="2a56b91f-2603-4526-a800-17a889b50693" testListId="8c84fa94-04c1-424b-9868-57a2d4851a1d" />
    <TestEntry testId="2fe3abab-e8cd-46b4-bc35-03e5ca8d0ad1" executionId="1dd29ce5-895a-4495-9bfc-159102cb2ae1" testListId="8c84fa94-04c1-424b-9868-57a2d4851a1d" />
    <TestEntry testId="509cd064-6480-430b-affa-f10a53e247ee" executionId="d889c97b-a257-4727-b5f4-6b9e5dfe1339" testListId="8c84fa94-04c1-424b-9868-57a2d4851a1d" />
    <TestEntry testId="95e3f077-1a53-477d-aa60-cb6d7a8c35e9" executionId="7924ccf5-8b60-4a6a-a121-5373bbfd25d3" testListId="8c84fa94-04c1-424b-9868-57a2d4851a1d" />
    <TestEntry testId="ceeb65d5-36a0-4abc-8175-3e7c5ed5d1ac" executionId="d04f0136-dd3d-43a7-b442-bdf0d3908dbf" testListId="8c84fa94-04c1-424b-9868-57a2d4851a1d" />
    <TestEntry testId="195dc119-2148-4960-95a3-d674249499c4" executionId="91e137ad-14ea-4cea-beed-8bba81cfc4f6" testListId="8c84fa94-04c1-424b-9868-57a2d4851a1d" />
    <TestEntry testId="0ac5e299-2531-4f25-84ff-ae56b132322c" executionId="08562fa3-58c7-4241-a752-f9a53bf847e0" testListId="8c84fa94-04c1-424b-9868-57a2d4851a1d" />
    <TestEntry testId="51f798f2-382d-459b-a5fa-617138d90826" executionId="2d5f4917-d27b-48e0-b5ac-6f800e7af528" testListId="8c84fa94-04c1-424b-9868-57a2d4851a1d" />
    <TestEntry testId="872b7463-d7cf-4a2f-b1ea-40a140d5cd57" executionId="900c53f1-67be-4b64-827d-78aeb0a717a1" testListId="8c84fa94-04c1-424b-9868-57a2d4851a1d" />
    <TestEntry testId="40e91544-0eb4-4437-bd3c-bff6f13e9430" executionId="8c1d4001-4930-4885-acf6-6ec4fd61cf2e" testListId="8c84fa94-04c1-424b-9868-57a2d4851a1d" />
    <TestEntry testId="65d87f1a-86cf-414c-9d62-cf5c027887aa" executionId="fa936208-a500-42d6-b7de-77d34459f8df" testListId="8c84fa94-04c1-424b-9868-57a2d4851a1d" />
    <TestEntry testId="226989ef-ecdd-4999-b2f0-422dcb62da21" executionId="21dbc514-1c15-479b-bb16-0f516b4c3af8" testListId="8c84fa94-04c1-424b-9868-57a2d4851a1d" />
    <TestEntry testId="6d0fc620-27fd-4769-8254-f430b135f565" executionId="4ec238cc-7026-4439-833c-a73f0dd7833f" testListId="8c84fa94-04c1-424b-9868-57a2d4851a1d" />
    <TestEntry testId="6bcea6b8-b74c-44dd-9bf0-4868dea0a948" executionId="07a530b4-4f6a-4b9c-806f-05e9963675a0" testListId="8c84fa94-04c1-424b-9868-57a2d4851a1d" />
    <TestEntry testId="f2ee5a57-ef1a-4c07-a2f8-7d08410281e3" executionId="10d3ce5a-7ee9-40bd-be4e-e6b4f9615f53" testListId="8c84fa94-04c1-424b-9868-57a2d4851a1d" />
    <TestEntry testId="c929e6f0-fead-44c1-b309-912c28379ebe" executionId="a69359df-c21c-4e5a-a3bc-50a7b27d1f5e" testListId="8c84fa94-04c1-424b-9868-57a2d4851a1d" />
    <TestEntry testId="710c5824-aad2-4b51-90d8-421a3a447aea" executionId="d069c83f-5f83-4fcd-9fb7-ba10e45dcef2" testListId="8c84fa94-04c1-424b-9868-57a2d4851a1d" />
    <TestEntry testId="110f67ad-9d8a-4c7e-89c5-ac2b9b342ac5" executionId="cf817400-226c-418f-86e6-0619c7a3d5a6" testListId="8c84fa94-04c1-424b-9868-57a2d4851a1d" />
    <TestEntry testId="d8c205d6-f337-47ea-acc1-686e2ca3c547" executionId="4caa98bf-b86a-465f-becb-d533d0068e8d" testListId="8c84fa94-04c1-424b-9868-57a2d4851a1d" />
    <TestEntry testId="c245ab39-1153-49c1-8f2f-93703228501d" executionId="71d41654-5574-41e2-86cc-c221c2fb4237" testListId="8c84fa94-04c1-424b-9868-57a2d4851a1d" />
    <TestEntry testId="d10feaee-b7d1-46ca-a516-1ceb6b3e07de" executionId="704bb8be-a8a3-45fc-8455-4c50f52297d8" testListId="8c84fa94-04c1-424b-9868-57a2d4851a1d" />
    <TestEntry testId="3d00e13d-93a6-4bb6-ae9c-6b1aa5f552ad" executionId="2fa81e17-969a-421a-aaa4-0cac6436e20e" testListId="8c84fa94-04c1-424b-9868-57a2d4851a1d" />
    <TestEntry testId="35373582-a03d-4558-a1fb-f7b191350ba2" executionId="0992f3ba-124b-412a-9577-3b99bbead690" testListId="8c84fa94-04c1-424b-9868-57a2d4851a1d" />
    <TestEntry testId="53aa378f-2bc4-4a16-bd4f-69c135804487" executionId="5feabbb7-5ee5-4e00-90cb-8535cf4216fc" testListId="8c84fa94-04c1-424b-9868-57a2d4851a1d" />
    <TestEntry testId="83087cb6-2731-4793-954b-a78263b19946" executionId="4f20526a-1321-48ce-9920-ca024b681e9a" testListId="8c84fa94-04c1-424b-9868-57a2d4851a1d" />
    <TestEntry testId="6a6a0340-9b7c-4c68-8d4d-386d8fc0df8d" executionId="ef122100-283e-4aab-be71-e13b339644a2" testListId="8c84fa94-04c1-424b-9868-57a2d4851a1d" />
    <TestEntry testId="f0fc3dc6-6b98-4a98-a2ff-31aba265d66b" executionId="50a0d8fa-0b09-4af9-aff1-ec60de3478da" testListId="8c84fa94-04c1-424b-9868-57a2d4851a1d" />
    <TestEntry testId="00408a1e-597d-4c15-b940-735d65043164" executionId="b5ed1331-b2ea-4f2f-8c07-655c2b172ffa" testListId="8c84fa94-04c1-424b-9868-57a2d4851a1d" />
    <TestEntry testId="818201be-b78d-4973-969f-b64373d7bbeb" executionId="dda4ef13-39dd-4df0-a6a1-c7b814d22c08" testListId="8c84fa94-04c1-424b-9868-57a2d4851a1d" />
    <TestEntry testId="a4890005-74b2-423d-9a09-383e07a94518" executionId="c79d7df7-d036-4e61-9a0b-928fa793b1b8" testListId="8c84fa94-04c1-424b-9868-57a2d4851a1d" />
    <TestEntry testId="60ead52a-4f2a-4fe3-af3e-6b9b45bfd84f" executionId="37e70b5e-f1b1-4db6-ac03-4e05bcdd7873" testListId="8c84fa94-04c1-424b-9868-57a2d4851a1d" />
    <TestEntry testId="eeae89dd-6764-47f6-aebf-2f9acdf5faa5" executionId="b09afe37-2662-4942-b9bf-ceb46b4a7a9e" testListId="8c84fa94-04c1-424b-9868-57a2d4851a1d" />
    <TestEntry testId="6905786f-68d8-4972-8967-4de79613327b" executionId="69e866ad-d2b6-4d2c-b309-5c8be60e7971" testListId="8c84fa94-04c1-424b-9868-57a2d4851a1d" />
    <TestEntry testId="0978b802-d6aa-4164-82f9-f027ef13cceb" executionId="58090c37-715f-478d-8fb5-3d537b72dace" testListId="8c84fa94-04c1-424b-9868-57a2d4851a1d" />
    <TestEntry testId="0f8cee4b-7e7d-4299-8456-3015021f308c" executionId="cbd50f9e-a982-40d1-a4ed-8b0398d3ce2f" testListId="8c84fa94-04c1-424b-9868-57a2d4851a1d" />
    <TestEntry testId="faa8df4a-5ed4-4d77-8d72-ecfd4e1afa51" executionId="5f6641d3-6201-430d-8921-bcfffcb33207" testListId="8c84fa94-04c1-424b-9868-57a2d4851a1d" />
    <TestEntry testId="c51dd14a-53f8-4b05-ad10-427e6dca3758" executionId="deb255db-5a00-455d-aac4-81ec029b8547" testListId="8c84fa94-04c1-424b-9868-57a2d4851a1d" />
    <TestEntry testId="69d509c5-f6e5-44e7-b203-8a77c07bde77" executionId="b5b29838-cae4-4b87-a3bd-35d058f0d562" testListId="8c84fa94-04c1-424b-9868-57a2d4851a1d" />
    <TestEntry testId="2571e258-33cd-4923-9131-f1cdfd4c34f9" executionId="fcf53f6c-03c2-48a6-b8e3-c37e0e6c4b2a" testListId="8c84fa94-04c1-424b-9868-57a2d4851a1d" />
    <TestEntry testId="eb32e687-21e1-4a37-9223-e8f582b31ddb" executionId="41cefa10-2f6c-4846-b1f0-75300c6cb843" testListId="8c84fa94-04c1-424b-9868-57a2d4851a1d" />
    <TestEntry testId="9b6e5329-a9af-436a-8147-2cd67d4bc8ee" executionId="02c1c7b3-7168-4040-9ffd-5cc7a9f237e6" testListId="8c84fa94-04c1-424b-9868-57a2d4851a1d" />
    <TestEntry testId="69f29c8d-13ca-4645-8ea2-615da4295ea0" executionId="70a7d96c-ed14-4b4f-9fbb-c2613fe2c44d" testListId="8c84fa94-04c1-424b-9868-57a2d4851a1d" />
    <TestEntry testId="4750e6e1-730e-46d4-a407-e3d81bc4d5b5" executionId="5365f917-a076-4d01-b66b-0a18b5f1e3fa" testListId="8c84fa94-04c1-424b-9868-57a2d4851a1d" />
    <TestEntry testId="40b59df2-d3c3-49d8-9344-8cc3b43e3f81" executionId="76cf6f65-511f-4dae-9560-f066a18c94d0" testListId="8c84fa94-04c1-424b-9868-57a2d4851a1d" />
    <TestEntry testId="f761a958-ed7c-4de7-9baa-1dd2183feb52" executionId="3bf65031-343b-406c-8388-a9634f4044e9" testListId="8c84fa94-04c1-424b-9868-57a2d4851a1d" />
    <TestEntry testId="15997767-b5a9-45d7-b48f-01bd20bc9c12" executionId="5b80558f-1363-4b8e-949d-55c65f789705" testListId="8c84fa94-04c1-424b-9868-57a2d4851a1d" />
    <TestEntry testId="9105d8b0-1204-4dbe-b0a7-deb4f92b125c" executionId="e761d969-b3e1-49a6-ae75-e6b01ffcdeb6" testListId="8c84fa94-04c1-424b-9868-57a2d4851a1d" />
    <TestEntry testId="1d90f17d-becc-4403-9534-08210eec8e5b" executionId="821bf440-e95a-4f64-b75e-73aaafeeaf32" testListId="8c84fa94-04c1-424b-9868-57a2d4851a1d" />
    <TestEntry testId="316ccd47-c457-443d-bba1-af678662ce20" executionId="3a0b30cc-9c2e-490a-ad43-8b1c0199ad87" testListId="8c84fa94-04c1-424b-9868-57a2d4851a1d" />
    <TestEntry testId="ccee983e-494f-4783-8534-c07619555f03" executionId="a4a12ba2-93df-461f-bacd-d6a5eed1cb60" testListId="8c84fa94-04c1-424b-9868-57a2d4851a1d" />
    <TestEntry testId="0f7b8ed9-0741-4228-8221-c4e5fa90d0b0" executionId="3a78d8a3-2443-42d5-a9b4-a0d02049f4e1" testListId="8c84fa94-04c1-424b-9868-57a2d4851a1d" />
    <TestEntry testId="f1eb2cee-e73b-465a-a060-f4dd5d8a83ba" executionId="3cafb412-5df4-4e4f-af27-ec95ffe30fb1" testListId="8c84fa94-04c1-424b-9868-57a2d4851a1d" />
    <TestEntry testId="68f6aa9e-bbd9-4bb5-976b-2fe1f955d327" executionId="5367403c-acda-44cf-839b-928d68a8e0d4" testListId="8c84fa94-04c1-424b-9868-57a2d4851a1d" />
    <TestEntry testId="7173a650-8834-4377-bc89-95bc1084e9bf" executionId="2fc1cfb8-cad5-44bf-a245-2ffdf104f8fb" testListId="8c84fa94-04c1-424b-9868-57a2d4851a1d" />
    <TestEntry testId="f4cdd879-a466-44cb-b7ee-236db622b7f6" executionId="f95b25cb-a686-45c1-a89b-102767a8fd7b" testListId="8c84fa94-04c1-424b-9868-57a2d4851a1d" />
    <TestEntry testId="3a6530e7-c281-4262-a592-993fe7eeee09" executionId="8bb9ca0e-0110-468c-839d-3ee2ba42b1ad" testListId="8c84fa94-04c1-424b-9868-57a2d4851a1d" />
    <TestEntry testId="e3c5f598-b37f-428c-bcc8-bb105f5bb08f" executionId="7264a9f1-c6ed-49fc-88d6-3882ad98e351" testListId="8c84fa94-04c1-424b-9868-57a2d4851a1d" />
    <TestEntry testId="78270332-0911-419c-b837-04c7b0db6434" executionId="2b1c6b97-9212-477e-aefa-a8830816a747" testListId="8c84fa94-04c1-424b-9868-57a2d4851a1d" />
    <TestEntry testId="f3ba1d36-5f64-428f-b372-01c55f273bd5" executionId="6f7a0023-c194-4cf6-bf8f-50be09b74abc" testListId="8c84fa94-04c1-424b-9868-57a2d4851a1d" />
    <TestEntry testId="bd8ed53b-bff2-4ecf-b909-87208149cb37" executionId="582b6f41-f0d7-41c4-a6d9-4807d2b20588" testListId="8c84fa94-04c1-424b-9868-57a2d4851a1d" />
    <TestEntry testId="873cd1a8-59e6-4905-982e-e5749b18b1a6" executionId="69b2bcd4-08bd-4491-a8b0-d5847cc98e00" testListId="8c84fa94-04c1-424b-9868-57a2d4851a1d" />
    <TestEntry testId="d417d92b-183e-42d2-a983-d4a51159ae7f" executionId="98602007-6cd4-43da-b569-cd3dc875f62d" testListId="8c84fa94-04c1-424b-9868-57a2d4851a1d" />
    <TestEntry testId="e02d7eb8-c18e-4861-a78a-bb2a1f132910" executionId="52c9b747-a454-41ed-bfc9-1429a9507a38" testListId="8c84fa94-04c1-424b-9868-57a2d4851a1d" />
    <TestEntry testId="f396908e-dc92-4370-a72c-322167b0a49a" executionId="52fa2669-53c9-4907-a3e3-35f56a7909e2" testListId="8c84fa94-04c1-424b-9868-57a2d4851a1d" />
    <TestEntry testId="43859ead-2cb5-4180-803a-7aa3f1f60410" executionId="97552da7-51a8-46b6-9261-30f907463b8a" testListId="8c84fa94-04c1-424b-9868-57a2d4851a1d" />
    <TestEntry testId="b7def311-beed-46d5-9de9-69ea92f5155c" executionId="493c407b-ddc8-4b07-89d5-129805a22651" testListId="8c84fa94-04c1-424b-9868-57a2d4851a1d" />
    <TestEntry testId="0386d5b8-765f-4745-8027-d87c595c78ed" executionId="54f79440-1e9e-4b16-9711-02a7a62307ef" testListId="8c84fa94-04c1-424b-9868-57a2d4851a1d" />
    <TestEntry testId="f318254e-f152-45a7-8494-8634e91710f6" executionId="834e73be-3da1-40bc-87d2-8754e4ddbc13" testListId="8c84fa94-04c1-424b-9868-57a2d4851a1d" />
    <TestEntry testId="00068aec-03b0-4031-820c-56ee6c53e43c" executionId="502bfb66-2695-421c-b4bc-8f748c5698bc" testListId="8c84fa94-04c1-424b-9868-57a2d4851a1d" />
    <TestEntry testId="ffa584bd-82ed-430d-8370-6c82c07e2b9a" executionId="acf54022-c84b-4f20-99a3-e77412f71d98" testListId="8c84fa94-04c1-424b-9868-57a2d4851a1d" />
    <TestEntry testId="a720d661-28ef-47f8-ac1a-7e70595887b4" executionId="ad87ea01-b353-4631-bf87-b862f5c9707f" testListId="8c84fa94-04c1-424b-9868-57a2d4851a1d" />
    <TestEntry testId="1637e800-210c-42a0-830a-31701e509654" executionId="adde29e7-ca4d-4897-b757-b11ca627de37" testListId="8c84fa94-04c1-424b-9868-57a2d4851a1d" />
    <TestEntry testId="9ab8de26-b8f7-44ed-bdae-c14734f68f4b" executionId="7aabbe72-af21-43bb-a1af-51122feee647" testListId="8c84fa94-04c1-424b-9868-57a2d4851a1d" />
    <TestEntry testId="044fb172-6db6-41e2-ad98-d9727e374106" executionId="24e3d104-017e-4436-ac1e-14a482467e2b" testListId="8c84fa94-04c1-424b-9868-57a2d4851a1d" />
    <TestEntry testId="ab6c9283-d0a2-45fd-bc51-c5a0f5f7bffd" executionId="e6001642-5aac-4e02-bb41-3e82b479d624" testListId="8c84fa94-04c1-424b-9868-57a2d4851a1d" />
    <TestEntry testId="3d3219b0-ae33-4b18-952f-63bcd93e8097" executionId="2b08428b-780d-4836-940f-e9258c3424ba" testListId="8c84fa94-04c1-424b-9868-57a2d4851a1d" />
    <TestEntry testId="d15add75-a85b-40ed-936a-8e0b5c1b8059" executionId="7424c02b-fc39-4b49-a8da-101e40be8386" testListId="8c84fa94-04c1-424b-9868-57a2d4851a1d" />
    <TestEntry testId="45826668-8987-4018-b2c6-172d8b7305d1" executionId="82c1fcca-50f1-42c6-8316-a51d9abd1d2a" testListId="8c84fa94-04c1-424b-9868-57a2d4851a1d" />
    <TestEntry testId="806a02a1-5d09-4681-953a-512439b861cc" executionId="43dda9fd-37a3-4f95-971e-6bbb5b3d2d9c" testListId="8c84fa94-04c1-424b-9868-57a2d4851a1d" />
    <TestEntry testId="93f69aff-0b00-41e8-a8f3-5bc6d57928e8" executionId="6c6683d2-516b-4fa7-8f8b-fb5f9714d4bf" testListId="8c84fa94-04c1-424b-9868-57a2d4851a1d" />
    <TestEntry testId="5a67123d-570b-4196-9c66-d27fd551e170" executionId="a4d4f023-2fd2-458b-b2f6-49ad4d29f054" testListId="8c84fa94-04c1-424b-9868-57a2d4851a1d" />
    <TestEntry testId="cd440fc0-3b76-4a42-ba17-1c4bac4ed666" executionId="c93430ed-93c1-4710-8562-2de1c83e469c" testListId="8c84fa94-04c1-424b-9868-57a2d4851a1d" />
    <TestEntry testId="4c86ed23-6161-4c0a-8b74-98586bb5d602" executionId="8b72e852-8340-4745-b3ee-51a916cbaad1" testListId="8c84fa94-04c1-424b-9868-57a2d4851a1d" />
    <TestEntry testId="e36f2850-748a-45f4-872e-acb7ace7b1cc" executionId="f74b76f4-da1b-4c3d-9b50-3120adfbfd92" testListId="8c84fa94-04c1-424b-9868-57a2d4851a1d" />
  </TestEntries>
  <TestLists>
    <TestList name="Results Not in a List" id="8c84fa94-04c1-424b-9868-57a2d4851a1d" />
    <TestList name="All Loaded Results" id="19431567-8539-422a-85d7-44ee4e166bda" />
  </TestLists>
  <ResultSummary outcome="Completed">
    <Counters total="1000" executed="1000" passed="1000" failed="0" error="0" timeout="0" aborted="0" inconclusive="0" passedButRunAborted="0" notRunnable="0" notExecuted="0" disconnected="0" warning="0" completed="0" inProgress="0" pending="0" />
  </ResultSummary>
</TestRun>